<?xml version="1.0" encoding="UTF-8"?>
<testsuites name="New Test Suite" time="3887" tests="14" failures="25" errors="0">
   <testsuite name="New Test Suite" tests="14" failures="25" errors="0" time="3887" timestamp="2019-02-18 15:59:19" hostname="Admin - Win7Test02" id="Test Suites/New Test Suite">
      <properties>
         <property name="deviceName" value=""/>
         <property name="devicePlatform" value=""/>
         <property name="logFolder" value="C:\\Users\\Admin\\Documents\\GitHub\\PKSKatalon\\PKS-EI-ES\\Reports\\New Test Suite\\20190218_155917"/>
         <property name="logFiles" value="C:\\Users\\Admin\\Documents\\GitHub\\PKSKatalon\\PKS-EI-ES\\Reports\\New Test Suite\\20190218_155917\\execution0.log"/>
         <property name="attachments" value="C:\\Users\\Admin\\Documents\\GitHub\\PKSKatalon\\PKS-EI-ES\\Reports\\New Test Suite\\20190218_155917\\1550478370390.png, C:\\Users\\Admin\\Documents\\GitHub\\PKSKatalon\\PKS-EI-ES\\Reports\\New Test Suite\\20190218_155917\\1550478483158.png, C:\\Users\\Admin\\Documents\\GitHub\\PKSKatalon\\PKS-EI-ES\\Reports\\New Test Suite\\20190218_155917\\1550478595330.png, C:\\Users\\Admin\\Documents\\GitHub\\PKSKatalon\\PKS-EI-ES\\Reports\\New Test Suite\\20190218_155917\\1550478706907.png, C:\\Users\\Admin\\Documents\\GitHub\\PKSKatalon\\PKS-EI-ES\\Reports\\New Test Suite\\20190218_155917\\1550478818497.png, C:\\Users\\Admin\\Documents\\GitHub\\PKSKatalon\\PKS-EI-ES\\Reports\\New Test Suite\\20190218_155917\\1550478931230.png, C:\\Users\\Admin\\Documents\\GitHub\\PKSKatalon\\PKS-EI-ES\\Reports\\New Test Suite\\20190218_155917\\1550479043383.png, C:\\Users\\Admin\\Documents\\GitHub\\PKSKatalon\\PKS-EI-ES\\Reports\\New Test Suite\\20190218_155917\\1550479154934.png, C:\\Users\\Admin\\Documents\\GitHub\\PKSKatalon\\PKS-EI-ES\\Reports\\New Test Suite\\20190218_155917\\1550479266981.png, C:\\Users\\Admin\\Documents\\GitHub\\PKSKatalon\\PKS-EI-ES\\Reports\\New Test Suite\\20190218_155917\\1550479325112.png, C:\\Users\\Admin\\Documents\\GitHub\\PKSKatalon\\PKS-EI-ES\\Reports\\New Test Suite\\20190218_155917\\1550479382298.png, C:\\Users\\Admin\\Documents\\GitHub\\PKSKatalon\\PKS-EI-ES\\Reports\\New Test Suite\\20190218_155917\\1550479468435.png, C:\\Users\\Admin\\Documents\\GitHub\\PKSKatalon\\PKS-EI-ES\\Reports\\New Test Suite\\20190218_155917\\1550479525974.png, C:\\Users\\Admin\\Documents\\GitHub\\PKSKatalon\\PKS-EI-ES\\Reports\\New Test Suite\\20190218_155917\\1550479637158.png, C:\\Users\\Admin\\Documents\\GitHub\\PKSKatalon\\PKS-EI-ES\\Reports\\New Test Suite\\20190218_155917\\1550479970785.png, C:\\Users\\Admin\\Documents\\GitHub\\PKSKatalon\\PKS-EI-ES\\Reports\\New Test Suite\\20190218_155917\\1550480083043.png, C:\\Users\\Admin\\Documents\\GitHub\\PKSKatalon\\PKS-EI-ES\\Reports\\New Test Suite\\20190218_155917\\1550480194885.png, C:\\Users\\Admin\\Documents\\GitHub\\PKSKatalon\\PKS-EI-ES\\Reports\\New Test Suite\\20190218_155917\\1550480306686.png, C:\\Users\\Admin\\Documents\\GitHub\\PKSKatalon\\PKS-EI-ES\\Reports\\New Test Suite\\20190218_155917\\1550480418873.png, C:\\Users\\Admin\\Documents\\GitHub\\PKSKatalon\\PKS-EI-ES\\Reports\\New Test Suite\\20190218_155917\\1550480530567.png, C:\\Users\\Admin\\Documents\\GitHub\\PKSKatalon\\PKS-EI-ES\\Reports\\New Test Suite\\20190218_155917\\1550480642729.png"/>
         <property name="hostName" value="Admin - Win7Test02"/>
         <property name="os" value="Windows 7 64bit"/>
         <property name="katalonVersion" value="5.10.1.1"/>
         <property name="browser" value="Chrome 72.0.3626.109"/>
         <property name="hostAddress" value="10.20.3.72"/>
         <property name="sessionId" value="676b36504d03be8cc58d4e1be63240b5"/>
         <property name="seleniumVersion" value="3.7.1"/>
         <property name="proxyInformation" value="ProxyInformation{proxyOption=NO_PROXY, proxyServerType=HTTP, password=, proxyServerAddress=, proxyServerPort=0}"/>
         <property name="platform" value="Windows 7"/>
      </properties>
      <testcase name="Test Cases/All TC/Arranged/0. Full Flow/Training/Decline/2 VO Search and Decline" classname="Test Cases/All TC/Arranged/0. Full Flow/Training/Decline/2 VO Search and Decline" status="PASSED">
         <system-out><![CDATA[2019-02-18 15:59:20 - [TEST_CASE][PASSED] - Test Cases/All TC/Arranged/0. Full Flow/Training/Decline/2 VO Search and Decline: Test Cases/All TC/Arranged/0. Full Flow/Training/Decline/2 VO Search and Decline

2019-02-18 15:59:20 - [TEST_STEP][PASSED] - callTestCase(findTestCase("All TC/Arranged/3. Unit/ES/VO Login"), [:], STOP_ON_FAILURE): Call Test Case 'Test Cases/All TC/Arranged/3. Unit/ES/VO Login' successfully

2019-02-18 15:59:20 - [TEST_CASE][PASSED] - Test Cases/All TC/Arranged/3. Unit/ES/VO Login: Test Cases/All TC/Arranged/3. Unit/ES/VO Login

2019-02-18 15:59:21 - [TEST_STEP][PASSED] - openBrowser(""): Browser is opened with url: ''

2019-02-18 15:59:21 - [MESSAGE][INFO] - Starting 'Chrome' driver

2019-02-18 15:59:21 - [MESSAGE][INFO] - User set preference: ['args', '[--start-maximized]']

2019-02-18 15:59:21 - [MESSAGE][INFO] - Action delay is set to 1 seconds

2019-02-18 15:59:27 - [MESSAGE][PASSED] - Browser is opened with url: ''

2019-02-18 15:59:27 - [TEST_STEP][PASSED] - navigateToUrl("http://10.20.24.188/eisportal/user/login"): Navigate to 'http://10.20.24.188/eisportal/user/login' successfully

2019-02-18 15:59:28 - [MESSAGE][PASSED] - Navigate to 'http://10.20.24.188/eisportal/user/login' successfully

2019-02-18 15:59:28 - [TEST_STEP][PASSED] - setText(findTestObject("Rizky/ESO Login/input_Terlupa Kata Laluan_j_us"), ""): Text '' is set on object 'Object Repository/Rizky/ESO Login/input_Terlupa Kata Laluan_j_us'

2019-02-18 15:59:33 - [MESSAGE][PASSED] - Text '' is set on object 'Object Repository/Rizky/ESO Login/input_Terlupa Kata Laluan_j_us'

2019-02-18 15:59:33 - [TEST_STEP][PASSED] - setText(findTestObject("Rizky/ESO Login/input_Terlupa Kata Laluan_j_us"), "nuramalina.zukri@perkeso.gov.my"): Text 'nuramalina.zukri@perkeso.gov.my' is set on object 'Object Repository/Rizky/ESO Login/input_Terlupa Kata Laluan_j_us'

2019-02-18 15:59:37 - [MESSAGE][PASSED] - Text 'nuramalina.zukri@perkeso.gov.my' is set on object 'Object Repository/Rizky/ESO Login/input_Terlupa Kata Laluan_j_us'

2019-02-18 15:59:37 - [TEST_STEP][PASSED] - setEncryptedText(findTestObject("Rizky/ESO Login/input_Terlupa Kata Laluan_j_pa"), "CQqwFZlbeC8="): Text ****** has been set on object 'Object Repository/Rizky/ESO Login/input_Terlupa Kata Laluan_j_pa'

2019-02-18 15:59:40 - [MESSAGE][PASSED] - Text ****** has been set on object 'Object Repository/Rizky/ESO Login/input_Terlupa Kata Laluan_j_pa'

2019-02-18 15:59:40 - [TEST_STEP][PASSED] - click(findTestObject("Rizky/ESO Login/input_Terlupa Kata Laluan_logi")): Object: 'Object Repository/Rizky/ESO Login/input_Terlupa Kata Laluan_logi' is clicked on

2019-02-18 15:59:44 - [MESSAGE][PASSED] - Object: 'Object Repository/Rizky/ESO Login/input_Terlupa Kata Laluan_logi' is clicked on

2019-02-18 15:59:44 - [MESSAGE][PASSED] - Call Test Case 'Test Cases/All TC/Arranged/3. Unit/ES/VO Login' successfully

2019-02-18 15:59:44 - [TEST_STEP][PASSED] - delay(2): Delayed 2 second(s)

2019-02-18 15:59:46 - [MESSAGE][PASSED] - Delayed 2 second(s)

2019-02-18 15:59:46 - [TEST_STEP][PASSED] - click(findTestObject("Rizky/VO Search and Aprove/Tindakan")): Object: 'Object Repository/Rizky/VO Search and Aprove/Tindakan' is clicked on

2019-02-18 15:59:48 - [MESSAGE][PASSED] - Object: 'Object Repository/Rizky/VO Search and Aprove/Tindakan' is clicked on

2019-02-18 15:59:48 - [TEST_STEP][PASSED] - click(findTestObject("Rizky/VO Search and Aprove/Tindakan-Kemaskini")): Object: 'Object Repository/Rizky/VO Search and Aprove/Tindakan-Kemaskini' is clicked on

2019-02-18 15:59:51 - [MESSAGE][PASSED] - Object: 'Object Repository/Rizky/VO Search and Aprove/Tindakan-Kemaskini' is clicked on

2019-02-18 15:59:51 - [TEST_STEP][PASSED] - delay(2): Delayed 2 second(s)

2019-02-18 15:59:53 - [MESSAGE][PASSED] - Delayed 2 second(s)

2019-02-18 15:59:53 - [TEST_STEP][PASSED] - click(findTestObject("Rizky/VO Search and Aprove/Jenis Keputusan")): Object: 'Object Repository/Rizky/VO Search and Aprove/Jenis Keputusan' is clicked on

2019-02-18 15:59:55 - [MESSAGE][PASSED] - Object: 'Object Repository/Rizky/VO Search and Aprove/Jenis Keputusan' is clicked on

2019-02-18 15:59:55 - [TEST_STEP][NOT_RUN] - click(findTestObject("Rizky/VO Search and Aprove/Jenis Keputusan-Maklumat Lengkap")): NOT_RUN: click(findTestObject("Rizky/VO Search and Aprove/Jenis Keputusan-Maklumat Lengkap"))

2019-02-18 15:59:55 - [MESSAGE][NOT_RUN] - NOT_RUN: click(findTestObject("Rizky/VO Search and Aprove/Jenis Keputusan-Maklumat Lengkap"))

2019-02-18 15:59:55 - [TEST_STEP][PASSED] - click(findTestObject("Rizky/VO Search and Decline/Jenis Keputusan-Maklumat Tidak Lengkap  Han")): Object: 'Object Repository/Rizky/VO Search and Decline/Jenis Keputusan-Maklumat Tidak Lengkap  Han' is clicked on

2019-02-18 15:59:57 - [MESSAGE][PASSED] - Object: 'Object Repository/Rizky/VO Search and Decline/Jenis Keputusan-Maklumat Tidak Lengkap  Han' is clicked on

2019-02-18 15:59:57 - [TEST_STEP][PASSED] - setText(findTestObject("Rizky/VO Search and Aprove/Catatan Pegawai Vokasional (Ibu Pejabat)"), "abc"): Text 'abc' is set on object 'Object Repository/Rizky/VO Search and Aprove/Catatan Pegawai Vokasional (Ibu Pejabat)'

2019-02-18 16:00:02 - [MESSAGE][PASSED] - Text 'abc' is set on object 'Object Repository/Rizky/VO Search and Aprove/Catatan Pegawai Vokasional (Ibu Pejabat)'

2019-02-18 16:00:02 - [TEST_STEP][PASSED] - delay(2): Delayed 2 second(s)

2019-02-18 16:00:04 - [MESSAGE][PASSED] - Delayed 2 second(s)

2019-02-18 16:00:04 - [TEST_STEP][PASSED] - verifyElementClickable(findTestObject("Rizky/VO Search and Aprove/Hantar")): Object 'Object Repository/Rizky/VO Search and Aprove/Hantar' is clickable

2019-02-18 16:00:06 - [MESSAGE][PASSED] - Object 'Object Repository/Rizky/VO Search and Aprove/Hantar' is clickable]]></system-out>
         <system-err><![CDATA[]]></system-err>
      </testcase>
      <testcase name="Test Cases/All TC/Arranged/0. Full Flow/Training/Decline/1 KU Search and Decline" classname="Test Cases/All TC/Arranged/0. Full Flow/Training/Decline/1 KU Search and Decline" status="PASSED">
         <system-out><![CDATA[2019-02-18 16:00:06 - [TEST_CASE][PASSED] - Test Cases/All TC/Arranged/0. Full Flow/Training/Decline/1 KU Search and Decline: Test Cases/All TC/Arranged/0. Full Flow/Training/Decline/1 KU Search and Decline

2019-02-18 16:00:06 - [TEST_STEP][PASSED] - callTestCase(findTestCase("All TC/Arranged/3. Unit/ES/KU Login"), [:], STOP_ON_FAILURE): Call Test Case 'Test Cases/All TC/Arranged/3. Unit/ES/KU Login' successfully

2019-02-18 16:00:06 - [TEST_CASE][PASSED] - Test Cases/All TC/Arranged/3. Unit/ES/KU Login: Test Cases/All TC/Arranged/3. Unit/ES/KU Login

2019-02-18 16:00:06 - [TEST_STEP][PASSED] - openBrowser(""): Browser is opened with url: ''

2019-02-18 16:00:06 - [MESSAGE][WARNING] - A browser is already opened. Closing browser and opening a new one

2019-02-18 16:00:08 - [MESSAGE][INFO] - Starting 'Chrome' driver

2019-02-18 16:00:08 - [MESSAGE][INFO] - User set preference: ['args', '[--start-maximized]']

2019-02-18 16:00:13 - [MESSAGE][PASSED] - Browser is opened with url: ''

2019-02-18 16:00:13 - [TEST_STEP][PASSED] - navigateToUrl("http://10.20.24.188/eisportal/user/login"): Navigate to 'http://10.20.24.188/eisportal/user/login' successfully

2019-02-18 16:00:14 - [MESSAGE][PASSED] - Navigate to 'http://10.20.24.188/eisportal/user/login' successfully

2019-02-18 16:00:14 - [TEST_STEP][PASSED] - setText(findTestObject("Rizky/ESO Login/input_Terlupa Kata Laluan_j_us"), ""): Text '' is set on object 'Object Repository/Rizky/ESO Login/input_Terlupa Kata Laluan_j_us'

2019-02-18 16:00:19 - [MESSAGE][PASSED] - Text '' is set on object 'Object Repository/Rizky/ESO Login/input_Terlupa Kata Laluan_j_us'

2019-02-18 16:00:19 - [TEST_STEP][PASSED] - setText(findTestObject("Rizky/ESO Login/input_Terlupa Kata Laluan_j_us"), "r.pannir@perkeso.gov.my"): Text 'r.pannir@perkeso.gov.my' is set on object 'Object Repository/Rizky/ESO Login/input_Terlupa Kata Laluan_j_us'

2019-02-18 16:00:23 - [MESSAGE][PASSED] - Text 'r.pannir@perkeso.gov.my' is set on object 'Object Repository/Rizky/ESO Login/input_Terlupa Kata Laluan_j_us'

2019-02-18 16:00:23 - [TEST_STEP][PASSED] - setEncryptedText(findTestObject("Rizky/ESO Login/input_Terlupa Kata Laluan_j_pa"), "CQqwFZlbeC8="): Text ****** has been set on object 'Object Repository/Rizky/ESO Login/input_Terlupa Kata Laluan_j_pa'

2019-02-18 16:00:26 - [MESSAGE][PASSED] - Text ****** has been set on object 'Object Repository/Rizky/ESO Login/input_Terlupa Kata Laluan_j_pa'

2019-02-18 16:00:26 - [TEST_STEP][PASSED] - click(findTestObject("Rizky/ESO Login/input_Terlupa Kata Laluan_logi")): Object: 'Object Repository/Rizky/ESO Login/input_Terlupa Kata Laluan_logi' is clicked on

2019-02-18 16:00:30 - [MESSAGE][PASSED] - Object: 'Object Repository/Rizky/ESO Login/input_Terlupa Kata Laluan_logi' is clicked on

2019-02-18 16:00:30 - [MESSAGE][PASSED] - Call Test Case 'Test Cases/All TC/Arranged/3. Unit/ES/KU Login' successfully

2019-02-18 16:00:30 - [TEST_STEP][PASSED] - click(findTestObject("Rizky/KU Search and Approve/Tindakan")): Object: 'Object Repository/Rizky/KU Search and Approve/Tindakan' is clicked on

2019-02-18 16:00:32 - [MESSAGE][PASSED] - Object: 'Object Repository/Rizky/KU Search and Approve/Tindakan' is clicked on

2019-02-18 16:00:32 - [TEST_STEP][PASSED] - click(findTestObject("Rizky/KU Search and Approve/Tindakan-Kemaskini")): Object: 'Object Repository/Rizky/KU Search and Approve/Tindakan-Kemaskini' is clicked on

2019-02-18 16:00:35 - [MESSAGE][PASSED] - Object: 'Object Repository/Rizky/KU Search and Approve/Tindakan-Kemaskini' is clicked on

2019-02-18 16:00:35 - [TEST_STEP][PASSED] - delay(2): Delayed 2 second(s)

2019-02-18 16:00:37 - [MESSAGE][PASSED] - Delayed 2 second(s)

2019-02-18 16:00:37 - [TEST_STEP][NOT_RUN] - click(findTestObject("Rizky/KU Search and Approve/Jenis Kelulusan")): NOT_RUN: click(findTestObject("Rizky/KU Search and Approve/Jenis Kelulusan"))

2019-02-18 16:00:37 - [MESSAGE][NOT_RUN] - NOT_RUN: click(findTestObject("Rizky/KU Search and Approve/Jenis Kelulusan"))

2019-02-18 16:00:37 - [TEST_STEP][NOT_RUN] - click(findTestObject("Rizky/KU Search and Approve/Jenis Kelulusan-Lulus")): NOT_RUN: click(findTestObject("Rizky/KU Search and Approve/Jenis Kelulusan-Lulus"))

2019-02-18 16:00:37 - [MESSAGE][NOT_RUN] - NOT_RUN: click(findTestObject("Rizky/KU Search and Approve/Jenis Kelulusan-Lulus"))

2019-02-18 16:00:37 - [TEST_STEP][NOT_RUN] - click(findTestObject("Rizky/KU Search and Decline/Jenis Kelulusan-Lain-lain")): NOT_RUN: click(findTestObject("Rizky/KU Search and Decline/Jenis Kelulusan-Lain-lain"))

2019-02-18 16:00:37 - [MESSAGE][NOT_RUN] - NOT_RUN: click(findTestObject("Rizky/KU Search and Decline/Jenis Kelulusan-Lain-lain"))

2019-02-18 16:00:37 - [TEST_STEP][NOT_RUN] - setText(findTestObject("Rizky/KU Search and Approve/Catatan Ketua Unit Vokasional"), "abcd"): NOT_RUN: setText(findTestObject("Rizky/KU Search and Approve/Catatan Ketua Unit Vokasional"), "abcd")

2019-02-18 16:00:37 - [MESSAGE][NOT_RUN] - NOT_RUN: setText(findTestObject("Rizky/KU Search and Approve/Catatan Ketua Unit Vokasional"), "abcd")

2019-02-18 16:00:37 - [TEST_STEP][PASSED] - click(findTestObject("Rizky/KU Search and Approve/Kes Baru")): Object: 'Object Repository/Rizky/KU Search and Approve/Kes Baru' is clicked on

2019-02-18 16:00:40 - [MESSAGE][PASSED] - Object: 'Object Repository/Rizky/KU Search and Approve/Kes Baru' is clicked on

2019-02-18 16:00:40 - [TEST_STEP][PASSED] - click(findTestObject("Rizky/KU Search and Approve/Kes Baru-Sedang Berkursus")): Object: 'Object Repository/Rizky/KU Search and Approve/Kes Baru-Sedang Berkursus' is clicked on

2019-02-18 16:00:42 - [MESSAGE][PASSED] - Object: 'Object Repository/Rizky/KU Search and Approve/Kes Baru-Sedang Berkursus' is clicked on

2019-02-18 16:00:42 - [TEST_STEP][PASSED] - click(findTestObject("Rizky/KU Search and Approve/Tarikh Mula")): Object: 'Object Repository/Rizky/KU Search and Approve/Tarikh Mula' is clicked on

2019-02-18 16:00:44 - [MESSAGE][PASSED] - Object: 'Object Repository/Rizky/KU Search and Approve/Tarikh Mula' is clicked on

2019-02-18 16:00:44 - [TEST_STEP][PASSED] - click(findTestObject("Rizky/KU Search and Approve/Tarikh Mula-18")): Object: 'Object Repository/Rizky/KU Search and Approve/Tarikh Mula-18' is clicked on

2019-02-18 16:00:46 - [MESSAGE][PASSED] - Object: 'Object Repository/Rizky/KU Search and Approve/Tarikh Mula-18' is clicked on

2019-02-18 16:00:46 - [TEST_STEP][PASSED] - delay(2): Delayed 2 second(s)

2019-02-18 16:00:48 - [MESSAGE][PASSED] - Delayed 2 second(s)

2019-02-18 16:00:48 - [TEST_STEP][NOT_RUN] - click(findTestObject("Rizky/KU Search and Approve/Tarikh Mula-Done")): NOT_RUN: click(findTestObject("Rizky/KU Search and Approve/Tarikh Mula-Done"))

2019-02-18 16:00:48 - [MESSAGE][NOT_RUN] - NOT_RUN: click(findTestObject("Rizky/KU Search and Approve/Tarikh Mula-Done"))

2019-02-18 16:00:48 - [TEST_STEP][PASSED] - delay(2): Delayed 2 second(s)

2019-02-18 16:00:50 - [MESSAGE][PASSED] - Delayed 2 second(s)

2019-02-18 16:00:50 - [TEST_STEP][PASSED] - click(findTestObject("Rizky/KU Search and Approve/Tarikh Tamat")): Object: 'Object Repository/Rizky/KU Search and Approve/Tarikh Tamat' is clicked on

2019-02-18 16:00:52 - [MESSAGE][PASSED] - Object: 'Object Repository/Rizky/KU Search and Approve/Tarikh Tamat' is clicked on

2019-02-18 16:00:52 - [TEST_STEP][PASSED] - click(findTestObject("Rizky/KU Search and Approve/Tarikh Tamat-19")): Object: 'Object Repository/Rizky/KU Search and Approve/Tarikh Tamat-19' is clicked on

2019-02-18 16:00:55 - [MESSAGE][PASSED] - Object: 'Object Repository/Rizky/KU Search and Approve/Tarikh Tamat-19' is clicked on

2019-02-18 16:00:55 - [TEST_STEP][PASSED] - delay(2): Delayed 2 second(s)

2019-02-18 16:00:57 - [MESSAGE][PASSED] - Delayed 2 second(s)

2019-02-18 16:00:57 - [TEST_STEP][NOT_RUN] - click(findTestObject("Rizky/KU Search and Approve/Tarikh Tamat-Done")): NOT_RUN: click(findTestObject("Rizky/KU Search and Approve/Tarikh Tamat-Done"))

2019-02-18 16:00:57 - [MESSAGE][NOT_RUN] - NOT_RUN: click(findTestObject("Rizky/KU Search and Approve/Tarikh Tamat-Done"))

2019-02-18 16:00:57 - [TEST_STEP][PASSED] - verifyElementClickable(findTestObject("Rizky/KU Search and Approve/Hantar")): Object 'Object Repository/Rizky/KU Search and Approve/Hantar' is clickable

2019-02-18 16:00:59 - [MESSAGE][PASSED] - Object 'Object Repository/Rizky/KU Search and Approve/Hantar' is clickable]]></system-out>
         <system-err><![CDATA[]]></system-err>
      </testcase>
      <testcase name="Test Cases/All TC/Arranged/0. Full Flow/Training/Approve/IP Apply" classname="Test Cases/All TC/Arranged/0. Full Flow/Training/Approve/IP Apply" status="PASSED">
         <system-out><![CDATA[2019-02-18 16:00:59 - [TEST_CASE][PASSED] - Test Cases/All TC/Arranged/0. Full Flow/Training/Approve/IP Apply: Test Cases/All TC/Arranged/0. Full Flow/Training/Approve/IP Apply

2019-02-18 16:00:59 - [TEST_STEP][PASSED] - callTestCase(findTestCase("All TC/Arranged/3. Unit/ES/IP Login"), [:], STOP_ON_FAILURE): Call Test Case 'Test Cases/All TC/Arranged/3. Unit/ES/IP Login' successfully

2019-02-18 16:00:59 - [TEST_CASE][PASSED] - Test Cases/All TC/Arranged/3. Unit/ES/IP Login: Test Cases/All TC/Arranged/3. Unit/ES/IP Login

2019-02-18 16:00:59 - [TEST_STEP][PASSED] - openBrowser(""): Browser is opened with url: ''

2019-02-18 16:00:59 - [MESSAGE][WARNING] - A browser is already opened. Closing browser and opening a new one

2019-02-18 16:01:01 - [MESSAGE][INFO] - Starting 'Chrome' driver

2019-02-18 16:01:01 - [MESSAGE][INFO] - User set preference: ['args', '[--start-maximized]']

2019-02-18 16:01:05 - [MESSAGE][PASSED] - Browser is opened with url: ''

2019-02-18 16:01:05 - [TEST_STEP][PASSED] - navigateToUrl(Public_Login): Navigate to 'http://10.20.24.188/eisportal/insured/login' successfully

2019-02-18 16:01:07 - [MESSAGE][PASSED] - Navigate to 'http://10.20.24.188/eisportal/insured/login' successfully

2019-02-18 16:01:07 - [TEST_STEP][PASSED] - setText(findTestObject("Rizky/IP Login/No Kad Pengenalan"), "950000140001"): Text '950000140001' is set on object 'Object Repository/Rizky/IP Login/No Kad Pengenalan'

2019-02-18 16:01:13 - [MESSAGE][PASSED] - Text '950000140001' is set on object 'Object Repository/Rizky/IP Login/No Kad Pengenalan'

2019-02-18 16:01:13 - [TEST_STEP][PASSED] - setEncryptedText(findTestObject("Rizky/IP Login/Kata Laluan"), "uBrzCyAcdaX+ojywdEz8Ig=="): Text ****** has been set on object 'Object Repository/Rizky/IP Login/Kata Laluan'

2019-02-18 16:01:16 - [MESSAGE][PASSED] - Text ****** has been set on object 'Object Repository/Rizky/IP Login/Kata Laluan'

2019-02-18 16:01:16 - [TEST_STEP][PASSED] - click(findTestObject("Rizky/IP Login/Log Masuk")): Object: 'Object Repository/Rizky/IP Login/Log Masuk' is clicked on

2019-02-18 16:01:20 - [MESSAGE][PASSED] - Object: 'Object Repository/Rizky/IP Login/Log Masuk' is clicked on

2019-02-18 16:01:20 - [MESSAGE][PASSED] - Call Test Case 'Test Cases/All TC/Arranged/3. Unit/ES/IP Login' successfully

2019-02-18 16:01:20 - [TEST_STEP][PASSED] - mouseOver(findTestObject("Rizky/IP Apply/Permohonan Latihan")): Object: 'Object Repository/Rizky/IP Apply/Permohonan Latihan' is hovered

2019-02-18 16:01:23 - [MESSAGE][PASSED] - Object: 'Object Repository/Rizky/IP Apply/Permohonan Latihan' is hovered

2019-02-18 16:01:23 - [TEST_STEP][PASSED] - click(findTestObject("Rizky/IP Apply/Permohonan Latihan-Latihan")): Object: 'Object Repository/Rizky/IP Apply/Permohonan Latihan-Latihan' is clicked on

2019-02-18 16:01:26 - [MESSAGE][PASSED] - Object: 'Object Repository/Rizky/IP Apply/Permohonan Latihan-Latihan' is clicked on

2019-02-18 16:01:26 - [TEST_STEP][PASSED] - delay(2): Delayed 2 second(s)

2019-02-18 16:01:28 - [MESSAGE][PASSED] - Delayed 2 second(s)

2019-02-18 16:01:28 - [TEST_STEP][PASSED] - setText(findTestObject("Rizky/IP Apply/Jawatan Terakhir"), "a"): Text 'a' is set on object 'Object Repository/Rizky/IP Apply/Jawatan Terakhir'

2019-02-18 16:01:32 - [MESSAGE][PASSED] - Text 'a' is set on object 'Object Repository/Rizky/IP Apply/Jawatan Terakhir'

2019-02-18 16:01:32 - [TEST_STEP][PASSED] - setText(findTestObject("Rizky/IP Apply/Gaji Terakhir"), "1"): Text '1' is set on object 'Object Repository/Rizky/IP Apply/Gaji Terakhir'

2019-02-18 16:01:37 - [MESSAGE][PASSED] - Text '1' is set on object 'Object Repository/Rizky/IP Apply/Gaji Terakhir'

2019-02-18 16:01:37 - [TEST_STEP][PASSED] - click(findTestObject("Rizky/IP Apply/Ujian Psikometrik -")): Object: 'Object Repository/Rizky/IP Apply/Ujian Psikometrik -' is clicked on

2019-02-18 16:01:39 - [MESSAGE][PASSED] - Object: 'Object Repository/Rizky/IP Apply/Ujian Psikometrik -' is clicked on

2019-02-18 16:01:39 - [TEST_STEP][PASSED] - click(findTestObject("Rizky/IP Apply/Ujian Psikometrik - Realistic")): Object: 'Object Repository/Rizky/IP Apply/Ujian Psikometrik - Realistic' is clicked on

2019-02-18 16:01:41 - [MESSAGE][PASSED] - Object: 'Object Repository/Rizky/IP Apply/Ujian Psikometrik - Realistic' is clicked on

2019-02-18 16:01:41 - [TEST_STEP][PASSED] - click(findTestObject("Rizky/IP Apply/Institut")): Object: 'Object Repository/Rizky/IP Apply/Institut' is clicked on

2019-02-18 16:01:43 - [MESSAGE][PASSED] - Object: 'Object Repository/Rizky/IP Apply/Institut' is clicked on

2019-02-18 16:01:43 - [TEST_STEP][PASSED] - click(findTestObject("Rizky/IP Apply/Institut-NIOSH HQ (BANGI)")): Object: 'Object Repository/Rizky/IP Apply/Institut-NIOSH HQ (BANGI)' is clicked on

2019-02-18 16:01:45 - [MESSAGE][PASSED] - Object: 'Object Repository/Rizky/IP Apply/Institut-NIOSH HQ (BANGI)' is clicked on

2019-02-18 16:01:45 - [TEST_STEP][PASSED] - delay(2): Delayed 2 second(s)

2019-02-18 16:01:47 - [MESSAGE][PASSED] - Delayed 2 second(s)

2019-02-18 16:01:47 - [TEST_STEP][PASSED] - click(findTestObject("Rizky/IP Apply/Nama Kursus")): Object: 'Object Repository/Rizky/IP Apply/Nama Kursus' is clicked on

2019-02-18 16:01:50 - [MESSAGE][PASSED] - Object: 'Object Repository/Rizky/IP Apply/Nama Kursus' is clicked on

2019-02-18 16:01:50 - [TEST_STEP][PASSED] - click(findTestObject("Rizky/IP Apply/Nama Kursus-Safety and Health Officer (")): Object: 'Object Repository/Rizky/IP Apply/Nama Kursus-Safety and Health Officer (' is clicked on

2019-02-18 16:01:52 - [MESSAGE][PASSED] - Object: 'Object Repository/Rizky/IP Apply/Nama Kursus-Safety and Health Officer (' is clicked on

2019-02-18 16:01:52 - [TEST_STEP][PASSED] - click(findTestObject("Rizky/IP Apply/Hantar")): Object: 'Object Repository/Rizky/IP Apply/Hantar' is clicked on

2019-02-18 16:01:54 - [MESSAGE][PASSED] - Object: 'Object Repository/Rizky/IP Apply/Hantar' is clicked on]]></system-out>
         <system-err><![CDATA[]]></system-err>
      </testcase>
      <testcase name="Test Cases/All TC/Arranged/0. Full Flow/Training/Approve/6 KU Search and update date" classname="Test Cases/All TC/Arranged/0. Full Flow/Training/Approve/6 KU Search and update date" status="PASSED">
         <system-out><![CDATA[2019-02-18 16:01:54 - [TEST_CASE][PASSED] - Test Cases/All TC/Arranged/0. Full Flow/Training/Approve/6 KU Search and update date: Test Cases/All TC/Arranged/0. Full Flow/Training/Approve/6 KU Search and update date

2019-02-18 16:01:55 - [TEST_STEP][PASSED] - callTestCase(findTestCase("All TC/Arranged/3. Unit/ES/KU Login"), [:], STOP_ON_FAILURE): Call Test Case 'Test Cases/All TC/Arranged/3. Unit/ES/KU Login' successfully

2019-02-18 16:01:55 - [TEST_CASE][PASSED] - Test Cases/All TC/Arranged/3. Unit/ES/KU Login: Test Cases/All TC/Arranged/3. Unit/ES/KU Login

2019-02-18 16:01:55 - [TEST_STEP][PASSED] - openBrowser(""): Browser is opened with url: ''

2019-02-18 16:01:55 - [MESSAGE][WARNING] - A browser is already opened. Closing browser and opening a new one

2019-02-18 16:01:56 - [MESSAGE][INFO] - Starting 'Chrome' driver

2019-02-18 16:01:56 - [MESSAGE][INFO] - User set preference: ['args', '[--start-maximized]']

2019-02-18 16:02:01 - [MESSAGE][PASSED] - Browser is opened with url: ''

2019-02-18 16:02:01 - [TEST_STEP][PASSED] - navigateToUrl("http://10.20.24.188/eisportal/user/login"): Navigate to 'http://10.20.24.188/eisportal/user/login' successfully

2019-02-18 16:02:02 - [MESSAGE][PASSED] - Navigate to 'http://10.20.24.188/eisportal/user/login' successfully

2019-02-18 16:02:02 - [TEST_STEP][PASSED] - setText(findTestObject("Rizky/ESO Login/input_Terlupa Kata Laluan_j_us"), ""): Text '' is set on object 'Object Repository/Rizky/ESO Login/input_Terlupa Kata Laluan_j_us'

2019-02-18 16:02:08 - [MESSAGE][PASSED] - Text '' is set on object 'Object Repository/Rizky/ESO Login/input_Terlupa Kata Laluan_j_us'

2019-02-18 16:02:08 - [TEST_STEP][PASSED] - setText(findTestObject("Rizky/ESO Login/input_Terlupa Kata Laluan_j_us"), "r.pannir@perkeso.gov.my"): Text 'r.pannir@perkeso.gov.my' is set on object 'Object Repository/Rizky/ESO Login/input_Terlupa Kata Laluan_j_us'

2019-02-18 16:02:13 - [MESSAGE][PASSED] - Text 'r.pannir@perkeso.gov.my' is set on object 'Object Repository/Rizky/ESO Login/input_Terlupa Kata Laluan_j_us'

2019-02-18 16:02:13 - [TEST_STEP][PASSED] - setEncryptedText(findTestObject("Rizky/ESO Login/input_Terlupa Kata Laluan_j_pa"), "CQqwFZlbeC8="): Text ****** has been set on object 'Object Repository/Rizky/ESO Login/input_Terlupa Kata Laluan_j_pa'

2019-02-18 16:02:16 - [MESSAGE][PASSED] - Text ****** has been set on object 'Object Repository/Rizky/ESO Login/input_Terlupa Kata Laluan_j_pa'

2019-02-18 16:02:16 - [TEST_STEP][PASSED] - click(findTestObject("Rizky/ESO Login/input_Terlupa Kata Laluan_logi")): Object: 'Object Repository/Rizky/ESO Login/input_Terlupa Kata Laluan_logi' is clicked on

2019-02-18 16:02:26 - [MESSAGE][PASSED] - Object: 'Object Repository/Rizky/ESO Login/input_Terlupa Kata Laluan_logi' is clicked on

2019-02-18 16:02:26 - [MESSAGE][PASSED] - Call Test Case 'Test Cases/All TC/Arranged/3. Unit/ES/KU Login' successfully

2019-02-18 16:02:26 - [TEST_STEP][PASSED] - click(findTestObject("Rizky/KU Search and update date/Tindakan")): Object: 'Object Repository/Rizky/KU Search and update date/Tindakan' is clicked on

2019-02-18 16:02:29 - [MESSAGE][PASSED] - Object: 'Object Repository/Rizky/KU Search and update date/Tindakan' is clicked on

2019-02-18 16:02:29 - [TEST_STEP][PASSED] - click(findTestObject("Rizky/KU Search and update date/Tindakan-Kemaskini")): Object: 'Object Repository/Rizky/KU Search and update date/Tindakan-Kemaskini' is clicked on

2019-02-18 16:02:32 - [MESSAGE][PASSED] - Object: 'Object Repository/Rizky/KU Search and update date/Tindakan-Kemaskini' is clicked on

2019-02-18 16:02:32 - [TEST_STEP][PASSED] - delay(2): Delayed 2 second(s)

2019-02-18 16:02:34 - [MESSAGE][PASSED] - Delayed 2 second(s)

2019-02-18 16:02:34 - [TEST_STEP][PASSED] - click(findTestObject("Rizky/KU Search and update date/Tarikh Mula")): Object: 'Object Repository/Rizky/KU Search and update date/Tarikh Mula' is clicked on

2019-02-18 16:02:36 - [MESSAGE][PASSED] - Object: 'Object Repository/Rizky/KU Search and update date/Tarikh Mula' is clicked on

2019-02-18 16:02:36 - [TEST_STEP][PASSED] - click(findTestObject("Rizky/KU Search and update date/Tarikh Mula-18")): Object: 'Object Repository/Rizky/KU Search and update date/Tarikh Mula-18' is clicked on

2019-02-18 16:02:38 - [MESSAGE][PASSED] - Object: 'Object Repository/Rizky/KU Search and update date/Tarikh Mula-18' is clicked on

2019-02-18 16:02:38 - [TEST_STEP][NOT_RUN] - click(findTestObject("Rizky/KU Search and update date/Tarikh Mula-Done")): NOT_RUN: click(findTestObject("Rizky/KU Search and update date/Tarikh Mula-Done"))

2019-02-18 16:02:38 - [MESSAGE][NOT_RUN] - NOT_RUN: click(findTestObject("Rizky/KU Search and update date/Tarikh Mula-Done"))

2019-02-18 16:02:38 - [TEST_STEP][PASSED] - click(findTestObject("Rizky/KU Search and update date/Tarikh Tamat")): Object: 'Object Repository/Rizky/KU Search and update date/Tarikh Tamat' is clicked on

2019-02-18 16:02:41 - [MESSAGE][PASSED] - Object: 'Object Repository/Rizky/KU Search and update date/Tarikh Tamat' is clicked on

2019-02-18 16:02:41 - [TEST_STEP][PASSED] - click(findTestObject("Rizky/KU Search and update date/Tarikh Tamat-19")): Object: 'Object Repository/Rizky/KU Search and update date/Tarikh Tamat-19' is clicked on

2019-02-18 16:02:43 - [MESSAGE][PASSED] - Object: 'Object Repository/Rizky/KU Search and update date/Tarikh Tamat-19' is clicked on

2019-02-18 16:02:43 - [TEST_STEP][NOT_RUN] - click(findTestObject("Rizky/KU Search and update date/Tarikh Tamat-Done")): NOT_RUN: click(findTestObject("Rizky/KU Search and update date/Tarikh Tamat-Done"))

2019-02-18 16:02:43 - [MESSAGE][NOT_RUN] - NOT_RUN: click(findTestObject("Rizky/KU Search and update date/Tarikh Tamat-Done"))

2019-02-18 16:02:43 - [TEST_STEP][PASSED] - verifyElementClickable(findTestObject("Rizky/KU Search and update date/Hantar")): Object 'Object Repository/Rizky/KU Search and update date/Hantar' is clickable

2019-02-18 16:02:45 - [MESSAGE][PASSED] - Object 'Object Repository/Rizky/KU Search and update date/Hantar' is clickable]]></system-out>
         <system-err><![CDATA[]]></system-err>
      </testcase>
      <testcase name="Test Cases/All TC/Arranged/0. Full Flow/Training/Approve/5 KU Search and change status to ongoing" classname="Test Cases/All TC/Arranged/0. Full Flow/Training/Approve/5 KU Search and change status to ongoing" status="PASSED">
         <system-out><![CDATA[2019-02-18 16:02:45 - [TEST_CASE][PASSED] - Test Cases/All TC/Arranged/0. Full Flow/Training/Approve/5 KU Search and change status to ongoing: Test Cases/All TC/Arranged/0. Full Flow/Training/Approve/5 KU Search and change status to ongoing

2019-02-18 16:02:45 - [TEST_STEP][PASSED] - callTestCase(findTestCase("All TC/Arranged/3. Unit/ES/KU Login"), [:], STOP_ON_FAILURE): Call Test Case 'Test Cases/All TC/Arranged/3. Unit/ES/KU Login' successfully

2019-02-18 16:02:45 - [TEST_CASE][PASSED] - Test Cases/All TC/Arranged/3. Unit/ES/KU Login: Test Cases/All TC/Arranged/3. Unit/ES/KU Login

2019-02-18 16:02:45 - [TEST_STEP][PASSED] - openBrowser(""): Browser is opened with url: ''

2019-02-18 16:02:45 - [MESSAGE][WARNING] - A browser is already opened. Closing browser and opening a new one

2019-02-18 16:02:47 - [MESSAGE][INFO] - Starting 'Chrome' driver

2019-02-18 16:02:47 - [MESSAGE][INFO] - User set preference: ['args', '[--start-maximized]']

2019-02-18 16:02:53 - [MESSAGE][PASSED] - Browser is opened with url: ''

2019-02-18 16:02:53 - [TEST_STEP][PASSED] - navigateToUrl("http://10.20.24.188/eisportal/user/login"): Navigate to 'http://10.20.24.188/eisportal/user/login' successfully

2019-02-18 16:02:55 - [MESSAGE][PASSED] - Navigate to 'http://10.20.24.188/eisportal/user/login' successfully

2019-02-18 16:02:55 - [TEST_STEP][PASSED] - setText(findTestObject("Rizky/ESO Login/input_Terlupa Kata Laluan_j_us"), ""): Text '' is set on object 'Object Repository/Rizky/ESO Login/input_Terlupa Kata Laluan_j_us'

2019-02-18 16:02:59 - [MESSAGE][PASSED] - Text '' is set on object 'Object Repository/Rizky/ESO Login/input_Terlupa Kata Laluan_j_us'

2019-02-18 16:02:59 - [TEST_STEP][PASSED] - setText(findTestObject("Rizky/ESO Login/input_Terlupa Kata Laluan_j_us"), "r.pannir@perkeso.gov.my"): Text 'r.pannir@perkeso.gov.my' is set on object 'Object Repository/Rizky/ESO Login/input_Terlupa Kata Laluan_j_us'

2019-02-18 16:03:04 - [MESSAGE][PASSED] - Text 'r.pannir@perkeso.gov.my' is set on object 'Object Repository/Rizky/ESO Login/input_Terlupa Kata Laluan_j_us'

2019-02-18 16:03:04 - [TEST_STEP][PASSED] - setEncryptedText(findTestObject("Rizky/ESO Login/input_Terlupa Kata Laluan_j_pa"), "CQqwFZlbeC8="): Text ****** has been set on object 'Object Repository/Rizky/ESO Login/input_Terlupa Kata Laluan_j_pa'

2019-02-18 16:03:07 - [MESSAGE][PASSED] - Text ****** has been set on object 'Object Repository/Rizky/ESO Login/input_Terlupa Kata Laluan_j_pa'

2019-02-18 16:03:07 - [TEST_STEP][PASSED] - click(findTestObject("Rizky/ESO Login/input_Terlupa Kata Laluan_logi")): Object: 'Object Repository/Rizky/ESO Login/input_Terlupa Kata Laluan_logi' is clicked on

2019-02-18 16:03:10 - [MESSAGE][PASSED] - Object: 'Object Repository/Rizky/ESO Login/input_Terlupa Kata Laluan_logi' is clicked on

2019-02-18 16:03:10 - [MESSAGE][PASSED] - Call Test Case 'Test Cases/All TC/Arranged/3. Unit/ES/KU Login' successfully

2019-02-18 16:03:10 - [TEST_STEP][PASSED] - click(findTestObject("Rizky/KU Search and change status to ongoing/Tindakan")): Object: 'Object Repository/Rizky/KU Search and change status to ongoing/Tindakan' is clicked on

2019-02-18 16:03:12 - [MESSAGE][PASSED] - Object: 'Object Repository/Rizky/KU Search and change status to ongoing/Tindakan' is clicked on

2019-02-18 16:03:12 - [TEST_STEP][PASSED] - click(findTestObject("Rizky/KU Search and change status to ongoing/Tindakan-Kemaskini")): Object: 'Object Repository/Rizky/KU Search and change status to ongoing/Tindakan-Kemaskini' is clicked on

2019-02-18 16:03:16 - [MESSAGE][PASSED] - Object: 'Object Repository/Rizky/KU Search and change status to ongoing/Tindakan-Kemaskini' is clicked on

2019-02-18 16:03:16 - [TEST_STEP][PASSED] - delay(2): Delayed 2 second(s)

2019-02-18 16:03:18 - [MESSAGE][PASSED] - Delayed 2 second(s)

2019-02-18 16:03:18 - [TEST_STEP][PASSED] - click(findTestObject("Rizky/KU Search and change status to ongoing/Kes Baru")): Object: 'Object Repository/Rizky/KU Search and change status to ongoing/Kes Baru' is clicked on

2019-02-18 16:03:20 - [MESSAGE][PASSED] - Object: 'Object Repository/Rizky/KU Search and change status to ongoing/Kes Baru' is clicked on

2019-02-18 16:03:20 - [TEST_STEP][PASSED] - click(findTestObject("Rizky/KU Search and change status to ongoing/Kes Baru-Sedang Berkursus")): Object: 'Object Repository/Rizky/KU Search and change status to ongoing/Kes Baru-Sedang Berkursus' is clicked on

2019-02-18 16:03:22 - [MESSAGE][PASSED] - Object: 'Object Repository/Rizky/KU Search and change status to ongoing/Kes Baru-Sedang Berkursus' is clicked on

2019-02-18 16:03:22 - [TEST_STEP][PASSED] - verifyElementClickable(findTestObject("Rizky/KU Search and change status to ongoing/Hantar")): Object 'Object Repository/Rizky/KU Search and change status to ongoing/Hantar' is clickable

2019-02-18 16:03:24 - [MESSAGE][PASSED] - Object 'Object Repository/Rizky/KU Search and change status to ongoing/Hantar' is clickable]]></system-out>
         <system-err><![CDATA[]]></system-err>
      </testcase>
      <testcase name="Test Cases/All TC/Arranged/0. Full Flow/Training/Approve/4 KU Search and Approve" classname="Test Cases/All TC/Arranged/0. Full Flow/Training/Approve/4 KU Search and Approve" status="PASSED">
         <system-out><![CDATA[2019-02-18 16:03:24 - [TEST_CASE][PASSED] - Test Cases/All TC/Arranged/0. Full Flow/Training/Approve/4 KU Search and Approve: Test Cases/All TC/Arranged/0. Full Flow/Training/Approve/4 KU Search and Approve

2019-02-18 16:03:24 - [TEST_STEP][PASSED] - callTestCase(findTestCase("All TC/Arranged/3. Unit/ES/KU Login"), [:], STOP_ON_FAILURE): Call Test Case 'Test Cases/All TC/Arranged/3. Unit/ES/KU Login' successfully

2019-02-18 16:03:24 - [TEST_CASE][PASSED] - Test Cases/All TC/Arranged/3. Unit/ES/KU Login: Test Cases/All TC/Arranged/3. Unit/ES/KU Login

2019-02-18 16:03:24 - [TEST_STEP][PASSED] - openBrowser(""): Browser is opened with url: ''

2019-02-18 16:03:24 - [MESSAGE][WARNING] - A browser is already opened. Closing browser and opening a new one

2019-02-18 16:03:26 - [MESSAGE][INFO] - Starting 'Chrome' driver

2019-02-18 16:03:26 - [MESSAGE][INFO] - User set preference: ['args', '[--start-maximized]']

2019-02-18 16:03:30 - [MESSAGE][PASSED] - Browser is opened with url: ''

2019-02-18 16:03:30 - [TEST_STEP][PASSED] - navigateToUrl("http://10.20.24.188/eisportal/user/login"): Navigate to 'http://10.20.24.188/eisportal/user/login' successfully

2019-02-18 16:03:32 - [MESSAGE][PASSED] - Navigate to 'http://10.20.24.188/eisportal/user/login' successfully

2019-02-18 16:03:32 - [TEST_STEP][PASSED] - setText(findTestObject("Rizky/ESO Login/input_Terlupa Kata Laluan_j_us"), ""): Text '' is set on object 'Object Repository/Rizky/ESO Login/input_Terlupa Kata Laluan_j_us'

2019-02-18 16:03:36 - [MESSAGE][PASSED] - Text '' is set on object 'Object Repository/Rizky/ESO Login/input_Terlupa Kata Laluan_j_us'

2019-02-18 16:03:36 - [TEST_STEP][PASSED] - setText(findTestObject("Rizky/ESO Login/input_Terlupa Kata Laluan_j_us"), "r.pannir@perkeso.gov.my"): Text 'r.pannir@perkeso.gov.my' is set on object 'Object Repository/Rizky/ESO Login/input_Terlupa Kata Laluan_j_us'

2019-02-18 16:03:40 - [MESSAGE][PASSED] - Text 'r.pannir@perkeso.gov.my' is set on object 'Object Repository/Rizky/ESO Login/input_Terlupa Kata Laluan_j_us'

2019-02-18 16:03:40 - [TEST_STEP][PASSED] - setEncryptedText(findTestObject("Rizky/ESO Login/input_Terlupa Kata Laluan_j_pa"), "CQqwFZlbeC8="): Text ****** has been set on object 'Object Repository/Rizky/ESO Login/input_Terlupa Kata Laluan_j_pa'

2019-02-18 16:03:44 - [MESSAGE][PASSED] - Text ****** has been set on object 'Object Repository/Rizky/ESO Login/input_Terlupa Kata Laluan_j_pa'

2019-02-18 16:03:44 - [TEST_STEP][PASSED] - click(findTestObject("Rizky/ESO Login/input_Terlupa Kata Laluan_logi")): Object: 'Object Repository/Rizky/ESO Login/input_Terlupa Kata Laluan_logi' is clicked on

2019-02-18 16:03:47 - [MESSAGE][PASSED] - Object: 'Object Repository/Rizky/ESO Login/input_Terlupa Kata Laluan_logi' is clicked on

2019-02-18 16:03:47 - [MESSAGE][PASSED] - Call Test Case 'Test Cases/All TC/Arranged/3. Unit/ES/KU Login' successfully

2019-02-18 16:03:47 - [TEST_STEP][PASSED] - click(findTestObject("Rizky/KU Search and Approve/Tindakan")): Object: 'Object Repository/Rizky/KU Search and Approve/Tindakan' is clicked on

2019-02-18 16:03:49 - [MESSAGE][PASSED] - Object: 'Object Repository/Rizky/KU Search and Approve/Tindakan' is clicked on

2019-02-18 16:03:49 - [TEST_STEP][PASSED] - click(findTestObject("Rizky/KU Search and Approve/Tindakan-Kemaskini")): Object: 'Object Repository/Rizky/KU Search and Approve/Tindakan-Kemaskini' is clicked on

2019-02-18 16:03:52 - [MESSAGE][PASSED] - Object: 'Object Repository/Rizky/KU Search and Approve/Tindakan-Kemaskini' is clicked on

2019-02-18 16:03:52 - [TEST_STEP][PASSED] - delay(2): Delayed 2 second(s)

2019-02-18 16:03:54 - [MESSAGE][PASSED] - Delayed 2 second(s)

2019-02-18 16:03:54 - [TEST_STEP][NOT_RUN] - click(findTestObject("Rizky/KU Search and Approve/Jenis Kelulusan")): NOT_RUN: click(findTestObject("Rizky/KU Search and Approve/Jenis Kelulusan"))

2019-02-18 16:03:54 - [MESSAGE][NOT_RUN] - NOT_RUN: click(findTestObject("Rizky/KU Search and Approve/Jenis Kelulusan"))

2019-02-18 16:03:54 - [TEST_STEP][NOT_RUN] - click(findTestObject("Rizky/KU Search and Approve/Jenis Kelulusan-Lulus")): NOT_RUN: click(findTestObject("Rizky/KU Search and Approve/Jenis Kelulusan-Lulus"))

2019-02-18 16:03:54 - [MESSAGE][NOT_RUN] - NOT_RUN: click(findTestObject("Rizky/KU Search and Approve/Jenis Kelulusan-Lulus"))

2019-02-18 16:03:54 - [TEST_STEP][NOT_RUN] - setText(findTestObject("Rizky/KU Search and Approve/Catatan Ketua Unit Vokasional"), "abcd"): NOT_RUN: setText(findTestObject("Rizky/KU Search and Approve/Catatan Ketua Unit Vokasional"), "abcd")

2019-02-18 16:03:54 - [MESSAGE][NOT_RUN] - NOT_RUN: setText(findTestObject("Rizky/KU Search and Approve/Catatan Ketua Unit Vokasional"), "abcd")

2019-02-18 16:03:54 - [TEST_STEP][PASSED] - click(findTestObject("Rizky/KU Search and Approve/Kes Baru")): Object: 'Object Repository/Rizky/KU Search and Approve/Kes Baru' is clicked on

2019-02-18 16:03:56 - [MESSAGE][PASSED] - Object: 'Object Repository/Rizky/KU Search and Approve/Kes Baru' is clicked on

2019-02-18 16:03:56 - [TEST_STEP][PASSED] - click(findTestObject("Rizky/KU Search and Approve/Kes Baru-Sedang Berkursus")): Object: 'Object Repository/Rizky/KU Search and Approve/Kes Baru-Sedang Berkursus' is clicked on

2019-02-18 16:03:59 - [MESSAGE][PASSED] - Object: 'Object Repository/Rizky/KU Search and Approve/Kes Baru-Sedang Berkursus' is clicked on

2019-02-18 16:03:59 - [TEST_STEP][PASSED] - click(findTestObject("Rizky/KU Search and Approve/Tarikh Mula")): Object: 'Object Repository/Rizky/KU Search and Approve/Tarikh Mula' is clicked on

2019-02-18 16:04:01 - [MESSAGE][PASSED] - Object: 'Object Repository/Rizky/KU Search and Approve/Tarikh Mula' is clicked on

2019-02-18 16:04:01 - [TEST_STEP][PASSED] - click(findTestObject("Rizky/KU Search and Approve/Tarikh Mula-18")): Object: 'Object Repository/Rizky/KU Search and Approve/Tarikh Mula-18' is clicked on

2019-02-18 16:04:03 - [MESSAGE][PASSED] - Object: 'Object Repository/Rizky/KU Search and Approve/Tarikh Mula-18' is clicked on

2019-02-18 16:04:03 - [TEST_STEP][NOT_RUN] - click(findTestObject("Rizky/KU Search and Approve/Tarikh Mula-Done")): NOT_RUN: click(findTestObject("Rizky/KU Search and Approve/Tarikh Mula-Done"))

2019-02-18 16:04:03 - [MESSAGE][NOT_RUN] - NOT_RUN: click(findTestObject("Rizky/KU Search and Approve/Tarikh Mula-Done"))

2019-02-18 16:04:03 - [TEST_STEP][PASSED] - click(findTestObject("Rizky/KU Search and Approve/Tarikh Tamat")): Object: 'Object Repository/Rizky/KU Search and Approve/Tarikh Tamat' is clicked on

2019-02-18 16:04:05 - [MESSAGE][PASSED] - Object: 'Object Repository/Rizky/KU Search and Approve/Tarikh Tamat' is clicked on

2019-02-18 16:04:05 - [TEST_STEP][PASSED] - click(findTestObject("Rizky/KU Search and Approve/Tarikh Tamat-19")): Object: 'Object Repository/Rizky/KU Search and Approve/Tarikh Tamat-19' is clicked on

2019-02-18 16:04:07 - [MESSAGE][PASSED] - Object: 'Object Repository/Rizky/KU Search and Approve/Tarikh Tamat-19' is clicked on

2019-02-18 16:04:07 - [TEST_STEP][NOT_RUN] - click(findTestObject("Rizky/KU Search and Approve/Tarikh Tamat-Done")): NOT_RUN: click(findTestObject("Rizky/KU Search and Approve/Tarikh Tamat-Done"))

2019-02-18 16:04:07 - [MESSAGE][NOT_RUN] - NOT_RUN: click(findTestObject("Rizky/KU Search and Approve/Tarikh Tamat-Done"))

2019-02-18 16:04:07 - [TEST_STEP][PASSED] - verifyElementClickable(findTestObject("Rizky/KU Search and Approve/Hantar")): Object 'Object Repository/Rizky/KU Search and Approve/Hantar' is clickable

2019-02-18 16:04:09 - [MESSAGE][PASSED] - Object 'Object Repository/Rizky/KU Search and Approve/Hantar' is clickable]]></system-out>
         <system-err><![CDATA[]]></system-err>
      </testcase>
      <testcase name="Test Cases/All TC/Arranged/0. Full Flow/Training/Approve/3v2 VO Seach and Reject" classname="Test Cases/All TC/Arranged/0. Full Flow/Training/Approve/3v2 VO Seach and Reject" status="PASSED">
         <system-out><![CDATA[2019-02-18 16:04:09 - [TEST_CASE][PASSED] - Test Cases/All TC/Arranged/0. Full Flow/Training/Approve/3v2 VO Seach and Reject: Test Cases/All TC/Arranged/0. Full Flow/Training/Approve/3v2 VO Seach and Reject

2019-02-18 16:04:10 - [TEST_STEP][PASSED] - callTestCase(findTestCase("All TC/Arranged/3. Unit/ES/VO Login"), [:], STOP_ON_FAILURE): Call Test Case 'Test Cases/All TC/Arranged/3. Unit/ES/VO Login' successfully

2019-02-18 16:04:10 - [TEST_CASE][PASSED] - Test Cases/All TC/Arranged/3. Unit/ES/VO Login: Test Cases/All TC/Arranged/3. Unit/ES/VO Login

2019-02-18 16:04:10 - [TEST_STEP][PASSED] - openBrowser(""): Browser is opened with url: ''

2019-02-18 16:04:10 - [MESSAGE][WARNING] - A browser is already opened. Closing browser and opening a new one

2019-02-18 16:04:11 - [MESSAGE][INFO] - Starting 'Chrome' driver

2019-02-18 16:04:11 - [MESSAGE][INFO] - User set preference: ['args', '[--start-maximized]']

2019-02-18 16:04:16 - [MESSAGE][PASSED] - Browser is opened with url: ''

2019-02-18 16:04:16 - [TEST_STEP][PASSED] - navigateToUrl("http://10.20.24.188/eisportal/user/login"): Navigate to 'http://10.20.24.188/eisportal/user/login' successfully

2019-02-18 16:04:17 - [MESSAGE][PASSED] - Navigate to 'http://10.20.24.188/eisportal/user/login' successfully

2019-02-18 16:04:17 - [TEST_STEP][PASSED] - setText(findTestObject("Rizky/ESO Login/input_Terlupa Kata Laluan_j_us"), ""): Text '' is set on object 'Object Repository/Rizky/ESO Login/input_Terlupa Kata Laluan_j_us'

2019-02-18 16:04:22 - [MESSAGE][PASSED] - Text '' is set on object 'Object Repository/Rizky/ESO Login/input_Terlupa Kata Laluan_j_us'

2019-02-18 16:04:22 - [TEST_STEP][PASSED] - setText(findTestObject("Rizky/ESO Login/input_Terlupa Kata Laluan_j_us"), "nuramalina.zukri@perkeso.gov.my"): Text 'nuramalina.zukri@perkeso.gov.my' is set on object 'Object Repository/Rizky/ESO Login/input_Terlupa Kata Laluan_j_us'

2019-02-18 16:04:26 - [MESSAGE][PASSED] - Text 'nuramalina.zukri@perkeso.gov.my' is set on object 'Object Repository/Rizky/ESO Login/input_Terlupa Kata Laluan_j_us'

2019-02-18 16:04:26 - [TEST_STEP][PASSED] - setEncryptedText(findTestObject("Rizky/ESO Login/input_Terlupa Kata Laluan_j_pa"), "CQqwFZlbeC8="): Text ****** has been set on object 'Object Repository/Rizky/ESO Login/input_Terlupa Kata Laluan_j_pa'

2019-02-18 16:04:29 - [MESSAGE][PASSED] - Text ****** has been set on object 'Object Repository/Rizky/ESO Login/input_Terlupa Kata Laluan_j_pa'

2019-02-18 16:04:29 - [TEST_STEP][PASSED] - click(findTestObject("Rizky/ESO Login/input_Terlupa Kata Laluan_logi")): Object: 'Object Repository/Rizky/ESO Login/input_Terlupa Kata Laluan_logi' is clicked on

2019-02-18 16:04:32 - [MESSAGE][PASSED] - Object: 'Object Repository/Rizky/ESO Login/input_Terlupa Kata Laluan_logi' is clicked on

2019-02-18 16:04:32 - [MESSAGE][PASSED] - Call Test Case 'Test Cases/All TC/Arranged/3. Unit/ES/VO Login' successfully

2019-02-18 16:04:32 - [TEST_STEP][PASSED] - delay(2): Delayed 2 second(s)

2019-02-18 16:04:34 - [MESSAGE][PASSED] - Delayed 2 second(s)

2019-02-18 16:04:34 - [TEST_STEP][PASSED] - click(findTestObject("Rizky/VO Search and Reject/Tindakan")): Object: 'Object Repository/Rizky/VO Search and Reject/Tindakan' is clicked on

2019-02-18 16:04:36 - [MESSAGE][PASSED] - Object: 'Object Repository/Rizky/VO Search and Reject/Tindakan' is clicked on

2019-02-18 16:04:36 - [TEST_STEP][PASSED] - click(findTestObject("Rizky/VO Search and Reject/Tindakan-Kemaskini")): Object: 'Object Repository/Rizky/VO Search and Reject/Tindakan-Kemaskini' is clicked on

2019-02-18 16:04:40 - [MESSAGE][PASSED] - Object: 'Object Repository/Rizky/VO Search and Reject/Tindakan-Kemaskini' is clicked on

2019-02-18 16:04:40 - [TEST_STEP][PASSED] - delay(2): Delayed 2 second(s)

2019-02-18 16:04:42 - [MESSAGE][PASSED] - Delayed 2 second(s)

2019-02-18 16:04:42 - [TEST_STEP][PASSED] - click(findTestObject("Rizky/VO Search and Reject/Jenis Keputusan")): Object: 'Object Repository/Rizky/VO Search and Reject/Jenis Keputusan' is clicked on

2019-02-18 16:04:44 - [MESSAGE][PASSED] - Object: 'Object Repository/Rizky/VO Search and Reject/Jenis Keputusan' is clicked on

2019-02-18 16:04:44 - [TEST_STEP][PASSED] - click(findTestObject("Rizky/VO Search and Reject/Jenis Keputusan-Maklumat Tidak Lengkap  Han")): Object: 'Object Repository/Rizky/VO Search and Reject/Jenis Keputusan-Maklumat Tidak Lengkap  Han' is clicked on

2019-02-18 16:04:46 - [MESSAGE][PASSED] - Object: 'Object Repository/Rizky/VO Search and Reject/Jenis Keputusan-Maklumat Tidak Lengkap  Han' is clicked on

2019-02-18 16:04:46 - [TEST_STEP][PASSED] - setText(findTestObject("Rizky/VO Search and Reject/Catatan Pegawai Vokasional (Ibu Pejabat)"), "abc"): Text 'abc' is set on object 'Object Repository/Rizky/VO Search and Reject/Catatan Pegawai Vokasional (Ibu Pejabat)'

2019-02-18 16:04:50 - [MESSAGE][PASSED] - Text 'abc' is set on object 'Object Repository/Rizky/VO Search and Reject/Catatan Pegawai Vokasional (Ibu Pejabat)'

2019-02-18 16:04:50 - [TEST_STEP][PASSED] - delay(2): Delayed 2 second(s)

2019-02-18 16:04:52 - [MESSAGE][PASSED] - Delayed 2 second(s)

2019-02-18 16:04:52 - [TEST_STEP][PASSED] - verifyElementClickable(findTestObject("Rizky/VO Search and Reject/Hantar")): Object 'Object Repository/Rizky/VO Search and Reject/Hantar' is clickable

2019-02-18 16:04:54 - [MESSAGE][PASSED] - Object 'Object Repository/Rizky/VO Search and Reject/Hantar' is clickable]]></system-out>
         <system-err><![CDATA[]]></system-err>
      </testcase>
      <testcase name="Test Cases/All TC/Arranged/0. Full Flow/Training/Approve/3 VO Seach and Approve" classname="Test Cases/All TC/Arranged/0. Full Flow/Training/Approve/3 VO Seach and Approve" status="PASSED">
         <system-out><![CDATA[2019-02-18 16:04:54 - [TEST_CASE][PASSED] - Test Cases/All TC/Arranged/0. Full Flow/Training/Approve/3 VO Seach and Approve: Test Cases/All TC/Arranged/0. Full Flow/Training/Approve/3 VO Seach and Approve

2019-02-18 16:04:55 - [TEST_STEP][PASSED] - callTestCase(findTestCase("All TC/Arranged/3. Unit/ES/VO Login"), [:], STOP_ON_FAILURE): Call Test Case 'Test Cases/All TC/Arranged/3. Unit/ES/VO Login' successfully

2019-02-18 16:04:55 - [TEST_CASE][PASSED] - Test Cases/All TC/Arranged/3. Unit/ES/VO Login: Test Cases/All TC/Arranged/3. Unit/ES/VO Login

2019-02-18 16:04:55 - [TEST_STEP][PASSED] - openBrowser(""): Browser is opened with url: ''

2019-02-18 16:04:55 - [MESSAGE][WARNING] - A browser is already opened. Closing browser and opening a new one

2019-02-18 16:04:56 - [MESSAGE][INFO] - Starting 'Chrome' driver

2019-02-18 16:04:56 - [MESSAGE][INFO] - User set preference: ['args', '[--start-maximized]']

2019-02-18 16:05:01 - [MESSAGE][PASSED] - Browser is opened with url: ''

2019-02-18 16:05:01 - [TEST_STEP][PASSED] - navigateToUrl("http://10.20.24.188/eisportal/user/login"): Navigate to 'http://10.20.24.188/eisportal/user/login' successfully

2019-02-18 16:05:02 - [MESSAGE][PASSED] - Navigate to 'http://10.20.24.188/eisportal/user/login' successfully

2019-02-18 16:05:02 - [TEST_STEP][PASSED] - setText(findTestObject("Rizky/ESO Login/input_Terlupa Kata Laluan_j_us"), ""): Text '' is set on object 'Object Repository/Rizky/ESO Login/input_Terlupa Kata Laluan_j_us'

2019-02-18 16:05:07 - [MESSAGE][PASSED] - Text '' is set on object 'Object Repository/Rizky/ESO Login/input_Terlupa Kata Laluan_j_us'

2019-02-18 16:05:07 - [TEST_STEP][PASSED] - setText(findTestObject("Rizky/ESO Login/input_Terlupa Kata Laluan_j_us"), "nuramalina.zukri@perkeso.gov.my"): Text 'nuramalina.zukri@perkeso.gov.my' is set on object 'Object Repository/Rizky/ESO Login/input_Terlupa Kata Laluan_j_us'

2019-02-18 16:05:11 - [MESSAGE][PASSED] - Text 'nuramalina.zukri@perkeso.gov.my' is set on object 'Object Repository/Rizky/ESO Login/input_Terlupa Kata Laluan_j_us'

2019-02-18 16:05:11 - [TEST_STEP][PASSED] - setEncryptedText(findTestObject("Rizky/ESO Login/input_Terlupa Kata Laluan_j_pa"), "CQqwFZlbeC8="): Text ****** has been set on object 'Object Repository/Rizky/ESO Login/input_Terlupa Kata Laluan_j_pa'

2019-02-18 16:05:14 - [MESSAGE][PASSED] - Text ****** has been set on object 'Object Repository/Rizky/ESO Login/input_Terlupa Kata Laluan_j_pa'

2019-02-18 16:05:14 - [TEST_STEP][PASSED] - click(findTestObject("Rizky/ESO Login/input_Terlupa Kata Laluan_logi")): Object: 'Object Repository/Rizky/ESO Login/input_Terlupa Kata Laluan_logi' is clicked on

2019-02-18 16:05:17 - [MESSAGE][PASSED] - Object: 'Object Repository/Rizky/ESO Login/input_Terlupa Kata Laluan_logi' is clicked on

2019-02-18 16:05:17 - [MESSAGE][PASSED] - Call Test Case 'Test Cases/All TC/Arranged/3. Unit/ES/VO Login' successfully

2019-02-18 16:05:17 - [TEST_STEP][PASSED] - delay(2): Delayed 2 second(s)

2019-02-18 16:05:19 - [MESSAGE][PASSED] - Delayed 2 second(s)

2019-02-18 16:05:19 - [TEST_STEP][PASSED] - click(findTestObject("Rizky/VO Search and Aprove/Tindakan")): Object: 'Object Repository/Rizky/VO Search and Aprove/Tindakan' is clicked on

2019-02-18 16:05:21 - [MESSAGE][PASSED] - Object: 'Object Repository/Rizky/VO Search and Aprove/Tindakan' is clicked on

2019-02-18 16:05:21 - [TEST_STEP][PASSED] - click(findTestObject("Rizky/VO Search and Aprove/Tindakan-Kemaskini")): Object: 'Object Repository/Rizky/VO Search and Aprove/Tindakan-Kemaskini' is clicked on

2019-02-18 16:05:25 - [MESSAGE][PASSED] - Object: 'Object Repository/Rizky/VO Search and Aprove/Tindakan-Kemaskini' is clicked on

2019-02-18 16:05:25 - [TEST_STEP][PASSED] - delay(2): Delayed 2 second(s)

2019-02-18 16:05:27 - [MESSAGE][PASSED] - Delayed 2 second(s)

2019-02-18 16:05:27 - [TEST_STEP][PASSED] - click(findTestObject("Rizky/VO Search and Aprove/Jenis Keputusan")): Object: 'Object Repository/Rizky/VO Search and Aprove/Jenis Keputusan' is clicked on

2019-02-18 16:05:29 - [MESSAGE][PASSED] - Object: 'Object Repository/Rizky/VO Search and Aprove/Jenis Keputusan' is clicked on

2019-02-18 16:05:29 - [TEST_STEP][PASSED] - click(findTestObject("Rizky/VO Search and Aprove/Jenis Keputusan-Maklumat Lengkap")): Object: 'Object Repository/Rizky/VO Search and Aprove/Jenis Keputusan-Maklumat Lengkap' is clicked on

2019-02-18 16:05:31 - [MESSAGE][PASSED] - Object: 'Object Repository/Rizky/VO Search and Aprove/Jenis Keputusan-Maklumat Lengkap' is clicked on

2019-02-18 16:05:31 - [TEST_STEP][PASSED] - setText(findTestObject("Rizky/VO Search and Aprove/Catatan Pegawai Vokasional (Ibu Pejabat)"), "abc"): Text 'abc' is set on object 'Object Repository/Rizky/VO Search and Aprove/Catatan Pegawai Vokasional (Ibu Pejabat)'

2019-02-18 16:05:35 - [MESSAGE][PASSED] - Text 'abc' is set on object 'Object Repository/Rizky/VO Search and Aprove/Catatan Pegawai Vokasional (Ibu Pejabat)'

2019-02-18 16:05:35 - [TEST_STEP][PASSED] - delay(2): Delayed 2 second(s)

2019-02-18 16:05:37 - [MESSAGE][PASSED] - Delayed 2 second(s)

2019-02-18 16:05:37 - [TEST_STEP][PASSED] - verifyElementClickable(findTestObject("Rizky/VO Search and Aprove/Hantar")): Object 'Object Repository/Rizky/VO Search and Aprove/Hantar' is clickable

2019-02-18 16:05:39 - [MESSAGE][PASSED] - Object 'Object Repository/Rizky/VO Search and Aprove/Hantar' is clickable]]></system-out>
         <system-err><![CDATA[]]></system-err>
      </testcase>
      <testcase name="Test Cases/All TC/Arranged/0. Full Flow/Training/Approve/2v2 SEO Search and Reject" classname="Test Cases/All TC/Arranged/0. Full Flow/Training/Approve/2v2 SEO Search and Reject" status="PASSED">
         <system-out><![CDATA[2019-02-18 16:05:39 - [TEST_CASE][PASSED] - Test Cases/All TC/Arranged/0. Full Flow/Training/Approve/2v2 SEO Search and Reject: Test Cases/All TC/Arranged/0. Full Flow/Training/Approve/2v2 SEO Search and Reject

2019-02-18 16:05:40 - [TEST_STEP][PASSED] - callTestCase(findTestCase("All TC/Arranged/3. Unit/ES/SEO Login"), [:], STOP_ON_FAILURE): Call Test Case 'Test Cases/All TC/Arranged/3. Unit/ES/SEO Login' successfully

2019-02-18 16:05:40 - [TEST_CASE][PASSED] - Test Cases/All TC/Arranged/3. Unit/ES/SEO Login: Test Cases/All TC/Arranged/3. Unit/ES/SEO Login

2019-02-18 16:05:40 - [TEST_STEP][PASSED] - openBrowser(""): Browser is opened with url: ''

2019-02-18 16:05:40 - [MESSAGE][WARNING] - A browser is already opened. Closing browser and opening a new one

2019-02-18 16:05:42 - [MESSAGE][INFO] - Starting 'Chrome' driver

2019-02-18 16:05:42 - [MESSAGE][INFO] - User set preference: ['args', '[--start-maximized]']

2019-02-18 16:05:46 - [MESSAGE][PASSED] - Browser is opened with url: ''

2019-02-18 16:05:46 - [TEST_STEP][PASSED] - navigateToUrl("http://10.20.24.188/eisportal/user/login"): Navigate to 'http://10.20.24.188/eisportal/user/login' successfully

2019-02-18 16:05:48 - [MESSAGE][PASSED] - Navigate to 'http://10.20.24.188/eisportal/user/login' successfully

2019-02-18 16:05:48 - [TEST_STEP][PASSED] - setText(findTestObject("Rizky/ESO Login/input_Terlupa Kata Laluan_j_us"), ""): Text '' is set on object 'Object Repository/Rizky/ESO Login/input_Terlupa Kata Laluan_j_us'

2019-02-18 16:05:52 - [MESSAGE][PASSED] - Text '' is set on object 'Object Repository/Rizky/ESO Login/input_Terlupa Kata Laluan_j_us'

2019-02-18 16:05:52 - [TEST_STEP][PASSED] - setText(findTestObject("Rizky/ESO Login/input_Terlupa Kata Laluan_j_us"), "klseo5@perkeso.gov.my"): Text 'klseo5@perkeso.gov.my' is set on object 'Object Repository/Rizky/ESO Login/input_Terlupa Kata Laluan_j_us'

2019-02-18 16:05:56 - [MESSAGE][PASSED] - Text 'klseo5@perkeso.gov.my' is set on object 'Object Repository/Rizky/ESO Login/input_Terlupa Kata Laluan_j_us'

2019-02-18 16:05:56 - [TEST_STEP][PASSED] - setEncryptedText(findTestObject("Rizky/ESO Login/input_Terlupa Kata Laluan_j_pa"), "CQqwFZlbeC8="): Text ****** has been set on object 'Object Repository/Rizky/ESO Login/input_Terlupa Kata Laluan_j_pa'

2019-02-18 16:05:59 - [MESSAGE][PASSED] - Text ****** has been set on object 'Object Repository/Rizky/ESO Login/input_Terlupa Kata Laluan_j_pa'

2019-02-18 16:05:59 - [TEST_STEP][PASSED] - click(findTestObject("Rizky/ESO Login/input_Terlupa Kata Laluan_logi")): Object: 'Object Repository/Rizky/ESO Login/input_Terlupa Kata Laluan_logi' is clicked on

2019-02-18 16:06:02 - [MESSAGE][PASSED] - Object: 'Object Repository/Rizky/ESO Login/input_Terlupa Kata Laluan_logi' is clicked on

2019-02-18 16:06:02 - [MESSAGE][PASSED] - Call Test Case 'Test Cases/All TC/Arranged/3. Unit/ES/SEO Login' successfully

2019-02-18 16:06:02 - [TEST_STEP][PASSED] - click(findTestObject("Rizky/SEO Search and Reject/LATIHAN")): Object: 'Object Repository/Rizky/SEO Search and Reject/LATIHAN' is clicked on

2019-02-18 16:06:05 - [MESSAGE][PASSED] - Object: 'Object Repository/Rizky/SEO Search and Reject/LATIHAN' is clicked on

2019-02-18 16:06:05 - [TEST_STEP][PASSED] - click(findTestObject("Rizky/SEO Search and Reject/Tindakan")): Object: 'Object Repository/Rizky/SEO Search and Reject/Tindakan' is clicked on

2019-02-18 16:06:07 - [MESSAGE][PASSED] - Object: 'Object Repository/Rizky/SEO Search and Reject/Tindakan' is clicked on

2019-02-18 16:06:07 - [TEST_STEP][PASSED] - click(findTestObject("Rizky/SEO Search and Reject/Kemaskini")): Object: 'Object Repository/Rizky/SEO Search and Reject/Kemaskini' is clicked on

2019-02-18 16:06:10 - [MESSAGE][PASSED] - Object: 'Object Repository/Rizky/SEO Search and Reject/Kemaskini' is clicked on

2019-02-18 16:06:10 - [TEST_STEP][PASSED] - delay(2): Delayed 2 second(s)

2019-02-18 16:06:12 - [MESSAGE][PASSED] - Delayed 2 second(s)

2019-02-18 16:06:12 - [TEST_STEP][PASSED] - click(findTestObject("Rizky/SEO Search and Reject/Jenis Pengesyoran")): Object: 'Object Repository/Rizky/SEO Search and Reject/Jenis Pengesyoran' is clicked on

2019-02-18 16:06:15 - [MESSAGE][PASSED] - Object: 'Object Repository/Rizky/SEO Search and Reject/Jenis Pengesyoran' is clicked on

2019-02-18 16:06:15 - [TEST_STEP][PASSED] - click(findTestObject("Rizky/SEO Search and Reject/Jenis Pengesyoran-Lain-lain  Hantar Semula")): Object: 'Object Repository/Rizky/SEO Search and Reject/Jenis Pengesyoran-Lain-lain  Hantar Semula' is clicked on

2019-02-18 16:06:17 - [MESSAGE][PASSED] - Object: 'Object Repository/Rizky/SEO Search and Reject/Jenis Pengesyoran-Lain-lain  Hantar Semula' is clicked on

2019-02-18 16:06:17 - [TEST_STEP][PASSED] - setText(findTestObject("Rizky/SEO Search and Reject/Jika Pilih Lain Sila Nyatakan"), "lain lain"): Text 'lain lain' is set on object 'Object Repository/Rizky/SEO Search and Reject/Jika Pilih Lain Sila Nyatakan'

2019-02-18 16:06:21 - [MESSAGE][PASSED] - Text 'lain lain' is set on object 'Object Repository/Rizky/SEO Search and Reject/Jika Pilih Lain Sila Nyatakan'

2019-02-18 16:06:21 - [TEST_STEP][PASSED] - setText(findTestObject("Rizky/SEO Search and Reject/Catatan Negeri Pegawai Pekerjaan Kanan  Catatan Pegawai Negeri Pekerjaan Kanan"), "abc"): Text 'abc' is set on object 'Object Repository/Rizky/SEO Search and Reject/Catatan Negeri Pegawai Pekerjaan Kanan  Catatan Pegawai Negeri Pekerjaan Kanan'

2019-02-18 16:06:25 - [MESSAGE][PASSED] - Text 'abc' is set on object 'Object Repository/Rizky/SEO Search and Reject/Catatan Negeri Pegawai Pekerjaan Kanan  Catatan Pegawai Negeri Pekerjaan Kanan'

2019-02-18 16:06:25 - [TEST_STEP][PASSED] - verifyElementClickable(findTestObject("Rizky/SEO Search and Reject/Hantar")): Object 'Object Repository/Rizky/SEO Search and Reject/Hantar' is clickable

2019-02-18 16:06:27 - [MESSAGE][PASSED] - Object 'Object Repository/Rizky/SEO Search and Reject/Hantar' is clickable]]></system-out>
         <system-err><![CDATA[]]></system-err>
      </testcase>
      <testcase name="Test Cases/All TC/Arranged/0. Full Flow/Training/Approve/2 SEO Seach and Approve" classname="Test Cases/All TC/Arranged/0. Full Flow/Training/Approve/2 SEO Seach and Approve" status="PASSED">
         <system-out><![CDATA[2019-02-18 16:06:27 - [TEST_CASE][PASSED] - Test Cases/All TC/Arranged/0. Full Flow/Training/Approve/2 SEO Seach and Approve: Test Cases/All TC/Arranged/0. Full Flow/Training/Approve/2 SEO Seach and Approve

2019-02-18 16:06:28 - [TEST_STEP][PASSED] - callTestCase(findTestCase("All TC/Arranged/3. Unit/ES/SEO Login"), [:], STOP_ON_FAILURE): Call Test Case 'Test Cases/All TC/Arranged/3. Unit/ES/SEO Login' successfully

2019-02-18 16:06:28 - [TEST_CASE][PASSED] - Test Cases/All TC/Arranged/3. Unit/ES/SEO Login: Test Cases/All TC/Arranged/3. Unit/ES/SEO Login

2019-02-18 16:06:28 - [TEST_STEP][PASSED] - openBrowser(""): Browser is opened with url: ''

2019-02-18 16:06:28 - [MESSAGE][WARNING] - A browser is already opened. Closing browser and opening a new one

2019-02-18 16:06:29 - [MESSAGE][INFO] - Starting 'Chrome' driver

2019-02-18 16:06:29 - [MESSAGE][INFO] - User set preference: ['args', '[--start-maximized]']

2019-02-18 16:06:34 - [MESSAGE][PASSED] - Browser is opened with url: ''

2019-02-18 16:06:34 - [TEST_STEP][PASSED] - navigateToUrl("http://10.20.24.188/eisportal/user/login"): Navigate to 'http://10.20.24.188/eisportal/user/login' successfully

2019-02-18 16:06:35 - [MESSAGE][PASSED] - Navigate to 'http://10.20.24.188/eisportal/user/login' successfully

2019-02-18 16:06:35 - [TEST_STEP][PASSED] - setText(findTestObject("Rizky/ESO Login/input_Terlupa Kata Laluan_j_us"), ""): Text '' is set on object 'Object Repository/Rizky/ESO Login/input_Terlupa Kata Laluan_j_us'

2019-02-18 16:06:39 - [MESSAGE][PASSED] - Text '' is set on object 'Object Repository/Rizky/ESO Login/input_Terlupa Kata Laluan_j_us'

2019-02-18 16:06:39 - [TEST_STEP][PASSED] - setText(findTestObject("Rizky/ESO Login/input_Terlupa Kata Laluan_j_us"), "klseo5@perkeso.gov.my"): Text 'klseo5@perkeso.gov.my' is set on object 'Object Repository/Rizky/ESO Login/input_Terlupa Kata Laluan_j_us'

2019-02-18 16:06:44 - [MESSAGE][PASSED] - Text 'klseo5@perkeso.gov.my' is set on object 'Object Repository/Rizky/ESO Login/input_Terlupa Kata Laluan_j_us'

2019-02-18 16:06:44 - [TEST_STEP][PASSED] - setEncryptedText(findTestObject("Rizky/ESO Login/input_Terlupa Kata Laluan_j_pa"), "CQqwFZlbeC8="): Text ****** has been set on object 'Object Repository/Rizky/ESO Login/input_Terlupa Kata Laluan_j_pa'

2019-02-18 16:06:47 - [MESSAGE][PASSED] - Text ****** has been set on object 'Object Repository/Rizky/ESO Login/input_Terlupa Kata Laluan_j_pa'

2019-02-18 16:06:47 - [TEST_STEP][PASSED] - click(findTestObject("Rizky/ESO Login/input_Terlupa Kata Laluan_logi")): Object: 'Object Repository/Rizky/ESO Login/input_Terlupa Kata Laluan_logi' is clicked on

2019-02-18 16:06:51 - [MESSAGE][PASSED] - Object: 'Object Repository/Rizky/ESO Login/input_Terlupa Kata Laluan_logi' is clicked on

2019-02-18 16:06:51 - [MESSAGE][PASSED] - Call Test Case 'Test Cases/All TC/Arranged/3. Unit/ES/SEO Login' successfully

2019-02-18 16:06:51 - [TEST_STEP][PASSED] - click(findTestObject("Rizky/SEO Search and Approve/LATIHAN")): Object: 'Object Repository/Rizky/SEO Search and Approve/LATIHAN' is clicked on

2019-02-18 16:07:04 - [MESSAGE][PASSED] - Object: 'Object Repository/Rizky/SEO Search and Approve/LATIHAN' is clicked on

2019-02-18 16:07:04 - [TEST_STEP][PASSED] - click(findTestObject("Rizky/SEO Search and Approve/Tindakan")): Object: 'Object Repository/Rizky/SEO Search and Approve/Tindakan' is clicked on

2019-02-18 16:07:16 - [MESSAGE][PASSED] - Object: 'Object Repository/Rizky/SEO Search and Approve/Tindakan' is clicked on

2019-02-18 16:07:16 - [TEST_STEP][PASSED] - click(findTestObject("Rizky/SEO Search and Approve/Kemaskini")): Object: 'Object Repository/Rizky/SEO Search and Approve/Kemaskini' is clicked on

2019-02-18 16:07:21 - [MESSAGE][PASSED] - Object: 'Object Repository/Rizky/SEO Search and Approve/Kemaskini' is clicked on

2019-02-18 16:07:21 - [TEST_STEP][PASSED] - delay(2): Delayed 2 second(s)

2019-02-18 16:07:23 - [MESSAGE][PASSED] - Delayed 2 second(s)

2019-02-18 16:07:23 - [TEST_STEP][PASSED] - click(findTestObject("Rizky/SEO Search and Approve/Jenis Pengesyoran")): Object: 'Object Repository/Rizky/SEO Search and Approve/Jenis Pengesyoran' is clicked on

2019-02-18 16:07:25 - [MESSAGE][PASSED] - Object: 'Object Repository/Rizky/SEO Search and Approve/Jenis Pengesyoran' is clicked on

2019-02-18 16:07:25 - [TEST_STEP][PASSED] - click(findTestObject("Rizky/SEO Search and Approve/Jenis Pengesyoran-Memerlukan Latihan")): Object: 'Object Repository/Rizky/SEO Search and Approve/Jenis Pengesyoran-Memerlukan Latihan' is clicked on

2019-02-18 16:07:27 - [MESSAGE][PASSED] - Object: 'Object Repository/Rizky/SEO Search and Approve/Jenis Pengesyoran-Memerlukan Latihan' is clicked on

2019-02-18 16:07:27 - [TEST_STEP][PASSED] - setText(findTestObject("Rizky/SEO Search and Approve/Catatan Negeri Pegawai Pekerjaan Kanan  Catatan Pegawai Negeri Pekerjaan Kanan"), "abc"): Text 'abc' is set on object 'Object Repository/Rizky/SEO Search and Approve/Catatan Negeri Pegawai Pekerjaan Kanan  Catatan Pegawai Negeri Pekerjaan Kanan'

2019-02-18 16:07:31 - [MESSAGE][PASSED] - Text 'abc' is set on object 'Object Repository/Rizky/SEO Search and Approve/Catatan Negeri Pegawai Pekerjaan Kanan  Catatan Pegawai Negeri Pekerjaan Kanan'

2019-02-18 16:07:31 - [TEST_STEP][PASSED] - verifyElementClickable(findTestObject("Rizky/SEO Search and Approve/Hantar")): Object 'Object Repository/Rizky/SEO Search and Approve/Hantar' is clickable

2019-02-18 16:07:33 - [MESSAGE][PASSED] - Object 'Object Repository/Rizky/SEO Search and Approve/Hantar' is clickable]]></system-out>
         <system-err><![CDATA[]]></system-err>
      </testcase>
      <testcase name="Test Cases/All TC/Arranged/0. Full Flow/Training/Approve/1 ESO Apply and Approve" classname="Test Cases/All TC/Arranged/0. Full Flow/Training/Approve/1 ESO Apply and Approve" status="PASSED">
         <system-out><![CDATA[2019-02-18 16:07:33 - [TEST_CASE][PASSED] - Test Cases/All TC/Arranged/0. Full Flow/Training/Approve/1 ESO Apply and Approve: Test Cases/All TC/Arranged/0. Full Flow/Training/Approve/1 ESO Apply and Approve

2019-02-18 16:07:34 - [TEST_STEP][PASSED] - callTestCase(findTestCase("All TC/Arranged/3. Unit/ES/ESO Login (1)"), [:], STOP_ON_FAILURE): Call Test Case 'Test Cases/All TC/Arranged/3. Unit/ES/ESO Login (1)' successfully

2019-02-18 16:07:34 - [TEST_CASE][PASSED] - Test Cases/All TC/Arranged/3. Unit/ES/ESO Login (1): Test Cases/All TC/Arranged/3. Unit/ES/ESO Login (1)

2019-02-18 16:07:34 - [TEST_STEP][PASSED] - openBrowser(""): Browser is opened with url: ''

2019-02-18 16:07:34 - [MESSAGE][WARNING] - A browser is already opened. Closing browser and opening a new one

2019-02-18 16:07:36 - [MESSAGE][INFO] - Starting 'Chrome' driver

2019-02-18 16:07:36 - [MESSAGE][INFO] - User set preference: ['args', '[--start-maximized]']

2019-02-18 16:07:43 - [MESSAGE][PASSED] - Browser is opened with url: ''

2019-02-18 16:07:43 - [TEST_STEP][PASSED] - navigateToUrl("http://10.20.24.188/eisportal/user/login"): Navigate to 'http://10.20.24.188/eisportal/user/login' successfully

2019-02-18 16:07:46 - [MESSAGE][PASSED] - Navigate to 'http://10.20.24.188/eisportal/user/login' successfully

2019-02-18 16:07:46 - [TEST_STEP][PASSED] - setText(findTestObject("Rizky/ESO Login/input_Terlupa Kata Laluan_j_us"), ""): Text '' is set on object 'Object Repository/Rizky/ESO Login/input_Terlupa Kata Laluan_j_us'

2019-02-18 16:07:50 - [MESSAGE][PASSED] - Text '' is set on object 'Object Repository/Rizky/ESO Login/input_Terlupa Kata Laluan_j_us'

2019-02-18 16:07:50 - [TEST_STEP][PASSED] - setText(findTestObject("Rizky/ESO Login/input_Terlupa Kata Laluan_j_us"), "athirah.zulkifli@perkeso.gov.my"): Text 'athirah.zulkifli@perkeso.gov.my' is set on object 'Object Repository/Rizky/ESO Login/input_Terlupa Kata Laluan_j_us'

2019-02-18 16:07:54 - [MESSAGE][PASSED] - Text 'athirah.zulkifli@perkeso.gov.my' is set on object 'Object Repository/Rizky/ESO Login/input_Terlupa Kata Laluan_j_us'

2019-02-18 16:07:54 - [TEST_STEP][PASSED] - setEncryptedText(findTestObject("Rizky/ESO Login/input_Terlupa Kata Laluan_j_pa"), "CQqwFZlbeC8="): Text ****** has been set on object 'Object Repository/Rizky/ESO Login/input_Terlupa Kata Laluan_j_pa'

2019-02-18 16:07:58 - [MESSAGE][PASSED] - Text ****** has been set on object 'Object Repository/Rizky/ESO Login/input_Terlupa Kata Laluan_j_pa'

2019-02-18 16:07:58 - [TEST_STEP][PASSED] - click(findTestObject("Rizky/ESO Login/input_Terlupa Kata Laluan_logi")): Object: 'Object Repository/Rizky/ESO Login/input_Terlupa Kata Laluan_logi' is clicked on

2019-02-18 16:08:01 - [MESSAGE][PASSED] - Object: 'Object Repository/Rizky/ESO Login/input_Terlupa Kata Laluan_logi' is clicked on

2019-02-18 16:08:01 - [MESSAGE][PASSED] - Call Test Case 'Test Cases/All TC/Arranged/3. Unit/ES/ESO Login (1)' successfully

2019-02-18 16:08:01 - [TEST_STEP][PASSED] - callTestCase(findTestCase("All TC/Arranged/3. Unit/ES/1-1 ESO Apply"), [:], STOP_ON_FAILURE): Call Test Case 'Test Cases/All TC/Arranged/3. Unit/ES/1-1 ESO Apply' successfully

2019-02-18 16:08:01 - [TEST_CASE][PASSED] - Test Cases/All TC/Arranged/3. Unit/ES/1-1 ESO Apply: Test Cases/All TC/Arranged/3. Unit/ES/1-1 ESO Apply

2019-02-18 16:08:02 - [TEST_STEP][PASSED] - mouseOver(findTestObject("Rizky/ESO Apply/a_PERMOHONAN")): Object: 'Object Repository/Rizky/ESO Apply/a_PERMOHONAN' is hovered

2019-02-18 16:08:05 - [MESSAGE][PASSED] - Object: 'Object Repository/Rizky/ESO Apply/a_PERMOHONAN' is hovered

2019-02-18 16:08:05 - [TEST_STEP][PASSED] - delay(2): Delayed 2 second(s)

2019-02-18 16:08:07 - [MESSAGE][PASSED] - Delayed 2 second(s)

2019-02-18 16:08:07 - [TEST_STEP][PASSED] - click(findTestObject("Rizky/ESO Apply/a_Latihan")): Object: 'Object Repository/Rizky/ESO Apply/a_Latihan' is clicked on

2019-02-18 16:08:10 - [MESSAGE][PASSED] - Object: 'Object Repository/Rizky/ESO Apply/a_Latihan' is clicked on

2019-02-18 16:08:10 - [TEST_STEP][PASSED] - delay(2): Delayed 2 second(s)

2019-02-18 16:08:12 - [MESSAGE][PASSED] - Delayed 2 second(s)

2019-02-18 16:08:12 - [TEST_STEP][PASSED] - setText(findTestObject("Rizky/ESO Apply/Cari dengan MyKad"), "950000140001"): Text '950000140001' is set on object 'Object Repository/Rizky/ESO Apply/Cari dengan MyKad'

2019-02-18 16:08:16 - [MESSAGE][PASSED] - Text '950000140001' is set on object 'Object Repository/Rizky/ESO Apply/Cari dengan MyKad'

2019-02-18 16:08:16 - [TEST_STEP][PASSED] - click(findTestObject("Rizky/ESO Apply/Cari")): Object: 'Object Repository/Rizky/ESO Apply/Cari' is clicked on

2019-02-18 16:08:18 - [MESSAGE][PASSED] - Object: 'Object Repository/Rizky/ESO Apply/Cari' is clicked on

2019-02-18 16:08:18 - [TEST_STEP][PASSED] - delay(2): Delayed 2 second(s)

2019-02-18 16:08:20 - [MESSAGE][PASSED] - Delayed 2 second(s)

2019-02-18 16:08:20 - [TEST_STEP][PASSED] - click(findTestObject("Rizky/ESO Apply/ID Kes")): Object: 'Object Repository/Rizky/ESO Apply/ID Kes' is clicked on

2019-02-18 16:08:22 - [MESSAGE][PASSED] - Object: 'Object Repository/Rizky/ESO Apply/ID Kes' is clicked on

2019-02-18 16:08:22 - [TEST_STEP][PASSED] - click(findTestObject("Rizky/ESO Apply/ID KES-SIPE1119060000003")): Object: 'Object Repository/Rizky/ESO Apply/ID KES-SIPE1119060000003' is clicked on

2019-02-18 16:08:24 - [MESSAGE][PASSED] - Object: 'Object Repository/Rizky/ESO Apply/ID KES-SIPE1119060000003' is clicked on

2019-02-18 16:08:24 - [TEST_STEP][PASSED] - delay(1): Delayed 1 second(s)

2019-02-18 16:08:25 - [MESSAGE][PASSED] - Delayed 1 second(s)

2019-02-18 16:08:25 - [TEST_STEP][PASSED] - setText(findTestObject("Rizky/ESO Apply/Jawatan Terakhir"), "1"): Text '1' is set on object 'Object Repository/Rizky/ESO Apply/Jawatan Terakhir'

2019-02-18 16:08:30 - [MESSAGE][PASSED] - Text '1' is set on object 'Object Repository/Rizky/ESO Apply/Jawatan Terakhir'

2019-02-18 16:08:30 - [TEST_STEP][PASSED] - setText(findTestObject("Rizky/ESO Apply/Gaji Terakhir"), "1"): Text '1' is set on object 'Object Repository/Rizky/ESO Apply/Gaji Terakhir'

2019-02-18 16:08:34 - [MESSAGE][PASSED] - Text '1' is set on object 'Object Repository/Rizky/ESO Apply/Gaji Terakhir'

2019-02-18 16:08:34 - [TEST_STEP][PASSED] - click(findTestObject("Rizky/IP Apply/Ujian Psikometrik -")): Object: 'Object Repository/Rizky/IP Apply/Ujian Psikometrik -' is clicked on

2019-02-18 16:08:36 - [MESSAGE][PASSED] - Object: 'Object Repository/Rizky/IP Apply/Ujian Psikometrik -' is clicked on

2019-02-18 16:08:36 - [TEST_STEP][PASSED] - click(findTestObject("Rizky/IP Apply/Ujian Psikometrik - Realistic")): Object: 'Object Repository/Rizky/IP Apply/Ujian Psikometrik - Realistic' is clicked on

2019-02-18 16:08:38 - [MESSAGE][PASSED] - Object: 'Object Repository/Rizky/IP Apply/Ujian Psikometrik - Realistic' is clicked on

2019-02-18 16:08:38 - [TEST_STEP][PASSED] - click(findTestObject("Rizky/ESO Apply/Institut")): Object: 'Object Repository/Rizky/ESO Apply/Institut' is clicked on

2019-02-18 16:08:40 - [MESSAGE][PASSED] - Object: 'Object Repository/Rizky/ESO Apply/Institut' is clicked on

2019-02-18 16:08:40 - [TEST_STEP][PASSED] - click(findTestObject("Rizky/ESO Apply/Institut-NIOSH HQ (BANGI)")): Object: 'Object Repository/Rizky/ESO Apply/Institut-NIOSH HQ (BANGI)' is clicked on

2019-02-18 16:08:43 - [MESSAGE][PASSED] - Object: 'Object Repository/Rizky/ESO Apply/Institut-NIOSH HQ (BANGI)' is clicked on

2019-02-18 16:08:43 - [TEST_STEP][PASSED] - delay(3): Delayed 3 second(s)

2019-02-18 16:08:46 - [MESSAGE][PASSED] - Delayed 3 second(s)

2019-02-18 16:08:46 - [TEST_STEP][PASSED] - click(findTestObject("Rizky/ESO Apply/Nama Kursus")): Object: 'Object Repository/Rizky/ESO Apply/Nama Kursus' is clicked on

2019-02-18 16:08:48 - [MESSAGE][PASSED] - Object: 'Object Repository/Rizky/ESO Apply/Nama Kursus' is clicked on

2019-02-18 16:08:48 - [TEST_STEP][PASSED] - click(findTestObject("Rizky/ESO Apply/Nama Kursus-Safety and Health Officer (")): Object: 'Object Repository/Rizky/ESO Apply/Nama Kursus-Safety and Health Officer (' is clicked on

2019-02-18 16:08:50 - [MESSAGE][PASSED] - Object: 'Object Repository/Rizky/ESO Apply/Nama Kursus-Safety and Health Officer (' is clicked on

2019-02-18 16:08:50 - [TEST_STEP][PASSED] - click(findTestObject("Rizky/ESO Apply/Hantar")): Object: 'Object Repository/Rizky/ESO Apply/Hantar' is clicked on

2019-02-18 16:08:52 - [MESSAGE][PASSED] - Object: 'Object Repository/Rizky/ESO Apply/Hantar' is clicked on

2019-02-18 16:08:52 - [MESSAGE][PASSED] - Call Test Case 'Test Cases/All TC/Arranged/3. Unit/ES/1-1 ESO Apply' successfully

2019-02-18 16:08:52 - [TEST_STEP][PASSED] - callTestCase(findTestCase("All TC/Arranged/3. Unit/ES/1-2 ESO Approve"), [:], STOP_ON_FAILURE): Call Test Case 'Test Cases/All TC/Arranged/3. Unit/ES/1-2 ESO Approve' successfully

2019-02-18 16:08:52 - [TEST_CASE][PASSED] - Test Cases/All TC/Arranged/3. Unit/ES/1-2 ESO Approve: Test Cases/All TC/Arranged/3. Unit/ES/1-2 ESO Approve

2019-02-18 16:08:53 - [TEST_STEP][PASSED] - delay(2): Delayed 2 second(s)

2019-02-18 16:08:55 - [MESSAGE][PASSED] - Delayed 2 second(s)

2019-02-18 16:08:55 - [TEST_STEP][PASSED] - click(findTestObject("Rizky/ESO Approve/Tab-LATIHAN")): Object: 'Object Repository/Rizky/ESO Approve/Tab-LATIHAN' is clicked on

2019-02-18 16:08:57 - [MESSAGE][PASSED] - Object: 'Object Repository/Rizky/ESO Approve/Tab-LATIHAN' is clicked on

2019-02-18 16:08:57 - [TEST_STEP][PASSED] - delay(2): Delayed 2 second(s)

2019-02-18 16:08:59 - [MESSAGE][PASSED] - Delayed 2 second(s)

2019-02-18 16:08:59 - [TEST_STEP][PASSED] - click(findTestObject("Rizky/ESO Approve/Tindakan")): Object: 'Object Repository/Rizky/ESO Approve/Tindakan' is clicked on

2019-02-18 16:09:01 - [MESSAGE][PASSED] - Object: 'Object Repository/Rizky/ESO Approve/Tindakan' is clicked on

2019-02-18 16:09:01 - [TEST_STEP][PASSED] - delay(2): Delayed 2 second(s)

2019-02-18 16:09:03 - [MESSAGE][PASSED] - Delayed 2 second(s)

2019-02-18 16:09:03 - [TEST_STEP][PASSED] - click(findTestObject("Rizky/ESO Approve/Kemaskini")): Object: 'Object Repository/Rizky/ESO Approve/Kemaskini' is clicked on

2019-02-18 16:09:07 - [MESSAGE][PASSED] - Object: 'Object Repository/Rizky/ESO Approve/Kemaskini' is clicked on

2019-02-18 16:09:07 - [TEST_STEP][PASSED] - click(findTestObject("Rizky/ESO Approve/Jenis Pengesyoran")): Object: 'Object Repository/Rizky/ESO Approve/Jenis Pengesyoran' is clicked on

2019-02-18 16:09:09 - [MESSAGE][PASSED] - Object: 'Object Repository/Rizky/ESO Approve/Jenis Pengesyoran' is clicked on

2019-02-18 16:09:09 - [TEST_STEP][PASSED] - click(findTestObject("Rizky/ESO Approve/Jenis Pengesyoran-Syor Latihan")): Object: 'Object Repository/Rizky/ESO Approve/Jenis Pengesyoran-Syor Latihan' is clicked on

2019-02-18 16:09:11 - [MESSAGE][PASSED] - Object: 'Object Repository/Rizky/ESO Approve/Jenis Pengesyoran-Syor Latihan' is clicked on

2019-02-18 16:09:11 - [TEST_STEP][PASSED] - setText(findTestObject("Rizky/ESO Approve/Catatan Pegawai Penempatan Pekerjaan"), "def"): Text 'def' is set on object 'Object Repository/Rizky/ESO Approve/Catatan Pegawai Penempatan Pekerjaan'

2019-02-18 16:09:15 - [MESSAGE][PASSED] - Text 'def' is set on object 'Object Repository/Rizky/ESO Approve/Catatan Pegawai Penempatan Pekerjaan'

2019-02-18 16:09:15 - [TEST_STEP][PASSED] - click(findTestObject("Rizky/ESO Approve/Hantar")): Object: 'Object Repository/Rizky/ESO Approve/Hantar' is clicked on

2019-02-18 16:09:18 - [MESSAGE][PASSED] - Object: 'Object Repository/Rizky/ESO Approve/Hantar' is clicked on

2019-02-18 16:09:18 - [MESSAGE][PASSED] - Call Test Case 'Test Cases/All TC/Arranged/3. Unit/ES/1-2 ESO Approve' successfully]]></system-out>
         <system-err><![CDATA[]]></system-err>
      </testcase>
      <testcase name="Test Cases/All TC/Arranged/0. Full Flow/Submit Form 7 (General) - Case Reassignment Same Branch SEIO" classname="Test Cases/All TC/Arranged/0. Full Flow/Submit Form 7 (General) - Case Reassignment Same Branch SEIO" status="FAILED">
         <failure type="FAILED" message="Test Cases/All TC/Arranged/0. Full Flow/Submit Form 7 (General) - Case Reassignment Same Branch SEIO FAILED.
Reason:
com.kms.katalon.core.exception.StepFailedException: Unable to click on object 'Object Repository/ZhiHao/General_User_Submit_form 7/GN_Application_Reg/Page_PERKESO/select_pejabat_perkeso' (Root cause: org.openqa.selenium.UnhandledAlertException: unexpected alert open: {Alert text : HARAP MAKLUM

PERMOHONAN FAEDAH SIP TELAH DIBUAT BAGI PEKERJAAN INI. MOHON MENYEMAK SEMULA STATUS PERMOHONAN BAGI TUNTUTAN FAEDAH TERSEBUT}
  (Session info: chrome=72.0.3626.109)
  (Driver info: chromedriver=2.43.600210 (68dcf5eebde37173d4027fa8635e332711d2874a),platform=Windows NT 6.1.7601 SP1 x86_64) (WARNING: The server did not provide any stacktrace information)
Command duration or timeout: 0 milliseconds: null
Build info: version: '3.7.1', revision: '8a0099a', time: '2017-11-06T21:07:36.161Z'
System info: host: 'WIN7TEST02', ip: '10.20.3.72', os.name: 'Windows 7', os.arch: 'amd64', os.version: '6.1', java.version: '1.8.0_181'
Driver info: com.kms.katalon.selenium.driver.CChromeDriver
Capabilities {acceptInsecureCerts: false, acceptSslCerts: false, applicationCacheEnabled: false, browserConnectionEnabled: false, browserName: chrome, chrome: {chromedriverVersion: 2.43.600210 (68dcf5eebde371..., userDataDir: C:\Users\Admin\AppData\Loca...}, cssSelectorsEnabled: true, databaseEnabled: false, goog:chromeOptions: {debuggerAddress: localhost:64724}, handlesAlerts: true, hasTouchScreen: false, javascriptEnabled: true, locationContextEnabled: true, mobileEmulationEnabled: false, nativeEvents: true, networkConnectionEnabled: false, pageLoadStrategy: normal, platform: XP, platformName: XP, rotatable: false, setWindowRect: true, takesHeapSnapshot: true, takesScreenshot: true, unexpectedAlertBehaviour: , unhandledPromptBehavior: , version: 72.0.3626.109, webStorageEnabled: true}
Session ID: 362279706e58165976387008813c3af5
*** Element info: {Using=xpath, value=//select[@id = 'perkesoOfficeId' and @name = 'perkesoOfficeId' and (text() = '
										--Sila Pilih--
										
											Pejabat PERKESO Batu Pahat
										
											Pejabat PERKESO Beaufort
										
											Pejabat PERKESO Bentong
										
											Pejabat PERKESO Bintulu
										
											Pejabat PERKESO Dungun
										
											Pejabat PERKESO Georgetown
										
											Pejabat PERKESO Kajang
										
											Pejabat PERKESO Kapit
										
											Pejabat PERKESO Kemaman
										
											Pejabat PERKESO Keningau
										
											Pejabat PERKESO Klang
										
											Pejabat PERKESO Kluang
										
											Pejabat PERKESO Kota Marudu
										
											Pejabat PERKESO Kuala Kangsar
										
											Pejabat PERKESO Kuala Krai
										
											Pejabat PERKESO Kuala Pilah
										
											Pejabat PERKESO Kulim
										
											Pejabat PERKESO Labuan
										
											Pejabat PERKESO Lahad Datu
										
											Pejabat PERKESO Langkawi
										
											Pejabat PERKESO Limbang
										
											Pejabat PERKESO Miri
										
											Pejabat PERKESO Muar
										
											Pejabat PERKESO Mukah
										
											Pejabat PERKESO Negeri Johor
										
											Pejabat PERKESO Negeri Kedah
										
											Pejabat PERKESO Negeri Kelantan
										
											Pejabat PERKESO Negeri Melaka
										
											Pejabat PERKESO Negeri Pahang
										
											Pejabat PERKESO Negeri Perak
										
											Pejabat PERKESO Negeri Perlis
										
											Pejabat PERKESO Negeri Pulau Pinang
										
											Pejabat PERKESO Negeri Sabah
										
											Pejabat PERKESO Negeri Sarawak
										
											Pejabat PERKESO Negeri Selangor
										
											Pejabat PERKESO Negeri Sembilan
										
											Pejabat PERKESO Negeri Terengganu
										
											Pejabat PERKESO Negeri W.P Kuala Lumpur
										
											Pejabat PERKESO Rawang
										
											Pejabat PERKESO Sandakan
										
											Pejabat PERKESO Sarikei
										
											Pejabat PERKESO Segamat
										
											Pejabat PERKESO Serian
										
											Pejabat PERKESO Sibu
										
											Pejabat PERKESO Sri Aman
										
											Pejabat PERKESO Sri Manjung
										
											Pejabat PERKESO Sungai Petani
										
											Pejabat PERKESO Taiping
										
											Pejabat PERKESO Tanjung Karang
										
											Pejabat PERKESO Tapah
										
											Pejabat PERKESO Tawau
										
											Pejabat PERKESO Teluk Intan
										
											Pejabat PERKESO Temerloh
										
									' or . = '
										--Sila Pilih--
										
											Pejabat PERKESO Batu Pahat
										
											Pejabat PERKESO Beaufort
										
											Pejabat PERKESO Bentong
										
											Pejabat PERKESO Bintulu
										
											Pejabat PERKESO Dungun
										
											Pejabat PERKESO Georgetown
										
											Pejabat PERKESO Kajang
										
											Pejabat PERKESO Kapit
										
											Pejabat PERKESO Kemaman
										
											Pejabat PERKESO Keningau
										
											Pejabat PERKESO Klang
										
											Pejabat PERKESO Kluang
										
											Pejabat PERKESO Kota Marudu
										
											Pejabat PERKESO Kuala Kangsar
										
											Pejabat PERKESO Kuala Krai
										
											Pejabat PERKESO Kuala Pilah
										
											Pejabat PERKESO Kulim
										
											Pejabat PERKESO Labuan
										
											Pejabat PERKESO Lahad Datu
										
											Pejabat PERKESO Langkawi
										
											Pejabat PERKESO Limbang
										
											Pejabat PERKESO Miri
										
											Pejabat PERKESO Muar
										
											Pejabat PERKESO Mukah
										
											Pejabat PERKESO Negeri Johor
										
											Pejabat PERKESO Negeri Kedah
										
											Pejabat PERKESO Negeri Kelantan
										
											Pejabat PERKESO Negeri Melaka
										
											Pejabat PERKESO Negeri Pahang
										
											Pejabat PERKESO Negeri Perak
										
											Pejabat PERKESO Negeri Perlis
										
											Pejabat PERKESO Negeri Pulau Pinang
										
											Pejabat PERKESO Negeri Sabah
										
											Pejabat PERKESO Negeri Sarawak
										
											Pejabat PERKESO Negeri Selangor
										
											Pejabat PERKESO Negeri Sembilan
										
											Pejabat PERKESO Negeri Terengganu
										
											Pejabat PERKESO Negeri W.P Kuala Lumpur
										
											Pejabat PERKESO Rawang
										
											Pejabat PERKESO Sandakan
										
											Pejabat PERKESO Sarikei
										
											Pejabat PERKESO Segamat
										
											Pejabat PERKESO Serian
										
											Pejabat PERKESO Sibu
										
											Pejabat PERKESO Sri Aman
										
											Pejabat PERKESO Sri Manjung
										
											Pejabat PERKESO Sungai Petani
										
											Pejabat PERKESO Taiping
										
											Pejabat PERKESO Tanjung Karang
										
											Pejabat PERKESO Tapah
										
											Pejabat PERKESO Tawau
										
											Pejabat PERKESO Teluk Intan
										
											Pejabat PERKESO Temerloh
										
									')]})
	at com.kms.katalon.core.keyword.internal.KeywordMain.stepFailed(KeywordMain.groovy:36)
	at com.kms.katalon.core.webui.keyword.internal.WebUIKeywordMain.stepFailed(WebUIKeywordMain.groovy:65)
	at com.kms.katalon.core.webui.keyword.internal.WebUIKeywordMain.runKeyword(WebUIKeywordMain.groovy:27)
	at com.kms.katalon.core.webui.keyword.builtin.ClickKeyword.click(ClickKeyword.groovy:86)
	at com.kms.katalon.core.webui.keyword.builtin.ClickKeyword.execute(ClickKeyword.groovy:67)
	at com.kms.katalon.core.keyword.internal.KeywordExecutor.executeKeywordForPlatform(KeywordExecutor.groovy:53)
	at com.kms.katalon.core.webui.keyword.WebUiBuiltInKeywords.click(WebUiBuiltInKeywords.groovy:616)
	at com.kms.katalon.core.webui.keyword.WebUiBuiltInKeywords$click$3.call(Unknown Source)
	at GN_Application_Reg.run(GN_Application_Reg:48)
	at com.kms.katalon.core.main.ScriptEngine.run(ScriptEngine.java:194)
	at com.kms.katalon.core.main.ScriptEngine.runScriptAsRawText(ScriptEngine.java:119)
	at com.kms.katalon.core.main.TestCaseExecutor.runScript(TestCaseExecutor.java:328)
	at com.kms.katalon.core.main.TestCaseExecutor.doExecute(TestCaseExecutor.java:319)
	at com.kms.katalon.core.main.TestCaseExecutor.processExecutionPhase(TestCaseExecutor.java:298)
	at com.kms.katalon.core.main.TestCaseExecutor.accessMainPhase(TestCaseExecutor.java:290)
	at com.kms.katalon.core.main.TestCaseExecutor.execute(TestCaseExecutor.java:224)
	at com.kms.katalon.core.main.TestCaseMain.runTestCase(TestCaseMain.java:106)
	at com.kms.katalon.core.keyword.builtin.CallTestCaseKeyword$_callTestCase_closure1.doCall(CallTestCaseKeyword.groovy:59)
	at com.kms.katalon.core.keyword.builtin.CallTestCaseKeyword$_callTestCase_closure1.call(CallTestCaseKeyword.groovy)
	at com.kms.katalon.core.keyword.internal.KeywordMain.runKeyword(KeywordMain.groovy:54)
	at com.kms.katalon.core.keyword.builtin.CallTestCaseKeyword.callTestCase(CallTestCaseKeyword.groovy:80)
	at com.kms.katalon.core.keyword.builtin.CallTestCaseKeyword.execute(CallTestCaseKeyword.groovy:44)
	at com.kms.katalon.core.keyword.internal.KeywordExecutor.executeKeywordForPlatform(KeywordExecutor.groovy:53)
	at com.kms.katalon.core.keyword.BuiltinKeywords.callTestCase(BuiltinKeywords.groovy:334)
	at GN_Submit Form 7_End to End.run(GN_Submit Form 7_End to End:16)
	at com.kms.katalon.core.main.ScriptEngine.run(ScriptEngine.java:194)
	at com.kms.katalon.core.main.ScriptEngine.runScriptAsRawText(ScriptEngine.java:119)
	at com.kms.katalon.core.main.TestCaseExecutor.runScript(TestCaseExecutor.java:328)
	at com.kms.katalon.core.main.TestCaseExecutor.doExecute(TestCaseExecutor.java:319)
	at com.kms.katalon.core.main.TestCaseExecutor.processExecutionPhase(TestCaseExecutor.java:298)
	at com.kms.katalon.core.main.TestCaseExecutor.accessMainPhase(TestCaseExecutor.java:290)
	at com.kms.katalon.core.main.TestCaseExecutor.execute(TestCaseExecutor.java:224)
	at com.kms.katalon.core.main.TestCaseMain.runTestCase(TestCaseMain.java:106)
	at com.kms.katalon.core.keyword.builtin.CallTestCaseKeyword$_callTestCase_closure1.doCall(CallTestCaseKeyword.groovy:59)
	at com.kms.katalon.core.keyword.builtin.CallTestCaseKeyword$_callTestCase_closure1.call(CallTestCaseKeyword.groovy)
	at com.kms.katalon.core.keyword.internal.KeywordMain.runKeyword(KeywordMain.groovy:54)
	at com.kms.katalon.core.keyword.builtin.CallTestCaseKeyword.callTestCase(CallTestCaseKeyword.groovy:80)
	at com.kms.katalon.core.keyword.builtin.CallTestCaseKeyword.execute(CallTestCaseKeyword.groovy:44)
	at com.kms.katalon.core.keyword.internal.KeywordExecutor.executeKeywordForPlatform(KeywordExecutor.groovy:53)
	at com.kms.katalon.core.keyword.BuiltinKeywords.callTestCase(BuiltinKeywords.groovy:334)
	at Submit Form 7 (General) - Case Reassignment Same Branch SEIO.run(Submit Form 7 (General) - Case Reassignment Same Branch SEIO:16)
	at com.kms.katalon.core.main.ScriptEngine.run(ScriptEngine.java:194)
	at com.kms.katalon.core.main.ScriptEngine.runScriptAsRawText(ScriptEngine.java:119)
	at com.kms.katalon.core.main.TestCaseExecutor.runScript(TestCaseExecutor.java:328)
	at com.kms.katalon.core.main.TestCaseExecutor.doExecute(TestCaseExecutor.java:319)
	at com.kms.katalon.core.main.TestCaseExecutor.processExecutionPhase(TestCaseExecutor.java:298)
	at com.kms.katalon.core.main.TestCaseExecutor.accessMainPhase(TestCaseExecutor.java:290)
	at com.kms.katalon.core.main.TestCaseExecutor.execute(TestCaseExecutor.java:224)
	at com.kms.katalon.core.main.TestSuiteExecutor.accessTestCaseMainPhase(TestSuiteExecutor.java:129)
	at com.kms.katalon.core.main.TestSuiteExecutor.accessTestSuiteMainPhase(TestSuiteExecutor.java:112)
	at com.kms.katalon.core.main.TestSuiteExecutor.execute(TestSuiteExecutor.java:81)
	at com.kms.katalon.core.main.TestCaseMain.startTestSuite(TestCaseMain.java:149)
	at com.kms.katalon.core.main.TestCaseMain$startTestSuite$0.call(Unknown Source)
	at TempTestSuite1550476757023.run(TempTestSuite1550476757023.groovy:36)
"/>
         <system-out><![CDATA[2019-02-18 16:09:18 - [TEST_CASE][FAILED] - Test Cases/All TC/Arranged/0. Full Flow/Submit Form 7 (General) - Case Reassignment Same Branch SEIO: Test Cases/All TC/Arranged/0. Full Flow/Submit Form 7 (General) - Case Reassignment Same Branch SEIO FAILED.
Reason:
com.kms.katalon.core.exception.StepFailedException: Unable to click on object 'Object Repository/ZhiHao/General_User_Submit_form 7/GN_Application_Reg/Page_PERKESO/select_pejabat_perkeso' (Root cause: org.openqa.selenium.UnhandledAlertException: unexpected alert open: {Alert text : HARAP MAKLUM

PERMOHONAN FAEDAH SIP TELAH DIBUAT BAGI PEKERJAAN INI. MOHON MENYEMAK SEMULA STATUS PERMOHONAN BAGI TUNTUTAN FAEDAH TERSEBUT}
  (Session info: chrome=72.0.3626.109)
  (Driver info: chromedriver=2.43.600210 (68dcf5eebde37173d4027fa8635e332711d2874a),platform=Windows NT 6.1.7601 SP1 x86_64) (WARNING: The server did not provide any stacktrace information)
Command duration or timeout: 0 milliseconds: null
Build info: version: '3.7.1', revision: '8a0099a', time: '2017-11-06T21:07:36.161Z'
System info: host: 'WIN7TEST02', ip: '10.20.3.72', os.name: 'Windows 7', os.arch: 'amd64', os.version: '6.1', java.version: '1.8.0_181'
Driver info: com.kms.katalon.selenium.driver.CChromeDriver
Capabilities {acceptInsecureCerts: false, acceptSslCerts: false, applicationCacheEnabled: false, browserConnectionEnabled: false, browserName: chrome, chrome: {chromedriverVersion: 2.43.600210 (68dcf5eebde371..., userDataDir: C:\Users\Admin\AppData\Loca...}, cssSelectorsEnabled: true, databaseEnabled: false, goog:chromeOptions: {debuggerAddress: localhost:64724}, handlesAlerts: true, hasTouchScreen: false, javascriptEnabled: true, locationContextEnabled: true, mobileEmulationEnabled: false, nativeEvents: true, networkConnectionEnabled: false, pageLoadStrategy: normal, platform: XP, platformName: XP, rotatable: false, setWindowRect: true, takesHeapSnapshot: true, takesScreenshot: true, unexpectedAlertBehaviour: , unhandledPromptBehavior: , version: 72.0.3626.109, webStorageEnabled: true}
Session ID: 362279706e58165976387008813c3af5
*** Element info: {Using=xpath, value=//select[@id = 'perkesoOfficeId' and @name = 'perkesoOfficeId' and (text() = '
										--Sila Pilih--
										
											Pejabat PERKESO Batu Pahat
										
											Pejabat PERKESO Beaufort
										
											Pejabat PERKESO Bentong
										
											Pejabat PERKESO Bintulu
										
											Pejabat PERKESO Dungun
										
											Pejabat PERKESO Georgetown
										
											Pejabat PERKESO Kajang
										
											Pejabat PERKESO Kapit
										
											Pejabat PERKESO Kemaman
										
											Pejabat PERKESO Keningau
										
											Pejabat PERKESO Klang
										
											Pejabat PERKESO Kluang
										
											Pejabat PERKESO Kota Marudu
										
											Pejabat PERKESO Kuala Kangsar
										
											Pejabat PERKESO Kuala Krai
										
											Pejabat PERKESO Kuala Pilah
										
											Pejabat PERKESO Kulim
										
											Pejabat PERKESO Labuan
										
											Pejabat PERKESO Lahad Datu
										
											Pejabat PERKESO Langkawi
										
											Pejabat PERKESO Limbang
										
											Pejabat PERKESO Miri
										
											Pejabat PERKESO Muar
										
											Pejabat PERKESO Mukah
										
											Pejabat PERKESO Negeri Johor
										
											Pejabat PERKESO Negeri Kedah
										
											Pejabat PERKESO Negeri Kelantan
										
											Pejabat PERKESO Negeri Melaka
										
											Pejabat PERKESO Negeri Pahang
										
											Pejabat PERKESO Negeri Perak
										
											Pejabat PERKESO Negeri Perlis
										
											Pejabat PERKESO Negeri Pulau Pinang
										
											Pejabat PERKESO Negeri Sabah
										
											Pejabat PERKESO Negeri Sarawak
										
											Pejabat PERKESO Negeri Selangor
										
											Pejabat PERKESO Negeri Sembilan
										
											Pejabat PERKESO Negeri Terengganu
										
											Pejabat PERKESO Negeri W.P Kuala Lumpur
										
											Pejabat PERKESO Rawang
										
											Pejabat PERKESO Sandakan
										
											Pejabat PERKESO Sarikei
										
											Pejabat PERKESO Segamat
										
											Pejabat PERKESO Serian
										
											Pejabat PERKESO Sibu
										
											Pejabat PERKESO Sri Aman
										
											Pejabat PERKESO Sri Manjung
										
											Pejabat PERKESO Sungai Petani
										
											Pejabat PERKESO Taiping
										
											Pejabat PERKESO Tanjung Karang
										
											Pejabat PERKESO Tapah
										
											Pejabat PERKESO Tawau
										
											Pejabat PERKESO Teluk Intan
										
											Pejabat PERKESO Temerloh
										
									' or . = '
										--Sila Pilih--
										
											Pejabat PERKESO Batu Pahat
										
											Pejabat PERKESO Beaufort
										
											Pejabat PERKESO Bentong
										
											Pejabat PERKESO Bintulu
										
											Pejabat PERKESO Dungun
										
											Pejabat PERKESO Georgetown
										
											Pejabat PERKESO Kajang
										
											Pejabat PERKESO Kapit
										
											Pejabat PERKESO Kemaman
										
											Pejabat PERKESO Keningau
										
											Pejabat PERKESO Klang
										
											Pejabat PERKESO Kluang
										
											Pejabat PERKESO Kota Marudu
										
											Pejabat PERKESO Kuala Kangsar
										
											Pejabat PERKESO Kuala Krai
										
											Pejabat PERKESO Kuala Pilah
										
											Pejabat PERKESO Kulim
										
											Pejabat PERKESO Labuan
										
											Pejabat PERKESO Lahad Datu
										
											Pejabat PERKESO Langkawi
										
											Pejabat PERKESO Limbang
										
											Pejabat PERKESO Miri
										
											Pejabat PERKESO Muar
										
											Pejabat PERKESO Mukah
										
											Pejabat PERKESO Negeri Johor
										
											Pejabat PERKESO Negeri Kedah
										
											Pejabat PERKESO Negeri Kelantan
										
											Pejabat PERKESO Negeri Melaka
										
											Pejabat PERKESO Negeri Pahang
										
											Pejabat PERKESO Negeri Perak
										
											Pejabat PERKESO Negeri Perlis
										
											Pejabat PERKESO Negeri Pulau Pinang
										
											Pejabat PERKESO Negeri Sabah
										
											Pejabat PERKESO Negeri Sarawak
										
											Pejabat PERKESO Negeri Selangor
										
											Pejabat PERKESO Negeri Sembilan
										
											Pejabat PERKESO Negeri Terengganu
										
											Pejabat PERKESO Negeri W.P Kuala Lumpur
										
											Pejabat PERKESO Rawang
										
											Pejabat PERKESO Sandakan
										
											Pejabat PERKESO Sarikei
										
											Pejabat PERKESO Segamat
										
											Pejabat PERKESO Serian
										
											Pejabat PERKESO Sibu
										
											Pejabat PERKESO Sri Aman
										
											Pejabat PERKESO Sri Manjung
										
											Pejabat PERKESO Sungai Petani
										
											Pejabat PERKESO Taiping
										
											Pejabat PERKESO Tanjung Karang
										
											Pejabat PERKESO Tapah
										
											Pejabat PERKESO Tawau
										
											Pejabat PERKESO Teluk Intan
										
											Pejabat PERKESO Temerloh
										
									')]})
	at com.kms.katalon.core.keyword.internal.KeywordMain.stepFailed(KeywordMain.groovy:36)
	at com.kms.katalon.core.webui.keyword.internal.WebUIKeywordMain.stepFailed(WebUIKeywordMain.groovy:65)
	at com.kms.katalon.core.webui.keyword.internal.WebUIKeywordMain.runKeyword(WebUIKeywordMain.groovy:27)
	at com.kms.katalon.core.webui.keyword.builtin.ClickKeyword.click(ClickKeyword.groovy:86)
	at com.kms.katalon.core.webui.keyword.builtin.ClickKeyword.execute(ClickKeyword.groovy:67)
	at com.kms.katalon.core.keyword.internal.KeywordExecutor.executeKeywordForPlatform(KeywordExecutor.groovy:53)
	at com.kms.katalon.core.webui.keyword.WebUiBuiltInKeywords.click(WebUiBuiltInKeywords.groovy:616)
	at com.kms.katalon.core.webui.keyword.WebUiBuiltInKeywords$click$3.call(Unknown Source)
	at GN_Application_Reg.run(GN_Application_Reg:48)
	at com.kms.katalon.core.main.ScriptEngine.run(ScriptEngine.java:194)
	at com.kms.katalon.core.main.ScriptEngine.runScriptAsRawText(ScriptEngine.java:119)
	at com.kms.katalon.core.main.TestCaseExecutor.runScript(TestCaseExecutor.java:328)
	at com.kms.katalon.core.main.TestCaseExecutor.doExecute(TestCaseExecutor.java:319)
	at com.kms.katalon.core.main.TestCaseExecutor.processExecutionPhase(TestCaseExecutor.java:298)
	at com.kms.katalon.core.main.TestCaseExecutor.accessMainPhase(TestCaseExecutor.java:290)
	at com.kms.katalon.core.main.TestCaseExecutor.execute(TestCaseExecutor.java:224)
	at com.kms.katalon.core.main.TestCaseMain.runTestCase(TestCaseMain.java:106)
	at com.kms.katalon.core.keyword.builtin.CallTestCaseKeyword$_callTestCase_closure1.doCall(CallTestCaseKeyword.groovy:59)
	at com.kms.katalon.core.keyword.builtin.CallTestCaseKeyword$_callTestCase_closure1.call(CallTestCaseKeyword.groovy)
	at com.kms.katalon.core.keyword.internal.KeywordMain.runKeyword(KeywordMain.groovy:54)
	at com.kms.katalon.core.keyword.builtin.CallTestCaseKeyword.callTestCase(CallTestCaseKeyword.groovy:80)
	at com.kms.katalon.core.keyword.builtin.CallTestCaseKeyword.execute(CallTestCaseKeyword.groovy:44)
	at com.kms.katalon.core.keyword.internal.KeywordExecutor.executeKeywordForPlatform(KeywordExecutor.groovy:53)
	at com.kms.katalon.core.keyword.BuiltinKeywords.callTestCase(BuiltinKeywords.groovy:334)
	at GN_Submit Form 7_End to End.run(GN_Submit Form 7_End to End:16)
	at com.kms.katalon.core.main.ScriptEngine.run(ScriptEngine.java:194)
	at com.kms.katalon.core.main.ScriptEngine.runScriptAsRawText(ScriptEngine.java:119)
	at com.kms.katalon.core.main.TestCaseExecutor.runScript(TestCaseExecutor.java:328)
	at com.kms.katalon.core.main.TestCaseExecutor.doExecute(TestCaseExecutor.java:319)
	at com.kms.katalon.core.main.TestCaseExecutor.processExecutionPhase(TestCaseExecutor.java:298)
	at com.kms.katalon.core.main.TestCaseExecutor.accessMainPhase(TestCaseExecutor.java:290)
	at com.kms.katalon.core.main.TestCaseExecutor.execute(TestCaseExecutor.java:224)
	at com.kms.katalon.core.main.TestCaseMain.runTestCase(TestCaseMain.java:106)
	at com.kms.katalon.core.keyword.builtin.CallTestCaseKeyword$_callTestCase_closure1.doCall(CallTestCaseKeyword.groovy:59)
	at com.kms.katalon.core.keyword.builtin.CallTestCaseKeyword$_callTestCase_closure1.call(CallTestCaseKeyword.groovy)
	at com.kms.katalon.core.keyword.internal.KeywordMain.runKeyword(KeywordMain.groovy:54)
	at com.kms.katalon.core.keyword.builtin.CallTestCaseKeyword.callTestCase(CallTestCaseKeyword.groovy:80)
	at com.kms.katalon.core.keyword.builtin.CallTestCaseKeyword.execute(CallTestCaseKeyword.groovy:44)
	at com.kms.katalon.core.keyword.internal.KeywordExecutor.executeKeywordForPlatform(KeywordExecutor.groovy:53)
	at com.kms.katalon.core.keyword.BuiltinKeywords.callTestCase(BuiltinKeywords.groovy:334)
	at Submit Form 7 (General) - Case Reassignment Same Branch SEIO.run(Submit Form 7 (General) - Case Reassignment Same Branch SEIO:16)
	at com.kms.katalon.core.main.ScriptEngine.run(ScriptEngine.java:194)
	at com.kms.katalon.core.main.ScriptEngine.runScriptAsRawText(ScriptEngine.java:119)
	at com.kms.katalon.core.main.TestCaseExecutor.runScript(TestCaseExecutor.java:328)
	at com.kms.katalon.core.main.TestCaseExecutor.doExecute(TestCaseExecutor.java:319)
	at com.kms.katalon.core.main.TestCaseExecutor.processExecutionPhase(TestCaseExecutor.java:298)
	at com.kms.katalon.core.main.TestCaseExecutor.accessMainPhase(TestCaseExecutor.java:290)
	at com.kms.katalon.core.main.TestCaseExecutor.execute(TestCaseExecutor.java:224)
	at com.kms.katalon.core.main.TestSuiteExecutor.accessTestCaseMainPhase(TestSuiteExecutor.java:129)
	at com.kms.katalon.core.main.TestSuiteExecutor.accessTestSuiteMainPhase(TestSuiteExecutor.java:112)
	at com.kms.katalon.core.main.TestSuiteExecutor.execute(TestSuiteExecutor.java:81)
	at com.kms.katalon.core.main.TestCaseMain.startTestSuite(TestCaseMain.java:149)
	at com.kms.katalon.core.main.TestCaseMain$startTestSuite$0.call(Unknown Source)
	at TempTestSuite1550476757023.run(TempTestSuite1550476757023.groovy:36)


2019-02-18 16:09:18 - [TEST_STEP][FAILED] - callTestCase(findTestCase("All TC/Arranged/2. Segment/GN_Submit Form 7_End to End"), [:], STOP_ON_FAILURE): callTestCase(findTestCase("All TC/Arranged/2. Segment/GN_Submit Form 7_End to End"), [:], STOP_ON_FAILURE) FAILED.
Reason:
com.kms.katalon.core.exception.StepFailedException: Unable to click on object 'Object Repository/ZhiHao/General_User_Submit_form 7/GN_Application_Reg/Page_PERKESO/select_pejabat_perkeso' (Root cause: org.openqa.selenium.UnhandledAlertException: unexpected alert open: {Alert text : HARAP MAKLUM

PERMOHONAN FAEDAH SIP TELAH DIBUAT BAGI PEKERJAAN INI. MOHON MENYEMAK SEMULA STATUS PERMOHONAN BAGI TUNTUTAN FAEDAH TERSEBUT}
  (Session info: chrome=72.0.3626.109)
  (Driver info: chromedriver=2.43.600210 (68dcf5eebde37173d4027fa8635e332711d2874a),platform=Windows NT 6.1.7601 SP1 x86_64) (WARNING: The server did not provide any stacktrace information)
Command duration or timeout: 0 milliseconds: null
Build info: version: '3.7.1', revision: '8a0099a', time: '2017-11-06T21:07:36.161Z'
System info: host: 'WIN7TEST02', ip: '10.20.3.72', os.name: 'Windows 7', os.arch: 'amd64', os.version: '6.1', java.version: '1.8.0_181'
Driver info: com.kms.katalon.selenium.driver.CChromeDriver
Capabilities {acceptInsecureCerts: false, acceptSslCerts: false, applicationCacheEnabled: false, browserConnectionEnabled: false, browserName: chrome, chrome: {chromedriverVersion: 2.43.600210 (68dcf5eebde371..., userDataDir: C:\Users\Admin\AppData\Loca...}, cssSelectorsEnabled: true, databaseEnabled: false, goog:chromeOptions: {debuggerAddress: localhost:64724}, handlesAlerts: true, hasTouchScreen: false, javascriptEnabled: true, locationContextEnabled: true, mobileEmulationEnabled: false, nativeEvents: true, networkConnectionEnabled: false, pageLoadStrategy: normal, platform: XP, platformName: XP, rotatable: false, setWindowRect: true, takesHeapSnapshot: true, takesScreenshot: true, unexpectedAlertBehaviour: , unhandledPromptBehavior: , version: 72.0.3626.109, webStorageEnabled: true}
Session ID: 362279706e58165976387008813c3af5
*** Element info: {Using=xpath, value=//select[@id = 'perkesoOfficeId' and @name = 'perkesoOfficeId' and (text() = '
										--Sila Pilih--
										
											Pejabat PERKESO Batu Pahat
										
											Pejabat PERKESO Beaufort
										
											Pejabat PERKESO Bentong
										
											Pejabat PERKESO Bintulu
										
											Pejabat PERKESO Dungun
										
											Pejabat PERKESO Georgetown
										
											Pejabat PERKESO Kajang
										
											Pejabat PERKESO Kapit
										
											Pejabat PERKESO Kemaman
										
											Pejabat PERKESO Keningau
										
											Pejabat PERKESO Klang
										
											Pejabat PERKESO Kluang
										
											Pejabat PERKESO Kota Marudu
										
											Pejabat PERKESO Kuala Kangsar
										
											Pejabat PERKESO Kuala Krai
										
											Pejabat PERKESO Kuala Pilah
										
											Pejabat PERKESO Kulim
										
											Pejabat PERKESO Labuan
										
											Pejabat PERKESO Lahad Datu
										
											Pejabat PERKESO Langkawi
										
											Pejabat PERKESO Limbang
										
											Pejabat PERKESO Miri
										
											Pejabat PERKESO Muar
										
											Pejabat PERKESO Mukah
										
											Pejabat PERKESO Negeri Johor
										
											Pejabat PERKESO Negeri Kedah
										
											Pejabat PERKESO Negeri Kelantan
										
											Pejabat PERKESO Negeri Melaka
										
											Pejabat PERKESO Negeri Pahang
										
											Pejabat PERKESO Negeri Perak
										
											Pejabat PERKESO Negeri Perlis
										
											Pejabat PERKESO Negeri Pulau Pinang
										
											Pejabat PERKESO Negeri Sabah
										
											Pejabat PERKESO Negeri Sarawak
										
											Pejabat PERKESO Negeri Selangor
										
											Pejabat PERKESO Negeri Sembilan
										
											Pejabat PERKESO Negeri Terengganu
										
											Pejabat PERKESO Negeri W.P Kuala Lumpur
										
											Pejabat PERKESO Rawang
										
											Pejabat PERKESO Sandakan
										
											Pejabat PERKESO Sarikei
										
											Pejabat PERKESO Segamat
										
											Pejabat PERKESO Serian
										
											Pejabat PERKESO Sibu
										
											Pejabat PERKESO Sri Aman
										
											Pejabat PERKESO Sri Manjung
										
											Pejabat PERKESO Sungai Petani
										
											Pejabat PERKESO Taiping
										
											Pejabat PERKESO Tanjung Karang
										
											Pejabat PERKESO Tapah
										
											Pejabat PERKESO Tawau
										
											Pejabat PERKESO Teluk Intan
										
											Pejabat PERKESO Temerloh
										
									' or . = '
										--Sila Pilih--
										
											Pejabat PERKESO Batu Pahat
										
											Pejabat PERKESO Beaufort
										
											Pejabat PERKESO Bentong
										
											Pejabat PERKESO Bintulu
										
											Pejabat PERKESO Dungun
										
											Pejabat PERKESO Georgetown
										
											Pejabat PERKESO Kajang
										
											Pejabat PERKESO Kapit
										
											Pejabat PERKESO Kemaman
										
											Pejabat PERKESO Keningau
										
											Pejabat PERKESO Klang
										
											Pejabat PERKESO Kluang
										
											Pejabat PERKESO Kota Marudu
										
											Pejabat PERKESO Kuala Kangsar
										
											Pejabat PERKESO Kuala Krai
										
											Pejabat PERKESO Kuala Pilah
										
											Pejabat PERKESO Kulim
										
											Pejabat PERKESO Labuan
										
											Pejabat PERKESO Lahad Datu
										
											Pejabat PERKESO Langkawi
										
											Pejabat PERKESO Limbang
										
											Pejabat PERKESO Miri
										
											Pejabat PERKESO Muar
										
											Pejabat PERKESO Mukah
										
											Pejabat PERKESO Negeri Johor
										
											Pejabat PERKESO Negeri Kedah
										
											Pejabat PERKESO Negeri Kelantan
										
											Pejabat PERKESO Negeri Melaka
										
											Pejabat PERKESO Negeri Pahang
										
											Pejabat PERKESO Negeri Perak
										
											Pejabat PERKESO Negeri Perlis
										
											Pejabat PERKESO Negeri Pulau Pinang
										
											Pejabat PERKESO Negeri Sabah
										
											Pejabat PERKESO Negeri Sarawak
										
											Pejabat PERKESO Negeri Selangor
										
											Pejabat PERKESO Negeri Sembilan
										
											Pejabat PERKESO Negeri Terengganu
										
											Pejabat PERKESO Negeri W.P Kuala Lumpur
										
											Pejabat PERKESO Rawang
										
											Pejabat PERKESO Sandakan
										
											Pejabat PERKESO Sarikei
										
											Pejabat PERKESO Segamat
										
											Pejabat PERKESO Serian
										
											Pejabat PERKESO Sibu
										
											Pejabat PERKESO Sri Aman
										
											Pejabat PERKESO Sri Manjung
										
											Pejabat PERKESO Sungai Petani
										
											Pejabat PERKESO Taiping
										
											Pejabat PERKESO Tanjung Karang
										
											Pejabat PERKESO Tapah
										
											Pejabat PERKESO Tawau
										
											Pejabat PERKESO Teluk Intan
										
											Pejabat PERKESO Temerloh
										
									')]})
	at com.kms.katalon.core.keyword.internal.KeywordMain.stepFailed(KeywordMain.groovy:36)
	at com.kms.katalon.core.webui.keyword.internal.WebUIKeywordMain.stepFailed(WebUIKeywordMain.groovy:65)
	at com.kms.katalon.core.webui.keyword.internal.WebUIKeywordMain.runKeyword(WebUIKeywordMain.groovy:27)
	at com.kms.katalon.core.webui.keyword.builtin.ClickKeyword.click(ClickKeyword.groovy:86)
	at com.kms.katalon.core.webui.keyword.builtin.ClickKeyword.execute(ClickKeyword.groovy:67)
	at com.kms.katalon.core.keyword.internal.KeywordExecutor.executeKeywordForPlatform(KeywordExecutor.groovy:53)
	at com.kms.katalon.core.webui.keyword.WebUiBuiltInKeywords.click(WebUiBuiltInKeywords.groovy:616)
	at com.kms.katalon.core.webui.keyword.WebUiBuiltInKeywords$click$3.call(Unknown Source)
	at GN_Application_Reg.run(GN_Application_Reg:48)
	at com.kms.katalon.core.main.ScriptEngine.run(ScriptEngine.java:194)
	at com.kms.katalon.core.main.ScriptEngine.runScriptAsRawText(ScriptEngine.java:119)
	at com.kms.katalon.core.main.TestCaseExecutor.runScript(TestCaseExecutor.java:328)
	at com.kms.katalon.core.main.TestCaseExecutor.doExecute(TestCaseExecutor.java:319)
	at com.kms.katalon.core.main.TestCaseExecutor.processExecutionPhase(TestCaseExecutor.java:298)
	at com.kms.katalon.core.main.TestCaseExecutor.accessMainPhase(TestCaseExecutor.java:290)
	at com.kms.katalon.core.main.TestCaseExecutor.execute(TestCaseExecutor.java:224)
	at com.kms.katalon.core.main.TestCaseMain.runTestCase(TestCaseMain.java:106)
	at com.kms.katalon.core.keyword.builtin.CallTestCaseKeyword$_callTestCase_closure1.doCall(CallTestCaseKeyword.groovy:59)
	at com.kms.katalon.core.keyword.builtin.CallTestCaseKeyword$_callTestCase_closure1.call(CallTestCaseKeyword.groovy)
	at com.kms.katalon.core.keyword.internal.KeywordMain.runKeyword(KeywordMain.groovy:54)
	at com.kms.katalon.core.keyword.builtin.CallTestCaseKeyword.callTestCase(CallTestCaseKeyword.groovy:80)
	at com.kms.katalon.core.keyword.builtin.CallTestCaseKeyword.execute(CallTestCaseKeyword.groovy:44)
	at com.kms.katalon.core.keyword.internal.KeywordExecutor.executeKeywordForPlatform(KeywordExecutor.groovy:53)
	at com.kms.katalon.core.keyword.BuiltinKeywords.callTestCase(BuiltinKeywords.groovy:334)
	at GN_Submit Form 7_End to End.run(GN_Submit Form 7_End to End:16)
	at com.kms.katalon.core.main.ScriptEngine.run(ScriptEngine.java:194)
	at com.kms.katalon.core.main.ScriptEngine.runScriptAsRawText(ScriptEngine.java:119)
	at com.kms.katalon.core.main.TestCaseExecutor.runScript(TestCaseExecutor.java:328)
	at com.kms.katalon.core.main.TestCaseExecutor.doExecute(TestCaseExecutor.java:319)
	at com.kms.katalon.core.main.TestCaseExecutor.processExecutionPhase(TestCaseExecutor.java:298)
	at com.kms.katalon.core.main.TestCaseExecutor.accessMainPhase(TestCaseExecutor.java:290)
	at com.kms.katalon.core.main.TestCaseExecutor.execute(TestCaseExecutor.java:224)
	at com.kms.katalon.core.main.TestCaseMain.runTestCase(TestCaseMain.java:106)
	at com.kms.katalon.core.keyword.builtin.CallTestCaseKeyword$_callTestCase_closure1.doCall(CallTestCaseKeyword.groovy:59)
	at com.kms.katalon.core.keyword.builtin.CallTestCaseKeyword$_callTestCase_closure1.call(CallTestCaseKeyword.groovy)
	at com.kms.katalon.core.keyword.internal.KeywordMain.runKeyword(KeywordMain.groovy:54)
	at com.kms.katalon.core.keyword.builtin.CallTestCaseKeyword.callTestCase(CallTestCaseKeyword.groovy:80)
	at com.kms.katalon.core.keyword.builtin.CallTestCaseKeyword.execute(CallTestCaseKeyword.groovy:44)
	at com.kms.katalon.core.keyword.internal.KeywordExecutor.executeKeywordForPlatform(KeywordExecutor.groovy:53)
	at com.kms.katalon.core.keyword.BuiltinKeywords.callTestCase(BuiltinKeywords.groovy:334)
	at Submit Form 7 (General) - Case Reassignment Same Branch SEIO.run(Submit Form 7 (General) - Case Reassignment Same Branch SEIO:16)
	at com.kms.katalon.core.main.ScriptEngine.run(ScriptEngine.java:194)
	at com.kms.katalon.core.main.ScriptEngine.runScriptAsRawText(ScriptEngine.java:119)
	at com.kms.katalon.core.main.TestCaseExecutor.runScript(TestCaseExecutor.java:328)
	at com.kms.katalon.core.main.TestCaseExecutor.doExecute(TestCaseExecutor.java:319)
	at com.kms.katalon.core.main.TestCaseExecutor.processExecutionPhase(TestCaseExecutor.java:298)
	at com.kms.katalon.core.main.TestCaseExecutor.accessMainPhase(TestCaseExecutor.java:290)
	at com.kms.katalon.core.main.TestCaseExecutor.execute(TestCaseExecutor.java:224)
	at com.kms.katalon.core.main.TestSuiteExecutor.accessTestCaseMainPhase(TestSuiteExecutor.java:129)
	at com.kms.katalon.core.main.TestSuiteExecutor.accessTestSuiteMainPhase(TestSuiteExecutor.java:112)
	at com.kms.katalon.core.main.TestSuiteExecutor.execute(TestSuiteExecutor.java:81)
	at com.kms.katalon.core.main.TestCaseMain.startTestSuite(TestCaseMain.java:149)
	at com.kms.katalon.core.main.TestCaseMain$startTestSuite$0.call(Unknown Source)
	at TempTestSuite1550476757023.run(TempTestSuite1550476757023.groovy:36)


2019-02-18 16:09:18 - [TEST_CASE][FAILED] - Test Cases/All TC/Arranged/2. Segment/GN_Submit Form 7_End to End: Test Cases/All TC/Arranged/2. Segment/GN_Submit Form 7_End to End FAILED.
Reason:
com.kms.katalon.core.exception.StepFailedException: Unable to click on object 'Object Repository/ZhiHao/General_User_Submit_form 7/GN_Application_Reg/Page_PERKESO/select_pejabat_perkeso' (Root cause: org.openqa.selenium.UnhandledAlertException: unexpected alert open: {Alert text : HARAP MAKLUM

PERMOHONAN FAEDAH SIP TELAH DIBUAT BAGI PEKERJAAN INI. MOHON MENYEMAK SEMULA STATUS PERMOHONAN BAGI TUNTUTAN FAEDAH TERSEBUT}
  (Session info: chrome=72.0.3626.109)
  (Driver info: chromedriver=2.43.600210 (68dcf5eebde37173d4027fa8635e332711d2874a),platform=Windows NT 6.1.7601 SP1 x86_64) (WARNING: The server did not provide any stacktrace information)
Command duration or timeout: 0 milliseconds: null
Build info: version: '3.7.1', revision: '8a0099a', time: '2017-11-06T21:07:36.161Z'
System info: host: 'WIN7TEST02', ip: '10.20.3.72', os.name: 'Windows 7', os.arch: 'amd64', os.version: '6.1', java.version: '1.8.0_181'
Driver info: com.kms.katalon.selenium.driver.CChromeDriver
Capabilities {acceptInsecureCerts: false, acceptSslCerts: false, applicationCacheEnabled: false, browserConnectionEnabled: false, browserName: chrome, chrome: {chromedriverVersion: 2.43.600210 (68dcf5eebde371..., userDataDir: C:\Users\Admin\AppData\Loca...}, cssSelectorsEnabled: true, databaseEnabled: false, goog:chromeOptions: {debuggerAddress: localhost:64724}, handlesAlerts: true, hasTouchScreen: false, javascriptEnabled: true, locationContextEnabled: true, mobileEmulationEnabled: false, nativeEvents: true, networkConnectionEnabled: false, pageLoadStrategy: normal, platform: XP, platformName: XP, rotatable: false, setWindowRect: true, takesHeapSnapshot: true, takesScreenshot: true, unexpectedAlertBehaviour: , unhandledPromptBehavior: , version: 72.0.3626.109, webStorageEnabled: true}
Session ID: 362279706e58165976387008813c3af5
*** Element info: {Using=xpath, value=//select[@id = 'perkesoOfficeId' and @name = 'perkesoOfficeId' and (text() = '
										--Sila Pilih--
										
											Pejabat PERKESO Batu Pahat
										
											Pejabat PERKESO Beaufort
										
											Pejabat PERKESO Bentong
										
											Pejabat PERKESO Bintulu
										
											Pejabat PERKESO Dungun
										
											Pejabat PERKESO Georgetown
										
											Pejabat PERKESO Kajang
										
											Pejabat PERKESO Kapit
										
											Pejabat PERKESO Kemaman
										
											Pejabat PERKESO Keningau
										
											Pejabat PERKESO Klang
										
											Pejabat PERKESO Kluang
										
											Pejabat PERKESO Kota Marudu
										
											Pejabat PERKESO Kuala Kangsar
										
											Pejabat PERKESO Kuala Krai
										
											Pejabat PERKESO Kuala Pilah
										
											Pejabat PERKESO Kulim
										
											Pejabat PERKESO Labuan
										
											Pejabat PERKESO Lahad Datu
										
											Pejabat PERKESO Langkawi
										
											Pejabat PERKESO Limbang
										
											Pejabat PERKESO Miri
										
											Pejabat PERKESO Muar
										
											Pejabat PERKESO Mukah
										
											Pejabat PERKESO Negeri Johor
										
											Pejabat PERKESO Negeri Kedah
										
											Pejabat PERKESO Negeri Kelantan
										
											Pejabat PERKESO Negeri Melaka
										
											Pejabat PERKESO Negeri Pahang
										
											Pejabat PERKESO Negeri Perak
										
											Pejabat PERKESO Negeri Perlis
										
											Pejabat PERKESO Negeri Pulau Pinang
										
											Pejabat PERKESO Negeri Sabah
										
											Pejabat PERKESO Negeri Sarawak
										
											Pejabat PERKESO Negeri Selangor
										
											Pejabat PERKESO Negeri Sembilan
										
											Pejabat PERKESO Negeri Terengganu
										
											Pejabat PERKESO Negeri W.P Kuala Lumpur
										
											Pejabat PERKESO Rawang
										
											Pejabat PERKESO Sandakan
										
											Pejabat PERKESO Sarikei
										
											Pejabat PERKESO Segamat
										
											Pejabat PERKESO Serian
										
											Pejabat PERKESO Sibu
										
											Pejabat PERKESO Sri Aman
										
											Pejabat PERKESO Sri Manjung
										
											Pejabat PERKESO Sungai Petani
										
											Pejabat PERKESO Taiping
										
											Pejabat PERKESO Tanjung Karang
										
											Pejabat PERKESO Tapah
										
											Pejabat PERKESO Tawau
										
											Pejabat PERKESO Teluk Intan
										
											Pejabat PERKESO Temerloh
										
									' or . = '
										--Sila Pilih--
										
											Pejabat PERKESO Batu Pahat
										
											Pejabat PERKESO Beaufort
										
											Pejabat PERKESO Bentong
										
											Pejabat PERKESO Bintulu
										
											Pejabat PERKESO Dungun
										
											Pejabat PERKESO Georgetown
										
											Pejabat PERKESO Kajang
										
											Pejabat PERKESO Kapit
										
											Pejabat PERKESO Kemaman
										
											Pejabat PERKESO Keningau
										
											Pejabat PERKESO Klang
										
											Pejabat PERKESO Kluang
										
											Pejabat PERKESO Kota Marudu
										
											Pejabat PERKESO Kuala Kangsar
										
											Pejabat PERKESO Kuala Krai
										
											Pejabat PERKESO Kuala Pilah
										
											Pejabat PERKESO Kulim
										
											Pejabat PERKESO Labuan
										
											Pejabat PERKESO Lahad Datu
										
											Pejabat PERKESO Langkawi
										
											Pejabat PERKESO Limbang
										
											Pejabat PERKESO Miri
										
											Pejabat PERKESO Muar
										
											Pejabat PERKESO Mukah
										
											Pejabat PERKESO Negeri Johor
										
											Pejabat PERKESO Negeri Kedah
										
											Pejabat PERKESO Negeri Kelantan
										
											Pejabat PERKESO Negeri Melaka
										
											Pejabat PERKESO Negeri Pahang
										
											Pejabat PERKESO Negeri Perak
										
											Pejabat PERKESO Negeri Perlis
										
											Pejabat PERKESO Negeri Pulau Pinang
										
											Pejabat PERKESO Negeri Sabah
										
											Pejabat PERKESO Negeri Sarawak
										
											Pejabat PERKESO Negeri Selangor
										
											Pejabat PERKESO Negeri Sembilan
										
											Pejabat PERKESO Negeri Terengganu
										
											Pejabat PERKESO Negeri W.P Kuala Lumpur
										
											Pejabat PERKESO Rawang
										
											Pejabat PERKESO Sandakan
										
											Pejabat PERKESO Sarikei
										
											Pejabat PERKESO Segamat
										
											Pejabat PERKESO Serian
										
											Pejabat PERKESO Sibu
										
											Pejabat PERKESO Sri Aman
										
											Pejabat PERKESO Sri Manjung
										
											Pejabat PERKESO Sungai Petani
										
											Pejabat PERKESO Taiping
										
											Pejabat PERKESO Tanjung Karang
										
											Pejabat PERKESO Tapah
										
											Pejabat PERKESO Tawau
										
											Pejabat PERKESO Teluk Intan
										
											Pejabat PERKESO Temerloh
										
									')]})
	at com.kms.katalon.core.keyword.internal.KeywordMain.stepFailed(KeywordMain.groovy:36)
	at com.kms.katalon.core.webui.keyword.internal.WebUIKeywordMain.stepFailed(WebUIKeywordMain.groovy:65)
	at com.kms.katalon.core.webui.keyword.internal.WebUIKeywordMain.runKeyword(WebUIKeywordMain.groovy:27)
	at com.kms.katalon.core.webui.keyword.builtin.ClickKeyword.click(ClickKeyword.groovy:86)
	at com.kms.katalon.core.webui.keyword.builtin.ClickKeyword.execute(ClickKeyword.groovy:67)
	at com.kms.katalon.core.keyword.internal.KeywordExecutor.executeKeywordForPlatform(KeywordExecutor.groovy:53)
	at com.kms.katalon.core.webui.keyword.WebUiBuiltInKeywords.click(WebUiBuiltInKeywords.groovy:616)
	at com.kms.katalon.core.webui.keyword.WebUiBuiltInKeywords$click$3.call(Unknown Source)
	at GN_Application_Reg.run(GN_Application_Reg:48)
	at com.kms.katalon.core.main.ScriptEngine.run(ScriptEngine.java:194)
	at com.kms.katalon.core.main.ScriptEngine.runScriptAsRawText(ScriptEngine.java:119)
	at com.kms.katalon.core.main.TestCaseExecutor.runScript(TestCaseExecutor.java:328)
	at com.kms.katalon.core.main.TestCaseExecutor.doExecute(TestCaseExecutor.java:319)
	at com.kms.katalon.core.main.TestCaseExecutor.processExecutionPhase(TestCaseExecutor.java:298)
	at com.kms.katalon.core.main.TestCaseExecutor.accessMainPhase(TestCaseExecutor.java:290)
	at com.kms.katalon.core.main.TestCaseExecutor.execute(TestCaseExecutor.java:224)
	at com.kms.katalon.core.main.TestCaseMain.runTestCase(TestCaseMain.java:106)
	at com.kms.katalon.core.keyword.builtin.CallTestCaseKeyword$_callTestCase_closure1.doCall(CallTestCaseKeyword.groovy:59)
	at com.kms.katalon.core.keyword.builtin.CallTestCaseKeyword$_callTestCase_closure1.call(CallTestCaseKeyword.groovy)
	at com.kms.katalon.core.keyword.internal.KeywordMain.runKeyword(KeywordMain.groovy:54)
	at com.kms.katalon.core.keyword.builtin.CallTestCaseKeyword.callTestCase(CallTestCaseKeyword.groovy:80)
	at com.kms.katalon.core.keyword.builtin.CallTestCaseKeyword.execute(CallTestCaseKeyword.groovy:44)
	at com.kms.katalon.core.keyword.internal.KeywordExecutor.executeKeywordForPlatform(KeywordExecutor.groovy:53)
	at com.kms.katalon.core.keyword.BuiltinKeywords.callTestCase(BuiltinKeywords.groovy:334)
	at GN_Submit Form 7_End to End.run(GN_Submit Form 7_End to End:16)
	at com.kms.katalon.core.main.ScriptEngine.run(ScriptEngine.java:194)
	at com.kms.katalon.core.main.ScriptEngine.runScriptAsRawText(ScriptEngine.java:119)
	at com.kms.katalon.core.main.TestCaseExecutor.runScript(TestCaseExecutor.java:328)
	at com.kms.katalon.core.main.TestCaseExecutor.doExecute(TestCaseExecutor.java:319)
	at com.kms.katalon.core.main.TestCaseExecutor.processExecutionPhase(TestCaseExecutor.java:298)
	at com.kms.katalon.core.main.TestCaseExecutor.accessMainPhase(TestCaseExecutor.java:290)
	at com.kms.katalon.core.main.TestCaseExecutor.execute(TestCaseExecutor.java:224)
	at com.kms.katalon.core.main.TestCaseMain.runTestCase(TestCaseMain.java:106)
	at com.kms.katalon.core.keyword.builtin.CallTestCaseKeyword$_callTestCase_closure1.doCall(CallTestCaseKeyword.groovy:59)
	at com.kms.katalon.core.keyword.builtin.CallTestCaseKeyword$_callTestCase_closure1.call(CallTestCaseKeyword.groovy)
	at com.kms.katalon.core.keyword.internal.KeywordMain.runKeyword(KeywordMain.groovy:54)
	at com.kms.katalon.core.keyword.builtin.CallTestCaseKeyword.callTestCase(CallTestCaseKeyword.groovy:80)
	at com.kms.katalon.core.keyword.builtin.CallTestCaseKeyword.execute(CallTestCaseKeyword.groovy:44)
	at com.kms.katalon.core.keyword.internal.KeywordExecutor.executeKeywordForPlatform(KeywordExecutor.groovy:53)
	at com.kms.katalon.core.keyword.BuiltinKeywords.callTestCase(BuiltinKeywords.groovy:334)
	at Submit Form 7 (General) - Case Reassignment Same Branch SEIO.run(Submit Form 7 (General) - Case Reassignment Same Branch SEIO:16)
	at com.kms.katalon.core.main.ScriptEngine.run(ScriptEngine.java:194)
	at com.kms.katalon.core.main.ScriptEngine.runScriptAsRawText(ScriptEngine.java:119)
	at com.kms.katalon.core.main.TestCaseExecutor.runScript(TestCaseExecutor.java:328)
	at com.kms.katalon.core.main.TestCaseExecutor.doExecute(TestCaseExecutor.java:319)
	at com.kms.katalon.core.main.TestCaseExecutor.processExecutionPhase(TestCaseExecutor.java:298)
	at com.kms.katalon.core.main.TestCaseExecutor.accessMainPhase(TestCaseExecutor.java:290)
	at com.kms.katalon.core.main.TestCaseExecutor.execute(TestCaseExecutor.java:224)
	at com.kms.katalon.core.main.TestSuiteExecutor.accessTestCaseMainPhase(TestSuiteExecutor.java:129)
	at com.kms.katalon.core.main.TestSuiteExecutor.accessTestSuiteMainPhase(TestSuiteExecutor.java:112)
	at com.kms.katalon.core.main.TestSuiteExecutor.execute(TestSuiteExecutor.java:81)
	at com.kms.katalon.core.main.TestCaseMain.startTestSuite(TestCaseMain.java:149)
	at com.kms.katalon.core.main.TestCaseMain$startTestSuite$0.call(Unknown Source)
	at TempTestSuite1550476757023.run(TempTestSuite1550476757023.groovy:36)


2019-02-18 16:09:18 - [TEST_STEP][FAILED] - callTestCase(findTestCase("All TC/Arranged/3. Unit/EI/GN submit form 7/GN_Application_Reg"), [:], STOP_ON_FAILURE): callTestCase(findTestCase("All TC/Arranged/3. Unit/EI/GN submit form 7/GN_Application_Reg"), [:], STOP_ON_FAILURE) FAILED.
Reason:
com.kms.katalon.core.exception.StepFailedException: Unable to click on object 'Object Repository/ZhiHao/General_User_Submit_form 7/GN_Application_Reg/Page_PERKESO/select_pejabat_perkeso' (Root cause: org.openqa.selenium.UnhandledAlertException: unexpected alert open: {Alert text : HARAP MAKLUM

PERMOHONAN FAEDAH SIP TELAH DIBUAT BAGI PEKERJAAN INI. MOHON MENYEMAK SEMULA STATUS PERMOHONAN BAGI TUNTUTAN FAEDAH TERSEBUT}
  (Session info: chrome=72.0.3626.109)
  (Driver info: chromedriver=2.43.600210 (68dcf5eebde37173d4027fa8635e332711d2874a),platform=Windows NT 6.1.7601 SP1 x86_64) (WARNING: The server did not provide any stacktrace information)
Command duration or timeout: 0 milliseconds: null
Build info: version: '3.7.1', revision: '8a0099a', time: '2017-11-06T21:07:36.161Z'
System info: host: 'WIN7TEST02', ip: '10.20.3.72', os.name: 'Windows 7', os.arch: 'amd64', os.version: '6.1', java.version: '1.8.0_181'
Driver info: com.kms.katalon.selenium.driver.CChromeDriver
Capabilities {acceptInsecureCerts: false, acceptSslCerts: false, applicationCacheEnabled: false, browserConnectionEnabled: false, browserName: chrome, chrome: {chromedriverVersion: 2.43.600210 (68dcf5eebde371..., userDataDir: C:\Users\Admin\AppData\Loca...}, cssSelectorsEnabled: true, databaseEnabled: false, goog:chromeOptions: {debuggerAddress: localhost:64724}, handlesAlerts: true, hasTouchScreen: false, javascriptEnabled: true, locationContextEnabled: true, mobileEmulationEnabled: false, nativeEvents: true, networkConnectionEnabled: false, pageLoadStrategy: normal, platform: XP, platformName: XP, rotatable: false, setWindowRect: true, takesHeapSnapshot: true, takesScreenshot: true, unexpectedAlertBehaviour: , unhandledPromptBehavior: , version: 72.0.3626.109, webStorageEnabled: true}
Session ID: 362279706e58165976387008813c3af5
*** Element info: {Using=xpath, value=//select[@id = 'perkesoOfficeId' and @name = 'perkesoOfficeId' and (text() = '
										--Sila Pilih--
										
											Pejabat PERKESO Batu Pahat
										
											Pejabat PERKESO Beaufort
										
											Pejabat PERKESO Bentong
										
											Pejabat PERKESO Bintulu
										
											Pejabat PERKESO Dungun
										
											Pejabat PERKESO Georgetown
										
											Pejabat PERKESO Kajang
										
											Pejabat PERKESO Kapit
										
											Pejabat PERKESO Kemaman
										
											Pejabat PERKESO Keningau
										
											Pejabat PERKESO Klang
										
											Pejabat PERKESO Kluang
										
											Pejabat PERKESO Kota Marudu
										
											Pejabat PERKESO Kuala Kangsar
										
											Pejabat PERKESO Kuala Krai
										
											Pejabat PERKESO Kuala Pilah
										
											Pejabat PERKESO Kulim
										
											Pejabat PERKESO Labuan
										
											Pejabat PERKESO Lahad Datu
										
											Pejabat PERKESO Langkawi
										
											Pejabat PERKESO Limbang
										
											Pejabat PERKESO Miri
										
											Pejabat PERKESO Muar
										
											Pejabat PERKESO Mukah
										
											Pejabat PERKESO Negeri Johor
										
											Pejabat PERKESO Negeri Kedah
										
											Pejabat PERKESO Negeri Kelantan
										
											Pejabat PERKESO Negeri Melaka
										
											Pejabat PERKESO Negeri Pahang
										
											Pejabat PERKESO Negeri Perak
										
											Pejabat PERKESO Negeri Perlis
										
											Pejabat PERKESO Negeri Pulau Pinang
										
											Pejabat PERKESO Negeri Sabah
										
											Pejabat PERKESO Negeri Sarawak
										
											Pejabat PERKESO Negeri Selangor
										
											Pejabat PERKESO Negeri Sembilan
										
											Pejabat PERKESO Negeri Terengganu
										
											Pejabat PERKESO Negeri W.P Kuala Lumpur
										
											Pejabat PERKESO Rawang
										
											Pejabat PERKESO Sandakan
										
											Pejabat PERKESO Sarikei
										
											Pejabat PERKESO Segamat
										
											Pejabat PERKESO Serian
										
											Pejabat PERKESO Sibu
										
											Pejabat PERKESO Sri Aman
										
											Pejabat PERKESO Sri Manjung
										
											Pejabat PERKESO Sungai Petani
										
											Pejabat PERKESO Taiping
										
											Pejabat PERKESO Tanjung Karang
										
											Pejabat PERKESO Tapah
										
											Pejabat PERKESO Tawau
										
											Pejabat PERKESO Teluk Intan
										
											Pejabat PERKESO Temerloh
										
									' or . = '
										--Sila Pilih--
										
											Pejabat PERKESO Batu Pahat
										
											Pejabat PERKESO Beaufort
										
											Pejabat PERKESO Bentong
										
											Pejabat PERKESO Bintulu
										
											Pejabat PERKESO Dungun
										
											Pejabat PERKESO Georgetown
										
											Pejabat PERKESO Kajang
										
											Pejabat PERKESO Kapit
										
											Pejabat PERKESO Kemaman
										
											Pejabat PERKESO Keningau
										
											Pejabat PERKESO Klang
										
											Pejabat PERKESO Kluang
										
											Pejabat PERKESO Kota Marudu
										
											Pejabat PERKESO Kuala Kangsar
										
											Pejabat PERKESO Kuala Krai
										
											Pejabat PERKESO Kuala Pilah
										
											Pejabat PERKESO Kulim
										
											Pejabat PERKESO Labuan
										
											Pejabat PERKESO Lahad Datu
										
											Pejabat PERKESO Langkawi
										
											Pejabat PERKESO Limbang
										
											Pejabat PERKESO Miri
										
											Pejabat PERKESO Muar
										
											Pejabat PERKESO Mukah
										
											Pejabat PERKESO Negeri Johor
										
											Pejabat PERKESO Negeri Kedah
										
											Pejabat PERKESO Negeri Kelantan
										
											Pejabat PERKESO Negeri Melaka
										
											Pejabat PERKESO Negeri Pahang
										
											Pejabat PERKESO Negeri Perak
										
											Pejabat PERKESO Negeri Perlis
										
											Pejabat PERKESO Negeri Pulau Pinang
										
											Pejabat PERKESO Negeri Sabah
										
											Pejabat PERKESO Negeri Sarawak
										
											Pejabat PERKESO Negeri Selangor
										
											Pejabat PERKESO Negeri Sembilan
										
											Pejabat PERKESO Negeri Terengganu
										
											Pejabat PERKESO Negeri W.P Kuala Lumpur
										
											Pejabat PERKESO Rawang
										
											Pejabat PERKESO Sandakan
										
											Pejabat PERKESO Sarikei
										
											Pejabat PERKESO Segamat
										
											Pejabat PERKESO Serian
										
											Pejabat PERKESO Sibu
										
											Pejabat PERKESO Sri Aman
										
											Pejabat PERKESO Sri Manjung
										
											Pejabat PERKESO Sungai Petani
										
											Pejabat PERKESO Taiping
										
											Pejabat PERKESO Tanjung Karang
										
											Pejabat PERKESO Tapah
										
											Pejabat PERKESO Tawau
										
											Pejabat PERKESO Teluk Intan
										
											Pejabat PERKESO Temerloh
										
									')]})
	at com.kms.katalon.core.keyword.internal.KeywordMain.stepFailed(KeywordMain.groovy:36)
	at com.kms.katalon.core.webui.keyword.internal.WebUIKeywordMain.stepFailed(WebUIKeywordMain.groovy:65)
	at com.kms.katalon.core.webui.keyword.internal.WebUIKeywordMain.runKeyword(WebUIKeywordMain.groovy:27)
	at com.kms.katalon.core.webui.keyword.builtin.ClickKeyword.click(ClickKeyword.groovy:86)
	at com.kms.katalon.core.webui.keyword.builtin.ClickKeyword.execute(ClickKeyword.groovy:67)
	at com.kms.katalon.core.keyword.internal.KeywordExecutor.executeKeywordForPlatform(KeywordExecutor.groovy:53)
	at com.kms.katalon.core.webui.keyword.WebUiBuiltInKeywords.click(WebUiBuiltInKeywords.groovy:616)
	at com.kms.katalon.core.webui.keyword.WebUiBuiltInKeywords$click$3.call(Unknown Source)
	at GN_Application_Reg.run(GN_Application_Reg:48)
	at com.kms.katalon.core.main.ScriptEngine.run(ScriptEngine.java:194)
	at com.kms.katalon.core.main.ScriptEngine.runScriptAsRawText(ScriptEngine.java:119)
	at com.kms.katalon.core.main.TestCaseExecutor.runScript(TestCaseExecutor.java:328)
	at com.kms.katalon.core.main.TestCaseExecutor.doExecute(TestCaseExecutor.java:319)
	at com.kms.katalon.core.main.TestCaseExecutor.processExecutionPhase(TestCaseExecutor.java:298)
	at com.kms.katalon.core.main.TestCaseExecutor.accessMainPhase(TestCaseExecutor.java:290)
	at com.kms.katalon.core.main.TestCaseExecutor.execute(TestCaseExecutor.java:224)
	at com.kms.katalon.core.main.TestCaseMain.runTestCase(TestCaseMain.java:106)
	at com.kms.katalon.core.keyword.builtin.CallTestCaseKeyword$_callTestCase_closure1.doCall(CallTestCaseKeyword.groovy:59)
	at com.kms.katalon.core.keyword.builtin.CallTestCaseKeyword$_callTestCase_closure1.call(CallTestCaseKeyword.groovy)
	at com.kms.katalon.core.keyword.internal.KeywordMain.runKeyword(KeywordMain.groovy:54)
	at com.kms.katalon.core.keyword.builtin.CallTestCaseKeyword.callTestCase(CallTestCaseKeyword.groovy:80)
	at com.kms.katalon.core.keyword.builtin.CallTestCaseKeyword.execute(CallTestCaseKeyword.groovy:44)
	at com.kms.katalon.core.keyword.internal.KeywordExecutor.executeKeywordForPlatform(KeywordExecutor.groovy:53)
	at com.kms.katalon.core.keyword.BuiltinKeywords.callTestCase(BuiltinKeywords.groovy:334)
	at GN_Submit Form 7_End to End.run(GN_Submit Form 7_End to End:16)
	at com.kms.katalon.core.main.ScriptEngine.run(ScriptEngine.java:194)
	at com.kms.katalon.core.main.ScriptEngine.runScriptAsRawText(ScriptEngine.java:119)
	at com.kms.katalon.core.main.TestCaseExecutor.runScript(TestCaseExecutor.java:328)
	at com.kms.katalon.core.main.TestCaseExecutor.doExecute(TestCaseExecutor.java:319)
	at com.kms.katalon.core.main.TestCaseExecutor.processExecutionPhase(TestCaseExecutor.java:298)
	at com.kms.katalon.core.main.TestCaseExecutor.accessMainPhase(TestCaseExecutor.java:290)
	at com.kms.katalon.core.main.TestCaseExecutor.execute(TestCaseExecutor.java:224)
	at com.kms.katalon.core.main.TestCaseMain.runTestCase(TestCaseMain.java:106)
	at com.kms.katalon.core.keyword.builtin.CallTestCaseKeyword$_callTestCase_closure1.doCall(CallTestCaseKeyword.groovy:59)
	at com.kms.katalon.core.keyword.builtin.CallTestCaseKeyword$_callTestCase_closure1.call(CallTestCaseKeyword.groovy)
	at com.kms.katalon.core.keyword.internal.KeywordMain.runKeyword(KeywordMain.groovy:54)
	at com.kms.katalon.core.keyword.builtin.CallTestCaseKeyword.callTestCase(CallTestCaseKeyword.groovy:80)
	at com.kms.katalon.core.keyword.builtin.CallTestCaseKeyword.execute(CallTestCaseKeyword.groovy:44)
	at com.kms.katalon.core.keyword.internal.KeywordExecutor.executeKeywordForPlatform(KeywordExecutor.groovy:53)
	at com.kms.katalon.core.keyword.BuiltinKeywords.callTestCase(BuiltinKeywords.groovy:334)
	at Submit Form 7 (General) - Case Reassignment Same Branch SEIO.run(Submit Form 7 (General) - Case Reassignment Same Branch SEIO:16)
	at com.kms.katalon.core.main.ScriptEngine.run(ScriptEngine.java:194)
	at com.kms.katalon.core.main.ScriptEngine.runScriptAsRawText(ScriptEngine.java:119)
	at com.kms.katalon.core.main.TestCaseExecutor.runScript(TestCaseExecutor.java:328)
	at com.kms.katalon.core.main.TestCaseExecutor.doExecute(TestCaseExecutor.java:319)
	at com.kms.katalon.core.main.TestCaseExecutor.processExecutionPhase(TestCaseExecutor.java:298)
	at com.kms.katalon.core.main.TestCaseExecutor.accessMainPhase(TestCaseExecutor.java:290)
	at com.kms.katalon.core.main.TestCaseExecutor.execute(TestCaseExecutor.java:224)
	at com.kms.katalon.core.main.TestSuiteExecutor.accessTestCaseMainPhase(TestSuiteExecutor.java:129)
	at com.kms.katalon.core.main.TestSuiteExecutor.accessTestSuiteMainPhase(TestSuiteExecutor.java:112)
	at com.kms.katalon.core.main.TestSuiteExecutor.execute(TestSuiteExecutor.java:81)
	at com.kms.katalon.core.main.TestCaseMain.startTestSuite(TestCaseMain.java:149)
	at com.kms.katalon.core.main.TestCaseMain$startTestSuite$0.call(Unknown Source)
	at TempTestSuite1550476757023.run(TempTestSuite1550476757023.groovy:36)


2019-02-18 16:09:18 - [TEST_CASE][FAILED] - Test Cases/All TC/Arranged/3. Unit/EI/GN submit form 7/GN_Application_Reg: Test Cases/All TC/Arranged/3. Unit/EI/GN submit form 7/GN_Application_Reg FAILED.
Reason:
com.kms.katalon.core.exception.StepFailedException: Unable to click on object 'Object Repository/ZhiHao/General_User_Submit_form 7/GN_Application_Reg/Page_PERKESO/select_pejabat_perkeso' (Root cause: org.openqa.selenium.UnhandledAlertException: unexpected alert open: {Alert text : HARAP MAKLUM

PERMOHONAN FAEDAH SIP TELAH DIBUAT BAGI PEKERJAAN INI. MOHON MENYEMAK SEMULA STATUS PERMOHONAN BAGI TUNTUTAN FAEDAH TERSEBUT}
  (Session info: chrome=72.0.3626.109)
  (Driver info: chromedriver=2.43.600210 (68dcf5eebde37173d4027fa8635e332711d2874a),platform=Windows NT 6.1.7601 SP1 x86_64) (WARNING: The server did not provide any stacktrace information)
Command duration or timeout: 0 milliseconds: null
Build info: version: '3.7.1', revision: '8a0099a', time: '2017-11-06T21:07:36.161Z'
System info: host: 'WIN7TEST02', ip: '10.20.3.72', os.name: 'Windows 7', os.arch: 'amd64', os.version: '6.1', java.version: '1.8.0_181'
Driver info: com.kms.katalon.selenium.driver.CChromeDriver
Capabilities {acceptInsecureCerts: false, acceptSslCerts: false, applicationCacheEnabled: false, browserConnectionEnabled: false, browserName: chrome, chrome: {chromedriverVersion: 2.43.600210 (68dcf5eebde371..., userDataDir: C:\Users\Admin\AppData\Loca...}, cssSelectorsEnabled: true, databaseEnabled: false, goog:chromeOptions: {debuggerAddress: localhost:64724}, handlesAlerts: true, hasTouchScreen: false, javascriptEnabled: true, locationContextEnabled: true, mobileEmulationEnabled: false, nativeEvents: true, networkConnectionEnabled: false, pageLoadStrategy: normal, platform: XP, platformName: XP, rotatable: false, setWindowRect: true, takesHeapSnapshot: true, takesScreenshot: true, unexpectedAlertBehaviour: , unhandledPromptBehavior: , version: 72.0.3626.109, webStorageEnabled: true}
Session ID: 362279706e58165976387008813c3af5
*** Element info: {Using=xpath, value=//select[@id = 'perkesoOfficeId' and @name = 'perkesoOfficeId' and (text() = '
										--Sila Pilih--
										
											Pejabat PERKESO Batu Pahat
										
											Pejabat PERKESO Beaufort
										
											Pejabat PERKESO Bentong
										
											Pejabat PERKESO Bintulu
										
											Pejabat PERKESO Dungun
										
											Pejabat PERKESO Georgetown
										
											Pejabat PERKESO Kajang
										
											Pejabat PERKESO Kapit
										
											Pejabat PERKESO Kemaman
										
											Pejabat PERKESO Keningau
										
											Pejabat PERKESO Klang
										
											Pejabat PERKESO Kluang
										
											Pejabat PERKESO Kota Marudu
										
											Pejabat PERKESO Kuala Kangsar
										
											Pejabat PERKESO Kuala Krai
										
											Pejabat PERKESO Kuala Pilah
										
											Pejabat PERKESO Kulim
										
											Pejabat PERKESO Labuan
										
											Pejabat PERKESO Lahad Datu
										
											Pejabat PERKESO Langkawi
										
											Pejabat PERKESO Limbang
										
											Pejabat PERKESO Miri
										
											Pejabat PERKESO Muar
										
											Pejabat PERKESO Mukah
										
											Pejabat PERKESO Negeri Johor
										
											Pejabat PERKESO Negeri Kedah
										
											Pejabat PERKESO Negeri Kelantan
										
											Pejabat PERKESO Negeri Melaka
										
											Pejabat PERKESO Negeri Pahang
										
											Pejabat PERKESO Negeri Perak
										
											Pejabat PERKESO Negeri Perlis
										
											Pejabat PERKESO Negeri Pulau Pinang
										
											Pejabat PERKESO Negeri Sabah
										
											Pejabat PERKESO Negeri Sarawak
										
											Pejabat PERKESO Negeri Selangor
										
											Pejabat PERKESO Negeri Sembilan
										
											Pejabat PERKESO Negeri Terengganu
										
											Pejabat PERKESO Negeri W.P Kuala Lumpur
										
											Pejabat PERKESO Rawang
										
											Pejabat PERKESO Sandakan
										
											Pejabat PERKESO Sarikei
										
											Pejabat PERKESO Segamat
										
											Pejabat PERKESO Serian
										
											Pejabat PERKESO Sibu
										
											Pejabat PERKESO Sri Aman
										
											Pejabat PERKESO Sri Manjung
										
											Pejabat PERKESO Sungai Petani
										
											Pejabat PERKESO Taiping
										
											Pejabat PERKESO Tanjung Karang
										
											Pejabat PERKESO Tapah
										
											Pejabat PERKESO Tawau
										
											Pejabat PERKESO Teluk Intan
										
											Pejabat PERKESO Temerloh
										
									' or . = '
										--Sila Pilih--
										
											Pejabat PERKESO Batu Pahat
										
											Pejabat PERKESO Beaufort
										
											Pejabat PERKESO Bentong
										
											Pejabat PERKESO Bintulu
										
											Pejabat PERKESO Dungun
										
											Pejabat PERKESO Georgetown
										
											Pejabat PERKESO Kajang
										
											Pejabat PERKESO Kapit
										
											Pejabat PERKESO Kemaman
										
											Pejabat PERKESO Keningau
										
											Pejabat PERKESO Klang
										
											Pejabat PERKESO Kluang
										
											Pejabat PERKESO Kota Marudu
										
											Pejabat PERKESO Kuala Kangsar
										
											Pejabat PERKESO Kuala Krai
										
											Pejabat PERKESO Kuala Pilah
										
											Pejabat PERKESO Kulim
										
											Pejabat PERKESO Labuan
										
											Pejabat PERKESO Lahad Datu
										
											Pejabat PERKESO Langkawi
										
											Pejabat PERKESO Limbang
										
											Pejabat PERKESO Miri
										
											Pejabat PERKESO Muar
										
											Pejabat PERKESO Mukah
										
											Pejabat PERKESO Negeri Johor
										
											Pejabat PERKESO Negeri Kedah
										
											Pejabat PERKESO Negeri Kelantan
										
											Pejabat PERKESO Negeri Melaka
										
											Pejabat PERKESO Negeri Pahang
										
											Pejabat PERKESO Negeri Perak
										
											Pejabat PERKESO Negeri Perlis
										
											Pejabat PERKESO Negeri Pulau Pinang
										
											Pejabat PERKESO Negeri Sabah
										
											Pejabat PERKESO Negeri Sarawak
										
											Pejabat PERKESO Negeri Selangor
										
											Pejabat PERKESO Negeri Sembilan
										
											Pejabat PERKESO Negeri Terengganu
										
											Pejabat PERKESO Negeri W.P Kuala Lumpur
										
											Pejabat PERKESO Rawang
										
											Pejabat PERKESO Sandakan
										
											Pejabat PERKESO Sarikei
										
											Pejabat PERKESO Segamat
										
											Pejabat PERKESO Serian
										
											Pejabat PERKESO Sibu
										
											Pejabat PERKESO Sri Aman
										
											Pejabat PERKESO Sri Manjung
										
											Pejabat PERKESO Sungai Petani
										
											Pejabat PERKESO Taiping
										
											Pejabat PERKESO Tanjung Karang
										
											Pejabat PERKESO Tapah
										
											Pejabat PERKESO Tawau
										
											Pejabat PERKESO Teluk Intan
										
											Pejabat PERKESO Temerloh
										
									')]})
	at com.kms.katalon.core.keyword.internal.KeywordMain.stepFailed(KeywordMain.groovy:36)
	at com.kms.katalon.core.webui.keyword.internal.WebUIKeywordMain.stepFailed(WebUIKeywordMain.groovy:65)
	at com.kms.katalon.core.webui.keyword.internal.WebUIKeywordMain.runKeyword(WebUIKeywordMain.groovy:27)
	at com.kms.katalon.core.webui.keyword.builtin.ClickKeyword.click(ClickKeyword.groovy:86)
	at com.kms.katalon.core.webui.keyword.builtin.ClickKeyword.execute(ClickKeyword.groovy:67)
	at com.kms.katalon.core.keyword.internal.KeywordExecutor.executeKeywordForPlatform(KeywordExecutor.groovy:53)
	at com.kms.katalon.core.webui.keyword.WebUiBuiltInKeywords.click(WebUiBuiltInKeywords.groovy:616)
	at com.kms.katalon.core.webui.keyword.WebUiBuiltInKeywords$click$3.call(Unknown Source)
	at GN_Application_Reg.run(GN_Application_Reg:48)
	at com.kms.katalon.core.main.ScriptEngine.run(ScriptEngine.java:194)
	at com.kms.katalon.core.main.ScriptEngine.runScriptAsRawText(ScriptEngine.java:119)
	at com.kms.katalon.core.main.TestCaseExecutor.runScript(TestCaseExecutor.java:328)
	at com.kms.katalon.core.main.TestCaseExecutor.doExecute(TestCaseExecutor.java:319)
	at com.kms.katalon.core.main.TestCaseExecutor.processExecutionPhase(TestCaseExecutor.java:298)
	at com.kms.katalon.core.main.TestCaseExecutor.accessMainPhase(TestCaseExecutor.java:290)
	at com.kms.katalon.core.main.TestCaseExecutor.execute(TestCaseExecutor.java:224)
	at com.kms.katalon.core.main.TestCaseMain.runTestCase(TestCaseMain.java:106)
	at com.kms.katalon.core.keyword.builtin.CallTestCaseKeyword$_callTestCase_closure1.doCall(CallTestCaseKeyword.groovy:59)
	at com.kms.katalon.core.keyword.builtin.CallTestCaseKeyword$_callTestCase_closure1.call(CallTestCaseKeyword.groovy)
	at com.kms.katalon.core.keyword.internal.KeywordMain.runKeyword(KeywordMain.groovy:54)
	at com.kms.katalon.core.keyword.builtin.CallTestCaseKeyword.callTestCase(CallTestCaseKeyword.groovy:80)
	at com.kms.katalon.core.keyword.builtin.CallTestCaseKeyword.execute(CallTestCaseKeyword.groovy:44)
	at com.kms.katalon.core.keyword.internal.KeywordExecutor.executeKeywordForPlatform(KeywordExecutor.groovy:53)
	at com.kms.katalon.core.keyword.BuiltinKeywords.callTestCase(BuiltinKeywords.groovy:334)
	at GN_Submit Form 7_End to End.run(GN_Submit Form 7_End to End:16)
	at com.kms.katalon.core.main.ScriptEngine.run(ScriptEngine.java:194)
	at com.kms.katalon.core.main.ScriptEngine.runScriptAsRawText(ScriptEngine.java:119)
	at com.kms.katalon.core.main.TestCaseExecutor.runScript(TestCaseExecutor.java:328)
	at com.kms.katalon.core.main.TestCaseExecutor.doExecute(TestCaseExecutor.java:319)
	at com.kms.katalon.core.main.TestCaseExecutor.processExecutionPhase(TestCaseExecutor.java:298)
	at com.kms.katalon.core.main.TestCaseExecutor.accessMainPhase(TestCaseExecutor.java:290)
	at com.kms.katalon.core.main.TestCaseExecutor.execute(TestCaseExecutor.java:224)
	at com.kms.katalon.core.main.TestCaseMain.runTestCase(TestCaseMain.java:106)
	at com.kms.katalon.core.keyword.builtin.CallTestCaseKeyword$_callTestCase_closure1.doCall(CallTestCaseKeyword.groovy:59)
	at com.kms.katalon.core.keyword.builtin.CallTestCaseKeyword$_callTestCase_closure1.call(CallTestCaseKeyword.groovy)
	at com.kms.katalon.core.keyword.internal.KeywordMain.runKeyword(KeywordMain.groovy:54)
	at com.kms.katalon.core.keyword.builtin.CallTestCaseKeyword.callTestCase(CallTestCaseKeyword.groovy:80)
	at com.kms.katalon.core.keyword.builtin.CallTestCaseKeyword.execute(CallTestCaseKeyword.groovy:44)
	at com.kms.katalon.core.keyword.internal.KeywordExecutor.executeKeywordForPlatform(KeywordExecutor.groovy:53)
	at com.kms.katalon.core.keyword.BuiltinKeywords.callTestCase(BuiltinKeywords.groovy:334)
	at Submit Form 7 (General) - Case Reassignment Same Branch SEIO.run(Submit Form 7 (General) - Case Reassignment Same Branch SEIO:16)
	at com.kms.katalon.core.main.ScriptEngine.run(ScriptEngine.java:194)
	at com.kms.katalon.core.main.ScriptEngine.runScriptAsRawText(ScriptEngine.java:119)
	at com.kms.katalon.core.main.TestCaseExecutor.runScript(TestCaseExecutor.java:328)
	at com.kms.katalon.core.main.TestCaseExecutor.doExecute(TestCaseExecutor.java:319)
	at com.kms.katalon.core.main.TestCaseExecutor.processExecutionPhase(TestCaseExecutor.java:298)
	at com.kms.katalon.core.main.TestCaseExecutor.accessMainPhase(TestCaseExecutor.java:290)
	at com.kms.katalon.core.main.TestCaseExecutor.execute(TestCaseExecutor.java:224)
	at com.kms.katalon.core.main.TestSuiteExecutor.accessTestCaseMainPhase(TestSuiteExecutor.java:129)
	at com.kms.katalon.core.main.TestSuiteExecutor.accessTestSuiteMainPhase(TestSuiteExecutor.java:112)
	at com.kms.katalon.core.main.TestSuiteExecutor.execute(TestSuiteExecutor.java:81)
	at com.kms.katalon.core.main.TestCaseMain.startTestSuite(TestCaseMain.java:149)
	at com.kms.katalon.core.main.TestCaseMain$startTestSuite$0.call(Unknown Source)
	at TempTestSuite1550476757023.run(TempTestSuite1550476757023.groovy:36)


2019-02-18 16:09:18 - [TEST_STEP][PASSED] - openBrowser(""): Browser is opened with url: ''

2019-02-18 16:09:18 - [MESSAGE][WARNING] - A browser is already opened. Closing browser and opening a new one

2019-02-18 16:09:23 - [MESSAGE][INFO] - Starting 'Chrome' driver

2019-02-18 16:09:23 - [MESSAGE][INFO] - User set preference: ['args', '[--start-maximized]']

2019-02-18 16:09:32 - [MESSAGE][PASSED] - Browser is opened with url: ''

2019-02-18 16:09:32 - [TEST_STEP][PASSED] - navigateToUrl(General_Login): Navigate to 'http://10.20.24.188/eisportal/insured/appl/instruction' successfully

2019-02-18 16:09:34 - [MESSAGE][PASSED] - Navigate to 'http://10.20.24.188/eisportal/insured/appl/instruction' successfully

2019-02-18 16:09:34 - [TEST_STEP][PASSED] - click(findTestObject("ZhiHao/General_User_Submit_form 7/GN_Application_Reg/Page_PERKESO/button_Setuju")): Object: 'Object Repository/ZhiHao/General_User_Submit_form 7/GN_Application_Reg/Page_PERKESO/button_Setuju' is clicked on

2019-02-18 16:09:37 - [MESSAGE][PASSED] - Object: 'Object Repository/ZhiHao/General_User_Submit_form 7/GN_Application_Reg/Page_PERKESO/button_Setuju' is clicked on

2019-02-18 16:09:37 - [TEST_STEP][PASSED] - setText(findTestObject("ZhiHao/General_User_Submit_form 7/GN_Application_Reg/Page_PERKESO/input_No. Kad Pengenalan"), "810506145261"): Text '810506145261' is set on object 'Object Repository/ZhiHao/General_User_Submit_form 7/GN_Application_Reg/Page_PERKESO/input_No. Kad Pengenalan'

2019-02-18 16:09:41 - [MESSAGE][PASSED] - Text '810506145261' is set on object 'Object Repository/ZhiHao/General_User_Submit_form 7/GN_Application_Reg/Page_PERKESO/input_No. Kad Pengenalan'

2019-02-18 16:09:41 - [TEST_STEP][PASSED] - click(findTestObject("ZhiHao/General_User_Submit_form 7/GN_Application_Reg/Page_PERKESO/button_Semak")): Object: 'Object Repository/ZhiHao/General_User_Submit_form 7/GN_Application_Reg/Page_PERKESO/button_Semak' is clicked on

2019-02-18 16:09:43 - [MESSAGE][PASSED] - Object: 'Object Repository/ZhiHao/General_User_Submit_form 7/GN_Application_Reg/Page_PERKESO/button_Semak' is clicked on

2019-02-18 16:09:43 - [TEST_STEP][PASSED] - delay(3): Delayed 3 second(s)

2019-02-18 16:09:46 - [MESSAGE][PASSED] - Delayed 3 second(s)

2019-02-18 16:09:46 - [TEST_STEP][PASSED] - click(findTestObject("ZhiHao/General_User_Submit_form 7/GN_Application_Reg/Page_PERKESO/span_Nama Majikan")): Object: 'Object Repository/ZhiHao/General_User_Submit_form 7/GN_Application_Reg/Page_PERKESO/span_Nama Majikan' is clicked on

2019-02-18 16:09:48 - [MESSAGE][PASSED] - Object: 'Object Repository/ZhiHao/General_User_Submit_form 7/GN_Application_Reg/Page_PERKESO/span_Nama Majikan' is clicked on

2019-02-18 16:09:48 - [TEST_STEP][PASSED] - delay(3): Delayed 3 second(s)

2019-02-18 16:09:51 - [MESSAGE][PASSED] - Delayed 3 second(s)

2019-02-18 16:09:51 - [TEST_STEP][PASSED] - setText(findTestObject("ZhiHao/General_User_Submit_form 7/GN_Application_Reg/Page_PERKESO/input_Nama Majikan"), "may"): Text 'may' is set on object 'Object Repository/ZhiHao/General_User_Submit_form 7/GN_Application_Reg/Page_PERKESO/input_Nama Majikan'

2019-02-18 16:09:55 - [MESSAGE][PASSED] - Text 'may' is set on object 'Object Repository/ZhiHao/General_User_Submit_form 7/GN_Application_Reg/Page_PERKESO/input_Nama Majikan'

2019-02-18 16:09:55 - [TEST_STEP][PASSED] - delay(3): Delayed 3 second(s)

2019-02-18 16:09:58 - [MESSAGE][PASSED] - Delayed 3 second(s)

2019-02-18 16:09:58 - [TEST_STEP][PASSED] - click(findTestObject("ZhiHao/General_User_Submit_form 7/GN_Application_Reg/Page_PERKESO/select_MAYBANK INVESTMENT BANK BER")): Object: 'Object Repository/ZhiHao/General_User_Submit_form 7/GN_Application_Reg/Page_PERKESO/select_MAYBANK INVESTMENT BANK BER' is clicked on

2019-02-18 16:10:01 - [MESSAGE][PASSED] - Object: 'Object Repository/ZhiHao/General_User_Submit_form 7/GN_Application_Reg/Page_PERKESO/select_MAYBANK INVESTMENT BANK BER' is clicked on

2019-02-18 16:10:01 - [TEST_STEP][PASSED] - delay(3): Delayed 3 second(s)

2019-02-18 16:10:04 - [MESSAGE][PASSED] - Delayed 3 second(s)

2019-02-18 16:10:04 - [TEST_STEP][PASSED] - click(findTestObject("ZhiHao/General_User_Submit_form 7/GN_Application_Reg/Page_PERKESO/input_Tarikh kehilangan pekerjaan")): Object: 'Object Repository/ZhiHao/General_User_Submit_form 7/GN_Application_Reg/Page_PERKESO/input_Tarikh kehilangan pekerjaan' is clicked on

2019-02-18 16:10:06 - [MESSAGE][PASSED] - Object: 'Object Repository/ZhiHao/General_User_Submit_form 7/GN_Application_Reg/Page_PERKESO/input_Tarikh kehilangan pekerjaan' is clicked on

2019-02-18 16:10:06 - [TEST_STEP][PASSED] - click(findTestObject("ZhiHao/General_User_Submit_form 7/GN_Application_Reg/Page_PERKESO/select_loe_date")): Object: 'Object Repository/ZhiHao/General_User_Submit_form 7/GN_Application_Reg/Page_PERKESO/select_loe_date' is clicked on

2019-02-18 16:10:08 - [MESSAGE][PASSED] - Object: 'Object Repository/ZhiHao/General_User_Submit_form 7/GN_Application_Reg/Page_PERKESO/select_loe_date' is clicked on

2019-02-18 16:10:08 - [TEST_STEP][PASSED] - click(findTestObject("ZhiHao/General_User_Submit_form 7/GN_Application_Reg/Page_PERKESO/button_Mohon")): Object: 'Object Repository/ZhiHao/General_User_Submit_form 7/GN_Application_Reg/Page_PERKESO/button_Mohon' is clicked on

2019-02-18 16:10:10 - [MESSAGE][PASSED] - Object: 'Object Repository/ZhiHao/General_User_Submit_form 7/GN_Application_Reg/Page_PERKESO/button_Mohon' is clicked on

2019-02-18 16:10:10 - [TEST_STEP][PASSED] - delay(3): Delayed 3 second(s)

2019-02-18 16:10:13 - [MESSAGE][PASSED] - Delayed 3 second(s)

2019-02-18 16:10:13 - [TEST_STEP][FAILED] - click(findTestObject("ZhiHao/General_User_Submit_form 7/GN_Application_Reg/Page_PERKESO/select_pejabat_perkeso")): click(findTestObject("ZhiHao/General_User_Submit_form 7/GN_Application_Reg/Page_PERKESO/select_pejabat_perkeso")) FAILED.
Reason:
com.kms.katalon.core.exception.StepFailedException: Unable to click on object 'Object Repository/ZhiHao/General_User_Submit_form 7/GN_Application_Reg/Page_PERKESO/select_pejabat_perkeso' (Root cause: org.openqa.selenium.UnhandledAlertException: unexpected alert open: {Alert text : HARAP MAKLUM

PERMOHONAN FAEDAH SIP TELAH DIBUAT BAGI PEKERJAAN INI. MOHON MENYEMAK SEMULA STATUS PERMOHONAN BAGI TUNTUTAN FAEDAH TERSEBUT}
  (Session info: chrome=72.0.3626.109)
  (Driver info: chromedriver=2.43.600210 (68dcf5eebde37173d4027fa8635e332711d2874a),platform=Windows NT 6.1.7601 SP1 x86_64) (WARNING: The server did not provide any stacktrace information)
Command duration or timeout: 0 milliseconds: null
Build info: version: '3.7.1', revision: '8a0099a', time: '2017-11-06T21:07:36.161Z'
System info: host: 'WIN7TEST02', ip: '10.20.3.72', os.name: 'Windows 7', os.arch: 'amd64', os.version: '6.1', java.version: '1.8.0_181'
Driver info: com.kms.katalon.selenium.driver.CChromeDriver
Capabilities {acceptInsecureCerts: false, acceptSslCerts: false, applicationCacheEnabled: false, browserConnectionEnabled: false, browserName: chrome, chrome: {chromedriverVersion: 2.43.600210 (68dcf5eebde371..., userDataDir: C:\Users\Admin\AppData\Loca...}, cssSelectorsEnabled: true, databaseEnabled: false, goog:chromeOptions: {debuggerAddress: localhost:64724}, handlesAlerts: true, hasTouchScreen: false, javascriptEnabled: true, locationContextEnabled: true, mobileEmulationEnabled: false, nativeEvents: true, networkConnectionEnabled: false, pageLoadStrategy: normal, platform: XP, platformName: XP, rotatable: false, setWindowRect: true, takesHeapSnapshot: true, takesScreenshot: true, unexpectedAlertBehaviour: , unhandledPromptBehavior: , version: 72.0.3626.109, webStorageEnabled: true}
Session ID: 362279706e58165976387008813c3af5
*** Element info: {Using=xpath, value=//select[@id = 'perkesoOfficeId' and @name = 'perkesoOfficeId' and (text() = '
										--Sila Pilih--
										
											Pejabat PERKESO Batu Pahat
										
											Pejabat PERKESO Beaufort
										
											Pejabat PERKESO Bentong
										
											Pejabat PERKESO Bintulu
										
											Pejabat PERKESO Dungun
										
											Pejabat PERKESO Georgetown
										
											Pejabat PERKESO Kajang
										
											Pejabat PERKESO Kapit
										
											Pejabat PERKESO Kemaman
										
											Pejabat PERKESO Keningau
										
											Pejabat PERKESO Klang
										
											Pejabat PERKESO Kluang
										
											Pejabat PERKESO Kota Marudu
										
											Pejabat PERKESO Kuala Kangsar
										
											Pejabat PERKESO Kuala Krai
										
											Pejabat PERKESO Kuala Pilah
										
											Pejabat PERKESO Kulim
										
											Pejabat PERKESO Labuan
										
											Pejabat PERKESO Lahad Datu
										
											Pejabat PERKESO Langkawi
										
											Pejabat PERKESO Limbang
										
											Pejabat PERKESO Miri
										
											Pejabat PERKESO Muar
										
											Pejabat PERKESO Mukah
										
											Pejabat PERKESO Negeri Johor
										
											Pejabat PERKESO Negeri Kedah
										
											Pejabat PERKESO Negeri Kelantan
										
											Pejabat PERKESO Negeri Melaka
										
											Pejabat PERKESO Negeri Pahang
										
											Pejabat PERKESO Negeri Perak
										
											Pejabat PERKESO Negeri Perlis
										
											Pejabat PERKESO Negeri Pulau Pinang
										
											Pejabat PERKESO Negeri Sabah
										
											Pejabat PERKESO Negeri Sarawak
										
											Pejabat PERKESO Negeri Selangor
										
											Pejabat PERKESO Negeri Sembilan
										
											Pejabat PERKESO Negeri Terengganu
										
											Pejabat PERKESO Negeri W.P Kuala Lumpur
										
											Pejabat PERKESO Rawang
										
											Pejabat PERKESO Sandakan
										
											Pejabat PERKESO Sarikei
										
											Pejabat PERKESO Segamat
										
											Pejabat PERKESO Serian
										
											Pejabat PERKESO Sibu
										
											Pejabat PERKESO Sri Aman
										
											Pejabat PERKESO Sri Manjung
										
											Pejabat PERKESO Sungai Petani
										
											Pejabat PERKESO Taiping
										
											Pejabat PERKESO Tanjung Karang
										
											Pejabat PERKESO Tapah
										
											Pejabat PERKESO Tawau
										
											Pejabat PERKESO Teluk Intan
										
											Pejabat PERKESO Temerloh
										
									' or . = '
										--Sila Pilih--
										
											Pejabat PERKESO Batu Pahat
										
											Pejabat PERKESO Beaufort
										
											Pejabat PERKESO Bentong
										
											Pejabat PERKESO Bintulu
										
											Pejabat PERKESO Dungun
										
											Pejabat PERKESO Georgetown
										
											Pejabat PERKESO Kajang
										
											Pejabat PERKESO Kapit
										
											Pejabat PERKESO Kemaman
										
											Pejabat PERKESO Keningau
										
											Pejabat PERKESO Klang
										
											Pejabat PERKESO Kluang
										
											Pejabat PERKESO Kota Marudu
										
											Pejabat PERKESO Kuala Kangsar
										
											Pejabat PERKESO Kuala Krai
										
											Pejabat PERKESO Kuala Pilah
										
											Pejabat PERKESO Kulim
										
											Pejabat PERKESO Labuan
										
											Pejabat PERKESO Lahad Datu
										
											Pejabat PERKESO Langkawi
										
											Pejabat PERKESO Limbang
										
											Pejabat PERKESO Miri
										
											Pejabat PERKESO Muar
										
											Pejabat PERKESO Mukah
										
											Pejabat PERKESO Negeri Johor
										
											Pejabat PERKESO Negeri Kedah
										
											Pejabat PERKESO Negeri Kelantan
										
											Pejabat PERKESO Negeri Melaka
										
											Pejabat PERKESO Negeri Pahang
										
											Pejabat PERKESO Negeri Perak
										
											Pejabat PERKESO Negeri Perlis
										
											Pejabat PERKESO Negeri Pulau Pinang
										
											Pejabat PERKESO Negeri Sabah
										
											Pejabat PERKESO Negeri Sarawak
										
											Pejabat PERKESO Negeri Selangor
										
											Pejabat PERKESO Negeri Sembilan
										
											Pejabat PERKESO Negeri Terengganu
										
											Pejabat PERKESO Negeri W.P Kuala Lumpur
										
											Pejabat PERKESO Rawang
										
											Pejabat PERKESO Sandakan
										
											Pejabat PERKESO Sarikei
										
											Pejabat PERKESO Segamat
										
											Pejabat PERKESO Serian
										
											Pejabat PERKESO Sibu
										
											Pejabat PERKESO Sri Aman
										
											Pejabat PERKESO Sri Manjung
										
											Pejabat PERKESO Sungai Petani
										
											Pejabat PERKESO Taiping
										
											Pejabat PERKESO Tanjung Karang
										
											Pejabat PERKESO Tapah
										
											Pejabat PERKESO Tawau
										
											Pejabat PERKESO Teluk Intan
										
											Pejabat PERKESO Temerloh
										
									')]})
	at com.kms.katalon.core.keyword.internal.KeywordMain.stepFailed(KeywordMain.groovy:36)
	at com.kms.katalon.core.webui.keyword.internal.WebUIKeywordMain.stepFailed(WebUIKeywordMain.groovy:65)
	at com.kms.katalon.core.webui.keyword.internal.WebUIKeywordMain.runKeyword(WebUIKeywordMain.groovy:27)
	at com.kms.katalon.core.webui.keyword.builtin.ClickKeyword.click(ClickKeyword.groovy:86)
	at com.kms.katalon.core.webui.keyword.builtin.ClickKeyword.execute(ClickKeyword.groovy:67)
	at com.kms.katalon.core.keyword.internal.KeywordExecutor.executeKeywordForPlatform(KeywordExecutor.groovy:53)
	at com.kms.katalon.core.webui.keyword.WebUiBuiltInKeywords.click(WebUiBuiltInKeywords.groovy:616)
	at com.kms.katalon.core.webui.keyword.WebUiBuiltInKeywords$click$3.call(Unknown Source)
	at GN_Application_Reg.run(GN_Application_Reg:48)
	at com.kms.katalon.core.main.ScriptEngine.run(ScriptEngine.java:194)
	at com.kms.katalon.core.main.ScriptEngine.runScriptAsRawText(ScriptEngine.java:119)
	at com.kms.katalon.core.main.TestCaseExecutor.runScript(TestCaseExecutor.java:328)
	at com.kms.katalon.core.main.TestCaseExecutor.doExecute(TestCaseExecutor.java:319)
	at com.kms.katalon.core.main.TestCaseExecutor.processExecutionPhase(TestCaseExecutor.java:298)
	at com.kms.katalon.core.main.TestCaseExecutor.accessMainPhase(TestCaseExecutor.java:290)
	at com.kms.katalon.core.main.TestCaseExecutor.execute(TestCaseExecutor.java:224)
	at com.kms.katalon.core.main.TestCaseMain.runTestCase(TestCaseMain.java:106)
	at com.kms.katalon.core.keyword.builtin.CallTestCaseKeyword$_callTestCase_closure1.doCall(CallTestCaseKeyword.groovy:59)
	at com.kms.katalon.core.keyword.builtin.CallTestCaseKeyword$_callTestCase_closure1.call(CallTestCaseKeyword.groovy)
	at com.kms.katalon.core.keyword.internal.KeywordMain.runKeyword(KeywordMain.groovy:54)
	at com.kms.katalon.core.keyword.builtin.CallTestCaseKeyword.callTestCase(CallTestCaseKeyword.groovy:80)
	at com.kms.katalon.core.keyword.builtin.CallTestCaseKeyword.execute(CallTestCaseKeyword.groovy:44)
	at com.kms.katalon.core.keyword.internal.KeywordExecutor.executeKeywordForPlatform(KeywordExecutor.groovy:53)
	at com.kms.katalon.core.keyword.BuiltinKeywords.callTestCase(BuiltinKeywords.groovy:334)
	at GN_Submit Form 7_End to End.run(GN_Submit Form 7_End to End:16)
	at com.kms.katalon.core.main.ScriptEngine.run(ScriptEngine.java:194)
	at com.kms.katalon.core.main.ScriptEngine.runScriptAsRawText(ScriptEngine.java:119)
	at com.kms.katalon.core.main.TestCaseExecutor.runScript(TestCaseExecutor.java:328)
	at com.kms.katalon.core.main.TestCaseExecutor.doExecute(TestCaseExecutor.java:319)
	at com.kms.katalon.core.main.TestCaseExecutor.processExecutionPhase(TestCaseExecutor.java:298)
	at com.kms.katalon.core.main.TestCaseExecutor.accessMainPhase(TestCaseExecutor.java:290)
	at com.kms.katalon.core.main.TestCaseExecutor.execute(TestCaseExecutor.java:224)
	at com.kms.katalon.core.main.TestCaseMain.runTestCase(TestCaseMain.java:106)
	at com.kms.katalon.core.keyword.builtin.CallTestCaseKeyword$_callTestCase_closure1.doCall(CallTestCaseKeyword.groovy:59)
	at com.kms.katalon.core.keyword.builtin.CallTestCaseKeyword$_callTestCase_closure1.call(CallTestCaseKeyword.groovy)
	at com.kms.katalon.core.keyword.internal.KeywordMain.runKeyword(KeywordMain.groovy:54)
	at com.kms.katalon.core.keyword.builtin.CallTestCaseKeyword.callTestCase(CallTestCaseKeyword.groovy:80)
	at com.kms.katalon.core.keyword.builtin.CallTestCaseKeyword.execute(CallTestCaseKeyword.groovy:44)
	at com.kms.katalon.core.keyword.internal.KeywordExecutor.executeKeywordForPlatform(KeywordExecutor.groovy:53)
	at com.kms.katalon.core.keyword.BuiltinKeywords.callTestCase(BuiltinKeywords.groovy:334)
	at Submit Form 7 (General) - Case Reassignment Same Branch SEIO.run(Submit Form 7 (General) - Case Reassignment Same Branch SEIO:16)
	at com.kms.katalon.core.main.ScriptEngine.run(ScriptEngine.java:194)
	at com.kms.katalon.core.main.ScriptEngine.runScriptAsRawText(ScriptEngine.java:119)
	at com.kms.katalon.core.main.TestCaseExecutor.runScript(TestCaseExecutor.java:328)
	at com.kms.katalon.core.main.TestCaseExecutor.doExecute(TestCaseExecutor.java:319)
	at com.kms.katalon.core.main.TestCaseExecutor.processExecutionPhase(TestCaseExecutor.java:298)
	at com.kms.katalon.core.main.TestCaseExecutor.accessMainPhase(TestCaseExecutor.java:290)
	at com.kms.katalon.core.main.TestCaseExecutor.execute(TestCaseExecutor.java:224)
	at com.kms.katalon.core.main.TestSuiteExecutor.accessTestCaseMainPhase(TestSuiteExecutor.java:129)
	at com.kms.katalon.core.main.TestSuiteExecutor.accessTestSuiteMainPhase(TestSuiteExecutor.java:112)
	at com.kms.katalon.core.main.TestSuiteExecutor.execute(TestSuiteExecutor.java:81)
	at com.kms.katalon.core.main.TestCaseMain.startTestSuite(TestCaseMain.java:149)
	at com.kms.katalon.core.main.TestCaseMain$startTestSuite$0.call(Unknown Source)
	at TempTestSuite1550476757023.run(TempTestSuite1550476757023.groovy:36)


2019-02-18 16:10:15 - [MESSAGE][WARNING] - Cannot take screenshot

2019-02-18 16:10:15 - [MESSAGE][FAILED] - Unable to click on object 'Object Repository/ZhiHao/General_User_Submit_form 7/GN_Application_Reg/Page_PERKESO/select_pejabat_perkeso' (Root cause: org.openqa.selenium.UnhandledAlertException: unexpected alert open: {Alert text : HARAP MAKLUM

PERMOHONAN FAEDAH SIP TELAH DIBUAT BAGI PEKERJAAN INI. MOHON MENYEMAK SEMULA STATUS PERMOHONAN BAGI TUNTUTAN FAEDAH TERSEBUT}
  (Session info: chrome=72.0.3626.109)
  (Driver info: chromedriver=2.43.600210 (68dcf5eebde37173d4027fa8635e332711d2874a),platform=Windows NT 6.1.7601 SP1 x86_64) (WARNING: The server did not provide any stacktrace information)
Command duration or timeout: 0 milliseconds: null
Build info: version: '3.7.1', revision: '8a0099a', time: '2017-11-06T21:07:36.161Z'
System info: host: 'WIN7TEST02', ip: '10.20.3.72', os.name: 'Windows 7', os.arch: 'amd64', os.version: '6.1', java.version: '1.8.0_181'
Driver info: com.kms.katalon.selenium.driver.CChromeDriver
Capabilities {acceptInsecureCerts: false, acceptSslCerts: false, applicationCacheEnabled: false, browserConnectionEnabled: false, browserName: chrome, chrome: {chromedriverVersion: 2.43.600210 (68dcf5eebde371..., userDataDir: C:\Users\Admin\AppData\Loca...}, cssSelectorsEnabled: true, databaseEnabled: false, goog:chromeOptions: {debuggerAddress: localhost:64724}, handlesAlerts: true, hasTouchScreen: false, javascriptEnabled: true, locationContextEnabled: true, mobileEmulationEnabled: false, nativeEvents: true, networkConnectionEnabled: false, pageLoadStrategy: normal, platform: XP, platformName: XP, rotatable: false, setWindowRect: true, takesHeapSnapshot: true, takesScreenshot: true, unexpectedAlertBehaviour: , unhandledPromptBehavior: , version: 72.0.3626.109, webStorageEnabled: true}
Session ID: 362279706e58165976387008813c3af5
*** Element info: {Using=xpath, value=//select[@id = 'perkesoOfficeId' and @name = 'perkesoOfficeId' and (text() = '
										--Sila Pilih--
										
											Pejabat PERKESO Batu Pahat
										
											Pejabat PERKESO Beaufort
										
											Pejabat PERKESO Bentong
										
											Pejabat PERKESO Bintulu
										
											Pejabat PERKESO Dungun
										
											Pejabat PERKESO Georgetown
										
											Pejabat PERKESO Kajang
										
											Pejabat PERKESO Kapit
										
											Pejabat PERKESO Kemaman
										
											Pejabat PERKESO Keningau
										
											Pejabat PERKESO Klang
										
											Pejabat PERKESO Kluang
										
											Pejabat PERKESO Kota Marudu
										
											Pejabat PERKESO Kuala Kangsar
										
											Pejabat PERKESO Kuala Krai
										
											Pejabat PERKESO Kuala Pilah
										
											Pejabat PERKESO Kulim
										
											Pejabat PERKESO Labuan
										
											Pejabat PERKESO Lahad Datu
										
											Pejabat PERKESO Langkawi
										
											Pejabat PERKESO Limbang
										
											Pejabat PERKESO Miri
										
											Pejabat PERKESO Muar
										
											Pejabat PERKESO Mukah
										
											Pejabat PERKESO Negeri Johor
										
											Pejabat PERKESO Negeri Kedah
										
											Pejabat PERKESO Negeri Kelantan
										
											Pejabat PERKESO Negeri Melaka
										
											Pejabat PERKESO Negeri Pahang
										
											Pejabat PERKESO Negeri Perak
										
											Pejabat PERKESO Negeri Perlis
										
											Pejabat PERKESO Negeri Pulau Pinang
										
											Pejabat PERKESO Negeri Sabah
										
											Pejabat PERKESO Negeri Sarawak
										
											Pejabat PERKESO Negeri Selangor
										
											Pejabat PERKESO Negeri Sembilan
										
											Pejabat PERKESO Negeri Terengganu
										
											Pejabat PERKESO Negeri W.P Kuala Lumpur
										
											Pejabat PERKESO Rawang
										
											Pejabat PERKESO Sandakan
										
											Pejabat PERKESO Sarikei
										
											Pejabat PERKESO Segamat
										
											Pejabat PERKESO Serian
										
											Pejabat PERKESO Sibu
										
											Pejabat PERKESO Sri Aman
										
											Pejabat PERKESO Sri Manjung
										
											Pejabat PERKESO Sungai Petani
										
											Pejabat PERKESO Taiping
										
											Pejabat PERKESO Tanjung Karang
										
											Pejabat PERKESO Tapah
										
											Pejabat PERKESO Tawau
										
											Pejabat PERKESO Teluk Intan
										
											Pejabat PERKESO Temerloh
										
									' or . = '
										--Sila Pilih--
										
											Pejabat PERKESO Batu Pahat
										
											Pejabat PERKESO Beaufort
										
											Pejabat PERKESO Bentong
										
											Pejabat PERKESO Bintulu
										
											Pejabat PERKESO Dungun
										
											Pejabat PERKESO Georgetown
										
											Pejabat PERKESO Kajang
										
											Pejabat PERKESO Kapit
										
											Pejabat PERKESO Kemaman
										
											Pejabat PERKESO Keningau
										
											Pejabat PERKESO Klang
										
											Pejabat PERKESO Kluang
										
											Pejabat PERKESO Kota Marudu
										
											Pejabat PERKESO Kuala Kangsar
										
											Pejabat PERKESO Kuala Krai
										
											Pejabat PERKESO Kuala Pilah
										
											Pejabat PERKESO Kulim
										
											Pejabat PERKESO Labuan
										
											Pejabat PERKESO Lahad Datu
										
											Pejabat PERKESO Langkawi
										
											Pejabat PERKESO Limbang
										
											Pejabat PERKESO Miri
										
											Pejabat PERKESO Muar
										
											Pejabat PERKESO Mukah
										
											Pejabat PERKESO Negeri Johor
										
											Pejabat PERKESO Negeri Kedah
										
											Pejabat PERKESO Negeri Kelantan
										
											Pejabat PERKESO Negeri Melaka
										
											Pejabat PERKESO Negeri Pahang
										
											Pejabat PERKESO Negeri Perak
										
											Pejabat PERKESO Negeri Perlis
										
											Pejabat PERKESO Negeri Pulau Pinang
										
											Pejabat PERKESO Negeri Sabah
										
											Pejabat PERKESO Negeri Sarawak
										
											Pejabat PERKESO Negeri Selangor
										
											Pejabat PERKESO Negeri Sembilan
										
											Pejabat PERKESO Negeri Terengganu
										
											Pejabat PERKESO Negeri W.P Kuala Lumpur
										
											Pejabat PERKESO Rawang
										
											Pejabat PERKESO Sandakan
										
											Pejabat PERKESO Sarikei
										
											Pejabat PERKESO Segamat
										
											Pejabat PERKESO Serian
										
											Pejabat PERKESO Sibu
										
											Pejabat PERKESO Sri Aman
										
											Pejabat PERKESO Sri Manjung
										
											Pejabat PERKESO Sungai Petani
										
											Pejabat PERKESO Taiping
										
											Pejabat PERKESO Tanjung Karang
										
											Pejabat PERKESO Tapah
										
											Pejabat PERKESO Tawau
										
											Pejabat PERKESO Teluk Intan
										
											Pejabat PERKESO Temerloh
										
									')]})

2019-02-18 16:10:15 - [MESSAGE][FAILED] - click(findTestObject("ZhiHao/General_User_Submit_form 7/GN_Application_Reg/Page_PERKESO/select_pejabat_perkeso")) FAILED.
Reason:
com.kms.katalon.core.exception.StepFailedException: Unable to click on object 'Object Repository/ZhiHao/General_User_Submit_form 7/GN_Application_Reg/Page_PERKESO/select_pejabat_perkeso' (Root cause: org.openqa.selenium.UnhandledAlertException: unexpected alert open: {Alert text : HARAP MAKLUM

PERMOHONAN FAEDAH SIP TELAH DIBUAT BAGI PEKERJAAN INI. MOHON MENYEMAK SEMULA STATUS PERMOHONAN BAGI TUNTUTAN FAEDAH TERSEBUT}
  (Session info: chrome=72.0.3626.109)
  (Driver info: chromedriver=2.43.600210 (68dcf5eebde37173d4027fa8635e332711d2874a),platform=Windows NT 6.1.7601 SP1 x86_64) (WARNING: The server did not provide any stacktrace information)
Command duration or timeout: 0 milliseconds: null
Build info: version: '3.7.1', revision: '8a0099a', time: '2017-11-06T21:07:36.161Z'
System info: host: 'WIN7TEST02', ip: '10.20.3.72', os.name: 'Windows 7', os.arch: 'amd64', os.version: '6.1', java.version: '1.8.0_181'
Driver info: com.kms.katalon.selenium.driver.CChromeDriver
Capabilities {acceptInsecureCerts: false, acceptSslCerts: false, applicationCacheEnabled: false, browserConnectionEnabled: false, browserName: chrome, chrome: {chromedriverVersion: 2.43.600210 (68dcf5eebde371..., userDataDir: C:\Users\Admin\AppData\Loca...}, cssSelectorsEnabled: true, databaseEnabled: false, goog:chromeOptions: {debuggerAddress: localhost:64724}, handlesAlerts: true, hasTouchScreen: false, javascriptEnabled: true, locationContextEnabled: true, mobileEmulationEnabled: false, nativeEvents: true, networkConnectionEnabled: false, pageLoadStrategy: normal, platform: XP, platformName: XP, rotatable: false, setWindowRect: true, takesHeapSnapshot: true, takesScreenshot: true, unexpectedAlertBehaviour: , unhandledPromptBehavior: , version: 72.0.3626.109, webStorageEnabled: true}
Session ID: 362279706e58165976387008813c3af5
*** Element info: {Using=xpath, value=//select[@id = 'perkesoOfficeId' and @name = 'perkesoOfficeId' and (text() = '
										--Sila Pilih--
										
											Pejabat PERKESO Batu Pahat
										
											Pejabat PERKESO Beaufort
										
											Pejabat PERKESO Bentong
										
											Pejabat PERKESO Bintulu
										
											Pejabat PERKESO Dungun
										
											Pejabat PERKESO Georgetown
										
											Pejabat PERKESO Kajang
										
											Pejabat PERKESO Kapit
										
											Pejabat PERKESO Kemaman
										
											Pejabat PERKESO Keningau
										
											Pejabat PERKESO Klang
										
											Pejabat PERKESO Kluang
										
											Pejabat PERKESO Kota Marudu
										
											Pejabat PERKESO Kuala Kangsar
										
											Pejabat PERKESO Kuala Krai
										
											Pejabat PERKESO Kuala Pilah
										
											Pejabat PERKESO Kulim
										
											Pejabat PERKESO Labuan
										
											Pejabat PERKESO Lahad Datu
										
											Pejabat PERKESO Langkawi
										
											Pejabat PERKESO Limbang
										
											Pejabat PERKESO Miri
										
											Pejabat PERKESO Muar
										
											Pejabat PERKESO Mukah
										
											Pejabat PERKESO Negeri Johor
										
											Pejabat PERKESO Negeri Kedah
										
											Pejabat PERKESO Negeri Kelantan
										
											Pejabat PERKESO Negeri Melaka
										
											Pejabat PERKESO Negeri Pahang
										
											Pejabat PERKESO Negeri Perak
										
											Pejabat PERKESO Negeri Perlis
										
											Pejabat PERKESO Negeri Pulau Pinang
										
											Pejabat PERKESO Negeri Sabah
										
											Pejabat PERKESO Negeri Sarawak
										
											Pejabat PERKESO Negeri Selangor
										
											Pejabat PERKESO Negeri Sembilan
										
											Pejabat PERKESO Negeri Terengganu
										
											Pejabat PERKESO Negeri W.P Kuala Lumpur
										
											Pejabat PERKESO Rawang
										
											Pejabat PERKESO Sandakan
										
											Pejabat PERKESO Sarikei
										
											Pejabat PERKESO Segamat
										
											Pejabat PERKESO Serian
										
											Pejabat PERKESO Sibu
										
											Pejabat PERKESO Sri Aman
										
											Pejabat PERKESO Sri Manjung
										
											Pejabat PERKESO Sungai Petani
										
											Pejabat PERKESO Taiping
										
											Pejabat PERKESO Tanjung Karang
										
											Pejabat PERKESO Tapah
										
											Pejabat PERKESO Tawau
										
											Pejabat PERKESO Teluk Intan
										
											Pejabat PERKESO Temerloh
										
									' or . = '
										--Sila Pilih--
										
											Pejabat PERKESO Batu Pahat
										
											Pejabat PERKESO Beaufort
										
											Pejabat PERKESO Bentong
										
											Pejabat PERKESO Bintulu
										
											Pejabat PERKESO Dungun
										
											Pejabat PERKESO Georgetown
										
											Pejabat PERKESO Kajang
										
											Pejabat PERKESO Kapit
										
											Pejabat PERKESO Kemaman
										
											Pejabat PERKESO Keningau
										
											Pejabat PERKESO Klang
										
											Pejabat PERKESO Kluang
										
											Pejabat PERKESO Kota Marudu
										
											Pejabat PERKESO Kuala Kangsar
										
											Pejabat PERKESO Kuala Krai
										
											Pejabat PERKESO Kuala Pilah
										
											Pejabat PERKESO Kulim
										
											Pejabat PERKESO Labuan
										
											Pejabat PERKESO Lahad Datu
										
											Pejabat PERKESO Langkawi
										
											Pejabat PERKESO Limbang
										
											Pejabat PERKESO Miri
										
											Pejabat PERKESO Muar
										
											Pejabat PERKESO Mukah
										
											Pejabat PERKESO Negeri Johor
										
											Pejabat PERKESO Negeri Kedah
										
											Pejabat PERKESO Negeri Kelantan
										
											Pejabat PERKESO Negeri Melaka
										
											Pejabat PERKESO Negeri Pahang
										
											Pejabat PERKESO Negeri Perak
										
											Pejabat PERKESO Negeri Perlis
										
											Pejabat PERKESO Negeri Pulau Pinang
										
											Pejabat PERKESO Negeri Sabah
										
											Pejabat PERKESO Negeri Sarawak
										
											Pejabat PERKESO Negeri Selangor
										
											Pejabat PERKESO Negeri Sembilan
										
											Pejabat PERKESO Negeri Terengganu
										
											Pejabat PERKESO Negeri W.P Kuala Lumpur
										
											Pejabat PERKESO Rawang
										
											Pejabat PERKESO Sandakan
										
											Pejabat PERKESO Sarikei
										
											Pejabat PERKESO Segamat
										
											Pejabat PERKESO Serian
										
											Pejabat PERKESO Sibu
										
											Pejabat PERKESO Sri Aman
										
											Pejabat PERKESO Sri Manjung
										
											Pejabat PERKESO Sungai Petani
										
											Pejabat PERKESO Taiping
										
											Pejabat PERKESO Tanjung Karang
										
											Pejabat PERKESO Tapah
										
											Pejabat PERKESO Tawau
										
											Pejabat PERKESO Teluk Intan
										
											Pejabat PERKESO Temerloh
										
									')]})
	at com.kms.katalon.core.keyword.internal.KeywordMain.stepFailed(KeywordMain.groovy:36)
	at com.kms.katalon.core.webui.keyword.internal.WebUIKeywordMain.stepFailed(WebUIKeywordMain.groovy:65)
	at com.kms.katalon.core.webui.keyword.internal.WebUIKeywordMain.runKeyword(WebUIKeywordMain.groovy:27)
	at com.kms.katalon.core.webui.keyword.builtin.ClickKeyword.click(ClickKeyword.groovy:86)
	at com.kms.katalon.core.webui.keyword.builtin.ClickKeyword.execute(ClickKeyword.groovy:67)
	at com.kms.katalon.core.keyword.internal.KeywordExecutor.executeKeywordForPlatform(KeywordExecutor.groovy:53)
	at com.kms.katalon.core.webui.keyword.WebUiBuiltInKeywords.click(WebUiBuiltInKeywords.groovy:616)
	at com.kms.katalon.core.webui.keyword.WebUiBuiltInKeywords$click$3.call(Unknown Source)
	at GN_Application_Reg.run(GN_Application_Reg:48)
	at com.kms.katalon.core.main.ScriptEngine.run(ScriptEngine.java:194)
	at com.kms.katalon.core.main.ScriptEngine.runScriptAsRawText(ScriptEngine.java:119)
	at com.kms.katalon.core.main.TestCaseExecutor.runScript(TestCaseExecutor.java:328)
	at com.kms.katalon.core.main.TestCaseExecutor.doExecute(TestCaseExecutor.java:319)
	at com.kms.katalon.core.main.TestCaseExecutor.processExecutionPhase(TestCaseExecutor.java:298)
	at com.kms.katalon.core.main.TestCaseExecutor.accessMainPhase(TestCaseExecutor.java:290)
	at com.kms.katalon.core.main.TestCaseExecutor.execute(TestCaseExecutor.java:224)
	at com.kms.katalon.core.main.TestCaseMain.runTestCase(TestCaseMain.java:106)
	at com.kms.katalon.core.keyword.builtin.CallTestCaseKeyword$_callTestCase_closure1.doCall(CallTestCaseKeyword.groovy:59)
	at com.kms.katalon.core.keyword.builtin.CallTestCaseKeyword$_callTestCase_closure1.call(CallTestCaseKeyword.groovy)
	at com.kms.katalon.core.keyword.internal.KeywordMain.runKeyword(KeywordMain.groovy:54)
	at com.kms.katalon.core.keyword.builtin.CallTestCaseKeyword.callTestCase(CallTestCaseKeyword.groovy:80)
	at com.kms.katalon.core.keyword.builtin.CallTestCaseKeyword.execute(CallTestCaseKeyword.groovy:44)
	at com.kms.katalon.core.keyword.internal.KeywordExecutor.executeKeywordForPlatform(KeywordExecutor.groovy:53)
	at com.kms.katalon.core.keyword.BuiltinKeywords.callTestCase(BuiltinKeywords.groovy:334)
	at GN_Submit Form 7_End to End.run(GN_Submit Form 7_End to End:16)
	at com.kms.katalon.core.main.ScriptEngine.run(ScriptEngine.java:194)
	at com.kms.katalon.core.main.ScriptEngine.runScriptAsRawText(ScriptEngine.java:119)
	at com.kms.katalon.core.main.TestCaseExecutor.runScript(TestCaseExecutor.java:328)
	at com.kms.katalon.core.main.TestCaseExecutor.doExecute(TestCaseExecutor.java:319)
	at com.kms.katalon.core.main.TestCaseExecutor.processExecutionPhase(TestCaseExecutor.java:298)
	at com.kms.katalon.core.main.TestCaseExecutor.accessMainPhase(TestCaseExecutor.java:290)
	at com.kms.katalon.core.main.TestCaseExecutor.execute(TestCaseExecutor.java:224)
	at com.kms.katalon.core.main.TestCaseMain.runTestCase(TestCaseMain.java:106)
	at com.kms.katalon.core.keyword.builtin.CallTestCaseKeyword$_callTestCase_closure1.doCall(CallTestCaseKeyword.groovy:59)
	at com.kms.katalon.core.keyword.builtin.CallTestCaseKeyword$_callTestCase_closure1.call(CallTestCaseKeyword.groovy)
	at com.kms.katalon.core.keyword.internal.KeywordMain.runKeyword(KeywordMain.groovy:54)
	at com.kms.katalon.core.keyword.builtin.CallTestCaseKeyword.callTestCase(CallTestCaseKeyword.groovy:80)
	at com.kms.katalon.core.keyword.builtin.CallTestCaseKeyword.execute(CallTestCaseKeyword.groovy:44)
	at com.kms.katalon.core.keyword.internal.KeywordExecutor.executeKeywordForPlatform(KeywordExecutor.groovy:53)
	at com.kms.katalon.core.keyword.BuiltinKeywords.callTestCase(BuiltinKeywords.groovy:334)
	at Submit Form 7 (General) - Case Reassignment Same Branch SEIO.run(Submit Form 7 (General) - Case Reassignment Same Branch SEIO:16)
	at com.kms.katalon.core.main.ScriptEngine.run(ScriptEngine.java:194)
	at com.kms.katalon.core.main.ScriptEngine.runScriptAsRawText(ScriptEngine.java:119)
	at com.kms.katalon.core.main.TestCaseExecutor.runScript(TestCaseExecutor.java:328)
	at com.kms.katalon.core.main.TestCaseExecutor.doExecute(TestCaseExecutor.java:319)
	at com.kms.katalon.core.main.TestCaseExecutor.processExecutionPhase(TestCaseExecutor.java:298)
	at com.kms.katalon.core.main.TestCaseExecutor.accessMainPhase(TestCaseExecutor.java:290)
	at com.kms.katalon.core.main.TestCaseExecutor.execute(TestCaseExecutor.java:224)
	at com.kms.katalon.core.main.TestSuiteExecutor.accessTestCaseMainPhase(TestSuiteExecutor.java:129)
	at com.kms.katalon.core.main.TestSuiteExecutor.accessTestSuiteMainPhase(TestSuiteExecutor.java:112)
	at com.kms.katalon.core.main.TestSuiteExecutor.execute(TestSuiteExecutor.java:81)
	at com.kms.katalon.core.main.TestCaseMain.startTestSuite(TestCaseMain.java:149)
	at com.kms.katalon.core.main.TestCaseMain$startTestSuite$0.call(Unknown Source)
	at TempTestSuite1550476757023.run(TempTestSuite1550476757023.groovy:36)


2019-02-18 16:10:15 - [MESSAGE][FAILED] - Unable to call Test Case 'Test Cases/All TC/Arranged/3. Unit/EI/GN submit form 7/GN_Application_Reg' (Root cause: com.kms.katalon.core.exception.StepFailedException: Call Test Case 'Test Cases/All TC/Arranged/3. Unit/EI/GN submit form 7/GN_Application_Reg' failed)

2019-02-18 16:10:15 - [MESSAGE][FAILED] - callTestCase(findTestCase("All TC/Arranged/3. Unit/EI/GN submit form 7/GN_Application_Reg"), [:], STOP_ON_FAILURE) FAILED.
Reason:
com.kms.katalon.core.exception.StepFailedException: Unable to click on object 'Object Repository/ZhiHao/General_User_Submit_form 7/GN_Application_Reg/Page_PERKESO/select_pejabat_perkeso' (Root cause: org.openqa.selenium.UnhandledAlertException: unexpected alert open: {Alert text : HARAP MAKLUM

PERMOHONAN FAEDAH SIP TELAH DIBUAT BAGI PEKERJAAN INI. MOHON MENYEMAK SEMULA STATUS PERMOHONAN BAGI TUNTUTAN FAEDAH TERSEBUT}
  (Session info: chrome=72.0.3626.109)
  (Driver info: chromedriver=2.43.600210 (68dcf5eebde37173d4027fa8635e332711d2874a),platform=Windows NT 6.1.7601 SP1 x86_64) (WARNING: The server did not provide any stacktrace information)
Command duration or timeout: 0 milliseconds: null
Build info: version: '3.7.1', revision: '8a0099a', time: '2017-11-06T21:07:36.161Z'
System info: host: 'WIN7TEST02', ip: '10.20.3.72', os.name: 'Windows 7', os.arch: 'amd64', os.version: '6.1', java.version: '1.8.0_181'
Driver info: com.kms.katalon.selenium.driver.CChromeDriver
Capabilities {acceptInsecureCerts: false, acceptSslCerts: false, applicationCacheEnabled: false, browserConnectionEnabled: false, browserName: chrome, chrome: {chromedriverVersion: 2.43.600210 (68dcf5eebde371..., userDataDir: C:\Users\Admin\AppData\Loca...}, cssSelectorsEnabled: true, databaseEnabled: false, goog:chromeOptions: {debuggerAddress: localhost:64724}, handlesAlerts: true, hasTouchScreen: false, javascriptEnabled: true, locationContextEnabled: true, mobileEmulationEnabled: false, nativeEvents: true, networkConnectionEnabled: false, pageLoadStrategy: normal, platform: XP, platformName: XP, rotatable: false, setWindowRect: true, takesHeapSnapshot: true, takesScreenshot: true, unexpectedAlertBehaviour: , unhandledPromptBehavior: , version: 72.0.3626.109, webStorageEnabled: true}
Session ID: 362279706e58165976387008813c3af5
*** Element info: {Using=xpath, value=//select[@id = 'perkesoOfficeId' and @name = 'perkesoOfficeId' and (text() = '
										--Sila Pilih--
										
											Pejabat PERKESO Batu Pahat
										
											Pejabat PERKESO Beaufort
										
											Pejabat PERKESO Bentong
										
											Pejabat PERKESO Bintulu
										
											Pejabat PERKESO Dungun
										
											Pejabat PERKESO Georgetown
										
											Pejabat PERKESO Kajang
										
											Pejabat PERKESO Kapit
										
											Pejabat PERKESO Kemaman
										
											Pejabat PERKESO Keningau
										
											Pejabat PERKESO Klang
										
											Pejabat PERKESO Kluang
										
											Pejabat PERKESO Kota Marudu
										
											Pejabat PERKESO Kuala Kangsar
										
											Pejabat PERKESO Kuala Krai
										
											Pejabat PERKESO Kuala Pilah
										
											Pejabat PERKESO Kulim
										
											Pejabat PERKESO Labuan
										
											Pejabat PERKESO Lahad Datu
										
											Pejabat PERKESO Langkawi
										
											Pejabat PERKESO Limbang
										
											Pejabat PERKESO Miri
										
											Pejabat PERKESO Muar
										
											Pejabat PERKESO Mukah
										
											Pejabat PERKESO Negeri Johor
										
											Pejabat PERKESO Negeri Kedah
										
											Pejabat PERKESO Negeri Kelantan
										
											Pejabat PERKESO Negeri Melaka
										
											Pejabat PERKESO Negeri Pahang
										
											Pejabat PERKESO Negeri Perak
										
											Pejabat PERKESO Negeri Perlis
										
											Pejabat PERKESO Negeri Pulau Pinang
										
											Pejabat PERKESO Negeri Sabah
										
											Pejabat PERKESO Negeri Sarawak
										
											Pejabat PERKESO Negeri Selangor
										
											Pejabat PERKESO Negeri Sembilan
										
											Pejabat PERKESO Negeri Terengganu
										
											Pejabat PERKESO Negeri W.P Kuala Lumpur
										
											Pejabat PERKESO Rawang
										
											Pejabat PERKESO Sandakan
										
											Pejabat PERKESO Sarikei
										
											Pejabat PERKESO Segamat
										
											Pejabat PERKESO Serian
										
											Pejabat PERKESO Sibu
										
											Pejabat PERKESO Sri Aman
										
											Pejabat PERKESO Sri Manjung
										
											Pejabat PERKESO Sungai Petani
										
											Pejabat PERKESO Taiping
										
											Pejabat PERKESO Tanjung Karang
										
											Pejabat PERKESO Tapah
										
											Pejabat PERKESO Tawau
										
											Pejabat PERKESO Teluk Intan
										
											Pejabat PERKESO Temerloh
										
									' or . = '
										--Sila Pilih--
										
											Pejabat PERKESO Batu Pahat
										
											Pejabat PERKESO Beaufort
										
											Pejabat PERKESO Bentong
										
											Pejabat PERKESO Bintulu
										
											Pejabat PERKESO Dungun
										
											Pejabat PERKESO Georgetown
										
											Pejabat PERKESO Kajang
										
											Pejabat PERKESO Kapit
										
											Pejabat PERKESO Kemaman
										
											Pejabat PERKESO Keningau
										
											Pejabat PERKESO Klang
										
											Pejabat PERKESO Kluang
										
											Pejabat PERKESO Kota Marudu
										
											Pejabat PERKESO Kuala Kangsar
										
											Pejabat PERKESO Kuala Krai
										
											Pejabat PERKESO Kuala Pilah
										
											Pejabat PERKESO Kulim
										
											Pejabat PERKESO Labuan
										
											Pejabat PERKESO Lahad Datu
										
											Pejabat PERKESO Langkawi
										
											Pejabat PERKESO Limbang
										
											Pejabat PERKESO Miri
										
											Pejabat PERKESO Muar
										
											Pejabat PERKESO Mukah
										
											Pejabat PERKESO Negeri Johor
										
											Pejabat PERKESO Negeri Kedah
										
											Pejabat PERKESO Negeri Kelantan
										
											Pejabat PERKESO Negeri Melaka
										
											Pejabat PERKESO Negeri Pahang
										
											Pejabat PERKESO Negeri Perak
										
											Pejabat PERKESO Negeri Perlis
										
											Pejabat PERKESO Negeri Pulau Pinang
										
											Pejabat PERKESO Negeri Sabah
										
											Pejabat PERKESO Negeri Sarawak
										
											Pejabat PERKESO Negeri Selangor
										
											Pejabat PERKESO Negeri Sembilan
										
											Pejabat PERKESO Negeri Terengganu
										
											Pejabat PERKESO Negeri W.P Kuala Lumpur
										
											Pejabat PERKESO Rawang
										
											Pejabat PERKESO Sandakan
										
											Pejabat PERKESO Sarikei
										
											Pejabat PERKESO Segamat
										
											Pejabat PERKESO Serian
										
											Pejabat PERKESO Sibu
										
											Pejabat PERKESO Sri Aman
										
											Pejabat PERKESO Sri Manjung
										
											Pejabat PERKESO Sungai Petani
										
											Pejabat PERKESO Taiping
										
											Pejabat PERKESO Tanjung Karang
										
											Pejabat PERKESO Tapah
										
											Pejabat PERKESO Tawau
										
											Pejabat PERKESO Teluk Intan
										
											Pejabat PERKESO Temerloh
										
									')]})
	at com.kms.katalon.core.keyword.internal.KeywordMain.stepFailed(KeywordMain.groovy:36)
	at com.kms.katalon.core.webui.keyword.internal.WebUIKeywordMain.stepFailed(WebUIKeywordMain.groovy:65)
	at com.kms.katalon.core.webui.keyword.internal.WebUIKeywordMain.runKeyword(WebUIKeywordMain.groovy:27)
	at com.kms.katalon.core.webui.keyword.builtin.ClickKeyword.click(ClickKeyword.groovy:86)
	at com.kms.katalon.core.webui.keyword.builtin.ClickKeyword.execute(ClickKeyword.groovy:67)
	at com.kms.katalon.core.keyword.internal.KeywordExecutor.executeKeywordForPlatform(KeywordExecutor.groovy:53)
	at com.kms.katalon.core.webui.keyword.WebUiBuiltInKeywords.click(WebUiBuiltInKeywords.groovy:616)
	at com.kms.katalon.core.webui.keyword.WebUiBuiltInKeywords$click$3.call(Unknown Source)
	at GN_Application_Reg.run(GN_Application_Reg:48)
	at com.kms.katalon.core.main.ScriptEngine.run(ScriptEngine.java:194)
	at com.kms.katalon.core.main.ScriptEngine.runScriptAsRawText(ScriptEngine.java:119)
	at com.kms.katalon.core.main.TestCaseExecutor.runScript(TestCaseExecutor.java:328)
	at com.kms.katalon.core.main.TestCaseExecutor.doExecute(TestCaseExecutor.java:319)
	at com.kms.katalon.core.main.TestCaseExecutor.processExecutionPhase(TestCaseExecutor.java:298)
	at com.kms.katalon.core.main.TestCaseExecutor.accessMainPhase(TestCaseExecutor.java:290)
	at com.kms.katalon.core.main.TestCaseExecutor.execute(TestCaseExecutor.java:224)
	at com.kms.katalon.core.main.TestCaseMain.runTestCase(TestCaseMain.java:106)
	at com.kms.katalon.core.keyword.builtin.CallTestCaseKeyword$_callTestCase_closure1.doCall(CallTestCaseKeyword.groovy:59)
	at com.kms.katalon.core.keyword.builtin.CallTestCaseKeyword$_callTestCase_closure1.call(CallTestCaseKeyword.groovy)
	at com.kms.katalon.core.keyword.internal.KeywordMain.runKeyword(KeywordMain.groovy:54)
	at com.kms.katalon.core.keyword.builtin.CallTestCaseKeyword.callTestCase(CallTestCaseKeyword.groovy:80)
	at com.kms.katalon.core.keyword.builtin.CallTestCaseKeyword.execute(CallTestCaseKeyword.groovy:44)
	at com.kms.katalon.core.keyword.internal.KeywordExecutor.executeKeywordForPlatform(KeywordExecutor.groovy:53)
	at com.kms.katalon.core.keyword.BuiltinKeywords.callTestCase(BuiltinKeywords.groovy:334)
	at GN_Submit Form 7_End to End.run(GN_Submit Form 7_End to End:16)
	at com.kms.katalon.core.main.ScriptEngine.run(ScriptEngine.java:194)
	at com.kms.katalon.core.main.ScriptEngine.runScriptAsRawText(ScriptEngine.java:119)
	at com.kms.katalon.core.main.TestCaseExecutor.runScript(TestCaseExecutor.java:328)
	at com.kms.katalon.core.main.TestCaseExecutor.doExecute(TestCaseExecutor.java:319)
	at com.kms.katalon.core.main.TestCaseExecutor.processExecutionPhase(TestCaseExecutor.java:298)
	at com.kms.katalon.core.main.TestCaseExecutor.accessMainPhase(TestCaseExecutor.java:290)
	at com.kms.katalon.core.main.TestCaseExecutor.execute(TestCaseExecutor.java:224)
	at com.kms.katalon.core.main.TestCaseMain.runTestCase(TestCaseMain.java:106)
	at com.kms.katalon.core.keyword.builtin.CallTestCaseKeyword$_callTestCase_closure1.doCall(CallTestCaseKeyword.groovy:59)
	at com.kms.katalon.core.keyword.builtin.CallTestCaseKeyword$_callTestCase_closure1.call(CallTestCaseKeyword.groovy)
	at com.kms.katalon.core.keyword.internal.KeywordMain.runKeyword(KeywordMain.groovy:54)
	at com.kms.katalon.core.keyword.builtin.CallTestCaseKeyword.callTestCase(CallTestCaseKeyword.groovy:80)
	at com.kms.katalon.core.keyword.builtin.CallTestCaseKeyword.execute(CallTestCaseKeyword.groovy:44)
	at com.kms.katalon.core.keyword.internal.KeywordExecutor.executeKeywordForPlatform(KeywordExecutor.groovy:53)
	at com.kms.katalon.core.keyword.BuiltinKeywords.callTestCase(BuiltinKeywords.groovy:334)
	at Submit Form 7 (General) - Case Reassignment Same Branch SEIO.run(Submit Form 7 (General) - Case Reassignment Same Branch SEIO:16)
	at com.kms.katalon.core.main.ScriptEngine.run(ScriptEngine.java:194)
	at com.kms.katalon.core.main.ScriptEngine.runScriptAsRawText(ScriptEngine.java:119)
	at com.kms.katalon.core.main.TestCaseExecutor.runScript(TestCaseExecutor.java:328)
	at com.kms.katalon.core.main.TestCaseExecutor.doExecute(TestCaseExecutor.java:319)
	at com.kms.katalon.core.main.TestCaseExecutor.processExecutionPhase(TestCaseExecutor.java:298)
	at com.kms.katalon.core.main.TestCaseExecutor.accessMainPhase(TestCaseExecutor.java:290)
	at com.kms.katalon.core.main.TestCaseExecutor.execute(TestCaseExecutor.java:224)
	at com.kms.katalon.core.main.TestSuiteExecutor.accessTestCaseMainPhase(TestSuiteExecutor.java:129)
	at com.kms.katalon.core.main.TestSuiteExecutor.accessTestSuiteMainPhase(TestSuiteExecutor.java:112)
	at com.kms.katalon.core.main.TestSuiteExecutor.execute(TestSuiteExecutor.java:81)
	at com.kms.katalon.core.main.TestCaseMain.startTestSuite(TestCaseMain.java:149)
	at com.kms.katalon.core.main.TestCaseMain$startTestSuite$0.call(Unknown Source)
	at TempTestSuite1550476757023.run(TempTestSuite1550476757023.groovy:36)


2019-02-18 16:10:19 - [MESSAGE][FAILED] - Unable to call Test Case 'Test Cases/All TC/Arranged/2. Segment/GN_Submit Form 7_End to End' (Root cause: com.kms.katalon.core.exception.StepFailedException: Call Test Case 'Test Cases/All TC/Arranged/2. Segment/GN_Submit Form 7_End to End' failed)

2019-02-18 16:10:19 - [MESSAGE][FAILED] - callTestCase(findTestCase("All TC/Arranged/2. Segment/GN_Submit Form 7_End to End"), [:], STOP_ON_FAILURE) FAILED.
Reason:
com.kms.katalon.core.exception.StepFailedException: Unable to click on object 'Object Repository/ZhiHao/General_User_Submit_form 7/GN_Application_Reg/Page_PERKESO/select_pejabat_perkeso' (Root cause: org.openqa.selenium.UnhandledAlertException: unexpected alert open: {Alert text : HARAP MAKLUM

PERMOHONAN FAEDAH SIP TELAH DIBUAT BAGI PEKERJAAN INI. MOHON MENYEMAK SEMULA STATUS PERMOHONAN BAGI TUNTUTAN FAEDAH TERSEBUT}
  (Session info: chrome=72.0.3626.109)
  (Driver info: chromedriver=2.43.600210 (68dcf5eebde37173d4027fa8635e332711d2874a),platform=Windows NT 6.1.7601 SP1 x86_64) (WARNING: The server did not provide any stacktrace information)
Command duration or timeout: 0 milliseconds: null
Build info: version: '3.7.1', revision: '8a0099a', time: '2017-11-06T21:07:36.161Z'
System info: host: 'WIN7TEST02', ip: '10.20.3.72', os.name: 'Windows 7', os.arch: 'amd64', os.version: '6.1', java.version: '1.8.0_181'
Driver info: com.kms.katalon.selenium.driver.CChromeDriver
Capabilities {acceptInsecureCerts: false, acceptSslCerts: false, applicationCacheEnabled: false, browserConnectionEnabled: false, browserName: chrome, chrome: {chromedriverVersion: 2.43.600210 (68dcf5eebde371..., userDataDir: C:\Users\Admin\AppData\Loca...}, cssSelectorsEnabled: true, databaseEnabled: false, goog:chromeOptions: {debuggerAddress: localhost:64724}, handlesAlerts: true, hasTouchScreen: false, javascriptEnabled: true, locationContextEnabled: true, mobileEmulationEnabled: false, nativeEvents: true, networkConnectionEnabled: false, pageLoadStrategy: normal, platform: XP, platformName: XP, rotatable: false, setWindowRect: true, takesHeapSnapshot: true, takesScreenshot: true, unexpectedAlertBehaviour: , unhandledPromptBehavior: , version: 72.0.3626.109, webStorageEnabled: true}
Session ID: 362279706e58165976387008813c3af5
*** Element info: {Using=xpath, value=//select[@id = 'perkesoOfficeId' and @name = 'perkesoOfficeId' and (text() = '
										--Sila Pilih--
										
											Pejabat PERKESO Batu Pahat
										
											Pejabat PERKESO Beaufort
										
											Pejabat PERKESO Bentong
										
											Pejabat PERKESO Bintulu
										
											Pejabat PERKESO Dungun
										
											Pejabat PERKESO Georgetown
										
											Pejabat PERKESO Kajang
										
											Pejabat PERKESO Kapit
										
											Pejabat PERKESO Kemaman
										
											Pejabat PERKESO Keningau
										
											Pejabat PERKESO Klang
										
											Pejabat PERKESO Kluang
										
											Pejabat PERKESO Kota Marudu
										
											Pejabat PERKESO Kuala Kangsar
										
											Pejabat PERKESO Kuala Krai
										
											Pejabat PERKESO Kuala Pilah
										
											Pejabat PERKESO Kulim
										
											Pejabat PERKESO Labuan
										
											Pejabat PERKESO Lahad Datu
										
											Pejabat PERKESO Langkawi
										
											Pejabat PERKESO Limbang
										
											Pejabat PERKESO Miri
										
											Pejabat PERKESO Muar
										
											Pejabat PERKESO Mukah
										
											Pejabat PERKESO Negeri Johor
										
											Pejabat PERKESO Negeri Kedah
										
											Pejabat PERKESO Negeri Kelantan
										
											Pejabat PERKESO Negeri Melaka
										
											Pejabat PERKESO Negeri Pahang
										
											Pejabat PERKESO Negeri Perak
										
											Pejabat PERKESO Negeri Perlis
										
											Pejabat PERKESO Negeri Pulau Pinang
										
											Pejabat PERKESO Negeri Sabah
										
											Pejabat PERKESO Negeri Sarawak
										
											Pejabat PERKESO Negeri Selangor
										
											Pejabat PERKESO Negeri Sembilan
										
											Pejabat PERKESO Negeri Terengganu
										
											Pejabat PERKESO Negeri W.P Kuala Lumpur
										
											Pejabat PERKESO Rawang
										
											Pejabat PERKESO Sandakan
										
											Pejabat PERKESO Sarikei
										
											Pejabat PERKESO Segamat
										
											Pejabat PERKESO Serian
										
											Pejabat PERKESO Sibu
										
											Pejabat PERKESO Sri Aman
										
											Pejabat PERKESO Sri Manjung
										
											Pejabat PERKESO Sungai Petani
										
											Pejabat PERKESO Taiping
										
											Pejabat PERKESO Tanjung Karang
										
											Pejabat PERKESO Tapah
										
											Pejabat PERKESO Tawau
										
											Pejabat PERKESO Teluk Intan
										
											Pejabat PERKESO Temerloh
										
									' or . = '
										--Sila Pilih--
										
											Pejabat PERKESO Batu Pahat
										
											Pejabat PERKESO Beaufort
										
											Pejabat PERKESO Bentong
										
											Pejabat PERKESO Bintulu
										
											Pejabat PERKESO Dungun
										
											Pejabat PERKESO Georgetown
										
											Pejabat PERKESO Kajang
										
											Pejabat PERKESO Kapit
										
											Pejabat PERKESO Kemaman
										
											Pejabat PERKESO Keningau
										
											Pejabat PERKESO Klang
										
											Pejabat PERKESO Kluang
										
											Pejabat PERKESO Kota Marudu
										
											Pejabat PERKESO Kuala Kangsar
										
											Pejabat PERKESO Kuala Krai
										
											Pejabat PERKESO Kuala Pilah
										
											Pejabat PERKESO Kulim
										
											Pejabat PERKESO Labuan
										
											Pejabat PERKESO Lahad Datu
										
											Pejabat PERKESO Langkawi
										
											Pejabat PERKESO Limbang
										
											Pejabat PERKESO Miri
										
											Pejabat PERKESO Muar
										
											Pejabat PERKESO Mukah
										
											Pejabat PERKESO Negeri Johor
										
											Pejabat PERKESO Negeri Kedah
										
											Pejabat PERKESO Negeri Kelantan
										
											Pejabat PERKESO Negeri Melaka
										
											Pejabat PERKESO Negeri Pahang
										
											Pejabat PERKESO Negeri Perak
										
											Pejabat PERKESO Negeri Perlis
										
											Pejabat PERKESO Negeri Pulau Pinang
										
											Pejabat PERKESO Negeri Sabah
										
											Pejabat PERKESO Negeri Sarawak
										
											Pejabat PERKESO Negeri Selangor
										
											Pejabat PERKESO Negeri Sembilan
										
											Pejabat PERKESO Negeri Terengganu
										
											Pejabat PERKESO Negeri W.P Kuala Lumpur
										
											Pejabat PERKESO Rawang
										
											Pejabat PERKESO Sandakan
										
											Pejabat PERKESO Sarikei
										
											Pejabat PERKESO Segamat
										
											Pejabat PERKESO Serian
										
											Pejabat PERKESO Sibu
										
											Pejabat PERKESO Sri Aman
										
											Pejabat PERKESO Sri Manjung
										
											Pejabat PERKESO Sungai Petani
										
											Pejabat PERKESO Taiping
										
											Pejabat PERKESO Tanjung Karang
										
											Pejabat PERKESO Tapah
										
											Pejabat PERKESO Tawau
										
											Pejabat PERKESO Teluk Intan
										
											Pejabat PERKESO Temerloh
										
									')]})
	at com.kms.katalon.core.keyword.internal.KeywordMain.stepFailed(KeywordMain.groovy:36)
	at com.kms.katalon.core.webui.keyword.internal.WebUIKeywordMain.stepFailed(WebUIKeywordMain.groovy:65)
	at com.kms.katalon.core.webui.keyword.internal.WebUIKeywordMain.runKeyword(WebUIKeywordMain.groovy:27)
	at com.kms.katalon.core.webui.keyword.builtin.ClickKeyword.click(ClickKeyword.groovy:86)
	at com.kms.katalon.core.webui.keyword.builtin.ClickKeyword.execute(ClickKeyword.groovy:67)
	at com.kms.katalon.core.keyword.internal.KeywordExecutor.executeKeywordForPlatform(KeywordExecutor.groovy:53)
	at com.kms.katalon.core.webui.keyword.WebUiBuiltInKeywords.click(WebUiBuiltInKeywords.groovy:616)
	at com.kms.katalon.core.webui.keyword.WebUiBuiltInKeywords$click$3.call(Unknown Source)
	at GN_Application_Reg.run(GN_Application_Reg:48)
	at com.kms.katalon.core.main.ScriptEngine.run(ScriptEngine.java:194)
	at com.kms.katalon.core.main.ScriptEngine.runScriptAsRawText(ScriptEngine.java:119)
	at com.kms.katalon.core.main.TestCaseExecutor.runScript(TestCaseExecutor.java:328)
	at com.kms.katalon.core.main.TestCaseExecutor.doExecute(TestCaseExecutor.java:319)
	at com.kms.katalon.core.main.TestCaseExecutor.processExecutionPhase(TestCaseExecutor.java:298)
	at com.kms.katalon.core.main.TestCaseExecutor.accessMainPhase(TestCaseExecutor.java:290)
	at com.kms.katalon.core.main.TestCaseExecutor.execute(TestCaseExecutor.java:224)
	at com.kms.katalon.core.main.TestCaseMain.runTestCase(TestCaseMain.java:106)
	at com.kms.katalon.core.keyword.builtin.CallTestCaseKeyword$_callTestCase_closure1.doCall(CallTestCaseKeyword.groovy:59)
	at com.kms.katalon.core.keyword.builtin.CallTestCaseKeyword$_callTestCase_closure1.call(CallTestCaseKeyword.groovy)
	at com.kms.katalon.core.keyword.internal.KeywordMain.runKeyword(KeywordMain.groovy:54)
	at com.kms.katalon.core.keyword.builtin.CallTestCaseKeyword.callTestCase(CallTestCaseKeyword.groovy:80)
	at com.kms.katalon.core.keyword.builtin.CallTestCaseKeyword.execute(CallTestCaseKeyword.groovy:44)
	at com.kms.katalon.core.keyword.internal.KeywordExecutor.executeKeywordForPlatform(KeywordExecutor.groovy:53)
	at com.kms.katalon.core.keyword.BuiltinKeywords.callTestCase(BuiltinKeywords.groovy:334)
	at GN_Submit Form 7_End to End.run(GN_Submit Form 7_End to End:16)
	at com.kms.katalon.core.main.ScriptEngine.run(ScriptEngine.java:194)
	at com.kms.katalon.core.main.ScriptEngine.runScriptAsRawText(ScriptEngine.java:119)
	at com.kms.katalon.core.main.TestCaseExecutor.runScript(TestCaseExecutor.java:328)
	at com.kms.katalon.core.main.TestCaseExecutor.doExecute(TestCaseExecutor.java:319)
	at com.kms.katalon.core.main.TestCaseExecutor.processExecutionPhase(TestCaseExecutor.java:298)
	at com.kms.katalon.core.main.TestCaseExecutor.accessMainPhase(TestCaseExecutor.java:290)
	at com.kms.katalon.core.main.TestCaseExecutor.execute(TestCaseExecutor.java:224)
	at com.kms.katalon.core.main.TestCaseMain.runTestCase(TestCaseMain.java:106)
	at com.kms.katalon.core.keyword.builtin.CallTestCaseKeyword$_callTestCase_closure1.doCall(CallTestCaseKeyword.groovy:59)
	at com.kms.katalon.core.keyword.builtin.CallTestCaseKeyword$_callTestCase_closure1.call(CallTestCaseKeyword.groovy)
	at com.kms.katalon.core.keyword.internal.KeywordMain.runKeyword(KeywordMain.groovy:54)
	at com.kms.katalon.core.keyword.builtin.CallTestCaseKeyword.callTestCase(CallTestCaseKeyword.groovy:80)
	at com.kms.katalon.core.keyword.builtin.CallTestCaseKeyword.execute(CallTestCaseKeyword.groovy:44)
	at com.kms.katalon.core.keyword.internal.KeywordExecutor.executeKeywordForPlatform(KeywordExecutor.groovy:53)
	at com.kms.katalon.core.keyword.BuiltinKeywords.callTestCase(BuiltinKeywords.groovy:334)
	at Submit Form 7 (General) - Case Reassignment Same Branch SEIO.run(Submit Form 7 (General) - Case Reassignment Same Branch SEIO:16)
	at com.kms.katalon.core.main.ScriptEngine.run(ScriptEngine.java:194)
	at com.kms.katalon.core.main.ScriptEngine.runScriptAsRawText(ScriptEngine.java:119)
	at com.kms.katalon.core.main.TestCaseExecutor.runScript(TestCaseExecutor.java:328)
	at com.kms.katalon.core.main.TestCaseExecutor.doExecute(TestCaseExecutor.java:319)
	at com.kms.katalon.core.main.TestCaseExecutor.processExecutionPhase(TestCaseExecutor.java:298)
	at com.kms.katalon.core.main.TestCaseExecutor.accessMainPhase(TestCaseExecutor.java:290)
	at com.kms.katalon.core.main.TestCaseExecutor.execute(TestCaseExecutor.java:224)
	at com.kms.katalon.core.main.TestSuiteExecutor.accessTestCaseMainPhase(TestSuiteExecutor.java:129)
	at com.kms.katalon.core.main.TestSuiteExecutor.accessTestSuiteMainPhase(TestSuiteExecutor.java:112)
	at com.kms.katalon.core.main.TestSuiteExecutor.execute(TestSuiteExecutor.java:81)
	at com.kms.katalon.core.main.TestCaseMain.startTestSuite(TestCaseMain.java:149)
	at com.kms.katalon.core.main.TestCaseMain$startTestSuite$0.call(Unknown Source)
	at TempTestSuite1550476757023.run(TempTestSuite1550476757023.groovy:36)]]></system-out>
         <system-err><![CDATA[2019-02-18 16:09:18 - [TEST_CASE][FAILED] - Test Cases/All TC/Arranged/0. Full Flow/Submit Form 7 (General) - Case Reassignment Same Branch SEIO: Test Cases/All TC/Arranged/0. Full Flow/Submit Form 7 (General) - Case Reassignment Same Branch SEIO FAILED.
Reason:
com.kms.katalon.core.exception.StepFailedException: Unable to click on object 'Object Repository/ZhiHao/General_User_Submit_form 7/GN_Application_Reg/Page_PERKESO/select_pejabat_perkeso' (Root cause: org.openqa.selenium.UnhandledAlertException: unexpected alert open: {Alert text : HARAP MAKLUM

PERMOHONAN FAEDAH SIP TELAH DIBUAT BAGI PEKERJAAN INI. MOHON MENYEMAK SEMULA STATUS PERMOHONAN BAGI TUNTUTAN FAEDAH TERSEBUT}
  (Session info: chrome=72.0.3626.109)
  (Driver info: chromedriver=2.43.600210 (68dcf5eebde37173d4027fa8635e332711d2874a),platform=Windows NT 6.1.7601 SP1 x86_64) (WARNING: The server did not provide any stacktrace information)
Command duration or timeout: 0 milliseconds: null
Build info: version: '3.7.1', revision: '8a0099a', time: '2017-11-06T21:07:36.161Z'
System info: host: 'WIN7TEST02', ip: '10.20.3.72', os.name: 'Windows 7', os.arch: 'amd64', os.version: '6.1', java.version: '1.8.0_181'
Driver info: com.kms.katalon.selenium.driver.CChromeDriver
Capabilities {acceptInsecureCerts: false, acceptSslCerts: false, applicationCacheEnabled: false, browserConnectionEnabled: false, browserName: chrome, chrome: {chromedriverVersion: 2.43.600210 (68dcf5eebde371..., userDataDir: C:\Users\Admin\AppData\Loca...}, cssSelectorsEnabled: true, databaseEnabled: false, goog:chromeOptions: {debuggerAddress: localhost:64724}, handlesAlerts: true, hasTouchScreen: false, javascriptEnabled: true, locationContextEnabled: true, mobileEmulationEnabled: false, nativeEvents: true, networkConnectionEnabled: false, pageLoadStrategy: normal, platform: XP, platformName: XP, rotatable: false, setWindowRect: true, takesHeapSnapshot: true, takesScreenshot: true, unexpectedAlertBehaviour: , unhandledPromptBehavior: , version: 72.0.3626.109, webStorageEnabled: true}
Session ID: 362279706e58165976387008813c3af5
*** Element info: {Using=xpath, value=//select[@id = 'perkesoOfficeId' and @name = 'perkesoOfficeId' and (text() = '
										--Sila Pilih--
										
											Pejabat PERKESO Batu Pahat
										
											Pejabat PERKESO Beaufort
										
											Pejabat PERKESO Bentong
										
											Pejabat PERKESO Bintulu
										
											Pejabat PERKESO Dungun
										
											Pejabat PERKESO Georgetown
										
											Pejabat PERKESO Kajang
										
											Pejabat PERKESO Kapit
										
											Pejabat PERKESO Kemaman
										
											Pejabat PERKESO Keningau
										
											Pejabat PERKESO Klang
										
											Pejabat PERKESO Kluang
										
											Pejabat PERKESO Kota Marudu
										
											Pejabat PERKESO Kuala Kangsar
										
											Pejabat PERKESO Kuala Krai
										
											Pejabat PERKESO Kuala Pilah
										
											Pejabat PERKESO Kulim
										
											Pejabat PERKESO Labuan
										
											Pejabat PERKESO Lahad Datu
										
											Pejabat PERKESO Langkawi
										
											Pejabat PERKESO Limbang
										
											Pejabat PERKESO Miri
										
											Pejabat PERKESO Muar
										
											Pejabat PERKESO Mukah
										
											Pejabat PERKESO Negeri Johor
										
											Pejabat PERKESO Negeri Kedah
										
											Pejabat PERKESO Negeri Kelantan
										
											Pejabat PERKESO Negeri Melaka
										
											Pejabat PERKESO Negeri Pahang
										
											Pejabat PERKESO Negeri Perak
										
											Pejabat PERKESO Negeri Perlis
										
											Pejabat PERKESO Negeri Pulau Pinang
										
											Pejabat PERKESO Negeri Sabah
										
											Pejabat PERKESO Negeri Sarawak
										
											Pejabat PERKESO Negeri Selangor
										
											Pejabat PERKESO Negeri Sembilan
										
											Pejabat PERKESO Negeri Terengganu
										
											Pejabat PERKESO Negeri W.P Kuala Lumpur
										
											Pejabat PERKESO Rawang
										
											Pejabat PERKESO Sandakan
										
											Pejabat PERKESO Sarikei
										
											Pejabat PERKESO Segamat
										
											Pejabat PERKESO Serian
										
											Pejabat PERKESO Sibu
										
											Pejabat PERKESO Sri Aman
										
											Pejabat PERKESO Sri Manjung
										
											Pejabat PERKESO Sungai Petani
										
											Pejabat PERKESO Taiping
										
											Pejabat PERKESO Tanjung Karang
										
											Pejabat PERKESO Tapah
										
											Pejabat PERKESO Tawau
										
											Pejabat PERKESO Teluk Intan
										
											Pejabat PERKESO Temerloh
										
									' or . = '
										--Sila Pilih--
										
											Pejabat PERKESO Batu Pahat
										
											Pejabat PERKESO Beaufort
										
											Pejabat PERKESO Bentong
										
											Pejabat PERKESO Bintulu
										
											Pejabat PERKESO Dungun
										
											Pejabat PERKESO Georgetown
										
											Pejabat PERKESO Kajang
										
											Pejabat PERKESO Kapit
										
											Pejabat PERKESO Kemaman
										
											Pejabat PERKESO Keningau
										
											Pejabat PERKESO Klang
										
											Pejabat PERKESO Kluang
										
											Pejabat PERKESO Kota Marudu
										
											Pejabat PERKESO Kuala Kangsar
										
											Pejabat PERKESO Kuala Krai
										
											Pejabat PERKESO Kuala Pilah
										
											Pejabat PERKESO Kulim
										
											Pejabat PERKESO Labuan
										
											Pejabat PERKESO Lahad Datu
										
											Pejabat PERKESO Langkawi
										
											Pejabat PERKESO Limbang
										
											Pejabat PERKESO Miri
										
											Pejabat PERKESO Muar
										
											Pejabat PERKESO Mukah
										
											Pejabat PERKESO Negeri Johor
										
											Pejabat PERKESO Negeri Kedah
										
											Pejabat PERKESO Negeri Kelantan
										
											Pejabat PERKESO Negeri Melaka
										
											Pejabat PERKESO Negeri Pahang
										
											Pejabat PERKESO Negeri Perak
										
											Pejabat PERKESO Negeri Perlis
										
											Pejabat PERKESO Negeri Pulau Pinang
										
											Pejabat PERKESO Negeri Sabah
										
											Pejabat PERKESO Negeri Sarawak
										
											Pejabat PERKESO Negeri Selangor
										
											Pejabat PERKESO Negeri Sembilan
										
											Pejabat PERKESO Negeri Terengganu
										
											Pejabat PERKESO Negeri W.P Kuala Lumpur
										
											Pejabat PERKESO Rawang
										
											Pejabat PERKESO Sandakan
										
											Pejabat PERKESO Sarikei
										
											Pejabat PERKESO Segamat
										
											Pejabat PERKESO Serian
										
											Pejabat PERKESO Sibu
										
											Pejabat PERKESO Sri Aman
										
											Pejabat PERKESO Sri Manjung
										
											Pejabat PERKESO Sungai Petani
										
											Pejabat PERKESO Taiping
										
											Pejabat PERKESO Tanjung Karang
										
											Pejabat PERKESO Tapah
										
											Pejabat PERKESO Tawau
										
											Pejabat PERKESO Teluk Intan
										
											Pejabat PERKESO Temerloh
										
									')]})
	at com.kms.katalon.core.keyword.internal.KeywordMain.stepFailed(KeywordMain.groovy:36)
	at com.kms.katalon.core.webui.keyword.internal.WebUIKeywordMain.stepFailed(WebUIKeywordMain.groovy:65)
	at com.kms.katalon.core.webui.keyword.internal.WebUIKeywordMain.runKeyword(WebUIKeywordMain.groovy:27)
	at com.kms.katalon.core.webui.keyword.builtin.ClickKeyword.click(ClickKeyword.groovy:86)
	at com.kms.katalon.core.webui.keyword.builtin.ClickKeyword.execute(ClickKeyword.groovy:67)
	at com.kms.katalon.core.keyword.internal.KeywordExecutor.executeKeywordForPlatform(KeywordExecutor.groovy:53)
	at com.kms.katalon.core.webui.keyword.WebUiBuiltInKeywords.click(WebUiBuiltInKeywords.groovy:616)
	at com.kms.katalon.core.webui.keyword.WebUiBuiltInKeywords$click$3.call(Unknown Source)
	at GN_Application_Reg.run(GN_Application_Reg:48)
	at com.kms.katalon.core.main.ScriptEngine.run(ScriptEngine.java:194)
	at com.kms.katalon.core.main.ScriptEngine.runScriptAsRawText(ScriptEngine.java:119)
	at com.kms.katalon.core.main.TestCaseExecutor.runScript(TestCaseExecutor.java:328)
	at com.kms.katalon.core.main.TestCaseExecutor.doExecute(TestCaseExecutor.java:319)
	at com.kms.katalon.core.main.TestCaseExecutor.processExecutionPhase(TestCaseExecutor.java:298)
	at com.kms.katalon.core.main.TestCaseExecutor.accessMainPhase(TestCaseExecutor.java:290)
	at com.kms.katalon.core.main.TestCaseExecutor.execute(TestCaseExecutor.java:224)
	at com.kms.katalon.core.main.TestCaseMain.runTestCase(TestCaseMain.java:106)
	at com.kms.katalon.core.keyword.builtin.CallTestCaseKeyword$_callTestCase_closure1.doCall(CallTestCaseKeyword.groovy:59)
	at com.kms.katalon.core.keyword.builtin.CallTestCaseKeyword$_callTestCase_closure1.call(CallTestCaseKeyword.groovy)
	at com.kms.katalon.core.keyword.internal.KeywordMain.runKeyword(KeywordMain.groovy:54)
	at com.kms.katalon.core.keyword.builtin.CallTestCaseKeyword.callTestCase(CallTestCaseKeyword.groovy:80)
	at com.kms.katalon.core.keyword.builtin.CallTestCaseKeyword.execute(CallTestCaseKeyword.groovy:44)
	at com.kms.katalon.core.keyword.internal.KeywordExecutor.executeKeywordForPlatform(KeywordExecutor.groovy:53)
	at com.kms.katalon.core.keyword.BuiltinKeywords.callTestCase(BuiltinKeywords.groovy:334)
	at GN_Submit Form 7_End to End.run(GN_Submit Form 7_End to End:16)
	at com.kms.katalon.core.main.ScriptEngine.run(ScriptEngine.java:194)
	at com.kms.katalon.core.main.ScriptEngine.runScriptAsRawText(ScriptEngine.java:119)
	at com.kms.katalon.core.main.TestCaseExecutor.runScript(TestCaseExecutor.java:328)
	at com.kms.katalon.core.main.TestCaseExecutor.doExecute(TestCaseExecutor.java:319)
	at com.kms.katalon.core.main.TestCaseExecutor.processExecutionPhase(TestCaseExecutor.java:298)
	at com.kms.katalon.core.main.TestCaseExecutor.accessMainPhase(TestCaseExecutor.java:290)
	at com.kms.katalon.core.main.TestCaseExecutor.execute(TestCaseExecutor.java:224)
	at com.kms.katalon.core.main.TestCaseMain.runTestCase(TestCaseMain.java:106)
	at com.kms.katalon.core.keyword.builtin.CallTestCaseKeyword$_callTestCase_closure1.doCall(CallTestCaseKeyword.groovy:59)
	at com.kms.katalon.core.keyword.builtin.CallTestCaseKeyword$_callTestCase_closure1.call(CallTestCaseKeyword.groovy)
	at com.kms.katalon.core.keyword.internal.KeywordMain.runKeyword(KeywordMain.groovy:54)
	at com.kms.katalon.core.keyword.builtin.CallTestCaseKeyword.callTestCase(CallTestCaseKeyword.groovy:80)
	at com.kms.katalon.core.keyword.builtin.CallTestCaseKeyword.execute(CallTestCaseKeyword.groovy:44)
	at com.kms.katalon.core.keyword.internal.KeywordExecutor.executeKeywordForPlatform(KeywordExecutor.groovy:53)
	at com.kms.katalon.core.keyword.BuiltinKeywords.callTestCase(BuiltinKeywords.groovy:334)
	at Submit Form 7 (General) - Case Reassignment Same Branch SEIO.run(Submit Form 7 (General) - Case Reassignment Same Branch SEIO:16)
	at com.kms.katalon.core.main.ScriptEngine.run(ScriptEngine.java:194)
	at com.kms.katalon.core.main.ScriptEngine.runScriptAsRawText(ScriptEngine.java:119)
	at com.kms.katalon.core.main.TestCaseExecutor.runScript(TestCaseExecutor.java:328)
	at com.kms.katalon.core.main.TestCaseExecutor.doExecute(TestCaseExecutor.java:319)
	at com.kms.katalon.core.main.TestCaseExecutor.processExecutionPhase(TestCaseExecutor.java:298)
	at com.kms.katalon.core.main.TestCaseExecutor.accessMainPhase(TestCaseExecutor.java:290)
	at com.kms.katalon.core.main.TestCaseExecutor.execute(TestCaseExecutor.java:224)
	at com.kms.katalon.core.main.TestSuiteExecutor.accessTestCaseMainPhase(TestSuiteExecutor.java:129)
	at com.kms.katalon.core.main.TestSuiteExecutor.accessTestSuiteMainPhase(TestSuiteExecutor.java:112)
	at com.kms.katalon.core.main.TestSuiteExecutor.execute(TestSuiteExecutor.java:81)
	at com.kms.katalon.core.main.TestCaseMain.startTestSuite(TestCaseMain.java:149)
	at com.kms.katalon.core.main.TestCaseMain$startTestSuite$0.call(Unknown Source)
	at TempTestSuite1550476757023.run(TempTestSuite1550476757023.groovy:36)]]></system-err>
      </testcase>
      <testcase name="Test Cases/All TC/Arranged/0. Full Flow/Submit Form 7 (General) - Case Reassignment Same Branch EIO" classname="Test Cases/All TC/Arranged/0. Full Flow/Submit Form 7 (General) - Case Reassignment Same Branch EIO" status="FAILED">
         <failure type="FAILED" message="Test Cases/All TC/Arranged/0. Full Flow/Submit Form 7 (General) - Case Reassignment Same Branch EIO FAILED.
Reason:
com.kms.katalon.core.exception.StepFailedException: Unable to click on object 'Object Repository/ZhiHao/General_User_Submit_form 7/GN_Application_Reg/Page_PERKESO/select_pejabat_perkeso' (Root cause: org.openqa.selenium.UnhandledAlertException: unexpected alert open: {Alert text : HARAP MAKLUM

PERMOHONAN FAEDAH SIP TELAH DIBUAT BAGI PEKERJAAN INI. MOHON MENYEMAK SEMULA STATUS PERMOHONAN BAGI TUNTUTAN FAEDAH TERSEBUT}
  (Session info: chrome=72.0.3626.109)
  (Driver info: chromedriver=2.43.600210 (68dcf5eebde37173d4027fa8635e332711d2874a),platform=Windows NT 6.1.7601 SP1 x86_64) (WARNING: The server did not provide any stacktrace information)
Command duration or timeout: 0 milliseconds: null
Build info: version: '3.7.1', revision: '8a0099a', time: '2017-11-06T21:07:36.161Z'
System info: host: 'WIN7TEST02', ip: '10.20.3.72', os.name: 'Windows 7', os.arch: 'amd64', os.version: '6.1', java.version: '1.8.0_181'
Driver info: com.kms.katalon.selenium.driver.CChromeDriver
Capabilities {acceptInsecureCerts: false, acceptSslCerts: false, applicationCacheEnabled: false, browserConnectionEnabled: false, browserName: chrome, chrome: {chromedriverVersion: 2.43.600210 (68dcf5eebde371..., userDataDir: C:\Users\Admin\AppData\Loca...}, cssSelectorsEnabled: true, databaseEnabled: false, goog:chromeOptions: {debuggerAddress: localhost:64749}, handlesAlerts: true, hasTouchScreen: false, javascriptEnabled: true, locationContextEnabled: true, mobileEmulationEnabled: false, nativeEvents: true, networkConnectionEnabled: false, pageLoadStrategy: normal, platform: XP, platformName: XP, rotatable: false, setWindowRect: true, takesHeapSnapshot: true, takesScreenshot: true, unexpectedAlertBehaviour: , unhandledPromptBehavior: , version: 72.0.3626.109, webStorageEnabled: true}
Session ID: 7441985140b23456d2ac93864fa9ca21
*** Element info: {Using=xpath, value=//select[@id = 'perkesoOfficeId' and @name = 'perkesoOfficeId' and (text() = '
										--Sila Pilih--
										
											Pejabat PERKESO Batu Pahat
										
											Pejabat PERKESO Beaufort
										
											Pejabat PERKESO Bentong
										
											Pejabat PERKESO Bintulu
										
											Pejabat PERKESO Dungun
										
											Pejabat PERKESO Georgetown
										
											Pejabat PERKESO Kajang
										
											Pejabat PERKESO Kapit
										
											Pejabat PERKESO Kemaman
										
											Pejabat PERKESO Keningau
										
											Pejabat PERKESO Klang
										
											Pejabat PERKESO Kluang
										
											Pejabat PERKESO Kota Marudu
										
											Pejabat PERKESO Kuala Kangsar
										
											Pejabat PERKESO Kuala Krai
										
											Pejabat PERKESO Kuala Pilah
										
											Pejabat PERKESO Kulim
										
											Pejabat PERKESO Labuan
										
											Pejabat PERKESO Lahad Datu
										
											Pejabat PERKESO Langkawi
										
											Pejabat PERKESO Limbang
										
											Pejabat PERKESO Miri
										
											Pejabat PERKESO Muar
										
											Pejabat PERKESO Mukah
										
											Pejabat PERKESO Negeri Johor
										
											Pejabat PERKESO Negeri Kedah
										
											Pejabat PERKESO Negeri Kelantan
										
											Pejabat PERKESO Negeri Melaka
										
											Pejabat PERKESO Negeri Pahang
										
											Pejabat PERKESO Negeri Perak
										
											Pejabat PERKESO Negeri Perlis
										
											Pejabat PERKESO Negeri Pulau Pinang
										
											Pejabat PERKESO Negeri Sabah
										
											Pejabat PERKESO Negeri Sarawak
										
											Pejabat PERKESO Negeri Selangor
										
											Pejabat PERKESO Negeri Sembilan
										
											Pejabat PERKESO Negeri Terengganu
										
											Pejabat PERKESO Negeri W.P Kuala Lumpur
										
											Pejabat PERKESO Rawang
										
											Pejabat PERKESO Sandakan
										
											Pejabat PERKESO Sarikei
										
											Pejabat PERKESO Segamat
										
											Pejabat PERKESO Serian
										
											Pejabat PERKESO Sibu
										
											Pejabat PERKESO Sri Aman
										
											Pejabat PERKESO Sri Manjung
										
											Pejabat PERKESO Sungai Petani
										
											Pejabat PERKESO Taiping
										
											Pejabat PERKESO Tanjung Karang
										
											Pejabat PERKESO Tapah
										
											Pejabat PERKESO Tawau
										
											Pejabat PERKESO Teluk Intan
										
											Pejabat PERKESO Temerloh
										
									' or . = '
										--Sila Pilih--
										
											Pejabat PERKESO Batu Pahat
										
											Pejabat PERKESO Beaufort
										
											Pejabat PERKESO Bentong
										
											Pejabat PERKESO Bintulu
										
											Pejabat PERKESO Dungun
										
											Pejabat PERKESO Georgetown
										
											Pejabat PERKESO Kajang
										
											Pejabat PERKESO Kapit
										
											Pejabat PERKESO Kemaman
										
											Pejabat PERKESO Keningau
										
											Pejabat PERKESO Klang
										
											Pejabat PERKESO Kluang
										
											Pejabat PERKESO Kota Marudu
										
											Pejabat PERKESO Kuala Kangsar
										
											Pejabat PERKESO Kuala Krai
										
											Pejabat PERKESO Kuala Pilah
										
											Pejabat PERKESO Kulim
										
											Pejabat PERKESO Labuan
										
											Pejabat PERKESO Lahad Datu
										
											Pejabat PERKESO Langkawi
										
											Pejabat PERKESO Limbang
										
											Pejabat PERKESO Miri
										
											Pejabat PERKESO Muar
										
											Pejabat PERKESO Mukah
										
											Pejabat PERKESO Negeri Johor
										
											Pejabat PERKESO Negeri Kedah
										
											Pejabat PERKESO Negeri Kelantan
										
											Pejabat PERKESO Negeri Melaka
										
											Pejabat PERKESO Negeri Pahang
										
											Pejabat PERKESO Negeri Perak
										
											Pejabat PERKESO Negeri Perlis
										
											Pejabat PERKESO Negeri Pulau Pinang
										
											Pejabat PERKESO Negeri Sabah
										
											Pejabat PERKESO Negeri Sarawak
										
											Pejabat PERKESO Negeri Selangor
										
											Pejabat PERKESO Negeri Sembilan
										
											Pejabat PERKESO Negeri Terengganu
										
											Pejabat PERKESO Negeri W.P Kuala Lumpur
										
											Pejabat PERKESO Rawang
										
											Pejabat PERKESO Sandakan
										
											Pejabat PERKESO Sarikei
										
											Pejabat PERKESO Segamat
										
											Pejabat PERKESO Serian
										
											Pejabat PERKESO Sibu
										
											Pejabat PERKESO Sri Aman
										
											Pejabat PERKESO Sri Manjung
										
											Pejabat PERKESO Sungai Petani
										
											Pejabat PERKESO Taiping
										
											Pejabat PERKESO Tanjung Karang
										
											Pejabat PERKESO Tapah
										
											Pejabat PERKESO Tawau
										
											Pejabat PERKESO Teluk Intan
										
											Pejabat PERKESO Temerloh
										
									')]})
	at com.kms.katalon.core.keyword.internal.KeywordMain.stepFailed(KeywordMain.groovy:36)
	at com.kms.katalon.core.webui.keyword.internal.WebUIKeywordMain.stepFailed(WebUIKeywordMain.groovy:65)
	at com.kms.katalon.core.webui.keyword.internal.WebUIKeywordMain.runKeyword(WebUIKeywordMain.groovy:27)
	at com.kms.katalon.core.webui.keyword.builtin.ClickKeyword.click(ClickKeyword.groovy:86)
	at com.kms.katalon.core.webui.keyword.builtin.ClickKeyword.execute(ClickKeyword.groovy:67)
	at com.kms.katalon.core.keyword.internal.KeywordExecutor.executeKeywordForPlatform(KeywordExecutor.groovy:53)
	at com.kms.katalon.core.webui.keyword.WebUiBuiltInKeywords.click(WebUiBuiltInKeywords.groovy:616)
	at com.kms.katalon.core.webui.keyword.WebUiBuiltInKeywords$click$3.call(Unknown Source)
	at GN_Application_Reg.run(GN_Application_Reg:48)
	at com.kms.katalon.core.main.ScriptEngine.run(ScriptEngine.java:194)
	at com.kms.katalon.core.main.ScriptEngine.runScriptAsRawText(ScriptEngine.java:119)
	at com.kms.katalon.core.main.TestCaseExecutor.runScript(TestCaseExecutor.java:328)
	at com.kms.katalon.core.main.TestCaseExecutor.doExecute(TestCaseExecutor.java:319)
	at com.kms.katalon.core.main.TestCaseExecutor.processExecutionPhase(TestCaseExecutor.java:298)
	at com.kms.katalon.core.main.TestCaseExecutor.accessMainPhase(TestCaseExecutor.java:290)
	at com.kms.katalon.core.main.TestCaseExecutor.execute(TestCaseExecutor.java:224)
	at com.kms.katalon.core.main.TestCaseMain.runTestCase(TestCaseMain.java:106)
	at com.kms.katalon.core.keyword.builtin.CallTestCaseKeyword$_callTestCase_closure1.doCall(CallTestCaseKeyword.groovy:59)
	at com.kms.katalon.core.keyword.builtin.CallTestCaseKeyword$_callTestCase_closure1.call(CallTestCaseKeyword.groovy)
	at com.kms.katalon.core.keyword.internal.KeywordMain.runKeyword(KeywordMain.groovy:54)
	at com.kms.katalon.core.keyword.builtin.CallTestCaseKeyword.callTestCase(CallTestCaseKeyword.groovy:80)
	at com.kms.katalon.core.keyword.builtin.CallTestCaseKeyword.execute(CallTestCaseKeyword.groovy:44)
	at com.kms.katalon.core.keyword.internal.KeywordExecutor.executeKeywordForPlatform(KeywordExecutor.groovy:53)
	at com.kms.katalon.core.keyword.BuiltinKeywords.callTestCase(BuiltinKeywords.groovy:334)
	at GN_Submit Form 7_End to End.run(GN_Submit Form 7_End to End:16)
	at com.kms.katalon.core.main.ScriptEngine.run(ScriptEngine.java:194)
	at com.kms.katalon.core.main.ScriptEngine.runScriptAsRawText(ScriptEngine.java:119)
	at com.kms.katalon.core.main.TestCaseExecutor.runScript(TestCaseExecutor.java:328)
	at com.kms.katalon.core.main.TestCaseExecutor.doExecute(TestCaseExecutor.java:319)
	at com.kms.katalon.core.main.TestCaseExecutor.processExecutionPhase(TestCaseExecutor.java:298)
	at com.kms.katalon.core.main.TestCaseExecutor.accessMainPhase(TestCaseExecutor.java:290)
	at com.kms.katalon.core.main.TestCaseExecutor.execute(TestCaseExecutor.java:224)
	at com.kms.katalon.core.main.TestCaseMain.runTestCase(TestCaseMain.java:106)
	at com.kms.katalon.core.keyword.builtin.CallTestCaseKeyword$_callTestCase_closure1.doCall(CallTestCaseKeyword.groovy:59)
	at com.kms.katalon.core.keyword.builtin.CallTestCaseKeyword$_callTestCase_closure1.call(CallTestCaseKeyword.groovy)
	at com.kms.katalon.core.keyword.internal.KeywordMain.runKeyword(KeywordMain.groovy:54)
	at com.kms.katalon.core.keyword.builtin.CallTestCaseKeyword.callTestCase(CallTestCaseKeyword.groovy:80)
	at com.kms.katalon.core.keyword.builtin.CallTestCaseKeyword.execute(CallTestCaseKeyword.groovy:44)
	at com.kms.katalon.core.keyword.internal.KeywordExecutor.executeKeywordForPlatform(KeywordExecutor.groovy:53)
	at com.kms.katalon.core.keyword.BuiltinKeywords.callTestCase(BuiltinKeywords.groovy:334)
	at Submit Form 7 (General) - Case Reassignment Same Branch EIO.run(Submit Form 7 (General) - Case Reassignment Same Branch EIO:16)
	at com.kms.katalon.core.main.ScriptEngine.run(ScriptEngine.java:194)
	at com.kms.katalon.core.main.ScriptEngine.runScriptAsRawText(ScriptEngine.java:119)
	at com.kms.katalon.core.main.TestCaseExecutor.runScript(TestCaseExecutor.java:328)
	at com.kms.katalon.core.main.TestCaseExecutor.doExecute(TestCaseExecutor.java:319)
	at com.kms.katalon.core.main.TestCaseExecutor.processExecutionPhase(TestCaseExecutor.java:298)
	at com.kms.katalon.core.main.TestCaseExecutor.accessMainPhase(TestCaseExecutor.java:290)
	at com.kms.katalon.core.main.TestCaseExecutor.execute(TestCaseExecutor.java:224)
	at com.kms.katalon.core.main.TestSuiteExecutor.accessTestCaseMainPhase(TestSuiteExecutor.java:129)
	at com.kms.katalon.core.main.TestSuiteExecutor.accessTestSuiteMainPhase(TestSuiteExecutor.java:112)
	at com.kms.katalon.core.main.TestSuiteExecutor.execute(TestSuiteExecutor.java:81)
	at com.kms.katalon.core.main.TestCaseMain.startTestSuite(TestCaseMain.java:149)
	at com.kms.katalon.core.main.TestCaseMain$startTestSuite$0.call(Unknown Source)
	at TempTestSuite1550476757023.run(TempTestSuite1550476757023.groovy:36)
"/>
         <system-out><![CDATA[2019-02-18 16:10:20 - [TEST_CASE][FAILED] - Test Cases/All TC/Arranged/0. Full Flow/Submit Form 7 (General) - Case Reassignment Same Branch EIO: Test Cases/All TC/Arranged/0. Full Flow/Submit Form 7 (General) - Case Reassignment Same Branch EIO FAILED.
Reason:
com.kms.katalon.core.exception.StepFailedException: Unable to click on object 'Object Repository/ZhiHao/General_User_Submit_form 7/GN_Application_Reg/Page_PERKESO/select_pejabat_perkeso' (Root cause: org.openqa.selenium.UnhandledAlertException: unexpected alert open: {Alert text : HARAP MAKLUM

PERMOHONAN FAEDAH SIP TELAH DIBUAT BAGI PEKERJAAN INI. MOHON MENYEMAK SEMULA STATUS PERMOHONAN BAGI TUNTUTAN FAEDAH TERSEBUT}
  (Session info: chrome=72.0.3626.109)
  (Driver info: chromedriver=2.43.600210 (68dcf5eebde37173d4027fa8635e332711d2874a),platform=Windows NT 6.1.7601 SP1 x86_64) (WARNING: The server did not provide any stacktrace information)
Command duration or timeout: 0 milliseconds: null
Build info: version: '3.7.1', revision: '8a0099a', time: '2017-11-06T21:07:36.161Z'
System info: host: 'WIN7TEST02', ip: '10.20.3.72', os.name: 'Windows 7', os.arch: 'amd64', os.version: '6.1', java.version: '1.8.0_181'
Driver info: com.kms.katalon.selenium.driver.CChromeDriver
Capabilities {acceptInsecureCerts: false, acceptSslCerts: false, applicationCacheEnabled: false, browserConnectionEnabled: false, browserName: chrome, chrome: {chromedriverVersion: 2.43.600210 (68dcf5eebde371..., userDataDir: C:\Users\Admin\AppData\Loca...}, cssSelectorsEnabled: true, databaseEnabled: false, goog:chromeOptions: {debuggerAddress: localhost:64749}, handlesAlerts: true, hasTouchScreen: false, javascriptEnabled: true, locationContextEnabled: true, mobileEmulationEnabled: false, nativeEvents: true, networkConnectionEnabled: false, pageLoadStrategy: normal, platform: XP, platformName: XP, rotatable: false, setWindowRect: true, takesHeapSnapshot: true, takesScreenshot: true, unexpectedAlertBehaviour: , unhandledPromptBehavior: , version: 72.0.3626.109, webStorageEnabled: true}
Session ID: 7441985140b23456d2ac93864fa9ca21
*** Element info: {Using=xpath, value=//select[@id = 'perkesoOfficeId' and @name = 'perkesoOfficeId' and (text() = '
										--Sila Pilih--
										
											Pejabat PERKESO Batu Pahat
										
											Pejabat PERKESO Beaufort
										
											Pejabat PERKESO Bentong
										
											Pejabat PERKESO Bintulu
										
											Pejabat PERKESO Dungun
										
											Pejabat PERKESO Georgetown
										
											Pejabat PERKESO Kajang
										
											Pejabat PERKESO Kapit
										
											Pejabat PERKESO Kemaman
										
											Pejabat PERKESO Keningau
										
											Pejabat PERKESO Klang
										
											Pejabat PERKESO Kluang
										
											Pejabat PERKESO Kota Marudu
										
											Pejabat PERKESO Kuala Kangsar
										
											Pejabat PERKESO Kuala Krai
										
											Pejabat PERKESO Kuala Pilah
										
											Pejabat PERKESO Kulim
										
											Pejabat PERKESO Labuan
										
											Pejabat PERKESO Lahad Datu
										
											Pejabat PERKESO Langkawi
										
											Pejabat PERKESO Limbang
										
											Pejabat PERKESO Miri
										
											Pejabat PERKESO Muar
										
											Pejabat PERKESO Mukah
										
											Pejabat PERKESO Negeri Johor
										
											Pejabat PERKESO Negeri Kedah
										
											Pejabat PERKESO Negeri Kelantan
										
											Pejabat PERKESO Negeri Melaka
										
											Pejabat PERKESO Negeri Pahang
										
											Pejabat PERKESO Negeri Perak
										
											Pejabat PERKESO Negeri Perlis
										
											Pejabat PERKESO Negeri Pulau Pinang
										
											Pejabat PERKESO Negeri Sabah
										
											Pejabat PERKESO Negeri Sarawak
										
											Pejabat PERKESO Negeri Selangor
										
											Pejabat PERKESO Negeri Sembilan
										
											Pejabat PERKESO Negeri Terengganu
										
											Pejabat PERKESO Negeri W.P Kuala Lumpur
										
											Pejabat PERKESO Rawang
										
											Pejabat PERKESO Sandakan
										
											Pejabat PERKESO Sarikei
										
											Pejabat PERKESO Segamat
										
											Pejabat PERKESO Serian
										
											Pejabat PERKESO Sibu
										
											Pejabat PERKESO Sri Aman
										
											Pejabat PERKESO Sri Manjung
										
											Pejabat PERKESO Sungai Petani
										
											Pejabat PERKESO Taiping
										
											Pejabat PERKESO Tanjung Karang
										
											Pejabat PERKESO Tapah
										
											Pejabat PERKESO Tawau
										
											Pejabat PERKESO Teluk Intan
										
											Pejabat PERKESO Temerloh
										
									' or . = '
										--Sila Pilih--
										
											Pejabat PERKESO Batu Pahat
										
											Pejabat PERKESO Beaufort
										
											Pejabat PERKESO Bentong
										
											Pejabat PERKESO Bintulu
										
											Pejabat PERKESO Dungun
										
											Pejabat PERKESO Georgetown
										
											Pejabat PERKESO Kajang
										
											Pejabat PERKESO Kapit
										
											Pejabat PERKESO Kemaman
										
											Pejabat PERKESO Keningau
										
											Pejabat PERKESO Klang
										
											Pejabat PERKESO Kluang
										
											Pejabat PERKESO Kota Marudu
										
											Pejabat PERKESO Kuala Kangsar
										
											Pejabat PERKESO Kuala Krai
										
											Pejabat PERKESO Kuala Pilah
										
											Pejabat PERKESO Kulim
										
											Pejabat PERKESO Labuan
										
											Pejabat PERKESO Lahad Datu
										
											Pejabat PERKESO Langkawi
										
											Pejabat PERKESO Limbang
										
											Pejabat PERKESO Miri
										
											Pejabat PERKESO Muar
										
											Pejabat PERKESO Mukah
										
											Pejabat PERKESO Negeri Johor
										
											Pejabat PERKESO Negeri Kedah
										
											Pejabat PERKESO Negeri Kelantan
										
											Pejabat PERKESO Negeri Melaka
										
											Pejabat PERKESO Negeri Pahang
										
											Pejabat PERKESO Negeri Perak
										
											Pejabat PERKESO Negeri Perlis
										
											Pejabat PERKESO Negeri Pulau Pinang
										
											Pejabat PERKESO Negeri Sabah
										
											Pejabat PERKESO Negeri Sarawak
										
											Pejabat PERKESO Negeri Selangor
										
											Pejabat PERKESO Negeri Sembilan
										
											Pejabat PERKESO Negeri Terengganu
										
											Pejabat PERKESO Negeri W.P Kuala Lumpur
										
											Pejabat PERKESO Rawang
										
											Pejabat PERKESO Sandakan
										
											Pejabat PERKESO Sarikei
										
											Pejabat PERKESO Segamat
										
											Pejabat PERKESO Serian
										
											Pejabat PERKESO Sibu
										
											Pejabat PERKESO Sri Aman
										
											Pejabat PERKESO Sri Manjung
										
											Pejabat PERKESO Sungai Petani
										
											Pejabat PERKESO Taiping
										
											Pejabat PERKESO Tanjung Karang
										
											Pejabat PERKESO Tapah
										
											Pejabat PERKESO Tawau
										
											Pejabat PERKESO Teluk Intan
										
											Pejabat PERKESO Temerloh
										
									')]})
	at com.kms.katalon.core.keyword.internal.KeywordMain.stepFailed(KeywordMain.groovy:36)
	at com.kms.katalon.core.webui.keyword.internal.WebUIKeywordMain.stepFailed(WebUIKeywordMain.groovy:65)
	at com.kms.katalon.core.webui.keyword.internal.WebUIKeywordMain.runKeyword(WebUIKeywordMain.groovy:27)
	at com.kms.katalon.core.webui.keyword.builtin.ClickKeyword.click(ClickKeyword.groovy:86)
	at com.kms.katalon.core.webui.keyword.builtin.ClickKeyword.execute(ClickKeyword.groovy:67)
	at com.kms.katalon.core.keyword.internal.KeywordExecutor.executeKeywordForPlatform(KeywordExecutor.groovy:53)
	at com.kms.katalon.core.webui.keyword.WebUiBuiltInKeywords.click(WebUiBuiltInKeywords.groovy:616)
	at com.kms.katalon.core.webui.keyword.WebUiBuiltInKeywords$click$3.call(Unknown Source)
	at GN_Application_Reg.run(GN_Application_Reg:48)
	at com.kms.katalon.core.main.ScriptEngine.run(ScriptEngine.java:194)
	at com.kms.katalon.core.main.ScriptEngine.runScriptAsRawText(ScriptEngine.java:119)
	at com.kms.katalon.core.main.TestCaseExecutor.runScript(TestCaseExecutor.java:328)
	at com.kms.katalon.core.main.TestCaseExecutor.doExecute(TestCaseExecutor.java:319)
	at com.kms.katalon.core.main.TestCaseExecutor.processExecutionPhase(TestCaseExecutor.java:298)
	at com.kms.katalon.core.main.TestCaseExecutor.accessMainPhase(TestCaseExecutor.java:290)
	at com.kms.katalon.core.main.TestCaseExecutor.execute(TestCaseExecutor.java:224)
	at com.kms.katalon.core.main.TestCaseMain.runTestCase(TestCaseMain.java:106)
	at com.kms.katalon.core.keyword.builtin.CallTestCaseKeyword$_callTestCase_closure1.doCall(CallTestCaseKeyword.groovy:59)
	at com.kms.katalon.core.keyword.builtin.CallTestCaseKeyword$_callTestCase_closure1.call(CallTestCaseKeyword.groovy)
	at com.kms.katalon.core.keyword.internal.KeywordMain.runKeyword(KeywordMain.groovy:54)
	at com.kms.katalon.core.keyword.builtin.CallTestCaseKeyword.callTestCase(CallTestCaseKeyword.groovy:80)
	at com.kms.katalon.core.keyword.builtin.CallTestCaseKeyword.execute(CallTestCaseKeyword.groovy:44)
	at com.kms.katalon.core.keyword.internal.KeywordExecutor.executeKeywordForPlatform(KeywordExecutor.groovy:53)
	at com.kms.katalon.core.keyword.BuiltinKeywords.callTestCase(BuiltinKeywords.groovy:334)
	at GN_Submit Form 7_End to End.run(GN_Submit Form 7_End to End:16)
	at com.kms.katalon.core.main.ScriptEngine.run(ScriptEngine.java:194)
	at com.kms.katalon.core.main.ScriptEngine.runScriptAsRawText(ScriptEngine.java:119)
	at com.kms.katalon.core.main.TestCaseExecutor.runScript(TestCaseExecutor.java:328)
	at com.kms.katalon.core.main.TestCaseExecutor.doExecute(TestCaseExecutor.java:319)
	at com.kms.katalon.core.main.TestCaseExecutor.processExecutionPhase(TestCaseExecutor.java:298)
	at com.kms.katalon.core.main.TestCaseExecutor.accessMainPhase(TestCaseExecutor.java:290)
	at com.kms.katalon.core.main.TestCaseExecutor.execute(TestCaseExecutor.java:224)
	at com.kms.katalon.core.main.TestCaseMain.runTestCase(TestCaseMain.java:106)
	at com.kms.katalon.core.keyword.builtin.CallTestCaseKeyword$_callTestCase_closure1.doCall(CallTestCaseKeyword.groovy:59)
	at com.kms.katalon.core.keyword.builtin.CallTestCaseKeyword$_callTestCase_closure1.call(CallTestCaseKeyword.groovy)
	at com.kms.katalon.core.keyword.internal.KeywordMain.runKeyword(KeywordMain.groovy:54)
	at com.kms.katalon.core.keyword.builtin.CallTestCaseKeyword.callTestCase(CallTestCaseKeyword.groovy:80)
	at com.kms.katalon.core.keyword.builtin.CallTestCaseKeyword.execute(CallTestCaseKeyword.groovy:44)
	at com.kms.katalon.core.keyword.internal.KeywordExecutor.executeKeywordForPlatform(KeywordExecutor.groovy:53)
	at com.kms.katalon.core.keyword.BuiltinKeywords.callTestCase(BuiltinKeywords.groovy:334)
	at Submit Form 7 (General) - Case Reassignment Same Branch EIO.run(Submit Form 7 (General) - Case Reassignment Same Branch EIO:16)
	at com.kms.katalon.core.main.ScriptEngine.run(ScriptEngine.java:194)
	at com.kms.katalon.core.main.ScriptEngine.runScriptAsRawText(ScriptEngine.java:119)
	at com.kms.katalon.core.main.TestCaseExecutor.runScript(TestCaseExecutor.java:328)
	at com.kms.katalon.core.main.TestCaseExecutor.doExecute(TestCaseExecutor.java:319)
	at com.kms.katalon.core.main.TestCaseExecutor.processExecutionPhase(TestCaseExecutor.java:298)
	at com.kms.katalon.core.main.TestCaseExecutor.accessMainPhase(TestCaseExecutor.java:290)
	at com.kms.katalon.core.main.TestCaseExecutor.execute(TestCaseExecutor.java:224)
	at com.kms.katalon.core.main.TestSuiteExecutor.accessTestCaseMainPhase(TestSuiteExecutor.java:129)
	at com.kms.katalon.core.main.TestSuiteExecutor.accessTestSuiteMainPhase(TestSuiteExecutor.java:112)
	at com.kms.katalon.core.main.TestSuiteExecutor.execute(TestSuiteExecutor.java:81)
	at com.kms.katalon.core.main.TestCaseMain.startTestSuite(TestCaseMain.java:149)
	at com.kms.katalon.core.main.TestCaseMain$startTestSuite$0.call(Unknown Source)
	at TempTestSuite1550476757023.run(TempTestSuite1550476757023.groovy:36)


2019-02-18 16:10:21 - [TEST_STEP][FAILED] - callTestCase(findTestCase("All TC/Arranged/2. Segment/GN_Submit Form 7_End to End"), [:], STOP_ON_FAILURE): callTestCase(findTestCase("All TC/Arranged/2. Segment/GN_Submit Form 7_End to End"), [:], STOP_ON_FAILURE) FAILED.
Reason:
com.kms.katalon.core.exception.StepFailedException: Unable to click on object 'Object Repository/ZhiHao/General_User_Submit_form 7/GN_Application_Reg/Page_PERKESO/select_pejabat_perkeso' (Root cause: org.openqa.selenium.UnhandledAlertException: unexpected alert open: {Alert text : HARAP MAKLUM

PERMOHONAN FAEDAH SIP TELAH DIBUAT BAGI PEKERJAAN INI. MOHON MENYEMAK SEMULA STATUS PERMOHONAN BAGI TUNTUTAN FAEDAH TERSEBUT}
  (Session info: chrome=72.0.3626.109)
  (Driver info: chromedriver=2.43.600210 (68dcf5eebde37173d4027fa8635e332711d2874a),platform=Windows NT 6.1.7601 SP1 x86_64) (WARNING: The server did not provide any stacktrace information)
Command duration or timeout: 0 milliseconds: null
Build info: version: '3.7.1', revision: '8a0099a', time: '2017-11-06T21:07:36.161Z'
System info: host: 'WIN7TEST02', ip: '10.20.3.72', os.name: 'Windows 7', os.arch: 'amd64', os.version: '6.1', java.version: '1.8.0_181'
Driver info: com.kms.katalon.selenium.driver.CChromeDriver
Capabilities {acceptInsecureCerts: false, acceptSslCerts: false, applicationCacheEnabled: false, browserConnectionEnabled: false, browserName: chrome, chrome: {chromedriverVersion: 2.43.600210 (68dcf5eebde371..., userDataDir: C:\Users\Admin\AppData\Loca...}, cssSelectorsEnabled: true, databaseEnabled: false, goog:chromeOptions: {debuggerAddress: localhost:64749}, handlesAlerts: true, hasTouchScreen: false, javascriptEnabled: true, locationContextEnabled: true, mobileEmulationEnabled: false, nativeEvents: true, networkConnectionEnabled: false, pageLoadStrategy: normal, platform: XP, platformName: XP, rotatable: false, setWindowRect: true, takesHeapSnapshot: true, takesScreenshot: true, unexpectedAlertBehaviour: , unhandledPromptBehavior: , version: 72.0.3626.109, webStorageEnabled: true}
Session ID: 7441985140b23456d2ac93864fa9ca21
*** Element info: {Using=xpath, value=//select[@id = 'perkesoOfficeId' and @name = 'perkesoOfficeId' and (text() = '
										--Sila Pilih--
										
											Pejabat PERKESO Batu Pahat
										
											Pejabat PERKESO Beaufort
										
											Pejabat PERKESO Bentong
										
											Pejabat PERKESO Bintulu
										
											Pejabat PERKESO Dungun
										
											Pejabat PERKESO Georgetown
										
											Pejabat PERKESO Kajang
										
											Pejabat PERKESO Kapit
										
											Pejabat PERKESO Kemaman
										
											Pejabat PERKESO Keningau
										
											Pejabat PERKESO Klang
										
											Pejabat PERKESO Kluang
										
											Pejabat PERKESO Kota Marudu
										
											Pejabat PERKESO Kuala Kangsar
										
											Pejabat PERKESO Kuala Krai
										
											Pejabat PERKESO Kuala Pilah
										
											Pejabat PERKESO Kulim
										
											Pejabat PERKESO Labuan
										
											Pejabat PERKESO Lahad Datu
										
											Pejabat PERKESO Langkawi
										
											Pejabat PERKESO Limbang
										
											Pejabat PERKESO Miri
										
											Pejabat PERKESO Muar
										
											Pejabat PERKESO Mukah
										
											Pejabat PERKESO Negeri Johor
										
											Pejabat PERKESO Negeri Kedah
										
											Pejabat PERKESO Negeri Kelantan
										
											Pejabat PERKESO Negeri Melaka
										
											Pejabat PERKESO Negeri Pahang
										
											Pejabat PERKESO Negeri Perak
										
											Pejabat PERKESO Negeri Perlis
										
											Pejabat PERKESO Negeri Pulau Pinang
										
											Pejabat PERKESO Negeri Sabah
										
											Pejabat PERKESO Negeri Sarawak
										
											Pejabat PERKESO Negeri Selangor
										
											Pejabat PERKESO Negeri Sembilan
										
											Pejabat PERKESO Negeri Terengganu
										
											Pejabat PERKESO Negeri W.P Kuala Lumpur
										
											Pejabat PERKESO Rawang
										
											Pejabat PERKESO Sandakan
										
											Pejabat PERKESO Sarikei
										
											Pejabat PERKESO Segamat
										
											Pejabat PERKESO Serian
										
											Pejabat PERKESO Sibu
										
											Pejabat PERKESO Sri Aman
										
											Pejabat PERKESO Sri Manjung
										
											Pejabat PERKESO Sungai Petani
										
											Pejabat PERKESO Taiping
										
											Pejabat PERKESO Tanjung Karang
										
											Pejabat PERKESO Tapah
										
											Pejabat PERKESO Tawau
										
											Pejabat PERKESO Teluk Intan
										
											Pejabat PERKESO Temerloh
										
									' or . = '
										--Sila Pilih--
										
											Pejabat PERKESO Batu Pahat
										
											Pejabat PERKESO Beaufort
										
											Pejabat PERKESO Bentong
										
											Pejabat PERKESO Bintulu
										
											Pejabat PERKESO Dungun
										
											Pejabat PERKESO Georgetown
										
											Pejabat PERKESO Kajang
										
											Pejabat PERKESO Kapit
										
											Pejabat PERKESO Kemaman
										
											Pejabat PERKESO Keningau
										
											Pejabat PERKESO Klang
										
											Pejabat PERKESO Kluang
										
											Pejabat PERKESO Kota Marudu
										
											Pejabat PERKESO Kuala Kangsar
										
											Pejabat PERKESO Kuala Krai
										
											Pejabat PERKESO Kuala Pilah
										
											Pejabat PERKESO Kulim
										
											Pejabat PERKESO Labuan
										
											Pejabat PERKESO Lahad Datu
										
											Pejabat PERKESO Langkawi
										
											Pejabat PERKESO Limbang
										
											Pejabat PERKESO Miri
										
											Pejabat PERKESO Muar
										
											Pejabat PERKESO Mukah
										
											Pejabat PERKESO Negeri Johor
										
											Pejabat PERKESO Negeri Kedah
										
											Pejabat PERKESO Negeri Kelantan
										
											Pejabat PERKESO Negeri Melaka
										
											Pejabat PERKESO Negeri Pahang
										
											Pejabat PERKESO Negeri Perak
										
											Pejabat PERKESO Negeri Perlis
										
											Pejabat PERKESO Negeri Pulau Pinang
										
											Pejabat PERKESO Negeri Sabah
										
											Pejabat PERKESO Negeri Sarawak
										
											Pejabat PERKESO Negeri Selangor
										
											Pejabat PERKESO Negeri Sembilan
										
											Pejabat PERKESO Negeri Terengganu
										
											Pejabat PERKESO Negeri W.P Kuala Lumpur
										
											Pejabat PERKESO Rawang
										
											Pejabat PERKESO Sandakan
										
											Pejabat PERKESO Sarikei
										
											Pejabat PERKESO Segamat
										
											Pejabat PERKESO Serian
										
											Pejabat PERKESO Sibu
										
											Pejabat PERKESO Sri Aman
										
											Pejabat PERKESO Sri Manjung
										
											Pejabat PERKESO Sungai Petani
										
											Pejabat PERKESO Taiping
										
											Pejabat PERKESO Tanjung Karang
										
											Pejabat PERKESO Tapah
										
											Pejabat PERKESO Tawau
										
											Pejabat PERKESO Teluk Intan
										
											Pejabat PERKESO Temerloh
										
									')]})
	at com.kms.katalon.core.keyword.internal.KeywordMain.stepFailed(KeywordMain.groovy:36)
	at com.kms.katalon.core.webui.keyword.internal.WebUIKeywordMain.stepFailed(WebUIKeywordMain.groovy:65)
	at com.kms.katalon.core.webui.keyword.internal.WebUIKeywordMain.runKeyword(WebUIKeywordMain.groovy:27)
	at com.kms.katalon.core.webui.keyword.builtin.ClickKeyword.click(ClickKeyword.groovy:86)
	at com.kms.katalon.core.webui.keyword.builtin.ClickKeyword.execute(ClickKeyword.groovy:67)
	at com.kms.katalon.core.keyword.internal.KeywordExecutor.executeKeywordForPlatform(KeywordExecutor.groovy:53)
	at com.kms.katalon.core.webui.keyword.WebUiBuiltInKeywords.click(WebUiBuiltInKeywords.groovy:616)
	at com.kms.katalon.core.webui.keyword.WebUiBuiltInKeywords$click$3.call(Unknown Source)
	at GN_Application_Reg.run(GN_Application_Reg:48)
	at com.kms.katalon.core.main.ScriptEngine.run(ScriptEngine.java:194)
	at com.kms.katalon.core.main.ScriptEngine.runScriptAsRawText(ScriptEngine.java:119)
	at com.kms.katalon.core.main.TestCaseExecutor.runScript(TestCaseExecutor.java:328)
	at com.kms.katalon.core.main.TestCaseExecutor.doExecute(TestCaseExecutor.java:319)
	at com.kms.katalon.core.main.TestCaseExecutor.processExecutionPhase(TestCaseExecutor.java:298)
	at com.kms.katalon.core.main.TestCaseExecutor.accessMainPhase(TestCaseExecutor.java:290)
	at com.kms.katalon.core.main.TestCaseExecutor.execute(TestCaseExecutor.java:224)
	at com.kms.katalon.core.main.TestCaseMain.runTestCase(TestCaseMain.java:106)
	at com.kms.katalon.core.keyword.builtin.CallTestCaseKeyword$_callTestCase_closure1.doCall(CallTestCaseKeyword.groovy:59)
	at com.kms.katalon.core.keyword.builtin.CallTestCaseKeyword$_callTestCase_closure1.call(CallTestCaseKeyword.groovy)
	at com.kms.katalon.core.keyword.internal.KeywordMain.runKeyword(KeywordMain.groovy:54)
	at com.kms.katalon.core.keyword.builtin.CallTestCaseKeyword.callTestCase(CallTestCaseKeyword.groovy:80)
	at com.kms.katalon.core.keyword.builtin.CallTestCaseKeyword.execute(CallTestCaseKeyword.groovy:44)
	at com.kms.katalon.core.keyword.internal.KeywordExecutor.executeKeywordForPlatform(KeywordExecutor.groovy:53)
	at com.kms.katalon.core.keyword.BuiltinKeywords.callTestCase(BuiltinKeywords.groovy:334)
	at GN_Submit Form 7_End to End.run(GN_Submit Form 7_End to End:16)
	at com.kms.katalon.core.main.ScriptEngine.run(ScriptEngine.java:194)
	at com.kms.katalon.core.main.ScriptEngine.runScriptAsRawText(ScriptEngine.java:119)
	at com.kms.katalon.core.main.TestCaseExecutor.runScript(TestCaseExecutor.java:328)
	at com.kms.katalon.core.main.TestCaseExecutor.doExecute(TestCaseExecutor.java:319)
	at com.kms.katalon.core.main.TestCaseExecutor.processExecutionPhase(TestCaseExecutor.java:298)
	at com.kms.katalon.core.main.TestCaseExecutor.accessMainPhase(TestCaseExecutor.java:290)
	at com.kms.katalon.core.main.TestCaseExecutor.execute(TestCaseExecutor.java:224)
	at com.kms.katalon.core.main.TestCaseMain.runTestCase(TestCaseMain.java:106)
	at com.kms.katalon.core.keyword.builtin.CallTestCaseKeyword$_callTestCase_closure1.doCall(CallTestCaseKeyword.groovy:59)
	at com.kms.katalon.core.keyword.builtin.CallTestCaseKeyword$_callTestCase_closure1.call(CallTestCaseKeyword.groovy)
	at com.kms.katalon.core.keyword.internal.KeywordMain.runKeyword(KeywordMain.groovy:54)
	at com.kms.katalon.core.keyword.builtin.CallTestCaseKeyword.callTestCase(CallTestCaseKeyword.groovy:80)
	at com.kms.katalon.core.keyword.builtin.CallTestCaseKeyword.execute(CallTestCaseKeyword.groovy:44)
	at com.kms.katalon.core.keyword.internal.KeywordExecutor.executeKeywordForPlatform(KeywordExecutor.groovy:53)
	at com.kms.katalon.core.keyword.BuiltinKeywords.callTestCase(BuiltinKeywords.groovy:334)
	at Submit Form 7 (General) - Case Reassignment Same Branch EIO.run(Submit Form 7 (General) - Case Reassignment Same Branch EIO:16)
	at com.kms.katalon.core.main.ScriptEngine.run(ScriptEngine.java:194)
	at com.kms.katalon.core.main.ScriptEngine.runScriptAsRawText(ScriptEngine.java:119)
	at com.kms.katalon.core.main.TestCaseExecutor.runScript(TestCaseExecutor.java:328)
	at com.kms.katalon.core.main.TestCaseExecutor.doExecute(TestCaseExecutor.java:319)
	at com.kms.katalon.core.main.TestCaseExecutor.processExecutionPhase(TestCaseExecutor.java:298)
	at com.kms.katalon.core.main.TestCaseExecutor.accessMainPhase(TestCaseExecutor.java:290)
	at com.kms.katalon.core.main.TestCaseExecutor.execute(TestCaseExecutor.java:224)
	at com.kms.katalon.core.main.TestSuiteExecutor.accessTestCaseMainPhase(TestSuiteExecutor.java:129)
	at com.kms.katalon.core.main.TestSuiteExecutor.accessTestSuiteMainPhase(TestSuiteExecutor.java:112)
	at com.kms.katalon.core.main.TestSuiteExecutor.execute(TestSuiteExecutor.java:81)
	at com.kms.katalon.core.main.TestCaseMain.startTestSuite(TestCaseMain.java:149)
	at com.kms.katalon.core.main.TestCaseMain$startTestSuite$0.call(Unknown Source)
	at TempTestSuite1550476757023.run(TempTestSuite1550476757023.groovy:36)


2019-02-18 16:10:21 - [TEST_CASE][FAILED] - Test Cases/All TC/Arranged/2. Segment/GN_Submit Form 7_End to End: Test Cases/All TC/Arranged/2. Segment/GN_Submit Form 7_End to End FAILED.
Reason:
com.kms.katalon.core.exception.StepFailedException: Unable to click on object 'Object Repository/ZhiHao/General_User_Submit_form 7/GN_Application_Reg/Page_PERKESO/select_pejabat_perkeso' (Root cause: org.openqa.selenium.UnhandledAlertException: unexpected alert open: {Alert text : HARAP MAKLUM

PERMOHONAN FAEDAH SIP TELAH DIBUAT BAGI PEKERJAAN INI. MOHON MENYEMAK SEMULA STATUS PERMOHONAN BAGI TUNTUTAN FAEDAH TERSEBUT}
  (Session info: chrome=72.0.3626.109)
  (Driver info: chromedriver=2.43.600210 (68dcf5eebde37173d4027fa8635e332711d2874a),platform=Windows NT 6.1.7601 SP1 x86_64) (WARNING: The server did not provide any stacktrace information)
Command duration or timeout: 0 milliseconds: null
Build info: version: '3.7.1', revision: '8a0099a', time: '2017-11-06T21:07:36.161Z'
System info: host: 'WIN7TEST02', ip: '10.20.3.72', os.name: 'Windows 7', os.arch: 'amd64', os.version: '6.1', java.version: '1.8.0_181'
Driver info: com.kms.katalon.selenium.driver.CChromeDriver
Capabilities {acceptInsecureCerts: false, acceptSslCerts: false, applicationCacheEnabled: false, browserConnectionEnabled: false, browserName: chrome, chrome: {chromedriverVersion: 2.43.600210 (68dcf5eebde371..., userDataDir: C:\Users\Admin\AppData\Loca...}, cssSelectorsEnabled: true, databaseEnabled: false, goog:chromeOptions: {debuggerAddress: localhost:64749}, handlesAlerts: true, hasTouchScreen: false, javascriptEnabled: true, locationContextEnabled: true, mobileEmulationEnabled: false, nativeEvents: true, networkConnectionEnabled: false, pageLoadStrategy: normal, platform: XP, platformName: XP, rotatable: false, setWindowRect: true, takesHeapSnapshot: true, takesScreenshot: true, unexpectedAlertBehaviour: , unhandledPromptBehavior: , version: 72.0.3626.109, webStorageEnabled: true}
Session ID: 7441985140b23456d2ac93864fa9ca21
*** Element info: {Using=xpath, value=//select[@id = 'perkesoOfficeId' and @name = 'perkesoOfficeId' and (text() = '
										--Sila Pilih--
										
											Pejabat PERKESO Batu Pahat
										
											Pejabat PERKESO Beaufort
										
											Pejabat PERKESO Bentong
										
											Pejabat PERKESO Bintulu
										
											Pejabat PERKESO Dungun
										
											Pejabat PERKESO Georgetown
										
											Pejabat PERKESO Kajang
										
											Pejabat PERKESO Kapit
										
											Pejabat PERKESO Kemaman
										
											Pejabat PERKESO Keningau
										
											Pejabat PERKESO Klang
										
											Pejabat PERKESO Kluang
										
											Pejabat PERKESO Kota Marudu
										
											Pejabat PERKESO Kuala Kangsar
										
											Pejabat PERKESO Kuala Krai
										
											Pejabat PERKESO Kuala Pilah
										
											Pejabat PERKESO Kulim
										
											Pejabat PERKESO Labuan
										
											Pejabat PERKESO Lahad Datu
										
											Pejabat PERKESO Langkawi
										
											Pejabat PERKESO Limbang
										
											Pejabat PERKESO Miri
										
											Pejabat PERKESO Muar
										
											Pejabat PERKESO Mukah
										
											Pejabat PERKESO Negeri Johor
										
											Pejabat PERKESO Negeri Kedah
										
											Pejabat PERKESO Negeri Kelantan
										
											Pejabat PERKESO Negeri Melaka
										
											Pejabat PERKESO Negeri Pahang
										
											Pejabat PERKESO Negeri Perak
										
											Pejabat PERKESO Negeri Perlis
										
											Pejabat PERKESO Negeri Pulau Pinang
										
											Pejabat PERKESO Negeri Sabah
										
											Pejabat PERKESO Negeri Sarawak
										
											Pejabat PERKESO Negeri Selangor
										
											Pejabat PERKESO Negeri Sembilan
										
											Pejabat PERKESO Negeri Terengganu
										
											Pejabat PERKESO Negeri W.P Kuala Lumpur
										
											Pejabat PERKESO Rawang
										
											Pejabat PERKESO Sandakan
										
											Pejabat PERKESO Sarikei
										
											Pejabat PERKESO Segamat
										
											Pejabat PERKESO Serian
										
											Pejabat PERKESO Sibu
										
											Pejabat PERKESO Sri Aman
										
											Pejabat PERKESO Sri Manjung
										
											Pejabat PERKESO Sungai Petani
										
											Pejabat PERKESO Taiping
										
											Pejabat PERKESO Tanjung Karang
										
											Pejabat PERKESO Tapah
										
											Pejabat PERKESO Tawau
										
											Pejabat PERKESO Teluk Intan
										
											Pejabat PERKESO Temerloh
										
									' or . = '
										--Sila Pilih--
										
											Pejabat PERKESO Batu Pahat
										
											Pejabat PERKESO Beaufort
										
											Pejabat PERKESO Bentong
										
											Pejabat PERKESO Bintulu
										
											Pejabat PERKESO Dungun
										
											Pejabat PERKESO Georgetown
										
											Pejabat PERKESO Kajang
										
											Pejabat PERKESO Kapit
										
											Pejabat PERKESO Kemaman
										
											Pejabat PERKESO Keningau
										
											Pejabat PERKESO Klang
										
											Pejabat PERKESO Kluang
										
											Pejabat PERKESO Kota Marudu
										
											Pejabat PERKESO Kuala Kangsar
										
											Pejabat PERKESO Kuala Krai
										
											Pejabat PERKESO Kuala Pilah
										
											Pejabat PERKESO Kulim
										
											Pejabat PERKESO Labuan
										
											Pejabat PERKESO Lahad Datu
										
											Pejabat PERKESO Langkawi
										
											Pejabat PERKESO Limbang
										
											Pejabat PERKESO Miri
										
											Pejabat PERKESO Muar
										
											Pejabat PERKESO Mukah
										
											Pejabat PERKESO Negeri Johor
										
											Pejabat PERKESO Negeri Kedah
										
											Pejabat PERKESO Negeri Kelantan
										
											Pejabat PERKESO Negeri Melaka
										
											Pejabat PERKESO Negeri Pahang
										
											Pejabat PERKESO Negeri Perak
										
											Pejabat PERKESO Negeri Perlis
										
											Pejabat PERKESO Negeri Pulau Pinang
										
											Pejabat PERKESO Negeri Sabah
										
											Pejabat PERKESO Negeri Sarawak
										
											Pejabat PERKESO Negeri Selangor
										
											Pejabat PERKESO Negeri Sembilan
										
											Pejabat PERKESO Negeri Terengganu
										
											Pejabat PERKESO Negeri W.P Kuala Lumpur
										
											Pejabat PERKESO Rawang
										
											Pejabat PERKESO Sandakan
										
											Pejabat PERKESO Sarikei
										
											Pejabat PERKESO Segamat
										
											Pejabat PERKESO Serian
										
											Pejabat PERKESO Sibu
										
											Pejabat PERKESO Sri Aman
										
											Pejabat PERKESO Sri Manjung
										
											Pejabat PERKESO Sungai Petani
										
											Pejabat PERKESO Taiping
										
											Pejabat PERKESO Tanjung Karang
										
											Pejabat PERKESO Tapah
										
											Pejabat PERKESO Tawau
										
											Pejabat PERKESO Teluk Intan
										
											Pejabat PERKESO Temerloh
										
									')]})
	at com.kms.katalon.core.keyword.internal.KeywordMain.stepFailed(KeywordMain.groovy:36)
	at com.kms.katalon.core.webui.keyword.internal.WebUIKeywordMain.stepFailed(WebUIKeywordMain.groovy:65)
	at com.kms.katalon.core.webui.keyword.internal.WebUIKeywordMain.runKeyword(WebUIKeywordMain.groovy:27)
	at com.kms.katalon.core.webui.keyword.builtin.ClickKeyword.click(ClickKeyword.groovy:86)
	at com.kms.katalon.core.webui.keyword.builtin.ClickKeyword.execute(ClickKeyword.groovy:67)
	at com.kms.katalon.core.keyword.internal.KeywordExecutor.executeKeywordForPlatform(KeywordExecutor.groovy:53)
	at com.kms.katalon.core.webui.keyword.WebUiBuiltInKeywords.click(WebUiBuiltInKeywords.groovy:616)
	at com.kms.katalon.core.webui.keyword.WebUiBuiltInKeywords$click$3.call(Unknown Source)
	at GN_Application_Reg.run(GN_Application_Reg:48)
	at com.kms.katalon.core.main.ScriptEngine.run(ScriptEngine.java:194)
	at com.kms.katalon.core.main.ScriptEngine.runScriptAsRawText(ScriptEngine.java:119)
	at com.kms.katalon.core.main.TestCaseExecutor.runScript(TestCaseExecutor.java:328)
	at com.kms.katalon.core.main.TestCaseExecutor.doExecute(TestCaseExecutor.java:319)
	at com.kms.katalon.core.main.TestCaseExecutor.processExecutionPhase(TestCaseExecutor.java:298)
	at com.kms.katalon.core.main.TestCaseExecutor.accessMainPhase(TestCaseExecutor.java:290)
	at com.kms.katalon.core.main.TestCaseExecutor.execute(TestCaseExecutor.java:224)
	at com.kms.katalon.core.main.TestCaseMain.runTestCase(TestCaseMain.java:106)
	at com.kms.katalon.core.keyword.builtin.CallTestCaseKeyword$_callTestCase_closure1.doCall(CallTestCaseKeyword.groovy:59)
	at com.kms.katalon.core.keyword.builtin.CallTestCaseKeyword$_callTestCase_closure1.call(CallTestCaseKeyword.groovy)
	at com.kms.katalon.core.keyword.internal.KeywordMain.runKeyword(KeywordMain.groovy:54)
	at com.kms.katalon.core.keyword.builtin.CallTestCaseKeyword.callTestCase(CallTestCaseKeyword.groovy:80)
	at com.kms.katalon.core.keyword.builtin.CallTestCaseKeyword.execute(CallTestCaseKeyword.groovy:44)
	at com.kms.katalon.core.keyword.internal.KeywordExecutor.executeKeywordForPlatform(KeywordExecutor.groovy:53)
	at com.kms.katalon.core.keyword.BuiltinKeywords.callTestCase(BuiltinKeywords.groovy:334)
	at GN_Submit Form 7_End to End.run(GN_Submit Form 7_End to End:16)
	at com.kms.katalon.core.main.ScriptEngine.run(ScriptEngine.java:194)
	at com.kms.katalon.core.main.ScriptEngine.runScriptAsRawText(ScriptEngine.java:119)
	at com.kms.katalon.core.main.TestCaseExecutor.runScript(TestCaseExecutor.java:328)
	at com.kms.katalon.core.main.TestCaseExecutor.doExecute(TestCaseExecutor.java:319)
	at com.kms.katalon.core.main.TestCaseExecutor.processExecutionPhase(TestCaseExecutor.java:298)
	at com.kms.katalon.core.main.TestCaseExecutor.accessMainPhase(TestCaseExecutor.java:290)
	at com.kms.katalon.core.main.TestCaseExecutor.execute(TestCaseExecutor.java:224)
	at com.kms.katalon.core.main.TestCaseMain.runTestCase(TestCaseMain.java:106)
	at com.kms.katalon.core.keyword.builtin.CallTestCaseKeyword$_callTestCase_closure1.doCall(CallTestCaseKeyword.groovy:59)
	at com.kms.katalon.core.keyword.builtin.CallTestCaseKeyword$_callTestCase_closure1.call(CallTestCaseKeyword.groovy)
	at com.kms.katalon.core.keyword.internal.KeywordMain.runKeyword(KeywordMain.groovy:54)
	at com.kms.katalon.core.keyword.builtin.CallTestCaseKeyword.callTestCase(CallTestCaseKeyword.groovy:80)
	at com.kms.katalon.core.keyword.builtin.CallTestCaseKeyword.execute(CallTestCaseKeyword.groovy:44)
	at com.kms.katalon.core.keyword.internal.KeywordExecutor.executeKeywordForPlatform(KeywordExecutor.groovy:53)
	at com.kms.katalon.core.keyword.BuiltinKeywords.callTestCase(BuiltinKeywords.groovy:334)
	at Submit Form 7 (General) - Case Reassignment Same Branch EIO.run(Submit Form 7 (General) - Case Reassignment Same Branch EIO:16)
	at com.kms.katalon.core.main.ScriptEngine.run(ScriptEngine.java:194)
	at com.kms.katalon.core.main.ScriptEngine.runScriptAsRawText(ScriptEngine.java:119)
	at com.kms.katalon.core.main.TestCaseExecutor.runScript(TestCaseExecutor.java:328)
	at com.kms.katalon.core.main.TestCaseExecutor.doExecute(TestCaseExecutor.java:319)
	at com.kms.katalon.core.main.TestCaseExecutor.processExecutionPhase(TestCaseExecutor.java:298)
	at com.kms.katalon.core.main.TestCaseExecutor.accessMainPhase(TestCaseExecutor.java:290)
	at com.kms.katalon.core.main.TestCaseExecutor.execute(TestCaseExecutor.java:224)
	at com.kms.katalon.core.main.TestSuiteExecutor.accessTestCaseMainPhase(TestSuiteExecutor.java:129)
	at com.kms.katalon.core.main.TestSuiteExecutor.accessTestSuiteMainPhase(TestSuiteExecutor.java:112)
	at com.kms.katalon.core.main.TestSuiteExecutor.execute(TestSuiteExecutor.java:81)
	at com.kms.katalon.core.main.TestCaseMain.startTestSuite(TestCaseMain.java:149)
	at com.kms.katalon.core.main.TestCaseMain$startTestSuite$0.call(Unknown Source)
	at TempTestSuite1550476757023.run(TempTestSuite1550476757023.groovy:36)


2019-02-18 16:10:21 - [TEST_STEP][FAILED] - callTestCase(findTestCase("All TC/Arranged/3. Unit/EI/GN submit form 7/GN_Application_Reg"), [:], STOP_ON_FAILURE): callTestCase(findTestCase("All TC/Arranged/3. Unit/EI/GN submit form 7/GN_Application_Reg"), [:], STOP_ON_FAILURE) FAILED.
Reason:
com.kms.katalon.core.exception.StepFailedException: Unable to click on object 'Object Repository/ZhiHao/General_User_Submit_form 7/GN_Application_Reg/Page_PERKESO/select_pejabat_perkeso' (Root cause: org.openqa.selenium.UnhandledAlertException: unexpected alert open: {Alert text : HARAP MAKLUM

PERMOHONAN FAEDAH SIP TELAH DIBUAT BAGI PEKERJAAN INI. MOHON MENYEMAK SEMULA STATUS PERMOHONAN BAGI TUNTUTAN FAEDAH TERSEBUT}
  (Session info: chrome=72.0.3626.109)
  (Driver info: chromedriver=2.43.600210 (68dcf5eebde37173d4027fa8635e332711d2874a),platform=Windows NT 6.1.7601 SP1 x86_64) (WARNING: The server did not provide any stacktrace information)
Command duration or timeout: 0 milliseconds: null
Build info: version: '3.7.1', revision: '8a0099a', time: '2017-11-06T21:07:36.161Z'
System info: host: 'WIN7TEST02', ip: '10.20.3.72', os.name: 'Windows 7', os.arch: 'amd64', os.version: '6.1', java.version: '1.8.0_181'
Driver info: com.kms.katalon.selenium.driver.CChromeDriver
Capabilities {acceptInsecureCerts: false, acceptSslCerts: false, applicationCacheEnabled: false, browserConnectionEnabled: false, browserName: chrome, chrome: {chromedriverVersion: 2.43.600210 (68dcf5eebde371..., userDataDir: C:\Users\Admin\AppData\Loca...}, cssSelectorsEnabled: true, databaseEnabled: false, goog:chromeOptions: {debuggerAddress: localhost:64749}, handlesAlerts: true, hasTouchScreen: false, javascriptEnabled: true, locationContextEnabled: true, mobileEmulationEnabled: false, nativeEvents: true, networkConnectionEnabled: false, pageLoadStrategy: normal, platform: XP, platformName: XP, rotatable: false, setWindowRect: true, takesHeapSnapshot: true, takesScreenshot: true, unexpectedAlertBehaviour: , unhandledPromptBehavior: , version: 72.0.3626.109, webStorageEnabled: true}
Session ID: 7441985140b23456d2ac93864fa9ca21
*** Element info: {Using=xpath, value=//select[@id = 'perkesoOfficeId' and @name = 'perkesoOfficeId' and (text() = '
										--Sila Pilih--
										
											Pejabat PERKESO Batu Pahat
										
											Pejabat PERKESO Beaufort
										
											Pejabat PERKESO Bentong
										
											Pejabat PERKESO Bintulu
										
											Pejabat PERKESO Dungun
										
											Pejabat PERKESO Georgetown
										
											Pejabat PERKESO Kajang
										
											Pejabat PERKESO Kapit
										
											Pejabat PERKESO Kemaman
										
											Pejabat PERKESO Keningau
										
											Pejabat PERKESO Klang
										
											Pejabat PERKESO Kluang
										
											Pejabat PERKESO Kota Marudu
										
											Pejabat PERKESO Kuala Kangsar
										
											Pejabat PERKESO Kuala Krai
										
											Pejabat PERKESO Kuala Pilah
										
											Pejabat PERKESO Kulim
										
											Pejabat PERKESO Labuan
										
											Pejabat PERKESO Lahad Datu
										
											Pejabat PERKESO Langkawi
										
											Pejabat PERKESO Limbang
										
											Pejabat PERKESO Miri
										
											Pejabat PERKESO Muar
										
											Pejabat PERKESO Mukah
										
											Pejabat PERKESO Negeri Johor
										
											Pejabat PERKESO Negeri Kedah
										
											Pejabat PERKESO Negeri Kelantan
										
											Pejabat PERKESO Negeri Melaka
										
											Pejabat PERKESO Negeri Pahang
										
											Pejabat PERKESO Negeri Perak
										
											Pejabat PERKESO Negeri Perlis
										
											Pejabat PERKESO Negeri Pulau Pinang
										
											Pejabat PERKESO Negeri Sabah
										
											Pejabat PERKESO Negeri Sarawak
										
											Pejabat PERKESO Negeri Selangor
										
											Pejabat PERKESO Negeri Sembilan
										
											Pejabat PERKESO Negeri Terengganu
										
											Pejabat PERKESO Negeri W.P Kuala Lumpur
										
											Pejabat PERKESO Rawang
										
											Pejabat PERKESO Sandakan
										
											Pejabat PERKESO Sarikei
										
											Pejabat PERKESO Segamat
										
											Pejabat PERKESO Serian
										
											Pejabat PERKESO Sibu
										
											Pejabat PERKESO Sri Aman
										
											Pejabat PERKESO Sri Manjung
										
											Pejabat PERKESO Sungai Petani
										
											Pejabat PERKESO Taiping
										
											Pejabat PERKESO Tanjung Karang
										
											Pejabat PERKESO Tapah
										
											Pejabat PERKESO Tawau
										
											Pejabat PERKESO Teluk Intan
										
											Pejabat PERKESO Temerloh
										
									' or . = '
										--Sila Pilih--
										
											Pejabat PERKESO Batu Pahat
										
											Pejabat PERKESO Beaufort
										
											Pejabat PERKESO Bentong
										
											Pejabat PERKESO Bintulu
										
											Pejabat PERKESO Dungun
										
											Pejabat PERKESO Georgetown
										
											Pejabat PERKESO Kajang
										
											Pejabat PERKESO Kapit
										
											Pejabat PERKESO Kemaman
										
											Pejabat PERKESO Keningau
										
											Pejabat PERKESO Klang
										
											Pejabat PERKESO Kluang
										
											Pejabat PERKESO Kota Marudu
										
											Pejabat PERKESO Kuala Kangsar
										
											Pejabat PERKESO Kuala Krai
										
											Pejabat PERKESO Kuala Pilah
										
											Pejabat PERKESO Kulim
										
											Pejabat PERKESO Labuan
										
											Pejabat PERKESO Lahad Datu
										
											Pejabat PERKESO Langkawi
										
											Pejabat PERKESO Limbang
										
											Pejabat PERKESO Miri
										
											Pejabat PERKESO Muar
										
											Pejabat PERKESO Mukah
										
											Pejabat PERKESO Negeri Johor
										
											Pejabat PERKESO Negeri Kedah
										
											Pejabat PERKESO Negeri Kelantan
										
											Pejabat PERKESO Negeri Melaka
										
											Pejabat PERKESO Negeri Pahang
										
											Pejabat PERKESO Negeri Perak
										
											Pejabat PERKESO Negeri Perlis
										
											Pejabat PERKESO Negeri Pulau Pinang
										
											Pejabat PERKESO Negeri Sabah
										
											Pejabat PERKESO Negeri Sarawak
										
											Pejabat PERKESO Negeri Selangor
										
											Pejabat PERKESO Negeri Sembilan
										
											Pejabat PERKESO Negeri Terengganu
										
											Pejabat PERKESO Negeri W.P Kuala Lumpur
										
											Pejabat PERKESO Rawang
										
											Pejabat PERKESO Sandakan
										
											Pejabat PERKESO Sarikei
										
											Pejabat PERKESO Segamat
										
											Pejabat PERKESO Serian
										
											Pejabat PERKESO Sibu
										
											Pejabat PERKESO Sri Aman
										
											Pejabat PERKESO Sri Manjung
										
											Pejabat PERKESO Sungai Petani
										
											Pejabat PERKESO Taiping
										
											Pejabat PERKESO Tanjung Karang
										
											Pejabat PERKESO Tapah
										
											Pejabat PERKESO Tawau
										
											Pejabat PERKESO Teluk Intan
										
											Pejabat PERKESO Temerloh
										
									')]})
	at com.kms.katalon.core.keyword.internal.KeywordMain.stepFailed(KeywordMain.groovy:36)
	at com.kms.katalon.core.webui.keyword.internal.WebUIKeywordMain.stepFailed(WebUIKeywordMain.groovy:65)
	at com.kms.katalon.core.webui.keyword.internal.WebUIKeywordMain.runKeyword(WebUIKeywordMain.groovy:27)
	at com.kms.katalon.core.webui.keyword.builtin.ClickKeyword.click(ClickKeyword.groovy:86)
	at com.kms.katalon.core.webui.keyword.builtin.ClickKeyword.execute(ClickKeyword.groovy:67)
	at com.kms.katalon.core.keyword.internal.KeywordExecutor.executeKeywordForPlatform(KeywordExecutor.groovy:53)
	at com.kms.katalon.core.webui.keyword.WebUiBuiltInKeywords.click(WebUiBuiltInKeywords.groovy:616)
	at com.kms.katalon.core.webui.keyword.WebUiBuiltInKeywords$click$3.call(Unknown Source)
	at GN_Application_Reg.run(GN_Application_Reg:48)
	at com.kms.katalon.core.main.ScriptEngine.run(ScriptEngine.java:194)
	at com.kms.katalon.core.main.ScriptEngine.runScriptAsRawText(ScriptEngine.java:119)
	at com.kms.katalon.core.main.TestCaseExecutor.runScript(TestCaseExecutor.java:328)
	at com.kms.katalon.core.main.TestCaseExecutor.doExecute(TestCaseExecutor.java:319)
	at com.kms.katalon.core.main.TestCaseExecutor.processExecutionPhase(TestCaseExecutor.java:298)
	at com.kms.katalon.core.main.TestCaseExecutor.accessMainPhase(TestCaseExecutor.java:290)
	at com.kms.katalon.core.main.TestCaseExecutor.execute(TestCaseExecutor.java:224)
	at com.kms.katalon.core.main.TestCaseMain.runTestCase(TestCaseMain.java:106)
	at com.kms.katalon.core.keyword.builtin.CallTestCaseKeyword$_callTestCase_closure1.doCall(CallTestCaseKeyword.groovy:59)
	at com.kms.katalon.core.keyword.builtin.CallTestCaseKeyword$_callTestCase_closure1.call(CallTestCaseKeyword.groovy)
	at com.kms.katalon.core.keyword.internal.KeywordMain.runKeyword(KeywordMain.groovy:54)
	at com.kms.katalon.core.keyword.builtin.CallTestCaseKeyword.callTestCase(CallTestCaseKeyword.groovy:80)
	at com.kms.katalon.core.keyword.builtin.CallTestCaseKeyword.execute(CallTestCaseKeyword.groovy:44)
	at com.kms.katalon.core.keyword.internal.KeywordExecutor.executeKeywordForPlatform(KeywordExecutor.groovy:53)
	at com.kms.katalon.core.keyword.BuiltinKeywords.callTestCase(BuiltinKeywords.groovy:334)
	at GN_Submit Form 7_End to End.run(GN_Submit Form 7_End to End:16)
	at com.kms.katalon.core.main.ScriptEngine.run(ScriptEngine.java:194)
	at com.kms.katalon.core.main.ScriptEngine.runScriptAsRawText(ScriptEngine.java:119)
	at com.kms.katalon.core.main.TestCaseExecutor.runScript(TestCaseExecutor.java:328)
	at com.kms.katalon.core.main.TestCaseExecutor.doExecute(TestCaseExecutor.java:319)
	at com.kms.katalon.core.main.TestCaseExecutor.processExecutionPhase(TestCaseExecutor.java:298)
	at com.kms.katalon.core.main.TestCaseExecutor.accessMainPhase(TestCaseExecutor.java:290)
	at com.kms.katalon.core.main.TestCaseExecutor.execute(TestCaseExecutor.java:224)
	at com.kms.katalon.core.main.TestCaseMain.runTestCase(TestCaseMain.java:106)
	at com.kms.katalon.core.keyword.builtin.CallTestCaseKeyword$_callTestCase_closure1.doCall(CallTestCaseKeyword.groovy:59)
	at com.kms.katalon.core.keyword.builtin.CallTestCaseKeyword$_callTestCase_closure1.call(CallTestCaseKeyword.groovy)
	at com.kms.katalon.core.keyword.internal.KeywordMain.runKeyword(KeywordMain.groovy:54)
	at com.kms.katalon.core.keyword.builtin.CallTestCaseKeyword.callTestCase(CallTestCaseKeyword.groovy:80)
	at com.kms.katalon.core.keyword.builtin.CallTestCaseKeyword.execute(CallTestCaseKeyword.groovy:44)
	at com.kms.katalon.core.keyword.internal.KeywordExecutor.executeKeywordForPlatform(KeywordExecutor.groovy:53)
	at com.kms.katalon.core.keyword.BuiltinKeywords.callTestCase(BuiltinKeywords.groovy:334)
	at Submit Form 7 (General) - Case Reassignment Same Branch EIO.run(Submit Form 7 (General) - Case Reassignment Same Branch EIO:16)
	at com.kms.katalon.core.main.ScriptEngine.run(ScriptEngine.java:194)
	at com.kms.katalon.core.main.ScriptEngine.runScriptAsRawText(ScriptEngine.java:119)
	at com.kms.katalon.core.main.TestCaseExecutor.runScript(TestCaseExecutor.java:328)
	at com.kms.katalon.core.main.TestCaseExecutor.doExecute(TestCaseExecutor.java:319)
	at com.kms.katalon.core.main.TestCaseExecutor.processExecutionPhase(TestCaseExecutor.java:298)
	at com.kms.katalon.core.main.TestCaseExecutor.accessMainPhase(TestCaseExecutor.java:290)
	at com.kms.katalon.core.main.TestCaseExecutor.execute(TestCaseExecutor.java:224)
	at com.kms.katalon.core.main.TestSuiteExecutor.accessTestCaseMainPhase(TestSuiteExecutor.java:129)
	at com.kms.katalon.core.main.TestSuiteExecutor.accessTestSuiteMainPhase(TestSuiteExecutor.java:112)
	at com.kms.katalon.core.main.TestSuiteExecutor.execute(TestSuiteExecutor.java:81)
	at com.kms.katalon.core.main.TestCaseMain.startTestSuite(TestCaseMain.java:149)
	at com.kms.katalon.core.main.TestCaseMain$startTestSuite$0.call(Unknown Source)
	at TempTestSuite1550476757023.run(TempTestSuite1550476757023.groovy:36)


2019-02-18 16:10:21 - [TEST_CASE][FAILED] - Test Cases/All TC/Arranged/3. Unit/EI/GN submit form 7/GN_Application_Reg: Test Cases/All TC/Arranged/3. Unit/EI/GN submit form 7/GN_Application_Reg FAILED.
Reason:
com.kms.katalon.core.exception.StepFailedException: Unable to click on object 'Object Repository/ZhiHao/General_User_Submit_form 7/GN_Application_Reg/Page_PERKESO/select_pejabat_perkeso' (Root cause: org.openqa.selenium.UnhandledAlertException: unexpected alert open: {Alert text : HARAP MAKLUM

PERMOHONAN FAEDAH SIP TELAH DIBUAT BAGI PEKERJAAN INI. MOHON MENYEMAK SEMULA STATUS PERMOHONAN BAGI TUNTUTAN FAEDAH TERSEBUT}
  (Session info: chrome=72.0.3626.109)
  (Driver info: chromedriver=2.43.600210 (68dcf5eebde37173d4027fa8635e332711d2874a),platform=Windows NT 6.1.7601 SP1 x86_64) (WARNING: The server did not provide any stacktrace information)
Command duration or timeout: 0 milliseconds: null
Build info: version: '3.7.1', revision: '8a0099a', time: '2017-11-06T21:07:36.161Z'
System info: host: 'WIN7TEST02', ip: '10.20.3.72', os.name: 'Windows 7', os.arch: 'amd64', os.version: '6.1', java.version: '1.8.0_181'
Driver info: com.kms.katalon.selenium.driver.CChromeDriver
Capabilities {acceptInsecureCerts: false, acceptSslCerts: false, applicationCacheEnabled: false, browserConnectionEnabled: false, browserName: chrome, chrome: {chromedriverVersion: 2.43.600210 (68dcf5eebde371..., userDataDir: C:\Users\Admin\AppData\Loca...}, cssSelectorsEnabled: true, databaseEnabled: false, goog:chromeOptions: {debuggerAddress: localhost:64749}, handlesAlerts: true, hasTouchScreen: false, javascriptEnabled: true, locationContextEnabled: true, mobileEmulationEnabled: false, nativeEvents: true, networkConnectionEnabled: false, pageLoadStrategy: normal, platform: XP, platformName: XP, rotatable: false, setWindowRect: true, takesHeapSnapshot: true, takesScreenshot: true, unexpectedAlertBehaviour: , unhandledPromptBehavior: , version: 72.0.3626.109, webStorageEnabled: true}
Session ID: 7441985140b23456d2ac93864fa9ca21
*** Element info: {Using=xpath, value=//select[@id = 'perkesoOfficeId' and @name = 'perkesoOfficeId' and (text() = '
										--Sila Pilih--
										
											Pejabat PERKESO Batu Pahat
										
											Pejabat PERKESO Beaufort
										
											Pejabat PERKESO Bentong
										
											Pejabat PERKESO Bintulu
										
											Pejabat PERKESO Dungun
										
											Pejabat PERKESO Georgetown
										
											Pejabat PERKESO Kajang
										
											Pejabat PERKESO Kapit
										
											Pejabat PERKESO Kemaman
										
											Pejabat PERKESO Keningau
										
											Pejabat PERKESO Klang
										
											Pejabat PERKESO Kluang
										
											Pejabat PERKESO Kota Marudu
										
											Pejabat PERKESO Kuala Kangsar
										
											Pejabat PERKESO Kuala Krai
										
											Pejabat PERKESO Kuala Pilah
										
											Pejabat PERKESO Kulim
										
											Pejabat PERKESO Labuan
										
											Pejabat PERKESO Lahad Datu
										
											Pejabat PERKESO Langkawi
										
											Pejabat PERKESO Limbang
										
											Pejabat PERKESO Miri
										
											Pejabat PERKESO Muar
										
											Pejabat PERKESO Mukah
										
											Pejabat PERKESO Negeri Johor
										
											Pejabat PERKESO Negeri Kedah
										
											Pejabat PERKESO Negeri Kelantan
										
											Pejabat PERKESO Negeri Melaka
										
											Pejabat PERKESO Negeri Pahang
										
											Pejabat PERKESO Negeri Perak
										
											Pejabat PERKESO Negeri Perlis
										
											Pejabat PERKESO Negeri Pulau Pinang
										
											Pejabat PERKESO Negeri Sabah
										
											Pejabat PERKESO Negeri Sarawak
										
											Pejabat PERKESO Negeri Selangor
										
											Pejabat PERKESO Negeri Sembilan
										
											Pejabat PERKESO Negeri Terengganu
										
											Pejabat PERKESO Negeri W.P Kuala Lumpur
										
											Pejabat PERKESO Rawang
										
											Pejabat PERKESO Sandakan
										
											Pejabat PERKESO Sarikei
										
											Pejabat PERKESO Segamat
										
											Pejabat PERKESO Serian
										
											Pejabat PERKESO Sibu
										
											Pejabat PERKESO Sri Aman
										
											Pejabat PERKESO Sri Manjung
										
											Pejabat PERKESO Sungai Petani
										
											Pejabat PERKESO Taiping
										
											Pejabat PERKESO Tanjung Karang
										
											Pejabat PERKESO Tapah
										
											Pejabat PERKESO Tawau
										
											Pejabat PERKESO Teluk Intan
										
											Pejabat PERKESO Temerloh
										
									' or . = '
										--Sila Pilih--
										
											Pejabat PERKESO Batu Pahat
										
											Pejabat PERKESO Beaufort
										
											Pejabat PERKESO Bentong
										
											Pejabat PERKESO Bintulu
										
											Pejabat PERKESO Dungun
										
											Pejabat PERKESO Georgetown
										
											Pejabat PERKESO Kajang
										
											Pejabat PERKESO Kapit
										
											Pejabat PERKESO Kemaman
										
											Pejabat PERKESO Keningau
										
											Pejabat PERKESO Klang
										
											Pejabat PERKESO Kluang
										
											Pejabat PERKESO Kota Marudu
										
											Pejabat PERKESO Kuala Kangsar
										
											Pejabat PERKESO Kuala Krai
										
											Pejabat PERKESO Kuala Pilah
										
											Pejabat PERKESO Kulim
										
											Pejabat PERKESO Labuan
										
											Pejabat PERKESO Lahad Datu
										
											Pejabat PERKESO Langkawi
										
											Pejabat PERKESO Limbang
										
											Pejabat PERKESO Miri
										
											Pejabat PERKESO Muar
										
											Pejabat PERKESO Mukah
										
											Pejabat PERKESO Negeri Johor
										
											Pejabat PERKESO Negeri Kedah
										
											Pejabat PERKESO Negeri Kelantan
										
											Pejabat PERKESO Negeri Melaka
										
											Pejabat PERKESO Negeri Pahang
										
											Pejabat PERKESO Negeri Perak
										
											Pejabat PERKESO Negeri Perlis
										
											Pejabat PERKESO Negeri Pulau Pinang
										
											Pejabat PERKESO Negeri Sabah
										
											Pejabat PERKESO Negeri Sarawak
										
											Pejabat PERKESO Negeri Selangor
										
											Pejabat PERKESO Negeri Sembilan
										
											Pejabat PERKESO Negeri Terengganu
										
											Pejabat PERKESO Negeri W.P Kuala Lumpur
										
											Pejabat PERKESO Rawang
										
											Pejabat PERKESO Sandakan
										
											Pejabat PERKESO Sarikei
										
											Pejabat PERKESO Segamat
										
											Pejabat PERKESO Serian
										
											Pejabat PERKESO Sibu
										
											Pejabat PERKESO Sri Aman
										
											Pejabat PERKESO Sri Manjung
										
											Pejabat PERKESO Sungai Petani
										
											Pejabat PERKESO Taiping
										
											Pejabat PERKESO Tanjung Karang
										
											Pejabat PERKESO Tapah
										
											Pejabat PERKESO Tawau
										
											Pejabat PERKESO Teluk Intan
										
											Pejabat PERKESO Temerloh
										
									')]})
	at com.kms.katalon.core.keyword.internal.KeywordMain.stepFailed(KeywordMain.groovy:36)
	at com.kms.katalon.core.webui.keyword.internal.WebUIKeywordMain.stepFailed(WebUIKeywordMain.groovy:65)
	at com.kms.katalon.core.webui.keyword.internal.WebUIKeywordMain.runKeyword(WebUIKeywordMain.groovy:27)
	at com.kms.katalon.core.webui.keyword.builtin.ClickKeyword.click(ClickKeyword.groovy:86)
	at com.kms.katalon.core.webui.keyword.builtin.ClickKeyword.execute(ClickKeyword.groovy:67)
	at com.kms.katalon.core.keyword.internal.KeywordExecutor.executeKeywordForPlatform(KeywordExecutor.groovy:53)
	at com.kms.katalon.core.webui.keyword.WebUiBuiltInKeywords.click(WebUiBuiltInKeywords.groovy:616)
	at com.kms.katalon.core.webui.keyword.WebUiBuiltInKeywords$click$3.call(Unknown Source)
	at GN_Application_Reg.run(GN_Application_Reg:48)
	at com.kms.katalon.core.main.ScriptEngine.run(ScriptEngine.java:194)
	at com.kms.katalon.core.main.ScriptEngine.runScriptAsRawText(ScriptEngine.java:119)
	at com.kms.katalon.core.main.TestCaseExecutor.runScript(TestCaseExecutor.java:328)
	at com.kms.katalon.core.main.TestCaseExecutor.doExecute(TestCaseExecutor.java:319)
	at com.kms.katalon.core.main.TestCaseExecutor.processExecutionPhase(TestCaseExecutor.java:298)
	at com.kms.katalon.core.main.TestCaseExecutor.accessMainPhase(TestCaseExecutor.java:290)
	at com.kms.katalon.core.main.TestCaseExecutor.execute(TestCaseExecutor.java:224)
	at com.kms.katalon.core.main.TestCaseMain.runTestCase(TestCaseMain.java:106)
	at com.kms.katalon.core.keyword.builtin.CallTestCaseKeyword$_callTestCase_closure1.doCall(CallTestCaseKeyword.groovy:59)
	at com.kms.katalon.core.keyword.builtin.CallTestCaseKeyword$_callTestCase_closure1.call(CallTestCaseKeyword.groovy)
	at com.kms.katalon.core.keyword.internal.KeywordMain.runKeyword(KeywordMain.groovy:54)
	at com.kms.katalon.core.keyword.builtin.CallTestCaseKeyword.callTestCase(CallTestCaseKeyword.groovy:80)
	at com.kms.katalon.core.keyword.builtin.CallTestCaseKeyword.execute(CallTestCaseKeyword.groovy:44)
	at com.kms.katalon.core.keyword.internal.KeywordExecutor.executeKeywordForPlatform(KeywordExecutor.groovy:53)
	at com.kms.katalon.core.keyword.BuiltinKeywords.callTestCase(BuiltinKeywords.groovy:334)
	at GN_Submit Form 7_End to End.run(GN_Submit Form 7_End to End:16)
	at com.kms.katalon.core.main.ScriptEngine.run(ScriptEngine.java:194)
	at com.kms.katalon.core.main.ScriptEngine.runScriptAsRawText(ScriptEngine.java:119)
	at com.kms.katalon.core.main.TestCaseExecutor.runScript(TestCaseExecutor.java:328)
	at com.kms.katalon.core.main.TestCaseExecutor.doExecute(TestCaseExecutor.java:319)
	at com.kms.katalon.core.main.TestCaseExecutor.processExecutionPhase(TestCaseExecutor.java:298)
	at com.kms.katalon.core.main.TestCaseExecutor.accessMainPhase(TestCaseExecutor.java:290)
	at com.kms.katalon.core.main.TestCaseExecutor.execute(TestCaseExecutor.java:224)
	at com.kms.katalon.core.main.TestCaseMain.runTestCase(TestCaseMain.java:106)
	at com.kms.katalon.core.keyword.builtin.CallTestCaseKeyword$_callTestCase_closure1.doCall(CallTestCaseKeyword.groovy:59)
	at com.kms.katalon.core.keyword.builtin.CallTestCaseKeyword$_callTestCase_closure1.call(CallTestCaseKeyword.groovy)
	at com.kms.katalon.core.keyword.internal.KeywordMain.runKeyword(KeywordMain.groovy:54)
	at com.kms.katalon.core.keyword.builtin.CallTestCaseKeyword.callTestCase(CallTestCaseKeyword.groovy:80)
	at com.kms.katalon.core.keyword.builtin.CallTestCaseKeyword.execute(CallTestCaseKeyword.groovy:44)
	at com.kms.katalon.core.keyword.internal.KeywordExecutor.executeKeywordForPlatform(KeywordExecutor.groovy:53)
	at com.kms.katalon.core.keyword.BuiltinKeywords.callTestCase(BuiltinKeywords.groovy:334)
	at Submit Form 7 (General) - Case Reassignment Same Branch EIO.run(Submit Form 7 (General) - Case Reassignment Same Branch EIO:16)
	at com.kms.katalon.core.main.ScriptEngine.run(ScriptEngine.java:194)
	at com.kms.katalon.core.main.ScriptEngine.runScriptAsRawText(ScriptEngine.java:119)
	at com.kms.katalon.core.main.TestCaseExecutor.runScript(TestCaseExecutor.java:328)
	at com.kms.katalon.core.main.TestCaseExecutor.doExecute(TestCaseExecutor.java:319)
	at com.kms.katalon.core.main.TestCaseExecutor.processExecutionPhase(TestCaseExecutor.java:298)
	at com.kms.katalon.core.main.TestCaseExecutor.accessMainPhase(TestCaseExecutor.java:290)
	at com.kms.katalon.core.main.TestCaseExecutor.execute(TestCaseExecutor.java:224)
	at com.kms.katalon.core.main.TestSuiteExecutor.accessTestCaseMainPhase(TestSuiteExecutor.java:129)
	at com.kms.katalon.core.main.TestSuiteExecutor.accessTestSuiteMainPhase(TestSuiteExecutor.java:112)
	at com.kms.katalon.core.main.TestSuiteExecutor.execute(TestSuiteExecutor.java:81)
	at com.kms.katalon.core.main.TestCaseMain.startTestSuite(TestCaseMain.java:149)
	at com.kms.katalon.core.main.TestCaseMain$startTestSuite$0.call(Unknown Source)
	at TempTestSuite1550476757023.run(TempTestSuite1550476757023.groovy:36)


2019-02-18 16:10:21 - [TEST_STEP][PASSED] - openBrowser(""): Browser is opened with url: ''

2019-02-18 16:10:21 - [MESSAGE][WARNING] - A browser is already opened. Closing browser and opening a new one

2019-02-18 16:10:22 - [MESSAGE][INFO] - Starting 'Chrome' driver

2019-02-18 16:10:22 - [MESSAGE][INFO] - User set preference: ['args', '[--start-maximized]']

2019-02-18 16:10:27 - [MESSAGE][PASSED] - Browser is opened with url: ''

2019-02-18 16:10:27 - [TEST_STEP][PASSED] - navigateToUrl(General_Login): Navigate to 'http://10.20.24.188/eisportal/insured/appl/instruction' successfully

2019-02-18 16:10:29 - [MESSAGE][PASSED] - Navigate to 'http://10.20.24.188/eisportal/insured/appl/instruction' successfully

2019-02-18 16:10:29 - [TEST_STEP][PASSED] - click(findTestObject("ZhiHao/General_User_Submit_form 7/GN_Application_Reg/Page_PERKESO/button_Setuju")): Object: 'Object Repository/ZhiHao/General_User_Submit_form 7/GN_Application_Reg/Page_PERKESO/button_Setuju' is clicked on

2019-02-18 16:10:31 - [MESSAGE][PASSED] - Object: 'Object Repository/ZhiHao/General_User_Submit_form 7/GN_Application_Reg/Page_PERKESO/button_Setuju' is clicked on

2019-02-18 16:10:31 - [TEST_STEP][PASSED] - setText(findTestObject("ZhiHao/General_User_Submit_form 7/GN_Application_Reg/Page_PERKESO/input_No. Kad Pengenalan"), "810506145261"): Text '810506145261' is set on object 'Object Repository/ZhiHao/General_User_Submit_form 7/GN_Application_Reg/Page_PERKESO/input_No. Kad Pengenalan'

2019-02-18 16:10:35 - [MESSAGE][PASSED] - Text '810506145261' is set on object 'Object Repository/ZhiHao/General_User_Submit_form 7/GN_Application_Reg/Page_PERKESO/input_No. Kad Pengenalan'

2019-02-18 16:10:35 - [TEST_STEP][PASSED] - click(findTestObject("ZhiHao/General_User_Submit_form 7/GN_Application_Reg/Page_PERKESO/button_Semak")): Object: 'Object Repository/ZhiHao/General_User_Submit_form 7/GN_Application_Reg/Page_PERKESO/button_Semak' is clicked on

2019-02-18 16:10:38 - [MESSAGE][PASSED] - Object: 'Object Repository/ZhiHao/General_User_Submit_form 7/GN_Application_Reg/Page_PERKESO/button_Semak' is clicked on

2019-02-18 16:10:38 - [TEST_STEP][PASSED] - delay(3): Delayed 3 second(s)

2019-02-18 16:10:41 - [MESSAGE][PASSED] - Delayed 3 second(s)

2019-02-18 16:10:41 - [TEST_STEP][PASSED] - click(findTestObject("ZhiHao/General_User_Submit_form 7/GN_Application_Reg/Page_PERKESO/span_Nama Majikan")): Object: 'Object Repository/ZhiHao/General_User_Submit_form 7/GN_Application_Reg/Page_PERKESO/span_Nama Majikan' is clicked on

2019-02-18 16:10:43 - [MESSAGE][PASSED] - Object: 'Object Repository/ZhiHao/General_User_Submit_form 7/GN_Application_Reg/Page_PERKESO/span_Nama Majikan' is clicked on

2019-02-18 16:10:43 - [TEST_STEP][PASSED] - delay(3): Delayed 3 second(s)

2019-02-18 16:10:46 - [MESSAGE][PASSED] - Delayed 3 second(s)

2019-02-18 16:10:46 - [TEST_STEP][PASSED] - setText(findTestObject("ZhiHao/General_User_Submit_form 7/GN_Application_Reg/Page_PERKESO/input_Nama Majikan"), "may"): Text 'may' is set on object 'Object Repository/ZhiHao/General_User_Submit_form 7/GN_Application_Reg/Page_PERKESO/input_Nama Majikan'

2019-02-18 16:10:50 - [MESSAGE][PASSED] - Text 'may' is set on object 'Object Repository/ZhiHao/General_User_Submit_form 7/GN_Application_Reg/Page_PERKESO/input_Nama Majikan'

2019-02-18 16:10:50 - [TEST_STEP][PASSED] - delay(3): Delayed 3 second(s)

2019-02-18 16:10:53 - [MESSAGE][PASSED] - Delayed 3 second(s)

2019-02-18 16:10:53 - [TEST_STEP][PASSED] - click(findTestObject("ZhiHao/General_User_Submit_form 7/GN_Application_Reg/Page_PERKESO/select_MAYBANK INVESTMENT BANK BER")): Object: 'Object Repository/ZhiHao/General_User_Submit_form 7/GN_Application_Reg/Page_PERKESO/select_MAYBANK INVESTMENT BANK BER' is clicked on

2019-02-18 16:10:55 - [MESSAGE][PASSED] - Object: 'Object Repository/ZhiHao/General_User_Submit_form 7/GN_Application_Reg/Page_PERKESO/select_MAYBANK INVESTMENT BANK BER' is clicked on

2019-02-18 16:10:55 - [TEST_STEP][PASSED] - delay(3): Delayed 3 second(s)

2019-02-18 16:10:58 - [MESSAGE][PASSED] - Delayed 3 second(s)

2019-02-18 16:10:58 - [TEST_STEP][PASSED] - click(findTestObject("ZhiHao/General_User_Submit_form 7/GN_Application_Reg/Page_PERKESO/input_Tarikh kehilangan pekerjaan")): Object: 'Object Repository/ZhiHao/General_User_Submit_form 7/GN_Application_Reg/Page_PERKESO/input_Tarikh kehilangan pekerjaan' is clicked on

2019-02-18 16:11:00 - [MESSAGE][PASSED] - Object: 'Object Repository/ZhiHao/General_User_Submit_form 7/GN_Application_Reg/Page_PERKESO/input_Tarikh kehilangan pekerjaan' is clicked on

2019-02-18 16:11:00 - [TEST_STEP][PASSED] - click(findTestObject("ZhiHao/General_User_Submit_form 7/GN_Application_Reg/Page_PERKESO/select_loe_date")): Object: 'Object Repository/ZhiHao/General_User_Submit_form 7/GN_Application_Reg/Page_PERKESO/select_loe_date' is clicked on

2019-02-18 16:11:02 - [MESSAGE][PASSED] - Object: 'Object Repository/ZhiHao/General_User_Submit_form 7/GN_Application_Reg/Page_PERKESO/select_loe_date' is clicked on

2019-02-18 16:11:02 - [TEST_STEP][PASSED] - click(findTestObject("ZhiHao/General_User_Submit_form 7/GN_Application_Reg/Page_PERKESO/button_Mohon")): Object: 'Object Repository/ZhiHao/General_User_Submit_form 7/GN_Application_Reg/Page_PERKESO/button_Mohon' is clicked on

2019-02-18 16:11:05 - [MESSAGE][PASSED] - Object: 'Object Repository/ZhiHao/General_User_Submit_form 7/GN_Application_Reg/Page_PERKESO/button_Mohon' is clicked on

2019-02-18 16:11:05 - [TEST_STEP][PASSED] - delay(3): Delayed 3 second(s)

2019-02-18 16:11:08 - [MESSAGE][PASSED] - Delayed 3 second(s)

2019-02-18 16:11:08 - [TEST_STEP][FAILED] - click(findTestObject("ZhiHao/General_User_Submit_form 7/GN_Application_Reg/Page_PERKESO/select_pejabat_perkeso")): click(findTestObject("ZhiHao/General_User_Submit_form 7/GN_Application_Reg/Page_PERKESO/select_pejabat_perkeso")) FAILED.
Reason:
com.kms.katalon.core.exception.StepFailedException: Unable to click on object 'Object Repository/ZhiHao/General_User_Submit_form 7/GN_Application_Reg/Page_PERKESO/select_pejabat_perkeso' (Root cause: org.openqa.selenium.UnhandledAlertException: unexpected alert open: {Alert text : HARAP MAKLUM

PERMOHONAN FAEDAH SIP TELAH DIBUAT BAGI PEKERJAAN INI. MOHON MENYEMAK SEMULA STATUS PERMOHONAN BAGI TUNTUTAN FAEDAH TERSEBUT}
  (Session info: chrome=72.0.3626.109)
  (Driver info: chromedriver=2.43.600210 (68dcf5eebde37173d4027fa8635e332711d2874a),platform=Windows NT 6.1.7601 SP1 x86_64) (WARNING: The server did not provide any stacktrace information)
Command duration or timeout: 0 milliseconds: null
Build info: version: '3.7.1', revision: '8a0099a', time: '2017-11-06T21:07:36.161Z'
System info: host: 'WIN7TEST02', ip: '10.20.3.72', os.name: 'Windows 7', os.arch: 'amd64', os.version: '6.1', java.version: '1.8.0_181'
Driver info: com.kms.katalon.selenium.driver.CChromeDriver
Capabilities {acceptInsecureCerts: false, acceptSslCerts: false, applicationCacheEnabled: false, browserConnectionEnabled: false, browserName: chrome, chrome: {chromedriverVersion: 2.43.600210 (68dcf5eebde371..., userDataDir: C:\Users\Admin\AppData\Loca...}, cssSelectorsEnabled: true, databaseEnabled: false, goog:chromeOptions: {debuggerAddress: localhost:64749}, handlesAlerts: true, hasTouchScreen: false, javascriptEnabled: true, locationContextEnabled: true, mobileEmulationEnabled: false, nativeEvents: true, networkConnectionEnabled: false, pageLoadStrategy: normal, platform: XP, platformName: XP, rotatable: false, setWindowRect: true, takesHeapSnapshot: true, takesScreenshot: true, unexpectedAlertBehaviour: , unhandledPromptBehavior: , version: 72.0.3626.109, webStorageEnabled: true}
Session ID: 7441985140b23456d2ac93864fa9ca21
*** Element info: {Using=xpath, value=//select[@id = 'perkesoOfficeId' and @name = 'perkesoOfficeId' and (text() = '
										--Sila Pilih--
										
											Pejabat PERKESO Batu Pahat
										
											Pejabat PERKESO Beaufort
										
											Pejabat PERKESO Bentong
										
											Pejabat PERKESO Bintulu
										
											Pejabat PERKESO Dungun
										
											Pejabat PERKESO Georgetown
										
											Pejabat PERKESO Kajang
										
											Pejabat PERKESO Kapit
										
											Pejabat PERKESO Kemaman
										
											Pejabat PERKESO Keningau
										
											Pejabat PERKESO Klang
										
											Pejabat PERKESO Kluang
										
											Pejabat PERKESO Kota Marudu
										
											Pejabat PERKESO Kuala Kangsar
										
											Pejabat PERKESO Kuala Krai
										
											Pejabat PERKESO Kuala Pilah
										
											Pejabat PERKESO Kulim
										
											Pejabat PERKESO Labuan
										
											Pejabat PERKESO Lahad Datu
										
											Pejabat PERKESO Langkawi
										
											Pejabat PERKESO Limbang
										
											Pejabat PERKESO Miri
										
											Pejabat PERKESO Muar
										
											Pejabat PERKESO Mukah
										
											Pejabat PERKESO Negeri Johor
										
											Pejabat PERKESO Negeri Kedah
										
											Pejabat PERKESO Negeri Kelantan
										
											Pejabat PERKESO Negeri Melaka
										
											Pejabat PERKESO Negeri Pahang
										
											Pejabat PERKESO Negeri Perak
										
											Pejabat PERKESO Negeri Perlis
										
											Pejabat PERKESO Negeri Pulau Pinang
										
											Pejabat PERKESO Negeri Sabah
										
											Pejabat PERKESO Negeri Sarawak
										
											Pejabat PERKESO Negeri Selangor
										
											Pejabat PERKESO Negeri Sembilan
										
											Pejabat PERKESO Negeri Terengganu
										
											Pejabat PERKESO Negeri W.P Kuala Lumpur
										
											Pejabat PERKESO Rawang
										
											Pejabat PERKESO Sandakan
										
											Pejabat PERKESO Sarikei
										
											Pejabat PERKESO Segamat
										
											Pejabat PERKESO Serian
										
											Pejabat PERKESO Sibu
										
											Pejabat PERKESO Sri Aman
										
											Pejabat PERKESO Sri Manjung
										
											Pejabat PERKESO Sungai Petani
										
											Pejabat PERKESO Taiping
										
											Pejabat PERKESO Tanjung Karang
										
											Pejabat PERKESO Tapah
										
											Pejabat PERKESO Tawau
										
											Pejabat PERKESO Teluk Intan
										
											Pejabat PERKESO Temerloh
										
									' or . = '
										--Sila Pilih--
										
											Pejabat PERKESO Batu Pahat
										
											Pejabat PERKESO Beaufort
										
											Pejabat PERKESO Bentong
										
											Pejabat PERKESO Bintulu
										
											Pejabat PERKESO Dungun
										
											Pejabat PERKESO Georgetown
										
											Pejabat PERKESO Kajang
										
											Pejabat PERKESO Kapit
										
											Pejabat PERKESO Kemaman
										
											Pejabat PERKESO Keningau
										
											Pejabat PERKESO Klang
										
											Pejabat PERKESO Kluang
										
											Pejabat PERKESO Kota Marudu
										
											Pejabat PERKESO Kuala Kangsar
										
											Pejabat PERKESO Kuala Krai
										
											Pejabat PERKESO Kuala Pilah
										
											Pejabat PERKESO Kulim
										
											Pejabat PERKESO Labuan
										
											Pejabat PERKESO Lahad Datu
										
											Pejabat PERKESO Langkawi
										
											Pejabat PERKESO Limbang
										
											Pejabat PERKESO Miri
										
											Pejabat PERKESO Muar
										
											Pejabat PERKESO Mukah
										
											Pejabat PERKESO Negeri Johor
										
											Pejabat PERKESO Negeri Kedah
										
											Pejabat PERKESO Negeri Kelantan
										
											Pejabat PERKESO Negeri Melaka
										
											Pejabat PERKESO Negeri Pahang
										
											Pejabat PERKESO Negeri Perak
										
											Pejabat PERKESO Negeri Perlis
										
											Pejabat PERKESO Negeri Pulau Pinang
										
											Pejabat PERKESO Negeri Sabah
										
											Pejabat PERKESO Negeri Sarawak
										
											Pejabat PERKESO Negeri Selangor
										
											Pejabat PERKESO Negeri Sembilan
										
											Pejabat PERKESO Negeri Terengganu
										
											Pejabat PERKESO Negeri W.P Kuala Lumpur
										
											Pejabat PERKESO Rawang
										
											Pejabat PERKESO Sandakan
										
											Pejabat PERKESO Sarikei
										
											Pejabat PERKESO Segamat
										
											Pejabat PERKESO Serian
										
											Pejabat PERKESO Sibu
										
											Pejabat PERKESO Sri Aman
										
											Pejabat PERKESO Sri Manjung
										
											Pejabat PERKESO Sungai Petani
										
											Pejabat PERKESO Taiping
										
											Pejabat PERKESO Tanjung Karang
										
											Pejabat PERKESO Tapah
										
											Pejabat PERKESO Tawau
										
											Pejabat PERKESO Teluk Intan
										
											Pejabat PERKESO Temerloh
										
									')]})
	at com.kms.katalon.core.keyword.internal.KeywordMain.stepFailed(KeywordMain.groovy:36)
	at com.kms.katalon.core.webui.keyword.internal.WebUIKeywordMain.stepFailed(WebUIKeywordMain.groovy:65)
	at com.kms.katalon.core.webui.keyword.internal.WebUIKeywordMain.runKeyword(WebUIKeywordMain.groovy:27)
	at com.kms.katalon.core.webui.keyword.builtin.ClickKeyword.click(ClickKeyword.groovy:86)
	at com.kms.katalon.core.webui.keyword.builtin.ClickKeyword.execute(ClickKeyword.groovy:67)
	at com.kms.katalon.core.keyword.internal.KeywordExecutor.executeKeywordForPlatform(KeywordExecutor.groovy:53)
	at com.kms.katalon.core.webui.keyword.WebUiBuiltInKeywords.click(WebUiBuiltInKeywords.groovy:616)
	at com.kms.katalon.core.webui.keyword.WebUiBuiltInKeywords$click$3.call(Unknown Source)
	at GN_Application_Reg.run(GN_Application_Reg:48)
	at com.kms.katalon.core.main.ScriptEngine.run(ScriptEngine.java:194)
	at com.kms.katalon.core.main.ScriptEngine.runScriptAsRawText(ScriptEngine.java:119)
	at com.kms.katalon.core.main.TestCaseExecutor.runScript(TestCaseExecutor.java:328)
	at com.kms.katalon.core.main.TestCaseExecutor.doExecute(TestCaseExecutor.java:319)
	at com.kms.katalon.core.main.TestCaseExecutor.processExecutionPhase(TestCaseExecutor.java:298)
	at com.kms.katalon.core.main.TestCaseExecutor.accessMainPhase(TestCaseExecutor.java:290)
	at com.kms.katalon.core.main.TestCaseExecutor.execute(TestCaseExecutor.java:224)
	at com.kms.katalon.core.main.TestCaseMain.runTestCase(TestCaseMain.java:106)
	at com.kms.katalon.core.keyword.builtin.CallTestCaseKeyword$_callTestCase_closure1.doCall(CallTestCaseKeyword.groovy:59)
	at com.kms.katalon.core.keyword.builtin.CallTestCaseKeyword$_callTestCase_closure1.call(CallTestCaseKeyword.groovy)
	at com.kms.katalon.core.keyword.internal.KeywordMain.runKeyword(KeywordMain.groovy:54)
	at com.kms.katalon.core.keyword.builtin.CallTestCaseKeyword.callTestCase(CallTestCaseKeyword.groovy:80)
	at com.kms.katalon.core.keyword.builtin.CallTestCaseKeyword.execute(CallTestCaseKeyword.groovy:44)
	at com.kms.katalon.core.keyword.internal.KeywordExecutor.executeKeywordForPlatform(KeywordExecutor.groovy:53)
	at com.kms.katalon.core.keyword.BuiltinKeywords.callTestCase(BuiltinKeywords.groovy:334)
	at GN_Submit Form 7_End to End.run(GN_Submit Form 7_End to End:16)
	at com.kms.katalon.core.main.ScriptEngine.run(ScriptEngine.java:194)
	at com.kms.katalon.core.main.ScriptEngine.runScriptAsRawText(ScriptEngine.java:119)
	at com.kms.katalon.core.main.TestCaseExecutor.runScript(TestCaseExecutor.java:328)
	at com.kms.katalon.core.main.TestCaseExecutor.doExecute(TestCaseExecutor.java:319)
	at com.kms.katalon.core.main.TestCaseExecutor.processExecutionPhase(TestCaseExecutor.java:298)
	at com.kms.katalon.core.main.TestCaseExecutor.accessMainPhase(TestCaseExecutor.java:290)
	at com.kms.katalon.core.main.TestCaseExecutor.execute(TestCaseExecutor.java:224)
	at com.kms.katalon.core.main.TestCaseMain.runTestCase(TestCaseMain.java:106)
	at com.kms.katalon.core.keyword.builtin.CallTestCaseKeyword$_callTestCase_closure1.doCall(CallTestCaseKeyword.groovy:59)
	at com.kms.katalon.core.keyword.builtin.CallTestCaseKeyword$_callTestCase_closure1.call(CallTestCaseKeyword.groovy)
	at com.kms.katalon.core.keyword.internal.KeywordMain.runKeyword(KeywordMain.groovy:54)
	at com.kms.katalon.core.keyword.builtin.CallTestCaseKeyword.callTestCase(CallTestCaseKeyword.groovy:80)
	at com.kms.katalon.core.keyword.builtin.CallTestCaseKeyword.execute(CallTestCaseKeyword.groovy:44)
	at com.kms.katalon.core.keyword.internal.KeywordExecutor.executeKeywordForPlatform(KeywordExecutor.groovy:53)
	at com.kms.katalon.core.keyword.BuiltinKeywords.callTestCase(BuiltinKeywords.groovy:334)
	at Submit Form 7 (General) - Case Reassignment Same Branch EIO.run(Submit Form 7 (General) - Case Reassignment Same Branch EIO:16)
	at com.kms.katalon.core.main.ScriptEngine.run(ScriptEngine.java:194)
	at com.kms.katalon.core.main.ScriptEngine.runScriptAsRawText(ScriptEngine.java:119)
	at com.kms.katalon.core.main.TestCaseExecutor.runScript(TestCaseExecutor.java:328)
	at com.kms.katalon.core.main.TestCaseExecutor.doExecute(TestCaseExecutor.java:319)
	at com.kms.katalon.core.main.TestCaseExecutor.processExecutionPhase(TestCaseExecutor.java:298)
	at com.kms.katalon.core.main.TestCaseExecutor.accessMainPhase(TestCaseExecutor.java:290)
	at com.kms.katalon.core.main.TestCaseExecutor.execute(TestCaseExecutor.java:224)
	at com.kms.katalon.core.main.TestSuiteExecutor.accessTestCaseMainPhase(TestSuiteExecutor.java:129)
	at com.kms.katalon.core.main.TestSuiteExecutor.accessTestSuiteMainPhase(TestSuiteExecutor.java:112)
	at com.kms.katalon.core.main.TestSuiteExecutor.execute(TestSuiteExecutor.java:81)
	at com.kms.katalon.core.main.TestCaseMain.startTestSuite(TestCaseMain.java:149)
	at com.kms.katalon.core.main.TestCaseMain$startTestSuite$0.call(Unknown Source)
	at TempTestSuite1550476757023.run(TempTestSuite1550476757023.groovy:36)


2019-02-18 16:11:10 - [MESSAGE][WARNING] - Cannot take screenshot

2019-02-18 16:11:10 - [MESSAGE][FAILED] - Unable to click on object 'Object Repository/ZhiHao/General_User_Submit_form 7/GN_Application_Reg/Page_PERKESO/select_pejabat_perkeso' (Root cause: org.openqa.selenium.UnhandledAlertException: unexpected alert open: {Alert text : HARAP MAKLUM

PERMOHONAN FAEDAH SIP TELAH DIBUAT BAGI PEKERJAAN INI. MOHON MENYEMAK SEMULA STATUS PERMOHONAN BAGI TUNTUTAN FAEDAH TERSEBUT}
  (Session info: chrome=72.0.3626.109)
  (Driver info: chromedriver=2.43.600210 (68dcf5eebde37173d4027fa8635e332711d2874a),platform=Windows NT 6.1.7601 SP1 x86_64) (WARNING: The server did not provide any stacktrace information)
Command duration or timeout: 0 milliseconds: null
Build info: version: '3.7.1', revision: '8a0099a', time: '2017-11-06T21:07:36.161Z'
System info: host: 'WIN7TEST02', ip: '10.20.3.72', os.name: 'Windows 7', os.arch: 'amd64', os.version: '6.1', java.version: '1.8.0_181'
Driver info: com.kms.katalon.selenium.driver.CChromeDriver
Capabilities {acceptInsecureCerts: false, acceptSslCerts: false, applicationCacheEnabled: false, browserConnectionEnabled: false, browserName: chrome, chrome: {chromedriverVersion: 2.43.600210 (68dcf5eebde371..., userDataDir: C:\Users\Admin\AppData\Loca...}, cssSelectorsEnabled: true, databaseEnabled: false, goog:chromeOptions: {debuggerAddress: localhost:64749}, handlesAlerts: true, hasTouchScreen: false, javascriptEnabled: true, locationContextEnabled: true, mobileEmulationEnabled: false, nativeEvents: true, networkConnectionEnabled: false, pageLoadStrategy: normal, platform: XP, platformName: XP, rotatable: false, setWindowRect: true, takesHeapSnapshot: true, takesScreenshot: true, unexpectedAlertBehaviour: , unhandledPromptBehavior: , version: 72.0.3626.109, webStorageEnabled: true}
Session ID: 7441985140b23456d2ac93864fa9ca21
*** Element info: {Using=xpath, value=//select[@id = 'perkesoOfficeId' and @name = 'perkesoOfficeId' and (text() = '
										--Sila Pilih--
										
											Pejabat PERKESO Batu Pahat
										
											Pejabat PERKESO Beaufort
										
											Pejabat PERKESO Bentong
										
											Pejabat PERKESO Bintulu
										
											Pejabat PERKESO Dungun
										
											Pejabat PERKESO Georgetown
										
											Pejabat PERKESO Kajang
										
											Pejabat PERKESO Kapit
										
											Pejabat PERKESO Kemaman
										
											Pejabat PERKESO Keningau
										
											Pejabat PERKESO Klang
										
											Pejabat PERKESO Kluang
										
											Pejabat PERKESO Kota Marudu
										
											Pejabat PERKESO Kuala Kangsar
										
											Pejabat PERKESO Kuala Krai
										
											Pejabat PERKESO Kuala Pilah
										
											Pejabat PERKESO Kulim
										
											Pejabat PERKESO Labuan
										
											Pejabat PERKESO Lahad Datu
										
											Pejabat PERKESO Langkawi
										
											Pejabat PERKESO Limbang
										
											Pejabat PERKESO Miri
										
											Pejabat PERKESO Muar
										
											Pejabat PERKESO Mukah
										
											Pejabat PERKESO Negeri Johor
										
											Pejabat PERKESO Negeri Kedah
										
											Pejabat PERKESO Negeri Kelantan
										
											Pejabat PERKESO Negeri Melaka
										
											Pejabat PERKESO Negeri Pahang
										
											Pejabat PERKESO Negeri Perak
										
											Pejabat PERKESO Negeri Perlis
										
											Pejabat PERKESO Negeri Pulau Pinang
										
											Pejabat PERKESO Negeri Sabah
										
											Pejabat PERKESO Negeri Sarawak
										
											Pejabat PERKESO Negeri Selangor
										
											Pejabat PERKESO Negeri Sembilan
										
											Pejabat PERKESO Negeri Terengganu
										
											Pejabat PERKESO Negeri W.P Kuala Lumpur
										
											Pejabat PERKESO Rawang
										
											Pejabat PERKESO Sandakan
										
											Pejabat PERKESO Sarikei
										
											Pejabat PERKESO Segamat
										
											Pejabat PERKESO Serian
										
											Pejabat PERKESO Sibu
										
											Pejabat PERKESO Sri Aman
										
											Pejabat PERKESO Sri Manjung
										
											Pejabat PERKESO Sungai Petani
										
											Pejabat PERKESO Taiping
										
											Pejabat PERKESO Tanjung Karang
										
											Pejabat PERKESO Tapah
										
											Pejabat PERKESO Tawau
										
											Pejabat PERKESO Teluk Intan
										
											Pejabat PERKESO Temerloh
										
									' or . = '
										--Sila Pilih--
										
											Pejabat PERKESO Batu Pahat
										
											Pejabat PERKESO Beaufort
										
											Pejabat PERKESO Bentong
										
											Pejabat PERKESO Bintulu
										
											Pejabat PERKESO Dungun
										
											Pejabat PERKESO Georgetown
										
											Pejabat PERKESO Kajang
										
											Pejabat PERKESO Kapit
										
											Pejabat PERKESO Kemaman
										
											Pejabat PERKESO Keningau
										
											Pejabat PERKESO Klang
										
											Pejabat PERKESO Kluang
										
											Pejabat PERKESO Kota Marudu
										
											Pejabat PERKESO Kuala Kangsar
										
											Pejabat PERKESO Kuala Krai
										
											Pejabat PERKESO Kuala Pilah
										
											Pejabat PERKESO Kulim
										
											Pejabat PERKESO Labuan
										
											Pejabat PERKESO Lahad Datu
										
											Pejabat PERKESO Langkawi
										
											Pejabat PERKESO Limbang
										
											Pejabat PERKESO Miri
										
											Pejabat PERKESO Muar
										
											Pejabat PERKESO Mukah
										
											Pejabat PERKESO Negeri Johor
										
											Pejabat PERKESO Negeri Kedah
										
											Pejabat PERKESO Negeri Kelantan
										
											Pejabat PERKESO Negeri Melaka
										
											Pejabat PERKESO Negeri Pahang
										
											Pejabat PERKESO Negeri Perak
										
											Pejabat PERKESO Negeri Perlis
										
											Pejabat PERKESO Negeri Pulau Pinang
										
											Pejabat PERKESO Negeri Sabah
										
											Pejabat PERKESO Negeri Sarawak
										
											Pejabat PERKESO Negeri Selangor
										
											Pejabat PERKESO Negeri Sembilan
										
											Pejabat PERKESO Negeri Terengganu
										
											Pejabat PERKESO Negeri W.P Kuala Lumpur
										
											Pejabat PERKESO Rawang
										
											Pejabat PERKESO Sandakan
										
											Pejabat PERKESO Sarikei
										
											Pejabat PERKESO Segamat
										
											Pejabat PERKESO Serian
										
											Pejabat PERKESO Sibu
										
											Pejabat PERKESO Sri Aman
										
											Pejabat PERKESO Sri Manjung
										
											Pejabat PERKESO Sungai Petani
										
											Pejabat PERKESO Taiping
										
											Pejabat PERKESO Tanjung Karang
										
											Pejabat PERKESO Tapah
										
											Pejabat PERKESO Tawau
										
											Pejabat PERKESO Teluk Intan
										
											Pejabat PERKESO Temerloh
										
									')]})

2019-02-18 16:11:10 - [MESSAGE][FAILED] - click(findTestObject("ZhiHao/General_User_Submit_form 7/GN_Application_Reg/Page_PERKESO/select_pejabat_perkeso")) FAILED.
Reason:
com.kms.katalon.core.exception.StepFailedException: Unable to click on object 'Object Repository/ZhiHao/General_User_Submit_form 7/GN_Application_Reg/Page_PERKESO/select_pejabat_perkeso' (Root cause: org.openqa.selenium.UnhandledAlertException: unexpected alert open: {Alert text : HARAP MAKLUM

PERMOHONAN FAEDAH SIP TELAH DIBUAT BAGI PEKERJAAN INI. MOHON MENYEMAK SEMULA STATUS PERMOHONAN BAGI TUNTUTAN FAEDAH TERSEBUT}
  (Session info: chrome=72.0.3626.109)
  (Driver info: chromedriver=2.43.600210 (68dcf5eebde37173d4027fa8635e332711d2874a),platform=Windows NT 6.1.7601 SP1 x86_64) (WARNING: The server did not provide any stacktrace information)
Command duration or timeout: 0 milliseconds: null
Build info: version: '3.7.1', revision: '8a0099a', time: '2017-11-06T21:07:36.161Z'
System info: host: 'WIN7TEST02', ip: '10.20.3.72', os.name: 'Windows 7', os.arch: 'amd64', os.version: '6.1', java.version: '1.8.0_181'
Driver info: com.kms.katalon.selenium.driver.CChromeDriver
Capabilities {acceptInsecureCerts: false, acceptSslCerts: false, applicationCacheEnabled: false, browserConnectionEnabled: false, browserName: chrome, chrome: {chromedriverVersion: 2.43.600210 (68dcf5eebde371..., userDataDir: C:\Users\Admin\AppData\Loca...}, cssSelectorsEnabled: true, databaseEnabled: false, goog:chromeOptions: {debuggerAddress: localhost:64749}, handlesAlerts: true, hasTouchScreen: false, javascriptEnabled: true, locationContextEnabled: true, mobileEmulationEnabled: false, nativeEvents: true, networkConnectionEnabled: false, pageLoadStrategy: normal, platform: XP, platformName: XP, rotatable: false, setWindowRect: true, takesHeapSnapshot: true, takesScreenshot: true, unexpectedAlertBehaviour: , unhandledPromptBehavior: , version: 72.0.3626.109, webStorageEnabled: true}
Session ID: 7441985140b23456d2ac93864fa9ca21
*** Element info: {Using=xpath, value=//select[@id = 'perkesoOfficeId' and @name = 'perkesoOfficeId' and (text() = '
										--Sila Pilih--
										
											Pejabat PERKESO Batu Pahat
										
											Pejabat PERKESO Beaufort
										
											Pejabat PERKESO Bentong
										
											Pejabat PERKESO Bintulu
										
											Pejabat PERKESO Dungun
										
											Pejabat PERKESO Georgetown
										
											Pejabat PERKESO Kajang
										
											Pejabat PERKESO Kapit
										
											Pejabat PERKESO Kemaman
										
											Pejabat PERKESO Keningau
										
											Pejabat PERKESO Klang
										
											Pejabat PERKESO Kluang
										
											Pejabat PERKESO Kota Marudu
										
											Pejabat PERKESO Kuala Kangsar
										
											Pejabat PERKESO Kuala Krai
										
											Pejabat PERKESO Kuala Pilah
										
											Pejabat PERKESO Kulim
										
											Pejabat PERKESO Labuan
										
											Pejabat PERKESO Lahad Datu
										
											Pejabat PERKESO Langkawi
										
											Pejabat PERKESO Limbang
										
											Pejabat PERKESO Miri
										
											Pejabat PERKESO Muar
										
											Pejabat PERKESO Mukah
										
											Pejabat PERKESO Negeri Johor
										
											Pejabat PERKESO Negeri Kedah
										
											Pejabat PERKESO Negeri Kelantan
										
											Pejabat PERKESO Negeri Melaka
										
											Pejabat PERKESO Negeri Pahang
										
											Pejabat PERKESO Negeri Perak
										
											Pejabat PERKESO Negeri Perlis
										
											Pejabat PERKESO Negeri Pulau Pinang
										
											Pejabat PERKESO Negeri Sabah
										
											Pejabat PERKESO Negeri Sarawak
										
											Pejabat PERKESO Negeri Selangor
										
											Pejabat PERKESO Negeri Sembilan
										
											Pejabat PERKESO Negeri Terengganu
										
											Pejabat PERKESO Negeri W.P Kuala Lumpur
										
											Pejabat PERKESO Rawang
										
											Pejabat PERKESO Sandakan
										
											Pejabat PERKESO Sarikei
										
											Pejabat PERKESO Segamat
										
											Pejabat PERKESO Serian
										
											Pejabat PERKESO Sibu
										
											Pejabat PERKESO Sri Aman
										
											Pejabat PERKESO Sri Manjung
										
											Pejabat PERKESO Sungai Petani
										
											Pejabat PERKESO Taiping
										
											Pejabat PERKESO Tanjung Karang
										
											Pejabat PERKESO Tapah
										
											Pejabat PERKESO Tawau
										
											Pejabat PERKESO Teluk Intan
										
											Pejabat PERKESO Temerloh
										
									' or . = '
										--Sila Pilih--
										
											Pejabat PERKESO Batu Pahat
										
											Pejabat PERKESO Beaufort
										
											Pejabat PERKESO Bentong
										
											Pejabat PERKESO Bintulu
										
											Pejabat PERKESO Dungun
										
											Pejabat PERKESO Georgetown
										
											Pejabat PERKESO Kajang
										
											Pejabat PERKESO Kapit
										
											Pejabat PERKESO Kemaman
										
											Pejabat PERKESO Keningau
										
											Pejabat PERKESO Klang
										
											Pejabat PERKESO Kluang
										
											Pejabat PERKESO Kota Marudu
										
											Pejabat PERKESO Kuala Kangsar
										
											Pejabat PERKESO Kuala Krai
										
											Pejabat PERKESO Kuala Pilah
										
											Pejabat PERKESO Kulim
										
											Pejabat PERKESO Labuan
										
											Pejabat PERKESO Lahad Datu
										
											Pejabat PERKESO Langkawi
										
											Pejabat PERKESO Limbang
										
											Pejabat PERKESO Miri
										
											Pejabat PERKESO Muar
										
											Pejabat PERKESO Mukah
										
											Pejabat PERKESO Negeri Johor
										
											Pejabat PERKESO Negeri Kedah
										
											Pejabat PERKESO Negeri Kelantan
										
											Pejabat PERKESO Negeri Melaka
										
											Pejabat PERKESO Negeri Pahang
										
											Pejabat PERKESO Negeri Perak
										
											Pejabat PERKESO Negeri Perlis
										
											Pejabat PERKESO Negeri Pulau Pinang
										
											Pejabat PERKESO Negeri Sabah
										
											Pejabat PERKESO Negeri Sarawak
										
											Pejabat PERKESO Negeri Selangor
										
											Pejabat PERKESO Negeri Sembilan
										
											Pejabat PERKESO Negeri Terengganu
										
											Pejabat PERKESO Negeri W.P Kuala Lumpur
										
											Pejabat PERKESO Rawang
										
											Pejabat PERKESO Sandakan
										
											Pejabat PERKESO Sarikei
										
											Pejabat PERKESO Segamat
										
											Pejabat PERKESO Serian
										
											Pejabat PERKESO Sibu
										
											Pejabat PERKESO Sri Aman
										
											Pejabat PERKESO Sri Manjung
										
											Pejabat PERKESO Sungai Petani
										
											Pejabat PERKESO Taiping
										
											Pejabat PERKESO Tanjung Karang
										
											Pejabat PERKESO Tapah
										
											Pejabat PERKESO Tawau
										
											Pejabat PERKESO Teluk Intan
										
											Pejabat PERKESO Temerloh
										
									')]})
	at com.kms.katalon.core.keyword.internal.KeywordMain.stepFailed(KeywordMain.groovy:36)
	at com.kms.katalon.core.webui.keyword.internal.WebUIKeywordMain.stepFailed(WebUIKeywordMain.groovy:65)
	at com.kms.katalon.core.webui.keyword.internal.WebUIKeywordMain.runKeyword(WebUIKeywordMain.groovy:27)
	at com.kms.katalon.core.webui.keyword.builtin.ClickKeyword.click(ClickKeyword.groovy:86)
	at com.kms.katalon.core.webui.keyword.builtin.ClickKeyword.execute(ClickKeyword.groovy:67)
	at com.kms.katalon.core.keyword.internal.KeywordExecutor.executeKeywordForPlatform(KeywordExecutor.groovy:53)
	at com.kms.katalon.core.webui.keyword.WebUiBuiltInKeywords.click(WebUiBuiltInKeywords.groovy:616)
	at com.kms.katalon.core.webui.keyword.WebUiBuiltInKeywords$click$3.call(Unknown Source)
	at GN_Application_Reg.run(GN_Application_Reg:48)
	at com.kms.katalon.core.main.ScriptEngine.run(ScriptEngine.java:194)
	at com.kms.katalon.core.main.ScriptEngine.runScriptAsRawText(ScriptEngine.java:119)
	at com.kms.katalon.core.main.TestCaseExecutor.runScript(TestCaseExecutor.java:328)
	at com.kms.katalon.core.main.TestCaseExecutor.doExecute(TestCaseExecutor.java:319)
	at com.kms.katalon.core.main.TestCaseExecutor.processExecutionPhase(TestCaseExecutor.java:298)
	at com.kms.katalon.core.main.TestCaseExecutor.accessMainPhase(TestCaseExecutor.java:290)
	at com.kms.katalon.core.main.TestCaseExecutor.execute(TestCaseExecutor.java:224)
	at com.kms.katalon.core.main.TestCaseMain.runTestCase(TestCaseMain.java:106)
	at com.kms.katalon.core.keyword.builtin.CallTestCaseKeyword$_callTestCase_closure1.doCall(CallTestCaseKeyword.groovy:59)
	at com.kms.katalon.core.keyword.builtin.CallTestCaseKeyword$_callTestCase_closure1.call(CallTestCaseKeyword.groovy)
	at com.kms.katalon.core.keyword.internal.KeywordMain.runKeyword(KeywordMain.groovy:54)
	at com.kms.katalon.core.keyword.builtin.CallTestCaseKeyword.callTestCase(CallTestCaseKeyword.groovy:80)
	at com.kms.katalon.core.keyword.builtin.CallTestCaseKeyword.execute(CallTestCaseKeyword.groovy:44)
	at com.kms.katalon.core.keyword.internal.KeywordExecutor.executeKeywordForPlatform(KeywordExecutor.groovy:53)
	at com.kms.katalon.core.keyword.BuiltinKeywords.callTestCase(BuiltinKeywords.groovy:334)
	at GN_Submit Form 7_End to End.run(GN_Submit Form 7_End to End:16)
	at com.kms.katalon.core.main.ScriptEngine.run(ScriptEngine.java:194)
	at com.kms.katalon.core.main.ScriptEngine.runScriptAsRawText(ScriptEngine.java:119)
	at com.kms.katalon.core.main.TestCaseExecutor.runScript(TestCaseExecutor.java:328)
	at com.kms.katalon.core.main.TestCaseExecutor.doExecute(TestCaseExecutor.java:319)
	at com.kms.katalon.core.main.TestCaseExecutor.processExecutionPhase(TestCaseExecutor.java:298)
	at com.kms.katalon.core.main.TestCaseExecutor.accessMainPhase(TestCaseExecutor.java:290)
	at com.kms.katalon.core.main.TestCaseExecutor.execute(TestCaseExecutor.java:224)
	at com.kms.katalon.core.main.TestCaseMain.runTestCase(TestCaseMain.java:106)
	at com.kms.katalon.core.keyword.builtin.CallTestCaseKeyword$_callTestCase_closure1.doCall(CallTestCaseKeyword.groovy:59)
	at com.kms.katalon.core.keyword.builtin.CallTestCaseKeyword$_callTestCase_closure1.call(CallTestCaseKeyword.groovy)
	at com.kms.katalon.core.keyword.internal.KeywordMain.runKeyword(KeywordMain.groovy:54)
	at com.kms.katalon.core.keyword.builtin.CallTestCaseKeyword.callTestCase(CallTestCaseKeyword.groovy:80)
	at com.kms.katalon.core.keyword.builtin.CallTestCaseKeyword.execute(CallTestCaseKeyword.groovy:44)
	at com.kms.katalon.core.keyword.internal.KeywordExecutor.executeKeywordForPlatform(KeywordExecutor.groovy:53)
	at com.kms.katalon.core.keyword.BuiltinKeywords.callTestCase(BuiltinKeywords.groovy:334)
	at Submit Form 7 (General) - Case Reassignment Same Branch EIO.run(Submit Form 7 (General) - Case Reassignment Same Branch EIO:16)
	at com.kms.katalon.core.main.ScriptEngine.run(ScriptEngine.java:194)
	at com.kms.katalon.core.main.ScriptEngine.runScriptAsRawText(ScriptEngine.java:119)
	at com.kms.katalon.core.main.TestCaseExecutor.runScript(TestCaseExecutor.java:328)
	at com.kms.katalon.core.main.TestCaseExecutor.doExecute(TestCaseExecutor.java:319)
	at com.kms.katalon.core.main.TestCaseExecutor.processExecutionPhase(TestCaseExecutor.java:298)
	at com.kms.katalon.core.main.TestCaseExecutor.accessMainPhase(TestCaseExecutor.java:290)
	at com.kms.katalon.core.main.TestCaseExecutor.execute(TestCaseExecutor.java:224)
	at com.kms.katalon.core.main.TestSuiteExecutor.accessTestCaseMainPhase(TestSuiteExecutor.java:129)
	at com.kms.katalon.core.main.TestSuiteExecutor.accessTestSuiteMainPhase(TestSuiteExecutor.java:112)
	at com.kms.katalon.core.main.TestSuiteExecutor.execute(TestSuiteExecutor.java:81)
	at com.kms.katalon.core.main.TestCaseMain.startTestSuite(TestCaseMain.java:149)
	at com.kms.katalon.core.main.TestCaseMain$startTestSuite$0.call(Unknown Source)
	at TempTestSuite1550476757023.run(TempTestSuite1550476757023.groovy:36)


2019-02-18 16:11:10 - [MESSAGE][FAILED] - Unable to call Test Case 'Test Cases/All TC/Arranged/3. Unit/EI/GN submit form 7/GN_Application_Reg' (Root cause: com.kms.katalon.core.exception.StepFailedException: Call Test Case 'Test Cases/All TC/Arranged/3. Unit/EI/GN submit form 7/GN_Application_Reg' failed)

2019-02-18 16:11:10 - [MESSAGE][FAILED] - callTestCase(findTestCase("All TC/Arranged/3. Unit/EI/GN submit form 7/GN_Application_Reg"), [:], STOP_ON_FAILURE) FAILED.
Reason:
com.kms.katalon.core.exception.StepFailedException: Unable to click on object 'Object Repository/ZhiHao/General_User_Submit_form 7/GN_Application_Reg/Page_PERKESO/select_pejabat_perkeso' (Root cause: org.openqa.selenium.UnhandledAlertException: unexpected alert open: {Alert text : HARAP MAKLUM

PERMOHONAN FAEDAH SIP TELAH DIBUAT BAGI PEKERJAAN INI. MOHON MENYEMAK SEMULA STATUS PERMOHONAN BAGI TUNTUTAN FAEDAH TERSEBUT}
  (Session info: chrome=72.0.3626.109)
  (Driver info: chromedriver=2.43.600210 (68dcf5eebde37173d4027fa8635e332711d2874a),platform=Windows NT 6.1.7601 SP1 x86_64) (WARNING: The server did not provide any stacktrace information)
Command duration or timeout: 0 milliseconds: null
Build info: version: '3.7.1', revision: '8a0099a', time: '2017-11-06T21:07:36.161Z'
System info: host: 'WIN7TEST02', ip: '10.20.3.72', os.name: 'Windows 7', os.arch: 'amd64', os.version: '6.1', java.version: '1.8.0_181'
Driver info: com.kms.katalon.selenium.driver.CChromeDriver
Capabilities {acceptInsecureCerts: false, acceptSslCerts: false, applicationCacheEnabled: false, browserConnectionEnabled: false, browserName: chrome, chrome: {chromedriverVersion: 2.43.600210 (68dcf5eebde371..., userDataDir: C:\Users\Admin\AppData\Loca...}, cssSelectorsEnabled: true, databaseEnabled: false, goog:chromeOptions: {debuggerAddress: localhost:64749}, handlesAlerts: true, hasTouchScreen: false, javascriptEnabled: true, locationContextEnabled: true, mobileEmulationEnabled: false, nativeEvents: true, networkConnectionEnabled: false, pageLoadStrategy: normal, platform: XP, platformName: XP, rotatable: false, setWindowRect: true, takesHeapSnapshot: true, takesScreenshot: true, unexpectedAlertBehaviour: , unhandledPromptBehavior: , version: 72.0.3626.109, webStorageEnabled: true}
Session ID: 7441985140b23456d2ac93864fa9ca21
*** Element info: {Using=xpath, value=//select[@id = 'perkesoOfficeId' and @name = 'perkesoOfficeId' and (text() = '
										--Sila Pilih--
										
											Pejabat PERKESO Batu Pahat
										
											Pejabat PERKESO Beaufort
										
											Pejabat PERKESO Bentong
										
											Pejabat PERKESO Bintulu
										
											Pejabat PERKESO Dungun
										
											Pejabat PERKESO Georgetown
										
											Pejabat PERKESO Kajang
										
											Pejabat PERKESO Kapit
										
											Pejabat PERKESO Kemaman
										
											Pejabat PERKESO Keningau
										
											Pejabat PERKESO Klang
										
											Pejabat PERKESO Kluang
										
											Pejabat PERKESO Kota Marudu
										
											Pejabat PERKESO Kuala Kangsar
										
											Pejabat PERKESO Kuala Krai
										
											Pejabat PERKESO Kuala Pilah
										
											Pejabat PERKESO Kulim
										
											Pejabat PERKESO Labuan
										
											Pejabat PERKESO Lahad Datu
										
											Pejabat PERKESO Langkawi
										
											Pejabat PERKESO Limbang
										
											Pejabat PERKESO Miri
										
											Pejabat PERKESO Muar
										
											Pejabat PERKESO Mukah
										
											Pejabat PERKESO Negeri Johor
										
											Pejabat PERKESO Negeri Kedah
										
											Pejabat PERKESO Negeri Kelantan
										
											Pejabat PERKESO Negeri Melaka
										
											Pejabat PERKESO Negeri Pahang
										
											Pejabat PERKESO Negeri Perak
										
											Pejabat PERKESO Negeri Perlis
										
											Pejabat PERKESO Negeri Pulau Pinang
										
											Pejabat PERKESO Negeri Sabah
										
											Pejabat PERKESO Negeri Sarawak
										
											Pejabat PERKESO Negeri Selangor
										
											Pejabat PERKESO Negeri Sembilan
										
											Pejabat PERKESO Negeri Terengganu
										
											Pejabat PERKESO Negeri W.P Kuala Lumpur
										
											Pejabat PERKESO Rawang
										
											Pejabat PERKESO Sandakan
										
											Pejabat PERKESO Sarikei
										
											Pejabat PERKESO Segamat
										
											Pejabat PERKESO Serian
										
											Pejabat PERKESO Sibu
										
											Pejabat PERKESO Sri Aman
										
											Pejabat PERKESO Sri Manjung
										
											Pejabat PERKESO Sungai Petani
										
											Pejabat PERKESO Taiping
										
											Pejabat PERKESO Tanjung Karang
										
											Pejabat PERKESO Tapah
										
											Pejabat PERKESO Tawau
										
											Pejabat PERKESO Teluk Intan
										
											Pejabat PERKESO Temerloh
										
									' or . = '
										--Sila Pilih--
										
											Pejabat PERKESO Batu Pahat
										
											Pejabat PERKESO Beaufort
										
											Pejabat PERKESO Bentong
										
											Pejabat PERKESO Bintulu
										
											Pejabat PERKESO Dungun
										
											Pejabat PERKESO Georgetown
										
											Pejabat PERKESO Kajang
										
											Pejabat PERKESO Kapit
										
											Pejabat PERKESO Kemaman
										
											Pejabat PERKESO Keningau
										
											Pejabat PERKESO Klang
										
											Pejabat PERKESO Kluang
										
											Pejabat PERKESO Kota Marudu
										
											Pejabat PERKESO Kuala Kangsar
										
											Pejabat PERKESO Kuala Krai
										
											Pejabat PERKESO Kuala Pilah
										
											Pejabat PERKESO Kulim
										
											Pejabat PERKESO Labuan
										
											Pejabat PERKESO Lahad Datu
										
											Pejabat PERKESO Langkawi
										
											Pejabat PERKESO Limbang
										
											Pejabat PERKESO Miri
										
											Pejabat PERKESO Muar
										
											Pejabat PERKESO Mukah
										
											Pejabat PERKESO Negeri Johor
										
											Pejabat PERKESO Negeri Kedah
										
											Pejabat PERKESO Negeri Kelantan
										
											Pejabat PERKESO Negeri Melaka
										
											Pejabat PERKESO Negeri Pahang
										
											Pejabat PERKESO Negeri Perak
										
											Pejabat PERKESO Negeri Perlis
										
											Pejabat PERKESO Negeri Pulau Pinang
										
											Pejabat PERKESO Negeri Sabah
										
											Pejabat PERKESO Negeri Sarawak
										
											Pejabat PERKESO Negeri Selangor
										
											Pejabat PERKESO Negeri Sembilan
										
											Pejabat PERKESO Negeri Terengganu
										
											Pejabat PERKESO Negeri W.P Kuala Lumpur
										
											Pejabat PERKESO Rawang
										
											Pejabat PERKESO Sandakan
										
											Pejabat PERKESO Sarikei
										
											Pejabat PERKESO Segamat
										
											Pejabat PERKESO Serian
										
											Pejabat PERKESO Sibu
										
											Pejabat PERKESO Sri Aman
										
											Pejabat PERKESO Sri Manjung
										
											Pejabat PERKESO Sungai Petani
										
											Pejabat PERKESO Taiping
										
											Pejabat PERKESO Tanjung Karang
										
											Pejabat PERKESO Tapah
										
											Pejabat PERKESO Tawau
										
											Pejabat PERKESO Teluk Intan
										
											Pejabat PERKESO Temerloh
										
									')]})
	at com.kms.katalon.core.keyword.internal.KeywordMain.stepFailed(KeywordMain.groovy:36)
	at com.kms.katalon.core.webui.keyword.internal.WebUIKeywordMain.stepFailed(WebUIKeywordMain.groovy:65)
	at com.kms.katalon.core.webui.keyword.internal.WebUIKeywordMain.runKeyword(WebUIKeywordMain.groovy:27)
	at com.kms.katalon.core.webui.keyword.builtin.ClickKeyword.click(ClickKeyword.groovy:86)
	at com.kms.katalon.core.webui.keyword.builtin.ClickKeyword.execute(ClickKeyword.groovy:67)
	at com.kms.katalon.core.keyword.internal.KeywordExecutor.executeKeywordForPlatform(KeywordExecutor.groovy:53)
	at com.kms.katalon.core.webui.keyword.WebUiBuiltInKeywords.click(WebUiBuiltInKeywords.groovy:616)
	at com.kms.katalon.core.webui.keyword.WebUiBuiltInKeywords$click$3.call(Unknown Source)
	at GN_Application_Reg.run(GN_Application_Reg:48)
	at com.kms.katalon.core.main.ScriptEngine.run(ScriptEngine.java:194)
	at com.kms.katalon.core.main.ScriptEngine.runScriptAsRawText(ScriptEngine.java:119)
	at com.kms.katalon.core.main.TestCaseExecutor.runScript(TestCaseExecutor.java:328)
	at com.kms.katalon.core.main.TestCaseExecutor.doExecute(TestCaseExecutor.java:319)
	at com.kms.katalon.core.main.TestCaseExecutor.processExecutionPhase(TestCaseExecutor.java:298)
	at com.kms.katalon.core.main.TestCaseExecutor.accessMainPhase(TestCaseExecutor.java:290)
	at com.kms.katalon.core.main.TestCaseExecutor.execute(TestCaseExecutor.java:224)
	at com.kms.katalon.core.main.TestCaseMain.runTestCase(TestCaseMain.java:106)
	at com.kms.katalon.core.keyword.builtin.CallTestCaseKeyword$_callTestCase_closure1.doCall(CallTestCaseKeyword.groovy:59)
	at com.kms.katalon.core.keyword.builtin.CallTestCaseKeyword$_callTestCase_closure1.call(CallTestCaseKeyword.groovy)
	at com.kms.katalon.core.keyword.internal.KeywordMain.runKeyword(KeywordMain.groovy:54)
	at com.kms.katalon.core.keyword.builtin.CallTestCaseKeyword.callTestCase(CallTestCaseKeyword.groovy:80)
	at com.kms.katalon.core.keyword.builtin.CallTestCaseKeyword.execute(CallTestCaseKeyword.groovy:44)
	at com.kms.katalon.core.keyword.internal.KeywordExecutor.executeKeywordForPlatform(KeywordExecutor.groovy:53)
	at com.kms.katalon.core.keyword.BuiltinKeywords.callTestCase(BuiltinKeywords.groovy:334)
	at GN_Submit Form 7_End to End.run(GN_Submit Form 7_End to End:16)
	at com.kms.katalon.core.main.ScriptEngine.run(ScriptEngine.java:194)
	at com.kms.katalon.core.main.ScriptEngine.runScriptAsRawText(ScriptEngine.java:119)
	at com.kms.katalon.core.main.TestCaseExecutor.runScript(TestCaseExecutor.java:328)
	at com.kms.katalon.core.main.TestCaseExecutor.doExecute(TestCaseExecutor.java:319)
	at com.kms.katalon.core.main.TestCaseExecutor.processExecutionPhase(TestCaseExecutor.java:298)
	at com.kms.katalon.core.main.TestCaseExecutor.accessMainPhase(TestCaseExecutor.java:290)
	at com.kms.katalon.core.main.TestCaseExecutor.execute(TestCaseExecutor.java:224)
	at com.kms.katalon.core.main.TestCaseMain.runTestCase(TestCaseMain.java:106)
	at com.kms.katalon.core.keyword.builtin.CallTestCaseKeyword$_callTestCase_closure1.doCall(CallTestCaseKeyword.groovy:59)
	at com.kms.katalon.core.keyword.builtin.CallTestCaseKeyword$_callTestCase_closure1.call(CallTestCaseKeyword.groovy)
	at com.kms.katalon.core.keyword.internal.KeywordMain.runKeyword(KeywordMain.groovy:54)
	at com.kms.katalon.core.keyword.builtin.CallTestCaseKeyword.callTestCase(CallTestCaseKeyword.groovy:80)
	at com.kms.katalon.core.keyword.builtin.CallTestCaseKeyword.execute(CallTestCaseKeyword.groovy:44)
	at com.kms.katalon.core.keyword.internal.KeywordExecutor.executeKeywordForPlatform(KeywordExecutor.groovy:53)
	at com.kms.katalon.core.keyword.BuiltinKeywords.callTestCase(BuiltinKeywords.groovy:334)
	at Submit Form 7 (General) - Case Reassignment Same Branch EIO.run(Submit Form 7 (General) - Case Reassignment Same Branch EIO:16)
	at com.kms.katalon.core.main.ScriptEngine.run(ScriptEngine.java:194)
	at com.kms.katalon.core.main.ScriptEngine.runScriptAsRawText(ScriptEngine.java:119)
	at com.kms.katalon.core.main.TestCaseExecutor.runScript(TestCaseExecutor.java:328)
	at com.kms.katalon.core.main.TestCaseExecutor.doExecute(TestCaseExecutor.java:319)
	at com.kms.katalon.core.main.TestCaseExecutor.processExecutionPhase(TestCaseExecutor.java:298)
	at com.kms.katalon.core.main.TestCaseExecutor.accessMainPhase(TestCaseExecutor.java:290)
	at com.kms.katalon.core.main.TestCaseExecutor.execute(TestCaseExecutor.java:224)
	at com.kms.katalon.core.main.TestSuiteExecutor.accessTestCaseMainPhase(TestSuiteExecutor.java:129)
	at com.kms.katalon.core.main.TestSuiteExecutor.accessTestSuiteMainPhase(TestSuiteExecutor.java:112)
	at com.kms.katalon.core.main.TestSuiteExecutor.execute(TestSuiteExecutor.java:81)
	at com.kms.katalon.core.main.TestCaseMain.startTestSuite(TestCaseMain.java:149)
	at com.kms.katalon.core.main.TestCaseMain$startTestSuite$0.call(Unknown Source)
	at TempTestSuite1550476757023.run(TempTestSuite1550476757023.groovy:36)


2019-02-18 16:11:13 - [MESSAGE][FAILED] - Unable to call Test Case 'Test Cases/All TC/Arranged/2. Segment/GN_Submit Form 7_End to End' (Root cause: com.kms.katalon.core.exception.StepFailedException: Call Test Case 'Test Cases/All TC/Arranged/2. Segment/GN_Submit Form 7_End to End' failed)

2019-02-18 16:11:13 - [MESSAGE][FAILED] - callTestCase(findTestCase("All TC/Arranged/2. Segment/GN_Submit Form 7_End to End"), [:], STOP_ON_FAILURE) FAILED.
Reason:
com.kms.katalon.core.exception.StepFailedException: Unable to click on object 'Object Repository/ZhiHao/General_User_Submit_form 7/GN_Application_Reg/Page_PERKESO/select_pejabat_perkeso' (Root cause: org.openqa.selenium.UnhandledAlertException: unexpected alert open: {Alert text : HARAP MAKLUM

PERMOHONAN FAEDAH SIP TELAH DIBUAT BAGI PEKERJAAN INI. MOHON MENYEMAK SEMULA STATUS PERMOHONAN BAGI TUNTUTAN FAEDAH TERSEBUT}
  (Session info: chrome=72.0.3626.109)
  (Driver info: chromedriver=2.43.600210 (68dcf5eebde37173d4027fa8635e332711d2874a),platform=Windows NT 6.1.7601 SP1 x86_64) (WARNING: The server did not provide any stacktrace information)
Command duration or timeout: 0 milliseconds: null
Build info: version: '3.7.1', revision: '8a0099a', time: '2017-11-06T21:07:36.161Z'
System info: host: 'WIN7TEST02', ip: '10.20.3.72', os.name: 'Windows 7', os.arch: 'amd64', os.version: '6.1', java.version: '1.8.0_181'
Driver info: com.kms.katalon.selenium.driver.CChromeDriver
Capabilities {acceptInsecureCerts: false, acceptSslCerts: false, applicationCacheEnabled: false, browserConnectionEnabled: false, browserName: chrome, chrome: {chromedriverVersion: 2.43.600210 (68dcf5eebde371..., userDataDir: C:\Users\Admin\AppData\Loca...}, cssSelectorsEnabled: true, databaseEnabled: false, goog:chromeOptions: {debuggerAddress: localhost:64749}, handlesAlerts: true, hasTouchScreen: false, javascriptEnabled: true, locationContextEnabled: true, mobileEmulationEnabled: false, nativeEvents: true, networkConnectionEnabled: false, pageLoadStrategy: normal, platform: XP, platformName: XP, rotatable: false, setWindowRect: true, takesHeapSnapshot: true, takesScreenshot: true, unexpectedAlertBehaviour: , unhandledPromptBehavior: , version: 72.0.3626.109, webStorageEnabled: true}
Session ID: 7441985140b23456d2ac93864fa9ca21
*** Element info: {Using=xpath, value=//select[@id = 'perkesoOfficeId' and @name = 'perkesoOfficeId' and (text() = '
										--Sila Pilih--
										
											Pejabat PERKESO Batu Pahat
										
											Pejabat PERKESO Beaufort
										
											Pejabat PERKESO Bentong
										
											Pejabat PERKESO Bintulu
										
											Pejabat PERKESO Dungun
										
											Pejabat PERKESO Georgetown
										
											Pejabat PERKESO Kajang
										
											Pejabat PERKESO Kapit
										
											Pejabat PERKESO Kemaman
										
											Pejabat PERKESO Keningau
										
											Pejabat PERKESO Klang
										
											Pejabat PERKESO Kluang
										
											Pejabat PERKESO Kota Marudu
										
											Pejabat PERKESO Kuala Kangsar
										
											Pejabat PERKESO Kuala Krai
										
											Pejabat PERKESO Kuala Pilah
										
											Pejabat PERKESO Kulim
										
											Pejabat PERKESO Labuan
										
											Pejabat PERKESO Lahad Datu
										
											Pejabat PERKESO Langkawi
										
											Pejabat PERKESO Limbang
										
											Pejabat PERKESO Miri
										
											Pejabat PERKESO Muar
										
											Pejabat PERKESO Mukah
										
											Pejabat PERKESO Negeri Johor
										
											Pejabat PERKESO Negeri Kedah
										
											Pejabat PERKESO Negeri Kelantan
										
											Pejabat PERKESO Negeri Melaka
										
											Pejabat PERKESO Negeri Pahang
										
											Pejabat PERKESO Negeri Perak
										
											Pejabat PERKESO Negeri Perlis
										
											Pejabat PERKESO Negeri Pulau Pinang
										
											Pejabat PERKESO Negeri Sabah
										
											Pejabat PERKESO Negeri Sarawak
										
											Pejabat PERKESO Negeri Selangor
										
											Pejabat PERKESO Negeri Sembilan
										
											Pejabat PERKESO Negeri Terengganu
										
											Pejabat PERKESO Negeri W.P Kuala Lumpur
										
											Pejabat PERKESO Rawang
										
											Pejabat PERKESO Sandakan
										
											Pejabat PERKESO Sarikei
										
											Pejabat PERKESO Segamat
										
											Pejabat PERKESO Serian
										
											Pejabat PERKESO Sibu
										
											Pejabat PERKESO Sri Aman
										
											Pejabat PERKESO Sri Manjung
										
											Pejabat PERKESO Sungai Petani
										
											Pejabat PERKESO Taiping
										
											Pejabat PERKESO Tanjung Karang
										
											Pejabat PERKESO Tapah
										
											Pejabat PERKESO Tawau
										
											Pejabat PERKESO Teluk Intan
										
											Pejabat PERKESO Temerloh
										
									' or . = '
										--Sila Pilih--
										
											Pejabat PERKESO Batu Pahat
										
											Pejabat PERKESO Beaufort
										
											Pejabat PERKESO Bentong
										
											Pejabat PERKESO Bintulu
										
											Pejabat PERKESO Dungun
										
											Pejabat PERKESO Georgetown
										
											Pejabat PERKESO Kajang
										
											Pejabat PERKESO Kapit
										
											Pejabat PERKESO Kemaman
										
											Pejabat PERKESO Keningau
										
											Pejabat PERKESO Klang
										
											Pejabat PERKESO Kluang
										
											Pejabat PERKESO Kota Marudu
										
											Pejabat PERKESO Kuala Kangsar
										
											Pejabat PERKESO Kuala Krai
										
											Pejabat PERKESO Kuala Pilah
										
											Pejabat PERKESO Kulim
										
											Pejabat PERKESO Labuan
										
											Pejabat PERKESO Lahad Datu
										
											Pejabat PERKESO Langkawi
										
											Pejabat PERKESO Limbang
										
											Pejabat PERKESO Miri
										
											Pejabat PERKESO Muar
										
											Pejabat PERKESO Mukah
										
											Pejabat PERKESO Negeri Johor
										
											Pejabat PERKESO Negeri Kedah
										
											Pejabat PERKESO Negeri Kelantan
										
											Pejabat PERKESO Negeri Melaka
										
											Pejabat PERKESO Negeri Pahang
										
											Pejabat PERKESO Negeri Perak
										
											Pejabat PERKESO Negeri Perlis
										
											Pejabat PERKESO Negeri Pulau Pinang
										
											Pejabat PERKESO Negeri Sabah
										
											Pejabat PERKESO Negeri Sarawak
										
											Pejabat PERKESO Negeri Selangor
										
											Pejabat PERKESO Negeri Sembilan
										
											Pejabat PERKESO Negeri Terengganu
										
											Pejabat PERKESO Negeri W.P Kuala Lumpur
										
											Pejabat PERKESO Rawang
										
											Pejabat PERKESO Sandakan
										
											Pejabat PERKESO Sarikei
										
											Pejabat PERKESO Segamat
										
											Pejabat PERKESO Serian
										
											Pejabat PERKESO Sibu
										
											Pejabat PERKESO Sri Aman
										
											Pejabat PERKESO Sri Manjung
										
											Pejabat PERKESO Sungai Petani
										
											Pejabat PERKESO Taiping
										
											Pejabat PERKESO Tanjung Karang
										
											Pejabat PERKESO Tapah
										
											Pejabat PERKESO Tawau
										
											Pejabat PERKESO Teluk Intan
										
											Pejabat PERKESO Temerloh
										
									')]})
	at com.kms.katalon.core.keyword.internal.KeywordMain.stepFailed(KeywordMain.groovy:36)
	at com.kms.katalon.core.webui.keyword.internal.WebUIKeywordMain.stepFailed(WebUIKeywordMain.groovy:65)
	at com.kms.katalon.core.webui.keyword.internal.WebUIKeywordMain.runKeyword(WebUIKeywordMain.groovy:27)
	at com.kms.katalon.core.webui.keyword.builtin.ClickKeyword.click(ClickKeyword.groovy:86)
	at com.kms.katalon.core.webui.keyword.builtin.ClickKeyword.execute(ClickKeyword.groovy:67)
	at com.kms.katalon.core.keyword.internal.KeywordExecutor.executeKeywordForPlatform(KeywordExecutor.groovy:53)
	at com.kms.katalon.core.webui.keyword.WebUiBuiltInKeywords.click(WebUiBuiltInKeywords.groovy:616)
	at com.kms.katalon.core.webui.keyword.WebUiBuiltInKeywords$click$3.call(Unknown Source)
	at GN_Application_Reg.run(GN_Application_Reg:48)
	at com.kms.katalon.core.main.ScriptEngine.run(ScriptEngine.java:194)
	at com.kms.katalon.core.main.ScriptEngine.runScriptAsRawText(ScriptEngine.java:119)
	at com.kms.katalon.core.main.TestCaseExecutor.runScript(TestCaseExecutor.java:328)
	at com.kms.katalon.core.main.TestCaseExecutor.doExecute(TestCaseExecutor.java:319)
	at com.kms.katalon.core.main.TestCaseExecutor.processExecutionPhase(TestCaseExecutor.java:298)
	at com.kms.katalon.core.main.TestCaseExecutor.accessMainPhase(TestCaseExecutor.java:290)
	at com.kms.katalon.core.main.TestCaseExecutor.execute(TestCaseExecutor.java:224)
	at com.kms.katalon.core.main.TestCaseMain.runTestCase(TestCaseMain.java:106)
	at com.kms.katalon.core.keyword.builtin.CallTestCaseKeyword$_callTestCase_closure1.doCall(CallTestCaseKeyword.groovy:59)
	at com.kms.katalon.core.keyword.builtin.CallTestCaseKeyword$_callTestCase_closure1.call(CallTestCaseKeyword.groovy)
	at com.kms.katalon.core.keyword.internal.KeywordMain.runKeyword(KeywordMain.groovy:54)
	at com.kms.katalon.core.keyword.builtin.CallTestCaseKeyword.callTestCase(CallTestCaseKeyword.groovy:80)
	at com.kms.katalon.core.keyword.builtin.CallTestCaseKeyword.execute(CallTestCaseKeyword.groovy:44)
	at com.kms.katalon.core.keyword.internal.KeywordExecutor.executeKeywordForPlatform(KeywordExecutor.groovy:53)
	at com.kms.katalon.core.keyword.BuiltinKeywords.callTestCase(BuiltinKeywords.groovy:334)
	at GN_Submit Form 7_End to End.run(GN_Submit Form 7_End to End:16)
	at com.kms.katalon.core.main.ScriptEngine.run(ScriptEngine.java:194)
	at com.kms.katalon.core.main.ScriptEngine.runScriptAsRawText(ScriptEngine.java:119)
	at com.kms.katalon.core.main.TestCaseExecutor.runScript(TestCaseExecutor.java:328)
	at com.kms.katalon.core.main.TestCaseExecutor.doExecute(TestCaseExecutor.java:319)
	at com.kms.katalon.core.main.TestCaseExecutor.processExecutionPhase(TestCaseExecutor.java:298)
	at com.kms.katalon.core.main.TestCaseExecutor.accessMainPhase(TestCaseExecutor.java:290)
	at com.kms.katalon.core.main.TestCaseExecutor.execute(TestCaseExecutor.java:224)
	at com.kms.katalon.core.main.TestCaseMain.runTestCase(TestCaseMain.java:106)
	at com.kms.katalon.core.keyword.builtin.CallTestCaseKeyword$_callTestCase_closure1.doCall(CallTestCaseKeyword.groovy:59)
	at com.kms.katalon.core.keyword.builtin.CallTestCaseKeyword$_callTestCase_closure1.call(CallTestCaseKeyword.groovy)
	at com.kms.katalon.core.keyword.internal.KeywordMain.runKeyword(KeywordMain.groovy:54)
	at com.kms.katalon.core.keyword.builtin.CallTestCaseKeyword.callTestCase(CallTestCaseKeyword.groovy:80)
	at com.kms.katalon.core.keyword.builtin.CallTestCaseKeyword.execute(CallTestCaseKeyword.groovy:44)
	at com.kms.katalon.core.keyword.internal.KeywordExecutor.executeKeywordForPlatform(KeywordExecutor.groovy:53)
	at com.kms.katalon.core.keyword.BuiltinKeywords.callTestCase(BuiltinKeywords.groovy:334)
	at Submit Form 7 (General) - Case Reassignment Same Branch EIO.run(Submit Form 7 (General) - Case Reassignment Same Branch EIO:16)
	at com.kms.katalon.core.main.ScriptEngine.run(ScriptEngine.java:194)
	at com.kms.katalon.core.main.ScriptEngine.runScriptAsRawText(ScriptEngine.java:119)
	at com.kms.katalon.core.main.TestCaseExecutor.runScript(TestCaseExecutor.java:328)
	at com.kms.katalon.core.main.TestCaseExecutor.doExecute(TestCaseExecutor.java:319)
	at com.kms.katalon.core.main.TestCaseExecutor.processExecutionPhase(TestCaseExecutor.java:298)
	at com.kms.katalon.core.main.TestCaseExecutor.accessMainPhase(TestCaseExecutor.java:290)
	at com.kms.katalon.core.main.TestCaseExecutor.execute(TestCaseExecutor.java:224)
	at com.kms.katalon.core.main.TestSuiteExecutor.accessTestCaseMainPhase(TestSuiteExecutor.java:129)
	at com.kms.katalon.core.main.TestSuiteExecutor.accessTestSuiteMainPhase(TestSuiteExecutor.java:112)
	at com.kms.katalon.core.main.TestSuiteExecutor.execute(TestSuiteExecutor.java:81)
	at com.kms.katalon.core.main.TestCaseMain.startTestSuite(TestCaseMain.java:149)
	at com.kms.katalon.core.main.TestCaseMain$startTestSuite$0.call(Unknown Source)
	at TempTestSuite1550476757023.run(TempTestSuite1550476757023.groovy:36)]]></system-out>
         <system-err><![CDATA[2019-02-18 16:10:20 - [TEST_CASE][FAILED] - Test Cases/All TC/Arranged/0. Full Flow/Submit Form 7 (General) - Case Reassignment Same Branch EIO: Test Cases/All TC/Arranged/0. Full Flow/Submit Form 7 (General) - Case Reassignment Same Branch EIO FAILED.
Reason:
com.kms.katalon.core.exception.StepFailedException: Unable to click on object 'Object Repository/ZhiHao/General_User_Submit_form 7/GN_Application_Reg/Page_PERKESO/select_pejabat_perkeso' (Root cause: org.openqa.selenium.UnhandledAlertException: unexpected alert open: {Alert text : HARAP MAKLUM

PERMOHONAN FAEDAH SIP TELAH DIBUAT BAGI PEKERJAAN INI. MOHON MENYEMAK SEMULA STATUS PERMOHONAN BAGI TUNTUTAN FAEDAH TERSEBUT}
  (Session info: chrome=72.0.3626.109)
  (Driver info: chromedriver=2.43.600210 (68dcf5eebde37173d4027fa8635e332711d2874a),platform=Windows NT 6.1.7601 SP1 x86_64) (WARNING: The server did not provide any stacktrace information)
Command duration or timeout: 0 milliseconds: null
Build info: version: '3.7.1', revision: '8a0099a', time: '2017-11-06T21:07:36.161Z'
System info: host: 'WIN7TEST02', ip: '10.20.3.72', os.name: 'Windows 7', os.arch: 'amd64', os.version: '6.1', java.version: '1.8.0_181'
Driver info: com.kms.katalon.selenium.driver.CChromeDriver
Capabilities {acceptInsecureCerts: false, acceptSslCerts: false, applicationCacheEnabled: false, browserConnectionEnabled: false, browserName: chrome, chrome: {chromedriverVersion: 2.43.600210 (68dcf5eebde371..., userDataDir: C:\Users\Admin\AppData\Loca...}, cssSelectorsEnabled: true, databaseEnabled: false, goog:chromeOptions: {debuggerAddress: localhost:64749}, handlesAlerts: true, hasTouchScreen: false, javascriptEnabled: true, locationContextEnabled: true, mobileEmulationEnabled: false, nativeEvents: true, networkConnectionEnabled: false, pageLoadStrategy: normal, platform: XP, platformName: XP, rotatable: false, setWindowRect: true, takesHeapSnapshot: true, takesScreenshot: true, unexpectedAlertBehaviour: , unhandledPromptBehavior: , version: 72.0.3626.109, webStorageEnabled: true}
Session ID: 7441985140b23456d2ac93864fa9ca21
*** Element info: {Using=xpath, value=//select[@id = 'perkesoOfficeId' and @name = 'perkesoOfficeId' and (text() = '
										--Sila Pilih--
										
											Pejabat PERKESO Batu Pahat
										
											Pejabat PERKESO Beaufort
										
											Pejabat PERKESO Bentong
										
											Pejabat PERKESO Bintulu
										
											Pejabat PERKESO Dungun
										
											Pejabat PERKESO Georgetown
										
											Pejabat PERKESO Kajang
										
											Pejabat PERKESO Kapit
										
											Pejabat PERKESO Kemaman
										
											Pejabat PERKESO Keningau
										
											Pejabat PERKESO Klang
										
											Pejabat PERKESO Kluang
										
											Pejabat PERKESO Kota Marudu
										
											Pejabat PERKESO Kuala Kangsar
										
											Pejabat PERKESO Kuala Krai
										
											Pejabat PERKESO Kuala Pilah
										
											Pejabat PERKESO Kulim
										
											Pejabat PERKESO Labuan
										
											Pejabat PERKESO Lahad Datu
										
											Pejabat PERKESO Langkawi
										
											Pejabat PERKESO Limbang
										
											Pejabat PERKESO Miri
										
											Pejabat PERKESO Muar
										
											Pejabat PERKESO Mukah
										
											Pejabat PERKESO Negeri Johor
										
											Pejabat PERKESO Negeri Kedah
										
											Pejabat PERKESO Negeri Kelantan
										
											Pejabat PERKESO Negeri Melaka
										
											Pejabat PERKESO Negeri Pahang
										
											Pejabat PERKESO Negeri Perak
										
											Pejabat PERKESO Negeri Perlis
										
											Pejabat PERKESO Negeri Pulau Pinang
										
											Pejabat PERKESO Negeri Sabah
										
											Pejabat PERKESO Negeri Sarawak
										
											Pejabat PERKESO Negeri Selangor
										
											Pejabat PERKESO Negeri Sembilan
										
											Pejabat PERKESO Negeri Terengganu
										
											Pejabat PERKESO Negeri W.P Kuala Lumpur
										
											Pejabat PERKESO Rawang
										
											Pejabat PERKESO Sandakan
										
											Pejabat PERKESO Sarikei
										
											Pejabat PERKESO Segamat
										
											Pejabat PERKESO Serian
										
											Pejabat PERKESO Sibu
										
											Pejabat PERKESO Sri Aman
										
											Pejabat PERKESO Sri Manjung
										
											Pejabat PERKESO Sungai Petani
										
											Pejabat PERKESO Taiping
										
											Pejabat PERKESO Tanjung Karang
										
											Pejabat PERKESO Tapah
										
											Pejabat PERKESO Tawau
										
											Pejabat PERKESO Teluk Intan
										
											Pejabat PERKESO Temerloh
										
									' or . = '
										--Sila Pilih--
										
											Pejabat PERKESO Batu Pahat
										
											Pejabat PERKESO Beaufort
										
											Pejabat PERKESO Bentong
										
											Pejabat PERKESO Bintulu
										
											Pejabat PERKESO Dungun
										
											Pejabat PERKESO Georgetown
										
											Pejabat PERKESO Kajang
										
											Pejabat PERKESO Kapit
										
											Pejabat PERKESO Kemaman
										
											Pejabat PERKESO Keningau
										
											Pejabat PERKESO Klang
										
											Pejabat PERKESO Kluang
										
											Pejabat PERKESO Kota Marudu
										
											Pejabat PERKESO Kuala Kangsar
										
											Pejabat PERKESO Kuala Krai
										
											Pejabat PERKESO Kuala Pilah
										
											Pejabat PERKESO Kulim
										
											Pejabat PERKESO Labuan
										
											Pejabat PERKESO Lahad Datu
										
											Pejabat PERKESO Langkawi
										
											Pejabat PERKESO Limbang
										
											Pejabat PERKESO Miri
										
											Pejabat PERKESO Muar
										
											Pejabat PERKESO Mukah
										
											Pejabat PERKESO Negeri Johor
										
											Pejabat PERKESO Negeri Kedah
										
											Pejabat PERKESO Negeri Kelantan
										
											Pejabat PERKESO Negeri Melaka
										
											Pejabat PERKESO Negeri Pahang
										
											Pejabat PERKESO Negeri Perak
										
											Pejabat PERKESO Negeri Perlis
										
											Pejabat PERKESO Negeri Pulau Pinang
										
											Pejabat PERKESO Negeri Sabah
										
											Pejabat PERKESO Negeri Sarawak
										
											Pejabat PERKESO Negeri Selangor
										
											Pejabat PERKESO Negeri Sembilan
										
											Pejabat PERKESO Negeri Terengganu
										
											Pejabat PERKESO Negeri W.P Kuala Lumpur
										
											Pejabat PERKESO Rawang
										
											Pejabat PERKESO Sandakan
										
											Pejabat PERKESO Sarikei
										
											Pejabat PERKESO Segamat
										
											Pejabat PERKESO Serian
										
											Pejabat PERKESO Sibu
										
											Pejabat PERKESO Sri Aman
										
											Pejabat PERKESO Sri Manjung
										
											Pejabat PERKESO Sungai Petani
										
											Pejabat PERKESO Taiping
										
											Pejabat PERKESO Tanjung Karang
										
											Pejabat PERKESO Tapah
										
											Pejabat PERKESO Tawau
										
											Pejabat PERKESO Teluk Intan
										
											Pejabat PERKESO Temerloh
										
									')]})
	at com.kms.katalon.core.keyword.internal.KeywordMain.stepFailed(KeywordMain.groovy:36)
	at com.kms.katalon.core.webui.keyword.internal.WebUIKeywordMain.stepFailed(WebUIKeywordMain.groovy:65)
	at com.kms.katalon.core.webui.keyword.internal.WebUIKeywordMain.runKeyword(WebUIKeywordMain.groovy:27)
	at com.kms.katalon.core.webui.keyword.builtin.ClickKeyword.click(ClickKeyword.groovy:86)
	at com.kms.katalon.core.webui.keyword.builtin.ClickKeyword.execute(ClickKeyword.groovy:67)
	at com.kms.katalon.core.keyword.internal.KeywordExecutor.executeKeywordForPlatform(KeywordExecutor.groovy:53)
	at com.kms.katalon.core.webui.keyword.WebUiBuiltInKeywords.click(WebUiBuiltInKeywords.groovy:616)
	at com.kms.katalon.core.webui.keyword.WebUiBuiltInKeywords$click$3.call(Unknown Source)
	at GN_Application_Reg.run(GN_Application_Reg:48)
	at com.kms.katalon.core.main.ScriptEngine.run(ScriptEngine.java:194)
	at com.kms.katalon.core.main.ScriptEngine.runScriptAsRawText(ScriptEngine.java:119)
	at com.kms.katalon.core.main.TestCaseExecutor.runScript(TestCaseExecutor.java:328)
	at com.kms.katalon.core.main.TestCaseExecutor.doExecute(TestCaseExecutor.java:319)
	at com.kms.katalon.core.main.TestCaseExecutor.processExecutionPhase(TestCaseExecutor.java:298)
	at com.kms.katalon.core.main.TestCaseExecutor.accessMainPhase(TestCaseExecutor.java:290)
	at com.kms.katalon.core.main.TestCaseExecutor.execute(TestCaseExecutor.java:224)
	at com.kms.katalon.core.main.TestCaseMain.runTestCase(TestCaseMain.java:106)
	at com.kms.katalon.core.keyword.builtin.CallTestCaseKeyword$_callTestCase_closure1.doCall(CallTestCaseKeyword.groovy:59)
	at com.kms.katalon.core.keyword.builtin.CallTestCaseKeyword$_callTestCase_closure1.call(CallTestCaseKeyword.groovy)
	at com.kms.katalon.core.keyword.internal.KeywordMain.runKeyword(KeywordMain.groovy:54)
	at com.kms.katalon.core.keyword.builtin.CallTestCaseKeyword.callTestCase(CallTestCaseKeyword.groovy:80)
	at com.kms.katalon.core.keyword.builtin.CallTestCaseKeyword.execute(CallTestCaseKeyword.groovy:44)
	at com.kms.katalon.core.keyword.internal.KeywordExecutor.executeKeywordForPlatform(KeywordExecutor.groovy:53)
	at com.kms.katalon.core.keyword.BuiltinKeywords.callTestCase(BuiltinKeywords.groovy:334)
	at GN_Submit Form 7_End to End.run(GN_Submit Form 7_End to End:16)
	at com.kms.katalon.core.main.ScriptEngine.run(ScriptEngine.java:194)
	at com.kms.katalon.core.main.ScriptEngine.runScriptAsRawText(ScriptEngine.java:119)
	at com.kms.katalon.core.main.TestCaseExecutor.runScript(TestCaseExecutor.java:328)
	at com.kms.katalon.core.main.TestCaseExecutor.doExecute(TestCaseExecutor.java:319)
	at com.kms.katalon.core.main.TestCaseExecutor.processExecutionPhase(TestCaseExecutor.java:298)
	at com.kms.katalon.core.main.TestCaseExecutor.accessMainPhase(TestCaseExecutor.java:290)
	at com.kms.katalon.core.main.TestCaseExecutor.execute(TestCaseExecutor.java:224)
	at com.kms.katalon.core.main.TestCaseMain.runTestCase(TestCaseMain.java:106)
	at com.kms.katalon.core.keyword.builtin.CallTestCaseKeyword$_callTestCase_closure1.doCall(CallTestCaseKeyword.groovy:59)
	at com.kms.katalon.core.keyword.builtin.CallTestCaseKeyword$_callTestCase_closure1.call(CallTestCaseKeyword.groovy)
	at com.kms.katalon.core.keyword.internal.KeywordMain.runKeyword(KeywordMain.groovy:54)
	at com.kms.katalon.core.keyword.builtin.CallTestCaseKeyword.callTestCase(CallTestCaseKeyword.groovy:80)
	at com.kms.katalon.core.keyword.builtin.CallTestCaseKeyword.execute(CallTestCaseKeyword.groovy:44)
	at com.kms.katalon.core.keyword.internal.KeywordExecutor.executeKeywordForPlatform(KeywordExecutor.groovy:53)
	at com.kms.katalon.core.keyword.BuiltinKeywords.callTestCase(BuiltinKeywords.groovy:334)
	at Submit Form 7 (General) - Case Reassignment Same Branch EIO.run(Submit Form 7 (General) - Case Reassignment Same Branch EIO:16)
	at com.kms.katalon.core.main.ScriptEngine.run(ScriptEngine.java:194)
	at com.kms.katalon.core.main.ScriptEngine.runScriptAsRawText(ScriptEngine.java:119)
	at com.kms.katalon.core.main.TestCaseExecutor.runScript(TestCaseExecutor.java:328)
	at com.kms.katalon.core.main.TestCaseExecutor.doExecute(TestCaseExecutor.java:319)
	at com.kms.katalon.core.main.TestCaseExecutor.processExecutionPhase(TestCaseExecutor.java:298)
	at com.kms.katalon.core.main.TestCaseExecutor.accessMainPhase(TestCaseExecutor.java:290)
	at com.kms.katalon.core.main.TestCaseExecutor.execute(TestCaseExecutor.java:224)
	at com.kms.katalon.core.main.TestSuiteExecutor.accessTestCaseMainPhase(TestSuiteExecutor.java:129)
	at com.kms.katalon.core.main.TestSuiteExecutor.accessTestSuiteMainPhase(TestSuiteExecutor.java:112)
	at com.kms.katalon.core.main.TestSuiteExecutor.execute(TestSuiteExecutor.java:81)
	at com.kms.katalon.core.main.TestCaseMain.startTestSuite(TestCaseMain.java:149)
	at com.kms.katalon.core.main.TestCaseMain$startTestSuite$0.call(Unknown Source)
	at TempTestSuite1550476757023.run(TempTestSuite1550476757023.groovy:36)]]></system-err>
      </testcase>
      <testcase name="Test Cases/All TC/Arranged/0. Full Flow/Submit Form 7 (General) - Case Reassignment Cross Branch SEIO" classname="Test Cases/All TC/Arranged/0. Full Flow/Submit Form 7 (General) - Case Reassignment Cross Branch SEIO" status="FAILED">
         <failure type="FAILED" message="Test Cases/All TC/Arranged/0. Full Flow/Submit Form 7 (General) - Case Reassignment Cross Branch SEIO FAILED.
Reason:
com.kms.katalon.core.exception.StepFailedException: Unable to click on object 'Object Repository/ZhiHao/General_User_Submit_form 7/GN_Application_Reg/Page_PERKESO/select_pejabat_perkeso' (Root cause: org.openqa.selenium.UnhandledAlertException: unexpected alert open: {Alert text : HARAP MAKLUM

PERMOHONAN FAEDAH SIP TELAH DIBUAT BAGI PEKERJAAN INI. MOHON MENYEMAK SEMULA STATUS PERMOHONAN BAGI TUNTUTAN FAEDAH TERSEBUT}
  (Session info: chrome=72.0.3626.109)
  (Driver info: chromedriver=2.43.600210 (68dcf5eebde37173d4027fa8635e332711d2874a),platform=Windows NT 6.1.7601 SP1 x86_64) (WARNING: The server did not provide any stacktrace information)
Command duration or timeout: 0 milliseconds: null
Build info: version: '3.7.1', revision: '8a0099a', time: '2017-11-06T21:07:36.161Z'
System info: host: 'WIN7TEST02', ip: '10.20.3.72', os.name: 'Windows 7', os.arch: 'amd64', os.version: '6.1', java.version: '1.8.0_181'
Driver info: com.kms.katalon.selenium.driver.CChromeDriver
Capabilities {acceptInsecureCerts: false, acceptSslCerts: false, applicationCacheEnabled: false, browserConnectionEnabled: false, browserName: chrome, chrome: {chromedriverVersion: 2.43.600210 (68dcf5eebde371..., userDataDir: C:\Users\Admin\AppData\Loca...}, cssSelectorsEnabled: true, databaseEnabled: false, goog:chromeOptions: {debuggerAddress: localhost:64774}, handlesAlerts: true, hasTouchScreen: false, javascriptEnabled: true, locationContextEnabled: true, mobileEmulationEnabled: false, nativeEvents: true, networkConnectionEnabled: false, pageLoadStrategy: normal, platform: XP, platformName: XP, rotatable: false, setWindowRect: true, takesHeapSnapshot: true, takesScreenshot: true, unexpectedAlertBehaviour: , unhandledPromptBehavior: , version: 72.0.3626.109, webStorageEnabled: true}
Session ID: 2ee3a255d32a68bf28bff7f62466c3e4
*** Element info: {Using=xpath, value=//select[@id = 'perkesoOfficeId' and @name = 'perkesoOfficeId' and (text() = '
										--Sila Pilih--
										
											Pejabat PERKESO Batu Pahat
										
											Pejabat PERKESO Beaufort
										
											Pejabat PERKESO Bentong
										
											Pejabat PERKESO Bintulu
										
											Pejabat PERKESO Dungun
										
											Pejabat PERKESO Georgetown
										
											Pejabat PERKESO Kajang
										
											Pejabat PERKESO Kapit
										
											Pejabat PERKESO Kemaman
										
											Pejabat PERKESO Keningau
										
											Pejabat PERKESO Klang
										
											Pejabat PERKESO Kluang
										
											Pejabat PERKESO Kota Marudu
										
											Pejabat PERKESO Kuala Kangsar
										
											Pejabat PERKESO Kuala Krai
										
											Pejabat PERKESO Kuala Pilah
										
											Pejabat PERKESO Kulim
										
											Pejabat PERKESO Labuan
										
											Pejabat PERKESO Lahad Datu
										
											Pejabat PERKESO Langkawi
										
											Pejabat PERKESO Limbang
										
											Pejabat PERKESO Miri
										
											Pejabat PERKESO Muar
										
											Pejabat PERKESO Mukah
										
											Pejabat PERKESO Negeri Johor
										
											Pejabat PERKESO Negeri Kedah
										
											Pejabat PERKESO Negeri Kelantan
										
											Pejabat PERKESO Negeri Melaka
										
											Pejabat PERKESO Negeri Pahang
										
											Pejabat PERKESO Negeri Perak
										
											Pejabat PERKESO Negeri Perlis
										
											Pejabat PERKESO Negeri Pulau Pinang
										
											Pejabat PERKESO Negeri Sabah
										
											Pejabat PERKESO Negeri Sarawak
										
											Pejabat PERKESO Negeri Selangor
										
											Pejabat PERKESO Negeri Sembilan
										
											Pejabat PERKESO Negeri Terengganu
										
											Pejabat PERKESO Negeri W.P Kuala Lumpur
										
											Pejabat PERKESO Rawang
										
											Pejabat PERKESO Sandakan
										
											Pejabat PERKESO Sarikei
										
											Pejabat PERKESO Segamat
										
											Pejabat PERKESO Serian
										
											Pejabat PERKESO Sibu
										
											Pejabat PERKESO Sri Aman
										
											Pejabat PERKESO Sri Manjung
										
											Pejabat PERKESO Sungai Petani
										
											Pejabat PERKESO Taiping
										
											Pejabat PERKESO Tanjung Karang
										
											Pejabat PERKESO Tapah
										
											Pejabat PERKESO Tawau
										
											Pejabat PERKESO Teluk Intan
										
											Pejabat PERKESO Temerloh
										
									' or . = '
										--Sila Pilih--
										
											Pejabat PERKESO Batu Pahat
										
											Pejabat PERKESO Beaufort
										
											Pejabat PERKESO Bentong
										
											Pejabat PERKESO Bintulu
										
											Pejabat PERKESO Dungun
										
											Pejabat PERKESO Georgetown
										
											Pejabat PERKESO Kajang
										
											Pejabat PERKESO Kapit
										
											Pejabat PERKESO Kemaman
										
											Pejabat PERKESO Keningau
										
											Pejabat PERKESO Klang
										
											Pejabat PERKESO Kluang
										
											Pejabat PERKESO Kota Marudu
										
											Pejabat PERKESO Kuala Kangsar
										
											Pejabat PERKESO Kuala Krai
										
											Pejabat PERKESO Kuala Pilah
										
											Pejabat PERKESO Kulim
										
											Pejabat PERKESO Labuan
										
											Pejabat PERKESO Lahad Datu
										
											Pejabat PERKESO Langkawi
										
											Pejabat PERKESO Limbang
										
											Pejabat PERKESO Miri
										
											Pejabat PERKESO Muar
										
											Pejabat PERKESO Mukah
										
											Pejabat PERKESO Negeri Johor
										
											Pejabat PERKESO Negeri Kedah
										
											Pejabat PERKESO Negeri Kelantan
										
											Pejabat PERKESO Negeri Melaka
										
											Pejabat PERKESO Negeri Pahang
										
											Pejabat PERKESO Negeri Perak
										
											Pejabat PERKESO Negeri Perlis
										
											Pejabat PERKESO Negeri Pulau Pinang
										
											Pejabat PERKESO Negeri Sabah
										
											Pejabat PERKESO Negeri Sarawak
										
											Pejabat PERKESO Negeri Selangor
										
											Pejabat PERKESO Negeri Sembilan
										
											Pejabat PERKESO Negeri Terengganu
										
											Pejabat PERKESO Negeri W.P Kuala Lumpur
										
											Pejabat PERKESO Rawang
										
											Pejabat PERKESO Sandakan
										
											Pejabat PERKESO Sarikei
										
											Pejabat PERKESO Segamat
										
											Pejabat PERKESO Serian
										
											Pejabat PERKESO Sibu
										
											Pejabat PERKESO Sri Aman
										
											Pejabat PERKESO Sri Manjung
										
											Pejabat PERKESO Sungai Petani
										
											Pejabat PERKESO Taiping
										
											Pejabat PERKESO Tanjung Karang
										
											Pejabat PERKESO Tapah
										
											Pejabat PERKESO Tawau
										
											Pejabat PERKESO Teluk Intan
										
											Pejabat PERKESO Temerloh
										
									')]})
	at com.kms.katalon.core.keyword.internal.KeywordMain.stepFailed(KeywordMain.groovy:36)
	at com.kms.katalon.core.webui.keyword.internal.WebUIKeywordMain.stepFailed(WebUIKeywordMain.groovy:65)
	at com.kms.katalon.core.webui.keyword.internal.WebUIKeywordMain.runKeyword(WebUIKeywordMain.groovy:27)
	at com.kms.katalon.core.webui.keyword.builtin.ClickKeyword.click(ClickKeyword.groovy:86)
	at com.kms.katalon.core.webui.keyword.builtin.ClickKeyword.execute(ClickKeyword.groovy:67)
	at com.kms.katalon.core.keyword.internal.KeywordExecutor.executeKeywordForPlatform(KeywordExecutor.groovy:53)
	at com.kms.katalon.core.webui.keyword.WebUiBuiltInKeywords.click(WebUiBuiltInKeywords.groovy:616)
	at com.kms.katalon.core.webui.keyword.WebUiBuiltInKeywords$click$3.call(Unknown Source)
	at GN_Application_Reg.run(GN_Application_Reg:48)
	at com.kms.katalon.core.main.ScriptEngine.run(ScriptEngine.java:194)
	at com.kms.katalon.core.main.ScriptEngine.runScriptAsRawText(ScriptEngine.java:119)
	at com.kms.katalon.core.main.TestCaseExecutor.runScript(TestCaseExecutor.java:328)
	at com.kms.katalon.core.main.TestCaseExecutor.doExecute(TestCaseExecutor.java:319)
	at com.kms.katalon.core.main.TestCaseExecutor.processExecutionPhase(TestCaseExecutor.java:298)
	at com.kms.katalon.core.main.TestCaseExecutor.accessMainPhase(TestCaseExecutor.java:290)
	at com.kms.katalon.core.main.TestCaseExecutor.execute(TestCaseExecutor.java:224)
	at com.kms.katalon.core.main.TestCaseMain.runTestCase(TestCaseMain.java:106)
	at com.kms.katalon.core.keyword.builtin.CallTestCaseKeyword$_callTestCase_closure1.doCall(CallTestCaseKeyword.groovy:59)
	at com.kms.katalon.core.keyword.builtin.CallTestCaseKeyword$_callTestCase_closure1.call(CallTestCaseKeyword.groovy)
	at com.kms.katalon.core.keyword.internal.KeywordMain.runKeyword(KeywordMain.groovy:54)
	at com.kms.katalon.core.keyword.builtin.CallTestCaseKeyword.callTestCase(CallTestCaseKeyword.groovy:80)
	at com.kms.katalon.core.keyword.builtin.CallTestCaseKeyword.execute(CallTestCaseKeyword.groovy:44)
	at com.kms.katalon.core.keyword.internal.KeywordExecutor.executeKeywordForPlatform(KeywordExecutor.groovy:53)
	at com.kms.katalon.core.keyword.BuiltinKeywords.callTestCase(BuiltinKeywords.groovy:334)
	at GN_Submit Form 7_End to End.run(GN_Submit Form 7_End to End:16)
	at com.kms.katalon.core.main.ScriptEngine.run(ScriptEngine.java:194)
	at com.kms.katalon.core.main.ScriptEngine.runScriptAsRawText(ScriptEngine.java:119)
	at com.kms.katalon.core.main.TestCaseExecutor.runScript(TestCaseExecutor.java:328)
	at com.kms.katalon.core.main.TestCaseExecutor.doExecute(TestCaseExecutor.java:319)
	at com.kms.katalon.core.main.TestCaseExecutor.processExecutionPhase(TestCaseExecutor.java:298)
	at com.kms.katalon.core.main.TestCaseExecutor.accessMainPhase(TestCaseExecutor.java:290)
	at com.kms.katalon.core.main.TestCaseExecutor.execute(TestCaseExecutor.java:224)
	at com.kms.katalon.core.main.TestCaseMain.runTestCase(TestCaseMain.java:106)
	at com.kms.katalon.core.keyword.builtin.CallTestCaseKeyword$_callTestCase_closure1.doCall(CallTestCaseKeyword.groovy:59)
	at com.kms.katalon.core.keyword.builtin.CallTestCaseKeyword$_callTestCase_closure1.call(CallTestCaseKeyword.groovy)
	at com.kms.katalon.core.keyword.internal.KeywordMain.runKeyword(KeywordMain.groovy:54)
	at com.kms.katalon.core.keyword.builtin.CallTestCaseKeyword.callTestCase(CallTestCaseKeyword.groovy:80)
	at com.kms.katalon.core.keyword.builtin.CallTestCaseKeyword.execute(CallTestCaseKeyword.groovy:44)
	at com.kms.katalon.core.keyword.internal.KeywordExecutor.executeKeywordForPlatform(KeywordExecutor.groovy:53)
	at com.kms.katalon.core.keyword.BuiltinKeywords.callTestCase(BuiltinKeywords.groovy:334)
	at Submit Form 7 (General) - Case Reassignment Cross Branch SEIO.run(Submit Form 7 (General) - Case Reassignment Cross Branch SEIO:16)
	at com.kms.katalon.core.main.ScriptEngine.run(ScriptEngine.java:194)
	at com.kms.katalon.core.main.ScriptEngine.runScriptAsRawText(ScriptEngine.java:119)
	at com.kms.katalon.core.main.TestCaseExecutor.runScript(TestCaseExecutor.java:328)
	at com.kms.katalon.core.main.TestCaseExecutor.doExecute(TestCaseExecutor.java:319)
	at com.kms.katalon.core.main.TestCaseExecutor.processExecutionPhase(TestCaseExecutor.java:298)
	at com.kms.katalon.core.main.TestCaseExecutor.accessMainPhase(TestCaseExecutor.java:290)
	at com.kms.katalon.core.main.TestCaseExecutor.execute(TestCaseExecutor.java:224)
	at com.kms.katalon.core.main.TestSuiteExecutor.accessTestCaseMainPhase(TestSuiteExecutor.java:129)
	at com.kms.katalon.core.main.TestSuiteExecutor.accessTestSuiteMainPhase(TestSuiteExecutor.java:112)
	at com.kms.katalon.core.main.TestSuiteExecutor.execute(TestSuiteExecutor.java:81)
	at com.kms.katalon.core.main.TestCaseMain.startTestSuite(TestCaseMain.java:149)
	at com.kms.katalon.core.main.TestCaseMain$startTestSuite$0.call(Unknown Source)
	at TempTestSuite1550476757023.run(TempTestSuite1550476757023.groovy:36)
"/>
         <system-out><![CDATA[2019-02-18 16:11:14 - [TEST_CASE][FAILED] - Test Cases/All TC/Arranged/0. Full Flow/Submit Form 7 (General) - Case Reassignment Cross Branch SEIO: Test Cases/All TC/Arranged/0. Full Flow/Submit Form 7 (General) - Case Reassignment Cross Branch SEIO FAILED.
Reason:
com.kms.katalon.core.exception.StepFailedException: Unable to click on object 'Object Repository/ZhiHao/General_User_Submit_form 7/GN_Application_Reg/Page_PERKESO/select_pejabat_perkeso' (Root cause: org.openqa.selenium.UnhandledAlertException: unexpected alert open: {Alert text : HARAP MAKLUM

PERMOHONAN FAEDAH SIP TELAH DIBUAT BAGI PEKERJAAN INI. MOHON MENYEMAK SEMULA STATUS PERMOHONAN BAGI TUNTUTAN FAEDAH TERSEBUT}
  (Session info: chrome=72.0.3626.109)
  (Driver info: chromedriver=2.43.600210 (68dcf5eebde37173d4027fa8635e332711d2874a),platform=Windows NT 6.1.7601 SP1 x86_64) (WARNING: The server did not provide any stacktrace information)
Command duration or timeout: 0 milliseconds: null
Build info: version: '3.7.1', revision: '8a0099a', time: '2017-11-06T21:07:36.161Z'
System info: host: 'WIN7TEST02', ip: '10.20.3.72', os.name: 'Windows 7', os.arch: 'amd64', os.version: '6.1', java.version: '1.8.0_181'
Driver info: com.kms.katalon.selenium.driver.CChromeDriver
Capabilities {acceptInsecureCerts: false, acceptSslCerts: false, applicationCacheEnabled: false, browserConnectionEnabled: false, browserName: chrome, chrome: {chromedriverVersion: 2.43.600210 (68dcf5eebde371..., userDataDir: C:\Users\Admin\AppData\Loca...}, cssSelectorsEnabled: true, databaseEnabled: false, goog:chromeOptions: {debuggerAddress: localhost:64774}, handlesAlerts: true, hasTouchScreen: false, javascriptEnabled: true, locationContextEnabled: true, mobileEmulationEnabled: false, nativeEvents: true, networkConnectionEnabled: false, pageLoadStrategy: normal, platform: XP, platformName: XP, rotatable: false, setWindowRect: true, takesHeapSnapshot: true, takesScreenshot: true, unexpectedAlertBehaviour: , unhandledPromptBehavior: , version: 72.0.3626.109, webStorageEnabled: true}
Session ID: 2ee3a255d32a68bf28bff7f62466c3e4
*** Element info: {Using=xpath, value=//select[@id = 'perkesoOfficeId' and @name = 'perkesoOfficeId' and (text() = '
										--Sila Pilih--
										
											Pejabat PERKESO Batu Pahat
										
											Pejabat PERKESO Beaufort
										
											Pejabat PERKESO Bentong
										
											Pejabat PERKESO Bintulu
										
											Pejabat PERKESO Dungun
										
											Pejabat PERKESO Georgetown
										
											Pejabat PERKESO Kajang
										
											Pejabat PERKESO Kapit
										
											Pejabat PERKESO Kemaman
										
											Pejabat PERKESO Keningau
										
											Pejabat PERKESO Klang
										
											Pejabat PERKESO Kluang
										
											Pejabat PERKESO Kota Marudu
										
											Pejabat PERKESO Kuala Kangsar
										
											Pejabat PERKESO Kuala Krai
										
											Pejabat PERKESO Kuala Pilah
										
											Pejabat PERKESO Kulim
										
											Pejabat PERKESO Labuan
										
											Pejabat PERKESO Lahad Datu
										
											Pejabat PERKESO Langkawi
										
											Pejabat PERKESO Limbang
										
											Pejabat PERKESO Miri
										
											Pejabat PERKESO Muar
										
											Pejabat PERKESO Mukah
										
											Pejabat PERKESO Negeri Johor
										
											Pejabat PERKESO Negeri Kedah
										
											Pejabat PERKESO Negeri Kelantan
										
											Pejabat PERKESO Negeri Melaka
										
											Pejabat PERKESO Negeri Pahang
										
											Pejabat PERKESO Negeri Perak
										
											Pejabat PERKESO Negeri Perlis
										
											Pejabat PERKESO Negeri Pulau Pinang
										
											Pejabat PERKESO Negeri Sabah
										
											Pejabat PERKESO Negeri Sarawak
										
											Pejabat PERKESO Negeri Selangor
										
											Pejabat PERKESO Negeri Sembilan
										
											Pejabat PERKESO Negeri Terengganu
										
											Pejabat PERKESO Negeri W.P Kuala Lumpur
										
											Pejabat PERKESO Rawang
										
											Pejabat PERKESO Sandakan
										
											Pejabat PERKESO Sarikei
										
											Pejabat PERKESO Segamat
										
											Pejabat PERKESO Serian
										
											Pejabat PERKESO Sibu
										
											Pejabat PERKESO Sri Aman
										
											Pejabat PERKESO Sri Manjung
										
											Pejabat PERKESO Sungai Petani
										
											Pejabat PERKESO Taiping
										
											Pejabat PERKESO Tanjung Karang
										
											Pejabat PERKESO Tapah
										
											Pejabat PERKESO Tawau
										
											Pejabat PERKESO Teluk Intan
										
											Pejabat PERKESO Temerloh
										
									' or . = '
										--Sila Pilih--
										
											Pejabat PERKESO Batu Pahat
										
											Pejabat PERKESO Beaufort
										
											Pejabat PERKESO Bentong
										
											Pejabat PERKESO Bintulu
										
											Pejabat PERKESO Dungun
										
											Pejabat PERKESO Georgetown
										
											Pejabat PERKESO Kajang
										
											Pejabat PERKESO Kapit
										
											Pejabat PERKESO Kemaman
										
											Pejabat PERKESO Keningau
										
											Pejabat PERKESO Klang
										
											Pejabat PERKESO Kluang
										
											Pejabat PERKESO Kota Marudu
										
											Pejabat PERKESO Kuala Kangsar
										
											Pejabat PERKESO Kuala Krai
										
											Pejabat PERKESO Kuala Pilah
										
											Pejabat PERKESO Kulim
										
											Pejabat PERKESO Labuan
										
											Pejabat PERKESO Lahad Datu
										
											Pejabat PERKESO Langkawi
										
											Pejabat PERKESO Limbang
										
											Pejabat PERKESO Miri
										
											Pejabat PERKESO Muar
										
											Pejabat PERKESO Mukah
										
											Pejabat PERKESO Negeri Johor
										
											Pejabat PERKESO Negeri Kedah
										
											Pejabat PERKESO Negeri Kelantan
										
											Pejabat PERKESO Negeri Melaka
										
											Pejabat PERKESO Negeri Pahang
										
											Pejabat PERKESO Negeri Perak
										
											Pejabat PERKESO Negeri Perlis
										
											Pejabat PERKESO Negeri Pulau Pinang
										
											Pejabat PERKESO Negeri Sabah
										
											Pejabat PERKESO Negeri Sarawak
										
											Pejabat PERKESO Negeri Selangor
										
											Pejabat PERKESO Negeri Sembilan
										
											Pejabat PERKESO Negeri Terengganu
										
											Pejabat PERKESO Negeri W.P Kuala Lumpur
										
											Pejabat PERKESO Rawang
										
											Pejabat PERKESO Sandakan
										
											Pejabat PERKESO Sarikei
										
											Pejabat PERKESO Segamat
										
											Pejabat PERKESO Serian
										
											Pejabat PERKESO Sibu
										
											Pejabat PERKESO Sri Aman
										
											Pejabat PERKESO Sri Manjung
										
											Pejabat PERKESO Sungai Petani
										
											Pejabat PERKESO Taiping
										
											Pejabat PERKESO Tanjung Karang
										
											Pejabat PERKESO Tapah
										
											Pejabat PERKESO Tawau
										
											Pejabat PERKESO Teluk Intan
										
											Pejabat PERKESO Temerloh
										
									')]})
	at com.kms.katalon.core.keyword.internal.KeywordMain.stepFailed(KeywordMain.groovy:36)
	at com.kms.katalon.core.webui.keyword.internal.WebUIKeywordMain.stepFailed(WebUIKeywordMain.groovy:65)
	at com.kms.katalon.core.webui.keyword.internal.WebUIKeywordMain.runKeyword(WebUIKeywordMain.groovy:27)
	at com.kms.katalon.core.webui.keyword.builtin.ClickKeyword.click(ClickKeyword.groovy:86)
	at com.kms.katalon.core.webui.keyword.builtin.ClickKeyword.execute(ClickKeyword.groovy:67)
	at com.kms.katalon.core.keyword.internal.KeywordExecutor.executeKeywordForPlatform(KeywordExecutor.groovy:53)
	at com.kms.katalon.core.webui.keyword.WebUiBuiltInKeywords.click(WebUiBuiltInKeywords.groovy:616)
	at com.kms.katalon.core.webui.keyword.WebUiBuiltInKeywords$click$3.call(Unknown Source)
	at GN_Application_Reg.run(GN_Application_Reg:48)
	at com.kms.katalon.core.main.ScriptEngine.run(ScriptEngine.java:194)
	at com.kms.katalon.core.main.ScriptEngine.runScriptAsRawText(ScriptEngine.java:119)
	at com.kms.katalon.core.main.TestCaseExecutor.runScript(TestCaseExecutor.java:328)
	at com.kms.katalon.core.main.TestCaseExecutor.doExecute(TestCaseExecutor.java:319)
	at com.kms.katalon.core.main.TestCaseExecutor.processExecutionPhase(TestCaseExecutor.java:298)
	at com.kms.katalon.core.main.TestCaseExecutor.accessMainPhase(TestCaseExecutor.java:290)
	at com.kms.katalon.core.main.TestCaseExecutor.execute(TestCaseExecutor.java:224)
	at com.kms.katalon.core.main.TestCaseMain.runTestCase(TestCaseMain.java:106)
	at com.kms.katalon.core.keyword.builtin.CallTestCaseKeyword$_callTestCase_closure1.doCall(CallTestCaseKeyword.groovy:59)
	at com.kms.katalon.core.keyword.builtin.CallTestCaseKeyword$_callTestCase_closure1.call(CallTestCaseKeyword.groovy)
	at com.kms.katalon.core.keyword.internal.KeywordMain.runKeyword(KeywordMain.groovy:54)
	at com.kms.katalon.core.keyword.builtin.CallTestCaseKeyword.callTestCase(CallTestCaseKeyword.groovy:80)
	at com.kms.katalon.core.keyword.builtin.CallTestCaseKeyword.execute(CallTestCaseKeyword.groovy:44)
	at com.kms.katalon.core.keyword.internal.KeywordExecutor.executeKeywordForPlatform(KeywordExecutor.groovy:53)
	at com.kms.katalon.core.keyword.BuiltinKeywords.callTestCase(BuiltinKeywords.groovy:334)
	at GN_Submit Form 7_End to End.run(GN_Submit Form 7_End to End:16)
	at com.kms.katalon.core.main.ScriptEngine.run(ScriptEngine.java:194)
	at com.kms.katalon.core.main.ScriptEngine.runScriptAsRawText(ScriptEngine.java:119)
	at com.kms.katalon.core.main.TestCaseExecutor.runScript(TestCaseExecutor.java:328)
	at com.kms.katalon.core.main.TestCaseExecutor.doExecute(TestCaseExecutor.java:319)
	at com.kms.katalon.core.main.TestCaseExecutor.processExecutionPhase(TestCaseExecutor.java:298)
	at com.kms.katalon.core.main.TestCaseExecutor.accessMainPhase(TestCaseExecutor.java:290)
	at com.kms.katalon.core.main.TestCaseExecutor.execute(TestCaseExecutor.java:224)
	at com.kms.katalon.core.main.TestCaseMain.runTestCase(TestCaseMain.java:106)
	at com.kms.katalon.core.keyword.builtin.CallTestCaseKeyword$_callTestCase_closure1.doCall(CallTestCaseKeyword.groovy:59)
	at com.kms.katalon.core.keyword.builtin.CallTestCaseKeyword$_callTestCase_closure1.call(CallTestCaseKeyword.groovy)
	at com.kms.katalon.core.keyword.internal.KeywordMain.runKeyword(KeywordMain.groovy:54)
	at com.kms.katalon.core.keyword.builtin.CallTestCaseKeyword.callTestCase(CallTestCaseKeyword.groovy:80)
	at com.kms.katalon.core.keyword.builtin.CallTestCaseKeyword.execute(CallTestCaseKeyword.groovy:44)
	at com.kms.katalon.core.keyword.internal.KeywordExecutor.executeKeywordForPlatform(KeywordExecutor.groovy:53)
	at com.kms.katalon.core.keyword.BuiltinKeywords.callTestCase(BuiltinKeywords.groovy:334)
	at Submit Form 7 (General) - Case Reassignment Cross Branch SEIO.run(Submit Form 7 (General) - Case Reassignment Cross Branch SEIO:16)
	at com.kms.katalon.core.main.ScriptEngine.run(ScriptEngine.java:194)
	at com.kms.katalon.core.main.ScriptEngine.runScriptAsRawText(ScriptEngine.java:119)
	at com.kms.katalon.core.main.TestCaseExecutor.runScript(TestCaseExecutor.java:328)
	at com.kms.katalon.core.main.TestCaseExecutor.doExecute(TestCaseExecutor.java:319)
	at com.kms.katalon.core.main.TestCaseExecutor.processExecutionPhase(TestCaseExecutor.java:298)
	at com.kms.katalon.core.main.TestCaseExecutor.accessMainPhase(TestCaseExecutor.java:290)
	at com.kms.katalon.core.main.TestCaseExecutor.execute(TestCaseExecutor.java:224)
	at com.kms.katalon.core.main.TestSuiteExecutor.accessTestCaseMainPhase(TestSuiteExecutor.java:129)
	at com.kms.katalon.core.main.TestSuiteExecutor.accessTestSuiteMainPhase(TestSuiteExecutor.java:112)
	at com.kms.katalon.core.main.TestSuiteExecutor.execute(TestSuiteExecutor.java:81)
	at com.kms.katalon.core.main.TestCaseMain.startTestSuite(TestCaseMain.java:149)
	at com.kms.katalon.core.main.TestCaseMain$startTestSuite$0.call(Unknown Source)
	at TempTestSuite1550476757023.run(TempTestSuite1550476757023.groovy:36)


2019-02-18 16:11:14 - [TEST_STEP][FAILED] - callTestCase(findTestCase("All TC/Arranged/2. Segment/GN_Submit Form 7_End to End"), [:], STOP_ON_FAILURE): callTestCase(findTestCase("All TC/Arranged/2. Segment/GN_Submit Form 7_End to End"), [:], STOP_ON_FAILURE) FAILED.
Reason:
com.kms.katalon.core.exception.StepFailedException: Unable to click on object 'Object Repository/ZhiHao/General_User_Submit_form 7/GN_Application_Reg/Page_PERKESO/select_pejabat_perkeso' (Root cause: org.openqa.selenium.UnhandledAlertException: unexpected alert open: {Alert text : HARAP MAKLUM

PERMOHONAN FAEDAH SIP TELAH DIBUAT BAGI PEKERJAAN INI. MOHON MENYEMAK SEMULA STATUS PERMOHONAN BAGI TUNTUTAN FAEDAH TERSEBUT}
  (Session info: chrome=72.0.3626.109)
  (Driver info: chromedriver=2.43.600210 (68dcf5eebde37173d4027fa8635e332711d2874a),platform=Windows NT 6.1.7601 SP1 x86_64) (WARNING: The server did not provide any stacktrace information)
Command duration or timeout: 0 milliseconds: null
Build info: version: '3.7.1', revision: '8a0099a', time: '2017-11-06T21:07:36.161Z'
System info: host: 'WIN7TEST02', ip: '10.20.3.72', os.name: 'Windows 7', os.arch: 'amd64', os.version: '6.1', java.version: '1.8.0_181'
Driver info: com.kms.katalon.selenium.driver.CChromeDriver
Capabilities {acceptInsecureCerts: false, acceptSslCerts: false, applicationCacheEnabled: false, browserConnectionEnabled: false, browserName: chrome, chrome: {chromedriverVersion: 2.43.600210 (68dcf5eebde371..., userDataDir: C:\Users\Admin\AppData\Loca...}, cssSelectorsEnabled: true, databaseEnabled: false, goog:chromeOptions: {debuggerAddress: localhost:64774}, handlesAlerts: true, hasTouchScreen: false, javascriptEnabled: true, locationContextEnabled: true, mobileEmulationEnabled: false, nativeEvents: true, networkConnectionEnabled: false, pageLoadStrategy: normal, platform: XP, platformName: XP, rotatable: false, setWindowRect: true, takesHeapSnapshot: true, takesScreenshot: true, unexpectedAlertBehaviour: , unhandledPromptBehavior: , version: 72.0.3626.109, webStorageEnabled: true}
Session ID: 2ee3a255d32a68bf28bff7f62466c3e4
*** Element info: {Using=xpath, value=//select[@id = 'perkesoOfficeId' and @name = 'perkesoOfficeId' and (text() = '
										--Sila Pilih--
										
											Pejabat PERKESO Batu Pahat
										
											Pejabat PERKESO Beaufort
										
											Pejabat PERKESO Bentong
										
											Pejabat PERKESO Bintulu
										
											Pejabat PERKESO Dungun
										
											Pejabat PERKESO Georgetown
										
											Pejabat PERKESO Kajang
										
											Pejabat PERKESO Kapit
										
											Pejabat PERKESO Kemaman
										
											Pejabat PERKESO Keningau
										
											Pejabat PERKESO Klang
										
											Pejabat PERKESO Kluang
										
											Pejabat PERKESO Kota Marudu
										
											Pejabat PERKESO Kuala Kangsar
										
											Pejabat PERKESO Kuala Krai
										
											Pejabat PERKESO Kuala Pilah
										
											Pejabat PERKESO Kulim
										
											Pejabat PERKESO Labuan
										
											Pejabat PERKESO Lahad Datu
										
											Pejabat PERKESO Langkawi
										
											Pejabat PERKESO Limbang
										
											Pejabat PERKESO Miri
										
											Pejabat PERKESO Muar
										
											Pejabat PERKESO Mukah
										
											Pejabat PERKESO Negeri Johor
										
											Pejabat PERKESO Negeri Kedah
										
											Pejabat PERKESO Negeri Kelantan
										
											Pejabat PERKESO Negeri Melaka
										
											Pejabat PERKESO Negeri Pahang
										
											Pejabat PERKESO Negeri Perak
										
											Pejabat PERKESO Negeri Perlis
										
											Pejabat PERKESO Negeri Pulau Pinang
										
											Pejabat PERKESO Negeri Sabah
										
											Pejabat PERKESO Negeri Sarawak
										
											Pejabat PERKESO Negeri Selangor
										
											Pejabat PERKESO Negeri Sembilan
										
											Pejabat PERKESO Negeri Terengganu
										
											Pejabat PERKESO Negeri W.P Kuala Lumpur
										
											Pejabat PERKESO Rawang
										
											Pejabat PERKESO Sandakan
										
											Pejabat PERKESO Sarikei
										
											Pejabat PERKESO Segamat
										
											Pejabat PERKESO Serian
										
											Pejabat PERKESO Sibu
										
											Pejabat PERKESO Sri Aman
										
											Pejabat PERKESO Sri Manjung
										
											Pejabat PERKESO Sungai Petani
										
											Pejabat PERKESO Taiping
										
											Pejabat PERKESO Tanjung Karang
										
											Pejabat PERKESO Tapah
										
											Pejabat PERKESO Tawau
										
											Pejabat PERKESO Teluk Intan
										
											Pejabat PERKESO Temerloh
										
									' or . = '
										--Sila Pilih--
										
											Pejabat PERKESO Batu Pahat
										
											Pejabat PERKESO Beaufort
										
											Pejabat PERKESO Bentong
										
											Pejabat PERKESO Bintulu
										
											Pejabat PERKESO Dungun
										
											Pejabat PERKESO Georgetown
										
											Pejabat PERKESO Kajang
										
											Pejabat PERKESO Kapit
										
											Pejabat PERKESO Kemaman
										
											Pejabat PERKESO Keningau
										
											Pejabat PERKESO Klang
										
											Pejabat PERKESO Kluang
										
											Pejabat PERKESO Kota Marudu
										
											Pejabat PERKESO Kuala Kangsar
										
											Pejabat PERKESO Kuala Krai
										
											Pejabat PERKESO Kuala Pilah
										
											Pejabat PERKESO Kulim
										
											Pejabat PERKESO Labuan
										
											Pejabat PERKESO Lahad Datu
										
											Pejabat PERKESO Langkawi
										
											Pejabat PERKESO Limbang
										
											Pejabat PERKESO Miri
										
											Pejabat PERKESO Muar
										
											Pejabat PERKESO Mukah
										
											Pejabat PERKESO Negeri Johor
										
											Pejabat PERKESO Negeri Kedah
										
											Pejabat PERKESO Negeri Kelantan
										
											Pejabat PERKESO Negeri Melaka
										
											Pejabat PERKESO Negeri Pahang
										
											Pejabat PERKESO Negeri Perak
										
											Pejabat PERKESO Negeri Perlis
										
											Pejabat PERKESO Negeri Pulau Pinang
										
											Pejabat PERKESO Negeri Sabah
										
											Pejabat PERKESO Negeri Sarawak
										
											Pejabat PERKESO Negeri Selangor
										
											Pejabat PERKESO Negeri Sembilan
										
											Pejabat PERKESO Negeri Terengganu
										
											Pejabat PERKESO Negeri W.P Kuala Lumpur
										
											Pejabat PERKESO Rawang
										
											Pejabat PERKESO Sandakan
										
											Pejabat PERKESO Sarikei
										
											Pejabat PERKESO Segamat
										
											Pejabat PERKESO Serian
										
											Pejabat PERKESO Sibu
										
											Pejabat PERKESO Sri Aman
										
											Pejabat PERKESO Sri Manjung
										
											Pejabat PERKESO Sungai Petani
										
											Pejabat PERKESO Taiping
										
											Pejabat PERKESO Tanjung Karang
										
											Pejabat PERKESO Tapah
										
											Pejabat PERKESO Tawau
										
											Pejabat PERKESO Teluk Intan
										
											Pejabat PERKESO Temerloh
										
									')]})
	at com.kms.katalon.core.keyword.internal.KeywordMain.stepFailed(KeywordMain.groovy:36)
	at com.kms.katalon.core.webui.keyword.internal.WebUIKeywordMain.stepFailed(WebUIKeywordMain.groovy:65)
	at com.kms.katalon.core.webui.keyword.internal.WebUIKeywordMain.runKeyword(WebUIKeywordMain.groovy:27)
	at com.kms.katalon.core.webui.keyword.builtin.ClickKeyword.click(ClickKeyword.groovy:86)
	at com.kms.katalon.core.webui.keyword.builtin.ClickKeyword.execute(ClickKeyword.groovy:67)
	at com.kms.katalon.core.keyword.internal.KeywordExecutor.executeKeywordForPlatform(KeywordExecutor.groovy:53)
	at com.kms.katalon.core.webui.keyword.WebUiBuiltInKeywords.click(WebUiBuiltInKeywords.groovy:616)
	at com.kms.katalon.core.webui.keyword.WebUiBuiltInKeywords$click$3.call(Unknown Source)
	at GN_Application_Reg.run(GN_Application_Reg:48)
	at com.kms.katalon.core.main.ScriptEngine.run(ScriptEngine.java:194)
	at com.kms.katalon.core.main.ScriptEngine.runScriptAsRawText(ScriptEngine.java:119)
	at com.kms.katalon.core.main.TestCaseExecutor.runScript(TestCaseExecutor.java:328)
	at com.kms.katalon.core.main.TestCaseExecutor.doExecute(TestCaseExecutor.java:319)
	at com.kms.katalon.core.main.TestCaseExecutor.processExecutionPhase(TestCaseExecutor.java:298)
	at com.kms.katalon.core.main.TestCaseExecutor.accessMainPhase(TestCaseExecutor.java:290)
	at com.kms.katalon.core.main.TestCaseExecutor.execute(TestCaseExecutor.java:224)
	at com.kms.katalon.core.main.TestCaseMain.runTestCase(TestCaseMain.java:106)
	at com.kms.katalon.core.keyword.builtin.CallTestCaseKeyword$_callTestCase_closure1.doCall(CallTestCaseKeyword.groovy:59)
	at com.kms.katalon.core.keyword.builtin.CallTestCaseKeyword$_callTestCase_closure1.call(CallTestCaseKeyword.groovy)
	at com.kms.katalon.core.keyword.internal.KeywordMain.runKeyword(KeywordMain.groovy:54)
	at com.kms.katalon.core.keyword.builtin.CallTestCaseKeyword.callTestCase(CallTestCaseKeyword.groovy:80)
	at com.kms.katalon.core.keyword.builtin.CallTestCaseKeyword.execute(CallTestCaseKeyword.groovy:44)
	at com.kms.katalon.core.keyword.internal.KeywordExecutor.executeKeywordForPlatform(KeywordExecutor.groovy:53)
	at com.kms.katalon.core.keyword.BuiltinKeywords.callTestCase(BuiltinKeywords.groovy:334)
	at GN_Submit Form 7_End to End.run(GN_Submit Form 7_End to End:16)
	at com.kms.katalon.core.main.ScriptEngine.run(ScriptEngine.java:194)
	at com.kms.katalon.core.main.ScriptEngine.runScriptAsRawText(ScriptEngine.java:119)
	at com.kms.katalon.core.main.TestCaseExecutor.runScript(TestCaseExecutor.java:328)
	at com.kms.katalon.core.main.TestCaseExecutor.doExecute(TestCaseExecutor.java:319)
	at com.kms.katalon.core.main.TestCaseExecutor.processExecutionPhase(TestCaseExecutor.java:298)
	at com.kms.katalon.core.main.TestCaseExecutor.accessMainPhase(TestCaseExecutor.java:290)
	at com.kms.katalon.core.main.TestCaseExecutor.execute(TestCaseExecutor.java:224)
	at com.kms.katalon.core.main.TestCaseMain.runTestCase(TestCaseMain.java:106)
	at com.kms.katalon.core.keyword.builtin.CallTestCaseKeyword$_callTestCase_closure1.doCall(CallTestCaseKeyword.groovy:59)
	at com.kms.katalon.core.keyword.builtin.CallTestCaseKeyword$_callTestCase_closure1.call(CallTestCaseKeyword.groovy)
	at com.kms.katalon.core.keyword.internal.KeywordMain.runKeyword(KeywordMain.groovy:54)
	at com.kms.katalon.core.keyword.builtin.CallTestCaseKeyword.callTestCase(CallTestCaseKeyword.groovy:80)
	at com.kms.katalon.core.keyword.builtin.CallTestCaseKeyword.execute(CallTestCaseKeyword.groovy:44)
	at com.kms.katalon.core.keyword.internal.KeywordExecutor.executeKeywordForPlatform(KeywordExecutor.groovy:53)
	at com.kms.katalon.core.keyword.BuiltinKeywords.callTestCase(BuiltinKeywords.groovy:334)
	at Submit Form 7 (General) - Case Reassignment Cross Branch SEIO.run(Submit Form 7 (General) - Case Reassignment Cross Branch SEIO:16)
	at com.kms.katalon.core.main.ScriptEngine.run(ScriptEngine.java:194)
	at com.kms.katalon.core.main.ScriptEngine.runScriptAsRawText(ScriptEngine.java:119)
	at com.kms.katalon.core.main.TestCaseExecutor.runScript(TestCaseExecutor.java:328)
	at com.kms.katalon.core.main.TestCaseExecutor.doExecute(TestCaseExecutor.java:319)
	at com.kms.katalon.core.main.TestCaseExecutor.processExecutionPhase(TestCaseExecutor.java:298)
	at com.kms.katalon.core.main.TestCaseExecutor.accessMainPhase(TestCaseExecutor.java:290)
	at com.kms.katalon.core.main.TestCaseExecutor.execute(TestCaseExecutor.java:224)
	at com.kms.katalon.core.main.TestSuiteExecutor.accessTestCaseMainPhase(TestSuiteExecutor.java:129)
	at com.kms.katalon.core.main.TestSuiteExecutor.accessTestSuiteMainPhase(TestSuiteExecutor.java:112)
	at com.kms.katalon.core.main.TestSuiteExecutor.execute(TestSuiteExecutor.java:81)
	at com.kms.katalon.core.main.TestCaseMain.startTestSuite(TestCaseMain.java:149)
	at com.kms.katalon.core.main.TestCaseMain$startTestSuite$0.call(Unknown Source)
	at TempTestSuite1550476757023.run(TempTestSuite1550476757023.groovy:36)


2019-02-18 16:11:14 - [TEST_CASE][FAILED] - Test Cases/All TC/Arranged/2. Segment/GN_Submit Form 7_End to End: Test Cases/All TC/Arranged/2. Segment/GN_Submit Form 7_End to End FAILED.
Reason:
com.kms.katalon.core.exception.StepFailedException: Unable to click on object 'Object Repository/ZhiHao/General_User_Submit_form 7/GN_Application_Reg/Page_PERKESO/select_pejabat_perkeso' (Root cause: org.openqa.selenium.UnhandledAlertException: unexpected alert open: {Alert text : HARAP MAKLUM

PERMOHONAN FAEDAH SIP TELAH DIBUAT BAGI PEKERJAAN INI. MOHON MENYEMAK SEMULA STATUS PERMOHONAN BAGI TUNTUTAN FAEDAH TERSEBUT}
  (Session info: chrome=72.0.3626.109)
  (Driver info: chromedriver=2.43.600210 (68dcf5eebde37173d4027fa8635e332711d2874a),platform=Windows NT 6.1.7601 SP1 x86_64) (WARNING: The server did not provide any stacktrace information)
Command duration or timeout: 0 milliseconds: null
Build info: version: '3.7.1', revision: '8a0099a', time: '2017-11-06T21:07:36.161Z'
System info: host: 'WIN7TEST02', ip: '10.20.3.72', os.name: 'Windows 7', os.arch: 'amd64', os.version: '6.1', java.version: '1.8.0_181'
Driver info: com.kms.katalon.selenium.driver.CChromeDriver
Capabilities {acceptInsecureCerts: false, acceptSslCerts: false, applicationCacheEnabled: false, browserConnectionEnabled: false, browserName: chrome, chrome: {chromedriverVersion: 2.43.600210 (68dcf5eebde371..., userDataDir: C:\Users\Admin\AppData\Loca...}, cssSelectorsEnabled: true, databaseEnabled: false, goog:chromeOptions: {debuggerAddress: localhost:64774}, handlesAlerts: true, hasTouchScreen: false, javascriptEnabled: true, locationContextEnabled: true, mobileEmulationEnabled: false, nativeEvents: true, networkConnectionEnabled: false, pageLoadStrategy: normal, platform: XP, platformName: XP, rotatable: false, setWindowRect: true, takesHeapSnapshot: true, takesScreenshot: true, unexpectedAlertBehaviour: , unhandledPromptBehavior: , version: 72.0.3626.109, webStorageEnabled: true}
Session ID: 2ee3a255d32a68bf28bff7f62466c3e4
*** Element info: {Using=xpath, value=//select[@id = 'perkesoOfficeId' and @name = 'perkesoOfficeId' and (text() = '
										--Sila Pilih--
										
											Pejabat PERKESO Batu Pahat
										
											Pejabat PERKESO Beaufort
										
											Pejabat PERKESO Bentong
										
											Pejabat PERKESO Bintulu
										
											Pejabat PERKESO Dungun
										
											Pejabat PERKESO Georgetown
										
											Pejabat PERKESO Kajang
										
											Pejabat PERKESO Kapit
										
											Pejabat PERKESO Kemaman
										
											Pejabat PERKESO Keningau
										
											Pejabat PERKESO Klang
										
											Pejabat PERKESO Kluang
										
											Pejabat PERKESO Kota Marudu
										
											Pejabat PERKESO Kuala Kangsar
										
											Pejabat PERKESO Kuala Krai
										
											Pejabat PERKESO Kuala Pilah
										
											Pejabat PERKESO Kulim
										
											Pejabat PERKESO Labuan
										
											Pejabat PERKESO Lahad Datu
										
											Pejabat PERKESO Langkawi
										
											Pejabat PERKESO Limbang
										
											Pejabat PERKESO Miri
										
											Pejabat PERKESO Muar
										
											Pejabat PERKESO Mukah
										
											Pejabat PERKESO Negeri Johor
										
											Pejabat PERKESO Negeri Kedah
										
											Pejabat PERKESO Negeri Kelantan
										
											Pejabat PERKESO Negeri Melaka
										
											Pejabat PERKESO Negeri Pahang
										
											Pejabat PERKESO Negeri Perak
										
											Pejabat PERKESO Negeri Perlis
										
											Pejabat PERKESO Negeri Pulau Pinang
										
											Pejabat PERKESO Negeri Sabah
										
											Pejabat PERKESO Negeri Sarawak
										
											Pejabat PERKESO Negeri Selangor
										
											Pejabat PERKESO Negeri Sembilan
										
											Pejabat PERKESO Negeri Terengganu
										
											Pejabat PERKESO Negeri W.P Kuala Lumpur
										
											Pejabat PERKESO Rawang
										
											Pejabat PERKESO Sandakan
										
											Pejabat PERKESO Sarikei
										
											Pejabat PERKESO Segamat
										
											Pejabat PERKESO Serian
										
											Pejabat PERKESO Sibu
										
											Pejabat PERKESO Sri Aman
										
											Pejabat PERKESO Sri Manjung
										
											Pejabat PERKESO Sungai Petani
										
											Pejabat PERKESO Taiping
										
											Pejabat PERKESO Tanjung Karang
										
											Pejabat PERKESO Tapah
										
											Pejabat PERKESO Tawau
										
											Pejabat PERKESO Teluk Intan
										
											Pejabat PERKESO Temerloh
										
									' or . = '
										--Sila Pilih--
										
											Pejabat PERKESO Batu Pahat
										
											Pejabat PERKESO Beaufort
										
											Pejabat PERKESO Bentong
										
											Pejabat PERKESO Bintulu
										
											Pejabat PERKESO Dungun
										
											Pejabat PERKESO Georgetown
										
											Pejabat PERKESO Kajang
										
											Pejabat PERKESO Kapit
										
											Pejabat PERKESO Kemaman
										
											Pejabat PERKESO Keningau
										
											Pejabat PERKESO Klang
										
											Pejabat PERKESO Kluang
										
											Pejabat PERKESO Kota Marudu
										
											Pejabat PERKESO Kuala Kangsar
										
											Pejabat PERKESO Kuala Krai
										
											Pejabat PERKESO Kuala Pilah
										
											Pejabat PERKESO Kulim
										
											Pejabat PERKESO Labuan
										
											Pejabat PERKESO Lahad Datu
										
											Pejabat PERKESO Langkawi
										
											Pejabat PERKESO Limbang
										
											Pejabat PERKESO Miri
										
											Pejabat PERKESO Muar
										
											Pejabat PERKESO Mukah
										
											Pejabat PERKESO Negeri Johor
										
											Pejabat PERKESO Negeri Kedah
										
											Pejabat PERKESO Negeri Kelantan
										
											Pejabat PERKESO Negeri Melaka
										
											Pejabat PERKESO Negeri Pahang
										
											Pejabat PERKESO Negeri Perak
										
											Pejabat PERKESO Negeri Perlis
										
											Pejabat PERKESO Negeri Pulau Pinang
										
											Pejabat PERKESO Negeri Sabah
										
											Pejabat PERKESO Negeri Sarawak
										
											Pejabat PERKESO Negeri Selangor
										
											Pejabat PERKESO Negeri Sembilan
										
											Pejabat PERKESO Negeri Terengganu
										
											Pejabat PERKESO Negeri W.P Kuala Lumpur
										
											Pejabat PERKESO Rawang
										
											Pejabat PERKESO Sandakan
										
											Pejabat PERKESO Sarikei
										
											Pejabat PERKESO Segamat
										
											Pejabat PERKESO Serian
										
											Pejabat PERKESO Sibu
										
											Pejabat PERKESO Sri Aman
										
											Pejabat PERKESO Sri Manjung
										
											Pejabat PERKESO Sungai Petani
										
											Pejabat PERKESO Taiping
										
											Pejabat PERKESO Tanjung Karang
										
											Pejabat PERKESO Tapah
										
											Pejabat PERKESO Tawau
										
											Pejabat PERKESO Teluk Intan
										
											Pejabat PERKESO Temerloh
										
									')]})
	at com.kms.katalon.core.keyword.internal.KeywordMain.stepFailed(KeywordMain.groovy:36)
	at com.kms.katalon.core.webui.keyword.internal.WebUIKeywordMain.stepFailed(WebUIKeywordMain.groovy:65)
	at com.kms.katalon.core.webui.keyword.internal.WebUIKeywordMain.runKeyword(WebUIKeywordMain.groovy:27)
	at com.kms.katalon.core.webui.keyword.builtin.ClickKeyword.click(ClickKeyword.groovy:86)
	at com.kms.katalon.core.webui.keyword.builtin.ClickKeyword.execute(ClickKeyword.groovy:67)
	at com.kms.katalon.core.keyword.internal.KeywordExecutor.executeKeywordForPlatform(KeywordExecutor.groovy:53)
	at com.kms.katalon.core.webui.keyword.WebUiBuiltInKeywords.click(WebUiBuiltInKeywords.groovy:616)
	at com.kms.katalon.core.webui.keyword.WebUiBuiltInKeywords$click$3.call(Unknown Source)
	at GN_Application_Reg.run(GN_Application_Reg:48)
	at com.kms.katalon.core.main.ScriptEngine.run(ScriptEngine.java:194)
	at com.kms.katalon.core.main.ScriptEngine.runScriptAsRawText(ScriptEngine.java:119)
	at com.kms.katalon.core.main.TestCaseExecutor.runScript(TestCaseExecutor.java:328)
	at com.kms.katalon.core.main.TestCaseExecutor.doExecute(TestCaseExecutor.java:319)
	at com.kms.katalon.core.main.TestCaseExecutor.processExecutionPhase(TestCaseExecutor.java:298)
	at com.kms.katalon.core.main.TestCaseExecutor.accessMainPhase(TestCaseExecutor.java:290)
	at com.kms.katalon.core.main.TestCaseExecutor.execute(TestCaseExecutor.java:224)
	at com.kms.katalon.core.main.TestCaseMain.runTestCase(TestCaseMain.java:106)
	at com.kms.katalon.core.keyword.builtin.CallTestCaseKeyword$_callTestCase_closure1.doCall(CallTestCaseKeyword.groovy:59)
	at com.kms.katalon.core.keyword.builtin.CallTestCaseKeyword$_callTestCase_closure1.call(CallTestCaseKeyword.groovy)
	at com.kms.katalon.core.keyword.internal.KeywordMain.runKeyword(KeywordMain.groovy:54)
	at com.kms.katalon.core.keyword.builtin.CallTestCaseKeyword.callTestCase(CallTestCaseKeyword.groovy:80)
	at com.kms.katalon.core.keyword.builtin.CallTestCaseKeyword.execute(CallTestCaseKeyword.groovy:44)
	at com.kms.katalon.core.keyword.internal.KeywordExecutor.executeKeywordForPlatform(KeywordExecutor.groovy:53)
	at com.kms.katalon.core.keyword.BuiltinKeywords.callTestCase(BuiltinKeywords.groovy:334)
	at GN_Submit Form 7_End to End.run(GN_Submit Form 7_End to End:16)
	at com.kms.katalon.core.main.ScriptEngine.run(ScriptEngine.java:194)
	at com.kms.katalon.core.main.ScriptEngine.runScriptAsRawText(ScriptEngine.java:119)
	at com.kms.katalon.core.main.TestCaseExecutor.runScript(TestCaseExecutor.java:328)
	at com.kms.katalon.core.main.TestCaseExecutor.doExecute(TestCaseExecutor.java:319)
	at com.kms.katalon.core.main.TestCaseExecutor.processExecutionPhase(TestCaseExecutor.java:298)
	at com.kms.katalon.core.main.TestCaseExecutor.accessMainPhase(TestCaseExecutor.java:290)
	at com.kms.katalon.core.main.TestCaseExecutor.execute(TestCaseExecutor.java:224)
	at com.kms.katalon.core.main.TestCaseMain.runTestCase(TestCaseMain.java:106)
	at com.kms.katalon.core.keyword.builtin.CallTestCaseKeyword$_callTestCase_closure1.doCall(CallTestCaseKeyword.groovy:59)
	at com.kms.katalon.core.keyword.builtin.CallTestCaseKeyword$_callTestCase_closure1.call(CallTestCaseKeyword.groovy)
	at com.kms.katalon.core.keyword.internal.KeywordMain.runKeyword(KeywordMain.groovy:54)
	at com.kms.katalon.core.keyword.builtin.CallTestCaseKeyword.callTestCase(CallTestCaseKeyword.groovy:80)
	at com.kms.katalon.core.keyword.builtin.CallTestCaseKeyword.execute(CallTestCaseKeyword.groovy:44)
	at com.kms.katalon.core.keyword.internal.KeywordExecutor.executeKeywordForPlatform(KeywordExecutor.groovy:53)
	at com.kms.katalon.core.keyword.BuiltinKeywords.callTestCase(BuiltinKeywords.groovy:334)
	at Submit Form 7 (General) - Case Reassignment Cross Branch SEIO.run(Submit Form 7 (General) - Case Reassignment Cross Branch SEIO:16)
	at com.kms.katalon.core.main.ScriptEngine.run(ScriptEngine.java:194)
	at com.kms.katalon.core.main.ScriptEngine.runScriptAsRawText(ScriptEngine.java:119)
	at com.kms.katalon.core.main.TestCaseExecutor.runScript(TestCaseExecutor.java:328)
	at com.kms.katalon.core.main.TestCaseExecutor.doExecute(TestCaseExecutor.java:319)
	at com.kms.katalon.core.main.TestCaseExecutor.processExecutionPhase(TestCaseExecutor.java:298)
	at com.kms.katalon.core.main.TestCaseExecutor.accessMainPhase(TestCaseExecutor.java:290)
	at com.kms.katalon.core.main.TestCaseExecutor.execute(TestCaseExecutor.java:224)
	at com.kms.katalon.core.main.TestSuiteExecutor.accessTestCaseMainPhase(TestSuiteExecutor.java:129)
	at com.kms.katalon.core.main.TestSuiteExecutor.accessTestSuiteMainPhase(TestSuiteExecutor.java:112)
	at com.kms.katalon.core.main.TestSuiteExecutor.execute(TestSuiteExecutor.java:81)
	at com.kms.katalon.core.main.TestCaseMain.startTestSuite(TestCaseMain.java:149)
	at com.kms.katalon.core.main.TestCaseMain$startTestSuite$0.call(Unknown Source)
	at TempTestSuite1550476757023.run(TempTestSuite1550476757023.groovy:36)


2019-02-18 16:11:14 - [TEST_STEP][FAILED] - callTestCase(findTestCase("All TC/Arranged/3. Unit/EI/GN submit form 7/GN_Application_Reg"), [:], STOP_ON_FAILURE): callTestCase(findTestCase("All TC/Arranged/3. Unit/EI/GN submit form 7/GN_Application_Reg"), [:], STOP_ON_FAILURE) FAILED.
Reason:
com.kms.katalon.core.exception.StepFailedException: Unable to click on object 'Object Repository/ZhiHao/General_User_Submit_form 7/GN_Application_Reg/Page_PERKESO/select_pejabat_perkeso' (Root cause: org.openqa.selenium.UnhandledAlertException: unexpected alert open: {Alert text : HARAP MAKLUM

PERMOHONAN FAEDAH SIP TELAH DIBUAT BAGI PEKERJAAN INI. MOHON MENYEMAK SEMULA STATUS PERMOHONAN BAGI TUNTUTAN FAEDAH TERSEBUT}
  (Session info: chrome=72.0.3626.109)
  (Driver info: chromedriver=2.43.600210 (68dcf5eebde37173d4027fa8635e332711d2874a),platform=Windows NT 6.1.7601 SP1 x86_64) (WARNING: The server did not provide any stacktrace information)
Command duration or timeout: 0 milliseconds: null
Build info: version: '3.7.1', revision: '8a0099a', time: '2017-11-06T21:07:36.161Z'
System info: host: 'WIN7TEST02', ip: '10.20.3.72', os.name: 'Windows 7', os.arch: 'amd64', os.version: '6.1', java.version: '1.8.0_181'
Driver info: com.kms.katalon.selenium.driver.CChromeDriver
Capabilities {acceptInsecureCerts: false, acceptSslCerts: false, applicationCacheEnabled: false, browserConnectionEnabled: false, browserName: chrome, chrome: {chromedriverVersion: 2.43.600210 (68dcf5eebde371..., userDataDir: C:\Users\Admin\AppData\Loca...}, cssSelectorsEnabled: true, databaseEnabled: false, goog:chromeOptions: {debuggerAddress: localhost:64774}, handlesAlerts: true, hasTouchScreen: false, javascriptEnabled: true, locationContextEnabled: true, mobileEmulationEnabled: false, nativeEvents: true, networkConnectionEnabled: false, pageLoadStrategy: normal, platform: XP, platformName: XP, rotatable: false, setWindowRect: true, takesHeapSnapshot: true, takesScreenshot: true, unexpectedAlertBehaviour: , unhandledPromptBehavior: , version: 72.0.3626.109, webStorageEnabled: true}
Session ID: 2ee3a255d32a68bf28bff7f62466c3e4
*** Element info: {Using=xpath, value=//select[@id = 'perkesoOfficeId' and @name = 'perkesoOfficeId' and (text() = '
										--Sila Pilih--
										
											Pejabat PERKESO Batu Pahat
										
											Pejabat PERKESO Beaufort
										
											Pejabat PERKESO Bentong
										
											Pejabat PERKESO Bintulu
										
											Pejabat PERKESO Dungun
										
											Pejabat PERKESO Georgetown
										
											Pejabat PERKESO Kajang
										
											Pejabat PERKESO Kapit
										
											Pejabat PERKESO Kemaman
										
											Pejabat PERKESO Keningau
										
											Pejabat PERKESO Klang
										
											Pejabat PERKESO Kluang
										
											Pejabat PERKESO Kota Marudu
										
											Pejabat PERKESO Kuala Kangsar
										
											Pejabat PERKESO Kuala Krai
										
											Pejabat PERKESO Kuala Pilah
										
											Pejabat PERKESO Kulim
										
											Pejabat PERKESO Labuan
										
											Pejabat PERKESO Lahad Datu
										
											Pejabat PERKESO Langkawi
										
											Pejabat PERKESO Limbang
										
											Pejabat PERKESO Miri
										
											Pejabat PERKESO Muar
										
											Pejabat PERKESO Mukah
										
											Pejabat PERKESO Negeri Johor
										
											Pejabat PERKESO Negeri Kedah
										
											Pejabat PERKESO Negeri Kelantan
										
											Pejabat PERKESO Negeri Melaka
										
											Pejabat PERKESO Negeri Pahang
										
											Pejabat PERKESO Negeri Perak
										
											Pejabat PERKESO Negeri Perlis
										
											Pejabat PERKESO Negeri Pulau Pinang
										
											Pejabat PERKESO Negeri Sabah
										
											Pejabat PERKESO Negeri Sarawak
										
											Pejabat PERKESO Negeri Selangor
										
											Pejabat PERKESO Negeri Sembilan
										
											Pejabat PERKESO Negeri Terengganu
										
											Pejabat PERKESO Negeri W.P Kuala Lumpur
										
											Pejabat PERKESO Rawang
										
											Pejabat PERKESO Sandakan
										
											Pejabat PERKESO Sarikei
										
											Pejabat PERKESO Segamat
										
											Pejabat PERKESO Serian
										
											Pejabat PERKESO Sibu
										
											Pejabat PERKESO Sri Aman
										
											Pejabat PERKESO Sri Manjung
										
											Pejabat PERKESO Sungai Petani
										
											Pejabat PERKESO Taiping
										
											Pejabat PERKESO Tanjung Karang
										
											Pejabat PERKESO Tapah
										
											Pejabat PERKESO Tawau
										
											Pejabat PERKESO Teluk Intan
										
											Pejabat PERKESO Temerloh
										
									' or . = '
										--Sila Pilih--
										
											Pejabat PERKESO Batu Pahat
										
											Pejabat PERKESO Beaufort
										
											Pejabat PERKESO Bentong
										
											Pejabat PERKESO Bintulu
										
											Pejabat PERKESO Dungun
										
											Pejabat PERKESO Georgetown
										
											Pejabat PERKESO Kajang
										
											Pejabat PERKESO Kapit
										
											Pejabat PERKESO Kemaman
										
											Pejabat PERKESO Keningau
										
											Pejabat PERKESO Klang
										
											Pejabat PERKESO Kluang
										
											Pejabat PERKESO Kota Marudu
										
											Pejabat PERKESO Kuala Kangsar
										
											Pejabat PERKESO Kuala Krai
										
											Pejabat PERKESO Kuala Pilah
										
											Pejabat PERKESO Kulim
										
											Pejabat PERKESO Labuan
										
											Pejabat PERKESO Lahad Datu
										
											Pejabat PERKESO Langkawi
										
											Pejabat PERKESO Limbang
										
											Pejabat PERKESO Miri
										
											Pejabat PERKESO Muar
										
											Pejabat PERKESO Mukah
										
											Pejabat PERKESO Negeri Johor
										
											Pejabat PERKESO Negeri Kedah
										
											Pejabat PERKESO Negeri Kelantan
										
											Pejabat PERKESO Negeri Melaka
										
											Pejabat PERKESO Negeri Pahang
										
											Pejabat PERKESO Negeri Perak
										
											Pejabat PERKESO Negeri Perlis
										
											Pejabat PERKESO Negeri Pulau Pinang
										
											Pejabat PERKESO Negeri Sabah
										
											Pejabat PERKESO Negeri Sarawak
										
											Pejabat PERKESO Negeri Selangor
										
											Pejabat PERKESO Negeri Sembilan
										
											Pejabat PERKESO Negeri Terengganu
										
											Pejabat PERKESO Negeri W.P Kuala Lumpur
										
											Pejabat PERKESO Rawang
										
											Pejabat PERKESO Sandakan
										
											Pejabat PERKESO Sarikei
										
											Pejabat PERKESO Segamat
										
											Pejabat PERKESO Serian
										
											Pejabat PERKESO Sibu
										
											Pejabat PERKESO Sri Aman
										
											Pejabat PERKESO Sri Manjung
										
											Pejabat PERKESO Sungai Petani
										
											Pejabat PERKESO Taiping
										
											Pejabat PERKESO Tanjung Karang
										
											Pejabat PERKESO Tapah
										
											Pejabat PERKESO Tawau
										
											Pejabat PERKESO Teluk Intan
										
											Pejabat PERKESO Temerloh
										
									')]})
	at com.kms.katalon.core.keyword.internal.KeywordMain.stepFailed(KeywordMain.groovy:36)
	at com.kms.katalon.core.webui.keyword.internal.WebUIKeywordMain.stepFailed(WebUIKeywordMain.groovy:65)
	at com.kms.katalon.core.webui.keyword.internal.WebUIKeywordMain.runKeyword(WebUIKeywordMain.groovy:27)
	at com.kms.katalon.core.webui.keyword.builtin.ClickKeyword.click(ClickKeyword.groovy:86)
	at com.kms.katalon.core.webui.keyword.builtin.ClickKeyword.execute(ClickKeyword.groovy:67)
	at com.kms.katalon.core.keyword.internal.KeywordExecutor.executeKeywordForPlatform(KeywordExecutor.groovy:53)
	at com.kms.katalon.core.webui.keyword.WebUiBuiltInKeywords.click(WebUiBuiltInKeywords.groovy:616)
	at com.kms.katalon.core.webui.keyword.WebUiBuiltInKeywords$click$3.call(Unknown Source)
	at GN_Application_Reg.run(GN_Application_Reg:48)
	at com.kms.katalon.core.main.ScriptEngine.run(ScriptEngine.java:194)
	at com.kms.katalon.core.main.ScriptEngine.runScriptAsRawText(ScriptEngine.java:119)
	at com.kms.katalon.core.main.TestCaseExecutor.runScript(TestCaseExecutor.java:328)
	at com.kms.katalon.core.main.TestCaseExecutor.doExecute(TestCaseExecutor.java:319)
	at com.kms.katalon.core.main.TestCaseExecutor.processExecutionPhase(TestCaseExecutor.java:298)
	at com.kms.katalon.core.main.TestCaseExecutor.accessMainPhase(TestCaseExecutor.java:290)
	at com.kms.katalon.core.main.TestCaseExecutor.execute(TestCaseExecutor.java:224)
	at com.kms.katalon.core.main.TestCaseMain.runTestCase(TestCaseMain.java:106)
	at com.kms.katalon.core.keyword.builtin.CallTestCaseKeyword$_callTestCase_closure1.doCall(CallTestCaseKeyword.groovy:59)
	at com.kms.katalon.core.keyword.builtin.CallTestCaseKeyword$_callTestCase_closure1.call(CallTestCaseKeyword.groovy)
	at com.kms.katalon.core.keyword.internal.KeywordMain.runKeyword(KeywordMain.groovy:54)
	at com.kms.katalon.core.keyword.builtin.CallTestCaseKeyword.callTestCase(CallTestCaseKeyword.groovy:80)
	at com.kms.katalon.core.keyword.builtin.CallTestCaseKeyword.execute(CallTestCaseKeyword.groovy:44)
	at com.kms.katalon.core.keyword.internal.KeywordExecutor.executeKeywordForPlatform(KeywordExecutor.groovy:53)
	at com.kms.katalon.core.keyword.BuiltinKeywords.callTestCase(BuiltinKeywords.groovy:334)
	at GN_Submit Form 7_End to End.run(GN_Submit Form 7_End to End:16)
	at com.kms.katalon.core.main.ScriptEngine.run(ScriptEngine.java:194)
	at com.kms.katalon.core.main.ScriptEngine.runScriptAsRawText(ScriptEngine.java:119)
	at com.kms.katalon.core.main.TestCaseExecutor.runScript(TestCaseExecutor.java:328)
	at com.kms.katalon.core.main.TestCaseExecutor.doExecute(TestCaseExecutor.java:319)
	at com.kms.katalon.core.main.TestCaseExecutor.processExecutionPhase(TestCaseExecutor.java:298)
	at com.kms.katalon.core.main.TestCaseExecutor.accessMainPhase(TestCaseExecutor.java:290)
	at com.kms.katalon.core.main.TestCaseExecutor.execute(TestCaseExecutor.java:224)
	at com.kms.katalon.core.main.TestCaseMain.runTestCase(TestCaseMain.java:106)
	at com.kms.katalon.core.keyword.builtin.CallTestCaseKeyword$_callTestCase_closure1.doCall(CallTestCaseKeyword.groovy:59)
	at com.kms.katalon.core.keyword.builtin.CallTestCaseKeyword$_callTestCase_closure1.call(CallTestCaseKeyword.groovy)
	at com.kms.katalon.core.keyword.internal.KeywordMain.runKeyword(KeywordMain.groovy:54)
	at com.kms.katalon.core.keyword.builtin.CallTestCaseKeyword.callTestCase(CallTestCaseKeyword.groovy:80)
	at com.kms.katalon.core.keyword.builtin.CallTestCaseKeyword.execute(CallTestCaseKeyword.groovy:44)
	at com.kms.katalon.core.keyword.internal.KeywordExecutor.executeKeywordForPlatform(KeywordExecutor.groovy:53)
	at com.kms.katalon.core.keyword.BuiltinKeywords.callTestCase(BuiltinKeywords.groovy:334)
	at Submit Form 7 (General) - Case Reassignment Cross Branch SEIO.run(Submit Form 7 (General) - Case Reassignment Cross Branch SEIO:16)
	at com.kms.katalon.core.main.ScriptEngine.run(ScriptEngine.java:194)
	at com.kms.katalon.core.main.ScriptEngine.runScriptAsRawText(ScriptEngine.java:119)
	at com.kms.katalon.core.main.TestCaseExecutor.runScript(TestCaseExecutor.java:328)
	at com.kms.katalon.core.main.TestCaseExecutor.doExecute(TestCaseExecutor.java:319)
	at com.kms.katalon.core.main.TestCaseExecutor.processExecutionPhase(TestCaseExecutor.java:298)
	at com.kms.katalon.core.main.TestCaseExecutor.accessMainPhase(TestCaseExecutor.java:290)
	at com.kms.katalon.core.main.TestCaseExecutor.execute(TestCaseExecutor.java:224)
	at com.kms.katalon.core.main.TestSuiteExecutor.accessTestCaseMainPhase(TestSuiteExecutor.java:129)
	at com.kms.katalon.core.main.TestSuiteExecutor.accessTestSuiteMainPhase(TestSuiteExecutor.java:112)
	at com.kms.katalon.core.main.TestSuiteExecutor.execute(TestSuiteExecutor.java:81)
	at com.kms.katalon.core.main.TestCaseMain.startTestSuite(TestCaseMain.java:149)
	at com.kms.katalon.core.main.TestCaseMain$startTestSuite$0.call(Unknown Source)
	at TempTestSuite1550476757023.run(TempTestSuite1550476757023.groovy:36)


2019-02-18 16:11:14 - [TEST_CASE][FAILED] - Test Cases/All TC/Arranged/3. Unit/EI/GN submit form 7/GN_Application_Reg: Test Cases/All TC/Arranged/3. Unit/EI/GN submit form 7/GN_Application_Reg FAILED.
Reason:
com.kms.katalon.core.exception.StepFailedException: Unable to click on object 'Object Repository/ZhiHao/General_User_Submit_form 7/GN_Application_Reg/Page_PERKESO/select_pejabat_perkeso' (Root cause: org.openqa.selenium.UnhandledAlertException: unexpected alert open: {Alert text : HARAP MAKLUM

PERMOHONAN FAEDAH SIP TELAH DIBUAT BAGI PEKERJAAN INI. MOHON MENYEMAK SEMULA STATUS PERMOHONAN BAGI TUNTUTAN FAEDAH TERSEBUT}
  (Session info: chrome=72.0.3626.109)
  (Driver info: chromedriver=2.43.600210 (68dcf5eebde37173d4027fa8635e332711d2874a),platform=Windows NT 6.1.7601 SP1 x86_64) (WARNING: The server did not provide any stacktrace information)
Command duration or timeout: 0 milliseconds: null
Build info: version: '3.7.1', revision: '8a0099a', time: '2017-11-06T21:07:36.161Z'
System info: host: 'WIN7TEST02', ip: '10.20.3.72', os.name: 'Windows 7', os.arch: 'amd64', os.version: '6.1', java.version: '1.8.0_181'
Driver info: com.kms.katalon.selenium.driver.CChromeDriver
Capabilities {acceptInsecureCerts: false, acceptSslCerts: false, applicationCacheEnabled: false, browserConnectionEnabled: false, browserName: chrome, chrome: {chromedriverVersion: 2.43.600210 (68dcf5eebde371..., userDataDir: C:\Users\Admin\AppData\Loca...}, cssSelectorsEnabled: true, databaseEnabled: false, goog:chromeOptions: {debuggerAddress: localhost:64774}, handlesAlerts: true, hasTouchScreen: false, javascriptEnabled: true, locationContextEnabled: true, mobileEmulationEnabled: false, nativeEvents: true, networkConnectionEnabled: false, pageLoadStrategy: normal, platform: XP, platformName: XP, rotatable: false, setWindowRect: true, takesHeapSnapshot: true, takesScreenshot: true, unexpectedAlertBehaviour: , unhandledPromptBehavior: , version: 72.0.3626.109, webStorageEnabled: true}
Session ID: 2ee3a255d32a68bf28bff7f62466c3e4
*** Element info: {Using=xpath, value=//select[@id = 'perkesoOfficeId' and @name = 'perkesoOfficeId' and (text() = '
										--Sila Pilih--
										
											Pejabat PERKESO Batu Pahat
										
											Pejabat PERKESO Beaufort
										
											Pejabat PERKESO Bentong
										
											Pejabat PERKESO Bintulu
										
											Pejabat PERKESO Dungun
										
											Pejabat PERKESO Georgetown
										
											Pejabat PERKESO Kajang
										
											Pejabat PERKESO Kapit
										
											Pejabat PERKESO Kemaman
										
											Pejabat PERKESO Keningau
										
											Pejabat PERKESO Klang
										
											Pejabat PERKESO Kluang
										
											Pejabat PERKESO Kota Marudu
										
											Pejabat PERKESO Kuala Kangsar
										
											Pejabat PERKESO Kuala Krai
										
											Pejabat PERKESO Kuala Pilah
										
											Pejabat PERKESO Kulim
										
											Pejabat PERKESO Labuan
										
											Pejabat PERKESO Lahad Datu
										
											Pejabat PERKESO Langkawi
										
											Pejabat PERKESO Limbang
										
											Pejabat PERKESO Miri
										
											Pejabat PERKESO Muar
										
											Pejabat PERKESO Mukah
										
											Pejabat PERKESO Negeri Johor
										
											Pejabat PERKESO Negeri Kedah
										
											Pejabat PERKESO Negeri Kelantan
										
											Pejabat PERKESO Negeri Melaka
										
											Pejabat PERKESO Negeri Pahang
										
											Pejabat PERKESO Negeri Perak
										
											Pejabat PERKESO Negeri Perlis
										
											Pejabat PERKESO Negeri Pulau Pinang
										
											Pejabat PERKESO Negeri Sabah
										
											Pejabat PERKESO Negeri Sarawak
										
											Pejabat PERKESO Negeri Selangor
										
											Pejabat PERKESO Negeri Sembilan
										
											Pejabat PERKESO Negeri Terengganu
										
											Pejabat PERKESO Negeri W.P Kuala Lumpur
										
											Pejabat PERKESO Rawang
										
											Pejabat PERKESO Sandakan
										
											Pejabat PERKESO Sarikei
										
											Pejabat PERKESO Segamat
										
											Pejabat PERKESO Serian
										
											Pejabat PERKESO Sibu
										
											Pejabat PERKESO Sri Aman
										
											Pejabat PERKESO Sri Manjung
										
											Pejabat PERKESO Sungai Petani
										
											Pejabat PERKESO Taiping
										
											Pejabat PERKESO Tanjung Karang
										
											Pejabat PERKESO Tapah
										
											Pejabat PERKESO Tawau
										
											Pejabat PERKESO Teluk Intan
										
											Pejabat PERKESO Temerloh
										
									' or . = '
										--Sila Pilih--
										
											Pejabat PERKESO Batu Pahat
										
											Pejabat PERKESO Beaufort
										
											Pejabat PERKESO Bentong
										
											Pejabat PERKESO Bintulu
										
											Pejabat PERKESO Dungun
										
											Pejabat PERKESO Georgetown
										
											Pejabat PERKESO Kajang
										
											Pejabat PERKESO Kapit
										
											Pejabat PERKESO Kemaman
										
											Pejabat PERKESO Keningau
										
											Pejabat PERKESO Klang
										
											Pejabat PERKESO Kluang
										
											Pejabat PERKESO Kota Marudu
										
											Pejabat PERKESO Kuala Kangsar
										
											Pejabat PERKESO Kuala Krai
										
											Pejabat PERKESO Kuala Pilah
										
											Pejabat PERKESO Kulim
										
											Pejabat PERKESO Labuan
										
											Pejabat PERKESO Lahad Datu
										
											Pejabat PERKESO Langkawi
										
											Pejabat PERKESO Limbang
										
											Pejabat PERKESO Miri
										
											Pejabat PERKESO Muar
										
											Pejabat PERKESO Mukah
										
											Pejabat PERKESO Negeri Johor
										
											Pejabat PERKESO Negeri Kedah
										
											Pejabat PERKESO Negeri Kelantan
										
											Pejabat PERKESO Negeri Melaka
										
											Pejabat PERKESO Negeri Pahang
										
											Pejabat PERKESO Negeri Perak
										
											Pejabat PERKESO Negeri Perlis
										
											Pejabat PERKESO Negeri Pulau Pinang
										
											Pejabat PERKESO Negeri Sabah
										
											Pejabat PERKESO Negeri Sarawak
										
											Pejabat PERKESO Negeri Selangor
										
											Pejabat PERKESO Negeri Sembilan
										
											Pejabat PERKESO Negeri Terengganu
										
											Pejabat PERKESO Negeri W.P Kuala Lumpur
										
											Pejabat PERKESO Rawang
										
											Pejabat PERKESO Sandakan
										
											Pejabat PERKESO Sarikei
										
											Pejabat PERKESO Segamat
										
											Pejabat PERKESO Serian
										
											Pejabat PERKESO Sibu
										
											Pejabat PERKESO Sri Aman
										
											Pejabat PERKESO Sri Manjung
										
											Pejabat PERKESO Sungai Petani
										
											Pejabat PERKESO Taiping
										
											Pejabat PERKESO Tanjung Karang
										
											Pejabat PERKESO Tapah
										
											Pejabat PERKESO Tawau
										
											Pejabat PERKESO Teluk Intan
										
											Pejabat PERKESO Temerloh
										
									')]})
	at com.kms.katalon.core.keyword.internal.KeywordMain.stepFailed(KeywordMain.groovy:36)
	at com.kms.katalon.core.webui.keyword.internal.WebUIKeywordMain.stepFailed(WebUIKeywordMain.groovy:65)
	at com.kms.katalon.core.webui.keyword.internal.WebUIKeywordMain.runKeyword(WebUIKeywordMain.groovy:27)
	at com.kms.katalon.core.webui.keyword.builtin.ClickKeyword.click(ClickKeyword.groovy:86)
	at com.kms.katalon.core.webui.keyword.builtin.ClickKeyword.execute(ClickKeyword.groovy:67)
	at com.kms.katalon.core.keyword.internal.KeywordExecutor.executeKeywordForPlatform(KeywordExecutor.groovy:53)
	at com.kms.katalon.core.webui.keyword.WebUiBuiltInKeywords.click(WebUiBuiltInKeywords.groovy:616)
	at com.kms.katalon.core.webui.keyword.WebUiBuiltInKeywords$click$3.call(Unknown Source)
	at GN_Application_Reg.run(GN_Application_Reg:48)
	at com.kms.katalon.core.main.ScriptEngine.run(ScriptEngine.java:194)
	at com.kms.katalon.core.main.ScriptEngine.runScriptAsRawText(ScriptEngine.java:119)
	at com.kms.katalon.core.main.TestCaseExecutor.runScript(TestCaseExecutor.java:328)
	at com.kms.katalon.core.main.TestCaseExecutor.doExecute(TestCaseExecutor.java:319)
	at com.kms.katalon.core.main.TestCaseExecutor.processExecutionPhase(TestCaseExecutor.java:298)
	at com.kms.katalon.core.main.TestCaseExecutor.accessMainPhase(TestCaseExecutor.java:290)
	at com.kms.katalon.core.main.TestCaseExecutor.execute(TestCaseExecutor.java:224)
	at com.kms.katalon.core.main.TestCaseMain.runTestCase(TestCaseMain.java:106)
	at com.kms.katalon.core.keyword.builtin.CallTestCaseKeyword$_callTestCase_closure1.doCall(CallTestCaseKeyword.groovy:59)
	at com.kms.katalon.core.keyword.builtin.CallTestCaseKeyword$_callTestCase_closure1.call(CallTestCaseKeyword.groovy)
	at com.kms.katalon.core.keyword.internal.KeywordMain.runKeyword(KeywordMain.groovy:54)
	at com.kms.katalon.core.keyword.builtin.CallTestCaseKeyword.callTestCase(CallTestCaseKeyword.groovy:80)
	at com.kms.katalon.core.keyword.builtin.CallTestCaseKeyword.execute(CallTestCaseKeyword.groovy:44)
	at com.kms.katalon.core.keyword.internal.KeywordExecutor.executeKeywordForPlatform(KeywordExecutor.groovy:53)
	at com.kms.katalon.core.keyword.BuiltinKeywords.callTestCase(BuiltinKeywords.groovy:334)
	at GN_Submit Form 7_End to End.run(GN_Submit Form 7_End to End:16)
	at com.kms.katalon.core.main.ScriptEngine.run(ScriptEngine.java:194)
	at com.kms.katalon.core.main.ScriptEngine.runScriptAsRawText(ScriptEngine.java:119)
	at com.kms.katalon.core.main.TestCaseExecutor.runScript(TestCaseExecutor.java:328)
	at com.kms.katalon.core.main.TestCaseExecutor.doExecute(TestCaseExecutor.java:319)
	at com.kms.katalon.core.main.TestCaseExecutor.processExecutionPhase(TestCaseExecutor.java:298)
	at com.kms.katalon.core.main.TestCaseExecutor.accessMainPhase(TestCaseExecutor.java:290)
	at com.kms.katalon.core.main.TestCaseExecutor.execute(TestCaseExecutor.java:224)
	at com.kms.katalon.core.main.TestCaseMain.runTestCase(TestCaseMain.java:106)
	at com.kms.katalon.core.keyword.builtin.CallTestCaseKeyword$_callTestCase_closure1.doCall(CallTestCaseKeyword.groovy:59)
	at com.kms.katalon.core.keyword.builtin.CallTestCaseKeyword$_callTestCase_closure1.call(CallTestCaseKeyword.groovy)
	at com.kms.katalon.core.keyword.internal.KeywordMain.runKeyword(KeywordMain.groovy:54)
	at com.kms.katalon.core.keyword.builtin.CallTestCaseKeyword.callTestCase(CallTestCaseKeyword.groovy:80)
	at com.kms.katalon.core.keyword.builtin.CallTestCaseKeyword.execute(CallTestCaseKeyword.groovy:44)
	at com.kms.katalon.core.keyword.internal.KeywordExecutor.executeKeywordForPlatform(KeywordExecutor.groovy:53)
	at com.kms.katalon.core.keyword.BuiltinKeywords.callTestCase(BuiltinKeywords.groovy:334)
	at Submit Form 7 (General) - Case Reassignment Cross Branch SEIO.run(Submit Form 7 (General) - Case Reassignment Cross Branch SEIO:16)
	at com.kms.katalon.core.main.ScriptEngine.run(ScriptEngine.java:194)
	at com.kms.katalon.core.main.ScriptEngine.runScriptAsRawText(ScriptEngine.java:119)
	at com.kms.katalon.core.main.TestCaseExecutor.runScript(TestCaseExecutor.java:328)
	at com.kms.katalon.core.main.TestCaseExecutor.doExecute(TestCaseExecutor.java:319)
	at com.kms.katalon.core.main.TestCaseExecutor.processExecutionPhase(TestCaseExecutor.java:298)
	at com.kms.katalon.core.main.TestCaseExecutor.accessMainPhase(TestCaseExecutor.java:290)
	at com.kms.katalon.core.main.TestCaseExecutor.execute(TestCaseExecutor.java:224)
	at com.kms.katalon.core.main.TestSuiteExecutor.accessTestCaseMainPhase(TestSuiteExecutor.java:129)
	at com.kms.katalon.core.main.TestSuiteExecutor.accessTestSuiteMainPhase(TestSuiteExecutor.java:112)
	at com.kms.katalon.core.main.TestSuiteExecutor.execute(TestSuiteExecutor.java:81)
	at com.kms.katalon.core.main.TestCaseMain.startTestSuite(TestCaseMain.java:149)
	at com.kms.katalon.core.main.TestCaseMain$startTestSuite$0.call(Unknown Source)
	at TempTestSuite1550476757023.run(TempTestSuite1550476757023.groovy:36)


2019-02-18 16:11:14 - [TEST_STEP][PASSED] - openBrowser(""): Browser is opened with url: ''

2019-02-18 16:11:14 - [MESSAGE][WARNING] - A browser is already opened. Closing browser and opening a new one

2019-02-18 16:11:16 - [MESSAGE][INFO] - Starting 'Chrome' driver

2019-02-18 16:11:16 - [MESSAGE][INFO] - User set preference: ['args', '[--start-maximized]']

2019-02-18 16:11:20 - [MESSAGE][PASSED] - Browser is opened with url: ''

2019-02-18 16:11:20 - [TEST_STEP][PASSED] - navigateToUrl(General_Login): Navigate to 'http://10.20.24.188/eisportal/insured/appl/instruction' successfully

2019-02-18 16:11:22 - [MESSAGE][PASSED] - Navigate to 'http://10.20.24.188/eisportal/insured/appl/instruction' successfully

2019-02-18 16:11:22 - [TEST_STEP][PASSED] - click(findTestObject("ZhiHao/General_User_Submit_form 7/GN_Application_Reg/Page_PERKESO/button_Setuju")): Object: 'Object Repository/ZhiHao/General_User_Submit_form 7/GN_Application_Reg/Page_PERKESO/button_Setuju' is clicked on

2019-02-18 16:11:25 - [MESSAGE][PASSED] - Object: 'Object Repository/ZhiHao/General_User_Submit_form 7/GN_Application_Reg/Page_PERKESO/button_Setuju' is clicked on

2019-02-18 16:11:25 - [TEST_STEP][PASSED] - setText(findTestObject("ZhiHao/General_User_Submit_form 7/GN_Application_Reg/Page_PERKESO/input_No. Kad Pengenalan"), "810506145261"): Text '810506145261' is set on object 'Object Repository/ZhiHao/General_User_Submit_form 7/GN_Application_Reg/Page_PERKESO/input_No. Kad Pengenalan'

2019-02-18 16:11:29 - [MESSAGE][PASSED] - Text '810506145261' is set on object 'Object Repository/ZhiHao/General_User_Submit_form 7/GN_Application_Reg/Page_PERKESO/input_No. Kad Pengenalan'

2019-02-18 16:11:29 - [TEST_STEP][PASSED] - click(findTestObject("ZhiHao/General_User_Submit_form 7/GN_Application_Reg/Page_PERKESO/button_Semak")): Object: 'Object Repository/ZhiHao/General_User_Submit_form 7/GN_Application_Reg/Page_PERKESO/button_Semak' is clicked on

2019-02-18 16:11:31 - [MESSAGE][PASSED] - Object: 'Object Repository/ZhiHao/General_User_Submit_form 7/GN_Application_Reg/Page_PERKESO/button_Semak' is clicked on

2019-02-18 16:11:31 - [TEST_STEP][PASSED] - delay(3): Delayed 3 second(s)

2019-02-18 16:11:34 - [MESSAGE][PASSED] - Delayed 3 second(s)

2019-02-18 16:11:34 - [TEST_STEP][PASSED] - click(findTestObject("ZhiHao/General_User_Submit_form 7/GN_Application_Reg/Page_PERKESO/span_Nama Majikan")): Object: 'Object Repository/ZhiHao/General_User_Submit_form 7/GN_Application_Reg/Page_PERKESO/span_Nama Majikan' is clicked on

2019-02-18 16:11:36 - [MESSAGE][PASSED] - Object: 'Object Repository/ZhiHao/General_User_Submit_form 7/GN_Application_Reg/Page_PERKESO/span_Nama Majikan' is clicked on

2019-02-18 16:11:36 - [TEST_STEP][PASSED] - delay(3): Delayed 3 second(s)

2019-02-18 16:11:39 - [MESSAGE][PASSED] - Delayed 3 second(s)

2019-02-18 16:11:39 - [TEST_STEP][PASSED] - setText(findTestObject("ZhiHao/General_User_Submit_form 7/GN_Application_Reg/Page_PERKESO/input_Nama Majikan"), "may"): Text 'may' is set on object 'Object Repository/ZhiHao/General_User_Submit_form 7/GN_Application_Reg/Page_PERKESO/input_Nama Majikan'

2019-02-18 16:11:44 - [MESSAGE][PASSED] - Text 'may' is set on object 'Object Repository/ZhiHao/General_User_Submit_form 7/GN_Application_Reg/Page_PERKESO/input_Nama Majikan'

2019-02-18 16:11:44 - [TEST_STEP][PASSED] - delay(3): Delayed 3 second(s)

2019-02-18 16:11:47 - [MESSAGE][PASSED] - Delayed 3 second(s)

2019-02-18 16:11:47 - [TEST_STEP][PASSED] - click(findTestObject("ZhiHao/General_User_Submit_form 7/GN_Application_Reg/Page_PERKESO/select_MAYBANK INVESTMENT BANK BER")): Object: 'Object Repository/ZhiHao/General_User_Submit_form 7/GN_Application_Reg/Page_PERKESO/select_MAYBANK INVESTMENT BANK BER' is clicked on

2019-02-18 16:11:49 - [MESSAGE][PASSED] - Object: 'Object Repository/ZhiHao/General_User_Submit_form 7/GN_Application_Reg/Page_PERKESO/select_MAYBANK INVESTMENT BANK BER' is clicked on

2019-02-18 16:11:49 - [TEST_STEP][PASSED] - delay(3): Delayed 3 second(s)

2019-02-18 16:11:52 - [MESSAGE][PASSED] - Delayed 3 second(s)

2019-02-18 16:11:52 - [TEST_STEP][PASSED] - click(findTestObject("ZhiHao/General_User_Submit_form 7/GN_Application_Reg/Page_PERKESO/input_Tarikh kehilangan pekerjaan")): Object: 'Object Repository/ZhiHao/General_User_Submit_form 7/GN_Application_Reg/Page_PERKESO/input_Tarikh kehilangan pekerjaan' is clicked on

2019-02-18 16:11:54 - [MESSAGE][PASSED] - Object: 'Object Repository/ZhiHao/General_User_Submit_form 7/GN_Application_Reg/Page_PERKESO/input_Tarikh kehilangan pekerjaan' is clicked on

2019-02-18 16:11:54 - [TEST_STEP][PASSED] - click(findTestObject("ZhiHao/General_User_Submit_form 7/GN_Application_Reg/Page_PERKESO/select_loe_date")): Object: 'Object Repository/ZhiHao/General_User_Submit_form 7/GN_Application_Reg/Page_PERKESO/select_loe_date' is clicked on

2019-02-18 16:11:56 - [MESSAGE][PASSED] - Object: 'Object Repository/ZhiHao/General_User_Submit_form 7/GN_Application_Reg/Page_PERKESO/select_loe_date' is clicked on

2019-02-18 16:11:56 - [TEST_STEP][PASSED] - click(findTestObject("ZhiHao/General_User_Submit_form 7/GN_Application_Reg/Page_PERKESO/button_Mohon")): Object: 'Object Repository/ZhiHao/General_User_Submit_form 7/GN_Application_Reg/Page_PERKESO/button_Mohon' is clicked on

2019-02-18 16:11:58 - [MESSAGE][PASSED] - Object: 'Object Repository/ZhiHao/General_User_Submit_form 7/GN_Application_Reg/Page_PERKESO/button_Mohon' is clicked on

2019-02-18 16:11:58 - [TEST_STEP][PASSED] - delay(3): Delayed 3 second(s)

2019-02-18 16:12:01 - [MESSAGE][PASSED] - Delayed 3 second(s)

2019-02-18 16:12:01 - [TEST_STEP][FAILED] - click(findTestObject("ZhiHao/General_User_Submit_form 7/GN_Application_Reg/Page_PERKESO/select_pejabat_perkeso")): click(findTestObject("ZhiHao/General_User_Submit_form 7/GN_Application_Reg/Page_PERKESO/select_pejabat_perkeso")) FAILED.
Reason:
com.kms.katalon.core.exception.StepFailedException: Unable to click on object 'Object Repository/ZhiHao/General_User_Submit_form 7/GN_Application_Reg/Page_PERKESO/select_pejabat_perkeso' (Root cause: org.openqa.selenium.UnhandledAlertException: unexpected alert open: {Alert text : HARAP MAKLUM

PERMOHONAN FAEDAH SIP TELAH DIBUAT BAGI PEKERJAAN INI. MOHON MENYEMAK SEMULA STATUS PERMOHONAN BAGI TUNTUTAN FAEDAH TERSEBUT}
  (Session info: chrome=72.0.3626.109)
  (Driver info: chromedriver=2.43.600210 (68dcf5eebde37173d4027fa8635e332711d2874a),platform=Windows NT 6.1.7601 SP1 x86_64) (WARNING: The server did not provide any stacktrace information)
Command duration or timeout: 0 milliseconds: null
Build info: version: '3.7.1', revision: '8a0099a', time: '2017-11-06T21:07:36.161Z'
System info: host: 'WIN7TEST02', ip: '10.20.3.72', os.name: 'Windows 7', os.arch: 'amd64', os.version: '6.1', java.version: '1.8.0_181'
Driver info: com.kms.katalon.selenium.driver.CChromeDriver
Capabilities {acceptInsecureCerts: false, acceptSslCerts: false, applicationCacheEnabled: false, browserConnectionEnabled: false, browserName: chrome, chrome: {chromedriverVersion: 2.43.600210 (68dcf5eebde371..., userDataDir: C:\Users\Admin\AppData\Loca...}, cssSelectorsEnabled: true, databaseEnabled: false, goog:chromeOptions: {debuggerAddress: localhost:64774}, handlesAlerts: true, hasTouchScreen: false, javascriptEnabled: true, locationContextEnabled: true, mobileEmulationEnabled: false, nativeEvents: true, networkConnectionEnabled: false, pageLoadStrategy: normal, platform: XP, platformName: XP, rotatable: false, setWindowRect: true, takesHeapSnapshot: true, takesScreenshot: true, unexpectedAlertBehaviour: , unhandledPromptBehavior: , version: 72.0.3626.109, webStorageEnabled: true}
Session ID: 2ee3a255d32a68bf28bff7f62466c3e4
*** Element info: {Using=xpath, value=//select[@id = 'perkesoOfficeId' and @name = 'perkesoOfficeId' and (text() = '
										--Sila Pilih--
										
											Pejabat PERKESO Batu Pahat
										
											Pejabat PERKESO Beaufort
										
											Pejabat PERKESO Bentong
										
											Pejabat PERKESO Bintulu
										
											Pejabat PERKESO Dungun
										
											Pejabat PERKESO Georgetown
										
											Pejabat PERKESO Kajang
										
											Pejabat PERKESO Kapit
										
											Pejabat PERKESO Kemaman
										
											Pejabat PERKESO Keningau
										
											Pejabat PERKESO Klang
										
											Pejabat PERKESO Kluang
										
											Pejabat PERKESO Kota Marudu
										
											Pejabat PERKESO Kuala Kangsar
										
											Pejabat PERKESO Kuala Krai
										
											Pejabat PERKESO Kuala Pilah
										
											Pejabat PERKESO Kulim
										
											Pejabat PERKESO Labuan
										
											Pejabat PERKESO Lahad Datu
										
											Pejabat PERKESO Langkawi
										
											Pejabat PERKESO Limbang
										
											Pejabat PERKESO Miri
										
											Pejabat PERKESO Muar
										
											Pejabat PERKESO Mukah
										
											Pejabat PERKESO Negeri Johor
										
											Pejabat PERKESO Negeri Kedah
										
											Pejabat PERKESO Negeri Kelantan
										
											Pejabat PERKESO Negeri Melaka
										
											Pejabat PERKESO Negeri Pahang
										
											Pejabat PERKESO Negeri Perak
										
											Pejabat PERKESO Negeri Perlis
										
											Pejabat PERKESO Negeri Pulau Pinang
										
											Pejabat PERKESO Negeri Sabah
										
											Pejabat PERKESO Negeri Sarawak
										
											Pejabat PERKESO Negeri Selangor
										
											Pejabat PERKESO Negeri Sembilan
										
											Pejabat PERKESO Negeri Terengganu
										
											Pejabat PERKESO Negeri W.P Kuala Lumpur
										
											Pejabat PERKESO Rawang
										
											Pejabat PERKESO Sandakan
										
											Pejabat PERKESO Sarikei
										
											Pejabat PERKESO Segamat
										
											Pejabat PERKESO Serian
										
											Pejabat PERKESO Sibu
										
											Pejabat PERKESO Sri Aman
										
											Pejabat PERKESO Sri Manjung
										
											Pejabat PERKESO Sungai Petani
										
											Pejabat PERKESO Taiping
										
											Pejabat PERKESO Tanjung Karang
										
											Pejabat PERKESO Tapah
										
											Pejabat PERKESO Tawau
										
											Pejabat PERKESO Teluk Intan
										
											Pejabat PERKESO Temerloh
										
									' or . = '
										--Sila Pilih--
										
											Pejabat PERKESO Batu Pahat
										
											Pejabat PERKESO Beaufort
										
											Pejabat PERKESO Bentong
										
											Pejabat PERKESO Bintulu
										
											Pejabat PERKESO Dungun
										
											Pejabat PERKESO Georgetown
										
											Pejabat PERKESO Kajang
										
											Pejabat PERKESO Kapit
										
											Pejabat PERKESO Kemaman
										
											Pejabat PERKESO Keningau
										
											Pejabat PERKESO Klang
										
											Pejabat PERKESO Kluang
										
											Pejabat PERKESO Kota Marudu
										
											Pejabat PERKESO Kuala Kangsar
										
											Pejabat PERKESO Kuala Krai
										
											Pejabat PERKESO Kuala Pilah
										
											Pejabat PERKESO Kulim
										
											Pejabat PERKESO Labuan
										
											Pejabat PERKESO Lahad Datu
										
											Pejabat PERKESO Langkawi
										
											Pejabat PERKESO Limbang
										
											Pejabat PERKESO Miri
										
											Pejabat PERKESO Muar
										
											Pejabat PERKESO Mukah
										
											Pejabat PERKESO Negeri Johor
										
											Pejabat PERKESO Negeri Kedah
										
											Pejabat PERKESO Negeri Kelantan
										
											Pejabat PERKESO Negeri Melaka
										
											Pejabat PERKESO Negeri Pahang
										
											Pejabat PERKESO Negeri Perak
										
											Pejabat PERKESO Negeri Perlis
										
											Pejabat PERKESO Negeri Pulau Pinang
										
											Pejabat PERKESO Negeri Sabah
										
											Pejabat PERKESO Negeri Sarawak
										
											Pejabat PERKESO Negeri Selangor
										
											Pejabat PERKESO Negeri Sembilan
										
											Pejabat PERKESO Negeri Terengganu
										
											Pejabat PERKESO Negeri W.P Kuala Lumpur
										
											Pejabat PERKESO Rawang
										
											Pejabat PERKESO Sandakan
										
											Pejabat PERKESO Sarikei
										
											Pejabat PERKESO Segamat
										
											Pejabat PERKESO Serian
										
											Pejabat PERKESO Sibu
										
											Pejabat PERKESO Sri Aman
										
											Pejabat PERKESO Sri Manjung
										
											Pejabat PERKESO Sungai Petani
										
											Pejabat PERKESO Taiping
										
											Pejabat PERKESO Tanjung Karang
										
											Pejabat PERKESO Tapah
										
											Pejabat PERKESO Tawau
										
											Pejabat PERKESO Teluk Intan
										
											Pejabat PERKESO Temerloh
										
									')]})
	at com.kms.katalon.core.keyword.internal.KeywordMain.stepFailed(KeywordMain.groovy:36)
	at com.kms.katalon.core.webui.keyword.internal.WebUIKeywordMain.stepFailed(WebUIKeywordMain.groovy:65)
	at com.kms.katalon.core.webui.keyword.internal.WebUIKeywordMain.runKeyword(WebUIKeywordMain.groovy:27)
	at com.kms.katalon.core.webui.keyword.builtin.ClickKeyword.click(ClickKeyword.groovy:86)
	at com.kms.katalon.core.webui.keyword.builtin.ClickKeyword.execute(ClickKeyword.groovy:67)
	at com.kms.katalon.core.keyword.internal.KeywordExecutor.executeKeywordForPlatform(KeywordExecutor.groovy:53)
	at com.kms.katalon.core.webui.keyword.WebUiBuiltInKeywords.click(WebUiBuiltInKeywords.groovy:616)
	at com.kms.katalon.core.webui.keyword.WebUiBuiltInKeywords$click$3.call(Unknown Source)
	at GN_Application_Reg.run(GN_Application_Reg:48)
	at com.kms.katalon.core.main.ScriptEngine.run(ScriptEngine.java:194)
	at com.kms.katalon.core.main.ScriptEngine.runScriptAsRawText(ScriptEngine.java:119)
	at com.kms.katalon.core.main.TestCaseExecutor.runScript(TestCaseExecutor.java:328)
	at com.kms.katalon.core.main.TestCaseExecutor.doExecute(TestCaseExecutor.java:319)
	at com.kms.katalon.core.main.TestCaseExecutor.processExecutionPhase(TestCaseExecutor.java:298)
	at com.kms.katalon.core.main.TestCaseExecutor.accessMainPhase(TestCaseExecutor.java:290)
	at com.kms.katalon.core.main.TestCaseExecutor.execute(TestCaseExecutor.java:224)
	at com.kms.katalon.core.main.TestCaseMain.runTestCase(TestCaseMain.java:106)
	at com.kms.katalon.core.keyword.builtin.CallTestCaseKeyword$_callTestCase_closure1.doCall(CallTestCaseKeyword.groovy:59)
	at com.kms.katalon.core.keyword.builtin.CallTestCaseKeyword$_callTestCase_closure1.call(CallTestCaseKeyword.groovy)
	at com.kms.katalon.core.keyword.internal.KeywordMain.runKeyword(KeywordMain.groovy:54)
	at com.kms.katalon.core.keyword.builtin.CallTestCaseKeyword.callTestCase(CallTestCaseKeyword.groovy:80)
	at com.kms.katalon.core.keyword.builtin.CallTestCaseKeyword.execute(CallTestCaseKeyword.groovy:44)
	at com.kms.katalon.core.keyword.internal.KeywordExecutor.executeKeywordForPlatform(KeywordExecutor.groovy:53)
	at com.kms.katalon.core.keyword.BuiltinKeywords.callTestCase(BuiltinKeywords.groovy:334)
	at GN_Submit Form 7_End to End.run(GN_Submit Form 7_End to End:16)
	at com.kms.katalon.core.main.ScriptEngine.run(ScriptEngine.java:194)
	at com.kms.katalon.core.main.ScriptEngine.runScriptAsRawText(ScriptEngine.java:119)
	at com.kms.katalon.core.main.TestCaseExecutor.runScript(TestCaseExecutor.java:328)
	at com.kms.katalon.core.main.TestCaseExecutor.doExecute(TestCaseExecutor.java:319)
	at com.kms.katalon.core.main.TestCaseExecutor.processExecutionPhase(TestCaseExecutor.java:298)
	at com.kms.katalon.core.main.TestCaseExecutor.accessMainPhase(TestCaseExecutor.java:290)
	at com.kms.katalon.core.main.TestCaseExecutor.execute(TestCaseExecutor.java:224)
	at com.kms.katalon.core.main.TestCaseMain.runTestCase(TestCaseMain.java:106)
	at com.kms.katalon.core.keyword.builtin.CallTestCaseKeyword$_callTestCase_closure1.doCall(CallTestCaseKeyword.groovy:59)
	at com.kms.katalon.core.keyword.builtin.CallTestCaseKeyword$_callTestCase_closure1.call(CallTestCaseKeyword.groovy)
	at com.kms.katalon.core.keyword.internal.KeywordMain.runKeyword(KeywordMain.groovy:54)
	at com.kms.katalon.core.keyword.builtin.CallTestCaseKeyword.callTestCase(CallTestCaseKeyword.groovy:80)
	at com.kms.katalon.core.keyword.builtin.CallTestCaseKeyword.execute(CallTestCaseKeyword.groovy:44)
	at com.kms.katalon.core.keyword.internal.KeywordExecutor.executeKeywordForPlatform(KeywordExecutor.groovy:53)
	at com.kms.katalon.core.keyword.BuiltinKeywords.callTestCase(BuiltinKeywords.groovy:334)
	at Submit Form 7 (General) - Case Reassignment Cross Branch SEIO.run(Submit Form 7 (General) - Case Reassignment Cross Branch SEIO:16)
	at com.kms.katalon.core.main.ScriptEngine.run(ScriptEngine.java:194)
	at com.kms.katalon.core.main.ScriptEngine.runScriptAsRawText(ScriptEngine.java:119)
	at com.kms.katalon.core.main.TestCaseExecutor.runScript(TestCaseExecutor.java:328)
	at com.kms.katalon.core.main.TestCaseExecutor.doExecute(TestCaseExecutor.java:319)
	at com.kms.katalon.core.main.TestCaseExecutor.processExecutionPhase(TestCaseExecutor.java:298)
	at com.kms.katalon.core.main.TestCaseExecutor.accessMainPhase(TestCaseExecutor.java:290)
	at com.kms.katalon.core.main.TestCaseExecutor.execute(TestCaseExecutor.java:224)
	at com.kms.katalon.core.main.TestSuiteExecutor.accessTestCaseMainPhase(TestSuiteExecutor.java:129)
	at com.kms.katalon.core.main.TestSuiteExecutor.accessTestSuiteMainPhase(TestSuiteExecutor.java:112)
	at com.kms.katalon.core.main.TestSuiteExecutor.execute(TestSuiteExecutor.java:81)
	at com.kms.katalon.core.main.TestCaseMain.startTestSuite(TestCaseMain.java:149)
	at com.kms.katalon.core.main.TestCaseMain$startTestSuite$0.call(Unknown Source)
	at TempTestSuite1550476757023.run(TempTestSuite1550476757023.groovy:36)


2019-02-18 16:12:03 - [MESSAGE][WARNING] - Cannot take screenshot

2019-02-18 16:12:03 - [MESSAGE][FAILED] - Unable to click on object 'Object Repository/ZhiHao/General_User_Submit_form 7/GN_Application_Reg/Page_PERKESO/select_pejabat_perkeso' (Root cause: org.openqa.selenium.UnhandledAlertException: unexpected alert open: {Alert text : HARAP MAKLUM

PERMOHONAN FAEDAH SIP TELAH DIBUAT BAGI PEKERJAAN INI. MOHON MENYEMAK SEMULA STATUS PERMOHONAN BAGI TUNTUTAN FAEDAH TERSEBUT}
  (Session info: chrome=72.0.3626.109)
  (Driver info: chromedriver=2.43.600210 (68dcf5eebde37173d4027fa8635e332711d2874a),platform=Windows NT 6.1.7601 SP1 x86_64) (WARNING: The server did not provide any stacktrace information)
Command duration or timeout: 0 milliseconds: null
Build info: version: '3.7.1', revision: '8a0099a', time: '2017-11-06T21:07:36.161Z'
System info: host: 'WIN7TEST02', ip: '10.20.3.72', os.name: 'Windows 7', os.arch: 'amd64', os.version: '6.1', java.version: '1.8.0_181'
Driver info: com.kms.katalon.selenium.driver.CChromeDriver
Capabilities {acceptInsecureCerts: false, acceptSslCerts: false, applicationCacheEnabled: false, browserConnectionEnabled: false, browserName: chrome, chrome: {chromedriverVersion: 2.43.600210 (68dcf5eebde371..., userDataDir: C:\Users\Admin\AppData\Loca...}, cssSelectorsEnabled: true, databaseEnabled: false, goog:chromeOptions: {debuggerAddress: localhost:64774}, handlesAlerts: true, hasTouchScreen: false, javascriptEnabled: true, locationContextEnabled: true, mobileEmulationEnabled: false, nativeEvents: true, networkConnectionEnabled: false, pageLoadStrategy: normal, platform: XP, platformName: XP, rotatable: false, setWindowRect: true, takesHeapSnapshot: true, takesScreenshot: true, unexpectedAlertBehaviour: , unhandledPromptBehavior: , version: 72.0.3626.109, webStorageEnabled: true}
Session ID: 2ee3a255d32a68bf28bff7f62466c3e4
*** Element info: {Using=xpath, value=//select[@id = 'perkesoOfficeId' and @name = 'perkesoOfficeId' and (text() = '
										--Sila Pilih--
										
											Pejabat PERKESO Batu Pahat
										
											Pejabat PERKESO Beaufort
										
											Pejabat PERKESO Bentong
										
											Pejabat PERKESO Bintulu
										
											Pejabat PERKESO Dungun
										
											Pejabat PERKESO Georgetown
										
											Pejabat PERKESO Kajang
										
											Pejabat PERKESO Kapit
										
											Pejabat PERKESO Kemaman
										
											Pejabat PERKESO Keningau
										
											Pejabat PERKESO Klang
										
											Pejabat PERKESO Kluang
										
											Pejabat PERKESO Kota Marudu
										
											Pejabat PERKESO Kuala Kangsar
										
											Pejabat PERKESO Kuala Krai
										
											Pejabat PERKESO Kuala Pilah
										
											Pejabat PERKESO Kulim
										
											Pejabat PERKESO Labuan
										
											Pejabat PERKESO Lahad Datu
										
											Pejabat PERKESO Langkawi
										
											Pejabat PERKESO Limbang
										
											Pejabat PERKESO Miri
										
											Pejabat PERKESO Muar
										
											Pejabat PERKESO Mukah
										
											Pejabat PERKESO Negeri Johor
										
											Pejabat PERKESO Negeri Kedah
										
											Pejabat PERKESO Negeri Kelantan
										
											Pejabat PERKESO Negeri Melaka
										
											Pejabat PERKESO Negeri Pahang
										
											Pejabat PERKESO Negeri Perak
										
											Pejabat PERKESO Negeri Perlis
										
											Pejabat PERKESO Negeri Pulau Pinang
										
											Pejabat PERKESO Negeri Sabah
										
											Pejabat PERKESO Negeri Sarawak
										
											Pejabat PERKESO Negeri Selangor
										
											Pejabat PERKESO Negeri Sembilan
										
											Pejabat PERKESO Negeri Terengganu
										
											Pejabat PERKESO Negeri W.P Kuala Lumpur
										
											Pejabat PERKESO Rawang
										
											Pejabat PERKESO Sandakan
										
											Pejabat PERKESO Sarikei
										
											Pejabat PERKESO Segamat
										
											Pejabat PERKESO Serian
										
											Pejabat PERKESO Sibu
										
											Pejabat PERKESO Sri Aman
										
											Pejabat PERKESO Sri Manjung
										
											Pejabat PERKESO Sungai Petani
										
											Pejabat PERKESO Taiping
										
											Pejabat PERKESO Tanjung Karang
										
											Pejabat PERKESO Tapah
										
											Pejabat PERKESO Tawau
										
											Pejabat PERKESO Teluk Intan
										
											Pejabat PERKESO Temerloh
										
									' or . = '
										--Sila Pilih--
										
											Pejabat PERKESO Batu Pahat
										
											Pejabat PERKESO Beaufort
										
											Pejabat PERKESO Bentong
										
											Pejabat PERKESO Bintulu
										
											Pejabat PERKESO Dungun
										
											Pejabat PERKESO Georgetown
										
											Pejabat PERKESO Kajang
										
											Pejabat PERKESO Kapit
										
											Pejabat PERKESO Kemaman
										
											Pejabat PERKESO Keningau
										
											Pejabat PERKESO Klang
										
											Pejabat PERKESO Kluang
										
											Pejabat PERKESO Kota Marudu
										
											Pejabat PERKESO Kuala Kangsar
										
											Pejabat PERKESO Kuala Krai
										
											Pejabat PERKESO Kuala Pilah
										
											Pejabat PERKESO Kulim
										
											Pejabat PERKESO Labuan
										
											Pejabat PERKESO Lahad Datu
										
											Pejabat PERKESO Langkawi
										
											Pejabat PERKESO Limbang
										
											Pejabat PERKESO Miri
										
											Pejabat PERKESO Muar
										
											Pejabat PERKESO Mukah
										
											Pejabat PERKESO Negeri Johor
										
											Pejabat PERKESO Negeri Kedah
										
											Pejabat PERKESO Negeri Kelantan
										
											Pejabat PERKESO Negeri Melaka
										
											Pejabat PERKESO Negeri Pahang
										
											Pejabat PERKESO Negeri Perak
										
											Pejabat PERKESO Negeri Perlis
										
											Pejabat PERKESO Negeri Pulau Pinang
										
											Pejabat PERKESO Negeri Sabah
										
											Pejabat PERKESO Negeri Sarawak
										
											Pejabat PERKESO Negeri Selangor
										
											Pejabat PERKESO Negeri Sembilan
										
											Pejabat PERKESO Negeri Terengganu
										
											Pejabat PERKESO Negeri W.P Kuala Lumpur
										
											Pejabat PERKESO Rawang
										
											Pejabat PERKESO Sandakan
										
											Pejabat PERKESO Sarikei
										
											Pejabat PERKESO Segamat
										
											Pejabat PERKESO Serian
										
											Pejabat PERKESO Sibu
										
											Pejabat PERKESO Sri Aman
										
											Pejabat PERKESO Sri Manjung
										
											Pejabat PERKESO Sungai Petani
										
											Pejabat PERKESO Taiping
										
											Pejabat PERKESO Tanjung Karang
										
											Pejabat PERKESO Tapah
										
											Pejabat PERKESO Tawau
										
											Pejabat PERKESO Teluk Intan
										
											Pejabat PERKESO Temerloh
										
									')]})

2019-02-18 16:12:03 - [MESSAGE][FAILED] - click(findTestObject("ZhiHao/General_User_Submit_form 7/GN_Application_Reg/Page_PERKESO/select_pejabat_perkeso")) FAILED.
Reason:
com.kms.katalon.core.exception.StepFailedException: Unable to click on object 'Object Repository/ZhiHao/General_User_Submit_form 7/GN_Application_Reg/Page_PERKESO/select_pejabat_perkeso' (Root cause: org.openqa.selenium.UnhandledAlertException: unexpected alert open: {Alert text : HARAP MAKLUM

PERMOHONAN FAEDAH SIP TELAH DIBUAT BAGI PEKERJAAN INI. MOHON MENYEMAK SEMULA STATUS PERMOHONAN BAGI TUNTUTAN FAEDAH TERSEBUT}
  (Session info: chrome=72.0.3626.109)
  (Driver info: chromedriver=2.43.600210 (68dcf5eebde37173d4027fa8635e332711d2874a),platform=Windows NT 6.1.7601 SP1 x86_64) (WARNING: The server did not provide any stacktrace information)
Command duration or timeout: 0 milliseconds: null
Build info: version: '3.7.1', revision: '8a0099a', time: '2017-11-06T21:07:36.161Z'
System info: host: 'WIN7TEST02', ip: '10.20.3.72', os.name: 'Windows 7', os.arch: 'amd64', os.version: '6.1', java.version: '1.8.0_181'
Driver info: com.kms.katalon.selenium.driver.CChromeDriver
Capabilities {acceptInsecureCerts: false, acceptSslCerts: false, applicationCacheEnabled: false, browserConnectionEnabled: false, browserName: chrome, chrome: {chromedriverVersion: 2.43.600210 (68dcf5eebde371..., userDataDir: C:\Users\Admin\AppData\Loca...}, cssSelectorsEnabled: true, databaseEnabled: false, goog:chromeOptions: {debuggerAddress: localhost:64774}, handlesAlerts: true, hasTouchScreen: false, javascriptEnabled: true, locationContextEnabled: true, mobileEmulationEnabled: false, nativeEvents: true, networkConnectionEnabled: false, pageLoadStrategy: normal, platform: XP, platformName: XP, rotatable: false, setWindowRect: true, takesHeapSnapshot: true, takesScreenshot: true, unexpectedAlertBehaviour: , unhandledPromptBehavior: , version: 72.0.3626.109, webStorageEnabled: true}
Session ID: 2ee3a255d32a68bf28bff7f62466c3e4
*** Element info: {Using=xpath, value=//select[@id = 'perkesoOfficeId' and @name = 'perkesoOfficeId' and (text() = '
										--Sila Pilih--
										
											Pejabat PERKESO Batu Pahat
										
											Pejabat PERKESO Beaufort
										
											Pejabat PERKESO Bentong
										
											Pejabat PERKESO Bintulu
										
											Pejabat PERKESO Dungun
										
											Pejabat PERKESO Georgetown
										
											Pejabat PERKESO Kajang
										
											Pejabat PERKESO Kapit
										
											Pejabat PERKESO Kemaman
										
											Pejabat PERKESO Keningau
										
											Pejabat PERKESO Klang
										
											Pejabat PERKESO Kluang
										
											Pejabat PERKESO Kota Marudu
										
											Pejabat PERKESO Kuala Kangsar
										
											Pejabat PERKESO Kuala Krai
										
											Pejabat PERKESO Kuala Pilah
										
											Pejabat PERKESO Kulim
										
											Pejabat PERKESO Labuan
										
											Pejabat PERKESO Lahad Datu
										
											Pejabat PERKESO Langkawi
										
											Pejabat PERKESO Limbang
										
											Pejabat PERKESO Miri
										
											Pejabat PERKESO Muar
										
											Pejabat PERKESO Mukah
										
											Pejabat PERKESO Negeri Johor
										
											Pejabat PERKESO Negeri Kedah
										
											Pejabat PERKESO Negeri Kelantan
										
											Pejabat PERKESO Negeri Melaka
										
											Pejabat PERKESO Negeri Pahang
										
											Pejabat PERKESO Negeri Perak
										
											Pejabat PERKESO Negeri Perlis
										
											Pejabat PERKESO Negeri Pulau Pinang
										
											Pejabat PERKESO Negeri Sabah
										
											Pejabat PERKESO Negeri Sarawak
										
											Pejabat PERKESO Negeri Selangor
										
											Pejabat PERKESO Negeri Sembilan
										
											Pejabat PERKESO Negeri Terengganu
										
											Pejabat PERKESO Negeri W.P Kuala Lumpur
										
											Pejabat PERKESO Rawang
										
											Pejabat PERKESO Sandakan
										
											Pejabat PERKESO Sarikei
										
											Pejabat PERKESO Segamat
										
											Pejabat PERKESO Serian
										
											Pejabat PERKESO Sibu
										
											Pejabat PERKESO Sri Aman
										
											Pejabat PERKESO Sri Manjung
										
											Pejabat PERKESO Sungai Petani
										
											Pejabat PERKESO Taiping
										
											Pejabat PERKESO Tanjung Karang
										
											Pejabat PERKESO Tapah
										
											Pejabat PERKESO Tawau
										
											Pejabat PERKESO Teluk Intan
										
											Pejabat PERKESO Temerloh
										
									' or . = '
										--Sila Pilih--
										
											Pejabat PERKESO Batu Pahat
										
											Pejabat PERKESO Beaufort
										
											Pejabat PERKESO Bentong
										
											Pejabat PERKESO Bintulu
										
											Pejabat PERKESO Dungun
										
											Pejabat PERKESO Georgetown
										
											Pejabat PERKESO Kajang
										
											Pejabat PERKESO Kapit
										
											Pejabat PERKESO Kemaman
										
											Pejabat PERKESO Keningau
										
											Pejabat PERKESO Klang
										
											Pejabat PERKESO Kluang
										
											Pejabat PERKESO Kota Marudu
										
											Pejabat PERKESO Kuala Kangsar
										
											Pejabat PERKESO Kuala Krai
										
											Pejabat PERKESO Kuala Pilah
										
											Pejabat PERKESO Kulim
										
											Pejabat PERKESO Labuan
										
											Pejabat PERKESO Lahad Datu
										
											Pejabat PERKESO Langkawi
										
											Pejabat PERKESO Limbang
										
											Pejabat PERKESO Miri
										
											Pejabat PERKESO Muar
										
											Pejabat PERKESO Mukah
										
											Pejabat PERKESO Negeri Johor
										
											Pejabat PERKESO Negeri Kedah
										
											Pejabat PERKESO Negeri Kelantan
										
											Pejabat PERKESO Negeri Melaka
										
											Pejabat PERKESO Negeri Pahang
										
											Pejabat PERKESO Negeri Perak
										
											Pejabat PERKESO Negeri Perlis
										
											Pejabat PERKESO Negeri Pulau Pinang
										
											Pejabat PERKESO Negeri Sabah
										
											Pejabat PERKESO Negeri Sarawak
										
											Pejabat PERKESO Negeri Selangor
										
											Pejabat PERKESO Negeri Sembilan
										
											Pejabat PERKESO Negeri Terengganu
										
											Pejabat PERKESO Negeri W.P Kuala Lumpur
										
											Pejabat PERKESO Rawang
										
											Pejabat PERKESO Sandakan
										
											Pejabat PERKESO Sarikei
										
											Pejabat PERKESO Segamat
										
											Pejabat PERKESO Serian
										
											Pejabat PERKESO Sibu
										
											Pejabat PERKESO Sri Aman
										
											Pejabat PERKESO Sri Manjung
										
											Pejabat PERKESO Sungai Petani
										
											Pejabat PERKESO Taiping
										
											Pejabat PERKESO Tanjung Karang
										
											Pejabat PERKESO Tapah
										
											Pejabat PERKESO Tawau
										
											Pejabat PERKESO Teluk Intan
										
											Pejabat PERKESO Temerloh
										
									')]})
	at com.kms.katalon.core.keyword.internal.KeywordMain.stepFailed(KeywordMain.groovy:36)
	at com.kms.katalon.core.webui.keyword.internal.WebUIKeywordMain.stepFailed(WebUIKeywordMain.groovy:65)
	at com.kms.katalon.core.webui.keyword.internal.WebUIKeywordMain.runKeyword(WebUIKeywordMain.groovy:27)
	at com.kms.katalon.core.webui.keyword.builtin.ClickKeyword.click(ClickKeyword.groovy:86)
	at com.kms.katalon.core.webui.keyword.builtin.ClickKeyword.execute(ClickKeyword.groovy:67)
	at com.kms.katalon.core.keyword.internal.KeywordExecutor.executeKeywordForPlatform(KeywordExecutor.groovy:53)
	at com.kms.katalon.core.webui.keyword.WebUiBuiltInKeywords.click(WebUiBuiltInKeywords.groovy:616)
	at com.kms.katalon.core.webui.keyword.WebUiBuiltInKeywords$click$3.call(Unknown Source)
	at GN_Application_Reg.run(GN_Application_Reg:48)
	at com.kms.katalon.core.main.ScriptEngine.run(ScriptEngine.java:194)
	at com.kms.katalon.core.main.ScriptEngine.runScriptAsRawText(ScriptEngine.java:119)
	at com.kms.katalon.core.main.TestCaseExecutor.runScript(TestCaseExecutor.java:328)
	at com.kms.katalon.core.main.TestCaseExecutor.doExecute(TestCaseExecutor.java:319)
	at com.kms.katalon.core.main.TestCaseExecutor.processExecutionPhase(TestCaseExecutor.java:298)
	at com.kms.katalon.core.main.TestCaseExecutor.accessMainPhase(TestCaseExecutor.java:290)
	at com.kms.katalon.core.main.TestCaseExecutor.execute(TestCaseExecutor.java:224)
	at com.kms.katalon.core.main.TestCaseMain.runTestCase(TestCaseMain.java:106)
	at com.kms.katalon.core.keyword.builtin.CallTestCaseKeyword$_callTestCase_closure1.doCall(CallTestCaseKeyword.groovy:59)
	at com.kms.katalon.core.keyword.builtin.CallTestCaseKeyword$_callTestCase_closure1.call(CallTestCaseKeyword.groovy)
	at com.kms.katalon.core.keyword.internal.KeywordMain.runKeyword(KeywordMain.groovy:54)
	at com.kms.katalon.core.keyword.builtin.CallTestCaseKeyword.callTestCase(CallTestCaseKeyword.groovy:80)
	at com.kms.katalon.core.keyword.builtin.CallTestCaseKeyword.execute(CallTestCaseKeyword.groovy:44)
	at com.kms.katalon.core.keyword.internal.KeywordExecutor.executeKeywordForPlatform(KeywordExecutor.groovy:53)
	at com.kms.katalon.core.keyword.BuiltinKeywords.callTestCase(BuiltinKeywords.groovy:334)
	at GN_Submit Form 7_End to End.run(GN_Submit Form 7_End to End:16)
	at com.kms.katalon.core.main.ScriptEngine.run(ScriptEngine.java:194)
	at com.kms.katalon.core.main.ScriptEngine.runScriptAsRawText(ScriptEngine.java:119)
	at com.kms.katalon.core.main.TestCaseExecutor.runScript(TestCaseExecutor.java:328)
	at com.kms.katalon.core.main.TestCaseExecutor.doExecute(TestCaseExecutor.java:319)
	at com.kms.katalon.core.main.TestCaseExecutor.processExecutionPhase(TestCaseExecutor.java:298)
	at com.kms.katalon.core.main.TestCaseExecutor.accessMainPhase(TestCaseExecutor.java:290)
	at com.kms.katalon.core.main.TestCaseExecutor.execute(TestCaseExecutor.java:224)
	at com.kms.katalon.core.main.TestCaseMain.runTestCase(TestCaseMain.java:106)
	at com.kms.katalon.core.keyword.builtin.CallTestCaseKeyword$_callTestCase_closure1.doCall(CallTestCaseKeyword.groovy:59)
	at com.kms.katalon.core.keyword.builtin.CallTestCaseKeyword$_callTestCase_closure1.call(CallTestCaseKeyword.groovy)
	at com.kms.katalon.core.keyword.internal.KeywordMain.runKeyword(KeywordMain.groovy:54)
	at com.kms.katalon.core.keyword.builtin.CallTestCaseKeyword.callTestCase(CallTestCaseKeyword.groovy:80)
	at com.kms.katalon.core.keyword.builtin.CallTestCaseKeyword.execute(CallTestCaseKeyword.groovy:44)
	at com.kms.katalon.core.keyword.internal.KeywordExecutor.executeKeywordForPlatform(KeywordExecutor.groovy:53)
	at com.kms.katalon.core.keyword.BuiltinKeywords.callTestCase(BuiltinKeywords.groovy:334)
	at Submit Form 7 (General) - Case Reassignment Cross Branch SEIO.run(Submit Form 7 (General) - Case Reassignment Cross Branch SEIO:16)
	at com.kms.katalon.core.main.ScriptEngine.run(ScriptEngine.java:194)
	at com.kms.katalon.core.main.ScriptEngine.runScriptAsRawText(ScriptEngine.java:119)
	at com.kms.katalon.core.main.TestCaseExecutor.runScript(TestCaseExecutor.java:328)
	at com.kms.katalon.core.main.TestCaseExecutor.doExecute(TestCaseExecutor.java:319)
	at com.kms.katalon.core.main.TestCaseExecutor.processExecutionPhase(TestCaseExecutor.java:298)
	at com.kms.katalon.core.main.TestCaseExecutor.accessMainPhase(TestCaseExecutor.java:290)
	at com.kms.katalon.core.main.TestCaseExecutor.execute(TestCaseExecutor.java:224)
	at com.kms.katalon.core.main.TestSuiteExecutor.accessTestCaseMainPhase(TestSuiteExecutor.java:129)
	at com.kms.katalon.core.main.TestSuiteExecutor.accessTestSuiteMainPhase(TestSuiteExecutor.java:112)
	at com.kms.katalon.core.main.TestSuiteExecutor.execute(TestSuiteExecutor.java:81)
	at com.kms.katalon.core.main.TestCaseMain.startTestSuite(TestCaseMain.java:149)
	at com.kms.katalon.core.main.TestCaseMain$startTestSuite$0.call(Unknown Source)
	at TempTestSuite1550476757023.run(TempTestSuite1550476757023.groovy:36)


2019-02-18 16:12:03 - [MESSAGE][FAILED] - Unable to call Test Case 'Test Cases/All TC/Arranged/3. Unit/EI/GN submit form 7/GN_Application_Reg' (Root cause: com.kms.katalon.core.exception.StepFailedException: Call Test Case 'Test Cases/All TC/Arranged/3. Unit/EI/GN submit form 7/GN_Application_Reg' failed)

2019-02-18 16:12:03 - [MESSAGE][FAILED] - callTestCase(findTestCase("All TC/Arranged/3. Unit/EI/GN submit form 7/GN_Application_Reg"), [:], STOP_ON_FAILURE) FAILED.
Reason:
com.kms.katalon.core.exception.StepFailedException: Unable to click on object 'Object Repository/ZhiHao/General_User_Submit_form 7/GN_Application_Reg/Page_PERKESO/select_pejabat_perkeso' (Root cause: org.openqa.selenium.UnhandledAlertException: unexpected alert open: {Alert text : HARAP MAKLUM

PERMOHONAN FAEDAH SIP TELAH DIBUAT BAGI PEKERJAAN INI. MOHON MENYEMAK SEMULA STATUS PERMOHONAN BAGI TUNTUTAN FAEDAH TERSEBUT}
  (Session info: chrome=72.0.3626.109)
  (Driver info: chromedriver=2.43.600210 (68dcf5eebde37173d4027fa8635e332711d2874a),platform=Windows NT 6.1.7601 SP1 x86_64) (WARNING: The server did not provide any stacktrace information)
Command duration or timeout: 0 milliseconds: null
Build info: version: '3.7.1', revision: '8a0099a', time: '2017-11-06T21:07:36.161Z'
System info: host: 'WIN7TEST02', ip: '10.20.3.72', os.name: 'Windows 7', os.arch: 'amd64', os.version: '6.1', java.version: '1.8.0_181'
Driver info: com.kms.katalon.selenium.driver.CChromeDriver
Capabilities {acceptInsecureCerts: false, acceptSslCerts: false, applicationCacheEnabled: false, browserConnectionEnabled: false, browserName: chrome, chrome: {chromedriverVersion: 2.43.600210 (68dcf5eebde371..., userDataDir: C:\Users\Admin\AppData\Loca...}, cssSelectorsEnabled: true, databaseEnabled: false, goog:chromeOptions: {debuggerAddress: localhost:64774}, handlesAlerts: true, hasTouchScreen: false, javascriptEnabled: true, locationContextEnabled: true, mobileEmulationEnabled: false, nativeEvents: true, networkConnectionEnabled: false, pageLoadStrategy: normal, platform: XP, platformName: XP, rotatable: false, setWindowRect: true, takesHeapSnapshot: true, takesScreenshot: true, unexpectedAlertBehaviour: , unhandledPromptBehavior: , version: 72.0.3626.109, webStorageEnabled: true}
Session ID: 2ee3a255d32a68bf28bff7f62466c3e4
*** Element info: {Using=xpath, value=//select[@id = 'perkesoOfficeId' and @name = 'perkesoOfficeId' and (text() = '
										--Sila Pilih--
										
											Pejabat PERKESO Batu Pahat
										
											Pejabat PERKESO Beaufort
										
											Pejabat PERKESO Bentong
										
											Pejabat PERKESO Bintulu
										
											Pejabat PERKESO Dungun
										
											Pejabat PERKESO Georgetown
										
											Pejabat PERKESO Kajang
										
											Pejabat PERKESO Kapit
										
											Pejabat PERKESO Kemaman
										
											Pejabat PERKESO Keningau
										
											Pejabat PERKESO Klang
										
											Pejabat PERKESO Kluang
										
											Pejabat PERKESO Kota Marudu
										
											Pejabat PERKESO Kuala Kangsar
										
											Pejabat PERKESO Kuala Krai
										
											Pejabat PERKESO Kuala Pilah
										
											Pejabat PERKESO Kulim
										
											Pejabat PERKESO Labuan
										
											Pejabat PERKESO Lahad Datu
										
											Pejabat PERKESO Langkawi
										
											Pejabat PERKESO Limbang
										
											Pejabat PERKESO Miri
										
											Pejabat PERKESO Muar
										
											Pejabat PERKESO Mukah
										
											Pejabat PERKESO Negeri Johor
										
											Pejabat PERKESO Negeri Kedah
										
											Pejabat PERKESO Negeri Kelantan
										
											Pejabat PERKESO Negeri Melaka
										
											Pejabat PERKESO Negeri Pahang
										
											Pejabat PERKESO Negeri Perak
										
											Pejabat PERKESO Negeri Perlis
										
											Pejabat PERKESO Negeri Pulau Pinang
										
											Pejabat PERKESO Negeri Sabah
										
											Pejabat PERKESO Negeri Sarawak
										
											Pejabat PERKESO Negeri Selangor
										
											Pejabat PERKESO Negeri Sembilan
										
											Pejabat PERKESO Negeri Terengganu
										
											Pejabat PERKESO Negeri W.P Kuala Lumpur
										
											Pejabat PERKESO Rawang
										
											Pejabat PERKESO Sandakan
										
											Pejabat PERKESO Sarikei
										
											Pejabat PERKESO Segamat
										
											Pejabat PERKESO Serian
										
											Pejabat PERKESO Sibu
										
											Pejabat PERKESO Sri Aman
										
											Pejabat PERKESO Sri Manjung
										
											Pejabat PERKESO Sungai Petani
										
											Pejabat PERKESO Taiping
										
											Pejabat PERKESO Tanjung Karang
										
											Pejabat PERKESO Tapah
										
											Pejabat PERKESO Tawau
										
											Pejabat PERKESO Teluk Intan
										
											Pejabat PERKESO Temerloh
										
									' or . = '
										--Sila Pilih--
										
											Pejabat PERKESO Batu Pahat
										
											Pejabat PERKESO Beaufort
										
											Pejabat PERKESO Bentong
										
											Pejabat PERKESO Bintulu
										
											Pejabat PERKESO Dungun
										
											Pejabat PERKESO Georgetown
										
											Pejabat PERKESO Kajang
										
											Pejabat PERKESO Kapit
										
											Pejabat PERKESO Kemaman
										
											Pejabat PERKESO Keningau
										
											Pejabat PERKESO Klang
										
											Pejabat PERKESO Kluang
										
											Pejabat PERKESO Kota Marudu
										
											Pejabat PERKESO Kuala Kangsar
										
											Pejabat PERKESO Kuala Krai
										
											Pejabat PERKESO Kuala Pilah
										
											Pejabat PERKESO Kulim
										
											Pejabat PERKESO Labuan
										
											Pejabat PERKESO Lahad Datu
										
											Pejabat PERKESO Langkawi
										
											Pejabat PERKESO Limbang
										
											Pejabat PERKESO Miri
										
											Pejabat PERKESO Muar
										
											Pejabat PERKESO Mukah
										
											Pejabat PERKESO Negeri Johor
										
											Pejabat PERKESO Negeri Kedah
										
											Pejabat PERKESO Negeri Kelantan
										
											Pejabat PERKESO Negeri Melaka
										
											Pejabat PERKESO Negeri Pahang
										
											Pejabat PERKESO Negeri Perak
										
											Pejabat PERKESO Negeri Perlis
										
											Pejabat PERKESO Negeri Pulau Pinang
										
											Pejabat PERKESO Negeri Sabah
										
											Pejabat PERKESO Negeri Sarawak
										
											Pejabat PERKESO Negeri Selangor
										
											Pejabat PERKESO Negeri Sembilan
										
											Pejabat PERKESO Negeri Terengganu
										
											Pejabat PERKESO Negeri W.P Kuala Lumpur
										
											Pejabat PERKESO Rawang
										
											Pejabat PERKESO Sandakan
										
											Pejabat PERKESO Sarikei
										
											Pejabat PERKESO Segamat
										
											Pejabat PERKESO Serian
										
											Pejabat PERKESO Sibu
										
											Pejabat PERKESO Sri Aman
										
											Pejabat PERKESO Sri Manjung
										
											Pejabat PERKESO Sungai Petani
										
											Pejabat PERKESO Taiping
										
											Pejabat PERKESO Tanjung Karang
										
											Pejabat PERKESO Tapah
										
											Pejabat PERKESO Tawau
										
											Pejabat PERKESO Teluk Intan
										
											Pejabat PERKESO Temerloh
										
									')]})
	at com.kms.katalon.core.keyword.internal.KeywordMain.stepFailed(KeywordMain.groovy:36)
	at com.kms.katalon.core.webui.keyword.internal.WebUIKeywordMain.stepFailed(WebUIKeywordMain.groovy:65)
	at com.kms.katalon.core.webui.keyword.internal.WebUIKeywordMain.runKeyword(WebUIKeywordMain.groovy:27)
	at com.kms.katalon.core.webui.keyword.builtin.ClickKeyword.click(ClickKeyword.groovy:86)
	at com.kms.katalon.core.webui.keyword.builtin.ClickKeyword.execute(ClickKeyword.groovy:67)
	at com.kms.katalon.core.keyword.internal.KeywordExecutor.executeKeywordForPlatform(KeywordExecutor.groovy:53)
	at com.kms.katalon.core.webui.keyword.WebUiBuiltInKeywords.click(WebUiBuiltInKeywords.groovy:616)
	at com.kms.katalon.core.webui.keyword.WebUiBuiltInKeywords$click$3.call(Unknown Source)
	at GN_Application_Reg.run(GN_Application_Reg:48)
	at com.kms.katalon.core.main.ScriptEngine.run(ScriptEngine.java:194)
	at com.kms.katalon.core.main.ScriptEngine.runScriptAsRawText(ScriptEngine.java:119)
	at com.kms.katalon.core.main.TestCaseExecutor.runScript(TestCaseExecutor.java:328)
	at com.kms.katalon.core.main.TestCaseExecutor.doExecute(TestCaseExecutor.java:319)
	at com.kms.katalon.core.main.TestCaseExecutor.processExecutionPhase(TestCaseExecutor.java:298)
	at com.kms.katalon.core.main.TestCaseExecutor.accessMainPhase(TestCaseExecutor.java:290)
	at com.kms.katalon.core.main.TestCaseExecutor.execute(TestCaseExecutor.java:224)
	at com.kms.katalon.core.main.TestCaseMain.runTestCase(TestCaseMain.java:106)
	at com.kms.katalon.core.keyword.builtin.CallTestCaseKeyword$_callTestCase_closure1.doCall(CallTestCaseKeyword.groovy:59)
	at com.kms.katalon.core.keyword.builtin.CallTestCaseKeyword$_callTestCase_closure1.call(CallTestCaseKeyword.groovy)
	at com.kms.katalon.core.keyword.internal.KeywordMain.runKeyword(KeywordMain.groovy:54)
	at com.kms.katalon.core.keyword.builtin.CallTestCaseKeyword.callTestCase(CallTestCaseKeyword.groovy:80)
	at com.kms.katalon.core.keyword.builtin.CallTestCaseKeyword.execute(CallTestCaseKeyword.groovy:44)
	at com.kms.katalon.core.keyword.internal.KeywordExecutor.executeKeywordForPlatform(KeywordExecutor.groovy:53)
	at com.kms.katalon.core.keyword.BuiltinKeywords.callTestCase(BuiltinKeywords.groovy:334)
	at GN_Submit Form 7_End to End.run(GN_Submit Form 7_End to End:16)
	at com.kms.katalon.core.main.ScriptEngine.run(ScriptEngine.java:194)
	at com.kms.katalon.core.main.ScriptEngine.runScriptAsRawText(ScriptEngine.java:119)
	at com.kms.katalon.core.main.TestCaseExecutor.runScript(TestCaseExecutor.java:328)
	at com.kms.katalon.core.main.TestCaseExecutor.doExecute(TestCaseExecutor.java:319)
	at com.kms.katalon.core.main.TestCaseExecutor.processExecutionPhase(TestCaseExecutor.java:298)
	at com.kms.katalon.core.main.TestCaseExecutor.accessMainPhase(TestCaseExecutor.java:290)
	at com.kms.katalon.core.main.TestCaseExecutor.execute(TestCaseExecutor.java:224)
	at com.kms.katalon.core.main.TestCaseMain.runTestCase(TestCaseMain.java:106)
	at com.kms.katalon.core.keyword.builtin.CallTestCaseKeyword$_callTestCase_closure1.doCall(CallTestCaseKeyword.groovy:59)
	at com.kms.katalon.core.keyword.builtin.CallTestCaseKeyword$_callTestCase_closure1.call(CallTestCaseKeyword.groovy)
	at com.kms.katalon.core.keyword.internal.KeywordMain.runKeyword(KeywordMain.groovy:54)
	at com.kms.katalon.core.keyword.builtin.CallTestCaseKeyword.callTestCase(CallTestCaseKeyword.groovy:80)
	at com.kms.katalon.core.keyword.builtin.CallTestCaseKeyword.execute(CallTestCaseKeyword.groovy:44)
	at com.kms.katalon.core.keyword.internal.KeywordExecutor.executeKeywordForPlatform(KeywordExecutor.groovy:53)
	at com.kms.katalon.core.keyword.BuiltinKeywords.callTestCase(BuiltinKeywords.groovy:334)
	at Submit Form 7 (General) - Case Reassignment Cross Branch SEIO.run(Submit Form 7 (General) - Case Reassignment Cross Branch SEIO:16)
	at com.kms.katalon.core.main.ScriptEngine.run(ScriptEngine.java:194)
	at com.kms.katalon.core.main.ScriptEngine.runScriptAsRawText(ScriptEngine.java:119)
	at com.kms.katalon.core.main.TestCaseExecutor.runScript(TestCaseExecutor.java:328)
	at com.kms.katalon.core.main.TestCaseExecutor.doExecute(TestCaseExecutor.java:319)
	at com.kms.katalon.core.main.TestCaseExecutor.processExecutionPhase(TestCaseExecutor.java:298)
	at com.kms.katalon.core.main.TestCaseExecutor.accessMainPhase(TestCaseExecutor.java:290)
	at com.kms.katalon.core.main.TestCaseExecutor.execute(TestCaseExecutor.java:224)
	at com.kms.katalon.core.main.TestSuiteExecutor.accessTestCaseMainPhase(TestSuiteExecutor.java:129)
	at com.kms.katalon.core.main.TestSuiteExecutor.accessTestSuiteMainPhase(TestSuiteExecutor.java:112)
	at com.kms.katalon.core.main.TestSuiteExecutor.execute(TestSuiteExecutor.java:81)
	at com.kms.katalon.core.main.TestCaseMain.startTestSuite(TestCaseMain.java:149)
	at com.kms.katalon.core.main.TestCaseMain$startTestSuite$0.call(Unknown Source)
	at TempTestSuite1550476757023.run(TempTestSuite1550476757023.groovy:36)


2019-02-18 16:12:07 - [MESSAGE][FAILED] - Unable to call Test Case 'Test Cases/All TC/Arranged/2. Segment/GN_Submit Form 7_End to End' (Root cause: com.kms.katalon.core.exception.StepFailedException: Call Test Case 'Test Cases/All TC/Arranged/2. Segment/GN_Submit Form 7_End to End' failed)

2019-02-18 16:12:07 - [MESSAGE][FAILED] - callTestCase(findTestCase("All TC/Arranged/2. Segment/GN_Submit Form 7_End to End"), [:], STOP_ON_FAILURE) FAILED.
Reason:
com.kms.katalon.core.exception.StepFailedException: Unable to click on object 'Object Repository/ZhiHao/General_User_Submit_form 7/GN_Application_Reg/Page_PERKESO/select_pejabat_perkeso' (Root cause: org.openqa.selenium.UnhandledAlertException: unexpected alert open: {Alert text : HARAP MAKLUM

PERMOHONAN FAEDAH SIP TELAH DIBUAT BAGI PEKERJAAN INI. MOHON MENYEMAK SEMULA STATUS PERMOHONAN BAGI TUNTUTAN FAEDAH TERSEBUT}
  (Session info: chrome=72.0.3626.109)
  (Driver info: chromedriver=2.43.600210 (68dcf5eebde37173d4027fa8635e332711d2874a),platform=Windows NT 6.1.7601 SP1 x86_64) (WARNING: The server did not provide any stacktrace information)
Command duration or timeout: 0 milliseconds: null
Build info: version: '3.7.1', revision: '8a0099a', time: '2017-11-06T21:07:36.161Z'
System info: host: 'WIN7TEST02', ip: '10.20.3.72', os.name: 'Windows 7', os.arch: 'amd64', os.version: '6.1', java.version: '1.8.0_181'
Driver info: com.kms.katalon.selenium.driver.CChromeDriver
Capabilities {acceptInsecureCerts: false, acceptSslCerts: false, applicationCacheEnabled: false, browserConnectionEnabled: false, browserName: chrome, chrome: {chromedriverVersion: 2.43.600210 (68dcf5eebde371..., userDataDir: C:\Users\Admin\AppData\Loca...}, cssSelectorsEnabled: true, databaseEnabled: false, goog:chromeOptions: {debuggerAddress: localhost:64774}, handlesAlerts: true, hasTouchScreen: false, javascriptEnabled: true, locationContextEnabled: true, mobileEmulationEnabled: false, nativeEvents: true, networkConnectionEnabled: false, pageLoadStrategy: normal, platform: XP, platformName: XP, rotatable: false, setWindowRect: true, takesHeapSnapshot: true, takesScreenshot: true, unexpectedAlertBehaviour: , unhandledPromptBehavior: , version: 72.0.3626.109, webStorageEnabled: true}
Session ID: 2ee3a255d32a68bf28bff7f62466c3e4
*** Element info: {Using=xpath, value=//select[@id = 'perkesoOfficeId' and @name = 'perkesoOfficeId' and (text() = '
										--Sila Pilih--
										
											Pejabat PERKESO Batu Pahat
										
											Pejabat PERKESO Beaufort
										
											Pejabat PERKESO Bentong
										
											Pejabat PERKESO Bintulu
										
											Pejabat PERKESO Dungun
										
											Pejabat PERKESO Georgetown
										
											Pejabat PERKESO Kajang
										
											Pejabat PERKESO Kapit
										
											Pejabat PERKESO Kemaman
										
											Pejabat PERKESO Keningau
										
											Pejabat PERKESO Klang
										
											Pejabat PERKESO Kluang
										
											Pejabat PERKESO Kota Marudu
										
											Pejabat PERKESO Kuala Kangsar
										
											Pejabat PERKESO Kuala Krai
										
											Pejabat PERKESO Kuala Pilah
										
											Pejabat PERKESO Kulim
										
											Pejabat PERKESO Labuan
										
											Pejabat PERKESO Lahad Datu
										
											Pejabat PERKESO Langkawi
										
											Pejabat PERKESO Limbang
										
											Pejabat PERKESO Miri
										
											Pejabat PERKESO Muar
										
											Pejabat PERKESO Mukah
										
											Pejabat PERKESO Negeri Johor
										
											Pejabat PERKESO Negeri Kedah
										
											Pejabat PERKESO Negeri Kelantan
										
											Pejabat PERKESO Negeri Melaka
										
											Pejabat PERKESO Negeri Pahang
										
											Pejabat PERKESO Negeri Perak
										
											Pejabat PERKESO Negeri Perlis
										
											Pejabat PERKESO Negeri Pulau Pinang
										
											Pejabat PERKESO Negeri Sabah
										
											Pejabat PERKESO Negeri Sarawak
										
											Pejabat PERKESO Negeri Selangor
										
											Pejabat PERKESO Negeri Sembilan
										
											Pejabat PERKESO Negeri Terengganu
										
											Pejabat PERKESO Negeri W.P Kuala Lumpur
										
											Pejabat PERKESO Rawang
										
											Pejabat PERKESO Sandakan
										
											Pejabat PERKESO Sarikei
										
											Pejabat PERKESO Segamat
										
											Pejabat PERKESO Serian
										
											Pejabat PERKESO Sibu
										
											Pejabat PERKESO Sri Aman
										
											Pejabat PERKESO Sri Manjung
										
											Pejabat PERKESO Sungai Petani
										
											Pejabat PERKESO Taiping
										
											Pejabat PERKESO Tanjung Karang
										
											Pejabat PERKESO Tapah
										
											Pejabat PERKESO Tawau
										
											Pejabat PERKESO Teluk Intan
										
											Pejabat PERKESO Temerloh
										
									' or . = '
										--Sila Pilih--
										
											Pejabat PERKESO Batu Pahat
										
											Pejabat PERKESO Beaufort
										
											Pejabat PERKESO Bentong
										
											Pejabat PERKESO Bintulu
										
											Pejabat PERKESO Dungun
										
											Pejabat PERKESO Georgetown
										
											Pejabat PERKESO Kajang
										
											Pejabat PERKESO Kapit
										
											Pejabat PERKESO Kemaman
										
											Pejabat PERKESO Keningau
										
											Pejabat PERKESO Klang
										
											Pejabat PERKESO Kluang
										
											Pejabat PERKESO Kota Marudu
										
											Pejabat PERKESO Kuala Kangsar
										
											Pejabat PERKESO Kuala Krai
										
											Pejabat PERKESO Kuala Pilah
										
											Pejabat PERKESO Kulim
										
											Pejabat PERKESO Labuan
										
											Pejabat PERKESO Lahad Datu
										
											Pejabat PERKESO Langkawi
										
											Pejabat PERKESO Limbang
										
											Pejabat PERKESO Miri
										
											Pejabat PERKESO Muar
										
											Pejabat PERKESO Mukah
										
											Pejabat PERKESO Negeri Johor
										
											Pejabat PERKESO Negeri Kedah
										
											Pejabat PERKESO Negeri Kelantan
										
											Pejabat PERKESO Negeri Melaka
										
											Pejabat PERKESO Negeri Pahang
										
											Pejabat PERKESO Negeri Perak
										
											Pejabat PERKESO Negeri Perlis
										
											Pejabat PERKESO Negeri Pulau Pinang
										
											Pejabat PERKESO Negeri Sabah
										
											Pejabat PERKESO Negeri Sarawak
										
											Pejabat PERKESO Negeri Selangor
										
											Pejabat PERKESO Negeri Sembilan
										
											Pejabat PERKESO Negeri Terengganu
										
											Pejabat PERKESO Negeri W.P Kuala Lumpur
										
											Pejabat PERKESO Rawang
										
											Pejabat PERKESO Sandakan
										
											Pejabat PERKESO Sarikei
										
											Pejabat PERKESO Segamat
										
											Pejabat PERKESO Serian
										
											Pejabat PERKESO Sibu
										
											Pejabat PERKESO Sri Aman
										
											Pejabat PERKESO Sri Manjung
										
											Pejabat PERKESO Sungai Petani
										
											Pejabat PERKESO Taiping
										
											Pejabat PERKESO Tanjung Karang
										
											Pejabat PERKESO Tapah
										
											Pejabat PERKESO Tawau
										
											Pejabat PERKESO Teluk Intan
										
											Pejabat PERKESO Temerloh
										
									')]})
	at com.kms.katalon.core.keyword.internal.KeywordMain.stepFailed(KeywordMain.groovy:36)
	at com.kms.katalon.core.webui.keyword.internal.WebUIKeywordMain.stepFailed(WebUIKeywordMain.groovy:65)
	at com.kms.katalon.core.webui.keyword.internal.WebUIKeywordMain.runKeyword(WebUIKeywordMain.groovy:27)
	at com.kms.katalon.core.webui.keyword.builtin.ClickKeyword.click(ClickKeyword.groovy:86)
	at com.kms.katalon.core.webui.keyword.builtin.ClickKeyword.execute(ClickKeyword.groovy:67)
	at com.kms.katalon.core.keyword.internal.KeywordExecutor.executeKeywordForPlatform(KeywordExecutor.groovy:53)
	at com.kms.katalon.core.webui.keyword.WebUiBuiltInKeywords.click(WebUiBuiltInKeywords.groovy:616)
	at com.kms.katalon.core.webui.keyword.WebUiBuiltInKeywords$click$3.call(Unknown Source)
	at GN_Application_Reg.run(GN_Application_Reg:48)
	at com.kms.katalon.core.main.ScriptEngine.run(ScriptEngine.java:194)
	at com.kms.katalon.core.main.ScriptEngine.runScriptAsRawText(ScriptEngine.java:119)
	at com.kms.katalon.core.main.TestCaseExecutor.runScript(TestCaseExecutor.java:328)
	at com.kms.katalon.core.main.TestCaseExecutor.doExecute(TestCaseExecutor.java:319)
	at com.kms.katalon.core.main.TestCaseExecutor.processExecutionPhase(TestCaseExecutor.java:298)
	at com.kms.katalon.core.main.TestCaseExecutor.accessMainPhase(TestCaseExecutor.java:290)
	at com.kms.katalon.core.main.TestCaseExecutor.execute(TestCaseExecutor.java:224)
	at com.kms.katalon.core.main.TestCaseMain.runTestCase(TestCaseMain.java:106)
	at com.kms.katalon.core.keyword.builtin.CallTestCaseKeyword$_callTestCase_closure1.doCall(CallTestCaseKeyword.groovy:59)
	at com.kms.katalon.core.keyword.builtin.CallTestCaseKeyword$_callTestCase_closure1.call(CallTestCaseKeyword.groovy)
	at com.kms.katalon.core.keyword.internal.KeywordMain.runKeyword(KeywordMain.groovy:54)
	at com.kms.katalon.core.keyword.builtin.CallTestCaseKeyword.callTestCase(CallTestCaseKeyword.groovy:80)
	at com.kms.katalon.core.keyword.builtin.CallTestCaseKeyword.execute(CallTestCaseKeyword.groovy:44)
	at com.kms.katalon.core.keyword.internal.KeywordExecutor.executeKeywordForPlatform(KeywordExecutor.groovy:53)
	at com.kms.katalon.core.keyword.BuiltinKeywords.callTestCase(BuiltinKeywords.groovy:334)
	at GN_Submit Form 7_End to End.run(GN_Submit Form 7_End to End:16)
	at com.kms.katalon.core.main.ScriptEngine.run(ScriptEngine.java:194)
	at com.kms.katalon.core.main.ScriptEngine.runScriptAsRawText(ScriptEngine.java:119)
	at com.kms.katalon.core.main.TestCaseExecutor.runScript(TestCaseExecutor.java:328)
	at com.kms.katalon.core.main.TestCaseExecutor.doExecute(TestCaseExecutor.java:319)
	at com.kms.katalon.core.main.TestCaseExecutor.processExecutionPhase(TestCaseExecutor.java:298)
	at com.kms.katalon.core.main.TestCaseExecutor.accessMainPhase(TestCaseExecutor.java:290)
	at com.kms.katalon.core.main.TestCaseExecutor.execute(TestCaseExecutor.java:224)
	at com.kms.katalon.core.main.TestCaseMain.runTestCase(TestCaseMain.java:106)
	at com.kms.katalon.core.keyword.builtin.CallTestCaseKeyword$_callTestCase_closure1.doCall(CallTestCaseKeyword.groovy:59)
	at com.kms.katalon.core.keyword.builtin.CallTestCaseKeyword$_callTestCase_closure1.call(CallTestCaseKeyword.groovy)
	at com.kms.katalon.core.keyword.internal.KeywordMain.runKeyword(KeywordMain.groovy:54)
	at com.kms.katalon.core.keyword.builtin.CallTestCaseKeyword.callTestCase(CallTestCaseKeyword.groovy:80)
	at com.kms.katalon.core.keyword.builtin.CallTestCaseKeyword.execute(CallTestCaseKeyword.groovy:44)
	at com.kms.katalon.core.keyword.internal.KeywordExecutor.executeKeywordForPlatform(KeywordExecutor.groovy:53)
	at com.kms.katalon.core.keyword.BuiltinKeywords.callTestCase(BuiltinKeywords.groovy:334)
	at Submit Form 7 (General) - Case Reassignment Cross Branch SEIO.run(Submit Form 7 (General) - Case Reassignment Cross Branch SEIO:16)
	at com.kms.katalon.core.main.ScriptEngine.run(ScriptEngine.java:194)
	at com.kms.katalon.core.main.ScriptEngine.runScriptAsRawText(ScriptEngine.java:119)
	at com.kms.katalon.core.main.TestCaseExecutor.runScript(TestCaseExecutor.java:328)
	at com.kms.katalon.core.main.TestCaseExecutor.doExecute(TestCaseExecutor.java:319)
	at com.kms.katalon.core.main.TestCaseExecutor.processExecutionPhase(TestCaseExecutor.java:298)
	at com.kms.katalon.core.main.TestCaseExecutor.accessMainPhase(TestCaseExecutor.java:290)
	at com.kms.katalon.core.main.TestCaseExecutor.execute(TestCaseExecutor.java:224)
	at com.kms.katalon.core.main.TestSuiteExecutor.accessTestCaseMainPhase(TestSuiteExecutor.java:129)
	at com.kms.katalon.core.main.TestSuiteExecutor.accessTestSuiteMainPhase(TestSuiteExecutor.java:112)
	at com.kms.katalon.core.main.TestSuiteExecutor.execute(TestSuiteExecutor.java:81)
	at com.kms.katalon.core.main.TestCaseMain.startTestSuite(TestCaseMain.java:149)
	at com.kms.katalon.core.main.TestCaseMain$startTestSuite$0.call(Unknown Source)
	at TempTestSuite1550476757023.run(TempTestSuite1550476757023.groovy:36)]]></system-out>
         <system-err><![CDATA[2019-02-18 16:11:14 - [TEST_CASE][FAILED] - Test Cases/All TC/Arranged/0. Full Flow/Submit Form 7 (General) - Case Reassignment Cross Branch SEIO: Test Cases/All TC/Arranged/0. Full Flow/Submit Form 7 (General) - Case Reassignment Cross Branch SEIO FAILED.
Reason:
com.kms.katalon.core.exception.StepFailedException: Unable to click on object 'Object Repository/ZhiHao/General_User_Submit_form 7/GN_Application_Reg/Page_PERKESO/select_pejabat_perkeso' (Root cause: org.openqa.selenium.UnhandledAlertException: unexpected alert open: {Alert text : HARAP MAKLUM

PERMOHONAN FAEDAH SIP TELAH DIBUAT BAGI PEKERJAAN INI. MOHON MENYEMAK SEMULA STATUS PERMOHONAN BAGI TUNTUTAN FAEDAH TERSEBUT}
  (Session info: chrome=72.0.3626.109)
  (Driver info: chromedriver=2.43.600210 (68dcf5eebde37173d4027fa8635e332711d2874a),platform=Windows NT 6.1.7601 SP1 x86_64) (WARNING: The server did not provide any stacktrace information)
Command duration or timeout: 0 milliseconds: null
Build info: version: '3.7.1', revision: '8a0099a', time: '2017-11-06T21:07:36.161Z'
System info: host: 'WIN7TEST02', ip: '10.20.3.72', os.name: 'Windows 7', os.arch: 'amd64', os.version: '6.1', java.version: '1.8.0_181'
Driver info: com.kms.katalon.selenium.driver.CChromeDriver
Capabilities {acceptInsecureCerts: false, acceptSslCerts: false, applicationCacheEnabled: false, browserConnectionEnabled: false, browserName: chrome, chrome: {chromedriverVersion: 2.43.600210 (68dcf5eebde371..., userDataDir: C:\Users\Admin\AppData\Loca...}, cssSelectorsEnabled: true, databaseEnabled: false, goog:chromeOptions: {debuggerAddress: localhost:64774}, handlesAlerts: true, hasTouchScreen: false, javascriptEnabled: true, locationContextEnabled: true, mobileEmulationEnabled: false, nativeEvents: true, networkConnectionEnabled: false, pageLoadStrategy: normal, platform: XP, platformName: XP, rotatable: false, setWindowRect: true, takesHeapSnapshot: true, takesScreenshot: true, unexpectedAlertBehaviour: , unhandledPromptBehavior: , version: 72.0.3626.109, webStorageEnabled: true}
Session ID: 2ee3a255d32a68bf28bff7f62466c3e4
*** Element info: {Using=xpath, value=//select[@id = 'perkesoOfficeId' and @name = 'perkesoOfficeId' and (text() = '
										--Sila Pilih--
										
											Pejabat PERKESO Batu Pahat
										
											Pejabat PERKESO Beaufort
										
											Pejabat PERKESO Bentong
										
											Pejabat PERKESO Bintulu
										
											Pejabat PERKESO Dungun
										
											Pejabat PERKESO Georgetown
										
											Pejabat PERKESO Kajang
										
											Pejabat PERKESO Kapit
										
											Pejabat PERKESO Kemaman
										
											Pejabat PERKESO Keningau
										
											Pejabat PERKESO Klang
										
											Pejabat PERKESO Kluang
										
											Pejabat PERKESO Kota Marudu
										
											Pejabat PERKESO Kuala Kangsar
										
											Pejabat PERKESO Kuala Krai
										
											Pejabat PERKESO Kuala Pilah
										
											Pejabat PERKESO Kulim
										
											Pejabat PERKESO Labuan
										
											Pejabat PERKESO Lahad Datu
										
											Pejabat PERKESO Langkawi
										
											Pejabat PERKESO Limbang
										
											Pejabat PERKESO Miri
										
											Pejabat PERKESO Muar
										
											Pejabat PERKESO Mukah
										
											Pejabat PERKESO Negeri Johor
										
											Pejabat PERKESO Negeri Kedah
										
											Pejabat PERKESO Negeri Kelantan
										
											Pejabat PERKESO Negeri Melaka
										
											Pejabat PERKESO Negeri Pahang
										
											Pejabat PERKESO Negeri Perak
										
											Pejabat PERKESO Negeri Perlis
										
											Pejabat PERKESO Negeri Pulau Pinang
										
											Pejabat PERKESO Negeri Sabah
										
											Pejabat PERKESO Negeri Sarawak
										
											Pejabat PERKESO Negeri Selangor
										
											Pejabat PERKESO Negeri Sembilan
										
											Pejabat PERKESO Negeri Terengganu
										
											Pejabat PERKESO Negeri W.P Kuala Lumpur
										
											Pejabat PERKESO Rawang
										
											Pejabat PERKESO Sandakan
										
											Pejabat PERKESO Sarikei
										
											Pejabat PERKESO Segamat
										
											Pejabat PERKESO Serian
										
											Pejabat PERKESO Sibu
										
											Pejabat PERKESO Sri Aman
										
											Pejabat PERKESO Sri Manjung
										
											Pejabat PERKESO Sungai Petani
										
											Pejabat PERKESO Taiping
										
											Pejabat PERKESO Tanjung Karang
										
											Pejabat PERKESO Tapah
										
											Pejabat PERKESO Tawau
										
											Pejabat PERKESO Teluk Intan
										
											Pejabat PERKESO Temerloh
										
									' or . = '
										--Sila Pilih--
										
											Pejabat PERKESO Batu Pahat
										
											Pejabat PERKESO Beaufort
										
											Pejabat PERKESO Bentong
										
											Pejabat PERKESO Bintulu
										
											Pejabat PERKESO Dungun
										
											Pejabat PERKESO Georgetown
										
											Pejabat PERKESO Kajang
										
											Pejabat PERKESO Kapit
										
											Pejabat PERKESO Kemaman
										
											Pejabat PERKESO Keningau
										
											Pejabat PERKESO Klang
										
											Pejabat PERKESO Kluang
										
											Pejabat PERKESO Kota Marudu
										
											Pejabat PERKESO Kuala Kangsar
										
											Pejabat PERKESO Kuala Krai
										
											Pejabat PERKESO Kuala Pilah
										
											Pejabat PERKESO Kulim
										
											Pejabat PERKESO Labuan
										
											Pejabat PERKESO Lahad Datu
										
											Pejabat PERKESO Langkawi
										
											Pejabat PERKESO Limbang
										
											Pejabat PERKESO Miri
										
											Pejabat PERKESO Muar
										
											Pejabat PERKESO Mukah
										
											Pejabat PERKESO Negeri Johor
										
											Pejabat PERKESO Negeri Kedah
										
											Pejabat PERKESO Negeri Kelantan
										
											Pejabat PERKESO Negeri Melaka
										
											Pejabat PERKESO Negeri Pahang
										
											Pejabat PERKESO Negeri Perak
										
											Pejabat PERKESO Negeri Perlis
										
											Pejabat PERKESO Negeri Pulau Pinang
										
											Pejabat PERKESO Negeri Sabah
										
											Pejabat PERKESO Negeri Sarawak
										
											Pejabat PERKESO Negeri Selangor
										
											Pejabat PERKESO Negeri Sembilan
										
											Pejabat PERKESO Negeri Terengganu
										
											Pejabat PERKESO Negeri W.P Kuala Lumpur
										
											Pejabat PERKESO Rawang
										
											Pejabat PERKESO Sandakan
										
											Pejabat PERKESO Sarikei
										
											Pejabat PERKESO Segamat
										
											Pejabat PERKESO Serian
										
											Pejabat PERKESO Sibu
										
											Pejabat PERKESO Sri Aman
										
											Pejabat PERKESO Sri Manjung
										
											Pejabat PERKESO Sungai Petani
										
											Pejabat PERKESO Taiping
										
											Pejabat PERKESO Tanjung Karang
										
											Pejabat PERKESO Tapah
										
											Pejabat PERKESO Tawau
										
											Pejabat PERKESO Teluk Intan
										
											Pejabat PERKESO Temerloh
										
									')]})
	at com.kms.katalon.core.keyword.internal.KeywordMain.stepFailed(KeywordMain.groovy:36)
	at com.kms.katalon.core.webui.keyword.internal.WebUIKeywordMain.stepFailed(WebUIKeywordMain.groovy:65)
	at com.kms.katalon.core.webui.keyword.internal.WebUIKeywordMain.runKeyword(WebUIKeywordMain.groovy:27)
	at com.kms.katalon.core.webui.keyword.builtin.ClickKeyword.click(ClickKeyword.groovy:86)
	at com.kms.katalon.core.webui.keyword.builtin.ClickKeyword.execute(ClickKeyword.groovy:67)
	at com.kms.katalon.core.keyword.internal.KeywordExecutor.executeKeywordForPlatform(KeywordExecutor.groovy:53)
	at com.kms.katalon.core.webui.keyword.WebUiBuiltInKeywords.click(WebUiBuiltInKeywords.groovy:616)
	at com.kms.katalon.core.webui.keyword.WebUiBuiltInKeywords$click$3.call(Unknown Source)
	at GN_Application_Reg.run(GN_Application_Reg:48)
	at com.kms.katalon.core.main.ScriptEngine.run(ScriptEngine.java:194)
	at com.kms.katalon.core.main.ScriptEngine.runScriptAsRawText(ScriptEngine.java:119)
	at com.kms.katalon.core.main.TestCaseExecutor.runScript(TestCaseExecutor.java:328)
	at com.kms.katalon.core.main.TestCaseExecutor.doExecute(TestCaseExecutor.java:319)
	at com.kms.katalon.core.main.TestCaseExecutor.processExecutionPhase(TestCaseExecutor.java:298)
	at com.kms.katalon.core.main.TestCaseExecutor.accessMainPhase(TestCaseExecutor.java:290)
	at com.kms.katalon.core.main.TestCaseExecutor.execute(TestCaseExecutor.java:224)
	at com.kms.katalon.core.main.TestCaseMain.runTestCase(TestCaseMain.java:106)
	at com.kms.katalon.core.keyword.builtin.CallTestCaseKeyword$_callTestCase_closure1.doCall(CallTestCaseKeyword.groovy:59)
	at com.kms.katalon.core.keyword.builtin.CallTestCaseKeyword$_callTestCase_closure1.call(CallTestCaseKeyword.groovy)
	at com.kms.katalon.core.keyword.internal.KeywordMain.runKeyword(KeywordMain.groovy:54)
	at com.kms.katalon.core.keyword.builtin.CallTestCaseKeyword.callTestCase(CallTestCaseKeyword.groovy:80)
	at com.kms.katalon.core.keyword.builtin.CallTestCaseKeyword.execute(CallTestCaseKeyword.groovy:44)
	at com.kms.katalon.core.keyword.internal.KeywordExecutor.executeKeywordForPlatform(KeywordExecutor.groovy:53)
	at com.kms.katalon.core.keyword.BuiltinKeywords.callTestCase(BuiltinKeywords.groovy:334)
	at GN_Submit Form 7_End to End.run(GN_Submit Form 7_End to End:16)
	at com.kms.katalon.core.main.ScriptEngine.run(ScriptEngine.java:194)
	at com.kms.katalon.core.main.ScriptEngine.runScriptAsRawText(ScriptEngine.java:119)
	at com.kms.katalon.core.main.TestCaseExecutor.runScript(TestCaseExecutor.java:328)
	at com.kms.katalon.core.main.TestCaseExecutor.doExecute(TestCaseExecutor.java:319)
	at com.kms.katalon.core.main.TestCaseExecutor.processExecutionPhase(TestCaseExecutor.java:298)
	at com.kms.katalon.core.main.TestCaseExecutor.accessMainPhase(TestCaseExecutor.java:290)
	at com.kms.katalon.core.main.TestCaseExecutor.execute(TestCaseExecutor.java:224)
	at com.kms.katalon.core.main.TestCaseMain.runTestCase(TestCaseMain.java:106)
	at com.kms.katalon.core.keyword.builtin.CallTestCaseKeyword$_callTestCase_closure1.doCall(CallTestCaseKeyword.groovy:59)
	at com.kms.katalon.core.keyword.builtin.CallTestCaseKeyword$_callTestCase_closure1.call(CallTestCaseKeyword.groovy)
	at com.kms.katalon.core.keyword.internal.KeywordMain.runKeyword(KeywordMain.groovy:54)
	at com.kms.katalon.core.keyword.builtin.CallTestCaseKeyword.callTestCase(CallTestCaseKeyword.groovy:80)
	at com.kms.katalon.core.keyword.builtin.CallTestCaseKeyword.execute(CallTestCaseKeyword.groovy:44)
	at com.kms.katalon.core.keyword.internal.KeywordExecutor.executeKeywordForPlatform(KeywordExecutor.groovy:53)
	at com.kms.katalon.core.keyword.BuiltinKeywords.callTestCase(BuiltinKeywords.groovy:334)
	at Submit Form 7 (General) - Case Reassignment Cross Branch SEIO.run(Submit Form 7 (General) - Case Reassignment Cross Branch SEIO:16)
	at com.kms.katalon.core.main.ScriptEngine.run(ScriptEngine.java:194)
	at com.kms.katalon.core.main.ScriptEngine.runScriptAsRawText(ScriptEngine.java:119)
	at com.kms.katalon.core.main.TestCaseExecutor.runScript(TestCaseExecutor.java:328)
	at com.kms.katalon.core.main.TestCaseExecutor.doExecute(TestCaseExecutor.java:319)
	at com.kms.katalon.core.main.TestCaseExecutor.processExecutionPhase(TestCaseExecutor.java:298)
	at com.kms.katalon.core.main.TestCaseExecutor.accessMainPhase(TestCaseExecutor.java:290)
	at com.kms.katalon.core.main.TestCaseExecutor.execute(TestCaseExecutor.java:224)
	at com.kms.katalon.core.main.TestSuiteExecutor.accessTestCaseMainPhase(TestSuiteExecutor.java:129)
	at com.kms.katalon.core.main.TestSuiteExecutor.accessTestSuiteMainPhase(TestSuiteExecutor.java:112)
	at com.kms.katalon.core.main.TestSuiteExecutor.execute(TestSuiteExecutor.java:81)
	at com.kms.katalon.core.main.TestCaseMain.startTestSuite(TestCaseMain.java:149)
	at com.kms.katalon.core.main.TestCaseMain$startTestSuite$0.call(Unknown Source)
	at TempTestSuite1550476757023.run(TempTestSuite1550476757023.groovy:36)]]></system-err>
      </testcase>
      <testcase name="Test Cases/All TC/Arranged/0. Full Flow/Submit Form 7 (General) - Case Reassignment Cross Branch EIO" classname="Test Cases/All TC/Arranged/0. Full Flow/Submit Form 7 (General) - Case Reassignment Cross Branch EIO" status="FAILED">
         <failure type="FAILED" message="Test Cases/All TC/Arranged/0. Full Flow/Submit Form 7 (General) - Case Reassignment Cross Branch EIO FAILED.
Reason:
com.kms.katalon.core.exception.StepFailedException: Unable to click on object 'Object Repository/ZhiHao/General_User_Submit_form 7/GN_Application_Reg/Page_PERKESO/select_pejabat_perkeso' (Root cause: org.openqa.selenium.UnhandledAlertException: unexpected alert open: {Alert text : HARAP MAKLUM

PERMOHONAN FAEDAH SIP TELAH DIBUAT BAGI PEKERJAAN INI. MOHON MENYEMAK SEMULA STATUS PERMOHONAN BAGI TUNTUTAN FAEDAH TERSEBUT}
  (Session info: chrome=72.0.3626.109)
  (Driver info: chromedriver=2.43.600210 (68dcf5eebde37173d4027fa8635e332711d2874a),platform=Windows NT 6.1.7601 SP1 x86_64) (WARNING: The server did not provide any stacktrace information)
Command duration or timeout: 0 milliseconds: null
Build info: version: '3.7.1', revision: '8a0099a', time: '2017-11-06T21:07:36.161Z'
System info: host: 'WIN7TEST02', ip: '10.20.3.72', os.name: 'Windows 7', os.arch: 'amd64', os.version: '6.1', java.version: '1.8.0_181'
Driver info: com.kms.katalon.selenium.driver.CChromeDriver
Capabilities {acceptInsecureCerts: false, acceptSslCerts: false, applicationCacheEnabled: false, browserConnectionEnabled: false, browserName: chrome, chrome: {chromedriverVersion: 2.43.600210 (68dcf5eebde371..., userDataDir: C:\Users\Admin\AppData\Loca...}, cssSelectorsEnabled: true, databaseEnabled: false, goog:chromeOptions: {debuggerAddress: localhost:64799}, handlesAlerts: true, hasTouchScreen: false, javascriptEnabled: true, locationContextEnabled: true, mobileEmulationEnabled: false, nativeEvents: true, networkConnectionEnabled: false, pageLoadStrategy: normal, platform: XP, platformName: XP, rotatable: false, setWindowRect: true, takesHeapSnapshot: true, takesScreenshot: true, unexpectedAlertBehaviour: , unhandledPromptBehavior: , version: 72.0.3626.109, webStorageEnabled: true}
Session ID: e683dd15e0695fc831024c6c1ca8cb1e
*** Element info: {Using=xpath, value=//select[@id = 'perkesoOfficeId' and @name = 'perkesoOfficeId' and (text() = '
										--Sila Pilih--
										
											Pejabat PERKESO Batu Pahat
										
											Pejabat PERKESO Beaufort
										
											Pejabat PERKESO Bentong
										
											Pejabat PERKESO Bintulu
										
											Pejabat PERKESO Dungun
										
											Pejabat PERKESO Georgetown
										
											Pejabat PERKESO Kajang
										
											Pejabat PERKESO Kapit
										
											Pejabat PERKESO Kemaman
										
											Pejabat PERKESO Keningau
										
											Pejabat PERKESO Klang
										
											Pejabat PERKESO Kluang
										
											Pejabat PERKESO Kota Marudu
										
											Pejabat PERKESO Kuala Kangsar
										
											Pejabat PERKESO Kuala Krai
										
											Pejabat PERKESO Kuala Pilah
										
											Pejabat PERKESO Kulim
										
											Pejabat PERKESO Labuan
										
											Pejabat PERKESO Lahad Datu
										
											Pejabat PERKESO Langkawi
										
											Pejabat PERKESO Limbang
										
											Pejabat PERKESO Miri
										
											Pejabat PERKESO Muar
										
											Pejabat PERKESO Mukah
										
											Pejabat PERKESO Negeri Johor
										
											Pejabat PERKESO Negeri Kedah
										
											Pejabat PERKESO Negeri Kelantan
										
											Pejabat PERKESO Negeri Melaka
										
											Pejabat PERKESO Negeri Pahang
										
											Pejabat PERKESO Negeri Perak
										
											Pejabat PERKESO Negeri Perlis
										
											Pejabat PERKESO Negeri Pulau Pinang
										
											Pejabat PERKESO Negeri Sabah
										
											Pejabat PERKESO Negeri Sarawak
										
											Pejabat PERKESO Negeri Selangor
										
											Pejabat PERKESO Negeri Sembilan
										
											Pejabat PERKESO Negeri Terengganu
										
											Pejabat PERKESO Negeri W.P Kuala Lumpur
										
											Pejabat PERKESO Rawang
										
											Pejabat PERKESO Sandakan
										
											Pejabat PERKESO Sarikei
										
											Pejabat PERKESO Segamat
										
											Pejabat PERKESO Serian
										
											Pejabat PERKESO Sibu
										
											Pejabat PERKESO Sri Aman
										
											Pejabat PERKESO Sri Manjung
										
											Pejabat PERKESO Sungai Petani
										
											Pejabat PERKESO Taiping
										
											Pejabat PERKESO Tanjung Karang
										
											Pejabat PERKESO Tapah
										
											Pejabat PERKESO Tawau
										
											Pejabat PERKESO Teluk Intan
										
											Pejabat PERKESO Temerloh
										
									' or . = '
										--Sila Pilih--
										
											Pejabat PERKESO Batu Pahat
										
											Pejabat PERKESO Beaufort
										
											Pejabat PERKESO Bentong
										
											Pejabat PERKESO Bintulu
										
											Pejabat PERKESO Dungun
										
											Pejabat PERKESO Georgetown
										
											Pejabat PERKESO Kajang
										
											Pejabat PERKESO Kapit
										
											Pejabat PERKESO Kemaman
										
											Pejabat PERKESO Keningau
										
											Pejabat PERKESO Klang
										
											Pejabat PERKESO Kluang
										
											Pejabat PERKESO Kota Marudu
										
											Pejabat PERKESO Kuala Kangsar
										
											Pejabat PERKESO Kuala Krai
										
											Pejabat PERKESO Kuala Pilah
										
											Pejabat PERKESO Kulim
										
											Pejabat PERKESO Labuan
										
											Pejabat PERKESO Lahad Datu
										
											Pejabat PERKESO Langkawi
										
											Pejabat PERKESO Limbang
										
											Pejabat PERKESO Miri
										
											Pejabat PERKESO Muar
										
											Pejabat PERKESO Mukah
										
											Pejabat PERKESO Negeri Johor
										
											Pejabat PERKESO Negeri Kedah
										
											Pejabat PERKESO Negeri Kelantan
										
											Pejabat PERKESO Negeri Melaka
										
											Pejabat PERKESO Negeri Pahang
										
											Pejabat PERKESO Negeri Perak
										
											Pejabat PERKESO Negeri Perlis
										
											Pejabat PERKESO Negeri Pulau Pinang
										
											Pejabat PERKESO Negeri Sabah
										
											Pejabat PERKESO Negeri Sarawak
										
											Pejabat PERKESO Negeri Selangor
										
											Pejabat PERKESO Negeri Sembilan
										
											Pejabat PERKESO Negeri Terengganu
										
											Pejabat PERKESO Negeri W.P Kuala Lumpur
										
											Pejabat PERKESO Rawang
										
											Pejabat PERKESO Sandakan
										
											Pejabat PERKESO Sarikei
										
											Pejabat PERKESO Segamat
										
											Pejabat PERKESO Serian
										
											Pejabat PERKESO Sibu
										
											Pejabat PERKESO Sri Aman
										
											Pejabat PERKESO Sri Manjung
										
											Pejabat PERKESO Sungai Petani
										
											Pejabat PERKESO Taiping
										
											Pejabat PERKESO Tanjung Karang
										
											Pejabat PERKESO Tapah
										
											Pejabat PERKESO Tawau
										
											Pejabat PERKESO Teluk Intan
										
											Pejabat PERKESO Temerloh
										
									')]})
	at com.kms.katalon.core.keyword.internal.KeywordMain.stepFailed(KeywordMain.groovy:36)
	at com.kms.katalon.core.webui.keyword.internal.WebUIKeywordMain.stepFailed(WebUIKeywordMain.groovy:65)
	at com.kms.katalon.core.webui.keyword.internal.WebUIKeywordMain.runKeyword(WebUIKeywordMain.groovy:27)
	at com.kms.katalon.core.webui.keyword.builtin.ClickKeyword.click(ClickKeyword.groovy:86)
	at com.kms.katalon.core.webui.keyword.builtin.ClickKeyword.execute(ClickKeyword.groovy:67)
	at com.kms.katalon.core.keyword.internal.KeywordExecutor.executeKeywordForPlatform(KeywordExecutor.groovy:53)
	at com.kms.katalon.core.webui.keyword.WebUiBuiltInKeywords.click(WebUiBuiltInKeywords.groovy:616)
	at com.kms.katalon.core.webui.keyword.WebUiBuiltInKeywords$click$3.call(Unknown Source)
	at GN_Application_Reg.run(GN_Application_Reg:48)
	at com.kms.katalon.core.main.ScriptEngine.run(ScriptEngine.java:194)
	at com.kms.katalon.core.main.ScriptEngine.runScriptAsRawText(ScriptEngine.java:119)
	at com.kms.katalon.core.main.TestCaseExecutor.runScript(TestCaseExecutor.java:328)
	at com.kms.katalon.core.main.TestCaseExecutor.doExecute(TestCaseExecutor.java:319)
	at com.kms.katalon.core.main.TestCaseExecutor.processExecutionPhase(TestCaseExecutor.java:298)
	at com.kms.katalon.core.main.TestCaseExecutor.accessMainPhase(TestCaseExecutor.java:290)
	at com.kms.katalon.core.main.TestCaseExecutor.execute(TestCaseExecutor.java:224)
	at com.kms.katalon.core.main.TestCaseMain.runTestCase(TestCaseMain.java:106)
	at com.kms.katalon.core.keyword.builtin.CallTestCaseKeyword$_callTestCase_closure1.doCall(CallTestCaseKeyword.groovy:59)
	at com.kms.katalon.core.keyword.builtin.CallTestCaseKeyword$_callTestCase_closure1.call(CallTestCaseKeyword.groovy)
	at com.kms.katalon.core.keyword.internal.KeywordMain.runKeyword(KeywordMain.groovy:54)
	at com.kms.katalon.core.keyword.builtin.CallTestCaseKeyword.callTestCase(CallTestCaseKeyword.groovy:80)
	at com.kms.katalon.core.keyword.builtin.CallTestCaseKeyword.execute(CallTestCaseKeyword.groovy:44)
	at com.kms.katalon.core.keyword.internal.KeywordExecutor.executeKeywordForPlatform(KeywordExecutor.groovy:53)
	at com.kms.katalon.core.keyword.BuiltinKeywords.callTestCase(BuiltinKeywords.groovy:334)
	at GN_Submit Form 7_End to End.run(GN_Submit Form 7_End to End:16)
	at com.kms.katalon.core.main.ScriptEngine.run(ScriptEngine.java:194)
	at com.kms.katalon.core.main.ScriptEngine.runScriptAsRawText(ScriptEngine.java:119)
	at com.kms.katalon.core.main.TestCaseExecutor.runScript(TestCaseExecutor.java:328)
	at com.kms.katalon.core.main.TestCaseExecutor.doExecute(TestCaseExecutor.java:319)
	at com.kms.katalon.core.main.TestCaseExecutor.processExecutionPhase(TestCaseExecutor.java:298)
	at com.kms.katalon.core.main.TestCaseExecutor.accessMainPhase(TestCaseExecutor.java:290)
	at com.kms.katalon.core.main.TestCaseExecutor.execute(TestCaseExecutor.java:224)
	at com.kms.katalon.core.main.TestCaseMain.runTestCase(TestCaseMain.java:106)
	at com.kms.katalon.core.keyword.builtin.CallTestCaseKeyword$_callTestCase_closure1.doCall(CallTestCaseKeyword.groovy:59)
	at com.kms.katalon.core.keyword.builtin.CallTestCaseKeyword$_callTestCase_closure1.call(CallTestCaseKeyword.groovy)
	at com.kms.katalon.core.keyword.internal.KeywordMain.runKeyword(KeywordMain.groovy:54)
	at com.kms.katalon.core.keyword.builtin.CallTestCaseKeyword.callTestCase(CallTestCaseKeyword.groovy:80)
	at com.kms.katalon.core.keyword.builtin.CallTestCaseKeyword.execute(CallTestCaseKeyword.groovy:44)
	at com.kms.katalon.core.keyword.internal.KeywordExecutor.executeKeywordForPlatform(KeywordExecutor.groovy:53)
	at com.kms.katalon.core.keyword.BuiltinKeywords.callTestCase(BuiltinKeywords.groovy:334)
	at Submit Form 7 (General) - Case Reassignment Cross Branch EIO.run(Submit Form 7 (General) - Case Reassignment Cross Branch EIO:16)
	at com.kms.katalon.core.main.ScriptEngine.run(ScriptEngine.java:194)
	at com.kms.katalon.core.main.ScriptEngine.runScriptAsRawText(ScriptEngine.java:119)
	at com.kms.katalon.core.main.TestCaseExecutor.runScript(TestCaseExecutor.java:328)
	at com.kms.katalon.core.main.TestCaseExecutor.doExecute(TestCaseExecutor.java:319)
	at com.kms.katalon.core.main.TestCaseExecutor.processExecutionPhase(TestCaseExecutor.java:298)
	at com.kms.katalon.core.main.TestCaseExecutor.accessMainPhase(TestCaseExecutor.java:290)
	at com.kms.katalon.core.main.TestCaseExecutor.execute(TestCaseExecutor.java:224)
	at com.kms.katalon.core.main.TestSuiteExecutor.accessTestCaseMainPhase(TestSuiteExecutor.java:129)
	at com.kms.katalon.core.main.TestSuiteExecutor.accessTestSuiteMainPhase(TestSuiteExecutor.java:112)
	at com.kms.katalon.core.main.TestSuiteExecutor.execute(TestSuiteExecutor.java:81)
	at com.kms.katalon.core.main.TestCaseMain.startTestSuite(TestCaseMain.java:149)
	at com.kms.katalon.core.main.TestCaseMain$startTestSuite$0.call(Unknown Source)
	at TempTestSuite1550476757023.run(TempTestSuite1550476757023.groovy:36)
"/>
         <system-out><![CDATA[2019-02-18 16:12:09 - [TEST_CASE][FAILED] - Test Cases/All TC/Arranged/0. Full Flow/Submit Form 7 (General) - Case Reassignment Cross Branch EIO: Test Cases/All TC/Arranged/0. Full Flow/Submit Form 7 (General) - Case Reassignment Cross Branch EIO FAILED.
Reason:
com.kms.katalon.core.exception.StepFailedException: Unable to click on object 'Object Repository/ZhiHao/General_User_Submit_form 7/GN_Application_Reg/Page_PERKESO/select_pejabat_perkeso' (Root cause: org.openqa.selenium.UnhandledAlertException: unexpected alert open: {Alert text : HARAP MAKLUM

PERMOHONAN FAEDAH SIP TELAH DIBUAT BAGI PEKERJAAN INI. MOHON MENYEMAK SEMULA STATUS PERMOHONAN BAGI TUNTUTAN FAEDAH TERSEBUT}
  (Session info: chrome=72.0.3626.109)
  (Driver info: chromedriver=2.43.600210 (68dcf5eebde37173d4027fa8635e332711d2874a),platform=Windows NT 6.1.7601 SP1 x86_64) (WARNING: The server did not provide any stacktrace information)
Command duration or timeout: 0 milliseconds: null
Build info: version: '3.7.1', revision: '8a0099a', time: '2017-11-06T21:07:36.161Z'
System info: host: 'WIN7TEST02', ip: '10.20.3.72', os.name: 'Windows 7', os.arch: 'amd64', os.version: '6.1', java.version: '1.8.0_181'
Driver info: com.kms.katalon.selenium.driver.CChromeDriver
Capabilities {acceptInsecureCerts: false, acceptSslCerts: false, applicationCacheEnabled: false, browserConnectionEnabled: false, browserName: chrome, chrome: {chromedriverVersion: 2.43.600210 (68dcf5eebde371..., userDataDir: C:\Users\Admin\AppData\Loca...}, cssSelectorsEnabled: true, databaseEnabled: false, goog:chromeOptions: {debuggerAddress: localhost:64799}, handlesAlerts: true, hasTouchScreen: false, javascriptEnabled: true, locationContextEnabled: true, mobileEmulationEnabled: false, nativeEvents: true, networkConnectionEnabled: false, pageLoadStrategy: normal, platform: XP, platformName: XP, rotatable: false, setWindowRect: true, takesHeapSnapshot: true, takesScreenshot: true, unexpectedAlertBehaviour: , unhandledPromptBehavior: , version: 72.0.3626.109, webStorageEnabled: true}
Session ID: e683dd15e0695fc831024c6c1ca8cb1e
*** Element info: {Using=xpath, value=//select[@id = 'perkesoOfficeId' and @name = 'perkesoOfficeId' and (text() = '
										--Sila Pilih--
										
											Pejabat PERKESO Batu Pahat
										
											Pejabat PERKESO Beaufort
										
											Pejabat PERKESO Bentong
										
											Pejabat PERKESO Bintulu
										
											Pejabat PERKESO Dungun
										
											Pejabat PERKESO Georgetown
										
											Pejabat PERKESO Kajang
										
											Pejabat PERKESO Kapit
										
											Pejabat PERKESO Kemaman
										
											Pejabat PERKESO Keningau
										
											Pejabat PERKESO Klang
										
											Pejabat PERKESO Kluang
										
											Pejabat PERKESO Kota Marudu
										
											Pejabat PERKESO Kuala Kangsar
										
											Pejabat PERKESO Kuala Krai
										
											Pejabat PERKESO Kuala Pilah
										
											Pejabat PERKESO Kulim
										
											Pejabat PERKESO Labuan
										
											Pejabat PERKESO Lahad Datu
										
											Pejabat PERKESO Langkawi
										
											Pejabat PERKESO Limbang
										
											Pejabat PERKESO Miri
										
											Pejabat PERKESO Muar
										
											Pejabat PERKESO Mukah
										
											Pejabat PERKESO Negeri Johor
										
											Pejabat PERKESO Negeri Kedah
										
											Pejabat PERKESO Negeri Kelantan
										
											Pejabat PERKESO Negeri Melaka
										
											Pejabat PERKESO Negeri Pahang
										
											Pejabat PERKESO Negeri Perak
										
											Pejabat PERKESO Negeri Perlis
										
											Pejabat PERKESO Negeri Pulau Pinang
										
											Pejabat PERKESO Negeri Sabah
										
											Pejabat PERKESO Negeri Sarawak
										
											Pejabat PERKESO Negeri Selangor
										
											Pejabat PERKESO Negeri Sembilan
										
											Pejabat PERKESO Negeri Terengganu
										
											Pejabat PERKESO Negeri W.P Kuala Lumpur
										
											Pejabat PERKESO Rawang
										
											Pejabat PERKESO Sandakan
										
											Pejabat PERKESO Sarikei
										
											Pejabat PERKESO Segamat
										
											Pejabat PERKESO Serian
										
											Pejabat PERKESO Sibu
										
											Pejabat PERKESO Sri Aman
										
											Pejabat PERKESO Sri Manjung
										
											Pejabat PERKESO Sungai Petani
										
											Pejabat PERKESO Taiping
										
											Pejabat PERKESO Tanjung Karang
										
											Pejabat PERKESO Tapah
										
											Pejabat PERKESO Tawau
										
											Pejabat PERKESO Teluk Intan
										
											Pejabat PERKESO Temerloh
										
									' or . = '
										--Sila Pilih--
										
											Pejabat PERKESO Batu Pahat
										
											Pejabat PERKESO Beaufort
										
											Pejabat PERKESO Bentong
										
											Pejabat PERKESO Bintulu
										
											Pejabat PERKESO Dungun
										
											Pejabat PERKESO Georgetown
										
											Pejabat PERKESO Kajang
										
											Pejabat PERKESO Kapit
										
											Pejabat PERKESO Kemaman
										
											Pejabat PERKESO Keningau
										
											Pejabat PERKESO Klang
										
											Pejabat PERKESO Kluang
										
											Pejabat PERKESO Kota Marudu
										
											Pejabat PERKESO Kuala Kangsar
										
											Pejabat PERKESO Kuala Krai
										
											Pejabat PERKESO Kuala Pilah
										
											Pejabat PERKESO Kulim
										
											Pejabat PERKESO Labuan
										
											Pejabat PERKESO Lahad Datu
										
											Pejabat PERKESO Langkawi
										
											Pejabat PERKESO Limbang
										
											Pejabat PERKESO Miri
										
											Pejabat PERKESO Muar
										
											Pejabat PERKESO Mukah
										
											Pejabat PERKESO Negeri Johor
										
											Pejabat PERKESO Negeri Kedah
										
											Pejabat PERKESO Negeri Kelantan
										
											Pejabat PERKESO Negeri Melaka
										
											Pejabat PERKESO Negeri Pahang
										
											Pejabat PERKESO Negeri Perak
										
											Pejabat PERKESO Negeri Perlis
										
											Pejabat PERKESO Negeri Pulau Pinang
										
											Pejabat PERKESO Negeri Sabah
										
											Pejabat PERKESO Negeri Sarawak
										
											Pejabat PERKESO Negeri Selangor
										
											Pejabat PERKESO Negeri Sembilan
										
											Pejabat PERKESO Negeri Terengganu
										
											Pejabat PERKESO Negeri W.P Kuala Lumpur
										
											Pejabat PERKESO Rawang
										
											Pejabat PERKESO Sandakan
										
											Pejabat PERKESO Sarikei
										
											Pejabat PERKESO Segamat
										
											Pejabat PERKESO Serian
										
											Pejabat PERKESO Sibu
										
											Pejabat PERKESO Sri Aman
										
											Pejabat PERKESO Sri Manjung
										
											Pejabat PERKESO Sungai Petani
										
											Pejabat PERKESO Taiping
										
											Pejabat PERKESO Tanjung Karang
										
											Pejabat PERKESO Tapah
										
											Pejabat PERKESO Tawau
										
											Pejabat PERKESO Teluk Intan
										
											Pejabat PERKESO Temerloh
										
									')]})
	at com.kms.katalon.core.keyword.internal.KeywordMain.stepFailed(KeywordMain.groovy:36)
	at com.kms.katalon.core.webui.keyword.internal.WebUIKeywordMain.stepFailed(WebUIKeywordMain.groovy:65)
	at com.kms.katalon.core.webui.keyword.internal.WebUIKeywordMain.runKeyword(WebUIKeywordMain.groovy:27)
	at com.kms.katalon.core.webui.keyword.builtin.ClickKeyword.click(ClickKeyword.groovy:86)
	at com.kms.katalon.core.webui.keyword.builtin.ClickKeyword.execute(ClickKeyword.groovy:67)
	at com.kms.katalon.core.keyword.internal.KeywordExecutor.executeKeywordForPlatform(KeywordExecutor.groovy:53)
	at com.kms.katalon.core.webui.keyword.WebUiBuiltInKeywords.click(WebUiBuiltInKeywords.groovy:616)
	at com.kms.katalon.core.webui.keyword.WebUiBuiltInKeywords$click$3.call(Unknown Source)
	at GN_Application_Reg.run(GN_Application_Reg:48)
	at com.kms.katalon.core.main.ScriptEngine.run(ScriptEngine.java:194)
	at com.kms.katalon.core.main.ScriptEngine.runScriptAsRawText(ScriptEngine.java:119)
	at com.kms.katalon.core.main.TestCaseExecutor.runScript(TestCaseExecutor.java:328)
	at com.kms.katalon.core.main.TestCaseExecutor.doExecute(TestCaseExecutor.java:319)
	at com.kms.katalon.core.main.TestCaseExecutor.processExecutionPhase(TestCaseExecutor.java:298)
	at com.kms.katalon.core.main.TestCaseExecutor.accessMainPhase(TestCaseExecutor.java:290)
	at com.kms.katalon.core.main.TestCaseExecutor.execute(TestCaseExecutor.java:224)
	at com.kms.katalon.core.main.TestCaseMain.runTestCase(TestCaseMain.java:106)
	at com.kms.katalon.core.keyword.builtin.CallTestCaseKeyword$_callTestCase_closure1.doCall(CallTestCaseKeyword.groovy:59)
	at com.kms.katalon.core.keyword.builtin.CallTestCaseKeyword$_callTestCase_closure1.call(CallTestCaseKeyword.groovy)
	at com.kms.katalon.core.keyword.internal.KeywordMain.runKeyword(KeywordMain.groovy:54)
	at com.kms.katalon.core.keyword.builtin.CallTestCaseKeyword.callTestCase(CallTestCaseKeyword.groovy:80)
	at com.kms.katalon.core.keyword.builtin.CallTestCaseKeyword.execute(CallTestCaseKeyword.groovy:44)
	at com.kms.katalon.core.keyword.internal.KeywordExecutor.executeKeywordForPlatform(KeywordExecutor.groovy:53)
	at com.kms.katalon.core.keyword.BuiltinKeywords.callTestCase(BuiltinKeywords.groovy:334)
	at GN_Submit Form 7_End to End.run(GN_Submit Form 7_End to End:16)
	at com.kms.katalon.core.main.ScriptEngine.run(ScriptEngine.java:194)
	at com.kms.katalon.core.main.ScriptEngine.runScriptAsRawText(ScriptEngine.java:119)
	at com.kms.katalon.core.main.TestCaseExecutor.runScript(TestCaseExecutor.java:328)
	at com.kms.katalon.core.main.TestCaseExecutor.doExecute(TestCaseExecutor.java:319)
	at com.kms.katalon.core.main.TestCaseExecutor.processExecutionPhase(TestCaseExecutor.java:298)
	at com.kms.katalon.core.main.TestCaseExecutor.accessMainPhase(TestCaseExecutor.java:290)
	at com.kms.katalon.core.main.TestCaseExecutor.execute(TestCaseExecutor.java:224)
	at com.kms.katalon.core.main.TestCaseMain.runTestCase(TestCaseMain.java:106)
	at com.kms.katalon.core.keyword.builtin.CallTestCaseKeyword$_callTestCase_closure1.doCall(CallTestCaseKeyword.groovy:59)
	at com.kms.katalon.core.keyword.builtin.CallTestCaseKeyword$_callTestCase_closure1.call(CallTestCaseKeyword.groovy)
	at com.kms.katalon.core.keyword.internal.KeywordMain.runKeyword(KeywordMain.groovy:54)
	at com.kms.katalon.core.keyword.builtin.CallTestCaseKeyword.callTestCase(CallTestCaseKeyword.groovy:80)
	at com.kms.katalon.core.keyword.builtin.CallTestCaseKeyword.execute(CallTestCaseKeyword.groovy:44)
	at com.kms.katalon.core.keyword.internal.KeywordExecutor.executeKeywordForPlatform(KeywordExecutor.groovy:53)
	at com.kms.katalon.core.keyword.BuiltinKeywords.callTestCase(BuiltinKeywords.groovy:334)
	at Submit Form 7 (General) - Case Reassignment Cross Branch EIO.run(Submit Form 7 (General) - Case Reassignment Cross Branch EIO:16)
	at com.kms.katalon.core.main.ScriptEngine.run(ScriptEngine.java:194)
	at com.kms.katalon.core.main.ScriptEngine.runScriptAsRawText(ScriptEngine.java:119)
	at com.kms.katalon.core.main.TestCaseExecutor.runScript(TestCaseExecutor.java:328)
	at com.kms.katalon.core.main.TestCaseExecutor.doExecute(TestCaseExecutor.java:319)
	at com.kms.katalon.core.main.TestCaseExecutor.processExecutionPhase(TestCaseExecutor.java:298)
	at com.kms.katalon.core.main.TestCaseExecutor.accessMainPhase(TestCaseExecutor.java:290)
	at com.kms.katalon.core.main.TestCaseExecutor.execute(TestCaseExecutor.java:224)
	at com.kms.katalon.core.main.TestSuiteExecutor.accessTestCaseMainPhase(TestSuiteExecutor.java:129)
	at com.kms.katalon.core.main.TestSuiteExecutor.accessTestSuiteMainPhase(TestSuiteExecutor.java:112)
	at com.kms.katalon.core.main.TestSuiteExecutor.execute(TestSuiteExecutor.java:81)
	at com.kms.katalon.core.main.TestCaseMain.startTestSuite(TestCaseMain.java:149)
	at com.kms.katalon.core.main.TestCaseMain$startTestSuite$0.call(Unknown Source)
	at TempTestSuite1550476757023.run(TempTestSuite1550476757023.groovy:36)


2019-02-18 16:12:09 - [TEST_STEP][FAILED] - callTestCase(findTestCase("All TC/Arranged/2. Segment/GN_Submit Form 7_End to End"), [:], STOP_ON_FAILURE): callTestCase(findTestCase("All TC/Arranged/2. Segment/GN_Submit Form 7_End to End"), [:], STOP_ON_FAILURE) FAILED.
Reason:
com.kms.katalon.core.exception.StepFailedException: Unable to click on object 'Object Repository/ZhiHao/General_User_Submit_form 7/GN_Application_Reg/Page_PERKESO/select_pejabat_perkeso' (Root cause: org.openqa.selenium.UnhandledAlertException: unexpected alert open: {Alert text : HARAP MAKLUM

PERMOHONAN FAEDAH SIP TELAH DIBUAT BAGI PEKERJAAN INI. MOHON MENYEMAK SEMULA STATUS PERMOHONAN BAGI TUNTUTAN FAEDAH TERSEBUT}
  (Session info: chrome=72.0.3626.109)
  (Driver info: chromedriver=2.43.600210 (68dcf5eebde37173d4027fa8635e332711d2874a),platform=Windows NT 6.1.7601 SP1 x86_64) (WARNING: The server did not provide any stacktrace information)
Command duration or timeout: 0 milliseconds: null
Build info: version: '3.7.1', revision: '8a0099a', time: '2017-11-06T21:07:36.161Z'
System info: host: 'WIN7TEST02', ip: '10.20.3.72', os.name: 'Windows 7', os.arch: 'amd64', os.version: '6.1', java.version: '1.8.0_181'
Driver info: com.kms.katalon.selenium.driver.CChromeDriver
Capabilities {acceptInsecureCerts: false, acceptSslCerts: false, applicationCacheEnabled: false, browserConnectionEnabled: false, browserName: chrome, chrome: {chromedriverVersion: 2.43.600210 (68dcf5eebde371..., userDataDir: C:\Users\Admin\AppData\Loca...}, cssSelectorsEnabled: true, databaseEnabled: false, goog:chromeOptions: {debuggerAddress: localhost:64799}, handlesAlerts: true, hasTouchScreen: false, javascriptEnabled: true, locationContextEnabled: true, mobileEmulationEnabled: false, nativeEvents: true, networkConnectionEnabled: false, pageLoadStrategy: normal, platform: XP, platformName: XP, rotatable: false, setWindowRect: true, takesHeapSnapshot: true, takesScreenshot: true, unexpectedAlertBehaviour: , unhandledPromptBehavior: , version: 72.0.3626.109, webStorageEnabled: true}
Session ID: e683dd15e0695fc831024c6c1ca8cb1e
*** Element info: {Using=xpath, value=//select[@id = 'perkesoOfficeId' and @name = 'perkesoOfficeId' and (text() = '
										--Sila Pilih--
										
											Pejabat PERKESO Batu Pahat
										
											Pejabat PERKESO Beaufort
										
											Pejabat PERKESO Bentong
										
											Pejabat PERKESO Bintulu
										
											Pejabat PERKESO Dungun
										
											Pejabat PERKESO Georgetown
										
											Pejabat PERKESO Kajang
										
											Pejabat PERKESO Kapit
										
											Pejabat PERKESO Kemaman
										
											Pejabat PERKESO Keningau
										
											Pejabat PERKESO Klang
										
											Pejabat PERKESO Kluang
										
											Pejabat PERKESO Kota Marudu
										
											Pejabat PERKESO Kuala Kangsar
										
											Pejabat PERKESO Kuala Krai
										
											Pejabat PERKESO Kuala Pilah
										
											Pejabat PERKESO Kulim
										
											Pejabat PERKESO Labuan
										
											Pejabat PERKESO Lahad Datu
										
											Pejabat PERKESO Langkawi
										
											Pejabat PERKESO Limbang
										
											Pejabat PERKESO Miri
										
											Pejabat PERKESO Muar
										
											Pejabat PERKESO Mukah
										
											Pejabat PERKESO Negeri Johor
										
											Pejabat PERKESO Negeri Kedah
										
											Pejabat PERKESO Negeri Kelantan
										
											Pejabat PERKESO Negeri Melaka
										
											Pejabat PERKESO Negeri Pahang
										
											Pejabat PERKESO Negeri Perak
										
											Pejabat PERKESO Negeri Perlis
										
											Pejabat PERKESO Negeri Pulau Pinang
										
											Pejabat PERKESO Negeri Sabah
										
											Pejabat PERKESO Negeri Sarawak
										
											Pejabat PERKESO Negeri Selangor
										
											Pejabat PERKESO Negeri Sembilan
										
											Pejabat PERKESO Negeri Terengganu
										
											Pejabat PERKESO Negeri W.P Kuala Lumpur
										
											Pejabat PERKESO Rawang
										
											Pejabat PERKESO Sandakan
										
											Pejabat PERKESO Sarikei
										
											Pejabat PERKESO Segamat
										
											Pejabat PERKESO Serian
										
											Pejabat PERKESO Sibu
										
											Pejabat PERKESO Sri Aman
										
											Pejabat PERKESO Sri Manjung
										
											Pejabat PERKESO Sungai Petani
										
											Pejabat PERKESO Taiping
										
											Pejabat PERKESO Tanjung Karang
										
											Pejabat PERKESO Tapah
										
											Pejabat PERKESO Tawau
										
											Pejabat PERKESO Teluk Intan
										
											Pejabat PERKESO Temerloh
										
									' or . = '
										--Sila Pilih--
										
											Pejabat PERKESO Batu Pahat
										
											Pejabat PERKESO Beaufort
										
											Pejabat PERKESO Bentong
										
											Pejabat PERKESO Bintulu
										
											Pejabat PERKESO Dungun
										
											Pejabat PERKESO Georgetown
										
											Pejabat PERKESO Kajang
										
											Pejabat PERKESO Kapit
										
											Pejabat PERKESO Kemaman
										
											Pejabat PERKESO Keningau
										
											Pejabat PERKESO Klang
										
											Pejabat PERKESO Kluang
										
											Pejabat PERKESO Kota Marudu
										
											Pejabat PERKESO Kuala Kangsar
										
											Pejabat PERKESO Kuala Krai
										
											Pejabat PERKESO Kuala Pilah
										
											Pejabat PERKESO Kulim
										
											Pejabat PERKESO Labuan
										
											Pejabat PERKESO Lahad Datu
										
											Pejabat PERKESO Langkawi
										
											Pejabat PERKESO Limbang
										
											Pejabat PERKESO Miri
										
											Pejabat PERKESO Muar
										
											Pejabat PERKESO Mukah
										
											Pejabat PERKESO Negeri Johor
										
											Pejabat PERKESO Negeri Kedah
										
											Pejabat PERKESO Negeri Kelantan
										
											Pejabat PERKESO Negeri Melaka
										
											Pejabat PERKESO Negeri Pahang
										
											Pejabat PERKESO Negeri Perak
										
											Pejabat PERKESO Negeri Perlis
										
											Pejabat PERKESO Negeri Pulau Pinang
										
											Pejabat PERKESO Negeri Sabah
										
											Pejabat PERKESO Negeri Sarawak
										
											Pejabat PERKESO Negeri Selangor
										
											Pejabat PERKESO Negeri Sembilan
										
											Pejabat PERKESO Negeri Terengganu
										
											Pejabat PERKESO Negeri W.P Kuala Lumpur
										
											Pejabat PERKESO Rawang
										
											Pejabat PERKESO Sandakan
										
											Pejabat PERKESO Sarikei
										
											Pejabat PERKESO Segamat
										
											Pejabat PERKESO Serian
										
											Pejabat PERKESO Sibu
										
											Pejabat PERKESO Sri Aman
										
											Pejabat PERKESO Sri Manjung
										
											Pejabat PERKESO Sungai Petani
										
											Pejabat PERKESO Taiping
										
											Pejabat PERKESO Tanjung Karang
										
											Pejabat PERKESO Tapah
										
											Pejabat PERKESO Tawau
										
											Pejabat PERKESO Teluk Intan
										
											Pejabat PERKESO Temerloh
										
									')]})
	at com.kms.katalon.core.keyword.internal.KeywordMain.stepFailed(KeywordMain.groovy:36)
	at com.kms.katalon.core.webui.keyword.internal.WebUIKeywordMain.stepFailed(WebUIKeywordMain.groovy:65)
	at com.kms.katalon.core.webui.keyword.internal.WebUIKeywordMain.runKeyword(WebUIKeywordMain.groovy:27)
	at com.kms.katalon.core.webui.keyword.builtin.ClickKeyword.click(ClickKeyword.groovy:86)
	at com.kms.katalon.core.webui.keyword.builtin.ClickKeyword.execute(ClickKeyword.groovy:67)
	at com.kms.katalon.core.keyword.internal.KeywordExecutor.executeKeywordForPlatform(KeywordExecutor.groovy:53)
	at com.kms.katalon.core.webui.keyword.WebUiBuiltInKeywords.click(WebUiBuiltInKeywords.groovy:616)
	at com.kms.katalon.core.webui.keyword.WebUiBuiltInKeywords$click$3.call(Unknown Source)
	at GN_Application_Reg.run(GN_Application_Reg:48)
	at com.kms.katalon.core.main.ScriptEngine.run(ScriptEngine.java:194)
	at com.kms.katalon.core.main.ScriptEngine.runScriptAsRawText(ScriptEngine.java:119)
	at com.kms.katalon.core.main.TestCaseExecutor.runScript(TestCaseExecutor.java:328)
	at com.kms.katalon.core.main.TestCaseExecutor.doExecute(TestCaseExecutor.java:319)
	at com.kms.katalon.core.main.TestCaseExecutor.processExecutionPhase(TestCaseExecutor.java:298)
	at com.kms.katalon.core.main.TestCaseExecutor.accessMainPhase(TestCaseExecutor.java:290)
	at com.kms.katalon.core.main.TestCaseExecutor.execute(TestCaseExecutor.java:224)
	at com.kms.katalon.core.main.TestCaseMain.runTestCase(TestCaseMain.java:106)
	at com.kms.katalon.core.keyword.builtin.CallTestCaseKeyword$_callTestCase_closure1.doCall(CallTestCaseKeyword.groovy:59)
	at com.kms.katalon.core.keyword.builtin.CallTestCaseKeyword$_callTestCase_closure1.call(CallTestCaseKeyword.groovy)
	at com.kms.katalon.core.keyword.internal.KeywordMain.runKeyword(KeywordMain.groovy:54)
	at com.kms.katalon.core.keyword.builtin.CallTestCaseKeyword.callTestCase(CallTestCaseKeyword.groovy:80)
	at com.kms.katalon.core.keyword.builtin.CallTestCaseKeyword.execute(CallTestCaseKeyword.groovy:44)
	at com.kms.katalon.core.keyword.internal.KeywordExecutor.executeKeywordForPlatform(KeywordExecutor.groovy:53)
	at com.kms.katalon.core.keyword.BuiltinKeywords.callTestCase(BuiltinKeywords.groovy:334)
	at GN_Submit Form 7_End to End.run(GN_Submit Form 7_End to End:16)
	at com.kms.katalon.core.main.ScriptEngine.run(ScriptEngine.java:194)
	at com.kms.katalon.core.main.ScriptEngine.runScriptAsRawText(ScriptEngine.java:119)
	at com.kms.katalon.core.main.TestCaseExecutor.runScript(TestCaseExecutor.java:328)
	at com.kms.katalon.core.main.TestCaseExecutor.doExecute(TestCaseExecutor.java:319)
	at com.kms.katalon.core.main.TestCaseExecutor.processExecutionPhase(TestCaseExecutor.java:298)
	at com.kms.katalon.core.main.TestCaseExecutor.accessMainPhase(TestCaseExecutor.java:290)
	at com.kms.katalon.core.main.TestCaseExecutor.execute(TestCaseExecutor.java:224)
	at com.kms.katalon.core.main.TestCaseMain.runTestCase(TestCaseMain.java:106)
	at com.kms.katalon.core.keyword.builtin.CallTestCaseKeyword$_callTestCase_closure1.doCall(CallTestCaseKeyword.groovy:59)
	at com.kms.katalon.core.keyword.builtin.CallTestCaseKeyword$_callTestCase_closure1.call(CallTestCaseKeyword.groovy)
	at com.kms.katalon.core.keyword.internal.KeywordMain.runKeyword(KeywordMain.groovy:54)
	at com.kms.katalon.core.keyword.builtin.CallTestCaseKeyword.callTestCase(CallTestCaseKeyword.groovy:80)
	at com.kms.katalon.core.keyword.builtin.CallTestCaseKeyword.execute(CallTestCaseKeyword.groovy:44)
	at com.kms.katalon.core.keyword.internal.KeywordExecutor.executeKeywordForPlatform(KeywordExecutor.groovy:53)
	at com.kms.katalon.core.keyword.BuiltinKeywords.callTestCase(BuiltinKeywords.groovy:334)
	at Submit Form 7 (General) - Case Reassignment Cross Branch EIO.run(Submit Form 7 (General) - Case Reassignment Cross Branch EIO:16)
	at com.kms.katalon.core.main.ScriptEngine.run(ScriptEngine.java:194)
	at com.kms.katalon.core.main.ScriptEngine.runScriptAsRawText(ScriptEngine.java:119)
	at com.kms.katalon.core.main.TestCaseExecutor.runScript(TestCaseExecutor.java:328)
	at com.kms.katalon.core.main.TestCaseExecutor.doExecute(TestCaseExecutor.java:319)
	at com.kms.katalon.core.main.TestCaseExecutor.processExecutionPhase(TestCaseExecutor.java:298)
	at com.kms.katalon.core.main.TestCaseExecutor.accessMainPhase(TestCaseExecutor.java:290)
	at com.kms.katalon.core.main.TestCaseExecutor.execute(TestCaseExecutor.java:224)
	at com.kms.katalon.core.main.TestSuiteExecutor.accessTestCaseMainPhase(TestSuiteExecutor.java:129)
	at com.kms.katalon.core.main.TestSuiteExecutor.accessTestSuiteMainPhase(TestSuiteExecutor.java:112)
	at com.kms.katalon.core.main.TestSuiteExecutor.execute(TestSuiteExecutor.java:81)
	at com.kms.katalon.core.main.TestCaseMain.startTestSuite(TestCaseMain.java:149)
	at com.kms.katalon.core.main.TestCaseMain$startTestSuite$0.call(Unknown Source)
	at TempTestSuite1550476757023.run(TempTestSuite1550476757023.groovy:36)


2019-02-18 16:12:09 - [TEST_CASE][FAILED] - Test Cases/All TC/Arranged/2. Segment/GN_Submit Form 7_End to End: Test Cases/All TC/Arranged/2. Segment/GN_Submit Form 7_End to End FAILED.
Reason:
com.kms.katalon.core.exception.StepFailedException: Unable to click on object 'Object Repository/ZhiHao/General_User_Submit_form 7/GN_Application_Reg/Page_PERKESO/select_pejabat_perkeso' (Root cause: org.openqa.selenium.UnhandledAlertException: unexpected alert open: {Alert text : HARAP MAKLUM

PERMOHONAN FAEDAH SIP TELAH DIBUAT BAGI PEKERJAAN INI. MOHON MENYEMAK SEMULA STATUS PERMOHONAN BAGI TUNTUTAN FAEDAH TERSEBUT}
  (Session info: chrome=72.0.3626.109)
  (Driver info: chromedriver=2.43.600210 (68dcf5eebde37173d4027fa8635e332711d2874a),platform=Windows NT 6.1.7601 SP1 x86_64) (WARNING: The server did not provide any stacktrace information)
Command duration or timeout: 0 milliseconds: null
Build info: version: '3.7.1', revision: '8a0099a', time: '2017-11-06T21:07:36.161Z'
System info: host: 'WIN7TEST02', ip: '10.20.3.72', os.name: 'Windows 7', os.arch: 'amd64', os.version: '6.1', java.version: '1.8.0_181'
Driver info: com.kms.katalon.selenium.driver.CChromeDriver
Capabilities {acceptInsecureCerts: false, acceptSslCerts: false, applicationCacheEnabled: false, browserConnectionEnabled: false, browserName: chrome, chrome: {chromedriverVersion: 2.43.600210 (68dcf5eebde371..., userDataDir: C:\Users\Admin\AppData\Loca...}, cssSelectorsEnabled: true, databaseEnabled: false, goog:chromeOptions: {debuggerAddress: localhost:64799}, handlesAlerts: true, hasTouchScreen: false, javascriptEnabled: true, locationContextEnabled: true, mobileEmulationEnabled: false, nativeEvents: true, networkConnectionEnabled: false, pageLoadStrategy: normal, platform: XP, platformName: XP, rotatable: false, setWindowRect: true, takesHeapSnapshot: true, takesScreenshot: true, unexpectedAlertBehaviour: , unhandledPromptBehavior: , version: 72.0.3626.109, webStorageEnabled: true}
Session ID: e683dd15e0695fc831024c6c1ca8cb1e
*** Element info: {Using=xpath, value=//select[@id = 'perkesoOfficeId' and @name = 'perkesoOfficeId' and (text() = '
										--Sila Pilih--
										
											Pejabat PERKESO Batu Pahat
										
											Pejabat PERKESO Beaufort
										
											Pejabat PERKESO Bentong
										
											Pejabat PERKESO Bintulu
										
											Pejabat PERKESO Dungun
										
											Pejabat PERKESO Georgetown
										
											Pejabat PERKESO Kajang
										
											Pejabat PERKESO Kapit
										
											Pejabat PERKESO Kemaman
										
											Pejabat PERKESO Keningau
										
											Pejabat PERKESO Klang
										
											Pejabat PERKESO Kluang
										
											Pejabat PERKESO Kota Marudu
										
											Pejabat PERKESO Kuala Kangsar
										
											Pejabat PERKESO Kuala Krai
										
											Pejabat PERKESO Kuala Pilah
										
											Pejabat PERKESO Kulim
										
											Pejabat PERKESO Labuan
										
											Pejabat PERKESO Lahad Datu
										
											Pejabat PERKESO Langkawi
										
											Pejabat PERKESO Limbang
										
											Pejabat PERKESO Miri
										
											Pejabat PERKESO Muar
										
											Pejabat PERKESO Mukah
										
											Pejabat PERKESO Negeri Johor
										
											Pejabat PERKESO Negeri Kedah
										
											Pejabat PERKESO Negeri Kelantan
										
											Pejabat PERKESO Negeri Melaka
										
											Pejabat PERKESO Negeri Pahang
										
											Pejabat PERKESO Negeri Perak
										
											Pejabat PERKESO Negeri Perlis
										
											Pejabat PERKESO Negeri Pulau Pinang
										
											Pejabat PERKESO Negeri Sabah
										
											Pejabat PERKESO Negeri Sarawak
										
											Pejabat PERKESO Negeri Selangor
										
											Pejabat PERKESO Negeri Sembilan
										
											Pejabat PERKESO Negeri Terengganu
										
											Pejabat PERKESO Negeri W.P Kuala Lumpur
										
											Pejabat PERKESO Rawang
										
											Pejabat PERKESO Sandakan
										
											Pejabat PERKESO Sarikei
										
											Pejabat PERKESO Segamat
										
											Pejabat PERKESO Serian
										
											Pejabat PERKESO Sibu
										
											Pejabat PERKESO Sri Aman
										
											Pejabat PERKESO Sri Manjung
										
											Pejabat PERKESO Sungai Petani
										
											Pejabat PERKESO Taiping
										
											Pejabat PERKESO Tanjung Karang
										
											Pejabat PERKESO Tapah
										
											Pejabat PERKESO Tawau
										
											Pejabat PERKESO Teluk Intan
										
											Pejabat PERKESO Temerloh
										
									' or . = '
										--Sila Pilih--
										
											Pejabat PERKESO Batu Pahat
										
											Pejabat PERKESO Beaufort
										
											Pejabat PERKESO Bentong
										
											Pejabat PERKESO Bintulu
										
											Pejabat PERKESO Dungun
										
											Pejabat PERKESO Georgetown
										
											Pejabat PERKESO Kajang
										
											Pejabat PERKESO Kapit
										
											Pejabat PERKESO Kemaman
										
											Pejabat PERKESO Keningau
										
											Pejabat PERKESO Klang
										
											Pejabat PERKESO Kluang
										
											Pejabat PERKESO Kota Marudu
										
											Pejabat PERKESO Kuala Kangsar
										
											Pejabat PERKESO Kuala Krai
										
											Pejabat PERKESO Kuala Pilah
										
											Pejabat PERKESO Kulim
										
											Pejabat PERKESO Labuan
										
											Pejabat PERKESO Lahad Datu
										
											Pejabat PERKESO Langkawi
										
											Pejabat PERKESO Limbang
										
											Pejabat PERKESO Miri
										
											Pejabat PERKESO Muar
										
											Pejabat PERKESO Mukah
										
											Pejabat PERKESO Negeri Johor
										
											Pejabat PERKESO Negeri Kedah
										
											Pejabat PERKESO Negeri Kelantan
										
											Pejabat PERKESO Negeri Melaka
										
											Pejabat PERKESO Negeri Pahang
										
											Pejabat PERKESO Negeri Perak
										
											Pejabat PERKESO Negeri Perlis
										
											Pejabat PERKESO Negeri Pulau Pinang
										
											Pejabat PERKESO Negeri Sabah
										
											Pejabat PERKESO Negeri Sarawak
										
											Pejabat PERKESO Negeri Selangor
										
											Pejabat PERKESO Negeri Sembilan
										
											Pejabat PERKESO Negeri Terengganu
										
											Pejabat PERKESO Negeri W.P Kuala Lumpur
										
											Pejabat PERKESO Rawang
										
											Pejabat PERKESO Sandakan
										
											Pejabat PERKESO Sarikei
										
											Pejabat PERKESO Segamat
										
											Pejabat PERKESO Serian
										
											Pejabat PERKESO Sibu
										
											Pejabat PERKESO Sri Aman
										
											Pejabat PERKESO Sri Manjung
										
											Pejabat PERKESO Sungai Petani
										
											Pejabat PERKESO Taiping
										
											Pejabat PERKESO Tanjung Karang
										
											Pejabat PERKESO Tapah
										
											Pejabat PERKESO Tawau
										
											Pejabat PERKESO Teluk Intan
										
											Pejabat PERKESO Temerloh
										
									')]})
	at com.kms.katalon.core.keyword.internal.KeywordMain.stepFailed(KeywordMain.groovy:36)
	at com.kms.katalon.core.webui.keyword.internal.WebUIKeywordMain.stepFailed(WebUIKeywordMain.groovy:65)
	at com.kms.katalon.core.webui.keyword.internal.WebUIKeywordMain.runKeyword(WebUIKeywordMain.groovy:27)
	at com.kms.katalon.core.webui.keyword.builtin.ClickKeyword.click(ClickKeyword.groovy:86)
	at com.kms.katalon.core.webui.keyword.builtin.ClickKeyword.execute(ClickKeyword.groovy:67)
	at com.kms.katalon.core.keyword.internal.KeywordExecutor.executeKeywordForPlatform(KeywordExecutor.groovy:53)
	at com.kms.katalon.core.webui.keyword.WebUiBuiltInKeywords.click(WebUiBuiltInKeywords.groovy:616)
	at com.kms.katalon.core.webui.keyword.WebUiBuiltInKeywords$click$3.call(Unknown Source)
	at GN_Application_Reg.run(GN_Application_Reg:48)
	at com.kms.katalon.core.main.ScriptEngine.run(ScriptEngine.java:194)
	at com.kms.katalon.core.main.ScriptEngine.runScriptAsRawText(ScriptEngine.java:119)
	at com.kms.katalon.core.main.TestCaseExecutor.runScript(TestCaseExecutor.java:328)
	at com.kms.katalon.core.main.TestCaseExecutor.doExecute(TestCaseExecutor.java:319)
	at com.kms.katalon.core.main.TestCaseExecutor.processExecutionPhase(TestCaseExecutor.java:298)
	at com.kms.katalon.core.main.TestCaseExecutor.accessMainPhase(TestCaseExecutor.java:290)
	at com.kms.katalon.core.main.TestCaseExecutor.execute(TestCaseExecutor.java:224)
	at com.kms.katalon.core.main.TestCaseMain.runTestCase(TestCaseMain.java:106)
	at com.kms.katalon.core.keyword.builtin.CallTestCaseKeyword$_callTestCase_closure1.doCall(CallTestCaseKeyword.groovy:59)
	at com.kms.katalon.core.keyword.builtin.CallTestCaseKeyword$_callTestCase_closure1.call(CallTestCaseKeyword.groovy)
	at com.kms.katalon.core.keyword.internal.KeywordMain.runKeyword(KeywordMain.groovy:54)
	at com.kms.katalon.core.keyword.builtin.CallTestCaseKeyword.callTestCase(CallTestCaseKeyword.groovy:80)
	at com.kms.katalon.core.keyword.builtin.CallTestCaseKeyword.execute(CallTestCaseKeyword.groovy:44)
	at com.kms.katalon.core.keyword.internal.KeywordExecutor.executeKeywordForPlatform(KeywordExecutor.groovy:53)
	at com.kms.katalon.core.keyword.BuiltinKeywords.callTestCase(BuiltinKeywords.groovy:334)
	at GN_Submit Form 7_End to End.run(GN_Submit Form 7_End to End:16)
	at com.kms.katalon.core.main.ScriptEngine.run(ScriptEngine.java:194)
	at com.kms.katalon.core.main.ScriptEngine.runScriptAsRawText(ScriptEngine.java:119)
	at com.kms.katalon.core.main.TestCaseExecutor.runScript(TestCaseExecutor.java:328)
	at com.kms.katalon.core.main.TestCaseExecutor.doExecute(TestCaseExecutor.java:319)
	at com.kms.katalon.core.main.TestCaseExecutor.processExecutionPhase(TestCaseExecutor.java:298)
	at com.kms.katalon.core.main.TestCaseExecutor.accessMainPhase(TestCaseExecutor.java:290)
	at com.kms.katalon.core.main.TestCaseExecutor.execute(TestCaseExecutor.java:224)
	at com.kms.katalon.core.main.TestCaseMain.runTestCase(TestCaseMain.java:106)
	at com.kms.katalon.core.keyword.builtin.CallTestCaseKeyword$_callTestCase_closure1.doCall(CallTestCaseKeyword.groovy:59)
	at com.kms.katalon.core.keyword.builtin.CallTestCaseKeyword$_callTestCase_closure1.call(CallTestCaseKeyword.groovy)
	at com.kms.katalon.core.keyword.internal.KeywordMain.runKeyword(KeywordMain.groovy:54)
	at com.kms.katalon.core.keyword.builtin.CallTestCaseKeyword.callTestCase(CallTestCaseKeyword.groovy:80)
	at com.kms.katalon.core.keyword.builtin.CallTestCaseKeyword.execute(CallTestCaseKeyword.groovy:44)
	at com.kms.katalon.core.keyword.internal.KeywordExecutor.executeKeywordForPlatform(KeywordExecutor.groovy:53)
	at com.kms.katalon.core.keyword.BuiltinKeywords.callTestCase(BuiltinKeywords.groovy:334)
	at Submit Form 7 (General) - Case Reassignment Cross Branch EIO.run(Submit Form 7 (General) - Case Reassignment Cross Branch EIO:16)
	at com.kms.katalon.core.main.ScriptEngine.run(ScriptEngine.java:194)
	at com.kms.katalon.core.main.ScriptEngine.runScriptAsRawText(ScriptEngine.java:119)
	at com.kms.katalon.core.main.TestCaseExecutor.runScript(TestCaseExecutor.java:328)
	at com.kms.katalon.core.main.TestCaseExecutor.doExecute(TestCaseExecutor.java:319)
	at com.kms.katalon.core.main.TestCaseExecutor.processExecutionPhase(TestCaseExecutor.java:298)
	at com.kms.katalon.core.main.TestCaseExecutor.accessMainPhase(TestCaseExecutor.java:290)
	at com.kms.katalon.core.main.TestCaseExecutor.execute(TestCaseExecutor.java:224)
	at com.kms.katalon.core.main.TestSuiteExecutor.accessTestCaseMainPhase(TestSuiteExecutor.java:129)
	at com.kms.katalon.core.main.TestSuiteExecutor.accessTestSuiteMainPhase(TestSuiteExecutor.java:112)
	at com.kms.katalon.core.main.TestSuiteExecutor.execute(TestSuiteExecutor.java:81)
	at com.kms.katalon.core.main.TestCaseMain.startTestSuite(TestCaseMain.java:149)
	at com.kms.katalon.core.main.TestCaseMain$startTestSuite$0.call(Unknown Source)
	at TempTestSuite1550476757023.run(TempTestSuite1550476757023.groovy:36)


2019-02-18 16:12:09 - [TEST_STEP][FAILED] - callTestCase(findTestCase("All TC/Arranged/3. Unit/EI/GN submit form 7/GN_Application_Reg"), [:], STOP_ON_FAILURE): callTestCase(findTestCase("All TC/Arranged/3. Unit/EI/GN submit form 7/GN_Application_Reg"), [:], STOP_ON_FAILURE) FAILED.
Reason:
com.kms.katalon.core.exception.StepFailedException: Unable to click on object 'Object Repository/ZhiHao/General_User_Submit_form 7/GN_Application_Reg/Page_PERKESO/select_pejabat_perkeso' (Root cause: org.openqa.selenium.UnhandledAlertException: unexpected alert open: {Alert text : HARAP MAKLUM

PERMOHONAN FAEDAH SIP TELAH DIBUAT BAGI PEKERJAAN INI. MOHON MENYEMAK SEMULA STATUS PERMOHONAN BAGI TUNTUTAN FAEDAH TERSEBUT}
  (Session info: chrome=72.0.3626.109)
  (Driver info: chromedriver=2.43.600210 (68dcf5eebde37173d4027fa8635e332711d2874a),platform=Windows NT 6.1.7601 SP1 x86_64) (WARNING: The server did not provide any stacktrace information)
Command duration or timeout: 0 milliseconds: null
Build info: version: '3.7.1', revision: '8a0099a', time: '2017-11-06T21:07:36.161Z'
System info: host: 'WIN7TEST02', ip: '10.20.3.72', os.name: 'Windows 7', os.arch: 'amd64', os.version: '6.1', java.version: '1.8.0_181'
Driver info: com.kms.katalon.selenium.driver.CChromeDriver
Capabilities {acceptInsecureCerts: false, acceptSslCerts: false, applicationCacheEnabled: false, browserConnectionEnabled: false, browserName: chrome, chrome: {chromedriverVersion: 2.43.600210 (68dcf5eebde371..., userDataDir: C:\Users\Admin\AppData\Loca...}, cssSelectorsEnabled: true, databaseEnabled: false, goog:chromeOptions: {debuggerAddress: localhost:64799}, handlesAlerts: true, hasTouchScreen: false, javascriptEnabled: true, locationContextEnabled: true, mobileEmulationEnabled: false, nativeEvents: true, networkConnectionEnabled: false, pageLoadStrategy: normal, platform: XP, platformName: XP, rotatable: false, setWindowRect: true, takesHeapSnapshot: true, takesScreenshot: true, unexpectedAlertBehaviour: , unhandledPromptBehavior: , version: 72.0.3626.109, webStorageEnabled: true}
Session ID: e683dd15e0695fc831024c6c1ca8cb1e
*** Element info: {Using=xpath, value=//select[@id = 'perkesoOfficeId' and @name = 'perkesoOfficeId' and (text() = '
										--Sila Pilih--
										
											Pejabat PERKESO Batu Pahat
										
											Pejabat PERKESO Beaufort
										
											Pejabat PERKESO Bentong
										
											Pejabat PERKESO Bintulu
										
											Pejabat PERKESO Dungun
										
											Pejabat PERKESO Georgetown
										
											Pejabat PERKESO Kajang
										
											Pejabat PERKESO Kapit
										
											Pejabat PERKESO Kemaman
										
											Pejabat PERKESO Keningau
										
											Pejabat PERKESO Klang
										
											Pejabat PERKESO Kluang
										
											Pejabat PERKESO Kota Marudu
										
											Pejabat PERKESO Kuala Kangsar
										
											Pejabat PERKESO Kuala Krai
										
											Pejabat PERKESO Kuala Pilah
										
											Pejabat PERKESO Kulim
										
											Pejabat PERKESO Labuan
										
											Pejabat PERKESO Lahad Datu
										
											Pejabat PERKESO Langkawi
										
											Pejabat PERKESO Limbang
										
											Pejabat PERKESO Miri
										
											Pejabat PERKESO Muar
										
											Pejabat PERKESO Mukah
										
											Pejabat PERKESO Negeri Johor
										
											Pejabat PERKESO Negeri Kedah
										
											Pejabat PERKESO Negeri Kelantan
										
											Pejabat PERKESO Negeri Melaka
										
											Pejabat PERKESO Negeri Pahang
										
											Pejabat PERKESO Negeri Perak
										
											Pejabat PERKESO Negeri Perlis
										
											Pejabat PERKESO Negeri Pulau Pinang
										
											Pejabat PERKESO Negeri Sabah
										
											Pejabat PERKESO Negeri Sarawak
										
											Pejabat PERKESO Negeri Selangor
										
											Pejabat PERKESO Negeri Sembilan
										
											Pejabat PERKESO Negeri Terengganu
										
											Pejabat PERKESO Negeri W.P Kuala Lumpur
										
											Pejabat PERKESO Rawang
										
											Pejabat PERKESO Sandakan
										
											Pejabat PERKESO Sarikei
										
											Pejabat PERKESO Segamat
										
											Pejabat PERKESO Serian
										
											Pejabat PERKESO Sibu
										
											Pejabat PERKESO Sri Aman
										
											Pejabat PERKESO Sri Manjung
										
											Pejabat PERKESO Sungai Petani
										
											Pejabat PERKESO Taiping
										
											Pejabat PERKESO Tanjung Karang
										
											Pejabat PERKESO Tapah
										
											Pejabat PERKESO Tawau
										
											Pejabat PERKESO Teluk Intan
										
											Pejabat PERKESO Temerloh
										
									' or . = '
										--Sila Pilih--
										
											Pejabat PERKESO Batu Pahat
										
											Pejabat PERKESO Beaufort
										
											Pejabat PERKESO Bentong
										
											Pejabat PERKESO Bintulu
										
											Pejabat PERKESO Dungun
										
											Pejabat PERKESO Georgetown
										
											Pejabat PERKESO Kajang
										
											Pejabat PERKESO Kapit
										
											Pejabat PERKESO Kemaman
										
											Pejabat PERKESO Keningau
										
											Pejabat PERKESO Klang
										
											Pejabat PERKESO Kluang
										
											Pejabat PERKESO Kota Marudu
										
											Pejabat PERKESO Kuala Kangsar
										
											Pejabat PERKESO Kuala Krai
										
											Pejabat PERKESO Kuala Pilah
										
											Pejabat PERKESO Kulim
										
											Pejabat PERKESO Labuan
										
											Pejabat PERKESO Lahad Datu
										
											Pejabat PERKESO Langkawi
										
											Pejabat PERKESO Limbang
										
											Pejabat PERKESO Miri
										
											Pejabat PERKESO Muar
										
											Pejabat PERKESO Mukah
										
											Pejabat PERKESO Negeri Johor
										
											Pejabat PERKESO Negeri Kedah
										
											Pejabat PERKESO Negeri Kelantan
										
											Pejabat PERKESO Negeri Melaka
										
											Pejabat PERKESO Negeri Pahang
										
											Pejabat PERKESO Negeri Perak
										
											Pejabat PERKESO Negeri Perlis
										
											Pejabat PERKESO Negeri Pulau Pinang
										
											Pejabat PERKESO Negeri Sabah
										
											Pejabat PERKESO Negeri Sarawak
										
											Pejabat PERKESO Negeri Selangor
										
											Pejabat PERKESO Negeri Sembilan
										
											Pejabat PERKESO Negeri Terengganu
										
											Pejabat PERKESO Negeri W.P Kuala Lumpur
										
											Pejabat PERKESO Rawang
										
											Pejabat PERKESO Sandakan
										
											Pejabat PERKESO Sarikei
										
											Pejabat PERKESO Segamat
										
											Pejabat PERKESO Serian
										
											Pejabat PERKESO Sibu
										
											Pejabat PERKESO Sri Aman
										
											Pejabat PERKESO Sri Manjung
										
											Pejabat PERKESO Sungai Petani
										
											Pejabat PERKESO Taiping
										
											Pejabat PERKESO Tanjung Karang
										
											Pejabat PERKESO Tapah
										
											Pejabat PERKESO Tawau
										
											Pejabat PERKESO Teluk Intan
										
											Pejabat PERKESO Temerloh
										
									')]})
	at com.kms.katalon.core.keyword.internal.KeywordMain.stepFailed(KeywordMain.groovy:36)
	at com.kms.katalon.core.webui.keyword.internal.WebUIKeywordMain.stepFailed(WebUIKeywordMain.groovy:65)
	at com.kms.katalon.core.webui.keyword.internal.WebUIKeywordMain.runKeyword(WebUIKeywordMain.groovy:27)
	at com.kms.katalon.core.webui.keyword.builtin.ClickKeyword.click(ClickKeyword.groovy:86)
	at com.kms.katalon.core.webui.keyword.builtin.ClickKeyword.execute(ClickKeyword.groovy:67)
	at com.kms.katalon.core.keyword.internal.KeywordExecutor.executeKeywordForPlatform(KeywordExecutor.groovy:53)
	at com.kms.katalon.core.webui.keyword.WebUiBuiltInKeywords.click(WebUiBuiltInKeywords.groovy:616)
	at com.kms.katalon.core.webui.keyword.WebUiBuiltInKeywords$click$3.call(Unknown Source)
	at GN_Application_Reg.run(GN_Application_Reg:48)
	at com.kms.katalon.core.main.ScriptEngine.run(ScriptEngine.java:194)
	at com.kms.katalon.core.main.ScriptEngine.runScriptAsRawText(ScriptEngine.java:119)
	at com.kms.katalon.core.main.TestCaseExecutor.runScript(TestCaseExecutor.java:328)
	at com.kms.katalon.core.main.TestCaseExecutor.doExecute(TestCaseExecutor.java:319)
	at com.kms.katalon.core.main.TestCaseExecutor.processExecutionPhase(TestCaseExecutor.java:298)
	at com.kms.katalon.core.main.TestCaseExecutor.accessMainPhase(TestCaseExecutor.java:290)
	at com.kms.katalon.core.main.TestCaseExecutor.execute(TestCaseExecutor.java:224)
	at com.kms.katalon.core.main.TestCaseMain.runTestCase(TestCaseMain.java:106)
	at com.kms.katalon.core.keyword.builtin.CallTestCaseKeyword$_callTestCase_closure1.doCall(CallTestCaseKeyword.groovy:59)
	at com.kms.katalon.core.keyword.builtin.CallTestCaseKeyword$_callTestCase_closure1.call(CallTestCaseKeyword.groovy)
	at com.kms.katalon.core.keyword.internal.KeywordMain.runKeyword(KeywordMain.groovy:54)
	at com.kms.katalon.core.keyword.builtin.CallTestCaseKeyword.callTestCase(CallTestCaseKeyword.groovy:80)
	at com.kms.katalon.core.keyword.builtin.CallTestCaseKeyword.execute(CallTestCaseKeyword.groovy:44)
	at com.kms.katalon.core.keyword.internal.KeywordExecutor.executeKeywordForPlatform(KeywordExecutor.groovy:53)
	at com.kms.katalon.core.keyword.BuiltinKeywords.callTestCase(BuiltinKeywords.groovy:334)
	at GN_Submit Form 7_End to End.run(GN_Submit Form 7_End to End:16)
	at com.kms.katalon.core.main.ScriptEngine.run(ScriptEngine.java:194)
	at com.kms.katalon.core.main.ScriptEngine.runScriptAsRawText(ScriptEngine.java:119)
	at com.kms.katalon.core.main.TestCaseExecutor.runScript(TestCaseExecutor.java:328)
	at com.kms.katalon.core.main.TestCaseExecutor.doExecute(TestCaseExecutor.java:319)
	at com.kms.katalon.core.main.TestCaseExecutor.processExecutionPhase(TestCaseExecutor.java:298)
	at com.kms.katalon.core.main.TestCaseExecutor.accessMainPhase(TestCaseExecutor.java:290)
	at com.kms.katalon.core.main.TestCaseExecutor.execute(TestCaseExecutor.java:224)
	at com.kms.katalon.core.main.TestCaseMain.runTestCase(TestCaseMain.java:106)
	at com.kms.katalon.core.keyword.builtin.CallTestCaseKeyword$_callTestCase_closure1.doCall(CallTestCaseKeyword.groovy:59)
	at com.kms.katalon.core.keyword.builtin.CallTestCaseKeyword$_callTestCase_closure1.call(CallTestCaseKeyword.groovy)
	at com.kms.katalon.core.keyword.internal.KeywordMain.runKeyword(KeywordMain.groovy:54)
	at com.kms.katalon.core.keyword.builtin.CallTestCaseKeyword.callTestCase(CallTestCaseKeyword.groovy:80)
	at com.kms.katalon.core.keyword.builtin.CallTestCaseKeyword.execute(CallTestCaseKeyword.groovy:44)
	at com.kms.katalon.core.keyword.internal.KeywordExecutor.executeKeywordForPlatform(KeywordExecutor.groovy:53)
	at com.kms.katalon.core.keyword.BuiltinKeywords.callTestCase(BuiltinKeywords.groovy:334)
	at Submit Form 7 (General) - Case Reassignment Cross Branch EIO.run(Submit Form 7 (General) - Case Reassignment Cross Branch EIO:16)
	at com.kms.katalon.core.main.ScriptEngine.run(ScriptEngine.java:194)
	at com.kms.katalon.core.main.ScriptEngine.runScriptAsRawText(ScriptEngine.java:119)
	at com.kms.katalon.core.main.TestCaseExecutor.runScript(TestCaseExecutor.java:328)
	at com.kms.katalon.core.main.TestCaseExecutor.doExecute(TestCaseExecutor.java:319)
	at com.kms.katalon.core.main.TestCaseExecutor.processExecutionPhase(TestCaseExecutor.java:298)
	at com.kms.katalon.core.main.TestCaseExecutor.accessMainPhase(TestCaseExecutor.java:290)
	at com.kms.katalon.core.main.TestCaseExecutor.execute(TestCaseExecutor.java:224)
	at com.kms.katalon.core.main.TestSuiteExecutor.accessTestCaseMainPhase(TestSuiteExecutor.java:129)
	at com.kms.katalon.core.main.TestSuiteExecutor.accessTestSuiteMainPhase(TestSuiteExecutor.java:112)
	at com.kms.katalon.core.main.TestSuiteExecutor.execute(TestSuiteExecutor.java:81)
	at com.kms.katalon.core.main.TestCaseMain.startTestSuite(TestCaseMain.java:149)
	at com.kms.katalon.core.main.TestCaseMain$startTestSuite$0.call(Unknown Source)
	at TempTestSuite1550476757023.run(TempTestSuite1550476757023.groovy:36)


2019-02-18 16:12:09 - [TEST_CASE][FAILED] - Test Cases/All TC/Arranged/3. Unit/EI/GN submit form 7/GN_Application_Reg: Test Cases/All TC/Arranged/3. Unit/EI/GN submit form 7/GN_Application_Reg FAILED.
Reason:
com.kms.katalon.core.exception.StepFailedException: Unable to click on object 'Object Repository/ZhiHao/General_User_Submit_form 7/GN_Application_Reg/Page_PERKESO/select_pejabat_perkeso' (Root cause: org.openqa.selenium.UnhandledAlertException: unexpected alert open: {Alert text : HARAP MAKLUM

PERMOHONAN FAEDAH SIP TELAH DIBUAT BAGI PEKERJAAN INI. MOHON MENYEMAK SEMULA STATUS PERMOHONAN BAGI TUNTUTAN FAEDAH TERSEBUT}
  (Session info: chrome=72.0.3626.109)
  (Driver info: chromedriver=2.43.600210 (68dcf5eebde37173d4027fa8635e332711d2874a),platform=Windows NT 6.1.7601 SP1 x86_64) (WARNING: The server did not provide any stacktrace information)
Command duration or timeout: 0 milliseconds: null
Build info: version: '3.7.1', revision: '8a0099a', time: '2017-11-06T21:07:36.161Z'
System info: host: 'WIN7TEST02', ip: '10.20.3.72', os.name: 'Windows 7', os.arch: 'amd64', os.version: '6.1', java.version: '1.8.0_181'
Driver info: com.kms.katalon.selenium.driver.CChromeDriver
Capabilities {acceptInsecureCerts: false, acceptSslCerts: false, applicationCacheEnabled: false, browserConnectionEnabled: false, browserName: chrome, chrome: {chromedriverVersion: 2.43.600210 (68dcf5eebde371..., userDataDir: C:\Users\Admin\AppData\Loca...}, cssSelectorsEnabled: true, databaseEnabled: false, goog:chromeOptions: {debuggerAddress: localhost:64799}, handlesAlerts: true, hasTouchScreen: false, javascriptEnabled: true, locationContextEnabled: true, mobileEmulationEnabled: false, nativeEvents: true, networkConnectionEnabled: false, pageLoadStrategy: normal, platform: XP, platformName: XP, rotatable: false, setWindowRect: true, takesHeapSnapshot: true, takesScreenshot: true, unexpectedAlertBehaviour: , unhandledPromptBehavior: , version: 72.0.3626.109, webStorageEnabled: true}
Session ID: e683dd15e0695fc831024c6c1ca8cb1e
*** Element info: {Using=xpath, value=//select[@id = 'perkesoOfficeId' and @name = 'perkesoOfficeId' and (text() = '
										--Sila Pilih--
										
											Pejabat PERKESO Batu Pahat
										
											Pejabat PERKESO Beaufort
										
											Pejabat PERKESO Bentong
										
											Pejabat PERKESO Bintulu
										
											Pejabat PERKESO Dungun
										
											Pejabat PERKESO Georgetown
										
											Pejabat PERKESO Kajang
										
											Pejabat PERKESO Kapit
										
											Pejabat PERKESO Kemaman
										
											Pejabat PERKESO Keningau
										
											Pejabat PERKESO Klang
										
											Pejabat PERKESO Kluang
										
											Pejabat PERKESO Kota Marudu
										
											Pejabat PERKESO Kuala Kangsar
										
											Pejabat PERKESO Kuala Krai
										
											Pejabat PERKESO Kuala Pilah
										
											Pejabat PERKESO Kulim
										
											Pejabat PERKESO Labuan
										
											Pejabat PERKESO Lahad Datu
										
											Pejabat PERKESO Langkawi
										
											Pejabat PERKESO Limbang
										
											Pejabat PERKESO Miri
										
											Pejabat PERKESO Muar
										
											Pejabat PERKESO Mukah
										
											Pejabat PERKESO Negeri Johor
										
											Pejabat PERKESO Negeri Kedah
										
											Pejabat PERKESO Negeri Kelantan
										
											Pejabat PERKESO Negeri Melaka
										
											Pejabat PERKESO Negeri Pahang
										
											Pejabat PERKESO Negeri Perak
										
											Pejabat PERKESO Negeri Perlis
										
											Pejabat PERKESO Negeri Pulau Pinang
										
											Pejabat PERKESO Negeri Sabah
										
											Pejabat PERKESO Negeri Sarawak
										
											Pejabat PERKESO Negeri Selangor
										
											Pejabat PERKESO Negeri Sembilan
										
											Pejabat PERKESO Negeri Terengganu
										
											Pejabat PERKESO Negeri W.P Kuala Lumpur
										
											Pejabat PERKESO Rawang
										
											Pejabat PERKESO Sandakan
										
											Pejabat PERKESO Sarikei
										
											Pejabat PERKESO Segamat
										
											Pejabat PERKESO Serian
										
											Pejabat PERKESO Sibu
										
											Pejabat PERKESO Sri Aman
										
											Pejabat PERKESO Sri Manjung
										
											Pejabat PERKESO Sungai Petani
										
											Pejabat PERKESO Taiping
										
											Pejabat PERKESO Tanjung Karang
										
											Pejabat PERKESO Tapah
										
											Pejabat PERKESO Tawau
										
											Pejabat PERKESO Teluk Intan
										
											Pejabat PERKESO Temerloh
										
									' or . = '
										--Sila Pilih--
										
											Pejabat PERKESO Batu Pahat
										
											Pejabat PERKESO Beaufort
										
											Pejabat PERKESO Bentong
										
											Pejabat PERKESO Bintulu
										
											Pejabat PERKESO Dungun
										
											Pejabat PERKESO Georgetown
										
											Pejabat PERKESO Kajang
										
											Pejabat PERKESO Kapit
										
											Pejabat PERKESO Kemaman
										
											Pejabat PERKESO Keningau
										
											Pejabat PERKESO Klang
										
											Pejabat PERKESO Kluang
										
											Pejabat PERKESO Kota Marudu
										
											Pejabat PERKESO Kuala Kangsar
										
											Pejabat PERKESO Kuala Krai
										
											Pejabat PERKESO Kuala Pilah
										
											Pejabat PERKESO Kulim
										
											Pejabat PERKESO Labuan
										
											Pejabat PERKESO Lahad Datu
										
											Pejabat PERKESO Langkawi
										
											Pejabat PERKESO Limbang
										
											Pejabat PERKESO Miri
										
											Pejabat PERKESO Muar
										
											Pejabat PERKESO Mukah
										
											Pejabat PERKESO Negeri Johor
										
											Pejabat PERKESO Negeri Kedah
										
											Pejabat PERKESO Negeri Kelantan
										
											Pejabat PERKESO Negeri Melaka
										
											Pejabat PERKESO Negeri Pahang
										
											Pejabat PERKESO Negeri Perak
										
											Pejabat PERKESO Negeri Perlis
										
											Pejabat PERKESO Negeri Pulau Pinang
										
											Pejabat PERKESO Negeri Sabah
										
											Pejabat PERKESO Negeri Sarawak
										
											Pejabat PERKESO Negeri Selangor
										
											Pejabat PERKESO Negeri Sembilan
										
											Pejabat PERKESO Negeri Terengganu
										
											Pejabat PERKESO Negeri W.P Kuala Lumpur
										
											Pejabat PERKESO Rawang
										
											Pejabat PERKESO Sandakan
										
											Pejabat PERKESO Sarikei
										
											Pejabat PERKESO Segamat
										
											Pejabat PERKESO Serian
										
											Pejabat PERKESO Sibu
										
											Pejabat PERKESO Sri Aman
										
											Pejabat PERKESO Sri Manjung
										
											Pejabat PERKESO Sungai Petani
										
											Pejabat PERKESO Taiping
										
											Pejabat PERKESO Tanjung Karang
										
											Pejabat PERKESO Tapah
										
											Pejabat PERKESO Tawau
										
											Pejabat PERKESO Teluk Intan
										
											Pejabat PERKESO Temerloh
										
									')]})
	at com.kms.katalon.core.keyword.internal.KeywordMain.stepFailed(KeywordMain.groovy:36)
	at com.kms.katalon.core.webui.keyword.internal.WebUIKeywordMain.stepFailed(WebUIKeywordMain.groovy:65)
	at com.kms.katalon.core.webui.keyword.internal.WebUIKeywordMain.runKeyword(WebUIKeywordMain.groovy:27)
	at com.kms.katalon.core.webui.keyword.builtin.ClickKeyword.click(ClickKeyword.groovy:86)
	at com.kms.katalon.core.webui.keyword.builtin.ClickKeyword.execute(ClickKeyword.groovy:67)
	at com.kms.katalon.core.keyword.internal.KeywordExecutor.executeKeywordForPlatform(KeywordExecutor.groovy:53)
	at com.kms.katalon.core.webui.keyword.WebUiBuiltInKeywords.click(WebUiBuiltInKeywords.groovy:616)
	at com.kms.katalon.core.webui.keyword.WebUiBuiltInKeywords$click$3.call(Unknown Source)
	at GN_Application_Reg.run(GN_Application_Reg:48)
	at com.kms.katalon.core.main.ScriptEngine.run(ScriptEngine.java:194)
	at com.kms.katalon.core.main.ScriptEngine.runScriptAsRawText(ScriptEngine.java:119)
	at com.kms.katalon.core.main.TestCaseExecutor.runScript(TestCaseExecutor.java:328)
	at com.kms.katalon.core.main.TestCaseExecutor.doExecute(TestCaseExecutor.java:319)
	at com.kms.katalon.core.main.TestCaseExecutor.processExecutionPhase(TestCaseExecutor.java:298)
	at com.kms.katalon.core.main.TestCaseExecutor.accessMainPhase(TestCaseExecutor.java:290)
	at com.kms.katalon.core.main.TestCaseExecutor.execute(TestCaseExecutor.java:224)
	at com.kms.katalon.core.main.TestCaseMain.runTestCase(TestCaseMain.java:106)
	at com.kms.katalon.core.keyword.builtin.CallTestCaseKeyword$_callTestCase_closure1.doCall(CallTestCaseKeyword.groovy:59)
	at com.kms.katalon.core.keyword.builtin.CallTestCaseKeyword$_callTestCase_closure1.call(CallTestCaseKeyword.groovy)
	at com.kms.katalon.core.keyword.internal.KeywordMain.runKeyword(KeywordMain.groovy:54)
	at com.kms.katalon.core.keyword.builtin.CallTestCaseKeyword.callTestCase(CallTestCaseKeyword.groovy:80)
	at com.kms.katalon.core.keyword.builtin.CallTestCaseKeyword.execute(CallTestCaseKeyword.groovy:44)
	at com.kms.katalon.core.keyword.internal.KeywordExecutor.executeKeywordForPlatform(KeywordExecutor.groovy:53)
	at com.kms.katalon.core.keyword.BuiltinKeywords.callTestCase(BuiltinKeywords.groovy:334)
	at GN_Submit Form 7_End to End.run(GN_Submit Form 7_End to End:16)
	at com.kms.katalon.core.main.ScriptEngine.run(ScriptEngine.java:194)
	at com.kms.katalon.core.main.ScriptEngine.runScriptAsRawText(ScriptEngine.java:119)
	at com.kms.katalon.core.main.TestCaseExecutor.runScript(TestCaseExecutor.java:328)
	at com.kms.katalon.core.main.TestCaseExecutor.doExecute(TestCaseExecutor.java:319)
	at com.kms.katalon.core.main.TestCaseExecutor.processExecutionPhase(TestCaseExecutor.java:298)
	at com.kms.katalon.core.main.TestCaseExecutor.accessMainPhase(TestCaseExecutor.java:290)
	at com.kms.katalon.core.main.TestCaseExecutor.execute(TestCaseExecutor.java:224)
	at com.kms.katalon.core.main.TestCaseMain.runTestCase(TestCaseMain.java:106)
	at com.kms.katalon.core.keyword.builtin.CallTestCaseKeyword$_callTestCase_closure1.doCall(CallTestCaseKeyword.groovy:59)
	at com.kms.katalon.core.keyword.builtin.CallTestCaseKeyword$_callTestCase_closure1.call(CallTestCaseKeyword.groovy)
	at com.kms.katalon.core.keyword.internal.KeywordMain.runKeyword(KeywordMain.groovy:54)
	at com.kms.katalon.core.keyword.builtin.CallTestCaseKeyword.callTestCase(CallTestCaseKeyword.groovy:80)
	at com.kms.katalon.core.keyword.builtin.CallTestCaseKeyword.execute(CallTestCaseKeyword.groovy:44)
	at com.kms.katalon.core.keyword.internal.KeywordExecutor.executeKeywordForPlatform(KeywordExecutor.groovy:53)
	at com.kms.katalon.core.keyword.BuiltinKeywords.callTestCase(BuiltinKeywords.groovy:334)
	at Submit Form 7 (General) - Case Reassignment Cross Branch EIO.run(Submit Form 7 (General) - Case Reassignment Cross Branch EIO:16)
	at com.kms.katalon.core.main.ScriptEngine.run(ScriptEngine.java:194)
	at com.kms.katalon.core.main.ScriptEngine.runScriptAsRawText(ScriptEngine.java:119)
	at com.kms.katalon.core.main.TestCaseExecutor.runScript(TestCaseExecutor.java:328)
	at com.kms.katalon.core.main.TestCaseExecutor.doExecute(TestCaseExecutor.java:319)
	at com.kms.katalon.core.main.TestCaseExecutor.processExecutionPhase(TestCaseExecutor.java:298)
	at com.kms.katalon.core.main.TestCaseExecutor.accessMainPhase(TestCaseExecutor.java:290)
	at com.kms.katalon.core.main.TestCaseExecutor.execute(TestCaseExecutor.java:224)
	at com.kms.katalon.core.main.TestSuiteExecutor.accessTestCaseMainPhase(TestSuiteExecutor.java:129)
	at com.kms.katalon.core.main.TestSuiteExecutor.accessTestSuiteMainPhase(TestSuiteExecutor.java:112)
	at com.kms.katalon.core.main.TestSuiteExecutor.execute(TestSuiteExecutor.java:81)
	at com.kms.katalon.core.main.TestCaseMain.startTestSuite(TestCaseMain.java:149)
	at com.kms.katalon.core.main.TestCaseMain$startTestSuite$0.call(Unknown Source)
	at TempTestSuite1550476757023.run(TempTestSuite1550476757023.groovy:36)


2019-02-18 16:12:09 - [TEST_STEP][PASSED] - openBrowser(""): Browser is opened with url: ''

2019-02-18 16:12:09 - [MESSAGE][WARNING] - A browser is already opened. Closing browser and opening a new one

2019-02-18 16:12:11 - [MESSAGE][INFO] - Starting 'Chrome' driver

2019-02-18 16:12:11 - [MESSAGE][INFO] - User set preference: ['args', '[--start-maximized]']

2019-02-18 16:12:15 - [MESSAGE][PASSED] - Browser is opened with url: ''

2019-02-18 16:12:15 - [TEST_STEP][PASSED] - navigateToUrl(General_Login): Navigate to 'http://10.20.24.188/eisportal/insured/appl/instruction' successfully

2019-02-18 16:12:17 - [MESSAGE][PASSED] - Navigate to 'http://10.20.24.188/eisportal/insured/appl/instruction' successfully

2019-02-18 16:12:17 - [TEST_STEP][PASSED] - click(findTestObject("ZhiHao/General_User_Submit_form 7/GN_Application_Reg/Page_PERKESO/button_Setuju")): Object: 'Object Repository/ZhiHao/General_User_Submit_form 7/GN_Application_Reg/Page_PERKESO/button_Setuju' is clicked on

2019-02-18 16:12:20 - [MESSAGE][PASSED] - Object: 'Object Repository/ZhiHao/General_User_Submit_form 7/GN_Application_Reg/Page_PERKESO/button_Setuju' is clicked on

2019-02-18 16:12:20 - [TEST_STEP][PASSED] - setText(findTestObject("ZhiHao/General_User_Submit_form 7/GN_Application_Reg/Page_PERKESO/input_No. Kad Pengenalan"), "810506145261"): Text '810506145261' is set on object 'Object Repository/ZhiHao/General_User_Submit_form 7/GN_Application_Reg/Page_PERKESO/input_No. Kad Pengenalan'

2019-02-18 16:12:24 - [MESSAGE][PASSED] - Text '810506145261' is set on object 'Object Repository/ZhiHao/General_User_Submit_form 7/GN_Application_Reg/Page_PERKESO/input_No. Kad Pengenalan'

2019-02-18 16:12:24 - [TEST_STEP][PASSED] - click(findTestObject("ZhiHao/General_User_Submit_form 7/GN_Application_Reg/Page_PERKESO/button_Semak")): Object: 'Object Repository/ZhiHao/General_User_Submit_form 7/GN_Application_Reg/Page_PERKESO/button_Semak' is clicked on

2019-02-18 16:12:26 - [MESSAGE][PASSED] - Object: 'Object Repository/ZhiHao/General_User_Submit_form 7/GN_Application_Reg/Page_PERKESO/button_Semak' is clicked on

2019-02-18 16:12:26 - [TEST_STEP][PASSED] - delay(3): Delayed 3 second(s)

2019-02-18 16:12:29 - [MESSAGE][PASSED] - Delayed 3 second(s)

2019-02-18 16:12:29 - [TEST_STEP][PASSED] - click(findTestObject("ZhiHao/General_User_Submit_form 7/GN_Application_Reg/Page_PERKESO/span_Nama Majikan")): Object: 'Object Repository/ZhiHao/General_User_Submit_form 7/GN_Application_Reg/Page_PERKESO/span_Nama Majikan' is clicked on

2019-02-18 16:12:31 - [MESSAGE][PASSED] - Object: 'Object Repository/ZhiHao/General_User_Submit_form 7/GN_Application_Reg/Page_PERKESO/span_Nama Majikan' is clicked on

2019-02-18 16:12:31 - [TEST_STEP][PASSED] - delay(3): Delayed 3 second(s)

2019-02-18 16:12:34 - [MESSAGE][PASSED] - Delayed 3 second(s)

2019-02-18 16:12:34 - [TEST_STEP][PASSED] - setText(findTestObject("ZhiHao/General_User_Submit_form 7/GN_Application_Reg/Page_PERKESO/input_Nama Majikan"), "may"): Text 'may' is set on object 'Object Repository/ZhiHao/General_User_Submit_form 7/GN_Application_Reg/Page_PERKESO/input_Nama Majikan'

2019-02-18 16:12:38 - [MESSAGE][PASSED] - Text 'may' is set on object 'Object Repository/ZhiHao/General_User_Submit_form 7/GN_Application_Reg/Page_PERKESO/input_Nama Majikan'

2019-02-18 16:12:38 - [TEST_STEP][PASSED] - delay(3): Delayed 3 second(s)

2019-02-18 16:12:41 - [MESSAGE][PASSED] - Delayed 3 second(s)

2019-02-18 16:12:41 - [TEST_STEP][PASSED] - click(findTestObject("ZhiHao/General_User_Submit_form 7/GN_Application_Reg/Page_PERKESO/select_MAYBANK INVESTMENT BANK BER")): Object: 'Object Repository/ZhiHao/General_User_Submit_form 7/GN_Application_Reg/Page_PERKESO/select_MAYBANK INVESTMENT BANK BER' is clicked on

2019-02-18 16:12:44 - [MESSAGE][PASSED] - Object: 'Object Repository/ZhiHao/General_User_Submit_form 7/GN_Application_Reg/Page_PERKESO/select_MAYBANK INVESTMENT BANK BER' is clicked on

2019-02-18 16:12:44 - [TEST_STEP][PASSED] - delay(3): Delayed 3 second(s)

2019-02-18 16:12:47 - [MESSAGE][PASSED] - Delayed 3 second(s)

2019-02-18 16:12:47 - [TEST_STEP][PASSED] - click(findTestObject("ZhiHao/General_User_Submit_form 7/GN_Application_Reg/Page_PERKESO/input_Tarikh kehilangan pekerjaan")): Object: 'Object Repository/ZhiHao/General_User_Submit_form 7/GN_Application_Reg/Page_PERKESO/input_Tarikh kehilangan pekerjaan' is clicked on

2019-02-18 16:12:49 - [MESSAGE][PASSED] - Object: 'Object Repository/ZhiHao/General_User_Submit_form 7/GN_Application_Reg/Page_PERKESO/input_Tarikh kehilangan pekerjaan' is clicked on

2019-02-18 16:12:49 - [TEST_STEP][PASSED] - click(findTestObject("ZhiHao/General_User_Submit_form 7/GN_Application_Reg/Page_PERKESO/select_loe_date")): Object: 'Object Repository/ZhiHao/General_User_Submit_form 7/GN_Application_Reg/Page_PERKESO/select_loe_date' is clicked on

2019-02-18 16:12:51 - [MESSAGE][PASSED] - Object: 'Object Repository/ZhiHao/General_User_Submit_form 7/GN_Application_Reg/Page_PERKESO/select_loe_date' is clicked on

2019-02-18 16:12:51 - [TEST_STEP][PASSED] - click(findTestObject("ZhiHao/General_User_Submit_form 7/GN_Application_Reg/Page_PERKESO/button_Mohon")): Object: 'Object Repository/ZhiHao/General_User_Submit_form 7/GN_Application_Reg/Page_PERKESO/button_Mohon' is clicked on

2019-02-18 16:12:53 - [MESSAGE][PASSED] - Object: 'Object Repository/ZhiHao/General_User_Submit_form 7/GN_Application_Reg/Page_PERKESO/button_Mohon' is clicked on

2019-02-18 16:12:53 - [TEST_STEP][PASSED] - delay(3): Delayed 3 second(s)

2019-02-18 16:12:56 - [MESSAGE][PASSED] - Delayed 3 second(s)

2019-02-18 16:12:56 - [TEST_STEP][FAILED] - click(findTestObject("ZhiHao/General_User_Submit_form 7/GN_Application_Reg/Page_PERKESO/select_pejabat_perkeso")): click(findTestObject("ZhiHao/General_User_Submit_form 7/GN_Application_Reg/Page_PERKESO/select_pejabat_perkeso")) FAILED.
Reason:
com.kms.katalon.core.exception.StepFailedException: Unable to click on object 'Object Repository/ZhiHao/General_User_Submit_form 7/GN_Application_Reg/Page_PERKESO/select_pejabat_perkeso' (Root cause: org.openqa.selenium.UnhandledAlertException: unexpected alert open: {Alert text : HARAP MAKLUM

PERMOHONAN FAEDAH SIP TELAH DIBUAT BAGI PEKERJAAN INI. MOHON MENYEMAK SEMULA STATUS PERMOHONAN BAGI TUNTUTAN FAEDAH TERSEBUT}
  (Session info: chrome=72.0.3626.109)
  (Driver info: chromedriver=2.43.600210 (68dcf5eebde37173d4027fa8635e332711d2874a),platform=Windows NT 6.1.7601 SP1 x86_64) (WARNING: The server did not provide any stacktrace information)
Command duration or timeout: 0 milliseconds: null
Build info: version: '3.7.1', revision: '8a0099a', time: '2017-11-06T21:07:36.161Z'
System info: host: 'WIN7TEST02', ip: '10.20.3.72', os.name: 'Windows 7', os.arch: 'amd64', os.version: '6.1', java.version: '1.8.0_181'
Driver info: com.kms.katalon.selenium.driver.CChromeDriver
Capabilities {acceptInsecureCerts: false, acceptSslCerts: false, applicationCacheEnabled: false, browserConnectionEnabled: false, browserName: chrome, chrome: {chromedriverVersion: 2.43.600210 (68dcf5eebde371..., userDataDir: C:\Users\Admin\AppData\Loca...}, cssSelectorsEnabled: true, databaseEnabled: false, goog:chromeOptions: {debuggerAddress: localhost:64799}, handlesAlerts: true, hasTouchScreen: false, javascriptEnabled: true, locationContextEnabled: true, mobileEmulationEnabled: false, nativeEvents: true, networkConnectionEnabled: false, pageLoadStrategy: normal, platform: XP, platformName: XP, rotatable: false, setWindowRect: true, takesHeapSnapshot: true, takesScreenshot: true, unexpectedAlertBehaviour: , unhandledPromptBehavior: , version: 72.0.3626.109, webStorageEnabled: true}
Session ID: e683dd15e0695fc831024c6c1ca8cb1e
*** Element info: {Using=xpath, value=//select[@id = 'perkesoOfficeId' and @name = 'perkesoOfficeId' and (text() = '
										--Sila Pilih--
										
											Pejabat PERKESO Batu Pahat
										
											Pejabat PERKESO Beaufort
										
											Pejabat PERKESO Bentong
										
											Pejabat PERKESO Bintulu
										
											Pejabat PERKESO Dungun
										
											Pejabat PERKESO Georgetown
										
											Pejabat PERKESO Kajang
										
											Pejabat PERKESO Kapit
										
											Pejabat PERKESO Kemaman
										
											Pejabat PERKESO Keningau
										
											Pejabat PERKESO Klang
										
											Pejabat PERKESO Kluang
										
											Pejabat PERKESO Kota Marudu
										
											Pejabat PERKESO Kuala Kangsar
										
											Pejabat PERKESO Kuala Krai
										
											Pejabat PERKESO Kuala Pilah
										
											Pejabat PERKESO Kulim
										
											Pejabat PERKESO Labuan
										
											Pejabat PERKESO Lahad Datu
										
											Pejabat PERKESO Langkawi
										
											Pejabat PERKESO Limbang
										
											Pejabat PERKESO Miri
										
											Pejabat PERKESO Muar
										
											Pejabat PERKESO Mukah
										
											Pejabat PERKESO Negeri Johor
										
											Pejabat PERKESO Negeri Kedah
										
											Pejabat PERKESO Negeri Kelantan
										
											Pejabat PERKESO Negeri Melaka
										
											Pejabat PERKESO Negeri Pahang
										
											Pejabat PERKESO Negeri Perak
										
											Pejabat PERKESO Negeri Perlis
										
											Pejabat PERKESO Negeri Pulau Pinang
										
											Pejabat PERKESO Negeri Sabah
										
											Pejabat PERKESO Negeri Sarawak
										
											Pejabat PERKESO Negeri Selangor
										
											Pejabat PERKESO Negeri Sembilan
										
											Pejabat PERKESO Negeri Terengganu
										
											Pejabat PERKESO Negeri W.P Kuala Lumpur
										
											Pejabat PERKESO Rawang
										
											Pejabat PERKESO Sandakan
										
											Pejabat PERKESO Sarikei
										
											Pejabat PERKESO Segamat
										
											Pejabat PERKESO Serian
										
											Pejabat PERKESO Sibu
										
											Pejabat PERKESO Sri Aman
										
											Pejabat PERKESO Sri Manjung
										
											Pejabat PERKESO Sungai Petani
										
											Pejabat PERKESO Taiping
										
											Pejabat PERKESO Tanjung Karang
										
											Pejabat PERKESO Tapah
										
											Pejabat PERKESO Tawau
										
											Pejabat PERKESO Teluk Intan
										
											Pejabat PERKESO Temerloh
										
									' or . = '
										--Sila Pilih--
										
											Pejabat PERKESO Batu Pahat
										
											Pejabat PERKESO Beaufort
										
											Pejabat PERKESO Bentong
										
											Pejabat PERKESO Bintulu
										
											Pejabat PERKESO Dungun
										
											Pejabat PERKESO Georgetown
										
											Pejabat PERKESO Kajang
										
											Pejabat PERKESO Kapit
										
											Pejabat PERKESO Kemaman
										
											Pejabat PERKESO Keningau
										
											Pejabat PERKESO Klang
										
											Pejabat PERKESO Kluang
										
											Pejabat PERKESO Kota Marudu
										
											Pejabat PERKESO Kuala Kangsar
										
											Pejabat PERKESO Kuala Krai
										
											Pejabat PERKESO Kuala Pilah
										
											Pejabat PERKESO Kulim
										
											Pejabat PERKESO Labuan
										
											Pejabat PERKESO Lahad Datu
										
											Pejabat PERKESO Langkawi
										
											Pejabat PERKESO Limbang
										
											Pejabat PERKESO Miri
										
											Pejabat PERKESO Muar
										
											Pejabat PERKESO Mukah
										
											Pejabat PERKESO Negeri Johor
										
											Pejabat PERKESO Negeri Kedah
										
											Pejabat PERKESO Negeri Kelantan
										
											Pejabat PERKESO Negeri Melaka
										
											Pejabat PERKESO Negeri Pahang
										
											Pejabat PERKESO Negeri Perak
										
											Pejabat PERKESO Negeri Perlis
										
											Pejabat PERKESO Negeri Pulau Pinang
										
											Pejabat PERKESO Negeri Sabah
										
											Pejabat PERKESO Negeri Sarawak
										
											Pejabat PERKESO Negeri Selangor
										
											Pejabat PERKESO Negeri Sembilan
										
											Pejabat PERKESO Negeri Terengganu
										
											Pejabat PERKESO Negeri W.P Kuala Lumpur
										
											Pejabat PERKESO Rawang
										
											Pejabat PERKESO Sandakan
										
											Pejabat PERKESO Sarikei
										
											Pejabat PERKESO Segamat
										
											Pejabat PERKESO Serian
										
											Pejabat PERKESO Sibu
										
											Pejabat PERKESO Sri Aman
										
											Pejabat PERKESO Sri Manjung
										
											Pejabat PERKESO Sungai Petani
										
											Pejabat PERKESO Taiping
										
											Pejabat PERKESO Tanjung Karang
										
											Pejabat PERKESO Tapah
										
											Pejabat PERKESO Tawau
										
											Pejabat PERKESO Teluk Intan
										
											Pejabat PERKESO Temerloh
										
									')]})
	at com.kms.katalon.core.keyword.internal.KeywordMain.stepFailed(KeywordMain.groovy:36)
	at com.kms.katalon.core.webui.keyword.internal.WebUIKeywordMain.stepFailed(WebUIKeywordMain.groovy:65)
	at com.kms.katalon.core.webui.keyword.internal.WebUIKeywordMain.runKeyword(WebUIKeywordMain.groovy:27)
	at com.kms.katalon.core.webui.keyword.builtin.ClickKeyword.click(ClickKeyword.groovy:86)
	at com.kms.katalon.core.webui.keyword.builtin.ClickKeyword.execute(ClickKeyword.groovy:67)
	at com.kms.katalon.core.keyword.internal.KeywordExecutor.executeKeywordForPlatform(KeywordExecutor.groovy:53)
	at com.kms.katalon.core.webui.keyword.WebUiBuiltInKeywords.click(WebUiBuiltInKeywords.groovy:616)
	at com.kms.katalon.core.webui.keyword.WebUiBuiltInKeywords$click$3.call(Unknown Source)
	at GN_Application_Reg.run(GN_Application_Reg:48)
	at com.kms.katalon.core.main.ScriptEngine.run(ScriptEngine.java:194)
	at com.kms.katalon.core.main.ScriptEngine.runScriptAsRawText(ScriptEngine.java:119)
	at com.kms.katalon.core.main.TestCaseExecutor.runScript(TestCaseExecutor.java:328)
	at com.kms.katalon.core.main.TestCaseExecutor.doExecute(TestCaseExecutor.java:319)
	at com.kms.katalon.core.main.TestCaseExecutor.processExecutionPhase(TestCaseExecutor.java:298)
	at com.kms.katalon.core.main.TestCaseExecutor.accessMainPhase(TestCaseExecutor.java:290)
	at com.kms.katalon.core.main.TestCaseExecutor.execute(TestCaseExecutor.java:224)
	at com.kms.katalon.core.main.TestCaseMain.runTestCase(TestCaseMain.java:106)
	at com.kms.katalon.core.keyword.builtin.CallTestCaseKeyword$_callTestCase_closure1.doCall(CallTestCaseKeyword.groovy:59)
	at com.kms.katalon.core.keyword.builtin.CallTestCaseKeyword$_callTestCase_closure1.call(CallTestCaseKeyword.groovy)
	at com.kms.katalon.core.keyword.internal.KeywordMain.runKeyword(KeywordMain.groovy:54)
	at com.kms.katalon.core.keyword.builtin.CallTestCaseKeyword.callTestCase(CallTestCaseKeyword.groovy:80)
	at com.kms.katalon.core.keyword.builtin.CallTestCaseKeyword.execute(CallTestCaseKeyword.groovy:44)
	at com.kms.katalon.core.keyword.internal.KeywordExecutor.executeKeywordForPlatform(KeywordExecutor.groovy:53)
	at com.kms.katalon.core.keyword.BuiltinKeywords.callTestCase(BuiltinKeywords.groovy:334)
	at GN_Submit Form 7_End to End.run(GN_Submit Form 7_End to End:16)
	at com.kms.katalon.core.main.ScriptEngine.run(ScriptEngine.java:194)
	at com.kms.katalon.core.main.ScriptEngine.runScriptAsRawText(ScriptEngine.java:119)
	at com.kms.katalon.core.main.TestCaseExecutor.runScript(TestCaseExecutor.java:328)
	at com.kms.katalon.core.main.TestCaseExecutor.doExecute(TestCaseExecutor.java:319)
	at com.kms.katalon.core.main.TestCaseExecutor.processExecutionPhase(TestCaseExecutor.java:298)
	at com.kms.katalon.core.main.TestCaseExecutor.accessMainPhase(TestCaseExecutor.java:290)
	at com.kms.katalon.core.main.TestCaseExecutor.execute(TestCaseExecutor.java:224)
	at com.kms.katalon.core.main.TestCaseMain.runTestCase(TestCaseMain.java:106)
	at com.kms.katalon.core.keyword.builtin.CallTestCaseKeyword$_callTestCase_closure1.doCall(CallTestCaseKeyword.groovy:59)
	at com.kms.katalon.core.keyword.builtin.CallTestCaseKeyword$_callTestCase_closure1.call(CallTestCaseKeyword.groovy)
	at com.kms.katalon.core.keyword.internal.KeywordMain.runKeyword(KeywordMain.groovy:54)
	at com.kms.katalon.core.keyword.builtin.CallTestCaseKeyword.callTestCase(CallTestCaseKeyword.groovy:80)
	at com.kms.katalon.core.keyword.builtin.CallTestCaseKeyword.execute(CallTestCaseKeyword.groovy:44)
	at com.kms.katalon.core.keyword.internal.KeywordExecutor.executeKeywordForPlatform(KeywordExecutor.groovy:53)
	at com.kms.katalon.core.keyword.BuiltinKeywords.callTestCase(BuiltinKeywords.groovy:334)
	at Submit Form 7 (General) - Case Reassignment Cross Branch EIO.run(Submit Form 7 (General) - Case Reassignment Cross Branch EIO:16)
	at com.kms.katalon.core.main.ScriptEngine.run(ScriptEngine.java:194)
	at com.kms.katalon.core.main.ScriptEngine.runScriptAsRawText(ScriptEngine.java:119)
	at com.kms.katalon.core.main.TestCaseExecutor.runScript(TestCaseExecutor.java:328)
	at com.kms.katalon.core.main.TestCaseExecutor.doExecute(TestCaseExecutor.java:319)
	at com.kms.katalon.core.main.TestCaseExecutor.processExecutionPhase(TestCaseExecutor.java:298)
	at com.kms.katalon.core.main.TestCaseExecutor.accessMainPhase(TestCaseExecutor.java:290)
	at com.kms.katalon.core.main.TestCaseExecutor.execute(TestCaseExecutor.java:224)
	at com.kms.katalon.core.main.TestSuiteExecutor.accessTestCaseMainPhase(TestSuiteExecutor.java:129)
	at com.kms.katalon.core.main.TestSuiteExecutor.accessTestSuiteMainPhase(TestSuiteExecutor.java:112)
	at com.kms.katalon.core.main.TestSuiteExecutor.execute(TestSuiteExecutor.java:81)
	at com.kms.katalon.core.main.TestCaseMain.startTestSuite(TestCaseMain.java:149)
	at com.kms.katalon.core.main.TestCaseMain$startTestSuite$0.call(Unknown Source)
	at TempTestSuite1550476757023.run(TempTestSuite1550476757023.groovy:36)


2019-02-18 16:12:58 - [MESSAGE][WARNING] - Cannot take screenshot

2019-02-18 16:12:58 - [MESSAGE][FAILED] - Unable to click on object 'Object Repository/ZhiHao/General_User_Submit_form 7/GN_Application_Reg/Page_PERKESO/select_pejabat_perkeso' (Root cause: org.openqa.selenium.UnhandledAlertException: unexpected alert open: {Alert text : HARAP MAKLUM

PERMOHONAN FAEDAH SIP TELAH DIBUAT BAGI PEKERJAAN INI. MOHON MENYEMAK SEMULA STATUS PERMOHONAN BAGI TUNTUTAN FAEDAH TERSEBUT}
  (Session info: chrome=72.0.3626.109)
  (Driver info: chromedriver=2.43.600210 (68dcf5eebde37173d4027fa8635e332711d2874a),platform=Windows NT 6.1.7601 SP1 x86_64) (WARNING: The server did not provide any stacktrace information)
Command duration or timeout: 0 milliseconds: null
Build info: version: '3.7.1', revision: '8a0099a', time: '2017-11-06T21:07:36.161Z'
System info: host: 'WIN7TEST02', ip: '10.20.3.72', os.name: 'Windows 7', os.arch: 'amd64', os.version: '6.1', java.version: '1.8.0_181'
Driver info: com.kms.katalon.selenium.driver.CChromeDriver
Capabilities {acceptInsecureCerts: false, acceptSslCerts: false, applicationCacheEnabled: false, browserConnectionEnabled: false, browserName: chrome, chrome: {chromedriverVersion: 2.43.600210 (68dcf5eebde371..., userDataDir: C:\Users\Admin\AppData\Loca...}, cssSelectorsEnabled: true, databaseEnabled: false, goog:chromeOptions: {debuggerAddress: localhost:64799}, handlesAlerts: true, hasTouchScreen: false, javascriptEnabled: true, locationContextEnabled: true, mobileEmulationEnabled: false, nativeEvents: true, networkConnectionEnabled: false, pageLoadStrategy: normal, platform: XP, platformName: XP, rotatable: false, setWindowRect: true, takesHeapSnapshot: true, takesScreenshot: true, unexpectedAlertBehaviour: , unhandledPromptBehavior: , version: 72.0.3626.109, webStorageEnabled: true}
Session ID: e683dd15e0695fc831024c6c1ca8cb1e
*** Element info: {Using=xpath, value=//select[@id = 'perkesoOfficeId' and @name = 'perkesoOfficeId' and (text() = '
										--Sila Pilih--
										
											Pejabat PERKESO Batu Pahat
										
											Pejabat PERKESO Beaufort
										
											Pejabat PERKESO Bentong
										
											Pejabat PERKESO Bintulu
										
											Pejabat PERKESO Dungun
										
											Pejabat PERKESO Georgetown
										
											Pejabat PERKESO Kajang
										
											Pejabat PERKESO Kapit
										
											Pejabat PERKESO Kemaman
										
											Pejabat PERKESO Keningau
										
											Pejabat PERKESO Klang
										
											Pejabat PERKESO Kluang
										
											Pejabat PERKESO Kota Marudu
										
											Pejabat PERKESO Kuala Kangsar
										
											Pejabat PERKESO Kuala Krai
										
											Pejabat PERKESO Kuala Pilah
										
											Pejabat PERKESO Kulim
										
											Pejabat PERKESO Labuan
										
											Pejabat PERKESO Lahad Datu
										
											Pejabat PERKESO Langkawi
										
											Pejabat PERKESO Limbang
										
											Pejabat PERKESO Miri
										
											Pejabat PERKESO Muar
										
											Pejabat PERKESO Mukah
										
											Pejabat PERKESO Negeri Johor
										
											Pejabat PERKESO Negeri Kedah
										
											Pejabat PERKESO Negeri Kelantan
										
											Pejabat PERKESO Negeri Melaka
										
											Pejabat PERKESO Negeri Pahang
										
											Pejabat PERKESO Negeri Perak
										
											Pejabat PERKESO Negeri Perlis
										
											Pejabat PERKESO Negeri Pulau Pinang
										
											Pejabat PERKESO Negeri Sabah
										
											Pejabat PERKESO Negeri Sarawak
										
											Pejabat PERKESO Negeri Selangor
										
											Pejabat PERKESO Negeri Sembilan
										
											Pejabat PERKESO Negeri Terengganu
										
											Pejabat PERKESO Negeri W.P Kuala Lumpur
										
											Pejabat PERKESO Rawang
										
											Pejabat PERKESO Sandakan
										
											Pejabat PERKESO Sarikei
										
											Pejabat PERKESO Segamat
										
											Pejabat PERKESO Serian
										
											Pejabat PERKESO Sibu
										
											Pejabat PERKESO Sri Aman
										
											Pejabat PERKESO Sri Manjung
										
											Pejabat PERKESO Sungai Petani
										
											Pejabat PERKESO Taiping
										
											Pejabat PERKESO Tanjung Karang
										
											Pejabat PERKESO Tapah
										
											Pejabat PERKESO Tawau
										
											Pejabat PERKESO Teluk Intan
										
											Pejabat PERKESO Temerloh
										
									' or . = '
										--Sila Pilih--
										
											Pejabat PERKESO Batu Pahat
										
											Pejabat PERKESO Beaufort
										
											Pejabat PERKESO Bentong
										
											Pejabat PERKESO Bintulu
										
											Pejabat PERKESO Dungun
										
											Pejabat PERKESO Georgetown
										
											Pejabat PERKESO Kajang
										
											Pejabat PERKESO Kapit
										
											Pejabat PERKESO Kemaman
										
											Pejabat PERKESO Keningau
										
											Pejabat PERKESO Klang
										
											Pejabat PERKESO Kluang
										
											Pejabat PERKESO Kota Marudu
										
											Pejabat PERKESO Kuala Kangsar
										
											Pejabat PERKESO Kuala Krai
										
											Pejabat PERKESO Kuala Pilah
										
											Pejabat PERKESO Kulim
										
											Pejabat PERKESO Labuan
										
											Pejabat PERKESO Lahad Datu
										
											Pejabat PERKESO Langkawi
										
											Pejabat PERKESO Limbang
										
											Pejabat PERKESO Miri
										
											Pejabat PERKESO Muar
										
											Pejabat PERKESO Mukah
										
											Pejabat PERKESO Negeri Johor
										
											Pejabat PERKESO Negeri Kedah
										
											Pejabat PERKESO Negeri Kelantan
										
											Pejabat PERKESO Negeri Melaka
										
											Pejabat PERKESO Negeri Pahang
										
											Pejabat PERKESO Negeri Perak
										
											Pejabat PERKESO Negeri Perlis
										
											Pejabat PERKESO Negeri Pulau Pinang
										
											Pejabat PERKESO Negeri Sabah
										
											Pejabat PERKESO Negeri Sarawak
										
											Pejabat PERKESO Negeri Selangor
										
											Pejabat PERKESO Negeri Sembilan
										
											Pejabat PERKESO Negeri Terengganu
										
											Pejabat PERKESO Negeri W.P Kuala Lumpur
										
											Pejabat PERKESO Rawang
										
											Pejabat PERKESO Sandakan
										
											Pejabat PERKESO Sarikei
										
											Pejabat PERKESO Segamat
										
											Pejabat PERKESO Serian
										
											Pejabat PERKESO Sibu
										
											Pejabat PERKESO Sri Aman
										
											Pejabat PERKESO Sri Manjung
										
											Pejabat PERKESO Sungai Petani
										
											Pejabat PERKESO Taiping
										
											Pejabat PERKESO Tanjung Karang
										
											Pejabat PERKESO Tapah
										
											Pejabat PERKESO Tawau
										
											Pejabat PERKESO Teluk Intan
										
											Pejabat PERKESO Temerloh
										
									')]})

2019-02-18 16:12:58 - [MESSAGE][FAILED] - click(findTestObject("ZhiHao/General_User_Submit_form 7/GN_Application_Reg/Page_PERKESO/select_pejabat_perkeso")) FAILED.
Reason:
com.kms.katalon.core.exception.StepFailedException: Unable to click on object 'Object Repository/ZhiHao/General_User_Submit_form 7/GN_Application_Reg/Page_PERKESO/select_pejabat_perkeso' (Root cause: org.openqa.selenium.UnhandledAlertException: unexpected alert open: {Alert text : HARAP MAKLUM

PERMOHONAN FAEDAH SIP TELAH DIBUAT BAGI PEKERJAAN INI. MOHON MENYEMAK SEMULA STATUS PERMOHONAN BAGI TUNTUTAN FAEDAH TERSEBUT}
  (Session info: chrome=72.0.3626.109)
  (Driver info: chromedriver=2.43.600210 (68dcf5eebde37173d4027fa8635e332711d2874a),platform=Windows NT 6.1.7601 SP1 x86_64) (WARNING: The server did not provide any stacktrace information)
Command duration or timeout: 0 milliseconds: null
Build info: version: '3.7.1', revision: '8a0099a', time: '2017-11-06T21:07:36.161Z'
System info: host: 'WIN7TEST02', ip: '10.20.3.72', os.name: 'Windows 7', os.arch: 'amd64', os.version: '6.1', java.version: '1.8.0_181'
Driver info: com.kms.katalon.selenium.driver.CChromeDriver
Capabilities {acceptInsecureCerts: false, acceptSslCerts: false, applicationCacheEnabled: false, browserConnectionEnabled: false, browserName: chrome, chrome: {chromedriverVersion: 2.43.600210 (68dcf5eebde371..., userDataDir: C:\Users\Admin\AppData\Loca...}, cssSelectorsEnabled: true, databaseEnabled: false, goog:chromeOptions: {debuggerAddress: localhost:64799}, handlesAlerts: true, hasTouchScreen: false, javascriptEnabled: true, locationContextEnabled: true, mobileEmulationEnabled: false, nativeEvents: true, networkConnectionEnabled: false, pageLoadStrategy: normal, platform: XP, platformName: XP, rotatable: false, setWindowRect: true, takesHeapSnapshot: true, takesScreenshot: true, unexpectedAlertBehaviour: , unhandledPromptBehavior: , version: 72.0.3626.109, webStorageEnabled: true}
Session ID: e683dd15e0695fc831024c6c1ca8cb1e
*** Element info: {Using=xpath, value=//select[@id = 'perkesoOfficeId' and @name = 'perkesoOfficeId' and (text() = '
										--Sila Pilih--
										
											Pejabat PERKESO Batu Pahat
										
											Pejabat PERKESO Beaufort
										
											Pejabat PERKESO Bentong
										
											Pejabat PERKESO Bintulu
										
											Pejabat PERKESO Dungun
										
											Pejabat PERKESO Georgetown
										
											Pejabat PERKESO Kajang
										
											Pejabat PERKESO Kapit
										
											Pejabat PERKESO Kemaman
										
											Pejabat PERKESO Keningau
										
											Pejabat PERKESO Klang
										
											Pejabat PERKESO Kluang
										
											Pejabat PERKESO Kota Marudu
										
											Pejabat PERKESO Kuala Kangsar
										
											Pejabat PERKESO Kuala Krai
										
											Pejabat PERKESO Kuala Pilah
										
											Pejabat PERKESO Kulim
										
											Pejabat PERKESO Labuan
										
											Pejabat PERKESO Lahad Datu
										
											Pejabat PERKESO Langkawi
										
											Pejabat PERKESO Limbang
										
											Pejabat PERKESO Miri
										
											Pejabat PERKESO Muar
										
											Pejabat PERKESO Mukah
										
											Pejabat PERKESO Negeri Johor
										
											Pejabat PERKESO Negeri Kedah
										
											Pejabat PERKESO Negeri Kelantan
										
											Pejabat PERKESO Negeri Melaka
										
											Pejabat PERKESO Negeri Pahang
										
											Pejabat PERKESO Negeri Perak
										
											Pejabat PERKESO Negeri Perlis
										
											Pejabat PERKESO Negeri Pulau Pinang
										
											Pejabat PERKESO Negeri Sabah
										
											Pejabat PERKESO Negeri Sarawak
										
											Pejabat PERKESO Negeri Selangor
										
											Pejabat PERKESO Negeri Sembilan
										
											Pejabat PERKESO Negeri Terengganu
										
											Pejabat PERKESO Negeri W.P Kuala Lumpur
										
											Pejabat PERKESO Rawang
										
											Pejabat PERKESO Sandakan
										
											Pejabat PERKESO Sarikei
										
											Pejabat PERKESO Segamat
										
											Pejabat PERKESO Serian
										
											Pejabat PERKESO Sibu
										
											Pejabat PERKESO Sri Aman
										
											Pejabat PERKESO Sri Manjung
										
											Pejabat PERKESO Sungai Petani
										
											Pejabat PERKESO Taiping
										
											Pejabat PERKESO Tanjung Karang
										
											Pejabat PERKESO Tapah
										
											Pejabat PERKESO Tawau
										
											Pejabat PERKESO Teluk Intan
										
											Pejabat PERKESO Temerloh
										
									' or . = '
										--Sila Pilih--
										
											Pejabat PERKESO Batu Pahat
										
											Pejabat PERKESO Beaufort
										
											Pejabat PERKESO Bentong
										
											Pejabat PERKESO Bintulu
										
											Pejabat PERKESO Dungun
										
											Pejabat PERKESO Georgetown
										
											Pejabat PERKESO Kajang
										
											Pejabat PERKESO Kapit
										
											Pejabat PERKESO Kemaman
										
											Pejabat PERKESO Keningau
										
											Pejabat PERKESO Klang
										
											Pejabat PERKESO Kluang
										
											Pejabat PERKESO Kota Marudu
										
											Pejabat PERKESO Kuala Kangsar
										
											Pejabat PERKESO Kuala Krai
										
											Pejabat PERKESO Kuala Pilah
										
											Pejabat PERKESO Kulim
										
											Pejabat PERKESO Labuan
										
											Pejabat PERKESO Lahad Datu
										
											Pejabat PERKESO Langkawi
										
											Pejabat PERKESO Limbang
										
											Pejabat PERKESO Miri
										
											Pejabat PERKESO Muar
										
											Pejabat PERKESO Mukah
										
											Pejabat PERKESO Negeri Johor
										
											Pejabat PERKESO Negeri Kedah
										
											Pejabat PERKESO Negeri Kelantan
										
											Pejabat PERKESO Negeri Melaka
										
											Pejabat PERKESO Negeri Pahang
										
											Pejabat PERKESO Negeri Perak
										
											Pejabat PERKESO Negeri Perlis
										
											Pejabat PERKESO Negeri Pulau Pinang
										
											Pejabat PERKESO Negeri Sabah
										
											Pejabat PERKESO Negeri Sarawak
										
											Pejabat PERKESO Negeri Selangor
										
											Pejabat PERKESO Negeri Sembilan
										
											Pejabat PERKESO Negeri Terengganu
										
											Pejabat PERKESO Negeri W.P Kuala Lumpur
										
											Pejabat PERKESO Rawang
										
											Pejabat PERKESO Sandakan
										
											Pejabat PERKESO Sarikei
										
											Pejabat PERKESO Segamat
										
											Pejabat PERKESO Serian
										
											Pejabat PERKESO Sibu
										
											Pejabat PERKESO Sri Aman
										
											Pejabat PERKESO Sri Manjung
										
											Pejabat PERKESO Sungai Petani
										
											Pejabat PERKESO Taiping
										
											Pejabat PERKESO Tanjung Karang
										
											Pejabat PERKESO Tapah
										
											Pejabat PERKESO Tawau
										
											Pejabat PERKESO Teluk Intan
										
											Pejabat PERKESO Temerloh
										
									')]})
	at com.kms.katalon.core.keyword.internal.KeywordMain.stepFailed(KeywordMain.groovy:36)
	at com.kms.katalon.core.webui.keyword.internal.WebUIKeywordMain.stepFailed(WebUIKeywordMain.groovy:65)
	at com.kms.katalon.core.webui.keyword.internal.WebUIKeywordMain.runKeyword(WebUIKeywordMain.groovy:27)
	at com.kms.katalon.core.webui.keyword.builtin.ClickKeyword.click(ClickKeyword.groovy:86)
	at com.kms.katalon.core.webui.keyword.builtin.ClickKeyword.execute(ClickKeyword.groovy:67)
	at com.kms.katalon.core.keyword.internal.KeywordExecutor.executeKeywordForPlatform(KeywordExecutor.groovy:53)
	at com.kms.katalon.core.webui.keyword.WebUiBuiltInKeywords.click(WebUiBuiltInKeywords.groovy:616)
	at com.kms.katalon.core.webui.keyword.WebUiBuiltInKeywords$click$3.call(Unknown Source)
	at GN_Application_Reg.run(GN_Application_Reg:48)
	at com.kms.katalon.core.main.ScriptEngine.run(ScriptEngine.java:194)
	at com.kms.katalon.core.main.ScriptEngine.runScriptAsRawText(ScriptEngine.java:119)
	at com.kms.katalon.core.main.TestCaseExecutor.runScript(TestCaseExecutor.java:328)
	at com.kms.katalon.core.main.TestCaseExecutor.doExecute(TestCaseExecutor.java:319)
	at com.kms.katalon.core.main.TestCaseExecutor.processExecutionPhase(TestCaseExecutor.java:298)
	at com.kms.katalon.core.main.TestCaseExecutor.accessMainPhase(TestCaseExecutor.java:290)
	at com.kms.katalon.core.main.TestCaseExecutor.execute(TestCaseExecutor.java:224)
	at com.kms.katalon.core.main.TestCaseMain.runTestCase(TestCaseMain.java:106)
	at com.kms.katalon.core.keyword.builtin.CallTestCaseKeyword$_callTestCase_closure1.doCall(CallTestCaseKeyword.groovy:59)
	at com.kms.katalon.core.keyword.builtin.CallTestCaseKeyword$_callTestCase_closure1.call(CallTestCaseKeyword.groovy)
	at com.kms.katalon.core.keyword.internal.KeywordMain.runKeyword(KeywordMain.groovy:54)
	at com.kms.katalon.core.keyword.builtin.CallTestCaseKeyword.callTestCase(CallTestCaseKeyword.groovy:80)
	at com.kms.katalon.core.keyword.builtin.CallTestCaseKeyword.execute(CallTestCaseKeyword.groovy:44)
	at com.kms.katalon.core.keyword.internal.KeywordExecutor.executeKeywordForPlatform(KeywordExecutor.groovy:53)
	at com.kms.katalon.core.keyword.BuiltinKeywords.callTestCase(BuiltinKeywords.groovy:334)
	at GN_Submit Form 7_End to End.run(GN_Submit Form 7_End to End:16)
	at com.kms.katalon.core.main.ScriptEngine.run(ScriptEngine.java:194)
	at com.kms.katalon.core.main.ScriptEngine.runScriptAsRawText(ScriptEngine.java:119)
	at com.kms.katalon.core.main.TestCaseExecutor.runScript(TestCaseExecutor.java:328)
	at com.kms.katalon.core.main.TestCaseExecutor.doExecute(TestCaseExecutor.java:319)
	at com.kms.katalon.core.main.TestCaseExecutor.processExecutionPhase(TestCaseExecutor.java:298)
	at com.kms.katalon.core.main.TestCaseExecutor.accessMainPhase(TestCaseExecutor.java:290)
	at com.kms.katalon.core.main.TestCaseExecutor.execute(TestCaseExecutor.java:224)
	at com.kms.katalon.core.main.TestCaseMain.runTestCase(TestCaseMain.java:106)
	at com.kms.katalon.core.keyword.builtin.CallTestCaseKeyword$_callTestCase_closure1.doCall(CallTestCaseKeyword.groovy:59)
	at com.kms.katalon.core.keyword.builtin.CallTestCaseKeyword$_callTestCase_closure1.call(CallTestCaseKeyword.groovy)
	at com.kms.katalon.core.keyword.internal.KeywordMain.runKeyword(KeywordMain.groovy:54)
	at com.kms.katalon.core.keyword.builtin.CallTestCaseKeyword.callTestCase(CallTestCaseKeyword.groovy:80)
	at com.kms.katalon.core.keyword.builtin.CallTestCaseKeyword.execute(CallTestCaseKeyword.groovy:44)
	at com.kms.katalon.core.keyword.internal.KeywordExecutor.executeKeywordForPlatform(KeywordExecutor.groovy:53)
	at com.kms.katalon.core.keyword.BuiltinKeywords.callTestCase(BuiltinKeywords.groovy:334)
	at Submit Form 7 (General) - Case Reassignment Cross Branch EIO.run(Submit Form 7 (General) - Case Reassignment Cross Branch EIO:16)
	at com.kms.katalon.core.main.ScriptEngine.run(ScriptEngine.java:194)
	at com.kms.katalon.core.main.ScriptEngine.runScriptAsRawText(ScriptEngine.java:119)
	at com.kms.katalon.core.main.TestCaseExecutor.runScript(TestCaseExecutor.java:328)
	at com.kms.katalon.core.main.TestCaseExecutor.doExecute(TestCaseExecutor.java:319)
	at com.kms.katalon.core.main.TestCaseExecutor.processExecutionPhase(TestCaseExecutor.java:298)
	at com.kms.katalon.core.main.TestCaseExecutor.accessMainPhase(TestCaseExecutor.java:290)
	at com.kms.katalon.core.main.TestCaseExecutor.execute(TestCaseExecutor.java:224)
	at com.kms.katalon.core.main.TestSuiteExecutor.accessTestCaseMainPhase(TestSuiteExecutor.java:129)
	at com.kms.katalon.core.main.TestSuiteExecutor.accessTestSuiteMainPhase(TestSuiteExecutor.java:112)
	at com.kms.katalon.core.main.TestSuiteExecutor.execute(TestSuiteExecutor.java:81)
	at com.kms.katalon.core.main.TestCaseMain.startTestSuite(TestCaseMain.java:149)
	at com.kms.katalon.core.main.TestCaseMain$startTestSuite$0.call(Unknown Source)
	at TempTestSuite1550476757023.run(TempTestSuite1550476757023.groovy:36)


2019-02-18 16:12:58 - [MESSAGE][FAILED] - Unable to call Test Case 'Test Cases/All TC/Arranged/3. Unit/EI/GN submit form 7/GN_Application_Reg' (Root cause: com.kms.katalon.core.exception.StepFailedException: Call Test Case 'Test Cases/All TC/Arranged/3. Unit/EI/GN submit form 7/GN_Application_Reg' failed)

2019-02-18 16:12:58 - [MESSAGE][FAILED] - callTestCase(findTestCase("All TC/Arranged/3. Unit/EI/GN submit form 7/GN_Application_Reg"), [:], STOP_ON_FAILURE) FAILED.
Reason:
com.kms.katalon.core.exception.StepFailedException: Unable to click on object 'Object Repository/ZhiHao/General_User_Submit_form 7/GN_Application_Reg/Page_PERKESO/select_pejabat_perkeso' (Root cause: org.openqa.selenium.UnhandledAlertException: unexpected alert open: {Alert text : HARAP MAKLUM

PERMOHONAN FAEDAH SIP TELAH DIBUAT BAGI PEKERJAAN INI. MOHON MENYEMAK SEMULA STATUS PERMOHONAN BAGI TUNTUTAN FAEDAH TERSEBUT}
  (Session info: chrome=72.0.3626.109)
  (Driver info: chromedriver=2.43.600210 (68dcf5eebde37173d4027fa8635e332711d2874a),platform=Windows NT 6.1.7601 SP1 x86_64) (WARNING: The server did not provide any stacktrace information)
Command duration or timeout: 0 milliseconds: null
Build info: version: '3.7.1', revision: '8a0099a', time: '2017-11-06T21:07:36.161Z'
System info: host: 'WIN7TEST02', ip: '10.20.3.72', os.name: 'Windows 7', os.arch: 'amd64', os.version: '6.1', java.version: '1.8.0_181'
Driver info: com.kms.katalon.selenium.driver.CChromeDriver
Capabilities {acceptInsecureCerts: false, acceptSslCerts: false, applicationCacheEnabled: false, browserConnectionEnabled: false, browserName: chrome, chrome: {chromedriverVersion: 2.43.600210 (68dcf5eebde371..., userDataDir: C:\Users\Admin\AppData\Loca...}, cssSelectorsEnabled: true, databaseEnabled: false, goog:chromeOptions: {debuggerAddress: localhost:64799}, handlesAlerts: true, hasTouchScreen: false, javascriptEnabled: true, locationContextEnabled: true, mobileEmulationEnabled: false, nativeEvents: true, networkConnectionEnabled: false, pageLoadStrategy: normal, platform: XP, platformName: XP, rotatable: false, setWindowRect: true, takesHeapSnapshot: true, takesScreenshot: true, unexpectedAlertBehaviour: , unhandledPromptBehavior: , version: 72.0.3626.109, webStorageEnabled: true}
Session ID: e683dd15e0695fc831024c6c1ca8cb1e
*** Element info: {Using=xpath, value=//select[@id = 'perkesoOfficeId' and @name = 'perkesoOfficeId' and (text() = '
										--Sila Pilih--
										
											Pejabat PERKESO Batu Pahat
										
											Pejabat PERKESO Beaufort
										
											Pejabat PERKESO Bentong
										
											Pejabat PERKESO Bintulu
										
											Pejabat PERKESO Dungun
										
											Pejabat PERKESO Georgetown
										
											Pejabat PERKESO Kajang
										
											Pejabat PERKESO Kapit
										
											Pejabat PERKESO Kemaman
										
											Pejabat PERKESO Keningau
										
											Pejabat PERKESO Klang
										
											Pejabat PERKESO Kluang
										
											Pejabat PERKESO Kota Marudu
										
											Pejabat PERKESO Kuala Kangsar
										
											Pejabat PERKESO Kuala Krai
										
											Pejabat PERKESO Kuala Pilah
										
											Pejabat PERKESO Kulim
										
											Pejabat PERKESO Labuan
										
											Pejabat PERKESO Lahad Datu
										
											Pejabat PERKESO Langkawi
										
											Pejabat PERKESO Limbang
										
											Pejabat PERKESO Miri
										
											Pejabat PERKESO Muar
										
											Pejabat PERKESO Mukah
										
											Pejabat PERKESO Negeri Johor
										
											Pejabat PERKESO Negeri Kedah
										
											Pejabat PERKESO Negeri Kelantan
										
											Pejabat PERKESO Negeri Melaka
										
											Pejabat PERKESO Negeri Pahang
										
											Pejabat PERKESO Negeri Perak
										
											Pejabat PERKESO Negeri Perlis
										
											Pejabat PERKESO Negeri Pulau Pinang
										
											Pejabat PERKESO Negeri Sabah
										
											Pejabat PERKESO Negeri Sarawak
										
											Pejabat PERKESO Negeri Selangor
										
											Pejabat PERKESO Negeri Sembilan
										
											Pejabat PERKESO Negeri Terengganu
										
											Pejabat PERKESO Negeri W.P Kuala Lumpur
										
											Pejabat PERKESO Rawang
										
											Pejabat PERKESO Sandakan
										
											Pejabat PERKESO Sarikei
										
											Pejabat PERKESO Segamat
										
											Pejabat PERKESO Serian
										
											Pejabat PERKESO Sibu
										
											Pejabat PERKESO Sri Aman
										
											Pejabat PERKESO Sri Manjung
										
											Pejabat PERKESO Sungai Petani
										
											Pejabat PERKESO Taiping
										
											Pejabat PERKESO Tanjung Karang
										
											Pejabat PERKESO Tapah
										
											Pejabat PERKESO Tawau
										
											Pejabat PERKESO Teluk Intan
										
											Pejabat PERKESO Temerloh
										
									' or . = '
										--Sila Pilih--
										
											Pejabat PERKESO Batu Pahat
										
											Pejabat PERKESO Beaufort
										
											Pejabat PERKESO Bentong
										
											Pejabat PERKESO Bintulu
										
											Pejabat PERKESO Dungun
										
											Pejabat PERKESO Georgetown
										
											Pejabat PERKESO Kajang
										
											Pejabat PERKESO Kapit
										
											Pejabat PERKESO Kemaman
										
											Pejabat PERKESO Keningau
										
											Pejabat PERKESO Klang
										
											Pejabat PERKESO Kluang
										
											Pejabat PERKESO Kota Marudu
										
											Pejabat PERKESO Kuala Kangsar
										
											Pejabat PERKESO Kuala Krai
										
											Pejabat PERKESO Kuala Pilah
										
											Pejabat PERKESO Kulim
										
											Pejabat PERKESO Labuan
										
											Pejabat PERKESO Lahad Datu
										
											Pejabat PERKESO Langkawi
										
											Pejabat PERKESO Limbang
										
											Pejabat PERKESO Miri
										
											Pejabat PERKESO Muar
										
											Pejabat PERKESO Mukah
										
											Pejabat PERKESO Negeri Johor
										
											Pejabat PERKESO Negeri Kedah
										
											Pejabat PERKESO Negeri Kelantan
										
											Pejabat PERKESO Negeri Melaka
										
											Pejabat PERKESO Negeri Pahang
										
											Pejabat PERKESO Negeri Perak
										
											Pejabat PERKESO Negeri Perlis
										
											Pejabat PERKESO Negeri Pulau Pinang
										
											Pejabat PERKESO Negeri Sabah
										
											Pejabat PERKESO Negeri Sarawak
										
											Pejabat PERKESO Negeri Selangor
										
											Pejabat PERKESO Negeri Sembilan
										
											Pejabat PERKESO Negeri Terengganu
										
											Pejabat PERKESO Negeri W.P Kuala Lumpur
										
											Pejabat PERKESO Rawang
										
											Pejabat PERKESO Sandakan
										
											Pejabat PERKESO Sarikei
										
											Pejabat PERKESO Segamat
										
											Pejabat PERKESO Serian
										
											Pejabat PERKESO Sibu
										
											Pejabat PERKESO Sri Aman
										
											Pejabat PERKESO Sri Manjung
										
											Pejabat PERKESO Sungai Petani
										
											Pejabat PERKESO Taiping
										
											Pejabat PERKESO Tanjung Karang
										
											Pejabat PERKESO Tapah
										
											Pejabat PERKESO Tawau
										
											Pejabat PERKESO Teluk Intan
										
											Pejabat PERKESO Temerloh
										
									')]})
	at com.kms.katalon.core.keyword.internal.KeywordMain.stepFailed(KeywordMain.groovy:36)
	at com.kms.katalon.core.webui.keyword.internal.WebUIKeywordMain.stepFailed(WebUIKeywordMain.groovy:65)
	at com.kms.katalon.core.webui.keyword.internal.WebUIKeywordMain.runKeyword(WebUIKeywordMain.groovy:27)
	at com.kms.katalon.core.webui.keyword.builtin.ClickKeyword.click(ClickKeyword.groovy:86)
	at com.kms.katalon.core.webui.keyword.builtin.ClickKeyword.execute(ClickKeyword.groovy:67)
	at com.kms.katalon.core.keyword.internal.KeywordExecutor.executeKeywordForPlatform(KeywordExecutor.groovy:53)
	at com.kms.katalon.core.webui.keyword.WebUiBuiltInKeywords.click(WebUiBuiltInKeywords.groovy:616)
	at com.kms.katalon.core.webui.keyword.WebUiBuiltInKeywords$click$3.call(Unknown Source)
	at GN_Application_Reg.run(GN_Application_Reg:48)
	at com.kms.katalon.core.main.ScriptEngine.run(ScriptEngine.java:194)
	at com.kms.katalon.core.main.ScriptEngine.runScriptAsRawText(ScriptEngine.java:119)
	at com.kms.katalon.core.main.TestCaseExecutor.runScript(TestCaseExecutor.java:328)
	at com.kms.katalon.core.main.TestCaseExecutor.doExecute(TestCaseExecutor.java:319)
	at com.kms.katalon.core.main.TestCaseExecutor.processExecutionPhase(TestCaseExecutor.java:298)
	at com.kms.katalon.core.main.TestCaseExecutor.accessMainPhase(TestCaseExecutor.java:290)
	at com.kms.katalon.core.main.TestCaseExecutor.execute(TestCaseExecutor.java:224)
	at com.kms.katalon.core.main.TestCaseMain.runTestCase(TestCaseMain.java:106)
	at com.kms.katalon.core.keyword.builtin.CallTestCaseKeyword$_callTestCase_closure1.doCall(CallTestCaseKeyword.groovy:59)
	at com.kms.katalon.core.keyword.builtin.CallTestCaseKeyword$_callTestCase_closure1.call(CallTestCaseKeyword.groovy)
	at com.kms.katalon.core.keyword.internal.KeywordMain.runKeyword(KeywordMain.groovy:54)
	at com.kms.katalon.core.keyword.builtin.CallTestCaseKeyword.callTestCase(CallTestCaseKeyword.groovy:80)
	at com.kms.katalon.core.keyword.builtin.CallTestCaseKeyword.execute(CallTestCaseKeyword.groovy:44)
	at com.kms.katalon.core.keyword.internal.KeywordExecutor.executeKeywordForPlatform(KeywordExecutor.groovy:53)
	at com.kms.katalon.core.keyword.BuiltinKeywords.callTestCase(BuiltinKeywords.groovy:334)
	at GN_Submit Form 7_End to End.run(GN_Submit Form 7_End to End:16)
	at com.kms.katalon.core.main.ScriptEngine.run(ScriptEngine.java:194)
	at com.kms.katalon.core.main.ScriptEngine.runScriptAsRawText(ScriptEngine.java:119)
	at com.kms.katalon.core.main.TestCaseExecutor.runScript(TestCaseExecutor.java:328)
	at com.kms.katalon.core.main.TestCaseExecutor.doExecute(TestCaseExecutor.java:319)
	at com.kms.katalon.core.main.TestCaseExecutor.processExecutionPhase(TestCaseExecutor.java:298)
	at com.kms.katalon.core.main.TestCaseExecutor.accessMainPhase(TestCaseExecutor.java:290)
	at com.kms.katalon.core.main.TestCaseExecutor.execute(TestCaseExecutor.java:224)
	at com.kms.katalon.core.main.TestCaseMain.runTestCase(TestCaseMain.java:106)
	at com.kms.katalon.core.keyword.builtin.CallTestCaseKeyword$_callTestCase_closure1.doCall(CallTestCaseKeyword.groovy:59)
	at com.kms.katalon.core.keyword.builtin.CallTestCaseKeyword$_callTestCase_closure1.call(CallTestCaseKeyword.groovy)
	at com.kms.katalon.core.keyword.internal.KeywordMain.runKeyword(KeywordMain.groovy:54)
	at com.kms.katalon.core.keyword.builtin.CallTestCaseKeyword.callTestCase(CallTestCaseKeyword.groovy:80)
	at com.kms.katalon.core.keyword.builtin.CallTestCaseKeyword.execute(CallTestCaseKeyword.groovy:44)
	at com.kms.katalon.core.keyword.internal.KeywordExecutor.executeKeywordForPlatform(KeywordExecutor.groovy:53)
	at com.kms.katalon.core.keyword.BuiltinKeywords.callTestCase(BuiltinKeywords.groovy:334)
	at Submit Form 7 (General) - Case Reassignment Cross Branch EIO.run(Submit Form 7 (General) - Case Reassignment Cross Branch EIO:16)
	at com.kms.katalon.core.main.ScriptEngine.run(ScriptEngine.java:194)
	at com.kms.katalon.core.main.ScriptEngine.runScriptAsRawText(ScriptEngine.java:119)
	at com.kms.katalon.core.main.TestCaseExecutor.runScript(TestCaseExecutor.java:328)
	at com.kms.katalon.core.main.TestCaseExecutor.doExecute(TestCaseExecutor.java:319)
	at com.kms.katalon.core.main.TestCaseExecutor.processExecutionPhase(TestCaseExecutor.java:298)
	at com.kms.katalon.core.main.TestCaseExecutor.accessMainPhase(TestCaseExecutor.java:290)
	at com.kms.katalon.core.main.TestCaseExecutor.execute(TestCaseExecutor.java:224)
	at com.kms.katalon.core.main.TestSuiteExecutor.accessTestCaseMainPhase(TestSuiteExecutor.java:129)
	at com.kms.katalon.core.main.TestSuiteExecutor.accessTestSuiteMainPhase(TestSuiteExecutor.java:112)
	at com.kms.katalon.core.main.TestSuiteExecutor.execute(TestSuiteExecutor.java:81)
	at com.kms.katalon.core.main.TestCaseMain.startTestSuite(TestCaseMain.java:149)
	at com.kms.katalon.core.main.TestCaseMain$startTestSuite$0.call(Unknown Source)
	at TempTestSuite1550476757023.run(TempTestSuite1550476757023.groovy:36)


2019-02-18 16:13:02 - [MESSAGE][FAILED] - Unable to call Test Case 'Test Cases/All TC/Arranged/2. Segment/GN_Submit Form 7_End to End' (Root cause: com.kms.katalon.core.exception.StepFailedException: Call Test Case 'Test Cases/All TC/Arranged/2. Segment/GN_Submit Form 7_End to End' failed)

2019-02-18 16:13:02 - [MESSAGE][FAILED] - callTestCase(findTestCase("All TC/Arranged/2. Segment/GN_Submit Form 7_End to End"), [:], STOP_ON_FAILURE) FAILED.
Reason:
com.kms.katalon.core.exception.StepFailedException: Unable to click on object 'Object Repository/ZhiHao/General_User_Submit_form 7/GN_Application_Reg/Page_PERKESO/select_pejabat_perkeso' (Root cause: org.openqa.selenium.UnhandledAlertException: unexpected alert open: {Alert text : HARAP MAKLUM

PERMOHONAN FAEDAH SIP TELAH DIBUAT BAGI PEKERJAAN INI. MOHON MENYEMAK SEMULA STATUS PERMOHONAN BAGI TUNTUTAN FAEDAH TERSEBUT}
  (Session info: chrome=72.0.3626.109)
  (Driver info: chromedriver=2.43.600210 (68dcf5eebde37173d4027fa8635e332711d2874a),platform=Windows NT 6.1.7601 SP1 x86_64) (WARNING: The server did not provide any stacktrace information)
Command duration or timeout: 0 milliseconds: null
Build info: version: '3.7.1', revision: '8a0099a', time: '2017-11-06T21:07:36.161Z'
System info: host: 'WIN7TEST02', ip: '10.20.3.72', os.name: 'Windows 7', os.arch: 'amd64', os.version: '6.1', java.version: '1.8.0_181'
Driver info: com.kms.katalon.selenium.driver.CChromeDriver
Capabilities {acceptInsecureCerts: false, acceptSslCerts: false, applicationCacheEnabled: false, browserConnectionEnabled: false, browserName: chrome, chrome: {chromedriverVersion: 2.43.600210 (68dcf5eebde371..., userDataDir: C:\Users\Admin\AppData\Loca...}, cssSelectorsEnabled: true, databaseEnabled: false, goog:chromeOptions: {debuggerAddress: localhost:64799}, handlesAlerts: true, hasTouchScreen: false, javascriptEnabled: true, locationContextEnabled: true, mobileEmulationEnabled: false, nativeEvents: true, networkConnectionEnabled: false, pageLoadStrategy: normal, platform: XP, platformName: XP, rotatable: false, setWindowRect: true, takesHeapSnapshot: true, takesScreenshot: true, unexpectedAlertBehaviour: , unhandledPromptBehavior: , version: 72.0.3626.109, webStorageEnabled: true}
Session ID: e683dd15e0695fc831024c6c1ca8cb1e
*** Element info: {Using=xpath, value=//select[@id = 'perkesoOfficeId' and @name = 'perkesoOfficeId' and (text() = '
										--Sila Pilih--
										
											Pejabat PERKESO Batu Pahat
										
											Pejabat PERKESO Beaufort
										
											Pejabat PERKESO Bentong
										
											Pejabat PERKESO Bintulu
										
											Pejabat PERKESO Dungun
										
											Pejabat PERKESO Georgetown
										
											Pejabat PERKESO Kajang
										
											Pejabat PERKESO Kapit
										
											Pejabat PERKESO Kemaman
										
											Pejabat PERKESO Keningau
										
											Pejabat PERKESO Klang
										
											Pejabat PERKESO Kluang
										
											Pejabat PERKESO Kota Marudu
										
											Pejabat PERKESO Kuala Kangsar
										
											Pejabat PERKESO Kuala Krai
										
											Pejabat PERKESO Kuala Pilah
										
											Pejabat PERKESO Kulim
										
											Pejabat PERKESO Labuan
										
											Pejabat PERKESO Lahad Datu
										
											Pejabat PERKESO Langkawi
										
											Pejabat PERKESO Limbang
										
											Pejabat PERKESO Miri
										
											Pejabat PERKESO Muar
										
											Pejabat PERKESO Mukah
										
											Pejabat PERKESO Negeri Johor
										
											Pejabat PERKESO Negeri Kedah
										
											Pejabat PERKESO Negeri Kelantan
										
											Pejabat PERKESO Negeri Melaka
										
											Pejabat PERKESO Negeri Pahang
										
											Pejabat PERKESO Negeri Perak
										
											Pejabat PERKESO Negeri Perlis
										
											Pejabat PERKESO Negeri Pulau Pinang
										
											Pejabat PERKESO Negeri Sabah
										
											Pejabat PERKESO Negeri Sarawak
										
											Pejabat PERKESO Negeri Selangor
										
											Pejabat PERKESO Negeri Sembilan
										
											Pejabat PERKESO Negeri Terengganu
										
											Pejabat PERKESO Negeri W.P Kuala Lumpur
										
											Pejabat PERKESO Rawang
										
											Pejabat PERKESO Sandakan
										
											Pejabat PERKESO Sarikei
										
											Pejabat PERKESO Segamat
										
											Pejabat PERKESO Serian
										
											Pejabat PERKESO Sibu
										
											Pejabat PERKESO Sri Aman
										
											Pejabat PERKESO Sri Manjung
										
											Pejabat PERKESO Sungai Petani
										
											Pejabat PERKESO Taiping
										
											Pejabat PERKESO Tanjung Karang
										
											Pejabat PERKESO Tapah
										
											Pejabat PERKESO Tawau
										
											Pejabat PERKESO Teluk Intan
										
											Pejabat PERKESO Temerloh
										
									' or . = '
										--Sila Pilih--
										
											Pejabat PERKESO Batu Pahat
										
											Pejabat PERKESO Beaufort
										
											Pejabat PERKESO Bentong
										
											Pejabat PERKESO Bintulu
										
											Pejabat PERKESO Dungun
										
											Pejabat PERKESO Georgetown
										
											Pejabat PERKESO Kajang
										
											Pejabat PERKESO Kapit
										
											Pejabat PERKESO Kemaman
										
											Pejabat PERKESO Keningau
										
											Pejabat PERKESO Klang
										
											Pejabat PERKESO Kluang
										
											Pejabat PERKESO Kota Marudu
										
											Pejabat PERKESO Kuala Kangsar
										
											Pejabat PERKESO Kuala Krai
										
											Pejabat PERKESO Kuala Pilah
										
											Pejabat PERKESO Kulim
										
											Pejabat PERKESO Labuan
										
											Pejabat PERKESO Lahad Datu
										
											Pejabat PERKESO Langkawi
										
											Pejabat PERKESO Limbang
										
											Pejabat PERKESO Miri
										
											Pejabat PERKESO Muar
										
											Pejabat PERKESO Mukah
										
											Pejabat PERKESO Negeri Johor
										
											Pejabat PERKESO Negeri Kedah
										
											Pejabat PERKESO Negeri Kelantan
										
											Pejabat PERKESO Negeri Melaka
										
											Pejabat PERKESO Negeri Pahang
										
											Pejabat PERKESO Negeri Perak
										
											Pejabat PERKESO Negeri Perlis
										
											Pejabat PERKESO Negeri Pulau Pinang
										
											Pejabat PERKESO Negeri Sabah
										
											Pejabat PERKESO Negeri Sarawak
										
											Pejabat PERKESO Negeri Selangor
										
											Pejabat PERKESO Negeri Sembilan
										
											Pejabat PERKESO Negeri Terengganu
										
											Pejabat PERKESO Negeri W.P Kuala Lumpur
										
											Pejabat PERKESO Rawang
										
											Pejabat PERKESO Sandakan
										
											Pejabat PERKESO Sarikei
										
											Pejabat PERKESO Segamat
										
											Pejabat PERKESO Serian
										
											Pejabat PERKESO Sibu
										
											Pejabat PERKESO Sri Aman
										
											Pejabat PERKESO Sri Manjung
										
											Pejabat PERKESO Sungai Petani
										
											Pejabat PERKESO Taiping
										
											Pejabat PERKESO Tanjung Karang
										
											Pejabat PERKESO Tapah
										
											Pejabat PERKESO Tawau
										
											Pejabat PERKESO Teluk Intan
										
											Pejabat PERKESO Temerloh
										
									')]})
	at com.kms.katalon.core.keyword.internal.KeywordMain.stepFailed(KeywordMain.groovy:36)
	at com.kms.katalon.core.webui.keyword.internal.WebUIKeywordMain.stepFailed(WebUIKeywordMain.groovy:65)
	at com.kms.katalon.core.webui.keyword.internal.WebUIKeywordMain.runKeyword(WebUIKeywordMain.groovy:27)
	at com.kms.katalon.core.webui.keyword.builtin.ClickKeyword.click(ClickKeyword.groovy:86)
	at com.kms.katalon.core.webui.keyword.builtin.ClickKeyword.execute(ClickKeyword.groovy:67)
	at com.kms.katalon.core.keyword.internal.KeywordExecutor.executeKeywordForPlatform(KeywordExecutor.groovy:53)
	at com.kms.katalon.core.webui.keyword.WebUiBuiltInKeywords.click(WebUiBuiltInKeywords.groovy:616)
	at com.kms.katalon.core.webui.keyword.WebUiBuiltInKeywords$click$3.call(Unknown Source)
	at GN_Application_Reg.run(GN_Application_Reg:48)
	at com.kms.katalon.core.main.ScriptEngine.run(ScriptEngine.java:194)
	at com.kms.katalon.core.main.ScriptEngine.runScriptAsRawText(ScriptEngine.java:119)
	at com.kms.katalon.core.main.TestCaseExecutor.runScript(TestCaseExecutor.java:328)
	at com.kms.katalon.core.main.TestCaseExecutor.doExecute(TestCaseExecutor.java:319)
	at com.kms.katalon.core.main.TestCaseExecutor.processExecutionPhase(TestCaseExecutor.java:298)
	at com.kms.katalon.core.main.TestCaseExecutor.accessMainPhase(TestCaseExecutor.java:290)
	at com.kms.katalon.core.main.TestCaseExecutor.execute(TestCaseExecutor.java:224)
	at com.kms.katalon.core.main.TestCaseMain.runTestCase(TestCaseMain.java:106)
	at com.kms.katalon.core.keyword.builtin.CallTestCaseKeyword$_callTestCase_closure1.doCall(CallTestCaseKeyword.groovy:59)
	at com.kms.katalon.core.keyword.builtin.CallTestCaseKeyword$_callTestCase_closure1.call(CallTestCaseKeyword.groovy)
	at com.kms.katalon.core.keyword.internal.KeywordMain.runKeyword(KeywordMain.groovy:54)
	at com.kms.katalon.core.keyword.builtin.CallTestCaseKeyword.callTestCase(CallTestCaseKeyword.groovy:80)
	at com.kms.katalon.core.keyword.builtin.CallTestCaseKeyword.execute(CallTestCaseKeyword.groovy:44)
	at com.kms.katalon.core.keyword.internal.KeywordExecutor.executeKeywordForPlatform(KeywordExecutor.groovy:53)
	at com.kms.katalon.core.keyword.BuiltinKeywords.callTestCase(BuiltinKeywords.groovy:334)
	at GN_Submit Form 7_End to End.run(GN_Submit Form 7_End to End:16)
	at com.kms.katalon.core.main.ScriptEngine.run(ScriptEngine.java:194)
	at com.kms.katalon.core.main.ScriptEngine.runScriptAsRawText(ScriptEngine.java:119)
	at com.kms.katalon.core.main.TestCaseExecutor.runScript(TestCaseExecutor.java:328)
	at com.kms.katalon.core.main.TestCaseExecutor.doExecute(TestCaseExecutor.java:319)
	at com.kms.katalon.core.main.TestCaseExecutor.processExecutionPhase(TestCaseExecutor.java:298)
	at com.kms.katalon.core.main.TestCaseExecutor.accessMainPhase(TestCaseExecutor.java:290)
	at com.kms.katalon.core.main.TestCaseExecutor.execute(TestCaseExecutor.java:224)
	at com.kms.katalon.core.main.TestCaseMain.runTestCase(TestCaseMain.java:106)
	at com.kms.katalon.core.keyword.builtin.CallTestCaseKeyword$_callTestCase_closure1.doCall(CallTestCaseKeyword.groovy:59)
	at com.kms.katalon.core.keyword.builtin.CallTestCaseKeyword$_callTestCase_closure1.call(CallTestCaseKeyword.groovy)
	at com.kms.katalon.core.keyword.internal.KeywordMain.runKeyword(KeywordMain.groovy:54)
	at com.kms.katalon.core.keyword.builtin.CallTestCaseKeyword.callTestCase(CallTestCaseKeyword.groovy:80)
	at com.kms.katalon.core.keyword.builtin.CallTestCaseKeyword.execute(CallTestCaseKeyword.groovy:44)
	at com.kms.katalon.core.keyword.internal.KeywordExecutor.executeKeywordForPlatform(KeywordExecutor.groovy:53)
	at com.kms.katalon.core.keyword.BuiltinKeywords.callTestCase(BuiltinKeywords.groovy:334)
	at Submit Form 7 (General) - Case Reassignment Cross Branch EIO.run(Submit Form 7 (General) - Case Reassignment Cross Branch EIO:16)
	at com.kms.katalon.core.main.ScriptEngine.run(ScriptEngine.java:194)
	at com.kms.katalon.core.main.ScriptEngine.runScriptAsRawText(ScriptEngine.java:119)
	at com.kms.katalon.core.main.TestCaseExecutor.runScript(TestCaseExecutor.java:328)
	at com.kms.katalon.core.main.TestCaseExecutor.doExecute(TestCaseExecutor.java:319)
	at com.kms.katalon.core.main.TestCaseExecutor.processExecutionPhase(TestCaseExecutor.java:298)
	at com.kms.katalon.core.main.TestCaseExecutor.accessMainPhase(TestCaseExecutor.java:290)
	at com.kms.katalon.core.main.TestCaseExecutor.execute(TestCaseExecutor.java:224)
	at com.kms.katalon.core.main.TestSuiteExecutor.accessTestCaseMainPhase(TestSuiteExecutor.java:129)
	at com.kms.katalon.core.main.TestSuiteExecutor.accessTestSuiteMainPhase(TestSuiteExecutor.java:112)
	at com.kms.katalon.core.main.TestSuiteExecutor.execute(TestSuiteExecutor.java:81)
	at com.kms.katalon.core.main.TestCaseMain.startTestSuite(TestCaseMain.java:149)
	at com.kms.katalon.core.main.TestCaseMain$startTestSuite$0.call(Unknown Source)
	at TempTestSuite1550476757023.run(TempTestSuite1550476757023.groovy:36)]]></system-out>
         <system-err><![CDATA[2019-02-18 16:12:09 - [TEST_CASE][FAILED] - Test Cases/All TC/Arranged/0. Full Flow/Submit Form 7 (General) - Case Reassignment Cross Branch EIO: Test Cases/All TC/Arranged/0. Full Flow/Submit Form 7 (General) - Case Reassignment Cross Branch EIO FAILED.
Reason:
com.kms.katalon.core.exception.StepFailedException: Unable to click on object 'Object Repository/ZhiHao/General_User_Submit_form 7/GN_Application_Reg/Page_PERKESO/select_pejabat_perkeso' (Root cause: org.openqa.selenium.UnhandledAlertException: unexpected alert open: {Alert text : HARAP MAKLUM

PERMOHONAN FAEDAH SIP TELAH DIBUAT BAGI PEKERJAAN INI. MOHON MENYEMAK SEMULA STATUS PERMOHONAN BAGI TUNTUTAN FAEDAH TERSEBUT}
  (Session info: chrome=72.0.3626.109)
  (Driver info: chromedriver=2.43.600210 (68dcf5eebde37173d4027fa8635e332711d2874a),platform=Windows NT 6.1.7601 SP1 x86_64) (WARNING: The server did not provide any stacktrace information)
Command duration or timeout: 0 milliseconds: null
Build info: version: '3.7.1', revision: '8a0099a', time: '2017-11-06T21:07:36.161Z'
System info: host: 'WIN7TEST02', ip: '10.20.3.72', os.name: 'Windows 7', os.arch: 'amd64', os.version: '6.1', java.version: '1.8.0_181'
Driver info: com.kms.katalon.selenium.driver.CChromeDriver
Capabilities {acceptInsecureCerts: false, acceptSslCerts: false, applicationCacheEnabled: false, browserConnectionEnabled: false, browserName: chrome, chrome: {chromedriverVersion: 2.43.600210 (68dcf5eebde371..., userDataDir: C:\Users\Admin\AppData\Loca...}, cssSelectorsEnabled: true, databaseEnabled: false, goog:chromeOptions: {debuggerAddress: localhost:64799}, handlesAlerts: true, hasTouchScreen: false, javascriptEnabled: true, locationContextEnabled: true, mobileEmulationEnabled: false, nativeEvents: true, networkConnectionEnabled: false, pageLoadStrategy: normal, platform: XP, platformName: XP, rotatable: false, setWindowRect: true, takesHeapSnapshot: true, takesScreenshot: true, unexpectedAlertBehaviour: , unhandledPromptBehavior: , version: 72.0.3626.109, webStorageEnabled: true}
Session ID: e683dd15e0695fc831024c6c1ca8cb1e
*** Element info: {Using=xpath, value=//select[@id = 'perkesoOfficeId' and @name = 'perkesoOfficeId' and (text() = '
										--Sila Pilih--
										
											Pejabat PERKESO Batu Pahat
										
											Pejabat PERKESO Beaufort
										
											Pejabat PERKESO Bentong
										
											Pejabat PERKESO Bintulu
										
											Pejabat PERKESO Dungun
										
											Pejabat PERKESO Georgetown
										
											Pejabat PERKESO Kajang
										
											Pejabat PERKESO Kapit
										
											Pejabat PERKESO Kemaman
										
											Pejabat PERKESO Keningau
										
											Pejabat PERKESO Klang
										
											Pejabat PERKESO Kluang
										
											Pejabat PERKESO Kota Marudu
										
											Pejabat PERKESO Kuala Kangsar
										
											Pejabat PERKESO Kuala Krai
										
											Pejabat PERKESO Kuala Pilah
										
											Pejabat PERKESO Kulim
										
											Pejabat PERKESO Labuan
										
											Pejabat PERKESO Lahad Datu
										
											Pejabat PERKESO Langkawi
										
											Pejabat PERKESO Limbang
										
											Pejabat PERKESO Miri
										
											Pejabat PERKESO Muar
										
											Pejabat PERKESO Mukah
										
											Pejabat PERKESO Negeri Johor
										
											Pejabat PERKESO Negeri Kedah
										
											Pejabat PERKESO Negeri Kelantan
										
											Pejabat PERKESO Negeri Melaka
										
											Pejabat PERKESO Negeri Pahang
										
											Pejabat PERKESO Negeri Perak
										
											Pejabat PERKESO Negeri Perlis
										
											Pejabat PERKESO Negeri Pulau Pinang
										
											Pejabat PERKESO Negeri Sabah
										
											Pejabat PERKESO Negeri Sarawak
										
											Pejabat PERKESO Negeri Selangor
										
											Pejabat PERKESO Negeri Sembilan
										
											Pejabat PERKESO Negeri Terengganu
										
											Pejabat PERKESO Negeri W.P Kuala Lumpur
										
											Pejabat PERKESO Rawang
										
											Pejabat PERKESO Sandakan
										
											Pejabat PERKESO Sarikei
										
											Pejabat PERKESO Segamat
										
											Pejabat PERKESO Serian
										
											Pejabat PERKESO Sibu
										
											Pejabat PERKESO Sri Aman
										
											Pejabat PERKESO Sri Manjung
										
											Pejabat PERKESO Sungai Petani
										
											Pejabat PERKESO Taiping
										
											Pejabat PERKESO Tanjung Karang
										
											Pejabat PERKESO Tapah
										
											Pejabat PERKESO Tawau
										
											Pejabat PERKESO Teluk Intan
										
											Pejabat PERKESO Temerloh
										
									' or . = '
										--Sila Pilih--
										
											Pejabat PERKESO Batu Pahat
										
											Pejabat PERKESO Beaufort
										
											Pejabat PERKESO Bentong
										
											Pejabat PERKESO Bintulu
										
											Pejabat PERKESO Dungun
										
											Pejabat PERKESO Georgetown
										
											Pejabat PERKESO Kajang
										
											Pejabat PERKESO Kapit
										
											Pejabat PERKESO Kemaman
										
											Pejabat PERKESO Keningau
										
											Pejabat PERKESO Klang
										
											Pejabat PERKESO Kluang
										
											Pejabat PERKESO Kota Marudu
										
											Pejabat PERKESO Kuala Kangsar
										
											Pejabat PERKESO Kuala Krai
										
											Pejabat PERKESO Kuala Pilah
										
											Pejabat PERKESO Kulim
										
											Pejabat PERKESO Labuan
										
											Pejabat PERKESO Lahad Datu
										
											Pejabat PERKESO Langkawi
										
											Pejabat PERKESO Limbang
										
											Pejabat PERKESO Miri
										
											Pejabat PERKESO Muar
										
											Pejabat PERKESO Mukah
										
											Pejabat PERKESO Negeri Johor
										
											Pejabat PERKESO Negeri Kedah
										
											Pejabat PERKESO Negeri Kelantan
										
											Pejabat PERKESO Negeri Melaka
										
											Pejabat PERKESO Negeri Pahang
										
											Pejabat PERKESO Negeri Perak
										
											Pejabat PERKESO Negeri Perlis
										
											Pejabat PERKESO Negeri Pulau Pinang
										
											Pejabat PERKESO Negeri Sabah
										
											Pejabat PERKESO Negeri Sarawak
										
											Pejabat PERKESO Negeri Selangor
										
											Pejabat PERKESO Negeri Sembilan
										
											Pejabat PERKESO Negeri Terengganu
										
											Pejabat PERKESO Negeri W.P Kuala Lumpur
										
											Pejabat PERKESO Rawang
										
											Pejabat PERKESO Sandakan
										
											Pejabat PERKESO Sarikei
										
											Pejabat PERKESO Segamat
										
											Pejabat PERKESO Serian
										
											Pejabat PERKESO Sibu
										
											Pejabat PERKESO Sri Aman
										
											Pejabat PERKESO Sri Manjung
										
											Pejabat PERKESO Sungai Petani
										
											Pejabat PERKESO Taiping
										
											Pejabat PERKESO Tanjung Karang
										
											Pejabat PERKESO Tapah
										
											Pejabat PERKESO Tawau
										
											Pejabat PERKESO Teluk Intan
										
											Pejabat PERKESO Temerloh
										
									')]})
	at com.kms.katalon.core.keyword.internal.KeywordMain.stepFailed(KeywordMain.groovy:36)
	at com.kms.katalon.core.webui.keyword.internal.WebUIKeywordMain.stepFailed(WebUIKeywordMain.groovy:65)
	at com.kms.katalon.core.webui.keyword.internal.WebUIKeywordMain.runKeyword(WebUIKeywordMain.groovy:27)
	at com.kms.katalon.core.webui.keyword.builtin.ClickKeyword.click(ClickKeyword.groovy:86)
	at com.kms.katalon.core.webui.keyword.builtin.ClickKeyword.execute(ClickKeyword.groovy:67)
	at com.kms.katalon.core.keyword.internal.KeywordExecutor.executeKeywordForPlatform(KeywordExecutor.groovy:53)
	at com.kms.katalon.core.webui.keyword.WebUiBuiltInKeywords.click(WebUiBuiltInKeywords.groovy:616)
	at com.kms.katalon.core.webui.keyword.WebUiBuiltInKeywords$click$3.call(Unknown Source)
	at GN_Application_Reg.run(GN_Application_Reg:48)
	at com.kms.katalon.core.main.ScriptEngine.run(ScriptEngine.java:194)
	at com.kms.katalon.core.main.ScriptEngine.runScriptAsRawText(ScriptEngine.java:119)
	at com.kms.katalon.core.main.TestCaseExecutor.runScript(TestCaseExecutor.java:328)
	at com.kms.katalon.core.main.TestCaseExecutor.doExecute(TestCaseExecutor.java:319)
	at com.kms.katalon.core.main.TestCaseExecutor.processExecutionPhase(TestCaseExecutor.java:298)
	at com.kms.katalon.core.main.TestCaseExecutor.accessMainPhase(TestCaseExecutor.java:290)
	at com.kms.katalon.core.main.TestCaseExecutor.execute(TestCaseExecutor.java:224)
	at com.kms.katalon.core.main.TestCaseMain.runTestCase(TestCaseMain.java:106)
	at com.kms.katalon.core.keyword.builtin.CallTestCaseKeyword$_callTestCase_closure1.doCall(CallTestCaseKeyword.groovy:59)
	at com.kms.katalon.core.keyword.builtin.CallTestCaseKeyword$_callTestCase_closure1.call(CallTestCaseKeyword.groovy)
	at com.kms.katalon.core.keyword.internal.KeywordMain.runKeyword(KeywordMain.groovy:54)
	at com.kms.katalon.core.keyword.builtin.CallTestCaseKeyword.callTestCase(CallTestCaseKeyword.groovy:80)
	at com.kms.katalon.core.keyword.builtin.CallTestCaseKeyword.execute(CallTestCaseKeyword.groovy:44)
	at com.kms.katalon.core.keyword.internal.KeywordExecutor.executeKeywordForPlatform(KeywordExecutor.groovy:53)
	at com.kms.katalon.core.keyword.BuiltinKeywords.callTestCase(BuiltinKeywords.groovy:334)
	at GN_Submit Form 7_End to End.run(GN_Submit Form 7_End to End:16)
	at com.kms.katalon.core.main.ScriptEngine.run(ScriptEngine.java:194)
	at com.kms.katalon.core.main.ScriptEngine.runScriptAsRawText(ScriptEngine.java:119)
	at com.kms.katalon.core.main.TestCaseExecutor.runScript(TestCaseExecutor.java:328)
	at com.kms.katalon.core.main.TestCaseExecutor.doExecute(TestCaseExecutor.java:319)
	at com.kms.katalon.core.main.TestCaseExecutor.processExecutionPhase(TestCaseExecutor.java:298)
	at com.kms.katalon.core.main.TestCaseExecutor.accessMainPhase(TestCaseExecutor.java:290)
	at com.kms.katalon.core.main.TestCaseExecutor.execute(TestCaseExecutor.java:224)
	at com.kms.katalon.core.main.TestCaseMain.runTestCase(TestCaseMain.java:106)
	at com.kms.katalon.core.keyword.builtin.CallTestCaseKeyword$_callTestCase_closure1.doCall(CallTestCaseKeyword.groovy:59)
	at com.kms.katalon.core.keyword.builtin.CallTestCaseKeyword$_callTestCase_closure1.call(CallTestCaseKeyword.groovy)
	at com.kms.katalon.core.keyword.internal.KeywordMain.runKeyword(KeywordMain.groovy:54)
	at com.kms.katalon.core.keyword.builtin.CallTestCaseKeyword.callTestCase(CallTestCaseKeyword.groovy:80)
	at com.kms.katalon.core.keyword.builtin.CallTestCaseKeyword.execute(CallTestCaseKeyword.groovy:44)
	at com.kms.katalon.core.keyword.internal.KeywordExecutor.executeKeywordForPlatform(KeywordExecutor.groovy:53)
	at com.kms.katalon.core.keyword.BuiltinKeywords.callTestCase(BuiltinKeywords.groovy:334)
	at Submit Form 7 (General) - Case Reassignment Cross Branch EIO.run(Submit Form 7 (General) - Case Reassignment Cross Branch EIO:16)
	at com.kms.katalon.core.main.ScriptEngine.run(ScriptEngine.java:194)
	at com.kms.katalon.core.main.ScriptEngine.runScriptAsRawText(ScriptEngine.java:119)
	at com.kms.katalon.core.main.TestCaseExecutor.runScript(TestCaseExecutor.java:328)
	at com.kms.katalon.core.main.TestCaseExecutor.doExecute(TestCaseExecutor.java:319)
	at com.kms.katalon.core.main.TestCaseExecutor.processExecutionPhase(TestCaseExecutor.java:298)
	at com.kms.katalon.core.main.TestCaseExecutor.accessMainPhase(TestCaseExecutor.java:290)
	at com.kms.katalon.core.main.TestCaseExecutor.execute(TestCaseExecutor.java:224)
	at com.kms.katalon.core.main.TestSuiteExecutor.accessTestCaseMainPhase(TestSuiteExecutor.java:129)
	at com.kms.katalon.core.main.TestSuiteExecutor.accessTestSuiteMainPhase(TestSuiteExecutor.java:112)
	at com.kms.katalon.core.main.TestSuiteExecutor.execute(TestSuiteExecutor.java:81)
	at com.kms.katalon.core.main.TestCaseMain.startTestSuite(TestCaseMain.java:149)
	at com.kms.katalon.core.main.TestCaseMain$startTestSuite$0.call(Unknown Source)
	at TempTestSuite1550476757023.run(TempTestSuite1550476757023.groovy:36)]]></system-err>
      </testcase>
      <testcase name="Test Cases/All TC/Arranged/0. Full Flow/Reject Claim - RIA" classname="Test Cases/All TC/Arranged/0. Full Flow/Reject Claim - RIA" status="FAILED">
         <failure type="FAILED" message="Test Cases/All TC/Arranged/0. Full Flow/Reject Claim - RIA FAILED.
Reason:
com.kms.katalon.core.exception.StepFailedException: Unable to click on object 'Object Repository/KinJun/2.0 Check Status/Check Status - Case ID/Page_PERKESO/Click Username' (Root cause: com.kms.katalon.core.webui.exception.WebElementNotFoundException: Web element with id: 'Object Repository/KinJun/2.0 Check Status/Check Status - Case ID/Page_PERKESO/Click Username' located by 'By.xpath: id(&quot;bg2&quot;)/header[1]/div[@class=&quot;container-fluid&quot;]/div[@class=&quot;row&quot;]/div[@class=&quot;col-md-2&quot;]/ul[@class=&quot;nav navbar-nav navbar-right&quot;]/li[@class=&quot;dropdown&quot;]/a[@class=&quot;dropdown-toggle&quot;][count(. | //a[@href = '#']) = count(//a[@href = '#'])]' not found)
	at com.kms.katalon.core.keyword.internal.KeywordMain.stepFailed(KeywordMain.groovy:36)
	at com.kms.katalon.core.webui.keyword.internal.WebUIKeywordMain.stepFailed(WebUIKeywordMain.groovy:65)
	at com.kms.katalon.core.webui.keyword.internal.WebUIKeywordMain.runKeyword(WebUIKeywordMain.groovy:27)
	at com.kms.katalon.core.webui.keyword.builtin.ClickKeyword.click(ClickKeyword.groovy:86)
	at com.kms.katalon.core.webui.keyword.builtin.ClickKeyword.execute(ClickKeyword.groovy:67)
	at com.kms.katalon.core.keyword.internal.KeywordExecutor.executeKeywordForPlatform(KeywordExecutor.groovy:53)
	at com.kms.katalon.core.webui.keyword.WebUiBuiltInKeywords.click(WebUiBuiltInKeywords.groovy:616)
	at com.kms.katalon.core.webui.keyword.WebUiBuiltInKeywords$click$3.call(Unknown Source)
	at Check Status - Case ID.run(Check Status - Case ID:43)
	at com.kms.katalon.core.main.ScriptEngine.run(ScriptEngine.java:194)
	at com.kms.katalon.core.main.ScriptEngine.runScriptAsRawText(ScriptEngine.java:119)
	at com.kms.katalon.core.main.TestCaseExecutor.runScript(TestCaseExecutor.java:328)
	at com.kms.katalon.core.main.TestCaseExecutor.doExecute(TestCaseExecutor.java:319)
	at com.kms.katalon.core.main.TestCaseExecutor.processExecutionPhase(TestCaseExecutor.java:298)
	at com.kms.katalon.core.main.TestCaseExecutor.accessMainPhase(TestCaseExecutor.java:290)
	at com.kms.katalon.core.main.TestCaseExecutor.execute(TestCaseExecutor.java:224)
	at com.kms.katalon.core.main.TestCaseMain.runTestCase(TestCaseMain.java:106)
	at com.kms.katalon.core.keyword.builtin.CallTestCaseKeyword$_callTestCase_closure1.doCall(CallTestCaseKeyword.groovy:59)
	at com.kms.katalon.core.keyword.builtin.CallTestCaseKeyword$_callTestCase_closure1.call(CallTestCaseKeyword.groovy)
	at com.kms.katalon.core.keyword.internal.KeywordMain.runKeyword(KeywordMain.groovy:54)
	at com.kms.katalon.core.keyword.builtin.CallTestCaseKeyword.callTestCase(CallTestCaseKeyword.groovy:80)
	at com.kms.katalon.core.keyword.builtin.CallTestCaseKeyword.execute(CallTestCaseKeyword.groovy:44)
	at com.kms.katalon.core.keyword.internal.KeywordExecutor.executeKeywordForPlatform(KeywordExecutor.groovy:53)
	at com.kms.katalon.core.keyword.BuiltinKeywords.callTestCase(BuiltinKeywords.groovy:334)
	at Reject Claim - RIA.run(Reject Claim - RIA:18)
	at com.kms.katalon.core.main.ScriptEngine.run(ScriptEngine.java:194)
	at com.kms.katalon.core.main.ScriptEngine.runScriptAsRawText(ScriptEngine.java:119)
	at com.kms.katalon.core.main.TestCaseExecutor.runScript(TestCaseExecutor.java:328)
	at com.kms.katalon.core.main.TestCaseExecutor.doExecute(TestCaseExecutor.java:319)
	at com.kms.katalon.core.main.TestCaseExecutor.processExecutionPhase(TestCaseExecutor.java:298)
	at com.kms.katalon.core.main.TestCaseExecutor.accessMainPhase(TestCaseExecutor.java:290)
	at com.kms.katalon.core.main.TestCaseExecutor.execute(TestCaseExecutor.java:224)
	at com.kms.katalon.core.main.TestSuiteExecutor.accessTestCaseMainPhase(TestSuiteExecutor.java:129)
	at com.kms.katalon.core.main.TestSuiteExecutor.accessTestSuiteMainPhase(TestSuiteExecutor.java:112)
	at com.kms.katalon.core.main.TestSuiteExecutor.execute(TestSuiteExecutor.java:81)
	at com.kms.katalon.core.main.TestCaseMain.startTestSuite(TestCaseMain.java:149)
	at com.kms.katalon.core.main.TestCaseMain$startTestSuite$0.call(Unknown Source)
	at TempTestSuite1550476757023.run(TempTestSuite1550476757023.groovy:36)
"/>
         <system-out><![CDATA[2019-02-18 16:13:03 - [TEST_CASE][FAILED] - Test Cases/All TC/Arranged/0. Full Flow/Reject Claim - RIA: Test Cases/All TC/Arranged/0. Full Flow/Reject Claim - RIA FAILED.
Reason:
com.kms.katalon.core.exception.StepFailedException: Unable to click on object 'Object Repository/KinJun/2.0 Check Status/Check Status - Case ID/Page_PERKESO/Click Username' (Root cause: com.kms.katalon.core.webui.exception.WebElementNotFoundException: Web element with id: 'Object Repository/KinJun/2.0 Check Status/Check Status - Case ID/Page_PERKESO/Click Username' located by 'By.xpath: id("bg2")/header[1]/div[@class="container-fluid"]/div[@class="row"]/div[@class="col-md-2"]/ul[@class="nav navbar-nav navbar-right"]/li[@class="dropdown"]/a[@class="dropdown-toggle"][count(. | //a[@href = '#']) = count(//a[@href = '#'])]' not found)
	at com.kms.katalon.core.keyword.internal.KeywordMain.stepFailed(KeywordMain.groovy:36)
	at com.kms.katalon.core.webui.keyword.internal.WebUIKeywordMain.stepFailed(WebUIKeywordMain.groovy:65)
	at com.kms.katalon.core.webui.keyword.internal.WebUIKeywordMain.runKeyword(WebUIKeywordMain.groovy:27)
	at com.kms.katalon.core.webui.keyword.builtin.ClickKeyword.click(ClickKeyword.groovy:86)
	at com.kms.katalon.core.webui.keyword.builtin.ClickKeyword.execute(ClickKeyword.groovy:67)
	at com.kms.katalon.core.keyword.internal.KeywordExecutor.executeKeywordForPlatform(KeywordExecutor.groovy:53)
	at com.kms.katalon.core.webui.keyword.WebUiBuiltInKeywords.click(WebUiBuiltInKeywords.groovy:616)
	at com.kms.katalon.core.webui.keyword.WebUiBuiltInKeywords$click$3.call(Unknown Source)
	at Check Status - Case ID.run(Check Status - Case ID:43)
	at com.kms.katalon.core.main.ScriptEngine.run(ScriptEngine.java:194)
	at com.kms.katalon.core.main.ScriptEngine.runScriptAsRawText(ScriptEngine.java:119)
	at com.kms.katalon.core.main.TestCaseExecutor.runScript(TestCaseExecutor.java:328)
	at com.kms.katalon.core.main.TestCaseExecutor.doExecute(TestCaseExecutor.java:319)
	at com.kms.katalon.core.main.TestCaseExecutor.processExecutionPhase(TestCaseExecutor.java:298)
	at com.kms.katalon.core.main.TestCaseExecutor.accessMainPhase(TestCaseExecutor.java:290)
	at com.kms.katalon.core.main.TestCaseExecutor.execute(TestCaseExecutor.java:224)
	at com.kms.katalon.core.main.TestCaseMain.runTestCase(TestCaseMain.java:106)
	at com.kms.katalon.core.keyword.builtin.CallTestCaseKeyword$_callTestCase_closure1.doCall(CallTestCaseKeyword.groovy:59)
	at com.kms.katalon.core.keyword.builtin.CallTestCaseKeyword$_callTestCase_closure1.call(CallTestCaseKeyword.groovy)
	at com.kms.katalon.core.keyword.internal.KeywordMain.runKeyword(KeywordMain.groovy:54)
	at com.kms.katalon.core.keyword.builtin.CallTestCaseKeyword.callTestCase(CallTestCaseKeyword.groovy:80)
	at com.kms.katalon.core.keyword.builtin.CallTestCaseKeyword.execute(CallTestCaseKeyword.groovy:44)
	at com.kms.katalon.core.keyword.internal.KeywordExecutor.executeKeywordForPlatform(KeywordExecutor.groovy:53)
	at com.kms.katalon.core.keyword.BuiltinKeywords.callTestCase(BuiltinKeywords.groovy:334)
	at Reject Claim - RIA.run(Reject Claim - RIA:18)
	at com.kms.katalon.core.main.ScriptEngine.run(ScriptEngine.java:194)
	at com.kms.katalon.core.main.ScriptEngine.runScriptAsRawText(ScriptEngine.java:119)
	at com.kms.katalon.core.main.TestCaseExecutor.runScript(TestCaseExecutor.java:328)
	at com.kms.katalon.core.main.TestCaseExecutor.doExecute(TestCaseExecutor.java:319)
	at com.kms.katalon.core.main.TestCaseExecutor.processExecutionPhase(TestCaseExecutor.java:298)
	at com.kms.katalon.core.main.TestCaseExecutor.accessMainPhase(TestCaseExecutor.java:290)
	at com.kms.katalon.core.main.TestCaseExecutor.execute(TestCaseExecutor.java:224)
	at com.kms.katalon.core.main.TestSuiteExecutor.accessTestCaseMainPhase(TestSuiteExecutor.java:129)
	at com.kms.katalon.core.main.TestSuiteExecutor.accessTestSuiteMainPhase(TestSuiteExecutor.java:112)
	at com.kms.katalon.core.main.TestSuiteExecutor.execute(TestSuiteExecutor.java:81)
	at com.kms.katalon.core.main.TestCaseMain.startTestSuite(TestCaseMain.java:149)
	at com.kms.katalon.core.main.TestCaseMain$startTestSuite$0.call(Unknown Source)
	at TempTestSuite1550476757023.run(TempTestSuite1550476757023.groovy:36)


2019-02-18 16:13:03 - [TEST_STEP][PASSED] - callTestCase(findTestCase("All TC/Arranged/2. Segment/OTC_Submit Form 7_End to End - Cheque"), [:], STOP_ON_FAILURE): Call Test Case 'Test Cases/All TC/Arranged/2. Segment/OTC_Submit Form 7_End to End - Cheque' successfully

2019-02-18 16:13:03 - [TEST_CASE][PASSED] - Test Cases/All TC/Arranged/2. Segment/OTC_Submit Form 7_End to End - Cheque: Test Cases/All TC/Arranged/2. Segment/OTC_Submit Form 7_End to End - Cheque

2019-02-18 16:13:03 - [TEST_STEP][PASSED] - callTestCase(findTestCase("All TC/Arranged/3. Unit/EI/Form 7_default/OTC_Application_Reg"), [:], STOP_ON_FAILURE): Call Test Case 'Test Cases/All TC/Arranged/3. Unit/EI/Form 7_default/OTC_Application_Reg' successfully

2019-02-18 16:13:04 - [TEST_CASE][PASSED] - Test Cases/All TC/Arranged/3. Unit/EI/Form 7_default/OTC_Application_Reg: Test Cases/All TC/Arranged/3. Unit/EI/Form 7_default/OTC_Application_Reg

2019-02-18 16:13:04 - [TEST_STEP][PASSED] - openBrowser(""): Browser is opened with url: ''

2019-02-18 16:13:04 - [MESSAGE][WARNING] - A browser is already opened. Closing browser and opening a new one

2019-02-18 16:13:05 - [MESSAGE][INFO] - Starting 'Chrome' driver

2019-02-18 16:13:05 - [MESSAGE][INFO] - User set preference: ['args', '[--start-maximized]']

2019-02-18 16:13:10 - [MESSAGE][PASSED] - Browser is opened with url: ''

2019-02-18 16:13:10 - [TEST_STEP][PASSED] - navigateToUrl(Internal_Login): Navigate to 'http://10.20.24.188/eisportal/user/login' successfully

2019-02-18 16:13:11 - [MESSAGE][PASSED] - Navigate to 'http://10.20.24.188/eisportal/user/login' successfully

2019-02-18 16:13:11 - [TEST_STEP][PASSED] - delay(3): Delayed 3 second(s)

2019-02-18 16:13:14 - [MESSAGE][PASSED] - Delayed 3 second(s)

2019-02-18 16:13:14 - [TEST_STEP][PASSED] - setText(findTestObject("KeatMun/Form 7_default/OTC_Application_Reg/Page_PERKESO/1.username"), "faizal.hamid@perkeso.gov.my"): Text 'faizal.hamid@perkeso.gov.my' is set on object 'Object Repository/KeatMun/Form 7_default/OTC_Application_Reg/Page_PERKESO/1.username'

2019-02-18 16:13:19 - [MESSAGE][PASSED] - Text 'faizal.hamid@perkeso.gov.my' is set on object 'Object Repository/KeatMun/Form 7_default/OTC_Application_Reg/Page_PERKESO/1.username'

2019-02-18 16:13:19 - [TEST_STEP][PASSED] - delay(1): Delayed 1 second(s)

2019-02-18 16:13:20 - [MESSAGE][PASSED] - Delayed 1 second(s)

2019-02-18 16:13:20 - [TEST_STEP][PASSED] - setEncryptedText(findTestObject("KeatMun/Form 7_default/OTC_Application_Reg/Page_PERKESO/2.password"), "CQqwFZlbeC8="): Text ****** has been set on object 'Object Repository/KeatMun/Form 7_default/OTC_Application_Reg/Page_PERKESO/2.password'

2019-02-18 16:13:23 - [MESSAGE][PASSED] - Text ****** has been set on object 'Object Repository/KeatMun/Form 7_default/OTC_Application_Reg/Page_PERKESO/2.password'

2019-02-18 16:13:23 - [TEST_STEP][PASSED] - delay(2): Delayed 2 second(s)

2019-02-18 16:13:25 - [MESSAGE][PASSED] - Delayed 2 second(s)

2019-02-18 16:13:25 - [TEST_STEP][PASSED] - click(findTestObject("KeatMun/Form 7_default/OTC_Application_Reg/Page_PERKESO/3.login button")): Object: 'Object Repository/KeatMun/Form 7_default/OTC_Application_Reg/Page_PERKESO/3.login button' is clicked on

2019-02-18 16:13:28 - [MESSAGE][PASSED] - Object: 'Object Repository/KeatMun/Form 7_default/OTC_Application_Reg/Page_PERKESO/3.login button' is clicked on

2019-02-18 16:13:28 - [TEST_STEP][PASSED] - delay(2): Delayed 2 second(s)

2019-02-18 16:13:30 - [MESSAGE][PASSED] - Delayed 2 second(s)

2019-02-18 16:13:30 - [TEST_STEP][PASSED] - click(findTestObject("KeatMun/Form 7_default/OTC_Application_Reg/Page_PERKESO/4. Permohonan tab")): Object: 'Object Repository/KeatMun/Form 7_default/OTC_Application_Reg/Page_PERKESO/4. Permohonan tab' is clicked on

2019-02-18 16:13:33 - [MESSAGE][PASSED] - Object: 'Object Repository/KeatMun/Form 7_default/OTC_Application_Reg/Page_PERKESO/4. Permohonan tab' is clicked on

2019-02-18 16:13:33 - [TEST_STEP][PASSED] - delay(2): Delayed 2 second(s)

2019-02-18 16:13:35 - [MESSAGE][PASSED] - Delayed 2 second(s)

2019-02-18 16:13:35 - [TEST_STEP][PASSED] - click(findTestObject("KeatMun/Form 7_default/OTC_Application_Reg/Page_PERKESO/5.button_Setuju")): Object: 'Object Repository/KeatMun/Form 7_default/OTC_Application_Reg/Page_PERKESO/5.button_Setuju' is clicked on

2019-02-18 16:13:37 - [MESSAGE][PASSED] - Object: 'Object Repository/KeatMun/Form 7_default/OTC_Application_Reg/Page_PERKESO/5.button_Setuju' is clicked on

2019-02-18 16:13:37 - [TEST_STEP][PASSED] - delay(2): Delayed 2 second(s)

2019-02-18 16:13:39 - [MESSAGE][PASSED] - Delayed 2 second(s)

2019-02-18 16:13:39 - [TEST_STEP][PASSED] - IC = "950000140036": null

2019-02-18 16:13:39 - [TEST_STEP][PASSED] - setText(findTestObject("KeatMun/Form 7_default/OTC_Application_Reg/Page_PERKESO/6.No. Kad Pengenalan"), IC): Text '950000140036' is set on object 'Object Repository/KeatMun/Form 7_default/OTC_Application_Reg/Page_PERKESO/6.No. Kad Pengenalan'

2019-02-18 16:13:44 - [MESSAGE][PASSED] - Text '950000140036' is set on object 'Object Repository/KeatMun/Form 7_default/OTC_Application_Reg/Page_PERKESO/6.No. Kad Pengenalan'

2019-02-18 16:13:44 - [TEST_STEP][PASSED] - callTestCase(findTestCase("All TC/Arranged/1. Common/1.2 Setter/Setter IC"), [:], STOP_ON_FAILURE): Call Test Case 'Test Cases/All TC/Arranged/1. Common/1.2 Setter/Setter IC' successfully

2019-02-18 16:13:44 - [TEST_CASE][PASSED] - Test Cases/All TC/Arranged/1. Common/1.2 Setter/Setter IC: Test Cases/All TC/Arranged/1. Common/1.2 Setter/Setter IC

2019-02-18 16:13:44 - [TEST_STEP][PASSED] - RefNoOldFile = new java.io.File((internal.GlobalVariable.TextFilePathCommon + \getIC.txt)): null

2019-02-18 16:13:44 - [TEST_STEP][PASSED] - RefNoOldFile.delete(): null

2019-02-18 16:13:44 - [TEST_STEP][PASSED] - delay(5): Delayed 5 second(s)

2019-02-18 16:13:49 - [MESSAGE][PASSED] - Delayed 5 second(s)

2019-02-18 16:13:49 - [TEST_STEP][PASSED] - RefNo = new java.io.File((internal.GlobalVariable.TextFilePathCommon + \getIC.txt)): null

2019-02-18 16:13:49 - [TEST_STEP][PASSED] - f2 = new java.io.FileWriter(RefNo, false): null

2019-02-18 16:13:49 - [TEST_STEP][PASSED] - f2.write(IC): null

2019-02-18 16:13:49 - [TEST_STEP][PASSED] - f2.close(): null

2019-02-18 16:13:49 - [TEST_STEP][PASSED] - out.println("


" + IC + "


"): null

2019-02-18 16:13:49 - [MESSAGE][PASSED] - Call Test Case 'Test Cases/All TC/Arranged/1. Common/1.2 Setter/Setter IC' successfully

2019-02-18 16:13:49 - [TEST_STEP][PASSED] - delay(2): Delayed 2 second(s)

2019-02-18 16:13:51 - [MESSAGE][PASSED] - Delayed 2 second(s)

2019-02-18 16:13:51 - [TEST_STEP][PASSED] - click(findTestObject("KeatMun/Form 7_default/OTC_Application_Reg/Page_PERKESO/7.button_Semak")): Object: 'Object Repository/KeatMun/Form 7_default/OTC_Application_Reg/Page_PERKESO/7.button_Semak' is clicked on

2019-02-18 16:13:53 - [MESSAGE][PASSED] - Object: 'Object Repository/KeatMun/Form 7_default/OTC_Application_Reg/Page_PERKESO/7.button_Semak' is clicked on

2019-02-18 16:13:53 - [TEST_STEP][PASSED] - delay(4): Delayed 4 second(s)

2019-02-18 16:13:57 - [MESSAGE][PASSED] - Delayed 4 second(s)

2019-02-18 16:13:57 - [TEST_STEP][PASSED] - click(findTestObject("KeatMun/Form 7_default/OTC_Application_Reg/Page_PERKESO/8. Nama Majikan Dropdown")): Object: 'Object Repository/KeatMun/Form 7_default/OTC_Application_Reg/Page_PERKESO/8. Nama Majikan Dropdown' is clicked on

2019-02-18 16:13:59 - [MESSAGE][PASSED] - Object: 'Object Repository/KeatMun/Form 7_default/OTC_Application_Reg/Page_PERKESO/8. Nama Majikan Dropdown' is clicked on

2019-02-18 16:13:59 - [TEST_STEP][PASSED] - setText(findTestObject("KeatMun/Form 7_default/OTC_Application_Reg/Page_PERKESO/8. LOE emp"), "mon"): Text 'mon' is set on object 'Object Repository/KeatMun/Form 7_default/OTC_Application_Reg/Page_PERKESO/8. LOE emp'

2019-02-18 16:14:04 - [MESSAGE][PASSED] - Text 'mon' is set on object 'Object Repository/KeatMun/Form 7_default/OTC_Application_Reg/Page_PERKESO/8. LOE emp'

2019-02-18 16:14:04 - [TEST_STEP][PASSED] - click(findTestObject("KeatMun/Form 7_default/OTC_Application_Reg/Page_PERKESO/8. MONSOON MOTEL")): Object: 'Object Repository/KeatMun/Form 7_default/OTC_Application_Reg/Page_PERKESO/8. MONSOON MOTEL' is clicked on

2019-02-18 16:14:06 - [MESSAGE][PASSED] - Object: 'Object Repository/KeatMun/Form 7_default/OTC_Application_Reg/Page_PERKESO/8. MONSOON MOTEL' is clicked on

2019-02-18 16:14:06 - [TEST_STEP][PASSED] - delay(2): Delayed 2 second(s)

2019-02-18 16:14:08 - [MESSAGE][PASSED] - Delayed 2 second(s)

2019-02-18 16:14:08 - [TEST_STEP][PASSED] - setText(findTestObject("KeatMun/Form 7_default/OTC_Application_Reg/Page_PERKESO/9.Tarikh kehilangan pkj"), "10/01/2019"): Text '10/01/2019' is set on object 'Object Repository/KeatMun/Form 7_default/OTC_Application_Reg/Page_PERKESO/9.Tarikh kehilangan pkj'

2019-02-18 16:14:12 - [MESSAGE][PASSED] - Text '10/01/2019' is set on object 'Object Repository/KeatMun/Form 7_default/OTC_Application_Reg/Page_PERKESO/9.Tarikh kehilangan pkj'

2019-02-18 16:14:12 - [TEST_STEP][PASSED] - delay(2): Delayed 2 second(s)

2019-02-18 16:14:14 - [MESSAGE][PASSED] - Delayed 2 second(s)

2019-02-18 16:14:14 - [TEST_STEP][PASSED] - click(findTestObject("KeatMun/Form 7_default/OTC_Application_Reg/Page_PERKESO/9. Date Picker Done Button ")): Object: 'Object Repository/KeatMun/Form 7_default/OTC_Application_Reg/Page_PERKESO/9. Date Picker Done Button ' is clicked on

2019-02-18 16:14:16 - [MESSAGE][PASSED] - Object: 'Object Repository/KeatMun/Form 7_default/OTC_Application_Reg/Page_PERKESO/9. Date Picker Done Button ' is clicked on

2019-02-18 16:14:16 - [TEST_STEP][PASSED] - delay(2): Delayed 2 second(s)

2019-02-18 16:14:18 - [MESSAGE][PASSED] - Delayed 2 second(s)

2019-02-18 16:14:18 - [TEST_STEP][PASSED] - click(findTestObject("KeatMun/Form 7_default/OTC_Application_Reg/Page_PERKESO/10.button_Mohon")): Object: 'Object Repository/KeatMun/Form 7_default/OTC_Application_Reg/Page_PERKESO/10.button_Mohon' is clicked on

2019-02-18 16:14:20 - [MESSAGE][PASSED] - Object: 'Object Repository/KeatMun/Form 7_default/OTC_Application_Reg/Page_PERKESO/10.button_Mohon' is clicked on

2019-02-18 16:14:20 - [TEST_STEP][PASSED] - delay(2): Delayed 2 second(s)

2019-02-18 16:14:22 - [MESSAGE][PASSED] - Delayed 2 second(s)

2019-02-18 16:14:22 - [TEST_STEP][PASSED] - setText(findTestObject("KeatMun/Form 7_default/OTC_Application_Reg/Page_PERKESO/11.Tarikh Terima_stampedDtS"), "10/01/2019"): Text '10/01/2019' is set on object 'Object Repository/KeatMun/Form 7_default/OTC_Application_Reg/Page_PERKESO/11.Tarikh Terima_stampedDtS'

2019-02-18 16:14:27 - [MESSAGE][PASSED] - Text '10/01/2019' is set on object 'Object Repository/KeatMun/Form 7_default/OTC_Application_Reg/Page_PERKESO/11.Tarikh Terima_stampedDtS'

2019-02-18 16:14:27 - [TEST_STEP][PASSED] - delay(2): Delayed 2 second(s)

2019-02-18 16:14:29 - [MESSAGE][PASSED] - Delayed 2 second(s)

2019-02-18 16:14:29 - [TEST_STEP][PASSED] - click(findTestObject("KeatMun/Form 7_default/OTC_Application_Reg/Page_PERKESO/11. Date Picker Done Button")): Object: 'Object Repository/KeatMun/Form 7_default/OTC_Application_Reg/Page_PERKESO/11. Date Picker Done Button' is clicked on

2019-02-18 16:14:31 - [MESSAGE][PASSED] - Object: 'Object Repository/KeatMun/Form 7_default/OTC_Application_Reg/Page_PERKESO/11. Date Picker Done Button' is clicked on

2019-02-18 16:14:31 - [TEST_STEP][PASSED] - delay(2): Delayed 2 second(s)

2019-02-18 16:14:33 - [MESSAGE][PASSED] - Delayed 2 second(s)

2019-02-18 16:14:33 - [TEST_STEP][PASSED] - click(findTestObject("KeatMun/Form 7_default/OTC_Application_Reg/Page_PERKESO/11.button_TERUSKAN")): Object: 'Object Repository/KeatMun/Form 7_default/OTC_Application_Reg/Page_PERKESO/11.button_TERUSKAN' is clicked on

2019-02-18 16:14:35 - [MESSAGE][PASSED] - Object: 'Object Repository/KeatMun/Form 7_default/OTC_Application_Reg/Page_PERKESO/11.button_TERUSKAN' is clicked on

2019-02-18 16:14:35 - [TEST_STEP][PASSED] - delay(2): Delayed 2 second(s)

2019-02-18 16:14:37 - [MESSAGE][PASSED] - Delayed 2 second(s)

2019-02-18 16:14:37 - [TEST_STEP][PASSED] - selectOptionByValue(findTestObject("KeatMun/Form 7_default/OTC_Application_Reg/Page_PERKESO/12.--Sila Pilih--PejabatPKS"), "22", true): All options with value '22' are selected in object 'Object Repository/KeatMun/Form 7_default/OTC_Application_Reg/Page_PERKESO/12.--Sila Pilih--PejabatPKS'  using regular expression

2019-02-18 16:16:07 - [MESSAGE][PASSED] - All options with value '22' are selected in object 'Object Repository/KeatMun/Form 7_default/OTC_Application_Reg/Page_PERKESO/12.--Sila Pilih--PejabatPKS'  using regular expression

2019-02-18 16:16:07 - [TEST_STEP][PASSED] - delay(2): Delayed 2 second(s)

2019-02-18 16:16:09 - [MESSAGE][PASSED] - Delayed 2 second(s)

2019-02-18 16:16:09 - [TEST_STEP][PASSED] - click(findTestObject("KeatMun/Form 7_default/OTC_Application_Reg/Page_PERKESO/13. Halaman Seterusnya")): Object: 'Object Repository/KeatMun/Form 7_default/OTC_Application_Reg/Page_PERKESO/13. Halaman Seterusnya' is clicked on

2019-02-18 16:16:11 - [MESSAGE][PASSED] - Object: 'Object Repository/KeatMun/Form 7_default/OTC_Application_Reg/Page_PERKESO/13. Halaman Seterusnya' is clicked on

2019-02-18 16:16:11 - [MESSAGE][PASSED] - Call Test Case 'Test Cases/All TC/Arranged/3. Unit/EI/Form 7_default/OTC_Application_Reg' successfully

2019-02-18 16:16:11 - [TEST_STEP][PASSED] - callTestCase(findTestCase("All TC/Arranged/3. Unit/EI/Form 7_default/OTC_Submit Form 7_Section A"), [:], STOP_ON_FAILURE): Call Test Case 'Test Cases/All TC/Arranged/3. Unit/EI/Form 7_default/OTC_Submit Form 7_Section A' successfully

2019-02-18 16:16:11 - [TEST_CASE][PASSED] - Test Cases/All TC/Arranged/3. Unit/EI/Form 7_default/OTC_Submit Form 7_Section A: Test Cases/All TC/Arranged/3. Unit/EI/Form 7_default/OTC_Submit Form 7_Section A

2019-02-18 16:16:12 - [TEST_STEP][PASSED] - delay(2): Delayed 2 second(s)

2019-02-18 16:16:14 - [MESSAGE][PASSED] - Delayed 2 second(s)

2019-02-18 16:16:14 - [TEST_STEP][PASSED] - setText(findTestObject("KeatMun/Form 7_default/OTC_Submit Form 7_Section A/Page_PERKESO/A4. EmployeeDob"), "10/01/2019"): Text '10/01/2019' is set on object 'Object Repository/KeatMun/Form 7_default/OTC_Submit Form 7_Section A/Page_PERKESO/A4. EmployeeDob'

2019-02-18 16:16:18 - [MESSAGE][PASSED] - Text '10/01/2019' is set on object 'Object Repository/KeatMun/Form 7_default/OTC_Submit Form 7_Section A/Page_PERKESO/A4. EmployeeDob'

2019-02-18 16:16:18 - [TEST_STEP][PASSED] - delay(2): Delayed 2 second(s)

2019-02-18 16:16:20 - [MESSAGE][PASSED] - Delayed 2 second(s)

2019-02-18 16:16:20 - [TEST_STEP][PASSED] - click(findTestObject("KeatMun/Form 7_default/OTC_Submit Form 7_Section A/Page_PERKESO/A5. Bangsa")): Object: 'Object Repository/KeatMun/Form 7_default/OTC_Submit Form 7_Section A/Page_PERKESO/A5. Bangsa' is clicked on

2019-02-18 16:16:22 - [MESSAGE][PASSED] - Object: 'Object Repository/KeatMun/Form 7_default/OTC_Submit Form 7_Section A/Page_PERKESO/A5. Bangsa' is clicked on

2019-02-18 16:16:22 - [TEST_STEP][PASSED] - click(findTestObject("KeatMun/Form 7_default/OTC_Submit Form 7_Section A/Page_PERKESO/A5. Bumiputera Sabah")): Object: 'Object Repository/KeatMun/Form 7_default/OTC_Submit Form 7_Section A/Page_PERKESO/A5. Bumiputera Sabah' is clicked on

2019-02-18 16:16:24 - [MESSAGE][PASSED] - Object: 'Object Repository/KeatMun/Form 7_default/OTC_Submit Form 7_Section A/Page_PERKESO/A5. Bumiputera Sabah' is clicked on

2019-02-18 16:16:24 - [TEST_STEP][PASSED] - delay(2): Delayed 2 second(s)

2019-02-18 16:16:26 - [MESSAGE][PASSED] - Delayed 2 second(s)

2019-02-18 16:16:26 - [TEST_STEP][PASSED] - click(findTestObject("KeatMun/Form 7_default/OTC_Submit Form 7_Section A/Page_PERKESO/A6. Jantina")): Object: 'Object Repository/KeatMun/Form 7_default/OTC_Submit Form 7_Section A/Page_PERKESO/A6. Jantina' is clicked on

2019-02-18 16:16:29 - [MESSAGE][PASSED] - Object: 'Object Repository/KeatMun/Form 7_default/OTC_Submit Form 7_Section A/Page_PERKESO/A6. Jantina' is clicked on

2019-02-18 16:16:29 - [TEST_STEP][PASSED] - click(findTestObject("KeatMun/Form 7_default/OTC_Submit Form 7_Section A/Page_PERKESO/A6. Lelaki")): Object: 'Object Repository/KeatMun/Form 7_default/OTC_Submit Form 7_Section A/Page_PERKESO/A6. Lelaki' is clicked on

2019-02-18 16:16:31 - [MESSAGE][PASSED] - Object: 'Object Repository/KeatMun/Form 7_default/OTC_Submit Form 7_Section A/Page_PERKESO/A6. Lelaki' is clicked on

2019-02-18 16:16:31 - [TEST_STEP][PASSED] - delay(2): Delayed 2 second(s)

2019-02-18 16:16:33 - [MESSAGE][PASSED] - Delayed 2 second(s)

2019-02-18 16:16:33 - [TEST_STEP][PASSED] - click(findTestObject("KeatMun/Form 7_default/OTC_Submit Form 7_Section A/Page_PERKESO/A7. Kewarganegaraan")): Object: 'Object Repository/KeatMun/Form 7_default/OTC_Submit Form 7_Section A/Page_PERKESO/A7. Kewarganegaraan' is clicked on

2019-02-18 16:16:35 - [MESSAGE][PASSED] - Object: 'Object Repository/KeatMun/Form 7_default/OTC_Submit Form 7_Section A/Page_PERKESO/A7. Kewarganegaraan' is clicked on

2019-02-18 16:16:35 - [TEST_STEP][PASSED] - click(findTestObject("KeatMun/Form 7_default/OTC_Submit Form 7_Section A/Page_PERKESO/A7. Malaysia")): Object: 'Object Repository/KeatMun/Form 7_default/OTC_Submit Form 7_Section A/Page_PERKESO/A7. Malaysia' is clicked on

2019-02-18 16:16:37 - [MESSAGE][PASSED] - Object: 'Object Repository/KeatMun/Form 7_default/OTC_Submit Form 7_Section A/Page_PERKESO/A7. Malaysia' is clicked on

2019-02-18 16:16:37 - [TEST_STEP][PASSED] - delay(2): Delayed 2 second(s)

2019-02-18 16:16:39 - [MESSAGE][PASSED] - Delayed 2 second(s)

2019-02-18 16:16:39 - [TEST_STEP][PASSED] - click(findTestObject("KeatMun/Form 7_default/OTC_Submit Form 7_Section A/Page_PERKESO/A8. Status Perkahwinan")): Object: 'Object Repository/KeatMun/Form 7_default/OTC_Submit Form 7_Section A/Page_PERKESO/A8. Status Perkahwinan' is clicked on

2019-02-18 16:16:41 - [MESSAGE][PASSED] - Object: 'Object Repository/KeatMun/Form 7_default/OTC_Submit Form 7_Section A/Page_PERKESO/A8. Status Perkahwinan' is clicked on

2019-02-18 16:16:41 - [TEST_STEP][PASSED] - click(findTestObject("KeatMun/Form 7_default/OTC_Submit Form 7_Section A/Page_PERKESO/A8. Bujang")): Object: 'Object Repository/KeatMun/Form 7_default/OTC_Submit Form 7_Section A/Page_PERKESO/A8. Bujang' is clicked on

2019-02-18 16:16:43 - [MESSAGE][PASSED] - Object: 'Object Repository/KeatMun/Form 7_default/OTC_Submit Form 7_Section A/Page_PERKESO/A8. Bujang' is clicked on

2019-02-18 16:16:43 - [TEST_STEP][PASSED] - delay(2): Delayed 2 second(s)

2019-02-18 16:16:45 - [MESSAGE][PASSED] - Delayed 2 second(s)

2019-02-18 16:16:45 - [TEST_STEP][PASSED] - setText(findTestObject("KeatMun/Form 7_default/OTC_Submit Form 7_Section A/Page_PERKESO/A9. Address1"), "qwertyuiop"): Text 'qwertyuiop' is set on object 'Object Repository/KeatMun/Form 7_default/OTC_Submit Form 7_Section A/Page_PERKESO/A9. Address1'

2019-02-18 16:16:50 - [MESSAGE][PASSED] - Text 'qwertyuiop' is set on object 'Object Repository/KeatMun/Form 7_default/OTC_Submit Form 7_Section A/Page_PERKESO/A9. Address1'

2019-02-18 16:16:50 - [TEST_STEP][PASSED] - delay(2): Delayed 2 second(s)

2019-02-18 16:16:52 - [MESSAGE][PASSED] - Delayed 2 second(s)

2019-02-18 16:16:52 - [TEST_STEP][PASSED] - click(findTestObject("KeatMun/Form 7_default/OTC_Submit Form 7_Section A/Page_PERKESO/A10. Negeri")): Object: 'Object Repository/KeatMun/Form 7_default/OTC_Submit Form 7_Section A/Page_PERKESO/A10. Negeri' is clicked on

2019-02-18 16:16:54 - [MESSAGE][PASSED] - Object: 'Object Repository/KeatMun/Form 7_default/OTC_Submit Form 7_Section A/Page_PERKESO/A10. Negeri' is clicked on

2019-02-18 16:16:54 - [TEST_STEP][PASSED] - click(findTestObject("KeatMun/Form 7_default/OTC_Submit Form 7_Section A/Page_PERKESO/A10. JOHOR")): Object: 'Object Repository/KeatMun/Form 7_default/OTC_Submit Form 7_Section A/Page_PERKESO/A10. JOHOR' is clicked on

2019-02-18 16:16:56 - [MESSAGE][PASSED] - Object: 'Object Repository/KeatMun/Form 7_default/OTC_Submit Form 7_Section A/Page_PERKESO/A10. JOHOR' is clicked on

2019-02-18 16:16:56 - [TEST_STEP][PASSED] - delay(2): Delayed 2 second(s)

2019-02-18 16:16:58 - [MESSAGE][PASSED] - Delayed 2 second(s)

2019-02-18 16:16:58 - [TEST_STEP][PASSED] - click(findTestObject("KeatMun/Form 7_default/OTC_Submit Form 7_Section A/Page_PERKESO/A11. --Sila Pilih--")): Object: 'Object Repository/KeatMun/Form 7_default/OTC_Submit Form 7_Section A/Page_PERKESO/A11. --Sila Pilih--' is clicked on

2019-02-18 16:17:00 - [MESSAGE][PASSED] - Object: 'Object Repository/KeatMun/Form 7_default/OTC_Submit Form 7_Section A/Page_PERKESO/A11. --Sila Pilih--' is clicked on

2019-02-18 16:17:00 - [TEST_STEP][PASSED] - setText(findTestObject("KeatMun/Form 7_default/OTC_Submit Form 7_Section A/Page_PERKESO/A11. Done_select2-search__fie (1)"), "jo"): Text 'jo' is set on object 'Object Repository/KeatMun/Form 7_default/OTC_Submit Form 7_Section A/Page_PERKESO/A11. Done_select2-search__fie (1)'

2019-02-18 16:17:04 - [MESSAGE][PASSED] - Text 'jo' is set on object 'Object Repository/KeatMun/Form 7_default/OTC_Submit Form 7_Section A/Page_PERKESO/A11. Done_select2-search__fie (1)'

2019-02-18 16:17:04 - [TEST_STEP][PASSED] - setText(findTestObject("KeatMun/Form 7_default/OTC_Submit Form 7_Section A/Page_PERKESO/A11. concat(id(  select2-city"), "jo"): Text 'jo' is set on object 'Object Repository/KeatMun/Form 7_default/OTC_Submit Form 7_Section A/Page_PERKESO/A11. concat(id(  select2-city'

2019-02-18 16:17:08 - [MESSAGE][PASSED] - Text 'jo' is set on object 'Object Repository/KeatMun/Form 7_default/OTC_Submit Form 7_Section A/Page_PERKESO/A11. concat(id(  select2-city'

2019-02-18 16:17:08 - [TEST_STEP][PASSED] - click(findTestObject("KeatMun/Form 7_default/OTC_Submit Form 7_Section A/Page_PERKESO/A11. JOHOR BAHRU")): Object: 'Object Repository/KeatMun/Form 7_default/OTC_Submit Form 7_Section A/Page_PERKESO/A11. JOHOR BAHRU' is clicked on

2019-02-18 16:17:11 - [MESSAGE][PASSED] - Object: 'Object Repository/KeatMun/Form 7_default/OTC_Submit Form 7_Section A/Page_PERKESO/A11. JOHOR BAHRU' is clicked on

2019-02-18 16:17:11 - [TEST_STEP][PASSED] - delay(2): Delayed 2 second(s)

2019-02-18 16:17:13 - [MESSAGE][PASSED] - Delayed 2 second(s)

2019-02-18 16:17:13 - [TEST_STEP][PASSED] - click(findTestObject("KeatMun/Form 7_default/OTC_Submit Form 7_Section A/Page_PERKESO/A12. --Sila Isikan--")): Object: 'Object Repository/KeatMun/Form 7_default/OTC_Submit Form 7_Section A/Page_PERKESO/A12. --Sila Isikan--' is clicked on

2019-02-18 16:17:15 - [MESSAGE][PASSED] - Object: 'Object Repository/KeatMun/Form 7_default/OTC_Submit Form 7_Section A/Page_PERKESO/A12. --Sila Isikan--' is clicked on

2019-02-18 16:17:15 - [TEST_STEP][PASSED] - setText(findTestObject("KeatMun/Form 7_default/OTC_Submit Form 7_Section A/Page_PERKESO/A11. Done_select2-search__fie"), "84"): Text '84' is set on object 'Object Repository/KeatMun/Form 7_default/OTC_Submit Form 7_Section A/Page_PERKESO/A11. Done_select2-search__fie'

2019-02-18 16:17:19 - [MESSAGE][PASSED] - Text '84' is set on object 'Object Repository/KeatMun/Form 7_default/OTC_Submit Form 7_Section A/Page_PERKESO/A11. Done_select2-search__fie'

2019-02-18 16:17:19 - [TEST_STEP][PASSED] - click(findTestObject("KeatMun/Form 7_default/OTC_Submit Form 7_Section A/Page_PERKESO/A12. 84000")): Object: 'Object Repository/KeatMun/Form 7_default/OTC_Submit Form 7_Section A/Page_PERKESO/A12. 84000' is clicked on

2019-02-18 16:17:21 - [MESSAGE][PASSED] - Object: 'Object Repository/KeatMun/Form 7_default/OTC_Submit Form 7_Section A/Page_PERKESO/A12. 84000' is clicked on

2019-02-18 16:17:21 - [TEST_STEP][PASSED] - delay(2): Delayed 2 second(s)

2019-02-18 16:17:23 - [MESSAGE][PASSED] - Delayed 2 second(s)

2019-02-18 16:17:23 - [TEST_STEP][PASSED] - setText(findTestObject("KeatMun/Form 7_default/OTC_Submit Form 7_Section A/Page_PERKESO/A13. mobileContact1"), "1234567890"): Text '1234567890' is set on object 'Object Repository/KeatMun/Form 7_default/OTC_Submit Form 7_Section A/Page_PERKESO/A13. mobileContact1'

2019-02-18 16:17:27 - [MESSAGE][PASSED] - Text '1234567890' is set on object 'Object Repository/KeatMun/Form 7_default/OTC_Submit Form 7_Section A/Page_PERKESO/A13. mobileContact1'

2019-02-18 16:17:27 - [TEST_STEP][PASSED] - delay(2): Delayed 2 second(s)

2019-02-18 16:17:29 - [MESSAGE][PASSED] - Delayed 2 second(s)

2019-02-18 16:17:29 - [TEST_STEP][PASSED] - click(findTestObject("KeatMun/Form 7_default/OTC_Submit Form 7_Section A/Page_PERKESO/A14. Halaman Seterusnya")): Object: 'Object Repository/KeatMun/Form 7_default/OTC_Submit Form 7_Section A/Page_PERKESO/A14. Halaman Seterusnya' is clicked on

2019-02-18 16:17:32 - [MESSAGE][PASSED] - Object: 'Object Repository/KeatMun/Form 7_default/OTC_Submit Form 7_Section A/Page_PERKESO/A14. Halaman Seterusnya' is clicked on

2019-02-18 16:17:32 - [TEST_STEP][PASSED] - delay(2): Delayed 2 second(s)

2019-02-18 16:17:34 - [MESSAGE][PASSED] - Delayed 2 second(s)

2019-02-18 16:17:34 - [MESSAGE][PASSED] - Call Test Case 'Test Cases/All TC/Arranged/3. Unit/EI/Form 7_default/OTC_Submit Form 7_Section A' successfully

2019-02-18 16:17:34 - [TEST_STEP][PASSED] - callTestCase(findTestCase("All TC/Arranged/3. Unit/EI/Form 7_default/OTC_Submit Form 7_Section B"), [:], STOP_ON_FAILURE): Call Test Case 'Test Cases/All TC/Arranged/3. Unit/EI/Form 7_default/OTC_Submit Form 7_Section B' successfully

2019-02-18 16:17:34 - [TEST_CASE][PASSED] - Test Cases/All TC/Arranged/3. Unit/EI/Form 7_default/OTC_Submit Form 7_Section B: Test Cases/All TC/Arranged/3. Unit/EI/Form 7_default/OTC_Submit Form 7_Section B

2019-02-18 16:17:34 - [TEST_STEP][PASSED] - delay(3): Delayed 3 second(s)

2019-02-18 16:17:37 - [MESSAGE][PASSED] - Delayed 3 second(s)

2019-02-18 16:17:37 - [TEST_STEP][PASSED] - click(findTestObject("KeatMun/Form 7_default/OTC_Submit Form 7_Section B/Page_PERKESO/B1. Jawatan")): Object: 'Object Repository/KeatMun/Form 7_default/OTC_Submit Form 7_Section B/Page_PERKESO/B1. Jawatan' is clicked on

2019-02-18 16:17:39 - [MESSAGE][PASSED] - Object: 'Object Repository/KeatMun/Form 7_default/OTC_Submit Form 7_Section B/Page_PERKESO/B1. Jawatan' is clicked on

2019-02-18 16:17:39 - [TEST_STEP][PASSED] - setText(findTestObject("KeatMun/Form 7_default/OTC_Submit Form 7_Section B/Page_PERKESO/B1. concat(id(  select2-posi"), "re"): Text 're' is set on object 'Object Repository/KeatMun/Form 7_default/OTC_Submit Form 7_Section B/Page_PERKESO/B1. concat(id(  select2-posi'

2019-02-18 16:17:43 - [MESSAGE][PASSED] - Text 're' is set on object 'Object Repository/KeatMun/Form 7_default/OTC_Submit Form 7_Section B/Page_PERKESO/B1. concat(id(  select2-posi'

2019-02-18 16:17:43 - [TEST_STEP][PASSED] - setText(findTestObject("KeatMun/Form 7_default/OTC_Submit Form 7_Section B/Page_PERKESO/B1. Done_select2-search__fie"), "re"): Text 're' is set on object 'Object Repository/KeatMun/Form 7_default/OTC_Submit Form 7_Section B/Page_PERKESO/B1. Done_select2-search__fie'

2019-02-18 16:17:47 - [MESSAGE][PASSED] - Text 're' is set on object 'Object Repository/KeatMun/Form 7_default/OTC_Submit Form 7_Section B/Page_PERKESO/B1. Done_select2-search__fie'

2019-02-18 16:17:47 - [TEST_STEP][PASSED] - click(findTestObject("KeatMun/Form 7_default/OTC_Submit Form 7_Section B/Page_PERKESO/B1. Arkitek Reka Bentuk")): Object: 'Object Repository/KeatMun/Form 7_default/OTC_Submit Form 7_Section B/Page_PERKESO/B1. Arkitek Reka Bentuk' is clicked on

2019-02-18 16:17:50 - [MESSAGE][PASSED] - Object: 'Object Repository/KeatMun/Form 7_default/OTC_Submit Form 7_Section B/Page_PERKESO/B1. Arkitek Reka Bentuk' is clicked on

2019-02-18 16:17:50 - [TEST_STEP][PASSED] - delay(2): Delayed 2 second(s)

2019-02-18 16:17:52 - [MESSAGE][PASSED] - Delayed 2 second(s)

2019-02-18 16:17:52 - [TEST_STEP][PASSED] - setText(findTestObject("KeatMun/Form 7_default/OTC_Submit Form 7_Section B/Page_PERKESO/B2. lastEmploymentStartDtSt"), "10/01/2019"): Text '10/01/2019' is set on object 'Object Repository/KeatMun/Form 7_default/OTC_Submit Form 7_Section B/Page_PERKESO/B2. lastEmploymentStartDtSt'

2019-02-18 16:17:56 - [MESSAGE][PASSED] - Text '10/01/2019' is set on object 'Object Repository/KeatMun/Form 7_default/OTC_Submit Form 7_Section B/Page_PERKESO/B2. lastEmploymentStartDtSt'

2019-02-18 16:17:56 - [TEST_STEP][PASSED] - delay(2): Delayed 2 second(s)

2019-02-18 16:17:58 - [MESSAGE][PASSED] - Delayed 2 second(s)

2019-02-18 16:17:58 - [TEST_STEP][PASSED] - click(findTestObject("KeatMun/Form 7_default/OTC_Submit Form 7_Section B/Page_PERKESO/B4. Status Perkejaan")): Object: 'Object Repository/KeatMun/Form 7_default/OTC_Submit Form 7_Section B/Page_PERKESO/B4. Status Perkejaan' is clicked on

2019-02-18 16:18:00 - [MESSAGE][PASSED] - Object: 'Object Repository/KeatMun/Form 7_default/OTC_Submit Form 7_Section B/Page_PERKESO/B4. Status Perkejaan' is clicked on

2019-02-18 16:18:00 - [TEST_STEP][PASSED] - click(findTestObject("KeatMun/Form 7_default/OTC_Submit Form 7_Section B/Page_PERKESO/B4. Tetap")): Object: 'Object Repository/KeatMun/Form 7_default/OTC_Submit Form 7_Section B/Page_PERKESO/B4. Tetap' is clicked on

2019-02-18 16:18:02 - [MESSAGE][PASSED] - Object: 'Object Repository/KeatMun/Form 7_default/OTC_Submit Form 7_Section B/Page_PERKESO/B4. Tetap' is clicked on

2019-02-18 16:18:02 - [TEST_STEP][PASSED] - delay(2): Delayed 2 second(s)

2019-02-18 16:18:04 - [MESSAGE][PASSED] - Delayed 2 second(s)

2019-02-18 16:18:04 - [TEST_STEP][PASSED] - setText(findTestObject("KeatMun/Form 7_default/OTC_Submit Form 7_Section B/Page_PERKESO/B5. Gaji (RM)_salary1"), "4000"): Text '4000' is set on object 'Object Repository/KeatMun/Form 7_default/OTC_Submit Form 7_Section B/Page_PERKESO/B5. Gaji (RM)_salary1'

2019-02-18 16:18:08 - [MESSAGE][PASSED] - Text '4000' is set on object 'Object Repository/KeatMun/Form 7_default/OTC_Submit Form 7_Section B/Page_PERKESO/B5. Gaji (RM)_salary1'

2019-02-18 16:18:08 - [TEST_STEP][PASSED] - delay(2): Delayed 2 second(s)

2019-02-18 16:18:10 - [MESSAGE][PASSED] - Delayed 2 second(s)

2019-02-18 16:18:10 - [TEST_STEP][PASSED] - setText(findTestObject("KeatMun/Form 7_default/OTC_Submit Form 7_Section B/Page_PERKESO/B5. Gaji (RM)_salary2"), "4000"): Text '4000' is set on object 'Object Repository/KeatMun/Form 7_default/OTC_Submit Form 7_Section B/Page_PERKESO/B5. Gaji (RM)_salary2'

2019-02-18 16:18:15 - [MESSAGE][PASSED] - Text '4000' is set on object 'Object Repository/KeatMun/Form 7_default/OTC_Submit Form 7_Section B/Page_PERKESO/B5. Gaji (RM)_salary2'

2019-02-18 16:18:15 - [TEST_STEP][PASSED] - delay(2): Delayed 2 second(s)

2019-02-18 16:18:17 - [MESSAGE][PASSED] - Delayed 2 second(s)

2019-02-18 16:18:17 - [TEST_STEP][PASSED] - setText(findTestObject("KeatMun/Form 7_default/OTC_Submit Form 7_Section B/Page_PERKESO/B5. Gaji (RM)_salary3"), "4000"): Text '4000' is set on object 'Object Repository/KeatMun/Form 7_default/OTC_Submit Form 7_Section B/Page_PERKESO/B5. Gaji (RM)_salary3'

2019-02-18 16:18:21 - [MESSAGE][PASSED] - Text '4000' is set on object 'Object Repository/KeatMun/Form 7_default/OTC_Submit Form 7_Section B/Page_PERKESO/B5. Gaji (RM)_salary3'

2019-02-18 16:18:21 - [TEST_STEP][PASSED] - delay(2): Delayed 2 second(s)

2019-02-18 16:18:23 - [MESSAGE][PASSED] - Delayed 2 second(s)

2019-02-18 16:18:23 - [TEST_STEP][PASSED] - setText(findTestObject("KeatMun/Form 7_default/OTC_Submit Form 7_Section B/Page_PERKESO/B5. Gaji (RM)_salary4"), "4000"): Text '4000' is set on object 'Object Repository/KeatMun/Form 7_default/OTC_Submit Form 7_Section B/Page_PERKESO/B5. Gaji (RM)_salary4'

2019-02-18 16:18:27 - [MESSAGE][PASSED] - Text '4000' is set on object 'Object Repository/KeatMun/Form 7_default/OTC_Submit Form 7_Section B/Page_PERKESO/B5. Gaji (RM)_salary4'

2019-02-18 16:18:27 - [TEST_STEP][PASSED] - delay(2): Delayed 2 second(s)

2019-02-18 16:18:29 - [MESSAGE][PASSED] - Delayed 2 second(s)

2019-02-18 16:18:29 - [TEST_STEP][PASSED] - setText(findTestObject("KeatMun/Form 7_default/OTC_Submit Form 7_Section B/Page_PERKESO/B5. Gaji (RM)_salary5"), "4000"): Text '4000' is set on object 'Object Repository/KeatMun/Form 7_default/OTC_Submit Form 7_Section B/Page_PERKESO/B5. Gaji (RM)_salary5'

2019-02-18 16:18:33 - [MESSAGE][PASSED] - Text '4000' is set on object 'Object Repository/KeatMun/Form 7_default/OTC_Submit Form 7_Section B/Page_PERKESO/B5. Gaji (RM)_salary5'

2019-02-18 16:18:33 - [TEST_STEP][PASSED] - delay(2): Delayed 2 second(s)

2019-02-18 16:18:35 - [MESSAGE][PASSED] - Delayed 2 second(s)

2019-02-18 16:18:35 - [TEST_STEP][PASSED] - setText(findTestObject("KeatMun/Form 7_default/OTC_Submit Form 7_Section B/Page_PERKESO/B5. Gaji (RM)_salary6"), "4000"): Text '4000' is set on object 'Object Repository/KeatMun/Form 7_default/OTC_Submit Form 7_Section B/Page_PERKESO/B5. Gaji (RM)_salary6'

2019-02-18 16:18:40 - [MESSAGE][PASSED] - Text '4000' is set on object 'Object Repository/KeatMun/Form 7_default/OTC_Submit Form 7_Section B/Page_PERKESO/B5. Gaji (RM)_salary6'

2019-02-18 16:18:40 - [TEST_STEP][PASSED] - delay(2): Delayed 2 second(s)

2019-02-18 16:18:42 - [MESSAGE][PASSED] - Delayed 2 second(s)

2019-02-18 16:18:42 - [TEST_STEP][PASSED] - click(findTestObject("KeatMun/Form 7_default/OTC_Submit Form 7_Section B/Page_PERKESO/B6. Reason JobLost")): Object: 'Object Repository/KeatMun/Form 7_default/OTC_Submit Form 7_Section B/Page_PERKESO/B6. Reason JobLost' is clicked on

2019-02-18 16:18:44 - [MESSAGE][PASSED] - Object: 'Object Repository/KeatMun/Form 7_default/OTC_Submit Form 7_Section B/Page_PERKESO/B6. Reason JobLost' is clicked on

2019-02-18 16:18:44 - [TEST_STEP][PASSED] - click(findTestObject("KeatMun/Form 7_default/OTC_Submit Form 7_Section B/Page_PERKESO/B6. Bencana alam (cth banjir ke")): Object: 'Object Repository/KeatMun/Form 7_default/OTC_Submit Form 7_Section B/Page_PERKESO/B6. Bencana alam (cth banjir ke' is clicked on

2019-02-18 16:18:46 - [MESSAGE][PASSED] - Object: 'Object Repository/KeatMun/Form 7_default/OTC_Submit Form 7_Section B/Page_PERKESO/B6. Bencana alam (cth banjir ke' is clicked on

2019-02-18 16:18:46 - [TEST_STEP][PASSED] - delay(3): Delayed 3 second(s)

2019-02-18 16:18:49 - [MESSAGE][PASSED] - Delayed 3 second(s)

2019-02-18 16:18:49 - [TEST_STEP][PASSED] - setText(findTestObject("KeatMun/Form 7_default/OTC_Submit Form 7_Section B/Page_PERKESO/B7. AverageWorkingHour"), "8"): Text '8' is set on object 'Object Repository/KeatMun/Form 7_default/OTC_Submit Form 7_Section B/Page_PERKESO/B7. AverageWorkingHour'

2019-02-18 16:18:53 - [MESSAGE][PASSED] - Text '8' is set on object 'Object Repository/KeatMun/Form 7_default/OTC_Submit Form 7_Section B/Page_PERKESO/B7. AverageWorkingHour'

2019-02-18 16:18:53 - [TEST_STEP][PASSED] - delay(2): Delayed 2 second(s)

2019-02-18 16:18:55 - [MESSAGE][PASSED] - Delayed 2 second(s)

2019-02-18 16:18:55 - [TEST_STEP][PASSED] - click(findTestObject("KeatMun/Form 7_default/OTC_Submit Form 7_Section B/Page_PERKESO/B8. Tidak_compensationInd")): Object: 'Object Repository/KeatMun/Form 7_default/OTC_Submit Form 7_Section B/Page_PERKESO/B8. Tidak_compensationInd' is clicked on

2019-02-18 16:18:57 - [MESSAGE][PASSED] - Object: 'Object Repository/KeatMun/Form 7_default/OTC_Submit Form 7_Section B/Page_PERKESO/B8. Tidak_compensationInd' is clicked on

2019-02-18 16:18:57 - [TEST_STEP][PASSED] - delay(1): Delayed 1 second(s)

2019-02-18 16:18:58 - [MESSAGE][PASSED] - Delayed 1 second(s)

2019-02-18 16:18:58 - [TEST_STEP][PASSED] - click(findTestObject("KeatMun/Form 7_default/OTC_Submit Form 7_Section B/Page_PERKESO/B9. Tidak_fileCaseInd")): Object: 'Object Repository/KeatMun/Form 7_default/OTC_Submit Form 7_Section B/Page_PERKESO/B9. Tidak_fileCaseInd' is clicked on

2019-02-18 16:19:00 - [MESSAGE][PASSED] - Object: 'Object Repository/KeatMun/Form 7_default/OTC_Submit Form 7_Section B/Page_PERKESO/B9. Tidak_fileCaseInd' is clicked on

2019-02-18 16:19:00 - [TEST_STEP][PASSED] - delay(1): Delayed 1 second(s)

2019-02-18 16:19:01 - [MESSAGE][PASSED] - Delayed 1 second(s)

2019-02-18 16:19:01 - [TEST_STEP][PASSED] - click(findTestObject("KeatMun/Form 7_default/OTC_Submit Form 7_Section B/Page_PERKESO/B10. Tidak_unregisterCaseInd")): Object: 'Object Repository/KeatMun/Form 7_default/OTC_Submit Form 7_Section B/Page_PERKESO/B10. Tidak_unregisterCaseInd' is clicked on

2019-02-18 16:19:04 - [MESSAGE][PASSED] - Object: 'Object Repository/KeatMun/Form 7_default/OTC_Submit Form 7_Section B/Page_PERKESO/B10. Tidak_unregisterCaseInd' is clicked on

2019-02-18 16:19:04 - [TEST_STEP][PASSED] - delay(2): Delayed 2 second(s)

2019-02-18 16:19:06 - [MESSAGE][PASSED] - Delayed 2 second(s)

2019-02-18 16:19:06 - [TEST_STEP][PASSED] - click(findTestObject("KeatMun/Form 7_default/OTC_Submit Form 7_Section B/Page_PERKESO/B11. Halaman Seterusnya")): Object: 'Object Repository/KeatMun/Form 7_default/OTC_Submit Form 7_Section B/Page_PERKESO/B11. Halaman Seterusnya' is clicked on

2019-02-18 16:19:08 - [MESSAGE][PASSED] - Object: 'Object Repository/KeatMun/Form 7_default/OTC_Submit Form 7_Section B/Page_PERKESO/B11. Halaman Seterusnya' is clicked on

2019-02-18 16:19:08 - [TEST_STEP][PASSED] - delay(3): Delayed 3 second(s)

2019-02-18 16:19:11 - [MESSAGE][PASSED] - Delayed 3 second(s)

2019-02-18 16:19:11 - [MESSAGE][PASSED] - Call Test Case 'Test Cases/All TC/Arranged/3. Unit/EI/Form 7_default/OTC_Submit Form 7_Section B' successfully

2019-02-18 16:19:11 - [TEST_STEP][PASSED] - callTestCase(findTestCase("All TC/Arranged/3. Unit/EI/Form 7_default/OTC_Submit Form 7_Section C"), [:], STOP_ON_FAILURE): Call Test Case 'Test Cases/All TC/Arranged/3. Unit/EI/Form 7_default/OTC_Submit Form 7_Section C' successfully

2019-02-18 16:19:11 - [TEST_CASE][PASSED] - Test Cases/All TC/Arranged/3. Unit/EI/Form 7_default/OTC_Submit Form 7_Section C: Test Cases/All TC/Arranged/3. Unit/EI/Form 7_default/OTC_Submit Form 7_Section C

2019-02-18 16:19:11 - [TEST_STEP][PASSED] - delay(2): Delayed 2 second(s)

2019-02-18 16:19:13 - [MESSAGE][PASSED] - Delayed 2 second(s)

2019-02-18 16:19:13 - [TEST_STEP][PASSED] - setText(findTestObject("KeatMun/Form 7_default/OTC_Submit Form 7_Section C/Page_PERKESO/C4. EmployerInfo"), "qwertyuiop"): Text 'qwertyuiop' is set on object 'Object Repository/KeatMun/Form 7_default/OTC_Submit Form 7_Section C/Page_PERKESO/C4. EmployerInfo'

2019-02-18 16:19:18 - [MESSAGE][PASSED] - Text 'qwertyuiop' is set on object 'Object Repository/KeatMun/Form 7_default/OTC_Submit Form 7_Section C/Page_PERKESO/C4. EmployerInfo'

2019-02-18 16:19:18 - [TEST_STEP][PASSED] - delay(2): Delayed 2 second(s)

2019-02-18 16:19:20 - [MESSAGE][PASSED] - Delayed 2 second(s)

2019-02-18 16:19:20 - [TEST_STEP][PASSED] - click(findTestObject("KeatMun/Form 7_default/OTC_Submit Form 7_Section C/Page_PERKESO/C5. Negeri")): Object: 'Object Repository/KeatMun/Form 7_default/OTC_Submit Form 7_Section C/Page_PERKESO/C5. Negeri' is clicked on

2019-02-18 16:19:22 - [MESSAGE][PASSED] - Object: 'Object Repository/KeatMun/Form 7_default/OTC_Submit Form 7_Section C/Page_PERKESO/C5. Negeri' is clicked on

2019-02-18 16:19:22 - [TEST_STEP][PASSED] - delay(2): Delayed 2 second(s)

2019-02-18 16:19:24 - [MESSAGE][PASSED] - Delayed 2 second(s)

2019-02-18 16:19:24 - [TEST_STEP][PASSED] - click(findTestObject("KeatMun/Form 7_default/OTC_Submit Form 7_Section C/Page_PERKESO/C5. JOHOR")): Object: 'Object Repository/KeatMun/Form 7_default/OTC_Submit Form 7_Section C/Page_PERKESO/C5. JOHOR' is clicked on

2019-02-18 16:19:26 - [MESSAGE][PASSED] - Object: 'Object Repository/KeatMun/Form 7_default/OTC_Submit Form 7_Section C/Page_PERKESO/C5. JOHOR' is clicked on

2019-02-18 16:19:26 - [TEST_STEP][PASSED] - delay(3): Delayed 3 second(s)

2019-02-18 16:19:29 - [MESSAGE][PASSED] - Delayed 3 second(s)

2019-02-18 16:19:29 - [TEST_STEP][PASSED] - click(findTestObject("KeatMun/Form 7_default/OTC_Submit Form 7_Section C/Page_PERKESO/C6. City")): Object: 'Object Repository/KeatMun/Form 7_default/OTC_Submit Form 7_Section C/Page_PERKESO/C6. City' is clicked on

2019-02-18 16:19:31 - [MESSAGE][PASSED] - Object: 'Object Repository/KeatMun/Form 7_default/OTC_Submit Form 7_Section C/Page_PERKESO/C6. City' is clicked on

2019-02-18 16:19:31 - [TEST_STEP][PASSED] - delay(2): Delayed 2 second(s)

2019-02-18 16:19:33 - [MESSAGE][PASSED] - Delayed 2 second(s)

2019-02-18 16:19:33 - [TEST_STEP][PASSED] - setText(findTestObject("KeatMun/Form 7_default/OTC_Submit Form 7_Section C/Page_PERKESO/C6. Done_select2-search__fie"), "jo"): Text 'jo' is set on object 'Object Repository/KeatMun/Form 7_default/OTC_Submit Form 7_Section C/Page_PERKESO/C6. Done_select2-search__fie'

2019-02-18 16:19:37 - [MESSAGE][PASSED] - Text 'jo' is set on object 'Object Repository/KeatMun/Form 7_default/OTC_Submit Form 7_Section C/Page_PERKESO/C6. Done_select2-search__fie'

2019-02-18 16:19:37 - [TEST_STEP][PASSED] - setText(findTestObject("KeatMun/Form 7_default/OTC_Submit Form 7_Section C/Page_PERKESO/C6. Concat(id(  select2-city"), "jo"): Text 'jo' is set on object 'Object Repository/KeatMun/Form 7_default/OTC_Submit Form 7_Section C/Page_PERKESO/C6. Concat(id(  select2-city'

2019-02-18 16:19:41 - [MESSAGE][PASSED] - Text 'jo' is set on object 'Object Repository/KeatMun/Form 7_default/OTC_Submit Form 7_Section C/Page_PERKESO/C6. Concat(id(  select2-city'

2019-02-18 16:19:41 - [TEST_STEP][PASSED] - click(findTestObject("KeatMun/Form 7_default/OTC_Submit Form 7_Section C/Page_PERKESO/C6. JOHOR BAHRU")): Object: 'Object Repository/KeatMun/Form 7_default/OTC_Submit Form 7_Section C/Page_PERKESO/C6. JOHOR BAHRU' is clicked on

2019-02-18 16:19:44 - [MESSAGE][PASSED] - Object: 'Object Repository/KeatMun/Form 7_default/OTC_Submit Form 7_Section C/Page_PERKESO/C6. JOHOR BAHRU' is clicked on

2019-02-18 16:19:44 - [TEST_STEP][PASSED] - delay(3): Delayed 3 second(s)

2019-02-18 16:19:47 - [MESSAGE][PASSED] - Delayed 3 second(s)

2019-02-18 16:19:47 - [TEST_STEP][PASSED] - click(findTestObject("KeatMun/Form 7_default/OTC_Submit Form 7_Section C/Page_PERKESO/C7. --Sila Isikan--")): Object: 'Object Repository/KeatMun/Form 7_default/OTC_Submit Form 7_Section C/Page_PERKESO/C7. --Sila Isikan--' is clicked on

2019-02-18 16:19:49 - [MESSAGE][PASSED] - Object: 'Object Repository/KeatMun/Form 7_default/OTC_Submit Form 7_Section C/Page_PERKESO/C7. --Sila Isikan--' is clicked on

2019-02-18 16:19:49 - [TEST_STEP][PASSED] - delay(2): Delayed 2 second(s)

2019-02-18 16:19:51 - [MESSAGE][PASSED] - Delayed 2 second(s)

2019-02-18 16:19:51 - [TEST_STEP][PASSED] - setText(findTestObject("KeatMun/Form 7_default/OTC_Submit Form 7_Section C/Page_PERKESO/C7. Done_select2-search__fie"), "84"): Text '84' is set on object 'Object Repository/KeatMun/Form 7_default/OTC_Submit Form 7_Section C/Page_PERKESO/C7. Done_select2-search__fie'

2019-02-18 16:19:55 - [MESSAGE][PASSED] - Text '84' is set on object 'Object Repository/KeatMun/Form 7_default/OTC_Submit Form 7_Section C/Page_PERKESO/C7. Done_select2-search__fie'

2019-02-18 16:19:55 - [TEST_STEP][PASSED] - setText(findTestObject("KeatMun/Form 7_default/OTC_Submit Form 7_Section C/Page_PERKESO/C7. Concat(id(  select2-post"), "84"): Text '84' is set on object 'Object Repository/KeatMun/Form 7_default/OTC_Submit Form 7_Section C/Page_PERKESO/C7. Concat(id(  select2-post'

2019-02-18 16:19:59 - [MESSAGE][PASSED] - Text '84' is set on object 'Object Repository/KeatMun/Form 7_default/OTC_Submit Form 7_Section C/Page_PERKESO/C7. Concat(id(  select2-post'

2019-02-18 16:19:59 - [TEST_STEP][PASSED] - click(findTestObject("KeatMun/Form 7_default/OTC_Submit Form 7_Section C/Page_PERKESO/C7. 84000")): Object: 'Object Repository/KeatMun/Form 7_default/OTC_Submit Form 7_Section C/Page_PERKESO/C7. 84000' is clicked on

2019-02-18 16:20:01 - [MESSAGE][PASSED] - Object: 'Object Repository/KeatMun/Form 7_default/OTC_Submit Form 7_Section C/Page_PERKESO/C7. 84000' is clicked on

2019-02-18 16:20:01 - [TEST_STEP][PASSED] - delay(3): Delayed 3 second(s)

2019-02-18 16:20:04 - [MESSAGE][PASSED] - Delayed 3 second(s)

2019-02-18 16:20:04 - [TEST_STEP][PASSED] - click(findTestObject("KeatMun/Form 7_default/OTC_Submit Form 7_Section C/Page_PERKESO/C8. Tidak_employerInfo.emplo")): Object: 'Object Repository/KeatMun/Form 7_default/OTC_Submit Form 7_Section C/Page_PERKESO/C8. Tidak_employerInfo.emplo' is clicked on

2019-02-18 16:20:06 - [MESSAGE][PASSED] - Object: 'Object Repository/KeatMun/Form 7_default/OTC_Submit Form 7_Section C/Page_PERKESO/C8. Tidak_employerInfo.emplo' is clicked on

2019-02-18 16:20:06 - [TEST_STEP][PASSED] - delay(2): Delayed 2 second(s)

2019-02-18 16:20:08 - [MESSAGE][PASSED] - Delayed 2 second(s)

2019-02-18 16:20:08 - [TEST_STEP][PASSED] - setText(findTestObject("KeatMun/Form 7_default/OTC_Submit Form 7_Section C/Page_PERKESO/C9. EmployerName"), "qwertyuiop"): Text 'qwertyuiop' is set on object 'Object Repository/KeatMun/Form 7_default/OTC_Submit Form 7_Section C/Page_PERKESO/C9. EmployerName'

2019-02-18 16:20:13 - [MESSAGE][PASSED] - Text 'qwertyuiop' is set on object 'Object Repository/KeatMun/Form 7_default/OTC_Submit Form 7_Section C/Page_PERKESO/C9. EmployerName'

2019-02-18 16:20:13 - [TEST_STEP][PASSED] - delay(2): Delayed 2 second(s)

2019-02-18 16:20:15 - [MESSAGE][PASSED] - Delayed 2 second(s)

2019-02-18 16:20:15 - [TEST_STEP][PASSED] - setText(findTestObject("KeatMun/Form 7_default/OTC_Submit Form 7_Section C/Page_PERKESO/C10. EmployerIC"), "1234567890"): Text '1234567890' is set on object 'Object Repository/KeatMun/Form 7_default/OTC_Submit Form 7_Section C/Page_PERKESO/C10. EmployerIC'

2019-02-18 16:20:19 - [MESSAGE][PASSED] - Text '1234567890' is set on object 'Object Repository/KeatMun/Form 7_default/OTC_Submit Form 7_Section C/Page_PERKESO/C10. EmployerIC'

2019-02-18 16:20:19 - [TEST_STEP][PASSED] - delay(3): Delayed 3 second(s)

2019-02-18 16:20:22 - [MESSAGE][PASSED] - Delayed 3 second(s)

2019-02-18 16:20:22 - [TEST_STEP][PASSED] - click(findTestObject("KeatMun/Form 7_default/OTC_Submit Form 7_Section C/Page_PERKESO/C11. Halaman Seterusnya")): Object: 'Object Repository/KeatMun/Form 7_default/OTC_Submit Form 7_Section C/Page_PERKESO/C11. Halaman Seterusnya' is clicked on

2019-02-18 16:20:24 - [MESSAGE][PASSED] - Object: 'Object Repository/KeatMun/Form 7_default/OTC_Submit Form 7_Section C/Page_PERKESO/C11. Halaman Seterusnya' is clicked on

2019-02-18 16:20:24 - [TEST_STEP][PASSED] - delay(3): Delayed 3 second(s)

2019-02-18 16:20:27 - [MESSAGE][PASSED] - Delayed 3 second(s)

2019-02-18 16:20:27 - [MESSAGE][PASSED] - Call Test Case 'Test Cases/All TC/Arranged/3. Unit/EI/Form 7_default/OTC_Submit Form 7_Section C' successfully

2019-02-18 16:20:27 - [TEST_STEP][PASSED] - callTestCase(findTestCase("All TC/Arranged/3. Unit/EI/Form 7_default/OTC_Submit Form 7_Section D-E"), [:], STOP_ON_FAILURE): Call Test Case 'Test Cases/All TC/Arranged/3. Unit/EI/Form 7_default/OTC_Submit Form 7_Section D-E' successfully

2019-02-18 16:20:27 - [TEST_CASE][PASSED] - Test Cases/All TC/Arranged/3. Unit/EI/Form 7_default/OTC_Submit Form 7_Section D-E: Test Cases/All TC/Arranged/3. Unit/EI/Form 7_default/OTC_Submit Form 7_Section D-E

2019-02-18 16:20:27 - [TEST_STEP][PASSED] - delay(3): Delayed 3 second(s)

2019-02-18 16:20:30 - [MESSAGE][PASSED] - Delayed 3 second(s)

2019-02-18 16:20:30 - [TEST_STEP][PASSED] - click(findTestObject("KeatMun/Form 7_default/OTC_Submit Form 7_Section D-E/Page_PERKESO/D1. NO_otherActiveEmploye")): Object: 'Object Repository/KeatMun/Form 7_default/OTC_Submit Form 7_Section D-E/Page_PERKESO/D1. NO_otherActiveEmploye' is clicked on

2019-02-18 16:20:33 - [MESSAGE][PASSED] - Object: 'Object Repository/KeatMun/Form 7_default/OTC_Submit Form 7_Section D-E/Page_PERKESO/D1. NO_otherActiveEmploye' is clicked on

2019-02-18 16:20:33 - [TEST_STEP][PASSED] - delay(4): Delayed 4 second(s)

2019-02-18 16:20:37 - [MESSAGE][PASSED] - Delayed 4 second(s)

2019-02-18 16:20:37 - [TEST_STEP][PASSED] - click(findTestObject("KeatMun/Form 7_default/OTC_Submit Form 7_Section D-E/Page_PERKESO/D2. Halaman Seterusnya")): Object: 'Object Repository/KeatMun/Form 7_default/OTC_Submit Form 7_Section D-E/Page_PERKESO/D2. Halaman Seterusnya' is clicked on

2019-02-18 16:20:39 - [MESSAGE][PASSED] - Object: 'Object Repository/KeatMun/Form 7_default/OTC_Submit Form 7_Section D-E/Page_PERKESO/D2. Halaman Seterusnya' is clicked on

2019-02-18 16:20:39 - [TEST_STEP][PASSED] - delay(5): Delayed 5 second(s)

2019-02-18 16:20:44 - [MESSAGE][PASSED] - Delayed 5 second(s)

2019-02-18 16:20:44 - [TEST_STEP][PASSED] - setText(findTestObject("KeatMun/Form 7_default/OTC_Submit Form 7_Section D-E/Page_PERKESO/E1. Input__totalExpYear"), "1"): Text '1' is set on object 'Object Repository/KeatMun/Form 7_default/OTC_Submit Form 7_Section D-E/Page_PERKESO/E1. Input__totalExpYear'

2019-02-18 16:20:48 - [MESSAGE][PASSED] - Text '1' is set on object 'Object Repository/KeatMun/Form 7_default/OTC_Submit Form 7_Section D-E/Page_PERKESO/E1. Input__totalExpYear'

2019-02-18 16:20:48 - [TEST_STEP][PASSED] - delay(2): Delayed 2 second(s)

2019-02-18 16:20:50 - [MESSAGE][PASSED] - Delayed 2 second(s)

2019-02-18 16:20:50 - [TEST_STEP][PASSED] - setText(findTestObject("KeatMun/Form 7_default/OTC_Submit Form 7_Section D-E/Page_PERKESO/E1. Tahun_totalExpMonth"), "1"): Text '1' is set on object 'Object Repository/KeatMun/Form 7_default/OTC_Submit Form 7_Section D-E/Page_PERKESO/E1. Tahun_totalExpMonth'

2019-02-18 16:20:54 - [MESSAGE][PASSED] - Text '1' is set on object 'Object Repository/KeatMun/Form 7_default/OTC_Submit Form 7_Section D-E/Page_PERKESO/E1. Tahun_totalExpMonth'

2019-02-18 16:20:54 - [TEST_STEP][PASSED] - delay(2): Delayed 2 second(s)

2019-02-18 16:20:56 - [MESSAGE][PASSED] - Delayed 2 second(s)

2019-02-18 16:20:56 - [TEST_STEP][PASSED] - click(findTestObject("KeatMun/Form 7_default/OTC_Submit Form 7_Section D-E/Page_PERKESO/E2. Edu-Level")): Object: 'Object Repository/KeatMun/Form 7_default/OTC_Submit Form 7_Section D-E/Page_PERKESO/E2. Edu-Level' is clicked on

2019-02-18 16:20:58 - [MESSAGE][PASSED] - Object: 'Object Repository/KeatMun/Form 7_default/OTC_Submit Form 7_Section D-E/Page_PERKESO/E2. Edu-Level' is clicked on

2019-02-18 16:20:58 - [TEST_STEP][PASSED] - delay(2): Delayed 2 second(s)

2019-02-18 16:21:00 - [MESSAGE][PASSED] - Delayed 2 second(s)

2019-02-18 16:21:00 - [TEST_STEP][PASSED] - click(findTestObject("KeatMun/Form 7_default/OTC_Submit Form 7_Section D-E/Page_PERKESO/E2. PMRPT3")): Object: 'Object Repository/KeatMun/Form 7_default/OTC_Submit Form 7_Section D-E/Page_PERKESO/E2. PMRPT3' is clicked on

2019-02-18 16:21:02 - [MESSAGE][PASSED] - Object: 'Object Repository/KeatMun/Form 7_default/OTC_Submit Form 7_Section D-E/Page_PERKESO/E2. PMRPT3' is clicked on

2019-02-18 16:21:02 - [TEST_STEP][PASSED] - delay(3): Delayed 3 second(s)

2019-02-18 16:21:05 - [MESSAGE][PASSED] - Delayed 3 second(s)

2019-02-18 16:21:05 - [TEST_STEP][PASSED] - click(findTestObject("KeatMun/Form 7_default/OTC_Submit Form 7_Section D-E/Page_PERKESO/E3. Job-Choice")): Object: 'Object Repository/KeatMun/Form 7_default/OTC_Submit Form 7_Section D-E/Page_PERKESO/E3. Job-Choice' is clicked on

2019-02-18 16:21:08 - [MESSAGE][PASSED] - Object: 'Object Repository/KeatMun/Form 7_default/OTC_Submit Form 7_Section D-E/Page_PERKESO/E3. Job-Choice' is clicked on

2019-02-18 16:21:08 - [TEST_STEP][PASSED] - delay(2): Delayed 2 second(s)

2019-02-18 16:21:10 - [MESSAGE][PASSED] - Delayed 2 second(s)

2019-02-18 16:21:10 - [TEST_STEP][PASSED] - setText(findTestObject("KeatMun/Form 7_default/OTC_Submit Form 7_Section D-E/Page_PERKESO/E3. Done_select2-search__fie"), "re"): Text 're' is set on object 'Object Repository/KeatMun/Form 7_default/OTC_Submit Form 7_Section D-E/Page_PERKESO/E3. Done_select2-search__fie'

2019-02-18 16:21:14 - [MESSAGE][PASSED] - Text 're' is set on object 'Object Repository/KeatMun/Form 7_default/OTC_Submit Form 7_Section D-E/Page_PERKESO/E3. Done_select2-search__fie'

2019-02-18 16:21:14 - [TEST_STEP][PASSED] - click(findTestObject("KeatMun/Form 7_default/OTC_Submit Form 7_Section D-E/Page_PERKESO/E3. Arkitek Reka Bentuk")): Object: 'Object Repository/KeatMun/Form 7_default/OTC_Submit Form 7_Section D-E/Page_PERKESO/E3. Arkitek Reka Bentuk' is clicked on

2019-02-18 16:21:16 - [MESSAGE][PASSED] - Object: 'Object Repository/KeatMun/Form 7_default/OTC_Submit Form 7_Section D-E/Page_PERKESO/E3. Arkitek Reka Bentuk' is clicked on

2019-02-18 16:21:16 - [TEST_STEP][PASSED] - delay(2): Delayed 2 second(s)

2019-02-18 16:21:18 - [MESSAGE][PASSED] - Delayed 2 second(s)

2019-02-18 16:21:18 - [TEST_STEP][PASSED] - click(findTestObject("KeatMun/Form 7_default/OTC_Submit Form 7_Section D-E/Page_PERKESO/E4. Job_Location")): Object: 'Object Repository/KeatMun/Form 7_default/OTC_Submit Form 7_Section D-E/Page_PERKESO/E4. Job_Location' is clicked on

2019-02-18 16:21:20 - [MESSAGE][PASSED] - Object: 'Object Repository/KeatMun/Form 7_default/OTC_Submit Form 7_Section D-E/Page_PERKESO/E4. Job_Location' is clicked on

2019-02-18 16:21:20 - [TEST_STEP][PASSED] - delay(2): Delayed 2 second(s)

2019-02-18 16:21:22 - [MESSAGE][PASSED] - Delayed 2 second(s)

2019-02-18 16:21:22 - [TEST_STEP][PASSED] - click(findTestObject("KeatMun/Form 7_default/OTC_Submit Form 7_Section D-E/Page_PERKESO/E4. JOHOR")): Object: 'Object Repository/KeatMun/Form 7_default/OTC_Submit Form 7_Section D-E/Page_PERKESO/E4. JOHOR' is clicked on

2019-02-18 16:21:24 - [MESSAGE][PASSED] - Object: 'Object Repository/KeatMun/Form 7_default/OTC_Submit Form 7_Section D-E/Page_PERKESO/E4. JOHOR' is clicked on

2019-02-18 16:21:24 - [TEST_STEP][PASSED] - delay(2): Delayed 2 second(s)

2019-02-18 16:21:26 - [MESSAGE][PASSED] - Delayed 2 second(s)

2019-02-18 16:21:26 - [TEST_STEP][PASSED] - click(findTestObject("KeatMun/Form 7_default/OTC_Submit Form 7_Section D-E/Page_PERKESO/E7. NO_disability")): Object: 'Object Repository/KeatMun/Form 7_default/OTC_Submit Form 7_Section D-E/Page_PERKESO/E7. NO_disability' is clicked on

2019-02-18 16:21:28 - [MESSAGE][PASSED] - Object: 'Object Repository/KeatMun/Form 7_default/OTC_Submit Form 7_Section D-E/Page_PERKESO/E7. NO_disability' is clicked on

2019-02-18 16:21:28 - [TEST_STEP][PASSED] - delay(2): Delayed 2 second(s)

2019-02-18 16:21:30 - [MESSAGE][PASSED] - Delayed 2 second(s)

2019-02-18 16:21:30 - [TEST_STEP][PASSED] - click(findTestObject("KeatMun/Form 7_default/OTC_Submit Form 7_Section D-E/Page_PERKESO/E8. NO_disabilityApplyInd")): Object: 'Object Repository/KeatMun/Form 7_default/OTC_Submit Form 7_Section D-E/Page_PERKESO/E8. NO_disabilityApplyInd' is clicked on

2019-02-18 16:21:32 - [MESSAGE][PASSED] - Object: 'Object Repository/KeatMun/Form 7_default/OTC_Submit Form 7_Section D-E/Page_PERKESO/E8. NO_disabilityApplyInd' is clicked on

2019-02-18 16:21:32 - [TEST_STEP][PASSED] - delay(2): Delayed 2 second(s)

2019-02-18 16:21:34 - [MESSAGE][PASSED] - Delayed 2 second(s)

2019-02-18 16:21:34 - [TEST_STEP][PASSED] - click(findTestObject("KeatMun/Form 7_default/OTC_Submit Form 7_Section D-E/Page_PERKESO/E9. YES_ReEmployment")): Object: 'Object Repository/KeatMun/Form 7_default/OTC_Submit Form 7_Section D-E/Page_PERKESO/E9. YES_ReEmployment' is clicked on

2019-02-18 16:21:37 - [MESSAGE][PASSED] - Object: 'Object Repository/KeatMun/Form 7_default/OTC_Submit Form 7_Section D-E/Page_PERKESO/E9. YES_ReEmployment' is clicked on

2019-02-18 16:21:37 - [TEST_STEP][PASSED] - delay(2): Delayed 2 second(s)

2019-02-18 16:21:39 - [MESSAGE][PASSED] - Delayed 2 second(s)

2019-02-18 16:21:39 - [TEST_STEP][PASSED] - click(findTestObject("KeatMun/Form 7_default/OTC_Submit Form 7_Section D-E/Page_PERKESO/E10. Halaman Seterusnya")): Object: 'Object Repository/KeatMun/Form 7_default/OTC_Submit Form 7_Section D-E/Page_PERKESO/E10. Halaman Seterusnya' is clicked on

2019-02-18 16:21:41 - [MESSAGE][PASSED] - Object: 'Object Repository/KeatMun/Form 7_default/OTC_Submit Form 7_Section D-E/Page_PERKESO/E10. Halaman Seterusnya' is clicked on

2019-02-18 16:21:41 - [TEST_STEP][PASSED] - delay(3): Delayed 3 second(s)

2019-02-18 16:21:44 - [MESSAGE][PASSED] - Delayed 3 second(s)

2019-02-18 16:21:44 - [MESSAGE][PASSED] - Call Test Case 'Test Cases/All TC/Arranged/3. Unit/EI/Form 7_default/OTC_Submit Form 7_Section D-E' successfully

2019-02-18 16:21:44 - [TEST_STEP][PASSED] - callTestCase(findTestCase("All TC/Arranged/3. Unit/EI/Form 7_default/OTC_Submit Form 7_Section F-G-H - Cheque"), [:], STOP_ON_FAILURE): Call Test Case 'Test Cases/All TC/Arranged/3. Unit/EI/Form 7_default/OTC_Submit Form 7_Section F-G-H - Cheque' successfully

2019-02-18 16:21:44 - [TEST_CASE][PASSED] - Test Cases/All TC/Arranged/3. Unit/EI/Form 7_default/OTC_Submit Form 7_Section F-G-H - Cheque: Test Cases/All TC/Arranged/3. Unit/EI/Form 7_default/OTC_Submit Form 7_Section F-G-H - Cheque

2019-02-18 16:21:44 - [TEST_STEP][PASSED] - delay(3): Delayed 3 second(s)

2019-02-18 16:21:47 - [MESSAGE][PASSED] - Delayed 3 second(s)

2019-02-18 16:21:47 - [TEST_STEP][PASSED] - click(findTestObject("KeatMun/Form 7_default/OTC_Submit Form 7_Section F-G-H/Page_PERKESO/F1. Bankrup_yes")): Object: 'Object Repository/KeatMun/Form 7_default/OTC_Submit Form 7_Section F-G-H/Page_PERKESO/F1. Bankrup_yes' is clicked on

2019-02-18 16:21:49 - [MESSAGE][PASSED] - Object: 'Object Repository/KeatMun/Form 7_default/OTC_Submit Form 7_Section F-G-H/Page_PERKESO/F1. Bankrup_yes' is clicked on

2019-02-18 16:21:49 - [TEST_STEP][PASSED] - delay(3): Delayed 3 second(s)

2019-02-18 16:21:52 - [MESSAGE][PASSED] - Delayed 3 second(s)

2019-02-18 16:21:52 - [TEST_STEP][PASSED] - click(findTestObject("KeatMun/Form 7_default/OTC_Submit Form 7_Section F-G-H/Page_PERKESO/F2. Next_Page_AfterBankInfo")): Object: 'Object Repository/KeatMun/Form 7_default/OTC_Submit Form 7_Section F-G-H/Page_PERKESO/F2. Next_Page_AfterBankInfo' is clicked on

2019-02-18 16:21:54 - [MESSAGE][PASSED] - Object: 'Object Repository/KeatMun/Form 7_default/OTC_Submit Form 7_Section F-G-H/Page_PERKESO/F2. Next_Page_AfterBankInfo' is clicked on

2019-02-18 16:21:54 - [TEST_STEP][PASSED] - delay(5): Delayed 5 second(s)

2019-02-18 16:21:59 - [MESSAGE][PASSED] - Delayed 5 second(s)

2019-02-18 16:21:59 - [TEST_STEP][PASSED] - setText(findTestObject("KeatMun/Form 7_default/OTC_Submit Form 7_Section F-G-H/Page_PERKESO/G2. Hubungan dengan OB-nama"), "qwertyuiop"): Text 'qwertyuiop' is set on object 'Object Repository/KeatMun/Form 7_default/OTC_Submit Form 7_Section F-G-H/Page_PERKESO/G2. Hubungan dengan OB-nama'

2019-02-18 16:22:04 - [MESSAGE][PASSED] - Text 'qwertyuiop' is set on object 'Object Repository/KeatMun/Form 7_default/OTC_Submit Form 7_Section F-G-H/Page_PERKESO/G2. Hubungan dengan OB-nama'

2019-02-18 16:22:04 - [TEST_STEP][PASSED] - delay(2): Delayed 2 second(s)

2019-02-18 16:22:06 - [MESSAGE][PASSED] - Delayed 2 second(s)

2019-02-18 16:22:06 - [TEST_STEP][PASSED] - setText(findTestObject("KeatMun/Form 7_default/OTC_Submit Form 7_Section F-G-H/Page_PERKESO/G2. Hubungan dengan OB-ic.no"), "111111223333"): Text '111111223333' is set on object 'Object Repository/KeatMun/Form 7_default/OTC_Submit Form 7_Section F-G-H/Page_PERKESO/G2. Hubungan dengan OB-ic.no'

2019-02-18 16:22:10 - [MESSAGE][PASSED] - Text '111111223333' is set on object 'Object Repository/KeatMun/Form 7_default/OTC_Submit Form 7_Section F-G-H/Page_PERKESO/G2. Hubungan dengan OB-ic.no'

2019-02-18 16:22:10 - [TEST_STEP][PASSED] - delay(2): Delayed 2 second(s)

2019-02-18 16:22:12 - [MESSAGE][PASSED] - Delayed 2 second(s)

2019-02-18 16:22:12 - [TEST_STEP][PASSED] - setText(findTestObject("KeatMun/Form 7_default/OTC_Submit Form 7_Section F-G-H/Page_PERKESO/G2. Hubungan dengan OB-DOB"), "10/01/2019"): Text '10/01/2019' is set on object 'Object Repository/KeatMun/Form 7_default/OTC_Submit Form 7_Section F-G-H/Page_PERKESO/G2. Hubungan dengan OB-DOB'

2019-02-18 16:22:16 - [MESSAGE][PASSED] - Text '10/01/2019' is set on object 'Object Repository/KeatMun/Form 7_default/OTC_Submit Form 7_Section F-G-H/Page_PERKESO/G2. Hubungan dengan OB-DOB'

2019-02-18 16:22:16 - [TEST_STEP][PASSED] - delay(3): Delayed 3 second(s)

2019-02-18 16:22:19 - [MESSAGE][PASSED] - Delayed 3 second(s)

2019-02-18 16:22:19 - [TEST_STEP][PASSED] - click(findTestObject("KeatMun/Form 7_default/OTC_Submit Form 7_Section F-G-H/Page_PERKESO/G2. span_Isteri")): Object: 'Object Repository/KeatMun/Form 7_default/OTC_Submit Form 7_Section F-G-H/Page_PERKESO/G2. span_Isteri' is clicked on

2019-02-18 16:22:21 - [MESSAGE][PASSED] - Object: 'Object Repository/KeatMun/Form 7_default/OTC_Submit Form 7_Section F-G-H/Page_PERKESO/G2. span_Isteri' is clicked on

2019-02-18 16:22:21 - [TEST_STEP][PASSED] - delay(3): Delayed 3 second(s)

2019-02-18 16:22:24 - [MESSAGE][PASSED] - Delayed 3 second(s)

2019-02-18 16:22:24 - [TEST_STEP][PASSED] - click(findTestObject("KeatMun/Form 7_default/OTC_Submit Form 7_Section F-G-H/Page_PERKESO/G2. Bapa")): Object: 'Object Repository/KeatMun/Form 7_default/OTC_Submit Form 7_Section F-G-H/Page_PERKESO/G2. Bapa' is clicked on

2019-02-18 16:22:27 - [MESSAGE][PASSED] - Object: 'Object Repository/KeatMun/Form 7_default/OTC_Submit Form 7_Section F-G-H/Page_PERKESO/G2. Bapa' is clicked on

2019-02-18 16:22:27 - [TEST_STEP][PASSED] - delay(3): Delayed 3 second(s)

2019-02-18 16:22:30 - [MESSAGE][PASSED] - Delayed 3 second(s)

2019-02-18 16:22:30 - [TEST_STEP][PASSED] - click(findTestObject("KeatMun/Form 7_default/OTC_Submit Form 7_Section F-G-H/Page_PERKESO/G3. Halaman Seterusnya")): Object: 'Object Repository/KeatMun/Form 7_default/OTC_Submit Form 7_Section F-G-H/Page_PERKESO/G3. Halaman Seterusnya' is clicked on

2019-02-18 16:22:32 - [MESSAGE][PASSED] - Object: 'Object Repository/KeatMun/Form 7_default/OTC_Submit Form 7_Section F-G-H/Page_PERKESO/G3. Halaman Seterusnya' is clicked on

2019-02-18 16:22:32 - [TEST_STEP][PASSED] - delay(5): Delayed 5 second(s)

2019-02-18 16:22:37 - [MESSAGE][PASSED] - Delayed 5 second(s)

2019-02-18 16:22:37 - [TEST_STEP][PASSED] - click(findTestObject("KeatMun/Form 7_default/OTC_Submit Form 7_Section F-G-H/Page_PERKESO/H1. declAckInfoInd")): Object: 'Object Repository/KeatMun/Form 7_default/OTC_Submit Form 7_Section F-G-H/Page_PERKESO/H1. declAckInfoInd' is clicked on

2019-02-18 16:22:39 - [MESSAGE][PASSED] - Object: 'Object Repository/KeatMun/Form 7_default/OTC_Submit Form 7_Section F-G-H/Page_PERKESO/H1. declAckInfoInd' is clicked on

2019-02-18 16:22:39 - [TEST_STEP][PASSED] - delay(2): Delayed 2 second(s)

2019-02-18 16:22:41 - [MESSAGE][PASSED] - Delayed 2 second(s)

2019-02-18 16:22:41 - [TEST_STEP][PASSED] - click(findTestObject("KeatMun/Form 7_default/OTC_Submit Form 7_Section F-G-H/Page_PERKESO/H2. declAckRepayInd")): Object: 'Object Repository/KeatMun/Form 7_default/OTC_Submit Form 7_Section F-G-H/Page_PERKESO/H2. declAckRepayInd' is clicked on

2019-02-18 16:22:43 - [MESSAGE][PASSED] - Object: 'Object Repository/KeatMun/Form 7_default/OTC_Submit Form 7_Section F-G-H/Page_PERKESO/H2. declAckRepayInd' is clicked on

2019-02-18 16:22:43 - [TEST_STEP][PASSED] - delay(2): Delayed 2 second(s)

2019-02-18 16:22:45 - [MESSAGE][PASSED] - Delayed 2 second(s)

2019-02-18 16:22:45 - [TEST_STEP][PASSED] - click(findTestObject("KeatMun/Form 7_default/OTC_Submit Form 7_Section F-G-H/Page_PERKESO/H3. declAckLegalInd")): Object: 'Object Repository/KeatMun/Form 7_default/OTC_Submit Form 7_Section F-G-H/Page_PERKESO/H3. declAckLegalInd' is clicked on

2019-02-18 16:22:47 - [MESSAGE][PASSED] - Object: 'Object Repository/KeatMun/Form 7_default/OTC_Submit Form 7_Section F-G-H/Page_PERKESO/H3. declAckLegalInd' is clicked on

2019-02-18 16:22:47 - [TEST_STEP][PASSED] - delay(2): Delayed 2 second(s)

2019-02-18 16:22:49 - [MESSAGE][PASSED] - Delayed 2 second(s)

2019-02-18 16:22:49 - [TEST_STEP][PASSED] - click(findTestObject("KeatMun/Form 7_default/OTC_Submit Form 7_Section F-G-H/Page_PERKESO/i1. mandatory_document1")): Object: 'Object Repository/KeatMun/Form 7_default/OTC_Submit Form 7_Section F-G-H/Page_PERKESO/i1. mandatory_document1' is clicked on

2019-02-18 16:22:51 - [MESSAGE][PASSED] - Object: 'Object Repository/KeatMun/Form 7_default/OTC_Submit Form 7_Section F-G-H/Page_PERKESO/i1. mandatory_document1' is clicked on

2019-02-18 16:22:51 - [TEST_STEP][PASSED] - delay(3): Delayed 3 second(s)

2019-02-18 16:22:54 - [MESSAGE][PASSED] - Delayed 3 second(s)

2019-02-18 16:22:54 - [TEST_STEP][PASSED] - sendKeys(findTestObject("KeatMun/Form 7_default/OTC_Submit Form 7_Section F-G-H/Page_PERKESO/i1.--Sila Pilih--_singleFil"), TextFilePathCommon + "\UploadDoc.txt"): Keys 'C:\Users\Admin\Documents\GitHub\PKSKatalon\PKS-EI-ES\Common Zone\UploadDoc.txt' sent to object: 'Object Repository/KeatMun/Form 7_default/OTC_Submit Form 7_Section F-G-H/Page_PERKESO/i1.--Sila Pilih--_singleFil'

2019-02-18 16:22:56 - [MESSAGE][PASSED] - Keys 'C:\Users\Admin\Documents\GitHub\PKSKatalon\PKS-EI-ES\Common Zone\UploadDoc.txt' sent to object: 'Object Repository/KeatMun/Form 7_default/OTC_Submit Form 7_Section F-G-H/Page_PERKESO/i1.--Sila Pilih--_singleFil'

2019-02-18 16:22:56 - [TEST_STEP][PASSED] - delay(3): Delayed 3 second(s)

2019-02-18 16:22:59 - [MESSAGE][PASSED] - Delayed 3 second(s)

2019-02-18 16:22:59 - [TEST_STEP][PASSED] - click(findTestObject("KeatMun/Form 7_default/OTC_Submit Form 7_Section F-G-H/Page_PERKESO/i1.Add - Tambah Dokumen (1)")): Object: 'Object Repository/KeatMun/Form 7_default/OTC_Submit Form 7_Section F-G-H/Page_PERKESO/i1.Add - Tambah Dokumen (1)' is clicked on

2019-02-18 16:23:02 - [MESSAGE][PASSED] - Object: 'Object Repository/KeatMun/Form 7_default/OTC_Submit Form 7_Section F-G-H/Page_PERKESO/i1.Add - Tambah Dokumen (1)' is clicked on

2019-02-18 16:23:02 - [TEST_STEP][PASSED] - delay(3): Delayed 3 second(s)

2019-02-18 16:23:05 - [MESSAGE][PASSED] - Delayed 3 second(s)

2019-02-18 16:23:05 - [TEST_STEP][PASSED] - acceptAlert(): Alert accepted

2019-02-18 16:23:07 - [MESSAGE][PASSED] - Alert accepted

2019-02-18 16:23:07 - [TEST_STEP][PASSED] - delay(3): Delayed 3 second(s)

2019-02-18 16:23:10 - [MESSAGE][PASSED] - Delayed 3 second(s)

2019-02-18 16:23:10 - [TEST_STEP][PASSED] - click(findTestObject("KeatMun/Form 7_default/OTC_Submit Form 7_Section F-G-H/Page_PERKESO/i2. mandatory_document2")): Object: 'Object Repository/KeatMun/Form 7_default/OTC_Submit Form 7_Section F-G-H/Page_PERKESO/i2. mandatory_document2' is clicked on

2019-02-18 16:23:12 - [MESSAGE][PASSED] - Object: 'Object Repository/KeatMun/Form 7_default/OTC_Submit Form 7_Section F-G-H/Page_PERKESO/i2. mandatory_document2' is clicked on

2019-02-18 16:23:12 - [TEST_STEP][PASSED] - delay(3): Delayed 3 second(s)

2019-02-18 16:23:15 - [MESSAGE][PASSED] - Delayed 3 second(s)

2019-02-18 16:23:15 - [TEST_STEP][PASSED] - click(findTestObject("KeatMun/Form 7_default/OTC_Submit Form 7_Section F-G-H/Page_PERKESO/i2. input_Ya_optradio")): Object: 'Object Repository/KeatMun/Form 7_default/OTC_Submit Form 7_Section F-G-H/Page_PERKESO/i2. input_Ya_optradio' is clicked on

2019-02-18 16:23:17 - [MESSAGE][PASSED] - Object: 'Object Repository/KeatMun/Form 7_default/OTC_Submit Form 7_Section F-G-H/Page_PERKESO/i2. input_Ya_optradio' is clicked on

2019-02-18 16:23:17 - [TEST_STEP][PASSED] - delay(3): Delayed 3 second(s)

2019-02-18 16:23:20 - [MESSAGE][PASSED] - Delayed 3 second(s)

2019-02-18 16:23:20 - [TEST_STEP][PASSED] - sendKeys(findTestObject("KeatMun/Form 7_default/OTC_Submit Form 7_Section F-G-H/Page_PERKESO/i1.--Sila Pilih--_singleFil"), TextFilePathCommon + "\UploadDoc.txt"): Keys 'C:\Users\Admin\Documents\GitHub\PKSKatalon\PKS-EI-ES\Common Zone\UploadDoc.txt' sent to object: 'Object Repository/KeatMun/Form 7_default/OTC_Submit Form 7_Section F-G-H/Page_PERKESO/i1.--Sila Pilih--_singleFil'

2019-02-18 16:23:22 - [MESSAGE][PASSED] - Keys 'C:\Users\Admin\Documents\GitHub\PKSKatalon\PKS-EI-ES\Common Zone\UploadDoc.txt' sent to object: 'Object Repository/KeatMun/Form 7_default/OTC_Submit Form 7_Section F-G-H/Page_PERKESO/i1.--Sila Pilih--_singleFil'

2019-02-18 16:23:22 - [TEST_STEP][PASSED] - delay(3): Delayed 3 second(s)

2019-02-18 16:23:25 - [MESSAGE][PASSED] - Delayed 3 second(s)

2019-02-18 16:23:25 - [TEST_STEP][PASSED] - click(findTestObject("KeatMun/Form 7_default/OTC_Submit Form 7_Section F-G-H/Page_PERKESO/i2. button_Tambah Dokumen")): Object: 'Object Repository/KeatMun/Form 7_default/OTC_Submit Form 7_Section F-G-H/Page_PERKESO/i2. button_Tambah Dokumen' is clicked on

2019-02-18 16:23:27 - [MESSAGE][PASSED] - Object: 'Object Repository/KeatMun/Form 7_default/OTC_Submit Form 7_Section F-G-H/Page_PERKESO/i2. button_Tambah Dokumen' is clicked on

2019-02-18 16:23:27 - [TEST_STEP][PASSED] - delay(3): Delayed 3 second(s)

2019-02-18 16:23:30 - [MESSAGE][PASSED] - Delayed 3 second(s)

2019-02-18 16:23:30 - [TEST_STEP][PASSED] - acceptAlert(): Alert accepted

2019-02-18 16:23:32 - [MESSAGE][PASSED] - Alert accepted

2019-02-18 16:23:32 - [TEST_STEP][PASSED] - delay(3): Delayed 3 second(s)

2019-02-18 16:23:35 - [MESSAGE][PASSED] - Delayed 3 second(s)

2019-02-18 16:23:35 - [TEST_STEP][PASSED] - click(findTestObject("KeatMun/Form 7_default/OTC_Submit Form 7_Section F-G-H/Page_PERKESO/i3. mandatory_document3")): Object: 'Object Repository/KeatMun/Form 7_default/OTC_Submit Form 7_Section F-G-H/Page_PERKESO/i3. mandatory_document3' is clicked on

2019-02-18 16:23:37 - [MESSAGE][PASSED] - Object: 'Object Repository/KeatMun/Form 7_default/OTC_Submit Form 7_Section F-G-H/Page_PERKESO/i3. mandatory_document3' is clicked on

2019-02-18 16:23:37 - [TEST_STEP][PASSED] - delay(3): Delayed 3 second(s)

2019-02-18 16:23:40 - [MESSAGE][PASSED] - Delayed 3 second(s)

2019-02-18 16:23:40 - [TEST_STEP][PASSED] - click(findTestObject("KeatMun/Form 7_default/OTC_Submit Form 7_Section F-G-H/Page_PERKESO/i2. input_Ya_optradio")): Object: 'Object Repository/KeatMun/Form 7_default/OTC_Submit Form 7_Section F-G-H/Page_PERKESO/i2. input_Ya_optradio' is clicked on

2019-02-18 16:23:42 - [MESSAGE][PASSED] - Object: 'Object Repository/KeatMun/Form 7_default/OTC_Submit Form 7_Section F-G-H/Page_PERKESO/i2. input_Ya_optradio' is clicked on

2019-02-18 16:23:42 - [TEST_STEP][PASSED] - delay(3): Delayed 3 second(s)

2019-02-18 16:23:45 - [MESSAGE][PASSED] - Delayed 3 second(s)

2019-02-18 16:23:45 - [TEST_STEP][PASSED] - sendKeys(findTestObject("KeatMun/Form 7_default/OTC_Submit Form 7_Section F-G-H/Page_PERKESO/i1.--Sila Pilih--_singleFil"), TextFilePathCommon + "\UploadDoc.txt"): Keys 'C:\Users\Admin\Documents\GitHub\PKSKatalon\PKS-EI-ES\Common Zone\UploadDoc.txt' sent to object: 'Object Repository/KeatMun/Form 7_default/OTC_Submit Form 7_Section F-G-H/Page_PERKESO/i1.--Sila Pilih--_singleFil'

2019-02-18 16:23:47 - [MESSAGE][PASSED] - Keys 'C:\Users\Admin\Documents\GitHub\PKSKatalon\PKS-EI-ES\Common Zone\UploadDoc.txt' sent to object: 'Object Repository/KeatMun/Form 7_default/OTC_Submit Form 7_Section F-G-H/Page_PERKESO/i1.--Sila Pilih--_singleFil'

2019-02-18 16:23:47 - [TEST_STEP][PASSED] - delay(3): Delayed 3 second(s)

2019-02-18 16:23:50 - [MESSAGE][PASSED] - Delayed 3 second(s)

2019-02-18 16:23:50 - [TEST_STEP][PASSED] - click(findTestObject("KeatMun/Form 7_default/OTC_Submit Form 7_Section F-G-H/Page_PERKESO/i2. button_Tambah Dokumen")): Object: 'Object Repository/KeatMun/Form 7_default/OTC_Submit Form 7_Section F-G-H/Page_PERKESO/i2. button_Tambah Dokumen' is clicked on

2019-02-18 16:23:52 - [MESSAGE][PASSED] - Object: 'Object Repository/KeatMun/Form 7_default/OTC_Submit Form 7_Section F-G-H/Page_PERKESO/i2. button_Tambah Dokumen' is clicked on

2019-02-18 16:23:52 - [TEST_STEP][PASSED] - delay(3): Delayed 3 second(s)

2019-02-18 16:23:55 - [MESSAGE][PASSED] - Delayed 3 second(s)

2019-02-18 16:23:55 - [TEST_STEP][PASSED] - acceptAlert(): Alert accepted

2019-02-18 16:23:57 - [MESSAGE][PASSED] - Alert accepted

2019-02-18 16:23:57 - [TEST_STEP][PASSED] - delay(3): Delayed 3 second(s)

2019-02-18 16:24:00 - [MESSAGE][PASSED] - Delayed 3 second(s)

2019-02-18 16:24:00 - [TEST_STEP][PASSED] - click(findTestObject("KeatMun/Form 7_default/OTC_Submit Form 7_Section F-G-H/Page_PERKESO/i4. mandatory_document4")): Object: 'Object Repository/KeatMun/Form 7_default/OTC_Submit Form 7_Section F-G-H/Page_PERKESO/i4. mandatory_document4' is clicked on

2019-02-18 16:24:03 - [MESSAGE][PASSED] - Object: 'Object Repository/KeatMun/Form 7_default/OTC_Submit Form 7_Section F-G-H/Page_PERKESO/i4. mandatory_document4' is clicked on

2019-02-18 16:24:03 - [TEST_STEP][PASSED] - delay(3): Delayed 3 second(s)

2019-02-18 16:24:06 - [MESSAGE][PASSED] - Delayed 3 second(s)

2019-02-18 16:24:06 - [TEST_STEP][PASSED] - click(findTestObject("KeatMun/Form 7_default/OTC_Submit Form 7_Section F-G-H/Page_PERKESO/i4. _Ya_optradio")): Object: 'Object Repository/KeatMun/Form 7_default/OTC_Submit Form 7_Section F-G-H/Page_PERKESO/i4. _Ya_optradio' is clicked on

2019-02-18 16:24:08 - [MESSAGE][PASSED] - Object: 'Object Repository/KeatMun/Form 7_default/OTC_Submit Form 7_Section F-G-H/Page_PERKESO/i4. _Ya_optradio' is clicked on

2019-02-18 16:24:08 - [TEST_STEP][PASSED] - delay(3): Delayed 3 second(s)

2019-02-18 16:24:11 - [MESSAGE][PASSED] - Delayed 3 second(s)

2019-02-18 16:24:11 - [TEST_STEP][PASSED] - sendKeys(findTestObject("KeatMun/Form 7_default/OTC_Submit Form 7_Section F-G-H/Page_PERKESO/i1.--Sila Pilih--_singleFil"), TextFilePathCommon + "\UploadDoc.txt"): Keys 'C:\Users\Admin\Documents\GitHub\PKSKatalon\PKS-EI-ES\Common Zone\UploadDoc.txt' sent to object: 'Object Repository/KeatMun/Form 7_default/OTC_Submit Form 7_Section F-G-H/Page_PERKESO/i1.--Sila Pilih--_singleFil'

2019-02-18 16:24:13 - [MESSAGE][PASSED] - Keys 'C:\Users\Admin\Documents\GitHub\PKSKatalon\PKS-EI-ES\Common Zone\UploadDoc.txt' sent to object: 'Object Repository/KeatMun/Form 7_default/OTC_Submit Form 7_Section F-G-H/Page_PERKESO/i1.--Sila Pilih--_singleFil'

2019-02-18 16:24:13 - [TEST_STEP][PASSED] - delay(3): Delayed 3 second(s)

2019-02-18 16:24:16 - [MESSAGE][PASSED] - Delayed 3 second(s)

2019-02-18 16:24:16 - [TEST_STEP][PASSED] - click(findTestObject("KeatMun/Form 7_default/OTC_Submit Form 7_Section F-G-H/Page_PERKESO/i2. button_Tambah Dokumen")): Object: 'Object Repository/KeatMun/Form 7_default/OTC_Submit Form 7_Section F-G-H/Page_PERKESO/i2. button_Tambah Dokumen' is clicked on

2019-02-18 16:24:18 - [MESSAGE][PASSED] - Object: 'Object Repository/KeatMun/Form 7_default/OTC_Submit Form 7_Section F-G-H/Page_PERKESO/i2. button_Tambah Dokumen' is clicked on

2019-02-18 16:24:18 - [TEST_STEP][PASSED] - delay(3): Delayed 3 second(s)

2019-02-18 16:24:21 - [MESSAGE][PASSED] - Delayed 3 second(s)

2019-02-18 16:24:21 - [TEST_STEP][PASSED] - acceptAlert(): Alert accepted

2019-02-18 16:24:23 - [MESSAGE][PASSED] - Alert accepted

2019-02-18 16:24:23 - [TEST_STEP][PASSED] - delay(3): Delayed 3 second(s)

2019-02-18 16:24:26 - [MESSAGE][PASSED] - Delayed 3 second(s)

2019-02-18 16:24:26 - [TEST_STEP][PASSED] - click(findTestObject("KeatMun/Form 7_default/OTC_Submit Form 7_Section F-G-H/Page_PERKESO/button_Hantar")): Object: 'Object Repository/KeatMun/Form 7_default/OTC_Submit Form 7_Section F-G-H/Page_PERKESO/button_Hantar' is clicked on

2019-02-18 16:24:28 - [MESSAGE][PASSED] - Object: 'Object Repository/KeatMun/Form 7_default/OTC_Submit Form 7_Section F-G-H/Page_PERKESO/button_Hantar' is clicked on

2019-02-18 16:24:28 - [TEST_STEP][PASSED] - delay(3): Delayed 3 second(s)

2019-02-18 16:24:31 - [MESSAGE][PASSED] - Delayed 3 second(s)

2019-02-18 16:24:31 - [TEST_STEP][PASSED] - UserName = getText(findTestObject("KeatMun/Form 7_default/OTC_Submit Form 7_Section F-G-H/Page_PERKESO/strong_FAST2")): Text of object 'Object Repository/KeatMun/Form 7_default/OTC_Submit Form 7_Section F-G-H/Page_PERKESO/strong_FAST2' is: 'GG36'

2019-02-18 16:24:33 - [MESSAGE][PASSED] - Text of object 'Object Repository/KeatMun/Form 7_default/OTC_Submit Form 7_Section F-G-H/Page_PERKESO/strong_FAST2' is: 'GG36'

2019-02-18 16:24:33 - [TEST_STEP][PASSED] - callTestCase(findTestCase("All TC/Arranged/1. Common/1.2 Setter/Setter UserName"), [:], STOP_ON_FAILURE): Call Test Case 'Test Cases/All TC/Arranged/1. Common/1.2 Setter/Setter UserName' successfully

2019-02-18 16:24:33 - [TEST_CASE][PASSED] - Test Cases/All TC/Arranged/1. Common/1.2 Setter/Setter UserName: Test Cases/All TC/Arranged/1. Common/1.2 Setter/Setter UserName

2019-02-18 16:24:34 - [TEST_STEP][PASSED] - RefNoOldFile = new java.io.File((internal.GlobalVariable.TextFilePathCommon + \getUser.txt)): null

2019-02-18 16:24:34 - [TEST_STEP][PASSED] - RefNoOldFile.delete(): null

2019-02-18 16:24:34 - [TEST_STEP][PASSED] - delay(5): Delayed 5 second(s)

2019-02-18 16:24:39 - [MESSAGE][PASSED] - Delayed 5 second(s)

2019-02-18 16:24:39 - [TEST_STEP][PASSED] - RefNo = new java.io.File((internal.GlobalVariable.TextFilePathCommon + \getUser.txt)): null

2019-02-18 16:24:39 - [TEST_STEP][PASSED] - f2 = new java.io.FileWriter(RefNo, false): null

2019-02-18 16:24:39 - [TEST_STEP][PASSED] - f2.write(UserName): null

2019-02-18 16:24:39 - [TEST_STEP][PASSED] - f2.close(): null

2019-02-18 16:24:39 - [TEST_STEP][PASSED] - out.println("


" + UserName + "


"): null

2019-02-18 16:24:39 - [MESSAGE][PASSED] - Call Test Case 'Test Cases/All TC/Arranged/1. Common/1.2 Setter/Setter UserName' successfully

2019-02-18 16:24:39 - [TEST_STEP][PASSED] - IC = getText(findTestObject("KeatMun/Form 7_default/OTC_Submit Form 7_Section F-G-H/Page_PERKESO/strong_950000140051")): Text of object 'Object Repository/KeatMun/Form 7_default/OTC_Submit Form 7_Section F-G-H/Page_PERKESO/strong_950000140051' is: '950000140036'

2019-02-18 16:24:41 - [MESSAGE][PASSED] - Text of object 'Object Repository/KeatMun/Form 7_default/OTC_Submit Form 7_Section F-G-H/Page_PERKESO/strong_950000140051' is: '950000140036'

2019-02-18 16:24:41 - [TEST_STEP][PASSED] - callTestCase(findTestCase("All TC/Arranged/1. Common/1.2 Setter/Setter IC"), [:], STOP_ON_FAILURE): Call Test Case 'Test Cases/All TC/Arranged/1. Common/1.2 Setter/Setter IC' successfully

2019-02-18 16:24:41 - [TEST_CASE][PASSED] - Test Cases/All TC/Arranged/1. Common/1.2 Setter/Setter IC: Test Cases/All TC/Arranged/1. Common/1.2 Setter/Setter IC

2019-02-18 16:24:41 - [TEST_STEP][PASSED] - RefNoOldFile = new java.io.File((internal.GlobalVariable.TextFilePathCommon + \getIC.txt)): null

2019-02-18 16:24:41 - [TEST_STEP][PASSED] - RefNoOldFile.delete(): null

2019-02-18 16:24:41 - [TEST_STEP][PASSED] - delay(5): Delayed 5 second(s)

2019-02-18 16:24:46 - [MESSAGE][PASSED] - Delayed 5 second(s)

2019-02-18 16:24:46 - [TEST_STEP][PASSED] - RefNo = new java.io.File((internal.GlobalVariable.TextFilePathCommon + \getIC.txt)): null

2019-02-18 16:24:46 - [TEST_STEP][PASSED] - f2 = new java.io.FileWriter(RefNo, false): null

2019-02-18 16:24:46 - [TEST_STEP][PASSED] - f2.write(IC): null

2019-02-18 16:24:46 - [TEST_STEP][PASSED] - f2.close(): null

2019-02-18 16:24:46 - [TEST_STEP][PASSED] - out.println("


" + IC + "


"): null

2019-02-18 16:24:46 - [MESSAGE][PASSED] - Call Test Case 'Test Cases/All TC/Arranged/1. Common/1.2 Setter/Setter IC' successfully

2019-02-18 16:24:46 - [TEST_STEP][PASSED] - CaseID = getText(findTestObject("KeatMun/Form 7_default/OTC_Submit Form 7_Section F-G-H/Page_PERKESO/strong_SIPE1119070000004")): Text of object 'Object Repository/KeatMun/Form 7_default/OTC_Submit Form 7_Section F-G-H/Page_PERKESO/strong_SIPE1119070000004' is: 'SIPE1119070000016'

2019-02-18 16:24:48 - [MESSAGE][PASSED] - Text of object 'Object Repository/KeatMun/Form 7_default/OTC_Submit Form 7_Section F-G-H/Page_PERKESO/strong_SIPE1119070000004' is: 'SIPE1119070000016'

2019-02-18 16:24:48 - [TEST_STEP][PASSED] - callTestCase(findTestCase("All TC/Arranged/1. Common/1.2 Setter/Setter Case ID"), [:], STOP_ON_FAILURE): Call Test Case 'Test Cases/All TC/Arranged/1. Common/1.2 Setter/Setter Case ID' successfully

2019-02-18 16:24:48 - [TEST_CASE][PASSED] - Test Cases/All TC/Arranged/1. Common/1.2 Setter/Setter Case ID: Test Cases/All TC/Arranged/1. Common/1.2 Setter/Setter Case ID

2019-02-18 16:24:48 - [TEST_STEP][PASSED] - RefNoOldFile = new java.io.File((internal.GlobalVariable.TextFilePathCommon + \getCaseID.txt)): null

2019-02-18 16:24:48 - [TEST_STEP][PASSED] - RefNoOldFile.delete(): null

2019-02-18 16:24:48 - [TEST_STEP][PASSED] - delay(5): Delayed 5 second(s)

2019-02-18 16:24:53 - [MESSAGE][PASSED] - Delayed 5 second(s)

2019-02-18 16:24:53 - [TEST_STEP][PASSED] - RefNo = new java.io.File((internal.GlobalVariable.TextFilePathCommon + \getCaseID.txt)): null

2019-02-18 16:24:53 - [TEST_STEP][PASSED] - f2 = new java.io.FileWriter(RefNo, false): null

2019-02-18 16:24:53 - [TEST_STEP][PASSED] - f2.write(CaseID): null

2019-02-18 16:24:53 - [TEST_STEP][PASSED] - f2.close(): null

2019-02-18 16:24:53 - [TEST_STEP][PASSED] - out.println("


" + CaseID + "


"): null

2019-02-18 16:24:53 - [MESSAGE][PASSED] - Call Test Case 'Test Cases/All TC/Arranged/1. Common/1.2 Setter/Setter Case ID' successfully

2019-02-18 16:24:53 - [TEST_STEP][PASSED] - Password = getText(findTestObject("KeatMun/Form 7_default/OTC_Submit Form 7_Section F-G-H/Page_PERKESO/strong_OOPQe0i4")): Text of object 'Object Repository/KeatMun/Form 7_default/OTC_Submit Form 7_Section F-G-H/Page_PERKESO/strong_OOPQe0i4' is: 'DwR2ur6c'

2019-02-18 16:24:55 - [MESSAGE][PASSED] - Text of object 'Object Repository/KeatMun/Form 7_default/OTC_Submit Form 7_Section F-G-H/Page_PERKESO/strong_OOPQe0i4' is: 'DwR2ur6c'

2019-02-18 16:24:55 - [TEST_STEP][PASSED] - callTestCase(findTestCase("All TC/Arranged/1. Common/1.2 Setter/Setter Password"), [:], STOP_ON_FAILURE): Call Test Case 'Test Cases/All TC/Arranged/1. Common/1.2 Setter/Setter Password' successfully

2019-02-18 16:24:56 - [TEST_CASE][PASSED] - Test Cases/All TC/Arranged/1. Common/1.2 Setter/Setter Password: Test Cases/All TC/Arranged/1. Common/1.2 Setter/Setter Password

2019-02-18 16:24:56 - [TEST_STEP][PASSED] - RefNoOldFile = new java.io.File((internal.GlobalVariable.TextFilePathCommon + \getPassword.txt)): null

2019-02-18 16:24:56 - [TEST_STEP][PASSED] - RefNoOldFile.delete(): null

2019-02-18 16:24:56 - [TEST_STEP][PASSED] - delay(5): Delayed 5 second(s)

2019-02-18 16:25:01 - [MESSAGE][PASSED] - Delayed 5 second(s)

2019-02-18 16:25:01 - [TEST_STEP][PASSED] - RefNo = new java.io.File((internal.GlobalVariable.TextFilePathCommon + \getPassword.txt)): null

2019-02-18 16:25:01 - [TEST_STEP][PASSED] - f2 = new java.io.FileWriter(RefNo, false): null

2019-02-18 16:25:01 - [TEST_STEP][PASSED] - f2.write(Password): null

2019-02-18 16:25:01 - [TEST_STEP][PASSED] - f2.close(): null

2019-02-18 16:25:01 - [TEST_STEP][PASSED] - out.println("


" + Password + "


"): null

2019-02-18 16:25:01 - [MESSAGE][PASSED] - Call Test Case 'Test Cases/All TC/Arranged/1. Common/1.2 Setter/Setter Password' successfully

2019-02-18 16:25:01 - [MESSAGE][PASSED] - Call Test Case 'Test Cases/All TC/Arranged/3. Unit/EI/Form 7_default/OTC_Submit Form 7_Section F-G-H - Cheque' successfully

2019-02-18 16:25:01 - [MESSAGE][PASSED] - Call Test Case 'Test Cases/All TC/Arranged/2. Segment/OTC_Submit Form 7_End to End - Cheque' successfully

2019-02-18 16:25:01 - [TEST_STEP][FAILED] - callTestCase(findTestCase("All TC/Arranged/2. Segment/2.2 Check Status/Check Status - Case ID"), [:], STOP_ON_FAILURE): callTestCase(findTestCase("All TC/Arranged/2. Segment/2.2 Check Status/Check Status - Case ID"), [:], STOP_ON_FAILURE) FAILED.
Reason:
com.kms.katalon.core.exception.StepFailedException: Unable to click on object 'Object Repository/KinJun/2.0 Check Status/Check Status - Case ID/Page_PERKESO/Click Username' (Root cause: com.kms.katalon.core.webui.exception.WebElementNotFoundException: Web element with id: 'Object Repository/KinJun/2.0 Check Status/Check Status - Case ID/Page_PERKESO/Click Username' located by 'By.xpath: id("bg2")/header[1]/div[@class="container-fluid"]/div[@class="row"]/div[@class="col-md-2"]/ul[@class="nav navbar-nav navbar-right"]/li[@class="dropdown"]/a[@class="dropdown-toggle"][count(. | //a[@href = '#']) = count(//a[@href = '#'])]' not found)
	at com.kms.katalon.core.keyword.internal.KeywordMain.stepFailed(KeywordMain.groovy:36)
	at com.kms.katalon.core.webui.keyword.internal.WebUIKeywordMain.stepFailed(WebUIKeywordMain.groovy:65)
	at com.kms.katalon.core.webui.keyword.internal.WebUIKeywordMain.runKeyword(WebUIKeywordMain.groovy:27)
	at com.kms.katalon.core.webui.keyword.builtin.ClickKeyword.click(ClickKeyword.groovy:86)
	at com.kms.katalon.core.webui.keyword.builtin.ClickKeyword.execute(ClickKeyword.groovy:67)
	at com.kms.katalon.core.keyword.internal.KeywordExecutor.executeKeywordForPlatform(KeywordExecutor.groovy:53)
	at com.kms.katalon.core.webui.keyword.WebUiBuiltInKeywords.click(WebUiBuiltInKeywords.groovy:616)
	at com.kms.katalon.core.webui.keyword.WebUiBuiltInKeywords$click$3.call(Unknown Source)
	at Check Status - Case ID.run(Check Status - Case ID:43)
	at com.kms.katalon.core.main.ScriptEngine.run(ScriptEngine.java:194)
	at com.kms.katalon.core.main.ScriptEngine.runScriptAsRawText(ScriptEngine.java:119)
	at com.kms.katalon.core.main.TestCaseExecutor.runScript(TestCaseExecutor.java:328)
	at com.kms.katalon.core.main.TestCaseExecutor.doExecute(TestCaseExecutor.java:319)
	at com.kms.katalon.core.main.TestCaseExecutor.processExecutionPhase(TestCaseExecutor.java:298)
	at com.kms.katalon.core.main.TestCaseExecutor.accessMainPhase(TestCaseExecutor.java:290)
	at com.kms.katalon.core.main.TestCaseExecutor.execute(TestCaseExecutor.java:224)
	at com.kms.katalon.core.main.TestCaseMain.runTestCase(TestCaseMain.java:106)
	at com.kms.katalon.core.keyword.builtin.CallTestCaseKeyword$_callTestCase_closure1.doCall(CallTestCaseKeyword.groovy:59)
	at com.kms.katalon.core.keyword.builtin.CallTestCaseKeyword$_callTestCase_closure1.call(CallTestCaseKeyword.groovy)
	at com.kms.katalon.core.keyword.internal.KeywordMain.runKeyword(KeywordMain.groovy:54)
	at com.kms.katalon.core.keyword.builtin.CallTestCaseKeyword.callTestCase(CallTestCaseKeyword.groovy:80)
	at com.kms.katalon.core.keyword.builtin.CallTestCaseKeyword.execute(CallTestCaseKeyword.groovy:44)
	at com.kms.katalon.core.keyword.internal.KeywordExecutor.executeKeywordForPlatform(KeywordExecutor.groovy:53)
	at com.kms.katalon.core.keyword.BuiltinKeywords.callTestCase(BuiltinKeywords.groovy:334)
	at Reject Claim - RIA.run(Reject Claim - RIA:18)
	at com.kms.katalon.core.main.ScriptEngine.run(ScriptEngine.java:194)
	at com.kms.katalon.core.main.ScriptEngine.runScriptAsRawText(ScriptEngine.java:119)
	at com.kms.katalon.core.main.TestCaseExecutor.runScript(TestCaseExecutor.java:328)
	at com.kms.katalon.core.main.TestCaseExecutor.doExecute(TestCaseExecutor.java:319)
	at com.kms.katalon.core.main.TestCaseExecutor.processExecutionPhase(TestCaseExecutor.java:298)
	at com.kms.katalon.core.main.TestCaseExecutor.accessMainPhase(TestCaseExecutor.java:290)
	at com.kms.katalon.core.main.TestCaseExecutor.execute(TestCaseExecutor.java:224)
	at com.kms.katalon.core.main.TestSuiteExecutor.accessTestCaseMainPhase(TestSuiteExecutor.java:129)
	at com.kms.katalon.core.main.TestSuiteExecutor.accessTestSuiteMainPhase(TestSuiteExecutor.java:112)
	at com.kms.katalon.core.main.TestSuiteExecutor.execute(TestSuiteExecutor.java:81)
	at com.kms.katalon.core.main.TestCaseMain.startTestSuite(TestCaseMain.java:149)
	at com.kms.katalon.core.main.TestCaseMain$startTestSuite$0.call(Unknown Source)
	at TempTestSuite1550476757023.run(TempTestSuite1550476757023.groovy:36)


2019-02-18 16:25:01 - [TEST_CASE][FAILED] - Test Cases/All TC/Arranged/2. Segment/2.2 Check Status/Check Status - Case ID: Test Cases/All TC/Arranged/2. Segment/2.2 Check Status/Check Status - Case ID FAILED.
Reason:
com.kms.katalon.core.exception.StepFailedException: Unable to click on object 'Object Repository/KinJun/2.0 Check Status/Check Status - Case ID/Page_PERKESO/Click Username' (Root cause: com.kms.katalon.core.webui.exception.WebElementNotFoundException: Web element with id: 'Object Repository/KinJun/2.0 Check Status/Check Status - Case ID/Page_PERKESO/Click Username' located by 'By.xpath: id("bg2")/header[1]/div[@class="container-fluid"]/div[@class="row"]/div[@class="col-md-2"]/ul[@class="nav navbar-nav navbar-right"]/li[@class="dropdown"]/a[@class="dropdown-toggle"][count(. | //a[@href = '#']) = count(//a[@href = '#'])]' not found)
	at com.kms.katalon.core.keyword.internal.KeywordMain.stepFailed(KeywordMain.groovy:36)
	at com.kms.katalon.core.webui.keyword.internal.WebUIKeywordMain.stepFailed(WebUIKeywordMain.groovy:65)
	at com.kms.katalon.core.webui.keyword.internal.WebUIKeywordMain.runKeyword(WebUIKeywordMain.groovy:27)
	at com.kms.katalon.core.webui.keyword.builtin.ClickKeyword.click(ClickKeyword.groovy:86)
	at com.kms.katalon.core.webui.keyword.builtin.ClickKeyword.execute(ClickKeyword.groovy:67)
	at com.kms.katalon.core.keyword.internal.KeywordExecutor.executeKeywordForPlatform(KeywordExecutor.groovy:53)
	at com.kms.katalon.core.webui.keyword.WebUiBuiltInKeywords.click(WebUiBuiltInKeywords.groovy:616)
	at com.kms.katalon.core.webui.keyword.WebUiBuiltInKeywords$click$3.call(Unknown Source)
	at Check Status - Case ID.run(Check Status - Case ID:43)
	at com.kms.katalon.core.main.ScriptEngine.run(ScriptEngine.java:194)
	at com.kms.katalon.core.main.ScriptEngine.runScriptAsRawText(ScriptEngine.java:119)
	at com.kms.katalon.core.main.TestCaseExecutor.runScript(TestCaseExecutor.java:328)
	at com.kms.katalon.core.main.TestCaseExecutor.doExecute(TestCaseExecutor.java:319)
	at com.kms.katalon.core.main.TestCaseExecutor.processExecutionPhase(TestCaseExecutor.java:298)
	at com.kms.katalon.core.main.TestCaseExecutor.accessMainPhase(TestCaseExecutor.java:290)
	at com.kms.katalon.core.main.TestCaseExecutor.execute(TestCaseExecutor.java:224)
	at com.kms.katalon.core.main.TestCaseMain.runTestCase(TestCaseMain.java:106)
	at com.kms.katalon.core.keyword.builtin.CallTestCaseKeyword$_callTestCase_closure1.doCall(CallTestCaseKeyword.groovy:59)
	at com.kms.katalon.core.keyword.builtin.CallTestCaseKeyword$_callTestCase_closure1.call(CallTestCaseKeyword.groovy)
	at com.kms.katalon.core.keyword.internal.KeywordMain.runKeyword(KeywordMain.groovy:54)
	at com.kms.katalon.core.keyword.builtin.CallTestCaseKeyword.callTestCase(CallTestCaseKeyword.groovy:80)
	at com.kms.katalon.core.keyword.builtin.CallTestCaseKeyword.execute(CallTestCaseKeyword.groovy:44)
	at com.kms.katalon.core.keyword.internal.KeywordExecutor.executeKeywordForPlatform(KeywordExecutor.groovy:53)
	at com.kms.katalon.core.keyword.BuiltinKeywords.callTestCase(BuiltinKeywords.groovy:334)
	at Reject Claim - RIA.run(Reject Claim - RIA:18)
	at com.kms.katalon.core.main.ScriptEngine.run(ScriptEngine.java:194)
	at com.kms.katalon.core.main.ScriptEngine.runScriptAsRawText(ScriptEngine.java:119)
	at com.kms.katalon.core.main.TestCaseExecutor.runScript(TestCaseExecutor.java:328)
	at com.kms.katalon.core.main.TestCaseExecutor.doExecute(TestCaseExecutor.java:319)
	at com.kms.katalon.core.main.TestCaseExecutor.processExecutionPhase(TestCaseExecutor.java:298)
	at com.kms.katalon.core.main.TestCaseExecutor.accessMainPhase(TestCaseExecutor.java:290)
	at com.kms.katalon.core.main.TestCaseExecutor.execute(TestCaseExecutor.java:224)
	at com.kms.katalon.core.main.TestSuiteExecutor.accessTestCaseMainPhase(TestSuiteExecutor.java:129)
	at com.kms.katalon.core.main.TestSuiteExecutor.accessTestSuiteMainPhase(TestSuiteExecutor.java:112)
	at com.kms.katalon.core.main.TestSuiteExecutor.execute(TestSuiteExecutor.java:81)
	at com.kms.katalon.core.main.TestCaseMain.startTestSuite(TestCaseMain.java:149)
	at com.kms.katalon.core.main.TestCaseMain$startTestSuite$0.call(Unknown Source)
	at TempTestSuite1550476757023.run(TempTestSuite1550476757023.groovy:36)


2019-02-18 16:25:01 - [TEST_STEP][PASSED] - openBrowser(""): Browser is opened with url: ''

2019-02-18 16:25:01 - [MESSAGE][WARNING] - A browser is already opened. Closing browser and opening a new one

2019-02-18 16:25:03 - [MESSAGE][INFO] - Starting 'Chrome' driver

2019-02-18 16:25:03 - [MESSAGE][INFO] - User set preference: ['args', '[--start-maximized]']

2019-02-18 16:25:07 - [MESSAGE][PASSED] - Browser is opened with url: ''

2019-02-18 16:25:07 - [TEST_STEP][PASSED] - navigateToUrl(Internal_Login): Navigate to 'http://10.20.24.188/eisportal/user/login' successfully

2019-02-18 16:25:09 - [MESSAGE][PASSED] - Navigate to 'http://10.20.24.188/eisportal/user/login' successfully

2019-02-18 16:25:09 - [TEST_STEP][PASSED] - setText(findTestObject("KinJun/2.0 Check Status/Check Status - Case ID/Page_PERKESO/Input Username"), "nadia.harun@perkeso.gov.my"): Text 'nadia.harun@perkeso.gov.my' is set on object 'Object Repository/KinJun/2.0 Check Status/Check Status - Case ID/Page_PERKESO/Input Username'

2019-02-18 16:25:13 - [MESSAGE][PASSED] - Text 'nadia.harun@perkeso.gov.my' is set on object 'Object Repository/KinJun/2.0 Check Status/Check Status - Case ID/Page_PERKESO/Input Username'

2019-02-18 16:25:13 - [TEST_STEP][PASSED] - setEncryptedText(findTestObject("KinJun/2.0 Check Status/Check Status - Case ID/Page_PERKESO/Input Password"), "CQqwFZlbeC8="): Text ****** has been set on object 'Object Repository/KinJun/2.0 Check Status/Check Status - Case ID/Page_PERKESO/Input Password'

2019-02-18 16:25:16 - [MESSAGE][PASSED] - Text ****** has been set on object 'Object Repository/KinJun/2.0 Check Status/Check Status - Case ID/Page_PERKESO/Input Password'

2019-02-18 16:25:16 - [TEST_STEP][PASSED] - click(findTestObject("KinJun/2.0 Check Status/Check Status - Case ID/Page_PERKESO/Btn Login")): Object: 'Object Repository/KinJun/2.0 Check Status/Check Status - Case ID/Page_PERKESO/Btn Login' is clicked on

2019-02-18 16:25:20 - [MESSAGE][PASSED] - Object: 'Object Repository/KinJun/2.0 Check Status/Check Status - Case ID/Page_PERKESO/Btn Login' is clicked on

2019-02-18 16:25:20 - [TEST_STEP][PASSED] - delay(3): Delayed 3 second(s)

2019-02-18 16:25:23 - [MESSAGE][PASSED] - Delayed 3 second(s)

2019-02-18 16:25:23 - [TEST_STEP][PASSED] - callTestCase(findTestCase("All TC/Arranged/1. Common/1.1 Getter/Getter IC"), [:], STOP_ON_FAILURE): Call Test Case 'Test Cases/All TC/Arranged/1. Common/1.1 Getter/Getter IC' successfully

2019-02-18 16:25:23 - [TEST_CASE][PASSED] - Test Cases/All TC/Arranged/1. Common/1.1 Getter/Getter IC: Test Cases/All TC/Arranged/1. Common/1.1 Getter/Getter IC

2019-02-18 16:25:23 - [TEST_STEP][PASSED] - try: null

2019-02-18 16:25:23 - [TEST_STEP][PASSED] - RefNo = new java.io.File((internal.GlobalVariable.TextFilePathCommon + \getIC.txt)): null

2019-02-18 16:25:23 - [TEST_STEP][PASSED] - bufferread = new java.io.BufferedReader(new java.io.FileReader(RefNo)): null

2019-02-18 16:25:23 - [TEST_STEP][PASSED] - readedVal = bufferread.readLine(): null

2019-02-18 16:25:23 - [TEST_STEP][PASSED] - out.println(IC): null

2019-02-18 16:25:23 - [TEST_STEP][PASSED] - out.println(readedVal): null

2019-02-18 16:25:23 - [TEST_STEP][PASSED] - IC = "": null

2019-02-18 16:25:23 - [TEST_STEP][PASSED] - IC = readedVal: null

2019-02-18 16:25:23 - [MESSAGE][PASSED] - Call Test Case 'Test Cases/All TC/Arranged/1. Common/1.1 Getter/Getter IC' successfully

2019-02-18 16:25:23 - [TEST_STEP][PASSED] - setText(findTestObject("KinJun/2.0 Check Status/Check Status - Case ID/Page_PERKESO/Input IC"), IC): Text '950000140036' is set on object 'Object Repository/KinJun/2.0 Check Status/Check Status - Case ID/Page_PERKESO/Input IC'

2019-02-18 16:25:27 - [MESSAGE][PASSED] - Text '950000140036' is set on object 'Object Repository/KinJun/2.0 Check Status/Check Status - Case ID/Page_PERKESO/Input IC'

2019-02-18 16:25:27 - [TEST_STEP][PASSED] - delay(3): Delayed 3 second(s)

2019-02-18 16:25:30 - [MESSAGE][PASSED] - Delayed 3 second(s)

2019-02-18 16:25:30 - [TEST_STEP][PASSED] - click(findTestObject("KinJun/2.0 Check Status/Check Status - Case ID/Page_PERKESO/Btn Check")): Object: 'Object Repository/KinJun/2.0 Check Status/Check Status - Case ID/Page_PERKESO/Btn Check' is clicked on

2019-02-18 16:25:32 - [MESSAGE][PASSED] - Object: 'Object Repository/KinJun/2.0 Check Status/Check Status - Case ID/Page_PERKESO/Btn Check' is clicked on

2019-02-18 16:25:32 - [TEST_STEP][PASSED] - UserName = getText(findTestObject("KinJun/2.0 Check Status/Check Status - Case ID/Page_PERKESO/TD Username")): Text of object 'Object Repository/KinJun/2.0 Check Status/Check Status - Case ID/Page_PERKESO/TD Username' is: 'Pejabat PERKESO Negeri Johor'

2019-02-18 16:25:34 - [MESSAGE][PASSED] - Text of object 'Object Repository/KinJun/2.0 Check Status/Check Status - Case ID/Page_PERKESO/TD Username' is: 'Pejabat PERKESO Negeri Johor'

2019-02-18 16:25:34 - [TEST_STEP][PASSED] - callTestCase(findTestCase("All TC/Arranged/1. Common/1.2 Setter/Setter UserName"), [:], STOP_ON_FAILURE): Call Test Case 'Test Cases/All TC/Arranged/1. Common/1.2 Setter/Setter UserName' successfully

2019-02-18 16:25:35 - [TEST_CASE][PASSED] - Test Cases/All TC/Arranged/1. Common/1.2 Setter/Setter UserName: Test Cases/All TC/Arranged/1. Common/1.2 Setter/Setter UserName

2019-02-18 16:25:35 - [TEST_STEP][PASSED] - RefNoOldFile = new java.io.File((internal.GlobalVariable.TextFilePathCommon + \getUser.txt)): null

2019-02-18 16:25:35 - [TEST_STEP][PASSED] - RefNoOldFile.delete(): null

2019-02-18 16:25:35 - [TEST_STEP][PASSED] - delay(5): Delayed 5 second(s)

2019-02-18 16:25:40 - [MESSAGE][PASSED] - Delayed 5 second(s)

2019-02-18 16:25:40 - [TEST_STEP][PASSED] - RefNo = new java.io.File((internal.GlobalVariable.TextFilePathCommon + \getUser.txt)): null

2019-02-18 16:25:40 - [TEST_STEP][PASSED] - f2 = new java.io.FileWriter(RefNo, false): null

2019-02-18 16:25:40 - [TEST_STEP][PASSED] - f2.write(UserName): null

2019-02-18 16:25:40 - [TEST_STEP][PASSED] - f2.close(): null

2019-02-18 16:25:40 - [TEST_STEP][PASSED] - out.println("


" + UserName + "


"): null

2019-02-18 16:25:40 - [MESSAGE][PASSED] - Call Test Case 'Test Cases/All TC/Arranged/1. Common/1.2 Setter/Setter UserName' successfully

2019-02-18 16:25:40 - [TEST_STEP][FAILED] - click(findTestObject("KinJun/2.0 Check Status/Check Status - Case ID/Page_PERKESO/Click Username")): click(findTestObject("KinJun/2.0 Check Status/Check Status - Case ID/Page_PERKESO/Click Username")) FAILED.
Reason:
com.kms.katalon.core.exception.StepFailedException: Unable to click on object 'Object Repository/KinJun/2.0 Check Status/Check Status - Case ID/Page_PERKESO/Click Username' (Root cause: com.kms.katalon.core.webui.exception.WebElementNotFoundException: Web element with id: 'Object Repository/KinJun/2.0 Check Status/Check Status - Case ID/Page_PERKESO/Click Username' located by 'By.xpath: id("bg2")/header[1]/div[@class="container-fluid"]/div[@class="row"]/div[@class="col-md-2"]/ul[@class="nav navbar-nav navbar-right"]/li[@class="dropdown"]/a[@class="dropdown-toggle"][count(. | //a[@href = '#']) = count(//a[@href = '#'])]' not found)
	at com.kms.katalon.core.keyword.internal.KeywordMain.stepFailed(KeywordMain.groovy:36)
	at com.kms.katalon.core.webui.keyword.internal.WebUIKeywordMain.stepFailed(WebUIKeywordMain.groovy:65)
	at com.kms.katalon.core.webui.keyword.internal.WebUIKeywordMain.runKeyword(WebUIKeywordMain.groovy:27)
	at com.kms.katalon.core.webui.keyword.builtin.ClickKeyword.click(ClickKeyword.groovy:86)
	at com.kms.katalon.core.webui.keyword.builtin.ClickKeyword.execute(ClickKeyword.groovy:67)
	at com.kms.katalon.core.keyword.internal.KeywordExecutor.executeKeywordForPlatform(KeywordExecutor.groovy:53)
	at com.kms.katalon.core.webui.keyword.WebUiBuiltInKeywords.click(WebUiBuiltInKeywords.groovy:616)
	at com.kms.katalon.core.webui.keyword.WebUiBuiltInKeywords$click$3.call(Unknown Source)
	at Check Status - Case ID.run(Check Status - Case ID:43)
	at com.kms.katalon.core.main.ScriptEngine.run(ScriptEngine.java:194)
	at com.kms.katalon.core.main.ScriptEngine.runScriptAsRawText(ScriptEngine.java:119)
	at com.kms.katalon.core.main.TestCaseExecutor.runScript(TestCaseExecutor.java:328)
	at com.kms.katalon.core.main.TestCaseExecutor.doExecute(TestCaseExecutor.java:319)
	at com.kms.katalon.core.main.TestCaseExecutor.processExecutionPhase(TestCaseExecutor.java:298)
	at com.kms.katalon.core.main.TestCaseExecutor.accessMainPhase(TestCaseExecutor.java:290)
	at com.kms.katalon.core.main.TestCaseExecutor.execute(TestCaseExecutor.java:224)
	at com.kms.katalon.core.main.TestCaseMain.runTestCase(TestCaseMain.java:106)
	at com.kms.katalon.core.keyword.builtin.CallTestCaseKeyword$_callTestCase_closure1.doCall(CallTestCaseKeyword.groovy:59)
	at com.kms.katalon.core.keyword.builtin.CallTestCaseKeyword$_callTestCase_closure1.call(CallTestCaseKeyword.groovy)
	at com.kms.katalon.core.keyword.internal.KeywordMain.runKeyword(KeywordMain.groovy:54)
	at com.kms.katalon.core.keyword.builtin.CallTestCaseKeyword.callTestCase(CallTestCaseKeyword.groovy:80)
	at com.kms.katalon.core.keyword.builtin.CallTestCaseKeyword.execute(CallTestCaseKeyword.groovy:44)
	at com.kms.katalon.core.keyword.internal.KeywordExecutor.executeKeywordForPlatform(KeywordExecutor.groovy:53)
	at com.kms.katalon.core.keyword.BuiltinKeywords.callTestCase(BuiltinKeywords.groovy:334)
	at Reject Claim - RIA.run(Reject Claim - RIA:18)
	at com.kms.katalon.core.main.ScriptEngine.run(ScriptEngine.java:194)
	at com.kms.katalon.core.main.ScriptEngine.runScriptAsRawText(ScriptEngine.java:119)
	at com.kms.katalon.core.main.TestCaseExecutor.runScript(TestCaseExecutor.java:328)
	at com.kms.katalon.core.main.TestCaseExecutor.doExecute(TestCaseExecutor.java:319)
	at com.kms.katalon.core.main.TestCaseExecutor.processExecutionPhase(TestCaseExecutor.java:298)
	at com.kms.katalon.core.main.TestCaseExecutor.accessMainPhase(TestCaseExecutor.java:290)
	at com.kms.katalon.core.main.TestCaseExecutor.execute(TestCaseExecutor.java:224)
	at com.kms.katalon.core.main.TestSuiteExecutor.accessTestCaseMainPhase(TestSuiteExecutor.java:129)
	at com.kms.katalon.core.main.TestSuiteExecutor.accessTestSuiteMainPhase(TestSuiteExecutor.java:112)
	at com.kms.katalon.core.main.TestSuiteExecutor.execute(TestSuiteExecutor.java:81)
	at com.kms.katalon.core.main.TestCaseMain.startTestSuite(TestCaseMain.java:149)
	at com.kms.katalon.core.main.TestCaseMain$startTestSuite$0.call(Unknown Source)
	at TempTestSuite1550476757023.run(TempTestSuite1550476757023.groovy:36)


2019-02-18 16:26:10 - [MESSAGE][INFO] - Unable to find the element located by 'By.xpath: id("bg2")/header[1]/div[@class="container-fluid"]/div[@class="row"]/div[@class="col-md-2"]/ul[@class="nav navbar-nav navbar-right"]/li[@class="dropdown"]/a[@class="dropdown-toggle"][count(. | //a[@href = '#']) = count(//a[@href = '#'])]'. Please recheck the objects properties to make sure the desired element is located. 

2019-02-18 16:26:11 - [MESSAGE][FAILED] - Unable to click on object 'Object Repository/KinJun/2.0 Check Status/Check Status - Case ID/Page_PERKESO/Click Username' (Root cause: com.kms.katalon.core.webui.exception.WebElementNotFoundException: Web element with id: 'Object Repository/KinJun/2.0 Check Status/Check Status - Case ID/Page_PERKESO/Click Username' located by 'By.xpath: id("bg2")/header[1]/div[@class="container-fluid"]/div[@class="row"]/div[@class="col-md-2"]/ul[@class="nav navbar-nav navbar-right"]/li[@class="dropdown"]/a[@class="dropdown-toggle"][count(. | //a[@href = '#']) = count(//a[@href = '#'])]' not found)
[[ATTACHMENT|C:\\Users\\Admin\\Documents\\GitHub\\PKSKatalon\\PKS-EI-ES\\Reports\\New Test Suite\\20190218_155917\\1550478370390.png]]

2019-02-18 16:26:11 - [MESSAGE][FAILED] - click(findTestObject("KinJun/2.0 Check Status/Check Status - Case ID/Page_PERKESO/Click Username")) FAILED.
Reason:
com.kms.katalon.core.exception.StepFailedException: Unable to click on object 'Object Repository/KinJun/2.0 Check Status/Check Status - Case ID/Page_PERKESO/Click Username' (Root cause: com.kms.katalon.core.webui.exception.WebElementNotFoundException: Web element with id: 'Object Repository/KinJun/2.0 Check Status/Check Status - Case ID/Page_PERKESO/Click Username' located by 'By.xpath: id("bg2")/header[1]/div[@class="container-fluid"]/div[@class="row"]/div[@class="col-md-2"]/ul[@class="nav navbar-nav navbar-right"]/li[@class="dropdown"]/a[@class="dropdown-toggle"][count(. | //a[@href = '#']) = count(//a[@href = '#'])]' not found)
	at com.kms.katalon.core.keyword.internal.KeywordMain.stepFailed(KeywordMain.groovy:36)
	at com.kms.katalon.core.webui.keyword.internal.WebUIKeywordMain.stepFailed(WebUIKeywordMain.groovy:65)
	at com.kms.katalon.core.webui.keyword.internal.WebUIKeywordMain.runKeyword(WebUIKeywordMain.groovy:27)
	at com.kms.katalon.core.webui.keyword.builtin.ClickKeyword.click(ClickKeyword.groovy:86)
	at com.kms.katalon.core.webui.keyword.builtin.ClickKeyword.execute(ClickKeyword.groovy:67)
	at com.kms.katalon.core.keyword.internal.KeywordExecutor.executeKeywordForPlatform(KeywordExecutor.groovy:53)
	at com.kms.katalon.core.webui.keyword.WebUiBuiltInKeywords.click(WebUiBuiltInKeywords.groovy:616)
	at com.kms.katalon.core.webui.keyword.WebUiBuiltInKeywords$click$3.call(Unknown Source)
	at Check Status - Case ID.run(Check Status - Case ID:43)
	at com.kms.katalon.core.main.ScriptEngine.run(ScriptEngine.java:194)
	at com.kms.katalon.core.main.ScriptEngine.runScriptAsRawText(ScriptEngine.java:119)
	at com.kms.katalon.core.main.TestCaseExecutor.runScript(TestCaseExecutor.java:328)
	at com.kms.katalon.core.main.TestCaseExecutor.doExecute(TestCaseExecutor.java:319)
	at com.kms.katalon.core.main.TestCaseExecutor.processExecutionPhase(TestCaseExecutor.java:298)
	at com.kms.katalon.core.main.TestCaseExecutor.accessMainPhase(TestCaseExecutor.java:290)
	at com.kms.katalon.core.main.TestCaseExecutor.execute(TestCaseExecutor.java:224)
	at com.kms.katalon.core.main.TestCaseMain.runTestCase(TestCaseMain.java:106)
	at com.kms.katalon.core.keyword.builtin.CallTestCaseKeyword$_callTestCase_closure1.doCall(CallTestCaseKeyword.groovy:59)
	at com.kms.katalon.core.keyword.builtin.CallTestCaseKeyword$_callTestCase_closure1.call(CallTestCaseKeyword.groovy)
	at com.kms.katalon.core.keyword.internal.KeywordMain.runKeyword(KeywordMain.groovy:54)
	at com.kms.katalon.core.keyword.builtin.CallTestCaseKeyword.callTestCase(CallTestCaseKeyword.groovy:80)
	at com.kms.katalon.core.keyword.builtin.CallTestCaseKeyword.execute(CallTestCaseKeyword.groovy:44)
	at com.kms.katalon.core.keyword.internal.KeywordExecutor.executeKeywordForPlatform(KeywordExecutor.groovy:53)
	at com.kms.katalon.core.keyword.BuiltinKeywords.callTestCase(BuiltinKeywords.groovy:334)
	at Reject Claim - RIA.run(Reject Claim - RIA:18)
	at com.kms.katalon.core.main.ScriptEngine.run(ScriptEngine.java:194)
	at com.kms.katalon.core.main.ScriptEngine.runScriptAsRawText(ScriptEngine.java:119)
	at com.kms.katalon.core.main.TestCaseExecutor.runScript(TestCaseExecutor.java:328)
	at com.kms.katalon.core.main.TestCaseExecutor.doExecute(TestCaseExecutor.java:319)
	at com.kms.katalon.core.main.TestCaseExecutor.processExecutionPhase(TestCaseExecutor.java:298)
	at com.kms.katalon.core.main.TestCaseExecutor.accessMainPhase(TestCaseExecutor.java:290)
	at com.kms.katalon.core.main.TestCaseExecutor.execute(TestCaseExecutor.java:224)
	at com.kms.katalon.core.main.TestSuiteExecutor.accessTestCaseMainPhase(TestSuiteExecutor.java:129)
	at com.kms.katalon.core.main.TestSuiteExecutor.accessTestSuiteMainPhase(TestSuiteExecutor.java:112)
	at com.kms.katalon.core.main.TestSuiteExecutor.execute(TestSuiteExecutor.java:81)
	at com.kms.katalon.core.main.TestCaseMain.startTestSuite(TestCaseMain.java:149)
	at com.kms.katalon.core.main.TestCaseMain$startTestSuite$0.call(Unknown Source)
	at TempTestSuite1550476757023.run(TempTestSuite1550476757023.groovy:36)


2019-02-18 16:26:11 - [MESSAGE][FAILED] - Unable to call Test Case 'Test Cases/All TC/Arranged/2. Segment/2.2 Check Status/Check Status - Case ID' (Root cause: com.kms.katalon.core.exception.StepFailedException: Call Test Case 'Test Cases/All TC/Arranged/2. Segment/2.2 Check Status/Check Status - Case ID' failed)

2019-02-18 16:26:11 - [MESSAGE][FAILED] - callTestCase(findTestCase("All TC/Arranged/2. Segment/2.2 Check Status/Check Status - Case ID"), [:], STOP_ON_FAILURE) FAILED.
Reason:
com.kms.katalon.core.exception.StepFailedException: Unable to click on object 'Object Repository/KinJun/2.0 Check Status/Check Status - Case ID/Page_PERKESO/Click Username' (Root cause: com.kms.katalon.core.webui.exception.WebElementNotFoundException: Web element with id: 'Object Repository/KinJun/2.0 Check Status/Check Status - Case ID/Page_PERKESO/Click Username' located by 'By.xpath: id("bg2")/header[1]/div[@class="container-fluid"]/div[@class="row"]/div[@class="col-md-2"]/ul[@class="nav navbar-nav navbar-right"]/li[@class="dropdown"]/a[@class="dropdown-toggle"][count(. | //a[@href = '#']) = count(//a[@href = '#'])]' not found)
	at com.kms.katalon.core.keyword.internal.KeywordMain.stepFailed(KeywordMain.groovy:36)
	at com.kms.katalon.core.webui.keyword.internal.WebUIKeywordMain.stepFailed(WebUIKeywordMain.groovy:65)
	at com.kms.katalon.core.webui.keyword.internal.WebUIKeywordMain.runKeyword(WebUIKeywordMain.groovy:27)
	at com.kms.katalon.core.webui.keyword.builtin.ClickKeyword.click(ClickKeyword.groovy:86)
	at com.kms.katalon.core.webui.keyword.builtin.ClickKeyword.execute(ClickKeyword.groovy:67)
	at com.kms.katalon.core.keyword.internal.KeywordExecutor.executeKeywordForPlatform(KeywordExecutor.groovy:53)
	at com.kms.katalon.core.webui.keyword.WebUiBuiltInKeywords.click(WebUiBuiltInKeywords.groovy:616)
	at com.kms.katalon.core.webui.keyword.WebUiBuiltInKeywords$click$3.call(Unknown Source)
	at Check Status - Case ID.run(Check Status - Case ID:43)
	at com.kms.katalon.core.main.ScriptEngine.run(ScriptEngine.java:194)
	at com.kms.katalon.core.main.ScriptEngine.runScriptAsRawText(ScriptEngine.java:119)
	at com.kms.katalon.core.main.TestCaseExecutor.runScript(TestCaseExecutor.java:328)
	at com.kms.katalon.core.main.TestCaseExecutor.doExecute(TestCaseExecutor.java:319)
	at com.kms.katalon.core.main.TestCaseExecutor.processExecutionPhase(TestCaseExecutor.java:298)
	at com.kms.katalon.core.main.TestCaseExecutor.accessMainPhase(TestCaseExecutor.java:290)
	at com.kms.katalon.core.main.TestCaseExecutor.execute(TestCaseExecutor.java:224)
	at com.kms.katalon.core.main.TestCaseMain.runTestCase(TestCaseMain.java:106)
	at com.kms.katalon.core.keyword.builtin.CallTestCaseKeyword$_callTestCase_closure1.doCall(CallTestCaseKeyword.groovy:59)
	at com.kms.katalon.core.keyword.builtin.CallTestCaseKeyword$_callTestCase_closure1.call(CallTestCaseKeyword.groovy)
	at com.kms.katalon.core.keyword.internal.KeywordMain.runKeyword(KeywordMain.groovy:54)
	at com.kms.katalon.core.keyword.builtin.CallTestCaseKeyword.callTestCase(CallTestCaseKeyword.groovy:80)
	at com.kms.katalon.core.keyword.builtin.CallTestCaseKeyword.execute(CallTestCaseKeyword.groovy:44)
	at com.kms.katalon.core.keyword.internal.KeywordExecutor.executeKeywordForPlatform(KeywordExecutor.groovy:53)
	at com.kms.katalon.core.keyword.BuiltinKeywords.callTestCase(BuiltinKeywords.groovy:334)
	at Reject Claim - RIA.run(Reject Claim - RIA:18)
	at com.kms.katalon.core.main.ScriptEngine.run(ScriptEngine.java:194)
	at com.kms.katalon.core.main.ScriptEngine.runScriptAsRawText(ScriptEngine.java:119)
	at com.kms.katalon.core.main.TestCaseExecutor.runScript(TestCaseExecutor.java:328)
	at com.kms.katalon.core.main.TestCaseExecutor.doExecute(TestCaseExecutor.java:319)
	at com.kms.katalon.core.main.TestCaseExecutor.processExecutionPhase(TestCaseExecutor.java:298)
	at com.kms.katalon.core.main.TestCaseExecutor.accessMainPhase(TestCaseExecutor.java:290)
	at com.kms.katalon.core.main.TestCaseExecutor.execute(TestCaseExecutor.java:224)
	at com.kms.katalon.core.main.TestSuiteExecutor.accessTestCaseMainPhase(TestSuiteExecutor.java:129)
	at com.kms.katalon.core.main.TestSuiteExecutor.accessTestSuiteMainPhase(TestSuiteExecutor.java:112)
	at com.kms.katalon.core.main.TestSuiteExecutor.execute(TestSuiteExecutor.java:81)
	at com.kms.katalon.core.main.TestCaseMain.startTestSuite(TestCaseMain.java:149)
	at com.kms.katalon.core.main.TestCaseMain$startTestSuite$0.call(Unknown Source)
	at TempTestSuite1550476757023.run(TempTestSuite1550476757023.groovy:36)]]></system-out>
         <system-err><![CDATA[2019-02-18 16:13:03 - [TEST_CASE][FAILED] - Test Cases/All TC/Arranged/0. Full Flow/Reject Claim - RIA: Test Cases/All TC/Arranged/0. Full Flow/Reject Claim - RIA FAILED.
Reason:
com.kms.katalon.core.exception.StepFailedException: Unable to click on object 'Object Repository/KinJun/2.0 Check Status/Check Status - Case ID/Page_PERKESO/Click Username' (Root cause: com.kms.katalon.core.webui.exception.WebElementNotFoundException: Web element with id: 'Object Repository/KinJun/2.0 Check Status/Check Status - Case ID/Page_PERKESO/Click Username' located by 'By.xpath: id("bg2")/header[1]/div[@class="container-fluid"]/div[@class="row"]/div[@class="col-md-2"]/ul[@class="nav navbar-nav navbar-right"]/li[@class="dropdown"]/a[@class="dropdown-toggle"][count(. | //a[@href = '#']) = count(//a[@href = '#'])]' not found)
	at com.kms.katalon.core.keyword.internal.KeywordMain.stepFailed(KeywordMain.groovy:36)
	at com.kms.katalon.core.webui.keyword.internal.WebUIKeywordMain.stepFailed(WebUIKeywordMain.groovy:65)
	at com.kms.katalon.core.webui.keyword.internal.WebUIKeywordMain.runKeyword(WebUIKeywordMain.groovy:27)
	at com.kms.katalon.core.webui.keyword.builtin.ClickKeyword.click(ClickKeyword.groovy:86)
	at com.kms.katalon.core.webui.keyword.builtin.ClickKeyword.execute(ClickKeyword.groovy:67)
	at com.kms.katalon.core.keyword.internal.KeywordExecutor.executeKeywordForPlatform(KeywordExecutor.groovy:53)
	at com.kms.katalon.core.webui.keyword.WebUiBuiltInKeywords.click(WebUiBuiltInKeywords.groovy:616)
	at com.kms.katalon.core.webui.keyword.WebUiBuiltInKeywords$click$3.call(Unknown Source)
	at Check Status - Case ID.run(Check Status - Case ID:43)
	at com.kms.katalon.core.main.ScriptEngine.run(ScriptEngine.java:194)
	at com.kms.katalon.core.main.ScriptEngine.runScriptAsRawText(ScriptEngine.java:119)
	at com.kms.katalon.core.main.TestCaseExecutor.runScript(TestCaseExecutor.java:328)
	at com.kms.katalon.core.main.TestCaseExecutor.doExecute(TestCaseExecutor.java:319)
	at com.kms.katalon.core.main.TestCaseExecutor.processExecutionPhase(TestCaseExecutor.java:298)
	at com.kms.katalon.core.main.TestCaseExecutor.accessMainPhase(TestCaseExecutor.java:290)
	at com.kms.katalon.core.main.TestCaseExecutor.execute(TestCaseExecutor.java:224)
	at com.kms.katalon.core.main.TestCaseMain.runTestCase(TestCaseMain.java:106)
	at com.kms.katalon.core.keyword.builtin.CallTestCaseKeyword$_callTestCase_closure1.doCall(CallTestCaseKeyword.groovy:59)
	at com.kms.katalon.core.keyword.builtin.CallTestCaseKeyword$_callTestCase_closure1.call(CallTestCaseKeyword.groovy)
	at com.kms.katalon.core.keyword.internal.KeywordMain.runKeyword(KeywordMain.groovy:54)
	at com.kms.katalon.core.keyword.builtin.CallTestCaseKeyword.callTestCase(CallTestCaseKeyword.groovy:80)
	at com.kms.katalon.core.keyword.builtin.CallTestCaseKeyword.execute(CallTestCaseKeyword.groovy:44)
	at com.kms.katalon.core.keyword.internal.KeywordExecutor.executeKeywordForPlatform(KeywordExecutor.groovy:53)
	at com.kms.katalon.core.keyword.BuiltinKeywords.callTestCase(BuiltinKeywords.groovy:334)
	at Reject Claim - RIA.run(Reject Claim - RIA:18)
	at com.kms.katalon.core.main.ScriptEngine.run(ScriptEngine.java:194)
	at com.kms.katalon.core.main.ScriptEngine.runScriptAsRawText(ScriptEngine.java:119)
	at com.kms.katalon.core.main.TestCaseExecutor.runScript(TestCaseExecutor.java:328)
	at com.kms.katalon.core.main.TestCaseExecutor.doExecute(TestCaseExecutor.java:319)
	at com.kms.katalon.core.main.TestCaseExecutor.processExecutionPhase(TestCaseExecutor.java:298)
	at com.kms.katalon.core.main.TestCaseExecutor.accessMainPhase(TestCaseExecutor.java:290)
	at com.kms.katalon.core.main.TestCaseExecutor.execute(TestCaseExecutor.java:224)
	at com.kms.katalon.core.main.TestSuiteExecutor.accessTestCaseMainPhase(TestSuiteExecutor.java:129)
	at com.kms.katalon.core.main.TestSuiteExecutor.accessTestSuiteMainPhase(TestSuiteExecutor.java:112)
	at com.kms.katalon.core.main.TestSuiteExecutor.execute(TestSuiteExecutor.java:81)
	at com.kms.katalon.core.main.TestCaseMain.startTestSuite(TestCaseMain.java:149)
	at com.kms.katalon.core.main.TestCaseMain$startTestSuite$0.call(Unknown Source)
	at TempTestSuite1550476757023.run(TempTestSuite1550476757023.groovy:36)]]></system-err>
      </testcase>
      <testcase name="Test Cases/All TC/Arranged/0. Full Flow/Reject Claim - DA" classname="Test Cases/All TC/Arranged/0. Full Flow/Reject Claim - DA" status="FAILED">
         <failure type="FAILED" message="Test Cases/All TC/Arranged/0. Full Flow/Reject Claim - DA FAILED.
Reason:
com.kms.katalon.core.exception.StepFailedException: Unable to set text '10/01/2019' of object 'Object Repository/KeatMun/Form 7_default/OTC_Application_Reg/Page_PERKESO/11.Tarikh Terima_stampedDtS' (Root cause: com.kms.katalon.core.webui.exception.WebElementNotFoundException: Web element with id: 'Object Repository/KeatMun/Form 7_default/OTC_Application_Reg/Page_PERKESO/11.Tarikh Terima_stampedDtS' located by 'By.xpath: //input[@id = 'stampedDtStr' and @name = 'stampedDtStr' and @type = 'text']' not found)
	at com.kms.katalon.core.keyword.internal.KeywordMain.stepFailed(KeywordMain.groovy:36)
	at com.kms.katalon.core.webui.keyword.internal.WebUIKeywordMain.stepFailed(WebUIKeywordMain.groovy:65)
	at com.kms.katalon.core.webui.keyword.internal.WebUIKeywordMain.runKeyword(WebUIKeywordMain.groovy:27)
	at com.kms.katalon.core.webui.keyword.builtin.SetTextKeyword.setText(SetTextKeyword.groovy:65)
	at com.kms.katalon.core.webui.keyword.builtin.SetTextKeyword.execute(SetTextKeyword.groovy:37)
	at com.kms.katalon.core.keyword.internal.KeywordExecutor.executeKeywordForPlatform(KeywordExecutor.groovy:53)
	at com.kms.katalon.core.webui.keyword.WebUiBuiltInKeywords.setText(WebUiBuiltInKeywords.groovy:950)
	at com.kms.katalon.core.webui.keyword.WebUiBuiltInKeywords$setText$1.call(Unknown Source)
	at OTC_Application_Reg.run(OTC_Application_Reg:74)
	at com.kms.katalon.core.main.ScriptEngine.run(ScriptEngine.java:194)
	at com.kms.katalon.core.main.ScriptEngine.runScriptAsRawText(ScriptEngine.java:119)
	at com.kms.katalon.core.main.TestCaseExecutor.runScript(TestCaseExecutor.java:328)
	at com.kms.katalon.core.main.TestCaseExecutor.doExecute(TestCaseExecutor.java:319)
	at com.kms.katalon.core.main.TestCaseExecutor.processExecutionPhase(TestCaseExecutor.java:298)
	at com.kms.katalon.core.main.TestCaseExecutor.accessMainPhase(TestCaseExecutor.java:290)
	at com.kms.katalon.core.main.TestCaseExecutor.execute(TestCaseExecutor.java:224)
	at com.kms.katalon.core.main.TestCaseMain.runTestCase(TestCaseMain.java:106)
	at com.kms.katalon.core.keyword.builtin.CallTestCaseKeyword$_callTestCase_closure1.doCall(CallTestCaseKeyword.groovy:59)
	at com.kms.katalon.core.keyword.builtin.CallTestCaseKeyword$_callTestCase_closure1.call(CallTestCaseKeyword.groovy)
	at com.kms.katalon.core.keyword.internal.KeywordMain.runKeyword(KeywordMain.groovy:54)
	at com.kms.katalon.core.keyword.builtin.CallTestCaseKeyword.callTestCase(CallTestCaseKeyword.groovy:80)
	at com.kms.katalon.core.keyword.builtin.CallTestCaseKeyword.execute(CallTestCaseKeyword.groovy:44)
	at com.kms.katalon.core.keyword.internal.KeywordExecutor.executeKeywordForPlatform(KeywordExecutor.groovy:53)
	at com.kms.katalon.core.keyword.BuiltinKeywords.callTestCase(BuiltinKeywords.groovy:334)
	at OTC_Submit Form 7_End to End - Cheque.run(OTC_Submit Form 7_End to End - Cheque:16)
	at com.kms.katalon.core.main.ScriptEngine.run(ScriptEngine.java:194)
	at com.kms.katalon.core.main.ScriptEngine.runScriptAsRawText(ScriptEngine.java:119)
	at com.kms.katalon.core.main.TestCaseExecutor.runScript(TestCaseExecutor.java:328)
	at com.kms.katalon.core.main.TestCaseExecutor.doExecute(TestCaseExecutor.java:319)
	at com.kms.katalon.core.main.TestCaseExecutor.processExecutionPhase(TestCaseExecutor.java:298)
	at com.kms.katalon.core.main.TestCaseExecutor.accessMainPhase(TestCaseExecutor.java:290)
	at com.kms.katalon.core.main.TestCaseExecutor.execute(TestCaseExecutor.java:224)
	at com.kms.katalon.core.main.TestCaseMain.runTestCase(TestCaseMain.java:106)
	at com.kms.katalon.core.keyword.builtin.CallTestCaseKeyword$_callTestCase_closure1.doCall(CallTestCaseKeyword.groovy:59)
	at com.kms.katalon.core.keyword.builtin.CallTestCaseKeyword$_callTestCase_closure1.call(CallTestCaseKeyword.groovy)
	at com.kms.katalon.core.keyword.internal.KeywordMain.runKeyword(KeywordMain.groovy:54)
	at com.kms.katalon.core.keyword.builtin.CallTestCaseKeyword.callTestCase(CallTestCaseKeyword.groovy:80)
	at com.kms.katalon.core.keyword.builtin.CallTestCaseKeyword.execute(CallTestCaseKeyword.groovy:44)
	at com.kms.katalon.core.keyword.internal.KeywordExecutor.executeKeywordForPlatform(KeywordExecutor.groovy:53)
	at com.kms.katalon.core.keyword.BuiltinKeywords.callTestCase(BuiltinKeywords.groovy:334)
	at Reject Claim - DA.run(Reject Claim - DA:16)
	at com.kms.katalon.core.main.ScriptEngine.run(ScriptEngine.java:194)
	at com.kms.katalon.core.main.ScriptEngine.runScriptAsRawText(ScriptEngine.java:119)
	at com.kms.katalon.core.main.TestCaseExecutor.runScript(TestCaseExecutor.java:328)
	at com.kms.katalon.core.main.TestCaseExecutor.doExecute(TestCaseExecutor.java:319)
	at com.kms.katalon.core.main.TestCaseExecutor.processExecutionPhase(TestCaseExecutor.java:298)
	at com.kms.katalon.core.main.TestCaseExecutor.accessMainPhase(TestCaseExecutor.java:290)
	at com.kms.katalon.core.main.TestCaseExecutor.execute(TestCaseExecutor.java:224)
	at com.kms.katalon.core.main.TestSuiteExecutor.accessTestCaseMainPhase(TestSuiteExecutor.java:129)
	at com.kms.katalon.core.main.TestSuiteExecutor.accessTestSuiteMainPhase(TestSuiteExecutor.java:112)
	at com.kms.katalon.core.main.TestSuiteExecutor.execute(TestSuiteExecutor.java:81)
	at com.kms.katalon.core.main.TestCaseMain.startTestSuite(TestCaseMain.java:149)
	at com.kms.katalon.core.main.TestCaseMain$startTestSuite$0.call(Unknown Source)
	at TempTestSuite1550476757023.run(TempTestSuite1550476757023.groovy:36)
"/>
         <system-out><![CDATA[2019-02-18 16:26:12 - [TEST_CASE][FAILED] - Test Cases/All TC/Arranged/0. Full Flow/Reject Claim - DA: Test Cases/All TC/Arranged/0. Full Flow/Reject Claim - DA FAILED.
Reason:
com.kms.katalon.core.exception.StepFailedException: Unable to set text '10/01/2019' of object 'Object Repository/KeatMun/Form 7_default/OTC_Application_Reg/Page_PERKESO/11.Tarikh Terima_stampedDtS' (Root cause: com.kms.katalon.core.webui.exception.WebElementNotFoundException: Web element with id: 'Object Repository/KeatMun/Form 7_default/OTC_Application_Reg/Page_PERKESO/11.Tarikh Terima_stampedDtS' located by 'By.xpath: //input[@id = 'stampedDtStr' and @name = 'stampedDtStr' and @type = 'text']' not found)
	at com.kms.katalon.core.keyword.internal.KeywordMain.stepFailed(KeywordMain.groovy:36)
	at com.kms.katalon.core.webui.keyword.internal.WebUIKeywordMain.stepFailed(WebUIKeywordMain.groovy:65)
	at com.kms.katalon.core.webui.keyword.internal.WebUIKeywordMain.runKeyword(WebUIKeywordMain.groovy:27)
	at com.kms.katalon.core.webui.keyword.builtin.SetTextKeyword.setText(SetTextKeyword.groovy:65)
	at com.kms.katalon.core.webui.keyword.builtin.SetTextKeyword.execute(SetTextKeyword.groovy:37)
	at com.kms.katalon.core.keyword.internal.KeywordExecutor.executeKeywordForPlatform(KeywordExecutor.groovy:53)
	at com.kms.katalon.core.webui.keyword.WebUiBuiltInKeywords.setText(WebUiBuiltInKeywords.groovy:950)
	at com.kms.katalon.core.webui.keyword.WebUiBuiltInKeywords$setText$1.call(Unknown Source)
	at OTC_Application_Reg.run(OTC_Application_Reg:74)
	at com.kms.katalon.core.main.ScriptEngine.run(ScriptEngine.java:194)
	at com.kms.katalon.core.main.ScriptEngine.runScriptAsRawText(ScriptEngine.java:119)
	at com.kms.katalon.core.main.TestCaseExecutor.runScript(TestCaseExecutor.java:328)
	at com.kms.katalon.core.main.TestCaseExecutor.doExecute(TestCaseExecutor.java:319)
	at com.kms.katalon.core.main.TestCaseExecutor.processExecutionPhase(TestCaseExecutor.java:298)
	at com.kms.katalon.core.main.TestCaseExecutor.accessMainPhase(TestCaseExecutor.java:290)
	at com.kms.katalon.core.main.TestCaseExecutor.execute(TestCaseExecutor.java:224)
	at com.kms.katalon.core.main.TestCaseMain.runTestCase(TestCaseMain.java:106)
	at com.kms.katalon.core.keyword.builtin.CallTestCaseKeyword$_callTestCase_closure1.doCall(CallTestCaseKeyword.groovy:59)
	at com.kms.katalon.core.keyword.builtin.CallTestCaseKeyword$_callTestCase_closure1.call(CallTestCaseKeyword.groovy)
	at com.kms.katalon.core.keyword.internal.KeywordMain.runKeyword(KeywordMain.groovy:54)
	at com.kms.katalon.core.keyword.builtin.CallTestCaseKeyword.callTestCase(CallTestCaseKeyword.groovy:80)
	at com.kms.katalon.core.keyword.builtin.CallTestCaseKeyword.execute(CallTestCaseKeyword.groovy:44)
	at com.kms.katalon.core.keyword.internal.KeywordExecutor.executeKeywordForPlatform(KeywordExecutor.groovy:53)
	at com.kms.katalon.core.keyword.BuiltinKeywords.callTestCase(BuiltinKeywords.groovy:334)
	at OTC_Submit Form 7_End to End - Cheque.run(OTC_Submit Form 7_End to End - Cheque:16)
	at com.kms.katalon.core.main.ScriptEngine.run(ScriptEngine.java:194)
	at com.kms.katalon.core.main.ScriptEngine.runScriptAsRawText(ScriptEngine.java:119)
	at com.kms.katalon.core.main.TestCaseExecutor.runScript(TestCaseExecutor.java:328)
	at com.kms.katalon.core.main.TestCaseExecutor.doExecute(TestCaseExecutor.java:319)
	at com.kms.katalon.core.main.TestCaseExecutor.processExecutionPhase(TestCaseExecutor.java:298)
	at com.kms.katalon.core.main.TestCaseExecutor.accessMainPhase(TestCaseExecutor.java:290)
	at com.kms.katalon.core.main.TestCaseExecutor.execute(TestCaseExecutor.java:224)
	at com.kms.katalon.core.main.TestCaseMain.runTestCase(TestCaseMain.java:106)
	at com.kms.katalon.core.keyword.builtin.CallTestCaseKeyword$_callTestCase_closure1.doCall(CallTestCaseKeyword.groovy:59)
	at com.kms.katalon.core.keyword.builtin.CallTestCaseKeyword$_callTestCase_closure1.call(CallTestCaseKeyword.groovy)
	at com.kms.katalon.core.keyword.internal.KeywordMain.runKeyword(KeywordMain.groovy:54)
	at com.kms.katalon.core.keyword.builtin.CallTestCaseKeyword.callTestCase(CallTestCaseKeyword.groovy:80)
	at com.kms.katalon.core.keyword.builtin.CallTestCaseKeyword.execute(CallTestCaseKeyword.groovy:44)
	at com.kms.katalon.core.keyword.internal.KeywordExecutor.executeKeywordForPlatform(KeywordExecutor.groovy:53)
	at com.kms.katalon.core.keyword.BuiltinKeywords.callTestCase(BuiltinKeywords.groovy:334)
	at Reject Claim - DA.run(Reject Claim - DA:16)
	at com.kms.katalon.core.main.ScriptEngine.run(ScriptEngine.java:194)
	at com.kms.katalon.core.main.ScriptEngine.runScriptAsRawText(ScriptEngine.java:119)
	at com.kms.katalon.core.main.TestCaseExecutor.runScript(TestCaseExecutor.java:328)
	at com.kms.katalon.core.main.TestCaseExecutor.doExecute(TestCaseExecutor.java:319)
	at com.kms.katalon.core.main.TestCaseExecutor.processExecutionPhase(TestCaseExecutor.java:298)
	at com.kms.katalon.core.main.TestCaseExecutor.accessMainPhase(TestCaseExecutor.java:290)
	at com.kms.katalon.core.main.TestCaseExecutor.execute(TestCaseExecutor.java:224)
	at com.kms.katalon.core.main.TestSuiteExecutor.accessTestCaseMainPhase(TestSuiteExecutor.java:129)
	at com.kms.katalon.core.main.TestSuiteExecutor.accessTestSuiteMainPhase(TestSuiteExecutor.java:112)
	at com.kms.katalon.core.main.TestSuiteExecutor.execute(TestSuiteExecutor.java:81)
	at com.kms.katalon.core.main.TestCaseMain.startTestSuite(TestCaseMain.java:149)
	at com.kms.katalon.core.main.TestCaseMain$startTestSuite$0.call(Unknown Source)
	at TempTestSuite1550476757023.run(TempTestSuite1550476757023.groovy:36)


2019-02-18 16:26:12 - [TEST_STEP][FAILED] - callTestCase(findTestCase("All TC/Arranged/2. Segment/OTC_Submit Form 7_End to End - Cheque"), [:], STOP_ON_FAILURE): callTestCase(findTestCase("All TC/Arranged/2. Segment/OTC_Submit Form 7_End to End - Cheque"), [:], STOP_ON_FAILURE) FAILED.
Reason:
com.kms.katalon.core.exception.StepFailedException: Unable to set text '10/01/2019' of object 'Object Repository/KeatMun/Form 7_default/OTC_Application_Reg/Page_PERKESO/11.Tarikh Terima_stampedDtS' (Root cause: com.kms.katalon.core.webui.exception.WebElementNotFoundException: Web element with id: 'Object Repository/KeatMun/Form 7_default/OTC_Application_Reg/Page_PERKESO/11.Tarikh Terima_stampedDtS' located by 'By.xpath: //input[@id = 'stampedDtStr' and @name = 'stampedDtStr' and @type = 'text']' not found)
	at com.kms.katalon.core.keyword.internal.KeywordMain.stepFailed(KeywordMain.groovy:36)
	at com.kms.katalon.core.webui.keyword.internal.WebUIKeywordMain.stepFailed(WebUIKeywordMain.groovy:65)
	at com.kms.katalon.core.webui.keyword.internal.WebUIKeywordMain.runKeyword(WebUIKeywordMain.groovy:27)
	at com.kms.katalon.core.webui.keyword.builtin.SetTextKeyword.setText(SetTextKeyword.groovy:65)
	at com.kms.katalon.core.webui.keyword.builtin.SetTextKeyword.execute(SetTextKeyword.groovy:37)
	at com.kms.katalon.core.keyword.internal.KeywordExecutor.executeKeywordForPlatform(KeywordExecutor.groovy:53)
	at com.kms.katalon.core.webui.keyword.WebUiBuiltInKeywords.setText(WebUiBuiltInKeywords.groovy:950)
	at com.kms.katalon.core.webui.keyword.WebUiBuiltInKeywords$setText$1.call(Unknown Source)
	at OTC_Application_Reg.run(OTC_Application_Reg:74)
	at com.kms.katalon.core.main.ScriptEngine.run(ScriptEngine.java:194)
	at com.kms.katalon.core.main.ScriptEngine.runScriptAsRawText(ScriptEngine.java:119)
	at com.kms.katalon.core.main.TestCaseExecutor.runScript(TestCaseExecutor.java:328)
	at com.kms.katalon.core.main.TestCaseExecutor.doExecute(TestCaseExecutor.java:319)
	at com.kms.katalon.core.main.TestCaseExecutor.processExecutionPhase(TestCaseExecutor.java:298)
	at com.kms.katalon.core.main.TestCaseExecutor.accessMainPhase(TestCaseExecutor.java:290)
	at com.kms.katalon.core.main.TestCaseExecutor.execute(TestCaseExecutor.java:224)
	at com.kms.katalon.core.main.TestCaseMain.runTestCase(TestCaseMain.java:106)
	at com.kms.katalon.core.keyword.builtin.CallTestCaseKeyword$_callTestCase_closure1.doCall(CallTestCaseKeyword.groovy:59)
	at com.kms.katalon.core.keyword.builtin.CallTestCaseKeyword$_callTestCase_closure1.call(CallTestCaseKeyword.groovy)
	at com.kms.katalon.core.keyword.internal.KeywordMain.runKeyword(KeywordMain.groovy:54)
	at com.kms.katalon.core.keyword.builtin.CallTestCaseKeyword.callTestCase(CallTestCaseKeyword.groovy:80)
	at com.kms.katalon.core.keyword.builtin.CallTestCaseKeyword.execute(CallTestCaseKeyword.groovy:44)
	at com.kms.katalon.core.keyword.internal.KeywordExecutor.executeKeywordForPlatform(KeywordExecutor.groovy:53)
	at com.kms.katalon.core.keyword.BuiltinKeywords.callTestCase(BuiltinKeywords.groovy:334)
	at OTC_Submit Form 7_End to End - Cheque.run(OTC_Submit Form 7_End to End - Cheque:16)
	at com.kms.katalon.core.main.ScriptEngine.run(ScriptEngine.java:194)
	at com.kms.katalon.core.main.ScriptEngine.runScriptAsRawText(ScriptEngine.java:119)
	at com.kms.katalon.core.main.TestCaseExecutor.runScript(TestCaseExecutor.java:328)
	at com.kms.katalon.core.main.TestCaseExecutor.doExecute(TestCaseExecutor.java:319)
	at com.kms.katalon.core.main.TestCaseExecutor.processExecutionPhase(TestCaseExecutor.java:298)
	at com.kms.katalon.core.main.TestCaseExecutor.accessMainPhase(TestCaseExecutor.java:290)
	at com.kms.katalon.core.main.TestCaseExecutor.execute(TestCaseExecutor.java:224)
	at com.kms.katalon.core.main.TestCaseMain.runTestCase(TestCaseMain.java:106)
	at com.kms.katalon.core.keyword.builtin.CallTestCaseKeyword$_callTestCase_closure1.doCall(CallTestCaseKeyword.groovy:59)
	at com.kms.katalon.core.keyword.builtin.CallTestCaseKeyword$_callTestCase_closure1.call(CallTestCaseKeyword.groovy)
	at com.kms.katalon.core.keyword.internal.KeywordMain.runKeyword(KeywordMain.groovy:54)
	at com.kms.katalon.core.keyword.builtin.CallTestCaseKeyword.callTestCase(CallTestCaseKeyword.groovy:80)
	at com.kms.katalon.core.keyword.builtin.CallTestCaseKeyword.execute(CallTestCaseKeyword.groovy:44)
	at com.kms.katalon.core.keyword.internal.KeywordExecutor.executeKeywordForPlatform(KeywordExecutor.groovy:53)
	at com.kms.katalon.core.keyword.BuiltinKeywords.callTestCase(BuiltinKeywords.groovy:334)
	at Reject Claim - DA.run(Reject Claim - DA:16)
	at com.kms.katalon.core.main.ScriptEngine.run(ScriptEngine.java:194)
	at com.kms.katalon.core.main.ScriptEngine.runScriptAsRawText(ScriptEngine.java:119)
	at com.kms.katalon.core.main.TestCaseExecutor.runScript(TestCaseExecutor.java:328)
	at com.kms.katalon.core.main.TestCaseExecutor.doExecute(TestCaseExecutor.java:319)
	at com.kms.katalon.core.main.TestCaseExecutor.processExecutionPhase(TestCaseExecutor.java:298)
	at com.kms.katalon.core.main.TestCaseExecutor.accessMainPhase(TestCaseExecutor.java:290)
	at com.kms.katalon.core.main.TestCaseExecutor.execute(TestCaseExecutor.java:224)
	at com.kms.katalon.core.main.TestSuiteExecutor.accessTestCaseMainPhase(TestSuiteExecutor.java:129)
	at com.kms.katalon.core.main.TestSuiteExecutor.accessTestSuiteMainPhase(TestSuiteExecutor.java:112)
	at com.kms.katalon.core.main.TestSuiteExecutor.execute(TestSuiteExecutor.java:81)
	at com.kms.katalon.core.main.TestCaseMain.startTestSuite(TestCaseMain.java:149)
	at com.kms.katalon.core.main.TestCaseMain$startTestSuite$0.call(Unknown Source)
	at TempTestSuite1550476757023.run(TempTestSuite1550476757023.groovy:36)


2019-02-18 16:26:12 - [TEST_CASE][FAILED] - Test Cases/All TC/Arranged/2. Segment/OTC_Submit Form 7_End to End - Cheque: Test Cases/All TC/Arranged/2. Segment/OTC_Submit Form 7_End to End - Cheque FAILED.
Reason:
com.kms.katalon.core.exception.StepFailedException: Unable to set text '10/01/2019' of object 'Object Repository/KeatMun/Form 7_default/OTC_Application_Reg/Page_PERKESO/11.Tarikh Terima_stampedDtS' (Root cause: com.kms.katalon.core.webui.exception.WebElementNotFoundException: Web element with id: 'Object Repository/KeatMun/Form 7_default/OTC_Application_Reg/Page_PERKESO/11.Tarikh Terima_stampedDtS' located by 'By.xpath: //input[@id = 'stampedDtStr' and @name = 'stampedDtStr' and @type = 'text']' not found)
	at com.kms.katalon.core.keyword.internal.KeywordMain.stepFailed(KeywordMain.groovy:36)
	at com.kms.katalon.core.webui.keyword.internal.WebUIKeywordMain.stepFailed(WebUIKeywordMain.groovy:65)
	at com.kms.katalon.core.webui.keyword.internal.WebUIKeywordMain.runKeyword(WebUIKeywordMain.groovy:27)
	at com.kms.katalon.core.webui.keyword.builtin.SetTextKeyword.setText(SetTextKeyword.groovy:65)
	at com.kms.katalon.core.webui.keyword.builtin.SetTextKeyword.execute(SetTextKeyword.groovy:37)
	at com.kms.katalon.core.keyword.internal.KeywordExecutor.executeKeywordForPlatform(KeywordExecutor.groovy:53)
	at com.kms.katalon.core.webui.keyword.WebUiBuiltInKeywords.setText(WebUiBuiltInKeywords.groovy:950)
	at com.kms.katalon.core.webui.keyword.WebUiBuiltInKeywords$setText$1.call(Unknown Source)
	at OTC_Application_Reg.run(OTC_Application_Reg:74)
	at com.kms.katalon.core.main.ScriptEngine.run(ScriptEngine.java:194)
	at com.kms.katalon.core.main.ScriptEngine.runScriptAsRawText(ScriptEngine.java:119)
	at com.kms.katalon.core.main.TestCaseExecutor.runScript(TestCaseExecutor.java:328)
	at com.kms.katalon.core.main.TestCaseExecutor.doExecute(TestCaseExecutor.java:319)
	at com.kms.katalon.core.main.TestCaseExecutor.processExecutionPhase(TestCaseExecutor.java:298)
	at com.kms.katalon.core.main.TestCaseExecutor.accessMainPhase(TestCaseExecutor.java:290)
	at com.kms.katalon.core.main.TestCaseExecutor.execute(TestCaseExecutor.java:224)
	at com.kms.katalon.core.main.TestCaseMain.runTestCase(TestCaseMain.java:106)
	at com.kms.katalon.core.keyword.builtin.CallTestCaseKeyword$_callTestCase_closure1.doCall(CallTestCaseKeyword.groovy:59)
	at com.kms.katalon.core.keyword.builtin.CallTestCaseKeyword$_callTestCase_closure1.call(CallTestCaseKeyword.groovy)
	at com.kms.katalon.core.keyword.internal.KeywordMain.runKeyword(KeywordMain.groovy:54)
	at com.kms.katalon.core.keyword.builtin.CallTestCaseKeyword.callTestCase(CallTestCaseKeyword.groovy:80)
	at com.kms.katalon.core.keyword.builtin.CallTestCaseKeyword.execute(CallTestCaseKeyword.groovy:44)
	at com.kms.katalon.core.keyword.internal.KeywordExecutor.executeKeywordForPlatform(KeywordExecutor.groovy:53)
	at com.kms.katalon.core.keyword.BuiltinKeywords.callTestCase(BuiltinKeywords.groovy:334)
	at OTC_Submit Form 7_End to End - Cheque.run(OTC_Submit Form 7_End to End - Cheque:16)
	at com.kms.katalon.core.main.ScriptEngine.run(ScriptEngine.java:194)
	at com.kms.katalon.core.main.ScriptEngine.runScriptAsRawText(ScriptEngine.java:119)
	at com.kms.katalon.core.main.TestCaseExecutor.runScript(TestCaseExecutor.java:328)
	at com.kms.katalon.core.main.TestCaseExecutor.doExecute(TestCaseExecutor.java:319)
	at com.kms.katalon.core.main.TestCaseExecutor.processExecutionPhase(TestCaseExecutor.java:298)
	at com.kms.katalon.core.main.TestCaseExecutor.accessMainPhase(TestCaseExecutor.java:290)
	at com.kms.katalon.core.main.TestCaseExecutor.execute(TestCaseExecutor.java:224)
	at com.kms.katalon.core.main.TestCaseMain.runTestCase(TestCaseMain.java:106)
	at com.kms.katalon.core.keyword.builtin.CallTestCaseKeyword$_callTestCase_closure1.doCall(CallTestCaseKeyword.groovy:59)
	at com.kms.katalon.core.keyword.builtin.CallTestCaseKeyword$_callTestCase_closure1.call(CallTestCaseKeyword.groovy)
	at com.kms.katalon.core.keyword.internal.KeywordMain.runKeyword(KeywordMain.groovy:54)
	at com.kms.katalon.core.keyword.builtin.CallTestCaseKeyword.callTestCase(CallTestCaseKeyword.groovy:80)
	at com.kms.katalon.core.keyword.builtin.CallTestCaseKeyword.execute(CallTestCaseKeyword.groovy:44)
	at com.kms.katalon.core.keyword.internal.KeywordExecutor.executeKeywordForPlatform(KeywordExecutor.groovy:53)
	at com.kms.katalon.core.keyword.BuiltinKeywords.callTestCase(BuiltinKeywords.groovy:334)
	at Reject Claim - DA.run(Reject Claim - DA:16)
	at com.kms.katalon.core.main.ScriptEngine.run(ScriptEngine.java:194)
	at com.kms.katalon.core.main.ScriptEngine.runScriptAsRawText(ScriptEngine.java:119)
	at com.kms.katalon.core.main.TestCaseExecutor.runScript(TestCaseExecutor.java:328)
	at com.kms.katalon.core.main.TestCaseExecutor.doExecute(TestCaseExecutor.java:319)
	at com.kms.katalon.core.main.TestCaseExecutor.processExecutionPhase(TestCaseExecutor.java:298)
	at com.kms.katalon.core.main.TestCaseExecutor.accessMainPhase(TestCaseExecutor.java:290)
	at com.kms.katalon.core.main.TestCaseExecutor.execute(TestCaseExecutor.java:224)
	at com.kms.katalon.core.main.TestSuiteExecutor.accessTestCaseMainPhase(TestSuiteExecutor.java:129)
	at com.kms.katalon.core.main.TestSuiteExecutor.accessTestSuiteMainPhase(TestSuiteExecutor.java:112)
	at com.kms.katalon.core.main.TestSuiteExecutor.execute(TestSuiteExecutor.java:81)
	at com.kms.katalon.core.main.TestCaseMain.startTestSuite(TestCaseMain.java:149)
	at com.kms.katalon.core.main.TestCaseMain$startTestSuite$0.call(Unknown Source)
	at TempTestSuite1550476757023.run(TempTestSuite1550476757023.groovy:36)


2019-02-18 16:26:12 - [TEST_STEP][FAILED] - callTestCase(findTestCase("All TC/Arranged/3. Unit/EI/Form 7_default/OTC_Application_Reg"), [:], STOP_ON_FAILURE): callTestCase(findTestCase("All TC/Arranged/3. Unit/EI/Form 7_default/OTC_Application_Reg"), [:], STOP_ON_FAILURE) FAILED.
Reason:
com.kms.katalon.core.exception.StepFailedException: Unable to set text '10/01/2019' of object 'Object Repository/KeatMun/Form 7_default/OTC_Application_Reg/Page_PERKESO/11.Tarikh Terima_stampedDtS' (Root cause: com.kms.katalon.core.webui.exception.WebElementNotFoundException: Web element with id: 'Object Repository/KeatMun/Form 7_default/OTC_Application_Reg/Page_PERKESO/11.Tarikh Terima_stampedDtS' located by 'By.xpath: //input[@id = 'stampedDtStr' and @name = 'stampedDtStr' and @type = 'text']' not found)
	at com.kms.katalon.core.keyword.internal.KeywordMain.stepFailed(KeywordMain.groovy:36)
	at com.kms.katalon.core.webui.keyword.internal.WebUIKeywordMain.stepFailed(WebUIKeywordMain.groovy:65)
	at com.kms.katalon.core.webui.keyword.internal.WebUIKeywordMain.runKeyword(WebUIKeywordMain.groovy:27)
	at com.kms.katalon.core.webui.keyword.builtin.SetTextKeyword.setText(SetTextKeyword.groovy:65)
	at com.kms.katalon.core.webui.keyword.builtin.SetTextKeyword.execute(SetTextKeyword.groovy:37)
	at com.kms.katalon.core.keyword.internal.KeywordExecutor.executeKeywordForPlatform(KeywordExecutor.groovy:53)
	at com.kms.katalon.core.webui.keyword.WebUiBuiltInKeywords.setText(WebUiBuiltInKeywords.groovy:950)
	at com.kms.katalon.core.webui.keyword.WebUiBuiltInKeywords$setText$1.call(Unknown Source)
	at OTC_Application_Reg.run(OTC_Application_Reg:74)
	at com.kms.katalon.core.main.ScriptEngine.run(ScriptEngine.java:194)
	at com.kms.katalon.core.main.ScriptEngine.runScriptAsRawText(ScriptEngine.java:119)
	at com.kms.katalon.core.main.TestCaseExecutor.runScript(TestCaseExecutor.java:328)
	at com.kms.katalon.core.main.TestCaseExecutor.doExecute(TestCaseExecutor.java:319)
	at com.kms.katalon.core.main.TestCaseExecutor.processExecutionPhase(TestCaseExecutor.java:298)
	at com.kms.katalon.core.main.TestCaseExecutor.accessMainPhase(TestCaseExecutor.java:290)
	at com.kms.katalon.core.main.TestCaseExecutor.execute(TestCaseExecutor.java:224)
	at com.kms.katalon.core.main.TestCaseMain.runTestCase(TestCaseMain.java:106)
	at com.kms.katalon.core.keyword.builtin.CallTestCaseKeyword$_callTestCase_closure1.doCall(CallTestCaseKeyword.groovy:59)
	at com.kms.katalon.core.keyword.builtin.CallTestCaseKeyword$_callTestCase_closure1.call(CallTestCaseKeyword.groovy)
	at com.kms.katalon.core.keyword.internal.KeywordMain.runKeyword(KeywordMain.groovy:54)
	at com.kms.katalon.core.keyword.builtin.CallTestCaseKeyword.callTestCase(CallTestCaseKeyword.groovy:80)
	at com.kms.katalon.core.keyword.builtin.CallTestCaseKeyword.execute(CallTestCaseKeyword.groovy:44)
	at com.kms.katalon.core.keyword.internal.KeywordExecutor.executeKeywordForPlatform(KeywordExecutor.groovy:53)
	at com.kms.katalon.core.keyword.BuiltinKeywords.callTestCase(BuiltinKeywords.groovy:334)
	at OTC_Submit Form 7_End to End - Cheque.run(OTC_Submit Form 7_End to End - Cheque:16)
	at com.kms.katalon.core.main.ScriptEngine.run(ScriptEngine.java:194)
	at com.kms.katalon.core.main.ScriptEngine.runScriptAsRawText(ScriptEngine.java:119)
	at com.kms.katalon.core.main.TestCaseExecutor.runScript(TestCaseExecutor.java:328)
	at com.kms.katalon.core.main.TestCaseExecutor.doExecute(TestCaseExecutor.java:319)
	at com.kms.katalon.core.main.TestCaseExecutor.processExecutionPhase(TestCaseExecutor.java:298)
	at com.kms.katalon.core.main.TestCaseExecutor.accessMainPhase(TestCaseExecutor.java:290)
	at com.kms.katalon.core.main.TestCaseExecutor.execute(TestCaseExecutor.java:224)
	at com.kms.katalon.core.main.TestCaseMain.runTestCase(TestCaseMain.java:106)
	at com.kms.katalon.core.keyword.builtin.CallTestCaseKeyword$_callTestCase_closure1.doCall(CallTestCaseKeyword.groovy:59)
	at com.kms.katalon.core.keyword.builtin.CallTestCaseKeyword$_callTestCase_closure1.call(CallTestCaseKeyword.groovy)
	at com.kms.katalon.core.keyword.internal.KeywordMain.runKeyword(KeywordMain.groovy:54)
	at com.kms.katalon.core.keyword.builtin.CallTestCaseKeyword.callTestCase(CallTestCaseKeyword.groovy:80)
	at com.kms.katalon.core.keyword.builtin.CallTestCaseKeyword.execute(CallTestCaseKeyword.groovy:44)
	at com.kms.katalon.core.keyword.internal.KeywordExecutor.executeKeywordForPlatform(KeywordExecutor.groovy:53)
	at com.kms.katalon.core.keyword.BuiltinKeywords.callTestCase(BuiltinKeywords.groovy:334)
	at Reject Claim - DA.run(Reject Claim - DA:16)
	at com.kms.katalon.core.main.ScriptEngine.run(ScriptEngine.java:194)
	at com.kms.katalon.core.main.ScriptEngine.runScriptAsRawText(ScriptEngine.java:119)
	at com.kms.katalon.core.main.TestCaseExecutor.runScript(TestCaseExecutor.java:328)
	at com.kms.katalon.core.main.TestCaseExecutor.doExecute(TestCaseExecutor.java:319)
	at com.kms.katalon.core.main.TestCaseExecutor.processExecutionPhase(TestCaseExecutor.java:298)
	at com.kms.katalon.core.main.TestCaseExecutor.accessMainPhase(TestCaseExecutor.java:290)
	at com.kms.katalon.core.main.TestCaseExecutor.execute(TestCaseExecutor.java:224)
	at com.kms.katalon.core.main.TestSuiteExecutor.accessTestCaseMainPhase(TestSuiteExecutor.java:129)
	at com.kms.katalon.core.main.TestSuiteExecutor.accessTestSuiteMainPhase(TestSuiteExecutor.java:112)
	at com.kms.katalon.core.main.TestSuiteExecutor.execute(TestSuiteExecutor.java:81)
	at com.kms.katalon.core.main.TestCaseMain.startTestSuite(TestCaseMain.java:149)
	at com.kms.katalon.core.main.TestCaseMain$startTestSuite$0.call(Unknown Source)
	at TempTestSuite1550476757023.run(TempTestSuite1550476757023.groovy:36)


2019-02-18 16:26:12 - [TEST_CASE][FAILED] - Test Cases/All TC/Arranged/3. Unit/EI/Form 7_default/OTC_Application_Reg: Test Cases/All TC/Arranged/3. Unit/EI/Form 7_default/OTC_Application_Reg FAILED.
Reason:
com.kms.katalon.core.exception.StepFailedException: Unable to set text '10/01/2019' of object 'Object Repository/KeatMun/Form 7_default/OTC_Application_Reg/Page_PERKESO/11.Tarikh Terima_stampedDtS' (Root cause: com.kms.katalon.core.webui.exception.WebElementNotFoundException: Web element with id: 'Object Repository/KeatMun/Form 7_default/OTC_Application_Reg/Page_PERKESO/11.Tarikh Terima_stampedDtS' located by 'By.xpath: //input[@id = 'stampedDtStr' and @name = 'stampedDtStr' and @type = 'text']' not found)
	at com.kms.katalon.core.keyword.internal.KeywordMain.stepFailed(KeywordMain.groovy:36)
	at com.kms.katalon.core.webui.keyword.internal.WebUIKeywordMain.stepFailed(WebUIKeywordMain.groovy:65)
	at com.kms.katalon.core.webui.keyword.internal.WebUIKeywordMain.runKeyword(WebUIKeywordMain.groovy:27)
	at com.kms.katalon.core.webui.keyword.builtin.SetTextKeyword.setText(SetTextKeyword.groovy:65)
	at com.kms.katalon.core.webui.keyword.builtin.SetTextKeyword.execute(SetTextKeyword.groovy:37)
	at com.kms.katalon.core.keyword.internal.KeywordExecutor.executeKeywordForPlatform(KeywordExecutor.groovy:53)
	at com.kms.katalon.core.webui.keyword.WebUiBuiltInKeywords.setText(WebUiBuiltInKeywords.groovy:950)
	at com.kms.katalon.core.webui.keyword.WebUiBuiltInKeywords$setText$1.call(Unknown Source)
	at OTC_Application_Reg.run(OTC_Application_Reg:74)
	at com.kms.katalon.core.main.ScriptEngine.run(ScriptEngine.java:194)
	at com.kms.katalon.core.main.ScriptEngine.runScriptAsRawText(ScriptEngine.java:119)
	at com.kms.katalon.core.main.TestCaseExecutor.runScript(TestCaseExecutor.java:328)
	at com.kms.katalon.core.main.TestCaseExecutor.doExecute(TestCaseExecutor.java:319)
	at com.kms.katalon.core.main.TestCaseExecutor.processExecutionPhase(TestCaseExecutor.java:298)
	at com.kms.katalon.core.main.TestCaseExecutor.accessMainPhase(TestCaseExecutor.java:290)
	at com.kms.katalon.core.main.TestCaseExecutor.execute(TestCaseExecutor.java:224)
	at com.kms.katalon.core.main.TestCaseMain.runTestCase(TestCaseMain.java:106)
	at com.kms.katalon.core.keyword.builtin.CallTestCaseKeyword$_callTestCase_closure1.doCall(CallTestCaseKeyword.groovy:59)
	at com.kms.katalon.core.keyword.builtin.CallTestCaseKeyword$_callTestCase_closure1.call(CallTestCaseKeyword.groovy)
	at com.kms.katalon.core.keyword.internal.KeywordMain.runKeyword(KeywordMain.groovy:54)
	at com.kms.katalon.core.keyword.builtin.CallTestCaseKeyword.callTestCase(CallTestCaseKeyword.groovy:80)
	at com.kms.katalon.core.keyword.builtin.CallTestCaseKeyword.execute(CallTestCaseKeyword.groovy:44)
	at com.kms.katalon.core.keyword.internal.KeywordExecutor.executeKeywordForPlatform(KeywordExecutor.groovy:53)
	at com.kms.katalon.core.keyword.BuiltinKeywords.callTestCase(BuiltinKeywords.groovy:334)
	at OTC_Submit Form 7_End to End - Cheque.run(OTC_Submit Form 7_End to End - Cheque:16)
	at com.kms.katalon.core.main.ScriptEngine.run(ScriptEngine.java:194)
	at com.kms.katalon.core.main.ScriptEngine.runScriptAsRawText(ScriptEngine.java:119)
	at com.kms.katalon.core.main.TestCaseExecutor.runScript(TestCaseExecutor.java:328)
	at com.kms.katalon.core.main.TestCaseExecutor.doExecute(TestCaseExecutor.java:319)
	at com.kms.katalon.core.main.TestCaseExecutor.processExecutionPhase(TestCaseExecutor.java:298)
	at com.kms.katalon.core.main.TestCaseExecutor.accessMainPhase(TestCaseExecutor.java:290)
	at com.kms.katalon.core.main.TestCaseExecutor.execute(TestCaseExecutor.java:224)
	at com.kms.katalon.core.main.TestCaseMain.runTestCase(TestCaseMain.java:106)
	at com.kms.katalon.core.keyword.builtin.CallTestCaseKeyword$_callTestCase_closure1.doCall(CallTestCaseKeyword.groovy:59)
	at com.kms.katalon.core.keyword.builtin.CallTestCaseKeyword$_callTestCase_closure1.call(CallTestCaseKeyword.groovy)
	at com.kms.katalon.core.keyword.internal.KeywordMain.runKeyword(KeywordMain.groovy:54)
	at com.kms.katalon.core.keyword.builtin.CallTestCaseKeyword.callTestCase(CallTestCaseKeyword.groovy:80)
	at com.kms.katalon.core.keyword.builtin.CallTestCaseKeyword.execute(CallTestCaseKeyword.groovy:44)
	at com.kms.katalon.core.keyword.internal.KeywordExecutor.executeKeywordForPlatform(KeywordExecutor.groovy:53)
	at com.kms.katalon.core.keyword.BuiltinKeywords.callTestCase(BuiltinKeywords.groovy:334)
	at Reject Claim - DA.run(Reject Claim - DA:16)
	at com.kms.katalon.core.main.ScriptEngine.run(ScriptEngine.java:194)
	at com.kms.katalon.core.main.ScriptEngine.runScriptAsRawText(ScriptEngine.java:119)
	at com.kms.katalon.core.main.TestCaseExecutor.runScript(TestCaseExecutor.java:328)
	at com.kms.katalon.core.main.TestCaseExecutor.doExecute(TestCaseExecutor.java:319)
	at com.kms.katalon.core.main.TestCaseExecutor.processExecutionPhase(TestCaseExecutor.java:298)
	at com.kms.katalon.core.main.TestCaseExecutor.accessMainPhase(TestCaseExecutor.java:290)
	at com.kms.katalon.core.main.TestCaseExecutor.execute(TestCaseExecutor.java:224)
	at com.kms.katalon.core.main.TestSuiteExecutor.accessTestCaseMainPhase(TestSuiteExecutor.java:129)
	at com.kms.katalon.core.main.TestSuiteExecutor.accessTestSuiteMainPhase(TestSuiteExecutor.java:112)
	at com.kms.katalon.core.main.TestSuiteExecutor.execute(TestSuiteExecutor.java:81)
	at com.kms.katalon.core.main.TestCaseMain.startTestSuite(TestCaseMain.java:149)
	at com.kms.katalon.core.main.TestCaseMain$startTestSuite$0.call(Unknown Source)
	at TempTestSuite1550476757023.run(TempTestSuite1550476757023.groovy:36)


2019-02-18 16:26:12 - [TEST_STEP][PASSED] - openBrowser(""): Browser is opened with url: ''

2019-02-18 16:26:12 - [MESSAGE][WARNING] - A browser is already opened. Closing browser and opening a new one

2019-02-18 16:26:14 - [MESSAGE][INFO] - Starting 'Chrome' driver

2019-02-18 16:26:14 - [MESSAGE][INFO] - User set preference: ['args', '[--start-maximized]']

2019-02-18 16:26:18 - [MESSAGE][PASSED] - Browser is opened with url: ''

2019-02-18 16:26:18 - [TEST_STEP][PASSED] - navigateToUrl(Internal_Login): Navigate to 'http://10.20.24.188/eisportal/user/login' successfully

2019-02-18 16:26:20 - [MESSAGE][PASSED] - Navigate to 'http://10.20.24.188/eisportal/user/login' successfully

2019-02-18 16:26:20 - [TEST_STEP][PASSED] - delay(3): Delayed 3 second(s)

2019-02-18 16:26:23 - [MESSAGE][PASSED] - Delayed 3 second(s)

2019-02-18 16:26:23 - [TEST_STEP][PASSED] - setText(findTestObject("KeatMun/Form 7_default/OTC_Application_Reg/Page_PERKESO/1.username"), "faizal.hamid@perkeso.gov.my"): Text 'faizal.hamid@perkeso.gov.my' is set on object 'Object Repository/KeatMun/Form 7_default/OTC_Application_Reg/Page_PERKESO/1.username'

2019-02-18 16:26:27 - [MESSAGE][PASSED] - Text 'faizal.hamid@perkeso.gov.my' is set on object 'Object Repository/KeatMun/Form 7_default/OTC_Application_Reg/Page_PERKESO/1.username'

2019-02-18 16:26:27 - [TEST_STEP][PASSED] - delay(1): Delayed 1 second(s)

2019-02-18 16:26:28 - [MESSAGE][PASSED] - Delayed 1 second(s)

2019-02-18 16:26:28 - [TEST_STEP][PASSED] - setEncryptedText(findTestObject("KeatMun/Form 7_default/OTC_Application_Reg/Page_PERKESO/2.password"), "CQqwFZlbeC8="): Text ****** has been set on object 'Object Repository/KeatMun/Form 7_default/OTC_Application_Reg/Page_PERKESO/2.password'

2019-02-18 16:26:31 - [MESSAGE][PASSED] - Text ****** has been set on object 'Object Repository/KeatMun/Form 7_default/OTC_Application_Reg/Page_PERKESO/2.password'

2019-02-18 16:26:31 - [TEST_STEP][PASSED] - delay(2): Delayed 2 second(s)

2019-02-18 16:26:33 - [MESSAGE][PASSED] - Delayed 2 second(s)

2019-02-18 16:26:33 - [TEST_STEP][PASSED] - click(findTestObject("KeatMun/Form 7_default/OTC_Application_Reg/Page_PERKESO/3.login button")): Object: 'Object Repository/KeatMun/Form 7_default/OTC_Application_Reg/Page_PERKESO/3.login button' is clicked on

2019-02-18 16:26:36 - [MESSAGE][PASSED] - Object: 'Object Repository/KeatMun/Form 7_default/OTC_Application_Reg/Page_PERKESO/3.login button' is clicked on

2019-02-18 16:26:36 - [TEST_STEP][PASSED] - delay(2): Delayed 2 second(s)

2019-02-18 16:26:38 - [MESSAGE][PASSED] - Delayed 2 second(s)

2019-02-18 16:26:38 - [TEST_STEP][PASSED] - click(findTestObject("KeatMun/Form 7_default/OTC_Application_Reg/Page_PERKESO/4. Permohonan tab")): Object: 'Object Repository/KeatMun/Form 7_default/OTC_Application_Reg/Page_PERKESO/4. Permohonan tab' is clicked on

2019-02-18 16:26:41 - [MESSAGE][PASSED] - Object: 'Object Repository/KeatMun/Form 7_default/OTC_Application_Reg/Page_PERKESO/4. Permohonan tab' is clicked on

2019-02-18 16:26:41 - [TEST_STEP][PASSED] - delay(2): Delayed 2 second(s)

2019-02-18 16:26:43 - [MESSAGE][PASSED] - Delayed 2 second(s)

2019-02-18 16:26:43 - [TEST_STEP][PASSED] - click(findTestObject("KeatMun/Form 7_default/OTC_Application_Reg/Page_PERKESO/5.button_Setuju")): Object: 'Object Repository/KeatMun/Form 7_default/OTC_Application_Reg/Page_PERKESO/5.button_Setuju' is clicked on

2019-02-18 16:26:46 - [MESSAGE][PASSED] - Object: 'Object Repository/KeatMun/Form 7_default/OTC_Application_Reg/Page_PERKESO/5.button_Setuju' is clicked on

2019-02-18 16:26:46 - [TEST_STEP][PASSED] - delay(2): Delayed 2 second(s)

2019-02-18 16:26:48 - [MESSAGE][PASSED] - Delayed 2 second(s)

2019-02-18 16:26:48 - [TEST_STEP][PASSED] - IC = "950000140036": null

2019-02-18 16:26:48 - [TEST_STEP][PASSED] - setText(findTestObject("KeatMun/Form 7_default/OTC_Application_Reg/Page_PERKESO/6.No. Kad Pengenalan"), IC): Text '950000140036' is set on object 'Object Repository/KeatMun/Form 7_default/OTC_Application_Reg/Page_PERKESO/6.No. Kad Pengenalan'

2019-02-18 16:26:52 - [MESSAGE][PASSED] - Text '950000140036' is set on object 'Object Repository/KeatMun/Form 7_default/OTC_Application_Reg/Page_PERKESO/6.No. Kad Pengenalan'

2019-02-18 16:26:52 - [TEST_STEP][PASSED] - callTestCase(findTestCase("All TC/Arranged/1. Common/1.2 Setter/Setter IC"), [:], STOP_ON_FAILURE): Call Test Case 'Test Cases/All TC/Arranged/1. Common/1.2 Setter/Setter IC' successfully

2019-02-18 16:26:52 - [TEST_CASE][PASSED] - Test Cases/All TC/Arranged/1. Common/1.2 Setter/Setter IC: Test Cases/All TC/Arranged/1. Common/1.2 Setter/Setter IC

2019-02-18 16:26:52 - [TEST_STEP][PASSED] - RefNoOldFile = new java.io.File((internal.GlobalVariable.TextFilePathCommon + \getIC.txt)): null

2019-02-18 16:26:52 - [TEST_STEP][PASSED] - RefNoOldFile.delete(): null

2019-02-18 16:26:52 - [TEST_STEP][PASSED] - delay(5): Delayed 5 second(s)

2019-02-18 16:26:57 - [MESSAGE][PASSED] - Delayed 5 second(s)

2019-02-18 16:26:57 - [TEST_STEP][PASSED] - RefNo = new java.io.File((internal.GlobalVariable.TextFilePathCommon + \getIC.txt)): null

2019-02-18 16:26:57 - [TEST_STEP][PASSED] - f2 = new java.io.FileWriter(RefNo, false): null

2019-02-18 16:26:57 - [TEST_STEP][PASSED] - f2.write(IC): null

2019-02-18 16:26:57 - [TEST_STEP][PASSED] - f2.close(): null

2019-02-18 16:26:57 - [TEST_STEP][PASSED] - out.println("


" + IC + "


"): null

2019-02-18 16:26:57 - [MESSAGE][PASSED] - Call Test Case 'Test Cases/All TC/Arranged/1. Common/1.2 Setter/Setter IC' successfully

2019-02-18 16:26:57 - [TEST_STEP][PASSED] - delay(2): Delayed 2 second(s)

2019-02-18 16:26:59 - [MESSAGE][PASSED] - Delayed 2 second(s)

2019-02-18 16:26:59 - [TEST_STEP][PASSED] - click(findTestObject("KeatMun/Form 7_default/OTC_Application_Reg/Page_PERKESO/7.button_Semak")): Object: 'Object Repository/KeatMun/Form 7_default/OTC_Application_Reg/Page_PERKESO/7.button_Semak' is clicked on

2019-02-18 16:27:01 - [MESSAGE][PASSED] - Object: 'Object Repository/KeatMun/Form 7_default/OTC_Application_Reg/Page_PERKESO/7.button_Semak' is clicked on

2019-02-18 16:27:01 - [TEST_STEP][PASSED] - delay(4): Delayed 4 second(s)

2019-02-18 16:27:05 - [MESSAGE][PASSED] - Delayed 4 second(s)

2019-02-18 16:27:05 - [TEST_STEP][PASSED] - click(findTestObject("KeatMun/Form 7_default/OTC_Application_Reg/Page_PERKESO/8. Nama Majikan Dropdown")): Object: 'Object Repository/KeatMun/Form 7_default/OTC_Application_Reg/Page_PERKESO/8. Nama Majikan Dropdown' is clicked on

2019-02-18 16:27:09 - [MESSAGE][PASSED] - Object: 'Object Repository/KeatMun/Form 7_default/OTC_Application_Reg/Page_PERKESO/8. Nama Majikan Dropdown' is clicked on

2019-02-18 16:27:09 - [TEST_STEP][PASSED] - setText(findTestObject("KeatMun/Form 7_default/OTC_Application_Reg/Page_PERKESO/8. LOE emp"), "mon"): Text 'mon' is set on object 'Object Repository/KeatMun/Form 7_default/OTC_Application_Reg/Page_PERKESO/8. LOE emp'

2019-02-18 16:27:13 - [MESSAGE][PASSED] - Text 'mon' is set on object 'Object Repository/KeatMun/Form 7_default/OTC_Application_Reg/Page_PERKESO/8. LOE emp'

2019-02-18 16:27:14 - [TEST_STEP][PASSED] - click(findTestObject("KeatMun/Form 7_default/OTC_Application_Reg/Page_PERKESO/8. MONSOON MOTEL")): Object: 'Object Repository/KeatMun/Form 7_default/OTC_Application_Reg/Page_PERKESO/8. MONSOON MOTEL' is clicked on

2019-02-18 16:27:16 - [MESSAGE][PASSED] - Object: 'Object Repository/KeatMun/Form 7_default/OTC_Application_Reg/Page_PERKESO/8. MONSOON MOTEL' is clicked on

2019-02-18 16:27:16 - [TEST_STEP][PASSED] - delay(2): Delayed 2 second(s)

2019-02-18 16:27:18 - [MESSAGE][PASSED] - Delayed 2 second(s)

2019-02-18 16:27:18 - [TEST_STEP][PASSED] - setText(findTestObject("KeatMun/Form 7_default/OTC_Application_Reg/Page_PERKESO/9.Tarikh kehilangan pkj"), "10/01/2019"): Text '10/01/2019' is set on object 'Object Repository/KeatMun/Form 7_default/OTC_Application_Reg/Page_PERKESO/9.Tarikh kehilangan pkj'

2019-02-18 16:27:22 - [MESSAGE][PASSED] - Text '10/01/2019' is set on object 'Object Repository/KeatMun/Form 7_default/OTC_Application_Reg/Page_PERKESO/9.Tarikh kehilangan pkj'

2019-02-18 16:27:22 - [TEST_STEP][PASSED] - delay(2): Delayed 2 second(s)

2019-02-18 16:27:24 - [MESSAGE][PASSED] - Delayed 2 second(s)

2019-02-18 16:27:24 - [TEST_STEP][PASSED] - click(findTestObject("KeatMun/Form 7_default/OTC_Application_Reg/Page_PERKESO/9. Date Picker Done Button ")): Object: 'Object Repository/KeatMun/Form 7_default/OTC_Application_Reg/Page_PERKESO/9. Date Picker Done Button ' is clicked on

2019-02-18 16:27:26 - [MESSAGE][PASSED] - Object: 'Object Repository/KeatMun/Form 7_default/OTC_Application_Reg/Page_PERKESO/9. Date Picker Done Button ' is clicked on

2019-02-18 16:27:26 - [TEST_STEP][PASSED] - delay(2): Delayed 2 second(s)

2019-02-18 16:27:28 - [MESSAGE][PASSED] - Delayed 2 second(s)

2019-02-18 16:27:28 - [TEST_STEP][PASSED] - click(findTestObject("KeatMun/Form 7_default/OTC_Application_Reg/Page_PERKESO/10.button_Mohon")): Object: 'Object Repository/KeatMun/Form 7_default/OTC_Application_Reg/Page_PERKESO/10.button_Mohon' is clicked on

2019-02-18 16:27:30 - [MESSAGE][PASSED] - Object: 'Object Repository/KeatMun/Form 7_default/OTC_Application_Reg/Page_PERKESO/10.button_Mohon' is clicked on

2019-02-18 16:27:30 - [TEST_STEP][PASSED] - delay(2): Delayed 2 second(s)

2019-02-18 16:27:32 - [MESSAGE][PASSED] - Delayed 2 second(s)

2019-02-18 16:27:32 - [TEST_STEP][FAILED] - setText(findTestObject("KeatMun/Form 7_default/OTC_Application_Reg/Page_PERKESO/11.Tarikh Terima_stampedDtS"), "10/01/2019"): setText(findTestObject("KeatMun/Form 7_default/OTC_Application_Reg/Page_PERKESO/11.Tarikh Terima_stampedDtS"), "10/01/2019") FAILED.
Reason:
com.kms.katalon.core.exception.StepFailedException: Unable to set text '10/01/2019' of object 'Object Repository/KeatMun/Form 7_default/OTC_Application_Reg/Page_PERKESO/11.Tarikh Terima_stampedDtS' (Root cause: com.kms.katalon.core.webui.exception.WebElementNotFoundException: Web element with id: 'Object Repository/KeatMun/Form 7_default/OTC_Application_Reg/Page_PERKESO/11.Tarikh Terima_stampedDtS' located by 'By.xpath: //input[@id = 'stampedDtStr' and @name = 'stampedDtStr' and @type = 'text']' not found)
	at com.kms.katalon.core.keyword.internal.KeywordMain.stepFailed(KeywordMain.groovy:36)
	at com.kms.katalon.core.webui.keyword.internal.WebUIKeywordMain.stepFailed(WebUIKeywordMain.groovy:65)
	at com.kms.katalon.core.webui.keyword.internal.WebUIKeywordMain.runKeyword(WebUIKeywordMain.groovy:27)
	at com.kms.katalon.core.webui.keyword.builtin.SetTextKeyword.setText(SetTextKeyword.groovy:65)
	at com.kms.katalon.core.webui.keyword.builtin.SetTextKeyword.execute(SetTextKeyword.groovy:37)
	at com.kms.katalon.core.keyword.internal.KeywordExecutor.executeKeywordForPlatform(KeywordExecutor.groovy:53)
	at com.kms.katalon.core.webui.keyword.WebUiBuiltInKeywords.setText(WebUiBuiltInKeywords.groovy:950)
	at com.kms.katalon.core.webui.keyword.WebUiBuiltInKeywords$setText$1.call(Unknown Source)
	at OTC_Application_Reg.run(OTC_Application_Reg:74)
	at com.kms.katalon.core.main.ScriptEngine.run(ScriptEngine.java:194)
	at com.kms.katalon.core.main.ScriptEngine.runScriptAsRawText(ScriptEngine.java:119)
	at com.kms.katalon.core.main.TestCaseExecutor.runScript(TestCaseExecutor.java:328)
	at com.kms.katalon.core.main.TestCaseExecutor.doExecute(TestCaseExecutor.java:319)
	at com.kms.katalon.core.main.TestCaseExecutor.processExecutionPhase(TestCaseExecutor.java:298)
	at com.kms.katalon.core.main.TestCaseExecutor.accessMainPhase(TestCaseExecutor.java:290)
	at com.kms.katalon.core.main.TestCaseExecutor.execute(TestCaseExecutor.java:224)
	at com.kms.katalon.core.main.TestCaseMain.runTestCase(TestCaseMain.java:106)
	at com.kms.katalon.core.keyword.builtin.CallTestCaseKeyword$_callTestCase_closure1.doCall(CallTestCaseKeyword.groovy:59)
	at com.kms.katalon.core.keyword.builtin.CallTestCaseKeyword$_callTestCase_closure1.call(CallTestCaseKeyword.groovy)
	at com.kms.katalon.core.keyword.internal.KeywordMain.runKeyword(KeywordMain.groovy:54)
	at com.kms.katalon.core.keyword.builtin.CallTestCaseKeyword.callTestCase(CallTestCaseKeyword.groovy:80)
	at com.kms.katalon.core.keyword.builtin.CallTestCaseKeyword.execute(CallTestCaseKeyword.groovy:44)
	at com.kms.katalon.core.keyword.internal.KeywordExecutor.executeKeywordForPlatform(KeywordExecutor.groovy:53)
	at com.kms.katalon.core.keyword.BuiltinKeywords.callTestCase(BuiltinKeywords.groovy:334)
	at OTC_Submit Form 7_End to End - Cheque.run(OTC_Submit Form 7_End to End - Cheque:16)
	at com.kms.katalon.core.main.ScriptEngine.run(ScriptEngine.java:194)
	at com.kms.katalon.core.main.ScriptEngine.runScriptAsRawText(ScriptEngine.java:119)
	at com.kms.katalon.core.main.TestCaseExecutor.runScript(TestCaseExecutor.java:328)
	at com.kms.katalon.core.main.TestCaseExecutor.doExecute(TestCaseExecutor.java:319)
	at com.kms.katalon.core.main.TestCaseExecutor.processExecutionPhase(TestCaseExecutor.java:298)
	at com.kms.katalon.core.main.TestCaseExecutor.accessMainPhase(TestCaseExecutor.java:290)
	at com.kms.katalon.core.main.TestCaseExecutor.execute(TestCaseExecutor.java:224)
	at com.kms.katalon.core.main.TestCaseMain.runTestCase(TestCaseMain.java:106)
	at com.kms.katalon.core.keyword.builtin.CallTestCaseKeyword$_callTestCase_closure1.doCall(CallTestCaseKeyword.groovy:59)
	at com.kms.katalon.core.keyword.builtin.CallTestCaseKeyword$_callTestCase_closure1.call(CallTestCaseKeyword.groovy)
	at com.kms.katalon.core.keyword.internal.KeywordMain.runKeyword(KeywordMain.groovy:54)
	at com.kms.katalon.core.keyword.builtin.CallTestCaseKeyword.callTestCase(CallTestCaseKeyword.groovy:80)
	at com.kms.katalon.core.keyword.builtin.CallTestCaseKeyword.execute(CallTestCaseKeyword.groovy:44)
	at com.kms.katalon.core.keyword.internal.KeywordExecutor.executeKeywordForPlatform(KeywordExecutor.groovy:53)
	at com.kms.katalon.core.keyword.BuiltinKeywords.callTestCase(BuiltinKeywords.groovy:334)
	at Reject Claim - DA.run(Reject Claim - DA:16)
	at com.kms.katalon.core.main.ScriptEngine.run(ScriptEngine.java:194)
	at com.kms.katalon.core.main.ScriptEngine.runScriptAsRawText(ScriptEngine.java:119)
	at com.kms.katalon.core.main.TestCaseExecutor.runScript(TestCaseExecutor.java:328)
	at com.kms.katalon.core.main.TestCaseExecutor.doExecute(TestCaseExecutor.java:319)
	at com.kms.katalon.core.main.TestCaseExecutor.processExecutionPhase(TestCaseExecutor.java:298)
	at com.kms.katalon.core.main.TestCaseExecutor.accessMainPhase(TestCaseExecutor.java:290)
	at com.kms.katalon.core.main.TestCaseExecutor.execute(TestCaseExecutor.java:224)
	at com.kms.katalon.core.main.TestSuiteExecutor.accessTestCaseMainPhase(TestSuiteExecutor.java:129)
	at com.kms.katalon.core.main.TestSuiteExecutor.accessTestSuiteMainPhase(TestSuiteExecutor.java:112)
	at com.kms.katalon.core.main.TestSuiteExecutor.execute(TestSuiteExecutor.java:81)
	at com.kms.katalon.core.main.TestCaseMain.startTestSuite(TestCaseMain.java:149)
	at com.kms.katalon.core.main.TestCaseMain$startTestSuite$0.call(Unknown Source)
	at TempTestSuite1550476757023.run(TempTestSuite1550476757023.groovy:36)


2019-02-18 16:28:03 - [MESSAGE][INFO] - Unable to find the element located by 'By.xpath: //input[@id = 'stampedDtStr' and @name = 'stampedDtStr' and @type = 'text']'. Please recheck the objects properties to make sure the desired element is located. 

2019-02-18 16:28:04 - [MESSAGE][FAILED] - Unable to set text '10/01/2019' of object 'Object Repository/KeatMun/Form 7_default/OTC_Application_Reg/Page_PERKESO/11.Tarikh Terima_stampedDtS' (Root cause: com.kms.katalon.core.webui.exception.WebElementNotFoundException: Web element with id: 'Object Repository/KeatMun/Form 7_default/OTC_Application_Reg/Page_PERKESO/11.Tarikh Terima_stampedDtS' located by 'By.xpath: //input[@id = 'stampedDtStr' and @name = 'stampedDtStr' and @type = 'text']' not found)
[[ATTACHMENT|C:\\Users\\Admin\\Documents\\GitHub\\PKSKatalon\\PKS-EI-ES\\Reports\\New Test Suite\\20190218_155917\\1550478483158.png]]

2019-02-18 16:28:04 - [MESSAGE][FAILED] - setText(findTestObject("KeatMun/Form 7_default/OTC_Application_Reg/Page_PERKESO/11.Tarikh Terima_stampedDtS"), "10/01/2019") FAILED.
Reason:
com.kms.katalon.core.exception.StepFailedException: Unable to set text '10/01/2019' of object 'Object Repository/KeatMun/Form 7_default/OTC_Application_Reg/Page_PERKESO/11.Tarikh Terima_stampedDtS' (Root cause: com.kms.katalon.core.webui.exception.WebElementNotFoundException: Web element with id: 'Object Repository/KeatMun/Form 7_default/OTC_Application_Reg/Page_PERKESO/11.Tarikh Terima_stampedDtS' located by 'By.xpath: //input[@id = 'stampedDtStr' and @name = 'stampedDtStr' and @type = 'text']' not found)
	at com.kms.katalon.core.keyword.internal.KeywordMain.stepFailed(KeywordMain.groovy:36)
	at com.kms.katalon.core.webui.keyword.internal.WebUIKeywordMain.stepFailed(WebUIKeywordMain.groovy:65)
	at com.kms.katalon.core.webui.keyword.internal.WebUIKeywordMain.runKeyword(WebUIKeywordMain.groovy:27)
	at com.kms.katalon.core.webui.keyword.builtin.SetTextKeyword.setText(SetTextKeyword.groovy:65)
	at com.kms.katalon.core.webui.keyword.builtin.SetTextKeyword.execute(SetTextKeyword.groovy:37)
	at com.kms.katalon.core.keyword.internal.KeywordExecutor.executeKeywordForPlatform(KeywordExecutor.groovy:53)
	at com.kms.katalon.core.webui.keyword.WebUiBuiltInKeywords.setText(WebUiBuiltInKeywords.groovy:950)
	at com.kms.katalon.core.webui.keyword.WebUiBuiltInKeywords$setText$1.call(Unknown Source)
	at OTC_Application_Reg.run(OTC_Application_Reg:74)
	at com.kms.katalon.core.main.ScriptEngine.run(ScriptEngine.java:194)
	at com.kms.katalon.core.main.ScriptEngine.runScriptAsRawText(ScriptEngine.java:119)
	at com.kms.katalon.core.main.TestCaseExecutor.runScript(TestCaseExecutor.java:328)
	at com.kms.katalon.core.main.TestCaseExecutor.doExecute(TestCaseExecutor.java:319)
	at com.kms.katalon.core.main.TestCaseExecutor.processExecutionPhase(TestCaseExecutor.java:298)
	at com.kms.katalon.core.main.TestCaseExecutor.accessMainPhase(TestCaseExecutor.java:290)
	at com.kms.katalon.core.main.TestCaseExecutor.execute(TestCaseExecutor.java:224)
	at com.kms.katalon.core.main.TestCaseMain.runTestCase(TestCaseMain.java:106)
	at com.kms.katalon.core.keyword.builtin.CallTestCaseKeyword$_callTestCase_closure1.doCall(CallTestCaseKeyword.groovy:59)
	at com.kms.katalon.core.keyword.builtin.CallTestCaseKeyword$_callTestCase_closure1.call(CallTestCaseKeyword.groovy)
	at com.kms.katalon.core.keyword.internal.KeywordMain.runKeyword(KeywordMain.groovy:54)
	at com.kms.katalon.core.keyword.builtin.CallTestCaseKeyword.callTestCase(CallTestCaseKeyword.groovy:80)
	at com.kms.katalon.core.keyword.builtin.CallTestCaseKeyword.execute(CallTestCaseKeyword.groovy:44)
	at com.kms.katalon.core.keyword.internal.KeywordExecutor.executeKeywordForPlatform(KeywordExecutor.groovy:53)
	at com.kms.katalon.core.keyword.BuiltinKeywords.callTestCase(BuiltinKeywords.groovy:334)
	at OTC_Submit Form 7_End to End - Cheque.run(OTC_Submit Form 7_End to End - Cheque:16)
	at com.kms.katalon.core.main.ScriptEngine.run(ScriptEngine.java:194)
	at com.kms.katalon.core.main.ScriptEngine.runScriptAsRawText(ScriptEngine.java:119)
	at com.kms.katalon.core.main.TestCaseExecutor.runScript(TestCaseExecutor.java:328)
	at com.kms.katalon.core.main.TestCaseExecutor.doExecute(TestCaseExecutor.java:319)
	at com.kms.katalon.core.main.TestCaseExecutor.processExecutionPhase(TestCaseExecutor.java:298)
	at com.kms.katalon.core.main.TestCaseExecutor.accessMainPhase(TestCaseExecutor.java:290)
	at com.kms.katalon.core.main.TestCaseExecutor.execute(TestCaseExecutor.java:224)
	at com.kms.katalon.core.main.TestCaseMain.runTestCase(TestCaseMain.java:106)
	at com.kms.katalon.core.keyword.builtin.CallTestCaseKeyword$_callTestCase_closure1.doCall(CallTestCaseKeyword.groovy:59)
	at com.kms.katalon.core.keyword.builtin.CallTestCaseKeyword$_callTestCase_closure1.call(CallTestCaseKeyword.groovy)
	at com.kms.katalon.core.keyword.internal.KeywordMain.runKeyword(KeywordMain.groovy:54)
	at com.kms.katalon.core.keyword.builtin.CallTestCaseKeyword.callTestCase(CallTestCaseKeyword.groovy:80)
	at com.kms.katalon.core.keyword.builtin.CallTestCaseKeyword.execute(CallTestCaseKeyword.groovy:44)
	at com.kms.katalon.core.keyword.internal.KeywordExecutor.executeKeywordForPlatform(KeywordExecutor.groovy:53)
	at com.kms.katalon.core.keyword.BuiltinKeywords.callTestCase(BuiltinKeywords.groovy:334)
	at Reject Claim - DA.run(Reject Claim - DA:16)
	at com.kms.katalon.core.main.ScriptEngine.run(ScriptEngine.java:194)
	at com.kms.katalon.core.main.ScriptEngine.runScriptAsRawText(ScriptEngine.java:119)
	at com.kms.katalon.core.main.TestCaseExecutor.runScript(TestCaseExecutor.java:328)
	at com.kms.katalon.core.main.TestCaseExecutor.doExecute(TestCaseExecutor.java:319)
	at com.kms.katalon.core.main.TestCaseExecutor.processExecutionPhase(TestCaseExecutor.java:298)
	at com.kms.katalon.core.main.TestCaseExecutor.accessMainPhase(TestCaseExecutor.java:290)
	at com.kms.katalon.core.main.TestCaseExecutor.execute(TestCaseExecutor.java:224)
	at com.kms.katalon.core.main.TestSuiteExecutor.accessTestCaseMainPhase(TestSuiteExecutor.java:129)
	at com.kms.katalon.core.main.TestSuiteExecutor.accessTestSuiteMainPhase(TestSuiteExecutor.java:112)
	at com.kms.katalon.core.main.TestSuiteExecutor.execute(TestSuiteExecutor.java:81)
	at com.kms.katalon.core.main.TestCaseMain.startTestSuite(TestCaseMain.java:149)
	at com.kms.katalon.core.main.TestCaseMain$startTestSuite$0.call(Unknown Source)
	at TempTestSuite1550476757023.run(TempTestSuite1550476757023.groovy:36)


2019-02-18 16:28:04 - [MESSAGE][FAILED] - Unable to call Test Case 'Test Cases/All TC/Arranged/3. Unit/EI/Form 7_default/OTC_Application_Reg' (Root cause: com.kms.katalon.core.exception.StepFailedException: Call Test Case 'Test Cases/All TC/Arranged/3. Unit/EI/Form 7_default/OTC_Application_Reg' failed)

2019-02-18 16:28:04 - [MESSAGE][FAILED] - callTestCase(findTestCase("All TC/Arranged/3. Unit/EI/Form 7_default/OTC_Application_Reg"), [:], STOP_ON_FAILURE) FAILED.
Reason:
com.kms.katalon.core.exception.StepFailedException: Unable to set text '10/01/2019' of object 'Object Repository/KeatMun/Form 7_default/OTC_Application_Reg/Page_PERKESO/11.Tarikh Terima_stampedDtS' (Root cause: com.kms.katalon.core.webui.exception.WebElementNotFoundException: Web element with id: 'Object Repository/KeatMun/Form 7_default/OTC_Application_Reg/Page_PERKESO/11.Tarikh Terima_stampedDtS' located by 'By.xpath: //input[@id = 'stampedDtStr' and @name = 'stampedDtStr' and @type = 'text']' not found)
	at com.kms.katalon.core.keyword.internal.KeywordMain.stepFailed(KeywordMain.groovy:36)
	at com.kms.katalon.core.webui.keyword.internal.WebUIKeywordMain.stepFailed(WebUIKeywordMain.groovy:65)
	at com.kms.katalon.core.webui.keyword.internal.WebUIKeywordMain.runKeyword(WebUIKeywordMain.groovy:27)
	at com.kms.katalon.core.webui.keyword.builtin.SetTextKeyword.setText(SetTextKeyword.groovy:65)
	at com.kms.katalon.core.webui.keyword.builtin.SetTextKeyword.execute(SetTextKeyword.groovy:37)
	at com.kms.katalon.core.keyword.internal.KeywordExecutor.executeKeywordForPlatform(KeywordExecutor.groovy:53)
	at com.kms.katalon.core.webui.keyword.WebUiBuiltInKeywords.setText(WebUiBuiltInKeywords.groovy:950)
	at com.kms.katalon.core.webui.keyword.WebUiBuiltInKeywords$setText$1.call(Unknown Source)
	at OTC_Application_Reg.run(OTC_Application_Reg:74)
	at com.kms.katalon.core.main.ScriptEngine.run(ScriptEngine.java:194)
	at com.kms.katalon.core.main.ScriptEngine.runScriptAsRawText(ScriptEngine.java:119)
	at com.kms.katalon.core.main.TestCaseExecutor.runScript(TestCaseExecutor.java:328)
	at com.kms.katalon.core.main.TestCaseExecutor.doExecute(TestCaseExecutor.java:319)
	at com.kms.katalon.core.main.TestCaseExecutor.processExecutionPhase(TestCaseExecutor.java:298)
	at com.kms.katalon.core.main.TestCaseExecutor.accessMainPhase(TestCaseExecutor.java:290)
	at com.kms.katalon.core.main.TestCaseExecutor.execute(TestCaseExecutor.java:224)
	at com.kms.katalon.core.main.TestCaseMain.runTestCase(TestCaseMain.java:106)
	at com.kms.katalon.core.keyword.builtin.CallTestCaseKeyword$_callTestCase_closure1.doCall(CallTestCaseKeyword.groovy:59)
	at com.kms.katalon.core.keyword.builtin.CallTestCaseKeyword$_callTestCase_closure1.call(CallTestCaseKeyword.groovy)
	at com.kms.katalon.core.keyword.internal.KeywordMain.runKeyword(KeywordMain.groovy:54)
	at com.kms.katalon.core.keyword.builtin.CallTestCaseKeyword.callTestCase(CallTestCaseKeyword.groovy:80)
	at com.kms.katalon.core.keyword.builtin.CallTestCaseKeyword.execute(CallTestCaseKeyword.groovy:44)
	at com.kms.katalon.core.keyword.internal.KeywordExecutor.executeKeywordForPlatform(KeywordExecutor.groovy:53)
	at com.kms.katalon.core.keyword.BuiltinKeywords.callTestCase(BuiltinKeywords.groovy:334)
	at OTC_Submit Form 7_End to End - Cheque.run(OTC_Submit Form 7_End to End - Cheque:16)
	at com.kms.katalon.core.main.ScriptEngine.run(ScriptEngine.java:194)
	at com.kms.katalon.core.main.ScriptEngine.runScriptAsRawText(ScriptEngine.java:119)
	at com.kms.katalon.core.main.TestCaseExecutor.runScript(TestCaseExecutor.java:328)
	at com.kms.katalon.core.main.TestCaseExecutor.doExecute(TestCaseExecutor.java:319)
	at com.kms.katalon.core.main.TestCaseExecutor.processExecutionPhase(TestCaseExecutor.java:298)
	at com.kms.katalon.core.main.TestCaseExecutor.accessMainPhase(TestCaseExecutor.java:290)
	at com.kms.katalon.core.main.TestCaseExecutor.execute(TestCaseExecutor.java:224)
	at com.kms.katalon.core.main.TestCaseMain.runTestCase(TestCaseMain.java:106)
	at com.kms.katalon.core.keyword.builtin.CallTestCaseKeyword$_callTestCase_closure1.doCall(CallTestCaseKeyword.groovy:59)
	at com.kms.katalon.core.keyword.builtin.CallTestCaseKeyword$_callTestCase_closure1.call(CallTestCaseKeyword.groovy)
	at com.kms.katalon.core.keyword.internal.KeywordMain.runKeyword(KeywordMain.groovy:54)
	at com.kms.katalon.core.keyword.builtin.CallTestCaseKeyword.callTestCase(CallTestCaseKeyword.groovy:80)
	at com.kms.katalon.core.keyword.builtin.CallTestCaseKeyword.execute(CallTestCaseKeyword.groovy:44)
	at com.kms.katalon.core.keyword.internal.KeywordExecutor.executeKeywordForPlatform(KeywordExecutor.groovy:53)
	at com.kms.katalon.core.keyword.BuiltinKeywords.callTestCase(BuiltinKeywords.groovy:334)
	at Reject Claim - DA.run(Reject Claim - DA:16)
	at com.kms.katalon.core.main.ScriptEngine.run(ScriptEngine.java:194)
	at com.kms.katalon.core.main.ScriptEngine.runScriptAsRawText(ScriptEngine.java:119)
	at com.kms.katalon.core.main.TestCaseExecutor.runScript(TestCaseExecutor.java:328)
	at com.kms.katalon.core.main.TestCaseExecutor.doExecute(TestCaseExecutor.java:319)
	at com.kms.katalon.core.main.TestCaseExecutor.processExecutionPhase(TestCaseExecutor.java:298)
	at com.kms.katalon.core.main.TestCaseExecutor.accessMainPhase(TestCaseExecutor.java:290)
	at com.kms.katalon.core.main.TestCaseExecutor.execute(TestCaseExecutor.java:224)
	at com.kms.katalon.core.main.TestSuiteExecutor.accessTestCaseMainPhase(TestSuiteExecutor.java:129)
	at com.kms.katalon.core.main.TestSuiteExecutor.accessTestSuiteMainPhase(TestSuiteExecutor.java:112)
	at com.kms.katalon.core.main.TestSuiteExecutor.execute(TestSuiteExecutor.java:81)
	at com.kms.katalon.core.main.TestCaseMain.startTestSuite(TestCaseMain.java:149)
	at com.kms.katalon.core.main.TestCaseMain$startTestSuite$0.call(Unknown Source)
	at TempTestSuite1550476757023.run(TempTestSuite1550476757023.groovy:36)


2019-02-18 16:28:04 - [MESSAGE][FAILED] - Unable to call Test Case 'Test Cases/All TC/Arranged/2. Segment/OTC_Submit Form 7_End to End - Cheque' (Root cause: com.kms.katalon.core.exception.StepFailedException: Call Test Case 'Test Cases/All TC/Arranged/2. Segment/OTC_Submit Form 7_End to End - Cheque' failed)

2019-02-18 16:28:05 - [MESSAGE][FAILED] - callTestCase(findTestCase("All TC/Arranged/2. Segment/OTC_Submit Form 7_End to End - Cheque"), [:], STOP_ON_FAILURE) FAILED.
Reason:
com.kms.katalon.core.exception.StepFailedException: Unable to set text '10/01/2019' of object 'Object Repository/KeatMun/Form 7_default/OTC_Application_Reg/Page_PERKESO/11.Tarikh Terima_stampedDtS' (Root cause: com.kms.katalon.core.webui.exception.WebElementNotFoundException: Web element with id: 'Object Repository/KeatMun/Form 7_default/OTC_Application_Reg/Page_PERKESO/11.Tarikh Terima_stampedDtS' located by 'By.xpath: //input[@id = 'stampedDtStr' and @name = 'stampedDtStr' and @type = 'text']' not found)
	at com.kms.katalon.core.keyword.internal.KeywordMain.stepFailed(KeywordMain.groovy:36)
	at com.kms.katalon.core.webui.keyword.internal.WebUIKeywordMain.stepFailed(WebUIKeywordMain.groovy:65)
	at com.kms.katalon.core.webui.keyword.internal.WebUIKeywordMain.runKeyword(WebUIKeywordMain.groovy:27)
	at com.kms.katalon.core.webui.keyword.builtin.SetTextKeyword.setText(SetTextKeyword.groovy:65)
	at com.kms.katalon.core.webui.keyword.builtin.SetTextKeyword.execute(SetTextKeyword.groovy:37)
	at com.kms.katalon.core.keyword.internal.KeywordExecutor.executeKeywordForPlatform(KeywordExecutor.groovy:53)
	at com.kms.katalon.core.webui.keyword.WebUiBuiltInKeywords.setText(WebUiBuiltInKeywords.groovy:950)
	at com.kms.katalon.core.webui.keyword.WebUiBuiltInKeywords$setText$1.call(Unknown Source)
	at OTC_Application_Reg.run(OTC_Application_Reg:74)
	at com.kms.katalon.core.main.ScriptEngine.run(ScriptEngine.java:194)
	at com.kms.katalon.core.main.ScriptEngine.runScriptAsRawText(ScriptEngine.java:119)
	at com.kms.katalon.core.main.TestCaseExecutor.runScript(TestCaseExecutor.java:328)
	at com.kms.katalon.core.main.TestCaseExecutor.doExecute(TestCaseExecutor.java:319)
	at com.kms.katalon.core.main.TestCaseExecutor.processExecutionPhase(TestCaseExecutor.java:298)
	at com.kms.katalon.core.main.TestCaseExecutor.accessMainPhase(TestCaseExecutor.java:290)
	at com.kms.katalon.core.main.TestCaseExecutor.execute(TestCaseExecutor.java:224)
	at com.kms.katalon.core.main.TestCaseMain.runTestCase(TestCaseMain.java:106)
	at com.kms.katalon.core.keyword.builtin.CallTestCaseKeyword$_callTestCase_closure1.doCall(CallTestCaseKeyword.groovy:59)
	at com.kms.katalon.core.keyword.builtin.CallTestCaseKeyword$_callTestCase_closure1.call(CallTestCaseKeyword.groovy)
	at com.kms.katalon.core.keyword.internal.KeywordMain.runKeyword(KeywordMain.groovy:54)
	at com.kms.katalon.core.keyword.builtin.CallTestCaseKeyword.callTestCase(CallTestCaseKeyword.groovy:80)
	at com.kms.katalon.core.keyword.builtin.CallTestCaseKeyword.execute(CallTestCaseKeyword.groovy:44)
	at com.kms.katalon.core.keyword.internal.KeywordExecutor.executeKeywordForPlatform(KeywordExecutor.groovy:53)
	at com.kms.katalon.core.keyword.BuiltinKeywords.callTestCase(BuiltinKeywords.groovy:334)
	at OTC_Submit Form 7_End to End - Cheque.run(OTC_Submit Form 7_End to End - Cheque:16)
	at com.kms.katalon.core.main.ScriptEngine.run(ScriptEngine.java:194)
	at com.kms.katalon.core.main.ScriptEngine.runScriptAsRawText(ScriptEngine.java:119)
	at com.kms.katalon.core.main.TestCaseExecutor.runScript(TestCaseExecutor.java:328)
	at com.kms.katalon.core.main.TestCaseExecutor.doExecute(TestCaseExecutor.java:319)
	at com.kms.katalon.core.main.TestCaseExecutor.processExecutionPhase(TestCaseExecutor.java:298)
	at com.kms.katalon.core.main.TestCaseExecutor.accessMainPhase(TestCaseExecutor.java:290)
	at com.kms.katalon.core.main.TestCaseExecutor.execute(TestCaseExecutor.java:224)
	at com.kms.katalon.core.main.TestCaseMain.runTestCase(TestCaseMain.java:106)
	at com.kms.katalon.core.keyword.builtin.CallTestCaseKeyword$_callTestCase_closure1.doCall(CallTestCaseKeyword.groovy:59)
	at com.kms.katalon.core.keyword.builtin.CallTestCaseKeyword$_callTestCase_closure1.call(CallTestCaseKeyword.groovy)
	at com.kms.katalon.core.keyword.internal.KeywordMain.runKeyword(KeywordMain.groovy:54)
	at com.kms.katalon.core.keyword.builtin.CallTestCaseKeyword.callTestCase(CallTestCaseKeyword.groovy:80)
	at com.kms.katalon.core.keyword.builtin.CallTestCaseKeyword.execute(CallTestCaseKeyword.groovy:44)
	at com.kms.katalon.core.keyword.internal.KeywordExecutor.executeKeywordForPlatform(KeywordExecutor.groovy:53)
	at com.kms.katalon.core.keyword.BuiltinKeywords.callTestCase(BuiltinKeywords.groovy:334)
	at Reject Claim - DA.run(Reject Claim - DA:16)
	at com.kms.katalon.core.main.ScriptEngine.run(ScriptEngine.java:194)
	at com.kms.katalon.core.main.ScriptEngine.runScriptAsRawText(ScriptEngine.java:119)
	at com.kms.katalon.core.main.TestCaseExecutor.runScript(TestCaseExecutor.java:328)
	at com.kms.katalon.core.main.TestCaseExecutor.doExecute(TestCaseExecutor.java:319)
	at com.kms.katalon.core.main.TestCaseExecutor.processExecutionPhase(TestCaseExecutor.java:298)
	at com.kms.katalon.core.main.TestCaseExecutor.accessMainPhase(TestCaseExecutor.java:290)
	at com.kms.katalon.core.main.TestCaseExecutor.execute(TestCaseExecutor.java:224)
	at com.kms.katalon.core.main.TestSuiteExecutor.accessTestCaseMainPhase(TestSuiteExecutor.java:129)
	at com.kms.katalon.core.main.TestSuiteExecutor.accessTestSuiteMainPhase(TestSuiteExecutor.java:112)
	at com.kms.katalon.core.main.TestSuiteExecutor.execute(TestSuiteExecutor.java:81)
	at com.kms.katalon.core.main.TestCaseMain.startTestSuite(TestCaseMain.java:149)
	at com.kms.katalon.core.main.TestCaseMain$startTestSuite$0.call(Unknown Source)
	at TempTestSuite1550476757023.run(TempTestSuite1550476757023.groovy:36)]]></system-out>
         <system-err><![CDATA[2019-02-18 16:26:12 - [TEST_CASE][FAILED] - Test Cases/All TC/Arranged/0. Full Flow/Reject Claim - DA: Test Cases/All TC/Arranged/0. Full Flow/Reject Claim - DA FAILED.
Reason:
com.kms.katalon.core.exception.StepFailedException: Unable to set text '10/01/2019' of object 'Object Repository/KeatMun/Form 7_default/OTC_Application_Reg/Page_PERKESO/11.Tarikh Terima_stampedDtS' (Root cause: com.kms.katalon.core.webui.exception.WebElementNotFoundException: Web element with id: 'Object Repository/KeatMun/Form 7_default/OTC_Application_Reg/Page_PERKESO/11.Tarikh Terima_stampedDtS' located by 'By.xpath: //input[@id = 'stampedDtStr' and @name = 'stampedDtStr' and @type = 'text']' not found)
	at com.kms.katalon.core.keyword.internal.KeywordMain.stepFailed(KeywordMain.groovy:36)
	at com.kms.katalon.core.webui.keyword.internal.WebUIKeywordMain.stepFailed(WebUIKeywordMain.groovy:65)
	at com.kms.katalon.core.webui.keyword.internal.WebUIKeywordMain.runKeyword(WebUIKeywordMain.groovy:27)
	at com.kms.katalon.core.webui.keyword.builtin.SetTextKeyword.setText(SetTextKeyword.groovy:65)
	at com.kms.katalon.core.webui.keyword.builtin.SetTextKeyword.execute(SetTextKeyword.groovy:37)
	at com.kms.katalon.core.keyword.internal.KeywordExecutor.executeKeywordForPlatform(KeywordExecutor.groovy:53)
	at com.kms.katalon.core.webui.keyword.WebUiBuiltInKeywords.setText(WebUiBuiltInKeywords.groovy:950)
	at com.kms.katalon.core.webui.keyword.WebUiBuiltInKeywords$setText$1.call(Unknown Source)
	at OTC_Application_Reg.run(OTC_Application_Reg:74)
	at com.kms.katalon.core.main.ScriptEngine.run(ScriptEngine.java:194)
	at com.kms.katalon.core.main.ScriptEngine.runScriptAsRawText(ScriptEngine.java:119)
	at com.kms.katalon.core.main.TestCaseExecutor.runScript(TestCaseExecutor.java:328)
	at com.kms.katalon.core.main.TestCaseExecutor.doExecute(TestCaseExecutor.java:319)
	at com.kms.katalon.core.main.TestCaseExecutor.processExecutionPhase(TestCaseExecutor.java:298)
	at com.kms.katalon.core.main.TestCaseExecutor.accessMainPhase(TestCaseExecutor.java:290)
	at com.kms.katalon.core.main.TestCaseExecutor.execute(TestCaseExecutor.java:224)
	at com.kms.katalon.core.main.TestCaseMain.runTestCase(TestCaseMain.java:106)
	at com.kms.katalon.core.keyword.builtin.CallTestCaseKeyword$_callTestCase_closure1.doCall(CallTestCaseKeyword.groovy:59)
	at com.kms.katalon.core.keyword.builtin.CallTestCaseKeyword$_callTestCase_closure1.call(CallTestCaseKeyword.groovy)
	at com.kms.katalon.core.keyword.internal.KeywordMain.runKeyword(KeywordMain.groovy:54)
	at com.kms.katalon.core.keyword.builtin.CallTestCaseKeyword.callTestCase(CallTestCaseKeyword.groovy:80)
	at com.kms.katalon.core.keyword.builtin.CallTestCaseKeyword.execute(CallTestCaseKeyword.groovy:44)
	at com.kms.katalon.core.keyword.internal.KeywordExecutor.executeKeywordForPlatform(KeywordExecutor.groovy:53)
	at com.kms.katalon.core.keyword.BuiltinKeywords.callTestCase(BuiltinKeywords.groovy:334)
	at OTC_Submit Form 7_End to End - Cheque.run(OTC_Submit Form 7_End to End - Cheque:16)
	at com.kms.katalon.core.main.ScriptEngine.run(ScriptEngine.java:194)
	at com.kms.katalon.core.main.ScriptEngine.runScriptAsRawText(ScriptEngine.java:119)
	at com.kms.katalon.core.main.TestCaseExecutor.runScript(TestCaseExecutor.java:328)
	at com.kms.katalon.core.main.TestCaseExecutor.doExecute(TestCaseExecutor.java:319)
	at com.kms.katalon.core.main.TestCaseExecutor.processExecutionPhase(TestCaseExecutor.java:298)
	at com.kms.katalon.core.main.TestCaseExecutor.accessMainPhase(TestCaseExecutor.java:290)
	at com.kms.katalon.core.main.TestCaseExecutor.execute(TestCaseExecutor.java:224)
	at com.kms.katalon.core.main.TestCaseMain.runTestCase(TestCaseMain.java:106)
	at com.kms.katalon.core.keyword.builtin.CallTestCaseKeyword$_callTestCase_closure1.doCall(CallTestCaseKeyword.groovy:59)
	at com.kms.katalon.core.keyword.builtin.CallTestCaseKeyword$_callTestCase_closure1.call(CallTestCaseKeyword.groovy)
	at com.kms.katalon.core.keyword.internal.KeywordMain.runKeyword(KeywordMain.groovy:54)
	at com.kms.katalon.core.keyword.builtin.CallTestCaseKeyword.callTestCase(CallTestCaseKeyword.groovy:80)
	at com.kms.katalon.core.keyword.builtin.CallTestCaseKeyword.execute(CallTestCaseKeyword.groovy:44)
	at com.kms.katalon.core.keyword.internal.KeywordExecutor.executeKeywordForPlatform(KeywordExecutor.groovy:53)
	at com.kms.katalon.core.keyword.BuiltinKeywords.callTestCase(BuiltinKeywords.groovy:334)
	at Reject Claim - DA.run(Reject Claim - DA:16)
	at com.kms.katalon.core.main.ScriptEngine.run(ScriptEngine.java:194)
	at com.kms.katalon.core.main.ScriptEngine.runScriptAsRawText(ScriptEngine.java:119)
	at com.kms.katalon.core.main.TestCaseExecutor.runScript(TestCaseExecutor.java:328)
	at com.kms.katalon.core.main.TestCaseExecutor.doExecute(TestCaseExecutor.java:319)
	at com.kms.katalon.core.main.TestCaseExecutor.processExecutionPhase(TestCaseExecutor.java:298)
	at com.kms.katalon.core.main.TestCaseExecutor.accessMainPhase(TestCaseExecutor.java:290)
	at com.kms.katalon.core.main.TestCaseExecutor.execute(TestCaseExecutor.java:224)
	at com.kms.katalon.core.main.TestSuiteExecutor.accessTestCaseMainPhase(TestSuiteExecutor.java:129)
	at com.kms.katalon.core.main.TestSuiteExecutor.accessTestSuiteMainPhase(TestSuiteExecutor.java:112)
	at com.kms.katalon.core.main.TestSuiteExecutor.execute(TestSuiteExecutor.java:81)
	at com.kms.katalon.core.main.TestCaseMain.startTestSuite(TestCaseMain.java:149)
	at com.kms.katalon.core.main.TestCaseMain$startTestSuite$0.call(Unknown Source)
	at TempTestSuite1550476757023.run(TempTestSuite1550476757023.groovy:36)]]></system-err>
      </testcase>
      <testcase name="Test Cases/All TC/Arranged/0. Full Flow/Reject Application - RIA" classname="Test Cases/All TC/Arranged/0. Full Flow/Reject Application - RIA" status="FAILED">
         <failure type="FAILED" message="Test Cases/All TC/Arranged/0. Full Flow/Reject Application - RIA FAILED.
Reason:
com.kms.katalon.core.exception.StepFailedException: Unable to set text '10/01/2019' of object 'Object Repository/KeatMun/Form 7_default/OTC_Application_Reg/Page_PERKESO/11.Tarikh Terima_stampedDtS' (Root cause: com.kms.katalon.core.webui.exception.WebElementNotFoundException: Web element with id: 'Object Repository/KeatMun/Form 7_default/OTC_Application_Reg/Page_PERKESO/11.Tarikh Terima_stampedDtS' located by 'By.xpath: //input[@id = 'stampedDtStr' and @name = 'stampedDtStr' and @type = 'text']' not found)
	at com.kms.katalon.core.keyword.internal.KeywordMain.stepFailed(KeywordMain.groovy:36)
	at com.kms.katalon.core.webui.keyword.internal.WebUIKeywordMain.stepFailed(WebUIKeywordMain.groovy:65)
	at com.kms.katalon.core.webui.keyword.internal.WebUIKeywordMain.runKeyword(WebUIKeywordMain.groovy:27)
	at com.kms.katalon.core.webui.keyword.builtin.SetTextKeyword.setText(SetTextKeyword.groovy:65)
	at com.kms.katalon.core.webui.keyword.builtin.SetTextKeyword.execute(SetTextKeyword.groovy:37)
	at com.kms.katalon.core.keyword.internal.KeywordExecutor.executeKeywordForPlatform(KeywordExecutor.groovy:53)
	at com.kms.katalon.core.webui.keyword.WebUiBuiltInKeywords.setText(WebUiBuiltInKeywords.groovy:950)
	at com.kms.katalon.core.webui.keyword.WebUiBuiltInKeywords$setText$1.call(Unknown Source)
	at OTC_Application_Reg.run(OTC_Application_Reg:74)
	at com.kms.katalon.core.main.ScriptEngine.run(ScriptEngine.java:194)
	at com.kms.katalon.core.main.ScriptEngine.runScriptAsRawText(ScriptEngine.java:119)
	at com.kms.katalon.core.main.TestCaseExecutor.runScript(TestCaseExecutor.java:328)
	at com.kms.katalon.core.main.TestCaseExecutor.doExecute(TestCaseExecutor.java:319)
	at com.kms.katalon.core.main.TestCaseExecutor.processExecutionPhase(TestCaseExecutor.java:298)
	at com.kms.katalon.core.main.TestCaseExecutor.accessMainPhase(TestCaseExecutor.java:290)
	at com.kms.katalon.core.main.TestCaseExecutor.execute(TestCaseExecutor.java:224)
	at com.kms.katalon.core.main.TestCaseMain.runTestCase(TestCaseMain.java:106)
	at com.kms.katalon.core.keyword.builtin.CallTestCaseKeyword$_callTestCase_closure1.doCall(CallTestCaseKeyword.groovy:59)
	at com.kms.katalon.core.keyword.builtin.CallTestCaseKeyword$_callTestCase_closure1.call(CallTestCaseKeyword.groovy)
	at com.kms.katalon.core.keyword.internal.KeywordMain.runKeyword(KeywordMain.groovy:54)
	at com.kms.katalon.core.keyword.builtin.CallTestCaseKeyword.callTestCase(CallTestCaseKeyword.groovy:80)
	at com.kms.katalon.core.keyword.builtin.CallTestCaseKeyword.execute(CallTestCaseKeyword.groovy:44)
	at com.kms.katalon.core.keyword.internal.KeywordExecutor.executeKeywordForPlatform(KeywordExecutor.groovy:53)
	at com.kms.katalon.core.keyword.BuiltinKeywords.callTestCase(BuiltinKeywords.groovy:334)
	at OTC_Submit Form 7_End to End - Cheque.run(OTC_Submit Form 7_End to End - Cheque:16)
	at com.kms.katalon.core.main.ScriptEngine.run(ScriptEngine.java:194)
	at com.kms.katalon.core.main.ScriptEngine.runScriptAsRawText(ScriptEngine.java:119)
	at com.kms.katalon.core.main.TestCaseExecutor.runScript(TestCaseExecutor.java:328)
	at com.kms.katalon.core.main.TestCaseExecutor.doExecute(TestCaseExecutor.java:319)
	at com.kms.katalon.core.main.TestCaseExecutor.processExecutionPhase(TestCaseExecutor.java:298)
	at com.kms.katalon.core.main.TestCaseExecutor.accessMainPhase(TestCaseExecutor.java:290)
	at com.kms.katalon.core.main.TestCaseExecutor.execute(TestCaseExecutor.java:224)
	at com.kms.katalon.core.main.TestCaseMain.runTestCase(TestCaseMain.java:106)
	at com.kms.katalon.core.keyword.builtin.CallTestCaseKeyword$_callTestCase_closure1.doCall(CallTestCaseKeyword.groovy:59)
	at com.kms.katalon.core.keyword.builtin.CallTestCaseKeyword$_callTestCase_closure1.call(CallTestCaseKeyword.groovy)
	at com.kms.katalon.core.keyword.internal.KeywordMain.runKeyword(KeywordMain.groovy:54)
	at com.kms.katalon.core.keyword.builtin.CallTestCaseKeyword.callTestCase(CallTestCaseKeyword.groovy:80)
	at com.kms.katalon.core.keyword.builtin.CallTestCaseKeyword.execute(CallTestCaseKeyword.groovy:44)
	at com.kms.katalon.core.keyword.internal.KeywordExecutor.executeKeywordForPlatform(KeywordExecutor.groovy:53)
	at com.kms.katalon.core.keyword.BuiltinKeywords.callTestCase(BuiltinKeywords.groovy:334)
	at Reject Application - RIA.run(Reject Application - RIA:16)
	at com.kms.katalon.core.main.ScriptEngine.run(ScriptEngine.java:194)
	at com.kms.katalon.core.main.ScriptEngine.runScriptAsRawText(ScriptEngine.java:119)
	at com.kms.katalon.core.main.TestCaseExecutor.runScript(TestCaseExecutor.java:328)
	at com.kms.katalon.core.main.TestCaseExecutor.doExecute(TestCaseExecutor.java:319)
	at com.kms.katalon.core.main.TestCaseExecutor.processExecutionPhase(TestCaseExecutor.java:298)
	at com.kms.katalon.core.main.TestCaseExecutor.accessMainPhase(TestCaseExecutor.java:290)
	at com.kms.katalon.core.main.TestCaseExecutor.execute(TestCaseExecutor.java:224)
	at com.kms.katalon.core.main.TestSuiteExecutor.accessTestCaseMainPhase(TestSuiteExecutor.java:129)
	at com.kms.katalon.core.main.TestSuiteExecutor.accessTestSuiteMainPhase(TestSuiteExecutor.java:112)
	at com.kms.katalon.core.main.TestSuiteExecutor.execute(TestSuiteExecutor.java:81)
	at com.kms.katalon.core.main.TestCaseMain.startTestSuite(TestCaseMain.java:149)
	at com.kms.katalon.core.main.TestCaseMain$startTestSuite$0.call(Unknown Source)
	at TempTestSuite1550476757023.run(TempTestSuite1550476757023.groovy:36)
"/>
         <system-out><![CDATA[2019-02-18 16:28:05 - [TEST_CASE][FAILED] - Test Cases/All TC/Arranged/0. Full Flow/Reject Application - RIA: Test Cases/All TC/Arranged/0. Full Flow/Reject Application - RIA FAILED.
Reason:
com.kms.katalon.core.exception.StepFailedException: Unable to set text '10/01/2019' of object 'Object Repository/KeatMun/Form 7_default/OTC_Application_Reg/Page_PERKESO/11.Tarikh Terima_stampedDtS' (Root cause: com.kms.katalon.core.webui.exception.WebElementNotFoundException: Web element with id: 'Object Repository/KeatMun/Form 7_default/OTC_Application_Reg/Page_PERKESO/11.Tarikh Terima_stampedDtS' located by 'By.xpath: //input[@id = 'stampedDtStr' and @name = 'stampedDtStr' and @type = 'text']' not found)
	at com.kms.katalon.core.keyword.internal.KeywordMain.stepFailed(KeywordMain.groovy:36)
	at com.kms.katalon.core.webui.keyword.internal.WebUIKeywordMain.stepFailed(WebUIKeywordMain.groovy:65)
	at com.kms.katalon.core.webui.keyword.internal.WebUIKeywordMain.runKeyword(WebUIKeywordMain.groovy:27)
	at com.kms.katalon.core.webui.keyword.builtin.SetTextKeyword.setText(SetTextKeyword.groovy:65)
	at com.kms.katalon.core.webui.keyword.builtin.SetTextKeyword.execute(SetTextKeyword.groovy:37)
	at com.kms.katalon.core.keyword.internal.KeywordExecutor.executeKeywordForPlatform(KeywordExecutor.groovy:53)
	at com.kms.katalon.core.webui.keyword.WebUiBuiltInKeywords.setText(WebUiBuiltInKeywords.groovy:950)
	at com.kms.katalon.core.webui.keyword.WebUiBuiltInKeywords$setText$1.call(Unknown Source)
	at OTC_Application_Reg.run(OTC_Application_Reg:74)
	at com.kms.katalon.core.main.ScriptEngine.run(ScriptEngine.java:194)
	at com.kms.katalon.core.main.ScriptEngine.runScriptAsRawText(ScriptEngine.java:119)
	at com.kms.katalon.core.main.TestCaseExecutor.runScript(TestCaseExecutor.java:328)
	at com.kms.katalon.core.main.TestCaseExecutor.doExecute(TestCaseExecutor.java:319)
	at com.kms.katalon.core.main.TestCaseExecutor.processExecutionPhase(TestCaseExecutor.java:298)
	at com.kms.katalon.core.main.TestCaseExecutor.accessMainPhase(TestCaseExecutor.java:290)
	at com.kms.katalon.core.main.TestCaseExecutor.execute(TestCaseExecutor.java:224)
	at com.kms.katalon.core.main.TestCaseMain.runTestCase(TestCaseMain.java:106)
	at com.kms.katalon.core.keyword.builtin.CallTestCaseKeyword$_callTestCase_closure1.doCall(CallTestCaseKeyword.groovy:59)
	at com.kms.katalon.core.keyword.builtin.CallTestCaseKeyword$_callTestCase_closure1.call(CallTestCaseKeyword.groovy)
	at com.kms.katalon.core.keyword.internal.KeywordMain.runKeyword(KeywordMain.groovy:54)
	at com.kms.katalon.core.keyword.builtin.CallTestCaseKeyword.callTestCase(CallTestCaseKeyword.groovy:80)
	at com.kms.katalon.core.keyword.builtin.CallTestCaseKeyword.execute(CallTestCaseKeyword.groovy:44)
	at com.kms.katalon.core.keyword.internal.KeywordExecutor.executeKeywordForPlatform(KeywordExecutor.groovy:53)
	at com.kms.katalon.core.keyword.BuiltinKeywords.callTestCase(BuiltinKeywords.groovy:334)
	at OTC_Submit Form 7_End to End - Cheque.run(OTC_Submit Form 7_End to End - Cheque:16)
	at com.kms.katalon.core.main.ScriptEngine.run(ScriptEngine.java:194)
	at com.kms.katalon.core.main.ScriptEngine.runScriptAsRawText(ScriptEngine.java:119)
	at com.kms.katalon.core.main.TestCaseExecutor.runScript(TestCaseExecutor.java:328)
	at com.kms.katalon.core.main.TestCaseExecutor.doExecute(TestCaseExecutor.java:319)
	at com.kms.katalon.core.main.TestCaseExecutor.processExecutionPhase(TestCaseExecutor.java:298)
	at com.kms.katalon.core.main.TestCaseExecutor.accessMainPhase(TestCaseExecutor.java:290)
	at com.kms.katalon.core.main.TestCaseExecutor.execute(TestCaseExecutor.java:224)
	at com.kms.katalon.core.main.TestCaseMain.runTestCase(TestCaseMain.java:106)
	at com.kms.katalon.core.keyword.builtin.CallTestCaseKeyword$_callTestCase_closure1.doCall(CallTestCaseKeyword.groovy:59)
	at com.kms.katalon.core.keyword.builtin.CallTestCaseKeyword$_callTestCase_closure1.call(CallTestCaseKeyword.groovy)
	at com.kms.katalon.core.keyword.internal.KeywordMain.runKeyword(KeywordMain.groovy:54)
	at com.kms.katalon.core.keyword.builtin.CallTestCaseKeyword.callTestCase(CallTestCaseKeyword.groovy:80)
	at com.kms.katalon.core.keyword.builtin.CallTestCaseKeyword.execute(CallTestCaseKeyword.groovy:44)
	at com.kms.katalon.core.keyword.internal.KeywordExecutor.executeKeywordForPlatform(KeywordExecutor.groovy:53)
	at com.kms.katalon.core.keyword.BuiltinKeywords.callTestCase(BuiltinKeywords.groovy:334)
	at Reject Application - RIA.run(Reject Application - RIA:16)
	at com.kms.katalon.core.main.ScriptEngine.run(ScriptEngine.java:194)
	at com.kms.katalon.core.main.ScriptEngine.runScriptAsRawText(ScriptEngine.java:119)
	at com.kms.katalon.core.main.TestCaseExecutor.runScript(TestCaseExecutor.java:328)
	at com.kms.katalon.core.main.TestCaseExecutor.doExecute(TestCaseExecutor.java:319)
	at com.kms.katalon.core.main.TestCaseExecutor.processExecutionPhase(TestCaseExecutor.java:298)
	at com.kms.katalon.core.main.TestCaseExecutor.accessMainPhase(TestCaseExecutor.java:290)
	at com.kms.katalon.core.main.TestCaseExecutor.execute(TestCaseExecutor.java:224)
	at com.kms.katalon.core.main.TestSuiteExecutor.accessTestCaseMainPhase(TestSuiteExecutor.java:129)
	at com.kms.katalon.core.main.TestSuiteExecutor.accessTestSuiteMainPhase(TestSuiteExecutor.java:112)
	at com.kms.katalon.core.main.TestSuiteExecutor.execute(TestSuiteExecutor.java:81)
	at com.kms.katalon.core.main.TestCaseMain.startTestSuite(TestCaseMain.java:149)
	at com.kms.katalon.core.main.TestCaseMain$startTestSuite$0.call(Unknown Source)
	at TempTestSuite1550476757023.run(TempTestSuite1550476757023.groovy:36)


2019-02-18 16:28:06 - [TEST_STEP][FAILED] - callTestCase(findTestCase("All TC/Arranged/2. Segment/OTC_Submit Form 7_End to End - Cheque"), [:], STOP_ON_FAILURE): callTestCase(findTestCase("All TC/Arranged/2. Segment/OTC_Submit Form 7_End to End - Cheque"), [:], STOP_ON_FAILURE) FAILED.
Reason:
com.kms.katalon.core.exception.StepFailedException: Unable to set text '10/01/2019' of object 'Object Repository/KeatMun/Form 7_default/OTC_Application_Reg/Page_PERKESO/11.Tarikh Terima_stampedDtS' (Root cause: com.kms.katalon.core.webui.exception.WebElementNotFoundException: Web element with id: 'Object Repository/KeatMun/Form 7_default/OTC_Application_Reg/Page_PERKESO/11.Tarikh Terima_stampedDtS' located by 'By.xpath: //input[@id = 'stampedDtStr' and @name = 'stampedDtStr' and @type = 'text']' not found)
	at com.kms.katalon.core.keyword.internal.KeywordMain.stepFailed(KeywordMain.groovy:36)
	at com.kms.katalon.core.webui.keyword.internal.WebUIKeywordMain.stepFailed(WebUIKeywordMain.groovy:65)
	at com.kms.katalon.core.webui.keyword.internal.WebUIKeywordMain.runKeyword(WebUIKeywordMain.groovy:27)
	at com.kms.katalon.core.webui.keyword.builtin.SetTextKeyword.setText(SetTextKeyword.groovy:65)
	at com.kms.katalon.core.webui.keyword.builtin.SetTextKeyword.execute(SetTextKeyword.groovy:37)
	at com.kms.katalon.core.keyword.internal.KeywordExecutor.executeKeywordForPlatform(KeywordExecutor.groovy:53)
	at com.kms.katalon.core.webui.keyword.WebUiBuiltInKeywords.setText(WebUiBuiltInKeywords.groovy:950)
	at com.kms.katalon.core.webui.keyword.WebUiBuiltInKeywords$setText$1.call(Unknown Source)
	at OTC_Application_Reg.run(OTC_Application_Reg:74)
	at com.kms.katalon.core.main.ScriptEngine.run(ScriptEngine.java:194)
	at com.kms.katalon.core.main.ScriptEngine.runScriptAsRawText(ScriptEngine.java:119)
	at com.kms.katalon.core.main.TestCaseExecutor.runScript(TestCaseExecutor.java:328)
	at com.kms.katalon.core.main.TestCaseExecutor.doExecute(TestCaseExecutor.java:319)
	at com.kms.katalon.core.main.TestCaseExecutor.processExecutionPhase(TestCaseExecutor.java:298)
	at com.kms.katalon.core.main.TestCaseExecutor.accessMainPhase(TestCaseExecutor.java:290)
	at com.kms.katalon.core.main.TestCaseExecutor.execute(TestCaseExecutor.java:224)
	at com.kms.katalon.core.main.TestCaseMain.runTestCase(TestCaseMain.java:106)
	at com.kms.katalon.core.keyword.builtin.CallTestCaseKeyword$_callTestCase_closure1.doCall(CallTestCaseKeyword.groovy:59)
	at com.kms.katalon.core.keyword.builtin.CallTestCaseKeyword$_callTestCase_closure1.call(CallTestCaseKeyword.groovy)
	at com.kms.katalon.core.keyword.internal.KeywordMain.runKeyword(KeywordMain.groovy:54)
	at com.kms.katalon.core.keyword.builtin.CallTestCaseKeyword.callTestCase(CallTestCaseKeyword.groovy:80)
	at com.kms.katalon.core.keyword.builtin.CallTestCaseKeyword.execute(CallTestCaseKeyword.groovy:44)
	at com.kms.katalon.core.keyword.internal.KeywordExecutor.executeKeywordForPlatform(KeywordExecutor.groovy:53)
	at com.kms.katalon.core.keyword.BuiltinKeywords.callTestCase(BuiltinKeywords.groovy:334)
	at OTC_Submit Form 7_End to End - Cheque.run(OTC_Submit Form 7_End to End - Cheque:16)
	at com.kms.katalon.core.main.ScriptEngine.run(ScriptEngine.java:194)
	at com.kms.katalon.core.main.ScriptEngine.runScriptAsRawText(ScriptEngine.java:119)
	at com.kms.katalon.core.main.TestCaseExecutor.runScript(TestCaseExecutor.java:328)
	at com.kms.katalon.core.main.TestCaseExecutor.doExecute(TestCaseExecutor.java:319)
	at com.kms.katalon.core.main.TestCaseExecutor.processExecutionPhase(TestCaseExecutor.java:298)
	at com.kms.katalon.core.main.TestCaseExecutor.accessMainPhase(TestCaseExecutor.java:290)
	at com.kms.katalon.core.main.TestCaseExecutor.execute(TestCaseExecutor.java:224)
	at com.kms.katalon.core.main.TestCaseMain.runTestCase(TestCaseMain.java:106)
	at com.kms.katalon.core.keyword.builtin.CallTestCaseKeyword$_callTestCase_closure1.doCall(CallTestCaseKeyword.groovy:59)
	at com.kms.katalon.core.keyword.builtin.CallTestCaseKeyword$_callTestCase_closure1.call(CallTestCaseKeyword.groovy)
	at com.kms.katalon.core.keyword.internal.KeywordMain.runKeyword(KeywordMain.groovy:54)
	at com.kms.katalon.core.keyword.builtin.CallTestCaseKeyword.callTestCase(CallTestCaseKeyword.groovy:80)
	at com.kms.katalon.core.keyword.builtin.CallTestCaseKeyword.execute(CallTestCaseKeyword.groovy:44)
	at com.kms.katalon.core.keyword.internal.KeywordExecutor.executeKeywordForPlatform(KeywordExecutor.groovy:53)
	at com.kms.katalon.core.keyword.BuiltinKeywords.callTestCase(BuiltinKeywords.groovy:334)
	at Reject Application - RIA.run(Reject Application - RIA:16)
	at com.kms.katalon.core.main.ScriptEngine.run(ScriptEngine.java:194)
	at com.kms.katalon.core.main.ScriptEngine.runScriptAsRawText(ScriptEngine.java:119)
	at com.kms.katalon.core.main.TestCaseExecutor.runScript(TestCaseExecutor.java:328)
	at com.kms.katalon.core.main.TestCaseExecutor.doExecute(TestCaseExecutor.java:319)
	at com.kms.katalon.core.main.TestCaseExecutor.processExecutionPhase(TestCaseExecutor.java:298)
	at com.kms.katalon.core.main.TestCaseExecutor.accessMainPhase(TestCaseExecutor.java:290)
	at com.kms.katalon.core.main.TestCaseExecutor.execute(TestCaseExecutor.java:224)
	at com.kms.katalon.core.main.TestSuiteExecutor.accessTestCaseMainPhase(TestSuiteExecutor.java:129)
	at com.kms.katalon.core.main.TestSuiteExecutor.accessTestSuiteMainPhase(TestSuiteExecutor.java:112)
	at com.kms.katalon.core.main.TestSuiteExecutor.execute(TestSuiteExecutor.java:81)
	at com.kms.katalon.core.main.TestCaseMain.startTestSuite(TestCaseMain.java:149)
	at com.kms.katalon.core.main.TestCaseMain$startTestSuite$0.call(Unknown Source)
	at TempTestSuite1550476757023.run(TempTestSuite1550476757023.groovy:36)


2019-02-18 16:28:06 - [TEST_CASE][FAILED] - Test Cases/All TC/Arranged/2. Segment/OTC_Submit Form 7_End to End - Cheque: Test Cases/All TC/Arranged/2. Segment/OTC_Submit Form 7_End to End - Cheque FAILED.
Reason:
com.kms.katalon.core.exception.StepFailedException: Unable to set text '10/01/2019' of object 'Object Repository/KeatMun/Form 7_default/OTC_Application_Reg/Page_PERKESO/11.Tarikh Terima_stampedDtS' (Root cause: com.kms.katalon.core.webui.exception.WebElementNotFoundException: Web element with id: 'Object Repository/KeatMun/Form 7_default/OTC_Application_Reg/Page_PERKESO/11.Tarikh Terima_stampedDtS' located by 'By.xpath: //input[@id = 'stampedDtStr' and @name = 'stampedDtStr' and @type = 'text']' not found)
	at com.kms.katalon.core.keyword.internal.KeywordMain.stepFailed(KeywordMain.groovy:36)
	at com.kms.katalon.core.webui.keyword.internal.WebUIKeywordMain.stepFailed(WebUIKeywordMain.groovy:65)
	at com.kms.katalon.core.webui.keyword.internal.WebUIKeywordMain.runKeyword(WebUIKeywordMain.groovy:27)
	at com.kms.katalon.core.webui.keyword.builtin.SetTextKeyword.setText(SetTextKeyword.groovy:65)
	at com.kms.katalon.core.webui.keyword.builtin.SetTextKeyword.execute(SetTextKeyword.groovy:37)
	at com.kms.katalon.core.keyword.internal.KeywordExecutor.executeKeywordForPlatform(KeywordExecutor.groovy:53)
	at com.kms.katalon.core.webui.keyword.WebUiBuiltInKeywords.setText(WebUiBuiltInKeywords.groovy:950)
	at com.kms.katalon.core.webui.keyword.WebUiBuiltInKeywords$setText$1.call(Unknown Source)
	at OTC_Application_Reg.run(OTC_Application_Reg:74)
	at com.kms.katalon.core.main.ScriptEngine.run(ScriptEngine.java:194)
	at com.kms.katalon.core.main.ScriptEngine.runScriptAsRawText(ScriptEngine.java:119)
	at com.kms.katalon.core.main.TestCaseExecutor.runScript(TestCaseExecutor.java:328)
	at com.kms.katalon.core.main.TestCaseExecutor.doExecute(TestCaseExecutor.java:319)
	at com.kms.katalon.core.main.TestCaseExecutor.processExecutionPhase(TestCaseExecutor.java:298)
	at com.kms.katalon.core.main.TestCaseExecutor.accessMainPhase(TestCaseExecutor.java:290)
	at com.kms.katalon.core.main.TestCaseExecutor.execute(TestCaseExecutor.java:224)
	at com.kms.katalon.core.main.TestCaseMain.runTestCase(TestCaseMain.java:106)
	at com.kms.katalon.core.keyword.builtin.CallTestCaseKeyword$_callTestCase_closure1.doCall(CallTestCaseKeyword.groovy:59)
	at com.kms.katalon.core.keyword.builtin.CallTestCaseKeyword$_callTestCase_closure1.call(CallTestCaseKeyword.groovy)
	at com.kms.katalon.core.keyword.internal.KeywordMain.runKeyword(KeywordMain.groovy:54)
	at com.kms.katalon.core.keyword.builtin.CallTestCaseKeyword.callTestCase(CallTestCaseKeyword.groovy:80)
	at com.kms.katalon.core.keyword.builtin.CallTestCaseKeyword.execute(CallTestCaseKeyword.groovy:44)
	at com.kms.katalon.core.keyword.internal.KeywordExecutor.executeKeywordForPlatform(KeywordExecutor.groovy:53)
	at com.kms.katalon.core.keyword.BuiltinKeywords.callTestCase(BuiltinKeywords.groovy:334)
	at OTC_Submit Form 7_End to End - Cheque.run(OTC_Submit Form 7_End to End - Cheque:16)
	at com.kms.katalon.core.main.ScriptEngine.run(ScriptEngine.java:194)
	at com.kms.katalon.core.main.ScriptEngine.runScriptAsRawText(ScriptEngine.java:119)
	at com.kms.katalon.core.main.TestCaseExecutor.runScript(TestCaseExecutor.java:328)
	at com.kms.katalon.core.main.TestCaseExecutor.doExecute(TestCaseExecutor.java:319)
	at com.kms.katalon.core.main.TestCaseExecutor.processExecutionPhase(TestCaseExecutor.java:298)
	at com.kms.katalon.core.main.TestCaseExecutor.accessMainPhase(TestCaseExecutor.java:290)
	at com.kms.katalon.core.main.TestCaseExecutor.execute(TestCaseExecutor.java:224)
	at com.kms.katalon.core.main.TestCaseMain.runTestCase(TestCaseMain.java:106)
	at com.kms.katalon.core.keyword.builtin.CallTestCaseKeyword$_callTestCase_closure1.doCall(CallTestCaseKeyword.groovy:59)
	at com.kms.katalon.core.keyword.builtin.CallTestCaseKeyword$_callTestCase_closure1.call(CallTestCaseKeyword.groovy)
	at com.kms.katalon.core.keyword.internal.KeywordMain.runKeyword(KeywordMain.groovy:54)
	at com.kms.katalon.core.keyword.builtin.CallTestCaseKeyword.callTestCase(CallTestCaseKeyword.groovy:80)
	at com.kms.katalon.core.keyword.builtin.CallTestCaseKeyword.execute(CallTestCaseKeyword.groovy:44)
	at com.kms.katalon.core.keyword.internal.KeywordExecutor.executeKeywordForPlatform(KeywordExecutor.groovy:53)
	at com.kms.katalon.core.keyword.BuiltinKeywords.callTestCase(BuiltinKeywords.groovy:334)
	at Reject Application - RIA.run(Reject Application - RIA:16)
	at com.kms.katalon.core.main.ScriptEngine.run(ScriptEngine.java:194)
	at com.kms.katalon.core.main.ScriptEngine.runScriptAsRawText(ScriptEngine.java:119)
	at com.kms.katalon.core.main.TestCaseExecutor.runScript(TestCaseExecutor.java:328)
	at com.kms.katalon.core.main.TestCaseExecutor.doExecute(TestCaseExecutor.java:319)
	at com.kms.katalon.core.main.TestCaseExecutor.processExecutionPhase(TestCaseExecutor.java:298)
	at com.kms.katalon.core.main.TestCaseExecutor.accessMainPhase(TestCaseExecutor.java:290)
	at com.kms.katalon.core.main.TestCaseExecutor.execute(TestCaseExecutor.java:224)
	at com.kms.katalon.core.main.TestSuiteExecutor.accessTestCaseMainPhase(TestSuiteExecutor.java:129)
	at com.kms.katalon.core.main.TestSuiteExecutor.accessTestSuiteMainPhase(TestSuiteExecutor.java:112)
	at com.kms.katalon.core.main.TestSuiteExecutor.execute(TestSuiteExecutor.java:81)
	at com.kms.katalon.core.main.TestCaseMain.startTestSuite(TestCaseMain.java:149)
	at com.kms.katalon.core.main.TestCaseMain$startTestSuite$0.call(Unknown Source)
	at TempTestSuite1550476757023.run(TempTestSuite1550476757023.groovy:36)


2019-02-18 16:28:06 - [TEST_STEP][FAILED] - callTestCase(findTestCase("All TC/Arranged/3. Unit/EI/Form 7_default/OTC_Application_Reg"), [:], STOP_ON_FAILURE): callTestCase(findTestCase("All TC/Arranged/3. Unit/EI/Form 7_default/OTC_Application_Reg"), [:], STOP_ON_FAILURE) FAILED.
Reason:
com.kms.katalon.core.exception.StepFailedException: Unable to set text '10/01/2019' of object 'Object Repository/KeatMun/Form 7_default/OTC_Application_Reg/Page_PERKESO/11.Tarikh Terima_stampedDtS' (Root cause: com.kms.katalon.core.webui.exception.WebElementNotFoundException: Web element with id: 'Object Repository/KeatMun/Form 7_default/OTC_Application_Reg/Page_PERKESO/11.Tarikh Terima_stampedDtS' located by 'By.xpath: //input[@id = 'stampedDtStr' and @name = 'stampedDtStr' and @type = 'text']' not found)
	at com.kms.katalon.core.keyword.internal.KeywordMain.stepFailed(KeywordMain.groovy:36)
	at com.kms.katalon.core.webui.keyword.internal.WebUIKeywordMain.stepFailed(WebUIKeywordMain.groovy:65)
	at com.kms.katalon.core.webui.keyword.internal.WebUIKeywordMain.runKeyword(WebUIKeywordMain.groovy:27)
	at com.kms.katalon.core.webui.keyword.builtin.SetTextKeyword.setText(SetTextKeyword.groovy:65)
	at com.kms.katalon.core.webui.keyword.builtin.SetTextKeyword.execute(SetTextKeyword.groovy:37)
	at com.kms.katalon.core.keyword.internal.KeywordExecutor.executeKeywordForPlatform(KeywordExecutor.groovy:53)
	at com.kms.katalon.core.webui.keyword.WebUiBuiltInKeywords.setText(WebUiBuiltInKeywords.groovy:950)
	at com.kms.katalon.core.webui.keyword.WebUiBuiltInKeywords$setText$1.call(Unknown Source)
	at OTC_Application_Reg.run(OTC_Application_Reg:74)
	at com.kms.katalon.core.main.ScriptEngine.run(ScriptEngine.java:194)
	at com.kms.katalon.core.main.ScriptEngine.runScriptAsRawText(ScriptEngine.java:119)
	at com.kms.katalon.core.main.TestCaseExecutor.runScript(TestCaseExecutor.java:328)
	at com.kms.katalon.core.main.TestCaseExecutor.doExecute(TestCaseExecutor.java:319)
	at com.kms.katalon.core.main.TestCaseExecutor.processExecutionPhase(TestCaseExecutor.java:298)
	at com.kms.katalon.core.main.TestCaseExecutor.accessMainPhase(TestCaseExecutor.java:290)
	at com.kms.katalon.core.main.TestCaseExecutor.execute(TestCaseExecutor.java:224)
	at com.kms.katalon.core.main.TestCaseMain.runTestCase(TestCaseMain.java:106)
	at com.kms.katalon.core.keyword.builtin.CallTestCaseKeyword$_callTestCase_closure1.doCall(CallTestCaseKeyword.groovy:59)
	at com.kms.katalon.core.keyword.builtin.CallTestCaseKeyword$_callTestCase_closure1.call(CallTestCaseKeyword.groovy)
	at com.kms.katalon.core.keyword.internal.KeywordMain.runKeyword(KeywordMain.groovy:54)
	at com.kms.katalon.core.keyword.builtin.CallTestCaseKeyword.callTestCase(CallTestCaseKeyword.groovy:80)
	at com.kms.katalon.core.keyword.builtin.CallTestCaseKeyword.execute(CallTestCaseKeyword.groovy:44)
	at com.kms.katalon.core.keyword.internal.KeywordExecutor.executeKeywordForPlatform(KeywordExecutor.groovy:53)
	at com.kms.katalon.core.keyword.BuiltinKeywords.callTestCase(BuiltinKeywords.groovy:334)
	at OTC_Submit Form 7_End to End - Cheque.run(OTC_Submit Form 7_End to End - Cheque:16)
	at com.kms.katalon.core.main.ScriptEngine.run(ScriptEngine.java:194)
	at com.kms.katalon.core.main.ScriptEngine.runScriptAsRawText(ScriptEngine.java:119)
	at com.kms.katalon.core.main.TestCaseExecutor.runScript(TestCaseExecutor.java:328)
	at com.kms.katalon.core.main.TestCaseExecutor.doExecute(TestCaseExecutor.java:319)
	at com.kms.katalon.core.main.TestCaseExecutor.processExecutionPhase(TestCaseExecutor.java:298)
	at com.kms.katalon.core.main.TestCaseExecutor.accessMainPhase(TestCaseExecutor.java:290)
	at com.kms.katalon.core.main.TestCaseExecutor.execute(TestCaseExecutor.java:224)
	at com.kms.katalon.core.main.TestCaseMain.runTestCase(TestCaseMain.java:106)
	at com.kms.katalon.core.keyword.builtin.CallTestCaseKeyword$_callTestCase_closure1.doCall(CallTestCaseKeyword.groovy:59)
	at com.kms.katalon.core.keyword.builtin.CallTestCaseKeyword$_callTestCase_closure1.call(CallTestCaseKeyword.groovy)
	at com.kms.katalon.core.keyword.internal.KeywordMain.runKeyword(KeywordMain.groovy:54)
	at com.kms.katalon.core.keyword.builtin.CallTestCaseKeyword.callTestCase(CallTestCaseKeyword.groovy:80)
	at com.kms.katalon.core.keyword.builtin.CallTestCaseKeyword.execute(CallTestCaseKeyword.groovy:44)
	at com.kms.katalon.core.keyword.internal.KeywordExecutor.executeKeywordForPlatform(KeywordExecutor.groovy:53)
	at com.kms.katalon.core.keyword.BuiltinKeywords.callTestCase(BuiltinKeywords.groovy:334)
	at Reject Application - RIA.run(Reject Application - RIA:16)
	at com.kms.katalon.core.main.ScriptEngine.run(ScriptEngine.java:194)
	at com.kms.katalon.core.main.ScriptEngine.runScriptAsRawText(ScriptEngine.java:119)
	at com.kms.katalon.core.main.TestCaseExecutor.runScript(TestCaseExecutor.java:328)
	at com.kms.katalon.core.main.TestCaseExecutor.doExecute(TestCaseExecutor.java:319)
	at com.kms.katalon.core.main.TestCaseExecutor.processExecutionPhase(TestCaseExecutor.java:298)
	at com.kms.katalon.core.main.TestCaseExecutor.accessMainPhase(TestCaseExecutor.java:290)
	at com.kms.katalon.core.main.TestCaseExecutor.execute(TestCaseExecutor.java:224)
	at com.kms.katalon.core.main.TestSuiteExecutor.accessTestCaseMainPhase(TestSuiteExecutor.java:129)
	at com.kms.katalon.core.main.TestSuiteExecutor.accessTestSuiteMainPhase(TestSuiteExecutor.java:112)
	at com.kms.katalon.core.main.TestSuiteExecutor.execute(TestSuiteExecutor.java:81)
	at com.kms.katalon.core.main.TestCaseMain.startTestSuite(TestCaseMain.java:149)
	at com.kms.katalon.core.main.TestCaseMain$startTestSuite$0.call(Unknown Source)
	at TempTestSuite1550476757023.run(TempTestSuite1550476757023.groovy:36)


2019-02-18 16:28:06 - [TEST_CASE][FAILED] - Test Cases/All TC/Arranged/3. Unit/EI/Form 7_default/OTC_Application_Reg: Test Cases/All TC/Arranged/3. Unit/EI/Form 7_default/OTC_Application_Reg FAILED.
Reason:
com.kms.katalon.core.exception.StepFailedException: Unable to set text '10/01/2019' of object 'Object Repository/KeatMun/Form 7_default/OTC_Application_Reg/Page_PERKESO/11.Tarikh Terima_stampedDtS' (Root cause: com.kms.katalon.core.webui.exception.WebElementNotFoundException: Web element with id: 'Object Repository/KeatMun/Form 7_default/OTC_Application_Reg/Page_PERKESO/11.Tarikh Terima_stampedDtS' located by 'By.xpath: //input[@id = 'stampedDtStr' and @name = 'stampedDtStr' and @type = 'text']' not found)
	at com.kms.katalon.core.keyword.internal.KeywordMain.stepFailed(KeywordMain.groovy:36)
	at com.kms.katalon.core.webui.keyword.internal.WebUIKeywordMain.stepFailed(WebUIKeywordMain.groovy:65)
	at com.kms.katalon.core.webui.keyword.internal.WebUIKeywordMain.runKeyword(WebUIKeywordMain.groovy:27)
	at com.kms.katalon.core.webui.keyword.builtin.SetTextKeyword.setText(SetTextKeyword.groovy:65)
	at com.kms.katalon.core.webui.keyword.builtin.SetTextKeyword.execute(SetTextKeyword.groovy:37)
	at com.kms.katalon.core.keyword.internal.KeywordExecutor.executeKeywordForPlatform(KeywordExecutor.groovy:53)
	at com.kms.katalon.core.webui.keyword.WebUiBuiltInKeywords.setText(WebUiBuiltInKeywords.groovy:950)
	at com.kms.katalon.core.webui.keyword.WebUiBuiltInKeywords$setText$1.call(Unknown Source)
	at OTC_Application_Reg.run(OTC_Application_Reg:74)
	at com.kms.katalon.core.main.ScriptEngine.run(ScriptEngine.java:194)
	at com.kms.katalon.core.main.ScriptEngine.runScriptAsRawText(ScriptEngine.java:119)
	at com.kms.katalon.core.main.TestCaseExecutor.runScript(TestCaseExecutor.java:328)
	at com.kms.katalon.core.main.TestCaseExecutor.doExecute(TestCaseExecutor.java:319)
	at com.kms.katalon.core.main.TestCaseExecutor.processExecutionPhase(TestCaseExecutor.java:298)
	at com.kms.katalon.core.main.TestCaseExecutor.accessMainPhase(TestCaseExecutor.java:290)
	at com.kms.katalon.core.main.TestCaseExecutor.execute(TestCaseExecutor.java:224)
	at com.kms.katalon.core.main.TestCaseMain.runTestCase(TestCaseMain.java:106)
	at com.kms.katalon.core.keyword.builtin.CallTestCaseKeyword$_callTestCase_closure1.doCall(CallTestCaseKeyword.groovy:59)
	at com.kms.katalon.core.keyword.builtin.CallTestCaseKeyword$_callTestCase_closure1.call(CallTestCaseKeyword.groovy)
	at com.kms.katalon.core.keyword.internal.KeywordMain.runKeyword(KeywordMain.groovy:54)
	at com.kms.katalon.core.keyword.builtin.CallTestCaseKeyword.callTestCase(CallTestCaseKeyword.groovy:80)
	at com.kms.katalon.core.keyword.builtin.CallTestCaseKeyword.execute(CallTestCaseKeyword.groovy:44)
	at com.kms.katalon.core.keyword.internal.KeywordExecutor.executeKeywordForPlatform(KeywordExecutor.groovy:53)
	at com.kms.katalon.core.keyword.BuiltinKeywords.callTestCase(BuiltinKeywords.groovy:334)
	at OTC_Submit Form 7_End to End - Cheque.run(OTC_Submit Form 7_End to End - Cheque:16)
	at com.kms.katalon.core.main.ScriptEngine.run(ScriptEngine.java:194)
	at com.kms.katalon.core.main.ScriptEngine.runScriptAsRawText(ScriptEngine.java:119)
	at com.kms.katalon.core.main.TestCaseExecutor.runScript(TestCaseExecutor.java:328)
	at com.kms.katalon.core.main.TestCaseExecutor.doExecute(TestCaseExecutor.java:319)
	at com.kms.katalon.core.main.TestCaseExecutor.processExecutionPhase(TestCaseExecutor.java:298)
	at com.kms.katalon.core.main.TestCaseExecutor.accessMainPhase(TestCaseExecutor.java:290)
	at com.kms.katalon.core.main.TestCaseExecutor.execute(TestCaseExecutor.java:224)
	at com.kms.katalon.core.main.TestCaseMain.runTestCase(TestCaseMain.java:106)
	at com.kms.katalon.core.keyword.builtin.CallTestCaseKeyword$_callTestCase_closure1.doCall(CallTestCaseKeyword.groovy:59)
	at com.kms.katalon.core.keyword.builtin.CallTestCaseKeyword$_callTestCase_closure1.call(CallTestCaseKeyword.groovy)
	at com.kms.katalon.core.keyword.internal.KeywordMain.runKeyword(KeywordMain.groovy:54)
	at com.kms.katalon.core.keyword.builtin.CallTestCaseKeyword.callTestCase(CallTestCaseKeyword.groovy:80)
	at com.kms.katalon.core.keyword.builtin.CallTestCaseKeyword.execute(CallTestCaseKeyword.groovy:44)
	at com.kms.katalon.core.keyword.internal.KeywordExecutor.executeKeywordForPlatform(KeywordExecutor.groovy:53)
	at com.kms.katalon.core.keyword.BuiltinKeywords.callTestCase(BuiltinKeywords.groovy:334)
	at Reject Application - RIA.run(Reject Application - RIA:16)
	at com.kms.katalon.core.main.ScriptEngine.run(ScriptEngine.java:194)
	at com.kms.katalon.core.main.ScriptEngine.runScriptAsRawText(ScriptEngine.java:119)
	at com.kms.katalon.core.main.TestCaseExecutor.runScript(TestCaseExecutor.java:328)
	at com.kms.katalon.core.main.TestCaseExecutor.doExecute(TestCaseExecutor.java:319)
	at com.kms.katalon.core.main.TestCaseExecutor.processExecutionPhase(TestCaseExecutor.java:298)
	at com.kms.katalon.core.main.TestCaseExecutor.accessMainPhase(TestCaseExecutor.java:290)
	at com.kms.katalon.core.main.TestCaseExecutor.execute(TestCaseExecutor.java:224)
	at com.kms.katalon.core.main.TestSuiteExecutor.accessTestCaseMainPhase(TestSuiteExecutor.java:129)
	at com.kms.katalon.core.main.TestSuiteExecutor.accessTestSuiteMainPhase(TestSuiteExecutor.java:112)
	at com.kms.katalon.core.main.TestSuiteExecutor.execute(TestSuiteExecutor.java:81)
	at com.kms.katalon.core.main.TestCaseMain.startTestSuite(TestCaseMain.java:149)
	at com.kms.katalon.core.main.TestCaseMain$startTestSuite$0.call(Unknown Source)
	at TempTestSuite1550476757023.run(TempTestSuite1550476757023.groovy:36)


2019-02-18 16:28:06 - [TEST_STEP][PASSED] - openBrowser(""): Browser is opened with url: ''

2019-02-18 16:28:06 - [MESSAGE][WARNING] - A browser is already opened. Closing browser and opening a new one

2019-02-18 16:28:08 - [MESSAGE][INFO] - Starting 'Chrome' driver

2019-02-18 16:28:08 - [MESSAGE][INFO] - User set preference: ['args', '[--start-maximized]']

2019-02-18 16:28:12 - [MESSAGE][PASSED] - Browser is opened with url: ''

2019-02-18 16:28:12 - [TEST_STEP][PASSED] - navigateToUrl(Internal_Login): Navigate to 'http://10.20.24.188/eisportal/user/login' successfully

2019-02-18 16:28:13 - [MESSAGE][PASSED] - Navigate to 'http://10.20.24.188/eisportal/user/login' successfully

2019-02-18 16:28:13 - [TEST_STEP][PASSED] - delay(3): Delayed 3 second(s)

2019-02-18 16:28:16 - [MESSAGE][PASSED] - Delayed 3 second(s)

2019-02-18 16:28:16 - [TEST_STEP][PASSED] - setText(findTestObject("KeatMun/Form 7_default/OTC_Application_Reg/Page_PERKESO/1.username"), "faizal.hamid@perkeso.gov.my"): Text 'faizal.hamid@perkeso.gov.my' is set on object 'Object Repository/KeatMun/Form 7_default/OTC_Application_Reg/Page_PERKESO/1.username'

2019-02-18 16:28:21 - [MESSAGE][PASSED] - Text 'faizal.hamid@perkeso.gov.my' is set on object 'Object Repository/KeatMun/Form 7_default/OTC_Application_Reg/Page_PERKESO/1.username'

2019-02-18 16:28:21 - [TEST_STEP][PASSED] - delay(1): Delayed 1 second(s)

2019-02-18 16:28:22 - [MESSAGE][PASSED] - Delayed 1 second(s)

2019-02-18 16:28:22 - [TEST_STEP][PASSED] - setEncryptedText(findTestObject("KeatMun/Form 7_default/OTC_Application_Reg/Page_PERKESO/2.password"), "CQqwFZlbeC8="): Text ****** has been set on object 'Object Repository/KeatMun/Form 7_default/OTC_Application_Reg/Page_PERKESO/2.password'

2019-02-18 16:28:25 - [MESSAGE][PASSED] - Text ****** has been set on object 'Object Repository/KeatMun/Form 7_default/OTC_Application_Reg/Page_PERKESO/2.password'

2019-02-18 16:28:25 - [TEST_STEP][PASSED] - delay(2): Delayed 2 second(s)

2019-02-18 16:28:27 - [MESSAGE][PASSED] - Delayed 2 second(s)

2019-02-18 16:28:27 - [TEST_STEP][PASSED] - click(findTestObject("KeatMun/Form 7_default/OTC_Application_Reg/Page_PERKESO/3.login button")): Object: 'Object Repository/KeatMun/Form 7_default/OTC_Application_Reg/Page_PERKESO/3.login button' is clicked on

2019-02-18 16:28:30 - [MESSAGE][PASSED] - Object: 'Object Repository/KeatMun/Form 7_default/OTC_Application_Reg/Page_PERKESO/3.login button' is clicked on

2019-02-18 16:28:30 - [TEST_STEP][PASSED] - delay(2): Delayed 2 second(s)

2019-02-18 16:28:32 - [MESSAGE][PASSED] - Delayed 2 second(s)

2019-02-18 16:28:32 - [TEST_STEP][PASSED] - click(findTestObject("KeatMun/Form 7_default/OTC_Application_Reg/Page_PERKESO/4. Permohonan tab")): Object: 'Object Repository/KeatMun/Form 7_default/OTC_Application_Reg/Page_PERKESO/4. Permohonan tab' is clicked on

2019-02-18 16:28:35 - [MESSAGE][PASSED] - Object: 'Object Repository/KeatMun/Form 7_default/OTC_Application_Reg/Page_PERKESO/4. Permohonan tab' is clicked on

2019-02-18 16:28:35 - [TEST_STEP][PASSED] - delay(2): Delayed 2 second(s)

2019-02-18 16:28:37 - [MESSAGE][PASSED] - Delayed 2 second(s)

2019-02-18 16:28:37 - [TEST_STEP][PASSED] - click(findTestObject("KeatMun/Form 7_default/OTC_Application_Reg/Page_PERKESO/5.button_Setuju")): Object: 'Object Repository/KeatMun/Form 7_default/OTC_Application_Reg/Page_PERKESO/5.button_Setuju' is clicked on

2019-02-18 16:28:39 - [MESSAGE][PASSED] - Object: 'Object Repository/KeatMun/Form 7_default/OTC_Application_Reg/Page_PERKESO/5.button_Setuju' is clicked on

2019-02-18 16:28:39 - [TEST_STEP][PASSED] - delay(2): Delayed 2 second(s)

2019-02-18 16:28:41 - [MESSAGE][PASSED] - Delayed 2 second(s)

2019-02-18 16:28:41 - [TEST_STEP][PASSED] - IC = "950000140036": null

2019-02-18 16:28:41 - [TEST_STEP][PASSED] - setText(findTestObject("KeatMun/Form 7_default/OTC_Application_Reg/Page_PERKESO/6.No. Kad Pengenalan"), IC): Text '950000140036' is set on object 'Object Repository/KeatMun/Form 7_default/OTC_Application_Reg/Page_PERKESO/6.No. Kad Pengenalan'

2019-02-18 16:28:46 - [MESSAGE][PASSED] - Text '950000140036' is set on object 'Object Repository/KeatMun/Form 7_default/OTC_Application_Reg/Page_PERKESO/6.No. Kad Pengenalan'

2019-02-18 16:28:46 - [TEST_STEP][PASSED] - callTestCase(findTestCase("All TC/Arranged/1. Common/1.2 Setter/Setter IC"), [:], STOP_ON_FAILURE): Call Test Case 'Test Cases/All TC/Arranged/1. Common/1.2 Setter/Setter IC' successfully

2019-02-18 16:28:46 - [TEST_CASE][PASSED] - Test Cases/All TC/Arranged/1. Common/1.2 Setter/Setter IC: Test Cases/All TC/Arranged/1. Common/1.2 Setter/Setter IC

2019-02-18 16:28:46 - [TEST_STEP][PASSED] - RefNoOldFile = new java.io.File((internal.GlobalVariable.TextFilePathCommon + \getIC.txt)): null

2019-02-18 16:28:46 - [TEST_STEP][PASSED] - RefNoOldFile.delete(): null

2019-02-18 16:28:46 - [TEST_STEP][PASSED] - delay(5): Delayed 5 second(s)

2019-02-18 16:28:51 - [MESSAGE][PASSED] - Delayed 5 second(s)

2019-02-18 16:28:51 - [TEST_STEP][PASSED] - RefNo = new java.io.File((internal.GlobalVariable.TextFilePathCommon + \getIC.txt)): null

2019-02-18 16:28:51 - [TEST_STEP][PASSED] - f2 = new java.io.FileWriter(RefNo, false): null

2019-02-18 16:28:51 - [TEST_STEP][PASSED] - f2.write(IC): null

2019-02-18 16:28:51 - [TEST_STEP][PASSED] - f2.close(): null

2019-02-18 16:28:51 - [TEST_STEP][PASSED] - out.println("


" + IC + "


"): null

2019-02-18 16:28:51 - [MESSAGE][PASSED] - Call Test Case 'Test Cases/All TC/Arranged/1. Common/1.2 Setter/Setter IC' successfully

2019-02-18 16:28:51 - [TEST_STEP][PASSED] - delay(2): Delayed 2 second(s)

2019-02-18 16:28:53 - [MESSAGE][PASSED] - Delayed 2 second(s)

2019-02-18 16:28:53 - [TEST_STEP][PASSED] - click(findTestObject("KeatMun/Form 7_default/OTC_Application_Reg/Page_PERKESO/7.button_Semak")): Object: 'Object Repository/KeatMun/Form 7_default/OTC_Application_Reg/Page_PERKESO/7.button_Semak' is clicked on

2019-02-18 16:28:55 - [MESSAGE][PASSED] - Object: 'Object Repository/KeatMun/Form 7_default/OTC_Application_Reg/Page_PERKESO/7.button_Semak' is clicked on

2019-02-18 16:28:55 - [TEST_STEP][PASSED] - delay(4): Delayed 4 second(s)

2019-02-18 16:28:59 - [MESSAGE][PASSED] - Delayed 4 second(s)

2019-02-18 16:28:59 - [TEST_STEP][PASSED] - click(findTestObject("KeatMun/Form 7_default/OTC_Application_Reg/Page_PERKESO/8. Nama Majikan Dropdown")): Object: 'Object Repository/KeatMun/Form 7_default/OTC_Application_Reg/Page_PERKESO/8. Nama Majikan Dropdown' is clicked on

2019-02-18 16:29:01 - [MESSAGE][PASSED] - Object: 'Object Repository/KeatMun/Form 7_default/OTC_Application_Reg/Page_PERKESO/8. Nama Majikan Dropdown' is clicked on

2019-02-18 16:29:01 - [TEST_STEP][PASSED] - setText(findTestObject("KeatMun/Form 7_default/OTC_Application_Reg/Page_PERKESO/8. LOE emp"), "mon"): Text 'mon' is set on object 'Object Repository/KeatMun/Form 7_default/OTC_Application_Reg/Page_PERKESO/8. LOE emp'

2019-02-18 16:29:06 - [MESSAGE][PASSED] - Text 'mon' is set on object 'Object Repository/KeatMun/Form 7_default/OTC_Application_Reg/Page_PERKESO/8. LOE emp'

2019-02-18 16:29:06 - [TEST_STEP][PASSED] - click(findTestObject("KeatMun/Form 7_default/OTC_Application_Reg/Page_PERKESO/8. MONSOON MOTEL")): Object: 'Object Repository/KeatMun/Form 7_default/OTC_Application_Reg/Page_PERKESO/8. MONSOON MOTEL' is clicked on

2019-02-18 16:29:08 - [MESSAGE][PASSED] - Object: 'Object Repository/KeatMun/Form 7_default/OTC_Application_Reg/Page_PERKESO/8. MONSOON MOTEL' is clicked on

2019-02-18 16:29:08 - [TEST_STEP][PASSED] - delay(2): Delayed 2 second(s)

2019-02-18 16:29:10 - [MESSAGE][PASSED] - Delayed 2 second(s)

2019-02-18 16:29:10 - [TEST_STEP][PASSED] - setText(findTestObject("KeatMun/Form 7_default/OTC_Application_Reg/Page_PERKESO/9.Tarikh kehilangan pkj"), "10/01/2019"): Text '10/01/2019' is set on object 'Object Repository/KeatMun/Form 7_default/OTC_Application_Reg/Page_PERKESO/9.Tarikh kehilangan pkj'

2019-02-18 16:29:14 - [MESSAGE][PASSED] - Text '10/01/2019' is set on object 'Object Repository/KeatMun/Form 7_default/OTC_Application_Reg/Page_PERKESO/9.Tarikh kehilangan pkj'

2019-02-18 16:29:14 - [TEST_STEP][PASSED] - delay(2): Delayed 2 second(s)

2019-02-18 16:29:16 - [MESSAGE][PASSED] - Delayed 2 second(s)

2019-02-18 16:29:16 - [TEST_STEP][PASSED] - click(findTestObject("KeatMun/Form 7_default/OTC_Application_Reg/Page_PERKESO/9. Date Picker Done Button ")): Object: 'Object Repository/KeatMun/Form 7_default/OTC_Application_Reg/Page_PERKESO/9. Date Picker Done Button ' is clicked on

2019-02-18 16:29:18 - [MESSAGE][PASSED] - Object: 'Object Repository/KeatMun/Form 7_default/OTC_Application_Reg/Page_PERKESO/9. Date Picker Done Button ' is clicked on

2019-02-18 16:29:18 - [TEST_STEP][PASSED] - delay(2): Delayed 2 second(s)

2019-02-18 16:29:20 - [MESSAGE][PASSED] - Delayed 2 second(s)

2019-02-18 16:29:20 - [TEST_STEP][PASSED] - click(findTestObject("KeatMun/Form 7_default/OTC_Application_Reg/Page_PERKESO/10.button_Mohon")): Object: 'Object Repository/KeatMun/Form 7_default/OTC_Application_Reg/Page_PERKESO/10.button_Mohon' is clicked on

2019-02-18 16:29:22 - [MESSAGE][PASSED] - Object: 'Object Repository/KeatMun/Form 7_default/OTC_Application_Reg/Page_PERKESO/10.button_Mohon' is clicked on

2019-02-18 16:29:22 - [TEST_STEP][PASSED] - delay(2): Delayed 2 second(s)

2019-02-18 16:29:24 - [MESSAGE][PASSED] - Delayed 2 second(s)

2019-02-18 16:29:24 - [TEST_STEP][FAILED] - setText(findTestObject("KeatMun/Form 7_default/OTC_Application_Reg/Page_PERKESO/11.Tarikh Terima_stampedDtS"), "10/01/2019"): setText(findTestObject("KeatMun/Form 7_default/OTC_Application_Reg/Page_PERKESO/11.Tarikh Terima_stampedDtS"), "10/01/2019") FAILED.
Reason:
com.kms.katalon.core.exception.StepFailedException: Unable to set text '10/01/2019' of object 'Object Repository/KeatMun/Form 7_default/OTC_Application_Reg/Page_PERKESO/11.Tarikh Terima_stampedDtS' (Root cause: com.kms.katalon.core.webui.exception.WebElementNotFoundException: Web element with id: 'Object Repository/KeatMun/Form 7_default/OTC_Application_Reg/Page_PERKESO/11.Tarikh Terima_stampedDtS' located by 'By.xpath: //input[@id = 'stampedDtStr' and @name = 'stampedDtStr' and @type = 'text']' not found)
	at com.kms.katalon.core.keyword.internal.KeywordMain.stepFailed(KeywordMain.groovy:36)
	at com.kms.katalon.core.webui.keyword.internal.WebUIKeywordMain.stepFailed(WebUIKeywordMain.groovy:65)
	at com.kms.katalon.core.webui.keyword.internal.WebUIKeywordMain.runKeyword(WebUIKeywordMain.groovy:27)
	at com.kms.katalon.core.webui.keyword.builtin.SetTextKeyword.setText(SetTextKeyword.groovy:65)
	at com.kms.katalon.core.webui.keyword.builtin.SetTextKeyword.execute(SetTextKeyword.groovy:37)
	at com.kms.katalon.core.keyword.internal.KeywordExecutor.executeKeywordForPlatform(KeywordExecutor.groovy:53)
	at com.kms.katalon.core.webui.keyword.WebUiBuiltInKeywords.setText(WebUiBuiltInKeywords.groovy:950)
	at com.kms.katalon.core.webui.keyword.WebUiBuiltInKeywords$setText$1.call(Unknown Source)
	at OTC_Application_Reg.run(OTC_Application_Reg:74)
	at com.kms.katalon.core.main.ScriptEngine.run(ScriptEngine.java:194)
	at com.kms.katalon.core.main.ScriptEngine.runScriptAsRawText(ScriptEngine.java:119)
	at com.kms.katalon.core.main.TestCaseExecutor.runScript(TestCaseExecutor.java:328)
	at com.kms.katalon.core.main.TestCaseExecutor.doExecute(TestCaseExecutor.java:319)
	at com.kms.katalon.core.main.TestCaseExecutor.processExecutionPhase(TestCaseExecutor.java:298)
	at com.kms.katalon.core.main.TestCaseExecutor.accessMainPhase(TestCaseExecutor.java:290)
	at com.kms.katalon.core.main.TestCaseExecutor.execute(TestCaseExecutor.java:224)
	at com.kms.katalon.core.main.TestCaseMain.runTestCase(TestCaseMain.java:106)
	at com.kms.katalon.core.keyword.builtin.CallTestCaseKeyword$_callTestCase_closure1.doCall(CallTestCaseKeyword.groovy:59)
	at com.kms.katalon.core.keyword.builtin.CallTestCaseKeyword$_callTestCase_closure1.call(CallTestCaseKeyword.groovy)
	at com.kms.katalon.core.keyword.internal.KeywordMain.runKeyword(KeywordMain.groovy:54)
	at com.kms.katalon.core.keyword.builtin.CallTestCaseKeyword.callTestCase(CallTestCaseKeyword.groovy:80)
	at com.kms.katalon.core.keyword.builtin.CallTestCaseKeyword.execute(CallTestCaseKeyword.groovy:44)
	at com.kms.katalon.core.keyword.internal.KeywordExecutor.executeKeywordForPlatform(KeywordExecutor.groovy:53)
	at com.kms.katalon.core.keyword.BuiltinKeywords.callTestCase(BuiltinKeywords.groovy:334)
	at OTC_Submit Form 7_End to End - Cheque.run(OTC_Submit Form 7_End to End - Cheque:16)
	at com.kms.katalon.core.main.ScriptEngine.run(ScriptEngine.java:194)
	at com.kms.katalon.core.main.ScriptEngine.runScriptAsRawText(ScriptEngine.java:119)
	at com.kms.katalon.core.main.TestCaseExecutor.runScript(TestCaseExecutor.java:328)
	at com.kms.katalon.core.main.TestCaseExecutor.doExecute(TestCaseExecutor.java:319)
	at com.kms.katalon.core.main.TestCaseExecutor.processExecutionPhase(TestCaseExecutor.java:298)
	at com.kms.katalon.core.main.TestCaseExecutor.accessMainPhase(TestCaseExecutor.java:290)
	at com.kms.katalon.core.main.TestCaseExecutor.execute(TestCaseExecutor.java:224)
	at com.kms.katalon.core.main.TestCaseMain.runTestCase(TestCaseMain.java:106)
	at com.kms.katalon.core.keyword.builtin.CallTestCaseKeyword$_callTestCase_closure1.doCall(CallTestCaseKeyword.groovy:59)
	at com.kms.katalon.core.keyword.builtin.CallTestCaseKeyword$_callTestCase_closure1.call(CallTestCaseKeyword.groovy)
	at com.kms.katalon.core.keyword.internal.KeywordMain.runKeyword(KeywordMain.groovy:54)
	at com.kms.katalon.core.keyword.builtin.CallTestCaseKeyword.callTestCase(CallTestCaseKeyword.groovy:80)
	at com.kms.katalon.core.keyword.builtin.CallTestCaseKeyword.execute(CallTestCaseKeyword.groovy:44)
	at com.kms.katalon.core.keyword.internal.KeywordExecutor.executeKeywordForPlatform(KeywordExecutor.groovy:53)
	at com.kms.katalon.core.keyword.BuiltinKeywords.callTestCase(BuiltinKeywords.groovy:334)
	at Reject Application - RIA.run(Reject Application - RIA:16)
	at com.kms.katalon.core.main.ScriptEngine.run(ScriptEngine.java:194)
	at com.kms.katalon.core.main.ScriptEngine.runScriptAsRawText(ScriptEngine.java:119)
	at com.kms.katalon.core.main.TestCaseExecutor.runScript(TestCaseExecutor.java:328)
	at com.kms.katalon.core.main.TestCaseExecutor.doExecute(TestCaseExecutor.java:319)
	at com.kms.katalon.core.main.TestCaseExecutor.processExecutionPhase(TestCaseExecutor.java:298)
	at com.kms.katalon.core.main.TestCaseExecutor.accessMainPhase(TestCaseExecutor.java:290)
	at com.kms.katalon.core.main.TestCaseExecutor.execute(TestCaseExecutor.java:224)
	at com.kms.katalon.core.main.TestSuiteExecutor.accessTestCaseMainPhase(TestSuiteExecutor.java:129)
	at com.kms.katalon.core.main.TestSuiteExecutor.accessTestSuiteMainPhase(TestSuiteExecutor.java:112)
	at com.kms.katalon.core.main.TestSuiteExecutor.execute(TestSuiteExecutor.java:81)
	at com.kms.katalon.core.main.TestCaseMain.startTestSuite(TestCaseMain.java:149)
	at com.kms.katalon.core.main.TestCaseMain$startTestSuite$0.call(Unknown Source)
	at TempTestSuite1550476757023.run(TempTestSuite1550476757023.groovy:36)


2019-02-18 16:29:55 - [MESSAGE][INFO] - Unable to find the element located by 'By.xpath: //input[@id = 'stampedDtStr' and @name = 'stampedDtStr' and @type = 'text']'. Please recheck the objects properties to make sure the desired element is located. 

2019-02-18 16:29:56 - [MESSAGE][FAILED] - Unable to set text '10/01/2019' of object 'Object Repository/KeatMun/Form 7_default/OTC_Application_Reg/Page_PERKESO/11.Tarikh Terima_stampedDtS' (Root cause: com.kms.katalon.core.webui.exception.WebElementNotFoundException: Web element with id: 'Object Repository/KeatMun/Form 7_default/OTC_Application_Reg/Page_PERKESO/11.Tarikh Terima_stampedDtS' located by 'By.xpath: //input[@id = 'stampedDtStr' and @name = 'stampedDtStr' and @type = 'text']' not found)
[[ATTACHMENT|C:\\Users\\Admin\\Documents\\GitHub\\PKSKatalon\\PKS-EI-ES\\Reports\\New Test Suite\\20190218_155917\\1550478595330.png]]

2019-02-18 16:29:56 - [MESSAGE][FAILED] - setText(findTestObject("KeatMun/Form 7_default/OTC_Application_Reg/Page_PERKESO/11.Tarikh Terima_stampedDtS"), "10/01/2019") FAILED.
Reason:
com.kms.katalon.core.exception.StepFailedException: Unable to set text '10/01/2019' of object 'Object Repository/KeatMun/Form 7_default/OTC_Application_Reg/Page_PERKESO/11.Tarikh Terima_stampedDtS' (Root cause: com.kms.katalon.core.webui.exception.WebElementNotFoundException: Web element with id: 'Object Repository/KeatMun/Form 7_default/OTC_Application_Reg/Page_PERKESO/11.Tarikh Terima_stampedDtS' located by 'By.xpath: //input[@id = 'stampedDtStr' and @name = 'stampedDtStr' and @type = 'text']' not found)
	at com.kms.katalon.core.keyword.internal.KeywordMain.stepFailed(KeywordMain.groovy:36)
	at com.kms.katalon.core.webui.keyword.internal.WebUIKeywordMain.stepFailed(WebUIKeywordMain.groovy:65)
	at com.kms.katalon.core.webui.keyword.internal.WebUIKeywordMain.runKeyword(WebUIKeywordMain.groovy:27)
	at com.kms.katalon.core.webui.keyword.builtin.SetTextKeyword.setText(SetTextKeyword.groovy:65)
	at com.kms.katalon.core.webui.keyword.builtin.SetTextKeyword.execute(SetTextKeyword.groovy:37)
	at com.kms.katalon.core.keyword.internal.KeywordExecutor.executeKeywordForPlatform(KeywordExecutor.groovy:53)
	at com.kms.katalon.core.webui.keyword.WebUiBuiltInKeywords.setText(WebUiBuiltInKeywords.groovy:950)
	at com.kms.katalon.core.webui.keyword.WebUiBuiltInKeywords$setText$1.call(Unknown Source)
	at OTC_Application_Reg.run(OTC_Application_Reg:74)
	at com.kms.katalon.core.main.ScriptEngine.run(ScriptEngine.java:194)
	at com.kms.katalon.core.main.ScriptEngine.runScriptAsRawText(ScriptEngine.java:119)
	at com.kms.katalon.core.main.TestCaseExecutor.runScript(TestCaseExecutor.java:328)
	at com.kms.katalon.core.main.TestCaseExecutor.doExecute(TestCaseExecutor.java:319)
	at com.kms.katalon.core.main.TestCaseExecutor.processExecutionPhase(TestCaseExecutor.java:298)
	at com.kms.katalon.core.main.TestCaseExecutor.accessMainPhase(TestCaseExecutor.java:290)
	at com.kms.katalon.core.main.TestCaseExecutor.execute(TestCaseExecutor.java:224)
	at com.kms.katalon.core.main.TestCaseMain.runTestCase(TestCaseMain.java:106)
	at com.kms.katalon.core.keyword.builtin.CallTestCaseKeyword$_callTestCase_closure1.doCall(CallTestCaseKeyword.groovy:59)
	at com.kms.katalon.core.keyword.builtin.CallTestCaseKeyword$_callTestCase_closure1.call(CallTestCaseKeyword.groovy)
	at com.kms.katalon.core.keyword.internal.KeywordMain.runKeyword(KeywordMain.groovy:54)
	at com.kms.katalon.core.keyword.builtin.CallTestCaseKeyword.callTestCase(CallTestCaseKeyword.groovy:80)
	at com.kms.katalon.core.keyword.builtin.CallTestCaseKeyword.execute(CallTestCaseKeyword.groovy:44)
	at com.kms.katalon.core.keyword.internal.KeywordExecutor.executeKeywordForPlatform(KeywordExecutor.groovy:53)
	at com.kms.katalon.core.keyword.BuiltinKeywords.callTestCase(BuiltinKeywords.groovy:334)
	at OTC_Submit Form 7_End to End - Cheque.run(OTC_Submit Form 7_End to End - Cheque:16)
	at com.kms.katalon.core.main.ScriptEngine.run(ScriptEngine.java:194)
	at com.kms.katalon.core.main.ScriptEngine.runScriptAsRawText(ScriptEngine.java:119)
	at com.kms.katalon.core.main.TestCaseExecutor.runScript(TestCaseExecutor.java:328)
	at com.kms.katalon.core.main.TestCaseExecutor.doExecute(TestCaseExecutor.java:319)
	at com.kms.katalon.core.main.TestCaseExecutor.processExecutionPhase(TestCaseExecutor.java:298)
	at com.kms.katalon.core.main.TestCaseExecutor.accessMainPhase(TestCaseExecutor.java:290)
	at com.kms.katalon.core.main.TestCaseExecutor.execute(TestCaseExecutor.java:224)
	at com.kms.katalon.core.main.TestCaseMain.runTestCase(TestCaseMain.java:106)
	at com.kms.katalon.core.keyword.builtin.CallTestCaseKeyword$_callTestCase_closure1.doCall(CallTestCaseKeyword.groovy:59)
	at com.kms.katalon.core.keyword.builtin.CallTestCaseKeyword$_callTestCase_closure1.call(CallTestCaseKeyword.groovy)
	at com.kms.katalon.core.keyword.internal.KeywordMain.runKeyword(KeywordMain.groovy:54)
	at com.kms.katalon.core.keyword.builtin.CallTestCaseKeyword.callTestCase(CallTestCaseKeyword.groovy:80)
	at com.kms.katalon.core.keyword.builtin.CallTestCaseKeyword.execute(CallTestCaseKeyword.groovy:44)
	at com.kms.katalon.core.keyword.internal.KeywordExecutor.executeKeywordForPlatform(KeywordExecutor.groovy:53)
	at com.kms.katalon.core.keyword.BuiltinKeywords.callTestCase(BuiltinKeywords.groovy:334)
	at Reject Application - RIA.run(Reject Application - RIA:16)
	at com.kms.katalon.core.main.ScriptEngine.run(ScriptEngine.java:194)
	at com.kms.katalon.core.main.ScriptEngine.runScriptAsRawText(ScriptEngine.java:119)
	at com.kms.katalon.core.main.TestCaseExecutor.runScript(TestCaseExecutor.java:328)
	at com.kms.katalon.core.main.TestCaseExecutor.doExecute(TestCaseExecutor.java:319)
	at com.kms.katalon.core.main.TestCaseExecutor.processExecutionPhase(TestCaseExecutor.java:298)
	at com.kms.katalon.core.main.TestCaseExecutor.accessMainPhase(TestCaseExecutor.java:290)
	at com.kms.katalon.core.main.TestCaseExecutor.execute(TestCaseExecutor.java:224)
	at com.kms.katalon.core.main.TestSuiteExecutor.accessTestCaseMainPhase(TestSuiteExecutor.java:129)
	at com.kms.katalon.core.main.TestSuiteExecutor.accessTestSuiteMainPhase(TestSuiteExecutor.java:112)
	at com.kms.katalon.core.main.TestSuiteExecutor.execute(TestSuiteExecutor.java:81)
	at com.kms.katalon.core.main.TestCaseMain.startTestSuite(TestCaseMain.java:149)
	at com.kms.katalon.core.main.TestCaseMain$startTestSuite$0.call(Unknown Source)
	at TempTestSuite1550476757023.run(TempTestSuite1550476757023.groovy:36)


2019-02-18 16:29:56 - [MESSAGE][FAILED] - Unable to call Test Case 'Test Cases/All TC/Arranged/3. Unit/EI/Form 7_default/OTC_Application_Reg' (Root cause: com.kms.katalon.core.exception.StepFailedException: Call Test Case 'Test Cases/All TC/Arranged/3. Unit/EI/Form 7_default/OTC_Application_Reg' failed)

2019-02-18 16:29:56 - [MESSAGE][FAILED] - callTestCase(findTestCase("All TC/Arranged/3. Unit/EI/Form 7_default/OTC_Application_Reg"), [:], STOP_ON_FAILURE) FAILED.
Reason:
com.kms.katalon.core.exception.StepFailedException: Unable to set text '10/01/2019' of object 'Object Repository/KeatMun/Form 7_default/OTC_Application_Reg/Page_PERKESO/11.Tarikh Terima_stampedDtS' (Root cause: com.kms.katalon.core.webui.exception.WebElementNotFoundException: Web element with id: 'Object Repository/KeatMun/Form 7_default/OTC_Application_Reg/Page_PERKESO/11.Tarikh Terima_stampedDtS' located by 'By.xpath: //input[@id = 'stampedDtStr' and @name = 'stampedDtStr' and @type = 'text']' not found)
	at com.kms.katalon.core.keyword.internal.KeywordMain.stepFailed(KeywordMain.groovy:36)
	at com.kms.katalon.core.webui.keyword.internal.WebUIKeywordMain.stepFailed(WebUIKeywordMain.groovy:65)
	at com.kms.katalon.core.webui.keyword.internal.WebUIKeywordMain.runKeyword(WebUIKeywordMain.groovy:27)
	at com.kms.katalon.core.webui.keyword.builtin.SetTextKeyword.setText(SetTextKeyword.groovy:65)
	at com.kms.katalon.core.webui.keyword.builtin.SetTextKeyword.execute(SetTextKeyword.groovy:37)
	at com.kms.katalon.core.keyword.internal.KeywordExecutor.executeKeywordForPlatform(KeywordExecutor.groovy:53)
	at com.kms.katalon.core.webui.keyword.WebUiBuiltInKeywords.setText(WebUiBuiltInKeywords.groovy:950)
	at com.kms.katalon.core.webui.keyword.WebUiBuiltInKeywords$setText$1.call(Unknown Source)
	at OTC_Application_Reg.run(OTC_Application_Reg:74)
	at com.kms.katalon.core.main.ScriptEngine.run(ScriptEngine.java:194)
	at com.kms.katalon.core.main.ScriptEngine.runScriptAsRawText(ScriptEngine.java:119)
	at com.kms.katalon.core.main.TestCaseExecutor.runScript(TestCaseExecutor.java:328)
	at com.kms.katalon.core.main.TestCaseExecutor.doExecute(TestCaseExecutor.java:319)
	at com.kms.katalon.core.main.TestCaseExecutor.processExecutionPhase(TestCaseExecutor.java:298)
	at com.kms.katalon.core.main.TestCaseExecutor.accessMainPhase(TestCaseExecutor.java:290)
	at com.kms.katalon.core.main.TestCaseExecutor.execute(TestCaseExecutor.java:224)
	at com.kms.katalon.core.main.TestCaseMain.runTestCase(TestCaseMain.java:106)
	at com.kms.katalon.core.keyword.builtin.CallTestCaseKeyword$_callTestCase_closure1.doCall(CallTestCaseKeyword.groovy:59)
	at com.kms.katalon.core.keyword.builtin.CallTestCaseKeyword$_callTestCase_closure1.call(CallTestCaseKeyword.groovy)
	at com.kms.katalon.core.keyword.internal.KeywordMain.runKeyword(KeywordMain.groovy:54)
	at com.kms.katalon.core.keyword.builtin.CallTestCaseKeyword.callTestCase(CallTestCaseKeyword.groovy:80)
	at com.kms.katalon.core.keyword.builtin.CallTestCaseKeyword.execute(CallTestCaseKeyword.groovy:44)
	at com.kms.katalon.core.keyword.internal.KeywordExecutor.executeKeywordForPlatform(KeywordExecutor.groovy:53)
	at com.kms.katalon.core.keyword.BuiltinKeywords.callTestCase(BuiltinKeywords.groovy:334)
	at OTC_Submit Form 7_End to End - Cheque.run(OTC_Submit Form 7_End to End - Cheque:16)
	at com.kms.katalon.core.main.ScriptEngine.run(ScriptEngine.java:194)
	at com.kms.katalon.core.main.ScriptEngine.runScriptAsRawText(ScriptEngine.java:119)
	at com.kms.katalon.core.main.TestCaseExecutor.runScript(TestCaseExecutor.java:328)
	at com.kms.katalon.core.main.TestCaseExecutor.doExecute(TestCaseExecutor.java:319)
	at com.kms.katalon.core.main.TestCaseExecutor.processExecutionPhase(TestCaseExecutor.java:298)
	at com.kms.katalon.core.main.TestCaseExecutor.accessMainPhase(TestCaseExecutor.java:290)
	at com.kms.katalon.core.main.TestCaseExecutor.execute(TestCaseExecutor.java:224)
	at com.kms.katalon.core.main.TestCaseMain.runTestCase(TestCaseMain.java:106)
	at com.kms.katalon.core.keyword.builtin.CallTestCaseKeyword$_callTestCase_closure1.doCall(CallTestCaseKeyword.groovy:59)
	at com.kms.katalon.core.keyword.builtin.CallTestCaseKeyword$_callTestCase_closure1.call(CallTestCaseKeyword.groovy)
	at com.kms.katalon.core.keyword.internal.KeywordMain.runKeyword(KeywordMain.groovy:54)
	at com.kms.katalon.core.keyword.builtin.CallTestCaseKeyword.callTestCase(CallTestCaseKeyword.groovy:80)
	at com.kms.katalon.core.keyword.builtin.CallTestCaseKeyword.execute(CallTestCaseKeyword.groovy:44)
	at com.kms.katalon.core.keyword.internal.KeywordExecutor.executeKeywordForPlatform(KeywordExecutor.groovy:53)
	at com.kms.katalon.core.keyword.BuiltinKeywords.callTestCase(BuiltinKeywords.groovy:334)
	at Reject Application - RIA.run(Reject Application - RIA:16)
	at com.kms.katalon.core.main.ScriptEngine.run(ScriptEngine.java:194)
	at com.kms.katalon.core.main.ScriptEngine.runScriptAsRawText(ScriptEngine.java:119)
	at com.kms.katalon.core.main.TestCaseExecutor.runScript(TestCaseExecutor.java:328)
	at com.kms.katalon.core.main.TestCaseExecutor.doExecute(TestCaseExecutor.java:319)
	at com.kms.katalon.core.main.TestCaseExecutor.processExecutionPhase(TestCaseExecutor.java:298)
	at com.kms.katalon.core.main.TestCaseExecutor.accessMainPhase(TestCaseExecutor.java:290)
	at com.kms.katalon.core.main.TestCaseExecutor.execute(TestCaseExecutor.java:224)
	at com.kms.katalon.core.main.TestSuiteExecutor.accessTestCaseMainPhase(TestSuiteExecutor.java:129)
	at com.kms.katalon.core.main.TestSuiteExecutor.accessTestSuiteMainPhase(TestSuiteExecutor.java:112)
	at com.kms.katalon.core.main.TestSuiteExecutor.execute(TestSuiteExecutor.java:81)
	at com.kms.katalon.core.main.TestCaseMain.startTestSuite(TestCaseMain.java:149)
	at com.kms.katalon.core.main.TestCaseMain$startTestSuite$0.call(Unknown Source)
	at TempTestSuite1550476757023.run(TempTestSuite1550476757023.groovy:36)


2019-02-18 16:29:57 - [MESSAGE][FAILED] - Unable to call Test Case 'Test Cases/All TC/Arranged/2. Segment/OTC_Submit Form 7_End to End - Cheque' (Root cause: com.kms.katalon.core.exception.StepFailedException: Call Test Case 'Test Cases/All TC/Arranged/2. Segment/OTC_Submit Form 7_End to End - Cheque' failed)

2019-02-18 16:29:57 - [MESSAGE][FAILED] - callTestCase(findTestCase("All TC/Arranged/2. Segment/OTC_Submit Form 7_End to End - Cheque"), [:], STOP_ON_FAILURE) FAILED.
Reason:
com.kms.katalon.core.exception.StepFailedException: Unable to set text '10/01/2019' of object 'Object Repository/KeatMun/Form 7_default/OTC_Application_Reg/Page_PERKESO/11.Tarikh Terima_stampedDtS' (Root cause: com.kms.katalon.core.webui.exception.WebElementNotFoundException: Web element with id: 'Object Repository/KeatMun/Form 7_default/OTC_Application_Reg/Page_PERKESO/11.Tarikh Terima_stampedDtS' located by 'By.xpath: //input[@id = 'stampedDtStr' and @name = 'stampedDtStr' and @type = 'text']' not found)
	at com.kms.katalon.core.keyword.internal.KeywordMain.stepFailed(KeywordMain.groovy:36)
	at com.kms.katalon.core.webui.keyword.internal.WebUIKeywordMain.stepFailed(WebUIKeywordMain.groovy:65)
	at com.kms.katalon.core.webui.keyword.internal.WebUIKeywordMain.runKeyword(WebUIKeywordMain.groovy:27)
	at com.kms.katalon.core.webui.keyword.builtin.SetTextKeyword.setText(SetTextKeyword.groovy:65)
	at com.kms.katalon.core.webui.keyword.builtin.SetTextKeyword.execute(SetTextKeyword.groovy:37)
	at com.kms.katalon.core.keyword.internal.KeywordExecutor.executeKeywordForPlatform(KeywordExecutor.groovy:53)
	at com.kms.katalon.core.webui.keyword.WebUiBuiltInKeywords.setText(WebUiBuiltInKeywords.groovy:950)
	at com.kms.katalon.core.webui.keyword.WebUiBuiltInKeywords$setText$1.call(Unknown Source)
	at OTC_Application_Reg.run(OTC_Application_Reg:74)
	at com.kms.katalon.core.main.ScriptEngine.run(ScriptEngine.java:194)
	at com.kms.katalon.core.main.ScriptEngine.runScriptAsRawText(ScriptEngine.java:119)
	at com.kms.katalon.core.main.TestCaseExecutor.runScript(TestCaseExecutor.java:328)
	at com.kms.katalon.core.main.TestCaseExecutor.doExecute(TestCaseExecutor.java:319)
	at com.kms.katalon.core.main.TestCaseExecutor.processExecutionPhase(TestCaseExecutor.java:298)
	at com.kms.katalon.core.main.TestCaseExecutor.accessMainPhase(TestCaseExecutor.java:290)
	at com.kms.katalon.core.main.TestCaseExecutor.execute(TestCaseExecutor.java:224)
	at com.kms.katalon.core.main.TestCaseMain.runTestCase(TestCaseMain.java:106)
	at com.kms.katalon.core.keyword.builtin.CallTestCaseKeyword$_callTestCase_closure1.doCall(CallTestCaseKeyword.groovy:59)
	at com.kms.katalon.core.keyword.builtin.CallTestCaseKeyword$_callTestCase_closure1.call(CallTestCaseKeyword.groovy)
	at com.kms.katalon.core.keyword.internal.KeywordMain.runKeyword(KeywordMain.groovy:54)
	at com.kms.katalon.core.keyword.builtin.CallTestCaseKeyword.callTestCase(CallTestCaseKeyword.groovy:80)
	at com.kms.katalon.core.keyword.builtin.CallTestCaseKeyword.execute(CallTestCaseKeyword.groovy:44)
	at com.kms.katalon.core.keyword.internal.KeywordExecutor.executeKeywordForPlatform(KeywordExecutor.groovy:53)
	at com.kms.katalon.core.keyword.BuiltinKeywords.callTestCase(BuiltinKeywords.groovy:334)
	at OTC_Submit Form 7_End to End - Cheque.run(OTC_Submit Form 7_End to End - Cheque:16)
	at com.kms.katalon.core.main.ScriptEngine.run(ScriptEngine.java:194)
	at com.kms.katalon.core.main.ScriptEngine.runScriptAsRawText(ScriptEngine.java:119)
	at com.kms.katalon.core.main.TestCaseExecutor.runScript(TestCaseExecutor.java:328)
	at com.kms.katalon.core.main.TestCaseExecutor.doExecute(TestCaseExecutor.java:319)
	at com.kms.katalon.core.main.TestCaseExecutor.processExecutionPhase(TestCaseExecutor.java:298)
	at com.kms.katalon.core.main.TestCaseExecutor.accessMainPhase(TestCaseExecutor.java:290)
	at com.kms.katalon.core.main.TestCaseExecutor.execute(TestCaseExecutor.java:224)
	at com.kms.katalon.core.main.TestCaseMain.runTestCase(TestCaseMain.java:106)
	at com.kms.katalon.core.keyword.builtin.CallTestCaseKeyword$_callTestCase_closure1.doCall(CallTestCaseKeyword.groovy:59)
	at com.kms.katalon.core.keyword.builtin.CallTestCaseKeyword$_callTestCase_closure1.call(CallTestCaseKeyword.groovy)
	at com.kms.katalon.core.keyword.internal.KeywordMain.runKeyword(KeywordMain.groovy:54)
	at com.kms.katalon.core.keyword.builtin.CallTestCaseKeyword.callTestCase(CallTestCaseKeyword.groovy:80)
	at com.kms.katalon.core.keyword.builtin.CallTestCaseKeyword.execute(CallTestCaseKeyword.groovy:44)
	at com.kms.katalon.core.keyword.internal.KeywordExecutor.executeKeywordForPlatform(KeywordExecutor.groovy:53)
	at com.kms.katalon.core.keyword.BuiltinKeywords.callTestCase(BuiltinKeywords.groovy:334)
	at Reject Application - RIA.run(Reject Application - RIA:16)
	at com.kms.katalon.core.main.ScriptEngine.run(ScriptEngine.java:194)
	at com.kms.katalon.core.main.ScriptEngine.runScriptAsRawText(ScriptEngine.java:119)
	at com.kms.katalon.core.main.TestCaseExecutor.runScript(TestCaseExecutor.java:328)
	at com.kms.katalon.core.main.TestCaseExecutor.doExecute(TestCaseExecutor.java:319)
	at com.kms.katalon.core.main.TestCaseExecutor.processExecutionPhase(TestCaseExecutor.java:298)
	at com.kms.katalon.core.main.TestCaseExecutor.accessMainPhase(TestCaseExecutor.java:290)
	at com.kms.katalon.core.main.TestCaseExecutor.execute(TestCaseExecutor.java:224)
	at com.kms.katalon.core.main.TestSuiteExecutor.accessTestCaseMainPhase(TestSuiteExecutor.java:129)
	at com.kms.katalon.core.main.TestSuiteExecutor.accessTestSuiteMainPhase(TestSuiteExecutor.java:112)
	at com.kms.katalon.core.main.TestSuiteExecutor.execute(TestSuiteExecutor.java:81)
	at com.kms.katalon.core.main.TestCaseMain.startTestSuite(TestCaseMain.java:149)
	at com.kms.katalon.core.main.TestCaseMain$startTestSuite$0.call(Unknown Source)
	at TempTestSuite1550476757023.run(TempTestSuite1550476757023.groovy:36)]]></system-out>
         <system-err><![CDATA[2019-02-18 16:28:05 - [TEST_CASE][FAILED] - Test Cases/All TC/Arranged/0. Full Flow/Reject Application - RIA: Test Cases/All TC/Arranged/0. Full Flow/Reject Application - RIA FAILED.
Reason:
com.kms.katalon.core.exception.StepFailedException: Unable to set text '10/01/2019' of object 'Object Repository/KeatMun/Form 7_default/OTC_Application_Reg/Page_PERKESO/11.Tarikh Terima_stampedDtS' (Root cause: com.kms.katalon.core.webui.exception.WebElementNotFoundException: Web element with id: 'Object Repository/KeatMun/Form 7_default/OTC_Application_Reg/Page_PERKESO/11.Tarikh Terima_stampedDtS' located by 'By.xpath: //input[@id = 'stampedDtStr' and @name = 'stampedDtStr' and @type = 'text']' not found)
	at com.kms.katalon.core.keyword.internal.KeywordMain.stepFailed(KeywordMain.groovy:36)
	at com.kms.katalon.core.webui.keyword.internal.WebUIKeywordMain.stepFailed(WebUIKeywordMain.groovy:65)
	at com.kms.katalon.core.webui.keyword.internal.WebUIKeywordMain.runKeyword(WebUIKeywordMain.groovy:27)
	at com.kms.katalon.core.webui.keyword.builtin.SetTextKeyword.setText(SetTextKeyword.groovy:65)
	at com.kms.katalon.core.webui.keyword.builtin.SetTextKeyword.execute(SetTextKeyword.groovy:37)
	at com.kms.katalon.core.keyword.internal.KeywordExecutor.executeKeywordForPlatform(KeywordExecutor.groovy:53)
	at com.kms.katalon.core.webui.keyword.WebUiBuiltInKeywords.setText(WebUiBuiltInKeywords.groovy:950)
	at com.kms.katalon.core.webui.keyword.WebUiBuiltInKeywords$setText$1.call(Unknown Source)
	at OTC_Application_Reg.run(OTC_Application_Reg:74)
	at com.kms.katalon.core.main.ScriptEngine.run(ScriptEngine.java:194)
	at com.kms.katalon.core.main.ScriptEngine.runScriptAsRawText(ScriptEngine.java:119)
	at com.kms.katalon.core.main.TestCaseExecutor.runScript(TestCaseExecutor.java:328)
	at com.kms.katalon.core.main.TestCaseExecutor.doExecute(TestCaseExecutor.java:319)
	at com.kms.katalon.core.main.TestCaseExecutor.processExecutionPhase(TestCaseExecutor.java:298)
	at com.kms.katalon.core.main.TestCaseExecutor.accessMainPhase(TestCaseExecutor.java:290)
	at com.kms.katalon.core.main.TestCaseExecutor.execute(TestCaseExecutor.java:224)
	at com.kms.katalon.core.main.TestCaseMain.runTestCase(TestCaseMain.java:106)
	at com.kms.katalon.core.keyword.builtin.CallTestCaseKeyword$_callTestCase_closure1.doCall(CallTestCaseKeyword.groovy:59)
	at com.kms.katalon.core.keyword.builtin.CallTestCaseKeyword$_callTestCase_closure1.call(CallTestCaseKeyword.groovy)
	at com.kms.katalon.core.keyword.internal.KeywordMain.runKeyword(KeywordMain.groovy:54)
	at com.kms.katalon.core.keyword.builtin.CallTestCaseKeyword.callTestCase(CallTestCaseKeyword.groovy:80)
	at com.kms.katalon.core.keyword.builtin.CallTestCaseKeyword.execute(CallTestCaseKeyword.groovy:44)
	at com.kms.katalon.core.keyword.internal.KeywordExecutor.executeKeywordForPlatform(KeywordExecutor.groovy:53)
	at com.kms.katalon.core.keyword.BuiltinKeywords.callTestCase(BuiltinKeywords.groovy:334)
	at OTC_Submit Form 7_End to End - Cheque.run(OTC_Submit Form 7_End to End - Cheque:16)
	at com.kms.katalon.core.main.ScriptEngine.run(ScriptEngine.java:194)
	at com.kms.katalon.core.main.ScriptEngine.runScriptAsRawText(ScriptEngine.java:119)
	at com.kms.katalon.core.main.TestCaseExecutor.runScript(TestCaseExecutor.java:328)
	at com.kms.katalon.core.main.TestCaseExecutor.doExecute(TestCaseExecutor.java:319)
	at com.kms.katalon.core.main.TestCaseExecutor.processExecutionPhase(TestCaseExecutor.java:298)
	at com.kms.katalon.core.main.TestCaseExecutor.accessMainPhase(TestCaseExecutor.java:290)
	at com.kms.katalon.core.main.TestCaseExecutor.execute(TestCaseExecutor.java:224)
	at com.kms.katalon.core.main.TestCaseMain.runTestCase(TestCaseMain.java:106)
	at com.kms.katalon.core.keyword.builtin.CallTestCaseKeyword$_callTestCase_closure1.doCall(CallTestCaseKeyword.groovy:59)
	at com.kms.katalon.core.keyword.builtin.CallTestCaseKeyword$_callTestCase_closure1.call(CallTestCaseKeyword.groovy)
	at com.kms.katalon.core.keyword.internal.KeywordMain.runKeyword(KeywordMain.groovy:54)
	at com.kms.katalon.core.keyword.builtin.CallTestCaseKeyword.callTestCase(CallTestCaseKeyword.groovy:80)
	at com.kms.katalon.core.keyword.builtin.CallTestCaseKeyword.execute(CallTestCaseKeyword.groovy:44)
	at com.kms.katalon.core.keyword.internal.KeywordExecutor.executeKeywordForPlatform(KeywordExecutor.groovy:53)
	at com.kms.katalon.core.keyword.BuiltinKeywords.callTestCase(BuiltinKeywords.groovy:334)
	at Reject Application - RIA.run(Reject Application - RIA:16)
	at com.kms.katalon.core.main.ScriptEngine.run(ScriptEngine.java:194)
	at com.kms.katalon.core.main.ScriptEngine.runScriptAsRawText(ScriptEngine.java:119)
	at com.kms.katalon.core.main.TestCaseExecutor.runScript(TestCaseExecutor.java:328)
	at com.kms.katalon.core.main.TestCaseExecutor.doExecute(TestCaseExecutor.java:319)
	at com.kms.katalon.core.main.TestCaseExecutor.processExecutionPhase(TestCaseExecutor.java:298)
	at com.kms.katalon.core.main.TestCaseExecutor.accessMainPhase(TestCaseExecutor.java:290)
	at com.kms.katalon.core.main.TestCaseExecutor.execute(TestCaseExecutor.java:224)
	at com.kms.katalon.core.main.TestSuiteExecutor.accessTestCaseMainPhase(TestSuiteExecutor.java:129)
	at com.kms.katalon.core.main.TestSuiteExecutor.accessTestSuiteMainPhase(TestSuiteExecutor.java:112)
	at com.kms.katalon.core.main.TestSuiteExecutor.execute(TestSuiteExecutor.java:81)
	at com.kms.katalon.core.main.TestCaseMain.startTestSuite(TestCaseMain.java:149)
	at com.kms.katalon.core.main.TestCaseMain$startTestSuite$0.call(Unknown Source)
	at TempTestSuite1550476757023.run(TempTestSuite1550476757023.groovy:36)]]></system-err>
      </testcase>
      <testcase name="Test Cases/All TC/Arranged/0. Full Flow/Reject Application - JSA" classname="Test Cases/All TC/Arranged/0. Full Flow/Reject Application - JSA" status="FAILED">
         <failure type="FAILED" message="Test Cases/All TC/Arranged/0. Full Flow/Reject Application - JSA FAILED.
Reason:
com.kms.katalon.core.exception.StepFailedException: Unable to set text '10/01/2019' of object 'Object Repository/KeatMun/Form 7_default/OTC_Application_Reg/Page_PERKESO/11.Tarikh Terima_stampedDtS' (Root cause: com.kms.katalon.core.webui.exception.WebElementNotFoundException: Web element with id: 'Object Repository/KeatMun/Form 7_default/OTC_Application_Reg/Page_PERKESO/11.Tarikh Terima_stampedDtS' located by 'By.xpath: //input[@id = 'stampedDtStr' and @name = 'stampedDtStr' and @type = 'text']' not found)
	at com.kms.katalon.core.keyword.internal.KeywordMain.stepFailed(KeywordMain.groovy:36)
	at com.kms.katalon.core.webui.keyword.internal.WebUIKeywordMain.stepFailed(WebUIKeywordMain.groovy:65)
	at com.kms.katalon.core.webui.keyword.internal.WebUIKeywordMain.runKeyword(WebUIKeywordMain.groovy:27)
	at com.kms.katalon.core.webui.keyword.builtin.SetTextKeyword.setText(SetTextKeyword.groovy:65)
	at com.kms.katalon.core.webui.keyword.builtin.SetTextKeyword.execute(SetTextKeyword.groovy:37)
	at com.kms.katalon.core.keyword.internal.KeywordExecutor.executeKeywordForPlatform(KeywordExecutor.groovy:53)
	at com.kms.katalon.core.webui.keyword.WebUiBuiltInKeywords.setText(WebUiBuiltInKeywords.groovy:950)
	at com.kms.katalon.core.webui.keyword.WebUiBuiltInKeywords$setText$1.call(Unknown Source)
	at OTC_Application_Reg.run(OTC_Application_Reg:74)
	at com.kms.katalon.core.main.ScriptEngine.run(ScriptEngine.java:194)
	at com.kms.katalon.core.main.ScriptEngine.runScriptAsRawText(ScriptEngine.java:119)
	at com.kms.katalon.core.main.TestCaseExecutor.runScript(TestCaseExecutor.java:328)
	at com.kms.katalon.core.main.TestCaseExecutor.doExecute(TestCaseExecutor.java:319)
	at com.kms.katalon.core.main.TestCaseExecutor.processExecutionPhase(TestCaseExecutor.java:298)
	at com.kms.katalon.core.main.TestCaseExecutor.accessMainPhase(TestCaseExecutor.java:290)
	at com.kms.katalon.core.main.TestCaseExecutor.execute(TestCaseExecutor.java:224)
	at com.kms.katalon.core.main.TestCaseMain.runTestCase(TestCaseMain.java:106)
	at com.kms.katalon.core.keyword.builtin.CallTestCaseKeyword$_callTestCase_closure1.doCall(CallTestCaseKeyword.groovy:59)
	at com.kms.katalon.core.keyword.builtin.CallTestCaseKeyword$_callTestCase_closure1.call(CallTestCaseKeyword.groovy)
	at com.kms.katalon.core.keyword.internal.KeywordMain.runKeyword(KeywordMain.groovy:54)
	at com.kms.katalon.core.keyword.builtin.CallTestCaseKeyword.callTestCase(CallTestCaseKeyword.groovy:80)
	at com.kms.katalon.core.keyword.builtin.CallTestCaseKeyword.execute(CallTestCaseKeyword.groovy:44)
	at com.kms.katalon.core.keyword.internal.KeywordExecutor.executeKeywordForPlatform(KeywordExecutor.groovy:53)
	at com.kms.katalon.core.keyword.BuiltinKeywords.callTestCase(BuiltinKeywords.groovy:334)
	at OTC_Submit Form 7_End to End - Cheque.run(OTC_Submit Form 7_End to End - Cheque:16)
	at com.kms.katalon.core.main.ScriptEngine.run(ScriptEngine.java:194)
	at com.kms.katalon.core.main.ScriptEngine.runScriptAsRawText(ScriptEngine.java:119)
	at com.kms.katalon.core.main.TestCaseExecutor.runScript(TestCaseExecutor.java:328)
	at com.kms.katalon.core.main.TestCaseExecutor.doExecute(TestCaseExecutor.java:319)
	at com.kms.katalon.core.main.TestCaseExecutor.processExecutionPhase(TestCaseExecutor.java:298)
	at com.kms.katalon.core.main.TestCaseExecutor.accessMainPhase(TestCaseExecutor.java:290)
	at com.kms.katalon.core.main.TestCaseExecutor.execute(TestCaseExecutor.java:224)
	at com.kms.katalon.core.main.TestCaseMain.runTestCase(TestCaseMain.java:106)
	at com.kms.katalon.core.keyword.builtin.CallTestCaseKeyword$_callTestCase_closure1.doCall(CallTestCaseKeyword.groovy:59)
	at com.kms.katalon.core.keyword.builtin.CallTestCaseKeyword$_callTestCase_closure1.call(CallTestCaseKeyword.groovy)
	at com.kms.katalon.core.keyword.internal.KeywordMain.runKeyword(KeywordMain.groovy:54)
	at com.kms.katalon.core.keyword.builtin.CallTestCaseKeyword.callTestCase(CallTestCaseKeyword.groovy:80)
	at com.kms.katalon.core.keyword.builtin.CallTestCaseKeyword.execute(CallTestCaseKeyword.groovy:44)
	at com.kms.katalon.core.keyword.internal.KeywordExecutor.executeKeywordForPlatform(KeywordExecutor.groovy:53)
	at com.kms.katalon.core.keyword.BuiltinKeywords.callTestCase(BuiltinKeywords.groovy:334)
	at Reject Application - JSA.run(Reject Application - JSA:16)
	at com.kms.katalon.core.main.ScriptEngine.run(ScriptEngine.java:194)
	at com.kms.katalon.core.main.ScriptEngine.runScriptAsRawText(ScriptEngine.java:119)
	at com.kms.katalon.core.main.TestCaseExecutor.runScript(TestCaseExecutor.java:328)
	at com.kms.katalon.core.main.TestCaseExecutor.doExecute(TestCaseExecutor.java:319)
	at com.kms.katalon.core.main.TestCaseExecutor.processExecutionPhase(TestCaseExecutor.java:298)
	at com.kms.katalon.core.main.TestCaseExecutor.accessMainPhase(TestCaseExecutor.java:290)
	at com.kms.katalon.core.main.TestCaseExecutor.execute(TestCaseExecutor.java:224)
	at com.kms.katalon.core.main.TestSuiteExecutor.accessTestCaseMainPhase(TestSuiteExecutor.java:129)
	at com.kms.katalon.core.main.TestSuiteExecutor.accessTestSuiteMainPhase(TestSuiteExecutor.java:112)
	at com.kms.katalon.core.main.TestSuiteExecutor.execute(TestSuiteExecutor.java:81)
	at com.kms.katalon.core.main.TestCaseMain.startTestSuite(TestCaseMain.java:149)
	at com.kms.katalon.core.main.TestCaseMain$startTestSuite$0.call(Unknown Source)
	at TempTestSuite1550476757023.run(TempTestSuite1550476757023.groovy:36)
"/>
         <system-out><![CDATA[2019-02-18 16:29:58 - [TEST_CASE][FAILED] - Test Cases/All TC/Arranged/0. Full Flow/Reject Application - JSA: Test Cases/All TC/Arranged/0. Full Flow/Reject Application - JSA FAILED.
Reason:
com.kms.katalon.core.exception.StepFailedException: Unable to set text '10/01/2019' of object 'Object Repository/KeatMun/Form 7_default/OTC_Application_Reg/Page_PERKESO/11.Tarikh Terima_stampedDtS' (Root cause: com.kms.katalon.core.webui.exception.WebElementNotFoundException: Web element with id: 'Object Repository/KeatMun/Form 7_default/OTC_Application_Reg/Page_PERKESO/11.Tarikh Terima_stampedDtS' located by 'By.xpath: //input[@id = 'stampedDtStr' and @name = 'stampedDtStr' and @type = 'text']' not found)
	at com.kms.katalon.core.keyword.internal.KeywordMain.stepFailed(KeywordMain.groovy:36)
	at com.kms.katalon.core.webui.keyword.internal.WebUIKeywordMain.stepFailed(WebUIKeywordMain.groovy:65)
	at com.kms.katalon.core.webui.keyword.internal.WebUIKeywordMain.runKeyword(WebUIKeywordMain.groovy:27)
	at com.kms.katalon.core.webui.keyword.builtin.SetTextKeyword.setText(SetTextKeyword.groovy:65)
	at com.kms.katalon.core.webui.keyword.builtin.SetTextKeyword.execute(SetTextKeyword.groovy:37)
	at com.kms.katalon.core.keyword.internal.KeywordExecutor.executeKeywordForPlatform(KeywordExecutor.groovy:53)
	at com.kms.katalon.core.webui.keyword.WebUiBuiltInKeywords.setText(WebUiBuiltInKeywords.groovy:950)
	at com.kms.katalon.core.webui.keyword.WebUiBuiltInKeywords$setText$1.call(Unknown Source)
	at OTC_Application_Reg.run(OTC_Application_Reg:74)
	at com.kms.katalon.core.main.ScriptEngine.run(ScriptEngine.java:194)
	at com.kms.katalon.core.main.ScriptEngine.runScriptAsRawText(ScriptEngine.java:119)
	at com.kms.katalon.core.main.TestCaseExecutor.runScript(TestCaseExecutor.java:328)
	at com.kms.katalon.core.main.TestCaseExecutor.doExecute(TestCaseExecutor.java:319)
	at com.kms.katalon.core.main.TestCaseExecutor.processExecutionPhase(TestCaseExecutor.java:298)
	at com.kms.katalon.core.main.TestCaseExecutor.accessMainPhase(TestCaseExecutor.java:290)
	at com.kms.katalon.core.main.TestCaseExecutor.execute(TestCaseExecutor.java:224)
	at com.kms.katalon.core.main.TestCaseMain.runTestCase(TestCaseMain.java:106)
	at com.kms.katalon.core.keyword.builtin.CallTestCaseKeyword$_callTestCase_closure1.doCall(CallTestCaseKeyword.groovy:59)
	at com.kms.katalon.core.keyword.builtin.CallTestCaseKeyword$_callTestCase_closure1.call(CallTestCaseKeyword.groovy)
	at com.kms.katalon.core.keyword.internal.KeywordMain.runKeyword(KeywordMain.groovy:54)
	at com.kms.katalon.core.keyword.builtin.CallTestCaseKeyword.callTestCase(CallTestCaseKeyword.groovy:80)
	at com.kms.katalon.core.keyword.builtin.CallTestCaseKeyword.execute(CallTestCaseKeyword.groovy:44)
	at com.kms.katalon.core.keyword.internal.KeywordExecutor.executeKeywordForPlatform(KeywordExecutor.groovy:53)
	at com.kms.katalon.core.keyword.BuiltinKeywords.callTestCase(BuiltinKeywords.groovy:334)
	at OTC_Submit Form 7_End to End - Cheque.run(OTC_Submit Form 7_End to End - Cheque:16)
	at com.kms.katalon.core.main.ScriptEngine.run(ScriptEngine.java:194)
	at com.kms.katalon.core.main.ScriptEngine.runScriptAsRawText(ScriptEngine.java:119)
	at com.kms.katalon.core.main.TestCaseExecutor.runScript(TestCaseExecutor.java:328)
	at com.kms.katalon.core.main.TestCaseExecutor.doExecute(TestCaseExecutor.java:319)
	at com.kms.katalon.core.main.TestCaseExecutor.processExecutionPhase(TestCaseExecutor.java:298)
	at com.kms.katalon.core.main.TestCaseExecutor.accessMainPhase(TestCaseExecutor.java:290)
	at com.kms.katalon.core.main.TestCaseExecutor.execute(TestCaseExecutor.java:224)
	at com.kms.katalon.core.main.TestCaseMain.runTestCase(TestCaseMain.java:106)
	at com.kms.katalon.core.keyword.builtin.CallTestCaseKeyword$_callTestCase_closure1.doCall(CallTestCaseKeyword.groovy:59)
	at com.kms.katalon.core.keyword.builtin.CallTestCaseKeyword$_callTestCase_closure1.call(CallTestCaseKeyword.groovy)
	at com.kms.katalon.core.keyword.internal.KeywordMain.runKeyword(KeywordMain.groovy:54)
	at com.kms.katalon.core.keyword.builtin.CallTestCaseKeyword.callTestCase(CallTestCaseKeyword.groovy:80)
	at com.kms.katalon.core.keyword.builtin.CallTestCaseKeyword.execute(CallTestCaseKeyword.groovy:44)
	at com.kms.katalon.core.keyword.internal.KeywordExecutor.executeKeywordForPlatform(KeywordExecutor.groovy:53)
	at com.kms.katalon.core.keyword.BuiltinKeywords.callTestCase(BuiltinKeywords.groovy:334)
	at Reject Application - JSA.run(Reject Application - JSA:16)
	at com.kms.katalon.core.main.ScriptEngine.run(ScriptEngine.java:194)
	at com.kms.katalon.core.main.ScriptEngine.runScriptAsRawText(ScriptEngine.java:119)
	at com.kms.katalon.core.main.TestCaseExecutor.runScript(TestCaseExecutor.java:328)
	at com.kms.katalon.core.main.TestCaseExecutor.doExecute(TestCaseExecutor.java:319)
	at com.kms.katalon.core.main.TestCaseExecutor.processExecutionPhase(TestCaseExecutor.java:298)
	at com.kms.katalon.core.main.TestCaseExecutor.accessMainPhase(TestCaseExecutor.java:290)
	at com.kms.katalon.core.main.TestCaseExecutor.execute(TestCaseExecutor.java:224)
	at com.kms.katalon.core.main.TestSuiteExecutor.accessTestCaseMainPhase(TestSuiteExecutor.java:129)
	at com.kms.katalon.core.main.TestSuiteExecutor.accessTestSuiteMainPhase(TestSuiteExecutor.java:112)
	at com.kms.katalon.core.main.TestSuiteExecutor.execute(TestSuiteExecutor.java:81)
	at com.kms.katalon.core.main.TestCaseMain.startTestSuite(TestCaseMain.java:149)
	at com.kms.katalon.core.main.TestCaseMain$startTestSuite$0.call(Unknown Source)
	at TempTestSuite1550476757023.run(TempTestSuite1550476757023.groovy:36)


2019-02-18 16:29:58 - [TEST_STEP][FAILED] - callTestCase(findTestCase("All TC/Arranged/2. Segment/OTC_Submit Form 7_End to End - Cheque"), [:], STOP_ON_FAILURE): callTestCase(findTestCase("All TC/Arranged/2. Segment/OTC_Submit Form 7_End to End - Cheque"), [:], STOP_ON_FAILURE) FAILED.
Reason:
com.kms.katalon.core.exception.StepFailedException: Unable to set text '10/01/2019' of object 'Object Repository/KeatMun/Form 7_default/OTC_Application_Reg/Page_PERKESO/11.Tarikh Terima_stampedDtS' (Root cause: com.kms.katalon.core.webui.exception.WebElementNotFoundException: Web element with id: 'Object Repository/KeatMun/Form 7_default/OTC_Application_Reg/Page_PERKESO/11.Tarikh Terima_stampedDtS' located by 'By.xpath: //input[@id = 'stampedDtStr' and @name = 'stampedDtStr' and @type = 'text']' not found)
	at com.kms.katalon.core.keyword.internal.KeywordMain.stepFailed(KeywordMain.groovy:36)
	at com.kms.katalon.core.webui.keyword.internal.WebUIKeywordMain.stepFailed(WebUIKeywordMain.groovy:65)
	at com.kms.katalon.core.webui.keyword.internal.WebUIKeywordMain.runKeyword(WebUIKeywordMain.groovy:27)
	at com.kms.katalon.core.webui.keyword.builtin.SetTextKeyword.setText(SetTextKeyword.groovy:65)
	at com.kms.katalon.core.webui.keyword.builtin.SetTextKeyword.execute(SetTextKeyword.groovy:37)
	at com.kms.katalon.core.keyword.internal.KeywordExecutor.executeKeywordForPlatform(KeywordExecutor.groovy:53)
	at com.kms.katalon.core.webui.keyword.WebUiBuiltInKeywords.setText(WebUiBuiltInKeywords.groovy:950)
	at com.kms.katalon.core.webui.keyword.WebUiBuiltInKeywords$setText$1.call(Unknown Source)
	at OTC_Application_Reg.run(OTC_Application_Reg:74)
	at com.kms.katalon.core.main.ScriptEngine.run(ScriptEngine.java:194)
	at com.kms.katalon.core.main.ScriptEngine.runScriptAsRawText(ScriptEngine.java:119)
	at com.kms.katalon.core.main.TestCaseExecutor.runScript(TestCaseExecutor.java:328)
	at com.kms.katalon.core.main.TestCaseExecutor.doExecute(TestCaseExecutor.java:319)
	at com.kms.katalon.core.main.TestCaseExecutor.processExecutionPhase(TestCaseExecutor.java:298)
	at com.kms.katalon.core.main.TestCaseExecutor.accessMainPhase(TestCaseExecutor.java:290)
	at com.kms.katalon.core.main.TestCaseExecutor.execute(TestCaseExecutor.java:224)
	at com.kms.katalon.core.main.TestCaseMain.runTestCase(TestCaseMain.java:106)
	at com.kms.katalon.core.keyword.builtin.CallTestCaseKeyword$_callTestCase_closure1.doCall(CallTestCaseKeyword.groovy:59)
	at com.kms.katalon.core.keyword.builtin.CallTestCaseKeyword$_callTestCase_closure1.call(CallTestCaseKeyword.groovy)
	at com.kms.katalon.core.keyword.internal.KeywordMain.runKeyword(KeywordMain.groovy:54)
	at com.kms.katalon.core.keyword.builtin.CallTestCaseKeyword.callTestCase(CallTestCaseKeyword.groovy:80)
	at com.kms.katalon.core.keyword.builtin.CallTestCaseKeyword.execute(CallTestCaseKeyword.groovy:44)
	at com.kms.katalon.core.keyword.internal.KeywordExecutor.executeKeywordForPlatform(KeywordExecutor.groovy:53)
	at com.kms.katalon.core.keyword.BuiltinKeywords.callTestCase(BuiltinKeywords.groovy:334)
	at OTC_Submit Form 7_End to End - Cheque.run(OTC_Submit Form 7_End to End - Cheque:16)
	at com.kms.katalon.core.main.ScriptEngine.run(ScriptEngine.java:194)
	at com.kms.katalon.core.main.ScriptEngine.runScriptAsRawText(ScriptEngine.java:119)
	at com.kms.katalon.core.main.TestCaseExecutor.runScript(TestCaseExecutor.java:328)
	at com.kms.katalon.core.main.TestCaseExecutor.doExecute(TestCaseExecutor.java:319)
	at com.kms.katalon.core.main.TestCaseExecutor.processExecutionPhase(TestCaseExecutor.java:298)
	at com.kms.katalon.core.main.TestCaseExecutor.accessMainPhase(TestCaseExecutor.java:290)
	at com.kms.katalon.core.main.TestCaseExecutor.execute(TestCaseExecutor.java:224)
	at com.kms.katalon.core.main.TestCaseMain.runTestCase(TestCaseMain.java:106)
	at com.kms.katalon.core.keyword.builtin.CallTestCaseKeyword$_callTestCase_closure1.doCall(CallTestCaseKeyword.groovy:59)
	at com.kms.katalon.core.keyword.builtin.CallTestCaseKeyword$_callTestCase_closure1.call(CallTestCaseKeyword.groovy)
	at com.kms.katalon.core.keyword.internal.KeywordMain.runKeyword(KeywordMain.groovy:54)
	at com.kms.katalon.core.keyword.builtin.CallTestCaseKeyword.callTestCase(CallTestCaseKeyword.groovy:80)
	at com.kms.katalon.core.keyword.builtin.CallTestCaseKeyword.execute(CallTestCaseKeyword.groovy:44)
	at com.kms.katalon.core.keyword.internal.KeywordExecutor.executeKeywordForPlatform(KeywordExecutor.groovy:53)
	at com.kms.katalon.core.keyword.BuiltinKeywords.callTestCase(BuiltinKeywords.groovy:334)
	at Reject Application - JSA.run(Reject Application - JSA:16)
	at com.kms.katalon.core.main.ScriptEngine.run(ScriptEngine.java:194)
	at com.kms.katalon.core.main.ScriptEngine.runScriptAsRawText(ScriptEngine.java:119)
	at com.kms.katalon.core.main.TestCaseExecutor.runScript(TestCaseExecutor.java:328)
	at com.kms.katalon.core.main.TestCaseExecutor.doExecute(TestCaseExecutor.java:319)
	at com.kms.katalon.core.main.TestCaseExecutor.processExecutionPhase(TestCaseExecutor.java:298)
	at com.kms.katalon.core.main.TestCaseExecutor.accessMainPhase(TestCaseExecutor.java:290)
	at com.kms.katalon.core.main.TestCaseExecutor.execute(TestCaseExecutor.java:224)
	at com.kms.katalon.core.main.TestSuiteExecutor.accessTestCaseMainPhase(TestSuiteExecutor.java:129)
	at com.kms.katalon.core.main.TestSuiteExecutor.accessTestSuiteMainPhase(TestSuiteExecutor.java:112)
	at com.kms.katalon.core.main.TestSuiteExecutor.execute(TestSuiteExecutor.java:81)
	at com.kms.katalon.core.main.TestCaseMain.startTestSuite(TestCaseMain.java:149)
	at com.kms.katalon.core.main.TestCaseMain$startTestSuite$0.call(Unknown Source)
	at TempTestSuite1550476757023.run(TempTestSuite1550476757023.groovy:36)


2019-02-18 16:29:58 - [TEST_CASE][FAILED] - Test Cases/All TC/Arranged/2. Segment/OTC_Submit Form 7_End to End - Cheque: Test Cases/All TC/Arranged/2. Segment/OTC_Submit Form 7_End to End - Cheque FAILED.
Reason:
com.kms.katalon.core.exception.StepFailedException: Unable to set text '10/01/2019' of object 'Object Repository/KeatMun/Form 7_default/OTC_Application_Reg/Page_PERKESO/11.Tarikh Terima_stampedDtS' (Root cause: com.kms.katalon.core.webui.exception.WebElementNotFoundException: Web element with id: 'Object Repository/KeatMun/Form 7_default/OTC_Application_Reg/Page_PERKESO/11.Tarikh Terima_stampedDtS' located by 'By.xpath: //input[@id = 'stampedDtStr' and @name = 'stampedDtStr' and @type = 'text']' not found)
	at com.kms.katalon.core.keyword.internal.KeywordMain.stepFailed(KeywordMain.groovy:36)
	at com.kms.katalon.core.webui.keyword.internal.WebUIKeywordMain.stepFailed(WebUIKeywordMain.groovy:65)
	at com.kms.katalon.core.webui.keyword.internal.WebUIKeywordMain.runKeyword(WebUIKeywordMain.groovy:27)
	at com.kms.katalon.core.webui.keyword.builtin.SetTextKeyword.setText(SetTextKeyword.groovy:65)
	at com.kms.katalon.core.webui.keyword.builtin.SetTextKeyword.execute(SetTextKeyword.groovy:37)
	at com.kms.katalon.core.keyword.internal.KeywordExecutor.executeKeywordForPlatform(KeywordExecutor.groovy:53)
	at com.kms.katalon.core.webui.keyword.WebUiBuiltInKeywords.setText(WebUiBuiltInKeywords.groovy:950)
	at com.kms.katalon.core.webui.keyword.WebUiBuiltInKeywords$setText$1.call(Unknown Source)
	at OTC_Application_Reg.run(OTC_Application_Reg:74)
	at com.kms.katalon.core.main.ScriptEngine.run(ScriptEngine.java:194)
	at com.kms.katalon.core.main.ScriptEngine.runScriptAsRawText(ScriptEngine.java:119)
	at com.kms.katalon.core.main.TestCaseExecutor.runScript(TestCaseExecutor.java:328)
	at com.kms.katalon.core.main.TestCaseExecutor.doExecute(TestCaseExecutor.java:319)
	at com.kms.katalon.core.main.TestCaseExecutor.processExecutionPhase(TestCaseExecutor.java:298)
	at com.kms.katalon.core.main.TestCaseExecutor.accessMainPhase(TestCaseExecutor.java:290)
	at com.kms.katalon.core.main.TestCaseExecutor.execute(TestCaseExecutor.java:224)
	at com.kms.katalon.core.main.TestCaseMain.runTestCase(TestCaseMain.java:106)
	at com.kms.katalon.core.keyword.builtin.CallTestCaseKeyword$_callTestCase_closure1.doCall(CallTestCaseKeyword.groovy:59)
	at com.kms.katalon.core.keyword.builtin.CallTestCaseKeyword$_callTestCase_closure1.call(CallTestCaseKeyword.groovy)
	at com.kms.katalon.core.keyword.internal.KeywordMain.runKeyword(KeywordMain.groovy:54)
	at com.kms.katalon.core.keyword.builtin.CallTestCaseKeyword.callTestCase(CallTestCaseKeyword.groovy:80)
	at com.kms.katalon.core.keyword.builtin.CallTestCaseKeyword.execute(CallTestCaseKeyword.groovy:44)
	at com.kms.katalon.core.keyword.internal.KeywordExecutor.executeKeywordForPlatform(KeywordExecutor.groovy:53)
	at com.kms.katalon.core.keyword.BuiltinKeywords.callTestCase(BuiltinKeywords.groovy:334)
	at OTC_Submit Form 7_End to End - Cheque.run(OTC_Submit Form 7_End to End - Cheque:16)
	at com.kms.katalon.core.main.ScriptEngine.run(ScriptEngine.java:194)
	at com.kms.katalon.core.main.ScriptEngine.runScriptAsRawText(ScriptEngine.java:119)
	at com.kms.katalon.core.main.TestCaseExecutor.runScript(TestCaseExecutor.java:328)
	at com.kms.katalon.core.main.TestCaseExecutor.doExecute(TestCaseExecutor.java:319)
	at com.kms.katalon.core.main.TestCaseExecutor.processExecutionPhase(TestCaseExecutor.java:298)
	at com.kms.katalon.core.main.TestCaseExecutor.accessMainPhase(TestCaseExecutor.java:290)
	at com.kms.katalon.core.main.TestCaseExecutor.execute(TestCaseExecutor.java:224)
	at com.kms.katalon.core.main.TestCaseMain.runTestCase(TestCaseMain.java:106)
	at com.kms.katalon.core.keyword.builtin.CallTestCaseKeyword$_callTestCase_closure1.doCall(CallTestCaseKeyword.groovy:59)
	at com.kms.katalon.core.keyword.builtin.CallTestCaseKeyword$_callTestCase_closure1.call(CallTestCaseKeyword.groovy)
	at com.kms.katalon.core.keyword.internal.KeywordMain.runKeyword(KeywordMain.groovy:54)
	at com.kms.katalon.core.keyword.builtin.CallTestCaseKeyword.callTestCase(CallTestCaseKeyword.groovy:80)
	at com.kms.katalon.core.keyword.builtin.CallTestCaseKeyword.execute(CallTestCaseKeyword.groovy:44)
	at com.kms.katalon.core.keyword.internal.KeywordExecutor.executeKeywordForPlatform(KeywordExecutor.groovy:53)
	at com.kms.katalon.core.keyword.BuiltinKeywords.callTestCase(BuiltinKeywords.groovy:334)
	at Reject Application - JSA.run(Reject Application - JSA:16)
	at com.kms.katalon.core.main.ScriptEngine.run(ScriptEngine.java:194)
	at com.kms.katalon.core.main.ScriptEngine.runScriptAsRawText(ScriptEngine.java:119)
	at com.kms.katalon.core.main.TestCaseExecutor.runScript(TestCaseExecutor.java:328)
	at com.kms.katalon.core.main.TestCaseExecutor.doExecute(TestCaseExecutor.java:319)
	at com.kms.katalon.core.main.TestCaseExecutor.processExecutionPhase(TestCaseExecutor.java:298)
	at com.kms.katalon.core.main.TestCaseExecutor.accessMainPhase(TestCaseExecutor.java:290)
	at com.kms.katalon.core.main.TestCaseExecutor.execute(TestCaseExecutor.java:224)
	at com.kms.katalon.core.main.TestSuiteExecutor.accessTestCaseMainPhase(TestSuiteExecutor.java:129)
	at com.kms.katalon.core.main.TestSuiteExecutor.accessTestSuiteMainPhase(TestSuiteExecutor.java:112)
	at com.kms.katalon.core.main.TestSuiteExecutor.execute(TestSuiteExecutor.java:81)
	at com.kms.katalon.core.main.TestCaseMain.startTestSuite(TestCaseMain.java:149)
	at com.kms.katalon.core.main.TestCaseMain$startTestSuite$0.call(Unknown Source)
	at TempTestSuite1550476757023.run(TempTestSuite1550476757023.groovy:36)


2019-02-18 16:29:58 - [TEST_STEP][FAILED] - callTestCase(findTestCase("All TC/Arranged/3. Unit/EI/Form 7_default/OTC_Application_Reg"), [:], STOP_ON_FAILURE): callTestCase(findTestCase("All TC/Arranged/3. Unit/EI/Form 7_default/OTC_Application_Reg"), [:], STOP_ON_FAILURE) FAILED.
Reason:
com.kms.katalon.core.exception.StepFailedException: Unable to set text '10/01/2019' of object 'Object Repository/KeatMun/Form 7_default/OTC_Application_Reg/Page_PERKESO/11.Tarikh Terima_stampedDtS' (Root cause: com.kms.katalon.core.webui.exception.WebElementNotFoundException: Web element with id: 'Object Repository/KeatMun/Form 7_default/OTC_Application_Reg/Page_PERKESO/11.Tarikh Terima_stampedDtS' located by 'By.xpath: //input[@id = 'stampedDtStr' and @name = 'stampedDtStr' and @type = 'text']' not found)
	at com.kms.katalon.core.keyword.internal.KeywordMain.stepFailed(KeywordMain.groovy:36)
	at com.kms.katalon.core.webui.keyword.internal.WebUIKeywordMain.stepFailed(WebUIKeywordMain.groovy:65)
	at com.kms.katalon.core.webui.keyword.internal.WebUIKeywordMain.runKeyword(WebUIKeywordMain.groovy:27)
	at com.kms.katalon.core.webui.keyword.builtin.SetTextKeyword.setText(SetTextKeyword.groovy:65)
	at com.kms.katalon.core.webui.keyword.builtin.SetTextKeyword.execute(SetTextKeyword.groovy:37)
	at com.kms.katalon.core.keyword.internal.KeywordExecutor.executeKeywordForPlatform(KeywordExecutor.groovy:53)
	at com.kms.katalon.core.webui.keyword.WebUiBuiltInKeywords.setText(WebUiBuiltInKeywords.groovy:950)
	at com.kms.katalon.core.webui.keyword.WebUiBuiltInKeywords$setText$1.call(Unknown Source)
	at OTC_Application_Reg.run(OTC_Application_Reg:74)
	at com.kms.katalon.core.main.ScriptEngine.run(ScriptEngine.java:194)
	at com.kms.katalon.core.main.ScriptEngine.runScriptAsRawText(ScriptEngine.java:119)
	at com.kms.katalon.core.main.TestCaseExecutor.runScript(TestCaseExecutor.java:328)
	at com.kms.katalon.core.main.TestCaseExecutor.doExecute(TestCaseExecutor.java:319)
	at com.kms.katalon.core.main.TestCaseExecutor.processExecutionPhase(TestCaseExecutor.java:298)
	at com.kms.katalon.core.main.TestCaseExecutor.accessMainPhase(TestCaseExecutor.java:290)
	at com.kms.katalon.core.main.TestCaseExecutor.execute(TestCaseExecutor.java:224)
	at com.kms.katalon.core.main.TestCaseMain.runTestCase(TestCaseMain.java:106)
	at com.kms.katalon.core.keyword.builtin.CallTestCaseKeyword$_callTestCase_closure1.doCall(CallTestCaseKeyword.groovy:59)
	at com.kms.katalon.core.keyword.builtin.CallTestCaseKeyword$_callTestCase_closure1.call(CallTestCaseKeyword.groovy)
	at com.kms.katalon.core.keyword.internal.KeywordMain.runKeyword(KeywordMain.groovy:54)
	at com.kms.katalon.core.keyword.builtin.CallTestCaseKeyword.callTestCase(CallTestCaseKeyword.groovy:80)
	at com.kms.katalon.core.keyword.builtin.CallTestCaseKeyword.execute(CallTestCaseKeyword.groovy:44)
	at com.kms.katalon.core.keyword.internal.KeywordExecutor.executeKeywordForPlatform(KeywordExecutor.groovy:53)
	at com.kms.katalon.core.keyword.BuiltinKeywords.callTestCase(BuiltinKeywords.groovy:334)
	at OTC_Submit Form 7_End to End - Cheque.run(OTC_Submit Form 7_End to End - Cheque:16)
	at com.kms.katalon.core.main.ScriptEngine.run(ScriptEngine.java:194)
	at com.kms.katalon.core.main.ScriptEngine.runScriptAsRawText(ScriptEngine.java:119)
	at com.kms.katalon.core.main.TestCaseExecutor.runScript(TestCaseExecutor.java:328)
	at com.kms.katalon.core.main.TestCaseExecutor.doExecute(TestCaseExecutor.java:319)
	at com.kms.katalon.core.main.TestCaseExecutor.processExecutionPhase(TestCaseExecutor.java:298)
	at com.kms.katalon.core.main.TestCaseExecutor.accessMainPhase(TestCaseExecutor.java:290)
	at com.kms.katalon.core.main.TestCaseExecutor.execute(TestCaseExecutor.java:224)
	at com.kms.katalon.core.main.TestCaseMain.runTestCase(TestCaseMain.java:106)
	at com.kms.katalon.core.keyword.builtin.CallTestCaseKeyword$_callTestCase_closure1.doCall(CallTestCaseKeyword.groovy:59)
	at com.kms.katalon.core.keyword.builtin.CallTestCaseKeyword$_callTestCase_closure1.call(CallTestCaseKeyword.groovy)
	at com.kms.katalon.core.keyword.internal.KeywordMain.runKeyword(KeywordMain.groovy:54)
	at com.kms.katalon.core.keyword.builtin.CallTestCaseKeyword.callTestCase(CallTestCaseKeyword.groovy:80)
	at com.kms.katalon.core.keyword.builtin.CallTestCaseKeyword.execute(CallTestCaseKeyword.groovy:44)
	at com.kms.katalon.core.keyword.internal.KeywordExecutor.executeKeywordForPlatform(KeywordExecutor.groovy:53)
	at com.kms.katalon.core.keyword.BuiltinKeywords.callTestCase(BuiltinKeywords.groovy:334)
	at Reject Application - JSA.run(Reject Application - JSA:16)
	at com.kms.katalon.core.main.ScriptEngine.run(ScriptEngine.java:194)
	at com.kms.katalon.core.main.ScriptEngine.runScriptAsRawText(ScriptEngine.java:119)
	at com.kms.katalon.core.main.TestCaseExecutor.runScript(TestCaseExecutor.java:328)
	at com.kms.katalon.core.main.TestCaseExecutor.doExecute(TestCaseExecutor.java:319)
	at com.kms.katalon.core.main.TestCaseExecutor.processExecutionPhase(TestCaseExecutor.java:298)
	at com.kms.katalon.core.main.TestCaseExecutor.accessMainPhase(TestCaseExecutor.java:290)
	at com.kms.katalon.core.main.TestCaseExecutor.execute(TestCaseExecutor.java:224)
	at com.kms.katalon.core.main.TestSuiteExecutor.accessTestCaseMainPhase(TestSuiteExecutor.java:129)
	at com.kms.katalon.core.main.TestSuiteExecutor.accessTestSuiteMainPhase(TestSuiteExecutor.java:112)
	at com.kms.katalon.core.main.TestSuiteExecutor.execute(TestSuiteExecutor.java:81)
	at com.kms.katalon.core.main.TestCaseMain.startTestSuite(TestCaseMain.java:149)
	at com.kms.katalon.core.main.TestCaseMain$startTestSuite$0.call(Unknown Source)
	at TempTestSuite1550476757023.run(TempTestSuite1550476757023.groovy:36)


2019-02-18 16:29:58 - [TEST_CASE][FAILED] - Test Cases/All TC/Arranged/3. Unit/EI/Form 7_default/OTC_Application_Reg: Test Cases/All TC/Arranged/3. Unit/EI/Form 7_default/OTC_Application_Reg FAILED.
Reason:
com.kms.katalon.core.exception.StepFailedException: Unable to set text '10/01/2019' of object 'Object Repository/KeatMun/Form 7_default/OTC_Application_Reg/Page_PERKESO/11.Tarikh Terima_stampedDtS' (Root cause: com.kms.katalon.core.webui.exception.WebElementNotFoundException: Web element with id: 'Object Repository/KeatMun/Form 7_default/OTC_Application_Reg/Page_PERKESO/11.Tarikh Terima_stampedDtS' located by 'By.xpath: //input[@id = 'stampedDtStr' and @name = 'stampedDtStr' and @type = 'text']' not found)
	at com.kms.katalon.core.keyword.internal.KeywordMain.stepFailed(KeywordMain.groovy:36)
	at com.kms.katalon.core.webui.keyword.internal.WebUIKeywordMain.stepFailed(WebUIKeywordMain.groovy:65)
	at com.kms.katalon.core.webui.keyword.internal.WebUIKeywordMain.runKeyword(WebUIKeywordMain.groovy:27)
	at com.kms.katalon.core.webui.keyword.builtin.SetTextKeyword.setText(SetTextKeyword.groovy:65)
	at com.kms.katalon.core.webui.keyword.builtin.SetTextKeyword.execute(SetTextKeyword.groovy:37)
	at com.kms.katalon.core.keyword.internal.KeywordExecutor.executeKeywordForPlatform(KeywordExecutor.groovy:53)
	at com.kms.katalon.core.webui.keyword.WebUiBuiltInKeywords.setText(WebUiBuiltInKeywords.groovy:950)
	at com.kms.katalon.core.webui.keyword.WebUiBuiltInKeywords$setText$1.call(Unknown Source)
	at OTC_Application_Reg.run(OTC_Application_Reg:74)
	at com.kms.katalon.core.main.ScriptEngine.run(ScriptEngine.java:194)
	at com.kms.katalon.core.main.ScriptEngine.runScriptAsRawText(ScriptEngine.java:119)
	at com.kms.katalon.core.main.TestCaseExecutor.runScript(TestCaseExecutor.java:328)
	at com.kms.katalon.core.main.TestCaseExecutor.doExecute(TestCaseExecutor.java:319)
	at com.kms.katalon.core.main.TestCaseExecutor.processExecutionPhase(TestCaseExecutor.java:298)
	at com.kms.katalon.core.main.TestCaseExecutor.accessMainPhase(TestCaseExecutor.java:290)
	at com.kms.katalon.core.main.TestCaseExecutor.execute(TestCaseExecutor.java:224)
	at com.kms.katalon.core.main.TestCaseMain.runTestCase(TestCaseMain.java:106)
	at com.kms.katalon.core.keyword.builtin.CallTestCaseKeyword$_callTestCase_closure1.doCall(CallTestCaseKeyword.groovy:59)
	at com.kms.katalon.core.keyword.builtin.CallTestCaseKeyword$_callTestCase_closure1.call(CallTestCaseKeyword.groovy)
	at com.kms.katalon.core.keyword.internal.KeywordMain.runKeyword(KeywordMain.groovy:54)
	at com.kms.katalon.core.keyword.builtin.CallTestCaseKeyword.callTestCase(CallTestCaseKeyword.groovy:80)
	at com.kms.katalon.core.keyword.builtin.CallTestCaseKeyword.execute(CallTestCaseKeyword.groovy:44)
	at com.kms.katalon.core.keyword.internal.KeywordExecutor.executeKeywordForPlatform(KeywordExecutor.groovy:53)
	at com.kms.katalon.core.keyword.BuiltinKeywords.callTestCase(BuiltinKeywords.groovy:334)
	at OTC_Submit Form 7_End to End - Cheque.run(OTC_Submit Form 7_End to End - Cheque:16)
	at com.kms.katalon.core.main.ScriptEngine.run(ScriptEngine.java:194)
	at com.kms.katalon.core.main.ScriptEngine.runScriptAsRawText(ScriptEngine.java:119)
	at com.kms.katalon.core.main.TestCaseExecutor.runScript(TestCaseExecutor.java:328)
	at com.kms.katalon.core.main.TestCaseExecutor.doExecute(TestCaseExecutor.java:319)
	at com.kms.katalon.core.main.TestCaseExecutor.processExecutionPhase(TestCaseExecutor.java:298)
	at com.kms.katalon.core.main.TestCaseExecutor.accessMainPhase(TestCaseExecutor.java:290)
	at com.kms.katalon.core.main.TestCaseExecutor.execute(TestCaseExecutor.java:224)
	at com.kms.katalon.core.main.TestCaseMain.runTestCase(TestCaseMain.java:106)
	at com.kms.katalon.core.keyword.builtin.CallTestCaseKeyword$_callTestCase_closure1.doCall(CallTestCaseKeyword.groovy:59)
	at com.kms.katalon.core.keyword.builtin.CallTestCaseKeyword$_callTestCase_closure1.call(CallTestCaseKeyword.groovy)
	at com.kms.katalon.core.keyword.internal.KeywordMain.runKeyword(KeywordMain.groovy:54)
	at com.kms.katalon.core.keyword.builtin.CallTestCaseKeyword.callTestCase(CallTestCaseKeyword.groovy:80)
	at com.kms.katalon.core.keyword.builtin.CallTestCaseKeyword.execute(CallTestCaseKeyword.groovy:44)
	at com.kms.katalon.core.keyword.internal.KeywordExecutor.executeKeywordForPlatform(KeywordExecutor.groovy:53)
	at com.kms.katalon.core.keyword.BuiltinKeywords.callTestCase(BuiltinKeywords.groovy:334)
	at Reject Application - JSA.run(Reject Application - JSA:16)
	at com.kms.katalon.core.main.ScriptEngine.run(ScriptEngine.java:194)
	at com.kms.katalon.core.main.ScriptEngine.runScriptAsRawText(ScriptEngine.java:119)
	at com.kms.katalon.core.main.TestCaseExecutor.runScript(TestCaseExecutor.java:328)
	at com.kms.katalon.core.main.TestCaseExecutor.doExecute(TestCaseExecutor.java:319)
	at com.kms.katalon.core.main.TestCaseExecutor.processExecutionPhase(TestCaseExecutor.java:298)
	at com.kms.katalon.core.main.TestCaseExecutor.accessMainPhase(TestCaseExecutor.java:290)
	at com.kms.katalon.core.main.TestCaseExecutor.execute(TestCaseExecutor.java:224)
	at com.kms.katalon.core.main.TestSuiteExecutor.accessTestCaseMainPhase(TestSuiteExecutor.java:129)
	at com.kms.katalon.core.main.TestSuiteExecutor.accessTestSuiteMainPhase(TestSuiteExecutor.java:112)
	at com.kms.katalon.core.main.TestSuiteExecutor.execute(TestSuiteExecutor.java:81)
	at com.kms.katalon.core.main.TestCaseMain.startTestSuite(TestCaseMain.java:149)
	at com.kms.katalon.core.main.TestCaseMain$startTestSuite$0.call(Unknown Source)
	at TempTestSuite1550476757023.run(TempTestSuite1550476757023.groovy:36)


2019-02-18 16:29:58 - [TEST_STEP][PASSED] - openBrowser(""): Browser is opened with url: ''

2019-02-18 16:29:58 - [MESSAGE][WARNING] - A browser is already opened. Closing browser and opening a new one

2019-02-18 16:30:00 - [MESSAGE][INFO] - Starting 'Chrome' driver

2019-02-18 16:30:00 - [MESSAGE][INFO] - User set preference: ['args', '[--start-maximized]']

2019-02-18 16:30:04 - [MESSAGE][PASSED] - Browser is opened with url: ''

2019-02-18 16:30:04 - [TEST_STEP][PASSED] - navigateToUrl(Internal_Login): Navigate to 'http://10.20.24.188/eisportal/user/login' successfully

2019-02-18 16:30:05 - [MESSAGE][PASSED] - Navigate to 'http://10.20.24.188/eisportal/user/login' successfully

2019-02-18 16:30:05 - [TEST_STEP][PASSED] - delay(3): Delayed 3 second(s)

2019-02-18 16:30:08 - [MESSAGE][PASSED] - Delayed 3 second(s)

2019-02-18 16:30:08 - [TEST_STEP][PASSED] - setText(findTestObject("KeatMun/Form 7_default/OTC_Application_Reg/Page_PERKESO/1.username"), "faizal.hamid@perkeso.gov.my"): Text 'faizal.hamid@perkeso.gov.my' is set on object 'Object Repository/KeatMun/Form 7_default/OTC_Application_Reg/Page_PERKESO/1.username'

2019-02-18 16:30:13 - [MESSAGE][PASSED] - Text 'faizal.hamid@perkeso.gov.my' is set on object 'Object Repository/KeatMun/Form 7_default/OTC_Application_Reg/Page_PERKESO/1.username'

2019-02-18 16:30:13 - [TEST_STEP][PASSED] - delay(1): Delayed 1 second(s)

2019-02-18 16:30:14 - [MESSAGE][PASSED] - Delayed 1 second(s)

2019-02-18 16:30:14 - [TEST_STEP][PASSED] - setEncryptedText(findTestObject("KeatMun/Form 7_default/OTC_Application_Reg/Page_PERKESO/2.password"), "CQqwFZlbeC8="): Text ****** has been set on object 'Object Repository/KeatMun/Form 7_default/OTC_Application_Reg/Page_PERKESO/2.password'

2019-02-18 16:30:17 - [MESSAGE][PASSED] - Text ****** has been set on object 'Object Repository/KeatMun/Form 7_default/OTC_Application_Reg/Page_PERKESO/2.password'

2019-02-18 16:30:17 - [TEST_STEP][PASSED] - delay(2): Delayed 2 second(s)

2019-02-18 16:30:19 - [MESSAGE][PASSED] - Delayed 2 second(s)

2019-02-18 16:30:19 - [TEST_STEP][PASSED] - click(findTestObject("KeatMun/Form 7_default/OTC_Application_Reg/Page_PERKESO/3.login button")): Object: 'Object Repository/KeatMun/Form 7_default/OTC_Application_Reg/Page_PERKESO/3.login button' is clicked on

2019-02-18 16:30:22 - [MESSAGE][PASSED] - Object: 'Object Repository/KeatMun/Form 7_default/OTC_Application_Reg/Page_PERKESO/3.login button' is clicked on

2019-02-18 16:30:22 - [TEST_STEP][PASSED] - delay(2): Delayed 2 second(s)

2019-02-18 16:30:24 - [MESSAGE][PASSED] - Delayed 2 second(s)

2019-02-18 16:30:24 - [TEST_STEP][PASSED] - click(findTestObject("KeatMun/Form 7_default/OTC_Application_Reg/Page_PERKESO/4. Permohonan tab")): Object: 'Object Repository/KeatMun/Form 7_default/OTC_Application_Reg/Page_PERKESO/4. Permohonan tab' is clicked on

2019-02-18 16:30:27 - [MESSAGE][PASSED] - Object: 'Object Repository/KeatMun/Form 7_default/OTC_Application_Reg/Page_PERKESO/4. Permohonan tab' is clicked on

2019-02-18 16:30:27 - [TEST_STEP][PASSED] - delay(2): Delayed 2 second(s)

2019-02-18 16:30:29 - [MESSAGE][PASSED] - Delayed 2 second(s)

2019-02-18 16:30:29 - [TEST_STEP][PASSED] - click(findTestObject("KeatMun/Form 7_default/OTC_Application_Reg/Page_PERKESO/5.button_Setuju")): Object: 'Object Repository/KeatMun/Form 7_default/OTC_Application_Reg/Page_PERKESO/5.button_Setuju' is clicked on

2019-02-18 16:30:31 - [MESSAGE][PASSED] - Object: 'Object Repository/KeatMun/Form 7_default/OTC_Application_Reg/Page_PERKESO/5.button_Setuju' is clicked on

2019-02-18 16:30:31 - [TEST_STEP][PASSED] - delay(2): Delayed 2 second(s)

2019-02-18 16:30:33 - [MESSAGE][PASSED] - Delayed 2 second(s)

2019-02-18 16:30:33 - [TEST_STEP][PASSED] - IC = "950000140036": null

2019-02-18 16:30:33 - [TEST_STEP][PASSED] - setText(findTestObject("KeatMun/Form 7_default/OTC_Application_Reg/Page_PERKESO/6.No. Kad Pengenalan"), IC): Text '950000140036' is set on object 'Object Repository/KeatMun/Form 7_default/OTC_Application_Reg/Page_PERKESO/6.No. Kad Pengenalan'

2019-02-18 16:30:38 - [MESSAGE][PASSED] - Text '950000140036' is set on object 'Object Repository/KeatMun/Form 7_default/OTC_Application_Reg/Page_PERKESO/6.No. Kad Pengenalan'

2019-02-18 16:30:38 - [TEST_STEP][PASSED] - callTestCase(findTestCase("All TC/Arranged/1. Common/1.2 Setter/Setter IC"), [:], STOP_ON_FAILURE): Call Test Case 'Test Cases/All TC/Arranged/1. Common/1.2 Setter/Setter IC' successfully

2019-02-18 16:30:38 - [TEST_CASE][PASSED] - Test Cases/All TC/Arranged/1. Common/1.2 Setter/Setter IC: Test Cases/All TC/Arranged/1. Common/1.2 Setter/Setter IC

2019-02-18 16:30:38 - [TEST_STEP][PASSED] - RefNoOldFile = new java.io.File((internal.GlobalVariable.TextFilePathCommon + \getIC.txt)): null

2019-02-18 16:30:38 - [TEST_STEP][PASSED] - RefNoOldFile.delete(): null

2019-02-18 16:30:38 - [TEST_STEP][PASSED] - delay(5): Delayed 5 second(s)

2019-02-18 16:30:43 - [MESSAGE][PASSED] - Delayed 5 second(s)

2019-02-18 16:30:43 - [TEST_STEP][PASSED] - RefNo = new java.io.File((internal.GlobalVariable.TextFilePathCommon + \getIC.txt)): null

2019-02-18 16:30:43 - [TEST_STEP][PASSED] - f2 = new java.io.FileWriter(RefNo, false): null

2019-02-18 16:30:43 - [TEST_STEP][PASSED] - f2.write(IC): null

2019-02-18 16:30:43 - [TEST_STEP][PASSED] - f2.close(): null

2019-02-18 16:30:43 - [TEST_STEP][PASSED] - out.println("


" + IC + "


"): null

2019-02-18 16:30:43 - [MESSAGE][PASSED] - Call Test Case 'Test Cases/All TC/Arranged/1. Common/1.2 Setter/Setter IC' successfully

2019-02-18 16:30:43 - [TEST_STEP][PASSED] - delay(2): Delayed 2 second(s)

2019-02-18 16:30:45 - [MESSAGE][PASSED] - Delayed 2 second(s)

2019-02-18 16:30:45 - [TEST_STEP][PASSED] - click(findTestObject("KeatMun/Form 7_default/OTC_Application_Reg/Page_PERKESO/7.button_Semak")): Object: 'Object Repository/KeatMun/Form 7_default/OTC_Application_Reg/Page_PERKESO/7.button_Semak' is clicked on

2019-02-18 16:30:47 - [MESSAGE][PASSED] - Object: 'Object Repository/KeatMun/Form 7_default/OTC_Application_Reg/Page_PERKESO/7.button_Semak' is clicked on

2019-02-18 16:30:47 - [TEST_STEP][PASSED] - delay(4): Delayed 4 second(s)

2019-02-18 16:30:51 - [MESSAGE][PASSED] - Delayed 4 second(s)

2019-02-18 16:30:51 - [TEST_STEP][PASSED] - click(findTestObject("KeatMun/Form 7_default/OTC_Application_Reg/Page_PERKESO/8. Nama Majikan Dropdown")): Object: 'Object Repository/KeatMun/Form 7_default/OTC_Application_Reg/Page_PERKESO/8. Nama Majikan Dropdown' is clicked on

2019-02-18 16:30:53 - [MESSAGE][PASSED] - Object: 'Object Repository/KeatMun/Form 7_default/OTC_Application_Reg/Page_PERKESO/8. Nama Majikan Dropdown' is clicked on

2019-02-18 16:30:53 - [TEST_STEP][PASSED] - setText(findTestObject("KeatMun/Form 7_default/OTC_Application_Reg/Page_PERKESO/8. LOE emp"), "mon"): Text 'mon' is set on object 'Object Repository/KeatMun/Form 7_default/OTC_Application_Reg/Page_PERKESO/8. LOE emp'

2019-02-18 16:30:57 - [MESSAGE][PASSED] - Text 'mon' is set on object 'Object Repository/KeatMun/Form 7_default/OTC_Application_Reg/Page_PERKESO/8. LOE emp'

2019-02-18 16:30:57 - [TEST_STEP][PASSED] - click(findTestObject("KeatMun/Form 7_default/OTC_Application_Reg/Page_PERKESO/8. MONSOON MOTEL")): Object: 'Object Repository/KeatMun/Form 7_default/OTC_Application_Reg/Page_PERKESO/8. MONSOON MOTEL' is clicked on

2019-02-18 16:30:59 - [MESSAGE][PASSED] - Object: 'Object Repository/KeatMun/Form 7_default/OTC_Application_Reg/Page_PERKESO/8. MONSOON MOTEL' is clicked on

2019-02-18 16:30:59 - [TEST_STEP][PASSED] - delay(2): Delayed 2 second(s)

2019-02-18 16:31:01 - [MESSAGE][PASSED] - Delayed 2 second(s)

2019-02-18 16:31:01 - [TEST_STEP][PASSED] - setText(findTestObject("KeatMun/Form 7_default/OTC_Application_Reg/Page_PERKESO/9.Tarikh kehilangan pkj"), "10/01/2019"): Text '10/01/2019' is set on object 'Object Repository/KeatMun/Form 7_default/OTC_Application_Reg/Page_PERKESO/9.Tarikh kehilangan pkj'

2019-02-18 16:31:06 - [MESSAGE][PASSED] - Text '10/01/2019' is set on object 'Object Repository/KeatMun/Form 7_default/OTC_Application_Reg/Page_PERKESO/9.Tarikh kehilangan pkj'

2019-02-18 16:31:06 - [TEST_STEP][PASSED] - delay(2): Delayed 2 second(s)

2019-02-18 16:31:08 - [MESSAGE][PASSED] - Delayed 2 second(s)

2019-02-18 16:31:08 - [TEST_STEP][PASSED] - click(findTestObject("KeatMun/Form 7_default/OTC_Application_Reg/Page_PERKESO/9. Date Picker Done Button ")): Object: 'Object Repository/KeatMun/Form 7_default/OTC_Application_Reg/Page_PERKESO/9. Date Picker Done Button ' is clicked on

2019-02-18 16:31:10 - [MESSAGE][PASSED] - Object: 'Object Repository/KeatMun/Form 7_default/OTC_Application_Reg/Page_PERKESO/9. Date Picker Done Button ' is clicked on

2019-02-18 16:31:10 - [TEST_STEP][PASSED] - delay(2): Delayed 2 second(s)

2019-02-18 16:31:12 - [MESSAGE][PASSED] - Delayed 2 second(s)

2019-02-18 16:31:12 - [TEST_STEP][PASSED] - click(findTestObject("KeatMun/Form 7_default/OTC_Application_Reg/Page_PERKESO/10.button_Mohon")): Object: 'Object Repository/KeatMun/Form 7_default/OTC_Application_Reg/Page_PERKESO/10.button_Mohon' is clicked on

2019-02-18 16:31:14 - [MESSAGE][PASSED] - Object: 'Object Repository/KeatMun/Form 7_default/OTC_Application_Reg/Page_PERKESO/10.button_Mohon' is clicked on

2019-02-18 16:31:14 - [TEST_STEP][PASSED] - delay(2): Delayed 2 second(s)

2019-02-18 16:31:16 - [MESSAGE][PASSED] - Delayed 2 second(s)

2019-02-18 16:31:16 - [TEST_STEP][FAILED] - setText(findTestObject("KeatMun/Form 7_default/OTC_Application_Reg/Page_PERKESO/11.Tarikh Terima_stampedDtS"), "10/01/2019"): setText(findTestObject("KeatMun/Form 7_default/OTC_Application_Reg/Page_PERKESO/11.Tarikh Terima_stampedDtS"), "10/01/2019") FAILED.
Reason:
com.kms.katalon.core.exception.StepFailedException: Unable to set text '10/01/2019' of object 'Object Repository/KeatMun/Form 7_default/OTC_Application_Reg/Page_PERKESO/11.Tarikh Terima_stampedDtS' (Root cause: com.kms.katalon.core.webui.exception.WebElementNotFoundException: Web element with id: 'Object Repository/KeatMun/Form 7_default/OTC_Application_Reg/Page_PERKESO/11.Tarikh Terima_stampedDtS' located by 'By.xpath: //input[@id = 'stampedDtStr' and @name = 'stampedDtStr' and @type = 'text']' not found)
	at com.kms.katalon.core.keyword.internal.KeywordMain.stepFailed(KeywordMain.groovy:36)
	at com.kms.katalon.core.webui.keyword.internal.WebUIKeywordMain.stepFailed(WebUIKeywordMain.groovy:65)
	at com.kms.katalon.core.webui.keyword.internal.WebUIKeywordMain.runKeyword(WebUIKeywordMain.groovy:27)
	at com.kms.katalon.core.webui.keyword.builtin.SetTextKeyword.setText(SetTextKeyword.groovy:65)
	at com.kms.katalon.core.webui.keyword.builtin.SetTextKeyword.execute(SetTextKeyword.groovy:37)
	at com.kms.katalon.core.keyword.internal.KeywordExecutor.executeKeywordForPlatform(KeywordExecutor.groovy:53)
	at com.kms.katalon.core.webui.keyword.WebUiBuiltInKeywords.setText(WebUiBuiltInKeywords.groovy:950)
	at com.kms.katalon.core.webui.keyword.WebUiBuiltInKeywords$setText$1.call(Unknown Source)
	at OTC_Application_Reg.run(OTC_Application_Reg:74)
	at com.kms.katalon.core.main.ScriptEngine.run(ScriptEngine.java:194)
	at com.kms.katalon.core.main.ScriptEngine.runScriptAsRawText(ScriptEngine.java:119)
	at com.kms.katalon.core.main.TestCaseExecutor.runScript(TestCaseExecutor.java:328)
	at com.kms.katalon.core.main.TestCaseExecutor.doExecute(TestCaseExecutor.java:319)
	at com.kms.katalon.core.main.TestCaseExecutor.processExecutionPhase(TestCaseExecutor.java:298)
	at com.kms.katalon.core.main.TestCaseExecutor.accessMainPhase(TestCaseExecutor.java:290)
	at com.kms.katalon.core.main.TestCaseExecutor.execute(TestCaseExecutor.java:224)
	at com.kms.katalon.core.main.TestCaseMain.runTestCase(TestCaseMain.java:106)
	at com.kms.katalon.core.keyword.builtin.CallTestCaseKeyword$_callTestCase_closure1.doCall(CallTestCaseKeyword.groovy:59)
	at com.kms.katalon.core.keyword.builtin.CallTestCaseKeyword$_callTestCase_closure1.call(CallTestCaseKeyword.groovy)
	at com.kms.katalon.core.keyword.internal.KeywordMain.runKeyword(KeywordMain.groovy:54)
	at com.kms.katalon.core.keyword.builtin.CallTestCaseKeyword.callTestCase(CallTestCaseKeyword.groovy:80)
	at com.kms.katalon.core.keyword.builtin.CallTestCaseKeyword.execute(CallTestCaseKeyword.groovy:44)
	at com.kms.katalon.core.keyword.internal.KeywordExecutor.executeKeywordForPlatform(KeywordExecutor.groovy:53)
	at com.kms.katalon.core.keyword.BuiltinKeywords.callTestCase(BuiltinKeywords.groovy:334)
	at OTC_Submit Form 7_End to End - Cheque.run(OTC_Submit Form 7_End to End - Cheque:16)
	at com.kms.katalon.core.main.ScriptEngine.run(ScriptEngine.java:194)
	at com.kms.katalon.core.main.ScriptEngine.runScriptAsRawText(ScriptEngine.java:119)
	at com.kms.katalon.core.main.TestCaseExecutor.runScript(TestCaseExecutor.java:328)
	at com.kms.katalon.core.main.TestCaseExecutor.doExecute(TestCaseExecutor.java:319)
	at com.kms.katalon.core.main.TestCaseExecutor.processExecutionPhase(TestCaseExecutor.java:298)
	at com.kms.katalon.core.main.TestCaseExecutor.accessMainPhase(TestCaseExecutor.java:290)
	at com.kms.katalon.core.main.TestCaseExecutor.execute(TestCaseExecutor.java:224)
	at com.kms.katalon.core.main.TestCaseMain.runTestCase(TestCaseMain.java:106)
	at com.kms.katalon.core.keyword.builtin.CallTestCaseKeyword$_callTestCase_closure1.doCall(CallTestCaseKeyword.groovy:59)
	at com.kms.katalon.core.keyword.builtin.CallTestCaseKeyword$_callTestCase_closure1.call(CallTestCaseKeyword.groovy)
	at com.kms.katalon.core.keyword.internal.KeywordMain.runKeyword(KeywordMain.groovy:54)
	at com.kms.katalon.core.keyword.builtin.CallTestCaseKeyword.callTestCase(CallTestCaseKeyword.groovy:80)
	at com.kms.katalon.core.keyword.builtin.CallTestCaseKeyword.execute(CallTestCaseKeyword.groovy:44)
	at com.kms.katalon.core.keyword.internal.KeywordExecutor.executeKeywordForPlatform(KeywordExecutor.groovy:53)
	at com.kms.katalon.core.keyword.BuiltinKeywords.callTestCase(BuiltinKeywords.groovy:334)
	at Reject Application - JSA.run(Reject Application - JSA:16)
	at com.kms.katalon.core.main.ScriptEngine.run(ScriptEngine.java:194)
	at com.kms.katalon.core.main.ScriptEngine.runScriptAsRawText(ScriptEngine.java:119)
	at com.kms.katalon.core.main.TestCaseExecutor.runScript(TestCaseExecutor.java:328)
	at com.kms.katalon.core.main.TestCaseExecutor.doExecute(TestCaseExecutor.java:319)
	at com.kms.katalon.core.main.TestCaseExecutor.processExecutionPhase(TestCaseExecutor.java:298)
	at com.kms.katalon.core.main.TestCaseExecutor.accessMainPhase(TestCaseExecutor.java:290)
	at com.kms.katalon.core.main.TestCaseExecutor.execute(TestCaseExecutor.java:224)
	at com.kms.katalon.core.main.TestSuiteExecutor.accessTestCaseMainPhase(TestSuiteExecutor.java:129)
	at com.kms.katalon.core.main.TestSuiteExecutor.accessTestSuiteMainPhase(TestSuiteExecutor.java:112)
	at com.kms.katalon.core.main.TestSuiteExecutor.execute(TestSuiteExecutor.java:81)
	at com.kms.katalon.core.main.TestCaseMain.startTestSuite(TestCaseMain.java:149)
	at com.kms.katalon.core.main.TestCaseMain$startTestSuite$0.call(Unknown Source)
	at TempTestSuite1550476757023.run(TempTestSuite1550476757023.groovy:36)


2019-02-18 16:31:46 - [MESSAGE][INFO] - Unable to find the element located by 'By.xpath: //input[@id = 'stampedDtStr' and @name = 'stampedDtStr' and @type = 'text']'. Please recheck the objects properties to make sure the desired element is located. 

2019-02-18 16:31:48 - [MESSAGE][FAILED] - Unable to set text '10/01/2019' of object 'Object Repository/KeatMun/Form 7_default/OTC_Application_Reg/Page_PERKESO/11.Tarikh Terima_stampedDtS' (Root cause: com.kms.katalon.core.webui.exception.WebElementNotFoundException: Web element with id: 'Object Repository/KeatMun/Form 7_default/OTC_Application_Reg/Page_PERKESO/11.Tarikh Terima_stampedDtS' located by 'By.xpath: //input[@id = 'stampedDtStr' and @name = 'stampedDtStr' and @type = 'text']' not found)
[[ATTACHMENT|C:\\Users\\Admin\\Documents\\GitHub\\PKSKatalon\\PKS-EI-ES\\Reports\\New Test Suite\\20190218_155917\\1550478706907.png]]

2019-02-18 16:31:48 - [MESSAGE][FAILED] - setText(findTestObject("KeatMun/Form 7_default/OTC_Application_Reg/Page_PERKESO/11.Tarikh Terima_stampedDtS"), "10/01/2019") FAILED.
Reason:
com.kms.katalon.core.exception.StepFailedException: Unable to set text '10/01/2019' of object 'Object Repository/KeatMun/Form 7_default/OTC_Application_Reg/Page_PERKESO/11.Tarikh Terima_stampedDtS' (Root cause: com.kms.katalon.core.webui.exception.WebElementNotFoundException: Web element with id: 'Object Repository/KeatMun/Form 7_default/OTC_Application_Reg/Page_PERKESO/11.Tarikh Terima_stampedDtS' located by 'By.xpath: //input[@id = 'stampedDtStr' and @name = 'stampedDtStr' and @type = 'text']' not found)
	at com.kms.katalon.core.keyword.internal.KeywordMain.stepFailed(KeywordMain.groovy:36)
	at com.kms.katalon.core.webui.keyword.internal.WebUIKeywordMain.stepFailed(WebUIKeywordMain.groovy:65)
	at com.kms.katalon.core.webui.keyword.internal.WebUIKeywordMain.runKeyword(WebUIKeywordMain.groovy:27)
	at com.kms.katalon.core.webui.keyword.builtin.SetTextKeyword.setText(SetTextKeyword.groovy:65)
	at com.kms.katalon.core.webui.keyword.builtin.SetTextKeyword.execute(SetTextKeyword.groovy:37)
	at com.kms.katalon.core.keyword.internal.KeywordExecutor.executeKeywordForPlatform(KeywordExecutor.groovy:53)
	at com.kms.katalon.core.webui.keyword.WebUiBuiltInKeywords.setText(WebUiBuiltInKeywords.groovy:950)
	at com.kms.katalon.core.webui.keyword.WebUiBuiltInKeywords$setText$1.call(Unknown Source)
	at OTC_Application_Reg.run(OTC_Application_Reg:74)
	at com.kms.katalon.core.main.ScriptEngine.run(ScriptEngine.java:194)
	at com.kms.katalon.core.main.ScriptEngine.runScriptAsRawText(ScriptEngine.java:119)
	at com.kms.katalon.core.main.TestCaseExecutor.runScript(TestCaseExecutor.java:328)
	at com.kms.katalon.core.main.TestCaseExecutor.doExecute(TestCaseExecutor.java:319)
	at com.kms.katalon.core.main.TestCaseExecutor.processExecutionPhase(TestCaseExecutor.java:298)
	at com.kms.katalon.core.main.TestCaseExecutor.accessMainPhase(TestCaseExecutor.java:290)
	at com.kms.katalon.core.main.TestCaseExecutor.execute(TestCaseExecutor.java:224)
	at com.kms.katalon.core.main.TestCaseMain.runTestCase(TestCaseMain.java:106)
	at com.kms.katalon.core.keyword.builtin.CallTestCaseKeyword$_callTestCase_closure1.doCall(CallTestCaseKeyword.groovy:59)
	at com.kms.katalon.core.keyword.builtin.CallTestCaseKeyword$_callTestCase_closure1.call(CallTestCaseKeyword.groovy)
	at com.kms.katalon.core.keyword.internal.KeywordMain.runKeyword(KeywordMain.groovy:54)
	at com.kms.katalon.core.keyword.builtin.CallTestCaseKeyword.callTestCase(CallTestCaseKeyword.groovy:80)
	at com.kms.katalon.core.keyword.builtin.CallTestCaseKeyword.execute(CallTestCaseKeyword.groovy:44)
	at com.kms.katalon.core.keyword.internal.KeywordExecutor.executeKeywordForPlatform(KeywordExecutor.groovy:53)
	at com.kms.katalon.core.keyword.BuiltinKeywords.callTestCase(BuiltinKeywords.groovy:334)
	at OTC_Submit Form 7_End to End - Cheque.run(OTC_Submit Form 7_End to End - Cheque:16)
	at com.kms.katalon.core.main.ScriptEngine.run(ScriptEngine.java:194)
	at com.kms.katalon.core.main.ScriptEngine.runScriptAsRawText(ScriptEngine.java:119)
	at com.kms.katalon.core.main.TestCaseExecutor.runScript(TestCaseExecutor.java:328)
	at com.kms.katalon.core.main.TestCaseExecutor.doExecute(TestCaseExecutor.java:319)
	at com.kms.katalon.core.main.TestCaseExecutor.processExecutionPhase(TestCaseExecutor.java:298)
	at com.kms.katalon.core.main.TestCaseExecutor.accessMainPhase(TestCaseExecutor.java:290)
	at com.kms.katalon.core.main.TestCaseExecutor.execute(TestCaseExecutor.java:224)
	at com.kms.katalon.core.main.TestCaseMain.runTestCase(TestCaseMain.java:106)
	at com.kms.katalon.core.keyword.builtin.CallTestCaseKeyword$_callTestCase_closure1.doCall(CallTestCaseKeyword.groovy:59)
	at com.kms.katalon.core.keyword.builtin.CallTestCaseKeyword$_callTestCase_closure1.call(CallTestCaseKeyword.groovy)
	at com.kms.katalon.core.keyword.internal.KeywordMain.runKeyword(KeywordMain.groovy:54)
	at com.kms.katalon.core.keyword.builtin.CallTestCaseKeyword.callTestCase(CallTestCaseKeyword.groovy:80)
	at com.kms.katalon.core.keyword.builtin.CallTestCaseKeyword.execute(CallTestCaseKeyword.groovy:44)
	at com.kms.katalon.core.keyword.internal.KeywordExecutor.executeKeywordForPlatform(KeywordExecutor.groovy:53)
	at com.kms.katalon.core.keyword.BuiltinKeywords.callTestCase(BuiltinKeywords.groovy:334)
	at Reject Application - JSA.run(Reject Application - JSA:16)
	at com.kms.katalon.core.main.ScriptEngine.run(ScriptEngine.java:194)
	at com.kms.katalon.core.main.ScriptEngine.runScriptAsRawText(ScriptEngine.java:119)
	at com.kms.katalon.core.main.TestCaseExecutor.runScript(TestCaseExecutor.java:328)
	at com.kms.katalon.core.main.TestCaseExecutor.doExecute(TestCaseExecutor.java:319)
	at com.kms.katalon.core.main.TestCaseExecutor.processExecutionPhase(TestCaseExecutor.java:298)
	at com.kms.katalon.core.main.TestCaseExecutor.accessMainPhase(TestCaseExecutor.java:290)
	at com.kms.katalon.core.main.TestCaseExecutor.execute(TestCaseExecutor.java:224)
	at com.kms.katalon.core.main.TestSuiteExecutor.accessTestCaseMainPhase(TestSuiteExecutor.java:129)
	at com.kms.katalon.core.main.TestSuiteExecutor.accessTestSuiteMainPhase(TestSuiteExecutor.java:112)
	at com.kms.katalon.core.main.TestSuiteExecutor.execute(TestSuiteExecutor.java:81)
	at com.kms.katalon.core.main.TestCaseMain.startTestSuite(TestCaseMain.java:149)
	at com.kms.katalon.core.main.TestCaseMain$startTestSuite$0.call(Unknown Source)
	at TempTestSuite1550476757023.run(TempTestSuite1550476757023.groovy:36)


2019-02-18 16:31:48 - [MESSAGE][FAILED] - Unable to call Test Case 'Test Cases/All TC/Arranged/3. Unit/EI/Form 7_default/OTC_Application_Reg' (Root cause: com.kms.katalon.core.exception.StepFailedException: Call Test Case 'Test Cases/All TC/Arranged/3. Unit/EI/Form 7_default/OTC_Application_Reg' failed)

2019-02-18 16:31:48 - [MESSAGE][FAILED] - callTestCase(findTestCase("All TC/Arranged/3. Unit/EI/Form 7_default/OTC_Application_Reg"), [:], STOP_ON_FAILURE) FAILED.
Reason:
com.kms.katalon.core.exception.StepFailedException: Unable to set text '10/01/2019' of object 'Object Repository/KeatMun/Form 7_default/OTC_Application_Reg/Page_PERKESO/11.Tarikh Terima_stampedDtS' (Root cause: com.kms.katalon.core.webui.exception.WebElementNotFoundException: Web element with id: 'Object Repository/KeatMun/Form 7_default/OTC_Application_Reg/Page_PERKESO/11.Tarikh Terima_stampedDtS' located by 'By.xpath: //input[@id = 'stampedDtStr' and @name = 'stampedDtStr' and @type = 'text']' not found)
	at com.kms.katalon.core.keyword.internal.KeywordMain.stepFailed(KeywordMain.groovy:36)
	at com.kms.katalon.core.webui.keyword.internal.WebUIKeywordMain.stepFailed(WebUIKeywordMain.groovy:65)
	at com.kms.katalon.core.webui.keyword.internal.WebUIKeywordMain.runKeyword(WebUIKeywordMain.groovy:27)
	at com.kms.katalon.core.webui.keyword.builtin.SetTextKeyword.setText(SetTextKeyword.groovy:65)
	at com.kms.katalon.core.webui.keyword.builtin.SetTextKeyword.execute(SetTextKeyword.groovy:37)
	at com.kms.katalon.core.keyword.internal.KeywordExecutor.executeKeywordForPlatform(KeywordExecutor.groovy:53)
	at com.kms.katalon.core.webui.keyword.WebUiBuiltInKeywords.setText(WebUiBuiltInKeywords.groovy:950)
	at com.kms.katalon.core.webui.keyword.WebUiBuiltInKeywords$setText$1.call(Unknown Source)
	at OTC_Application_Reg.run(OTC_Application_Reg:74)
	at com.kms.katalon.core.main.ScriptEngine.run(ScriptEngine.java:194)
	at com.kms.katalon.core.main.ScriptEngine.runScriptAsRawText(ScriptEngine.java:119)
	at com.kms.katalon.core.main.TestCaseExecutor.runScript(TestCaseExecutor.java:328)
	at com.kms.katalon.core.main.TestCaseExecutor.doExecute(TestCaseExecutor.java:319)
	at com.kms.katalon.core.main.TestCaseExecutor.processExecutionPhase(TestCaseExecutor.java:298)
	at com.kms.katalon.core.main.TestCaseExecutor.accessMainPhase(TestCaseExecutor.java:290)
	at com.kms.katalon.core.main.TestCaseExecutor.execute(TestCaseExecutor.java:224)
	at com.kms.katalon.core.main.TestCaseMain.runTestCase(TestCaseMain.java:106)
	at com.kms.katalon.core.keyword.builtin.CallTestCaseKeyword$_callTestCase_closure1.doCall(CallTestCaseKeyword.groovy:59)
	at com.kms.katalon.core.keyword.builtin.CallTestCaseKeyword$_callTestCase_closure1.call(CallTestCaseKeyword.groovy)
	at com.kms.katalon.core.keyword.internal.KeywordMain.runKeyword(KeywordMain.groovy:54)
	at com.kms.katalon.core.keyword.builtin.CallTestCaseKeyword.callTestCase(CallTestCaseKeyword.groovy:80)
	at com.kms.katalon.core.keyword.builtin.CallTestCaseKeyword.execute(CallTestCaseKeyword.groovy:44)
	at com.kms.katalon.core.keyword.internal.KeywordExecutor.executeKeywordForPlatform(KeywordExecutor.groovy:53)
	at com.kms.katalon.core.keyword.BuiltinKeywords.callTestCase(BuiltinKeywords.groovy:334)
	at OTC_Submit Form 7_End to End - Cheque.run(OTC_Submit Form 7_End to End - Cheque:16)
	at com.kms.katalon.core.main.ScriptEngine.run(ScriptEngine.java:194)
	at com.kms.katalon.core.main.ScriptEngine.runScriptAsRawText(ScriptEngine.java:119)
	at com.kms.katalon.core.main.TestCaseExecutor.runScript(TestCaseExecutor.java:328)
	at com.kms.katalon.core.main.TestCaseExecutor.doExecute(TestCaseExecutor.java:319)
	at com.kms.katalon.core.main.TestCaseExecutor.processExecutionPhase(TestCaseExecutor.java:298)
	at com.kms.katalon.core.main.TestCaseExecutor.accessMainPhase(TestCaseExecutor.java:290)
	at com.kms.katalon.core.main.TestCaseExecutor.execute(TestCaseExecutor.java:224)
	at com.kms.katalon.core.main.TestCaseMain.runTestCase(TestCaseMain.java:106)
	at com.kms.katalon.core.keyword.builtin.CallTestCaseKeyword$_callTestCase_closure1.doCall(CallTestCaseKeyword.groovy:59)
	at com.kms.katalon.core.keyword.builtin.CallTestCaseKeyword$_callTestCase_closure1.call(CallTestCaseKeyword.groovy)
	at com.kms.katalon.core.keyword.internal.KeywordMain.runKeyword(KeywordMain.groovy:54)
	at com.kms.katalon.core.keyword.builtin.CallTestCaseKeyword.callTestCase(CallTestCaseKeyword.groovy:80)
	at com.kms.katalon.core.keyword.builtin.CallTestCaseKeyword.execute(CallTestCaseKeyword.groovy:44)
	at com.kms.katalon.core.keyword.internal.KeywordExecutor.executeKeywordForPlatform(KeywordExecutor.groovy:53)
	at com.kms.katalon.core.keyword.BuiltinKeywords.callTestCase(BuiltinKeywords.groovy:334)
	at Reject Application - JSA.run(Reject Application - JSA:16)
	at com.kms.katalon.core.main.ScriptEngine.run(ScriptEngine.java:194)
	at com.kms.katalon.core.main.ScriptEngine.runScriptAsRawText(ScriptEngine.java:119)
	at com.kms.katalon.core.main.TestCaseExecutor.runScript(TestCaseExecutor.java:328)
	at com.kms.katalon.core.main.TestCaseExecutor.doExecute(TestCaseExecutor.java:319)
	at com.kms.katalon.core.main.TestCaseExecutor.processExecutionPhase(TestCaseExecutor.java:298)
	at com.kms.katalon.core.main.TestCaseExecutor.accessMainPhase(TestCaseExecutor.java:290)
	at com.kms.katalon.core.main.TestCaseExecutor.execute(TestCaseExecutor.java:224)
	at com.kms.katalon.core.main.TestSuiteExecutor.accessTestCaseMainPhase(TestSuiteExecutor.java:129)
	at com.kms.katalon.core.main.TestSuiteExecutor.accessTestSuiteMainPhase(TestSuiteExecutor.java:112)
	at com.kms.katalon.core.main.TestSuiteExecutor.execute(TestSuiteExecutor.java:81)
	at com.kms.katalon.core.main.TestCaseMain.startTestSuite(TestCaseMain.java:149)
	at com.kms.katalon.core.main.TestCaseMain$startTestSuite$0.call(Unknown Source)
	at TempTestSuite1550476757023.run(TempTestSuite1550476757023.groovy:36)


2019-02-18 16:31:49 - [MESSAGE][FAILED] - Unable to call Test Case 'Test Cases/All TC/Arranged/2. Segment/OTC_Submit Form 7_End to End - Cheque' (Root cause: com.kms.katalon.core.exception.StepFailedException: Call Test Case 'Test Cases/All TC/Arranged/2. Segment/OTC_Submit Form 7_End to End - Cheque' failed)

2019-02-18 16:31:49 - [MESSAGE][FAILED] - callTestCase(findTestCase("All TC/Arranged/2. Segment/OTC_Submit Form 7_End to End - Cheque"), [:], STOP_ON_FAILURE) FAILED.
Reason:
com.kms.katalon.core.exception.StepFailedException: Unable to set text '10/01/2019' of object 'Object Repository/KeatMun/Form 7_default/OTC_Application_Reg/Page_PERKESO/11.Tarikh Terima_stampedDtS' (Root cause: com.kms.katalon.core.webui.exception.WebElementNotFoundException: Web element with id: 'Object Repository/KeatMun/Form 7_default/OTC_Application_Reg/Page_PERKESO/11.Tarikh Terima_stampedDtS' located by 'By.xpath: //input[@id = 'stampedDtStr' and @name = 'stampedDtStr' and @type = 'text']' not found)
	at com.kms.katalon.core.keyword.internal.KeywordMain.stepFailed(KeywordMain.groovy:36)
	at com.kms.katalon.core.webui.keyword.internal.WebUIKeywordMain.stepFailed(WebUIKeywordMain.groovy:65)
	at com.kms.katalon.core.webui.keyword.internal.WebUIKeywordMain.runKeyword(WebUIKeywordMain.groovy:27)
	at com.kms.katalon.core.webui.keyword.builtin.SetTextKeyword.setText(SetTextKeyword.groovy:65)
	at com.kms.katalon.core.webui.keyword.builtin.SetTextKeyword.execute(SetTextKeyword.groovy:37)
	at com.kms.katalon.core.keyword.internal.KeywordExecutor.executeKeywordForPlatform(KeywordExecutor.groovy:53)
	at com.kms.katalon.core.webui.keyword.WebUiBuiltInKeywords.setText(WebUiBuiltInKeywords.groovy:950)
	at com.kms.katalon.core.webui.keyword.WebUiBuiltInKeywords$setText$1.call(Unknown Source)
	at OTC_Application_Reg.run(OTC_Application_Reg:74)
	at com.kms.katalon.core.main.ScriptEngine.run(ScriptEngine.java:194)
	at com.kms.katalon.core.main.ScriptEngine.runScriptAsRawText(ScriptEngine.java:119)
	at com.kms.katalon.core.main.TestCaseExecutor.runScript(TestCaseExecutor.java:328)
	at com.kms.katalon.core.main.TestCaseExecutor.doExecute(TestCaseExecutor.java:319)
	at com.kms.katalon.core.main.TestCaseExecutor.processExecutionPhase(TestCaseExecutor.java:298)
	at com.kms.katalon.core.main.TestCaseExecutor.accessMainPhase(TestCaseExecutor.java:290)
	at com.kms.katalon.core.main.TestCaseExecutor.execute(TestCaseExecutor.java:224)
	at com.kms.katalon.core.main.TestCaseMain.runTestCase(TestCaseMain.java:106)
	at com.kms.katalon.core.keyword.builtin.CallTestCaseKeyword$_callTestCase_closure1.doCall(CallTestCaseKeyword.groovy:59)
	at com.kms.katalon.core.keyword.builtin.CallTestCaseKeyword$_callTestCase_closure1.call(CallTestCaseKeyword.groovy)
	at com.kms.katalon.core.keyword.internal.KeywordMain.runKeyword(KeywordMain.groovy:54)
	at com.kms.katalon.core.keyword.builtin.CallTestCaseKeyword.callTestCase(CallTestCaseKeyword.groovy:80)
	at com.kms.katalon.core.keyword.builtin.CallTestCaseKeyword.execute(CallTestCaseKeyword.groovy:44)
	at com.kms.katalon.core.keyword.internal.KeywordExecutor.executeKeywordForPlatform(KeywordExecutor.groovy:53)
	at com.kms.katalon.core.keyword.BuiltinKeywords.callTestCase(BuiltinKeywords.groovy:334)
	at OTC_Submit Form 7_End to End - Cheque.run(OTC_Submit Form 7_End to End - Cheque:16)
	at com.kms.katalon.core.main.ScriptEngine.run(ScriptEngine.java:194)
	at com.kms.katalon.core.main.ScriptEngine.runScriptAsRawText(ScriptEngine.java:119)
	at com.kms.katalon.core.main.TestCaseExecutor.runScript(TestCaseExecutor.java:328)
	at com.kms.katalon.core.main.TestCaseExecutor.doExecute(TestCaseExecutor.java:319)
	at com.kms.katalon.core.main.TestCaseExecutor.processExecutionPhase(TestCaseExecutor.java:298)
	at com.kms.katalon.core.main.TestCaseExecutor.accessMainPhase(TestCaseExecutor.java:290)
	at com.kms.katalon.core.main.TestCaseExecutor.execute(TestCaseExecutor.java:224)
	at com.kms.katalon.core.main.TestCaseMain.runTestCase(TestCaseMain.java:106)
	at com.kms.katalon.core.keyword.builtin.CallTestCaseKeyword$_callTestCase_closure1.doCall(CallTestCaseKeyword.groovy:59)
	at com.kms.katalon.core.keyword.builtin.CallTestCaseKeyword$_callTestCase_closure1.call(CallTestCaseKeyword.groovy)
	at com.kms.katalon.core.keyword.internal.KeywordMain.runKeyword(KeywordMain.groovy:54)
	at com.kms.katalon.core.keyword.builtin.CallTestCaseKeyword.callTestCase(CallTestCaseKeyword.groovy:80)
	at com.kms.katalon.core.keyword.builtin.CallTestCaseKeyword.execute(CallTestCaseKeyword.groovy:44)
	at com.kms.katalon.core.keyword.internal.KeywordExecutor.executeKeywordForPlatform(KeywordExecutor.groovy:53)
	at com.kms.katalon.core.keyword.BuiltinKeywords.callTestCase(BuiltinKeywords.groovy:334)
	at Reject Application - JSA.run(Reject Application - JSA:16)
	at com.kms.katalon.core.main.ScriptEngine.run(ScriptEngine.java:194)
	at com.kms.katalon.core.main.ScriptEngine.runScriptAsRawText(ScriptEngine.java:119)
	at com.kms.katalon.core.main.TestCaseExecutor.runScript(TestCaseExecutor.java:328)
	at com.kms.katalon.core.main.TestCaseExecutor.doExecute(TestCaseExecutor.java:319)
	at com.kms.katalon.core.main.TestCaseExecutor.processExecutionPhase(TestCaseExecutor.java:298)
	at com.kms.katalon.core.main.TestCaseExecutor.accessMainPhase(TestCaseExecutor.java:290)
	at com.kms.katalon.core.main.TestCaseExecutor.execute(TestCaseExecutor.java:224)
	at com.kms.katalon.core.main.TestSuiteExecutor.accessTestCaseMainPhase(TestSuiteExecutor.java:129)
	at com.kms.katalon.core.main.TestSuiteExecutor.accessTestSuiteMainPhase(TestSuiteExecutor.java:112)
	at com.kms.katalon.core.main.TestSuiteExecutor.execute(TestSuiteExecutor.java:81)
	at com.kms.katalon.core.main.TestCaseMain.startTestSuite(TestCaseMain.java:149)
	at com.kms.katalon.core.main.TestCaseMain$startTestSuite$0.call(Unknown Source)
	at TempTestSuite1550476757023.run(TempTestSuite1550476757023.groovy:36)]]></system-out>
         <system-err><![CDATA[2019-02-18 16:29:58 - [TEST_CASE][FAILED] - Test Cases/All TC/Arranged/0. Full Flow/Reject Application - JSA: Test Cases/All TC/Arranged/0. Full Flow/Reject Application - JSA FAILED.
Reason:
com.kms.katalon.core.exception.StepFailedException: Unable to set text '10/01/2019' of object 'Object Repository/KeatMun/Form 7_default/OTC_Application_Reg/Page_PERKESO/11.Tarikh Terima_stampedDtS' (Root cause: com.kms.katalon.core.webui.exception.WebElementNotFoundException: Web element with id: 'Object Repository/KeatMun/Form 7_default/OTC_Application_Reg/Page_PERKESO/11.Tarikh Terima_stampedDtS' located by 'By.xpath: //input[@id = 'stampedDtStr' and @name = 'stampedDtStr' and @type = 'text']' not found)
	at com.kms.katalon.core.keyword.internal.KeywordMain.stepFailed(KeywordMain.groovy:36)
	at com.kms.katalon.core.webui.keyword.internal.WebUIKeywordMain.stepFailed(WebUIKeywordMain.groovy:65)
	at com.kms.katalon.core.webui.keyword.internal.WebUIKeywordMain.runKeyword(WebUIKeywordMain.groovy:27)
	at com.kms.katalon.core.webui.keyword.builtin.SetTextKeyword.setText(SetTextKeyword.groovy:65)
	at com.kms.katalon.core.webui.keyword.builtin.SetTextKeyword.execute(SetTextKeyword.groovy:37)
	at com.kms.katalon.core.keyword.internal.KeywordExecutor.executeKeywordForPlatform(KeywordExecutor.groovy:53)
	at com.kms.katalon.core.webui.keyword.WebUiBuiltInKeywords.setText(WebUiBuiltInKeywords.groovy:950)
	at com.kms.katalon.core.webui.keyword.WebUiBuiltInKeywords$setText$1.call(Unknown Source)
	at OTC_Application_Reg.run(OTC_Application_Reg:74)
	at com.kms.katalon.core.main.ScriptEngine.run(ScriptEngine.java:194)
	at com.kms.katalon.core.main.ScriptEngine.runScriptAsRawText(ScriptEngine.java:119)
	at com.kms.katalon.core.main.TestCaseExecutor.runScript(TestCaseExecutor.java:328)
	at com.kms.katalon.core.main.TestCaseExecutor.doExecute(TestCaseExecutor.java:319)
	at com.kms.katalon.core.main.TestCaseExecutor.processExecutionPhase(TestCaseExecutor.java:298)
	at com.kms.katalon.core.main.TestCaseExecutor.accessMainPhase(TestCaseExecutor.java:290)
	at com.kms.katalon.core.main.TestCaseExecutor.execute(TestCaseExecutor.java:224)
	at com.kms.katalon.core.main.TestCaseMain.runTestCase(TestCaseMain.java:106)
	at com.kms.katalon.core.keyword.builtin.CallTestCaseKeyword$_callTestCase_closure1.doCall(CallTestCaseKeyword.groovy:59)
	at com.kms.katalon.core.keyword.builtin.CallTestCaseKeyword$_callTestCase_closure1.call(CallTestCaseKeyword.groovy)
	at com.kms.katalon.core.keyword.internal.KeywordMain.runKeyword(KeywordMain.groovy:54)
	at com.kms.katalon.core.keyword.builtin.CallTestCaseKeyword.callTestCase(CallTestCaseKeyword.groovy:80)
	at com.kms.katalon.core.keyword.builtin.CallTestCaseKeyword.execute(CallTestCaseKeyword.groovy:44)
	at com.kms.katalon.core.keyword.internal.KeywordExecutor.executeKeywordForPlatform(KeywordExecutor.groovy:53)
	at com.kms.katalon.core.keyword.BuiltinKeywords.callTestCase(BuiltinKeywords.groovy:334)
	at OTC_Submit Form 7_End to End - Cheque.run(OTC_Submit Form 7_End to End - Cheque:16)
	at com.kms.katalon.core.main.ScriptEngine.run(ScriptEngine.java:194)
	at com.kms.katalon.core.main.ScriptEngine.runScriptAsRawText(ScriptEngine.java:119)
	at com.kms.katalon.core.main.TestCaseExecutor.runScript(TestCaseExecutor.java:328)
	at com.kms.katalon.core.main.TestCaseExecutor.doExecute(TestCaseExecutor.java:319)
	at com.kms.katalon.core.main.TestCaseExecutor.processExecutionPhase(TestCaseExecutor.java:298)
	at com.kms.katalon.core.main.TestCaseExecutor.accessMainPhase(TestCaseExecutor.java:290)
	at com.kms.katalon.core.main.TestCaseExecutor.execute(TestCaseExecutor.java:224)
	at com.kms.katalon.core.main.TestCaseMain.runTestCase(TestCaseMain.java:106)
	at com.kms.katalon.core.keyword.builtin.CallTestCaseKeyword$_callTestCase_closure1.doCall(CallTestCaseKeyword.groovy:59)
	at com.kms.katalon.core.keyword.builtin.CallTestCaseKeyword$_callTestCase_closure1.call(CallTestCaseKeyword.groovy)
	at com.kms.katalon.core.keyword.internal.KeywordMain.runKeyword(KeywordMain.groovy:54)
	at com.kms.katalon.core.keyword.builtin.CallTestCaseKeyword.callTestCase(CallTestCaseKeyword.groovy:80)
	at com.kms.katalon.core.keyword.builtin.CallTestCaseKeyword.execute(CallTestCaseKeyword.groovy:44)
	at com.kms.katalon.core.keyword.internal.KeywordExecutor.executeKeywordForPlatform(KeywordExecutor.groovy:53)
	at com.kms.katalon.core.keyword.BuiltinKeywords.callTestCase(BuiltinKeywords.groovy:334)
	at Reject Application - JSA.run(Reject Application - JSA:16)
	at com.kms.katalon.core.main.ScriptEngine.run(ScriptEngine.java:194)
	at com.kms.katalon.core.main.ScriptEngine.runScriptAsRawText(ScriptEngine.java:119)
	at com.kms.katalon.core.main.TestCaseExecutor.runScript(TestCaseExecutor.java:328)
	at com.kms.katalon.core.main.TestCaseExecutor.doExecute(TestCaseExecutor.java:319)
	at com.kms.katalon.core.main.TestCaseExecutor.processExecutionPhase(TestCaseExecutor.java:298)
	at com.kms.katalon.core.main.TestCaseExecutor.accessMainPhase(TestCaseExecutor.java:290)
	at com.kms.katalon.core.main.TestCaseExecutor.execute(TestCaseExecutor.java:224)
	at com.kms.katalon.core.main.TestSuiteExecutor.accessTestCaseMainPhase(TestSuiteExecutor.java:129)
	at com.kms.katalon.core.main.TestSuiteExecutor.accessTestSuiteMainPhase(TestSuiteExecutor.java:112)
	at com.kms.katalon.core.main.TestSuiteExecutor.execute(TestSuiteExecutor.java:81)
	at com.kms.katalon.core.main.TestCaseMain.startTestSuite(TestCaseMain.java:149)
	at com.kms.katalon.core.main.TestCaseMain$startTestSuite$0.call(Unknown Source)
	at TempTestSuite1550476757023.run(TempTestSuite1550476757023.groovy:36)]]></system-err>
      </testcase>
      <testcase name="Test Cases/All TC/Arranged/0. Full Flow/Query/Same branch - SEIO" classname="Test Cases/All TC/Arranged/0. Full Flow/Query/Same branch - SEIO" status="FAILED">
         <failure type="FAILED" message="Test Cases/All TC/Arranged/0. Full Flow/Query/Same branch - SEIO FAILED.
Reason:
com.kms.katalon.core.exception.StepFailedException: Unable to set text '10/01/2019' of object 'Object Repository/KeatMun/Form 7_default/OTC_Application_Reg/Page_PERKESO/11.Tarikh Terima_stampedDtS' (Root cause: com.kms.katalon.core.webui.exception.WebElementNotFoundException: Web element with id: 'Object Repository/KeatMun/Form 7_default/OTC_Application_Reg/Page_PERKESO/11.Tarikh Terima_stampedDtS' located by 'By.xpath: //input[@id = 'stampedDtStr' and @name = 'stampedDtStr' and @type = 'text']' not found)
	at com.kms.katalon.core.keyword.internal.KeywordMain.stepFailed(KeywordMain.groovy:36)
	at com.kms.katalon.core.webui.keyword.internal.WebUIKeywordMain.stepFailed(WebUIKeywordMain.groovy:65)
	at com.kms.katalon.core.webui.keyword.internal.WebUIKeywordMain.runKeyword(WebUIKeywordMain.groovy:27)
	at com.kms.katalon.core.webui.keyword.builtin.SetTextKeyword.setText(SetTextKeyword.groovy:65)
	at com.kms.katalon.core.webui.keyword.builtin.SetTextKeyword.execute(SetTextKeyword.groovy:37)
	at com.kms.katalon.core.keyword.internal.KeywordExecutor.executeKeywordForPlatform(KeywordExecutor.groovy:53)
	at com.kms.katalon.core.webui.keyword.WebUiBuiltInKeywords.setText(WebUiBuiltInKeywords.groovy:950)
	at com.kms.katalon.core.webui.keyword.WebUiBuiltInKeywords$setText$1.call(Unknown Source)
	at OTC_Application_Reg.run(OTC_Application_Reg:74)
	at com.kms.katalon.core.main.ScriptEngine.run(ScriptEngine.java:194)
	at com.kms.katalon.core.main.ScriptEngine.runScriptAsRawText(ScriptEngine.java:119)
	at com.kms.katalon.core.main.TestCaseExecutor.runScript(TestCaseExecutor.java:328)
	at com.kms.katalon.core.main.TestCaseExecutor.doExecute(TestCaseExecutor.java:319)
	at com.kms.katalon.core.main.TestCaseExecutor.processExecutionPhase(TestCaseExecutor.java:298)
	at com.kms.katalon.core.main.TestCaseExecutor.accessMainPhase(TestCaseExecutor.java:290)
	at com.kms.katalon.core.main.TestCaseExecutor.execute(TestCaseExecutor.java:224)
	at com.kms.katalon.core.main.TestCaseMain.runTestCase(TestCaseMain.java:106)
	at com.kms.katalon.core.keyword.builtin.CallTestCaseKeyword$_callTestCase_closure1.doCall(CallTestCaseKeyword.groovy:59)
	at com.kms.katalon.core.keyword.builtin.CallTestCaseKeyword$_callTestCase_closure1.call(CallTestCaseKeyword.groovy)
	at com.kms.katalon.core.keyword.internal.KeywordMain.runKeyword(KeywordMain.groovy:54)
	at com.kms.katalon.core.keyword.builtin.CallTestCaseKeyword.callTestCase(CallTestCaseKeyword.groovy:80)
	at com.kms.katalon.core.keyword.builtin.CallTestCaseKeyword.execute(CallTestCaseKeyword.groovy:44)
	at com.kms.katalon.core.keyword.internal.KeywordExecutor.executeKeywordForPlatform(KeywordExecutor.groovy:53)
	at com.kms.katalon.core.keyword.BuiltinKeywords.callTestCase(BuiltinKeywords.groovy:334)
	at OTC_Submit Form 7_End to End - Cheque.run(OTC_Submit Form 7_End to End - Cheque:16)
	at com.kms.katalon.core.main.ScriptEngine.run(ScriptEngine.java:194)
	at com.kms.katalon.core.main.ScriptEngine.runScriptAsRawText(ScriptEngine.java:119)
	at com.kms.katalon.core.main.TestCaseExecutor.runScript(TestCaseExecutor.java:328)
	at com.kms.katalon.core.main.TestCaseExecutor.doExecute(TestCaseExecutor.java:319)
	at com.kms.katalon.core.main.TestCaseExecutor.processExecutionPhase(TestCaseExecutor.java:298)
	at com.kms.katalon.core.main.TestCaseExecutor.accessMainPhase(TestCaseExecutor.java:290)
	at com.kms.katalon.core.main.TestCaseExecutor.execute(TestCaseExecutor.java:224)
	at com.kms.katalon.core.main.TestCaseMain.runTestCase(TestCaseMain.java:106)
	at com.kms.katalon.core.keyword.builtin.CallTestCaseKeyword$_callTestCase_closure1.doCall(CallTestCaseKeyword.groovy:59)
	at com.kms.katalon.core.keyword.builtin.CallTestCaseKeyword$_callTestCase_closure1.call(CallTestCaseKeyword.groovy)
	at com.kms.katalon.core.keyword.internal.KeywordMain.runKeyword(KeywordMain.groovy:54)
	at com.kms.katalon.core.keyword.builtin.CallTestCaseKeyword.callTestCase(CallTestCaseKeyword.groovy:80)
	at com.kms.katalon.core.keyword.builtin.CallTestCaseKeyword.execute(CallTestCaseKeyword.groovy:44)
	at com.kms.katalon.core.keyword.internal.KeywordExecutor.executeKeywordForPlatform(KeywordExecutor.groovy:53)
	at com.kms.katalon.core.keyword.BuiltinKeywords.callTestCase(BuiltinKeywords.groovy:334)
	at Same branch - SEIO.run(Same branch - SEIO:16)
	at com.kms.katalon.core.main.ScriptEngine.run(ScriptEngine.java:194)
	at com.kms.katalon.core.main.ScriptEngine.runScriptAsRawText(ScriptEngine.java:119)
	at com.kms.katalon.core.main.TestCaseExecutor.runScript(TestCaseExecutor.java:328)
	at com.kms.katalon.core.main.TestCaseExecutor.doExecute(TestCaseExecutor.java:319)
	at com.kms.katalon.core.main.TestCaseExecutor.processExecutionPhase(TestCaseExecutor.java:298)
	at com.kms.katalon.core.main.TestCaseExecutor.accessMainPhase(TestCaseExecutor.java:290)
	at com.kms.katalon.core.main.TestCaseExecutor.execute(TestCaseExecutor.java:224)
	at com.kms.katalon.core.main.TestSuiteExecutor.accessTestCaseMainPhase(TestSuiteExecutor.java:129)
	at com.kms.katalon.core.main.TestSuiteExecutor.accessTestSuiteMainPhase(TestSuiteExecutor.java:112)
	at com.kms.katalon.core.main.TestSuiteExecutor.execute(TestSuiteExecutor.java:81)
	at com.kms.katalon.core.main.TestCaseMain.startTestSuite(TestCaseMain.java:149)
	at com.kms.katalon.core.main.TestCaseMain$startTestSuite$0.call(Unknown Source)
	at TempTestSuite1550476757023.run(TempTestSuite1550476757023.groovy:36)
"/>
         <system-out><![CDATA[2019-02-18 16:31:49 - [TEST_CASE][FAILED] - Test Cases/All TC/Arranged/0. Full Flow/Query/Same branch - SEIO: Test Cases/All TC/Arranged/0. Full Flow/Query/Same branch - SEIO FAILED.
Reason:
com.kms.katalon.core.exception.StepFailedException: Unable to set text '10/01/2019' of object 'Object Repository/KeatMun/Form 7_default/OTC_Application_Reg/Page_PERKESO/11.Tarikh Terima_stampedDtS' (Root cause: com.kms.katalon.core.webui.exception.WebElementNotFoundException: Web element with id: 'Object Repository/KeatMun/Form 7_default/OTC_Application_Reg/Page_PERKESO/11.Tarikh Terima_stampedDtS' located by 'By.xpath: //input[@id = 'stampedDtStr' and @name = 'stampedDtStr' and @type = 'text']' not found)
	at com.kms.katalon.core.keyword.internal.KeywordMain.stepFailed(KeywordMain.groovy:36)
	at com.kms.katalon.core.webui.keyword.internal.WebUIKeywordMain.stepFailed(WebUIKeywordMain.groovy:65)
	at com.kms.katalon.core.webui.keyword.internal.WebUIKeywordMain.runKeyword(WebUIKeywordMain.groovy:27)
	at com.kms.katalon.core.webui.keyword.builtin.SetTextKeyword.setText(SetTextKeyword.groovy:65)
	at com.kms.katalon.core.webui.keyword.builtin.SetTextKeyword.execute(SetTextKeyword.groovy:37)
	at com.kms.katalon.core.keyword.internal.KeywordExecutor.executeKeywordForPlatform(KeywordExecutor.groovy:53)
	at com.kms.katalon.core.webui.keyword.WebUiBuiltInKeywords.setText(WebUiBuiltInKeywords.groovy:950)
	at com.kms.katalon.core.webui.keyword.WebUiBuiltInKeywords$setText$1.call(Unknown Source)
	at OTC_Application_Reg.run(OTC_Application_Reg:74)
	at com.kms.katalon.core.main.ScriptEngine.run(ScriptEngine.java:194)
	at com.kms.katalon.core.main.ScriptEngine.runScriptAsRawText(ScriptEngine.java:119)
	at com.kms.katalon.core.main.TestCaseExecutor.runScript(TestCaseExecutor.java:328)
	at com.kms.katalon.core.main.TestCaseExecutor.doExecute(TestCaseExecutor.java:319)
	at com.kms.katalon.core.main.TestCaseExecutor.processExecutionPhase(TestCaseExecutor.java:298)
	at com.kms.katalon.core.main.TestCaseExecutor.accessMainPhase(TestCaseExecutor.java:290)
	at com.kms.katalon.core.main.TestCaseExecutor.execute(TestCaseExecutor.java:224)
	at com.kms.katalon.core.main.TestCaseMain.runTestCase(TestCaseMain.java:106)
	at com.kms.katalon.core.keyword.builtin.CallTestCaseKeyword$_callTestCase_closure1.doCall(CallTestCaseKeyword.groovy:59)
	at com.kms.katalon.core.keyword.builtin.CallTestCaseKeyword$_callTestCase_closure1.call(CallTestCaseKeyword.groovy)
	at com.kms.katalon.core.keyword.internal.KeywordMain.runKeyword(KeywordMain.groovy:54)
	at com.kms.katalon.core.keyword.builtin.CallTestCaseKeyword.callTestCase(CallTestCaseKeyword.groovy:80)
	at com.kms.katalon.core.keyword.builtin.CallTestCaseKeyword.execute(CallTestCaseKeyword.groovy:44)
	at com.kms.katalon.core.keyword.internal.KeywordExecutor.executeKeywordForPlatform(KeywordExecutor.groovy:53)
	at com.kms.katalon.core.keyword.BuiltinKeywords.callTestCase(BuiltinKeywords.groovy:334)
	at OTC_Submit Form 7_End to End - Cheque.run(OTC_Submit Form 7_End to End - Cheque:16)
	at com.kms.katalon.core.main.ScriptEngine.run(ScriptEngine.java:194)
	at com.kms.katalon.core.main.ScriptEngine.runScriptAsRawText(ScriptEngine.java:119)
	at com.kms.katalon.core.main.TestCaseExecutor.runScript(TestCaseExecutor.java:328)
	at com.kms.katalon.core.main.TestCaseExecutor.doExecute(TestCaseExecutor.java:319)
	at com.kms.katalon.core.main.TestCaseExecutor.processExecutionPhase(TestCaseExecutor.java:298)
	at com.kms.katalon.core.main.TestCaseExecutor.accessMainPhase(TestCaseExecutor.java:290)
	at com.kms.katalon.core.main.TestCaseExecutor.execute(TestCaseExecutor.java:224)
	at com.kms.katalon.core.main.TestCaseMain.runTestCase(TestCaseMain.java:106)
	at com.kms.katalon.core.keyword.builtin.CallTestCaseKeyword$_callTestCase_closure1.doCall(CallTestCaseKeyword.groovy:59)
	at com.kms.katalon.core.keyword.builtin.CallTestCaseKeyword$_callTestCase_closure1.call(CallTestCaseKeyword.groovy)
	at com.kms.katalon.core.keyword.internal.KeywordMain.runKeyword(KeywordMain.groovy:54)
	at com.kms.katalon.core.keyword.builtin.CallTestCaseKeyword.callTestCase(CallTestCaseKeyword.groovy:80)
	at com.kms.katalon.core.keyword.builtin.CallTestCaseKeyword.execute(CallTestCaseKeyword.groovy:44)
	at com.kms.katalon.core.keyword.internal.KeywordExecutor.executeKeywordForPlatform(KeywordExecutor.groovy:53)
	at com.kms.katalon.core.keyword.BuiltinKeywords.callTestCase(BuiltinKeywords.groovy:334)
	at Same branch - SEIO.run(Same branch - SEIO:16)
	at com.kms.katalon.core.main.ScriptEngine.run(ScriptEngine.java:194)
	at com.kms.katalon.core.main.ScriptEngine.runScriptAsRawText(ScriptEngine.java:119)
	at com.kms.katalon.core.main.TestCaseExecutor.runScript(TestCaseExecutor.java:328)
	at com.kms.katalon.core.main.TestCaseExecutor.doExecute(TestCaseExecutor.java:319)
	at com.kms.katalon.core.main.TestCaseExecutor.processExecutionPhase(TestCaseExecutor.java:298)
	at com.kms.katalon.core.main.TestCaseExecutor.accessMainPhase(TestCaseExecutor.java:290)
	at com.kms.katalon.core.main.TestCaseExecutor.execute(TestCaseExecutor.java:224)
	at com.kms.katalon.core.main.TestSuiteExecutor.accessTestCaseMainPhase(TestSuiteExecutor.java:129)
	at com.kms.katalon.core.main.TestSuiteExecutor.accessTestSuiteMainPhase(TestSuiteExecutor.java:112)
	at com.kms.katalon.core.main.TestSuiteExecutor.execute(TestSuiteExecutor.java:81)
	at com.kms.katalon.core.main.TestCaseMain.startTestSuite(TestCaseMain.java:149)
	at com.kms.katalon.core.main.TestCaseMain$startTestSuite$0.call(Unknown Source)
	at TempTestSuite1550476757023.run(TempTestSuite1550476757023.groovy:36)


2019-02-18 16:31:49 - [TEST_STEP][FAILED] - callTestCase(findTestCase("All TC/Arranged/2. Segment/OTC_Submit Form 7_End to End - Cheque"), [:], STOP_ON_FAILURE): callTestCase(findTestCase("All TC/Arranged/2. Segment/OTC_Submit Form 7_End to End - Cheque"), [:], STOP_ON_FAILURE) FAILED.
Reason:
com.kms.katalon.core.exception.StepFailedException: Unable to set text '10/01/2019' of object 'Object Repository/KeatMun/Form 7_default/OTC_Application_Reg/Page_PERKESO/11.Tarikh Terima_stampedDtS' (Root cause: com.kms.katalon.core.webui.exception.WebElementNotFoundException: Web element with id: 'Object Repository/KeatMun/Form 7_default/OTC_Application_Reg/Page_PERKESO/11.Tarikh Terima_stampedDtS' located by 'By.xpath: //input[@id = 'stampedDtStr' and @name = 'stampedDtStr' and @type = 'text']' not found)
	at com.kms.katalon.core.keyword.internal.KeywordMain.stepFailed(KeywordMain.groovy:36)
	at com.kms.katalon.core.webui.keyword.internal.WebUIKeywordMain.stepFailed(WebUIKeywordMain.groovy:65)
	at com.kms.katalon.core.webui.keyword.internal.WebUIKeywordMain.runKeyword(WebUIKeywordMain.groovy:27)
	at com.kms.katalon.core.webui.keyword.builtin.SetTextKeyword.setText(SetTextKeyword.groovy:65)
	at com.kms.katalon.core.webui.keyword.builtin.SetTextKeyword.execute(SetTextKeyword.groovy:37)
	at com.kms.katalon.core.keyword.internal.KeywordExecutor.executeKeywordForPlatform(KeywordExecutor.groovy:53)
	at com.kms.katalon.core.webui.keyword.WebUiBuiltInKeywords.setText(WebUiBuiltInKeywords.groovy:950)
	at com.kms.katalon.core.webui.keyword.WebUiBuiltInKeywords$setText$1.call(Unknown Source)
	at OTC_Application_Reg.run(OTC_Application_Reg:74)
	at com.kms.katalon.core.main.ScriptEngine.run(ScriptEngine.java:194)
	at com.kms.katalon.core.main.ScriptEngine.runScriptAsRawText(ScriptEngine.java:119)
	at com.kms.katalon.core.main.TestCaseExecutor.runScript(TestCaseExecutor.java:328)
	at com.kms.katalon.core.main.TestCaseExecutor.doExecute(TestCaseExecutor.java:319)
	at com.kms.katalon.core.main.TestCaseExecutor.processExecutionPhase(TestCaseExecutor.java:298)
	at com.kms.katalon.core.main.TestCaseExecutor.accessMainPhase(TestCaseExecutor.java:290)
	at com.kms.katalon.core.main.TestCaseExecutor.execute(TestCaseExecutor.java:224)
	at com.kms.katalon.core.main.TestCaseMain.runTestCase(TestCaseMain.java:106)
	at com.kms.katalon.core.keyword.builtin.CallTestCaseKeyword$_callTestCase_closure1.doCall(CallTestCaseKeyword.groovy:59)
	at com.kms.katalon.core.keyword.builtin.CallTestCaseKeyword$_callTestCase_closure1.call(CallTestCaseKeyword.groovy)
	at com.kms.katalon.core.keyword.internal.KeywordMain.runKeyword(KeywordMain.groovy:54)
	at com.kms.katalon.core.keyword.builtin.CallTestCaseKeyword.callTestCase(CallTestCaseKeyword.groovy:80)
	at com.kms.katalon.core.keyword.builtin.CallTestCaseKeyword.execute(CallTestCaseKeyword.groovy:44)
	at com.kms.katalon.core.keyword.internal.KeywordExecutor.executeKeywordForPlatform(KeywordExecutor.groovy:53)
	at com.kms.katalon.core.keyword.BuiltinKeywords.callTestCase(BuiltinKeywords.groovy:334)
	at OTC_Submit Form 7_End to End - Cheque.run(OTC_Submit Form 7_End to End - Cheque:16)
	at com.kms.katalon.core.main.ScriptEngine.run(ScriptEngine.java:194)
	at com.kms.katalon.core.main.ScriptEngine.runScriptAsRawText(ScriptEngine.java:119)
	at com.kms.katalon.core.main.TestCaseExecutor.runScript(TestCaseExecutor.java:328)
	at com.kms.katalon.core.main.TestCaseExecutor.doExecute(TestCaseExecutor.java:319)
	at com.kms.katalon.core.main.TestCaseExecutor.processExecutionPhase(TestCaseExecutor.java:298)
	at com.kms.katalon.core.main.TestCaseExecutor.accessMainPhase(TestCaseExecutor.java:290)
	at com.kms.katalon.core.main.TestCaseExecutor.execute(TestCaseExecutor.java:224)
	at com.kms.katalon.core.main.TestCaseMain.runTestCase(TestCaseMain.java:106)
	at com.kms.katalon.core.keyword.builtin.CallTestCaseKeyword$_callTestCase_closure1.doCall(CallTestCaseKeyword.groovy:59)
	at com.kms.katalon.core.keyword.builtin.CallTestCaseKeyword$_callTestCase_closure1.call(CallTestCaseKeyword.groovy)
	at com.kms.katalon.core.keyword.internal.KeywordMain.runKeyword(KeywordMain.groovy:54)
	at com.kms.katalon.core.keyword.builtin.CallTestCaseKeyword.callTestCase(CallTestCaseKeyword.groovy:80)
	at com.kms.katalon.core.keyword.builtin.CallTestCaseKeyword.execute(CallTestCaseKeyword.groovy:44)
	at com.kms.katalon.core.keyword.internal.KeywordExecutor.executeKeywordForPlatform(KeywordExecutor.groovy:53)
	at com.kms.katalon.core.keyword.BuiltinKeywords.callTestCase(BuiltinKeywords.groovy:334)
	at Same branch - SEIO.run(Same branch - SEIO:16)
	at com.kms.katalon.core.main.ScriptEngine.run(ScriptEngine.java:194)
	at com.kms.katalon.core.main.ScriptEngine.runScriptAsRawText(ScriptEngine.java:119)
	at com.kms.katalon.core.main.TestCaseExecutor.runScript(TestCaseExecutor.java:328)
	at com.kms.katalon.core.main.TestCaseExecutor.doExecute(TestCaseExecutor.java:319)
	at com.kms.katalon.core.main.TestCaseExecutor.processExecutionPhase(TestCaseExecutor.java:298)
	at com.kms.katalon.core.main.TestCaseExecutor.accessMainPhase(TestCaseExecutor.java:290)
	at com.kms.katalon.core.main.TestCaseExecutor.execute(TestCaseExecutor.java:224)
	at com.kms.katalon.core.main.TestSuiteExecutor.accessTestCaseMainPhase(TestSuiteExecutor.java:129)
	at com.kms.katalon.core.main.TestSuiteExecutor.accessTestSuiteMainPhase(TestSuiteExecutor.java:112)
	at com.kms.katalon.core.main.TestSuiteExecutor.execute(TestSuiteExecutor.java:81)
	at com.kms.katalon.core.main.TestCaseMain.startTestSuite(TestCaseMain.java:149)
	at com.kms.katalon.core.main.TestCaseMain$startTestSuite$0.call(Unknown Source)
	at TempTestSuite1550476757023.run(TempTestSuite1550476757023.groovy:36)


2019-02-18 16:31:49 - [TEST_CASE][FAILED] - Test Cases/All TC/Arranged/2. Segment/OTC_Submit Form 7_End to End - Cheque: Test Cases/All TC/Arranged/2. Segment/OTC_Submit Form 7_End to End - Cheque FAILED.
Reason:
com.kms.katalon.core.exception.StepFailedException: Unable to set text '10/01/2019' of object 'Object Repository/KeatMun/Form 7_default/OTC_Application_Reg/Page_PERKESO/11.Tarikh Terima_stampedDtS' (Root cause: com.kms.katalon.core.webui.exception.WebElementNotFoundException: Web element with id: 'Object Repository/KeatMun/Form 7_default/OTC_Application_Reg/Page_PERKESO/11.Tarikh Terima_stampedDtS' located by 'By.xpath: //input[@id = 'stampedDtStr' and @name = 'stampedDtStr' and @type = 'text']' not found)
	at com.kms.katalon.core.keyword.internal.KeywordMain.stepFailed(KeywordMain.groovy:36)
	at com.kms.katalon.core.webui.keyword.internal.WebUIKeywordMain.stepFailed(WebUIKeywordMain.groovy:65)
	at com.kms.katalon.core.webui.keyword.internal.WebUIKeywordMain.runKeyword(WebUIKeywordMain.groovy:27)
	at com.kms.katalon.core.webui.keyword.builtin.SetTextKeyword.setText(SetTextKeyword.groovy:65)
	at com.kms.katalon.core.webui.keyword.builtin.SetTextKeyword.execute(SetTextKeyword.groovy:37)
	at com.kms.katalon.core.keyword.internal.KeywordExecutor.executeKeywordForPlatform(KeywordExecutor.groovy:53)
	at com.kms.katalon.core.webui.keyword.WebUiBuiltInKeywords.setText(WebUiBuiltInKeywords.groovy:950)
	at com.kms.katalon.core.webui.keyword.WebUiBuiltInKeywords$setText$1.call(Unknown Source)
	at OTC_Application_Reg.run(OTC_Application_Reg:74)
	at com.kms.katalon.core.main.ScriptEngine.run(ScriptEngine.java:194)
	at com.kms.katalon.core.main.ScriptEngine.runScriptAsRawText(ScriptEngine.java:119)
	at com.kms.katalon.core.main.TestCaseExecutor.runScript(TestCaseExecutor.java:328)
	at com.kms.katalon.core.main.TestCaseExecutor.doExecute(TestCaseExecutor.java:319)
	at com.kms.katalon.core.main.TestCaseExecutor.processExecutionPhase(TestCaseExecutor.java:298)
	at com.kms.katalon.core.main.TestCaseExecutor.accessMainPhase(TestCaseExecutor.java:290)
	at com.kms.katalon.core.main.TestCaseExecutor.execute(TestCaseExecutor.java:224)
	at com.kms.katalon.core.main.TestCaseMain.runTestCase(TestCaseMain.java:106)
	at com.kms.katalon.core.keyword.builtin.CallTestCaseKeyword$_callTestCase_closure1.doCall(CallTestCaseKeyword.groovy:59)
	at com.kms.katalon.core.keyword.builtin.CallTestCaseKeyword$_callTestCase_closure1.call(CallTestCaseKeyword.groovy)
	at com.kms.katalon.core.keyword.internal.KeywordMain.runKeyword(KeywordMain.groovy:54)
	at com.kms.katalon.core.keyword.builtin.CallTestCaseKeyword.callTestCase(CallTestCaseKeyword.groovy:80)
	at com.kms.katalon.core.keyword.builtin.CallTestCaseKeyword.execute(CallTestCaseKeyword.groovy:44)
	at com.kms.katalon.core.keyword.internal.KeywordExecutor.executeKeywordForPlatform(KeywordExecutor.groovy:53)
	at com.kms.katalon.core.keyword.BuiltinKeywords.callTestCase(BuiltinKeywords.groovy:334)
	at OTC_Submit Form 7_End to End - Cheque.run(OTC_Submit Form 7_End to End - Cheque:16)
	at com.kms.katalon.core.main.ScriptEngine.run(ScriptEngine.java:194)
	at com.kms.katalon.core.main.ScriptEngine.runScriptAsRawText(ScriptEngine.java:119)
	at com.kms.katalon.core.main.TestCaseExecutor.runScript(TestCaseExecutor.java:328)
	at com.kms.katalon.core.main.TestCaseExecutor.doExecute(TestCaseExecutor.java:319)
	at com.kms.katalon.core.main.TestCaseExecutor.processExecutionPhase(TestCaseExecutor.java:298)
	at com.kms.katalon.core.main.TestCaseExecutor.accessMainPhase(TestCaseExecutor.java:290)
	at com.kms.katalon.core.main.TestCaseExecutor.execute(TestCaseExecutor.java:224)
	at com.kms.katalon.core.main.TestCaseMain.runTestCase(TestCaseMain.java:106)
	at com.kms.katalon.core.keyword.builtin.CallTestCaseKeyword$_callTestCase_closure1.doCall(CallTestCaseKeyword.groovy:59)
	at com.kms.katalon.core.keyword.builtin.CallTestCaseKeyword$_callTestCase_closure1.call(CallTestCaseKeyword.groovy)
	at com.kms.katalon.core.keyword.internal.KeywordMain.runKeyword(KeywordMain.groovy:54)
	at com.kms.katalon.core.keyword.builtin.CallTestCaseKeyword.callTestCase(CallTestCaseKeyword.groovy:80)
	at com.kms.katalon.core.keyword.builtin.CallTestCaseKeyword.execute(CallTestCaseKeyword.groovy:44)
	at com.kms.katalon.core.keyword.internal.KeywordExecutor.executeKeywordForPlatform(KeywordExecutor.groovy:53)
	at com.kms.katalon.core.keyword.BuiltinKeywords.callTestCase(BuiltinKeywords.groovy:334)
	at Same branch - SEIO.run(Same branch - SEIO:16)
	at com.kms.katalon.core.main.ScriptEngine.run(ScriptEngine.java:194)
	at com.kms.katalon.core.main.ScriptEngine.runScriptAsRawText(ScriptEngine.java:119)
	at com.kms.katalon.core.main.TestCaseExecutor.runScript(TestCaseExecutor.java:328)
	at com.kms.katalon.core.main.TestCaseExecutor.doExecute(TestCaseExecutor.java:319)
	at com.kms.katalon.core.main.TestCaseExecutor.processExecutionPhase(TestCaseExecutor.java:298)
	at com.kms.katalon.core.main.TestCaseExecutor.accessMainPhase(TestCaseExecutor.java:290)
	at com.kms.katalon.core.main.TestCaseExecutor.execute(TestCaseExecutor.java:224)
	at com.kms.katalon.core.main.TestSuiteExecutor.accessTestCaseMainPhase(TestSuiteExecutor.java:129)
	at com.kms.katalon.core.main.TestSuiteExecutor.accessTestSuiteMainPhase(TestSuiteExecutor.java:112)
	at com.kms.katalon.core.main.TestSuiteExecutor.execute(TestSuiteExecutor.java:81)
	at com.kms.katalon.core.main.TestCaseMain.startTestSuite(TestCaseMain.java:149)
	at com.kms.katalon.core.main.TestCaseMain$startTestSuite$0.call(Unknown Source)
	at TempTestSuite1550476757023.run(TempTestSuite1550476757023.groovy:36)


2019-02-18 16:31:49 - [TEST_STEP][FAILED] - callTestCase(findTestCase("All TC/Arranged/3. Unit/EI/Form 7_default/OTC_Application_Reg"), [:], STOP_ON_FAILURE): callTestCase(findTestCase("All TC/Arranged/3. Unit/EI/Form 7_default/OTC_Application_Reg"), [:], STOP_ON_FAILURE) FAILED.
Reason:
com.kms.katalon.core.exception.StepFailedException: Unable to set text '10/01/2019' of object 'Object Repository/KeatMun/Form 7_default/OTC_Application_Reg/Page_PERKESO/11.Tarikh Terima_stampedDtS' (Root cause: com.kms.katalon.core.webui.exception.WebElementNotFoundException: Web element with id: 'Object Repository/KeatMun/Form 7_default/OTC_Application_Reg/Page_PERKESO/11.Tarikh Terima_stampedDtS' located by 'By.xpath: //input[@id = 'stampedDtStr' and @name = 'stampedDtStr' and @type = 'text']' not found)
	at com.kms.katalon.core.keyword.internal.KeywordMain.stepFailed(KeywordMain.groovy:36)
	at com.kms.katalon.core.webui.keyword.internal.WebUIKeywordMain.stepFailed(WebUIKeywordMain.groovy:65)
	at com.kms.katalon.core.webui.keyword.internal.WebUIKeywordMain.runKeyword(WebUIKeywordMain.groovy:27)
	at com.kms.katalon.core.webui.keyword.builtin.SetTextKeyword.setText(SetTextKeyword.groovy:65)
	at com.kms.katalon.core.webui.keyword.builtin.SetTextKeyword.execute(SetTextKeyword.groovy:37)
	at com.kms.katalon.core.keyword.internal.KeywordExecutor.executeKeywordForPlatform(KeywordExecutor.groovy:53)
	at com.kms.katalon.core.webui.keyword.WebUiBuiltInKeywords.setText(WebUiBuiltInKeywords.groovy:950)
	at com.kms.katalon.core.webui.keyword.WebUiBuiltInKeywords$setText$1.call(Unknown Source)
	at OTC_Application_Reg.run(OTC_Application_Reg:74)
	at com.kms.katalon.core.main.ScriptEngine.run(ScriptEngine.java:194)
	at com.kms.katalon.core.main.ScriptEngine.runScriptAsRawText(ScriptEngine.java:119)
	at com.kms.katalon.core.main.TestCaseExecutor.runScript(TestCaseExecutor.java:328)
	at com.kms.katalon.core.main.TestCaseExecutor.doExecute(TestCaseExecutor.java:319)
	at com.kms.katalon.core.main.TestCaseExecutor.processExecutionPhase(TestCaseExecutor.java:298)
	at com.kms.katalon.core.main.TestCaseExecutor.accessMainPhase(TestCaseExecutor.java:290)
	at com.kms.katalon.core.main.TestCaseExecutor.execute(TestCaseExecutor.java:224)
	at com.kms.katalon.core.main.TestCaseMain.runTestCase(TestCaseMain.java:106)
	at com.kms.katalon.core.keyword.builtin.CallTestCaseKeyword$_callTestCase_closure1.doCall(CallTestCaseKeyword.groovy:59)
	at com.kms.katalon.core.keyword.builtin.CallTestCaseKeyword$_callTestCase_closure1.call(CallTestCaseKeyword.groovy)
	at com.kms.katalon.core.keyword.internal.KeywordMain.runKeyword(KeywordMain.groovy:54)
	at com.kms.katalon.core.keyword.builtin.CallTestCaseKeyword.callTestCase(CallTestCaseKeyword.groovy:80)
	at com.kms.katalon.core.keyword.builtin.CallTestCaseKeyword.execute(CallTestCaseKeyword.groovy:44)
	at com.kms.katalon.core.keyword.internal.KeywordExecutor.executeKeywordForPlatform(KeywordExecutor.groovy:53)
	at com.kms.katalon.core.keyword.BuiltinKeywords.callTestCase(BuiltinKeywords.groovy:334)
	at OTC_Submit Form 7_End to End - Cheque.run(OTC_Submit Form 7_End to End - Cheque:16)
	at com.kms.katalon.core.main.ScriptEngine.run(ScriptEngine.java:194)
	at com.kms.katalon.core.main.ScriptEngine.runScriptAsRawText(ScriptEngine.java:119)
	at com.kms.katalon.core.main.TestCaseExecutor.runScript(TestCaseExecutor.java:328)
	at com.kms.katalon.core.main.TestCaseExecutor.doExecute(TestCaseExecutor.java:319)
	at com.kms.katalon.core.main.TestCaseExecutor.processExecutionPhase(TestCaseExecutor.java:298)
	at com.kms.katalon.core.main.TestCaseExecutor.accessMainPhase(TestCaseExecutor.java:290)
	at com.kms.katalon.core.main.TestCaseExecutor.execute(TestCaseExecutor.java:224)
	at com.kms.katalon.core.main.TestCaseMain.runTestCase(TestCaseMain.java:106)
	at com.kms.katalon.core.keyword.builtin.CallTestCaseKeyword$_callTestCase_closure1.doCall(CallTestCaseKeyword.groovy:59)
	at com.kms.katalon.core.keyword.builtin.CallTestCaseKeyword$_callTestCase_closure1.call(CallTestCaseKeyword.groovy)
	at com.kms.katalon.core.keyword.internal.KeywordMain.runKeyword(KeywordMain.groovy:54)
	at com.kms.katalon.core.keyword.builtin.CallTestCaseKeyword.callTestCase(CallTestCaseKeyword.groovy:80)
	at com.kms.katalon.core.keyword.builtin.CallTestCaseKeyword.execute(CallTestCaseKeyword.groovy:44)
	at com.kms.katalon.core.keyword.internal.KeywordExecutor.executeKeywordForPlatform(KeywordExecutor.groovy:53)
	at com.kms.katalon.core.keyword.BuiltinKeywords.callTestCase(BuiltinKeywords.groovy:334)
	at Same branch - SEIO.run(Same branch - SEIO:16)
	at com.kms.katalon.core.main.ScriptEngine.run(ScriptEngine.java:194)
	at com.kms.katalon.core.main.ScriptEngine.runScriptAsRawText(ScriptEngine.java:119)
	at com.kms.katalon.core.main.TestCaseExecutor.runScript(TestCaseExecutor.java:328)
	at com.kms.katalon.core.main.TestCaseExecutor.doExecute(TestCaseExecutor.java:319)
	at com.kms.katalon.core.main.TestCaseExecutor.processExecutionPhase(TestCaseExecutor.java:298)
	at com.kms.katalon.core.main.TestCaseExecutor.accessMainPhase(TestCaseExecutor.java:290)
	at com.kms.katalon.core.main.TestCaseExecutor.execute(TestCaseExecutor.java:224)
	at com.kms.katalon.core.main.TestSuiteExecutor.accessTestCaseMainPhase(TestSuiteExecutor.java:129)
	at com.kms.katalon.core.main.TestSuiteExecutor.accessTestSuiteMainPhase(TestSuiteExecutor.java:112)
	at com.kms.katalon.core.main.TestSuiteExecutor.execute(TestSuiteExecutor.java:81)
	at com.kms.katalon.core.main.TestCaseMain.startTestSuite(TestCaseMain.java:149)
	at com.kms.katalon.core.main.TestCaseMain$startTestSuite$0.call(Unknown Source)
	at TempTestSuite1550476757023.run(TempTestSuite1550476757023.groovy:36)


2019-02-18 16:31:49 - [TEST_CASE][FAILED] - Test Cases/All TC/Arranged/3. Unit/EI/Form 7_default/OTC_Application_Reg: Test Cases/All TC/Arranged/3. Unit/EI/Form 7_default/OTC_Application_Reg FAILED.
Reason:
com.kms.katalon.core.exception.StepFailedException: Unable to set text '10/01/2019' of object 'Object Repository/KeatMun/Form 7_default/OTC_Application_Reg/Page_PERKESO/11.Tarikh Terima_stampedDtS' (Root cause: com.kms.katalon.core.webui.exception.WebElementNotFoundException: Web element with id: 'Object Repository/KeatMun/Form 7_default/OTC_Application_Reg/Page_PERKESO/11.Tarikh Terima_stampedDtS' located by 'By.xpath: //input[@id = 'stampedDtStr' and @name = 'stampedDtStr' and @type = 'text']' not found)
	at com.kms.katalon.core.keyword.internal.KeywordMain.stepFailed(KeywordMain.groovy:36)
	at com.kms.katalon.core.webui.keyword.internal.WebUIKeywordMain.stepFailed(WebUIKeywordMain.groovy:65)
	at com.kms.katalon.core.webui.keyword.internal.WebUIKeywordMain.runKeyword(WebUIKeywordMain.groovy:27)
	at com.kms.katalon.core.webui.keyword.builtin.SetTextKeyword.setText(SetTextKeyword.groovy:65)
	at com.kms.katalon.core.webui.keyword.builtin.SetTextKeyword.execute(SetTextKeyword.groovy:37)
	at com.kms.katalon.core.keyword.internal.KeywordExecutor.executeKeywordForPlatform(KeywordExecutor.groovy:53)
	at com.kms.katalon.core.webui.keyword.WebUiBuiltInKeywords.setText(WebUiBuiltInKeywords.groovy:950)
	at com.kms.katalon.core.webui.keyword.WebUiBuiltInKeywords$setText$1.call(Unknown Source)
	at OTC_Application_Reg.run(OTC_Application_Reg:74)
	at com.kms.katalon.core.main.ScriptEngine.run(ScriptEngine.java:194)
	at com.kms.katalon.core.main.ScriptEngine.runScriptAsRawText(ScriptEngine.java:119)
	at com.kms.katalon.core.main.TestCaseExecutor.runScript(TestCaseExecutor.java:328)
	at com.kms.katalon.core.main.TestCaseExecutor.doExecute(TestCaseExecutor.java:319)
	at com.kms.katalon.core.main.TestCaseExecutor.processExecutionPhase(TestCaseExecutor.java:298)
	at com.kms.katalon.core.main.TestCaseExecutor.accessMainPhase(TestCaseExecutor.java:290)
	at com.kms.katalon.core.main.TestCaseExecutor.execute(TestCaseExecutor.java:224)
	at com.kms.katalon.core.main.TestCaseMain.runTestCase(TestCaseMain.java:106)
	at com.kms.katalon.core.keyword.builtin.CallTestCaseKeyword$_callTestCase_closure1.doCall(CallTestCaseKeyword.groovy:59)
	at com.kms.katalon.core.keyword.builtin.CallTestCaseKeyword$_callTestCase_closure1.call(CallTestCaseKeyword.groovy)
	at com.kms.katalon.core.keyword.internal.KeywordMain.runKeyword(KeywordMain.groovy:54)
	at com.kms.katalon.core.keyword.builtin.CallTestCaseKeyword.callTestCase(CallTestCaseKeyword.groovy:80)
	at com.kms.katalon.core.keyword.builtin.CallTestCaseKeyword.execute(CallTestCaseKeyword.groovy:44)
	at com.kms.katalon.core.keyword.internal.KeywordExecutor.executeKeywordForPlatform(KeywordExecutor.groovy:53)
	at com.kms.katalon.core.keyword.BuiltinKeywords.callTestCase(BuiltinKeywords.groovy:334)
	at OTC_Submit Form 7_End to End - Cheque.run(OTC_Submit Form 7_End to End - Cheque:16)
	at com.kms.katalon.core.main.ScriptEngine.run(ScriptEngine.java:194)
	at com.kms.katalon.core.main.ScriptEngine.runScriptAsRawText(ScriptEngine.java:119)
	at com.kms.katalon.core.main.TestCaseExecutor.runScript(TestCaseExecutor.java:328)
	at com.kms.katalon.core.main.TestCaseExecutor.doExecute(TestCaseExecutor.java:319)
	at com.kms.katalon.core.main.TestCaseExecutor.processExecutionPhase(TestCaseExecutor.java:298)
	at com.kms.katalon.core.main.TestCaseExecutor.accessMainPhase(TestCaseExecutor.java:290)
	at com.kms.katalon.core.main.TestCaseExecutor.execute(TestCaseExecutor.java:224)
	at com.kms.katalon.core.main.TestCaseMain.runTestCase(TestCaseMain.java:106)
	at com.kms.katalon.core.keyword.builtin.CallTestCaseKeyword$_callTestCase_closure1.doCall(CallTestCaseKeyword.groovy:59)
	at com.kms.katalon.core.keyword.builtin.CallTestCaseKeyword$_callTestCase_closure1.call(CallTestCaseKeyword.groovy)
	at com.kms.katalon.core.keyword.internal.KeywordMain.runKeyword(KeywordMain.groovy:54)
	at com.kms.katalon.core.keyword.builtin.CallTestCaseKeyword.callTestCase(CallTestCaseKeyword.groovy:80)
	at com.kms.katalon.core.keyword.builtin.CallTestCaseKeyword.execute(CallTestCaseKeyword.groovy:44)
	at com.kms.katalon.core.keyword.internal.KeywordExecutor.executeKeywordForPlatform(KeywordExecutor.groovy:53)
	at com.kms.katalon.core.keyword.BuiltinKeywords.callTestCase(BuiltinKeywords.groovy:334)
	at Same branch - SEIO.run(Same branch - SEIO:16)
	at com.kms.katalon.core.main.ScriptEngine.run(ScriptEngine.java:194)
	at com.kms.katalon.core.main.ScriptEngine.runScriptAsRawText(ScriptEngine.java:119)
	at com.kms.katalon.core.main.TestCaseExecutor.runScript(TestCaseExecutor.java:328)
	at com.kms.katalon.core.main.TestCaseExecutor.doExecute(TestCaseExecutor.java:319)
	at com.kms.katalon.core.main.TestCaseExecutor.processExecutionPhase(TestCaseExecutor.java:298)
	at com.kms.katalon.core.main.TestCaseExecutor.accessMainPhase(TestCaseExecutor.java:290)
	at com.kms.katalon.core.main.TestCaseExecutor.execute(TestCaseExecutor.java:224)
	at com.kms.katalon.core.main.TestSuiteExecutor.accessTestCaseMainPhase(TestSuiteExecutor.java:129)
	at com.kms.katalon.core.main.TestSuiteExecutor.accessTestSuiteMainPhase(TestSuiteExecutor.java:112)
	at com.kms.katalon.core.main.TestSuiteExecutor.execute(TestSuiteExecutor.java:81)
	at com.kms.katalon.core.main.TestCaseMain.startTestSuite(TestCaseMain.java:149)
	at com.kms.katalon.core.main.TestCaseMain$startTestSuite$0.call(Unknown Source)
	at TempTestSuite1550476757023.run(TempTestSuite1550476757023.groovy:36)


2019-02-18 16:31:49 - [TEST_STEP][PASSED] - openBrowser(""): Browser is opened with url: ''

2019-02-18 16:31:49 - [MESSAGE][WARNING] - A browser is already opened. Closing browser and opening a new one

2019-02-18 16:31:51 - [MESSAGE][INFO] - Starting 'Chrome' driver

2019-02-18 16:31:51 - [MESSAGE][INFO] - User set preference: ['args', '[--start-maximized]']

2019-02-18 16:31:55 - [MESSAGE][PASSED] - Browser is opened with url: ''

2019-02-18 16:31:55 - [TEST_STEP][PASSED] - navigateToUrl(Internal_Login): Navigate to 'http://10.20.24.188/eisportal/user/login' successfully

2019-02-18 16:31:57 - [MESSAGE][PASSED] - Navigate to 'http://10.20.24.188/eisportal/user/login' successfully

2019-02-18 16:31:57 - [TEST_STEP][PASSED] - delay(3): Delayed 3 second(s)

2019-02-18 16:32:00 - [MESSAGE][PASSED] - Delayed 3 second(s)

2019-02-18 16:32:00 - [TEST_STEP][PASSED] - setText(findTestObject("KeatMun/Form 7_default/OTC_Application_Reg/Page_PERKESO/1.username"), "faizal.hamid@perkeso.gov.my"): Text 'faizal.hamid@perkeso.gov.my' is set on object 'Object Repository/KeatMun/Form 7_default/OTC_Application_Reg/Page_PERKESO/1.username'

2019-02-18 16:32:04 - [MESSAGE][PASSED] - Text 'faizal.hamid@perkeso.gov.my' is set on object 'Object Repository/KeatMun/Form 7_default/OTC_Application_Reg/Page_PERKESO/1.username'

2019-02-18 16:32:04 - [TEST_STEP][PASSED] - delay(1): Delayed 1 second(s)

2019-02-18 16:32:05 - [MESSAGE][PASSED] - Delayed 1 second(s)

2019-02-18 16:32:05 - [TEST_STEP][PASSED] - setEncryptedText(findTestObject("KeatMun/Form 7_default/OTC_Application_Reg/Page_PERKESO/2.password"), "CQqwFZlbeC8="): Text ****** has been set on object 'Object Repository/KeatMun/Form 7_default/OTC_Application_Reg/Page_PERKESO/2.password'

2019-02-18 16:32:09 - [MESSAGE][PASSED] - Text ****** has been set on object 'Object Repository/KeatMun/Form 7_default/OTC_Application_Reg/Page_PERKESO/2.password'

2019-02-18 16:32:09 - [TEST_STEP][PASSED] - delay(2): Delayed 2 second(s)

2019-02-18 16:32:11 - [MESSAGE][PASSED] - Delayed 2 second(s)

2019-02-18 16:32:11 - [TEST_STEP][PASSED] - click(findTestObject("KeatMun/Form 7_default/OTC_Application_Reg/Page_PERKESO/3.login button")): Object: 'Object Repository/KeatMun/Form 7_default/OTC_Application_Reg/Page_PERKESO/3.login button' is clicked on

2019-02-18 16:32:14 - [MESSAGE][PASSED] - Object: 'Object Repository/KeatMun/Form 7_default/OTC_Application_Reg/Page_PERKESO/3.login button' is clicked on

2019-02-18 16:32:14 - [TEST_STEP][PASSED] - delay(2): Delayed 2 second(s)

2019-02-18 16:32:16 - [MESSAGE][PASSED] - Delayed 2 second(s)

2019-02-18 16:32:16 - [TEST_STEP][PASSED] - click(findTestObject("KeatMun/Form 7_default/OTC_Application_Reg/Page_PERKESO/4. Permohonan tab")): Object: 'Object Repository/KeatMun/Form 7_default/OTC_Application_Reg/Page_PERKESO/4. Permohonan tab' is clicked on

2019-02-18 16:32:18 - [MESSAGE][PASSED] - Object: 'Object Repository/KeatMun/Form 7_default/OTC_Application_Reg/Page_PERKESO/4. Permohonan tab' is clicked on

2019-02-18 16:32:18 - [TEST_STEP][PASSED] - delay(2): Delayed 2 second(s)

2019-02-18 16:32:20 - [MESSAGE][PASSED] - Delayed 2 second(s)

2019-02-18 16:32:20 - [TEST_STEP][PASSED] - click(findTestObject("KeatMun/Form 7_default/OTC_Application_Reg/Page_PERKESO/5.button_Setuju")): Object: 'Object Repository/KeatMun/Form 7_default/OTC_Application_Reg/Page_PERKESO/5.button_Setuju' is clicked on

2019-02-18 16:32:23 - [MESSAGE][PASSED] - Object: 'Object Repository/KeatMun/Form 7_default/OTC_Application_Reg/Page_PERKESO/5.button_Setuju' is clicked on

2019-02-18 16:32:23 - [TEST_STEP][PASSED] - delay(2): Delayed 2 second(s)

2019-02-18 16:32:25 - [MESSAGE][PASSED] - Delayed 2 second(s)

2019-02-18 16:32:25 - [TEST_STEP][PASSED] - IC = "950000140036": null

2019-02-18 16:32:25 - [TEST_STEP][PASSED] - setText(findTestObject("KeatMun/Form 7_default/OTC_Application_Reg/Page_PERKESO/6.No. Kad Pengenalan"), IC): Text '950000140036' is set on object 'Object Repository/KeatMun/Form 7_default/OTC_Application_Reg/Page_PERKESO/6.No. Kad Pengenalan'

2019-02-18 16:32:29 - [MESSAGE][PASSED] - Text '950000140036' is set on object 'Object Repository/KeatMun/Form 7_default/OTC_Application_Reg/Page_PERKESO/6.No. Kad Pengenalan'

2019-02-18 16:32:29 - [TEST_STEP][PASSED] - callTestCase(findTestCase("All TC/Arranged/1. Common/1.2 Setter/Setter IC"), [:], STOP_ON_FAILURE): Call Test Case 'Test Cases/All TC/Arranged/1. Common/1.2 Setter/Setter IC' successfully

2019-02-18 16:32:29 - [TEST_CASE][PASSED] - Test Cases/All TC/Arranged/1. Common/1.2 Setter/Setter IC: Test Cases/All TC/Arranged/1. Common/1.2 Setter/Setter IC

2019-02-18 16:32:29 - [TEST_STEP][PASSED] - RefNoOldFile = new java.io.File((internal.GlobalVariable.TextFilePathCommon + \getIC.txt)): null

2019-02-18 16:32:29 - [TEST_STEP][PASSED] - RefNoOldFile.delete(): null

2019-02-18 16:32:29 - [TEST_STEP][PASSED] - delay(5): Delayed 5 second(s)

2019-02-18 16:32:34 - [MESSAGE][PASSED] - Delayed 5 second(s)

2019-02-18 16:32:34 - [TEST_STEP][PASSED] - RefNo = new java.io.File((internal.GlobalVariable.TextFilePathCommon + \getIC.txt)): null

2019-02-18 16:32:34 - [TEST_STEP][PASSED] - f2 = new java.io.FileWriter(RefNo, false): null

2019-02-18 16:32:34 - [TEST_STEP][PASSED] - f2.write(IC): null

2019-02-18 16:32:34 - [TEST_STEP][PASSED] - f2.close(): null

2019-02-18 16:32:34 - [TEST_STEP][PASSED] - out.println("


" + IC + "


"): null

2019-02-18 16:32:34 - [MESSAGE][PASSED] - Call Test Case 'Test Cases/All TC/Arranged/1. Common/1.2 Setter/Setter IC' successfully

2019-02-18 16:32:34 - [TEST_STEP][PASSED] - delay(2): Delayed 2 second(s)

2019-02-18 16:32:36 - [MESSAGE][PASSED] - Delayed 2 second(s)

2019-02-18 16:32:36 - [TEST_STEP][PASSED] - click(findTestObject("KeatMun/Form 7_default/OTC_Application_Reg/Page_PERKESO/7.button_Semak")): Object: 'Object Repository/KeatMun/Form 7_default/OTC_Application_Reg/Page_PERKESO/7.button_Semak' is clicked on

2019-02-18 16:32:39 - [MESSAGE][PASSED] - Object: 'Object Repository/KeatMun/Form 7_default/OTC_Application_Reg/Page_PERKESO/7.button_Semak' is clicked on

2019-02-18 16:32:39 - [TEST_STEP][PASSED] - delay(4): Delayed 4 second(s)

2019-02-18 16:32:43 - [MESSAGE][PASSED] - Delayed 4 second(s)

2019-02-18 16:32:43 - [TEST_STEP][PASSED] - click(findTestObject("KeatMun/Form 7_default/OTC_Application_Reg/Page_PERKESO/8. Nama Majikan Dropdown")): Object: 'Object Repository/KeatMun/Form 7_default/OTC_Application_Reg/Page_PERKESO/8. Nama Majikan Dropdown' is clicked on

2019-02-18 16:32:45 - [MESSAGE][PASSED] - Object: 'Object Repository/KeatMun/Form 7_default/OTC_Application_Reg/Page_PERKESO/8. Nama Majikan Dropdown' is clicked on

2019-02-18 16:32:45 - [TEST_STEP][PASSED] - setText(findTestObject("KeatMun/Form 7_default/OTC_Application_Reg/Page_PERKESO/8. LOE emp"), "mon"): Text 'mon' is set on object 'Object Repository/KeatMun/Form 7_default/OTC_Application_Reg/Page_PERKESO/8. LOE emp'

2019-02-18 16:32:49 - [MESSAGE][PASSED] - Text 'mon' is set on object 'Object Repository/KeatMun/Form 7_default/OTC_Application_Reg/Page_PERKESO/8. LOE emp'

2019-02-18 16:32:49 - [TEST_STEP][PASSED] - click(findTestObject("KeatMun/Form 7_default/OTC_Application_Reg/Page_PERKESO/8. MONSOON MOTEL")): Object: 'Object Repository/KeatMun/Form 7_default/OTC_Application_Reg/Page_PERKESO/8. MONSOON MOTEL' is clicked on

2019-02-18 16:32:51 - [MESSAGE][PASSED] - Object: 'Object Repository/KeatMun/Form 7_default/OTC_Application_Reg/Page_PERKESO/8. MONSOON MOTEL' is clicked on

2019-02-18 16:32:51 - [TEST_STEP][PASSED] - delay(2): Delayed 2 second(s)

2019-02-18 16:32:53 - [MESSAGE][PASSED] - Delayed 2 second(s)

2019-02-18 16:32:53 - [TEST_STEP][PASSED] - setText(findTestObject("KeatMun/Form 7_default/OTC_Application_Reg/Page_PERKESO/9.Tarikh kehilangan pkj"), "10/01/2019"): Text '10/01/2019' is set on object 'Object Repository/KeatMun/Form 7_default/OTC_Application_Reg/Page_PERKESO/9.Tarikh kehilangan pkj'

2019-02-18 16:32:57 - [MESSAGE][PASSED] - Text '10/01/2019' is set on object 'Object Repository/KeatMun/Form 7_default/OTC_Application_Reg/Page_PERKESO/9.Tarikh kehilangan pkj'

2019-02-18 16:32:57 - [TEST_STEP][PASSED] - delay(2): Delayed 2 second(s)

2019-02-18 16:32:59 - [MESSAGE][PASSED] - Delayed 2 second(s)

2019-02-18 16:32:59 - [TEST_STEP][PASSED] - click(findTestObject("KeatMun/Form 7_default/OTC_Application_Reg/Page_PERKESO/9. Date Picker Done Button ")): Object: 'Object Repository/KeatMun/Form 7_default/OTC_Application_Reg/Page_PERKESO/9. Date Picker Done Button ' is clicked on

2019-02-18 16:33:01 - [MESSAGE][PASSED] - Object: 'Object Repository/KeatMun/Form 7_default/OTC_Application_Reg/Page_PERKESO/9. Date Picker Done Button ' is clicked on

2019-02-18 16:33:01 - [TEST_STEP][PASSED] - delay(2): Delayed 2 second(s)

2019-02-18 16:33:03 - [MESSAGE][PASSED] - Delayed 2 second(s)

2019-02-18 16:33:03 - [TEST_STEP][PASSED] - click(findTestObject("KeatMun/Form 7_default/OTC_Application_Reg/Page_PERKESO/10.button_Mohon")): Object: 'Object Repository/KeatMun/Form 7_default/OTC_Application_Reg/Page_PERKESO/10.button_Mohon' is clicked on

2019-02-18 16:33:06 - [MESSAGE][PASSED] - Object: 'Object Repository/KeatMun/Form 7_default/OTC_Application_Reg/Page_PERKESO/10.button_Mohon' is clicked on

2019-02-18 16:33:06 - [TEST_STEP][PASSED] - delay(2): Delayed 2 second(s)

2019-02-18 16:33:08 - [MESSAGE][PASSED] - Delayed 2 second(s)

2019-02-18 16:33:08 - [TEST_STEP][FAILED] - setText(findTestObject("KeatMun/Form 7_default/OTC_Application_Reg/Page_PERKESO/11.Tarikh Terima_stampedDtS"), "10/01/2019"): setText(findTestObject("KeatMun/Form 7_default/OTC_Application_Reg/Page_PERKESO/11.Tarikh Terima_stampedDtS"), "10/01/2019") FAILED.
Reason:
com.kms.katalon.core.exception.StepFailedException: Unable to set text '10/01/2019' of object 'Object Repository/KeatMun/Form 7_default/OTC_Application_Reg/Page_PERKESO/11.Tarikh Terima_stampedDtS' (Root cause: com.kms.katalon.core.webui.exception.WebElementNotFoundException: Web element with id: 'Object Repository/KeatMun/Form 7_default/OTC_Application_Reg/Page_PERKESO/11.Tarikh Terima_stampedDtS' located by 'By.xpath: //input[@id = 'stampedDtStr' and @name = 'stampedDtStr' and @type = 'text']' not found)
	at com.kms.katalon.core.keyword.internal.KeywordMain.stepFailed(KeywordMain.groovy:36)
	at com.kms.katalon.core.webui.keyword.internal.WebUIKeywordMain.stepFailed(WebUIKeywordMain.groovy:65)
	at com.kms.katalon.core.webui.keyword.internal.WebUIKeywordMain.runKeyword(WebUIKeywordMain.groovy:27)
	at com.kms.katalon.core.webui.keyword.builtin.SetTextKeyword.setText(SetTextKeyword.groovy:65)
	at com.kms.katalon.core.webui.keyword.builtin.SetTextKeyword.execute(SetTextKeyword.groovy:37)
	at com.kms.katalon.core.keyword.internal.KeywordExecutor.executeKeywordForPlatform(KeywordExecutor.groovy:53)
	at com.kms.katalon.core.webui.keyword.WebUiBuiltInKeywords.setText(WebUiBuiltInKeywords.groovy:950)
	at com.kms.katalon.core.webui.keyword.WebUiBuiltInKeywords$setText$1.call(Unknown Source)
	at OTC_Application_Reg.run(OTC_Application_Reg:74)
	at com.kms.katalon.core.main.ScriptEngine.run(ScriptEngine.java:194)
	at com.kms.katalon.core.main.ScriptEngine.runScriptAsRawText(ScriptEngine.java:119)
	at com.kms.katalon.core.main.TestCaseExecutor.runScript(TestCaseExecutor.java:328)
	at com.kms.katalon.core.main.TestCaseExecutor.doExecute(TestCaseExecutor.java:319)
	at com.kms.katalon.core.main.TestCaseExecutor.processExecutionPhase(TestCaseExecutor.java:298)
	at com.kms.katalon.core.main.TestCaseExecutor.accessMainPhase(TestCaseExecutor.java:290)
	at com.kms.katalon.core.main.TestCaseExecutor.execute(TestCaseExecutor.java:224)
	at com.kms.katalon.core.main.TestCaseMain.runTestCase(TestCaseMain.java:106)
	at com.kms.katalon.core.keyword.builtin.CallTestCaseKeyword$_callTestCase_closure1.doCall(CallTestCaseKeyword.groovy:59)
	at com.kms.katalon.core.keyword.builtin.CallTestCaseKeyword$_callTestCase_closure1.call(CallTestCaseKeyword.groovy)
	at com.kms.katalon.core.keyword.internal.KeywordMain.runKeyword(KeywordMain.groovy:54)
	at com.kms.katalon.core.keyword.builtin.CallTestCaseKeyword.callTestCase(CallTestCaseKeyword.groovy:80)
	at com.kms.katalon.core.keyword.builtin.CallTestCaseKeyword.execute(CallTestCaseKeyword.groovy:44)
	at com.kms.katalon.core.keyword.internal.KeywordExecutor.executeKeywordForPlatform(KeywordExecutor.groovy:53)
	at com.kms.katalon.core.keyword.BuiltinKeywords.callTestCase(BuiltinKeywords.groovy:334)
	at OTC_Submit Form 7_End to End - Cheque.run(OTC_Submit Form 7_End to End - Cheque:16)
	at com.kms.katalon.core.main.ScriptEngine.run(ScriptEngine.java:194)
	at com.kms.katalon.core.main.ScriptEngine.runScriptAsRawText(ScriptEngine.java:119)
	at com.kms.katalon.core.main.TestCaseExecutor.runScript(TestCaseExecutor.java:328)
	at com.kms.katalon.core.main.TestCaseExecutor.doExecute(TestCaseExecutor.java:319)
	at com.kms.katalon.core.main.TestCaseExecutor.processExecutionPhase(TestCaseExecutor.java:298)
	at com.kms.katalon.core.main.TestCaseExecutor.accessMainPhase(TestCaseExecutor.java:290)
	at com.kms.katalon.core.main.TestCaseExecutor.execute(TestCaseExecutor.java:224)
	at com.kms.katalon.core.main.TestCaseMain.runTestCase(TestCaseMain.java:106)
	at com.kms.katalon.core.keyword.builtin.CallTestCaseKeyword$_callTestCase_closure1.doCall(CallTestCaseKeyword.groovy:59)
	at com.kms.katalon.core.keyword.builtin.CallTestCaseKeyword$_callTestCase_closure1.call(CallTestCaseKeyword.groovy)
	at com.kms.katalon.core.keyword.internal.KeywordMain.runKeyword(KeywordMain.groovy:54)
	at com.kms.katalon.core.keyword.builtin.CallTestCaseKeyword.callTestCase(CallTestCaseKeyword.groovy:80)
	at com.kms.katalon.core.keyword.builtin.CallTestCaseKeyword.execute(CallTestCaseKeyword.groovy:44)
	at com.kms.katalon.core.keyword.internal.KeywordExecutor.executeKeywordForPlatform(KeywordExecutor.groovy:53)
	at com.kms.katalon.core.keyword.BuiltinKeywords.callTestCase(BuiltinKeywords.groovy:334)
	at Same branch - SEIO.run(Same branch - SEIO:16)
	at com.kms.katalon.core.main.ScriptEngine.run(ScriptEngine.java:194)
	at com.kms.katalon.core.main.ScriptEngine.runScriptAsRawText(ScriptEngine.java:119)
	at com.kms.katalon.core.main.TestCaseExecutor.runScript(TestCaseExecutor.java:328)
	at com.kms.katalon.core.main.TestCaseExecutor.doExecute(TestCaseExecutor.java:319)
	at com.kms.katalon.core.main.TestCaseExecutor.processExecutionPhase(TestCaseExecutor.java:298)
	at com.kms.katalon.core.main.TestCaseExecutor.accessMainPhase(TestCaseExecutor.java:290)
	at com.kms.katalon.core.main.TestCaseExecutor.execute(TestCaseExecutor.java:224)
	at com.kms.katalon.core.main.TestSuiteExecutor.accessTestCaseMainPhase(TestSuiteExecutor.java:129)
	at com.kms.katalon.core.main.TestSuiteExecutor.accessTestSuiteMainPhase(TestSuiteExecutor.java:112)
	at com.kms.katalon.core.main.TestSuiteExecutor.execute(TestSuiteExecutor.java:81)
	at com.kms.katalon.core.main.TestCaseMain.startTestSuite(TestCaseMain.java:149)
	at com.kms.katalon.core.main.TestCaseMain$startTestSuite$0.call(Unknown Source)
	at TempTestSuite1550476757023.run(TempTestSuite1550476757023.groovy:36)


2019-02-18 16:33:38 - [MESSAGE][INFO] - Unable to find the element located by 'By.xpath: //input[@id = 'stampedDtStr' and @name = 'stampedDtStr' and @type = 'text']'. Please recheck the objects properties to make sure the desired element is located. 

2019-02-18 16:33:40 - [MESSAGE][FAILED] - Unable to set text '10/01/2019' of object 'Object Repository/KeatMun/Form 7_default/OTC_Application_Reg/Page_PERKESO/11.Tarikh Terima_stampedDtS' (Root cause: com.kms.katalon.core.webui.exception.WebElementNotFoundException: Web element with id: 'Object Repository/KeatMun/Form 7_default/OTC_Application_Reg/Page_PERKESO/11.Tarikh Terima_stampedDtS' located by 'By.xpath: //input[@id = 'stampedDtStr' and @name = 'stampedDtStr' and @type = 'text']' not found)
[[ATTACHMENT|C:\\Users\\Admin\\Documents\\GitHub\\PKSKatalon\\PKS-EI-ES\\Reports\\New Test Suite\\20190218_155917\\1550478818497.png]]

2019-02-18 16:33:40 - [MESSAGE][FAILED] - setText(findTestObject("KeatMun/Form 7_default/OTC_Application_Reg/Page_PERKESO/11.Tarikh Terima_stampedDtS"), "10/01/2019") FAILED.
Reason:
com.kms.katalon.core.exception.StepFailedException: Unable to set text '10/01/2019' of object 'Object Repository/KeatMun/Form 7_default/OTC_Application_Reg/Page_PERKESO/11.Tarikh Terima_stampedDtS' (Root cause: com.kms.katalon.core.webui.exception.WebElementNotFoundException: Web element with id: 'Object Repository/KeatMun/Form 7_default/OTC_Application_Reg/Page_PERKESO/11.Tarikh Terima_stampedDtS' located by 'By.xpath: //input[@id = 'stampedDtStr' and @name = 'stampedDtStr' and @type = 'text']' not found)
	at com.kms.katalon.core.keyword.internal.KeywordMain.stepFailed(KeywordMain.groovy:36)
	at com.kms.katalon.core.webui.keyword.internal.WebUIKeywordMain.stepFailed(WebUIKeywordMain.groovy:65)
	at com.kms.katalon.core.webui.keyword.internal.WebUIKeywordMain.runKeyword(WebUIKeywordMain.groovy:27)
	at com.kms.katalon.core.webui.keyword.builtin.SetTextKeyword.setText(SetTextKeyword.groovy:65)
	at com.kms.katalon.core.webui.keyword.builtin.SetTextKeyword.execute(SetTextKeyword.groovy:37)
	at com.kms.katalon.core.keyword.internal.KeywordExecutor.executeKeywordForPlatform(KeywordExecutor.groovy:53)
	at com.kms.katalon.core.webui.keyword.WebUiBuiltInKeywords.setText(WebUiBuiltInKeywords.groovy:950)
	at com.kms.katalon.core.webui.keyword.WebUiBuiltInKeywords$setText$1.call(Unknown Source)
	at OTC_Application_Reg.run(OTC_Application_Reg:74)
	at com.kms.katalon.core.main.ScriptEngine.run(ScriptEngine.java:194)
	at com.kms.katalon.core.main.ScriptEngine.runScriptAsRawText(ScriptEngine.java:119)
	at com.kms.katalon.core.main.TestCaseExecutor.runScript(TestCaseExecutor.java:328)
	at com.kms.katalon.core.main.TestCaseExecutor.doExecute(TestCaseExecutor.java:319)
	at com.kms.katalon.core.main.TestCaseExecutor.processExecutionPhase(TestCaseExecutor.java:298)
	at com.kms.katalon.core.main.TestCaseExecutor.accessMainPhase(TestCaseExecutor.java:290)
	at com.kms.katalon.core.main.TestCaseExecutor.execute(TestCaseExecutor.java:224)
	at com.kms.katalon.core.main.TestCaseMain.runTestCase(TestCaseMain.java:106)
	at com.kms.katalon.core.keyword.builtin.CallTestCaseKeyword$_callTestCase_closure1.doCall(CallTestCaseKeyword.groovy:59)
	at com.kms.katalon.core.keyword.builtin.CallTestCaseKeyword$_callTestCase_closure1.call(CallTestCaseKeyword.groovy)
	at com.kms.katalon.core.keyword.internal.KeywordMain.runKeyword(KeywordMain.groovy:54)
	at com.kms.katalon.core.keyword.builtin.CallTestCaseKeyword.callTestCase(CallTestCaseKeyword.groovy:80)
	at com.kms.katalon.core.keyword.builtin.CallTestCaseKeyword.execute(CallTestCaseKeyword.groovy:44)
	at com.kms.katalon.core.keyword.internal.KeywordExecutor.executeKeywordForPlatform(KeywordExecutor.groovy:53)
	at com.kms.katalon.core.keyword.BuiltinKeywords.callTestCase(BuiltinKeywords.groovy:334)
	at OTC_Submit Form 7_End to End - Cheque.run(OTC_Submit Form 7_End to End - Cheque:16)
	at com.kms.katalon.core.main.ScriptEngine.run(ScriptEngine.java:194)
	at com.kms.katalon.core.main.ScriptEngine.runScriptAsRawText(ScriptEngine.java:119)
	at com.kms.katalon.core.main.TestCaseExecutor.runScript(TestCaseExecutor.java:328)
	at com.kms.katalon.core.main.TestCaseExecutor.doExecute(TestCaseExecutor.java:319)
	at com.kms.katalon.core.main.TestCaseExecutor.processExecutionPhase(TestCaseExecutor.java:298)
	at com.kms.katalon.core.main.TestCaseExecutor.accessMainPhase(TestCaseExecutor.java:290)
	at com.kms.katalon.core.main.TestCaseExecutor.execute(TestCaseExecutor.java:224)
	at com.kms.katalon.core.main.TestCaseMain.runTestCase(TestCaseMain.java:106)
	at com.kms.katalon.core.keyword.builtin.CallTestCaseKeyword$_callTestCase_closure1.doCall(CallTestCaseKeyword.groovy:59)
	at com.kms.katalon.core.keyword.builtin.CallTestCaseKeyword$_callTestCase_closure1.call(CallTestCaseKeyword.groovy)
	at com.kms.katalon.core.keyword.internal.KeywordMain.runKeyword(KeywordMain.groovy:54)
	at com.kms.katalon.core.keyword.builtin.CallTestCaseKeyword.callTestCase(CallTestCaseKeyword.groovy:80)
	at com.kms.katalon.core.keyword.builtin.CallTestCaseKeyword.execute(CallTestCaseKeyword.groovy:44)
	at com.kms.katalon.core.keyword.internal.KeywordExecutor.executeKeywordForPlatform(KeywordExecutor.groovy:53)
	at com.kms.katalon.core.keyword.BuiltinKeywords.callTestCase(BuiltinKeywords.groovy:334)
	at Same branch - SEIO.run(Same branch - SEIO:16)
	at com.kms.katalon.core.main.ScriptEngine.run(ScriptEngine.java:194)
	at com.kms.katalon.core.main.ScriptEngine.runScriptAsRawText(ScriptEngine.java:119)
	at com.kms.katalon.core.main.TestCaseExecutor.runScript(TestCaseExecutor.java:328)
	at com.kms.katalon.core.main.TestCaseExecutor.doExecute(TestCaseExecutor.java:319)
	at com.kms.katalon.core.main.TestCaseExecutor.processExecutionPhase(TestCaseExecutor.java:298)
	at com.kms.katalon.core.main.TestCaseExecutor.accessMainPhase(TestCaseExecutor.java:290)
	at com.kms.katalon.core.main.TestCaseExecutor.execute(TestCaseExecutor.java:224)
	at com.kms.katalon.core.main.TestSuiteExecutor.accessTestCaseMainPhase(TestSuiteExecutor.java:129)
	at com.kms.katalon.core.main.TestSuiteExecutor.accessTestSuiteMainPhase(TestSuiteExecutor.java:112)
	at com.kms.katalon.core.main.TestSuiteExecutor.execute(TestSuiteExecutor.java:81)
	at com.kms.katalon.core.main.TestCaseMain.startTestSuite(TestCaseMain.java:149)
	at com.kms.katalon.core.main.TestCaseMain$startTestSuite$0.call(Unknown Source)
	at TempTestSuite1550476757023.run(TempTestSuite1550476757023.groovy:36)


2019-02-18 16:33:40 - [MESSAGE][FAILED] - Unable to call Test Case 'Test Cases/All TC/Arranged/3. Unit/EI/Form 7_default/OTC_Application_Reg' (Root cause: com.kms.katalon.core.exception.StepFailedException: Call Test Case 'Test Cases/All TC/Arranged/3. Unit/EI/Form 7_default/OTC_Application_Reg' failed)

2019-02-18 16:33:40 - [MESSAGE][FAILED] - callTestCase(findTestCase("All TC/Arranged/3. Unit/EI/Form 7_default/OTC_Application_Reg"), [:], STOP_ON_FAILURE) FAILED.
Reason:
com.kms.katalon.core.exception.StepFailedException: Unable to set text '10/01/2019' of object 'Object Repository/KeatMun/Form 7_default/OTC_Application_Reg/Page_PERKESO/11.Tarikh Terima_stampedDtS' (Root cause: com.kms.katalon.core.webui.exception.WebElementNotFoundException: Web element with id: 'Object Repository/KeatMun/Form 7_default/OTC_Application_Reg/Page_PERKESO/11.Tarikh Terima_stampedDtS' located by 'By.xpath: //input[@id = 'stampedDtStr' and @name = 'stampedDtStr' and @type = 'text']' not found)
	at com.kms.katalon.core.keyword.internal.KeywordMain.stepFailed(KeywordMain.groovy:36)
	at com.kms.katalon.core.webui.keyword.internal.WebUIKeywordMain.stepFailed(WebUIKeywordMain.groovy:65)
	at com.kms.katalon.core.webui.keyword.internal.WebUIKeywordMain.runKeyword(WebUIKeywordMain.groovy:27)
	at com.kms.katalon.core.webui.keyword.builtin.SetTextKeyword.setText(SetTextKeyword.groovy:65)
	at com.kms.katalon.core.webui.keyword.builtin.SetTextKeyword.execute(SetTextKeyword.groovy:37)
	at com.kms.katalon.core.keyword.internal.KeywordExecutor.executeKeywordForPlatform(KeywordExecutor.groovy:53)
	at com.kms.katalon.core.webui.keyword.WebUiBuiltInKeywords.setText(WebUiBuiltInKeywords.groovy:950)
	at com.kms.katalon.core.webui.keyword.WebUiBuiltInKeywords$setText$1.call(Unknown Source)
	at OTC_Application_Reg.run(OTC_Application_Reg:74)
	at com.kms.katalon.core.main.ScriptEngine.run(ScriptEngine.java:194)
	at com.kms.katalon.core.main.ScriptEngine.runScriptAsRawText(ScriptEngine.java:119)
	at com.kms.katalon.core.main.TestCaseExecutor.runScript(TestCaseExecutor.java:328)
	at com.kms.katalon.core.main.TestCaseExecutor.doExecute(TestCaseExecutor.java:319)
	at com.kms.katalon.core.main.TestCaseExecutor.processExecutionPhase(TestCaseExecutor.java:298)
	at com.kms.katalon.core.main.TestCaseExecutor.accessMainPhase(TestCaseExecutor.java:290)
	at com.kms.katalon.core.main.TestCaseExecutor.execute(TestCaseExecutor.java:224)
	at com.kms.katalon.core.main.TestCaseMain.runTestCase(TestCaseMain.java:106)
	at com.kms.katalon.core.keyword.builtin.CallTestCaseKeyword$_callTestCase_closure1.doCall(CallTestCaseKeyword.groovy:59)
	at com.kms.katalon.core.keyword.builtin.CallTestCaseKeyword$_callTestCase_closure1.call(CallTestCaseKeyword.groovy)
	at com.kms.katalon.core.keyword.internal.KeywordMain.runKeyword(KeywordMain.groovy:54)
	at com.kms.katalon.core.keyword.builtin.CallTestCaseKeyword.callTestCase(CallTestCaseKeyword.groovy:80)
	at com.kms.katalon.core.keyword.builtin.CallTestCaseKeyword.execute(CallTestCaseKeyword.groovy:44)
	at com.kms.katalon.core.keyword.internal.KeywordExecutor.executeKeywordForPlatform(KeywordExecutor.groovy:53)
	at com.kms.katalon.core.keyword.BuiltinKeywords.callTestCase(BuiltinKeywords.groovy:334)
	at OTC_Submit Form 7_End to End - Cheque.run(OTC_Submit Form 7_End to End - Cheque:16)
	at com.kms.katalon.core.main.ScriptEngine.run(ScriptEngine.java:194)
	at com.kms.katalon.core.main.ScriptEngine.runScriptAsRawText(ScriptEngine.java:119)
	at com.kms.katalon.core.main.TestCaseExecutor.runScript(TestCaseExecutor.java:328)
	at com.kms.katalon.core.main.TestCaseExecutor.doExecute(TestCaseExecutor.java:319)
	at com.kms.katalon.core.main.TestCaseExecutor.processExecutionPhase(TestCaseExecutor.java:298)
	at com.kms.katalon.core.main.TestCaseExecutor.accessMainPhase(TestCaseExecutor.java:290)
	at com.kms.katalon.core.main.TestCaseExecutor.execute(TestCaseExecutor.java:224)
	at com.kms.katalon.core.main.TestCaseMain.runTestCase(TestCaseMain.java:106)
	at com.kms.katalon.core.keyword.builtin.CallTestCaseKeyword$_callTestCase_closure1.doCall(CallTestCaseKeyword.groovy:59)
	at com.kms.katalon.core.keyword.builtin.CallTestCaseKeyword$_callTestCase_closure1.call(CallTestCaseKeyword.groovy)
	at com.kms.katalon.core.keyword.internal.KeywordMain.runKeyword(KeywordMain.groovy:54)
	at com.kms.katalon.core.keyword.builtin.CallTestCaseKeyword.callTestCase(CallTestCaseKeyword.groovy:80)
	at com.kms.katalon.core.keyword.builtin.CallTestCaseKeyword.execute(CallTestCaseKeyword.groovy:44)
	at com.kms.katalon.core.keyword.internal.KeywordExecutor.executeKeywordForPlatform(KeywordExecutor.groovy:53)
	at com.kms.katalon.core.keyword.BuiltinKeywords.callTestCase(BuiltinKeywords.groovy:334)
	at Same branch - SEIO.run(Same branch - SEIO:16)
	at com.kms.katalon.core.main.ScriptEngine.run(ScriptEngine.java:194)
	at com.kms.katalon.core.main.ScriptEngine.runScriptAsRawText(ScriptEngine.java:119)
	at com.kms.katalon.core.main.TestCaseExecutor.runScript(TestCaseExecutor.java:328)
	at com.kms.katalon.core.main.TestCaseExecutor.doExecute(TestCaseExecutor.java:319)
	at com.kms.katalon.core.main.TestCaseExecutor.processExecutionPhase(TestCaseExecutor.java:298)
	at com.kms.katalon.core.main.TestCaseExecutor.accessMainPhase(TestCaseExecutor.java:290)
	at com.kms.katalon.core.main.TestCaseExecutor.execute(TestCaseExecutor.java:224)
	at com.kms.katalon.core.main.TestSuiteExecutor.accessTestCaseMainPhase(TestSuiteExecutor.java:129)
	at com.kms.katalon.core.main.TestSuiteExecutor.accessTestSuiteMainPhase(TestSuiteExecutor.java:112)
	at com.kms.katalon.core.main.TestSuiteExecutor.execute(TestSuiteExecutor.java:81)
	at com.kms.katalon.core.main.TestCaseMain.startTestSuite(TestCaseMain.java:149)
	at com.kms.katalon.core.main.TestCaseMain$startTestSuite$0.call(Unknown Source)
	at TempTestSuite1550476757023.run(TempTestSuite1550476757023.groovy:36)


2019-02-18 16:33:41 - [MESSAGE][FAILED] - Unable to call Test Case 'Test Cases/All TC/Arranged/2. Segment/OTC_Submit Form 7_End to End - Cheque' (Root cause: com.kms.katalon.core.exception.StepFailedException: Call Test Case 'Test Cases/All TC/Arranged/2. Segment/OTC_Submit Form 7_End to End - Cheque' failed)

2019-02-18 16:33:41 - [MESSAGE][FAILED] - callTestCase(findTestCase("All TC/Arranged/2. Segment/OTC_Submit Form 7_End to End - Cheque"), [:], STOP_ON_FAILURE) FAILED.
Reason:
com.kms.katalon.core.exception.StepFailedException: Unable to set text '10/01/2019' of object 'Object Repository/KeatMun/Form 7_default/OTC_Application_Reg/Page_PERKESO/11.Tarikh Terima_stampedDtS' (Root cause: com.kms.katalon.core.webui.exception.WebElementNotFoundException: Web element with id: 'Object Repository/KeatMun/Form 7_default/OTC_Application_Reg/Page_PERKESO/11.Tarikh Terima_stampedDtS' located by 'By.xpath: //input[@id = 'stampedDtStr' and @name = 'stampedDtStr' and @type = 'text']' not found)
	at com.kms.katalon.core.keyword.internal.KeywordMain.stepFailed(KeywordMain.groovy:36)
	at com.kms.katalon.core.webui.keyword.internal.WebUIKeywordMain.stepFailed(WebUIKeywordMain.groovy:65)
	at com.kms.katalon.core.webui.keyword.internal.WebUIKeywordMain.runKeyword(WebUIKeywordMain.groovy:27)
	at com.kms.katalon.core.webui.keyword.builtin.SetTextKeyword.setText(SetTextKeyword.groovy:65)
	at com.kms.katalon.core.webui.keyword.builtin.SetTextKeyword.execute(SetTextKeyword.groovy:37)
	at com.kms.katalon.core.keyword.internal.KeywordExecutor.executeKeywordForPlatform(KeywordExecutor.groovy:53)
	at com.kms.katalon.core.webui.keyword.WebUiBuiltInKeywords.setText(WebUiBuiltInKeywords.groovy:950)
	at com.kms.katalon.core.webui.keyword.WebUiBuiltInKeywords$setText$1.call(Unknown Source)
	at OTC_Application_Reg.run(OTC_Application_Reg:74)
	at com.kms.katalon.core.main.ScriptEngine.run(ScriptEngine.java:194)
	at com.kms.katalon.core.main.ScriptEngine.runScriptAsRawText(ScriptEngine.java:119)
	at com.kms.katalon.core.main.TestCaseExecutor.runScript(TestCaseExecutor.java:328)
	at com.kms.katalon.core.main.TestCaseExecutor.doExecute(TestCaseExecutor.java:319)
	at com.kms.katalon.core.main.TestCaseExecutor.processExecutionPhase(TestCaseExecutor.java:298)
	at com.kms.katalon.core.main.TestCaseExecutor.accessMainPhase(TestCaseExecutor.java:290)
	at com.kms.katalon.core.main.TestCaseExecutor.execute(TestCaseExecutor.java:224)
	at com.kms.katalon.core.main.TestCaseMain.runTestCase(TestCaseMain.java:106)
	at com.kms.katalon.core.keyword.builtin.CallTestCaseKeyword$_callTestCase_closure1.doCall(CallTestCaseKeyword.groovy:59)
	at com.kms.katalon.core.keyword.builtin.CallTestCaseKeyword$_callTestCase_closure1.call(CallTestCaseKeyword.groovy)
	at com.kms.katalon.core.keyword.internal.KeywordMain.runKeyword(KeywordMain.groovy:54)
	at com.kms.katalon.core.keyword.builtin.CallTestCaseKeyword.callTestCase(CallTestCaseKeyword.groovy:80)
	at com.kms.katalon.core.keyword.builtin.CallTestCaseKeyword.execute(CallTestCaseKeyword.groovy:44)
	at com.kms.katalon.core.keyword.internal.KeywordExecutor.executeKeywordForPlatform(KeywordExecutor.groovy:53)
	at com.kms.katalon.core.keyword.BuiltinKeywords.callTestCase(BuiltinKeywords.groovy:334)
	at OTC_Submit Form 7_End to End - Cheque.run(OTC_Submit Form 7_End to End - Cheque:16)
	at com.kms.katalon.core.main.ScriptEngine.run(ScriptEngine.java:194)
	at com.kms.katalon.core.main.ScriptEngine.runScriptAsRawText(ScriptEngine.java:119)
	at com.kms.katalon.core.main.TestCaseExecutor.runScript(TestCaseExecutor.java:328)
	at com.kms.katalon.core.main.TestCaseExecutor.doExecute(TestCaseExecutor.java:319)
	at com.kms.katalon.core.main.TestCaseExecutor.processExecutionPhase(TestCaseExecutor.java:298)
	at com.kms.katalon.core.main.TestCaseExecutor.accessMainPhase(TestCaseExecutor.java:290)
	at com.kms.katalon.core.main.TestCaseExecutor.execute(TestCaseExecutor.java:224)
	at com.kms.katalon.core.main.TestCaseMain.runTestCase(TestCaseMain.java:106)
	at com.kms.katalon.core.keyword.builtin.CallTestCaseKeyword$_callTestCase_closure1.doCall(CallTestCaseKeyword.groovy:59)
	at com.kms.katalon.core.keyword.builtin.CallTestCaseKeyword$_callTestCase_closure1.call(CallTestCaseKeyword.groovy)
	at com.kms.katalon.core.keyword.internal.KeywordMain.runKeyword(KeywordMain.groovy:54)
	at com.kms.katalon.core.keyword.builtin.CallTestCaseKeyword.callTestCase(CallTestCaseKeyword.groovy:80)
	at com.kms.katalon.core.keyword.builtin.CallTestCaseKeyword.execute(CallTestCaseKeyword.groovy:44)
	at com.kms.katalon.core.keyword.internal.KeywordExecutor.executeKeywordForPlatform(KeywordExecutor.groovy:53)
	at com.kms.katalon.core.keyword.BuiltinKeywords.callTestCase(BuiltinKeywords.groovy:334)
	at Same branch - SEIO.run(Same branch - SEIO:16)
	at com.kms.katalon.core.main.ScriptEngine.run(ScriptEngine.java:194)
	at com.kms.katalon.core.main.ScriptEngine.runScriptAsRawText(ScriptEngine.java:119)
	at com.kms.katalon.core.main.TestCaseExecutor.runScript(TestCaseExecutor.java:328)
	at com.kms.katalon.core.main.TestCaseExecutor.doExecute(TestCaseExecutor.java:319)
	at com.kms.katalon.core.main.TestCaseExecutor.processExecutionPhase(TestCaseExecutor.java:298)
	at com.kms.katalon.core.main.TestCaseExecutor.accessMainPhase(TestCaseExecutor.java:290)
	at com.kms.katalon.core.main.TestCaseExecutor.execute(TestCaseExecutor.java:224)
	at com.kms.katalon.core.main.TestSuiteExecutor.accessTestCaseMainPhase(TestSuiteExecutor.java:129)
	at com.kms.katalon.core.main.TestSuiteExecutor.accessTestSuiteMainPhase(TestSuiteExecutor.java:112)
	at com.kms.katalon.core.main.TestSuiteExecutor.execute(TestSuiteExecutor.java:81)
	at com.kms.katalon.core.main.TestCaseMain.startTestSuite(TestCaseMain.java:149)
	at com.kms.katalon.core.main.TestCaseMain$startTestSuite$0.call(Unknown Source)
	at TempTestSuite1550476757023.run(TempTestSuite1550476757023.groovy:36)]]></system-out>
         <system-err><![CDATA[2019-02-18 16:31:49 - [TEST_CASE][FAILED] - Test Cases/All TC/Arranged/0. Full Flow/Query/Same branch - SEIO: Test Cases/All TC/Arranged/0. Full Flow/Query/Same branch - SEIO FAILED.
Reason:
com.kms.katalon.core.exception.StepFailedException: Unable to set text '10/01/2019' of object 'Object Repository/KeatMun/Form 7_default/OTC_Application_Reg/Page_PERKESO/11.Tarikh Terima_stampedDtS' (Root cause: com.kms.katalon.core.webui.exception.WebElementNotFoundException: Web element with id: 'Object Repository/KeatMun/Form 7_default/OTC_Application_Reg/Page_PERKESO/11.Tarikh Terima_stampedDtS' located by 'By.xpath: //input[@id = 'stampedDtStr' and @name = 'stampedDtStr' and @type = 'text']' not found)
	at com.kms.katalon.core.keyword.internal.KeywordMain.stepFailed(KeywordMain.groovy:36)
	at com.kms.katalon.core.webui.keyword.internal.WebUIKeywordMain.stepFailed(WebUIKeywordMain.groovy:65)
	at com.kms.katalon.core.webui.keyword.internal.WebUIKeywordMain.runKeyword(WebUIKeywordMain.groovy:27)
	at com.kms.katalon.core.webui.keyword.builtin.SetTextKeyword.setText(SetTextKeyword.groovy:65)
	at com.kms.katalon.core.webui.keyword.builtin.SetTextKeyword.execute(SetTextKeyword.groovy:37)
	at com.kms.katalon.core.keyword.internal.KeywordExecutor.executeKeywordForPlatform(KeywordExecutor.groovy:53)
	at com.kms.katalon.core.webui.keyword.WebUiBuiltInKeywords.setText(WebUiBuiltInKeywords.groovy:950)
	at com.kms.katalon.core.webui.keyword.WebUiBuiltInKeywords$setText$1.call(Unknown Source)
	at OTC_Application_Reg.run(OTC_Application_Reg:74)
	at com.kms.katalon.core.main.ScriptEngine.run(ScriptEngine.java:194)
	at com.kms.katalon.core.main.ScriptEngine.runScriptAsRawText(ScriptEngine.java:119)
	at com.kms.katalon.core.main.TestCaseExecutor.runScript(TestCaseExecutor.java:328)
	at com.kms.katalon.core.main.TestCaseExecutor.doExecute(TestCaseExecutor.java:319)
	at com.kms.katalon.core.main.TestCaseExecutor.processExecutionPhase(TestCaseExecutor.java:298)
	at com.kms.katalon.core.main.TestCaseExecutor.accessMainPhase(TestCaseExecutor.java:290)
	at com.kms.katalon.core.main.TestCaseExecutor.execute(TestCaseExecutor.java:224)
	at com.kms.katalon.core.main.TestCaseMain.runTestCase(TestCaseMain.java:106)
	at com.kms.katalon.core.keyword.builtin.CallTestCaseKeyword$_callTestCase_closure1.doCall(CallTestCaseKeyword.groovy:59)
	at com.kms.katalon.core.keyword.builtin.CallTestCaseKeyword$_callTestCase_closure1.call(CallTestCaseKeyword.groovy)
	at com.kms.katalon.core.keyword.internal.KeywordMain.runKeyword(KeywordMain.groovy:54)
	at com.kms.katalon.core.keyword.builtin.CallTestCaseKeyword.callTestCase(CallTestCaseKeyword.groovy:80)
	at com.kms.katalon.core.keyword.builtin.CallTestCaseKeyword.execute(CallTestCaseKeyword.groovy:44)
	at com.kms.katalon.core.keyword.internal.KeywordExecutor.executeKeywordForPlatform(KeywordExecutor.groovy:53)
	at com.kms.katalon.core.keyword.BuiltinKeywords.callTestCase(BuiltinKeywords.groovy:334)
	at OTC_Submit Form 7_End to End - Cheque.run(OTC_Submit Form 7_End to End - Cheque:16)
	at com.kms.katalon.core.main.ScriptEngine.run(ScriptEngine.java:194)
	at com.kms.katalon.core.main.ScriptEngine.runScriptAsRawText(ScriptEngine.java:119)
	at com.kms.katalon.core.main.TestCaseExecutor.runScript(TestCaseExecutor.java:328)
	at com.kms.katalon.core.main.TestCaseExecutor.doExecute(TestCaseExecutor.java:319)
	at com.kms.katalon.core.main.TestCaseExecutor.processExecutionPhase(TestCaseExecutor.java:298)
	at com.kms.katalon.core.main.TestCaseExecutor.accessMainPhase(TestCaseExecutor.java:290)
	at com.kms.katalon.core.main.TestCaseExecutor.execute(TestCaseExecutor.java:224)
	at com.kms.katalon.core.main.TestCaseMain.runTestCase(TestCaseMain.java:106)
	at com.kms.katalon.core.keyword.builtin.CallTestCaseKeyword$_callTestCase_closure1.doCall(CallTestCaseKeyword.groovy:59)
	at com.kms.katalon.core.keyword.builtin.CallTestCaseKeyword$_callTestCase_closure1.call(CallTestCaseKeyword.groovy)
	at com.kms.katalon.core.keyword.internal.KeywordMain.runKeyword(KeywordMain.groovy:54)
	at com.kms.katalon.core.keyword.builtin.CallTestCaseKeyword.callTestCase(CallTestCaseKeyword.groovy:80)
	at com.kms.katalon.core.keyword.builtin.CallTestCaseKeyword.execute(CallTestCaseKeyword.groovy:44)
	at com.kms.katalon.core.keyword.internal.KeywordExecutor.executeKeywordForPlatform(KeywordExecutor.groovy:53)
	at com.kms.katalon.core.keyword.BuiltinKeywords.callTestCase(BuiltinKeywords.groovy:334)
	at Same branch - SEIO.run(Same branch - SEIO:16)
	at com.kms.katalon.core.main.ScriptEngine.run(ScriptEngine.java:194)
	at com.kms.katalon.core.main.ScriptEngine.runScriptAsRawText(ScriptEngine.java:119)
	at com.kms.katalon.core.main.TestCaseExecutor.runScript(TestCaseExecutor.java:328)
	at com.kms.katalon.core.main.TestCaseExecutor.doExecute(TestCaseExecutor.java:319)
	at com.kms.katalon.core.main.TestCaseExecutor.processExecutionPhase(TestCaseExecutor.java:298)
	at com.kms.katalon.core.main.TestCaseExecutor.accessMainPhase(TestCaseExecutor.java:290)
	at com.kms.katalon.core.main.TestCaseExecutor.execute(TestCaseExecutor.java:224)
	at com.kms.katalon.core.main.TestSuiteExecutor.accessTestCaseMainPhase(TestSuiteExecutor.java:129)
	at com.kms.katalon.core.main.TestSuiteExecutor.accessTestSuiteMainPhase(TestSuiteExecutor.java:112)
	at com.kms.katalon.core.main.TestSuiteExecutor.execute(TestSuiteExecutor.java:81)
	at com.kms.katalon.core.main.TestCaseMain.startTestSuite(TestCaseMain.java:149)
	at com.kms.katalon.core.main.TestCaseMain$startTestSuite$0.call(Unknown Source)
	at TempTestSuite1550476757023.run(TempTestSuite1550476757023.groovy:36)]]></system-err>
      </testcase>
      <testcase name="Test Cases/All TC/Arranged/0. Full Flow/Query/Same branch - EIO" classname="Test Cases/All TC/Arranged/0. Full Flow/Query/Same branch - EIO" status="FAILED">
         <failure type="FAILED" message="Test Cases/All TC/Arranged/0. Full Flow/Query/Same branch - EIO FAILED.
Reason:
com.kms.katalon.core.exception.StepFailedException: Unable to set text '10/01/2019' of object 'Object Repository/KeatMun/Form 7_default/OTC_Application_Reg/Page_PERKESO/11.Tarikh Terima_stampedDtS' (Root cause: com.kms.katalon.core.webui.exception.WebElementNotFoundException: Web element with id: 'Object Repository/KeatMun/Form 7_default/OTC_Application_Reg/Page_PERKESO/11.Tarikh Terima_stampedDtS' located by 'By.xpath: //input[@id = 'stampedDtStr' and @name = 'stampedDtStr' and @type = 'text']' not found)
	at com.kms.katalon.core.keyword.internal.KeywordMain.stepFailed(KeywordMain.groovy:36)
	at com.kms.katalon.core.webui.keyword.internal.WebUIKeywordMain.stepFailed(WebUIKeywordMain.groovy:65)
	at com.kms.katalon.core.webui.keyword.internal.WebUIKeywordMain.runKeyword(WebUIKeywordMain.groovy:27)
	at com.kms.katalon.core.webui.keyword.builtin.SetTextKeyword.setText(SetTextKeyword.groovy:65)
	at com.kms.katalon.core.webui.keyword.builtin.SetTextKeyword.execute(SetTextKeyword.groovy:37)
	at com.kms.katalon.core.keyword.internal.KeywordExecutor.executeKeywordForPlatform(KeywordExecutor.groovy:53)
	at com.kms.katalon.core.webui.keyword.WebUiBuiltInKeywords.setText(WebUiBuiltInKeywords.groovy:950)
	at com.kms.katalon.core.webui.keyword.WebUiBuiltInKeywords$setText$1.call(Unknown Source)
	at OTC_Application_Reg.run(OTC_Application_Reg:74)
	at com.kms.katalon.core.main.ScriptEngine.run(ScriptEngine.java:194)
	at com.kms.katalon.core.main.ScriptEngine.runScriptAsRawText(ScriptEngine.java:119)
	at com.kms.katalon.core.main.TestCaseExecutor.runScript(TestCaseExecutor.java:328)
	at com.kms.katalon.core.main.TestCaseExecutor.doExecute(TestCaseExecutor.java:319)
	at com.kms.katalon.core.main.TestCaseExecutor.processExecutionPhase(TestCaseExecutor.java:298)
	at com.kms.katalon.core.main.TestCaseExecutor.accessMainPhase(TestCaseExecutor.java:290)
	at com.kms.katalon.core.main.TestCaseExecutor.execute(TestCaseExecutor.java:224)
	at com.kms.katalon.core.main.TestCaseMain.runTestCase(TestCaseMain.java:106)
	at com.kms.katalon.core.keyword.builtin.CallTestCaseKeyword$_callTestCase_closure1.doCall(CallTestCaseKeyword.groovy:59)
	at com.kms.katalon.core.keyword.builtin.CallTestCaseKeyword$_callTestCase_closure1.call(CallTestCaseKeyword.groovy)
	at com.kms.katalon.core.keyword.internal.KeywordMain.runKeyword(KeywordMain.groovy:54)
	at com.kms.katalon.core.keyword.builtin.CallTestCaseKeyword.callTestCase(CallTestCaseKeyword.groovy:80)
	at com.kms.katalon.core.keyword.builtin.CallTestCaseKeyword.execute(CallTestCaseKeyword.groovy:44)
	at com.kms.katalon.core.keyword.internal.KeywordExecutor.executeKeywordForPlatform(KeywordExecutor.groovy:53)
	at com.kms.katalon.core.keyword.BuiltinKeywords.callTestCase(BuiltinKeywords.groovy:334)
	at OTC_Submit Form 7_End to End - Cheque.run(OTC_Submit Form 7_End to End - Cheque:16)
	at com.kms.katalon.core.main.ScriptEngine.run(ScriptEngine.java:194)
	at com.kms.katalon.core.main.ScriptEngine.runScriptAsRawText(ScriptEngine.java:119)
	at com.kms.katalon.core.main.TestCaseExecutor.runScript(TestCaseExecutor.java:328)
	at com.kms.katalon.core.main.TestCaseExecutor.doExecute(TestCaseExecutor.java:319)
	at com.kms.katalon.core.main.TestCaseExecutor.processExecutionPhase(TestCaseExecutor.java:298)
	at com.kms.katalon.core.main.TestCaseExecutor.accessMainPhase(TestCaseExecutor.java:290)
	at com.kms.katalon.core.main.TestCaseExecutor.execute(TestCaseExecutor.java:224)
	at com.kms.katalon.core.main.TestCaseMain.runTestCase(TestCaseMain.java:106)
	at com.kms.katalon.core.keyword.builtin.CallTestCaseKeyword$_callTestCase_closure1.doCall(CallTestCaseKeyword.groovy:59)
	at com.kms.katalon.core.keyword.builtin.CallTestCaseKeyword$_callTestCase_closure1.call(CallTestCaseKeyword.groovy)
	at com.kms.katalon.core.keyword.internal.KeywordMain.runKeyword(KeywordMain.groovy:54)
	at com.kms.katalon.core.keyword.builtin.CallTestCaseKeyword.callTestCase(CallTestCaseKeyword.groovy:80)
	at com.kms.katalon.core.keyword.builtin.CallTestCaseKeyword.execute(CallTestCaseKeyword.groovy:44)
	at com.kms.katalon.core.keyword.internal.KeywordExecutor.executeKeywordForPlatform(KeywordExecutor.groovy:53)
	at com.kms.katalon.core.keyword.BuiltinKeywords.callTestCase(BuiltinKeywords.groovy:334)
	at Same branch - EIO.run(Same branch - EIO:16)
	at com.kms.katalon.core.main.ScriptEngine.run(ScriptEngine.java:194)
	at com.kms.katalon.core.main.ScriptEngine.runScriptAsRawText(ScriptEngine.java:119)
	at com.kms.katalon.core.main.TestCaseExecutor.runScript(TestCaseExecutor.java:328)
	at com.kms.katalon.core.main.TestCaseExecutor.doExecute(TestCaseExecutor.java:319)
	at com.kms.katalon.core.main.TestCaseExecutor.processExecutionPhase(TestCaseExecutor.java:298)
	at com.kms.katalon.core.main.TestCaseExecutor.accessMainPhase(TestCaseExecutor.java:290)
	at com.kms.katalon.core.main.TestCaseExecutor.execute(TestCaseExecutor.java:224)
	at com.kms.katalon.core.main.TestSuiteExecutor.accessTestCaseMainPhase(TestSuiteExecutor.java:129)
	at com.kms.katalon.core.main.TestSuiteExecutor.accessTestSuiteMainPhase(TestSuiteExecutor.java:112)
	at com.kms.katalon.core.main.TestSuiteExecutor.execute(TestSuiteExecutor.java:81)
	at com.kms.katalon.core.main.TestCaseMain.startTestSuite(TestCaseMain.java:149)
	at com.kms.katalon.core.main.TestCaseMain$startTestSuite$0.call(Unknown Source)
	at TempTestSuite1550476757023.run(TempTestSuite1550476757023.groovy:36)
"/>
         <system-out><![CDATA[2019-02-18 16:33:41 - [TEST_CASE][FAILED] - Test Cases/All TC/Arranged/0. Full Flow/Query/Same branch - EIO: Test Cases/All TC/Arranged/0. Full Flow/Query/Same branch - EIO FAILED.
Reason:
com.kms.katalon.core.exception.StepFailedException: Unable to set text '10/01/2019' of object 'Object Repository/KeatMun/Form 7_default/OTC_Application_Reg/Page_PERKESO/11.Tarikh Terima_stampedDtS' (Root cause: com.kms.katalon.core.webui.exception.WebElementNotFoundException: Web element with id: 'Object Repository/KeatMun/Form 7_default/OTC_Application_Reg/Page_PERKESO/11.Tarikh Terima_stampedDtS' located by 'By.xpath: //input[@id = 'stampedDtStr' and @name = 'stampedDtStr' and @type = 'text']' not found)
	at com.kms.katalon.core.keyword.internal.KeywordMain.stepFailed(KeywordMain.groovy:36)
	at com.kms.katalon.core.webui.keyword.internal.WebUIKeywordMain.stepFailed(WebUIKeywordMain.groovy:65)
	at com.kms.katalon.core.webui.keyword.internal.WebUIKeywordMain.runKeyword(WebUIKeywordMain.groovy:27)
	at com.kms.katalon.core.webui.keyword.builtin.SetTextKeyword.setText(SetTextKeyword.groovy:65)
	at com.kms.katalon.core.webui.keyword.builtin.SetTextKeyword.execute(SetTextKeyword.groovy:37)
	at com.kms.katalon.core.keyword.internal.KeywordExecutor.executeKeywordForPlatform(KeywordExecutor.groovy:53)
	at com.kms.katalon.core.webui.keyword.WebUiBuiltInKeywords.setText(WebUiBuiltInKeywords.groovy:950)
	at com.kms.katalon.core.webui.keyword.WebUiBuiltInKeywords$setText$1.call(Unknown Source)
	at OTC_Application_Reg.run(OTC_Application_Reg:74)
	at com.kms.katalon.core.main.ScriptEngine.run(ScriptEngine.java:194)
	at com.kms.katalon.core.main.ScriptEngine.runScriptAsRawText(ScriptEngine.java:119)
	at com.kms.katalon.core.main.TestCaseExecutor.runScript(TestCaseExecutor.java:328)
	at com.kms.katalon.core.main.TestCaseExecutor.doExecute(TestCaseExecutor.java:319)
	at com.kms.katalon.core.main.TestCaseExecutor.processExecutionPhase(TestCaseExecutor.java:298)
	at com.kms.katalon.core.main.TestCaseExecutor.accessMainPhase(TestCaseExecutor.java:290)
	at com.kms.katalon.core.main.TestCaseExecutor.execute(TestCaseExecutor.java:224)
	at com.kms.katalon.core.main.TestCaseMain.runTestCase(TestCaseMain.java:106)
	at com.kms.katalon.core.keyword.builtin.CallTestCaseKeyword$_callTestCase_closure1.doCall(CallTestCaseKeyword.groovy:59)
	at com.kms.katalon.core.keyword.builtin.CallTestCaseKeyword$_callTestCase_closure1.call(CallTestCaseKeyword.groovy)
	at com.kms.katalon.core.keyword.internal.KeywordMain.runKeyword(KeywordMain.groovy:54)
	at com.kms.katalon.core.keyword.builtin.CallTestCaseKeyword.callTestCase(CallTestCaseKeyword.groovy:80)
	at com.kms.katalon.core.keyword.builtin.CallTestCaseKeyword.execute(CallTestCaseKeyword.groovy:44)
	at com.kms.katalon.core.keyword.internal.KeywordExecutor.executeKeywordForPlatform(KeywordExecutor.groovy:53)
	at com.kms.katalon.core.keyword.BuiltinKeywords.callTestCase(BuiltinKeywords.groovy:334)
	at OTC_Submit Form 7_End to End - Cheque.run(OTC_Submit Form 7_End to End - Cheque:16)
	at com.kms.katalon.core.main.ScriptEngine.run(ScriptEngine.java:194)
	at com.kms.katalon.core.main.ScriptEngine.runScriptAsRawText(ScriptEngine.java:119)
	at com.kms.katalon.core.main.TestCaseExecutor.runScript(TestCaseExecutor.java:328)
	at com.kms.katalon.core.main.TestCaseExecutor.doExecute(TestCaseExecutor.java:319)
	at com.kms.katalon.core.main.TestCaseExecutor.processExecutionPhase(TestCaseExecutor.java:298)
	at com.kms.katalon.core.main.TestCaseExecutor.accessMainPhase(TestCaseExecutor.java:290)
	at com.kms.katalon.core.main.TestCaseExecutor.execute(TestCaseExecutor.java:224)
	at com.kms.katalon.core.main.TestCaseMain.runTestCase(TestCaseMain.java:106)
	at com.kms.katalon.core.keyword.builtin.CallTestCaseKeyword$_callTestCase_closure1.doCall(CallTestCaseKeyword.groovy:59)
	at com.kms.katalon.core.keyword.builtin.CallTestCaseKeyword$_callTestCase_closure1.call(CallTestCaseKeyword.groovy)
	at com.kms.katalon.core.keyword.internal.KeywordMain.runKeyword(KeywordMain.groovy:54)
	at com.kms.katalon.core.keyword.builtin.CallTestCaseKeyword.callTestCase(CallTestCaseKeyword.groovy:80)
	at com.kms.katalon.core.keyword.builtin.CallTestCaseKeyword.execute(CallTestCaseKeyword.groovy:44)
	at com.kms.katalon.core.keyword.internal.KeywordExecutor.executeKeywordForPlatform(KeywordExecutor.groovy:53)
	at com.kms.katalon.core.keyword.BuiltinKeywords.callTestCase(BuiltinKeywords.groovy:334)
	at Same branch - EIO.run(Same branch - EIO:16)
	at com.kms.katalon.core.main.ScriptEngine.run(ScriptEngine.java:194)
	at com.kms.katalon.core.main.ScriptEngine.runScriptAsRawText(ScriptEngine.java:119)
	at com.kms.katalon.core.main.TestCaseExecutor.runScript(TestCaseExecutor.java:328)
	at com.kms.katalon.core.main.TestCaseExecutor.doExecute(TestCaseExecutor.java:319)
	at com.kms.katalon.core.main.TestCaseExecutor.processExecutionPhase(TestCaseExecutor.java:298)
	at com.kms.katalon.core.main.TestCaseExecutor.accessMainPhase(TestCaseExecutor.java:290)
	at com.kms.katalon.core.main.TestCaseExecutor.execute(TestCaseExecutor.java:224)
	at com.kms.katalon.core.main.TestSuiteExecutor.accessTestCaseMainPhase(TestSuiteExecutor.java:129)
	at com.kms.katalon.core.main.TestSuiteExecutor.accessTestSuiteMainPhase(TestSuiteExecutor.java:112)
	at com.kms.katalon.core.main.TestSuiteExecutor.execute(TestSuiteExecutor.java:81)
	at com.kms.katalon.core.main.TestCaseMain.startTestSuite(TestCaseMain.java:149)
	at com.kms.katalon.core.main.TestCaseMain$startTestSuite$0.call(Unknown Source)
	at TempTestSuite1550476757023.run(TempTestSuite1550476757023.groovy:36)


2019-02-18 16:33:41 - [TEST_STEP][FAILED] - callTestCase(findTestCase("All TC/Arranged/2. Segment/OTC_Submit Form 7_End to End - Cheque"), [:], STOP_ON_FAILURE): callTestCase(findTestCase("All TC/Arranged/2. Segment/OTC_Submit Form 7_End to End - Cheque"), [:], STOP_ON_FAILURE) FAILED.
Reason:
com.kms.katalon.core.exception.StepFailedException: Unable to set text '10/01/2019' of object 'Object Repository/KeatMun/Form 7_default/OTC_Application_Reg/Page_PERKESO/11.Tarikh Terima_stampedDtS' (Root cause: com.kms.katalon.core.webui.exception.WebElementNotFoundException: Web element with id: 'Object Repository/KeatMun/Form 7_default/OTC_Application_Reg/Page_PERKESO/11.Tarikh Terima_stampedDtS' located by 'By.xpath: //input[@id = 'stampedDtStr' and @name = 'stampedDtStr' and @type = 'text']' not found)
	at com.kms.katalon.core.keyword.internal.KeywordMain.stepFailed(KeywordMain.groovy:36)
	at com.kms.katalon.core.webui.keyword.internal.WebUIKeywordMain.stepFailed(WebUIKeywordMain.groovy:65)
	at com.kms.katalon.core.webui.keyword.internal.WebUIKeywordMain.runKeyword(WebUIKeywordMain.groovy:27)
	at com.kms.katalon.core.webui.keyword.builtin.SetTextKeyword.setText(SetTextKeyword.groovy:65)
	at com.kms.katalon.core.webui.keyword.builtin.SetTextKeyword.execute(SetTextKeyword.groovy:37)
	at com.kms.katalon.core.keyword.internal.KeywordExecutor.executeKeywordForPlatform(KeywordExecutor.groovy:53)
	at com.kms.katalon.core.webui.keyword.WebUiBuiltInKeywords.setText(WebUiBuiltInKeywords.groovy:950)
	at com.kms.katalon.core.webui.keyword.WebUiBuiltInKeywords$setText$1.call(Unknown Source)
	at OTC_Application_Reg.run(OTC_Application_Reg:74)
	at com.kms.katalon.core.main.ScriptEngine.run(ScriptEngine.java:194)
	at com.kms.katalon.core.main.ScriptEngine.runScriptAsRawText(ScriptEngine.java:119)
	at com.kms.katalon.core.main.TestCaseExecutor.runScript(TestCaseExecutor.java:328)
	at com.kms.katalon.core.main.TestCaseExecutor.doExecute(TestCaseExecutor.java:319)
	at com.kms.katalon.core.main.TestCaseExecutor.processExecutionPhase(TestCaseExecutor.java:298)
	at com.kms.katalon.core.main.TestCaseExecutor.accessMainPhase(TestCaseExecutor.java:290)
	at com.kms.katalon.core.main.TestCaseExecutor.execute(TestCaseExecutor.java:224)
	at com.kms.katalon.core.main.TestCaseMain.runTestCase(TestCaseMain.java:106)
	at com.kms.katalon.core.keyword.builtin.CallTestCaseKeyword$_callTestCase_closure1.doCall(CallTestCaseKeyword.groovy:59)
	at com.kms.katalon.core.keyword.builtin.CallTestCaseKeyword$_callTestCase_closure1.call(CallTestCaseKeyword.groovy)
	at com.kms.katalon.core.keyword.internal.KeywordMain.runKeyword(KeywordMain.groovy:54)
	at com.kms.katalon.core.keyword.builtin.CallTestCaseKeyword.callTestCase(CallTestCaseKeyword.groovy:80)
	at com.kms.katalon.core.keyword.builtin.CallTestCaseKeyword.execute(CallTestCaseKeyword.groovy:44)
	at com.kms.katalon.core.keyword.internal.KeywordExecutor.executeKeywordForPlatform(KeywordExecutor.groovy:53)
	at com.kms.katalon.core.keyword.BuiltinKeywords.callTestCase(BuiltinKeywords.groovy:334)
	at OTC_Submit Form 7_End to End - Cheque.run(OTC_Submit Form 7_End to End - Cheque:16)
	at com.kms.katalon.core.main.ScriptEngine.run(ScriptEngine.java:194)
	at com.kms.katalon.core.main.ScriptEngine.runScriptAsRawText(ScriptEngine.java:119)
	at com.kms.katalon.core.main.TestCaseExecutor.runScript(TestCaseExecutor.java:328)
	at com.kms.katalon.core.main.TestCaseExecutor.doExecute(TestCaseExecutor.java:319)
	at com.kms.katalon.core.main.TestCaseExecutor.processExecutionPhase(TestCaseExecutor.java:298)
	at com.kms.katalon.core.main.TestCaseExecutor.accessMainPhase(TestCaseExecutor.java:290)
	at com.kms.katalon.core.main.TestCaseExecutor.execute(TestCaseExecutor.java:224)
	at com.kms.katalon.core.main.TestCaseMain.runTestCase(TestCaseMain.java:106)
	at com.kms.katalon.core.keyword.builtin.CallTestCaseKeyword$_callTestCase_closure1.doCall(CallTestCaseKeyword.groovy:59)
	at com.kms.katalon.core.keyword.builtin.CallTestCaseKeyword$_callTestCase_closure1.call(CallTestCaseKeyword.groovy)
	at com.kms.katalon.core.keyword.internal.KeywordMain.runKeyword(KeywordMain.groovy:54)
	at com.kms.katalon.core.keyword.builtin.CallTestCaseKeyword.callTestCase(CallTestCaseKeyword.groovy:80)
	at com.kms.katalon.core.keyword.builtin.CallTestCaseKeyword.execute(CallTestCaseKeyword.groovy:44)
	at com.kms.katalon.core.keyword.internal.KeywordExecutor.executeKeywordForPlatform(KeywordExecutor.groovy:53)
	at com.kms.katalon.core.keyword.BuiltinKeywords.callTestCase(BuiltinKeywords.groovy:334)
	at Same branch - EIO.run(Same branch - EIO:16)
	at com.kms.katalon.core.main.ScriptEngine.run(ScriptEngine.java:194)
	at com.kms.katalon.core.main.ScriptEngine.runScriptAsRawText(ScriptEngine.java:119)
	at com.kms.katalon.core.main.TestCaseExecutor.runScript(TestCaseExecutor.java:328)
	at com.kms.katalon.core.main.TestCaseExecutor.doExecute(TestCaseExecutor.java:319)
	at com.kms.katalon.core.main.TestCaseExecutor.processExecutionPhase(TestCaseExecutor.java:298)
	at com.kms.katalon.core.main.TestCaseExecutor.accessMainPhase(TestCaseExecutor.java:290)
	at com.kms.katalon.core.main.TestCaseExecutor.execute(TestCaseExecutor.java:224)
	at com.kms.katalon.core.main.TestSuiteExecutor.accessTestCaseMainPhase(TestSuiteExecutor.java:129)
	at com.kms.katalon.core.main.TestSuiteExecutor.accessTestSuiteMainPhase(TestSuiteExecutor.java:112)
	at com.kms.katalon.core.main.TestSuiteExecutor.execute(TestSuiteExecutor.java:81)
	at com.kms.katalon.core.main.TestCaseMain.startTestSuite(TestCaseMain.java:149)
	at com.kms.katalon.core.main.TestCaseMain$startTestSuite$0.call(Unknown Source)
	at TempTestSuite1550476757023.run(TempTestSuite1550476757023.groovy:36)


2019-02-18 16:33:41 - [TEST_CASE][FAILED] - Test Cases/All TC/Arranged/2. Segment/OTC_Submit Form 7_End to End - Cheque: Test Cases/All TC/Arranged/2. Segment/OTC_Submit Form 7_End to End - Cheque FAILED.
Reason:
com.kms.katalon.core.exception.StepFailedException: Unable to set text '10/01/2019' of object 'Object Repository/KeatMun/Form 7_default/OTC_Application_Reg/Page_PERKESO/11.Tarikh Terima_stampedDtS' (Root cause: com.kms.katalon.core.webui.exception.WebElementNotFoundException: Web element with id: 'Object Repository/KeatMun/Form 7_default/OTC_Application_Reg/Page_PERKESO/11.Tarikh Terima_stampedDtS' located by 'By.xpath: //input[@id = 'stampedDtStr' and @name = 'stampedDtStr' and @type = 'text']' not found)
	at com.kms.katalon.core.keyword.internal.KeywordMain.stepFailed(KeywordMain.groovy:36)
	at com.kms.katalon.core.webui.keyword.internal.WebUIKeywordMain.stepFailed(WebUIKeywordMain.groovy:65)
	at com.kms.katalon.core.webui.keyword.internal.WebUIKeywordMain.runKeyword(WebUIKeywordMain.groovy:27)
	at com.kms.katalon.core.webui.keyword.builtin.SetTextKeyword.setText(SetTextKeyword.groovy:65)
	at com.kms.katalon.core.webui.keyword.builtin.SetTextKeyword.execute(SetTextKeyword.groovy:37)
	at com.kms.katalon.core.keyword.internal.KeywordExecutor.executeKeywordForPlatform(KeywordExecutor.groovy:53)
	at com.kms.katalon.core.webui.keyword.WebUiBuiltInKeywords.setText(WebUiBuiltInKeywords.groovy:950)
	at com.kms.katalon.core.webui.keyword.WebUiBuiltInKeywords$setText$1.call(Unknown Source)
	at OTC_Application_Reg.run(OTC_Application_Reg:74)
	at com.kms.katalon.core.main.ScriptEngine.run(ScriptEngine.java:194)
	at com.kms.katalon.core.main.ScriptEngine.runScriptAsRawText(ScriptEngine.java:119)
	at com.kms.katalon.core.main.TestCaseExecutor.runScript(TestCaseExecutor.java:328)
	at com.kms.katalon.core.main.TestCaseExecutor.doExecute(TestCaseExecutor.java:319)
	at com.kms.katalon.core.main.TestCaseExecutor.processExecutionPhase(TestCaseExecutor.java:298)
	at com.kms.katalon.core.main.TestCaseExecutor.accessMainPhase(TestCaseExecutor.java:290)
	at com.kms.katalon.core.main.TestCaseExecutor.execute(TestCaseExecutor.java:224)
	at com.kms.katalon.core.main.TestCaseMain.runTestCase(TestCaseMain.java:106)
	at com.kms.katalon.core.keyword.builtin.CallTestCaseKeyword$_callTestCase_closure1.doCall(CallTestCaseKeyword.groovy:59)
	at com.kms.katalon.core.keyword.builtin.CallTestCaseKeyword$_callTestCase_closure1.call(CallTestCaseKeyword.groovy)
	at com.kms.katalon.core.keyword.internal.KeywordMain.runKeyword(KeywordMain.groovy:54)
	at com.kms.katalon.core.keyword.builtin.CallTestCaseKeyword.callTestCase(CallTestCaseKeyword.groovy:80)
	at com.kms.katalon.core.keyword.builtin.CallTestCaseKeyword.execute(CallTestCaseKeyword.groovy:44)
	at com.kms.katalon.core.keyword.internal.KeywordExecutor.executeKeywordForPlatform(KeywordExecutor.groovy:53)
	at com.kms.katalon.core.keyword.BuiltinKeywords.callTestCase(BuiltinKeywords.groovy:334)
	at OTC_Submit Form 7_End to End - Cheque.run(OTC_Submit Form 7_End to End - Cheque:16)
	at com.kms.katalon.core.main.ScriptEngine.run(ScriptEngine.java:194)
	at com.kms.katalon.core.main.ScriptEngine.runScriptAsRawText(ScriptEngine.java:119)
	at com.kms.katalon.core.main.TestCaseExecutor.runScript(TestCaseExecutor.java:328)
	at com.kms.katalon.core.main.TestCaseExecutor.doExecute(TestCaseExecutor.java:319)
	at com.kms.katalon.core.main.TestCaseExecutor.processExecutionPhase(TestCaseExecutor.java:298)
	at com.kms.katalon.core.main.TestCaseExecutor.accessMainPhase(TestCaseExecutor.java:290)
	at com.kms.katalon.core.main.TestCaseExecutor.execute(TestCaseExecutor.java:224)
	at com.kms.katalon.core.main.TestCaseMain.runTestCase(TestCaseMain.java:106)
	at com.kms.katalon.core.keyword.builtin.CallTestCaseKeyword$_callTestCase_closure1.doCall(CallTestCaseKeyword.groovy:59)
	at com.kms.katalon.core.keyword.builtin.CallTestCaseKeyword$_callTestCase_closure1.call(CallTestCaseKeyword.groovy)
	at com.kms.katalon.core.keyword.internal.KeywordMain.runKeyword(KeywordMain.groovy:54)
	at com.kms.katalon.core.keyword.builtin.CallTestCaseKeyword.callTestCase(CallTestCaseKeyword.groovy:80)
	at com.kms.katalon.core.keyword.builtin.CallTestCaseKeyword.execute(CallTestCaseKeyword.groovy:44)
	at com.kms.katalon.core.keyword.internal.KeywordExecutor.executeKeywordForPlatform(KeywordExecutor.groovy:53)
	at com.kms.katalon.core.keyword.BuiltinKeywords.callTestCase(BuiltinKeywords.groovy:334)
	at Same branch - EIO.run(Same branch - EIO:16)
	at com.kms.katalon.core.main.ScriptEngine.run(ScriptEngine.java:194)
	at com.kms.katalon.core.main.ScriptEngine.runScriptAsRawText(ScriptEngine.java:119)
	at com.kms.katalon.core.main.TestCaseExecutor.runScript(TestCaseExecutor.java:328)
	at com.kms.katalon.core.main.TestCaseExecutor.doExecute(TestCaseExecutor.java:319)
	at com.kms.katalon.core.main.TestCaseExecutor.processExecutionPhase(TestCaseExecutor.java:298)
	at com.kms.katalon.core.main.TestCaseExecutor.accessMainPhase(TestCaseExecutor.java:290)
	at com.kms.katalon.core.main.TestCaseExecutor.execute(TestCaseExecutor.java:224)
	at com.kms.katalon.core.main.TestSuiteExecutor.accessTestCaseMainPhase(TestSuiteExecutor.java:129)
	at com.kms.katalon.core.main.TestSuiteExecutor.accessTestSuiteMainPhase(TestSuiteExecutor.java:112)
	at com.kms.katalon.core.main.TestSuiteExecutor.execute(TestSuiteExecutor.java:81)
	at com.kms.katalon.core.main.TestCaseMain.startTestSuite(TestCaseMain.java:149)
	at com.kms.katalon.core.main.TestCaseMain$startTestSuite$0.call(Unknown Source)
	at TempTestSuite1550476757023.run(TempTestSuite1550476757023.groovy:36)


2019-02-18 16:33:41 - [TEST_STEP][FAILED] - callTestCase(findTestCase("All TC/Arranged/3. Unit/EI/Form 7_default/OTC_Application_Reg"), [:], STOP_ON_FAILURE): callTestCase(findTestCase("All TC/Arranged/3. Unit/EI/Form 7_default/OTC_Application_Reg"), [:], STOP_ON_FAILURE) FAILED.
Reason:
com.kms.katalon.core.exception.StepFailedException: Unable to set text '10/01/2019' of object 'Object Repository/KeatMun/Form 7_default/OTC_Application_Reg/Page_PERKESO/11.Tarikh Terima_stampedDtS' (Root cause: com.kms.katalon.core.webui.exception.WebElementNotFoundException: Web element with id: 'Object Repository/KeatMun/Form 7_default/OTC_Application_Reg/Page_PERKESO/11.Tarikh Terima_stampedDtS' located by 'By.xpath: //input[@id = 'stampedDtStr' and @name = 'stampedDtStr' and @type = 'text']' not found)
	at com.kms.katalon.core.keyword.internal.KeywordMain.stepFailed(KeywordMain.groovy:36)
	at com.kms.katalon.core.webui.keyword.internal.WebUIKeywordMain.stepFailed(WebUIKeywordMain.groovy:65)
	at com.kms.katalon.core.webui.keyword.internal.WebUIKeywordMain.runKeyword(WebUIKeywordMain.groovy:27)
	at com.kms.katalon.core.webui.keyword.builtin.SetTextKeyword.setText(SetTextKeyword.groovy:65)
	at com.kms.katalon.core.webui.keyword.builtin.SetTextKeyword.execute(SetTextKeyword.groovy:37)
	at com.kms.katalon.core.keyword.internal.KeywordExecutor.executeKeywordForPlatform(KeywordExecutor.groovy:53)
	at com.kms.katalon.core.webui.keyword.WebUiBuiltInKeywords.setText(WebUiBuiltInKeywords.groovy:950)
	at com.kms.katalon.core.webui.keyword.WebUiBuiltInKeywords$setText$1.call(Unknown Source)
	at OTC_Application_Reg.run(OTC_Application_Reg:74)
	at com.kms.katalon.core.main.ScriptEngine.run(ScriptEngine.java:194)
	at com.kms.katalon.core.main.ScriptEngine.runScriptAsRawText(ScriptEngine.java:119)
	at com.kms.katalon.core.main.TestCaseExecutor.runScript(TestCaseExecutor.java:328)
	at com.kms.katalon.core.main.TestCaseExecutor.doExecute(TestCaseExecutor.java:319)
	at com.kms.katalon.core.main.TestCaseExecutor.processExecutionPhase(TestCaseExecutor.java:298)
	at com.kms.katalon.core.main.TestCaseExecutor.accessMainPhase(TestCaseExecutor.java:290)
	at com.kms.katalon.core.main.TestCaseExecutor.execute(TestCaseExecutor.java:224)
	at com.kms.katalon.core.main.TestCaseMain.runTestCase(TestCaseMain.java:106)
	at com.kms.katalon.core.keyword.builtin.CallTestCaseKeyword$_callTestCase_closure1.doCall(CallTestCaseKeyword.groovy:59)
	at com.kms.katalon.core.keyword.builtin.CallTestCaseKeyword$_callTestCase_closure1.call(CallTestCaseKeyword.groovy)
	at com.kms.katalon.core.keyword.internal.KeywordMain.runKeyword(KeywordMain.groovy:54)
	at com.kms.katalon.core.keyword.builtin.CallTestCaseKeyword.callTestCase(CallTestCaseKeyword.groovy:80)
	at com.kms.katalon.core.keyword.builtin.CallTestCaseKeyword.execute(CallTestCaseKeyword.groovy:44)
	at com.kms.katalon.core.keyword.internal.KeywordExecutor.executeKeywordForPlatform(KeywordExecutor.groovy:53)
	at com.kms.katalon.core.keyword.BuiltinKeywords.callTestCase(BuiltinKeywords.groovy:334)
	at OTC_Submit Form 7_End to End - Cheque.run(OTC_Submit Form 7_End to End - Cheque:16)
	at com.kms.katalon.core.main.ScriptEngine.run(ScriptEngine.java:194)
	at com.kms.katalon.core.main.ScriptEngine.runScriptAsRawText(ScriptEngine.java:119)
	at com.kms.katalon.core.main.TestCaseExecutor.runScript(TestCaseExecutor.java:328)
	at com.kms.katalon.core.main.TestCaseExecutor.doExecute(TestCaseExecutor.java:319)
	at com.kms.katalon.core.main.TestCaseExecutor.processExecutionPhase(TestCaseExecutor.java:298)
	at com.kms.katalon.core.main.TestCaseExecutor.accessMainPhase(TestCaseExecutor.java:290)
	at com.kms.katalon.core.main.TestCaseExecutor.execute(TestCaseExecutor.java:224)
	at com.kms.katalon.core.main.TestCaseMain.runTestCase(TestCaseMain.java:106)
	at com.kms.katalon.core.keyword.builtin.CallTestCaseKeyword$_callTestCase_closure1.doCall(CallTestCaseKeyword.groovy:59)
	at com.kms.katalon.core.keyword.builtin.CallTestCaseKeyword$_callTestCase_closure1.call(CallTestCaseKeyword.groovy)
	at com.kms.katalon.core.keyword.internal.KeywordMain.runKeyword(KeywordMain.groovy:54)
	at com.kms.katalon.core.keyword.builtin.CallTestCaseKeyword.callTestCase(CallTestCaseKeyword.groovy:80)
	at com.kms.katalon.core.keyword.builtin.CallTestCaseKeyword.execute(CallTestCaseKeyword.groovy:44)
	at com.kms.katalon.core.keyword.internal.KeywordExecutor.executeKeywordForPlatform(KeywordExecutor.groovy:53)
	at com.kms.katalon.core.keyword.BuiltinKeywords.callTestCase(BuiltinKeywords.groovy:334)
	at Same branch - EIO.run(Same branch - EIO:16)
	at com.kms.katalon.core.main.ScriptEngine.run(ScriptEngine.java:194)
	at com.kms.katalon.core.main.ScriptEngine.runScriptAsRawText(ScriptEngine.java:119)
	at com.kms.katalon.core.main.TestCaseExecutor.runScript(TestCaseExecutor.java:328)
	at com.kms.katalon.core.main.TestCaseExecutor.doExecute(TestCaseExecutor.java:319)
	at com.kms.katalon.core.main.TestCaseExecutor.processExecutionPhase(TestCaseExecutor.java:298)
	at com.kms.katalon.core.main.TestCaseExecutor.accessMainPhase(TestCaseExecutor.java:290)
	at com.kms.katalon.core.main.TestCaseExecutor.execute(TestCaseExecutor.java:224)
	at com.kms.katalon.core.main.TestSuiteExecutor.accessTestCaseMainPhase(TestSuiteExecutor.java:129)
	at com.kms.katalon.core.main.TestSuiteExecutor.accessTestSuiteMainPhase(TestSuiteExecutor.java:112)
	at com.kms.katalon.core.main.TestSuiteExecutor.execute(TestSuiteExecutor.java:81)
	at com.kms.katalon.core.main.TestCaseMain.startTestSuite(TestCaseMain.java:149)
	at com.kms.katalon.core.main.TestCaseMain$startTestSuite$0.call(Unknown Source)
	at TempTestSuite1550476757023.run(TempTestSuite1550476757023.groovy:36)


2019-02-18 16:33:41 - [TEST_CASE][FAILED] - Test Cases/All TC/Arranged/3. Unit/EI/Form 7_default/OTC_Application_Reg: Test Cases/All TC/Arranged/3. Unit/EI/Form 7_default/OTC_Application_Reg FAILED.
Reason:
com.kms.katalon.core.exception.StepFailedException: Unable to set text '10/01/2019' of object 'Object Repository/KeatMun/Form 7_default/OTC_Application_Reg/Page_PERKESO/11.Tarikh Terima_stampedDtS' (Root cause: com.kms.katalon.core.webui.exception.WebElementNotFoundException: Web element with id: 'Object Repository/KeatMun/Form 7_default/OTC_Application_Reg/Page_PERKESO/11.Tarikh Terima_stampedDtS' located by 'By.xpath: //input[@id = 'stampedDtStr' and @name = 'stampedDtStr' and @type = 'text']' not found)
	at com.kms.katalon.core.keyword.internal.KeywordMain.stepFailed(KeywordMain.groovy:36)
	at com.kms.katalon.core.webui.keyword.internal.WebUIKeywordMain.stepFailed(WebUIKeywordMain.groovy:65)
	at com.kms.katalon.core.webui.keyword.internal.WebUIKeywordMain.runKeyword(WebUIKeywordMain.groovy:27)
	at com.kms.katalon.core.webui.keyword.builtin.SetTextKeyword.setText(SetTextKeyword.groovy:65)
	at com.kms.katalon.core.webui.keyword.builtin.SetTextKeyword.execute(SetTextKeyword.groovy:37)
	at com.kms.katalon.core.keyword.internal.KeywordExecutor.executeKeywordForPlatform(KeywordExecutor.groovy:53)
	at com.kms.katalon.core.webui.keyword.WebUiBuiltInKeywords.setText(WebUiBuiltInKeywords.groovy:950)
	at com.kms.katalon.core.webui.keyword.WebUiBuiltInKeywords$setText$1.call(Unknown Source)
	at OTC_Application_Reg.run(OTC_Application_Reg:74)
	at com.kms.katalon.core.main.ScriptEngine.run(ScriptEngine.java:194)
	at com.kms.katalon.core.main.ScriptEngine.runScriptAsRawText(ScriptEngine.java:119)
	at com.kms.katalon.core.main.TestCaseExecutor.runScript(TestCaseExecutor.java:328)
	at com.kms.katalon.core.main.TestCaseExecutor.doExecute(TestCaseExecutor.java:319)
	at com.kms.katalon.core.main.TestCaseExecutor.processExecutionPhase(TestCaseExecutor.java:298)
	at com.kms.katalon.core.main.TestCaseExecutor.accessMainPhase(TestCaseExecutor.java:290)
	at com.kms.katalon.core.main.TestCaseExecutor.execute(TestCaseExecutor.java:224)
	at com.kms.katalon.core.main.TestCaseMain.runTestCase(TestCaseMain.java:106)
	at com.kms.katalon.core.keyword.builtin.CallTestCaseKeyword$_callTestCase_closure1.doCall(CallTestCaseKeyword.groovy:59)
	at com.kms.katalon.core.keyword.builtin.CallTestCaseKeyword$_callTestCase_closure1.call(CallTestCaseKeyword.groovy)
	at com.kms.katalon.core.keyword.internal.KeywordMain.runKeyword(KeywordMain.groovy:54)
	at com.kms.katalon.core.keyword.builtin.CallTestCaseKeyword.callTestCase(CallTestCaseKeyword.groovy:80)
	at com.kms.katalon.core.keyword.builtin.CallTestCaseKeyword.execute(CallTestCaseKeyword.groovy:44)
	at com.kms.katalon.core.keyword.internal.KeywordExecutor.executeKeywordForPlatform(KeywordExecutor.groovy:53)
	at com.kms.katalon.core.keyword.BuiltinKeywords.callTestCase(BuiltinKeywords.groovy:334)
	at OTC_Submit Form 7_End to End - Cheque.run(OTC_Submit Form 7_End to End - Cheque:16)
	at com.kms.katalon.core.main.ScriptEngine.run(ScriptEngine.java:194)
	at com.kms.katalon.core.main.ScriptEngine.runScriptAsRawText(ScriptEngine.java:119)
	at com.kms.katalon.core.main.TestCaseExecutor.runScript(TestCaseExecutor.java:328)
	at com.kms.katalon.core.main.TestCaseExecutor.doExecute(TestCaseExecutor.java:319)
	at com.kms.katalon.core.main.TestCaseExecutor.processExecutionPhase(TestCaseExecutor.java:298)
	at com.kms.katalon.core.main.TestCaseExecutor.accessMainPhase(TestCaseExecutor.java:290)
	at com.kms.katalon.core.main.TestCaseExecutor.execute(TestCaseExecutor.java:224)
	at com.kms.katalon.core.main.TestCaseMain.runTestCase(TestCaseMain.java:106)
	at com.kms.katalon.core.keyword.builtin.CallTestCaseKeyword$_callTestCase_closure1.doCall(CallTestCaseKeyword.groovy:59)
	at com.kms.katalon.core.keyword.builtin.CallTestCaseKeyword$_callTestCase_closure1.call(CallTestCaseKeyword.groovy)
	at com.kms.katalon.core.keyword.internal.KeywordMain.runKeyword(KeywordMain.groovy:54)
	at com.kms.katalon.core.keyword.builtin.CallTestCaseKeyword.callTestCase(CallTestCaseKeyword.groovy:80)
	at com.kms.katalon.core.keyword.builtin.CallTestCaseKeyword.execute(CallTestCaseKeyword.groovy:44)
	at com.kms.katalon.core.keyword.internal.KeywordExecutor.executeKeywordForPlatform(KeywordExecutor.groovy:53)
	at com.kms.katalon.core.keyword.BuiltinKeywords.callTestCase(BuiltinKeywords.groovy:334)
	at Same branch - EIO.run(Same branch - EIO:16)
	at com.kms.katalon.core.main.ScriptEngine.run(ScriptEngine.java:194)
	at com.kms.katalon.core.main.ScriptEngine.runScriptAsRawText(ScriptEngine.java:119)
	at com.kms.katalon.core.main.TestCaseExecutor.runScript(TestCaseExecutor.java:328)
	at com.kms.katalon.core.main.TestCaseExecutor.doExecute(TestCaseExecutor.java:319)
	at com.kms.katalon.core.main.TestCaseExecutor.processExecutionPhase(TestCaseExecutor.java:298)
	at com.kms.katalon.core.main.TestCaseExecutor.accessMainPhase(TestCaseExecutor.java:290)
	at com.kms.katalon.core.main.TestCaseExecutor.execute(TestCaseExecutor.java:224)
	at com.kms.katalon.core.main.TestSuiteExecutor.accessTestCaseMainPhase(TestSuiteExecutor.java:129)
	at com.kms.katalon.core.main.TestSuiteExecutor.accessTestSuiteMainPhase(TestSuiteExecutor.java:112)
	at com.kms.katalon.core.main.TestSuiteExecutor.execute(TestSuiteExecutor.java:81)
	at com.kms.katalon.core.main.TestCaseMain.startTestSuite(TestCaseMain.java:149)
	at com.kms.katalon.core.main.TestCaseMain$startTestSuite$0.call(Unknown Source)
	at TempTestSuite1550476757023.run(TempTestSuite1550476757023.groovy:36)


2019-02-18 16:33:41 - [TEST_STEP][PASSED] - openBrowser(""): Browser is opened with url: ''

2019-02-18 16:33:41 - [MESSAGE][WARNING] - A browser is already opened. Closing browser and opening a new one

2019-02-18 16:33:43 - [MESSAGE][INFO] - Starting 'Chrome' driver

2019-02-18 16:33:43 - [MESSAGE][INFO] - User set preference: ['args', '[--start-maximized]']

2019-02-18 16:33:47 - [MESSAGE][PASSED] - Browser is opened with url: ''

2019-02-18 16:33:47 - [TEST_STEP][PASSED] - navigateToUrl(Internal_Login): Navigate to 'http://10.20.24.188/eisportal/user/login' successfully

2019-02-18 16:33:49 - [MESSAGE][PASSED] - Navigate to 'http://10.20.24.188/eisportal/user/login' successfully

2019-02-18 16:33:49 - [TEST_STEP][PASSED] - delay(3): Delayed 3 second(s)

2019-02-18 16:33:52 - [MESSAGE][PASSED] - Delayed 3 second(s)

2019-02-18 16:33:52 - [TEST_STEP][PASSED] - setText(findTestObject("KeatMun/Form 7_default/OTC_Application_Reg/Page_PERKESO/1.username"), "faizal.hamid@perkeso.gov.my"): Text 'faizal.hamid@perkeso.gov.my' is set on object 'Object Repository/KeatMun/Form 7_default/OTC_Application_Reg/Page_PERKESO/1.username'

2019-02-18 16:33:57 - [MESSAGE][PASSED] - Text 'faizal.hamid@perkeso.gov.my' is set on object 'Object Repository/KeatMun/Form 7_default/OTC_Application_Reg/Page_PERKESO/1.username'

2019-02-18 16:33:57 - [TEST_STEP][PASSED] - delay(1): Delayed 1 second(s)

2019-02-18 16:33:58 - [MESSAGE][PASSED] - Delayed 1 second(s)

2019-02-18 16:33:58 - [TEST_STEP][PASSED] - setEncryptedText(findTestObject("KeatMun/Form 7_default/OTC_Application_Reg/Page_PERKESO/2.password"), "CQqwFZlbeC8="): Text ****** has been set on object 'Object Repository/KeatMun/Form 7_default/OTC_Application_Reg/Page_PERKESO/2.password'

2019-02-18 16:34:01 - [MESSAGE][PASSED] - Text ****** has been set on object 'Object Repository/KeatMun/Form 7_default/OTC_Application_Reg/Page_PERKESO/2.password'

2019-02-18 16:34:01 - [TEST_STEP][PASSED] - delay(2): Delayed 2 second(s)

2019-02-18 16:34:03 - [MESSAGE][PASSED] - Delayed 2 second(s)

2019-02-18 16:34:03 - [TEST_STEP][PASSED] - click(findTestObject("KeatMun/Form 7_default/OTC_Application_Reg/Page_PERKESO/3.login button")): Object: 'Object Repository/KeatMun/Form 7_default/OTC_Application_Reg/Page_PERKESO/3.login button' is clicked on

2019-02-18 16:34:06 - [MESSAGE][PASSED] - Object: 'Object Repository/KeatMun/Form 7_default/OTC_Application_Reg/Page_PERKESO/3.login button' is clicked on

2019-02-18 16:34:06 - [TEST_STEP][PASSED] - delay(2): Delayed 2 second(s)

2019-02-18 16:34:08 - [MESSAGE][PASSED] - Delayed 2 second(s)

2019-02-18 16:34:08 - [TEST_STEP][PASSED] - click(findTestObject("KeatMun/Form 7_default/OTC_Application_Reg/Page_PERKESO/4. Permohonan tab")): Object: 'Object Repository/KeatMun/Form 7_default/OTC_Application_Reg/Page_PERKESO/4. Permohonan tab' is clicked on

2019-02-18 16:34:10 - [MESSAGE][PASSED] - Object: 'Object Repository/KeatMun/Form 7_default/OTC_Application_Reg/Page_PERKESO/4. Permohonan tab' is clicked on

2019-02-18 16:34:10 - [TEST_STEP][PASSED] - delay(2): Delayed 2 second(s)

2019-02-18 16:34:12 - [MESSAGE][PASSED] - Delayed 2 second(s)

2019-02-18 16:34:12 - [TEST_STEP][PASSED] - click(findTestObject("KeatMun/Form 7_default/OTC_Application_Reg/Page_PERKESO/5.button_Setuju")): Object: 'Object Repository/KeatMun/Form 7_default/OTC_Application_Reg/Page_PERKESO/5.button_Setuju' is clicked on

2019-02-18 16:34:15 - [MESSAGE][PASSED] - Object: 'Object Repository/KeatMun/Form 7_default/OTC_Application_Reg/Page_PERKESO/5.button_Setuju' is clicked on

2019-02-18 16:34:15 - [TEST_STEP][PASSED] - delay(2): Delayed 2 second(s)

2019-02-18 16:34:17 - [MESSAGE][PASSED] - Delayed 2 second(s)

2019-02-18 16:34:17 - [TEST_STEP][PASSED] - IC = "950000140036": null

2019-02-18 16:34:17 - [TEST_STEP][PASSED] - setText(findTestObject("KeatMun/Form 7_default/OTC_Application_Reg/Page_PERKESO/6.No. Kad Pengenalan"), IC): Text '950000140036' is set on object 'Object Repository/KeatMun/Form 7_default/OTC_Application_Reg/Page_PERKESO/6.No. Kad Pengenalan'

2019-02-18 16:34:21 - [MESSAGE][PASSED] - Text '950000140036' is set on object 'Object Repository/KeatMun/Form 7_default/OTC_Application_Reg/Page_PERKESO/6.No. Kad Pengenalan'

2019-02-18 16:34:21 - [TEST_STEP][PASSED] - callTestCase(findTestCase("All TC/Arranged/1. Common/1.2 Setter/Setter IC"), [:], STOP_ON_FAILURE): Call Test Case 'Test Cases/All TC/Arranged/1. Common/1.2 Setter/Setter IC' successfully

2019-02-18 16:34:21 - [TEST_CASE][PASSED] - Test Cases/All TC/Arranged/1. Common/1.2 Setter/Setter IC: Test Cases/All TC/Arranged/1. Common/1.2 Setter/Setter IC

2019-02-18 16:34:21 - [TEST_STEP][PASSED] - RefNoOldFile = new java.io.File((internal.GlobalVariable.TextFilePathCommon + \getIC.txt)): null

2019-02-18 16:34:21 - [TEST_STEP][PASSED] - RefNoOldFile.delete(): null

2019-02-18 16:34:21 - [TEST_STEP][PASSED] - delay(5): Delayed 5 second(s)

2019-02-18 16:34:26 - [MESSAGE][PASSED] - Delayed 5 second(s)

2019-02-18 16:34:26 - [TEST_STEP][PASSED] - RefNo = new java.io.File((internal.GlobalVariable.TextFilePathCommon + \getIC.txt)): null

2019-02-18 16:34:26 - [TEST_STEP][PASSED] - f2 = new java.io.FileWriter(RefNo, false): null

2019-02-18 16:34:26 - [TEST_STEP][PASSED] - f2.write(IC): null

2019-02-18 16:34:26 - [TEST_STEP][PASSED] - f2.close(): null

2019-02-18 16:34:26 - [TEST_STEP][PASSED] - out.println("


" + IC + "


"): null

2019-02-18 16:34:26 - [MESSAGE][PASSED] - Call Test Case 'Test Cases/All TC/Arranged/1. Common/1.2 Setter/Setter IC' successfully

2019-02-18 16:34:26 - [TEST_STEP][PASSED] - delay(2): Delayed 2 second(s)

2019-02-18 16:34:28 - [MESSAGE][PASSED] - Delayed 2 second(s)

2019-02-18 16:34:28 - [TEST_STEP][PASSED] - click(findTestObject("KeatMun/Form 7_default/OTC_Application_Reg/Page_PERKESO/7.button_Semak")): Object: 'Object Repository/KeatMun/Form 7_default/OTC_Application_Reg/Page_PERKESO/7.button_Semak' is clicked on

2019-02-18 16:34:30 - [MESSAGE][PASSED] - Object: 'Object Repository/KeatMun/Form 7_default/OTC_Application_Reg/Page_PERKESO/7.button_Semak' is clicked on

2019-02-18 16:34:30 - [TEST_STEP][PASSED] - delay(4): Delayed 4 second(s)

2019-02-18 16:34:34 - [MESSAGE][PASSED] - Delayed 4 second(s)

2019-02-18 16:34:34 - [TEST_STEP][PASSED] - click(findTestObject("KeatMun/Form 7_default/OTC_Application_Reg/Page_PERKESO/8. Nama Majikan Dropdown")): Object: 'Object Repository/KeatMun/Form 7_default/OTC_Application_Reg/Page_PERKESO/8. Nama Majikan Dropdown' is clicked on

2019-02-18 16:34:37 - [MESSAGE][PASSED] - Object: 'Object Repository/KeatMun/Form 7_default/OTC_Application_Reg/Page_PERKESO/8. Nama Majikan Dropdown' is clicked on

2019-02-18 16:34:37 - [TEST_STEP][PASSED] - setText(findTestObject("KeatMun/Form 7_default/OTC_Application_Reg/Page_PERKESO/8. LOE emp"), "mon"): Text 'mon' is set on object 'Object Repository/KeatMun/Form 7_default/OTC_Application_Reg/Page_PERKESO/8. LOE emp'

2019-02-18 16:34:42 - [MESSAGE][PASSED] - Text 'mon' is set on object 'Object Repository/KeatMun/Form 7_default/OTC_Application_Reg/Page_PERKESO/8. LOE emp'

2019-02-18 16:34:42 - [TEST_STEP][PASSED] - click(findTestObject("KeatMun/Form 7_default/OTC_Application_Reg/Page_PERKESO/8. MONSOON MOTEL")): Object: 'Object Repository/KeatMun/Form 7_default/OTC_Application_Reg/Page_PERKESO/8. MONSOON MOTEL' is clicked on

2019-02-18 16:34:44 - [MESSAGE][PASSED] - Object: 'Object Repository/KeatMun/Form 7_default/OTC_Application_Reg/Page_PERKESO/8. MONSOON MOTEL' is clicked on

2019-02-18 16:34:44 - [TEST_STEP][PASSED] - delay(2): Delayed 2 second(s)

2019-02-18 16:34:46 - [MESSAGE][PASSED] - Delayed 2 second(s)

2019-02-18 16:34:46 - [TEST_STEP][PASSED] - setText(findTestObject("KeatMun/Form 7_default/OTC_Application_Reg/Page_PERKESO/9.Tarikh kehilangan pkj"), "10/01/2019"): Text '10/01/2019' is set on object 'Object Repository/KeatMun/Form 7_default/OTC_Application_Reg/Page_PERKESO/9.Tarikh kehilangan pkj'

2019-02-18 16:34:50 - [MESSAGE][PASSED] - Text '10/01/2019' is set on object 'Object Repository/KeatMun/Form 7_default/OTC_Application_Reg/Page_PERKESO/9.Tarikh kehilangan pkj'

2019-02-18 16:34:50 - [TEST_STEP][PASSED] - delay(2): Delayed 2 second(s)

2019-02-18 16:34:52 - [MESSAGE][PASSED] - Delayed 2 second(s)

2019-02-18 16:34:52 - [TEST_STEP][PASSED] - click(findTestObject("KeatMun/Form 7_default/OTC_Application_Reg/Page_PERKESO/9. Date Picker Done Button ")): Object: 'Object Repository/KeatMun/Form 7_default/OTC_Application_Reg/Page_PERKESO/9. Date Picker Done Button ' is clicked on

2019-02-18 16:34:54 - [MESSAGE][PASSED] - Object: 'Object Repository/KeatMun/Form 7_default/OTC_Application_Reg/Page_PERKESO/9. Date Picker Done Button ' is clicked on

2019-02-18 16:34:54 - [TEST_STEP][PASSED] - delay(2): Delayed 2 second(s)

2019-02-18 16:34:56 - [MESSAGE][PASSED] - Delayed 2 second(s)

2019-02-18 16:34:56 - [TEST_STEP][PASSED] - click(findTestObject("KeatMun/Form 7_default/OTC_Application_Reg/Page_PERKESO/10.button_Mohon")): Object: 'Object Repository/KeatMun/Form 7_default/OTC_Application_Reg/Page_PERKESO/10.button_Mohon' is clicked on

2019-02-18 16:34:58 - [MESSAGE][PASSED] - Object: 'Object Repository/KeatMun/Form 7_default/OTC_Application_Reg/Page_PERKESO/10.button_Mohon' is clicked on

2019-02-18 16:34:58 - [TEST_STEP][PASSED] - delay(2): Delayed 2 second(s)

2019-02-18 16:35:00 - [MESSAGE][PASSED] - Delayed 2 second(s)

2019-02-18 16:35:00 - [TEST_STEP][FAILED] - setText(findTestObject("KeatMun/Form 7_default/OTC_Application_Reg/Page_PERKESO/11.Tarikh Terima_stampedDtS"), "10/01/2019"): setText(findTestObject("KeatMun/Form 7_default/OTC_Application_Reg/Page_PERKESO/11.Tarikh Terima_stampedDtS"), "10/01/2019") FAILED.
Reason:
com.kms.katalon.core.exception.StepFailedException: Unable to set text '10/01/2019' of object 'Object Repository/KeatMun/Form 7_default/OTC_Application_Reg/Page_PERKESO/11.Tarikh Terima_stampedDtS' (Root cause: com.kms.katalon.core.webui.exception.WebElementNotFoundException: Web element with id: 'Object Repository/KeatMun/Form 7_default/OTC_Application_Reg/Page_PERKESO/11.Tarikh Terima_stampedDtS' located by 'By.xpath: //input[@id = 'stampedDtStr' and @name = 'stampedDtStr' and @type = 'text']' not found)
	at com.kms.katalon.core.keyword.internal.KeywordMain.stepFailed(KeywordMain.groovy:36)
	at com.kms.katalon.core.webui.keyword.internal.WebUIKeywordMain.stepFailed(WebUIKeywordMain.groovy:65)
	at com.kms.katalon.core.webui.keyword.internal.WebUIKeywordMain.runKeyword(WebUIKeywordMain.groovy:27)
	at com.kms.katalon.core.webui.keyword.builtin.SetTextKeyword.setText(SetTextKeyword.groovy:65)
	at com.kms.katalon.core.webui.keyword.builtin.SetTextKeyword.execute(SetTextKeyword.groovy:37)
	at com.kms.katalon.core.keyword.internal.KeywordExecutor.executeKeywordForPlatform(KeywordExecutor.groovy:53)
	at com.kms.katalon.core.webui.keyword.WebUiBuiltInKeywords.setText(WebUiBuiltInKeywords.groovy:950)
	at com.kms.katalon.core.webui.keyword.WebUiBuiltInKeywords$setText$1.call(Unknown Source)
	at OTC_Application_Reg.run(OTC_Application_Reg:74)
	at com.kms.katalon.core.main.ScriptEngine.run(ScriptEngine.java:194)
	at com.kms.katalon.core.main.ScriptEngine.runScriptAsRawText(ScriptEngine.java:119)
	at com.kms.katalon.core.main.TestCaseExecutor.runScript(TestCaseExecutor.java:328)
	at com.kms.katalon.core.main.TestCaseExecutor.doExecute(TestCaseExecutor.java:319)
	at com.kms.katalon.core.main.TestCaseExecutor.processExecutionPhase(TestCaseExecutor.java:298)
	at com.kms.katalon.core.main.TestCaseExecutor.accessMainPhase(TestCaseExecutor.java:290)
	at com.kms.katalon.core.main.TestCaseExecutor.execute(TestCaseExecutor.java:224)
	at com.kms.katalon.core.main.TestCaseMain.runTestCase(TestCaseMain.java:106)
	at com.kms.katalon.core.keyword.builtin.CallTestCaseKeyword$_callTestCase_closure1.doCall(CallTestCaseKeyword.groovy:59)
	at com.kms.katalon.core.keyword.builtin.CallTestCaseKeyword$_callTestCase_closure1.call(CallTestCaseKeyword.groovy)
	at com.kms.katalon.core.keyword.internal.KeywordMain.runKeyword(KeywordMain.groovy:54)
	at com.kms.katalon.core.keyword.builtin.CallTestCaseKeyword.callTestCase(CallTestCaseKeyword.groovy:80)
	at com.kms.katalon.core.keyword.builtin.CallTestCaseKeyword.execute(CallTestCaseKeyword.groovy:44)
	at com.kms.katalon.core.keyword.internal.KeywordExecutor.executeKeywordForPlatform(KeywordExecutor.groovy:53)
	at com.kms.katalon.core.keyword.BuiltinKeywords.callTestCase(BuiltinKeywords.groovy:334)
	at OTC_Submit Form 7_End to End - Cheque.run(OTC_Submit Form 7_End to End - Cheque:16)
	at com.kms.katalon.core.main.ScriptEngine.run(ScriptEngine.java:194)
	at com.kms.katalon.core.main.ScriptEngine.runScriptAsRawText(ScriptEngine.java:119)
	at com.kms.katalon.core.main.TestCaseExecutor.runScript(TestCaseExecutor.java:328)
	at com.kms.katalon.core.main.TestCaseExecutor.doExecute(TestCaseExecutor.java:319)
	at com.kms.katalon.core.main.TestCaseExecutor.processExecutionPhase(TestCaseExecutor.java:298)
	at com.kms.katalon.core.main.TestCaseExecutor.accessMainPhase(TestCaseExecutor.java:290)
	at com.kms.katalon.core.main.TestCaseExecutor.execute(TestCaseExecutor.java:224)
	at com.kms.katalon.core.main.TestCaseMain.runTestCase(TestCaseMain.java:106)
	at com.kms.katalon.core.keyword.builtin.CallTestCaseKeyword$_callTestCase_closure1.doCall(CallTestCaseKeyword.groovy:59)
	at com.kms.katalon.core.keyword.builtin.CallTestCaseKeyword$_callTestCase_closure1.call(CallTestCaseKeyword.groovy)
	at com.kms.katalon.core.keyword.internal.KeywordMain.runKeyword(KeywordMain.groovy:54)
	at com.kms.katalon.core.keyword.builtin.CallTestCaseKeyword.callTestCase(CallTestCaseKeyword.groovy:80)
	at com.kms.katalon.core.keyword.builtin.CallTestCaseKeyword.execute(CallTestCaseKeyword.groovy:44)
	at com.kms.katalon.core.keyword.internal.KeywordExecutor.executeKeywordForPlatform(KeywordExecutor.groovy:53)
	at com.kms.katalon.core.keyword.BuiltinKeywords.callTestCase(BuiltinKeywords.groovy:334)
	at Same branch - EIO.run(Same branch - EIO:16)
	at com.kms.katalon.core.main.ScriptEngine.run(ScriptEngine.java:194)
	at com.kms.katalon.core.main.ScriptEngine.runScriptAsRawText(ScriptEngine.java:119)
	at com.kms.katalon.core.main.TestCaseExecutor.runScript(TestCaseExecutor.java:328)
	at com.kms.katalon.core.main.TestCaseExecutor.doExecute(TestCaseExecutor.java:319)
	at com.kms.katalon.core.main.TestCaseExecutor.processExecutionPhase(TestCaseExecutor.java:298)
	at com.kms.katalon.core.main.TestCaseExecutor.accessMainPhase(TestCaseExecutor.java:290)
	at com.kms.katalon.core.main.TestCaseExecutor.execute(TestCaseExecutor.java:224)
	at com.kms.katalon.core.main.TestSuiteExecutor.accessTestCaseMainPhase(TestSuiteExecutor.java:129)
	at com.kms.katalon.core.main.TestSuiteExecutor.accessTestSuiteMainPhase(TestSuiteExecutor.java:112)
	at com.kms.katalon.core.main.TestSuiteExecutor.execute(TestSuiteExecutor.java:81)
	at com.kms.katalon.core.main.TestCaseMain.startTestSuite(TestCaseMain.java:149)
	at com.kms.katalon.core.main.TestCaseMain$startTestSuite$0.call(Unknown Source)
	at TempTestSuite1550476757023.run(TempTestSuite1550476757023.groovy:36)


2019-02-18 16:35:31 - [MESSAGE][INFO] - Unable to find the element located by 'By.xpath: //input[@id = 'stampedDtStr' and @name = 'stampedDtStr' and @type = 'text']'. Please recheck the objects properties to make sure the desired element is located. 

2019-02-18 16:35:32 - [MESSAGE][FAILED] - Unable to set text '10/01/2019' of object 'Object Repository/KeatMun/Form 7_default/OTC_Application_Reg/Page_PERKESO/11.Tarikh Terima_stampedDtS' (Root cause: com.kms.katalon.core.webui.exception.WebElementNotFoundException: Web element with id: 'Object Repository/KeatMun/Form 7_default/OTC_Application_Reg/Page_PERKESO/11.Tarikh Terima_stampedDtS' located by 'By.xpath: //input[@id = 'stampedDtStr' and @name = 'stampedDtStr' and @type = 'text']' not found)
[[ATTACHMENT|C:\\Users\\Admin\\Documents\\GitHub\\PKSKatalon\\PKS-EI-ES\\Reports\\New Test Suite\\20190218_155917\\1550478931230.png]]

2019-02-18 16:35:32 - [MESSAGE][FAILED] - setText(findTestObject("KeatMun/Form 7_default/OTC_Application_Reg/Page_PERKESO/11.Tarikh Terima_stampedDtS"), "10/01/2019") FAILED.
Reason:
com.kms.katalon.core.exception.StepFailedException: Unable to set text '10/01/2019' of object 'Object Repository/KeatMun/Form 7_default/OTC_Application_Reg/Page_PERKESO/11.Tarikh Terima_stampedDtS' (Root cause: com.kms.katalon.core.webui.exception.WebElementNotFoundException: Web element with id: 'Object Repository/KeatMun/Form 7_default/OTC_Application_Reg/Page_PERKESO/11.Tarikh Terima_stampedDtS' located by 'By.xpath: //input[@id = 'stampedDtStr' and @name = 'stampedDtStr' and @type = 'text']' not found)
	at com.kms.katalon.core.keyword.internal.KeywordMain.stepFailed(KeywordMain.groovy:36)
	at com.kms.katalon.core.webui.keyword.internal.WebUIKeywordMain.stepFailed(WebUIKeywordMain.groovy:65)
	at com.kms.katalon.core.webui.keyword.internal.WebUIKeywordMain.runKeyword(WebUIKeywordMain.groovy:27)
	at com.kms.katalon.core.webui.keyword.builtin.SetTextKeyword.setText(SetTextKeyword.groovy:65)
	at com.kms.katalon.core.webui.keyword.builtin.SetTextKeyword.execute(SetTextKeyword.groovy:37)
	at com.kms.katalon.core.keyword.internal.KeywordExecutor.executeKeywordForPlatform(KeywordExecutor.groovy:53)
	at com.kms.katalon.core.webui.keyword.WebUiBuiltInKeywords.setText(WebUiBuiltInKeywords.groovy:950)
	at com.kms.katalon.core.webui.keyword.WebUiBuiltInKeywords$setText$1.call(Unknown Source)
	at OTC_Application_Reg.run(OTC_Application_Reg:74)
	at com.kms.katalon.core.main.ScriptEngine.run(ScriptEngine.java:194)
	at com.kms.katalon.core.main.ScriptEngine.runScriptAsRawText(ScriptEngine.java:119)
	at com.kms.katalon.core.main.TestCaseExecutor.runScript(TestCaseExecutor.java:328)
	at com.kms.katalon.core.main.TestCaseExecutor.doExecute(TestCaseExecutor.java:319)
	at com.kms.katalon.core.main.TestCaseExecutor.processExecutionPhase(TestCaseExecutor.java:298)
	at com.kms.katalon.core.main.TestCaseExecutor.accessMainPhase(TestCaseExecutor.java:290)
	at com.kms.katalon.core.main.TestCaseExecutor.execute(TestCaseExecutor.java:224)
	at com.kms.katalon.core.main.TestCaseMain.runTestCase(TestCaseMain.java:106)
	at com.kms.katalon.core.keyword.builtin.CallTestCaseKeyword$_callTestCase_closure1.doCall(CallTestCaseKeyword.groovy:59)
	at com.kms.katalon.core.keyword.builtin.CallTestCaseKeyword$_callTestCase_closure1.call(CallTestCaseKeyword.groovy)
	at com.kms.katalon.core.keyword.internal.KeywordMain.runKeyword(KeywordMain.groovy:54)
	at com.kms.katalon.core.keyword.builtin.CallTestCaseKeyword.callTestCase(CallTestCaseKeyword.groovy:80)
	at com.kms.katalon.core.keyword.builtin.CallTestCaseKeyword.execute(CallTestCaseKeyword.groovy:44)
	at com.kms.katalon.core.keyword.internal.KeywordExecutor.executeKeywordForPlatform(KeywordExecutor.groovy:53)
	at com.kms.katalon.core.keyword.BuiltinKeywords.callTestCase(BuiltinKeywords.groovy:334)
	at OTC_Submit Form 7_End to End - Cheque.run(OTC_Submit Form 7_End to End - Cheque:16)
	at com.kms.katalon.core.main.ScriptEngine.run(ScriptEngine.java:194)
	at com.kms.katalon.core.main.ScriptEngine.runScriptAsRawText(ScriptEngine.java:119)
	at com.kms.katalon.core.main.TestCaseExecutor.runScript(TestCaseExecutor.java:328)
	at com.kms.katalon.core.main.TestCaseExecutor.doExecute(TestCaseExecutor.java:319)
	at com.kms.katalon.core.main.TestCaseExecutor.processExecutionPhase(TestCaseExecutor.java:298)
	at com.kms.katalon.core.main.TestCaseExecutor.accessMainPhase(TestCaseExecutor.java:290)
	at com.kms.katalon.core.main.TestCaseExecutor.execute(TestCaseExecutor.java:224)
	at com.kms.katalon.core.main.TestCaseMain.runTestCase(TestCaseMain.java:106)
	at com.kms.katalon.core.keyword.builtin.CallTestCaseKeyword$_callTestCase_closure1.doCall(CallTestCaseKeyword.groovy:59)
	at com.kms.katalon.core.keyword.builtin.CallTestCaseKeyword$_callTestCase_closure1.call(CallTestCaseKeyword.groovy)
	at com.kms.katalon.core.keyword.internal.KeywordMain.runKeyword(KeywordMain.groovy:54)
	at com.kms.katalon.core.keyword.builtin.CallTestCaseKeyword.callTestCase(CallTestCaseKeyword.groovy:80)
	at com.kms.katalon.core.keyword.builtin.CallTestCaseKeyword.execute(CallTestCaseKeyword.groovy:44)
	at com.kms.katalon.core.keyword.internal.KeywordExecutor.executeKeywordForPlatform(KeywordExecutor.groovy:53)
	at com.kms.katalon.core.keyword.BuiltinKeywords.callTestCase(BuiltinKeywords.groovy:334)
	at Same branch - EIO.run(Same branch - EIO:16)
	at com.kms.katalon.core.main.ScriptEngine.run(ScriptEngine.java:194)
	at com.kms.katalon.core.main.ScriptEngine.runScriptAsRawText(ScriptEngine.java:119)
	at com.kms.katalon.core.main.TestCaseExecutor.runScript(TestCaseExecutor.java:328)
	at com.kms.katalon.core.main.TestCaseExecutor.doExecute(TestCaseExecutor.java:319)
	at com.kms.katalon.core.main.TestCaseExecutor.processExecutionPhase(TestCaseExecutor.java:298)
	at com.kms.katalon.core.main.TestCaseExecutor.accessMainPhase(TestCaseExecutor.java:290)
	at com.kms.katalon.core.main.TestCaseExecutor.execute(TestCaseExecutor.java:224)
	at com.kms.katalon.core.main.TestSuiteExecutor.accessTestCaseMainPhase(TestSuiteExecutor.java:129)
	at com.kms.katalon.core.main.TestSuiteExecutor.accessTestSuiteMainPhase(TestSuiteExecutor.java:112)
	at com.kms.katalon.core.main.TestSuiteExecutor.execute(TestSuiteExecutor.java:81)
	at com.kms.katalon.core.main.TestCaseMain.startTestSuite(TestCaseMain.java:149)
	at com.kms.katalon.core.main.TestCaseMain$startTestSuite$0.call(Unknown Source)
	at TempTestSuite1550476757023.run(TempTestSuite1550476757023.groovy:36)


2019-02-18 16:35:32 - [MESSAGE][FAILED] - Unable to call Test Case 'Test Cases/All TC/Arranged/3. Unit/EI/Form 7_default/OTC_Application_Reg' (Root cause: com.kms.katalon.core.exception.StepFailedException: Call Test Case 'Test Cases/All TC/Arranged/3. Unit/EI/Form 7_default/OTC_Application_Reg' failed)

2019-02-18 16:35:32 - [MESSAGE][FAILED] - callTestCase(findTestCase("All TC/Arranged/3. Unit/EI/Form 7_default/OTC_Application_Reg"), [:], STOP_ON_FAILURE) FAILED.
Reason:
com.kms.katalon.core.exception.StepFailedException: Unable to set text '10/01/2019' of object 'Object Repository/KeatMun/Form 7_default/OTC_Application_Reg/Page_PERKESO/11.Tarikh Terima_stampedDtS' (Root cause: com.kms.katalon.core.webui.exception.WebElementNotFoundException: Web element with id: 'Object Repository/KeatMun/Form 7_default/OTC_Application_Reg/Page_PERKESO/11.Tarikh Terima_stampedDtS' located by 'By.xpath: //input[@id = 'stampedDtStr' and @name = 'stampedDtStr' and @type = 'text']' not found)
	at com.kms.katalon.core.keyword.internal.KeywordMain.stepFailed(KeywordMain.groovy:36)
	at com.kms.katalon.core.webui.keyword.internal.WebUIKeywordMain.stepFailed(WebUIKeywordMain.groovy:65)
	at com.kms.katalon.core.webui.keyword.internal.WebUIKeywordMain.runKeyword(WebUIKeywordMain.groovy:27)
	at com.kms.katalon.core.webui.keyword.builtin.SetTextKeyword.setText(SetTextKeyword.groovy:65)
	at com.kms.katalon.core.webui.keyword.builtin.SetTextKeyword.execute(SetTextKeyword.groovy:37)
	at com.kms.katalon.core.keyword.internal.KeywordExecutor.executeKeywordForPlatform(KeywordExecutor.groovy:53)
	at com.kms.katalon.core.webui.keyword.WebUiBuiltInKeywords.setText(WebUiBuiltInKeywords.groovy:950)
	at com.kms.katalon.core.webui.keyword.WebUiBuiltInKeywords$setText$1.call(Unknown Source)
	at OTC_Application_Reg.run(OTC_Application_Reg:74)
	at com.kms.katalon.core.main.ScriptEngine.run(ScriptEngine.java:194)
	at com.kms.katalon.core.main.ScriptEngine.runScriptAsRawText(ScriptEngine.java:119)
	at com.kms.katalon.core.main.TestCaseExecutor.runScript(TestCaseExecutor.java:328)
	at com.kms.katalon.core.main.TestCaseExecutor.doExecute(TestCaseExecutor.java:319)
	at com.kms.katalon.core.main.TestCaseExecutor.processExecutionPhase(TestCaseExecutor.java:298)
	at com.kms.katalon.core.main.TestCaseExecutor.accessMainPhase(TestCaseExecutor.java:290)
	at com.kms.katalon.core.main.TestCaseExecutor.execute(TestCaseExecutor.java:224)
	at com.kms.katalon.core.main.TestCaseMain.runTestCase(TestCaseMain.java:106)
	at com.kms.katalon.core.keyword.builtin.CallTestCaseKeyword$_callTestCase_closure1.doCall(CallTestCaseKeyword.groovy:59)
	at com.kms.katalon.core.keyword.builtin.CallTestCaseKeyword$_callTestCase_closure1.call(CallTestCaseKeyword.groovy)
	at com.kms.katalon.core.keyword.internal.KeywordMain.runKeyword(KeywordMain.groovy:54)
	at com.kms.katalon.core.keyword.builtin.CallTestCaseKeyword.callTestCase(CallTestCaseKeyword.groovy:80)
	at com.kms.katalon.core.keyword.builtin.CallTestCaseKeyword.execute(CallTestCaseKeyword.groovy:44)
	at com.kms.katalon.core.keyword.internal.KeywordExecutor.executeKeywordForPlatform(KeywordExecutor.groovy:53)
	at com.kms.katalon.core.keyword.BuiltinKeywords.callTestCase(BuiltinKeywords.groovy:334)
	at OTC_Submit Form 7_End to End - Cheque.run(OTC_Submit Form 7_End to End - Cheque:16)
	at com.kms.katalon.core.main.ScriptEngine.run(ScriptEngine.java:194)
	at com.kms.katalon.core.main.ScriptEngine.runScriptAsRawText(ScriptEngine.java:119)
	at com.kms.katalon.core.main.TestCaseExecutor.runScript(TestCaseExecutor.java:328)
	at com.kms.katalon.core.main.TestCaseExecutor.doExecute(TestCaseExecutor.java:319)
	at com.kms.katalon.core.main.TestCaseExecutor.processExecutionPhase(TestCaseExecutor.java:298)
	at com.kms.katalon.core.main.TestCaseExecutor.accessMainPhase(TestCaseExecutor.java:290)
	at com.kms.katalon.core.main.TestCaseExecutor.execute(TestCaseExecutor.java:224)
	at com.kms.katalon.core.main.TestCaseMain.runTestCase(TestCaseMain.java:106)
	at com.kms.katalon.core.keyword.builtin.CallTestCaseKeyword$_callTestCase_closure1.doCall(CallTestCaseKeyword.groovy:59)
	at com.kms.katalon.core.keyword.builtin.CallTestCaseKeyword$_callTestCase_closure1.call(CallTestCaseKeyword.groovy)
	at com.kms.katalon.core.keyword.internal.KeywordMain.runKeyword(KeywordMain.groovy:54)
	at com.kms.katalon.core.keyword.builtin.CallTestCaseKeyword.callTestCase(CallTestCaseKeyword.groovy:80)
	at com.kms.katalon.core.keyword.builtin.CallTestCaseKeyword.execute(CallTestCaseKeyword.groovy:44)
	at com.kms.katalon.core.keyword.internal.KeywordExecutor.executeKeywordForPlatform(KeywordExecutor.groovy:53)
	at com.kms.katalon.core.keyword.BuiltinKeywords.callTestCase(BuiltinKeywords.groovy:334)
	at Same branch - EIO.run(Same branch - EIO:16)
	at com.kms.katalon.core.main.ScriptEngine.run(ScriptEngine.java:194)
	at com.kms.katalon.core.main.ScriptEngine.runScriptAsRawText(ScriptEngine.java:119)
	at com.kms.katalon.core.main.TestCaseExecutor.runScript(TestCaseExecutor.java:328)
	at com.kms.katalon.core.main.TestCaseExecutor.doExecute(TestCaseExecutor.java:319)
	at com.kms.katalon.core.main.TestCaseExecutor.processExecutionPhase(TestCaseExecutor.java:298)
	at com.kms.katalon.core.main.TestCaseExecutor.accessMainPhase(TestCaseExecutor.java:290)
	at com.kms.katalon.core.main.TestCaseExecutor.execute(TestCaseExecutor.java:224)
	at com.kms.katalon.core.main.TestSuiteExecutor.accessTestCaseMainPhase(TestSuiteExecutor.java:129)
	at com.kms.katalon.core.main.TestSuiteExecutor.accessTestSuiteMainPhase(TestSuiteExecutor.java:112)
	at com.kms.katalon.core.main.TestSuiteExecutor.execute(TestSuiteExecutor.java:81)
	at com.kms.katalon.core.main.TestCaseMain.startTestSuite(TestCaseMain.java:149)
	at com.kms.katalon.core.main.TestCaseMain$startTestSuite$0.call(Unknown Source)
	at TempTestSuite1550476757023.run(TempTestSuite1550476757023.groovy:36)


2019-02-18 16:35:33 - [MESSAGE][FAILED] - Unable to call Test Case 'Test Cases/All TC/Arranged/2. Segment/OTC_Submit Form 7_End to End - Cheque' (Root cause: com.kms.katalon.core.exception.StepFailedException: Call Test Case 'Test Cases/All TC/Arranged/2. Segment/OTC_Submit Form 7_End to End - Cheque' failed)

2019-02-18 16:35:33 - [MESSAGE][FAILED] - callTestCase(findTestCase("All TC/Arranged/2. Segment/OTC_Submit Form 7_End to End - Cheque"), [:], STOP_ON_FAILURE) FAILED.
Reason:
com.kms.katalon.core.exception.StepFailedException: Unable to set text '10/01/2019' of object 'Object Repository/KeatMun/Form 7_default/OTC_Application_Reg/Page_PERKESO/11.Tarikh Terima_stampedDtS' (Root cause: com.kms.katalon.core.webui.exception.WebElementNotFoundException: Web element with id: 'Object Repository/KeatMun/Form 7_default/OTC_Application_Reg/Page_PERKESO/11.Tarikh Terima_stampedDtS' located by 'By.xpath: //input[@id = 'stampedDtStr' and @name = 'stampedDtStr' and @type = 'text']' not found)
	at com.kms.katalon.core.keyword.internal.KeywordMain.stepFailed(KeywordMain.groovy:36)
	at com.kms.katalon.core.webui.keyword.internal.WebUIKeywordMain.stepFailed(WebUIKeywordMain.groovy:65)
	at com.kms.katalon.core.webui.keyword.internal.WebUIKeywordMain.runKeyword(WebUIKeywordMain.groovy:27)
	at com.kms.katalon.core.webui.keyword.builtin.SetTextKeyword.setText(SetTextKeyword.groovy:65)
	at com.kms.katalon.core.webui.keyword.builtin.SetTextKeyword.execute(SetTextKeyword.groovy:37)
	at com.kms.katalon.core.keyword.internal.KeywordExecutor.executeKeywordForPlatform(KeywordExecutor.groovy:53)
	at com.kms.katalon.core.webui.keyword.WebUiBuiltInKeywords.setText(WebUiBuiltInKeywords.groovy:950)
	at com.kms.katalon.core.webui.keyword.WebUiBuiltInKeywords$setText$1.call(Unknown Source)
	at OTC_Application_Reg.run(OTC_Application_Reg:74)
	at com.kms.katalon.core.main.ScriptEngine.run(ScriptEngine.java:194)
	at com.kms.katalon.core.main.ScriptEngine.runScriptAsRawText(ScriptEngine.java:119)
	at com.kms.katalon.core.main.TestCaseExecutor.runScript(TestCaseExecutor.java:328)
	at com.kms.katalon.core.main.TestCaseExecutor.doExecute(TestCaseExecutor.java:319)
	at com.kms.katalon.core.main.TestCaseExecutor.processExecutionPhase(TestCaseExecutor.java:298)
	at com.kms.katalon.core.main.TestCaseExecutor.accessMainPhase(TestCaseExecutor.java:290)
	at com.kms.katalon.core.main.TestCaseExecutor.execute(TestCaseExecutor.java:224)
	at com.kms.katalon.core.main.TestCaseMain.runTestCase(TestCaseMain.java:106)
	at com.kms.katalon.core.keyword.builtin.CallTestCaseKeyword$_callTestCase_closure1.doCall(CallTestCaseKeyword.groovy:59)
	at com.kms.katalon.core.keyword.builtin.CallTestCaseKeyword$_callTestCase_closure1.call(CallTestCaseKeyword.groovy)
	at com.kms.katalon.core.keyword.internal.KeywordMain.runKeyword(KeywordMain.groovy:54)
	at com.kms.katalon.core.keyword.builtin.CallTestCaseKeyword.callTestCase(CallTestCaseKeyword.groovy:80)
	at com.kms.katalon.core.keyword.builtin.CallTestCaseKeyword.execute(CallTestCaseKeyword.groovy:44)
	at com.kms.katalon.core.keyword.internal.KeywordExecutor.executeKeywordForPlatform(KeywordExecutor.groovy:53)
	at com.kms.katalon.core.keyword.BuiltinKeywords.callTestCase(BuiltinKeywords.groovy:334)
	at OTC_Submit Form 7_End to End - Cheque.run(OTC_Submit Form 7_End to End - Cheque:16)
	at com.kms.katalon.core.main.ScriptEngine.run(ScriptEngine.java:194)
	at com.kms.katalon.core.main.ScriptEngine.runScriptAsRawText(ScriptEngine.java:119)
	at com.kms.katalon.core.main.TestCaseExecutor.runScript(TestCaseExecutor.java:328)
	at com.kms.katalon.core.main.TestCaseExecutor.doExecute(TestCaseExecutor.java:319)
	at com.kms.katalon.core.main.TestCaseExecutor.processExecutionPhase(TestCaseExecutor.java:298)
	at com.kms.katalon.core.main.TestCaseExecutor.accessMainPhase(TestCaseExecutor.java:290)
	at com.kms.katalon.core.main.TestCaseExecutor.execute(TestCaseExecutor.java:224)
	at com.kms.katalon.core.main.TestCaseMain.runTestCase(TestCaseMain.java:106)
	at com.kms.katalon.core.keyword.builtin.CallTestCaseKeyword$_callTestCase_closure1.doCall(CallTestCaseKeyword.groovy:59)
	at com.kms.katalon.core.keyword.builtin.CallTestCaseKeyword$_callTestCase_closure1.call(CallTestCaseKeyword.groovy)
	at com.kms.katalon.core.keyword.internal.KeywordMain.runKeyword(KeywordMain.groovy:54)
	at com.kms.katalon.core.keyword.builtin.CallTestCaseKeyword.callTestCase(CallTestCaseKeyword.groovy:80)
	at com.kms.katalon.core.keyword.builtin.CallTestCaseKeyword.execute(CallTestCaseKeyword.groovy:44)
	at com.kms.katalon.core.keyword.internal.KeywordExecutor.executeKeywordForPlatform(KeywordExecutor.groovy:53)
	at com.kms.katalon.core.keyword.BuiltinKeywords.callTestCase(BuiltinKeywords.groovy:334)
	at Same branch - EIO.run(Same branch - EIO:16)
	at com.kms.katalon.core.main.ScriptEngine.run(ScriptEngine.java:194)
	at com.kms.katalon.core.main.ScriptEngine.runScriptAsRawText(ScriptEngine.java:119)
	at com.kms.katalon.core.main.TestCaseExecutor.runScript(TestCaseExecutor.java:328)
	at com.kms.katalon.core.main.TestCaseExecutor.doExecute(TestCaseExecutor.java:319)
	at com.kms.katalon.core.main.TestCaseExecutor.processExecutionPhase(TestCaseExecutor.java:298)
	at com.kms.katalon.core.main.TestCaseExecutor.accessMainPhase(TestCaseExecutor.java:290)
	at com.kms.katalon.core.main.TestCaseExecutor.execute(TestCaseExecutor.java:224)
	at com.kms.katalon.core.main.TestSuiteExecutor.accessTestCaseMainPhase(TestSuiteExecutor.java:129)
	at com.kms.katalon.core.main.TestSuiteExecutor.accessTestSuiteMainPhase(TestSuiteExecutor.java:112)
	at com.kms.katalon.core.main.TestSuiteExecutor.execute(TestSuiteExecutor.java:81)
	at com.kms.katalon.core.main.TestCaseMain.startTestSuite(TestCaseMain.java:149)
	at com.kms.katalon.core.main.TestCaseMain$startTestSuite$0.call(Unknown Source)
	at TempTestSuite1550476757023.run(TempTestSuite1550476757023.groovy:36)]]></system-out>
         <system-err><![CDATA[2019-02-18 16:33:41 - [TEST_CASE][FAILED] - Test Cases/All TC/Arranged/0. Full Flow/Query/Same branch - EIO: Test Cases/All TC/Arranged/0. Full Flow/Query/Same branch - EIO FAILED.
Reason:
com.kms.katalon.core.exception.StepFailedException: Unable to set text '10/01/2019' of object 'Object Repository/KeatMun/Form 7_default/OTC_Application_Reg/Page_PERKESO/11.Tarikh Terima_stampedDtS' (Root cause: com.kms.katalon.core.webui.exception.WebElementNotFoundException: Web element with id: 'Object Repository/KeatMun/Form 7_default/OTC_Application_Reg/Page_PERKESO/11.Tarikh Terima_stampedDtS' located by 'By.xpath: //input[@id = 'stampedDtStr' and @name = 'stampedDtStr' and @type = 'text']' not found)
	at com.kms.katalon.core.keyword.internal.KeywordMain.stepFailed(KeywordMain.groovy:36)
	at com.kms.katalon.core.webui.keyword.internal.WebUIKeywordMain.stepFailed(WebUIKeywordMain.groovy:65)
	at com.kms.katalon.core.webui.keyword.internal.WebUIKeywordMain.runKeyword(WebUIKeywordMain.groovy:27)
	at com.kms.katalon.core.webui.keyword.builtin.SetTextKeyword.setText(SetTextKeyword.groovy:65)
	at com.kms.katalon.core.webui.keyword.builtin.SetTextKeyword.execute(SetTextKeyword.groovy:37)
	at com.kms.katalon.core.keyword.internal.KeywordExecutor.executeKeywordForPlatform(KeywordExecutor.groovy:53)
	at com.kms.katalon.core.webui.keyword.WebUiBuiltInKeywords.setText(WebUiBuiltInKeywords.groovy:950)
	at com.kms.katalon.core.webui.keyword.WebUiBuiltInKeywords$setText$1.call(Unknown Source)
	at OTC_Application_Reg.run(OTC_Application_Reg:74)
	at com.kms.katalon.core.main.ScriptEngine.run(ScriptEngine.java:194)
	at com.kms.katalon.core.main.ScriptEngine.runScriptAsRawText(ScriptEngine.java:119)
	at com.kms.katalon.core.main.TestCaseExecutor.runScript(TestCaseExecutor.java:328)
	at com.kms.katalon.core.main.TestCaseExecutor.doExecute(TestCaseExecutor.java:319)
	at com.kms.katalon.core.main.TestCaseExecutor.processExecutionPhase(TestCaseExecutor.java:298)
	at com.kms.katalon.core.main.TestCaseExecutor.accessMainPhase(TestCaseExecutor.java:290)
	at com.kms.katalon.core.main.TestCaseExecutor.execute(TestCaseExecutor.java:224)
	at com.kms.katalon.core.main.TestCaseMain.runTestCase(TestCaseMain.java:106)
	at com.kms.katalon.core.keyword.builtin.CallTestCaseKeyword$_callTestCase_closure1.doCall(CallTestCaseKeyword.groovy:59)
	at com.kms.katalon.core.keyword.builtin.CallTestCaseKeyword$_callTestCase_closure1.call(CallTestCaseKeyword.groovy)
	at com.kms.katalon.core.keyword.internal.KeywordMain.runKeyword(KeywordMain.groovy:54)
	at com.kms.katalon.core.keyword.builtin.CallTestCaseKeyword.callTestCase(CallTestCaseKeyword.groovy:80)
	at com.kms.katalon.core.keyword.builtin.CallTestCaseKeyword.execute(CallTestCaseKeyword.groovy:44)
	at com.kms.katalon.core.keyword.internal.KeywordExecutor.executeKeywordForPlatform(KeywordExecutor.groovy:53)
	at com.kms.katalon.core.keyword.BuiltinKeywords.callTestCase(BuiltinKeywords.groovy:334)
	at OTC_Submit Form 7_End to End - Cheque.run(OTC_Submit Form 7_End to End - Cheque:16)
	at com.kms.katalon.core.main.ScriptEngine.run(ScriptEngine.java:194)
	at com.kms.katalon.core.main.ScriptEngine.runScriptAsRawText(ScriptEngine.java:119)
	at com.kms.katalon.core.main.TestCaseExecutor.runScript(TestCaseExecutor.java:328)
	at com.kms.katalon.core.main.TestCaseExecutor.doExecute(TestCaseExecutor.java:319)
	at com.kms.katalon.core.main.TestCaseExecutor.processExecutionPhase(TestCaseExecutor.java:298)
	at com.kms.katalon.core.main.TestCaseExecutor.accessMainPhase(TestCaseExecutor.java:290)
	at com.kms.katalon.core.main.TestCaseExecutor.execute(TestCaseExecutor.java:224)
	at com.kms.katalon.core.main.TestCaseMain.runTestCase(TestCaseMain.java:106)
	at com.kms.katalon.core.keyword.builtin.CallTestCaseKeyword$_callTestCase_closure1.doCall(CallTestCaseKeyword.groovy:59)
	at com.kms.katalon.core.keyword.builtin.CallTestCaseKeyword$_callTestCase_closure1.call(CallTestCaseKeyword.groovy)
	at com.kms.katalon.core.keyword.internal.KeywordMain.runKeyword(KeywordMain.groovy:54)
	at com.kms.katalon.core.keyword.builtin.CallTestCaseKeyword.callTestCase(CallTestCaseKeyword.groovy:80)
	at com.kms.katalon.core.keyword.builtin.CallTestCaseKeyword.execute(CallTestCaseKeyword.groovy:44)
	at com.kms.katalon.core.keyword.internal.KeywordExecutor.executeKeywordForPlatform(KeywordExecutor.groovy:53)
	at com.kms.katalon.core.keyword.BuiltinKeywords.callTestCase(BuiltinKeywords.groovy:334)
	at Same branch - EIO.run(Same branch - EIO:16)
	at com.kms.katalon.core.main.ScriptEngine.run(ScriptEngine.java:194)
	at com.kms.katalon.core.main.ScriptEngine.runScriptAsRawText(ScriptEngine.java:119)
	at com.kms.katalon.core.main.TestCaseExecutor.runScript(TestCaseExecutor.java:328)
	at com.kms.katalon.core.main.TestCaseExecutor.doExecute(TestCaseExecutor.java:319)
	at com.kms.katalon.core.main.TestCaseExecutor.processExecutionPhase(TestCaseExecutor.java:298)
	at com.kms.katalon.core.main.TestCaseExecutor.accessMainPhase(TestCaseExecutor.java:290)
	at com.kms.katalon.core.main.TestCaseExecutor.execute(TestCaseExecutor.java:224)
	at com.kms.katalon.core.main.TestSuiteExecutor.accessTestCaseMainPhase(TestSuiteExecutor.java:129)
	at com.kms.katalon.core.main.TestSuiteExecutor.accessTestSuiteMainPhase(TestSuiteExecutor.java:112)
	at com.kms.katalon.core.main.TestSuiteExecutor.execute(TestSuiteExecutor.java:81)
	at com.kms.katalon.core.main.TestCaseMain.startTestSuite(TestCaseMain.java:149)
	at com.kms.katalon.core.main.TestCaseMain$startTestSuite$0.call(Unknown Source)
	at TempTestSuite1550476757023.run(TempTestSuite1550476757023.groovy:36)]]></system-err>
      </testcase>
      <testcase name="Test Cases/All TC/Arranged/0. Full Flow/Query/Same branch - EI Clerk" classname="Test Cases/All TC/Arranged/0. Full Flow/Query/Same branch - EI Clerk" status="FAILED">
         <failure type="FAILED" message="Test Cases/All TC/Arranged/0. Full Flow/Query/Same branch - EI Clerk FAILED.
Reason:
com.kms.katalon.core.exception.StepFailedException: Unable to set text '10/01/2019' of object 'Object Repository/KeatMun/Form 7_default/OTC_Application_Reg/Page_PERKESO/11.Tarikh Terima_stampedDtS' (Root cause: com.kms.katalon.core.webui.exception.WebElementNotFoundException: Web element with id: 'Object Repository/KeatMun/Form 7_default/OTC_Application_Reg/Page_PERKESO/11.Tarikh Terima_stampedDtS' located by 'By.xpath: //input[@id = 'stampedDtStr' and @name = 'stampedDtStr' and @type = 'text']' not found)
	at com.kms.katalon.core.keyword.internal.KeywordMain.stepFailed(KeywordMain.groovy:36)
	at com.kms.katalon.core.webui.keyword.internal.WebUIKeywordMain.stepFailed(WebUIKeywordMain.groovy:65)
	at com.kms.katalon.core.webui.keyword.internal.WebUIKeywordMain.runKeyword(WebUIKeywordMain.groovy:27)
	at com.kms.katalon.core.webui.keyword.builtin.SetTextKeyword.setText(SetTextKeyword.groovy:65)
	at com.kms.katalon.core.webui.keyword.builtin.SetTextKeyword.execute(SetTextKeyword.groovy:37)
	at com.kms.katalon.core.keyword.internal.KeywordExecutor.executeKeywordForPlatform(KeywordExecutor.groovy:53)
	at com.kms.katalon.core.webui.keyword.WebUiBuiltInKeywords.setText(WebUiBuiltInKeywords.groovy:950)
	at com.kms.katalon.core.webui.keyword.WebUiBuiltInKeywords$setText$1.call(Unknown Source)
	at OTC_Application_Reg.run(OTC_Application_Reg:74)
	at com.kms.katalon.core.main.ScriptEngine.run(ScriptEngine.java:194)
	at com.kms.katalon.core.main.ScriptEngine.runScriptAsRawText(ScriptEngine.java:119)
	at com.kms.katalon.core.main.TestCaseExecutor.runScript(TestCaseExecutor.java:328)
	at com.kms.katalon.core.main.TestCaseExecutor.doExecute(TestCaseExecutor.java:319)
	at com.kms.katalon.core.main.TestCaseExecutor.processExecutionPhase(TestCaseExecutor.java:298)
	at com.kms.katalon.core.main.TestCaseExecutor.accessMainPhase(TestCaseExecutor.java:290)
	at com.kms.katalon.core.main.TestCaseExecutor.execute(TestCaseExecutor.java:224)
	at com.kms.katalon.core.main.TestCaseMain.runTestCase(TestCaseMain.java:106)
	at com.kms.katalon.core.keyword.builtin.CallTestCaseKeyword$_callTestCase_closure1.doCall(CallTestCaseKeyword.groovy:59)
	at com.kms.katalon.core.keyword.builtin.CallTestCaseKeyword$_callTestCase_closure1.call(CallTestCaseKeyword.groovy)
	at com.kms.katalon.core.keyword.internal.KeywordMain.runKeyword(KeywordMain.groovy:54)
	at com.kms.katalon.core.keyword.builtin.CallTestCaseKeyword.callTestCase(CallTestCaseKeyword.groovy:80)
	at com.kms.katalon.core.keyword.builtin.CallTestCaseKeyword.execute(CallTestCaseKeyword.groovy:44)
	at com.kms.katalon.core.keyword.internal.KeywordExecutor.executeKeywordForPlatform(KeywordExecutor.groovy:53)
	at com.kms.katalon.core.keyword.BuiltinKeywords.callTestCase(BuiltinKeywords.groovy:334)
	at OTC_Submit Form 7_End to End - Cheque.run(OTC_Submit Form 7_End to End - Cheque:16)
	at com.kms.katalon.core.main.ScriptEngine.run(ScriptEngine.java:194)
	at com.kms.katalon.core.main.ScriptEngine.runScriptAsRawText(ScriptEngine.java:119)
	at com.kms.katalon.core.main.TestCaseExecutor.runScript(TestCaseExecutor.java:328)
	at com.kms.katalon.core.main.TestCaseExecutor.doExecute(TestCaseExecutor.java:319)
	at com.kms.katalon.core.main.TestCaseExecutor.processExecutionPhase(TestCaseExecutor.java:298)
	at com.kms.katalon.core.main.TestCaseExecutor.accessMainPhase(TestCaseExecutor.java:290)
	at com.kms.katalon.core.main.TestCaseExecutor.execute(TestCaseExecutor.java:224)
	at com.kms.katalon.core.main.TestCaseMain.runTestCase(TestCaseMain.java:106)
	at com.kms.katalon.core.keyword.builtin.CallTestCaseKeyword$_callTestCase_closure1.doCall(CallTestCaseKeyword.groovy:59)
	at com.kms.katalon.core.keyword.builtin.CallTestCaseKeyword$_callTestCase_closure1.call(CallTestCaseKeyword.groovy)
	at com.kms.katalon.core.keyword.internal.KeywordMain.runKeyword(KeywordMain.groovy:54)
	at com.kms.katalon.core.keyword.builtin.CallTestCaseKeyword.callTestCase(CallTestCaseKeyword.groovy:80)
	at com.kms.katalon.core.keyword.builtin.CallTestCaseKeyword.execute(CallTestCaseKeyword.groovy:44)
	at com.kms.katalon.core.keyword.internal.KeywordExecutor.executeKeywordForPlatform(KeywordExecutor.groovy:53)
	at com.kms.katalon.core.keyword.BuiltinKeywords.callTestCase(BuiltinKeywords.groovy:334)
	at Same branch - EI Clerk.run(Same branch - EI Clerk:16)
	at com.kms.katalon.core.main.ScriptEngine.run(ScriptEngine.java:194)
	at com.kms.katalon.core.main.ScriptEngine.runScriptAsRawText(ScriptEngine.java:119)
	at com.kms.katalon.core.main.TestCaseExecutor.runScript(TestCaseExecutor.java:328)
	at com.kms.katalon.core.main.TestCaseExecutor.doExecute(TestCaseExecutor.java:319)
	at com.kms.katalon.core.main.TestCaseExecutor.processExecutionPhase(TestCaseExecutor.java:298)
	at com.kms.katalon.core.main.TestCaseExecutor.accessMainPhase(TestCaseExecutor.java:290)
	at com.kms.katalon.core.main.TestCaseExecutor.execute(TestCaseExecutor.java:224)
	at com.kms.katalon.core.main.TestSuiteExecutor.accessTestCaseMainPhase(TestSuiteExecutor.java:129)
	at com.kms.katalon.core.main.TestSuiteExecutor.accessTestSuiteMainPhase(TestSuiteExecutor.java:112)
	at com.kms.katalon.core.main.TestSuiteExecutor.execute(TestSuiteExecutor.java:81)
	at com.kms.katalon.core.main.TestCaseMain.startTestSuite(TestCaseMain.java:149)
	at com.kms.katalon.core.main.TestCaseMain$startTestSuite$0.call(Unknown Source)
	at TempTestSuite1550476757023.run(TempTestSuite1550476757023.groovy:36)
"/>
         <system-out><![CDATA[2019-02-18 16:35:34 - [TEST_CASE][FAILED] - Test Cases/All TC/Arranged/0. Full Flow/Query/Same branch - EI Clerk: Test Cases/All TC/Arranged/0. Full Flow/Query/Same branch - EI Clerk FAILED.
Reason:
com.kms.katalon.core.exception.StepFailedException: Unable to set text '10/01/2019' of object 'Object Repository/KeatMun/Form 7_default/OTC_Application_Reg/Page_PERKESO/11.Tarikh Terima_stampedDtS' (Root cause: com.kms.katalon.core.webui.exception.WebElementNotFoundException: Web element with id: 'Object Repository/KeatMun/Form 7_default/OTC_Application_Reg/Page_PERKESO/11.Tarikh Terima_stampedDtS' located by 'By.xpath: //input[@id = 'stampedDtStr' and @name = 'stampedDtStr' and @type = 'text']' not found)
	at com.kms.katalon.core.keyword.internal.KeywordMain.stepFailed(KeywordMain.groovy:36)
	at com.kms.katalon.core.webui.keyword.internal.WebUIKeywordMain.stepFailed(WebUIKeywordMain.groovy:65)
	at com.kms.katalon.core.webui.keyword.internal.WebUIKeywordMain.runKeyword(WebUIKeywordMain.groovy:27)
	at com.kms.katalon.core.webui.keyword.builtin.SetTextKeyword.setText(SetTextKeyword.groovy:65)
	at com.kms.katalon.core.webui.keyword.builtin.SetTextKeyword.execute(SetTextKeyword.groovy:37)
	at com.kms.katalon.core.keyword.internal.KeywordExecutor.executeKeywordForPlatform(KeywordExecutor.groovy:53)
	at com.kms.katalon.core.webui.keyword.WebUiBuiltInKeywords.setText(WebUiBuiltInKeywords.groovy:950)
	at com.kms.katalon.core.webui.keyword.WebUiBuiltInKeywords$setText$1.call(Unknown Source)
	at OTC_Application_Reg.run(OTC_Application_Reg:74)
	at com.kms.katalon.core.main.ScriptEngine.run(ScriptEngine.java:194)
	at com.kms.katalon.core.main.ScriptEngine.runScriptAsRawText(ScriptEngine.java:119)
	at com.kms.katalon.core.main.TestCaseExecutor.runScript(TestCaseExecutor.java:328)
	at com.kms.katalon.core.main.TestCaseExecutor.doExecute(TestCaseExecutor.java:319)
	at com.kms.katalon.core.main.TestCaseExecutor.processExecutionPhase(TestCaseExecutor.java:298)
	at com.kms.katalon.core.main.TestCaseExecutor.accessMainPhase(TestCaseExecutor.java:290)
	at com.kms.katalon.core.main.TestCaseExecutor.execute(TestCaseExecutor.java:224)
	at com.kms.katalon.core.main.TestCaseMain.runTestCase(TestCaseMain.java:106)
	at com.kms.katalon.core.keyword.builtin.CallTestCaseKeyword$_callTestCase_closure1.doCall(CallTestCaseKeyword.groovy:59)
	at com.kms.katalon.core.keyword.builtin.CallTestCaseKeyword$_callTestCase_closure1.call(CallTestCaseKeyword.groovy)
	at com.kms.katalon.core.keyword.internal.KeywordMain.runKeyword(KeywordMain.groovy:54)
	at com.kms.katalon.core.keyword.builtin.CallTestCaseKeyword.callTestCase(CallTestCaseKeyword.groovy:80)
	at com.kms.katalon.core.keyword.builtin.CallTestCaseKeyword.execute(CallTestCaseKeyword.groovy:44)
	at com.kms.katalon.core.keyword.internal.KeywordExecutor.executeKeywordForPlatform(KeywordExecutor.groovy:53)
	at com.kms.katalon.core.keyword.BuiltinKeywords.callTestCase(BuiltinKeywords.groovy:334)
	at OTC_Submit Form 7_End to End - Cheque.run(OTC_Submit Form 7_End to End - Cheque:16)
	at com.kms.katalon.core.main.ScriptEngine.run(ScriptEngine.java:194)
	at com.kms.katalon.core.main.ScriptEngine.runScriptAsRawText(ScriptEngine.java:119)
	at com.kms.katalon.core.main.TestCaseExecutor.runScript(TestCaseExecutor.java:328)
	at com.kms.katalon.core.main.TestCaseExecutor.doExecute(TestCaseExecutor.java:319)
	at com.kms.katalon.core.main.TestCaseExecutor.processExecutionPhase(TestCaseExecutor.java:298)
	at com.kms.katalon.core.main.TestCaseExecutor.accessMainPhase(TestCaseExecutor.java:290)
	at com.kms.katalon.core.main.TestCaseExecutor.execute(TestCaseExecutor.java:224)
	at com.kms.katalon.core.main.TestCaseMain.runTestCase(TestCaseMain.java:106)
	at com.kms.katalon.core.keyword.builtin.CallTestCaseKeyword$_callTestCase_closure1.doCall(CallTestCaseKeyword.groovy:59)
	at com.kms.katalon.core.keyword.builtin.CallTestCaseKeyword$_callTestCase_closure1.call(CallTestCaseKeyword.groovy)
	at com.kms.katalon.core.keyword.internal.KeywordMain.runKeyword(KeywordMain.groovy:54)
	at com.kms.katalon.core.keyword.builtin.CallTestCaseKeyword.callTestCase(CallTestCaseKeyword.groovy:80)
	at com.kms.katalon.core.keyword.builtin.CallTestCaseKeyword.execute(CallTestCaseKeyword.groovy:44)
	at com.kms.katalon.core.keyword.internal.KeywordExecutor.executeKeywordForPlatform(KeywordExecutor.groovy:53)
	at com.kms.katalon.core.keyword.BuiltinKeywords.callTestCase(BuiltinKeywords.groovy:334)
	at Same branch - EI Clerk.run(Same branch - EI Clerk:16)
	at com.kms.katalon.core.main.ScriptEngine.run(ScriptEngine.java:194)
	at com.kms.katalon.core.main.ScriptEngine.runScriptAsRawText(ScriptEngine.java:119)
	at com.kms.katalon.core.main.TestCaseExecutor.runScript(TestCaseExecutor.java:328)
	at com.kms.katalon.core.main.TestCaseExecutor.doExecute(TestCaseExecutor.java:319)
	at com.kms.katalon.core.main.TestCaseExecutor.processExecutionPhase(TestCaseExecutor.java:298)
	at com.kms.katalon.core.main.TestCaseExecutor.accessMainPhase(TestCaseExecutor.java:290)
	at com.kms.katalon.core.main.TestCaseExecutor.execute(TestCaseExecutor.java:224)
	at com.kms.katalon.core.main.TestSuiteExecutor.accessTestCaseMainPhase(TestSuiteExecutor.java:129)
	at com.kms.katalon.core.main.TestSuiteExecutor.accessTestSuiteMainPhase(TestSuiteExecutor.java:112)
	at com.kms.katalon.core.main.TestSuiteExecutor.execute(TestSuiteExecutor.java:81)
	at com.kms.katalon.core.main.TestCaseMain.startTestSuite(TestCaseMain.java:149)
	at com.kms.katalon.core.main.TestCaseMain$startTestSuite$0.call(Unknown Source)
	at TempTestSuite1550476757023.run(TempTestSuite1550476757023.groovy:36)


2019-02-18 16:35:34 - [TEST_STEP][FAILED] - callTestCase(findTestCase("All TC/Arranged/2. Segment/OTC_Submit Form 7_End to End - Cheque"), [:], STOP_ON_FAILURE): callTestCase(findTestCase("All TC/Arranged/2. Segment/OTC_Submit Form 7_End to End - Cheque"), [:], STOP_ON_FAILURE) FAILED.
Reason:
com.kms.katalon.core.exception.StepFailedException: Unable to set text '10/01/2019' of object 'Object Repository/KeatMun/Form 7_default/OTC_Application_Reg/Page_PERKESO/11.Tarikh Terima_stampedDtS' (Root cause: com.kms.katalon.core.webui.exception.WebElementNotFoundException: Web element with id: 'Object Repository/KeatMun/Form 7_default/OTC_Application_Reg/Page_PERKESO/11.Tarikh Terima_stampedDtS' located by 'By.xpath: //input[@id = 'stampedDtStr' and @name = 'stampedDtStr' and @type = 'text']' not found)
	at com.kms.katalon.core.keyword.internal.KeywordMain.stepFailed(KeywordMain.groovy:36)
	at com.kms.katalon.core.webui.keyword.internal.WebUIKeywordMain.stepFailed(WebUIKeywordMain.groovy:65)
	at com.kms.katalon.core.webui.keyword.internal.WebUIKeywordMain.runKeyword(WebUIKeywordMain.groovy:27)
	at com.kms.katalon.core.webui.keyword.builtin.SetTextKeyword.setText(SetTextKeyword.groovy:65)
	at com.kms.katalon.core.webui.keyword.builtin.SetTextKeyword.execute(SetTextKeyword.groovy:37)
	at com.kms.katalon.core.keyword.internal.KeywordExecutor.executeKeywordForPlatform(KeywordExecutor.groovy:53)
	at com.kms.katalon.core.webui.keyword.WebUiBuiltInKeywords.setText(WebUiBuiltInKeywords.groovy:950)
	at com.kms.katalon.core.webui.keyword.WebUiBuiltInKeywords$setText$1.call(Unknown Source)
	at OTC_Application_Reg.run(OTC_Application_Reg:74)
	at com.kms.katalon.core.main.ScriptEngine.run(ScriptEngine.java:194)
	at com.kms.katalon.core.main.ScriptEngine.runScriptAsRawText(ScriptEngine.java:119)
	at com.kms.katalon.core.main.TestCaseExecutor.runScript(TestCaseExecutor.java:328)
	at com.kms.katalon.core.main.TestCaseExecutor.doExecute(TestCaseExecutor.java:319)
	at com.kms.katalon.core.main.TestCaseExecutor.processExecutionPhase(TestCaseExecutor.java:298)
	at com.kms.katalon.core.main.TestCaseExecutor.accessMainPhase(TestCaseExecutor.java:290)
	at com.kms.katalon.core.main.TestCaseExecutor.execute(TestCaseExecutor.java:224)
	at com.kms.katalon.core.main.TestCaseMain.runTestCase(TestCaseMain.java:106)
	at com.kms.katalon.core.keyword.builtin.CallTestCaseKeyword$_callTestCase_closure1.doCall(CallTestCaseKeyword.groovy:59)
	at com.kms.katalon.core.keyword.builtin.CallTestCaseKeyword$_callTestCase_closure1.call(CallTestCaseKeyword.groovy)
	at com.kms.katalon.core.keyword.internal.KeywordMain.runKeyword(KeywordMain.groovy:54)
	at com.kms.katalon.core.keyword.builtin.CallTestCaseKeyword.callTestCase(CallTestCaseKeyword.groovy:80)
	at com.kms.katalon.core.keyword.builtin.CallTestCaseKeyword.execute(CallTestCaseKeyword.groovy:44)
	at com.kms.katalon.core.keyword.internal.KeywordExecutor.executeKeywordForPlatform(KeywordExecutor.groovy:53)
	at com.kms.katalon.core.keyword.BuiltinKeywords.callTestCase(BuiltinKeywords.groovy:334)
	at OTC_Submit Form 7_End to End - Cheque.run(OTC_Submit Form 7_End to End - Cheque:16)
	at com.kms.katalon.core.main.ScriptEngine.run(ScriptEngine.java:194)
	at com.kms.katalon.core.main.ScriptEngine.runScriptAsRawText(ScriptEngine.java:119)
	at com.kms.katalon.core.main.TestCaseExecutor.runScript(TestCaseExecutor.java:328)
	at com.kms.katalon.core.main.TestCaseExecutor.doExecute(TestCaseExecutor.java:319)
	at com.kms.katalon.core.main.TestCaseExecutor.processExecutionPhase(TestCaseExecutor.java:298)
	at com.kms.katalon.core.main.TestCaseExecutor.accessMainPhase(TestCaseExecutor.java:290)
	at com.kms.katalon.core.main.TestCaseExecutor.execute(TestCaseExecutor.java:224)
	at com.kms.katalon.core.main.TestCaseMain.runTestCase(TestCaseMain.java:106)
	at com.kms.katalon.core.keyword.builtin.CallTestCaseKeyword$_callTestCase_closure1.doCall(CallTestCaseKeyword.groovy:59)
	at com.kms.katalon.core.keyword.builtin.CallTestCaseKeyword$_callTestCase_closure1.call(CallTestCaseKeyword.groovy)
	at com.kms.katalon.core.keyword.internal.KeywordMain.runKeyword(KeywordMain.groovy:54)
	at com.kms.katalon.core.keyword.builtin.CallTestCaseKeyword.callTestCase(CallTestCaseKeyword.groovy:80)
	at com.kms.katalon.core.keyword.builtin.CallTestCaseKeyword.execute(CallTestCaseKeyword.groovy:44)
	at com.kms.katalon.core.keyword.internal.KeywordExecutor.executeKeywordForPlatform(KeywordExecutor.groovy:53)
	at com.kms.katalon.core.keyword.BuiltinKeywords.callTestCase(BuiltinKeywords.groovy:334)
	at Same branch - EI Clerk.run(Same branch - EI Clerk:16)
	at com.kms.katalon.core.main.ScriptEngine.run(ScriptEngine.java:194)
	at com.kms.katalon.core.main.ScriptEngine.runScriptAsRawText(ScriptEngine.java:119)
	at com.kms.katalon.core.main.TestCaseExecutor.runScript(TestCaseExecutor.java:328)
	at com.kms.katalon.core.main.TestCaseExecutor.doExecute(TestCaseExecutor.java:319)
	at com.kms.katalon.core.main.TestCaseExecutor.processExecutionPhase(TestCaseExecutor.java:298)
	at com.kms.katalon.core.main.TestCaseExecutor.accessMainPhase(TestCaseExecutor.java:290)
	at com.kms.katalon.core.main.TestCaseExecutor.execute(TestCaseExecutor.java:224)
	at com.kms.katalon.core.main.TestSuiteExecutor.accessTestCaseMainPhase(TestSuiteExecutor.java:129)
	at com.kms.katalon.core.main.TestSuiteExecutor.accessTestSuiteMainPhase(TestSuiteExecutor.java:112)
	at com.kms.katalon.core.main.TestSuiteExecutor.execute(TestSuiteExecutor.java:81)
	at com.kms.katalon.core.main.TestCaseMain.startTestSuite(TestCaseMain.java:149)
	at com.kms.katalon.core.main.TestCaseMain$startTestSuite$0.call(Unknown Source)
	at TempTestSuite1550476757023.run(TempTestSuite1550476757023.groovy:36)


2019-02-18 16:35:34 - [TEST_CASE][FAILED] - Test Cases/All TC/Arranged/2. Segment/OTC_Submit Form 7_End to End - Cheque: Test Cases/All TC/Arranged/2. Segment/OTC_Submit Form 7_End to End - Cheque FAILED.
Reason:
com.kms.katalon.core.exception.StepFailedException: Unable to set text '10/01/2019' of object 'Object Repository/KeatMun/Form 7_default/OTC_Application_Reg/Page_PERKESO/11.Tarikh Terima_stampedDtS' (Root cause: com.kms.katalon.core.webui.exception.WebElementNotFoundException: Web element with id: 'Object Repository/KeatMun/Form 7_default/OTC_Application_Reg/Page_PERKESO/11.Tarikh Terima_stampedDtS' located by 'By.xpath: //input[@id = 'stampedDtStr' and @name = 'stampedDtStr' and @type = 'text']' not found)
	at com.kms.katalon.core.keyword.internal.KeywordMain.stepFailed(KeywordMain.groovy:36)
	at com.kms.katalon.core.webui.keyword.internal.WebUIKeywordMain.stepFailed(WebUIKeywordMain.groovy:65)
	at com.kms.katalon.core.webui.keyword.internal.WebUIKeywordMain.runKeyword(WebUIKeywordMain.groovy:27)
	at com.kms.katalon.core.webui.keyword.builtin.SetTextKeyword.setText(SetTextKeyword.groovy:65)
	at com.kms.katalon.core.webui.keyword.builtin.SetTextKeyword.execute(SetTextKeyword.groovy:37)
	at com.kms.katalon.core.keyword.internal.KeywordExecutor.executeKeywordForPlatform(KeywordExecutor.groovy:53)
	at com.kms.katalon.core.webui.keyword.WebUiBuiltInKeywords.setText(WebUiBuiltInKeywords.groovy:950)
	at com.kms.katalon.core.webui.keyword.WebUiBuiltInKeywords$setText$1.call(Unknown Source)
	at OTC_Application_Reg.run(OTC_Application_Reg:74)
	at com.kms.katalon.core.main.ScriptEngine.run(ScriptEngine.java:194)
	at com.kms.katalon.core.main.ScriptEngine.runScriptAsRawText(ScriptEngine.java:119)
	at com.kms.katalon.core.main.TestCaseExecutor.runScript(TestCaseExecutor.java:328)
	at com.kms.katalon.core.main.TestCaseExecutor.doExecute(TestCaseExecutor.java:319)
	at com.kms.katalon.core.main.TestCaseExecutor.processExecutionPhase(TestCaseExecutor.java:298)
	at com.kms.katalon.core.main.TestCaseExecutor.accessMainPhase(TestCaseExecutor.java:290)
	at com.kms.katalon.core.main.TestCaseExecutor.execute(TestCaseExecutor.java:224)
	at com.kms.katalon.core.main.TestCaseMain.runTestCase(TestCaseMain.java:106)
	at com.kms.katalon.core.keyword.builtin.CallTestCaseKeyword$_callTestCase_closure1.doCall(CallTestCaseKeyword.groovy:59)
	at com.kms.katalon.core.keyword.builtin.CallTestCaseKeyword$_callTestCase_closure1.call(CallTestCaseKeyword.groovy)
	at com.kms.katalon.core.keyword.internal.KeywordMain.runKeyword(KeywordMain.groovy:54)
	at com.kms.katalon.core.keyword.builtin.CallTestCaseKeyword.callTestCase(CallTestCaseKeyword.groovy:80)
	at com.kms.katalon.core.keyword.builtin.CallTestCaseKeyword.execute(CallTestCaseKeyword.groovy:44)
	at com.kms.katalon.core.keyword.internal.KeywordExecutor.executeKeywordForPlatform(KeywordExecutor.groovy:53)
	at com.kms.katalon.core.keyword.BuiltinKeywords.callTestCase(BuiltinKeywords.groovy:334)
	at OTC_Submit Form 7_End to End - Cheque.run(OTC_Submit Form 7_End to End - Cheque:16)
	at com.kms.katalon.core.main.ScriptEngine.run(ScriptEngine.java:194)
	at com.kms.katalon.core.main.ScriptEngine.runScriptAsRawText(ScriptEngine.java:119)
	at com.kms.katalon.core.main.TestCaseExecutor.runScript(TestCaseExecutor.java:328)
	at com.kms.katalon.core.main.TestCaseExecutor.doExecute(TestCaseExecutor.java:319)
	at com.kms.katalon.core.main.TestCaseExecutor.processExecutionPhase(TestCaseExecutor.java:298)
	at com.kms.katalon.core.main.TestCaseExecutor.accessMainPhase(TestCaseExecutor.java:290)
	at com.kms.katalon.core.main.TestCaseExecutor.execute(TestCaseExecutor.java:224)
	at com.kms.katalon.core.main.TestCaseMain.runTestCase(TestCaseMain.java:106)
	at com.kms.katalon.core.keyword.builtin.CallTestCaseKeyword$_callTestCase_closure1.doCall(CallTestCaseKeyword.groovy:59)
	at com.kms.katalon.core.keyword.builtin.CallTestCaseKeyword$_callTestCase_closure1.call(CallTestCaseKeyword.groovy)
	at com.kms.katalon.core.keyword.internal.KeywordMain.runKeyword(KeywordMain.groovy:54)
	at com.kms.katalon.core.keyword.builtin.CallTestCaseKeyword.callTestCase(CallTestCaseKeyword.groovy:80)
	at com.kms.katalon.core.keyword.builtin.CallTestCaseKeyword.execute(CallTestCaseKeyword.groovy:44)
	at com.kms.katalon.core.keyword.internal.KeywordExecutor.executeKeywordForPlatform(KeywordExecutor.groovy:53)
	at com.kms.katalon.core.keyword.BuiltinKeywords.callTestCase(BuiltinKeywords.groovy:334)
	at Same branch - EI Clerk.run(Same branch - EI Clerk:16)
	at com.kms.katalon.core.main.ScriptEngine.run(ScriptEngine.java:194)
	at com.kms.katalon.core.main.ScriptEngine.runScriptAsRawText(ScriptEngine.java:119)
	at com.kms.katalon.core.main.TestCaseExecutor.runScript(TestCaseExecutor.java:328)
	at com.kms.katalon.core.main.TestCaseExecutor.doExecute(TestCaseExecutor.java:319)
	at com.kms.katalon.core.main.TestCaseExecutor.processExecutionPhase(TestCaseExecutor.java:298)
	at com.kms.katalon.core.main.TestCaseExecutor.accessMainPhase(TestCaseExecutor.java:290)
	at com.kms.katalon.core.main.TestCaseExecutor.execute(TestCaseExecutor.java:224)
	at com.kms.katalon.core.main.TestSuiteExecutor.accessTestCaseMainPhase(TestSuiteExecutor.java:129)
	at com.kms.katalon.core.main.TestSuiteExecutor.accessTestSuiteMainPhase(TestSuiteExecutor.java:112)
	at com.kms.katalon.core.main.TestSuiteExecutor.execute(TestSuiteExecutor.java:81)
	at com.kms.katalon.core.main.TestCaseMain.startTestSuite(TestCaseMain.java:149)
	at com.kms.katalon.core.main.TestCaseMain$startTestSuite$0.call(Unknown Source)
	at TempTestSuite1550476757023.run(TempTestSuite1550476757023.groovy:36)


2019-02-18 16:35:34 - [TEST_STEP][FAILED] - callTestCase(findTestCase("All TC/Arranged/3. Unit/EI/Form 7_default/OTC_Application_Reg"), [:], STOP_ON_FAILURE): callTestCase(findTestCase("All TC/Arranged/3. Unit/EI/Form 7_default/OTC_Application_Reg"), [:], STOP_ON_FAILURE) FAILED.
Reason:
com.kms.katalon.core.exception.StepFailedException: Unable to set text '10/01/2019' of object 'Object Repository/KeatMun/Form 7_default/OTC_Application_Reg/Page_PERKESO/11.Tarikh Terima_stampedDtS' (Root cause: com.kms.katalon.core.webui.exception.WebElementNotFoundException: Web element with id: 'Object Repository/KeatMun/Form 7_default/OTC_Application_Reg/Page_PERKESO/11.Tarikh Terima_stampedDtS' located by 'By.xpath: //input[@id = 'stampedDtStr' and @name = 'stampedDtStr' and @type = 'text']' not found)
	at com.kms.katalon.core.keyword.internal.KeywordMain.stepFailed(KeywordMain.groovy:36)
	at com.kms.katalon.core.webui.keyword.internal.WebUIKeywordMain.stepFailed(WebUIKeywordMain.groovy:65)
	at com.kms.katalon.core.webui.keyword.internal.WebUIKeywordMain.runKeyword(WebUIKeywordMain.groovy:27)
	at com.kms.katalon.core.webui.keyword.builtin.SetTextKeyword.setText(SetTextKeyword.groovy:65)
	at com.kms.katalon.core.webui.keyword.builtin.SetTextKeyword.execute(SetTextKeyword.groovy:37)
	at com.kms.katalon.core.keyword.internal.KeywordExecutor.executeKeywordForPlatform(KeywordExecutor.groovy:53)
	at com.kms.katalon.core.webui.keyword.WebUiBuiltInKeywords.setText(WebUiBuiltInKeywords.groovy:950)
	at com.kms.katalon.core.webui.keyword.WebUiBuiltInKeywords$setText$1.call(Unknown Source)
	at OTC_Application_Reg.run(OTC_Application_Reg:74)
	at com.kms.katalon.core.main.ScriptEngine.run(ScriptEngine.java:194)
	at com.kms.katalon.core.main.ScriptEngine.runScriptAsRawText(ScriptEngine.java:119)
	at com.kms.katalon.core.main.TestCaseExecutor.runScript(TestCaseExecutor.java:328)
	at com.kms.katalon.core.main.TestCaseExecutor.doExecute(TestCaseExecutor.java:319)
	at com.kms.katalon.core.main.TestCaseExecutor.processExecutionPhase(TestCaseExecutor.java:298)
	at com.kms.katalon.core.main.TestCaseExecutor.accessMainPhase(TestCaseExecutor.java:290)
	at com.kms.katalon.core.main.TestCaseExecutor.execute(TestCaseExecutor.java:224)
	at com.kms.katalon.core.main.TestCaseMain.runTestCase(TestCaseMain.java:106)
	at com.kms.katalon.core.keyword.builtin.CallTestCaseKeyword$_callTestCase_closure1.doCall(CallTestCaseKeyword.groovy:59)
	at com.kms.katalon.core.keyword.builtin.CallTestCaseKeyword$_callTestCase_closure1.call(CallTestCaseKeyword.groovy)
	at com.kms.katalon.core.keyword.internal.KeywordMain.runKeyword(KeywordMain.groovy:54)
	at com.kms.katalon.core.keyword.builtin.CallTestCaseKeyword.callTestCase(CallTestCaseKeyword.groovy:80)
	at com.kms.katalon.core.keyword.builtin.CallTestCaseKeyword.execute(CallTestCaseKeyword.groovy:44)
	at com.kms.katalon.core.keyword.internal.KeywordExecutor.executeKeywordForPlatform(KeywordExecutor.groovy:53)
	at com.kms.katalon.core.keyword.BuiltinKeywords.callTestCase(BuiltinKeywords.groovy:334)
	at OTC_Submit Form 7_End to End - Cheque.run(OTC_Submit Form 7_End to End - Cheque:16)
	at com.kms.katalon.core.main.ScriptEngine.run(ScriptEngine.java:194)
	at com.kms.katalon.core.main.ScriptEngine.runScriptAsRawText(ScriptEngine.java:119)
	at com.kms.katalon.core.main.TestCaseExecutor.runScript(TestCaseExecutor.java:328)
	at com.kms.katalon.core.main.TestCaseExecutor.doExecute(TestCaseExecutor.java:319)
	at com.kms.katalon.core.main.TestCaseExecutor.processExecutionPhase(TestCaseExecutor.java:298)
	at com.kms.katalon.core.main.TestCaseExecutor.accessMainPhase(TestCaseExecutor.java:290)
	at com.kms.katalon.core.main.TestCaseExecutor.execute(TestCaseExecutor.java:224)
	at com.kms.katalon.core.main.TestCaseMain.runTestCase(TestCaseMain.java:106)
	at com.kms.katalon.core.keyword.builtin.CallTestCaseKeyword$_callTestCase_closure1.doCall(CallTestCaseKeyword.groovy:59)
	at com.kms.katalon.core.keyword.builtin.CallTestCaseKeyword$_callTestCase_closure1.call(CallTestCaseKeyword.groovy)
	at com.kms.katalon.core.keyword.internal.KeywordMain.runKeyword(KeywordMain.groovy:54)
	at com.kms.katalon.core.keyword.builtin.CallTestCaseKeyword.callTestCase(CallTestCaseKeyword.groovy:80)
	at com.kms.katalon.core.keyword.builtin.CallTestCaseKeyword.execute(CallTestCaseKeyword.groovy:44)
	at com.kms.katalon.core.keyword.internal.KeywordExecutor.executeKeywordForPlatform(KeywordExecutor.groovy:53)
	at com.kms.katalon.core.keyword.BuiltinKeywords.callTestCase(BuiltinKeywords.groovy:334)
	at Same branch - EI Clerk.run(Same branch - EI Clerk:16)
	at com.kms.katalon.core.main.ScriptEngine.run(ScriptEngine.java:194)
	at com.kms.katalon.core.main.ScriptEngine.runScriptAsRawText(ScriptEngine.java:119)
	at com.kms.katalon.core.main.TestCaseExecutor.runScript(TestCaseExecutor.java:328)
	at com.kms.katalon.core.main.TestCaseExecutor.doExecute(TestCaseExecutor.java:319)
	at com.kms.katalon.core.main.TestCaseExecutor.processExecutionPhase(TestCaseExecutor.java:298)
	at com.kms.katalon.core.main.TestCaseExecutor.accessMainPhase(TestCaseExecutor.java:290)
	at com.kms.katalon.core.main.TestCaseExecutor.execute(TestCaseExecutor.java:224)
	at com.kms.katalon.core.main.TestSuiteExecutor.accessTestCaseMainPhase(TestSuiteExecutor.java:129)
	at com.kms.katalon.core.main.TestSuiteExecutor.accessTestSuiteMainPhase(TestSuiteExecutor.java:112)
	at com.kms.katalon.core.main.TestSuiteExecutor.execute(TestSuiteExecutor.java:81)
	at com.kms.katalon.core.main.TestCaseMain.startTestSuite(TestCaseMain.java:149)
	at com.kms.katalon.core.main.TestCaseMain$startTestSuite$0.call(Unknown Source)
	at TempTestSuite1550476757023.run(TempTestSuite1550476757023.groovy:36)


2019-02-18 16:35:34 - [TEST_CASE][FAILED] - Test Cases/All TC/Arranged/3. Unit/EI/Form 7_default/OTC_Application_Reg: Test Cases/All TC/Arranged/3. Unit/EI/Form 7_default/OTC_Application_Reg FAILED.
Reason:
com.kms.katalon.core.exception.StepFailedException: Unable to set text '10/01/2019' of object 'Object Repository/KeatMun/Form 7_default/OTC_Application_Reg/Page_PERKESO/11.Tarikh Terima_stampedDtS' (Root cause: com.kms.katalon.core.webui.exception.WebElementNotFoundException: Web element with id: 'Object Repository/KeatMun/Form 7_default/OTC_Application_Reg/Page_PERKESO/11.Tarikh Terima_stampedDtS' located by 'By.xpath: //input[@id = 'stampedDtStr' and @name = 'stampedDtStr' and @type = 'text']' not found)
	at com.kms.katalon.core.keyword.internal.KeywordMain.stepFailed(KeywordMain.groovy:36)
	at com.kms.katalon.core.webui.keyword.internal.WebUIKeywordMain.stepFailed(WebUIKeywordMain.groovy:65)
	at com.kms.katalon.core.webui.keyword.internal.WebUIKeywordMain.runKeyword(WebUIKeywordMain.groovy:27)
	at com.kms.katalon.core.webui.keyword.builtin.SetTextKeyword.setText(SetTextKeyword.groovy:65)
	at com.kms.katalon.core.webui.keyword.builtin.SetTextKeyword.execute(SetTextKeyword.groovy:37)
	at com.kms.katalon.core.keyword.internal.KeywordExecutor.executeKeywordForPlatform(KeywordExecutor.groovy:53)
	at com.kms.katalon.core.webui.keyword.WebUiBuiltInKeywords.setText(WebUiBuiltInKeywords.groovy:950)
	at com.kms.katalon.core.webui.keyword.WebUiBuiltInKeywords$setText$1.call(Unknown Source)
	at OTC_Application_Reg.run(OTC_Application_Reg:74)
	at com.kms.katalon.core.main.ScriptEngine.run(ScriptEngine.java:194)
	at com.kms.katalon.core.main.ScriptEngine.runScriptAsRawText(ScriptEngine.java:119)
	at com.kms.katalon.core.main.TestCaseExecutor.runScript(TestCaseExecutor.java:328)
	at com.kms.katalon.core.main.TestCaseExecutor.doExecute(TestCaseExecutor.java:319)
	at com.kms.katalon.core.main.TestCaseExecutor.processExecutionPhase(TestCaseExecutor.java:298)
	at com.kms.katalon.core.main.TestCaseExecutor.accessMainPhase(TestCaseExecutor.java:290)
	at com.kms.katalon.core.main.TestCaseExecutor.execute(TestCaseExecutor.java:224)
	at com.kms.katalon.core.main.TestCaseMain.runTestCase(TestCaseMain.java:106)
	at com.kms.katalon.core.keyword.builtin.CallTestCaseKeyword$_callTestCase_closure1.doCall(CallTestCaseKeyword.groovy:59)
	at com.kms.katalon.core.keyword.builtin.CallTestCaseKeyword$_callTestCase_closure1.call(CallTestCaseKeyword.groovy)
	at com.kms.katalon.core.keyword.internal.KeywordMain.runKeyword(KeywordMain.groovy:54)
	at com.kms.katalon.core.keyword.builtin.CallTestCaseKeyword.callTestCase(CallTestCaseKeyword.groovy:80)
	at com.kms.katalon.core.keyword.builtin.CallTestCaseKeyword.execute(CallTestCaseKeyword.groovy:44)
	at com.kms.katalon.core.keyword.internal.KeywordExecutor.executeKeywordForPlatform(KeywordExecutor.groovy:53)
	at com.kms.katalon.core.keyword.BuiltinKeywords.callTestCase(BuiltinKeywords.groovy:334)
	at OTC_Submit Form 7_End to End - Cheque.run(OTC_Submit Form 7_End to End - Cheque:16)
	at com.kms.katalon.core.main.ScriptEngine.run(ScriptEngine.java:194)
	at com.kms.katalon.core.main.ScriptEngine.runScriptAsRawText(ScriptEngine.java:119)
	at com.kms.katalon.core.main.TestCaseExecutor.runScript(TestCaseExecutor.java:328)
	at com.kms.katalon.core.main.TestCaseExecutor.doExecute(TestCaseExecutor.java:319)
	at com.kms.katalon.core.main.TestCaseExecutor.processExecutionPhase(TestCaseExecutor.java:298)
	at com.kms.katalon.core.main.TestCaseExecutor.accessMainPhase(TestCaseExecutor.java:290)
	at com.kms.katalon.core.main.TestCaseExecutor.execute(TestCaseExecutor.java:224)
	at com.kms.katalon.core.main.TestCaseMain.runTestCase(TestCaseMain.java:106)
	at com.kms.katalon.core.keyword.builtin.CallTestCaseKeyword$_callTestCase_closure1.doCall(CallTestCaseKeyword.groovy:59)
	at com.kms.katalon.core.keyword.builtin.CallTestCaseKeyword$_callTestCase_closure1.call(CallTestCaseKeyword.groovy)
	at com.kms.katalon.core.keyword.internal.KeywordMain.runKeyword(KeywordMain.groovy:54)
	at com.kms.katalon.core.keyword.builtin.CallTestCaseKeyword.callTestCase(CallTestCaseKeyword.groovy:80)
	at com.kms.katalon.core.keyword.builtin.CallTestCaseKeyword.execute(CallTestCaseKeyword.groovy:44)
	at com.kms.katalon.core.keyword.internal.KeywordExecutor.executeKeywordForPlatform(KeywordExecutor.groovy:53)
	at com.kms.katalon.core.keyword.BuiltinKeywords.callTestCase(BuiltinKeywords.groovy:334)
	at Same branch - EI Clerk.run(Same branch - EI Clerk:16)
	at com.kms.katalon.core.main.ScriptEngine.run(ScriptEngine.java:194)
	at com.kms.katalon.core.main.ScriptEngine.runScriptAsRawText(ScriptEngine.java:119)
	at com.kms.katalon.core.main.TestCaseExecutor.runScript(TestCaseExecutor.java:328)
	at com.kms.katalon.core.main.TestCaseExecutor.doExecute(TestCaseExecutor.java:319)
	at com.kms.katalon.core.main.TestCaseExecutor.processExecutionPhase(TestCaseExecutor.java:298)
	at com.kms.katalon.core.main.TestCaseExecutor.accessMainPhase(TestCaseExecutor.java:290)
	at com.kms.katalon.core.main.TestCaseExecutor.execute(TestCaseExecutor.java:224)
	at com.kms.katalon.core.main.TestSuiteExecutor.accessTestCaseMainPhase(TestSuiteExecutor.java:129)
	at com.kms.katalon.core.main.TestSuiteExecutor.accessTestSuiteMainPhase(TestSuiteExecutor.java:112)
	at com.kms.katalon.core.main.TestSuiteExecutor.execute(TestSuiteExecutor.java:81)
	at com.kms.katalon.core.main.TestCaseMain.startTestSuite(TestCaseMain.java:149)
	at com.kms.katalon.core.main.TestCaseMain$startTestSuite$0.call(Unknown Source)
	at TempTestSuite1550476757023.run(TempTestSuite1550476757023.groovy:36)


2019-02-18 16:35:34 - [TEST_STEP][PASSED] - openBrowser(""): Browser is opened with url: ''

2019-02-18 16:35:34 - [MESSAGE][WARNING] - A browser is already opened. Closing browser and opening a new one

2019-02-18 16:35:36 - [MESSAGE][INFO] - Starting 'Chrome' driver

2019-02-18 16:35:36 - [MESSAGE][INFO] - User set preference: ['args', '[--start-maximized]']

2019-02-18 16:35:40 - [MESSAGE][PASSED] - Browser is opened with url: ''

2019-02-18 16:35:40 - [TEST_STEP][PASSED] - navigateToUrl(Internal_Login): Navigate to 'http://10.20.24.188/eisportal/user/login' successfully

2019-02-18 16:35:42 - [MESSAGE][PASSED] - Navigate to 'http://10.20.24.188/eisportal/user/login' successfully

2019-02-18 16:35:42 - [TEST_STEP][PASSED] - delay(3): Delayed 3 second(s)

2019-02-18 16:35:45 - [MESSAGE][PASSED] - Delayed 3 second(s)

2019-02-18 16:35:45 - [TEST_STEP][PASSED] - setText(findTestObject("KeatMun/Form 7_default/OTC_Application_Reg/Page_PERKESO/1.username"), "faizal.hamid@perkeso.gov.my"): Text 'faizal.hamid@perkeso.gov.my' is set on object 'Object Repository/KeatMun/Form 7_default/OTC_Application_Reg/Page_PERKESO/1.username'

2019-02-18 16:35:49 - [MESSAGE][PASSED] - Text 'faizal.hamid@perkeso.gov.my' is set on object 'Object Repository/KeatMun/Form 7_default/OTC_Application_Reg/Page_PERKESO/1.username'

2019-02-18 16:35:49 - [TEST_STEP][PASSED] - delay(1): Delayed 1 second(s)

2019-02-18 16:35:50 - [MESSAGE][PASSED] - Delayed 1 second(s)

2019-02-18 16:35:50 - [TEST_STEP][PASSED] - setEncryptedText(findTestObject("KeatMun/Form 7_default/OTC_Application_Reg/Page_PERKESO/2.password"), "CQqwFZlbeC8="): Text ****** has been set on object 'Object Repository/KeatMun/Form 7_default/OTC_Application_Reg/Page_PERKESO/2.password'

2019-02-18 16:35:53 - [MESSAGE][PASSED] - Text ****** has been set on object 'Object Repository/KeatMun/Form 7_default/OTC_Application_Reg/Page_PERKESO/2.password'

2019-02-18 16:35:53 - [TEST_STEP][PASSED] - delay(2): Delayed 2 second(s)

2019-02-18 16:35:55 - [MESSAGE][PASSED] - Delayed 2 second(s)

2019-02-18 16:35:55 - [TEST_STEP][PASSED] - click(findTestObject("KeatMun/Form 7_default/OTC_Application_Reg/Page_PERKESO/3.login button")): Object: 'Object Repository/KeatMun/Form 7_default/OTC_Application_Reg/Page_PERKESO/3.login button' is clicked on

2019-02-18 16:35:59 - [MESSAGE][PASSED] - Object: 'Object Repository/KeatMun/Form 7_default/OTC_Application_Reg/Page_PERKESO/3.login button' is clicked on

2019-02-18 16:35:59 - [TEST_STEP][PASSED] - delay(2): Delayed 2 second(s)

2019-02-18 16:36:01 - [MESSAGE][PASSED] - Delayed 2 second(s)

2019-02-18 16:36:01 - [TEST_STEP][PASSED] - click(findTestObject("KeatMun/Form 7_default/OTC_Application_Reg/Page_PERKESO/4. Permohonan tab")): Object: 'Object Repository/KeatMun/Form 7_default/OTC_Application_Reg/Page_PERKESO/4. Permohonan tab' is clicked on

2019-02-18 16:36:03 - [MESSAGE][PASSED] - Object: 'Object Repository/KeatMun/Form 7_default/OTC_Application_Reg/Page_PERKESO/4. Permohonan tab' is clicked on

2019-02-18 16:36:03 - [TEST_STEP][PASSED] - delay(2): Delayed 2 second(s)

2019-02-18 16:36:05 - [MESSAGE][PASSED] - Delayed 2 second(s)

2019-02-18 16:36:05 - [TEST_STEP][PASSED] - click(findTestObject("KeatMun/Form 7_default/OTC_Application_Reg/Page_PERKESO/5.button_Setuju")): Object: 'Object Repository/KeatMun/Form 7_default/OTC_Application_Reg/Page_PERKESO/5.button_Setuju' is clicked on

2019-02-18 16:36:08 - [MESSAGE][PASSED] - Object: 'Object Repository/KeatMun/Form 7_default/OTC_Application_Reg/Page_PERKESO/5.button_Setuju' is clicked on

2019-02-18 16:36:08 - [TEST_STEP][PASSED] - delay(2): Delayed 2 second(s)

2019-02-18 16:36:10 - [MESSAGE][PASSED] - Delayed 2 second(s)

2019-02-18 16:36:10 - [TEST_STEP][PASSED] - IC = "950000140036": null

2019-02-18 16:36:10 - [TEST_STEP][PASSED] - setText(findTestObject("KeatMun/Form 7_default/OTC_Application_Reg/Page_PERKESO/6.No. Kad Pengenalan"), IC): Text '950000140036' is set on object 'Object Repository/KeatMun/Form 7_default/OTC_Application_Reg/Page_PERKESO/6.No. Kad Pengenalan'

2019-02-18 16:36:14 - [MESSAGE][PASSED] - Text '950000140036' is set on object 'Object Repository/KeatMun/Form 7_default/OTC_Application_Reg/Page_PERKESO/6.No. Kad Pengenalan'

2019-02-18 16:36:14 - [TEST_STEP][PASSED] - callTestCase(findTestCase("All TC/Arranged/1. Common/1.2 Setter/Setter IC"), [:], STOP_ON_FAILURE): Call Test Case 'Test Cases/All TC/Arranged/1. Common/1.2 Setter/Setter IC' successfully

2019-02-18 16:36:14 - [TEST_CASE][PASSED] - Test Cases/All TC/Arranged/1. Common/1.2 Setter/Setter IC: Test Cases/All TC/Arranged/1. Common/1.2 Setter/Setter IC

2019-02-18 16:36:14 - [TEST_STEP][PASSED] - RefNoOldFile = new java.io.File((internal.GlobalVariable.TextFilePathCommon + \getIC.txt)): null

2019-02-18 16:36:14 - [TEST_STEP][PASSED] - RefNoOldFile.delete(): null

2019-02-18 16:36:14 - [TEST_STEP][PASSED] - delay(5): Delayed 5 second(s)

2019-02-18 16:36:19 - [MESSAGE][PASSED] - Delayed 5 second(s)

2019-02-18 16:36:19 - [TEST_STEP][PASSED] - RefNo = new java.io.File((internal.GlobalVariable.TextFilePathCommon + \getIC.txt)): null

2019-02-18 16:36:19 - [TEST_STEP][PASSED] - f2 = new java.io.FileWriter(RefNo, false): null

2019-02-18 16:36:19 - [TEST_STEP][PASSED] - f2.write(IC): null

2019-02-18 16:36:19 - [TEST_STEP][PASSED] - f2.close(): null

2019-02-18 16:36:19 - [TEST_STEP][PASSED] - out.println("


" + IC + "


"): null

2019-02-18 16:36:19 - [MESSAGE][PASSED] - Call Test Case 'Test Cases/All TC/Arranged/1. Common/1.2 Setter/Setter IC' successfully

2019-02-18 16:36:19 - [TEST_STEP][PASSED] - delay(2): Delayed 2 second(s)

2019-02-18 16:36:21 - [MESSAGE][PASSED] - Delayed 2 second(s)

2019-02-18 16:36:21 - [TEST_STEP][PASSED] - click(findTestObject("KeatMun/Form 7_default/OTC_Application_Reg/Page_PERKESO/7.button_Semak")): Object: 'Object Repository/KeatMun/Form 7_default/OTC_Application_Reg/Page_PERKESO/7.button_Semak' is clicked on

2019-02-18 16:36:23 - [MESSAGE][PASSED] - Object: 'Object Repository/KeatMun/Form 7_default/OTC_Application_Reg/Page_PERKESO/7.button_Semak' is clicked on

2019-02-18 16:36:23 - [TEST_STEP][PASSED] - delay(4): Delayed 4 second(s)

2019-02-18 16:36:27 - [MESSAGE][PASSED] - Delayed 4 second(s)

2019-02-18 16:36:27 - [TEST_STEP][PASSED] - click(findTestObject("KeatMun/Form 7_default/OTC_Application_Reg/Page_PERKESO/8. Nama Majikan Dropdown")): Object: 'Object Repository/KeatMun/Form 7_default/OTC_Application_Reg/Page_PERKESO/8. Nama Majikan Dropdown' is clicked on

2019-02-18 16:36:30 - [MESSAGE][PASSED] - Object: 'Object Repository/KeatMun/Form 7_default/OTC_Application_Reg/Page_PERKESO/8. Nama Majikan Dropdown' is clicked on

2019-02-18 16:36:30 - [TEST_STEP][PASSED] - setText(findTestObject("KeatMun/Form 7_default/OTC_Application_Reg/Page_PERKESO/8. LOE emp"), "mon"): Text 'mon' is set on object 'Object Repository/KeatMun/Form 7_default/OTC_Application_Reg/Page_PERKESO/8. LOE emp'

2019-02-18 16:36:34 - [MESSAGE][PASSED] - Text 'mon' is set on object 'Object Repository/KeatMun/Form 7_default/OTC_Application_Reg/Page_PERKESO/8. LOE emp'

2019-02-18 16:36:34 - [TEST_STEP][PASSED] - click(findTestObject("KeatMun/Form 7_default/OTC_Application_Reg/Page_PERKESO/8. MONSOON MOTEL")): Object: 'Object Repository/KeatMun/Form 7_default/OTC_Application_Reg/Page_PERKESO/8. MONSOON MOTEL' is clicked on

2019-02-18 16:36:36 - [MESSAGE][PASSED] - Object: 'Object Repository/KeatMun/Form 7_default/OTC_Application_Reg/Page_PERKESO/8. MONSOON MOTEL' is clicked on

2019-02-18 16:36:36 - [TEST_STEP][PASSED] - delay(2): Delayed 2 second(s)

2019-02-18 16:36:38 - [MESSAGE][PASSED] - Delayed 2 second(s)

2019-02-18 16:36:38 - [TEST_STEP][PASSED] - setText(findTestObject("KeatMun/Form 7_default/OTC_Application_Reg/Page_PERKESO/9.Tarikh kehilangan pkj"), "10/01/2019"): Text '10/01/2019' is set on object 'Object Repository/KeatMun/Form 7_default/OTC_Application_Reg/Page_PERKESO/9.Tarikh kehilangan pkj'

2019-02-18 16:36:42 - [MESSAGE][PASSED] - Text '10/01/2019' is set on object 'Object Repository/KeatMun/Form 7_default/OTC_Application_Reg/Page_PERKESO/9.Tarikh kehilangan pkj'

2019-02-18 16:36:42 - [TEST_STEP][PASSED] - delay(2): Delayed 2 second(s)

2019-02-18 16:36:44 - [MESSAGE][PASSED] - Delayed 2 second(s)

2019-02-18 16:36:44 - [TEST_STEP][PASSED] - click(findTestObject("KeatMun/Form 7_default/OTC_Application_Reg/Page_PERKESO/9. Date Picker Done Button ")): Object: 'Object Repository/KeatMun/Form 7_default/OTC_Application_Reg/Page_PERKESO/9. Date Picker Done Button ' is clicked on

2019-02-18 16:36:46 - [MESSAGE][PASSED] - Object: 'Object Repository/KeatMun/Form 7_default/OTC_Application_Reg/Page_PERKESO/9. Date Picker Done Button ' is clicked on

2019-02-18 16:36:46 - [TEST_STEP][PASSED] - delay(2): Delayed 2 second(s)

2019-02-18 16:36:48 - [MESSAGE][PASSED] - Delayed 2 second(s)

2019-02-18 16:36:48 - [TEST_STEP][PASSED] - click(findTestObject("KeatMun/Form 7_default/OTC_Application_Reg/Page_PERKESO/10.button_Mohon")): Object: 'Object Repository/KeatMun/Form 7_default/OTC_Application_Reg/Page_PERKESO/10.button_Mohon' is clicked on

2019-02-18 16:36:51 - [MESSAGE][PASSED] - Object: 'Object Repository/KeatMun/Form 7_default/OTC_Application_Reg/Page_PERKESO/10.button_Mohon' is clicked on

2019-02-18 16:36:51 - [TEST_STEP][PASSED] - delay(2): Delayed 2 second(s)

2019-02-18 16:36:53 - [MESSAGE][PASSED] - Delayed 2 second(s)

2019-02-18 16:36:53 - [TEST_STEP][FAILED] - setText(findTestObject("KeatMun/Form 7_default/OTC_Application_Reg/Page_PERKESO/11.Tarikh Terima_stampedDtS"), "10/01/2019"): setText(findTestObject("KeatMun/Form 7_default/OTC_Application_Reg/Page_PERKESO/11.Tarikh Terima_stampedDtS"), "10/01/2019") FAILED.
Reason:
com.kms.katalon.core.exception.StepFailedException: Unable to set text '10/01/2019' of object 'Object Repository/KeatMun/Form 7_default/OTC_Application_Reg/Page_PERKESO/11.Tarikh Terima_stampedDtS' (Root cause: com.kms.katalon.core.webui.exception.WebElementNotFoundException: Web element with id: 'Object Repository/KeatMun/Form 7_default/OTC_Application_Reg/Page_PERKESO/11.Tarikh Terima_stampedDtS' located by 'By.xpath: //input[@id = 'stampedDtStr' and @name = 'stampedDtStr' and @type = 'text']' not found)
	at com.kms.katalon.core.keyword.internal.KeywordMain.stepFailed(KeywordMain.groovy:36)
	at com.kms.katalon.core.webui.keyword.internal.WebUIKeywordMain.stepFailed(WebUIKeywordMain.groovy:65)
	at com.kms.katalon.core.webui.keyword.internal.WebUIKeywordMain.runKeyword(WebUIKeywordMain.groovy:27)
	at com.kms.katalon.core.webui.keyword.builtin.SetTextKeyword.setText(SetTextKeyword.groovy:65)
	at com.kms.katalon.core.webui.keyword.builtin.SetTextKeyword.execute(SetTextKeyword.groovy:37)
	at com.kms.katalon.core.keyword.internal.KeywordExecutor.executeKeywordForPlatform(KeywordExecutor.groovy:53)
	at com.kms.katalon.core.webui.keyword.WebUiBuiltInKeywords.setText(WebUiBuiltInKeywords.groovy:950)
	at com.kms.katalon.core.webui.keyword.WebUiBuiltInKeywords$setText$1.call(Unknown Source)
	at OTC_Application_Reg.run(OTC_Application_Reg:74)
	at com.kms.katalon.core.main.ScriptEngine.run(ScriptEngine.java:194)
	at com.kms.katalon.core.main.ScriptEngine.runScriptAsRawText(ScriptEngine.java:119)
	at com.kms.katalon.core.main.TestCaseExecutor.runScript(TestCaseExecutor.java:328)
	at com.kms.katalon.core.main.TestCaseExecutor.doExecute(TestCaseExecutor.java:319)
	at com.kms.katalon.core.main.TestCaseExecutor.processExecutionPhase(TestCaseExecutor.java:298)
	at com.kms.katalon.core.main.TestCaseExecutor.accessMainPhase(TestCaseExecutor.java:290)
	at com.kms.katalon.core.main.TestCaseExecutor.execute(TestCaseExecutor.java:224)
	at com.kms.katalon.core.main.TestCaseMain.runTestCase(TestCaseMain.java:106)
	at com.kms.katalon.core.keyword.builtin.CallTestCaseKeyword$_callTestCase_closure1.doCall(CallTestCaseKeyword.groovy:59)
	at com.kms.katalon.core.keyword.builtin.CallTestCaseKeyword$_callTestCase_closure1.call(CallTestCaseKeyword.groovy)
	at com.kms.katalon.core.keyword.internal.KeywordMain.runKeyword(KeywordMain.groovy:54)
	at com.kms.katalon.core.keyword.builtin.CallTestCaseKeyword.callTestCase(CallTestCaseKeyword.groovy:80)
	at com.kms.katalon.core.keyword.builtin.CallTestCaseKeyword.execute(CallTestCaseKeyword.groovy:44)
	at com.kms.katalon.core.keyword.internal.KeywordExecutor.executeKeywordForPlatform(KeywordExecutor.groovy:53)
	at com.kms.katalon.core.keyword.BuiltinKeywords.callTestCase(BuiltinKeywords.groovy:334)
	at OTC_Submit Form 7_End to End - Cheque.run(OTC_Submit Form 7_End to End - Cheque:16)
	at com.kms.katalon.core.main.ScriptEngine.run(ScriptEngine.java:194)
	at com.kms.katalon.core.main.ScriptEngine.runScriptAsRawText(ScriptEngine.java:119)
	at com.kms.katalon.core.main.TestCaseExecutor.runScript(TestCaseExecutor.java:328)
	at com.kms.katalon.core.main.TestCaseExecutor.doExecute(TestCaseExecutor.java:319)
	at com.kms.katalon.core.main.TestCaseExecutor.processExecutionPhase(TestCaseExecutor.java:298)
	at com.kms.katalon.core.main.TestCaseExecutor.accessMainPhase(TestCaseExecutor.java:290)
	at com.kms.katalon.core.main.TestCaseExecutor.execute(TestCaseExecutor.java:224)
	at com.kms.katalon.core.main.TestCaseMain.runTestCase(TestCaseMain.java:106)
	at com.kms.katalon.core.keyword.builtin.CallTestCaseKeyword$_callTestCase_closure1.doCall(CallTestCaseKeyword.groovy:59)
	at com.kms.katalon.core.keyword.builtin.CallTestCaseKeyword$_callTestCase_closure1.call(CallTestCaseKeyword.groovy)
	at com.kms.katalon.core.keyword.internal.KeywordMain.runKeyword(KeywordMain.groovy:54)
	at com.kms.katalon.core.keyword.builtin.CallTestCaseKeyword.callTestCase(CallTestCaseKeyword.groovy:80)
	at com.kms.katalon.core.keyword.builtin.CallTestCaseKeyword.execute(CallTestCaseKeyword.groovy:44)
	at com.kms.katalon.core.keyword.internal.KeywordExecutor.executeKeywordForPlatform(KeywordExecutor.groovy:53)
	at com.kms.katalon.core.keyword.BuiltinKeywords.callTestCase(BuiltinKeywords.groovy:334)
	at Same branch - EI Clerk.run(Same branch - EI Clerk:16)
	at com.kms.katalon.core.main.ScriptEngine.run(ScriptEngine.java:194)
	at com.kms.katalon.core.main.ScriptEngine.runScriptAsRawText(ScriptEngine.java:119)
	at com.kms.katalon.core.main.TestCaseExecutor.runScript(TestCaseExecutor.java:328)
	at com.kms.katalon.core.main.TestCaseExecutor.doExecute(TestCaseExecutor.java:319)
	at com.kms.katalon.core.main.TestCaseExecutor.processExecutionPhase(TestCaseExecutor.java:298)
	at com.kms.katalon.core.main.TestCaseExecutor.accessMainPhase(TestCaseExecutor.java:290)
	at com.kms.katalon.core.main.TestCaseExecutor.execute(TestCaseExecutor.java:224)
	at com.kms.katalon.core.main.TestSuiteExecutor.accessTestCaseMainPhase(TestSuiteExecutor.java:129)
	at com.kms.katalon.core.main.TestSuiteExecutor.accessTestSuiteMainPhase(TestSuiteExecutor.java:112)
	at com.kms.katalon.core.main.TestSuiteExecutor.execute(TestSuiteExecutor.java:81)
	at com.kms.katalon.core.main.TestCaseMain.startTestSuite(TestCaseMain.java:149)
	at com.kms.katalon.core.main.TestCaseMain$startTestSuite$0.call(Unknown Source)
	at TempTestSuite1550476757023.run(TempTestSuite1550476757023.groovy:36)


2019-02-18 16:37:23 - [MESSAGE][INFO] - Unable to find the element located by 'By.xpath: //input[@id = 'stampedDtStr' and @name = 'stampedDtStr' and @type = 'text']'. Please recheck the objects properties to make sure the desired element is located. 

2019-02-18 16:37:24 - [MESSAGE][FAILED] - Unable to set text '10/01/2019' of object 'Object Repository/KeatMun/Form 7_default/OTC_Application_Reg/Page_PERKESO/11.Tarikh Terima_stampedDtS' (Root cause: com.kms.katalon.core.webui.exception.WebElementNotFoundException: Web element with id: 'Object Repository/KeatMun/Form 7_default/OTC_Application_Reg/Page_PERKESO/11.Tarikh Terima_stampedDtS' located by 'By.xpath: //input[@id = 'stampedDtStr' and @name = 'stampedDtStr' and @type = 'text']' not found)
[[ATTACHMENT|C:\\Users\\Admin\\Documents\\GitHub\\PKSKatalon\\PKS-EI-ES\\Reports\\New Test Suite\\20190218_155917\\1550479043383.png]]

2019-02-18 16:37:24 - [MESSAGE][FAILED] - setText(findTestObject("KeatMun/Form 7_default/OTC_Application_Reg/Page_PERKESO/11.Tarikh Terima_stampedDtS"), "10/01/2019") FAILED.
Reason:
com.kms.katalon.core.exception.StepFailedException: Unable to set text '10/01/2019' of object 'Object Repository/KeatMun/Form 7_default/OTC_Application_Reg/Page_PERKESO/11.Tarikh Terima_stampedDtS' (Root cause: com.kms.katalon.core.webui.exception.WebElementNotFoundException: Web element with id: 'Object Repository/KeatMun/Form 7_default/OTC_Application_Reg/Page_PERKESO/11.Tarikh Terima_stampedDtS' located by 'By.xpath: //input[@id = 'stampedDtStr' and @name = 'stampedDtStr' and @type = 'text']' not found)
	at com.kms.katalon.core.keyword.internal.KeywordMain.stepFailed(KeywordMain.groovy:36)
	at com.kms.katalon.core.webui.keyword.internal.WebUIKeywordMain.stepFailed(WebUIKeywordMain.groovy:65)
	at com.kms.katalon.core.webui.keyword.internal.WebUIKeywordMain.runKeyword(WebUIKeywordMain.groovy:27)
	at com.kms.katalon.core.webui.keyword.builtin.SetTextKeyword.setText(SetTextKeyword.groovy:65)
	at com.kms.katalon.core.webui.keyword.builtin.SetTextKeyword.execute(SetTextKeyword.groovy:37)
	at com.kms.katalon.core.keyword.internal.KeywordExecutor.executeKeywordForPlatform(KeywordExecutor.groovy:53)
	at com.kms.katalon.core.webui.keyword.WebUiBuiltInKeywords.setText(WebUiBuiltInKeywords.groovy:950)
	at com.kms.katalon.core.webui.keyword.WebUiBuiltInKeywords$setText$1.call(Unknown Source)
	at OTC_Application_Reg.run(OTC_Application_Reg:74)
	at com.kms.katalon.core.main.ScriptEngine.run(ScriptEngine.java:194)
	at com.kms.katalon.core.main.ScriptEngine.runScriptAsRawText(ScriptEngine.java:119)
	at com.kms.katalon.core.main.TestCaseExecutor.runScript(TestCaseExecutor.java:328)
	at com.kms.katalon.core.main.TestCaseExecutor.doExecute(TestCaseExecutor.java:319)
	at com.kms.katalon.core.main.TestCaseExecutor.processExecutionPhase(TestCaseExecutor.java:298)
	at com.kms.katalon.core.main.TestCaseExecutor.accessMainPhase(TestCaseExecutor.java:290)
	at com.kms.katalon.core.main.TestCaseExecutor.execute(TestCaseExecutor.java:224)
	at com.kms.katalon.core.main.TestCaseMain.runTestCase(TestCaseMain.java:106)
	at com.kms.katalon.core.keyword.builtin.CallTestCaseKeyword$_callTestCase_closure1.doCall(CallTestCaseKeyword.groovy:59)
	at com.kms.katalon.core.keyword.builtin.CallTestCaseKeyword$_callTestCase_closure1.call(CallTestCaseKeyword.groovy)
	at com.kms.katalon.core.keyword.internal.KeywordMain.runKeyword(KeywordMain.groovy:54)
	at com.kms.katalon.core.keyword.builtin.CallTestCaseKeyword.callTestCase(CallTestCaseKeyword.groovy:80)
	at com.kms.katalon.core.keyword.builtin.CallTestCaseKeyword.execute(CallTestCaseKeyword.groovy:44)
	at com.kms.katalon.core.keyword.internal.KeywordExecutor.executeKeywordForPlatform(KeywordExecutor.groovy:53)
	at com.kms.katalon.core.keyword.BuiltinKeywords.callTestCase(BuiltinKeywords.groovy:334)
	at OTC_Submit Form 7_End to End - Cheque.run(OTC_Submit Form 7_End to End - Cheque:16)
	at com.kms.katalon.core.main.ScriptEngine.run(ScriptEngine.java:194)
	at com.kms.katalon.core.main.ScriptEngine.runScriptAsRawText(ScriptEngine.java:119)
	at com.kms.katalon.core.main.TestCaseExecutor.runScript(TestCaseExecutor.java:328)
	at com.kms.katalon.core.main.TestCaseExecutor.doExecute(TestCaseExecutor.java:319)
	at com.kms.katalon.core.main.TestCaseExecutor.processExecutionPhase(TestCaseExecutor.java:298)
	at com.kms.katalon.core.main.TestCaseExecutor.accessMainPhase(TestCaseExecutor.java:290)
	at com.kms.katalon.core.main.TestCaseExecutor.execute(TestCaseExecutor.java:224)
	at com.kms.katalon.core.main.TestCaseMain.runTestCase(TestCaseMain.java:106)
	at com.kms.katalon.core.keyword.builtin.CallTestCaseKeyword$_callTestCase_closure1.doCall(CallTestCaseKeyword.groovy:59)
	at com.kms.katalon.core.keyword.builtin.CallTestCaseKeyword$_callTestCase_closure1.call(CallTestCaseKeyword.groovy)
	at com.kms.katalon.core.keyword.internal.KeywordMain.runKeyword(KeywordMain.groovy:54)
	at com.kms.katalon.core.keyword.builtin.CallTestCaseKeyword.callTestCase(CallTestCaseKeyword.groovy:80)
	at com.kms.katalon.core.keyword.builtin.CallTestCaseKeyword.execute(CallTestCaseKeyword.groovy:44)
	at com.kms.katalon.core.keyword.internal.KeywordExecutor.executeKeywordForPlatform(KeywordExecutor.groovy:53)
	at com.kms.katalon.core.keyword.BuiltinKeywords.callTestCase(BuiltinKeywords.groovy:334)
	at Same branch - EI Clerk.run(Same branch - EI Clerk:16)
	at com.kms.katalon.core.main.ScriptEngine.run(ScriptEngine.java:194)
	at com.kms.katalon.core.main.ScriptEngine.runScriptAsRawText(ScriptEngine.java:119)
	at com.kms.katalon.core.main.TestCaseExecutor.runScript(TestCaseExecutor.java:328)
	at com.kms.katalon.core.main.TestCaseExecutor.doExecute(TestCaseExecutor.java:319)
	at com.kms.katalon.core.main.TestCaseExecutor.processExecutionPhase(TestCaseExecutor.java:298)
	at com.kms.katalon.core.main.TestCaseExecutor.accessMainPhase(TestCaseExecutor.java:290)
	at com.kms.katalon.core.main.TestCaseExecutor.execute(TestCaseExecutor.java:224)
	at com.kms.katalon.core.main.TestSuiteExecutor.accessTestCaseMainPhase(TestSuiteExecutor.java:129)
	at com.kms.katalon.core.main.TestSuiteExecutor.accessTestSuiteMainPhase(TestSuiteExecutor.java:112)
	at com.kms.katalon.core.main.TestSuiteExecutor.execute(TestSuiteExecutor.java:81)
	at com.kms.katalon.core.main.TestCaseMain.startTestSuite(TestCaseMain.java:149)
	at com.kms.katalon.core.main.TestCaseMain$startTestSuite$0.call(Unknown Source)
	at TempTestSuite1550476757023.run(TempTestSuite1550476757023.groovy:36)


2019-02-18 16:37:24 - [MESSAGE][FAILED] - Unable to call Test Case 'Test Cases/All TC/Arranged/3. Unit/EI/Form 7_default/OTC_Application_Reg' (Root cause: com.kms.katalon.core.exception.StepFailedException: Call Test Case 'Test Cases/All TC/Arranged/3. Unit/EI/Form 7_default/OTC_Application_Reg' failed)

2019-02-18 16:37:24 - [MESSAGE][FAILED] - callTestCase(findTestCase("All TC/Arranged/3. Unit/EI/Form 7_default/OTC_Application_Reg"), [:], STOP_ON_FAILURE) FAILED.
Reason:
com.kms.katalon.core.exception.StepFailedException: Unable to set text '10/01/2019' of object 'Object Repository/KeatMun/Form 7_default/OTC_Application_Reg/Page_PERKESO/11.Tarikh Terima_stampedDtS' (Root cause: com.kms.katalon.core.webui.exception.WebElementNotFoundException: Web element with id: 'Object Repository/KeatMun/Form 7_default/OTC_Application_Reg/Page_PERKESO/11.Tarikh Terima_stampedDtS' located by 'By.xpath: //input[@id = 'stampedDtStr' and @name = 'stampedDtStr' and @type = 'text']' not found)
	at com.kms.katalon.core.keyword.internal.KeywordMain.stepFailed(KeywordMain.groovy:36)
	at com.kms.katalon.core.webui.keyword.internal.WebUIKeywordMain.stepFailed(WebUIKeywordMain.groovy:65)
	at com.kms.katalon.core.webui.keyword.internal.WebUIKeywordMain.runKeyword(WebUIKeywordMain.groovy:27)
	at com.kms.katalon.core.webui.keyword.builtin.SetTextKeyword.setText(SetTextKeyword.groovy:65)
	at com.kms.katalon.core.webui.keyword.builtin.SetTextKeyword.execute(SetTextKeyword.groovy:37)
	at com.kms.katalon.core.keyword.internal.KeywordExecutor.executeKeywordForPlatform(KeywordExecutor.groovy:53)
	at com.kms.katalon.core.webui.keyword.WebUiBuiltInKeywords.setText(WebUiBuiltInKeywords.groovy:950)
	at com.kms.katalon.core.webui.keyword.WebUiBuiltInKeywords$setText$1.call(Unknown Source)
	at OTC_Application_Reg.run(OTC_Application_Reg:74)
	at com.kms.katalon.core.main.ScriptEngine.run(ScriptEngine.java:194)
	at com.kms.katalon.core.main.ScriptEngine.runScriptAsRawText(ScriptEngine.java:119)
	at com.kms.katalon.core.main.TestCaseExecutor.runScript(TestCaseExecutor.java:328)
	at com.kms.katalon.core.main.TestCaseExecutor.doExecute(TestCaseExecutor.java:319)
	at com.kms.katalon.core.main.TestCaseExecutor.processExecutionPhase(TestCaseExecutor.java:298)
	at com.kms.katalon.core.main.TestCaseExecutor.accessMainPhase(TestCaseExecutor.java:290)
	at com.kms.katalon.core.main.TestCaseExecutor.execute(TestCaseExecutor.java:224)
	at com.kms.katalon.core.main.TestCaseMain.runTestCase(TestCaseMain.java:106)
	at com.kms.katalon.core.keyword.builtin.CallTestCaseKeyword$_callTestCase_closure1.doCall(CallTestCaseKeyword.groovy:59)
	at com.kms.katalon.core.keyword.builtin.CallTestCaseKeyword$_callTestCase_closure1.call(CallTestCaseKeyword.groovy)
	at com.kms.katalon.core.keyword.internal.KeywordMain.runKeyword(KeywordMain.groovy:54)
	at com.kms.katalon.core.keyword.builtin.CallTestCaseKeyword.callTestCase(CallTestCaseKeyword.groovy:80)
	at com.kms.katalon.core.keyword.builtin.CallTestCaseKeyword.execute(CallTestCaseKeyword.groovy:44)
	at com.kms.katalon.core.keyword.internal.KeywordExecutor.executeKeywordForPlatform(KeywordExecutor.groovy:53)
	at com.kms.katalon.core.keyword.BuiltinKeywords.callTestCase(BuiltinKeywords.groovy:334)
	at OTC_Submit Form 7_End to End - Cheque.run(OTC_Submit Form 7_End to End - Cheque:16)
	at com.kms.katalon.core.main.ScriptEngine.run(ScriptEngine.java:194)
	at com.kms.katalon.core.main.ScriptEngine.runScriptAsRawText(ScriptEngine.java:119)
	at com.kms.katalon.core.main.TestCaseExecutor.runScript(TestCaseExecutor.java:328)
	at com.kms.katalon.core.main.TestCaseExecutor.doExecute(TestCaseExecutor.java:319)
	at com.kms.katalon.core.main.TestCaseExecutor.processExecutionPhase(TestCaseExecutor.java:298)
	at com.kms.katalon.core.main.TestCaseExecutor.accessMainPhase(TestCaseExecutor.java:290)
	at com.kms.katalon.core.main.TestCaseExecutor.execute(TestCaseExecutor.java:224)
	at com.kms.katalon.core.main.TestCaseMain.runTestCase(TestCaseMain.java:106)
	at com.kms.katalon.core.keyword.builtin.CallTestCaseKeyword$_callTestCase_closure1.doCall(CallTestCaseKeyword.groovy:59)
	at com.kms.katalon.core.keyword.builtin.CallTestCaseKeyword$_callTestCase_closure1.call(CallTestCaseKeyword.groovy)
	at com.kms.katalon.core.keyword.internal.KeywordMain.runKeyword(KeywordMain.groovy:54)
	at com.kms.katalon.core.keyword.builtin.CallTestCaseKeyword.callTestCase(CallTestCaseKeyword.groovy:80)
	at com.kms.katalon.core.keyword.builtin.CallTestCaseKeyword.execute(CallTestCaseKeyword.groovy:44)
	at com.kms.katalon.core.keyword.internal.KeywordExecutor.executeKeywordForPlatform(KeywordExecutor.groovy:53)
	at com.kms.katalon.core.keyword.BuiltinKeywords.callTestCase(BuiltinKeywords.groovy:334)
	at Same branch - EI Clerk.run(Same branch - EI Clerk:16)
	at com.kms.katalon.core.main.ScriptEngine.run(ScriptEngine.java:194)
	at com.kms.katalon.core.main.ScriptEngine.runScriptAsRawText(ScriptEngine.java:119)
	at com.kms.katalon.core.main.TestCaseExecutor.runScript(TestCaseExecutor.java:328)
	at com.kms.katalon.core.main.TestCaseExecutor.doExecute(TestCaseExecutor.java:319)
	at com.kms.katalon.core.main.TestCaseExecutor.processExecutionPhase(TestCaseExecutor.java:298)
	at com.kms.katalon.core.main.TestCaseExecutor.accessMainPhase(TestCaseExecutor.java:290)
	at com.kms.katalon.core.main.TestCaseExecutor.execute(TestCaseExecutor.java:224)
	at com.kms.katalon.core.main.TestSuiteExecutor.accessTestCaseMainPhase(TestSuiteExecutor.java:129)
	at com.kms.katalon.core.main.TestSuiteExecutor.accessTestSuiteMainPhase(TestSuiteExecutor.java:112)
	at com.kms.katalon.core.main.TestSuiteExecutor.execute(TestSuiteExecutor.java:81)
	at com.kms.katalon.core.main.TestCaseMain.startTestSuite(TestCaseMain.java:149)
	at com.kms.katalon.core.main.TestCaseMain$startTestSuite$0.call(Unknown Source)
	at TempTestSuite1550476757023.run(TempTestSuite1550476757023.groovy:36)


2019-02-18 16:37:25 - [MESSAGE][FAILED] - Unable to call Test Case 'Test Cases/All TC/Arranged/2. Segment/OTC_Submit Form 7_End to End - Cheque' (Root cause: com.kms.katalon.core.exception.StepFailedException: Call Test Case 'Test Cases/All TC/Arranged/2. Segment/OTC_Submit Form 7_End to End - Cheque' failed)

2019-02-18 16:37:25 - [MESSAGE][FAILED] - callTestCase(findTestCase("All TC/Arranged/2. Segment/OTC_Submit Form 7_End to End - Cheque"), [:], STOP_ON_FAILURE) FAILED.
Reason:
com.kms.katalon.core.exception.StepFailedException: Unable to set text '10/01/2019' of object 'Object Repository/KeatMun/Form 7_default/OTC_Application_Reg/Page_PERKESO/11.Tarikh Terima_stampedDtS' (Root cause: com.kms.katalon.core.webui.exception.WebElementNotFoundException: Web element with id: 'Object Repository/KeatMun/Form 7_default/OTC_Application_Reg/Page_PERKESO/11.Tarikh Terima_stampedDtS' located by 'By.xpath: //input[@id = 'stampedDtStr' and @name = 'stampedDtStr' and @type = 'text']' not found)
	at com.kms.katalon.core.keyword.internal.KeywordMain.stepFailed(KeywordMain.groovy:36)
	at com.kms.katalon.core.webui.keyword.internal.WebUIKeywordMain.stepFailed(WebUIKeywordMain.groovy:65)
	at com.kms.katalon.core.webui.keyword.internal.WebUIKeywordMain.runKeyword(WebUIKeywordMain.groovy:27)
	at com.kms.katalon.core.webui.keyword.builtin.SetTextKeyword.setText(SetTextKeyword.groovy:65)
	at com.kms.katalon.core.webui.keyword.builtin.SetTextKeyword.execute(SetTextKeyword.groovy:37)
	at com.kms.katalon.core.keyword.internal.KeywordExecutor.executeKeywordForPlatform(KeywordExecutor.groovy:53)
	at com.kms.katalon.core.webui.keyword.WebUiBuiltInKeywords.setText(WebUiBuiltInKeywords.groovy:950)
	at com.kms.katalon.core.webui.keyword.WebUiBuiltInKeywords$setText$1.call(Unknown Source)
	at OTC_Application_Reg.run(OTC_Application_Reg:74)
	at com.kms.katalon.core.main.ScriptEngine.run(ScriptEngine.java:194)
	at com.kms.katalon.core.main.ScriptEngine.runScriptAsRawText(ScriptEngine.java:119)
	at com.kms.katalon.core.main.TestCaseExecutor.runScript(TestCaseExecutor.java:328)
	at com.kms.katalon.core.main.TestCaseExecutor.doExecute(TestCaseExecutor.java:319)
	at com.kms.katalon.core.main.TestCaseExecutor.processExecutionPhase(TestCaseExecutor.java:298)
	at com.kms.katalon.core.main.TestCaseExecutor.accessMainPhase(TestCaseExecutor.java:290)
	at com.kms.katalon.core.main.TestCaseExecutor.execute(TestCaseExecutor.java:224)
	at com.kms.katalon.core.main.TestCaseMain.runTestCase(TestCaseMain.java:106)
	at com.kms.katalon.core.keyword.builtin.CallTestCaseKeyword$_callTestCase_closure1.doCall(CallTestCaseKeyword.groovy:59)
	at com.kms.katalon.core.keyword.builtin.CallTestCaseKeyword$_callTestCase_closure1.call(CallTestCaseKeyword.groovy)
	at com.kms.katalon.core.keyword.internal.KeywordMain.runKeyword(KeywordMain.groovy:54)
	at com.kms.katalon.core.keyword.builtin.CallTestCaseKeyword.callTestCase(CallTestCaseKeyword.groovy:80)
	at com.kms.katalon.core.keyword.builtin.CallTestCaseKeyword.execute(CallTestCaseKeyword.groovy:44)
	at com.kms.katalon.core.keyword.internal.KeywordExecutor.executeKeywordForPlatform(KeywordExecutor.groovy:53)
	at com.kms.katalon.core.keyword.BuiltinKeywords.callTestCase(BuiltinKeywords.groovy:334)
	at OTC_Submit Form 7_End to End - Cheque.run(OTC_Submit Form 7_End to End - Cheque:16)
	at com.kms.katalon.core.main.ScriptEngine.run(ScriptEngine.java:194)
	at com.kms.katalon.core.main.ScriptEngine.runScriptAsRawText(ScriptEngine.java:119)
	at com.kms.katalon.core.main.TestCaseExecutor.runScript(TestCaseExecutor.java:328)
	at com.kms.katalon.core.main.TestCaseExecutor.doExecute(TestCaseExecutor.java:319)
	at com.kms.katalon.core.main.TestCaseExecutor.processExecutionPhase(TestCaseExecutor.java:298)
	at com.kms.katalon.core.main.TestCaseExecutor.accessMainPhase(TestCaseExecutor.java:290)
	at com.kms.katalon.core.main.TestCaseExecutor.execute(TestCaseExecutor.java:224)
	at com.kms.katalon.core.main.TestCaseMain.runTestCase(TestCaseMain.java:106)
	at com.kms.katalon.core.keyword.builtin.CallTestCaseKeyword$_callTestCase_closure1.doCall(CallTestCaseKeyword.groovy:59)
	at com.kms.katalon.core.keyword.builtin.CallTestCaseKeyword$_callTestCase_closure1.call(CallTestCaseKeyword.groovy)
	at com.kms.katalon.core.keyword.internal.KeywordMain.runKeyword(KeywordMain.groovy:54)
	at com.kms.katalon.core.keyword.builtin.CallTestCaseKeyword.callTestCase(CallTestCaseKeyword.groovy:80)
	at com.kms.katalon.core.keyword.builtin.CallTestCaseKeyword.execute(CallTestCaseKeyword.groovy:44)
	at com.kms.katalon.core.keyword.internal.KeywordExecutor.executeKeywordForPlatform(KeywordExecutor.groovy:53)
	at com.kms.katalon.core.keyword.BuiltinKeywords.callTestCase(BuiltinKeywords.groovy:334)
	at Same branch - EI Clerk.run(Same branch - EI Clerk:16)
	at com.kms.katalon.core.main.ScriptEngine.run(ScriptEngine.java:194)
	at com.kms.katalon.core.main.ScriptEngine.runScriptAsRawText(ScriptEngine.java:119)
	at com.kms.katalon.core.main.TestCaseExecutor.runScript(TestCaseExecutor.java:328)
	at com.kms.katalon.core.main.TestCaseExecutor.doExecute(TestCaseExecutor.java:319)
	at com.kms.katalon.core.main.TestCaseExecutor.processExecutionPhase(TestCaseExecutor.java:298)
	at com.kms.katalon.core.main.TestCaseExecutor.accessMainPhase(TestCaseExecutor.java:290)
	at com.kms.katalon.core.main.TestCaseExecutor.execute(TestCaseExecutor.java:224)
	at com.kms.katalon.core.main.TestSuiteExecutor.accessTestCaseMainPhase(TestSuiteExecutor.java:129)
	at com.kms.katalon.core.main.TestSuiteExecutor.accessTestSuiteMainPhase(TestSuiteExecutor.java:112)
	at com.kms.katalon.core.main.TestSuiteExecutor.execute(TestSuiteExecutor.java:81)
	at com.kms.katalon.core.main.TestCaseMain.startTestSuite(TestCaseMain.java:149)
	at com.kms.katalon.core.main.TestCaseMain$startTestSuite$0.call(Unknown Source)
	at TempTestSuite1550476757023.run(TempTestSuite1550476757023.groovy:36)]]></system-out>
         <system-err><![CDATA[2019-02-18 16:35:34 - [TEST_CASE][FAILED] - Test Cases/All TC/Arranged/0. Full Flow/Query/Same branch - EI Clerk: Test Cases/All TC/Arranged/0. Full Flow/Query/Same branch - EI Clerk FAILED.
Reason:
com.kms.katalon.core.exception.StepFailedException: Unable to set text '10/01/2019' of object 'Object Repository/KeatMun/Form 7_default/OTC_Application_Reg/Page_PERKESO/11.Tarikh Terima_stampedDtS' (Root cause: com.kms.katalon.core.webui.exception.WebElementNotFoundException: Web element with id: 'Object Repository/KeatMun/Form 7_default/OTC_Application_Reg/Page_PERKESO/11.Tarikh Terima_stampedDtS' located by 'By.xpath: //input[@id = 'stampedDtStr' and @name = 'stampedDtStr' and @type = 'text']' not found)
	at com.kms.katalon.core.keyword.internal.KeywordMain.stepFailed(KeywordMain.groovy:36)
	at com.kms.katalon.core.webui.keyword.internal.WebUIKeywordMain.stepFailed(WebUIKeywordMain.groovy:65)
	at com.kms.katalon.core.webui.keyword.internal.WebUIKeywordMain.runKeyword(WebUIKeywordMain.groovy:27)
	at com.kms.katalon.core.webui.keyword.builtin.SetTextKeyword.setText(SetTextKeyword.groovy:65)
	at com.kms.katalon.core.webui.keyword.builtin.SetTextKeyword.execute(SetTextKeyword.groovy:37)
	at com.kms.katalon.core.keyword.internal.KeywordExecutor.executeKeywordForPlatform(KeywordExecutor.groovy:53)
	at com.kms.katalon.core.webui.keyword.WebUiBuiltInKeywords.setText(WebUiBuiltInKeywords.groovy:950)
	at com.kms.katalon.core.webui.keyword.WebUiBuiltInKeywords$setText$1.call(Unknown Source)
	at OTC_Application_Reg.run(OTC_Application_Reg:74)
	at com.kms.katalon.core.main.ScriptEngine.run(ScriptEngine.java:194)
	at com.kms.katalon.core.main.ScriptEngine.runScriptAsRawText(ScriptEngine.java:119)
	at com.kms.katalon.core.main.TestCaseExecutor.runScript(TestCaseExecutor.java:328)
	at com.kms.katalon.core.main.TestCaseExecutor.doExecute(TestCaseExecutor.java:319)
	at com.kms.katalon.core.main.TestCaseExecutor.processExecutionPhase(TestCaseExecutor.java:298)
	at com.kms.katalon.core.main.TestCaseExecutor.accessMainPhase(TestCaseExecutor.java:290)
	at com.kms.katalon.core.main.TestCaseExecutor.execute(TestCaseExecutor.java:224)
	at com.kms.katalon.core.main.TestCaseMain.runTestCase(TestCaseMain.java:106)
	at com.kms.katalon.core.keyword.builtin.CallTestCaseKeyword$_callTestCase_closure1.doCall(CallTestCaseKeyword.groovy:59)
	at com.kms.katalon.core.keyword.builtin.CallTestCaseKeyword$_callTestCase_closure1.call(CallTestCaseKeyword.groovy)
	at com.kms.katalon.core.keyword.internal.KeywordMain.runKeyword(KeywordMain.groovy:54)
	at com.kms.katalon.core.keyword.builtin.CallTestCaseKeyword.callTestCase(CallTestCaseKeyword.groovy:80)
	at com.kms.katalon.core.keyword.builtin.CallTestCaseKeyword.execute(CallTestCaseKeyword.groovy:44)
	at com.kms.katalon.core.keyword.internal.KeywordExecutor.executeKeywordForPlatform(KeywordExecutor.groovy:53)
	at com.kms.katalon.core.keyword.BuiltinKeywords.callTestCase(BuiltinKeywords.groovy:334)
	at OTC_Submit Form 7_End to End - Cheque.run(OTC_Submit Form 7_End to End - Cheque:16)
	at com.kms.katalon.core.main.ScriptEngine.run(ScriptEngine.java:194)
	at com.kms.katalon.core.main.ScriptEngine.runScriptAsRawText(ScriptEngine.java:119)
	at com.kms.katalon.core.main.TestCaseExecutor.runScript(TestCaseExecutor.java:328)
	at com.kms.katalon.core.main.TestCaseExecutor.doExecute(TestCaseExecutor.java:319)
	at com.kms.katalon.core.main.TestCaseExecutor.processExecutionPhase(TestCaseExecutor.java:298)
	at com.kms.katalon.core.main.TestCaseExecutor.accessMainPhase(TestCaseExecutor.java:290)
	at com.kms.katalon.core.main.TestCaseExecutor.execute(TestCaseExecutor.java:224)
	at com.kms.katalon.core.main.TestCaseMain.runTestCase(TestCaseMain.java:106)
	at com.kms.katalon.core.keyword.builtin.CallTestCaseKeyword$_callTestCase_closure1.doCall(CallTestCaseKeyword.groovy:59)
	at com.kms.katalon.core.keyword.builtin.CallTestCaseKeyword$_callTestCase_closure1.call(CallTestCaseKeyword.groovy)
	at com.kms.katalon.core.keyword.internal.KeywordMain.runKeyword(KeywordMain.groovy:54)
	at com.kms.katalon.core.keyword.builtin.CallTestCaseKeyword.callTestCase(CallTestCaseKeyword.groovy:80)
	at com.kms.katalon.core.keyword.builtin.CallTestCaseKeyword.execute(CallTestCaseKeyword.groovy:44)
	at com.kms.katalon.core.keyword.internal.KeywordExecutor.executeKeywordForPlatform(KeywordExecutor.groovy:53)
	at com.kms.katalon.core.keyword.BuiltinKeywords.callTestCase(BuiltinKeywords.groovy:334)
	at Same branch - EI Clerk.run(Same branch - EI Clerk:16)
	at com.kms.katalon.core.main.ScriptEngine.run(ScriptEngine.java:194)
	at com.kms.katalon.core.main.ScriptEngine.runScriptAsRawText(ScriptEngine.java:119)
	at com.kms.katalon.core.main.TestCaseExecutor.runScript(TestCaseExecutor.java:328)
	at com.kms.katalon.core.main.TestCaseExecutor.doExecute(TestCaseExecutor.java:319)
	at com.kms.katalon.core.main.TestCaseExecutor.processExecutionPhase(TestCaseExecutor.java:298)
	at com.kms.katalon.core.main.TestCaseExecutor.accessMainPhase(TestCaseExecutor.java:290)
	at com.kms.katalon.core.main.TestCaseExecutor.execute(TestCaseExecutor.java:224)
	at com.kms.katalon.core.main.TestSuiteExecutor.accessTestCaseMainPhase(TestSuiteExecutor.java:129)
	at com.kms.katalon.core.main.TestSuiteExecutor.accessTestSuiteMainPhase(TestSuiteExecutor.java:112)
	at com.kms.katalon.core.main.TestSuiteExecutor.execute(TestSuiteExecutor.java:81)
	at com.kms.katalon.core.main.TestCaseMain.startTestSuite(TestCaseMain.java:149)
	at com.kms.katalon.core.main.TestCaseMain$startTestSuite$0.call(Unknown Source)
	at TempTestSuite1550476757023.run(TempTestSuite1550476757023.groovy:36)]]></system-err>
      </testcase>
      <testcase name="Test Cases/All TC/Arranged/0. Full Flow/Query/Cross branch - SEIO" classname="Test Cases/All TC/Arranged/0. Full Flow/Query/Cross branch - SEIO" status="FAILED">
         <failure type="FAILED" message="Test Cases/All TC/Arranged/0. Full Flow/Query/Cross branch - SEIO FAILED.
Reason:
com.kms.katalon.core.exception.StepFailedException: Unable to set text '10/01/2019' of object 'Object Repository/KeatMun/Form 7_default/OTC_Application_Reg/Page_PERKESO/11.Tarikh Terima_stampedDtS' (Root cause: com.kms.katalon.core.webui.exception.WebElementNotFoundException: Web element with id: 'Object Repository/KeatMun/Form 7_default/OTC_Application_Reg/Page_PERKESO/11.Tarikh Terima_stampedDtS' located by 'By.xpath: //input[@id = 'stampedDtStr' and @name = 'stampedDtStr' and @type = 'text']' not found)
	at com.kms.katalon.core.keyword.internal.KeywordMain.stepFailed(KeywordMain.groovy:36)
	at com.kms.katalon.core.webui.keyword.internal.WebUIKeywordMain.stepFailed(WebUIKeywordMain.groovy:65)
	at com.kms.katalon.core.webui.keyword.internal.WebUIKeywordMain.runKeyword(WebUIKeywordMain.groovy:27)
	at com.kms.katalon.core.webui.keyword.builtin.SetTextKeyword.setText(SetTextKeyword.groovy:65)
	at com.kms.katalon.core.webui.keyword.builtin.SetTextKeyword.execute(SetTextKeyword.groovy:37)
	at com.kms.katalon.core.keyword.internal.KeywordExecutor.executeKeywordForPlatform(KeywordExecutor.groovy:53)
	at com.kms.katalon.core.webui.keyword.WebUiBuiltInKeywords.setText(WebUiBuiltInKeywords.groovy:950)
	at com.kms.katalon.core.webui.keyword.WebUiBuiltInKeywords$setText$1.call(Unknown Source)
	at OTC_Application_Reg.run(OTC_Application_Reg:74)
	at com.kms.katalon.core.main.ScriptEngine.run(ScriptEngine.java:194)
	at com.kms.katalon.core.main.ScriptEngine.runScriptAsRawText(ScriptEngine.java:119)
	at com.kms.katalon.core.main.TestCaseExecutor.runScript(TestCaseExecutor.java:328)
	at com.kms.katalon.core.main.TestCaseExecutor.doExecute(TestCaseExecutor.java:319)
	at com.kms.katalon.core.main.TestCaseExecutor.processExecutionPhase(TestCaseExecutor.java:298)
	at com.kms.katalon.core.main.TestCaseExecutor.accessMainPhase(TestCaseExecutor.java:290)
	at com.kms.katalon.core.main.TestCaseExecutor.execute(TestCaseExecutor.java:224)
	at com.kms.katalon.core.main.TestCaseMain.runTestCase(TestCaseMain.java:106)
	at com.kms.katalon.core.keyword.builtin.CallTestCaseKeyword$_callTestCase_closure1.doCall(CallTestCaseKeyword.groovy:59)
	at com.kms.katalon.core.keyword.builtin.CallTestCaseKeyword$_callTestCase_closure1.call(CallTestCaseKeyword.groovy)
	at com.kms.katalon.core.keyword.internal.KeywordMain.runKeyword(KeywordMain.groovy:54)
	at com.kms.katalon.core.keyword.builtin.CallTestCaseKeyword.callTestCase(CallTestCaseKeyword.groovy:80)
	at com.kms.katalon.core.keyword.builtin.CallTestCaseKeyword.execute(CallTestCaseKeyword.groovy:44)
	at com.kms.katalon.core.keyword.internal.KeywordExecutor.executeKeywordForPlatform(KeywordExecutor.groovy:53)
	at com.kms.katalon.core.keyword.BuiltinKeywords.callTestCase(BuiltinKeywords.groovy:334)
	at OTC_Submit Form 7_End to End - Cheque.run(OTC_Submit Form 7_End to End - Cheque:16)
	at com.kms.katalon.core.main.ScriptEngine.run(ScriptEngine.java:194)
	at com.kms.katalon.core.main.ScriptEngine.runScriptAsRawText(ScriptEngine.java:119)
	at com.kms.katalon.core.main.TestCaseExecutor.runScript(TestCaseExecutor.java:328)
	at com.kms.katalon.core.main.TestCaseExecutor.doExecute(TestCaseExecutor.java:319)
	at com.kms.katalon.core.main.TestCaseExecutor.processExecutionPhase(TestCaseExecutor.java:298)
	at com.kms.katalon.core.main.TestCaseExecutor.accessMainPhase(TestCaseExecutor.java:290)
	at com.kms.katalon.core.main.TestCaseExecutor.execute(TestCaseExecutor.java:224)
	at com.kms.katalon.core.main.TestCaseMain.runTestCase(TestCaseMain.java:106)
	at com.kms.katalon.core.keyword.builtin.CallTestCaseKeyword$_callTestCase_closure1.doCall(CallTestCaseKeyword.groovy:59)
	at com.kms.katalon.core.keyword.builtin.CallTestCaseKeyword$_callTestCase_closure1.call(CallTestCaseKeyword.groovy)
	at com.kms.katalon.core.keyword.internal.KeywordMain.runKeyword(KeywordMain.groovy:54)
	at com.kms.katalon.core.keyword.builtin.CallTestCaseKeyword.callTestCase(CallTestCaseKeyword.groovy:80)
	at com.kms.katalon.core.keyword.builtin.CallTestCaseKeyword.execute(CallTestCaseKeyword.groovy:44)
	at com.kms.katalon.core.keyword.internal.KeywordExecutor.executeKeywordForPlatform(KeywordExecutor.groovy:53)
	at com.kms.katalon.core.keyword.BuiltinKeywords.callTestCase(BuiltinKeywords.groovy:334)
	at Cross branch - SEIO.run(Cross branch - SEIO:16)
	at com.kms.katalon.core.main.ScriptEngine.run(ScriptEngine.java:194)
	at com.kms.katalon.core.main.ScriptEngine.runScriptAsRawText(ScriptEngine.java:119)
	at com.kms.katalon.core.main.TestCaseExecutor.runScript(TestCaseExecutor.java:328)
	at com.kms.katalon.core.main.TestCaseExecutor.doExecute(TestCaseExecutor.java:319)
	at com.kms.katalon.core.main.TestCaseExecutor.processExecutionPhase(TestCaseExecutor.java:298)
	at com.kms.katalon.core.main.TestCaseExecutor.accessMainPhase(TestCaseExecutor.java:290)
	at com.kms.katalon.core.main.TestCaseExecutor.execute(TestCaseExecutor.java:224)
	at com.kms.katalon.core.main.TestSuiteExecutor.accessTestCaseMainPhase(TestSuiteExecutor.java:129)
	at com.kms.katalon.core.main.TestSuiteExecutor.accessTestSuiteMainPhase(TestSuiteExecutor.java:112)
	at com.kms.katalon.core.main.TestSuiteExecutor.execute(TestSuiteExecutor.java:81)
	at com.kms.katalon.core.main.TestCaseMain.startTestSuite(TestCaseMain.java:149)
	at com.kms.katalon.core.main.TestCaseMain$startTestSuite$0.call(Unknown Source)
	at TempTestSuite1550476757023.run(TempTestSuite1550476757023.groovy:36)
"/>
         <system-out><![CDATA[2019-02-18 16:37:25 - [TEST_CASE][FAILED] - Test Cases/All TC/Arranged/0. Full Flow/Query/Cross branch - SEIO: Test Cases/All TC/Arranged/0. Full Flow/Query/Cross branch - SEIO FAILED.
Reason:
com.kms.katalon.core.exception.StepFailedException: Unable to set text '10/01/2019' of object 'Object Repository/KeatMun/Form 7_default/OTC_Application_Reg/Page_PERKESO/11.Tarikh Terima_stampedDtS' (Root cause: com.kms.katalon.core.webui.exception.WebElementNotFoundException: Web element with id: 'Object Repository/KeatMun/Form 7_default/OTC_Application_Reg/Page_PERKESO/11.Tarikh Terima_stampedDtS' located by 'By.xpath: //input[@id = 'stampedDtStr' and @name = 'stampedDtStr' and @type = 'text']' not found)
	at com.kms.katalon.core.keyword.internal.KeywordMain.stepFailed(KeywordMain.groovy:36)
	at com.kms.katalon.core.webui.keyword.internal.WebUIKeywordMain.stepFailed(WebUIKeywordMain.groovy:65)
	at com.kms.katalon.core.webui.keyword.internal.WebUIKeywordMain.runKeyword(WebUIKeywordMain.groovy:27)
	at com.kms.katalon.core.webui.keyword.builtin.SetTextKeyword.setText(SetTextKeyword.groovy:65)
	at com.kms.katalon.core.webui.keyword.builtin.SetTextKeyword.execute(SetTextKeyword.groovy:37)
	at com.kms.katalon.core.keyword.internal.KeywordExecutor.executeKeywordForPlatform(KeywordExecutor.groovy:53)
	at com.kms.katalon.core.webui.keyword.WebUiBuiltInKeywords.setText(WebUiBuiltInKeywords.groovy:950)
	at com.kms.katalon.core.webui.keyword.WebUiBuiltInKeywords$setText$1.call(Unknown Source)
	at OTC_Application_Reg.run(OTC_Application_Reg:74)
	at com.kms.katalon.core.main.ScriptEngine.run(ScriptEngine.java:194)
	at com.kms.katalon.core.main.ScriptEngine.runScriptAsRawText(ScriptEngine.java:119)
	at com.kms.katalon.core.main.TestCaseExecutor.runScript(TestCaseExecutor.java:328)
	at com.kms.katalon.core.main.TestCaseExecutor.doExecute(TestCaseExecutor.java:319)
	at com.kms.katalon.core.main.TestCaseExecutor.processExecutionPhase(TestCaseExecutor.java:298)
	at com.kms.katalon.core.main.TestCaseExecutor.accessMainPhase(TestCaseExecutor.java:290)
	at com.kms.katalon.core.main.TestCaseExecutor.execute(TestCaseExecutor.java:224)
	at com.kms.katalon.core.main.TestCaseMain.runTestCase(TestCaseMain.java:106)
	at com.kms.katalon.core.keyword.builtin.CallTestCaseKeyword$_callTestCase_closure1.doCall(CallTestCaseKeyword.groovy:59)
	at com.kms.katalon.core.keyword.builtin.CallTestCaseKeyword$_callTestCase_closure1.call(CallTestCaseKeyword.groovy)
	at com.kms.katalon.core.keyword.internal.KeywordMain.runKeyword(KeywordMain.groovy:54)
	at com.kms.katalon.core.keyword.builtin.CallTestCaseKeyword.callTestCase(CallTestCaseKeyword.groovy:80)
	at com.kms.katalon.core.keyword.builtin.CallTestCaseKeyword.execute(CallTestCaseKeyword.groovy:44)
	at com.kms.katalon.core.keyword.internal.KeywordExecutor.executeKeywordForPlatform(KeywordExecutor.groovy:53)
	at com.kms.katalon.core.keyword.BuiltinKeywords.callTestCase(BuiltinKeywords.groovy:334)
	at OTC_Submit Form 7_End to End - Cheque.run(OTC_Submit Form 7_End to End - Cheque:16)
	at com.kms.katalon.core.main.ScriptEngine.run(ScriptEngine.java:194)
	at com.kms.katalon.core.main.ScriptEngine.runScriptAsRawText(ScriptEngine.java:119)
	at com.kms.katalon.core.main.TestCaseExecutor.runScript(TestCaseExecutor.java:328)
	at com.kms.katalon.core.main.TestCaseExecutor.doExecute(TestCaseExecutor.java:319)
	at com.kms.katalon.core.main.TestCaseExecutor.processExecutionPhase(TestCaseExecutor.java:298)
	at com.kms.katalon.core.main.TestCaseExecutor.accessMainPhase(TestCaseExecutor.java:290)
	at com.kms.katalon.core.main.TestCaseExecutor.execute(TestCaseExecutor.java:224)
	at com.kms.katalon.core.main.TestCaseMain.runTestCase(TestCaseMain.java:106)
	at com.kms.katalon.core.keyword.builtin.CallTestCaseKeyword$_callTestCase_closure1.doCall(CallTestCaseKeyword.groovy:59)
	at com.kms.katalon.core.keyword.builtin.CallTestCaseKeyword$_callTestCase_closure1.call(CallTestCaseKeyword.groovy)
	at com.kms.katalon.core.keyword.internal.KeywordMain.runKeyword(KeywordMain.groovy:54)
	at com.kms.katalon.core.keyword.builtin.CallTestCaseKeyword.callTestCase(CallTestCaseKeyword.groovy:80)
	at com.kms.katalon.core.keyword.builtin.CallTestCaseKeyword.execute(CallTestCaseKeyword.groovy:44)
	at com.kms.katalon.core.keyword.internal.KeywordExecutor.executeKeywordForPlatform(KeywordExecutor.groovy:53)
	at com.kms.katalon.core.keyword.BuiltinKeywords.callTestCase(BuiltinKeywords.groovy:334)
	at Cross branch - SEIO.run(Cross branch - SEIO:16)
	at com.kms.katalon.core.main.ScriptEngine.run(ScriptEngine.java:194)
	at com.kms.katalon.core.main.ScriptEngine.runScriptAsRawText(ScriptEngine.java:119)
	at com.kms.katalon.core.main.TestCaseExecutor.runScript(TestCaseExecutor.java:328)
	at com.kms.katalon.core.main.TestCaseExecutor.doExecute(TestCaseExecutor.java:319)
	at com.kms.katalon.core.main.TestCaseExecutor.processExecutionPhase(TestCaseExecutor.java:298)
	at com.kms.katalon.core.main.TestCaseExecutor.accessMainPhase(TestCaseExecutor.java:290)
	at com.kms.katalon.core.main.TestCaseExecutor.execute(TestCaseExecutor.java:224)
	at com.kms.katalon.core.main.TestSuiteExecutor.accessTestCaseMainPhase(TestSuiteExecutor.java:129)
	at com.kms.katalon.core.main.TestSuiteExecutor.accessTestSuiteMainPhase(TestSuiteExecutor.java:112)
	at com.kms.katalon.core.main.TestSuiteExecutor.execute(TestSuiteExecutor.java:81)
	at com.kms.katalon.core.main.TestCaseMain.startTestSuite(TestCaseMain.java:149)
	at com.kms.katalon.core.main.TestCaseMain$startTestSuite$0.call(Unknown Source)
	at TempTestSuite1550476757023.run(TempTestSuite1550476757023.groovy:36)


2019-02-18 16:37:26 - [TEST_STEP][FAILED] - callTestCase(findTestCase("All TC/Arranged/2. Segment/OTC_Submit Form 7_End to End - Cheque"), [:], STOP_ON_FAILURE): callTestCase(findTestCase("All TC/Arranged/2. Segment/OTC_Submit Form 7_End to End - Cheque"), [:], STOP_ON_FAILURE) FAILED.
Reason:
com.kms.katalon.core.exception.StepFailedException: Unable to set text '10/01/2019' of object 'Object Repository/KeatMun/Form 7_default/OTC_Application_Reg/Page_PERKESO/11.Tarikh Terima_stampedDtS' (Root cause: com.kms.katalon.core.webui.exception.WebElementNotFoundException: Web element with id: 'Object Repository/KeatMun/Form 7_default/OTC_Application_Reg/Page_PERKESO/11.Tarikh Terima_stampedDtS' located by 'By.xpath: //input[@id = 'stampedDtStr' and @name = 'stampedDtStr' and @type = 'text']' not found)
	at com.kms.katalon.core.keyword.internal.KeywordMain.stepFailed(KeywordMain.groovy:36)
	at com.kms.katalon.core.webui.keyword.internal.WebUIKeywordMain.stepFailed(WebUIKeywordMain.groovy:65)
	at com.kms.katalon.core.webui.keyword.internal.WebUIKeywordMain.runKeyword(WebUIKeywordMain.groovy:27)
	at com.kms.katalon.core.webui.keyword.builtin.SetTextKeyword.setText(SetTextKeyword.groovy:65)
	at com.kms.katalon.core.webui.keyword.builtin.SetTextKeyword.execute(SetTextKeyword.groovy:37)
	at com.kms.katalon.core.keyword.internal.KeywordExecutor.executeKeywordForPlatform(KeywordExecutor.groovy:53)
	at com.kms.katalon.core.webui.keyword.WebUiBuiltInKeywords.setText(WebUiBuiltInKeywords.groovy:950)
	at com.kms.katalon.core.webui.keyword.WebUiBuiltInKeywords$setText$1.call(Unknown Source)
	at OTC_Application_Reg.run(OTC_Application_Reg:74)
	at com.kms.katalon.core.main.ScriptEngine.run(ScriptEngine.java:194)
	at com.kms.katalon.core.main.ScriptEngine.runScriptAsRawText(ScriptEngine.java:119)
	at com.kms.katalon.core.main.TestCaseExecutor.runScript(TestCaseExecutor.java:328)
	at com.kms.katalon.core.main.TestCaseExecutor.doExecute(TestCaseExecutor.java:319)
	at com.kms.katalon.core.main.TestCaseExecutor.processExecutionPhase(TestCaseExecutor.java:298)
	at com.kms.katalon.core.main.TestCaseExecutor.accessMainPhase(TestCaseExecutor.java:290)
	at com.kms.katalon.core.main.TestCaseExecutor.execute(TestCaseExecutor.java:224)
	at com.kms.katalon.core.main.TestCaseMain.runTestCase(TestCaseMain.java:106)
	at com.kms.katalon.core.keyword.builtin.CallTestCaseKeyword$_callTestCase_closure1.doCall(CallTestCaseKeyword.groovy:59)
	at com.kms.katalon.core.keyword.builtin.CallTestCaseKeyword$_callTestCase_closure1.call(CallTestCaseKeyword.groovy)
	at com.kms.katalon.core.keyword.internal.KeywordMain.runKeyword(KeywordMain.groovy:54)
	at com.kms.katalon.core.keyword.builtin.CallTestCaseKeyword.callTestCase(CallTestCaseKeyword.groovy:80)
	at com.kms.katalon.core.keyword.builtin.CallTestCaseKeyword.execute(CallTestCaseKeyword.groovy:44)
	at com.kms.katalon.core.keyword.internal.KeywordExecutor.executeKeywordForPlatform(KeywordExecutor.groovy:53)
	at com.kms.katalon.core.keyword.BuiltinKeywords.callTestCase(BuiltinKeywords.groovy:334)
	at OTC_Submit Form 7_End to End - Cheque.run(OTC_Submit Form 7_End to End - Cheque:16)
	at com.kms.katalon.core.main.ScriptEngine.run(ScriptEngine.java:194)
	at com.kms.katalon.core.main.ScriptEngine.runScriptAsRawText(ScriptEngine.java:119)
	at com.kms.katalon.core.main.TestCaseExecutor.runScript(TestCaseExecutor.java:328)
	at com.kms.katalon.core.main.TestCaseExecutor.doExecute(TestCaseExecutor.java:319)
	at com.kms.katalon.core.main.TestCaseExecutor.processExecutionPhase(TestCaseExecutor.java:298)
	at com.kms.katalon.core.main.TestCaseExecutor.accessMainPhase(TestCaseExecutor.java:290)
	at com.kms.katalon.core.main.TestCaseExecutor.execute(TestCaseExecutor.java:224)
	at com.kms.katalon.core.main.TestCaseMain.runTestCase(TestCaseMain.java:106)
	at com.kms.katalon.core.keyword.builtin.CallTestCaseKeyword$_callTestCase_closure1.doCall(CallTestCaseKeyword.groovy:59)
	at com.kms.katalon.core.keyword.builtin.CallTestCaseKeyword$_callTestCase_closure1.call(CallTestCaseKeyword.groovy)
	at com.kms.katalon.core.keyword.internal.KeywordMain.runKeyword(KeywordMain.groovy:54)
	at com.kms.katalon.core.keyword.builtin.CallTestCaseKeyword.callTestCase(CallTestCaseKeyword.groovy:80)
	at com.kms.katalon.core.keyword.builtin.CallTestCaseKeyword.execute(CallTestCaseKeyword.groovy:44)
	at com.kms.katalon.core.keyword.internal.KeywordExecutor.executeKeywordForPlatform(KeywordExecutor.groovy:53)
	at com.kms.katalon.core.keyword.BuiltinKeywords.callTestCase(BuiltinKeywords.groovy:334)
	at Cross branch - SEIO.run(Cross branch - SEIO:16)
	at com.kms.katalon.core.main.ScriptEngine.run(ScriptEngine.java:194)
	at com.kms.katalon.core.main.ScriptEngine.runScriptAsRawText(ScriptEngine.java:119)
	at com.kms.katalon.core.main.TestCaseExecutor.runScript(TestCaseExecutor.java:328)
	at com.kms.katalon.core.main.TestCaseExecutor.doExecute(TestCaseExecutor.java:319)
	at com.kms.katalon.core.main.TestCaseExecutor.processExecutionPhase(TestCaseExecutor.java:298)
	at com.kms.katalon.core.main.TestCaseExecutor.accessMainPhase(TestCaseExecutor.java:290)
	at com.kms.katalon.core.main.TestCaseExecutor.execute(TestCaseExecutor.java:224)
	at com.kms.katalon.core.main.TestSuiteExecutor.accessTestCaseMainPhase(TestSuiteExecutor.java:129)
	at com.kms.katalon.core.main.TestSuiteExecutor.accessTestSuiteMainPhase(TestSuiteExecutor.java:112)
	at com.kms.katalon.core.main.TestSuiteExecutor.execute(TestSuiteExecutor.java:81)
	at com.kms.katalon.core.main.TestCaseMain.startTestSuite(TestCaseMain.java:149)
	at com.kms.katalon.core.main.TestCaseMain$startTestSuite$0.call(Unknown Source)
	at TempTestSuite1550476757023.run(TempTestSuite1550476757023.groovy:36)


2019-02-18 16:37:26 - [TEST_CASE][FAILED] - Test Cases/All TC/Arranged/2. Segment/OTC_Submit Form 7_End to End - Cheque: Test Cases/All TC/Arranged/2. Segment/OTC_Submit Form 7_End to End - Cheque FAILED.
Reason:
com.kms.katalon.core.exception.StepFailedException: Unable to set text '10/01/2019' of object 'Object Repository/KeatMun/Form 7_default/OTC_Application_Reg/Page_PERKESO/11.Tarikh Terima_stampedDtS' (Root cause: com.kms.katalon.core.webui.exception.WebElementNotFoundException: Web element with id: 'Object Repository/KeatMun/Form 7_default/OTC_Application_Reg/Page_PERKESO/11.Tarikh Terima_stampedDtS' located by 'By.xpath: //input[@id = 'stampedDtStr' and @name = 'stampedDtStr' and @type = 'text']' not found)
	at com.kms.katalon.core.keyword.internal.KeywordMain.stepFailed(KeywordMain.groovy:36)
	at com.kms.katalon.core.webui.keyword.internal.WebUIKeywordMain.stepFailed(WebUIKeywordMain.groovy:65)
	at com.kms.katalon.core.webui.keyword.internal.WebUIKeywordMain.runKeyword(WebUIKeywordMain.groovy:27)
	at com.kms.katalon.core.webui.keyword.builtin.SetTextKeyword.setText(SetTextKeyword.groovy:65)
	at com.kms.katalon.core.webui.keyword.builtin.SetTextKeyword.execute(SetTextKeyword.groovy:37)
	at com.kms.katalon.core.keyword.internal.KeywordExecutor.executeKeywordForPlatform(KeywordExecutor.groovy:53)
	at com.kms.katalon.core.webui.keyword.WebUiBuiltInKeywords.setText(WebUiBuiltInKeywords.groovy:950)
	at com.kms.katalon.core.webui.keyword.WebUiBuiltInKeywords$setText$1.call(Unknown Source)
	at OTC_Application_Reg.run(OTC_Application_Reg:74)
	at com.kms.katalon.core.main.ScriptEngine.run(ScriptEngine.java:194)
	at com.kms.katalon.core.main.ScriptEngine.runScriptAsRawText(ScriptEngine.java:119)
	at com.kms.katalon.core.main.TestCaseExecutor.runScript(TestCaseExecutor.java:328)
	at com.kms.katalon.core.main.TestCaseExecutor.doExecute(TestCaseExecutor.java:319)
	at com.kms.katalon.core.main.TestCaseExecutor.processExecutionPhase(TestCaseExecutor.java:298)
	at com.kms.katalon.core.main.TestCaseExecutor.accessMainPhase(TestCaseExecutor.java:290)
	at com.kms.katalon.core.main.TestCaseExecutor.execute(TestCaseExecutor.java:224)
	at com.kms.katalon.core.main.TestCaseMain.runTestCase(TestCaseMain.java:106)
	at com.kms.katalon.core.keyword.builtin.CallTestCaseKeyword$_callTestCase_closure1.doCall(CallTestCaseKeyword.groovy:59)
	at com.kms.katalon.core.keyword.builtin.CallTestCaseKeyword$_callTestCase_closure1.call(CallTestCaseKeyword.groovy)
	at com.kms.katalon.core.keyword.internal.KeywordMain.runKeyword(KeywordMain.groovy:54)
	at com.kms.katalon.core.keyword.builtin.CallTestCaseKeyword.callTestCase(CallTestCaseKeyword.groovy:80)
	at com.kms.katalon.core.keyword.builtin.CallTestCaseKeyword.execute(CallTestCaseKeyword.groovy:44)
	at com.kms.katalon.core.keyword.internal.KeywordExecutor.executeKeywordForPlatform(KeywordExecutor.groovy:53)
	at com.kms.katalon.core.keyword.BuiltinKeywords.callTestCase(BuiltinKeywords.groovy:334)
	at OTC_Submit Form 7_End to End - Cheque.run(OTC_Submit Form 7_End to End - Cheque:16)
	at com.kms.katalon.core.main.ScriptEngine.run(ScriptEngine.java:194)
	at com.kms.katalon.core.main.ScriptEngine.runScriptAsRawText(ScriptEngine.java:119)
	at com.kms.katalon.core.main.TestCaseExecutor.runScript(TestCaseExecutor.java:328)
	at com.kms.katalon.core.main.TestCaseExecutor.doExecute(TestCaseExecutor.java:319)
	at com.kms.katalon.core.main.TestCaseExecutor.processExecutionPhase(TestCaseExecutor.java:298)
	at com.kms.katalon.core.main.TestCaseExecutor.accessMainPhase(TestCaseExecutor.java:290)
	at com.kms.katalon.core.main.TestCaseExecutor.execute(TestCaseExecutor.java:224)
	at com.kms.katalon.core.main.TestCaseMain.runTestCase(TestCaseMain.java:106)
	at com.kms.katalon.core.keyword.builtin.CallTestCaseKeyword$_callTestCase_closure1.doCall(CallTestCaseKeyword.groovy:59)
	at com.kms.katalon.core.keyword.builtin.CallTestCaseKeyword$_callTestCase_closure1.call(CallTestCaseKeyword.groovy)
	at com.kms.katalon.core.keyword.internal.KeywordMain.runKeyword(KeywordMain.groovy:54)
	at com.kms.katalon.core.keyword.builtin.CallTestCaseKeyword.callTestCase(CallTestCaseKeyword.groovy:80)
	at com.kms.katalon.core.keyword.builtin.CallTestCaseKeyword.execute(CallTestCaseKeyword.groovy:44)
	at com.kms.katalon.core.keyword.internal.KeywordExecutor.executeKeywordForPlatform(KeywordExecutor.groovy:53)
	at com.kms.katalon.core.keyword.BuiltinKeywords.callTestCase(BuiltinKeywords.groovy:334)
	at Cross branch - SEIO.run(Cross branch - SEIO:16)
	at com.kms.katalon.core.main.ScriptEngine.run(ScriptEngine.java:194)
	at com.kms.katalon.core.main.ScriptEngine.runScriptAsRawText(ScriptEngine.java:119)
	at com.kms.katalon.core.main.TestCaseExecutor.runScript(TestCaseExecutor.java:328)
	at com.kms.katalon.core.main.TestCaseExecutor.doExecute(TestCaseExecutor.java:319)
	at com.kms.katalon.core.main.TestCaseExecutor.processExecutionPhase(TestCaseExecutor.java:298)
	at com.kms.katalon.core.main.TestCaseExecutor.accessMainPhase(TestCaseExecutor.java:290)
	at com.kms.katalon.core.main.TestCaseExecutor.execute(TestCaseExecutor.java:224)
	at com.kms.katalon.core.main.TestSuiteExecutor.accessTestCaseMainPhase(TestSuiteExecutor.java:129)
	at com.kms.katalon.core.main.TestSuiteExecutor.accessTestSuiteMainPhase(TestSuiteExecutor.java:112)
	at com.kms.katalon.core.main.TestSuiteExecutor.execute(TestSuiteExecutor.java:81)
	at com.kms.katalon.core.main.TestCaseMain.startTestSuite(TestCaseMain.java:149)
	at com.kms.katalon.core.main.TestCaseMain$startTestSuite$0.call(Unknown Source)
	at TempTestSuite1550476757023.run(TempTestSuite1550476757023.groovy:36)


2019-02-18 16:37:26 - [TEST_STEP][FAILED] - callTestCase(findTestCase("All TC/Arranged/3. Unit/EI/Form 7_default/OTC_Application_Reg"), [:], STOP_ON_FAILURE): callTestCase(findTestCase("All TC/Arranged/3. Unit/EI/Form 7_default/OTC_Application_Reg"), [:], STOP_ON_FAILURE) FAILED.
Reason:
com.kms.katalon.core.exception.StepFailedException: Unable to set text '10/01/2019' of object 'Object Repository/KeatMun/Form 7_default/OTC_Application_Reg/Page_PERKESO/11.Tarikh Terima_stampedDtS' (Root cause: com.kms.katalon.core.webui.exception.WebElementNotFoundException: Web element with id: 'Object Repository/KeatMun/Form 7_default/OTC_Application_Reg/Page_PERKESO/11.Tarikh Terima_stampedDtS' located by 'By.xpath: //input[@id = 'stampedDtStr' and @name = 'stampedDtStr' and @type = 'text']' not found)
	at com.kms.katalon.core.keyword.internal.KeywordMain.stepFailed(KeywordMain.groovy:36)
	at com.kms.katalon.core.webui.keyword.internal.WebUIKeywordMain.stepFailed(WebUIKeywordMain.groovy:65)
	at com.kms.katalon.core.webui.keyword.internal.WebUIKeywordMain.runKeyword(WebUIKeywordMain.groovy:27)
	at com.kms.katalon.core.webui.keyword.builtin.SetTextKeyword.setText(SetTextKeyword.groovy:65)
	at com.kms.katalon.core.webui.keyword.builtin.SetTextKeyword.execute(SetTextKeyword.groovy:37)
	at com.kms.katalon.core.keyword.internal.KeywordExecutor.executeKeywordForPlatform(KeywordExecutor.groovy:53)
	at com.kms.katalon.core.webui.keyword.WebUiBuiltInKeywords.setText(WebUiBuiltInKeywords.groovy:950)
	at com.kms.katalon.core.webui.keyword.WebUiBuiltInKeywords$setText$1.call(Unknown Source)
	at OTC_Application_Reg.run(OTC_Application_Reg:74)
	at com.kms.katalon.core.main.ScriptEngine.run(ScriptEngine.java:194)
	at com.kms.katalon.core.main.ScriptEngine.runScriptAsRawText(ScriptEngine.java:119)
	at com.kms.katalon.core.main.TestCaseExecutor.runScript(TestCaseExecutor.java:328)
	at com.kms.katalon.core.main.TestCaseExecutor.doExecute(TestCaseExecutor.java:319)
	at com.kms.katalon.core.main.TestCaseExecutor.processExecutionPhase(TestCaseExecutor.java:298)
	at com.kms.katalon.core.main.TestCaseExecutor.accessMainPhase(TestCaseExecutor.java:290)
	at com.kms.katalon.core.main.TestCaseExecutor.execute(TestCaseExecutor.java:224)
	at com.kms.katalon.core.main.TestCaseMain.runTestCase(TestCaseMain.java:106)
	at com.kms.katalon.core.keyword.builtin.CallTestCaseKeyword$_callTestCase_closure1.doCall(CallTestCaseKeyword.groovy:59)
	at com.kms.katalon.core.keyword.builtin.CallTestCaseKeyword$_callTestCase_closure1.call(CallTestCaseKeyword.groovy)
	at com.kms.katalon.core.keyword.internal.KeywordMain.runKeyword(KeywordMain.groovy:54)
	at com.kms.katalon.core.keyword.builtin.CallTestCaseKeyword.callTestCase(CallTestCaseKeyword.groovy:80)
	at com.kms.katalon.core.keyword.builtin.CallTestCaseKeyword.execute(CallTestCaseKeyword.groovy:44)
	at com.kms.katalon.core.keyword.internal.KeywordExecutor.executeKeywordForPlatform(KeywordExecutor.groovy:53)
	at com.kms.katalon.core.keyword.BuiltinKeywords.callTestCase(BuiltinKeywords.groovy:334)
	at OTC_Submit Form 7_End to End - Cheque.run(OTC_Submit Form 7_End to End - Cheque:16)
	at com.kms.katalon.core.main.ScriptEngine.run(ScriptEngine.java:194)
	at com.kms.katalon.core.main.ScriptEngine.runScriptAsRawText(ScriptEngine.java:119)
	at com.kms.katalon.core.main.TestCaseExecutor.runScript(TestCaseExecutor.java:328)
	at com.kms.katalon.core.main.TestCaseExecutor.doExecute(TestCaseExecutor.java:319)
	at com.kms.katalon.core.main.TestCaseExecutor.processExecutionPhase(TestCaseExecutor.java:298)
	at com.kms.katalon.core.main.TestCaseExecutor.accessMainPhase(TestCaseExecutor.java:290)
	at com.kms.katalon.core.main.TestCaseExecutor.execute(TestCaseExecutor.java:224)
	at com.kms.katalon.core.main.TestCaseMain.runTestCase(TestCaseMain.java:106)
	at com.kms.katalon.core.keyword.builtin.CallTestCaseKeyword$_callTestCase_closure1.doCall(CallTestCaseKeyword.groovy:59)
	at com.kms.katalon.core.keyword.builtin.CallTestCaseKeyword$_callTestCase_closure1.call(CallTestCaseKeyword.groovy)
	at com.kms.katalon.core.keyword.internal.KeywordMain.runKeyword(KeywordMain.groovy:54)
	at com.kms.katalon.core.keyword.builtin.CallTestCaseKeyword.callTestCase(CallTestCaseKeyword.groovy:80)
	at com.kms.katalon.core.keyword.builtin.CallTestCaseKeyword.execute(CallTestCaseKeyword.groovy:44)
	at com.kms.katalon.core.keyword.internal.KeywordExecutor.executeKeywordForPlatform(KeywordExecutor.groovy:53)
	at com.kms.katalon.core.keyword.BuiltinKeywords.callTestCase(BuiltinKeywords.groovy:334)
	at Cross branch - SEIO.run(Cross branch - SEIO:16)
	at com.kms.katalon.core.main.ScriptEngine.run(ScriptEngine.java:194)
	at com.kms.katalon.core.main.ScriptEngine.runScriptAsRawText(ScriptEngine.java:119)
	at com.kms.katalon.core.main.TestCaseExecutor.runScript(TestCaseExecutor.java:328)
	at com.kms.katalon.core.main.TestCaseExecutor.doExecute(TestCaseExecutor.java:319)
	at com.kms.katalon.core.main.TestCaseExecutor.processExecutionPhase(TestCaseExecutor.java:298)
	at com.kms.katalon.core.main.TestCaseExecutor.accessMainPhase(TestCaseExecutor.java:290)
	at com.kms.katalon.core.main.TestCaseExecutor.execute(TestCaseExecutor.java:224)
	at com.kms.katalon.core.main.TestSuiteExecutor.accessTestCaseMainPhase(TestSuiteExecutor.java:129)
	at com.kms.katalon.core.main.TestSuiteExecutor.accessTestSuiteMainPhase(TestSuiteExecutor.java:112)
	at com.kms.katalon.core.main.TestSuiteExecutor.execute(TestSuiteExecutor.java:81)
	at com.kms.katalon.core.main.TestCaseMain.startTestSuite(TestCaseMain.java:149)
	at com.kms.katalon.core.main.TestCaseMain$startTestSuite$0.call(Unknown Source)
	at TempTestSuite1550476757023.run(TempTestSuite1550476757023.groovy:36)


2019-02-18 16:37:26 - [TEST_CASE][FAILED] - Test Cases/All TC/Arranged/3. Unit/EI/Form 7_default/OTC_Application_Reg: Test Cases/All TC/Arranged/3. Unit/EI/Form 7_default/OTC_Application_Reg FAILED.
Reason:
com.kms.katalon.core.exception.StepFailedException: Unable to set text '10/01/2019' of object 'Object Repository/KeatMun/Form 7_default/OTC_Application_Reg/Page_PERKESO/11.Tarikh Terima_stampedDtS' (Root cause: com.kms.katalon.core.webui.exception.WebElementNotFoundException: Web element with id: 'Object Repository/KeatMun/Form 7_default/OTC_Application_Reg/Page_PERKESO/11.Tarikh Terima_stampedDtS' located by 'By.xpath: //input[@id = 'stampedDtStr' and @name = 'stampedDtStr' and @type = 'text']' not found)
	at com.kms.katalon.core.keyword.internal.KeywordMain.stepFailed(KeywordMain.groovy:36)
	at com.kms.katalon.core.webui.keyword.internal.WebUIKeywordMain.stepFailed(WebUIKeywordMain.groovy:65)
	at com.kms.katalon.core.webui.keyword.internal.WebUIKeywordMain.runKeyword(WebUIKeywordMain.groovy:27)
	at com.kms.katalon.core.webui.keyword.builtin.SetTextKeyword.setText(SetTextKeyword.groovy:65)
	at com.kms.katalon.core.webui.keyword.builtin.SetTextKeyword.execute(SetTextKeyword.groovy:37)
	at com.kms.katalon.core.keyword.internal.KeywordExecutor.executeKeywordForPlatform(KeywordExecutor.groovy:53)
	at com.kms.katalon.core.webui.keyword.WebUiBuiltInKeywords.setText(WebUiBuiltInKeywords.groovy:950)
	at com.kms.katalon.core.webui.keyword.WebUiBuiltInKeywords$setText$1.call(Unknown Source)
	at OTC_Application_Reg.run(OTC_Application_Reg:74)
	at com.kms.katalon.core.main.ScriptEngine.run(ScriptEngine.java:194)
	at com.kms.katalon.core.main.ScriptEngine.runScriptAsRawText(ScriptEngine.java:119)
	at com.kms.katalon.core.main.TestCaseExecutor.runScript(TestCaseExecutor.java:328)
	at com.kms.katalon.core.main.TestCaseExecutor.doExecute(TestCaseExecutor.java:319)
	at com.kms.katalon.core.main.TestCaseExecutor.processExecutionPhase(TestCaseExecutor.java:298)
	at com.kms.katalon.core.main.TestCaseExecutor.accessMainPhase(TestCaseExecutor.java:290)
	at com.kms.katalon.core.main.TestCaseExecutor.execute(TestCaseExecutor.java:224)
	at com.kms.katalon.core.main.TestCaseMain.runTestCase(TestCaseMain.java:106)
	at com.kms.katalon.core.keyword.builtin.CallTestCaseKeyword$_callTestCase_closure1.doCall(CallTestCaseKeyword.groovy:59)
	at com.kms.katalon.core.keyword.builtin.CallTestCaseKeyword$_callTestCase_closure1.call(CallTestCaseKeyword.groovy)
	at com.kms.katalon.core.keyword.internal.KeywordMain.runKeyword(KeywordMain.groovy:54)
	at com.kms.katalon.core.keyword.builtin.CallTestCaseKeyword.callTestCase(CallTestCaseKeyword.groovy:80)
	at com.kms.katalon.core.keyword.builtin.CallTestCaseKeyword.execute(CallTestCaseKeyword.groovy:44)
	at com.kms.katalon.core.keyword.internal.KeywordExecutor.executeKeywordForPlatform(KeywordExecutor.groovy:53)
	at com.kms.katalon.core.keyword.BuiltinKeywords.callTestCase(BuiltinKeywords.groovy:334)
	at OTC_Submit Form 7_End to End - Cheque.run(OTC_Submit Form 7_End to End - Cheque:16)
	at com.kms.katalon.core.main.ScriptEngine.run(ScriptEngine.java:194)
	at com.kms.katalon.core.main.ScriptEngine.runScriptAsRawText(ScriptEngine.java:119)
	at com.kms.katalon.core.main.TestCaseExecutor.runScript(TestCaseExecutor.java:328)
	at com.kms.katalon.core.main.TestCaseExecutor.doExecute(TestCaseExecutor.java:319)
	at com.kms.katalon.core.main.TestCaseExecutor.processExecutionPhase(TestCaseExecutor.java:298)
	at com.kms.katalon.core.main.TestCaseExecutor.accessMainPhase(TestCaseExecutor.java:290)
	at com.kms.katalon.core.main.TestCaseExecutor.execute(TestCaseExecutor.java:224)
	at com.kms.katalon.core.main.TestCaseMain.runTestCase(TestCaseMain.java:106)
	at com.kms.katalon.core.keyword.builtin.CallTestCaseKeyword$_callTestCase_closure1.doCall(CallTestCaseKeyword.groovy:59)
	at com.kms.katalon.core.keyword.builtin.CallTestCaseKeyword$_callTestCase_closure1.call(CallTestCaseKeyword.groovy)
	at com.kms.katalon.core.keyword.internal.KeywordMain.runKeyword(KeywordMain.groovy:54)
	at com.kms.katalon.core.keyword.builtin.CallTestCaseKeyword.callTestCase(CallTestCaseKeyword.groovy:80)
	at com.kms.katalon.core.keyword.builtin.CallTestCaseKeyword.execute(CallTestCaseKeyword.groovy:44)
	at com.kms.katalon.core.keyword.internal.KeywordExecutor.executeKeywordForPlatform(KeywordExecutor.groovy:53)
	at com.kms.katalon.core.keyword.BuiltinKeywords.callTestCase(BuiltinKeywords.groovy:334)
	at Cross branch - SEIO.run(Cross branch - SEIO:16)
	at com.kms.katalon.core.main.ScriptEngine.run(ScriptEngine.java:194)
	at com.kms.katalon.core.main.ScriptEngine.runScriptAsRawText(ScriptEngine.java:119)
	at com.kms.katalon.core.main.TestCaseExecutor.runScript(TestCaseExecutor.java:328)
	at com.kms.katalon.core.main.TestCaseExecutor.doExecute(TestCaseExecutor.java:319)
	at com.kms.katalon.core.main.TestCaseExecutor.processExecutionPhase(TestCaseExecutor.java:298)
	at com.kms.katalon.core.main.TestCaseExecutor.accessMainPhase(TestCaseExecutor.java:290)
	at com.kms.katalon.core.main.TestCaseExecutor.execute(TestCaseExecutor.java:224)
	at com.kms.katalon.core.main.TestSuiteExecutor.accessTestCaseMainPhase(TestSuiteExecutor.java:129)
	at com.kms.katalon.core.main.TestSuiteExecutor.accessTestSuiteMainPhase(TestSuiteExecutor.java:112)
	at com.kms.katalon.core.main.TestSuiteExecutor.execute(TestSuiteExecutor.java:81)
	at com.kms.katalon.core.main.TestCaseMain.startTestSuite(TestCaseMain.java:149)
	at com.kms.katalon.core.main.TestCaseMain$startTestSuite$0.call(Unknown Source)
	at TempTestSuite1550476757023.run(TempTestSuite1550476757023.groovy:36)


2019-02-18 16:37:26 - [TEST_STEP][PASSED] - openBrowser(""): Browser is opened with url: ''

2019-02-18 16:37:26 - [MESSAGE][WARNING] - A browser is already opened. Closing browser and opening a new one

2019-02-18 16:37:27 - [MESSAGE][INFO] - Starting 'Chrome' driver

2019-02-18 16:37:27 - [MESSAGE][INFO] - User set preference: ['args', '[--start-maximized]']

2019-02-18 16:37:32 - [MESSAGE][PASSED] - Browser is opened with url: ''

2019-02-18 16:37:32 - [TEST_STEP][PASSED] - navigateToUrl(Internal_Login): Navigate to 'http://10.20.24.188/eisportal/user/login' successfully

2019-02-18 16:37:34 - [MESSAGE][PASSED] - Navigate to 'http://10.20.24.188/eisportal/user/login' successfully

2019-02-18 16:37:34 - [TEST_STEP][PASSED] - delay(3): Delayed 3 second(s)

2019-02-18 16:37:37 - [MESSAGE][PASSED] - Delayed 3 second(s)

2019-02-18 16:37:37 - [TEST_STEP][PASSED] - setText(findTestObject("KeatMun/Form 7_default/OTC_Application_Reg/Page_PERKESO/1.username"), "faizal.hamid@perkeso.gov.my"): Text 'faizal.hamid@perkeso.gov.my' is set on object 'Object Repository/KeatMun/Form 7_default/OTC_Application_Reg/Page_PERKESO/1.username'

2019-02-18 16:37:41 - [MESSAGE][PASSED] - Text 'faizal.hamid@perkeso.gov.my' is set on object 'Object Repository/KeatMun/Form 7_default/OTC_Application_Reg/Page_PERKESO/1.username'

2019-02-18 16:37:41 - [TEST_STEP][PASSED] - delay(1): Delayed 1 second(s)

2019-02-18 16:37:42 - [MESSAGE][PASSED] - Delayed 1 second(s)

2019-02-18 16:37:42 - [TEST_STEP][PASSED] - setEncryptedText(findTestObject("KeatMun/Form 7_default/OTC_Application_Reg/Page_PERKESO/2.password"), "CQqwFZlbeC8="): Text ****** has been set on object 'Object Repository/KeatMun/Form 7_default/OTC_Application_Reg/Page_PERKESO/2.password'

2019-02-18 16:37:45 - [MESSAGE][PASSED] - Text ****** has been set on object 'Object Repository/KeatMun/Form 7_default/OTC_Application_Reg/Page_PERKESO/2.password'

2019-02-18 16:37:45 - [TEST_STEP][PASSED] - delay(2): Delayed 2 second(s)

2019-02-18 16:37:47 - [MESSAGE][PASSED] - Delayed 2 second(s)

2019-02-18 16:37:47 - [TEST_STEP][PASSED] - click(findTestObject("KeatMun/Form 7_default/OTC_Application_Reg/Page_PERKESO/3.login button")): Object: 'Object Repository/KeatMun/Form 7_default/OTC_Application_Reg/Page_PERKESO/3.login button' is clicked on

2019-02-18 16:37:50 - [MESSAGE][PASSED] - Object: 'Object Repository/KeatMun/Form 7_default/OTC_Application_Reg/Page_PERKESO/3.login button' is clicked on

2019-02-18 16:37:50 - [TEST_STEP][PASSED] - delay(2): Delayed 2 second(s)

2019-02-18 16:37:52 - [MESSAGE][PASSED] - Delayed 2 second(s)

2019-02-18 16:37:52 - [TEST_STEP][PASSED] - click(findTestObject("KeatMun/Form 7_default/OTC_Application_Reg/Page_PERKESO/4. Permohonan tab")): Object: 'Object Repository/KeatMun/Form 7_default/OTC_Application_Reg/Page_PERKESO/4. Permohonan tab' is clicked on

2019-02-18 16:37:55 - [MESSAGE][PASSED] - Object: 'Object Repository/KeatMun/Form 7_default/OTC_Application_Reg/Page_PERKESO/4. Permohonan tab' is clicked on

2019-02-18 16:37:55 - [TEST_STEP][PASSED] - delay(2): Delayed 2 second(s)

2019-02-18 16:37:57 - [MESSAGE][PASSED] - Delayed 2 second(s)

2019-02-18 16:37:57 - [TEST_STEP][PASSED] - click(findTestObject("KeatMun/Form 7_default/OTC_Application_Reg/Page_PERKESO/5.button_Setuju")): Object: 'Object Repository/KeatMun/Form 7_default/OTC_Application_Reg/Page_PERKESO/5.button_Setuju' is clicked on

2019-02-18 16:37:59 - [MESSAGE][PASSED] - Object: 'Object Repository/KeatMun/Form 7_default/OTC_Application_Reg/Page_PERKESO/5.button_Setuju' is clicked on

2019-02-18 16:37:59 - [TEST_STEP][PASSED] - delay(2): Delayed 2 second(s)

2019-02-18 16:38:01 - [MESSAGE][PASSED] - Delayed 2 second(s)

2019-02-18 16:38:01 - [TEST_STEP][PASSED] - IC = "950000140036": null

2019-02-18 16:38:01 - [TEST_STEP][PASSED] - setText(findTestObject("KeatMun/Form 7_default/OTC_Application_Reg/Page_PERKESO/6.No. Kad Pengenalan"), IC): Text '950000140036' is set on object 'Object Repository/KeatMun/Form 7_default/OTC_Application_Reg/Page_PERKESO/6.No. Kad Pengenalan'

2019-02-18 16:38:06 - [MESSAGE][PASSED] - Text '950000140036' is set on object 'Object Repository/KeatMun/Form 7_default/OTC_Application_Reg/Page_PERKESO/6.No. Kad Pengenalan'

2019-02-18 16:38:06 - [TEST_STEP][PASSED] - callTestCase(findTestCase("All TC/Arranged/1. Common/1.2 Setter/Setter IC"), [:], STOP_ON_FAILURE): Call Test Case 'Test Cases/All TC/Arranged/1. Common/1.2 Setter/Setter IC' successfully

2019-02-18 16:38:06 - [TEST_CASE][PASSED] - Test Cases/All TC/Arranged/1. Common/1.2 Setter/Setter IC: Test Cases/All TC/Arranged/1. Common/1.2 Setter/Setter IC

2019-02-18 16:38:06 - [TEST_STEP][PASSED] - RefNoOldFile = new java.io.File((internal.GlobalVariable.TextFilePathCommon + \getIC.txt)): null

2019-02-18 16:38:06 - [TEST_STEP][PASSED] - RefNoOldFile.delete(): null

2019-02-18 16:38:06 - [TEST_STEP][PASSED] - delay(5): Delayed 5 second(s)

2019-02-18 16:38:11 - [MESSAGE][PASSED] - Delayed 5 second(s)

2019-02-18 16:38:11 - [TEST_STEP][PASSED] - RefNo = new java.io.File((internal.GlobalVariable.TextFilePathCommon + \getIC.txt)): null

2019-02-18 16:38:11 - [TEST_STEP][PASSED] - f2 = new java.io.FileWriter(RefNo, false): null

2019-02-18 16:38:11 - [TEST_STEP][PASSED] - f2.write(IC): null

2019-02-18 16:38:11 - [TEST_STEP][PASSED] - f2.close(): null

2019-02-18 16:38:11 - [TEST_STEP][PASSED] - out.println("


" + IC + "


"): null

2019-02-18 16:38:11 - [MESSAGE][PASSED] - Call Test Case 'Test Cases/All TC/Arranged/1. Common/1.2 Setter/Setter IC' successfully

2019-02-18 16:38:11 - [TEST_STEP][PASSED] - delay(2): Delayed 2 second(s)

2019-02-18 16:38:13 - [MESSAGE][PASSED] - Delayed 2 second(s)

2019-02-18 16:38:13 - [TEST_STEP][PASSED] - click(findTestObject("KeatMun/Form 7_default/OTC_Application_Reg/Page_PERKESO/7.button_Semak")): Object: 'Object Repository/KeatMun/Form 7_default/OTC_Application_Reg/Page_PERKESO/7.button_Semak' is clicked on

2019-02-18 16:38:15 - [MESSAGE][PASSED] - Object: 'Object Repository/KeatMun/Form 7_default/OTC_Application_Reg/Page_PERKESO/7.button_Semak' is clicked on

2019-02-18 16:38:15 - [TEST_STEP][PASSED] - delay(4): Delayed 4 second(s)

2019-02-18 16:38:19 - [MESSAGE][PASSED] - Delayed 4 second(s)

2019-02-18 16:38:19 - [TEST_STEP][PASSED] - click(findTestObject("KeatMun/Form 7_default/OTC_Application_Reg/Page_PERKESO/8. Nama Majikan Dropdown")): Object: 'Object Repository/KeatMun/Form 7_default/OTC_Application_Reg/Page_PERKESO/8. Nama Majikan Dropdown' is clicked on

2019-02-18 16:38:21 - [MESSAGE][PASSED] - Object: 'Object Repository/KeatMun/Form 7_default/OTC_Application_Reg/Page_PERKESO/8. Nama Majikan Dropdown' is clicked on

2019-02-18 16:38:21 - [TEST_STEP][PASSED] - setText(findTestObject("KeatMun/Form 7_default/OTC_Application_Reg/Page_PERKESO/8. LOE emp"), "mon"): Text 'mon' is set on object 'Object Repository/KeatMun/Form 7_default/OTC_Application_Reg/Page_PERKESO/8. LOE emp'

2019-02-18 16:38:25 - [MESSAGE][PASSED] - Text 'mon' is set on object 'Object Repository/KeatMun/Form 7_default/OTC_Application_Reg/Page_PERKESO/8. LOE emp'

2019-02-18 16:38:25 - [TEST_STEP][PASSED] - click(findTestObject("KeatMun/Form 7_default/OTC_Application_Reg/Page_PERKESO/8. MONSOON MOTEL")): Object: 'Object Repository/KeatMun/Form 7_default/OTC_Application_Reg/Page_PERKESO/8. MONSOON MOTEL' is clicked on

2019-02-18 16:38:27 - [MESSAGE][PASSED] - Object: 'Object Repository/KeatMun/Form 7_default/OTC_Application_Reg/Page_PERKESO/8. MONSOON MOTEL' is clicked on

2019-02-18 16:38:27 - [TEST_STEP][PASSED] - delay(2): Delayed 2 second(s)

2019-02-18 16:38:29 - [MESSAGE][PASSED] - Delayed 2 second(s)

2019-02-18 16:38:29 - [TEST_STEP][PASSED] - setText(findTestObject("KeatMun/Form 7_default/OTC_Application_Reg/Page_PERKESO/9.Tarikh kehilangan pkj"), "10/01/2019"): Text '10/01/2019' is set on object 'Object Repository/KeatMun/Form 7_default/OTC_Application_Reg/Page_PERKESO/9.Tarikh kehilangan pkj'

2019-02-18 16:38:34 - [MESSAGE][PASSED] - Text '10/01/2019' is set on object 'Object Repository/KeatMun/Form 7_default/OTC_Application_Reg/Page_PERKESO/9.Tarikh kehilangan pkj'

2019-02-18 16:38:34 - [TEST_STEP][PASSED] - delay(2): Delayed 2 second(s)

2019-02-18 16:38:36 - [MESSAGE][PASSED] - Delayed 2 second(s)

2019-02-18 16:38:36 - [TEST_STEP][PASSED] - click(findTestObject("KeatMun/Form 7_default/OTC_Application_Reg/Page_PERKESO/9. Date Picker Done Button ")): Object: 'Object Repository/KeatMun/Form 7_default/OTC_Application_Reg/Page_PERKESO/9. Date Picker Done Button ' is clicked on

2019-02-18 16:38:38 - [MESSAGE][PASSED] - Object: 'Object Repository/KeatMun/Form 7_default/OTC_Application_Reg/Page_PERKESO/9. Date Picker Done Button ' is clicked on

2019-02-18 16:38:38 - [TEST_STEP][PASSED] - delay(2): Delayed 2 second(s)

2019-02-18 16:38:40 - [MESSAGE][PASSED] - Delayed 2 second(s)

2019-02-18 16:38:40 - [TEST_STEP][PASSED] - click(findTestObject("KeatMun/Form 7_default/OTC_Application_Reg/Page_PERKESO/10.button_Mohon")): Object: 'Object Repository/KeatMun/Form 7_default/OTC_Application_Reg/Page_PERKESO/10.button_Mohon' is clicked on

2019-02-18 16:38:42 - [MESSAGE][PASSED] - Object: 'Object Repository/KeatMun/Form 7_default/OTC_Application_Reg/Page_PERKESO/10.button_Mohon' is clicked on

2019-02-18 16:38:42 - [TEST_STEP][PASSED] - delay(2): Delayed 2 second(s)

2019-02-18 16:38:44 - [MESSAGE][PASSED] - Delayed 2 second(s)

2019-02-18 16:38:44 - [TEST_STEP][FAILED] - setText(findTestObject("KeatMun/Form 7_default/OTC_Application_Reg/Page_PERKESO/11.Tarikh Terima_stampedDtS"), "10/01/2019"): setText(findTestObject("KeatMun/Form 7_default/OTC_Application_Reg/Page_PERKESO/11.Tarikh Terima_stampedDtS"), "10/01/2019") FAILED.
Reason:
com.kms.katalon.core.exception.StepFailedException: Unable to set text '10/01/2019' of object 'Object Repository/KeatMun/Form 7_default/OTC_Application_Reg/Page_PERKESO/11.Tarikh Terima_stampedDtS' (Root cause: com.kms.katalon.core.webui.exception.WebElementNotFoundException: Web element with id: 'Object Repository/KeatMun/Form 7_default/OTC_Application_Reg/Page_PERKESO/11.Tarikh Terima_stampedDtS' located by 'By.xpath: //input[@id = 'stampedDtStr' and @name = 'stampedDtStr' and @type = 'text']' not found)
	at com.kms.katalon.core.keyword.internal.KeywordMain.stepFailed(KeywordMain.groovy:36)
	at com.kms.katalon.core.webui.keyword.internal.WebUIKeywordMain.stepFailed(WebUIKeywordMain.groovy:65)
	at com.kms.katalon.core.webui.keyword.internal.WebUIKeywordMain.runKeyword(WebUIKeywordMain.groovy:27)
	at com.kms.katalon.core.webui.keyword.builtin.SetTextKeyword.setText(SetTextKeyword.groovy:65)
	at com.kms.katalon.core.webui.keyword.builtin.SetTextKeyword.execute(SetTextKeyword.groovy:37)
	at com.kms.katalon.core.keyword.internal.KeywordExecutor.executeKeywordForPlatform(KeywordExecutor.groovy:53)
	at com.kms.katalon.core.webui.keyword.WebUiBuiltInKeywords.setText(WebUiBuiltInKeywords.groovy:950)
	at com.kms.katalon.core.webui.keyword.WebUiBuiltInKeywords$setText$1.call(Unknown Source)
	at OTC_Application_Reg.run(OTC_Application_Reg:74)
	at com.kms.katalon.core.main.ScriptEngine.run(ScriptEngine.java:194)
	at com.kms.katalon.core.main.ScriptEngine.runScriptAsRawText(ScriptEngine.java:119)
	at com.kms.katalon.core.main.TestCaseExecutor.runScript(TestCaseExecutor.java:328)
	at com.kms.katalon.core.main.TestCaseExecutor.doExecute(TestCaseExecutor.java:319)
	at com.kms.katalon.core.main.TestCaseExecutor.processExecutionPhase(TestCaseExecutor.java:298)
	at com.kms.katalon.core.main.TestCaseExecutor.accessMainPhase(TestCaseExecutor.java:290)
	at com.kms.katalon.core.main.TestCaseExecutor.execute(TestCaseExecutor.java:224)
	at com.kms.katalon.core.main.TestCaseMain.runTestCase(TestCaseMain.java:106)
	at com.kms.katalon.core.keyword.builtin.CallTestCaseKeyword$_callTestCase_closure1.doCall(CallTestCaseKeyword.groovy:59)
	at com.kms.katalon.core.keyword.builtin.CallTestCaseKeyword$_callTestCase_closure1.call(CallTestCaseKeyword.groovy)
	at com.kms.katalon.core.keyword.internal.KeywordMain.runKeyword(KeywordMain.groovy:54)
	at com.kms.katalon.core.keyword.builtin.CallTestCaseKeyword.callTestCase(CallTestCaseKeyword.groovy:80)
	at com.kms.katalon.core.keyword.builtin.CallTestCaseKeyword.execute(CallTestCaseKeyword.groovy:44)
	at com.kms.katalon.core.keyword.internal.KeywordExecutor.executeKeywordForPlatform(KeywordExecutor.groovy:53)
	at com.kms.katalon.core.keyword.BuiltinKeywords.callTestCase(BuiltinKeywords.groovy:334)
	at OTC_Submit Form 7_End to End - Cheque.run(OTC_Submit Form 7_End to End - Cheque:16)
	at com.kms.katalon.core.main.ScriptEngine.run(ScriptEngine.java:194)
	at com.kms.katalon.core.main.ScriptEngine.runScriptAsRawText(ScriptEngine.java:119)
	at com.kms.katalon.core.main.TestCaseExecutor.runScript(TestCaseExecutor.java:328)
	at com.kms.katalon.core.main.TestCaseExecutor.doExecute(TestCaseExecutor.java:319)
	at com.kms.katalon.core.main.TestCaseExecutor.processExecutionPhase(TestCaseExecutor.java:298)
	at com.kms.katalon.core.main.TestCaseExecutor.accessMainPhase(TestCaseExecutor.java:290)
	at com.kms.katalon.core.main.TestCaseExecutor.execute(TestCaseExecutor.java:224)
	at com.kms.katalon.core.main.TestCaseMain.runTestCase(TestCaseMain.java:106)
	at com.kms.katalon.core.keyword.builtin.CallTestCaseKeyword$_callTestCase_closure1.doCall(CallTestCaseKeyword.groovy:59)
	at com.kms.katalon.core.keyword.builtin.CallTestCaseKeyword$_callTestCase_closure1.call(CallTestCaseKeyword.groovy)
	at com.kms.katalon.core.keyword.internal.KeywordMain.runKeyword(KeywordMain.groovy:54)
	at com.kms.katalon.core.keyword.builtin.CallTestCaseKeyword.callTestCase(CallTestCaseKeyword.groovy:80)
	at com.kms.katalon.core.keyword.builtin.CallTestCaseKeyword.execute(CallTestCaseKeyword.groovy:44)
	at com.kms.katalon.core.keyword.internal.KeywordExecutor.executeKeywordForPlatform(KeywordExecutor.groovy:53)
	at com.kms.katalon.core.keyword.BuiltinKeywords.callTestCase(BuiltinKeywords.groovy:334)
	at Cross branch - SEIO.run(Cross branch - SEIO:16)
	at com.kms.katalon.core.main.ScriptEngine.run(ScriptEngine.java:194)
	at com.kms.katalon.core.main.ScriptEngine.runScriptAsRawText(ScriptEngine.java:119)
	at com.kms.katalon.core.main.TestCaseExecutor.runScript(TestCaseExecutor.java:328)
	at com.kms.katalon.core.main.TestCaseExecutor.doExecute(TestCaseExecutor.java:319)
	at com.kms.katalon.core.main.TestCaseExecutor.processExecutionPhase(TestCaseExecutor.java:298)
	at com.kms.katalon.core.main.TestCaseExecutor.accessMainPhase(TestCaseExecutor.java:290)
	at com.kms.katalon.core.main.TestCaseExecutor.execute(TestCaseExecutor.java:224)
	at com.kms.katalon.core.main.TestSuiteExecutor.accessTestCaseMainPhase(TestSuiteExecutor.java:129)
	at com.kms.katalon.core.main.TestSuiteExecutor.accessTestSuiteMainPhase(TestSuiteExecutor.java:112)
	at com.kms.katalon.core.main.TestSuiteExecutor.execute(TestSuiteExecutor.java:81)
	at com.kms.katalon.core.main.TestCaseMain.startTestSuite(TestCaseMain.java:149)
	at com.kms.katalon.core.main.TestCaseMain$startTestSuite$0.call(Unknown Source)
	at TempTestSuite1550476757023.run(TempTestSuite1550476757023.groovy:36)


2019-02-18 16:39:14 - [MESSAGE][INFO] - Unable to find the element located by 'By.xpath: //input[@id = 'stampedDtStr' and @name = 'stampedDtStr' and @type = 'text']'. Please recheck the objects properties to make sure the desired element is located. 

2019-02-18 16:39:16 - [MESSAGE][FAILED] - Unable to set text '10/01/2019' of object 'Object Repository/KeatMun/Form 7_default/OTC_Application_Reg/Page_PERKESO/11.Tarikh Terima_stampedDtS' (Root cause: com.kms.katalon.core.webui.exception.WebElementNotFoundException: Web element with id: 'Object Repository/KeatMun/Form 7_default/OTC_Application_Reg/Page_PERKESO/11.Tarikh Terima_stampedDtS' located by 'By.xpath: //input[@id = 'stampedDtStr' and @name = 'stampedDtStr' and @type = 'text']' not found)
[[ATTACHMENT|C:\\Users\\Admin\\Documents\\GitHub\\PKSKatalon\\PKS-EI-ES\\Reports\\New Test Suite\\20190218_155917\\1550479154934.png]]

2019-02-18 16:39:16 - [MESSAGE][FAILED] - setText(findTestObject("KeatMun/Form 7_default/OTC_Application_Reg/Page_PERKESO/11.Tarikh Terima_stampedDtS"), "10/01/2019") FAILED.
Reason:
com.kms.katalon.core.exception.StepFailedException: Unable to set text '10/01/2019' of object 'Object Repository/KeatMun/Form 7_default/OTC_Application_Reg/Page_PERKESO/11.Tarikh Terima_stampedDtS' (Root cause: com.kms.katalon.core.webui.exception.WebElementNotFoundException: Web element with id: 'Object Repository/KeatMun/Form 7_default/OTC_Application_Reg/Page_PERKESO/11.Tarikh Terima_stampedDtS' located by 'By.xpath: //input[@id = 'stampedDtStr' and @name = 'stampedDtStr' and @type = 'text']' not found)
	at com.kms.katalon.core.keyword.internal.KeywordMain.stepFailed(KeywordMain.groovy:36)
	at com.kms.katalon.core.webui.keyword.internal.WebUIKeywordMain.stepFailed(WebUIKeywordMain.groovy:65)
	at com.kms.katalon.core.webui.keyword.internal.WebUIKeywordMain.runKeyword(WebUIKeywordMain.groovy:27)
	at com.kms.katalon.core.webui.keyword.builtin.SetTextKeyword.setText(SetTextKeyword.groovy:65)
	at com.kms.katalon.core.webui.keyword.builtin.SetTextKeyword.execute(SetTextKeyword.groovy:37)
	at com.kms.katalon.core.keyword.internal.KeywordExecutor.executeKeywordForPlatform(KeywordExecutor.groovy:53)
	at com.kms.katalon.core.webui.keyword.WebUiBuiltInKeywords.setText(WebUiBuiltInKeywords.groovy:950)
	at com.kms.katalon.core.webui.keyword.WebUiBuiltInKeywords$setText$1.call(Unknown Source)
	at OTC_Application_Reg.run(OTC_Application_Reg:74)
	at com.kms.katalon.core.main.ScriptEngine.run(ScriptEngine.java:194)
	at com.kms.katalon.core.main.ScriptEngine.runScriptAsRawText(ScriptEngine.java:119)
	at com.kms.katalon.core.main.TestCaseExecutor.runScript(TestCaseExecutor.java:328)
	at com.kms.katalon.core.main.TestCaseExecutor.doExecute(TestCaseExecutor.java:319)
	at com.kms.katalon.core.main.TestCaseExecutor.processExecutionPhase(TestCaseExecutor.java:298)
	at com.kms.katalon.core.main.TestCaseExecutor.accessMainPhase(TestCaseExecutor.java:290)
	at com.kms.katalon.core.main.TestCaseExecutor.execute(TestCaseExecutor.java:224)
	at com.kms.katalon.core.main.TestCaseMain.runTestCase(TestCaseMain.java:106)
	at com.kms.katalon.core.keyword.builtin.CallTestCaseKeyword$_callTestCase_closure1.doCall(CallTestCaseKeyword.groovy:59)
	at com.kms.katalon.core.keyword.builtin.CallTestCaseKeyword$_callTestCase_closure1.call(CallTestCaseKeyword.groovy)
	at com.kms.katalon.core.keyword.internal.KeywordMain.runKeyword(KeywordMain.groovy:54)
	at com.kms.katalon.core.keyword.builtin.CallTestCaseKeyword.callTestCase(CallTestCaseKeyword.groovy:80)
	at com.kms.katalon.core.keyword.builtin.CallTestCaseKeyword.execute(CallTestCaseKeyword.groovy:44)
	at com.kms.katalon.core.keyword.internal.KeywordExecutor.executeKeywordForPlatform(KeywordExecutor.groovy:53)
	at com.kms.katalon.core.keyword.BuiltinKeywords.callTestCase(BuiltinKeywords.groovy:334)
	at OTC_Submit Form 7_End to End - Cheque.run(OTC_Submit Form 7_End to End - Cheque:16)
	at com.kms.katalon.core.main.ScriptEngine.run(ScriptEngine.java:194)
	at com.kms.katalon.core.main.ScriptEngine.runScriptAsRawText(ScriptEngine.java:119)
	at com.kms.katalon.core.main.TestCaseExecutor.runScript(TestCaseExecutor.java:328)
	at com.kms.katalon.core.main.TestCaseExecutor.doExecute(TestCaseExecutor.java:319)
	at com.kms.katalon.core.main.TestCaseExecutor.processExecutionPhase(TestCaseExecutor.java:298)
	at com.kms.katalon.core.main.TestCaseExecutor.accessMainPhase(TestCaseExecutor.java:290)
	at com.kms.katalon.core.main.TestCaseExecutor.execute(TestCaseExecutor.java:224)
	at com.kms.katalon.core.main.TestCaseMain.runTestCase(TestCaseMain.java:106)
	at com.kms.katalon.core.keyword.builtin.CallTestCaseKeyword$_callTestCase_closure1.doCall(CallTestCaseKeyword.groovy:59)
	at com.kms.katalon.core.keyword.builtin.CallTestCaseKeyword$_callTestCase_closure1.call(CallTestCaseKeyword.groovy)
	at com.kms.katalon.core.keyword.internal.KeywordMain.runKeyword(KeywordMain.groovy:54)
	at com.kms.katalon.core.keyword.builtin.CallTestCaseKeyword.callTestCase(CallTestCaseKeyword.groovy:80)
	at com.kms.katalon.core.keyword.builtin.CallTestCaseKeyword.execute(CallTestCaseKeyword.groovy:44)
	at com.kms.katalon.core.keyword.internal.KeywordExecutor.executeKeywordForPlatform(KeywordExecutor.groovy:53)
	at com.kms.katalon.core.keyword.BuiltinKeywords.callTestCase(BuiltinKeywords.groovy:334)
	at Cross branch - SEIO.run(Cross branch - SEIO:16)
	at com.kms.katalon.core.main.ScriptEngine.run(ScriptEngine.java:194)
	at com.kms.katalon.core.main.ScriptEngine.runScriptAsRawText(ScriptEngine.java:119)
	at com.kms.katalon.core.main.TestCaseExecutor.runScript(TestCaseExecutor.java:328)
	at com.kms.katalon.core.main.TestCaseExecutor.doExecute(TestCaseExecutor.java:319)
	at com.kms.katalon.core.main.TestCaseExecutor.processExecutionPhase(TestCaseExecutor.java:298)
	at com.kms.katalon.core.main.TestCaseExecutor.accessMainPhase(TestCaseExecutor.java:290)
	at com.kms.katalon.core.main.TestCaseExecutor.execute(TestCaseExecutor.java:224)
	at com.kms.katalon.core.main.TestSuiteExecutor.accessTestCaseMainPhase(TestSuiteExecutor.java:129)
	at com.kms.katalon.core.main.TestSuiteExecutor.accessTestSuiteMainPhase(TestSuiteExecutor.java:112)
	at com.kms.katalon.core.main.TestSuiteExecutor.execute(TestSuiteExecutor.java:81)
	at com.kms.katalon.core.main.TestCaseMain.startTestSuite(TestCaseMain.java:149)
	at com.kms.katalon.core.main.TestCaseMain$startTestSuite$0.call(Unknown Source)
	at TempTestSuite1550476757023.run(TempTestSuite1550476757023.groovy:36)


2019-02-18 16:39:16 - [MESSAGE][FAILED] - Unable to call Test Case 'Test Cases/All TC/Arranged/3. Unit/EI/Form 7_default/OTC_Application_Reg' (Root cause: com.kms.katalon.core.exception.StepFailedException: Call Test Case 'Test Cases/All TC/Arranged/3. Unit/EI/Form 7_default/OTC_Application_Reg' failed)

2019-02-18 16:39:16 - [MESSAGE][FAILED] - callTestCase(findTestCase("All TC/Arranged/3. Unit/EI/Form 7_default/OTC_Application_Reg"), [:], STOP_ON_FAILURE) FAILED.
Reason:
com.kms.katalon.core.exception.StepFailedException: Unable to set text '10/01/2019' of object 'Object Repository/KeatMun/Form 7_default/OTC_Application_Reg/Page_PERKESO/11.Tarikh Terima_stampedDtS' (Root cause: com.kms.katalon.core.webui.exception.WebElementNotFoundException: Web element with id: 'Object Repository/KeatMun/Form 7_default/OTC_Application_Reg/Page_PERKESO/11.Tarikh Terima_stampedDtS' located by 'By.xpath: //input[@id = 'stampedDtStr' and @name = 'stampedDtStr' and @type = 'text']' not found)
	at com.kms.katalon.core.keyword.internal.KeywordMain.stepFailed(KeywordMain.groovy:36)
	at com.kms.katalon.core.webui.keyword.internal.WebUIKeywordMain.stepFailed(WebUIKeywordMain.groovy:65)
	at com.kms.katalon.core.webui.keyword.internal.WebUIKeywordMain.runKeyword(WebUIKeywordMain.groovy:27)
	at com.kms.katalon.core.webui.keyword.builtin.SetTextKeyword.setText(SetTextKeyword.groovy:65)
	at com.kms.katalon.core.webui.keyword.builtin.SetTextKeyword.execute(SetTextKeyword.groovy:37)
	at com.kms.katalon.core.keyword.internal.KeywordExecutor.executeKeywordForPlatform(KeywordExecutor.groovy:53)
	at com.kms.katalon.core.webui.keyword.WebUiBuiltInKeywords.setText(WebUiBuiltInKeywords.groovy:950)
	at com.kms.katalon.core.webui.keyword.WebUiBuiltInKeywords$setText$1.call(Unknown Source)
	at OTC_Application_Reg.run(OTC_Application_Reg:74)
	at com.kms.katalon.core.main.ScriptEngine.run(ScriptEngine.java:194)
	at com.kms.katalon.core.main.ScriptEngine.runScriptAsRawText(ScriptEngine.java:119)
	at com.kms.katalon.core.main.TestCaseExecutor.runScript(TestCaseExecutor.java:328)
	at com.kms.katalon.core.main.TestCaseExecutor.doExecute(TestCaseExecutor.java:319)
	at com.kms.katalon.core.main.TestCaseExecutor.processExecutionPhase(TestCaseExecutor.java:298)
	at com.kms.katalon.core.main.TestCaseExecutor.accessMainPhase(TestCaseExecutor.java:290)
	at com.kms.katalon.core.main.TestCaseExecutor.execute(TestCaseExecutor.java:224)
	at com.kms.katalon.core.main.TestCaseMain.runTestCase(TestCaseMain.java:106)
	at com.kms.katalon.core.keyword.builtin.CallTestCaseKeyword$_callTestCase_closure1.doCall(CallTestCaseKeyword.groovy:59)
	at com.kms.katalon.core.keyword.builtin.CallTestCaseKeyword$_callTestCase_closure1.call(CallTestCaseKeyword.groovy)
	at com.kms.katalon.core.keyword.internal.KeywordMain.runKeyword(KeywordMain.groovy:54)
	at com.kms.katalon.core.keyword.builtin.CallTestCaseKeyword.callTestCase(CallTestCaseKeyword.groovy:80)
	at com.kms.katalon.core.keyword.builtin.CallTestCaseKeyword.execute(CallTestCaseKeyword.groovy:44)
	at com.kms.katalon.core.keyword.internal.KeywordExecutor.executeKeywordForPlatform(KeywordExecutor.groovy:53)
	at com.kms.katalon.core.keyword.BuiltinKeywords.callTestCase(BuiltinKeywords.groovy:334)
	at OTC_Submit Form 7_End to End - Cheque.run(OTC_Submit Form 7_End to End - Cheque:16)
	at com.kms.katalon.core.main.ScriptEngine.run(ScriptEngine.java:194)
	at com.kms.katalon.core.main.ScriptEngine.runScriptAsRawText(ScriptEngine.java:119)
	at com.kms.katalon.core.main.TestCaseExecutor.runScript(TestCaseExecutor.java:328)
	at com.kms.katalon.core.main.TestCaseExecutor.doExecute(TestCaseExecutor.java:319)
	at com.kms.katalon.core.main.TestCaseExecutor.processExecutionPhase(TestCaseExecutor.java:298)
	at com.kms.katalon.core.main.TestCaseExecutor.accessMainPhase(TestCaseExecutor.java:290)
	at com.kms.katalon.core.main.TestCaseExecutor.execute(TestCaseExecutor.java:224)
	at com.kms.katalon.core.main.TestCaseMain.runTestCase(TestCaseMain.java:106)
	at com.kms.katalon.core.keyword.builtin.CallTestCaseKeyword$_callTestCase_closure1.doCall(CallTestCaseKeyword.groovy:59)
	at com.kms.katalon.core.keyword.builtin.CallTestCaseKeyword$_callTestCase_closure1.call(CallTestCaseKeyword.groovy)
	at com.kms.katalon.core.keyword.internal.KeywordMain.runKeyword(KeywordMain.groovy:54)
	at com.kms.katalon.core.keyword.builtin.CallTestCaseKeyword.callTestCase(CallTestCaseKeyword.groovy:80)
	at com.kms.katalon.core.keyword.builtin.CallTestCaseKeyword.execute(CallTestCaseKeyword.groovy:44)
	at com.kms.katalon.core.keyword.internal.KeywordExecutor.executeKeywordForPlatform(KeywordExecutor.groovy:53)
	at com.kms.katalon.core.keyword.BuiltinKeywords.callTestCase(BuiltinKeywords.groovy:334)
	at Cross branch - SEIO.run(Cross branch - SEIO:16)
	at com.kms.katalon.core.main.ScriptEngine.run(ScriptEngine.java:194)
	at com.kms.katalon.core.main.ScriptEngine.runScriptAsRawText(ScriptEngine.java:119)
	at com.kms.katalon.core.main.TestCaseExecutor.runScript(TestCaseExecutor.java:328)
	at com.kms.katalon.core.main.TestCaseExecutor.doExecute(TestCaseExecutor.java:319)
	at com.kms.katalon.core.main.TestCaseExecutor.processExecutionPhase(TestCaseExecutor.java:298)
	at com.kms.katalon.core.main.TestCaseExecutor.accessMainPhase(TestCaseExecutor.java:290)
	at com.kms.katalon.core.main.TestCaseExecutor.execute(TestCaseExecutor.java:224)
	at com.kms.katalon.core.main.TestSuiteExecutor.accessTestCaseMainPhase(TestSuiteExecutor.java:129)
	at com.kms.katalon.core.main.TestSuiteExecutor.accessTestSuiteMainPhase(TestSuiteExecutor.java:112)
	at com.kms.katalon.core.main.TestSuiteExecutor.execute(TestSuiteExecutor.java:81)
	at com.kms.katalon.core.main.TestCaseMain.startTestSuite(TestCaseMain.java:149)
	at com.kms.katalon.core.main.TestCaseMain$startTestSuite$0.call(Unknown Source)
	at TempTestSuite1550476757023.run(TempTestSuite1550476757023.groovy:36)


2019-02-18 16:39:17 - [MESSAGE][FAILED] - Unable to call Test Case 'Test Cases/All TC/Arranged/2. Segment/OTC_Submit Form 7_End to End - Cheque' (Root cause: com.kms.katalon.core.exception.StepFailedException: Call Test Case 'Test Cases/All TC/Arranged/2. Segment/OTC_Submit Form 7_End to End - Cheque' failed)

2019-02-18 16:39:17 - [MESSAGE][FAILED] - callTestCase(findTestCase("All TC/Arranged/2. Segment/OTC_Submit Form 7_End to End - Cheque"), [:], STOP_ON_FAILURE) FAILED.
Reason:
com.kms.katalon.core.exception.StepFailedException: Unable to set text '10/01/2019' of object 'Object Repository/KeatMun/Form 7_default/OTC_Application_Reg/Page_PERKESO/11.Tarikh Terima_stampedDtS' (Root cause: com.kms.katalon.core.webui.exception.WebElementNotFoundException: Web element with id: 'Object Repository/KeatMun/Form 7_default/OTC_Application_Reg/Page_PERKESO/11.Tarikh Terima_stampedDtS' located by 'By.xpath: //input[@id = 'stampedDtStr' and @name = 'stampedDtStr' and @type = 'text']' not found)
	at com.kms.katalon.core.keyword.internal.KeywordMain.stepFailed(KeywordMain.groovy:36)
	at com.kms.katalon.core.webui.keyword.internal.WebUIKeywordMain.stepFailed(WebUIKeywordMain.groovy:65)
	at com.kms.katalon.core.webui.keyword.internal.WebUIKeywordMain.runKeyword(WebUIKeywordMain.groovy:27)
	at com.kms.katalon.core.webui.keyword.builtin.SetTextKeyword.setText(SetTextKeyword.groovy:65)
	at com.kms.katalon.core.webui.keyword.builtin.SetTextKeyword.execute(SetTextKeyword.groovy:37)
	at com.kms.katalon.core.keyword.internal.KeywordExecutor.executeKeywordForPlatform(KeywordExecutor.groovy:53)
	at com.kms.katalon.core.webui.keyword.WebUiBuiltInKeywords.setText(WebUiBuiltInKeywords.groovy:950)
	at com.kms.katalon.core.webui.keyword.WebUiBuiltInKeywords$setText$1.call(Unknown Source)
	at OTC_Application_Reg.run(OTC_Application_Reg:74)
	at com.kms.katalon.core.main.ScriptEngine.run(ScriptEngine.java:194)
	at com.kms.katalon.core.main.ScriptEngine.runScriptAsRawText(ScriptEngine.java:119)
	at com.kms.katalon.core.main.TestCaseExecutor.runScript(TestCaseExecutor.java:328)
	at com.kms.katalon.core.main.TestCaseExecutor.doExecute(TestCaseExecutor.java:319)
	at com.kms.katalon.core.main.TestCaseExecutor.processExecutionPhase(TestCaseExecutor.java:298)
	at com.kms.katalon.core.main.TestCaseExecutor.accessMainPhase(TestCaseExecutor.java:290)
	at com.kms.katalon.core.main.TestCaseExecutor.execute(TestCaseExecutor.java:224)
	at com.kms.katalon.core.main.TestCaseMain.runTestCase(TestCaseMain.java:106)
	at com.kms.katalon.core.keyword.builtin.CallTestCaseKeyword$_callTestCase_closure1.doCall(CallTestCaseKeyword.groovy:59)
	at com.kms.katalon.core.keyword.builtin.CallTestCaseKeyword$_callTestCase_closure1.call(CallTestCaseKeyword.groovy)
	at com.kms.katalon.core.keyword.internal.KeywordMain.runKeyword(KeywordMain.groovy:54)
	at com.kms.katalon.core.keyword.builtin.CallTestCaseKeyword.callTestCase(CallTestCaseKeyword.groovy:80)
	at com.kms.katalon.core.keyword.builtin.CallTestCaseKeyword.execute(CallTestCaseKeyword.groovy:44)
	at com.kms.katalon.core.keyword.internal.KeywordExecutor.executeKeywordForPlatform(KeywordExecutor.groovy:53)
	at com.kms.katalon.core.keyword.BuiltinKeywords.callTestCase(BuiltinKeywords.groovy:334)
	at OTC_Submit Form 7_End to End - Cheque.run(OTC_Submit Form 7_End to End - Cheque:16)
	at com.kms.katalon.core.main.ScriptEngine.run(ScriptEngine.java:194)
	at com.kms.katalon.core.main.ScriptEngine.runScriptAsRawText(ScriptEngine.java:119)
	at com.kms.katalon.core.main.TestCaseExecutor.runScript(TestCaseExecutor.java:328)
	at com.kms.katalon.core.main.TestCaseExecutor.doExecute(TestCaseExecutor.java:319)
	at com.kms.katalon.core.main.TestCaseExecutor.processExecutionPhase(TestCaseExecutor.java:298)
	at com.kms.katalon.core.main.TestCaseExecutor.accessMainPhase(TestCaseExecutor.java:290)
	at com.kms.katalon.core.main.TestCaseExecutor.execute(TestCaseExecutor.java:224)
	at com.kms.katalon.core.main.TestCaseMain.runTestCase(TestCaseMain.java:106)
	at com.kms.katalon.core.keyword.builtin.CallTestCaseKeyword$_callTestCase_closure1.doCall(CallTestCaseKeyword.groovy:59)
	at com.kms.katalon.core.keyword.builtin.CallTestCaseKeyword$_callTestCase_closure1.call(CallTestCaseKeyword.groovy)
	at com.kms.katalon.core.keyword.internal.KeywordMain.runKeyword(KeywordMain.groovy:54)
	at com.kms.katalon.core.keyword.builtin.CallTestCaseKeyword.callTestCase(CallTestCaseKeyword.groovy:80)
	at com.kms.katalon.core.keyword.builtin.CallTestCaseKeyword.execute(CallTestCaseKeyword.groovy:44)
	at com.kms.katalon.core.keyword.internal.KeywordExecutor.executeKeywordForPlatform(KeywordExecutor.groovy:53)
	at com.kms.katalon.core.keyword.BuiltinKeywords.callTestCase(BuiltinKeywords.groovy:334)
	at Cross branch - SEIO.run(Cross branch - SEIO:16)
	at com.kms.katalon.core.main.ScriptEngine.run(ScriptEngine.java:194)
	at com.kms.katalon.core.main.ScriptEngine.runScriptAsRawText(ScriptEngine.java:119)
	at com.kms.katalon.core.main.TestCaseExecutor.runScript(TestCaseExecutor.java:328)
	at com.kms.katalon.core.main.TestCaseExecutor.doExecute(TestCaseExecutor.java:319)
	at com.kms.katalon.core.main.TestCaseExecutor.processExecutionPhase(TestCaseExecutor.java:298)
	at com.kms.katalon.core.main.TestCaseExecutor.accessMainPhase(TestCaseExecutor.java:290)
	at com.kms.katalon.core.main.TestCaseExecutor.execute(TestCaseExecutor.java:224)
	at com.kms.katalon.core.main.TestSuiteExecutor.accessTestCaseMainPhase(TestSuiteExecutor.java:129)
	at com.kms.katalon.core.main.TestSuiteExecutor.accessTestSuiteMainPhase(TestSuiteExecutor.java:112)
	at com.kms.katalon.core.main.TestSuiteExecutor.execute(TestSuiteExecutor.java:81)
	at com.kms.katalon.core.main.TestCaseMain.startTestSuite(TestCaseMain.java:149)
	at com.kms.katalon.core.main.TestCaseMain$startTestSuite$0.call(Unknown Source)
	at TempTestSuite1550476757023.run(TempTestSuite1550476757023.groovy:36)]]></system-out>
         <system-err><![CDATA[2019-02-18 16:37:25 - [TEST_CASE][FAILED] - Test Cases/All TC/Arranged/0. Full Flow/Query/Cross branch - SEIO: Test Cases/All TC/Arranged/0. Full Flow/Query/Cross branch - SEIO FAILED.
Reason:
com.kms.katalon.core.exception.StepFailedException: Unable to set text '10/01/2019' of object 'Object Repository/KeatMun/Form 7_default/OTC_Application_Reg/Page_PERKESO/11.Tarikh Terima_stampedDtS' (Root cause: com.kms.katalon.core.webui.exception.WebElementNotFoundException: Web element with id: 'Object Repository/KeatMun/Form 7_default/OTC_Application_Reg/Page_PERKESO/11.Tarikh Terima_stampedDtS' located by 'By.xpath: //input[@id = 'stampedDtStr' and @name = 'stampedDtStr' and @type = 'text']' not found)
	at com.kms.katalon.core.keyword.internal.KeywordMain.stepFailed(KeywordMain.groovy:36)
	at com.kms.katalon.core.webui.keyword.internal.WebUIKeywordMain.stepFailed(WebUIKeywordMain.groovy:65)
	at com.kms.katalon.core.webui.keyword.internal.WebUIKeywordMain.runKeyword(WebUIKeywordMain.groovy:27)
	at com.kms.katalon.core.webui.keyword.builtin.SetTextKeyword.setText(SetTextKeyword.groovy:65)
	at com.kms.katalon.core.webui.keyword.builtin.SetTextKeyword.execute(SetTextKeyword.groovy:37)
	at com.kms.katalon.core.keyword.internal.KeywordExecutor.executeKeywordForPlatform(KeywordExecutor.groovy:53)
	at com.kms.katalon.core.webui.keyword.WebUiBuiltInKeywords.setText(WebUiBuiltInKeywords.groovy:950)
	at com.kms.katalon.core.webui.keyword.WebUiBuiltInKeywords$setText$1.call(Unknown Source)
	at OTC_Application_Reg.run(OTC_Application_Reg:74)
	at com.kms.katalon.core.main.ScriptEngine.run(ScriptEngine.java:194)
	at com.kms.katalon.core.main.ScriptEngine.runScriptAsRawText(ScriptEngine.java:119)
	at com.kms.katalon.core.main.TestCaseExecutor.runScript(TestCaseExecutor.java:328)
	at com.kms.katalon.core.main.TestCaseExecutor.doExecute(TestCaseExecutor.java:319)
	at com.kms.katalon.core.main.TestCaseExecutor.processExecutionPhase(TestCaseExecutor.java:298)
	at com.kms.katalon.core.main.TestCaseExecutor.accessMainPhase(TestCaseExecutor.java:290)
	at com.kms.katalon.core.main.TestCaseExecutor.execute(TestCaseExecutor.java:224)
	at com.kms.katalon.core.main.TestCaseMain.runTestCase(TestCaseMain.java:106)
	at com.kms.katalon.core.keyword.builtin.CallTestCaseKeyword$_callTestCase_closure1.doCall(CallTestCaseKeyword.groovy:59)
	at com.kms.katalon.core.keyword.builtin.CallTestCaseKeyword$_callTestCase_closure1.call(CallTestCaseKeyword.groovy)
	at com.kms.katalon.core.keyword.internal.KeywordMain.runKeyword(KeywordMain.groovy:54)
	at com.kms.katalon.core.keyword.builtin.CallTestCaseKeyword.callTestCase(CallTestCaseKeyword.groovy:80)
	at com.kms.katalon.core.keyword.builtin.CallTestCaseKeyword.execute(CallTestCaseKeyword.groovy:44)
	at com.kms.katalon.core.keyword.internal.KeywordExecutor.executeKeywordForPlatform(KeywordExecutor.groovy:53)
	at com.kms.katalon.core.keyword.BuiltinKeywords.callTestCase(BuiltinKeywords.groovy:334)
	at OTC_Submit Form 7_End to End - Cheque.run(OTC_Submit Form 7_End to End - Cheque:16)
	at com.kms.katalon.core.main.ScriptEngine.run(ScriptEngine.java:194)
	at com.kms.katalon.core.main.ScriptEngine.runScriptAsRawText(ScriptEngine.java:119)
	at com.kms.katalon.core.main.TestCaseExecutor.runScript(TestCaseExecutor.java:328)
	at com.kms.katalon.core.main.TestCaseExecutor.doExecute(TestCaseExecutor.java:319)
	at com.kms.katalon.core.main.TestCaseExecutor.processExecutionPhase(TestCaseExecutor.java:298)
	at com.kms.katalon.core.main.TestCaseExecutor.accessMainPhase(TestCaseExecutor.java:290)
	at com.kms.katalon.core.main.TestCaseExecutor.execute(TestCaseExecutor.java:224)
	at com.kms.katalon.core.main.TestCaseMain.runTestCase(TestCaseMain.java:106)
	at com.kms.katalon.core.keyword.builtin.CallTestCaseKeyword$_callTestCase_closure1.doCall(CallTestCaseKeyword.groovy:59)
	at com.kms.katalon.core.keyword.builtin.CallTestCaseKeyword$_callTestCase_closure1.call(CallTestCaseKeyword.groovy)
	at com.kms.katalon.core.keyword.internal.KeywordMain.runKeyword(KeywordMain.groovy:54)
	at com.kms.katalon.core.keyword.builtin.CallTestCaseKeyword.callTestCase(CallTestCaseKeyword.groovy:80)
	at com.kms.katalon.core.keyword.builtin.CallTestCaseKeyword.execute(CallTestCaseKeyword.groovy:44)
	at com.kms.katalon.core.keyword.internal.KeywordExecutor.executeKeywordForPlatform(KeywordExecutor.groovy:53)
	at com.kms.katalon.core.keyword.BuiltinKeywords.callTestCase(BuiltinKeywords.groovy:334)
	at Cross branch - SEIO.run(Cross branch - SEIO:16)
	at com.kms.katalon.core.main.ScriptEngine.run(ScriptEngine.java:194)
	at com.kms.katalon.core.main.ScriptEngine.runScriptAsRawText(ScriptEngine.java:119)
	at com.kms.katalon.core.main.TestCaseExecutor.runScript(TestCaseExecutor.java:328)
	at com.kms.katalon.core.main.TestCaseExecutor.doExecute(TestCaseExecutor.java:319)
	at com.kms.katalon.core.main.TestCaseExecutor.processExecutionPhase(TestCaseExecutor.java:298)
	at com.kms.katalon.core.main.TestCaseExecutor.accessMainPhase(TestCaseExecutor.java:290)
	at com.kms.katalon.core.main.TestCaseExecutor.execute(TestCaseExecutor.java:224)
	at com.kms.katalon.core.main.TestSuiteExecutor.accessTestCaseMainPhase(TestSuiteExecutor.java:129)
	at com.kms.katalon.core.main.TestSuiteExecutor.accessTestSuiteMainPhase(TestSuiteExecutor.java:112)
	at com.kms.katalon.core.main.TestSuiteExecutor.execute(TestSuiteExecutor.java:81)
	at com.kms.katalon.core.main.TestCaseMain.startTestSuite(TestCaseMain.java:149)
	at com.kms.katalon.core.main.TestCaseMain$startTestSuite$0.call(Unknown Source)
	at TempTestSuite1550476757023.run(TempTestSuite1550476757023.groovy:36)]]></system-err>
      </testcase>
      <testcase name="Test Cases/All TC/Arranged/0. Full Flow/Query/Cross branch - EIO" classname="Test Cases/All TC/Arranged/0. Full Flow/Query/Cross branch - EIO" status="FAILED">
         <failure type="FAILED" message="Test Cases/All TC/Arranged/0. Full Flow/Query/Cross branch - EIO FAILED.
Reason:
com.kms.katalon.core.exception.StepFailedException: Unable to set text '10/01/2019' of object 'Object Repository/KeatMun/Form 7_default/OTC_Application_Reg/Page_PERKESO/11.Tarikh Terima_stampedDtS' (Root cause: com.kms.katalon.core.webui.exception.WebElementNotFoundException: Web element with id: 'Object Repository/KeatMun/Form 7_default/OTC_Application_Reg/Page_PERKESO/11.Tarikh Terima_stampedDtS' located by 'By.xpath: //input[@id = 'stampedDtStr' and @name = 'stampedDtStr' and @type = 'text']' not found)
	at com.kms.katalon.core.keyword.internal.KeywordMain.stepFailed(KeywordMain.groovy:36)
	at com.kms.katalon.core.webui.keyword.internal.WebUIKeywordMain.stepFailed(WebUIKeywordMain.groovy:65)
	at com.kms.katalon.core.webui.keyword.internal.WebUIKeywordMain.runKeyword(WebUIKeywordMain.groovy:27)
	at com.kms.katalon.core.webui.keyword.builtin.SetTextKeyword.setText(SetTextKeyword.groovy:65)
	at com.kms.katalon.core.webui.keyword.builtin.SetTextKeyword.execute(SetTextKeyword.groovy:37)
	at com.kms.katalon.core.keyword.internal.KeywordExecutor.executeKeywordForPlatform(KeywordExecutor.groovy:53)
	at com.kms.katalon.core.webui.keyword.WebUiBuiltInKeywords.setText(WebUiBuiltInKeywords.groovy:950)
	at com.kms.katalon.core.webui.keyword.WebUiBuiltInKeywords$setText$1.call(Unknown Source)
	at OTC_Application_Reg.run(OTC_Application_Reg:74)
	at com.kms.katalon.core.main.ScriptEngine.run(ScriptEngine.java:194)
	at com.kms.katalon.core.main.ScriptEngine.runScriptAsRawText(ScriptEngine.java:119)
	at com.kms.katalon.core.main.TestCaseExecutor.runScript(TestCaseExecutor.java:328)
	at com.kms.katalon.core.main.TestCaseExecutor.doExecute(TestCaseExecutor.java:319)
	at com.kms.katalon.core.main.TestCaseExecutor.processExecutionPhase(TestCaseExecutor.java:298)
	at com.kms.katalon.core.main.TestCaseExecutor.accessMainPhase(TestCaseExecutor.java:290)
	at com.kms.katalon.core.main.TestCaseExecutor.execute(TestCaseExecutor.java:224)
	at com.kms.katalon.core.main.TestCaseMain.runTestCase(TestCaseMain.java:106)
	at com.kms.katalon.core.keyword.builtin.CallTestCaseKeyword$_callTestCase_closure1.doCall(CallTestCaseKeyword.groovy:59)
	at com.kms.katalon.core.keyword.builtin.CallTestCaseKeyword$_callTestCase_closure1.call(CallTestCaseKeyword.groovy)
	at com.kms.katalon.core.keyword.internal.KeywordMain.runKeyword(KeywordMain.groovy:54)
	at com.kms.katalon.core.keyword.builtin.CallTestCaseKeyword.callTestCase(CallTestCaseKeyword.groovy:80)
	at com.kms.katalon.core.keyword.builtin.CallTestCaseKeyword.execute(CallTestCaseKeyword.groovy:44)
	at com.kms.katalon.core.keyword.internal.KeywordExecutor.executeKeywordForPlatform(KeywordExecutor.groovy:53)
	at com.kms.katalon.core.keyword.BuiltinKeywords.callTestCase(BuiltinKeywords.groovy:334)
	at OTC_Submit Form 7_End to End - Cheque.run(OTC_Submit Form 7_End to End - Cheque:16)
	at com.kms.katalon.core.main.ScriptEngine.run(ScriptEngine.java:194)
	at com.kms.katalon.core.main.ScriptEngine.runScriptAsRawText(ScriptEngine.java:119)
	at com.kms.katalon.core.main.TestCaseExecutor.runScript(TestCaseExecutor.java:328)
	at com.kms.katalon.core.main.TestCaseExecutor.doExecute(TestCaseExecutor.java:319)
	at com.kms.katalon.core.main.TestCaseExecutor.processExecutionPhase(TestCaseExecutor.java:298)
	at com.kms.katalon.core.main.TestCaseExecutor.accessMainPhase(TestCaseExecutor.java:290)
	at com.kms.katalon.core.main.TestCaseExecutor.execute(TestCaseExecutor.java:224)
	at com.kms.katalon.core.main.TestCaseMain.runTestCase(TestCaseMain.java:106)
	at com.kms.katalon.core.keyword.builtin.CallTestCaseKeyword$_callTestCase_closure1.doCall(CallTestCaseKeyword.groovy:59)
	at com.kms.katalon.core.keyword.builtin.CallTestCaseKeyword$_callTestCase_closure1.call(CallTestCaseKeyword.groovy)
	at com.kms.katalon.core.keyword.internal.KeywordMain.runKeyword(KeywordMain.groovy:54)
	at com.kms.katalon.core.keyword.builtin.CallTestCaseKeyword.callTestCase(CallTestCaseKeyword.groovy:80)
	at com.kms.katalon.core.keyword.builtin.CallTestCaseKeyword.execute(CallTestCaseKeyword.groovy:44)
	at com.kms.katalon.core.keyword.internal.KeywordExecutor.executeKeywordForPlatform(KeywordExecutor.groovy:53)
	at com.kms.katalon.core.keyword.BuiltinKeywords.callTestCase(BuiltinKeywords.groovy:334)
	at Cross branch - EIO.run(Cross branch - EIO:16)
	at com.kms.katalon.core.main.ScriptEngine.run(ScriptEngine.java:194)
	at com.kms.katalon.core.main.ScriptEngine.runScriptAsRawText(ScriptEngine.java:119)
	at com.kms.katalon.core.main.TestCaseExecutor.runScript(TestCaseExecutor.java:328)
	at com.kms.katalon.core.main.TestCaseExecutor.doExecute(TestCaseExecutor.java:319)
	at com.kms.katalon.core.main.TestCaseExecutor.processExecutionPhase(TestCaseExecutor.java:298)
	at com.kms.katalon.core.main.TestCaseExecutor.accessMainPhase(TestCaseExecutor.java:290)
	at com.kms.katalon.core.main.TestCaseExecutor.execute(TestCaseExecutor.java:224)
	at com.kms.katalon.core.main.TestSuiteExecutor.accessTestCaseMainPhase(TestSuiteExecutor.java:129)
	at com.kms.katalon.core.main.TestSuiteExecutor.accessTestSuiteMainPhase(TestSuiteExecutor.java:112)
	at com.kms.katalon.core.main.TestSuiteExecutor.execute(TestSuiteExecutor.java:81)
	at com.kms.katalon.core.main.TestCaseMain.startTestSuite(TestCaseMain.java:149)
	at com.kms.katalon.core.main.TestCaseMain$startTestSuite$0.call(Unknown Source)
	at TempTestSuite1550476757023.run(TempTestSuite1550476757023.groovy:36)
"/>
         <system-out><![CDATA[2019-02-18 16:39:18 - [TEST_CASE][FAILED] - Test Cases/All TC/Arranged/0. Full Flow/Query/Cross branch - EIO: Test Cases/All TC/Arranged/0. Full Flow/Query/Cross branch - EIO FAILED.
Reason:
com.kms.katalon.core.exception.StepFailedException: Unable to set text '10/01/2019' of object 'Object Repository/KeatMun/Form 7_default/OTC_Application_Reg/Page_PERKESO/11.Tarikh Terima_stampedDtS' (Root cause: com.kms.katalon.core.webui.exception.WebElementNotFoundException: Web element with id: 'Object Repository/KeatMun/Form 7_default/OTC_Application_Reg/Page_PERKESO/11.Tarikh Terima_stampedDtS' located by 'By.xpath: //input[@id = 'stampedDtStr' and @name = 'stampedDtStr' and @type = 'text']' not found)
	at com.kms.katalon.core.keyword.internal.KeywordMain.stepFailed(KeywordMain.groovy:36)
	at com.kms.katalon.core.webui.keyword.internal.WebUIKeywordMain.stepFailed(WebUIKeywordMain.groovy:65)
	at com.kms.katalon.core.webui.keyword.internal.WebUIKeywordMain.runKeyword(WebUIKeywordMain.groovy:27)
	at com.kms.katalon.core.webui.keyword.builtin.SetTextKeyword.setText(SetTextKeyword.groovy:65)
	at com.kms.katalon.core.webui.keyword.builtin.SetTextKeyword.execute(SetTextKeyword.groovy:37)
	at com.kms.katalon.core.keyword.internal.KeywordExecutor.executeKeywordForPlatform(KeywordExecutor.groovy:53)
	at com.kms.katalon.core.webui.keyword.WebUiBuiltInKeywords.setText(WebUiBuiltInKeywords.groovy:950)
	at com.kms.katalon.core.webui.keyword.WebUiBuiltInKeywords$setText$1.call(Unknown Source)
	at OTC_Application_Reg.run(OTC_Application_Reg:74)
	at com.kms.katalon.core.main.ScriptEngine.run(ScriptEngine.java:194)
	at com.kms.katalon.core.main.ScriptEngine.runScriptAsRawText(ScriptEngine.java:119)
	at com.kms.katalon.core.main.TestCaseExecutor.runScript(TestCaseExecutor.java:328)
	at com.kms.katalon.core.main.TestCaseExecutor.doExecute(TestCaseExecutor.java:319)
	at com.kms.katalon.core.main.TestCaseExecutor.processExecutionPhase(TestCaseExecutor.java:298)
	at com.kms.katalon.core.main.TestCaseExecutor.accessMainPhase(TestCaseExecutor.java:290)
	at com.kms.katalon.core.main.TestCaseExecutor.execute(TestCaseExecutor.java:224)
	at com.kms.katalon.core.main.TestCaseMain.runTestCase(TestCaseMain.java:106)
	at com.kms.katalon.core.keyword.builtin.CallTestCaseKeyword$_callTestCase_closure1.doCall(CallTestCaseKeyword.groovy:59)
	at com.kms.katalon.core.keyword.builtin.CallTestCaseKeyword$_callTestCase_closure1.call(CallTestCaseKeyword.groovy)
	at com.kms.katalon.core.keyword.internal.KeywordMain.runKeyword(KeywordMain.groovy:54)
	at com.kms.katalon.core.keyword.builtin.CallTestCaseKeyword.callTestCase(CallTestCaseKeyword.groovy:80)
	at com.kms.katalon.core.keyword.builtin.CallTestCaseKeyword.execute(CallTestCaseKeyword.groovy:44)
	at com.kms.katalon.core.keyword.internal.KeywordExecutor.executeKeywordForPlatform(KeywordExecutor.groovy:53)
	at com.kms.katalon.core.keyword.BuiltinKeywords.callTestCase(BuiltinKeywords.groovy:334)
	at OTC_Submit Form 7_End to End - Cheque.run(OTC_Submit Form 7_End to End - Cheque:16)
	at com.kms.katalon.core.main.ScriptEngine.run(ScriptEngine.java:194)
	at com.kms.katalon.core.main.ScriptEngine.runScriptAsRawText(ScriptEngine.java:119)
	at com.kms.katalon.core.main.TestCaseExecutor.runScript(TestCaseExecutor.java:328)
	at com.kms.katalon.core.main.TestCaseExecutor.doExecute(TestCaseExecutor.java:319)
	at com.kms.katalon.core.main.TestCaseExecutor.processExecutionPhase(TestCaseExecutor.java:298)
	at com.kms.katalon.core.main.TestCaseExecutor.accessMainPhase(TestCaseExecutor.java:290)
	at com.kms.katalon.core.main.TestCaseExecutor.execute(TestCaseExecutor.java:224)
	at com.kms.katalon.core.main.TestCaseMain.runTestCase(TestCaseMain.java:106)
	at com.kms.katalon.core.keyword.builtin.CallTestCaseKeyword$_callTestCase_closure1.doCall(CallTestCaseKeyword.groovy:59)
	at com.kms.katalon.core.keyword.builtin.CallTestCaseKeyword$_callTestCase_closure1.call(CallTestCaseKeyword.groovy)
	at com.kms.katalon.core.keyword.internal.KeywordMain.runKeyword(KeywordMain.groovy:54)
	at com.kms.katalon.core.keyword.builtin.CallTestCaseKeyword.callTestCase(CallTestCaseKeyword.groovy:80)
	at com.kms.katalon.core.keyword.builtin.CallTestCaseKeyword.execute(CallTestCaseKeyword.groovy:44)
	at com.kms.katalon.core.keyword.internal.KeywordExecutor.executeKeywordForPlatform(KeywordExecutor.groovy:53)
	at com.kms.katalon.core.keyword.BuiltinKeywords.callTestCase(BuiltinKeywords.groovy:334)
	at Cross branch - EIO.run(Cross branch - EIO:16)
	at com.kms.katalon.core.main.ScriptEngine.run(ScriptEngine.java:194)
	at com.kms.katalon.core.main.ScriptEngine.runScriptAsRawText(ScriptEngine.java:119)
	at com.kms.katalon.core.main.TestCaseExecutor.runScript(TestCaseExecutor.java:328)
	at com.kms.katalon.core.main.TestCaseExecutor.doExecute(TestCaseExecutor.java:319)
	at com.kms.katalon.core.main.TestCaseExecutor.processExecutionPhase(TestCaseExecutor.java:298)
	at com.kms.katalon.core.main.TestCaseExecutor.accessMainPhase(TestCaseExecutor.java:290)
	at com.kms.katalon.core.main.TestCaseExecutor.execute(TestCaseExecutor.java:224)
	at com.kms.katalon.core.main.TestSuiteExecutor.accessTestCaseMainPhase(TestSuiteExecutor.java:129)
	at com.kms.katalon.core.main.TestSuiteExecutor.accessTestSuiteMainPhase(TestSuiteExecutor.java:112)
	at com.kms.katalon.core.main.TestSuiteExecutor.execute(TestSuiteExecutor.java:81)
	at com.kms.katalon.core.main.TestCaseMain.startTestSuite(TestCaseMain.java:149)
	at com.kms.katalon.core.main.TestCaseMain$startTestSuite$0.call(Unknown Source)
	at TempTestSuite1550476757023.run(TempTestSuite1550476757023.groovy:36)


2019-02-18 16:39:18 - [TEST_STEP][FAILED] - callTestCase(findTestCase("All TC/Arranged/2. Segment/OTC_Submit Form 7_End to End - Cheque"), [:], STOP_ON_FAILURE): callTestCase(findTestCase("All TC/Arranged/2. Segment/OTC_Submit Form 7_End to End - Cheque"), [:], STOP_ON_FAILURE) FAILED.
Reason:
com.kms.katalon.core.exception.StepFailedException: Unable to set text '10/01/2019' of object 'Object Repository/KeatMun/Form 7_default/OTC_Application_Reg/Page_PERKESO/11.Tarikh Terima_stampedDtS' (Root cause: com.kms.katalon.core.webui.exception.WebElementNotFoundException: Web element with id: 'Object Repository/KeatMun/Form 7_default/OTC_Application_Reg/Page_PERKESO/11.Tarikh Terima_stampedDtS' located by 'By.xpath: //input[@id = 'stampedDtStr' and @name = 'stampedDtStr' and @type = 'text']' not found)
	at com.kms.katalon.core.keyword.internal.KeywordMain.stepFailed(KeywordMain.groovy:36)
	at com.kms.katalon.core.webui.keyword.internal.WebUIKeywordMain.stepFailed(WebUIKeywordMain.groovy:65)
	at com.kms.katalon.core.webui.keyword.internal.WebUIKeywordMain.runKeyword(WebUIKeywordMain.groovy:27)
	at com.kms.katalon.core.webui.keyword.builtin.SetTextKeyword.setText(SetTextKeyword.groovy:65)
	at com.kms.katalon.core.webui.keyword.builtin.SetTextKeyword.execute(SetTextKeyword.groovy:37)
	at com.kms.katalon.core.keyword.internal.KeywordExecutor.executeKeywordForPlatform(KeywordExecutor.groovy:53)
	at com.kms.katalon.core.webui.keyword.WebUiBuiltInKeywords.setText(WebUiBuiltInKeywords.groovy:950)
	at com.kms.katalon.core.webui.keyword.WebUiBuiltInKeywords$setText$1.call(Unknown Source)
	at OTC_Application_Reg.run(OTC_Application_Reg:74)
	at com.kms.katalon.core.main.ScriptEngine.run(ScriptEngine.java:194)
	at com.kms.katalon.core.main.ScriptEngine.runScriptAsRawText(ScriptEngine.java:119)
	at com.kms.katalon.core.main.TestCaseExecutor.runScript(TestCaseExecutor.java:328)
	at com.kms.katalon.core.main.TestCaseExecutor.doExecute(TestCaseExecutor.java:319)
	at com.kms.katalon.core.main.TestCaseExecutor.processExecutionPhase(TestCaseExecutor.java:298)
	at com.kms.katalon.core.main.TestCaseExecutor.accessMainPhase(TestCaseExecutor.java:290)
	at com.kms.katalon.core.main.TestCaseExecutor.execute(TestCaseExecutor.java:224)
	at com.kms.katalon.core.main.TestCaseMain.runTestCase(TestCaseMain.java:106)
	at com.kms.katalon.core.keyword.builtin.CallTestCaseKeyword$_callTestCase_closure1.doCall(CallTestCaseKeyword.groovy:59)
	at com.kms.katalon.core.keyword.builtin.CallTestCaseKeyword$_callTestCase_closure1.call(CallTestCaseKeyword.groovy)
	at com.kms.katalon.core.keyword.internal.KeywordMain.runKeyword(KeywordMain.groovy:54)
	at com.kms.katalon.core.keyword.builtin.CallTestCaseKeyword.callTestCase(CallTestCaseKeyword.groovy:80)
	at com.kms.katalon.core.keyword.builtin.CallTestCaseKeyword.execute(CallTestCaseKeyword.groovy:44)
	at com.kms.katalon.core.keyword.internal.KeywordExecutor.executeKeywordForPlatform(KeywordExecutor.groovy:53)
	at com.kms.katalon.core.keyword.BuiltinKeywords.callTestCase(BuiltinKeywords.groovy:334)
	at OTC_Submit Form 7_End to End - Cheque.run(OTC_Submit Form 7_End to End - Cheque:16)
	at com.kms.katalon.core.main.ScriptEngine.run(ScriptEngine.java:194)
	at com.kms.katalon.core.main.ScriptEngine.runScriptAsRawText(ScriptEngine.java:119)
	at com.kms.katalon.core.main.TestCaseExecutor.runScript(TestCaseExecutor.java:328)
	at com.kms.katalon.core.main.TestCaseExecutor.doExecute(TestCaseExecutor.java:319)
	at com.kms.katalon.core.main.TestCaseExecutor.processExecutionPhase(TestCaseExecutor.java:298)
	at com.kms.katalon.core.main.TestCaseExecutor.accessMainPhase(TestCaseExecutor.java:290)
	at com.kms.katalon.core.main.TestCaseExecutor.execute(TestCaseExecutor.java:224)
	at com.kms.katalon.core.main.TestCaseMain.runTestCase(TestCaseMain.java:106)
	at com.kms.katalon.core.keyword.builtin.CallTestCaseKeyword$_callTestCase_closure1.doCall(CallTestCaseKeyword.groovy:59)
	at com.kms.katalon.core.keyword.builtin.CallTestCaseKeyword$_callTestCase_closure1.call(CallTestCaseKeyword.groovy)
	at com.kms.katalon.core.keyword.internal.KeywordMain.runKeyword(KeywordMain.groovy:54)
	at com.kms.katalon.core.keyword.builtin.CallTestCaseKeyword.callTestCase(CallTestCaseKeyword.groovy:80)
	at com.kms.katalon.core.keyword.builtin.CallTestCaseKeyword.execute(CallTestCaseKeyword.groovy:44)
	at com.kms.katalon.core.keyword.internal.KeywordExecutor.executeKeywordForPlatform(KeywordExecutor.groovy:53)
	at com.kms.katalon.core.keyword.BuiltinKeywords.callTestCase(BuiltinKeywords.groovy:334)
	at Cross branch - EIO.run(Cross branch - EIO:16)
	at com.kms.katalon.core.main.ScriptEngine.run(ScriptEngine.java:194)
	at com.kms.katalon.core.main.ScriptEngine.runScriptAsRawText(ScriptEngine.java:119)
	at com.kms.katalon.core.main.TestCaseExecutor.runScript(TestCaseExecutor.java:328)
	at com.kms.katalon.core.main.TestCaseExecutor.doExecute(TestCaseExecutor.java:319)
	at com.kms.katalon.core.main.TestCaseExecutor.processExecutionPhase(TestCaseExecutor.java:298)
	at com.kms.katalon.core.main.TestCaseExecutor.accessMainPhase(TestCaseExecutor.java:290)
	at com.kms.katalon.core.main.TestCaseExecutor.execute(TestCaseExecutor.java:224)
	at com.kms.katalon.core.main.TestSuiteExecutor.accessTestCaseMainPhase(TestSuiteExecutor.java:129)
	at com.kms.katalon.core.main.TestSuiteExecutor.accessTestSuiteMainPhase(TestSuiteExecutor.java:112)
	at com.kms.katalon.core.main.TestSuiteExecutor.execute(TestSuiteExecutor.java:81)
	at com.kms.katalon.core.main.TestCaseMain.startTestSuite(TestCaseMain.java:149)
	at com.kms.katalon.core.main.TestCaseMain$startTestSuite$0.call(Unknown Source)
	at TempTestSuite1550476757023.run(TempTestSuite1550476757023.groovy:36)


2019-02-18 16:39:18 - [TEST_CASE][FAILED] - Test Cases/All TC/Arranged/2. Segment/OTC_Submit Form 7_End to End - Cheque: Test Cases/All TC/Arranged/2. Segment/OTC_Submit Form 7_End to End - Cheque FAILED.
Reason:
com.kms.katalon.core.exception.StepFailedException: Unable to set text '10/01/2019' of object 'Object Repository/KeatMun/Form 7_default/OTC_Application_Reg/Page_PERKESO/11.Tarikh Terima_stampedDtS' (Root cause: com.kms.katalon.core.webui.exception.WebElementNotFoundException: Web element with id: 'Object Repository/KeatMun/Form 7_default/OTC_Application_Reg/Page_PERKESO/11.Tarikh Terima_stampedDtS' located by 'By.xpath: //input[@id = 'stampedDtStr' and @name = 'stampedDtStr' and @type = 'text']' not found)
	at com.kms.katalon.core.keyword.internal.KeywordMain.stepFailed(KeywordMain.groovy:36)
	at com.kms.katalon.core.webui.keyword.internal.WebUIKeywordMain.stepFailed(WebUIKeywordMain.groovy:65)
	at com.kms.katalon.core.webui.keyword.internal.WebUIKeywordMain.runKeyword(WebUIKeywordMain.groovy:27)
	at com.kms.katalon.core.webui.keyword.builtin.SetTextKeyword.setText(SetTextKeyword.groovy:65)
	at com.kms.katalon.core.webui.keyword.builtin.SetTextKeyword.execute(SetTextKeyword.groovy:37)
	at com.kms.katalon.core.keyword.internal.KeywordExecutor.executeKeywordForPlatform(KeywordExecutor.groovy:53)
	at com.kms.katalon.core.webui.keyword.WebUiBuiltInKeywords.setText(WebUiBuiltInKeywords.groovy:950)
	at com.kms.katalon.core.webui.keyword.WebUiBuiltInKeywords$setText$1.call(Unknown Source)
	at OTC_Application_Reg.run(OTC_Application_Reg:74)
	at com.kms.katalon.core.main.ScriptEngine.run(ScriptEngine.java:194)
	at com.kms.katalon.core.main.ScriptEngine.runScriptAsRawText(ScriptEngine.java:119)
	at com.kms.katalon.core.main.TestCaseExecutor.runScript(TestCaseExecutor.java:328)
	at com.kms.katalon.core.main.TestCaseExecutor.doExecute(TestCaseExecutor.java:319)
	at com.kms.katalon.core.main.TestCaseExecutor.processExecutionPhase(TestCaseExecutor.java:298)
	at com.kms.katalon.core.main.TestCaseExecutor.accessMainPhase(TestCaseExecutor.java:290)
	at com.kms.katalon.core.main.TestCaseExecutor.execute(TestCaseExecutor.java:224)
	at com.kms.katalon.core.main.TestCaseMain.runTestCase(TestCaseMain.java:106)
	at com.kms.katalon.core.keyword.builtin.CallTestCaseKeyword$_callTestCase_closure1.doCall(CallTestCaseKeyword.groovy:59)
	at com.kms.katalon.core.keyword.builtin.CallTestCaseKeyword$_callTestCase_closure1.call(CallTestCaseKeyword.groovy)
	at com.kms.katalon.core.keyword.internal.KeywordMain.runKeyword(KeywordMain.groovy:54)
	at com.kms.katalon.core.keyword.builtin.CallTestCaseKeyword.callTestCase(CallTestCaseKeyword.groovy:80)
	at com.kms.katalon.core.keyword.builtin.CallTestCaseKeyword.execute(CallTestCaseKeyword.groovy:44)
	at com.kms.katalon.core.keyword.internal.KeywordExecutor.executeKeywordForPlatform(KeywordExecutor.groovy:53)
	at com.kms.katalon.core.keyword.BuiltinKeywords.callTestCase(BuiltinKeywords.groovy:334)
	at OTC_Submit Form 7_End to End - Cheque.run(OTC_Submit Form 7_End to End - Cheque:16)
	at com.kms.katalon.core.main.ScriptEngine.run(ScriptEngine.java:194)
	at com.kms.katalon.core.main.ScriptEngine.runScriptAsRawText(ScriptEngine.java:119)
	at com.kms.katalon.core.main.TestCaseExecutor.runScript(TestCaseExecutor.java:328)
	at com.kms.katalon.core.main.TestCaseExecutor.doExecute(TestCaseExecutor.java:319)
	at com.kms.katalon.core.main.TestCaseExecutor.processExecutionPhase(TestCaseExecutor.java:298)
	at com.kms.katalon.core.main.TestCaseExecutor.accessMainPhase(TestCaseExecutor.java:290)
	at com.kms.katalon.core.main.TestCaseExecutor.execute(TestCaseExecutor.java:224)
	at com.kms.katalon.core.main.TestCaseMain.runTestCase(TestCaseMain.java:106)
	at com.kms.katalon.core.keyword.builtin.CallTestCaseKeyword$_callTestCase_closure1.doCall(CallTestCaseKeyword.groovy:59)
	at com.kms.katalon.core.keyword.builtin.CallTestCaseKeyword$_callTestCase_closure1.call(CallTestCaseKeyword.groovy)
	at com.kms.katalon.core.keyword.internal.KeywordMain.runKeyword(KeywordMain.groovy:54)
	at com.kms.katalon.core.keyword.builtin.CallTestCaseKeyword.callTestCase(CallTestCaseKeyword.groovy:80)
	at com.kms.katalon.core.keyword.builtin.CallTestCaseKeyword.execute(CallTestCaseKeyword.groovy:44)
	at com.kms.katalon.core.keyword.internal.KeywordExecutor.executeKeywordForPlatform(KeywordExecutor.groovy:53)
	at com.kms.katalon.core.keyword.BuiltinKeywords.callTestCase(BuiltinKeywords.groovy:334)
	at Cross branch - EIO.run(Cross branch - EIO:16)
	at com.kms.katalon.core.main.ScriptEngine.run(ScriptEngine.java:194)
	at com.kms.katalon.core.main.ScriptEngine.runScriptAsRawText(ScriptEngine.java:119)
	at com.kms.katalon.core.main.TestCaseExecutor.runScript(TestCaseExecutor.java:328)
	at com.kms.katalon.core.main.TestCaseExecutor.doExecute(TestCaseExecutor.java:319)
	at com.kms.katalon.core.main.TestCaseExecutor.processExecutionPhase(TestCaseExecutor.java:298)
	at com.kms.katalon.core.main.TestCaseExecutor.accessMainPhase(TestCaseExecutor.java:290)
	at com.kms.katalon.core.main.TestCaseExecutor.execute(TestCaseExecutor.java:224)
	at com.kms.katalon.core.main.TestSuiteExecutor.accessTestCaseMainPhase(TestSuiteExecutor.java:129)
	at com.kms.katalon.core.main.TestSuiteExecutor.accessTestSuiteMainPhase(TestSuiteExecutor.java:112)
	at com.kms.katalon.core.main.TestSuiteExecutor.execute(TestSuiteExecutor.java:81)
	at com.kms.katalon.core.main.TestCaseMain.startTestSuite(TestCaseMain.java:149)
	at com.kms.katalon.core.main.TestCaseMain$startTestSuite$0.call(Unknown Source)
	at TempTestSuite1550476757023.run(TempTestSuite1550476757023.groovy:36)


2019-02-18 16:39:18 - [TEST_STEP][FAILED] - callTestCase(findTestCase("All TC/Arranged/3. Unit/EI/Form 7_default/OTC_Application_Reg"), [:], STOP_ON_FAILURE): callTestCase(findTestCase("All TC/Arranged/3. Unit/EI/Form 7_default/OTC_Application_Reg"), [:], STOP_ON_FAILURE) FAILED.
Reason:
com.kms.katalon.core.exception.StepFailedException: Unable to set text '10/01/2019' of object 'Object Repository/KeatMun/Form 7_default/OTC_Application_Reg/Page_PERKESO/11.Tarikh Terima_stampedDtS' (Root cause: com.kms.katalon.core.webui.exception.WebElementNotFoundException: Web element with id: 'Object Repository/KeatMun/Form 7_default/OTC_Application_Reg/Page_PERKESO/11.Tarikh Terima_stampedDtS' located by 'By.xpath: //input[@id = 'stampedDtStr' and @name = 'stampedDtStr' and @type = 'text']' not found)
	at com.kms.katalon.core.keyword.internal.KeywordMain.stepFailed(KeywordMain.groovy:36)
	at com.kms.katalon.core.webui.keyword.internal.WebUIKeywordMain.stepFailed(WebUIKeywordMain.groovy:65)
	at com.kms.katalon.core.webui.keyword.internal.WebUIKeywordMain.runKeyword(WebUIKeywordMain.groovy:27)
	at com.kms.katalon.core.webui.keyword.builtin.SetTextKeyword.setText(SetTextKeyword.groovy:65)
	at com.kms.katalon.core.webui.keyword.builtin.SetTextKeyword.execute(SetTextKeyword.groovy:37)
	at com.kms.katalon.core.keyword.internal.KeywordExecutor.executeKeywordForPlatform(KeywordExecutor.groovy:53)
	at com.kms.katalon.core.webui.keyword.WebUiBuiltInKeywords.setText(WebUiBuiltInKeywords.groovy:950)
	at com.kms.katalon.core.webui.keyword.WebUiBuiltInKeywords$setText$1.call(Unknown Source)
	at OTC_Application_Reg.run(OTC_Application_Reg:74)
	at com.kms.katalon.core.main.ScriptEngine.run(ScriptEngine.java:194)
	at com.kms.katalon.core.main.ScriptEngine.runScriptAsRawText(ScriptEngine.java:119)
	at com.kms.katalon.core.main.TestCaseExecutor.runScript(TestCaseExecutor.java:328)
	at com.kms.katalon.core.main.TestCaseExecutor.doExecute(TestCaseExecutor.java:319)
	at com.kms.katalon.core.main.TestCaseExecutor.processExecutionPhase(TestCaseExecutor.java:298)
	at com.kms.katalon.core.main.TestCaseExecutor.accessMainPhase(TestCaseExecutor.java:290)
	at com.kms.katalon.core.main.TestCaseExecutor.execute(TestCaseExecutor.java:224)
	at com.kms.katalon.core.main.TestCaseMain.runTestCase(TestCaseMain.java:106)
	at com.kms.katalon.core.keyword.builtin.CallTestCaseKeyword$_callTestCase_closure1.doCall(CallTestCaseKeyword.groovy:59)
	at com.kms.katalon.core.keyword.builtin.CallTestCaseKeyword$_callTestCase_closure1.call(CallTestCaseKeyword.groovy)
	at com.kms.katalon.core.keyword.internal.KeywordMain.runKeyword(KeywordMain.groovy:54)
	at com.kms.katalon.core.keyword.builtin.CallTestCaseKeyword.callTestCase(CallTestCaseKeyword.groovy:80)
	at com.kms.katalon.core.keyword.builtin.CallTestCaseKeyword.execute(CallTestCaseKeyword.groovy:44)
	at com.kms.katalon.core.keyword.internal.KeywordExecutor.executeKeywordForPlatform(KeywordExecutor.groovy:53)
	at com.kms.katalon.core.keyword.BuiltinKeywords.callTestCase(BuiltinKeywords.groovy:334)
	at OTC_Submit Form 7_End to End - Cheque.run(OTC_Submit Form 7_End to End - Cheque:16)
	at com.kms.katalon.core.main.ScriptEngine.run(ScriptEngine.java:194)
	at com.kms.katalon.core.main.ScriptEngine.runScriptAsRawText(ScriptEngine.java:119)
	at com.kms.katalon.core.main.TestCaseExecutor.runScript(TestCaseExecutor.java:328)
	at com.kms.katalon.core.main.TestCaseExecutor.doExecute(TestCaseExecutor.java:319)
	at com.kms.katalon.core.main.TestCaseExecutor.processExecutionPhase(TestCaseExecutor.java:298)
	at com.kms.katalon.core.main.TestCaseExecutor.accessMainPhase(TestCaseExecutor.java:290)
	at com.kms.katalon.core.main.TestCaseExecutor.execute(TestCaseExecutor.java:224)
	at com.kms.katalon.core.main.TestCaseMain.runTestCase(TestCaseMain.java:106)
	at com.kms.katalon.core.keyword.builtin.CallTestCaseKeyword$_callTestCase_closure1.doCall(CallTestCaseKeyword.groovy:59)
	at com.kms.katalon.core.keyword.builtin.CallTestCaseKeyword$_callTestCase_closure1.call(CallTestCaseKeyword.groovy)
	at com.kms.katalon.core.keyword.internal.KeywordMain.runKeyword(KeywordMain.groovy:54)
	at com.kms.katalon.core.keyword.builtin.CallTestCaseKeyword.callTestCase(CallTestCaseKeyword.groovy:80)
	at com.kms.katalon.core.keyword.builtin.CallTestCaseKeyword.execute(CallTestCaseKeyword.groovy:44)
	at com.kms.katalon.core.keyword.internal.KeywordExecutor.executeKeywordForPlatform(KeywordExecutor.groovy:53)
	at com.kms.katalon.core.keyword.BuiltinKeywords.callTestCase(BuiltinKeywords.groovy:334)
	at Cross branch - EIO.run(Cross branch - EIO:16)
	at com.kms.katalon.core.main.ScriptEngine.run(ScriptEngine.java:194)
	at com.kms.katalon.core.main.ScriptEngine.runScriptAsRawText(ScriptEngine.java:119)
	at com.kms.katalon.core.main.TestCaseExecutor.runScript(TestCaseExecutor.java:328)
	at com.kms.katalon.core.main.TestCaseExecutor.doExecute(TestCaseExecutor.java:319)
	at com.kms.katalon.core.main.TestCaseExecutor.processExecutionPhase(TestCaseExecutor.java:298)
	at com.kms.katalon.core.main.TestCaseExecutor.accessMainPhase(TestCaseExecutor.java:290)
	at com.kms.katalon.core.main.TestCaseExecutor.execute(TestCaseExecutor.java:224)
	at com.kms.katalon.core.main.TestSuiteExecutor.accessTestCaseMainPhase(TestSuiteExecutor.java:129)
	at com.kms.katalon.core.main.TestSuiteExecutor.accessTestSuiteMainPhase(TestSuiteExecutor.java:112)
	at com.kms.katalon.core.main.TestSuiteExecutor.execute(TestSuiteExecutor.java:81)
	at com.kms.katalon.core.main.TestCaseMain.startTestSuite(TestCaseMain.java:149)
	at com.kms.katalon.core.main.TestCaseMain$startTestSuite$0.call(Unknown Source)
	at TempTestSuite1550476757023.run(TempTestSuite1550476757023.groovy:36)


2019-02-18 16:39:18 - [TEST_CASE][FAILED] - Test Cases/All TC/Arranged/3. Unit/EI/Form 7_default/OTC_Application_Reg: Test Cases/All TC/Arranged/3. Unit/EI/Form 7_default/OTC_Application_Reg FAILED.
Reason:
com.kms.katalon.core.exception.StepFailedException: Unable to set text '10/01/2019' of object 'Object Repository/KeatMun/Form 7_default/OTC_Application_Reg/Page_PERKESO/11.Tarikh Terima_stampedDtS' (Root cause: com.kms.katalon.core.webui.exception.WebElementNotFoundException: Web element with id: 'Object Repository/KeatMun/Form 7_default/OTC_Application_Reg/Page_PERKESO/11.Tarikh Terima_stampedDtS' located by 'By.xpath: //input[@id = 'stampedDtStr' and @name = 'stampedDtStr' and @type = 'text']' not found)
	at com.kms.katalon.core.keyword.internal.KeywordMain.stepFailed(KeywordMain.groovy:36)
	at com.kms.katalon.core.webui.keyword.internal.WebUIKeywordMain.stepFailed(WebUIKeywordMain.groovy:65)
	at com.kms.katalon.core.webui.keyword.internal.WebUIKeywordMain.runKeyword(WebUIKeywordMain.groovy:27)
	at com.kms.katalon.core.webui.keyword.builtin.SetTextKeyword.setText(SetTextKeyword.groovy:65)
	at com.kms.katalon.core.webui.keyword.builtin.SetTextKeyword.execute(SetTextKeyword.groovy:37)
	at com.kms.katalon.core.keyword.internal.KeywordExecutor.executeKeywordForPlatform(KeywordExecutor.groovy:53)
	at com.kms.katalon.core.webui.keyword.WebUiBuiltInKeywords.setText(WebUiBuiltInKeywords.groovy:950)
	at com.kms.katalon.core.webui.keyword.WebUiBuiltInKeywords$setText$1.call(Unknown Source)
	at OTC_Application_Reg.run(OTC_Application_Reg:74)
	at com.kms.katalon.core.main.ScriptEngine.run(ScriptEngine.java:194)
	at com.kms.katalon.core.main.ScriptEngine.runScriptAsRawText(ScriptEngine.java:119)
	at com.kms.katalon.core.main.TestCaseExecutor.runScript(TestCaseExecutor.java:328)
	at com.kms.katalon.core.main.TestCaseExecutor.doExecute(TestCaseExecutor.java:319)
	at com.kms.katalon.core.main.TestCaseExecutor.processExecutionPhase(TestCaseExecutor.java:298)
	at com.kms.katalon.core.main.TestCaseExecutor.accessMainPhase(TestCaseExecutor.java:290)
	at com.kms.katalon.core.main.TestCaseExecutor.execute(TestCaseExecutor.java:224)
	at com.kms.katalon.core.main.TestCaseMain.runTestCase(TestCaseMain.java:106)
	at com.kms.katalon.core.keyword.builtin.CallTestCaseKeyword$_callTestCase_closure1.doCall(CallTestCaseKeyword.groovy:59)
	at com.kms.katalon.core.keyword.builtin.CallTestCaseKeyword$_callTestCase_closure1.call(CallTestCaseKeyword.groovy)
	at com.kms.katalon.core.keyword.internal.KeywordMain.runKeyword(KeywordMain.groovy:54)
	at com.kms.katalon.core.keyword.builtin.CallTestCaseKeyword.callTestCase(CallTestCaseKeyword.groovy:80)
	at com.kms.katalon.core.keyword.builtin.CallTestCaseKeyword.execute(CallTestCaseKeyword.groovy:44)
	at com.kms.katalon.core.keyword.internal.KeywordExecutor.executeKeywordForPlatform(KeywordExecutor.groovy:53)
	at com.kms.katalon.core.keyword.BuiltinKeywords.callTestCase(BuiltinKeywords.groovy:334)
	at OTC_Submit Form 7_End to End - Cheque.run(OTC_Submit Form 7_End to End - Cheque:16)
	at com.kms.katalon.core.main.ScriptEngine.run(ScriptEngine.java:194)
	at com.kms.katalon.core.main.ScriptEngine.runScriptAsRawText(ScriptEngine.java:119)
	at com.kms.katalon.core.main.TestCaseExecutor.runScript(TestCaseExecutor.java:328)
	at com.kms.katalon.core.main.TestCaseExecutor.doExecute(TestCaseExecutor.java:319)
	at com.kms.katalon.core.main.TestCaseExecutor.processExecutionPhase(TestCaseExecutor.java:298)
	at com.kms.katalon.core.main.TestCaseExecutor.accessMainPhase(TestCaseExecutor.java:290)
	at com.kms.katalon.core.main.TestCaseExecutor.execute(TestCaseExecutor.java:224)
	at com.kms.katalon.core.main.TestCaseMain.runTestCase(TestCaseMain.java:106)
	at com.kms.katalon.core.keyword.builtin.CallTestCaseKeyword$_callTestCase_closure1.doCall(CallTestCaseKeyword.groovy:59)
	at com.kms.katalon.core.keyword.builtin.CallTestCaseKeyword$_callTestCase_closure1.call(CallTestCaseKeyword.groovy)
	at com.kms.katalon.core.keyword.internal.KeywordMain.runKeyword(KeywordMain.groovy:54)
	at com.kms.katalon.core.keyword.builtin.CallTestCaseKeyword.callTestCase(CallTestCaseKeyword.groovy:80)
	at com.kms.katalon.core.keyword.builtin.CallTestCaseKeyword.execute(CallTestCaseKeyword.groovy:44)
	at com.kms.katalon.core.keyword.internal.KeywordExecutor.executeKeywordForPlatform(KeywordExecutor.groovy:53)
	at com.kms.katalon.core.keyword.BuiltinKeywords.callTestCase(BuiltinKeywords.groovy:334)
	at Cross branch - EIO.run(Cross branch - EIO:16)
	at com.kms.katalon.core.main.ScriptEngine.run(ScriptEngine.java:194)
	at com.kms.katalon.core.main.ScriptEngine.runScriptAsRawText(ScriptEngine.java:119)
	at com.kms.katalon.core.main.TestCaseExecutor.runScript(TestCaseExecutor.java:328)
	at com.kms.katalon.core.main.TestCaseExecutor.doExecute(TestCaseExecutor.java:319)
	at com.kms.katalon.core.main.TestCaseExecutor.processExecutionPhase(TestCaseExecutor.java:298)
	at com.kms.katalon.core.main.TestCaseExecutor.accessMainPhase(TestCaseExecutor.java:290)
	at com.kms.katalon.core.main.TestCaseExecutor.execute(TestCaseExecutor.java:224)
	at com.kms.katalon.core.main.TestSuiteExecutor.accessTestCaseMainPhase(TestSuiteExecutor.java:129)
	at com.kms.katalon.core.main.TestSuiteExecutor.accessTestSuiteMainPhase(TestSuiteExecutor.java:112)
	at com.kms.katalon.core.main.TestSuiteExecutor.execute(TestSuiteExecutor.java:81)
	at com.kms.katalon.core.main.TestCaseMain.startTestSuite(TestCaseMain.java:149)
	at com.kms.katalon.core.main.TestCaseMain$startTestSuite$0.call(Unknown Source)
	at TempTestSuite1550476757023.run(TempTestSuite1550476757023.groovy:36)


2019-02-18 16:39:18 - [TEST_STEP][PASSED] - openBrowser(""): Browser is opened with url: ''

2019-02-18 16:39:18 - [MESSAGE][WARNING] - A browser is already opened. Closing browser and opening a new one

2019-02-18 16:39:20 - [MESSAGE][INFO] - Starting 'Chrome' driver

2019-02-18 16:39:20 - [MESSAGE][INFO] - User set preference: ['args', '[--start-maximized]']

2019-02-18 16:39:24 - [MESSAGE][PASSED] - Browser is opened with url: ''

2019-02-18 16:39:24 - [TEST_STEP][PASSED] - navigateToUrl(Internal_Login): Navigate to 'http://10.20.24.188/eisportal/user/login' successfully

2019-02-18 16:39:25 - [MESSAGE][PASSED] - Navigate to 'http://10.20.24.188/eisportal/user/login' successfully

2019-02-18 16:39:25 - [TEST_STEP][PASSED] - delay(3): Delayed 3 second(s)

2019-02-18 16:39:28 - [MESSAGE][PASSED] - Delayed 3 second(s)

2019-02-18 16:39:28 - [TEST_STEP][PASSED] - setText(findTestObject("KeatMun/Form 7_default/OTC_Application_Reg/Page_PERKESO/1.username"), "faizal.hamid@perkeso.gov.my"): Text 'faizal.hamid@perkeso.gov.my' is set on object 'Object Repository/KeatMun/Form 7_default/OTC_Application_Reg/Page_PERKESO/1.username'

2019-02-18 16:39:33 - [MESSAGE][PASSED] - Text 'faizal.hamid@perkeso.gov.my' is set on object 'Object Repository/KeatMun/Form 7_default/OTC_Application_Reg/Page_PERKESO/1.username'

2019-02-18 16:39:33 - [TEST_STEP][PASSED] - delay(1): Delayed 1 second(s)

2019-02-18 16:39:34 - [MESSAGE][PASSED] - Delayed 1 second(s)

2019-02-18 16:39:34 - [TEST_STEP][PASSED] - setEncryptedText(findTestObject("KeatMun/Form 7_default/OTC_Application_Reg/Page_PERKESO/2.password"), "CQqwFZlbeC8="): Text ****** has been set on object 'Object Repository/KeatMun/Form 7_default/OTC_Application_Reg/Page_PERKESO/2.password'

2019-02-18 16:39:37 - [MESSAGE][PASSED] - Text ****** has been set on object 'Object Repository/KeatMun/Form 7_default/OTC_Application_Reg/Page_PERKESO/2.password'

2019-02-18 16:39:37 - [TEST_STEP][PASSED] - delay(2): Delayed 2 second(s)

2019-02-18 16:39:39 - [MESSAGE][PASSED] - Delayed 2 second(s)

2019-02-18 16:39:39 - [TEST_STEP][PASSED] - click(findTestObject("KeatMun/Form 7_default/OTC_Application_Reg/Page_PERKESO/3.login button")): Object: 'Object Repository/KeatMun/Form 7_default/OTC_Application_Reg/Page_PERKESO/3.login button' is clicked on

2019-02-18 16:39:42 - [MESSAGE][PASSED] - Object: 'Object Repository/KeatMun/Form 7_default/OTC_Application_Reg/Page_PERKESO/3.login button' is clicked on

2019-02-18 16:39:42 - [TEST_STEP][PASSED] - delay(2): Delayed 2 second(s)

2019-02-18 16:39:44 - [MESSAGE][PASSED] - Delayed 2 second(s)

2019-02-18 16:39:44 - [TEST_STEP][PASSED] - click(findTestObject("KeatMun/Form 7_default/OTC_Application_Reg/Page_PERKESO/4. Permohonan tab")): Object: 'Object Repository/KeatMun/Form 7_default/OTC_Application_Reg/Page_PERKESO/4. Permohonan tab' is clicked on

2019-02-18 16:39:47 - [MESSAGE][PASSED] - Object: 'Object Repository/KeatMun/Form 7_default/OTC_Application_Reg/Page_PERKESO/4. Permohonan tab' is clicked on

2019-02-18 16:39:47 - [TEST_STEP][PASSED] - delay(2): Delayed 2 second(s)

2019-02-18 16:39:49 - [MESSAGE][PASSED] - Delayed 2 second(s)

2019-02-18 16:39:49 - [TEST_STEP][PASSED] - click(findTestObject("KeatMun/Form 7_default/OTC_Application_Reg/Page_PERKESO/5.button_Setuju")): Object: 'Object Repository/KeatMun/Form 7_default/OTC_Application_Reg/Page_PERKESO/5.button_Setuju' is clicked on

2019-02-18 16:39:51 - [MESSAGE][PASSED] - Object: 'Object Repository/KeatMun/Form 7_default/OTC_Application_Reg/Page_PERKESO/5.button_Setuju' is clicked on

2019-02-18 16:39:51 - [TEST_STEP][PASSED] - delay(2): Delayed 2 second(s)

2019-02-18 16:39:53 - [MESSAGE][PASSED] - Delayed 2 second(s)

2019-02-18 16:39:53 - [TEST_STEP][PASSED] - IC = "950000140036": null

2019-02-18 16:39:53 - [TEST_STEP][PASSED] - setText(findTestObject("KeatMun/Form 7_default/OTC_Application_Reg/Page_PERKESO/6.No. Kad Pengenalan"), IC): Text '950000140036' is set on object 'Object Repository/KeatMun/Form 7_default/OTC_Application_Reg/Page_PERKESO/6.No. Kad Pengenalan'

2019-02-18 16:39:58 - [MESSAGE][PASSED] - Text '950000140036' is set on object 'Object Repository/KeatMun/Form 7_default/OTC_Application_Reg/Page_PERKESO/6.No. Kad Pengenalan'

2019-02-18 16:39:58 - [TEST_STEP][PASSED] - callTestCase(findTestCase("All TC/Arranged/1. Common/1.2 Setter/Setter IC"), [:], STOP_ON_FAILURE): Call Test Case 'Test Cases/All TC/Arranged/1. Common/1.2 Setter/Setter IC' successfully

2019-02-18 16:39:58 - [TEST_CASE][PASSED] - Test Cases/All TC/Arranged/1. Common/1.2 Setter/Setter IC: Test Cases/All TC/Arranged/1. Common/1.2 Setter/Setter IC

2019-02-18 16:39:58 - [TEST_STEP][PASSED] - RefNoOldFile = new java.io.File((internal.GlobalVariable.TextFilePathCommon + \getIC.txt)): null

2019-02-18 16:39:58 - [TEST_STEP][PASSED] - RefNoOldFile.delete(): null

2019-02-18 16:39:58 - [TEST_STEP][PASSED] - delay(5): Delayed 5 second(s)

2019-02-18 16:40:03 - [MESSAGE][PASSED] - Delayed 5 second(s)

2019-02-18 16:40:03 - [TEST_STEP][PASSED] - RefNo = new java.io.File((internal.GlobalVariable.TextFilePathCommon + \getIC.txt)): null

2019-02-18 16:40:03 - [TEST_STEP][PASSED] - f2 = new java.io.FileWriter(RefNo, false): null

2019-02-18 16:40:03 - [TEST_STEP][PASSED] - f2.write(IC): null

2019-02-18 16:40:03 - [TEST_STEP][PASSED] - f2.close(): null

2019-02-18 16:40:03 - [TEST_STEP][PASSED] - out.println("


" + IC + "


"): null

2019-02-18 16:40:03 - [MESSAGE][PASSED] - Call Test Case 'Test Cases/All TC/Arranged/1. Common/1.2 Setter/Setter IC' successfully

2019-02-18 16:40:03 - [TEST_STEP][PASSED] - delay(2): Delayed 2 second(s)

2019-02-18 16:40:05 - [MESSAGE][PASSED] - Delayed 2 second(s)

2019-02-18 16:40:05 - [TEST_STEP][PASSED] - click(findTestObject("KeatMun/Form 7_default/OTC_Application_Reg/Page_PERKESO/7.button_Semak")): Object: 'Object Repository/KeatMun/Form 7_default/OTC_Application_Reg/Page_PERKESO/7.button_Semak' is clicked on

2019-02-18 16:40:07 - [MESSAGE][PASSED] - Object: 'Object Repository/KeatMun/Form 7_default/OTC_Application_Reg/Page_PERKESO/7.button_Semak' is clicked on

2019-02-18 16:40:07 - [TEST_STEP][PASSED] - delay(4): Delayed 4 second(s)

2019-02-18 16:40:11 - [MESSAGE][PASSED] - Delayed 4 second(s)

2019-02-18 16:40:11 - [TEST_STEP][PASSED] - click(findTestObject("KeatMun/Form 7_default/OTC_Application_Reg/Page_PERKESO/8. Nama Majikan Dropdown")): Object: 'Object Repository/KeatMun/Form 7_default/OTC_Application_Reg/Page_PERKESO/8. Nama Majikan Dropdown' is clicked on

2019-02-18 16:40:13 - [MESSAGE][PASSED] - Object: 'Object Repository/KeatMun/Form 7_default/OTC_Application_Reg/Page_PERKESO/8. Nama Majikan Dropdown' is clicked on

2019-02-18 16:40:13 - [TEST_STEP][PASSED] - setText(findTestObject("KeatMun/Form 7_default/OTC_Application_Reg/Page_PERKESO/8. LOE emp"), "mon"): Text 'mon' is set on object 'Object Repository/KeatMun/Form 7_default/OTC_Application_Reg/Page_PERKESO/8. LOE emp'

2019-02-18 16:40:17 - [MESSAGE][PASSED] - Text 'mon' is set on object 'Object Repository/KeatMun/Form 7_default/OTC_Application_Reg/Page_PERKESO/8. LOE emp'

2019-02-18 16:40:17 - [TEST_STEP][PASSED] - click(findTestObject("KeatMun/Form 7_default/OTC_Application_Reg/Page_PERKESO/8. MONSOON MOTEL")): Object: 'Object Repository/KeatMun/Form 7_default/OTC_Application_Reg/Page_PERKESO/8. MONSOON MOTEL' is clicked on

2019-02-18 16:40:19 - [MESSAGE][PASSED] - Object: 'Object Repository/KeatMun/Form 7_default/OTC_Application_Reg/Page_PERKESO/8. MONSOON MOTEL' is clicked on

2019-02-18 16:40:19 - [TEST_STEP][PASSED] - delay(2): Delayed 2 second(s)

2019-02-18 16:40:22 - [MESSAGE][PASSED] - Delayed 2 second(s)

2019-02-18 16:40:22 - [TEST_STEP][PASSED] - setText(findTestObject("KeatMun/Form 7_default/OTC_Application_Reg/Page_PERKESO/9.Tarikh kehilangan pkj"), "10/01/2019"): Text '10/01/2019' is set on object 'Object Repository/KeatMun/Form 7_default/OTC_Application_Reg/Page_PERKESO/9.Tarikh kehilangan pkj'

2019-02-18 16:40:26 - [MESSAGE][PASSED] - Text '10/01/2019' is set on object 'Object Repository/KeatMun/Form 7_default/OTC_Application_Reg/Page_PERKESO/9.Tarikh kehilangan pkj'

2019-02-18 16:40:26 - [TEST_STEP][PASSED] - delay(2): Delayed 2 second(s)

2019-02-18 16:40:28 - [MESSAGE][PASSED] - Delayed 2 second(s)

2019-02-18 16:40:28 - [TEST_STEP][PASSED] - click(findTestObject("KeatMun/Form 7_default/OTC_Application_Reg/Page_PERKESO/9. Date Picker Done Button ")): Object: 'Object Repository/KeatMun/Form 7_default/OTC_Application_Reg/Page_PERKESO/9. Date Picker Done Button ' is clicked on

2019-02-18 16:40:30 - [MESSAGE][PASSED] - Object: 'Object Repository/KeatMun/Form 7_default/OTC_Application_Reg/Page_PERKESO/9. Date Picker Done Button ' is clicked on

2019-02-18 16:40:30 - [TEST_STEP][PASSED] - delay(2): Delayed 2 second(s)

2019-02-18 16:40:32 - [MESSAGE][PASSED] - Delayed 2 second(s)

2019-02-18 16:40:32 - [TEST_STEP][PASSED] - click(findTestObject("KeatMun/Form 7_default/OTC_Application_Reg/Page_PERKESO/10.button_Mohon")): Object: 'Object Repository/KeatMun/Form 7_default/OTC_Application_Reg/Page_PERKESO/10.button_Mohon' is clicked on

2019-02-18 16:40:34 - [MESSAGE][PASSED] - Object: 'Object Repository/KeatMun/Form 7_default/OTC_Application_Reg/Page_PERKESO/10.button_Mohon' is clicked on

2019-02-18 16:40:34 - [TEST_STEP][PASSED] - delay(2): Delayed 2 second(s)

2019-02-18 16:40:36 - [MESSAGE][PASSED] - Delayed 2 second(s)

2019-02-18 16:40:36 - [TEST_STEP][FAILED] - setText(findTestObject("KeatMun/Form 7_default/OTC_Application_Reg/Page_PERKESO/11.Tarikh Terima_stampedDtS"), "10/01/2019"): setText(findTestObject("KeatMun/Form 7_default/OTC_Application_Reg/Page_PERKESO/11.Tarikh Terima_stampedDtS"), "10/01/2019") FAILED.
Reason:
com.kms.katalon.core.exception.StepFailedException: Unable to set text '10/01/2019' of object 'Object Repository/KeatMun/Form 7_default/OTC_Application_Reg/Page_PERKESO/11.Tarikh Terima_stampedDtS' (Root cause: com.kms.katalon.core.webui.exception.WebElementNotFoundException: Web element with id: 'Object Repository/KeatMun/Form 7_default/OTC_Application_Reg/Page_PERKESO/11.Tarikh Terima_stampedDtS' located by 'By.xpath: //input[@id = 'stampedDtStr' and @name = 'stampedDtStr' and @type = 'text']' not found)
	at com.kms.katalon.core.keyword.internal.KeywordMain.stepFailed(KeywordMain.groovy:36)
	at com.kms.katalon.core.webui.keyword.internal.WebUIKeywordMain.stepFailed(WebUIKeywordMain.groovy:65)
	at com.kms.katalon.core.webui.keyword.internal.WebUIKeywordMain.runKeyword(WebUIKeywordMain.groovy:27)
	at com.kms.katalon.core.webui.keyword.builtin.SetTextKeyword.setText(SetTextKeyword.groovy:65)
	at com.kms.katalon.core.webui.keyword.builtin.SetTextKeyword.execute(SetTextKeyword.groovy:37)
	at com.kms.katalon.core.keyword.internal.KeywordExecutor.executeKeywordForPlatform(KeywordExecutor.groovy:53)
	at com.kms.katalon.core.webui.keyword.WebUiBuiltInKeywords.setText(WebUiBuiltInKeywords.groovy:950)
	at com.kms.katalon.core.webui.keyword.WebUiBuiltInKeywords$setText$1.call(Unknown Source)
	at OTC_Application_Reg.run(OTC_Application_Reg:74)
	at com.kms.katalon.core.main.ScriptEngine.run(ScriptEngine.java:194)
	at com.kms.katalon.core.main.ScriptEngine.runScriptAsRawText(ScriptEngine.java:119)
	at com.kms.katalon.core.main.TestCaseExecutor.runScript(TestCaseExecutor.java:328)
	at com.kms.katalon.core.main.TestCaseExecutor.doExecute(TestCaseExecutor.java:319)
	at com.kms.katalon.core.main.TestCaseExecutor.processExecutionPhase(TestCaseExecutor.java:298)
	at com.kms.katalon.core.main.TestCaseExecutor.accessMainPhase(TestCaseExecutor.java:290)
	at com.kms.katalon.core.main.TestCaseExecutor.execute(TestCaseExecutor.java:224)
	at com.kms.katalon.core.main.TestCaseMain.runTestCase(TestCaseMain.java:106)
	at com.kms.katalon.core.keyword.builtin.CallTestCaseKeyword$_callTestCase_closure1.doCall(CallTestCaseKeyword.groovy:59)
	at com.kms.katalon.core.keyword.builtin.CallTestCaseKeyword$_callTestCase_closure1.call(CallTestCaseKeyword.groovy)
	at com.kms.katalon.core.keyword.internal.KeywordMain.runKeyword(KeywordMain.groovy:54)
	at com.kms.katalon.core.keyword.builtin.CallTestCaseKeyword.callTestCase(CallTestCaseKeyword.groovy:80)
	at com.kms.katalon.core.keyword.builtin.CallTestCaseKeyword.execute(CallTestCaseKeyword.groovy:44)
	at com.kms.katalon.core.keyword.internal.KeywordExecutor.executeKeywordForPlatform(KeywordExecutor.groovy:53)
	at com.kms.katalon.core.keyword.BuiltinKeywords.callTestCase(BuiltinKeywords.groovy:334)
	at OTC_Submit Form 7_End to End - Cheque.run(OTC_Submit Form 7_End to End - Cheque:16)
	at com.kms.katalon.core.main.ScriptEngine.run(ScriptEngine.java:194)
	at com.kms.katalon.core.main.ScriptEngine.runScriptAsRawText(ScriptEngine.java:119)
	at com.kms.katalon.core.main.TestCaseExecutor.runScript(TestCaseExecutor.java:328)
	at com.kms.katalon.core.main.TestCaseExecutor.doExecute(TestCaseExecutor.java:319)
	at com.kms.katalon.core.main.TestCaseExecutor.processExecutionPhase(TestCaseExecutor.java:298)
	at com.kms.katalon.core.main.TestCaseExecutor.accessMainPhase(TestCaseExecutor.java:290)
	at com.kms.katalon.core.main.TestCaseExecutor.execute(TestCaseExecutor.java:224)
	at com.kms.katalon.core.main.TestCaseMain.runTestCase(TestCaseMain.java:106)
	at com.kms.katalon.core.keyword.builtin.CallTestCaseKeyword$_callTestCase_closure1.doCall(CallTestCaseKeyword.groovy:59)
	at com.kms.katalon.core.keyword.builtin.CallTestCaseKeyword$_callTestCase_closure1.call(CallTestCaseKeyword.groovy)
	at com.kms.katalon.core.keyword.internal.KeywordMain.runKeyword(KeywordMain.groovy:54)
	at com.kms.katalon.core.keyword.builtin.CallTestCaseKeyword.callTestCase(CallTestCaseKeyword.groovy:80)
	at com.kms.katalon.core.keyword.builtin.CallTestCaseKeyword.execute(CallTestCaseKeyword.groovy:44)
	at com.kms.katalon.core.keyword.internal.KeywordExecutor.executeKeywordForPlatform(KeywordExecutor.groovy:53)
	at com.kms.katalon.core.keyword.BuiltinKeywords.callTestCase(BuiltinKeywords.groovy:334)
	at Cross branch - EIO.run(Cross branch - EIO:16)
	at com.kms.katalon.core.main.ScriptEngine.run(ScriptEngine.java:194)
	at com.kms.katalon.core.main.ScriptEngine.runScriptAsRawText(ScriptEngine.java:119)
	at com.kms.katalon.core.main.TestCaseExecutor.runScript(TestCaseExecutor.java:328)
	at com.kms.katalon.core.main.TestCaseExecutor.doExecute(TestCaseExecutor.java:319)
	at com.kms.katalon.core.main.TestCaseExecutor.processExecutionPhase(TestCaseExecutor.java:298)
	at com.kms.katalon.core.main.TestCaseExecutor.accessMainPhase(TestCaseExecutor.java:290)
	at com.kms.katalon.core.main.TestCaseExecutor.execute(TestCaseExecutor.java:224)
	at com.kms.katalon.core.main.TestSuiteExecutor.accessTestCaseMainPhase(TestSuiteExecutor.java:129)
	at com.kms.katalon.core.main.TestSuiteExecutor.accessTestSuiteMainPhase(TestSuiteExecutor.java:112)
	at com.kms.katalon.core.main.TestSuiteExecutor.execute(TestSuiteExecutor.java:81)
	at com.kms.katalon.core.main.TestCaseMain.startTestSuite(TestCaseMain.java:149)
	at com.kms.katalon.core.main.TestCaseMain$startTestSuite$0.call(Unknown Source)
	at TempTestSuite1550476757023.run(TempTestSuite1550476757023.groovy:36)


2019-02-18 16:41:06 - [MESSAGE][INFO] - Unable to find the element located by 'By.xpath: //input[@id = 'stampedDtStr' and @name = 'stampedDtStr' and @type = 'text']'. Please recheck the objects properties to make sure the desired element is located. 

2019-02-18 16:41:08 - [MESSAGE][FAILED] - Unable to set text '10/01/2019' of object 'Object Repository/KeatMun/Form 7_default/OTC_Application_Reg/Page_PERKESO/11.Tarikh Terima_stampedDtS' (Root cause: com.kms.katalon.core.webui.exception.WebElementNotFoundException: Web element with id: 'Object Repository/KeatMun/Form 7_default/OTC_Application_Reg/Page_PERKESO/11.Tarikh Terima_stampedDtS' located by 'By.xpath: //input[@id = 'stampedDtStr' and @name = 'stampedDtStr' and @type = 'text']' not found)
[[ATTACHMENT|C:\\Users\\Admin\\Documents\\GitHub\\PKSKatalon\\PKS-EI-ES\\Reports\\New Test Suite\\20190218_155917\\1550479266981.png]]

2019-02-18 16:41:08 - [MESSAGE][FAILED] - setText(findTestObject("KeatMun/Form 7_default/OTC_Application_Reg/Page_PERKESO/11.Tarikh Terima_stampedDtS"), "10/01/2019") FAILED.
Reason:
com.kms.katalon.core.exception.StepFailedException: Unable to set text '10/01/2019' of object 'Object Repository/KeatMun/Form 7_default/OTC_Application_Reg/Page_PERKESO/11.Tarikh Terima_stampedDtS' (Root cause: com.kms.katalon.core.webui.exception.WebElementNotFoundException: Web element with id: 'Object Repository/KeatMun/Form 7_default/OTC_Application_Reg/Page_PERKESO/11.Tarikh Terima_stampedDtS' located by 'By.xpath: //input[@id = 'stampedDtStr' and @name = 'stampedDtStr' and @type = 'text']' not found)
	at com.kms.katalon.core.keyword.internal.KeywordMain.stepFailed(KeywordMain.groovy:36)
	at com.kms.katalon.core.webui.keyword.internal.WebUIKeywordMain.stepFailed(WebUIKeywordMain.groovy:65)
	at com.kms.katalon.core.webui.keyword.internal.WebUIKeywordMain.runKeyword(WebUIKeywordMain.groovy:27)
	at com.kms.katalon.core.webui.keyword.builtin.SetTextKeyword.setText(SetTextKeyword.groovy:65)
	at com.kms.katalon.core.webui.keyword.builtin.SetTextKeyword.execute(SetTextKeyword.groovy:37)
	at com.kms.katalon.core.keyword.internal.KeywordExecutor.executeKeywordForPlatform(KeywordExecutor.groovy:53)
	at com.kms.katalon.core.webui.keyword.WebUiBuiltInKeywords.setText(WebUiBuiltInKeywords.groovy:950)
	at com.kms.katalon.core.webui.keyword.WebUiBuiltInKeywords$setText$1.call(Unknown Source)
	at OTC_Application_Reg.run(OTC_Application_Reg:74)
	at com.kms.katalon.core.main.ScriptEngine.run(ScriptEngine.java:194)
	at com.kms.katalon.core.main.ScriptEngine.runScriptAsRawText(ScriptEngine.java:119)
	at com.kms.katalon.core.main.TestCaseExecutor.runScript(TestCaseExecutor.java:328)
	at com.kms.katalon.core.main.TestCaseExecutor.doExecute(TestCaseExecutor.java:319)
	at com.kms.katalon.core.main.TestCaseExecutor.processExecutionPhase(TestCaseExecutor.java:298)
	at com.kms.katalon.core.main.TestCaseExecutor.accessMainPhase(TestCaseExecutor.java:290)
	at com.kms.katalon.core.main.TestCaseExecutor.execute(TestCaseExecutor.java:224)
	at com.kms.katalon.core.main.TestCaseMain.runTestCase(TestCaseMain.java:106)
	at com.kms.katalon.core.keyword.builtin.CallTestCaseKeyword$_callTestCase_closure1.doCall(CallTestCaseKeyword.groovy:59)
	at com.kms.katalon.core.keyword.builtin.CallTestCaseKeyword$_callTestCase_closure1.call(CallTestCaseKeyword.groovy)
	at com.kms.katalon.core.keyword.internal.KeywordMain.runKeyword(KeywordMain.groovy:54)
	at com.kms.katalon.core.keyword.builtin.CallTestCaseKeyword.callTestCase(CallTestCaseKeyword.groovy:80)
	at com.kms.katalon.core.keyword.builtin.CallTestCaseKeyword.execute(CallTestCaseKeyword.groovy:44)
	at com.kms.katalon.core.keyword.internal.KeywordExecutor.executeKeywordForPlatform(KeywordExecutor.groovy:53)
	at com.kms.katalon.core.keyword.BuiltinKeywords.callTestCase(BuiltinKeywords.groovy:334)
	at OTC_Submit Form 7_End to End - Cheque.run(OTC_Submit Form 7_End to End - Cheque:16)
	at com.kms.katalon.core.main.ScriptEngine.run(ScriptEngine.java:194)
	at com.kms.katalon.core.main.ScriptEngine.runScriptAsRawText(ScriptEngine.java:119)
	at com.kms.katalon.core.main.TestCaseExecutor.runScript(TestCaseExecutor.java:328)
	at com.kms.katalon.core.main.TestCaseExecutor.doExecute(TestCaseExecutor.java:319)
	at com.kms.katalon.core.main.TestCaseExecutor.processExecutionPhase(TestCaseExecutor.java:298)
	at com.kms.katalon.core.main.TestCaseExecutor.accessMainPhase(TestCaseExecutor.java:290)
	at com.kms.katalon.core.main.TestCaseExecutor.execute(TestCaseExecutor.java:224)
	at com.kms.katalon.core.main.TestCaseMain.runTestCase(TestCaseMain.java:106)
	at com.kms.katalon.core.keyword.builtin.CallTestCaseKeyword$_callTestCase_closure1.doCall(CallTestCaseKeyword.groovy:59)
	at com.kms.katalon.core.keyword.builtin.CallTestCaseKeyword$_callTestCase_closure1.call(CallTestCaseKeyword.groovy)
	at com.kms.katalon.core.keyword.internal.KeywordMain.runKeyword(KeywordMain.groovy:54)
	at com.kms.katalon.core.keyword.builtin.CallTestCaseKeyword.callTestCase(CallTestCaseKeyword.groovy:80)
	at com.kms.katalon.core.keyword.builtin.CallTestCaseKeyword.execute(CallTestCaseKeyword.groovy:44)
	at com.kms.katalon.core.keyword.internal.KeywordExecutor.executeKeywordForPlatform(KeywordExecutor.groovy:53)
	at com.kms.katalon.core.keyword.BuiltinKeywords.callTestCase(BuiltinKeywords.groovy:334)
	at Cross branch - EIO.run(Cross branch - EIO:16)
	at com.kms.katalon.core.main.ScriptEngine.run(ScriptEngine.java:194)
	at com.kms.katalon.core.main.ScriptEngine.runScriptAsRawText(ScriptEngine.java:119)
	at com.kms.katalon.core.main.TestCaseExecutor.runScript(TestCaseExecutor.java:328)
	at com.kms.katalon.core.main.TestCaseExecutor.doExecute(TestCaseExecutor.java:319)
	at com.kms.katalon.core.main.TestCaseExecutor.processExecutionPhase(TestCaseExecutor.java:298)
	at com.kms.katalon.core.main.TestCaseExecutor.accessMainPhase(TestCaseExecutor.java:290)
	at com.kms.katalon.core.main.TestCaseExecutor.execute(TestCaseExecutor.java:224)
	at com.kms.katalon.core.main.TestSuiteExecutor.accessTestCaseMainPhase(TestSuiteExecutor.java:129)
	at com.kms.katalon.core.main.TestSuiteExecutor.accessTestSuiteMainPhase(TestSuiteExecutor.java:112)
	at com.kms.katalon.core.main.TestSuiteExecutor.execute(TestSuiteExecutor.java:81)
	at com.kms.katalon.core.main.TestCaseMain.startTestSuite(TestCaseMain.java:149)
	at com.kms.katalon.core.main.TestCaseMain$startTestSuite$0.call(Unknown Source)
	at TempTestSuite1550476757023.run(TempTestSuite1550476757023.groovy:36)


2019-02-18 16:41:08 - [MESSAGE][FAILED] - Unable to call Test Case 'Test Cases/All TC/Arranged/3. Unit/EI/Form 7_default/OTC_Application_Reg' (Root cause: com.kms.katalon.core.exception.StepFailedException: Call Test Case 'Test Cases/All TC/Arranged/3. Unit/EI/Form 7_default/OTC_Application_Reg' failed)

2019-02-18 16:41:08 - [MESSAGE][FAILED] - callTestCase(findTestCase("All TC/Arranged/3. Unit/EI/Form 7_default/OTC_Application_Reg"), [:], STOP_ON_FAILURE) FAILED.
Reason:
com.kms.katalon.core.exception.StepFailedException: Unable to set text '10/01/2019' of object 'Object Repository/KeatMun/Form 7_default/OTC_Application_Reg/Page_PERKESO/11.Tarikh Terima_stampedDtS' (Root cause: com.kms.katalon.core.webui.exception.WebElementNotFoundException: Web element with id: 'Object Repository/KeatMun/Form 7_default/OTC_Application_Reg/Page_PERKESO/11.Tarikh Terima_stampedDtS' located by 'By.xpath: //input[@id = 'stampedDtStr' and @name = 'stampedDtStr' and @type = 'text']' not found)
	at com.kms.katalon.core.keyword.internal.KeywordMain.stepFailed(KeywordMain.groovy:36)
	at com.kms.katalon.core.webui.keyword.internal.WebUIKeywordMain.stepFailed(WebUIKeywordMain.groovy:65)
	at com.kms.katalon.core.webui.keyword.internal.WebUIKeywordMain.runKeyword(WebUIKeywordMain.groovy:27)
	at com.kms.katalon.core.webui.keyword.builtin.SetTextKeyword.setText(SetTextKeyword.groovy:65)
	at com.kms.katalon.core.webui.keyword.builtin.SetTextKeyword.execute(SetTextKeyword.groovy:37)
	at com.kms.katalon.core.keyword.internal.KeywordExecutor.executeKeywordForPlatform(KeywordExecutor.groovy:53)
	at com.kms.katalon.core.webui.keyword.WebUiBuiltInKeywords.setText(WebUiBuiltInKeywords.groovy:950)
	at com.kms.katalon.core.webui.keyword.WebUiBuiltInKeywords$setText$1.call(Unknown Source)
	at OTC_Application_Reg.run(OTC_Application_Reg:74)
	at com.kms.katalon.core.main.ScriptEngine.run(ScriptEngine.java:194)
	at com.kms.katalon.core.main.ScriptEngine.runScriptAsRawText(ScriptEngine.java:119)
	at com.kms.katalon.core.main.TestCaseExecutor.runScript(TestCaseExecutor.java:328)
	at com.kms.katalon.core.main.TestCaseExecutor.doExecute(TestCaseExecutor.java:319)
	at com.kms.katalon.core.main.TestCaseExecutor.processExecutionPhase(TestCaseExecutor.java:298)
	at com.kms.katalon.core.main.TestCaseExecutor.accessMainPhase(TestCaseExecutor.java:290)
	at com.kms.katalon.core.main.TestCaseExecutor.execute(TestCaseExecutor.java:224)
	at com.kms.katalon.core.main.TestCaseMain.runTestCase(TestCaseMain.java:106)
	at com.kms.katalon.core.keyword.builtin.CallTestCaseKeyword$_callTestCase_closure1.doCall(CallTestCaseKeyword.groovy:59)
	at com.kms.katalon.core.keyword.builtin.CallTestCaseKeyword$_callTestCase_closure1.call(CallTestCaseKeyword.groovy)
	at com.kms.katalon.core.keyword.internal.KeywordMain.runKeyword(KeywordMain.groovy:54)
	at com.kms.katalon.core.keyword.builtin.CallTestCaseKeyword.callTestCase(CallTestCaseKeyword.groovy:80)
	at com.kms.katalon.core.keyword.builtin.CallTestCaseKeyword.execute(CallTestCaseKeyword.groovy:44)
	at com.kms.katalon.core.keyword.internal.KeywordExecutor.executeKeywordForPlatform(KeywordExecutor.groovy:53)
	at com.kms.katalon.core.keyword.BuiltinKeywords.callTestCase(BuiltinKeywords.groovy:334)
	at OTC_Submit Form 7_End to End - Cheque.run(OTC_Submit Form 7_End to End - Cheque:16)
	at com.kms.katalon.core.main.ScriptEngine.run(ScriptEngine.java:194)
	at com.kms.katalon.core.main.ScriptEngine.runScriptAsRawText(ScriptEngine.java:119)
	at com.kms.katalon.core.main.TestCaseExecutor.runScript(TestCaseExecutor.java:328)
	at com.kms.katalon.core.main.TestCaseExecutor.doExecute(TestCaseExecutor.java:319)
	at com.kms.katalon.core.main.TestCaseExecutor.processExecutionPhase(TestCaseExecutor.java:298)
	at com.kms.katalon.core.main.TestCaseExecutor.accessMainPhase(TestCaseExecutor.java:290)
	at com.kms.katalon.core.main.TestCaseExecutor.execute(TestCaseExecutor.java:224)
	at com.kms.katalon.core.main.TestCaseMain.runTestCase(TestCaseMain.java:106)
	at com.kms.katalon.core.keyword.builtin.CallTestCaseKeyword$_callTestCase_closure1.doCall(CallTestCaseKeyword.groovy:59)
	at com.kms.katalon.core.keyword.builtin.CallTestCaseKeyword$_callTestCase_closure1.call(CallTestCaseKeyword.groovy)
	at com.kms.katalon.core.keyword.internal.KeywordMain.runKeyword(KeywordMain.groovy:54)
	at com.kms.katalon.core.keyword.builtin.CallTestCaseKeyword.callTestCase(CallTestCaseKeyword.groovy:80)
	at com.kms.katalon.core.keyword.builtin.CallTestCaseKeyword.execute(CallTestCaseKeyword.groovy:44)
	at com.kms.katalon.core.keyword.internal.KeywordExecutor.executeKeywordForPlatform(KeywordExecutor.groovy:53)
	at com.kms.katalon.core.keyword.BuiltinKeywords.callTestCase(BuiltinKeywords.groovy:334)
	at Cross branch - EIO.run(Cross branch - EIO:16)
	at com.kms.katalon.core.main.ScriptEngine.run(ScriptEngine.java:194)
	at com.kms.katalon.core.main.ScriptEngine.runScriptAsRawText(ScriptEngine.java:119)
	at com.kms.katalon.core.main.TestCaseExecutor.runScript(TestCaseExecutor.java:328)
	at com.kms.katalon.core.main.TestCaseExecutor.doExecute(TestCaseExecutor.java:319)
	at com.kms.katalon.core.main.TestCaseExecutor.processExecutionPhase(TestCaseExecutor.java:298)
	at com.kms.katalon.core.main.TestCaseExecutor.accessMainPhase(TestCaseExecutor.java:290)
	at com.kms.katalon.core.main.TestCaseExecutor.execute(TestCaseExecutor.java:224)
	at com.kms.katalon.core.main.TestSuiteExecutor.accessTestCaseMainPhase(TestSuiteExecutor.java:129)
	at com.kms.katalon.core.main.TestSuiteExecutor.accessTestSuiteMainPhase(TestSuiteExecutor.java:112)
	at com.kms.katalon.core.main.TestSuiteExecutor.execute(TestSuiteExecutor.java:81)
	at com.kms.katalon.core.main.TestCaseMain.startTestSuite(TestCaseMain.java:149)
	at com.kms.katalon.core.main.TestCaseMain$startTestSuite$0.call(Unknown Source)
	at TempTestSuite1550476757023.run(TempTestSuite1550476757023.groovy:36)


2019-02-18 16:41:09 - [MESSAGE][FAILED] - Unable to call Test Case 'Test Cases/All TC/Arranged/2. Segment/OTC_Submit Form 7_End to End - Cheque' (Root cause: com.kms.katalon.core.exception.StepFailedException: Call Test Case 'Test Cases/All TC/Arranged/2. Segment/OTC_Submit Form 7_End to End - Cheque' failed)

2019-02-18 16:41:09 - [MESSAGE][FAILED] - callTestCase(findTestCase("All TC/Arranged/2. Segment/OTC_Submit Form 7_End to End - Cheque"), [:], STOP_ON_FAILURE) FAILED.
Reason:
com.kms.katalon.core.exception.StepFailedException: Unable to set text '10/01/2019' of object 'Object Repository/KeatMun/Form 7_default/OTC_Application_Reg/Page_PERKESO/11.Tarikh Terima_stampedDtS' (Root cause: com.kms.katalon.core.webui.exception.WebElementNotFoundException: Web element with id: 'Object Repository/KeatMun/Form 7_default/OTC_Application_Reg/Page_PERKESO/11.Tarikh Terima_stampedDtS' located by 'By.xpath: //input[@id = 'stampedDtStr' and @name = 'stampedDtStr' and @type = 'text']' not found)
	at com.kms.katalon.core.keyword.internal.KeywordMain.stepFailed(KeywordMain.groovy:36)
	at com.kms.katalon.core.webui.keyword.internal.WebUIKeywordMain.stepFailed(WebUIKeywordMain.groovy:65)
	at com.kms.katalon.core.webui.keyword.internal.WebUIKeywordMain.runKeyword(WebUIKeywordMain.groovy:27)
	at com.kms.katalon.core.webui.keyword.builtin.SetTextKeyword.setText(SetTextKeyword.groovy:65)
	at com.kms.katalon.core.webui.keyword.builtin.SetTextKeyword.execute(SetTextKeyword.groovy:37)
	at com.kms.katalon.core.keyword.internal.KeywordExecutor.executeKeywordForPlatform(KeywordExecutor.groovy:53)
	at com.kms.katalon.core.webui.keyword.WebUiBuiltInKeywords.setText(WebUiBuiltInKeywords.groovy:950)
	at com.kms.katalon.core.webui.keyword.WebUiBuiltInKeywords$setText$1.call(Unknown Source)
	at OTC_Application_Reg.run(OTC_Application_Reg:74)
	at com.kms.katalon.core.main.ScriptEngine.run(ScriptEngine.java:194)
	at com.kms.katalon.core.main.ScriptEngine.runScriptAsRawText(ScriptEngine.java:119)
	at com.kms.katalon.core.main.TestCaseExecutor.runScript(TestCaseExecutor.java:328)
	at com.kms.katalon.core.main.TestCaseExecutor.doExecute(TestCaseExecutor.java:319)
	at com.kms.katalon.core.main.TestCaseExecutor.processExecutionPhase(TestCaseExecutor.java:298)
	at com.kms.katalon.core.main.TestCaseExecutor.accessMainPhase(TestCaseExecutor.java:290)
	at com.kms.katalon.core.main.TestCaseExecutor.execute(TestCaseExecutor.java:224)
	at com.kms.katalon.core.main.TestCaseMain.runTestCase(TestCaseMain.java:106)
	at com.kms.katalon.core.keyword.builtin.CallTestCaseKeyword$_callTestCase_closure1.doCall(CallTestCaseKeyword.groovy:59)
	at com.kms.katalon.core.keyword.builtin.CallTestCaseKeyword$_callTestCase_closure1.call(CallTestCaseKeyword.groovy)
	at com.kms.katalon.core.keyword.internal.KeywordMain.runKeyword(KeywordMain.groovy:54)
	at com.kms.katalon.core.keyword.builtin.CallTestCaseKeyword.callTestCase(CallTestCaseKeyword.groovy:80)
	at com.kms.katalon.core.keyword.builtin.CallTestCaseKeyword.execute(CallTestCaseKeyword.groovy:44)
	at com.kms.katalon.core.keyword.internal.KeywordExecutor.executeKeywordForPlatform(KeywordExecutor.groovy:53)
	at com.kms.katalon.core.keyword.BuiltinKeywords.callTestCase(BuiltinKeywords.groovy:334)
	at OTC_Submit Form 7_End to End - Cheque.run(OTC_Submit Form 7_End to End - Cheque:16)
	at com.kms.katalon.core.main.ScriptEngine.run(ScriptEngine.java:194)
	at com.kms.katalon.core.main.ScriptEngine.runScriptAsRawText(ScriptEngine.java:119)
	at com.kms.katalon.core.main.TestCaseExecutor.runScript(TestCaseExecutor.java:328)
	at com.kms.katalon.core.main.TestCaseExecutor.doExecute(TestCaseExecutor.java:319)
	at com.kms.katalon.core.main.TestCaseExecutor.processExecutionPhase(TestCaseExecutor.java:298)
	at com.kms.katalon.core.main.TestCaseExecutor.accessMainPhase(TestCaseExecutor.java:290)
	at com.kms.katalon.core.main.TestCaseExecutor.execute(TestCaseExecutor.java:224)
	at com.kms.katalon.core.main.TestCaseMain.runTestCase(TestCaseMain.java:106)
	at com.kms.katalon.core.keyword.builtin.CallTestCaseKeyword$_callTestCase_closure1.doCall(CallTestCaseKeyword.groovy:59)
	at com.kms.katalon.core.keyword.builtin.CallTestCaseKeyword$_callTestCase_closure1.call(CallTestCaseKeyword.groovy)
	at com.kms.katalon.core.keyword.internal.KeywordMain.runKeyword(KeywordMain.groovy:54)
	at com.kms.katalon.core.keyword.builtin.CallTestCaseKeyword.callTestCase(CallTestCaseKeyword.groovy:80)
	at com.kms.katalon.core.keyword.builtin.CallTestCaseKeyword.execute(CallTestCaseKeyword.groovy:44)
	at com.kms.katalon.core.keyword.internal.KeywordExecutor.executeKeywordForPlatform(KeywordExecutor.groovy:53)
	at com.kms.katalon.core.keyword.BuiltinKeywords.callTestCase(BuiltinKeywords.groovy:334)
	at Cross branch - EIO.run(Cross branch - EIO:16)
	at com.kms.katalon.core.main.ScriptEngine.run(ScriptEngine.java:194)
	at com.kms.katalon.core.main.ScriptEngine.runScriptAsRawText(ScriptEngine.java:119)
	at com.kms.katalon.core.main.TestCaseExecutor.runScript(TestCaseExecutor.java:328)
	at com.kms.katalon.core.main.TestCaseExecutor.doExecute(TestCaseExecutor.java:319)
	at com.kms.katalon.core.main.TestCaseExecutor.processExecutionPhase(TestCaseExecutor.java:298)
	at com.kms.katalon.core.main.TestCaseExecutor.accessMainPhase(TestCaseExecutor.java:290)
	at com.kms.katalon.core.main.TestCaseExecutor.execute(TestCaseExecutor.java:224)
	at com.kms.katalon.core.main.TestSuiteExecutor.accessTestCaseMainPhase(TestSuiteExecutor.java:129)
	at com.kms.katalon.core.main.TestSuiteExecutor.accessTestSuiteMainPhase(TestSuiteExecutor.java:112)
	at com.kms.katalon.core.main.TestSuiteExecutor.execute(TestSuiteExecutor.java:81)
	at com.kms.katalon.core.main.TestCaseMain.startTestSuite(TestCaseMain.java:149)
	at com.kms.katalon.core.main.TestCaseMain$startTestSuite$0.call(Unknown Source)
	at TempTestSuite1550476757023.run(TempTestSuite1550476757023.groovy:36)]]></system-out>
         <system-err><![CDATA[2019-02-18 16:39:18 - [TEST_CASE][FAILED] - Test Cases/All TC/Arranged/0. Full Flow/Query/Cross branch - EIO: Test Cases/All TC/Arranged/0. Full Flow/Query/Cross branch - EIO FAILED.
Reason:
com.kms.katalon.core.exception.StepFailedException: Unable to set text '10/01/2019' of object 'Object Repository/KeatMun/Form 7_default/OTC_Application_Reg/Page_PERKESO/11.Tarikh Terima_stampedDtS' (Root cause: com.kms.katalon.core.webui.exception.WebElementNotFoundException: Web element with id: 'Object Repository/KeatMun/Form 7_default/OTC_Application_Reg/Page_PERKESO/11.Tarikh Terima_stampedDtS' located by 'By.xpath: //input[@id = 'stampedDtStr' and @name = 'stampedDtStr' and @type = 'text']' not found)
	at com.kms.katalon.core.keyword.internal.KeywordMain.stepFailed(KeywordMain.groovy:36)
	at com.kms.katalon.core.webui.keyword.internal.WebUIKeywordMain.stepFailed(WebUIKeywordMain.groovy:65)
	at com.kms.katalon.core.webui.keyword.internal.WebUIKeywordMain.runKeyword(WebUIKeywordMain.groovy:27)
	at com.kms.katalon.core.webui.keyword.builtin.SetTextKeyword.setText(SetTextKeyword.groovy:65)
	at com.kms.katalon.core.webui.keyword.builtin.SetTextKeyword.execute(SetTextKeyword.groovy:37)
	at com.kms.katalon.core.keyword.internal.KeywordExecutor.executeKeywordForPlatform(KeywordExecutor.groovy:53)
	at com.kms.katalon.core.webui.keyword.WebUiBuiltInKeywords.setText(WebUiBuiltInKeywords.groovy:950)
	at com.kms.katalon.core.webui.keyword.WebUiBuiltInKeywords$setText$1.call(Unknown Source)
	at OTC_Application_Reg.run(OTC_Application_Reg:74)
	at com.kms.katalon.core.main.ScriptEngine.run(ScriptEngine.java:194)
	at com.kms.katalon.core.main.ScriptEngine.runScriptAsRawText(ScriptEngine.java:119)
	at com.kms.katalon.core.main.TestCaseExecutor.runScript(TestCaseExecutor.java:328)
	at com.kms.katalon.core.main.TestCaseExecutor.doExecute(TestCaseExecutor.java:319)
	at com.kms.katalon.core.main.TestCaseExecutor.processExecutionPhase(TestCaseExecutor.java:298)
	at com.kms.katalon.core.main.TestCaseExecutor.accessMainPhase(TestCaseExecutor.java:290)
	at com.kms.katalon.core.main.TestCaseExecutor.execute(TestCaseExecutor.java:224)
	at com.kms.katalon.core.main.TestCaseMain.runTestCase(TestCaseMain.java:106)
	at com.kms.katalon.core.keyword.builtin.CallTestCaseKeyword$_callTestCase_closure1.doCall(CallTestCaseKeyword.groovy:59)
	at com.kms.katalon.core.keyword.builtin.CallTestCaseKeyword$_callTestCase_closure1.call(CallTestCaseKeyword.groovy)
	at com.kms.katalon.core.keyword.internal.KeywordMain.runKeyword(KeywordMain.groovy:54)
	at com.kms.katalon.core.keyword.builtin.CallTestCaseKeyword.callTestCase(CallTestCaseKeyword.groovy:80)
	at com.kms.katalon.core.keyword.builtin.CallTestCaseKeyword.execute(CallTestCaseKeyword.groovy:44)
	at com.kms.katalon.core.keyword.internal.KeywordExecutor.executeKeywordForPlatform(KeywordExecutor.groovy:53)
	at com.kms.katalon.core.keyword.BuiltinKeywords.callTestCase(BuiltinKeywords.groovy:334)
	at OTC_Submit Form 7_End to End - Cheque.run(OTC_Submit Form 7_End to End - Cheque:16)
	at com.kms.katalon.core.main.ScriptEngine.run(ScriptEngine.java:194)
	at com.kms.katalon.core.main.ScriptEngine.runScriptAsRawText(ScriptEngine.java:119)
	at com.kms.katalon.core.main.TestCaseExecutor.runScript(TestCaseExecutor.java:328)
	at com.kms.katalon.core.main.TestCaseExecutor.doExecute(TestCaseExecutor.java:319)
	at com.kms.katalon.core.main.TestCaseExecutor.processExecutionPhase(TestCaseExecutor.java:298)
	at com.kms.katalon.core.main.TestCaseExecutor.accessMainPhase(TestCaseExecutor.java:290)
	at com.kms.katalon.core.main.TestCaseExecutor.execute(TestCaseExecutor.java:224)
	at com.kms.katalon.core.main.TestCaseMain.runTestCase(TestCaseMain.java:106)
	at com.kms.katalon.core.keyword.builtin.CallTestCaseKeyword$_callTestCase_closure1.doCall(CallTestCaseKeyword.groovy:59)
	at com.kms.katalon.core.keyword.builtin.CallTestCaseKeyword$_callTestCase_closure1.call(CallTestCaseKeyword.groovy)
	at com.kms.katalon.core.keyword.internal.KeywordMain.runKeyword(KeywordMain.groovy:54)
	at com.kms.katalon.core.keyword.builtin.CallTestCaseKeyword.callTestCase(CallTestCaseKeyword.groovy:80)
	at com.kms.katalon.core.keyword.builtin.CallTestCaseKeyword.execute(CallTestCaseKeyword.groovy:44)
	at com.kms.katalon.core.keyword.internal.KeywordExecutor.executeKeywordForPlatform(KeywordExecutor.groovy:53)
	at com.kms.katalon.core.keyword.BuiltinKeywords.callTestCase(BuiltinKeywords.groovy:334)
	at Cross branch - EIO.run(Cross branch - EIO:16)
	at com.kms.katalon.core.main.ScriptEngine.run(ScriptEngine.java:194)
	at com.kms.katalon.core.main.ScriptEngine.runScriptAsRawText(ScriptEngine.java:119)
	at com.kms.katalon.core.main.TestCaseExecutor.runScript(TestCaseExecutor.java:328)
	at com.kms.katalon.core.main.TestCaseExecutor.doExecute(TestCaseExecutor.java:319)
	at com.kms.katalon.core.main.TestCaseExecutor.processExecutionPhase(TestCaseExecutor.java:298)
	at com.kms.katalon.core.main.TestCaseExecutor.accessMainPhase(TestCaseExecutor.java:290)
	at com.kms.katalon.core.main.TestCaseExecutor.execute(TestCaseExecutor.java:224)
	at com.kms.katalon.core.main.TestSuiteExecutor.accessTestCaseMainPhase(TestSuiteExecutor.java:129)
	at com.kms.katalon.core.main.TestSuiteExecutor.accessTestSuiteMainPhase(TestSuiteExecutor.java:112)
	at com.kms.katalon.core.main.TestSuiteExecutor.execute(TestSuiteExecutor.java:81)
	at com.kms.katalon.core.main.TestCaseMain.startTestSuite(TestCaseMain.java:149)
	at com.kms.katalon.core.main.TestCaseMain$startTestSuite$0.call(Unknown Source)
	at TempTestSuite1550476757023.run(TempTestSuite1550476757023.groovy:36)]]></system-err>
      </testcase>
      <testcase name="Test Cases/All TC/Arranged/0. Full Flow/Disbursement end to end (EFT Reject)" classname="Test Cases/All TC/Arranged/0. Full Flow/Disbursement end to end (EFT Reject)" status="FAILED">
         <failure type="FAILED" message="Test Cases/All TC/Arranged/0. Full Flow/Disbursement end to end (EFT Reject) FAILED.
Reason:
com.kms.katalon.core.exception.StepFailedException: Unable to get text of object 'Object Repository/YongJun/Disbursement/Disbursement - EFT/DS - Pending Claim (EFT)/Page_PERKESO/Get Case ID' (Root cause: com.kms.katalon.core.webui.exception.WebElementNotFoundException: Web element with id: 'Object Repository/YongJun/Disbursement/Disbursement - EFT/DS - Pending Claim (EFT)/Page_PERKESO/Get Case ID' located by 'By.xpath: id(&quot;pendingClaimTableId&quot;)/tbody[1]/tr[@class=&quot;odd&quot;]/td[2]' not found)
	at com.kms.katalon.core.keyword.internal.KeywordMain.stepFailed(KeywordMain.groovy:36)
	at com.kms.katalon.core.webui.keyword.internal.WebUIKeywordMain.stepFailed(WebUIKeywordMain.groovy:65)
	at com.kms.katalon.core.webui.keyword.internal.WebUIKeywordMain.runKeyword(WebUIKeywordMain.groovy:27)
	at com.kms.katalon.core.webui.keyword.builtin.GetTextKeyword.getText(GetTextKeyword.groovy:88)
	at com.kms.katalon.core.webui.keyword.builtin.GetTextKeyword.execute(GetTextKeyword.groovy:67)
	at com.kms.katalon.core.keyword.internal.KeywordExecutor.executeKeywordForPlatform(KeywordExecutor.groovy:53)
	at com.kms.katalon.core.webui.keyword.WebUiBuiltInKeywords.getText(WebUiBuiltInKeywords.groovy:888)
	at com.kms.katalon.core.webui.keyword.WebUiBuiltInKeywords$getText$9.call(Unknown Source)
	at DS - Pending Claim (EFT).run(DS - Pending Claim (EFT):32)
	at com.kms.katalon.core.main.ScriptEngine.run(ScriptEngine.java:194)
	at com.kms.katalon.core.main.ScriptEngine.runScriptAsRawText(ScriptEngine.java:119)
	at com.kms.katalon.core.main.TestCaseExecutor.runScript(TestCaseExecutor.java:328)
	at com.kms.katalon.core.main.TestCaseExecutor.doExecute(TestCaseExecutor.java:319)
	at com.kms.katalon.core.main.TestCaseExecutor.processExecutionPhase(TestCaseExecutor.java:298)
	at com.kms.katalon.core.main.TestCaseExecutor.accessMainPhase(TestCaseExecutor.java:290)
	at com.kms.katalon.core.main.TestCaseExecutor.execute(TestCaseExecutor.java:224)
	at com.kms.katalon.core.main.TestCaseMain.runTestCase(TestCaseMain.java:106)
	at com.kms.katalon.core.keyword.builtin.CallTestCaseKeyword$_callTestCase_closure1.doCall(CallTestCaseKeyword.groovy:59)
	at com.kms.katalon.core.keyword.builtin.CallTestCaseKeyword$_callTestCase_closure1.call(CallTestCaseKeyword.groovy)
	at com.kms.katalon.core.keyword.internal.KeywordMain.runKeyword(KeywordMain.groovy:54)
	at com.kms.katalon.core.keyword.builtin.CallTestCaseKeyword.callTestCase(CallTestCaseKeyword.groovy:80)
	at com.kms.katalon.core.keyword.builtin.CallTestCaseKeyword.execute(CallTestCaseKeyword.groovy:44)
	at com.kms.katalon.core.keyword.internal.KeywordExecutor.executeKeywordForPlatform(KeywordExecutor.groovy:53)
	at com.kms.katalon.core.keyword.BuiltinKeywords.callTestCase(BuiltinKeywords.groovy:334)
	at Disbursement end to end (EFT Reject).run(Disbursement end to end (EFT Reject):16)
	at com.kms.katalon.core.main.ScriptEngine.run(ScriptEngine.java:194)
	at com.kms.katalon.core.main.ScriptEngine.runScriptAsRawText(ScriptEngine.java:119)
	at com.kms.katalon.core.main.TestCaseExecutor.runScript(TestCaseExecutor.java:328)
	at com.kms.katalon.core.main.TestCaseExecutor.doExecute(TestCaseExecutor.java:319)
	at com.kms.katalon.core.main.TestCaseExecutor.processExecutionPhase(TestCaseExecutor.java:298)
	at com.kms.katalon.core.main.TestCaseExecutor.accessMainPhase(TestCaseExecutor.java:290)
	at com.kms.katalon.core.main.TestCaseExecutor.execute(TestCaseExecutor.java:224)
	at com.kms.katalon.core.main.TestSuiteExecutor.accessTestCaseMainPhase(TestSuiteExecutor.java:129)
	at com.kms.katalon.core.main.TestSuiteExecutor.accessTestSuiteMainPhase(TestSuiteExecutor.java:112)
	at com.kms.katalon.core.main.TestSuiteExecutor.execute(TestSuiteExecutor.java:81)
	at com.kms.katalon.core.main.TestCaseMain.startTestSuite(TestCaseMain.java:149)
	at com.kms.katalon.core.main.TestCaseMain$startTestSuite$0.call(Unknown Source)
	at TempTestSuite1550476757023.run(TempTestSuite1550476757023.groovy:36)
"/>
         <system-out><![CDATA[2019-02-18 16:41:09 - [TEST_CASE][FAILED] - Test Cases/All TC/Arranged/0. Full Flow/Disbursement end to end (EFT Reject): Test Cases/All TC/Arranged/0. Full Flow/Disbursement end to end (EFT Reject) FAILED.
Reason:
com.kms.katalon.core.exception.StepFailedException: Unable to get text of object 'Object Repository/YongJun/Disbursement/Disbursement - EFT/DS - Pending Claim (EFT)/Page_PERKESO/Get Case ID' (Root cause: com.kms.katalon.core.webui.exception.WebElementNotFoundException: Web element with id: 'Object Repository/YongJun/Disbursement/Disbursement - EFT/DS - Pending Claim (EFT)/Page_PERKESO/Get Case ID' located by 'By.xpath: id("pendingClaimTableId")/tbody[1]/tr[@class="odd"]/td[2]' not found)
	at com.kms.katalon.core.keyword.internal.KeywordMain.stepFailed(KeywordMain.groovy:36)
	at com.kms.katalon.core.webui.keyword.internal.WebUIKeywordMain.stepFailed(WebUIKeywordMain.groovy:65)
	at com.kms.katalon.core.webui.keyword.internal.WebUIKeywordMain.runKeyword(WebUIKeywordMain.groovy:27)
	at com.kms.katalon.core.webui.keyword.builtin.GetTextKeyword.getText(GetTextKeyword.groovy:88)
	at com.kms.katalon.core.webui.keyword.builtin.GetTextKeyword.execute(GetTextKeyword.groovy:67)
	at com.kms.katalon.core.keyword.internal.KeywordExecutor.executeKeywordForPlatform(KeywordExecutor.groovy:53)
	at com.kms.katalon.core.webui.keyword.WebUiBuiltInKeywords.getText(WebUiBuiltInKeywords.groovy:888)
	at com.kms.katalon.core.webui.keyword.WebUiBuiltInKeywords$getText$9.call(Unknown Source)
	at DS - Pending Claim (EFT).run(DS - Pending Claim (EFT):32)
	at com.kms.katalon.core.main.ScriptEngine.run(ScriptEngine.java:194)
	at com.kms.katalon.core.main.ScriptEngine.runScriptAsRawText(ScriptEngine.java:119)
	at com.kms.katalon.core.main.TestCaseExecutor.runScript(TestCaseExecutor.java:328)
	at com.kms.katalon.core.main.TestCaseExecutor.doExecute(TestCaseExecutor.java:319)
	at com.kms.katalon.core.main.TestCaseExecutor.processExecutionPhase(TestCaseExecutor.java:298)
	at com.kms.katalon.core.main.TestCaseExecutor.accessMainPhase(TestCaseExecutor.java:290)
	at com.kms.katalon.core.main.TestCaseExecutor.execute(TestCaseExecutor.java:224)
	at com.kms.katalon.core.main.TestCaseMain.runTestCase(TestCaseMain.java:106)
	at com.kms.katalon.core.keyword.builtin.CallTestCaseKeyword$_callTestCase_closure1.doCall(CallTestCaseKeyword.groovy:59)
	at com.kms.katalon.core.keyword.builtin.CallTestCaseKeyword$_callTestCase_closure1.call(CallTestCaseKeyword.groovy)
	at com.kms.katalon.core.keyword.internal.KeywordMain.runKeyword(KeywordMain.groovy:54)
	at com.kms.katalon.core.keyword.builtin.CallTestCaseKeyword.callTestCase(CallTestCaseKeyword.groovy:80)
	at com.kms.katalon.core.keyword.builtin.CallTestCaseKeyword.execute(CallTestCaseKeyword.groovy:44)
	at com.kms.katalon.core.keyword.internal.KeywordExecutor.executeKeywordForPlatform(KeywordExecutor.groovy:53)
	at com.kms.katalon.core.keyword.BuiltinKeywords.callTestCase(BuiltinKeywords.groovy:334)
	at Disbursement end to end (EFT Reject).run(Disbursement end to end (EFT Reject):16)
	at com.kms.katalon.core.main.ScriptEngine.run(ScriptEngine.java:194)
	at com.kms.katalon.core.main.ScriptEngine.runScriptAsRawText(ScriptEngine.java:119)
	at com.kms.katalon.core.main.TestCaseExecutor.runScript(TestCaseExecutor.java:328)
	at com.kms.katalon.core.main.TestCaseExecutor.doExecute(TestCaseExecutor.java:319)
	at com.kms.katalon.core.main.TestCaseExecutor.processExecutionPhase(TestCaseExecutor.java:298)
	at com.kms.katalon.core.main.TestCaseExecutor.accessMainPhase(TestCaseExecutor.java:290)
	at com.kms.katalon.core.main.TestCaseExecutor.execute(TestCaseExecutor.java:224)
	at com.kms.katalon.core.main.TestSuiteExecutor.accessTestCaseMainPhase(TestSuiteExecutor.java:129)
	at com.kms.katalon.core.main.TestSuiteExecutor.accessTestSuiteMainPhase(TestSuiteExecutor.java:112)
	at com.kms.katalon.core.main.TestSuiteExecutor.execute(TestSuiteExecutor.java:81)
	at com.kms.katalon.core.main.TestCaseMain.startTestSuite(TestCaseMain.java:149)
	at com.kms.katalon.core.main.TestCaseMain$startTestSuite$0.call(Unknown Source)
	at TempTestSuite1550476757023.run(TempTestSuite1550476757023.groovy:36)


2019-02-18 16:41:10 - [TEST_STEP][FAILED] - callTestCase(findTestCase("All TC/Arranged/2. Segment/2.6 Disbursement/DS - EFT/DS - Pending Claim (EFT)"), [:], STOP_ON_FAILURE): callTestCase(findTestCase("All TC/Arranged/2. Segment/2.6 Disbursement/DS - EFT/DS - Pending Claim (EFT)"), [:], STOP_ON_FAILURE) FAILED.
Reason:
com.kms.katalon.core.exception.StepFailedException: Unable to get text of object 'Object Repository/YongJun/Disbursement/Disbursement - EFT/DS - Pending Claim (EFT)/Page_PERKESO/Get Case ID' (Root cause: com.kms.katalon.core.webui.exception.WebElementNotFoundException: Web element with id: 'Object Repository/YongJun/Disbursement/Disbursement - EFT/DS - Pending Claim (EFT)/Page_PERKESO/Get Case ID' located by 'By.xpath: id("pendingClaimTableId")/tbody[1]/tr[@class="odd"]/td[2]' not found)
	at com.kms.katalon.core.keyword.internal.KeywordMain.stepFailed(KeywordMain.groovy:36)
	at com.kms.katalon.core.webui.keyword.internal.WebUIKeywordMain.stepFailed(WebUIKeywordMain.groovy:65)
	at com.kms.katalon.core.webui.keyword.internal.WebUIKeywordMain.runKeyword(WebUIKeywordMain.groovy:27)
	at com.kms.katalon.core.webui.keyword.builtin.GetTextKeyword.getText(GetTextKeyword.groovy:88)
	at com.kms.katalon.core.webui.keyword.builtin.GetTextKeyword.execute(GetTextKeyword.groovy:67)
	at com.kms.katalon.core.keyword.internal.KeywordExecutor.executeKeywordForPlatform(KeywordExecutor.groovy:53)
	at com.kms.katalon.core.webui.keyword.WebUiBuiltInKeywords.getText(WebUiBuiltInKeywords.groovy:888)
	at com.kms.katalon.core.webui.keyword.WebUiBuiltInKeywords$getText$9.call(Unknown Source)
	at DS - Pending Claim (EFT).run(DS - Pending Claim (EFT):32)
	at com.kms.katalon.core.main.ScriptEngine.run(ScriptEngine.java:194)
	at com.kms.katalon.core.main.ScriptEngine.runScriptAsRawText(ScriptEngine.java:119)
	at com.kms.katalon.core.main.TestCaseExecutor.runScript(TestCaseExecutor.java:328)
	at com.kms.katalon.core.main.TestCaseExecutor.doExecute(TestCaseExecutor.java:319)
	at com.kms.katalon.core.main.TestCaseExecutor.processExecutionPhase(TestCaseExecutor.java:298)
	at com.kms.katalon.core.main.TestCaseExecutor.accessMainPhase(TestCaseExecutor.java:290)
	at com.kms.katalon.core.main.TestCaseExecutor.execute(TestCaseExecutor.java:224)
	at com.kms.katalon.core.main.TestCaseMain.runTestCase(TestCaseMain.java:106)
	at com.kms.katalon.core.keyword.builtin.CallTestCaseKeyword$_callTestCase_closure1.doCall(CallTestCaseKeyword.groovy:59)
	at com.kms.katalon.core.keyword.builtin.CallTestCaseKeyword$_callTestCase_closure1.call(CallTestCaseKeyword.groovy)
	at com.kms.katalon.core.keyword.internal.KeywordMain.runKeyword(KeywordMain.groovy:54)
	at com.kms.katalon.core.keyword.builtin.CallTestCaseKeyword.callTestCase(CallTestCaseKeyword.groovy:80)
	at com.kms.katalon.core.keyword.builtin.CallTestCaseKeyword.execute(CallTestCaseKeyword.groovy:44)
	at com.kms.katalon.core.keyword.internal.KeywordExecutor.executeKeywordForPlatform(KeywordExecutor.groovy:53)
	at com.kms.katalon.core.keyword.BuiltinKeywords.callTestCase(BuiltinKeywords.groovy:334)
	at Disbursement end to end (EFT Reject).run(Disbursement end to end (EFT Reject):16)
	at com.kms.katalon.core.main.ScriptEngine.run(ScriptEngine.java:194)
	at com.kms.katalon.core.main.ScriptEngine.runScriptAsRawText(ScriptEngine.java:119)
	at com.kms.katalon.core.main.TestCaseExecutor.runScript(TestCaseExecutor.java:328)
	at com.kms.katalon.core.main.TestCaseExecutor.doExecute(TestCaseExecutor.java:319)
	at com.kms.katalon.core.main.TestCaseExecutor.processExecutionPhase(TestCaseExecutor.java:298)
	at com.kms.katalon.core.main.TestCaseExecutor.accessMainPhase(TestCaseExecutor.java:290)
	at com.kms.katalon.core.main.TestCaseExecutor.execute(TestCaseExecutor.java:224)
	at com.kms.katalon.core.main.TestSuiteExecutor.accessTestCaseMainPhase(TestSuiteExecutor.java:129)
	at com.kms.katalon.core.main.TestSuiteExecutor.accessTestSuiteMainPhase(TestSuiteExecutor.java:112)
	at com.kms.katalon.core.main.TestSuiteExecutor.execute(TestSuiteExecutor.java:81)
	at com.kms.katalon.core.main.TestCaseMain.startTestSuite(TestCaseMain.java:149)
	at com.kms.katalon.core.main.TestCaseMain$startTestSuite$0.call(Unknown Source)
	at TempTestSuite1550476757023.run(TempTestSuite1550476757023.groovy:36)


2019-02-18 16:41:10 - [TEST_CASE][FAILED] - Test Cases/All TC/Arranged/2. Segment/2.6 Disbursement/DS - EFT/DS - Pending Claim (EFT): Test Cases/All TC/Arranged/2. Segment/2.6 Disbursement/DS - EFT/DS - Pending Claim (EFT) FAILED.
Reason:
com.kms.katalon.core.exception.StepFailedException: Unable to get text of object 'Object Repository/YongJun/Disbursement/Disbursement - EFT/DS - Pending Claim (EFT)/Page_PERKESO/Get Case ID' (Root cause: com.kms.katalon.core.webui.exception.WebElementNotFoundException: Web element with id: 'Object Repository/YongJun/Disbursement/Disbursement - EFT/DS - Pending Claim (EFT)/Page_PERKESO/Get Case ID' located by 'By.xpath: id("pendingClaimTableId")/tbody[1]/tr[@class="odd"]/td[2]' not found)
	at com.kms.katalon.core.keyword.internal.KeywordMain.stepFailed(KeywordMain.groovy:36)
	at com.kms.katalon.core.webui.keyword.internal.WebUIKeywordMain.stepFailed(WebUIKeywordMain.groovy:65)
	at com.kms.katalon.core.webui.keyword.internal.WebUIKeywordMain.runKeyword(WebUIKeywordMain.groovy:27)
	at com.kms.katalon.core.webui.keyword.builtin.GetTextKeyword.getText(GetTextKeyword.groovy:88)
	at com.kms.katalon.core.webui.keyword.builtin.GetTextKeyword.execute(GetTextKeyword.groovy:67)
	at com.kms.katalon.core.keyword.internal.KeywordExecutor.executeKeywordForPlatform(KeywordExecutor.groovy:53)
	at com.kms.katalon.core.webui.keyword.WebUiBuiltInKeywords.getText(WebUiBuiltInKeywords.groovy:888)
	at com.kms.katalon.core.webui.keyword.WebUiBuiltInKeywords$getText$9.call(Unknown Source)
	at DS - Pending Claim (EFT).run(DS - Pending Claim (EFT):32)
	at com.kms.katalon.core.main.ScriptEngine.run(ScriptEngine.java:194)
	at com.kms.katalon.core.main.ScriptEngine.runScriptAsRawText(ScriptEngine.java:119)
	at com.kms.katalon.core.main.TestCaseExecutor.runScript(TestCaseExecutor.java:328)
	at com.kms.katalon.core.main.TestCaseExecutor.doExecute(TestCaseExecutor.java:319)
	at com.kms.katalon.core.main.TestCaseExecutor.processExecutionPhase(TestCaseExecutor.java:298)
	at com.kms.katalon.core.main.TestCaseExecutor.accessMainPhase(TestCaseExecutor.java:290)
	at com.kms.katalon.core.main.TestCaseExecutor.execute(TestCaseExecutor.java:224)
	at com.kms.katalon.core.main.TestCaseMain.runTestCase(TestCaseMain.java:106)
	at com.kms.katalon.core.keyword.builtin.CallTestCaseKeyword$_callTestCase_closure1.doCall(CallTestCaseKeyword.groovy:59)
	at com.kms.katalon.core.keyword.builtin.CallTestCaseKeyword$_callTestCase_closure1.call(CallTestCaseKeyword.groovy)
	at com.kms.katalon.core.keyword.internal.KeywordMain.runKeyword(KeywordMain.groovy:54)
	at com.kms.katalon.core.keyword.builtin.CallTestCaseKeyword.callTestCase(CallTestCaseKeyword.groovy:80)
	at com.kms.katalon.core.keyword.builtin.CallTestCaseKeyword.execute(CallTestCaseKeyword.groovy:44)
	at com.kms.katalon.core.keyword.internal.KeywordExecutor.executeKeywordForPlatform(KeywordExecutor.groovy:53)
	at com.kms.katalon.core.keyword.BuiltinKeywords.callTestCase(BuiltinKeywords.groovy:334)
	at Disbursement end to end (EFT Reject).run(Disbursement end to end (EFT Reject):16)
	at com.kms.katalon.core.main.ScriptEngine.run(ScriptEngine.java:194)
	at com.kms.katalon.core.main.ScriptEngine.runScriptAsRawText(ScriptEngine.java:119)
	at com.kms.katalon.core.main.TestCaseExecutor.runScript(TestCaseExecutor.java:328)
	at com.kms.katalon.core.main.TestCaseExecutor.doExecute(TestCaseExecutor.java:319)
	at com.kms.katalon.core.main.TestCaseExecutor.processExecutionPhase(TestCaseExecutor.java:298)
	at com.kms.katalon.core.main.TestCaseExecutor.accessMainPhase(TestCaseExecutor.java:290)
	at com.kms.katalon.core.main.TestCaseExecutor.execute(TestCaseExecutor.java:224)
	at com.kms.katalon.core.main.TestSuiteExecutor.accessTestCaseMainPhase(TestSuiteExecutor.java:129)
	at com.kms.katalon.core.main.TestSuiteExecutor.accessTestSuiteMainPhase(TestSuiteExecutor.java:112)
	at com.kms.katalon.core.main.TestSuiteExecutor.execute(TestSuiteExecutor.java:81)
	at com.kms.katalon.core.main.TestCaseMain.startTestSuite(TestCaseMain.java:149)
	at com.kms.katalon.core.main.TestCaseMain$startTestSuite$0.call(Unknown Source)
	at TempTestSuite1550476757023.run(TempTestSuite1550476757023.groovy:36)


2019-02-18 16:41:10 - [TEST_STEP][PASSED] - openBrowser(""): Browser is opened with url: ''

2019-02-18 16:41:10 - [MESSAGE][WARNING] - A browser is already opened. Closing browser and opening a new one

2019-02-18 16:41:12 - [MESSAGE][INFO] - Starting 'Chrome' driver

2019-02-18 16:41:12 - [MESSAGE][INFO] - User set preference: ['args', '[--start-maximized]']

2019-02-18 16:41:16 - [MESSAGE][PASSED] - Browser is opened with url: ''

2019-02-18 16:41:16 - [TEST_STEP][PASSED] - maximizeWindow(): Current window maximized

2019-02-18 16:41:18 - [MESSAGE][PASSED] - Current window maximized

2019-02-18 16:41:18 - [TEST_STEP][PASSED] - navigateToUrl(Internal_Login): Navigate to 'http://10.20.24.188/eisportal/user/login' successfully

2019-02-18 16:41:20 - [MESSAGE][PASSED] - Navigate to 'http://10.20.24.188/eisportal/user/login' successfully

2019-02-18 16:41:20 - [TEST_STEP][PASSED] - delay(2): Delayed 2 second(s)

2019-02-18 16:41:22 - [MESSAGE][PASSED] - Delayed 2 second(s)

2019-02-18 16:41:22 - [TEST_STEP][PASSED] - setText(findTestObject("YongJun/Disbursement/Disbursement - EFT/DS - Pending Claim (EFT)/Page_PERKESO/DS input username"), "hq1ds@perkeso.gov.my"): Text 'hq1ds@perkeso.gov.my' is set on object 'Object Repository/YongJun/Disbursement/Disbursement - EFT/DS - Pending Claim (EFT)/Page_PERKESO/DS input username'

2019-02-18 16:41:26 - [MESSAGE][PASSED] - Text 'hq1ds@perkeso.gov.my' is set on object 'Object Repository/YongJun/Disbursement/Disbursement - EFT/DS - Pending Claim (EFT)/Page_PERKESO/DS input username'

2019-02-18 16:41:26 - [TEST_STEP][PASSED] - setEncryptedText(findTestObject("YongJun/Disbursement/Disbursement - EFT/DS - Pending Claim (EFT)/Page_PERKESO/DS input password"), "CQqwFZlbeC8="): Text ****** has been set on object 'Object Repository/YongJun/Disbursement/Disbursement - EFT/DS - Pending Claim (EFT)/Page_PERKESO/DS input password'

2019-02-18 16:41:29 - [MESSAGE][PASSED] - Text ****** has been set on object 'Object Repository/YongJun/Disbursement/Disbursement - EFT/DS - Pending Claim (EFT)/Page_PERKESO/DS input password'

2019-02-18 16:41:29 - [TEST_STEP][PASSED] - click(findTestObject("YongJun/Disbursement/Disbursement - EFT/DS - Pending Claim (EFT)/Page_PERKESO/DS click login button")): Object: 'Object Repository/YongJun/Disbursement/Disbursement - EFT/DS - Pending Claim (EFT)/Page_PERKESO/DS click login button' is clicked on

2019-02-18 16:41:32 - [MESSAGE][PASSED] - Object: 'Object Repository/YongJun/Disbursement/Disbursement - EFT/DS - Pending Claim (EFT)/Page_PERKESO/DS click login button' is clicked on

2019-02-18 16:41:32 - [TEST_STEP][PASSED] - delay(2): Delayed 2 second(s)

2019-02-18 16:41:34 - [MESSAGE][PASSED] - Delayed 2 second(s)

2019-02-18 16:41:34 - [TEST_STEP][FAILED] - EiEsCaseID = getText(findTestObject("YongJun/Disbursement/Disbursement - EFT/DS - Pending Claim (EFT)/Page_PERKESO/Get Case ID")): EiEsCaseID = getText(findTestObject("YongJun/Disbursement/Disbursement - EFT/DS - Pending Claim (EFT)/Page_PERKESO/Get Case ID")) FAILED.
Reason:
com.kms.katalon.core.exception.StepFailedException: Unable to get text of object 'Object Repository/YongJun/Disbursement/Disbursement - EFT/DS - Pending Claim (EFT)/Page_PERKESO/Get Case ID' (Root cause: com.kms.katalon.core.webui.exception.WebElementNotFoundException: Web element with id: 'Object Repository/YongJun/Disbursement/Disbursement - EFT/DS - Pending Claim (EFT)/Page_PERKESO/Get Case ID' located by 'By.xpath: id("pendingClaimTableId")/tbody[1]/tr[@class="odd"]/td[2]' not found)
	at com.kms.katalon.core.keyword.internal.KeywordMain.stepFailed(KeywordMain.groovy:36)
	at com.kms.katalon.core.webui.keyword.internal.WebUIKeywordMain.stepFailed(WebUIKeywordMain.groovy:65)
	at com.kms.katalon.core.webui.keyword.internal.WebUIKeywordMain.runKeyword(WebUIKeywordMain.groovy:27)
	at com.kms.katalon.core.webui.keyword.builtin.GetTextKeyword.getText(GetTextKeyword.groovy:88)
	at com.kms.katalon.core.webui.keyword.builtin.GetTextKeyword.execute(GetTextKeyword.groovy:67)
	at com.kms.katalon.core.keyword.internal.KeywordExecutor.executeKeywordForPlatform(KeywordExecutor.groovy:53)
	at com.kms.katalon.core.webui.keyword.WebUiBuiltInKeywords.getText(WebUiBuiltInKeywords.groovy:888)
	at com.kms.katalon.core.webui.keyword.WebUiBuiltInKeywords$getText$9.call(Unknown Source)
	at DS - Pending Claim (EFT).run(DS - Pending Claim (EFT):32)
	at com.kms.katalon.core.main.ScriptEngine.run(ScriptEngine.java:194)
	at com.kms.katalon.core.main.ScriptEngine.runScriptAsRawText(ScriptEngine.java:119)
	at com.kms.katalon.core.main.TestCaseExecutor.runScript(TestCaseExecutor.java:328)
	at com.kms.katalon.core.main.TestCaseExecutor.doExecute(TestCaseExecutor.java:319)
	at com.kms.katalon.core.main.TestCaseExecutor.processExecutionPhase(TestCaseExecutor.java:298)
	at com.kms.katalon.core.main.TestCaseExecutor.accessMainPhase(TestCaseExecutor.java:290)
	at com.kms.katalon.core.main.TestCaseExecutor.execute(TestCaseExecutor.java:224)
	at com.kms.katalon.core.main.TestCaseMain.runTestCase(TestCaseMain.java:106)
	at com.kms.katalon.core.keyword.builtin.CallTestCaseKeyword$_callTestCase_closure1.doCall(CallTestCaseKeyword.groovy:59)
	at com.kms.katalon.core.keyword.builtin.CallTestCaseKeyword$_callTestCase_closure1.call(CallTestCaseKeyword.groovy)
	at com.kms.katalon.core.keyword.internal.KeywordMain.runKeyword(KeywordMain.groovy:54)
	at com.kms.katalon.core.keyword.builtin.CallTestCaseKeyword.callTestCase(CallTestCaseKeyword.groovy:80)
	at com.kms.katalon.core.keyword.builtin.CallTestCaseKeyword.execute(CallTestCaseKeyword.groovy:44)
	at com.kms.katalon.core.keyword.internal.KeywordExecutor.executeKeywordForPlatform(KeywordExecutor.groovy:53)
	at com.kms.katalon.core.keyword.BuiltinKeywords.callTestCase(BuiltinKeywords.groovy:334)
	at Disbursement end to end (EFT Reject).run(Disbursement end to end (EFT Reject):16)
	at com.kms.katalon.core.main.ScriptEngine.run(ScriptEngine.java:194)
	at com.kms.katalon.core.main.ScriptEngine.runScriptAsRawText(ScriptEngine.java:119)
	at com.kms.katalon.core.main.TestCaseExecutor.runScript(TestCaseExecutor.java:328)
	at com.kms.katalon.core.main.TestCaseExecutor.doExecute(TestCaseExecutor.java:319)
	at com.kms.katalon.core.main.TestCaseExecutor.processExecutionPhase(TestCaseExecutor.java:298)
	at com.kms.katalon.core.main.TestCaseExecutor.accessMainPhase(TestCaseExecutor.java:290)
	at com.kms.katalon.core.main.TestCaseExecutor.execute(TestCaseExecutor.java:224)
	at com.kms.katalon.core.main.TestSuiteExecutor.accessTestCaseMainPhase(TestSuiteExecutor.java:129)
	at com.kms.katalon.core.main.TestSuiteExecutor.accessTestSuiteMainPhase(TestSuiteExecutor.java:112)
	at com.kms.katalon.core.main.TestSuiteExecutor.execute(TestSuiteExecutor.java:81)
	at com.kms.katalon.core.main.TestCaseMain.startTestSuite(TestCaseMain.java:149)
	at com.kms.katalon.core.main.TestCaseMain$startTestSuite$0.call(Unknown Source)
	at TempTestSuite1550476757023.run(TempTestSuite1550476757023.groovy:36)


2019-02-18 16:42:05 - [MESSAGE][INFO] - Unable to find the element located by 'By.xpath: id("pendingClaimTableId")/tbody[1]/tr[@class="odd"]/td[2]'. Please recheck the objects properties to make sure the desired element is located. 

2019-02-18 16:42:06 - [MESSAGE][FAILED] - Unable to get text of object 'Object Repository/YongJun/Disbursement/Disbursement - EFT/DS - Pending Claim (EFT)/Page_PERKESO/Get Case ID' (Root cause: com.kms.katalon.core.webui.exception.WebElementNotFoundException: Web element with id: 'Object Repository/YongJun/Disbursement/Disbursement - EFT/DS - Pending Claim (EFT)/Page_PERKESO/Get Case ID' located by 'By.xpath: id("pendingClaimTableId")/tbody[1]/tr[@class="odd"]/td[2]' not found)
[[ATTACHMENT|C:\\Users\\Admin\\Documents\\GitHub\\PKSKatalon\\PKS-EI-ES\\Reports\\New Test Suite\\20190218_155917\\1550479325112.png]]

2019-02-18 16:42:06 - [MESSAGE][FAILED] - EiEsCaseID = getText(findTestObject("YongJun/Disbursement/Disbursement - EFT/DS - Pending Claim (EFT)/Page_PERKESO/Get Case ID")) FAILED.
Reason:
com.kms.katalon.core.exception.StepFailedException: Unable to get text of object 'Object Repository/YongJun/Disbursement/Disbursement - EFT/DS - Pending Claim (EFT)/Page_PERKESO/Get Case ID' (Root cause: com.kms.katalon.core.webui.exception.WebElementNotFoundException: Web element with id: 'Object Repository/YongJun/Disbursement/Disbursement - EFT/DS - Pending Claim (EFT)/Page_PERKESO/Get Case ID' located by 'By.xpath: id("pendingClaimTableId")/tbody[1]/tr[@class="odd"]/td[2]' not found)
	at com.kms.katalon.core.keyword.internal.KeywordMain.stepFailed(KeywordMain.groovy:36)
	at com.kms.katalon.core.webui.keyword.internal.WebUIKeywordMain.stepFailed(WebUIKeywordMain.groovy:65)
	at com.kms.katalon.core.webui.keyword.internal.WebUIKeywordMain.runKeyword(WebUIKeywordMain.groovy:27)
	at com.kms.katalon.core.webui.keyword.builtin.GetTextKeyword.getText(GetTextKeyword.groovy:88)
	at com.kms.katalon.core.webui.keyword.builtin.GetTextKeyword.execute(GetTextKeyword.groovy:67)
	at com.kms.katalon.core.keyword.internal.KeywordExecutor.executeKeywordForPlatform(KeywordExecutor.groovy:53)
	at com.kms.katalon.core.webui.keyword.WebUiBuiltInKeywords.getText(WebUiBuiltInKeywords.groovy:888)
	at com.kms.katalon.core.webui.keyword.WebUiBuiltInKeywords$getText$9.call(Unknown Source)
	at DS - Pending Claim (EFT).run(DS - Pending Claim (EFT):32)
	at com.kms.katalon.core.main.ScriptEngine.run(ScriptEngine.java:194)
	at com.kms.katalon.core.main.ScriptEngine.runScriptAsRawText(ScriptEngine.java:119)
	at com.kms.katalon.core.main.TestCaseExecutor.runScript(TestCaseExecutor.java:328)
	at com.kms.katalon.core.main.TestCaseExecutor.doExecute(TestCaseExecutor.java:319)
	at com.kms.katalon.core.main.TestCaseExecutor.processExecutionPhase(TestCaseExecutor.java:298)
	at com.kms.katalon.core.main.TestCaseExecutor.accessMainPhase(TestCaseExecutor.java:290)
	at com.kms.katalon.core.main.TestCaseExecutor.execute(TestCaseExecutor.java:224)
	at com.kms.katalon.core.main.TestCaseMain.runTestCase(TestCaseMain.java:106)
	at com.kms.katalon.core.keyword.builtin.CallTestCaseKeyword$_callTestCase_closure1.doCall(CallTestCaseKeyword.groovy:59)
	at com.kms.katalon.core.keyword.builtin.CallTestCaseKeyword$_callTestCase_closure1.call(CallTestCaseKeyword.groovy)
	at com.kms.katalon.core.keyword.internal.KeywordMain.runKeyword(KeywordMain.groovy:54)
	at com.kms.katalon.core.keyword.builtin.CallTestCaseKeyword.callTestCase(CallTestCaseKeyword.groovy:80)
	at com.kms.katalon.core.keyword.builtin.CallTestCaseKeyword.execute(CallTestCaseKeyword.groovy:44)
	at com.kms.katalon.core.keyword.internal.KeywordExecutor.executeKeywordForPlatform(KeywordExecutor.groovy:53)
	at com.kms.katalon.core.keyword.BuiltinKeywords.callTestCase(BuiltinKeywords.groovy:334)
	at Disbursement end to end (EFT Reject).run(Disbursement end to end (EFT Reject):16)
	at com.kms.katalon.core.main.ScriptEngine.run(ScriptEngine.java:194)
	at com.kms.katalon.core.main.ScriptEngine.runScriptAsRawText(ScriptEngine.java:119)
	at com.kms.katalon.core.main.TestCaseExecutor.runScript(TestCaseExecutor.java:328)
	at com.kms.katalon.core.main.TestCaseExecutor.doExecute(TestCaseExecutor.java:319)
	at com.kms.katalon.core.main.TestCaseExecutor.processExecutionPhase(TestCaseExecutor.java:298)
	at com.kms.katalon.core.main.TestCaseExecutor.accessMainPhase(TestCaseExecutor.java:290)
	at com.kms.katalon.core.main.TestCaseExecutor.execute(TestCaseExecutor.java:224)
	at com.kms.katalon.core.main.TestSuiteExecutor.accessTestCaseMainPhase(TestSuiteExecutor.java:129)
	at com.kms.katalon.core.main.TestSuiteExecutor.accessTestSuiteMainPhase(TestSuiteExecutor.java:112)
	at com.kms.katalon.core.main.TestSuiteExecutor.execute(TestSuiteExecutor.java:81)
	at com.kms.katalon.core.main.TestCaseMain.startTestSuite(TestCaseMain.java:149)
	at com.kms.katalon.core.main.TestCaseMain$startTestSuite$0.call(Unknown Source)
	at TempTestSuite1550476757023.run(TempTestSuite1550476757023.groovy:36)


2019-02-18 16:42:06 - [MESSAGE][FAILED] - Unable to call Test Case 'Test Cases/All TC/Arranged/2. Segment/2.6 Disbursement/DS - EFT/DS - Pending Claim (EFT)' (Root cause: com.kms.katalon.core.exception.StepFailedException: Call Test Case 'Test Cases/All TC/Arranged/2. Segment/2.6 Disbursement/DS - EFT/DS - Pending Claim (EFT)' failed)

2019-02-18 16:42:06 - [MESSAGE][FAILED] - callTestCase(findTestCase("All TC/Arranged/2. Segment/2.6 Disbursement/DS - EFT/DS - Pending Claim (EFT)"), [:], STOP_ON_FAILURE) FAILED.
Reason:
com.kms.katalon.core.exception.StepFailedException: Unable to get text of object 'Object Repository/YongJun/Disbursement/Disbursement - EFT/DS - Pending Claim (EFT)/Page_PERKESO/Get Case ID' (Root cause: com.kms.katalon.core.webui.exception.WebElementNotFoundException: Web element with id: 'Object Repository/YongJun/Disbursement/Disbursement - EFT/DS - Pending Claim (EFT)/Page_PERKESO/Get Case ID' located by 'By.xpath: id("pendingClaimTableId")/tbody[1]/tr[@class="odd"]/td[2]' not found)
	at com.kms.katalon.core.keyword.internal.KeywordMain.stepFailed(KeywordMain.groovy:36)
	at com.kms.katalon.core.webui.keyword.internal.WebUIKeywordMain.stepFailed(WebUIKeywordMain.groovy:65)
	at com.kms.katalon.core.webui.keyword.internal.WebUIKeywordMain.runKeyword(WebUIKeywordMain.groovy:27)
	at com.kms.katalon.core.webui.keyword.builtin.GetTextKeyword.getText(GetTextKeyword.groovy:88)
	at com.kms.katalon.core.webui.keyword.builtin.GetTextKeyword.execute(GetTextKeyword.groovy:67)
	at com.kms.katalon.core.keyword.internal.KeywordExecutor.executeKeywordForPlatform(KeywordExecutor.groovy:53)
	at com.kms.katalon.core.webui.keyword.WebUiBuiltInKeywords.getText(WebUiBuiltInKeywords.groovy:888)
	at com.kms.katalon.core.webui.keyword.WebUiBuiltInKeywords$getText$9.call(Unknown Source)
	at DS - Pending Claim (EFT).run(DS - Pending Claim (EFT):32)
	at com.kms.katalon.core.main.ScriptEngine.run(ScriptEngine.java:194)
	at com.kms.katalon.core.main.ScriptEngine.runScriptAsRawText(ScriptEngine.java:119)
	at com.kms.katalon.core.main.TestCaseExecutor.runScript(TestCaseExecutor.java:328)
	at com.kms.katalon.core.main.TestCaseExecutor.doExecute(TestCaseExecutor.java:319)
	at com.kms.katalon.core.main.TestCaseExecutor.processExecutionPhase(TestCaseExecutor.java:298)
	at com.kms.katalon.core.main.TestCaseExecutor.accessMainPhase(TestCaseExecutor.java:290)
	at com.kms.katalon.core.main.TestCaseExecutor.execute(TestCaseExecutor.java:224)
	at com.kms.katalon.core.main.TestCaseMain.runTestCase(TestCaseMain.java:106)
	at com.kms.katalon.core.keyword.builtin.CallTestCaseKeyword$_callTestCase_closure1.doCall(CallTestCaseKeyword.groovy:59)
	at com.kms.katalon.core.keyword.builtin.CallTestCaseKeyword$_callTestCase_closure1.call(CallTestCaseKeyword.groovy)
	at com.kms.katalon.core.keyword.internal.KeywordMain.runKeyword(KeywordMain.groovy:54)
	at com.kms.katalon.core.keyword.builtin.CallTestCaseKeyword.callTestCase(CallTestCaseKeyword.groovy:80)
	at com.kms.katalon.core.keyword.builtin.CallTestCaseKeyword.execute(CallTestCaseKeyword.groovy:44)
	at com.kms.katalon.core.keyword.internal.KeywordExecutor.executeKeywordForPlatform(KeywordExecutor.groovy:53)
	at com.kms.katalon.core.keyword.BuiltinKeywords.callTestCase(BuiltinKeywords.groovy:334)
	at Disbursement end to end (EFT Reject).run(Disbursement end to end (EFT Reject):16)
	at com.kms.katalon.core.main.ScriptEngine.run(ScriptEngine.java:194)
	at com.kms.katalon.core.main.ScriptEngine.runScriptAsRawText(ScriptEngine.java:119)
	at com.kms.katalon.core.main.TestCaseExecutor.runScript(TestCaseExecutor.java:328)
	at com.kms.katalon.core.main.TestCaseExecutor.doExecute(TestCaseExecutor.java:319)
	at com.kms.katalon.core.main.TestCaseExecutor.processExecutionPhase(TestCaseExecutor.java:298)
	at com.kms.katalon.core.main.TestCaseExecutor.accessMainPhase(TestCaseExecutor.java:290)
	at com.kms.katalon.core.main.TestCaseExecutor.execute(TestCaseExecutor.java:224)
	at com.kms.katalon.core.main.TestSuiteExecutor.accessTestCaseMainPhase(TestSuiteExecutor.java:129)
	at com.kms.katalon.core.main.TestSuiteExecutor.accessTestSuiteMainPhase(TestSuiteExecutor.java:112)
	at com.kms.katalon.core.main.TestSuiteExecutor.execute(TestSuiteExecutor.java:81)
	at com.kms.katalon.core.main.TestCaseMain.startTestSuite(TestCaseMain.java:149)
	at com.kms.katalon.core.main.TestCaseMain$startTestSuite$0.call(Unknown Source)
	at TempTestSuite1550476757023.run(TempTestSuite1550476757023.groovy:36)]]></system-out>
         <system-err><![CDATA[2019-02-18 16:41:09 - [TEST_CASE][FAILED] - Test Cases/All TC/Arranged/0. Full Flow/Disbursement end to end (EFT Reject): Test Cases/All TC/Arranged/0. Full Flow/Disbursement end to end (EFT Reject) FAILED.
Reason:
com.kms.katalon.core.exception.StepFailedException: Unable to get text of object 'Object Repository/YongJun/Disbursement/Disbursement - EFT/DS - Pending Claim (EFT)/Page_PERKESO/Get Case ID' (Root cause: com.kms.katalon.core.webui.exception.WebElementNotFoundException: Web element with id: 'Object Repository/YongJun/Disbursement/Disbursement - EFT/DS - Pending Claim (EFT)/Page_PERKESO/Get Case ID' located by 'By.xpath: id("pendingClaimTableId")/tbody[1]/tr[@class="odd"]/td[2]' not found)
	at com.kms.katalon.core.keyword.internal.KeywordMain.stepFailed(KeywordMain.groovy:36)
	at com.kms.katalon.core.webui.keyword.internal.WebUIKeywordMain.stepFailed(WebUIKeywordMain.groovy:65)
	at com.kms.katalon.core.webui.keyword.internal.WebUIKeywordMain.runKeyword(WebUIKeywordMain.groovy:27)
	at com.kms.katalon.core.webui.keyword.builtin.GetTextKeyword.getText(GetTextKeyword.groovy:88)
	at com.kms.katalon.core.webui.keyword.builtin.GetTextKeyword.execute(GetTextKeyword.groovy:67)
	at com.kms.katalon.core.keyword.internal.KeywordExecutor.executeKeywordForPlatform(KeywordExecutor.groovy:53)
	at com.kms.katalon.core.webui.keyword.WebUiBuiltInKeywords.getText(WebUiBuiltInKeywords.groovy:888)
	at com.kms.katalon.core.webui.keyword.WebUiBuiltInKeywords$getText$9.call(Unknown Source)
	at DS - Pending Claim (EFT).run(DS - Pending Claim (EFT):32)
	at com.kms.katalon.core.main.ScriptEngine.run(ScriptEngine.java:194)
	at com.kms.katalon.core.main.ScriptEngine.runScriptAsRawText(ScriptEngine.java:119)
	at com.kms.katalon.core.main.TestCaseExecutor.runScript(TestCaseExecutor.java:328)
	at com.kms.katalon.core.main.TestCaseExecutor.doExecute(TestCaseExecutor.java:319)
	at com.kms.katalon.core.main.TestCaseExecutor.processExecutionPhase(TestCaseExecutor.java:298)
	at com.kms.katalon.core.main.TestCaseExecutor.accessMainPhase(TestCaseExecutor.java:290)
	at com.kms.katalon.core.main.TestCaseExecutor.execute(TestCaseExecutor.java:224)
	at com.kms.katalon.core.main.TestCaseMain.runTestCase(TestCaseMain.java:106)
	at com.kms.katalon.core.keyword.builtin.CallTestCaseKeyword$_callTestCase_closure1.doCall(CallTestCaseKeyword.groovy:59)
	at com.kms.katalon.core.keyword.builtin.CallTestCaseKeyword$_callTestCase_closure1.call(CallTestCaseKeyword.groovy)
	at com.kms.katalon.core.keyword.internal.KeywordMain.runKeyword(KeywordMain.groovy:54)
	at com.kms.katalon.core.keyword.builtin.CallTestCaseKeyword.callTestCase(CallTestCaseKeyword.groovy:80)
	at com.kms.katalon.core.keyword.builtin.CallTestCaseKeyword.execute(CallTestCaseKeyword.groovy:44)
	at com.kms.katalon.core.keyword.internal.KeywordExecutor.executeKeywordForPlatform(KeywordExecutor.groovy:53)
	at com.kms.katalon.core.keyword.BuiltinKeywords.callTestCase(BuiltinKeywords.groovy:334)
	at Disbursement end to end (EFT Reject).run(Disbursement end to end (EFT Reject):16)
	at com.kms.katalon.core.main.ScriptEngine.run(ScriptEngine.java:194)
	at com.kms.katalon.core.main.ScriptEngine.runScriptAsRawText(ScriptEngine.java:119)
	at com.kms.katalon.core.main.TestCaseExecutor.runScript(TestCaseExecutor.java:328)
	at com.kms.katalon.core.main.TestCaseExecutor.doExecute(TestCaseExecutor.java:319)
	at com.kms.katalon.core.main.TestCaseExecutor.processExecutionPhase(TestCaseExecutor.java:298)
	at com.kms.katalon.core.main.TestCaseExecutor.accessMainPhase(TestCaseExecutor.java:290)
	at com.kms.katalon.core.main.TestCaseExecutor.execute(TestCaseExecutor.java:224)
	at com.kms.katalon.core.main.TestSuiteExecutor.accessTestCaseMainPhase(TestSuiteExecutor.java:129)
	at com.kms.katalon.core.main.TestSuiteExecutor.accessTestSuiteMainPhase(TestSuiteExecutor.java:112)
	at com.kms.katalon.core.main.TestSuiteExecutor.execute(TestSuiteExecutor.java:81)
	at com.kms.katalon.core.main.TestCaseMain.startTestSuite(TestCaseMain.java:149)
	at com.kms.katalon.core.main.TestCaseMain$startTestSuite$0.call(Unknown Source)
	at TempTestSuite1550476757023.run(TempTestSuite1550476757023.groovy:36)]]></system-err>
      </testcase>
      <testcase name="Test Cases/All TC/Arranged/0. Full Flow/Disbursement end to end (EFT Approved)" classname="Test Cases/All TC/Arranged/0. Full Flow/Disbursement end to end (EFT Approved)" status="FAILED">
         <failure type="FAILED" message="Test Cases/All TC/Arranged/0. Full Flow/Disbursement end to end (EFT Approved) FAILED.
Reason:
com.kms.katalon.core.exception.StepFailedException: Unable to get text of object 'Object Repository/YongJun/Disbursement/Disbursement - EFT/DS - Pending Claim (EFT)/Page_PERKESO/Get Case ID' (Root cause: com.kms.katalon.core.webui.exception.WebElementNotFoundException: Web element with id: 'Object Repository/YongJun/Disbursement/Disbursement - EFT/DS - Pending Claim (EFT)/Page_PERKESO/Get Case ID' located by 'By.xpath: id(&quot;pendingClaimTableId&quot;)/tbody[1]/tr[@class=&quot;odd&quot;]/td[2]' not found)
	at com.kms.katalon.core.keyword.internal.KeywordMain.stepFailed(KeywordMain.groovy:36)
	at com.kms.katalon.core.webui.keyword.internal.WebUIKeywordMain.stepFailed(WebUIKeywordMain.groovy:65)
	at com.kms.katalon.core.webui.keyword.internal.WebUIKeywordMain.runKeyword(WebUIKeywordMain.groovy:27)
	at com.kms.katalon.core.webui.keyword.builtin.GetTextKeyword.getText(GetTextKeyword.groovy:88)
	at com.kms.katalon.core.webui.keyword.builtin.GetTextKeyword.execute(GetTextKeyword.groovy:67)
	at com.kms.katalon.core.keyword.internal.KeywordExecutor.executeKeywordForPlatform(KeywordExecutor.groovy:53)
	at com.kms.katalon.core.webui.keyword.WebUiBuiltInKeywords.getText(WebUiBuiltInKeywords.groovy:888)
	at com.kms.katalon.core.webui.keyword.WebUiBuiltInKeywords$getText$9.call(Unknown Source)
	at DS - Pending Claim (EFT).run(DS - Pending Claim (EFT):32)
	at com.kms.katalon.core.main.ScriptEngine.run(ScriptEngine.java:194)
	at com.kms.katalon.core.main.ScriptEngine.runScriptAsRawText(ScriptEngine.java:119)
	at com.kms.katalon.core.main.TestCaseExecutor.runScript(TestCaseExecutor.java:328)
	at com.kms.katalon.core.main.TestCaseExecutor.doExecute(TestCaseExecutor.java:319)
	at com.kms.katalon.core.main.TestCaseExecutor.processExecutionPhase(TestCaseExecutor.java:298)
	at com.kms.katalon.core.main.TestCaseExecutor.accessMainPhase(TestCaseExecutor.java:290)
	at com.kms.katalon.core.main.TestCaseExecutor.execute(TestCaseExecutor.java:224)
	at com.kms.katalon.core.main.TestCaseMain.runTestCase(TestCaseMain.java:106)
	at com.kms.katalon.core.keyword.builtin.CallTestCaseKeyword$_callTestCase_closure1.doCall(CallTestCaseKeyword.groovy:59)
	at com.kms.katalon.core.keyword.builtin.CallTestCaseKeyword$_callTestCase_closure1.call(CallTestCaseKeyword.groovy)
	at com.kms.katalon.core.keyword.internal.KeywordMain.runKeyword(KeywordMain.groovy:54)
	at com.kms.katalon.core.keyword.builtin.CallTestCaseKeyword.callTestCase(CallTestCaseKeyword.groovy:80)
	at com.kms.katalon.core.keyword.builtin.CallTestCaseKeyword.execute(CallTestCaseKeyword.groovy:44)
	at com.kms.katalon.core.keyword.internal.KeywordExecutor.executeKeywordForPlatform(KeywordExecutor.groovy:53)
	at com.kms.katalon.core.keyword.BuiltinKeywords.callTestCase(BuiltinKeywords.groovy:334)
	at Disbursement end to end (EFT Approved).run(Disbursement end to end (EFT Approved):16)
	at com.kms.katalon.core.main.ScriptEngine.run(ScriptEngine.java:194)
	at com.kms.katalon.core.main.ScriptEngine.runScriptAsRawText(ScriptEngine.java:119)
	at com.kms.katalon.core.main.TestCaseExecutor.runScript(TestCaseExecutor.java:328)
	at com.kms.katalon.core.main.TestCaseExecutor.doExecute(TestCaseExecutor.java:319)
	at com.kms.katalon.core.main.TestCaseExecutor.processExecutionPhase(TestCaseExecutor.java:298)
	at com.kms.katalon.core.main.TestCaseExecutor.accessMainPhase(TestCaseExecutor.java:290)
	at com.kms.katalon.core.main.TestCaseExecutor.execute(TestCaseExecutor.java:224)
	at com.kms.katalon.core.main.TestSuiteExecutor.accessTestCaseMainPhase(TestSuiteExecutor.java:129)
	at com.kms.katalon.core.main.TestSuiteExecutor.accessTestSuiteMainPhase(TestSuiteExecutor.java:112)
	at com.kms.katalon.core.main.TestSuiteExecutor.execute(TestSuiteExecutor.java:81)
	at com.kms.katalon.core.main.TestCaseMain.startTestSuite(TestCaseMain.java:149)
	at com.kms.katalon.core.main.TestCaseMain$startTestSuite$0.call(Unknown Source)
	at TempTestSuite1550476757023.run(TempTestSuite1550476757023.groovy:36)
"/>
         <system-out><![CDATA[2019-02-18 16:42:07 - [TEST_CASE][FAILED] - Test Cases/All TC/Arranged/0. Full Flow/Disbursement end to end (EFT Approved): Test Cases/All TC/Arranged/0. Full Flow/Disbursement end to end (EFT Approved) FAILED.
Reason:
com.kms.katalon.core.exception.StepFailedException: Unable to get text of object 'Object Repository/YongJun/Disbursement/Disbursement - EFT/DS - Pending Claim (EFT)/Page_PERKESO/Get Case ID' (Root cause: com.kms.katalon.core.webui.exception.WebElementNotFoundException: Web element with id: 'Object Repository/YongJun/Disbursement/Disbursement - EFT/DS - Pending Claim (EFT)/Page_PERKESO/Get Case ID' located by 'By.xpath: id("pendingClaimTableId")/tbody[1]/tr[@class="odd"]/td[2]' not found)
	at com.kms.katalon.core.keyword.internal.KeywordMain.stepFailed(KeywordMain.groovy:36)
	at com.kms.katalon.core.webui.keyword.internal.WebUIKeywordMain.stepFailed(WebUIKeywordMain.groovy:65)
	at com.kms.katalon.core.webui.keyword.internal.WebUIKeywordMain.runKeyword(WebUIKeywordMain.groovy:27)
	at com.kms.katalon.core.webui.keyword.builtin.GetTextKeyword.getText(GetTextKeyword.groovy:88)
	at com.kms.katalon.core.webui.keyword.builtin.GetTextKeyword.execute(GetTextKeyword.groovy:67)
	at com.kms.katalon.core.keyword.internal.KeywordExecutor.executeKeywordForPlatform(KeywordExecutor.groovy:53)
	at com.kms.katalon.core.webui.keyword.WebUiBuiltInKeywords.getText(WebUiBuiltInKeywords.groovy:888)
	at com.kms.katalon.core.webui.keyword.WebUiBuiltInKeywords$getText$9.call(Unknown Source)
	at DS - Pending Claim (EFT).run(DS - Pending Claim (EFT):32)
	at com.kms.katalon.core.main.ScriptEngine.run(ScriptEngine.java:194)
	at com.kms.katalon.core.main.ScriptEngine.runScriptAsRawText(ScriptEngine.java:119)
	at com.kms.katalon.core.main.TestCaseExecutor.runScript(TestCaseExecutor.java:328)
	at com.kms.katalon.core.main.TestCaseExecutor.doExecute(TestCaseExecutor.java:319)
	at com.kms.katalon.core.main.TestCaseExecutor.processExecutionPhase(TestCaseExecutor.java:298)
	at com.kms.katalon.core.main.TestCaseExecutor.accessMainPhase(TestCaseExecutor.java:290)
	at com.kms.katalon.core.main.TestCaseExecutor.execute(TestCaseExecutor.java:224)
	at com.kms.katalon.core.main.TestCaseMain.runTestCase(TestCaseMain.java:106)
	at com.kms.katalon.core.keyword.builtin.CallTestCaseKeyword$_callTestCase_closure1.doCall(CallTestCaseKeyword.groovy:59)
	at com.kms.katalon.core.keyword.builtin.CallTestCaseKeyword$_callTestCase_closure1.call(CallTestCaseKeyword.groovy)
	at com.kms.katalon.core.keyword.internal.KeywordMain.runKeyword(KeywordMain.groovy:54)
	at com.kms.katalon.core.keyword.builtin.CallTestCaseKeyword.callTestCase(CallTestCaseKeyword.groovy:80)
	at com.kms.katalon.core.keyword.builtin.CallTestCaseKeyword.execute(CallTestCaseKeyword.groovy:44)
	at com.kms.katalon.core.keyword.internal.KeywordExecutor.executeKeywordForPlatform(KeywordExecutor.groovy:53)
	at com.kms.katalon.core.keyword.BuiltinKeywords.callTestCase(BuiltinKeywords.groovy:334)
	at Disbursement end to end (EFT Approved).run(Disbursement end to end (EFT Approved):16)
	at com.kms.katalon.core.main.ScriptEngine.run(ScriptEngine.java:194)
	at com.kms.katalon.core.main.ScriptEngine.runScriptAsRawText(ScriptEngine.java:119)
	at com.kms.katalon.core.main.TestCaseExecutor.runScript(TestCaseExecutor.java:328)
	at com.kms.katalon.core.main.TestCaseExecutor.doExecute(TestCaseExecutor.java:319)
	at com.kms.katalon.core.main.TestCaseExecutor.processExecutionPhase(TestCaseExecutor.java:298)
	at com.kms.katalon.core.main.TestCaseExecutor.accessMainPhase(TestCaseExecutor.java:290)
	at com.kms.katalon.core.main.TestCaseExecutor.execute(TestCaseExecutor.java:224)
	at com.kms.katalon.core.main.TestSuiteExecutor.accessTestCaseMainPhase(TestSuiteExecutor.java:129)
	at com.kms.katalon.core.main.TestSuiteExecutor.accessTestSuiteMainPhase(TestSuiteExecutor.java:112)
	at com.kms.katalon.core.main.TestSuiteExecutor.execute(TestSuiteExecutor.java:81)
	at com.kms.katalon.core.main.TestCaseMain.startTestSuite(TestCaseMain.java:149)
	at com.kms.katalon.core.main.TestCaseMain$startTestSuite$0.call(Unknown Source)
	at TempTestSuite1550476757023.run(TempTestSuite1550476757023.groovy:36)


2019-02-18 16:42:07 - [TEST_STEP][FAILED] - callTestCase(findTestCase("All TC/Arranged/2. Segment/2.6 Disbursement/DS - EFT/DS - Pending Claim (EFT)"), [:], STOP_ON_FAILURE): callTestCase(findTestCase("All TC/Arranged/2. Segment/2.6 Disbursement/DS - EFT/DS - Pending Claim (EFT)"), [:], STOP_ON_FAILURE) FAILED.
Reason:
com.kms.katalon.core.exception.StepFailedException: Unable to get text of object 'Object Repository/YongJun/Disbursement/Disbursement - EFT/DS - Pending Claim (EFT)/Page_PERKESO/Get Case ID' (Root cause: com.kms.katalon.core.webui.exception.WebElementNotFoundException: Web element with id: 'Object Repository/YongJun/Disbursement/Disbursement - EFT/DS - Pending Claim (EFT)/Page_PERKESO/Get Case ID' located by 'By.xpath: id("pendingClaimTableId")/tbody[1]/tr[@class="odd"]/td[2]' not found)
	at com.kms.katalon.core.keyword.internal.KeywordMain.stepFailed(KeywordMain.groovy:36)
	at com.kms.katalon.core.webui.keyword.internal.WebUIKeywordMain.stepFailed(WebUIKeywordMain.groovy:65)
	at com.kms.katalon.core.webui.keyword.internal.WebUIKeywordMain.runKeyword(WebUIKeywordMain.groovy:27)
	at com.kms.katalon.core.webui.keyword.builtin.GetTextKeyword.getText(GetTextKeyword.groovy:88)
	at com.kms.katalon.core.webui.keyword.builtin.GetTextKeyword.execute(GetTextKeyword.groovy:67)
	at com.kms.katalon.core.keyword.internal.KeywordExecutor.executeKeywordForPlatform(KeywordExecutor.groovy:53)
	at com.kms.katalon.core.webui.keyword.WebUiBuiltInKeywords.getText(WebUiBuiltInKeywords.groovy:888)
	at com.kms.katalon.core.webui.keyword.WebUiBuiltInKeywords$getText$9.call(Unknown Source)
	at DS - Pending Claim (EFT).run(DS - Pending Claim (EFT):32)
	at com.kms.katalon.core.main.ScriptEngine.run(ScriptEngine.java:194)
	at com.kms.katalon.core.main.ScriptEngine.runScriptAsRawText(ScriptEngine.java:119)
	at com.kms.katalon.core.main.TestCaseExecutor.runScript(TestCaseExecutor.java:328)
	at com.kms.katalon.core.main.TestCaseExecutor.doExecute(TestCaseExecutor.java:319)
	at com.kms.katalon.core.main.TestCaseExecutor.processExecutionPhase(TestCaseExecutor.java:298)
	at com.kms.katalon.core.main.TestCaseExecutor.accessMainPhase(TestCaseExecutor.java:290)
	at com.kms.katalon.core.main.TestCaseExecutor.execute(TestCaseExecutor.java:224)
	at com.kms.katalon.core.main.TestCaseMain.runTestCase(TestCaseMain.java:106)
	at com.kms.katalon.core.keyword.builtin.CallTestCaseKeyword$_callTestCase_closure1.doCall(CallTestCaseKeyword.groovy:59)
	at com.kms.katalon.core.keyword.builtin.CallTestCaseKeyword$_callTestCase_closure1.call(CallTestCaseKeyword.groovy)
	at com.kms.katalon.core.keyword.internal.KeywordMain.runKeyword(KeywordMain.groovy:54)
	at com.kms.katalon.core.keyword.builtin.CallTestCaseKeyword.callTestCase(CallTestCaseKeyword.groovy:80)
	at com.kms.katalon.core.keyword.builtin.CallTestCaseKeyword.execute(CallTestCaseKeyword.groovy:44)
	at com.kms.katalon.core.keyword.internal.KeywordExecutor.executeKeywordForPlatform(KeywordExecutor.groovy:53)
	at com.kms.katalon.core.keyword.BuiltinKeywords.callTestCase(BuiltinKeywords.groovy:334)
	at Disbursement end to end (EFT Approved).run(Disbursement end to end (EFT Approved):16)
	at com.kms.katalon.core.main.ScriptEngine.run(ScriptEngine.java:194)
	at com.kms.katalon.core.main.ScriptEngine.runScriptAsRawText(ScriptEngine.java:119)
	at com.kms.katalon.core.main.TestCaseExecutor.runScript(TestCaseExecutor.java:328)
	at com.kms.katalon.core.main.TestCaseExecutor.doExecute(TestCaseExecutor.java:319)
	at com.kms.katalon.core.main.TestCaseExecutor.processExecutionPhase(TestCaseExecutor.java:298)
	at com.kms.katalon.core.main.TestCaseExecutor.accessMainPhase(TestCaseExecutor.java:290)
	at com.kms.katalon.core.main.TestCaseExecutor.execute(TestCaseExecutor.java:224)
	at com.kms.katalon.core.main.TestSuiteExecutor.accessTestCaseMainPhase(TestSuiteExecutor.java:129)
	at com.kms.katalon.core.main.TestSuiteExecutor.accessTestSuiteMainPhase(TestSuiteExecutor.java:112)
	at com.kms.katalon.core.main.TestSuiteExecutor.execute(TestSuiteExecutor.java:81)
	at com.kms.katalon.core.main.TestCaseMain.startTestSuite(TestCaseMain.java:149)
	at com.kms.katalon.core.main.TestCaseMain$startTestSuite$0.call(Unknown Source)
	at TempTestSuite1550476757023.run(TempTestSuite1550476757023.groovy:36)


2019-02-18 16:42:07 - [TEST_CASE][FAILED] - Test Cases/All TC/Arranged/2. Segment/2.6 Disbursement/DS - EFT/DS - Pending Claim (EFT): Test Cases/All TC/Arranged/2. Segment/2.6 Disbursement/DS - EFT/DS - Pending Claim (EFT) FAILED.
Reason:
com.kms.katalon.core.exception.StepFailedException: Unable to get text of object 'Object Repository/YongJun/Disbursement/Disbursement - EFT/DS - Pending Claim (EFT)/Page_PERKESO/Get Case ID' (Root cause: com.kms.katalon.core.webui.exception.WebElementNotFoundException: Web element with id: 'Object Repository/YongJun/Disbursement/Disbursement - EFT/DS - Pending Claim (EFT)/Page_PERKESO/Get Case ID' located by 'By.xpath: id("pendingClaimTableId")/tbody[1]/tr[@class="odd"]/td[2]' not found)
	at com.kms.katalon.core.keyword.internal.KeywordMain.stepFailed(KeywordMain.groovy:36)
	at com.kms.katalon.core.webui.keyword.internal.WebUIKeywordMain.stepFailed(WebUIKeywordMain.groovy:65)
	at com.kms.katalon.core.webui.keyword.internal.WebUIKeywordMain.runKeyword(WebUIKeywordMain.groovy:27)
	at com.kms.katalon.core.webui.keyword.builtin.GetTextKeyword.getText(GetTextKeyword.groovy:88)
	at com.kms.katalon.core.webui.keyword.builtin.GetTextKeyword.execute(GetTextKeyword.groovy:67)
	at com.kms.katalon.core.keyword.internal.KeywordExecutor.executeKeywordForPlatform(KeywordExecutor.groovy:53)
	at com.kms.katalon.core.webui.keyword.WebUiBuiltInKeywords.getText(WebUiBuiltInKeywords.groovy:888)
	at com.kms.katalon.core.webui.keyword.WebUiBuiltInKeywords$getText$9.call(Unknown Source)
	at DS - Pending Claim (EFT).run(DS - Pending Claim (EFT):32)
	at com.kms.katalon.core.main.ScriptEngine.run(ScriptEngine.java:194)
	at com.kms.katalon.core.main.ScriptEngine.runScriptAsRawText(ScriptEngine.java:119)
	at com.kms.katalon.core.main.TestCaseExecutor.runScript(TestCaseExecutor.java:328)
	at com.kms.katalon.core.main.TestCaseExecutor.doExecute(TestCaseExecutor.java:319)
	at com.kms.katalon.core.main.TestCaseExecutor.processExecutionPhase(TestCaseExecutor.java:298)
	at com.kms.katalon.core.main.TestCaseExecutor.accessMainPhase(TestCaseExecutor.java:290)
	at com.kms.katalon.core.main.TestCaseExecutor.execute(TestCaseExecutor.java:224)
	at com.kms.katalon.core.main.TestCaseMain.runTestCase(TestCaseMain.java:106)
	at com.kms.katalon.core.keyword.builtin.CallTestCaseKeyword$_callTestCase_closure1.doCall(CallTestCaseKeyword.groovy:59)
	at com.kms.katalon.core.keyword.builtin.CallTestCaseKeyword$_callTestCase_closure1.call(CallTestCaseKeyword.groovy)
	at com.kms.katalon.core.keyword.internal.KeywordMain.runKeyword(KeywordMain.groovy:54)
	at com.kms.katalon.core.keyword.builtin.CallTestCaseKeyword.callTestCase(CallTestCaseKeyword.groovy:80)
	at com.kms.katalon.core.keyword.builtin.CallTestCaseKeyword.execute(CallTestCaseKeyword.groovy:44)
	at com.kms.katalon.core.keyword.internal.KeywordExecutor.executeKeywordForPlatform(KeywordExecutor.groovy:53)
	at com.kms.katalon.core.keyword.BuiltinKeywords.callTestCase(BuiltinKeywords.groovy:334)
	at Disbursement end to end (EFT Approved).run(Disbursement end to end (EFT Approved):16)
	at com.kms.katalon.core.main.ScriptEngine.run(ScriptEngine.java:194)
	at com.kms.katalon.core.main.ScriptEngine.runScriptAsRawText(ScriptEngine.java:119)
	at com.kms.katalon.core.main.TestCaseExecutor.runScript(TestCaseExecutor.java:328)
	at com.kms.katalon.core.main.TestCaseExecutor.doExecute(TestCaseExecutor.java:319)
	at com.kms.katalon.core.main.TestCaseExecutor.processExecutionPhase(TestCaseExecutor.java:298)
	at com.kms.katalon.core.main.TestCaseExecutor.accessMainPhase(TestCaseExecutor.java:290)
	at com.kms.katalon.core.main.TestCaseExecutor.execute(TestCaseExecutor.java:224)
	at com.kms.katalon.core.main.TestSuiteExecutor.accessTestCaseMainPhase(TestSuiteExecutor.java:129)
	at com.kms.katalon.core.main.TestSuiteExecutor.accessTestSuiteMainPhase(TestSuiteExecutor.java:112)
	at com.kms.katalon.core.main.TestSuiteExecutor.execute(TestSuiteExecutor.java:81)
	at com.kms.katalon.core.main.TestCaseMain.startTestSuite(TestCaseMain.java:149)
	at com.kms.katalon.core.main.TestCaseMain$startTestSuite$0.call(Unknown Source)
	at TempTestSuite1550476757023.run(TempTestSuite1550476757023.groovy:36)


2019-02-18 16:42:07 - [TEST_STEP][PASSED] - openBrowser(""): Browser is opened with url: ''

2019-02-18 16:42:07 - [MESSAGE][WARNING] - A browser is already opened. Closing browser and opening a new one

2019-02-18 16:42:09 - [MESSAGE][INFO] - Starting 'Chrome' driver

2019-02-18 16:42:09 - [MESSAGE][INFO] - User set preference: ['args', '[--start-maximized]']

2019-02-18 16:42:13 - [MESSAGE][PASSED] - Browser is opened with url: ''

2019-02-18 16:42:13 - [TEST_STEP][PASSED] - maximizeWindow(): Current window maximized

2019-02-18 16:42:15 - [MESSAGE][PASSED] - Current window maximized

2019-02-18 16:42:15 - [TEST_STEP][PASSED] - navigateToUrl(Internal_Login): Navigate to 'http://10.20.24.188/eisportal/user/login' successfully

2019-02-18 16:42:17 - [MESSAGE][PASSED] - Navigate to 'http://10.20.24.188/eisportal/user/login' successfully

2019-02-18 16:42:17 - [TEST_STEP][PASSED] - delay(2): Delayed 2 second(s)

2019-02-18 16:42:19 - [MESSAGE][PASSED] - Delayed 2 second(s)

2019-02-18 16:42:19 - [TEST_STEP][PASSED] - setText(findTestObject("YongJun/Disbursement/Disbursement - EFT/DS - Pending Claim (EFT)/Page_PERKESO/DS input username"), "hq1ds@perkeso.gov.my"): Text 'hq1ds@perkeso.gov.my' is set on object 'Object Repository/YongJun/Disbursement/Disbursement - EFT/DS - Pending Claim (EFT)/Page_PERKESO/DS input username'

2019-02-18 16:42:23 - [MESSAGE][PASSED] - Text 'hq1ds@perkeso.gov.my' is set on object 'Object Repository/YongJun/Disbursement/Disbursement - EFT/DS - Pending Claim (EFT)/Page_PERKESO/DS input username'

2019-02-18 16:42:23 - [TEST_STEP][PASSED] - setEncryptedText(findTestObject("YongJun/Disbursement/Disbursement - EFT/DS - Pending Claim (EFT)/Page_PERKESO/DS input password"), "CQqwFZlbeC8="): Text ****** has been set on object 'Object Repository/YongJun/Disbursement/Disbursement - EFT/DS - Pending Claim (EFT)/Page_PERKESO/DS input password'

2019-02-18 16:42:26 - [MESSAGE][PASSED] - Text ****** has been set on object 'Object Repository/YongJun/Disbursement/Disbursement - EFT/DS - Pending Claim (EFT)/Page_PERKESO/DS input password'

2019-02-18 16:42:26 - [TEST_STEP][PASSED] - click(findTestObject("YongJun/Disbursement/Disbursement - EFT/DS - Pending Claim (EFT)/Page_PERKESO/DS click login button")): Object: 'Object Repository/YongJun/Disbursement/Disbursement - EFT/DS - Pending Claim (EFT)/Page_PERKESO/DS click login button' is clicked on

2019-02-18 16:42:29 - [MESSAGE][PASSED] - Object: 'Object Repository/YongJun/Disbursement/Disbursement - EFT/DS - Pending Claim (EFT)/Page_PERKESO/DS click login button' is clicked on

2019-02-18 16:42:29 - [TEST_STEP][PASSED] - delay(2): Delayed 2 second(s)

2019-02-18 16:42:31 - [MESSAGE][PASSED] - Delayed 2 second(s)

2019-02-18 16:42:31 - [TEST_STEP][FAILED] - EiEsCaseID = getText(findTestObject("YongJun/Disbursement/Disbursement - EFT/DS - Pending Claim (EFT)/Page_PERKESO/Get Case ID")): EiEsCaseID = getText(findTestObject("YongJun/Disbursement/Disbursement - EFT/DS - Pending Claim (EFT)/Page_PERKESO/Get Case ID")) FAILED.
Reason:
com.kms.katalon.core.exception.StepFailedException: Unable to get text of object 'Object Repository/YongJun/Disbursement/Disbursement - EFT/DS - Pending Claim (EFT)/Page_PERKESO/Get Case ID' (Root cause: com.kms.katalon.core.webui.exception.WebElementNotFoundException: Web element with id: 'Object Repository/YongJun/Disbursement/Disbursement - EFT/DS - Pending Claim (EFT)/Page_PERKESO/Get Case ID' located by 'By.xpath: id("pendingClaimTableId")/tbody[1]/tr[@class="odd"]/td[2]' not found)
	at com.kms.katalon.core.keyword.internal.KeywordMain.stepFailed(KeywordMain.groovy:36)
	at com.kms.katalon.core.webui.keyword.internal.WebUIKeywordMain.stepFailed(WebUIKeywordMain.groovy:65)
	at com.kms.katalon.core.webui.keyword.internal.WebUIKeywordMain.runKeyword(WebUIKeywordMain.groovy:27)
	at com.kms.katalon.core.webui.keyword.builtin.GetTextKeyword.getText(GetTextKeyword.groovy:88)
	at com.kms.katalon.core.webui.keyword.builtin.GetTextKeyword.execute(GetTextKeyword.groovy:67)
	at com.kms.katalon.core.keyword.internal.KeywordExecutor.executeKeywordForPlatform(KeywordExecutor.groovy:53)
	at com.kms.katalon.core.webui.keyword.WebUiBuiltInKeywords.getText(WebUiBuiltInKeywords.groovy:888)
	at com.kms.katalon.core.webui.keyword.WebUiBuiltInKeywords$getText$9.call(Unknown Source)
	at DS - Pending Claim (EFT).run(DS - Pending Claim (EFT):32)
	at com.kms.katalon.core.main.ScriptEngine.run(ScriptEngine.java:194)
	at com.kms.katalon.core.main.ScriptEngine.runScriptAsRawText(ScriptEngine.java:119)
	at com.kms.katalon.core.main.TestCaseExecutor.runScript(TestCaseExecutor.java:328)
	at com.kms.katalon.core.main.TestCaseExecutor.doExecute(TestCaseExecutor.java:319)
	at com.kms.katalon.core.main.TestCaseExecutor.processExecutionPhase(TestCaseExecutor.java:298)
	at com.kms.katalon.core.main.TestCaseExecutor.accessMainPhase(TestCaseExecutor.java:290)
	at com.kms.katalon.core.main.TestCaseExecutor.execute(TestCaseExecutor.java:224)
	at com.kms.katalon.core.main.TestCaseMain.runTestCase(TestCaseMain.java:106)
	at com.kms.katalon.core.keyword.builtin.CallTestCaseKeyword$_callTestCase_closure1.doCall(CallTestCaseKeyword.groovy:59)
	at com.kms.katalon.core.keyword.builtin.CallTestCaseKeyword$_callTestCase_closure1.call(CallTestCaseKeyword.groovy)
	at com.kms.katalon.core.keyword.internal.KeywordMain.runKeyword(KeywordMain.groovy:54)
	at com.kms.katalon.core.keyword.builtin.CallTestCaseKeyword.callTestCase(CallTestCaseKeyword.groovy:80)
	at com.kms.katalon.core.keyword.builtin.CallTestCaseKeyword.execute(CallTestCaseKeyword.groovy:44)
	at com.kms.katalon.core.keyword.internal.KeywordExecutor.executeKeywordForPlatform(KeywordExecutor.groovy:53)
	at com.kms.katalon.core.keyword.BuiltinKeywords.callTestCase(BuiltinKeywords.groovy:334)
	at Disbursement end to end (EFT Approved).run(Disbursement end to end (EFT Approved):16)
	at com.kms.katalon.core.main.ScriptEngine.run(ScriptEngine.java:194)
	at com.kms.katalon.core.main.ScriptEngine.runScriptAsRawText(ScriptEngine.java:119)
	at com.kms.katalon.core.main.TestCaseExecutor.runScript(TestCaseExecutor.java:328)
	at com.kms.katalon.core.main.TestCaseExecutor.doExecute(TestCaseExecutor.java:319)
	at com.kms.katalon.core.main.TestCaseExecutor.processExecutionPhase(TestCaseExecutor.java:298)
	at com.kms.katalon.core.main.TestCaseExecutor.accessMainPhase(TestCaseExecutor.java:290)
	at com.kms.katalon.core.main.TestCaseExecutor.execute(TestCaseExecutor.java:224)
	at com.kms.katalon.core.main.TestSuiteExecutor.accessTestCaseMainPhase(TestSuiteExecutor.java:129)
	at com.kms.katalon.core.main.TestSuiteExecutor.accessTestSuiteMainPhase(TestSuiteExecutor.java:112)
	at com.kms.katalon.core.main.TestSuiteExecutor.execute(TestSuiteExecutor.java:81)
	at com.kms.katalon.core.main.TestCaseMain.startTestSuite(TestCaseMain.java:149)
	at com.kms.katalon.core.main.TestCaseMain$startTestSuite$0.call(Unknown Source)
	at TempTestSuite1550476757023.run(TempTestSuite1550476757023.groovy:36)


2019-02-18 16:43:02 - [MESSAGE][INFO] - Unable to find the element located by 'By.xpath: id("pendingClaimTableId")/tbody[1]/tr[@class="odd"]/td[2]'. Please recheck the objects properties to make sure the desired element is located. 

2019-02-18 16:43:03 - [MESSAGE][FAILED] - Unable to get text of object 'Object Repository/YongJun/Disbursement/Disbursement - EFT/DS - Pending Claim (EFT)/Page_PERKESO/Get Case ID' (Root cause: com.kms.katalon.core.webui.exception.WebElementNotFoundException: Web element with id: 'Object Repository/YongJun/Disbursement/Disbursement - EFT/DS - Pending Claim (EFT)/Page_PERKESO/Get Case ID' located by 'By.xpath: id("pendingClaimTableId")/tbody[1]/tr[@class="odd"]/td[2]' not found)
[[ATTACHMENT|C:\\Users\\Admin\\Documents\\GitHub\\PKSKatalon\\PKS-EI-ES\\Reports\\New Test Suite\\20190218_155917\\1550479382298.png]]

2019-02-18 16:43:03 - [MESSAGE][FAILED] - EiEsCaseID = getText(findTestObject("YongJun/Disbursement/Disbursement - EFT/DS - Pending Claim (EFT)/Page_PERKESO/Get Case ID")) FAILED.
Reason:
com.kms.katalon.core.exception.StepFailedException: Unable to get text of object 'Object Repository/YongJun/Disbursement/Disbursement - EFT/DS - Pending Claim (EFT)/Page_PERKESO/Get Case ID' (Root cause: com.kms.katalon.core.webui.exception.WebElementNotFoundException: Web element with id: 'Object Repository/YongJun/Disbursement/Disbursement - EFT/DS - Pending Claim (EFT)/Page_PERKESO/Get Case ID' located by 'By.xpath: id("pendingClaimTableId")/tbody[1]/tr[@class="odd"]/td[2]' not found)
	at com.kms.katalon.core.keyword.internal.KeywordMain.stepFailed(KeywordMain.groovy:36)
	at com.kms.katalon.core.webui.keyword.internal.WebUIKeywordMain.stepFailed(WebUIKeywordMain.groovy:65)
	at com.kms.katalon.core.webui.keyword.internal.WebUIKeywordMain.runKeyword(WebUIKeywordMain.groovy:27)
	at com.kms.katalon.core.webui.keyword.builtin.GetTextKeyword.getText(GetTextKeyword.groovy:88)
	at com.kms.katalon.core.webui.keyword.builtin.GetTextKeyword.execute(GetTextKeyword.groovy:67)
	at com.kms.katalon.core.keyword.internal.KeywordExecutor.executeKeywordForPlatform(KeywordExecutor.groovy:53)
	at com.kms.katalon.core.webui.keyword.WebUiBuiltInKeywords.getText(WebUiBuiltInKeywords.groovy:888)
	at com.kms.katalon.core.webui.keyword.WebUiBuiltInKeywords$getText$9.call(Unknown Source)
	at DS - Pending Claim (EFT).run(DS - Pending Claim (EFT):32)
	at com.kms.katalon.core.main.ScriptEngine.run(ScriptEngine.java:194)
	at com.kms.katalon.core.main.ScriptEngine.runScriptAsRawText(ScriptEngine.java:119)
	at com.kms.katalon.core.main.TestCaseExecutor.runScript(TestCaseExecutor.java:328)
	at com.kms.katalon.core.main.TestCaseExecutor.doExecute(TestCaseExecutor.java:319)
	at com.kms.katalon.core.main.TestCaseExecutor.processExecutionPhase(TestCaseExecutor.java:298)
	at com.kms.katalon.core.main.TestCaseExecutor.accessMainPhase(TestCaseExecutor.java:290)
	at com.kms.katalon.core.main.TestCaseExecutor.execute(TestCaseExecutor.java:224)
	at com.kms.katalon.core.main.TestCaseMain.runTestCase(TestCaseMain.java:106)
	at com.kms.katalon.core.keyword.builtin.CallTestCaseKeyword$_callTestCase_closure1.doCall(CallTestCaseKeyword.groovy:59)
	at com.kms.katalon.core.keyword.builtin.CallTestCaseKeyword$_callTestCase_closure1.call(CallTestCaseKeyword.groovy)
	at com.kms.katalon.core.keyword.internal.KeywordMain.runKeyword(KeywordMain.groovy:54)
	at com.kms.katalon.core.keyword.builtin.CallTestCaseKeyword.callTestCase(CallTestCaseKeyword.groovy:80)
	at com.kms.katalon.core.keyword.builtin.CallTestCaseKeyword.execute(CallTestCaseKeyword.groovy:44)
	at com.kms.katalon.core.keyword.internal.KeywordExecutor.executeKeywordForPlatform(KeywordExecutor.groovy:53)
	at com.kms.katalon.core.keyword.BuiltinKeywords.callTestCase(BuiltinKeywords.groovy:334)
	at Disbursement end to end (EFT Approved).run(Disbursement end to end (EFT Approved):16)
	at com.kms.katalon.core.main.ScriptEngine.run(ScriptEngine.java:194)
	at com.kms.katalon.core.main.ScriptEngine.runScriptAsRawText(ScriptEngine.java:119)
	at com.kms.katalon.core.main.TestCaseExecutor.runScript(TestCaseExecutor.java:328)
	at com.kms.katalon.core.main.TestCaseExecutor.doExecute(TestCaseExecutor.java:319)
	at com.kms.katalon.core.main.TestCaseExecutor.processExecutionPhase(TestCaseExecutor.java:298)
	at com.kms.katalon.core.main.TestCaseExecutor.accessMainPhase(TestCaseExecutor.java:290)
	at com.kms.katalon.core.main.TestCaseExecutor.execute(TestCaseExecutor.java:224)
	at com.kms.katalon.core.main.TestSuiteExecutor.accessTestCaseMainPhase(TestSuiteExecutor.java:129)
	at com.kms.katalon.core.main.TestSuiteExecutor.accessTestSuiteMainPhase(TestSuiteExecutor.java:112)
	at com.kms.katalon.core.main.TestSuiteExecutor.execute(TestSuiteExecutor.java:81)
	at com.kms.katalon.core.main.TestCaseMain.startTestSuite(TestCaseMain.java:149)
	at com.kms.katalon.core.main.TestCaseMain$startTestSuite$0.call(Unknown Source)
	at TempTestSuite1550476757023.run(TempTestSuite1550476757023.groovy:36)


2019-02-18 16:43:03 - [MESSAGE][FAILED] - Unable to call Test Case 'Test Cases/All TC/Arranged/2. Segment/2.6 Disbursement/DS - EFT/DS - Pending Claim (EFT)' (Root cause: com.kms.katalon.core.exception.StepFailedException: Call Test Case 'Test Cases/All TC/Arranged/2. Segment/2.6 Disbursement/DS - EFT/DS - Pending Claim (EFT)' failed)

2019-02-18 16:43:03 - [MESSAGE][FAILED] - callTestCase(findTestCase("All TC/Arranged/2. Segment/2.6 Disbursement/DS - EFT/DS - Pending Claim (EFT)"), [:], STOP_ON_FAILURE) FAILED.
Reason:
com.kms.katalon.core.exception.StepFailedException: Unable to get text of object 'Object Repository/YongJun/Disbursement/Disbursement - EFT/DS - Pending Claim (EFT)/Page_PERKESO/Get Case ID' (Root cause: com.kms.katalon.core.webui.exception.WebElementNotFoundException: Web element with id: 'Object Repository/YongJun/Disbursement/Disbursement - EFT/DS - Pending Claim (EFT)/Page_PERKESO/Get Case ID' located by 'By.xpath: id("pendingClaimTableId")/tbody[1]/tr[@class="odd"]/td[2]' not found)
	at com.kms.katalon.core.keyword.internal.KeywordMain.stepFailed(KeywordMain.groovy:36)
	at com.kms.katalon.core.webui.keyword.internal.WebUIKeywordMain.stepFailed(WebUIKeywordMain.groovy:65)
	at com.kms.katalon.core.webui.keyword.internal.WebUIKeywordMain.runKeyword(WebUIKeywordMain.groovy:27)
	at com.kms.katalon.core.webui.keyword.builtin.GetTextKeyword.getText(GetTextKeyword.groovy:88)
	at com.kms.katalon.core.webui.keyword.builtin.GetTextKeyword.execute(GetTextKeyword.groovy:67)
	at com.kms.katalon.core.keyword.internal.KeywordExecutor.executeKeywordForPlatform(KeywordExecutor.groovy:53)
	at com.kms.katalon.core.webui.keyword.WebUiBuiltInKeywords.getText(WebUiBuiltInKeywords.groovy:888)
	at com.kms.katalon.core.webui.keyword.WebUiBuiltInKeywords$getText$9.call(Unknown Source)
	at DS - Pending Claim (EFT).run(DS - Pending Claim (EFT):32)
	at com.kms.katalon.core.main.ScriptEngine.run(ScriptEngine.java:194)
	at com.kms.katalon.core.main.ScriptEngine.runScriptAsRawText(ScriptEngine.java:119)
	at com.kms.katalon.core.main.TestCaseExecutor.runScript(TestCaseExecutor.java:328)
	at com.kms.katalon.core.main.TestCaseExecutor.doExecute(TestCaseExecutor.java:319)
	at com.kms.katalon.core.main.TestCaseExecutor.processExecutionPhase(TestCaseExecutor.java:298)
	at com.kms.katalon.core.main.TestCaseExecutor.accessMainPhase(TestCaseExecutor.java:290)
	at com.kms.katalon.core.main.TestCaseExecutor.execute(TestCaseExecutor.java:224)
	at com.kms.katalon.core.main.TestCaseMain.runTestCase(TestCaseMain.java:106)
	at com.kms.katalon.core.keyword.builtin.CallTestCaseKeyword$_callTestCase_closure1.doCall(CallTestCaseKeyword.groovy:59)
	at com.kms.katalon.core.keyword.builtin.CallTestCaseKeyword$_callTestCase_closure1.call(CallTestCaseKeyword.groovy)
	at com.kms.katalon.core.keyword.internal.KeywordMain.runKeyword(KeywordMain.groovy:54)
	at com.kms.katalon.core.keyword.builtin.CallTestCaseKeyword.callTestCase(CallTestCaseKeyword.groovy:80)
	at com.kms.katalon.core.keyword.builtin.CallTestCaseKeyword.execute(CallTestCaseKeyword.groovy:44)
	at com.kms.katalon.core.keyword.internal.KeywordExecutor.executeKeywordForPlatform(KeywordExecutor.groovy:53)
	at com.kms.katalon.core.keyword.BuiltinKeywords.callTestCase(BuiltinKeywords.groovy:334)
	at Disbursement end to end (EFT Approved).run(Disbursement end to end (EFT Approved):16)
	at com.kms.katalon.core.main.ScriptEngine.run(ScriptEngine.java:194)
	at com.kms.katalon.core.main.ScriptEngine.runScriptAsRawText(ScriptEngine.java:119)
	at com.kms.katalon.core.main.TestCaseExecutor.runScript(TestCaseExecutor.java:328)
	at com.kms.katalon.core.main.TestCaseExecutor.doExecute(TestCaseExecutor.java:319)
	at com.kms.katalon.core.main.TestCaseExecutor.processExecutionPhase(TestCaseExecutor.java:298)
	at com.kms.katalon.core.main.TestCaseExecutor.accessMainPhase(TestCaseExecutor.java:290)
	at com.kms.katalon.core.main.TestCaseExecutor.execute(TestCaseExecutor.java:224)
	at com.kms.katalon.core.main.TestSuiteExecutor.accessTestCaseMainPhase(TestSuiteExecutor.java:129)
	at com.kms.katalon.core.main.TestSuiteExecutor.accessTestSuiteMainPhase(TestSuiteExecutor.java:112)
	at com.kms.katalon.core.main.TestSuiteExecutor.execute(TestSuiteExecutor.java:81)
	at com.kms.katalon.core.main.TestCaseMain.startTestSuite(TestCaseMain.java:149)
	at com.kms.katalon.core.main.TestCaseMain$startTestSuite$0.call(Unknown Source)
	at TempTestSuite1550476757023.run(TempTestSuite1550476757023.groovy:36)]]></system-out>
         <system-err><![CDATA[2019-02-18 16:42:07 - [TEST_CASE][FAILED] - Test Cases/All TC/Arranged/0. Full Flow/Disbursement end to end (EFT Approved): Test Cases/All TC/Arranged/0. Full Flow/Disbursement end to end (EFT Approved) FAILED.
Reason:
com.kms.katalon.core.exception.StepFailedException: Unable to get text of object 'Object Repository/YongJun/Disbursement/Disbursement - EFT/DS - Pending Claim (EFT)/Page_PERKESO/Get Case ID' (Root cause: com.kms.katalon.core.webui.exception.WebElementNotFoundException: Web element with id: 'Object Repository/YongJun/Disbursement/Disbursement - EFT/DS - Pending Claim (EFT)/Page_PERKESO/Get Case ID' located by 'By.xpath: id("pendingClaimTableId")/tbody[1]/tr[@class="odd"]/td[2]' not found)
	at com.kms.katalon.core.keyword.internal.KeywordMain.stepFailed(KeywordMain.groovy:36)
	at com.kms.katalon.core.webui.keyword.internal.WebUIKeywordMain.stepFailed(WebUIKeywordMain.groovy:65)
	at com.kms.katalon.core.webui.keyword.internal.WebUIKeywordMain.runKeyword(WebUIKeywordMain.groovy:27)
	at com.kms.katalon.core.webui.keyword.builtin.GetTextKeyword.getText(GetTextKeyword.groovy:88)
	at com.kms.katalon.core.webui.keyword.builtin.GetTextKeyword.execute(GetTextKeyword.groovy:67)
	at com.kms.katalon.core.keyword.internal.KeywordExecutor.executeKeywordForPlatform(KeywordExecutor.groovy:53)
	at com.kms.katalon.core.webui.keyword.WebUiBuiltInKeywords.getText(WebUiBuiltInKeywords.groovy:888)
	at com.kms.katalon.core.webui.keyword.WebUiBuiltInKeywords$getText$9.call(Unknown Source)
	at DS - Pending Claim (EFT).run(DS - Pending Claim (EFT):32)
	at com.kms.katalon.core.main.ScriptEngine.run(ScriptEngine.java:194)
	at com.kms.katalon.core.main.ScriptEngine.runScriptAsRawText(ScriptEngine.java:119)
	at com.kms.katalon.core.main.TestCaseExecutor.runScript(TestCaseExecutor.java:328)
	at com.kms.katalon.core.main.TestCaseExecutor.doExecute(TestCaseExecutor.java:319)
	at com.kms.katalon.core.main.TestCaseExecutor.processExecutionPhase(TestCaseExecutor.java:298)
	at com.kms.katalon.core.main.TestCaseExecutor.accessMainPhase(TestCaseExecutor.java:290)
	at com.kms.katalon.core.main.TestCaseExecutor.execute(TestCaseExecutor.java:224)
	at com.kms.katalon.core.main.TestCaseMain.runTestCase(TestCaseMain.java:106)
	at com.kms.katalon.core.keyword.builtin.CallTestCaseKeyword$_callTestCase_closure1.doCall(CallTestCaseKeyword.groovy:59)
	at com.kms.katalon.core.keyword.builtin.CallTestCaseKeyword$_callTestCase_closure1.call(CallTestCaseKeyword.groovy)
	at com.kms.katalon.core.keyword.internal.KeywordMain.runKeyword(KeywordMain.groovy:54)
	at com.kms.katalon.core.keyword.builtin.CallTestCaseKeyword.callTestCase(CallTestCaseKeyword.groovy:80)
	at com.kms.katalon.core.keyword.builtin.CallTestCaseKeyword.execute(CallTestCaseKeyword.groovy:44)
	at com.kms.katalon.core.keyword.internal.KeywordExecutor.executeKeywordForPlatform(KeywordExecutor.groovy:53)
	at com.kms.katalon.core.keyword.BuiltinKeywords.callTestCase(BuiltinKeywords.groovy:334)
	at Disbursement end to end (EFT Approved).run(Disbursement end to end (EFT Approved):16)
	at com.kms.katalon.core.main.ScriptEngine.run(ScriptEngine.java:194)
	at com.kms.katalon.core.main.ScriptEngine.runScriptAsRawText(ScriptEngine.java:119)
	at com.kms.katalon.core.main.TestCaseExecutor.runScript(TestCaseExecutor.java:328)
	at com.kms.katalon.core.main.TestCaseExecutor.doExecute(TestCaseExecutor.java:319)
	at com.kms.katalon.core.main.TestCaseExecutor.processExecutionPhase(TestCaseExecutor.java:298)
	at com.kms.katalon.core.main.TestCaseExecutor.accessMainPhase(TestCaseExecutor.java:290)
	at com.kms.katalon.core.main.TestCaseExecutor.execute(TestCaseExecutor.java:224)
	at com.kms.katalon.core.main.TestSuiteExecutor.accessTestCaseMainPhase(TestSuiteExecutor.java:129)
	at com.kms.katalon.core.main.TestSuiteExecutor.accessTestSuiteMainPhase(TestSuiteExecutor.java:112)
	at com.kms.katalon.core.main.TestSuiteExecutor.execute(TestSuiteExecutor.java:81)
	at com.kms.katalon.core.main.TestCaseMain.startTestSuite(TestCaseMain.java:149)
	at com.kms.katalon.core.main.TestCaseMain$startTestSuite$0.call(Unknown Source)
	at TempTestSuite1550476757023.run(TempTestSuite1550476757023.groovy:36)]]></system-err>
      </testcase>
      <testcase name="Test Cases/All TC/Arranged/0. Full Flow/Disbursement end to end (CHQ Reject)" classname="Test Cases/All TC/Arranged/0. Full Flow/Disbursement end to end (CHQ Reject)" status="FAILED">
         <failure type="FAILED" message="Test Cases/All TC/Arranged/0. Full Flow/Disbursement end to end (CHQ Reject) FAILED.
Reason:
com.kms.katalon.core.exception.StepFailedException: Unable to click on object 'Object Repository/YongJun/Disbursement/Disbursement - CHQ/DS - Pending Claim (CHQ)/Page_PERKESO/DS pre logout' (Root cause: com.kms.katalon.core.webui.exception.WebElementNotFoundException: Web element with id: 'Object Repository/YongJun/Disbursement/Disbursement - CHQ/DS - Pending Claim (CHQ)/Page_PERKESO/DS pre logout' located by 'By.xpath: id(&quot;bg2&quot;)/header[1]/div[@class=&quot;container-fluid&quot;]/div[@class=&quot;row&quot;]/div[@class=&quot;col-md-2&quot;]/ul[@class=&quot;nav navbar-nav navbar-right&quot;]/li[@class=&quot;dropdown&quot;]/a[@class=&quot;dropdown-toggle&quot;]/span[@class=&quot;caret&quot;]' not found)
	at com.kms.katalon.core.keyword.internal.KeywordMain.stepFailed(KeywordMain.groovy:36)
	at com.kms.katalon.core.webui.keyword.internal.WebUIKeywordMain.stepFailed(WebUIKeywordMain.groovy:65)
	at com.kms.katalon.core.webui.keyword.internal.WebUIKeywordMain.runKeyword(WebUIKeywordMain.groovy:27)
	at com.kms.katalon.core.webui.keyword.builtin.ClickKeyword.click(ClickKeyword.groovy:86)
	at com.kms.katalon.core.webui.keyword.builtin.ClickKeyword.execute(ClickKeyword.groovy:67)
	at com.kms.katalon.core.keyword.internal.KeywordExecutor.executeKeywordForPlatform(KeywordExecutor.groovy:53)
	at com.kms.katalon.core.webui.keyword.WebUiBuiltInKeywords.click(WebUiBuiltInKeywords.groovy:616)
	at com.kms.katalon.core.webui.keyword.WebUiBuiltInKeywords$click$3.call(Unknown Source)
	at DS - Pending Claim (CHQ).run(DS - Pending Claim (CHQ):54)
	at com.kms.katalon.core.main.ScriptEngine.run(ScriptEngine.java:194)
	at com.kms.katalon.core.main.ScriptEngine.runScriptAsRawText(ScriptEngine.java:119)
	at com.kms.katalon.core.main.TestCaseExecutor.runScript(TestCaseExecutor.java:328)
	at com.kms.katalon.core.main.TestCaseExecutor.doExecute(TestCaseExecutor.java:319)
	at com.kms.katalon.core.main.TestCaseExecutor.processExecutionPhase(TestCaseExecutor.java:298)
	at com.kms.katalon.core.main.TestCaseExecutor.accessMainPhase(TestCaseExecutor.java:290)
	at com.kms.katalon.core.main.TestCaseExecutor.execute(TestCaseExecutor.java:224)
	at com.kms.katalon.core.main.TestCaseMain.runTestCase(TestCaseMain.java:106)
	at com.kms.katalon.core.keyword.builtin.CallTestCaseKeyword$_callTestCase_closure1.doCall(CallTestCaseKeyword.groovy:59)
	at com.kms.katalon.core.keyword.builtin.CallTestCaseKeyword$_callTestCase_closure1.call(CallTestCaseKeyword.groovy)
	at com.kms.katalon.core.keyword.internal.KeywordMain.runKeyword(KeywordMain.groovy:54)
	at com.kms.katalon.core.keyword.builtin.CallTestCaseKeyword.callTestCase(CallTestCaseKeyword.groovy:80)
	at com.kms.katalon.core.keyword.builtin.CallTestCaseKeyword.execute(CallTestCaseKeyword.groovy:44)
	at com.kms.katalon.core.keyword.internal.KeywordExecutor.executeKeywordForPlatform(KeywordExecutor.groovy:53)
	at com.kms.katalon.core.keyword.BuiltinKeywords.callTestCase(BuiltinKeywords.groovy:334)
	at Disbursement end to end (CHQ Reject).run(Disbursement end to end (CHQ Reject):16)
	at com.kms.katalon.core.main.ScriptEngine.run(ScriptEngine.java:194)
	at com.kms.katalon.core.main.ScriptEngine.runScriptAsRawText(ScriptEngine.java:119)
	at com.kms.katalon.core.main.TestCaseExecutor.runScript(TestCaseExecutor.java:328)
	at com.kms.katalon.core.main.TestCaseExecutor.doExecute(TestCaseExecutor.java:319)
	at com.kms.katalon.core.main.TestCaseExecutor.processExecutionPhase(TestCaseExecutor.java:298)
	at com.kms.katalon.core.main.TestCaseExecutor.accessMainPhase(TestCaseExecutor.java:290)
	at com.kms.katalon.core.main.TestCaseExecutor.execute(TestCaseExecutor.java:224)
	at com.kms.katalon.core.main.TestSuiteExecutor.accessTestCaseMainPhase(TestSuiteExecutor.java:129)
	at com.kms.katalon.core.main.TestSuiteExecutor.accessTestSuiteMainPhase(TestSuiteExecutor.java:112)
	at com.kms.katalon.core.main.TestSuiteExecutor.execute(TestSuiteExecutor.java:81)
	at com.kms.katalon.core.main.TestCaseMain.startTestSuite(TestCaseMain.java:149)
	at com.kms.katalon.core.main.TestCaseMain$startTestSuite$0.call(Unknown Source)
	at TempTestSuite1550476757023.run(TempTestSuite1550476757023.groovy:36)
"/>
         <system-out><![CDATA[2019-02-18 16:43:04 - [TEST_CASE][FAILED] - Test Cases/All TC/Arranged/0. Full Flow/Disbursement end to end (CHQ Reject): Test Cases/All TC/Arranged/0. Full Flow/Disbursement end to end (CHQ Reject) FAILED.
Reason:
com.kms.katalon.core.exception.StepFailedException: Unable to click on object 'Object Repository/YongJun/Disbursement/Disbursement - CHQ/DS - Pending Claim (CHQ)/Page_PERKESO/DS pre logout' (Root cause: com.kms.katalon.core.webui.exception.WebElementNotFoundException: Web element with id: 'Object Repository/YongJun/Disbursement/Disbursement - CHQ/DS - Pending Claim (CHQ)/Page_PERKESO/DS pre logout' located by 'By.xpath: id("bg2")/header[1]/div[@class="container-fluid"]/div[@class="row"]/div[@class="col-md-2"]/ul[@class="nav navbar-nav navbar-right"]/li[@class="dropdown"]/a[@class="dropdown-toggle"]/span[@class="caret"]' not found)
	at com.kms.katalon.core.keyword.internal.KeywordMain.stepFailed(KeywordMain.groovy:36)
	at com.kms.katalon.core.webui.keyword.internal.WebUIKeywordMain.stepFailed(WebUIKeywordMain.groovy:65)
	at com.kms.katalon.core.webui.keyword.internal.WebUIKeywordMain.runKeyword(WebUIKeywordMain.groovy:27)
	at com.kms.katalon.core.webui.keyword.builtin.ClickKeyword.click(ClickKeyword.groovy:86)
	at com.kms.katalon.core.webui.keyword.builtin.ClickKeyword.execute(ClickKeyword.groovy:67)
	at com.kms.katalon.core.keyword.internal.KeywordExecutor.executeKeywordForPlatform(KeywordExecutor.groovy:53)
	at com.kms.katalon.core.webui.keyword.WebUiBuiltInKeywords.click(WebUiBuiltInKeywords.groovy:616)
	at com.kms.katalon.core.webui.keyword.WebUiBuiltInKeywords$click$3.call(Unknown Source)
	at DS - Pending Claim (CHQ).run(DS - Pending Claim (CHQ):54)
	at com.kms.katalon.core.main.ScriptEngine.run(ScriptEngine.java:194)
	at com.kms.katalon.core.main.ScriptEngine.runScriptAsRawText(ScriptEngine.java:119)
	at com.kms.katalon.core.main.TestCaseExecutor.runScript(TestCaseExecutor.java:328)
	at com.kms.katalon.core.main.TestCaseExecutor.doExecute(TestCaseExecutor.java:319)
	at com.kms.katalon.core.main.TestCaseExecutor.processExecutionPhase(TestCaseExecutor.java:298)
	at com.kms.katalon.core.main.TestCaseExecutor.accessMainPhase(TestCaseExecutor.java:290)
	at com.kms.katalon.core.main.TestCaseExecutor.execute(TestCaseExecutor.java:224)
	at com.kms.katalon.core.main.TestCaseMain.runTestCase(TestCaseMain.java:106)
	at com.kms.katalon.core.keyword.builtin.CallTestCaseKeyword$_callTestCase_closure1.doCall(CallTestCaseKeyword.groovy:59)
	at com.kms.katalon.core.keyword.builtin.CallTestCaseKeyword$_callTestCase_closure1.call(CallTestCaseKeyword.groovy)
	at com.kms.katalon.core.keyword.internal.KeywordMain.runKeyword(KeywordMain.groovy:54)
	at com.kms.katalon.core.keyword.builtin.CallTestCaseKeyword.callTestCase(CallTestCaseKeyword.groovy:80)
	at com.kms.katalon.core.keyword.builtin.CallTestCaseKeyword.execute(CallTestCaseKeyword.groovy:44)
	at com.kms.katalon.core.keyword.internal.KeywordExecutor.executeKeywordForPlatform(KeywordExecutor.groovy:53)
	at com.kms.katalon.core.keyword.BuiltinKeywords.callTestCase(BuiltinKeywords.groovy:334)
	at Disbursement end to end (CHQ Reject).run(Disbursement end to end (CHQ Reject):16)
	at com.kms.katalon.core.main.ScriptEngine.run(ScriptEngine.java:194)
	at com.kms.katalon.core.main.ScriptEngine.runScriptAsRawText(ScriptEngine.java:119)
	at com.kms.katalon.core.main.TestCaseExecutor.runScript(TestCaseExecutor.java:328)
	at com.kms.katalon.core.main.TestCaseExecutor.doExecute(TestCaseExecutor.java:319)
	at com.kms.katalon.core.main.TestCaseExecutor.processExecutionPhase(TestCaseExecutor.java:298)
	at com.kms.katalon.core.main.TestCaseExecutor.accessMainPhase(TestCaseExecutor.java:290)
	at com.kms.katalon.core.main.TestCaseExecutor.execute(TestCaseExecutor.java:224)
	at com.kms.katalon.core.main.TestSuiteExecutor.accessTestCaseMainPhase(TestSuiteExecutor.java:129)
	at com.kms.katalon.core.main.TestSuiteExecutor.accessTestSuiteMainPhase(TestSuiteExecutor.java:112)
	at com.kms.katalon.core.main.TestSuiteExecutor.execute(TestSuiteExecutor.java:81)
	at com.kms.katalon.core.main.TestCaseMain.startTestSuite(TestCaseMain.java:149)
	at com.kms.katalon.core.main.TestCaseMain$startTestSuite$0.call(Unknown Source)
	at TempTestSuite1550476757023.run(TempTestSuite1550476757023.groovy:36)


2019-02-18 16:43:04 - [TEST_STEP][FAILED] - callTestCase(findTestCase("All TC/Arranged/2. Segment/2.6 Disbursement/DS - CHQ/DS - Pending Claim (CHQ)"), [:], STOP_ON_FAILURE): callTestCase(findTestCase("All TC/Arranged/2. Segment/2.6 Disbursement/DS - CHQ/DS - Pending Claim (CHQ)"), [:], STOP_ON_FAILURE) FAILED.
Reason:
com.kms.katalon.core.exception.StepFailedException: Unable to click on object 'Object Repository/YongJun/Disbursement/Disbursement - CHQ/DS - Pending Claim (CHQ)/Page_PERKESO/DS pre logout' (Root cause: com.kms.katalon.core.webui.exception.WebElementNotFoundException: Web element with id: 'Object Repository/YongJun/Disbursement/Disbursement - CHQ/DS - Pending Claim (CHQ)/Page_PERKESO/DS pre logout' located by 'By.xpath: id("bg2")/header[1]/div[@class="container-fluid"]/div[@class="row"]/div[@class="col-md-2"]/ul[@class="nav navbar-nav navbar-right"]/li[@class="dropdown"]/a[@class="dropdown-toggle"]/span[@class="caret"]' not found)
	at com.kms.katalon.core.keyword.internal.KeywordMain.stepFailed(KeywordMain.groovy:36)
	at com.kms.katalon.core.webui.keyword.internal.WebUIKeywordMain.stepFailed(WebUIKeywordMain.groovy:65)
	at com.kms.katalon.core.webui.keyword.internal.WebUIKeywordMain.runKeyword(WebUIKeywordMain.groovy:27)
	at com.kms.katalon.core.webui.keyword.builtin.ClickKeyword.click(ClickKeyword.groovy:86)
	at com.kms.katalon.core.webui.keyword.builtin.ClickKeyword.execute(ClickKeyword.groovy:67)
	at com.kms.katalon.core.keyword.internal.KeywordExecutor.executeKeywordForPlatform(KeywordExecutor.groovy:53)
	at com.kms.katalon.core.webui.keyword.WebUiBuiltInKeywords.click(WebUiBuiltInKeywords.groovy:616)
	at com.kms.katalon.core.webui.keyword.WebUiBuiltInKeywords$click$3.call(Unknown Source)
	at DS - Pending Claim (CHQ).run(DS - Pending Claim (CHQ):54)
	at com.kms.katalon.core.main.ScriptEngine.run(ScriptEngine.java:194)
	at com.kms.katalon.core.main.ScriptEngine.runScriptAsRawText(ScriptEngine.java:119)
	at com.kms.katalon.core.main.TestCaseExecutor.runScript(TestCaseExecutor.java:328)
	at com.kms.katalon.core.main.TestCaseExecutor.doExecute(TestCaseExecutor.java:319)
	at com.kms.katalon.core.main.TestCaseExecutor.processExecutionPhase(TestCaseExecutor.java:298)
	at com.kms.katalon.core.main.TestCaseExecutor.accessMainPhase(TestCaseExecutor.java:290)
	at com.kms.katalon.core.main.TestCaseExecutor.execute(TestCaseExecutor.java:224)
	at com.kms.katalon.core.main.TestCaseMain.runTestCase(TestCaseMain.java:106)
	at com.kms.katalon.core.keyword.builtin.CallTestCaseKeyword$_callTestCase_closure1.doCall(CallTestCaseKeyword.groovy:59)
	at com.kms.katalon.core.keyword.builtin.CallTestCaseKeyword$_callTestCase_closure1.call(CallTestCaseKeyword.groovy)
	at com.kms.katalon.core.keyword.internal.KeywordMain.runKeyword(KeywordMain.groovy:54)
	at com.kms.katalon.core.keyword.builtin.CallTestCaseKeyword.callTestCase(CallTestCaseKeyword.groovy:80)
	at com.kms.katalon.core.keyword.builtin.CallTestCaseKeyword.execute(CallTestCaseKeyword.groovy:44)
	at com.kms.katalon.core.keyword.internal.KeywordExecutor.executeKeywordForPlatform(KeywordExecutor.groovy:53)
	at com.kms.katalon.core.keyword.BuiltinKeywords.callTestCase(BuiltinKeywords.groovy:334)
	at Disbursement end to end (CHQ Reject).run(Disbursement end to end (CHQ Reject):16)
	at com.kms.katalon.core.main.ScriptEngine.run(ScriptEngine.java:194)
	at com.kms.katalon.core.main.ScriptEngine.runScriptAsRawText(ScriptEngine.java:119)
	at com.kms.katalon.core.main.TestCaseExecutor.runScript(TestCaseExecutor.java:328)
	at com.kms.katalon.core.main.TestCaseExecutor.doExecute(TestCaseExecutor.java:319)
	at com.kms.katalon.core.main.TestCaseExecutor.processExecutionPhase(TestCaseExecutor.java:298)
	at com.kms.katalon.core.main.TestCaseExecutor.accessMainPhase(TestCaseExecutor.java:290)
	at com.kms.katalon.core.main.TestCaseExecutor.execute(TestCaseExecutor.java:224)
	at com.kms.katalon.core.main.TestSuiteExecutor.accessTestCaseMainPhase(TestSuiteExecutor.java:129)
	at com.kms.katalon.core.main.TestSuiteExecutor.accessTestSuiteMainPhase(TestSuiteExecutor.java:112)
	at com.kms.katalon.core.main.TestSuiteExecutor.execute(TestSuiteExecutor.java:81)
	at com.kms.katalon.core.main.TestCaseMain.startTestSuite(TestCaseMain.java:149)
	at com.kms.katalon.core.main.TestCaseMain$startTestSuite$0.call(Unknown Source)
	at TempTestSuite1550476757023.run(TempTestSuite1550476757023.groovy:36)


2019-02-18 16:43:04 - [TEST_CASE][FAILED] - Test Cases/All TC/Arranged/2. Segment/2.6 Disbursement/DS - CHQ/DS - Pending Claim (CHQ): Test Cases/All TC/Arranged/2. Segment/2.6 Disbursement/DS - CHQ/DS - Pending Claim (CHQ) FAILED.
Reason:
com.kms.katalon.core.exception.StepFailedException: Unable to click on object 'Object Repository/YongJun/Disbursement/Disbursement - CHQ/DS - Pending Claim (CHQ)/Page_PERKESO/DS pre logout' (Root cause: com.kms.katalon.core.webui.exception.WebElementNotFoundException: Web element with id: 'Object Repository/YongJun/Disbursement/Disbursement - CHQ/DS - Pending Claim (CHQ)/Page_PERKESO/DS pre logout' located by 'By.xpath: id("bg2")/header[1]/div[@class="container-fluid"]/div[@class="row"]/div[@class="col-md-2"]/ul[@class="nav navbar-nav navbar-right"]/li[@class="dropdown"]/a[@class="dropdown-toggle"]/span[@class="caret"]' not found)
	at com.kms.katalon.core.keyword.internal.KeywordMain.stepFailed(KeywordMain.groovy:36)
	at com.kms.katalon.core.webui.keyword.internal.WebUIKeywordMain.stepFailed(WebUIKeywordMain.groovy:65)
	at com.kms.katalon.core.webui.keyword.internal.WebUIKeywordMain.runKeyword(WebUIKeywordMain.groovy:27)
	at com.kms.katalon.core.webui.keyword.builtin.ClickKeyword.click(ClickKeyword.groovy:86)
	at com.kms.katalon.core.webui.keyword.builtin.ClickKeyword.execute(ClickKeyword.groovy:67)
	at com.kms.katalon.core.keyword.internal.KeywordExecutor.executeKeywordForPlatform(KeywordExecutor.groovy:53)
	at com.kms.katalon.core.webui.keyword.WebUiBuiltInKeywords.click(WebUiBuiltInKeywords.groovy:616)
	at com.kms.katalon.core.webui.keyword.WebUiBuiltInKeywords$click$3.call(Unknown Source)
	at DS - Pending Claim (CHQ).run(DS - Pending Claim (CHQ):54)
	at com.kms.katalon.core.main.ScriptEngine.run(ScriptEngine.java:194)
	at com.kms.katalon.core.main.ScriptEngine.runScriptAsRawText(ScriptEngine.java:119)
	at com.kms.katalon.core.main.TestCaseExecutor.runScript(TestCaseExecutor.java:328)
	at com.kms.katalon.core.main.TestCaseExecutor.doExecute(TestCaseExecutor.java:319)
	at com.kms.katalon.core.main.TestCaseExecutor.processExecutionPhase(TestCaseExecutor.java:298)
	at com.kms.katalon.core.main.TestCaseExecutor.accessMainPhase(TestCaseExecutor.java:290)
	at com.kms.katalon.core.main.TestCaseExecutor.execute(TestCaseExecutor.java:224)
	at com.kms.katalon.core.main.TestCaseMain.runTestCase(TestCaseMain.java:106)
	at com.kms.katalon.core.keyword.builtin.CallTestCaseKeyword$_callTestCase_closure1.doCall(CallTestCaseKeyword.groovy:59)
	at com.kms.katalon.core.keyword.builtin.CallTestCaseKeyword$_callTestCase_closure1.call(CallTestCaseKeyword.groovy)
	at com.kms.katalon.core.keyword.internal.KeywordMain.runKeyword(KeywordMain.groovy:54)
	at com.kms.katalon.core.keyword.builtin.CallTestCaseKeyword.callTestCase(CallTestCaseKeyword.groovy:80)
	at com.kms.katalon.core.keyword.builtin.CallTestCaseKeyword.execute(CallTestCaseKeyword.groovy:44)
	at com.kms.katalon.core.keyword.internal.KeywordExecutor.executeKeywordForPlatform(KeywordExecutor.groovy:53)
	at com.kms.katalon.core.keyword.BuiltinKeywords.callTestCase(BuiltinKeywords.groovy:334)
	at Disbursement end to end (CHQ Reject).run(Disbursement end to end (CHQ Reject):16)
	at com.kms.katalon.core.main.ScriptEngine.run(ScriptEngine.java:194)
	at com.kms.katalon.core.main.ScriptEngine.runScriptAsRawText(ScriptEngine.java:119)
	at com.kms.katalon.core.main.TestCaseExecutor.runScript(TestCaseExecutor.java:328)
	at com.kms.katalon.core.main.TestCaseExecutor.doExecute(TestCaseExecutor.java:319)
	at com.kms.katalon.core.main.TestCaseExecutor.processExecutionPhase(TestCaseExecutor.java:298)
	at com.kms.katalon.core.main.TestCaseExecutor.accessMainPhase(TestCaseExecutor.java:290)
	at com.kms.katalon.core.main.TestCaseExecutor.execute(TestCaseExecutor.java:224)
	at com.kms.katalon.core.main.TestSuiteExecutor.accessTestCaseMainPhase(TestSuiteExecutor.java:129)
	at com.kms.katalon.core.main.TestSuiteExecutor.accessTestSuiteMainPhase(TestSuiteExecutor.java:112)
	at com.kms.katalon.core.main.TestSuiteExecutor.execute(TestSuiteExecutor.java:81)
	at com.kms.katalon.core.main.TestCaseMain.startTestSuite(TestCaseMain.java:149)
	at com.kms.katalon.core.main.TestCaseMain$startTestSuite$0.call(Unknown Source)
	at TempTestSuite1550476757023.run(TempTestSuite1550476757023.groovy:36)


2019-02-18 16:43:05 - [TEST_STEP][PASSED] - openBrowser(""): Browser is opened with url: ''

2019-02-18 16:43:05 - [MESSAGE][WARNING] - A browser is already opened. Closing browser and opening a new one

2019-02-18 16:43:06 - [MESSAGE][INFO] - Starting 'Chrome' driver

2019-02-18 16:43:06 - [MESSAGE][INFO] - User set preference: ['args', '[--start-maximized]']

2019-02-18 16:43:10 - [MESSAGE][PASSED] - Browser is opened with url: ''

2019-02-18 16:43:10 - [TEST_STEP][PASSED] - maximizeWindow(): Current window maximized

2019-02-18 16:43:12 - [MESSAGE][PASSED] - Current window maximized

2019-02-18 16:43:12 - [TEST_STEP][PASSED] - navigateToUrl(Internal_Login): Navigate to 'http://10.20.24.188/eisportal/user/login' successfully

2019-02-18 16:43:14 - [MESSAGE][PASSED] - Navigate to 'http://10.20.24.188/eisportal/user/login' successfully

2019-02-18 16:43:14 - [TEST_STEP][PASSED] - delay(2): Delayed 2 second(s)

2019-02-18 16:43:16 - [MESSAGE][PASSED] - Delayed 2 second(s)

2019-02-18 16:43:16 - [TEST_STEP][PASSED] - setText(findTestObject("YongJun/Disbursement/Disbursement - CHQ/DS - Pending Claim (CHQ)/Page_PERKESO/DS login username"), "jh1ds@perkeso.gov.my"): Text 'jh1ds@perkeso.gov.my' is set on object 'Object Repository/YongJun/Disbursement/Disbursement - CHQ/DS - Pending Claim (CHQ)/Page_PERKESO/DS login username'

2019-02-18 16:43:21 - [MESSAGE][PASSED] - Text 'jh1ds@perkeso.gov.my' is set on object 'Object Repository/YongJun/Disbursement/Disbursement - CHQ/DS - Pending Claim (CHQ)/Page_PERKESO/DS login username'

2019-02-18 16:43:21 - [TEST_STEP][PASSED] - setEncryptedText(findTestObject("YongJun/Disbursement/Disbursement - CHQ/DS - Pending Claim (CHQ)/Page_PERKESO/DS login password"), "CQqwFZlbeC8="): Text ****** has been set on object 'Object Repository/YongJun/Disbursement/Disbursement - CHQ/DS - Pending Claim (CHQ)/Page_PERKESO/DS login password'

2019-02-18 16:43:24 - [MESSAGE][PASSED] - Text ****** has been set on object 'Object Repository/YongJun/Disbursement/Disbursement - CHQ/DS - Pending Claim (CHQ)/Page_PERKESO/DS login password'

2019-02-18 16:43:24 - [TEST_STEP][PASSED] - click(findTestObject("YongJun/Disbursement/Disbursement - CHQ/DS - Pending Claim (CHQ)/Page_PERKESO/DS login button")): Object: 'Object Repository/YongJun/Disbursement/Disbursement - CHQ/DS - Pending Claim (CHQ)/Page_PERKESO/DS login button' is clicked on

2019-02-18 16:43:27 - [MESSAGE][PASSED] - Object: 'Object Repository/YongJun/Disbursement/Disbursement - CHQ/DS - Pending Claim (CHQ)/Page_PERKESO/DS login button' is clicked on

2019-02-18 16:43:27 - [TEST_STEP][PASSED] - delay(2): Delayed 2 second(s)

2019-02-18 16:43:29 - [MESSAGE][PASSED] - Delayed 2 second(s)

2019-02-18 16:43:29 - [TEST_STEP][PASSED] - EiEsCaseID = getText(findTestObject("YongJun/Disbursement/Disbursement - CHQ/DS - Pending Claim (CHQ)/Page_PERKESO/Get Case ID")): Text of object 'Object Repository/YongJun/Disbursement/Disbursement - CHQ/DS - Pending Claim (CHQ)/Page_PERKESO/Get Case ID' is: 'SIPE1119070000009'

2019-02-18 16:43:31 - [MESSAGE][PASSED] - Text of object 'Object Repository/YongJun/Disbursement/Disbursement - CHQ/DS - Pending Claim (CHQ)/Page_PERKESO/Get Case ID' is: 'SIPE1119070000009'

2019-02-18 16:43:31 - [TEST_STEP][PASSED] - delay(2): Delayed 2 second(s)

2019-02-18 16:43:33 - [MESSAGE][PASSED] - Delayed 2 second(s)

2019-02-18 16:43:33 - [TEST_STEP][PASSED] - callTestCase(findTestCase("All TC/Arranged/3. Unit/EI/Disbursement Common/SetterCaseID"), [:], STOP_ON_FAILURE): Call Test Case 'Test Cases/All TC/Arranged/3. Unit/EI/Disbursement Common/SetterCaseID' successfully

2019-02-18 16:43:33 - [TEST_CASE][PASSED] - Test Cases/All TC/Arranged/3. Unit/EI/Disbursement Common/SetterCaseID: Test Cases/All TC/Arranged/3. Unit/EI/Disbursement Common/SetterCaseID

2019-02-18 16:43:34 - [TEST_STEP][PASSED] - RefNoOldFile = new java.io.File((internal.GlobalVariable.TextFilePathCommon + \SetterCaseID.txt)): null

2019-02-18 16:43:34 - [TEST_STEP][PASSED] - RefNoOldFile.delete(): null

2019-02-18 16:43:34 - [TEST_STEP][PASSED] - delay(5): Delayed 5 second(s)

2019-02-18 16:43:39 - [MESSAGE][PASSED] - Delayed 5 second(s)

2019-02-18 16:43:39 - [TEST_STEP][PASSED] - RefNo = new java.io.File((internal.GlobalVariable.TextFilePathCommon + \SetterCaseID.txt)): null

2019-02-18 16:43:39 - [TEST_STEP][PASSED] - f2 = new java.io.FileWriter(RefNo, false): null

2019-02-18 16:43:39 - [TEST_STEP][PASSED] - f2.write(EiEsCaseID): null

2019-02-18 16:43:39 - [TEST_STEP][PASSED] - f2.close(): null

2019-02-18 16:43:39 - [TEST_STEP][PASSED] - out.println("


" + EiEsCaseID + "


"): null

2019-02-18 16:43:39 - [MESSAGE][PASSED] - Call Test Case 'Test Cases/All TC/Arranged/3. Unit/EI/Disbursement Common/SetterCaseID' successfully

2019-02-18 16:43:39 - [TEST_STEP][PASSED] - delay(2): Delayed 2 second(s)

2019-02-18 16:43:41 - [MESSAGE][PASSED] - Delayed 2 second(s)

2019-02-18 16:43:41 - [TEST_STEP][PASSED] - click(findTestObject("YongJun/Disbursement/Disbursement - CHQ/DS - Pending Claim (CHQ)/Page_PERKESO/DS case checkbox")): Object: 'Object Repository/YongJun/Disbursement/Disbursement - CHQ/DS - Pending Claim (CHQ)/Page_PERKESO/DS case checkbox' is clicked on

2019-02-18 16:43:43 - [MESSAGE][PASSED] - Object: 'Object Repository/YongJun/Disbursement/Disbursement - CHQ/DS - Pending Claim (CHQ)/Page_PERKESO/DS case checkbox' is clicked on

2019-02-18 16:43:43 - [TEST_STEP][PASSED] - click(findTestObject("YongJun/Disbursement/Disbursement - CHQ/DS - Pending Claim (CHQ)/Page_PERKESO/DS accept case")): Object: 'Object Repository/YongJun/Disbursement/Disbursement - CHQ/DS - Pending Claim (CHQ)/Page_PERKESO/DS accept case' is clicked on

2019-02-18 16:43:45 - [MESSAGE][PASSED] - Object: 'Object Repository/YongJun/Disbursement/Disbursement - CHQ/DS - Pending Claim (CHQ)/Page_PERKESO/DS accept case' is clicked on

2019-02-18 16:43:45 - [TEST_STEP][PASSED] - delay(2): Delayed 2 second(s)

2019-02-18 16:43:47 - [MESSAGE][PASSED] - Delayed 2 second(s)

2019-02-18 16:43:47 - [TEST_STEP][PASSED] - setText(findTestObject("YongJun/Disbursement/Disbursement - CHQ/DS - Pending Claim (CHQ)/Page_PERKESO/DS enter value date"), "01/01/2019"): Text '01/01/2019' is set on object 'Object Repository/YongJun/Disbursement/Disbursement - CHQ/DS - Pending Claim (CHQ)/Page_PERKESO/DS enter value date'

2019-02-18 16:43:51 - [MESSAGE][PASSED] - Text '01/01/2019' is set on object 'Object Repository/YongJun/Disbursement/Disbursement - CHQ/DS - Pending Claim (CHQ)/Page_PERKESO/DS enter value date'

2019-02-18 16:43:51 - [TEST_STEP][PASSED] - delay(2): Delayed 2 second(s)

2019-02-18 16:43:53 - [MESSAGE][PASSED] - Delayed 2 second(s)

2019-02-18 16:43:53 - [TEST_STEP][PASSED] - click(findTestObject("YongJun/Disbursement/Disbursement - CHQ/DS - Pending Claim (CHQ)/Page_PERKESO/DS confirm value date")): Object: 'Object Repository/YongJun/Disbursement/Disbursement - CHQ/DS - Pending Claim (CHQ)/Page_PERKESO/DS confirm value date' is clicked on

2019-02-18 16:43:56 - [MESSAGE][PASSED] - Object: 'Object Repository/YongJun/Disbursement/Disbursement - CHQ/DS - Pending Claim (CHQ)/Page_PERKESO/DS confirm value date' is clicked on

2019-02-18 16:43:56 - [TEST_STEP][PASSED] - delay(2): Delayed 2 second(s)

2019-02-18 16:43:58 - [MESSAGE][PASSED] - Delayed 2 second(s)

2019-02-18 16:43:58 - [TEST_STEP][FAILED] - click(findTestObject("YongJun/Disbursement/Disbursement - CHQ/DS - Pending Claim (CHQ)/Page_PERKESO/DS pre logout")): click(findTestObject("YongJun/Disbursement/Disbursement - CHQ/DS - Pending Claim (CHQ)/Page_PERKESO/DS pre logout")) FAILED.
Reason:
com.kms.katalon.core.exception.StepFailedException: Unable to click on object 'Object Repository/YongJun/Disbursement/Disbursement - CHQ/DS - Pending Claim (CHQ)/Page_PERKESO/DS pre logout' (Root cause: com.kms.katalon.core.webui.exception.WebElementNotFoundException: Web element with id: 'Object Repository/YongJun/Disbursement/Disbursement - CHQ/DS - Pending Claim (CHQ)/Page_PERKESO/DS pre logout' located by 'By.xpath: id("bg2")/header[1]/div[@class="container-fluid"]/div[@class="row"]/div[@class="col-md-2"]/ul[@class="nav navbar-nav navbar-right"]/li[@class="dropdown"]/a[@class="dropdown-toggle"]/span[@class="caret"]' not found)
	at com.kms.katalon.core.keyword.internal.KeywordMain.stepFailed(KeywordMain.groovy:36)
	at com.kms.katalon.core.webui.keyword.internal.WebUIKeywordMain.stepFailed(WebUIKeywordMain.groovy:65)
	at com.kms.katalon.core.webui.keyword.internal.WebUIKeywordMain.runKeyword(WebUIKeywordMain.groovy:27)
	at com.kms.katalon.core.webui.keyword.builtin.ClickKeyword.click(ClickKeyword.groovy:86)
	at com.kms.katalon.core.webui.keyword.builtin.ClickKeyword.execute(ClickKeyword.groovy:67)
	at com.kms.katalon.core.keyword.internal.KeywordExecutor.executeKeywordForPlatform(KeywordExecutor.groovy:53)
	at com.kms.katalon.core.webui.keyword.WebUiBuiltInKeywords.click(WebUiBuiltInKeywords.groovy:616)
	at com.kms.katalon.core.webui.keyword.WebUiBuiltInKeywords$click$3.call(Unknown Source)
	at DS - Pending Claim (CHQ).run(DS - Pending Claim (CHQ):54)
	at com.kms.katalon.core.main.ScriptEngine.run(ScriptEngine.java:194)
	at com.kms.katalon.core.main.ScriptEngine.runScriptAsRawText(ScriptEngine.java:119)
	at com.kms.katalon.core.main.TestCaseExecutor.runScript(TestCaseExecutor.java:328)
	at com.kms.katalon.core.main.TestCaseExecutor.doExecute(TestCaseExecutor.java:319)
	at com.kms.katalon.core.main.TestCaseExecutor.processExecutionPhase(TestCaseExecutor.java:298)
	at com.kms.katalon.core.main.TestCaseExecutor.accessMainPhase(TestCaseExecutor.java:290)
	at com.kms.katalon.core.main.TestCaseExecutor.execute(TestCaseExecutor.java:224)
	at com.kms.katalon.core.main.TestCaseMain.runTestCase(TestCaseMain.java:106)
	at com.kms.katalon.core.keyword.builtin.CallTestCaseKeyword$_callTestCase_closure1.doCall(CallTestCaseKeyword.groovy:59)
	at com.kms.katalon.core.keyword.builtin.CallTestCaseKeyword$_callTestCase_closure1.call(CallTestCaseKeyword.groovy)
	at com.kms.katalon.core.keyword.internal.KeywordMain.runKeyword(KeywordMain.groovy:54)
	at com.kms.katalon.core.keyword.builtin.CallTestCaseKeyword.callTestCase(CallTestCaseKeyword.groovy:80)
	at com.kms.katalon.core.keyword.builtin.CallTestCaseKeyword.execute(CallTestCaseKeyword.groovy:44)
	at com.kms.katalon.core.keyword.internal.KeywordExecutor.executeKeywordForPlatform(KeywordExecutor.groovy:53)
	at com.kms.katalon.core.keyword.BuiltinKeywords.callTestCase(BuiltinKeywords.groovy:334)
	at Disbursement end to end (CHQ Reject).run(Disbursement end to end (CHQ Reject):16)
	at com.kms.katalon.core.main.ScriptEngine.run(ScriptEngine.java:194)
	at com.kms.katalon.core.main.ScriptEngine.runScriptAsRawText(ScriptEngine.java:119)
	at com.kms.katalon.core.main.TestCaseExecutor.runScript(TestCaseExecutor.java:328)
	at com.kms.katalon.core.main.TestCaseExecutor.doExecute(TestCaseExecutor.java:319)
	at com.kms.katalon.core.main.TestCaseExecutor.processExecutionPhase(TestCaseExecutor.java:298)
	at com.kms.katalon.core.main.TestCaseExecutor.accessMainPhase(TestCaseExecutor.java:290)
	at com.kms.katalon.core.main.TestCaseExecutor.execute(TestCaseExecutor.java:224)
	at com.kms.katalon.core.main.TestSuiteExecutor.accessTestCaseMainPhase(TestSuiteExecutor.java:129)
	at com.kms.katalon.core.main.TestSuiteExecutor.accessTestSuiteMainPhase(TestSuiteExecutor.java:112)
	at com.kms.katalon.core.main.TestSuiteExecutor.execute(TestSuiteExecutor.java:81)
	at com.kms.katalon.core.main.TestCaseMain.startTestSuite(TestCaseMain.java:149)
	at com.kms.katalon.core.main.TestCaseMain$startTestSuite$0.call(Unknown Source)
	at TempTestSuite1550476757023.run(TempTestSuite1550476757023.groovy:36)


2019-02-18 16:44:28 - [MESSAGE][INFO] - Unable to find the element located by 'By.xpath: id("bg2")/header[1]/div[@class="container-fluid"]/div[@class="row"]/div[@class="col-md-2"]/ul[@class="nav navbar-nav navbar-right"]/li[@class="dropdown"]/a[@class="dropdown-toggle"]/span[@class="caret"]'. Please recheck the objects properties to make sure the desired element is located. 

2019-02-18 16:44:29 - [MESSAGE][FAILED] - Unable to click on object 'Object Repository/YongJun/Disbursement/Disbursement - CHQ/DS - Pending Claim (CHQ)/Page_PERKESO/DS pre logout' (Root cause: com.kms.katalon.core.webui.exception.WebElementNotFoundException: Web element with id: 'Object Repository/YongJun/Disbursement/Disbursement - CHQ/DS - Pending Claim (CHQ)/Page_PERKESO/DS pre logout' located by 'By.xpath: id("bg2")/header[1]/div[@class="container-fluid"]/div[@class="row"]/div[@class="col-md-2"]/ul[@class="nav navbar-nav navbar-right"]/li[@class="dropdown"]/a[@class="dropdown-toggle"]/span[@class="caret"]' not found)
[[ATTACHMENT|C:\\Users\\Admin\\Documents\\GitHub\\PKSKatalon\\PKS-EI-ES\\Reports\\New Test Suite\\20190218_155917\\1550479468435.png]]

2019-02-18 16:44:29 - [MESSAGE][FAILED] - click(findTestObject("YongJun/Disbursement/Disbursement - CHQ/DS - Pending Claim (CHQ)/Page_PERKESO/DS pre logout")) FAILED.
Reason:
com.kms.katalon.core.exception.StepFailedException: Unable to click on object 'Object Repository/YongJun/Disbursement/Disbursement - CHQ/DS - Pending Claim (CHQ)/Page_PERKESO/DS pre logout' (Root cause: com.kms.katalon.core.webui.exception.WebElementNotFoundException: Web element with id: 'Object Repository/YongJun/Disbursement/Disbursement - CHQ/DS - Pending Claim (CHQ)/Page_PERKESO/DS pre logout' located by 'By.xpath: id("bg2")/header[1]/div[@class="container-fluid"]/div[@class="row"]/div[@class="col-md-2"]/ul[@class="nav navbar-nav navbar-right"]/li[@class="dropdown"]/a[@class="dropdown-toggle"]/span[@class="caret"]' not found)
	at com.kms.katalon.core.keyword.internal.KeywordMain.stepFailed(KeywordMain.groovy:36)
	at com.kms.katalon.core.webui.keyword.internal.WebUIKeywordMain.stepFailed(WebUIKeywordMain.groovy:65)
	at com.kms.katalon.core.webui.keyword.internal.WebUIKeywordMain.runKeyword(WebUIKeywordMain.groovy:27)
	at com.kms.katalon.core.webui.keyword.builtin.ClickKeyword.click(ClickKeyword.groovy:86)
	at com.kms.katalon.core.webui.keyword.builtin.ClickKeyword.execute(ClickKeyword.groovy:67)
	at com.kms.katalon.core.keyword.internal.KeywordExecutor.executeKeywordForPlatform(KeywordExecutor.groovy:53)
	at com.kms.katalon.core.webui.keyword.WebUiBuiltInKeywords.click(WebUiBuiltInKeywords.groovy:616)
	at com.kms.katalon.core.webui.keyword.WebUiBuiltInKeywords$click$3.call(Unknown Source)
	at DS - Pending Claim (CHQ).run(DS - Pending Claim (CHQ):54)
	at com.kms.katalon.core.main.ScriptEngine.run(ScriptEngine.java:194)
	at com.kms.katalon.core.main.ScriptEngine.runScriptAsRawText(ScriptEngine.java:119)
	at com.kms.katalon.core.main.TestCaseExecutor.runScript(TestCaseExecutor.java:328)
	at com.kms.katalon.core.main.TestCaseExecutor.doExecute(TestCaseExecutor.java:319)
	at com.kms.katalon.core.main.TestCaseExecutor.processExecutionPhase(TestCaseExecutor.java:298)
	at com.kms.katalon.core.main.TestCaseExecutor.accessMainPhase(TestCaseExecutor.java:290)
	at com.kms.katalon.core.main.TestCaseExecutor.execute(TestCaseExecutor.java:224)
	at com.kms.katalon.core.main.TestCaseMain.runTestCase(TestCaseMain.java:106)
	at com.kms.katalon.core.keyword.builtin.CallTestCaseKeyword$_callTestCase_closure1.doCall(CallTestCaseKeyword.groovy:59)
	at com.kms.katalon.core.keyword.builtin.CallTestCaseKeyword$_callTestCase_closure1.call(CallTestCaseKeyword.groovy)
	at com.kms.katalon.core.keyword.internal.KeywordMain.runKeyword(KeywordMain.groovy:54)
	at com.kms.katalon.core.keyword.builtin.CallTestCaseKeyword.callTestCase(CallTestCaseKeyword.groovy:80)
	at com.kms.katalon.core.keyword.builtin.CallTestCaseKeyword.execute(CallTestCaseKeyword.groovy:44)
	at com.kms.katalon.core.keyword.internal.KeywordExecutor.executeKeywordForPlatform(KeywordExecutor.groovy:53)
	at com.kms.katalon.core.keyword.BuiltinKeywords.callTestCase(BuiltinKeywords.groovy:334)
	at Disbursement end to end (CHQ Reject).run(Disbursement end to end (CHQ Reject):16)
	at com.kms.katalon.core.main.ScriptEngine.run(ScriptEngine.java:194)
	at com.kms.katalon.core.main.ScriptEngine.runScriptAsRawText(ScriptEngine.java:119)
	at com.kms.katalon.core.main.TestCaseExecutor.runScript(TestCaseExecutor.java:328)
	at com.kms.katalon.core.main.TestCaseExecutor.doExecute(TestCaseExecutor.java:319)
	at com.kms.katalon.core.main.TestCaseExecutor.processExecutionPhase(TestCaseExecutor.java:298)
	at com.kms.katalon.core.main.TestCaseExecutor.accessMainPhase(TestCaseExecutor.java:290)
	at com.kms.katalon.core.main.TestCaseExecutor.execute(TestCaseExecutor.java:224)
	at com.kms.katalon.core.main.TestSuiteExecutor.accessTestCaseMainPhase(TestSuiteExecutor.java:129)
	at com.kms.katalon.core.main.TestSuiteExecutor.accessTestSuiteMainPhase(TestSuiteExecutor.java:112)
	at com.kms.katalon.core.main.TestSuiteExecutor.execute(TestSuiteExecutor.java:81)
	at com.kms.katalon.core.main.TestCaseMain.startTestSuite(TestCaseMain.java:149)
	at com.kms.katalon.core.main.TestCaseMain$startTestSuite$0.call(Unknown Source)
	at TempTestSuite1550476757023.run(TempTestSuite1550476757023.groovy:36)


2019-02-18 16:44:29 - [MESSAGE][FAILED] - Unable to call Test Case 'Test Cases/All TC/Arranged/2. Segment/2.6 Disbursement/DS - CHQ/DS - Pending Claim (CHQ)' (Root cause: com.kms.katalon.core.exception.StepFailedException: Call Test Case 'Test Cases/All TC/Arranged/2. Segment/2.6 Disbursement/DS - CHQ/DS - Pending Claim (CHQ)' failed)

2019-02-18 16:44:29 - [MESSAGE][FAILED] - callTestCase(findTestCase("All TC/Arranged/2. Segment/2.6 Disbursement/DS - CHQ/DS - Pending Claim (CHQ)"), [:], STOP_ON_FAILURE) FAILED.
Reason:
com.kms.katalon.core.exception.StepFailedException: Unable to click on object 'Object Repository/YongJun/Disbursement/Disbursement - CHQ/DS - Pending Claim (CHQ)/Page_PERKESO/DS pre logout' (Root cause: com.kms.katalon.core.webui.exception.WebElementNotFoundException: Web element with id: 'Object Repository/YongJun/Disbursement/Disbursement - CHQ/DS - Pending Claim (CHQ)/Page_PERKESO/DS pre logout' located by 'By.xpath: id("bg2")/header[1]/div[@class="container-fluid"]/div[@class="row"]/div[@class="col-md-2"]/ul[@class="nav navbar-nav navbar-right"]/li[@class="dropdown"]/a[@class="dropdown-toggle"]/span[@class="caret"]' not found)
	at com.kms.katalon.core.keyword.internal.KeywordMain.stepFailed(KeywordMain.groovy:36)
	at com.kms.katalon.core.webui.keyword.internal.WebUIKeywordMain.stepFailed(WebUIKeywordMain.groovy:65)
	at com.kms.katalon.core.webui.keyword.internal.WebUIKeywordMain.runKeyword(WebUIKeywordMain.groovy:27)
	at com.kms.katalon.core.webui.keyword.builtin.ClickKeyword.click(ClickKeyword.groovy:86)
	at com.kms.katalon.core.webui.keyword.builtin.ClickKeyword.execute(ClickKeyword.groovy:67)
	at com.kms.katalon.core.keyword.internal.KeywordExecutor.executeKeywordForPlatform(KeywordExecutor.groovy:53)
	at com.kms.katalon.core.webui.keyword.WebUiBuiltInKeywords.click(WebUiBuiltInKeywords.groovy:616)
	at com.kms.katalon.core.webui.keyword.WebUiBuiltInKeywords$click$3.call(Unknown Source)
	at DS - Pending Claim (CHQ).run(DS - Pending Claim (CHQ):54)
	at com.kms.katalon.core.main.ScriptEngine.run(ScriptEngine.java:194)
	at com.kms.katalon.core.main.ScriptEngine.runScriptAsRawText(ScriptEngine.java:119)
	at com.kms.katalon.core.main.TestCaseExecutor.runScript(TestCaseExecutor.java:328)
	at com.kms.katalon.core.main.TestCaseExecutor.doExecute(TestCaseExecutor.java:319)
	at com.kms.katalon.core.main.TestCaseExecutor.processExecutionPhase(TestCaseExecutor.java:298)
	at com.kms.katalon.core.main.TestCaseExecutor.accessMainPhase(TestCaseExecutor.java:290)
	at com.kms.katalon.core.main.TestCaseExecutor.execute(TestCaseExecutor.java:224)
	at com.kms.katalon.core.main.TestCaseMain.runTestCase(TestCaseMain.java:106)
	at com.kms.katalon.core.keyword.builtin.CallTestCaseKeyword$_callTestCase_closure1.doCall(CallTestCaseKeyword.groovy:59)
	at com.kms.katalon.core.keyword.builtin.CallTestCaseKeyword$_callTestCase_closure1.call(CallTestCaseKeyword.groovy)
	at com.kms.katalon.core.keyword.internal.KeywordMain.runKeyword(KeywordMain.groovy:54)
	at com.kms.katalon.core.keyword.builtin.CallTestCaseKeyword.callTestCase(CallTestCaseKeyword.groovy:80)
	at com.kms.katalon.core.keyword.builtin.CallTestCaseKeyword.execute(CallTestCaseKeyword.groovy:44)
	at com.kms.katalon.core.keyword.internal.KeywordExecutor.executeKeywordForPlatform(KeywordExecutor.groovy:53)
	at com.kms.katalon.core.keyword.BuiltinKeywords.callTestCase(BuiltinKeywords.groovy:334)
	at Disbursement end to end (CHQ Reject).run(Disbursement end to end (CHQ Reject):16)
	at com.kms.katalon.core.main.ScriptEngine.run(ScriptEngine.java:194)
	at com.kms.katalon.core.main.ScriptEngine.runScriptAsRawText(ScriptEngine.java:119)
	at com.kms.katalon.core.main.TestCaseExecutor.runScript(TestCaseExecutor.java:328)
	at com.kms.katalon.core.main.TestCaseExecutor.doExecute(TestCaseExecutor.java:319)
	at com.kms.katalon.core.main.TestCaseExecutor.processExecutionPhase(TestCaseExecutor.java:298)
	at com.kms.katalon.core.main.TestCaseExecutor.accessMainPhase(TestCaseExecutor.java:290)
	at com.kms.katalon.core.main.TestCaseExecutor.execute(TestCaseExecutor.java:224)
	at com.kms.katalon.core.main.TestSuiteExecutor.accessTestCaseMainPhase(TestSuiteExecutor.java:129)
	at com.kms.katalon.core.main.TestSuiteExecutor.accessTestSuiteMainPhase(TestSuiteExecutor.java:112)
	at com.kms.katalon.core.main.TestSuiteExecutor.execute(TestSuiteExecutor.java:81)
	at com.kms.katalon.core.main.TestCaseMain.startTestSuite(TestCaseMain.java:149)
	at com.kms.katalon.core.main.TestCaseMain$startTestSuite$0.call(Unknown Source)
	at TempTestSuite1550476757023.run(TempTestSuite1550476757023.groovy:36)]]></system-out>
         <system-err><![CDATA[2019-02-18 16:43:04 - [TEST_CASE][FAILED] - Test Cases/All TC/Arranged/0. Full Flow/Disbursement end to end (CHQ Reject): Test Cases/All TC/Arranged/0. Full Flow/Disbursement end to end (CHQ Reject) FAILED.
Reason:
com.kms.katalon.core.exception.StepFailedException: Unable to click on object 'Object Repository/YongJun/Disbursement/Disbursement - CHQ/DS - Pending Claim (CHQ)/Page_PERKESO/DS pre logout' (Root cause: com.kms.katalon.core.webui.exception.WebElementNotFoundException: Web element with id: 'Object Repository/YongJun/Disbursement/Disbursement - CHQ/DS - Pending Claim (CHQ)/Page_PERKESO/DS pre logout' located by 'By.xpath: id("bg2")/header[1]/div[@class="container-fluid"]/div[@class="row"]/div[@class="col-md-2"]/ul[@class="nav navbar-nav navbar-right"]/li[@class="dropdown"]/a[@class="dropdown-toggle"]/span[@class="caret"]' not found)
	at com.kms.katalon.core.keyword.internal.KeywordMain.stepFailed(KeywordMain.groovy:36)
	at com.kms.katalon.core.webui.keyword.internal.WebUIKeywordMain.stepFailed(WebUIKeywordMain.groovy:65)
	at com.kms.katalon.core.webui.keyword.internal.WebUIKeywordMain.runKeyword(WebUIKeywordMain.groovy:27)
	at com.kms.katalon.core.webui.keyword.builtin.ClickKeyword.click(ClickKeyword.groovy:86)
	at com.kms.katalon.core.webui.keyword.builtin.ClickKeyword.execute(ClickKeyword.groovy:67)
	at com.kms.katalon.core.keyword.internal.KeywordExecutor.executeKeywordForPlatform(KeywordExecutor.groovy:53)
	at com.kms.katalon.core.webui.keyword.WebUiBuiltInKeywords.click(WebUiBuiltInKeywords.groovy:616)
	at com.kms.katalon.core.webui.keyword.WebUiBuiltInKeywords$click$3.call(Unknown Source)
	at DS - Pending Claim (CHQ).run(DS - Pending Claim (CHQ):54)
	at com.kms.katalon.core.main.ScriptEngine.run(ScriptEngine.java:194)
	at com.kms.katalon.core.main.ScriptEngine.runScriptAsRawText(ScriptEngine.java:119)
	at com.kms.katalon.core.main.TestCaseExecutor.runScript(TestCaseExecutor.java:328)
	at com.kms.katalon.core.main.TestCaseExecutor.doExecute(TestCaseExecutor.java:319)
	at com.kms.katalon.core.main.TestCaseExecutor.processExecutionPhase(TestCaseExecutor.java:298)
	at com.kms.katalon.core.main.TestCaseExecutor.accessMainPhase(TestCaseExecutor.java:290)
	at com.kms.katalon.core.main.TestCaseExecutor.execute(TestCaseExecutor.java:224)
	at com.kms.katalon.core.main.TestCaseMain.runTestCase(TestCaseMain.java:106)
	at com.kms.katalon.core.keyword.builtin.CallTestCaseKeyword$_callTestCase_closure1.doCall(CallTestCaseKeyword.groovy:59)
	at com.kms.katalon.core.keyword.builtin.CallTestCaseKeyword$_callTestCase_closure1.call(CallTestCaseKeyword.groovy)
	at com.kms.katalon.core.keyword.internal.KeywordMain.runKeyword(KeywordMain.groovy:54)
	at com.kms.katalon.core.keyword.builtin.CallTestCaseKeyword.callTestCase(CallTestCaseKeyword.groovy:80)
	at com.kms.katalon.core.keyword.builtin.CallTestCaseKeyword.execute(CallTestCaseKeyword.groovy:44)
	at com.kms.katalon.core.keyword.internal.KeywordExecutor.executeKeywordForPlatform(KeywordExecutor.groovy:53)
	at com.kms.katalon.core.keyword.BuiltinKeywords.callTestCase(BuiltinKeywords.groovy:334)
	at Disbursement end to end (CHQ Reject).run(Disbursement end to end (CHQ Reject):16)
	at com.kms.katalon.core.main.ScriptEngine.run(ScriptEngine.java:194)
	at com.kms.katalon.core.main.ScriptEngine.runScriptAsRawText(ScriptEngine.java:119)
	at com.kms.katalon.core.main.TestCaseExecutor.runScript(TestCaseExecutor.java:328)
	at com.kms.katalon.core.main.TestCaseExecutor.doExecute(TestCaseExecutor.java:319)
	at com.kms.katalon.core.main.TestCaseExecutor.processExecutionPhase(TestCaseExecutor.java:298)
	at com.kms.katalon.core.main.TestCaseExecutor.accessMainPhase(TestCaseExecutor.java:290)
	at com.kms.katalon.core.main.TestCaseExecutor.execute(TestCaseExecutor.java:224)
	at com.kms.katalon.core.main.TestSuiteExecutor.accessTestCaseMainPhase(TestSuiteExecutor.java:129)
	at com.kms.katalon.core.main.TestSuiteExecutor.accessTestSuiteMainPhase(TestSuiteExecutor.java:112)
	at com.kms.katalon.core.main.TestSuiteExecutor.execute(TestSuiteExecutor.java:81)
	at com.kms.katalon.core.main.TestCaseMain.startTestSuite(TestCaseMain.java:149)
	at com.kms.katalon.core.main.TestCaseMain$startTestSuite$0.call(Unknown Source)
	at TempTestSuite1550476757023.run(TempTestSuite1550476757023.groovy:36)]]></system-err>
      </testcase>
      <testcase name="Test Cases/All TC/Arranged/0. Full Flow/Disbursement end to end (CHQ Approved)" classname="Test Cases/All TC/Arranged/0. Full Flow/Disbursement end to end (CHQ Approved)" status="FAILED">
         <failure type="FAILED" message="Test Cases/All TC/Arranged/0. Full Flow/Disbursement end to end (CHQ Approved) FAILED.
Reason:
com.kms.katalon.core.exception.StepFailedException: Unable to get text of object 'Object Repository/YongJun/Disbursement/Disbursement - CHQ/DS - Pending Claim (CHQ)/Page_PERKESO/Get Case ID' (Root cause: com.kms.katalon.core.webui.exception.WebElementNotFoundException: Web element with id: 'Object Repository/YongJun/Disbursement/Disbursement - CHQ/DS - Pending Claim (CHQ)/Page_PERKESO/Get Case ID' located by 'By.xpath: id(&quot;pendingClaimTableId&quot;)/tbody[1]/tr[@class=&quot;odd&quot;]/td[2]' not found)
	at com.kms.katalon.core.keyword.internal.KeywordMain.stepFailed(KeywordMain.groovy:36)
	at com.kms.katalon.core.webui.keyword.internal.WebUIKeywordMain.stepFailed(WebUIKeywordMain.groovy:65)
	at com.kms.katalon.core.webui.keyword.internal.WebUIKeywordMain.runKeyword(WebUIKeywordMain.groovy:27)
	at com.kms.katalon.core.webui.keyword.builtin.GetTextKeyword.getText(GetTextKeyword.groovy:88)
	at com.kms.katalon.core.webui.keyword.builtin.GetTextKeyword.execute(GetTextKeyword.groovy:67)
	at com.kms.katalon.core.keyword.internal.KeywordExecutor.executeKeywordForPlatform(KeywordExecutor.groovy:53)
	at com.kms.katalon.core.webui.keyword.WebUiBuiltInKeywords.getText(WebUiBuiltInKeywords.groovy:888)
	at com.kms.katalon.core.webui.keyword.WebUiBuiltInKeywords$getText$9.call(Unknown Source)
	at DS - Pending Claim (CHQ).run(DS - Pending Claim (CHQ):32)
	at com.kms.katalon.core.main.ScriptEngine.run(ScriptEngine.java:194)
	at com.kms.katalon.core.main.ScriptEngine.runScriptAsRawText(ScriptEngine.java:119)
	at com.kms.katalon.core.main.TestCaseExecutor.runScript(TestCaseExecutor.java:328)
	at com.kms.katalon.core.main.TestCaseExecutor.doExecute(TestCaseExecutor.java:319)
	at com.kms.katalon.core.main.TestCaseExecutor.processExecutionPhase(TestCaseExecutor.java:298)
	at com.kms.katalon.core.main.TestCaseExecutor.accessMainPhase(TestCaseExecutor.java:290)
	at com.kms.katalon.core.main.TestCaseExecutor.execute(TestCaseExecutor.java:224)
	at com.kms.katalon.core.main.TestCaseMain.runTestCase(TestCaseMain.java:106)
	at com.kms.katalon.core.keyword.builtin.CallTestCaseKeyword$_callTestCase_closure1.doCall(CallTestCaseKeyword.groovy:59)
	at com.kms.katalon.core.keyword.builtin.CallTestCaseKeyword$_callTestCase_closure1.call(CallTestCaseKeyword.groovy)
	at com.kms.katalon.core.keyword.internal.KeywordMain.runKeyword(KeywordMain.groovy:54)
	at com.kms.katalon.core.keyword.builtin.CallTestCaseKeyword.callTestCase(CallTestCaseKeyword.groovy:80)
	at com.kms.katalon.core.keyword.builtin.CallTestCaseKeyword.execute(CallTestCaseKeyword.groovy:44)
	at com.kms.katalon.core.keyword.internal.KeywordExecutor.executeKeywordForPlatform(KeywordExecutor.groovy:53)
	at com.kms.katalon.core.keyword.BuiltinKeywords.callTestCase(BuiltinKeywords.groovy:334)
	at Disbursement end to end (CHQ Approved).run(Disbursement end to end (CHQ Approved):16)
	at com.kms.katalon.core.main.ScriptEngine.run(ScriptEngine.java:194)
	at com.kms.katalon.core.main.ScriptEngine.runScriptAsRawText(ScriptEngine.java:119)
	at com.kms.katalon.core.main.TestCaseExecutor.runScript(TestCaseExecutor.java:328)
	at com.kms.katalon.core.main.TestCaseExecutor.doExecute(TestCaseExecutor.java:319)
	at com.kms.katalon.core.main.TestCaseExecutor.processExecutionPhase(TestCaseExecutor.java:298)
	at com.kms.katalon.core.main.TestCaseExecutor.accessMainPhase(TestCaseExecutor.java:290)
	at com.kms.katalon.core.main.TestCaseExecutor.execute(TestCaseExecutor.java:224)
	at com.kms.katalon.core.main.TestSuiteExecutor.accessTestCaseMainPhase(TestSuiteExecutor.java:129)
	at com.kms.katalon.core.main.TestSuiteExecutor.accessTestSuiteMainPhase(TestSuiteExecutor.java:112)
	at com.kms.katalon.core.main.TestSuiteExecutor.execute(TestSuiteExecutor.java:81)
	at com.kms.katalon.core.main.TestCaseMain.startTestSuite(TestCaseMain.java:149)
	at com.kms.katalon.core.main.TestCaseMain$startTestSuite$0.call(Unknown Source)
	at TempTestSuite1550476757023.run(TempTestSuite1550476757023.groovy:36)
"/>
         <system-out><![CDATA[2019-02-18 16:44:30 - [TEST_CASE][FAILED] - Test Cases/All TC/Arranged/0. Full Flow/Disbursement end to end (CHQ Approved): Test Cases/All TC/Arranged/0. Full Flow/Disbursement end to end (CHQ Approved) FAILED.
Reason:
com.kms.katalon.core.exception.StepFailedException: Unable to get text of object 'Object Repository/YongJun/Disbursement/Disbursement - CHQ/DS - Pending Claim (CHQ)/Page_PERKESO/Get Case ID' (Root cause: com.kms.katalon.core.webui.exception.WebElementNotFoundException: Web element with id: 'Object Repository/YongJun/Disbursement/Disbursement - CHQ/DS - Pending Claim (CHQ)/Page_PERKESO/Get Case ID' located by 'By.xpath: id("pendingClaimTableId")/tbody[1]/tr[@class="odd"]/td[2]' not found)
	at com.kms.katalon.core.keyword.internal.KeywordMain.stepFailed(KeywordMain.groovy:36)
	at com.kms.katalon.core.webui.keyword.internal.WebUIKeywordMain.stepFailed(WebUIKeywordMain.groovy:65)
	at com.kms.katalon.core.webui.keyword.internal.WebUIKeywordMain.runKeyword(WebUIKeywordMain.groovy:27)
	at com.kms.katalon.core.webui.keyword.builtin.GetTextKeyword.getText(GetTextKeyword.groovy:88)
	at com.kms.katalon.core.webui.keyword.builtin.GetTextKeyword.execute(GetTextKeyword.groovy:67)
	at com.kms.katalon.core.keyword.internal.KeywordExecutor.executeKeywordForPlatform(KeywordExecutor.groovy:53)
	at com.kms.katalon.core.webui.keyword.WebUiBuiltInKeywords.getText(WebUiBuiltInKeywords.groovy:888)
	at com.kms.katalon.core.webui.keyword.WebUiBuiltInKeywords$getText$9.call(Unknown Source)
	at DS - Pending Claim (CHQ).run(DS - Pending Claim (CHQ):32)
	at com.kms.katalon.core.main.ScriptEngine.run(ScriptEngine.java:194)
	at com.kms.katalon.core.main.ScriptEngine.runScriptAsRawText(ScriptEngine.java:119)
	at com.kms.katalon.core.main.TestCaseExecutor.runScript(TestCaseExecutor.java:328)
	at com.kms.katalon.core.main.TestCaseExecutor.doExecute(TestCaseExecutor.java:319)
	at com.kms.katalon.core.main.TestCaseExecutor.processExecutionPhase(TestCaseExecutor.java:298)
	at com.kms.katalon.core.main.TestCaseExecutor.accessMainPhase(TestCaseExecutor.java:290)
	at com.kms.katalon.core.main.TestCaseExecutor.execute(TestCaseExecutor.java:224)
	at com.kms.katalon.core.main.TestCaseMain.runTestCase(TestCaseMain.java:106)
	at com.kms.katalon.core.keyword.builtin.CallTestCaseKeyword$_callTestCase_closure1.doCall(CallTestCaseKeyword.groovy:59)
	at com.kms.katalon.core.keyword.builtin.CallTestCaseKeyword$_callTestCase_closure1.call(CallTestCaseKeyword.groovy)
	at com.kms.katalon.core.keyword.internal.KeywordMain.runKeyword(KeywordMain.groovy:54)
	at com.kms.katalon.core.keyword.builtin.CallTestCaseKeyword.callTestCase(CallTestCaseKeyword.groovy:80)
	at com.kms.katalon.core.keyword.builtin.CallTestCaseKeyword.execute(CallTestCaseKeyword.groovy:44)
	at com.kms.katalon.core.keyword.internal.KeywordExecutor.executeKeywordForPlatform(KeywordExecutor.groovy:53)
	at com.kms.katalon.core.keyword.BuiltinKeywords.callTestCase(BuiltinKeywords.groovy:334)
	at Disbursement end to end (CHQ Approved).run(Disbursement end to end (CHQ Approved):16)
	at com.kms.katalon.core.main.ScriptEngine.run(ScriptEngine.java:194)
	at com.kms.katalon.core.main.ScriptEngine.runScriptAsRawText(ScriptEngine.java:119)
	at com.kms.katalon.core.main.TestCaseExecutor.runScript(TestCaseExecutor.java:328)
	at com.kms.katalon.core.main.TestCaseExecutor.doExecute(TestCaseExecutor.java:319)
	at com.kms.katalon.core.main.TestCaseExecutor.processExecutionPhase(TestCaseExecutor.java:298)
	at com.kms.katalon.core.main.TestCaseExecutor.accessMainPhase(TestCaseExecutor.java:290)
	at com.kms.katalon.core.main.TestCaseExecutor.execute(TestCaseExecutor.java:224)
	at com.kms.katalon.core.main.TestSuiteExecutor.accessTestCaseMainPhase(TestSuiteExecutor.java:129)
	at com.kms.katalon.core.main.TestSuiteExecutor.accessTestSuiteMainPhase(TestSuiteExecutor.java:112)
	at com.kms.katalon.core.main.TestSuiteExecutor.execute(TestSuiteExecutor.java:81)
	at com.kms.katalon.core.main.TestCaseMain.startTestSuite(TestCaseMain.java:149)
	at com.kms.katalon.core.main.TestCaseMain$startTestSuite$0.call(Unknown Source)
	at TempTestSuite1550476757023.run(TempTestSuite1550476757023.groovy:36)


2019-02-18 16:44:30 - [TEST_STEP][FAILED] - callTestCase(findTestCase("All TC/Arranged/2. Segment/2.6 Disbursement/DS - CHQ/DS - Pending Claim (CHQ)"), [:], STOP_ON_FAILURE): callTestCase(findTestCase("All TC/Arranged/2. Segment/2.6 Disbursement/DS - CHQ/DS - Pending Claim (CHQ)"), [:], STOP_ON_FAILURE) FAILED.
Reason:
com.kms.katalon.core.exception.StepFailedException: Unable to get text of object 'Object Repository/YongJun/Disbursement/Disbursement - CHQ/DS - Pending Claim (CHQ)/Page_PERKESO/Get Case ID' (Root cause: com.kms.katalon.core.webui.exception.WebElementNotFoundException: Web element with id: 'Object Repository/YongJun/Disbursement/Disbursement - CHQ/DS - Pending Claim (CHQ)/Page_PERKESO/Get Case ID' located by 'By.xpath: id("pendingClaimTableId")/tbody[1]/tr[@class="odd"]/td[2]' not found)
	at com.kms.katalon.core.keyword.internal.KeywordMain.stepFailed(KeywordMain.groovy:36)
	at com.kms.katalon.core.webui.keyword.internal.WebUIKeywordMain.stepFailed(WebUIKeywordMain.groovy:65)
	at com.kms.katalon.core.webui.keyword.internal.WebUIKeywordMain.runKeyword(WebUIKeywordMain.groovy:27)
	at com.kms.katalon.core.webui.keyword.builtin.GetTextKeyword.getText(GetTextKeyword.groovy:88)
	at com.kms.katalon.core.webui.keyword.builtin.GetTextKeyword.execute(GetTextKeyword.groovy:67)
	at com.kms.katalon.core.keyword.internal.KeywordExecutor.executeKeywordForPlatform(KeywordExecutor.groovy:53)
	at com.kms.katalon.core.webui.keyword.WebUiBuiltInKeywords.getText(WebUiBuiltInKeywords.groovy:888)
	at com.kms.katalon.core.webui.keyword.WebUiBuiltInKeywords$getText$9.call(Unknown Source)
	at DS - Pending Claim (CHQ).run(DS - Pending Claim (CHQ):32)
	at com.kms.katalon.core.main.ScriptEngine.run(ScriptEngine.java:194)
	at com.kms.katalon.core.main.ScriptEngine.runScriptAsRawText(ScriptEngine.java:119)
	at com.kms.katalon.core.main.TestCaseExecutor.runScript(TestCaseExecutor.java:328)
	at com.kms.katalon.core.main.TestCaseExecutor.doExecute(TestCaseExecutor.java:319)
	at com.kms.katalon.core.main.TestCaseExecutor.processExecutionPhase(TestCaseExecutor.java:298)
	at com.kms.katalon.core.main.TestCaseExecutor.accessMainPhase(TestCaseExecutor.java:290)
	at com.kms.katalon.core.main.TestCaseExecutor.execute(TestCaseExecutor.java:224)
	at com.kms.katalon.core.main.TestCaseMain.runTestCase(TestCaseMain.java:106)
	at com.kms.katalon.core.keyword.builtin.CallTestCaseKeyword$_callTestCase_closure1.doCall(CallTestCaseKeyword.groovy:59)
	at com.kms.katalon.core.keyword.builtin.CallTestCaseKeyword$_callTestCase_closure1.call(CallTestCaseKeyword.groovy)
	at com.kms.katalon.core.keyword.internal.KeywordMain.runKeyword(KeywordMain.groovy:54)
	at com.kms.katalon.core.keyword.builtin.CallTestCaseKeyword.callTestCase(CallTestCaseKeyword.groovy:80)
	at com.kms.katalon.core.keyword.builtin.CallTestCaseKeyword.execute(CallTestCaseKeyword.groovy:44)
	at com.kms.katalon.core.keyword.internal.KeywordExecutor.executeKeywordForPlatform(KeywordExecutor.groovy:53)
	at com.kms.katalon.core.keyword.BuiltinKeywords.callTestCase(BuiltinKeywords.groovy:334)
	at Disbursement end to end (CHQ Approved).run(Disbursement end to end (CHQ Approved):16)
	at com.kms.katalon.core.main.ScriptEngine.run(ScriptEngine.java:194)
	at com.kms.katalon.core.main.ScriptEngine.runScriptAsRawText(ScriptEngine.java:119)
	at com.kms.katalon.core.main.TestCaseExecutor.runScript(TestCaseExecutor.java:328)
	at com.kms.katalon.core.main.TestCaseExecutor.doExecute(TestCaseExecutor.java:319)
	at com.kms.katalon.core.main.TestCaseExecutor.processExecutionPhase(TestCaseExecutor.java:298)
	at com.kms.katalon.core.main.TestCaseExecutor.accessMainPhase(TestCaseExecutor.java:290)
	at com.kms.katalon.core.main.TestCaseExecutor.execute(TestCaseExecutor.java:224)
	at com.kms.katalon.core.main.TestSuiteExecutor.accessTestCaseMainPhase(TestSuiteExecutor.java:129)
	at com.kms.katalon.core.main.TestSuiteExecutor.accessTestSuiteMainPhase(TestSuiteExecutor.java:112)
	at com.kms.katalon.core.main.TestSuiteExecutor.execute(TestSuiteExecutor.java:81)
	at com.kms.katalon.core.main.TestCaseMain.startTestSuite(TestCaseMain.java:149)
	at com.kms.katalon.core.main.TestCaseMain$startTestSuite$0.call(Unknown Source)
	at TempTestSuite1550476757023.run(TempTestSuite1550476757023.groovy:36)


2019-02-18 16:44:30 - [TEST_CASE][FAILED] - Test Cases/All TC/Arranged/2. Segment/2.6 Disbursement/DS - CHQ/DS - Pending Claim (CHQ): Test Cases/All TC/Arranged/2. Segment/2.6 Disbursement/DS - CHQ/DS - Pending Claim (CHQ) FAILED.
Reason:
com.kms.katalon.core.exception.StepFailedException: Unable to get text of object 'Object Repository/YongJun/Disbursement/Disbursement - CHQ/DS - Pending Claim (CHQ)/Page_PERKESO/Get Case ID' (Root cause: com.kms.katalon.core.webui.exception.WebElementNotFoundException: Web element with id: 'Object Repository/YongJun/Disbursement/Disbursement - CHQ/DS - Pending Claim (CHQ)/Page_PERKESO/Get Case ID' located by 'By.xpath: id("pendingClaimTableId")/tbody[1]/tr[@class="odd"]/td[2]' not found)
	at com.kms.katalon.core.keyword.internal.KeywordMain.stepFailed(KeywordMain.groovy:36)
	at com.kms.katalon.core.webui.keyword.internal.WebUIKeywordMain.stepFailed(WebUIKeywordMain.groovy:65)
	at com.kms.katalon.core.webui.keyword.internal.WebUIKeywordMain.runKeyword(WebUIKeywordMain.groovy:27)
	at com.kms.katalon.core.webui.keyword.builtin.GetTextKeyword.getText(GetTextKeyword.groovy:88)
	at com.kms.katalon.core.webui.keyword.builtin.GetTextKeyword.execute(GetTextKeyword.groovy:67)
	at com.kms.katalon.core.keyword.internal.KeywordExecutor.executeKeywordForPlatform(KeywordExecutor.groovy:53)
	at com.kms.katalon.core.webui.keyword.WebUiBuiltInKeywords.getText(WebUiBuiltInKeywords.groovy:888)
	at com.kms.katalon.core.webui.keyword.WebUiBuiltInKeywords$getText$9.call(Unknown Source)
	at DS - Pending Claim (CHQ).run(DS - Pending Claim (CHQ):32)
	at com.kms.katalon.core.main.ScriptEngine.run(ScriptEngine.java:194)
	at com.kms.katalon.core.main.ScriptEngine.runScriptAsRawText(ScriptEngine.java:119)
	at com.kms.katalon.core.main.TestCaseExecutor.runScript(TestCaseExecutor.java:328)
	at com.kms.katalon.core.main.TestCaseExecutor.doExecute(TestCaseExecutor.java:319)
	at com.kms.katalon.core.main.TestCaseExecutor.processExecutionPhase(TestCaseExecutor.java:298)
	at com.kms.katalon.core.main.TestCaseExecutor.accessMainPhase(TestCaseExecutor.java:290)
	at com.kms.katalon.core.main.TestCaseExecutor.execute(TestCaseExecutor.java:224)
	at com.kms.katalon.core.main.TestCaseMain.runTestCase(TestCaseMain.java:106)
	at com.kms.katalon.core.keyword.builtin.CallTestCaseKeyword$_callTestCase_closure1.doCall(CallTestCaseKeyword.groovy:59)
	at com.kms.katalon.core.keyword.builtin.CallTestCaseKeyword$_callTestCase_closure1.call(CallTestCaseKeyword.groovy)
	at com.kms.katalon.core.keyword.internal.KeywordMain.runKeyword(KeywordMain.groovy:54)
	at com.kms.katalon.core.keyword.builtin.CallTestCaseKeyword.callTestCase(CallTestCaseKeyword.groovy:80)
	at com.kms.katalon.core.keyword.builtin.CallTestCaseKeyword.execute(CallTestCaseKeyword.groovy:44)
	at com.kms.katalon.core.keyword.internal.KeywordExecutor.executeKeywordForPlatform(KeywordExecutor.groovy:53)
	at com.kms.katalon.core.keyword.BuiltinKeywords.callTestCase(BuiltinKeywords.groovy:334)
	at Disbursement end to end (CHQ Approved).run(Disbursement end to end (CHQ Approved):16)
	at com.kms.katalon.core.main.ScriptEngine.run(ScriptEngine.java:194)
	at com.kms.katalon.core.main.ScriptEngine.runScriptAsRawText(ScriptEngine.java:119)
	at com.kms.katalon.core.main.TestCaseExecutor.runScript(TestCaseExecutor.java:328)
	at com.kms.katalon.core.main.TestCaseExecutor.doExecute(TestCaseExecutor.java:319)
	at com.kms.katalon.core.main.TestCaseExecutor.processExecutionPhase(TestCaseExecutor.java:298)
	at com.kms.katalon.core.main.TestCaseExecutor.accessMainPhase(TestCaseExecutor.java:290)
	at com.kms.katalon.core.main.TestCaseExecutor.execute(TestCaseExecutor.java:224)
	at com.kms.katalon.core.main.TestSuiteExecutor.accessTestCaseMainPhase(TestSuiteExecutor.java:129)
	at com.kms.katalon.core.main.TestSuiteExecutor.accessTestSuiteMainPhase(TestSuiteExecutor.java:112)
	at com.kms.katalon.core.main.TestSuiteExecutor.execute(TestSuiteExecutor.java:81)
	at com.kms.katalon.core.main.TestCaseMain.startTestSuite(TestCaseMain.java:149)
	at com.kms.katalon.core.main.TestCaseMain$startTestSuite$0.call(Unknown Source)
	at TempTestSuite1550476757023.run(TempTestSuite1550476757023.groovy:36)


2019-02-18 16:44:30 - [TEST_STEP][PASSED] - openBrowser(""): Browser is opened with url: ''

2019-02-18 16:44:30 - [MESSAGE][WARNING] - A browser is already opened. Closing browser and opening a new one

2019-02-18 16:44:32 - [MESSAGE][INFO] - Starting 'Chrome' driver

2019-02-18 16:44:32 - [MESSAGE][INFO] - User set preference: ['args', '[--start-maximized]']

2019-02-18 16:44:36 - [MESSAGE][PASSED] - Browser is opened with url: ''

2019-02-18 16:44:36 - [TEST_STEP][PASSED] - maximizeWindow(): Current window maximized

2019-02-18 16:44:38 - [MESSAGE][PASSED] - Current window maximized

2019-02-18 16:44:38 - [TEST_STEP][PASSED] - navigateToUrl(Internal_Login): Navigate to 'http://10.20.24.188/eisportal/user/login' successfully

2019-02-18 16:44:40 - [MESSAGE][PASSED] - Navigate to 'http://10.20.24.188/eisportal/user/login' successfully

2019-02-18 16:44:40 - [TEST_STEP][PASSED] - delay(2): Delayed 2 second(s)

2019-02-18 16:44:42 - [MESSAGE][PASSED] - Delayed 2 second(s)

2019-02-18 16:44:42 - [TEST_STEP][PASSED] - setText(findTestObject("YongJun/Disbursement/Disbursement - CHQ/DS - Pending Claim (CHQ)/Page_PERKESO/DS login username"), "jh1ds@perkeso.gov.my"): Text 'jh1ds@perkeso.gov.my' is set on object 'Object Repository/YongJun/Disbursement/Disbursement - CHQ/DS - Pending Claim (CHQ)/Page_PERKESO/DS login username'

2019-02-18 16:44:46 - [MESSAGE][PASSED] - Text 'jh1ds@perkeso.gov.my' is set on object 'Object Repository/YongJun/Disbursement/Disbursement - CHQ/DS - Pending Claim (CHQ)/Page_PERKESO/DS login username'

2019-02-18 16:44:46 - [TEST_STEP][PASSED] - setEncryptedText(findTestObject("YongJun/Disbursement/Disbursement - CHQ/DS - Pending Claim (CHQ)/Page_PERKESO/DS login password"), "CQqwFZlbeC8="): Text ****** has been set on object 'Object Repository/YongJun/Disbursement/Disbursement - CHQ/DS - Pending Claim (CHQ)/Page_PERKESO/DS login password'

2019-02-18 16:44:49 - [MESSAGE][PASSED] - Text ****** has been set on object 'Object Repository/YongJun/Disbursement/Disbursement - CHQ/DS - Pending Claim (CHQ)/Page_PERKESO/DS login password'

2019-02-18 16:44:49 - [TEST_STEP][PASSED] - click(findTestObject("YongJun/Disbursement/Disbursement - CHQ/DS - Pending Claim (CHQ)/Page_PERKESO/DS login button")): Object: 'Object Repository/YongJun/Disbursement/Disbursement - CHQ/DS - Pending Claim (CHQ)/Page_PERKESO/DS login button' is clicked on

2019-02-18 16:44:53 - [MESSAGE][PASSED] - Object: 'Object Repository/YongJun/Disbursement/Disbursement - CHQ/DS - Pending Claim (CHQ)/Page_PERKESO/DS login button' is clicked on

2019-02-18 16:44:53 - [TEST_STEP][PASSED] - delay(2): Delayed 2 second(s)

2019-02-18 16:44:55 - [MESSAGE][PASSED] - Delayed 2 second(s)

2019-02-18 16:44:55 - [TEST_STEP][FAILED] - EiEsCaseID = getText(findTestObject("YongJun/Disbursement/Disbursement - CHQ/DS - Pending Claim (CHQ)/Page_PERKESO/Get Case ID")): EiEsCaseID = getText(findTestObject("YongJun/Disbursement/Disbursement - CHQ/DS - Pending Claim (CHQ)/Page_PERKESO/Get Case ID")) FAILED.
Reason:
com.kms.katalon.core.exception.StepFailedException: Unable to get text of object 'Object Repository/YongJun/Disbursement/Disbursement - CHQ/DS - Pending Claim (CHQ)/Page_PERKESO/Get Case ID' (Root cause: com.kms.katalon.core.webui.exception.WebElementNotFoundException: Web element with id: 'Object Repository/YongJun/Disbursement/Disbursement - CHQ/DS - Pending Claim (CHQ)/Page_PERKESO/Get Case ID' located by 'By.xpath: id("pendingClaimTableId")/tbody[1]/tr[@class="odd"]/td[2]' not found)
	at com.kms.katalon.core.keyword.internal.KeywordMain.stepFailed(KeywordMain.groovy:36)
	at com.kms.katalon.core.webui.keyword.internal.WebUIKeywordMain.stepFailed(WebUIKeywordMain.groovy:65)
	at com.kms.katalon.core.webui.keyword.internal.WebUIKeywordMain.runKeyword(WebUIKeywordMain.groovy:27)
	at com.kms.katalon.core.webui.keyword.builtin.GetTextKeyword.getText(GetTextKeyword.groovy:88)
	at com.kms.katalon.core.webui.keyword.builtin.GetTextKeyword.execute(GetTextKeyword.groovy:67)
	at com.kms.katalon.core.keyword.internal.KeywordExecutor.executeKeywordForPlatform(KeywordExecutor.groovy:53)
	at com.kms.katalon.core.webui.keyword.WebUiBuiltInKeywords.getText(WebUiBuiltInKeywords.groovy:888)
	at com.kms.katalon.core.webui.keyword.WebUiBuiltInKeywords$getText$9.call(Unknown Source)
	at DS - Pending Claim (CHQ).run(DS - Pending Claim (CHQ):32)
	at com.kms.katalon.core.main.ScriptEngine.run(ScriptEngine.java:194)
	at com.kms.katalon.core.main.ScriptEngine.runScriptAsRawText(ScriptEngine.java:119)
	at com.kms.katalon.core.main.TestCaseExecutor.runScript(TestCaseExecutor.java:328)
	at com.kms.katalon.core.main.TestCaseExecutor.doExecute(TestCaseExecutor.java:319)
	at com.kms.katalon.core.main.TestCaseExecutor.processExecutionPhase(TestCaseExecutor.java:298)
	at com.kms.katalon.core.main.TestCaseExecutor.accessMainPhase(TestCaseExecutor.java:290)
	at com.kms.katalon.core.main.TestCaseExecutor.execute(TestCaseExecutor.java:224)
	at com.kms.katalon.core.main.TestCaseMain.runTestCase(TestCaseMain.java:106)
	at com.kms.katalon.core.keyword.builtin.CallTestCaseKeyword$_callTestCase_closure1.doCall(CallTestCaseKeyword.groovy:59)
	at com.kms.katalon.core.keyword.builtin.CallTestCaseKeyword$_callTestCase_closure1.call(CallTestCaseKeyword.groovy)
	at com.kms.katalon.core.keyword.internal.KeywordMain.runKeyword(KeywordMain.groovy:54)
	at com.kms.katalon.core.keyword.builtin.CallTestCaseKeyword.callTestCase(CallTestCaseKeyword.groovy:80)
	at com.kms.katalon.core.keyword.builtin.CallTestCaseKeyword.execute(CallTestCaseKeyword.groovy:44)
	at com.kms.katalon.core.keyword.internal.KeywordExecutor.executeKeywordForPlatform(KeywordExecutor.groovy:53)
	at com.kms.katalon.core.keyword.BuiltinKeywords.callTestCase(BuiltinKeywords.groovy:334)
	at Disbursement end to end (CHQ Approved).run(Disbursement end to end (CHQ Approved):16)
	at com.kms.katalon.core.main.ScriptEngine.run(ScriptEngine.java:194)
	at com.kms.katalon.core.main.ScriptEngine.runScriptAsRawText(ScriptEngine.java:119)
	at com.kms.katalon.core.main.TestCaseExecutor.runScript(TestCaseExecutor.java:328)
	at com.kms.katalon.core.main.TestCaseExecutor.doExecute(TestCaseExecutor.java:319)
	at com.kms.katalon.core.main.TestCaseExecutor.processExecutionPhase(TestCaseExecutor.java:298)
	at com.kms.katalon.core.main.TestCaseExecutor.accessMainPhase(TestCaseExecutor.java:290)
	at com.kms.katalon.core.main.TestCaseExecutor.execute(TestCaseExecutor.java:224)
	at com.kms.katalon.core.main.TestSuiteExecutor.accessTestCaseMainPhase(TestSuiteExecutor.java:129)
	at com.kms.katalon.core.main.TestSuiteExecutor.accessTestSuiteMainPhase(TestSuiteExecutor.java:112)
	at com.kms.katalon.core.main.TestSuiteExecutor.execute(TestSuiteExecutor.java:81)
	at com.kms.katalon.core.main.TestCaseMain.startTestSuite(TestCaseMain.java:149)
	at com.kms.katalon.core.main.TestCaseMain$startTestSuite$0.call(Unknown Source)
	at TempTestSuite1550476757023.run(TempTestSuite1550476757023.groovy:36)


2019-02-18 16:45:25 - [MESSAGE][INFO] - Unable to find the element located by 'By.xpath: id("pendingClaimTableId")/tbody[1]/tr[@class="odd"]/td[2]'. Please recheck the objects properties to make sure the desired element is located. 

2019-02-18 16:45:27 - [MESSAGE][FAILED] - Unable to get text of object 'Object Repository/YongJun/Disbursement/Disbursement - CHQ/DS - Pending Claim (CHQ)/Page_PERKESO/Get Case ID' (Root cause: com.kms.katalon.core.webui.exception.WebElementNotFoundException: Web element with id: 'Object Repository/YongJun/Disbursement/Disbursement - CHQ/DS - Pending Claim (CHQ)/Page_PERKESO/Get Case ID' located by 'By.xpath: id("pendingClaimTableId")/tbody[1]/tr[@class="odd"]/td[2]' not found)
[[ATTACHMENT|C:\\Users\\Admin\\Documents\\GitHub\\PKSKatalon\\PKS-EI-ES\\Reports\\New Test Suite\\20190218_155917\\1550479525974.png]]

2019-02-18 16:45:27 - [MESSAGE][FAILED] - EiEsCaseID = getText(findTestObject("YongJun/Disbursement/Disbursement - CHQ/DS - Pending Claim (CHQ)/Page_PERKESO/Get Case ID")) FAILED.
Reason:
com.kms.katalon.core.exception.StepFailedException: Unable to get text of object 'Object Repository/YongJun/Disbursement/Disbursement - CHQ/DS - Pending Claim (CHQ)/Page_PERKESO/Get Case ID' (Root cause: com.kms.katalon.core.webui.exception.WebElementNotFoundException: Web element with id: 'Object Repository/YongJun/Disbursement/Disbursement - CHQ/DS - Pending Claim (CHQ)/Page_PERKESO/Get Case ID' located by 'By.xpath: id("pendingClaimTableId")/tbody[1]/tr[@class="odd"]/td[2]' not found)
	at com.kms.katalon.core.keyword.internal.KeywordMain.stepFailed(KeywordMain.groovy:36)
	at com.kms.katalon.core.webui.keyword.internal.WebUIKeywordMain.stepFailed(WebUIKeywordMain.groovy:65)
	at com.kms.katalon.core.webui.keyword.internal.WebUIKeywordMain.runKeyword(WebUIKeywordMain.groovy:27)
	at com.kms.katalon.core.webui.keyword.builtin.GetTextKeyword.getText(GetTextKeyword.groovy:88)
	at com.kms.katalon.core.webui.keyword.builtin.GetTextKeyword.execute(GetTextKeyword.groovy:67)
	at com.kms.katalon.core.keyword.internal.KeywordExecutor.executeKeywordForPlatform(KeywordExecutor.groovy:53)
	at com.kms.katalon.core.webui.keyword.WebUiBuiltInKeywords.getText(WebUiBuiltInKeywords.groovy:888)
	at com.kms.katalon.core.webui.keyword.WebUiBuiltInKeywords$getText$9.call(Unknown Source)
	at DS - Pending Claim (CHQ).run(DS - Pending Claim (CHQ):32)
	at com.kms.katalon.core.main.ScriptEngine.run(ScriptEngine.java:194)
	at com.kms.katalon.core.main.ScriptEngine.runScriptAsRawText(ScriptEngine.java:119)
	at com.kms.katalon.core.main.TestCaseExecutor.runScript(TestCaseExecutor.java:328)
	at com.kms.katalon.core.main.TestCaseExecutor.doExecute(TestCaseExecutor.java:319)
	at com.kms.katalon.core.main.TestCaseExecutor.processExecutionPhase(TestCaseExecutor.java:298)
	at com.kms.katalon.core.main.TestCaseExecutor.accessMainPhase(TestCaseExecutor.java:290)
	at com.kms.katalon.core.main.TestCaseExecutor.execute(TestCaseExecutor.java:224)
	at com.kms.katalon.core.main.TestCaseMain.runTestCase(TestCaseMain.java:106)
	at com.kms.katalon.core.keyword.builtin.CallTestCaseKeyword$_callTestCase_closure1.doCall(CallTestCaseKeyword.groovy:59)
	at com.kms.katalon.core.keyword.builtin.CallTestCaseKeyword$_callTestCase_closure1.call(CallTestCaseKeyword.groovy)
	at com.kms.katalon.core.keyword.internal.KeywordMain.runKeyword(KeywordMain.groovy:54)
	at com.kms.katalon.core.keyword.builtin.CallTestCaseKeyword.callTestCase(CallTestCaseKeyword.groovy:80)
	at com.kms.katalon.core.keyword.builtin.CallTestCaseKeyword.execute(CallTestCaseKeyword.groovy:44)
	at com.kms.katalon.core.keyword.internal.KeywordExecutor.executeKeywordForPlatform(KeywordExecutor.groovy:53)
	at com.kms.katalon.core.keyword.BuiltinKeywords.callTestCase(BuiltinKeywords.groovy:334)
	at Disbursement end to end (CHQ Approved).run(Disbursement end to end (CHQ Approved):16)
	at com.kms.katalon.core.main.ScriptEngine.run(ScriptEngine.java:194)
	at com.kms.katalon.core.main.ScriptEngine.runScriptAsRawText(ScriptEngine.java:119)
	at com.kms.katalon.core.main.TestCaseExecutor.runScript(TestCaseExecutor.java:328)
	at com.kms.katalon.core.main.TestCaseExecutor.doExecute(TestCaseExecutor.java:319)
	at com.kms.katalon.core.main.TestCaseExecutor.processExecutionPhase(TestCaseExecutor.java:298)
	at com.kms.katalon.core.main.TestCaseExecutor.accessMainPhase(TestCaseExecutor.java:290)
	at com.kms.katalon.core.main.TestCaseExecutor.execute(TestCaseExecutor.java:224)
	at com.kms.katalon.core.main.TestSuiteExecutor.accessTestCaseMainPhase(TestSuiteExecutor.java:129)
	at com.kms.katalon.core.main.TestSuiteExecutor.accessTestSuiteMainPhase(TestSuiteExecutor.java:112)
	at com.kms.katalon.core.main.TestSuiteExecutor.execute(TestSuiteExecutor.java:81)
	at com.kms.katalon.core.main.TestCaseMain.startTestSuite(TestCaseMain.java:149)
	at com.kms.katalon.core.main.TestCaseMain$startTestSuite$0.call(Unknown Source)
	at TempTestSuite1550476757023.run(TempTestSuite1550476757023.groovy:36)


2019-02-18 16:45:27 - [MESSAGE][FAILED] - Unable to call Test Case 'Test Cases/All TC/Arranged/2. Segment/2.6 Disbursement/DS - CHQ/DS - Pending Claim (CHQ)' (Root cause: com.kms.katalon.core.exception.StepFailedException: Call Test Case 'Test Cases/All TC/Arranged/2. Segment/2.6 Disbursement/DS - CHQ/DS - Pending Claim (CHQ)' failed)

2019-02-18 16:45:27 - [MESSAGE][FAILED] - callTestCase(findTestCase("All TC/Arranged/2. Segment/2.6 Disbursement/DS - CHQ/DS - Pending Claim (CHQ)"), [:], STOP_ON_FAILURE) FAILED.
Reason:
com.kms.katalon.core.exception.StepFailedException: Unable to get text of object 'Object Repository/YongJun/Disbursement/Disbursement - CHQ/DS - Pending Claim (CHQ)/Page_PERKESO/Get Case ID' (Root cause: com.kms.katalon.core.webui.exception.WebElementNotFoundException: Web element with id: 'Object Repository/YongJun/Disbursement/Disbursement - CHQ/DS - Pending Claim (CHQ)/Page_PERKESO/Get Case ID' located by 'By.xpath: id("pendingClaimTableId")/tbody[1]/tr[@class="odd"]/td[2]' not found)
	at com.kms.katalon.core.keyword.internal.KeywordMain.stepFailed(KeywordMain.groovy:36)
	at com.kms.katalon.core.webui.keyword.internal.WebUIKeywordMain.stepFailed(WebUIKeywordMain.groovy:65)
	at com.kms.katalon.core.webui.keyword.internal.WebUIKeywordMain.runKeyword(WebUIKeywordMain.groovy:27)
	at com.kms.katalon.core.webui.keyword.builtin.GetTextKeyword.getText(GetTextKeyword.groovy:88)
	at com.kms.katalon.core.webui.keyword.builtin.GetTextKeyword.execute(GetTextKeyword.groovy:67)
	at com.kms.katalon.core.keyword.internal.KeywordExecutor.executeKeywordForPlatform(KeywordExecutor.groovy:53)
	at com.kms.katalon.core.webui.keyword.WebUiBuiltInKeywords.getText(WebUiBuiltInKeywords.groovy:888)
	at com.kms.katalon.core.webui.keyword.WebUiBuiltInKeywords$getText$9.call(Unknown Source)
	at DS - Pending Claim (CHQ).run(DS - Pending Claim (CHQ):32)
	at com.kms.katalon.core.main.ScriptEngine.run(ScriptEngine.java:194)
	at com.kms.katalon.core.main.ScriptEngine.runScriptAsRawText(ScriptEngine.java:119)
	at com.kms.katalon.core.main.TestCaseExecutor.runScript(TestCaseExecutor.java:328)
	at com.kms.katalon.core.main.TestCaseExecutor.doExecute(TestCaseExecutor.java:319)
	at com.kms.katalon.core.main.TestCaseExecutor.processExecutionPhase(TestCaseExecutor.java:298)
	at com.kms.katalon.core.main.TestCaseExecutor.accessMainPhase(TestCaseExecutor.java:290)
	at com.kms.katalon.core.main.TestCaseExecutor.execute(TestCaseExecutor.java:224)
	at com.kms.katalon.core.main.TestCaseMain.runTestCase(TestCaseMain.java:106)
	at com.kms.katalon.core.keyword.builtin.CallTestCaseKeyword$_callTestCase_closure1.doCall(CallTestCaseKeyword.groovy:59)
	at com.kms.katalon.core.keyword.builtin.CallTestCaseKeyword$_callTestCase_closure1.call(CallTestCaseKeyword.groovy)
	at com.kms.katalon.core.keyword.internal.KeywordMain.runKeyword(KeywordMain.groovy:54)
	at com.kms.katalon.core.keyword.builtin.CallTestCaseKeyword.callTestCase(CallTestCaseKeyword.groovy:80)
	at com.kms.katalon.core.keyword.builtin.CallTestCaseKeyword.execute(CallTestCaseKeyword.groovy:44)
	at com.kms.katalon.core.keyword.internal.KeywordExecutor.executeKeywordForPlatform(KeywordExecutor.groovy:53)
	at com.kms.katalon.core.keyword.BuiltinKeywords.callTestCase(BuiltinKeywords.groovy:334)
	at Disbursement end to end (CHQ Approved).run(Disbursement end to end (CHQ Approved):16)
	at com.kms.katalon.core.main.ScriptEngine.run(ScriptEngine.java:194)
	at com.kms.katalon.core.main.ScriptEngine.runScriptAsRawText(ScriptEngine.java:119)
	at com.kms.katalon.core.main.TestCaseExecutor.runScript(TestCaseExecutor.java:328)
	at com.kms.katalon.core.main.TestCaseExecutor.doExecute(TestCaseExecutor.java:319)
	at com.kms.katalon.core.main.TestCaseExecutor.processExecutionPhase(TestCaseExecutor.java:298)
	at com.kms.katalon.core.main.TestCaseExecutor.accessMainPhase(TestCaseExecutor.java:290)
	at com.kms.katalon.core.main.TestCaseExecutor.execute(TestCaseExecutor.java:224)
	at com.kms.katalon.core.main.TestSuiteExecutor.accessTestCaseMainPhase(TestSuiteExecutor.java:129)
	at com.kms.katalon.core.main.TestSuiteExecutor.accessTestSuiteMainPhase(TestSuiteExecutor.java:112)
	at com.kms.katalon.core.main.TestSuiteExecutor.execute(TestSuiteExecutor.java:81)
	at com.kms.katalon.core.main.TestCaseMain.startTestSuite(TestCaseMain.java:149)
	at com.kms.katalon.core.main.TestCaseMain$startTestSuite$0.call(Unknown Source)
	at TempTestSuite1550476757023.run(TempTestSuite1550476757023.groovy:36)]]></system-out>
         <system-err><![CDATA[2019-02-18 16:44:30 - [TEST_CASE][FAILED] - Test Cases/All TC/Arranged/0. Full Flow/Disbursement end to end (CHQ Approved): Test Cases/All TC/Arranged/0. Full Flow/Disbursement end to end (CHQ Approved) FAILED.
Reason:
com.kms.katalon.core.exception.StepFailedException: Unable to get text of object 'Object Repository/YongJun/Disbursement/Disbursement - CHQ/DS - Pending Claim (CHQ)/Page_PERKESO/Get Case ID' (Root cause: com.kms.katalon.core.webui.exception.WebElementNotFoundException: Web element with id: 'Object Repository/YongJun/Disbursement/Disbursement - CHQ/DS - Pending Claim (CHQ)/Page_PERKESO/Get Case ID' located by 'By.xpath: id("pendingClaimTableId")/tbody[1]/tr[@class="odd"]/td[2]' not found)
	at com.kms.katalon.core.keyword.internal.KeywordMain.stepFailed(KeywordMain.groovy:36)
	at com.kms.katalon.core.webui.keyword.internal.WebUIKeywordMain.stepFailed(WebUIKeywordMain.groovy:65)
	at com.kms.katalon.core.webui.keyword.internal.WebUIKeywordMain.runKeyword(WebUIKeywordMain.groovy:27)
	at com.kms.katalon.core.webui.keyword.builtin.GetTextKeyword.getText(GetTextKeyword.groovy:88)
	at com.kms.katalon.core.webui.keyword.builtin.GetTextKeyword.execute(GetTextKeyword.groovy:67)
	at com.kms.katalon.core.keyword.internal.KeywordExecutor.executeKeywordForPlatform(KeywordExecutor.groovy:53)
	at com.kms.katalon.core.webui.keyword.WebUiBuiltInKeywords.getText(WebUiBuiltInKeywords.groovy:888)
	at com.kms.katalon.core.webui.keyword.WebUiBuiltInKeywords$getText$9.call(Unknown Source)
	at DS - Pending Claim (CHQ).run(DS - Pending Claim (CHQ):32)
	at com.kms.katalon.core.main.ScriptEngine.run(ScriptEngine.java:194)
	at com.kms.katalon.core.main.ScriptEngine.runScriptAsRawText(ScriptEngine.java:119)
	at com.kms.katalon.core.main.TestCaseExecutor.runScript(TestCaseExecutor.java:328)
	at com.kms.katalon.core.main.TestCaseExecutor.doExecute(TestCaseExecutor.java:319)
	at com.kms.katalon.core.main.TestCaseExecutor.processExecutionPhase(TestCaseExecutor.java:298)
	at com.kms.katalon.core.main.TestCaseExecutor.accessMainPhase(TestCaseExecutor.java:290)
	at com.kms.katalon.core.main.TestCaseExecutor.execute(TestCaseExecutor.java:224)
	at com.kms.katalon.core.main.TestCaseMain.runTestCase(TestCaseMain.java:106)
	at com.kms.katalon.core.keyword.builtin.CallTestCaseKeyword$_callTestCase_closure1.doCall(CallTestCaseKeyword.groovy:59)
	at com.kms.katalon.core.keyword.builtin.CallTestCaseKeyword$_callTestCase_closure1.call(CallTestCaseKeyword.groovy)
	at com.kms.katalon.core.keyword.internal.KeywordMain.runKeyword(KeywordMain.groovy:54)
	at com.kms.katalon.core.keyword.builtin.CallTestCaseKeyword.callTestCase(CallTestCaseKeyword.groovy:80)
	at com.kms.katalon.core.keyword.builtin.CallTestCaseKeyword.execute(CallTestCaseKeyword.groovy:44)
	at com.kms.katalon.core.keyword.internal.KeywordExecutor.executeKeywordForPlatform(KeywordExecutor.groovy:53)
	at com.kms.katalon.core.keyword.BuiltinKeywords.callTestCase(BuiltinKeywords.groovy:334)
	at Disbursement end to end (CHQ Approved).run(Disbursement end to end (CHQ Approved):16)
	at com.kms.katalon.core.main.ScriptEngine.run(ScriptEngine.java:194)
	at com.kms.katalon.core.main.ScriptEngine.runScriptAsRawText(ScriptEngine.java:119)
	at com.kms.katalon.core.main.TestCaseExecutor.runScript(TestCaseExecutor.java:328)
	at com.kms.katalon.core.main.TestCaseExecutor.doExecute(TestCaseExecutor.java:319)
	at com.kms.katalon.core.main.TestCaseExecutor.processExecutionPhase(TestCaseExecutor.java:298)
	at com.kms.katalon.core.main.TestCaseExecutor.accessMainPhase(TestCaseExecutor.java:290)
	at com.kms.katalon.core.main.TestCaseExecutor.execute(TestCaseExecutor.java:224)
	at com.kms.katalon.core.main.TestSuiteExecutor.accessTestCaseMainPhase(TestSuiteExecutor.java:129)
	at com.kms.katalon.core.main.TestSuiteExecutor.accessTestSuiteMainPhase(TestSuiteExecutor.java:112)
	at com.kms.katalon.core.main.TestSuiteExecutor.execute(TestSuiteExecutor.java:81)
	at com.kms.katalon.core.main.TestCaseMain.startTestSuite(TestCaseMain.java:149)
	at com.kms.katalon.core.main.TestCaseMain$startTestSuite$0.call(Unknown Source)
	at TempTestSuite1550476757023.run(TempTestSuite1550476757023.groovy:36)]]></system-err>
      </testcase>
      <testcase name="Test Cases/All TC/Arranged/0. Full Flow/DA Report - Partial" classname="Test Cases/All TC/Arranged/0. Full Flow/DA Report - Partial" status="FAILED">
         <failure type="FAILED" message="Test Cases/All TC/Arranged/0. Full Flow/DA Report - Partial FAILED.
Reason:
com.kms.katalon.core.exception.StepFailedException: Unable to set text '10/01/2019' of object 'Object Repository/KeatMun/Form 7_default/OTC_Application_Reg/Page_PERKESO/11.Tarikh Terima_stampedDtS' (Root cause: com.kms.katalon.core.webui.exception.WebElementNotFoundException: Web element with id: 'Object Repository/KeatMun/Form 7_default/OTC_Application_Reg/Page_PERKESO/11.Tarikh Terima_stampedDtS' located by 'By.xpath: //input[@id = 'stampedDtStr' and @name = 'stampedDtStr' and @type = 'text']' not found)
	at com.kms.katalon.core.keyword.internal.KeywordMain.stepFailed(KeywordMain.groovy:36)
	at com.kms.katalon.core.webui.keyword.internal.WebUIKeywordMain.stepFailed(WebUIKeywordMain.groovy:65)
	at com.kms.katalon.core.webui.keyword.internal.WebUIKeywordMain.runKeyword(WebUIKeywordMain.groovy:27)
	at com.kms.katalon.core.webui.keyword.builtin.SetTextKeyword.setText(SetTextKeyword.groovy:65)
	at com.kms.katalon.core.webui.keyword.builtin.SetTextKeyword.execute(SetTextKeyword.groovy:37)
	at com.kms.katalon.core.keyword.internal.KeywordExecutor.executeKeywordForPlatform(KeywordExecutor.groovy:53)
	at com.kms.katalon.core.webui.keyword.WebUiBuiltInKeywords.setText(WebUiBuiltInKeywords.groovy:950)
	at com.kms.katalon.core.webui.keyword.WebUiBuiltInKeywords$setText$1.call(Unknown Source)
	at OTC_Application_Reg.run(OTC_Application_Reg:74)
	at com.kms.katalon.core.main.ScriptEngine.run(ScriptEngine.java:194)
	at com.kms.katalon.core.main.ScriptEngine.runScriptAsRawText(ScriptEngine.java:119)
	at com.kms.katalon.core.main.TestCaseExecutor.runScript(TestCaseExecutor.java:328)
	at com.kms.katalon.core.main.TestCaseExecutor.doExecute(TestCaseExecutor.java:319)
	at com.kms.katalon.core.main.TestCaseExecutor.processExecutionPhase(TestCaseExecutor.java:298)
	at com.kms.katalon.core.main.TestCaseExecutor.accessMainPhase(TestCaseExecutor.java:290)
	at com.kms.katalon.core.main.TestCaseExecutor.execute(TestCaseExecutor.java:224)
	at com.kms.katalon.core.main.TestCaseMain.runTestCase(TestCaseMain.java:106)
	at com.kms.katalon.core.keyword.builtin.CallTestCaseKeyword$_callTestCase_closure1.doCall(CallTestCaseKeyword.groovy:59)
	at com.kms.katalon.core.keyword.builtin.CallTestCaseKeyword$_callTestCase_closure1.call(CallTestCaseKeyword.groovy)
	at com.kms.katalon.core.keyword.internal.KeywordMain.runKeyword(KeywordMain.groovy:54)
	at com.kms.katalon.core.keyword.builtin.CallTestCaseKeyword.callTestCase(CallTestCaseKeyword.groovy:80)
	at com.kms.katalon.core.keyword.builtin.CallTestCaseKeyword.execute(CallTestCaseKeyword.groovy:44)
	at com.kms.katalon.core.keyword.internal.KeywordExecutor.executeKeywordForPlatform(KeywordExecutor.groovy:53)
	at com.kms.katalon.core.keyword.BuiltinKeywords.callTestCase(BuiltinKeywords.groovy:334)
	at OTC_Submit Form 7_End to End - Cheque.run(OTC_Submit Form 7_End to End - Cheque:16)
	at com.kms.katalon.core.main.ScriptEngine.run(ScriptEngine.java:194)
	at com.kms.katalon.core.main.ScriptEngine.runScriptAsRawText(ScriptEngine.java:119)
	at com.kms.katalon.core.main.TestCaseExecutor.runScript(TestCaseExecutor.java:328)
	at com.kms.katalon.core.main.TestCaseExecutor.doExecute(TestCaseExecutor.java:319)
	at com.kms.katalon.core.main.TestCaseExecutor.processExecutionPhase(TestCaseExecutor.java:298)
	at com.kms.katalon.core.main.TestCaseExecutor.accessMainPhase(TestCaseExecutor.java:290)
	at com.kms.katalon.core.main.TestCaseExecutor.execute(TestCaseExecutor.java:224)
	at com.kms.katalon.core.main.TestCaseMain.runTestCase(TestCaseMain.java:106)
	at com.kms.katalon.core.keyword.builtin.CallTestCaseKeyword$_callTestCase_closure1.doCall(CallTestCaseKeyword.groovy:59)
	at com.kms.katalon.core.keyword.builtin.CallTestCaseKeyword$_callTestCase_closure1.call(CallTestCaseKeyword.groovy)
	at com.kms.katalon.core.keyword.internal.KeywordMain.runKeyword(KeywordMain.groovy:54)
	at com.kms.katalon.core.keyword.builtin.CallTestCaseKeyword.callTestCase(CallTestCaseKeyword.groovy:80)
	at com.kms.katalon.core.keyword.builtin.CallTestCaseKeyword.execute(CallTestCaseKeyword.groovy:44)
	at com.kms.katalon.core.keyword.internal.KeywordExecutor.executeKeywordForPlatform(KeywordExecutor.groovy:53)
	at com.kms.katalon.core.keyword.BuiltinKeywords.callTestCase(BuiltinKeywords.groovy:334)
	at DA Report - Partial.run(DA Report - Partial:16)
	at com.kms.katalon.core.main.ScriptEngine.run(ScriptEngine.java:194)
	at com.kms.katalon.core.main.ScriptEngine.runScriptAsRawText(ScriptEngine.java:119)
	at com.kms.katalon.core.main.TestCaseExecutor.runScript(TestCaseExecutor.java:328)
	at com.kms.katalon.core.main.TestCaseExecutor.doExecute(TestCaseExecutor.java:319)
	at com.kms.katalon.core.main.TestCaseExecutor.processExecutionPhase(TestCaseExecutor.java:298)
	at com.kms.katalon.core.main.TestCaseExecutor.accessMainPhase(TestCaseExecutor.java:290)
	at com.kms.katalon.core.main.TestCaseExecutor.execute(TestCaseExecutor.java:224)
	at com.kms.katalon.core.main.TestSuiteExecutor.accessTestCaseMainPhase(TestSuiteExecutor.java:129)
	at com.kms.katalon.core.main.TestSuiteExecutor.accessTestSuiteMainPhase(TestSuiteExecutor.java:112)
	at com.kms.katalon.core.main.TestSuiteExecutor.execute(TestSuiteExecutor.java:81)
	at com.kms.katalon.core.main.TestCaseMain.startTestSuite(TestCaseMain.java:149)
	at com.kms.katalon.core.main.TestCaseMain$startTestSuite$0.call(Unknown Source)
	at TempTestSuite1550476757023.run(TempTestSuite1550476757023.groovy:36)
"/>
         <system-out><![CDATA[2019-02-18 16:45:28 - [TEST_CASE][FAILED] - Test Cases/All TC/Arranged/0. Full Flow/DA Report - Partial: Test Cases/All TC/Arranged/0. Full Flow/DA Report - Partial FAILED.
Reason:
com.kms.katalon.core.exception.StepFailedException: Unable to set text '10/01/2019' of object 'Object Repository/KeatMun/Form 7_default/OTC_Application_Reg/Page_PERKESO/11.Tarikh Terima_stampedDtS' (Root cause: com.kms.katalon.core.webui.exception.WebElementNotFoundException: Web element with id: 'Object Repository/KeatMun/Form 7_default/OTC_Application_Reg/Page_PERKESO/11.Tarikh Terima_stampedDtS' located by 'By.xpath: //input[@id = 'stampedDtStr' and @name = 'stampedDtStr' and @type = 'text']' not found)
	at com.kms.katalon.core.keyword.internal.KeywordMain.stepFailed(KeywordMain.groovy:36)
	at com.kms.katalon.core.webui.keyword.internal.WebUIKeywordMain.stepFailed(WebUIKeywordMain.groovy:65)
	at com.kms.katalon.core.webui.keyword.internal.WebUIKeywordMain.runKeyword(WebUIKeywordMain.groovy:27)
	at com.kms.katalon.core.webui.keyword.builtin.SetTextKeyword.setText(SetTextKeyword.groovy:65)
	at com.kms.katalon.core.webui.keyword.builtin.SetTextKeyword.execute(SetTextKeyword.groovy:37)
	at com.kms.katalon.core.keyword.internal.KeywordExecutor.executeKeywordForPlatform(KeywordExecutor.groovy:53)
	at com.kms.katalon.core.webui.keyword.WebUiBuiltInKeywords.setText(WebUiBuiltInKeywords.groovy:950)
	at com.kms.katalon.core.webui.keyword.WebUiBuiltInKeywords$setText$1.call(Unknown Source)
	at OTC_Application_Reg.run(OTC_Application_Reg:74)
	at com.kms.katalon.core.main.ScriptEngine.run(ScriptEngine.java:194)
	at com.kms.katalon.core.main.ScriptEngine.runScriptAsRawText(ScriptEngine.java:119)
	at com.kms.katalon.core.main.TestCaseExecutor.runScript(TestCaseExecutor.java:328)
	at com.kms.katalon.core.main.TestCaseExecutor.doExecute(TestCaseExecutor.java:319)
	at com.kms.katalon.core.main.TestCaseExecutor.processExecutionPhase(TestCaseExecutor.java:298)
	at com.kms.katalon.core.main.TestCaseExecutor.accessMainPhase(TestCaseExecutor.java:290)
	at com.kms.katalon.core.main.TestCaseExecutor.execute(TestCaseExecutor.java:224)
	at com.kms.katalon.core.main.TestCaseMain.runTestCase(TestCaseMain.java:106)
	at com.kms.katalon.core.keyword.builtin.CallTestCaseKeyword$_callTestCase_closure1.doCall(CallTestCaseKeyword.groovy:59)
	at com.kms.katalon.core.keyword.builtin.CallTestCaseKeyword$_callTestCase_closure1.call(CallTestCaseKeyword.groovy)
	at com.kms.katalon.core.keyword.internal.KeywordMain.runKeyword(KeywordMain.groovy:54)
	at com.kms.katalon.core.keyword.builtin.CallTestCaseKeyword.callTestCase(CallTestCaseKeyword.groovy:80)
	at com.kms.katalon.core.keyword.builtin.CallTestCaseKeyword.execute(CallTestCaseKeyword.groovy:44)
	at com.kms.katalon.core.keyword.internal.KeywordExecutor.executeKeywordForPlatform(KeywordExecutor.groovy:53)
	at com.kms.katalon.core.keyword.BuiltinKeywords.callTestCase(BuiltinKeywords.groovy:334)
	at OTC_Submit Form 7_End to End - Cheque.run(OTC_Submit Form 7_End to End - Cheque:16)
	at com.kms.katalon.core.main.ScriptEngine.run(ScriptEngine.java:194)
	at com.kms.katalon.core.main.ScriptEngine.runScriptAsRawText(ScriptEngine.java:119)
	at com.kms.katalon.core.main.TestCaseExecutor.runScript(TestCaseExecutor.java:328)
	at com.kms.katalon.core.main.TestCaseExecutor.doExecute(TestCaseExecutor.java:319)
	at com.kms.katalon.core.main.TestCaseExecutor.processExecutionPhase(TestCaseExecutor.java:298)
	at com.kms.katalon.core.main.TestCaseExecutor.accessMainPhase(TestCaseExecutor.java:290)
	at com.kms.katalon.core.main.TestCaseExecutor.execute(TestCaseExecutor.java:224)
	at com.kms.katalon.core.main.TestCaseMain.runTestCase(TestCaseMain.java:106)
	at com.kms.katalon.core.keyword.builtin.CallTestCaseKeyword$_callTestCase_closure1.doCall(CallTestCaseKeyword.groovy:59)
	at com.kms.katalon.core.keyword.builtin.CallTestCaseKeyword$_callTestCase_closure1.call(CallTestCaseKeyword.groovy)
	at com.kms.katalon.core.keyword.internal.KeywordMain.runKeyword(KeywordMain.groovy:54)
	at com.kms.katalon.core.keyword.builtin.CallTestCaseKeyword.callTestCase(CallTestCaseKeyword.groovy:80)
	at com.kms.katalon.core.keyword.builtin.CallTestCaseKeyword.execute(CallTestCaseKeyword.groovy:44)
	at com.kms.katalon.core.keyword.internal.KeywordExecutor.executeKeywordForPlatform(KeywordExecutor.groovy:53)
	at com.kms.katalon.core.keyword.BuiltinKeywords.callTestCase(BuiltinKeywords.groovy:334)
	at DA Report - Partial.run(DA Report - Partial:16)
	at com.kms.katalon.core.main.ScriptEngine.run(ScriptEngine.java:194)
	at com.kms.katalon.core.main.ScriptEngine.runScriptAsRawText(ScriptEngine.java:119)
	at com.kms.katalon.core.main.TestCaseExecutor.runScript(TestCaseExecutor.java:328)
	at com.kms.katalon.core.main.TestCaseExecutor.doExecute(TestCaseExecutor.java:319)
	at com.kms.katalon.core.main.TestCaseExecutor.processExecutionPhase(TestCaseExecutor.java:298)
	at com.kms.katalon.core.main.TestCaseExecutor.accessMainPhase(TestCaseExecutor.java:290)
	at com.kms.katalon.core.main.TestCaseExecutor.execute(TestCaseExecutor.java:224)
	at com.kms.katalon.core.main.TestSuiteExecutor.accessTestCaseMainPhase(TestSuiteExecutor.java:129)
	at com.kms.katalon.core.main.TestSuiteExecutor.accessTestSuiteMainPhase(TestSuiteExecutor.java:112)
	at com.kms.katalon.core.main.TestSuiteExecutor.execute(TestSuiteExecutor.java:81)
	at com.kms.katalon.core.main.TestCaseMain.startTestSuite(TestCaseMain.java:149)
	at com.kms.katalon.core.main.TestCaseMain$startTestSuite$0.call(Unknown Source)
	at TempTestSuite1550476757023.run(TempTestSuite1550476757023.groovy:36)


2019-02-18 16:45:28 - [TEST_STEP][FAILED] - callTestCase(findTestCase("All TC/Arranged/2. Segment/OTC_Submit Form 7_End to End - Cheque"), [:], STOP_ON_FAILURE): callTestCase(findTestCase("All TC/Arranged/2. Segment/OTC_Submit Form 7_End to End - Cheque"), [:], STOP_ON_FAILURE) FAILED.
Reason:
com.kms.katalon.core.exception.StepFailedException: Unable to set text '10/01/2019' of object 'Object Repository/KeatMun/Form 7_default/OTC_Application_Reg/Page_PERKESO/11.Tarikh Terima_stampedDtS' (Root cause: com.kms.katalon.core.webui.exception.WebElementNotFoundException: Web element with id: 'Object Repository/KeatMun/Form 7_default/OTC_Application_Reg/Page_PERKESO/11.Tarikh Terima_stampedDtS' located by 'By.xpath: //input[@id = 'stampedDtStr' and @name = 'stampedDtStr' and @type = 'text']' not found)
	at com.kms.katalon.core.keyword.internal.KeywordMain.stepFailed(KeywordMain.groovy:36)
	at com.kms.katalon.core.webui.keyword.internal.WebUIKeywordMain.stepFailed(WebUIKeywordMain.groovy:65)
	at com.kms.katalon.core.webui.keyword.internal.WebUIKeywordMain.runKeyword(WebUIKeywordMain.groovy:27)
	at com.kms.katalon.core.webui.keyword.builtin.SetTextKeyword.setText(SetTextKeyword.groovy:65)
	at com.kms.katalon.core.webui.keyword.builtin.SetTextKeyword.execute(SetTextKeyword.groovy:37)
	at com.kms.katalon.core.keyword.internal.KeywordExecutor.executeKeywordForPlatform(KeywordExecutor.groovy:53)
	at com.kms.katalon.core.webui.keyword.WebUiBuiltInKeywords.setText(WebUiBuiltInKeywords.groovy:950)
	at com.kms.katalon.core.webui.keyword.WebUiBuiltInKeywords$setText$1.call(Unknown Source)
	at OTC_Application_Reg.run(OTC_Application_Reg:74)
	at com.kms.katalon.core.main.ScriptEngine.run(ScriptEngine.java:194)
	at com.kms.katalon.core.main.ScriptEngine.runScriptAsRawText(ScriptEngine.java:119)
	at com.kms.katalon.core.main.TestCaseExecutor.runScript(TestCaseExecutor.java:328)
	at com.kms.katalon.core.main.TestCaseExecutor.doExecute(TestCaseExecutor.java:319)
	at com.kms.katalon.core.main.TestCaseExecutor.processExecutionPhase(TestCaseExecutor.java:298)
	at com.kms.katalon.core.main.TestCaseExecutor.accessMainPhase(TestCaseExecutor.java:290)
	at com.kms.katalon.core.main.TestCaseExecutor.execute(TestCaseExecutor.java:224)
	at com.kms.katalon.core.main.TestCaseMain.runTestCase(TestCaseMain.java:106)
	at com.kms.katalon.core.keyword.builtin.CallTestCaseKeyword$_callTestCase_closure1.doCall(CallTestCaseKeyword.groovy:59)
	at com.kms.katalon.core.keyword.builtin.CallTestCaseKeyword$_callTestCase_closure1.call(CallTestCaseKeyword.groovy)
	at com.kms.katalon.core.keyword.internal.KeywordMain.runKeyword(KeywordMain.groovy:54)
	at com.kms.katalon.core.keyword.builtin.CallTestCaseKeyword.callTestCase(CallTestCaseKeyword.groovy:80)
	at com.kms.katalon.core.keyword.builtin.CallTestCaseKeyword.execute(CallTestCaseKeyword.groovy:44)
	at com.kms.katalon.core.keyword.internal.KeywordExecutor.executeKeywordForPlatform(KeywordExecutor.groovy:53)
	at com.kms.katalon.core.keyword.BuiltinKeywords.callTestCase(BuiltinKeywords.groovy:334)
	at OTC_Submit Form 7_End to End - Cheque.run(OTC_Submit Form 7_End to End - Cheque:16)
	at com.kms.katalon.core.main.ScriptEngine.run(ScriptEngine.java:194)
	at com.kms.katalon.core.main.ScriptEngine.runScriptAsRawText(ScriptEngine.java:119)
	at com.kms.katalon.core.main.TestCaseExecutor.runScript(TestCaseExecutor.java:328)
	at com.kms.katalon.core.main.TestCaseExecutor.doExecute(TestCaseExecutor.java:319)
	at com.kms.katalon.core.main.TestCaseExecutor.processExecutionPhase(TestCaseExecutor.java:298)
	at com.kms.katalon.core.main.TestCaseExecutor.accessMainPhase(TestCaseExecutor.java:290)
	at com.kms.katalon.core.main.TestCaseExecutor.execute(TestCaseExecutor.java:224)
	at com.kms.katalon.core.main.TestCaseMain.runTestCase(TestCaseMain.java:106)
	at com.kms.katalon.core.keyword.builtin.CallTestCaseKeyword$_callTestCase_closure1.doCall(CallTestCaseKeyword.groovy:59)
	at com.kms.katalon.core.keyword.builtin.CallTestCaseKeyword$_callTestCase_closure1.call(CallTestCaseKeyword.groovy)
	at com.kms.katalon.core.keyword.internal.KeywordMain.runKeyword(KeywordMain.groovy:54)
	at com.kms.katalon.core.keyword.builtin.CallTestCaseKeyword.callTestCase(CallTestCaseKeyword.groovy:80)
	at com.kms.katalon.core.keyword.builtin.CallTestCaseKeyword.execute(CallTestCaseKeyword.groovy:44)
	at com.kms.katalon.core.keyword.internal.KeywordExecutor.executeKeywordForPlatform(KeywordExecutor.groovy:53)
	at com.kms.katalon.core.keyword.BuiltinKeywords.callTestCase(BuiltinKeywords.groovy:334)
	at DA Report - Partial.run(DA Report - Partial:16)
	at com.kms.katalon.core.main.ScriptEngine.run(ScriptEngine.java:194)
	at com.kms.katalon.core.main.ScriptEngine.runScriptAsRawText(ScriptEngine.java:119)
	at com.kms.katalon.core.main.TestCaseExecutor.runScript(TestCaseExecutor.java:328)
	at com.kms.katalon.core.main.TestCaseExecutor.doExecute(TestCaseExecutor.java:319)
	at com.kms.katalon.core.main.TestCaseExecutor.processExecutionPhase(TestCaseExecutor.java:298)
	at com.kms.katalon.core.main.TestCaseExecutor.accessMainPhase(TestCaseExecutor.java:290)
	at com.kms.katalon.core.main.TestCaseExecutor.execute(TestCaseExecutor.java:224)
	at com.kms.katalon.core.main.TestSuiteExecutor.accessTestCaseMainPhase(TestSuiteExecutor.java:129)
	at com.kms.katalon.core.main.TestSuiteExecutor.accessTestSuiteMainPhase(TestSuiteExecutor.java:112)
	at com.kms.katalon.core.main.TestSuiteExecutor.execute(TestSuiteExecutor.java:81)
	at com.kms.katalon.core.main.TestCaseMain.startTestSuite(TestCaseMain.java:149)
	at com.kms.katalon.core.main.TestCaseMain$startTestSuite$0.call(Unknown Source)
	at TempTestSuite1550476757023.run(TempTestSuite1550476757023.groovy:36)


2019-02-18 16:45:28 - [TEST_CASE][FAILED] - Test Cases/All TC/Arranged/2. Segment/OTC_Submit Form 7_End to End - Cheque: Test Cases/All TC/Arranged/2. Segment/OTC_Submit Form 7_End to End - Cheque FAILED.
Reason:
com.kms.katalon.core.exception.StepFailedException: Unable to set text '10/01/2019' of object 'Object Repository/KeatMun/Form 7_default/OTC_Application_Reg/Page_PERKESO/11.Tarikh Terima_stampedDtS' (Root cause: com.kms.katalon.core.webui.exception.WebElementNotFoundException: Web element with id: 'Object Repository/KeatMun/Form 7_default/OTC_Application_Reg/Page_PERKESO/11.Tarikh Terima_stampedDtS' located by 'By.xpath: //input[@id = 'stampedDtStr' and @name = 'stampedDtStr' and @type = 'text']' not found)
	at com.kms.katalon.core.keyword.internal.KeywordMain.stepFailed(KeywordMain.groovy:36)
	at com.kms.katalon.core.webui.keyword.internal.WebUIKeywordMain.stepFailed(WebUIKeywordMain.groovy:65)
	at com.kms.katalon.core.webui.keyword.internal.WebUIKeywordMain.runKeyword(WebUIKeywordMain.groovy:27)
	at com.kms.katalon.core.webui.keyword.builtin.SetTextKeyword.setText(SetTextKeyword.groovy:65)
	at com.kms.katalon.core.webui.keyword.builtin.SetTextKeyword.execute(SetTextKeyword.groovy:37)
	at com.kms.katalon.core.keyword.internal.KeywordExecutor.executeKeywordForPlatform(KeywordExecutor.groovy:53)
	at com.kms.katalon.core.webui.keyword.WebUiBuiltInKeywords.setText(WebUiBuiltInKeywords.groovy:950)
	at com.kms.katalon.core.webui.keyword.WebUiBuiltInKeywords$setText$1.call(Unknown Source)
	at OTC_Application_Reg.run(OTC_Application_Reg:74)
	at com.kms.katalon.core.main.ScriptEngine.run(ScriptEngine.java:194)
	at com.kms.katalon.core.main.ScriptEngine.runScriptAsRawText(ScriptEngine.java:119)
	at com.kms.katalon.core.main.TestCaseExecutor.runScript(TestCaseExecutor.java:328)
	at com.kms.katalon.core.main.TestCaseExecutor.doExecute(TestCaseExecutor.java:319)
	at com.kms.katalon.core.main.TestCaseExecutor.processExecutionPhase(TestCaseExecutor.java:298)
	at com.kms.katalon.core.main.TestCaseExecutor.accessMainPhase(TestCaseExecutor.java:290)
	at com.kms.katalon.core.main.TestCaseExecutor.execute(TestCaseExecutor.java:224)
	at com.kms.katalon.core.main.TestCaseMain.runTestCase(TestCaseMain.java:106)
	at com.kms.katalon.core.keyword.builtin.CallTestCaseKeyword$_callTestCase_closure1.doCall(CallTestCaseKeyword.groovy:59)
	at com.kms.katalon.core.keyword.builtin.CallTestCaseKeyword$_callTestCase_closure1.call(CallTestCaseKeyword.groovy)
	at com.kms.katalon.core.keyword.internal.KeywordMain.runKeyword(KeywordMain.groovy:54)
	at com.kms.katalon.core.keyword.builtin.CallTestCaseKeyword.callTestCase(CallTestCaseKeyword.groovy:80)
	at com.kms.katalon.core.keyword.builtin.CallTestCaseKeyword.execute(CallTestCaseKeyword.groovy:44)
	at com.kms.katalon.core.keyword.internal.KeywordExecutor.executeKeywordForPlatform(KeywordExecutor.groovy:53)
	at com.kms.katalon.core.keyword.BuiltinKeywords.callTestCase(BuiltinKeywords.groovy:334)
	at OTC_Submit Form 7_End to End - Cheque.run(OTC_Submit Form 7_End to End - Cheque:16)
	at com.kms.katalon.core.main.ScriptEngine.run(ScriptEngine.java:194)
	at com.kms.katalon.core.main.ScriptEngine.runScriptAsRawText(ScriptEngine.java:119)
	at com.kms.katalon.core.main.TestCaseExecutor.runScript(TestCaseExecutor.java:328)
	at com.kms.katalon.core.main.TestCaseExecutor.doExecute(TestCaseExecutor.java:319)
	at com.kms.katalon.core.main.TestCaseExecutor.processExecutionPhase(TestCaseExecutor.java:298)
	at com.kms.katalon.core.main.TestCaseExecutor.accessMainPhase(TestCaseExecutor.java:290)
	at com.kms.katalon.core.main.TestCaseExecutor.execute(TestCaseExecutor.java:224)
	at com.kms.katalon.core.main.TestCaseMain.runTestCase(TestCaseMain.java:106)
	at com.kms.katalon.core.keyword.builtin.CallTestCaseKeyword$_callTestCase_closure1.doCall(CallTestCaseKeyword.groovy:59)
	at com.kms.katalon.core.keyword.builtin.CallTestCaseKeyword$_callTestCase_closure1.call(CallTestCaseKeyword.groovy)
	at com.kms.katalon.core.keyword.internal.KeywordMain.runKeyword(KeywordMain.groovy:54)
	at com.kms.katalon.core.keyword.builtin.CallTestCaseKeyword.callTestCase(CallTestCaseKeyword.groovy:80)
	at com.kms.katalon.core.keyword.builtin.CallTestCaseKeyword.execute(CallTestCaseKeyword.groovy:44)
	at com.kms.katalon.core.keyword.internal.KeywordExecutor.executeKeywordForPlatform(KeywordExecutor.groovy:53)
	at com.kms.katalon.core.keyword.BuiltinKeywords.callTestCase(BuiltinKeywords.groovy:334)
	at DA Report - Partial.run(DA Report - Partial:16)
	at com.kms.katalon.core.main.ScriptEngine.run(ScriptEngine.java:194)
	at com.kms.katalon.core.main.ScriptEngine.runScriptAsRawText(ScriptEngine.java:119)
	at com.kms.katalon.core.main.TestCaseExecutor.runScript(TestCaseExecutor.java:328)
	at com.kms.katalon.core.main.TestCaseExecutor.doExecute(TestCaseExecutor.java:319)
	at com.kms.katalon.core.main.TestCaseExecutor.processExecutionPhase(TestCaseExecutor.java:298)
	at com.kms.katalon.core.main.TestCaseExecutor.accessMainPhase(TestCaseExecutor.java:290)
	at com.kms.katalon.core.main.TestCaseExecutor.execute(TestCaseExecutor.java:224)
	at com.kms.katalon.core.main.TestSuiteExecutor.accessTestCaseMainPhase(TestSuiteExecutor.java:129)
	at com.kms.katalon.core.main.TestSuiteExecutor.accessTestSuiteMainPhase(TestSuiteExecutor.java:112)
	at com.kms.katalon.core.main.TestSuiteExecutor.execute(TestSuiteExecutor.java:81)
	at com.kms.katalon.core.main.TestCaseMain.startTestSuite(TestCaseMain.java:149)
	at com.kms.katalon.core.main.TestCaseMain$startTestSuite$0.call(Unknown Source)
	at TempTestSuite1550476757023.run(TempTestSuite1550476757023.groovy:36)


2019-02-18 16:45:28 - [TEST_STEP][FAILED] - callTestCase(findTestCase("All TC/Arranged/3. Unit/EI/Form 7_default/OTC_Application_Reg"), [:], STOP_ON_FAILURE): callTestCase(findTestCase("All TC/Arranged/3. Unit/EI/Form 7_default/OTC_Application_Reg"), [:], STOP_ON_FAILURE) FAILED.
Reason:
com.kms.katalon.core.exception.StepFailedException: Unable to set text '10/01/2019' of object 'Object Repository/KeatMun/Form 7_default/OTC_Application_Reg/Page_PERKESO/11.Tarikh Terima_stampedDtS' (Root cause: com.kms.katalon.core.webui.exception.WebElementNotFoundException: Web element with id: 'Object Repository/KeatMun/Form 7_default/OTC_Application_Reg/Page_PERKESO/11.Tarikh Terima_stampedDtS' located by 'By.xpath: //input[@id = 'stampedDtStr' and @name = 'stampedDtStr' and @type = 'text']' not found)
	at com.kms.katalon.core.keyword.internal.KeywordMain.stepFailed(KeywordMain.groovy:36)
	at com.kms.katalon.core.webui.keyword.internal.WebUIKeywordMain.stepFailed(WebUIKeywordMain.groovy:65)
	at com.kms.katalon.core.webui.keyword.internal.WebUIKeywordMain.runKeyword(WebUIKeywordMain.groovy:27)
	at com.kms.katalon.core.webui.keyword.builtin.SetTextKeyword.setText(SetTextKeyword.groovy:65)
	at com.kms.katalon.core.webui.keyword.builtin.SetTextKeyword.execute(SetTextKeyword.groovy:37)
	at com.kms.katalon.core.keyword.internal.KeywordExecutor.executeKeywordForPlatform(KeywordExecutor.groovy:53)
	at com.kms.katalon.core.webui.keyword.WebUiBuiltInKeywords.setText(WebUiBuiltInKeywords.groovy:950)
	at com.kms.katalon.core.webui.keyword.WebUiBuiltInKeywords$setText$1.call(Unknown Source)
	at OTC_Application_Reg.run(OTC_Application_Reg:74)
	at com.kms.katalon.core.main.ScriptEngine.run(ScriptEngine.java:194)
	at com.kms.katalon.core.main.ScriptEngine.runScriptAsRawText(ScriptEngine.java:119)
	at com.kms.katalon.core.main.TestCaseExecutor.runScript(TestCaseExecutor.java:328)
	at com.kms.katalon.core.main.TestCaseExecutor.doExecute(TestCaseExecutor.java:319)
	at com.kms.katalon.core.main.TestCaseExecutor.processExecutionPhase(TestCaseExecutor.java:298)
	at com.kms.katalon.core.main.TestCaseExecutor.accessMainPhase(TestCaseExecutor.java:290)
	at com.kms.katalon.core.main.TestCaseExecutor.execute(TestCaseExecutor.java:224)
	at com.kms.katalon.core.main.TestCaseMain.runTestCase(TestCaseMain.java:106)
	at com.kms.katalon.core.keyword.builtin.CallTestCaseKeyword$_callTestCase_closure1.doCall(CallTestCaseKeyword.groovy:59)
	at com.kms.katalon.core.keyword.builtin.CallTestCaseKeyword$_callTestCase_closure1.call(CallTestCaseKeyword.groovy)
	at com.kms.katalon.core.keyword.internal.KeywordMain.runKeyword(KeywordMain.groovy:54)
	at com.kms.katalon.core.keyword.builtin.CallTestCaseKeyword.callTestCase(CallTestCaseKeyword.groovy:80)
	at com.kms.katalon.core.keyword.builtin.CallTestCaseKeyword.execute(CallTestCaseKeyword.groovy:44)
	at com.kms.katalon.core.keyword.internal.KeywordExecutor.executeKeywordForPlatform(KeywordExecutor.groovy:53)
	at com.kms.katalon.core.keyword.BuiltinKeywords.callTestCase(BuiltinKeywords.groovy:334)
	at OTC_Submit Form 7_End to End - Cheque.run(OTC_Submit Form 7_End to End - Cheque:16)
	at com.kms.katalon.core.main.ScriptEngine.run(ScriptEngine.java:194)
	at com.kms.katalon.core.main.ScriptEngine.runScriptAsRawText(ScriptEngine.java:119)
	at com.kms.katalon.core.main.TestCaseExecutor.runScript(TestCaseExecutor.java:328)
	at com.kms.katalon.core.main.TestCaseExecutor.doExecute(TestCaseExecutor.java:319)
	at com.kms.katalon.core.main.TestCaseExecutor.processExecutionPhase(TestCaseExecutor.java:298)
	at com.kms.katalon.core.main.TestCaseExecutor.accessMainPhase(TestCaseExecutor.java:290)
	at com.kms.katalon.core.main.TestCaseExecutor.execute(TestCaseExecutor.java:224)
	at com.kms.katalon.core.main.TestCaseMain.runTestCase(TestCaseMain.java:106)
	at com.kms.katalon.core.keyword.builtin.CallTestCaseKeyword$_callTestCase_closure1.doCall(CallTestCaseKeyword.groovy:59)
	at com.kms.katalon.core.keyword.builtin.CallTestCaseKeyword$_callTestCase_closure1.call(CallTestCaseKeyword.groovy)
	at com.kms.katalon.core.keyword.internal.KeywordMain.runKeyword(KeywordMain.groovy:54)
	at com.kms.katalon.core.keyword.builtin.CallTestCaseKeyword.callTestCase(CallTestCaseKeyword.groovy:80)
	at com.kms.katalon.core.keyword.builtin.CallTestCaseKeyword.execute(CallTestCaseKeyword.groovy:44)
	at com.kms.katalon.core.keyword.internal.KeywordExecutor.executeKeywordForPlatform(KeywordExecutor.groovy:53)
	at com.kms.katalon.core.keyword.BuiltinKeywords.callTestCase(BuiltinKeywords.groovy:334)
	at DA Report - Partial.run(DA Report - Partial:16)
	at com.kms.katalon.core.main.ScriptEngine.run(ScriptEngine.java:194)
	at com.kms.katalon.core.main.ScriptEngine.runScriptAsRawText(ScriptEngine.java:119)
	at com.kms.katalon.core.main.TestCaseExecutor.runScript(TestCaseExecutor.java:328)
	at com.kms.katalon.core.main.TestCaseExecutor.doExecute(TestCaseExecutor.java:319)
	at com.kms.katalon.core.main.TestCaseExecutor.processExecutionPhase(TestCaseExecutor.java:298)
	at com.kms.katalon.core.main.TestCaseExecutor.accessMainPhase(TestCaseExecutor.java:290)
	at com.kms.katalon.core.main.TestCaseExecutor.execute(TestCaseExecutor.java:224)
	at com.kms.katalon.core.main.TestSuiteExecutor.accessTestCaseMainPhase(TestSuiteExecutor.java:129)
	at com.kms.katalon.core.main.TestSuiteExecutor.accessTestSuiteMainPhase(TestSuiteExecutor.java:112)
	at com.kms.katalon.core.main.TestSuiteExecutor.execute(TestSuiteExecutor.java:81)
	at com.kms.katalon.core.main.TestCaseMain.startTestSuite(TestCaseMain.java:149)
	at com.kms.katalon.core.main.TestCaseMain$startTestSuite$0.call(Unknown Source)
	at TempTestSuite1550476757023.run(TempTestSuite1550476757023.groovy:36)


2019-02-18 16:45:28 - [TEST_CASE][FAILED] - Test Cases/All TC/Arranged/3. Unit/EI/Form 7_default/OTC_Application_Reg: Test Cases/All TC/Arranged/3. Unit/EI/Form 7_default/OTC_Application_Reg FAILED.
Reason:
com.kms.katalon.core.exception.StepFailedException: Unable to set text '10/01/2019' of object 'Object Repository/KeatMun/Form 7_default/OTC_Application_Reg/Page_PERKESO/11.Tarikh Terima_stampedDtS' (Root cause: com.kms.katalon.core.webui.exception.WebElementNotFoundException: Web element with id: 'Object Repository/KeatMun/Form 7_default/OTC_Application_Reg/Page_PERKESO/11.Tarikh Terima_stampedDtS' located by 'By.xpath: //input[@id = 'stampedDtStr' and @name = 'stampedDtStr' and @type = 'text']' not found)
	at com.kms.katalon.core.keyword.internal.KeywordMain.stepFailed(KeywordMain.groovy:36)
	at com.kms.katalon.core.webui.keyword.internal.WebUIKeywordMain.stepFailed(WebUIKeywordMain.groovy:65)
	at com.kms.katalon.core.webui.keyword.internal.WebUIKeywordMain.runKeyword(WebUIKeywordMain.groovy:27)
	at com.kms.katalon.core.webui.keyword.builtin.SetTextKeyword.setText(SetTextKeyword.groovy:65)
	at com.kms.katalon.core.webui.keyword.builtin.SetTextKeyword.execute(SetTextKeyword.groovy:37)
	at com.kms.katalon.core.keyword.internal.KeywordExecutor.executeKeywordForPlatform(KeywordExecutor.groovy:53)
	at com.kms.katalon.core.webui.keyword.WebUiBuiltInKeywords.setText(WebUiBuiltInKeywords.groovy:950)
	at com.kms.katalon.core.webui.keyword.WebUiBuiltInKeywords$setText$1.call(Unknown Source)
	at OTC_Application_Reg.run(OTC_Application_Reg:74)
	at com.kms.katalon.core.main.ScriptEngine.run(ScriptEngine.java:194)
	at com.kms.katalon.core.main.ScriptEngine.runScriptAsRawText(ScriptEngine.java:119)
	at com.kms.katalon.core.main.TestCaseExecutor.runScript(TestCaseExecutor.java:328)
	at com.kms.katalon.core.main.TestCaseExecutor.doExecute(TestCaseExecutor.java:319)
	at com.kms.katalon.core.main.TestCaseExecutor.processExecutionPhase(TestCaseExecutor.java:298)
	at com.kms.katalon.core.main.TestCaseExecutor.accessMainPhase(TestCaseExecutor.java:290)
	at com.kms.katalon.core.main.TestCaseExecutor.execute(TestCaseExecutor.java:224)
	at com.kms.katalon.core.main.TestCaseMain.runTestCase(TestCaseMain.java:106)
	at com.kms.katalon.core.keyword.builtin.CallTestCaseKeyword$_callTestCase_closure1.doCall(CallTestCaseKeyword.groovy:59)
	at com.kms.katalon.core.keyword.builtin.CallTestCaseKeyword$_callTestCase_closure1.call(CallTestCaseKeyword.groovy)
	at com.kms.katalon.core.keyword.internal.KeywordMain.runKeyword(KeywordMain.groovy:54)
	at com.kms.katalon.core.keyword.builtin.CallTestCaseKeyword.callTestCase(CallTestCaseKeyword.groovy:80)
	at com.kms.katalon.core.keyword.builtin.CallTestCaseKeyword.execute(CallTestCaseKeyword.groovy:44)
	at com.kms.katalon.core.keyword.internal.KeywordExecutor.executeKeywordForPlatform(KeywordExecutor.groovy:53)
	at com.kms.katalon.core.keyword.BuiltinKeywords.callTestCase(BuiltinKeywords.groovy:334)
	at OTC_Submit Form 7_End to End - Cheque.run(OTC_Submit Form 7_End to End - Cheque:16)
	at com.kms.katalon.core.main.ScriptEngine.run(ScriptEngine.java:194)
	at com.kms.katalon.core.main.ScriptEngine.runScriptAsRawText(ScriptEngine.java:119)
	at com.kms.katalon.core.main.TestCaseExecutor.runScript(TestCaseExecutor.java:328)
	at com.kms.katalon.core.main.TestCaseExecutor.doExecute(TestCaseExecutor.java:319)
	at com.kms.katalon.core.main.TestCaseExecutor.processExecutionPhase(TestCaseExecutor.java:298)
	at com.kms.katalon.core.main.TestCaseExecutor.accessMainPhase(TestCaseExecutor.java:290)
	at com.kms.katalon.core.main.TestCaseExecutor.execute(TestCaseExecutor.java:224)
	at com.kms.katalon.core.main.TestCaseMain.runTestCase(TestCaseMain.java:106)
	at com.kms.katalon.core.keyword.builtin.CallTestCaseKeyword$_callTestCase_closure1.doCall(CallTestCaseKeyword.groovy:59)
	at com.kms.katalon.core.keyword.builtin.CallTestCaseKeyword$_callTestCase_closure1.call(CallTestCaseKeyword.groovy)
	at com.kms.katalon.core.keyword.internal.KeywordMain.runKeyword(KeywordMain.groovy:54)
	at com.kms.katalon.core.keyword.builtin.CallTestCaseKeyword.callTestCase(CallTestCaseKeyword.groovy:80)
	at com.kms.katalon.core.keyword.builtin.CallTestCaseKeyword.execute(CallTestCaseKeyword.groovy:44)
	at com.kms.katalon.core.keyword.internal.KeywordExecutor.executeKeywordForPlatform(KeywordExecutor.groovy:53)
	at com.kms.katalon.core.keyword.BuiltinKeywords.callTestCase(BuiltinKeywords.groovy:334)
	at DA Report - Partial.run(DA Report - Partial:16)
	at com.kms.katalon.core.main.ScriptEngine.run(ScriptEngine.java:194)
	at com.kms.katalon.core.main.ScriptEngine.runScriptAsRawText(ScriptEngine.java:119)
	at com.kms.katalon.core.main.TestCaseExecutor.runScript(TestCaseExecutor.java:328)
	at com.kms.katalon.core.main.TestCaseExecutor.doExecute(TestCaseExecutor.java:319)
	at com.kms.katalon.core.main.TestCaseExecutor.processExecutionPhase(TestCaseExecutor.java:298)
	at com.kms.katalon.core.main.TestCaseExecutor.accessMainPhase(TestCaseExecutor.java:290)
	at com.kms.katalon.core.main.TestCaseExecutor.execute(TestCaseExecutor.java:224)
	at com.kms.katalon.core.main.TestSuiteExecutor.accessTestCaseMainPhase(TestSuiteExecutor.java:129)
	at com.kms.katalon.core.main.TestSuiteExecutor.accessTestSuiteMainPhase(TestSuiteExecutor.java:112)
	at com.kms.katalon.core.main.TestSuiteExecutor.execute(TestSuiteExecutor.java:81)
	at com.kms.katalon.core.main.TestCaseMain.startTestSuite(TestCaseMain.java:149)
	at com.kms.katalon.core.main.TestCaseMain$startTestSuite$0.call(Unknown Source)
	at TempTestSuite1550476757023.run(TempTestSuite1550476757023.groovy:36)


2019-02-18 16:45:28 - [TEST_STEP][PASSED] - openBrowser(""): Browser is opened with url: ''

2019-02-18 16:45:28 - [MESSAGE][WARNING] - A browser is already opened. Closing browser and opening a new one

2019-02-18 16:45:30 - [MESSAGE][INFO] - Starting 'Chrome' driver

2019-02-18 16:45:30 - [MESSAGE][INFO] - User set preference: ['args', '[--start-maximized]']

2019-02-18 16:45:34 - [MESSAGE][PASSED] - Browser is opened with url: ''

2019-02-18 16:45:34 - [TEST_STEP][PASSED] - navigateToUrl(Internal_Login): Navigate to 'http://10.20.24.188/eisportal/user/login' successfully

2019-02-18 16:45:36 - [MESSAGE][PASSED] - Navigate to 'http://10.20.24.188/eisportal/user/login' successfully

2019-02-18 16:45:36 - [TEST_STEP][PASSED] - delay(3): Delayed 3 second(s)

2019-02-18 16:45:39 - [MESSAGE][PASSED] - Delayed 3 second(s)

2019-02-18 16:45:39 - [TEST_STEP][PASSED] - setText(findTestObject("KeatMun/Form 7_default/OTC_Application_Reg/Page_PERKESO/1.username"), "faizal.hamid@perkeso.gov.my"): Text 'faizal.hamid@perkeso.gov.my' is set on object 'Object Repository/KeatMun/Form 7_default/OTC_Application_Reg/Page_PERKESO/1.username'

2019-02-18 16:45:43 - [MESSAGE][PASSED] - Text 'faizal.hamid@perkeso.gov.my' is set on object 'Object Repository/KeatMun/Form 7_default/OTC_Application_Reg/Page_PERKESO/1.username'

2019-02-18 16:45:43 - [TEST_STEP][PASSED] - delay(1): Delayed 1 second(s)

2019-02-18 16:45:44 - [MESSAGE][PASSED] - Delayed 1 second(s)

2019-02-18 16:45:44 - [TEST_STEP][PASSED] - setEncryptedText(findTestObject("KeatMun/Form 7_default/OTC_Application_Reg/Page_PERKESO/2.password"), "CQqwFZlbeC8="): Text ****** has been set on object 'Object Repository/KeatMun/Form 7_default/OTC_Application_Reg/Page_PERKESO/2.password'

2019-02-18 16:45:47 - [MESSAGE][PASSED] - Text ****** has been set on object 'Object Repository/KeatMun/Form 7_default/OTC_Application_Reg/Page_PERKESO/2.password'

2019-02-18 16:45:47 - [TEST_STEP][PASSED] - delay(2): Delayed 2 second(s)

2019-02-18 16:45:49 - [MESSAGE][PASSED] - Delayed 2 second(s)

2019-02-18 16:45:49 - [TEST_STEP][PASSED] - click(findTestObject("KeatMun/Form 7_default/OTC_Application_Reg/Page_PERKESO/3.login button")): Object: 'Object Repository/KeatMun/Form 7_default/OTC_Application_Reg/Page_PERKESO/3.login button' is clicked on

2019-02-18 16:45:52 - [MESSAGE][PASSED] - Object: 'Object Repository/KeatMun/Form 7_default/OTC_Application_Reg/Page_PERKESO/3.login button' is clicked on

2019-02-18 16:45:52 - [TEST_STEP][PASSED] - delay(2): Delayed 2 second(s)

2019-02-18 16:45:54 - [MESSAGE][PASSED] - Delayed 2 second(s)

2019-02-18 16:45:54 - [TEST_STEP][PASSED] - click(findTestObject("KeatMun/Form 7_default/OTC_Application_Reg/Page_PERKESO/4. Permohonan tab")): Object: 'Object Repository/KeatMun/Form 7_default/OTC_Application_Reg/Page_PERKESO/4. Permohonan tab' is clicked on

2019-02-18 16:45:57 - [MESSAGE][PASSED] - Object: 'Object Repository/KeatMun/Form 7_default/OTC_Application_Reg/Page_PERKESO/4. Permohonan tab' is clicked on

2019-02-18 16:45:57 - [TEST_STEP][PASSED] - delay(2): Delayed 2 second(s)

2019-02-18 16:45:59 - [MESSAGE][PASSED] - Delayed 2 second(s)

2019-02-18 16:45:59 - [TEST_STEP][PASSED] - click(findTestObject("KeatMun/Form 7_default/OTC_Application_Reg/Page_PERKESO/5.button_Setuju")): Object: 'Object Repository/KeatMun/Form 7_default/OTC_Application_Reg/Page_PERKESO/5.button_Setuju' is clicked on

2019-02-18 16:46:02 - [MESSAGE][PASSED] - Object: 'Object Repository/KeatMun/Form 7_default/OTC_Application_Reg/Page_PERKESO/5.button_Setuju' is clicked on

2019-02-18 16:46:02 - [TEST_STEP][PASSED] - delay(2): Delayed 2 second(s)

2019-02-18 16:46:04 - [MESSAGE][PASSED] - Delayed 2 second(s)

2019-02-18 16:46:04 - [TEST_STEP][PASSED] - IC = "950000140036": null

2019-02-18 16:46:04 - [TEST_STEP][PASSED] - setText(findTestObject("KeatMun/Form 7_default/OTC_Application_Reg/Page_PERKESO/6.No. Kad Pengenalan"), IC): Text '950000140036' is set on object 'Object Repository/KeatMun/Form 7_default/OTC_Application_Reg/Page_PERKESO/6.No. Kad Pengenalan'

2019-02-18 16:46:08 - [MESSAGE][PASSED] - Text '950000140036' is set on object 'Object Repository/KeatMun/Form 7_default/OTC_Application_Reg/Page_PERKESO/6.No. Kad Pengenalan'

2019-02-18 16:46:08 - [TEST_STEP][PASSED] - callTestCase(findTestCase("All TC/Arranged/1. Common/1.2 Setter/Setter IC"), [:], STOP_ON_FAILURE): Call Test Case 'Test Cases/All TC/Arranged/1. Common/1.2 Setter/Setter IC' successfully

2019-02-18 16:46:08 - [TEST_CASE][PASSED] - Test Cases/All TC/Arranged/1. Common/1.2 Setter/Setter IC: Test Cases/All TC/Arranged/1. Common/1.2 Setter/Setter IC

2019-02-18 16:46:08 - [TEST_STEP][PASSED] - RefNoOldFile = new java.io.File((internal.GlobalVariable.TextFilePathCommon + \getIC.txt)): null

2019-02-18 16:46:08 - [TEST_STEP][PASSED] - RefNoOldFile.delete(): null

2019-02-18 16:46:08 - [TEST_STEP][PASSED] - delay(5): Delayed 5 second(s)

2019-02-18 16:46:13 - [MESSAGE][PASSED] - Delayed 5 second(s)

2019-02-18 16:46:13 - [TEST_STEP][PASSED] - RefNo = new java.io.File((internal.GlobalVariable.TextFilePathCommon + \getIC.txt)): null

2019-02-18 16:46:13 - [TEST_STEP][PASSED] - f2 = new java.io.FileWriter(RefNo, false): null

2019-02-18 16:46:13 - [TEST_STEP][PASSED] - f2.write(IC): null

2019-02-18 16:46:13 - [TEST_STEP][PASSED] - f2.close(): null

2019-02-18 16:46:13 - [TEST_STEP][PASSED] - out.println("


" + IC + "


"): null

2019-02-18 16:46:13 - [MESSAGE][PASSED] - Call Test Case 'Test Cases/All TC/Arranged/1. Common/1.2 Setter/Setter IC' successfully

2019-02-18 16:46:13 - [TEST_STEP][PASSED] - delay(2): Delayed 2 second(s)

2019-02-18 16:46:15 - [MESSAGE][PASSED] - Delayed 2 second(s)

2019-02-18 16:46:15 - [TEST_STEP][PASSED] - click(findTestObject("KeatMun/Form 7_default/OTC_Application_Reg/Page_PERKESO/7.button_Semak")): Object: 'Object Repository/KeatMun/Form 7_default/OTC_Application_Reg/Page_PERKESO/7.button_Semak' is clicked on

2019-02-18 16:46:17 - [MESSAGE][PASSED] - Object: 'Object Repository/KeatMun/Form 7_default/OTC_Application_Reg/Page_PERKESO/7.button_Semak' is clicked on

2019-02-18 16:46:17 - [TEST_STEP][PASSED] - delay(4): Delayed 4 second(s)

2019-02-18 16:46:21 - [MESSAGE][PASSED] - Delayed 4 second(s)

2019-02-18 16:46:21 - [TEST_STEP][PASSED] - click(findTestObject("KeatMun/Form 7_default/OTC_Application_Reg/Page_PERKESO/8. Nama Majikan Dropdown")): Object: 'Object Repository/KeatMun/Form 7_default/OTC_Application_Reg/Page_PERKESO/8. Nama Majikan Dropdown' is clicked on

2019-02-18 16:46:23 - [MESSAGE][PASSED] - Object: 'Object Repository/KeatMun/Form 7_default/OTC_Application_Reg/Page_PERKESO/8. Nama Majikan Dropdown' is clicked on

2019-02-18 16:46:23 - [TEST_STEP][PASSED] - setText(findTestObject("KeatMun/Form 7_default/OTC_Application_Reg/Page_PERKESO/8. LOE emp"), "mon"): Text 'mon' is set on object 'Object Repository/KeatMun/Form 7_default/OTC_Application_Reg/Page_PERKESO/8. LOE emp'

2019-02-18 16:46:28 - [MESSAGE][PASSED] - Text 'mon' is set on object 'Object Repository/KeatMun/Form 7_default/OTC_Application_Reg/Page_PERKESO/8. LOE emp'

2019-02-18 16:46:28 - [TEST_STEP][PASSED] - click(findTestObject("KeatMun/Form 7_default/OTC_Application_Reg/Page_PERKESO/8. MONSOON MOTEL")): Object: 'Object Repository/KeatMun/Form 7_default/OTC_Application_Reg/Page_PERKESO/8. MONSOON MOTEL' is clicked on

2019-02-18 16:46:30 - [MESSAGE][PASSED] - Object: 'Object Repository/KeatMun/Form 7_default/OTC_Application_Reg/Page_PERKESO/8. MONSOON MOTEL' is clicked on

2019-02-18 16:46:30 - [TEST_STEP][PASSED] - delay(2): Delayed 2 second(s)

2019-02-18 16:46:32 - [MESSAGE][PASSED] - Delayed 2 second(s)

2019-02-18 16:46:32 - [TEST_STEP][PASSED] - setText(findTestObject("KeatMun/Form 7_default/OTC_Application_Reg/Page_PERKESO/9.Tarikh kehilangan pkj"), "10/01/2019"): Text '10/01/2019' is set on object 'Object Repository/KeatMun/Form 7_default/OTC_Application_Reg/Page_PERKESO/9.Tarikh kehilangan pkj'

2019-02-18 16:46:36 - [MESSAGE][PASSED] - Text '10/01/2019' is set on object 'Object Repository/KeatMun/Form 7_default/OTC_Application_Reg/Page_PERKESO/9.Tarikh kehilangan pkj'

2019-02-18 16:46:36 - [TEST_STEP][PASSED] - delay(2): Delayed 2 second(s)

2019-02-18 16:46:38 - [MESSAGE][PASSED] - Delayed 2 second(s)

2019-02-18 16:46:38 - [TEST_STEP][PASSED] - click(findTestObject("KeatMun/Form 7_default/OTC_Application_Reg/Page_PERKESO/9. Date Picker Done Button ")): Object: 'Object Repository/KeatMun/Form 7_default/OTC_Application_Reg/Page_PERKESO/9. Date Picker Done Button ' is clicked on

2019-02-18 16:46:40 - [MESSAGE][PASSED] - Object: 'Object Repository/KeatMun/Form 7_default/OTC_Application_Reg/Page_PERKESO/9. Date Picker Done Button ' is clicked on

2019-02-18 16:46:40 - [TEST_STEP][PASSED] - delay(2): Delayed 2 second(s)

2019-02-18 16:46:42 - [MESSAGE][PASSED] - Delayed 2 second(s)

2019-02-18 16:46:42 - [TEST_STEP][PASSED] - click(findTestObject("KeatMun/Form 7_default/OTC_Application_Reg/Page_PERKESO/10.button_Mohon")): Object: 'Object Repository/KeatMun/Form 7_default/OTC_Application_Reg/Page_PERKESO/10.button_Mohon' is clicked on

2019-02-18 16:46:44 - [MESSAGE][PASSED] - Object: 'Object Repository/KeatMun/Form 7_default/OTC_Application_Reg/Page_PERKESO/10.button_Mohon' is clicked on

2019-02-18 16:46:44 - [TEST_STEP][PASSED] - delay(2): Delayed 2 second(s)

2019-02-18 16:46:46 - [MESSAGE][PASSED] - Delayed 2 second(s)

2019-02-18 16:46:46 - [TEST_STEP][FAILED] - setText(findTestObject("KeatMun/Form 7_default/OTC_Application_Reg/Page_PERKESO/11.Tarikh Terima_stampedDtS"), "10/01/2019"): setText(findTestObject("KeatMun/Form 7_default/OTC_Application_Reg/Page_PERKESO/11.Tarikh Terima_stampedDtS"), "10/01/2019") FAILED.
Reason:
com.kms.katalon.core.exception.StepFailedException: Unable to set text '10/01/2019' of object 'Object Repository/KeatMun/Form 7_default/OTC_Application_Reg/Page_PERKESO/11.Tarikh Terima_stampedDtS' (Root cause: com.kms.katalon.core.webui.exception.WebElementNotFoundException: Web element with id: 'Object Repository/KeatMun/Form 7_default/OTC_Application_Reg/Page_PERKESO/11.Tarikh Terima_stampedDtS' located by 'By.xpath: //input[@id = 'stampedDtStr' and @name = 'stampedDtStr' and @type = 'text']' not found)
	at com.kms.katalon.core.keyword.internal.KeywordMain.stepFailed(KeywordMain.groovy:36)
	at com.kms.katalon.core.webui.keyword.internal.WebUIKeywordMain.stepFailed(WebUIKeywordMain.groovy:65)
	at com.kms.katalon.core.webui.keyword.internal.WebUIKeywordMain.runKeyword(WebUIKeywordMain.groovy:27)
	at com.kms.katalon.core.webui.keyword.builtin.SetTextKeyword.setText(SetTextKeyword.groovy:65)
	at com.kms.katalon.core.webui.keyword.builtin.SetTextKeyword.execute(SetTextKeyword.groovy:37)
	at com.kms.katalon.core.keyword.internal.KeywordExecutor.executeKeywordForPlatform(KeywordExecutor.groovy:53)
	at com.kms.katalon.core.webui.keyword.WebUiBuiltInKeywords.setText(WebUiBuiltInKeywords.groovy:950)
	at com.kms.katalon.core.webui.keyword.WebUiBuiltInKeywords$setText$1.call(Unknown Source)
	at OTC_Application_Reg.run(OTC_Application_Reg:74)
	at com.kms.katalon.core.main.ScriptEngine.run(ScriptEngine.java:194)
	at com.kms.katalon.core.main.ScriptEngine.runScriptAsRawText(ScriptEngine.java:119)
	at com.kms.katalon.core.main.TestCaseExecutor.runScript(TestCaseExecutor.java:328)
	at com.kms.katalon.core.main.TestCaseExecutor.doExecute(TestCaseExecutor.java:319)
	at com.kms.katalon.core.main.TestCaseExecutor.processExecutionPhase(TestCaseExecutor.java:298)
	at com.kms.katalon.core.main.TestCaseExecutor.accessMainPhase(TestCaseExecutor.java:290)
	at com.kms.katalon.core.main.TestCaseExecutor.execute(TestCaseExecutor.java:224)
	at com.kms.katalon.core.main.TestCaseMain.runTestCase(TestCaseMain.java:106)
	at com.kms.katalon.core.keyword.builtin.CallTestCaseKeyword$_callTestCase_closure1.doCall(CallTestCaseKeyword.groovy:59)
	at com.kms.katalon.core.keyword.builtin.CallTestCaseKeyword$_callTestCase_closure1.call(CallTestCaseKeyword.groovy)
	at com.kms.katalon.core.keyword.internal.KeywordMain.runKeyword(KeywordMain.groovy:54)
	at com.kms.katalon.core.keyword.builtin.CallTestCaseKeyword.callTestCase(CallTestCaseKeyword.groovy:80)
	at com.kms.katalon.core.keyword.builtin.CallTestCaseKeyword.execute(CallTestCaseKeyword.groovy:44)
	at com.kms.katalon.core.keyword.internal.KeywordExecutor.executeKeywordForPlatform(KeywordExecutor.groovy:53)
	at com.kms.katalon.core.keyword.BuiltinKeywords.callTestCase(BuiltinKeywords.groovy:334)
	at OTC_Submit Form 7_End to End - Cheque.run(OTC_Submit Form 7_End to End - Cheque:16)
	at com.kms.katalon.core.main.ScriptEngine.run(ScriptEngine.java:194)
	at com.kms.katalon.core.main.ScriptEngine.runScriptAsRawText(ScriptEngine.java:119)
	at com.kms.katalon.core.main.TestCaseExecutor.runScript(TestCaseExecutor.java:328)
	at com.kms.katalon.core.main.TestCaseExecutor.doExecute(TestCaseExecutor.java:319)
	at com.kms.katalon.core.main.TestCaseExecutor.processExecutionPhase(TestCaseExecutor.java:298)
	at com.kms.katalon.core.main.TestCaseExecutor.accessMainPhase(TestCaseExecutor.java:290)
	at com.kms.katalon.core.main.TestCaseExecutor.execute(TestCaseExecutor.java:224)
	at com.kms.katalon.core.main.TestCaseMain.runTestCase(TestCaseMain.java:106)
	at com.kms.katalon.core.keyword.builtin.CallTestCaseKeyword$_callTestCase_closure1.doCall(CallTestCaseKeyword.groovy:59)
	at com.kms.katalon.core.keyword.builtin.CallTestCaseKeyword$_callTestCase_closure1.call(CallTestCaseKeyword.groovy)
	at com.kms.katalon.core.keyword.internal.KeywordMain.runKeyword(KeywordMain.groovy:54)
	at com.kms.katalon.core.keyword.builtin.CallTestCaseKeyword.callTestCase(CallTestCaseKeyword.groovy:80)
	at com.kms.katalon.core.keyword.builtin.CallTestCaseKeyword.execute(CallTestCaseKeyword.groovy:44)
	at com.kms.katalon.core.keyword.internal.KeywordExecutor.executeKeywordForPlatform(KeywordExecutor.groovy:53)
	at com.kms.katalon.core.keyword.BuiltinKeywords.callTestCase(BuiltinKeywords.groovy:334)
	at DA Report - Partial.run(DA Report - Partial:16)
	at com.kms.katalon.core.main.ScriptEngine.run(ScriptEngine.java:194)
	at com.kms.katalon.core.main.ScriptEngine.runScriptAsRawText(ScriptEngine.java:119)
	at com.kms.katalon.core.main.TestCaseExecutor.runScript(TestCaseExecutor.java:328)
	at com.kms.katalon.core.main.TestCaseExecutor.doExecute(TestCaseExecutor.java:319)
	at com.kms.katalon.core.main.TestCaseExecutor.processExecutionPhase(TestCaseExecutor.java:298)
	at com.kms.katalon.core.main.TestCaseExecutor.accessMainPhase(TestCaseExecutor.java:290)
	at com.kms.katalon.core.main.TestCaseExecutor.execute(TestCaseExecutor.java:224)
	at com.kms.katalon.core.main.TestSuiteExecutor.accessTestCaseMainPhase(TestSuiteExecutor.java:129)
	at com.kms.katalon.core.main.TestSuiteExecutor.accessTestSuiteMainPhase(TestSuiteExecutor.java:112)
	at com.kms.katalon.core.main.TestSuiteExecutor.execute(TestSuiteExecutor.java:81)
	at com.kms.katalon.core.main.TestCaseMain.startTestSuite(TestCaseMain.java:149)
	at com.kms.katalon.core.main.TestCaseMain$startTestSuite$0.call(Unknown Source)
	at TempTestSuite1550476757023.run(TempTestSuite1550476757023.groovy:36)


2019-02-18 16:47:17 - [MESSAGE][INFO] - Unable to find the element located by 'By.xpath: //input[@id = 'stampedDtStr' and @name = 'stampedDtStr' and @type = 'text']'. Please recheck the objects properties to make sure the desired element is located. 

2019-02-18 16:47:18 - [MESSAGE][FAILED] - Unable to set text '10/01/2019' of object 'Object Repository/KeatMun/Form 7_default/OTC_Application_Reg/Page_PERKESO/11.Tarikh Terima_stampedDtS' (Root cause: com.kms.katalon.core.webui.exception.WebElementNotFoundException: Web element with id: 'Object Repository/KeatMun/Form 7_default/OTC_Application_Reg/Page_PERKESO/11.Tarikh Terima_stampedDtS' located by 'By.xpath: //input[@id = 'stampedDtStr' and @name = 'stampedDtStr' and @type = 'text']' not found)
[[ATTACHMENT|C:\\Users\\Admin\\Documents\\GitHub\\PKSKatalon\\PKS-EI-ES\\Reports\\New Test Suite\\20190218_155917\\1550479637158.png]]

2019-02-18 16:47:18 - [MESSAGE][FAILED] - setText(findTestObject("KeatMun/Form 7_default/OTC_Application_Reg/Page_PERKESO/11.Tarikh Terima_stampedDtS"), "10/01/2019") FAILED.
Reason:
com.kms.katalon.core.exception.StepFailedException: Unable to set text '10/01/2019' of object 'Object Repository/KeatMun/Form 7_default/OTC_Application_Reg/Page_PERKESO/11.Tarikh Terima_stampedDtS' (Root cause: com.kms.katalon.core.webui.exception.WebElementNotFoundException: Web element with id: 'Object Repository/KeatMun/Form 7_default/OTC_Application_Reg/Page_PERKESO/11.Tarikh Terima_stampedDtS' located by 'By.xpath: //input[@id = 'stampedDtStr' and @name = 'stampedDtStr' and @type = 'text']' not found)
	at com.kms.katalon.core.keyword.internal.KeywordMain.stepFailed(KeywordMain.groovy:36)
	at com.kms.katalon.core.webui.keyword.internal.WebUIKeywordMain.stepFailed(WebUIKeywordMain.groovy:65)
	at com.kms.katalon.core.webui.keyword.internal.WebUIKeywordMain.runKeyword(WebUIKeywordMain.groovy:27)
	at com.kms.katalon.core.webui.keyword.builtin.SetTextKeyword.setText(SetTextKeyword.groovy:65)
	at com.kms.katalon.core.webui.keyword.builtin.SetTextKeyword.execute(SetTextKeyword.groovy:37)
	at com.kms.katalon.core.keyword.internal.KeywordExecutor.executeKeywordForPlatform(KeywordExecutor.groovy:53)
	at com.kms.katalon.core.webui.keyword.WebUiBuiltInKeywords.setText(WebUiBuiltInKeywords.groovy:950)
	at com.kms.katalon.core.webui.keyword.WebUiBuiltInKeywords$setText$1.call(Unknown Source)
	at OTC_Application_Reg.run(OTC_Application_Reg:74)
	at com.kms.katalon.core.main.ScriptEngine.run(ScriptEngine.java:194)
	at com.kms.katalon.core.main.ScriptEngine.runScriptAsRawText(ScriptEngine.java:119)
	at com.kms.katalon.core.main.TestCaseExecutor.runScript(TestCaseExecutor.java:328)
	at com.kms.katalon.core.main.TestCaseExecutor.doExecute(TestCaseExecutor.java:319)
	at com.kms.katalon.core.main.TestCaseExecutor.processExecutionPhase(TestCaseExecutor.java:298)
	at com.kms.katalon.core.main.TestCaseExecutor.accessMainPhase(TestCaseExecutor.java:290)
	at com.kms.katalon.core.main.TestCaseExecutor.execute(TestCaseExecutor.java:224)
	at com.kms.katalon.core.main.TestCaseMain.runTestCase(TestCaseMain.java:106)
	at com.kms.katalon.core.keyword.builtin.CallTestCaseKeyword$_callTestCase_closure1.doCall(CallTestCaseKeyword.groovy:59)
	at com.kms.katalon.core.keyword.builtin.CallTestCaseKeyword$_callTestCase_closure1.call(CallTestCaseKeyword.groovy)
	at com.kms.katalon.core.keyword.internal.KeywordMain.runKeyword(KeywordMain.groovy:54)
	at com.kms.katalon.core.keyword.builtin.CallTestCaseKeyword.callTestCase(CallTestCaseKeyword.groovy:80)
	at com.kms.katalon.core.keyword.builtin.CallTestCaseKeyword.execute(CallTestCaseKeyword.groovy:44)
	at com.kms.katalon.core.keyword.internal.KeywordExecutor.executeKeywordForPlatform(KeywordExecutor.groovy:53)
	at com.kms.katalon.core.keyword.BuiltinKeywords.callTestCase(BuiltinKeywords.groovy:334)
	at OTC_Submit Form 7_End to End - Cheque.run(OTC_Submit Form 7_End to End - Cheque:16)
	at com.kms.katalon.core.main.ScriptEngine.run(ScriptEngine.java:194)
	at com.kms.katalon.core.main.ScriptEngine.runScriptAsRawText(ScriptEngine.java:119)
	at com.kms.katalon.core.main.TestCaseExecutor.runScript(TestCaseExecutor.java:328)
	at com.kms.katalon.core.main.TestCaseExecutor.doExecute(TestCaseExecutor.java:319)
	at com.kms.katalon.core.main.TestCaseExecutor.processExecutionPhase(TestCaseExecutor.java:298)
	at com.kms.katalon.core.main.TestCaseExecutor.accessMainPhase(TestCaseExecutor.java:290)
	at com.kms.katalon.core.main.TestCaseExecutor.execute(TestCaseExecutor.java:224)
	at com.kms.katalon.core.main.TestCaseMain.runTestCase(TestCaseMain.java:106)
	at com.kms.katalon.core.keyword.builtin.CallTestCaseKeyword$_callTestCase_closure1.doCall(CallTestCaseKeyword.groovy:59)
	at com.kms.katalon.core.keyword.builtin.CallTestCaseKeyword$_callTestCase_closure1.call(CallTestCaseKeyword.groovy)
	at com.kms.katalon.core.keyword.internal.KeywordMain.runKeyword(KeywordMain.groovy:54)
	at com.kms.katalon.core.keyword.builtin.CallTestCaseKeyword.callTestCase(CallTestCaseKeyword.groovy:80)
	at com.kms.katalon.core.keyword.builtin.CallTestCaseKeyword.execute(CallTestCaseKeyword.groovy:44)
	at com.kms.katalon.core.keyword.internal.KeywordExecutor.executeKeywordForPlatform(KeywordExecutor.groovy:53)
	at com.kms.katalon.core.keyword.BuiltinKeywords.callTestCase(BuiltinKeywords.groovy:334)
	at DA Report - Partial.run(DA Report - Partial:16)
	at com.kms.katalon.core.main.ScriptEngine.run(ScriptEngine.java:194)
	at com.kms.katalon.core.main.ScriptEngine.runScriptAsRawText(ScriptEngine.java:119)
	at com.kms.katalon.core.main.TestCaseExecutor.runScript(TestCaseExecutor.java:328)
	at com.kms.katalon.core.main.TestCaseExecutor.doExecute(TestCaseExecutor.java:319)
	at com.kms.katalon.core.main.TestCaseExecutor.processExecutionPhase(TestCaseExecutor.java:298)
	at com.kms.katalon.core.main.TestCaseExecutor.accessMainPhase(TestCaseExecutor.java:290)
	at com.kms.katalon.core.main.TestCaseExecutor.execute(TestCaseExecutor.java:224)
	at com.kms.katalon.core.main.TestSuiteExecutor.accessTestCaseMainPhase(TestSuiteExecutor.java:129)
	at com.kms.katalon.core.main.TestSuiteExecutor.accessTestSuiteMainPhase(TestSuiteExecutor.java:112)
	at com.kms.katalon.core.main.TestSuiteExecutor.execute(TestSuiteExecutor.java:81)
	at com.kms.katalon.core.main.TestCaseMain.startTestSuite(TestCaseMain.java:149)
	at com.kms.katalon.core.main.TestCaseMain$startTestSuite$0.call(Unknown Source)
	at TempTestSuite1550476757023.run(TempTestSuite1550476757023.groovy:36)


2019-02-18 16:47:18 - [MESSAGE][FAILED] - Unable to call Test Case 'Test Cases/All TC/Arranged/3. Unit/EI/Form 7_default/OTC_Application_Reg' (Root cause: com.kms.katalon.core.exception.StepFailedException: Call Test Case 'Test Cases/All TC/Arranged/3. Unit/EI/Form 7_default/OTC_Application_Reg' failed)

2019-02-18 16:47:18 - [MESSAGE][FAILED] - callTestCase(findTestCase("All TC/Arranged/3. Unit/EI/Form 7_default/OTC_Application_Reg"), [:], STOP_ON_FAILURE) FAILED.
Reason:
com.kms.katalon.core.exception.StepFailedException: Unable to set text '10/01/2019' of object 'Object Repository/KeatMun/Form 7_default/OTC_Application_Reg/Page_PERKESO/11.Tarikh Terima_stampedDtS' (Root cause: com.kms.katalon.core.webui.exception.WebElementNotFoundException: Web element with id: 'Object Repository/KeatMun/Form 7_default/OTC_Application_Reg/Page_PERKESO/11.Tarikh Terima_stampedDtS' located by 'By.xpath: //input[@id = 'stampedDtStr' and @name = 'stampedDtStr' and @type = 'text']' not found)
	at com.kms.katalon.core.keyword.internal.KeywordMain.stepFailed(KeywordMain.groovy:36)
	at com.kms.katalon.core.webui.keyword.internal.WebUIKeywordMain.stepFailed(WebUIKeywordMain.groovy:65)
	at com.kms.katalon.core.webui.keyword.internal.WebUIKeywordMain.runKeyword(WebUIKeywordMain.groovy:27)
	at com.kms.katalon.core.webui.keyword.builtin.SetTextKeyword.setText(SetTextKeyword.groovy:65)
	at com.kms.katalon.core.webui.keyword.builtin.SetTextKeyword.execute(SetTextKeyword.groovy:37)
	at com.kms.katalon.core.keyword.internal.KeywordExecutor.executeKeywordForPlatform(KeywordExecutor.groovy:53)
	at com.kms.katalon.core.webui.keyword.WebUiBuiltInKeywords.setText(WebUiBuiltInKeywords.groovy:950)
	at com.kms.katalon.core.webui.keyword.WebUiBuiltInKeywords$setText$1.call(Unknown Source)
	at OTC_Application_Reg.run(OTC_Application_Reg:74)
	at com.kms.katalon.core.main.ScriptEngine.run(ScriptEngine.java:194)
	at com.kms.katalon.core.main.ScriptEngine.runScriptAsRawText(ScriptEngine.java:119)
	at com.kms.katalon.core.main.TestCaseExecutor.runScript(TestCaseExecutor.java:328)
	at com.kms.katalon.core.main.TestCaseExecutor.doExecute(TestCaseExecutor.java:319)
	at com.kms.katalon.core.main.TestCaseExecutor.processExecutionPhase(TestCaseExecutor.java:298)
	at com.kms.katalon.core.main.TestCaseExecutor.accessMainPhase(TestCaseExecutor.java:290)
	at com.kms.katalon.core.main.TestCaseExecutor.execute(TestCaseExecutor.java:224)
	at com.kms.katalon.core.main.TestCaseMain.runTestCase(TestCaseMain.java:106)
	at com.kms.katalon.core.keyword.builtin.CallTestCaseKeyword$_callTestCase_closure1.doCall(CallTestCaseKeyword.groovy:59)
	at com.kms.katalon.core.keyword.builtin.CallTestCaseKeyword$_callTestCase_closure1.call(CallTestCaseKeyword.groovy)
	at com.kms.katalon.core.keyword.internal.KeywordMain.runKeyword(KeywordMain.groovy:54)
	at com.kms.katalon.core.keyword.builtin.CallTestCaseKeyword.callTestCase(CallTestCaseKeyword.groovy:80)
	at com.kms.katalon.core.keyword.builtin.CallTestCaseKeyword.execute(CallTestCaseKeyword.groovy:44)
	at com.kms.katalon.core.keyword.internal.KeywordExecutor.executeKeywordForPlatform(KeywordExecutor.groovy:53)
	at com.kms.katalon.core.keyword.BuiltinKeywords.callTestCase(BuiltinKeywords.groovy:334)
	at OTC_Submit Form 7_End to End - Cheque.run(OTC_Submit Form 7_End to End - Cheque:16)
	at com.kms.katalon.core.main.ScriptEngine.run(ScriptEngine.java:194)
	at com.kms.katalon.core.main.ScriptEngine.runScriptAsRawText(ScriptEngine.java:119)
	at com.kms.katalon.core.main.TestCaseExecutor.runScript(TestCaseExecutor.java:328)
	at com.kms.katalon.core.main.TestCaseExecutor.doExecute(TestCaseExecutor.java:319)
	at com.kms.katalon.core.main.TestCaseExecutor.processExecutionPhase(TestCaseExecutor.java:298)
	at com.kms.katalon.core.main.TestCaseExecutor.accessMainPhase(TestCaseExecutor.java:290)
	at com.kms.katalon.core.main.TestCaseExecutor.execute(TestCaseExecutor.java:224)
	at com.kms.katalon.core.main.TestCaseMain.runTestCase(TestCaseMain.java:106)
	at com.kms.katalon.core.keyword.builtin.CallTestCaseKeyword$_callTestCase_closure1.doCall(CallTestCaseKeyword.groovy:59)
	at com.kms.katalon.core.keyword.builtin.CallTestCaseKeyword$_callTestCase_closure1.call(CallTestCaseKeyword.groovy)
	at com.kms.katalon.core.keyword.internal.KeywordMain.runKeyword(KeywordMain.groovy:54)
	at com.kms.katalon.core.keyword.builtin.CallTestCaseKeyword.callTestCase(CallTestCaseKeyword.groovy:80)
	at com.kms.katalon.core.keyword.builtin.CallTestCaseKeyword.execute(CallTestCaseKeyword.groovy:44)
	at com.kms.katalon.core.keyword.internal.KeywordExecutor.executeKeywordForPlatform(KeywordExecutor.groovy:53)
	at com.kms.katalon.core.keyword.BuiltinKeywords.callTestCase(BuiltinKeywords.groovy:334)
	at DA Report - Partial.run(DA Report - Partial:16)
	at com.kms.katalon.core.main.ScriptEngine.run(ScriptEngine.java:194)
	at com.kms.katalon.core.main.ScriptEngine.runScriptAsRawText(ScriptEngine.java:119)
	at com.kms.katalon.core.main.TestCaseExecutor.runScript(TestCaseExecutor.java:328)
	at com.kms.katalon.core.main.TestCaseExecutor.doExecute(TestCaseExecutor.java:319)
	at com.kms.katalon.core.main.TestCaseExecutor.processExecutionPhase(TestCaseExecutor.java:298)
	at com.kms.katalon.core.main.TestCaseExecutor.accessMainPhase(TestCaseExecutor.java:290)
	at com.kms.katalon.core.main.TestCaseExecutor.execute(TestCaseExecutor.java:224)
	at com.kms.katalon.core.main.TestSuiteExecutor.accessTestCaseMainPhase(TestSuiteExecutor.java:129)
	at com.kms.katalon.core.main.TestSuiteExecutor.accessTestSuiteMainPhase(TestSuiteExecutor.java:112)
	at com.kms.katalon.core.main.TestSuiteExecutor.execute(TestSuiteExecutor.java:81)
	at com.kms.katalon.core.main.TestCaseMain.startTestSuite(TestCaseMain.java:149)
	at com.kms.katalon.core.main.TestCaseMain$startTestSuite$0.call(Unknown Source)
	at TempTestSuite1550476757023.run(TempTestSuite1550476757023.groovy:36)


2019-02-18 16:47:19 - [MESSAGE][FAILED] - Unable to call Test Case 'Test Cases/All TC/Arranged/2. Segment/OTC_Submit Form 7_End to End - Cheque' (Root cause: com.kms.katalon.core.exception.StepFailedException: Call Test Case 'Test Cases/All TC/Arranged/2. Segment/OTC_Submit Form 7_End to End - Cheque' failed)

2019-02-18 16:47:19 - [MESSAGE][FAILED] - callTestCase(findTestCase("All TC/Arranged/2. Segment/OTC_Submit Form 7_End to End - Cheque"), [:], STOP_ON_FAILURE) FAILED.
Reason:
com.kms.katalon.core.exception.StepFailedException: Unable to set text '10/01/2019' of object 'Object Repository/KeatMun/Form 7_default/OTC_Application_Reg/Page_PERKESO/11.Tarikh Terima_stampedDtS' (Root cause: com.kms.katalon.core.webui.exception.WebElementNotFoundException: Web element with id: 'Object Repository/KeatMun/Form 7_default/OTC_Application_Reg/Page_PERKESO/11.Tarikh Terima_stampedDtS' located by 'By.xpath: //input[@id = 'stampedDtStr' and @name = 'stampedDtStr' and @type = 'text']' not found)
	at com.kms.katalon.core.keyword.internal.KeywordMain.stepFailed(KeywordMain.groovy:36)
	at com.kms.katalon.core.webui.keyword.internal.WebUIKeywordMain.stepFailed(WebUIKeywordMain.groovy:65)
	at com.kms.katalon.core.webui.keyword.internal.WebUIKeywordMain.runKeyword(WebUIKeywordMain.groovy:27)
	at com.kms.katalon.core.webui.keyword.builtin.SetTextKeyword.setText(SetTextKeyword.groovy:65)
	at com.kms.katalon.core.webui.keyword.builtin.SetTextKeyword.execute(SetTextKeyword.groovy:37)
	at com.kms.katalon.core.keyword.internal.KeywordExecutor.executeKeywordForPlatform(KeywordExecutor.groovy:53)
	at com.kms.katalon.core.webui.keyword.WebUiBuiltInKeywords.setText(WebUiBuiltInKeywords.groovy:950)
	at com.kms.katalon.core.webui.keyword.WebUiBuiltInKeywords$setText$1.call(Unknown Source)
	at OTC_Application_Reg.run(OTC_Application_Reg:74)
	at com.kms.katalon.core.main.ScriptEngine.run(ScriptEngine.java:194)
	at com.kms.katalon.core.main.ScriptEngine.runScriptAsRawText(ScriptEngine.java:119)
	at com.kms.katalon.core.main.TestCaseExecutor.runScript(TestCaseExecutor.java:328)
	at com.kms.katalon.core.main.TestCaseExecutor.doExecute(TestCaseExecutor.java:319)
	at com.kms.katalon.core.main.TestCaseExecutor.processExecutionPhase(TestCaseExecutor.java:298)
	at com.kms.katalon.core.main.TestCaseExecutor.accessMainPhase(TestCaseExecutor.java:290)
	at com.kms.katalon.core.main.TestCaseExecutor.execute(TestCaseExecutor.java:224)
	at com.kms.katalon.core.main.TestCaseMain.runTestCase(TestCaseMain.java:106)
	at com.kms.katalon.core.keyword.builtin.CallTestCaseKeyword$_callTestCase_closure1.doCall(CallTestCaseKeyword.groovy:59)
	at com.kms.katalon.core.keyword.builtin.CallTestCaseKeyword$_callTestCase_closure1.call(CallTestCaseKeyword.groovy)
	at com.kms.katalon.core.keyword.internal.KeywordMain.runKeyword(KeywordMain.groovy:54)
	at com.kms.katalon.core.keyword.builtin.CallTestCaseKeyword.callTestCase(CallTestCaseKeyword.groovy:80)
	at com.kms.katalon.core.keyword.builtin.CallTestCaseKeyword.execute(CallTestCaseKeyword.groovy:44)
	at com.kms.katalon.core.keyword.internal.KeywordExecutor.executeKeywordForPlatform(KeywordExecutor.groovy:53)
	at com.kms.katalon.core.keyword.BuiltinKeywords.callTestCase(BuiltinKeywords.groovy:334)
	at OTC_Submit Form 7_End to End - Cheque.run(OTC_Submit Form 7_End to End - Cheque:16)
	at com.kms.katalon.core.main.ScriptEngine.run(ScriptEngine.java:194)
	at com.kms.katalon.core.main.ScriptEngine.runScriptAsRawText(ScriptEngine.java:119)
	at com.kms.katalon.core.main.TestCaseExecutor.runScript(TestCaseExecutor.java:328)
	at com.kms.katalon.core.main.TestCaseExecutor.doExecute(TestCaseExecutor.java:319)
	at com.kms.katalon.core.main.TestCaseExecutor.processExecutionPhase(TestCaseExecutor.java:298)
	at com.kms.katalon.core.main.TestCaseExecutor.accessMainPhase(TestCaseExecutor.java:290)
	at com.kms.katalon.core.main.TestCaseExecutor.execute(TestCaseExecutor.java:224)
	at com.kms.katalon.core.main.TestCaseMain.runTestCase(TestCaseMain.java:106)
	at com.kms.katalon.core.keyword.builtin.CallTestCaseKeyword$_callTestCase_closure1.doCall(CallTestCaseKeyword.groovy:59)
	at com.kms.katalon.core.keyword.builtin.CallTestCaseKeyword$_callTestCase_closure1.call(CallTestCaseKeyword.groovy)
	at com.kms.katalon.core.keyword.internal.KeywordMain.runKeyword(KeywordMain.groovy:54)
	at com.kms.katalon.core.keyword.builtin.CallTestCaseKeyword.callTestCase(CallTestCaseKeyword.groovy:80)
	at com.kms.katalon.core.keyword.builtin.CallTestCaseKeyword.execute(CallTestCaseKeyword.groovy:44)
	at com.kms.katalon.core.keyword.internal.KeywordExecutor.executeKeywordForPlatform(KeywordExecutor.groovy:53)
	at com.kms.katalon.core.keyword.BuiltinKeywords.callTestCase(BuiltinKeywords.groovy:334)
	at DA Report - Partial.run(DA Report - Partial:16)
	at com.kms.katalon.core.main.ScriptEngine.run(ScriptEngine.java:194)
	at com.kms.katalon.core.main.ScriptEngine.runScriptAsRawText(ScriptEngine.java:119)
	at com.kms.katalon.core.main.TestCaseExecutor.runScript(TestCaseExecutor.java:328)
	at com.kms.katalon.core.main.TestCaseExecutor.doExecute(TestCaseExecutor.java:319)
	at com.kms.katalon.core.main.TestCaseExecutor.processExecutionPhase(TestCaseExecutor.java:298)
	at com.kms.katalon.core.main.TestCaseExecutor.accessMainPhase(TestCaseExecutor.java:290)
	at com.kms.katalon.core.main.TestCaseExecutor.execute(TestCaseExecutor.java:224)
	at com.kms.katalon.core.main.TestSuiteExecutor.accessTestCaseMainPhase(TestSuiteExecutor.java:129)
	at com.kms.katalon.core.main.TestSuiteExecutor.accessTestSuiteMainPhase(TestSuiteExecutor.java:112)
	at com.kms.katalon.core.main.TestSuiteExecutor.execute(TestSuiteExecutor.java:81)
	at com.kms.katalon.core.main.TestCaseMain.startTestSuite(TestCaseMain.java:149)
	at com.kms.katalon.core.main.TestCaseMain$startTestSuite$0.call(Unknown Source)
	at TempTestSuite1550476757023.run(TempTestSuite1550476757023.groovy:36)]]></system-out>
         <system-err><![CDATA[2019-02-18 16:45:28 - [TEST_CASE][FAILED] - Test Cases/All TC/Arranged/0. Full Flow/DA Report - Partial: Test Cases/All TC/Arranged/0. Full Flow/DA Report - Partial FAILED.
Reason:
com.kms.katalon.core.exception.StepFailedException: Unable to set text '10/01/2019' of object 'Object Repository/KeatMun/Form 7_default/OTC_Application_Reg/Page_PERKESO/11.Tarikh Terima_stampedDtS' (Root cause: com.kms.katalon.core.webui.exception.WebElementNotFoundException: Web element with id: 'Object Repository/KeatMun/Form 7_default/OTC_Application_Reg/Page_PERKESO/11.Tarikh Terima_stampedDtS' located by 'By.xpath: //input[@id = 'stampedDtStr' and @name = 'stampedDtStr' and @type = 'text']' not found)
	at com.kms.katalon.core.keyword.internal.KeywordMain.stepFailed(KeywordMain.groovy:36)
	at com.kms.katalon.core.webui.keyword.internal.WebUIKeywordMain.stepFailed(WebUIKeywordMain.groovy:65)
	at com.kms.katalon.core.webui.keyword.internal.WebUIKeywordMain.runKeyword(WebUIKeywordMain.groovy:27)
	at com.kms.katalon.core.webui.keyword.builtin.SetTextKeyword.setText(SetTextKeyword.groovy:65)
	at com.kms.katalon.core.webui.keyword.builtin.SetTextKeyword.execute(SetTextKeyword.groovy:37)
	at com.kms.katalon.core.keyword.internal.KeywordExecutor.executeKeywordForPlatform(KeywordExecutor.groovy:53)
	at com.kms.katalon.core.webui.keyword.WebUiBuiltInKeywords.setText(WebUiBuiltInKeywords.groovy:950)
	at com.kms.katalon.core.webui.keyword.WebUiBuiltInKeywords$setText$1.call(Unknown Source)
	at OTC_Application_Reg.run(OTC_Application_Reg:74)
	at com.kms.katalon.core.main.ScriptEngine.run(ScriptEngine.java:194)
	at com.kms.katalon.core.main.ScriptEngine.runScriptAsRawText(ScriptEngine.java:119)
	at com.kms.katalon.core.main.TestCaseExecutor.runScript(TestCaseExecutor.java:328)
	at com.kms.katalon.core.main.TestCaseExecutor.doExecute(TestCaseExecutor.java:319)
	at com.kms.katalon.core.main.TestCaseExecutor.processExecutionPhase(TestCaseExecutor.java:298)
	at com.kms.katalon.core.main.TestCaseExecutor.accessMainPhase(TestCaseExecutor.java:290)
	at com.kms.katalon.core.main.TestCaseExecutor.execute(TestCaseExecutor.java:224)
	at com.kms.katalon.core.main.TestCaseMain.runTestCase(TestCaseMain.java:106)
	at com.kms.katalon.core.keyword.builtin.CallTestCaseKeyword$_callTestCase_closure1.doCall(CallTestCaseKeyword.groovy:59)
	at com.kms.katalon.core.keyword.builtin.CallTestCaseKeyword$_callTestCase_closure1.call(CallTestCaseKeyword.groovy)
	at com.kms.katalon.core.keyword.internal.KeywordMain.runKeyword(KeywordMain.groovy:54)
	at com.kms.katalon.core.keyword.builtin.CallTestCaseKeyword.callTestCase(CallTestCaseKeyword.groovy:80)
	at com.kms.katalon.core.keyword.builtin.CallTestCaseKeyword.execute(CallTestCaseKeyword.groovy:44)
	at com.kms.katalon.core.keyword.internal.KeywordExecutor.executeKeywordForPlatform(KeywordExecutor.groovy:53)
	at com.kms.katalon.core.keyword.BuiltinKeywords.callTestCase(BuiltinKeywords.groovy:334)
	at OTC_Submit Form 7_End to End - Cheque.run(OTC_Submit Form 7_End to End - Cheque:16)
	at com.kms.katalon.core.main.ScriptEngine.run(ScriptEngine.java:194)
	at com.kms.katalon.core.main.ScriptEngine.runScriptAsRawText(ScriptEngine.java:119)
	at com.kms.katalon.core.main.TestCaseExecutor.runScript(TestCaseExecutor.java:328)
	at com.kms.katalon.core.main.TestCaseExecutor.doExecute(TestCaseExecutor.java:319)
	at com.kms.katalon.core.main.TestCaseExecutor.processExecutionPhase(TestCaseExecutor.java:298)
	at com.kms.katalon.core.main.TestCaseExecutor.accessMainPhase(TestCaseExecutor.java:290)
	at com.kms.katalon.core.main.TestCaseExecutor.execute(TestCaseExecutor.java:224)
	at com.kms.katalon.core.main.TestCaseMain.runTestCase(TestCaseMain.java:106)
	at com.kms.katalon.core.keyword.builtin.CallTestCaseKeyword$_callTestCase_closure1.doCall(CallTestCaseKeyword.groovy:59)
	at com.kms.katalon.core.keyword.builtin.CallTestCaseKeyword$_callTestCase_closure1.call(CallTestCaseKeyword.groovy)
	at com.kms.katalon.core.keyword.internal.KeywordMain.runKeyword(KeywordMain.groovy:54)
	at com.kms.katalon.core.keyword.builtin.CallTestCaseKeyword.callTestCase(CallTestCaseKeyword.groovy:80)
	at com.kms.katalon.core.keyword.builtin.CallTestCaseKeyword.execute(CallTestCaseKeyword.groovy:44)
	at com.kms.katalon.core.keyword.internal.KeywordExecutor.executeKeywordForPlatform(KeywordExecutor.groovy:53)
	at com.kms.katalon.core.keyword.BuiltinKeywords.callTestCase(BuiltinKeywords.groovy:334)
	at DA Report - Partial.run(DA Report - Partial:16)
	at com.kms.katalon.core.main.ScriptEngine.run(ScriptEngine.java:194)
	at com.kms.katalon.core.main.ScriptEngine.runScriptAsRawText(ScriptEngine.java:119)
	at com.kms.katalon.core.main.TestCaseExecutor.runScript(TestCaseExecutor.java:328)
	at com.kms.katalon.core.main.TestCaseExecutor.doExecute(TestCaseExecutor.java:319)
	at com.kms.katalon.core.main.TestCaseExecutor.processExecutionPhase(TestCaseExecutor.java:298)
	at com.kms.katalon.core.main.TestCaseExecutor.accessMainPhase(TestCaseExecutor.java:290)
	at com.kms.katalon.core.main.TestCaseExecutor.execute(TestCaseExecutor.java:224)
	at com.kms.katalon.core.main.TestSuiteExecutor.accessTestCaseMainPhase(TestSuiteExecutor.java:129)
	at com.kms.katalon.core.main.TestSuiteExecutor.accessTestSuiteMainPhase(TestSuiteExecutor.java:112)
	at com.kms.katalon.core.main.TestSuiteExecutor.execute(TestSuiteExecutor.java:81)
	at com.kms.katalon.core.main.TestCaseMain.startTestSuite(TestCaseMain.java:149)
	at com.kms.katalon.core.main.TestCaseMain$startTestSuite$0.call(Unknown Source)
	at TempTestSuite1550476757023.run(TempTestSuite1550476757023.groovy:36)]]></system-err>
      </testcase>
      <testcase name="Test Cases/All TC/Arranged/0. Full Flow/Case Reg_OTC" classname="Test Cases/All TC/Arranged/0. Full Flow/Case Reg_OTC" status="PASSED">
         <system-out><![CDATA[2019-02-18 16:47:19 - [TEST_CASE][PASSED] - Test Cases/All TC/Arranged/0. Full Flow/Case Reg_OTC: Test Cases/All TC/Arranged/0. Full Flow/Case Reg_OTC

2019-02-18 16:47:20 - [TEST_STEP][PASSED] - openBrowser(""): Browser is opened with url: ''

2019-02-18 16:47:20 - [MESSAGE][WARNING] - A browser is already opened. Closing browser and opening a new one

2019-02-18 16:47:21 - [MESSAGE][INFO] - Starting 'Chrome' driver

2019-02-18 16:47:21 - [MESSAGE][INFO] - User set preference: ['args', '[--start-maximized]']

2019-02-18 16:47:26 - [MESSAGE][PASSED] - Browser is opened with url: ''

2019-02-18 16:47:26 - [TEST_STEP][PASSED] - navigateToUrl(Internal_Login): Navigate to 'http://10.20.24.188/eisportal/user/login' successfully

2019-02-18 16:47:27 - [MESSAGE][PASSED] - Navigate to 'http://10.20.24.188/eisportal/user/login' successfully

2019-02-18 16:47:27 - [TEST_STEP][PASSED] - delay(2): Delayed 2 second(s)

2019-02-18 16:47:29 - [MESSAGE][PASSED] - Delayed 2 second(s)

2019-02-18 16:47:29 - [TEST_STEP][PASSED] - setText(findTestObject("Kelvin/Portal (10.20.24.198)/Case Reg_OTC/mkotc email"), MK_OTC_3): Text 'mkotc3@perkeso.gov.my' is set on object 'Object Repository/Kelvin/Portal (10.20.24.198)/Case Reg_OTC/mkotc email'

2019-02-18 16:47:34 - [MESSAGE][PASSED] - Text 'mkotc3@perkeso.gov.my' is set on object 'Object Repository/Kelvin/Portal (10.20.24.198)/Case Reg_OTC/mkotc email'

2019-02-18 16:47:34 - [TEST_STEP][PASSED] - setText(findTestObject("Kelvin/Portal (10.20.24.198)/Case Reg_OTC/mkotc pw"), Internal_PW): Text 'otc1' is set on object 'Object Repository/Kelvin/Portal (10.20.24.198)/Case Reg_OTC/mkotc pw'

2019-02-18 16:47:38 - [MESSAGE][PASSED] - Text 'otc1' is set on object 'Object Repository/Kelvin/Portal (10.20.24.198)/Case Reg_OTC/mkotc pw'

2019-02-18 16:47:38 - [TEST_STEP][PASSED] - click(findTestObject("Kelvin/Portal (10.20.24.198)/Case Reg_OTC/Login Button")): Object: 'Object Repository/Kelvin/Portal (10.20.24.198)/Case Reg_OTC/Login Button' is clicked on

2019-02-18 16:47:41 - [MESSAGE][PASSED] - Object: 'Object Repository/Kelvin/Portal (10.20.24.198)/Case Reg_OTC/Login Button' is clicked on

2019-02-18 16:47:41 - [TEST_STEP][PASSED] - delay(2): Delayed 2 second(s)

2019-02-18 16:47:43 - [MESSAGE][PASSED] - Delayed 2 second(s)

2019-02-18 16:47:43 - [TEST_STEP][PASSED] - click(findTestObject("Kelvin/Portal (10.20.24.198)/Case Reg_OTC/a_PENDAFTARAN KES")): Object: 'Object Repository/Kelvin/Portal (10.20.24.198)/Case Reg_OTC/a_PENDAFTARAN KES' is clicked on

2019-02-18 16:47:46 - [MESSAGE][PASSED] - Object: 'Object Repository/Kelvin/Portal (10.20.24.198)/Case Reg_OTC/a_PENDAFTARAN KES' is clicked on

2019-02-18 16:47:46 - [TEST_STEP][PASSED] - callTestCase(findTestCase("All TC/Arranged/1. Common/Name and IC Generator"), [:], STOP_ON_FAILURE): Call Test Case 'Test Cases/All TC/Arranged/1. Common/Name and IC Generator' successfully

2019-02-18 16:47:46 - [TEST_CASE][PASSED] - Test Cases/All TC/Arranged/1. Common/Name and IC Generator: Test Cases/All TC/Arranged/1. Common/Name and IC Generator

2019-02-18 16:47:46 - [TEST_STEP][PASSED] - r = new java.util.Random(): null

2019-02-18 16:47:46 - [TEST_STEP][PASSED] - snum = r.nextInt(899999 + 1) + 100000: null

2019-02-18 16:47:46 - [TEST_STEP][PASSED] - tnum = r.nextInt(899999 + 1) + 100000: null

2019-02-18 16:47:46 - [TEST_STEP][PASSED] - ICnum = Integer.toString(snum) + Integer.toString(tnum): null

2019-02-18 16:47:46 - [TEST_STEP][PASSED] - ICRand = ICnum: null

2019-02-18 16:47:46 - [TEST_STEP][PASSED] - Name = "a" + ICnum: null

2019-02-18 16:47:46 - [TEST_STEP][PASSED] - out.println(ICRand): null

2019-02-18 16:47:46 - [TEST_STEP][PASSED] - setText(findTestObject("Kelvin/To-call/Name and IC Generator/Nama Penuh"), Name): Text 'a577374525969' is set on object 'Object Repository/Kelvin/To-call/Name and IC Generator/Nama Penuh'

2019-02-18 16:47:50 - [MESSAGE][PASSED] - Text 'a577374525969' is set on object 'Object Repository/Kelvin/To-call/Name and IC Generator/Nama Penuh'

2019-02-18 16:47:50 - [TEST_STEP][PASSED] - setText(findTestObject("Kelvin/To-call/Name and IC Generator/No. Kad IC"), ICnum): Text '577374525969' is set on object 'Object Repository/Kelvin/To-call/Name and IC Generator/No. Kad IC'

2019-02-18 16:47:55 - [MESSAGE][PASSED] - Text '577374525969' is set on object 'Object Repository/Kelvin/To-call/Name and IC Generator/No. Kad IC'

2019-02-18 16:47:55 - [MESSAGE][PASSED] - Call Test Case 'Test Cases/All TC/Arranged/1. Common/Name and IC Generator' successfully

2019-02-18 16:47:55 - [TEST_STEP][PASSED] - setText(findTestObject("Kelvin/Portal (10.20.24.198)/Case Reg_OTC/insert mobile number"), "99999999999"): Text '99999999999' is set on object 'Object Repository/Kelvin/Portal (10.20.24.198)/Case Reg_OTC/insert mobile number'

2019-02-18 16:47:59 - [MESSAGE][PASSED] - Text '99999999999' is set on object 'Object Repository/Kelvin/Portal (10.20.24.198)/Case Reg_OTC/insert mobile number'

2019-02-18 16:47:59 - [TEST_STEP][PASSED] - click(findTestObject("Kelvin/Portal (10.20.24.198)/Case Reg_OTC/Submit Button")): Object: 'Object Repository/Kelvin/Portal (10.20.24.198)/Case Reg_OTC/Submit Button' is clicked on

2019-02-18 16:48:01 - [MESSAGE][PASSED] - Object: 'Object Repository/Kelvin/Portal (10.20.24.198)/Case Reg_OTC/Submit Button' is clicked on

2019-02-18 16:48:01 - [TEST_STEP][PASSED] - delay(2): Delayed 2 second(s)

2019-02-18 16:48:03 - [MESSAGE][PASSED] - Delayed 2 second(s)

2019-02-18 16:48:03 - [TEST_STEP][PASSED] - selectOptionByValue(findTestObject("Kelvin/Portal (10.20.24.198)/Case Reg_OTC/Kategori carian - MyKad"), "2", true): All options with value '2' are selected in object 'Object Repository/Kelvin/Portal (10.20.24.198)/Case Reg_OTC/Kategori carian - MyKad'  using regular expression

2019-02-18 16:48:19 - [MESSAGE][PASSED] - All options with value '2' are selected in object 'Object Repository/Kelvin/Portal (10.20.24.198)/Case Reg_OTC/Kategori carian - MyKad'  using regular expression

2019-02-18 16:48:19 - [TEST_STEP][PASSED] - setText(findTestObject("Kelvin/Portal (10.20.24.198)/Case Reg_OTC/Insert IC"), ICRand): Text '577374525969' is set on object 'Object Repository/Kelvin/Portal (10.20.24.198)/Case Reg_OTC/Insert IC'

2019-02-18 16:48:23 - [MESSAGE][PASSED] - Text '577374525969' is set on object 'Object Repository/Kelvin/Portal (10.20.24.198)/Case Reg_OTC/Insert IC'

2019-02-18 16:48:23 - [TEST_STEP][PASSED] - click(findTestObject("Kelvin/Portal (10.20.24.198)/Case Reg_CM/Search Button")): Object: 'Object Repository/Kelvin/Portal (10.20.24.198)/Case Reg_CM/Search Button' is clicked on

2019-02-18 16:48:25 - [MESSAGE][PASSED] - Object: 'Object Repository/Kelvin/Portal (10.20.24.198)/Case Reg_CM/Search Button' is clicked on

2019-02-18 16:48:25 - [TEST_STEP][PASSED] - focus(findTestObject("Kelvin/Portal (10.20.24.198)/Case Reg_OTC/To verify record existed")): Object: 'Object Repository/Kelvin/Portal (10.20.24.198)/Case Reg_OTC/To verify record existed' is focused

2019-02-18 16:48:29 - [MESSAGE][PASSED] - Object: 'Object Repository/Kelvin/Portal (10.20.24.198)/Case Reg_OTC/To verify record existed' is focused]]></system-out>
         <system-err><![CDATA[]]></system-err>
      </testcase>
      <testcase name="Test Cases/All TC/Arranged/0. Full Flow/Case Reg_ESO_selfassign" classname="Test Cases/All TC/Arranged/0. Full Flow/Case Reg_ESO_selfassign" status="PASSED">
         <system-out><![CDATA[2019-02-18 16:48:29 - [TEST_CASE][PASSED] - Test Cases/All TC/Arranged/0. Full Flow/Case Reg_ESO_selfassign: Test Cases/All TC/Arranged/0. Full Flow/Case Reg_ESO_selfassign

2019-02-18 16:48:29 - [TEST_STEP][PASSED] - openBrowser(""): Browser is opened with url: ''

2019-02-18 16:48:29 - [MESSAGE][WARNING] - A browser is already opened. Closing browser and opening a new one

2019-02-18 16:48:31 - [MESSAGE][INFO] - Starting 'Chrome' driver

2019-02-18 16:48:31 - [MESSAGE][INFO] - User set preference: ['args', '[--start-maximized]']

2019-02-18 16:48:35 - [MESSAGE][PASSED] - Browser is opened with url: ''

2019-02-18 16:48:35 - [TEST_STEP][PASSED] - navigateToUrl(Internal_Login): Navigate to 'http://10.20.24.188/eisportal/user/login' successfully

2019-02-18 16:48:37 - [MESSAGE][PASSED] - Navigate to 'http://10.20.24.188/eisportal/user/login' successfully

2019-02-18 16:48:37 - [TEST_STEP][PASSED] - delay(2): Delayed 2 second(s)

2019-02-18 16:48:39 - [MESSAGE][PASSED] - Delayed 2 second(s)

2019-02-18 16:48:39 - [TEST_STEP][PASSED] - setText(findTestObject("Kelvin/Portal (10.20.24.198)/Case Reg_ESO_selfassign/mkeso email"), MK_ESO_3): Text 'mkeso3@perkeso.gov.my' is set on object 'Object Repository/Kelvin/Portal (10.20.24.198)/Case Reg_ESO_selfassign/mkeso email'

2019-02-18 16:48:43 - [MESSAGE][PASSED] - Text 'mkeso3@perkeso.gov.my' is set on object 'Object Repository/Kelvin/Portal (10.20.24.198)/Case Reg_ESO_selfassign/mkeso email'

2019-02-18 16:48:43 - [TEST_STEP][PASSED] - setText(findTestObject("Kelvin/Portal (10.20.24.198)/Case Reg_ESO_selfassign/mkeso pw"), Internal_PW): Text 'otc1' is set on object 'Object Repository/Kelvin/Portal (10.20.24.198)/Case Reg_ESO_selfassign/mkeso pw'

2019-02-18 16:48:48 - [MESSAGE][PASSED] - Text 'otc1' is set on object 'Object Repository/Kelvin/Portal (10.20.24.198)/Case Reg_ESO_selfassign/mkeso pw'

2019-02-18 16:48:48 - [TEST_STEP][PASSED] - click(findTestObject("Kelvin/Portal (10.20.24.198)/Case Reg_ESO_selfassign/Login Button")): Object: 'Object Repository/Kelvin/Portal (10.20.24.198)/Case Reg_ESO_selfassign/Login Button' is clicked on

2019-02-18 16:48:51 - [MESSAGE][PASSED] - Object: 'Object Repository/Kelvin/Portal (10.20.24.198)/Case Reg_ESO_selfassign/Login Button' is clicked on

2019-02-18 16:48:51 - [TEST_STEP][PASSED] - delay(2): Delayed 2 second(s)

2019-02-18 16:48:53 - [MESSAGE][PASSED] - Delayed 2 second(s)

2019-02-18 16:48:53 - [TEST_STEP][PASSED] - click(findTestObject("Kelvin/Portal (10.20.24.198)/Case Reg_ESO_selfassign/a_PENDAFTARAN KES")): Object: 'Object Repository/Kelvin/Portal (10.20.24.198)/Case Reg_ESO_selfassign/a_PENDAFTARAN KES' is clicked on

2019-02-18 16:48:55 - [MESSAGE][PASSED] - Object: 'Object Repository/Kelvin/Portal (10.20.24.198)/Case Reg_ESO_selfassign/a_PENDAFTARAN KES' is clicked on

2019-02-18 16:48:55 - [TEST_STEP][PASSED] - callTestCase(findTestCase("All TC/Arranged/1. Common/Name and IC Generator"), [:], STOP_ON_FAILURE): Call Test Case 'Test Cases/All TC/Arranged/1. Common/Name and IC Generator' successfully

2019-02-18 16:48:55 - [TEST_CASE][PASSED] - Test Cases/All TC/Arranged/1. Common/Name and IC Generator: Test Cases/All TC/Arranged/1. Common/Name and IC Generator

2019-02-18 16:48:55 - [TEST_STEP][PASSED] - r = new java.util.Random(): null

2019-02-18 16:48:55 - [TEST_STEP][PASSED] - snum = r.nextInt(899999 + 1) + 100000: null

2019-02-18 16:48:55 - [TEST_STEP][PASSED] - tnum = r.nextInt(899999 + 1) + 100000: null

2019-02-18 16:48:55 - [TEST_STEP][PASSED] - ICnum = Integer.toString(snum) + Integer.toString(tnum): null

2019-02-18 16:48:55 - [TEST_STEP][PASSED] - ICRand = ICnum: null

2019-02-18 16:48:55 - [TEST_STEP][PASSED] - Name = "a" + ICnum: null

2019-02-18 16:48:55 - [TEST_STEP][PASSED] - out.println(ICRand): null

2019-02-18 16:48:55 - [TEST_STEP][PASSED] - setText(findTestObject("Kelvin/To-call/Name and IC Generator/Nama Penuh"), Name): Text 'a451477645501' is set on object 'Object Repository/Kelvin/To-call/Name and IC Generator/Nama Penuh'

2019-02-18 16:49:00 - [MESSAGE][PASSED] - Text 'a451477645501' is set on object 'Object Repository/Kelvin/To-call/Name and IC Generator/Nama Penuh'

2019-02-18 16:49:00 - [TEST_STEP][PASSED] - setText(findTestObject("Kelvin/To-call/Name and IC Generator/No. Kad IC"), ICnum): Text '451477645501' is set on object 'Object Repository/Kelvin/To-call/Name and IC Generator/No. Kad IC'

2019-02-18 16:49:04 - [MESSAGE][PASSED] - Text '451477645501' is set on object 'Object Repository/Kelvin/To-call/Name and IC Generator/No. Kad IC'

2019-02-18 16:49:04 - [MESSAGE][PASSED] - Call Test Case 'Test Cases/All TC/Arranged/1. Common/Name and IC Generator' successfully

2019-02-18 16:49:04 - [TEST_STEP][PASSED] - selectOptionByValue(findTestObject("Kelvin/Portal (10.20.24.198)/Case Reg_ESO_selfassign/Kategori Kes"), "5", true): All options with value '5' are selected in object 'Object Repository/Kelvin/Portal (10.20.24.198)/Case Reg_ESO_selfassign/Kategori Kes'  using regular expression

2019-02-18 16:49:21 - [MESSAGE][PASSED] - All options with value '5' are selected in object 'Object Repository/Kelvin/Portal (10.20.24.198)/Case Reg_ESO_selfassign/Kategori Kes'  using regular expression

2019-02-18 16:49:21 - [TEST_STEP][PASSED] - setText(findTestObject("Kelvin/Portal (10.20.24.198)/Case Reg_ESO_selfassign/Catatan"), "a"): Text 'a' is set on object 'Object Repository/Kelvin/Portal (10.20.24.198)/Case Reg_ESO_selfassign/Catatan'

2019-02-18 16:49:25 - [MESSAGE][PASSED] - Text 'a' is set on object 'Object Repository/Kelvin/Portal (10.20.24.198)/Case Reg_ESO_selfassign/Catatan'

2019-02-18 16:49:25 - [TEST_STEP][PASSED] - click(findTestObject("Kelvin/Portal (10.20.24.198)/Case Reg_ESO_selfassign/Submit Button")): Object: 'Object Repository/Kelvin/Portal (10.20.24.198)/Case Reg_ESO_selfassign/Submit Button' is clicked on

2019-02-18 16:49:27 - [MESSAGE][PASSED] - Object: 'Object Repository/Kelvin/Portal (10.20.24.198)/Case Reg_ESO_selfassign/Submit Button' is clicked on

2019-02-18 16:49:27 - [TEST_STEP][PASSED] - delay(2): Delayed 2 second(s)

2019-02-18 16:49:29 - [MESSAGE][PASSED] - Delayed 2 second(s)

2019-02-18 16:49:29 - [TEST_STEP][PASSED] - click(findTestObject("Kelvin/Portal (10.20.24.198)/Case Reg_ESO_selfassign/Search By - My Kad")): Object: 'Object Repository/Kelvin/Portal (10.20.24.198)/Case Reg_ESO_selfassign/Search By - My Kad' is clicked on

2019-02-18 16:49:31 - [MESSAGE][PASSED] - Object: 'Object Repository/Kelvin/Portal (10.20.24.198)/Case Reg_ESO_selfassign/Search By - My Kad' is clicked on

2019-02-18 16:49:31 - [TEST_STEP][PASSED] - setText(findTestObject("Kelvin/Portal (10.20.24.198)/Case Reg_ESO_selfassign/Set Search value"), "MyKad"): Text 'MyKad' is set on object 'Object Repository/Kelvin/Portal (10.20.24.198)/Case Reg_ESO_selfassign/Set Search value'

2019-02-18 16:49:35 - [MESSAGE][PASSED] - Text 'MyKad' is set on object 'Object Repository/Kelvin/Portal (10.20.24.198)/Case Reg_ESO_selfassign/Set Search value'

2019-02-18 16:49:35 - [TEST_STEP][PASSED] - sendKeys(findTestObject("Kelvin/Portal (10.20.24.198)/Case Reg_ESO_selfassign/Set Search value - ENTER"), Keys.chord(ENTER)): Keys 'ENTER + ' sent to object: 'Object Repository/Kelvin/Portal (10.20.24.198)/Case Reg_ESO_selfassign/Set Search value - ENTER'

2019-02-18 16:49:37 - [MESSAGE][PASSED] - Keys 'ENTER + ' sent to object: 'Object Repository/Kelvin/Portal (10.20.24.198)/Case Reg_ESO_selfassign/Set Search value - ENTER'

2019-02-18 16:49:37 - [TEST_STEP][PASSED] - setText(findTestObject("Kelvin/Portal (10.20.24.198)/Case Reg_ESO_selfassign/Insert IC"), ICRand): Text '451477645501' is set on object 'Object Repository/Kelvin/Portal (10.20.24.198)/Case Reg_ESO_selfassign/Insert IC'

2019-02-18 16:49:42 - [MESSAGE][PASSED] - Text '451477645501' is set on object 'Object Repository/Kelvin/Portal (10.20.24.198)/Case Reg_ESO_selfassign/Insert IC'

2019-02-18 16:49:42 - [TEST_STEP][PASSED] - click(findTestObject("Kelvin/Portal (10.20.24.198)/Case Reg_ESO_selfassign/Search Button")): Object: 'Object Repository/Kelvin/Portal (10.20.24.198)/Case Reg_ESO_selfassign/Search Button' is clicked on

2019-02-18 16:49:44 - [MESSAGE][PASSED] - Object: 'Object Repository/Kelvin/Portal (10.20.24.198)/Case Reg_ESO_selfassign/Search Button' is clicked on

2019-02-18 16:49:44 - [TEST_STEP][PASSED] - delay(2): Delayed 2 second(s)

2019-02-18 16:49:46 - [MESSAGE][PASSED] - Delayed 2 second(s)

2019-02-18 16:49:46 - [TEST_STEP][PASSED] - focus(findTestObject("Kelvin/Portal (10.20.24.198)/Case Reg_ESO_selfassign/To verify record existed")): Object: 'Object Repository/Kelvin/Portal (10.20.24.198)/Case Reg_ESO_selfassign/To verify record existed' is focused

2019-02-18 16:49:50 - [MESSAGE][PASSED] - Object: 'Object Repository/Kelvin/Portal (10.20.24.198)/Case Reg_ESO_selfassign/To verify record existed' is focused]]></system-out>
         <system-err><![CDATA[]]></system-err>
      </testcase>
      <testcase name="Test Cases/All TC/Arranged/0. Full Flow/Case Reg_CM" classname="Test Cases/All TC/Arranged/0. Full Flow/Case Reg_CM" status="PASSED">
         <system-out><![CDATA[2019-02-18 16:49:50 - [TEST_CASE][PASSED] - Test Cases/All TC/Arranged/0. Full Flow/Case Reg_CM: Test Cases/All TC/Arranged/0. Full Flow/Case Reg_CM

2019-02-18 16:49:50 - [TEST_STEP][PASSED] - openBrowser(""): Browser is opened with url: ''

2019-02-18 16:49:50 - [MESSAGE][WARNING] - A browser is already opened. Closing browser and opening a new one

2019-02-18 16:49:52 - [MESSAGE][INFO] - Starting 'Chrome' driver

2019-02-18 16:49:52 - [MESSAGE][INFO] - User set preference: ['args', '[--start-maximized]']

2019-02-18 16:49:56 - [MESSAGE][PASSED] - Browser is opened with url: ''

2019-02-18 16:49:56 - [TEST_STEP][PASSED] - navigateToUrl(Internal_Login): Navigate to 'http://10.20.24.188/eisportal/user/login' successfully

2019-02-18 16:49:58 - [MESSAGE][PASSED] - Navigate to 'http://10.20.24.188/eisportal/user/login' successfully

2019-02-18 16:49:58 - [TEST_STEP][PASSED] - delay(2): Delayed 2 second(s)

2019-02-18 16:50:00 - [MESSAGE][PASSED] - Delayed 2 second(s)

2019-02-18 16:50:00 - [TEST_STEP][PASSED] - setText(findTestObject("Kelvin/Portal (10.20.24.198)/Case Reg_CM/mkcm email"), MK_CM): Text 'mkcm3@perkeso.gov.my' is set on object 'Object Repository/Kelvin/Portal (10.20.24.198)/Case Reg_CM/mkcm email'

2019-02-18 16:50:04 - [MESSAGE][PASSED] - Text 'mkcm3@perkeso.gov.my' is set on object 'Object Repository/Kelvin/Portal (10.20.24.198)/Case Reg_CM/mkcm email'

2019-02-18 16:50:04 - [TEST_STEP][PASSED] - setText(findTestObject("Kelvin/Portal (10.20.24.198)/Case Reg_CM/mkcm pw"), Internal_PW): Text 'otc1' is set on object 'Object Repository/Kelvin/Portal (10.20.24.198)/Case Reg_CM/mkcm pw'

2019-02-18 16:50:09 - [MESSAGE][PASSED] - Text 'otc1' is set on object 'Object Repository/Kelvin/Portal (10.20.24.198)/Case Reg_CM/mkcm pw'

2019-02-18 16:50:09 - [TEST_STEP][PASSED] - click(findTestObject("Kelvin/Portal (10.20.24.198)/Case Reg_CM/Login Button")): Object: 'Object Repository/Kelvin/Portal (10.20.24.198)/Case Reg_CM/Login Button' is clicked on

2019-02-18 16:50:12 - [MESSAGE][PASSED] - Object: 'Object Repository/Kelvin/Portal (10.20.24.198)/Case Reg_CM/Login Button' is clicked on

2019-02-18 16:50:12 - [TEST_STEP][PASSED] - delay(2): Delayed 2 second(s)

2019-02-18 16:50:14 - [MESSAGE][PASSED] - Delayed 2 second(s)

2019-02-18 16:50:14 - [TEST_STEP][PASSED] - click(findTestObject("Kelvin/Portal (10.20.24.198)/Case Reg_CM/Button PENDAFTARAN KES")): Object: 'Object Repository/Kelvin/Portal (10.20.24.198)/Case Reg_CM/Button PENDAFTARAN KES' is clicked on

2019-02-18 16:50:16 - [MESSAGE][PASSED] - Object: 'Object Repository/Kelvin/Portal (10.20.24.198)/Case Reg_CM/Button PENDAFTARAN KES' is clicked on

2019-02-18 16:50:16 - [TEST_STEP][PASSED] - callTestCase(findTestCase("All TC/Arranged/1. Common/Name and IC Generator"), [:], STOP_ON_FAILURE): Call Test Case 'Test Cases/All TC/Arranged/1. Common/Name and IC Generator' successfully

2019-02-18 16:50:16 - [TEST_CASE][PASSED] - Test Cases/All TC/Arranged/1. Common/Name and IC Generator: Test Cases/All TC/Arranged/1. Common/Name and IC Generator

2019-02-18 16:50:16 - [TEST_STEP][PASSED] - r = new java.util.Random(): null

2019-02-18 16:50:16 - [TEST_STEP][PASSED] - snum = r.nextInt(899999 + 1) + 100000: null

2019-02-18 16:50:16 - [TEST_STEP][PASSED] - tnum = r.nextInt(899999 + 1) + 100000: null

2019-02-18 16:50:16 - [TEST_STEP][PASSED] - ICnum = Integer.toString(snum) + Integer.toString(tnum): null

2019-02-18 16:50:16 - [TEST_STEP][PASSED] - ICRand = ICnum: null

2019-02-18 16:50:16 - [TEST_STEP][PASSED] - Name = "a" + ICnum: null

2019-02-18 16:50:16 - [TEST_STEP][PASSED] - out.println(ICRand): null

2019-02-18 16:50:16 - [TEST_STEP][PASSED] - setText(findTestObject("Kelvin/To-call/Name and IC Generator/Nama Penuh"), Name): Text 'a216572277079' is set on object 'Object Repository/Kelvin/To-call/Name and IC Generator/Nama Penuh'

2019-02-18 16:50:21 - [MESSAGE][PASSED] - Text 'a216572277079' is set on object 'Object Repository/Kelvin/To-call/Name and IC Generator/Nama Penuh'

2019-02-18 16:50:21 - [TEST_STEP][PASSED] - setText(findTestObject("Kelvin/To-call/Name and IC Generator/No. Kad IC"), ICnum): Text '216572277079' is set on object 'Object Repository/Kelvin/To-call/Name and IC Generator/No. Kad IC'

2019-02-18 16:50:25 - [MESSAGE][PASSED] - Text '216572277079' is set on object 'Object Repository/Kelvin/To-call/Name and IC Generator/No. Kad IC'

2019-02-18 16:50:25 - [MESSAGE][PASSED] - Call Test Case 'Test Cases/All TC/Arranged/1. Common/Name and IC Generator' successfully

2019-02-18 16:50:25 - [TEST_STEP][PASSED] - setText(findTestObject("Kelvin/Portal (10.20.24.198)/Case Reg_CM/insert mobile number"), "99999999999"): Text '99999999999' is set on object 'Object Repository/Kelvin/Portal (10.20.24.198)/Case Reg_CM/insert mobile number'

2019-02-18 16:50:29 - [MESSAGE][PASSED] - Text '99999999999' is set on object 'Object Repository/Kelvin/Portal (10.20.24.198)/Case Reg_CM/insert mobile number'

2019-02-18 16:50:29 - [TEST_STEP][PASSED] - click(findTestObject("Kelvin/Portal (10.20.24.198)/Case Reg_CM/Submit Button")): Object: 'Object Repository/Kelvin/Portal (10.20.24.198)/Case Reg_CM/Submit Button' is clicked on

2019-02-18 16:50:32 - [MESSAGE][PASSED] - Object: 'Object Repository/Kelvin/Portal (10.20.24.198)/Case Reg_CM/Submit Button' is clicked on

2019-02-18 16:50:32 - [TEST_STEP][PASSED] - delay(2): Delayed 2 second(s)

2019-02-18 16:50:34 - [MESSAGE][PASSED] - Delayed 2 second(s)

2019-02-18 16:50:34 - [TEST_STEP][PASSED] - selectOptionByValue(findTestObject("Kelvin/Portal (10.20.24.198)/Case Reg_CM/Kategori carian - MyKad"), "2", true): All options with value '2' are selected in object 'Object Repository/Kelvin/Portal (10.20.24.198)/Case Reg_CM/Kategori carian - MyKad'  using regular expression

2019-02-18 16:50:49 - [MESSAGE][PASSED] - All options with value '2' are selected in object 'Object Repository/Kelvin/Portal (10.20.24.198)/Case Reg_CM/Kategori carian - MyKad'  using regular expression

2019-02-18 16:50:49 - [TEST_STEP][PASSED] - setText(findTestObject("Kelvin/Portal (10.20.24.198)/Case Reg_CM/Insert IC"), ICRand): Text '216572277079' is set on object 'Object Repository/Kelvin/Portal (10.20.24.198)/Case Reg_CM/Insert IC'

2019-02-18 16:50:53 - [MESSAGE][PASSED] - Text '216572277079' is set on object 'Object Repository/Kelvin/Portal (10.20.24.198)/Case Reg_CM/Insert IC'

2019-02-18 16:50:53 - [TEST_STEP][PASSED] - click(findTestObject("Kelvin/Portal (10.20.24.198)/Case Reg_CM/Search Button")): Object: 'Object Repository/Kelvin/Portal (10.20.24.198)/Case Reg_CM/Search Button' is clicked on

2019-02-18 16:50:55 - [MESSAGE][PASSED] - Object: 'Object Repository/Kelvin/Portal (10.20.24.198)/Case Reg_CM/Search Button' is clicked on

2019-02-18 16:50:55 - [TEST_STEP][PASSED] - delay(2): Delayed 2 second(s)

2019-02-18 16:50:57 - [MESSAGE][PASSED] - Delayed 2 second(s)

2019-02-18 16:50:57 - [TEST_STEP][PASSED] - focus(findTestObject("Kelvin/Portal (10.20.24.198)/Case Reg_CM/To verify record existed")): Object: 'Object Repository/Kelvin/Portal (10.20.24.198)/Case Reg_CM/To verify record existed' is focused

2019-02-18 16:51:01 - [MESSAGE][PASSED] - Object: 'Object Repository/Kelvin/Portal (10.20.24.198)/Case Reg_CM/To verify record existed' is focused]]></system-out>
         <system-err><![CDATA[]]></system-err>
      </testcase>
      <testcase name="Test Cases/All TC/Arranged/0. Full Flow/Approve Claim - RIA" classname="Test Cases/All TC/Arranged/0. Full Flow/Approve Claim - RIA" status="FAILED">
         <failure type="FAILED" message="Test Cases/All TC/Arranged/0. Full Flow/Approve Claim - RIA FAILED.
Reason:
com.kms.katalon.core.exception.StepFailedException: Unable to set text '10/01/2019' of object 'Object Repository/KeatMun/Form 7_default/OTC_Application_Reg/Page_PERKESO/11.Tarikh Terima_stampedDtS' (Root cause: com.kms.katalon.core.webui.exception.WebElementNotFoundException: Web element with id: 'Object Repository/KeatMun/Form 7_default/OTC_Application_Reg/Page_PERKESO/11.Tarikh Terima_stampedDtS' located by 'By.xpath: //input[@id = 'stampedDtStr' and @name = 'stampedDtStr' and @type = 'text']' not found)
	at com.kms.katalon.core.keyword.internal.KeywordMain.stepFailed(KeywordMain.groovy:36)
	at com.kms.katalon.core.webui.keyword.internal.WebUIKeywordMain.stepFailed(WebUIKeywordMain.groovy:65)
	at com.kms.katalon.core.webui.keyword.internal.WebUIKeywordMain.runKeyword(WebUIKeywordMain.groovy:27)
	at com.kms.katalon.core.webui.keyword.builtin.SetTextKeyword.setText(SetTextKeyword.groovy:65)
	at com.kms.katalon.core.webui.keyword.builtin.SetTextKeyword.execute(SetTextKeyword.groovy:37)
	at com.kms.katalon.core.keyword.internal.KeywordExecutor.executeKeywordForPlatform(KeywordExecutor.groovy:53)
	at com.kms.katalon.core.webui.keyword.WebUiBuiltInKeywords.setText(WebUiBuiltInKeywords.groovy:950)
	at com.kms.katalon.core.webui.keyword.WebUiBuiltInKeywords$setText$1.call(Unknown Source)
	at OTC_Application_Reg.run(OTC_Application_Reg:74)
	at com.kms.katalon.core.main.ScriptEngine.run(ScriptEngine.java:194)
	at com.kms.katalon.core.main.ScriptEngine.runScriptAsRawText(ScriptEngine.java:119)
	at com.kms.katalon.core.main.TestCaseExecutor.runScript(TestCaseExecutor.java:328)
	at com.kms.katalon.core.main.TestCaseExecutor.doExecute(TestCaseExecutor.java:319)
	at com.kms.katalon.core.main.TestCaseExecutor.processExecutionPhase(TestCaseExecutor.java:298)
	at com.kms.katalon.core.main.TestCaseExecutor.accessMainPhase(TestCaseExecutor.java:290)
	at com.kms.katalon.core.main.TestCaseExecutor.execute(TestCaseExecutor.java:224)
	at com.kms.katalon.core.main.TestCaseMain.runTestCase(TestCaseMain.java:106)
	at com.kms.katalon.core.keyword.builtin.CallTestCaseKeyword$_callTestCase_closure1.doCall(CallTestCaseKeyword.groovy:59)
	at com.kms.katalon.core.keyword.builtin.CallTestCaseKeyword$_callTestCase_closure1.call(CallTestCaseKeyword.groovy)
	at com.kms.katalon.core.keyword.internal.KeywordMain.runKeyword(KeywordMain.groovy:54)
	at com.kms.katalon.core.keyword.builtin.CallTestCaseKeyword.callTestCase(CallTestCaseKeyword.groovy:80)
	at com.kms.katalon.core.keyword.builtin.CallTestCaseKeyword.execute(CallTestCaseKeyword.groovy:44)
	at com.kms.katalon.core.keyword.internal.KeywordExecutor.executeKeywordForPlatform(KeywordExecutor.groovy:53)
	at com.kms.katalon.core.keyword.BuiltinKeywords.callTestCase(BuiltinKeywords.groovy:334)
	at OTC_Submit Form 7_End to End - Cheque.run(OTC_Submit Form 7_End to End - Cheque:16)
	at com.kms.katalon.core.main.ScriptEngine.run(ScriptEngine.java:194)
	at com.kms.katalon.core.main.ScriptEngine.runScriptAsRawText(ScriptEngine.java:119)
	at com.kms.katalon.core.main.TestCaseExecutor.runScript(TestCaseExecutor.java:328)
	at com.kms.katalon.core.main.TestCaseExecutor.doExecute(TestCaseExecutor.java:319)
	at com.kms.katalon.core.main.TestCaseExecutor.processExecutionPhase(TestCaseExecutor.java:298)
	at com.kms.katalon.core.main.TestCaseExecutor.accessMainPhase(TestCaseExecutor.java:290)
	at com.kms.katalon.core.main.TestCaseExecutor.execute(TestCaseExecutor.java:224)
	at com.kms.katalon.core.main.TestCaseMain.runTestCase(TestCaseMain.java:106)
	at com.kms.katalon.core.keyword.builtin.CallTestCaseKeyword$_callTestCase_closure1.doCall(CallTestCaseKeyword.groovy:59)
	at com.kms.katalon.core.keyword.builtin.CallTestCaseKeyword$_callTestCase_closure1.call(CallTestCaseKeyword.groovy)
	at com.kms.katalon.core.keyword.internal.KeywordMain.runKeyword(KeywordMain.groovy:54)
	at com.kms.katalon.core.keyword.builtin.CallTestCaseKeyword.callTestCase(CallTestCaseKeyword.groovy:80)
	at com.kms.katalon.core.keyword.builtin.CallTestCaseKeyword.execute(CallTestCaseKeyword.groovy:44)
	at com.kms.katalon.core.keyword.internal.KeywordExecutor.executeKeywordForPlatform(KeywordExecutor.groovy:53)
	at com.kms.katalon.core.keyword.BuiltinKeywords.callTestCase(BuiltinKeywords.groovy:334)
	at Approve Claim - RIA.run(Approve Claim - RIA:16)
	at com.kms.katalon.core.main.ScriptEngine.run(ScriptEngine.java:194)
	at com.kms.katalon.core.main.ScriptEngine.runScriptAsRawText(ScriptEngine.java:119)
	at com.kms.katalon.core.main.TestCaseExecutor.runScript(TestCaseExecutor.java:328)
	at com.kms.katalon.core.main.TestCaseExecutor.doExecute(TestCaseExecutor.java:319)
	at com.kms.katalon.core.main.TestCaseExecutor.processExecutionPhase(TestCaseExecutor.java:298)
	at com.kms.katalon.core.main.TestCaseExecutor.accessMainPhase(TestCaseExecutor.java:290)
	at com.kms.katalon.core.main.TestCaseExecutor.execute(TestCaseExecutor.java:224)
	at com.kms.katalon.core.main.TestSuiteExecutor.accessTestCaseMainPhase(TestSuiteExecutor.java:129)
	at com.kms.katalon.core.main.TestSuiteExecutor.accessTestSuiteMainPhase(TestSuiteExecutor.java:112)
	at com.kms.katalon.core.main.TestSuiteExecutor.execute(TestSuiteExecutor.java:81)
	at com.kms.katalon.core.main.TestCaseMain.startTestSuite(TestCaseMain.java:149)
	at com.kms.katalon.core.main.TestCaseMain$startTestSuite$0.call(Unknown Source)
	at TempTestSuite1550476757023.run(TempTestSuite1550476757023.groovy:36)
"/>
         <system-out><![CDATA[2019-02-18 16:51:01 - [TEST_CASE][FAILED] - Test Cases/All TC/Arranged/0. Full Flow/Approve Claim - RIA: Test Cases/All TC/Arranged/0. Full Flow/Approve Claim - RIA FAILED.
Reason:
com.kms.katalon.core.exception.StepFailedException: Unable to set text '10/01/2019' of object 'Object Repository/KeatMun/Form 7_default/OTC_Application_Reg/Page_PERKESO/11.Tarikh Terima_stampedDtS' (Root cause: com.kms.katalon.core.webui.exception.WebElementNotFoundException: Web element with id: 'Object Repository/KeatMun/Form 7_default/OTC_Application_Reg/Page_PERKESO/11.Tarikh Terima_stampedDtS' located by 'By.xpath: //input[@id = 'stampedDtStr' and @name = 'stampedDtStr' and @type = 'text']' not found)
	at com.kms.katalon.core.keyword.internal.KeywordMain.stepFailed(KeywordMain.groovy:36)
	at com.kms.katalon.core.webui.keyword.internal.WebUIKeywordMain.stepFailed(WebUIKeywordMain.groovy:65)
	at com.kms.katalon.core.webui.keyword.internal.WebUIKeywordMain.runKeyword(WebUIKeywordMain.groovy:27)
	at com.kms.katalon.core.webui.keyword.builtin.SetTextKeyword.setText(SetTextKeyword.groovy:65)
	at com.kms.katalon.core.webui.keyword.builtin.SetTextKeyword.execute(SetTextKeyword.groovy:37)
	at com.kms.katalon.core.keyword.internal.KeywordExecutor.executeKeywordForPlatform(KeywordExecutor.groovy:53)
	at com.kms.katalon.core.webui.keyword.WebUiBuiltInKeywords.setText(WebUiBuiltInKeywords.groovy:950)
	at com.kms.katalon.core.webui.keyword.WebUiBuiltInKeywords$setText$1.call(Unknown Source)
	at OTC_Application_Reg.run(OTC_Application_Reg:74)
	at com.kms.katalon.core.main.ScriptEngine.run(ScriptEngine.java:194)
	at com.kms.katalon.core.main.ScriptEngine.runScriptAsRawText(ScriptEngine.java:119)
	at com.kms.katalon.core.main.TestCaseExecutor.runScript(TestCaseExecutor.java:328)
	at com.kms.katalon.core.main.TestCaseExecutor.doExecute(TestCaseExecutor.java:319)
	at com.kms.katalon.core.main.TestCaseExecutor.processExecutionPhase(TestCaseExecutor.java:298)
	at com.kms.katalon.core.main.TestCaseExecutor.accessMainPhase(TestCaseExecutor.java:290)
	at com.kms.katalon.core.main.TestCaseExecutor.execute(TestCaseExecutor.java:224)
	at com.kms.katalon.core.main.TestCaseMain.runTestCase(TestCaseMain.java:106)
	at com.kms.katalon.core.keyword.builtin.CallTestCaseKeyword$_callTestCase_closure1.doCall(CallTestCaseKeyword.groovy:59)
	at com.kms.katalon.core.keyword.builtin.CallTestCaseKeyword$_callTestCase_closure1.call(CallTestCaseKeyword.groovy)
	at com.kms.katalon.core.keyword.internal.KeywordMain.runKeyword(KeywordMain.groovy:54)
	at com.kms.katalon.core.keyword.builtin.CallTestCaseKeyword.callTestCase(CallTestCaseKeyword.groovy:80)
	at com.kms.katalon.core.keyword.builtin.CallTestCaseKeyword.execute(CallTestCaseKeyword.groovy:44)
	at com.kms.katalon.core.keyword.internal.KeywordExecutor.executeKeywordForPlatform(KeywordExecutor.groovy:53)
	at com.kms.katalon.core.keyword.BuiltinKeywords.callTestCase(BuiltinKeywords.groovy:334)
	at OTC_Submit Form 7_End to End - Cheque.run(OTC_Submit Form 7_End to End - Cheque:16)
	at com.kms.katalon.core.main.ScriptEngine.run(ScriptEngine.java:194)
	at com.kms.katalon.core.main.ScriptEngine.runScriptAsRawText(ScriptEngine.java:119)
	at com.kms.katalon.core.main.TestCaseExecutor.runScript(TestCaseExecutor.java:328)
	at com.kms.katalon.core.main.TestCaseExecutor.doExecute(TestCaseExecutor.java:319)
	at com.kms.katalon.core.main.TestCaseExecutor.processExecutionPhase(TestCaseExecutor.java:298)
	at com.kms.katalon.core.main.TestCaseExecutor.accessMainPhase(TestCaseExecutor.java:290)
	at com.kms.katalon.core.main.TestCaseExecutor.execute(TestCaseExecutor.java:224)
	at com.kms.katalon.core.main.TestCaseMain.runTestCase(TestCaseMain.java:106)
	at com.kms.katalon.core.keyword.builtin.CallTestCaseKeyword$_callTestCase_closure1.doCall(CallTestCaseKeyword.groovy:59)
	at com.kms.katalon.core.keyword.builtin.CallTestCaseKeyword$_callTestCase_closure1.call(CallTestCaseKeyword.groovy)
	at com.kms.katalon.core.keyword.internal.KeywordMain.runKeyword(KeywordMain.groovy:54)
	at com.kms.katalon.core.keyword.builtin.CallTestCaseKeyword.callTestCase(CallTestCaseKeyword.groovy:80)
	at com.kms.katalon.core.keyword.builtin.CallTestCaseKeyword.execute(CallTestCaseKeyword.groovy:44)
	at com.kms.katalon.core.keyword.internal.KeywordExecutor.executeKeywordForPlatform(KeywordExecutor.groovy:53)
	at com.kms.katalon.core.keyword.BuiltinKeywords.callTestCase(BuiltinKeywords.groovy:334)
	at Approve Claim - RIA.run(Approve Claim - RIA:16)
	at com.kms.katalon.core.main.ScriptEngine.run(ScriptEngine.java:194)
	at com.kms.katalon.core.main.ScriptEngine.runScriptAsRawText(ScriptEngine.java:119)
	at com.kms.katalon.core.main.TestCaseExecutor.runScript(TestCaseExecutor.java:328)
	at com.kms.katalon.core.main.TestCaseExecutor.doExecute(TestCaseExecutor.java:319)
	at com.kms.katalon.core.main.TestCaseExecutor.processExecutionPhase(TestCaseExecutor.java:298)
	at com.kms.katalon.core.main.TestCaseExecutor.accessMainPhase(TestCaseExecutor.java:290)
	at com.kms.katalon.core.main.TestCaseExecutor.execute(TestCaseExecutor.java:224)
	at com.kms.katalon.core.main.TestSuiteExecutor.accessTestCaseMainPhase(TestSuiteExecutor.java:129)
	at com.kms.katalon.core.main.TestSuiteExecutor.accessTestSuiteMainPhase(TestSuiteExecutor.java:112)
	at com.kms.katalon.core.main.TestSuiteExecutor.execute(TestSuiteExecutor.java:81)
	at com.kms.katalon.core.main.TestCaseMain.startTestSuite(TestCaseMain.java:149)
	at com.kms.katalon.core.main.TestCaseMain$startTestSuite$0.call(Unknown Source)
	at TempTestSuite1550476757023.run(TempTestSuite1550476757023.groovy:36)


2019-02-18 16:51:02 - [TEST_STEP][FAILED] - callTestCase(findTestCase("All TC/Arranged/2. Segment/OTC_Submit Form 7_End to End - Cheque"), [:], STOP_ON_FAILURE): callTestCase(findTestCase("All TC/Arranged/2. Segment/OTC_Submit Form 7_End to End - Cheque"), [:], STOP_ON_FAILURE) FAILED.
Reason:
com.kms.katalon.core.exception.StepFailedException: Unable to set text '10/01/2019' of object 'Object Repository/KeatMun/Form 7_default/OTC_Application_Reg/Page_PERKESO/11.Tarikh Terima_stampedDtS' (Root cause: com.kms.katalon.core.webui.exception.WebElementNotFoundException: Web element with id: 'Object Repository/KeatMun/Form 7_default/OTC_Application_Reg/Page_PERKESO/11.Tarikh Terima_stampedDtS' located by 'By.xpath: //input[@id = 'stampedDtStr' and @name = 'stampedDtStr' and @type = 'text']' not found)
	at com.kms.katalon.core.keyword.internal.KeywordMain.stepFailed(KeywordMain.groovy:36)
	at com.kms.katalon.core.webui.keyword.internal.WebUIKeywordMain.stepFailed(WebUIKeywordMain.groovy:65)
	at com.kms.katalon.core.webui.keyword.internal.WebUIKeywordMain.runKeyword(WebUIKeywordMain.groovy:27)
	at com.kms.katalon.core.webui.keyword.builtin.SetTextKeyword.setText(SetTextKeyword.groovy:65)
	at com.kms.katalon.core.webui.keyword.builtin.SetTextKeyword.execute(SetTextKeyword.groovy:37)
	at com.kms.katalon.core.keyword.internal.KeywordExecutor.executeKeywordForPlatform(KeywordExecutor.groovy:53)
	at com.kms.katalon.core.webui.keyword.WebUiBuiltInKeywords.setText(WebUiBuiltInKeywords.groovy:950)
	at com.kms.katalon.core.webui.keyword.WebUiBuiltInKeywords$setText$1.call(Unknown Source)
	at OTC_Application_Reg.run(OTC_Application_Reg:74)
	at com.kms.katalon.core.main.ScriptEngine.run(ScriptEngine.java:194)
	at com.kms.katalon.core.main.ScriptEngine.runScriptAsRawText(ScriptEngine.java:119)
	at com.kms.katalon.core.main.TestCaseExecutor.runScript(TestCaseExecutor.java:328)
	at com.kms.katalon.core.main.TestCaseExecutor.doExecute(TestCaseExecutor.java:319)
	at com.kms.katalon.core.main.TestCaseExecutor.processExecutionPhase(TestCaseExecutor.java:298)
	at com.kms.katalon.core.main.TestCaseExecutor.accessMainPhase(TestCaseExecutor.java:290)
	at com.kms.katalon.core.main.TestCaseExecutor.execute(TestCaseExecutor.java:224)
	at com.kms.katalon.core.main.TestCaseMain.runTestCase(TestCaseMain.java:106)
	at com.kms.katalon.core.keyword.builtin.CallTestCaseKeyword$_callTestCase_closure1.doCall(CallTestCaseKeyword.groovy:59)
	at com.kms.katalon.core.keyword.builtin.CallTestCaseKeyword$_callTestCase_closure1.call(CallTestCaseKeyword.groovy)
	at com.kms.katalon.core.keyword.internal.KeywordMain.runKeyword(KeywordMain.groovy:54)
	at com.kms.katalon.core.keyword.builtin.CallTestCaseKeyword.callTestCase(CallTestCaseKeyword.groovy:80)
	at com.kms.katalon.core.keyword.builtin.CallTestCaseKeyword.execute(CallTestCaseKeyword.groovy:44)
	at com.kms.katalon.core.keyword.internal.KeywordExecutor.executeKeywordForPlatform(KeywordExecutor.groovy:53)
	at com.kms.katalon.core.keyword.BuiltinKeywords.callTestCase(BuiltinKeywords.groovy:334)
	at OTC_Submit Form 7_End to End - Cheque.run(OTC_Submit Form 7_End to End - Cheque:16)
	at com.kms.katalon.core.main.ScriptEngine.run(ScriptEngine.java:194)
	at com.kms.katalon.core.main.ScriptEngine.runScriptAsRawText(ScriptEngine.java:119)
	at com.kms.katalon.core.main.TestCaseExecutor.runScript(TestCaseExecutor.java:328)
	at com.kms.katalon.core.main.TestCaseExecutor.doExecute(TestCaseExecutor.java:319)
	at com.kms.katalon.core.main.TestCaseExecutor.processExecutionPhase(TestCaseExecutor.java:298)
	at com.kms.katalon.core.main.TestCaseExecutor.accessMainPhase(TestCaseExecutor.java:290)
	at com.kms.katalon.core.main.TestCaseExecutor.execute(TestCaseExecutor.java:224)
	at com.kms.katalon.core.main.TestCaseMain.runTestCase(TestCaseMain.java:106)
	at com.kms.katalon.core.keyword.builtin.CallTestCaseKeyword$_callTestCase_closure1.doCall(CallTestCaseKeyword.groovy:59)
	at com.kms.katalon.core.keyword.builtin.CallTestCaseKeyword$_callTestCase_closure1.call(CallTestCaseKeyword.groovy)
	at com.kms.katalon.core.keyword.internal.KeywordMain.runKeyword(KeywordMain.groovy:54)
	at com.kms.katalon.core.keyword.builtin.CallTestCaseKeyword.callTestCase(CallTestCaseKeyword.groovy:80)
	at com.kms.katalon.core.keyword.builtin.CallTestCaseKeyword.execute(CallTestCaseKeyword.groovy:44)
	at com.kms.katalon.core.keyword.internal.KeywordExecutor.executeKeywordForPlatform(KeywordExecutor.groovy:53)
	at com.kms.katalon.core.keyword.BuiltinKeywords.callTestCase(BuiltinKeywords.groovy:334)
	at Approve Claim - RIA.run(Approve Claim - RIA:16)
	at com.kms.katalon.core.main.ScriptEngine.run(ScriptEngine.java:194)
	at com.kms.katalon.core.main.ScriptEngine.runScriptAsRawText(ScriptEngine.java:119)
	at com.kms.katalon.core.main.TestCaseExecutor.runScript(TestCaseExecutor.java:328)
	at com.kms.katalon.core.main.TestCaseExecutor.doExecute(TestCaseExecutor.java:319)
	at com.kms.katalon.core.main.TestCaseExecutor.processExecutionPhase(TestCaseExecutor.java:298)
	at com.kms.katalon.core.main.TestCaseExecutor.accessMainPhase(TestCaseExecutor.java:290)
	at com.kms.katalon.core.main.TestCaseExecutor.execute(TestCaseExecutor.java:224)
	at com.kms.katalon.core.main.TestSuiteExecutor.accessTestCaseMainPhase(TestSuiteExecutor.java:129)
	at com.kms.katalon.core.main.TestSuiteExecutor.accessTestSuiteMainPhase(TestSuiteExecutor.java:112)
	at com.kms.katalon.core.main.TestSuiteExecutor.execute(TestSuiteExecutor.java:81)
	at com.kms.katalon.core.main.TestCaseMain.startTestSuite(TestCaseMain.java:149)
	at com.kms.katalon.core.main.TestCaseMain$startTestSuite$0.call(Unknown Source)
	at TempTestSuite1550476757023.run(TempTestSuite1550476757023.groovy:36)


2019-02-18 16:51:02 - [TEST_CASE][FAILED] - Test Cases/All TC/Arranged/2. Segment/OTC_Submit Form 7_End to End - Cheque: Test Cases/All TC/Arranged/2. Segment/OTC_Submit Form 7_End to End - Cheque FAILED.
Reason:
com.kms.katalon.core.exception.StepFailedException: Unable to set text '10/01/2019' of object 'Object Repository/KeatMun/Form 7_default/OTC_Application_Reg/Page_PERKESO/11.Tarikh Terima_stampedDtS' (Root cause: com.kms.katalon.core.webui.exception.WebElementNotFoundException: Web element with id: 'Object Repository/KeatMun/Form 7_default/OTC_Application_Reg/Page_PERKESO/11.Tarikh Terima_stampedDtS' located by 'By.xpath: //input[@id = 'stampedDtStr' and @name = 'stampedDtStr' and @type = 'text']' not found)
	at com.kms.katalon.core.keyword.internal.KeywordMain.stepFailed(KeywordMain.groovy:36)
	at com.kms.katalon.core.webui.keyword.internal.WebUIKeywordMain.stepFailed(WebUIKeywordMain.groovy:65)
	at com.kms.katalon.core.webui.keyword.internal.WebUIKeywordMain.runKeyword(WebUIKeywordMain.groovy:27)
	at com.kms.katalon.core.webui.keyword.builtin.SetTextKeyword.setText(SetTextKeyword.groovy:65)
	at com.kms.katalon.core.webui.keyword.builtin.SetTextKeyword.execute(SetTextKeyword.groovy:37)
	at com.kms.katalon.core.keyword.internal.KeywordExecutor.executeKeywordForPlatform(KeywordExecutor.groovy:53)
	at com.kms.katalon.core.webui.keyword.WebUiBuiltInKeywords.setText(WebUiBuiltInKeywords.groovy:950)
	at com.kms.katalon.core.webui.keyword.WebUiBuiltInKeywords$setText$1.call(Unknown Source)
	at OTC_Application_Reg.run(OTC_Application_Reg:74)
	at com.kms.katalon.core.main.ScriptEngine.run(ScriptEngine.java:194)
	at com.kms.katalon.core.main.ScriptEngine.runScriptAsRawText(ScriptEngine.java:119)
	at com.kms.katalon.core.main.TestCaseExecutor.runScript(TestCaseExecutor.java:328)
	at com.kms.katalon.core.main.TestCaseExecutor.doExecute(TestCaseExecutor.java:319)
	at com.kms.katalon.core.main.TestCaseExecutor.processExecutionPhase(TestCaseExecutor.java:298)
	at com.kms.katalon.core.main.TestCaseExecutor.accessMainPhase(TestCaseExecutor.java:290)
	at com.kms.katalon.core.main.TestCaseExecutor.execute(TestCaseExecutor.java:224)
	at com.kms.katalon.core.main.TestCaseMain.runTestCase(TestCaseMain.java:106)
	at com.kms.katalon.core.keyword.builtin.CallTestCaseKeyword$_callTestCase_closure1.doCall(CallTestCaseKeyword.groovy:59)
	at com.kms.katalon.core.keyword.builtin.CallTestCaseKeyword$_callTestCase_closure1.call(CallTestCaseKeyword.groovy)
	at com.kms.katalon.core.keyword.internal.KeywordMain.runKeyword(KeywordMain.groovy:54)
	at com.kms.katalon.core.keyword.builtin.CallTestCaseKeyword.callTestCase(CallTestCaseKeyword.groovy:80)
	at com.kms.katalon.core.keyword.builtin.CallTestCaseKeyword.execute(CallTestCaseKeyword.groovy:44)
	at com.kms.katalon.core.keyword.internal.KeywordExecutor.executeKeywordForPlatform(KeywordExecutor.groovy:53)
	at com.kms.katalon.core.keyword.BuiltinKeywords.callTestCase(BuiltinKeywords.groovy:334)
	at OTC_Submit Form 7_End to End - Cheque.run(OTC_Submit Form 7_End to End - Cheque:16)
	at com.kms.katalon.core.main.ScriptEngine.run(ScriptEngine.java:194)
	at com.kms.katalon.core.main.ScriptEngine.runScriptAsRawText(ScriptEngine.java:119)
	at com.kms.katalon.core.main.TestCaseExecutor.runScript(TestCaseExecutor.java:328)
	at com.kms.katalon.core.main.TestCaseExecutor.doExecute(TestCaseExecutor.java:319)
	at com.kms.katalon.core.main.TestCaseExecutor.processExecutionPhase(TestCaseExecutor.java:298)
	at com.kms.katalon.core.main.TestCaseExecutor.accessMainPhase(TestCaseExecutor.java:290)
	at com.kms.katalon.core.main.TestCaseExecutor.execute(TestCaseExecutor.java:224)
	at com.kms.katalon.core.main.TestCaseMain.runTestCase(TestCaseMain.java:106)
	at com.kms.katalon.core.keyword.builtin.CallTestCaseKeyword$_callTestCase_closure1.doCall(CallTestCaseKeyword.groovy:59)
	at com.kms.katalon.core.keyword.builtin.CallTestCaseKeyword$_callTestCase_closure1.call(CallTestCaseKeyword.groovy)
	at com.kms.katalon.core.keyword.internal.KeywordMain.runKeyword(KeywordMain.groovy:54)
	at com.kms.katalon.core.keyword.builtin.CallTestCaseKeyword.callTestCase(CallTestCaseKeyword.groovy:80)
	at com.kms.katalon.core.keyword.builtin.CallTestCaseKeyword.execute(CallTestCaseKeyword.groovy:44)
	at com.kms.katalon.core.keyword.internal.KeywordExecutor.executeKeywordForPlatform(KeywordExecutor.groovy:53)
	at com.kms.katalon.core.keyword.BuiltinKeywords.callTestCase(BuiltinKeywords.groovy:334)
	at Approve Claim - RIA.run(Approve Claim - RIA:16)
	at com.kms.katalon.core.main.ScriptEngine.run(ScriptEngine.java:194)
	at com.kms.katalon.core.main.ScriptEngine.runScriptAsRawText(ScriptEngine.java:119)
	at com.kms.katalon.core.main.TestCaseExecutor.runScript(TestCaseExecutor.java:328)
	at com.kms.katalon.core.main.TestCaseExecutor.doExecute(TestCaseExecutor.java:319)
	at com.kms.katalon.core.main.TestCaseExecutor.processExecutionPhase(TestCaseExecutor.java:298)
	at com.kms.katalon.core.main.TestCaseExecutor.accessMainPhase(TestCaseExecutor.java:290)
	at com.kms.katalon.core.main.TestCaseExecutor.execute(TestCaseExecutor.java:224)
	at com.kms.katalon.core.main.TestSuiteExecutor.accessTestCaseMainPhase(TestSuiteExecutor.java:129)
	at com.kms.katalon.core.main.TestSuiteExecutor.accessTestSuiteMainPhase(TestSuiteExecutor.java:112)
	at com.kms.katalon.core.main.TestSuiteExecutor.execute(TestSuiteExecutor.java:81)
	at com.kms.katalon.core.main.TestCaseMain.startTestSuite(TestCaseMain.java:149)
	at com.kms.katalon.core.main.TestCaseMain$startTestSuite$0.call(Unknown Source)
	at TempTestSuite1550476757023.run(TempTestSuite1550476757023.groovy:36)


2019-02-18 16:51:02 - [TEST_STEP][FAILED] - callTestCase(findTestCase("All TC/Arranged/3. Unit/EI/Form 7_default/OTC_Application_Reg"), [:], STOP_ON_FAILURE): callTestCase(findTestCase("All TC/Arranged/3. Unit/EI/Form 7_default/OTC_Application_Reg"), [:], STOP_ON_FAILURE) FAILED.
Reason:
com.kms.katalon.core.exception.StepFailedException: Unable to set text '10/01/2019' of object 'Object Repository/KeatMun/Form 7_default/OTC_Application_Reg/Page_PERKESO/11.Tarikh Terima_stampedDtS' (Root cause: com.kms.katalon.core.webui.exception.WebElementNotFoundException: Web element with id: 'Object Repository/KeatMun/Form 7_default/OTC_Application_Reg/Page_PERKESO/11.Tarikh Terima_stampedDtS' located by 'By.xpath: //input[@id = 'stampedDtStr' and @name = 'stampedDtStr' and @type = 'text']' not found)
	at com.kms.katalon.core.keyword.internal.KeywordMain.stepFailed(KeywordMain.groovy:36)
	at com.kms.katalon.core.webui.keyword.internal.WebUIKeywordMain.stepFailed(WebUIKeywordMain.groovy:65)
	at com.kms.katalon.core.webui.keyword.internal.WebUIKeywordMain.runKeyword(WebUIKeywordMain.groovy:27)
	at com.kms.katalon.core.webui.keyword.builtin.SetTextKeyword.setText(SetTextKeyword.groovy:65)
	at com.kms.katalon.core.webui.keyword.builtin.SetTextKeyword.execute(SetTextKeyword.groovy:37)
	at com.kms.katalon.core.keyword.internal.KeywordExecutor.executeKeywordForPlatform(KeywordExecutor.groovy:53)
	at com.kms.katalon.core.webui.keyword.WebUiBuiltInKeywords.setText(WebUiBuiltInKeywords.groovy:950)
	at com.kms.katalon.core.webui.keyword.WebUiBuiltInKeywords$setText$1.call(Unknown Source)
	at OTC_Application_Reg.run(OTC_Application_Reg:74)
	at com.kms.katalon.core.main.ScriptEngine.run(ScriptEngine.java:194)
	at com.kms.katalon.core.main.ScriptEngine.runScriptAsRawText(ScriptEngine.java:119)
	at com.kms.katalon.core.main.TestCaseExecutor.runScript(TestCaseExecutor.java:328)
	at com.kms.katalon.core.main.TestCaseExecutor.doExecute(TestCaseExecutor.java:319)
	at com.kms.katalon.core.main.TestCaseExecutor.processExecutionPhase(TestCaseExecutor.java:298)
	at com.kms.katalon.core.main.TestCaseExecutor.accessMainPhase(TestCaseExecutor.java:290)
	at com.kms.katalon.core.main.TestCaseExecutor.execute(TestCaseExecutor.java:224)
	at com.kms.katalon.core.main.TestCaseMain.runTestCase(TestCaseMain.java:106)
	at com.kms.katalon.core.keyword.builtin.CallTestCaseKeyword$_callTestCase_closure1.doCall(CallTestCaseKeyword.groovy:59)
	at com.kms.katalon.core.keyword.builtin.CallTestCaseKeyword$_callTestCase_closure1.call(CallTestCaseKeyword.groovy)
	at com.kms.katalon.core.keyword.internal.KeywordMain.runKeyword(KeywordMain.groovy:54)
	at com.kms.katalon.core.keyword.builtin.CallTestCaseKeyword.callTestCase(CallTestCaseKeyword.groovy:80)
	at com.kms.katalon.core.keyword.builtin.CallTestCaseKeyword.execute(CallTestCaseKeyword.groovy:44)
	at com.kms.katalon.core.keyword.internal.KeywordExecutor.executeKeywordForPlatform(KeywordExecutor.groovy:53)
	at com.kms.katalon.core.keyword.BuiltinKeywords.callTestCase(BuiltinKeywords.groovy:334)
	at OTC_Submit Form 7_End to End - Cheque.run(OTC_Submit Form 7_End to End - Cheque:16)
	at com.kms.katalon.core.main.ScriptEngine.run(ScriptEngine.java:194)
	at com.kms.katalon.core.main.ScriptEngine.runScriptAsRawText(ScriptEngine.java:119)
	at com.kms.katalon.core.main.TestCaseExecutor.runScript(TestCaseExecutor.java:328)
	at com.kms.katalon.core.main.TestCaseExecutor.doExecute(TestCaseExecutor.java:319)
	at com.kms.katalon.core.main.TestCaseExecutor.processExecutionPhase(TestCaseExecutor.java:298)
	at com.kms.katalon.core.main.TestCaseExecutor.accessMainPhase(TestCaseExecutor.java:290)
	at com.kms.katalon.core.main.TestCaseExecutor.execute(TestCaseExecutor.java:224)
	at com.kms.katalon.core.main.TestCaseMain.runTestCase(TestCaseMain.java:106)
	at com.kms.katalon.core.keyword.builtin.CallTestCaseKeyword$_callTestCase_closure1.doCall(CallTestCaseKeyword.groovy:59)
	at com.kms.katalon.core.keyword.builtin.CallTestCaseKeyword$_callTestCase_closure1.call(CallTestCaseKeyword.groovy)
	at com.kms.katalon.core.keyword.internal.KeywordMain.runKeyword(KeywordMain.groovy:54)
	at com.kms.katalon.core.keyword.builtin.CallTestCaseKeyword.callTestCase(CallTestCaseKeyword.groovy:80)
	at com.kms.katalon.core.keyword.builtin.CallTestCaseKeyword.execute(CallTestCaseKeyword.groovy:44)
	at com.kms.katalon.core.keyword.internal.KeywordExecutor.executeKeywordForPlatform(KeywordExecutor.groovy:53)
	at com.kms.katalon.core.keyword.BuiltinKeywords.callTestCase(BuiltinKeywords.groovy:334)
	at Approve Claim - RIA.run(Approve Claim - RIA:16)
	at com.kms.katalon.core.main.ScriptEngine.run(ScriptEngine.java:194)
	at com.kms.katalon.core.main.ScriptEngine.runScriptAsRawText(ScriptEngine.java:119)
	at com.kms.katalon.core.main.TestCaseExecutor.runScript(TestCaseExecutor.java:328)
	at com.kms.katalon.core.main.TestCaseExecutor.doExecute(TestCaseExecutor.java:319)
	at com.kms.katalon.core.main.TestCaseExecutor.processExecutionPhase(TestCaseExecutor.java:298)
	at com.kms.katalon.core.main.TestCaseExecutor.accessMainPhase(TestCaseExecutor.java:290)
	at com.kms.katalon.core.main.TestCaseExecutor.execute(TestCaseExecutor.java:224)
	at com.kms.katalon.core.main.TestSuiteExecutor.accessTestCaseMainPhase(TestSuiteExecutor.java:129)
	at com.kms.katalon.core.main.TestSuiteExecutor.accessTestSuiteMainPhase(TestSuiteExecutor.java:112)
	at com.kms.katalon.core.main.TestSuiteExecutor.execute(TestSuiteExecutor.java:81)
	at com.kms.katalon.core.main.TestCaseMain.startTestSuite(TestCaseMain.java:149)
	at com.kms.katalon.core.main.TestCaseMain$startTestSuite$0.call(Unknown Source)
	at TempTestSuite1550476757023.run(TempTestSuite1550476757023.groovy:36)


2019-02-18 16:51:02 - [TEST_CASE][FAILED] - Test Cases/All TC/Arranged/3. Unit/EI/Form 7_default/OTC_Application_Reg: Test Cases/All TC/Arranged/3. Unit/EI/Form 7_default/OTC_Application_Reg FAILED.
Reason:
com.kms.katalon.core.exception.StepFailedException: Unable to set text '10/01/2019' of object 'Object Repository/KeatMun/Form 7_default/OTC_Application_Reg/Page_PERKESO/11.Tarikh Terima_stampedDtS' (Root cause: com.kms.katalon.core.webui.exception.WebElementNotFoundException: Web element with id: 'Object Repository/KeatMun/Form 7_default/OTC_Application_Reg/Page_PERKESO/11.Tarikh Terima_stampedDtS' located by 'By.xpath: //input[@id = 'stampedDtStr' and @name = 'stampedDtStr' and @type = 'text']' not found)
	at com.kms.katalon.core.keyword.internal.KeywordMain.stepFailed(KeywordMain.groovy:36)
	at com.kms.katalon.core.webui.keyword.internal.WebUIKeywordMain.stepFailed(WebUIKeywordMain.groovy:65)
	at com.kms.katalon.core.webui.keyword.internal.WebUIKeywordMain.runKeyword(WebUIKeywordMain.groovy:27)
	at com.kms.katalon.core.webui.keyword.builtin.SetTextKeyword.setText(SetTextKeyword.groovy:65)
	at com.kms.katalon.core.webui.keyword.builtin.SetTextKeyword.execute(SetTextKeyword.groovy:37)
	at com.kms.katalon.core.keyword.internal.KeywordExecutor.executeKeywordForPlatform(KeywordExecutor.groovy:53)
	at com.kms.katalon.core.webui.keyword.WebUiBuiltInKeywords.setText(WebUiBuiltInKeywords.groovy:950)
	at com.kms.katalon.core.webui.keyword.WebUiBuiltInKeywords$setText$1.call(Unknown Source)
	at OTC_Application_Reg.run(OTC_Application_Reg:74)
	at com.kms.katalon.core.main.ScriptEngine.run(ScriptEngine.java:194)
	at com.kms.katalon.core.main.ScriptEngine.runScriptAsRawText(ScriptEngine.java:119)
	at com.kms.katalon.core.main.TestCaseExecutor.runScript(TestCaseExecutor.java:328)
	at com.kms.katalon.core.main.TestCaseExecutor.doExecute(TestCaseExecutor.java:319)
	at com.kms.katalon.core.main.TestCaseExecutor.processExecutionPhase(TestCaseExecutor.java:298)
	at com.kms.katalon.core.main.TestCaseExecutor.accessMainPhase(TestCaseExecutor.java:290)
	at com.kms.katalon.core.main.TestCaseExecutor.execute(TestCaseExecutor.java:224)
	at com.kms.katalon.core.main.TestCaseMain.runTestCase(TestCaseMain.java:106)
	at com.kms.katalon.core.keyword.builtin.CallTestCaseKeyword$_callTestCase_closure1.doCall(CallTestCaseKeyword.groovy:59)
	at com.kms.katalon.core.keyword.builtin.CallTestCaseKeyword$_callTestCase_closure1.call(CallTestCaseKeyword.groovy)
	at com.kms.katalon.core.keyword.internal.KeywordMain.runKeyword(KeywordMain.groovy:54)
	at com.kms.katalon.core.keyword.builtin.CallTestCaseKeyword.callTestCase(CallTestCaseKeyword.groovy:80)
	at com.kms.katalon.core.keyword.builtin.CallTestCaseKeyword.execute(CallTestCaseKeyword.groovy:44)
	at com.kms.katalon.core.keyword.internal.KeywordExecutor.executeKeywordForPlatform(KeywordExecutor.groovy:53)
	at com.kms.katalon.core.keyword.BuiltinKeywords.callTestCase(BuiltinKeywords.groovy:334)
	at OTC_Submit Form 7_End to End - Cheque.run(OTC_Submit Form 7_End to End - Cheque:16)
	at com.kms.katalon.core.main.ScriptEngine.run(ScriptEngine.java:194)
	at com.kms.katalon.core.main.ScriptEngine.runScriptAsRawText(ScriptEngine.java:119)
	at com.kms.katalon.core.main.TestCaseExecutor.runScript(TestCaseExecutor.java:328)
	at com.kms.katalon.core.main.TestCaseExecutor.doExecute(TestCaseExecutor.java:319)
	at com.kms.katalon.core.main.TestCaseExecutor.processExecutionPhase(TestCaseExecutor.java:298)
	at com.kms.katalon.core.main.TestCaseExecutor.accessMainPhase(TestCaseExecutor.java:290)
	at com.kms.katalon.core.main.TestCaseExecutor.execute(TestCaseExecutor.java:224)
	at com.kms.katalon.core.main.TestCaseMain.runTestCase(TestCaseMain.java:106)
	at com.kms.katalon.core.keyword.builtin.CallTestCaseKeyword$_callTestCase_closure1.doCall(CallTestCaseKeyword.groovy:59)
	at com.kms.katalon.core.keyword.builtin.CallTestCaseKeyword$_callTestCase_closure1.call(CallTestCaseKeyword.groovy)
	at com.kms.katalon.core.keyword.internal.KeywordMain.runKeyword(KeywordMain.groovy:54)
	at com.kms.katalon.core.keyword.builtin.CallTestCaseKeyword.callTestCase(CallTestCaseKeyword.groovy:80)
	at com.kms.katalon.core.keyword.builtin.CallTestCaseKeyword.execute(CallTestCaseKeyword.groovy:44)
	at com.kms.katalon.core.keyword.internal.KeywordExecutor.executeKeywordForPlatform(KeywordExecutor.groovy:53)
	at com.kms.katalon.core.keyword.BuiltinKeywords.callTestCase(BuiltinKeywords.groovy:334)
	at Approve Claim - RIA.run(Approve Claim - RIA:16)
	at com.kms.katalon.core.main.ScriptEngine.run(ScriptEngine.java:194)
	at com.kms.katalon.core.main.ScriptEngine.runScriptAsRawText(ScriptEngine.java:119)
	at com.kms.katalon.core.main.TestCaseExecutor.runScript(TestCaseExecutor.java:328)
	at com.kms.katalon.core.main.TestCaseExecutor.doExecute(TestCaseExecutor.java:319)
	at com.kms.katalon.core.main.TestCaseExecutor.processExecutionPhase(TestCaseExecutor.java:298)
	at com.kms.katalon.core.main.TestCaseExecutor.accessMainPhase(TestCaseExecutor.java:290)
	at com.kms.katalon.core.main.TestCaseExecutor.execute(TestCaseExecutor.java:224)
	at com.kms.katalon.core.main.TestSuiteExecutor.accessTestCaseMainPhase(TestSuiteExecutor.java:129)
	at com.kms.katalon.core.main.TestSuiteExecutor.accessTestSuiteMainPhase(TestSuiteExecutor.java:112)
	at com.kms.katalon.core.main.TestSuiteExecutor.execute(TestSuiteExecutor.java:81)
	at com.kms.katalon.core.main.TestCaseMain.startTestSuite(TestCaseMain.java:149)
	at com.kms.katalon.core.main.TestCaseMain$startTestSuite$0.call(Unknown Source)
	at TempTestSuite1550476757023.run(TempTestSuite1550476757023.groovy:36)


2019-02-18 16:51:02 - [TEST_STEP][PASSED] - openBrowser(""): Browser is opened with url: ''

2019-02-18 16:51:02 - [MESSAGE][WARNING] - A browser is already opened. Closing browser and opening a new one

2019-02-18 16:51:03 - [MESSAGE][INFO] - Starting 'Chrome' driver

2019-02-18 16:51:03 - [MESSAGE][INFO] - User set preference: ['args', '[--start-maximized]']

2019-02-18 16:51:08 - [MESSAGE][PASSED] - Browser is opened with url: ''

2019-02-18 16:51:08 - [TEST_STEP][PASSED] - navigateToUrl(Internal_Login): Navigate to 'http://10.20.24.188/eisportal/user/login' successfully

2019-02-18 16:51:09 - [MESSAGE][PASSED] - Navigate to 'http://10.20.24.188/eisportal/user/login' successfully

2019-02-18 16:51:09 - [TEST_STEP][PASSED] - delay(3): Delayed 3 second(s)

2019-02-18 16:51:12 - [MESSAGE][PASSED] - Delayed 3 second(s)

2019-02-18 16:51:12 - [TEST_STEP][PASSED] - setText(findTestObject("KeatMun/Form 7_default/OTC_Application_Reg/Page_PERKESO/1.username"), "faizal.hamid@perkeso.gov.my"): Text 'faizal.hamid@perkeso.gov.my' is set on object 'Object Repository/KeatMun/Form 7_default/OTC_Application_Reg/Page_PERKESO/1.username'

2019-02-18 16:51:17 - [MESSAGE][PASSED] - Text 'faizal.hamid@perkeso.gov.my' is set on object 'Object Repository/KeatMun/Form 7_default/OTC_Application_Reg/Page_PERKESO/1.username'

2019-02-18 16:51:17 - [TEST_STEP][PASSED] - delay(1): Delayed 1 second(s)

2019-02-18 16:51:18 - [MESSAGE][PASSED] - Delayed 1 second(s)

2019-02-18 16:51:18 - [TEST_STEP][PASSED] - setEncryptedText(findTestObject("KeatMun/Form 7_default/OTC_Application_Reg/Page_PERKESO/2.password"), "CQqwFZlbeC8="): Text ****** has been set on object 'Object Repository/KeatMun/Form 7_default/OTC_Application_Reg/Page_PERKESO/2.password'

2019-02-18 16:51:21 - [MESSAGE][PASSED] - Text ****** has been set on object 'Object Repository/KeatMun/Form 7_default/OTC_Application_Reg/Page_PERKESO/2.password'

2019-02-18 16:51:21 - [TEST_STEP][PASSED] - delay(2): Delayed 2 second(s)

2019-02-18 16:51:23 - [MESSAGE][PASSED] - Delayed 2 second(s)

2019-02-18 16:51:23 - [TEST_STEP][PASSED] - click(findTestObject("KeatMun/Form 7_default/OTC_Application_Reg/Page_PERKESO/3.login button")): Object: 'Object Repository/KeatMun/Form 7_default/OTC_Application_Reg/Page_PERKESO/3.login button' is clicked on

2019-02-18 16:51:26 - [MESSAGE][PASSED] - Object: 'Object Repository/KeatMun/Form 7_default/OTC_Application_Reg/Page_PERKESO/3.login button' is clicked on

2019-02-18 16:51:26 - [TEST_STEP][PASSED] - delay(2): Delayed 2 second(s)

2019-02-18 16:51:28 - [MESSAGE][PASSED] - Delayed 2 second(s)

2019-02-18 16:51:28 - [TEST_STEP][PASSED] - click(findTestObject("KeatMun/Form 7_default/OTC_Application_Reg/Page_PERKESO/4. Permohonan tab")): Object: 'Object Repository/KeatMun/Form 7_default/OTC_Application_Reg/Page_PERKESO/4. Permohonan tab' is clicked on

2019-02-18 16:51:31 - [MESSAGE][PASSED] - Object: 'Object Repository/KeatMun/Form 7_default/OTC_Application_Reg/Page_PERKESO/4. Permohonan tab' is clicked on

2019-02-18 16:51:31 - [TEST_STEP][PASSED] - delay(2): Delayed 2 second(s)

2019-02-18 16:51:33 - [MESSAGE][PASSED] - Delayed 2 second(s)

2019-02-18 16:51:33 - [TEST_STEP][PASSED] - click(findTestObject("KeatMun/Form 7_default/OTC_Application_Reg/Page_PERKESO/5.button_Setuju")): Object: 'Object Repository/KeatMun/Form 7_default/OTC_Application_Reg/Page_PERKESO/5.button_Setuju' is clicked on

2019-02-18 16:51:35 - [MESSAGE][PASSED] - Object: 'Object Repository/KeatMun/Form 7_default/OTC_Application_Reg/Page_PERKESO/5.button_Setuju' is clicked on

2019-02-18 16:51:35 - [TEST_STEP][PASSED] - delay(2): Delayed 2 second(s)

2019-02-18 16:51:37 - [MESSAGE][PASSED] - Delayed 2 second(s)

2019-02-18 16:51:37 - [TEST_STEP][PASSED] - IC = "950000140036": null

2019-02-18 16:51:37 - [TEST_STEP][PASSED] - setText(findTestObject("KeatMun/Form 7_default/OTC_Application_Reg/Page_PERKESO/6.No. Kad Pengenalan"), IC): Text '950000140036' is set on object 'Object Repository/KeatMun/Form 7_default/OTC_Application_Reg/Page_PERKESO/6.No. Kad Pengenalan'

2019-02-18 16:51:42 - [MESSAGE][PASSED] - Text '950000140036' is set on object 'Object Repository/KeatMun/Form 7_default/OTC_Application_Reg/Page_PERKESO/6.No. Kad Pengenalan'

2019-02-18 16:51:42 - [TEST_STEP][PASSED] - callTestCase(findTestCase("All TC/Arranged/1. Common/1.2 Setter/Setter IC"), [:], STOP_ON_FAILURE): Call Test Case 'Test Cases/All TC/Arranged/1. Common/1.2 Setter/Setter IC' successfully

2019-02-18 16:51:42 - [TEST_CASE][PASSED] - Test Cases/All TC/Arranged/1. Common/1.2 Setter/Setter IC: Test Cases/All TC/Arranged/1. Common/1.2 Setter/Setter IC

2019-02-18 16:51:42 - [TEST_STEP][PASSED] - RefNoOldFile = new java.io.File((internal.GlobalVariable.TextFilePathCommon + \getIC.txt)): null

2019-02-18 16:51:42 - [TEST_STEP][PASSED] - RefNoOldFile.delete(): null

2019-02-18 16:51:42 - [TEST_STEP][PASSED] - delay(5): Delayed 5 second(s)

2019-02-18 16:51:47 - [MESSAGE][PASSED] - Delayed 5 second(s)

2019-02-18 16:51:47 - [TEST_STEP][PASSED] - RefNo = new java.io.File((internal.GlobalVariable.TextFilePathCommon + \getIC.txt)): null

2019-02-18 16:51:47 - [TEST_STEP][PASSED] - f2 = new java.io.FileWriter(RefNo, false): null

2019-02-18 16:51:47 - [TEST_STEP][PASSED] - f2.write(IC): null

2019-02-18 16:51:47 - [TEST_STEP][PASSED] - f2.close(): null

2019-02-18 16:51:47 - [TEST_STEP][PASSED] - out.println("


" + IC + "


"): null

2019-02-18 16:51:47 - [MESSAGE][PASSED] - Call Test Case 'Test Cases/All TC/Arranged/1. Common/1.2 Setter/Setter IC' successfully

2019-02-18 16:51:47 - [TEST_STEP][PASSED] - delay(2): Delayed 2 second(s)

2019-02-18 16:51:49 - [MESSAGE][PASSED] - Delayed 2 second(s)

2019-02-18 16:51:49 - [TEST_STEP][PASSED] - click(findTestObject("KeatMun/Form 7_default/OTC_Application_Reg/Page_PERKESO/7.button_Semak")): Object: 'Object Repository/KeatMun/Form 7_default/OTC_Application_Reg/Page_PERKESO/7.button_Semak' is clicked on

2019-02-18 16:51:51 - [MESSAGE][PASSED] - Object: 'Object Repository/KeatMun/Form 7_default/OTC_Application_Reg/Page_PERKESO/7.button_Semak' is clicked on

2019-02-18 16:51:51 - [TEST_STEP][PASSED] - delay(4): Delayed 4 second(s)

2019-02-18 16:51:55 - [MESSAGE][PASSED] - Delayed 4 second(s)

2019-02-18 16:51:55 - [TEST_STEP][PASSED] - click(findTestObject("KeatMun/Form 7_default/OTC_Application_Reg/Page_PERKESO/8. Nama Majikan Dropdown")): Object: 'Object Repository/KeatMun/Form 7_default/OTC_Application_Reg/Page_PERKESO/8. Nama Majikan Dropdown' is clicked on

2019-02-18 16:51:57 - [MESSAGE][PASSED] - Object: 'Object Repository/KeatMun/Form 7_default/OTC_Application_Reg/Page_PERKESO/8. Nama Majikan Dropdown' is clicked on

2019-02-18 16:51:57 - [TEST_STEP][PASSED] - setText(findTestObject("KeatMun/Form 7_default/OTC_Application_Reg/Page_PERKESO/8. LOE emp"), "mon"): Text 'mon' is set on object 'Object Repository/KeatMun/Form 7_default/OTC_Application_Reg/Page_PERKESO/8. LOE emp'

2019-02-18 16:52:01 - [MESSAGE][PASSED] - Text 'mon' is set on object 'Object Repository/KeatMun/Form 7_default/OTC_Application_Reg/Page_PERKESO/8. LOE emp'

2019-02-18 16:52:01 - [TEST_STEP][PASSED] - click(findTestObject("KeatMun/Form 7_default/OTC_Application_Reg/Page_PERKESO/8. MONSOON MOTEL")): Object: 'Object Repository/KeatMun/Form 7_default/OTC_Application_Reg/Page_PERKESO/8. MONSOON MOTEL' is clicked on

2019-02-18 16:52:03 - [MESSAGE][PASSED] - Object: 'Object Repository/KeatMun/Form 7_default/OTC_Application_Reg/Page_PERKESO/8. MONSOON MOTEL' is clicked on

2019-02-18 16:52:03 - [TEST_STEP][PASSED] - delay(2): Delayed 2 second(s)

2019-02-18 16:52:05 - [MESSAGE][PASSED] - Delayed 2 second(s)

2019-02-18 16:52:05 - [TEST_STEP][PASSED] - setText(findTestObject("KeatMun/Form 7_default/OTC_Application_Reg/Page_PERKESO/9.Tarikh kehilangan pkj"), "10/01/2019"): Text '10/01/2019' is set on object 'Object Repository/KeatMun/Form 7_default/OTC_Application_Reg/Page_PERKESO/9.Tarikh kehilangan pkj'

2019-02-18 16:52:10 - [MESSAGE][PASSED] - Text '10/01/2019' is set on object 'Object Repository/KeatMun/Form 7_default/OTC_Application_Reg/Page_PERKESO/9.Tarikh kehilangan pkj'

2019-02-18 16:52:10 - [TEST_STEP][PASSED] - delay(2): Delayed 2 second(s)

2019-02-18 16:52:12 - [MESSAGE][PASSED] - Delayed 2 second(s)

2019-02-18 16:52:12 - [TEST_STEP][PASSED] - click(findTestObject("KeatMun/Form 7_default/OTC_Application_Reg/Page_PERKESO/9. Date Picker Done Button ")): Object: 'Object Repository/KeatMun/Form 7_default/OTC_Application_Reg/Page_PERKESO/9. Date Picker Done Button ' is clicked on

2019-02-18 16:52:14 - [MESSAGE][PASSED] - Object: 'Object Repository/KeatMun/Form 7_default/OTC_Application_Reg/Page_PERKESO/9. Date Picker Done Button ' is clicked on

2019-02-18 16:52:14 - [TEST_STEP][PASSED] - delay(2): Delayed 2 second(s)

2019-02-18 16:52:16 - [MESSAGE][PASSED] - Delayed 2 second(s)

2019-02-18 16:52:16 - [TEST_STEP][PASSED] - click(findTestObject("KeatMun/Form 7_default/OTC_Application_Reg/Page_PERKESO/10.button_Mohon")): Object: 'Object Repository/KeatMun/Form 7_default/OTC_Application_Reg/Page_PERKESO/10.button_Mohon' is clicked on

2019-02-18 16:52:18 - [MESSAGE][PASSED] - Object: 'Object Repository/KeatMun/Form 7_default/OTC_Application_Reg/Page_PERKESO/10.button_Mohon' is clicked on

2019-02-18 16:52:18 - [TEST_STEP][PASSED] - delay(2): Delayed 2 second(s)

2019-02-18 16:52:20 - [MESSAGE][PASSED] - Delayed 2 second(s)

2019-02-18 16:52:20 - [TEST_STEP][FAILED] - setText(findTestObject("KeatMun/Form 7_default/OTC_Application_Reg/Page_PERKESO/11.Tarikh Terima_stampedDtS"), "10/01/2019"): setText(findTestObject("KeatMun/Form 7_default/OTC_Application_Reg/Page_PERKESO/11.Tarikh Terima_stampedDtS"), "10/01/2019") FAILED.
Reason:
com.kms.katalon.core.exception.StepFailedException: Unable to set text '10/01/2019' of object 'Object Repository/KeatMun/Form 7_default/OTC_Application_Reg/Page_PERKESO/11.Tarikh Terima_stampedDtS' (Root cause: com.kms.katalon.core.webui.exception.WebElementNotFoundException: Web element with id: 'Object Repository/KeatMun/Form 7_default/OTC_Application_Reg/Page_PERKESO/11.Tarikh Terima_stampedDtS' located by 'By.xpath: //input[@id = 'stampedDtStr' and @name = 'stampedDtStr' and @type = 'text']' not found)
	at com.kms.katalon.core.keyword.internal.KeywordMain.stepFailed(KeywordMain.groovy:36)
	at com.kms.katalon.core.webui.keyword.internal.WebUIKeywordMain.stepFailed(WebUIKeywordMain.groovy:65)
	at com.kms.katalon.core.webui.keyword.internal.WebUIKeywordMain.runKeyword(WebUIKeywordMain.groovy:27)
	at com.kms.katalon.core.webui.keyword.builtin.SetTextKeyword.setText(SetTextKeyword.groovy:65)
	at com.kms.katalon.core.webui.keyword.builtin.SetTextKeyword.execute(SetTextKeyword.groovy:37)
	at com.kms.katalon.core.keyword.internal.KeywordExecutor.executeKeywordForPlatform(KeywordExecutor.groovy:53)
	at com.kms.katalon.core.webui.keyword.WebUiBuiltInKeywords.setText(WebUiBuiltInKeywords.groovy:950)
	at com.kms.katalon.core.webui.keyword.WebUiBuiltInKeywords$setText$1.call(Unknown Source)
	at OTC_Application_Reg.run(OTC_Application_Reg:74)
	at com.kms.katalon.core.main.ScriptEngine.run(ScriptEngine.java:194)
	at com.kms.katalon.core.main.ScriptEngine.runScriptAsRawText(ScriptEngine.java:119)
	at com.kms.katalon.core.main.TestCaseExecutor.runScript(TestCaseExecutor.java:328)
	at com.kms.katalon.core.main.TestCaseExecutor.doExecute(TestCaseExecutor.java:319)
	at com.kms.katalon.core.main.TestCaseExecutor.processExecutionPhase(TestCaseExecutor.java:298)
	at com.kms.katalon.core.main.TestCaseExecutor.accessMainPhase(TestCaseExecutor.java:290)
	at com.kms.katalon.core.main.TestCaseExecutor.execute(TestCaseExecutor.java:224)
	at com.kms.katalon.core.main.TestCaseMain.runTestCase(TestCaseMain.java:106)
	at com.kms.katalon.core.keyword.builtin.CallTestCaseKeyword$_callTestCase_closure1.doCall(CallTestCaseKeyword.groovy:59)
	at com.kms.katalon.core.keyword.builtin.CallTestCaseKeyword$_callTestCase_closure1.call(CallTestCaseKeyword.groovy)
	at com.kms.katalon.core.keyword.internal.KeywordMain.runKeyword(KeywordMain.groovy:54)
	at com.kms.katalon.core.keyword.builtin.CallTestCaseKeyword.callTestCase(CallTestCaseKeyword.groovy:80)
	at com.kms.katalon.core.keyword.builtin.CallTestCaseKeyword.execute(CallTestCaseKeyword.groovy:44)
	at com.kms.katalon.core.keyword.internal.KeywordExecutor.executeKeywordForPlatform(KeywordExecutor.groovy:53)
	at com.kms.katalon.core.keyword.BuiltinKeywords.callTestCase(BuiltinKeywords.groovy:334)
	at OTC_Submit Form 7_End to End - Cheque.run(OTC_Submit Form 7_End to End - Cheque:16)
	at com.kms.katalon.core.main.ScriptEngine.run(ScriptEngine.java:194)
	at com.kms.katalon.core.main.ScriptEngine.runScriptAsRawText(ScriptEngine.java:119)
	at com.kms.katalon.core.main.TestCaseExecutor.runScript(TestCaseExecutor.java:328)
	at com.kms.katalon.core.main.TestCaseExecutor.doExecute(TestCaseExecutor.java:319)
	at com.kms.katalon.core.main.TestCaseExecutor.processExecutionPhase(TestCaseExecutor.java:298)
	at com.kms.katalon.core.main.TestCaseExecutor.accessMainPhase(TestCaseExecutor.java:290)
	at com.kms.katalon.core.main.TestCaseExecutor.execute(TestCaseExecutor.java:224)
	at com.kms.katalon.core.main.TestCaseMain.runTestCase(TestCaseMain.java:106)
	at com.kms.katalon.core.keyword.builtin.CallTestCaseKeyword$_callTestCase_closure1.doCall(CallTestCaseKeyword.groovy:59)
	at com.kms.katalon.core.keyword.builtin.CallTestCaseKeyword$_callTestCase_closure1.call(CallTestCaseKeyword.groovy)
	at com.kms.katalon.core.keyword.internal.KeywordMain.runKeyword(KeywordMain.groovy:54)
	at com.kms.katalon.core.keyword.builtin.CallTestCaseKeyword.callTestCase(CallTestCaseKeyword.groovy:80)
	at com.kms.katalon.core.keyword.builtin.CallTestCaseKeyword.execute(CallTestCaseKeyword.groovy:44)
	at com.kms.katalon.core.keyword.internal.KeywordExecutor.executeKeywordForPlatform(KeywordExecutor.groovy:53)
	at com.kms.katalon.core.keyword.BuiltinKeywords.callTestCase(BuiltinKeywords.groovy:334)
	at Approve Claim - RIA.run(Approve Claim - RIA:16)
	at com.kms.katalon.core.main.ScriptEngine.run(ScriptEngine.java:194)
	at com.kms.katalon.core.main.ScriptEngine.runScriptAsRawText(ScriptEngine.java:119)
	at com.kms.katalon.core.main.TestCaseExecutor.runScript(TestCaseExecutor.java:328)
	at com.kms.katalon.core.main.TestCaseExecutor.doExecute(TestCaseExecutor.java:319)
	at com.kms.katalon.core.main.TestCaseExecutor.processExecutionPhase(TestCaseExecutor.java:298)
	at com.kms.katalon.core.main.TestCaseExecutor.accessMainPhase(TestCaseExecutor.java:290)
	at com.kms.katalon.core.main.TestCaseExecutor.execute(TestCaseExecutor.java:224)
	at com.kms.katalon.core.main.TestSuiteExecutor.accessTestCaseMainPhase(TestSuiteExecutor.java:129)
	at com.kms.katalon.core.main.TestSuiteExecutor.accessTestSuiteMainPhase(TestSuiteExecutor.java:112)
	at com.kms.katalon.core.main.TestSuiteExecutor.execute(TestSuiteExecutor.java:81)
	at com.kms.katalon.core.main.TestCaseMain.startTestSuite(TestCaseMain.java:149)
	at com.kms.katalon.core.main.TestCaseMain$startTestSuite$0.call(Unknown Source)
	at TempTestSuite1550476757023.run(TempTestSuite1550476757023.groovy:36)


2019-02-18 16:52:50 - [MESSAGE][INFO] - Unable to find the element located by 'By.xpath: //input[@id = 'stampedDtStr' and @name = 'stampedDtStr' and @type = 'text']'. Please recheck the objects properties to make sure the desired element is located. 

2019-02-18 16:52:52 - [MESSAGE][FAILED] - Unable to set text '10/01/2019' of object 'Object Repository/KeatMun/Form 7_default/OTC_Application_Reg/Page_PERKESO/11.Tarikh Terima_stampedDtS' (Root cause: com.kms.katalon.core.webui.exception.WebElementNotFoundException: Web element with id: 'Object Repository/KeatMun/Form 7_default/OTC_Application_Reg/Page_PERKESO/11.Tarikh Terima_stampedDtS' located by 'By.xpath: //input[@id = 'stampedDtStr' and @name = 'stampedDtStr' and @type = 'text']' not found)
[[ATTACHMENT|C:\\Users\\Admin\\Documents\\GitHub\\PKSKatalon\\PKS-EI-ES\\Reports\\New Test Suite\\20190218_155917\\1550479970785.png]]

2019-02-18 16:52:52 - [MESSAGE][FAILED] - setText(findTestObject("KeatMun/Form 7_default/OTC_Application_Reg/Page_PERKESO/11.Tarikh Terima_stampedDtS"), "10/01/2019") FAILED.
Reason:
com.kms.katalon.core.exception.StepFailedException: Unable to set text '10/01/2019' of object 'Object Repository/KeatMun/Form 7_default/OTC_Application_Reg/Page_PERKESO/11.Tarikh Terima_stampedDtS' (Root cause: com.kms.katalon.core.webui.exception.WebElementNotFoundException: Web element with id: 'Object Repository/KeatMun/Form 7_default/OTC_Application_Reg/Page_PERKESO/11.Tarikh Terima_stampedDtS' located by 'By.xpath: //input[@id = 'stampedDtStr' and @name = 'stampedDtStr' and @type = 'text']' not found)
	at com.kms.katalon.core.keyword.internal.KeywordMain.stepFailed(KeywordMain.groovy:36)
	at com.kms.katalon.core.webui.keyword.internal.WebUIKeywordMain.stepFailed(WebUIKeywordMain.groovy:65)
	at com.kms.katalon.core.webui.keyword.internal.WebUIKeywordMain.runKeyword(WebUIKeywordMain.groovy:27)
	at com.kms.katalon.core.webui.keyword.builtin.SetTextKeyword.setText(SetTextKeyword.groovy:65)
	at com.kms.katalon.core.webui.keyword.builtin.SetTextKeyword.execute(SetTextKeyword.groovy:37)
	at com.kms.katalon.core.keyword.internal.KeywordExecutor.executeKeywordForPlatform(KeywordExecutor.groovy:53)
	at com.kms.katalon.core.webui.keyword.WebUiBuiltInKeywords.setText(WebUiBuiltInKeywords.groovy:950)
	at com.kms.katalon.core.webui.keyword.WebUiBuiltInKeywords$setText$1.call(Unknown Source)
	at OTC_Application_Reg.run(OTC_Application_Reg:74)
	at com.kms.katalon.core.main.ScriptEngine.run(ScriptEngine.java:194)
	at com.kms.katalon.core.main.ScriptEngine.runScriptAsRawText(ScriptEngine.java:119)
	at com.kms.katalon.core.main.TestCaseExecutor.runScript(TestCaseExecutor.java:328)
	at com.kms.katalon.core.main.TestCaseExecutor.doExecute(TestCaseExecutor.java:319)
	at com.kms.katalon.core.main.TestCaseExecutor.processExecutionPhase(TestCaseExecutor.java:298)
	at com.kms.katalon.core.main.TestCaseExecutor.accessMainPhase(TestCaseExecutor.java:290)
	at com.kms.katalon.core.main.TestCaseExecutor.execute(TestCaseExecutor.java:224)
	at com.kms.katalon.core.main.TestCaseMain.runTestCase(TestCaseMain.java:106)
	at com.kms.katalon.core.keyword.builtin.CallTestCaseKeyword$_callTestCase_closure1.doCall(CallTestCaseKeyword.groovy:59)
	at com.kms.katalon.core.keyword.builtin.CallTestCaseKeyword$_callTestCase_closure1.call(CallTestCaseKeyword.groovy)
	at com.kms.katalon.core.keyword.internal.KeywordMain.runKeyword(KeywordMain.groovy:54)
	at com.kms.katalon.core.keyword.builtin.CallTestCaseKeyword.callTestCase(CallTestCaseKeyword.groovy:80)
	at com.kms.katalon.core.keyword.builtin.CallTestCaseKeyword.execute(CallTestCaseKeyword.groovy:44)
	at com.kms.katalon.core.keyword.internal.KeywordExecutor.executeKeywordForPlatform(KeywordExecutor.groovy:53)
	at com.kms.katalon.core.keyword.BuiltinKeywords.callTestCase(BuiltinKeywords.groovy:334)
	at OTC_Submit Form 7_End to End - Cheque.run(OTC_Submit Form 7_End to End - Cheque:16)
	at com.kms.katalon.core.main.ScriptEngine.run(ScriptEngine.java:194)
	at com.kms.katalon.core.main.ScriptEngine.runScriptAsRawText(ScriptEngine.java:119)
	at com.kms.katalon.core.main.TestCaseExecutor.runScript(TestCaseExecutor.java:328)
	at com.kms.katalon.core.main.TestCaseExecutor.doExecute(TestCaseExecutor.java:319)
	at com.kms.katalon.core.main.TestCaseExecutor.processExecutionPhase(TestCaseExecutor.java:298)
	at com.kms.katalon.core.main.TestCaseExecutor.accessMainPhase(TestCaseExecutor.java:290)
	at com.kms.katalon.core.main.TestCaseExecutor.execute(TestCaseExecutor.java:224)
	at com.kms.katalon.core.main.TestCaseMain.runTestCase(TestCaseMain.java:106)
	at com.kms.katalon.core.keyword.builtin.CallTestCaseKeyword$_callTestCase_closure1.doCall(CallTestCaseKeyword.groovy:59)
	at com.kms.katalon.core.keyword.builtin.CallTestCaseKeyword$_callTestCase_closure1.call(CallTestCaseKeyword.groovy)
	at com.kms.katalon.core.keyword.internal.KeywordMain.runKeyword(KeywordMain.groovy:54)
	at com.kms.katalon.core.keyword.builtin.CallTestCaseKeyword.callTestCase(CallTestCaseKeyword.groovy:80)
	at com.kms.katalon.core.keyword.builtin.CallTestCaseKeyword.execute(CallTestCaseKeyword.groovy:44)
	at com.kms.katalon.core.keyword.internal.KeywordExecutor.executeKeywordForPlatform(KeywordExecutor.groovy:53)
	at com.kms.katalon.core.keyword.BuiltinKeywords.callTestCase(BuiltinKeywords.groovy:334)
	at Approve Claim - RIA.run(Approve Claim - RIA:16)
	at com.kms.katalon.core.main.ScriptEngine.run(ScriptEngine.java:194)
	at com.kms.katalon.core.main.ScriptEngine.runScriptAsRawText(ScriptEngine.java:119)
	at com.kms.katalon.core.main.TestCaseExecutor.runScript(TestCaseExecutor.java:328)
	at com.kms.katalon.core.main.TestCaseExecutor.doExecute(TestCaseExecutor.java:319)
	at com.kms.katalon.core.main.TestCaseExecutor.processExecutionPhase(TestCaseExecutor.java:298)
	at com.kms.katalon.core.main.TestCaseExecutor.accessMainPhase(TestCaseExecutor.java:290)
	at com.kms.katalon.core.main.TestCaseExecutor.execute(TestCaseExecutor.java:224)
	at com.kms.katalon.core.main.TestSuiteExecutor.accessTestCaseMainPhase(TestSuiteExecutor.java:129)
	at com.kms.katalon.core.main.TestSuiteExecutor.accessTestSuiteMainPhase(TestSuiteExecutor.java:112)
	at com.kms.katalon.core.main.TestSuiteExecutor.execute(TestSuiteExecutor.java:81)
	at com.kms.katalon.core.main.TestCaseMain.startTestSuite(TestCaseMain.java:149)
	at com.kms.katalon.core.main.TestCaseMain$startTestSuite$0.call(Unknown Source)
	at TempTestSuite1550476757023.run(TempTestSuite1550476757023.groovy:36)


2019-02-18 16:52:52 - [MESSAGE][FAILED] - Unable to call Test Case 'Test Cases/All TC/Arranged/3. Unit/EI/Form 7_default/OTC_Application_Reg' (Root cause: com.kms.katalon.core.exception.StepFailedException: Call Test Case 'Test Cases/All TC/Arranged/3. Unit/EI/Form 7_default/OTC_Application_Reg' failed)

2019-02-18 16:52:52 - [MESSAGE][FAILED] - callTestCase(findTestCase("All TC/Arranged/3. Unit/EI/Form 7_default/OTC_Application_Reg"), [:], STOP_ON_FAILURE) FAILED.
Reason:
com.kms.katalon.core.exception.StepFailedException: Unable to set text '10/01/2019' of object 'Object Repository/KeatMun/Form 7_default/OTC_Application_Reg/Page_PERKESO/11.Tarikh Terima_stampedDtS' (Root cause: com.kms.katalon.core.webui.exception.WebElementNotFoundException: Web element with id: 'Object Repository/KeatMun/Form 7_default/OTC_Application_Reg/Page_PERKESO/11.Tarikh Terima_stampedDtS' located by 'By.xpath: //input[@id = 'stampedDtStr' and @name = 'stampedDtStr' and @type = 'text']' not found)
	at com.kms.katalon.core.keyword.internal.KeywordMain.stepFailed(KeywordMain.groovy:36)
	at com.kms.katalon.core.webui.keyword.internal.WebUIKeywordMain.stepFailed(WebUIKeywordMain.groovy:65)
	at com.kms.katalon.core.webui.keyword.internal.WebUIKeywordMain.runKeyword(WebUIKeywordMain.groovy:27)
	at com.kms.katalon.core.webui.keyword.builtin.SetTextKeyword.setText(SetTextKeyword.groovy:65)
	at com.kms.katalon.core.webui.keyword.builtin.SetTextKeyword.execute(SetTextKeyword.groovy:37)
	at com.kms.katalon.core.keyword.internal.KeywordExecutor.executeKeywordForPlatform(KeywordExecutor.groovy:53)
	at com.kms.katalon.core.webui.keyword.WebUiBuiltInKeywords.setText(WebUiBuiltInKeywords.groovy:950)
	at com.kms.katalon.core.webui.keyword.WebUiBuiltInKeywords$setText$1.call(Unknown Source)
	at OTC_Application_Reg.run(OTC_Application_Reg:74)
	at com.kms.katalon.core.main.ScriptEngine.run(ScriptEngine.java:194)
	at com.kms.katalon.core.main.ScriptEngine.runScriptAsRawText(ScriptEngine.java:119)
	at com.kms.katalon.core.main.TestCaseExecutor.runScript(TestCaseExecutor.java:328)
	at com.kms.katalon.core.main.TestCaseExecutor.doExecute(TestCaseExecutor.java:319)
	at com.kms.katalon.core.main.TestCaseExecutor.processExecutionPhase(TestCaseExecutor.java:298)
	at com.kms.katalon.core.main.TestCaseExecutor.accessMainPhase(TestCaseExecutor.java:290)
	at com.kms.katalon.core.main.TestCaseExecutor.execute(TestCaseExecutor.java:224)
	at com.kms.katalon.core.main.TestCaseMain.runTestCase(TestCaseMain.java:106)
	at com.kms.katalon.core.keyword.builtin.CallTestCaseKeyword$_callTestCase_closure1.doCall(CallTestCaseKeyword.groovy:59)
	at com.kms.katalon.core.keyword.builtin.CallTestCaseKeyword$_callTestCase_closure1.call(CallTestCaseKeyword.groovy)
	at com.kms.katalon.core.keyword.internal.KeywordMain.runKeyword(KeywordMain.groovy:54)
	at com.kms.katalon.core.keyword.builtin.CallTestCaseKeyword.callTestCase(CallTestCaseKeyword.groovy:80)
	at com.kms.katalon.core.keyword.builtin.CallTestCaseKeyword.execute(CallTestCaseKeyword.groovy:44)
	at com.kms.katalon.core.keyword.internal.KeywordExecutor.executeKeywordForPlatform(KeywordExecutor.groovy:53)
	at com.kms.katalon.core.keyword.BuiltinKeywords.callTestCase(BuiltinKeywords.groovy:334)
	at OTC_Submit Form 7_End to End - Cheque.run(OTC_Submit Form 7_End to End - Cheque:16)
	at com.kms.katalon.core.main.ScriptEngine.run(ScriptEngine.java:194)
	at com.kms.katalon.core.main.ScriptEngine.runScriptAsRawText(ScriptEngine.java:119)
	at com.kms.katalon.core.main.TestCaseExecutor.runScript(TestCaseExecutor.java:328)
	at com.kms.katalon.core.main.TestCaseExecutor.doExecute(TestCaseExecutor.java:319)
	at com.kms.katalon.core.main.TestCaseExecutor.processExecutionPhase(TestCaseExecutor.java:298)
	at com.kms.katalon.core.main.TestCaseExecutor.accessMainPhase(TestCaseExecutor.java:290)
	at com.kms.katalon.core.main.TestCaseExecutor.execute(TestCaseExecutor.java:224)
	at com.kms.katalon.core.main.TestCaseMain.runTestCase(TestCaseMain.java:106)
	at com.kms.katalon.core.keyword.builtin.CallTestCaseKeyword$_callTestCase_closure1.doCall(CallTestCaseKeyword.groovy:59)
	at com.kms.katalon.core.keyword.builtin.CallTestCaseKeyword$_callTestCase_closure1.call(CallTestCaseKeyword.groovy)
	at com.kms.katalon.core.keyword.internal.KeywordMain.runKeyword(KeywordMain.groovy:54)
	at com.kms.katalon.core.keyword.builtin.CallTestCaseKeyword.callTestCase(CallTestCaseKeyword.groovy:80)
	at com.kms.katalon.core.keyword.builtin.CallTestCaseKeyword.execute(CallTestCaseKeyword.groovy:44)
	at com.kms.katalon.core.keyword.internal.KeywordExecutor.executeKeywordForPlatform(KeywordExecutor.groovy:53)
	at com.kms.katalon.core.keyword.BuiltinKeywords.callTestCase(BuiltinKeywords.groovy:334)
	at Approve Claim - RIA.run(Approve Claim - RIA:16)
	at com.kms.katalon.core.main.ScriptEngine.run(ScriptEngine.java:194)
	at com.kms.katalon.core.main.ScriptEngine.runScriptAsRawText(ScriptEngine.java:119)
	at com.kms.katalon.core.main.TestCaseExecutor.runScript(TestCaseExecutor.java:328)
	at com.kms.katalon.core.main.TestCaseExecutor.doExecute(TestCaseExecutor.java:319)
	at com.kms.katalon.core.main.TestCaseExecutor.processExecutionPhase(TestCaseExecutor.java:298)
	at com.kms.katalon.core.main.TestCaseExecutor.accessMainPhase(TestCaseExecutor.java:290)
	at com.kms.katalon.core.main.TestCaseExecutor.execute(TestCaseExecutor.java:224)
	at com.kms.katalon.core.main.TestSuiteExecutor.accessTestCaseMainPhase(TestSuiteExecutor.java:129)
	at com.kms.katalon.core.main.TestSuiteExecutor.accessTestSuiteMainPhase(TestSuiteExecutor.java:112)
	at com.kms.katalon.core.main.TestSuiteExecutor.execute(TestSuiteExecutor.java:81)
	at com.kms.katalon.core.main.TestCaseMain.startTestSuite(TestCaseMain.java:149)
	at com.kms.katalon.core.main.TestCaseMain$startTestSuite$0.call(Unknown Source)
	at TempTestSuite1550476757023.run(TempTestSuite1550476757023.groovy:36)


2019-02-18 16:52:53 - [MESSAGE][FAILED] - Unable to call Test Case 'Test Cases/All TC/Arranged/2. Segment/OTC_Submit Form 7_End to End - Cheque' (Root cause: com.kms.katalon.core.exception.StepFailedException: Call Test Case 'Test Cases/All TC/Arranged/2. Segment/OTC_Submit Form 7_End to End - Cheque' failed)

2019-02-18 16:52:53 - [MESSAGE][FAILED] - callTestCase(findTestCase("All TC/Arranged/2. Segment/OTC_Submit Form 7_End to End - Cheque"), [:], STOP_ON_FAILURE) FAILED.
Reason:
com.kms.katalon.core.exception.StepFailedException: Unable to set text '10/01/2019' of object 'Object Repository/KeatMun/Form 7_default/OTC_Application_Reg/Page_PERKESO/11.Tarikh Terima_stampedDtS' (Root cause: com.kms.katalon.core.webui.exception.WebElementNotFoundException: Web element with id: 'Object Repository/KeatMun/Form 7_default/OTC_Application_Reg/Page_PERKESO/11.Tarikh Terima_stampedDtS' located by 'By.xpath: //input[@id = 'stampedDtStr' and @name = 'stampedDtStr' and @type = 'text']' not found)
	at com.kms.katalon.core.keyword.internal.KeywordMain.stepFailed(KeywordMain.groovy:36)
	at com.kms.katalon.core.webui.keyword.internal.WebUIKeywordMain.stepFailed(WebUIKeywordMain.groovy:65)
	at com.kms.katalon.core.webui.keyword.internal.WebUIKeywordMain.runKeyword(WebUIKeywordMain.groovy:27)
	at com.kms.katalon.core.webui.keyword.builtin.SetTextKeyword.setText(SetTextKeyword.groovy:65)
	at com.kms.katalon.core.webui.keyword.builtin.SetTextKeyword.execute(SetTextKeyword.groovy:37)
	at com.kms.katalon.core.keyword.internal.KeywordExecutor.executeKeywordForPlatform(KeywordExecutor.groovy:53)
	at com.kms.katalon.core.webui.keyword.WebUiBuiltInKeywords.setText(WebUiBuiltInKeywords.groovy:950)
	at com.kms.katalon.core.webui.keyword.WebUiBuiltInKeywords$setText$1.call(Unknown Source)
	at OTC_Application_Reg.run(OTC_Application_Reg:74)
	at com.kms.katalon.core.main.ScriptEngine.run(ScriptEngine.java:194)
	at com.kms.katalon.core.main.ScriptEngine.runScriptAsRawText(ScriptEngine.java:119)
	at com.kms.katalon.core.main.TestCaseExecutor.runScript(TestCaseExecutor.java:328)
	at com.kms.katalon.core.main.TestCaseExecutor.doExecute(TestCaseExecutor.java:319)
	at com.kms.katalon.core.main.TestCaseExecutor.processExecutionPhase(TestCaseExecutor.java:298)
	at com.kms.katalon.core.main.TestCaseExecutor.accessMainPhase(TestCaseExecutor.java:290)
	at com.kms.katalon.core.main.TestCaseExecutor.execute(TestCaseExecutor.java:224)
	at com.kms.katalon.core.main.TestCaseMain.runTestCase(TestCaseMain.java:106)
	at com.kms.katalon.core.keyword.builtin.CallTestCaseKeyword$_callTestCase_closure1.doCall(CallTestCaseKeyword.groovy:59)
	at com.kms.katalon.core.keyword.builtin.CallTestCaseKeyword$_callTestCase_closure1.call(CallTestCaseKeyword.groovy)
	at com.kms.katalon.core.keyword.internal.KeywordMain.runKeyword(KeywordMain.groovy:54)
	at com.kms.katalon.core.keyword.builtin.CallTestCaseKeyword.callTestCase(CallTestCaseKeyword.groovy:80)
	at com.kms.katalon.core.keyword.builtin.CallTestCaseKeyword.execute(CallTestCaseKeyword.groovy:44)
	at com.kms.katalon.core.keyword.internal.KeywordExecutor.executeKeywordForPlatform(KeywordExecutor.groovy:53)
	at com.kms.katalon.core.keyword.BuiltinKeywords.callTestCase(BuiltinKeywords.groovy:334)
	at OTC_Submit Form 7_End to End - Cheque.run(OTC_Submit Form 7_End to End - Cheque:16)
	at com.kms.katalon.core.main.ScriptEngine.run(ScriptEngine.java:194)
	at com.kms.katalon.core.main.ScriptEngine.runScriptAsRawText(ScriptEngine.java:119)
	at com.kms.katalon.core.main.TestCaseExecutor.runScript(TestCaseExecutor.java:328)
	at com.kms.katalon.core.main.TestCaseExecutor.doExecute(TestCaseExecutor.java:319)
	at com.kms.katalon.core.main.TestCaseExecutor.processExecutionPhase(TestCaseExecutor.java:298)
	at com.kms.katalon.core.main.TestCaseExecutor.accessMainPhase(TestCaseExecutor.java:290)
	at com.kms.katalon.core.main.TestCaseExecutor.execute(TestCaseExecutor.java:224)
	at com.kms.katalon.core.main.TestCaseMain.runTestCase(TestCaseMain.java:106)
	at com.kms.katalon.core.keyword.builtin.CallTestCaseKeyword$_callTestCase_closure1.doCall(CallTestCaseKeyword.groovy:59)
	at com.kms.katalon.core.keyword.builtin.CallTestCaseKeyword$_callTestCase_closure1.call(CallTestCaseKeyword.groovy)
	at com.kms.katalon.core.keyword.internal.KeywordMain.runKeyword(KeywordMain.groovy:54)
	at com.kms.katalon.core.keyword.builtin.CallTestCaseKeyword.callTestCase(CallTestCaseKeyword.groovy:80)
	at com.kms.katalon.core.keyword.builtin.CallTestCaseKeyword.execute(CallTestCaseKeyword.groovy:44)
	at com.kms.katalon.core.keyword.internal.KeywordExecutor.executeKeywordForPlatform(KeywordExecutor.groovy:53)
	at com.kms.katalon.core.keyword.BuiltinKeywords.callTestCase(BuiltinKeywords.groovy:334)
	at Approve Claim - RIA.run(Approve Claim - RIA:16)
	at com.kms.katalon.core.main.ScriptEngine.run(ScriptEngine.java:194)
	at com.kms.katalon.core.main.ScriptEngine.runScriptAsRawText(ScriptEngine.java:119)
	at com.kms.katalon.core.main.TestCaseExecutor.runScript(TestCaseExecutor.java:328)
	at com.kms.katalon.core.main.TestCaseExecutor.doExecute(TestCaseExecutor.java:319)
	at com.kms.katalon.core.main.TestCaseExecutor.processExecutionPhase(TestCaseExecutor.java:298)
	at com.kms.katalon.core.main.TestCaseExecutor.accessMainPhase(TestCaseExecutor.java:290)
	at com.kms.katalon.core.main.TestCaseExecutor.execute(TestCaseExecutor.java:224)
	at com.kms.katalon.core.main.TestSuiteExecutor.accessTestCaseMainPhase(TestSuiteExecutor.java:129)
	at com.kms.katalon.core.main.TestSuiteExecutor.accessTestSuiteMainPhase(TestSuiteExecutor.java:112)
	at com.kms.katalon.core.main.TestSuiteExecutor.execute(TestSuiteExecutor.java:81)
	at com.kms.katalon.core.main.TestCaseMain.startTestSuite(TestCaseMain.java:149)
	at com.kms.katalon.core.main.TestCaseMain$startTestSuite$0.call(Unknown Source)
	at TempTestSuite1550476757023.run(TempTestSuite1550476757023.groovy:36)]]></system-out>
         <system-err><![CDATA[2019-02-18 16:51:01 - [TEST_CASE][FAILED] - Test Cases/All TC/Arranged/0. Full Flow/Approve Claim - RIA: Test Cases/All TC/Arranged/0. Full Flow/Approve Claim - RIA FAILED.
Reason:
com.kms.katalon.core.exception.StepFailedException: Unable to set text '10/01/2019' of object 'Object Repository/KeatMun/Form 7_default/OTC_Application_Reg/Page_PERKESO/11.Tarikh Terima_stampedDtS' (Root cause: com.kms.katalon.core.webui.exception.WebElementNotFoundException: Web element with id: 'Object Repository/KeatMun/Form 7_default/OTC_Application_Reg/Page_PERKESO/11.Tarikh Terima_stampedDtS' located by 'By.xpath: //input[@id = 'stampedDtStr' and @name = 'stampedDtStr' and @type = 'text']' not found)
	at com.kms.katalon.core.keyword.internal.KeywordMain.stepFailed(KeywordMain.groovy:36)
	at com.kms.katalon.core.webui.keyword.internal.WebUIKeywordMain.stepFailed(WebUIKeywordMain.groovy:65)
	at com.kms.katalon.core.webui.keyword.internal.WebUIKeywordMain.runKeyword(WebUIKeywordMain.groovy:27)
	at com.kms.katalon.core.webui.keyword.builtin.SetTextKeyword.setText(SetTextKeyword.groovy:65)
	at com.kms.katalon.core.webui.keyword.builtin.SetTextKeyword.execute(SetTextKeyword.groovy:37)
	at com.kms.katalon.core.keyword.internal.KeywordExecutor.executeKeywordForPlatform(KeywordExecutor.groovy:53)
	at com.kms.katalon.core.webui.keyword.WebUiBuiltInKeywords.setText(WebUiBuiltInKeywords.groovy:950)
	at com.kms.katalon.core.webui.keyword.WebUiBuiltInKeywords$setText$1.call(Unknown Source)
	at OTC_Application_Reg.run(OTC_Application_Reg:74)
	at com.kms.katalon.core.main.ScriptEngine.run(ScriptEngine.java:194)
	at com.kms.katalon.core.main.ScriptEngine.runScriptAsRawText(ScriptEngine.java:119)
	at com.kms.katalon.core.main.TestCaseExecutor.runScript(TestCaseExecutor.java:328)
	at com.kms.katalon.core.main.TestCaseExecutor.doExecute(TestCaseExecutor.java:319)
	at com.kms.katalon.core.main.TestCaseExecutor.processExecutionPhase(TestCaseExecutor.java:298)
	at com.kms.katalon.core.main.TestCaseExecutor.accessMainPhase(TestCaseExecutor.java:290)
	at com.kms.katalon.core.main.TestCaseExecutor.execute(TestCaseExecutor.java:224)
	at com.kms.katalon.core.main.TestCaseMain.runTestCase(TestCaseMain.java:106)
	at com.kms.katalon.core.keyword.builtin.CallTestCaseKeyword$_callTestCase_closure1.doCall(CallTestCaseKeyword.groovy:59)
	at com.kms.katalon.core.keyword.builtin.CallTestCaseKeyword$_callTestCase_closure1.call(CallTestCaseKeyword.groovy)
	at com.kms.katalon.core.keyword.internal.KeywordMain.runKeyword(KeywordMain.groovy:54)
	at com.kms.katalon.core.keyword.builtin.CallTestCaseKeyword.callTestCase(CallTestCaseKeyword.groovy:80)
	at com.kms.katalon.core.keyword.builtin.CallTestCaseKeyword.execute(CallTestCaseKeyword.groovy:44)
	at com.kms.katalon.core.keyword.internal.KeywordExecutor.executeKeywordForPlatform(KeywordExecutor.groovy:53)
	at com.kms.katalon.core.keyword.BuiltinKeywords.callTestCase(BuiltinKeywords.groovy:334)
	at OTC_Submit Form 7_End to End - Cheque.run(OTC_Submit Form 7_End to End - Cheque:16)
	at com.kms.katalon.core.main.ScriptEngine.run(ScriptEngine.java:194)
	at com.kms.katalon.core.main.ScriptEngine.runScriptAsRawText(ScriptEngine.java:119)
	at com.kms.katalon.core.main.TestCaseExecutor.runScript(TestCaseExecutor.java:328)
	at com.kms.katalon.core.main.TestCaseExecutor.doExecute(TestCaseExecutor.java:319)
	at com.kms.katalon.core.main.TestCaseExecutor.processExecutionPhase(TestCaseExecutor.java:298)
	at com.kms.katalon.core.main.TestCaseExecutor.accessMainPhase(TestCaseExecutor.java:290)
	at com.kms.katalon.core.main.TestCaseExecutor.execute(TestCaseExecutor.java:224)
	at com.kms.katalon.core.main.TestCaseMain.runTestCase(TestCaseMain.java:106)
	at com.kms.katalon.core.keyword.builtin.CallTestCaseKeyword$_callTestCase_closure1.doCall(CallTestCaseKeyword.groovy:59)
	at com.kms.katalon.core.keyword.builtin.CallTestCaseKeyword$_callTestCase_closure1.call(CallTestCaseKeyword.groovy)
	at com.kms.katalon.core.keyword.internal.KeywordMain.runKeyword(KeywordMain.groovy:54)
	at com.kms.katalon.core.keyword.builtin.CallTestCaseKeyword.callTestCase(CallTestCaseKeyword.groovy:80)
	at com.kms.katalon.core.keyword.builtin.CallTestCaseKeyword.execute(CallTestCaseKeyword.groovy:44)
	at com.kms.katalon.core.keyword.internal.KeywordExecutor.executeKeywordForPlatform(KeywordExecutor.groovy:53)
	at com.kms.katalon.core.keyword.BuiltinKeywords.callTestCase(BuiltinKeywords.groovy:334)
	at Approve Claim - RIA.run(Approve Claim - RIA:16)
	at com.kms.katalon.core.main.ScriptEngine.run(ScriptEngine.java:194)
	at com.kms.katalon.core.main.ScriptEngine.runScriptAsRawText(ScriptEngine.java:119)
	at com.kms.katalon.core.main.TestCaseExecutor.runScript(TestCaseExecutor.java:328)
	at com.kms.katalon.core.main.TestCaseExecutor.doExecute(TestCaseExecutor.java:319)
	at com.kms.katalon.core.main.TestCaseExecutor.processExecutionPhase(TestCaseExecutor.java:298)
	at com.kms.katalon.core.main.TestCaseExecutor.accessMainPhase(TestCaseExecutor.java:290)
	at com.kms.katalon.core.main.TestCaseExecutor.execute(TestCaseExecutor.java:224)
	at com.kms.katalon.core.main.TestSuiteExecutor.accessTestCaseMainPhase(TestSuiteExecutor.java:129)
	at com.kms.katalon.core.main.TestSuiteExecutor.accessTestSuiteMainPhase(TestSuiteExecutor.java:112)
	at com.kms.katalon.core.main.TestSuiteExecutor.execute(TestSuiteExecutor.java:81)
	at com.kms.katalon.core.main.TestCaseMain.startTestSuite(TestCaseMain.java:149)
	at com.kms.katalon.core.main.TestCaseMain$startTestSuite$0.call(Unknown Source)
	at TempTestSuite1550476757023.run(TempTestSuite1550476757023.groovy:36)]]></system-err>
      </testcase>
      <testcase name="Test Cases/All TC/Arranged/0. Full Flow/Approve Claim - Full - DA EFT" classname="Test Cases/All TC/Arranged/0. Full Flow/Approve Claim - Full - DA EFT" status="FAILED">
         <failure type="FAILED" message="Test Cases/All TC/Arranged/0. Full Flow/Approve Claim - Full - DA EFT FAILED.
Reason:
com.kms.katalon.core.exception.StepFailedException: Unable to set text '10/01/2019' of object 'Object Repository/KeatMun/Form 7_default/OTC_Application_Reg/Page_PERKESO/11.Tarikh Terima_stampedDtS' (Root cause: com.kms.katalon.core.webui.exception.WebElementNotFoundException: Web element with id: 'Object Repository/KeatMun/Form 7_default/OTC_Application_Reg/Page_PERKESO/11.Tarikh Terima_stampedDtS' located by 'By.xpath: //input[@id = 'stampedDtStr' and @name = 'stampedDtStr' and @type = 'text']' not found)
	at com.kms.katalon.core.keyword.internal.KeywordMain.stepFailed(KeywordMain.groovy:36)
	at com.kms.katalon.core.webui.keyword.internal.WebUIKeywordMain.stepFailed(WebUIKeywordMain.groovy:65)
	at com.kms.katalon.core.webui.keyword.internal.WebUIKeywordMain.runKeyword(WebUIKeywordMain.groovy:27)
	at com.kms.katalon.core.webui.keyword.builtin.SetTextKeyword.setText(SetTextKeyword.groovy:65)
	at com.kms.katalon.core.webui.keyword.builtin.SetTextKeyword.execute(SetTextKeyword.groovy:37)
	at com.kms.katalon.core.keyword.internal.KeywordExecutor.executeKeywordForPlatform(KeywordExecutor.groovy:53)
	at com.kms.katalon.core.webui.keyword.WebUiBuiltInKeywords.setText(WebUiBuiltInKeywords.groovy:950)
	at com.kms.katalon.core.webui.keyword.WebUiBuiltInKeywords$setText$1.call(Unknown Source)
	at OTC_Application_Reg.run(OTC_Application_Reg:74)
	at com.kms.katalon.core.main.ScriptEngine.run(ScriptEngine.java:194)
	at com.kms.katalon.core.main.ScriptEngine.runScriptAsRawText(ScriptEngine.java:119)
	at com.kms.katalon.core.main.TestCaseExecutor.runScript(TestCaseExecutor.java:328)
	at com.kms.katalon.core.main.TestCaseExecutor.doExecute(TestCaseExecutor.java:319)
	at com.kms.katalon.core.main.TestCaseExecutor.processExecutionPhase(TestCaseExecutor.java:298)
	at com.kms.katalon.core.main.TestCaseExecutor.accessMainPhase(TestCaseExecutor.java:290)
	at com.kms.katalon.core.main.TestCaseExecutor.execute(TestCaseExecutor.java:224)
	at com.kms.katalon.core.main.TestCaseMain.runTestCase(TestCaseMain.java:106)
	at com.kms.katalon.core.keyword.builtin.CallTestCaseKeyword$_callTestCase_closure1.doCall(CallTestCaseKeyword.groovy:59)
	at com.kms.katalon.core.keyword.builtin.CallTestCaseKeyword$_callTestCase_closure1.call(CallTestCaseKeyword.groovy)
	at com.kms.katalon.core.keyword.internal.KeywordMain.runKeyword(KeywordMain.groovy:54)
	at com.kms.katalon.core.keyword.builtin.CallTestCaseKeyword.callTestCase(CallTestCaseKeyword.groovy:80)
	at com.kms.katalon.core.keyword.builtin.CallTestCaseKeyword.execute(CallTestCaseKeyword.groovy:44)
	at com.kms.katalon.core.keyword.internal.KeywordExecutor.executeKeywordForPlatform(KeywordExecutor.groovy:53)
	at com.kms.katalon.core.keyword.BuiltinKeywords.callTestCase(BuiltinKeywords.groovy:334)
	at OTC_Submit Form 7_End to End - Cheque.run(OTC_Submit Form 7_End to End - Cheque:16)
	at com.kms.katalon.core.main.ScriptEngine.run(ScriptEngine.java:194)
	at com.kms.katalon.core.main.ScriptEngine.runScriptAsRawText(ScriptEngine.java:119)
	at com.kms.katalon.core.main.TestCaseExecutor.runScript(TestCaseExecutor.java:328)
	at com.kms.katalon.core.main.TestCaseExecutor.doExecute(TestCaseExecutor.java:319)
	at com.kms.katalon.core.main.TestCaseExecutor.processExecutionPhase(TestCaseExecutor.java:298)
	at com.kms.katalon.core.main.TestCaseExecutor.accessMainPhase(TestCaseExecutor.java:290)
	at com.kms.katalon.core.main.TestCaseExecutor.execute(TestCaseExecutor.java:224)
	at com.kms.katalon.core.main.TestCaseMain.runTestCase(TestCaseMain.java:106)
	at com.kms.katalon.core.keyword.builtin.CallTestCaseKeyword$_callTestCase_closure1.doCall(CallTestCaseKeyword.groovy:59)
	at com.kms.katalon.core.keyword.builtin.CallTestCaseKeyword$_callTestCase_closure1.call(CallTestCaseKeyword.groovy)
	at com.kms.katalon.core.keyword.internal.KeywordMain.runKeyword(KeywordMain.groovy:54)
	at com.kms.katalon.core.keyword.builtin.CallTestCaseKeyword.callTestCase(CallTestCaseKeyword.groovy:80)
	at com.kms.katalon.core.keyword.builtin.CallTestCaseKeyword.execute(CallTestCaseKeyword.groovy:44)
	at com.kms.katalon.core.keyword.internal.KeywordExecutor.executeKeywordForPlatform(KeywordExecutor.groovy:53)
	at com.kms.katalon.core.keyword.BuiltinKeywords.callTestCase(BuiltinKeywords.groovy:334)
	at Approve Claim - Full - DA EFT.run(Approve Claim - Full - DA EFT:16)
	at com.kms.katalon.core.main.ScriptEngine.run(ScriptEngine.java:194)
	at com.kms.katalon.core.main.ScriptEngine.runScriptAsRawText(ScriptEngine.java:119)
	at com.kms.katalon.core.main.TestCaseExecutor.runScript(TestCaseExecutor.java:328)
	at com.kms.katalon.core.main.TestCaseExecutor.doExecute(TestCaseExecutor.java:319)
	at com.kms.katalon.core.main.TestCaseExecutor.processExecutionPhase(TestCaseExecutor.java:298)
	at com.kms.katalon.core.main.TestCaseExecutor.accessMainPhase(TestCaseExecutor.java:290)
	at com.kms.katalon.core.main.TestCaseExecutor.execute(TestCaseExecutor.java:224)
	at com.kms.katalon.core.main.TestSuiteExecutor.accessTestCaseMainPhase(TestSuiteExecutor.java:129)
	at com.kms.katalon.core.main.TestSuiteExecutor.accessTestSuiteMainPhase(TestSuiteExecutor.java:112)
	at com.kms.katalon.core.main.TestSuiteExecutor.execute(TestSuiteExecutor.java:81)
	at com.kms.katalon.core.main.TestCaseMain.startTestSuite(TestCaseMain.java:149)
	at com.kms.katalon.core.main.TestCaseMain$startTestSuite$0.call(Unknown Source)
	at TempTestSuite1550476757023.run(TempTestSuite1550476757023.groovy:36)
"/>
         <system-out><![CDATA[2019-02-18 16:52:54 - [TEST_CASE][FAILED] - Test Cases/All TC/Arranged/0. Full Flow/Approve Claim - Full - DA EFT: Test Cases/All TC/Arranged/0. Full Flow/Approve Claim - Full - DA EFT FAILED.
Reason:
com.kms.katalon.core.exception.StepFailedException: Unable to set text '10/01/2019' of object 'Object Repository/KeatMun/Form 7_default/OTC_Application_Reg/Page_PERKESO/11.Tarikh Terima_stampedDtS' (Root cause: com.kms.katalon.core.webui.exception.WebElementNotFoundException: Web element with id: 'Object Repository/KeatMun/Form 7_default/OTC_Application_Reg/Page_PERKESO/11.Tarikh Terima_stampedDtS' located by 'By.xpath: //input[@id = 'stampedDtStr' and @name = 'stampedDtStr' and @type = 'text']' not found)
	at com.kms.katalon.core.keyword.internal.KeywordMain.stepFailed(KeywordMain.groovy:36)
	at com.kms.katalon.core.webui.keyword.internal.WebUIKeywordMain.stepFailed(WebUIKeywordMain.groovy:65)
	at com.kms.katalon.core.webui.keyword.internal.WebUIKeywordMain.runKeyword(WebUIKeywordMain.groovy:27)
	at com.kms.katalon.core.webui.keyword.builtin.SetTextKeyword.setText(SetTextKeyword.groovy:65)
	at com.kms.katalon.core.webui.keyword.builtin.SetTextKeyword.execute(SetTextKeyword.groovy:37)
	at com.kms.katalon.core.keyword.internal.KeywordExecutor.executeKeywordForPlatform(KeywordExecutor.groovy:53)
	at com.kms.katalon.core.webui.keyword.WebUiBuiltInKeywords.setText(WebUiBuiltInKeywords.groovy:950)
	at com.kms.katalon.core.webui.keyword.WebUiBuiltInKeywords$setText$1.call(Unknown Source)
	at OTC_Application_Reg.run(OTC_Application_Reg:74)
	at com.kms.katalon.core.main.ScriptEngine.run(ScriptEngine.java:194)
	at com.kms.katalon.core.main.ScriptEngine.runScriptAsRawText(ScriptEngine.java:119)
	at com.kms.katalon.core.main.TestCaseExecutor.runScript(TestCaseExecutor.java:328)
	at com.kms.katalon.core.main.TestCaseExecutor.doExecute(TestCaseExecutor.java:319)
	at com.kms.katalon.core.main.TestCaseExecutor.processExecutionPhase(TestCaseExecutor.java:298)
	at com.kms.katalon.core.main.TestCaseExecutor.accessMainPhase(TestCaseExecutor.java:290)
	at com.kms.katalon.core.main.TestCaseExecutor.execute(TestCaseExecutor.java:224)
	at com.kms.katalon.core.main.TestCaseMain.runTestCase(TestCaseMain.java:106)
	at com.kms.katalon.core.keyword.builtin.CallTestCaseKeyword$_callTestCase_closure1.doCall(CallTestCaseKeyword.groovy:59)
	at com.kms.katalon.core.keyword.builtin.CallTestCaseKeyword$_callTestCase_closure1.call(CallTestCaseKeyword.groovy)
	at com.kms.katalon.core.keyword.internal.KeywordMain.runKeyword(KeywordMain.groovy:54)
	at com.kms.katalon.core.keyword.builtin.CallTestCaseKeyword.callTestCase(CallTestCaseKeyword.groovy:80)
	at com.kms.katalon.core.keyword.builtin.CallTestCaseKeyword.execute(CallTestCaseKeyword.groovy:44)
	at com.kms.katalon.core.keyword.internal.KeywordExecutor.executeKeywordForPlatform(KeywordExecutor.groovy:53)
	at com.kms.katalon.core.keyword.BuiltinKeywords.callTestCase(BuiltinKeywords.groovy:334)
	at OTC_Submit Form 7_End to End - Cheque.run(OTC_Submit Form 7_End to End - Cheque:16)
	at com.kms.katalon.core.main.ScriptEngine.run(ScriptEngine.java:194)
	at com.kms.katalon.core.main.ScriptEngine.runScriptAsRawText(ScriptEngine.java:119)
	at com.kms.katalon.core.main.TestCaseExecutor.runScript(TestCaseExecutor.java:328)
	at com.kms.katalon.core.main.TestCaseExecutor.doExecute(TestCaseExecutor.java:319)
	at com.kms.katalon.core.main.TestCaseExecutor.processExecutionPhase(TestCaseExecutor.java:298)
	at com.kms.katalon.core.main.TestCaseExecutor.accessMainPhase(TestCaseExecutor.java:290)
	at com.kms.katalon.core.main.TestCaseExecutor.execute(TestCaseExecutor.java:224)
	at com.kms.katalon.core.main.TestCaseMain.runTestCase(TestCaseMain.java:106)
	at com.kms.katalon.core.keyword.builtin.CallTestCaseKeyword$_callTestCase_closure1.doCall(CallTestCaseKeyword.groovy:59)
	at com.kms.katalon.core.keyword.builtin.CallTestCaseKeyword$_callTestCase_closure1.call(CallTestCaseKeyword.groovy)
	at com.kms.katalon.core.keyword.internal.KeywordMain.runKeyword(KeywordMain.groovy:54)
	at com.kms.katalon.core.keyword.builtin.CallTestCaseKeyword.callTestCase(CallTestCaseKeyword.groovy:80)
	at com.kms.katalon.core.keyword.builtin.CallTestCaseKeyword.execute(CallTestCaseKeyword.groovy:44)
	at com.kms.katalon.core.keyword.internal.KeywordExecutor.executeKeywordForPlatform(KeywordExecutor.groovy:53)
	at com.kms.katalon.core.keyword.BuiltinKeywords.callTestCase(BuiltinKeywords.groovy:334)
	at Approve Claim - Full - DA EFT.run(Approve Claim - Full - DA EFT:16)
	at com.kms.katalon.core.main.ScriptEngine.run(ScriptEngine.java:194)
	at com.kms.katalon.core.main.ScriptEngine.runScriptAsRawText(ScriptEngine.java:119)
	at com.kms.katalon.core.main.TestCaseExecutor.runScript(TestCaseExecutor.java:328)
	at com.kms.katalon.core.main.TestCaseExecutor.doExecute(TestCaseExecutor.java:319)
	at com.kms.katalon.core.main.TestCaseExecutor.processExecutionPhase(TestCaseExecutor.java:298)
	at com.kms.katalon.core.main.TestCaseExecutor.accessMainPhase(TestCaseExecutor.java:290)
	at com.kms.katalon.core.main.TestCaseExecutor.execute(TestCaseExecutor.java:224)
	at com.kms.katalon.core.main.TestSuiteExecutor.accessTestCaseMainPhase(TestSuiteExecutor.java:129)
	at com.kms.katalon.core.main.TestSuiteExecutor.accessTestSuiteMainPhase(TestSuiteExecutor.java:112)
	at com.kms.katalon.core.main.TestSuiteExecutor.execute(TestSuiteExecutor.java:81)
	at com.kms.katalon.core.main.TestCaseMain.startTestSuite(TestCaseMain.java:149)
	at com.kms.katalon.core.main.TestCaseMain$startTestSuite$0.call(Unknown Source)
	at TempTestSuite1550476757023.run(TempTestSuite1550476757023.groovy:36)


2019-02-18 16:52:54 - [TEST_STEP][FAILED] - callTestCase(findTestCase("All TC/Arranged/2. Segment/OTC_Submit Form 7_End to End - Cheque"), [:], STOP_ON_FAILURE): callTestCase(findTestCase("All TC/Arranged/2. Segment/OTC_Submit Form 7_End to End - Cheque"), [:], STOP_ON_FAILURE) FAILED.
Reason:
com.kms.katalon.core.exception.StepFailedException: Unable to set text '10/01/2019' of object 'Object Repository/KeatMun/Form 7_default/OTC_Application_Reg/Page_PERKESO/11.Tarikh Terima_stampedDtS' (Root cause: com.kms.katalon.core.webui.exception.WebElementNotFoundException: Web element with id: 'Object Repository/KeatMun/Form 7_default/OTC_Application_Reg/Page_PERKESO/11.Tarikh Terima_stampedDtS' located by 'By.xpath: //input[@id = 'stampedDtStr' and @name = 'stampedDtStr' and @type = 'text']' not found)
	at com.kms.katalon.core.keyword.internal.KeywordMain.stepFailed(KeywordMain.groovy:36)
	at com.kms.katalon.core.webui.keyword.internal.WebUIKeywordMain.stepFailed(WebUIKeywordMain.groovy:65)
	at com.kms.katalon.core.webui.keyword.internal.WebUIKeywordMain.runKeyword(WebUIKeywordMain.groovy:27)
	at com.kms.katalon.core.webui.keyword.builtin.SetTextKeyword.setText(SetTextKeyword.groovy:65)
	at com.kms.katalon.core.webui.keyword.builtin.SetTextKeyword.execute(SetTextKeyword.groovy:37)
	at com.kms.katalon.core.keyword.internal.KeywordExecutor.executeKeywordForPlatform(KeywordExecutor.groovy:53)
	at com.kms.katalon.core.webui.keyword.WebUiBuiltInKeywords.setText(WebUiBuiltInKeywords.groovy:950)
	at com.kms.katalon.core.webui.keyword.WebUiBuiltInKeywords$setText$1.call(Unknown Source)
	at OTC_Application_Reg.run(OTC_Application_Reg:74)
	at com.kms.katalon.core.main.ScriptEngine.run(ScriptEngine.java:194)
	at com.kms.katalon.core.main.ScriptEngine.runScriptAsRawText(ScriptEngine.java:119)
	at com.kms.katalon.core.main.TestCaseExecutor.runScript(TestCaseExecutor.java:328)
	at com.kms.katalon.core.main.TestCaseExecutor.doExecute(TestCaseExecutor.java:319)
	at com.kms.katalon.core.main.TestCaseExecutor.processExecutionPhase(TestCaseExecutor.java:298)
	at com.kms.katalon.core.main.TestCaseExecutor.accessMainPhase(TestCaseExecutor.java:290)
	at com.kms.katalon.core.main.TestCaseExecutor.execute(TestCaseExecutor.java:224)
	at com.kms.katalon.core.main.TestCaseMain.runTestCase(TestCaseMain.java:106)
	at com.kms.katalon.core.keyword.builtin.CallTestCaseKeyword$_callTestCase_closure1.doCall(CallTestCaseKeyword.groovy:59)
	at com.kms.katalon.core.keyword.builtin.CallTestCaseKeyword$_callTestCase_closure1.call(CallTestCaseKeyword.groovy)
	at com.kms.katalon.core.keyword.internal.KeywordMain.runKeyword(KeywordMain.groovy:54)
	at com.kms.katalon.core.keyword.builtin.CallTestCaseKeyword.callTestCase(CallTestCaseKeyword.groovy:80)
	at com.kms.katalon.core.keyword.builtin.CallTestCaseKeyword.execute(CallTestCaseKeyword.groovy:44)
	at com.kms.katalon.core.keyword.internal.KeywordExecutor.executeKeywordForPlatform(KeywordExecutor.groovy:53)
	at com.kms.katalon.core.keyword.BuiltinKeywords.callTestCase(BuiltinKeywords.groovy:334)
	at OTC_Submit Form 7_End to End - Cheque.run(OTC_Submit Form 7_End to End - Cheque:16)
	at com.kms.katalon.core.main.ScriptEngine.run(ScriptEngine.java:194)
	at com.kms.katalon.core.main.ScriptEngine.runScriptAsRawText(ScriptEngine.java:119)
	at com.kms.katalon.core.main.TestCaseExecutor.runScript(TestCaseExecutor.java:328)
	at com.kms.katalon.core.main.TestCaseExecutor.doExecute(TestCaseExecutor.java:319)
	at com.kms.katalon.core.main.TestCaseExecutor.processExecutionPhase(TestCaseExecutor.java:298)
	at com.kms.katalon.core.main.TestCaseExecutor.accessMainPhase(TestCaseExecutor.java:290)
	at com.kms.katalon.core.main.TestCaseExecutor.execute(TestCaseExecutor.java:224)
	at com.kms.katalon.core.main.TestCaseMain.runTestCase(TestCaseMain.java:106)
	at com.kms.katalon.core.keyword.builtin.CallTestCaseKeyword$_callTestCase_closure1.doCall(CallTestCaseKeyword.groovy:59)
	at com.kms.katalon.core.keyword.builtin.CallTestCaseKeyword$_callTestCase_closure1.call(CallTestCaseKeyword.groovy)
	at com.kms.katalon.core.keyword.internal.KeywordMain.runKeyword(KeywordMain.groovy:54)
	at com.kms.katalon.core.keyword.builtin.CallTestCaseKeyword.callTestCase(CallTestCaseKeyword.groovy:80)
	at com.kms.katalon.core.keyword.builtin.CallTestCaseKeyword.execute(CallTestCaseKeyword.groovy:44)
	at com.kms.katalon.core.keyword.internal.KeywordExecutor.executeKeywordForPlatform(KeywordExecutor.groovy:53)
	at com.kms.katalon.core.keyword.BuiltinKeywords.callTestCase(BuiltinKeywords.groovy:334)
	at Approve Claim - Full - DA EFT.run(Approve Claim - Full - DA EFT:16)
	at com.kms.katalon.core.main.ScriptEngine.run(ScriptEngine.java:194)
	at com.kms.katalon.core.main.ScriptEngine.runScriptAsRawText(ScriptEngine.java:119)
	at com.kms.katalon.core.main.TestCaseExecutor.runScript(TestCaseExecutor.java:328)
	at com.kms.katalon.core.main.TestCaseExecutor.doExecute(TestCaseExecutor.java:319)
	at com.kms.katalon.core.main.TestCaseExecutor.processExecutionPhase(TestCaseExecutor.java:298)
	at com.kms.katalon.core.main.TestCaseExecutor.accessMainPhase(TestCaseExecutor.java:290)
	at com.kms.katalon.core.main.TestCaseExecutor.execute(TestCaseExecutor.java:224)
	at com.kms.katalon.core.main.TestSuiteExecutor.accessTestCaseMainPhase(TestSuiteExecutor.java:129)
	at com.kms.katalon.core.main.TestSuiteExecutor.accessTestSuiteMainPhase(TestSuiteExecutor.java:112)
	at com.kms.katalon.core.main.TestSuiteExecutor.execute(TestSuiteExecutor.java:81)
	at com.kms.katalon.core.main.TestCaseMain.startTestSuite(TestCaseMain.java:149)
	at com.kms.katalon.core.main.TestCaseMain$startTestSuite$0.call(Unknown Source)
	at TempTestSuite1550476757023.run(TempTestSuite1550476757023.groovy:36)


2019-02-18 16:52:54 - [TEST_CASE][FAILED] - Test Cases/All TC/Arranged/2. Segment/OTC_Submit Form 7_End to End - Cheque: Test Cases/All TC/Arranged/2. Segment/OTC_Submit Form 7_End to End - Cheque FAILED.
Reason:
com.kms.katalon.core.exception.StepFailedException: Unable to set text '10/01/2019' of object 'Object Repository/KeatMun/Form 7_default/OTC_Application_Reg/Page_PERKESO/11.Tarikh Terima_stampedDtS' (Root cause: com.kms.katalon.core.webui.exception.WebElementNotFoundException: Web element with id: 'Object Repository/KeatMun/Form 7_default/OTC_Application_Reg/Page_PERKESO/11.Tarikh Terima_stampedDtS' located by 'By.xpath: //input[@id = 'stampedDtStr' and @name = 'stampedDtStr' and @type = 'text']' not found)
	at com.kms.katalon.core.keyword.internal.KeywordMain.stepFailed(KeywordMain.groovy:36)
	at com.kms.katalon.core.webui.keyword.internal.WebUIKeywordMain.stepFailed(WebUIKeywordMain.groovy:65)
	at com.kms.katalon.core.webui.keyword.internal.WebUIKeywordMain.runKeyword(WebUIKeywordMain.groovy:27)
	at com.kms.katalon.core.webui.keyword.builtin.SetTextKeyword.setText(SetTextKeyword.groovy:65)
	at com.kms.katalon.core.webui.keyword.builtin.SetTextKeyword.execute(SetTextKeyword.groovy:37)
	at com.kms.katalon.core.keyword.internal.KeywordExecutor.executeKeywordForPlatform(KeywordExecutor.groovy:53)
	at com.kms.katalon.core.webui.keyword.WebUiBuiltInKeywords.setText(WebUiBuiltInKeywords.groovy:950)
	at com.kms.katalon.core.webui.keyword.WebUiBuiltInKeywords$setText$1.call(Unknown Source)
	at OTC_Application_Reg.run(OTC_Application_Reg:74)
	at com.kms.katalon.core.main.ScriptEngine.run(ScriptEngine.java:194)
	at com.kms.katalon.core.main.ScriptEngine.runScriptAsRawText(ScriptEngine.java:119)
	at com.kms.katalon.core.main.TestCaseExecutor.runScript(TestCaseExecutor.java:328)
	at com.kms.katalon.core.main.TestCaseExecutor.doExecute(TestCaseExecutor.java:319)
	at com.kms.katalon.core.main.TestCaseExecutor.processExecutionPhase(TestCaseExecutor.java:298)
	at com.kms.katalon.core.main.TestCaseExecutor.accessMainPhase(TestCaseExecutor.java:290)
	at com.kms.katalon.core.main.TestCaseExecutor.execute(TestCaseExecutor.java:224)
	at com.kms.katalon.core.main.TestCaseMain.runTestCase(TestCaseMain.java:106)
	at com.kms.katalon.core.keyword.builtin.CallTestCaseKeyword$_callTestCase_closure1.doCall(CallTestCaseKeyword.groovy:59)
	at com.kms.katalon.core.keyword.builtin.CallTestCaseKeyword$_callTestCase_closure1.call(CallTestCaseKeyword.groovy)
	at com.kms.katalon.core.keyword.internal.KeywordMain.runKeyword(KeywordMain.groovy:54)
	at com.kms.katalon.core.keyword.builtin.CallTestCaseKeyword.callTestCase(CallTestCaseKeyword.groovy:80)
	at com.kms.katalon.core.keyword.builtin.CallTestCaseKeyword.execute(CallTestCaseKeyword.groovy:44)
	at com.kms.katalon.core.keyword.internal.KeywordExecutor.executeKeywordForPlatform(KeywordExecutor.groovy:53)
	at com.kms.katalon.core.keyword.BuiltinKeywords.callTestCase(BuiltinKeywords.groovy:334)
	at OTC_Submit Form 7_End to End - Cheque.run(OTC_Submit Form 7_End to End - Cheque:16)
	at com.kms.katalon.core.main.ScriptEngine.run(ScriptEngine.java:194)
	at com.kms.katalon.core.main.ScriptEngine.runScriptAsRawText(ScriptEngine.java:119)
	at com.kms.katalon.core.main.TestCaseExecutor.runScript(TestCaseExecutor.java:328)
	at com.kms.katalon.core.main.TestCaseExecutor.doExecute(TestCaseExecutor.java:319)
	at com.kms.katalon.core.main.TestCaseExecutor.processExecutionPhase(TestCaseExecutor.java:298)
	at com.kms.katalon.core.main.TestCaseExecutor.accessMainPhase(TestCaseExecutor.java:290)
	at com.kms.katalon.core.main.TestCaseExecutor.execute(TestCaseExecutor.java:224)
	at com.kms.katalon.core.main.TestCaseMain.runTestCase(TestCaseMain.java:106)
	at com.kms.katalon.core.keyword.builtin.CallTestCaseKeyword$_callTestCase_closure1.doCall(CallTestCaseKeyword.groovy:59)
	at com.kms.katalon.core.keyword.builtin.CallTestCaseKeyword$_callTestCase_closure1.call(CallTestCaseKeyword.groovy)
	at com.kms.katalon.core.keyword.internal.KeywordMain.runKeyword(KeywordMain.groovy:54)
	at com.kms.katalon.core.keyword.builtin.CallTestCaseKeyword.callTestCase(CallTestCaseKeyword.groovy:80)
	at com.kms.katalon.core.keyword.builtin.CallTestCaseKeyword.execute(CallTestCaseKeyword.groovy:44)
	at com.kms.katalon.core.keyword.internal.KeywordExecutor.executeKeywordForPlatform(KeywordExecutor.groovy:53)
	at com.kms.katalon.core.keyword.BuiltinKeywords.callTestCase(BuiltinKeywords.groovy:334)
	at Approve Claim - Full - DA EFT.run(Approve Claim - Full - DA EFT:16)
	at com.kms.katalon.core.main.ScriptEngine.run(ScriptEngine.java:194)
	at com.kms.katalon.core.main.ScriptEngine.runScriptAsRawText(ScriptEngine.java:119)
	at com.kms.katalon.core.main.TestCaseExecutor.runScript(TestCaseExecutor.java:328)
	at com.kms.katalon.core.main.TestCaseExecutor.doExecute(TestCaseExecutor.java:319)
	at com.kms.katalon.core.main.TestCaseExecutor.processExecutionPhase(TestCaseExecutor.java:298)
	at com.kms.katalon.core.main.TestCaseExecutor.accessMainPhase(TestCaseExecutor.java:290)
	at com.kms.katalon.core.main.TestCaseExecutor.execute(TestCaseExecutor.java:224)
	at com.kms.katalon.core.main.TestSuiteExecutor.accessTestCaseMainPhase(TestSuiteExecutor.java:129)
	at com.kms.katalon.core.main.TestSuiteExecutor.accessTestSuiteMainPhase(TestSuiteExecutor.java:112)
	at com.kms.katalon.core.main.TestSuiteExecutor.execute(TestSuiteExecutor.java:81)
	at com.kms.katalon.core.main.TestCaseMain.startTestSuite(TestCaseMain.java:149)
	at com.kms.katalon.core.main.TestCaseMain$startTestSuite$0.call(Unknown Source)
	at TempTestSuite1550476757023.run(TempTestSuite1550476757023.groovy:36)


2019-02-18 16:52:54 - [TEST_STEP][FAILED] - callTestCase(findTestCase("All TC/Arranged/3. Unit/EI/Form 7_default/OTC_Application_Reg"), [:], STOP_ON_FAILURE): callTestCase(findTestCase("All TC/Arranged/3. Unit/EI/Form 7_default/OTC_Application_Reg"), [:], STOP_ON_FAILURE) FAILED.
Reason:
com.kms.katalon.core.exception.StepFailedException: Unable to set text '10/01/2019' of object 'Object Repository/KeatMun/Form 7_default/OTC_Application_Reg/Page_PERKESO/11.Tarikh Terima_stampedDtS' (Root cause: com.kms.katalon.core.webui.exception.WebElementNotFoundException: Web element with id: 'Object Repository/KeatMun/Form 7_default/OTC_Application_Reg/Page_PERKESO/11.Tarikh Terima_stampedDtS' located by 'By.xpath: //input[@id = 'stampedDtStr' and @name = 'stampedDtStr' and @type = 'text']' not found)
	at com.kms.katalon.core.keyword.internal.KeywordMain.stepFailed(KeywordMain.groovy:36)
	at com.kms.katalon.core.webui.keyword.internal.WebUIKeywordMain.stepFailed(WebUIKeywordMain.groovy:65)
	at com.kms.katalon.core.webui.keyword.internal.WebUIKeywordMain.runKeyword(WebUIKeywordMain.groovy:27)
	at com.kms.katalon.core.webui.keyword.builtin.SetTextKeyword.setText(SetTextKeyword.groovy:65)
	at com.kms.katalon.core.webui.keyword.builtin.SetTextKeyword.execute(SetTextKeyword.groovy:37)
	at com.kms.katalon.core.keyword.internal.KeywordExecutor.executeKeywordForPlatform(KeywordExecutor.groovy:53)
	at com.kms.katalon.core.webui.keyword.WebUiBuiltInKeywords.setText(WebUiBuiltInKeywords.groovy:950)
	at com.kms.katalon.core.webui.keyword.WebUiBuiltInKeywords$setText$1.call(Unknown Source)
	at OTC_Application_Reg.run(OTC_Application_Reg:74)
	at com.kms.katalon.core.main.ScriptEngine.run(ScriptEngine.java:194)
	at com.kms.katalon.core.main.ScriptEngine.runScriptAsRawText(ScriptEngine.java:119)
	at com.kms.katalon.core.main.TestCaseExecutor.runScript(TestCaseExecutor.java:328)
	at com.kms.katalon.core.main.TestCaseExecutor.doExecute(TestCaseExecutor.java:319)
	at com.kms.katalon.core.main.TestCaseExecutor.processExecutionPhase(TestCaseExecutor.java:298)
	at com.kms.katalon.core.main.TestCaseExecutor.accessMainPhase(TestCaseExecutor.java:290)
	at com.kms.katalon.core.main.TestCaseExecutor.execute(TestCaseExecutor.java:224)
	at com.kms.katalon.core.main.TestCaseMain.runTestCase(TestCaseMain.java:106)
	at com.kms.katalon.core.keyword.builtin.CallTestCaseKeyword$_callTestCase_closure1.doCall(CallTestCaseKeyword.groovy:59)
	at com.kms.katalon.core.keyword.builtin.CallTestCaseKeyword$_callTestCase_closure1.call(CallTestCaseKeyword.groovy)
	at com.kms.katalon.core.keyword.internal.KeywordMain.runKeyword(KeywordMain.groovy:54)
	at com.kms.katalon.core.keyword.builtin.CallTestCaseKeyword.callTestCase(CallTestCaseKeyword.groovy:80)
	at com.kms.katalon.core.keyword.builtin.CallTestCaseKeyword.execute(CallTestCaseKeyword.groovy:44)
	at com.kms.katalon.core.keyword.internal.KeywordExecutor.executeKeywordForPlatform(KeywordExecutor.groovy:53)
	at com.kms.katalon.core.keyword.BuiltinKeywords.callTestCase(BuiltinKeywords.groovy:334)
	at OTC_Submit Form 7_End to End - Cheque.run(OTC_Submit Form 7_End to End - Cheque:16)
	at com.kms.katalon.core.main.ScriptEngine.run(ScriptEngine.java:194)
	at com.kms.katalon.core.main.ScriptEngine.runScriptAsRawText(ScriptEngine.java:119)
	at com.kms.katalon.core.main.TestCaseExecutor.runScript(TestCaseExecutor.java:328)
	at com.kms.katalon.core.main.TestCaseExecutor.doExecute(TestCaseExecutor.java:319)
	at com.kms.katalon.core.main.TestCaseExecutor.processExecutionPhase(TestCaseExecutor.java:298)
	at com.kms.katalon.core.main.TestCaseExecutor.accessMainPhase(TestCaseExecutor.java:290)
	at com.kms.katalon.core.main.TestCaseExecutor.execute(TestCaseExecutor.java:224)
	at com.kms.katalon.core.main.TestCaseMain.runTestCase(TestCaseMain.java:106)
	at com.kms.katalon.core.keyword.builtin.CallTestCaseKeyword$_callTestCase_closure1.doCall(CallTestCaseKeyword.groovy:59)
	at com.kms.katalon.core.keyword.builtin.CallTestCaseKeyword$_callTestCase_closure1.call(CallTestCaseKeyword.groovy)
	at com.kms.katalon.core.keyword.internal.KeywordMain.runKeyword(KeywordMain.groovy:54)
	at com.kms.katalon.core.keyword.builtin.CallTestCaseKeyword.callTestCase(CallTestCaseKeyword.groovy:80)
	at com.kms.katalon.core.keyword.builtin.CallTestCaseKeyword.execute(CallTestCaseKeyword.groovy:44)
	at com.kms.katalon.core.keyword.internal.KeywordExecutor.executeKeywordForPlatform(KeywordExecutor.groovy:53)
	at com.kms.katalon.core.keyword.BuiltinKeywords.callTestCase(BuiltinKeywords.groovy:334)
	at Approve Claim - Full - DA EFT.run(Approve Claim - Full - DA EFT:16)
	at com.kms.katalon.core.main.ScriptEngine.run(ScriptEngine.java:194)
	at com.kms.katalon.core.main.ScriptEngine.runScriptAsRawText(ScriptEngine.java:119)
	at com.kms.katalon.core.main.TestCaseExecutor.runScript(TestCaseExecutor.java:328)
	at com.kms.katalon.core.main.TestCaseExecutor.doExecute(TestCaseExecutor.java:319)
	at com.kms.katalon.core.main.TestCaseExecutor.processExecutionPhase(TestCaseExecutor.java:298)
	at com.kms.katalon.core.main.TestCaseExecutor.accessMainPhase(TestCaseExecutor.java:290)
	at com.kms.katalon.core.main.TestCaseExecutor.execute(TestCaseExecutor.java:224)
	at com.kms.katalon.core.main.TestSuiteExecutor.accessTestCaseMainPhase(TestSuiteExecutor.java:129)
	at com.kms.katalon.core.main.TestSuiteExecutor.accessTestSuiteMainPhase(TestSuiteExecutor.java:112)
	at com.kms.katalon.core.main.TestSuiteExecutor.execute(TestSuiteExecutor.java:81)
	at com.kms.katalon.core.main.TestCaseMain.startTestSuite(TestCaseMain.java:149)
	at com.kms.katalon.core.main.TestCaseMain$startTestSuite$0.call(Unknown Source)
	at TempTestSuite1550476757023.run(TempTestSuite1550476757023.groovy:36)


2019-02-18 16:52:54 - [TEST_CASE][FAILED] - Test Cases/All TC/Arranged/3. Unit/EI/Form 7_default/OTC_Application_Reg: Test Cases/All TC/Arranged/3. Unit/EI/Form 7_default/OTC_Application_Reg FAILED.
Reason:
com.kms.katalon.core.exception.StepFailedException: Unable to set text '10/01/2019' of object 'Object Repository/KeatMun/Form 7_default/OTC_Application_Reg/Page_PERKESO/11.Tarikh Terima_stampedDtS' (Root cause: com.kms.katalon.core.webui.exception.WebElementNotFoundException: Web element with id: 'Object Repository/KeatMun/Form 7_default/OTC_Application_Reg/Page_PERKESO/11.Tarikh Terima_stampedDtS' located by 'By.xpath: //input[@id = 'stampedDtStr' and @name = 'stampedDtStr' and @type = 'text']' not found)
	at com.kms.katalon.core.keyword.internal.KeywordMain.stepFailed(KeywordMain.groovy:36)
	at com.kms.katalon.core.webui.keyword.internal.WebUIKeywordMain.stepFailed(WebUIKeywordMain.groovy:65)
	at com.kms.katalon.core.webui.keyword.internal.WebUIKeywordMain.runKeyword(WebUIKeywordMain.groovy:27)
	at com.kms.katalon.core.webui.keyword.builtin.SetTextKeyword.setText(SetTextKeyword.groovy:65)
	at com.kms.katalon.core.webui.keyword.builtin.SetTextKeyword.execute(SetTextKeyword.groovy:37)
	at com.kms.katalon.core.keyword.internal.KeywordExecutor.executeKeywordForPlatform(KeywordExecutor.groovy:53)
	at com.kms.katalon.core.webui.keyword.WebUiBuiltInKeywords.setText(WebUiBuiltInKeywords.groovy:950)
	at com.kms.katalon.core.webui.keyword.WebUiBuiltInKeywords$setText$1.call(Unknown Source)
	at OTC_Application_Reg.run(OTC_Application_Reg:74)
	at com.kms.katalon.core.main.ScriptEngine.run(ScriptEngine.java:194)
	at com.kms.katalon.core.main.ScriptEngine.runScriptAsRawText(ScriptEngine.java:119)
	at com.kms.katalon.core.main.TestCaseExecutor.runScript(TestCaseExecutor.java:328)
	at com.kms.katalon.core.main.TestCaseExecutor.doExecute(TestCaseExecutor.java:319)
	at com.kms.katalon.core.main.TestCaseExecutor.processExecutionPhase(TestCaseExecutor.java:298)
	at com.kms.katalon.core.main.TestCaseExecutor.accessMainPhase(TestCaseExecutor.java:290)
	at com.kms.katalon.core.main.TestCaseExecutor.execute(TestCaseExecutor.java:224)
	at com.kms.katalon.core.main.TestCaseMain.runTestCase(TestCaseMain.java:106)
	at com.kms.katalon.core.keyword.builtin.CallTestCaseKeyword$_callTestCase_closure1.doCall(CallTestCaseKeyword.groovy:59)
	at com.kms.katalon.core.keyword.builtin.CallTestCaseKeyword$_callTestCase_closure1.call(CallTestCaseKeyword.groovy)
	at com.kms.katalon.core.keyword.internal.KeywordMain.runKeyword(KeywordMain.groovy:54)
	at com.kms.katalon.core.keyword.builtin.CallTestCaseKeyword.callTestCase(CallTestCaseKeyword.groovy:80)
	at com.kms.katalon.core.keyword.builtin.CallTestCaseKeyword.execute(CallTestCaseKeyword.groovy:44)
	at com.kms.katalon.core.keyword.internal.KeywordExecutor.executeKeywordForPlatform(KeywordExecutor.groovy:53)
	at com.kms.katalon.core.keyword.BuiltinKeywords.callTestCase(BuiltinKeywords.groovy:334)
	at OTC_Submit Form 7_End to End - Cheque.run(OTC_Submit Form 7_End to End - Cheque:16)
	at com.kms.katalon.core.main.ScriptEngine.run(ScriptEngine.java:194)
	at com.kms.katalon.core.main.ScriptEngine.runScriptAsRawText(ScriptEngine.java:119)
	at com.kms.katalon.core.main.TestCaseExecutor.runScript(TestCaseExecutor.java:328)
	at com.kms.katalon.core.main.TestCaseExecutor.doExecute(TestCaseExecutor.java:319)
	at com.kms.katalon.core.main.TestCaseExecutor.processExecutionPhase(TestCaseExecutor.java:298)
	at com.kms.katalon.core.main.TestCaseExecutor.accessMainPhase(TestCaseExecutor.java:290)
	at com.kms.katalon.core.main.TestCaseExecutor.execute(TestCaseExecutor.java:224)
	at com.kms.katalon.core.main.TestCaseMain.runTestCase(TestCaseMain.java:106)
	at com.kms.katalon.core.keyword.builtin.CallTestCaseKeyword$_callTestCase_closure1.doCall(CallTestCaseKeyword.groovy:59)
	at com.kms.katalon.core.keyword.builtin.CallTestCaseKeyword$_callTestCase_closure1.call(CallTestCaseKeyword.groovy)
	at com.kms.katalon.core.keyword.internal.KeywordMain.runKeyword(KeywordMain.groovy:54)
	at com.kms.katalon.core.keyword.builtin.CallTestCaseKeyword.callTestCase(CallTestCaseKeyword.groovy:80)
	at com.kms.katalon.core.keyword.builtin.CallTestCaseKeyword.execute(CallTestCaseKeyword.groovy:44)
	at com.kms.katalon.core.keyword.internal.KeywordExecutor.executeKeywordForPlatform(KeywordExecutor.groovy:53)
	at com.kms.katalon.core.keyword.BuiltinKeywords.callTestCase(BuiltinKeywords.groovy:334)
	at Approve Claim - Full - DA EFT.run(Approve Claim - Full - DA EFT:16)
	at com.kms.katalon.core.main.ScriptEngine.run(ScriptEngine.java:194)
	at com.kms.katalon.core.main.ScriptEngine.runScriptAsRawText(ScriptEngine.java:119)
	at com.kms.katalon.core.main.TestCaseExecutor.runScript(TestCaseExecutor.java:328)
	at com.kms.katalon.core.main.TestCaseExecutor.doExecute(TestCaseExecutor.java:319)
	at com.kms.katalon.core.main.TestCaseExecutor.processExecutionPhase(TestCaseExecutor.java:298)
	at com.kms.katalon.core.main.TestCaseExecutor.accessMainPhase(TestCaseExecutor.java:290)
	at com.kms.katalon.core.main.TestCaseExecutor.execute(TestCaseExecutor.java:224)
	at com.kms.katalon.core.main.TestSuiteExecutor.accessTestCaseMainPhase(TestSuiteExecutor.java:129)
	at com.kms.katalon.core.main.TestSuiteExecutor.accessTestSuiteMainPhase(TestSuiteExecutor.java:112)
	at com.kms.katalon.core.main.TestSuiteExecutor.execute(TestSuiteExecutor.java:81)
	at com.kms.katalon.core.main.TestCaseMain.startTestSuite(TestCaseMain.java:149)
	at com.kms.katalon.core.main.TestCaseMain$startTestSuite$0.call(Unknown Source)
	at TempTestSuite1550476757023.run(TempTestSuite1550476757023.groovy:36)


2019-02-18 16:52:54 - [TEST_STEP][PASSED] - openBrowser(""): Browser is opened with url: ''

2019-02-18 16:52:54 - [MESSAGE][WARNING] - A browser is already opened. Closing browser and opening a new one

2019-02-18 16:52:56 - [MESSAGE][INFO] - Starting 'Chrome' driver

2019-02-18 16:52:56 - [MESSAGE][INFO] - User set preference: ['args', '[--start-maximized]']

2019-02-18 16:53:00 - [MESSAGE][PASSED] - Browser is opened with url: ''

2019-02-18 16:53:00 - [TEST_STEP][PASSED] - navigateToUrl(Internal_Login): Navigate to 'http://10.20.24.188/eisportal/user/login' successfully

2019-02-18 16:53:02 - [MESSAGE][PASSED] - Navigate to 'http://10.20.24.188/eisportal/user/login' successfully

2019-02-18 16:53:02 - [TEST_STEP][PASSED] - delay(3): Delayed 3 second(s)

2019-02-18 16:53:05 - [MESSAGE][PASSED] - Delayed 3 second(s)

2019-02-18 16:53:05 - [TEST_STEP][PASSED] - setText(findTestObject("KeatMun/Form 7_default/OTC_Application_Reg/Page_PERKESO/1.username"), "faizal.hamid@perkeso.gov.my"): Text 'faizal.hamid@perkeso.gov.my' is set on object 'Object Repository/KeatMun/Form 7_default/OTC_Application_Reg/Page_PERKESO/1.username'

2019-02-18 16:53:09 - [MESSAGE][PASSED] - Text 'faizal.hamid@perkeso.gov.my' is set on object 'Object Repository/KeatMun/Form 7_default/OTC_Application_Reg/Page_PERKESO/1.username'

2019-02-18 16:53:09 - [TEST_STEP][PASSED] - delay(1): Delayed 1 second(s)

2019-02-18 16:53:10 - [MESSAGE][PASSED] - Delayed 1 second(s)

2019-02-18 16:53:10 - [TEST_STEP][PASSED] - setEncryptedText(findTestObject("KeatMun/Form 7_default/OTC_Application_Reg/Page_PERKESO/2.password"), "CQqwFZlbeC8="): Text ****** has been set on object 'Object Repository/KeatMun/Form 7_default/OTC_Application_Reg/Page_PERKESO/2.password'

2019-02-18 16:53:13 - [MESSAGE][PASSED] - Text ****** has been set on object 'Object Repository/KeatMun/Form 7_default/OTC_Application_Reg/Page_PERKESO/2.password'

2019-02-18 16:53:13 - [TEST_STEP][PASSED] - delay(2): Delayed 2 second(s)

2019-02-18 16:53:15 - [MESSAGE][PASSED] - Delayed 2 second(s)

2019-02-18 16:53:15 - [TEST_STEP][PASSED] - click(findTestObject("KeatMun/Form 7_default/OTC_Application_Reg/Page_PERKESO/3.login button")): Object: 'Object Repository/KeatMun/Form 7_default/OTC_Application_Reg/Page_PERKESO/3.login button' is clicked on

2019-02-18 16:53:18 - [MESSAGE][PASSED] - Object: 'Object Repository/KeatMun/Form 7_default/OTC_Application_Reg/Page_PERKESO/3.login button' is clicked on

2019-02-18 16:53:18 - [TEST_STEP][PASSED] - delay(2): Delayed 2 second(s)

2019-02-18 16:53:20 - [MESSAGE][PASSED] - Delayed 2 second(s)

2019-02-18 16:53:20 - [TEST_STEP][PASSED] - click(findTestObject("KeatMun/Form 7_default/OTC_Application_Reg/Page_PERKESO/4. Permohonan tab")): Object: 'Object Repository/KeatMun/Form 7_default/OTC_Application_Reg/Page_PERKESO/4. Permohonan tab' is clicked on

2019-02-18 16:53:23 - [MESSAGE][PASSED] - Object: 'Object Repository/KeatMun/Form 7_default/OTC_Application_Reg/Page_PERKESO/4. Permohonan tab' is clicked on

2019-02-18 16:53:23 - [TEST_STEP][PASSED] - delay(2): Delayed 2 second(s)

2019-02-18 16:53:25 - [MESSAGE][PASSED] - Delayed 2 second(s)

2019-02-18 16:53:25 - [TEST_STEP][PASSED] - click(findTestObject("KeatMun/Form 7_default/OTC_Application_Reg/Page_PERKESO/5.button_Setuju")): Object: 'Object Repository/KeatMun/Form 7_default/OTC_Application_Reg/Page_PERKESO/5.button_Setuju' is clicked on

2019-02-18 16:53:28 - [MESSAGE][PASSED] - Object: 'Object Repository/KeatMun/Form 7_default/OTC_Application_Reg/Page_PERKESO/5.button_Setuju' is clicked on

2019-02-18 16:53:28 - [TEST_STEP][PASSED] - delay(2): Delayed 2 second(s)

2019-02-18 16:53:30 - [MESSAGE][PASSED] - Delayed 2 second(s)

2019-02-18 16:53:30 - [TEST_STEP][PASSED] - IC = "950000140036": null

2019-02-18 16:53:30 - [TEST_STEP][PASSED] - setText(findTestObject("KeatMun/Form 7_default/OTC_Application_Reg/Page_PERKESO/6.No. Kad Pengenalan"), IC): Text '950000140036' is set on object 'Object Repository/KeatMun/Form 7_default/OTC_Application_Reg/Page_PERKESO/6.No. Kad Pengenalan'

2019-02-18 16:53:34 - [MESSAGE][PASSED] - Text '950000140036' is set on object 'Object Repository/KeatMun/Form 7_default/OTC_Application_Reg/Page_PERKESO/6.No. Kad Pengenalan'

2019-02-18 16:53:34 - [TEST_STEP][PASSED] - callTestCase(findTestCase("All TC/Arranged/1. Common/1.2 Setter/Setter IC"), [:], STOP_ON_FAILURE): Call Test Case 'Test Cases/All TC/Arranged/1. Common/1.2 Setter/Setter IC' successfully

2019-02-18 16:53:34 - [TEST_CASE][PASSED] - Test Cases/All TC/Arranged/1. Common/1.2 Setter/Setter IC: Test Cases/All TC/Arranged/1. Common/1.2 Setter/Setter IC

2019-02-18 16:53:34 - [TEST_STEP][PASSED] - RefNoOldFile = new java.io.File((internal.GlobalVariable.TextFilePathCommon + \getIC.txt)): null

2019-02-18 16:53:34 - [TEST_STEP][PASSED] - RefNoOldFile.delete(): null

2019-02-18 16:53:34 - [TEST_STEP][PASSED] - delay(5): Delayed 5 second(s)

2019-02-18 16:53:39 - [MESSAGE][PASSED] - Delayed 5 second(s)

2019-02-18 16:53:39 - [TEST_STEP][PASSED] - RefNo = new java.io.File((internal.GlobalVariable.TextFilePathCommon + \getIC.txt)): null

2019-02-18 16:53:39 - [TEST_STEP][PASSED] - f2 = new java.io.FileWriter(RefNo, false): null

2019-02-18 16:53:39 - [TEST_STEP][PASSED] - f2.write(IC): null

2019-02-18 16:53:39 - [TEST_STEP][PASSED] - f2.close(): null

2019-02-18 16:53:39 - [TEST_STEP][PASSED] - out.println("


" + IC + "


"): null

2019-02-18 16:53:39 - [MESSAGE][PASSED] - Call Test Case 'Test Cases/All TC/Arranged/1. Common/1.2 Setter/Setter IC' successfully

2019-02-18 16:53:39 - [TEST_STEP][PASSED] - delay(2): Delayed 2 second(s)

2019-02-18 16:53:41 - [MESSAGE][PASSED] - Delayed 2 second(s)

2019-02-18 16:53:41 - [TEST_STEP][PASSED] - click(findTestObject("KeatMun/Form 7_default/OTC_Application_Reg/Page_PERKESO/7.button_Semak")): Object: 'Object Repository/KeatMun/Form 7_default/OTC_Application_Reg/Page_PERKESO/7.button_Semak' is clicked on

2019-02-18 16:53:43 - [MESSAGE][PASSED] - Object: 'Object Repository/KeatMun/Form 7_default/OTC_Application_Reg/Page_PERKESO/7.button_Semak' is clicked on

2019-02-18 16:53:43 - [TEST_STEP][PASSED] - delay(4): Delayed 4 second(s)

2019-02-18 16:53:47 - [MESSAGE][PASSED] - Delayed 4 second(s)

2019-02-18 16:53:47 - [TEST_STEP][PASSED] - click(findTestObject("KeatMun/Form 7_default/OTC_Application_Reg/Page_PERKESO/8. Nama Majikan Dropdown")): Object: 'Object Repository/KeatMun/Form 7_default/OTC_Application_Reg/Page_PERKESO/8. Nama Majikan Dropdown' is clicked on

2019-02-18 16:53:49 - [MESSAGE][PASSED] - Object: 'Object Repository/KeatMun/Form 7_default/OTC_Application_Reg/Page_PERKESO/8. Nama Majikan Dropdown' is clicked on

2019-02-18 16:53:49 - [TEST_STEP][PASSED] - setText(findTestObject("KeatMun/Form 7_default/OTC_Application_Reg/Page_PERKESO/8. LOE emp"), "mon"): Text 'mon' is set on object 'Object Repository/KeatMun/Form 7_default/OTC_Application_Reg/Page_PERKESO/8. LOE emp'

2019-02-18 16:53:53 - [MESSAGE][PASSED] - Text 'mon' is set on object 'Object Repository/KeatMun/Form 7_default/OTC_Application_Reg/Page_PERKESO/8. LOE emp'

2019-02-18 16:53:53 - [TEST_STEP][PASSED] - click(findTestObject("KeatMun/Form 7_default/OTC_Application_Reg/Page_PERKESO/8. MONSOON MOTEL")): Object: 'Object Repository/KeatMun/Form 7_default/OTC_Application_Reg/Page_PERKESO/8. MONSOON MOTEL' is clicked on

2019-02-18 16:53:56 - [MESSAGE][PASSED] - Object: 'Object Repository/KeatMun/Form 7_default/OTC_Application_Reg/Page_PERKESO/8. MONSOON MOTEL' is clicked on

2019-02-18 16:53:56 - [TEST_STEP][PASSED] - delay(2): Delayed 2 second(s)

2019-02-18 16:53:58 - [MESSAGE][PASSED] - Delayed 2 second(s)

2019-02-18 16:53:58 - [TEST_STEP][PASSED] - setText(findTestObject("KeatMun/Form 7_default/OTC_Application_Reg/Page_PERKESO/9.Tarikh kehilangan pkj"), "10/01/2019"): Text '10/01/2019' is set on object 'Object Repository/KeatMun/Form 7_default/OTC_Application_Reg/Page_PERKESO/9.Tarikh kehilangan pkj'

2019-02-18 16:54:02 - [MESSAGE][PASSED] - Text '10/01/2019' is set on object 'Object Repository/KeatMun/Form 7_default/OTC_Application_Reg/Page_PERKESO/9.Tarikh kehilangan pkj'

2019-02-18 16:54:02 - [TEST_STEP][PASSED] - delay(2): Delayed 2 second(s)

2019-02-18 16:54:04 - [MESSAGE][PASSED] - Delayed 2 second(s)

2019-02-18 16:54:04 - [TEST_STEP][PASSED] - click(findTestObject("KeatMun/Form 7_default/OTC_Application_Reg/Page_PERKESO/9. Date Picker Done Button ")): Object: 'Object Repository/KeatMun/Form 7_default/OTC_Application_Reg/Page_PERKESO/9. Date Picker Done Button ' is clicked on

2019-02-18 16:54:06 - [MESSAGE][PASSED] - Object: 'Object Repository/KeatMun/Form 7_default/OTC_Application_Reg/Page_PERKESO/9. Date Picker Done Button ' is clicked on

2019-02-18 16:54:06 - [TEST_STEP][PASSED] - delay(2): Delayed 2 second(s)

2019-02-18 16:54:08 - [MESSAGE][PASSED] - Delayed 2 second(s)

2019-02-18 16:54:08 - [TEST_STEP][PASSED] - click(findTestObject("KeatMun/Form 7_default/OTC_Application_Reg/Page_PERKESO/10.button_Mohon")): Object: 'Object Repository/KeatMun/Form 7_default/OTC_Application_Reg/Page_PERKESO/10.button_Mohon' is clicked on

2019-02-18 16:54:10 - [MESSAGE][PASSED] - Object: 'Object Repository/KeatMun/Form 7_default/OTC_Application_Reg/Page_PERKESO/10.button_Mohon' is clicked on

2019-02-18 16:54:10 - [TEST_STEP][PASSED] - delay(2): Delayed 2 second(s)

2019-02-18 16:54:12 - [MESSAGE][PASSED] - Delayed 2 second(s)

2019-02-18 16:54:12 - [TEST_STEP][FAILED] - setText(findTestObject("KeatMun/Form 7_default/OTC_Application_Reg/Page_PERKESO/11.Tarikh Terima_stampedDtS"), "10/01/2019"): setText(findTestObject("KeatMun/Form 7_default/OTC_Application_Reg/Page_PERKESO/11.Tarikh Terima_stampedDtS"), "10/01/2019") FAILED.
Reason:
com.kms.katalon.core.exception.StepFailedException: Unable to set text '10/01/2019' of object 'Object Repository/KeatMun/Form 7_default/OTC_Application_Reg/Page_PERKESO/11.Tarikh Terima_stampedDtS' (Root cause: com.kms.katalon.core.webui.exception.WebElementNotFoundException: Web element with id: 'Object Repository/KeatMun/Form 7_default/OTC_Application_Reg/Page_PERKESO/11.Tarikh Terima_stampedDtS' located by 'By.xpath: //input[@id = 'stampedDtStr' and @name = 'stampedDtStr' and @type = 'text']' not found)
	at com.kms.katalon.core.keyword.internal.KeywordMain.stepFailed(KeywordMain.groovy:36)
	at com.kms.katalon.core.webui.keyword.internal.WebUIKeywordMain.stepFailed(WebUIKeywordMain.groovy:65)
	at com.kms.katalon.core.webui.keyword.internal.WebUIKeywordMain.runKeyword(WebUIKeywordMain.groovy:27)
	at com.kms.katalon.core.webui.keyword.builtin.SetTextKeyword.setText(SetTextKeyword.groovy:65)
	at com.kms.katalon.core.webui.keyword.builtin.SetTextKeyword.execute(SetTextKeyword.groovy:37)
	at com.kms.katalon.core.keyword.internal.KeywordExecutor.executeKeywordForPlatform(KeywordExecutor.groovy:53)
	at com.kms.katalon.core.webui.keyword.WebUiBuiltInKeywords.setText(WebUiBuiltInKeywords.groovy:950)
	at com.kms.katalon.core.webui.keyword.WebUiBuiltInKeywords$setText$1.call(Unknown Source)
	at OTC_Application_Reg.run(OTC_Application_Reg:74)
	at com.kms.katalon.core.main.ScriptEngine.run(ScriptEngine.java:194)
	at com.kms.katalon.core.main.ScriptEngine.runScriptAsRawText(ScriptEngine.java:119)
	at com.kms.katalon.core.main.TestCaseExecutor.runScript(TestCaseExecutor.java:328)
	at com.kms.katalon.core.main.TestCaseExecutor.doExecute(TestCaseExecutor.java:319)
	at com.kms.katalon.core.main.TestCaseExecutor.processExecutionPhase(TestCaseExecutor.java:298)
	at com.kms.katalon.core.main.TestCaseExecutor.accessMainPhase(TestCaseExecutor.java:290)
	at com.kms.katalon.core.main.TestCaseExecutor.execute(TestCaseExecutor.java:224)
	at com.kms.katalon.core.main.TestCaseMain.runTestCase(TestCaseMain.java:106)
	at com.kms.katalon.core.keyword.builtin.CallTestCaseKeyword$_callTestCase_closure1.doCall(CallTestCaseKeyword.groovy:59)
	at com.kms.katalon.core.keyword.builtin.CallTestCaseKeyword$_callTestCase_closure1.call(CallTestCaseKeyword.groovy)
	at com.kms.katalon.core.keyword.internal.KeywordMain.runKeyword(KeywordMain.groovy:54)
	at com.kms.katalon.core.keyword.builtin.CallTestCaseKeyword.callTestCase(CallTestCaseKeyword.groovy:80)
	at com.kms.katalon.core.keyword.builtin.CallTestCaseKeyword.execute(CallTestCaseKeyword.groovy:44)
	at com.kms.katalon.core.keyword.internal.KeywordExecutor.executeKeywordForPlatform(KeywordExecutor.groovy:53)
	at com.kms.katalon.core.keyword.BuiltinKeywords.callTestCase(BuiltinKeywords.groovy:334)
	at OTC_Submit Form 7_End to End - Cheque.run(OTC_Submit Form 7_End to End - Cheque:16)
	at com.kms.katalon.core.main.ScriptEngine.run(ScriptEngine.java:194)
	at com.kms.katalon.core.main.ScriptEngine.runScriptAsRawText(ScriptEngine.java:119)
	at com.kms.katalon.core.main.TestCaseExecutor.runScript(TestCaseExecutor.java:328)
	at com.kms.katalon.core.main.TestCaseExecutor.doExecute(TestCaseExecutor.java:319)
	at com.kms.katalon.core.main.TestCaseExecutor.processExecutionPhase(TestCaseExecutor.java:298)
	at com.kms.katalon.core.main.TestCaseExecutor.accessMainPhase(TestCaseExecutor.java:290)
	at com.kms.katalon.core.main.TestCaseExecutor.execute(TestCaseExecutor.java:224)
	at com.kms.katalon.core.main.TestCaseMain.runTestCase(TestCaseMain.java:106)
	at com.kms.katalon.core.keyword.builtin.CallTestCaseKeyword$_callTestCase_closure1.doCall(CallTestCaseKeyword.groovy:59)
	at com.kms.katalon.core.keyword.builtin.CallTestCaseKeyword$_callTestCase_closure1.call(CallTestCaseKeyword.groovy)
	at com.kms.katalon.core.keyword.internal.KeywordMain.runKeyword(KeywordMain.groovy:54)
	at com.kms.katalon.core.keyword.builtin.CallTestCaseKeyword.callTestCase(CallTestCaseKeyword.groovy:80)
	at com.kms.katalon.core.keyword.builtin.CallTestCaseKeyword.execute(CallTestCaseKeyword.groovy:44)
	at com.kms.katalon.core.keyword.internal.KeywordExecutor.executeKeywordForPlatform(KeywordExecutor.groovy:53)
	at com.kms.katalon.core.keyword.BuiltinKeywords.callTestCase(BuiltinKeywords.groovy:334)
	at Approve Claim - Full - DA EFT.run(Approve Claim - Full - DA EFT:16)
	at com.kms.katalon.core.main.ScriptEngine.run(ScriptEngine.java:194)
	at com.kms.katalon.core.main.ScriptEngine.runScriptAsRawText(ScriptEngine.java:119)
	at com.kms.katalon.core.main.TestCaseExecutor.runScript(TestCaseExecutor.java:328)
	at com.kms.katalon.core.main.TestCaseExecutor.doExecute(TestCaseExecutor.java:319)
	at com.kms.katalon.core.main.TestCaseExecutor.processExecutionPhase(TestCaseExecutor.java:298)
	at com.kms.katalon.core.main.TestCaseExecutor.accessMainPhase(TestCaseExecutor.java:290)
	at com.kms.katalon.core.main.TestCaseExecutor.execute(TestCaseExecutor.java:224)
	at com.kms.katalon.core.main.TestSuiteExecutor.accessTestCaseMainPhase(TestSuiteExecutor.java:129)
	at com.kms.katalon.core.main.TestSuiteExecutor.accessTestSuiteMainPhase(TestSuiteExecutor.java:112)
	at com.kms.katalon.core.main.TestSuiteExecutor.execute(TestSuiteExecutor.java:81)
	at com.kms.katalon.core.main.TestCaseMain.startTestSuite(TestCaseMain.java:149)
	at com.kms.katalon.core.main.TestCaseMain$startTestSuite$0.call(Unknown Source)
	at TempTestSuite1550476757023.run(TempTestSuite1550476757023.groovy:36)


2019-02-18 16:54:43 - [MESSAGE][INFO] - Unable to find the element located by 'By.xpath: //input[@id = 'stampedDtStr' and @name = 'stampedDtStr' and @type = 'text']'. Please recheck the objects properties to make sure the desired element is located. 

2019-02-18 16:54:44 - [MESSAGE][FAILED] - Unable to set text '10/01/2019' of object 'Object Repository/KeatMun/Form 7_default/OTC_Application_Reg/Page_PERKESO/11.Tarikh Terima_stampedDtS' (Root cause: com.kms.katalon.core.webui.exception.WebElementNotFoundException: Web element with id: 'Object Repository/KeatMun/Form 7_default/OTC_Application_Reg/Page_PERKESO/11.Tarikh Terima_stampedDtS' located by 'By.xpath: //input[@id = 'stampedDtStr' and @name = 'stampedDtStr' and @type = 'text']' not found)
[[ATTACHMENT|C:\\Users\\Admin\\Documents\\GitHub\\PKSKatalon\\PKS-EI-ES\\Reports\\New Test Suite\\20190218_155917\\1550480083043.png]]

2019-02-18 16:54:44 - [MESSAGE][FAILED] - setText(findTestObject("KeatMun/Form 7_default/OTC_Application_Reg/Page_PERKESO/11.Tarikh Terima_stampedDtS"), "10/01/2019") FAILED.
Reason:
com.kms.katalon.core.exception.StepFailedException: Unable to set text '10/01/2019' of object 'Object Repository/KeatMun/Form 7_default/OTC_Application_Reg/Page_PERKESO/11.Tarikh Terima_stampedDtS' (Root cause: com.kms.katalon.core.webui.exception.WebElementNotFoundException: Web element with id: 'Object Repository/KeatMun/Form 7_default/OTC_Application_Reg/Page_PERKESO/11.Tarikh Terima_stampedDtS' located by 'By.xpath: //input[@id = 'stampedDtStr' and @name = 'stampedDtStr' and @type = 'text']' not found)
	at com.kms.katalon.core.keyword.internal.KeywordMain.stepFailed(KeywordMain.groovy:36)
	at com.kms.katalon.core.webui.keyword.internal.WebUIKeywordMain.stepFailed(WebUIKeywordMain.groovy:65)
	at com.kms.katalon.core.webui.keyword.internal.WebUIKeywordMain.runKeyword(WebUIKeywordMain.groovy:27)
	at com.kms.katalon.core.webui.keyword.builtin.SetTextKeyword.setText(SetTextKeyword.groovy:65)
	at com.kms.katalon.core.webui.keyword.builtin.SetTextKeyword.execute(SetTextKeyword.groovy:37)
	at com.kms.katalon.core.keyword.internal.KeywordExecutor.executeKeywordForPlatform(KeywordExecutor.groovy:53)
	at com.kms.katalon.core.webui.keyword.WebUiBuiltInKeywords.setText(WebUiBuiltInKeywords.groovy:950)
	at com.kms.katalon.core.webui.keyword.WebUiBuiltInKeywords$setText$1.call(Unknown Source)
	at OTC_Application_Reg.run(OTC_Application_Reg:74)
	at com.kms.katalon.core.main.ScriptEngine.run(ScriptEngine.java:194)
	at com.kms.katalon.core.main.ScriptEngine.runScriptAsRawText(ScriptEngine.java:119)
	at com.kms.katalon.core.main.TestCaseExecutor.runScript(TestCaseExecutor.java:328)
	at com.kms.katalon.core.main.TestCaseExecutor.doExecute(TestCaseExecutor.java:319)
	at com.kms.katalon.core.main.TestCaseExecutor.processExecutionPhase(TestCaseExecutor.java:298)
	at com.kms.katalon.core.main.TestCaseExecutor.accessMainPhase(TestCaseExecutor.java:290)
	at com.kms.katalon.core.main.TestCaseExecutor.execute(TestCaseExecutor.java:224)
	at com.kms.katalon.core.main.TestCaseMain.runTestCase(TestCaseMain.java:106)
	at com.kms.katalon.core.keyword.builtin.CallTestCaseKeyword$_callTestCase_closure1.doCall(CallTestCaseKeyword.groovy:59)
	at com.kms.katalon.core.keyword.builtin.CallTestCaseKeyword$_callTestCase_closure1.call(CallTestCaseKeyword.groovy)
	at com.kms.katalon.core.keyword.internal.KeywordMain.runKeyword(KeywordMain.groovy:54)
	at com.kms.katalon.core.keyword.builtin.CallTestCaseKeyword.callTestCase(CallTestCaseKeyword.groovy:80)
	at com.kms.katalon.core.keyword.builtin.CallTestCaseKeyword.execute(CallTestCaseKeyword.groovy:44)
	at com.kms.katalon.core.keyword.internal.KeywordExecutor.executeKeywordForPlatform(KeywordExecutor.groovy:53)
	at com.kms.katalon.core.keyword.BuiltinKeywords.callTestCase(BuiltinKeywords.groovy:334)
	at OTC_Submit Form 7_End to End - Cheque.run(OTC_Submit Form 7_End to End - Cheque:16)
	at com.kms.katalon.core.main.ScriptEngine.run(ScriptEngine.java:194)
	at com.kms.katalon.core.main.ScriptEngine.runScriptAsRawText(ScriptEngine.java:119)
	at com.kms.katalon.core.main.TestCaseExecutor.runScript(TestCaseExecutor.java:328)
	at com.kms.katalon.core.main.TestCaseExecutor.doExecute(TestCaseExecutor.java:319)
	at com.kms.katalon.core.main.TestCaseExecutor.processExecutionPhase(TestCaseExecutor.java:298)
	at com.kms.katalon.core.main.TestCaseExecutor.accessMainPhase(TestCaseExecutor.java:290)
	at com.kms.katalon.core.main.TestCaseExecutor.execute(TestCaseExecutor.java:224)
	at com.kms.katalon.core.main.TestCaseMain.runTestCase(TestCaseMain.java:106)
	at com.kms.katalon.core.keyword.builtin.CallTestCaseKeyword$_callTestCase_closure1.doCall(CallTestCaseKeyword.groovy:59)
	at com.kms.katalon.core.keyword.builtin.CallTestCaseKeyword$_callTestCase_closure1.call(CallTestCaseKeyword.groovy)
	at com.kms.katalon.core.keyword.internal.KeywordMain.runKeyword(KeywordMain.groovy:54)
	at com.kms.katalon.core.keyword.builtin.CallTestCaseKeyword.callTestCase(CallTestCaseKeyword.groovy:80)
	at com.kms.katalon.core.keyword.builtin.CallTestCaseKeyword.execute(CallTestCaseKeyword.groovy:44)
	at com.kms.katalon.core.keyword.internal.KeywordExecutor.executeKeywordForPlatform(KeywordExecutor.groovy:53)
	at com.kms.katalon.core.keyword.BuiltinKeywords.callTestCase(BuiltinKeywords.groovy:334)
	at Approve Claim - Full - DA EFT.run(Approve Claim - Full - DA EFT:16)
	at com.kms.katalon.core.main.ScriptEngine.run(ScriptEngine.java:194)
	at com.kms.katalon.core.main.ScriptEngine.runScriptAsRawText(ScriptEngine.java:119)
	at com.kms.katalon.core.main.TestCaseExecutor.runScript(TestCaseExecutor.java:328)
	at com.kms.katalon.core.main.TestCaseExecutor.doExecute(TestCaseExecutor.java:319)
	at com.kms.katalon.core.main.TestCaseExecutor.processExecutionPhase(TestCaseExecutor.java:298)
	at com.kms.katalon.core.main.TestCaseExecutor.accessMainPhase(TestCaseExecutor.java:290)
	at com.kms.katalon.core.main.TestCaseExecutor.execute(TestCaseExecutor.java:224)
	at com.kms.katalon.core.main.TestSuiteExecutor.accessTestCaseMainPhase(TestSuiteExecutor.java:129)
	at com.kms.katalon.core.main.TestSuiteExecutor.accessTestSuiteMainPhase(TestSuiteExecutor.java:112)
	at com.kms.katalon.core.main.TestSuiteExecutor.execute(TestSuiteExecutor.java:81)
	at com.kms.katalon.core.main.TestCaseMain.startTestSuite(TestCaseMain.java:149)
	at com.kms.katalon.core.main.TestCaseMain$startTestSuite$0.call(Unknown Source)
	at TempTestSuite1550476757023.run(TempTestSuite1550476757023.groovy:36)


2019-02-18 16:54:44 - [MESSAGE][FAILED] - Unable to call Test Case 'Test Cases/All TC/Arranged/3. Unit/EI/Form 7_default/OTC_Application_Reg' (Root cause: com.kms.katalon.core.exception.StepFailedException: Call Test Case 'Test Cases/All TC/Arranged/3. Unit/EI/Form 7_default/OTC_Application_Reg' failed)

2019-02-18 16:54:44 - [MESSAGE][FAILED] - callTestCase(findTestCase("All TC/Arranged/3. Unit/EI/Form 7_default/OTC_Application_Reg"), [:], STOP_ON_FAILURE) FAILED.
Reason:
com.kms.katalon.core.exception.StepFailedException: Unable to set text '10/01/2019' of object 'Object Repository/KeatMun/Form 7_default/OTC_Application_Reg/Page_PERKESO/11.Tarikh Terima_stampedDtS' (Root cause: com.kms.katalon.core.webui.exception.WebElementNotFoundException: Web element with id: 'Object Repository/KeatMun/Form 7_default/OTC_Application_Reg/Page_PERKESO/11.Tarikh Terima_stampedDtS' located by 'By.xpath: //input[@id = 'stampedDtStr' and @name = 'stampedDtStr' and @type = 'text']' not found)
	at com.kms.katalon.core.keyword.internal.KeywordMain.stepFailed(KeywordMain.groovy:36)
	at com.kms.katalon.core.webui.keyword.internal.WebUIKeywordMain.stepFailed(WebUIKeywordMain.groovy:65)
	at com.kms.katalon.core.webui.keyword.internal.WebUIKeywordMain.runKeyword(WebUIKeywordMain.groovy:27)
	at com.kms.katalon.core.webui.keyword.builtin.SetTextKeyword.setText(SetTextKeyword.groovy:65)
	at com.kms.katalon.core.webui.keyword.builtin.SetTextKeyword.execute(SetTextKeyword.groovy:37)
	at com.kms.katalon.core.keyword.internal.KeywordExecutor.executeKeywordForPlatform(KeywordExecutor.groovy:53)
	at com.kms.katalon.core.webui.keyword.WebUiBuiltInKeywords.setText(WebUiBuiltInKeywords.groovy:950)
	at com.kms.katalon.core.webui.keyword.WebUiBuiltInKeywords$setText$1.call(Unknown Source)
	at OTC_Application_Reg.run(OTC_Application_Reg:74)
	at com.kms.katalon.core.main.ScriptEngine.run(ScriptEngine.java:194)
	at com.kms.katalon.core.main.ScriptEngine.runScriptAsRawText(ScriptEngine.java:119)
	at com.kms.katalon.core.main.TestCaseExecutor.runScript(TestCaseExecutor.java:328)
	at com.kms.katalon.core.main.TestCaseExecutor.doExecute(TestCaseExecutor.java:319)
	at com.kms.katalon.core.main.TestCaseExecutor.processExecutionPhase(TestCaseExecutor.java:298)
	at com.kms.katalon.core.main.TestCaseExecutor.accessMainPhase(TestCaseExecutor.java:290)
	at com.kms.katalon.core.main.TestCaseExecutor.execute(TestCaseExecutor.java:224)
	at com.kms.katalon.core.main.TestCaseMain.runTestCase(TestCaseMain.java:106)
	at com.kms.katalon.core.keyword.builtin.CallTestCaseKeyword$_callTestCase_closure1.doCall(CallTestCaseKeyword.groovy:59)
	at com.kms.katalon.core.keyword.builtin.CallTestCaseKeyword$_callTestCase_closure1.call(CallTestCaseKeyword.groovy)
	at com.kms.katalon.core.keyword.internal.KeywordMain.runKeyword(KeywordMain.groovy:54)
	at com.kms.katalon.core.keyword.builtin.CallTestCaseKeyword.callTestCase(CallTestCaseKeyword.groovy:80)
	at com.kms.katalon.core.keyword.builtin.CallTestCaseKeyword.execute(CallTestCaseKeyword.groovy:44)
	at com.kms.katalon.core.keyword.internal.KeywordExecutor.executeKeywordForPlatform(KeywordExecutor.groovy:53)
	at com.kms.katalon.core.keyword.BuiltinKeywords.callTestCase(BuiltinKeywords.groovy:334)
	at OTC_Submit Form 7_End to End - Cheque.run(OTC_Submit Form 7_End to End - Cheque:16)
	at com.kms.katalon.core.main.ScriptEngine.run(ScriptEngine.java:194)
	at com.kms.katalon.core.main.ScriptEngine.runScriptAsRawText(ScriptEngine.java:119)
	at com.kms.katalon.core.main.TestCaseExecutor.runScript(TestCaseExecutor.java:328)
	at com.kms.katalon.core.main.TestCaseExecutor.doExecute(TestCaseExecutor.java:319)
	at com.kms.katalon.core.main.TestCaseExecutor.processExecutionPhase(TestCaseExecutor.java:298)
	at com.kms.katalon.core.main.TestCaseExecutor.accessMainPhase(TestCaseExecutor.java:290)
	at com.kms.katalon.core.main.TestCaseExecutor.execute(TestCaseExecutor.java:224)
	at com.kms.katalon.core.main.TestCaseMain.runTestCase(TestCaseMain.java:106)
	at com.kms.katalon.core.keyword.builtin.CallTestCaseKeyword$_callTestCase_closure1.doCall(CallTestCaseKeyword.groovy:59)
	at com.kms.katalon.core.keyword.builtin.CallTestCaseKeyword$_callTestCase_closure1.call(CallTestCaseKeyword.groovy)
	at com.kms.katalon.core.keyword.internal.KeywordMain.runKeyword(KeywordMain.groovy:54)
	at com.kms.katalon.core.keyword.builtin.CallTestCaseKeyword.callTestCase(CallTestCaseKeyword.groovy:80)
	at com.kms.katalon.core.keyword.builtin.CallTestCaseKeyword.execute(CallTestCaseKeyword.groovy:44)
	at com.kms.katalon.core.keyword.internal.KeywordExecutor.executeKeywordForPlatform(KeywordExecutor.groovy:53)
	at com.kms.katalon.core.keyword.BuiltinKeywords.callTestCase(BuiltinKeywords.groovy:334)
	at Approve Claim - Full - DA EFT.run(Approve Claim - Full - DA EFT:16)
	at com.kms.katalon.core.main.ScriptEngine.run(ScriptEngine.java:194)
	at com.kms.katalon.core.main.ScriptEngine.runScriptAsRawText(ScriptEngine.java:119)
	at com.kms.katalon.core.main.TestCaseExecutor.runScript(TestCaseExecutor.java:328)
	at com.kms.katalon.core.main.TestCaseExecutor.doExecute(TestCaseExecutor.java:319)
	at com.kms.katalon.core.main.TestCaseExecutor.processExecutionPhase(TestCaseExecutor.java:298)
	at com.kms.katalon.core.main.TestCaseExecutor.accessMainPhase(TestCaseExecutor.java:290)
	at com.kms.katalon.core.main.TestCaseExecutor.execute(TestCaseExecutor.java:224)
	at com.kms.katalon.core.main.TestSuiteExecutor.accessTestCaseMainPhase(TestSuiteExecutor.java:129)
	at com.kms.katalon.core.main.TestSuiteExecutor.accessTestSuiteMainPhase(TestSuiteExecutor.java:112)
	at com.kms.katalon.core.main.TestSuiteExecutor.execute(TestSuiteExecutor.java:81)
	at com.kms.katalon.core.main.TestCaseMain.startTestSuite(TestCaseMain.java:149)
	at com.kms.katalon.core.main.TestCaseMain$startTestSuite$0.call(Unknown Source)
	at TempTestSuite1550476757023.run(TempTestSuite1550476757023.groovy:36)


2019-02-18 16:54:45 - [MESSAGE][FAILED] - Unable to call Test Case 'Test Cases/All TC/Arranged/2. Segment/OTC_Submit Form 7_End to End - Cheque' (Root cause: com.kms.katalon.core.exception.StepFailedException: Call Test Case 'Test Cases/All TC/Arranged/2. Segment/OTC_Submit Form 7_End to End - Cheque' failed)

2019-02-18 16:54:45 - [MESSAGE][FAILED] - callTestCase(findTestCase("All TC/Arranged/2. Segment/OTC_Submit Form 7_End to End - Cheque"), [:], STOP_ON_FAILURE) FAILED.
Reason:
com.kms.katalon.core.exception.StepFailedException: Unable to set text '10/01/2019' of object 'Object Repository/KeatMun/Form 7_default/OTC_Application_Reg/Page_PERKESO/11.Tarikh Terima_stampedDtS' (Root cause: com.kms.katalon.core.webui.exception.WebElementNotFoundException: Web element with id: 'Object Repository/KeatMun/Form 7_default/OTC_Application_Reg/Page_PERKESO/11.Tarikh Terima_stampedDtS' located by 'By.xpath: //input[@id = 'stampedDtStr' and @name = 'stampedDtStr' and @type = 'text']' not found)
	at com.kms.katalon.core.keyword.internal.KeywordMain.stepFailed(KeywordMain.groovy:36)
	at com.kms.katalon.core.webui.keyword.internal.WebUIKeywordMain.stepFailed(WebUIKeywordMain.groovy:65)
	at com.kms.katalon.core.webui.keyword.internal.WebUIKeywordMain.runKeyword(WebUIKeywordMain.groovy:27)
	at com.kms.katalon.core.webui.keyword.builtin.SetTextKeyword.setText(SetTextKeyword.groovy:65)
	at com.kms.katalon.core.webui.keyword.builtin.SetTextKeyword.execute(SetTextKeyword.groovy:37)
	at com.kms.katalon.core.keyword.internal.KeywordExecutor.executeKeywordForPlatform(KeywordExecutor.groovy:53)
	at com.kms.katalon.core.webui.keyword.WebUiBuiltInKeywords.setText(WebUiBuiltInKeywords.groovy:950)
	at com.kms.katalon.core.webui.keyword.WebUiBuiltInKeywords$setText$1.call(Unknown Source)
	at OTC_Application_Reg.run(OTC_Application_Reg:74)
	at com.kms.katalon.core.main.ScriptEngine.run(ScriptEngine.java:194)
	at com.kms.katalon.core.main.ScriptEngine.runScriptAsRawText(ScriptEngine.java:119)
	at com.kms.katalon.core.main.TestCaseExecutor.runScript(TestCaseExecutor.java:328)
	at com.kms.katalon.core.main.TestCaseExecutor.doExecute(TestCaseExecutor.java:319)
	at com.kms.katalon.core.main.TestCaseExecutor.processExecutionPhase(TestCaseExecutor.java:298)
	at com.kms.katalon.core.main.TestCaseExecutor.accessMainPhase(TestCaseExecutor.java:290)
	at com.kms.katalon.core.main.TestCaseExecutor.execute(TestCaseExecutor.java:224)
	at com.kms.katalon.core.main.TestCaseMain.runTestCase(TestCaseMain.java:106)
	at com.kms.katalon.core.keyword.builtin.CallTestCaseKeyword$_callTestCase_closure1.doCall(CallTestCaseKeyword.groovy:59)
	at com.kms.katalon.core.keyword.builtin.CallTestCaseKeyword$_callTestCase_closure1.call(CallTestCaseKeyword.groovy)
	at com.kms.katalon.core.keyword.internal.KeywordMain.runKeyword(KeywordMain.groovy:54)
	at com.kms.katalon.core.keyword.builtin.CallTestCaseKeyword.callTestCase(CallTestCaseKeyword.groovy:80)
	at com.kms.katalon.core.keyword.builtin.CallTestCaseKeyword.execute(CallTestCaseKeyword.groovy:44)
	at com.kms.katalon.core.keyword.internal.KeywordExecutor.executeKeywordForPlatform(KeywordExecutor.groovy:53)
	at com.kms.katalon.core.keyword.BuiltinKeywords.callTestCase(BuiltinKeywords.groovy:334)
	at OTC_Submit Form 7_End to End - Cheque.run(OTC_Submit Form 7_End to End - Cheque:16)
	at com.kms.katalon.core.main.ScriptEngine.run(ScriptEngine.java:194)
	at com.kms.katalon.core.main.ScriptEngine.runScriptAsRawText(ScriptEngine.java:119)
	at com.kms.katalon.core.main.TestCaseExecutor.runScript(TestCaseExecutor.java:328)
	at com.kms.katalon.core.main.TestCaseExecutor.doExecute(TestCaseExecutor.java:319)
	at com.kms.katalon.core.main.TestCaseExecutor.processExecutionPhase(TestCaseExecutor.java:298)
	at com.kms.katalon.core.main.TestCaseExecutor.accessMainPhase(TestCaseExecutor.java:290)
	at com.kms.katalon.core.main.TestCaseExecutor.execute(TestCaseExecutor.java:224)
	at com.kms.katalon.core.main.TestCaseMain.runTestCase(TestCaseMain.java:106)
	at com.kms.katalon.core.keyword.builtin.CallTestCaseKeyword$_callTestCase_closure1.doCall(CallTestCaseKeyword.groovy:59)
	at com.kms.katalon.core.keyword.builtin.CallTestCaseKeyword$_callTestCase_closure1.call(CallTestCaseKeyword.groovy)
	at com.kms.katalon.core.keyword.internal.KeywordMain.runKeyword(KeywordMain.groovy:54)
	at com.kms.katalon.core.keyword.builtin.CallTestCaseKeyword.callTestCase(CallTestCaseKeyword.groovy:80)
	at com.kms.katalon.core.keyword.builtin.CallTestCaseKeyword.execute(CallTestCaseKeyword.groovy:44)
	at com.kms.katalon.core.keyword.internal.KeywordExecutor.executeKeywordForPlatform(KeywordExecutor.groovy:53)
	at com.kms.katalon.core.keyword.BuiltinKeywords.callTestCase(BuiltinKeywords.groovy:334)
	at Approve Claim - Full - DA EFT.run(Approve Claim - Full - DA EFT:16)
	at com.kms.katalon.core.main.ScriptEngine.run(ScriptEngine.java:194)
	at com.kms.katalon.core.main.ScriptEngine.runScriptAsRawText(ScriptEngine.java:119)
	at com.kms.katalon.core.main.TestCaseExecutor.runScript(TestCaseExecutor.java:328)
	at com.kms.katalon.core.main.TestCaseExecutor.doExecute(TestCaseExecutor.java:319)
	at com.kms.katalon.core.main.TestCaseExecutor.processExecutionPhase(TestCaseExecutor.java:298)
	at com.kms.katalon.core.main.TestCaseExecutor.accessMainPhase(TestCaseExecutor.java:290)
	at com.kms.katalon.core.main.TestCaseExecutor.execute(TestCaseExecutor.java:224)
	at com.kms.katalon.core.main.TestSuiteExecutor.accessTestCaseMainPhase(TestSuiteExecutor.java:129)
	at com.kms.katalon.core.main.TestSuiteExecutor.accessTestSuiteMainPhase(TestSuiteExecutor.java:112)
	at com.kms.katalon.core.main.TestSuiteExecutor.execute(TestSuiteExecutor.java:81)
	at com.kms.katalon.core.main.TestCaseMain.startTestSuite(TestCaseMain.java:149)
	at com.kms.katalon.core.main.TestCaseMain$startTestSuite$0.call(Unknown Source)
	at TempTestSuite1550476757023.run(TempTestSuite1550476757023.groovy:36)]]></system-out>
         <system-err><![CDATA[2019-02-18 16:52:54 - [TEST_CASE][FAILED] - Test Cases/All TC/Arranged/0. Full Flow/Approve Claim - Full - DA EFT: Test Cases/All TC/Arranged/0. Full Flow/Approve Claim - Full - DA EFT FAILED.
Reason:
com.kms.katalon.core.exception.StepFailedException: Unable to set text '10/01/2019' of object 'Object Repository/KeatMun/Form 7_default/OTC_Application_Reg/Page_PERKESO/11.Tarikh Terima_stampedDtS' (Root cause: com.kms.katalon.core.webui.exception.WebElementNotFoundException: Web element with id: 'Object Repository/KeatMun/Form 7_default/OTC_Application_Reg/Page_PERKESO/11.Tarikh Terima_stampedDtS' located by 'By.xpath: //input[@id = 'stampedDtStr' and @name = 'stampedDtStr' and @type = 'text']' not found)
	at com.kms.katalon.core.keyword.internal.KeywordMain.stepFailed(KeywordMain.groovy:36)
	at com.kms.katalon.core.webui.keyword.internal.WebUIKeywordMain.stepFailed(WebUIKeywordMain.groovy:65)
	at com.kms.katalon.core.webui.keyword.internal.WebUIKeywordMain.runKeyword(WebUIKeywordMain.groovy:27)
	at com.kms.katalon.core.webui.keyword.builtin.SetTextKeyword.setText(SetTextKeyword.groovy:65)
	at com.kms.katalon.core.webui.keyword.builtin.SetTextKeyword.execute(SetTextKeyword.groovy:37)
	at com.kms.katalon.core.keyword.internal.KeywordExecutor.executeKeywordForPlatform(KeywordExecutor.groovy:53)
	at com.kms.katalon.core.webui.keyword.WebUiBuiltInKeywords.setText(WebUiBuiltInKeywords.groovy:950)
	at com.kms.katalon.core.webui.keyword.WebUiBuiltInKeywords$setText$1.call(Unknown Source)
	at OTC_Application_Reg.run(OTC_Application_Reg:74)
	at com.kms.katalon.core.main.ScriptEngine.run(ScriptEngine.java:194)
	at com.kms.katalon.core.main.ScriptEngine.runScriptAsRawText(ScriptEngine.java:119)
	at com.kms.katalon.core.main.TestCaseExecutor.runScript(TestCaseExecutor.java:328)
	at com.kms.katalon.core.main.TestCaseExecutor.doExecute(TestCaseExecutor.java:319)
	at com.kms.katalon.core.main.TestCaseExecutor.processExecutionPhase(TestCaseExecutor.java:298)
	at com.kms.katalon.core.main.TestCaseExecutor.accessMainPhase(TestCaseExecutor.java:290)
	at com.kms.katalon.core.main.TestCaseExecutor.execute(TestCaseExecutor.java:224)
	at com.kms.katalon.core.main.TestCaseMain.runTestCase(TestCaseMain.java:106)
	at com.kms.katalon.core.keyword.builtin.CallTestCaseKeyword$_callTestCase_closure1.doCall(CallTestCaseKeyword.groovy:59)
	at com.kms.katalon.core.keyword.builtin.CallTestCaseKeyword$_callTestCase_closure1.call(CallTestCaseKeyword.groovy)
	at com.kms.katalon.core.keyword.internal.KeywordMain.runKeyword(KeywordMain.groovy:54)
	at com.kms.katalon.core.keyword.builtin.CallTestCaseKeyword.callTestCase(CallTestCaseKeyword.groovy:80)
	at com.kms.katalon.core.keyword.builtin.CallTestCaseKeyword.execute(CallTestCaseKeyword.groovy:44)
	at com.kms.katalon.core.keyword.internal.KeywordExecutor.executeKeywordForPlatform(KeywordExecutor.groovy:53)
	at com.kms.katalon.core.keyword.BuiltinKeywords.callTestCase(BuiltinKeywords.groovy:334)
	at OTC_Submit Form 7_End to End - Cheque.run(OTC_Submit Form 7_End to End - Cheque:16)
	at com.kms.katalon.core.main.ScriptEngine.run(ScriptEngine.java:194)
	at com.kms.katalon.core.main.ScriptEngine.runScriptAsRawText(ScriptEngine.java:119)
	at com.kms.katalon.core.main.TestCaseExecutor.runScript(TestCaseExecutor.java:328)
	at com.kms.katalon.core.main.TestCaseExecutor.doExecute(TestCaseExecutor.java:319)
	at com.kms.katalon.core.main.TestCaseExecutor.processExecutionPhase(TestCaseExecutor.java:298)
	at com.kms.katalon.core.main.TestCaseExecutor.accessMainPhase(TestCaseExecutor.java:290)
	at com.kms.katalon.core.main.TestCaseExecutor.execute(TestCaseExecutor.java:224)
	at com.kms.katalon.core.main.TestCaseMain.runTestCase(TestCaseMain.java:106)
	at com.kms.katalon.core.keyword.builtin.CallTestCaseKeyword$_callTestCase_closure1.doCall(CallTestCaseKeyword.groovy:59)
	at com.kms.katalon.core.keyword.builtin.CallTestCaseKeyword$_callTestCase_closure1.call(CallTestCaseKeyword.groovy)
	at com.kms.katalon.core.keyword.internal.KeywordMain.runKeyword(KeywordMain.groovy:54)
	at com.kms.katalon.core.keyword.builtin.CallTestCaseKeyword.callTestCase(CallTestCaseKeyword.groovy:80)
	at com.kms.katalon.core.keyword.builtin.CallTestCaseKeyword.execute(CallTestCaseKeyword.groovy:44)
	at com.kms.katalon.core.keyword.internal.KeywordExecutor.executeKeywordForPlatform(KeywordExecutor.groovy:53)
	at com.kms.katalon.core.keyword.BuiltinKeywords.callTestCase(BuiltinKeywords.groovy:334)
	at Approve Claim - Full - DA EFT.run(Approve Claim - Full - DA EFT:16)
	at com.kms.katalon.core.main.ScriptEngine.run(ScriptEngine.java:194)
	at com.kms.katalon.core.main.ScriptEngine.runScriptAsRawText(ScriptEngine.java:119)
	at com.kms.katalon.core.main.TestCaseExecutor.runScript(TestCaseExecutor.java:328)
	at com.kms.katalon.core.main.TestCaseExecutor.doExecute(TestCaseExecutor.java:319)
	at com.kms.katalon.core.main.TestCaseExecutor.processExecutionPhase(TestCaseExecutor.java:298)
	at com.kms.katalon.core.main.TestCaseExecutor.accessMainPhase(TestCaseExecutor.java:290)
	at com.kms.katalon.core.main.TestCaseExecutor.execute(TestCaseExecutor.java:224)
	at com.kms.katalon.core.main.TestSuiteExecutor.accessTestCaseMainPhase(TestSuiteExecutor.java:129)
	at com.kms.katalon.core.main.TestSuiteExecutor.accessTestSuiteMainPhase(TestSuiteExecutor.java:112)
	at com.kms.katalon.core.main.TestSuiteExecutor.execute(TestSuiteExecutor.java:81)
	at com.kms.katalon.core.main.TestCaseMain.startTestSuite(TestCaseMain.java:149)
	at com.kms.katalon.core.main.TestCaseMain$startTestSuite$0.call(Unknown Source)
	at TempTestSuite1550476757023.run(TempTestSuite1550476757023.groovy:36)]]></system-err>
      </testcase>
      <testcase name="Test Cases/All TC/Arranged/0. Full Flow/Approve Claim - Full - DA Cheque" classname="Test Cases/All TC/Arranged/0. Full Flow/Approve Claim - Full - DA Cheque" status="FAILED">
         <failure type="FAILED" message="Test Cases/All TC/Arranged/0. Full Flow/Approve Claim - Full - DA Cheque FAILED.
Reason:
com.kms.katalon.core.exception.StepFailedException: Unable to set text '10/01/2019' of object 'Object Repository/KeatMun/Form 7_default/OTC_Application_Reg/Page_PERKESO/11.Tarikh Terima_stampedDtS' (Root cause: com.kms.katalon.core.webui.exception.WebElementNotFoundException: Web element with id: 'Object Repository/KeatMun/Form 7_default/OTC_Application_Reg/Page_PERKESO/11.Tarikh Terima_stampedDtS' located by 'By.xpath: //input[@id = 'stampedDtStr' and @name = 'stampedDtStr' and @type = 'text']' not found)
	at com.kms.katalon.core.keyword.internal.KeywordMain.stepFailed(KeywordMain.groovy:36)
	at com.kms.katalon.core.webui.keyword.internal.WebUIKeywordMain.stepFailed(WebUIKeywordMain.groovy:65)
	at com.kms.katalon.core.webui.keyword.internal.WebUIKeywordMain.runKeyword(WebUIKeywordMain.groovy:27)
	at com.kms.katalon.core.webui.keyword.builtin.SetTextKeyword.setText(SetTextKeyword.groovy:65)
	at com.kms.katalon.core.webui.keyword.builtin.SetTextKeyword.execute(SetTextKeyword.groovy:37)
	at com.kms.katalon.core.keyword.internal.KeywordExecutor.executeKeywordForPlatform(KeywordExecutor.groovy:53)
	at com.kms.katalon.core.webui.keyword.WebUiBuiltInKeywords.setText(WebUiBuiltInKeywords.groovy:950)
	at com.kms.katalon.core.webui.keyword.WebUiBuiltInKeywords$setText$1.call(Unknown Source)
	at OTC_Application_Reg.run(OTC_Application_Reg:74)
	at com.kms.katalon.core.main.ScriptEngine.run(ScriptEngine.java:194)
	at com.kms.katalon.core.main.ScriptEngine.runScriptAsRawText(ScriptEngine.java:119)
	at com.kms.katalon.core.main.TestCaseExecutor.runScript(TestCaseExecutor.java:328)
	at com.kms.katalon.core.main.TestCaseExecutor.doExecute(TestCaseExecutor.java:319)
	at com.kms.katalon.core.main.TestCaseExecutor.processExecutionPhase(TestCaseExecutor.java:298)
	at com.kms.katalon.core.main.TestCaseExecutor.accessMainPhase(TestCaseExecutor.java:290)
	at com.kms.katalon.core.main.TestCaseExecutor.execute(TestCaseExecutor.java:224)
	at com.kms.katalon.core.main.TestCaseMain.runTestCase(TestCaseMain.java:106)
	at com.kms.katalon.core.keyword.builtin.CallTestCaseKeyword$_callTestCase_closure1.doCall(CallTestCaseKeyword.groovy:59)
	at com.kms.katalon.core.keyword.builtin.CallTestCaseKeyword$_callTestCase_closure1.call(CallTestCaseKeyword.groovy)
	at com.kms.katalon.core.keyword.internal.KeywordMain.runKeyword(KeywordMain.groovy:54)
	at com.kms.katalon.core.keyword.builtin.CallTestCaseKeyword.callTestCase(CallTestCaseKeyword.groovy:80)
	at com.kms.katalon.core.keyword.builtin.CallTestCaseKeyword.execute(CallTestCaseKeyword.groovy:44)
	at com.kms.katalon.core.keyword.internal.KeywordExecutor.executeKeywordForPlatform(KeywordExecutor.groovy:53)
	at com.kms.katalon.core.keyword.BuiltinKeywords.callTestCase(BuiltinKeywords.groovy:334)
	at OTC_Submit Form 7_End to End - Cheque.run(OTC_Submit Form 7_End to End - Cheque:16)
	at com.kms.katalon.core.main.ScriptEngine.run(ScriptEngine.java:194)
	at com.kms.katalon.core.main.ScriptEngine.runScriptAsRawText(ScriptEngine.java:119)
	at com.kms.katalon.core.main.TestCaseExecutor.runScript(TestCaseExecutor.java:328)
	at com.kms.katalon.core.main.TestCaseExecutor.doExecute(TestCaseExecutor.java:319)
	at com.kms.katalon.core.main.TestCaseExecutor.processExecutionPhase(TestCaseExecutor.java:298)
	at com.kms.katalon.core.main.TestCaseExecutor.accessMainPhase(TestCaseExecutor.java:290)
	at com.kms.katalon.core.main.TestCaseExecutor.execute(TestCaseExecutor.java:224)
	at com.kms.katalon.core.main.TestCaseMain.runTestCase(TestCaseMain.java:106)
	at com.kms.katalon.core.keyword.builtin.CallTestCaseKeyword$_callTestCase_closure1.doCall(CallTestCaseKeyword.groovy:59)
	at com.kms.katalon.core.keyword.builtin.CallTestCaseKeyword$_callTestCase_closure1.call(CallTestCaseKeyword.groovy)
	at com.kms.katalon.core.keyword.internal.KeywordMain.runKeyword(KeywordMain.groovy:54)
	at com.kms.katalon.core.keyword.builtin.CallTestCaseKeyword.callTestCase(CallTestCaseKeyword.groovy:80)
	at com.kms.katalon.core.keyword.builtin.CallTestCaseKeyword.execute(CallTestCaseKeyword.groovy:44)
	at com.kms.katalon.core.keyword.internal.KeywordExecutor.executeKeywordForPlatform(KeywordExecutor.groovy:53)
	at com.kms.katalon.core.keyword.BuiltinKeywords.callTestCase(BuiltinKeywords.groovy:334)
	at Approve Claim - Full - DA Cheque.run(Approve Claim - Full - DA Cheque:16)
	at com.kms.katalon.core.main.ScriptEngine.run(ScriptEngine.java:194)
	at com.kms.katalon.core.main.ScriptEngine.runScriptAsRawText(ScriptEngine.java:119)
	at com.kms.katalon.core.main.TestCaseExecutor.runScript(TestCaseExecutor.java:328)
	at com.kms.katalon.core.main.TestCaseExecutor.doExecute(TestCaseExecutor.java:319)
	at com.kms.katalon.core.main.TestCaseExecutor.processExecutionPhase(TestCaseExecutor.java:298)
	at com.kms.katalon.core.main.TestCaseExecutor.accessMainPhase(TestCaseExecutor.java:290)
	at com.kms.katalon.core.main.TestCaseExecutor.execute(TestCaseExecutor.java:224)
	at com.kms.katalon.core.main.TestSuiteExecutor.accessTestCaseMainPhase(TestSuiteExecutor.java:129)
	at com.kms.katalon.core.main.TestSuiteExecutor.accessTestSuiteMainPhase(TestSuiteExecutor.java:112)
	at com.kms.katalon.core.main.TestSuiteExecutor.execute(TestSuiteExecutor.java:81)
	at com.kms.katalon.core.main.TestCaseMain.startTestSuite(TestCaseMain.java:149)
	at com.kms.katalon.core.main.TestCaseMain$startTestSuite$0.call(Unknown Source)
	at TempTestSuite1550476757023.run(TempTestSuite1550476757023.groovy:36)
"/>
         <system-out><![CDATA[2019-02-18 16:54:46 - [TEST_CASE][FAILED] - Test Cases/All TC/Arranged/0. Full Flow/Approve Claim - Full - DA Cheque: Test Cases/All TC/Arranged/0. Full Flow/Approve Claim - Full - DA Cheque FAILED.
Reason:
com.kms.katalon.core.exception.StepFailedException: Unable to set text '10/01/2019' of object 'Object Repository/KeatMun/Form 7_default/OTC_Application_Reg/Page_PERKESO/11.Tarikh Terima_stampedDtS' (Root cause: com.kms.katalon.core.webui.exception.WebElementNotFoundException: Web element with id: 'Object Repository/KeatMun/Form 7_default/OTC_Application_Reg/Page_PERKESO/11.Tarikh Terima_stampedDtS' located by 'By.xpath: //input[@id = 'stampedDtStr' and @name = 'stampedDtStr' and @type = 'text']' not found)
	at com.kms.katalon.core.keyword.internal.KeywordMain.stepFailed(KeywordMain.groovy:36)
	at com.kms.katalon.core.webui.keyword.internal.WebUIKeywordMain.stepFailed(WebUIKeywordMain.groovy:65)
	at com.kms.katalon.core.webui.keyword.internal.WebUIKeywordMain.runKeyword(WebUIKeywordMain.groovy:27)
	at com.kms.katalon.core.webui.keyword.builtin.SetTextKeyword.setText(SetTextKeyword.groovy:65)
	at com.kms.katalon.core.webui.keyword.builtin.SetTextKeyword.execute(SetTextKeyword.groovy:37)
	at com.kms.katalon.core.keyword.internal.KeywordExecutor.executeKeywordForPlatform(KeywordExecutor.groovy:53)
	at com.kms.katalon.core.webui.keyword.WebUiBuiltInKeywords.setText(WebUiBuiltInKeywords.groovy:950)
	at com.kms.katalon.core.webui.keyword.WebUiBuiltInKeywords$setText$1.call(Unknown Source)
	at OTC_Application_Reg.run(OTC_Application_Reg:74)
	at com.kms.katalon.core.main.ScriptEngine.run(ScriptEngine.java:194)
	at com.kms.katalon.core.main.ScriptEngine.runScriptAsRawText(ScriptEngine.java:119)
	at com.kms.katalon.core.main.TestCaseExecutor.runScript(TestCaseExecutor.java:328)
	at com.kms.katalon.core.main.TestCaseExecutor.doExecute(TestCaseExecutor.java:319)
	at com.kms.katalon.core.main.TestCaseExecutor.processExecutionPhase(TestCaseExecutor.java:298)
	at com.kms.katalon.core.main.TestCaseExecutor.accessMainPhase(TestCaseExecutor.java:290)
	at com.kms.katalon.core.main.TestCaseExecutor.execute(TestCaseExecutor.java:224)
	at com.kms.katalon.core.main.TestCaseMain.runTestCase(TestCaseMain.java:106)
	at com.kms.katalon.core.keyword.builtin.CallTestCaseKeyword$_callTestCase_closure1.doCall(CallTestCaseKeyword.groovy:59)
	at com.kms.katalon.core.keyword.builtin.CallTestCaseKeyword$_callTestCase_closure1.call(CallTestCaseKeyword.groovy)
	at com.kms.katalon.core.keyword.internal.KeywordMain.runKeyword(KeywordMain.groovy:54)
	at com.kms.katalon.core.keyword.builtin.CallTestCaseKeyword.callTestCase(CallTestCaseKeyword.groovy:80)
	at com.kms.katalon.core.keyword.builtin.CallTestCaseKeyword.execute(CallTestCaseKeyword.groovy:44)
	at com.kms.katalon.core.keyword.internal.KeywordExecutor.executeKeywordForPlatform(KeywordExecutor.groovy:53)
	at com.kms.katalon.core.keyword.BuiltinKeywords.callTestCase(BuiltinKeywords.groovy:334)
	at OTC_Submit Form 7_End to End - Cheque.run(OTC_Submit Form 7_End to End - Cheque:16)
	at com.kms.katalon.core.main.ScriptEngine.run(ScriptEngine.java:194)
	at com.kms.katalon.core.main.ScriptEngine.runScriptAsRawText(ScriptEngine.java:119)
	at com.kms.katalon.core.main.TestCaseExecutor.runScript(TestCaseExecutor.java:328)
	at com.kms.katalon.core.main.TestCaseExecutor.doExecute(TestCaseExecutor.java:319)
	at com.kms.katalon.core.main.TestCaseExecutor.processExecutionPhase(TestCaseExecutor.java:298)
	at com.kms.katalon.core.main.TestCaseExecutor.accessMainPhase(TestCaseExecutor.java:290)
	at com.kms.katalon.core.main.TestCaseExecutor.execute(TestCaseExecutor.java:224)
	at com.kms.katalon.core.main.TestCaseMain.runTestCase(TestCaseMain.java:106)
	at com.kms.katalon.core.keyword.builtin.CallTestCaseKeyword$_callTestCase_closure1.doCall(CallTestCaseKeyword.groovy:59)
	at com.kms.katalon.core.keyword.builtin.CallTestCaseKeyword$_callTestCase_closure1.call(CallTestCaseKeyword.groovy)
	at com.kms.katalon.core.keyword.internal.KeywordMain.runKeyword(KeywordMain.groovy:54)
	at com.kms.katalon.core.keyword.builtin.CallTestCaseKeyword.callTestCase(CallTestCaseKeyword.groovy:80)
	at com.kms.katalon.core.keyword.builtin.CallTestCaseKeyword.execute(CallTestCaseKeyword.groovy:44)
	at com.kms.katalon.core.keyword.internal.KeywordExecutor.executeKeywordForPlatform(KeywordExecutor.groovy:53)
	at com.kms.katalon.core.keyword.BuiltinKeywords.callTestCase(BuiltinKeywords.groovy:334)
	at Approve Claim - Full - DA Cheque.run(Approve Claim - Full - DA Cheque:16)
	at com.kms.katalon.core.main.ScriptEngine.run(ScriptEngine.java:194)
	at com.kms.katalon.core.main.ScriptEngine.runScriptAsRawText(ScriptEngine.java:119)
	at com.kms.katalon.core.main.TestCaseExecutor.runScript(TestCaseExecutor.java:328)
	at com.kms.katalon.core.main.TestCaseExecutor.doExecute(TestCaseExecutor.java:319)
	at com.kms.katalon.core.main.TestCaseExecutor.processExecutionPhase(TestCaseExecutor.java:298)
	at com.kms.katalon.core.main.TestCaseExecutor.accessMainPhase(TestCaseExecutor.java:290)
	at com.kms.katalon.core.main.TestCaseExecutor.execute(TestCaseExecutor.java:224)
	at com.kms.katalon.core.main.TestSuiteExecutor.accessTestCaseMainPhase(TestSuiteExecutor.java:129)
	at com.kms.katalon.core.main.TestSuiteExecutor.accessTestSuiteMainPhase(TestSuiteExecutor.java:112)
	at com.kms.katalon.core.main.TestSuiteExecutor.execute(TestSuiteExecutor.java:81)
	at com.kms.katalon.core.main.TestCaseMain.startTestSuite(TestCaseMain.java:149)
	at com.kms.katalon.core.main.TestCaseMain$startTestSuite$0.call(Unknown Source)
	at TempTestSuite1550476757023.run(TempTestSuite1550476757023.groovy:36)


2019-02-18 16:54:46 - [TEST_STEP][FAILED] - callTestCase(findTestCase("All TC/Arranged/2. Segment/OTC_Submit Form 7_End to End - Cheque"), [:], STOP_ON_FAILURE): callTestCase(findTestCase("All TC/Arranged/2. Segment/OTC_Submit Form 7_End to End - Cheque"), [:], STOP_ON_FAILURE) FAILED.
Reason:
com.kms.katalon.core.exception.StepFailedException: Unable to set text '10/01/2019' of object 'Object Repository/KeatMun/Form 7_default/OTC_Application_Reg/Page_PERKESO/11.Tarikh Terima_stampedDtS' (Root cause: com.kms.katalon.core.webui.exception.WebElementNotFoundException: Web element with id: 'Object Repository/KeatMun/Form 7_default/OTC_Application_Reg/Page_PERKESO/11.Tarikh Terima_stampedDtS' located by 'By.xpath: //input[@id = 'stampedDtStr' and @name = 'stampedDtStr' and @type = 'text']' not found)
	at com.kms.katalon.core.keyword.internal.KeywordMain.stepFailed(KeywordMain.groovy:36)
	at com.kms.katalon.core.webui.keyword.internal.WebUIKeywordMain.stepFailed(WebUIKeywordMain.groovy:65)
	at com.kms.katalon.core.webui.keyword.internal.WebUIKeywordMain.runKeyword(WebUIKeywordMain.groovy:27)
	at com.kms.katalon.core.webui.keyword.builtin.SetTextKeyword.setText(SetTextKeyword.groovy:65)
	at com.kms.katalon.core.webui.keyword.builtin.SetTextKeyword.execute(SetTextKeyword.groovy:37)
	at com.kms.katalon.core.keyword.internal.KeywordExecutor.executeKeywordForPlatform(KeywordExecutor.groovy:53)
	at com.kms.katalon.core.webui.keyword.WebUiBuiltInKeywords.setText(WebUiBuiltInKeywords.groovy:950)
	at com.kms.katalon.core.webui.keyword.WebUiBuiltInKeywords$setText$1.call(Unknown Source)
	at OTC_Application_Reg.run(OTC_Application_Reg:74)
	at com.kms.katalon.core.main.ScriptEngine.run(ScriptEngine.java:194)
	at com.kms.katalon.core.main.ScriptEngine.runScriptAsRawText(ScriptEngine.java:119)
	at com.kms.katalon.core.main.TestCaseExecutor.runScript(TestCaseExecutor.java:328)
	at com.kms.katalon.core.main.TestCaseExecutor.doExecute(TestCaseExecutor.java:319)
	at com.kms.katalon.core.main.TestCaseExecutor.processExecutionPhase(TestCaseExecutor.java:298)
	at com.kms.katalon.core.main.TestCaseExecutor.accessMainPhase(TestCaseExecutor.java:290)
	at com.kms.katalon.core.main.TestCaseExecutor.execute(TestCaseExecutor.java:224)
	at com.kms.katalon.core.main.TestCaseMain.runTestCase(TestCaseMain.java:106)
	at com.kms.katalon.core.keyword.builtin.CallTestCaseKeyword$_callTestCase_closure1.doCall(CallTestCaseKeyword.groovy:59)
	at com.kms.katalon.core.keyword.builtin.CallTestCaseKeyword$_callTestCase_closure1.call(CallTestCaseKeyword.groovy)
	at com.kms.katalon.core.keyword.internal.KeywordMain.runKeyword(KeywordMain.groovy:54)
	at com.kms.katalon.core.keyword.builtin.CallTestCaseKeyword.callTestCase(CallTestCaseKeyword.groovy:80)
	at com.kms.katalon.core.keyword.builtin.CallTestCaseKeyword.execute(CallTestCaseKeyword.groovy:44)
	at com.kms.katalon.core.keyword.internal.KeywordExecutor.executeKeywordForPlatform(KeywordExecutor.groovy:53)
	at com.kms.katalon.core.keyword.BuiltinKeywords.callTestCase(BuiltinKeywords.groovy:334)
	at OTC_Submit Form 7_End to End - Cheque.run(OTC_Submit Form 7_End to End - Cheque:16)
	at com.kms.katalon.core.main.ScriptEngine.run(ScriptEngine.java:194)
	at com.kms.katalon.core.main.ScriptEngine.runScriptAsRawText(ScriptEngine.java:119)
	at com.kms.katalon.core.main.TestCaseExecutor.runScript(TestCaseExecutor.java:328)
	at com.kms.katalon.core.main.TestCaseExecutor.doExecute(TestCaseExecutor.java:319)
	at com.kms.katalon.core.main.TestCaseExecutor.processExecutionPhase(TestCaseExecutor.java:298)
	at com.kms.katalon.core.main.TestCaseExecutor.accessMainPhase(TestCaseExecutor.java:290)
	at com.kms.katalon.core.main.TestCaseExecutor.execute(TestCaseExecutor.java:224)
	at com.kms.katalon.core.main.TestCaseMain.runTestCase(TestCaseMain.java:106)
	at com.kms.katalon.core.keyword.builtin.CallTestCaseKeyword$_callTestCase_closure1.doCall(CallTestCaseKeyword.groovy:59)
	at com.kms.katalon.core.keyword.builtin.CallTestCaseKeyword$_callTestCase_closure1.call(CallTestCaseKeyword.groovy)
	at com.kms.katalon.core.keyword.internal.KeywordMain.runKeyword(KeywordMain.groovy:54)
	at com.kms.katalon.core.keyword.builtin.CallTestCaseKeyword.callTestCase(CallTestCaseKeyword.groovy:80)
	at com.kms.katalon.core.keyword.builtin.CallTestCaseKeyword.execute(CallTestCaseKeyword.groovy:44)
	at com.kms.katalon.core.keyword.internal.KeywordExecutor.executeKeywordForPlatform(KeywordExecutor.groovy:53)
	at com.kms.katalon.core.keyword.BuiltinKeywords.callTestCase(BuiltinKeywords.groovy:334)
	at Approve Claim - Full - DA Cheque.run(Approve Claim - Full - DA Cheque:16)
	at com.kms.katalon.core.main.ScriptEngine.run(ScriptEngine.java:194)
	at com.kms.katalon.core.main.ScriptEngine.runScriptAsRawText(ScriptEngine.java:119)
	at com.kms.katalon.core.main.TestCaseExecutor.runScript(TestCaseExecutor.java:328)
	at com.kms.katalon.core.main.TestCaseExecutor.doExecute(TestCaseExecutor.java:319)
	at com.kms.katalon.core.main.TestCaseExecutor.processExecutionPhase(TestCaseExecutor.java:298)
	at com.kms.katalon.core.main.TestCaseExecutor.accessMainPhase(TestCaseExecutor.java:290)
	at com.kms.katalon.core.main.TestCaseExecutor.execute(TestCaseExecutor.java:224)
	at com.kms.katalon.core.main.TestSuiteExecutor.accessTestCaseMainPhase(TestSuiteExecutor.java:129)
	at com.kms.katalon.core.main.TestSuiteExecutor.accessTestSuiteMainPhase(TestSuiteExecutor.java:112)
	at com.kms.katalon.core.main.TestSuiteExecutor.execute(TestSuiteExecutor.java:81)
	at com.kms.katalon.core.main.TestCaseMain.startTestSuite(TestCaseMain.java:149)
	at com.kms.katalon.core.main.TestCaseMain$startTestSuite$0.call(Unknown Source)
	at TempTestSuite1550476757023.run(TempTestSuite1550476757023.groovy:36)


2019-02-18 16:54:46 - [TEST_CASE][FAILED] - Test Cases/All TC/Arranged/2. Segment/OTC_Submit Form 7_End to End - Cheque: Test Cases/All TC/Arranged/2. Segment/OTC_Submit Form 7_End to End - Cheque FAILED.
Reason:
com.kms.katalon.core.exception.StepFailedException: Unable to set text '10/01/2019' of object 'Object Repository/KeatMun/Form 7_default/OTC_Application_Reg/Page_PERKESO/11.Tarikh Terima_stampedDtS' (Root cause: com.kms.katalon.core.webui.exception.WebElementNotFoundException: Web element with id: 'Object Repository/KeatMun/Form 7_default/OTC_Application_Reg/Page_PERKESO/11.Tarikh Terima_stampedDtS' located by 'By.xpath: //input[@id = 'stampedDtStr' and @name = 'stampedDtStr' and @type = 'text']' not found)
	at com.kms.katalon.core.keyword.internal.KeywordMain.stepFailed(KeywordMain.groovy:36)
	at com.kms.katalon.core.webui.keyword.internal.WebUIKeywordMain.stepFailed(WebUIKeywordMain.groovy:65)
	at com.kms.katalon.core.webui.keyword.internal.WebUIKeywordMain.runKeyword(WebUIKeywordMain.groovy:27)
	at com.kms.katalon.core.webui.keyword.builtin.SetTextKeyword.setText(SetTextKeyword.groovy:65)
	at com.kms.katalon.core.webui.keyword.builtin.SetTextKeyword.execute(SetTextKeyword.groovy:37)
	at com.kms.katalon.core.keyword.internal.KeywordExecutor.executeKeywordForPlatform(KeywordExecutor.groovy:53)
	at com.kms.katalon.core.webui.keyword.WebUiBuiltInKeywords.setText(WebUiBuiltInKeywords.groovy:950)
	at com.kms.katalon.core.webui.keyword.WebUiBuiltInKeywords$setText$1.call(Unknown Source)
	at OTC_Application_Reg.run(OTC_Application_Reg:74)
	at com.kms.katalon.core.main.ScriptEngine.run(ScriptEngine.java:194)
	at com.kms.katalon.core.main.ScriptEngine.runScriptAsRawText(ScriptEngine.java:119)
	at com.kms.katalon.core.main.TestCaseExecutor.runScript(TestCaseExecutor.java:328)
	at com.kms.katalon.core.main.TestCaseExecutor.doExecute(TestCaseExecutor.java:319)
	at com.kms.katalon.core.main.TestCaseExecutor.processExecutionPhase(TestCaseExecutor.java:298)
	at com.kms.katalon.core.main.TestCaseExecutor.accessMainPhase(TestCaseExecutor.java:290)
	at com.kms.katalon.core.main.TestCaseExecutor.execute(TestCaseExecutor.java:224)
	at com.kms.katalon.core.main.TestCaseMain.runTestCase(TestCaseMain.java:106)
	at com.kms.katalon.core.keyword.builtin.CallTestCaseKeyword$_callTestCase_closure1.doCall(CallTestCaseKeyword.groovy:59)
	at com.kms.katalon.core.keyword.builtin.CallTestCaseKeyword$_callTestCase_closure1.call(CallTestCaseKeyword.groovy)
	at com.kms.katalon.core.keyword.internal.KeywordMain.runKeyword(KeywordMain.groovy:54)
	at com.kms.katalon.core.keyword.builtin.CallTestCaseKeyword.callTestCase(CallTestCaseKeyword.groovy:80)
	at com.kms.katalon.core.keyword.builtin.CallTestCaseKeyword.execute(CallTestCaseKeyword.groovy:44)
	at com.kms.katalon.core.keyword.internal.KeywordExecutor.executeKeywordForPlatform(KeywordExecutor.groovy:53)
	at com.kms.katalon.core.keyword.BuiltinKeywords.callTestCase(BuiltinKeywords.groovy:334)
	at OTC_Submit Form 7_End to End - Cheque.run(OTC_Submit Form 7_End to End - Cheque:16)
	at com.kms.katalon.core.main.ScriptEngine.run(ScriptEngine.java:194)
	at com.kms.katalon.core.main.ScriptEngine.runScriptAsRawText(ScriptEngine.java:119)
	at com.kms.katalon.core.main.TestCaseExecutor.runScript(TestCaseExecutor.java:328)
	at com.kms.katalon.core.main.TestCaseExecutor.doExecute(TestCaseExecutor.java:319)
	at com.kms.katalon.core.main.TestCaseExecutor.processExecutionPhase(TestCaseExecutor.java:298)
	at com.kms.katalon.core.main.TestCaseExecutor.accessMainPhase(TestCaseExecutor.java:290)
	at com.kms.katalon.core.main.TestCaseExecutor.execute(TestCaseExecutor.java:224)
	at com.kms.katalon.core.main.TestCaseMain.runTestCase(TestCaseMain.java:106)
	at com.kms.katalon.core.keyword.builtin.CallTestCaseKeyword$_callTestCase_closure1.doCall(CallTestCaseKeyword.groovy:59)
	at com.kms.katalon.core.keyword.builtin.CallTestCaseKeyword$_callTestCase_closure1.call(CallTestCaseKeyword.groovy)
	at com.kms.katalon.core.keyword.internal.KeywordMain.runKeyword(KeywordMain.groovy:54)
	at com.kms.katalon.core.keyword.builtin.CallTestCaseKeyword.callTestCase(CallTestCaseKeyword.groovy:80)
	at com.kms.katalon.core.keyword.builtin.CallTestCaseKeyword.execute(CallTestCaseKeyword.groovy:44)
	at com.kms.katalon.core.keyword.internal.KeywordExecutor.executeKeywordForPlatform(KeywordExecutor.groovy:53)
	at com.kms.katalon.core.keyword.BuiltinKeywords.callTestCase(BuiltinKeywords.groovy:334)
	at Approve Claim - Full - DA Cheque.run(Approve Claim - Full - DA Cheque:16)
	at com.kms.katalon.core.main.ScriptEngine.run(ScriptEngine.java:194)
	at com.kms.katalon.core.main.ScriptEngine.runScriptAsRawText(ScriptEngine.java:119)
	at com.kms.katalon.core.main.TestCaseExecutor.runScript(TestCaseExecutor.java:328)
	at com.kms.katalon.core.main.TestCaseExecutor.doExecute(TestCaseExecutor.java:319)
	at com.kms.katalon.core.main.TestCaseExecutor.processExecutionPhase(TestCaseExecutor.java:298)
	at com.kms.katalon.core.main.TestCaseExecutor.accessMainPhase(TestCaseExecutor.java:290)
	at com.kms.katalon.core.main.TestCaseExecutor.execute(TestCaseExecutor.java:224)
	at com.kms.katalon.core.main.TestSuiteExecutor.accessTestCaseMainPhase(TestSuiteExecutor.java:129)
	at com.kms.katalon.core.main.TestSuiteExecutor.accessTestSuiteMainPhase(TestSuiteExecutor.java:112)
	at com.kms.katalon.core.main.TestSuiteExecutor.execute(TestSuiteExecutor.java:81)
	at com.kms.katalon.core.main.TestCaseMain.startTestSuite(TestCaseMain.java:149)
	at com.kms.katalon.core.main.TestCaseMain$startTestSuite$0.call(Unknown Source)
	at TempTestSuite1550476757023.run(TempTestSuite1550476757023.groovy:36)


2019-02-18 16:54:46 - [TEST_STEP][FAILED] - callTestCase(findTestCase("All TC/Arranged/3. Unit/EI/Form 7_default/OTC_Application_Reg"), [:], STOP_ON_FAILURE): callTestCase(findTestCase("All TC/Arranged/3. Unit/EI/Form 7_default/OTC_Application_Reg"), [:], STOP_ON_FAILURE) FAILED.
Reason:
com.kms.katalon.core.exception.StepFailedException: Unable to set text '10/01/2019' of object 'Object Repository/KeatMun/Form 7_default/OTC_Application_Reg/Page_PERKESO/11.Tarikh Terima_stampedDtS' (Root cause: com.kms.katalon.core.webui.exception.WebElementNotFoundException: Web element with id: 'Object Repository/KeatMun/Form 7_default/OTC_Application_Reg/Page_PERKESO/11.Tarikh Terima_stampedDtS' located by 'By.xpath: //input[@id = 'stampedDtStr' and @name = 'stampedDtStr' and @type = 'text']' not found)
	at com.kms.katalon.core.keyword.internal.KeywordMain.stepFailed(KeywordMain.groovy:36)
	at com.kms.katalon.core.webui.keyword.internal.WebUIKeywordMain.stepFailed(WebUIKeywordMain.groovy:65)
	at com.kms.katalon.core.webui.keyword.internal.WebUIKeywordMain.runKeyword(WebUIKeywordMain.groovy:27)
	at com.kms.katalon.core.webui.keyword.builtin.SetTextKeyword.setText(SetTextKeyword.groovy:65)
	at com.kms.katalon.core.webui.keyword.builtin.SetTextKeyword.execute(SetTextKeyword.groovy:37)
	at com.kms.katalon.core.keyword.internal.KeywordExecutor.executeKeywordForPlatform(KeywordExecutor.groovy:53)
	at com.kms.katalon.core.webui.keyword.WebUiBuiltInKeywords.setText(WebUiBuiltInKeywords.groovy:950)
	at com.kms.katalon.core.webui.keyword.WebUiBuiltInKeywords$setText$1.call(Unknown Source)
	at OTC_Application_Reg.run(OTC_Application_Reg:74)
	at com.kms.katalon.core.main.ScriptEngine.run(ScriptEngine.java:194)
	at com.kms.katalon.core.main.ScriptEngine.runScriptAsRawText(ScriptEngine.java:119)
	at com.kms.katalon.core.main.TestCaseExecutor.runScript(TestCaseExecutor.java:328)
	at com.kms.katalon.core.main.TestCaseExecutor.doExecute(TestCaseExecutor.java:319)
	at com.kms.katalon.core.main.TestCaseExecutor.processExecutionPhase(TestCaseExecutor.java:298)
	at com.kms.katalon.core.main.TestCaseExecutor.accessMainPhase(TestCaseExecutor.java:290)
	at com.kms.katalon.core.main.TestCaseExecutor.execute(TestCaseExecutor.java:224)
	at com.kms.katalon.core.main.TestCaseMain.runTestCase(TestCaseMain.java:106)
	at com.kms.katalon.core.keyword.builtin.CallTestCaseKeyword$_callTestCase_closure1.doCall(CallTestCaseKeyword.groovy:59)
	at com.kms.katalon.core.keyword.builtin.CallTestCaseKeyword$_callTestCase_closure1.call(CallTestCaseKeyword.groovy)
	at com.kms.katalon.core.keyword.internal.KeywordMain.runKeyword(KeywordMain.groovy:54)
	at com.kms.katalon.core.keyword.builtin.CallTestCaseKeyword.callTestCase(CallTestCaseKeyword.groovy:80)
	at com.kms.katalon.core.keyword.builtin.CallTestCaseKeyword.execute(CallTestCaseKeyword.groovy:44)
	at com.kms.katalon.core.keyword.internal.KeywordExecutor.executeKeywordForPlatform(KeywordExecutor.groovy:53)
	at com.kms.katalon.core.keyword.BuiltinKeywords.callTestCase(BuiltinKeywords.groovy:334)
	at OTC_Submit Form 7_End to End - Cheque.run(OTC_Submit Form 7_End to End - Cheque:16)
	at com.kms.katalon.core.main.ScriptEngine.run(ScriptEngine.java:194)
	at com.kms.katalon.core.main.ScriptEngine.runScriptAsRawText(ScriptEngine.java:119)
	at com.kms.katalon.core.main.TestCaseExecutor.runScript(TestCaseExecutor.java:328)
	at com.kms.katalon.core.main.TestCaseExecutor.doExecute(TestCaseExecutor.java:319)
	at com.kms.katalon.core.main.TestCaseExecutor.processExecutionPhase(TestCaseExecutor.java:298)
	at com.kms.katalon.core.main.TestCaseExecutor.accessMainPhase(TestCaseExecutor.java:290)
	at com.kms.katalon.core.main.TestCaseExecutor.execute(TestCaseExecutor.java:224)
	at com.kms.katalon.core.main.TestCaseMain.runTestCase(TestCaseMain.java:106)
	at com.kms.katalon.core.keyword.builtin.CallTestCaseKeyword$_callTestCase_closure1.doCall(CallTestCaseKeyword.groovy:59)
	at com.kms.katalon.core.keyword.builtin.CallTestCaseKeyword$_callTestCase_closure1.call(CallTestCaseKeyword.groovy)
	at com.kms.katalon.core.keyword.internal.KeywordMain.runKeyword(KeywordMain.groovy:54)
	at com.kms.katalon.core.keyword.builtin.CallTestCaseKeyword.callTestCase(CallTestCaseKeyword.groovy:80)
	at com.kms.katalon.core.keyword.builtin.CallTestCaseKeyword.execute(CallTestCaseKeyword.groovy:44)
	at com.kms.katalon.core.keyword.internal.KeywordExecutor.executeKeywordForPlatform(KeywordExecutor.groovy:53)
	at com.kms.katalon.core.keyword.BuiltinKeywords.callTestCase(BuiltinKeywords.groovy:334)
	at Approve Claim - Full - DA Cheque.run(Approve Claim - Full - DA Cheque:16)
	at com.kms.katalon.core.main.ScriptEngine.run(ScriptEngine.java:194)
	at com.kms.katalon.core.main.ScriptEngine.runScriptAsRawText(ScriptEngine.java:119)
	at com.kms.katalon.core.main.TestCaseExecutor.runScript(TestCaseExecutor.java:328)
	at com.kms.katalon.core.main.TestCaseExecutor.doExecute(TestCaseExecutor.java:319)
	at com.kms.katalon.core.main.TestCaseExecutor.processExecutionPhase(TestCaseExecutor.java:298)
	at com.kms.katalon.core.main.TestCaseExecutor.accessMainPhase(TestCaseExecutor.java:290)
	at com.kms.katalon.core.main.TestCaseExecutor.execute(TestCaseExecutor.java:224)
	at com.kms.katalon.core.main.TestSuiteExecutor.accessTestCaseMainPhase(TestSuiteExecutor.java:129)
	at com.kms.katalon.core.main.TestSuiteExecutor.accessTestSuiteMainPhase(TestSuiteExecutor.java:112)
	at com.kms.katalon.core.main.TestSuiteExecutor.execute(TestSuiteExecutor.java:81)
	at com.kms.katalon.core.main.TestCaseMain.startTestSuite(TestCaseMain.java:149)
	at com.kms.katalon.core.main.TestCaseMain$startTestSuite$0.call(Unknown Source)
	at TempTestSuite1550476757023.run(TempTestSuite1550476757023.groovy:36)


2019-02-18 16:54:46 - [TEST_CASE][FAILED] - Test Cases/All TC/Arranged/3. Unit/EI/Form 7_default/OTC_Application_Reg: Test Cases/All TC/Arranged/3. Unit/EI/Form 7_default/OTC_Application_Reg FAILED.
Reason:
com.kms.katalon.core.exception.StepFailedException: Unable to set text '10/01/2019' of object 'Object Repository/KeatMun/Form 7_default/OTC_Application_Reg/Page_PERKESO/11.Tarikh Terima_stampedDtS' (Root cause: com.kms.katalon.core.webui.exception.WebElementNotFoundException: Web element with id: 'Object Repository/KeatMun/Form 7_default/OTC_Application_Reg/Page_PERKESO/11.Tarikh Terima_stampedDtS' located by 'By.xpath: //input[@id = 'stampedDtStr' and @name = 'stampedDtStr' and @type = 'text']' not found)
	at com.kms.katalon.core.keyword.internal.KeywordMain.stepFailed(KeywordMain.groovy:36)
	at com.kms.katalon.core.webui.keyword.internal.WebUIKeywordMain.stepFailed(WebUIKeywordMain.groovy:65)
	at com.kms.katalon.core.webui.keyword.internal.WebUIKeywordMain.runKeyword(WebUIKeywordMain.groovy:27)
	at com.kms.katalon.core.webui.keyword.builtin.SetTextKeyword.setText(SetTextKeyword.groovy:65)
	at com.kms.katalon.core.webui.keyword.builtin.SetTextKeyword.execute(SetTextKeyword.groovy:37)
	at com.kms.katalon.core.keyword.internal.KeywordExecutor.executeKeywordForPlatform(KeywordExecutor.groovy:53)
	at com.kms.katalon.core.webui.keyword.WebUiBuiltInKeywords.setText(WebUiBuiltInKeywords.groovy:950)
	at com.kms.katalon.core.webui.keyword.WebUiBuiltInKeywords$setText$1.call(Unknown Source)
	at OTC_Application_Reg.run(OTC_Application_Reg:74)
	at com.kms.katalon.core.main.ScriptEngine.run(ScriptEngine.java:194)
	at com.kms.katalon.core.main.ScriptEngine.runScriptAsRawText(ScriptEngine.java:119)
	at com.kms.katalon.core.main.TestCaseExecutor.runScript(TestCaseExecutor.java:328)
	at com.kms.katalon.core.main.TestCaseExecutor.doExecute(TestCaseExecutor.java:319)
	at com.kms.katalon.core.main.TestCaseExecutor.processExecutionPhase(TestCaseExecutor.java:298)
	at com.kms.katalon.core.main.TestCaseExecutor.accessMainPhase(TestCaseExecutor.java:290)
	at com.kms.katalon.core.main.TestCaseExecutor.execute(TestCaseExecutor.java:224)
	at com.kms.katalon.core.main.TestCaseMain.runTestCase(TestCaseMain.java:106)
	at com.kms.katalon.core.keyword.builtin.CallTestCaseKeyword$_callTestCase_closure1.doCall(CallTestCaseKeyword.groovy:59)
	at com.kms.katalon.core.keyword.builtin.CallTestCaseKeyword$_callTestCase_closure1.call(CallTestCaseKeyword.groovy)
	at com.kms.katalon.core.keyword.internal.KeywordMain.runKeyword(KeywordMain.groovy:54)
	at com.kms.katalon.core.keyword.builtin.CallTestCaseKeyword.callTestCase(CallTestCaseKeyword.groovy:80)
	at com.kms.katalon.core.keyword.builtin.CallTestCaseKeyword.execute(CallTestCaseKeyword.groovy:44)
	at com.kms.katalon.core.keyword.internal.KeywordExecutor.executeKeywordForPlatform(KeywordExecutor.groovy:53)
	at com.kms.katalon.core.keyword.BuiltinKeywords.callTestCase(BuiltinKeywords.groovy:334)
	at OTC_Submit Form 7_End to End - Cheque.run(OTC_Submit Form 7_End to End - Cheque:16)
	at com.kms.katalon.core.main.ScriptEngine.run(ScriptEngine.java:194)
	at com.kms.katalon.core.main.ScriptEngine.runScriptAsRawText(ScriptEngine.java:119)
	at com.kms.katalon.core.main.TestCaseExecutor.runScript(TestCaseExecutor.java:328)
	at com.kms.katalon.core.main.TestCaseExecutor.doExecute(TestCaseExecutor.java:319)
	at com.kms.katalon.core.main.TestCaseExecutor.processExecutionPhase(TestCaseExecutor.java:298)
	at com.kms.katalon.core.main.TestCaseExecutor.accessMainPhase(TestCaseExecutor.java:290)
	at com.kms.katalon.core.main.TestCaseExecutor.execute(TestCaseExecutor.java:224)
	at com.kms.katalon.core.main.TestCaseMain.runTestCase(TestCaseMain.java:106)
	at com.kms.katalon.core.keyword.builtin.CallTestCaseKeyword$_callTestCase_closure1.doCall(CallTestCaseKeyword.groovy:59)
	at com.kms.katalon.core.keyword.builtin.CallTestCaseKeyword$_callTestCase_closure1.call(CallTestCaseKeyword.groovy)
	at com.kms.katalon.core.keyword.internal.KeywordMain.runKeyword(KeywordMain.groovy:54)
	at com.kms.katalon.core.keyword.builtin.CallTestCaseKeyword.callTestCase(CallTestCaseKeyword.groovy:80)
	at com.kms.katalon.core.keyword.builtin.CallTestCaseKeyword.execute(CallTestCaseKeyword.groovy:44)
	at com.kms.katalon.core.keyword.internal.KeywordExecutor.executeKeywordForPlatform(KeywordExecutor.groovy:53)
	at com.kms.katalon.core.keyword.BuiltinKeywords.callTestCase(BuiltinKeywords.groovy:334)
	at Approve Claim - Full - DA Cheque.run(Approve Claim - Full - DA Cheque:16)
	at com.kms.katalon.core.main.ScriptEngine.run(ScriptEngine.java:194)
	at com.kms.katalon.core.main.ScriptEngine.runScriptAsRawText(ScriptEngine.java:119)
	at com.kms.katalon.core.main.TestCaseExecutor.runScript(TestCaseExecutor.java:328)
	at com.kms.katalon.core.main.TestCaseExecutor.doExecute(TestCaseExecutor.java:319)
	at com.kms.katalon.core.main.TestCaseExecutor.processExecutionPhase(TestCaseExecutor.java:298)
	at com.kms.katalon.core.main.TestCaseExecutor.accessMainPhase(TestCaseExecutor.java:290)
	at com.kms.katalon.core.main.TestCaseExecutor.execute(TestCaseExecutor.java:224)
	at com.kms.katalon.core.main.TestSuiteExecutor.accessTestCaseMainPhase(TestSuiteExecutor.java:129)
	at com.kms.katalon.core.main.TestSuiteExecutor.accessTestSuiteMainPhase(TestSuiteExecutor.java:112)
	at com.kms.katalon.core.main.TestSuiteExecutor.execute(TestSuiteExecutor.java:81)
	at com.kms.katalon.core.main.TestCaseMain.startTestSuite(TestCaseMain.java:149)
	at com.kms.katalon.core.main.TestCaseMain$startTestSuite$0.call(Unknown Source)
	at TempTestSuite1550476757023.run(TempTestSuite1550476757023.groovy:36)


2019-02-18 16:54:46 - [TEST_STEP][PASSED] - openBrowser(""): Browser is opened with url: ''

2019-02-18 16:54:46 - [MESSAGE][WARNING] - A browser is already opened. Closing browser and opening a new one

2019-02-18 16:54:48 - [MESSAGE][INFO] - Starting 'Chrome' driver

2019-02-18 16:54:48 - [MESSAGE][INFO] - User set preference: ['args', '[--start-maximized]']

2019-02-18 16:54:52 - [MESSAGE][PASSED] - Browser is opened with url: ''

2019-02-18 16:54:52 - [TEST_STEP][PASSED] - navigateToUrl(Internal_Login): Navigate to 'http://10.20.24.188/eisportal/user/login' successfully

2019-02-18 16:54:54 - [MESSAGE][PASSED] - Navigate to 'http://10.20.24.188/eisportal/user/login' successfully

2019-02-18 16:54:54 - [TEST_STEP][PASSED] - delay(3): Delayed 3 second(s)

2019-02-18 16:54:57 - [MESSAGE][PASSED] - Delayed 3 second(s)

2019-02-18 16:54:57 - [TEST_STEP][PASSED] - setText(findTestObject("KeatMun/Form 7_default/OTC_Application_Reg/Page_PERKESO/1.username"), "faizal.hamid@perkeso.gov.my"): Text 'faizal.hamid@perkeso.gov.my' is set on object 'Object Repository/KeatMun/Form 7_default/OTC_Application_Reg/Page_PERKESO/1.username'

2019-02-18 16:55:01 - [MESSAGE][PASSED] - Text 'faizal.hamid@perkeso.gov.my' is set on object 'Object Repository/KeatMun/Form 7_default/OTC_Application_Reg/Page_PERKESO/1.username'

2019-02-18 16:55:01 - [TEST_STEP][PASSED] - delay(1): Delayed 1 second(s)

2019-02-18 16:55:02 - [MESSAGE][PASSED] - Delayed 1 second(s)

2019-02-18 16:55:02 - [TEST_STEP][PASSED] - setEncryptedText(findTestObject("KeatMun/Form 7_default/OTC_Application_Reg/Page_PERKESO/2.password"), "CQqwFZlbeC8="): Text ****** has been set on object 'Object Repository/KeatMun/Form 7_default/OTC_Application_Reg/Page_PERKESO/2.password'

2019-02-18 16:55:05 - [MESSAGE][PASSED] - Text ****** has been set on object 'Object Repository/KeatMun/Form 7_default/OTC_Application_Reg/Page_PERKESO/2.password'

2019-02-18 16:55:05 - [TEST_STEP][PASSED] - delay(2): Delayed 2 second(s)

2019-02-18 16:55:07 - [MESSAGE][PASSED] - Delayed 2 second(s)

2019-02-18 16:55:07 - [TEST_STEP][PASSED] - click(findTestObject("KeatMun/Form 7_default/OTC_Application_Reg/Page_PERKESO/3.login button")): Object: 'Object Repository/KeatMun/Form 7_default/OTC_Application_Reg/Page_PERKESO/3.login button' is clicked on

2019-02-18 16:55:10 - [MESSAGE][PASSED] - Object: 'Object Repository/KeatMun/Form 7_default/OTC_Application_Reg/Page_PERKESO/3.login button' is clicked on

2019-02-18 16:55:10 - [TEST_STEP][PASSED] - delay(2): Delayed 2 second(s)

2019-02-18 16:55:12 - [MESSAGE][PASSED] - Delayed 2 second(s)

2019-02-18 16:55:12 - [TEST_STEP][PASSED] - click(findTestObject("KeatMun/Form 7_default/OTC_Application_Reg/Page_PERKESO/4. Permohonan tab")): Object: 'Object Repository/KeatMun/Form 7_default/OTC_Application_Reg/Page_PERKESO/4. Permohonan tab' is clicked on

2019-02-18 16:55:15 - [MESSAGE][PASSED] - Object: 'Object Repository/KeatMun/Form 7_default/OTC_Application_Reg/Page_PERKESO/4. Permohonan tab' is clicked on

2019-02-18 16:55:15 - [TEST_STEP][PASSED] - delay(2): Delayed 2 second(s)

2019-02-18 16:55:17 - [MESSAGE][PASSED] - Delayed 2 second(s)

2019-02-18 16:55:17 - [TEST_STEP][PASSED] - click(findTestObject("KeatMun/Form 7_default/OTC_Application_Reg/Page_PERKESO/5.button_Setuju")): Object: 'Object Repository/KeatMun/Form 7_default/OTC_Application_Reg/Page_PERKESO/5.button_Setuju' is clicked on

2019-02-18 16:55:19 - [MESSAGE][PASSED] - Object: 'Object Repository/KeatMun/Form 7_default/OTC_Application_Reg/Page_PERKESO/5.button_Setuju' is clicked on

2019-02-18 16:55:19 - [TEST_STEP][PASSED] - delay(2): Delayed 2 second(s)

2019-02-18 16:55:21 - [MESSAGE][PASSED] - Delayed 2 second(s)

2019-02-18 16:55:21 - [TEST_STEP][PASSED] - IC = "950000140036": null

2019-02-18 16:55:21 - [TEST_STEP][PASSED] - setText(findTestObject("KeatMun/Form 7_default/OTC_Application_Reg/Page_PERKESO/6.No. Kad Pengenalan"), IC): Text '950000140036' is set on object 'Object Repository/KeatMun/Form 7_default/OTC_Application_Reg/Page_PERKESO/6.No. Kad Pengenalan'

2019-02-18 16:55:26 - [MESSAGE][PASSED] - Text '950000140036' is set on object 'Object Repository/KeatMun/Form 7_default/OTC_Application_Reg/Page_PERKESO/6.No. Kad Pengenalan'

2019-02-18 16:55:26 - [TEST_STEP][PASSED] - callTestCase(findTestCase("All TC/Arranged/1. Common/1.2 Setter/Setter IC"), [:], STOP_ON_FAILURE): Call Test Case 'Test Cases/All TC/Arranged/1. Common/1.2 Setter/Setter IC' successfully

2019-02-18 16:55:26 - [TEST_CASE][PASSED] - Test Cases/All TC/Arranged/1. Common/1.2 Setter/Setter IC: Test Cases/All TC/Arranged/1. Common/1.2 Setter/Setter IC

2019-02-18 16:55:26 - [TEST_STEP][PASSED] - RefNoOldFile = new java.io.File((internal.GlobalVariable.TextFilePathCommon + \getIC.txt)): null

2019-02-18 16:55:26 - [TEST_STEP][PASSED] - RefNoOldFile.delete(): null

2019-02-18 16:55:26 - [TEST_STEP][PASSED] - delay(5): Delayed 5 second(s)

2019-02-18 16:55:31 - [MESSAGE][PASSED] - Delayed 5 second(s)

2019-02-18 16:55:31 - [TEST_STEP][PASSED] - RefNo = new java.io.File((internal.GlobalVariable.TextFilePathCommon + \getIC.txt)): null

2019-02-18 16:55:31 - [TEST_STEP][PASSED] - f2 = new java.io.FileWriter(RefNo, false): null

2019-02-18 16:55:31 - [TEST_STEP][PASSED] - f2.write(IC): null

2019-02-18 16:55:31 - [TEST_STEP][PASSED] - f2.close(): null

2019-02-18 16:55:31 - [TEST_STEP][PASSED] - out.println("


" + IC + "


"): null

2019-02-18 16:55:31 - [MESSAGE][PASSED] - Call Test Case 'Test Cases/All TC/Arranged/1. Common/1.2 Setter/Setter IC' successfully

2019-02-18 16:55:31 - [TEST_STEP][PASSED] - delay(2): Delayed 2 second(s)

2019-02-18 16:55:33 - [MESSAGE][PASSED] - Delayed 2 second(s)

2019-02-18 16:55:33 - [TEST_STEP][PASSED] - click(findTestObject("KeatMun/Form 7_default/OTC_Application_Reg/Page_PERKESO/7.button_Semak")): Object: 'Object Repository/KeatMun/Form 7_default/OTC_Application_Reg/Page_PERKESO/7.button_Semak' is clicked on

2019-02-18 16:55:35 - [MESSAGE][PASSED] - Object: 'Object Repository/KeatMun/Form 7_default/OTC_Application_Reg/Page_PERKESO/7.button_Semak' is clicked on

2019-02-18 16:55:35 - [TEST_STEP][PASSED] - delay(4): Delayed 4 second(s)

2019-02-18 16:55:39 - [MESSAGE][PASSED] - Delayed 4 second(s)

2019-02-18 16:55:39 - [TEST_STEP][PASSED] - click(findTestObject("KeatMun/Form 7_default/OTC_Application_Reg/Page_PERKESO/8. Nama Majikan Dropdown")): Object: 'Object Repository/KeatMun/Form 7_default/OTC_Application_Reg/Page_PERKESO/8. Nama Majikan Dropdown' is clicked on

2019-02-18 16:55:41 - [MESSAGE][PASSED] - Object: 'Object Repository/KeatMun/Form 7_default/OTC_Application_Reg/Page_PERKESO/8. Nama Majikan Dropdown' is clicked on

2019-02-18 16:55:41 - [TEST_STEP][PASSED] - setText(findTestObject("KeatMun/Form 7_default/OTC_Application_Reg/Page_PERKESO/8. LOE emp"), "mon"): Text 'mon' is set on object 'Object Repository/KeatMun/Form 7_default/OTC_Application_Reg/Page_PERKESO/8. LOE emp'

2019-02-18 16:55:45 - [MESSAGE][PASSED] - Text 'mon' is set on object 'Object Repository/KeatMun/Form 7_default/OTC_Application_Reg/Page_PERKESO/8. LOE emp'

2019-02-18 16:55:45 - [TEST_STEP][PASSED] - click(findTestObject("KeatMun/Form 7_default/OTC_Application_Reg/Page_PERKESO/8. MONSOON MOTEL")): Object: 'Object Repository/KeatMun/Form 7_default/OTC_Application_Reg/Page_PERKESO/8. MONSOON MOTEL' is clicked on

2019-02-18 16:55:47 - [MESSAGE][PASSED] - Object: 'Object Repository/KeatMun/Form 7_default/OTC_Application_Reg/Page_PERKESO/8. MONSOON MOTEL' is clicked on

2019-02-18 16:55:47 - [TEST_STEP][PASSED] - delay(2): Delayed 2 second(s)

2019-02-18 16:55:49 - [MESSAGE][PASSED] - Delayed 2 second(s)

2019-02-18 16:55:49 - [TEST_STEP][PASSED] - setText(findTestObject("KeatMun/Form 7_default/OTC_Application_Reg/Page_PERKESO/9.Tarikh kehilangan pkj"), "10/01/2019"): Text '10/01/2019' is set on object 'Object Repository/KeatMun/Form 7_default/OTC_Application_Reg/Page_PERKESO/9.Tarikh kehilangan pkj'

2019-02-18 16:55:54 - [MESSAGE][PASSED] - Text '10/01/2019' is set on object 'Object Repository/KeatMun/Form 7_default/OTC_Application_Reg/Page_PERKESO/9.Tarikh kehilangan pkj'

2019-02-18 16:55:54 - [TEST_STEP][PASSED] - delay(2): Delayed 2 second(s)

2019-02-18 16:55:56 - [MESSAGE][PASSED] - Delayed 2 second(s)

2019-02-18 16:55:56 - [TEST_STEP][PASSED] - click(findTestObject("KeatMun/Form 7_default/OTC_Application_Reg/Page_PERKESO/9. Date Picker Done Button ")): Object: 'Object Repository/KeatMun/Form 7_default/OTC_Application_Reg/Page_PERKESO/9. Date Picker Done Button ' is clicked on

2019-02-18 16:55:58 - [MESSAGE][PASSED] - Object: 'Object Repository/KeatMun/Form 7_default/OTC_Application_Reg/Page_PERKESO/9. Date Picker Done Button ' is clicked on

2019-02-18 16:55:58 - [TEST_STEP][PASSED] - delay(2): Delayed 2 second(s)

2019-02-18 16:56:00 - [MESSAGE][PASSED] - Delayed 2 second(s)

2019-02-18 16:56:00 - [TEST_STEP][PASSED] - click(findTestObject("KeatMun/Form 7_default/OTC_Application_Reg/Page_PERKESO/10.button_Mohon")): Object: 'Object Repository/KeatMun/Form 7_default/OTC_Application_Reg/Page_PERKESO/10.button_Mohon' is clicked on

2019-02-18 16:56:02 - [MESSAGE][PASSED] - Object: 'Object Repository/KeatMun/Form 7_default/OTC_Application_Reg/Page_PERKESO/10.button_Mohon' is clicked on

2019-02-18 16:56:02 - [TEST_STEP][PASSED] - delay(2): Delayed 2 second(s)

2019-02-18 16:56:04 - [MESSAGE][PASSED] - Delayed 2 second(s)

2019-02-18 16:56:04 - [TEST_STEP][FAILED] - setText(findTestObject("KeatMun/Form 7_default/OTC_Application_Reg/Page_PERKESO/11.Tarikh Terima_stampedDtS"), "10/01/2019"): setText(findTestObject("KeatMun/Form 7_default/OTC_Application_Reg/Page_PERKESO/11.Tarikh Terima_stampedDtS"), "10/01/2019") FAILED.
Reason:
com.kms.katalon.core.exception.StepFailedException: Unable to set text '10/01/2019' of object 'Object Repository/KeatMun/Form 7_default/OTC_Application_Reg/Page_PERKESO/11.Tarikh Terima_stampedDtS' (Root cause: com.kms.katalon.core.webui.exception.WebElementNotFoundException: Web element with id: 'Object Repository/KeatMun/Form 7_default/OTC_Application_Reg/Page_PERKESO/11.Tarikh Terima_stampedDtS' located by 'By.xpath: //input[@id = 'stampedDtStr' and @name = 'stampedDtStr' and @type = 'text']' not found)
	at com.kms.katalon.core.keyword.internal.KeywordMain.stepFailed(KeywordMain.groovy:36)
	at com.kms.katalon.core.webui.keyword.internal.WebUIKeywordMain.stepFailed(WebUIKeywordMain.groovy:65)
	at com.kms.katalon.core.webui.keyword.internal.WebUIKeywordMain.runKeyword(WebUIKeywordMain.groovy:27)
	at com.kms.katalon.core.webui.keyword.builtin.SetTextKeyword.setText(SetTextKeyword.groovy:65)
	at com.kms.katalon.core.webui.keyword.builtin.SetTextKeyword.execute(SetTextKeyword.groovy:37)
	at com.kms.katalon.core.keyword.internal.KeywordExecutor.executeKeywordForPlatform(KeywordExecutor.groovy:53)
	at com.kms.katalon.core.webui.keyword.WebUiBuiltInKeywords.setText(WebUiBuiltInKeywords.groovy:950)
	at com.kms.katalon.core.webui.keyword.WebUiBuiltInKeywords$setText$1.call(Unknown Source)
	at OTC_Application_Reg.run(OTC_Application_Reg:74)
	at com.kms.katalon.core.main.ScriptEngine.run(ScriptEngine.java:194)
	at com.kms.katalon.core.main.ScriptEngine.runScriptAsRawText(ScriptEngine.java:119)
	at com.kms.katalon.core.main.TestCaseExecutor.runScript(TestCaseExecutor.java:328)
	at com.kms.katalon.core.main.TestCaseExecutor.doExecute(TestCaseExecutor.java:319)
	at com.kms.katalon.core.main.TestCaseExecutor.processExecutionPhase(TestCaseExecutor.java:298)
	at com.kms.katalon.core.main.TestCaseExecutor.accessMainPhase(TestCaseExecutor.java:290)
	at com.kms.katalon.core.main.TestCaseExecutor.execute(TestCaseExecutor.java:224)
	at com.kms.katalon.core.main.TestCaseMain.runTestCase(TestCaseMain.java:106)
	at com.kms.katalon.core.keyword.builtin.CallTestCaseKeyword$_callTestCase_closure1.doCall(CallTestCaseKeyword.groovy:59)
	at com.kms.katalon.core.keyword.builtin.CallTestCaseKeyword$_callTestCase_closure1.call(CallTestCaseKeyword.groovy)
	at com.kms.katalon.core.keyword.internal.KeywordMain.runKeyword(KeywordMain.groovy:54)
	at com.kms.katalon.core.keyword.builtin.CallTestCaseKeyword.callTestCase(CallTestCaseKeyword.groovy:80)
	at com.kms.katalon.core.keyword.builtin.CallTestCaseKeyword.execute(CallTestCaseKeyword.groovy:44)
	at com.kms.katalon.core.keyword.internal.KeywordExecutor.executeKeywordForPlatform(KeywordExecutor.groovy:53)
	at com.kms.katalon.core.keyword.BuiltinKeywords.callTestCase(BuiltinKeywords.groovy:334)
	at OTC_Submit Form 7_End to End - Cheque.run(OTC_Submit Form 7_End to End - Cheque:16)
	at com.kms.katalon.core.main.ScriptEngine.run(ScriptEngine.java:194)
	at com.kms.katalon.core.main.ScriptEngine.runScriptAsRawText(ScriptEngine.java:119)
	at com.kms.katalon.core.main.TestCaseExecutor.runScript(TestCaseExecutor.java:328)
	at com.kms.katalon.core.main.TestCaseExecutor.doExecute(TestCaseExecutor.java:319)
	at com.kms.katalon.core.main.TestCaseExecutor.processExecutionPhase(TestCaseExecutor.java:298)
	at com.kms.katalon.core.main.TestCaseExecutor.accessMainPhase(TestCaseExecutor.java:290)
	at com.kms.katalon.core.main.TestCaseExecutor.execute(TestCaseExecutor.java:224)
	at com.kms.katalon.core.main.TestCaseMain.runTestCase(TestCaseMain.java:106)
	at com.kms.katalon.core.keyword.builtin.CallTestCaseKeyword$_callTestCase_closure1.doCall(CallTestCaseKeyword.groovy:59)
	at com.kms.katalon.core.keyword.builtin.CallTestCaseKeyword$_callTestCase_closure1.call(CallTestCaseKeyword.groovy)
	at com.kms.katalon.core.keyword.internal.KeywordMain.runKeyword(KeywordMain.groovy:54)
	at com.kms.katalon.core.keyword.builtin.CallTestCaseKeyword.callTestCase(CallTestCaseKeyword.groovy:80)
	at com.kms.katalon.core.keyword.builtin.CallTestCaseKeyword.execute(CallTestCaseKeyword.groovy:44)
	at com.kms.katalon.core.keyword.internal.KeywordExecutor.executeKeywordForPlatform(KeywordExecutor.groovy:53)
	at com.kms.katalon.core.keyword.BuiltinKeywords.callTestCase(BuiltinKeywords.groovy:334)
	at Approve Claim - Full - DA Cheque.run(Approve Claim - Full - DA Cheque:16)
	at com.kms.katalon.core.main.ScriptEngine.run(ScriptEngine.java:194)
	at com.kms.katalon.core.main.ScriptEngine.runScriptAsRawText(ScriptEngine.java:119)
	at com.kms.katalon.core.main.TestCaseExecutor.runScript(TestCaseExecutor.java:328)
	at com.kms.katalon.core.main.TestCaseExecutor.doExecute(TestCaseExecutor.java:319)
	at com.kms.katalon.core.main.TestCaseExecutor.processExecutionPhase(TestCaseExecutor.java:298)
	at com.kms.katalon.core.main.TestCaseExecutor.accessMainPhase(TestCaseExecutor.java:290)
	at com.kms.katalon.core.main.TestCaseExecutor.execute(TestCaseExecutor.java:224)
	at com.kms.katalon.core.main.TestSuiteExecutor.accessTestCaseMainPhase(TestSuiteExecutor.java:129)
	at com.kms.katalon.core.main.TestSuiteExecutor.accessTestSuiteMainPhase(TestSuiteExecutor.java:112)
	at com.kms.katalon.core.main.TestSuiteExecutor.execute(TestSuiteExecutor.java:81)
	at com.kms.katalon.core.main.TestCaseMain.startTestSuite(TestCaseMain.java:149)
	at com.kms.katalon.core.main.TestCaseMain$startTestSuite$0.call(Unknown Source)
	at TempTestSuite1550476757023.run(TempTestSuite1550476757023.groovy:36)


2019-02-18 16:56:34 - [MESSAGE][INFO] - Unable to find the element located by 'By.xpath: //input[@id = 'stampedDtStr' and @name = 'stampedDtStr' and @type = 'text']'. Please recheck the objects properties to make sure the desired element is located. 

2019-02-18 16:56:36 - [MESSAGE][FAILED] - Unable to set text '10/01/2019' of object 'Object Repository/KeatMun/Form 7_default/OTC_Application_Reg/Page_PERKESO/11.Tarikh Terima_stampedDtS' (Root cause: com.kms.katalon.core.webui.exception.WebElementNotFoundException: Web element with id: 'Object Repository/KeatMun/Form 7_default/OTC_Application_Reg/Page_PERKESO/11.Tarikh Terima_stampedDtS' located by 'By.xpath: //input[@id = 'stampedDtStr' and @name = 'stampedDtStr' and @type = 'text']' not found)
[[ATTACHMENT|C:\\Users\\Admin\\Documents\\GitHub\\PKSKatalon\\PKS-EI-ES\\Reports\\New Test Suite\\20190218_155917\\1550480194885.png]]

2019-02-18 16:56:36 - [MESSAGE][FAILED] - setText(findTestObject("KeatMun/Form 7_default/OTC_Application_Reg/Page_PERKESO/11.Tarikh Terima_stampedDtS"), "10/01/2019") FAILED.
Reason:
com.kms.katalon.core.exception.StepFailedException: Unable to set text '10/01/2019' of object 'Object Repository/KeatMun/Form 7_default/OTC_Application_Reg/Page_PERKESO/11.Tarikh Terima_stampedDtS' (Root cause: com.kms.katalon.core.webui.exception.WebElementNotFoundException: Web element with id: 'Object Repository/KeatMun/Form 7_default/OTC_Application_Reg/Page_PERKESO/11.Tarikh Terima_stampedDtS' located by 'By.xpath: //input[@id = 'stampedDtStr' and @name = 'stampedDtStr' and @type = 'text']' not found)
	at com.kms.katalon.core.keyword.internal.KeywordMain.stepFailed(KeywordMain.groovy:36)
	at com.kms.katalon.core.webui.keyword.internal.WebUIKeywordMain.stepFailed(WebUIKeywordMain.groovy:65)
	at com.kms.katalon.core.webui.keyword.internal.WebUIKeywordMain.runKeyword(WebUIKeywordMain.groovy:27)
	at com.kms.katalon.core.webui.keyword.builtin.SetTextKeyword.setText(SetTextKeyword.groovy:65)
	at com.kms.katalon.core.webui.keyword.builtin.SetTextKeyword.execute(SetTextKeyword.groovy:37)
	at com.kms.katalon.core.keyword.internal.KeywordExecutor.executeKeywordForPlatform(KeywordExecutor.groovy:53)
	at com.kms.katalon.core.webui.keyword.WebUiBuiltInKeywords.setText(WebUiBuiltInKeywords.groovy:950)
	at com.kms.katalon.core.webui.keyword.WebUiBuiltInKeywords$setText$1.call(Unknown Source)
	at OTC_Application_Reg.run(OTC_Application_Reg:74)
	at com.kms.katalon.core.main.ScriptEngine.run(ScriptEngine.java:194)
	at com.kms.katalon.core.main.ScriptEngine.runScriptAsRawText(ScriptEngine.java:119)
	at com.kms.katalon.core.main.TestCaseExecutor.runScript(TestCaseExecutor.java:328)
	at com.kms.katalon.core.main.TestCaseExecutor.doExecute(TestCaseExecutor.java:319)
	at com.kms.katalon.core.main.TestCaseExecutor.processExecutionPhase(TestCaseExecutor.java:298)
	at com.kms.katalon.core.main.TestCaseExecutor.accessMainPhase(TestCaseExecutor.java:290)
	at com.kms.katalon.core.main.TestCaseExecutor.execute(TestCaseExecutor.java:224)
	at com.kms.katalon.core.main.TestCaseMain.runTestCase(TestCaseMain.java:106)
	at com.kms.katalon.core.keyword.builtin.CallTestCaseKeyword$_callTestCase_closure1.doCall(CallTestCaseKeyword.groovy:59)
	at com.kms.katalon.core.keyword.builtin.CallTestCaseKeyword$_callTestCase_closure1.call(CallTestCaseKeyword.groovy)
	at com.kms.katalon.core.keyword.internal.KeywordMain.runKeyword(KeywordMain.groovy:54)
	at com.kms.katalon.core.keyword.builtin.CallTestCaseKeyword.callTestCase(CallTestCaseKeyword.groovy:80)
	at com.kms.katalon.core.keyword.builtin.CallTestCaseKeyword.execute(CallTestCaseKeyword.groovy:44)
	at com.kms.katalon.core.keyword.internal.KeywordExecutor.executeKeywordForPlatform(KeywordExecutor.groovy:53)
	at com.kms.katalon.core.keyword.BuiltinKeywords.callTestCase(BuiltinKeywords.groovy:334)
	at OTC_Submit Form 7_End to End - Cheque.run(OTC_Submit Form 7_End to End - Cheque:16)
	at com.kms.katalon.core.main.ScriptEngine.run(ScriptEngine.java:194)
	at com.kms.katalon.core.main.ScriptEngine.runScriptAsRawText(ScriptEngine.java:119)
	at com.kms.katalon.core.main.TestCaseExecutor.runScript(TestCaseExecutor.java:328)
	at com.kms.katalon.core.main.TestCaseExecutor.doExecute(TestCaseExecutor.java:319)
	at com.kms.katalon.core.main.TestCaseExecutor.processExecutionPhase(TestCaseExecutor.java:298)
	at com.kms.katalon.core.main.TestCaseExecutor.accessMainPhase(TestCaseExecutor.java:290)
	at com.kms.katalon.core.main.TestCaseExecutor.execute(TestCaseExecutor.java:224)
	at com.kms.katalon.core.main.TestCaseMain.runTestCase(TestCaseMain.java:106)
	at com.kms.katalon.core.keyword.builtin.CallTestCaseKeyword$_callTestCase_closure1.doCall(CallTestCaseKeyword.groovy:59)
	at com.kms.katalon.core.keyword.builtin.CallTestCaseKeyword$_callTestCase_closure1.call(CallTestCaseKeyword.groovy)
	at com.kms.katalon.core.keyword.internal.KeywordMain.runKeyword(KeywordMain.groovy:54)
	at com.kms.katalon.core.keyword.builtin.CallTestCaseKeyword.callTestCase(CallTestCaseKeyword.groovy:80)
	at com.kms.katalon.core.keyword.builtin.CallTestCaseKeyword.execute(CallTestCaseKeyword.groovy:44)
	at com.kms.katalon.core.keyword.internal.KeywordExecutor.executeKeywordForPlatform(KeywordExecutor.groovy:53)
	at com.kms.katalon.core.keyword.BuiltinKeywords.callTestCase(BuiltinKeywords.groovy:334)
	at Approve Claim - Full - DA Cheque.run(Approve Claim - Full - DA Cheque:16)
	at com.kms.katalon.core.main.ScriptEngine.run(ScriptEngine.java:194)
	at com.kms.katalon.core.main.ScriptEngine.runScriptAsRawText(ScriptEngine.java:119)
	at com.kms.katalon.core.main.TestCaseExecutor.runScript(TestCaseExecutor.java:328)
	at com.kms.katalon.core.main.TestCaseExecutor.doExecute(TestCaseExecutor.java:319)
	at com.kms.katalon.core.main.TestCaseExecutor.processExecutionPhase(TestCaseExecutor.java:298)
	at com.kms.katalon.core.main.TestCaseExecutor.accessMainPhase(TestCaseExecutor.java:290)
	at com.kms.katalon.core.main.TestCaseExecutor.execute(TestCaseExecutor.java:224)
	at com.kms.katalon.core.main.TestSuiteExecutor.accessTestCaseMainPhase(TestSuiteExecutor.java:129)
	at com.kms.katalon.core.main.TestSuiteExecutor.accessTestSuiteMainPhase(TestSuiteExecutor.java:112)
	at com.kms.katalon.core.main.TestSuiteExecutor.execute(TestSuiteExecutor.java:81)
	at com.kms.katalon.core.main.TestCaseMain.startTestSuite(TestCaseMain.java:149)
	at com.kms.katalon.core.main.TestCaseMain$startTestSuite$0.call(Unknown Source)
	at TempTestSuite1550476757023.run(TempTestSuite1550476757023.groovy:36)


2019-02-18 16:56:36 - [MESSAGE][FAILED] - Unable to call Test Case 'Test Cases/All TC/Arranged/3. Unit/EI/Form 7_default/OTC_Application_Reg' (Root cause: com.kms.katalon.core.exception.StepFailedException: Call Test Case 'Test Cases/All TC/Arranged/3. Unit/EI/Form 7_default/OTC_Application_Reg' failed)

2019-02-18 16:56:36 - [MESSAGE][FAILED] - callTestCase(findTestCase("All TC/Arranged/3. Unit/EI/Form 7_default/OTC_Application_Reg"), [:], STOP_ON_FAILURE) FAILED.
Reason:
com.kms.katalon.core.exception.StepFailedException: Unable to set text '10/01/2019' of object 'Object Repository/KeatMun/Form 7_default/OTC_Application_Reg/Page_PERKESO/11.Tarikh Terima_stampedDtS' (Root cause: com.kms.katalon.core.webui.exception.WebElementNotFoundException: Web element with id: 'Object Repository/KeatMun/Form 7_default/OTC_Application_Reg/Page_PERKESO/11.Tarikh Terima_stampedDtS' located by 'By.xpath: //input[@id = 'stampedDtStr' and @name = 'stampedDtStr' and @type = 'text']' not found)
	at com.kms.katalon.core.keyword.internal.KeywordMain.stepFailed(KeywordMain.groovy:36)
	at com.kms.katalon.core.webui.keyword.internal.WebUIKeywordMain.stepFailed(WebUIKeywordMain.groovy:65)
	at com.kms.katalon.core.webui.keyword.internal.WebUIKeywordMain.runKeyword(WebUIKeywordMain.groovy:27)
	at com.kms.katalon.core.webui.keyword.builtin.SetTextKeyword.setText(SetTextKeyword.groovy:65)
	at com.kms.katalon.core.webui.keyword.builtin.SetTextKeyword.execute(SetTextKeyword.groovy:37)
	at com.kms.katalon.core.keyword.internal.KeywordExecutor.executeKeywordForPlatform(KeywordExecutor.groovy:53)
	at com.kms.katalon.core.webui.keyword.WebUiBuiltInKeywords.setText(WebUiBuiltInKeywords.groovy:950)
	at com.kms.katalon.core.webui.keyword.WebUiBuiltInKeywords$setText$1.call(Unknown Source)
	at OTC_Application_Reg.run(OTC_Application_Reg:74)
	at com.kms.katalon.core.main.ScriptEngine.run(ScriptEngine.java:194)
	at com.kms.katalon.core.main.ScriptEngine.runScriptAsRawText(ScriptEngine.java:119)
	at com.kms.katalon.core.main.TestCaseExecutor.runScript(TestCaseExecutor.java:328)
	at com.kms.katalon.core.main.TestCaseExecutor.doExecute(TestCaseExecutor.java:319)
	at com.kms.katalon.core.main.TestCaseExecutor.processExecutionPhase(TestCaseExecutor.java:298)
	at com.kms.katalon.core.main.TestCaseExecutor.accessMainPhase(TestCaseExecutor.java:290)
	at com.kms.katalon.core.main.TestCaseExecutor.execute(TestCaseExecutor.java:224)
	at com.kms.katalon.core.main.TestCaseMain.runTestCase(TestCaseMain.java:106)
	at com.kms.katalon.core.keyword.builtin.CallTestCaseKeyword$_callTestCase_closure1.doCall(CallTestCaseKeyword.groovy:59)
	at com.kms.katalon.core.keyword.builtin.CallTestCaseKeyword$_callTestCase_closure1.call(CallTestCaseKeyword.groovy)
	at com.kms.katalon.core.keyword.internal.KeywordMain.runKeyword(KeywordMain.groovy:54)
	at com.kms.katalon.core.keyword.builtin.CallTestCaseKeyword.callTestCase(CallTestCaseKeyword.groovy:80)
	at com.kms.katalon.core.keyword.builtin.CallTestCaseKeyword.execute(CallTestCaseKeyword.groovy:44)
	at com.kms.katalon.core.keyword.internal.KeywordExecutor.executeKeywordForPlatform(KeywordExecutor.groovy:53)
	at com.kms.katalon.core.keyword.BuiltinKeywords.callTestCase(BuiltinKeywords.groovy:334)
	at OTC_Submit Form 7_End to End - Cheque.run(OTC_Submit Form 7_End to End - Cheque:16)
	at com.kms.katalon.core.main.ScriptEngine.run(ScriptEngine.java:194)
	at com.kms.katalon.core.main.ScriptEngine.runScriptAsRawText(ScriptEngine.java:119)
	at com.kms.katalon.core.main.TestCaseExecutor.runScript(TestCaseExecutor.java:328)
	at com.kms.katalon.core.main.TestCaseExecutor.doExecute(TestCaseExecutor.java:319)
	at com.kms.katalon.core.main.TestCaseExecutor.processExecutionPhase(TestCaseExecutor.java:298)
	at com.kms.katalon.core.main.TestCaseExecutor.accessMainPhase(TestCaseExecutor.java:290)
	at com.kms.katalon.core.main.TestCaseExecutor.execute(TestCaseExecutor.java:224)
	at com.kms.katalon.core.main.TestCaseMain.runTestCase(TestCaseMain.java:106)
	at com.kms.katalon.core.keyword.builtin.CallTestCaseKeyword$_callTestCase_closure1.doCall(CallTestCaseKeyword.groovy:59)
	at com.kms.katalon.core.keyword.builtin.CallTestCaseKeyword$_callTestCase_closure1.call(CallTestCaseKeyword.groovy)
	at com.kms.katalon.core.keyword.internal.KeywordMain.runKeyword(KeywordMain.groovy:54)
	at com.kms.katalon.core.keyword.builtin.CallTestCaseKeyword.callTestCase(CallTestCaseKeyword.groovy:80)
	at com.kms.katalon.core.keyword.builtin.CallTestCaseKeyword.execute(CallTestCaseKeyword.groovy:44)
	at com.kms.katalon.core.keyword.internal.KeywordExecutor.executeKeywordForPlatform(KeywordExecutor.groovy:53)
	at com.kms.katalon.core.keyword.BuiltinKeywords.callTestCase(BuiltinKeywords.groovy:334)
	at Approve Claim - Full - DA Cheque.run(Approve Claim - Full - DA Cheque:16)
	at com.kms.katalon.core.main.ScriptEngine.run(ScriptEngine.java:194)
	at com.kms.katalon.core.main.ScriptEngine.runScriptAsRawText(ScriptEngine.java:119)
	at com.kms.katalon.core.main.TestCaseExecutor.runScript(TestCaseExecutor.java:328)
	at com.kms.katalon.core.main.TestCaseExecutor.doExecute(TestCaseExecutor.java:319)
	at com.kms.katalon.core.main.TestCaseExecutor.processExecutionPhase(TestCaseExecutor.java:298)
	at com.kms.katalon.core.main.TestCaseExecutor.accessMainPhase(TestCaseExecutor.java:290)
	at com.kms.katalon.core.main.TestCaseExecutor.execute(TestCaseExecutor.java:224)
	at com.kms.katalon.core.main.TestSuiteExecutor.accessTestCaseMainPhase(TestSuiteExecutor.java:129)
	at com.kms.katalon.core.main.TestSuiteExecutor.accessTestSuiteMainPhase(TestSuiteExecutor.java:112)
	at com.kms.katalon.core.main.TestSuiteExecutor.execute(TestSuiteExecutor.java:81)
	at com.kms.katalon.core.main.TestCaseMain.startTestSuite(TestCaseMain.java:149)
	at com.kms.katalon.core.main.TestCaseMain$startTestSuite$0.call(Unknown Source)
	at TempTestSuite1550476757023.run(TempTestSuite1550476757023.groovy:36)


2019-02-18 16:56:37 - [MESSAGE][FAILED] - Unable to call Test Case 'Test Cases/All TC/Arranged/2. Segment/OTC_Submit Form 7_End to End - Cheque' (Root cause: com.kms.katalon.core.exception.StepFailedException: Call Test Case 'Test Cases/All TC/Arranged/2. Segment/OTC_Submit Form 7_End to End - Cheque' failed)

2019-02-18 16:56:37 - [MESSAGE][FAILED] - callTestCase(findTestCase("All TC/Arranged/2. Segment/OTC_Submit Form 7_End to End - Cheque"), [:], STOP_ON_FAILURE) FAILED.
Reason:
com.kms.katalon.core.exception.StepFailedException: Unable to set text '10/01/2019' of object 'Object Repository/KeatMun/Form 7_default/OTC_Application_Reg/Page_PERKESO/11.Tarikh Terima_stampedDtS' (Root cause: com.kms.katalon.core.webui.exception.WebElementNotFoundException: Web element with id: 'Object Repository/KeatMun/Form 7_default/OTC_Application_Reg/Page_PERKESO/11.Tarikh Terima_stampedDtS' located by 'By.xpath: //input[@id = 'stampedDtStr' and @name = 'stampedDtStr' and @type = 'text']' not found)
	at com.kms.katalon.core.keyword.internal.KeywordMain.stepFailed(KeywordMain.groovy:36)
	at com.kms.katalon.core.webui.keyword.internal.WebUIKeywordMain.stepFailed(WebUIKeywordMain.groovy:65)
	at com.kms.katalon.core.webui.keyword.internal.WebUIKeywordMain.runKeyword(WebUIKeywordMain.groovy:27)
	at com.kms.katalon.core.webui.keyword.builtin.SetTextKeyword.setText(SetTextKeyword.groovy:65)
	at com.kms.katalon.core.webui.keyword.builtin.SetTextKeyword.execute(SetTextKeyword.groovy:37)
	at com.kms.katalon.core.keyword.internal.KeywordExecutor.executeKeywordForPlatform(KeywordExecutor.groovy:53)
	at com.kms.katalon.core.webui.keyword.WebUiBuiltInKeywords.setText(WebUiBuiltInKeywords.groovy:950)
	at com.kms.katalon.core.webui.keyword.WebUiBuiltInKeywords$setText$1.call(Unknown Source)
	at OTC_Application_Reg.run(OTC_Application_Reg:74)
	at com.kms.katalon.core.main.ScriptEngine.run(ScriptEngine.java:194)
	at com.kms.katalon.core.main.ScriptEngine.runScriptAsRawText(ScriptEngine.java:119)
	at com.kms.katalon.core.main.TestCaseExecutor.runScript(TestCaseExecutor.java:328)
	at com.kms.katalon.core.main.TestCaseExecutor.doExecute(TestCaseExecutor.java:319)
	at com.kms.katalon.core.main.TestCaseExecutor.processExecutionPhase(TestCaseExecutor.java:298)
	at com.kms.katalon.core.main.TestCaseExecutor.accessMainPhase(TestCaseExecutor.java:290)
	at com.kms.katalon.core.main.TestCaseExecutor.execute(TestCaseExecutor.java:224)
	at com.kms.katalon.core.main.TestCaseMain.runTestCase(TestCaseMain.java:106)
	at com.kms.katalon.core.keyword.builtin.CallTestCaseKeyword$_callTestCase_closure1.doCall(CallTestCaseKeyword.groovy:59)
	at com.kms.katalon.core.keyword.builtin.CallTestCaseKeyword$_callTestCase_closure1.call(CallTestCaseKeyword.groovy)
	at com.kms.katalon.core.keyword.internal.KeywordMain.runKeyword(KeywordMain.groovy:54)
	at com.kms.katalon.core.keyword.builtin.CallTestCaseKeyword.callTestCase(CallTestCaseKeyword.groovy:80)
	at com.kms.katalon.core.keyword.builtin.CallTestCaseKeyword.execute(CallTestCaseKeyword.groovy:44)
	at com.kms.katalon.core.keyword.internal.KeywordExecutor.executeKeywordForPlatform(KeywordExecutor.groovy:53)
	at com.kms.katalon.core.keyword.BuiltinKeywords.callTestCase(BuiltinKeywords.groovy:334)
	at OTC_Submit Form 7_End to End - Cheque.run(OTC_Submit Form 7_End to End - Cheque:16)
	at com.kms.katalon.core.main.ScriptEngine.run(ScriptEngine.java:194)
	at com.kms.katalon.core.main.ScriptEngine.runScriptAsRawText(ScriptEngine.java:119)
	at com.kms.katalon.core.main.TestCaseExecutor.runScript(TestCaseExecutor.java:328)
	at com.kms.katalon.core.main.TestCaseExecutor.doExecute(TestCaseExecutor.java:319)
	at com.kms.katalon.core.main.TestCaseExecutor.processExecutionPhase(TestCaseExecutor.java:298)
	at com.kms.katalon.core.main.TestCaseExecutor.accessMainPhase(TestCaseExecutor.java:290)
	at com.kms.katalon.core.main.TestCaseExecutor.execute(TestCaseExecutor.java:224)
	at com.kms.katalon.core.main.TestCaseMain.runTestCase(TestCaseMain.java:106)
	at com.kms.katalon.core.keyword.builtin.CallTestCaseKeyword$_callTestCase_closure1.doCall(CallTestCaseKeyword.groovy:59)
	at com.kms.katalon.core.keyword.builtin.CallTestCaseKeyword$_callTestCase_closure1.call(CallTestCaseKeyword.groovy)
	at com.kms.katalon.core.keyword.internal.KeywordMain.runKeyword(KeywordMain.groovy:54)
	at com.kms.katalon.core.keyword.builtin.CallTestCaseKeyword.callTestCase(CallTestCaseKeyword.groovy:80)
	at com.kms.katalon.core.keyword.builtin.CallTestCaseKeyword.execute(CallTestCaseKeyword.groovy:44)
	at com.kms.katalon.core.keyword.internal.KeywordExecutor.executeKeywordForPlatform(KeywordExecutor.groovy:53)
	at com.kms.katalon.core.keyword.BuiltinKeywords.callTestCase(BuiltinKeywords.groovy:334)
	at Approve Claim - Full - DA Cheque.run(Approve Claim - Full - DA Cheque:16)
	at com.kms.katalon.core.main.ScriptEngine.run(ScriptEngine.java:194)
	at com.kms.katalon.core.main.ScriptEngine.runScriptAsRawText(ScriptEngine.java:119)
	at com.kms.katalon.core.main.TestCaseExecutor.runScript(TestCaseExecutor.java:328)
	at com.kms.katalon.core.main.TestCaseExecutor.doExecute(TestCaseExecutor.java:319)
	at com.kms.katalon.core.main.TestCaseExecutor.processExecutionPhase(TestCaseExecutor.java:298)
	at com.kms.katalon.core.main.TestCaseExecutor.accessMainPhase(TestCaseExecutor.java:290)
	at com.kms.katalon.core.main.TestCaseExecutor.execute(TestCaseExecutor.java:224)
	at com.kms.katalon.core.main.TestSuiteExecutor.accessTestCaseMainPhase(TestSuiteExecutor.java:129)
	at com.kms.katalon.core.main.TestSuiteExecutor.accessTestSuiteMainPhase(TestSuiteExecutor.java:112)
	at com.kms.katalon.core.main.TestSuiteExecutor.execute(TestSuiteExecutor.java:81)
	at com.kms.katalon.core.main.TestCaseMain.startTestSuite(TestCaseMain.java:149)
	at com.kms.katalon.core.main.TestCaseMain$startTestSuite$0.call(Unknown Source)
	at TempTestSuite1550476757023.run(TempTestSuite1550476757023.groovy:36)]]></system-out>
         <system-err><![CDATA[2019-02-18 16:54:46 - [TEST_CASE][FAILED] - Test Cases/All TC/Arranged/0. Full Flow/Approve Claim - Full - DA Cheque: Test Cases/All TC/Arranged/0. Full Flow/Approve Claim - Full - DA Cheque FAILED.
Reason:
com.kms.katalon.core.exception.StepFailedException: Unable to set text '10/01/2019' of object 'Object Repository/KeatMun/Form 7_default/OTC_Application_Reg/Page_PERKESO/11.Tarikh Terima_stampedDtS' (Root cause: com.kms.katalon.core.webui.exception.WebElementNotFoundException: Web element with id: 'Object Repository/KeatMun/Form 7_default/OTC_Application_Reg/Page_PERKESO/11.Tarikh Terima_stampedDtS' located by 'By.xpath: //input[@id = 'stampedDtStr' and @name = 'stampedDtStr' and @type = 'text']' not found)
	at com.kms.katalon.core.keyword.internal.KeywordMain.stepFailed(KeywordMain.groovy:36)
	at com.kms.katalon.core.webui.keyword.internal.WebUIKeywordMain.stepFailed(WebUIKeywordMain.groovy:65)
	at com.kms.katalon.core.webui.keyword.internal.WebUIKeywordMain.runKeyword(WebUIKeywordMain.groovy:27)
	at com.kms.katalon.core.webui.keyword.builtin.SetTextKeyword.setText(SetTextKeyword.groovy:65)
	at com.kms.katalon.core.webui.keyword.builtin.SetTextKeyword.execute(SetTextKeyword.groovy:37)
	at com.kms.katalon.core.keyword.internal.KeywordExecutor.executeKeywordForPlatform(KeywordExecutor.groovy:53)
	at com.kms.katalon.core.webui.keyword.WebUiBuiltInKeywords.setText(WebUiBuiltInKeywords.groovy:950)
	at com.kms.katalon.core.webui.keyword.WebUiBuiltInKeywords$setText$1.call(Unknown Source)
	at OTC_Application_Reg.run(OTC_Application_Reg:74)
	at com.kms.katalon.core.main.ScriptEngine.run(ScriptEngine.java:194)
	at com.kms.katalon.core.main.ScriptEngine.runScriptAsRawText(ScriptEngine.java:119)
	at com.kms.katalon.core.main.TestCaseExecutor.runScript(TestCaseExecutor.java:328)
	at com.kms.katalon.core.main.TestCaseExecutor.doExecute(TestCaseExecutor.java:319)
	at com.kms.katalon.core.main.TestCaseExecutor.processExecutionPhase(TestCaseExecutor.java:298)
	at com.kms.katalon.core.main.TestCaseExecutor.accessMainPhase(TestCaseExecutor.java:290)
	at com.kms.katalon.core.main.TestCaseExecutor.execute(TestCaseExecutor.java:224)
	at com.kms.katalon.core.main.TestCaseMain.runTestCase(TestCaseMain.java:106)
	at com.kms.katalon.core.keyword.builtin.CallTestCaseKeyword$_callTestCase_closure1.doCall(CallTestCaseKeyword.groovy:59)
	at com.kms.katalon.core.keyword.builtin.CallTestCaseKeyword$_callTestCase_closure1.call(CallTestCaseKeyword.groovy)
	at com.kms.katalon.core.keyword.internal.KeywordMain.runKeyword(KeywordMain.groovy:54)
	at com.kms.katalon.core.keyword.builtin.CallTestCaseKeyword.callTestCase(CallTestCaseKeyword.groovy:80)
	at com.kms.katalon.core.keyword.builtin.CallTestCaseKeyword.execute(CallTestCaseKeyword.groovy:44)
	at com.kms.katalon.core.keyword.internal.KeywordExecutor.executeKeywordForPlatform(KeywordExecutor.groovy:53)
	at com.kms.katalon.core.keyword.BuiltinKeywords.callTestCase(BuiltinKeywords.groovy:334)
	at OTC_Submit Form 7_End to End - Cheque.run(OTC_Submit Form 7_End to End - Cheque:16)
	at com.kms.katalon.core.main.ScriptEngine.run(ScriptEngine.java:194)
	at com.kms.katalon.core.main.ScriptEngine.runScriptAsRawText(ScriptEngine.java:119)
	at com.kms.katalon.core.main.TestCaseExecutor.runScript(TestCaseExecutor.java:328)
	at com.kms.katalon.core.main.TestCaseExecutor.doExecute(TestCaseExecutor.java:319)
	at com.kms.katalon.core.main.TestCaseExecutor.processExecutionPhase(TestCaseExecutor.java:298)
	at com.kms.katalon.core.main.TestCaseExecutor.accessMainPhase(TestCaseExecutor.java:290)
	at com.kms.katalon.core.main.TestCaseExecutor.execute(TestCaseExecutor.java:224)
	at com.kms.katalon.core.main.TestCaseMain.runTestCase(TestCaseMain.java:106)
	at com.kms.katalon.core.keyword.builtin.CallTestCaseKeyword$_callTestCase_closure1.doCall(CallTestCaseKeyword.groovy:59)
	at com.kms.katalon.core.keyword.builtin.CallTestCaseKeyword$_callTestCase_closure1.call(CallTestCaseKeyword.groovy)
	at com.kms.katalon.core.keyword.internal.KeywordMain.runKeyword(KeywordMain.groovy:54)
	at com.kms.katalon.core.keyword.builtin.CallTestCaseKeyword.callTestCase(CallTestCaseKeyword.groovy:80)
	at com.kms.katalon.core.keyword.builtin.CallTestCaseKeyword.execute(CallTestCaseKeyword.groovy:44)
	at com.kms.katalon.core.keyword.internal.KeywordExecutor.executeKeywordForPlatform(KeywordExecutor.groovy:53)
	at com.kms.katalon.core.keyword.BuiltinKeywords.callTestCase(BuiltinKeywords.groovy:334)
	at Approve Claim - Full - DA Cheque.run(Approve Claim - Full - DA Cheque:16)
	at com.kms.katalon.core.main.ScriptEngine.run(ScriptEngine.java:194)
	at com.kms.katalon.core.main.ScriptEngine.runScriptAsRawText(ScriptEngine.java:119)
	at com.kms.katalon.core.main.TestCaseExecutor.runScript(TestCaseExecutor.java:328)
	at com.kms.katalon.core.main.TestCaseExecutor.doExecute(TestCaseExecutor.java:319)
	at com.kms.katalon.core.main.TestCaseExecutor.processExecutionPhase(TestCaseExecutor.java:298)
	at com.kms.katalon.core.main.TestCaseExecutor.accessMainPhase(TestCaseExecutor.java:290)
	at com.kms.katalon.core.main.TestCaseExecutor.execute(TestCaseExecutor.java:224)
	at com.kms.katalon.core.main.TestSuiteExecutor.accessTestCaseMainPhase(TestSuiteExecutor.java:129)
	at com.kms.katalon.core.main.TestSuiteExecutor.accessTestSuiteMainPhase(TestSuiteExecutor.java:112)
	at com.kms.katalon.core.main.TestSuiteExecutor.execute(TestSuiteExecutor.java:81)
	at com.kms.katalon.core.main.TestCaseMain.startTestSuite(TestCaseMain.java:149)
	at com.kms.katalon.core.main.TestCaseMain$startTestSuite$0.call(Unknown Source)
	at TempTestSuite1550476757023.run(TempTestSuite1550476757023.groovy:36)]]></system-err>
      </testcase>
      <testcase name="Test Cases/All TC/Arranged/0. Full Flow/Approve Claim - Fill Up UJP - by OB" classname="Test Cases/All TC/Arranged/0. Full Flow/Approve Claim - Fill Up UJP - by OB" status="FAILED">
         <failure type="FAILED" message="Test Cases/All TC/Arranged/0. Full Flow/Approve Claim - Fill Up UJP - by OB FAILED.
Reason:
com.kms.katalon.core.exception.StepFailedException: Unable to set text '10/01/2019' of object 'Object Repository/KeatMun/Form 7_default/OTC_Application_Reg/Page_PERKESO/11.Tarikh Terima_stampedDtS' (Root cause: com.kms.katalon.core.webui.exception.WebElementNotFoundException: Web element with id: 'Object Repository/KeatMun/Form 7_default/OTC_Application_Reg/Page_PERKESO/11.Tarikh Terima_stampedDtS' located by 'By.xpath: //input[@id = 'stampedDtStr' and @name = 'stampedDtStr' and @type = 'text']' not found)
	at com.kms.katalon.core.keyword.internal.KeywordMain.stepFailed(KeywordMain.groovy:36)
	at com.kms.katalon.core.webui.keyword.internal.WebUIKeywordMain.stepFailed(WebUIKeywordMain.groovy:65)
	at com.kms.katalon.core.webui.keyword.internal.WebUIKeywordMain.runKeyword(WebUIKeywordMain.groovy:27)
	at com.kms.katalon.core.webui.keyword.builtin.SetTextKeyword.setText(SetTextKeyword.groovy:65)
	at com.kms.katalon.core.webui.keyword.builtin.SetTextKeyword.execute(SetTextKeyword.groovy:37)
	at com.kms.katalon.core.keyword.internal.KeywordExecutor.executeKeywordForPlatform(KeywordExecutor.groovy:53)
	at com.kms.katalon.core.webui.keyword.WebUiBuiltInKeywords.setText(WebUiBuiltInKeywords.groovy:950)
	at com.kms.katalon.core.webui.keyword.WebUiBuiltInKeywords$setText$1.call(Unknown Source)
	at OTC_Application_Reg.run(OTC_Application_Reg:74)
	at com.kms.katalon.core.main.ScriptEngine.run(ScriptEngine.java:194)
	at com.kms.katalon.core.main.ScriptEngine.runScriptAsRawText(ScriptEngine.java:119)
	at com.kms.katalon.core.main.TestCaseExecutor.runScript(TestCaseExecutor.java:328)
	at com.kms.katalon.core.main.TestCaseExecutor.doExecute(TestCaseExecutor.java:319)
	at com.kms.katalon.core.main.TestCaseExecutor.processExecutionPhase(TestCaseExecutor.java:298)
	at com.kms.katalon.core.main.TestCaseExecutor.accessMainPhase(TestCaseExecutor.java:290)
	at com.kms.katalon.core.main.TestCaseExecutor.execute(TestCaseExecutor.java:224)
	at com.kms.katalon.core.main.TestCaseMain.runTestCase(TestCaseMain.java:106)
	at com.kms.katalon.core.keyword.builtin.CallTestCaseKeyword$_callTestCase_closure1.doCall(CallTestCaseKeyword.groovy:59)
	at com.kms.katalon.core.keyword.builtin.CallTestCaseKeyword$_callTestCase_closure1.call(CallTestCaseKeyword.groovy)
	at com.kms.katalon.core.keyword.internal.KeywordMain.runKeyword(KeywordMain.groovy:54)
	at com.kms.katalon.core.keyword.builtin.CallTestCaseKeyword.callTestCase(CallTestCaseKeyword.groovy:80)
	at com.kms.katalon.core.keyword.builtin.CallTestCaseKeyword.execute(CallTestCaseKeyword.groovy:44)
	at com.kms.katalon.core.keyword.internal.KeywordExecutor.executeKeywordForPlatform(KeywordExecutor.groovy:53)
	at com.kms.katalon.core.keyword.BuiltinKeywords.callTestCase(BuiltinKeywords.groovy:334)
	at OTC_Submit Form 7_End to End - Cheque.run(OTC_Submit Form 7_End to End - Cheque:16)
	at com.kms.katalon.core.main.ScriptEngine.run(ScriptEngine.java:194)
	at com.kms.katalon.core.main.ScriptEngine.runScriptAsRawText(ScriptEngine.java:119)
	at com.kms.katalon.core.main.TestCaseExecutor.runScript(TestCaseExecutor.java:328)
	at com.kms.katalon.core.main.TestCaseExecutor.doExecute(TestCaseExecutor.java:319)
	at com.kms.katalon.core.main.TestCaseExecutor.processExecutionPhase(TestCaseExecutor.java:298)
	at com.kms.katalon.core.main.TestCaseExecutor.accessMainPhase(TestCaseExecutor.java:290)
	at com.kms.katalon.core.main.TestCaseExecutor.execute(TestCaseExecutor.java:224)
	at com.kms.katalon.core.main.TestCaseMain.runTestCase(TestCaseMain.java:106)
	at com.kms.katalon.core.keyword.builtin.CallTestCaseKeyword$_callTestCase_closure1.doCall(CallTestCaseKeyword.groovy:59)
	at com.kms.katalon.core.keyword.builtin.CallTestCaseKeyword$_callTestCase_closure1.call(CallTestCaseKeyword.groovy)
	at com.kms.katalon.core.keyword.internal.KeywordMain.runKeyword(KeywordMain.groovy:54)
	at com.kms.katalon.core.keyword.builtin.CallTestCaseKeyword.callTestCase(CallTestCaseKeyword.groovy:80)
	at com.kms.katalon.core.keyword.builtin.CallTestCaseKeyword.execute(CallTestCaseKeyword.groovy:44)
	at com.kms.katalon.core.keyword.internal.KeywordExecutor.executeKeywordForPlatform(KeywordExecutor.groovy:53)
	at com.kms.katalon.core.keyword.BuiltinKeywords.callTestCase(BuiltinKeywords.groovy:334)
	at Approve Claim - Fill Up UJP - by OB.run(Approve Claim - Fill Up UJP - by OB:16)
	at com.kms.katalon.core.main.ScriptEngine.run(ScriptEngine.java:194)
	at com.kms.katalon.core.main.ScriptEngine.runScriptAsRawText(ScriptEngine.java:119)
	at com.kms.katalon.core.main.TestCaseExecutor.runScript(TestCaseExecutor.java:328)
	at com.kms.katalon.core.main.TestCaseExecutor.doExecute(TestCaseExecutor.java:319)
	at com.kms.katalon.core.main.TestCaseExecutor.processExecutionPhase(TestCaseExecutor.java:298)
	at com.kms.katalon.core.main.TestCaseExecutor.accessMainPhase(TestCaseExecutor.java:290)
	at com.kms.katalon.core.main.TestCaseExecutor.execute(TestCaseExecutor.java:224)
	at com.kms.katalon.core.main.TestSuiteExecutor.accessTestCaseMainPhase(TestSuiteExecutor.java:129)
	at com.kms.katalon.core.main.TestSuiteExecutor.accessTestSuiteMainPhase(TestSuiteExecutor.java:112)
	at com.kms.katalon.core.main.TestSuiteExecutor.execute(TestSuiteExecutor.java:81)
	at com.kms.katalon.core.main.TestCaseMain.startTestSuite(TestCaseMain.java:149)
	at com.kms.katalon.core.main.TestCaseMain$startTestSuite$0.call(Unknown Source)
	at TempTestSuite1550476757023.run(TempTestSuite1550476757023.groovy:36)
"/>
         <system-out><![CDATA[2019-02-18 16:56:37 - [TEST_CASE][FAILED] - Test Cases/All TC/Arranged/0. Full Flow/Approve Claim - Fill Up UJP - by OB: Test Cases/All TC/Arranged/0. Full Flow/Approve Claim - Fill Up UJP - by OB FAILED.
Reason:
com.kms.katalon.core.exception.StepFailedException: Unable to set text '10/01/2019' of object 'Object Repository/KeatMun/Form 7_default/OTC_Application_Reg/Page_PERKESO/11.Tarikh Terima_stampedDtS' (Root cause: com.kms.katalon.core.webui.exception.WebElementNotFoundException: Web element with id: 'Object Repository/KeatMun/Form 7_default/OTC_Application_Reg/Page_PERKESO/11.Tarikh Terima_stampedDtS' located by 'By.xpath: //input[@id = 'stampedDtStr' and @name = 'stampedDtStr' and @type = 'text']' not found)
	at com.kms.katalon.core.keyword.internal.KeywordMain.stepFailed(KeywordMain.groovy:36)
	at com.kms.katalon.core.webui.keyword.internal.WebUIKeywordMain.stepFailed(WebUIKeywordMain.groovy:65)
	at com.kms.katalon.core.webui.keyword.internal.WebUIKeywordMain.runKeyword(WebUIKeywordMain.groovy:27)
	at com.kms.katalon.core.webui.keyword.builtin.SetTextKeyword.setText(SetTextKeyword.groovy:65)
	at com.kms.katalon.core.webui.keyword.builtin.SetTextKeyword.execute(SetTextKeyword.groovy:37)
	at com.kms.katalon.core.keyword.internal.KeywordExecutor.executeKeywordForPlatform(KeywordExecutor.groovy:53)
	at com.kms.katalon.core.webui.keyword.WebUiBuiltInKeywords.setText(WebUiBuiltInKeywords.groovy:950)
	at com.kms.katalon.core.webui.keyword.WebUiBuiltInKeywords$setText$1.call(Unknown Source)
	at OTC_Application_Reg.run(OTC_Application_Reg:74)
	at com.kms.katalon.core.main.ScriptEngine.run(ScriptEngine.java:194)
	at com.kms.katalon.core.main.ScriptEngine.runScriptAsRawText(ScriptEngine.java:119)
	at com.kms.katalon.core.main.TestCaseExecutor.runScript(TestCaseExecutor.java:328)
	at com.kms.katalon.core.main.TestCaseExecutor.doExecute(TestCaseExecutor.java:319)
	at com.kms.katalon.core.main.TestCaseExecutor.processExecutionPhase(TestCaseExecutor.java:298)
	at com.kms.katalon.core.main.TestCaseExecutor.accessMainPhase(TestCaseExecutor.java:290)
	at com.kms.katalon.core.main.TestCaseExecutor.execute(TestCaseExecutor.java:224)
	at com.kms.katalon.core.main.TestCaseMain.runTestCase(TestCaseMain.java:106)
	at com.kms.katalon.core.keyword.builtin.CallTestCaseKeyword$_callTestCase_closure1.doCall(CallTestCaseKeyword.groovy:59)
	at com.kms.katalon.core.keyword.builtin.CallTestCaseKeyword$_callTestCase_closure1.call(CallTestCaseKeyword.groovy)
	at com.kms.katalon.core.keyword.internal.KeywordMain.runKeyword(KeywordMain.groovy:54)
	at com.kms.katalon.core.keyword.builtin.CallTestCaseKeyword.callTestCase(CallTestCaseKeyword.groovy:80)
	at com.kms.katalon.core.keyword.builtin.CallTestCaseKeyword.execute(CallTestCaseKeyword.groovy:44)
	at com.kms.katalon.core.keyword.internal.KeywordExecutor.executeKeywordForPlatform(KeywordExecutor.groovy:53)
	at com.kms.katalon.core.keyword.BuiltinKeywords.callTestCase(BuiltinKeywords.groovy:334)
	at OTC_Submit Form 7_End to End - Cheque.run(OTC_Submit Form 7_End to End - Cheque:16)
	at com.kms.katalon.core.main.ScriptEngine.run(ScriptEngine.java:194)
	at com.kms.katalon.core.main.ScriptEngine.runScriptAsRawText(ScriptEngine.java:119)
	at com.kms.katalon.core.main.TestCaseExecutor.runScript(TestCaseExecutor.java:328)
	at com.kms.katalon.core.main.TestCaseExecutor.doExecute(TestCaseExecutor.java:319)
	at com.kms.katalon.core.main.TestCaseExecutor.processExecutionPhase(TestCaseExecutor.java:298)
	at com.kms.katalon.core.main.TestCaseExecutor.accessMainPhase(TestCaseExecutor.java:290)
	at com.kms.katalon.core.main.TestCaseExecutor.execute(TestCaseExecutor.java:224)
	at com.kms.katalon.core.main.TestCaseMain.runTestCase(TestCaseMain.java:106)
	at com.kms.katalon.core.keyword.builtin.CallTestCaseKeyword$_callTestCase_closure1.doCall(CallTestCaseKeyword.groovy:59)
	at com.kms.katalon.core.keyword.builtin.CallTestCaseKeyword$_callTestCase_closure1.call(CallTestCaseKeyword.groovy)
	at com.kms.katalon.core.keyword.internal.KeywordMain.runKeyword(KeywordMain.groovy:54)
	at com.kms.katalon.core.keyword.builtin.CallTestCaseKeyword.callTestCase(CallTestCaseKeyword.groovy:80)
	at com.kms.katalon.core.keyword.builtin.CallTestCaseKeyword.execute(CallTestCaseKeyword.groovy:44)
	at com.kms.katalon.core.keyword.internal.KeywordExecutor.executeKeywordForPlatform(KeywordExecutor.groovy:53)
	at com.kms.katalon.core.keyword.BuiltinKeywords.callTestCase(BuiltinKeywords.groovy:334)
	at Approve Claim - Fill Up UJP - by OB.run(Approve Claim - Fill Up UJP - by OB:16)
	at com.kms.katalon.core.main.ScriptEngine.run(ScriptEngine.java:194)
	at com.kms.katalon.core.main.ScriptEngine.runScriptAsRawText(ScriptEngine.java:119)
	at com.kms.katalon.core.main.TestCaseExecutor.runScript(TestCaseExecutor.java:328)
	at com.kms.katalon.core.main.TestCaseExecutor.doExecute(TestCaseExecutor.java:319)
	at com.kms.katalon.core.main.TestCaseExecutor.processExecutionPhase(TestCaseExecutor.java:298)
	at com.kms.katalon.core.main.TestCaseExecutor.accessMainPhase(TestCaseExecutor.java:290)
	at com.kms.katalon.core.main.TestCaseExecutor.execute(TestCaseExecutor.java:224)
	at com.kms.katalon.core.main.TestSuiteExecutor.accessTestCaseMainPhase(TestSuiteExecutor.java:129)
	at com.kms.katalon.core.main.TestSuiteExecutor.accessTestSuiteMainPhase(TestSuiteExecutor.java:112)
	at com.kms.katalon.core.main.TestSuiteExecutor.execute(TestSuiteExecutor.java:81)
	at com.kms.katalon.core.main.TestCaseMain.startTestSuite(TestCaseMain.java:149)
	at com.kms.katalon.core.main.TestCaseMain$startTestSuite$0.call(Unknown Source)
	at TempTestSuite1550476757023.run(TempTestSuite1550476757023.groovy:36)


2019-02-18 16:56:38 - [TEST_STEP][FAILED] - callTestCase(findTestCase("All TC/Arranged/2. Segment/OTC_Submit Form 7_End to End - Cheque"), [:], STOP_ON_FAILURE): callTestCase(findTestCase("All TC/Arranged/2. Segment/OTC_Submit Form 7_End to End - Cheque"), [:], STOP_ON_FAILURE) FAILED.
Reason:
com.kms.katalon.core.exception.StepFailedException: Unable to set text '10/01/2019' of object 'Object Repository/KeatMun/Form 7_default/OTC_Application_Reg/Page_PERKESO/11.Tarikh Terima_stampedDtS' (Root cause: com.kms.katalon.core.webui.exception.WebElementNotFoundException: Web element with id: 'Object Repository/KeatMun/Form 7_default/OTC_Application_Reg/Page_PERKESO/11.Tarikh Terima_stampedDtS' located by 'By.xpath: //input[@id = 'stampedDtStr' and @name = 'stampedDtStr' and @type = 'text']' not found)
	at com.kms.katalon.core.keyword.internal.KeywordMain.stepFailed(KeywordMain.groovy:36)
	at com.kms.katalon.core.webui.keyword.internal.WebUIKeywordMain.stepFailed(WebUIKeywordMain.groovy:65)
	at com.kms.katalon.core.webui.keyword.internal.WebUIKeywordMain.runKeyword(WebUIKeywordMain.groovy:27)
	at com.kms.katalon.core.webui.keyword.builtin.SetTextKeyword.setText(SetTextKeyword.groovy:65)
	at com.kms.katalon.core.webui.keyword.builtin.SetTextKeyword.execute(SetTextKeyword.groovy:37)
	at com.kms.katalon.core.keyword.internal.KeywordExecutor.executeKeywordForPlatform(KeywordExecutor.groovy:53)
	at com.kms.katalon.core.webui.keyword.WebUiBuiltInKeywords.setText(WebUiBuiltInKeywords.groovy:950)
	at com.kms.katalon.core.webui.keyword.WebUiBuiltInKeywords$setText$1.call(Unknown Source)
	at OTC_Application_Reg.run(OTC_Application_Reg:74)
	at com.kms.katalon.core.main.ScriptEngine.run(ScriptEngine.java:194)
	at com.kms.katalon.core.main.ScriptEngine.runScriptAsRawText(ScriptEngine.java:119)
	at com.kms.katalon.core.main.TestCaseExecutor.runScript(TestCaseExecutor.java:328)
	at com.kms.katalon.core.main.TestCaseExecutor.doExecute(TestCaseExecutor.java:319)
	at com.kms.katalon.core.main.TestCaseExecutor.processExecutionPhase(TestCaseExecutor.java:298)
	at com.kms.katalon.core.main.TestCaseExecutor.accessMainPhase(TestCaseExecutor.java:290)
	at com.kms.katalon.core.main.TestCaseExecutor.execute(TestCaseExecutor.java:224)
	at com.kms.katalon.core.main.TestCaseMain.runTestCase(TestCaseMain.java:106)
	at com.kms.katalon.core.keyword.builtin.CallTestCaseKeyword$_callTestCase_closure1.doCall(CallTestCaseKeyword.groovy:59)
	at com.kms.katalon.core.keyword.builtin.CallTestCaseKeyword$_callTestCase_closure1.call(CallTestCaseKeyword.groovy)
	at com.kms.katalon.core.keyword.internal.KeywordMain.runKeyword(KeywordMain.groovy:54)
	at com.kms.katalon.core.keyword.builtin.CallTestCaseKeyword.callTestCase(CallTestCaseKeyword.groovy:80)
	at com.kms.katalon.core.keyword.builtin.CallTestCaseKeyword.execute(CallTestCaseKeyword.groovy:44)
	at com.kms.katalon.core.keyword.internal.KeywordExecutor.executeKeywordForPlatform(KeywordExecutor.groovy:53)
	at com.kms.katalon.core.keyword.BuiltinKeywords.callTestCase(BuiltinKeywords.groovy:334)
	at OTC_Submit Form 7_End to End - Cheque.run(OTC_Submit Form 7_End to End - Cheque:16)
	at com.kms.katalon.core.main.ScriptEngine.run(ScriptEngine.java:194)
	at com.kms.katalon.core.main.ScriptEngine.runScriptAsRawText(ScriptEngine.java:119)
	at com.kms.katalon.core.main.TestCaseExecutor.runScript(TestCaseExecutor.java:328)
	at com.kms.katalon.core.main.TestCaseExecutor.doExecute(TestCaseExecutor.java:319)
	at com.kms.katalon.core.main.TestCaseExecutor.processExecutionPhase(TestCaseExecutor.java:298)
	at com.kms.katalon.core.main.TestCaseExecutor.accessMainPhase(TestCaseExecutor.java:290)
	at com.kms.katalon.core.main.TestCaseExecutor.execute(TestCaseExecutor.java:224)
	at com.kms.katalon.core.main.TestCaseMain.runTestCase(TestCaseMain.java:106)
	at com.kms.katalon.core.keyword.builtin.CallTestCaseKeyword$_callTestCase_closure1.doCall(CallTestCaseKeyword.groovy:59)
	at com.kms.katalon.core.keyword.builtin.CallTestCaseKeyword$_callTestCase_closure1.call(CallTestCaseKeyword.groovy)
	at com.kms.katalon.core.keyword.internal.KeywordMain.runKeyword(KeywordMain.groovy:54)
	at com.kms.katalon.core.keyword.builtin.CallTestCaseKeyword.callTestCase(CallTestCaseKeyword.groovy:80)
	at com.kms.katalon.core.keyword.builtin.CallTestCaseKeyword.execute(CallTestCaseKeyword.groovy:44)
	at com.kms.katalon.core.keyword.internal.KeywordExecutor.executeKeywordForPlatform(KeywordExecutor.groovy:53)
	at com.kms.katalon.core.keyword.BuiltinKeywords.callTestCase(BuiltinKeywords.groovy:334)
	at Approve Claim - Fill Up UJP - by OB.run(Approve Claim - Fill Up UJP - by OB:16)
	at com.kms.katalon.core.main.ScriptEngine.run(ScriptEngine.java:194)
	at com.kms.katalon.core.main.ScriptEngine.runScriptAsRawText(ScriptEngine.java:119)
	at com.kms.katalon.core.main.TestCaseExecutor.runScript(TestCaseExecutor.java:328)
	at com.kms.katalon.core.main.TestCaseExecutor.doExecute(TestCaseExecutor.java:319)
	at com.kms.katalon.core.main.TestCaseExecutor.processExecutionPhase(TestCaseExecutor.java:298)
	at com.kms.katalon.core.main.TestCaseExecutor.accessMainPhase(TestCaseExecutor.java:290)
	at com.kms.katalon.core.main.TestCaseExecutor.execute(TestCaseExecutor.java:224)
	at com.kms.katalon.core.main.TestSuiteExecutor.accessTestCaseMainPhase(TestSuiteExecutor.java:129)
	at com.kms.katalon.core.main.TestSuiteExecutor.accessTestSuiteMainPhase(TestSuiteExecutor.java:112)
	at com.kms.katalon.core.main.TestSuiteExecutor.execute(TestSuiteExecutor.java:81)
	at com.kms.katalon.core.main.TestCaseMain.startTestSuite(TestCaseMain.java:149)
	at com.kms.katalon.core.main.TestCaseMain$startTestSuite$0.call(Unknown Source)
	at TempTestSuite1550476757023.run(TempTestSuite1550476757023.groovy:36)


2019-02-18 16:56:38 - [TEST_CASE][FAILED] - Test Cases/All TC/Arranged/2. Segment/OTC_Submit Form 7_End to End - Cheque: Test Cases/All TC/Arranged/2. Segment/OTC_Submit Form 7_End to End - Cheque FAILED.
Reason:
com.kms.katalon.core.exception.StepFailedException: Unable to set text '10/01/2019' of object 'Object Repository/KeatMun/Form 7_default/OTC_Application_Reg/Page_PERKESO/11.Tarikh Terima_stampedDtS' (Root cause: com.kms.katalon.core.webui.exception.WebElementNotFoundException: Web element with id: 'Object Repository/KeatMun/Form 7_default/OTC_Application_Reg/Page_PERKESO/11.Tarikh Terima_stampedDtS' located by 'By.xpath: //input[@id = 'stampedDtStr' and @name = 'stampedDtStr' and @type = 'text']' not found)
	at com.kms.katalon.core.keyword.internal.KeywordMain.stepFailed(KeywordMain.groovy:36)
	at com.kms.katalon.core.webui.keyword.internal.WebUIKeywordMain.stepFailed(WebUIKeywordMain.groovy:65)
	at com.kms.katalon.core.webui.keyword.internal.WebUIKeywordMain.runKeyword(WebUIKeywordMain.groovy:27)
	at com.kms.katalon.core.webui.keyword.builtin.SetTextKeyword.setText(SetTextKeyword.groovy:65)
	at com.kms.katalon.core.webui.keyword.builtin.SetTextKeyword.execute(SetTextKeyword.groovy:37)
	at com.kms.katalon.core.keyword.internal.KeywordExecutor.executeKeywordForPlatform(KeywordExecutor.groovy:53)
	at com.kms.katalon.core.webui.keyword.WebUiBuiltInKeywords.setText(WebUiBuiltInKeywords.groovy:950)
	at com.kms.katalon.core.webui.keyword.WebUiBuiltInKeywords$setText$1.call(Unknown Source)
	at OTC_Application_Reg.run(OTC_Application_Reg:74)
	at com.kms.katalon.core.main.ScriptEngine.run(ScriptEngine.java:194)
	at com.kms.katalon.core.main.ScriptEngine.runScriptAsRawText(ScriptEngine.java:119)
	at com.kms.katalon.core.main.TestCaseExecutor.runScript(TestCaseExecutor.java:328)
	at com.kms.katalon.core.main.TestCaseExecutor.doExecute(TestCaseExecutor.java:319)
	at com.kms.katalon.core.main.TestCaseExecutor.processExecutionPhase(TestCaseExecutor.java:298)
	at com.kms.katalon.core.main.TestCaseExecutor.accessMainPhase(TestCaseExecutor.java:290)
	at com.kms.katalon.core.main.TestCaseExecutor.execute(TestCaseExecutor.java:224)
	at com.kms.katalon.core.main.TestCaseMain.runTestCase(TestCaseMain.java:106)
	at com.kms.katalon.core.keyword.builtin.CallTestCaseKeyword$_callTestCase_closure1.doCall(CallTestCaseKeyword.groovy:59)
	at com.kms.katalon.core.keyword.builtin.CallTestCaseKeyword$_callTestCase_closure1.call(CallTestCaseKeyword.groovy)
	at com.kms.katalon.core.keyword.internal.KeywordMain.runKeyword(KeywordMain.groovy:54)
	at com.kms.katalon.core.keyword.builtin.CallTestCaseKeyword.callTestCase(CallTestCaseKeyword.groovy:80)
	at com.kms.katalon.core.keyword.builtin.CallTestCaseKeyword.execute(CallTestCaseKeyword.groovy:44)
	at com.kms.katalon.core.keyword.internal.KeywordExecutor.executeKeywordForPlatform(KeywordExecutor.groovy:53)
	at com.kms.katalon.core.keyword.BuiltinKeywords.callTestCase(BuiltinKeywords.groovy:334)
	at OTC_Submit Form 7_End to End - Cheque.run(OTC_Submit Form 7_End to End - Cheque:16)
	at com.kms.katalon.core.main.ScriptEngine.run(ScriptEngine.java:194)
	at com.kms.katalon.core.main.ScriptEngine.runScriptAsRawText(ScriptEngine.java:119)
	at com.kms.katalon.core.main.TestCaseExecutor.runScript(TestCaseExecutor.java:328)
	at com.kms.katalon.core.main.TestCaseExecutor.doExecute(TestCaseExecutor.java:319)
	at com.kms.katalon.core.main.TestCaseExecutor.processExecutionPhase(TestCaseExecutor.java:298)
	at com.kms.katalon.core.main.TestCaseExecutor.accessMainPhase(TestCaseExecutor.java:290)
	at com.kms.katalon.core.main.TestCaseExecutor.execute(TestCaseExecutor.java:224)
	at com.kms.katalon.core.main.TestCaseMain.runTestCase(TestCaseMain.java:106)
	at com.kms.katalon.core.keyword.builtin.CallTestCaseKeyword$_callTestCase_closure1.doCall(CallTestCaseKeyword.groovy:59)
	at com.kms.katalon.core.keyword.builtin.CallTestCaseKeyword$_callTestCase_closure1.call(CallTestCaseKeyword.groovy)
	at com.kms.katalon.core.keyword.internal.KeywordMain.runKeyword(KeywordMain.groovy:54)
	at com.kms.katalon.core.keyword.builtin.CallTestCaseKeyword.callTestCase(CallTestCaseKeyword.groovy:80)
	at com.kms.katalon.core.keyword.builtin.CallTestCaseKeyword.execute(CallTestCaseKeyword.groovy:44)
	at com.kms.katalon.core.keyword.internal.KeywordExecutor.executeKeywordForPlatform(KeywordExecutor.groovy:53)
	at com.kms.katalon.core.keyword.BuiltinKeywords.callTestCase(BuiltinKeywords.groovy:334)
	at Approve Claim - Fill Up UJP - by OB.run(Approve Claim - Fill Up UJP - by OB:16)
	at com.kms.katalon.core.main.ScriptEngine.run(ScriptEngine.java:194)
	at com.kms.katalon.core.main.ScriptEngine.runScriptAsRawText(ScriptEngine.java:119)
	at com.kms.katalon.core.main.TestCaseExecutor.runScript(TestCaseExecutor.java:328)
	at com.kms.katalon.core.main.TestCaseExecutor.doExecute(TestCaseExecutor.java:319)
	at com.kms.katalon.core.main.TestCaseExecutor.processExecutionPhase(TestCaseExecutor.java:298)
	at com.kms.katalon.core.main.TestCaseExecutor.accessMainPhase(TestCaseExecutor.java:290)
	at com.kms.katalon.core.main.TestCaseExecutor.execute(TestCaseExecutor.java:224)
	at com.kms.katalon.core.main.TestSuiteExecutor.accessTestCaseMainPhase(TestSuiteExecutor.java:129)
	at com.kms.katalon.core.main.TestSuiteExecutor.accessTestSuiteMainPhase(TestSuiteExecutor.java:112)
	at com.kms.katalon.core.main.TestSuiteExecutor.execute(TestSuiteExecutor.java:81)
	at com.kms.katalon.core.main.TestCaseMain.startTestSuite(TestCaseMain.java:149)
	at com.kms.katalon.core.main.TestCaseMain$startTestSuite$0.call(Unknown Source)
	at TempTestSuite1550476757023.run(TempTestSuite1550476757023.groovy:36)


2019-02-18 16:56:38 - [TEST_STEP][FAILED] - callTestCase(findTestCase("All TC/Arranged/3. Unit/EI/Form 7_default/OTC_Application_Reg"), [:], STOP_ON_FAILURE): callTestCase(findTestCase("All TC/Arranged/3. Unit/EI/Form 7_default/OTC_Application_Reg"), [:], STOP_ON_FAILURE) FAILED.
Reason:
com.kms.katalon.core.exception.StepFailedException: Unable to set text '10/01/2019' of object 'Object Repository/KeatMun/Form 7_default/OTC_Application_Reg/Page_PERKESO/11.Tarikh Terima_stampedDtS' (Root cause: com.kms.katalon.core.webui.exception.WebElementNotFoundException: Web element with id: 'Object Repository/KeatMun/Form 7_default/OTC_Application_Reg/Page_PERKESO/11.Tarikh Terima_stampedDtS' located by 'By.xpath: //input[@id = 'stampedDtStr' and @name = 'stampedDtStr' and @type = 'text']' not found)
	at com.kms.katalon.core.keyword.internal.KeywordMain.stepFailed(KeywordMain.groovy:36)
	at com.kms.katalon.core.webui.keyword.internal.WebUIKeywordMain.stepFailed(WebUIKeywordMain.groovy:65)
	at com.kms.katalon.core.webui.keyword.internal.WebUIKeywordMain.runKeyword(WebUIKeywordMain.groovy:27)
	at com.kms.katalon.core.webui.keyword.builtin.SetTextKeyword.setText(SetTextKeyword.groovy:65)
	at com.kms.katalon.core.webui.keyword.builtin.SetTextKeyword.execute(SetTextKeyword.groovy:37)
	at com.kms.katalon.core.keyword.internal.KeywordExecutor.executeKeywordForPlatform(KeywordExecutor.groovy:53)
	at com.kms.katalon.core.webui.keyword.WebUiBuiltInKeywords.setText(WebUiBuiltInKeywords.groovy:950)
	at com.kms.katalon.core.webui.keyword.WebUiBuiltInKeywords$setText$1.call(Unknown Source)
	at OTC_Application_Reg.run(OTC_Application_Reg:74)
	at com.kms.katalon.core.main.ScriptEngine.run(ScriptEngine.java:194)
	at com.kms.katalon.core.main.ScriptEngine.runScriptAsRawText(ScriptEngine.java:119)
	at com.kms.katalon.core.main.TestCaseExecutor.runScript(TestCaseExecutor.java:328)
	at com.kms.katalon.core.main.TestCaseExecutor.doExecute(TestCaseExecutor.java:319)
	at com.kms.katalon.core.main.TestCaseExecutor.processExecutionPhase(TestCaseExecutor.java:298)
	at com.kms.katalon.core.main.TestCaseExecutor.accessMainPhase(TestCaseExecutor.java:290)
	at com.kms.katalon.core.main.TestCaseExecutor.execute(TestCaseExecutor.java:224)
	at com.kms.katalon.core.main.TestCaseMain.runTestCase(TestCaseMain.java:106)
	at com.kms.katalon.core.keyword.builtin.CallTestCaseKeyword$_callTestCase_closure1.doCall(CallTestCaseKeyword.groovy:59)
	at com.kms.katalon.core.keyword.builtin.CallTestCaseKeyword$_callTestCase_closure1.call(CallTestCaseKeyword.groovy)
	at com.kms.katalon.core.keyword.internal.KeywordMain.runKeyword(KeywordMain.groovy:54)
	at com.kms.katalon.core.keyword.builtin.CallTestCaseKeyword.callTestCase(CallTestCaseKeyword.groovy:80)
	at com.kms.katalon.core.keyword.builtin.CallTestCaseKeyword.execute(CallTestCaseKeyword.groovy:44)
	at com.kms.katalon.core.keyword.internal.KeywordExecutor.executeKeywordForPlatform(KeywordExecutor.groovy:53)
	at com.kms.katalon.core.keyword.BuiltinKeywords.callTestCase(BuiltinKeywords.groovy:334)
	at OTC_Submit Form 7_End to End - Cheque.run(OTC_Submit Form 7_End to End - Cheque:16)
	at com.kms.katalon.core.main.ScriptEngine.run(ScriptEngine.java:194)
	at com.kms.katalon.core.main.ScriptEngine.runScriptAsRawText(ScriptEngine.java:119)
	at com.kms.katalon.core.main.TestCaseExecutor.runScript(TestCaseExecutor.java:328)
	at com.kms.katalon.core.main.TestCaseExecutor.doExecute(TestCaseExecutor.java:319)
	at com.kms.katalon.core.main.TestCaseExecutor.processExecutionPhase(TestCaseExecutor.java:298)
	at com.kms.katalon.core.main.TestCaseExecutor.accessMainPhase(TestCaseExecutor.java:290)
	at com.kms.katalon.core.main.TestCaseExecutor.execute(TestCaseExecutor.java:224)
	at com.kms.katalon.core.main.TestCaseMain.runTestCase(TestCaseMain.java:106)
	at com.kms.katalon.core.keyword.builtin.CallTestCaseKeyword$_callTestCase_closure1.doCall(CallTestCaseKeyword.groovy:59)
	at com.kms.katalon.core.keyword.builtin.CallTestCaseKeyword$_callTestCase_closure1.call(CallTestCaseKeyword.groovy)
	at com.kms.katalon.core.keyword.internal.KeywordMain.runKeyword(KeywordMain.groovy:54)
	at com.kms.katalon.core.keyword.builtin.CallTestCaseKeyword.callTestCase(CallTestCaseKeyword.groovy:80)
	at com.kms.katalon.core.keyword.builtin.CallTestCaseKeyword.execute(CallTestCaseKeyword.groovy:44)
	at com.kms.katalon.core.keyword.internal.KeywordExecutor.executeKeywordForPlatform(KeywordExecutor.groovy:53)
	at com.kms.katalon.core.keyword.BuiltinKeywords.callTestCase(BuiltinKeywords.groovy:334)
	at Approve Claim - Fill Up UJP - by OB.run(Approve Claim - Fill Up UJP - by OB:16)
	at com.kms.katalon.core.main.ScriptEngine.run(ScriptEngine.java:194)
	at com.kms.katalon.core.main.ScriptEngine.runScriptAsRawText(ScriptEngine.java:119)
	at com.kms.katalon.core.main.TestCaseExecutor.runScript(TestCaseExecutor.java:328)
	at com.kms.katalon.core.main.TestCaseExecutor.doExecute(TestCaseExecutor.java:319)
	at com.kms.katalon.core.main.TestCaseExecutor.processExecutionPhase(TestCaseExecutor.java:298)
	at com.kms.katalon.core.main.TestCaseExecutor.accessMainPhase(TestCaseExecutor.java:290)
	at com.kms.katalon.core.main.TestCaseExecutor.execute(TestCaseExecutor.java:224)
	at com.kms.katalon.core.main.TestSuiteExecutor.accessTestCaseMainPhase(TestSuiteExecutor.java:129)
	at com.kms.katalon.core.main.TestSuiteExecutor.accessTestSuiteMainPhase(TestSuiteExecutor.java:112)
	at com.kms.katalon.core.main.TestSuiteExecutor.execute(TestSuiteExecutor.java:81)
	at com.kms.katalon.core.main.TestCaseMain.startTestSuite(TestCaseMain.java:149)
	at com.kms.katalon.core.main.TestCaseMain$startTestSuite$0.call(Unknown Source)
	at TempTestSuite1550476757023.run(TempTestSuite1550476757023.groovy:36)


2019-02-18 16:56:38 - [TEST_CASE][FAILED] - Test Cases/All TC/Arranged/3. Unit/EI/Form 7_default/OTC_Application_Reg: Test Cases/All TC/Arranged/3. Unit/EI/Form 7_default/OTC_Application_Reg FAILED.
Reason:
com.kms.katalon.core.exception.StepFailedException: Unable to set text '10/01/2019' of object 'Object Repository/KeatMun/Form 7_default/OTC_Application_Reg/Page_PERKESO/11.Tarikh Terima_stampedDtS' (Root cause: com.kms.katalon.core.webui.exception.WebElementNotFoundException: Web element with id: 'Object Repository/KeatMun/Form 7_default/OTC_Application_Reg/Page_PERKESO/11.Tarikh Terima_stampedDtS' located by 'By.xpath: //input[@id = 'stampedDtStr' and @name = 'stampedDtStr' and @type = 'text']' not found)
	at com.kms.katalon.core.keyword.internal.KeywordMain.stepFailed(KeywordMain.groovy:36)
	at com.kms.katalon.core.webui.keyword.internal.WebUIKeywordMain.stepFailed(WebUIKeywordMain.groovy:65)
	at com.kms.katalon.core.webui.keyword.internal.WebUIKeywordMain.runKeyword(WebUIKeywordMain.groovy:27)
	at com.kms.katalon.core.webui.keyword.builtin.SetTextKeyword.setText(SetTextKeyword.groovy:65)
	at com.kms.katalon.core.webui.keyword.builtin.SetTextKeyword.execute(SetTextKeyword.groovy:37)
	at com.kms.katalon.core.keyword.internal.KeywordExecutor.executeKeywordForPlatform(KeywordExecutor.groovy:53)
	at com.kms.katalon.core.webui.keyword.WebUiBuiltInKeywords.setText(WebUiBuiltInKeywords.groovy:950)
	at com.kms.katalon.core.webui.keyword.WebUiBuiltInKeywords$setText$1.call(Unknown Source)
	at OTC_Application_Reg.run(OTC_Application_Reg:74)
	at com.kms.katalon.core.main.ScriptEngine.run(ScriptEngine.java:194)
	at com.kms.katalon.core.main.ScriptEngine.runScriptAsRawText(ScriptEngine.java:119)
	at com.kms.katalon.core.main.TestCaseExecutor.runScript(TestCaseExecutor.java:328)
	at com.kms.katalon.core.main.TestCaseExecutor.doExecute(TestCaseExecutor.java:319)
	at com.kms.katalon.core.main.TestCaseExecutor.processExecutionPhase(TestCaseExecutor.java:298)
	at com.kms.katalon.core.main.TestCaseExecutor.accessMainPhase(TestCaseExecutor.java:290)
	at com.kms.katalon.core.main.TestCaseExecutor.execute(TestCaseExecutor.java:224)
	at com.kms.katalon.core.main.TestCaseMain.runTestCase(TestCaseMain.java:106)
	at com.kms.katalon.core.keyword.builtin.CallTestCaseKeyword$_callTestCase_closure1.doCall(CallTestCaseKeyword.groovy:59)
	at com.kms.katalon.core.keyword.builtin.CallTestCaseKeyword$_callTestCase_closure1.call(CallTestCaseKeyword.groovy)
	at com.kms.katalon.core.keyword.internal.KeywordMain.runKeyword(KeywordMain.groovy:54)
	at com.kms.katalon.core.keyword.builtin.CallTestCaseKeyword.callTestCase(CallTestCaseKeyword.groovy:80)
	at com.kms.katalon.core.keyword.builtin.CallTestCaseKeyword.execute(CallTestCaseKeyword.groovy:44)
	at com.kms.katalon.core.keyword.internal.KeywordExecutor.executeKeywordForPlatform(KeywordExecutor.groovy:53)
	at com.kms.katalon.core.keyword.BuiltinKeywords.callTestCase(BuiltinKeywords.groovy:334)
	at OTC_Submit Form 7_End to End - Cheque.run(OTC_Submit Form 7_End to End - Cheque:16)
	at com.kms.katalon.core.main.ScriptEngine.run(ScriptEngine.java:194)
	at com.kms.katalon.core.main.ScriptEngine.runScriptAsRawText(ScriptEngine.java:119)
	at com.kms.katalon.core.main.TestCaseExecutor.runScript(TestCaseExecutor.java:328)
	at com.kms.katalon.core.main.TestCaseExecutor.doExecute(TestCaseExecutor.java:319)
	at com.kms.katalon.core.main.TestCaseExecutor.processExecutionPhase(TestCaseExecutor.java:298)
	at com.kms.katalon.core.main.TestCaseExecutor.accessMainPhase(TestCaseExecutor.java:290)
	at com.kms.katalon.core.main.TestCaseExecutor.execute(TestCaseExecutor.java:224)
	at com.kms.katalon.core.main.TestCaseMain.runTestCase(TestCaseMain.java:106)
	at com.kms.katalon.core.keyword.builtin.CallTestCaseKeyword$_callTestCase_closure1.doCall(CallTestCaseKeyword.groovy:59)
	at com.kms.katalon.core.keyword.builtin.CallTestCaseKeyword$_callTestCase_closure1.call(CallTestCaseKeyword.groovy)
	at com.kms.katalon.core.keyword.internal.KeywordMain.runKeyword(KeywordMain.groovy:54)
	at com.kms.katalon.core.keyword.builtin.CallTestCaseKeyword.callTestCase(CallTestCaseKeyword.groovy:80)
	at com.kms.katalon.core.keyword.builtin.CallTestCaseKeyword.execute(CallTestCaseKeyword.groovy:44)
	at com.kms.katalon.core.keyword.internal.KeywordExecutor.executeKeywordForPlatform(KeywordExecutor.groovy:53)
	at com.kms.katalon.core.keyword.BuiltinKeywords.callTestCase(BuiltinKeywords.groovy:334)
	at Approve Claim - Fill Up UJP - by OB.run(Approve Claim - Fill Up UJP - by OB:16)
	at com.kms.katalon.core.main.ScriptEngine.run(ScriptEngine.java:194)
	at com.kms.katalon.core.main.ScriptEngine.runScriptAsRawText(ScriptEngine.java:119)
	at com.kms.katalon.core.main.TestCaseExecutor.runScript(TestCaseExecutor.java:328)
	at com.kms.katalon.core.main.TestCaseExecutor.doExecute(TestCaseExecutor.java:319)
	at com.kms.katalon.core.main.TestCaseExecutor.processExecutionPhase(TestCaseExecutor.java:298)
	at com.kms.katalon.core.main.TestCaseExecutor.accessMainPhase(TestCaseExecutor.java:290)
	at com.kms.katalon.core.main.TestCaseExecutor.execute(TestCaseExecutor.java:224)
	at com.kms.katalon.core.main.TestSuiteExecutor.accessTestCaseMainPhase(TestSuiteExecutor.java:129)
	at com.kms.katalon.core.main.TestSuiteExecutor.accessTestSuiteMainPhase(TestSuiteExecutor.java:112)
	at com.kms.katalon.core.main.TestSuiteExecutor.execute(TestSuiteExecutor.java:81)
	at com.kms.katalon.core.main.TestCaseMain.startTestSuite(TestCaseMain.java:149)
	at com.kms.katalon.core.main.TestCaseMain$startTestSuite$0.call(Unknown Source)
	at TempTestSuite1550476757023.run(TempTestSuite1550476757023.groovy:36)


2019-02-18 16:56:38 - [TEST_STEP][PASSED] - openBrowser(""): Browser is opened with url: ''

2019-02-18 16:56:38 - [MESSAGE][WARNING] - A browser is already opened. Closing browser and opening a new one

2019-02-18 16:56:39 - [MESSAGE][INFO] - Starting 'Chrome' driver

2019-02-18 16:56:39 - [MESSAGE][INFO] - User set preference: ['args', '[--start-maximized]']

2019-02-18 16:56:44 - [MESSAGE][PASSED] - Browser is opened with url: ''

2019-02-18 16:56:44 - [TEST_STEP][PASSED] - navigateToUrl(Internal_Login): Navigate to 'http://10.20.24.188/eisportal/user/login' successfully

2019-02-18 16:56:45 - [MESSAGE][PASSED] - Navigate to 'http://10.20.24.188/eisportal/user/login' successfully

2019-02-18 16:56:45 - [TEST_STEP][PASSED] - delay(3): Delayed 3 second(s)

2019-02-18 16:56:48 - [MESSAGE][PASSED] - Delayed 3 second(s)

2019-02-18 16:56:48 - [TEST_STEP][PASSED] - setText(findTestObject("KeatMun/Form 7_default/OTC_Application_Reg/Page_PERKESO/1.username"), "faizal.hamid@perkeso.gov.my"): Text 'faizal.hamid@perkeso.gov.my' is set on object 'Object Repository/KeatMun/Form 7_default/OTC_Application_Reg/Page_PERKESO/1.username'

2019-02-18 16:56:53 - [MESSAGE][PASSED] - Text 'faizal.hamid@perkeso.gov.my' is set on object 'Object Repository/KeatMun/Form 7_default/OTC_Application_Reg/Page_PERKESO/1.username'

2019-02-18 16:56:53 - [TEST_STEP][PASSED] - delay(1): Delayed 1 second(s)

2019-02-18 16:56:54 - [MESSAGE][PASSED] - Delayed 1 second(s)

2019-02-18 16:56:54 - [TEST_STEP][PASSED] - setEncryptedText(findTestObject("KeatMun/Form 7_default/OTC_Application_Reg/Page_PERKESO/2.password"), "CQqwFZlbeC8="): Text ****** has been set on object 'Object Repository/KeatMun/Form 7_default/OTC_Application_Reg/Page_PERKESO/2.password'

2019-02-18 16:56:57 - [MESSAGE][PASSED] - Text ****** has been set on object 'Object Repository/KeatMun/Form 7_default/OTC_Application_Reg/Page_PERKESO/2.password'

2019-02-18 16:56:57 - [TEST_STEP][PASSED] - delay(2): Delayed 2 second(s)

2019-02-18 16:56:59 - [MESSAGE][PASSED] - Delayed 2 second(s)

2019-02-18 16:56:59 - [TEST_STEP][PASSED] - click(findTestObject("KeatMun/Form 7_default/OTC_Application_Reg/Page_PERKESO/3.login button")): Object: 'Object Repository/KeatMun/Form 7_default/OTC_Application_Reg/Page_PERKESO/3.login button' is clicked on

2019-02-18 16:57:02 - [MESSAGE][PASSED] - Object: 'Object Repository/KeatMun/Form 7_default/OTC_Application_Reg/Page_PERKESO/3.login button' is clicked on

2019-02-18 16:57:02 - [TEST_STEP][PASSED] - delay(2): Delayed 2 second(s)

2019-02-18 16:57:04 - [MESSAGE][PASSED] - Delayed 2 second(s)

2019-02-18 16:57:04 - [TEST_STEP][PASSED] - click(findTestObject("KeatMun/Form 7_default/OTC_Application_Reg/Page_PERKESO/4. Permohonan tab")): Object: 'Object Repository/KeatMun/Form 7_default/OTC_Application_Reg/Page_PERKESO/4. Permohonan tab' is clicked on

2019-02-18 16:57:06 - [MESSAGE][PASSED] - Object: 'Object Repository/KeatMun/Form 7_default/OTC_Application_Reg/Page_PERKESO/4. Permohonan tab' is clicked on

2019-02-18 16:57:06 - [TEST_STEP][PASSED] - delay(2): Delayed 2 second(s)

2019-02-18 16:57:08 - [MESSAGE][PASSED] - Delayed 2 second(s)

2019-02-18 16:57:08 - [TEST_STEP][PASSED] - click(findTestObject("KeatMun/Form 7_default/OTC_Application_Reg/Page_PERKESO/5.button_Setuju")): Object: 'Object Repository/KeatMun/Form 7_default/OTC_Application_Reg/Page_PERKESO/5.button_Setuju' is clicked on

2019-02-18 16:57:11 - [MESSAGE][PASSED] - Object: 'Object Repository/KeatMun/Form 7_default/OTC_Application_Reg/Page_PERKESO/5.button_Setuju' is clicked on

2019-02-18 16:57:11 - [TEST_STEP][PASSED] - delay(2): Delayed 2 second(s)

2019-02-18 16:57:13 - [MESSAGE][PASSED] - Delayed 2 second(s)

2019-02-18 16:57:13 - [TEST_STEP][PASSED] - IC = "950000140036": null

2019-02-18 16:57:13 - [TEST_STEP][PASSED] - setText(findTestObject("KeatMun/Form 7_default/OTC_Application_Reg/Page_PERKESO/6.No. Kad Pengenalan"), IC): Text '950000140036' is set on object 'Object Repository/KeatMun/Form 7_default/OTC_Application_Reg/Page_PERKESO/6.No. Kad Pengenalan'

2019-02-18 16:57:17 - [MESSAGE][PASSED] - Text '950000140036' is set on object 'Object Repository/KeatMun/Form 7_default/OTC_Application_Reg/Page_PERKESO/6.No. Kad Pengenalan'

2019-02-18 16:57:17 - [TEST_STEP][PASSED] - callTestCase(findTestCase("All TC/Arranged/1. Common/1.2 Setter/Setter IC"), [:], STOP_ON_FAILURE): Call Test Case 'Test Cases/All TC/Arranged/1. Common/1.2 Setter/Setter IC' successfully

2019-02-18 16:57:17 - [TEST_CASE][PASSED] - Test Cases/All TC/Arranged/1. Common/1.2 Setter/Setter IC: Test Cases/All TC/Arranged/1. Common/1.2 Setter/Setter IC

2019-02-18 16:57:17 - [TEST_STEP][PASSED] - RefNoOldFile = new java.io.File((internal.GlobalVariable.TextFilePathCommon + \getIC.txt)): null

2019-02-18 16:57:17 - [TEST_STEP][PASSED] - RefNoOldFile.delete(): null

2019-02-18 16:57:17 - [TEST_STEP][PASSED] - delay(5): Delayed 5 second(s)

2019-02-18 16:57:23 - [MESSAGE][PASSED] - Delayed 5 second(s)

2019-02-18 16:57:23 - [TEST_STEP][PASSED] - RefNo = new java.io.File((internal.GlobalVariable.TextFilePathCommon + \getIC.txt)): null

2019-02-18 16:57:23 - [TEST_STEP][PASSED] - f2 = new java.io.FileWriter(RefNo, false): null

2019-02-18 16:57:23 - [TEST_STEP][PASSED] - f2.write(IC): null

2019-02-18 16:57:23 - [TEST_STEP][PASSED] - f2.close(): null

2019-02-18 16:57:23 - [TEST_STEP][PASSED] - out.println("


" + IC + "


"): null

2019-02-18 16:57:23 - [MESSAGE][PASSED] - Call Test Case 'Test Cases/All TC/Arranged/1. Common/1.2 Setter/Setter IC' successfully

2019-02-18 16:57:23 - [TEST_STEP][PASSED] - delay(2): Delayed 2 second(s)

2019-02-18 16:57:25 - [MESSAGE][PASSED] - Delayed 2 second(s)

2019-02-18 16:57:25 - [TEST_STEP][PASSED] - click(findTestObject("KeatMun/Form 7_default/OTC_Application_Reg/Page_PERKESO/7.button_Semak")): Object: 'Object Repository/KeatMun/Form 7_default/OTC_Application_Reg/Page_PERKESO/7.button_Semak' is clicked on

2019-02-18 16:57:27 - [MESSAGE][PASSED] - Object: 'Object Repository/KeatMun/Form 7_default/OTC_Application_Reg/Page_PERKESO/7.button_Semak' is clicked on

2019-02-18 16:57:27 - [TEST_STEP][PASSED] - delay(4): Delayed 4 second(s)

2019-02-18 16:57:31 - [MESSAGE][PASSED] - Delayed 4 second(s)

2019-02-18 16:57:31 - [TEST_STEP][PASSED] - click(findTestObject("KeatMun/Form 7_default/OTC_Application_Reg/Page_PERKESO/8. Nama Majikan Dropdown")): Object: 'Object Repository/KeatMun/Form 7_default/OTC_Application_Reg/Page_PERKESO/8. Nama Majikan Dropdown' is clicked on

2019-02-18 16:57:33 - [MESSAGE][PASSED] - Object: 'Object Repository/KeatMun/Form 7_default/OTC_Application_Reg/Page_PERKESO/8. Nama Majikan Dropdown' is clicked on

2019-02-18 16:57:33 - [TEST_STEP][PASSED] - setText(findTestObject("KeatMun/Form 7_default/OTC_Application_Reg/Page_PERKESO/8. LOE emp"), "mon"): Text 'mon' is set on object 'Object Repository/KeatMun/Form 7_default/OTC_Application_Reg/Page_PERKESO/8. LOE emp'

2019-02-18 16:57:37 - [MESSAGE][PASSED] - Text 'mon' is set on object 'Object Repository/KeatMun/Form 7_default/OTC_Application_Reg/Page_PERKESO/8. LOE emp'

2019-02-18 16:57:37 - [TEST_STEP][PASSED] - click(findTestObject("KeatMun/Form 7_default/OTC_Application_Reg/Page_PERKESO/8. MONSOON MOTEL")): Object: 'Object Repository/KeatMun/Form 7_default/OTC_Application_Reg/Page_PERKESO/8. MONSOON MOTEL' is clicked on

2019-02-18 16:57:39 - [MESSAGE][PASSED] - Object: 'Object Repository/KeatMun/Form 7_default/OTC_Application_Reg/Page_PERKESO/8. MONSOON MOTEL' is clicked on

2019-02-18 16:57:39 - [TEST_STEP][PASSED] - delay(2): Delayed 2 second(s)

2019-02-18 16:57:41 - [MESSAGE][PASSED] - Delayed 2 second(s)

2019-02-18 16:57:41 - [TEST_STEP][PASSED] - setText(findTestObject("KeatMun/Form 7_default/OTC_Application_Reg/Page_PERKESO/9.Tarikh kehilangan pkj"), "10/01/2019"): Text '10/01/2019' is set on object 'Object Repository/KeatMun/Form 7_default/OTC_Application_Reg/Page_PERKESO/9.Tarikh kehilangan pkj'

2019-02-18 16:57:46 - [MESSAGE][PASSED] - Text '10/01/2019' is set on object 'Object Repository/KeatMun/Form 7_default/OTC_Application_Reg/Page_PERKESO/9.Tarikh kehilangan pkj'

2019-02-18 16:57:46 - [TEST_STEP][PASSED] - delay(2): Delayed 2 second(s)

2019-02-18 16:57:48 - [MESSAGE][PASSED] - Delayed 2 second(s)

2019-02-18 16:57:48 - [TEST_STEP][PASSED] - click(findTestObject("KeatMun/Form 7_default/OTC_Application_Reg/Page_PERKESO/9. Date Picker Done Button ")): Object: 'Object Repository/KeatMun/Form 7_default/OTC_Application_Reg/Page_PERKESO/9. Date Picker Done Button ' is clicked on

2019-02-18 16:57:50 - [MESSAGE][PASSED] - Object: 'Object Repository/KeatMun/Form 7_default/OTC_Application_Reg/Page_PERKESO/9. Date Picker Done Button ' is clicked on

2019-02-18 16:57:50 - [TEST_STEP][PASSED] - delay(2): Delayed 2 second(s)

2019-02-18 16:57:52 - [MESSAGE][PASSED] - Delayed 2 second(s)

2019-02-18 16:57:52 - [TEST_STEP][PASSED] - click(findTestObject("KeatMun/Form 7_default/OTC_Application_Reg/Page_PERKESO/10.button_Mohon")): Object: 'Object Repository/KeatMun/Form 7_default/OTC_Application_Reg/Page_PERKESO/10.button_Mohon' is clicked on

2019-02-18 16:57:54 - [MESSAGE][PASSED] - Object: 'Object Repository/KeatMun/Form 7_default/OTC_Application_Reg/Page_PERKESO/10.button_Mohon' is clicked on

2019-02-18 16:57:54 - [TEST_STEP][PASSED] - delay(2): Delayed 2 second(s)

2019-02-18 16:57:56 - [MESSAGE][PASSED] - Delayed 2 second(s)

2019-02-18 16:57:56 - [TEST_STEP][FAILED] - setText(findTestObject("KeatMun/Form 7_default/OTC_Application_Reg/Page_PERKESO/11.Tarikh Terima_stampedDtS"), "10/01/2019"): setText(findTestObject("KeatMun/Form 7_default/OTC_Application_Reg/Page_PERKESO/11.Tarikh Terima_stampedDtS"), "10/01/2019") FAILED.
Reason:
com.kms.katalon.core.exception.StepFailedException: Unable to set text '10/01/2019' of object 'Object Repository/KeatMun/Form 7_default/OTC_Application_Reg/Page_PERKESO/11.Tarikh Terima_stampedDtS' (Root cause: com.kms.katalon.core.webui.exception.WebElementNotFoundException: Web element with id: 'Object Repository/KeatMun/Form 7_default/OTC_Application_Reg/Page_PERKESO/11.Tarikh Terima_stampedDtS' located by 'By.xpath: //input[@id = 'stampedDtStr' and @name = 'stampedDtStr' and @type = 'text']' not found)
	at com.kms.katalon.core.keyword.internal.KeywordMain.stepFailed(KeywordMain.groovy:36)
	at com.kms.katalon.core.webui.keyword.internal.WebUIKeywordMain.stepFailed(WebUIKeywordMain.groovy:65)
	at com.kms.katalon.core.webui.keyword.internal.WebUIKeywordMain.runKeyword(WebUIKeywordMain.groovy:27)
	at com.kms.katalon.core.webui.keyword.builtin.SetTextKeyword.setText(SetTextKeyword.groovy:65)
	at com.kms.katalon.core.webui.keyword.builtin.SetTextKeyword.execute(SetTextKeyword.groovy:37)
	at com.kms.katalon.core.keyword.internal.KeywordExecutor.executeKeywordForPlatform(KeywordExecutor.groovy:53)
	at com.kms.katalon.core.webui.keyword.WebUiBuiltInKeywords.setText(WebUiBuiltInKeywords.groovy:950)
	at com.kms.katalon.core.webui.keyword.WebUiBuiltInKeywords$setText$1.call(Unknown Source)
	at OTC_Application_Reg.run(OTC_Application_Reg:74)
	at com.kms.katalon.core.main.ScriptEngine.run(ScriptEngine.java:194)
	at com.kms.katalon.core.main.ScriptEngine.runScriptAsRawText(ScriptEngine.java:119)
	at com.kms.katalon.core.main.TestCaseExecutor.runScript(TestCaseExecutor.java:328)
	at com.kms.katalon.core.main.TestCaseExecutor.doExecute(TestCaseExecutor.java:319)
	at com.kms.katalon.core.main.TestCaseExecutor.processExecutionPhase(TestCaseExecutor.java:298)
	at com.kms.katalon.core.main.TestCaseExecutor.accessMainPhase(TestCaseExecutor.java:290)
	at com.kms.katalon.core.main.TestCaseExecutor.execute(TestCaseExecutor.java:224)
	at com.kms.katalon.core.main.TestCaseMain.runTestCase(TestCaseMain.java:106)
	at com.kms.katalon.core.keyword.builtin.CallTestCaseKeyword$_callTestCase_closure1.doCall(CallTestCaseKeyword.groovy:59)
	at com.kms.katalon.core.keyword.builtin.CallTestCaseKeyword$_callTestCase_closure1.call(CallTestCaseKeyword.groovy)
	at com.kms.katalon.core.keyword.internal.KeywordMain.runKeyword(KeywordMain.groovy:54)
	at com.kms.katalon.core.keyword.builtin.CallTestCaseKeyword.callTestCase(CallTestCaseKeyword.groovy:80)
	at com.kms.katalon.core.keyword.builtin.CallTestCaseKeyword.execute(CallTestCaseKeyword.groovy:44)
	at com.kms.katalon.core.keyword.internal.KeywordExecutor.executeKeywordForPlatform(KeywordExecutor.groovy:53)
	at com.kms.katalon.core.keyword.BuiltinKeywords.callTestCase(BuiltinKeywords.groovy:334)
	at OTC_Submit Form 7_End to End - Cheque.run(OTC_Submit Form 7_End to End - Cheque:16)
	at com.kms.katalon.core.main.ScriptEngine.run(ScriptEngine.java:194)
	at com.kms.katalon.core.main.ScriptEngine.runScriptAsRawText(ScriptEngine.java:119)
	at com.kms.katalon.core.main.TestCaseExecutor.runScript(TestCaseExecutor.java:328)
	at com.kms.katalon.core.main.TestCaseExecutor.doExecute(TestCaseExecutor.java:319)
	at com.kms.katalon.core.main.TestCaseExecutor.processExecutionPhase(TestCaseExecutor.java:298)
	at com.kms.katalon.core.main.TestCaseExecutor.accessMainPhase(TestCaseExecutor.java:290)
	at com.kms.katalon.core.main.TestCaseExecutor.execute(TestCaseExecutor.java:224)
	at com.kms.katalon.core.main.TestCaseMain.runTestCase(TestCaseMain.java:106)
	at com.kms.katalon.core.keyword.builtin.CallTestCaseKeyword$_callTestCase_closure1.doCall(CallTestCaseKeyword.groovy:59)
	at com.kms.katalon.core.keyword.builtin.CallTestCaseKeyword$_callTestCase_closure1.call(CallTestCaseKeyword.groovy)
	at com.kms.katalon.core.keyword.internal.KeywordMain.runKeyword(KeywordMain.groovy:54)
	at com.kms.katalon.core.keyword.builtin.CallTestCaseKeyword.callTestCase(CallTestCaseKeyword.groovy:80)
	at com.kms.katalon.core.keyword.builtin.CallTestCaseKeyword.execute(CallTestCaseKeyword.groovy:44)
	at com.kms.katalon.core.keyword.internal.KeywordExecutor.executeKeywordForPlatform(KeywordExecutor.groovy:53)
	at com.kms.katalon.core.keyword.BuiltinKeywords.callTestCase(BuiltinKeywords.groovy:334)
	at Approve Claim - Fill Up UJP - by OB.run(Approve Claim - Fill Up UJP - by OB:16)
	at com.kms.katalon.core.main.ScriptEngine.run(ScriptEngine.java:194)
	at com.kms.katalon.core.main.ScriptEngine.runScriptAsRawText(ScriptEngine.java:119)
	at com.kms.katalon.core.main.TestCaseExecutor.runScript(TestCaseExecutor.java:328)
	at com.kms.katalon.core.main.TestCaseExecutor.doExecute(TestCaseExecutor.java:319)
	at com.kms.katalon.core.main.TestCaseExecutor.processExecutionPhase(TestCaseExecutor.java:298)
	at com.kms.katalon.core.main.TestCaseExecutor.accessMainPhase(TestCaseExecutor.java:290)
	at com.kms.katalon.core.main.TestCaseExecutor.execute(TestCaseExecutor.java:224)
	at com.kms.katalon.core.main.TestSuiteExecutor.accessTestCaseMainPhase(TestSuiteExecutor.java:129)
	at com.kms.katalon.core.main.TestSuiteExecutor.accessTestSuiteMainPhase(TestSuiteExecutor.java:112)
	at com.kms.katalon.core.main.TestSuiteExecutor.execute(TestSuiteExecutor.java:81)
	at com.kms.katalon.core.main.TestCaseMain.startTestSuite(TestCaseMain.java:149)
	at com.kms.katalon.core.main.TestCaseMain$startTestSuite$0.call(Unknown Source)
	at TempTestSuite1550476757023.run(TempTestSuite1550476757023.groovy:36)


2019-02-18 16:58:26 - [MESSAGE][INFO] - Unable to find the element located by 'By.xpath: //input[@id = 'stampedDtStr' and @name = 'stampedDtStr' and @type = 'text']'. Please recheck the objects properties to make sure the desired element is located. 

2019-02-18 16:58:28 - [MESSAGE][FAILED] - Unable to set text '10/01/2019' of object 'Object Repository/KeatMun/Form 7_default/OTC_Application_Reg/Page_PERKESO/11.Tarikh Terima_stampedDtS' (Root cause: com.kms.katalon.core.webui.exception.WebElementNotFoundException: Web element with id: 'Object Repository/KeatMun/Form 7_default/OTC_Application_Reg/Page_PERKESO/11.Tarikh Terima_stampedDtS' located by 'By.xpath: //input[@id = 'stampedDtStr' and @name = 'stampedDtStr' and @type = 'text']' not found)
[[ATTACHMENT|C:\\Users\\Admin\\Documents\\GitHub\\PKSKatalon\\PKS-EI-ES\\Reports\\New Test Suite\\20190218_155917\\1550480306686.png]]

2019-02-18 16:58:28 - [MESSAGE][FAILED] - setText(findTestObject("KeatMun/Form 7_default/OTC_Application_Reg/Page_PERKESO/11.Tarikh Terima_stampedDtS"), "10/01/2019") FAILED.
Reason:
com.kms.katalon.core.exception.StepFailedException: Unable to set text '10/01/2019' of object 'Object Repository/KeatMun/Form 7_default/OTC_Application_Reg/Page_PERKESO/11.Tarikh Terima_stampedDtS' (Root cause: com.kms.katalon.core.webui.exception.WebElementNotFoundException: Web element with id: 'Object Repository/KeatMun/Form 7_default/OTC_Application_Reg/Page_PERKESO/11.Tarikh Terima_stampedDtS' located by 'By.xpath: //input[@id = 'stampedDtStr' and @name = 'stampedDtStr' and @type = 'text']' not found)
	at com.kms.katalon.core.keyword.internal.KeywordMain.stepFailed(KeywordMain.groovy:36)
	at com.kms.katalon.core.webui.keyword.internal.WebUIKeywordMain.stepFailed(WebUIKeywordMain.groovy:65)
	at com.kms.katalon.core.webui.keyword.internal.WebUIKeywordMain.runKeyword(WebUIKeywordMain.groovy:27)
	at com.kms.katalon.core.webui.keyword.builtin.SetTextKeyword.setText(SetTextKeyword.groovy:65)
	at com.kms.katalon.core.webui.keyword.builtin.SetTextKeyword.execute(SetTextKeyword.groovy:37)
	at com.kms.katalon.core.keyword.internal.KeywordExecutor.executeKeywordForPlatform(KeywordExecutor.groovy:53)
	at com.kms.katalon.core.webui.keyword.WebUiBuiltInKeywords.setText(WebUiBuiltInKeywords.groovy:950)
	at com.kms.katalon.core.webui.keyword.WebUiBuiltInKeywords$setText$1.call(Unknown Source)
	at OTC_Application_Reg.run(OTC_Application_Reg:74)
	at com.kms.katalon.core.main.ScriptEngine.run(ScriptEngine.java:194)
	at com.kms.katalon.core.main.ScriptEngine.runScriptAsRawText(ScriptEngine.java:119)
	at com.kms.katalon.core.main.TestCaseExecutor.runScript(TestCaseExecutor.java:328)
	at com.kms.katalon.core.main.TestCaseExecutor.doExecute(TestCaseExecutor.java:319)
	at com.kms.katalon.core.main.TestCaseExecutor.processExecutionPhase(TestCaseExecutor.java:298)
	at com.kms.katalon.core.main.TestCaseExecutor.accessMainPhase(TestCaseExecutor.java:290)
	at com.kms.katalon.core.main.TestCaseExecutor.execute(TestCaseExecutor.java:224)
	at com.kms.katalon.core.main.TestCaseMain.runTestCase(TestCaseMain.java:106)
	at com.kms.katalon.core.keyword.builtin.CallTestCaseKeyword$_callTestCase_closure1.doCall(CallTestCaseKeyword.groovy:59)
	at com.kms.katalon.core.keyword.builtin.CallTestCaseKeyword$_callTestCase_closure1.call(CallTestCaseKeyword.groovy)
	at com.kms.katalon.core.keyword.internal.KeywordMain.runKeyword(KeywordMain.groovy:54)
	at com.kms.katalon.core.keyword.builtin.CallTestCaseKeyword.callTestCase(CallTestCaseKeyword.groovy:80)
	at com.kms.katalon.core.keyword.builtin.CallTestCaseKeyword.execute(CallTestCaseKeyword.groovy:44)
	at com.kms.katalon.core.keyword.internal.KeywordExecutor.executeKeywordForPlatform(KeywordExecutor.groovy:53)
	at com.kms.katalon.core.keyword.BuiltinKeywords.callTestCase(BuiltinKeywords.groovy:334)
	at OTC_Submit Form 7_End to End - Cheque.run(OTC_Submit Form 7_End to End - Cheque:16)
	at com.kms.katalon.core.main.ScriptEngine.run(ScriptEngine.java:194)
	at com.kms.katalon.core.main.ScriptEngine.runScriptAsRawText(ScriptEngine.java:119)
	at com.kms.katalon.core.main.TestCaseExecutor.runScript(TestCaseExecutor.java:328)
	at com.kms.katalon.core.main.TestCaseExecutor.doExecute(TestCaseExecutor.java:319)
	at com.kms.katalon.core.main.TestCaseExecutor.processExecutionPhase(TestCaseExecutor.java:298)
	at com.kms.katalon.core.main.TestCaseExecutor.accessMainPhase(TestCaseExecutor.java:290)
	at com.kms.katalon.core.main.TestCaseExecutor.execute(TestCaseExecutor.java:224)
	at com.kms.katalon.core.main.TestCaseMain.runTestCase(TestCaseMain.java:106)
	at com.kms.katalon.core.keyword.builtin.CallTestCaseKeyword$_callTestCase_closure1.doCall(CallTestCaseKeyword.groovy:59)
	at com.kms.katalon.core.keyword.builtin.CallTestCaseKeyword$_callTestCase_closure1.call(CallTestCaseKeyword.groovy)
	at com.kms.katalon.core.keyword.internal.KeywordMain.runKeyword(KeywordMain.groovy:54)
	at com.kms.katalon.core.keyword.builtin.CallTestCaseKeyword.callTestCase(CallTestCaseKeyword.groovy:80)
	at com.kms.katalon.core.keyword.builtin.CallTestCaseKeyword.execute(CallTestCaseKeyword.groovy:44)
	at com.kms.katalon.core.keyword.internal.KeywordExecutor.executeKeywordForPlatform(KeywordExecutor.groovy:53)
	at com.kms.katalon.core.keyword.BuiltinKeywords.callTestCase(BuiltinKeywords.groovy:334)
	at Approve Claim - Fill Up UJP - by OB.run(Approve Claim - Fill Up UJP - by OB:16)
	at com.kms.katalon.core.main.ScriptEngine.run(ScriptEngine.java:194)
	at com.kms.katalon.core.main.ScriptEngine.runScriptAsRawText(ScriptEngine.java:119)
	at com.kms.katalon.core.main.TestCaseExecutor.runScript(TestCaseExecutor.java:328)
	at com.kms.katalon.core.main.TestCaseExecutor.doExecute(TestCaseExecutor.java:319)
	at com.kms.katalon.core.main.TestCaseExecutor.processExecutionPhase(TestCaseExecutor.java:298)
	at com.kms.katalon.core.main.TestCaseExecutor.accessMainPhase(TestCaseExecutor.java:290)
	at com.kms.katalon.core.main.TestCaseExecutor.execute(TestCaseExecutor.java:224)
	at com.kms.katalon.core.main.TestSuiteExecutor.accessTestCaseMainPhase(TestSuiteExecutor.java:129)
	at com.kms.katalon.core.main.TestSuiteExecutor.accessTestSuiteMainPhase(TestSuiteExecutor.java:112)
	at com.kms.katalon.core.main.TestSuiteExecutor.execute(TestSuiteExecutor.java:81)
	at com.kms.katalon.core.main.TestCaseMain.startTestSuite(TestCaseMain.java:149)
	at com.kms.katalon.core.main.TestCaseMain$startTestSuite$0.call(Unknown Source)
	at TempTestSuite1550476757023.run(TempTestSuite1550476757023.groovy:36)


2019-02-18 16:58:28 - [MESSAGE][FAILED] - Unable to call Test Case 'Test Cases/All TC/Arranged/3. Unit/EI/Form 7_default/OTC_Application_Reg' (Root cause: com.kms.katalon.core.exception.StepFailedException: Call Test Case 'Test Cases/All TC/Arranged/3. Unit/EI/Form 7_default/OTC_Application_Reg' failed)

2019-02-18 16:58:28 - [MESSAGE][FAILED] - callTestCase(findTestCase("All TC/Arranged/3. Unit/EI/Form 7_default/OTC_Application_Reg"), [:], STOP_ON_FAILURE) FAILED.
Reason:
com.kms.katalon.core.exception.StepFailedException: Unable to set text '10/01/2019' of object 'Object Repository/KeatMun/Form 7_default/OTC_Application_Reg/Page_PERKESO/11.Tarikh Terima_stampedDtS' (Root cause: com.kms.katalon.core.webui.exception.WebElementNotFoundException: Web element with id: 'Object Repository/KeatMun/Form 7_default/OTC_Application_Reg/Page_PERKESO/11.Tarikh Terima_stampedDtS' located by 'By.xpath: //input[@id = 'stampedDtStr' and @name = 'stampedDtStr' and @type = 'text']' not found)
	at com.kms.katalon.core.keyword.internal.KeywordMain.stepFailed(KeywordMain.groovy:36)
	at com.kms.katalon.core.webui.keyword.internal.WebUIKeywordMain.stepFailed(WebUIKeywordMain.groovy:65)
	at com.kms.katalon.core.webui.keyword.internal.WebUIKeywordMain.runKeyword(WebUIKeywordMain.groovy:27)
	at com.kms.katalon.core.webui.keyword.builtin.SetTextKeyword.setText(SetTextKeyword.groovy:65)
	at com.kms.katalon.core.webui.keyword.builtin.SetTextKeyword.execute(SetTextKeyword.groovy:37)
	at com.kms.katalon.core.keyword.internal.KeywordExecutor.executeKeywordForPlatform(KeywordExecutor.groovy:53)
	at com.kms.katalon.core.webui.keyword.WebUiBuiltInKeywords.setText(WebUiBuiltInKeywords.groovy:950)
	at com.kms.katalon.core.webui.keyword.WebUiBuiltInKeywords$setText$1.call(Unknown Source)
	at OTC_Application_Reg.run(OTC_Application_Reg:74)
	at com.kms.katalon.core.main.ScriptEngine.run(ScriptEngine.java:194)
	at com.kms.katalon.core.main.ScriptEngine.runScriptAsRawText(ScriptEngine.java:119)
	at com.kms.katalon.core.main.TestCaseExecutor.runScript(TestCaseExecutor.java:328)
	at com.kms.katalon.core.main.TestCaseExecutor.doExecute(TestCaseExecutor.java:319)
	at com.kms.katalon.core.main.TestCaseExecutor.processExecutionPhase(TestCaseExecutor.java:298)
	at com.kms.katalon.core.main.TestCaseExecutor.accessMainPhase(TestCaseExecutor.java:290)
	at com.kms.katalon.core.main.TestCaseExecutor.execute(TestCaseExecutor.java:224)
	at com.kms.katalon.core.main.TestCaseMain.runTestCase(TestCaseMain.java:106)
	at com.kms.katalon.core.keyword.builtin.CallTestCaseKeyword$_callTestCase_closure1.doCall(CallTestCaseKeyword.groovy:59)
	at com.kms.katalon.core.keyword.builtin.CallTestCaseKeyword$_callTestCase_closure1.call(CallTestCaseKeyword.groovy)
	at com.kms.katalon.core.keyword.internal.KeywordMain.runKeyword(KeywordMain.groovy:54)
	at com.kms.katalon.core.keyword.builtin.CallTestCaseKeyword.callTestCase(CallTestCaseKeyword.groovy:80)
	at com.kms.katalon.core.keyword.builtin.CallTestCaseKeyword.execute(CallTestCaseKeyword.groovy:44)
	at com.kms.katalon.core.keyword.internal.KeywordExecutor.executeKeywordForPlatform(KeywordExecutor.groovy:53)
	at com.kms.katalon.core.keyword.BuiltinKeywords.callTestCase(BuiltinKeywords.groovy:334)
	at OTC_Submit Form 7_End to End - Cheque.run(OTC_Submit Form 7_End to End - Cheque:16)
	at com.kms.katalon.core.main.ScriptEngine.run(ScriptEngine.java:194)
	at com.kms.katalon.core.main.ScriptEngine.runScriptAsRawText(ScriptEngine.java:119)
	at com.kms.katalon.core.main.TestCaseExecutor.runScript(TestCaseExecutor.java:328)
	at com.kms.katalon.core.main.TestCaseExecutor.doExecute(TestCaseExecutor.java:319)
	at com.kms.katalon.core.main.TestCaseExecutor.processExecutionPhase(TestCaseExecutor.java:298)
	at com.kms.katalon.core.main.TestCaseExecutor.accessMainPhase(TestCaseExecutor.java:290)
	at com.kms.katalon.core.main.TestCaseExecutor.execute(TestCaseExecutor.java:224)
	at com.kms.katalon.core.main.TestCaseMain.runTestCase(TestCaseMain.java:106)
	at com.kms.katalon.core.keyword.builtin.CallTestCaseKeyword$_callTestCase_closure1.doCall(CallTestCaseKeyword.groovy:59)
	at com.kms.katalon.core.keyword.builtin.CallTestCaseKeyword$_callTestCase_closure1.call(CallTestCaseKeyword.groovy)
	at com.kms.katalon.core.keyword.internal.KeywordMain.runKeyword(KeywordMain.groovy:54)
	at com.kms.katalon.core.keyword.builtin.CallTestCaseKeyword.callTestCase(CallTestCaseKeyword.groovy:80)
	at com.kms.katalon.core.keyword.builtin.CallTestCaseKeyword.execute(CallTestCaseKeyword.groovy:44)
	at com.kms.katalon.core.keyword.internal.KeywordExecutor.executeKeywordForPlatform(KeywordExecutor.groovy:53)
	at com.kms.katalon.core.keyword.BuiltinKeywords.callTestCase(BuiltinKeywords.groovy:334)
	at Approve Claim - Fill Up UJP - by OB.run(Approve Claim - Fill Up UJP - by OB:16)
	at com.kms.katalon.core.main.ScriptEngine.run(ScriptEngine.java:194)
	at com.kms.katalon.core.main.ScriptEngine.runScriptAsRawText(ScriptEngine.java:119)
	at com.kms.katalon.core.main.TestCaseExecutor.runScript(TestCaseExecutor.java:328)
	at com.kms.katalon.core.main.TestCaseExecutor.doExecute(TestCaseExecutor.java:319)
	at com.kms.katalon.core.main.TestCaseExecutor.processExecutionPhase(TestCaseExecutor.java:298)
	at com.kms.katalon.core.main.TestCaseExecutor.accessMainPhase(TestCaseExecutor.java:290)
	at com.kms.katalon.core.main.TestCaseExecutor.execute(TestCaseExecutor.java:224)
	at com.kms.katalon.core.main.TestSuiteExecutor.accessTestCaseMainPhase(TestSuiteExecutor.java:129)
	at com.kms.katalon.core.main.TestSuiteExecutor.accessTestSuiteMainPhase(TestSuiteExecutor.java:112)
	at com.kms.katalon.core.main.TestSuiteExecutor.execute(TestSuiteExecutor.java:81)
	at com.kms.katalon.core.main.TestCaseMain.startTestSuite(TestCaseMain.java:149)
	at com.kms.katalon.core.main.TestCaseMain$startTestSuite$0.call(Unknown Source)
	at TempTestSuite1550476757023.run(TempTestSuite1550476757023.groovy:36)


2019-02-18 16:58:29 - [MESSAGE][FAILED] - Unable to call Test Case 'Test Cases/All TC/Arranged/2. Segment/OTC_Submit Form 7_End to End - Cheque' (Root cause: com.kms.katalon.core.exception.StepFailedException: Call Test Case 'Test Cases/All TC/Arranged/2. Segment/OTC_Submit Form 7_End to End - Cheque' failed)

2019-02-18 16:58:29 - [MESSAGE][FAILED] - callTestCase(findTestCase("All TC/Arranged/2. Segment/OTC_Submit Form 7_End to End - Cheque"), [:], STOP_ON_FAILURE) FAILED.
Reason:
com.kms.katalon.core.exception.StepFailedException: Unable to set text '10/01/2019' of object 'Object Repository/KeatMun/Form 7_default/OTC_Application_Reg/Page_PERKESO/11.Tarikh Terima_stampedDtS' (Root cause: com.kms.katalon.core.webui.exception.WebElementNotFoundException: Web element with id: 'Object Repository/KeatMun/Form 7_default/OTC_Application_Reg/Page_PERKESO/11.Tarikh Terima_stampedDtS' located by 'By.xpath: //input[@id = 'stampedDtStr' and @name = 'stampedDtStr' and @type = 'text']' not found)
	at com.kms.katalon.core.keyword.internal.KeywordMain.stepFailed(KeywordMain.groovy:36)
	at com.kms.katalon.core.webui.keyword.internal.WebUIKeywordMain.stepFailed(WebUIKeywordMain.groovy:65)
	at com.kms.katalon.core.webui.keyword.internal.WebUIKeywordMain.runKeyword(WebUIKeywordMain.groovy:27)
	at com.kms.katalon.core.webui.keyword.builtin.SetTextKeyword.setText(SetTextKeyword.groovy:65)
	at com.kms.katalon.core.webui.keyword.builtin.SetTextKeyword.execute(SetTextKeyword.groovy:37)
	at com.kms.katalon.core.keyword.internal.KeywordExecutor.executeKeywordForPlatform(KeywordExecutor.groovy:53)
	at com.kms.katalon.core.webui.keyword.WebUiBuiltInKeywords.setText(WebUiBuiltInKeywords.groovy:950)
	at com.kms.katalon.core.webui.keyword.WebUiBuiltInKeywords$setText$1.call(Unknown Source)
	at OTC_Application_Reg.run(OTC_Application_Reg:74)
	at com.kms.katalon.core.main.ScriptEngine.run(ScriptEngine.java:194)
	at com.kms.katalon.core.main.ScriptEngine.runScriptAsRawText(ScriptEngine.java:119)
	at com.kms.katalon.core.main.TestCaseExecutor.runScript(TestCaseExecutor.java:328)
	at com.kms.katalon.core.main.TestCaseExecutor.doExecute(TestCaseExecutor.java:319)
	at com.kms.katalon.core.main.TestCaseExecutor.processExecutionPhase(TestCaseExecutor.java:298)
	at com.kms.katalon.core.main.TestCaseExecutor.accessMainPhase(TestCaseExecutor.java:290)
	at com.kms.katalon.core.main.TestCaseExecutor.execute(TestCaseExecutor.java:224)
	at com.kms.katalon.core.main.TestCaseMain.runTestCase(TestCaseMain.java:106)
	at com.kms.katalon.core.keyword.builtin.CallTestCaseKeyword$_callTestCase_closure1.doCall(CallTestCaseKeyword.groovy:59)
	at com.kms.katalon.core.keyword.builtin.CallTestCaseKeyword$_callTestCase_closure1.call(CallTestCaseKeyword.groovy)
	at com.kms.katalon.core.keyword.internal.KeywordMain.runKeyword(KeywordMain.groovy:54)
	at com.kms.katalon.core.keyword.builtin.CallTestCaseKeyword.callTestCase(CallTestCaseKeyword.groovy:80)
	at com.kms.katalon.core.keyword.builtin.CallTestCaseKeyword.execute(CallTestCaseKeyword.groovy:44)
	at com.kms.katalon.core.keyword.internal.KeywordExecutor.executeKeywordForPlatform(KeywordExecutor.groovy:53)
	at com.kms.katalon.core.keyword.BuiltinKeywords.callTestCase(BuiltinKeywords.groovy:334)
	at OTC_Submit Form 7_End to End - Cheque.run(OTC_Submit Form 7_End to End - Cheque:16)
	at com.kms.katalon.core.main.ScriptEngine.run(ScriptEngine.java:194)
	at com.kms.katalon.core.main.ScriptEngine.runScriptAsRawText(ScriptEngine.java:119)
	at com.kms.katalon.core.main.TestCaseExecutor.runScript(TestCaseExecutor.java:328)
	at com.kms.katalon.core.main.TestCaseExecutor.doExecute(TestCaseExecutor.java:319)
	at com.kms.katalon.core.main.TestCaseExecutor.processExecutionPhase(TestCaseExecutor.java:298)
	at com.kms.katalon.core.main.TestCaseExecutor.accessMainPhase(TestCaseExecutor.java:290)
	at com.kms.katalon.core.main.TestCaseExecutor.execute(TestCaseExecutor.java:224)
	at com.kms.katalon.core.main.TestCaseMain.runTestCase(TestCaseMain.java:106)
	at com.kms.katalon.core.keyword.builtin.CallTestCaseKeyword$_callTestCase_closure1.doCall(CallTestCaseKeyword.groovy:59)
	at com.kms.katalon.core.keyword.builtin.CallTestCaseKeyword$_callTestCase_closure1.call(CallTestCaseKeyword.groovy)
	at com.kms.katalon.core.keyword.internal.KeywordMain.runKeyword(KeywordMain.groovy:54)
	at com.kms.katalon.core.keyword.builtin.CallTestCaseKeyword.callTestCase(CallTestCaseKeyword.groovy:80)
	at com.kms.katalon.core.keyword.builtin.CallTestCaseKeyword.execute(CallTestCaseKeyword.groovy:44)
	at com.kms.katalon.core.keyword.internal.KeywordExecutor.executeKeywordForPlatform(KeywordExecutor.groovy:53)
	at com.kms.katalon.core.keyword.BuiltinKeywords.callTestCase(BuiltinKeywords.groovy:334)
	at Approve Claim - Fill Up UJP - by OB.run(Approve Claim - Fill Up UJP - by OB:16)
	at com.kms.katalon.core.main.ScriptEngine.run(ScriptEngine.java:194)
	at com.kms.katalon.core.main.ScriptEngine.runScriptAsRawText(ScriptEngine.java:119)
	at com.kms.katalon.core.main.TestCaseExecutor.runScript(TestCaseExecutor.java:328)
	at com.kms.katalon.core.main.TestCaseExecutor.doExecute(TestCaseExecutor.java:319)
	at com.kms.katalon.core.main.TestCaseExecutor.processExecutionPhase(TestCaseExecutor.java:298)
	at com.kms.katalon.core.main.TestCaseExecutor.accessMainPhase(TestCaseExecutor.java:290)
	at com.kms.katalon.core.main.TestCaseExecutor.execute(TestCaseExecutor.java:224)
	at com.kms.katalon.core.main.TestSuiteExecutor.accessTestCaseMainPhase(TestSuiteExecutor.java:129)
	at com.kms.katalon.core.main.TestSuiteExecutor.accessTestSuiteMainPhase(TestSuiteExecutor.java:112)
	at com.kms.katalon.core.main.TestSuiteExecutor.execute(TestSuiteExecutor.java:81)
	at com.kms.katalon.core.main.TestCaseMain.startTestSuite(TestCaseMain.java:149)
	at com.kms.katalon.core.main.TestCaseMain$startTestSuite$0.call(Unknown Source)
	at TempTestSuite1550476757023.run(TempTestSuite1550476757023.groovy:36)]]></system-out>
         <system-err><![CDATA[2019-02-18 16:56:37 - [TEST_CASE][FAILED] - Test Cases/All TC/Arranged/0. Full Flow/Approve Claim - Fill Up UJP - by OB: Test Cases/All TC/Arranged/0. Full Flow/Approve Claim - Fill Up UJP - by OB FAILED.
Reason:
com.kms.katalon.core.exception.StepFailedException: Unable to set text '10/01/2019' of object 'Object Repository/KeatMun/Form 7_default/OTC_Application_Reg/Page_PERKESO/11.Tarikh Terima_stampedDtS' (Root cause: com.kms.katalon.core.webui.exception.WebElementNotFoundException: Web element with id: 'Object Repository/KeatMun/Form 7_default/OTC_Application_Reg/Page_PERKESO/11.Tarikh Terima_stampedDtS' located by 'By.xpath: //input[@id = 'stampedDtStr' and @name = 'stampedDtStr' and @type = 'text']' not found)
	at com.kms.katalon.core.keyword.internal.KeywordMain.stepFailed(KeywordMain.groovy:36)
	at com.kms.katalon.core.webui.keyword.internal.WebUIKeywordMain.stepFailed(WebUIKeywordMain.groovy:65)
	at com.kms.katalon.core.webui.keyword.internal.WebUIKeywordMain.runKeyword(WebUIKeywordMain.groovy:27)
	at com.kms.katalon.core.webui.keyword.builtin.SetTextKeyword.setText(SetTextKeyword.groovy:65)
	at com.kms.katalon.core.webui.keyword.builtin.SetTextKeyword.execute(SetTextKeyword.groovy:37)
	at com.kms.katalon.core.keyword.internal.KeywordExecutor.executeKeywordForPlatform(KeywordExecutor.groovy:53)
	at com.kms.katalon.core.webui.keyword.WebUiBuiltInKeywords.setText(WebUiBuiltInKeywords.groovy:950)
	at com.kms.katalon.core.webui.keyword.WebUiBuiltInKeywords$setText$1.call(Unknown Source)
	at OTC_Application_Reg.run(OTC_Application_Reg:74)
	at com.kms.katalon.core.main.ScriptEngine.run(ScriptEngine.java:194)
	at com.kms.katalon.core.main.ScriptEngine.runScriptAsRawText(ScriptEngine.java:119)
	at com.kms.katalon.core.main.TestCaseExecutor.runScript(TestCaseExecutor.java:328)
	at com.kms.katalon.core.main.TestCaseExecutor.doExecute(TestCaseExecutor.java:319)
	at com.kms.katalon.core.main.TestCaseExecutor.processExecutionPhase(TestCaseExecutor.java:298)
	at com.kms.katalon.core.main.TestCaseExecutor.accessMainPhase(TestCaseExecutor.java:290)
	at com.kms.katalon.core.main.TestCaseExecutor.execute(TestCaseExecutor.java:224)
	at com.kms.katalon.core.main.TestCaseMain.runTestCase(TestCaseMain.java:106)
	at com.kms.katalon.core.keyword.builtin.CallTestCaseKeyword$_callTestCase_closure1.doCall(CallTestCaseKeyword.groovy:59)
	at com.kms.katalon.core.keyword.builtin.CallTestCaseKeyword$_callTestCase_closure1.call(CallTestCaseKeyword.groovy)
	at com.kms.katalon.core.keyword.internal.KeywordMain.runKeyword(KeywordMain.groovy:54)
	at com.kms.katalon.core.keyword.builtin.CallTestCaseKeyword.callTestCase(CallTestCaseKeyword.groovy:80)
	at com.kms.katalon.core.keyword.builtin.CallTestCaseKeyword.execute(CallTestCaseKeyword.groovy:44)
	at com.kms.katalon.core.keyword.internal.KeywordExecutor.executeKeywordForPlatform(KeywordExecutor.groovy:53)
	at com.kms.katalon.core.keyword.BuiltinKeywords.callTestCase(BuiltinKeywords.groovy:334)
	at OTC_Submit Form 7_End to End - Cheque.run(OTC_Submit Form 7_End to End - Cheque:16)
	at com.kms.katalon.core.main.ScriptEngine.run(ScriptEngine.java:194)
	at com.kms.katalon.core.main.ScriptEngine.runScriptAsRawText(ScriptEngine.java:119)
	at com.kms.katalon.core.main.TestCaseExecutor.runScript(TestCaseExecutor.java:328)
	at com.kms.katalon.core.main.TestCaseExecutor.doExecute(TestCaseExecutor.java:319)
	at com.kms.katalon.core.main.TestCaseExecutor.processExecutionPhase(TestCaseExecutor.java:298)
	at com.kms.katalon.core.main.TestCaseExecutor.accessMainPhase(TestCaseExecutor.java:290)
	at com.kms.katalon.core.main.TestCaseExecutor.execute(TestCaseExecutor.java:224)
	at com.kms.katalon.core.main.TestCaseMain.runTestCase(TestCaseMain.java:106)
	at com.kms.katalon.core.keyword.builtin.CallTestCaseKeyword$_callTestCase_closure1.doCall(CallTestCaseKeyword.groovy:59)
	at com.kms.katalon.core.keyword.builtin.CallTestCaseKeyword$_callTestCase_closure1.call(CallTestCaseKeyword.groovy)
	at com.kms.katalon.core.keyword.internal.KeywordMain.runKeyword(KeywordMain.groovy:54)
	at com.kms.katalon.core.keyword.builtin.CallTestCaseKeyword.callTestCase(CallTestCaseKeyword.groovy:80)
	at com.kms.katalon.core.keyword.builtin.CallTestCaseKeyword.execute(CallTestCaseKeyword.groovy:44)
	at com.kms.katalon.core.keyword.internal.KeywordExecutor.executeKeywordForPlatform(KeywordExecutor.groovy:53)
	at com.kms.katalon.core.keyword.BuiltinKeywords.callTestCase(BuiltinKeywords.groovy:334)
	at Approve Claim - Fill Up UJP - by OB.run(Approve Claim - Fill Up UJP - by OB:16)
	at com.kms.katalon.core.main.ScriptEngine.run(ScriptEngine.java:194)
	at com.kms.katalon.core.main.ScriptEngine.runScriptAsRawText(ScriptEngine.java:119)
	at com.kms.katalon.core.main.TestCaseExecutor.runScript(TestCaseExecutor.java:328)
	at com.kms.katalon.core.main.TestCaseExecutor.doExecute(TestCaseExecutor.java:319)
	at com.kms.katalon.core.main.TestCaseExecutor.processExecutionPhase(TestCaseExecutor.java:298)
	at com.kms.katalon.core.main.TestCaseExecutor.accessMainPhase(TestCaseExecutor.java:290)
	at com.kms.katalon.core.main.TestCaseExecutor.execute(TestCaseExecutor.java:224)
	at com.kms.katalon.core.main.TestSuiteExecutor.accessTestCaseMainPhase(TestSuiteExecutor.java:129)
	at com.kms.katalon.core.main.TestSuiteExecutor.accessTestSuiteMainPhase(TestSuiteExecutor.java:112)
	at com.kms.katalon.core.main.TestSuiteExecutor.execute(TestSuiteExecutor.java:81)
	at com.kms.katalon.core.main.TestCaseMain.startTestSuite(TestCaseMain.java:149)
	at com.kms.katalon.core.main.TestCaseMain$startTestSuite$0.call(Unknown Source)
	at TempTestSuite1550476757023.run(TempTestSuite1550476757023.groovy:36)]]></system-err>
      </testcase>
      <testcase name="Test Cases/All TC/Arranged/0. Full Flow/Approve Claim - Fill Up UJP - by Internal User" classname="Test Cases/All TC/Arranged/0. Full Flow/Approve Claim - Fill Up UJP - by Internal User" status="FAILED">
         <failure type="FAILED" message="Test Cases/All TC/Arranged/0. Full Flow/Approve Claim - Fill Up UJP - by Internal User FAILED.
Reason:
com.kms.katalon.core.exception.StepFailedException: Unable to set text '10/01/2019' of object 'Object Repository/KeatMun/Form 7_default/OTC_Application_Reg/Page_PERKESO/11.Tarikh Terima_stampedDtS' (Root cause: com.kms.katalon.core.webui.exception.WebElementNotFoundException: Web element with id: 'Object Repository/KeatMun/Form 7_default/OTC_Application_Reg/Page_PERKESO/11.Tarikh Terima_stampedDtS' located by 'By.xpath: //input[@id = 'stampedDtStr' and @name = 'stampedDtStr' and @type = 'text']' not found)
	at com.kms.katalon.core.keyword.internal.KeywordMain.stepFailed(KeywordMain.groovy:36)
	at com.kms.katalon.core.webui.keyword.internal.WebUIKeywordMain.stepFailed(WebUIKeywordMain.groovy:65)
	at com.kms.katalon.core.webui.keyword.internal.WebUIKeywordMain.runKeyword(WebUIKeywordMain.groovy:27)
	at com.kms.katalon.core.webui.keyword.builtin.SetTextKeyword.setText(SetTextKeyword.groovy:65)
	at com.kms.katalon.core.webui.keyword.builtin.SetTextKeyword.execute(SetTextKeyword.groovy:37)
	at com.kms.katalon.core.keyword.internal.KeywordExecutor.executeKeywordForPlatform(KeywordExecutor.groovy:53)
	at com.kms.katalon.core.webui.keyword.WebUiBuiltInKeywords.setText(WebUiBuiltInKeywords.groovy:950)
	at com.kms.katalon.core.webui.keyword.WebUiBuiltInKeywords$setText$1.call(Unknown Source)
	at OTC_Application_Reg.run(OTC_Application_Reg:74)
	at com.kms.katalon.core.main.ScriptEngine.run(ScriptEngine.java:194)
	at com.kms.katalon.core.main.ScriptEngine.runScriptAsRawText(ScriptEngine.java:119)
	at com.kms.katalon.core.main.TestCaseExecutor.runScript(TestCaseExecutor.java:328)
	at com.kms.katalon.core.main.TestCaseExecutor.doExecute(TestCaseExecutor.java:319)
	at com.kms.katalon.core.main.TestCaseExecutor.processExecutionPhase(TestCaseExecutor.java:298)
	at com.kms.katalon.core.main.TestCaseExecutor.accessMainPhase(TestCaseExecutor.java:290)
	at com.kms.katalon.core.main.TestCaseExecutor.execute(TestCaseExecutor.java:224)
	at com.kms.katalon.core.main.TestCaseMain.runTestCase(TestCaseMain.java:106)
	at com.kms.katalon.core.keyword.builtin.CallTestCaseKeyword$_callTestCase_closure1.doCall(CallTestCaseKeyword.groovy:59)
	at com.kms.katalon.core.keyword.builtin.CallTestCaseKeyword$_callTestCase_closure1.call(CallTestCaseKeyword.groovy)
	at com.kms.katalon.core.keyword.internal.KeywordMain.runKeyword(KeywordMain.groovy:54)
	at com.kms.katalon.core.keyword.builtin.CallTestCaseKeyword.callTestCase(CallTestCaseKeyword.groovy:80)
	at com.kms.katalon.core.keyword.builtin.CallTestCaseKeyword.execute(CallTestCaseKeyword.groovy:44)
	at com.kms.katalon.core.keyword.internal.KeywordExecutor.executeKeywordForPlatform(KeywordExecutor.groovy:53)
	at com.kms.katalon.core.keyword.BuiltinKeywords.callTestCase(BuiltinKeywords.groovy:334)
	at OTC_Submit Form 7_End to End - Cheque.run(OTC_Submit Form 7_End to End - Cheque:16)
	at com.kms.katalon.core.main.ScriptEngine.run(ScriptEngine.java:194)
	at com.kms.katalon.core.main.ScriptEngine.runScriptAsRawText(ScriptEngine.java:119)
	at com.kms.katalon.core.main.TestCaseExecutor.runScript(TestCaseExecutor.java:328)
	at com.kms.katalon.core.main.TestCaseExecutor.doExecute(TestCaseExecutor.java:319)
	at com.kms.katalon.core.main.TestCaseExecutor.processExecutionPhase(TestCaseExecutor.java:298)
	at com.kms.katalon.core.main.TestCaseExecutor.accessMainPhase(TestCaseExecutor.java:290)
	at com.kms.katalon.core.main.TestCaseExecutor.execute(TestCaseExecutor.java:224)
	at com.kms.katalon.core.main.TestCaseMain.runTestCase(TestCaseMain.java:106)
	at com.kms.katalon.core.keyword.builtin.CallTestCaseKeyword$_callTestCase_closure1.doCall(CallTestCaseKeyword.groovy:59)
	at com.kms.katalon.core.keyword.builtin.CallTestCaseKeyword$_callTestCase_closure1.call(CallTestCaseKeyword.groovy)
	at com.kms.katalon.core.keyword.internal.KeywordMain.runKeyword(KeywordMain.groovy:54)
	at com.kms.katalon.core.keyword.builtin.CallTestCaseKeyword.callTestCase(CallTestCaseKeyword.groovy:80)
	at com.kms.katalon.core.keyword.builtin.CallTestCaseKeyword.execute(CallTestCaseKeyword.groovy:44)
	at com.kms.katalon.core.keyword.internal.KeywordExecutor.executeKeywordForPlatform(KeywordExecutor.groovy:53)
	at com.kms.katalon.core.keyword.BuiltinKeywords.callTestCase(BuiltinKeywords.groovy:334)
	at Approve Claim - Fill Up UJP - by Internal User.run(Approve Claim - Fill Up UJP - by Internal User:16)
	at com.kms.katalon.core.main.ScriptEngine.run(ScriptEngine.java:194)
	at com.kms.katalon.core.main.ScriptEngine.runScriptAsRawText(ScriptEngine.java:119)
	at com.kms.katalon.core.main.TestCaseExecutor.runScript(TestCaseExecutor.java:328)
	at com.kms.katalon.core.main.TestCaseExecutor.doExecute(TestCaseExecutor.java:319)
	at com.kms.katalon.core.main.TestCaseExecutor.processExecutionPhase(TestCaseExecutor.java:298)
	at com.kms.katalon.core.main.TestCaseExecutor.accessMainPhase(TestCaseExecutor.java:290)
	at com.kms.katalon.core.main.TestCaseExecutor.execute(TestCaseExecutor.java:224)
	at com.kms.katalon.core.main.TestSuiteExecutor.accessTestCaseMainPhase(TestSuiteExecutor.java:129)
	at com.kms.katalon.core.main.TestSuiteExecutor.accessTestSuiteMainPhase(TestSuiteExecutor.java:112)
	at com.kms.katalon.core.main.TestSuiteExecutor.execute(TestSuiteExecutor.java:81)
	at com.kms.katalon.core.main.TestCaseMain.startTestSuite(TestCaseMain.java:149)
	at com.kms.katalon.core.main.TestCaseMain$startTestSuite$0.call(Unknown Source)
	at TempTestSuite1550476757023.run(TempTestSuite1550476757023.groovy:36)
"/>
         <system-out><![CDATA[2019-02-18 16:58:29 - [TEST_CASE][FAILED] - Test Cases/All TC/Arranged/0. Full Flow/Approve Claim - Fill Up UJP - by Internal User: Test Cases/All TC/Arranged/0. Full Flow/Approve Claim - Fill Up UJP - by Internal User FAILED.
Reason:
com.kms.katalon.core.exception.StepFailedException: Unable to set text '10/01/2019' of object 'Object Repository/KeatMun/Form 7_default/OTC_Application_Reg/Page_PERKESO/11.Tarikh Terima_stampedDtS' (Root cause: com.kms.katalon.core.webui.exception.WebElementNotFoundException: Web element with id: 'Object Repository/KeatMun/Form 7_default/OTC_Application_Reg/Page_PERKESO/11.Tarikh Terima_stampedDtS' located by 'By.xpath: //input[@id = 'stampedDtStr' and @name = 'stampedDtStr' and @type = 'text']' not found)
	at com.kms.katalon.core.keyword.internal.KeywordMain.stepFailed(KeywordMain.groovy:36)
	at com.kms.katalon.core.webui.keyword.internal.WebUIKeywordMain.stepFailed(WebUIKeywordMain.groovy:65)
	at com.kms.katalon.core.webui.keyword.internal.WebUIKeywordMain.runKeyword(WebUIKeywordMain.groovy:27)
	at com.kms.katalon.core.webui.keyword.builtin.SetTextKeyword.setText(SetTextKeyword.groovy:65)
	at com.kms.katalon.core.webui.keyword.builtin.SetTextKeyword.execute(SetTextKeyword.groovy:37)
	at com.kms.katalon.core.keyword.internal.KeywordExecutor.executeKeywordForPlatform(KeywordExecutor.groovy:53)
	at com.kms.katalon.core.webui.keyword.WebUiBuiltInKeywords.setText(WebUiBuiltInKeywords.groovy:950)
	at com.kms.katalon.core.webui.keyword.WebUiBuiltInKeywords$setText$1.call(Unknown Source)
	at OTC_Application_Reg.run(OTC_Application_Reg:74)
	at com.kms.katalon.core.main.ScriptEngine.run(ScriptEngine.java:194)
	at com.kms.katalon.core.main.ScriptEngine.runScriptAsRawText(ScriptEngine.java:119)
	at com.kms.katalon.core.main.TestCaseExecutor.runScript(TestCaseExecutor.java:328)
	at com.kms.katalon.core.main.TestCaseExecutor.doExecute(TestCaseExecutor.java:319)
	at com.kms.katalon.core.main.TestCaseExecutor.processExecutionPhase(TestCaseExecutor.java:298)
	at com.kms.katalon.core.main.TestCaseExecutor.accessMainPhase(TestCaseExecutor.java:290)
	at com.kms.katalon.core.main.TestCaseExecutor.execute(TestCaseExecutor.java:224)
	at com.kms.katalon.core.main.TestCaseMain.runTestCase(TestCaseMain.java:106)
	at com.kms.katalon.core.keyword.builtin.CallTestCaseKeyword$_callTestCase_closure1.doCall(CallTestCaseKeyword.groovy:59)
	at com.kms.katalon.core.keyword.builtin.CallTestCaseKeyword$_callTestCase_closure1.call(CallTestCaseKeyword.groovy)
	at com.kms.katalon.core.keyword.internal.KeywordMain.runKeyword(KeywordMain.groovy:54)
	at com.kms.katalon.core.keyword.builtin.CallTestCaseKeyword.callTestCase(CallTestCaseKeyword.groovy:80)
	at com.kms.katalon.core.keyword.builtin.CallTestCaseKeyword.execute(CallTestCaseKeyword.groovy:44)
	at com.kms.katalon.core.keyword.internal.KeywordExecutor.executeKeywordForPlatform(KeywordExecutor.groovy:53)
	at com.kms.katalon.core.keyword.BuiltinKeywords.callTestCase(BuiltinKeywords.groovy:334)
	at OTC_Submit Form 7_End to End - Cheque.run(OTC_Submit Form 7_End to End - Cheque:16)
	at com.kms.katalon.core.main.ScriptEngine.run(ScriptEngine.java:194)
	at com.kms.katalon.core.main.ScriptEngine.runScriptAsRawText(ScriptEngine.java:119)
	at com.kms.katalon.core.main.TestCaseExecutor.runScript(TestCaseExecutor.java:328)
	at com.kms.katalon.core.main.TestCaseExecutor.doExecute(TestCaseExecutor.java:319)
	at com.kms.katalon.core.main.TestCaseExecutor.processExecutionPhase(TestCaseExecutor.java:298)
	at com.kms.katalon.core.main.TestCaseExecutor.accessMainPhase(TestCaseExecutor.java:290)
	at com.kms.katalon.core.main.TestCaseExecutor.execute(TestCaseExecutor.java:224)
	at com.kms.katalon.core.main.TestCaseMain.runTestCase(TestCaseMain.java:106)
	at com.kms.katalon.core.keyword.builtin.CallTestCaseKeyword$_callTestCase_closure1.doCall(CallTestCaseKeyword.groovy:59)
	at com.kms.katalon.core.keyword.builtin.CallTestCaseKeyword$_callTestCase_closure1.call(CallTestCaseKeyword.groovy)
	at com.kms.katalon.core.keyword.internal.KeywordMain.runKeyword(KeywordMain.groovy:54)
	at com.kms.katalon.core.keyword.builtin.CallTestCaseKeyword.callTestCase(CallTestCaseKeyword.groovy:80)
	at com.kms.katalon.core.keyword.builtin.CallTestCaseKeyword.execute(CallTestCaseKeyword.groovy:44)
	at com.kms.katalon.core.keyword.internal.KeywordExecutor.executeKeywordForPlatform(KeywordExecutor.groovy:53)
	at com.kms.katalon.core.keyword.BuiltinKeywords.callTestCase(BuiltinKeywords.groovy:334)
	at Approve Claim - Fill Up UJP - by Internal User.run(Approve Claim - Fill Up UJP - by Internal User:16)
	at com.kms.katalon.core.main.ScriptEngine.run(ScriptEngine.java:194)
	at com.kms.katalon.core.main.ScriptEngine.runScriptAsRawText(ScriptEngine.java:119)
	at com.kms.katalon.core.main.TestCaseExecutor.runScript(TestCaseExecutor.java:328)
	at com.kms.katalon.core.main.TestCaseExecutor.doExecute(TestCaseExecutor.java:319)
	at com.kms.katalon.core.main.TestCaseExecutor.processExecutionPhase(TestCaseExecutor.java:298)
	at com.kms.katalon.core.main.TestCaseExecutor.accessMainPhase(TestCaseExecutor.java:290)
	at com.kms.katalon.core.main.TestCaseExecutor.execute(TestCaseExecutor.java:224)
	at com.kms.katalon.core.main.TestSuiteExecutor.accessTestCaseMainPhase(TestSuiteExecutor.java:129)
	at com.kms.katalon.core.main.TestSuiteExecutor.accessTestSuiteMainPhase(TestSuiteExecutor.java:112)
	at com.kms.katalon.core.main.TestSuiteExecutor.execute(TestSuiteExecutor.java:81)
	at com.kms.katalon.core.main.TestCaseMain.startTestSuite(TestCaseMain.java:149)
	at com.kms.katalon.core.main.TestCaseMain$startTestSuite$0.call(Unknown Source)
	at TempTestSuite1550476757023.run(TempTestSuite1550476757023.groovy:36)


2019-02-18 16:58:30 - [TEST_STEP][FAILED] - callTestCase(findTestCase("All TC/Arranged/2. Segment/OTC_Submit Form 7_End to End - Cheque"), [:], STOP_ON_FAILURE): callTestCase(findTestCase("All TC/Arranged/2. Segment/OTC_Submit Form 7_End to End - Cheque"), [:], STOP_ON_FAILURE) FAILED.
Reason:
com.kms.katalon.core.exception.StepFailedException: Unable to set text '10/01/2019' of object 'Object Repository/KeatMun/Form 7_default/OTC_Application_Reg/Page_PERKESO/11.Tarikh Terima_stampedDtS' (Root cause: com.kms.katalon.core.webui.exception.WebElementNotFoundException: Web element with id: 'Object Repository/KeatMun/Form 7_default/OTC_Application_Reg/Page_PERKESO/11.Tarikh Terima_stampedDtS' located by 'By.xpath: //input[@id = 'stampedDtStr' and @name = 'stampedDtStr' and @type = 'text']' not found)
	at com.kms.katalon.core.keyword.internal.KeywordMain.stepFailed(KeywordMain.groovy:36)
	at com.kms.katalon.core.webui.keyword.internal.WebUIKeywordMain.stepFailed(WebUIKeywordMain.groovy:65)
	at com.kms.katalon.core.webui.keyword.internal.WebUIKeywordMain.runKeyword(WebUIKeywordMain.groovy:27)
	at com.kms.katalon.core.webui.keyword.builtin.SetTextKeyword.setText(SetTextKeyword.groovy:65)
	at com.kms.katalon.core.webui.keyword.builtin.SetTextKeyword.execute(SetTextKeyword.groovy:37)
	at com.kms.katalon.core.keyword.internal.KeywordExecutor.executeKeywordForPlatform(KeywordExecutor.groovy:53)
	at com.kms.katalon.core.webui.keyword.WebUiBuiltInKeywords.setText(WebUiBuiltInKeywords.groovy:950)
	at com.kms.katalon.core.webui.keyword.WebUiBuiltInKeywords$setText$1.call(Unknown Source)
	at OTC_Application_Reg.run(OTC_Application_Reg:74)
	at com.kms.katalon.core.main.ScriptEngine.run(ScriptEngine.java:194)
	at com.kms.katalon.core.main.ScriptEngine.runScriptAsRawText(ScriptEngine.java:119)
	at com.kms.katalon.core.main.TestCaseExecutor.runScript(TestCaseExecutor.java:328)
	at com.kms.katalon.core.main.TestCaseExecutor.doExecute(TestCaseExecutor.java:319)
	at com.kms.katalon.core.main.TestCaseExecutor.processExecutionPhase(TestCaseExecutor.java:298)
	at com.kms.katalon.core.main.TestCaseExecutor.accessMainPhase(TestCaseExecutor.java:290)
	at com.kms.katalon.core.main.TestCaseExecutor.execute(TestCaseExecutor.java:224)
	at com.kms.katalon.core.main.TestCaseMain.runTestCase(TestCaseMain.java:106)
	at com.kms.katalon.core.keyword.builtin.CallTestCaseKeyword$_callTestCase_closure1.doCall(CallTestCaseKeyword.groovy:59)
	at com.kms.katalon.core.keyword.builtin.CallTestCaseKeyword$_callTestCase_closure1.call(CallTestCaseKeyword.groovy)
	at com.kms.katalon.core.keyword.internal.KeywordMain.runKeyword(KeywordMain.groovy:54)
	at com.kms.katalon.core.keyword.builtin.CallTestCaseKeyword.callTestCase(CallTestCaseKeyword.groovy:80)
	at com.kms.katalon.core.keyword.builtin.CallTestCaseKeyword.execute(CallTestCaseKeyword.groovy:44)
	at com.kms.katalon.core.keyword.internal.KeywordExecutor.executeKeywordForPlatform(KeywordExecutor.groovy:53)
	at com.kms.katalon.core.keyword.BuiltinKeywords.callTestCase(BuiltinKeywords.groovy:334)
	at OTC_Submit Form 7_End to End - Cheque.run(OTC_Submit Form 7_End to End - Cheque:16)
	at com.kms.katalon.core.main.ScriptEngine.run(ScriptEngine.java:194)
	at com.kms.katalon.core.main.ScriptEngine.runScriptAsRawText(ScriptEngine.java:119)
	at com.kms.katalon.core.main.TestCaseExecutor.runScript(TestCaseExecutor.java:328)
	at com.kms.katalon.core.main.TestCaseExecutor.doExecute(TestCaseExecutor.java:319)
	at com.kms.katalon.core.main.TestCaseExecutor.processExecutionPhase(TestCaseExecutor.java:298)
	at com.kms.katalon.core.main.TestCaseExecutor.accessMainPhase(TestCaseExecutor.java:290)
	at com.kms.katalon.core.main.TestCaseExecutor.execute(TestCaseExecutor.java:224)
	at com.kms.katalon.core.main.TestCaseMain.runTestCase(TestCaseMain.java:106)
	at com.kms.katalon.core.keyword.builtin.CallTestCaseKeyword$_callTestCase_closure1.doCall(CallTestCaseKeyword.groovy:59)
	at com.kms.katalon.core.keyword.builtin.CallTestCaseKeyword$_callTestCase_closure1.call(CallTestCaseKeyword.groovy)
	at com.kms.katalon.core.keyword.internal.KeywordMain.runKeyword(KeywordMain.groovy:54)
	at com.kms.katalon.core.keyword.builtin.CallTestCaseKeyword.callTestCase(CallTestCaseKeyword.groovy:80)
	at com.kms.katalon.core.keyword.builtin.CallTestCaseKeyword.execute(CallTestCaseKeyword.groovy:44)
	at com.kms.katalon.core.keyword.internal.KeywordExecutor.executeKeywordForPlatform(KeywordExecutor.groovy:53)
	at com.kms.katalon.core.keyword.BuiltinKeywords.callTestCase(BuiltinKeywords.groovy:334)
	at Approve Claim - Fill Up UJP - by Internal User.run(Approve Claim - Fill Up UJP - by Internal User:16)
	at com.kms.katalon.core.main.ScriptEngine.run(ScriptEngine.java:194)
	at com.kms.katalon.core.main.ScriptEngine.runScriptAsRawText(ScriptEngine.java:119)
	at com.kms.katalon.core.main.TestCaseExecutor.runScript(TestCaseExecutor.java:328)
	at com.kms.katalon.core.main.TestCaseExecutor.doExecute(TestCaseExecutor.java:319)
	at com.kms.katalon.core.main.TestCaseExecutor.processExecutionPhase(TestCaseExecutor.java:298)
	at com.kms.katalon.core.main.TestCaseExecutor.accessMainPhase(TestCaseExecutor.java:290)
	at com.kms.katalon.core.main.TestCaseExecutor.execute(TestCaseExecutor.java:224)
	at com.kms.katalon.core.main.TestSuiteExecutor.accessTestCaseMainPhase(TestSuiteExecutor.java:129)
	at com.kms.katalon.core.main.TestSuiteExecutor.accessTestSuiteMainPhase(TestSuiteExecutor.java:112)
	at com.kms.katalon.core.main.TestSuiteExecutor.execute(TestSuiteExecutor.java:81)
	at com.kms.katalon.core.main.TestCaseMain.startTestSuite(TestCaseMain.java:149)
	at com.kms.katalon.core.main.TestCaseMain$startTestSuite$0.call(Unknown Source)
	at TempTestSuite1550476757023.run(TempTestSuite1550476757023.groovy:36)


2019-02-18 16:58:30 - [TEST_CASE][FAILED] - Test Cases/All TC/Arranged/2. Segment/OTC_Submit Form 7_End to End - Cheque: Test Cases/All TC/Arranged/2. Segment/OTC_Submit Form 7_End to End - Cheque FAILED.
Reason:
com.kms.katalon.core.exception.StepFailedException: Unable to set text '10/01/2019' of object 'Object Repository/KeatMun/Form 7_default/OTC_Application_Reg/Page_PERKESO/11.Tarikh Terima_stampedDtS' (Root cause: com.kms.katalon.core.webui.exception.WebElementNotFoundException: Web element with id: 'Object Repository/KeatMun/Form 7_default/OTC_Application_Reg/Page_PERKESO/11.Tarikh Terima_stampedDtS' located by 'By.xpath: //input[@id = 'stampedDtStr' and @name = 'stampedDtStr' and @type = 'text']' not found)
	at com.kms.katalon.core.keyword.internal.KeywordMain.stepFailed(KeywordMain.groovy:36)
	at com.kms.katalon.core.webui.keyword.internal.WebUIKeywordMain.stepFailed(WebUIKeywordMain.groovy:65)
	at com.kms.katalon.core.webui.keyword.internal.WebUIKeywordMain.runKeyword(WebUIKeywordMain.groovy:27)
	at com.kms.katalon.core.webui.keyword.builtin.SetTextKeyword.setText(SetTextKeyword.groovy:65)
	at com.kms.katalon.core.webui.keyword.builtin.SetTextKeyword.execute(SetTextKeyword.groovy:37)
	at com.kms.katalon.core.keyword.internal.KeywordExecutor.executeKeywordForPlatform(KeywordExecutor.groovy:53)
	at com.kms.katalon.core.webui.keyword.WebUiBuiltInKeywords.setText(WebUiBuiltInKeywords.groovy:950)
	at com.kms.katalon.core.webui.keyword.WebUiBuiltInKeywords$setText$1.call(Unknown Source)
	at OTC_Application_Reg.run(OTC_Application_Reg:74)
	at com.kms.katalon.core.main.ScriptEngine.run(ScriptEngine.java:194)
	at com.kms.katalon.core.main.ScriptEngine.runScriptAsRawText(ScriptEngine.java:119)
	at com.kms.katalon.core.main.TestCaseExecutor.runScript(TestCaseExecutor.java:328)
	at com.kms.katalon.core.main.TestCaseExecutor.doExecute(TestCaseExecutor.java:319)
	at com.kms.katalon.core.main.TestCaseExecutor.processExecutionPhase(TestCaseExecutor.java:298)
	at com.kms.katalon.core.main.TestCaseExecutor.accessMainPhase(TestCaseExecutor.java:290)
	at com.kms.katalon.core.main.TestCaseExecutor.execute(TestCaseExecutor.java:224)
	at com.kms.katalon.core.main.TestCaseMain.runTestCase(TestCaseMain.java:106)
	at com.kms.katalon.core.keyword.builtin.CallTestCaseKeyword$_callTestCase_closure1.doCall(CallTestCaseKeyword.groovy:59)
	at com.kms.katalon.core.keyword.builtin.CallTestCaseKeyword$_callTestCase_closure1.call(CallTestCaseKeyword.groovy)
	at com.kms.katalon.core.keyword.internal.KeywordMain.runKeyword(KeywordMain.groovy:54)
	at com.kms.katalon.core.keyword.builtin.CallTestCaseKeyword.callTestCase(CallTestCaseKeyword.groovy:80)
	at com.kms.katalon.core.keyword.builtin.CallTestCaseKeyword.execute(CallTestCaseKeyword.groovy:44)
	at com.kms.katalon.core.keyword.internal.KeywordExecutor.executeKeywordForPlatform(KeywordExecutor.groovy:53)
	at com.kms.katalon.core.keyword.BuiltinKeywords.callTestCase(BuiltinKeywords.groovy:334)
	at OTC_Submit Form 7_End to End - Cheque.run(OTC_Submit Form 7_End to End - Cheque:16)
	at com.kms.katalon.core.main.ScriptEngine.run(ScriptEngine.java:194)
	at com.kms.katalon.core.main.ScriptEngine.runScriptAsRawText(ScriptEngine.java:119)
	at com.kms.katalon.core.main.TestCaseExecutor.runScript(TestCaseExecutor.java:328)
	at com.kms.katalon.core.main.TestCaseExecutor.doExecute(TestCaseExecutor.java:319)
	at com.kms.katalon.core.main.TestCaseExecutor.processExecutionPhase(TestCaseExecutor.java:298)
	at com.kms.katalon.core.main.TestCaseExecutor.accessMainPhase(TestCaseExecutor.java:290)
	at com.kms.katalon.core.main.TestCaseExecutor.execute(TestCaseExecutor.java:224)
	at com.kms.katalon.core.main.TestCaseMain.runTestCase(TestCaseMain.java:106)
	at com.kms.katalon.core.keyword.builtin.CallTestCaseKeyword$_callTestCase_closure1.doCall(CallTestCaseKeyword.groovy:59)
	at com.kms.katalon.core.keyword.builtin.CallTestCaseKeyword$_callTestCase_closure1.call(CallTestCaseKeyword.groovy)
	at com.kms.katalon.core.keyword.internal.KeywordMain.runKeyword(KeywordMain.groovy:54)
	at com.kms.katalon.core.keyword.builtin.CallTestCaseKeyword.callTestCase(CallTestCaseKeyword.groovy:80)
	at com.kms.katalon.core.keyword.builtin.CallTestCaseKeyword.execute(CallTestCaseKeyword.groovy:44)
	at com.kms.katalon.core.keyword.internal.KeywordExecutor.executeKeywordForPlatform(KeywordExecutor.groovy:53)
	at com.kms.katalon.core.keyword.BuiltinKeywords.callTestCase(BuiltinKeywords.groovy:334)
	at Approve Claim - Fill Up UJP - by Internal User.run(Approve Claim - Fill Up UJP - by Internal User:16)
	at com.kms.katalon.core.main.ScriptEngine.run(ScriptEngine.java:194)
	at com.kms.katalon.core.main.ScriptEngine.runScriptAsRawText(ScriptEngine.java:119)
	at com.kms.katalon.core.main.TestCaseExecutor.runScript(TestCaseExecutor.java:328)
	at com.kms.katalon.core.main.TestCaseExecutor.doExecute(TestCaseExecutor.java:319)
	at com.kms.katalon.core.main.TestCaseExecutor.processExecutionPhase(TestCaseExecutor.java:298)
	at com.kms.katalon.core.main.TestCaseExecutor.accessMainPhase(TestCaseExecutor.java:290)
	at com.kms.katalon.core.main.TestCaseExecutor.execute(TestCaseExecutor.java:224)
	at com.kms.katalon.core.main.TestSuiteExecutor.accessTestCaseMainPhase(TestSuiteExecutor.java:129)
	at com.kms.katalon.core.main.TestSuiteExecutor.accessTestSuiteMainPhase(TestSuiteExecutor.java:112)
	at com.kms.katalon.core.main.TestSuiteExecutor.execute(TestSuiteExecutor.java:81)
	at com.kms.katalon.core.main.TestCaseMain.startTestSuite(TestCaseMain.java:149)
	at com.kms.katalon.core.main.TestCaseMain$startTestSuite$0.call(Unknown Source)
	at TempTestSuite1550476757023.run(TempTestSuite1550476757023.groovy:36)


2019-02-18 16:58:30 - [TEST_STEP][FAILED] - callTestCase(findTestCase("All TC/Arranged/3. Unit/EI/Form 7_default/OTC_Application_Reg"), [:], STOP_ON_FAILURE): callTestCase(findTestCase("All TC/Arranged/3. Unit/EI/Form 7_default/OTC_Application_Reg"), [:], STOP_ON_FAILURE) FAILED.
Reason:
com.kms.katalon.core.exception.StepFailedException: Unable to set text '10/01/2019' of object 'Object Repository/KeatMun/Form 7_default/OTC_Application_Reg/Page_PERKESO/11.Tarikh Terima_stampedDtS' (Root cause: com.kms.katalon.core.webui.exception.WebElementNotFoundException: Web element with id: 'Object Repository/KeatMun/Form 7_default/OTC_Application_Reg/Page_PERKESO/11.Tarikh Terima_stampedDtS' located by 'By.xpath: //input[@id = 'stampedDtStr' and @name = 'stampedDtStr' and @type = 'text']' not found)
	at com.kms.katalon.core.keyword.internal.KeywordMain.stepFailed(KeywordMain.groovy:36)
	at com.kms.katalon.core.webui.keyword.internal.WebUIKeywordMain.stepFailed(WebUIKeywordMain.groovy:65)
	at com.kms.katalon.core.webui.keyword.internal.WebUIKeywordMain.runKeyword(WebUIKeywordMain.groovy:27)
	at com.kms.katalon.core.webui.keyword.builtin.SetTextKeyword.setText(SetTextKeyword.groovy:65)
	at com.kms.katalon.core.webui.keyword.builtin.SetTextKeyword.execute(SetTextKeyword.groovy:37)
	at com.kms.katalon.core.keyword.internal.KeywordExecutor.executeKeywordForPlatform(KeywordExecutor.groovy:53)
	at com.kms.katalon.core.webui.keyword.WebUiBuiltInKeywords.setText(WebUiBuiltInKeywords.groovy:950)
	at com.kms.katalon.core.webui.keyword.WebUiBuiltInKeywords$setText$1.call(Unknown Source)
	at OTC_Application_Reg.run(OTC_Application_Reg:74)
	at com.kms.katalon.core.main.ScriptEngine.run(ScriptEngine.java:194)
	at com.kms.katalon.core.main.ScriptEngine.runScriptAsRawText(ScriptEngine.java:119)
	at com.kms.katalon.core.main.TestCaseExecutor.runScript(TestCaseExecutor.java:328)
	at com.kms.katalon.core.main.TestCaseExecutor.doExecute(TestCaseExecutor.java:319)
	at com.kms.katalon.core.main.TestCaseExecutor.processExecutionPhase(TestCaseExecutor.java:298)
	at com.kms.katalon.core.main.TestCaseExecutor.accessMainPhase(TestCaseExecutor.java:290)
	at com.kms.katalon.core.main.TestCaseExecutor.execute(TestCaseExecutor.java:224)
	at com.kms.katalon.core.main.TestCaseMain.runTestCase(TestCaseMain.java:106)
	at com.kms.katalon.core.keyword.builtin.CallTestCaseKeyword$_callTestCase_closure1.doCall(CallTestCaseKeyword.groovy:59)
	at com.kms.katalon.core.keyword.builtin.CallTestCaseKeyword$_callTestCase_closure1.call(CallTestCaseKeyword.groovy)
	at com.kms.katalon.core.keyword.internal.KeywordMain.runKeyword(KeywordMain.groovy:54)
	at com.kms.katalon.core.keyword.builtin.CallTestCaseKeyword.callTestCase(CallTestCaseKeyword.groovy:80)
	at com.kms.katalon.core.keyword.builtin.CallTestCaseKeyword.execute(CallTestCaseKeyword.groovy:44)
	at com.kms.katalon.core.keyword.internal.KeywordExecutor.executeKeywordForPlatform(KeywordExecutor.groovy:53)
	at com.kms.katalon.core.keyword.BuiltinKeywords.callTestCase(BuiltinKeywords.groovy:334)
	at OTC_Submit Form 7_End to End - Cheque.run(OTC_Submit Form 7_End to End - Cheque:16)
	at com.kms.katalon.core.main.ScriptEngine.run(ScriptEngine.java:194)
	at com.kms.katalon.core.main.ScriptEngine.runScriptAsRawText(ScriptEngine.java:119)
	at com.kms.katalon.core.main.TestCaseExecutor.runScript(TestCaseExecutor.java:328)
	at com.kms.katalon.core.main.TestCaseExecutor.doExecute(TestCaseExecutor.java:319)
	at com.kms.katalon.core.main.TestCaseExecutor.processExecutionPhase(TestCaseExecutor.java:298)
	at com.kms.katalon.core.main.TestCaseExecutor.accessMainPhase(TestCaseExecutor.java:290)
	at com.kms.katalon.core.main.TestCaseExecutor.execute(TestCaseExecutor.java:224)
	at com.kms.katalon.core.main.TestCaseMain.runTestCase(TestCaseMain.java:106)
	at com.kms.katalon.core.keyword.builtin.CallTestCaseKeyword$_callTestCase_closure1.doCall(CallTestCaseKeyword.groovy:59)
	at com.kms.katalon.core.keyword.builtin.CallTestCaseKeyword$_callTestCase_closure1.call(CallTestCaseKeyword.groovy)
	at com.kms.katalon.core.keyword.internal.KeywordMain.runKeyword(KeywordMain.groovy:54)
	at com.kms.katalon.core.keyword.builtin.CallTestCaseKeyword.callTestCase(CallTestCaseKeyword.groovy:80)
	at com.kms.katalon.core.keyword.builtin.CallTestCaseKeyword.execute(CallTestCaseKeyword.groovy:44)
	at com.kms.katalon.core.keyword.internal.KeywordExecutor.executeKeywordForPlatform(KeywordExecutor.groovy:53)
	at com.kms.katalon.core.keyword.BuiltinKeywords.callTestCase(BuiltinKeywords.groovy:334)
	at Approve Claim - Fill Up UJP - by Internal User.run(Approve Claim - Fill Up UJP - by Internal User:16)
	at com.kms.katalon.core.main.ScriptEngine.run(ScriptEngine.java:194)
	at com.kms.katalon.core.main.ScriptEngine.runScriptAsRawText(ScriptEngine.java:119)
	at com.kms.katalon.core.main.TestCaseExecutor.runScript(TestCaseExecutor.java:328)
	at com.kms.katalon.core.main.TestCaseExecutor.doExecute(TestCaseExecutor.java:319)
	at com.kms.katalon.core.main.TestCaseExecutor.processExecutionPhase(TestCaseExecutor.java:298)
	at com.kms.katalon.core.main.TestCaseExecutor.accessMainPhase(TestCaseExecutor.java:290)
	at com.kms.katalon.core.main.TestCaseExecutor.execute(TestCaseExecutor.java:224)
	at com.kms.katalon.core.main.TestSuiteExecutor.accessTestCaseMainPhase(TestSuiteExecutor.java:129)
	at com.kms.katalon.core.main.TestSuiteExecutor.accessTestSuiteMainPhase(TestSuiteExecutor.java:112)
	at com.kms.katalon.core.main.TestSuiteExecutor.execute(TestSuiteExecutor.java:81)
	at com.kms.katalon.core.main.TestCaseMain.startTestSuite(TestCaseMain.java:149)
	at com.kms.katalon.core.main.TestCaseMain$startTestSuite$0.call(Unknown Source)
	at TempTestSuite1550476757023.run(TempTestSuite1550476757023.groovy:36)


2019-02-18 16:58:30 - [TEST_CASE][FAILED] - Test Cases/All TC/Arranged/3. Unit/EI/Form 7_default/OTC_Application_Reg: Test Cases/All TC/Arranged/3. Unit/EI/Form 7_default/OTC_Application_Reg FAILED.
Reason:
com.kms.katalon.core.exception.StepFailedException: Unable to set text '10/01/2019' of object 'Object Repository/KeatMun/Form 7_default/OTC_Application_Reg/Page_PERKESO/11.Tarikh Terima_stampedDtS' (Root cause: com.kms.katalon.core.webui.exception.WebElementNotFoundException: Web element with id: 'Object Repository/KeatMun/Form 7_default/OTC_Application_Reg/Page_PERKESO/11.Tarikh Terima_stampedDtS' located by 'By.xpath: //input[@id = 'stampedDtStr' and @name = 'stampedDtStr' and @type = 'text']' not found)
	at com.kms.katalon.core.keyword.internal.KeywordMain.stepFailed(KeywordMain.groovy:36)
	at com.kms.katalon.core.webui.keyword.internal.WebUIKeywordMain.stepFailed(WebUIKeywordMain.groovy:65)
	at com.kms.katalon.core.webui.keyword.internal.WebUIKeywordMain.runKeyword(WebUIKeywordMain.groovy:27)
	at com.kms.katalon.core.webui.keyword.builtin.SetTextKeyword.setText(SetTextKeyword.groovy:65)
	at com.kms.katalon.core.webui.keyword.builtin.SetTextKeyword.execute(SetTextKeyword.groovy:37)
	at com.kms.katalon.core.keyword.internal.KeywordExecutor.executeKeywordForPlatform(KeywordExecutor.groovy:53)
	at com.kms.katalon.core.webui.keyword.WebUiBuiltInKeywords.setText(WebUiBuiltInKeywords.groovy:950)
	at com.kms.katalon.core.webui.keyword.WebUiBuiltInKeywords$setText$1.call(Unknown Source)
	at OTC_Application_Reg.run(OTC_Application_Reg:74)
	at com.kms.katalon.core.main.ScriptEngine.run(ScriptEngine.java:194)
	at com.kms.katalon.core.main.ScriptEngine.runScriptAsRawText(ScriptEngine.java:119)
	at com.kms.katalon.core.main.TestCaseExecutor.runScript(TestCaseExecutor.java:328)
	at com.kms.katalon.core.main.TestCaseExecutor.doExecute(TestCaseExecutor.java:319)
	at com.kms.katalon.core.main.TestCaseExecutor.processExecutionPhase(TestCaseExecutor.java:298)
	at com.kms.katalon.core.main.TestCaseExecutor.accessMainPhase(TestCaseExecutor.java:290)
	at com.kms.katalon.core.main.TestCaseExecutor.execute(TestCaseExecutor.java:224)
	at com.kms.katalon.core.main.TestCaseMain.runTestCase(TestCaseMain.java:106)
	at com.kms.katalon.core.keyword.builtin.CallTestCaseKeyword$_callTestCase_closure1.doCall(CallTestCaseKeyword.groovy:59)
	at com.kms.katalon.core.keyword.builtin.CallTestCaseKeyword$_callTestCase_closure1.call(CallTestCaseKeyword.groovy)
	at com.kms.katalon.core.keyword.internal.KeywordMain.runKeyword(KeywordMain.groovy:54)
	at com.kms.katalon.core.keyword.builtin.CallTestCaseKeyword.callTestCase(CallTestCaseKeyword.groovy:80)
	at com.kms.katalon.core.keyword.builtin.CallTestCaseKeyword.execute(CallTestCaseKeyword.groovy:44)
	at com.kms.katalon.core.keyword.internal.KeywordExecutor.executeKeywordForPlatform(KeywordExecutor.groovy:53)
	at com.kms.katalon.core.keyword.BuiltinKeywords.callTestCase(BuiltinKeywords.groovy:334)
	at OTC_Submit Form 7_End to End - Cheque.run(OTC_Submit Form 7_End to End - Cheque:16)
	at com.kms.katalon.core.main.ScriptEngine.run(ScriptEngine.java:194)
	at com.kms.katalon.core.main.ScriptEngine.runScriptAsRawText(ScriptEngine.java:119)
	at com.kms.katalon.core.main.TestCaseExecutor.runScript(TestCaseExecutor.java:328)
	at com.kms.katalon.core.main.TestCaseExecutor.doExecute(TestCaseExecutor.java:319)
	at com.kms.katalon.core.main.TestCaseExecutor.processExecutionPhase(TestCaseExecutor.java:298)
	at com.kms.katalon.core.main.TestCaseExecutor.accessMainPhase(TestCaseExecutor.java:290)
	at com.kms.katalon.core.main.TestCaseExecutor.execute(TestCaseExecutor.java:224)
	at com.kms.katalon.core.main.TestCaseMain.runTestCase(TestCaseMain.java:106)
	at com.kms.katalon.core.keyword.builtin.CallTestCaseKeyword$_callTestCase_closure1.doCall(CallTestCaseKeyword.groovy:59)
	at com.kms.katalon.core.keyword.builtin.CallTestCaseKeyword$_callTestCase_closure1.call(CallTestCaseKeyword.groovy)
	at com.kms.katalon.core.keyword.internal.KeywordMain.runKeyword(KeywordMain.groovy:54)
	at com.kms.katalon.core.keyword.builtin.CallTestCaseKeyword.callTestCase(CallTestCaseKeyword.groovy:80)
	at com.kms.katalon.core.keyword.builtin.CallTestCaseKeyword.execute(CallTestCaseKeyword.groovy:44)
	at com.kms.katalon.core.keyword.internal.KeywordExecutor.executeKeywordForPlatform(KeywordExecutor.groovy:53)
	at com.kms.katalon.core.keyword.BuiltinKeywords.callTestCase(BuiltinKeywords.groovy:334)
	at Approve Claim - Fill Up UJP - by Internal User.run(Approve Claim - Fill Up UJP - by Internal User:16)
	at com.kms.katalon.core.main.ScriptEngine.run(ScriptEngine.java:194)
	at com.kms.katalon.core.main.ScriptEngine.runScriptAsRawText(ScriptEngine.java:119)
	at com.kms.katalon.core.main.TestCaseExecutor.runScript(TestCaseExecutor.java:328)
	at com.kms.katalon.core.main.TestCaseExecutor.doExecute(TestCaseExecutor.java:319)
	at com.kms.katalon.core.main.TestCaseExecutor.processExecutionPhase(TestCaseExecutor.java:298)
	at com.kms.katalon.core.main.TestCaseExecutor.accessMainPhase(TestCaseExecutor.java:290)
	at com.kms.katalon.core.main.TestCaseExecutor.execute(TestCaseExecutor.java:224)
	at com.kms.katalon.core.main.TestSuiteExecutor.accessTestCaseMainPhase(TestSuiteExecutor.java:129)
	at com.kms.katalon.core.main.TestSuiteExecutor.accessTestSuiteMainPhase(TestSuiteExecutor.java:112)
	at com.kms.katalon.core.main.TestSuiteExecutor.execute(TestSuiteExecutor.java:81)
	at com.kms.katalon.core.main.TestCaseMain.startTestSuite(TestCaseMain.java:149)
	at com.kms.katalon.core.main.TestCaseMain$startTestSuite$0.call(Unknown Source)
	at TempTestSuite1550476757023.run(TempTestSuite1550476757023.groovy:36)


2019-02-18 16:58:30 - [TEST_STEP][PASSED] - openBrowser(""): Browser is opened with url: ''

2019-02-18 16:58:30 - [MESSAGE][WARNING] - A browser is already opened. Closing browser and opening a new one

2019-02-18 16:58:31 - [MESSAGE][INFO] - Starting 'Chrome' driver

2019-02-18 16:58:31 - [MESSAGE][INFO] - User set preference: ['args', '[--start-maximized]']

2019-02-18 16:58:36 - [MESSAGE][PASSED] - Browser is opened with url: ''

2019-02-18 16:58:36 - [TEST_STEP][PASSED] - navigateToUrl(Internal_Login): Navigate to 'http://10.20.24.188/eisportal/user/login' successfully

2019-02-18 16:58:37 - [MESSAGE][PASSED] - Navigate to 'http://10.20.24.188/eisportal/user/login' successfully

2019-02-18 16:58:37 - [TEST_STEP][PASSED] - delay(3): Delayed 3 second(s)

2019-02-18 16:58:40 - [MESSAGE][PASSED] - Delayed 3 second(s)

2019-02-18 16:58:40 - [TEST_STEP][PASSED] - setText(findTestObject("KeatMun/Form 7_default/OTC_Application_Reg/Page_PERKESO/1.username"), "faizal.hamid@perkeso.gov.my"): Text 'faizal.hamid@perkeso.gov.my' is set on object 'Object Repository/KeatMun/Form 7_default/OTC_Application_Reg/Page_PERKESO/1.username'

2019-02-18 16:58:45 - [MESSAGE][PASSED] - Text 'faizal.hamid@perkeso.gov.my' is set on object 'Object Repository/KeatMun/Form 7_default/OTC_Application_Reg/Page_PERKESO/1.username'

2019-02-18 16:58:45 - [TEST_STEP][PASSED] - delay(1): Delayed 1 second(s)

2019-02-18 16:58:46 - [MESSAGE][PASSED] - Delayed 1 second(s)

2019-02-18 16:58:46 - [TEST_STEP][PASSED] - setEncryptedText(findTestObject("KeatMun/Form 7_default/OTC_Application_Reg/Page_PERKESO/2.password"), "CQqwFZlbeC8="): Text ****** has been set on object 'Object Repository/KeatMun/Form 7_default/OTC_Application_Reg/Page_PERKESO/2.password'

2019-02-18 16:58:49 - [MESSAGE][PASSED] - Text ****** has been set on object 'Object Repository/KeatMun/Form 7_default/OTC_Application_Reg/Page_PERKESO/2.password'

2019-02-18 16:58:49 - [TEST_STEP][PASSED] - delay(2): Delayed 2 second(s)

2019-02-18 16:58:51 - [MESSAGE][PASSED] - Delayed 2 second(s)

2019-02-18 16:58:51 - [TEST_STEP][PASSED] - click(findTestObject("KeatMun/Form 7_default/OTC_Application_Reg/Page_PERKESO/3.login button")): Object: 'Object Repository/KeatMun/Form 7_default/OTC_Application_Reg/Page_PERKESO/3.login button' is clicked on

2019-02-18 16:58:54 - [MESSAGE][PASSED] - Object: 'Object Repository/KeatMun/Form 7_default/OTC_Application_Reg/Page_PERKESO/3.login button' is clicked on

2019-02-18 16:58:54 - [TEST_STEP][PASSED] - delay(2): Delayed 2 second(s)

2019-02-18 16:58:56 - [MESSAGE][PASSED] - Delayed 2 second(s)

2019-02-18 16:58:56 - [TEST_STEP][PASSED] - click(findTestObject("KeatMun/Form 7_default/OTC_Application_Reg/Page_PERKESO/4. Permohonan tab")): Object: 'Object Repository/KeatMun/Form 7_default/OTC_Application_Reg/Page_PERKESO/4. Permohonan tab' is clicked on

2019-02-18 16:58:59 - [MESSAGE][PASSED] - Object: 'Object Repository/KeatMun/Form 7_default/OTC_Application_Reg/Page_PERKESO/4. Permohonan tab' is clicked on

2019-02-18 16:58:59 - [TEST_STEP][PASSED] - delay(2): Delayed 2 second(s)

2019-02-18 16:59:01 - [MESSAGE][PASSED] - Delayed 2 second(s)

2019-02-18 16:59:01 - [TEST_STEP][PASSED] - click(findTestObject("KeatMun/Form 7_default/OTC_Application_Reg/Page_PERKESO/5.button_Setuju")): Object: 'Object Repository/KeatMun/Form 7_default/OTC_Application_Reg/Page_PERKESO/5.button_Setuju' is clicked on

2019-02-18 16:59:03 - [MESSAGE][PASSED] - Object: 'Object Repository/KeatMun/Form 7_default/OTC_Application_Reg/Page_PERKESO/5.button_Setuju' is clicked on

2019-02-18 16:59:03 - [TEST_STEP][PASSED] - delay(2): Delayed 2 second(s)

2019-02-18 16:59:05 - [MESSAGE][PASSED] - Delayed 2 second(s)

2019-02-18 16:59:05 - [TEST_STEP][PASSED] - IC = "950000140036": null

2019-02-18 16:59:05 - [TEST_STEP][PASSED] - setText(findTestObject("KeatMun/Form 7_default/OTC_Application_Reg/Page_PERKESO/6.No. Kad Pengenalan"), IC): Text '950000140036' is set on object 'Object Repository/KeatMun/Form 7_default/OTC_Application_Reg/Page_PERKESO/6.No. Kad Pengenalan'

2019-02-18 16:59:10 - [MESSAGE][PASSED] - Text '950000140036' is set on object 'Object Repository/KeatMun/Form 7_default/OTC_Application_Reg/Page_PERKESO/6.No. Kad Pengenalan'

2019-02-18 16:59:10 - [TEST_STEP][PASSED] - callTestCase(findTestCase("All TC/Arranged/1. Common/1.2 Setter/Setter IC"), [:], STOP_ON_FAILURE): Call Test Case 'Test Cases/All TC/Arranged/1. Common/1.2 Setter/Setter IC' successfully

2019-02-18 16:59:10 - [TEST_CASE][PASSED] - Test Cases/All TC/Arranged/1. Common/1.2 Setter/Setter IC: Test Cases/All TC/Arranged/1. Common/1.2 Setter/Setter IC

2019-02-18 16:59:10 - [TEST_STEP][PASSED] - RefNoOldFile = new java.io.File((internal.GlobalVariable.TextFilePathCommon + \getIC.txt)): null

2019-02-18 16:59:10 - [TEST_STEP][PASSED] - RefNoOldFile.delete(): null

2019-02-18 16:59:10 - [TEST_STEP][PASSED] - delay(5): Delayed 5 second(s)

2019-02-18 16:59:15 - [MESSAGE][PASSED] - Delayed 5 second(s)

2019-02-18 16:59:15 - [TEST_STEP][PASSED] - RefNo = new java.io.File((internal.GlobalVariable.TextFilePathCommon + \getIC.txt)): null

2019-02-18 16:59:15 - [TEST_STEP][PASSED] - f2 = new java.io.FileWriter(RefNo, false): null

2019-02-18 16:59:15 - [TEST_STEP][PASSED] - f2.write(IC): null

2019-02-18 16:59:15 - [TEST_STEP][PASSED] - f2.close(): null

2019-02-18 16:59:15 - [TEST_STEP][PASSED] - out.println("


" + IC + "


"): null

2019-02-18 16:59:15 - [MESSAGE][PASSED] - Call Test Case 'Test Cases/All TC/Arranged/1. Common/1.2 Setter/Setter IC' successfully

2019-02-18 16:59:15 - [TEST_STEP][PASSED] - delay(2): Delayed 2 second(s)

2019-02-18 16:59:17 - [MESSAGE][PASSED] - Delayed 2 second(s)

2019-02-18 16:59:17 - [TEST_STEP][PASSED] - click(findTestObject("KeatMun/Form 7_default/OTC_Application_Reg/Page_PERKESO/7.button_Semak")): Object: 'Object Repository/KeatMun/Form 7_default/OTC_Application_Reg/Page_PERKESO/7.button_Semak' is clicked on

2019-02-18 16:59:19 - [MESSAGE][PASSED] - Object: 'Object Repository/KeatMun/Form 7_default/OTC_Application_Reg/Page_PERKESO/7.button_Semak' is clicked on

2019-02-18 16:59:19 - [TEST_STEP][PASSED] - delay(4): Delayed 4 second(s)

2019-02-18 16:59:23 - [MESSAGE][PASSED] - Delayed 4 second(s)

2019-02-18 16:59:23 - [TEST_STEP][PASSED] - click(findTestObject("KeatMun/Form 7_default/OTC_Application_Reg/Page_PERKESO/8. Nama Majikan Dropdown")): Object: 'Object Repository/KeatMun/Form 7_default/OTC_Application_Reg/Page_PERKESO/8. Nama Majikan Dropdown' is clicked on

2019-02-18 16:59:25 - [MESSAGE][PASSED] - Object: 'Object Repository/KeatMun/Form 7_default/OTC_Application_Reg/Page_PERKESO/8. Nama Majikan Dropdown' is clicked on

2019-02-18 16:59:25 - [TEST_STEP][PASSED] - setText(findTestObject("KeatMun/Form 7_default/OTC_Application_Reg/Page_PERKESO/8. LOE emp"), "mon"): Text 'mon' is set on object 'Object Repository/KeatMun/Form 7_default/OTC_Application_Reg/Page_PERKESO/8. LOE emp'

2019-02-18 16:59:29 - [MESSAGE][PASSED] - Text 'mon' is set on object 'Object Repository/KeatMun/Form 7_default/OTC_Application_Reg/Page_PERKESO/8. LOE emp'

2019-02-18 16:59:29 - [TEST_STEP][PASSED] - click(findTestObject("KeatMun/Form 7_default/OTC_Application_Reg/Page_PERKESO/8. MONSOON MOTEL")): Object: 'Object Repository/KeatMun/Form 7_default/OTC_Application_Reg/Page_PERKESO/8. MONSOON MOTEL' is clicked on

2019-02-18 16:59:31 - [MESSAGE][PASSED] - Object: 'Object Repository/KeatMun/Form 7_default/OTC_Application_Reg/Page_PERKESO/8. MONSOON MOTEL' is clicked on

2019-02-18 16:59:31 - [TEST_STEP][PASSED] - delay(2): Delayed 2 second(s)

2019-02-18 16:59:33 - [MESSAGE][PASSED] - Delayed 2 second(s)

2019-02-18 16:59:33 - [TEST_STEP][PASSED] - setText(findTestObject("KeatMun/Form 7_default/OTC_Application_Reg/Page_PERKESO/9.Tarikh kehilangan pkj"), "10/01/2019"): Text '10/01/2019' is set on object 'Object Repository/KeatMun/Form 7_default/OTC_Application_Reg/Page_PERKESO/9.Tarikh kehilangan pkj'

2019-02-18 16:59:38 - [MESSAGE][PASSED] - Text '10/01/2019' is set on object 'Object Repository/KeatMun/Form 7_default/OTC_Application_Reg/Page_PERKESO/9.Tarikh kehilangan pkj'

2019-02-18 16:59:38 - [TEST_STEP][PASSED] - delay(2): Delayed 2 second(s)

2019-02-18 16:59:40 - [MESSAGE][PASSED] - Delayed 2 second(s)

2019-02-18 16:59:40 - [TEST_STEP][PASSED] - click(findTestObject("KeatMun/Form 7_default/OTC_Application_Reg/Page_PERKESO/9. Date Picker Done Button ")): Object: 'Object Repository/KeatMun/Form 7_default/OTC_Application_Reg/Page_PERKESO/9. Date Picker Done Button ' is clicked on

2019-02-18 16:59:42 - [MESSAGE][PASSED] - Object: 'Object Repository/KeatMun/Form 7_default/OTC_Application_Reg/Page_PERKESO/9. Date Picker Done Button ' is clicked on

2019-02-18 16:59:42 - [TEST_STEP][PASSED] - delay(2): Delayed 2 second(s)

2019-02-18 16:59:44 - [MESSAGE][PASSED] - Delayed 2 second(s)

2019-02-18 16:59:44 - [TEST_STEP][PASSED] - click(findTestObject("KeatMun/Form 7_default/OTC_Application_Reg/Page_PERKESO/10.button_Mohon")): Object: 'Object Repository/KeatMun/Form 7_default/OTC_Application_Reg/Page_PERKESO/10.button_Mohon' is clicked on

2019-02-18 16:59:46 - [MESSAGE][PASSED] - Object: 'Object Repository/KeatMun/Form 7_default/OTC_Application_Reg/Page_PERKESO/10.button_Mohon' is clicked on

2019-02-18 16:59:46 - [TEST_STEP][PASSED] - delay(2): Delayed 2 second(s)

2019-02-18 16:59:48 - [MESSAGE][PASSED] - Delayed 2 second(s)

2019-02-18 16:59:48 - [TEST_STEP][FAILED] - setText(findTestObject("KeatMun/Form 7_default/OTC_Application_Reg/Page_PERKESO/11.Tarikh Terima_stampedDtS"), "10/01/2019"): setText(findTestObject("KeatMun/Form 7_default/OTC_Application_Reg/Page_PERKESO/11.Tarikh Terima_stampedDtS"), "10/01/2019") FAILED.
Reason:
com.kms.katalon.core.exception.StepFailedException: Unable to set text '10/01/2019' of object 'Object Repository/KeatMun/Form 7_default/OTC_Application_Reg/Page_PERKESO/11.Tarikh Terima_stampedDtS' (Root cause: com.kms.katalon.core.webui.exception.WebElementNotFoundException: Web element with id: 'Object Repository/KeatMun/Form 7_default/OTC_Application_Reg/Page_PERKESO/11.Tarikh Terima_stampedDtS' located by 'By.xpath: //input[@id = 'stampedDtStr' and @name = 'stampedDtStr' and @type = 'text']' not found)
	at com.kms.katalon.core.keyword.internal.KeywordMain.stepFailed(KeywordMain.groovy:36)
	at com.kms.katalon.core.webui.keyword.internal.WebUIKeywordMain.stepFailed(WebUIKeywordMain.groovy:65)
	at com.kms.katalon.core.webui.keyword.internal.WebUIKeywordMain.runKeyword(WebUIKeywordMain.groovy:27)
	at com.kms.katalon.core.webui.keyword.builtin.SetTextKeyword.setText(SetTextKeyword.groovy:65)
	at com.kms.katalon.core.webui.keyword.builtin.SetTextKeyword.execute(SetTextKeyword.groovy:37)
	at com.kms.katalon.core.keyword.internal.KeywordExecutor.executeKeywordForPlatform(KeywordExecutor.groovy:53)
	at com.kms.katalon.core.webui.keyword.WebUiBuiltInKeywords.setText(WebUiBuiltInKeywords.groovy:950)
	at com.kms.katalon.core.webui.keyword.WebUiBuiltInKeywords$setText$1.call(Unknown Source)
	at OTC_Application_Reg.run(OTC_Application_Reg:74)
	at com.kms.katalon.core.main.ScriptEngine.run(ScriptEngine.java:194)
	at com.kms.katalon.core.main.ScriptEngine.runScriptAsRawText(ScriptEngine.java:119)
	at com.kms.katalon.core.main.TestCaseExecutor.runScript(TestCaseExecutor.java:328)
	at com.kms.katalon.core.main.TestCaseExecutor.doExecute(TestCaseExecutor.java:319)
	at com.kms.katalon.core.main.TestCaseExecutor.processExecutionPhase(TestCaseExecutor.java:298)
	at com.kms.katalon.core.main.TestCaseExecutor.accessMainPhase(TestCaseExecutor.java:290)
	at com.kms.katalon.core.main.TestCaseExecutor.execute(TestCaseExecutor.java:224)
	at com.kms.katalon.core.main.TestCaseMain.runTestCase(TestCaseMain.java:106)
	at com.kms.katalon.core.keyword.builtin.CallTestCaseKeyword$_callTestCase_closure1.doCall(CallTestCaseKeyword.groovy:59)
	at com.kms.katalon.core.keyword.builtin.CallTestCaseKeyword$_callTestCase_closure1.call(CallTestCaseKeyword.groovy)
	at com.kms.katalon.core.keyword.internal.KeywordMain.runKeyword(KeywordMain.groovy:54)
	at com.kms.katalon.core.keyword.builtin.CallTestCaseKeyword.callTestCase(CallTestCaseKeyword.groovy:80)
	at com.kms.katalon.core.keyword.builtin.CallTestCaseKeyword.execute(CallTestCaseKeyword.groovy:44)
	at com.kms.katalon.core.keyword.internal.KeywordExecutor.executeKeywordForPlatform(KeywordExecutor.groovy:53)
	at com.kms.katalon.core.keyword.BuiltinKeywords.callTestCase(BuiltinKeywords.groovy:334)
	at OTC_Submit Form 7_End to End - Cheque.run(OTC_Submit Form 7_End to End - Cheque:16)
	at com.kms.katalon.core.main.ScriptEngine.run(ScriptEngine.java:194)
	at com.kms.katalon.core.main.ScriptEngine.runScriptAsRawText(ScriptEngine.java:119)
	at com.kms.katalon.core.main.TestCaseExecutor.runScript(TestCaseExecutor.java:328)
	at com.kms.katalon.core.main.TestCaseExecutor.doExecute(TestCaseExecutor.java:319)
	at com.kms.katalon.core.main.TestCaseExecutor.processExecutionPhase(TestCaseExecutor.java:298)
	at com.kms.katalon.core.main.TestCaseExecutor.accessMainPhase(TestCaseExecutor.java:290)
	at com.kms.katalon.core.main.TestCaseExecutor.execute(TestCaseExecutor.java:224)
	at com.kms.katalon.core.main.TestCaseMain.runTestCase(TestCaseMain.java:106)
	at com.kms.katalon.core.keyword.builtin.CallTestCaseKeyword$_callTestCase_closure1.doCall(CallTestCaseKeyword.groovy:59)
	at com.kms.katalon.core.keyword.builtin.CallTestCaseKeyword$_callTestCase_closure1.call(CallTestCaseKeyword.groovy)
	at com.kms.katalon.core.keyword.internal.KeywordMain.runKeyword(KeywordMain.groovy:54)
	at com.kms.katalon.core.keyword.builtin.CallTestCaseKeyword.callTestCase(CallTestCaseKeyword.groovy:80)
	at com.kms.katalon.core.keyword.builtin.CallTestCaseKeyword.execute(CallTestCaseKeyword.groovy:44)
	at com.kms.katalon.core.keyword.internal.KeywordExecutor.executeKeywordForPlatform(KeywordExecutor.groovy:53)
	at com.kms.katalon.core.keyword.BuiltinKeywords.callTestCase(BuiltinKeywords.groovy:334)
	at Approve Claim - Fill Up UJP - by Internal User.run(Approve Claim - Fill Up UJP - by Internal User:16)
	at com.kms.katalon.core.main.ScriptEngine.run(ScriptEngine.java:194)
	at com.kms.katalon.core.main.ScriptEngine.runScriptAsRawText(ScriptEngine.java:119)
	at com.kms.katalon.core.main.TestCaseExecutor.runScript(TestCaseExecutor.java:328)
	at com.kms.katalon.core.main.TestCaseExecutor.doExecute(TestCaseExecutor.java:319)
	at com.kms.katalon.core.main.TestCaseExecutor.processExecutionPhase(TestCaseExecutor.java:298)
	at com.kms.katalon.core.main.TestCaseExecutor.accessMainPhase(TestCaseExecutor.java:290)
	at com.kms.katalon.core.main.TestCaseExecutor.execute(TestCaseExecutor.java:224)
	at com.kms.katalon.core.main.TestSuiteExecutor.accessTestCaseMainPhase(TestSuiteExecutor.java:129)
	at com.kms.katalon.core.main.TestSuiteExecutor.accessTestSuiteMainPhase(TestSuiteExecutor.java:112)
	at com.kms.katalon.core.main.TestSuiteExecutor.execute(TestSuiteExecutor.java:81)
	at com.kms.katalon.core.main.TestCaseMain.startTestSuite(TestCaseMain.java:149)
	at com.kms.katalon.core.main.TestCaseMain$startTestSuite$0.call(Unknown Source)
	at TempTestSuite1550476757023.run(TempTestSuite1550476757023.groovy:36)


2019-02-18 17:00:18 - [MESSAGE][INFO] - Unable to find the element located by 'By.xpath: //input[@id = 'stampedDtStr' and @name = 'stampedDtStr' and @type = 'text']'. Please recheck the objects properties to make sure the desired element is located. 

2019-02-18 17:00:20 - [MESSAGE][FAILED] - Unable to set text '10/01/2019' of object 'Object Repository/KeatMun/Form 7_default/OTC_Application_Reg/Page_PERKESO/11.Tarikh Terima_stampedDtS' (Root cause: com.kms.katalon.core.webui.exception.WebElementNotFoundException: Web element with id: 'Object Repository/KeatMun/Form 7_default/OTC_Application_Reg/Page_PERKESO/11.Tarikh Terima_stampedDtS' located by 'By.xpath: //input[@id = 'stampedDtStr' and @name = 'stampedDtStr' and @type = 'text']' not found)
[[ATTACHMENT|C:\\Users\\Admin\\Documents\\GitHub\\PKSKatalon\\PKS-EI-ES\\Reports\\New Test Suite\\20190218_155917\\1550480418873.png]]

2019-02-18 17:00:20 - [MESSAGE][FAILED] - setText(findTestObject("KeatMun/Form 7_default/OTC_Application_Reg/Page_PERKESO/11.Tarikh Terima_stampedDtS"), "10/01/2019") FAILED.
Reason:
com.kms.katalon.core.exception.StepFailedException: Unable to set text '10/01/2019' of object 'Object Repository/KeatMun/Form 7_default/OTC_Application_Reg/Page_PERKESO/11.Tarikh Terima_stampedDtS' (Root cause: com.kms.katalon.core.webui.exception.WebElementNotFoundException: Web element with id: 'Object Repository/KeatMun/Form 7_default/OTC_Application_Reg/Page_PERKESO/11.Tarikh Terima_stampedDtS' located by 'By.xpath: //input[@id = 'stampedDtStr' and @name = 'stampedDtStr' and @type = 'text']' not found)
	at com.kms.katalon.core.keyword.internal.KeywordMain.stepFailed(KeywordMain.groovy:36)
	at com.kms.katalon.core.webui.keyword.internal.WebUIKeywordMain.stepFailed(WebUIKeywordMain.groovy:65)
	at com.kms.katalon.core.webui.keyword.internal.WebUIKeywordMain.runKeyword(WebUIKeywordMain.groovy:27)
	at com.kms.katalon.core.webui.keyword.builtin.SetTextKeyword.setText(SetTextKeyword.groovy:65)
	at com.kms.katalon.core.webui.keyword.builtin.SetTextKeyword.execute(SetTextKeyword.groovy:37)
	at com.kms.katalon.core.keyword.internal.KeywordExecutor.executeKeywordForPlatform(KeywordExecutor.groovy:53)
	at com.kms.katalon.core.webui.keyword.WebUiBuiltInKeywords.setText(WebUiBuiltInKeywords.groovy:950)
	at com.kms.katalon.core.webui.keyword.WebUiBuiltInKeywords$setText$1.call(Unknown Source)
	at OTC_Application_Reg.run(OTC_Application_Reg:74)
	at com.kms.katalon.core.main.ScriptEngine.run(ScriptEngine.java:194)
	at com.kms.katalon.core.main.ScriptEngine.runScriptAsRawText(ScriptEngine.java:119)
	at com.kms.katalon.core.main.TestCaseExecutor.runScript(TestCaseExecutor.java:328)
	at com.kms.katalon.core.main.TestCaseExecutor.doExecute(TestCaseExecutor.java:319)
	at com.kms.katalon.core.main.TestCaseExecutor.processExecutionPhase(TestCaseExecutor.java:298)
	at com.kms.katalon.core.main.TestCaseExecutor.accessMainPhase(TestCaseExecutor.java:290)
	at com.kms.katalon.core.main.TestCaseExecutor.execute(TestCaseExecutor.java:224)
	at com.kms.katalon.core.main.TestCaseMain.runTestCase(TestCaseMain.java:106)
	at com.kms.katalon.core.keyword.builtin.CallTestCaseKeyword$_callTestCase_closure1.doCall(CallTestCaseKeyword.groovy:59)
	at com.kms.katalon.core.keyword.builtin.CallTestCaseKeyword$_callTestCase_closure1.call(CallTestCaseKeyword.groovy)
	at com.kms.katalon.core.keyword.internal.KeywordMain.runKeyword(KeywordMain.groovy:54)
	at com.kms.katalon.core.keyword.builtin.CallTestCaseKeyword.callTestCase(CallTestCaseKeyword.groovy:80)
	at com.kms.katalon.core.keyword.builtin.CallTestCaseKeyword.execute(CallTestCaseKeyword.groovy:44)
	at com.kms.katalon.core.keyword.internal.KeywordExecutor.executeKeywordForPlatform(KeywordExecutor.groovy:53)
	at com.kms.katalon.core.keyword.BuiltinKeywords.callTestCase(BuiltinKeywords.groovy:334)
	at OTC_Submit Form 7_End to End - Cheque.run(OTC_Submit Form 7_End to End - Cheque:16)
	at com.kms.katalon.core.main.ScriptEngine.run(ScriptEngine.java:194)
	at com.kms.katalon.core.main.ScriptEngine.runScriptAsRawText(ScriptEngine.java:119)
	at com.kms.katalon.core.main.TestCaseExecutor.runScript(TestCaseExecutor.java:328)
	at com.kms.katalon.core.main.TestCaseExecutor.doExecute(TestCaseExecutor.java:319)
	at com.kms.katalon.core.main.TestCaseExecutor.processExecutionPhase(TestCaseExecutor.java:298)
	at com.kms.katalon.core.main.TestCaseExecutor.accessMainPhase(TestCaseExecutor.java:290)
	at com.kms.katalon.core.main.TestCaseExecutor.execute(TestCaseExecutor.java:224)
	at com.kms.katalon.core.main.TestCaseMain.runTestCase(TestCaseMain.java:106)
	at com.kms.katalon.core.keyword.builtin.CallTestCaseKeyword$_callTestCase_closure1.doCall(CallTestCaseKeyword.groovy:59)
	at com.kms.katalon.core.keyword.builtin.CallTestCaseKeyword$_callTestCase_closure1.call(CallTestCaseKeyword.groovy)
	at com.kms.katalon.core.keyword.internal.KeywordMain.runKeyword(KeywordMain.groovy:54)
	at com.kms.katalon.core.keyword.builtin.CallTestCaseKeyword.callTestCase(CallTestCaseKeyword.groovy:80)
	at com.kms.katalon.core.keyword.builtin.CallTestCaseKeyword.execute(CallTestCaseKeyword.groovy:44)
	at com.kms.katalon.core.keyword.internal.KeywordExecutor.executeKeywordForPlatform(KeywordExecutor.groovy:53)
	at com.kms.katalon.core.keyword.BuiltinKeywords.callTestCase(BuiltinKeywords.groovy:334)
	at Approve Claim - Fill Up UJP - by Internal User.run(Approve Claim - Fill Up UJP - by Internal User:16)
	at com.kms.katalon.core.main.ScriptEngine.run(ScriptEngine.java:194)
	at com.kms.katalon.core.main.ScriptEngine.runScriptAsRawText(ScriptEngine.java:119)
	at com.kms.katalon.core.main.TestCaseExecutor.runScript(TestCaseExecutor.java:328)
	at com.kms.katalon.core.main.TestCaseExecutor.doExecute(TestCaseExecutor.java:319)
	at com.kms.katalon.core.main.TestCaseExecutor.processExecutionPhase(TestCaseExecutor.java:298)
	at com.kms.katalon.core.main.TestCaseExecutor.accessMainPhase(TestCaseExecutor.java:290)
	at com.kms.katalon.core.main.TestCaseExecutor.execute(TestCaseExecutor.java:224)
	at com.kms.katalon.core.main.TestSuiteExecutor.accessTestCaseMainPhase(TestSuiteExecutor.java:129)
	at com.kms.katalon.core.main.TestSuiteExecutor.accessTestSuiteMainPhase(TestSuiteExecutor.java:112)
	at com.kms.katalon.core.main.TestSuiteExecutor.execute(TestSuiteExecutor.java:81)
	at com.kms.katalon.core.main.TestCaseMain.startTestSuite(TestCaseMain.java:149)
	at com.kms.katalon.core.main.TestCaseMain$startTestSuite$0.call(Unknown Source)
	at TempTestSuite1550476757023.run(TempTestSuite1550476757023.groovy:36)


2019-02-18 17:00:20 - [MESSAGE][FAILED] - Unable to call Test Case 'Test Cases/All TC/Arranged/3. Unit/EI/Form 7_default/OTC_Application_Reg' (Root cause: com.kms.katalon.core.exception.StepFailedException: Call Test Case 'Test Cases/All TC/Arranged/3. Unit/EI/Form 7_default/OTC_Application_Reg' failed)

2019-02-18 17:00:20 - [MESSAGE][FAILED] - callTestCase(findTestCase("All TC/Arranged/3. Unit/EI/Form 7_default/OTC_Application_Reg"), [:], STOP_ON_FAILURE) FAILED.
Reason:
com.kms.katalon.core.exception.StepFailedException: Unable to set text '10/01/2019' of object 'Object Repository/KeatMun/Form 7_default/OTC_Application_Reg/Page_PERKESO/11.Tarikh Terima_stampedDtS' (Root cause: com.kms.katalon.core.webui.exception.WebElementNotFoundException: Web element with id: 'Object Repository/KeatMun/Form 7_default/OTC_Application_Reg/Page_PERKESO/11.Tarikh Terima_stampedDtS' located by 'By.xpath: //input[@id = 'stampedDtStr' and @name = 'stampedDtStr' and @type = 'text']' not found)
	at com.kms.katalon.core.keyword.internal.KeywordMain.stepFailed(KeywordMain.groovy:36)
	at com.kms.katalon.core.webui.keyword.internal.WebUIKeywordMain.stepFailed(WebUIKeywordMain.groovy:65)
	at com.kms.katalon.core.webui.keyword.internal.WebUIKeywordMain.runKeyword(WebUIKeywordMain.groovy:27)
	at com.kms.katalon.core.webui.keyword.builtin.SetTextKeyword.setText(SetTextKeyword.groovy:65)
	at com.kms.katalon.core.webui.keyword.builtin.SetTextKeyword.execute(SetTextKeyword.groovy:37)
	at com.kms.katalon.core.keyword.internal.KeywordExecutor.executeKeywordForPlatform(KeywordExecutor.groovy:53)
	at com.kms.katalon.core.webui.keyword.WebUiBuiltInKeywords.setText(WebUiBuiltInKeywords.groovy:950)
	at com.kms.katalon.core.webui.keyword.WebUiBuiltInKeywords$setText$1.call(Unknown Source)
	at OTC_Application_Reg.run(OTC_Application_Reg:74)
	at com.kms.katalon.core.main.ScriptEngine.run(ScriptEngine.java:194)
	at com.kms.katalon.core.main.ScriptEngine.runScriptAsRawText(ScriptEngine.java:119)
	at com.kms.katalon.core.main.TestCaseExecutor.runScript(TestCaseExecutor.java:328)
	at com.kms.katalon.core.main.TestCaseExecutor.doExecute(TestCaseExecutor.java:319)
	at com.kms.katalon.core.main.TestCaseExecutor.processExecutionPhase(TestCaseExecutor.java:298)
	at com.kms.katalon.core.main.TestCaseExecutor.accessMainPhase(TestCaseExecutor.java:290)
	at com.kms.katalon.core.main.TestCaseExecutor.execute(TestCaseExecutor.java:224)
	at com.kms.katalon.core.main.TestCaseMain.runTestCase(TestCaseMain.java:106)
	at com.kms.katalon.core.keyword.builtin.CallTestCaseKeyword$_callTestCase_closure1.doCall(CallTestCaseKeyword.groovy:59)
	at com.kms.katalon.core.keyword.builtin.CallTestCaseKeyword$_callTestCase_closure1.call(CallTestCaseKeyword.groovy)
	at com.kms.katalon.core.keyword.internal.KeywordMain.runKeyword(KeywordMain.groovy:54)
	at com.kms.katalon.core.keyword.builtin.CallTestCaseKeyword.callTestCase(CallTestCaseKeyword.groovy:80)
	at com.kms.katalon.core.keyword.builtin.CallTestCaseKeyword.execute(CallTestCaseKeyword.groovy:44)
	at com.kms.katalon.core.keyword.internal.KeywordExecutor.executeKeywordForPlatform(KeywordExecutor.groovy:53)
	at com.kms.katalon.core.keyword.BuiltinKeywords.callTestCase(BuiltinKeywords.groovy:334)
	at OTC_Submit Form 7_End to End - Cheque.run(OTC_Submit Form 7_End to End - Cheque:16)
	at com.kms.katalon.core.main.ScriptEngine.run(ScriptEngine.java:194)
	at com.kms.katalon.core.main.ScriptEngine.runScriptAsRawText(ScriptEngine.java:119)
	at com.kms.katalon.core.main.TestCaseExecutor.runScript(TestCaseExecutor.java:328)
	at com.kms.katalon.core.main.TestCaseExecutor.doExecute(TestCaseExecutor.java:319)
	at com.kms.katalon.core.main.TestCaseExecutor.processExecutionPhase(TestCaseExecutor.java:298)
	at com.kms.katalon.core.main.TestCaseExecutor.accessMainPhase(TestCaseExecutor.java:290)
	at com.kms.katalon.core.main.TestCaseExecutor.execute(TestCaseExecutor.java:224)
	at com.kms.katalon.core.main.TestCaseMain.runTestCase(TestCaseMain.java:106)
	at com.kms.katalon.core.keyword.builtin.CallTestCaseKeyword$_callTestCase_closure1.doCall(CallTestCaseKeyword.groovy:59)
	at com.kms.katalon.core.keyword.builtin.CallTestCaseKeyword$_callTestCase_closure1.call(CallTestCaseKeyword.groovy)
	at com.kms.katalon.core.keyword.internal.KeywordMain.runKeyword(KeywordMain.groovy:54)
	at com.kms.katalon.core.keyword.builtin.CallTestCaseKeyword.callTestCase(CallTestCaseKeyword.groovy:80)
	at com.kms.katalon.core.keyword.builtin.CallTestCaseKeyword.execute(CallTestCaseKeyword.groovy:44)
	at com.kms.katalon.core.keyword.internal.KeywordExecutor.executeKeywordForPlatform(KeywordExecutor.groovy:53)
	at com.kms.katalon.core.keyword.BuiltinKeywords.callTestCase(BuiltinKeywords.groovy:334)
	at Approve Claim - Fill Up UJP - by Internal User.run(Approve Claim - Fill Up UJP - by Internal User:16)
	at com.kms.katalon.core.main.ScriptEngine.run(ScriptEngine.java:194)
	at com.kms.katalon.core.main.ScriptEngine.runScriptAsRawText(ScriptEngine.java:119)
	at com.kms.katalon.core.main.TestCaseExecutor.runScript(TestCaseExecutor.java:328)
	at com.kms.katalon.core.main.TestCaseExecutor.doExecute(TestCaseExecutor.java:319)
	at com.kms.katalon.core.main.TestCaseExecutor.processExecutionPhase(TestCaseExecutor.java:298)
	at com.kms.katalon.core.main.TestCaseExecutor.accessMainPhase(TestCaseExecutor.java:290)
	at com.kms.katalon.core.main.TestCaseExecutor.execute(TestCaseExecutor.java:224)
	at com.kms.katalon.core.main.TestSuiteExecutor.accessTestCaseMainPhase(TestSuiteExecutor.java:129)
	at com.kms.katalon.core.main.TestSuiteExecutor.accessTestSuiteMainPhase(TestSuiteExecutor.java:112)
	at com.kms.katalon.core.main.TestSuiteExecutor.execute(TestSuiteExecutor.java:81)
	at com.kms.katalon.core.main.TestCaseMain.startTestSuite(TestCaseMain.java:149)
	at com.kms.katalon.core.main.TestCaseMain$startTestSuite$0.call(Unknown Source)
	at TempTestSuite1550476757023.run(TempTestSuite1550476757023.groovy:36)


2019-02-18 17:00:21 - [MESSAGE][FAILED] - Unable to call Test Case 'Test Cases/All TC/Arranged/2. Segment/OTC_Submit Form 7_End to End - Cheque' (Root cause: com.kms.katalon.core.exception.StepFailedException: Call Test Case 'Test Cases/All TC/Arranged/2. Segment/OTC_Submit Form 7_End to End - Cheque' failed)

2019-02-18 17:00:21 - [MESSAGE][FAILED] - callTestCase(findTestCase("All TC/Arranged/2. Segment/OTC_Submit Form 7_End to End - Cheque"), [:], STOP_ON_FAILURE) FAILED.
Reason:
com.kms.katalon.core.exception.StepFailedException: Unable to set text '10/01/2019' of object 'Object Repository/KeatMun/Form 7_default/OTC_Application_Reg/Page_PERKESO/11.Tarikh Terima_stampedDtS' (Root cause: com.kms.katalon.core.webui.exception.WebElementNotFoundException: Web element with id: 'Object Repository/KeatMun/Form 7_default/OTC_Application_Reg/Page_PERKESO/11.Tarikh Terima_stampedDtS' located by 'By.xpath: //input[@id = 'stampedDtStr' and @name = 'stampedDtStr' and @type = 'text']' not found)
	at com.kms.katalon.core.keyword.internal.KeywordMain.stepFailed(KeywordMain.groovy:36)
	at com.kms.katalon.core.webui.keyword.internal.WebUIKeywordMain.stepFailed(WebUIKeywordMain.groovy:65)
	at com.kms.katalon.core.webui.keyword.internal.WebUIKeywordMain.runKeyword(WebUIKeywordMain.groovy:27)
	at com.kms.katalon.core.webui.keyword.builtin.SetTextKeyword.setText(SetTextKeyword.groovy:65)
	at com.kms.katalon.core.webui.keyword.builtin.SetTextKeyword.execute(SetTextKeyword.groovy:37)
	at com.kms.katalon.core.keyword.internal.KeywordExecutor.executeKeywordForPlatform(KeywordExecutor.groovy:53)
	at com.kms.katalon.core.webui.keyword.WebUiBuiltInKeywords.setText(WebUiBuiltInKeywords.groovy:950)
	at com.kms.katalon.core.webui.keyword.WebUiBuiltInKeywords$setText$1.call(Unknown Source)
	at OTC_Application_Reg.run(OTC_Application_Reg:74)
	at com.kms.katalon.core.main.ScriptEngine.run(ScriptEngine.java:194)
	at com.kms.katalon.core.main.ScriptEngine.runScriptAsRawText(ScriptEngine.java:119)
	at com.kms.katalon.core.main.TestCaseExecutor.runScript(TestCaseExecutor.java:328)
	at com.kms.katalon.core.main.TestCaseExecutor.doExecute(TestCaseExecutor.java:319)
	at com.kms.katalon.core.main.TestCaseExecutor.processExecutionPhase(TestCaseExecutor.java:298)
	at com.kms.katalon.core.main.TestCaseExecutor.accessMainPhase(TestCaseExecutor.java:290)
	at com.kms.katalon.core.main.TestCaseExecutor.execute(TestCaseExecutor.java:224)
	at com.kms.katalon.core.main.TestCaseMain.runTestCase(TestCaseMain.java:106)
	at com.kms.katalon.core.keyword.builtin.CallTestCaseKeyword$_callTestCase_closure1.doCall(CallTestCaseKeyword.groovy:59)
	at com.kms.katalon.core.keyword.builtin.CallTestCaseKeyword$_callTestCase_closure1.call(CallTestCaseKeyword.groovy)
	at com.kms.katalon.core.keyword.internal.KeywordMain.runKeyword(KeywordMain.groovy:54)
	at com.kms.katalon.core.keyword.builtin.CallTestCaseKeyword.callTestCase(CallTestCaseKeyword.groovy:80)
	at com.kms.katalon.core.keyword.builtin.CallTestCaseKeyword.execute(CallTestCaseKeyword.groovy:44)
	at com.kms.katalon.core.keyword.internal.KeywordExecutor.executeKeywordForPlatform(KeywordExecutor.groovy:53)
	at com.kms.katalon.core.keyword.BuiltinKeywords.callTestCase(BuiltinKeywords.groovy:334)
	at OTC_Submit Form 7_End to End - Cheque.run(OTC_Submit Form 7_End to End - Cheque:16)
	at com.kms.katalon.core.main.ScriptEngine.run(ScriptEngine.java:194)
	at com.kms.katalon.core.main.ScriptEngine.runScriptAsRawText(ScriptEngine.java:119)
	at com.kms.katalon.core.main.TestCaseExecutor.runScript(TestCaseExecutor.java:328)
	at com.kms.katalon.core.main.TestCaseExecutor.doExecute(TestCaseExecutor.java:319)
	at com.kms.katalon.core.main.TestCaseExecutor.processExecutionPhase(TestCaseExecutor.java:298)
	at com.kms.katalon.core.main.TestCaseExecutor.accessMainPhase(TestCaseExecutor.java:290)
	at com.kms.katalon.core.main.TestCaseExecutor.execute(TestCaseExecutor.java:224)
	at com.kms.katalon.core.main.TestCaseMain.runTestCase(TestCaseMain.java:106)
	at com.kms.katalon.core.keyword.builtin.CallTestCaseKeyword$_callTestCase_closure1.doCall(CallTestCaseKeyword.groovy:59)
	at com.kms.katalon.core.keyword.builtin.CallTestCaseKeyword$_callTestCase_closure1.call(CallTestCaseKeyword.groovy)
	at com.kms.katalon.core.keyword.internal.KeywordMain.runKeyword(KeywordMain.groovy:54)
	at com.kms.katalon.core.keyword.builtin.CallTestCaseKeyword.callTestCase(CallTestCaseKeyword.groovy:80)
	at com.kms.katalon.core.keyword.builtin.CallTestCaseKeyword.execute(CallTestCaseKeyword.groovy:44)
	at com.kms.katalon.core.keyword.internal.KeywordExecutor.executeKeywordForPlatform(KeywordExecutor.groovy:53)
	at com.kms.katalon.core.keyword.BuiltinKeywords.callTestCase(BuiltinKeywords.groovy:334)
	at Approve Claim - Fill Up UJP - by Internal User.run(Approve Claim - Fill Up UJP - by Internal User:16)
	at com.kms.katalon.core.main.ScriptEngine.run(ScriptEngine.java:194)
	at com.kms.katalon.core.main.ScriptEngine.runScriptAsRawText(ScriptEngine.java:119)
	at com.kms.katalon.core.main.TestCaseExecutor.runScript(TestCaseExecutor.java:328)
	at com.kms.katalon.core.main.TestCaseExecutor.doExecute(TestCaseExecutor.java:319)
	at com.kms.katalon.core.main.TestCaseExecutor.processExecutionPhase(TestCaseExecutor.java:298)
	at com.kms.katalon.core.main.TestCaseExecutor.accessMainPhase(TestCaseExecutor.java:290)
	at com.kms.katalon.core.main.TestCaseExecutor.execute(TestCaseExecutor.java:224)
	at com.kms.katalon.core.main.TestSuiteExecutor.accessTestCaseMainPhase(TestSuiteExecutor.java:129)
	at com.kms.katalon.core.main.TestSuiteExecutor.accessTestSuiteMainPhase(TestSuiteExecutor.java:112)
	at com.kms.katalon.core.main.TestSuiteExecutor.execute(TestSuiteExecutor.java:81)
	at com.kms.katalon.core.main.TestCaseMain.startTestSuite(TestCaseMain.java:149)
	at com.kms.katalon.core.main.TestCaseMain$startTestSuite$0.call(Unknown Source)
	at TempTestSuite1550476757023.run(TempTestSuite1550476757023.groovy:36)]]></system-out>
         <system-err><![CDATA[2019-02-18 16:58:29 - [TEST_CASE][FAILED] - Test Cases/All TC/Arranged/0. Full Flow/Approve Claim - Fill Up UJP - by Internal User: Test Cases/All TC/Arranged/0. Full Flow/Approve Claim - Fill Up UJP - by Internal User FAILED.
Reason:
com.kms.katalon.core.exception.StepFailedException: Unable to set text '10/01/2019' of object 'Object Repository/KeatMun/Form 7_default/OTC_Application_Reg/Page_PERKESO/11.Tarikh Terima_stampedDtS' (Root cause: com.kms.katalon.core.webui.exception.WebElementNotFoundException: Web element with id: 'Object Repository/KeatMun/Form 7_default/OTC_Application_Reg/Page_PERKESO/11.Tarikh Terima_stampedDtS' located by 'By.xpath: //input[@id = 'stampedDtStr' and @name = 'stampedDtStr' and @type = 'text']' not found)
	at com.kms.katalon.core.keyword.internal.KeywordMain.stepFailed(KeywordMain.groovy:36)
	at com.kms.katalon.core.webui.keyword.internal.WebUIKeywordMain.stepFailed(WebUIKeywordMain.groovy:65)
	at com.kms.katalon.core.webui.keyword.internal.WebUIKeywordMain.runKeyword(WebUIKeywordMain.groovy:27)
	at com.kms.katalon.core.webui.keyword.builtin.SetTextKeyword.setText(SetTextKeyword.groovy:65)
	at com.kms.katalon.core.webui.keyword.builtin.SetTextKeyword.execute(SetTextKeyword.groovy:37)
	at com.kms.katalon.core.keyword.internal.KeywordExecutor.executeKeywordForPlatform(KeywordExecutor.groovy:53)
	at com.kms.katalon.core.webui.keyword.WebUiBuiltInKeywords.setText(WebUiBuiltInKeywords.groovy:950)
	at com.kms.katalon.core.webui.keyword.WebUiBuiltInKeywords$setText$1.call(Unknown Source)
	at OTC_Application_Reg.run(OTC_Application_Reg:74)
	at com.kms.katalon.core.main.ScriptEngine.run(ScriptEngine.java:194)
	at com.kms.katalon.core.main.ScriptEngine.runScriptAsRawText(ScriptEngine.java:119)
	at com.kms.katalon.core.main.TestCaseExecutor.runScript(TestCaseExecutor.java:328)
	at com.kms.katalon.core.main.TestCaseExecutor.doExecute(TestCaseExecutor.java:319)
	at com.kms.katalon.core.main.TestCaseExecutor.processExecutionPhase(TestCaseExecutor.java:298)
	at com.kms.katalon.core.main.TestCaseExecutor.accessMainPhase(TestCaseExecutor.java:290)
	at com.kms.katalon.core.main.TestCaseExecutor.execute(TestCaseExecutor.java:224)
	at com.kms.katalon.core.main.TestCaseMain.runTestCase(TestCaseMain.java:106)
	at com.kms.katalon.core.keyword.builtin.CallTestCaseKeyword$_callTestCase_closure1.doCall(CallTestCaseKeyword.groovy:59)
	at com.kms.katalon.core.keyword.builtin.CallTestCaseKeyword$_callTestCase_closure1.call(CallTestCaseKeyword.groovy)
	at com.kms.katalon.core.keyword.internal.KeywordMain.runKeyword(KeywordMain.groovy:54)
	at com.kms.katalon.core.keyword.builtin.CallTestCaseKeyword.callTestCase(CallTestCaseKeyword.groovy:80)
	at com.kms.katalon.core.keyword.builtin.CallTestCaseKeyword.execute(CallTestCaseKeyword.groovy:44)
	at com.kms.katalon.core.keyword.internal.KeywordExecutor.executeKeywordForPlatform(KeywordExecutor.groovy:53)
	at com.kms.katalon.core.keyword.BuiltinKeywords.callTestCase(BuiltinKeywords.groovy:334)
	at OTC_Submit Form 7_End to End - Cheque.run(OTC_Submit Form 7_End to End - Cheque:16)
	at com.kms.katalon.core.main.ScriptEngine.run(ScriptEngine.java:194)
	at com.kms.katalon.core.main.ScriptEngine.runScriptAsRawText(ScriptEngine.java:119)
	at com.kms.katalon.core.main.TestCaseExecutor.runScript(TestCaseExecutor.java:328)
	at com.kms.katalon.core.main.TestCaseExecutor.doExecute(TestCaseExecutor.java:319)
	at com.kms.katalon.core.main.TestCaseExecutor.processExecutionPhase(TestCaseExecutor.java:298)
	at com.kms.katalon.core.main.TestCaseExecutor.accessMainPhase(TestCaseExecutor.java:290)
	at com.kms.katalon.core.main.TestCaseExecutor.execute(TestCaseExecutor.java:224)
	at com.kms.katalon.core.main.TestCaseMain.runTestCase(TestCaseMain.java:106)
	at com.kms.katalon.core.keyword.builtin.CallTestCaseKeyword$_callTestCase_closure1.doCall(CallTestCaseKeyword.groovy:59)
	at com.kms.katalon.core.keyword.builtin.CallTestCaseKeyword$_callTestCase_closure1.call(CallTestCaseKeyword.groovy)
	at com.kms.katalon.core.keyword.internal.KeywordMain.runKeyword(KeywordMain.groovy:54)
	at com.kms.katalon.core.keyword.builtin.CallTestCaseKeyword.callTestCase(CallTestCaseKeyword.groovy:80)
	at com.kms.katalon.core.keyword.builtin.CallTestCaseKeyword.execute(CallTestCaseKeyword.groovy:44)
	at com.kms.katalon.core.keyword.internal.KeywordExecutor.executeKeywordForPlatform(KeywordExecutor.groovy:53)
	at com.kms.katalon.core.keyword.BuiltinKeywords.callTestCase(BuiltinKeywords.groovy:334)
	at Approve Claim - Fill Up UJP - by Internal User.run(Approve Claim - Fill Up UJP - by Internal User:16)
	at com.kms.katalon.core.main.ScriptEngine.run(ScriptEngine.java:194)
	at com.kms.katalon.core.main.ScriptEngine.runScriptAsRawText(ScriptEngine.java:119)
	at com.kms.katalon.core.main.TestCaseExecutor.runScript(TestCaseExecutor.java:328)
	at com.kms.katalon.core.main.TestCaseExecutor.doExecute(TestCaseExecutor.java:319)
	at com.kms.katalon.core.main.TestCaseExecutor.processExecutionPhase(TestCaseExecutor.java:298)
	at com.kms.katalon.core.main.TestCaseExecutor.accessMainPhase(TestCaseExecutor.java:290)
	at com.kms.katalon.core.main.TestCaseExecutor.execute(TestCaseExecutor.java:224)
	at com.kms.katalon.core.main.TestSuiteExecutor.accessTestCaseMainPhase(TestSuiteExecutor.java:129)
	at com.kms.katalon.core.main.TestSuiteExecutor.accessTestSuiteMainPhase(TestSuiteExecutor.java:112)
	at com.kms.katalon.core.main.TestSuiteExecutor.execute(TestSuiteExecutor.java:81)
	at com.kms.katalon.core.main.TestCaseMain.startTestSuite(TestCaseMain.java:149)
	at com.kms.katalon.core.main.TestCaseMain$startTestSuite$0.call(Unknown Source)
	at TempTestSuite1550476757023.run(TempTestSuite1550476757023.groovy:36)]]></system-err>
      </testcase>
      <testcase name="Test Cases/All TC/Arranged/0. Full Flow/Approve Application - RIA" classname="Test Cases/All TC/Arranged/0. Full Flow/Approve Application - RIA" status="FAILED">
         <failure type="FAILED" message="Test Cases/All TC/Arranged/0. Full Flow/Approve Application - RIA FAILED.
Reason:
com.kms.katalon.core.exception.StepFailedException: Unable to set text '10/01/2019' of object 'Object Repository/KeatMun/Form 7_default/OTC_Application_Reg/Page_PERKESO/11.Tarikh Terima_stampedDtS' (Root cause: com.kms.katalon.core.webui.exception.WebElementNotFoundException: Web element with id: 'Object Repository/KeatMun/Form 7_default/OTC_Application_Reg/Page_PERKESO/11.Tarikh Terima_stampedDtS' located by 'By.xpath: //input[@id = 'stampedDtStr' and @name = 'stampedDtStr' and @type = 'text']' not found)
	at com.kms.katalon.core.keyword.internal.KeywordMain.stepFailed(KeywordMain.groovy:36)
	at com.kms.katalon.core.webui.keyword.internal.WebUIKeywordMain.stepFailed(WebUIKeywordMain.groovy:65)
	at com.kms.katalon.core.webui.keyword.internal.WebUIKeywordMain.runKeyword(WebUIKeywordMain.groovy:27)
	at com.kms.katalon.core.webui.keyword.builtin.SetTextKeyword.setText(SetTextKeyword.groovy:65)
	at com.kms.katalon.core.webui.keyword.builtin.SetTextKeyword.execute(SetTextKeyword.groovy:37)
	at com.kms.katalon.core.keyword.internal.KeywordExecutor.executeKeywordForPlatform(KeywordExecutor.groovy:53)
	at com.kms.katalon.core.webui.keyword.WebUiBuiltInKeywords.setText(WebUiBuiltInKeywords.groovy:950)
	at com.kms.katalon.core.webui.keyword.WebUiBuiltInKeywords$setText$1.call(Unknown Source)
	at OTC_Application_Reg.run(OTC_Application_Reg:74)
	at com.kms.katalon.core.main.ScriptEngine.run(ScriptEngine.java:194)
	at com.kms.katalon.core.main.ScriptEngine.runScriptAsRawText(ScriptEngine.java:119)
	at com.kms.katalon.core.main.TestCaseExecutor.runScript(TestCaseExecutor.java:328)
	at com.kms.katalon.core.main.TestCaseExecutor.doExecute(TestCaseExecutor.java:319)
	at com.kms.katalon.core.main.TestCaseExecutor.processExecutionPhase(TestCaseExecutor.java:298)
	at com.kms.katalon.core.main.TestCaseExecutor.accessMainPhase(TestCaseExecutor.java:290)
	at com.kms.katalon.core.main.TestCaseExecutor.execute(TestCaseExecutor.java:224)
	at com.kms.katalon.core.main.TestCaseMain.runTestCase(TestCaseMain.java:106)
	at com.kms.katalon.core.keyword.builtin.CallTestCaseKeyword$_callTestCase_closure1.doCall(CallTestCaseKeyword.groovy:59)
	at com.kms.katalon.core.keyword.builtin.CallTestCaseKeyword$_callTestCase_closure1.call(CallTestCaseKeyword.groovy)
	at com.kms.katalon.core.keyword.internal.KeywordMain.runKeyword(KeywordMain.groovy:54)
	at com.kms.katalon.core.keyword.builtin.CallTestCaseKeyword.callTestCase(CallTestCaseKeyword.groovy:80)
	at com.kms.katalon.core.keyword.builtin.CallTestCaseKeyword.execute(CallTestCaseKeyword.groovy:44)
	at com.kms.katalon.core.keyword.internal.KeywordExecutor.executeKeywordForPlatform(KeywordExecutor.groovy:53)
	at com.kms.katalon.core.keyword.BuiltinKeywords.callTestCase(BuiltinKeywords.groovy:334)
	at OTC_Submit Form 7_End to End - Cheque.run(OTC_Submit Form 7_End to End - Cheque:16)
	at com.kms.katalon.core.main.ScriptEngine.run(ScriptEngine.java:194)
	at com.kms.katalon.core.main.ScriptEngine.runScriptAsRawText(ScriptEngine.java:119)
	at com.kms.katalon.core.main.TestCaseExecutor.runScript(TestCaseExecutor.java:328)
	at com.kms.katalon.core.main.TestCaseExecutor.doExecute(TestCaseExecutor.java:319)
	at com.kms.katalon.core.main.TestCaseExecutor.processExecutionPhase(TestCaseExecutor.java:298)
	at com.kms.katalon.core.main.TestCaseExecutor.accessMainPhase(TestCaseExecutor.java:290)
	at com.kms.katalon.core.main.TestCaseExecutor.execute(TestCaseExecutor.java:224)
	at com.kms.katalon.core.main.TestCaseMain.runTestCase(TestCaseMain.java:106)
	at com.kms.katalon.core.keyword.builtin.CallTestCaseKeyword$_callTestCase_closure1.doCall(CallTestCaseKeyword.groovy:59)
	at com.kms.katalon.core.keyword.builtin.CallTestCaseKeyword$_callTestCase_closure1.call(CallTestCaseKeyword.groovy)
	at com.kms.katalon.core.keyword.internal.KeywordMain.runKeyword(KeywordMain.groovy:54)
	at com.kms.katalon.core.keyword.builtin.CallTestCaseKeyword.callTestCase(CallTestCaseKeyword.groovy:80)
	at com.kms.katalon.core.keyword.builtin.CallTestCaseKeyword.execute(CallTestCaseKeyword.groovy:44)
	at com.kms.katalon.core.keyword.internal.KeywordExecutor.executeKeywordForPlatform(KeywordExecutor.groovy:53)
	at com.kms.katalon.core.keyword.BuiltinKeywords.callTestCase(BuiltinKeywords.groovy:334)
	at Approve Application - RIA.run(Approve Application - RIA:16)
	at com.kms.katalon.core.main.ScriptEngine.run(ScriptEngine.java:194)
	at com.kms.katalon.core.main.ScriptEngine.runScriptAsRawText(ScriptEngine.java:119)
	at com.kms.katalon.core.main.TestCaseExecutor.runScript(TestCaseExecutor.java:328)
	at com.kms.katalon.core.main.TestCaseExecutor.doExecute(TestCaseExecutor.java:319)
	at com.kms.katalon.core.main.TestCaseExecutor.processExecutionPhase(TestCaseExecutor.java:298)
	at com.kms.katalon.core.main.TestCaseExecutor.accessMainPhase(TestCaseExecutor.java:290)
	at com.kms.katalon.core.main.TestCaseExecutor.execute(TestCaseExecutor.java:224)
	at com.kms.katalon.core.main.TestSuiteExecutor.accessTestCaseMainPhase(TestSuiteExecutor.java:129)
	at com.kms.katalon.core.main.TestSuiteExecutor.accessTestSuiteMainPhase(TestSuiteExecutor.java:112)
	at com.kms.katalon.core.main.TestSuiteExecutor.execute(TestSuiteExecutor.java:81)
	at com.kms.katalon.core.main.TestCaseMain.startTestSuite(TestCaseMain.java:149)
	at com.kms.katalon.core.main.TestCaseMain$startTestSuite$0.call(Unknown Source)
	at TempTestSuite1550476757023.run(TempTestSuite1550476757023.groovy:36)
"/>
         <system-out><![CDATA[2019-02-18 17:00:21 - [TEST_CASE][FAILED] - Test Cases/All TC/Arranged/0. Full Flow/Approve Application - RIA: Test Cases/All TC/Arranged/0. Full Flow/Approve Application - RIA FAILED.
Reason:
com.kms.katalon.core.exception.StepFailedException: Unable to set text '10/01/2019' of object 'Object Repository/KeatMun/Form 7_default/OTC_Application_Reg/Page_PERKESO/11.Tarikh Terima_stampedDtS' (Root cause: com.kms.katalon.core.webui.exception.WebElementNotFoundException: Web element with id: 'Object Repository/KeatMun/Form 7_default/OTC_Application_Reg/Page_PERKESO/11.Tarikh Terima_stampedDtS' located by 'By.xpath: //input[@id = 'stampedDtStr' and @name = 'stampedDtStr' and @type = 'text']' not found)
	at com.kms.katalon.core.keyword.internal.KeywordMain.stepFailed(KeywordMain.groovy:36)
	at com.kms.katalon.core.webui.keyword.internal.WebUIKeywordMain.stepFailed(WebUIKeywordMain.groovy:65)
	at com.kms.katalon.core.webui.keyword.internal.WebUIKeywordMain.runKeyword(WebUIKeywordMain.groovy:27)
	at com.kms.katalon.core.webui.keyword.builtin.SetTextKeyword.setText(SetTextKeyword.groovy:65)
	at com.kms.katalon.core.webui.keyword.builtin.SetTextKeyword.execute(SetTextKeyword.groovy:37)
	at com.kms.katalon.core.keyword.internal.KeywordExecutor.executeKeywordForPlatform(KeywordExecutor.groovy:53)
	at com.kms.katalon.core.webui.keyword.WebUiBuiltInKeywords.setText(WebUiBuiltInKeywords.groovy:950)
	at com.kms.katalon.core.webui.keyword.WebUiBuiltInKeywords$setText$1.call(Unknown Source)
	at OTC_Application_Reg.run(OTC_Application_Reg:74)
	at com.kms.katalon.core.main.ScriptEngine.run(ScriptEngine.java:194)
	at com.kms.katalon.core.main.ScriptEngine.runScriptAsRawText(ScriptEngine.java:119)
	at com.kms.katalon.core.main.TestCaseExecutor.runScript(TestCaseExecutor.java:328)
	at com.kms.katalon.core.main.TestCaseExecutor.doExecute(TestCaseExecutor.java:319)
	at com.kms.katalon.core.main.TestCaseExecutor.processExecutionPhase(TestCaseExecutor.java:298)
	at com.kms.katalon.core.main.TestCaseExecutor.accessMainPhase(TestCaseExecutor.java:290)
	at com.kms.katalon.core.main.TestCaseExecutor.execute(TestCaseExecutor.java:224)
	at com.kms.katalon.core.main.TestCaseMain.runTestCase(TestCaseMain.java:106)
	at com.kms.katalon.core.keyword.builtin.CallTestCaseKeyword$_callTestCase_closure1.doCall(CallTestCaseKeyword.groovy:59)
	at com.kms.katalon.core.keyword.builtin.CallTestCaseKeyword$_callTestCase_closure1.call(CallTestCaseKeyword.groovy)
	at com.kms.katalon.core.keyword.internal.KeywordMain.runKeyword(KeywordMain.groovy:54)
	at com.kms.katalon.core.keyword.builtin.CallTestCaseKeyword.callTestCase(CallTestCaseKeyword.groovy:80)
	at com.kms.katalon.core.keyword.builtin.CallTestCaseKeyword.execute(CallTestCaseKeyword.groovy:44)
	at com.kms.katalon.core.keyword.internal.KeywordExecutor.executeKeywordForPlatform(KeywordExecutor.groovy:53)
	at com.kms.katalon.core.keyword.BuiltinKeywords.callTestCase(BuiltinKeywords.groovy:334)
	at OTC_Submit Form 7_End to End - Cheque.run(OTC_Submit Form 7_End to End - Cheque:16)
	at com.kms.katalon.core.main.ScriptEngine.run(ScriptEngine.java:194)
	at com.kms.katalon.core.main.ScriptEngine.runScriptAsRawText(ScriptEngine.java:119)
	at com.kms.katalon.core.main.TestCaseExecutor.runScript(TestCaseExecutor.java:328)
	at com.kms.katalon.core.main.TestCaseExecutor.doExecute(TestCaseExecutor.java:319)
	at com.kms.katalon.core.main.TestCaseExecutor.processExecutionPhase(TestCaseExecutor.java:298)
	at com.kms.katalon.core.main.TestCaseExecutor.accessMainPhase(TestCaseExecutor.java:290)
	at com.kms.katalon.core.main.TestCaseExecutor.execute(TestCaseExecutor.java:224)
	at com.kms.katalon.core.main.TestCaseMain.runTestCase(TestCaseMain.java:106)
	at com.kms.katalon.core.keyword.builtin.CallTestCaseKeyword$_callTestCase_closure1.doCall(CallTestCaseKeyword.groovy:59)
	at com.kms.katalon.core.keyword.builtin.CallTestCaseKeyword$_callTestCase_closure1.call(CallTestCaseKeyword.groovy)
	at com.kms.katalon.core.keyword.internal.KeywordMain.runKeyword(KeywordMain.groovy:54)
	at com.kms.katalon.core.keyword.builtin.CallTestCaseKeyword.callTestCase(CallTestCaseKeyword.groovy:80)
	at com.kms.katalon.core.keyword.builtin.CallTestCaseKeyword.execute(CallTestCaseKeyword.groovy:44)
	at com.kms.katalon.core.keyword.internal.KeywordExecutor.executeKeywordForPlatform(KeywordExecutor.groovy:53)
	at com.kms.katalon.core.keyword.BuiltinKeywords.callTestCase(BuiltinKeywords.groovy:334)
	at Approve Application - RIA.run(Approve Application - RIA:16)
	at com.kms.katalon.core.main.ScriptEngine.run(ScriptEngine.java:194)
	at com.kms.katalon.core.main.ScriptEngine.runScriptAsRawText(ScriptEngine.java:119)
	at com.kms.katalon.core.main.TestCaseExecutor.runScript(TestCaseExecutor.java:328)
	at com.kms.katalon.core.main.TestCaseExecutor.doExecute(TestCaseExecutor.java:319)
	at com.kms.katalon.core.main.TestCaseExecutor.processExecutionPhase(TestCaseExecutor.java:298)
	at com.kms.katalon.core.main.TestCaseExecutor.accessMainPhase(TestCaseExecutor.java:290)
	at com.kms.katalon.core.main.TestCaseExecutor.execute(TestCaseExecutor.java:224)
	at com.kms.katalon.core.main.TestSuiteExecutor.accessTestCaseMainPhase(TestSuiteExecutor.java:129)
	at com.kms.katalon.core.main.TestSuiteExecutor.accessTestSuiteMainPhase(TestSuiteExecutor.java:112)
	at com.kms.katalon.core.main.TestSuiteExecutor.execute(TestSuiteExecutor.java:81)
	at com.kms.katalon.core.main.TestCaseMain.startTestSuite(TestCaseMain.java:149)
	at com.kms.katalon.core.main.TestCaseMain$startTestSuite$0.call(Unknown Source)
	at TempTestSuite1550476757023.run(TempTestSuite1550476757023.groovy:36)


2019-02-18 17:00:21 - [TEST_STEP][FAILED] - callTestCase(findTestCase("All TC/Arranged/2. Segment/OTC_Submit Form 7_End to End - Cheque"), [:], STOP_ON_FAILURE): callTestCase(findTestCase("All TC/Arranged/2. Segment/OTC_Submit Form 7_End to End - Cheque"), [:], STOP_ON_FAILURE) FAILED.
Reason:
com.kms.katalon.core.exception.StepFailedException: Unable to set text '10/01/2019' of object 'Object Repository/KeatMun/Form 7_default/OTC_Application_Reg/Page_PERKESO/11.Tarikh Terima_stampedDtS' (Root cause: com.kms.katalon.core.webui.exception.WebElementNotFoundException: Web element with id: 'Object Repository/KeatMun/Form 7_default/OTC_Application_Reg/Page_PERKESO/11.Tarikh Terima_stampedDtS' located by 'By.xpath: //input[@id = 'stampedDtStr' and @name = 'stampedDtStr' and @type = 'text']' not found)
	at com.kms.katalon.core.keyword.internal.KeywordMain.stepFailed(KeywordMain.groovy:36)
	at com.kms.katalon.core.webui.keyword.internal.WebUIKeywordMain.stepFailed(WebUIKeywordMain.groovy:65)
	at com.kms.katalon.core.webui.keyword.internal.WebUIKeywordMain.runKeyword(WebUIKeywordMain.groovy:27)
	at com.kms.katalon.core.webui.keyword.builtin.SetTextKeyword.setText(SetTextKeyword.groovy:65)
	at com.kms.katalon.core.webui.keyword.builtin.SetTextKeyword.execute(SetTextKeyword.groovy:37)
	at com.kms.katalon.core.keyword.internal.KeywordExecutor.executeKeywordForPlatform(KeywordExecutor.groovy:53)
	at com.kms.katalon.core.webui.keyword.WebUiBuiltInKeywords.setText(WebUiBuiltInKeywords.groovy:950)
	at com.kms.katalon.core.webui.keyword.WebUiBuiltInKeywords$setText$1.call(Unknown Source)
	at OTC_Application_Reg.run(OTC_Application_Reg:74)
	at com.kms.katalon.core.main.ScriptEngine.run(ScriptEngine.java:194)
	at com.kms.katalon.core.main.ScriptEngine.runScriptAsRawText(ScriptEngine.java:119)
	at com.kms.katalon.core.main.TestCaseExecutor.runScript(TestCaseExecutor.java:328)
	at com.kms.katalon.core.main.TestCaseExecutor.doExecute(TestCaseExecutor.java:319)
	at com.kms.katalon.core.main.TestCaseExecutor.processExecutionPhase(TestCaseExecutor.java:298)
	at com.kms.katalon.core.main.TestCaseExecutor.accessMainPhase(TestCaseExecutor.java:290)
	at com.kms.katalon.core.main.TestCaseExecutor.execute(TestCaseExecutor.java:224)
	at com.kms.katalon.core.main.TestCaseMain.runTestCase(TestCaseMain.java:106)
	at com.kms.katalon.core.keyword.builtin.CallTestCaseKeyword$_callTestCase_closure1.doCall(CallTestCaseKeyword.groovy:59)
	at com.kms.katalon.core.keyword.builtin.CallTestCaseKeyword$_callTestCase_closure1.call(CallTestCaseKeyword.groovy)
	at com.kms.katalon.core.keyword.internal.KeywordMain.runKeyword(KeywordMain.groovy:54)
	at com.kms.katalon.core.keyword.builtin.CallTestCaseKeyword.callTestCase(CallTestCaseKeyword.groovy:80)
	at com.kms.katalon.core.keyword.builtin.CallTestCaseKeyword.execute(CallTestCaseKeyword.groovy:44)
	at com.kms.katalon.core.keyword.internal.KeywordExecutor.executeKeywordForPlatform(KeywordExecutor.groovy:53)
	at com.kms.katalon.core.keyword.BuiltinKeywords.callTestCase(BuiltinKeywords.groovy:334)
	at OTC_Submit Form 7_End to End - Cheque.run(OTC_Submit Form 7_End to End - Cheque:16)
	at com.kms.katalon.core.main.ScriptEngine.run(ScriptEngine.java:194)
	at com.kms.katalon.core.main.ScriptEngine.runScriptAsRawText(ScriptEngine.java:119)
	at com.kms.katalon.core.main.TestCaseExecutor.runScript(TestCaseExecutor.java:328)
	at com.kms.katalon.core.main.TestCaseExecutor.doExecute(TestCaseExecutor.java:319)
	at com.kms.katalon.core.main.TestCaseExecutor.processExecutionPhase(TestCaseExecutor.java:298)
	at com.kms.katalon.core.main.TestCaseExecutor.accessMainPhase(TestCaseExecutor.java:290)
	at com.kms.katalon.core.main.TestCaseExecutor.execute(TestCaseExecutor.java:224)
	at com.kms.katalon.core.main.TestCaseMain.runTestCase(TestCaseMain.java:106)
	at com.kms.katalon.core.keyword.builtin.CallTestCaseKeyword$_callTestCase_closure1.doCall(CallTestCaseKeyword.groovy:59)
	at com.kms.katalon.core.keyword.builtin.CallTestCaseKeyword$_callTestCase_closure1.call(CallTestCaseKeyword.groovy)
	at com.kms.katalon.core.keyword.internal.KeywordMain.runKeyword(KeywordMain.groovy:54)
	at com.kms.katalon.core.keyword.builtin.CallTestCaseKeyword.callTestCase(CallTestCaseKeyword.groovy:80)
	at com.kms.katalon.core.keyword.builtin.CallTestCaseKeyword.execute(CallTestCaseKeyword.groovy:44)
	at com.kms.katalon.core.keyword.internal.KeywordExecutor.executeKeywordForPlatform(KeywordExecutor.groovy:53)
	at com.kms.katalon.core.keyword.BuiltinKeywords.callTestCase(BuiltinKeywords.groovy:334)
	at Approve Application - RIA.run(Approve Application - RIA:16)
	at com.kms.katalon.core.main.ScriptEngine.run(ScriptEngine.java:194)
	at com.kms.katalon.core.main.ScriptEngine.runScriptAsRawText(ScriptEngine.java:119)
	at com.kms.katalon.core.main.TestCaseExecutor.runScript(TestCaseExecutor.java:328)
	at com.kms.katalon.core.main.TestCaseExecutor.doExecute(TestCaseExecutor.java:319)
	at com.kms.katalon.core.main.TestCaseExecutor.processExecutionPhase(TestCaseExecutor.java:298)
	at com.kms.katalon.core.main.TestCaseExecutor.accessMainPhase(TestCaseExecutor.java:290)
	at com.kms.katalon.core.main.TestCaseExecutor.execute(TestCaseExecutor.java:224)
	at com.kms.katalon.core.main.TestSuiteExecutor.accessTestCaseMainPhase(TestSuiteExecutor.java:129)
	at com.kms.katalon.core.main.TestSuiteExecutor.accessTestSuiteMainPhase(TestSuiteExecutor.java:112)
	at com.kms.katalon.core.main.TestSuiteExecutor.execute(TestSuiteExecutor.java:81)
	at com.kms.katalon.core.main.TestCaseMain.startTestSuite(TestCaseMain.java:149)
	at com.kms.katalon.core.main.TestCaseMain$startTestSuite$0.call(Unknown Source)
	at TempTestSuite1550476757023.run(TempTestSuite1550476757023.groovy:36)


2019-02-18 17:00:21 - [TEST_CASE][FAILED] - Test Cases/All TC/Arranged/2. Segment/OTC_Submit Form 7_End to End - Cheque: Test Cases/All TC/Arranged/2. Segment/OTC_Submit Form 7_End to End - Cheque FAILED.
Reason:
com.kms.katalon.core.exception.StepFailedException: Unable to set text '10/01/2019' of object 'Object Repository/KeatMun/Form 7_default/OTC_Application_Reg/Page_PERKESO/11.Tarikh Terima_stampedDtS' (Root cause: com.kms.katalon.core.webui.exception.WebElementNotFoundException: Web element with id: 'Object Repository/KeatMun/Form 7_default/OTC_Application_Reg/Page_PERKESO/11.Tarikh Terima_stampedDtS' located by 'By.xpath: //input[@id = 'stampedDtStr' and @name = 'stampedDtStr' and @type = 'text']' not found)
	at com.kms.katalon.core.keyword.internal.KeywordMain.stepFailed(KeywordMain.groovy:36)
	at com.kms.katalon.core.webui.keyword.internal.WebUIKeywordMain.stepFailed(WebUIKeywordMain.groovy:65)
	at com.kms.katalon.core.webui.keyword.internal.WebUIKeywordMain.runKeyword(WebUIKeywordMain.groovy:27)
	at com.kms.katalon.core.webui.keyword.builtin.SetTextKeyword.setText(SetTextKeyword.groovy:65)
	at com.kms.katalon.core.webui.keyword.builtin.SetTextKeyword.execute(SetTextKeyword.groovy:37)
	at com.kms.katalon.core.keyword.internal.KeywordExecutor.executeKeywordForPlatform(KeywordExecutor.groovy:53)
	at com.kms.katalon.core.webui.keyword.WebUiBuiltInKeywords.setText(WebUiBuiltInKeywords.groovy:950)
	at com.kms.katalon.core.webui.keyword.WebUiBuiltInKeywords$setText$1.call(Unknown Source)
	at OTC_Application_Reg.run(OTC_Application_Reg:74)
	at com.kms.katalon.core.main.ScriptEngine.run(ScriptEngine.java:194)
	at com.kms.katalon.core.main.ScriptEngine.runScriptAsRawText(ScriptEngine.java:119)
	at com.kms.katalon.core.main.TestCaseExecutor.runScript(TestCaseExecutor.java:328)
	at com.kms.katalon.core.main.TestCaseExecutor.doExecute(TestCaseExecutor.java:319)
	at com.kms.katalon.core.main.TestCaseExecutor.processExecutionPhase(TestCaseExecutor.java:298)
	at com.kms.katalon.core.main.TestCaseExecutor.accessMainPhase(TestCaseExecutor.java:290)
	at com.kms.katalon.core.main.TestCaseExecutor.execute(TestCaseExecutor.java:224)
	at com.kms.katalon.core.main.TestCaseMain.runTestCase(TestCaseMain.java:106)
	at com.kms.katalon.core.keyword.builtin.CallTestCaseKeyword$_callTestCase_closure1.doCall(CallTestCaseKeyword.groovy:59)
	at com.kms.katalon.core.keyword.builtin.CallTestCaseKeyword$_callTestCase_closure1.call(CallTestCaseKeyword.groovy)
	at com.kms.katalon.core.keyword.internal.KeywordMain.runKeyword(KeywordMain.groovy:54)
	at com.kms.katalon.core.keyword.builtin.CallTestCaseKeyword.callTestCase(CallTestCaseKeyword.groovy:80)
	at com.kms.katalon.core.keyword.builtin.CallTestCaseKeyword.execute(CallTestCaseKeyword.groovy:44)
	at com.kms.katalon.core.keyword.internal.KeywordExecutor.executeKeywordForPlatform(KeywordExecutor.groovy:53)
	at com.kms.katalon.core.keyword.BuiltinKeywords.callTestCase(BuiltinKeywords.groovy:334)
	at OTC_Submit Form 7_End to End - Cheque.run(OTC_Submit Form 7_End to End - Cheque:16)
	at com.kms.katalon.core.main.ScriptEngine.run(ScriptEngine.java:194)
	at com.kms.katalon.core.main.ScriptEngine.runScriptAsRawText(ScriptEngine.java:119)
	at com.kms.katalon.core.main.TestCaseExecutor.runScript(TestCaseExecutor.java:328)
	at com.kms.katalon.core.main.TestCaseExecutor.doExecute(TestCaseExecutor.java:319)
	at com.kms.katalon.core.main.TestCaseExecutor.processExecutionPhase(TestCaseExecutor.java:298)
	at com.kms.katalon.core.main.TestCaseExecutor.accessMainPhase(TestCaseExecutor.java:290)
	at com.kms.katalon.core.main.TestCaseExecutor.execute(TestCaseExecutor.java:224)
	at com.kms.katalon.core.main.TestCaseMain.runTestCase(TestCaseMain.java:106)
	at com.kms.katalon.core.keyword.builtin.CallTestCaseKeyword$_callTestCase_closure1.doCall(CallTestCaseKeyword.groovy:59)
	at com.kms.katalon.core.keyword.builtin.CallTestCaseKeyword$_callTestCase_closure1.call(CallTestCaseKeyword.groovy)
	at com.kms.katalon.core.keyword.internal.KeywordMain.runKeyword(KeywordMain.groovy:54)
	at com.kms.katalon.core.keyword.builtin.CallTestCaseKeyword.callTestCase(CallTestCaseKeyword.groovy:80)
	at com.kms.katalon.core.keyword.builtin.CallTestCaseKeyword.execute(CallTestCaseKeyword.groovy:44)
	at com.kms.katalon.core.keyword.internal.KeywordExecutor.executeKeywordForPlatform(KeywordExecutor.groovy:53)
	at com.kms.katalon.core.keyword.BuiltinKeywords.callTestCase(BuiltinKeywords.groovy:334)
	at Approve Application - RIA.run(Approve Application - RIA:16)
	at com.kms.katalon.core.main.ScriptEngine.run(ScriptEngine.java:194)
	at com.kms.katalon.core.main.ScriptEngine.runScriptAsRawText(ScriptEngine.java:119)
	at com.kms.katalon.core.main.TestCaseExecutor.runScript(TestCaseExecutor.java:328)
	at com.kms.katalon.core.main.TestCaseExecutor.doExecute(TestCaseExecutor.java:319)
	at com.kms.katalon.core.main.TestCaseExecutor.processExecutionPhase(TestCaseExecutor.java:298)
	at com.kms.katalon.core.main.TestCaseExecutor.accessMainPhase(TestCaseExecutor.java:290)
	at com.kms.katalon.core.main.TestCaseExecutor.execute(TestCaseExecutor.java:224)
	at com.kms.katalon.core.main.TestSuiteExecutor.accessTestCaseMainPhase(TestSuiteExecutor.java:129)
	at com.kms.katalon.core.main.TestSuiteExecutor.accessTestSuiteMainPhase(TestSuiteExecutor.java:112)
	at com.kms.katalon.core.main.TestSuiteExecutor.execute(TestSuiteExecutor.java:81)
	at com.kms.katalon.core.main.TestCaseMain.startTestSuite(TestCaseMain.java:149)
	at com.kms.katalon.core.main.TestCaseMain$startTestSuite$0.call(Unknown Source)
	at TempTestSuite1550476757023.run(TempTestSuite1550476757023.groovy:36)


2019-02-18 17:00:21 - [TEST_STEP][FAILED] - callTestCase(findTestCase("All TC/Arranged/3. Unit/EI/Form 7_default/OTC_Application_Reg"), [:], STOP_ON_FAILURE): callTestCase(findTestCase("All TC/Arranged/3. Unit/EI/Form 7_default/OTC_Application_Reg"), [:], STOP_ON_FAILURE) FAILED.
Reason:
com.kms.katalon.core.exception.StepFailedException: Unable to set text '10/01/2019' of object 'Object Repository/KeatMun/Form 7_default/OTC_Application_Reg/Page_PERKESO/11.Tarikh Terima_stampedDtS' (Root cause: com.kms.katalon.core.webui.exception.WebElementNotFoundException: Web element with id: 'Object Repository/KeatMun/Form 7_default/OTC_Application_Reg/Page_PERKESO/11.Tarikh Terima_stampedDtS' located by 'By.xpath: //input[@id = 'stampedDtStr' and @name = 'stampedDtStr' and @type = 'text']' not found)
	at com.kms.katalon.core.keyword.internal.KeywordMain.stepFailed(KeywordMain.groovy:36)
	at com.kms.katalon.core.webui.keyword.internal.WebUIKeywordMain.stepFailed(WebUIKeywordMain.groovy:65)
	at com.kms.katalon.core.webui.keyword.internal.WebUIKeywordMain.runKeyword(WebUIKeywordMain.groovy:27)
	at com.kms.katalon.core.webui.keyword.builtin.SetTextKeyword.setText(SetTextKeyword.groovy:65)
	at com.kms.katalon.core.webui.keyword.builtin.SetTextKeyword.execute(SetTextKeyword.groovy:37)
	at com.kms.katalon.core.keyword.internal.KeywordExecutor.executeKeywordForPlatform(KeywordExecutor.groovy:53)
	at com.kms.katalon.core.webui.keyword.WebUiBuiltInKeywords.setText(WebUiBuiltInKeywords.groovy:950)
	at com.kms.katalon.core.webui.keyword.WebUiBuiltInKeywords$setText$1.call(Unknown Source)
	at OTC_Application_Reg.run(OTC_Application_Reg:74)
	at com.kms.katalon.core.main.ScriptEngine.run(ScriptEngine.java:194)
	at com.kms.katalon.core.main.ScriptEngine.runScriptAsRawText(ScriptEngine.java:119)
	at com.kms.katalon.core.main.TestCaseExecutor.runScript(TestCaseExecutor.java:328)
	at com.kms.katalon.core.main.TestCaseExecutor.doExecute(TestCaseExecutor.java:319)
	at com.kms.katalon.core.main.TestCaseExecutor.processExecutionPhase(TestCaseExecutor.java:298)
	at com.kms.katalon.core.main.TestCaseExecutor.accessMainPhase(TestCaseExecutor.java:290)
	at com.kms.katalon.core.main.TestCaseExecutor.execute(TestCaseExecutor.java:224)
	at com.kms.katalon.core.main.TestCaseMain.runTestCase(TestCaseMain.java:106)
	at com.kms.katalon.core.keyword.builtin.CallTestCaseKeyword$_callTestCase_closure1.doCall(CallTestCaseKeyword.groovy:59)
	at com.kms.katalon.core.keyword.builtin.CallTestCaseKeyword$_callTestCase_closure1.call(CallTestCaseKeyword.groovy)
	at com.kms.katalon.core.keyword.internal.KeywordMain.runKeyword(KeywordMain.groovy:54)
	at com.kms.katalon.core.keyword.builtin.CallTestCaseKeyword.callTestCase(CallTestCaseKeyword.groovy:80)
	at com.kms.katalon.core.keyword.builtin.CallTestCaseKeyword.execute(CallTestCaseKeyword.groovy:44)
	at com.kms.katalon.core.keyword.internal.KeywordExecutor.executeKeywordForPlatform(KeywordExecutor.groovy:53)
	at com.kms.katalon.core.keyword.BuiltinKeywords.callTestCase(BuiltinKeywords.groovy:334)
	at OTC_Submit Form 7_End to End - Cheque.run(OTC_Submit Form 7_End to End - Cheque:16)
	at com.kms.katalon.core.main.ScriptEngine.run(ScriptEngine.java:194)
	at com.kms.katalon.core.main.ScriptEngine.runScriptAsRawText(ScriptEngine.java:119)
	at com.kms.katalon.core.main.TestCaseExecutor.runScript(TestCaseExecutor.java:328)
	at com.kms.katalon.core.main.TestCaseExecutor.doExecute(TestCaseExecutor.java:319)
	at com.kms.katalon.core.main.TestCaseExecutor.processExecutionPhase(TestCaseExecutor.java:298)
	at com.kms.katalon.core.main.TestCaseExecutor.accessMainPhase(TestCaseExecutor.java:290)
	at com.kms.katalon.core.main.TestCaseExecutor.execute(TestCaseExecutor.java:224)
	at com.kms.katalon.core.main.TestCaseMain.runTestCase(TestCaseMain.java:106)
	at com.kms.katalon.core.keyword.builtin.CallTestCaseKeyword$_callTestCase_closure1.doCall(CallTestCaseKeyword.groovy:59)
	at com.kms.katalon.core.keyword.builtin.CallTestCaseKeyword$_callTestCase_closure1.call(CallTestCaseKeyword.groovy)
	at com.kms.katalon.core.keyword.internal.KeywordMain.runKeyword(KeywordMain.groovy:54)
	at com.kms.katalon.core.keyword.builtin.CallTestCaseKeyword.callTestCase(CallTestCaseKeyword.groovy:80)
	at com.kms.katalon.core.keyword.builtin.CallTestCaseKeyword.execute(CallTestCaseKeyword.groovy:44)
	at com.kms.katalon.core.keyword.internal.KeywordExecutor.executeKeywordForPlatform(KeywordExecutor.groovy:53)
	at com.kms.katalon.core.keyword.BuiltinKeywords.callTestCase(BuiltinKeywords.groovy:334)
	at Approve Application - RIA.run(Approve Application - RIA:16)
	at com.kms.katalon.core.main.ScriptEngine.run(ScriptEngine.java:194)
	at com.kms.katalon.core.main.ScriptEngine.runScriptAsRawText(ScriptEngine.java:119)
	at com.kms.katalon.core.main.TestCaseExecutor.runScript(TestCaseExecutor.java:328)
	at com.kms.katalon.core.main.TestCaseExecutor.doExecute(TestCaseExecutor.java:319)
	at com.kms.katalon.core.main.TestCaseExecutor.processExecutionPhase(TestCaseExecutor.java:298)
	at com.kms.katalon.core.main.TestCaseExecutor.accessMainPhase(TestCaseExecutor.java:290)
	at com.kms.katalon.core.main.TestCaseExecutor.execute(TestCaseExecutor.java:224)
	at com.kms.katalon.core.main.TestSuiteExecutor.accessTestCaseMainPhase(TestSuiteExecutor.java:129)
	at com.kms.katalon.core.main.TestSuiteExecutor.accessTestSuiteMainPhase(TestSuiteExecutor.java:112)
	at com.kms.katalon.core.main.TestSuiteExecutor.execute(TestSuiteExecutor.java:81)
	at com.kms.katalon.core.main.TestCaseMain.startTestSuite(TestCaseMain.java:149)
	at com.kms.katalon.core.main.TestCaseMain$startTestSuite$0.call(Unknown Source)
	at TempTestSuite1550476757023.run(TempTestSuite1550476757023.groovy:36)


2019-02-18 17:00:21 - [TEST_CASE][FAILED] - Test Cases/All TC/Arranged/3. Unit/EI/Form 7_default/OTC_Application_Reg: Test Cases/All TC/Arranged/3. Unit/EI/Form 7_default/OTC_Application_Reg FAILED.
Reason:
com.kms.katalon.core.exception.StepFailedException: Unable to set text '10/01/2019' of object 'Object Repository/KeatMun/Form 7_default/OTC_Application_Reg/Page_PERKESO/11.Tarikh Terima_stampedDtS' (Root cause: com.kms.katalon.core.webui.exception.WebElementNotFoundException: Web element with id: 'Object Repository/KeatMun/Form 7_default/OTC_Application_Reg/Page_PERKESO/11.Tarikh Terima_stampedDtS' located by 'By.xpath: //input[@id = 'stampedDtStr' and @name = 'stampedDtStr' and @type = 'text']' not found)
	at com.kms.katalon.core.keyword.internal.KeywordMain.stepFailed(KeywordMain.groovy:36)
	at com.kms.katalon.core.webui.keyword.internal.WebUIKeywordMain.stepFailed(WebUIKeywordMain.groovy:65)
	at com.kms.katalon.core.webui.keyword.internal.WebUIKeywordMain.runKeyword(WebUIKeywordMain.groovy:27)
	at com.kms.katalon.core.webui.keyword.builtin.SetTextKeyword.setText(SetTextKeyword.groovy:65)
	at com.kms.katalon.core.webui.keyword.builtin.SetTextKeyword.execute(SetTextKeyword.groovy:37)
	at com.kms.katalon.core.keyword.internal.KeywordExecutor.executeKeywordForPlatform(KeywordExecutor.groovy:53)
	at com.kms.katalon.core.webui.keyword.WebUiBuiltInKeywords.setText(WebUiBuiltInKeywords.groovy:950)
	at com.kms.katalon.core.webui.keyword.WebUiBuiltInKeywords$setText$1.call(Unknown Source)
	at OTC_Application_Reg.run(OTC_Application_Reg:74)
	at com.kms.katalon.core.main.ScriptEngine.run(ScriptEngine.java:194)
	at com.kms.katalon.core.main.ScriptEngine.runScriptAsRawText(ScriptEngine.java:119)
	at com.kms.katalon.core.main.TestCaseExecutor.runScript(TestCaseExecutor.java:328)
	at com.kms.katalon.core.main.TestCaseExecutor.doExecute(TestCaseExecutor.java:319)
	at com.kms.katalon.core.main.TestCaseExecutor.processExecutionPhase(TestCaseExecutor.java:298)
	at com.kms.katalon.core.main.TestCaseExecutor.accessMainPhase(TestCaseExecutor.java:290)
	at com.kms.katalon.core.main.TestCaseExecutor.execute(TestCaseExecutor.java:224)
	at com.kms.katalon.core.main.TestCaseMain.runTestCase(TestCaseMain.java:106)
	at com.kms.katalon.core.keyword.builtin.CallTestCaseKeyword$_callTestCase_closure1.doCall(CallTestCaseKeyword.groovy:59)
	at com.kms.katalon.core.keyword.builtin.CallTestCaseKeyword$_callTestCase_closure1.call(CallTestCaseKeyword.groovy)
	at com.kms.katalon.core.keyword.internal.KeywordMain.runKeyword(KeywordMain.groovy:54)
	at com.kms.katalon.core.keyword.builtin.CallTestCaseKeyword.callTestCase(CallTestCaseKeyword.groovy:80)
	at com.kms.katalon.core.keyword.builtin.CallTestCaseKeyword.execute(CallTestCaseKeyword.groovy:44)
	at com.kms.katalon.core.keyword.internal.KeywordExecutor.executeKeywordForPlatform(KeywordExecutor.groovy:53)
	at com.kms.katalon.core.keyword.BuiltinKeywords.callTestCase(BuiltinKeywords.groovy:334)
	at OTC_Submit Form 7_End to End - Cheque.run(OTC_Submit Form 7_End to End - Cheque:16)
	at com.kms.katalon.core.main.ScriptEngine.run(ScriptEngine.java:194)
	at com.kms.katalon.core.main.ScriptEngine.runScriptAsRawText(ScriptEngine.java:119)
	at com.kms.katalon.core.main.TestCaseExecutor.runScript(TestCaseExecutor.java:328)
	at com.kms.katalon.core.main.TestCaseExecutor.doExecute(TestCaseExecutor.java:319)
	at com.kms.katalon.core.main.TestCaseExecutor.processExecutionPhase(TestCaseExecutor.java:298)
	at com.kms.katalon.core.main.TestCaseExecutor.accessMainPhase(TestCaseExecutor.java:290)
	at com.kms.katalon.core.main.TestCaseExecutor.execute(TestCaseExecutor.java:224)
	at com.kms.katalon.core.main.TestCaseMain.runTestCase(TestCaseMain.java:106)
	at com.kms.katalon.core.keyword.builtin.CallTestCaseKeyword$_callTestCase_closure1.doCall(CallTestCaseKeyword.groovy:59)
	at com.kms.katalon.core.keyword.builtin.CallTestCaseKeyword$_callTestCase_closure1.call(CallTestCaseKeyword.groovy)
	at com.kms.katalon.core.keyword.internal.KeywordMain.runKeyword(KeywordMain.groovy:54)
	at com.kms.katalon.core.keyword.builtin.CallTestCaseKeyword.callTestCase(CallTestCaseKeyword.groovy:80)
	at com.kms.katalon.core.keyword.builtin.CallTestCaseKeyword.execute(CallTestCaseKeyword.groovy:44)
	at com.kms.katalon.core.keyword.internal.KeywordExecutor.executeKeywordForPlatform(KeywordExecutor.groovy:53)
	at com.kms.katalon.core.keyword.BuiltinKeywords.callTestCase(BuiltinKeywords.groovy:334)
	at Approve Application - RIA.run(Approve Application - RIA:16)
	at com.kms.katalon.core.main.ScriptEngine.run(ScriptEngine.java:194)
	at com.kms.katalon.core.main.ScriptEngine.runScriptAsRawText(ScriptEngine.java:119)
	at com.kms.katalon.core.main.TestCaseExecutor.runScript(TestCaseExecutor.java:328)
	at com.kms.katalon.core.main.TestCaseExecutor.doExecute(TestCaseExecutor.java:319)
	at com.kms.katalon.core.main.TestCaseExecutor.processExecutionPhase(TestCaseExecutor.java:298)
	at com.kms.katalon.core.main.TestCaseExecutor.accessMainPhase(TestCaseExecutor.java:290)
	at com.kms.katalon.core.main.TestCaseExecutor.execute(TestCaseExecutor.java:224)
	at com.kms.katalon.core.main.TestSuiteExecutor.accessTestCaseMainPhase(TestSuiteExecutor.java:129)
	at com.kms.katalon.core.main.TestSuiteExecutor.accessTestSuiteMainPhase(TestSuiteExecutor.java:112)
	at com.kms.katalon.core.main.TestSuiteExecutor.execute(TestSuiteExecutor.java:81)
	at com.kms.katalon.core.main.TestCaseMain.startTestSuite(TestCaseMain.java:149)
	at com.kms.katalon.core.main.TestCaseMain$startTestSuite$0.call(Unknown Source)
	at TempTestSuite1550476757023.run(TempTestSuite1550476757023.groovy:36)


2019-02-18 17:00:22 - [TEST_STEP][PASSED] - openBrowser(""): Browser is opened with url: ''

2019-02-18 17:00:22 - [MESSAGE][WARNING] - A browser is already opened. Closing browser and opening a new one

2019-02-18 17:00:23 - [MESSAGE][INFO] - Starting 'Chrome' driver

2019-02-18 17:00:23 - [MESSAGE][INFO] - User set preference: ['args', '[--start-maximized]']

2019-02-18 17:00:27 - [MESSAGE][PASSED] - Browser is opened with url: ''

2019-02-18 17:00:27 - [TEST_STEP][PASSED] - navigateToUrl(Internal_Login): Navigate to 'http://10.20.24.188/eisportal/user/login' successfully

2019-02-18 17:00:29 - [MESSAGE][PASSED] - Navigate to 'http://10.20.24.188/eisportal/user/login' successfully

2019-02-18 17:00:29 - [TEST_STEP][PASSED] - delay(3): Delayed 3 second(s)

2019-02-18 17:00:32 - [MESSAGE][PASSED] - Delayed 3 second(s)

2019-02-18 17:00:32 - [TEST_STEP][PASSED] - setText(findTestObject("KeatMun/Form 7_default/OTC_Application_Reg/Page_PERKESO/1.username"), "faizal.hamid@perkeso.gov.my"): Text 'faizal.hamid@perkeso.gov.my' is set on object 'Object Repository/KeatMun/Form 7_default/OTC_Application_Reg/Page_PERKESO/1.username'

2019-02-18 17:00:37 - [MESSAGE][PASSED] - Text 'faizal.hamid@perkeso.gov.my' is set on object 'Object Repository/KeatMun/Form 7_default/OTC_Application_Reg/Page_PERKESO/1.username'

2019-02-18 17:00:37 - [TEST_STEP][PASSED] - delay(1): Delayed 1 second(s)

2019-02-18 17:00:38 - [MESSAGE][PASSED] - Delayed 1 second(s)

2019-02-18 17:00:38 - [TEST_STEP][PASSED] - setEncryptedText(findTestObject("KeatMun/Form 7_default/OTC_Application_Reg/Page_PERKESO/2.password"), "CQqwFZlbeC8="): Text ****** has been set on object 'Object Repository/KeatMun/Form 7_default/OTC_Application_Reg/Page_PERKESO/2.password'

2019-02-18 17:00:41 - [MESSAGE][PASSED] - Text ****** has been set on object 'Object Repository/KeatMun/Form 7_default/OTC_Application_Reg/Page_PERKESO/2.password'

2019-02-18 17:00:41 - [TEST_STEP][PASSED] - delay(2): Delayed 2 second(s)

2019-02-18 17:00:43 - [MESSAGE][PASSED] - Delayed 2 second(s)

2019-02-18 17:00:43 - [TEST_STEP][PASSED] - click(findTestObject("KeatMun/Form 7_default/OTC_Application_Reg/Page_PERKESO/3.login button")): Object: 'Object Repository/KeatMun/Form 7_default/OTC_Application_Reg/Page_PERKESO/3.login button' is clicked on

2019-02-18 17:00:46 - [MESSAGE][PASSED] - Object: 'Object Repository/KeatMun/Form 7_default/OTC_Application_Reg/Page_PERKESO/3.login button' is clicked on

2019-02-18 17:00:46 - [TEST_STEP][PASSED] - delay(2): Delayed 2 second(s)

2019-02-18 17:00:48 - [MESSAGE][PASSED] - Delayed 2 second(s)

2019-02-18 17:00:48 - [TEST_STEP][PASSED] - click(findTestObject("KeatMun/Form 7_default/OTC_Application_Reg/Page_PERKESO/4. Permohonan tab")): Object: 'Object Repository/KeatMun/Form 7_default/OTC_Application_Reg/Page_PERKESO/4. Permohonan tab' is clicked on

2019-02-18 17:00:50 - [MESSAGE][PASSED] - Object: 'Object Repository/KeatMun/Form 7_default/OTC_Application_Reg/Page_PERKESO/4. Permohonan tab' is clicked on

2019-02-18 17:00:50 - [TEST_STEP][PASSED] - delay(2): Delayed 2 second(s)

2019-02-18 17:00:52 - [MESSAGE][PASSED] - Delayed 2 second(s)

2019-02-18 17:00:52 - [TEST_STEP][PASSED] - click(findTestObject("KeatMun/Form 7_default/OTC_Application_Reg/Page_PERKESO/5.button_Setuju")): Object: 'Object Repository/KeatMun/Form 7_default/OTC_Application_Reg/Page_PERKESO/5.button_Setuju' is clicked on

2019-02-18 17:00:55 - [MESSAGE][PASSED] - Object: 'Object Repository/KeatMun/Form 7_default/OTC_Application_Reg/Page_PERKESO/5.button_Setuju' is clicked on

2019-02-18 17:00:55 - [TEST_STEP][PASSED] - delay(2): Delayed 2 second(s)

2019-02-18 17:00:57 - [MESSAGE][PASSED] - Delayed 2 second(s)

2019-02-18 17:00:57 - [TEST_STEP][PASSED] - IC = "950000140036": null

2019-02-18 17:00:57 - [TEST_STEP][PASSED] - setText(findTestObject("KeatMun/Form 7_default/OTC_Application_Reg/Page_PERKESO/6.No. Kad Pengenalan"), IC): Text '950000140036' is set on object 'Object Repository/KeatMun/Form 7_default/OTC_Application_Reg/Page_PERKESO/6.No. Kad Pengenalan'

2019-02-18 17:01:01 - [MESSAGE][PASSED] - Text '950000140036' is set on object 'Object Repository/KeatMun/Form 7_default/OTC_Application_Reg/Page_PERKESO/6.No. Kad Pengenalan'

2019-02-18 17:01:01 - [TEST_STEP][PASSED] - callTestCase(findTestCase("All TC/Arranged/1. Common/1.2 Setter/Setter IC"), [:], STOP_ON_FAILURE): Call Test Case 'Test Cases/All TC/Arranged/1. Common/1.2 Setter/Setter IC' successfully

2019-02-18 17:01:01 - [TEST_CASE][PASSED] - Test Cases/All TC/Arranged/1. Common/1.2 Setter/Setter IC: Test Cases/All TC/Arranged/1. Common/1.2 Setter/Setter IC

2019-02-18 17:01:01 - [TEST_STEP][PASSED] - RefNoOldFile = new java.io.File((internal.GlobalVariable.TextFilePathCommon + \getIC.txt)): null

2019-02-18 17:01:01 - [TEST_STEP][PASSED] - RefNoOldFile.delete(): null

2019-02-18 17:01:01 - [TEST_STEP][PASSED] - delay(5): Delayed 5 second(s)

2019-02-18 17:01:06 - [MESSAGE][PASSED] - Delayed 5 second(s)

2019-02-18 17:01:06 - [TEST_STEP][PASSED] - RefNo = new java.io.File((internal.GlobalVariable.TextFilePathCommon + \getIC.txt)): null

2019-02-18 17:01:06 - [TEST_STEP][PASSED] - f2 = new java.io.FileWriter(RefNo, false): null

2019-02-18 17:01:06 - [TEST_STEP][PASSED] - f2.write(IC): null

2019-02-18 17:01:06 - [TEST_STEP][PASSED] - f2.close(): null

2019-02-18 17:01:06 - [TEST_STEP][PASSED] - out.println("


" + IC + "


"): null

2019-02-18 17:01:06 - [MESSAGE][PASSED] - Call Test Case 'Test Cases/All TC/Arranged/1. Common/1.2 Setter/Setter IC' successfully

2019-02-18 17:01:06 - [TEST_STEP][PASSED] - delay(2): Delayed 2 second(s)

2019-02-18 17:01:08 - [MESSAGE][PASSED] - Delayed 2 second(s)

2019-02-18 17:01:08 - [TEST_STEP][PASSED] - click(findTestObject("KeatMun/Form 7_default/OTC_Application_Reg/Page_PERKESO/7.button_Semak")): Object: 'Object Repository/KeatMun/Form 7_default/OTC_Application_Reg/Page_PERKESO/7.button_Semak' is clicked on

2019-02-18 17:01:11 - [MESSAGE][PASSED] - Object: 'Object Repository/KeatMun/Form 7_default/OTC_Application_Reg/Page_PERKESO/7.button_Semak' is clicked on

2019-02-18 17:01:11 - [TEST_STEP][PASSED] - delay(4): Delayed 4 second(s)

2019-02-18 17:01:15 - [MESSAGE][PASSED] - Delayed 4 second(s)

2019-02-18 17:01:15 - [TEST_STEP][PASSED] - click(findTestObject("KeatMun/Form 7_default/OTC_Application_Reg/Page_PERKESO/8. Nama Majikan Dropdown")): Object: 'Object Repository/KeatMun/Form 7_default/OTC_Application_Reg/Page_PERKESO/8. Nama Majikan Dropdown' is clicked on

2019-02-18 17:01:17 - [MESSAGE][PASSED] - Object: 'Object Repository/KeatMun/Form 7_default/OTC_Application_Reg/Page_PERKESO/8. Nama Majikan Dropdown' is clicked on

2019-02-18 17:01:17 - [TEST_STEP][PASSED] - setText(findTestObject("KeatMun/Form 7_default/OTC_Application_Reg/Page_PERKESO/8. LOE emp"), "mon"): Text 'mon' is set on object 'Object Repository/KeatMun/Form 7_default/OTC_Application_Reg/Page_PERKESO/8. LOE emp'

2019-02-18 17:01:21 - [MESSAGE][PASSED] - Text 'mon' is set on object 'Object Repository/KeatMun/Form 7_default/OTC_Application_Reg/Page_PERKESO/8. LOE emp'

2019-02-18 17:01:21 - [TEST_STEP][PASSED] - click(findTestObject("KeatMun/Form 7_default/OTC_Application_Reg/Page_PERKESO/8. MONSOON MOTEL")): Object: 'Object Repository/KeatMun/Form 7_default/OTC_Application_Reg/Page_PERKESO/8. MONSOON MOTEL' is clicked on

2019-02-18 17:01:23 - [MESSAGE][PASSED] - Object: 'Object Repository/KeatMun/Form 7_default/OTC_Application_Reg/Page_PERKESO/8. MONSOON MOTEL' is clicked on

2019-02-18 17:01:23 - [TEST_STEP][PASSED] - delay(2): Delayed 2 second(s)

2019-02-18 17:01:25 - [MESSAGE][PASSED] - Delayed 2 second(s)

2019-02-18 17:01:25 - [TEST_STEP][PASSED] - setText(findTestObject("KeatMun/Form 7_default/OTC_Application_Reg/Page_PERKESO/9.Tarikh kehilangan pkj"), "10/01/2019"): Text '10/01/2019' is set on object 'Object Repository/KeatMun/Form 7_default/OTC_Application_Reg/Page_PERKESO/9.Tarikh kehilangan pkj'

2019-02-18 17:01:29 - [MESSAGE][PASSED] - Text '10/01/2019' is set on object 'Object Repository/KeatMun/Form 7_default/OTC_Application_Reg/Page_PERKESO/9.Tarikh kehilangan pkj'

2019-02-18 17:01:29 - [TEST_STEP][PASSED] - delay(2): Delayed 2 second(s)

2019-02-18 17:01:31 - [MESSAGE][PASSED] - Delayed 2 second(s)

2019-02-18 17:01:31 - [TEST_STEP][PASSED] - click(findTestObject("KeatMun/Form 7_default/OTC_Application_Reg/Page_PERKESO/9. Date Picker Done Button ")): Object: 'Object Repository/KeatMun/Form 7_default/OTC_Application_Reg/Page_PERKESO/9. Date Picker Done Button ' is clicked on

2019-02-18 17:01:34 - [MESSAGE][PASSED] - Object: 'Object Repository/KeatMun/Form 7_default/OTC_Application_Reg/Page_PERKESO/9. Date Picker Done Button ' is clicked on

2019-02-18 17:01:34 - [TEST_STEP][PASSED] - delay(2): Delayed 2 second(s)

2019-02-18 17:01:36 - [MESSAGE][PASSED] - Delayed 2 second(s)

2019-02-18 17:01:36 - [TEST_STEP][PASSED] - click(findTestObject("KeatMun/Form 7_default/OTC_Application_Reg/Page_PERKESO/10.button_Mohon")): Object: 'Object Repository/KeatMun/Form 7_default/OTC_Application_Reg/Page_PERKESO/10.button_Mohon' is clicked on

2019-02-18 17:01:38 - [MESSAGE][PASSED] - Object: 'Object Repository/KeatMun/Form 7_default/OTC_Application_Reg/Page_PERKESO/10.button_Mohon' is clicked on

2019-02-18 17:01:38 - [TEST_STEP][PASSED] - delay(2): Delayed 2 second(s)

2019-02-18 17:01:40 - [MESSAGE][PASSED] - Delayed 2 second(s)

2019-02-18 17:01:40 - [TEST_STEP][FAILED] - setText(findTestObject("KeatMun/Form 7_default/OTC_Application_Reg/Page_PERKESO/11.Tarikh Terima_stampedDtS"), "10/01/2019"): setText(findTestObject("KeatMun/Form 7_default/OTC_Application_Reg/Page_PERKESO/11.Tarikh Terima_stampedDtS"), "10/01/2019") FAILED.
Reason:
com.kms.katalon.core.exception.StepFailedException: Unable to set text '10/01/2019' of object 'Object Repository/KeatMun/Form 7_default/OTC_Application_Reg/Page_PERKESO/11.Tarikh Terima_stampedDtS' (Root cause: com.kms.katalon.core.webui.exception.WebElementNotFoundException: Web element with id: 'Object Repository/KeatMun/Form 7_default/OTC_Application_Reg/Page_PERKESO/11.Tarikh Terima_stampedDtS' located by 'By.xpath: //input[@id = 'stampedDtStr' and @name = 'stampedDtStr' and @type = 'text']' not found)
	at com.kms.katalon.core.keyword.internal.KeywordMain.stepFailed(KeywordMain.groovy:36)
	at com.kms.katalon.core.webui.keyword.internal.WebUIKeywordMain.stepFailed(WebUIKeywordMain.groovy:65)
	at com.kms.katalon.core.webui.keyword.internal.WebUIKeywordMain.runKeyword(WebUIKeywordMain.groovy:27)
	at com.kms.katalon.core.webui.keyword.builtin.SetTextKeyword.setText(SetTextKeyword.groovy:65)
	at com.kms.katalon.core.webui.keyword.builtin.SetTextKeyword.execute(SetTextKeyword.groovy:37)
	at com.kms.katalon.core.keyword.internal.KeywordExecutor.executeKeywordForPlatform(KeywordExecutor.groovy:53)
	at com.kms.katalon.core.webui.keyword.WebUiBuiltInKeywords.setText(WebUiBuiltInKeywords.groovy:950)
	at com.kms.katalon.core.webui.keyword.WebUiBuiltInKeywords$setText$1.call(Unknown Source)
	at OTC_Application_Reg.run(OTC_Application_Reg:74)
	at com.kms.katalon.core.main.ScriptEngine.run(ScriptEngine.java:194)
	at com.kms.katalon.core.main.ScriptEngine.runScriptAsRawText(ScriptEngine.java:119)
	at com.kms.katalon.core.main.TestCaseExecutor.runScript(TestCaseExecutor.java:328)
	at com.kms.katalon.core.main.TestCaseExecutor.doExecute(TestCaseExecutor.java:319)
	at com.kms.katalon.core.main.TestCaseExecutor.processExecutionPhase(TestCaseExecutor.java:298)
	at com.kms.katalon.core.main.TestCaseExecutor.accessMainPhase(TestCaseExecutor.java:290)
	at com.kms.katalon.core.main.TestCaseExecutor.execute(TestCaseExecutor.java:224)
	at com.kms.katalon.core.main.TestCaseMain.runTestCase(TestCaseMain.java:106)
	at com.kms.katalon.core.keyword.builtin.CallTestCaseKeyword$_callTestCase_closure1.doCall(CallTestCaseKeyword.groovy:59)
	at com.kms.katalon.core.keyword.builtin.CallTestCaseKeyword$_callTestCase_closure1.call(CallTestCaseKeyword.groovy)
	at com.kms.katalon.core.keyword.internal.KeywordMain.runKeyword(KeywordMain.groovy:54)
	at com.kms.katalon.core.keyword.builtin.CallTestCaseKeyword.callTestCase(CallTestCaseKeyword.groovy:80)
	at com.kms.katalon.core.keyword.builtin.CallTestCaseKeyword.execute(CallTestCaseKeyword.groovy:44)
	at com.kms.katalon.core.keyword.internal.KeywordExecutor.executeKeywordForPlatform(KeywordExecutor.groovy:53)
	at com.kms.katalon.core.keyword.BuiltinKeywords.callTestCase(BuiltinKeywords.groovy:334)
	at OTC_Submit Form 7_End to End - Cheque.run(OTC_Submit Form 7_End to End - Cheque:16)
	at com.kms.katalon.core.main.ScriptEngine.run(ScriptEngine.java:194)
	at com.kms.katalon.core.main.ScriptEngine.runScriptAsRawText(ScriptEngine.java:119)
	at com.kms.katalon.core.main.TestCaseExecutor.runScript(TestCaseExecutor.java:328)
	at com.kms.katalon.core.main.TestCaseExecutor.doExecute(TestCaseExecutor.java:319)
	at com.kms.katalon.core.main.TestCaseExecutor.processExecutionPhase(TestCaseExecutor.java:298)
	at com.kms.katalon.core.main.TestCaseExecutor.accessMainPhase(TestCaseExecutor.java:290)
	at com.kms.katalon.core.main.TestCaseExecutor.execute(TestCaseExecutor.java:224)
	at com.kms.katalon.core.main.TestCaseMain.runTestCase(TestCaseMain.java:106)
	at com.kms.katalon.core.keyword.builtin.CallTestCaseKeyword$_callTestCase_closure1.doCall(CallTestCaseKeyword.groovy:59)
	at com.kms.katalon.core.keyword.builtin.CallTestCaseKeyword$_callTestCase_closure1.call(CallTestCaseKeyword.groovy)
	at com.kms.katalon.core.keyword.internal.KeywordMain.runKeyword(KeywordMain.groovy:54)
	at com.kms.katalon.core.keyword.builtin.CallTestCaseKeyword.callTestCase(CallTestCaseKeyword.groovy:80)
	at com.kms.katalon.core.keyword.builtin.CallTestCaseKeyword.execute(CallTestCaseKeyword.groovy:44)
	at com.kms.katalon.core.keyword.internal.KeywordExecutor.executeKeywordForPlatform(KeywordExecutor.groovy:53)
	at com.kms.katalon.core.keyword.BuiltinKeywords.callTestCase(BuiltinKeywords.groovy:334)
	at Approve Application - RIA.run(Approve Application - RIA:16)
	at com.kms.katalon.core.main.ScriptEngine.run(ScriptEngine.java:194)
	at com.kms.katalon.core.main.ScriptEngine.runScriptAsRawText(ScriptEngine.java:119)
	at com.kms.katalon.core.main.TestCaseExecutor.runScript(TestCaseExecutor.java:328)
	at com.kms.katalon.core.main.TestCaseExecutor.doExecute(TestCaseExecutor.java:319)
	at com.kms.katalon.core.main.TestCaseExecutor.processExecutionPhase(TestCaseExecutor.java:298)
	at com.kms.katalon.core.main.TestCaseExecutor.accessMainPhase(TestCaseExecutor.java:290)
	at com.kms.katalon.core.main.TestCaseExecutor.execute(TestCaseExecutor.java:224)
	at com.kms.katalon.core.main.TestSuiteExecutor.accessTestCaseMainPhase(TestSuiteExecutor.java:129)
	at com.kms.katalon.core.main.TestSuiteExecutor.accessTestSuiteMainPhase(TestSuiteExecutor.java:112)
	at com.kms.katalon.core.main.TestSuiteExecutor.execute(TestSuiteExecutor.java:81)
	at com.kms.katalon.core.main.TestCaseMain.startTestSuite(TestCaseMain.java:149)
	at com.kms.katalon.core.main.TestCaseMain$startTestSuite$0.call(Unknown Source)
	at TempTestSuite1550476757023.run(TempTestSuite1550476757023.groovy:36)


2019-02-18 17:02:10 - [MESSAGE][INFO] - Unable to find the element located by 'By.xpath: //input[@id = 'stampedDtStr' and @name = 'stampedDtStr' and @type = 'text']'. Please recheck the objects properties to make sure the desired element is located. 

2019-02-18 17:02:12 - [MESSAGE][FAILED] - Unable to set text '10/01/2019' of object 'Object Repository/KeatMun/Form 7_default/OTC_Application_Reg/Page_PERKESO/11.Tarikh Terima_stampedDtS' (Root cause: com.kms.katalon.core.webui.exception.WebElementNotFoundException: Web element with id: 'Object Repository/KeatMun/Form 7_default/OTC_Application_Reg/Page_PERKESO/11.Tarikh Terima_stampedDtS' located by 'By.xpath: //input[@id = 'stampedDtStr' and @name = 'stampedDtStr' and @type = 'text']' not found)
[[ATTACHMENT|C:\\Users\\Admin\\Documents\\GitHub\\PKSKatalon\\PKS-EI-ES\\Reports\\New Test Suite\\20190218_155917\\1550480530567.png]]

2019-02-18 17:02:12 - [MESSAGE][FAILED] - setText(findTestObject("KeatMun/Form 7_default/OTC_Application_Reg/Page_PERKESO/11.Tarikh Terima_stampedDtS"), "10/01/2019") FAILED.
Reason:
com.kms.katalon.core.exception.StepFailedException: Unable to set text '10/01/2019' of object 'Object Repository/KeatMun/Form 7_default/OTC_Application_Reg/Page_PERKESO/11.Tarikh Terima_stampedDtS' (Root cause: com.kms.katalon.core.webui.exception.WebElementNotFoundException: Web element with id: 'Object Repository/KeatMun/Form 7_default/OTC_Application_Reg/Page_PERKESO/11.Tarikh Terima_stampedDtS' located by 'By.xpath: //input[@id = 'stampedDtStr' and @name = 'stampedDtStr' and @type = 'text']' not found)
	at com.kms.katalon.core.keyword.internal.KeywordMain.stepFailed(KeywordMain.groovy:36)
	at com.kms.katalon.core.webui.keyword.internal.WebUIKeywordMain.stepFailed(WebUIKeywordMain.groovy:65)
	at com.kms.katalon.core.webui.keyword.internal.WebUIKeywordMain.runKeyword(WebUIKeywordMain.groovy:27)
	at com.kms.katalon.core.webui.keyword.builtin.SetTextKeyword.setText(SetTextKeyword.groovy:65)
	at com.kms.katalon.core.webui.keyword.builtin.SetTextKeyword.execute(SetTextKeyword.groovy:37)
	at com.kms.katalon.core.keyword.internal.KeywordExecutor.executeKeywordForPlatform(KeywordExecutor.groovy:53)
	at com.kms.katalon.core.webui.keyword.WebUiBuiltInKeywords.setText(WebUiBuiltInKeywords.groovy:950)
	at com.kms.katalon.core.webui.keyword.WebUiBuiltInKeywords$setText$1.call(Unknown Source)
	at OTC_Application_Reg.run(OTC_Application_Reg:74)
	at com.kms.katalon.core.main.ScriptEngine.run(ScriptEngine.java:194)
	at com.kms.katalon.core.main.ScriptEngine.runScriptAsRawText(ScriptEngine.java:119)
	at com.kms.katalon.core.main.TestCaseExecutor.runScript(TestCaseExecutor.java:328)
	at com.kms.katalon.core.main.TestCaseExecutor.doExecute(TestCaseExecutor.java:319)
	at com.kms.katalon.core.main.TestCaseExecutor.processExecutionPhase(TestCaseExecutor.java:298)
	at com.kms.katalon.core.main.TestCaseExecutor.accessMainPhase(TestCaseExecutor.java:290)
	at com.kms.katalon.core.main.TestCaseExecutor.execute(TestCaseExecutor.java:224)
	at com.kms.katalon.core.main.TestCaseMain.runTestCase(TestCaseMain.java:106)
	at com.kms.katalon.core.keyword.builtin.CallTestCaseKeyword$_callTestCase_closure1.doCall(CallTestCaseKeyword.groovy:59)
	at com.kms.katalon.core.keyword.builtin.CallTestCaseKeyword$_callTestCase_closure1.call(CallTestCaseKeyword.groovy)
	at com.kms.katalon.core.keyword.internal.KeywordMain.runKeyword(KeywordMain.groovy:54)
	at com.kms.katalon.core.keyword.builtin.CallTestCaseKeyword.callTestCase(CallTestCaseKeyword.groovy:80)
	at com.kms.katalon.core.keyword.builtin.CallTestCaseKeyword.execute(CallTestCaseKeyword.groovy:44)
	at com.kms.katalon.core.keyword.internal.KeywordExecutor.executeKeywordForPlatform(KeywordExecutor.groovy:53)
	at com.kms.katalon.core.keyword.BuiltinKeywords.callTestCase(BuiltinKeywords.groovy:334)
	at OTC_Submit Form 7_End to End - Cheque.run(OTC_Submit Form 7_End to End - Cheque:16)
	at com.kms.katalon.core.main.ScriptEngine.run(ScriptEngine.java:194)
	at com.kms.katalon.core.main.ScriptEngine.runScriptAsRawText(ScriptEngine.java:119)
	at com.kms.katalon.core.main.TestCaseExecutor.runScript(TestCaseExecutor.java:328)
	at com.kms.katalon.core.main.TestCaseExecutor.doExecute(TestCaseExecutor.java:319)
	at com.kms.katalon.core.main.TestCaseExecutor.processExecutionPhase(TestCaseExecutor.java:298)
	at com.kms.katalon.core.main.TestCaseExecutor.accessMainPhase(TestCaseExecutor.java:290)
	at com.kms.katalon.core.main.TestCaseExecutor.execute(TestCaseExecutor.java:224)
	at com.kms.katalon.core.main.TestCaseMain.runTestCase(TestCaseMain.java:106)
	at com.kms.katalon.core.keyword.builtin.CallTestCaseKeyword$_callTestCase_closure1.doCall(CallTestCaseKeyword.groovy:59)
	at com.kms.katalon.core.keyword.builtin.CallTestCaseKeyword$_callTestCase_closure1.call(CallTestCaseKeyword.groovy)
	at com.kms.katalon.core.keyword.internal.KeywordMain.runKeyword(KeywordMain.groovy:54)
	at com.kms.katalon.core.keyword.builtin.CallTestCaseKeyword.callTestCase(CallTestCaseKeyword.groovy:80)
	at com.kms.katalon.core.keyword.builtin.CallTestCaseKeyword.execute(CallTestCaseKeyword.groovy:44)
	at com.kms.katalon.core.keyword.internal.KeywordExecutor.executeKeywordForPlatform(KeywordExecutor.groovy:53)
	at com.kms.katalon.core.keyword.BuiltinKeywords.callTestCase(BuiltinKeywords.groovy:334)
	at Approve Application - RIA.run(Approve Application - RIA:16)
	at com.kms.katalon.core.main.ScriptEngine.run(ScriptEngine.java:194)
	at com.kms.katalon.core.main.ScriptEngine.runScriptAsRawText(ScriptEngine.java:119)
	at com.kms.katalon.core.main.TestCaseExecutor.runScript(TestCaseExecutor.java:328)
	at com.kms.katalon.core.main.TestCaseExecutor.doExecute(TestCaseExecutor.java:319)
	at com.kms.katalon.core.main.TestCaseExecutor.processExecutionPhase(TestCaseExecutor.java:298)
	at com.kms.katalon.core.main.TestCaseExecutor.accessMainPhase(TestCaseExecutor.java:290)
	at com.kms.katalon.core.main.TestCaseExecutor.execute(TestCaseExecutor.java:224)
	at com.kms.katalon.core.main.TestSuiteExecutor.accessTestCaseMainPhase(TestSuiteExecutor.java:129)
	at com.kms.katalon.core.main.TestSuiteExecutor.accessTestSuiteMainPhase(TestSuiteExecutor.java:112)
	at com.kms.katalon.core.main.TestSuiteExecutor.execute(TestSuiteExecutor.java:81)
	at com.kms.katalon.core.main.TestCaseMain.startTestSuite(TestCaseMain.java:149)
	at com.kms.katalon.core.main.TestCaseMain$startTestSuite$0.call(Unknown Source)
	at TempTestSuite1550476757023.run(TempTestSuite1550476757023.groovy:36)


2019-02-18 17:02:12 - [MESSAGE][FAILED] - Unable to call Test Case 'Test Cases/All TC/Arranged/3. Unit/EI/Form 7_default/OTC_Application_Reg' (Root cause: com.kms.katalon.core.exception.StepFailedException: Call Test Case 'Test Cases/All TC/Arranged/3. Unit/EI/Form 7_default/OTC_Application_Reg' failed)

2019-02-18 17:02:12 - [MESSAGE][FAILED] - callTestCase(findTestCase("All TC/Arranged/3. Unit/EI/Form 7_default/OTC_Application_Reg"), [:], STOP_ON_FAILURE) FAILED.
Reason:
com.kms.katalon.core.exception.StepFailedException: Unable to set text '10/01/2019' of object 'Object Repository/KeatMun/Form 7_default/OTC_Application_Reg/Page_PERKESO/11.Tarikh Terima_stampedDtS' (Root cause: com.kms.katalon.core.webui.exception.WebElementNotFoundException: Web element with id: 'Object Repository/KeatMun/Form 7_default/OTC_Application_Reg/Page_PERKESO/11.Tarikh Terima_stampedDtS' located by 'By.xpath: //input[@id = 'stampedDtStr' and @name = 'stampedDtStr' and @type = 'text']' not found)
	at com.kms.katalon.core.keyword.internal.KeywordMain.stepFailed(KeywordMain.groovy:36)
	at com.kms.katalon.core.webui.keyword.internal.WebUIKeywordMain.stepFailed(WebUIKeywordMain.groovy:65)
	at com.kms.katalon.core.webui.keyword.internal.WebUIKeywordMain.runKeyword(WebUIKeywordMain.groovy:27)
	at com.kms.katalon.core.webui.keyword.builtin.SetTextKeyword.setText(SetTextKeyword.groovy:65)
	at com.kms.katalon.core.webui.keyword.builtin.SetTextKeyword.execute(SetTextKeyword.groovy:37)
	at com.kms.katalon.core.keyword.internal.KeywordExecutor.executeKeywordForPlatform(KeywordExecutor.groovy:53)
	at com.kms.katalon.core.webui.keyword.WebUiBuiltInKeywords.setText(WebUiBuiltInKeywords.groovy:950)
	at com.kms.katalon.core.webui.keyword.WebUiBuiltInKeywords$setText$1.call(Unknown Source)
	at OTC_Application_Reg.run(OTC_Application_Reg:74)
	at com.kms.katalon.core.main.ScriptEngine.run(ScriptEngine.java:194)
	at com.kms.katalon.core.main.ScriptEngine.runScriptAsRawText(ScriptEngine.java:119)
	at com.kms.katalon.core.main.TestCaseExecutor.runScript(TestCaseExecutor.java:328)
	at com.kms.katalon.core.main.TestCaseExecutor.doExecute(TestCaseExecutor.java:319)
	at com.kms.katalon.core.main.TestCaseExecutor.processExecutionPhase(TestCaseExecutor.java:298)
	at com.kms.katalon.core.main.TestCaseExecutor.accessMainPhase(TestCaseExecutor.java:290)
	at com.kms.katalon.core.main.TestCaseExecutor.execute(TestCaseExecutor.java:224)
	at com.kms.katalon.core.main.TestCaseMain.runTestCase(TestCaseMain.java:106)
	at com.kms.katalon.core.keyword.builtin.CallTestCaseKeyword$_callTestCase_closure1.doCall(CallTestCaseKeyword.groovy:59)
	at com.kms.katalon.core.keyword.builtin.CallTestCaseKeyword$_callTestCase_closure1.call(CallTestCaseKeyword.groovy)
	at com.kms.katalon.core.keyword.internal.KeywordMain.runKeyword(KeywordMain.groovy:54)
	at com.kms.katalon.core.keyword.builtin.CallTestCaseKeyword.callTestCase(CallTestCaseKeyword.groovy:80)
	at com.kms.katalon.core.keyword.builtin.CallTestCaseKeyword.execute(CallTestCaseKeyword.groovy:44)
	at com.kms.katalon.core.keyword.internal.KeywordExecutor.executeKeywordForPlatform(KeywordExecutor.groovy:53)
	at com.kms.katalon.core.keyword.BuiltinKeywords.callTestCase(BuiltinKeywords.groovy:334)
	at OTC_Submit Form 7_End to End - Cheque.run(OTC_Submit Form 7_End to End - Cheque:16)
	at com.kms.katalon.core.main.ScriptEngine.run(ScriptEngine.java:194)
	at com.kms.katalon.core.main.ScriptEngine.runScriptAsRawText(ScriptEngine.java:119)
	at com.kms.katalon.core.main.TestCaseExecutor.runScript(TestCaseExecutor.java:328)
	at com.kms.katalon.core.main.TestCaseExecutor.doExecute(TestCaseExecutor.java:319)
	at com.kms.katalon.core.main.TestCaseExecutor.processExecutionPhase(TestCaseExecutor.java:298)
	at com.kms.katalon.core.main.TestCaseExecutor.accessMainPhase(TestCaseExecutor.java:290)
	at com.kms.katalon.core.main.TestCaseExecutor.execute(TestCaseExecutor.java:224)
	at com.kms.katalon.core.main.TestCaseMain.runTestCase(TestCaseMain.java:106)
	at com.kms.katalon.core.keyword.builtin.CallTestCaseKeyword$_callTestCase_closure1.doCall(CallTestCaseKeyword.groovy:59)
	at com.kms.katalon.core.keyword.builtin.CallTestCaseKeyword$_callTestCase_closure1.call(CallTestCaseKeyword.groovy)
	at com.kms.katalon.core.keyword.internal.KeywordMain.runKeyword(KeywordMain.groovy:54)
	at com.kms.katalon.core.keyword.builtin.CallTestCaseKeyword.callTestCase(CallTestCaseKeyword.groovy:80)
	at com.kms.katalon.core.keyword.builtin.CallTestCaseKeyword.execute(CallTestCaseKeyword.groovy:44)
	at com.kms.katalon.core.keyword.internal.KeywordExecutor.executeKeywordForPlatform(KeywordExecutor.groovy:53)
	at com.kms.katalon.core.keyword.BuiltinKeywords.callTestCase(BuiltinKeywords.groovy:334)
	at Approve Application - RIA.run(Approve Application - RIA:16)
	at com.kms.katalon.core.main.ScriptEngine.run(ScriptEngine.java:194)
	at com.kms.katalon.core.main.ScriptEngine.runScriptAsRawText(ScriptEngine.java:119)
	at com.kms.katalon.core.main.TestCaseExecutor.runScript(TestCaseExecutor.java:328)
	at com.kms.katalon.core.main.TestCaseExecutor.doExecute(TestCaseExecutor.java:319)
	at com.kms.katalon.core.main.TestCaseExecutor.processExecutionPhase(TestCaseExecutor.java:298)
	at com.kms.katalon.core.main.TestCaseExecutor.accessMainPhase(TestCaseExecutor.java:290)
	at com.kms.katalon.core.main.TestCaseExecutor.execute(TestCaseExecutor.java:224)
	at com.kms.katalon.core.main.TestSuiteExecutor.accessTestCaseMainPhase(TestSuiteExecutor.java:129)
	at com.kms.katalon.core.main.TestSuiteExecutor.accessTestSuiteMainPhase(TestSuiteExecutor.java:112)
	at com.kms.katalon.core.main.TestSuiteExecutor.execute(TestSuiteExecutor.java:81)
	at com.kms.katalon.core.main.TestCaseMain.startTestSuite(TestCaseMain.java:149)
	at com.kms.katalon.core.main.TestCaseMain$startTestSuite$0.call(Unknown Source)
	at TempTestSuite1550476757023.run(TempTestSuite1550476757023.groovy:36)


2019-02-18 17:02:13 - [MESSAGE][FAILED] - Unable to call Test Case 'Test Cases/All TC/Arranged/2. Segment/OTC_Submit Form 7_End to End - Cheque' (Root cause: com.kms.katalon.core.exception.StepFailedException: Call Test Case 'Test Cases/All TC/Arranged/2. Segment/OTC_Submit Form 7_End to End - Cheque' failed)

2019-02-18 17:02:13 - [MESSAGE][FAILED] - callTestCase(findTestCase("All TC/Arranged/2. Segment/OTC_Submit Form 7_End to End - Cheque"), [:], STOP_ON_FAILURE) FAILED.
Reason:
com.kms.katalon.core.exception.StepFailedException: Unable to set text '10/01/2019' of object 'Object Repository/KeatMun/Form 7_default/OTC_Application_Reg/Page_PERKESO/11.Tarikh Terima_stampedDtS' (Root cause: com.kms.katalon.core.webui.exception.WebElementNotFoundException: Web element with id: 'Object Repository/KeatMun/Form 7_default/OTC_Application_Reg/Page_PERKESO/11.Tarikh Terima_stampedDtS' located by 'By.xpath: //input[@id = 'stampedDtStr' and @name = 'stampedDtStr' and @type = 'text']' not found)
	at com.kms.katalon.core.keyword.internal.KeywordMain.stepFailed(KeywordMain.groovy:36)
	at com.kms.katalon.core.webui.keyword.internal.WebUIKeywordMain.stepFailed(WebUIKeywordMain.groovy:65)
	at com.kms.katalon.core.webui.keyword.internal.WebUIKeywordMain.runKeyword(WebUIKeywordMain.groovy:27)
	at com.kms.katalon.core.webui.keyword.builtin.SetTextKeyword.setText(SetTextKeyword.groovy:65)
	at com.kms.katalon.core.webui.keyword.builtin.SetTextKeyword.execute(SetTextKeyword.groovy:37)
	at com.kms.katalon.core.keyword.internal.KeywordExecutor.executeKeywordForPlatform(KeywordExecutor.groovy:53)
	at com.kms.katalon.core.webui.keyword.WebUiBuiltInKeywords.setText(WebUiBuiltInKeywords.groovy:950)
	at com.kms.katalon.core.webui.keyword.WebUiBuiltInKeywords$setText$1.call(Unknown Source)
	at OTC_Application_Reg.run(OTC_Application_Reg:74)
	at com.kms.katalon.core.main.ScriptEngine.run(ScriptEngine.java:194)
	at com.kms.katalon.core.main.ScriptEngine.runScriptAsRawText(ScriptEngine.java:119)
	at com.kms.katalon.core.main.TestCaseExecutor.runScript(TestCaseExecutor.java:328)
	at com.kms.katalon.core.main.TestCaseExecutor.doExecute(TestCaseExecutor.java:319)
	at com.kms.katalon.core.main.TestCaseExecutor.processExecutionPhase(TestCaseExecutor.java:298)
	at com.kms.katalon.core.main.TestCaseExecutor.accessMainPhase(TestCaseExecutor.java:290)
	at com.kms.katalon.core.main.TestCaseExecutor.execute(TestCaseExecutor.java:224)
	at com.kms.katalon.core.main.TestCaseMain.runTestCase(TestCaseMain.java:106)
	at com.kms.katalon.core.keyword.builtin.CallTestCaseKeyword$_callTestCase_closure1.doCall(CallTestCaseKeyword.groovy:59)
	at com.kms.katalon.core.keyword.builtin.CallTestCaseKeyword$_callTestCase_closure1.call(CallTestCaseKeyword.groovy)
	at com.kms.katalon.core.keyword.internal.KeywordMain.runKeyword(KeywordMain.groovy:54)
	at com.kms.katalon.core.keyword.builtin.CallTestCaseKeyword.callTestCase(CallTestCaseKeyword.groovy:80)
	at com.kms.katalon.core.keyword.builtin.CallTestCaseKeyword.execute(CallTestCaseKeyword.groovy:44)
	at com.kms.katalon.core.keyword.internal.KeywordExecutor.executeKeywordForPlatform(KeywordExecutor.groovy:53)
	at com.kms.katalon.core.keyword.BuiltinKeywords.callTestCase(BuiltinKeywords.groovy:334)
	at OTC_Submit Form 7_End to End - Cheque.run(OTC_Submit Form 7_End to End - Cheque:16)
	at com.kms.katalon.core.main.ScriptEngine.run(ScriptEngine.java:194)
	at com.kms.katalon.core.main.ScriptEngine.runScriptAsRawText(ScriptEngine.java:119)
	at com.kms.katalon.core.main.TestCaseExecutor.runScript(TestCaseExecutor.java:328)
	at com.kms.katalon.core.main.TestCaseExecutor.doExecute(TestCaseExecutor.java:319)
	at com.kms.katalon.core.main.TestCaseExecutor.processExecutionPhase(TestCaseExecutor.java:298)
	at com.kms.katalon.core.main.TestCaseExecutor.accessMainPhase(TestCaseExecutor.java:290)
	at com.kms.katalon.core.main.TestCaseExecutor.execute(TestCaseExecutor.java:224)
	at com.kms.katalon.core.main.TestCaseMain.runTestCase(TestCaseMain.java:106)
	at com.kms.katalon.core.keyword.builtin.CallTestCaseKeyword$_callTestCase_closure1.doCall(CallTestCaseKeyword.groovy:59)
	at com.kms.katalon.core.keyword.builtin.CallTestCaseKeyword$_callTestCase_closure1.call(CallTestCaseKeyword.groovy)
	at com.kms.katalon.core.keyword.internal.KeywordMain.runKeyword(KeywordMain.groovy:54)
	at com.kms.katalon.core.keyword.builtin.CallTestCaseKeyword.callTestCase(CallTestCaseKeyword.groovy:80)
	at com.kms.katalon.core.keyword.builtin.CallTestCaseKeyword.execute(CallTestCaseKeyword.groovy:44)
	at com.kms.katalon.core.keyword.internal.KeywordExecutor.executeKeywordForPlatform(KeywordExecutor.groovy:53)
	at com.kms.katalon.core.keyword.BuiltinKeywords.callTestCase(BuiltinKeywords.groovy:334)
	at Approve Application - RIA.run(Approve Application - RIA:16)
	at com.kms.katalon.core.main.ScriptEngine.run(ScriptEngine.java:194)
	at com.kms.katalon.core.main.ScriptEngine.runScriptAsRawText(ScriptEngine.java:119)
	at com.kms.katalon.core.main.TestCaseExecutor.runScript(TestCaseExecutor.java:328)
	at com.kms.katalon.core.main.TestCaseExecutor.doExecute(TestCaseExecutor.java:319)
	at com.kms.katalon.core.main.TestCaseExecutor.processExecutionPhase(TestCaseExecutor.java:298)
	at com.kms.katalon.core.main.TestCaseExecutor.accessMainPhase(TestCaseExecutor.java:290)
	at com.kms.katalon.core.main.TestCaseExecutor.execute(TestCaseExecutor.java:224)
	at com.kms.katalon.core.main.TestSuiteExecutor.accessTestCaseMainPhase(TestSuiteExecutor.java:129)
	at com.kms.katalon.core.main.TestSuiteExecutor.accessTestSuiteMainPhase(TestSuiteExecutor.java:112)
	at com.kms.katalon.core.main.TestSuiteExecutor.execute(TestSuiteExecutor.java:81)
	at com.kms.katalon.core.main.TestCaseMain.startTestSuite(TestCaseMain.java:149)
	at com.kms.katalon.core.main.TestCaseMain$startTestSuite$0.call(Unknown Source)
	at TempTestSuite1550476757023.run(TempTestSuite1550476757023.groovy:36)]]></system-out>
         <system-err><![CDATA[2019-02-18 17:00:21 - [TEST_CASE][FAILED] - Test Cases/All TC/Arranged/0. Full Flow/Approve Application - RIA: Test Cases/All TC/Arranged/0. Full Flow/Approve Application - RIA FAILED.
Reason:
com.kms.katalon.core.exception.StepFailedException: Unable to set text '10/01/2019' of object 'Object Repository/KeatMun/Form 7_default/OTC_Application_Reg/Page_PERKESO/11.Tarikh Terima_stampedDtS' (Root cause: com.kms.katalon.core.webui.exception.WebElementNotFoundException: Web element with id: 'Object Repository/KeatMun/Form 7_default/OTC_Application_Reg/Page_PERKESO/11.Tarikh Terima_stampedDtS' located by 'By.xpath: //input[@id = 'stampedDtStr' and @name = 'stampedDtStr' and @type = 'text']' not found)
	at com.kms.katalon.core.keyword.internal.KeywordMain.stepFailed(KeywordMain.groovy:36)
	at com.kms.katalon.core.webui.keyword.internal.WebUIKeywordMain.stepFailed(WebUIKeywordMain.groovy:65)
	at com.kms.katalon.core.webui.keyword.internal.WebUIKeywordMain.runKeyword(WebUIKeywordMain.groovy:27)
	at com.kms.katalon.core.webui.keyword.builtin.SetTextKeyword.setText(SetTextKeyword.groovy:65)
	at com.kms.katalon.core.webui.keyword.builtin.SetTextKeyword.execute(SetTextKeyword.groovy:37)
	at com.kms.katalon.core.keyword.internal.KeywordExecutor.executeKeywordForPlatform(KeywordExecutor.groovy:53)
	at com.kms.katalon.core.webui.keyword.WebUiBuiltInKeywords.setText(WebUiBuiltInKeywords.groovy:950)
	at com.kms.katalon.core.webui.keyword.WebUiBuiltInKeywords$setText$1.call(Unknown Source)
	at OTC_Application_Reg.run(OTC_Application_Reg:74)
	at com.kms.katalon.core.main.ScriptEngine.run(ScriptEngine.java:194)
	at com.kms.katalon.core.main.ScriptEngine.runScriptAsRawText(ScriptEngine.java:119)
	at com.kms.katalon.core.main.TestCaseExecutor.runScript(TestCaseExecutor.java:328)
	at com.kms.katalon.core.main.TestCaseExecutor.doExecute(TestCaseExecutor.java:319)
	at com.kms.katalon.core.main.TestCaseExecutor.processExecutionPhase(TestCaseExecutor.java:298)
	at com.kms.katalon.core.main.TestCaseExecutor.accessMainPhase(TestCaseExecutor.java:290)
	at com.kms.katalon.core.main.TestCaseExecutor.execute(TestCaseExecutor.java:224)
	at com.kms.katalon.core.main.TestCaseMain.runTestCase(TestCaseMain.java:106)
	at com.kms.katalon.core.keyword.builtin.CallTestCaseKeyword$_callTestCase_closure1.doCall(CallTestCaseKeyword.groovy:59)
	at com.kms.katalon.core.keyword.builtin.CallTestCaseKeyword$_callTestCase_closure1.call(CallTestCaseKeyword.groovy)
	at com.kms.katalon.core.keyword.internal.KeywordMain.runKeyword(KeywordMain.groovy:54)
	at com.kms.katalon.core.keyword.builtin.CallTestCaseKeyword.callTestCase(CallTestCaseKeyword.groovy:80)
	at com.kms.katalon.core.keyword.builtin.CallTestCaseKeyword.execute(CallTestCaseKeyword.groovy:44)
	at com.kms.katalon.core.keyword.internal.KeywordExecutor.executeKeywordForPlatform(KeywordExecutor.groovy:53)
	at com.kms.katalon.core.keyword.BuiltinKeywords.callTestCase(BuiltinKeywords.groovy:334)
	at OTC_Submit Form 7_End to End - Cheque.run(OTC_Submit Form 7_End to End - Cheque:16)
	at com.kms.katalon.core.main.ScriptEngine.run(ScriptEngine.java:194)
	at com.kms.katalon.core.main.ScriptEngine.runScriptAsRawText(ScriptEngine.java:119)
	at com.kms.katalon.core.main.TestCaseExecutor.runScript(TestCaseExecutor.java:328)
	at com.kms.katalon.core.main.TestCaseExecutor.doExecute(TestCaseExecutor.java:319)
	at com.kms.katalon.core.main.TestCaseExecutor.processExecutionPhase(TestCaseExecutor.java:298)
	at com.kms.katalon.core.main.TestCaseExecutor.accessMainPhase(TestCaseExecutor.java:290)
	at com.kms.katalon.core.main.TestCaseExecutor.execute(TestCaseExecutor.java:224)
	at com.kms.katalon.core.main.TestCaseMain.runTestCase(TestCaseMain.java:106)
	at com.kms.katalon.core.keyword.builtin.CallTestCaseKeyword$_callTestCase_closure1.doCall(CallTestCaseKeyword.groovy:59)
	at com.kms.katalon.core.keyword.builtin.CallTestCaseKeyword$_callTestCase_closure1.call(CallTestCaseKeyword.groovy)
	at com.kms.katalon.core.keyword.internal.KeywordMain.runKeyword(KeywordMain.groovy:54)
	at com.kms.katalon.core.keyword.builtin.CallTestCaseKeyword.callTestCase(CallTestCaseKeyword.groovy:80)
	at com.kms.katalon.core.keyword.builtin.CallTestCaseKeyword.execute(CallTestCaseKeyword.groovy:44)
	at com.kms.katalon.core.keyword.internal.KeywordExecutor.executeKeywordForPlatform(KeywordExecutor.groovy:53)
	at com.kms.katalon.core.keyword.BuiltinKeywords.callTestCase(BuiltinKeywords.groovy:334)
	at Approve Application - RIA.run(Approve Application - RIA:16)
	at com.kms.katalon.core.main.ScriptEngine.run(ScriptEngine.java:194)
	at com.kms.katalon.core.main.ScriptEngine.runScriptAsRawText(ScriptEngine.java:119)
	at com.kms.katalon.core.main.TestCaseExecutor.runScript(TestCaseExecutor.java:328)
	at com.kms.katalon.core.main.TestCaseExecutor.doExecute(TestCaseExecutor.java:319)
	at com.kms.katalon.core.main.TestCaseExecutor.processExecutionPhase(TestCaseExecutor.java:298)
	at com.kms.katalon.core.main.TestCaseExecutor.accessMainPhase(TestCaseExecutor.java:290)
	at com.kms.katalon.core.main.TestCaseExecutor.execute(TestCaseExecutor.java:224)
	at com.kms.katalon.core.main.TestSuiteExecutor.accessTestCaseMainPhase(TestSuiteExecutor.java:129)
	at com.kms.katalon.core.main.TestSuiteExecutor.accessTestSuiteMainPhase(TestSuiteExecutor.java:112)
	at com.kms.katalon.core.main.TestSuiteExecutor.execute(TestSuiteExecutor.java:81)
	at com.kms.katalon.core.main.TestCaseMain.startTestSuite(TestCaseMain.java:149)
	at com.kms.katalon.core.main.TestCaseMain$startTestSuite$0.call(Unknown Source)
	at TempTestSuite1550476757023.run(TempTestSuite1550476757023.groovy:36)]]></system-err>
      </testcase>
      <testcase name="Test Cases/All TC/Arranged/0. Full Flow/Approve Application - JSA" classname="Test Cases/All TC/Arranged/0. Full Flow/Approve Application - JSA" status="FAILED">
         <failure type="FAILED" message="Test Cases/All TC/Arranged/0. Full Flow/Approve Application - JSA FAILED.
Reason:
com.kms.katalon.core.exception.StepFailedException: Unable to set text '10/01/2019' of object 'Object Repository/KeatMun/Form 7_default/OTC_Application_Reg/Page_PERKESO/11.Tarikh Terima_stampedDtS' (Root cause: com.kms.katalon.core.webui.exception.WebElementNotFoundException: Web element with id: 'Object Repository/KeatMun/Form 7_default/OTC_Application_Reg/Page_PERKESO/11.Tarikh Terima_stampedDtS' located by 'By.xpath: //input[@id = 'stampedDtStr' and @name = 'stampedDtStr' and @type = 'text']' not found)
	at com.kms.katalon.core.keyword.internal.KeywordMain.stepFailed(KeywordMain.groovy:36)
	at com.kms.katalon.core.webui.keyword.internal.WebUIKeywordMain.stepFailed(WebUIKeywordMain.groovy:65)
	at com.kms.katalon.core.webui.keyword.internal.WebUIKeywordMain.runKeyword(WebUIKeywordMain.groovy:27)
	at com.kms.katalon.core.webui.keyword.builtin.SetTextKeyword.setText(SetTextKeyword.groovy:65)
	at com.kms.katalon.core.webui.keyword.builtin.SetTextKeyword.execute(SetTextKeyword.groovy:37)
	at com.kms.katalon.core.keyword.internal.KeywordExecutor.executeKeywordForPlatform(KeywordExecutor.groovy:53)
	at com.kms.katalon.core.webui.keyword.WebUiBuiltInKeywords.setText(WebUiBuiltInKeywords.groovy:950)
	at com.kms.katalon.core.webui.keyword.WebUiBuiltInKeywords$setText$1.call(Unknown Source)
	at OTC_Application_Reg.run(OTC_Application_Reg:74)
	at com.kms.katalon.core.main.ScriptEngine.run(ScriptEngine.java:194)
	at com.kms.katalon.core.main.ScriptEngine.runScriptAsRawText(ScriptEngine.java:119)
	at com.kms.katalon.core.main.TestCaseExecutor.runScript(TestCaseExecutor.java:328)
	at com.kms.katalon.core.main.TestCaseExecutor.doExecute(TestCaseExecutor.java:319)
	at com.kms.katalon.core.main.TestCaseExecutor.processExecutionPhase(TestCaseExecutor.java:298)
	at com.kms.katalon.core.main.TestCaseExecutor.accessMainPhase(TestCaseExecutor.java:290)
	at com.kms.katalon.core.main.TestCaseExecutor.execute(TestCaseExecutor.java:224)
	at com.kms.katalon.core.main.TestCaseMain.runTestCase(TestCaseMain.java:106)
	at com.kms.katalon.core.keyword.builtin.CallTestCaseKeyword$_callTestCase_closure1.doCall(CallTestCaseKeyword.groovy:59)
	at com.kms.katalon.core.keyword.builtin.CallTestCaseKeyword$_callTestCase_closure1.call(CallTestCaseKeyword.groovy)
	at com.kms.katalon.core.keyword.internal.KeywordMain.runKeyword(KeywordMain.groovy:54)
	at com.kms.katalon.core.keyword.builtin.CallTestCaseKeyword.callTestCase(CallTestCaseKeyword.groovy:80)
	at com.kms.katalon.core.keyword.builtin.CallTestCaseKeyword.execute(CallTestCaseKeyword.groovy:44)
	at com.kms.katalon.core.keyword.internal.KeywordExecutor.executeKeywordForPlatform(KeywordExecutor.groovy:53)
	at com.kms.katalon.core.keyword.BuiltinKeywords.callTestCase(BuiltinKeywords.groovy:334)
	at OTC_Submit Form 7_End to End - Cheque.run(OTC_Submit Form 7_End to End - Cheque:16)
	at com.kms.katalon.core.main.ScriptEngine.run(ScriptEngine.java:194)
	at com.kms.katalon.core.main.ScriptEngine.runScriptAsRawText(ScriptEngine.java:119)
	at com.kms.katalon.core.main.TestCaseExecutor.runScript(TestCaseExecutor.java:328)
	at com.kms.katalon.core.main.TestCaseExecutor.doExecute(TestCaseExecutor.java:319)
	at com.kms.katalon.core.main.TestCaseExecutor.processExecutionPhase(TestCaseExecutor.java:298)
	at com.kms.katalon.core.main.TestCaseExecutor.accessMainPhase(TestCaseExecutor.java:290)
	at com.kms.katalon.core.main.TestCaseExecutor.execute(TestCaseExecutor.java:224)
	at com.kms.katalon.core.main.TestCaseMain.runTestCase(TestCaseMain.java:106)
	at com.kms.katalon.core.keyword.builtin.CallTestCaseKeyword$_callTestCase_closure1.doCall(CallTestCaseKeyword.groovy:59)
	at com.kms.katalon.core.keyword.builtin.CallTestCaseKeyword$_callTestCase_closure1.call(CallTestCaseKeyword.groovy)
	at com.kms.katalon.core.keyword.internal.KeywordMain.runKeyword(KeywordMain.groovy:54)
	at com.kms.katalon.core.keyword.builtin.CallTestCaseKeyword.callTestCase(CallTestCaseKeyword.groovy:80)
	at com.kms.katalon.core.keyword.builtin.CallTestCaseKeyword.execute(CallTestCaseKeyword.groovy:44)
	at com.kms.katalon.core.keyword.internal.KeywordExecutor.executeKeywordForPlatform(KeywordExecutor.groovy:53)
	at com.kms.katalon.core.keyword.BuiltinKeywords.callTestCase(BuiltinKeywords.groovy:334)
	at Approve Application - JSA.run(Approve Application - JSA:16)
	at com.kms.katalon.core.main.ScriptEngine.run(ScriptEngine.java:194)
	at com.kms.katalon.core.main.ScriptEngine.runScriptAsRawText(ScriptEngine.java:119)
	at com.kms.katalon.core.main.TestCaseExecutor.runScript(TestCaseExecutor.java:328)
	at com.kms.katalon.core.main.TestCaseExecutor.doExecute(TestCaseExecutor.java:319)
	at com.kms.katalon.core.main.TestCaseExecutor.processExecutionPhase(TestCaseExecutor.java:298)
	at com.kms.katalon.core.main.TestCaseExecutor.accessMainPhase(TestCaseExecutor.java:290)
	at com.kms.katalon.core.main.TestCaseExecutor.execute(TestCaseExecutor.java:224)
	at com.kms.katalon.core.main.TestSuiteExecutor.accessTestCaseMainPhase(TestSuiteExecutor.java:129)
	at com.kms.katalon.core.main.TestSuiteExecutor.accessTestSuiteMainPhase(TestSuiteExecutor.java:112)
	at com.kms.katalon.core.main.TestSuiteExecutor.execute(TestSuiteExecutor.java:81)
	at com.kms.katalon.core.main.TestCaseMain.startTestSuite(TestCaseMain.java:149)
	at com.kms.katalon.core.main.TestCaseMain$startTestSuite$0.call(Unknown Source)
	at TempTestSuite1550476757023.run(TempTestSuite1550476757023.groovy:36)
"/>
         <system-out><![CDATA[2019-02-18 17:02:13 - [TEST_CASE][FAILED] - Test Cases/All TC/Arranged/0. Full Flow/Approve Application - JSA: Test Cases/All TC/Arranged/0. Full Flow/Approve Application - JSA FAILED.
Reason:
com.kms.katalon.core.exception.StepFailedException: Unable to set text '10/01/2019' of object 'Object Repository/KeatMun/Form 7_default/OTC_Application_Reg/Page_PERKESO/11.Tarikh Terima_stampedDtS' (Root cause: com.kms.katalon.core.webui.exception.WebElementNotFoundException: Web element with id: 'Object Repository/KeatMun/Form 7_default/OTC_Application_Reg/Page_PERKESO/11.Tarikh Terima_stampedDtS' located by 'By.xpath: //input[@id = 'stampedDtStr' and @name = 'stampedDtStr' and @type = 'text']' not found)
	at com.kms.katalon.core.keyword.internal.KeywordMain.stepFailed(KeywordMain.groovy:36)
	at com.kms.katalon.core.webui.keyword.internal.WebUIKeywordMain.stepFailed(WebUIKeywordMain.groovy:65)
	at com.kms.katalon.core.webui.keyword.internal.WebUIKeywordMain.runKeyword(WebUIKeywordMain.groovy:27)
	at com.kms.katalon.core.webui.keyword.builtin.SetTextKeyword.setText(SetTextKeyword.groovy:65)
	at com.kms.katalon.core.webui.keyword.builtin.SetTextKeyword.execute(SetTextKeyword.groovy:37)
	at com.kms.katalon.core.keyword.internal.KeywordExecutor.executeKeywordForPlatform(KeywordExecutor.groovy:53)
	at com.kms.katalon.core.webui.keyword.WebUiBuiltInKeywords.setText(WebUiBuiltInKeywords.groovy:950)
	at com.kms.katalon.core.webui.keyword.WebUiBuiltInKeywords$setText$1.call(Unknown Source)
	at OTC_Application_Reg.run(OTC_Application_Reg:74)
	at com.kms.katalon.core.main.ScriptEngine.run(ScriptEngine.java:194)
	at com.kms.katalon.core.main.ScriptEngine.runScriptAsRawText(ScriptEngine.java:119)
	at com.kms.katalon.core.main.TestCaseExecutor.runScript(TestCaseExecutor.java:328)
	at com.kms.katalon.core.main.TestCaseExecutor.doExecute(TestCaseExecutor.java:319)
	at com.kms.katalon.core.main.TestCaseExecutor.processExecutionPhase(TestCaseExecutor.java:298)
	at com.kms.katalon.core.main.TestCaseExecutor.accessMainPhase(TestCaseExecutor.java:290)
	at com.kms.katalon.core.main.TestCaseExecutor.execute(TestCaseExecutor.java:224)
	at com.kms.katalon.core.main.TestCaseMain.runTestCase(TestCaseMain.java:106)
	at com.kms.katalon.core.keyword.builtin.CallTestCaseKeyword$_callTestCase_closure1.doCall(CallTestCaseKeyword.groovy:59)
	at com.kms.katalon.core.keyword.builtin.CallTestCaseKeyword$_callTestCase_closure1.call(CallTestCaseKeyword.groovy)
	at com.kms.katalon.core.keyword.internal.KeywordMain.runKeyword(KeywordMain.groovy:54)
	at com.kms.katalon.core.keyword.builtin.CallTestCaseKeyword.callTestCase(CallTestCaseKeyword.groovy:80)
	at com.kms.katalon.core.keyword.builtin.CallTestCaseKeyword.execute(CallTestCaseKeyword.groovy:44)
	at com.kms.katalon.core.keyword.internal.KeywordExecutor.executeKeywordForPlatform(KeywordExecutor.groovy:53)
	at com.kms.katalon.core.keyword.BuiltinKeywords.callTestCase(BuiltinKeywords.groovy:334)
	at OTC_Submit Form 7_End to End - Cheque.run(OTC_Submit Form 7_End to End - Cheque:16)
	at com.kms.katalon.core.main.ScriptEngine.run(ScriptEngine.java:194)
	at com.kms.katalon.core.main.ScriptEngine.runScriptAsRawText(ScriptEngine.java:119)
	at com.kms.katalon.core.main.TestCaseExecutor.runScript(TestCaseExecutor.java:328)
	at com.kms.katalon.core.main.TestCaseExecutor.doExecute(TestCaseExecutor.java:319)
	at com.kms.katalon.core.main.TestCaseExecutor.processExecutionPhase(TestCaseExecutor.java:298)
	at com.kms.katalon.core.main.TestCaseExecutor.accessMainPhase(TestCaseExecutor.java:290)
	at com.kms.katalon.core.main.TestCaseExecutor.execute(TestCaseExecutor.java:224)
	at com.kms.katalon.core.main.TestCaseMain.runTestCase(TestCaseMain.java:106)
	at com.kms.katalon.core.keyword.builtin.CallTestCaseKeyword$_callTestCase_closure1.doCall(CallTestCaseKeyword.groovy:59)
	at com.kms.katalon.core.keyword.builtin.CallTestCaseKeyword$_callTestCase_closure1.call(CallTestCaseKeyword.groovy)
	at com.kms.katalon.core.keyword.internal.KeywordMain.runKeyword(KeywordMain.groovy:54)
	at com.kms.katalon.core.keyword.builtin.CallTestCaseKeyword.callTestCase(CallTestCaseKeyword.groovy:80)
	at com.kms.katalon.core.keyword.builtin.CallTestCaseKeyword.execute(CallTestCaseKeyword.groovy:44)
	at com.kms.katalon.core.keyword.internal.KeywordExecutor.executeKeywordForPlatform(KeywordExecutor.groovy:53)
	at com.kms.katalon.core.keyword.BuiltinKeywords.callTestCase(BuiltinKeywords.groovy:334)
	at Approve Application - JSA.run(Approve Application - JSA:16)
	at com.kms.katalon.core.main.ScriptEngine.run(ScriptEngine.java:194)
	at com.kms.katalon.core.main.ScriptEngine.runScriptAsRawText(ScriptEngine.java:119)
	at com.kms.katalon.core.main.TestCaseExecutor.runScript(TestCaseExecutor.java:328)
	at com.kms.katalon.core.main.TestCaseExecutor.doExecute(TestCaseExecutor.java:319)
	at com.kms.katalon.core.main.TestCaseExecutor.processExecutionPhase(TestCaseExecutor.java:298)
	at com.kms.katalon.core.main.TestCaseExecutor.accessMainPhase(TestCaseExecutor.java:290)
	at com.kms.katalon.core.main.TestCaseExecutor.execute(TestCaseExecutor.java:224)
	at com.kms.katalon.core.main.TestSuiteExecutor.accessTestCaseMainPhase(TestSuiteExecutor.java:129)
	at com.kms.katalon.core.main.TestSuiteExecutor.accessTestSuiteMainPhase(TestSuiteExecutor.java:112)
	at com.kms.katalon.core.main.TestSuiteExecutor.execute(TestSuiteExecutor.java:81)
	at com.kms.katalon.core.main.TestCaseMain.startTestSuite(TestCaseMain.java:149)
	at com.kms.katalon.core.main.TestCaseMain$startTestSuite$0.call(Unknown Source)
	at TempTestSuite1550476757023.run(TempTestSuite1550476757023.groovy:36)


2019-02-18 17:02:14 - [TEST_STEP][FAILED] - callTestCase(findTestCase("All TC/Arranged/2. Segment/OTC_Submit Form 7_End to End - Cheque"), [:], STOP_ON_FAILURE): callTestCase(findTestCase("All TC/Arranged/2. Segment/OTC_Submit Form 7_End to End - Cheque"), [:], STOP_ON_FAILURE) FAILED.
Reason:
com.kms.katalon.core.exception.StepFailedException: Unable to set text '10/01/2019' of object 'Object Repository/KeatMun/Form 7_default/OTC_Application_Reg/Page_PERKESO/11.Tarikh Terima_stampedDtS' (Root cause: com.kms.katalon.core.webui.exception.WebElementNotFoundException: Web element with id: 'Object Repository/KeatMun/Form 7_default/OTC_Application_Reg/Page_PERKESO/11.Tarikh Terima_stampedDtS' located by 'By.xpath: //input[@id = 'stampedDtStr' and @name = 'stampedDtStr' and @type = 'text']' not found)
	at com.kms.katalon.core.keyword.internal.KeywordMain.stepFailed(KeywordMain.groovy:36)
	at com.kms.katalon.core.webui.keyword.internal.WebUIKeywordMain.stepFailed(WebUIKeywordMain.groovy:65)
	at com.kms.katalon.core.webui.keyword.internal.WebUIKeywordMain.runKeyword(WebUIKeywordMain.groovy:27)
	at com.kms.katalon.core.webui.keyword.builtin.SetTextKeyword.setText(SetTextKeyword.groovy:65)
	at com.kms.katalon.core.webui.keyword.builtin.SetTextKeyword.execute(SetTextKeyword.groovy:37)
	at com.kms.katalon.core.keyword.internal.KeywordExecutor.executeKeywordForPlatform(KeywordExecutor.groovy:53)
	at com.kms.katalon.core.webui.keyword.WebUiBuiltInKeywords.setText(WebUiBuiltInKeywords.groovy:950)
	at com.kms.katalon.core.webui.keyword.WebUiBuiltInKeywords$setText$1.call(Unknown Source)
	at OTC_Application_Reg.run(OTC_Application_Reg:74)
	at com.kms.katalon.core.main.ScriptEngine.run(ScriptEngine.java:194)
	at com.kms.katalon.core.main.ScriptEngine.runScriptAsRawText(ScriptEngine.java:119)
	at com.kms.katalon.core.main.TestCaseExecutor.runScript(TestCaseExecutor.java:328)
	at com.kms.katalon.core.main.TestCaseExecutor.doExecute(TestCaseExecutor.java:319)
	at com.kms.katalon.core.main.TestCaseExecutor.processExecutionPhase(TestCaseExecutor.java:298)
	at com.kms.katalon.core.main.TestCaseExecutor.accessMainPhase(TestCaseExecutor.java:290)
	at com.kms.katalon.core.main.TestCaseExecutor.execute(TestCaseExecutor.java:224)
	at com.kms.katalon.core.main.TestCaseMain.runTestCase(TestCaseMain.java:106)
	at com.kms.katalon.core.keyword.builtin.CallTestCaseKeyword$_callTestCase_closure1.doCall(CallTestCaseKeyword.groovy:59)
	at com.kms.katalon.core.keyword.builtin.CallTestCaseKeyword$_callTestCase_closure1.call(CallTestCaseKeyword.groovy)
	at com.kms.katalon.core.keyword.internal.KeywordMain.runKeyword(KeywordMain.groovy:54)
	at com.kms.katalon.core.keyword.builtin.CallTestCaseKeyword.callTestCase(CallTestCaseKeyword.groovy:80)
	at com.kms.katalon.core.keyword.builtin.CallTestCaseKeyword.execute(CallTestCaseKeyword.groovy:44)
	at com.kms.katalon.core.keyword.internal.KeywordExecutor.executeKeywordForPlatform(KeywordExecutor.groovy:53)
	at com.kms.katalon.core.keyword.BuiltinKeywords.callTestCase(BuiltinKeywords.groovy:334)
	at OTC_Submit Form 7_End to End - Cheque.run(OTC_Submit Form 7_End to End - Cheque:16)
	at com.kms.katalon.core.main.ScriptEngine.run(ScriptEngine.java:194)
	at com.kms.katalon.core.main.ScriptEngine.runScriptAsRawText(ScriptEngine.java:119)
	at com.kms.katalon.core.main.TestCaseExecutor.runScript(TestCaseExecutor.java:328)
	at com.kms.katalon.core.main.TestCaseExecutor.doExecute(TestCaseExecutor.java:319)
	at com.kms.katalon.core.main.TestCaseExecutor.processExecutionPhase(TestCaseExecutor.java:298)
	at com.kms.katalon.core.main.TestCaseExecutor.accessMainPhase(TestCaseExecutor.java:290)
	at com.kms.katalon.core.main.TestCaseExecutor.execute(TestCaseExecutor.java:224)
	at com.kms.katalon.core.main.TestCaseMain.runTestCase(TestCaseMain.java:106)
	at com.kms.katalon.core.keyword.builtin.CallTestCaseKeyword$_callTestCase_closure1.doCall(CallTestCaseKeyword.groovy:59)
	at com.kms.katalon.core.keyword.builtin.CallTestCaseKeyword$_callTestCase_closure1.call(CallTestCaseKeyword.groovy)
	at com.kms.katalon.core.keyword.internal.KeywordMain.runKeyword(KeywordMain.groovy:54)
	at com.kms.katalon.core.keyword.builtin.CallTestCaseKeyword.callTestCase(CallTestCaseKeyword.groovy:80)
	at com.kms.katalon.core.keyword.builtin.CallTestCaseKeyword.execute(CallTestCaseKeyword.groovy:44)
	at com.kms.katalon.core.keyword.internal.KeywordExecutor.executeKeywordForPlatform(KeywordExecutor.groovy:53)
	at com.kms.katalon.core.keyword.BuiltinKeywords.callTestCase(BuiltinKeywords.groovy:334)
	at Approve Application - JSA.run(Approve Application - JSA:16)
	at com.kms.katalon.core.main.ScriptEngine.run(ScriptEngine.java:194)
	at com.kms.katalon.core.main.ScriptEngine.runScriptAsRawText(ScriptEngine.java:119)
	at com.kms.katalon.core.main.TestCaseExecutor.runScript(TestCaseExecutor.java:328)
	at com.kms.katalon.core.main.TestCaseExecutor.doExecute(TestCaseExecutor.java:319)
	at com.kms.katalon.core.main.TestCaseExecutor.processExecutionPhase(TestCaseExecutor.java:298)
	at com.kms.katalon.core.main.TestCaseExecutor.accessMainPhase(TestCaseExecutor.java:290)
	at com.kms.katalon.core.main.TestCaseExecutor.execute(TestCaseExecutor.java:224)
	at com.kms.katalon.core.main.TestSuiteExecutor.accessTestCaseMainPhase(TestSuiteExecutor.java:129)
	at com.kms.katalon.core.main.TestSuiteExecutor.accessTestSuiteMainPhase(TestSuiteExecutor.java:112)
	at com.kms.katalon.core.main.TestSuiteExecutor.execute(TestSuiteExecutor.java:81)
	at com.kms.katalon.core.main.TestCaseMain.startTestSuite(TestCaseMain.java:149)
	at com.kms.katalon.core.main.TestCaseMain$startTestSuite$0.call(Unknown Source)
	at TempTestSuite1550476757023.run(TempTestSuite1550476757023.groovy:36)


2019-02-18 17:02:14 - [TEST_CASE][FAILED] - Test Cases/All TC/Arranged/2. Segment/OTC_Submit Form 7_End to End - Cheque: Test Cases/All TC/Arranged/2. Segment/OTC_Submit Form 7_End to End - Cheque FAILED.
Reason:
com.kms.katalon.core.exception.StepFailedException: Unable to set text '10/01/2019' of object 'Object Repository/KeatMun/Form 7_default/OTC_Application_Reg/Page_PERKESO/11.Tarikh Terima_stampedDtS' (Root cause: com.kms.katalon.core.webui.exception.WebElementNotFoundException: Web element with id: 'Object Repository/KeatMun/Form 7_default/OTC_Application_Reg/Page_PERKESO/11.Tarikh Terima_stampedDtS' located by 'By.xpath: //input[@id = 'stampedDtStr' and @name = 'stampedDtStr' and @type = 'text']' not found)
	at com.kms.katalon.core.keyword.internal.KeywordMain.stepFailed(KeywordMain.groovy:36)
	at com.kms.katalon.core.webui.keyword.internal.WebUIKeywordMain.stepFailed(WebUIKeywordMain.groovy:65)
	at com.kms.katalon.core.webui.keyword.internal.WebUIKeywordMain.runKeyword(WebUIKeywordMain.groovy:27)
	at com.kms.katalon.core.webui.keyword.builtin.SetTextKeyword.setText(SetTextKeyword.groovy:65)
	at com.kms.katalon.core.webui.keyword.builtin.SetTextKeyword.execute(SetTextKeyword.groovy:37)
	at com.kms.katalon.core.keyword.internal.KeywordExecutor.executeKeywordForPlatform(KeywordExecutor.groovy:53)
	at com.kms.katalon.core.webui.keyword.WebUiBuiltInKeywords.setText(WebUiBuiltInKeywords.groovy:950)
	at com.kms.katalon.core.webui.keyword.WebUiBuiltInKeywords$setText$1.call(Unknown Source)
	at OTC_Application_Reg.run(OTC_Application_Reg:74)
	at com.kms.katalon.core.main.ScriptEngine.run(ScriptEngine.java:194)
	at com.kms.katalon.core.main.ScriptEngine.runScriptAsRawText(ScriptEngine.java:119)
	at com.kms.katalon.core.main.TestCaseExecutor.runScript(TestCaseExecutor.java:328)
	at com.kms.katalon.core.main.TestCaseExecutor.doExecute(TestCaseExecutor.java:319)
	at com.kms.katalon.core.main.TestCaseExecutor.processExecutionPhase(TestCaseExecutor.java:298)
	at com.kms.katalon.core.main.TestCaseExecutor.accessMainPhase(TestCaseExecutor.java:290)
	at com.kms.katalon.core.main.TestCaseExecutor.execute(TestCaseExecutor.java:224)
	at com.kms.katalon.core.main.TestCaseMain.runTestCase(TestCaseMain.java:106)
	at com.kms.katalon.core.keyword.builtin.CallTestCaseKeyword$_callTestCase_closure1.doCall(CallTestCaseKeyword.groovy:59)
	at com.kms.katalon.core.keyword.builtin.CallTestCaseKeyword$_callTestCase_closure1.call(CallTestCaseKeyword.groovy)
	at com.kms.katalon.core.keyword.internal.KeywordMain.runKeyword(KeywordMain.groovy:54)
	at com.kms.katalon.core.keyword.builtin.CallTestCaseKeyword.callTestCase(CallTestCaseKeyword.groovy:80)
	at com.kms.katalon.core.keyword.builtin.CallTestCaseKeyword.execute(CallTestCaseKeyword.groovy:44)
	at com.kms.katalon.core.keyword.internal.KeywordExecutor.executeKeywordForPlatform(KeywordExecutor.groovy:53)
	at com.kms.katalon.core.keyword.BuiltinKeywords.callTestCase(BuiltinKeywords.groovy:334)
	at OTC_Submit Form 7_End to End - Cheque.run(OTC_Submit Form 7_End to End - Cheque:16)
	at com.kms.katalon.core.main.ScriptEngine.run(ScriptEngine.java:194)
	at com.kms.katalon.core.main.ScriptEngine.runScriptAsRawText(ScriptEngine.java:119)
	at com.kms.katalon.core.main.TestCaseExecutor.runScript(TestCaseExecutor.java:328)
	at com.kms.katalon.core.main.TestCaseExecutor.doExecute(TestCaseExecutor.java:319)
	at com.kms.katalon.core.main.TestCaseExecutor.processExecutionPhase(TestCaseExecutor.java:298)
	at com.kms.katalon.core.main.TestCaseExecutor.accessMainPhase(TestCaseExecutor.java:290)
	at com.kms.katalon.core.main.TestCaseExecutor.execute(TestCaseExecutor.java:224)
	at com.kms.katalon.core.main.TestCaseMain.runTestCase(TestCaseMain.java:106)
	at com.kms.katalon.core.keyword.builtin.CallTestCaseKeyword$_callTestCase_closure1.doCall(CallTestCaseKeyword.groovy:59)
	at com.kms.katalon.core.keyword.builtin.CallTestCaseKeyword$_callTestCase_closure1.call(CallTestCaseKeyword.groovy)
	at com.kms.katalon.core.keyword.internal.KeywordMain.runKeyword(KeywordMain.groovy:54)
	at com.kms.katalon.core.keyword.builtin.CallTestCaseKeyword.callTestCase(CallTestCaseKeyword.groovy:80)
	at com.kms.katalon.core.keyword.builtin.CallTestCaseKeyword.execute(CallTestCaseKeyword.groovy:44)
	at com.kms.katalon.core.keyword.internal.KeywordExecutor.executeKeywordForPlatform(KeywordExecutor.groovy:53)
	at com.kms.katalon.core.keyword.BuiltinKeywords.callTestCase(BuiltinKeywords.groovy:334)
	at Approve Application - JSA.run(Approve Application - JSA:16)
	at com.kms.katalon.core.main.ScriptEngine.run(ScriptEngine.java:194)
	at com.kms.katalon.core.main.ScriptEngine.runScriptAsRawText(ScriptEngine.java:119)
	at com.kms.katalon.core.main.TestCaseExecutor.runScript(TestCaseExecutor.java:328)
	at com.kms.katalon.core.main.TestCaseExecutor.doExecute(TestCaseExecutor.java:319)
	at com.kms.katalon.core.main.TestCaseExecutor.processExecutionPhase(TestCaseExecutor.java:298)
	at com.kms.katalon.core.main.TestCaseExecutor.accessMainPhase(TestCaseExecutor.java:290)
	at com.kms.katalon.core.main.TestCaseExecutor.execute(TestCaseExecutor.java:224)
	at com.kms.katalon.core.main.TestSuiteExecutor.accessTestCaseMainPhase(TestSuiteExecutor.java:129)
	at com.kms.katalon.core.main.TestSuiteExecutor.accessTestSuiteMainPhase(TestSuiteExecutor.java:112)
	at com.kms.katalon.core.main.TestSuiteExecutor.execute(TestSuiteExecutor.java:81)
	at com.kms.katalon.core.main.TestCaseMain.startTestSuite(TestCaseMain.java:149)
	at com.kms.katalon.core.main.TestCaseMain$startTestSuite$0.call(Unknown Source)
	at TempTestSuite1550476757023.run(TempTestSuite1550476757023.groovy:36)


2019-02-18 17:02:14 - [TEST_STEP][FAILED] - callTestCase(findTestCase("All TC/Arranged/3. Unit/EI/Form 7_default/OTC_Application_Reg"), [:], STOP_ON_FAILURE): callTestCase(findTestCase("All TC/Arranged/3. Unit/EI/Form 7_default/OTC_Application_Reg"), [:], STOP_ON_FAILURE) FAILED.
Reason:
com.kms.katalon.core.exception.StepFailedException: Unable to set text '10/01/2019' of object 'Object Repository/KeatMun/Form 7_default/OTC_Application_Reg/Page_PERKESO/11.Tarikh Terima_stampedDtS' (Root cause: com.kms.katalon.core.webui.exception.WebElementNotFoundException: Web element with id: 'Object Repository/KeatMun/Form 7_default/OTC_Application_Reg/Page_PERKESO/11.Tarikh Terima_stampedDtS' located by 'By.xpath: //input[@id = 'stampedDtStr' and @name = 'stampedDtStr' and @type = 'text']' not found)
	at com.kms.katalon.core.keyword.internal.KeywordMain.stepFailed(KeywordMain.groovy:36)
	at com.kms.katalon.core.webui.keyword.internal.WebUIKeywordMain.stepFailed(WebUIKeywordMain.groovy:65)
	at com.kms.katalon.core.webui.keyword.internal.WebUIKeywordMain.runKeyword(WebUIKeywordMain.groovy:27)
	at com.kms.katalon.core.webui.keyword.builtin.SetTextKeyword.setText(SetTextKeyword.groovy:65)
	at com.kms.katalon.core.webui.keyword.builtin.SetTextKeyword.execute(SetTextKeyword.groovy:37)
	at com.kms.katalon.core.keyword.internal.KeywordExecutor.executeKeywordForPlatform(KeywordExecutor.groovy:53)
	at com.kms.katalon.core.webui.keyword.WebUiBuiltInKeywords.setText(WebUiBuiltInKeywords.groovy:950)
	at com.kms.katalon.core.webui.keyword.WebUiBuiltInKeywords$setText$1.call(Unknown Source)
	at OTC_Application_Reg.run(OTC_Application_Reg:74)
	at com.kms.katalon.core.main.ScriptEngine.run(ScriptEngine.java:194)
	at com.kms.katalon.core.main.ScriptEngine.runScriptAsRawText(ScriptEngine.java:119)
	at com.kms.katalon.core.main.TestCaseExecutor.runScript(TestCaseExecutor.java:328)
	at com.kms.katalon.core.main.TestCaseExecutor.doExecute(TestCaseExecutor.java:319)
	at com.kms.katalon.core.main.TestCaseExecutor.processExecutionPhase(TestCaseExecutor.java:298)
	at com.kms.katalon.core.main.TestCaseExecutor.accessMainPhase(TestCaseExecutor.java:290)
	at com.kms.katalon.core.main.TestCaseExecutor.execute(TestCaseExecutor.java:224)
	at com.kms.katalon.core.main.TestCaseMain.runTestCase(TestCaseMain.java:106)
	at com.kms.katalon.core.keyword.builtin.CallTestCaseKeyword$_callTestCase_closure1.doCall(CallTestCaseKeyword.groovy:59)
	at com.kms.katalon.core.keyword.builtin.CallTestCaseKeyword$_callTestCase_closure1.call(CallTestCaseKeyword.groovy)
	at com.kms.katalon.core.keyword.internal.KeywordMain.runKeyword(KeywordMain.groovy:54)
	at com.kms.katalon.core.keyword.builtin.CallTestCaseKeyword.callTestCase(CallTestCaseKeyword.groovy:80)
	at com.kms.katalon.core.keyword.builtin.CallTestCaseKeyword.execute(CallTestCaseKeyword.groovy:44)
	at com.kms.katalon.core.keyword.internal.KeywordExecutor.executeKeywordForPlatform(KeywordExecutor.groovy:53)
	at com.kms.katalon.core.keyword.BuiltinKeywords.callTestCase(BuiltinKeywords.groovy:334)
	at OTC_Submit Form 7_End to End - Cheque.run(OTC_Submit Form 7_End to End - Cheque:16)
	at com.kms.katalon.core.main.ScriptEngine.run(ScriptEngine.java:194)
	at com.kms.katalon.core.main.ScriptEngine.runScriptAsRawText(ScriptEngine.java:119)
	at com.kms.katalon.core.main.TestCaseExecutor.runScript(TestCaseExecutor.java:328)
	at com.kms.katalon.core.main.TestCaseExecutor.doExecute(TestCaseExecutor.java:319)
	at com.kms.katalon.core.main.TestCaseExecutor.processExecutionPhase(TestCaseExecutor.java:298)
	at com.kms.katalon.core.main.TestCaseExecutor.accessMainPhase(TestCaseExecutor.java:290)
	at com.kms.katalon.core.main.TestCaseExecutor.execute(TestCaseExecutor.java:224)
	at com.kms.katalon.core.main.TestCaseMain.runTestCase(TestCaseMain.java:106)
	at com.kms.katalon.core.keyword.builtin.CallTestCaseKeyword$_callTestCase_closure1.doCall(CallTestCaseKeyword.groovy:59)
	at com.kms.katalon.core.keyword.builtin.CallTestCaseKeyword$_callTestCase_closure1.call(CallTestCaseKeyword.groovy)
	at com.kms.katalon.core.keyword.internal.KeywordMain.runKeyword(KeywordMain.groovy:54)
	at com.kms.katalon.core.keyword.builtin.CallTestCaseKeyword.callTestCase(CallTestCaseKeyword.groovy:80)
	at com.kms.katalon.core.keyword.builtin.CallTestCaseKeyword.execute(CallTestCaseKeyword.groovy:44)
	at com.kms.katalon.core.keyword.internal.KeywordExecutor.executeKeywordForPlatform(KeywordExecutor.groovy:53)
	at com.kms.katalon.core.keyword.BuiltinKeywords.callTestCase(BuiltinKeywords.groovy:334)
	at Approve Application - JSA.run(Approve Application - JSA:16)
	at com.kms.katalon.core.main.ScriptEngine.run(ScriptEngine.java:194)
	at com.kms.katalon.core.main.ScriptEngine.runScriptAsRawText(ScriptEngine.java:119)
	at com.kms.katalon.core.main.TestCaseExecutor.runScript(TestCaseExecutor.java:328)
	at com.kms.katalon.core.main.TestCaseExecutor.doExecute(TestCaseExecutor.java:319)
	at com.kms.katalon.core.main.TestCaseExecutor.processExecutionPhase(TestCaseExecutor.java:298)
	at com.kms.katalon.core.main.TestCaseExecutor.accessMainPhase(TestCaseExecutor.java:290)
	at com.kms.katalon.core.main.TestCaseExecutor.execute(TestCaseExecutor.java:224)
	at com.kms.katalon.core.main.TestSuiteExecutor.accessTestCaseMainPhase(TestSuiteExecutor.java:129)
	at com.kms.katalon.core.main.TestSuiteExecutor.accessTestSuiteMainPhase(TestSuiteExecutor.java:112)
	at com.kms.katalon.core.main.TestSuiteExecutor.execute(TestSuiteExecutor.java:81)
	at com.kms.katalon.core.main.TestCaseMain.startTestSuite(TestCaseMain.java:149)
	at com.kms.katalon.core.main.TestCaseMain$startTestSuite$0.call(Unknown Source)
	at TempTestSuite1550476757023.run(TempTestSuite1550476757023.groovy:36)


2019-02-18 17:02:14 - [TEST_CASE][FAILED] - Test Cases/All TC/Arranged/3. Unit/EI/Form 7_default/OTC_Application_Reg: Test Cases/All TC/Arranged/3. Unit/EI/Form 7_default/OTC_Application_Reg FAILED.
Reason:
com.kms.katalon.core.exception.StepFailedException: Unable to set text '10/01/2019' of object 'Object Repository/KeatMun/Form 7_default/OTC_Application_Reg/Page_PERKESO/11.Tarikh Terima_stampedDtS' (Root cause: com.kms.katalon.core.webui.exception.WebElementNotFoundException: Web element with id: 'Object Repository/KeatMun/Form 7_default/OTC_Application_Reg/Page_PERKESO/11.Tarikh Terima_stampedDtS' located by 'By.xpath: //input[@id = 'stampedDtStr' and @name = 'stampedDtStr' and @type = 'text']' not found)
	at com.kms.katalon.core.keyword.internal.KeywordMain.stepFailed(KeywordMain.groovy:36)
	at com.kms.katalon.core.webui.keyword.internal.WebUIKeywordMain.stepFailed(WebUIKeywordMain.groovy:65)
	at com.kms.katalon.core.webui.keyword.internal.WebUIKeywordMain.runKeyword(WebUIKeywordMain.groovy:27)
	at com.kms.katalon.core.webui.keyword.builtin.SetTextKeyword.setText(SetTextKeyword.groovy:65)
	at com.kms.katalon.core.webui.keyword.builtin.SetTextKeyword.execute(SetTextKeyword.groovy:37)
	at com.kms.katalon.core.keyword.internal.KeywordExecutor.executeKeywordForPlatform(KeywordExecutor.groovy:53)
	at com.kms.katalon.core.webui.keyword.WebUiBuiltInKeywords.setText(WebUiBuiltInKeywords.groovy:950)
	at com.kms.katalon.core.webui.keyword.WebUiBuiltInKeywords$setText$1.call(Unknown Source)
	at OTC_Application_Reg.run(OTC_Application_Reg:74)
	at com.kms.katalon.core.main.ScriptEngine.run(ScriptEngine.java:194)
	at com.kms.katalon.core.main.ScriptEngine.runScriptAsRawText(ScriptEngine.java:119)
	at com.kms.katalon.core.main.TestCaseExecutor.runScript(TestCaseExecutor.java:328)
	at com.kms.katalon.core.main.TestCaseExecutor.doExecute(TestCaseExecutor.java:319)
	at com.kms.katalon.core.main.TestCaseExecutor.processExecutionPhase(TestCaseExecutor.java:298)
	at com.kms.katalon.core.main.TestCaseExecutor.accessMainPhase(TestCaseExecutor.java:290)
	at com.kms.katalon.core.main.TestCaseExecutor.execute(TestCaseExecutor.java:224)
	at com.kms.katalon.core.main.TestCaseMain.runTestCase(TestCaseMain.java:106)
	at com.kms.katalon.core.keyword.builtin.CallTestCaseKeyword$_callTestCase_closure1.doCall(CallTestCaseKeyword.groovy:59)
	at com.kms.katalon.core.keyword.builtin.CallTestCaseKeyword$_callTestCase_closure1.call(CallTestCaseKeyword.groovy)
	at com.kms.katalon.core.keyword.internal.KeywordMain.runKeyword(KeywordMain.groovy:54)
	at com.kms.katalon.core.keyword.builtin.CallTestCaseKeyword.callTestCase(CallTestCaseKeyword.groovy:80)
	at com.kms.katalon.core.keyword.builtin.CallTestCaseKeyword.execute(CallTestCaseKeyword.groovy:44)
	at com.kms.katalon.core.keyword.internal.KeywordExecutor.executeKeywordForPlatform(KeywordExecutor.groovy:53)
	at com.kms.katalon.core.keyword.BuiltinKeywords.callTestCase(BuiltinKeywords.groovy:334)
	at OTC_Submit Form 7_End to End - Cheque.run(OTC_Submit Form 7_End to End - Cheque:16)
	at com.kms.katalon.core.main.ScriptEngine.run(ScriptEngine.java:194)
	at com.kms.katalon.core.main.ScriptEngine.runScriptAsRawText(ScriptEngine.java:119)
	at com.kms.katalon.core.main.TestCaseExecutor.runScript(TestCaseExecutor.java:328)
	at com.kms.katalon.core.main.TestCaseExecutor.doExecute(TestCaseExecutor.java:319)
	at com.kms.katalon.core.main.TestCaseExecutor.processExecutionPhase(TestCaseExecutor.java:298)
	at com.kms.katalon.core.main.TestCaseExecutor.accessMainPhase(TestCaseExecutor.java:290)
	at com.kms.katalon.core.main.TestCaseExecutor.execute(TestCaseExecutor.java:224)
	at com.kms.katalon.core.main.TestCaseMain.runTestCase(TestCaseMain.java:106)
	at com.kms.katalon.core.keyword.builtin.CallTestCaseKeyword$_callTestCase_closure1.doCall(CallTestCaseKeyword.groovy:59)
	at com.kms.katalon.core.keyword.builtin.CallTestCaseKeyword$_callTestCase_closure1.call(CallTestCaseKeyword.groovy)
	at com.kms.katalon.core.keyword.internal.KeywordMain.runKeyword(KeywordMain.groovy:54)
	at com.kms.katalon.core.keyword.builtin.CallTestCaseKeyword.callTestCase(CallTestCaseKeyword.groovy:80)
	at com.kms.katalon.core.keyword.builtin.CallTestCaseKeyword.execute(CallTestCaseKeyword.groovy:44)
	at com.kms.katalon.core.keyword.internal.KeywordExecutor.executeKeywordForPlatform(KeywordExecutor.groovy:53)
	at com.kms.katalon.core.keyword.BuiltinKeywords.callTestCase(BuiltinKeywords.groovy:334)
	at Approve Application - JSA.run(Approve Application - JSA:16)
	at com.kms.katalon.core.main.ScriptEngine.run(ScriptEngine.java:194)
	at com.kms.katalon.core.main.ScriptEngine.runScriptAsRawText(ScriptEngine.java:119)
	at com.kms.katalon.core.main.TestCaseExecutor.runScript(TestCaseExecutor.java:328)
	at com.kms.katalon.core.main.TestCaseExecutor.doExecute(TestCaseExecutor.java:319)
	at com.kms.katalon.core.main.TestCaseExecutor.processExecutionPhase(TestCaseExecutor.java:298)
	at com.kms.katalon.core.main.TestCaseExecutor.accessMainPhase(TestCaseExecutor.java:290)
	at com.kms.katalon.core.main.TestCaseExecutor.execute(TestCaseExecutor.java:224)
	at com.kms.katalon.core.main.TestSuiteExecutor.accessTestCaseMainPhase(TestSuiteExecutor.java:129)
	at com.kms.katalon.core.main.TestSuiteExecutor.accessTestSuiteMainPhase(TestSuiteExecutor.java:112)
	at com.kms.katalon.core.main.TestSuiteExecutor.execute(TestSuiteExecutor.java:81)
	at com.kms.katalon.core.main.TestCaseMain.startTestSuite(TestCaseMain.java:149)
	at com.kms.katalon.core.main.TestCaseMain$startTestSuite$0.call(Unknown Source)
	at TempTestSuite1550476757023.run(TempTestSuite1550476757023.groovy:36)


2019-02-18 17:02:14 - [TEST_STEP][PASSED] - openBrowser(""): Browser is opened with url: ''

2019-02-18 17:02:14 - [MESSAGE][WARNING] - A browser is already opened. Closing browser and opening a new one

2019-02-18 17:02:15 - [MESSAGE][INFO] - Starting 'Chrome' driver

2019-02-18 17:02:15 - [MESSAGE][INFO] - User set preference: ['args', '[--start-maximized]']

2019-02-18 17:02:20 - [MESSAGE][PASSED] - Browser is opened with url: ''

2019-02-18 17:02:20 - [TEST_STEP][PASSED] - navigateToUrl(Internal_Login): Navigate to 'http://10.20.24.188/eisportal/user/login' successfully

2019-02-18 17:02:21 - [MESSAGE][PASSED] - Navigate to 'http://10.20.24.188/eisportal/user/login' successfully

2019-02-18 17:02:21 - [TEST_STEP][PASSED] - delay(3): Delayed 3 second(s)

2019-02-18 17:02:24 - [MESSAGE][PASSED] - Delayed 3 second(s)

2019-02-18 17:02:24 - [TEST_STEP][PASSED] - setText(findTestObject("KeatMun/Form 7_default/OTC_Application_Reg/Page_PERKESO/1.username"), "faizal.hamid@perkeso.gov.my"): Text 'faizal.hamid@perkeso.gov.my' is set on object 'Object Repository/KeatMun/Form 7_default/OTC_Application_Reg/Page_PERKESO/1.username'

2019-02-18 17:02:29 - [MESSAGE][PASSED] - Text 'faizal.hamid@perkeso.gov.my' is set on object 'Object Repository/KeatMun/Form 7_default/OTC_Application_Reg/Page_PERKESO/1.username'

2019-02-18 17:02:29 - [TEST_STEP][PASSED] - delay(1): Delayed 1 second(s)

2019-02-18 17:02:30 - [MESSAGE][PASSED] - Delayed 1 second(s)

2019-02-18 17:02:30 - [TEST_STEP][PASSED] - setEncryptedText(findTestObject("KeatMun/Form 7_default/OTC_Application_Reg/Page_PERKESO/2.password"), "CQqwFZlbeC8="): Text ****** has been set on object 'Object Repository/KeatMun/Form 7_default/OTC_Application_Reg/Page_PERKESO/2.password'

2019-02-18 17:02:33 - [MESSAGE][PASSED] - Text ****** has been set on object 'Object Repository/KeatMun/Form 7_default/OTC_Application_Reg/Page_PERKESO/2.password'

2019-02-18 17:02:33 - [TEST_STEP][PASSED] - delay(2): Delayed 2 second(s)

2019-02-18 17:02:35 - [MESSAGE][PASSED] - Delayed 2 second(s)

2019-02-18 17:02:35 - [TEST_STEP][PASSED] - click(findTestObject("KeatMun/Form 7_default/OTC_Application_Reg/Page_PERKESO/3.login button")): Object: 'Object Repository/KeatMun/Form 7_default/OTC_Application_Reg/Page_PERKESO/3.login button' is clicked on

2019-02-18 17:02:38 - [MESSAGE][PASSED] - Object: 'Object Repository/KeatMun/Form 7_default/OTC_Application_Reg/Page_PERKESO/3.login button' is clicked on

2019-02-18 17:02:38 - [TEST_STEP][PASSED] - delay(2): Delayed 2 second(s)

2019-02-18 17:02:40 - [MESSAGE][PASSED] - Delayed 2 second(s)

2019-02-18 17:02:40 - [TEST_STEP][PASSED] - click(findTestObject("KeatMun/Form 7_default/OTC_Application_Reg/Page_PERKESO/4. Permohonan tab")): Object: 'Object Repository/KeatMun/Form 7_default/OTC_Application_Reg/Page_PERKESO/4. Permohonan tab' is clicked on

2019-02-18 17:02:43 - [MESSAGE][PASSED] - Object: 'Object Repository/KeatMun/Form 7_default/OTC_Application_Reg/Page_PERKESO/4. Permohonan tab' is clicked on

2019-02-18 17:02:43 - [TEST_STEP][PASSED] - delay(2): Delayed 2 second(s)

2019-02-18 17:02:45 - [MESSAGE][PASSED] - Delayed 2 second(s)

2019-02-18 17:02:45 - [TEST_STEP][PASSED] - click(findTestObject("KeatMun/Form 7_default/OTC_Application_Reg/Page_PERKESO/5.button_Setuju")): Object: 'Object Repository/KeatMun/Form 7_default/OTC_Application_Reg/Page_PERKESO/5.button_Setuju' is clicked on

2019-02-18 17:02:47 - [MESSAGE][PASSED] - Object: 'Object Repository/KeatMun/Form 7_default/OTC_Application_Reg/Page_PERKESO/5.button_Setuju' is clicked on

2019-02-18 17:02:47 - [TEST_STEP][PASSED] - delay(2): Delayed 2 second(s)

2019-02-18 17:02:49 - [MESSAGE][PASSED] - Delayed 2 second(s)

2019-02-18 17:02:49 - [TEST_STEP][PASSED] - IC = "950000140036": null

2019-02-18 17:02:49 - [TEST_STEP][PASSED] - setText(findTestObject("KeatMun/Form 7_default/OTC_Application_Reg/Page_PERKESO/6.No. Kad Pengenalan"), IC): Text '950000140036' is set on object 'Object Repository/KeatMun/Form 7_default/OTC_Application_Reg/Page_PERKESO/6.No. Kad Pengenalan'

2019-02-18 17:02:53 - [MESSAGE][PASSED] - Text '950000140036' is set on object 'Object Repository/KeatMun/Form 7_default/OTC_Application_Reg/Page_PERKESO/6.No. Kad Pengenalan'

2019-02-18 17:02:53 - [TEST_STEP][PASSED] - callTestCase(findTestCase("All TC/Arranged/1. Common/1.2 Setter/Setter IC"), [:], STOP_ON_FAILURE): Call Test Case 'Test Cases/All TC/Arranged/1. Common/1.2 Setter/Setter IC' successfully

2019-02-18 17:02:54 - [TEST_CASE][PASSED] - Test Cases/All TC/Arranged/1. Common/1.2 Setter/Setter IC: Test Cases/All TC/Arranged/1. Common/1.2 Setter/Setter IC

2019-02-18 17:02:54 - [TEST_STEP][PASSED] - RefNoOldFile = new java.io.File((internal.GlobalVariable.TextFilePathCommon + \getIC.txt)): null

2019-02-18 17:02:54 - [TEST_STEP][PASSED] - RefNoOldFile.delete(): null

2019-02-18 17:02:54 - [TEST_STEP][PASSED] - delay(5): Delayed 5 second(s)

2019-02-18 17:02:59 - [MESSAGE][PASSED] - Delayed 5 second(s)

2019-02-18 17:02:59 - [TEST_STEP][PASSED] - RefNo = new java.io.File((internal.GlobalVariable.TextFilePathCommon + \getIC.txt)): null

2019-02-18 17:02:59 - [TEST_STEP][PASSED] - f2 = new java.io.FileWriter(RefNo, false): null

2019-02-18 17:02:59 - [TEST_STEP][PASSED] - f2.write(IC): null

2019-02-18 17:02:59 - [TEST_STEP][PASSED] - f2.close(): null

2019-02-18 17:02:59 - [TEST_STEP][PASSED] - out.println("


" + IC + "


"): null

2019-02-18 17:02:59 - [MESSAGE][PASSED] - Call Test Case 'Test Cases/All TC/Arranged/1. Common/1.2 Setter/Setter IC' successfully

2019-02-18 17:02:59 - [TEST_STEP][PASSED] - delay(2): Delayed 2 second(s)

2019-02-18 17:03:01 - [MESSAGE][PASSED] - Delayed 2 second(s)

2019-02-18 17:03:01 - [TEST_STEP][PASSED] - click(findTestObject("KeatMun/Form 7_default/OTC_Application_Reg/Page_PERKESO/7.button_Semak")): Object: 'Object Repository/KeatMun/Form 7_default/OTC_Application_Reg/Page_PERKESO/7.button_Semak' is clicked on

2019-02-18 17:03:03 - [MESSAGE][PASSED] - Object: 'Object Repository/KeatMun/Form 7_default/OTC_Application_Reg/Page_PERKESO/7.button_Semak' is clicked on

2019-02-18 17:03:03 - [TEST_STEP][PASSED] - delay(4): Delayed 4 second(s)

2019-02-18 17:03:07 - [MESSAGE][PASSED] - Delayed 4 second(s)

2019-02-18 17:03:07 - [TEST_STEP][PASSED] - click(findTestObject("KeatMun/Form 7_default/OTC_Application_Reg/Page_PERKESO/8. Nama Majikan Dropdown")): Object: 'Object Repository/KeatMun/Form 7_default/OTC_Application_Reg/Page_PERKESO/8. Nama Majikan Dropdown' is clicked on

2019-02-18 17:03:09 - [MESSAGE][PASSED] - Object: 'Object Repository/KeatMun/Form 7_default/OTC_Application_Reg/Page_PERKESO/8. Nama Majikan Dropdown' is clicked on

2019-02-18 17:03:09 - [TEST_STEP][PASSED] - setText(findTestObject("KeatMun/Form 7_default/OTC_Application_Reg/Page_PERKESO/8. LOE emp"), "mon"): Text 'mon' is set on object 'Object Repository/KeatMun/Form 7_default/OTC_Application_Reg/Page_PERKESO/8. LOE emp'

2019-02-18 17:03:13 - [MESSAGE][PASSED] - Text 'mon' is set on object 'Object Repository/KeatMun/Form 7_default/OTC_Application_Reg/Page_PERKESO/8. LOE emp'

2019-02-18 17:03:13 - [TEST_STEP][PASSED] - click(findTestObject("KeatMun/Form 7_default/OTC_Application_Reg/Page_PERKESO/8. MONSOON MOTEL")): Object: 'Object Repository/KeatMun/Form 7_default/OTC_Application_Reg/Page_PERKESO/8. MONSOON MOTEL' is clicked on

2019-02-18 17:03:15 - [MESSAGE][PASSED] - Object: 'Object Repository/KeatMun/Form 7_default/OTC_Application_Reg/Page_PERKESO/8. MONSOON MOTEL' is clicked on

2019-02-18 17:03:15 - [TEST_STEP][PASSED] - delay(2): Delayed 2 second(s)

2019-02-18 17:03:17 - [MESSAGE][PASSED] - Delayed 2 second(s)

2019-02-18 17:03:17 - [TEST_STEP][PASSED] - setText(findTestObject("KeatMun/Form 7_default/OTC_Application_Reg/Page_PERKESO/9.Tarikh kehilangan pkj"), "10/01/2019"): Text '10/01/2019' is set on object 'Object Repository/KeatMun/Form 7_default/OTC_Application_Reg/Page_PERKESO/9.Tarikh kehilangan pkj'

2019-02-18 17:03:22 - [MESSAGE][PASSED] - Text '10/01/2019' is set on object 'Object Repository/KeatMun/Form 7_default/OTC_Application_Reg/Page_PERKESO/9.Tarikh kehilangan pkj'

2019-02-18 17:03:22 - [TEST_STEP][PASSED] - delay(2): Delayed 2 second(s)

2019-02-18 17:03:24 - [MESSAGE][PASSED] - Delayed 2 second(s)

2019-02-18 17:03:24 - [TEST_STEP][PASSED] - click(findTestObject("KeatMun/Form 7_default/OTC_Application_Reg/Page_PERKESO/9. Date Picker Done Button ")): Object: 'Object Repository/KeatMun/Form 7_default/OTC_Application_Reg/Page_PERKESO/9. Date Picker Done Button ' is clicked on

2019-02-18 17:03:26 - [MESSAGE][PASSED] - Object: 'Object Repository/KeatMun/Form 7_default/OTC_Application_Reg/Page_PERKESO/9. Date Picker Done Button ' is clicked on

2019-02-18 17:03:26 - [TEST_STEP][PASSED] - delay(2): Delayed 2 second(s)

2019-02-18 17:03:28 - [MESSAGE][PASSED] - Delayed 2 second(s)

2019-02-18 17:03:28 - [TEST_STEP][PASSED] - click(findTestObject("KeatMun/Form 7_default/OTC_Application_Reg/Page_PERKESO/10.button_Mohon")): Object: 'Object Repository/KeatMun/Form 7_default/OTC_Application_Reg/Page_PERKESO/10.button_Mohon' is clicked on

2019-02-18 17:03:30 - [MESSAGE][PASSED] - Object: 'Object Repository/KeatMun/Form 7_default/OTC_Application_Reg/Page_PERKESO/10.button_Mohon' is clicked on

2019-02-18 17:03:30 - [TEST_STEP][PASSED] - delay(2): Delayed 2 second(s)

2019-02-18 17:03:32 - [MESSAGE][PASSED] - Delayed 2 second(s)

2019-02-18 17:03:32 - [TEST_STEP][FAILED] - setText(findTestObject("KeatMun/Form 7_default/OTC_Application_Reg/Page_PERKESO/11.Tarikh Terima_stampedDtS"), "10/01/2019"): setText(findTestObject("KeatMun/Form 7_default/OTC_Application_Reg/Page_PERKESO/11.Tarikh Terima_stampedDtS"), "10/01/2019") FAILED.
Reason:
com.kms.katalon.core.exception.StepFailedException: Unable to set text '10/01/2019' of object 'Object Repository/KeatMun/Form 7_default/OTC_Application_Reg/Page_PERKESO/11.Tarikh Terima_stampedDtS' (Root cause: com.kms.katalon.core.webui.exception.WebElementNotFoundException: Web element with id: 'Object Repository/KeatMun/Form 7_default/OTC_Application_Reg/Page_PERKESO/11.Tarikh Terima_stampedDtS' located by 'By.xpath: //input[@id = 'stampedDtStr' and @name = 'stampedDtStr' and @type = 'text']' not found)
	at com.kms.katalon.core.keyword.internal.KeywordMain.stepFailed(KeywordMain.groovy:36)
	at com.kms.katalon.core.webui.keyword.internal.WebUIKeywordMain.stepFailed(WebUIKeywordMain.groovy:65)
	at com.kms.katalon.core.webui.keyword.internal.WebUIKeywordMain.runKeyword(WebUIKeywordMain.groovy:27)
	at com.kms.katalon.core.webui.keyword.builtin.SetTextKeyword.setText(SetTextKeyword.groovy:65)
	at com.kms.katalon.core.webui.keyword.builtin.SetTextKeyword.execute(SetTextKeyword.groovy:37)
	at com.kms.katalon.core.keyword.internal.KeywordExecutor.executeKeywordForPlatform(KeywordExecutor.groovy:53)
	at com.kms.katalon.core.webui.keyword.WebUiBuiltInKeywords.setText(WebUiBuiltInKeywords.groovy:950)
	at com.kms.katalon.core.webui.keyword.WebUiBuiltInKeywords$setText$1.call(Unknown Source)
	at OTC_Application_Reg.run(OTC_Application_Reg:74)
	at com.kms.katalon.core.main.ScriptEngine.run(ScriptEngine.java:194)
	at com.kms.katalon.core.main.ScriptEngine.runScriptAsRawText(ScriptEngine.java:119)
	at com.kms.katalon.core.main.TestCaseExecutor.runScript(TestCaseExecutor.java:328)
	at com.kms.katalon.core.main.TestCaseExecutor.doExecute(TestCaseExecutor.java:319)
	at com.kms.katalon.core.main.TestCaseExecutor.processExecutionPhase(TestCaseExecutor.java:298)
	at com.kms.katalon.core.main.TestCaseExecutor.accessMainPhase(TestCaseExecutor.java:290)
	at com.kms.katalon.core.main.TestCaseExecutor.execute(TestCaseExecutor.java:224)
	at com.kms.katalon.core.main.TestCaseMain.runTestCase(TestCaseMain.java:106)
	at com.kms.katalon.core.keyword.builtin.CallTestCaseKeyword$_callTestCase_closure1.doCall(CallTestCaseKeyword.groovy:59)
	at com.kms.katalon.core.keyword.builtin.CallTestCaseKeyword$_callTestCase_closure1.call(CallTestCaseKeyword.groovy)
	at com.kms.katalon.core.keyword.internal.KeywordMain.runKeyword(KeywordMain.groovy:54)
	at com.kms.katalon.core.keyword.builtin.CallTestCaseKeyword.callTestCase(CallTestCaseKeyword.groovy:80)
	at com.kms.katalon.core.keyword.builtin.CallTestCaseKeyword.execute(CallTestCaseKeyword.groovy:44)
	at com.kms.katalon.core.keyword.internal.KeywordExecutor.executeKeywordForPlatform(KeywordExecutor.groovy:53)
	at com.kms.katalon.core.keyword.BuiltinKeywords.callTestCase(BuiltinKeywords.groovy:334)
	at OTC_Submit Form 7_End to End - Cheque.run(OTC_Submit Form 7_End to End - Cheque:16)
	at com.kms.katalon.core.main.ScriptEngine.run(ScriptEngine.java:194)
	at com.kms.katalon.core.main.ScriptEngine.runScriptAsRawText(ScriptEngine.java:119)
	at com.kms.katalon.core.main.TestCaseExecutor.runScript(TestCaseExecutor.java:328)
	at com.kms.katalon.core.main.TestCaseExecutor.doExecute(TestCaseExecutor.java:319)
	at com.kms.katalon.core.main.TestCaseExecutor.processExecutionPhase(TestCaseExecutor.java:298)
	at com.kms.katalon.core.main.TestCaseExecutor.accessMainPhase(TestCaseExecutor.java:290)
	at com.kms.katalon.core.main.TestCaseExecutor.execute(TestCaseExecutor.java:224)
	at com.kms.katalon.core.main.TestCaseMain.runTestCase(TestCaseMain.java:106)
	at com.kms.katalon.core.keyword.builtin.CallTestCaseKeyword$_callTestCase_closure1.doCall(CallTestCaseKeyword.groovy:59)
	at com.kms.katalon.core.keyword.builtin.CallTestCaseKeyword$_callTestCase_closure1.call(CallTestCaseKeyword.groovy)
	at com.kms.katalon.core.keyword.internal.KeywordMain.runKeyword(KeywordMain.groovy:54)
	at com.kms.katalon.core.keyword.builtin.CallTestCaseKeyword.callTestCase(CallTestCaseKeyword.groovy:80)
	at com.kms.katalon.core.keyword.builtin.CallTestCaseKeyword.execute(CallTestCaseKeyword.groovy:44)
	at com.kms.katalon.core.keyword.internal.KeywordExecutor.executeKeywordForPlatform(KeywordExecutor.groovy:53)
	at com.kms.katalon.core.keyword.BuiltinKeywords.callTestCase(BuiltinKeywords.groovy:334)
	at Approve Application - JSA.run(Approve Application - JSA:16)
	at com.kms.katalon.core.main.ScriptEngine.run(ScriptEngine.java:194)
	at com.kms.katalon.core.main.ScriptEngine.runScriptAsRawText(ScriptEngine.java:119)
	at com.kms.katalon.core.main.TestCaseExecutor.runScript(TestCaseExecutor.java:328)
	at com.kms.katalon.core.main.TestCaseExecutor.doExecute(TestCaseExecutor.java:319)
	at com.kms.katalon.core.main.TestCaseExecutor.processExecutionPhase(TestCaseExecutor.java:298)
	at com.kms.katalon.core.main.TestCaseExecutor.accessMainPhase(TestCaseExecutor.java:290)
	at com.kms.katalon.core.main.TestCaseExecutor.execute(TestCaseExecutor.java:224)
	at com.kms.katalon.core.main.TestSuiteExecutor.accessTestCaseMainPhase(TestSuiteExecutor.java:129)
	at com.kms.katalon.core.main.TestSuiteExecutor.accessTestSuiteMainPhase(TestSuiteExecutor.java:112)
	at com.kms.katalon.core.main.TestSuiteExecutor.execute(TestSuiteExecutor.java:81)
	at com.kms.katalon.core.main.TestCaseMain.startTestSuite(TestCaseMain.java:149)
	at com.kms.katalon.core.main.TestCaseMain$startTestSuite$0.call(Unknown Source)
	at TempTestSuite1550476757023.run(TempTestSuite1550476757023.groovy:36)


2019-02-18 17:04:02 - [MESSAGE][INFO] - Unable to find the element located by 'By.xpath: //input[@id = 'stampedDtStr' and @name = 'stampedDtStr' and @type = 'text']'. Please recheck the objects properties to make sure the desired element is located. 

2019-02-18 17:04:04 - [MESSAGE][FAILED] - Unable to set text '10/01/2019' of object 'Object Repository/KeatMun/Form 7_default/OTC_Application_Reg/Page_PERKESO/11.Tarikh Terima_stampedDtS' (Root cause: com.kms.katalon.core.webui.exception.WebElementNotFoundException: Web element with id: 'Object Repository/KeatMun/Form 7_default/OTC_Application_Reg/Page_PERKESO/11.Tarikh Terima_stampedDtS' located by 'By.xpath: //input[@id = 'stampedDtStr' and @name = 'stampedDtStr' and @type = 'text']' not found)
[[ATTACHMENT|C:\\Users\\Admin\\Documents\\GitHub\\PKSKatalon\\PKS-EI-ES\\Reports\\New Test Suite\\20190218_155917\\1550480642729.png]]

2019-02-18 17:04:04 - [MESSAGE][FAILED] - setText(findTestObject("KeatMun/Form 7_default/OTC_Application_Reg/Page_PERKESO/11.Tarikh Terima_stampedDtS"), "10/01/2019") FAILED.
Reason:
com.kms.katalon.core.exception.StepFailedException: Unable to set text '10/01/2019' of object 'Object Repository/KeatMun/Form 7_default/OTC_Application_Reg/Page_PERKESO/11.Tarikh Terima_stampedDtS' (Root cause: com.kms.katalon.core.webui.exception.WebElementNotFoundException: Web element with id: 'Object Repository/KeatMun/Form 7_default/OTC_Application_Reg/Page_PERKESO/11.Tarikh Terima_stampedDtS' located by 'By.xpath: //input[@id = 'stampedDtStr' and @name = 'stampedDtStr' and @type = 'text']' not found)
	at com.kms.katalon.core.keyword.internal.KeywordMain.stepFailed(KeywordMain.groovy:36)
	at com.kms.katalon.core.webui.keyword.internal.WebUIKeywordMain.stepFailed(WebUIKeywordMain.groovy:65)
	at com.kms.katalon.core.webui.keyword.internal.WebUIKeywordMain.runKeyword(WebUIKeywordMain.groovy:27)
	at com.kms.katalon.core.webui.keyword.builtin.SetTextKeyword.setText(SetTextKeyword.groovy:65)
	at com.kms.katalon.core.webui.keyword.builtin.SetTextKeyword.execute(SetTextKeyword.groovy:37)
	at com.kms.katalon.core.keyword.internal.KeywordExecutor.executeKeywordForPlatform(KeywordExecutor.groovy:53)
	at com.kms.katalon.core.webui.keyword.WebUiBuiltInKeywords.setText(WebUiBuiltInKeywords.groovy:950)
	at com.kms.katalon.core.webui.keyword.WebUiBuiltInKeywords$setText$1.call(Unknown Source)
	at OTC_Application_Reg.run(OTC_Application_Reg:74)
	at com.kms.katalon.core.main.ScriptEngine.run(ScriptEngine.java:194)
	at com.kms.katalon.core.main.ScriptEngine.runScriptAsRawText(ScriptEngine.java:119)
	at com.kms.katalon.core.main.TestCaseExecutor.runScript(TestCaseExecutor.java:328)
	at com.kms.katalon.core.main.TestCaseExecutor.doExecute(TestCaseExecutor.java:319)
	at com.kms.katalon.core.main.TestCaseExecutor.processExecutionPhase(TestCaseExecutor.java:298)
	at com.kms.katalon.core.main.TestCaseExecutor.accessMainPhase(TestCaseExecutor.java:290)
	at com.kms.katalon.core.main.TestCaseExecutor.execute(TestCaseExecutor.java:224)
	at com.kms.katalon.core.main.TestCaseMain.runTestCase(TestCaseMain.java:106)
	at com.kms.katalon.core.keyword.builtin.CallTestCaseKeyword$_callTestCase_closure1.doCall(CallTestCaseKeyword.groovy:59)
	at com.kms.katalon.core.keyword.builtin.CallTestCaseKeyword$_callTestCase_closure1.call(CallTestCaseKeyword.groovy)
	at com.kms.katalon.core.keyword.internal.KeywordMain.runKeyword(KeywordMain.groovy:54)
	at com.kms.katalon.core.keyword.builtin.CallTestCaseKeyword.callTestCase(CallTestCaseKeyword.groovy:80)
	at com.kms.katalon.core.keyword.builtin.CallTestCaseKeyword.execute(CallTestCaseKeyword.groovy:44)
	at com.kms.katalon.core.keyword.internal.KeywordExecutor.executeKeywordForPlatform(KeywordExecutor.groovy:53)
	at com.kms.katalon.core.keyword.BuiltinKeywords.callTestCase(BuiltinKeywords.groovy:334)
	at OTC_Submit Form 7_End to End - Cheque.run(OTC_Submit Form 7_End to End - Cheque:16)
	at com.kms.katalon.core.main.ScriptEngine.run(ScriptEngine.java:194)
	at com.kms.katalon.core.main.ScriptEngine.runScriptAsRawText(ScriptEngine.java:119)
	at com.kms.katalon.core.main.TestCaseExecutor.runScript(TestCaseExecutor.java:328)
	at com.kms.katalon.core.main.TestCaseExecutor.doExecute(TestCaseExecutor.java:319)
	at com.kms.katalon.core.main.TestCaseExecutor.processExecutionPhase(TestCaseExecutor.java:298)
	at com.kms.katalon.core.main.TestCaseExecutor.accessMainPhase(TestCaseExecutor.java:290)
	at com.kms.katalon.core.main.TestCaseExecutor.execute(TestCaseExecutor.java:224)
	at com.kms.katalon.core.main.TestCaseMain.runTestCase(TestCaseMain.java:106)
	at com.kms.katalon.core.keyword.builtin.CallTestCaseKeyword$_callTestCase_closure1.doCall(CallTestCaseKeyword.groovy:59)
	at com.kms.katalon.core.keyword.builtin.CallTestCaseKeyword$_callTestCase_closure1.call(CallTestCaseKeyword.groovy)
	at com.kms.katalon.core.keyword.internal.KeywordMain.runKeyword(KeywordMain.groovy:54)
	at com.kms.katalon.core.keyword.builtin.CallTestCaseKeyword.callTestCase(CallTestCaseKeyword.groovy:80)
	at com.kms.katalon.core.keyword.builtin.CallTestCaseKeyword.execute(CallTestCaseKeyword.groovy:44)
	at com.kms.katalon.core.keyword.internal.KeywordExecutor.executeKeywordForPlatform(KeywordExecutor.groovy:53)
	at com.kms.katalon.core.keyword.BuiltinKeywords.callTestCase(BuiltinKeywords.groovy:334)
	at Approve Application - JSA.run(Approve Application - JSA:16)
	at com.kms.katalon.core.main.ScriptEngine.run(ScriptEngine.java:194)
	at com.kms.katalon.core.main.ScriptEngine.runScriptAsRawText(ScriptEngine.java:119)
	at com.kms.katalon.core.main.TestCaseExecutor.runScript(TestCaseExecutor.java:328)
	at com.kms.katalon.core.main.TestCaseExecutor.doExecute(TestCaseExecutor.java:319)
	at com.kms.katalon.core.main.TestCaseExecutor.processExecutionPhase(TestCaseExecutor.java:298)
	at com.kms.katalon.core.main.TestCaseExecutor.accessMainPhase(TestCaseExecutor.java:290)
	at com.kms.katalon.core.main.TestCaseExecutor.execute(TestCaseExecutor.java:224)
	at com.kms.katalon.core.main.TestSuiteExecutor.accessTestCaseMainPhase(TestSuiteExecutor.java:129)
	at com.kms.katalon.core.main.TestSuiteExecutor.accessTestSuiteMainPhase(TestSuiteExecutor.java:112)
	at com.kms.katalon.core.main.TestSuiteExecutor.execute(TestSuiteExecutor.java:81)
	at com.kms.katalon.core.main.TestCaseMain.startTestSuite(TestCaseMain.java:149)
	at com.kms.katalon.core.main.TestCaseMain$startTestSuite$0.call(Unknown Source)
	at TempTestSuite1550476757023.run(TempTestSuite1550476757023.groovy:36)


2019-02-18 17:04:04 - [MESSAGE][FAILED] - Unable to call Test Case 'Test Cases/All TC/Arranged/3. Unit/EI/Form 7_default/OTC_Application_Reg' (Root cause: com.kms.katalon.core.exception.StepFailedException: Call Test Case 'Test Cases/All TC/Arranged/3. Unit/EI/Form 7_default/OTC_Application_Reg' failed)

2019-02-18 17:04:04 - [MESSAGE][FAILED] - callTestCase(findTestCase("All TC/Arranged/3. Unit/EI/Form 7_default/OTC_Application_Reg"), [:], STOP_ON_FAILURE) FAILED.
Reason:
com.kms.katalon.core.exception.StepFailedException: Unable to set text '10/01/2019' of object 'Object Repository/KeatMun/Form 7_default/OTC_Application_Reg/Page_PERKESO/11.Tarikh Terima_stampedDtS' (Root cause: com.kms.katalon.core.webui.exception.WebElementNotFoundException: Web element with id: 'Object Repository/KeatMun/Form 7_default/OTC_Application_Reg/Page_PERKESO/11.Tarikh Terima_stampedDtS' located by 'By.xpath: //input[@id = 'stampedDtStr' and @name = 'stampedDtStr' and @type = 'text']' not found)
	at com.kms.katalon.core.keyword.internal.KeywordMain.stepFailed(KeywordMain.groovy:36)
	at com.kms.katalon.core.webui.keyword.internal.WebUIKeywordMain.stepFailed(WebUIKeywordMain.groovy:65)
	at com.kms.katalon.core.webui.keyword.internal.WebUIKeywordMain.runKeyword(WebUIKeywordMain.groovy:27)
	at com.kms.katalon.core.webui.keyword.builtin.SetTextKeyword.setText(SetTextKeyword.groovy:65)
	at com.kms.katalon.core.webui.keyword.builtin.SetTextKeyword.execute(SetTextKeyword.groovy:37)
	at com.kms.katalon.core.keyword.internal.KeywordExecutor.executeKeywordForPlatform(KeywordExecutor.groovy:53)
	at com.kms.katalon.core.webui.keyword.WebUiBuiltInKeywords.setText(WebUiBuiltInKeywords.groovy:950)
	at com.kms.katalon.core.webui.keyword.WebUiBuiltInKeywords$setText$1.call(Unknown Source)
	at OTC_Application_Reg.run(OTC_Application_Reg:74)
	at com.kms.katalon.core.main.ScriptEngine.run(ScriptEngine.java:194)
	at com.kms.katalon.core.main.ScriptEngine.runScriptAsRawText(ScriptEngine.java:119)
	at com.kms.katalon.core.main.TestCaseExecutor.runScript(TestCaseExecutor.java:328)
	at com.kms.katalon.core.main.TestCaseExecutor.doExecute(TestCaseExecutor.java:319)
	at com.kms.katalon.core.main.TestCaseExecutor.processExecutionPhase(TestCaseExecutor.java:298)
	at com.kms.katalon.core.main.TestCaseExecutor.accessMainPhase(TestCaseExecutor.java:290)
	at com.kms.katalon.core.main.TestCaseExecutor.execute(TestCaseExecutor.java:224)
	at com.kms.katalon.core.main.TestCaseMain.runTestCase(TestCaseMain.java:106)
	at com.kms.katalon.core.keyword.builtin.CallTestCaseKeyword$_callTestCase_closure1.doCall(CallTestCaseKeyword.groovy:59)
	at com.kms.katalon.core.keyword.builtin.CallTestCaseKeyword$_callTestCase_closure1.call(CallTestCaseKeyword.groovy)
	at com.kms.katalon.core.keyword.internal.KeywordMain.runKeyword(KeywordMain.groovy:54)
	at com.kms.katalon.core.keyword.builtin.CallTestCaseKeyword.callTestCase(CallTestCaseKeyword.groovy:80)
	at com.kms.katalon.core.keyword.builtin.CallTestCaseKeyword.execute(CallTestCaseKeyword.groovy:44)
	at com.kms.katalon.core.keyword.internal.KeywordExecutor.executeKeywordForPlatform(KeywordExecutor.groovy:53)
	at com.kms.katalon.core.keyword.BuiltinKeywords.callTestCase(BuiltinKeywords.groovy:334)
	at OTC_Submit Form 7_End to End - Cheque.run(OTC_Submit Form 7_End to End - Cheque:16)
	at com.kms.katalon.core.main.ScriptEngine.run(ScriptEngine.java:194)
	at com.kms.katalon.core.main.ScriptEngine.runScriptAsRawText(ScriptEngine.java:119)
	at com.kms.katalon.core.main.TestCaseExecutor.runScript(TestCaseExecutor.java:328)
	at com.kms.katalon.core.main.TestCaseExecutor.doExecute(TestCaseExecutor.java:319)
	at com.kms.katalon.core.main.TestCaseExecutor.processExecutionPhase(TestCaseExecutor.java:298)
	at com.kms.katalon.core.main.TestCaseExecutor.accessMainPhase(TestCaseExecutor.java:290)
	at com.kms.katalon.core.main.TestCaseExecutor.execute(TestCaseExecutor.java:224)
	at com.kms.katalon.core.main.TestCaseMain.runTestCase(TestCaseMain.java:106)
	at com.kms.katalon.core.keyword.builtin.CallTestCaseKeyword$_callTestCase_closure1.doCall(CallTestCaseKeyword.groovy:59)
	at com.kms.katalon.core.keyword.builtin.CallTestCaseKeyword$_callTestCase_closure1.call(CallTestCaseKeyword.groovy)
	at com.kms.katalon.core.keyword.internal.KeywordMain.runKeyword(KeywordMain.groovy:54)
	at com.kms.katalon.core.keyword.builtin.CallTestCaseKeyword.callTestCase(CallTestCaseKeyword.groovy:80)
	at com.kms.katalon.core.keyword.builtin.CallTestCaseKeyword.execute(CallTestCaseKeyword.groovy:44)
	at com.kms.katalon.core.keyword.internal.KeywordExecutor.executeKeywordForPlatform(KeywordExecutor.groovy:53)
	at com.kms.katalon.core.keyword.BuiltinKeywords.callTestCase(BuiltinKeywords.groovy:334)
	at Approve Application - JSA.run(Approve Application - JSA:16)
	at com.kms.katalon.core.main.ScriptEngine.run(ScriptEngine.java:194)
	at com.kms.katalon.core.main.ScriptEngine.runScriptAsRawText(ScriptEngine.java:119)
	at com.kms.katalon.core.main.TestCaseExecutor.runScript(TestCaseExecutor.java:328)
	at com.kms.katalon.core.main.TestCaseExecutor.doExecute(TestCaseExecutor.java:319)
	at com.kms.katalon.core.main.TestCaseExecutor.processExecutionPhase(TestCaseExecutor.java:298)
	at com.kms.katalon.core.main.TestCaseExecutor.accessMainPhase(TestCaseExecutor.java:290)
	at com.kms.katalon.core.main.TestCaseExecutor.execute(TestCaseExecutor.java:224)
	at com.kms.katalon.core.main.TestSuiteExecutor.accessTestCaseMainPhase(TestSuiteExecutor.java:129)
	at com.kms.katalon.core.main.TestSuiteExecutor.accessTestSuiteMainPhase(TestSuiteExecutor.java:112)
	at com.kms.katalon.core.main.TestSuiteExecutor.execute(TestSuiteExecutor.java:81)
	at com.kms.katalon.core.main.TestCaseMain.startTestSuite(TestCaseMain.java:149)
	at com.kms.katalon.core.main.TestCaseMain$startTestSuite$0.call(Unknown Source)
	at TempTestSuite1550476757023.run(TempTestSuite1550476757023.groovy:36)


2019-02-18 17:04:05 - [MESSAGE][FAILED] - Unable to call Test Case 'Test Cases/All TC/Arranged/2. Segment/OTC_Submit Form 7_End to End - Cheque' (Root cause: com.kms.katalon.core.exception.StepFailedException: Call Test Case 'Test Cases/All TC/Arranged/2. Segment/OTC_Submit Form 7_End to End - Cheque' failed)

2019-02-18 17:04:05 - [MESSAGE][FAILED] - callTestCase(findTestCase("All TC/Arranged/2. Segment/OTC_Submit Form 7_End to End - Cheque"), [:], STOP_ON_FAILURE) FAILED.
Reason:
com.kms.katalon.core.exception.StepFailedException: Unable to set text '10/01/2019' of object 'Object Repository/KeatMun/Form 7_default/OTC_Application_Reg/Page_PERKESO/11.Tarikh Terima_stampedDtS' (Root cause: com.kms.katalon.core.webui.exception.WebElementNotFoundException: Web element with id: 'Object Repository/KeatMun/Form 7_default/OTC_Application_Reg/Page_PERKESO/11.Tarikh Terima_stampedDtS' located by 'By.xpath: //input[@id = 'stampedDtStr' and @name = 'stampedDtStr' and @type = 'text']' not found)
	at com.kms.katalon.core.keyword.internal.KeywordMain.stepFailed(KeywordMain.groovy:36)
	at com.kms.katalon.core.webui.keyword.internal.WebUIKeywordMain.stepFailed(WebUIKeywordMain.groovy:65)
	at com.kms.katalon.core.webui.keyword.internal.WebUIKeywordMain.runKeyword(WebUIKeywordMain.groovy:27)
	at com.kms.katalon.core.webui.keyword.builtin.SetTextKeyword.setText(SetTextKeyword.groovy:65)
	at com.kms.katalon.core.webui.keyword.builtin.SetTextKeyword.execute(SetTextKeyword.groovy:37)
	at com.kms.katalon.core.keyword.internal.KeywordExecutor.executeKeywordForPlatform(KeywordExecutor.groovy:53)
	at com.kms.katalon.core.webui.keyword.WebUiBuiltInKeywords.setText(WebUiBuiltInKeywords.groovy:950)
	at com.kms.katalon.core.webui.keyword.WebUiBuiltInKeywords$setText$1.call(Unknown Source)
	at OTC_Application_Reg.run(OTC_Application_Reg:74)
	at com.kms.katalon.core.main.ScriptEngine.run(ScriptEngine.java:194)
	at com.kms.katalon.core.main.ScriptEngine.runScriptAsRawText(ScriptEngine.java:119)
	at com.kms.katalon.core.main.TestCaseExecutor.runScript(TestCaseExecutor.java:328)
	at com.kms.katalon.core.main.TestCaseExecutor.doExecute(TestCaseExecutor.java:319)
	at com.kms.katalon.core.main.TestCaseExecutor.processExecutionPhase(TestCaseExecutor.java:298)
	at com.kms.katalon.core.main.TestCaseExecutor.accessMainPhase(TestCaseExecutor.java:290)
	at com.kms.katalon.core.main.TestCaseExecutor.execute(TestCaseExecutor.java:224)
	at com.kms.katalon.core.main.TestCaseMain.runTestCase(TestCaseMain.java:106)
	at com.kms.katalon.core.keyword.builtin.CallTestCaseKeyword$_callTestCase_closure1.doCall(CallTestCaseKeyword.groovy:59)
	at com.kms.katalon.core.keyword.builtin.CallTestCaseKeyword$_callTestCase_closure1.call(CallTestCaseKeyword.groovy)
	at com.kms.katalon.core.keyword.internal.KeywordMain.runKeyword(KeywordMain.groovy:54)
	at com.kms.katalon.core.keyword.builtin.CallTestCaseKeyword.callTestCase(CallTestCaseKeyword.groovy:80)
	at com.kms.katalon.core.keyword.builtin.CallTestCaseKeyword.execute(CallTestCaseKeyword.groovy:44)
	at com.kms.katalon.core.keyword.internal.KeywordExecutor.executeKeywordForPlatform(KeywordExecutor.groovy:53)
	at com.kms.katalon.core.keyword.BuiltinKeywords.callTestCase(BuiltinKeywords.groovy:334)
	at OTC_Submit Form 7_End to End - Cheque.run(OTC_Submit Form 7_End to End - Cheque:16)
	at com.kms.katalon.core.main.ScriptEngine.run(ScriptEngine.java:194)
	at com.kms.katalon.core.main.ScriptEngine.runScriptAsRawText(ScriptEngine.java:119)
	at com.kms.katalon.core.main.TestCaseExecutor.runScript(TestCaseExecutor.java:328)
	at com.kms.katalon.core.main.TestCaseExecutor.doExecute(TestCaseExecutor.java:319)
	at com.kms.katalon.core.main.TestCaseExecutor.processExecutionPhase(TestCaseExecutor.java:298)
	at com.kms.katalon.core.main.TestCaseExecutor.accessMainPhase(TestCaseExecutor.java:290)
	at com.kms.katalon.core.main.TestCaseExecutor.execute(TestCaseExecutor.java:224)
	at com.kms.katalon.core.main.TestCaseMain.runTestCase(TestCaseMain.java:106)
	at com.kms.katalon.core.keyword.builtin.CallTestCaseKeyword$_callTestCase_closure1.doCall(CallTestCaseKeyword.groovy:59)
	at com.kms.katalon.core.keyword.builtin.CallTestCaseKeyword$_callTestCase_closure1.call(CallTestCaseKeyword.groovy)
	at com.kms.katalon.core.keyword.internal.KeywordMain.runKeyword(KeywordMain.groovy:54)
	at com.kms.katalon.core.keyword.builtin.CallTestCaseKeyword.callTestCase(CallTestCaseKeyword.groovy:80)
	at com.kms.katalon.core.keyword.builtin.CallTestCaseKeyword.execute(CallTestCaseKeyword.groovy:44)
	at com.kms.katalon.core.keyword.internal.KeywordExecutor.executeKeywordForPlatform(KeywordExecutor.groovy:53)
	at com.kms.katalon.core.keyword.BuiltinKeywords.callTestCase(BuiltinKeywords.groovy:334)
	at Approve Application - JSA.run(Approve Application - JSA:16)
	at com.kms.katalon.core.main.ScriptEngine.run(ScriptEngine.java:194)
	at com.kms.katalon.core.main.ScriptEngine.runScriptAsRawText(ScriptEngine.java:119)
	at com.kms.katalon.core.main.TestCaseExecutor.runScript(TestCaseExecutor.java:328)
	at com.kms.katalon.core.main.TestCaseExecutor.doExecute(TestCaseExecutor.java:319)
	at com.kms.katalon.core.main.TestCaseExecutor.processExecutionPhase(TestCaseExecutor.java:298)
	at com.kms.katalon.core.main.TestCaseExecutor.accessMainPhase(TestCaseExecutor.java:290)
	at com.kms.katalon.core.main.TestCaseExecutor.execute(TestCaseExecutor.java:224)
	at com.kms.katalon.core.main.TestSuiteExecutor.accessTestCaseMainPhase(TestSuiteExecutor.java:129)
	at com.kms.katalon.core.main.TestSuiteExecutor.accessTestSuiteMainPhase(TestSuiteExecutor.java:112)
	at com.kms.katalon.core.main.TestSuiteExecutor.execute(TestSuiteExecutor.java:81)
	at com.kms.katalon.core.main.TestCaseMain.startTestSuite(TestCaseMain.java:149)
	at com.kms.katalon.core.main.TestCaseMain$startTestSuite$0.call(Unknown Source)
	at TempTestSuite1550476757023.run(TempTestSuite1550476757023.groovy:36)]]></system-out>
         <system-err><![CDATA[2019-02-18 17:02:13 - [TEST_CASE][FAILED] - Test Cases/All TC/Arranged/0. Full Flow/Approve Application - JSA: Test Cases/All TC/Arranged/0. Full Flow/Approve Application - JSA FAILED.
Reason:
com.kms.katalon.core.exception.StepFailedException: Unable to set text '10/01/2019' of object 'Object Repository/KeatMun/Form 7_default/OTC_Application_Reg/Page_PERKESO/11.Tarikh Terima_stampedDtS' (Root cause: com.kms.katalon.core.webui.exception.WebElementNotFoundException: Web element with id: 'Object Repository/KeatMun/Form 7_default/OTC_Application_Reg/Page_PERKESO/11.Tarikh Terima_stampedDtS' located by 'By.xpath: //input[@id = 'stampedDtStr' and @name = 'stampedDtStr' and @type = 'text']' not found)
	at com.kms.katalon.core.keyword.internal.KeywordMain.stepFailed(KeywordMain.groovy:36)
	at com.kms.katalon.core.webui.keyword.internal.WebUIKeywordMain.stepFailed(WebUIKeywordMain.groovy:65)
	at com.kms.katalon.core.webui.keyword.internal.WebUIKeywordMain.runKeyword(WebUIKeywordMain.groovy:27)
	at com.kms.katalon.core.webui.keyword.builtin.SetTextKeyword.setText(SetTextKeyword.groovy:65)
	at com.kms.katalon.core.webui.keyword.builtin.SetTextKeyword.execute(SetTextKeyword.groovy:37)
	at com.kms.katalon.core.keyword.internal.KeywordExecutor.executeKeywordForPlatform(KeywordExecutor.groovy:53)
	at com.kms.katalon.core.webui.keyword.WebUiBuiltInKeywords.setText(WebUiBuiltInKeywords.groovy:950)
	at com.kms.katalon.core.webui.keyword.WebUiBuiltInKeywords$setText$1.call(Unknown Source)
	at OTC_Application_Reg.run(OTC_Application_Reg:74)
	at com.kms.katalon.core.main.ScriptEngine.run(ScriptEngine.java:194)
	at com.kms.katalon.core.main.ScriptEngine.runScriptAsRawText(ScriptEngine.java:119)
	at com.kms.katalon.core.main.TestCaseExecutor.runScript(TestCaseExecutor.java:328)
	at com.kms.katalon.core.main.TestCaseExecutor.doExecute(TestCaseExecutor.java:319)
	at com.kms.katalon.core.main.TestCaseExecutor.processExecutionPhase(TestCaseExecutor.java:298)
	at com.kms.katalon.core.main.TestCaseExecutor.accessMainPhase(TestCaseExecutor.java:290)
	at com.kms.katalon.core.main.TestCaseExecutor.execute(TestCaseExecutor.java:224)
	at com.kms.katalon.core.main.TestCaseMain.runTestCase(TestCaseMain.java:106)
	at com.kms.katalon.core.keyword.builtin.CallTestCaseKeyword$_callTestCase_closure1.doCall(CallTestCaseKeyword.groovy:59)
	at com.kms.katalon.core.keyword.builtin.CallTestCaseKeyword$_callTestCase_closure1.call(CallTestCaseKeyword.groovy)
	at com.kms.katalon.core.keyword.internal.KeywordMain.runKeyword(KeywordMain.groovy:54)
	at com.kms.katalon.core.keyword.builtin.CallTestCaseKeyword.callTestCase(CallTestCaseKeyword.groovy:80)
	at com.kms.katalon.core.keyword.builtin.CallTestCaseKeyword.execute(CallTestCaseKeyword.groovy:44)
	at com.kms.katalon.core.keyword.internal.KeywordExecutor.executeKeywordForPlatform(KeywordExecutor.groovy:53)
	at com.kms.katalon.core.keyword.BuiltinKeywords.callTestCase(BuiltinKeywords.groovy:334)
	at OTC_Submit Form 7_End to End - Cheque.run(OTC_Submit Form 7_End to End - Cheque:16)
	at com.kms.katalon.core.main.ScriptEngine.run(ScriptEngine.java:194)
	at com.kms.katalon.core.main.ScriptEngine.runScriptAsRawText(ScriptEngine.java:119)
	at com.kms.katalon.core.main.TestCaseExecutor.runScript(TestCaseExecutor.java:328)
	at com.kms.katalon.core.main.TestCaseExecutor.doExecute(TestCaseExecutor.java:319)
	at com.kms.katalon.core.main.TestCaseExecutor.processExecutionPhase(TestCaseExecutor.java:298)
	at com.kms.katalon.core.main.TestCaseExecutor.accessMainPhase(TestCaseExecutor.java:290)
	at com.kms.katalon.core.main.TestCaseExecutor.execute(TestCaseExecutor.java:224)
	at com.kms.katalon.core.main.TestCaseMain.runTestCase(TestCaseMain.java:106)
	at com.kms.katalon.core.keyword.builtin.CallTestCaseKeyword$_callTestCase_closure1.doCall(CallTestCaseKeyword.groovy:59)
	at com.kms.katalon.core.keyword.builtin.CallTestCaseKeyword$_callTestCase_closure1.call(CallTestCaseKeyword.groovy)
	at com.kms.katalon.core.keyword.internal.KeywordMain.runKeyword(KeywordMain.groovy:54)
	at com.kms.katalon.core.keyword.builtin.CallTestCaseKeyword.callTestCase(CallTestCaseKeyword.groovy:80)
	at com.kms.katalon.core.keyword.builtin.CallTestCaseKeyword.execute(CallTestCaseKeyword.groovy:44)
	at com.kms.katalon.core.keyword.internal.KeywordExecutor.executeKeywordForPlatform(KeywordExecutor.groovy:53)
	at com.kms.katalon.core.keyword.BuiltinKeywords.callTestCase(BuiltinKeywords.groovy:334)
	at Approve Application - JSA.run(Approve Application - JSA:16)
	at com.kms.katalon.core.main.ScriptEngine.run(ScriptEngine.java:194)
	at com.kms.katalon.core.main.ScriptEngine.runScriptAsRawText(ScriptEngine.java:119)
	at com.kms.katalon.core.main.TestCaseExecutor.runScript(TestCaseExecutor.java:328)
	at com.kms.katalon.core.main.TestCaseExecutor.doExecute(TestCaseExecutor.java:319)
	at com.kms.katalon.core.main.TestCaseExecutor.processExecutionPhase(TestCaseExecutor.java:298)
	at com.kms.katalon.core.main.TestCaseExecutor.accessMainPhase(TestCaseExecutor.java:290)
	at com.kms.katalon.core.main.TestCaseExecutor.execute(TestCaseExecutor.java:224)
	at com.kms.katalon.core.main.TestSuiteExecutor.accessTestCaseMainPhase(TestSuiteExecutor.java:129)
	at com.kms.katalon.core.main.TestSuiteExecutor.accessTestSuiteMainPhase(TestSuiteExecutor.java:112)
	at com.kms.katalon.core.main.TestSuiteExecutor.execute(TestSuiteExecutor.java:81)
	at com.kms.katalon.core.main.TestCaseMain.startTestSuite(TestCaseMain.java:149)
	at com.kms.katalon.core.main.TestCaseMain$startTestSuite$0.call(Unknown Source)
	at TempTestSuite1550476757023.run(TempTestSuite1550476757023.groovy:36)]]></system-err>
      </testcase>
      <system-out><![CDATA[2019-02-18 15:59:19 - [TEST_SUITE][FAILED] - New Test Suite: Test Cases/All TC/Arranged/0. Full Flow/Submit Form 7 (General) - Case Reassignment Same Branch SEIO FAILED.
Reason:
com.kms.katalon.core.exception.StepFailedException: Unable to click on object 'Object Repository/ZhiHao/General_User_Submit_form 7/GN_Application_Reg/Page_PERKESO/select_pejabat_perkeso' (Root cause: org.openqa.selenium.UnhandledAlertException: unexpected alert open: {Alert text : HARAP MAKLUM

PERMOHONAN FAEDAH SIP TELAH DIBUAT BAGI PEKERJAAN INI. MOHON MENYEMAK SEMULA STATUS PERMOHONAN BAGI TUNTUTAN FAEDAH TERSEBUT}
  (Session info: chrome=72.0.3626.109)
  (Driver info: chromedriver=2.43.600210 (68dcf5eebde37173d4027fa8635e332711d2874a),platform=Windows NT 6.1.7601 SP1 x86_64) (WARNING: The server did not provide any stacktrace information)
Command duration or timeout: 0 milliseconds: null
Build info: version: '3.7.1', revision: '8a0099a', time: '2017-11-06T21:07:36.161Z'
System info: host: 'WIN7TEST02', ip: '10.20.3.72', os.name: 'Windows 7', os.arch: 'amd64', os.version: '6.1', java.version: '1.8.0_181'
Driver info: com.kms.katalon.selenium.driver.CChromeDriver
Capabilities {acceptInsecureCerts: false, acceptSslCerts: false, applicationCacheEnabled: false, browserConnectionEnabled: false, browserName: chrome, chrome: {chromedriverVersion: 2.43.600210 (68dcf5eebde371..., userDataDir: C:\Users\Admin\AppData\Loca...}, cssSelectorsEnabled: true, databaseEnabled: false, goog:chromeOptions: {debuggerAddress: localhost:64724}, handlesAlerts: true, hasTouchScreen: false, javascriptEnabled: true, locationContextEnabled: true, mobileEmulationEnabled: false, nativeEvents: true, networkConnectionEnabled: false, pageLoadStrategy: normal, platform: XP, platformName: XP, rotatable: false, setWindowRect: true, takesHeapSnapshot: true, takesScreenshot: true, unexpectedAlertBehaviour: , unhandledPromptBehavior: , version: 72.0.3626.109, webStorageEnabled: true}
Session ID: 362279706e58165976387008813c3af5
*** Element info: {Using=xpath, value=//select[@id = 'perkesoOfficeId' and @name = 'perkesoOfficeId' and (text() = '
										--Sila Pilih--
										
											Pejabat PERKESO Batu Pahat
										
											Pejabat PERKESO Beaufort
										
											Pejabat PERKESO Bentong
										
											Pejabat PERKESO Bintulu
										
											Pejabat PERKESO Dungun
										
											Pejabat PERKESO Georgetown
										
											Pejabat PERKESO Kajang
										
											Pejabat PERKESO Kapit
										
											Pejabat PERKESO Kemaman
										
											Pejabat PERKESO Keningau
										
											Pejabat PERKESO Klang
										
											Pejabat PERKESO Kluang
										
											Pejabat PERKESO Kota Marudu
										
											Pejabat PERKESO Kuala Kangsar
										
											Pejabat PERKESO Kuala Krai
										
											Pejabat PERKESO Kuala Pilah
										
											Pejabat PERKESO Kulim
										
											Pejabat PERKESO Labuan
										
											Pejabat PERKESO Lahad Datu
										
											Pejabat PERKESO Langkawi
										
											Pejabat PERKESO Limbang
										
											Pejabat PERKESO Miri
										
											Pejabat PERKESO Muar
										
											Pejabat PERKESO Mukah
										
											Pejabat PERKESO Negeri Johor
										
											Pejabat PERKESO Negeri Kedah
										
											Pejabat PERKESO Negeri Kelantan
										
											Pejabat PERKESO Negeri Melaka
										
											Pejabat PERKESO Negeri Pahang
										
											Pejabat PERKESO Negeri Perak
										
											Pejabat PERKESO Negeri Perlis
										
											Pejabat PERKESO Negeri Pulau Pinang
										
											Pejabat PERKESO Negeri Sabah
										
											Pejabat PERKESO Negeri Sarawak
										
											Pejabat PERKESO Negeri Selangor
										
											Pejabat PERKESO Negeri Sembilan
										
											Pejabat PERKESO Negeri Terengganu
										
											Pejabat PERKESO Negeri W.P Kuala Lumpur
										
											Pejabat PERKESO Rawang
										
											Pejabat PERKESO Sandakan
										
											Pejabat PERKESO Sarikei
										
											Pejabat PERKESO Segamat
										
											Pejabat PERKESO Serian
										
											Pejabat PERKESO Sibu
										
											Pejabat PERKESO Sri Aman
										
											Pejabat PERKESO Sri Manjung
										
											Pejabat PERKESO Sungai Petani
										
											Pejabat PERKESO Taiping
										
											Pejabat PERKESO Tanjung Karang
										
											Pejabat PERKESO Tapah
										
											Pejabat PERKESO Tawau
										
											Pejabat PERKESO Teluk Intan
										
											Pejabat PERKESO Temerloh
										
									' or . = '
										--Sila Pilih--
										
											Pejabat PERKESO Batu Pahat
										
											Pejabat PERKESO Beaufort
										
											Pejabat PERKESO Bentong
										
											Pejabat PERKESO Bintulu
										
											Pejabat PERKESO Dungun
										
											Pejabat PERKESO Georgetown
										
											Pejabat PERKESO Kajang
										
											Pejabat PERKESO Kapit
										
											Pejabat PERKESO Kemaman
										
											Pejabat PERKESO Keningau
										
											Pejabat PERKESO Klang
										
											Pejabat PERKESO Kluang
										
											Pejabat PERKESO Kota Marudu
										
											Pejabat PERKESO Kuala Kangsar
										
											Pejabat PERKESO Kuala Krai
										
											Pejabat PERKESO Kuala Pilah
										
											Pejabat PERKESO Kulim
										
											Pejabat PERKESO Labuan
										
											Pejabat PERKESO Lahad Datu
										
											Pejabat PERKESO Langkawi
										
											Pejabat PERKESO Limbang
										
											Pejabat PERKESO Miri
										
											Pejabat PERKESO Muar
										
											Pejabat PERKESO Mukah
										
											Pejabat PERKESO Negeri Johor
										
											Pejabat PERKESO Negeri Kedah
										
											Pejabat PERKESO Negeri Kelantan
										
											Pejabat PERKESO Negeri Melaka
										
											Pejabat PERKESO Negeri Pahang
										
											Pejabat PERKESO Negeri Perak
										
											Pejabat PERKESO Negeri Perlis
										
											Pejabat PERKESO Negeri Pulau Pinang
										
											Pejabat PERKESO Negeri Sabah
										
											Pejabat PERKESO Negeri Sarawak
										
											Pejabat PERKESO Negeri Selangor
										
											Pejabat PERKESO Negeri Sembilan
										
											Pejabat PERKESO Negeri Terengganu
										
											Pejabat PERKESO Negeri W.P Kuala Lumpur
										
											Pejabat PERKESO Rawang
										
											Pejabat PERKESO Sandakan
										
											Pejabat PERKESO Sarikei
										
											Pejabat PERKESO Segamat
										
											Pejabat PERKESO Serian
										
											Pejabat PERKESO Sibu
										
											Pejabat PERKESO Sri Aman
										
											Pejabat PERKESO Sri Manjung
										
											Pejabat PERKESO Sungai Petani
										
											Pejabat PERKESO Taiping
										
											Pejabat PERKESO Tanjung Karang
										
											Pejabat PERKESO Tapah
										
											Pejabat PERKESO Tawau
										
											Pejabat PERKESO Teluk Intan
										
											Pejabat PERKESO Temerloh
										
									')]})
	at com.kms.katalon.core.keyword.internal.KeywordMain.stepFailed(KeywordMain.groovy:36)
	at com.kms.katalon.core.webui.keyword.internal.WebUIKeywordMain.stepFailed(WebUIKeywordMain.groovy:65)
	at com.kms.katalon.core.webui.keyword.internal.WebUIKeywordMain.runKeyword(WebUIKeywordMain.groovy:27)
	at com.kms.katalon.core.webui.keyword.builtin.ClickKeyword.click(ClickKeyword.groovy:86)
	at com.kms.katalon.core.webui.keyword.builtin.ClickKeyword.execute(ClickKeyword.groovy:67)
	at com.kms.katalon.core.keyword.internal.KeywordExecutor.executeKeywordForPlatform(KeywordExecutor.groovy:53)
	at com.kms.katalon.core.webui.keyword.WebUiBuiltInKeywords.click(WebUiBuiltInKeywords.groovy:616)
	at com.kms.katalon.core.webui.keyword.WebUiBuiltInKeywords$click$3.call(Unknown Source)
	at GN_Application_Reg.run(GN_Application_Reg:48)
	at com.kms.katalon.core.main.ScriptEngine.run(ScriptEngine.java:194)
	at com.kms.katalon.core.main.ScriptEngine.runScriptAsRawText(ScriptEngine.java:119)
	at com.kms.katalon.core.main.TestCaseExecutor.runScript(TestCaseExecutor.java:328)
	at com.kms.katalon.core.main.TestCaseExecutor.doExecute(TestCaseExecutor.java:319)
	at com.kms.katalon.core.main.TestCaseExecutor.processExecutionPhase(TestCaseExecutor.java:298)
	at com.kms.katalon.core.main.TestCaseExecutor.accessMainPhase(TestCaseExecutor.java:290)
	at com.kms.katalon.core.main.TestCaseExecutor.execute(TestCaseExecutor.java:224)
	at com.kms.katalon.core.main.TestCaseMain.runTestCase(TestCaseMain.java:106)
	at com.kms.katalon.core.keyword.builtin.CallTestCaseKeyword$_callTestCase_closure1.doCall(CallTestCaseKeyword.groovy:59)
	at com.kms.katalon.core.keyword.builtin.CallTestCaseKeyword$_callTestCase_closure1.call(CallTestCaseKeyword.groovy)
	at com.kms.katalon.core.keyword.internal.KeywordMain.runKeyword(KeywordMain.groovy:54)
	at com.kms.katalon.core.keyword.builtin.CallTestCaseKeyword.callTestCase(CallTestCaseKeyword.groovy:80)
	at com.kms.katalon.core.keyword.builtin.CallTestCaseKeyword.execute(CallTestCaseKeyword.groovy:44)
	at com.kms.katalon.core.keyword.internal.KeywordExecutor.executeKeywordForPlatform(KeywordExecutor.groovy:53)
	at com.kms.katalon.core.keyword.BuiltinKeywords.callTestCase(BuiltinKeywords.groovy:334)
	at GN_Submit Form 7_End to End.run(GN_Submit Form 7_End to End:16)
	at com.kms.katalon.core.main.ScriptEngine.run(ScriptEngine.java:194)
	at com.kms.katalon.core.main.ScriptEngine.runScriptAsRawText(ScriptEngine.java:119)
	at com.kms.katalon.core.main.TestCaseExecutor.runScript(TestCaseExecutor.java:328)
	at com.kms.katalon.core.main.TestCaseExecutor.doExecute(TestCaseExecutor.java:319)
	at com.kms.katalon.core.main.TestCaseExecutor.processExecutionPhase(TestCaseExecutor.java:298)
	at com.kms.katalon.core.main.TestCaseExecutor.accessMainPhase(TestCaseExecutor.java:290)
	at com.kms.katalon.core.main.TestCaseExecutor.execute(TestCaseExecutor.java:224)
	at com.kms.katalon.core.main.TestCaseMain.runTestCase(TestCaseMain.java:106)
	at com.kms.katalon.core.keyword.builtin.CallTestCaseKeyword$_callTestCase_closure1.doCall(CallTestCaseKeyword.groovy:59)
	at com.kms.katalon.core.keyword.builtin.CallTestCaseKeyword$_callTestCase_closure1.call(CallTestCaseKeyword.groovy)
	at com.kms.katalon.core.keyword.internal.KeywordMain.runKeyword(KeywordMain.groovy:54)
	at com.kms.katalon.core.keyword.builtin.CallTestCaseKeyword.callTestCase(CallTestCaseKeyword.groovy:80)
	at com.kms.katalon.core.keyword.builtin.CallTestCaseKeyword.execute(CallTestCaseKeyword.groovy:44)
	at com.kms.katalon.core.keyword.internal.KeywordExecutor.executeKeywordForPlatform(KeywordExecutor.groovy:53)
	at com.kms.katalon.core.keyword.BuiltinKeywords.callTestCase(BuiltinKeywords.groovy:334)
	at Submit Form 7 (General) - Case Reassignment Same Branch SEIO.run(Submit Form 7 (General) - Case Reassignment Same Branch SEIO:16)
	at com.kms.katalon.core.main.ScriptEngine.run(ScriptEngine.java:194)
	at com.kms.katalon.core.main.ScriptEngine.runScriptAsRawText(ScriptEngine.java:119)
	at com.kms.katalon.core.main.TestCaseExecutor.runScript(TestCaseExecutor.java:328)
	at com.kms.katalon.core.main.TestCaseExecutor.doExecute(TestCaseExecutor.java:319)
	at com.kms.katalon.core.main.TestCaseExecutor.processExecutionPhase(TestCaseExecutor.java:298)
	at com.kms.katalon.core.main.TestCaseExecutor.accessMainPhase(TestCaseExecutor.java:290)
	at com.kms.katalon.core.main.TestCaseExecutor.execute(TestCaseExecutor.java:224)
	at com.kms.katalon.core.main.TestSuiteExecutor.accessTestCaseMainPhase(TestSuiteExecutor.java:129)
	at com.kms.katalon.core.main.TestSuiteExecutor.accessTestSuiteMainPhase(TestSuiteExecutor.java:112)
	at com.kms.katalon.core.main.TestSuiteExecutor.execute(TestSuiteExecutor.java:81)
	at com.kms.katalon.core.main.TestCaseMain.startTestSuite(TestCaseMain.java:149)
	at com.kms.katalon.core.main.TestCaseMain$startTestSuite$0.call(Unknown Source)
	at TempTestSuite1550476757023.run(TempTestSuite1550476757023.groovy:36)]]></system-out>
      <system-err><![CDATA[2019-02-18 15:59:19 - [TEST_SUITE][FAILED] - New Test Suite: Test Cases/All TC/Arranged/0. Full Flow/Submit Form 7 (General) - Case Reassignment Same Branch SEIO FAILED.
Reason:
com.kms.katalon.core.exception.StepFailedException: Unable to click on object 'Object Repository/ZhiHao/General_User_Submit_form 7/GN_Application_Reg/Page_PERKESO/select_pejabat_perkeso' (Root cause: org.openqa.selenium.UnhandledAlertException: unexpected alert open: {Alert text : HARAP MAKLUM

PERMOHONAN FAEDAH SIP TELAH DIBUAT BAGI PEKERJAAN INI. MOHON MENYEMAK SEMULA STATUS PERMOHONAN BAGI TUNTUTAN FAEDAH TERSEBUT}
  (Session info: chrome=72.0.3626.109)
  (Driver info: chromedriver=2.43.600210 (68dcf5eebde37173d4027fa8635e332711d2874a),platform=Windows NT 6.1.7601 SP1 x86_64) (WARNING: The server did not provide any stacktrace information)
Command duration or timeout: 0 milliseconds: null
Build info: version: '3.7.1', revision: '8a0099a', time: '2017-11-06T21:07:36.161Z'
System info: host: 'WIN7TEST02', ip: '10.20.3.72', os.name: 'Windows 7', os.arch: 'amd64', os.version: '6.1', java.version: '1.8.0_181'
Driver info: com.kms.katalon.selenium.driver.CChromeDriver
Capabilities {acceptInsecureCerts: false, acceptSslCerts: false, applicationCacheEnabled: false, browserConnectionEnabled: false, browserName: chrome, chrome: {chromedriverVersion: 2.43.600210 (68dcf5eebde371..., userDataDir: C:\Users\Admin\AppData\Loca...}, cssSelectorsEnabled: true, databaseEnabled: false, goog:chromeOptions: {debuggerAddress: localhost:64724}, handlesAlerts: true, hasTouchScreen: false, javascriptEnabled: true, locationContextEnabled: true, mobileEmulationEnabled: false, nativeEvents: true, networkConnectionEnabled: false, pageLoadStrategy: normal, platform: XP, platformName: XP, rotatable: false, setWindowRect: true, takesHeapSnapshot: true, takesScreenshot: true, unexpectedAlertBehaviour: , unhandledPromptBehavior: , version: 72.0.3626.109, webStorageEnabled: true}
Session ID: 362279706e58165976387008813c3af5
*** Element info: {Using=xpath, value=//select[@id = 'perkesoOfficeId' and @name = 'perkesoOfficeId' and (text() = '
										--Sila Pilih--
										
											Pejabat PERKESO Batu Pahat
										
											Pejabat PERKESO Beaufort
										
											Pejabat PERKESO Bentong
										
											Pejabat PERKESO Bintulu
										
											Pejabat PERKESO Dungun
										
											Pejabat PERKESO Georgetown
										
											Pejabat PERKESO Kajang
										
											Pejabat PERKESO Kapit
										
											Pejabat PERKESO Kemaman
										
											Pejabat PERKESO Keningau
										
											Pejabat PERKESO Klang
										
											Pejabat PERKESO Kluang
										
											Pejabat PERKESO Kota Marudu
										
											Pejabat PERKESO Kuala Kangsar
										
											Pejabat PERKESO Kuala Krai
										
											Pejabat PERKESO Kuala Pilah
										
											Pejabat PERKESO Kulim
										
											Pejabat PERKESO Labuan
										
											Pejabat PERKESO Lahad Datu
										
											Pejabat PERKESO Langkawi
										
											Pejabat PERKESO Limbang
										
											Pejabat PERKESO Miri
										
											Pejabat PERKESO Muar
										
											Pejabat PERKESO Mukah
										
											Pejabat PERKESO Negeri Johor
										
											Pejabat PERKESO Negeri Kedah
										
											Pejabat PERKESO Negeri Kelantan
										
											Pejabat PERKESO Negeri Melaka
										
											Pejabat PERKESO Negeri Pahang
										
											Pejabat PERKESO Negeri Perak
										
											Pejabat PERKESO Negeri Perlis
										
											Pejabat PERKESO Negeri Pulau Pinang
										
											Pejabat PERKESO Negeri Sabah
										
											Pejabat PERKESO Negeri Sarawak
										
											Pejabat PERKESO Negeri Selangor
										
											Pejabat PERKESO Negeri Sembilan
										
											Pejabat PERKESO Negeri Terengganu
										
											Pejabat PERKESO Negeri W.P Kuala Lumpur
										
											Pejabat PERKESO Rawang
										
											Pejabat PERKESO Sandakan
										
											Pejabat PERKESO Sarikei
										
											Pejabat PERKESO Segamat
										
											Pejabat PERKESO Serian
										
											Pejabat PERKESO Sibu
										
											Pejabat PERKESO Sri Aman
										
											Pejabat PERKESO Sri Manjung
										
											Pejabat PERKESO Sungai Petani
										
											Pejabat PERKESO Taiping
										
											Pejabat PERKESO Tanjung Karang
										
											Pejabat PERKESO Tapah
										
											Pejabat PERKESO Tawau
										
											Pejabat PERKESO Teluk Intan
										
											Pejabat PERKESO Temerloh
										
									' or . = '
										--Sila Pilih--
										
											Pejabat PERKESO Batu Pahat
										
											Pejabat PERKESO Beaufort
										
											Pejabat PERKESO Bentong
										
											Pejabat PERKESO Bintulu
										
											Pejabat PERKESO Dungun
										
											Pejabat PERKESO Georgetown
										
											Pejabat PERKESO Kajang
										
											Pejabat PERKESO Kapit
										
											Pejabat PERKESO Kemaman
										
											Pejabat PERKESO Keningau
										
											Pejabat PERKESO Klang
										
											Pejabat PERKESO Kluang
										
											Pejabat PERKESO Kota Marudu
										
											Pejabat PERKESO Kuala Kangsar
										
											Pejabat PERKESO Kuala Krai
										
											Pejabat PERKESO Kuala Pilah
										
											Pejabat PERKESO Kulim
										
											Pejabat PERKESO Labuan
										
											Pejabat PERKESO Lahad Datu
										
											Pejabat PERKESO Langkawi
										
											Pejabat PERKESO Limbang
										
											Pejabat PERKESO Miri
										
											Pejabat PERKESO Muar
										
											Pejabat PERKESO Mukah
										
											Pejabat PERKESO Negeri Johor
										
											Pejabat PERKESO Negeri Kedah
										
											Pejabat PERKESO Negeri Kelantan
										
											Pejabat PERKESO Negeri Melaka
										
											Pejabat PERKESO Negeri Pahang
										
											Pejabat PERKESO Negeri Perak
										
											Pejabat PERKESO Negeri Perlis
										
											Pejabat PERKESO Negeri Pulau Pinang
										
											Pejabat PERKESO Negeri Sabah
										
											Pejabat PERKESO Negeri Sarawak
										
											Pejabat PERKESO Negeri Selangor
										
											Pejabat PERKESO Negeri Sembilan
										
											Pejabat PERKESO Negeri Terengganu
										
											Pejabat PERKESO Negeri W.P Kuala Lumpur
										
											Pejabat PERKESO Rawang
										
											Pejabat PERKESO Sandakan
										
											Pejabat PERKESO Sarikei
										
											Pejabat PERKESO Segamat
										
											Pejabat PERKESO Serian
										
											Pejabat PERKESO Sibu
										
											Pejabat PERKESO Sri Aman
										
											Pejabat PERKESO Sri Manjung
										
											Pejabat PERKESO Sungai Petani
										
											Pejabat PERKESO Taiping
										
											Pejabat PERKESO Tanjung Karang
										
											Pejabat PERKESO Tapah
										
											Pejabat PERKESO Tawau
										
											Pejabat PERKESO Teluk Intan
										
											Pejabat PERKESO Temerloh
										
									')]})
	at com.kms.katalon.core.keyword.internal.KeywordMain.stepFailed(KeywordMain.groovy:36)
	at com.kms.katalon.core.webui.keyword.internal.WebUIKeywordMain.stepFailed(WebUIKeywordMain.groovy:65)
	at com.kms.katalon.core.webui.keyword.internal.WebUIKeywordMain.runKeyword(WebUIKeywordMain.groovy:27)
	at com.kms.katalon.core.webui.keyword.builtin.ClickKeyword.click(ClickKeyword.groovy:86)
	at com.kms.katalon.core.webui.keyword.builtin.ClickKeyword.execute(ClickKeyword.groovy:67)
	at com.kms.katalon.core.keyword.internal.KeywordExecutor.executeKeywordForPlatform(KeywordExecutor.groovy:53)
	at com.kms.katalon.core.webui.keyword.WebUiBuiltInKeywords.click(WebUiBuiltInKeywords.groovy:616)
	at com.kms.katalon.core.webui.keyword.WebUiBuiltInKeywords$click$3.call(Unknown Source)
	at GN_Application_Reg.run(GN_Application_Reg:48)
	at com.kms.katalon.core.main.ScriptEngine.run(ScriptEngine.java:194)
	at com.kms.katalon.core.main.ScriptEngine.runScriptAsRawText(ScriptEngine.java:119)
	at com.kms.katalon.core.main.TestCaseExecutor.runScript(TestCaseExecutor.java:328)
	at com.kms.katalon.core.main.TestCaseExecutor.doExecute(TestCaseExecutor.java:319)
	at com.kms.katalon.core.main.TestCaseExecutor.processExecutionPhase(TestCaseExecutor.java:298)
	at com.kms.katalon.core.main.TestCaseExecutor.accessMainPhase(TestCaseExecutor.java:290)
	at com.kms.katalon.core.main.TestCaseExecutor.execute(TestCaseExecutor.java:224)
	at com.kms.katalon.core.main.TestCaseMain.runTestCase(TestCaseMain.java:106)
	at com.kms.katalon.core.keyword.builtin.CallTestCaseKeyword$_callTestCase_closure1.doCall(CallTestCaseKeyword.groovy:59)
	at com.kms.katalon.core.keyword.builtin.CallTestCaseKeyword$_callTestCase_closure1.call(CallTestCaseKeyword.groovy)
	at com.kms.katalon.core.keyword.internal.KeywordMain.runKeyword(KeywordMain.groovy:54)
	at com.kms.katalon.core.keyword.builtin.CallTestCaseKeyword.callTestCase(CallTestCaseKeyword.groovy:80)
	at com.kms.katalon.core.keyword.builtin.CallTestCaseKeyword.execute(CallTestCaseKeyword.groovy:44)
	at com.kms.katalon.core.keyword.internal.KeywordExecutor.executeKeywordForPlatform(KeywordExecutor.groovy:53)
	at com.kms.katalon.core.keyword.BuiltinKeywords.callTestCase(BuiltinKeywords.groovy:334)
	at GN_Submit Form 7_End to End.run(GN_Submit Form 7_End to End:16)
	at com.kms.katalon.core.main.ScriptEngine.run(ScriptEngine.java:194)
	at com.kms.katalon.core.main.ScriptEngine.runScriptAsRawText(ScriptEngine.java:119)
	at com.kms.katalon.core.main.TestCaseExecutor.runScript(TestCaseExecutor.java:328)
	at com.kms.katalon.core.main.TestCaseExecutor.doExecute(TestCaseExecutor.java:319)
	at com.kms.katalon.core.main.TestCaseExecutor.processExecutionPhase(TestCaseExecutor.java:298)
	at com.kms.katalon.core.main.TestCaseExecutor.accessMainPhase(TestCaseExecutor.java:290)
	at com.kms.katalon.core.main.TestCaseExecutor.execute(TestCaseExecutor.java:224)
	at com.kms.katalon.core.main.TestCaseMain.runTestCase(TestCaseMain.java:106)
	at com.kms.katalon.core.keyword.builtin.CallTestCaseKeyword$_callTestCase_closure1.doCall(CallTestCaseKeyword.groovy:59)
	at com.kms.katalon.core.keyword.builtin.CallTestCaseKeyword$_callTestCase_closure1.call(CallTestCaseKeyword.groovy)
	at com.kms.katalon.core.keyword.internal.KeywordMain.runKeyword(KeywordMain.groovy:54)
	at com.kms.katalon.core.keyword.builtin.CallTestCaseKeyword.callTestCase(CallTestCaseKeyword.groovy:80)
	at com.kms.katalon.core.keyword.builtin.CallTestCaseKeyword.execute(CallTestCaseKeyword.groovy:44)
	at com.kms.katalon.core.keyword.internal.KeywordExecutor.executeKeywordForPlatform(KeywordExecutor.groovy:53)
	at com.kms.katalon.core.keyword.BuiltinKeywords.callTestCase(BuiltinKeywords.groovy:334)
	at Submit Form 7 (General) - Case Reassignment Same Branch SEIO.run(Submit Form 7 (General) - Case Reassignment Same Branch SEIO:16)
	at com.kms.katalon.core.main.ScriptEngine.run(ScriptEngine.java:194)
	at com.kms.katalon.core.main.ScriptEngine.runScriptAsRawText(ScriptEngine.java:119)
	at com.kms.katalon.core.main.TestCaseExecutor.runScript(TestCaseExecutor.java:328)
	at com.kms.katalon.core.main.TestCaseExecutor.doExecute(TestCaseExecutor.java:319)
	at com.kms.katalon.core.main.TestCaseExecutor.processExecutionPhase(TestCaseExecutor.java:298)
	at com.kms.katalon.core.main.TestCaseExecutor.accessMainPhase(TestCaseExecutor.java:290)
	at com.kms.katalon.core.main.TestCaseExecutor.execute(TestCaseExecutor.java:224)
	at com.kms.katalon.core.main.TestSuiteExecutor.accessTestCaseMainPhase(TestSuiteExecutor.java:129)
	at com.kms.katalon.core.main.TestSuiteExecutor.accessTestSuiteMainPhase(TestSuiteExecutor.java:112)
	at com.kms.katalon.core.main.TestSuiteExecutor.execute(TestSuiteExecutor.java:81)
	at com.kms.katalon.core.main.TestCaseMain.startTestSuite(TestCaseMain.java:149)
	at com.kms.katalon.core.main.TestCaseMain$startTestSuite$0.call(Unknown Source)
	at TempTestSuite1550476757023.run(TempTestSuite1550476757023.groovy:36)]]></system-err>
   </testsuite>
</testsuites>
