<?xml version="1.0" encoding="UTF-8"?>
<testsuites name="New Test Suite" time="12250" tests="14" failures="25" errors="0">
   <testsuite name="New Test Suite" tests="14" failures="25" errors="0" time="12250" timestamp="2019-02-20 16:48:48" hostname="Admin - Win7Test02" id="Test Suites/New Test Suite">
      <properties>
         <property name="deviceName" value=""/>
         <property name="devicePlatform" value=""/>
         <property name="logFolder" value="C:\\Users\\Admin\\Documents\\GitHub\\PKSKatalon\\PKS-EI-ES\\Reports\\New Test Suite\\20190220_164845"/>
         <property name="logFiles" value="C:\\Users\\Admin\\Documents\\GitHub\\PKSKatalon\\PKS-EI-ES\\Reports\\New Test Suite\\20190220_164845\\execution0.log"/>
         <property name="attachments" value="C:\\Users\\Admin\\Documents\\GitHub\\PKSKatalon\\PKS-EI-ES\\Reports\\New Test Suite\\20190220_164845\\1550654157846.png, C:\\Users\\Admin\\Documents\\GitHub\\PKSKatalon\\PKS-EI-ES\\Reports\\New Test Suite\\20190220_164845\\1550654926156.png, C:\\Users\\Admin\\Documents\\GitHub\\PKSKatalon\\PKS-EI-ES\\Reports\\New Test Suite\\20190220_164845\\1550655513046.png, C:\\Users\\Admin\\Documents\\GitHub\\PKSKatalon\\PKS-EI-ES\\Reports\\New Test Suite\\20190220_164845\\1550656099839.png, C:\\Users\\Admin\\Documents\\GitHub\\PKSKatalon\\PKS-EI-ES\\Reports\\New Test Suite\\20190220_164845\\1550656687447.png, C:\\Users\\Admin\\Documents\\GitHub\\PKSKatalon\\PKS-EI-ES\\Reports\\New Test Suite\\20190220_164845\\1550657274330.png, C:\\Users\\Admin\\Documents\\GitHub\\PKSKatalon\\PKS-EI-ES\\Reports\\New Test Suite\\20190220_164845\\1550657860693.png, C:\\Users\\Admin\\Documents\\GitHub\\PKSKatalon\\PKS-EI-ES\\Reports\\New Test Suite\\20190220_164845\\1550658447943.png, C:\\Users\\Admin\\Documents\\GitHub\\PKSKatalon\\PKS-EI-ES\\Reports\\New Test Suite\\20190220_164845\\1550659034818.png, C:\\Users\\Admin\\Documents\\GitHub\\PKSKatalon\\PKS-EI-ES\\Reports\\New Test Suite\\20190220_164845\\1550659621881.png, C:\\Users\\Admin\\Documents\\GitHub\\PKSKatalon\\PKS-EI-ES\\Reports\\New Test Suite\\20190220_164845\\1550659681141.png, C:\\Users\\Admin\\Documents\\GitHub\\PKSKatalon\\PKS-EI-ES\\Reports\\New Test Suite\\20190220_164845\\1550659738437.png, C:\\Users\\Admin\\Documents\\GitHub\\PKSKatalon\\PKS-EI-ES\\Reports\\New Test Suite\\20190220_164845\\1550659795910.png, C:\\Users\\Admin\\Documents\\GitHub\\PKSKatalon\\PKS-EI-ES\\Reports\\New Test Suite\\20190220_164845\\1550659853138.png, C:\\Users\\Admin\\Documents\\GitHub\\PKSKatalon\\PKS-EI-ES\\Reports\\New Test Suite\\20190220_164845\\1550660439338.png, C:\\Users\\Admin\\Documents\\GitHub\\PKSKatalon\\PKS-EI-ES\\Reports\\New Test Suite\\20190220_164845\\1550661248043.png, C:\\Users\\Admin\\Documents\\GitHub\\PKSKatalon\\PKS-EI-ES\\Reports\\New Test Suite\\20190220_164845\\1550661835741.png, C:\\Users\\Admin\\Documents\\GitHub\\PKSKatalon\\PKS-EI-ES\\Reports\\New Test Suite\\20190220_164845\\1550662423567.png, C:\\Users\\Admin\\Documents\\GitHub\\PKSKatalon\\PKS-EI-ES\\Reports\\New Test Suite\\20190220_164845\\1550663011330.png, C:\\Users\\Admin\\Documents\\GitHub\\PKSKatalon\\PKS-EI-ES\\Reports\\New Test Suite\\20190220_164845\\1550663598962.png, C:\\Users\\Admin\\Documents\\GitHub\\PKSKatalon\\PKS-EI-ES\\Reports\\New Test Suite\\20190220_164845\\1550664185852.png, C:\\Users\\Admin\\Documents\\GitHub\\PKSKatalon\\PKS-EI-ES\\Reports\\New Test Suite\\20190220_164845\\1550664773242.png"/>
         <property name="hostName" value="Admin - Win7Test02"/>
         <property name="os" value="Windows 7 64bit"/>
         <property name="katalonVersion" value="5.10.1.1"/>
         <property name="browser" value="Chrome 72.0.3626.109"/>
         <property name="hostAddress" value="10.20.3.72"/>
         <property name="sessionId" value="2d8f84e41639a1ae4c57ba73259ad94c"/>
         <property name="seleniumVersion" value="3.7.1"/>
         <property name="proxyInformation" value="ProxyInformation{proxyOption=NO_PROXY, proxyServerType=HTTP, password=, proxyServerAddress=, proxyServerPort=0}"/>
         <property name="platform" value="Windows 7"/>
      </properties>
      <testcase name="Test Cases/All TC/Arranged/0. Full Flow/Training/Decline/2 VO Search and Decline" classname="Test Cases/All TC/Arranged/0. Full Flow/Training/Decline/2 VO Search and Decline" status="PASSED">
         <system-out><![CDATA[2019-02-20 16:48:48 - [TEST_CASE][PASSED] - Test Cases/All TC/Arranged/0. Full Flow/Training/Decline/2 VO Search and Decline: Test Cases/All TC/Arranged/0. Full Flow/Training/Decline/2 VO Search and Decline

2019-02-20 16:48:48 - [TEST_STEP][PASSED] - callTestCase(findTestCase("All TC/Arranged/3. Unit/ES/VO Login"), [:], STOP_ON_FAILURE): Call Test Case 'Test Cases/All TC/Arranged/3. Unit/ES/VO Login' successfully

2019-02-20 16:48:48 - [TEST_CASE][PASSED] - Test Cases/All TC/Arranged/3. Unit/ES/VO Login: Test Cases/All TC/Arranged/3. Unit/ES/VO Login

2019-02-20 16:48:49 - [TEST_STEP][PASSED] - openBrowser(""): Browser is opened with url: ''

2019-02-20 16:48:49 - [MESSAGE][INFO] - Starting 'Chrome' driver

2019-02-20 16:48:49 - [MESSAGE][INFO] - User set preference: ['args', '[--start-maximized]']

2019-02-20 16:48:49 - [MESSAGE][INFO] - Action delay is set to 1 seconds

2019-02-20 16:48:55 - [MESSAGE][PASSED] - Browser is opened with url: ''

2019-02-20 16:48:55 - [TEST_STEP][PASSED] - navigateToUrl("http://10.20.24.188/eisportal/user/login"): Navigate to 'http://10.20.24.188/eisportal/user/login' successfully

2019-02-20 16:49:05 - [MESSAGE][PASSED] - Navigate to 'http://10.20.24.188/eisportal/user/login' successfully

2019-02-20 16:49:05 - [TEST_STEP][PASSED] - setText(findTestObject("Rizky/ESO Login/input_Terlupa Kata Laluan_j_us"), ""): Text '' is set on object 'Object Repository/Rizky/ESO Login/input_Terlupa Kata Laluan_j_us'

2019-02-20 16:49:12 - [MESSAGE][PASSED] - Text '' is set on object 'Object Repository/Rizky/ESO Login/input_Terlupa Kata Laluan_j_us'

2019-02-20 16:49:12 - [TEST_STEP][PASSED] - setText(findTestObject("Rizky/ESO Login/input_Terlupa Kata Laluan_j_us"), "nuramalina.zukri@perkeso.gov.my"): Text 'nuramalina.zukri@perkeso.gov.my' is set on object 'Object Repository/Rizky/ESO Login/input_Terlupa Kata Laluan_j_us'

2019-02-20 16:49:16 - [MESSAGE][PASSED] - Text 'nuramalina.zukri@perkeso.gov.my' is set on object 'Object Repository/Rizky/ESO Login/input_Terlupa Kata Laluan_j_us'

2019-02-20 16:49:16 - [TEST_STEP][PASSED] - setEncryptedText(findTestObject("Rizky/ESO Login/input_Terlupa Kata Laluan_j_pa"), "CQqwFZlbeC8="): Text ****** has been set on object 'Object Repository/Rizky/ESO Login/input_Terlupa Kata Laluan_j_pa'

2019-02-20 16:49:20 - [MESSAGE][PASSED] - Text ****** has been set on object 'Object Repository/Rizky/ESO Login/input_Terlupa Kata Laluan_j_pa'

2019-02-20 16:49:20 - [TEST_STEP][PASSED] - click(findTestObject("Rizky/ESO Login/input_Terlupa Kata Laluan_logi")): Object: 'Object Repository/Rizky/ESO Login/input_Terlupa Kata Laluan_logi' is clicked on

2019-02-20 16:49:23 - [MESSAGE][PASSED] - Object: 'Object Repository/Rizky/ESO Login/input_Terlupa Kata Laluan_logi' is clicked on

2019-02-20 16:49:23 - [MESSAGE][PASSED] - Call Test Case 'Test Cases/All TC/Arranged/3. Unit/ES/VO Login' successfully

2019-02-20 16:49:23 - [TEST_STEP][PASSED] - delay(2): Delayed 2 second(s)

2019-02-20 16:49:25 - [MESSAGE][PASSED] - Delayed 2 second(s)

2019-02-20 16:49:25 - [TEST_STEP][PASSED] - click(findTestObject("Rizky/VO Search and Aprove/Tindakan")): Object: 'Object Repository/Rizky/VO Search and Aprove/Tindakan' is clicked on

2019-02-20 16:49:27 - [MESSAGE][PASSED] - Object: 'Object Repository/Rizky/VO Search and Aprove/Tindakan' is clicked on

2019-02-20 16:49:27 - [TEST_STEP][PASSED] - click(findTestObject("Rizky/VO Search and Aprove/Tindakan-Kemaskini")): Object: 'Object Repository/Rizky/VO Search and Aprove/Tindakan-Kemaskini' is clicked on

2019-02-20 16:49:30 - [MESSAGE][PASSED] - Object: 'Object Repository/Rizky/VO Search and Aprove/Tindakan-Kemaskini' is clicked on

2019-02-20 16:49:30 - [TEST_STEP][PASSED] - delay(2): Delayed 2 second(s)

2019-02-20 16:49:32 - [MESSAGE][PASSED] - Delayed 2 second(s)

2019-02-20 16:49:32 - [TEST_STEP][PASSED] - click(findTestObject("Rizky/VO Search and Aprove/Jenis Keputusan")): Object: 'Object Repository/Rizky/VO Search and Aprove/Jenis Keputusan' is clicked on

2019-02-20 16:49:35 - [MESSAGE][PASSED] - Object: 'Object Repository/Rizky/VO Search and Aprove/Jenis Keputusan' is clicked on

2019-02-20 16:49:35 - [TEST_STEP][NOT_RUN] - click(findTestObject("Rizky/VO Search and Aprove/Jenis Keputusan-Maklumat Lengkap")): NOT_RUN: click(findTestObject("Rizky/VO Search and Aprove/Jenis Keputusan-Maklumat Lengkap"))

2019-02-20 16:49:35 - [MESSAGE][NOT_RUN] - NOT_RUN: click(findTestObject("Rizky/VO Search and Aprove/Jenis Keputusan-Maklumat Lengkap"))

2019-02-20 16:49:35 - [TEST_STEP][PASSED] - click(findTestObject("Rizky/VO Search and Decline/Jenis Keputusan-Maklumat Tidak Lengkap  Han")): Object: 'Object Repository/Rizky/VO Search and Decline/Jenis Keputusan-Maklumat Tidak Lengkap  Han' is clicked on

2019-02-20 16:49:37 - [MESSAGE][PASSED] - Object: 'Object Repository/Rizky/VO Search and Decline/Jenis Keputusan-Maklumat Tidak Lengkap  Han' is clicked on

2019-02-20 16:49:37 - [TEST_STEP][PASSED] - setText(findTestObject("Rizky/VO Search and Aprove/Catatan Pegawai Vokasional (Ibu Pejabat)"), "abc"): Text 'abc' is set on object 'Object Repository/Rizky/VO Search and Aprove/Catatan Pegawai Vokasional (Ibu Pejabat)'

2019-02-20 16:49:41 - [MESSAGE][PASSED] - Text 'abc' is set on object 'Object Repository/Rizky/VO Search and Aprove/Catatan Pegawai Vokasional (Ibu Pejabat)'

2019-02-20 16:49:41 - [TEST_STEP][PASSED] - delay(2): Delayed 2 second(s)

2019-02-20 16:49:43 - [MESSAGE][PASSED] - Delayed 2 second(s)

2019-02-20 16:49:43 - [TEST_STEP][PASSED] - verifyElementClickable(findTestObject("Rizky/VO Search and Aprove/Hantar")): Object 'Object Repository/Rizky/VO Search and Aprove/Hantar' is clickable

2019-02-20 16:49:45 - [MESSAGE][PASSED] - Object 'Object Repository/Rizky/VO Search and Aprove/Hantar' is clickable]]></system-out>
         <system-err><![CDATA[]]></system-err>
      </testcase>
      <testcase name="Test Cases/All TC/Arranged/0. Full Flow/Training/Decline/1 KU Search and Decline" classname="Test Cases/All TC/Arranged/0. Full Flow/Training/Decline/1 KU Search and Decline" status="PASSED">
         <system-out><![CDATA[2019-02-20 16:49:45 - [TEST_CASE][PASSED] - Test Cases/All TC/Arranged/0. Full Flow/Training/Decline/1 KU Search and Decline: Test Cases/All TC/Arranged/0. Full Flow/Training/Decline/1 KU Search and Decline

2019-02-20 16:49:45 - [TEST_STEP][PASSED] - callTestCase(findTestCase("All TC/Arranged/3. Unit/ES/KU Login"), [:], STOP_ON_FAILURE): Call Test Case 'Test Cases/All TC/Arranged/3. Unit/ES/KU Login' successfully

2019-02-20 16:49:45 - [TEST_CASE][PASSED] - Test Cases/All TC/Arranged/3. Unit/ES/KU Login: Test Cases/All TC/Arranged/3. Unit/ES/KU Login

2019-02-20 16:49:46 - [TEST_STEP][PASSED] - openBrowser(""): Browser is opened with url: ''

2019-02-20 16:49:46 - [MESSAGE][WARNING] - A browser is already opened. Closing browser and opening a new one

2019-02-20 16:49:47 - [MESSAGE][INFO] - Starting 'Chrome' driver

2019-02-20 16:49:47 - [MESSAGE][INFO] - User set preference: ['args', '[--start-maximized]']

2019-02-20 16:49:52 - [MESSAGE][PASSED] - Browser is opened with url: ''

2019-02-20 16:49:52 - [TEST_STEP][PASSED] - navigateToUrl("http://10.20.24.188/eisportal/user/login"): Navigate to 'http://10.20.24.188/eisportal/user/login' successfully

2019-02-20 16:49:53 - [MESSAGE][PASSED] - Navigate to 'http://10.20.24.188/eisportal/user/login' successfully

2019-02-20 16:49:53 - [TEST_STEP][PASSED] - setText(findTestObject("Rizky/ESO Login/input_Terlupa Kata Laluan_j_us"), ""): Text '' is set on object 'Object Repository/Rizky/ESO Login/input_Terlupa Kata Laluan_j_us'

2019-02-20 16:49:57 - [MESSAGE][PASSED] - Text '' is set on object 'Object Repository/Rizky/ESO Login/input_Terlupa Kata Laluan_j_us'

2019-02-20 16:49:57 - [TEST_STEP][PASSED] - setText(findTestObject("Rizky/ESO Login/input_Terlupa Kata Laluan_j_us"), "r.pannir@perkeso.gov.my"): Text 'r.pannir@perkeso.gov.my' is set on object 'Object Repository/Rizky/ESO Login/input_Terlupa Kata Laluan_j_us'

2019-02-20 16:50:02 - [MESSAGE][PASSED] - Text 'r.pannir@perkeso.gov.my' is set on object 'Object Repository/Rizky/ESO Login/input_Terlupa Kata Laluan_j_us'

2019-02-20 16:50:02 - [TEST_STEP][PASSED] - setEncryptedText(findTestObject("Rizky/ESO Login/input_Terlupa Kata Laluan_j_pa"), "CQqwFZlbeC8="): Text ****** has been set on object 'Object Repository/Rizky/ESO Login/input_Terlupa Kata Laluan_j_pa'

2019-02-20 16:50:05 - [MESSAGE][PASSED] - Text ****** has been set on object 'Object Repository/Rizky/ESO Login/input_Terlupa Kata Laluan_j_pa'

2019-02-20 16:50:05 - [TEST_STEP][PASSED] - click(findTestObject("Rizky/ESO Login/input_Terlupa Kata Laluan_logi")): Object: 'Object Repository/Rizky/ESO Login/input_Terlupa Kata Laluan_logi' is clicked on

2019-02-20 16:50:08 - [MESSAGE][PASSED] - Object: 'Object Repository/Rizky/ESO Login/input_Terlupa Kata Laluan_logi' is clicked on

2019-02-20 16:50:08 - [MESSAGE][PASSED] - Call Test Case 'Test Cases/All TC/Arranged/3. Unit/ES/KU Login' successfully

2019-02-20 16:50:08 - [TEST_STEP][PASSED] - click(findTestObject("Rizky/KU Search and Approve/Tindakan")): Object: 'Object Repository/Rizky/KU Search and Approve/Tindakan' is clicked on

2019-02-20 16:50:10 - [MESSAGE][PASSED] - Object: 'Object Repository/Rizky/KU Search and Approve/Tindakan' is clicked on

2019-02-20 16:50:10 - [TEST_STEP][PASSED] - click(findTestObject("Rizky/KU Search and Approve/Tindakan-Kemaskini")): Object: 'Object Repository/Rizky/KU Search and Approve/Tindakan-Kemaskini' is clicked on

2019-02-20 16:50:14 - [MESSAGE][PASSED] - Object: 'Object Repository/Rizky/KU Search and Approve/Tindakan-Kemaskini' is clicked on

2019-02-20 16:50:14 - [TEST_STEP][PASSED] - delay(2): Delayed 2 second(s)

2019-02-20 16:50:16 - [MESSAGE][PASSED] - Delayed 2 second(s)

2019-02-20 16:50:16 - [TEST_STEP][NOT_RUN] - click(findTestObject("Rizky/KU Search and Approve/Jenis Kelulusan")): NOT_RUN: click(findTestObject("Rizky/KU Search and Approve/Jenis Kelulusan"))

2019-02-20 16:50:16 - [MESSAGE][NOT_RUN] - NOT_RUN: click(findTestObject("Rizky/KU Search and Approve/Jenis Kelulusan"))

2019-02-20 16:50:16 - [TEST_STEP][NOT_RUN] - click(findTestObject("Rizky/KU Search and Approve/Jenis Kelulusan-Lulus")): NOT_RUN: click(findTestObject("Rizky/KU Search and Approve/Jenis Kelulusan-Lulus"))

2019-02-20 16:50:16 - [MESSAGE][NOT_RUN] - NOT_RUN: click(findTestObject("Rizky/KU Search and Approve/Jenis Kelulusan-Lulus"))

2019-02-20 16:50:16 - [TEST_STEP][NOT_RUN] - click(findTestObject("Rizky/KU Search and Decline/Jenis Kelulusan-Lain-lain")): NOT_RUN: click(findTestObject("Rizky/KU Search and Decline/Jenis Kelulusan-Lain-lain"))

2019-02-20 16:50:16 - [MESSAGE][NOT_RUN] - NOT_RUN: click(findTestObject("Rizky/KU Search and Decline/Jenis Kelulusan-Lain-lain"))

2019-02-20 16:50:16 - [TEST_STEP][NOT_RUN] - setText(findTestObject("Rizky/KU Search and Approve/Catatan Ketua Unit Vokasional"), "abcd"): NOT_RUN: setText(findTestObject("Rizky/KU Search and Approve/Catatan Ketua Unit Vokasional"), "abcd")

2019-02-20 16:50:16 - [MESSAGE][NOT_RUN] - NOT_RUN: setText(findTestObject("Rizky/KU Search and Approve/Catatan Ketua Unit Vokasional"), "abcd")

2019-02-20 16:50:16 - [TEST_STEP][PASSED] - click(findTestObject("Rizky/KU Search and Approve/Kes Baru")): Object: 'Object Repository/Rizky/KU Search and Approve/Kes Baru' is clicked on

2019-02-20 16:50:18 - [MESSAGE][PASSED] - Object: 'Object Repository/Rizky/KU Search and Approve/Kes Baru' is clicked on

2019-02-20 16:50:18 - [TEST_STEP][PASSED] - click(findTestObject("Rizky/KU Search and Approve/Kes Baru-Sedang Berkursus")): Object: 'Object Repository/Rizky/KU Search and Approve/Kes Baru-Sedang Berkursus' is clicked on

2019-02-20 16:50:20 - [MESSAGE][PASSED] - Object: 'Object Repository/Rizky/KU Search and Approve/Kes Baru-Sedang Berkursus' is clicked on

2019-02-20 16:50:20 - [TEST_STEP][PASSED] - click(findTestObject("Rizky/KU Search and Approve/Tarikh Mula")): Object: 'Object Repository/Rizky/KU Search and Approve/Tarikh Mula' is clicked on

2019-02-20 16:50:22 - [MESSAGE][PASSED] - Object: 'Object Repository/Rizky/KU Search and Approve/Tarikh Mula' is clicked on

2019-02-20 16:50:22 - [TEST_STEP][PASSED] - click(findTestObject("Rizky/KU Search and Approve/Tarikh Mula-18")): Object: 'Object Repository/Rizky/KU Search and Approve/Tarikh Mula-18' is clicked on

2019-02-20 16:50:25 - [MESSAGE][PASSED] - Object: 'Object Repository/Rizky/KU Search and Approve/Tarikh Mula-18' is clicked on

2019-02-20 16:50:25 - [TEST_STEP][PASSED] - delay(2): Delayed 2 second(s)

2019-02-20 16:50:27 - [MESSAGE][PASSED] - Delayed 2 second(s)

2019-02-20 16:50:27 - [TEST_STEP][NOT_RUN] - click(findTestObject("Rizky/KU Search and Approve/Tarikh Mula-Done")): NOT_RUN: click(findTestObject("Rizky/KU Search and Approve/Tarikh Mula-Done"))

2019-02-20 16:50:27 - [MESSAGE][NOT_RUN] - NOT_RUN: click(findTestObject("Rizky/KU Search and Approve/Tarikh Mula-Done"))

2019-02-20 16:50:27 - [TEST_STEP][PASSED] - delay(2): Delayed 2 second(s)

2019-02-20 16:50:29 - [MESSAGE][PASSED] - Delayed 2 second(s)

2019-02-20 16:50:29 - [TEST_STEP][PASSED] - click(findTestObject("Rizky/KU Search and Approve/Tarikh Tamat")): Object: 'Object Repository/Rizky/KU Search and Approve/Tarikh Tamat' is clicked on

2019-02-20 16:50:31 - [MESSAGE][PASSED] - Object: 'Object Repository/Rizky/KU Search and Approve/Tarikh Tamat' is clicked on

2019-02-20 16:50:31 - [TEST_STEP][PASSED] - click(findTestObject("Rizky/KU Search and Approve/Tarikh Tamat-19")): Object: 'Object Repository/Rizky/KU Search and Approve/Tarikh Tamat-19' is clicked on

2019-02-20 16:50:33 - [MESSAGE][PASSED] - Object: 'Object Repository/Rizky/KU Search and Approve/Tarikh Tamat-19' is clicked on

2019-02-20 16:50:33 - [TEST_STEP][PASSED] - delay(2): Delayed 2 second(s)

2019-02-20 16:50:35 - [MESSAGE][PASSED] - Delayed 2 second(s)

2019-02-20 16:50:35 - [TEST_STEP][NOT_RUN] - click(findTestObject("Rizky/KU Search and Approve/Tarikh Tamat-Done")): NOT_RUN: click(findTestObject("Rizky/KU Search and Approve/Tarikh Tamat-Done"))

2019-02-20 16:50:35 - [MESSAGE][NOT_RUN] - NOT_RUN: click(findTestObject("Rizky/KU Search and Approve/Tarikh Tamat-Done"))

2019-02-20 16:50:35 - [TEST_STEP][PASSED] - verifyElementClickable(findTestObject("Rizky/KU Search and Approve/Hantar")): Object 'Object Repository/Rizky/KU Search and Approve/Hantar' is clickable

2019-02-20 16:50:37 - [MESSAGE][PASSED] - Object 'Object Repository/Rizky/KU Search and Approve/Hantar' is clickable]]></system-out>
         <system-err><![CDATA[]]></system-err>
      </testcase>
      <testcase name="Test Cases/All TC/Arranged/0. Full Flow/Training/Approve/IP Apply" classname="Test Cases/All TC/Arranged/0. Full Flow/Training/Approve/IP Apply" status="PASSED">
         <system-out><![CDATA[2019-02-20 16:50:37 - [TEST_CASE][PASSED] - Test Cases/All TC/Arranged/0. Full Flow/Training/Approve/IP Apply: Test Cases/All TC/Arranged/0. Full Flow/Training/Approve/IP Apply

2019-02-20 16:50:37 - [TEST_STEP][PASSED] - callTestCase(findTestCase("All TC/Arranged/3. Unit/ES/IP Login"), [:], STOP_ON_FAILURE): Call Test Case 'Test Cases/All TC/Arranged/3. Unit/ES/IP Login' successfully

2019-02-20 16:50:37 - [TEST_CASE][PASSED] - Test Cases/All TC/Arranged/3. Unit/ES/IP Login: Test Cases/All TC/Arranged/3. Unit/ES/IP Login

2019-02-20 16:50:38 - [TEST_STEP][PASSED] - openBrowser(""): Browser is opened with url: ''

2019-02-20 16:50:38 - [MESSAGE][WARNING] - A browser is already opened. Closing browser and opening a new one

2019-02-20 16:50:39 - [MESSAGE][INFO] - Starting 'Chrome' driver

2019-02-20 16:50:39 - [MESSAGE][INFO] - User set preference: ['args', '[--start-maximized]']

2019-02-20 16:50:44 - [MESSAGE][PASSED] - Browser is opened with url: ''

2019-02-20 16:50:44 - [TEST_STEP][PASSED] - navigateToUrl(Public_Login): Navigate to 'http://10.20.24.188/eisportal/insured/login' successfully

2019-02-20 16:50:45 - [MESSAGE][PASSED] - Navigate to 'http://10.20.24.188/eisportal/insured/login' successfully

2019-02-20 16:50:45 - [TEST_STEP][PASSED] - setText(findTestObject("Rizky/IP Login/No Kad Pengenalan"), "950000140001"): Text '950000140001' is set on object 'Object Repository/Rizky/IP Login/No Kad Pengenalan'

2019-02-20 16:51:23 - [MESSAGE][PASSED] - Text '950000140001' is set on object 'Object Repository/Rizky/IP Login/No Kad Pengenalan'

2019-02-20 16:51:23 - [TEST_STEP][PASSED] - setEncryptedText(findTestObject("Rizky/IP Login/Kata Laluan"), "uBrzCyAcdaX+ojywdEz8Ig=="): Text ****** has been set on object 'Object Repository/Rizky/IP Login/Kata Laluan'

2019-02-20 16:51:26 - [MESSAGE][PASSED] - Text ****** has been set on object 'Object Repository/Rizky/IP Login/Kata Laluan'

2019-02-20 16:51:26 - [TEST_STEP][PASSED] - click(findTestObject("Rizky/IP Login/Log Masuk")): Object: 'Object Repository/Rizky/IP Login/Log Masuk' is clicked on

2019-02-20 16:51:29 - [MESSAGE][PASSED] - Object: 'Object Repository/Rizky/IP Login/Log Masuk' is clicked on

2019-02-20 16:51:29 - [MESSAGE][PASSED] - Call Test Case 'Test Cases/All TC/Arranged/3. Unit/ES/IP Login' successfully

2019-02-20 16:51:29 - [TEST_STEP][PASSED] - mouseOver(findTestObject("Rizky/IP Apply/Permohonan Latihan")): Object: 'Object Repository/Rizky/IP Apply/Permohonan Latihan' is hovered

2019-02-20 16:51:32 - [MESSAGE][PASSED] - Object: 'Object Repository/Rizky/IP Apply/Permohonan Latihan' is hovered

2019-02-20 16:51:32 - [TEST_STEP][PASSED] - click(findTestObject("Rizky/IP Apply/Permohonan Latihan-Latihan")): Object: 'Object Repository/Rizky/IP Apply/Permohonan Latihan-Latihan' is clicked on

2019-02-20 16:51:36 - [MESSAGE][PASSED] - Object: 'Object Repository/Rizky/IP Apply/Permohonan Latihan-Latihan' is clicked on

2019-02-20 16:51:36 - [TEST_STEP][PASSED] - delay(2): Delayed 2 second(s)

2019-02-20 16:51:38 - [MESSAGE][PASSED] - Delayed 2 second(s)

2019-02-20 16:51:38 - [TEST_STEP][PASSED] - setText(findTestObject("Rizky/IP Apply/Jawatan Terakhir"), "a"): Text 'a' is set on object 'Object Repository/Rizky/IP Apply/Jawatan Terakhir'

2019-02-20 16:51:42 - [MESSAGE][PASSED] - Text 'a' is set on object 'Object Repository/Rizky/IP Apply/Jawatan Terakhir'

2019-02-20 16:51:42 - [TEST_STEP][PASSED] - setText(findTestObject("Rizky/IP Apply/Gaji Terakhir"), "1"): Text '1' is set on object 'Object Repository/Rizky/IP Apply/Gaji Terakhir'

2019-02-20 16:51:46 - [MESSAGE][PASSED] - Text '1' is set on object 'Object Repository/Rizky/IP Apply/Gaji Terakhir'

2019-02-20 16:51:46 - [TEST_STEP][PASSED] - click(findTestObject("Rizky/IP Apply/Ujian Psikometrik -")): Object: 'Object Repository/Rizky/IP Apply/Ujian Psikometrik -' is clicked on

2019-02-20 16:51:48 - [MESSAGE][PASSED] - Object: 'Object Repository/Rizky/IP Apply/Ujian Psikometrik -' is clicked on

2019-02-20 16:51:48 - [TEST_STEP][PASSED] - click(findTestObject("Rizky/IP Apply/Ujian Psikometrik - Realistic")): Object: 'Object Repository/Rizky/IP Apply/Ujian Psikometrik - Realistic' is clicked on

2019-02-20 16:51:51 - [MESSAGE][PASSED] - Object: 'Object Repository/Rizky/IP Apply/Ujian Psikometrik - Realistic' is clicked on

2019-02-20 16:51:51 - [TEST_STEP][PASSED] - click(findTestObject("Rizky/IP Apply/Institut")): Object: 'Object Repository/Rizky/IP Apply/Institut' is clicked on

2019-02-20 16:51:53 - [MESSAGE][PASSED] - Object: 'Object Repository/Rizky/IP Apply/Institut' is clicked on

2019-02-20 16:51:53 - [TEST_STEP][PASSED] - click(findTestObject("Rizky/IP Apply/Institut-NIOSH HQ (BANGI)")): Object: 'Object Repository/Rizky/IP Apply/Institut-NIOSH HQ (BANGI)' is clicked on

2019-02-20 16:51:55 - [MESSAGE][PASSED] - Object: 'Object Repository/Rizky/IP Apply/Institut-NIOSH HQ (BANGI)' is clicked on

2019-02-20 16:51:55 - [TEST_STEP][PASSED] - delay(2): Delayed 2 second(s)

2019-02-20 16:51:57 - [MESSAGE][PASSED] - Delayed 2 second(s)

2019-02-20 16:51:57 - [TEST_STEP][PASSED] - click(findTestObject("Rizky/IP Apply/Nama Kursus")): Object: 'Object Repository/Rizky/IP Apply/Nama Kursus' is clicked on

2019-02-20 16:51:59 - [MESSAGE][PASSED] - Object: 'Object Repository/Rizky/IP Apply/Nama Kursus' is clicked on

2019-02-20 16:51:59 - [TEST_STEP][PASSED] - click(findTestObject("Rizky/IP Apply/Nama Kursus-Safety and Health Officer (")): Object: 'Object Repository/Rizky/IP Apply/Nama Kursus-Safety and Health Officer (' is clicked on

2019-02-20 16:52:01 - [MESSAGE][PASSED] - Object: 'Object Repository/Rizky/IP Apply/Nama Kursus-Safety and Health Officer (' is clicked on

2019-02-20 16:52:01 - [TEST_STEP][PASSED] - click(findTestObject("Rizky/IP Apply/Hantar")): Object: 'Object Repository/Rizky/IP Apply/Hantar' is clicked on

2019-02-20 16:52:03 - [MESSAGE][PASSED] - Object: 'Object Repository/Rizky/IP Apply/Hantar' is clicked on]]></system-out>
         <system-err><![CDATA[]]></system-err>
      </testcase>
      <testcase name="Test Cases/All TC/Arranged/0. Full Flow/Training/Approve/6 KU Search and update date" classname="Test Cases/All TC/Arranged/0. Full Flow/Training/Approve/6 KU Search and update date" status="PASSED">
         <system-out><![CDATA[2019-02-20 16:52:03 - [TEST_CASE][PASSED] - Test Cases/All TC/Arranged/0. Full Flow/Training/Approve/6 KU Search and update date: Test Cases/All TC/Arranged/0. Full Flow/Training/Approve/6 KU Search and update date

2019-02-20 16:52:04 - [TEST_STEP][PASSED] - callTestCase(findTestCase("All TC/Arranged/3. Unit/ES/KU Login"), [:], STOP_ON_FAILURE): Call Test Case 'Test Cases/All TC/Arranged/3. Unit/ES/KU Login' successfully

2019-02-20 16:52:04 - [TEST_CASE][PASSED] - Test Cases/All TC/Arranged/3. Unit/ES/KU Login: Test Cases/All TC/Arranged/3. Unit/ES/KU Login

2019-02-20 16:52:04 - [TEST_STEP][PASSED] - openBrowser(""): Browser is opened with url: ''

2019-02-20 16:52:04 - [MESSAGE][WARNING] - A browser is already opened. Closing browser and opening a new one

2019-02-20 16:52:06 - [MESSAGE][INFO] - Starting 'Chrome' driver

2019-02-20 16:52:06 - [MESSAGE][INFO] - User set preference: ['args', '[--start-maximized]']

2019-02-20 16:52:10 - [MESSAGE][PASSED] - Browser is opened with url: ''

2019-02-20 16:52:10 - [TEST_STEP][PASSED] - navigateToUrl("http://10.20.24.188/eisportal/user/login"): Navigate to 'http://10.20.24.188/eisportal/user/login' successfully

2019-02-20 16:52:12 - [MESSAGE][PASSED] - Navigate to 'http://10.20.24.188/eisportal/user/login' successfully

2019-02-20 16:52:12 - [TEST_STEP][PASSED] - setText(findTestObject("Rizky/ESO Login/input_Terlupa Kata Laluan_j_us"), ""): Text '' is set on object 'Object Repository/Rizky/ESO Login/input_Terlupa Kata Laluan_j_us'

2019-02-20 16:52:17 - [MESSAGE][PASSED] - Text '' is set on object 'Object Repository/Rizky/ESO Login/input_Terlupa Kata Laluan_j_us'

2019-02-20 16:52:17 - [TEST_STEP][PASSED] - setText(findTestObject("Rizky/ESO Login/input_Terlupa Kata Laluan_j_us"), "r.pannir@perkeso.gov.my"): Text 'r.pannir@perkeso.gov.my' is set on object 'Object Repository/Rizky/ESO Login/input_Terlupa Kata Laluan_j_us'

2019-02-20 16:52:22 - [MESSAGE][PASSED] - Text 'r.pannir@perkeso.gov.my' is set on object 'Object Repository/Rizky/ESO Login/input_Terlupa Kata Laluan_j_us'

2019-02-20 16:52:22 - [TEST_STEP][PASSED] - setEncryptedText(findTestObject("Rizky/ESO Login/input_Terlupa Kata Laluan_j_pa"), "CQqwFZlbeC8="): Text ****** has been set on object 'Object Repository/Rizky/ESO Login/input_Terlupa Kata Laluan_j_pa'

2019-02-20 16:52:25 - [MESSAGE][PASSED] - Text ****** has been set on object 'Object Repository/Rizky/ESO Login/input_Terlupa Kata Laluan_j_pa'

2019-02-20 16:52:25 - [TEST_STEP][PASSED] - click(findTestObject("Rizky/ESO Login/input_Terlupa Kata Laluan_logi")): Object: 'Object Repository/Rizky/ESO Login/input_Terlupa Kata Laluan_logi' is clicked on

2019-02-20 16:52:28 - [MESSAGE][PASSED] - Object: 'Object Repository/Rizky/ESO Login/input_Terlupa Kata Laluan_logi' is clicked on

2019-02-20 16:52:28 - [MESSAGE][PASSED] - Call Test Case 'Test Cases/All TC/Arranged/3. Unit/ES/KU Login' successfully

2019-02-20 16:52:28 - [TEST_STEP][PASSED] - click(findTestObject("Rizky/KU Search and update date/Tindakan")): Object: 'Object Repository/Rizky/KU Search and update date/Tindakan' is clicked on

2019-02-20 16:52:30 - [MESSAGE][PASSED] - Object: 'Object Repository/Rizky/KU Search and update date/Tindakan' is clicked on

2019-02-20 16:52:30 - [TEST_STEP][PASSED] - click(findTestObject("Rizky/KU Search and update date/Tindakan-Kemaskini")): Object: 'Object Repository/Rizky/KU Search and update date/Tindakan-Kemaskini' is clicked on

2019-02-20 16:52:33 - [MESSAGE][PASSED] - Object: 'Object Repository/Rizky/KU Search and update date/Tindakan-Kemaskini' is clicked on

2019-02-20 16:52:33 - [TEST_STEP][PASSED] - delay(2): Delayed 2 second(s)

2019-02-20 16:52:35 - [MESSAGE][PASSED] - Delayed 2 second(s)

2019-02-20 16:52:35 - [TEST_STEP][PASSED] - click(findTestObject("Rizky/KU Search and update date/Tarikh Mula")): Object: 'Object Repository/Rizky/KU Search and update date/Tarikh Mula' is clicked on

2019-02-20 16:52:38 - [MESSAGE][PASSED] - Object: 'Object Repository/Rizky/KU Search and update date/Tarikh Mula' is clicked on

2019-02-20 16:52:38 - [TEST_STEP][PASSED] - click(findTestObject("Rizky/KU Search and update date/Tarikh Mula-18")): Object: 'Object Repository/Rizky/KU Search and update date/Tarikh Mula-18' is clicked on

2019-02-20 16:52:40 - [MESSAGE][PASSED] - Object: 'Object Repository/Rizky/KU Search and update date/Tarikh Mula-18' is clicked on

2019-02-20 16:52:40 - [TEST_STEP][NOT_RUN] - click(findTestObject("Rizky/KU Search and update date/Tarikh Mula-Done")): NOT_RUN: click(findTestObject("Rizky/KU Search and update date/Tarikh Mula-Done"))

2019-02-20 16:52:40 - [MESSAGE][NOT_RUN] - NOT_RUN: click(findTestObject("Rizky/KU Search and update date/Tarikh Mula-Done"))

2019-02-20 16:52:40 - [TEST_STEP][PASSED] - click(findTestObject("Rizky/KU Search and update date/Tarikh Tamat")): Object: 'Object Repository/Rizky/KU Search and update date/Tarikh Tamat' is clicked on

2019-02-20 16:52:42 - [MESSAGE][PASSED] - Object: 'Object Repository/Rizky/KU Search and update date/Tarikh Tamat' is clicked on

2019-02-20 16:52:42 - [TEST_STEP][PASSED] - click(findTestObject("Rizky/KU Search and update date/Tarikh Tamat-19")): Object: 'Object Repository/Rizky/KU Search and update date/Tarikh Tamat-19' is clicked on

2019-02-20 16:52:44 - [MESSAGE][PASSED] - Object: 'Object Repository/Rizky/KU Search and update date/Tarikh Tamat-19' is clicked on

2019-02-20 16:52:44 - [TEST_STEP][NOT_RUN] - click(findTestObject("Rizky/KU Search and update date/Tarikh Tamat-Done")): NOT_RUN: click(findTestObject("Rizky/KU Search and update date/Tarikh Tamat-Done"))

2019-02-20 16:52:44 - [MESSAGE][NOT_RUN] - NOT_RUN: click(findTestObject("Rizky/KU Search and update date/Tarikh Tamat-Done"))

2019-02-20 16:52:44 - [TEST_STEP][PASSED] - verifyElementClickable(findTestObject("Rizky/KU Search and update date/Hantar")): Object 'Object Repository/Rizky/KU Search and update date/Hantar' is clickable

2019-02-20 16:52:46 - [MESSAGE][PASSED] - Object 'Object Repository/Rizky/KU Search and update date/Hantar' is clickable]]></system-out>
         <system-err><![CDATA[]]></system-err>
      </testcase>
      <testcase name="Test Cases/All TC/Arranged/0. Full Flow/Training/Approve/5 KU Search and change status to ongoing" classname="Test Cases/All TC/Arranged/0. Full Flow/Training/Approve/5 KU Search and change status to ongoing" status="PASSED">
         <system-out><![CDATA[2019-02-20 16:52:46 - [TEST_CASE][PASSED] - Test Cases/All TC/Arranged/0. Full Flow/Training/Approve/5 KU Search and change status to ongoing: Test Cases/All TC/Arranged/0. Full Flow/Training/Approve/5 KU Search and change status to ongoing

2019-02-20 16:52:47 - [TEST_STEP][PASSED] - callTestCase(findTestCase("All TC/Arranged/3. Unit/ES/KU Login"), [:], STOP_ON_FAILURE): Call Test Case 'Test Cases/All TC/Arranged/3. Unit/ES/KU Login' successfully

2019-02-20 16:52:47 - [TEST_CASE][PASSED] - Test Cases/All TC/Arranged/3. Unit/ES/KU Login: Test Cases/All TC/Arranged/3. Unit/ES/KU Login

2019-02-20 16:52:47 - [TEST_STEP][PASSED] - openBrowser(""): Browser is opened with url: ''

2019-02-20 16:52:47 - [MESSAGE][WARNING] - A browser is already opened. Closing browser and opening a new one

2019-02-20 16:52:48 - [MESSAGE][INFO] - Starting 'Chrome' driver

2019-02-20 16:52:48 - [MESSAGE][INFO] - User set preference: ['args', '[--start-maximized]']

2019-02-20 16:52:52 - [MESSAGE][PASSED] - Browser is opened with url: ''

2019-02-20 16:52:52 - [TEST_STEP][PASSED] - navigateToUrl("http://10.20.24.188/eisportal/user/login"): Navigate to 'http://10.20.24.188/eisportal/user/login' successfully

2019-02-20 16:52:54 - [MESSAGE][PASSED] - Navigate to 'http://10.20.24.188/eisportal/user/login' successfully

2019-02-20 16:52:54 - [TEST_STEP][PASSED] - setText(findTestObject("Rizky/ESO Login/input_Terlupa Kata Laluan_j_us"), ""): Text '' is set on object 'Object Repository/Rizky/ESO Login/input_Terlupa Kata Laluan_j_us'

2019-02-20 16:52:58 - [MESSAGE][PASSED] - Text '' is set on object 'Object Repository/Rizky/ESO Login/input_Terlupa Kata Laluan_j_us'

2019-02-20 16:52:58 - [TEST_STEP][PASSED] - setText(findTestObject("Rizky/ESO Login/input_Terlupa Kata Laluan_j_us"), "r.pannir@perkeso.gov.my"): Text 'r.pannir@perkeso.gov.my' is set on object 'Object Repository/Rizky/ESO Login/input_Terlupa Kata Laluan_j_us'

2019-02-20 16:53:03 - [MESSAGE][PASSED] - Text 'r.pannir@perkeso.gov.my' is set on object 'Object Repository/Rizky/ESO Login/input_Terlupa Kata Laluan_j_us'

2019-02-20 16:53:03 - [TEST_STEP][PASSED] - setEncryptedText(findTestObject("Rizky/ESO Login/input_Terlupa Kata Laluan_j_pa"), "CQqwFZlbeC8="): Text ****** has been set on object 'Object Repository/Rizky/ESO Login/input_Terlupa Kata Laluan_j_pa'

2019-02-20 16:53:06 - [MESSAGE][PASSED] - Text ****** has been set on object 'Object Repository/Rizky/ESO Login/input_Terlupa Kata Laluan_j_pa'

2019-02-20 16:53:06 - [TEST_STEP][PASSED] - click(findTestObject("Rizky/ESO Login/input_Terlupa Kata Laluan_logi")): Object: 'Object Repository/Rizky/ESO Login/input_Terlupa Kata Laluan_logi' is clicked on

2019-02-20 16:53:09 - [MESSAGE][PASSED] - Object: 'Object Repository/Rizky/ESO Login/input_Terlupa Kata Laluan_logi' is clicked on

2019-02-20 16:53:09 - [MESSAGE][PASSED] - Call Test Case 'Test Cases/All TC/Arranged/3. Unit/ES/KU Login' successfully

2019-02-20 16:53:09 - [TEST_STEP][PASSED] - click(findTestObject("Rizky/KU Search and change status to ongoing/Tindakan")): Object: 'Object Repository/Rizky/KU Search and change status to ongoing/Tindakan' is clicked on

2019-02-20 16:53:11 - [MESSAGE][PASSED] - Object: 'Object Repository/Rizky/KU Search and change status to ongoing/Tindakan' is clicked on

2019-02-20 16:53:11 - [TEST_STEP][PASSED] - click(findTestObject("Rizky/KU Search and change status to ongoing/Tindakan-Kemaskini")): Object: 'Object Repository/Rizky/KU Search and change status to ongoing/Tindakan-Kemaskini' is clicked on

2019-02-20 16:53:14 - [MESSAGE][PASSED] - Object: 'Object Repository/Rizky/KU Search and change status to ongoing/Tindakan-Kemaskini' is clicked on

2019-02-20 16:53:14 - [TEST_STEP][PASSED] - delay(2): Delayed 2 second(s)

2019-02-20 16:53:16 - [MESSAGE][PASSED] - Delayed 2 second(s)

2019-02-20 16:53:16 - [TEST_STEP][PASSED] - click(findTestObject("Rizky/KU Search and change status to ongoing/Kes Baru")): Object: 'Object Repository/Rizky/KU Search and change status to ongoing/Kes Baru' is clicked on

2019-02-20 16:53:19 - [MESSAGE][PASSED] - Object: 'Object Repository/Rizky/KU Search and change status to ongoing/Kes Baru' is clicked on

2019-02-20 16:53:19 - [TEST_STEP][PASSED] - click(findTestObject("Rizky/KU Search and change status to ongoing/Kes Baru-Sedang Berkursus")): Object: 'Object Repository/Rizky/KU Search and change status to ongoing/Kes Baru-Sedang Berkursus' is clicked on

2019-02-20 16:53:21 - [MESSAGE][PASSED] - Object: 'Object Repository/Rizky/KU Search and change status to ongoing/Kes Baru-Sedang Berkursus' is clicked on

2019-02-20 16:53:21 - [TEST_STEP][PASSED] - verifyElementClickable(findTestObject("Rizky/KU Search and change status to ongoing/Hantar")): Object 'Object Repository/Rizky/KU Search and change status to ongoing/Hantar' is clickable

2019-02-20 16:53:23 - [MESSAGE][PASSED] - Object 'Object Repository/Rizky/KU Search and change status to ongoing/Hantar' is clickable]]></system-out>
         <system-err><![CDATA[]]></system-err>
      </testcase>
      <testcase name="Test Cases/All TC/Arranged/0. Full Flow/Training/Approve/4 KU Search and Approve" classname="Test Cases/All TC/Arranged/0. Full Flow/Training/Approve/4 KU Search and Approve" status="PASSED">
         <system-out><![CDATA[2019-02-20 16:53:23 - [TEST_CASE][PASSED] - Test Cases/All TC/Arranged/0. Full Flow/Training/Approve/4 KU Search and Approve: Test Cases/All TC/Arranged/0. Full Flow/Training/Approve/4 KU Search and Approve

2019-02-20 16:53:23 - [TEST_STEP][PASSED] - callTestCase(findTestCase("All TC/Arranged/3. Unit/ES/KU Login"), [:], STOP_ON_FAILURE): Call Test Case 'Test Cases/All TC/Arranged/3. Unit/ES/KU Login' successfully

2019-02-20 16:53:23 - [TEST_CASE][PASSED] - Test Cases/All TC/Arranged/3. Unit/ES/KU Login: Test Cases/All TC/Arranged/3. Unit/ES/KU Login

2019-02-20 16:53:23 - [TEST_STEP][PASSED] - openBrowser(""): Browser is opened with url: ''

2019-02-20 16:53:23 - [MESSAGE][WARNING] - A browser is already opened. Closing browser and opening a new one

2019-02-20 16:53:25 - [MESSAGE][INFO] - Starting 'Chrome' driver

2019-02-20 16:53:25 - [MESSAGE][INFO] - User set preference: ['args', '[--start-maximized]']

2019-02-20 16:53:29 - [MESSAGE][PASSED] - Browser is opened with url: ''

2019-02-20 16:53:29 - [TEST_STEP][PASSED] - navigateToUrl("http://10.20.24.188/eisportal/user/login"): Navigate to 'http://10.20.24.188/eisportal/user/login' successfully

2019-02-20 16:53:31 - [MESSAGE][PASSED] - Navigate to 'http://10.20.24.188/eisportal/user/login' successfully

2019-02-20 16:53:31 - [TEST_STEP][PASSED] - setText(findTestObject("Rizky/ESO Login/input_Terlupa Kata Laluan_j_us"), ""): Text '' is set on object 'Object Repository/Rizky/ESO Login/input_Terlupa Kata Laluan_j_us'

2019-02-20 16:53:35 - [MESSAGE][PASSED] - Text '' is set on object 'Object Repository/Rizky/ESO Login/input_Terlupa Kata Laluan_j_us'

2019-02-20 16:53:35 - [TEST_STEP][PASSED] - setText(findTestObject("Rizky/ESO Login/input_Terlupa Kata Laluan_j_us"), "r.pannir@perkeso.gov.my"): Text 'r.pannir@perkeso.gov.my' is set on object 'Object Repository/Rizky/ESO Login/input_Terlupa Kata Laluan_j_us'

2019-02-20 16:53:39 - [MESSAGE][PASSED] - Text 'r.pannir@perkeso.gov.my' is set on object 'Object Repository/Rizky/ESO Login/input_Terlupa Kata Laluan_j_us'

2019-02-20 16:53:39 - [TEST_STEP][PASSED] - setEncryptedText(findTestObject("Rizky/ESO Login/input_Terlupa Kata Laluan_j_pa"), "CQqwFZlbeC8="): Text ****** has been set on object 'Object Repository/Rizky/ESO Login/input_Terlupa Kata Laluan_j_pa'

2019-02-20 16:53:42 - [MESSAGE][PASSED] - Text ****** has been set on object 'Object Repository/Rizky/ESO Login/input_Terlupa Kata Laluan_j_pa'

2019-02-20 16:53:42 - [TEST_STEP][PASSED] - click(findTestObject("Rizky/ESO Login/input_Terlupa Kata Laluan_logi")): Object: 'Object Repository/Rizky/ESO Login/input_Terlupa Kata Laluan_logi' is clicked on

2019-02-20 16:53:45 - [MESSAGE][PASSED] - Object: 'Object Repository/Rizky/ESO Login/input_Terlupa Kata Laluan_logi' is clicked on

2019-02-20 16:53:45 - [MESSAGE][PASSED] - Call Test Case 'Test Cases/All TC/Arranged/3. Unit/ES/KU Login' successfully

2019-02-20 16:53:45 - [TEST_STEP][PASSED] - click(findTestObject("Rizky/KU Search and Approve/Tindakan")): Object: 'Object Repository/Rizky/KU Search and Approve/Tindakan' is clicked on

2019-02-20 16:53:48 - [MESSAGE][PASSED] - Object: 'Object Repository/Rizky/KU Search and Approve/Tindakan' is clicked on

2019-02-20 16:53:48 - [TEST_STEP][PASSED] - click(findTestObject("Rizky/KU Search and Approve/Tindakan-Kemaskini")): Object: 'Object Repository/Rizky/KU Search and Approve/Tindakan-Kemaskini' is clicked on

2019-02-20 16:53:51 - [MESSAGE][PASSED] - Object: 'Object Repository/Rizky/KU Search and Approve/Tindakan-Kemaskini' is clicked on

2019-02-20 16:53:51 - [TEST_STEP][PASSED] - delay(2): Delayed 2 second(s)

2019-02-20 16:53:53 - [MESSAGE][PASSED] - Delayed 2 second(s)

2019-02-20 16:53:53 - [TEST_STEP][NOT_RUN] - click(findTestObject("Rizky/KU Search and Approve/Jenis Kelulusan")): NOT_RUN: click(findTestObject("Rizky/KU Search and Approve/Jenis Kelulusan"))

2019-02-20 16:53:53 - [MESSAGE][NOT_RUN] - NOT_RUN: click(findTestObject("Rizky/KU Search and Approve/Jenis Kelulusan"))

2019-02-20 16:53:53 - [TEST_STEP][NOT_RUN] - click(findTestObject("Rizky/KU Search and Approve/Jenis Kelulusan-Lulus")): NOT_RUN: click(findTestObject("Rizky/KU Search and Approve/Jenis Kelulusan-Lulus"))

2019-02-20 16:53:53 - [MESSAGE][NOT_RUN] - NOT_RUN: click(findTestObject("Rizky/KU Search and Approve/Jenis Kelulusan-Lulus"))

2019-02-20 16:53:53 - [TEST_STEP][NOT_RUN] - setText(findTestObject("Rizky/KU Search and Approve/Catatan Ketua Unit Vokasional"), "abcd"): NOT_RUN: setText(findTestObject("Rizky/KU Search and Approve/Catatan Ketua Unit Vokasional"), "abcd")

2019-02-20 16:53:53 - [MESSAGE][NOT_RUN] - NOT_RUN: setText(findTestObject("Rizky/KU Search and Approve/Catatan Ketua Unit Vokasional"), "abcd")

2019-02-20 16:53:53 - [TEST_STEP][PASSED] - click(findTestObject("Rizky/KU Search and Approve/Kes Baru")): Object: 'Object Repository/Rizky/KU Search and Approve/Kes Baru' is clicked on

2019-02-20 16:53:55 - [MESSAGE][PASSED] - Object: 'Object Repository/Rizky/KU Search and Approve/Kes Baru' is clicked on

2019-02-20 16:53:55 - [TEST_STEP][PASSED] - click(findTestObject("Rizky/KU Search and Approve/Kes Baru-Sedang Berkursus")): Object: 'Object Repository/Rizky/KU Search and Approve/Kes Baru-Sedang Berkursus' is clicked on

2019-02-20 16:53:57 - [MESSAGE][PASSED] - Object: 'Object Repository/Rizky/KU Search and Approve/Kes Baru-Sedang Berkursus' is clicked on

2019-02-20 16:53:57 - [TEST_STEP][PASSED] - click(findTestObject("Rizky/KU Search and Approve/Tarikh Mula")): Object: 'Object Repository/Rizky/KU Search and Approve/Tarikh Mula' is clicked on

2019-02-20 16:54:00 - [MESSAGE][PASSED] - Object: 'Object Repository/Rizky/KU Search and Approve/Tarikh Mula' is clicked on

2019-02-20 16:54:00 - [TEST_STEP][PASSED] - click(findTestObject("Rizky/KU Search and Approve/Tarikh Mula-18")): Object: 'Object Repository/Rizky/KU Search and Approve/Tarikh Mula-18' is clicked on

2019-02-20 16:54:02 - [MESSAGE][PASSED] - Object: 'Object Repository/Rizky/KU Search and Approve/Tarikh Mula-18' is clicked on

2019-02-20 16:54:02 - [TEST_STEP][NOT_RUN] - click(findTestObject("Rizky/KU Search and Approve/Tarikh Mula-Done")): NOT_RUN: click(findTestObject("Rizky/KU Search and Approve/Tarikh Mula-Done"))

2019-02-20 16:54:02 - [MESSAGE][NOT_RUN] - NOT_RUN: click(findTestObject("Rizky/KU Search and Approve/Tarikh Mula-Done"))

2019-02-20 16:54:02 - [TEST_STEP][PASSED] - click(findTestObject("Rizky/KU Search and Approve/Tarikh Tamat")): Object: 'Object Repository/Rizky/KU Search and Approve/Tarikh Tamat' is clicked on

2019-02-20 16:54:04 - [MESSAGE][PASSED] - Object: 'Object Repository/Rizky/KU Search and Approve/Tarikh Tamat' is clicked on

2019-02-20 16:54:04 - [TEST_STEP][PASSED] - click(findTestObject("Rizky/KU Search and Approve/Tarikh Tamat-19")): Object: 'Object Repository/Rizky/KU Search and Approve/Tarikh Tamat-19' is clicked on

2019-02-20 16:54:06 - [MESSAGE][PASSED] - Object: 'Object Repository/Rizky/KU Search and Approve/Tarikh Tamat-19' is clicked on

2019-02-20 16:54:06 - [TEST_STEP][NOT_RUN] - click(findTestObject("Rizky/KU Search and Approve/Tarikh Tamat-Done")): NOT_RUN: click(findTestObject("Rizky/KU Search and Approve/Tarikh Tamat-Done"))

2019-02-20 16:54:06 - [MESSAGE][NOT_RUN] - NOT_RUN: click(findTestObject("Rizky/KU Search and Approve/Tarikh Tamat-Done"))

2019-02-20 16:54:06 - [TEST_STEP][PASSED] - verifyElementClickable(findTestObject("Rizky/KU Search and Approve/Hantar")): Object 'Object Repository/Rizky/KU Search and Approve/Hantar' is clickable

2019-02-20 16:54:08 - [MESSAGE][PASSED] - Object 'Object Repository/Rizky/KU Search and Approve/Hantar' is clickable]]></system-out>
         <system-err><![CDATA[]]></system-err>
      </testcase>
      <testcase name="Test Cases/All TC/Arranged/0. Full Flow/Training/Approve/3v2 VO Seach and Reject" classname="Test Cases/All TC/Arranged/0. Full Flow/Training/Approve/3v2 VO Seach and Reject" status="PASSED">
         <system-out><![CDATA[2019-02-20 16:54:08 - [TEST_CASE][PASSED] - Test Cases/All TC/Arranged/0. Full Flow/Training/Approve/3v2 VO Seach and Reject: Test Cases/All TC/Arranged/0. Full Flow/Training/Approve/3v2 VO Seach and Reject

2019-02-20 16:54:08 - [TEST_STEP][PASSED] - callTestCase(findTestCase("All TC/Arranged/3. Unit/ES/VO Login"), [:], STOP_ON_FAILURE): Call Test Case 'Test Cases/All TC/Arranged/3. Unit/ES/VO Login' successfully

2019-02-20 16:54:09 - [TEST_CASE][PASSED] - Test Cases/All TC/Arranged/3. Unit/ES/VO Login: Test Cases/All TC/Arranged/3. Unit/ES/VO Login

2019-02-20 16:54:09 - [TEST_STEP][PASSED] - openBrowser(""): Browser is opened with url: ''

2019-02-20 16:54:09 - [MESSAGE][WARNING] - A browser is already opened. Closing browser and opening a new one

2019-02-20 16:54:10 - [MESSAGE][INFO] - Starting 'Chrome' driver

2019-02-20 16:54:10 - [MESSAGE][INFO] - User set preference: ['args', '[--start-maximized]']

2019-02-20 16:54:14 - [MESSAGE][PASSED] - Browser is opened with url: ''

2019-02-20 16:54:14 - [TEST_STEP][PASSED] - navigateToUrl("http://10.20.24.188/eisportal/user/login"): Navigate to 'http://10.20.24.188/eisportal/user/login' successfully

2019-02-20 16:54:16 - [MESSAGE][PASSED] - Navigate to 'http://10.20.24.188/eisportal/user/login' successfully

2019-02-20 16:54:16 - [TEST_STEP][PASSED] - setText(findTestObject("Rizky/ESO Login/input_Terlupa Kata Laluan_j_us"), ""): Text '' is set on object 'Object Repository/Rizky/ESO Login/input_Terlupa Kata Laluan_j_us'

2019-02-20 16:54:20 - [MESSAGE][PASSED] - Text '' is set on object 'Object Repository/Rizky/ESO Login/input_Terlupa Kata Laluan_j_us'

2019-02-20 16:54:20 - [TEST_STEP][PASSED] - setText(findTestObject("Rizky/ESO Login/input_Terlupa Kata Laluan_j_us"), "nuramalina.zukri@perkeso.gov.my"): Text 'nuramalina.zukri@perkeso.gov.my' is set on object 'Object Repository/Rizky/ESO Login/input_Terlupa Kata Laluan_j_us'

2019-02-20 16:54:25 - [MESSAGE][PASSED] - Text 'nuramalina.zukri@perkeso.gov.my' is set on object 'Object Repository/Rizky/ESO Login/input_Terlupa Kata Laluan_j_us'

2019-02-20 16:54:25 - [TEST_STEP][PASSED] - setEncryptedText(findTestObject("Rizky/ESO Login/input_Terlupa Kata Laluan_j_pa"), "CQqwFZlbeC8="): Text ****** has been set on object 'Object Repository/Rizky/ESO Login/input_Terlupa Kata Laluan_j_pa'

2019-02-20 16:54:28 - [MESSAGE][PASSED] - Text ****** has been set on object 'Object Repository/Rizky/ESO Login/input_Terlupa Kata Laluan_j_pa'

2019-02-20 16:54:28 - [TEST_STEP][PASSED] - click(findTestObject("Rizky/ESO Login/input_Terlupa Kata Laluan_logi")): Object: 'Object Repository/Rizky/ESO Login/input_Terlupa Kata Laluan_logi' is clicked on

2019-02-20 16:54:31 - [MESSAGE][PASSED] - Object: 'Object Repository/Rizky/ESO Login/input_Terlupa Kata Laluan_logi' is clicked on

2019-02-20 16:54:31 - [MESSAGE][PASSED] - Call Test Case 'Test Cases/All TC/Arranged/3. Unit/ES/VO Login' successfully

2019-02-20 16:54:31 - [TEST_STEP][PASSED] - delay(2): Delayed 2 second(s)

2019-02-20 16:54:33 - [MESSAGE][PASSED] - Delayed 2 second(s)

2019-02-20 16:54:33 - [TEST_STEP][PASSED] - click(findTestObject("Rizky/VO Search and Reject/Tindakan")): Object: 'Object Repository/Rizky/VO Search and Reject/Tindakan' is clicked on

2019-02-20 16:54:35 - [MESSAGE][PASSED] - Object: 'Object Repository/Rizky/VO Search and Reject/Tindakan' is clicked on

2019-02-20 16:54:35 - [TEST_STEP][PASSED] - click(findTestObject("Rizky/VO Search and Reject/Tindakan-Kemaskini")): Object: 'Object Repository/Rizky/VO Search and Reject/Tindakan-Kemaskini' is clicked on

2019-02-20 16:54:38 - [MESSAGE][PASSED] - Object: 'Object Repository/Rizky/VO Search and Reject/Tindakan-Kemaskini' is clicked on

2019-02-20 16:54:38 - [TEST_STEP][PASSED] - delay(2): Delayed 2 second(s)

2019-02-20 16:54:40 - [MESSAGE][PASSED] - Delayed 2 second(s)

2019-02-20 16:54:40 - [TEST_STEP][PASSED] - click(findTestObject("Rizky/VO Search and Reject/Jenis Keputusan")): Object: 'Object Repository/Rizky/VO Search and Reject/Jenis Keputusan' is clicked on

2019-02-20 16:54:43 - [MESSAGE][PASSED] - Object: 'Object Repository/Rizky/VO Search and Reject/Jenis Keputusan' is clicked on

2019-02-20 16:54:43 - [TEST_STEP][PASSED] - click(findTestObject("Rizky/VO Search and Reject/Jenis Keputusan-Maklumat Tidak Lengkap  Han")): Object: 'Object Repository/Rizky/VO Search and Reject/Jenis Keputusan-Maklumat Tidak Lengkap  Han' is clicked on

2019-02-20 16:54:45 - [MESSAGE][PASSED] - Object: 'Object Repository/Rizky/VO Search and Reject/Jenis Keputusan-Maklumat Tidak Lengkap  Han' is clicked on

2019-02-20 16:54:45 - [TEST_STEP][PASSED] - setText(findTestObject("Rizky/VO Search and Reject/Catatan Pegawai Vokasional (Ibu Pejabat)"), "abc"): Text 'abc' is set on object 'Object Repository/Rizky/VO Search and Reject/Catatan Pegawai Vokasional (Ibu Pejabat)'

2019-02-20 16:54:49 - [MESSAGE][PASSED] - Text 'abc' is set on object 'Object Repository/Rizky/VO Search and Reject/Catatan Pegawai Vokasional (Ibu Pejabat)'

2019-02-20 16:54:49 - [TEST_STEP][PASSED] - delay(2): Delayed 2 second(s)

2019-02-20 16:54:51 - [MESSAGE][PASSED] - Delayed 2 second(s)

2019-02-20 16:54:51 - [TEST_STEP][PASSED] - verifyElementClickable(findTestObject("Rizky/VO Search and Reject/Hantar")): Object 'Object Repository/Rizky/VO Search and Reject/Hantar' is clickable

2019-02-20 16:54:53 - [MESSAGE][PASSED] - Object 'Object Repository/Rizky/VO Search and Reject/Hantar' is clickable]]></system-out>
         <system-err><![CDATA[]]></system-err>
      </testcase>
      <testcase name="Test Cases/All TC/Arranged/0. Full Flow/Training/Approve/3 VO Seach and Approve" classname="Test Cases/All TC/Arranged/0. Full Flow/Training/Approve/3 VO Seach and Approve" status="PASSED">
         <system-out><![CDATA[2019-02-20 16:54:53 - [TEST_CASE][PASSED] - Test Cases/All TC/Arranged/0. Full Flow/Training/Approve/3 VO Seach and Approve: Test Cases/All TC/Arranged/0. Full Flow/Training/Approve/3 VO Seach and Approve

2019-02-20 16:54:53 - [TEST_STEP][PASSED] - callTestCase(findTestCase("All TC/Arranged/3. Unit/ES/VO Login"), [:], STOP_ON_FAILURE): Call Test Case 'Test Cases/All TC/Arranged/3. Unit/ES/VO Login' successfully

2019-02-20 16:54:53 - [TEST_CASE][PASSED] - Test Cases/All TC/Arranged/3. Unit/ES/VO Login: Test Cases/All TC/Arranged/3. Unit/ES/VO Login

2019-02-20 16:54:53 - [TEST_STEP][PASSED] - openBrowser(""): Browser is opened with url: ''

2019-02-20 16:54:53 - [MESSAGE][WARNING] - A browser is already opened. Closing browser and opening a new one

2019-02-20 16:54:55 - [MESSAGE][INFO] - Starting 'Chrome' driver

2019-02-20 16:54:55 - [MESSAGE][INFO] - User set preference: ['args', '[--start-maximized]']

2019-02-20 16:54:59 - [MESSAGE][PASSED] - Browser is opened with url: ''

2019-02-20 16:54:59 - [TEST_STEP][PASSED] - navigateToUrl("http://10.20.24.188/eisportal/user/login"): Navigate to 'http://10.20.24.188/eisportal/user/login' successfully

2019-02-20 16:55:01 - [MESSAGE][PASSED] - Navigate to 'http://10.20.24.188/eisportal/user/login' successfully

2019-02-20 16:55:01 - [TEST_STEP][PASSED] - setText(findTestObject("Rizky/ESO Login/input_Terlupa Kata Laluan_j_us"), ""): Text '' is set on object 'Object Repository/Rizky/ESO Login/input_Terlupa Kata Laluan_j_us'

2019-02-20 16:55:05 - [MESSAGE][PASSED] - Text '' is set on object 'Object Repository/Rizky/ESO Login/input_Terlupa Kata Laluan_j_us'

2019-02-20 16:55:05 - [TEST_STEP][PASSED] - setText(findTestObject("Rizky/ESO Login/input_Terlupa Kata Laluan_j_us"), "nuramalina.zukri@perkeso.gov.my"): Text 'nuramalina.zukri@perkeso.gov.my' is set on object 'Object Repository/Rizky/ESO Login/input_Terlupa Kata Laluan_j_us'

2019-02-20 16:55:09 - [MESSAGE][PASSED] - Text 'nuramalina.zukri@perkeso.gov.my' is set on object 'Object Repository/Rizky/ESO Login/input_Terlupa Kata Laluan_j_us'

2019-02-20 16:55:09 - [TEST_STEP][PASSED] - setEncryptedText(findTestObject("Rizky/ESO Login/input_Terlupa Kata Laluan_j_pa"), "CQqwFZlbeC8="): Text ****** has been set on object 'Object Repository/Rizky/ESO Login/input_Terlupa Kata Laluan_j_pa'

2019-02-20 16:55:13 - [MESSAGE][PASSED] - Text ****** has been set on object 'Object Repository/Rizky/ESO Login/input_Terlupa Kata Laluan_j_pa'

2019-02-20 16:55:13 - [TEST_STEP][PASSED] - click(findTestObject("Rizky/ESO Login/input_Terlupa Kata Laluan_logi")): Object: 'Object Repository/Rizky/ESO Login/input_Terlupa Kata Laluan_logi' is clicked on

2019-02-20 16:55:18 - [MESSAGE][PASSED] - Object: 'Object Repository/Rizky/ESO Login/input_Terlupa Kata Laluan_logi' is clicked on

2019-02-20 16:55:18 - [MESSAGE][PASSED] - Call Test Case 'Test Cases/All TC/Arranged/3. Unit/ES/VO Login' successfully

2019-02-20 16:55:18 - [TEST_STEP][PASSED] - delay(2): Delayed 2 second(s)

2019-02-20 16:55:20 - [MESSAGE][PASSED] - Delayed 2 second(s)

2019-02-20 16:55:20 - [TEST_STEP][PASSED] - click(findTestObject("Rizky/VO Search and Aprove/Tindakan")): Object: 'Object Repository/Rizky/VO Search and Aprove/Tindakan' is clicked on

2019-02-20 16:55:22 - [MESSAGE][PASSED] - Object: 'Object Repository/Rizky/VO Search and Aprove/Tindakan' is clicked on

2019-02-20 16:55:22 - [TEST_STEP][PASSED] - click(findTestObject("Rizky/VO Search and Aprove/Tindakan-Kemaskini")): Object: 'Object Repository/Rizky/VO Search and Aprove/Tindakan-Kemaskini' is clicked on

2019-02-20 16:55:30 - [MESSAGE][PASSED] - Object: 'Object Repository/Rizky/VO Search and Aprove/Tindakan-Kemaskini' is clicked on

2019-02-20 16:55:30 - [TEST_STEP][PASSED] - delay(2): Delayed 2 second(s)

2019-02-20 16:55:32 - [MESSAGE][PASSED] - Delayed 2 second(s)

2019-02-20 16:55:32 - [TEST_STEP][PASSED] - click(findTestObject("Rizky/VO Search and Aprove/Jenis Keputusan")): Object: 'Object Repository/Rizky/VO Search and Aprove/Jenis Keputusan' is clicked on

2019-02-20 16:55:34 - [MESSAGE][PASSED] - Object: 'Object Repository/Rizky/VO Search and Aprove/Jenis Keputusan' is clicked on

2019-02-20 16:55:34 - [TEST_STEP][PASSED] - click(findTestObject("Rizky/VO Search and Aprove/Jenis Keputusan-Maklumat Lengkap")): Object: 'Object Repository/Rizky/VO Search and Aprove/Jenis Keputusan-Maklumat Lengkap' is clicked on

2019-02-20 16:55:36 - [MESSAGE][PASSED] - Object: 'Object Repository/Rizky/VO Search and Aprove/Jenis Keputusan-Maklumat Lengkap' is clicked on

2019-02-20 16:55:36 - [TEST_STEP][PASSED] - setText(findTestObject("Rizky/VO Search and Aprove/Catatan Pegawai Vokasional (Ibu Pejabat)"), "abc"): Text 'abc' is set on object 'Object Repository/Rizky/VO Search and Aprove/Catatan Pegawai Vokasional (Ibu Pejabat)'

2019-02-20 16:55:41 - [MESSAGE][PASSED] - Text 'abc' is set on object 'Object Repository/Rizky/VO Search and Aprove/Catatan Pegawai Vokasional (Ibu Pejabat)'

2019-02-20 16:55:41 - [TEST_STEP][PASSED] - delay(2): Delayed 2 second(s)

2019-02-20 16:55:43 - [MESSAGE][PASSED] - Delayed 2 second(s)

2019-02-20 16:55:43 - [TEST_STEP][PASSED] - verifyElementClickable(findTestObject("Rizky/VO Search and Aprove/Hantar")): Object 'Object Repository/Rizky/VO Search and Aprove/Hantar' is clickable

2019-02-20 16:55:45 - [MESSAGE][PASSED] - Object 'Object Repository/Rizky/VO Search and Aprove/Hantar' is clickable]]></system-out>
         <system-err><![CDATA[]]></system-err>
      </testcase>
      <testcase name="Test Cases/All TC/Arranged/0. Full Flow/Training/Approve/2v2 SEO Search and Reject" classname="Test Cases/All TC/Arranged/0. Full Flow/Training/Approve/2v2 SEO Search and Reject" status="PASSED">
         <system-out><![CDATA[2019-02-20 16:55:45 - [TEST_CASE][PASSED] - Test Cases/All TC/Arranged/0. Full Flow/Training/Approve/2v2 SEO Search and Reject: Test Cases/All TC/Arranged/0. Full Flow/Training/Approve/2v2 SEO Search and Reject

2019-02-20 16:55:46 - [TEST_STEP][PASSED] - callTestCase(findTestCase("All TC/Arranged/3. Unit/ES/SEO Login"), [:], STOP_ON_FAILURE): Call Test Case 'Test Cases/All TC/Arranged/3. Unit/ES/SEO Login' successfully

2019-02-20 16:55:46 - [TEST_CASE][PASSED] - Test Cases/All TC/Arranged/3. Unit/ES/SEO Login: Test Cases/All TC/Arranged/3. Unit/ES/SEO Login

2019-02-20 16:55:46 - [TEST_STEP][PASSED] - openBrowser(""): Browser is opened with url: ''

2019-02-20 16:55:46 - [MESSAGE][WARNING] - A browser is already opened. Closing browser and opening a new one

2019-02-20 16:55:48 - [MESSAGE][INFO] - Starting 'Chrome' driver

2019-02-20 16:55:48 - [MESSAGE][INFO] - User set preference: ['args', '[--start-maximized]']

2019-02-20 16:55:52 - [MESSAGE][PASSED] - Browser is opened with url: ''

2019-02-20 16:55:52 - [TEST_STEP][PASSED] - navigateToUrl("http://10.20.24.188/eisportal/user/login"): Navigate to 'http://10.20.24.188/eisportal/user/login' successfully

2019-02-20 16:55:53 - [MESSAGE][PASSED] - Navigate to 'http://10.20.24.188/eisportal/user/login' successfully

2019-02-20 16:55:53 - [TEST_STEP][PASSED] - setText(findTestObject("Rizky/ESO Login/input_Terlupa Kata Laluan_j_us"), ""): Text '' is set on object 'Object Repository/Rizky/ESO Login/input_Terlupa Kata Laluan_j_us'

2019-02-20 16:55:58 - [MESSAGE][PASSED] - Text '' is set on object 'Object Repository/Rizky/ESO Login/input_Terlupa Kata Laluan_j_us'

2019-02-20 16:55:58 - [TEST_STEP][PASSED] - setText(findTestObject("Rizky/ESO Login/input_Terlupa Kata Laluan_j_us"), "klseo5@perkeso.gov.my"): Text 'klseo5@perkeso.gov.my' is set on object 'Object Repository/Rizky/ESO Login/input_Terlupa Kata Laluan_j_us'

2019-02-20 16:56:02 - [MESSAGE][PASSED] - Text 'klseo5@perkeso.gov.my' is set on object 'Object Repository/Rizky/ESO Login/input_Terlupa Kata Laluan_j_us'

2019-02-20 16:56:02 - [TEST_STEP][PASSED] - setEncryptedText(findTestObject("Rizky/ESO Login/input_Terlupa Kata Laluan_j_pa"), "CQqwFZlbeC8="): Text ****** has been set on object 'Object Repository/Rizky/ESO Login/input_Terlupa Kata Laluan_j_pa'

2019-02-20 16:56:05 - [MESSAGE][PASSED] - Text ****** has been set on object 'Object Repository/Rizky/ESO Login/input_Terlupa Kata Laluan_j_pa'

2019-02-20 16:56:05 - [TEST_STEP][PASSED] - click(findTestObject("Rizky/ESO Login/input_Terlupa Kata Laluan_logi")): Object: 'Object Repository/Rizky/ESO Login/input_Terlupa Kata Laluan_logi' is clicked on

2019-02-20 16:56:08 - [MESSAGE][PASSED] - Object: 'Object Repository/Rizky/ESO Login/input_Terlupa Kata Laluan_logi' is clicked on

2019-02-20 16:56:08 - [MESSAGE][PASSED] - Call Test Case 'Test Cases/All TC/Arranged/3. Unit/ES/SEO Login' successfully

2019-02-20 16:56:08 - [TEST_STEP][PASSED] - click(findTestObject("Rizky/SEO Search and Reject/LATIHAN")): Object: 'Object Repository/Rizky/SEO Search and Reject/LATIHAN' is clicked on

2019-02-20 16:56:11 - [MESSAGE][PASSED] - Object: 'Object Repository/Rizky/SEO Search and Reject/LATIHAN' is clicked on

2019-02-20 16:56:11 - [TEST_STEP][PASSED] - click(findTestObject("Rizky/SEO Search and Reject/Tindakan")): Object: 'Object Repository/Rizky/SEO Search and Reject/Tindakan' is clicked on

2019-02-20 16:56:13 - [MESSAGE][PASSED] - Object: 'Object Repository/Rizky/SEO Search and Reject/Tindakan' is clicked on

2019-02-20 16:56:13 - [TEST_STEP][PASSED] - click(findTestObject("Rizky/SEO Search and Reject/Kemaskini")): Object: 'Object Repository/Rizky/SEO Search and Reject/Kemaskini' is clicked on

2019-02-20 16:56:16 - [MESSAGE][PASSED] - Object: 'Object Repository/Rizky/SEO Search and Reject/Kemaskini' is clicked on

2019-02-20 16:56:16 - [TEST_STEP][PASSED] - delay(2): Delayed 2 second(s)

2019-02-20 16:56:18 - [MESSAGE][PASSED] - Delayed 2 second(s)

2019-02-20 16:56:18 - [TEST_STEP][PASSED] - click(findTestObject("Rizky/SEO Search and Reject/Jenis Pengesyoran")): Object: 'Object Repository/Rizky/SEO Search and Reject/Jenis Pengesyoran' is clicked on

2019-02-20 16:56:21 - [MESSAGE][PASSED] - Object: 'Object Repository/Rizky/SEO Search and Reject/Jenis Pengesyoran' is clicked on

2019-02-20 16:56:21 - [TEST_STEP][PASSED] - click(findTestObject("Rizky/SEO Search and Reject/Jenis Pengesyoran-Lain-lain  Hantar Semula")): Object: 'Object Repository/Rizky/SEO Search and Reject/Jenis Pengesyoran-Lain-lain  Hantar Semula' is clicked on

2019-02-20 16:56:23 - [MESSAGE][PASSED] - Object: 'Object Repository/Rizky/SEO Search and Reject/Jenis Pengesyoran-Lain-lain  Hantar Semula' is clicked on

2019-02-20 16:56:23 - [TEST_STEP][PASSED] - setText(findTestObject("Rizky/SEO Search and Reject/Jika Pilih Lain Sila Nyatakan"), "lain lain"): Text 'lain lain' is set on object 'Object Repository/Rizky/SEO Search and Reject/Jika Pilih Lain Sila Nyatakan'

2019-02-20 16:56:27 - [MESSAGE][PASSED] - Text 'lain lain' is set on object 'Object Repository/Rizky/SEO Search and Reject/Jika Pilih Lain Sila Nyatakan'

2019-02-20 16:56:27 - [TEST_STEP][PASSED] - setText(findTestObject("Rizky/SEO Search and Reject/Catatan Negeri Pegawai Pekerjaan Kanan  Catatan Pegawai Negeri Pekerjaan Kanan"), "abc"): Text 'abc' is set on object 'Object Repository/Rizky/SEO Search and Reject/Catatan Negeri Pegawai Pekerjaan Kanan  Catatan Pegawai Negeri Pekerjaan Kanan'

2019-02-20 16:56:31 - [MESSAGE][PASSED] - Text 'abc' is set on object 'Object Repository/Rizky/SEO Search and Reject/Catatan Negeri Pegawai Pekerjaan Kanan  Catatan Pegawai Negeri Pekerjaan Kanan'

2019-02-20 16:56:31 - [TEST_STEP][PASSED] - verifyElementClickable(findTestObject("Rizky/SEO Search and Reject/Hantar")): Object 'Object Repository/Rizky/SEO Search and Reject/Hantar' is clickable

2019-02-20 16:56:33 - [MESSAGE][PASSED] - Object 'Object Repository/Rizky/SEO Search and Reject/Hantar' is clickable]]></system-out>
         <system-err><![CDATA[]]></system-err>
      </testcase>
      <testcase name="Test Cases/All TC/Arranged/0. Full Flow/Training/Approve/2 SEO Seach and Approve" classname="Test Cases/All TC/Arranged/0. Full Flow/Training/Approve/2 SEO Seach and Approve" status="PASSED">
         <system-out><![CDATA[2019-02-20 16:56:33 - [TEST_CASE][PASSED] - Test Cases/All TC/Arranged/0. Full Flow/Training/Approve/2 SEO Seach and Approve: Test Cases/All TC/Arranged/0. Full Flow/Training/Approve/2 SEO Seach and Approve

2019-02-20 16:56:33 - [TEST_STEP][PASSED] - callTestCase(findTestCase("All TC/Arranged/3. Unit/ES/SEO Login"), [:], STOP_ON_FAILURE): Call Test Case 'Test Cases/All TC/Arranged/3. Unit/ES/SEO Login' successfully

2019-02-20 16:56:33 - [TEST_CASE][PASSED] - Test Cases/All TC/Arranged/3. Unit/ES/SEO Login: Test Cases/All TC/Arranged/3. Unit/ES/SEO Login

2019-02-20 16:56:33 - [TEST_STEP][PASSED] - openBrowser(""): Browser is opened with url: ''

2019-02-20 16:56:33 - [MESSAGE][WARNING] - A browser is already opened. Closing browser and opening a new one

2019-02-20 16:56:35 - [MESSAGE][INFO] - Starting 'Chrome' driver

2019-02-20 16:56:35 - [MESSAGE][INFO] - User set preference: ['args', '[--start-maximized]']

2019-02-20 16:56:39 - [MESSAGE][PASSED] - Browser is opened with url: ''

2019-02-20 16:56:39 - [TEST_STEP][PASSED] - navigateToUrl("http://10.20.24.188/eisportal/user/login"): Navigate to 'http://10.20.24.188/eisportal/user/login' successfully

2019-02-20 16:56:41 - [MESSAGE][PASSED] - Navigate to 'http://10.20.24.188/eisportal/user/login' successfully

2019-02-20 16:56:41 - [TEST_STEP][PASSED] - setText(findTestObject("Rizky/ESO Login/input_Terlupa Kata Laluan_j_us"), ""): Text '' is set on object 'Object Repository/Rizky/ESO Login/input_Terlupa Kata Laluan_j_us'

2019-02-20 16:56:45 - [MESSAGE][PASSED] - Text '' is set on object 'Object Repository/Rizky/ESO Login/input_Terlupa Kata Laluan_j_us'

2019-02-20 16:56:45 - [TEST_STEP][PASSED] - setText(findTestObject("Rizky/ESO Login/input_Terlupa Kata Laluan_j_us"), "klseo5@perkeso.gov.my"): Text 'klseo5@perkeso.gov.my' is set on object 'Object Repository/Rizky/ESO Login/input_Terlupa Kata Laluan_j_us'

2019-02-20 16:56:49 - [MESSAGE][PASSED] - Text 'klseo5@perkeso.gov.my' is set on object 'Object Repository/Rizky/ESO Login/input_Terlupa Kata Laluan_j_us'

2019-02-20 16:56:49 - [TEST_STEP][PASSED] - setEncryptedText(findTestObject("Rizky/ESO Login/input_Terlupa Kata Laluan_j_pa"), "CQqwFZlbeC8="): Text ****** has been set on object 'Object Repository/Rizky/ESO Login/input_Terlupa Kata Laluan_j_pa'

2019-02-20 16:56:53 - [MESSAGE][PASSED] - Text ****** has been set on object 'Object Repository/Rizky/ESO Login/input_Terlupa Kata Laluan_j_pa'

2019-02-20 16:56:53 - [TEST_STEP][PASSED] - click(findTestObject("Rizky/ESO Login/input_Terlupa Kata Laluan_logi")): Object: 'Object Repository/Rizky/ESO Login/input_Terlupa Kata Laluan_logi' is clicked on

2019-02-20 16:56:56 - [MESSAGE][PASSED] - Object: 'Object Repository/Rizky/ESO Login/input_Terlupa Kata Laluan_logi' is clicked on

2019-02-20 16:56:56 - [MESSAGE][PASSED] - Call Test Case 'Test Cases/All TC/Arranged/3. Unit/ES/SEO Login' successfully

2019-02-20 16:56:56 - [TEST_STEP][PASSED] - click(findTestObject("Rizky/SEO Search and Approve/LATIHAN")): Object: 'Object Repository/Rizky/SEO Search and Approve/LATIHAN' is clicked on

2019-02-20 16:56:58 - [MESSAGE][PASSED] - Object: 'Object Repository/Rizky/SEO Search and Approve/LATIHAN' is clicked on

2019-02-20 16:56:58 - [TEST_STEP][PASSED] - click(findTestObject("Rizky/SEO Search and Approve/Tindakan")): Object: 'Object Repository/Rizky/SEO Search and Approve/Tindakan' is clicked on

2019-02-20 16:57:01 - [MESSAGE][PASSED] - Object: 'Object Repository/Rizky/SEO Search and Approve/Tindakan' is clicked on

2019-02-20 16:57:01 - [TEST_STEP][PASSED] - click(findTestObject("Rizky/SEO Search and Approve/Kemaskini")): Object: 'Object Repository/Rizky/SEO Search and Approve/Kemaskini' is clicked on

2019-02-20 16:57:04 - [MESSAGE][PASSED] - Object: 'Object Repository/Rizky/SEO Search and Approve/Kemaskini' is clicked on

2019-02-20 16:57:04 - [TEST_STEP][PASSED] - delay(2): Delayed 2 second(s)

2019-02-20 16:57:06 - [MESSAGE][PASSED] - Delayed 2 second(s)

2019-02-20 16:57:06 - [TEST_STEP][PASSED] - click(findTestObject("Rizky/SEO Search and Approve/Jenis Pengesyoran")): Object: 'Object Repository/Rizky/SEO Search and Approve/Jenis Pengesyoran' is clicked on

2019-02-20 16:57:08 - [MESSAGE][PASSED] - Object: 'Object Repository/Rizky/SEO Search and Approve/Jenis Pengesyoran' is clicked on

2019-02-20 16:57:08 - [TEST_STEP][PASSED] - click(findTestObject("Rizky/SEO Search and Approve/Jenis Pengesyoran-Memerlukan Latihan")): Object: 'Object Repository/Rizky/SEO Search and Approve/Jenis Pengesyoran-Memerlukan Latihan' is clicked on

2019-02-20 16:57:10 - [MESSAGE][PASSED] - Object: 'Object Repository/Rizky/SEO Search and Approve/Jenis Pengesyoran-Memerlukan Latihan' is clicked on

2019-02-20 16:57:10 - [TEST_STEP][PASSED] - setText(findTestObject("Rizky/SEO Search and Approve/Catatan Negeri Pegawai Pekerjaan Kanan  Catatan Pegawai Negeri Pekerjaan Kanan"), "abc"): Text 'abc' is set on object 'Object Repository/Rizky/SEO Search and Approve/Catatan Negeri Pegawai Pekerjaan Kanan  Catatan Pegawai Negeri Pekerjaan Kanan'

2019-02-20 16:57:14 - [MESSAGE][PASSED] - Text 'abc' is set on object 'Object Repository/Rizky/SEO Search and Approve/Catatan Negeri Pegawai Pekerjaan Kanan  Catatan Pegawai Negeri Pekerjaan Kanan'

2019-02-20 16:57:14 - [TEST_STEP][PASSED] - verifyElementClickable(findTestObject("Rizky/SEO Search and Approve/Hantar")): Object 'Object Repository/Rizky/SEO Search and Approve/Hantar' is clickable

2019-02-20 16:57:16 - [MESSAGE][PASSED] - Object 'Object Repository/Rizky/SEO Search and Approve/Hantar' is clickable]]></system-out>
         <system-err><![CDATA[]]></system-err>
      </testcase>
      <testcase name="Test Cases/All TC/Arranged/0. Full Flow/Training/Approve/1 ESO Apply and Approve" classname="Test Cases/All TC/Arranged/0. Full Flow/Training/Approve/1 ESO Apply and Approve" status="PASSED">
         <system-out><![CDATA[2019-02-20 16:57:16 - [TEST_CASE][PASSED] - Test Cases/All TC/Arranged/0. Full Flow/Training/Approve/1 ESO Apply and Approve: Test Cases/All TC/Arranged/0. Full Flow/Training/Approve/1 ESO Apply and Approve

2019-02-20 16:57:17 - [TEST_STEP][PASSED] - callTestCase(findTestCase("All TC/Arranged/3. Unit/ES/ESO Login (1)"), [:], STOP_ON_FAILURE): Call Test Case 'Test Cases/All TC/Arranged/3. Unit/ES/ESO Login (1)' successfully

2019-02-20 16:57:17 - [TEST_CASE][PASSED] - Test Cases/All TC/Arranged/3. Unit/ES/ESO Login (1): Test Cases/All TC/Arranged/3. Unit/ES/ESO Login (1)

2019-02-20 16:57:17 - [TEST_STEP][PASSED] - openBrowser(""): Browser is opened with url: ''

2019-02-20 16:57:17 - [MESSAGE][WARNING] - A browser is already opened. Closing browser and opening a new one

2019-02-20 16:57:19 - [MESSAGE][INFO] - Starting 'Chrome' driver

2019-02-20 16:57:19 - [MESSAGE][INFO] - User set preference: ['args', '[--start-maximized]']

2019-02-20 16:57:23 - [MESSAGE][PASSED] - Browser is opened with url: ''

2019-02-20 16:57:23 - [TEST_STEP][PASSED] - navigateToUrl("http://10.20.24.188/eisportal/user/login"): Navigate to 'http://10.20.24.188/eisportal/user/login' successfully

2019-02-20 16:57:25 - [MESSAGE][PASSED] - Navigate to 'http://10.20.24.188/eisportal/user/login' successfully

2019-02-20 16:57:25 - [TEST_STEP][PASSED] - setText(findTestObject("Rizky/ESO Login/input_Terlupa Kata Laluan_j_us"), ""): Text '' is set on object 'Object Repository/Rizky/ESO Login/input_Terlupa Kata Laluan_j_us'

2019-02-20 16:57:29 - [MESSAGE][PASSED] - Text '' is set on object 'Object Repository/Rizky/ESO Login/input_Terlupa Kata Laluan_j_us'

2019-02-20 16:57:29 - [TEST_STEP][PASSED] - setText(findTestObject("Rizky/ESO Login/input_Terlupa Kata Laluan_j_us"), "athirah.zulkifli@perkeso.gov.my"): Text 'athirah.zulkifli@perkeso.gov.my' is set on object 'Object Repository/Rizky/ESO Login/input_Terlupa Kata Laluan_j_us'

2019-02-20 16:57:33 - [MESSAGE][PASSED] - Text 'athirah.zulkifli@perkeso.gov.my' is set on object 'Object Repository/Rizky/ESO Login/input_Terlupa Kata Laluan_j_us'

2019-02-20 16:57:33 - [TEST_STEP][PASSED] - setEncryptedText(findTestObject("Rizky/ESO Login/input_Terlupa Kata Laluan_j_pa"), "CQqwFZlbeC8="): Text ****** has been set on object 'Object Repository/Rizky/ESO Login/input_Terlupa Kata Laluan_j_pa'

2019-02-20 16:57:36 - [MESSAGE][PASSED] - Text ****** has been set on object 'Object Repository/Rizky/ESO Login/input_Terlupa Kata Laluan_j_pa'

2019-02-20 16:57:36 - [TEST_STEP][PASSED] - click(findTestObject("Rizky/ESO Login/input_Terlupa Kata Laluan_logi")): Object: 'Object Repository/Rizky/ESO Login/input_Terlupa Kata Laluan_logi' is clicked on

2019-02-20 16:57:39 - [MESSAGE][PASSED] - Object: 'Object Repository/Rizky/ESO Login/input_Terlupa Kata Laluan_logi' is clicked on

2019-02-20 16:57:39 - [MESSAGE][PASSED] - Call Test Case 'Test Cases/All TC/Arranged/3. Unit/ES/ESO Login (1)' successfully

2019-02-20 16:57:39 - [TEST_STEP][PASSED] - callTestCase(findTestCase("All TC/Arranged/3. Unit/ES/1-1 ESO Apply"), [:], STOP_ON_FAILURE): Call Test Case 'Test Cases/All TC/Arranged/3. Unit/ES/1-1 ESO Apply' successfully

2019-02-20 16:57:40 - [TEST_CASE][PASSED] - Test Cases/All TC/Arranged/3. Unit/ES/1-1 ESO Apply: Test Cases/All TC/Arranged/3. Unit/ES/1-1 ESO Apply

2019-02-20 16:57:40 - [TEST_STEP][PASSED] - mouseOver(findTestObject("Rizky/ESO Apply/a_PERMOHONAN")): Object: 'Object Repository/Rizky/ESO Apply/a_PERMOHONAN' is hovered

2019-02-20 16:57:43 - [MESSAGE][PASSED] - Object: 'Object Repository/Rizky/ESO Apply/a_PERMOHONAN' is hovered

2019-02-20 16:57:43 - [TEST_STEP][PASSED] - delay(2): Delayed 2 second(s)

2019-02-20 16:57:45 - [MESSAGE][PASSED] - Delayed 2 second(s)

2019-02-20 16:57:45 - [TEST_STEP][PASSED] - click(findTestObject("Rizky/ESO Apply/a_Latihan")): Object: 'Object Repository/Rizky/ESO Apply/a_Latihan' is clicked on

2019-02-20 16:57:48 - [MESSAGE][PASSED] - Object: 'Object Repository/Rizky/ESO Apply/a_Latihan' is clicked on

2019-02-20 16:57:48 - [TEST_STEP][PASSED] - delay(2): Delayed 2 second(s)

2019-02-20 16:57:50 - [MESSAGE][PASSED] - Delayed 2 second(s)

2019-02-20 16:57:50 - [TEST_STEP][PASSED] - setText(findTestObject("Rizky/ESO Apply/Cari dengan MyKad"), "950000140001"): Text '950000140001' is set on object 'Object Repository/Rizky/ESO Apply/Cari dengan MyKad'

2019-02-20 16:57:54 - [MESSAGE][PASSED] - Text '950000140001' is set on object 'Object Repository/Rizky/ESO Apply/Cari dengan MyKad'

2019-02-20 16:57:54 - [TEST_STEP][PASSED] - click(findTestObject("Rizky/ESO Apply/Cari")): Object: 'Object Repository/Rizky/ESO Apply/Cari' is clicked on

2019-02-20 16:57:56 - [MESSAGE][PASSED] - Object: 'Object Repository/Rizky/ESO Apply/Cari' is clicked on

2019-02-20 16:57:56 - [TEST_STEP][PASSED] - delay(2): Delayed 2 second(s)

2019-02-20 16:57:58 - [MESSAGE][PASSED] - Delayed 2 second(s)

2019-02-20 16:57:58 - [TEST_STEP][PASSED] - click(findTestObject("Rizky/ESO Apply/ID Kes")): Object: 'Object Repository/Rizky/ESO Apply/ID Kes' is clicked on

2019-02-20 16:58:00 - [MESSAGE][PASSED] - Object: 'Object Repository/Rizky/ESO Apply/ID Kes' is clicked on

2019-02-20 16:58:00 - [TEST_STEP][PASSED] - click(findTestObject("Rizky/ESO Apply/ID KES-SIPE1119060000003")): Object: 'Object Repository/Rizky/ESO Apply/ID KES-SIPE1119060000003' is clicked on

2019-02-20 16:58:02 - [MESSAGE][PASSED] - Object: 'Object Repository/Rizky/ESO Apply/ID KES-SIPE1119060000003' is clicked on

2019-02-20 16:58:02 - [TEST_STEP][PASSED] - delay(1): Delayed 1 second(s)

2019-02-20 16:58:03 - [MESSAGE][PASSED] - Delayed 1 second(s)

2019-02-20 16:58:03 - [TEST_STEP][PASSED] - setText(findTestObject("Rizky/ESO Apply/Jawatan Terakhir"), "1"): Text '1' is set on object 'Object Repository/Rizky/ESO Apply/Jawatan Terakhir'

2019-02-20 16:58:08 - [MESSAGE][PASSED] - Text '1' is set on object 'Object Repository/Rizky/ESO Apply/Jawatan Terakhir'

2019-02-20 16:58:08 - [TEST_STEP][PASSED] - setText(findTestObject("Rizky/ESO Apply/Gaji Terakhir"), "1"): Text '1' is set on object 'Object Repository/Rizky/ESO Apply/Gaji Terakhir'

2019-02-20 16:58:12 - [MESSAGE][PASSED] - Text '1' is set on object 'Object Repository/Rizky/ESO Apply/Gaji Terakhir'

2019-02-20 16:58:12 - [TEST_STEP][PASSED] - click(findTestObject("Rizky/IP Apply/Ujian Psikometrik -")): Object: 'Object Repository/Rizky/IP Apply/Ujian Psikometrik -' is clicked on

2019-02-20 16:58:14 - [MESSAGE][PASSED] - Object: 'Object Repository/Rizky/IP Apply/Ujian Psikometrik -' is clicked on

2019-02-20 16:58:14 - [TEST_STEP][PASSED] - click(findTestObject("Rizky/IP Apply/Ujian Psikometrik - Realistic")): Object: 'Object Repository/Rizky/IP Apply/Ujian Psikometrik - Realistic' is clicked on

2019-02-20 16:58:16 - [MESSAGE][PASSED] - Object: 'Object Repository/Rizky/IP Apply/Ujian Psikometrik - Realistic' is clicked on

2019-02-20 16:58:16 - [TEST_STEP][PASSED] - click(findTestObject("Rizky/ESO Apply/Institut")): Object: 'Object Repository/Rizky/ESO Apply/Institut' is clicked on

2019-02-20 16:58:18 - [MESSAGE][PASSED] - Object: 'Object Repository/Rizky/ESO Apply/Institut' is clicked on

2019-02-20 16:58:18 - [TEST_STEP][PASSED] - click(findTestObject("Rizky/ESO Apply/Institut-NIOSH HQ (BANGI)")): Object: 'Object Repository/Rizky/ESO Apply/Institut-NIOSH HQ (BANGI)' is clicked on

2019-02-20 16:58:20 - [MESSAGE][PASSED] - Object: 'Object Repository/Rizky/ESO Apply/Institut-NIOSH HQ (BANGI)' is clicked on

2019-02-20 16:58:20 - [TEST_STEP][PASSED] - delay(3): Delayed 3 second(s)

2019-02-20 16:58:23 - [MESSAGE][PASSED] - Delayed 3 second(s)

2019-02-20 16:58:23 - [TEST_STEP][PASSED] - click(findTestObject("Rizky/ESO Apply/Nama Kursus")): Object: 'Object Repository/Rizky/ESO Apply/Nama Kursus' is clicked on

2019-02-20 16:58:26 - [MESSAGE][PASSED] - Object: 'Object Repository/Rizky/ESO Apply/Nama Kursus' is clicked on

2019-02-20 16:58:26 - [TEST_STEP][PASSED] - click(findTestObject("Rizky/ESO Apply/Nama Kursus-Safety and Health Officer (")): Object: 'Object Repository/Rizky/ESO Apply/Nama Kursus-Safety and Health Officer (' is clicked on

2019-02-20 16:58:28 - [MESSAGE][PASSED] - Object: 'Object Repository/Rizky/ESO Apply/Nama Kursus-Safety and Health Officer (' is clicked on

2019-02-20 16:58:28 - [TEST_STEP][PASSED] - click(findTestObject("Rizky/ESO Apply/Hantar")): Object: 'Object Repository/Rizky/ESO Apply/Hantar' is clicked on

2019-02-20 16:58:30 - [MESSAGE][PASSED] - Object: 'Object Repository/Rizky/ESO Apply/Hantar' is clicked on

2019-02-20 16:58:30 - [MESSAGE][PASSED] - Call Test Case 'Test Cases/All TC/Arranged/3. Unit/ES/1-1 ESO Apply' successfully

2019-02-20 16:58:30 - [TEST_STEP][PASSED] - callTestCase(findTestCase("All TC/Arranged/3. Unit/ES/1-2 ESO Approve"), [:], STOP_ON_FAILURE): Call Test Case 'Test Cases/All TC/Arranged/3. Unit/ES/1-2 ESO Approve' successfully

2019-02-20 16:58:30 - [TEST_CASE][PASSED] - Test Cases/All TC/Arranged/3. Unit/ES/1-2 ESO Approve: Test Cases/All TC/Arranged/3. Unit/ES/1-2 ESO Approve

2019-02-20 16:58:30 - [TEST_STEP][PASSED] - delay(2): Delayed 2 second(s)

2019-02-20 16:58:32 - [MESSAGE][PASSED] - Delayed 2 second(s)

2019-02-20 16:58:32 - [TEST_STEP][PASSED] - click(findTestObject("Rizky/ESO Approve/Tab-LATIHAN")): Object: 'Object Repository/Rizky/ESO Approve/Tab-LATIHAN' is clicked on

2019-02-20 16:58:35 - [MESSAGE][PASSED] - Object: 'Object Repository/Rizky/ESO Approve/Tab-LATIHAN' is clicked on

2019-02-20 16:58:35 - [TEST_STEP][PASSED] - delay(2): Delayed 2 second(s)

2019-02-20 16:58:37 - [MESSAGE][PASSED] - Delayed 2 second(s)

2019-02-20 16:58:37 - [TEST_STEP][PASSED] - click(findTestObject("Rizky/ESO Approve/Tindakan")): Object: 'Object Repository/Rizky/ESO Approve/Tindakan' is clicked on

2019-02-20 16:58:39 - [MESSAGE][PASSED] - Object: 'Object Repository/Rizky/ESO Approve/Tindakan' is clicked on

2019-02-20 16:58:39 - [TEST_STEP][PASSED] - delay(2): Delayed 2 second(s)

2019-02-20 16:58:41 - [MESSAGE][PASSED] - Delayed 2 second(s)

2019-02-20 16:58:41 - [TEST_STEP][PASSED] - click(findTestObject("Rizky/ESO Approve/Kemaskini")): Object: 'Object Repository/Rizky/ESO Approve/Kemaskini' is clicked on

2019-02-20 16:58:45 - [MESSAGE][PASSED] - Object: 'Object Repository/Rizky/ESO Approve/Kemaskini' is clicked on

2019-02-20 16:58:45 - [TEST_STEP][PASSED] - click(findTestObject("Rizky/ESO Approve/Jenis Pengesyoran")): Object: 'Object Repository/Rizky/ESO Approve/Jenis Pengesyoran' is clicked on

2019-02-20 16:58:47 - [MESSAGE][PASSED] - Object: 'Object Repository/Rizky/ESO Approve/Jenis Pengesyoran' is clicked on

2019-02-20 16:58:47 - [TEST_STEP][PASSED] - click(findTestObject("Rizky/ESO Approve/Jenis Pengesyoran-Syor Latihan")): Object: 'Object Repository/Rizky/ESO Approve/Jenis Pengesyoran-Syor Latihan' is clicked on

2019-02-20 16:58:49 - [MESSAGE][PASSED] - Object: 'Object Repository/Rizky/ESO Approve/Jenis Pengesyoran-Syor Latihan' is clicked on

2019-02-20 16:58:49 - [TEST_STEP][PASSED] - setText(findTestObject("Rizky/ESO Approve/Catatan Pegawai Penempatan Pekerjaan"), "def"): Text 'def' is set on object 'Object Repository/Rizky/ESO Approve/Catatan Pegawai Penempatan Pekerjaan'

2019-02-20 16:58:53 - [MESSAGE][PASSED] - Text 'def' is set on object 'Object Repository/Rizky/ESO Approve/Catatan Pegawai Penempatan Pekerjaan'

2019-02-20 16:58:53 - [TEST_STEP][PASSED] - click(findTestObject("Rizky/ESO Approve/Hantar")): Object: 'Object Repository/Rizky/ESO Approve/Hantar' is clicked on

2019-02-20 16:58:55 - [MESSAGE][PASSED] - Object: 'Object Repository/Rizky/ESO Approve/Hantar' is clicked on

2019-02-20 16:58:55 - [MESSAGE][PASSED] - Call Test Case 'Test Cases/All TC/Arranged/3. Unit/ES/1-2 ESO Approve' successfully]]></system-out>
         <system-err><![CDATA[]]></system-err>
      </testcase>
      <testcase name="Test Cases/All TC/Arranged/0. Full Flow/Submit Form 7 (General) - Case Reassignment Same Branch SEIO" classname="Test Cases/All TC/Arranged/0. Full Flow/Submit Form 7 (General) - Case Reassignment Same Branch SEIO" status="FAILED">
         <failure type="FAILED" message="Test Cases/All TC/Arranged/0. Full Flow/Submit Form 7 (General) - Case Reassignment Same Branch SEIO FAILED.
Reason:
com.kms.katalon.core.exception.StepFailedException: Unable to click on object 'Object Repository/KinJun/3.0 JSA Application/EIO Internal Login - JSA Application - Approve/Page_PERKESO/Click Workbasket' (Root cause: com.kms.katalon.core.webui.exception.WebElementNotFoundException: Web element with id: 'Object Repository/KinJun/3.0 JSA Application/EIO Internal Login - JSA Application - Approve/Page_PERKESO/Click Workbasket' located by 'By.xpath: //a[@href = '/eisportal/user/internal/taskinbox' and (text() = 'PETI MASUK TUGAS' or . = 'PETI MASUK TUGAS')]' not found)
	at com.kms.katalon.core.keyword.internal.KeywordMain.stepFailed(KeywordMain.groovy:36)
	at com.kms.katalon.core.webui.keyword.internal.WebUIKeywordMain.stepFailed(WebUIKeywordMain.groovy:65)
	at com.kms.katalon.core.webui.keyword.internal.WebUIKeywordMain.runKeyword(WebUIKeywordMain.groovy:27)
	at com.kms.katalon.core.webui.keyword.builtin.ClickKeyword.click(ClickKeyword.groovy:86)
	at com.kms.katalon.core.webui.keyword.builtin.ClickKeyword.execute(ClickKeyword.groovy:67)
	at com.kms.katalon.core.keyword.internal.KeywordExecutor.executeKeywordForPlatform(KeywordExecutor.groovy:53)
	at com.kms.katalon.core.webui.keyword.WebUiBuiltInKeywords.click(WebUiBuiltInKeywords.groovy:616)
	at com.kms.katalon.core.webui.keyword.WebUiBuiltInKeywords$click$3.call(Unknown Source)
	at EIO Internal Login - JSA Application - Approve.run(EIO Internal Login - JSA Application - Approve:32)
	at com.kms.katalon.core.main.ScriptEngine.run(ScriptEngine.java:194)
	at com.kms.katalon.core.main.ScriptEngine.runScriptAsRawText(ScriptEngine.java:119)
	at com.kms.katalon.core.main.TestCaseExecutor.runScript(TestCaseExecutor.java:328)
	at com.kms.katalon.core.main.TestCaseExecutor.doExecute(TestCaseExecutor.java:319)
	at com.kms.katalon.core.main.TestCaseExecutor.processExecutionPhase(TestCaseExecutor.java:298)
	at com.kms.katalon.core.main.TestCaseExecutor.accessMainPhase(TestCaseExecutor.java:290)
	at com.kms.katalon.core.main.TestCaseExecutor.execute(TestCaseExecutor.java:224)
	at com.kms.katalon.core.main.TestCaseMain.runTestCase(TestCaseMain.java:106)
	at com.kms.katalon.core.keyword.builtin.CallTestCaseKeyword$_callTestCase_closure1.doCall(CallTestCaseKeyword.groovy:59)
	at com.kms.katalon.core.keyword.builtin.CallTestCaseKeyword$_callTestCase_closure1.call(CallTestCaseKeyword.groovy)
	at com.kms.katalon.core.keyword.internal.KeywordMain.runKeyword(KeywordMain.groovy:54)
	at com.kms.katalon.core.keyword.builtin.CallTestCaseKeyword.callTestCase(CallTestCaseKeyword.groovy:80)
	at com.kms.katalon.core.keyword.builtin.CallTestCaseKeyword.execute(CallTestCaseKeyword.groovy:44)
	at com.kms.katalon.core.keyword.internal.KeywordExecutor.executeKeywordForPlatform(KeywordExecutor.groovy:53)
	at com.kms.katalon.core.keyword.BuiltinKeywords.callTestCase(BuiltinKeywords.groovy:334)
	at Submit Form 7 (General) - Case Reassignment Same Branch SEIO.run(Submit Form 7 (General) - Case Reassignment Same Branch SEIO:21)
	at com.kms.katalon.core.main.ScriptEngine.run(ScriptEngine.java:194)
	at com.kms.katalon.core.main.ScriptEngine.runScriptAsRawText(ScriptEngine.java:119)
	at com.kms.katalon.core.main.TestCaseExecutor.runScript(TestCaseExecutor.java:328)
	at com.kms.katalon.core.main.TestCaseExecutor.doExecute(TestCaseExecutor.java:319)
	at com.kms.katalon.core.main.TestCaseExecutor.processExecutionPhase(TestCaseExecutor.java:298)
	at com.kms.katalon.core.main.TestCaseExecutor.accessMainPhase(TestCaseExecutor.java:290)
	at com.kms.katalon.core.main.TestCaseExecutor.execute(TestCaseExecutor.java:224)
	at com.kms.katalon.core.main.TestSuiteExecutor.accessTestCaseMainPhase(TestSuiteExecutor.java:129)
	at com.kms.katalon.core.main.TestSuiteExecutor.accessTestSuiteMainPhase(TestSuiteExecutor.java:112)
	at com.kms.katalon.core.main.TestSuiteExecutor.execute(TestSuiteExecutor.java:81)
	at com.kms.katalon.core.main.TestCaseMain.startTestSuite(TestCaseMain.java:149)
	at com.kms.katalon.core.main.TestCaseMain$startTestSuite$0.call(Unknown Source)
	at TempTestSuite1550652525208.run(TempTestSuite1550652525208.groovy:36)
"/>
         <system-out><![CDATA[2019-02-20 16:58:55 - [TEST_CASE][FAILED] - Test Cases/All TC/Arranged/0. Full Flow/Submit Form 7 (General) - Case Reassignment Same Branch SEIO: Test Cases/All TC/Arranged/0. Full Flow/Submit Form 7 (General) - Case Reassignment Same Branch SEIO FAILED.
Reason:
com.kms.katalon.core.exception.StepFailedException: Unable to click on object 'Object Repository/KinJun/3.0 JSA Application/EIO Internal Login - JSA Application - Approve/Page_PERKESO/Click Workbasket' (Root cause: com.kms.katalon.core.webui.exception.WebElementNotFoundException: Web element with id: 'Object Repository/KinJun/3.0 JSA Application/EIO Internal Login - JSA Application - Approve/Page_PERKESO/Click Workbasket' located by 'By.xpath: //a[@href = '/eisportal/user/internal/taskinbox' and (text() = 'PETI MASUK TUGAS' or . = 'PETI MASUK TUGAS')]' not found)
	at com.kms.katalon.core.keyword.internal.KeywordMain.stepFailed(KeywordMain.groovy:36)
	at com.kms.katalon.core.webui.keyword.internal.WebUIKeywordMain.stepFailed(WebUIKeywordMain.groovy:65)
	at com.kms.katalon.core.webui.keyword.internal.WebUIKeywordMain.runKeyword(WebUIKeywordMain.groovy:27)
	at com.kms.katalon.core.webui.keyword.builtin.ClickKeyword.click(ClickKeyword.groovy:86)
	at com.kms.katalon.core.webui.keyword.builtin.ClickKeyword.execute(ClickKeyword.groovy:67)
	at com.kms.katalon.core.keyword.internal.KeywordExecutor.executeKeywordForPlatform(KeywordExecutor.groovy:53)
	at com.kms.katalon.core.webui.keyword.WebUiBuiltInKeywords.click(WebUiBuiltInKeywords.groovy:616)
	at com.kms.katalon.core.webui.keyword.WebUiBuiltInKeywords$click$3.call(Unknown Source)
	at EIO Internal Login - JSA Application - Approve.run(EIO Internal Login - JSA Application - Approve:32)
	at com.kms.katalon.core.main.ScriptEngine.run(ScriptEngine.java:194)
	at com.kms.katalon.core.main.ScriptEngine.runScriptAsRawText(ScriptEngine.java:119)
	at com.kms.katalon.core.main.TestCaseExecutor.runScript(TestCaseExecutor.java:328)
	at com.kms.katalon.core.main.TestCaseExecutor.doExecute(TestCaseExecutor.java:319)
	at com.kms.katalon.core.main.TestCaseExecutor.processExecutionPhase(TestCaseExecutor.java:298)
	at com.kms.katalon.core.main.TestCaseExecutor.accessMainPhase(TestCaseExecutor.java:290)
	at com.kms.katalon.core.main.TestCaseExecutor.execute(TestCaseExecutor.java:224)
	at com.kms.katalon.core.main.TestCaseMain.runTestCase(TestCaseMain.java:106)
	at com.kms.katalon.core.keyword.builtin.CallTestCaseKeyword$_callTestCase_closure1.doCall(CallTestCaseKeyword.groovy:59)
	at com.kms.katalon.core.keyword.builtin.CallTestCaseKeyword$_callTestCase_closure1.call(CallTestCaseKeyword.groovy)
	at com.kms.katalon.core.keyword.internal.KeywordMain.runKeyword(KeywordMain.groovy:54)
	at com.kms.katalon.core.keyword.builtin.CallTestCaseKeyword.callTestCase(CallTestCaseKeyword.groovy:80)
	at com.kms.katalon.core.keyword.builtin.CallTestCaseKeyword.execute(CallTestCaseKeyword.groovy:44)
	at com.kms.katalon.core.keyword.internal.KeywordExecutor.executeKeywordForPlatform(KeywordExecutor.groovy:53)
	at com.kms.katalon.core.keyword.BuiltinKeywords.callTestCase(BuiltinKeywords.groovy:334)
	at Submit Form 7 (General) - Case Reassignment Same Branch SEIO.run(Submit Form 7 (General) - Case Reassignment Same Branch SEIO:21)
	at com.kms.katalon.core.main.ScriptEngine.run(ScriptEngine.java:194)
	at com.kms.katalon.core.main.ScriptEngine.runScriptAsRawText(ScriptEngine.java:119)
	at com.kms.katalon.core.main.TestCaseExecutor.runScript(TestCaseExecutor.java:328)
	at com.kms.katalon.core.main.TestCaseExecutor.doExecute(TestCaseExecutor.java:319)
	at com.kms.katalon.core.main.TestCaseExecutor.processExecutionPhase(TestCaseExecutor.java:298)
	at com.kms.katalon.core.main.TestCaseExecutor.accessMainPhase(TestCaseExecutor.java:290)
	at com.kms.katalon.core.main.TestCaseExecutor.execute(TestCaseExecutor.java:224)
	at com.kms.katalon.core.main.TestSuiteExecutor.accessTestCaseMainPhase(TestSuiteExecutor.java:129)
	at com.kms.katalon.core.main.TestSuiteExecutor.accessTestSuiteMainPhase(TestSuiteExecutor.java:112)
	at com.kms.katalon.core.main.TestSuiteExecutor.execute(TestSuiteExecutor.java:81)
	at com.kms.katalon.core.main.TestCaseMain.startTestSuite(TestCaseMain.java:149)
	at com.kms.katalon.core.main.TestCaseMain$startTestSuite$0.call(Unknown Source)
	at TempTestSuite1550652525208.run(TempTestSuite1550652525208.groovy:36)


2019-02-20 16:58:56 - [TEST_STEP][PASSED] - callTestCase(findTestCase("All TC/Arranged/2. Segment/GN_Submit Form 7_End to End"), [:], STOP_ON_FAILURE): Call Test Case 'Test Cases/All TC/Arranged/2. Segment/GN_Submit Form 7_End to End' successfully

2019-02-20 16:58:56 - [TEST_CASE][PASSED] - Test Cases/All TC/Arranged/2. Segment/GN_Submit Form 7_End to End: Test Cases/All TC/Arranged/2. Segment/GN_Submit Form 7_End to End

2019-02-20 16:58:56 - [TEST_STEP][PASSED] - callTestCase(findTestCase("All TC/Arranged/3. Unit/EI/GN submit form 7/GN_Application_Reg"), [:], STOP_ON_FAILURE): Call Test Case 'Test Cases/All TC/Arranged/3. Unit/EI/GN submit form 7/GN_Application_Reg' successfully

2019-02-20 16:58:56 - [TEST_CASE][PASSED] - Test Cases/All TC/Arranged/3. Unit/EI/GN submit form 7/GN_Application_Reg: Test Cases/All TC/Arranged/3. Unit/EI/GN submit form 7/GN_Application_Reg

2019-02-20 16:58:56 - [TEST_STEP][PASSED] - openBrowser(""): Browser is opened with url: ''

2019-02-20 16:58:56 - [MESSAGE][WARNING] - A browser is already opened. Closing browser and opening a new one

2019-02-20 16:58:58 - [MESSAGE][INFO] - Starting 'Chrome' driver

2019-02-20 16:58:58 - [MESSAGE][INFO] - User set preference: ['args', '[--start-maximized]']

2019-02-20 16:59:02 - [MESSAGE][PASSED] - Browser is opened with url: ''

2019-02-20 16:59:02 - [TEST_STEP][PASSED] - navigateToUrl(General_Login): Navigate to 'http://10.20.24.188/eisportal/insured/appl/instruction' successfully

2019-02-20 16:59:04 - [MESSAGE][PASSED] - Navigate to 'http://10.20.24.188/eisportal/insured/appl/instruction' successfully

2019-02-20 16:59:04 - [TEST_STEP][PASSED] - click(findTestObject("ZhiHao/General_User_Submit_form 7/GN_Application_Reg/Page_PERKESO/button_Setuju")): Object: 'Object Repository/ZhiHao/General_User_Submit_form 7/GN_Application_Reg/Page_PERKESO/button_Setuju' is clicked on

2019-02-20 16:59:06 - [MESSAGE][PASSED] - Object: 'Object Repository/ZhiHao/General_User_Submit_form 7/GN_Application_Reg/Page_PERKESO/button_Setuju' is clicked on

2019-02-20 16:59:06 - [TEST_STEP][PASSED] - callTestCase(findTestCase("All TC/Arranged/1. Common/IC List Checker"), [:], STOP_ON_FAILURE): Call Test Case 'Test Cases/All TC/Arranged/1. Common/IC List Checker' successfully

2019-02-20 16:59:07 - [TEST_CASE][PASSED] - Test Cases/All TC/Arranged/1. Common/IC List Checker: Test Cases/All TC/Arranged/1. Common/IC List Checker

2019-02-20 16:59:07 - [TEST_STEP][PASSED] - counter = 0: null

2019-02-20 16:59:07 - [TEST_STEP][PASSED] - fis = new java.io.FileInputStream((internal.GlobalVariable.TextFilePathCommon + \IC.xlsx)): null

2019-02-20 16:59:07 - [TEST_STEP][PASSED] - workbook = new org.apache.poi.xssf.usermodel.XSSFWorkbook(fis): null

2019-02-20 16:59:09 - [TEST_STEP][PASSED] - sheet = workbook.getSheet("Sheet1"): null

2019-02-20 16:59:09 - [TEST_STEP][PASSED] - totalRow = sheet.getLastRowNum(): null

2019-02-20 16:59:09 - [TEST_STEP][PASSED] - out.println(totalRow): null

2019-02-20 16:59:09 - [TEST_STEP][PASSED] - row = sheet.getRow(counter): null

2019-02-20 16:59:09 - [TEST_STEP][PASSED] - cell = row.getCell(counter): null

2019-02-20 16:59:09 - [TEST_STEP][PASSED] - a = cell.getStringCellValue(): null

2019-02-20 16:59:09 - [TEST_STEP][PASSED] - IC = a: null

2019-02-20 16:59:09 - [TEST_STEP][PASSED] - out.println(IC): null

2019-02-20 16:59:09 - [TEST_STEP][PASSED] - callTestCase(findTestCase("All TC/Arranged/1. Common/1.2 Setter/Setter IC"), [:], STOP_ON_FAILURE): Call Test Case 'Test Cases/All TC/Arranged/1. Common/1.2 Setter/Setter IC' successfully

2019-02-20 16:59:09 - [TEST_CASE][PASSED] - Test Cases/All TC/Arranged/1. Common/1.2 Setter/Setter IC: Test Cases/All TC/Arranged/1. Common/1.2 Setter/Setter IC

2019-02-20 16:59:09 - [TEST_STEP][PASSED] - RefNoOldFile = new java.io.File((internal.GlobalVariable.TextFilePathCommon + \getIC.txt)): null

2019-02-20 16:59:09 - [TEST_STEP][PASSED] - RefNoOldFile.delete(): null

2019-02-20 16:59:09 - [TEST_STEP][PASSED] - delay(5): Delayed 5 second(s)

2019-02-20 16:59:14 - [MESSAGE][PASSED] - Delayed 5 second(s)

2019-02-20 16:59:14 - [TEST_STEP][PASSED] - RefNo = new java.io.File((internal.GlobalVariable.TextFilePathCommon + \getIC.txt)): null

2019-02-20 16:59:14 - [TEST_STEP][PASSED] - f2 = new java.io.FileWriter(RefNo, false): null

2019-02-20 16:59:14 - [TEST_STEP][PASSED] - f2.write(IC): null

2019-02-20 16:59:14 - [TEST_STEP][PASSED] - f2.close(): null

2019-02-20 16:59:14 - [TEST_STEP][PASSED] - out.println("


" + IC + "


"): null

2019-02-20 16:59:14 - [MESSAGE][PASSED] - Call Test Case 'Test Cases/All TC/Arranged/1. Common/1.2 Setter/Setter IC' successfully

2019-02-20 16:59:14 - [MESSAGE][PASSED] - Call Test Case 'Test Cases/All TC/Arranged/1. Common/IC List Checker' successfully

2019-02-20 16:59:14 - [TEST_STEP][PASSED] - setText(findTestObject("ZhiHao/General_User_Submit_form 7/GN_Application_Reg/Page_PERKESO/input_No. Kad Pengenalan"), IC): Text '861023436638' is set on object 'Object Repository/ZhiHao/General_User_Submit_form 7/GN_Application_Reg/Page_PERKESO/input_No. Kad Pengenalan'

2019-02-20 16:59:18 - [MESSAGE][PASSED] - Text '861023436638' is set on object 'Object Repository/ZhiHao/General_User_Submit_form 7/GN_Application_Reg/Page_PERKESO/input_No. Kad Pengenalan'

2019-02-20 16:59:18 - [TEST_STEP][PASSED] - click(findTestObject("ZhiHao/General_User_Submit_form 7/GN_Application_Reg/Page_PERKESO/button_Semak")): Object: 'Object Repository/ZhiHao/General_User_Submit_form 7/GN_Application_Reg/Page_PERKESO/button_Semak' is clicked on

2019-02-20 16:59:21 - [MESSAGE][PASSED] - Object: 'Object Repository/ZhiHao/General_User_Submit_form 7/GN_Application_Reg/Page_PERKESO/button_Semak' is clicked on

2019-02-20 16:59:21 - [TEST_STEP][PASSED] - delay(3): Delayed 3 second(s)

2019-02-20 16:59:24 - [MESSAGE][PASSED] - Delayed 3 second(s)

2019-02-20 16:59:24 - [TEST_STEP][PASSED] - click(findTestObject("ZhiHao/General_User_Submit_form 7/GN_Application_Reg/Page_PERKESO/span_Nama Majikan")): Object: 'Object Repository/ZhiHao/General_User_Submit_form 7/GN_Application_Reg/Page_PERKESO/span_Nama Majikan' is clicked on

2019-02-20 16:59:26 - [MESSAGE][PASSED] - Object: 'Object Repository/ZhiHao/General_User_Submit_form 7/GN_Application_Reg/Page_PERKESO/span_Nama Majikan' is clicked on

2019-02-20 16:59:26 - [TEST_STEP][PASSED] - delay(3): Delayed 3 second(s)

2019-02-20 16:59:29 - [MESSAGE][PASSED] - Delayed 3 second(s)

2019-02-20 16:59:29 - [TEST_STEP][PASSED] - setText(findTestObject("ZhiHao/General_User_Submit_form 7/GN_Application_Reg/Page_PERKESO/input_Nama Majikan"), "pet"): Text 'pet' is set on object 'Object Repository/ZhiHao/General_User_Submit_form 7/GN_Application_Reg/Page_PERKESO/input_Nama Majikan'

2019-02-20 16:59:33 - [MESSAGE][PASSED] - Text 'pet' is set on object 'Object Repository/ZhiHao/General_User_Submit_form 7/GN_Application_Reg/Page_PERKESO/input_Nama Majikan'

2019-02-20 16:59:33 - [TEST_STEP][PASSED] - delay(3): Delayed 3 second(s)

2019-02-20 16:59:36 - [MESSAGE][PASSED] - Delayed 3 second(s)

2019-02-20 16:59:36 - [TEST_STEP][PASSED] - click(findTestObject("ZhiHao/General_User_Submit_form 7/GN_Application_Reg/Page_PERKESO/select_PETRONAS")): Object: 'Object Repository/ZhiHao/General_User_Submit_form 7/GN_Application_Reg/Page_PERKESO/select_PETRONAS' is clicked on

2019-02-20 16:59:38 - [MESSAGE][PASSED] - Object: 'Object Repository/ZhiHao/General_User_Submit_form 7/GN_Application_Reg/Page_PERKESO/select_PETRONAS' is clicked on

2019-02-20 16:59:38 - [TEST_STEP][PASSED] - delay(3): Delayed 3 second(s)

2019-02-20 16:59:41 - [MESSAGE][PASSED] - Delayed 3 second(s)

2019-02-20 16:59:41 - [TEST_STEP][PASSED] - click(findTestObject("ZhiHao/General_User_Submit_form 7/GN_Application_Reg/Page_PERKESO/input_Tarikh kehilangan pekerjaan")): Object: 'Object Repository/ZhiHao/General_User_Submit_form 7/GN_Application_Reg/Page_PERKESO/input_Tarikh kehilangan pekerjaan' is clicked on

2019-02-20 16:59:43 - [MESSAGE][PASSED] - Object: 'Object Repository/ZhiHao/General_User_Submit_form 7/GN_Application_Reg/Page_PERKESO/input_Tarikh kehilangan pekerjaan' is clicked on

2019-02-20 16:59:43 - [TEST_STEP][PASSED] - click(findTestObject("ZhiHao/General_User_Submit_form 7/GN_Application_Reg/Page_PERKESO/select_loe_date")): Object: 'Object Repository/ZhiHao/General_User_Submit_form 7/GN_Application_Reg/Page_PERKESO/select_loe_date' is clicked on

2019-02-20 16:59:45 - [MESSAGE][PASSED] - Object: 'Object Repository/ZhiHao/General_User_Submit_form 7/GN_Application_Reg/Page_PERKESO/select_loe_date' is clicked on

2019-02-20 16:59:45 - [TEST_STEP][PASSED] - click(findTestObject("ZhiHao/General_User_Submit_form 7/GN_Application_Reg/Page_PERKESO/button_Mohon")): Object: 'Object Repository/ZhiHao/General_User_Submit_form 7/GN_Application_Reg/Page_PERKESO/button_Mohon' is clicked on

2019-02-20 16:59:48 - [MESSAGE][PASSED] - Object: 'Object Repository/ZhiHao/General_User_Submit_form 7/GN_Application_Reg/Page_PERKESO/button_Mohon' is clicked on

2019-02-20 16:59:48 - [TEST_STEP][PASSED] - delay(3): Delayed 3 second(s)

2019-02-20 16:59:51 - [MESSAGE][PASSED] - Delayed 3 second(s)

2019-02-20 16:59:51 - [TEST_STEP][PASSED] - click(findTestObject("ZhiHao/General_User_Submit_form 7/GN_Application_Reg/Page_PERKESO/select_pejabat_perkeso")): Object: 'Object Repository/ZhiHao/General_User_Submit_form 7/GN_Application_Reg/Page_PERKESO/select_pejabat_perkeso' is clicked on

2019-02-20 16:59:53 - [MESSAGE][PASSED] - Object: 'Object Repository/ZhiHao/General_User_Submit_form 7/GN_Application_Reg/Page_PERKESO/select_pejabat_perkeso' is clicked on

2019-02-20 16:59:53 - [TEST_STEP][PASSED] - selectOptionByValue(findTestObject("ZhiHao/General_User_Submit_form 7/GN_Application_Reg/Page_PERKESO/select_pejabat_perkeso"), "22", true): All options with value '22' are selected in object 'Object Repository/ZhiHao/General_User_Submit_form 7/GN_Application_Reg/Page_PERKESO/select_pejabat_perkeso'  using regular expression

2019-02-20 17:01:23 - [MESSAGE][PASSED] - All options with value '22' are selected in object 'Object Repository/ZhiHao/General_User_Submit_form 7/GN_Application_Reg/Page_PERKESO/select_pejabat_perkeso'  using regular expression

2019-02-20 17:01:23 - [TEST_STEP][PASSED] - click(findTestObject("ZhiHao/General_User_Submit_form 7/GN_Application_Reg/Page_PERKESO/button_Halaman Seterus")): Object: 'Object Repository/ZhiHao/General_User_Submit_form 7/GN_Application_Reg/Page_PERKESO/button_Halaman Seterus' is clicked on

2019-02-20 17:01:25 - [MESSAGE][PASSED] - Object: 'Object Repository/ZhiHao/General_User_Submit_form 7/GN_Application_Reg/Page_PERKESO/button_Halaman Seterus' is clicked on

2019-02-20 17:01:25 - [TEST_STEP][PASSED] - delay(5): Delayed 5 second(s)

2019-02-20 17:01:30 - [MESSAGE][PASSED] - Delayed 5 second(s)

2019-02-20 17:01:30 - [MESSAGE][PASSED] - Call Test Case 'Test Cases/All TC/Arranged/3. Unit/EI/GN submit form 7/GN_Application_Reg' successfully

2019-02-20 17:01:30 - [TEST_STEP][PASSED] - callTestCase(findTestCase("All TC/Arranged/3. Unit/EI/GN submit form 7/GN_Submit Form 7_Section A"), [:], STOP_ON_FAILURE): Call Test Case 'Test Cases/All TC/Arranged/3. Unit/EI/GN submit form 7/GN_Submit Form 7_Section A' successfully

2019-02-20 17:01:30 - [TEST_CASE][PASSED] - Test Cases/All TC/Arranged/3. Unit/EI/GN submit form 7/GN_Submit Form 7_Section A: Test Cases/All TC/Arranged/3. Unit/EI/GN submit form 7/GN_Submit Form 7_Section A

2019-02-20 17:01:30 - [TEST_STEP][PASSED] - setText(findTestObject("ZhiHao/General_User_Submit_form 7/GN_Submit Form 7_Section A/Page_PERKESO/input__employeeDob_A4"), "11/12/1987"): Text '11/12/1987' is set on object 'Object Repository/ZhiHao/General_User_Submit_form 7/GN_Submit Form 7_Section A/Page_PERKESO/input__employeeDob_A4'

2019-02-20 17:01:35 - [MESSAGE][PASSED] - Text '11/12/1987' is set on object 'Object Repository/ZhiHao/General_User_Submit_form 7/GN_Submit Form 7_Section A/Page_PERKESO/input__employeeDob_A4'

2019-02-20 17:01:35 - [TEST_STEP][PASSED] - click(findTestObject("ZhiHao/General_User_Submit_form 7/GN_Submit Form 7_Section A/Page_PERKESO/button_Done_A4")): Object: 'Object Repository/ZhiHao/General_User_Submit_form 7/GN_Submit Form 7_Section A/Page_PERKESO/button_Done_A4' is clicked on

2019-02-20 17:01:37 - [MESSAGE][PASSED] - Object: 'Object Repository/ZhiHao/General_User_Submit_form 7/GN_Submit Form 7_Section A/Page_PERKESO/button_Done_A4' is clicked on

2019-02-20 17:01:37 - [TEST_STEP][PASSED] - click(findTestObject("ZhiHao/General_User_Submit_form 7/GN_Submit Form 7_Section A/Page_PERKESO/span_A5")): Object: 'Object Repository/ZhiHao/General_User_Submit_form 7/GN_Submit Form 7_Section A/Page_PERKESO/span_A5' is clicked on

2019-02-20 17:01:39 - [MESSAGE][PASSED] - Object: 'Object Repository/ZhiHao/General_User_Submit_form 7/GN_Submit Form 7_Section A/Page_PERKESO/span_A5' is clicked on

2019-02-20 17:01:39 - [TEST_STEP][PASSED] - click(findTestObject("ZhiHao/General_User_Submit_form 7/GN_Submit Form 7_Section A/Page_PERKESO/select_Bumiputera Sabah_A5")): Object: 'Object Repository/ZhiHao/General_User_Submit_form 7/GN_Submit Form 7_Section A/Page_PERKESO/select_Bumiputera Sabah_A5' is clicked on

2019-02-20 17:01:41 - [MESSAGE][PASSED] - Object: 'Object Repository/ZhiHao/General_User_Submit_form 7/GN_Submit Form 7_Section A/Page_PERKESO/select_Bumiputera Sabah_A5' is clicked on

2019-02-20 17:01:41 - [TEST_STEP][PASSED] - click(findTestObject("ZhiHao/General_User_Submit_form 7/GN_Submit Form 7_Section A/Page_PERKESO/span_A6")): Object: 'Object Repository/ZhiHao/General_User_Submit_form 7/GN_Submit Form 7_Section A/Page_PERKESO/span_A6' is clicked on

2019-02-20 17:01:43 - [MESSAGE][PASSED] - Object: 'Object Repository/ZhiHao/General_User_Submit_form 7/GN_Submit Form 7_Section A/Page_PERKESO/span_A6' is clicked on

2019-02-20 17:01:43 - [TEST_STEP][PASSED] - click(findTestObject("ZhiHao/General_User_Submit_form 7/GN_Submit Form 7_Section A/Page_PERKESO/select_Lelaki_A6")): Object: 'Object Repository/ZhiHao/General_User_Submit_form 7/GN_Submit Form 7_Section A/Page_PERKESO/select_Lelaki_A6' is clicked on

2019-02-20 17:01:46 - [MESSAGE][PASSED] - Object: 'Object Repository/ZhiHao/General_User_Submit_form 7/GN_Submit Form 7_Section A/Page_PERKESO/select_Lelaki_A6' is clicked on

2019-02-20 17:01:46 - [TEST_STEP][PASSED] - click(findTestObject("ZhiHao/General_User_Submit_form 7/GN_Submit Form 7_Section A/Page_PERKESO/span_A7")): Object: 'Object Repository/ZhiHao/General_User_Submit_form 7/GN_Submit Form 7_Section A/Page_PERKESO/span_A7' is clicked on

2019-02-20 17:01:48 - [MESSAGE][PASSED] - Object: 'Object Repository/ZhiHao/General_User_Submit_form 7/GN_Submit Form 7_Section A/Page_PERKESO/span_A7' is clicked on

2019-02-20 17:01:48 - [TEST_STEP][PASSED] - click(findTestObject("ZhiHao/General_User_Submit_form 7/GN_Submit Form 7_Section A/Page_PERKESO/select_Malaysia_A7")): Object: 'Object Repository/ZhiHao/General_User_Submit_form 7/GN_Submit Form 7_Section A/Page_PERKESO/select_Malaysia_A7' is clicked on

2019-02-20 17:01:50 - [MESSAGE][PASSED] - Object: 'Object Repository/ZhiHao/General_User_Submit_form 7/GN_Submit Form 7_Section A/Page_PERKESO/select_Malaysia_A7' is clicked on

2019-02-20 17:01:50 - [TEST_STEP][PASSED] - click(findTestObject("ZhiHao/General_User_Submit_form 7/GN_Submit Form 7_Section A/Page_PERKESO/span_A8")): Object: 'Object Repository/ZhiHao/General_User_Submit_form 7/GN_Submit Form 7_Section A/Page_PERKESO/span_A8' is clicked on

2019-02-20 17:01:52 - [MESSAGE][PASSED] - Object: 'Object Repository/ZhiHao/General_User_Submit_form 7/GN_Submit Form 7_Section A/Page_PERKESO/span_A8' is clicked on

2019-02-20 17:01:52 - [TEST_STEP][PASSED] - click(findTestObject("ZhiHao/General_User_Submit_form 7/GN_Submit Form 7_Section A/Page_PERKESO/select_Berkahwin_A8")): Object: 'Object Repository/ZhiHao/General_User_Submit_form 7/GN_Submit Form 7_Section A/Page_PERKESO/select_Berkahwin_A8' is clicked on

2019-02-20 17:01:54 - [MESSAGE][PASSED] - Object: 'Object Repository/ZhiHao/General_User_Submit_form 7/GN_Submit Form 7_Section A/Page_PERKESO/select_Berkahwin_A8' is clicked on

2019-02-20 17:01:54 - [TEST_STEP][PASSED] - setText(findTestObject("ZhiHao/General_User_Submit_form 7/GN_Submit Form 7_Section A/Page_PERKESO/input__address1_A9"), "NO1, taman jaya"): Text 'NO1, taman jaya' is set on object 'Object Repository/ZhiHao/General_User_Submit_form 7/GN_Submit Form 7_Section A/Page_PERKESO/input__address1_A9'

2019-02-20 17:01:58 - [MESSAGE][PASSED] - Text 'NO1, taman jaya' is set on object 'Object Repository/ZhiHao/General_User_Submit_form 7/GN_Submit Form 7_Section A/Page_PERKESO/input__address1_A9'

2019-02-20 17:01:58 - [TEST_STEP][PASSED] - click(findTestObject("ZhiHao/General_User_Submit_form 7/GN_Submit Form 7_Section A/Page_PERKESO/span_A10")): Object: 'Object Repository/ZhiHao/General_User_Submit_form 7/GN_Submit Form 7_Section A/Page_PERKESO/span_A10' is clicked on

2019-02-20 17:02:01 - [MESSAGE][PASSED] - Object: 'Object Repository/ZhiHao/General_User_Submit_form 7/GN_Submit Form 7_Section A/Page_PERKESO/span_A10' is clicked on

2019-02-20 17:02:01 - [TEST_STEP][PASSED] - delay(3): Delayed 3 second(s)

2019-02-20 17:02:04 - [MESSAGE][PASSED] - Delayed 3 second(s)

2019-02-20 17:02:04 - [TEST_STEP][PASSED] - click(findTestObject("ZhiHao/General_User_Submit_form 7/GN_Submit Form 7_Section A/Page_PERKESO/select_JOHOR_A10")): Object: 'Object Repository/ZhiHao/General_User_Submit_form 7/GN_Submit Form 7_Section A/Page_PERKESO/select_JOHOR_A10' is clicked on

2019-02-20 17:02:06 - [MESSAGE][PASSED] - Object: 'Object Repository/ZhiHao/General_User_Submit_form 7/GN_Submit Form 7_Section A/Page_PERKESO/select_JOHOR_A10' is clicked on

2019-02-20 17:02:06 - [TEST_STEP][PASSED] - delay(3): Delayed 3 second(s)

2019-02-20 17:02:09 - [MESSAGE][PASSED] - Delayed 3 second(s)

2019-02-20 17:02:09 - [TEST_STEP][PASSED] - click(findTestObject("ZhiHao/General_User_Submit_form 7/GN_Submit Form 7_Section A/Page_PERKESO/span_A11")): Object: 'Object Repository/ZhiHao/General_User_Submit_form 7/GN_Submit Form 7_Section A/Page_PERKESO/span_A11' is clicked on

2019-02-20 17:02:11 - [MESSAGE][PASSED] - Object: 'Object Repository/ZhiHao/General_User_Submit_form 7/GN_Submit Form 7_Section A/Page_PERKESO/span_A11' is clicked on

2019-02-20 17:02:11 - [TEST_STEP][PASSED] - delay(3): Delayed 3 second(s)

2019-02-20 17:02:14 - [MESSAGE][PASSED] - Delayed 3 second(s)

2019-02-20 17:02:14 - [TEST_STEP][PASSED] - setText(findTestObject("ZhiHao/General_User_Submit_form 7/GN_Submit Form 7_Section A/Page_PERKESO/input_Search Bandar_A11 (1)"), "jo"): Text 'jo' is set on object 'Object Repository/ZhiHao/General_User_Submit_form 7/GN_Submit Form 7_Section A/Page_PERKESO/input_Search Bandar_A11 (1)'

2019-02-20 17:02:18 - [MESSAGE][PASSED] - Text 'jo' is set on object 'Object Repository/ZhiHao/General_User_Submit_form 7/GN_Submit Form 7_Section A/Page_PERKESO/input_Search Bandar_A11 (1)'

2019-02-20 17:02:18 - [TEST_STEP][PASSED] - delay(3): Delayed 3 second(s)

2019-02-20 17:02:21 - [MESSAGE][PASSED] - Delayed 3 second(s)

2019-02-20 17:02:21 - [TEST_STEP][PASSED] - setText(findTestObject("ZhiHao/General_User_Submit_form 7/GN_Submit Form 7_Section A/Page_PERKESO/input_Search Bandar_A11 (2)"), "jo"): Text 'jo' is set on object 'Object Repository/ZhiHao/General_User_Submit_form 7/GN_Submit Form 7_Section A/Page_PERKESO/input_Search Bandar_A11 (2)'

2019-02-20 17:02:25 - [MESSAGE][PASSED] - Text 'jo' is set on object 'Object Repository/ZhiHao/General_User_Submit_form 7/GN_Submit Form 7_Section A/Page_PERKESO/input_Search Bandar_A11 (2)'

2019-02-20 17:02:25 - [TEST_STEP][PASSED] - delay(3): Delayed 3 second(s)

2019-02-20 17:02:28 - [MESSAGE][PASSED] - Delayed 3 second(s)

2019-02-20 17:02:28 - [TEST_STEP][PASSED] - click(findTestObject("ZhiHao/General_User_Submit_form 7/GN_Submit Form 7_Section A/Page_PERKESO/select_JOHOR BAHRU_A11")): Object: 'Object Repository/ZhiHao/General_User_Submit_form 7/GN_Submit Form 7_Section A/Page_PERKESO/select_JOHOR BAHRU_A11' is clicked on

2019-02-20 17:02:30 - [MESSAGE][PASSED] - Object: 'Object Repository/ZhiHao/General_User_Submit_form 7/GN_Submit Form 7_Section A/Page_PERKESO/select_JOHOR BAHRU_A11' is clicked on

2019-02-20 17:02:30 - [TEST_STEP][PASSED] - delay(5): Delayed 5 second(s)

2019-02-20 17:02:35 - [MESSAGE][PASSED] - Delayed 5 second(s)

2019-02-20 17:02:35 - [TEST_STEP][PASSED] - click(findTestObject("ZhiHao/General_User_Submit_form 7/GN_Submit Form 7_Section A/Page_PERKESO/span_A12")): Object: 'Object Repository/ZhiHao/General_User_Submit_form 7/GN_Submit Form 7_Section A/Page_PERKESO/span_A12' is clicked on

2019-02-20 17:02:38 - [MESSAGE][PASSED] - Object: 'Object Repository/ZhiHao/General_User_Submit_form 7/GN_Submit Form 7_Section A/Page_PERKESO/span_A12' is clicked on

2019-02-20 17:02:38 - [TEST_STEP][PASSED] - setText(findTestObject("ZhiHao/General_User_Submit_form 7/GN_Submit Form 7_Section A/Page_PERKESO/input_Search Postcode_A12"), "80"): Text '80' is set on object 'Object Repository/ZhiHao/General_User_Submit_form 7/GN_Submit Form 7_Section A/Page_PERKESO/input_Search Postcode_A12'

2019-02-20 17:02:42 - [MESSAGE][PASSED] - Text '80' is set on object 'Object Repository/ZhiHao/General_User_Submit_form 7/GN_Submit Form 7_Section A/Page_PERKESO/input_Search Postcode_A12'

2019-02-20 17:02:42 - [TEST_STEP][PASSED] - delay(3): Delayed 3 second(s)

2019-02-20 17:02:45 - [MESSAGE][PASSED] - Delayed 3 second(s)

2019-02-20 17:02:45 - [TEST_STEP][PASSED] - click(findTestObject("ZhiHao/General_User_Submit_form 7/GN_Submit Form 7_Section A/Page_PERKESO/select_80000_A12")): Object: 'Object Repository/ZhiHao/General_User_Submit_form 7/GN_Submit Form 7_Section A/Page_PERKESO/select_80000_A12' is clicked on

2019-02-20 17:02:47 - [MESSAGE][PASSED] - Object: 'Object Repository/ZhiHao/General_User_Submit_form 7/GN_Submit Form 7_Section A/Page_PERKESO/select_80000_A12' is clicked on

2019-02-20 17:02:47 - [TEST_STEP][PASSED] - delay(3): Delayed 3 second(s)

2019-02-20 17:02:50 - [MESSAGE][PASSED] - Delayed 3 second(s)

2019-02-20 17:02:50 - [TEST_STEP][PASSED] - setText(findTestObject("ZhiHao/General_User_Submit_form 7/GN_Submit Form 7_Section A/Page_PERKESO/input__mobileContact1_A13"), "0122837465"): Text '0122837465' is set on object 'Object Repository/ZhiHao/General_User_Submit_form 7/GN_Submit Form 7_Section A/Page_PERKESO/input__mobileContact1_A13'

2019-02-20 17:02:54 - [MESSAGE][PASSED] - Text '0122837465' is set on object 'Object Repository/ZhiHao/General_User_Submit_form 7/GN_Submit Form 7_Section A/Page_PERKESO/input__mobileContact1_A13'

2019-02-20 17:02:54 - [TEST_STEP][PASSED] - click(findTestObject("ZhiHao/General_User_Submit_form 7/GN_Submit Form 7_Section A/Page_PERKESO/button_Halaman Seterus")): Object: 'Object Repository/ZhiHao/General_User_Submit_form 7/GN_Submit Form 7_Section A/Page_PERKESO/button_Halaman Seterus' is clicked on

2019-02-20 17:02:57 - [MESSAGE][PASSED] - Object: 'Object Repository/ZhiHao/General_User_Submit_form 7/GN_Submit Form 7_Section A/Page_PERKESO/button_Halaman Seterus' is clicked on

2019-02-20 17:02:57 - [TEST_STEP][PASSED] - delay(5): Delayed 5 second(s)

2019-02-20 17:03:02 - [MESSAGE][PASSED] - Delayed 5 second(s)

2019-02-20 17:03:02 - [MESSAGE][PASSED] - Call Test Case 'Test Cases/All TC/Arranged/3. Unit/EI/GN submit form 7/GN_Submit Form 7_Section A' successfully

2019-02-20 17:03:02 - [TEST_STEP][PASSED] - callTestCase(findTestCase("All TC/Arranged/3. Unit/EI/GN submit form 7/GN_Submit Form 7_Section B"), [:], STOP_ON_FAILURE): Call Test Case 'Test Cases/All TC/Arranged/3. Unit/EI/GN submit form 7/GN_Submit Form 7_Section B' successfully

2019-02-20 17:03:02 - [TEST_CASE][PASSED] - Test Cases/All TC/Arranged/3. Unit/EI/GN submit form 7/GN_Submit Form 7_Section B: Test Cases/All TC/Arranged/3. Unit/EI/GN submit form 7/GN_Submit Form 7_Section B

2019-02-20 17:03:02 - [TEST_STEP][PASSED] - delay(2): Delayed 2 second(s)

2019-02-20 17:03:04 - [MESSAGE][PASSED] - Delayed 2 second(s)

2019-02-20 17:03:04 - [TEST_STEP][PASSED] - click(findTestObject("ZhiHao/General_User_Submit_form 7/GN_Submit Form 7_Section B/Page_PERKESO/span_B1")): Object: 'Object Repository/ZhiHao/General_User_Submit_form 7/GN_Submit Form 7_Section B/Page_PERKESO/span_B1' is clicked on

2019-02-20 17:03:06 - [MESSAGE][PASSED] - Object: 'Object Repository/ZhiHao/General_User_Submit_form 7/GN_Submit Form 7_Section B/Page_PERKESO/span_B1' is clicked on

2019-02-20 17:03:06 - [TEST_STEP][PASSED] - setText(findTestObject("ZhiHao/General_User_Submit_form 7/GN_Submit Form 7_Section B/Page_PERKESO/input_Search Jawatan_B1 (1)"), "of"): Text 'of' is set on object 'Object Repository/ZhiHao/General_User_Submit_form 7/GN_Submit Form 7_Section B/Page_PERKESO/input_Search Jawatan_B1 (1)'

2019-02-20 17:03:10 - [MESSAGE][PASSED] - Text 'of' is set on object 'Object Repository/ZhiHao/General_User_Submit_form 7/GN_Submit Form 7_Section B/Page_PERKESO/input_Search Jawatan_B1 (1)'

2019-02-20 17:03:10 - [TEST_STEP][PASSED] - setText(findTestObject("ZhiHao/General_User_Submit_form 7/GN_Submit Form 7_Section B/Page_PERKESO/input_Search Jawatan_B1 (2)"), "of"): Text 'of' is set on object 'Object Repository/ZhiHao/General_User_Submit_form 7/GN_Submit Form 7_Section B/Page_PERKESO/input_Search Jawatan_B1 (2)'

2019-02-20 17:03:14 - [MESSAGE][PASSED] - Text 'of' is set on object 'Object Repository/ZhiHao/General_User_Submit_form 7/GN_Submit Form 7_Section B/Page_PERKESO/input_Search Jawatan_B1 (2)'

2019-02-20 17:03:14 - [TEST_STEP][PASSED] - click(findTestObject("ZhiHao/General_User_Submit_form 7/GN_Submit Form 7_Section B/Page_PERKESO/select_Ahli Geofizik Kanan_B1")): Object: 'Object Repository/ZhiHao/General_User_Submit_form 7/GN_Submit Form 7_Section B/Page_PERKESO/select_Ahli Geofizik Kanan_B1' is clicked on

2019-02-20 17:03:17 - [MESSAGE][PASSED] - Object: 'Object Repository/ZhiHao/General_User_Submit_form 7/GN_Submit Form 7_Section B/Page_PERKESO/select_Ahli Geofizik Kanan_B1' is clicked on

2019-02-20 17:03:17 - [TEST_STEP][PASSED] - click(findTestObject("ZhiHao/General_User_Submit_form 7/GN_Submit Form 7_Section B/Page_PERKESO/input__lastEmploymentStartDate_B2")): Object: 'Object Repository/ZhiHao/General_User_Submit_form 7/GN_Submit Form 7_Section B/Page_PERKESO/input__lastEmploymentStartDate_B2' is clicked on

2019-02-20 17:03:19 - [MESSAGE][PASSED] - Object: 'Object Repository/ZhiHao/General_User_Submit_form 7/GN_Submit Form 7_Section B/Page_PERKESO/input__lastEmploymentStartDate_B2' is clicked on

2019-02-20 17:03:19 - [TEST_STEP][PASSED] - setText(findTestObject("ZhiHao/General_User_Submit_form 7/GN_Submit Form 7_Section B/Page_PERKESO/input__lastEmploymentStartDate_B2"), "1/1/2010"): Text '1/1/2010' is set on object 'Object Repository/ZhiHao/General_User_Submit_form 7/GN_Submit Form 7_Section B/Page_PERKESO/input__lastEmploymentStartDate_B2'

2019-02-20 17:03:23 - [MESSAGE][PASSED] - Text '1/1/2010' is set on object 'Object Repository/ZhiHao/General_User_Submit_form 7/GN_Submit Form 7_Section B/Page_PERKESO/input__lastEmploymentStartDate_B2'

2019-02-20 17:03:23 - [TEST_STEP][PASSED] - click(findTestObject("ZhiHao/General_User_Submit_form 7/GN_Submit Form 7_Section B/Page_PERKESO/button_Done_B2")): Object: 'Object Repository/ZhiHao/General_User_Submit_form 7/GN_Submit Form 7_Section B/Page_PERKESO/button_Done_B2' is clicked on

2019-02-20 17:03:25 - [MESSAGE][PASSED] - Object: 'Object Repository/ZhiHao/General_User_Submit_form 7/GN_Submit Form 7_Section B/Page_PERKESO/button_Done_B2' is clicked on

2019-02-20 17:03:25 - [TEST_STEP][PASSED] - click(findTestObject("ZhiHao/General_User_Submit_form 7/GN_Submit Form 7_Section B/Page_PERKESO/span_B4")): Object: 'Object Repository/ZhiHao/General_User_Submit_form 7/GN_Submit Form 7_Section B/Page_PERKESO/span_B4' is clicked on

2019-02-20 17:03:27 - [MESSAGE][PASSED] - Object: 'Object Repository/ZhiHao/General_User_Submit_form 7/GN_Submit Form 7_Section B/Page_PERKESO/span_B4' is clicked on

2019-02-20 17:03:27 - [TEST_STEP][PASSED] - click(findTestObject("ZhiHao/General_User_Submit_form 7/GN_Submit Form 7_Section B/Page_PERKESO/select_Tetap_B4")): Object: 'Object Repository/ZhiHao/General_User_Submit_form 7/GN_Submit Form 7_Section B/Page_PERKESO/select_Tetap_B4' is clicked on

2019-02-20 17:03:29 - [MESSAGE][PASSED] - Object: 'Object Repository/ZhiHao/General_User_Submit_form 7/GN_Submit Form 7_Section B/Page_PERKESO/select_Tetap_B4' is clicked on

2019-02-20 17:03:29 - [TEST_STEP][PASSED] - setText(findTestObject("ZhiHao/General_User_Submit_form 7/GN_Submit Form 7_Section B/Page_PERKESO/input_Gaji (RM)_B5"), "3000"): Text '3000' is set on object 'Object Repository/ZhiHao/General_User_Submit_form 7/GN_Submit Form 7_Section B/Page_PERKESO/input_Gaji (RM)_B5'

2019-02-20 17:03:34 - [MESSAGE][PASSED] - Text '3000' is set on object 'Object Repository/ZhiHao/General_User_Submit_form 7/GN_Submit Form 7_Section B/Page_PERKESO/input_Gaji (RM)_B5'

2019-02-20 17:03:34 - [TEST_STEP][PASSED] - setText(findTestObject("ZhiHao/General_User_Submit_form 7/GN_Submit Form 7_Section B/Page_PERKESO/input_Gaji (RM)_B5(2)"), "3000"): Text '3000' is set on object 'Object Repository/ZhiHao/General_User_Submit_form 7/GN_Submit Form 7_Section B/Page_PERKESO/input_Gaji (RM)_B5(2)'

2019-02-20 17:03:38 - [MESSAGE][PASSED] - Text '3000' is set on object 'Object Repository/ZhiHao/General_User_Submit_form 7/GN_Submit Form 7_Section B/Page_PERKESO/input_Gaji (RM)_B5(2)'

2019-02-20 17:03:38 - [TEST_STEP][PASSED] - setText(findTestObject("ZhiHao/General_User_Submit_form 7/GN_Submit Form 7_Section B/Page_PERKESO/input_Gaji (RM)_B5(3)"), "3000"): Text '3000' is set on object 'Object Repository/ZhiHao/General_User_Submit_form 7/GN_Submit Form 7_Section B/Page_PERKESO/input_Gaji (RM)_B5(3)'

2019-02-20 17:03:42 - [MESSAGE][PASSED] - Text '3000' is set on object 'Object Repository/ZhiHao/General_User_Submit_form 7/GN_Submit Form 7_Section B/Page_PERKESO/input_Gaji (RM)_B5(3)'

2019-02-20 17:03:42 - [TEST_STEP][PASSED] - setText(findTestObject("ZhiHao/General_User_Submit_form 7/GN_Submit Form 7_Section B/Page_PERKESO/input_Gaji (RM)_B5(4)"), "3000"): Text '3000' is set on object 'Object Repository/ZhiHao/General_User_Submit_form 7/GN_Submit Form 7_Section B/Page_PERKESO/input_Gaji (RM)_B5(4)'

2019-02-20 17:03:46 - [MESSAGE][PASSED] - Text '3000' is set on object 'Object Repository/ZhiHao/General_User_Submit_form 7/GN_Submit Form 7_Section B/Page_PERKESO/input_Gaji (RM)_B5(4)'

2019-02-20 17:03:46 - [TEST_STEP][PASSED] - setText(findTestObject("ZhiHao/General_User_Submit_form 7/GN_Submit Form 7_Section B/Page_PERKESO/input_Gaji (RM)_B5(5)"), "3000"): Text '3000' is set on object 'Object Repository/ZhiHao/General_User_Submit_form 7/GN_Submit Form 7_Section B/Page_PERKESO/input_Gaji (RM)_B5(5)'

2019-02-20 17:03:50 - [MESSAGE][PASSED] - Text '3000' is set on object 'Object Repository/ZhiHao/General_User_Submit_form 7/GN_Submit Form 7_Section B/Page_PERKESO/input_Gaji (RM)_B5(5)'

2019-02-20 17:03:50 - [TEST_STEP][PASSED] - setText(findTestObject("ZhiHao/General_User_Submit_form 7/GN_Submit Form 7_Section B/Page_PERKESO/input_Gaji (RM)_B5(6)"), "3000"): Text '3000' is set on object 'Object Repository/ZhiHao/General_User_Submit_form 7/GN_Submit Form 7_Section B/Page_PERKESO/input_Gaji (RM)_B5(6)'

2019-02-20 17:03:55 - [MESSAGE][PASSED] - Text '3000' is set on object 'Object Repository/ZhiHao/General_User_Submit_form 7/GN_Submit Form 7_Section B/Page_PERKESO/input_Gaji (RM)_B5(6)'

2019-02-20 17:03:55 - [TEST_STEP][PASSED] - setText(findTestObject("ZhiHao/General_User_Submit_form 7/GN_Submit Form 7_Section B/Page_PERKESO/input_Gaji (RM)_B5(7)"), "3000"): Text '3000' is set on object 'Object Repository/ZhiHao/General_User_Submit_form 7/GN_Submit Form 7_Section B/Page_PERKESO/input_Gaji (RM)_B5(7)'

2019-02-20 17:03:59 - [MESSAGE][PASSED] - Text '3000' is set on object 'Object Repository/ZhiHao/General_User_Submit_form 7/GN_Submit Form 7_Section B/Page_PERKESO/input_Gaji (RM)_B5(7)'

2019-02-20 17:03:59 - [TEST_STEP][PASSED] - setText(findTestObject("ZhiHao/General_User_Submit_form 7/GN_Submit Form 7_Section B/Page_PERKESO/input_Gaji (RM)_B5(8)"), "3000"): Text '3000' is set on object 'Object Repository/ZhiHao/General_User_Submit_form 7/GN_Submit Form 7_Section B/Page_PERKESO/input_Gaji (RM)_B5(8)'

2019-02-20 17:04:03 - [MESSAGE][PASSED] - Text '3000' is set on object 'Object Repository/ZhiHao/General_User_Submit_form 7/GN_Submit Form 7_Section B/Page_PERKESO/input_Gaji (RM)_B5(8)'

2019-02-20 17:04:03 - [TEST_STEP][PASSED] - click(findTestObject("ZhiHao/General_User_Submit_form 7/GN_Submit Form 7_Section B/Page_PERKESO/span_B6")): Object: 'Object Repository/ZhiHao/General_User_Submit_form 7/GN_Submit Form 7_Section B/Page_PERKESO/span_B6' is clicked on

2019-02-20 17:04:05 - [MESSAGE][PASSED] - Object: 'Object Repository/ZhiHao/General_User_Submit_form 7/GN_Submit Form 7_Section B/Page_PERKESO/span_B6' is clicked on

2019-02-20 17:04:05 - [TEST_STEP][PASSED] - click(findTestObject("ZhiHao/General_User_Submit_form 7/GN_Submit Form 7_Section B/Page_PERKESO/select_Diberhentikan tanpa sebab_B6")): Object: 'Object Repository/ZhiHao/General_User_Submit_form 7/GN_Submit Form 7_Section B/Page_PERKESO/select_Diberhentikan tanpa sebab_B6' is clicked on

2019-02-20 17:04:07 - [MESSAGE][PASSED] - Object: 'Object Repository/ZhiHao/General_User_Submit_form 7/GN_Submit Form 7_Section B/Page_PERKESO/select_Diberhentikan tanpa sebab_B6' is clicked on

2019-02-20 17:04:07 - [TEST_STEP][PASSED] - delay(2): Delayed 2 second(s)

2019-02-20 17:04:09 - [MESSAGE][PASSED] - Delayed 2 second(s)

2019-02-20 17:04:09 - [TEST_STEP][PASSED] - click(findTestObject("ZhiHao/General_User_Submit_form 7/GN_Submit Form 7_Section B/Page_PERKESO/input__averageWorkingHour_B7")): Object: 'Object Repository/ZhiHao/General_User_Submit_form 7/GN_Submit Form 7_Section B/Page_PERKESO/input__averageWorkingHour_B7' is clicked on

2019-02-20 17:04:11 - [MESSAGE][PASSED] - Object: 'Object Repository/ZhiHao/General_User_Submit_form 7/GN_Submit Form 7_Section B/Page_PERKESO/input__averageWorkingHour_B7' is clicked on

2019-02-20 17:04:11 - [TEST_STEP][PASSED] - setText(findTestObject("ZhiHao/General_User_Submit_form 7/GN_Submit Form 7_Section B/Page_PERKESO/input__averageWorkingHour_B7"), "33"): Text '33' is set on object 'Object Repository/ZhiHao/General_User_Submit_form 7/GN_Submit Form 7_Section B/Page_PERKESO/input__averageWorkingHour_B7'

2019-02-20 17:04:16 - [MESSAGE][PASSED] - Text '33' is set on object 'Object Repository/ZhiHao/General_User_Submit_form 7/GN_Submit Form 7_Section B/Page_PERKESO/input__averageWorkingHour_B7'

2019-02-20 17:04:16 - [TEST_STEP][PASSED] - click(findTestObject("ZhiHao/General_User_Submit_form 7/GN_Submit Form 7_Section B/Page_PERKESO/input_Tidak_B9")): Object: 'Object Repository/ZhiHao/General_User_Submit_form 7/GN_Submit Form 7_Section B/Page_PERKESO/input_Tidak_B9' is clicked on

2019-02-20 17:04:18 - [MESSAGE][PASSED] - Object: 'Object Repository/ZhiHao/General_User_Submit_form 7/GN_Submit Form 7_Section B/Page_PERKESO/input_Tidak_B9' is clicked on

2019-02-20 17:04:18 - [TEST_STEP][PASSED] - click(findTestObject("ZhiHao/General_User_Submit_form 7/GN_Submit Form 7_Section B/Page_PERKESO/input_Tidak_B10")): Object: 'Object Repository/ZhiHao/General_User_Submit_form 7/GN_Submit Form 7_Section B/Page_PERKESO/input_Tidak_B10' is clicked on

2019-02-20 17:04:20 - [MESSAGE][PASSED] - Object: 'Object Repository/ZhiHao/General_User_Submit_form 7/GN_Submit Form 7_Section B/Page_PERKESO/input_Tidak_B10' is clicked on

2019-02-20 17:04:20 - [TEST_STEP][PASSED] - click(findTestObject("ZhiHao/General_User_Submit_form 7/GN_Submit Form 7_Section B/Page_PERKESO/button_Halaman Seterus")): Object: 'Object Repository/ZhiHao/General_User_Submit_form 7/GN_Submit Form 7_Section B/Page_PERKESO/button_Halaman Seterus' is clicked on

2019-02-20 17:04:22 - [MESSAGE][PASSED] - Object: 'Object Repository/ZhiHao/General_User_Submit_form 7/GN_Submit Form 7_Section B/Page_PERKESO/button_Halaman Seterus' is clicked on

2019-02-20 17:04:22 - [TEST_STEP][PASSED] - delay(3): Delayed 3 second(s)

2019-02-20 17:04:25 - [MESSAGE][PASSED] - Delayed 3 second(s)

2019-02-20 17:04:25 - [MESSAGE][PASSED] - Call Test Case 'Test Cases/All TC/Arranged/3. Unit/EI/GN submit form 7/GN_Submit Form 7_Section B' successfully

2019-02-20 17:04:25 - [TEST_STEP][PASSED] - callTestCase(findTestCase("All TC/Arranged/3. Unit/EI/GN submit form 7/GN_Submit Form 7_Section C-D"), [:], STOP_ON_FAILURE): Call Test Case 'Test Cases/All TC/Arranged/3. Unit/EI/GN submit form 7/GN_Submit Form 7_Section C-D' successfully

2019-02-20 17:04:25 - [TEST_CASE][PASSED] - Test Cases/All TC/Arranged/3. Unit/EI/GN submit form 7/GN_Submit Form 7_Section C-D: Test Cases/All TC/Arranged/3. Unit/EI/GN submit form 7/GN_Submit Form 7_Section C-D

2019-02-20 17:04:25 - [TEST_STEP][PASSED] - click(findTestObject("ZhiHao/General_User_Submit_form 7/GN_Submit Form 7_Section C-D/Page_PERKESO/input__employer address_C4")): Object: 'Object Repository/ZhiHao/General_User_Submit_form 7/GN_Submit Form 7_Section C-D/Page_PERKESO/input__employer address_C4' is clicked on

2019-02-20 17:04:28 - [MESSAGE][PASSED] - Object: 'Object Repository/ZhiHao/General_User_Submit_form 7/GN_Submit Form 7_Section C-D/Page_PERKESO/input__employer address_C4' is clicked on

2019-02-20 17:04:28 - [TEST_STEP][PASSED] - setText(findTestObject("ZhiHao/General_User_Submit_form 7/GN_Submit Form 7_Section C-D/Page_PERKESO/input__employer address_C4"), "11, hahaha"): Text '11, hahaha' is set on object 'Object Repository/ZhiHao/General_User_Submit_form 7/GN_Submit Form 7_Section C-D/Page_PERKESO/input__employer address_C4'

2019-02-20 17:04:32 - [MESSAGE][PASSED] - Text '11, hahaha' is set on object 'Object Repository/ZhiHao/General_User_Submit_form 7/GN_Submit Form 7_Section C-D/Page_PERKESO/input__employer address_C4'

2019-02-20 17:04:32 - [TEST_STEP][PASSED] - click(findTestObject("ZhiHao/General_User_Submit_form 7/GN_Submit Form 7_Section C-D/Page_PERKESO/span_C5")): Object: 'Object Repository/ZhiHao/General_User_Submit_form 7/GN_Submit Form 7_Section C-D/Page_PERKESO/span_C5' is clicked on

2019-02-20 17:04:34 - [MESSAGE][PASSED] - Object: 'Object Repository/ZhiHao/General_User_Submit_form 7/GN_Submit Form 7_Section C-D/Page_PERKESO/span_C5' is clicked on

2019-02-20 17:04:34 - [TEST_STEP][PASSED] - delay(2): Delayed 2 second(s)

2019-02-20 17:04:36 - [MESSAGE][PASSED] - Delayed 2 second(s)

2019-02-20 17:04:36 - [TEST_STEP][PASSED] - click(findTestObject("ZhiHao/General_User_Submit_form 7/GN_Submit Form 7_Section C-D/Page_PERKESO/select_JOHOR_C5")): Object: 'Object Repository/ZhiHao/General_User_Submit_form 7/GN_Submit Form 7_Section C-D/Page_PERKESO/select_JOHOR_C5' is clicked on

2019-02-20 17:04:38 - [MESSAGE][PASSED] - Object: 'Object Repository/ZhiHao/General_User_Submit_form 7/GN_Submit Form 7_Section C-D/Page_PERKESO/select_JOHOR_C5' is clicked on

2019-02-20 17:04:38 - [TEST_STEP][PASSED] - delay(2): Delayed 2 second(s)

2019-02-20 17:04:40 - [MESSAGE][PASSED] - Delayed 2 second(s)

2019-02-20 17:04:40 - [TEST_STEP][PASSED] - click(findTestObject("ZhiHao/General_User_Submit_form 7/GN_Submit Form 7_Section C-D/Page_PERKESO/span_C6")): Object: 'Object Repository/ZhiHao/General_User_Submit_form 7/GN_Submit Form 7_Section C-D/Page_PERKESO/span_C6' is clicked on

2019-02-20 17:04:42 - [MESSAGE][PASSED] - Object: 'Object Repository/ZhiHao/General_User_Submit_form 7/GN_Submit Form 7_Section C-D/Page_PERKESO/span_C6' is clicked on

2019-02-20 17:04:42 - [TEST_STEP][PASSED] - delay(2): Delayed 2 second(s)

2019-02-20 17:04:44 - [MESSAGE][PASSED] - Delayed 2 second(s)

2019-02-20 17:04:44 - [TEST_STEP][PASSED] - setText(findTestObject("ZhiHao/General_User_Submit_form 7/GN_Submit Form 7_Section C-D/Page_PERKESO/input_Done_select2-search__fie_C6_C7"), "jo"): Text 'jo' is set on object 'Object Repository/ZhiHao/General_User_Submit_form 7/GN_Submit Form 7_Section C-D/Page_PERKESO/input_Done_select2-search__fie_C6_C7'

2019-02-20 17:04:49 - [MESSAGE][PASSED] - Text 'jo' is set on object 'Object Repository/ZhiHao/General_User_Submit_form 7/GN_Submit Form 7_Section C-D/Page_PERKESO/input_Done_select2-search__fie_C6_C7'

2019-02-20 17:04:49 - [TEST_STEP][PASSED] - delay(2): Delayed 2 second(s)

2019-02-20 17:04:51 - [MESSAGE][PASSED] - Delayed 2 second(s)

2019-02-20 17:04:51 - [TEST_STEP][PASSED] - setText(findTestObject("ZhiHao/General_User_Submit_form 7/GN_Submit Form 7_Section C-D/Page_PERKESO/input_Search Bandar_C6"), "jo"): Text 'jo' is set on object 'Object Repository/ZhiHao/General_User_Submit_form 7/GN_Submit Form 7_Section C-D/Page_PERKESO/input_Search Bandar_C6'

2019-02-20 17:04:55 - [MESSAGE][PASSED] - Text 'jo' is set on object 'Object Repository/ZhiHao/General_User_Submit_form 7/GN_Submit Form 7_Section C-D/Page_PERKESO/input_Search Bandar_C6'

2019-02-20 17:04:55 - [TEST_STEP][PASSED] - delay(2): Delayed 2 second(s)

2019-02-20 17:04:57 - [MESSAGE][PASSED] - Delayed 2 second(s)

2019-02-20 17:04:57 - [TEST_STEP][PASSED] - click(findTestObject("ZhiHao/General_User_Submit_form 7/GN_Submit Form 7_Section C-D/Page_PERKESO/select_JOHOR BAHRU_C6")): Object: 'Object Repository/ZhiHao/General_User_Submit_form 7/GN_Submit Form 7_Section C-D/Page_PERKESO/select_JOHOR BAHRU_C6' is clicked on

2019-02-20 17:04:59 - [MESSAGE][PASSED] - Object: 'Object Repository/ZhiHao/General_User_Submit_form 7/GN_Submit Form 7_Section C-D/Page_PERKESO/select_JOHOR BAHRU_C6' is clicked on

2019-02-20 17:04:59 - [TEST_STEP][PASSED] - delay(2): Delayed 2 second(s)

2019-02-20 17:05:01 - [MESSAGE][PASSED] - Delayed 2 second(s)

2019-02-20 17:05:01 - [TEST_STEP][PASSED] - click(findTestObject("ZhiHao/General_User_Submit_form 7/GN_Submit Form 7_Section C-D/Page_PERKESO/span_C7")): Object: 'Object Repository/ZhiHao/General_User_Submit_form 7/GN_Submit Form 7_Section C-D/Page_PERKESO/span_C7' is clicked on

2019-02-20 17:05:03 - [MESSAGE][PASSED] - Object: 'Object Repository/ZhiHao/General_User_Submit_form 7/GN_Submit Form 7_Section C-D/Page_PERKESO/span_C7' is clicked on

2019-02-20 17:05:03 - [TEST_STEP][PASSED] - delay(2): Delayed 2 second(s)

2019-02-20 17:05:05 - [MESSAGE][PASSED] - Delayed 2 second(s)

2019-02-20 17:05:05 - [TEST_STEP][PASSED] - setText(findTestObject("ZhiHao/General_User_Submit_form 7/GN_Submit Form 7_Section C-D/Page_PERKESO/input_Done_select2-search__fie_C6_C7"), "80"): Text '80' is set on object 'Object Repository/ZhiHao/General_User_Submit_form 7/GN_Submit Form 7_Section C-D/Page_PERKESO/input_Done_select2-search__fie_C6_C7'

2019-02-20 17:05:09 - [MESSAGE][PASSED] - Text '80' is set on object 'Object Repository/ZhiHao/General_User_Submit_form 7/GN_Submit Form 7_Section C-D/Page_PERKESO/input_Done_select2-search__fie_C6_C7'

2019-02-20 17:05:09 - [TEST_STEP][PASSED] - delay(2): Delayed 2 second(s)

2019-02-20 17:05:11 - [MESSAGE][PASSED] - Delayed 2 second(s)

2019-02-20 17:05:11 - [TEST_STEP][PASSED] - setText(findTestObject("ZhiHao/General_User_Submit_form 7/GN_Submit Form 7_Section C-D/Page_PERKESO/input_Search Postcode_C7"), "80"): Text '80' is set on object 'Object Repository/ZhiHao/General_User_Submit_form 7/GN_Submit Form 7_Section C-D/Page_PERKESO/input_Search Postcode_C7'

2019-02-20 17:05:16 - [MESSAGE][PASSED] - Text '80' is set on object 'Object Repository/ZhiHao/General_User_Submit_form 7/GN_Submit Form 7_Section C-D/Page_PERKESO/input_Search Postcode_C7'

2019-02-20 17:05:16 - [TEST_STEP][PASSED] - delay(2): Delayed 2 second(s)

2019-02-20 17:05:18 - [MESSAGE][PASSED] - Delayed 2 second(s)

2019-02-20 17:05:18 - [TEST_STEP][PASSED] - click(findTestObject("ZhiHao/General_User_Submit_form 7/GN_Submit Form 7_Section C-D/Page_PERKESO/select_80000_C7")): Object: 'Object Repository/ZhiHao/General_User_Submit_form 7/GN_Submit Form 7_Section C-D/Page_PERKESO/select_80000_C7' is clicked on

2019-02-20 17:05:20 - [MESSAGE][PASSED] - Object: 'Object Repository/ZhiHao/General_User_Submit_form 7/GN_Submit Form 7_Section C-D/Page_PERKESO/select_80000_C7' is clicked on

2019-02-20 17:05:20 - [TEST_STEP][PASSED] - click(findTestObject("ZhiHao/General_User_Submit_form 7/GN_Submit Form 7_Section C-D/Page_PERKESO/input_Tidak_C8")): Object: 'Object Repository/ZhiHao/General_User_Submit_form 7/GN_Submit Form 7_Section C-D/Page_PERKESO/input_Tidak_C8' is clicked on

2019-02-20 17:05:22 - [MESSAGE][PASSED] - Object: 'Object Repository/ZhiHao/General_User_Submit_form 7/GN_Submit Form 7_Section C-D/Page_PERKESO/input_Tidak_C8' is clicked on

2019-02-20 17:05:22 - [TEST_STEP][PASSED] - click(findTestObject("ZhiHao/General_User_Submit_form 7/GN_Submit Form 7_Section C-D/Page_PERKESO/input__employerInfo_C9")): Object: 'Object Repository/ZhiHao/General_User_Submit_form 7/GN_Submit Form 7_Section C-D/Page_PERKESO/input__employerInfo_C9' is clicked on

2019-02-20 17:05:24 - [MESSAGE][PASSED] - Object: 'Object Repository/ZhiHao/General_User_Submit_form 7/GN_Submit Form 7_Section C-D/Page_PERKESO/input__employerInfo_C9' is clicked on

2019-02-20 17:05:24 - [TEST_STEP][PASSED] - setText(findTestObject("ZhiHao/General_User_Submit_form 7/GN_Submit Form 7_Section C-D/Page_PERKESO/input__employerInfo_C9"), "riki"): Text 'riki' is set on object 'Object Repository/ZhiHao/General_User_Submit_form 7/GN_Submit Form 7_Section C-D/Page_PERKESO/input__employerInfo_C9'

2019-02-20 17:05:28 - [MESSAGE][PASSED] - Text 'riki' is set on object 'Object Repository/ZhiHao/General_User_Submit_form 7/GN_Submit Form 7_Section C-D/Page_PERKESO/input__employerInfo_C9'

2019-02-20 17:05:28 - [TEST_STEP][PASSED] - click(findTestObject("ZhiHao/General_User_Submit_form 7/GN_Submit Form 7_Section C-D/Page_PERKESO/input__employerInfo_contact_C10")): Object: 'Object Repository/ZhiHao/General_User_Submit_form 7/GN_Submit Form 7_Section C-D/Page_PERKESO/input__employerInfo_contact_C10' is clicked on

2019-02-20 17:05:30 - [MESSAGE][PASSED] - Object: 'Object Repository/ZhiHao/General_User_Submit_form 7/GN_Submit Form 7_Section C-D/Page_PERKESO/input__employerInfo_contact_C10' is clicked on

2019-02-20 17:05:30 - [TEST_STEP][PASSED] - setText(findTestObject("ZhiHao/General_User_Submit_form 7/GN_Submit Form 7_Section C-D/Page_PERKESO/input__employerInfo_contact_C10(2)"), "01988838746"): Text '01988838746' is set on object 'Object Repository/ZhiHao/General_User_Submit_form 7/GN_Submit Form 7_Section C-D/Page_PERKESO/input__employerInfo_contact_C10(2)'

2019-02-20 17:05:35 - [MESSAGE][PASSED] - Text '01988838746' is set on object 'Object Repository/ZhiHao/General_User_Submit_form 7/GN_Submit Form 7_Section C-D/Page_PERKESO/input__employerInfo_contact_C10(2)'

2019-02-20 17:05:35 - [TEST_STEP][PASSED] - click(findTestObject("ZhiHao/General_User_Submit_form 7/GN_Submit Form 7_Section C-D/Page_PERKESO/button_Halaman Seterus")): Object: 'Object Repository/ZhiHao/General_User_Submit_form 7/GN_Submit Form 7_Section C-D/Page_PERKESO/button_Halaman Seterus' is clicked on

2019-02-20 17:05:37 - [MESSAGE][PASSED] - Object: 'Object Repository/ZhiHao/General_User_Submit_form 7/GN_Submit Form 7_Section C-D/Page_PERKESO/button_Halaman Seterus' is clicked on

2019-02-20 17:05:37 - [TEST_STEP][PASSED] - delay(5): Delayed 5 second(s)

2019-02-20 17:05:42 - [MESSAGE][PASSED] - Delayed 5 second(s)

2019-02-20 17:05:42 - [TEST_STEP][PASSED] - click(findTestObject("ZhiHao/General_User_Submit_form 7/GN_Submit Form 7_Section C-D/Page_PERKESO/button_Halaman Seterus (section D)")): Object: 'Object Repository/ZhiHao/General_User_Submit_form 7/GN_Submit Form 7_Section C-D/Page_PERKESO/button_Halaman Seterus (section D)' is clicked on

2019-02-20 17:05:44 - [MESSAGE][PASSED] - Object: 'Object Repository/ZhiHao/General_User_Submit_form 7/GN_Submit Form 7_Section C-D/Page_PERKESO/button_Halaman Seterus (section D)' is clicked on

2019-02-20 17:05:44 - [TEST_STEP][PASSED] - delay(5): Delayed 5 second(s)

2019-02-20 17:05:49 - [MESSAGE][PASSED] - Delayed 5 second(s)

2019-02-20 17:05:49 - [MESSAGE][PASSED] - Call Test Case 'Test Cases/All TC/Arranged/3. Unit/EI/GN submit form 7/GN_Submit Form 7_Section C-D' successfully

2019-02-20 17:05:49 - [TEST_STEP][PASSED] - callTestCase(findTestCase("All TC/Arranged/3. Unit/EI/GN submit form 7/GN_Submit Form 7_Section E"), [:], STOP_ON_FAILURE): Call Test Case 'Test Cases/All TC/Arranged/3. Unit/EI/GN submit form 7/GN_Submit Form 7_Section E' successfully

2019-02-20 17:05:49 - [TEST_CASE][PASSED] - Test Cases/All TC/Arranged/3. Unit/EI/GN submit form 7/GN_Submit Form 7_Section E: Test Cases/All TC/Arranged/3. Unit/EI/GN submit form 7/GN_Submit Form 7_Section E

2019-02-20 17:05:49 - [TEST_STEP][PASSED] - click(findTestObject("ZhiHao/General_User_Submit_form 7/GN_Submit Form 7_Section E/Page_PERKESO/input__totalExpYear_E1")): Object: 'Object Repository/ZhiHao/General_User_Submit_form 7/GN_Submit Form 7_Section E/Page_PERKESO/input__totalExpYear_E1' is clicked on

2019-02-20 17:05:51 - [MESSAGE][PASSED] - Object: 'Object Repository/ZhiHao/General_User_Submit_form 7/GN_Submit Form 7_Section E/Page_PERKESO/input__totalExpYear_E1' is clicked on

2019-02-20 17:05:51 - [TEST_STEP][PASSED] - setText(findTestObject("ZhiHao/General_User_Submit_form 7/GN_Submit Form 7_Section E/Page_PERKESO/input__totalExpYear_E1"), "1"): Text '1' is set on object 'Object Repository/ZhiHao/General_User_Submit_form 7/GN_Submit Form 7_Section E/Page_PERKESO/input__totalExpYear_E1'

2019-02-20 17:05:56 - [MESSAGE][PASSED] - Text '1' is set on object 'Object Repository/ZhiHao/General_User_Submit_form 7/GN_Submit Form 7_Section E/Page_PERKESO/input__totalExpYear_E1'

2019-02-20 17:05:56 - [TEST_STEP][PASSED] - delay(2): Delayed 2 second(s)

2019-02-20 17:05:58 - [MESSAGE][PASSED] - Delayed 2 second(s)

2019-02-20 17:05:58 - [TEST_STEP][PASSED] - click(findTestObject("ZhiHao/General_User_Submit_form 7/GN_Submit Form 7_Section E/Page_PERKESO/input_Tahun_totalExpMonth_E1")): Object: 'Object Repository/ZhiHao/General_User_Submit_form 7/GN_Submit Form 7_Section E/Page_PERKESO/input_Tahun_totalExpMonth_E1' is clicked on

2019-02-20 17:06:00 - [MESSAGE][PASSED] - Object: 'Object Repository/ZhiHao/General_User_Submit_form 7/GN_Submit Form 7_Section E/Page_PERKESO/input_Tahun_totalExpMonth_E1' is clicked on

2019-02-20 17:06:00 - [TEST_STEP][PASSED] - setText(findTestObject("ZhiHao/General_User_Submit_form 7/GN_Submit Form 7_Section E/Page_PERKESO/input_Tahun_totalExpMonth_E1"), "1"): Text '1' is set on object 'Object Repository/ZhiHao/General_User_Submit_form 7/GN_Submit Form 7_Section E/Page_PERKESO/input_Tahun_totalExpMonth_E1'

2019-02-20 17:06:04 - [MESSAGE][PASSED] - Text '1' is set on object 'Object Repository/ZhiHao/General_User_Submit_form 7/GN_Submit Form 7_Section E/Page_PERKESO/input_Tahun_totalExpMonth_E1'

2019-02-20 17:06:04 - [TEST_STEP][PASSED] - click(findTestObject("ZhiHao/General_User_Submit_form 7/GN_Submit Form 7_Section E/Page_PERKESO/span_E2")): Object: 'Object Repository/ZhiHao/General_User_Submit_form 7/GN_Submit Form 7_Section E/Page_PERKESO/span_E2' is clicked on

2019-02-20 17:06:06 - [MESSAGE][PASSED] - Object: 'Object Repository/ZhiHao/General_User_Submit_form 7/GN_Submit Form 7_Section E/Page_PERKESO/span_E2' is clicked on

2019-02-20 17:06:06 - [TEST_STEP][PASSED] - click(findTestObject("ZhiHao/General_User_Submit_form 7/GN_Submit Form 7_Section E/Page_PERKESO/select_PMRPT3_E2")): Object: 'Object Repository/ZhiHao/General_User_Submit_form 7/GN_Submit Form 7_Section E/Page_PERKESO/select_PMRPT3_E2' is clicked on

2019-02-20 17:06:08 - [MESSAGE][PASSED] - Object: 'Object Repository/ZhiHao/General_User_Submit_form 7/GN_Submit Form 7_Section E/Page_PERKESO/select_PMRPT3_E2' is clicked on

2019-02-20 17:06:08 - [TEST_STEP][PASSED] - delay(2): Delayed 2 second(s)

2019-02-20 17:06:10 - [MESSAGE][PASSED] - Delayed 2 second(s)

2019-02-20 17:06:10 - [TEST_STEP][PASSED] - click(findTestObject("ZhiHao/General_User_Submit_form 7/GN_Submit Form 7_Section E/Page_PERKESO/span_E3")): Object: 'Object Repository/ZhiHao/General_User_Submit_form 7/GN_Submit Form 7_Section E/Page_PERKESO/span_E3' is clicked on

2019-02-20 17:06:12 - [MESSAGE][PASSED] - Object: 'Object Repository/ZhiHao/General_User_Submit_form 7/GN_Submit Form 7_Section E/Page_PERKESO/span_E3' is clicked on

2019-02-20 17:06:12 - [TEST_STEP][PASSED] - setText(findTestObject("ZhiHao/General_User_Submit_form 7/GN_Submit Form 7_Section E/Page_PERKESO/input_concat(id( select2-pref_E3"), "of"): Text 'of' is set on object 'Object Repository/ZhiHao/General_User_Submit_form 7/GN_Submit Form 7_Section E/Page_PERKESO/input_concat(id( select2-pref_E3'

2019-02-20 17:06:16 - [MESSAGE][PASSED] - Text 'of' is set on object 'Object Repository/ZhiHao/General_User_Submit_form 7/GN_Submit Form 7_Section E/Page_PERKESO/input_concat(id( select2-pref_E3'

2019-02-20 17:06:16 - [TEST_STEP][PASSED] - setText(findTestObject("ZhiHao/General_User_Submit_form 7/GN_Submit Form 7_Section E/Page_PERKESO/input_Done_select2-search__fie_E3"), "of"): Text 'of' is set on object 'Object Repository/ZhiHao/General_User_Submit_form 7/GN_Submit Form 7_Section E/Page_PERKESO/input_Done_select2-search__fie_E3'

2019-02-20 17:06:21 - [MESSAGE][PASSED] - Text 'of' is set on object 'Object Repository/ZhiHao/General_User_Submit_form 7/GN_Submit Form 7_Section E/Page_PERKESO/input_Done_select2-search__fie_E3'

2019-02-20 17:06:21 - [TEST_STEP][PASSED] - click(findTestObject("ZhiHao/General_User_Submit_form 7/GN_Submit Form 7_Section E/Page_PERKESO/select_Associate Director of Finan_E3")): Object: 'Object Repository/ZhiHao/General_User_Submit_form 7/GN_Submit Form 7_Section E/Page_PERKESO/select_Associate Director of Finan_E3' is clicked on

2019-02-20 17:06:23 - [MESSAGE][PASSED] - Object: 'Object Repository/ZhiHao/General_User_Submit_form 7/GN_Submit Form 7_Section E/Page_PERKESO/select_Associate Director of Finan_E3' is clicked on

2019-02-20 17:06:23 - [TEST_STEP][PASSED] - click(findTestObject("ZhiHao/General_User_Submit_form 7/GN_Submit Form 7_Section E/Page_PERKESO/span_E4")): Object: 'Object Repository/ZhiHao/General_User_Submit_form 7/GN_Submit Form 7_Section E/Page_PERKESO/span_E4' is clicked on

2019-02-20 17:06:25 - [MESSAGE][PASSED] - Object: 'Object Repository/ZhiHao/General_User_Submit_form 7/GN_Submit Form 7_Section E/Page_PERKESO/span_E4' is clicked on

2019-02-20 17:06:25 - [TEST_STEP][PASSED] - click(findTestObject("ZhiHao/General_User_Submit_form 7/GN_Submit Form 7_Section E/Page_PERKESO/select_JOHOR_E4")): Object: 'Object Repository/ZhiHao/General_User_Submit_form 7/GN_Submit Form 7_Section E/Page_PERKESO/select_JOHOR_E4' is clicked on

2019-02-20 17:06:27 - [MESSAGE][PASSED] - Object: 'Object Repository/ZhiHao/General_User_Submit_form 7/GN_Submit Form 7_Section E/Page_PERKESO/select_JOHOR_E4' is clicked on

2019-02-20 17:06:27 - [TEST_STEP][PASSED] - click(findTestObject("ZhiHao/General_User_Submit_form 7/GN_Submit Form 7_Section E/Page_PERKESO/input_Tidak_E7")): Object: 'Object Repository/ZhiHao/General_User_Submit_form 7/GN_Submit Form 7_Section E/Page_PERKESO/input_Tidak_E7' is clicked on

2019-02-20 17:06:29 - [MESSAGE][PASSED] - Object: 'Object Repository/ZhiHao/General_User_Submit_form 7/GN_Submit Form 7_Section E/Page_PERKESO/input_Tidak_E7' is clicked on

2019-02-20 17:06:29 - [TEST_STEP][PASSED] - click(findTestObject("ZhiHao/General_User_Submit_form 7/GN_Submit Form 7_Section E/Page_PERKESO/button_Halaman Seterus")): Object: 'Object Repository/ZhiHao/General_User_Submit_form 7/GN_Submit Form 7_Section E/Page_PERKESO/button_Halaman Seterus' is clicked on

2019-02-20 17:06:31 - [MESSAGE][PASSED] - Object: 'Object Repository/ZhiHao/General_User_Submit_form 7/GN_Submit Form 7_Section E/Page_PERKESO/button_Halaman Seterus' is clicked on

2019-02-20 17:06:31 - [TEST_STEP][PASSED] - delay(5): Delayed 5 second(s)

2019-02-20 17:06:36 - [MESSAGE][PASSED] - Delayed 5 second(s)

2019-02-20 17:06:36 - [MESSAGE][PASSED] - Call Test Case 'Test Cases/All TC/Arranged/3. Unit/EI/GN submit form 7/GN_Submit Form 7_Section E' successfully

2019-02-20 17:06:36 - [TEST_STEP][PASSED] - callTestCase(findTestCase("All TC/Arranged/3. Unit/EI/GN submit form 7/GN_Submit Form 7_Section F"), [:], STOP_ON_FAILURE): Call Test Case 'Test Cases/All TC/Arranged/3. Unit/EI/GN submit form 7/GN_Submit Form 7_Section F' successfully

2019-02-20 17:06:36 - [TEST_CASE][PASSED] - Test Cases/All TC/Arranged/3. Unit/EI/GN submit form 7/GN_Submit Form 7_Section F: Test Cases/All TC/Arranged/3. Unit/EI/GN submit form 7/GN_Submit Form 7_Section F

2019-02-20 17:06:37 - [TEST_STEP][PASSED] - delay(2): Delayed 2 second(s)

2019-02-20 17:06:39 - [MESSAGE][PASSED] - Delayed 2 second(s)

2019-02-20 17:06:39 - [TEST_STEP][PASSED] - click(findTestObject("ZhiHao/General_User_Submit_form 7/GN_Submit Form 7_Section F/Page_PERKESO/input_Tidak_F1")): Object: 'Object Repository/ZhiHao/General_User_Submit_form 7/GN_Submit Form 7_Section F/Page_PERKESO/input_Tidak_F1' is clicked on

2019-02-20 17:06:41 - [MESSAGE][PASSED] - Object: 'Object Repository/ZhiHao/General_User_Submit_form 7/GN_Submit Form 7_Section F/Page_PERKESO/input_Tidak_F1' is clicked on

2019-02-20 17:06:41 - [TEST_STEP][PASSED] - click(findTestObject("ZhiHao/General_User_Submit_form 7/GN_Submit Form 7_Section F/Page_PERKESO/span_F2")): Object: 'Object Repository/ZhiHao/General_User_Submit_form 7/GN_Submit Form 7_Section F/Page_PERKESO/span_F2' is clicked on

2019-02-20 17:06:43 - [MESSAGE][PASSED] - Object: 'Object Repository/ZhiHao/General_User_Submit_form 7/GN_Submit Form 7_Section F/Page_PERKESO/span_F2' is clicked on

2019-02-20 17:06:43 - [TEST_STEP][PASSED] - click(findTestObject("ZhiHao/General_User_Submit_form 7/GN_Submit Form 7_Section F/Page_PERKESO/select_ALLIANCE BANK BERHAD_F2")): Object: 'Object Repository/ZhiHao/General_User_Submit_form 7/GN_Submit Form 7_Section F/Page_PERKESO/select_ALLIANCE BANK BERHAD_F2' is clicked on

2019-02-20 17:06:45 - [MESSAGE][PASSED] - Object: 'Object Repository/ZhiHao/General_User_Submit_form 7/GN_Submit Form 7_Section F/Page_PERKESO/select_ALLIANCE BANK BERHAD_F2' is clicked on

2019-02-20 17:06:45 - [TEST_STEP][PASSED] - click(findTestObject("ZhiHao/General_User_Submit_form 7/GN_Submit Form 7_Section F/Page_PERKESO/input_Nombor akaun bank_F3")): Object: 'Object Repository/ZhiHao/General_User_Submit_form 7/GN_Submit Form 7_Section F/Page_PERKESO/input_Nombor akaun bank_F3' is clicked on

2019-02-20 17:06:47 - [MESSAGE][PASSED] - Object: 'Object Repository/ZhiHao/General_User_Submit_form 7/GN_Submit Form 7_Section F/Page_PERKESO/input_Nombor akaun bank_F3' is clicked on

2019-02-20 17:06:47 - [TEST_STEP][PASSED] - setText(findTestObject("ZhiHao/General_User_Submit_form 7/GN_Submit Form 7_Section F/Page_PERKESO/input_Nombor akaun bank_F3"), "556677"): Text '556677' is set on object 'Object Repository/ZhiHao/General_User_Submit_form 7/GN_Submit Form 7_Section F/Page_PERKESO/input_Nombor akaun bank_F3'

2019-02-20 17:06:51 - [MESSAGE][PASSED] - Text '556677' is set on object 'Object Repository/ZhiHao/General_User_Submit_form 7/GN_Submit Form 7_Section F/Page_PERKESO/input_Nombor akaun bank_F3'

2019-02-20 17:06:51 - [TEST_STEP][PASSED] - click(findTestObject("ZhiHao/General_User_Submit_form 7/GN_Submit Form 7_Section F/Page_PERKESO/button_Halaman Seterus")): Object: 'Object Repository/ZhiHao/General_User_Submit_form 7/GN_Submit Form 7_Section F/Page_PERKESO/button_Halaman Seterus' is clicked on

2019-02-20 17:06:53 - [MESSAGE][PASSED] - Object: 'Object Repository/ZhiHao/General_User_Submit_form 7/GN_Submit Form 7_Section F/Page_PERKESO/button_Halaman Seterus' is clicked on

2019-02-20 17:06:53 - [TEST_STEP][PASSED] - delay(3): Delayed 3 second(s)

2019-02-20 17:06:56 - [MESSAGE][PASSED] - Delayed 3 second(s)

2019-02-20 17:06:56 - [MESSAGE][PASSED] - Call Test Case 'Test Cases/All TC/Arranged/3. Unit/EI/GN submit form 7/GN_Submit Form 7_Section F' successfully

2019-02-20 17:06:56 - [TEST_STEP][PASSED] - callTestCase(findTestCase("All TC/Arranged/3. Unit/EI/GN submit form 7/GN_Submit Form 7_Section G"), [:], STOP_ON_FAILURE): Call Test Case 'Test Cases/All TC/Arranged/3. Unit/EI/GN submit form 7/GN_Submit Form 7_Section G' successfully

2019-02-20 17:06:57 - [TEST_CASE][PASSED] - Test Cases/All TC/Arranged/3. Unit/EI/GN submit form 7/GN_Submit Form 7_Section G: Test Cases/All TC/Arranged/3. Unit/EI/GN submit form 7/GN_Submit Form 7_Section G

2019-02-20 17:06:57 - [TEST_STEP][PASSED] - delay(2): Delayed 2 second(s)

2019-02-20 17:06:59 - [MESSAGE][PASSED] - Delayed 2 second(s)

2019-02-20 17:06:59 - [TEST_STEP][PASSED] - click(findTestObject("ZhiHao/General_User_Submit_form 7/GN_Submit Form 7_Section G/Page_PERKESO/input_Name Waris_G2")): Object: 'Object Repository/ZhiHao/General_User_Submit_form 7/GN_Submit Form 7_Section G/Page_PERKESO/input_Name Waris_G2' is clicked on

2019-02-20 17:07:01 - [MESSAGE][PASSED] - Object: 'Object Repository/ZhiHao/General_User_Submit_form 7/GN_Submit Form 7_Section G/Page_PERKESO/input_Name Waris_G2' is clicked on

2019-02-20 17:07:01 - [TEST_STEP][PASSED] - setText(findTestObject("ZhiHao/General_User_Submit_form 7/GN_Submit Form 7_Section G/Page_PERKESO/input_Name Waris_G2"), "qwertyuiop"): Text 'qwertyuiop' is set on object 'Object Repository/ZhiHao/General_User_Submit_form 7/GN_Submit Form 7_Section G/Page_PERKESO/input_Name Waris_G2'

2019-02-20 17:07:05 - [MESSAGE][PASSED] - Text 'qwertyuiop' is set on object 'Object Repository/ZhiHao/General_User_Submit_form 7/GN_Submit Form 7_Section G/Page_PERKESO/input_Name Waris_G2'

2019-02-20 17:07:05 - [TEST_STEP][PASSED] - delay(2): Delayed 2 second(s)

2019-02-20 17:07:07 - [MESSAGE][PASSED] - Delayed 2 second(s)

2019-02-20 17:07:07 - [TEST_STEP][PASSED] - click(findTestObject("ZhiHao/General_User_Submit_form 7/GN_Submit Form 7_Section G/Page_PERKESO/click_Kad Pengenalan_G2")): Object: 'Object Repository/ZhiHao/General_User_Submit_form 7/GN_Submit Form 7_Section G/Page_PERKESO/click_Kad Pengenalan_G2' is clicked on

2019-02-20 17:07:09 - [MESSAGE][PASSED] - Object: 'Object Repository/ZhiHao/General_User_Submit_form 7/GN_Submit Form 7_Section G/Page_PERKESO/click_Kad Pengenalan_G2' is clicked on

2019-02-20 17:07:09 - [TEST_STEP][PASSED] - setText(findTestObject("ZhiHao/General_User_Submit_form 7/GN_Submit Form 7_Section G/Page_PERKESO/input_Kad Pengenalan_G2"), "111111223333"): Text '111111223333' is set on object 'Object Repository/ZhiHao/General_User_Submit_form 7/GN_Submit Form 7_Section G/Page_PERKESO/input_Kad Pengenalan_G2'

2019-02-20 17:07:14 - [MESSAGE][PASSED] - Text '111111223333' is set on object 'Object Repository/ZhiHao/General_User_Submit_form 7/GN_Submit Form 7_Section G/Page_PERKESO/input_Kad Pengenalan_G2'

2019-02-20 17:07:14 - [TEST_STEP][PASSED] - delay(2): Delayed 2 second(s)

2019-02-20 17:07:16 - [MESSAGE][PASSED] - Delayed 2 second(s)

2019-02-20 17:07:16 - [TEST_STEP][PASSED] - click(findTestObject("ZhiHao/General_User_Submit_form 7/GN_Submit Form 7_Section G/Page_PERKESO/click_Tarikh Kelahiran_G2")): Object: 'Object Repository/ZhiHao/General_User_Submit_form 7/GN_Submit Form 7_Section G/Page_PERKESO/click_Tarikh Kelahiran_G2' is clicked on

2019-02-20 17:07:18 - [MESSAGE][PASSED] - Object: 'Object Repository/ZhiHao/General_User_Submit_form 7/GN_Submit Form 7_Section G/Page_PERKESO/click_Tarikh Kelahiran_G2' is clicked on

2019-02-20 17:07:18 - [TEST_STEP][PASSED] - setText(findTestObject("ZhiHao/General_User_Submit_form 7/GN_Submit Form 7_Section G/Page_PERKESO/input_Tarikh Kelahiran_G2"), "1/1/1977"): Text '1/1/1977' is set on object 'Object Repository/ZhiHao/General_User_Submit_form 7/GN_Submit Form 7_Section G/Page_PERKESO/input_Tarikh Kelahiran_G2'

2019-02-20 17:07:22 - [MESSAGE][PASSED] - Text '1/1/1977' is set on object 'Object Repository/ZhiHao/General_User_Submit_form 7/GN_Submit Form 7_Section G/Page_PERKESO/input_Tarikh Kelahiran_G2'

2019-02-20 17:07:22 - [TEST_STEP][PASSED] - click(findTestObject("ZhiHao/General_User_Submit_form 7/GN_Submit Form 7_Section G/Page_PERKESO/click_button_Done")): Object: 'Object Repository/ZhiHao/General_User_Submit_form 7/GN_Submit Form 7_Section G/Page_PERKESO/click_button_Done' is clicked on

2019-02-20 17:07:24 - [MESSAGE][PASSED] - Object: 'Object Repository/ZhiHao/General_User_Submit_form 7/GN_Submit Form 7_Section G/Page_PERKESO/click_button_Done' is clicked on

2019-02-20 17:07:24 - [TEST_STEP][PASSED] - delay(2): Delayed 2 second(s)

2019-02-20 17:07:26 - [MESSAGE][PASSED] - Delayed 2 second(s)

2019-02-20 17:07:26 - [TEST_STEP][PASSED] - click(findTestObject("ZhiHao/General_User_Submit_form 7/GN_Submit Form 7_Section G/Page_PERKESO/span_Isteri_G2")): Object: 'Object Repository/ZhiHao/General_User_Submit_form 7/GN_Submit Form 7_Section G/Page_PERKESO/span_Isteri_G2' is clicked on

2019-02-20 17:07:28 - [MESSAGE][PASSED] - Object: 'Object Repository/ZhiHao/General_User_Submit_form 7/GN_Submit Form 7_Section G/Page_PERKESO/span_Isteri_G2' is clicked on

2019-02-20 17:07:28 - [TEST_STEP][PASSED] - delay(1): Delayed 1 second(s)

2019-02-20 17:07:29 - [MESSAGE][PASSED] - Delayed 1 second(s)

2019-02-20 17:07:29 - [TEST_STEP][PASSED] - click(findTestObject("ZhiHao/General_User_Submit_form 7/GN_Submit Form 7_Section G/Page_PERKESO/select_Adik-beradik_G2")): Object: 'Object Repository/ZhiHao/General_User_Submit_form 7/GN_Submit Form 7_Section G/Page_PERKESO/select_Adik-beradik_G2' is clicked on

2019-02-20 17:07:31 - [MESSAGE][PASSED] - Object: 'Object Repository/ZhiHao/General_User_Submit_form 7/GN_Submit Form 7_Section G/Page_PERKESO/select_Adik-beradik_G2' is clicked on

2019-02-20 17:07:31 - [TEST_STEP][PASSED] - delay(2): Delayed 2 second(s)

2019-02-20 17:07:33 - [MESSAGE][PASSED] - Delayed 2 second(s)

2019-02-20 17:07:33 - [TEST_STEP][PASSED] - click(findTestObject("ZhiHao/General_User_Submit_form 7/GN_Submit Form 7_Section G/Page_PERKESO/button_Halaman Seterus")): Object: 'Object Repository/ZhiHao/General_User_Submit_form 7/GN_Submit Form 7_Section G/Page_PERKESO/button_Halaman Seterus' is clicked on

2019-02-20 17:07:35 - [MESSAGE][PASSED] - Object: 'Object Repository/ZhiHao/General_User_Submit_form 7/GN_Submit Form 7_Section G/Page_PERKESO/button_Halaman Seterus' is clicked on

2019-02-20 17:07:35 - [TEST_STEP][PASSED] - delay(5): Delayed 5 second(s)

2019-02-20 17:07:40 - [MESSAGE][PASSED] - Delayed 5 second(s)

2019-02-20 17:07:40 - [MESSAGE][PASSED] - Call Test Case 'Test Cases/All TC/Arranged/3. Unit/EI/GN submit form 7/GN_Submit Form 7_Section G' successfully

2019-02-20 17:07:40 - [TEST_STEP][PASSED] - callTestCase(findTestCase("All TC/Arranged/3. Unit/EI/GN submit form 7/GN_Submit Form 7_Section H"), [:], STOP_ON_FAILURE): Call Test Case 'Test Cases/All TC/Arranged/3. Unit/EI/GN submit form 7/GN_Submit Form 7_Section H' successfully

2019-02-20 17:07:41 - [TEST_CASE][PASSED] - Test Cases/All TC/Arranged/3. Unit/EI/GN submit form 7/GN_Submit Form 7_Section H: Test Cases/All TC/Arranged/3. Unit/EI/GN submit form 7/GN_Submit Form 7_Section H

2019-02-20 17:07:41 - [TEST_STEP][PASSED] - delay(3): Delayed 3 second(s)

2019-02-20 17:07:44 - [MESSAGE][PASSED] - Delayed 3 second(s)

2019-02-20 17:07:44 - [TEST_STEP][PASSED] - click(findTestObject("ZhiHao/General_User_Submit_form 7/GN_Submit Form 7_Section H/Page_PERKESO/Tick_H1")): Object: 'Object Repository/ZhiHao/General_User_Submit_form 7/GN_Submit Form 7_Section H/Page_PERKESO/Tick_H1' is clicked on

2019-02-20 17:07:46 - [MESSAGE][PASSED] - Object: 'Object Repository/ZhiHao/General_User_Submit_form 7/GN_Submit Form 7_Section H/Page_PERKESO/Tick_H1' is clicked on

2019-02-20 17:07:46 - [TEST_STEP][PASSED] - click(findTestObject("ZhiHao/General_User_Submit_form 7/GN_Submit Form 7_Section H/Page_PERKESO/Tick_H4")): Object: 'Object Repository/ZhiHao/General_User_Submit_form 7/GN_Submit Form 7_Section H/Page_PERKESO/Tick_H4' is clicked on

2019-02-20 17:07:48 - [MESSAGE][PASSED] - Object: 'Object Repository/ZhiHao/General_User_Submit_form 7/GN_Submit Form 7_Section H/Page_PERKESO/Tick_H4' is clicked on

2019-02-20 17:07:48 - [TEST_STEP][PASSED] - click(findTestObject("ZhiHao/General_User_Submit_form 7/GN_Submit Form 7_Section H/Page_PERKESO/Tick_H5")): Object: 'Object Repository/ZhiHao/General_User_Submit_form 7/GN_Submit Form 7_Section H/Page_PERKESO/Tick_H5' is clicked on

2019-02-20 17:07:50 - [MESSAGE][PASSED] - Object: 'Object Repository/ZhiHao/General_User_Submit_form 7/GN_Submit Form 7_Section H/Page_PERKESO/Tick_H5' is clicked on

2019-02-20 17:07:50 - [TEST_STEP][PASSED] - click(findTestObject("ZhiHao/General_User_Submit_form 7/GN_Submit Form 7_Section H/Page_PERKESO/click_upload button_I")): Object: 'Object Repository/ZhiHao/General_User_Submit_form 7/GN_Submit Form 7_Section H/Page_PERKESO/click_upload button_I' is clicked on

2019-02-20 17:07:52 - [MESSAGE][PASSED] - Object: 'Object Repository/ZhiHao/General_User_Submit_form 7/GN_Submit Form 7_Section H/Page_PERKESO/click_upload button_I' is clicked on

2019-02-20 17:07:52 - [TEST_STEP][PASSED] - delay(3): Delayed 3 second(s)

2019-02-20 17:07:55 - [MESSAGE][PASSED] - Delayed 3 second(s)

2019-02-20 17:07:55 - [TEST_STEP][PASSED] - sendKeys(findTestObject("ZhiHao/General_User_Submit_form 7/GN_Submit Form 7_Section H/Page_PERKESO/click_choose file button_I"), TextFilePathCommon + "\UploadDoc.txt"): Keys 'C:\Users\Admin\Documents\GitHub\PKSKatalon\PKS-EI-ES\Common Zone\UploadDoc.txt' sent to object: 'Object Repository/ZhiHao/General_User_Submit_form 7/GN_Submit Form 7_Section H/Page_PERKESO/click_choose file button_I'

2019-02-20 17:07:57 - [MESSAGE][PASSED] - Keys 'C:\Users\Admin\Documents\GitHub\PKSKatalon\PKS-EI-ES\Common Zone\UploadDoc.txt' sent to object: 'Object Repository/ZhiHao/General_User_Submit_form 7/GN_Submit Form 7_Section H/Page_PERKESO/click_choose file button_I'

2019-02-20 17:07:57 - [TEST_STEP][PASSED] - delay(2): Delayed 2 second(s)

2019-02-20 17:07:59 - [MESSAGE][PASSED] - Delayed 2 second(s)

2019-02-20 17:07:59 - [TEST_STEP][PASSED] - click(findTestObject("ZhiHao/General_User_Submit_form 7/GN_Submit Form 7_Section H/Page_PERKESO/click_button_Tambah Dokumen_I")): Object: 'Object Repository/ZhiHao/General_User_Submit_form 7/GN_Submit Form 7_Section H/Page_PERKESO/click_button_Tambah Dokumen_I' is clicked on

2019-02-20 17:08:02 - [MESSAGE][PASSED] - Object: 'Object Repository/ZhiHao/General_User_Submit_form 7/GN_Submit Form 7_Section H/Page_PERKESO/click_button_Tambah Dokumen_I' is clicked on

2019-02-20 17:08:02 - [TEST_STEP][PASSED] - delay(3): Delayed 3 second(s)

2019-02-20 17:08:05 - [MESSAGE][PASSED] - Delayed 3 second(s)

2019-02-20 17:08:05 - [TEST_STEP][PASSED] - acceptAlert(): Alert accepted

2019-02-20 17:08:07 - [MESSAGE][PASSED] - Alert accepted

2019-02-20 17:08:07 - [TEST_STEP][PASSED] - delay(5): Delayed 5 second(s)

2019-02-20 17:08:12 - [MESSAGE][PASSED] - Delayed 5 second(s)

2019-02-20 17:08:12 - [TEST_STEP][PASSED] - click(findTestObject("ZhiHao/General_User_Submit_form 7/GN_Submit Form 7_Section H/Page_PERKESO/click_upload button_I (2)")): Object: 'Object Repository/ZhiHao/General_User_Submit_form 7/GN_Submit Form 7_Section H/Page_PERKESO/click_upload button_I (2)' is clicked on

2019-02-20 17:08:14 - [MESSAGE][PASSED] - Object: 'Object Repository/ZhiHao/General_User_Submit_form 7/GN_Submit Form 7_Section H/Page_PERKESO/click_upload button_I (2)' is clicked on

2019-02-20 17:08:14 - [TEST_STEP][PASSED] - delay(3): Delayed 3 second(s)

2019-02-20 17:08:17 - [MESSAGE][PASSED] - Delayed 3 second(s)

2019-02-20 17:08:17 - [TEST_STEP][PASSED] - click(findTestObject("ZhiHao/General_User_Submit_form 7/GN_Submit Form 7_Section H/Page_PERKESO/input_Ya_optradio_I")): Object: 'Object Repository/ZhiHao/General_User_Submit_form 7/GN_Submit Form 7_Section H/Page_PERKESO/input_Ya_optradio_I' is clicked on

2019-02-20 17:08:19 - [MESSAGE][PASSED] - Object: 'Object Repository/ZhiHao/General_User_Submit_form 7/GN_Submit Form 7_Section H/Page_PERKESO/input_Ya_optradio_I' is clicked on

2019-02-20 17:08:19 - [TEST_STEP][PASSED] - delay(3): Delayed 3 second(s)

2019-02-20 17:08:22 - [MESSAGE][PASSED] - Delayed 3 second(s)

2019-02-20 17:08:22 - [TEST_STEP][PASSED] - sendKeys(findTestObject("ZhiHao/General_User_Submit_form 7/GN_Submit Form 7_Section H/Page_PERKESO/click_choose file button_I"), TextFilePathCommon + "\UploadDoc.txt"): Keys 'C:\Users\Admin\Documents\GitHub\PKSKatalon\PKS-EI-ES\Common Zone\UploadDoc.txt' sent to object: 'Object Repository/ZhiHao/General_User_Submit_form 7/GN_Submit Form 7_Section H/Page_PERKESO/click_choose file button_I'

2019-02-20 17:08:24 - [MESSAGE][PASSED] - Keys 'C:\Users\Admin\Documents\GitHub\PKSKatalon\PKS-EI-ES\Common Zone\UploadDoc.txt' sent to object: 'Object Repository/ZhiHao/General_User_Submit_form 7/GN_Submit Form 7_Section H/Page_PERKESO/click_choose file button_I'

2019-02-20 17:08:24 - [TEST_STEP][PASSED] - delay(3): Delayed 3 second(s)

2019-02-20 17:08:27 - [MESSAGE][PASSED] - Delayed 3 second(s)

2019-02-20 17:08:27 - [TEST_STEP][PASSED] - click(findTestObject("ZhiHao/General_User_Submit_form 7/GN_Submit Form 7_Section H/Page_PERKESO/click_button_Tambah Dokumen_I")): Object: 'Object Repository/ZhiHao/General_User_Submit_form 7/GN_Submit Form 7_Section H/Page_PERKESO/click_button_Tambah Dokumen_I' is clicked on

2019-02-20 17:08:29 - [MESSAGE][PASSED] - Object: 'Object Repository/ZhiHao/General_User_Submit_form 7/GN_Submit Form 7_Section H/Page_PERKESO/click_button_Tambah Dokumen_I' is clicked on

2019-02-20 17:08:29 - [TEST_STEP][PASSED] - delay(3): Delayed 3 second(s)

2019-02-20 17:08:32 - [MESSAGE][PASSED] - Delayed 3 second(s)

2019-02-20 17:08:32 - [TEST_STEP][PASSED] - acceptAlert(): Alert accepted

2019-02-20 17:08:34 - [MESSAGE][PASSED] - Alert accepted

2019-02-20 17:08:34 - [TEST_STEP][PASSED] - delay(5): Delayed 5 second(s)

2019-02-20 17:08:39 - [MESSAGE][PASSED] - Delayed 5 second(s)

2019-02-20 17:08:39 - [TEST_STEP][PASSED] - click(findTestObject("ZhiHao/General_User_Submit_form 7/GN_Submit Form 7_Section H/Page_PERKESO/click_upload button_I (3)")): Object: 'Object Repository/ZhiHao/General_User_Submit_form 7/GN_Submit Form 7_Section H/Page_PERKESO/click_upload button_I (3)' is clicked on

2019-02-20 17:08:41 - [MESSAGE][PASSED] - Object: 'Object Repository/ZhiHao/General_User_Submit_form 7/GN_Submit Form 7_Section H/Page_PERKESO/click_upload button_I (3)' is clicked on

2019-02-20 17:08:41 - [TEST_STEP][PASSED] - delay(3): Delayed 3 second(s)

2019-02-20 17:08:44 - [MESSAGE][PASSED] - Delayed 3 second(s)

2019-02-20 17:08:44 - [TEST_STEP][PASSED] - click(findTestObject("ZhiHao/General_User_Submit_form 7/GN_Submit Form 7_Section H/Page_PERKESO/input_Ya_optradio_I")): Object: 'Object Repository/ZhiHao/General_User_Submit_form 7/GN_Submit Form 7_Section H/Page_PERKESO/input_Ya_optradio_I' is clicked on

2019-02-20 17:08:46 - [MESSAGE][PASSED] - Object: 'Object Repository/ZhiHao/General_User_Submit_form 7/GN_Submit Form 7_Section H/Page_PERKESO/input_Ya_optradio_I' is clicked on

2019-02-20 17:08:46 - [TEST_STEP][PASSED] - delay(3): Delayed 3 second(s)

2019-02-20 17:08:49 - [MESSAGE][PASSED] - Delayed 3 second(s)

2019-02-20 17:08:49 - [TEST_STEP][PASSED] - sendKeys(findTestObject("ZhiHao/General_User_Submit_form 7/GN_Submit Form 7_Section H/Page_PERKESO/click_choose file button_I"), TextFilePathCommon + "\UploadDoc.txt"): Keys 'C:\Users\Admin\Documents\GitHub\PKSKatalon\PKS-EI-ES\Common Zone\UploadDoc.txt' sent to object: 'Object Repository/ZhiHao/General_User_Submit_form 7/GN_Submit Form 7_Section H/Page_PERKESO/click_choose file button_I'

2019-02-20 17:08:51 - [MESSAGE][PASSED] - Keys 'C:\Users\Admin\Documents\GitHub\PKSKatalon\PKS-EI-ES\Common Zone\UploadDoc.txt' sent to object: 'Object Repository/ZhiHao/General_User_Submit_form 7/GN_Submit Form 7_Section H/Page_PERKESO/click_choose file button_I'

2019-02-20 17:08:51 - [TEST_STEP][PASSED] - delay(3): Delayed 3 second(s)

2019-02-20 17:08:54 - [MESSAGE][PASSED] - Delayed 3 second(s)

2019-02-20 17:08:54 - [TEST_STEP][PASSED] - click(findTestObject("ZhiHao/General_User_Submit_form 7/GN_Submit Form 7_Section H/Page_PERKESO/click_button_Tambah Dokumen_I")): Object: 'Object Repository/ZhiHao/General_User_Submit_form 7/GN_Submit Form 7_Section H/Page_PERKESO/click_button_Tambah Dokumen_I' is clicked on

2019-02-20 17:08:57 - [MESSAGE][PASSED] - Object: 'Object Repository/ZhiHao/General_User_Submit_form 7/GN_Submit Form 7_Section H/Page_PERKESO/click_button_Tambah Dokumen_I' is clicked on

2019-02-20 17:08:57 - [TEST_STEP][PASSED] - delay(3): Delayed 3 second(s)

2019-02-20 17:09:00 - [MESSAGE][PASSED] - Delayed 3 second(s)

2019-02-20 17:09:00 - [TEST_STEP][PASSED] - acceptAlert(): Alert accepted

2019-02-20 17:09:02 - [MESSAGE][PASSED] - Alert accepted

2019-02-20 17:09:02 - [TEST_STEP][PASSED] - delay(5): Delayed 5 second(s)

2019-02-20 17:09:07 - [MESSAGE][PASSED] - Delayed 5 second(s)

2019-02-20 17:09:07 - [TEST_STEP][PASSED] - click(findTestObject("ZhiHao/General_User_Submit_form 7/GN_Submit Form 7_Section H/Page_PERKESO/click_upload button_I (4)")): Object: 'Object Repository/ZhiHao/General_User_Submit_form 7/GN_Submit Form 7_Section H/Page_PERKESO/click_upload button_I (4)' is clicked on

2019-02-20 17:09:09 - [MESSAGE][PASSED] - Object: 'Object Repository/ZhiHao/General_User_Submit_form 7/GN_Submit Form 7_Section H/Page_PERKESO/click_upload button_I (4)' is clicked on

2019-02-20 17:09:09 - [TEST_STEP][PASSED] - delay(3): Delayed 3 second(s)

2019-02-20 17:09:12 - [MESSAGE][PASSED] - Delayed 3 second(s)

2019-02-20 17:09:12 - [TEST_STEP][PASSED] - click(findTestObject("ZhiHao/General_User_Submit_form 7/GN_Submit Form 7_Section H/Page_PERKESO/Page_PERKESO/input_Tidak_optradio")): Object: 'Object Repository/ZhiHao/General_User_Submit_form 7/GN_Submit Form 7_Section H/Page_PERKESO/Page_PERKESO/input_Tidak_optradio' is clicked on

2019-02-20 17:09:14 - [MESSAGE][PASSED] - Object: 'Object Repository/ZhiHao/General_User_Submit_form 7/GN_Submit Form 7_Section H/Page_PERKESO/Page_PERKESO/input_Tidak_optradio' is clicked on

2019-02-20 17:09:14 - [TEST_STEP][PASSED] - delay(3): Delayed 3 second(s)

2019-02-20 17:09:17 - [MESSAGE][PASSED] - Delayed 3 second(s)

2019-02-20 17:09:17 - [TEST_STEP][PASSED] - setText(findTestObject("ZhiHao/General_User_Submit_form 7/GN_Submit Form 7_Section H/Page_PERKESO/input_Maklumat Account"), "test"): Text 'test' is set on object 'Object Repository/ZhiHao/General_User_Submit_form 7/GN_Submit Form 7_Section H/Page_PERKESO/input_Maklumat Account'

2019-02-20 17:09:21 - [MESSAGE][PASSED] - Text 'test' is set on object 'Object Repository/ZhiHao/General_User_Submit_form 7/GN_Submit Form 7_Section H/Page_PERKESO/input_Maklumat Account'

2019-02-20 17:09:21 - [TEST_STEP][PASSED] - delay(3): Delayed 3 second(s)

2019-02-20 17:09:24 - [MESSAGE][PASSED] - Delayed 3 second(s)

2019-02-20 17:09:24 - [TEST_STEP][PASSED] - setText(findTestObject("ZhiHao/General_User_Submit_form 7/GN_Submit Form 7_Section H/Page_PERKESO/input_Kenyataan Pemohon"), "testing"): Text 'testing' is set on object 'Object Repository/ZhiHao/General_User_Submit_form 7/GN_Submit Form 7_Section H/Page_PERKESO/input_Kenyataan Pemohon'

2019-02-20 17:09:28 - [MESSAGE][PASSED] - Text 'testing' is set on object 'Object Repository/ZhiHao/General_User_Submit_form 7/GN_Submit Form 7_Section H/Page_PERKESO/input_Kenyataan Pemohon'

2019-02-20 17:09:28 - [TEST_STEP][PASSED] - delay(3): Delayed 3 second(s)

2019-02-20 17:09:31 - [MESSAGE][PASSED] - Delayed 3 second(s)

2019-02-20 17:09:31 - [TEST_STEP][PASSED] - click(findTestObject("ZhiHao/General_User_Submit_form 7/GN_Submit Form 7_Section H/Page_PERKESO/click_button_Hantar")): Object: 'Object Repository/ZhiHao/General_User_Submit_form 7/GN_Submit Form 7_Section H/Page_PERKESO/click_button_Hantar' is clicked on

2019-02-20 17:09:33 - [MESSAGE][PASSED] - Object: 'Object Repository/ZhiHao/General_User_Submit_form 7/GN_Submit Form 7_Section H/Page_PERKESO/click_button_Hantar' is clicked on

2019-02-20 17:09:33 - [TEST_STEP][PASSED] - delay(3): Delayed 3 second(s)

2019-02-20 17:09:36 - [MESSAGE][PASSED] - Delayed 3 second(s)

2019-02-20 17:09:36 - [TEST_STEP][PASSED] - acceptAlert(): Alert accepted

2019-02-20 17:09:38 - [MESSAGE][PASSED] - Alert accepted

2019-02-20 17:09:38 - [TEST_STEP][PASSED] - delay(3): Delayed 3 second(s)

2019-02-20 17:09:41 - [MESSAGE][PASSED] - Delayed 3 second(s)

2019-02-20 17:09:41 - [TEST_STEP][PASSED] - click(findTestObject("ZhiHao/General_User_Submit_form 7/GN_Submit Form 7_Section H/Page_PERKESO/click_button_Hantar (1)")): Object: 'Object Repository/ZhiHao/General_User_Submit_form 7/GN_Submit Form 7_Section H/Page_PERKESO/click_button_Hantar (1)' is clicked on

2019-02-20 17:09:44 - [MESSAGE][PASSED] - Object: 'Object Repository/ZhiHao/General_User_Submit_form 7/GN_Submit Form 7_Section H/Page_PERKESO/click_button_Hantar (1)' is clicked on

2019-02-20 17:09:44 - [TEST_STEP][PASSED] - delay(3, STOP_ON_FAILURE): Delayed 3 second(s)

2019-02-20 17:09:47 - [MESSAGE][PASSED] - Delayed 3 second(s)

2019-02-20 17:09:47 - [TEST_STEP][PASSED] - IC = getText(findTestObject("ZhiHao/General_User_Submit_form 7/GN_Submit Form 7_Section H/Page_PERKESO/strong_821210105280 (1)")): Text of object 'Object Repository/ZhiHao/General_User_Submit_form 7/GN_Submit Form 7_Section H/Page_PERKESO/strong_821210105280 (1)' is: '861023436638'

2019-02-20 17:09:49 - [MESSAGE][PASSED] - Text of object 'Object Repository/ZhiHao/General_User_Submit_form 7/GN_Submit Form 7_Section H/Page_PERKESO/strong_821210105280 (1)' is: '861023436638'

2019-02-20 17:09:49 - [TEST_STEP][PASSED] - callTestCase(findTestCase("All TC/Arranged/1. Common/1.2 Setter/Setter IC"), [:], STOP_ON_FAILURE): Call Test Case 'Test Cases/All TC/Arranged/1. Common/1.2 Setter/Setter IC' successfully

2019-02-20 17:09:49 - [TEST_CASE][PASSED] - Test Cases/All TC/Arranged/1. Common/1.2 Setter/Setter IC: Test Cases/All TC/Arranged/1. Common/1.2 Setter/Setter IC

2019-02-20 17:09:49 - [TEST_STEP][PASSED] - RefNoOldFile = new java.io.File((internal.GlobalVariable.TextFilePathCommon + \getIC.txt)): null

2019-02-20 17:09:49 - [TEST_STEP][PASSED] - RefNoOldFile.delete(): null

2019-02-20 17:09:49 - [TEST_STEP][PASSED] - delay(5): Delayed 5 second(s)

2019-02-20 17:09:54 - [MESSAGE][PASSED] - Delayed 5 second(s)

2019-02-20 17:09:54 - [TEST_STEP][PASSED] - RefNo = new java.io.File((internal.GlobalVariable.TextFilePathCommon + \getIC.txt)): null

2019-02-20 17:09:54 - [TEST_STEP][PASSED] - f2 = new java.io.FileWriter(RefNo, false): null

2019-02-20 17:09:54 - [TEST_STEP][PASSED] - f2.write(IC): null

2019-02-20 17:09:54 - [TEST_STEP][PASSED] - f2.close(): null

2019-02-20 17:09:54 - [TEST_STEP][PASSED] - out.println("


" + IC + "


"): null

2019-02-20 17:09:54 - [MESSAGE][PASSED] - Call Test Case 'Test Cases/All TC/Arranged/1. Common/1.2 Setter/Setter IC' successfully

2019-02-20 17:09:54 - [TEST_STEP][PASSED] - Password = getText(findTestObject("ZhiHao/General_User_Submit_form 7/GN_Submit Form 7_Section H/Page_PERKESO/strong_k76N7BsG (1)")): Text of object 'Object Repository/ZhiHao/General_User_Submit_form 7/GN_Submit Form 7_Section H/Page_PERKESO/strong_k76N7BsG (1)' is: '6KBhkPn6'

2019-02-20 17:09:56 - [MESSAGE][PASSED] - Text of object 'Object Repository/ZhiHao/General_User_Submit_form 7/GN_Submit Form 7_Section H/Page_PERKESO/strong_k76N7BsG (1)' is: '6KBhkPn6'

2019-02-20 17:09:56 - [TEST_STEP][PASSED] - callTestCase(findTestCase("All TC/Arranged/1. Common/1.2 Setter/Setter Password"), [:], STOP_ON_FAILURE): Call Test Case 'Test Cases/All TC/Arranged/1. Common/1.2 Setter/Setter Password' successfully

2019-02-20 17:09:56 - [TEST_CASE][PASSED] - Test Cases/All TC/Arranged/1. Common/1.2 Setter/Setter Password: Test Cases/All TC/Arranged/1. Common/1.2 Setter/Setter Password

2019-02-20 17:09:56 - [TEST_STEP][PASSED] - RefNoOldFile = new java.io.File((internal.GlobalVariable.TextFilePathCommon + \getPassword.txt)): null

2019-02-20 17:09:56 - [TEST_STEP][PASSED] - RefNoOldFile.delete(): null

2019-02-20 17:09:56 - [TEST_STEP][PASSED] - delay(5): Delayed 5 second(s)

2019-02-20 17:10:01 - [MESSAGE][PASSED] - Delayed 5 second(s)

2019-02-20 17:10:01 - [TEST_STEP][PASSED] - RefNo = new java.io.File((internal.GlobalVariable.TextFilePathCommon + \getPassword.txt)): null

2019-02-20 17:10:01 - [TEST_STEP][PASSED] - f2 = new java.io.FileWriter(RefNo, false): null

2019-02-20 17:10:01 - [TEST_STEP][PASSED] - f2.write(Password): null

2019-02-20 17:10:01 - [TEST_STEP][PASSED] - f2.close(): null

2019-02-20 17:10:01 - [TEST_STEP][PASSED] - out.println("


" + Password + "


"): null

2019-02-20 17:10:01 - [MESSAGE][PASSED] - Call Test Case 'Test Cases/All TC/Arranged/1. Common/1.2 Setter/Setter Password' successfully

2019-02-20 17:10:01 - [TEST_STEP][PASSED] - CaseID = getText(findTestObject("ZhiHao/General_User_Submit_form 7/GN_Submit Form 7_Section H/Page_PERKESO/strong_SIPE1119060000038 (1)")): Text of object 'Object Repository/ZhiHao/General_User_Submit_form 7/GN_Submit Form 7_Section H/Page_PERKESO/strong_SIPE1119060000038 (1)' is: 'SIPE1119070000021'

2019-02-20 17:10:03 - [MESSAGE][PASSED] - Text of object 'Object Repository/ZhiHao/General_User_Submit_form 7/GN_Submit Form 7_Section H/Page_PERKESO/strong_SIPE1119060000038 (1)' is: 'SIPE1119070000021'

2019-02-20 17:10:03 - [TEST_STEP][PASSED] - callTestCase(findTestCase("All TC/Arranged/1. Common/1.2 Setter/Setter Case ID"), [:], STOP_ON_FAILURE): Call Test Case 'Test Cases/All TC/Arranged/1. Common/1.2 Setter/Setter Case ID' successfully

2019-02-20 17:10:03 - [TEST_CASE][PASSED] - Test Cases/All TC/Arranged/1. Common/1.2 Setter/Setter Case ID: Test Cases/All TC/Arranged/1. Common/1.2 Setter/Setter Case ID

2019-02-20 17:10:04 - [TEST_STEP][PASSED] - RefNoOldFile = new java.io.File((internal.GlobalVariable.TextFilePathCommon + \getCaseID.txt)): null

2019-02-20 17:10:04 - [TEST_STEP][PASSED] - RefNoOldFile.delete(): null

2019-02-20 17:10:04 - [TEST_STEP][PASSED] - delay(5): Delayed 5 second(s)

2019-02-20 17:10:09 - [MESSAGE][PASSED] - Delayed 5 second(s)

2019-02-20 17:10:09 - [TEST_STEP][PASSED] - RefNo = new java.io.File((internal.GlobalVariable.TextFilePathCommon + \getCaseID.txt)): null

2019-02-20 17:10:09 - [TEST_STEP][PASSED] - f2 = new java.io.FileWriter(RefNo, false): null

2019-02-20 17:10:09 - [TEST_STEP][PASSED] - f2.write(CaseID): null

2019-02-20 17:10:09 - [TEST_STEP][PASSED] - f2.close(): null

2019-02-20 17:10:09 - [TEST_STEP][PASSED] - out.println("


" + CaseID + "


"): null

2019-02-20 17:10:09 - [MESSAGE][PASSED] - Call Test Case 'Test Cases/All TC/Arranged/1. Common/1.2 Setter/Setter Case ID' successfully

2019-02-20 17:10:09 - [MESSAGE][PASSED] - Call Test Case 'Test Cases/All TC/Arranged/3. Unit/EI/GN submit form 7/GN_Submit Form 7_Section H' successfully

2019-02-20 17:10:09 - [TEST_STEP][NOT_RUN] - callTestCase(findTestCase("All TC/Arranged/2. Segment/2.8 OTC_Semakan/OTC_Semakan(By IC)"), [:], STOP_ON_FAILURE): NOT_RUN: callTestCase(findTestCase("All TC/Arranged/2. Segment/2.8 OTC_Semakan/OTC_Semakan(By IC)"), [:], STOP_ON_FAILURE)

2019-02-20 17:10:09 - [MESSAGE][NOT_RUN] - NOT_RUN: callTestCase(findTestCase("All TC/Arranged/2. Segment/2.8 OTC_Semakan/OTC_Semakan(By IC)"), [:], STOP_ON_FAILURE)

2019-02-20 17:10:09 - [MESSAGE][PASSED] - Call Test Case 'Test Cases/All TC/Arranged/2. Segment/GN_Submit Form 7_End to End' successfully

2019-02-20 17:10:09 - [TEST_STEP][PASSED] - callTestCase(findTestCase("All TC/Arranged/2. Segment/2.8 OTC_Semakan/OTC_Semakan(By IC)"), [:], STOP_ON_FAILURE): Call Test Case 'Test Cases/All TC/Arranged/2. Segment/2.8 OTC_Semakan/OTC_Semakan(By IC)' successfully

2019-02-20 17:10:09 - [TEST_CASE][PASSED] - Test Cases/All TC/Arranged/2. Segment/2.8 OTC_Semakan/OTC_Semakan(By IC): Test Cases/All TC/Arranged/2. Segment/2.8 OTC_Semakan/OTC_Semakan(By IC)

2019-02-20 17:10:09 - [TEST_STEP][PASSED] - openBrowser(""): Browser is opened with url: ''

2019-02-20 17:10:09 - [MESSAGE][WARNING] - A browser is already opened. Closing browser and opening a new one

2019-02-20 17:10:11 - [MESSAGE][INFO] - Starting 'Chrome' driver

2019-02-20 17:10:11 - [MESSAGE][INFO] - User set preference: ['args', '[--start-maximized]']

2019-02-20 17:10:15 - [MESSAGE][PASSED] - Browser is opened with url: ''

2019-02-20 17:10:15 - [TEST_STEP][PASSED] - navigateToUrl(Internal_Login): Navigate to 'http://10.20.24.188/eisportal/user/login' successfully

2019-02-20 17:10:17 - [MESSAGE][PASSED] - Navigate to 'http://10.20.24.188/eisportal/user/login' successfully

2019-02-20 17:10:17 - [TEST_STEP][PASSED] - setText(findTestObject("ZhiHao/OTC_Semakan/OTC_Semakan(by IC)/Page_PERKESO/input_username"), "dalilah.taib@perkeso.gov.my"): Text 'dalilah.taib@perkeso.gov.my' is set on object 'Object Repository/ZhiHao/OTC_Semakan/OTC_Semakan(by IC)/Page_PERKESO/input_username'

2019-02-20 17:10:21 - [MESSAGE][PASSED] - Text 'dalilah.taib@perkeso.gov.my' is set on object 'Object Repository/ZhiHao/OTC_Semakan/OTC_Semakan(by IC)/Page_PERKESO/input_username'

2019-02-20 17:10:21 - [TEST_STEP][PASSED] - setEncryptedText(findTestObject("ZhiHao/OTC_Semakan/OTC_Semakan(by IC)/Page_PERKESO/input_password"), "CQqwFZlbeC8="): Text ****** has been set on object 'Object Repository/ZhiHao/OTC_Semakan/OTC_Semakan(by IC)/Page_PERKESO/input_password'

2019-02-20 17:10:24 - [MESSAGE][PASSED] - Text ****** has been set on object 'Object Repository/ZhiHao/OTC_Semakan/OTC_Semakan(by IC)/Page_PERKESO/input_password'

2019-02-20 17:10:24 - [TEST_STEP][PASSED] - click(findTestObject("ZhiHao/OTC_Semakan/OTC_Semakan(by IC)/Page_PERKESO/click_login")): Object: 'Object Repository/ZhiHao/OTC_Semakan/OTC_Semakan(by IC)/Page_PERKESO/click_login' is clicked on

2019-02-20 17:10:27 - [MESSAGE][PASSED] - Object: 'Object Repository/ZhiHao/OTC_Semakan/OTC_Semakan(by IC)/Page_PERKESO/click_login' is clicked on

2019-02-20 17:10:27 - [TEST_STEP][PASSED] - callTestCase(findTestCase("All TC/Arranged/1. Common/1.1 Getter/Getter IC"), [:], STOP_ON_FAILURE): Call Test Case 'Test Cases/All TC/Arranged/1. Common/1.1 Getter/Getter IC' successfully

2019-02-20 17:10:27 - [TEST_CASE][PASSED] - Test Cases/All TC/Arranged/1. Common/1.1 Getter/Getter IC: Test Cases/All TC/Arranged/1. Common/1.1 Getter/Getter IC

2019-02-20 17:10:28 - [TEST_STEP][PASSED] - try: null

2019-02-20 17:10:28 - [TEST_STEP][PASSED] - RefNo = new java.io.File((internal.GlobalVariable.TextFilePathCommon + \getIC.txt)): null

2019-02-20 17:10:28 - [TEST_STEP][PASSED] - bufferread = new java.io.BufferedReader(new java.io.FileReader(RefNo)): null

2019-02-20 17:10:28 - [TEST_STEP][PASSED] - readedVal = bufferread.readLine(): null

2019-02-20 17:10:28 - [TEST_STEP][PASSED] - out.println(IC): null

2019-02-20 17:10:28 - [TEST_STEP][PASSED] - out.println(readedVal): null

2019-02-20 17:10:28 - [TEST_STEP][PASSED] - IC = "": null

2019-02-20 17:10:28 - [TEST_STEP][PASSED] - IC = readedVal: null

2019-02-20 17:10:28 - [MESSAGE][PASSED] - Call Test Case 'Test Cases/All TC/Arranged/1. Common/1.1 Getter/Getter IC' successfully

2019-02-20 17:10:28 - [TEST_STEP][PASSED] - setText(findTestObject("ZhiHao/OTC_Semakan/OTC_Semakan(by IC)/Page_PERKESO/input_(Baru)_nric"), IC): Text '861023436638' is set on object 'Object Repository/ZhiHao/OTC_Semakan/OTC_Semakan(by IC)/Page_PERKESO/input_(Baru)_nric'

2019-02-20 17:10:32 - [MESSAGE][PASSED] - Text '861023436638' is set on object 'Object Repository/ZhiHao/OTC_Semakan/OTC_Semakan(by IC)/Page_PERKESO/input_(Baru)_nric'

2019-02-20 17:10:32 - [TEST_STEP][PASSED] - click(findTestObject("ZhiHao/OTC_Semakan/OTC_Semakan(by IC)/Page_PERKESO/button_Semak")): Object: 'Object Repository/ZhiHao/OTC_Semakan/OTC_Semakan(by IC)/Page_PERKESO/button_Semak' is clicked on

2019-02-20 17:10:34 - [MESSAGE][PASSED] - Object: 'Object Repository/ZhiHao/OTC_Semakan/OTC_Semakan(by IC)/Page_PERKESO/button_Semak' is clicked on

2019-02-20 17:10:34 - [TEST_STEP][PASSED] - UserName = getText(findTestObject("ZhiHao/OTC_Semakan/OTC_Semakan(by IC)/Page_PERKESO/td_JHEIO3")): Text of object 'Object Repository/ZhiHao/OTC_Semakan/OTC_Semakan(by IC)/Page_PERKESO/td_JHEIO3' is: 'Pejabat PERKESO Negeri Johor'

2019-02-20 17:10:36 - [MESSAGE][PASSED] - Text of object 'Object Repository/ZhiHao/OTC_Semakan/OTC_Semakan(by IC)/Page_PERKESO/td_JHEIO3' is: 'Pejabat PERKESO Negeri Johor'

2019-02-20 17:10:36 - [TEST_STEP][PASSED] - callTestCase(findTestCase("All TC/Arranged/1. Common/1.2 Setter/Setter UserName"), [:], STOP_ON_FAILURE): Call Test Case 'Test Cases/All TC/Arranged/1. Common/1.2 Setter/Setter UserName' successfully

2019-02-20 17:10:36 - [TEST_CASE][PASSED] - Test Cases/All TC/Arranged/1. Common/1.2 Setter/Setter UserName: Test Cases/All TC/Arranged/1. Common/1.2 Setter/Setter UserName

2019-02-20 17:10:37 - [TEST_STEP][PASSED] - RefNoOldFile = new java.io.File((internal.GlobalVariable.TextFilePathCommon + \getUser.txt)): null

2019-02-20 17:10:37 - [TEST_STEP][PASSED] - RefNoOldFile.delete(): null

2019-02-20 17:10:37 - [TEST_STEP][PASSED] - delay(5): Delayed 5 second(s)

2019-02-20 17:10:42 - [MESSAGE][PASSED] - Delayed 5 second(s)

2019-02-20 17:10:42 - [TEST_STEP][PASSED] - RefNo = new java.io.File((internal.GlobalVariable.TextFilePathCommon + \getUser.txt)): null

2019-02-20 17:10:42 - [TEST_STEP][PASSED] - f2 = new java.io.FileWriter(RefNo, false): null

2019-02-20 17:10:42 - [TEST_STEP][PASSED] - f2.write(UserName): null

2019-02-20 17:10:42 - [TEST_STEP][PASSED] - f2.close(): null

2019-02-20 17:10:42 - [TEST_STEP][PASSED] - out.println("


" + UserName + "


"): null

2019-02-20 17:10:42 - [MESSAGE][PASSED] - Call Test Case 'Test Cases/All TC/Arranged/1. Common/1.2 Setter/Setter UserName' successfully

2019-02-20 17:10:42 - [MESSAGE][PASSED] - Call Test Case 'Test Cases/All TC/Arranged/2. Segment/2.8 OTC_Semakan/OTC_Semakan(By IC)' successfully

2019-02-20 17:10:42 - [TEST_STEP][FAILED] - callTestCase(findTestCase("All TC/Arranged/2. Segment/2.3 JSA Application/EIO Internal Login - JSA Application - Approve"), [:], STOP_ON_FAILURE): callTestCase(findTestCase("All TC/Arranged/2. Segment/2.3 JSA Application/EIO Internal Login - JSA Application - Approve"), [:], STOP_ON_FAILURE) FAILED.
Reason:
com.kms.katalon.core.exception.StepFailedException: Unable to click on object 'Object Repository/KinJun/3.0 JSA Application/EIO Internal Login - JSA Application - Approve/Page_PERKESO/Click Workbasket' (Root cause: com.kms.katalon.core.webui.exception.WebElementNotFoundException: Web element with id: 'Object Repository/KinJun/3.0 JSA Application/EIO Internal Login - JSA Application - Approve/Page_PERKESO/Click Workbasket' located by 'By.xpath: //a[@href = '/eisportal/user/internal/taskinbox' and (text() = 'PETI MASUK TUGAS' or . = 'PETI MASUK TUGAS')]' not found)
	at com.kms.katalon.core.keyword.internal.KeywordMain.stepFailed(KeywordMain.groovy:36)
	at com.kms.katalon.core.webui.keyword.internal.WebUIKeywordMain.stepFailed(WebUIKeywordMain.groovy:65)
	at com.kms.katalon.core.webui.keyword.internal.WebUIKeywordMain.runKeyword(WebUIKeywordMain.groovy:27)
	at com.kms.katalon.core.webui.keyword.builtin.ClickKeyword.click(ClickKeyword.groovy:86)
	at com.kms.katalon.core.webui.keyword.builtin.ClickKeyword.execute(ClickKeyword.groovy:67)
	at com.kms.katalon.core.keyword.internal.KeywordExecutor.executeKeywordForPlatform(KeywordExecutor.groovy:53)
	at com.kms.katalon.core.webui.keyword.WebUiBuiltInKeywords.click(WebUiBuiltInKeywords.groovy:616)
	at com.kms.katalon.core.webui.keyword.WebUiBuiltInKeywords$click$3.call(Unknown Source)
	at EIO Internal Login - JSA Application - Approve.run(EIO Internal Login - JSA Application - Approve:32)
	at com.kms.katalon.core.main.ScriptEngine.run(ScriptEngine.java:194)
	at com.kms.katalon.core.main.ScriptEngine.runScriptAsRawText(ScriptEngine.java:119)
	at com.kms.katalon.core.main.TestCaseExecutor.runScript(TestCaseExecutor.java:328)
	at com.kms.katalon.core.main.TestCaseExecutor.doExecute(TestCaseExecutor.java:319)
	at com.kms.katalon.core.main.TestCaseExecutor.processExecutionPhase(TestCaseExecutor.java:298)
	at com.kms.katalon.core.main.TestCaseExecutor.accessMainPhase(TestCaseExecutor.java:290)
	at com.kms.katalon.core.main.TestCaseExecutor.execute(TestCaseExecutor.java:224)
	at com.kms.katalon.core.main.TestCaseMain.runTestCase(TestCaseMain.java:106)
	at com.kms.katalon.core.keyword.builtin.CallTestCaseKeyword$_callTestCase_closure1.doCall(CallTestCaseKeyword.groovy:59)
	at com.kms.katalon.core.keyword.builtin.CallTestCaseKeyword$_callTestCase_closure1.call(CallTestCaseKeyword.groovy)
	at com.kms.katalon.core.keyword.internal.KeywordMain.runKeyword(KeywordMain.groovy:54)
	at com.kms.katalon.core.keyword.builtin.CallTestCaseKeyword.callTestCase(CallTestCaseKeyword.groovy:80)
	at com.kms.katalon.core.keyword.builtin.CallTestCaseKeyword.execute(CallTestCaseKeyword.groovy:44)
	at com.kms.katalon.core.keyword.internal.KeywordExecutor.executeKeywordForPlatform(KeywordExecutor.groovy:53)
	at com.kms.katalon.core.keyword.BuiltinKeywords.callTestCase(BuiltinKeywords.groovy:334)
	at Submit Form 7 (General) - Case Reassignment Same Branch SEIO.run(Submit Form 7 (General) - Case Reassignment Same Branch SEIO:21)
	at com.kms.katalon.core.main.ScriptEngine.run(ScriptEngine.java:194)
	at com.kms.katalon.core.main.ScriptEngine.runScriptAsRawText(ScriptEngine.java:119)
	at com.kms.katalon.core.main.TestCaseExecutor.runScript(TestCaseExecutor.java:328)
	at com.kms.katalon.core.main.TestCaseExecutor.doExecute(TestCaseExecutor.java:319)
	at com.kms.katalon.core.main.TestCaseExecutor.processExecutionPhase(TestCaseExecutor.java:298)
	at com.kms.katalon.core.main.TestCaseExecutor.accessMainPhase(TestCaseExecutor.java:290)
	at com.kms.katalon.core.main.TestCaseExecutor.execute(TestCaseExecutor.java:224)
	at com.kms.katalon.core.main.TestSuiteExecutor.accessTestCaseMainPhase(TestSuiteExecutor.java:129)
	at com.kms.katalon.core.main.TestSuiteExecutor.accessTestSuiteMainPhase(TestSuiteExecutor.java:112)
	at com.kms.katalon.core.main.TestSuiteExecutor.execute(TestSuiteExecutor.java:81)
	at com.kms.katalon.core.main.TestCaseMain.startTestSuite(TestCaseMain.java:149)
	at com.kms.katalon.core.main.TestCaseMain$startTestSuite$0.call(Unknown Source)
	at TempTestSuite1550652525208.run(TempTestSuite1550652525208.groovy:36)


2019-02-20 17:10:42 - [TEST_CASE][FAILED] - Test Cases/All TC/Arranged/2. Segment/2.3 JSA Application/EIO Internal Login - JSA Application - Approve: Test Cases/All TC/Arranged/2. Segment/2.3 JSA Application/EIO Internal Login - JSA Application - Approve FAILED.
Reason:
com.kms.katalon.core.exception.StepFailedException: Unable to click on object 'Object Repository/KinJun/3.0 JSA Application/EIO Internal Login - JSA Application - Approve/Page_PERKESO/Click Workbasket' (Root cause: com.kms.katalon.core.webui.exception.WebElementNotFoundException: Web element with id: 'Object Repository/KinJun/3.0 JSA Application/EIO Internal Login - JSA Application - Approve/Page_PERKESO/Click Workbasket' located by 'By.xpath: //a[@href = '/eisportal/user/internal/taskinbox' and (text() = 'PETI MASUK TUGAS' or . = 'PETI MASUK TUGAS')]' not found)
	at com.kms.katalon.core.keyword.internal.KeywordMain.stepFailed(KeywordMain.groovy:36)
	at com.kms.katalon.core.webui.keyword.internal.WebUIKeywordMain.stepFailed(WebUIKeywordMain.groovy:65)
	at com.kms.katalon.core.webui.keyword.internal.WebUIKeywordMain.runKeyword(WebUIKeywordMain.groovy:27)
	at com.kms.katalon.core.webui.keyword.builtin.ClickKeyword.click(ClickKeyword.groovy:86)
	at com.kms.katalon.core.webui.keyword.builtin.ClickKeyword.execute(ClickKeyword.groovy:67)
	at com.kms.katalon.core.keyword.internal.KeywordExecutor.executeKeywordForPlatform(KeywordExecutor.groovy:53)
	at com.kms.katalon.core.webui.keyword.WebUiBuiltInKeywords.click(WebUiBuiltInKeywords.groovy:616)
	at com.kms.katalon.core.webui.keyword.WebUiBuiltInKeywords$click$3.call(Unknown Source)
	at EIO Internal Login - JSA Application - Approve.run(EIO Internal Login - JSA Application - Approve:32)
	at com.kms.katalon.core.main.ScriptEngine.run(ScriptEngine.java:194)
	at com.kms.katalon.core.main.ScriptEngine.runScriptAsRawText(ScriptEngine.java:119)
	at com.kms.katalon.core.main.TestCaseExecutor.runScript(TestCaseExecutor.java:328)
	at com.kms.katalon.core.main.TestCaseExecutor.doExecute(TestCaseExecutor.java:319)
	at com.kms.katalon.core.main.TestCaseExecutor.processExecutionPhase(TestCaseExecutor.java:298)
	at com.kms.katalon.core.main.TestCaseExecutor.accessMainPhase(TestCaseExecutor.java:290)
	at com.kms.katalon.core.main.TestCaseExecutor.execute(TestCaseExecutor.java:224)
	at com.kms.katalon.core.main.TestCaseMain.runTestCase(TestCaseMain.java:106)
	at com.kms.katalon.core.keyword.builtin.CallTestCaseKeyword$_callTestCase_closure1.doCall(CallTestCaseKeyword.groovy:59)
	at com.kms.katalon.core.keyword.builtin.CallTestCaseKeyword$_callTestCase_closure1.call(CallTestCaseKeyword.groovy)
	at com.kms.katalon.core.keyword.internal.KeywordMain.runKeyword(KeywordMain.groovy:54)
	at com.kms.katalon.core.keyword.builtin.CallTestCaseKeyword.callTestCase(CallTestCaseKeyword.groovy:80)
	at com.kms.katalon.core.keyword.builtin.CallTestCaseKeyword.execute(CallTestCaseKeyword.groovy:44)
	at com.kms.katalon.core.keyword.internal.KeywordExecutor.executeKeywordForPlatform(KeywordExecutor.groovy:53)
	at com.kms.katalon.core.keyword.BuiltinKeywords.callTestCase(BuiltinKeywords.groovy:334)
	at Submit Form 7 (General) - Case Reassignment Same Branch SEIO.run(Submit Form 7 (General) - Case Reassignment Same Branch SEIO:21)
	at com.kms.katalon.core.main.ScriptEngine.run(ScriptEngine.java:194)
	at com.kms.katalon.core.main.ScriptEngine.runScriptAsRawText(ScriptEngine.java:119)
	at com.kms.katalon.core.main.TestCaseExecutor.runScript(TestCaseExecutor.java:328)
	at com.kms.katalon.core.main.TestCaseExecutor.doExecute(TestCaseExecutor.java:319)
	at com.kms.katalon.core.main.TestCaseExecutor.processExecutionPhase(TestCaseExecutor.java:298)
	at com.kms.katalon.core.main.TestCaseExecutor.accessMainPhase(TestCaseExecutor.java:290)
	at com.kms.katalon.core.main.TestCaseExecutor.execute(TestCaseExecutor.java:224)
	at com.kms.katalon.core.main.TestSuiteExecutor.accessTestCaseMainPhase(TestSuiteExecutor.java:129)
	at com.kms.katalon.core.main.TestSuiteExecutor.accessTestSuiteMainPhase(TestSuiteExecutor.java:112)
	at com.kms.katalon.core.main.TestSuiteExecutor.execute(TestSuiteExecutor.java:81)
	at com.kms.katalon.core.main.TestCaseMain.startTestSuite(TestCaseMain.java:149)
	at com.kms.katalon.core.main.TestCaseMain$startTestSuite$0.call(Unknown Source)
	at TempTestSuite1550652525208.run(TempTestSuite1550652525208.groovy:36)


2019-02-20 17:10:42 - [TEST_STEP][PASSED] - openBrowser(""): Browser is opened with url: ''

2019-02-20 17:10:42 - [MESSAGE][WARNING] - A browser is already opened. Closing browser and opening a new one

2019-02-20 17:10:44 - [MESSAGE][INFO] - Starting 'Chrome' driver

2019-02-20 17:10:44 - [MESSAGE][INFO] - User set preference: ['args', '[--start-maximized]']

2019-02-20 17:10:48 - [MESSAGE][PASSED] - Browser is opened with url: ''

2019-02-20 17:10:48 - [TEST_STEP][PASSED] - navigateToUrl(Internal_Login): Navigate to 'http://10.20.24.188/eisportal/user/login' successfully

2019-02-20 17:10:49 - [MESSAGE][PASSED] - Navigate to 'http://10.20.24.188/eisportal/user/login' successfully

2019-02-20 17:10:49 - [TEST_STEP][PASSED] - callTestCase(findTestCase("All TC/Arranged/1. Common/Internal Email Finder"), [:], STOP_ON_FAILURE): Call Test Case 'Test Cases/All TC/Arranged/1. Common/Internal Email Finder' successfully

2019-02-20 17:10:50 - [TEST_CASE][PASSED] - Test Cases/All TC/Arranged/1. Common/Internal Email Finder: Test Cases/All TC/Arranged/1. Common/Internal Email Finder

2019-02-20 17:10:50 - [TEST_STEP][PASSED] - callTestCase(findTestCase("All TC/Arranged/1. Common/1.1 Getter/Getter UserName"), [:], CONTINUE_ON_FAILURE): Call Test Case 'Test Cases/All TC/Arranged/1. Common/1.1 Getter/Getter UserName' successfully

2019-02-20 17:10:50 - [TEST_CASE][PASSED] - Test Cases/All TC/Arranged/1. Common/1.1 Getter/Getter UserName: Test Cases/All TC/Arranged/1. Common/1.1 Getter/Getter UserName

2019-02-20 17:10:50 - [TEST_STEP][PASSED] - try: null

2019-02-20 17:10:50 - [TEST_STEP][PASSED] - RefNo = new java.io.File((internal.GlobalVariable.TextFilePathCommon + \getUser.txt)): null

2019-02-20 17:10:50 - [TEST_STEP][PASSED] - bufferread = new java.io.BufferedReader(new java.io.FileReader(RefNo)): null

2019-02-20 17:10:50 - [TEST_STEP][PASSED] - readedVal = bufferread.readLine(): null

2019-02-20 17:10:50 - [TEST_STEP][PASSED] - out.println(UserName): null

2019-02-20 17:10:50 - [TEST_STEP][PASSED] - out.println(readedVal): null

2019-02-20 17:10:50 - [TEST_STEP][PASSED] - UserName = "": null

2019-02-20 17:10:50 - [TEST_STEP][PASSED] - UserName = readedVal: null

2019-02-20 17:10:50 - [MESSAGE][PASSED] - Call Test Case 'Test Cases/All TC/Arranged/1. Common/1.1 Getter/Getter UserName' successfully

2019-02-20 17:10:50 - [TEST_STEP][PASSED] - StrA = UserName: null

2019-02-20 17:10:50 - [TEST_STEP][PASSED] - StrB = <not implemented yet for class: org.codehaus.groovy.ast.expr.EmptyExpression>: null

2019-02-20 17:10:50 - [TEST_STEP][PASSED] - Counter = 1: null

2019-02-20 17:10:50 - [TEST_STEP][PASSED] - while (!(StrB.equals(StrA)) && !(Counter > findTestData("Internal User List").getRowNumbers())): null

2019-02-20 17:10:50 - [TEST_STEP][PASSED] - StrB = findTestData("Internal User List").getValue(2, Counter): null

2019-02-20 17:10:50 - [TEST_STEP][PASSED] - if (StrB.equals(StrA)): null

2019-02-20 17:10:50 - [TEST_STEP][PASSED] - (Counter++): null

2019-02-20 17:10:51 - [TEST_STEP][PASSED] - StrB = findTestData("Internal User List").getValue(2, Counter): null

2019-02-20 17:10:51 - [TEST_STEP][PASSED] - if (StrB.equals(StrA)): null

2019-02-20 17:10:51 - [TEST_STEP][PASSED] - (Counter++): null

2019-02-20 17:10:51 - [TEST_STEP][PASSED] - StrB = findTestData("Internal User List").getValue(2, Counter): null

2019-02-20 17:10:51 - [TEST_STEP][PASSED] - if (StrB.equals(StrA)): null

2019-02-20 17:10:51 - [TEST_STEP][PASSED] - (Counter++): null

2019-02-20 17:10:51 - [TEST_STEP][PASSED] - StrB = findTestData("Internal User List").getValue(2, Counter): null

2019-02-20 17:10:51 - [TEST_STEP][PASSED] - if (StrB.equals(StrA)): null

2019-02-20 17:10:51 - [TEST_STEP][PASSED] - (Counter++): null

2019-02-20 17:10:51 - [TEST_STEP][PASSED] - StrB = findTestData("Internal User List").getValue(2, Counter): null

2019-02-20 17:10:51 - [TEST_STEP][PASSED] - if (StrB.equals(StrA)): null

2019-02-20 17:10:51 - [TEST_STEP][PASSED] - (Counter++): null

2019-02-20 17:10:51 - [TEST_STEP][PASSED] - StrB = findTestData("Internal User List").getValue(2, Counter): null

2019-02-20 17:10:51 - [TEST_STEP][PASSED] - if (StrB.equals(StrA)): null

2019-02-20 17:10:51 - [TEST_STEP][PASSED] - (Counter++): null

2019-02-20 17:10:51 - [TEST_STEP][PASSED] - StrB = findTestData("Internal User List").getValue(2, Counter): null

2019-02-20 17:10:51 - [TEST_STEP][PASSED] - if (StrB.equals(StrA)): null

2019-02-20 17:10:51 - [TEST_STEP][PASSED] - (Counter++): null

2019-02-20 17:10:51 - [TEST_STEP][PASSED] - StrB = findTestData("Internal User List").getValue(2, Counter): null

2019-02-20 17:10:51 - [TEST_STEP][PASSED] - if (StrB.equals(StrA)): null

2019-02-20 17:10:51 - [TEST_STEP][PASSED] - (Counter++): null

2019-02-20 17:10:51 - [TEST_STEP][PASSED] - StrB = findTestData("Internal User List").getValue(2, Counter): null

2019-02-20 17:10:51 - [TEST_STEP][PASSED] - if (StrB.equals(StrA)): null

2019-02-20 17:10:51 - [TEST_STEP][PASSED] - (Counter++): null

2019-02-20 17:10:51 - [TEST_STEP][PASSED] - StrB = findTestData("Internal User List").getValue(2, Counter): null

2019-02-20 17:10:51 - [TEST_STEP][PASSED] - if (StrB.equals(StrA)): null

2019-02-20 17:10:51 - [TEST_STEP][PASSED] - (Counter++): null

2019-02-20 17:10:51 - [TEST_STEP][PASSED] - StrB = findTestData("Internal User List").getValue(2, Counter): null

2019-02-20 17:10:52 - [TEST_STEP][PASSED] - if (StrB.equals(StrA)): null

2019-02-20 17:10:52 - [TEST_STEP][PASSED] - (Counter++): null

2019-02-20 17:10:52 - [TEST_STEP][PASSED] - StrB = findTestData("Internal User List").getValue(2, Counter): null

2019-02-20 17:10:52 - [TEST_STEP][PASSED] - if (StrB.equals(StrA)): null

2019-02-20 17:10:52 - [TEST_STEP][PASSED] - (Counter++): null

2019-02-20 17:10:52 - [TEST_STEP][PASSED] - StrB = findTestData("Internal User List").getValue(2, Counter): null

2019-02-20 17:10:52 - [TEST_STEP][PASSED] - if (StrB.equals(StrA)): null

2019-02-20 17:10:52 - [TEST_STEP][PASSED] - (Counter++): null

2019-02-20 17:10:52 - [TEST_STEP][PASSED] - StrB = findTestData("Internal User List").getValue(2, Counter): null

2019-02-20 17:10:52 - [TEST_STEP][PASSED] - if (StrB.equals(StrA)): null

2019-02-20 17:10:52 - [TEST_STEP][PASSED] - (Counter++): null

2019-02-20 17:10:52 - [TEST_STEP][PASSED] - StrB = findTestData("Internal User List").getValue(2, Counter): null

2019-02-20 17:10:52 - [TEST_STEP][PASSED] - if (StrB.equals(StrA)): null

2019-02-20 17:10:52 - [TEST_STEP][PASSED] - (Counter++): null

2019-02-20 17:10:52 - [TEST_STEP][PASSED] - StrB = findTestData("Internal User List").getValue(2, Counter): null

2019-02-20 17:10:52 - [TEST_STEP][PASSED] - if (StrB.equals(StrA)): null

2019-02-20 17:10:52 - [TEST_STEP][PASSED] - (Counter++): null

2019-02-20 17:10:52 - [TEST_STEP][PASSED] - StrB = findTestData("Internal User List").getValue(2, Counter): null

2019-02-20 17:10:52 - [TEST_STEP][PASSED] - if (StrB.equals(StrA)): null

2019-02-20 17:10:53 - [TEST_STEP][PASSED] - (Counter++): null

2019-02-20 17:10:53 - [TEST_STEP][PASSED] - StrB = findTestData("Internal User List").getValue(2, Counter): null

2019-02-20 17:10:53 - [TEST_STEP][PASSED] - if (StrB.equals(StrA)): null

2019-02-20 17:10:53 - [TEST_STEP][PASSED] - (Counter++): null

2019-02-20 17:10:53 - [TEST_STEP][PASSED] - StrB = findTestData("Internal User List").getValue(2, Counter): null

2019-02-20 17:10:53 - [TEST_STEP][PASSED] - if (StrB.equals(StrA)): null

2019-02-20 17:10:53 - [TEST_STEP][PASSED] - (Counter++): null

2019-02-20 17:10:53 - [TEST_STEP][PASSED] - StrB = findTestData("Internal User List").getValue(2, Counter): null

2019-02-20 17:10:53 - [TEST_STEP][PASSED] - if (StrB.equals(StrA)): null

2019-02-20 17:10:53 - [TEST_STEP][PASSED] - (Counter++): null

2019-02-20 17:10:53 - [TEST_STEP][PASSED] - StrB = findTestData("Internal User List").getValue(2, Counter): null

2019-02-20 17:10:53 - [TEST_STEP][PASSED] - if (StrB.equals(StrA)): null

2019-02-20 17:10:53 - [TEST_STEP][PASSED] - (Counter++): null

2019-02-20 17:10:53 - [TEST_STEP][PASSED] - StrB = findTestData("Internal User List").getValue(2, Counter): null

2019-02-20 17:10:53 - [TEST_STEP][PASSED] - if (StrB.equals(StrA)): null

2019-02-20 17:10:53 - [TEST_STEP][PASSED] - (Counter++): null

2019-02-20 17:10:53 - [TEST_STEP][PASSED] - StrB = findTestData("Internal User List").getValue(2, Counter): null

2019-02-20 17:10:53 - [TEST_STEP][PASSED] - if (StrB.equals(StrA)): null

2019-02-20 17:10:53 - [TEST_STEP][PASSED] - (Counter++): null

2019-02-20 17:10:53 - [TEST_STEP][PASSED] - StrB = findTestData("Internal User List").getValue(2, Counter): null

2019-02-20 17:10:54 - [TEST_STEP][PASSED] - if (StrB.equals(StrA)): null

2019-02-20 17:10:54 - [TEST_STEP][PASSED] - (Counter++): null

2019-02-20 17:10:54 - [TEST_STEP][PASSED] - StrB = findTestData("Internal User List").getValue(2, Counter): null

2019-02-20 17:10:54 - [TEST_STEP][PASSED] - if (StrB.equals(StrA)): null

2019-02-20 17:10:54 - [TEST_STEP][PASSED] - (Counter++): null

2019-02-20 17:10:54 - [TEST_STEP][PASSED] - StrB = findTestData("Internal User List").getValue(2, Counter): null

2019-02-20 17:10:54 - [TEST_STEP][PASSED] - if (StrB.equals(StrA)): null

2019-02-20 17:10:54 - [TEST_STEP][PASSED] - (Counter++): null

2019-02-20 17:10:54 - [TEST_STEP][PASSED] - StrB = findTestData("Internal User List").getValue(2, Counter): null

2019-02-20 17:10:54 - [TEST_STEP][PASSED] - if (StrB.equals(StrA)): null

2019-02-20 17:10:54 - [TEST_STEP][PASSED] - (Counter++): null

2019-02-20 17:10:55 - [TEST_STEP][PASSED] - StrB = findTestData("Internal User List").getValue(2, Counter): null

2019-02-20 17:10:55 - [TEST_STEP][PASSED] - if (StrB.equals(StrA)): null

2019-02-20 17:10:55 - [TEST_STEP][PASSED] - (Counter++): null

2019-02-20 17:10:55 - [TEST_STEP][PASSED] - StrB = findTestData("Internal User List").getValue(2, Counter): null

2019-02-20 17:10:55 - [TEST_STEP][PASSED] - if (StrB.equals(StrA)): null

2019-02-20 17:10:55 - [TEST_STEP][PASSED] - (Counter++): null

2019-02-20 17:10:55 - [TEST_STEP][PASSED] - StrB = findTestData("Internal User List").getValue(2, Counter): null

2019-02-20 17:10:55 - [TEST_STEP][PASSED] - if (StrB.equals(StrA)): null

2019-02-20 17:10:55 - [TEST_STEP][PASSED] - (Counter++): null

2019-02-20 17:10:55 - [TEST_STEP][PASSED] - StrB = findTestData("Internal User List").getValue(2, Counter): null

2019-02-20 17:10:55 - [TEST_STEP][PASSED] - if (StrB.equals(StrA)): null

2019-02-20 17:10:55 - [TEST_STEP][PASSED] - (Counter++): null

2019-02-20 17:10:55 - [TEST_STEP][PASSED] - StrB = findTestData("Internal User List").getValue(2, Counter): null

2019-02-20 17:10:56 - [TEST_STEP][PASSED] - if (StrB.equals(StrA)): null

2019-02-20 17:10:56 - [TEST_STEP][PASSED] - (Counter++): null

2019-02-20 17:10:56 - [TEST_STEP][PASSED] - StrB = findTestData("Internal User List").getValue(2, Counter): null

2019-02-20 17:10:56 - [TEST_STEP][PASSED] - if (StrB.equals(StrA)): null

2019-02-20 17:10:56 - [TEST_STEP][PASSED] - (Counter++): null

2019-02-20 17:10:56 - [TEST_STEP][PASSED] - StrB = findTestData("Internal User List").getValue(2, Counter): null

2019-02-20 17:10:56 - [TEST_STEP][PASSED] - if (StrB.equals(StrA)): null

2019-02-20 17:10:56 - [TEST_STEP][PASSED] - (Counter++): null

2019-02-20 17:10:56 - [TEST_STEP][PASSED] - StrB = findTestData("Internal User List").getValue(2, Counter): null

2019-02-20 17:10:56 - [TEST_STEP][PASSED] - if (StrB.equals(StrA)): null

2019-02-20 17:10:56 - [TEST_STEP][PASSED] - (Counter++): null

2019-02-20 17:10:56 - [TEST_STEP][PASSED] - StrB = findTestData("Internal User List").getValue(2, Counter): null

2019-02-20 17:10:56 - [TEST_STEP][PASSED] - if (StrB.equals(StrA)): null

2019-02-20 17:10:56 - [TEST_STEP][PASSED] - (Counter++): null

2019-02-20 17:10:56 - [TEST_STEP][PASSED] - StrB = findTestData("Internal User List").getValue(2, Counter): null

2019-02-20 17:10:56 - [TEST_STEP][PASSED] - if (StrB.equals(StrA)): null

2019-02-20 17:10:56 - [TEST_STEP][PASSED] - (Counter++): null

2019-02-20 17:10:57 - [TEST_STEP][PASSED] - StrB = findTestData("Internal User List").getValue(2, Counter): null

2019-02-20 17:10:57 - [TEST_STEP][PASSED] - if (StrB.equals(StrA)): null

2019-02-20 17:10:57 - [TEST_STEP][PASSED] - (Counter++): null

2019-02-20 17:10:57 - [TEST_STEP][PASSED] - StrB = findTestData("Internal User List").getValue(2, Counter): null

2019-02-20 17:10:57 - [TEST_STEP][PASSED] - if (StrB.equals(StrA)): null

2019-02-20 17:10:57 - [TEST_STEP][PASSED] - (Counter++): null

2019-02-20 17:10:57 - [TEST_STEP][PASSED] - StrB = findTestData("Internal User List").getValue(2, Counter): null

2019-02-20 17:10:57 - [TEST_STEP][PASSED] - if (StrB.equals(StrA)): null

2019-02-20 17:10:57 - [TEST_STEP][PASSED] - (Counter++): null

2019-02-20 17:10:57 - [TEST_STEP][PASSED] - StrB = findTestData("Internal User List").getValue(2, Counter): null

2019-02-20 17:10:57 - [TEST_STEP][PASSED] - if (StrB.equals(StrA)): null

2019-02-20 17:10:58 - [TEST_STEP][PASSED] - (Counter++): null

2019-02-20 17:10:58 - [TEST_STEP][PASSED] - StrB = findTestData("Internal User List").getValue(2, Counter): null

2019-02-20 17:10:58 - [TEST_STEP][PASSED] - if (StrB.equals(StrA)): null

2019-02-20 17:10:58 - [TEST_STEP][PASSED] - (Counter++): null

2019-02-20 17:10:58 - [TEST_STEP][PASSED] - StrB = findTestData("Internal User List").getValue(2, Counter): null

2019-02-20 17:10:58 - [TEST_STEP][PASSED] - if (StrB.equals(StrA)): null

2019-02-20 17:10:58 - [TEST_STEP][PASSED] - (Counter++): null

2019-02-20 17:10:58 - [TEST_STEP][PASSED] - StrB = findTestData("Internal User List").getValue(2, Counter): null

2019-02-20 17:10:58 - [TEST_STEP][PASSED] - if (StrB.equals(StrA)): null

2019-02-20 17:10:58 - [TEST_STEP][PASSED] - (Counter++): null

2019-02-20 17:10:59 - [TEST_STEP][PASSED] - StrB = findTestData("Internal User List").getValue(2, Counter): null

2019-02-20 17:10:59 - [TEST_STEP][PASSED] - if (StrB.equals(StrA)): null

2019-02-20 17:10:59 - [TEST_STEP][PASSED] - (Counter++): null

2019-02-20 17:10:59 - [TEST_STEP][PASSED] - StrB = findTestData("Internal User List").getValue(2, Counter): null

2019-02-20 17:10:59 - [TEST_STEP][PASSED] - if (StrB.equals(StrA)): null

2019-02-20 17:10:59 - [TEST_STEP][PASSED] - (Counter++): null

2019-02-20 17:10:59 - [TEST_STEP][PASSED] - StrB = findTestData("Internal User List").getValue(2, Counter): null

2019-02-20 17:10:59 - [TEST_STEP][PASSED] - if (StrB.equals(StrA)): null

2019-02-20 17:10:59 - [TEST_STEP][PASSED] - (Counter++): null

2019-02-20 17:10:59 - [TEST_STEP][PASSED] - StrB = findTestData("Internal User List").getValue(2, Counter): null

2019-02-20 17:11:00 - [TEST_STEP][PASSED] - if (StrB.equals(StrA)): null

2019-02-20 17:11:00 - [TEST_STEP][PASSED] - (Counter++): null

2019-02-20 17:11:00 - [TEST_STEP][PASSED] - StrB = findTestData("Internal User List").getValue(2, Counter): null

2019-02-20 17:11:00 - [TEST_STEP][PASSED] - if (StrB.equals(StrA)): null

2019-02-20 17:11:00 - [TEST_STEP][PASSED] - (Counter++): null

2019-02-20 17:11:00 - [TEST_STEP][PASSED] - StrB = findTestData("Internal User List").getValue(2, Counter): null

2019-02-20 17:11:00 - [TEST_STEP][PASSED] - if (StrB.equals(StrA)): null

2019-02-20 17:11:00 - [TEST_STEP][PASSED] - (Counter++): null

2019-02-20 17:11:00 - [TEST_STEP][PASSED] - StrB = findTestData("Internal User List").getValue(2, Counter): null

2019-02-20 17:11:00 - [TEST_STEP][PASSED] - if (StrB.equals(StrA)): null

2019-02-20 17:11:01 - [TEST_STEP][PASSED] - (Counter++): null

2019-02-20 17:11:01 - [TEST_STEP][PASSED] - StrB = findTestData("Internal User List").getValue(2, Counter): null

2019-02-20 17:11:01 - [TEST_STEP][PASSED] - if (StrB.equals(StrA)): null

2019-02-20 17:11:01 - [TEST_STEP][PASSED] - (Counter++): null

2019-02-20 17:11:01 - [TEST_STEP][PASSED] - StrB = findTestData("Internal User List").getValue(2, Counter): null

2019-02-20 17:11:01 - [TEST_STEP][PASSED] - if (StrB.equals(StrA)): null

2019-02-20 17:11:01 - [TEST_STEP][PASSED] - (Counter++): null

2019-02-20 17:11:01 - [TEST_STEP][PASSED] - StrB = findTestData("Internal User List").getValue(2, Counter): null

2019-02-20 17:11:01 - [TEST_STEP][PASSED] - if (StrB.equals(StrA)): null

2019-02-20 17:11:01 - [TEST_STEP][PASSED] - (Counter++): null

2019-02-20 17:11:02 - [TEST_STEP][PASSED] - StrB = findTestData("Internal User List").getValue(2, Counter): null

2019-02-20 17:11:02 - [TEST_STEP][PASSED] - if (StrB.equals(StrA)): null

2019-02-20 17:11:02 - [TEST_STEP][PASSED] - (Counter++): null

2019-02-20 17:11:02 - [TEST_STEP][PASSED] - StrB = findTestData("Internal User List").getValue(2, Counter): null

2019-02-20 17:11:02 - [TEST_STEP][PASSED] - if (StrB.equals(StrA)): null

2019-02-20 17:11:02 - [TEST_STEP][PASSED] - (Counter++): null

2019-02-20 17:11:02 - [TEST_STEP][PASSED] - StrB = findTestData("Internal User List").getValue(2, Counter): null

2019-02-20 17:11:02 - [TEST_STEP][PASSED] - if (StrB.equals(StrA)): null

2019-02-20 17:11:02 - [TEST_STEP][PASSED] - (Counter++): null

2019-02-20 17:11:02 - [TEST_STEP][PASSED] - StrB = findTestData("Internal User List").getValue(2, Counter): null

2019-02-20 17:11:02 - [TEST_STEP][PASSED] - if (StrB.equals(StrA)): null

2019-02-20 17:11:03 - [TEST_STEP][PASSED] - (Counter++): null

2019-02-20 17:11:03 - [TEST_STEP][PASSED] - StrB = findTestData("Internal User List").getValue(2, Counter): null

2019-02-20 17:11:03 - [TEST_STEP][PASSED] - if (StrB.equals(StrA)): null

2019-02-20 17:11:03 - [TEST_STEP][PASSED] - (Counter++): null

2019-02-20 17:11:03 - [TEST_STEP][PASSED] - StrB = findTestData("Internal User List").getValue(2, Counter): null

2019-02-20 17:11:03 - [TEST_STEP][PASSED] - if (StrB.equals(StrA)): null

2019-02-20 17:11:03 - [TEST_STEP][PASSED] - (Counter++): null

2019-02-20 17:11:03 - [TEST_STEP][PASSED] - StrB = findTestData("Internal User List").getValue(2, Counter): null

2019-02-20 17:11:03 - [TEST_STEP][PASSED] - if (StrB.equals(StrA)): null

2019-02-20 17:11:03 - [TEST_STEP][PASSED] - (Counter++): null

2019-02-20 17:11:04 - [TEST_STEP][PASSED] - StrB = findTestData("Internal User List").getValue(2, Counter): null

2019-02-20 17:11:04 - [TEST_STEP][PASSED] - if (StrB.equals(StrA)): null

2019-02-20 17:11:04 - [TEST_STEP][PASSED] - (Counter++): null

2019-02-20 17:11:04 - [TEST_STEP][PASSED] - StrB = findTestData("Internal User List").getValue(2, Counter): null

2019-02-20 17:11:04 - [TEST_STEP][PASSED] - if (StrB.equals(StrA)): null

2019-02-20 17:11:04 - [TEST_STEP][PASSED] - (Counter++): null

2019-02-20 17:11:04 - [TEST_STEP][PASSED] - StrB = findTestData("Internal User List").getValue(2, Counter): null

2019-02-20 17:11:04 - [TEST_STEP][PASSED] - if (StrB.equals(StrA)): null

2019-02-20 17:11:04 - [TEST_STEP][PASSED] - (Counter++): null

2019-02-20 17:11:04 - [TEST_STEP][PASSED] - StrB = findTestData("Internal User List").getValue(2, Counter): null

2019-02-20 17:11:05 - [TEST_STEP][PASSED] - if (StrB.equals(StrA)): null

2019-02-20 17:11:05 - [TEST_STEP][PASSED] - (Counter++): null

2019-02-20 17:11:05 - [TEST_STEP][PASSED] - StrB = findTestData("Internal User List").getValue(2, Counter): null

2019-02-20 17:11:05 - [TEST_STEP][PASSED] - if (StrB.equals(StrA)): null

2019-02-20 17:11:05 - [TEST_STEP][PASSED] - (Counter++): null

2019-02-20 17:11:05 - [TEST_STEP][PASSED] - StrB = findTestData("Internal User List").getValue(2, Counter): null

2019-02-20 17:11:05 - [TEST_STEP][PASSED] - if (StrB.equals(StrA)): null

2019-02-20 17:11:05 - [TEST_STEP][PASSED] - (Counter++): null

2019-02-20 17:11:05 - [TEST_STEP][PASSED] - StrB = findTestData("Internal User List").getValue(2, Counter): null

2019-02-20 17:11:05 - [TEST_STEP][PASSED] - if (StrB.equals(StrA)): null

2019-02-20 17:11:06 - [TEST_STEP][PASSED] - (Counter++): null

2019-02-20 17:11:06 - [TEST_STEP][PASSED] - StrB = findTestData("Internal User List").getValue(2, Counter): null

2019-02-20 17:11:06 - [TEST_STEP][PASSED] - if (StrB.equals(StrA)): null

2019-02-20 17:11:06 - [TEST_STEP][PASSED] - (Counter++): null

2019-02-20 17:11:06 - [TEST_STEP][PASSED] - StrB = findTestData("Internal User List").getValue(2, Counter): null

2019-02-20 17:11:06 - [TEST_STEP][PASSED] - if (StrB.equals(StrA)): null

2019-02-20 17:11:06 - [TEST_STEP][PASSED] - (Counter++): null

2019-02-20 17:11:06 - [TEST_STEP][PASSED] - StrB = findTestData("Internal User List").getValue(2, Counter): null

2019-02-20 17:11:06 - [TEST_STEP][PASSED] - if (StrB.equals(StrA)): null

2019-02-20 17:11:06 - [TEST_STEP][PASSED] - (Counter++): null

2019-02-20 17:11:06 - [TEST_STEP][PASSED] - StrB = findTestData("Internal User List").getValue(2, Counter): null

2019-02-20 17:11:06 - [TEST_STEP][PASSED] - if (StrB.equals(StrA)): null

2019-02-20 17:11:06 - [TEST_STEP][PASSED] - (Counter++): null

2019-02-20 17:11:07 - [TEST_STEP][PASSED] - StrB = findTestData("Internal User List").getValue(2, Counter): null

2019-02-20 17:11:07 - [TEST_STEP][PASSED] - if (StrB.equals(StrA)): null

2019-02-20 17:11:07 - [TEST_STEP][PASSED] - (Counter++): null

2019-02-20 17:11:07 - [TEST_STEP][PASSED] - StrB = findTestData("Internal User List").getValue(2, Counter): null

2019-02-20 17:11:07 - [TEST_STEP][PASSED] - if (StrB.equals(StrA)): null

2019-02-20 17:11:07 - [TEST_STEP][PASSED] - (Counter++): null

2019-02-20 17:11:07 - [TEST_STEP][PASSED] - StrB = findTestData("Internal User List").getValue(2, Counter): null

2019-02-20 17:11:07 - [TEST_STEP][PASSED] - if (StrB.equals(StrA)): null

2019-02-20 17:11:08 - [TEST_STEP][PASSED] - (Counter++): null

2019-02-20 17:11:08 - [TEST_STEP][PASSED] - StrB = findTestData("Internal User List").getValue(2, Counter): null

2019-02-20 17:11:08 - [TEST_STEP][PASSED] - if (StrB.equals(StrA)): null

2019-02-20 17:11:08 - [TEST_STEP][PASSED] - (Counter++): null

2019-02-20 17:11:08 - [TEST_STEP][PASSED] - StrB = findTestData("Internal User List").getValue(2, Counter): null

2019-02-20 17:11:08 - [TEST_STEP][PASSED] - if (StrB.equals(StrA)): null

2019-02-20 17:11:08 - [TEST_STEP][PASSED] - (Counter++): null

2019-02-20 17:11:08 - [TEST_STEP][PASSED] - StrB = findTestData("Internal User List").getValue(2, Counter): null

2019-02-20 17:11:08 - [TEST_STEP][PASSED] - if (StrB.equals(StrA)): null

2019-02-20 17:11:08 - [TEST_STEP][PASSED] - (Counter++): null

2019-02-20 17:11:09 - [TEST_STEP][PASSED] - StrB = findTestData("Internal User List").getValue(2, Counter): null

2019-02-20 17:11:09 - [TEST_STEP][PASSED] - if (StrB.equals(StrA)): null

2019-02-20 17:11:09 - [TEST_STEP][PASSED] - (Counter++): null

2019-02-20 17:11:09 - [TEST_STEP][PASSED] - StrB = findTestData("Internal User List").getValue(2, Counter): null

2019-02-20 17:11:09 - [TEST_STEP][PASSED] - if (StrB.equals(StrA)): null

2019-02-20 17:11:09 - [TEST_STEP][PASSED] - (Counter++): null

2019-02-20 17:11:09 - [TEST_STEP][PASSED] - StrB = findTestData("Internal User List").getValue(2, Counter): null

2019-02-20 17:11:09 - [TEST_STEP][PASSED] - if (StrB.equals(StrA)): null

2019-02-20 17:11:09 - [TEST_STEP][PASSED] - (Counter++): null

2019-02-20 17:11:09 - [TEST_STEP][PASSED] - StrB = findTestData("Internal User List").getValue(2, Counter): null

2019-02-20 17:11:10 - [TEST_STEP][PASSED] - if (StrB.equals(StrA)): null

2019-02-20 17:11:10 - [TEST_STEP][PASSED] - (Counter++): null

2019-02-20 17:11:10 - [TEST_STEP][PASSED] - StrB = findTestData("Internal User List").getValue(2, Counter): null

2019-02-20 17:11:10 - [TEST_STEP][PASSED] - if (StrB.equals(StrA)): null

2019-02-20 17:11:10 - [TEST_STEP][PASSED] - (Counter++): null

2019-02-20 17:11:10 - [TEST_STEP][PASSED] - StrB = findTestData("Internal User List").getValue(2, Counter): null

2019-02-20 17:11:10 - [TEST_STEP][PASSED] - if (StrB.equals(StrA)): null

2019-02-20 17:11:10 - [TEST_STEP][PASSED] - (Counter++): null

2019-02-20 17:11:10 - [TEST_STEP][PASSED] - StrB = findTestData("Internal User List").getValue(2, Counter): null

2019-02-20 17:11:10 - [TEST_STEP][PASSED] - if (StrB.equals(StrA)): null

2019-02-20 17:11:10 - [TEST_STEP][PASSED] - (Counter++): null

2019-02-20 17:11:11 - [TEST_STEP][PASSED] - StrB = findTestData("Internal User List").getValue(2, Counter): null

2019-02-20 17:11:11 - [TEST_STEP][PASSED] - if (StrB.equals(StrA)): null

2019-02-20 17:11:11 - [TEST_STEP][PASSED] - (Counter++): null

2019-02-20 17:11:11 - [TEST_STEP][PASSED] - StrB = findTestData("Internal User List").getValue(2, Counter): null

2019-02-20 17:11:11 - [TEST_STEP][PASSED] - if (StrB.equals(StrA)): null

2019-02-20 17:11:11 - [TEST_STEP][PASSED] - (Counter++): null

2019-02-20 17:11:11 - [TEST_STEP][PASSED] - StrB = findTestData("Internal User List").getValue(2, Counter): null

2019-02-20 17:11:11 - [TEST_STEP][PASSED] - if (StrB.equals(StrA)): null

2019-02-20 17:11:11 - [TEST_STEP][PASSED] - (Counter++): null

2019-02-20 17:11:11 - [TEST_STEP][PASSED] - StrB = findTestData("Internal User List").getValue(2, Counter): null

2019-02-20 17:11:12 - [TEST_STEP][PASSED] - if (StrB.equals(StrA)): null

2019-02-20 17:11:12 - [TEST_STEP][PASSED] - (Counter++): null

2019-02-20 17:11:12 - [TEST_STEP][PASSED] - StrB = findTestData("Internal User List").getValue(2, Counter): null

2019-02-20 17:11:12 - [TEST_STEP][PASSED] - if (StrB.equals(StrA)): null

2019-02-20 17:11:12 - [TEST_STEP][PASSED] - (Counter++): null

2019-02-20 17:11:12 - [TEST_STEP][PASSED] - StrB = findTestData("Internal User List").getValue(2, Counter): null

2019-02-20 17:11:12 - [TEST_STEP][PASSED] - if (StrB.equals(StrA)): null

2019-02-20 17:11:12 - [TEST_STEP][PASSED] - (Counter++): null

2019-02-20 17:11:12 - [TEST_STEP][PASSED] - StrB = findTestData("Internal User List").getValue(2, Counter): null

2019-02-20 17:11:12 - [TEST_STEP][PASSED] - if (StrB.equals(StrA)): null

2019-02-20 17:11:13 - [TEST_STEP][PASSED] - (Counter++): null

2019-02-20 17:11:13 - [TEST_STEP][PASSED] - StrB = findTestData("Internal User List").getValue(2, Counter): null

2019-02-20 17:11:13 - [TEST_STEP][PASSED] - if (StrB.equals(StrA)): null

2019-02-20 17:11:13 - [TEST_STEP][PASSED] - (Counter++): null

2019-02-20 17:11:14 - [TEST_STEP][PASSED] - StrB = findTestData("Internal User List").getValue(2, Counter): null

2019-02-20 17:11:14 - [TEST_STEP][PASSED] - if (StrB.equals(StrA)): null

2019-02-20 17:11:14 - [TEST_STEP][PASSED] - (Counter++): null

2019-02-20 17:11:14 - [TEST_STEP][PASSED] - StrB = findTestData("Internal User List").getValue(2, Counter): null

2019-02-20 17:11:14 - [TEST_STEP][PASSED] - if (StrB.equals(StrA)): null

2019-02-20 17:11:14 - [TEST_STEP][PASSED] - (Counter++): null

2019-02-20 17:11:14 - [TEST_STEP][PASSED] - StrB = findTestData("Internal User List").getValue(2, Counter): null

2019-02-20 17:11:14 - [TEST_STEP][PASSED] - if (StrB.equals(StrA)): null

2019-02-20 17:11:14 - [TEST_STEP][PASSED] - (Counter++): null

2019-02-20 17:11:15 - [TEST_STEP][PASSED] - StrB = findTestData("Internal User List").getValue(2, Counter): null

2019-02-20 17:11:15 - [TEST_STEP][PASSED] - if (StrB.equals(StrA)): null

2019-02-20 17:11:15 - [TEST_STEP][PASSED] - (Counter++): null

2019-02-20 17:11:15 - [TEST_STEP][PASSED] - StrB = findTestData("Internal User List").getValue(2, Counter): null

2019-02-20 17:11:15 - [TEST_STEP][PASSED] - if (StrB.equals(StrA)): null

2019-02-20 17:11:15 - [TEST_STEP][PASSED] - (Counter++): null

2019-02-20 17:11:15 - [TEST_STEP][PASSED] - StrB = findTestData("Internal User List").getValue(2, Counter): null

2019-02-20 17:11:15 - [TEST_STEP][PASSED] - if (StrB.equals(StrA)): null

2019-02-20 17:11:16 - [TEST_STEP][PASSED] - (Counter++): null

2019-02-20 17:11:16 - [TEST_STEP][PASSED] - StrB = findTestData("Internal User List").getValue(2, Counter): null

2019-02-20 17:11:16 - [TEST_STEP][PASSED] - if (StrB.equals(StrA)): null

2019-02-20 17:11:16 - [TEST_STEP][PASSED] - (Counter++): null

2019-02-20 17:11:16 - [TEST_STEP][PASSED] - StrB = findTestData("Internal User List").getValue(2, Counter): null

2019-02-20 17:11:16 - [TEST_STEP][PASSED] - if (StrB.equals(StrA)): null

2019-02-20 17:11:16 - [TEST_STEP][PASSED] - (Counter++): null

2019-02-20 17:11:16 - [TEST_STEP][PASSED] - StrB = findTestData("Internal User List").getValue(2, Counter): null

2019-02-20 17:11:16 - [TEST_STEP][PASSED] - if (StrB.equals(StrA)): null

2019-02-20 17:11:16 - [TEST_STEP][PASSED] - (Counter++): null

2019-02-20 17:11:17 - [TEST_STEP][PASSED] - StrB = findTestData("Internal User List").getValue(2, Counter): null

2019-02-20 17:11:17 - [TEST_STEP][PASSED] - if (StrB.equals(StrA)): null

2019-02-20 17:11:17 - [TEST_STEP][PASSED] - (Counter++): null

2019-02-20 17:11:17 - [TEST_STEP][PASSED] - StrB = findTestData("Internal User List").getValue(2, Counter): null

2019-02-20 17:11:17 - [TEST_STEP][PASSED] - if (StrB.equals(StrA)): null

2019-02-20 17:11:17 - [TEST_STEP][PASSED] - (Counter++): null

2019-02-20 17:11:17 - [TEST_STEP][PASSED] - StrB = findTestData("Internal User List").getValue(2, Counter): null

2019-02-20 17:11:17 - [TEST_STEP][PASSED] - if (StrB.equals(StrA)): null

2019-02-20 17:11:17 - [TEST_STEP][PASSED] - (Counter++): null

2019-02-20 17:11:17 - [TEST_STEP][PASSED] - StrB = findTestData("Internal User List").getValue(2, Counter): null

2019-02-20 17:11:18 - [TEST_STEP][PASSED] - if (StrB.equals(StrA)): null

2019-02-20 17:11:18 - [TEST_STEP][PASSED] - (Counter++): null

2019-02-20 17:11:18 - [TEST_STEP][PASSED] - StrB = findTestData("Internal User List").getValue(2, Counter): null

2019-02-20 17:11:18 - [TEST_STEP][PASSED] - if (StrB.equals(StrA)): null

2019-02-20 17:11:18 - [TEST_STEP][PASSED] - (Counter++): null

2019-02-20 17:11:18 - [TEST_STEP][PASSED] - StrB = findTestData("Internal User List").getValue(2, Counter): null

2019-02-20 17:11:18 - [TEST_STEP][PASSED] - if (StrB.equals(StrA)): null

2019-02-20 17:11:18 - [TEST_STEP][PASSED] - (Counter++): null

2019-02-20 17:11:18 - [TEST_STEP][PASSED] - StrB = findTestData("Internal User List").getValue(2, Counter): null

2019-02-20 17:11:18 - [TEST_STEP][PASSED] - if (StrB.equals(StrA)): null

2019-02-20 17:11:20 - [TEST_STEP][PASSED] - (Counter++): null

2019-02-20 17:11:20 - [TEST_STEP][PASSED] - StrB = findTestData("Internal User List").getValue(2, Counter): null

2019-02-20 17:11:20 - [TEST_STEP][PASSED] - if (StrB.equals(StrA)): null

2019-02-20 17:11:20 - [TEST_STEP][PASSED] - (Counter++): null

2019-02-20 17:11:20 - [TEST_STEP][PASSED] - StrB = findTestData("Internal User List").getValue(2, Counter): null

2019-02-20 17:11:20 - [TEST_STEP][PASSED] - if (StrB.equals(StrA)): null

2019-02-20 17:11:20 - [TEST_STEP][PASSED] - (Counter++): null

2019-02-20 17:11:20 - [TEST_STEP][PASSED] - StrB = findTestData("Internal User List").getValue(2, Counter): null

2019-02-20 17:11:20 - [TEST_STEP][PASSED] - if (StrB.equals(StrA)): null

2019-02-20 17:11:20 - [TEST_STEP][PASSED] - (Counter++): null

2019-02-20 17:11:20 - [TEST_STEP][PASSED] - StrB = findTestData("Internal User List").getValue(2, Counter): null

2019-02-20 17:11:21 - [TEST_STEP][PASSED] - if (StrB.equals(StrA)): null

2019-02-20 17:11:21 - [TEST_STEP][PASSED] - (Counter++): null

2019-02-20 17:11:21 - [TEST_STEP][PASSED] - StrB = findTestData("Internal User List").getValue(2, Counter): null

2019-02-20 17:11:21 - [TEST_STEP][PASSED] - if (StrB.equals(StrA)): null

2019-02-20 17:11:21 - [TEST_STEP][PASSED] - (Counter++): null

2019-02-20 17:11:21 - [TEST_STEP][PASSED] - StrB = findTestData("Internal User List").getValue(2, Counter): null

2019-02-20 17:11:21 - [TEST_STEP][PASSED] - if (StrB.equals(StrA)): null

2019-02-20 17:11:21 - [TEST_STEP][PASSED] - (Counter++): null

2019-02-20 17:11:21 - [TEST_STEP][PASSED] - StrB = findTestData("Internal User List").getValue(2, Counter): null

2019-02-20 17:11:21 - [TEST_STEP][PASSED] - if (StrB.equals(StrA)): null

2019-02-20 17:11:22 - [TEST_STEP][PASSED] - (Counter++): null

2019-02-20 17:11:22 - [TEST_STEP][PASSED] - StrB = findTestData("Internal User List").getValue(2, Counter): null

2019-02-20 17:11:22 - [TEST_STEP][PASSED] - if (StrB.equals(StrA)): null

2019-02-20 17:11:22 - [TEST_STEP][PASSED] - (Counter++): null

2019-02-20 17:11:22 - [TEST_STEP][PASSED] - StrB = findTestData("Internal User List").getValue(2, Counter): null

2019-02-20 17:11:22 - [TEST_STEP][PASSED] - if (StrB.equals(StrA)): null

2019-02-20 17:11:22 - [TEST_STEP][PASSED] - (Counter++): null

2019-02-20 17:11:22 - [TEST_STEP][PASSED] - StrB = findTestData("Internal User List").getValue(2, Counter): null

2019-02-20 17:11:22 - [TEST_STEP][PASSED] - if (StrB.equals(StrA)): null

2019-02-20 17:11:22 - [TEST_STEP][PASSED] - (Counter++): null

2019-02-20 17:11:24 - [TEST_STEP][PASSED] - StrB = findTestData("Internal User List").getValue(2, Counter): null

2019-02-20 17:11:24 - [TEST_STEP][PASSED] - if (StrB.equals(StrA)): null

2019-02-20 17:11:24 - [TEST_STEP][PASSED] - (Counter++): null

2019-02-20 17:11:24 - [TEST_STEP][PASSED] - StrB = findTestData("Internal User List").getValue(2, Counter): null

2019-02-20 17:11:24 - [TEST_STEP][PASSED] - if (StrB.equals(StrA)): null

2019-02-20 17:11:24 - [TEST_STEP][PASSED] - (Counter++): null

2019-02-20 17:11:24 - [TEST_STEP][PASSED] - StrB = findTestData("Internal User List").getValue(2, Counter): null

2019-02-20 17:11:24 - [TEST_STEP][PASSED] - if (StrB.equals(StrA)): null

2019-02-20 17:11:24 - [TEST_STEP][PASSED] - (Counter++): null

2019-02-20 17:11:24 - [TEST_STEP][PASSED] - StrB = findTestData("Internal User List").getValue(2, Counter): null

2019-02-20 17:11:25 - [TEST_STEP][PASSED] - if (StrB.equals(StrA)): null

2019-02-20 17:11:25 - [TEST_STEP][PASSED] - (Counter++): null

2019-02-20 17:11:25 - [TEST_STEP][PASSED] - StrB = findTestData("Internal User List").getValue(2, Counter): null

2019-02-20 17:11:25 - [TEST_STEP][PASSED] - if (StrB.equals(StrA)): null

2019-02-20 17:11:25 - [TEST_STEP][PASSED] - (Counter++): null

2019-02-20 17:11:25 - [TEST_STEP][PASSED] - StrB = findTestData("Internal User List").getValue(2, Counter): null

2019-02-20 17:11:25 - [TEST_STEP][PASSED] - if (StrB.equals(StrA)): null

2019-02-20 17:11:25 - [TEST_STEP][PASSED] - (Counter++): null

2019-02-20 17:11:25 - [TEST_STEP][PASSED] - StrB = findTestData("Internal User List").getValue(2, Counter): null

2019-02-20 17:11:25 - [TEST_STEP][PASSED] - if (StrB.equals(StrA)): null

2019-02-20 17:11:25 - [TEST_STEP][PASSED] - (Counter++): null

2019-02-20 17:11:26 - [TEST_STEP][PASSED] - StrB = findTestData("Internal User List").getValue(2, Counter): null

2019-02-20 17:11:26 - [TEST_STEP][PASSED] - if (StrB.equals(StrA)): null

2019-02-20 17:11:26 - [TEST_STEP][PASSED] - (Counter++): null

2019-02-20 17:11:26 - [TEST_STEP][PASSED] - StrB = findTestData("Internal User List").getValue(2, Counter): null

2019-02-20 17:11:26 - [TEST_STEP][PASSED] - if (StrB.equals(StrA)): null

2019-02-20 17:11:26 - [TEST_STEP][PASSED] - (Counter++): null

2019-02-20 17:11:26 - [TEST_STEP][PASSED] - StrB = findTestData("Internal User List").getValue(2, Counter): null

2019-02-20 17:11:26 - [TEST_STEP][PASSED] - if (StrB.equals(StrA)): null

2019-02-20 17:11:26 - [TEST_STEP][PASSED] - (Counter++): null

2019-02-20 17:11:26 - [TEST_STEP][PASSED] - StrB = findTestData("Internal User List").getValue(2, Counter): null

2019-02-20 17:11:28 - [TEST_STEP][PASSED] - if (StrB.equals(StrA)): null

2019-02-20 17:11:28 - [TEST_STEP][PASSED] - (Counter++): null

2019-02-20 17:11:28 - [TEST_STEP][PASSED] - StrB = findTestData("Internal User List").getValue(2, Counter): null

2019-02-20 17:11:28 - [TEST_STEP][PASSED] - if (StrB.equals(StrA)): null

2019-02-20 17:11:28 - [TEST_STEP][PASSED] - (Counter++): null

2019-02-20 17:11:28 - [TEST_STEP][PASSED] - StrB = findTestData("Internal User List").getValue(2, Counter): null

2019-02-20 17:11:28 - [TEST_STEP][PASSED] - if (StrB.equals(StrA)): null

2019-02-20 17:11:28 - [TEST_STEP][PASSED] - (Counter++): null

2019-02-20 17:11:28 - [TEST_STEP][PASSED] - StrB = findTestData("Internal User List").getValue(2, Counter): null

2019-02-20 17:11:28 - [TEST_STEP][PASSED] - if (StrB.equals(StrA)): null

2019-02-20 17:11:29 - [TEST_STEP][PASSED] - (Counter++): null

2019-02-20 17:11:29 - [TEST_STEP][PASSED] - StrB = findTestData("Internal User List").getValue(2, Counter): null

2019-02-20 17:11:29 - [TEST_STEP][PASSED] - if (StrB.equals(StrA)): null

2019-02-20 17:11:29 - [TEST_STEP][PASSED] - (Counter++): null

2019-02-20 17:11:29 - [TEST_STEP][PASSED] - StrB = findTestData("Internal User List").getValue(2, Counter): null

2019-02-20 17:11:29 - [TEST_STEP][PASSED] - if (StrB.equals(StrA)): null

2019-02-20 17:11:29 - [TEST_STEP][PASSED] - (Counter++): null

2019-02-20 17:11:29 - [TEST_STEP][PASSED] - StrB = findTestData("Internal User List").getValue(2, Counter): null

2019-02-20 17:11:29 - [TEST_STEP][PASSED] - if (StrB.equals(StrA)): null

2019-02-20 17:11:29 - [TEST_STEP][PASSED] - (Counter++): null

2019-02-20 17:11:31 - [TEST_STEP][PASSED] - StrB = findTestData("Internal User List").getValue(2, Counter): null

2019-02-20 17:11:31 - [TEST_STEP][PASSED] - if (StrB.equals(StrA)): null

2019-02-20 17:11:31 - [TEST_STEP][PASSED] - (Counter++): null

2019-02-20 17:11:31 - [TEST_STEP][PASSED] - StrB = findTestData("Internal User List").getValue(2, Counter): null

2019-02-20 17:11:31 - [TEST_STEP][PASSED] - if (StrB.equals(StrA)): null

2019-02-20 17:11:31 - [TEST_STEP][PASSED] - (Counter++): null

2019-02-20 17:11:31 - [TEST_STEP][PASSED] - StrB = findTestData("Internal User List").getValue(2, Counter): null

2019-02-20 17:11:31 - [TEST_STEP][PASSED] - if (StrB.equals(StrA)): null

2019-02-20 17:11:31 - [TEST_STEP][PASSED] - (Counter++): null

2019-02-20 17:11:31 - [TEST_STEP][PASSED] - StrB = findTestData("Internal User List").getValue(2, Counter): null

2019-02-20 17:11:31 - [TEST_STEP][PASSED] - if (StrB.equals(StrA)): null

2019-02-20 17:11:32 - [TEST_STEP][PASSED] - (Counter++): null

2019-02-20 17:11:32 - [TEST_STEP][PASSED] - StrB = findTestData("Internal User List").getValue(2, Counter): null

2019-02-20 17:11:32 - [TEST_STEP][PASSED] - if (StrB.equals(StrA)): null

2019-02-20 17:11:32 - [TEST_STEP][PASSED] - (Counter++): null

2019-02-20 17:11:32 - [TEST_STEP][PASSED] - StrB = findTestData("Internal User List").getValue(2, Counter): null

2019-02-20 17:11:32 - [TEST_STEP][PASSED] - if (StrB.equals(StrA)): null

2019-02-20 17:11:32 - [TEST_STEP][PASSED] - (Counter++): null

2019-02-20 17:11:32 - [TEST_STEP][PASSED] - StrB = findTestData("Internal User List").getValue(2, Counter): null

2019-02-20 17:11:32 - [TEST_STEP][PASSED] - if (StrB.equals(StrA)): null

2019-02-20 17:11:32 - [TEST_STEP][PASSED] - (Counter++): null

2019-02-20 17:11:34 - [TEST_STEP][PASSED] - StrB = findTestData("Internal User List").getValue(2, Counter): null

2019-02-20 17:11:34 - [TEST_STEP][PASSED] - if (StrB.equals(StrA)): null

2019-02-20 17:11:34 - [TEST_STEP][PASSED] - (Counter++): null

2019-02-20 17:11:34 - [TEST_STEP][PASSED] - StrB = findTestData("Internal User List").getValue(2, Counter): null

2019-02-20 17:11:34 - [TEST_STEP][PASSED] - if (StrB.equals(StrA)): null

2019-02-20 17:11:34 - [TEST_STEP][PASSED] - (Counter++): null

2019-02-20 17:11:34 - [TEST_STEP][PASSED] - StrB = findTestData("Internal User List").getValue(2, Counter): null

2019-02-20 17:11:34 - [TEST_STEP][PASSED] - if (StrB.equals(StrA)): null

2019-02-20 17:11:34 - [TEST_STEP][PASSED] - (Counter++): null

2019-02-20 17:11:34 - [TEST_STEP][PASSED] - StrB = findTestData("Internal User List").getValue(2, Counter): null

2019-02-20 17:11:35 - [TEST_STEP][PASSED] - if (StrB.equals(StrA)): null

2019-02-20 17:11:35 - [TEST_STEP][PASSED] - (Counter++): null

2019-02-20 17:11:35 - [TEST_STEP][PASSED] - StrB = findTestData("Internal User List").getValue(2, Counter): null

2019-02-20 17:11:35 - [TEST_STEP][PASSED] - if (StrB.equals(StrA)): null

2019-02-20 17:11:35 - [TEST_STEP][PASSED] - (Counter++): null

2019-02-20 17:11:35 - [TEST_STEP][PASSED] - StrB = findTestData("Internal User List").getValue(2, Counter): null

2019-02-20 17:11:36 - [TEST_STEP][PASSED] - if (StrB.equals(StrA)): null

2019-02-20 17:11:36 - [TEST_STEP][PASSED] - (Counter++): null

2019-02-20 17:11:36 - [TEST_STEP][PASSED] - StrB = findTestData("Internal User List").getValue(2, Counter): null

2019-02-20 17:11:36 - [TEST_STEP][PASSED] - if (StrB.equals(StrA)): null

2019-02-20 17:11:37 - [TEST_STEP][PASSED] - (Counter++): null

2019-02-20 17:11:37 - [TEST_STEP][PASSED] - StrB = findTestData("Internal User List").getValue(2, Counter): null

2019-02-20 17:11:37 - [TEST_STEP][PASSED] - if (StrB.equals(StrA)): null

2019-02-20 17:11:37 - [TEST_STEP][PASSED] - (Counter++): null

2019-02-20 17:11:37 - [TEST_STEP][PASSED] - StrB = findTestData("Internal User List").getValue(2, Counter): null

2019-02-20 17:11:37 - [TEST_STEP][PASSED] - if (StrB.equals(StrA)): null

2019-02-20 17:11:37 - [TEST_STEP][PASSED] - (Counter++): null

2019-02-20 17:11:37 - [TEST_STEP][PASSED] - StrB = findTestData("Internal User List").getValue(2, Counter): null

2019-02-20 17:11:37 - [TEST_STEP][PASSED] - if (StrB.equals(StrA)): null

2019-02-20 17:11:37 - [TEST_STEP][PASSED] - (Counter++): null

2019-02-20 17:11:37 - [TEST_STEP][PASSED] - StrB = findTestData("Internal User List").getValue(2, Counter): null

2019-02-20 17:11:39 - [TEST_STEP][PASSED] - if (StrB.equals(StrA)): null

2019-02-20 17:11:39 - [TEST_STEP][PASSED] - (Counter++): null

2019-02-20 17:11:39 - [TEST_STEP][PASSED] - StrB = findTestData("Internal User List").getValue(2, Counter): null

2019-02-20 17:11:39 - [TEST_STEP][PASSED] - if (StrB.equals(StrA)): null

2019-02-20 17:11:39 - [TEST_STEP][PASSED] - (Counter++): null

2019-02-20 17:11:39 - [TEST_STEP][PASSED] - StrB = findTestData("Internal User List").getValue(2, Counter): null

2019-02-20 17:11:39 - [TEST_STEP][PASSED] - if (StrB.equals(StrA)): null

2019-02-20 17:11:39 - [TEST_STEP][PASSED] - (Counter++): null

2019-02-20 17:11:39 - [TEST_STEP][PASSED] - StrB = findTestData("Internal User List").getValue(2, Counter): null

2019-02-20 17:11:39 - [TEST_STEP][PASSED] - if (StrB.equals(StrA)): null

2019-02-20 17:11:40 - [TEST_STEP][PASSED] - (Counter++): null

2019-02-20 17:11:40 - [TEST_STEP][PASSED] - StrB = findTestData("Internal User List").getValue(2, Counter): null

2019-02-20 17:11:40 - [TEST_STEP][PASSED] - if (StrB.equals(StrA)): null

2019-02-20 17:11:40 - [TEST_STEP][PASSED] - (Counter++): null

2019-02-20 17:11:41 - [TEST_STEP][PASSED] - StrB = findTestData("Internal User List").getValue(2, Counter): null

2019-02-20 17:11:41 - [TEST_STEP][PASSED] - if (StrB.equals(StrA)): null

2019-02-20 17:11:41 - [TEST_STEP][PASSED] - (Counter++): null

2019-02-20 17:11:41 - [TEST_STEP][PASSED] - StrB = findTestData("Internal User List").getValue(2, Counter): null

2019-02-20 17:11:41 - [TEST_STEP][PASSED] - if (StrB.equals(StrA)): null

2019-02-20 17:11:41 - [TEST_STEP][PASSED] - (Counter++): null

2019-02-20 17:11:42 - [TEST_STEP][PASSED] - StrB = findTestData("Internal User List").getValue(2, Counter): null

2019-02-20 17:11:42 - [TEST_STEP][PASSED] - if (StrB.equals(StrA)): null

2019-02-20 17:11:42 - [TEST_STEP][PASSED] - (Counter++): null

2019-02-20 17:11:42 - [TEST_STEP][PASSED] - StrB = findTestData("Internal User List").getValue(2, Counter): null

2019-02-20 17:11:42 - [TEST_STEP][PASSED] - if (StrB.equals(StrA)): null

2019-02-20 17:11:42 - [TEST_STEP][PASSED] - (Counter++): null

2019-02-20 17:11:42 - [TEST_STEP][PASSED] - StrB = findTestData("Internal User List").getValue(2, Counter): null

2019-02-20 17:11:42 - [TEST_STEP][PASSED] - if (StrB.equals(StrA)): null

2019-02-20 17:11:42 - [TEST_STEP][PASSED] - (Counter++): null

2019-02-20 17:11:42 - [TEST_STEP][PASSED] - StrB = findTestData("Internal User List").getValue(2, Counter): null

2019-02-20 17:11:43 - [TEST_STEP][PASSED] - if (StrB.equals(StrA)): null

2019-02-20 17:11:43 - [TEST_STEP][PASSED] - (Counter++): null

2019-02-20 17:11:44 - [TEST_STEP][PASSED] - StrB = findTestData("Internal User List").getValue(2, Counter): null

2019-02-20 17:11:44 - [TEST_STEP][PASSED] - if (StrB.equals(StrA)): null

2019-02-20 17:11:44 - [TEST_STEP][PASSED] - (Counter++): null

2019-02-20 17:11:44 - [TEST_STEP][PASSED] - StrB = findTestData("Internal User List").getValue(2, Counter): null

2019-02-20 17:11:44 - [TEST_STEP][PASSED] - if (StrB.equals(StrA)): null

2019-02-20 17:11:44 - [TEST_STEP][PASSED] - (Counter++): null

2019-02-20 17:11:44 - [TEST_STEP][PASSED] - StrB = findTestData("Internal User List").getValue(2, Counter): null

2019-02-20 17:11:44 - [TEST_STEP][PASSED] - if (StrB.equals(StrA)): null

2019-02-20 17:11:44 - [TEST_STEP][PASSED] - (Counter++): null

2019-02-20 17:11:45 - [TEST_STEP][PASSED] - StrB = findTestData("Internal User List").getValue(2, Counter): null

2019-02-20 17:11:45 - [TEST_STEP][PASSED] - if (StrB.equals(StrA)): null

2019-02-20 17:11:45 - [TEST_STEP][PASSED] - (Counter++): null

2019-02-20 17:11:45 - [TEST_STEP][PASSED] - StrB = findTestData("Internal User List").getValue(2, Counter): null

2019-02-20 17:11:45 - [TEST_STEP][PASSED] - if (StrB.equals(StrA)): null

2019-02-20 17:11:45 - [TEST_STEP][PASSED] - (Counter++): null

2019-02-20 17:11:45 - [TEST_STEP][PASSED] - StrB = findTestData("Internal User List").getValue(2, Counter): null

2019-02-20 17:11:45 - [TEST_STEP][PASSED] - if (StrB.equals(StrA)): null

2019-02-20 17:11:45 - [TEST_STEP][PASSED] - (Counter++): null

2019-02-20 17:11:45 - [TEST_STEP][PASSED] - StrB = findTestData("Internal User List").getValue(2, Counter): null

2019-02-20 17:11:47 - [TEST_STEP][PASSED] - if (StrB.equals(StrA)): null

2019-02-20 17:11:47 - [TEST_STEP][PASSED] - (Counter++): null

2019-02-20 17:11:47 - [TEST_STEP][PASSED] - StrB = findTestData("Internal User List").getValue(2, Counter): null

2019-02-20 17:11:47 - [TEST_STEP][PASSED] - if (StrB.equals(StrA)): null

2019-02-20 17:11:47 - [TEST_STEP][PASSED] - (Counter++): null

2019-02-20 17:11:47 - [TEST_STEP][PASSED] - StrB = findTestData("Internal User List").getValue(2, Counter): null

2019-02-20 17:11:47 - [TEST_STEP][PASSED] - if (StrB.equals(StrA)): null

2019-02-20 17:11:47 - [TEST_STEP][PASSED] - (Counter++): null

2019-02-20 17:11:47 - [TEST_STEP][PASSED] - StrB = findTestData("Internal User List").getValue(2, Counter): null

2019-02-20 17:11:47 - [TEST_STEP][PASSED] - if (StrB.equals(StrA)): null

2019-02-20 17:11:49 - [TEST_STEP][PASSED] - (Counter++): null

2019-02-20 17:11:49 - [TEST_STEP][PASSED] - StrB = findTestData("Internal User List").getValue(2, Counter): null

2019-02-20 17:11:49 - [TEST_STEP][PASSED] - if (StrB.equals(StrA)): null

2019-02-20 17:11:49 - [TEST_STEP][PASSED] - (Counter++): null

2019-02-20 17:11:49 - [TEST_STEP][PASSED] - StrB = findTestData("Internal User List").getValue(2, Counter): null

2019-02-20 17:11:49 - [TEST_STEP][PASSED] - if (StrB.equals(StrA)): null

2019-02-20 17:11:49 - [TEST_STEP][PASSED] - (Counter++): null

2019-02-20 17:11:49 - [TEST_STEP][PASSED] - StrB = findTestData("Internal User List").getValue(2, Counter): null

2019-02-20 17:11:49 - [TEST_STEP][PASSED] - if (StrB.equals(StrA)): null

2019-02-20 17:11:49 - [TEST_STEP][PASSED] - (Counter++): null

2019-02-20 17:11:51 - [TEST_STEP][PASSED] - StrB = findTestData("Internal User List").getValue(2, Counter): null

2019-02-20 17:11:51 - [TEST_STEP][PASSED] - if (StrB.equals(StrA)): null

2019-02-20 17:11:51 - [TEST_STEP][PASSED] - (Counter++): null

2019-02-20 17:11:51 - [TEST_STEP][PASSED] - StrB = findTestData("Internal User List").getValue(2, Counter): null

2019-02-20 17:11:51 - [TEST_STEP][PASSED] - if (StrB.equals(StrA)): null

2019-02-20 17:11:51 - [TEST_STEP][PASSED] - (Counter++): null

2019-02-20 17:11:51 - [TEST_STEP][PASSED] - StrB = findTestData("Internal User List").getValue(2, Counter): null

2019-02-20 17:11:51 - [TEST_STEP][PASSED] - if (StrB.equals(StrA)): null

2019-02-20 17:11:51 - [TEST_STEP][PASSED] - (Counter++): null

2019-02-20 17:11:51 - [TEST_STEP][PASSED] - StrB = findTestData("Internal User List").getValue(2, Counter): null

2019-02-20 17:11:51 - [TEST_STEP][PASSED] - if (StrB.equals(StrA)): null

2019-02-20 17:11:52 - [TEST_STEP][PASSED] - (Counter++): null

2019-02-20 17:11:52 - [TEST_STEP][PASSED] - StrB = findTestData("Internal User List").getValue(2, Counter): null

2019-02-20 17:11:52 - [TEST_STEP][PASSED] - if (StrB.equals(StrA)): null

2019-02-20 17:11:52 - [TEST_STEP][PASSED] - (Counter++): null

2019-02-20 17:11:53 - [TEST_STEP][PASSED] - StrB = findTestData("Internal User List").getValue(2, Counter): null

2019-02-20 17:11:53 - [TEST_STEP][PASSED] - if (StrB.equals(StrA)): null

2019-02-20 17:11:53 - [TEST_STEP][PASSED] - (Counter++): null

2019-02-20 17:11:53 - [TEST_STEP][PASSED] - StrB = findTestData("Internal User List").getValue(2, Counter): null

2019-02-20 17:11:53 - [TEST_STEP][PASSED] - if (StrB.equals(StrA)): null

2019-02-20 17:11:53 - [TEST_STEP][PASSED] - (Counter++): null

2019-02-20 17:11:54 - [TEST_STEP][PASSED] - StrB = findTestData("Internal User List").getValue(2, Counter): null

2019-02-20 17:11:54 - [TEST_STEP][PASSED] - if (StrB.equals(StrA)): null

2019-02-20 17:11:54 - [TEST_STEP][PASSED] - (Counter++): null

2019-02-20 17:11:54 - [TEST_STEP][PASSED] - StrB = findTestData("Internal User List").getValue(2, Counter): null

2019-02-20 17:11:54 - [TEST_STEP][PASSED] - if (StrB.equals(StrA)): null

2019-02-20 17:11:54 - [TEST_STEP][PASSED] - (Counter++): null

2019-02-20 17:11:54 - [TEST_STEP][PASSED] - StrB = findTestData("Internal User List").getValue(2, Counter): null

2019-02-20 17:11:54 - [TEST_STEP][PASSED] - if (StrB.equals(StrA)): null

2019-02-20 17:11:54 - [TEST_STEP][PASSED] - (Counter++): null

2019-02-20 17:11:54 - [TEST_STEP][PASSED] - StrB = findTestData("Internal User List").getValue(2, Counter): null

2019-02-20 17:11:56 - [TEST_STEP][PASSED] - if (StrB.equals(StrA)): null

2019-02-20 17:11:56 - [TEST_STEP][PASSED] - (Counter++): null

2019-02-20 17:11:56 - [TEST_STEP][PASSED] - StrB = findTestData("Internal User List").getValue(2, Counter): null

2019-02-20 17:11:56 - [TEST_STEP][PASSED] - if (StrB.equals(StrA)): null

2019-02-20 17:11:56 - [TEST_STEP][PASSED] - (Counter++): null

2019-02-20 17:11:56 - [TEST_STEP][PASSED] - StrB = findTestData("Internal User List").getValue(2, Counter): null

2019-02-20 17:11:56 - [TEST_STEP][PASSED] - if (StrB.equals(StrA)): null

2019-02-20 17:11:56 - [TEST_STEP][PASSED] - (Counter++): null

2019-02-20 17:11:56 - [TEST_STEP][PASSED] - StrB = findTestData("Internal User List").getValue(2, Counter): null

2019-02-20 17:11:56 - [TEST_STEP][PASSED] - if (StrB.equals(StrA)): null

2019-02-20 17:11:58 - [TEST_STEP][PASSED] - (Counter++): null

2019-02-20 17:11:58 - [TEST_STEP][PASSED] - StrB = findTestData("Internal User List").getValue(2, Counter): null

2019-02-20 17:11:58 - [TEST_STEP][PASSED] - if (StrB.equals(StrA)): null

2019-02-20 17:11:58 - [TEST_STEP][PASSED] - (Counter++): null

2019-02-20 17:11:58 - [TEST_STEP][PASSED] - StrB = findTestData("Internal User List").getValue(2, Counter): null

2019-02-20 17:11:58 - [TEST_STEP][PASSED] - if (StrB.equals(StrA)): null

2019-02-20 17:11:58 - [TEST_STEP][PASSED] - (Counter++): null

2019-02-20 17:11:58 - [TEST_STEP][PASSED] - StrB = findTestData("Internal User List").getValue(2, Counter): null

2019-02-20 17:11:58 - [TEST_STEP][PASSED] - if (StrB.equals(StrA)): null

2019-02-20 17:11:58 - [TEST_STEP][PASSED] - (Counter++): null

2019-02-20 17:12:00 - [TEST_STEP][PASSED] - StrB = findTestData("Internal User List").getValue(2, Counter): null

2019-02-20 17:12:00 - [TEST_STEP][PASSED] - if (StrB.equals(StrA)): null

2019-02-20 17:12:00 - [TEST_STEP][PASSED] - (Counter++): null

2019-02-20 17:12:00 - [TEST_STEP][PASSED] - StrB = findTestData("Internal User List").getValue(2, Counter): null

2019-02-20 17:12:00 - [TEST_STEP][PASSED] - if (StrB.equals(StrA)): null

2019-02-20 17:12:00 - [TEST_STEP][PASSED] - (Counter++): null

2019-02-20 17:12:00 - [TEST_STEP][PASSED] - StrB = findTestData("Internal User List").getValue(2, Counter): null

2019-02-20 17:12:00 - [TEST_STEP][PASSED] - if (StrB.equals(StrA)): null

2019-02-20 17:12:00 - [TEST_STEP][PASSED] - (Counter++): null

2019-02-20 17:12:00 - [TEST_STEP][PASSED] - StrB = findTestData("Internal User List").getValue(2, Counter): null

2019-02-20 17:12:00 - [TEST_STEP][PASSED] - if (StrB.equals(StrA)): null

2019-02-20 17:12:01 - [TEST_STEP][PASSED] - (Counter++): null

2019-02-20 17:12:01 - [TEST_STEP][PASSED] - StrB = findTestData("Internal User List").getValue(2, Counter): null

2019-02-20 17:12:01 - [TEST_STEP][PASSED] - if (StrB.equals(StrA)): null

2019-02-20 17:12:01 - [TEST_STEP][PASSED] - (Counter++): null

2019-02-20 17:12:01 - [TEST_STEP][PASSED] - StrB = findTestData("Internal User List").getValue(2, Counter): null

2019-02-20 17:12:01 - [TEST_STEP][PASSED] - if (StrB.equals(StrA)): null

2019-02-20 17:12:01 - [TEST_STEP][PASSED] - (Counter++): null

2019-02-20 17:12:01 - [TEST_STEP][PASSED] - StrB = findTestData("Internal User List").getValue(2, Counter): null

2019-02-20 17:12:01 - [TEST_STEP][PASSED] - if (StrB.equals(StrA)): null

2019-02-20 17:12:01 - [TEST_STEP][PASSED] - (Counter++): null

2019-02-20 17:12:03 - [TEST_STEP][PASSED] - StrB = findTestData("Internal User List").getValue(2, Counter): null

2019-02-20 17:12:03 - [TEST_STEP][PASSED] - if (StrB.equals(StrA)): null

2019-02-20 17:12:03 - [TEST_STEP][PASSED] - (Counter++): null

2019-02-20 17:12:03 - [TEST_STEP][PASSED] - StrB = findTestData("Internal User List").getValue(2, Counter): null

2019-02-20 17:12:03 - [TEST_STEP][PASSED] - if (StrB.equals(StrA)): null

2019-02-20 17:12:03 - [TEST_STEP][PASSED] - (Counter++): null

2019-02-20 17:12:03 - [TEST_STEP][PASSED] - StrB = findTestData("Internal User List").getValue(2, Counter): null

2019-02-20 17:12:03 - [TEST_STEP][PASSED] - if (StrB.equals(StrA)): null

2019-02-20 17:12:03 - [TEST_STEP][PASSED] - (Counter++): null

2019-02-20 17:12:03 - [TEST_STEP][PASSED] - StrB = findTestData("Internal User List").getValue(2, Counter): null

2019-02-20 17:12:04 - [TEST_STEP][PASSED] - if (StrB.equals(StrA)): null

2019-02-20 17:12:04 - [TEST_STEP][PASSED] - (Counter++): null

2019-02-20 17:12:04 - [TEST_STEP][PASSED] - StrB = findTestData("Internal User List").getValue(2, Counter): null

2019-02-20 17:12:04 - [TEST_STEP][PASSED] - if (StrB.equals(StrA)): null

2019-02-20 17:12:04 - [TEST_STEP][PASSED] - (Counter++): null

2019-02-20 17:12:04 - [TEST_STEP][PASSED] - StrB = findTestData("Internal User List").getValue(2, Counter): null

2019-02-20 17:12:04 - [TEST_STEP][PASSED] - if (StrB.equals(StrA)): null

2019-02-20 17:12:04 - [TEST_STEP][PASSED] - (Counter++): null

2019-02-20 17:12:04 - [TEST_STEP][PASSED] - StrB = findTestData("Internal User List").getValue(2, Counter): null

2019-02-20 17:12:04 - [TEST_STEP][PASSED] - if (StrB.equals(StrA)): null

2019-02-20 17:12:06 - [TEST_STEP][PASSED] - (Counter++): null

2019-02-20 17:12:06 - [TEST_STEP][PASSED] - StrB = findTestData("Internal User List").getValue(2, Counter): null

2019-02-20 17:12:06 - [TEST_STEP][PASSED] - if (StrB.equals(StrA)): null

2019-02-20 17:12:06 - [TEST_STEP][PASSED] - (Counter++): null

2019-02-20 17:12:06 - [TEST_STEP][PASSED] - StrB = findTestData("Internal User List").getValue(2, Counter): null

2019-02-20 17:12:06 - [TEST_STEP][PASSED] - if (StrB.equals(StrA)): null

2019-02-20 17:12:06 - [TEST_STEP][PASSED] - (Counter++): null

2019-02-20 17:12:06 - [TEST_STEP][PASSED] - StrB = findTestData("Internal User List").getValue(2, Counter): null

2019-02-20 17:12:06 - [TEST_STEP][PASSED] - if (StrB.equals(StrA)): null

2019-02-20 17:12:06 - [TEST_STEP][PASSED] - (Counter++): null

2019-02-20 17:12:06 - [TEST_STEP][PASSED] - StrB = findTestData("Internal User List").getValue(2, Counter): null

2019-02-20 17:12:08 - [TEST_STEP][PASSED] - if (StrB.equals(StrA)): null

2019-02-20 17:12:08 - [TEST_STEP][PASSED] - (Counter++): null

2019-02-20 17:12:08 - [TEST_STEP][PASSED] - StrB = findTestData("Internal User List").getValue(2, Counter): null

2019-02-20 17:12:08 - [TEST_STEP][PASSED] - if (StrB.equals(StrA)): null

2019-02-20 17:12:08 - [TEST_STEP][PASSED] - (Counter++): null

2019-02-20 17:12:08 - [TEST_STEP][PASSED] - StrB = findTestData("Internal User List").getValue(2, Counter): null

2019-02-20 17:12:08 - [TEST_STEP][PASSED] - if (StrB.equals(StrA)): null

2019-02-20 17:12:08 - [TEST_STEP][PASSED] - (Counter++): null

2019-02-20 17:12:08 - [TEST_STEP][PASSED] - StrB = findTestData("Internal User List").getValue(2, Counter): null

2019-02-20 17:12:08 - [TEST_STEP][PASSED] - if (StrB.equals(StrA)): null

2019-02-20 17:12:10 - [TEST_STEP][PASSED] - (Counter++): null

2019-02-20 17:12:10 - [TEST_STEP][PASSED] - StrB = findTestData("Internal User List").getValue(2, Counter): null

2019-02-20 17:12:10 - [TEST_STEP][PASSED] - if (StrB.equals(StrA)): null

2019-02-20 17:12:10 - [TEST_STEP][PASSED] - (Counter++): null

2019-02-20 17:12:10 - [TEST_STEP][PASSED] - StrB = findTestData("Internal User List").getValue(2, Counter): null

2019-02-20 17:12:10 - [TEST_STEP][PASSED] - if (StrB.equals(StrA)): null

2019-02-20 17:12:10 - [TEST_STEP][PASSED] - (Counter++): null

2019-02-20 17:12:10 - [TEST_STEP][PASSED] - StrB = findTestData("Internal User List").getValue(2, Counter): null

2019-02-20 17:12:10 - [TEST_STEP][PASSED] - if (StrB.equals(StrA)): null

2019-02-20 17:12:10 - [TEST_STEP][PASSED] - (Counter++): null

2019-02-20 17:12:11 - [TEST_STEP][PASSED] - StrB = findTestData("Internal User List").getValue(2, Counter): null

2019-02-20 17:12:11 - [TEST_STEP][PASSED] - if (StrB.equals(StrA)): null

2019-02-20 17:12:11 - [TEST_STEP][PASSED] - (Counter++): null

2019-02-20 17:12:11 - [TEST_STEP][PASSED] - StrB = findTestData("Internal User List").getValue(2, Counter): null

2019-02-20 17:12:11 - [TEST_STEP][PASSED] - if (StrB.equals(StrA)): null

2019-02-20 17:12:11 - [TEST_STEP][PASSED] - (Counter++): null

2019-02-20 17:12:11 - [TEST_STEP][PASSED] - StrB = findTestData("Internal User List").getValue(2, Counter): null

2019-02-20 17:12:11 - [TEST_STEP][PASSED] - if (StrB.equals(StrA)): null

2019-02-20 17:12:11 - [TEST_STEP][PASSED] - (Counter++): null

2019-02-20 17:12:12 - [TEST_STEP][PASSED] - StrB = findTestData("Internal User List").getValue(2, Counter): null

2019-02-20 17:12:13 - [TEST_STEP][PASSED] - if (StrB.equals(StrA)): null

2019-02-20 17:12:13 - [TEST_STEP][PASSED] - (Counter++): null

2019-02-20 17:12:13 - [TEST_STEP][PASSED] - StrB = findTestData("Internal User List").getValue(2, Counter): null

2019-02-20 17:12:13 - [TEST_STEP][PASSED] - if (StrB.equals(StrA)): null

2019-02-20 17:12:13 - [TEST_STEP][PASSED] - (Counter++): null

2019-02-20 17:12:13 - [TEST_STEP][PASSED] - StrB = findTestData("Internal User List").getValue(2, Counter): null

2019-02-20 17:12:13 - [TEST_STEP][PASSED] - if (StrB.equals(StrA)): null

2019-02-20 17:12:13 - [TEST_STEP][PASSED] - (Counter++): null

2019-02-20 17:12:13 - [TEST_STEP][PASSED] - StrB = findTestData("Internal User List").getValue(2, Counter): null

2019-02-20 17:12:13 - [TEST_STEP][PASSED] - if (StrB.equals(StrA)): null

2019-02-20 17:12:13 - [TEST_STEP][PASSED] - (Counter++): null

2019-02-20 17:12:16 - [TEST_STEP][PASSED] - StrB = findTestData("Internal User List").getValue(2, Counter): null

2019-02-20 17:12:16 - [TEST_STEP][PASSED] - if (StrB.equals(StrA)): null

2019-02-20 17:12:16 - [TEST_STEP][PASSED] - (Counter++): null

2019-02-20 17:12:16 - [TEST_STEP][PASSED] - StrB = findTestData("Internal User List").getValue(2, Counter): null

2019-02-20 17:12:16 - [TEST_STEP][PASSED] - if (StrB.equals(StrA)): null

2019-02-20 17:12:16 - [TEST_STEP][PASSED] - (Counter++): null

2019-02-20 17:12:16 - [TEST_STEP][PASSED] - StrB = findTestData("Internal User List").getValue(2, Counter): null

2019-02-20 17:12:16 - [TEST_STEP][PASSED] - if (StrB.equals(StrA)): null

2019-02-20 17:12:16 - [TEST_STEP][PASSED] - (Counter++): null

2019-02-20 17:12:16 - [TEST_STEP][PASSED] - StrB = findTestData("Internal User List").getValue(2, Counter): null

2019-02-20 17:12:18 - [TEST_STEP][PASSED] - if (StrB.equals(StrA)): null

2019-02-20 17:12:18 - [TEST_STEP][PASSED] - (Counter++): null

2019-02-20 17:12:18 - [TEST_STEP][PASSED] - StrB = findTestData("Internal User List").getValue(2, Counter): null

2019-02-20 17:12:18 - [TEST_STEP][PASSED] - if (StrB.equals(StrA)): null

2019-02-20 17:12:18 - [TEST_STEP][PASSED] - (Counter++): null

2019-02-20 17:12:18 - [TEST_STEP][PASSED] - StrB = findTestData("Internal User List").getValue(2, Counter): null

2019-02-20 17:12:18 - [TEST_STEP][PASSED] - if (StrB.equals(StrA)): null

2019-02-20 17:12:18 - [TEST_STEP][PASSED] - (Counter++): null

2019-02-20 17:12:18 - [TEST_STEP][PASSED] - StrB = findTestData("Internal User List").getValue(2, Counter): null

2019-02-20 17:12:18 - [TEST_STEP][PASSED] - if (StrB.equals(StrA)): null

2019-02-20 17:12:20 - [TEST_STEP][PASSED] - (Counter++): null

2019-02-20 17:12:20 - [TEST_STEP][PASSED] - StrB = findTestData("Internal User List").getValue(2, Counter): null

2019-02-20 17:12:20 - [TEST_STEP][PASSED] - if (StrB.equals(StrA)): null

2019-02-20 17:12:20 - [TEST_STEP][PASSED] - (Counter++): null

2019-02-20 17:12:20 - [TEST_STEP][PASSED] - StrB = findTestData("Internal User List").getValue(2, Counter): null

2019-02-20 17:12:20 - [TEST_STEP][PASSED] - if (StrB.equals(StrA)): null

2019-02-20 17:12:20 - [TEST_STEP][PASSED] - (Counter++): null

2019-02-20 17:12:20 - [TEST_STEP][PASSED] - StrB = findTestData("Internal User List").getValue(2, Counter): null

2019-02-20 17:12:20 - [TEST_STEP][PASSED] - if (StrB.equals(StrA)): null

2019-02-20 17:12:20 - [TEST_STEP][PASSED] - (Counter++): null

2019-02-20 17:12:22 - [TEST_STEP][PASSED] - StrB = findTestData("Internal User List").getValue(2, Counter): null

2019-02-20 17:12:22 - [TEST_STEP][PASSED] - if (StrB.equals(StrA)): null

2019-02-20 17:12:22 - [TEST_STEP][PASSED] - (Counter++): null

2019-02-20 17:12:22 - [TEST_STEP][PASSED] - StrB = findTestData("Internal User List").getValue(2, Counter): null

2019-02-20 17:12:22 - [TEST_STEP][PASSED] - if (StrB.equals(StrA)): null

2019-02-20 17:12:22 - [TEST_STEP][PASSED] - (Counter++): null

2019-02-20 17:12:22 - [TEST_STEP][PASSED] - StrB = findTestData("Internal User List").getValue(2, Counter): null

2019-02-20 17:12:22 - [TEST_STEP][PASSED] - if (StrB.equals(StrA)): null

2019-02-20 17:12:22 - [TEST_STEP][PASSED] - (Counter++): null

2019-02-20 17:12:22 - [TEST_STEP][PASSED] - StrB = findTestData("Internal User List").getValue(2, Counter): null

2019-02-20 17:12:22 - [TEST_STEP][PASSED] - if (StrB.equals(StrA)): null

2019-02-20 17:12:24 - [TEST_STEP][PASSED] - (Counter++): null

2019-02-20 17:12:24 - [TEST_STEP][PASSED] - StrB = findTestData("Internal User List").getValue(2, Counter): null

2019-02-20 17:12:24 - [TEST_STEP][PASSED] - if (StrB.equals(StrA)): null

2019-02-20 17:12:24 - [TEST_STEP][PASSED] - (Counter++): null

2019-02-20 17:12:24 - [TEST_STEP][PASSED] - StrB = findTestData("Internal User List").getValue(2, Counter): null

2019-02-20 17:12:24 - [TEST_STEP][PASSED] - if (StrB.equals(StrA)): null

2019-02-20 17:12:24 - [TEST_STEP][PASSED] - (Counter++): null

2019-02-20 17:12:24 - [TEST_STEP][PASSED] - StrB = findTestData("Internal User List").getValue(2, Counter): null

2019-02-20 17:12:24 - [TEST_STEP][PASSED] - if (StrB.equals(StrA)): null

2019-02-20 17:12:24 - [TEST_STEP][PASSED] - (Counter++): null

2019-02-20 17:12:26 - [TEST_STEP][PASSED] - StrB = findTestData("Internal User List").getValue(2, Counter): null

2019-02-20 17:12:26 - [TEST_STEP][PASSED] - if (StrB.equals(StrA)): null

2019-02-20 17:12:26 - [TEST_STEP][PASSED] - (Counter++): null

2019-02-20 17:12:26 - [TEST_STEP][PASSED] - StrB = findTestData("Internal User List").getValue(2, Counter): null

2019-02-20 17:12:26 - [TEST_STEP][PASSED] - if (StrB.equals(StrA)): null

2019-02-20 17:12:26 - [TEST_STEP][PASSED] - (Counter++): null

2019-02-20 17:12:26 - [TEST_STEP][PASSED] - StrB = findTestData("Internal User List").getValue(2, Counter): null

2019-02-20 17:12:26 - [TEST_STEP][PASSED] - if (StrB.equals(StrA)): null

2019-02-20 17:12:26 - [TEST_STEP][PASSED] - (Counter++): null

2019-02-20 17:12:26 - [TEST_STEP][PASSED] - StrB = findTestData("Internal User List").getValue(2, Counter): null

2019-02-20 17:12:28 - [TEST_STEP][PASSED] - if (StrB.equals(StrA)): null

2019-02-20 17:12:28 - [TEST_STEP][PASSED] - (Counter++): null

2019-02-20 17:12:28 - [TEST_STEP][PASSED] - StrB = findTestData("Internal User List").getValue(2, Counter): null

2019-02-20 17:12:28 - [TEST_STEP][PASSED] - if (StrB.equals(StrA)): null

2019-02-20 17:12:28 - [TEST_STEP][PASSED] - (Counter++): null

2019-02-20 17:12:28 - [TEST_STEP][PASSED] - StrB = findTestData("Internal User List").getValue(2, Counter): null

2019-02-20 17:12:28 - [TEST_STEP][PASSED] - if (StrB.equals(StrA)): null

2019-02-20 17:12:28 - [TEST_STEP][PASSED] - (Counter++): null

2019-02-20 17:12:28 - [TEST_STEP][PASSED] - StrB = findTestData("Internal User List").getValue(2, Counter): null

2019-02-20 17:12:28 - [TEST_STEP][PASSED] - if (StrB.equals(StrA)): null

2019-02-20 17:12:30 - [TEST_STEP][PASSED] - (Counter++): null

2019-02-20 17:12:30 - [TEST_STEP][PASSED] - StrB = findTestData("Internal User List").getValue(2, Counter): null

2019-02-20 17:12:30 - [TEST_STEP][PASSED] - if (StrB.equals(StrA)): null

2019-02-20 17:12:30 - [TEST_STEP][PASSED] - (Counter++): null

2019-02-20 17:12:30 - [TEST_STEP][PASSED] - StrB = findTestData("Internal User List").getValue(2, Counter): null

2019-02-20 17:12:30 - [TEST_STEP][PASSED] - if (StrB.equals(StrA)): null

2019-02-20 17:12:30 - [TEST_STEP][PASSED] - (Counter++): null

2019-02-20 17:12:30 - [TEST_STEP][PASSED] - StrB = findTestData("Internal User List").getValue(2, Counter): null

2019-02-20 17:12:30 - [TEST_STEP][PASSED] - if (StrB.equals(StrA)): null

2019-02-20 17:12:30 - [TEST_STEP][PASSED] - (Counter++): null

2019-02-20 17:12:30 - [TEST_STEP][PASSED] - StrB = findTestData("Internal User List").getValue(2, Counter): null

2019-02-20 17:12:32 - [TEST_STEP][PASSED] - if (StrB.equals(StrA)): null

2019-02-20 17:12:32 - [TEST_STEP][PASSED] - (Counter++): null

2019-02-20 17:12:32 - [TEST_STEP][PASSED] - StrB = findTestData("Internal User List").getValue(2, Counter): null

2019-02-20 17:12:32 - [TEST_STEP][PASSED] - if (StrB.equals(StrA)): null

2019-02-20 17:12:32 - [TEST_STEP][PASSED] - (Counter++): null

2019-02-20 17:12:32 - [TEST_STEP][PASSED] - StrB = findTestData("Internal User List").getValue(2, Counter): null

2019-02-20 17:12:32 - [TEST_STEP][PASSED] - if (StrB.equals(StrA)): null

2019-02-20 17:12:32 - [TEST_STEP][PASSED] - (Counter++): null

2019-02-20 17:12:32 - [TEST_STEP][PASSED] - StrB = findTestData("Internal User List").getValue(2, Counter): null

2019-02-20 17:12:32 - [TEST_STEP][PASSED] - if (StrB.equals(StrA)): null

2019-02-20 17:12:34 - [TEST_STEP][PASSED] - (Counter++): null

2019-02-20 17:12:34 - [TEST_STEP][PASSED] - StrB = findTestData("Internal User List").getValue(2, Counter): null

2019-02-20 17:12:34 - [TEST_STEP][PASSED] - if (StrB.equals(StrA)): null

2019-02-20 17:12:34 - [TEST_STEP][PASSED] - (Counter++): null

2019-02-20 17:12:34 - [TEST_STEP][PASSED] - StrB = findTestData("Internal User List").getValue(2, Counter): null

2019-02-20 17:12:34 - [TEST_STEP][PASSED] - if (StrB.equals(StrA)): null

2019-02-20 17:12:34 - [TEST_STEP][PASSED] - (Counter++): null

2019-02-20 17:12:34 - [TEST_STEP][PASSED] - StrB = findTestData("Internal User List").getValue(2, Counter): null

2019-02-20 17:12:34 - [TEST_STEP][PASSED] - if (StrB.equals(StrA)): null

2019-02-20 17:12:34 - [TEST_STEP][PASSED] - (Counter++): null

2019-02-20 17:12:36 - [TEST_STEP][PASSED] - StrB = findTestData("Internal User List").getValue(2, Counter): null

2019-02-20 17:12:36 - [TEST_STEP][PASSED] - if (StrB.equals(StrA)): null

2019-02-20 17:12:36 - [TEST_STEP][PASSED] - (Counter++): null

2019-02-20 17:12:36 - [TEST_STEP][PASSED] - StrB = findTestData("Internal User List").getValue(2, Counter): null

2019-02-20 17:12:36 - [TEST_STEP][PASSED] - if (StrB.equals(StrA)): null

2019-02-20 17:12:36 - [TEST_STEP][PASSED] - (Counter++): null

2019-02-20 17:12:36 - [TEST_STEP][PASSED] - StrB = findTestData("Internal User List").getValue(2, Counter): null

2019-02-20 17:12:36 - [TEST_STEP][PASSED] - if (StrB.equals(StrA)): null

2019-02-20 17:12:36 - [TEST_STEP][PASSED] - (Counter++): null

2019-02-20 17:12:36 - [TEST_STEP][PASSED] - StrB = findTestData("Internal User List").getValue(2, Counter): null

2019-02-20 17:12:38 - [TEST_STEP][PASSED] - if (StrB.equals(StrA)): null

2019-02-20 17:12:38 - [TEST_STEP][PASSED] - (Counter++): null

2019-02-20 17:12:38 - [TEST_STEP][PASSED] - StrB = findTestData("Internal User List").getValue(2, Counter): null

2019-02-20 17:12:38 - [TEST_STEP][PASSED] - if (StrB.equals(StrA)): null

2019-02-20 17:12:38 - [TEST_STEP][PASSED] - (Counter++): null

2019-02-20 17:12:38 - [TEST_STEP][PASSED] - StrB = findTestData("Internal User List").getValue(2, Counter): null

2019-02-20 17:12:38 - [TEST_STEP][PASSED] - if (StrB.equals(StrA)): null

2019-02-20 17:12:38 - [TEST_STEP][PASSED] - (Counter++): null

2019-02-20 17:12:38 - [TEST_STEP][PASSED] - StrB = findTestData("Internal User List").getValue(2, Counter): null

2019-02-20 17:12:38 - [TEST_STEP][PASSED] - if (StrB.equals(StrA)): null

2019-02-20 17:12:38 - [TEST_STEP][PASSED] - (Counter++): null

2019-02-20 17:12:40 - [TEST_STEP][PASSED] - StrB = findTestData("Internal User List").getValue(2, Counter): null

2019-02-20 17:12:40 - [TEST_STEP][PASSED] - if (StrB.equals(StrA)): null

2019-02-20 17:12:40 - [TEST_STEP][PASSED] - (Counter++): null

2019-02-20 17:12:40 - [TEST_STEP][PASSED] - StrB = findTestData("Internal User List").getValue(2, Counter): null

2019-02-20 17:12:40 - [TEST_STEP][PASSED] - if (StrB.equals(StrA)): null

2019-02-20 17:12:40 - [TEST_STEP][PASSED] - (Counter++): null

2019-02-20 17:12:40 - [TEST_STEP][PASSED] - StrB = findTestData("Internal User List").getValue(2, Counter): null

2019-02-20 17:12:40 - [TEST_STEP][PASSED] - if (StrB.equals(StrA)): null

2019-02-20 17:12:40 - [TEST_STEP][PASSED] - (Counter++): null

2019-02-20 17:12:40 - [TEST_STEP][PASSED] - StrB = findTestData("Internal User List").getValue(2, Counter): null

2019-02-20 17:12:42 - [TEST_STEP][PASSED] - if (StrB.equals(StrA)): null

2019-02-20 17:12:42 - [TEST_STEP][PASSED] - (Counter++): null

2019-02-20 17:12:42 - [TEST_STEP][PASSED] - StrB = findTestData("Internal User List").getValue(2, Counter): null

2019-02-20 17:12:42 - [TEST_STEP][PASSED] - if (StrB.equals(StrA)): null

2019-02-20 17:12:42 - [TEST_STEP][PASSED] - (Counter++): null

2019-02-20 17:12:42 - [TEST_STEP][PASSED] - StrB = findTestData("Internal User List").getValue(2, Counter): null

2019-02-20 17:12:42 - [TEST_STEP][PASSED] - if (StrB.equals(StrA)): null

2019-02-20 17:12:42 - [TEST_STEP][PASSED] - (Counter++): null

2019-02-20 17:12:42 - [TEST_STEP][PASSED] - StrB = findTestData("Internal User List").getValue(2, Counter): null

2019-02-20 17:12:42 - [TEST_STEP][PASSED] - if (StrB.equals(StrA)): null

2019-02-20 17:12:44 - [TEST_STEP][PASSED] - (Counter++): null

2019-02-20 17:12:44 - [TEST_STEP][PASSED] - StrB = findTestData("Internal User List").getValue(2, Counter): null

2019-02-20 17:12:44 - [TEST_STEP][PASSED] - if (StrB.equals(StrA)): null

2019-02-20 17:12:44 - [TEST_STEP][PASSED] - (Counter++): null

2019-02-20 17:12:44 - [TEST_STEP][PASSED] - StrB = findTestData("Internal User List").getValue(2, Counter): null

2019-02-20 17:12:44 - [TEST_STEP][PASSED] - if (StrB.equals(StrA)): null

2019-02-20 17:12:44 - [TEST_STEP][PASSED] - (Counter++): null

2019-02-20 17:12:44 - [TEST_STEP][PASSED] - StrB = findTestData("Internal User List").getValue(2, Counter): null

2019-02-20 17:12:44 - [TEST_STEP][PASSED] - if (StrB.equals(StrA)): null

2019-02-20 17:12:44 - [TEST_STEP][PASSED] - (Counter++): null

2019-02-20 17:12:46 - [TEST_STEP][PASSED] - StrB = findTestData("Internal User List").getValue(2, Counter): null

2019-02-20 17:12:46 - [TEST_STEP][PASSED] - if (StrB.equals(StrA)): null

2019-02-20 17:12:46 - [TEST_STEP][PASSED] - (Counter++): null

2019-02-20 17:12:46 - [TEST_STEP][PASSED] - StrB = findTestData("Internal User List").getValue(2, Counter): null

2019-02-20 17:12:46 - [TEST_STEP][PASSED] - if (StrB.equals(StrA)): null

2019-02-20 17:12:46 - [TEST_STEP][PASSED] - (Counter++): null

2019-02-20 17:12:46 - [TEST_STEP][PASSED] - StrB = findTestData("Internal User List").getValue(2, Counter): null

2019-02-20 17:12:46 - [TEST_STEP][PASSED] - if (StrB.equals(StrA)): null

2019-02-20 17:12:46 - [TEST_STEP][PASSED] - (Counter++): null

2019-02-20 17:12:46 - [TEST_STEP][PASSED] - StrB = findTestData("Internal User List").getValue(2, Counter): null

2019-02-20 17:12:46 - [TEST_STEP][PASSED] - if (StrB.equals(StrA)): null

2019-02-20 17:12:48 - [TEST_STEP][PASSED] - (Counter++): null

2019-02-20 17:12:48 - [TEST_STEP][PASSED] - StrB = findTestData("Internal User List").getValue(2, Counter): null

2019-02-20 17:12:48 - [TEST_STEP][PASSED] - if (StrB.equals(StrA)): null

2019-02-20 17:12:48 - [TEST_STEP][PASSED] - (Counter++): null

2019-02-20 17:12:48 - [TEST_STEP][PASSED] - StrB = findTestData("Internal User List").getValue(2, Counter): null

2019-02-20 17:12:48 - [TEST_STEP][PASSED] - if (StrB.equals(StrA)): null

2019-02-20 17:12:48 - [TEST_STEP][PASSED] - (Counter++): null

2019-02-20 17:12:48 - [TEST_STEP][PASSED] - StrB = findTestData("Internal User List").getValue(2, Counter): null

2019-02-20 17:12:48 - [TEST_STEP][PASSED] - if (StrB.equals(StrA)): null

2019-02-20 17:12:48 - [TEST_STEP][PASSED] - (Counter++): null

2019-02-20 17:12:50 - [TEST_STEP][PASSED] - StrB = findTestData("Internal User List").getValue(2, Counter): null

2019-02-20 17:12:51 - [TEST_STEP][PASSED] - if (StrB.equals(StrA)): null

2019-02-20 17:12:51 - [TEST_STEP][PASSED] - (Counter++): null

2019-02-20 17:12:51 - [TEST_STEP][PASSED] - StrB = findTestData("Internal User List").getValue(2, Counter): null

2019-02-20 17:12:51 - [TEST_STEP][PASSED] - if (StrB.equals(StrA)): null

2019-02-20 17:12:51 - [TEST_STEP][PASSED] - (Counter++): null

2019-02-20 17:12:51 - [TEST_STEP][PASSED] - StrB = findTestData("Internal User List").getValue(2, Counter): null

2019-02-20 17:12:51 - [TEST_STEP][PASSED] - if (StrB.equals(StrA)): null

2019-02-20 17:12:51 - [TEST_STEP][PASSED] - (Counter++): null

2019-02-20 17:12:51 - [TEST_STEP][PASSED] - StrB = findTestData("Internal User List").getValue(2, Counter): null

2019-02-20 17:12:53 - [TEST_STEP][PASSED] - if (StrB.equals(StrA)): null

2019-02-20 17:12:53 - [TEST_STEP][PASSED] - (Counter++): null

2019-02-20 17:12:53 - [TEST_STEP][PASSED] - StrB = findTestData("Internal User List").getValue(2, Counter): null

2019-02-20 17:12:53 - [TEST_STEP][PASSED] - if (StrB.equals(StrA)): null

2019-02-20 17:12:53 - [TEST_STEP][PASSED] - (Counter++): null

2019-02-20 17:12:53 - [TEST_STEP][PASSED] - StrB = findTestData("Internal User List").getValue(2, Counter): null

2019-02-20 17:12:53 - [TEST_STEP][PASSED] - if (StrB.equals(StrA)): null

2019-02-20 17:12:53 - [TEST_STEP][PASSED] - (Counter++): null

2019-02-20 17:12:53 - [TEST_STEP][PASSED] - StrB = findTestData("Internal User List").getValue(2, Counter): null

2019-02-20 17:12:53 - [TEST_STEP][PASSED] - if (StrB.equals(StrA)): null

2019-02-20 17:12:55 - [TEST_STEP][PASSED] - (Counter++): null

2019-02-20 17:12:55 - [TEST_STEP][PASSED] - StrB = findTestData("Internal User List").getValue(2, Counter): null

2019-02-20 17:12:55 - [TEST_STEP][PASSED] - if (StrB.equals(StrA)): null

2019-02-20 17:12:55 - [TEST_STEP][PASSED] - (Counter++): null

2019-02-20 17:12:55 - [TEST_STEP][PASSED] - StrB = findTestData("Internal User List").getValue(2, Counter): null

2019-02-20 17:12:55 - [TEST_STEP][PASSED] - if (StrB.equals(StrA)): null

2019-02-20 17:12:55 - [TEST_STEP][PASSED] - (Counter++): null

2019-02-20 17:12:55 - [TEST_STEP][PASSED] - StrB = findTestData("Internal User List").getValue(2, Counter): null

2019-02-20 17:12:55 - [TEST_STEP][PASSED] - if (StrB.equals(StrA)): null

2019-02-20 17:12:55 - [TEST_STEP][PASSED] - (Counter++): null

2019-02-20 17:12:55 - [TEST_STEP][PASSED] - StrB = findTestData("Internal User List").getValue(2, Counter): null

2019-02-20 17:12:57 - [TEST_STEP][PASSED] - if (StrB.equals(StrA)): null

2019-02-20 17:12:57 - [TEST_STEP][PASSED] - (Counter++): null

2019-02-20 17:12:57 - [TEST_STEP][PASSED] - StrB = findTestData("Internal User List").getValue(2, Counter): null

2019-02-20 17:12:57 - [TEST_STEP][PASSED] - if (StrB.equals(StrA)): null

2019-02-20 17:12:57 - [TEST_STEP][PASSED] - (Counter++): null

2019-02-20 17:12:57 - [TEST_STEP][PASSED] - StrB = findTestData("Internal User List").getValue(2, Counter): null

2019-02-20 17:12:57 - [TEST_STEP][PASSED] - if (StrB.equals(StrA)): null

2019-02-20 17:12:57 - [TEST_STEP][PASSED] - (Counter++): null

2019-02-20 17:12:57 - [TEST_STEP][PASSED] - StrB = findTestData("Internal User List").getValue(2, Counter): null

2019-02-20 17:12:58 - [TEST_STEP][PASSED] - if (StrB.equals(StrA)): null

2019-02-20 17:13:00 - [TEST_STEP][PASSED] - (Counter++): null

2019-02-20 17:13:00 - [TEST_STEP][PASSED] - StrB = findTestData("Internal User List").getValue(2, Counter): null

2019-02-20 17:13:00 - [TEST_STEP][PASSED] - if (StrB.equals(StrA)): null

2019-02-20 17:13:00 - [TEST_STEP][PASSED] - (Counter++): null

2019-02-20 17:13:00 - [TEST_STEP][PASSED] - StrB = findTestData("Internal User List").getValue(2, Counter): null

2019-02-20 17:13:00 - [TEST_STEP][PASSED] - if (StrB.equals(StrA)): null

2019-02-20 17:13:00 - [TEST_STEP][PASSED] - (Counter++): null

2019-02-20 17:13:00 - [TEST_STEP][PASSED] - StrB = findTestData("Internal User List").getValue(2, Counter): null

2019-02-20 17:13:00 - [TEST_STEP][PASSED] - if (StrB.equals(StrA)): null

2019-02-20 17:13:00 - [TEST_STEP][PASSED] - (Counter++): null

2019-02-20 17:13:02 - [TEST_STEP][PASSED] - StrB = findTestData("Internal User List").getValue(2, Counter): null

2019-02-20 17:13:02 - [TEST_STEP][PASSED] - if (StrB.equals(StrA)): null

2019-02-20 17:13:02 - [TEST_STEP][PASSED] - (Counter++): null

2019-02-20 17:13:02 - [TEST_STEP][PASSED] - StrB = findTestData("Internal User List").getValue(2, Counter): null

2019-02-20 17:13:02 - [TEST_STEP][PASSED] - if (StrB.equals(StrA)): null

2019-02-20 17:13:02 - [TEST_STEP][PASSED] - (Counter++): null

2019-02-20 17:13:02 - [TEST_STEP][PASSED] - StrB = findTestData("Internal User List").getValue(2, Counter): null

2019-02-20 17:13:02 - [TEST_STEP][PASSED] - if (StrB.equals(StrA)): null

2019-02-20 17:13:02 - [TEST_STEP][PASSED] - (Counter++): null

2019-02-20 17:13:02 - [TEST_STEP][PASSED] - StrB = findTestData("Internal User List").getValue(2, Counter): null

2019-02-20 17:13:04 - [TEST_STEP][PASSED] - if (StrB.equals(StrA)): null

2019-02-20 17:13:04 - [TEST_STEP][PASSED] - (Counter++): null

2019-02-20 17:13:04 - [TEST_STEP][PASSED] - StrB = findTestData("Internal User List").getValue(2, Counter): null

2019-02-20 17:13:04 - [TEST_STEP][PASSED] - if (StrB.equals(StrA)): null

2019-02-20 17:13:04 - [TEST_STEP][PASSED] - (Counter++): null

2019-02-20 17:13:04 - [TEST_STEP][PASSED] - StrB = findTestData("Internal User List").getValue(2, Counter): null

2019-02-20 17:13:05 - [TEST_STEP][PASSED] - if (StrB.equals(StrA)): null

2019-02-20 17:13:05 - [TEST_STEP][PASSED] - (Counter++): null

2019-02-20 17:13:05 - [TEST_STEP][PASSED] - StrB = findTestData("Internal User List").getValue(2, Counter): null

2019-02-20 17:13:05 - [TEST_STEP][PASSED] - if (StrB.equals(StrA)): null

2019-02-20 17:13:05 - [TEST_STEP][PASSED] - (Counter++): null

2019-02-20 17:13:06 - [TEST_STEP][PASSED] - StrB = findTestData("Internal User List").getValue(2, Counter): null

2019-02-20 17:13:06 - [TEST_STEP][PASSED] - if (StrB.equals(StrA)): null

2019-02-20 17:13:06 - [TEST_STEP][PASSED] - (Counter++): null

2019-02-20 17:13:06 - [TEST_STEP][PASSED] - StrB = findTestData("Internal User List").getValue(2, Counter): null

2019-02-20 17:13:06 - [TEST_STEP][PASSED] - if (StrB.equals(StrA)): null

2019-02-20 17:13:06 - [TEST_STEP][PASSED] - (Counter++): null

2019-02-20 17:13:06 - [TEST_STEP][PASSED] - StrB = findTestData("Internal User List").getValue(2, Counter): null

2019-02-20 17:13:06 - [TEST_STEP][PASSED] - if (StrB.equals(StrA)): null

2019-02-20 17:13:06 - [TEST_STEP][PASSED] - (Counter++): null

2019-02-20 17:13:06 - [TEST_STEP][PASSED] - StrB = findTestData("Internal User List").getValue(2, Counter): null

2019-02-20 17:13:08 - [TEST_STEP][PASSED] - if (StrB.equals(StrA)): null

2019-02-20 17:13:08 - [TEST_STEP][PASSED] - (Counter++): null

2019-02-20 17:13:08 - [TEST_STEP][PASSED] - StrB = findTestData("Internal User List").getValue(2, Counter): null

2019-02-20 17:13:08 - [TEST_STEP][PASSED] - if (StrB.equals(StrA)): null

2019-02-20 17:13:08 - [TEST_STEP][PASSED] - (Counter++): null

2019-02-20 17:13:08 - [TEST_STEP][PASSED] - StrB = findTestData("Internal User List").getValue(2, Counter): null

2019-02-20 17:13:08 - [TEST_STEP][PASSED] - if (StrB.equals(StrA)): null

2019-02-20 17:13:08 - [TEST_STEP][PASSED] - (Counter++): null

2019-02-20 17:13:08 - [TEST_STEP][PASSED] - StrB = findTestData("Internal User List").getValue(2, Counter): null

2019-02-20 17:13:08 - [TEST_STEP][PASSED] - if (StrB.equals(StrA)): null

2019-02-20 17:13:10 - [TEST_STEP][PASSED] - (Counter++): null

2019-02-20 17:13:10 - [TEST_STEP][PASSED] - StrB = findTestData("Internal User List").getValue(2, Counter): null

2019-02-20 17:13:10 - [TEST_STEP][PASSED] - if (StrB.equals(StrA)): null

2019-02-20 17:13:10 - [TEST_STEP][PASSED] - (Counter++): null

2019-02-20 17:13:10 - [TEST_STEP][PASSED] - StrB = findTestData("Internal User List").getValue(2, Counter): null

2019-02-20 17:13:10 - [TEST_STEP][PASSED] - if (StrB.equals(StrA)): null

2019-02-20 17:13:10 - [TEST_STEP][PASSED] - (Counter++): null

2019-02-20 17:13:10 - [TEST_STEP][PASSED] - StrB = findTestData("Internal User List").getValue(2, Counter): null

2019-02-20 17:13:10 - [TEST_STEP][PASSED] - if (StrB.equals(StrA)): null

2019-02-20 17:13:10 - [TEST_STEP][PASSED] - (Counter++): null

2019-02-20 17:13:12 - [TEST_STEP][PASSED] - StrB = findTestData("Internal User List").getValue(2, Counter): null

2019-02-20 17:13:12 - [TEST_STEP][PASSED] - if (StrB.equals(StrA)): null

2019-02-20 17:13:12 - [TEST_STEP][PASSED] - (Counter++): null

2019-02-20 17:13:12 - [TEST_STEP][PASSED] - StrB = findTestData("Internal User List").getValue(2, Counter): null

2019-02-20 17:13:12 - [TEST_STEP][PASSED] - if (StrB.equals(StrA)): null

2019-02-20 17:13:12 - [TEST_STEP][PASSED] - (Counter++): null

2019-02-20 17:13:12 - [TEST_STEP][PASSED] - StrB = findTestData("Internal User List").getValue(2, Counter): null

2019-02-20 17:13:12 - [TEST_STEP][PASSED] - if (StrB.equals(StrA)): null

2019-02-20 17:13:12 - [TEST_STEP][PASSED] - (Counter++): null

2019-02-20 17:13:12 - [TEST_STEP][PASSED] - StrB = findTestData("Internal User List").getValue(2, Counter): null

2019-02-20 17:13:12 - [TEST_STEP][PASSED] - if (StrB.equals(StrA)): null

2019-02-20 17:13:15 - [TEST_STEP][PASSED] - (Counter++): null

2019-02-20 17:13:15 - [TEST_STEP][PASSED] - StrB = findTestData("Internal User List").getValue(2, Counter): null

2019-02-20 17:13:15 - [TEST_STEP][PASSED] - if (StrB.equals(StrA)): null

2019-02-20 17:13:15 - [TEST_STEP][PASSED] - (Counter++): null

2019-02-20 17:13:15 - [TEST_STEP][PASSED] - StrB = findTestData("Internal User List").getValue(2, Counter): null

2019-02-20 17:13:15 - [TEST_STEP][PASSED] - if (StrB.equals(StrA)): null

2019-02-20 17:13:15 - [TEST_STEP][PASSED] - (Counter++): null

2019-02-20 17:13:15 - [TEST_STEP][PASSED] - StrB = findTestData("Internal User List").getValue(2, Counter): null

2019-02-20 17:13:15 - [TEST_STEP][PASSED] - if (StrB.equals(StrA)): null

2019-02-20 17:13:15 - [TEST_STEP][PASSED] - (Counter++): null

2019-02-20 17:13:17 - [TEST_STEP][PASSED] - StrB = findTestData("Internal User List").getValue(2, Counter): null

2019-02-20 17:13:17 - [TEST_STEP][PASSED] - if (StrB.equals(StrA)): null

2019-02-20 17:13:17 - [TEST_STEP][PASSED] - (Counter++): null

2019-02-20 17:13:17 - [TEST_STEP][PASSED] - StrB = findTestData("Internal User List").getValue(2, Counter): null

2019-02-20 17:13:17 - [TEST_STEP][PASSED] - if (StrB.equals(StrA)): null

2019-02-20 17:13:17 - [TEST_STEP][PASSED] - (Counter++): null

2019-02-20 17:13:17 - [TEST_STEP][PASSED] - StrB = findTestData("Internal User List").getValue(2, Counter): null

2019-02-20 17:13:17 - [TEST_STEP][PASSED] - if (StrB.equals(StrA)): null

2019-02-20 17:13:17 - [TEST_STEP][PASSED] - (Counter++): null

2019-02-20 17:13:17 - [TEST_STEP][PASSED] - StrB = findTestData("Internal User List").getValue(2, Counter): null

2019-02-20 17:13:20 - [TEST_STEP][PASSED] - if (StrB.equals(StrA)): null

2019-02-20 17:13:20 - [TEST_STEP][PASSED] - (Counter++): null

2019-02-20 17:13:20 - [TEST_STEP][PASSED] - StrB = findTestData("Internal User List").getValue(2, Counter): null

2019-02-20 17:13:20 - [TEST_STEP][PASSED] - if (StrB.equals(StrA)): null

2019-02-20 17:13:20 - [TEST_STEP][PASSED] - (Counter++): null

2019-02-20 17:13:20 - [TEST_STEP][PASSED] - StrB = findTestData("Internal User List").getValue(2, Counter): null

2019-02-20 17:13:20 - [TEST_STEP][PASSED] - if (StrB.equals(StrA)): null

2019-02-20 17:13:20 - [TEST_STEP][PASSED] - (Counter++): null

2019-02-20 17:13:20 - [TEST_STEP][PASSED] - StrB = findTestData("Internal User List").getValue(2, Counter): null

2019-02-20 17:13:20 - [TEST_STEP][PASSED] - if (StrB.equals(StrA)): null

2019-02-20 17:13:22 - [TEST_STEP][PASSED] - (Counter++): null

2019-02-20 17:13:22 - [TEST_STEP][PASSED] - StrB = findTestData("Internal User List").getValue(2, Counter): null

2019-02-20 17:13:22 - [TEST_STEP][PASSED] - if (StrB.equals(StrA)): null

2019-02-20 17:13:22 - [TEST_STEP][PASSED] - (Counter++): null

2019-02-20 17:13:22 - [TEST_STEP][PASSED] - StrB = findTestData("Internal User List").getValue(2, Counter): null

2019-02-20 17:13:22 - [TEST_STEP][PASSED] - if (StrB.equals(StrA)): null

2019-02-20 17:13:22 - [TEST_STEP][PASSED] - (Counter++): null

2019-02-20 17:13:22 - [TEST_STEP][PASSED] - StrB = findTestData("Internal User List").getValue(2, Counter): null

2019-02-20 17:13:22 - [TEST_STEP][PASSED] - if (StrB.equals(StrA)): null

2019-02-20 17:13:22 - [TEST_STEP][PASSED] - (Counter++): null

2019-02-20 17:13:25 - [TEST_STEP][PASSED] - StrB = findTestData("Internal User List").getValue(2, Counter): null

2019-02-20 17:13:25 - [TEST_STEP][PASSED] - if (StrB.equals(StrA)): null

2019-02-20 17:13:25 - [TEST_STEP][PASSED] - (Counter++): null

2019-02-20 17:13:25 - [TEST_STEP][PASSED] - StrB = findTestData("Internal User List").getValue(2, Counter): null

2019-02-20 17:13:25 - [TEST_STEP][PASSED] - if (StrB.equals(StrA)): null

2019-02-20 17:13:25 - [TEST_STEP][PASSED] - (Counter++): null

2019-02-20 17:13:25 - [TEST_STEP][PASSED] - StrB = findTestData("Internal User List").getValue(2, Counter): null

2019-02-20 17:13:25 - [TEST_STEP][PASSED] - if (StrB.equals(StrA)): null

2019-02-20 17:13:25 - [TEST_STEP][PASSED] - (Counter++): null

2019-02-20 17:13:25 - [TEST_STEP][PASSED] - StrB = findTestData("Internal User List").getValue(2, Counter): null

2019-02-20 17:13:25 - [TEST_STEP][PASSED] - if (StrB.equals(StrA)): null

2019-02-20 17:13:27 - [TEST_STEP][PASSED] - (Counter++): null

2019-02-20 17:13:27 - [TEST_STEP][PASSED] - StrB = findTestData("Internal User List").getValue(2, Counter): null

2019-02-20 17:13:27 - [TEST_STEP][PASSED] - if (StrB.equals(StrA)): null

2019-02-20 17:13:27 - [TEST_STEP][PASSED] - (Counter++): null

2019-02-20 17:13:27 - [TEST_STEP][PASSED] - StrB = findTestData("Internal User List").getValue(2, Counter): null

2019-02-20 17:13:27 - [TEST_STEP][PASSED] - if (StrB.equals(StrA)): null

2019-02-20 17:13:27 - [TEST_STEP][PASSED] - (Counter++): null

2019-02-20 17:13:27 - [TEST_STEP][PASSED] - StrB = findTestData("Internal User List").getValue(2, Counter): null

2019-02-20 17:13:27 - [TEST_STEP][PASSED] - if (StrB.equals(StrA)): null

2019-02-20 17:13:27 - [TEST_STEP][PASSED] - (Counter++): null

2019-02-20 17:13:30 - [TEST_STEP][PASSED] - StrB = findTestData("Internal User List").getValue(2, Counter): null

2019-02-20 17:13:30 - [TEST_STEP][PASSED] - if (StrB.equals(StrA)): null

2019-02-20 17:13:30 - [TEST_STEP][PASSED] - (Counter++): null

2019-02-20 17:13:30 - [TEST_STEP][PASSED] - StrB = findTestData("Internal User List").getValue(2, Counter): null

2019-02-20 17:13:30 - [TEST_STEP][PASSED] - if (StrB.equals(StrA)): null

2019-02-20 17:13:30 - [TEST_STEP][PASSED] - (Counter++): null

2019-02-20 17:13:30 - [TEST_STEP][PASSED] - StrB = findTestData("Internal User List").getValue(2, Counter): null

2019-02-20 17:13:30 - [TEST_STEP][PASSED] - if (StrB.equals(StrA)): null

2019-02-20 17:13:30 - [TEST_STEP][PASSED] - (Counter++): null

2019-02-20 17:13:30 - [TEST_STEP][PASSED] - StrB = findTestData("Internal User List").getValue(2, Counter): null

2019-02-20 17:13:32 - [TEST_STEP][PASSED] - if (StrB.equals(StrA)): null

2019-02-20 17:13:32 - [TEST_STEP][PASSED] - (Counter++): null

2019-02-20 17:13:32 - [TEST_STEP][PASSED] - StrB = findTestData("Internal User List").getValue(2, Counter): null

2019-02-20 17:13:32 - [TEST_STEP][PASSED] - if (StrB.equals(StrA)): null

2019-02-20 17:13:32 - [TEST_STEP][PASSED] - (Counter++): null

2019-02-20 17:13:32 - [TEST_STEP][PASSED] - StrB = findTestData("Internal User List").getValue(2, Counter): null

2019-02-20 17:13:32 - [TEST_STEP][PASSED] - if (StrB.equals(StrA)): null

2019-02-20 17:13:32 - [TEST_STEP][PASSED] - (Counter++): null

2019-02-20 17:13:32 - [TEST_STEP][PASSED] - StrB = findTestData("Internal User List").getValue(2, Counter): null

2019-02-20 17:13:32 - [TEST_STEP][PASSED] - if (StrB.equals(StrA)): null

2019-02-20 17:13:34 - [TEST_STEP][PASSED] - (Counter++): null

2019-02-20 17:13:34 - [TEST_STEP][PASSED] - StrB = findTestData("Internal User List").getValue(2, Counter): null

2019-02-20 17:13:34 - [TEST_STEP][PASSED] - if (StrB.equals(StrA)): null

2019-02-20 17:13:34 - [TEST_STEP][PASSED] - (Counter++): null

2019-02-20 17:13:34 - [TEST_STEP][PASSED] - StrB = findTestData("Internal User List").getValue(2, Counter): null

2019-02-20 17:13:34 - [TEST_STEP][PASSED] - if (StrB.equals(StrA)): null

2019-02-20 17:13:34 - [TEST_STEP][PASSED] - (Counter++): null

2019-02-20 17:13:34 - [TEST_STEP][PASSED] - StrB = findTestData("Internal User List").getValue(2, Counter): null

2019-02-20 17:13:34 - [TEST_STEP][PASSED] - if (StrB.equals(StrA)): null

2019-02-20 17:13:34 - [TEST_STEP][PASSED] - (Counter++): null

2019-02-20 17:13:34 - [TEST_STEP][PASSED] - StrB = findTestData("Internal User List").getValue(2, Counter): null

2019-02-20 17:13:36 - [TEST_STEP][PASSED] - if (StrB.equals(StrA)): null

2019-02-20 17:13:36 - [TEST_STEP][PASSED] - (Counter++): null

2019-02-20 17:13:36 - [TEST_STEP][PASSED] - StrB = findTestData("Internal User List").getValue(2, Counter): null

2019-02-20 17:13:36 - [TEST_STEP][PASSED] - if (StrB.equals(StrA)): null

2019-02-20 17:13:36 - [TEST_STEP][PASSED] - (Counter++): null

2019-02-20 17:13:36 - [TEST_STEP][PASSED] - StrB = findTestData("Internal User List").getValue(2, Counter): null

2019-02-20 17:13:37 - [TEST_STEP][PASSED] - if (StrB.equals(StrA)): null

2019-02-20 17:13:37 - [TEST_STEP][PASSED] - (Counter++): null

2019-02-20 17:13:37 - [TEST_STEP][PASSED] - StrB = findTestData("Internal User List").getValue(2, Counter): null

2019-02-20 17:13:37 - [TEST_STEP][PASSED] - if (StrB.equals(StrA)): null

2019-02-20 17:13:39 - [TEST_STEP][PASSED] - (Counter++): null

2019-02-20 17:13:39 - [TEST_STEP][PASSED] - StrB = findTestData("Internal User List").getValue(2, Counter): null

2019-02-20 17:13:39 - [TEST_STEP][PASSED] - if (StrB.equals(StrA)): null

2019-02-20 17:13:39 - [TEST_STEP][PASSED] - (Counter++): null

2019-02-20 17:13:39 - [TEST_STEP][PASSED] - StrB = findTestData("Internal User List").getValue(2, Counter): null

2019-02-20 17:13:39 - [TEST_STEP][PASSED] - if (StrB.equals(StrA)): null

2019-02-20 17:13:39 - [TEST_STEP][PASSED] - (Counter++): null

2019-02-20 17:13:39 - [TEST_STEP][PASSED] - StrB = findTestData("Internal User List").getValue(2, Counter): null

2019-02-20 17:13:39 - [TEST_STEP][PASSED] - if (StrB.equals(StrA)): null

2019-02-20 17:13:39 - [TEST_STEP][PASSED] - (Counter++): null

2019-02-20 17:13:41 - [TEST_STEP][PASSED] - StrB = findTestData("Internal User List").getValue(2, Counter): null

2019-02-20 17:13:41 - [TEST_STEP][PASSED] - if (StrB.equals(StrA)): null

2019-02-20 17:13:41 - [TEST_STEP][PASSED] - (Counter++): null

2019-02-20 17:13:41 - [TEST_STEP][PASSED] - StrB = findTestData("Internal User List").getValue(2, Counter): null

2019-02-20 17:13:41 - [TEST_STEP][PASSED] - if (StrB.equals(StrA)): null

2019-02-20 17:13:41 - [TEST_STEP][PASSED] - (Counter++): null

2019-02-20 17:13:41 - [TEST_STEP][PASSED] - StrB = findTestData("Internal User List").getValue(2, Counter): null

2019-02-20 17:13:41 - [TEST_STEP][PASSED] - if (StrB.equals(StrA)): null

2019-02-20 17:13:41 - [TEST_STEP][PASSED] - (Counter++): null

2019-02-20 17:13:41 - [TEST_STEP][PASSED] - StrB = findTestData("Internal User List").getValue(2, Counter): null

2019-02-20 17:13:44 - [TEST_STEP][PASSED] - if (StrB.equals(StrA)): null

2019-02-20 17:13:44 - [TEST_STEP][PASSED] - (Counter++): null

2019-02-20 17:13:44 - [TEST_STEP][PASSED] - StrB = findTestData("Internal User List").getValue(2, Counter): null

2019-02-20 17:13:44 - [TEST_STEP][PASSED] - if (StrB.equals(StrA)): null

2019-02-20 17:13:44 - [TEST_STEP][PASSED] - (Counter++): null

2019-02-20 17:13:44 - [TEST_STEP][PASSED] - StrB = findTestData("Internal User List").getValue(2, Counter): null

2019-02-20 17:13:44 - [TEST_STEP][PASSED] - if (StrB.equals(StrA)): null

2019-02-20 17:13:44 - [TEST_STEP][PASSED] - (Counter++): null

2019-02-20 17:13:44 - [TEST_STEP][PASSED] - StrB = findTestData("Internal User List").getValue(2, Counter): null

2019-02-20 17:13:44 - [TEST_STEP][PASSED] - if (StrB.equals(StrA)): null

2019-02-20 17:13:44 - [TEST_STEP][PASSED] - (Counter++): null

2019-02-20 17:13:46 - [TEST_STEP][PASSED] - StrB = findTestData("Internal User List").getValue(2, Counter): null

2019-02-20 17:13:46 - [TEST_STEP][PASSED] - if (StrB.equals(StrA)): null

2019-02-20 17:13:46 - [TEST_STEP][PASSED] - (Counter++): null

2019-02-20 17:13:46 - [TEST_STEP][PASSED] - StrB = findTestData("Internal User List").getValue(2, Counter): null

2019-02-20 17:13:46 - [TEST_STEP][PASSED] - if (StrB.equals(StrA)): null

2019-02-20 17:13:46 - [TEST_STEP][PASSED] - (Counter++): null

2019-02-20 17:13:46 - [TEST_STEP][PASSED] - StrB = findTestData("Internal User List").getValue(2, Counter): null

2019-02-20 17:13:46 - [TEST_STEP][PASSED] - if (StrB.equals(StrA)): null

2019-02-20 17:13:46 - [TEST_STEP][PASSED] - (Counter++): null

2019-02-20 17:13:46 - [TEST_STEP][PASSED] - StrB = findTestData("Internal User List").getValue(2, Counter): null

2019-02-20 17:13:49 - [TEST_STEP][PASSED] - if (StrB.equals(StrA)): null

2019-02-20 17:13:49 - [TEST_STEP][PASSED] - (Counter++): null

2019-02-20 17:13:49 - [TEST_STEP][PASSED] - StrB = findTestData("Internal User List").getValue(2, Counter): null

2019-02-20 17:13:49 - [TEST_STEP][PASSED] - if (StrB.equals(StrA)): null

2019-02-20 17:13:49 - [TEST_STEP][PASSED] - (Counter++): null

2019-02-20 17:13:49 - [TEST_STEP][PASSED] - StrB = findTestData("Internal User List").getValue(2, Counter): null

2019-02-20 17:13:49 - [TEST_STEP][PASSED] - if (StrB.equals(StrA)): null

2019-02-20 17:13:49 - [TEST_STEP][PASSED] - (Counter++): null

2019-02-20 17:13:49 - [TEST_STEP][PASSED] - StrB = findTestData("Internal User List").getValue(2, Counter): null

2019-02-20 17:13:49 - [TEST_STEP][PASSED] - if (StrB.equals(StrA)): null

2019-02-20 17:13:52 - [TEST_STEP][PASSED] - (Counter++): null

2019-02-20 17:13:52 - [TEST_STEP][PASSED] - StrB = findTestData("Internal User List").getValue(2, Counter): null

2019-02-20 17:13:52 - [TEST_STEP][PASSED] - if (StrB.equals(StrA)): null

2019-02-20 17:13:52 - [TEST_STEP][PASSED] - (Counter++): null

2019-02-20 17:13:52 - [TEST_STEP][PASSED] - StrB = findTestData("Internal User List").getValue(2, Counter): null

2019-02-20 17:13:52 - [TEST_STEP][PASSED] - if (StrB.equals(StrA)): null

2019-02-20 17:13:52 - [TEST_STEP][PASSED] - (Counter++): null

2019-02-20 17:13:52 - [TEST_STEP][PASSED] - StrB = findTestData("Internal User List").getValue(2, Counter): null

2019-02-20 17:13:52 - [TEST_STEP][PASSED] - if (StrB.equals(StrA)): null

2019-02-20 17:13:52 - [TEST_STEP][PASSED] - (Counter++): null

2019-02-20 17:13:54 - [TEST_STEP][PASSED] - StrB = findTestData("Internal User List").getValue(2, Counter): null

2019-02-20 17:13:55 - [TEST_STEP][PASSED] - if (StrB.equals(StrA)): null

2019-02-20 17:13:55 - [TEST_STEP][PASSED] - (Counter++): null

2019-02-20 17:13:55 - [TEST_STEP][PASSED] - StrB = findTestData("Internal User List").getValue(2, Counter): null

2019-02-20 17:13:55 - [TEST_STEP][PASSED] - if (StrB.equals(StrA)): null

2019-02-20 17:13:55 - [TEST_STEP][PASSED] - (Counter++): null

2019-02-20 17:13:55 - [TEST_STEP][PASSED] - StrB = findTestData("Internal User List").getValue(2, Counter): null

2019-02-20 17:13:55 - [TEST_STEP][PASSED] - if (StrB.equals(StrA)): null

2019-02-20 17:13:55 - [TEST_STEP][PASSED] - (Counter++): null

2019-02-20 17:13:55 - [TEST_STEP][PASSED] - StrB = findTestData("Internal User List").getValue(2, Counter): null

2019-02-20 17:13:55 - [TEST_STEP][PASSED] - if (StrB.equals(StrA)): null

2019-02-20 17:13:57 - [TEST_STEP][PASSED] - (Counter++): null

2019-02-20 17:13:57 - [TEST_STEP][PASSED] - StrB = findTestData("Internal User List").getValue(2, Counter): null

2019-02-20 17:13:57 - [TEST_STEP][PASSED] - if (StrB.equals(StrA)): null

2019-02-20 17:13:57 - [TEST_STEP][PASSED] - (Counter++): null

2019-02-20 17:13:57 - [TEST_STEP][PASSED] - StrB = findTestData("Internal User List").getValue(2, Counter): null

2019-02-20 17:13:57 - [TEST_STEP][PASSED] - if (StrB.equals(StrA)): null

2019-02-20 17:13:57 - [TEST_STEP][PASSED] - (Counter++): null

2019-02-20 17:13:57 - [TEST_STEP][PASSED] - StrB = findTestData("Internal User List").getValue(2, Counter): null

2019-02-20 17:13:57 - [TEST_STEP][PASSED] - if (StrB.equals(StrA)): null

2019-02-20 17:13:57 - [TEST_STEP][PASSED] - (Counter++): null

2019-02-20 17:14:00 - [TEST_STEP][PASSED] - StrB = findTestData("Internal User List").getValue(2, Counter): null

2019-02-20 17:14:00 - [TEST_STEP][PASSED] - if (StrB.equals(StrA)): null

2019-02-20 17:14:00 - [TEST_STEP][PASSED] - (Counter++): null

2019-02-20 17:14:00 - [TEST_STEP][PASSED] - StrB = findTestData("Internal User List").getValue(2, Counter): null

2019-02-20 17:14:00 - [TEST_STEP][PASSED] - if (StrB.equals(StrA)): null

2019-02-20 17:14:00 - [TEST_STEP][PASSED] - (Counter++): null

2019-02-20 17:14:00 - [TEST_STEP][PASSED] - StrB = findTestData("Internal User List").getValue(2, Counter): null

2019-02-20 17:14:00 - [TEST_STEP][PASSED] - if (StrB.equals(StrA)): null

2019-02-20 17:14:00 - [TEST_STEP][PASSED] - (Counter++): null

2019-02-20 17:14:00 - [TEST_STEP][PASSED] - StrB = findTestData("Internal User List").getValue(2, Counter): null

2019-02-20 17:14:03 - [TEST_STEP][PASSED] - if (StrB.equals(StrA)): null

2019-02-20 17:14:03 - [TEST_STEP][PASSED] - (Counter++): null

2019-02-20 17:14:03 - [TEST_STEP][PASSED] - StrB = findTestData("Internal User List").getValue(2, Counter): null

2019-02-20 17:14:03 - [TEST_STEP][PASSED] - if (StrB.equals(StrA)): null

2019-02-20 17:14:03 - [TEST_STEP][PASSED] - (Counter++): null

2019-02-20 17:14:03 - [TEST_STEP][PASSED] - StrB = findTestData("Internal User List").getValue(2, Counter): null

2019-02-20 17:14:03 - [TEST_STEP][PASSED] - if (StrB.equals(StrA)): null

2019-02-20 17:14:03 - [TEST_STEP][PASSED] - (Counter++): null

2019-02-20 17:14:03 - [TEST_STEP][PASSED] - StrB = findTestData("Internal User List").getValue(2, Counter): null

2019-02-20 17:14:03 - [TEST_STEP][PASSED] - if (StrB.equals(StrA)): null

2019-02-20 17:14:05 - [TEST_STEP][PASSED] - (Counter++): null

2019-02-20 17:14:05 - [TEST_STEP][PASSED] - StrB = findTestData("Internal User List").getValue(2, Counter): null

2019-02-20 17:14:05 - [TEST_STEP][PASSED] - if (StrB.equals(StrA)): null

2019-02-20 17:14:05 - [TEST_STEP][PASSED] - (Counter++): null

2019-02-20 17:14:05 - [TEST_STEP][PASSED] - StrB = findTestData("Internal User List").getValue(2, Counter): null

2019-02-20 17:14:06 - [TEST_STEP][PASSED] - if (StrB.equals(StrA)): null

2019-02-20 17:14:06 - [TEST_STEP][PASSED] - (Counter++): null

2019-02-20 17:14:06 - [TEST_STEP][PASSED] - StrB = findTestData("Internal User List").getValue(2, Counter): null

2019-02-20 17:14:06 - [TEST_STEP][PASSED] - if (StrB.equals(StrA)): null

2019-02-20 17:14:06 - [TEST_STEP][PASSED] - (Counter++): null

2019-02-20 17:14:06 - [TEST_STEP][PASSED] - StrB = findTestData("Internal User List").getValue(2, Counter): null

2019-02-20 17:14:08 - [TEST_STEP][PASSED] - if (StrB.equals(StrA)): null

2019-02-20 17:14:08 - [TEST_STEP][PASSED] - (Counter++): null

2019-02-20 17:14:08 - [TEST_STEP][PASSED] - StrB = findTestData("Internal User List").getValue(2, Counter): null

2019-02-20 17:14:08 - [TEST_STEP][PASSED] - if (StrB.equals(StrA)): null

2019-02-20 17:14:08 - [TEST_STEP][PASSED] - (Counter++): null

2019-02-20 17:14:08 - [TEST_STEP][PASSED] - StrB = findTestData("Internal User List").getValue(2, Counter): null

2019-02-20 17:14:08 - [TEST_STEP][PASSED] - if (StrB.equals(StrA)): null

2019-02-20 17:14:08 - [TEST_STEP][PASSED] - (Counter++): null

2019-02-20 17:14:08 - [TEST_STEP][PASSED] - StrB = findTestData("Internal User List").getValue(2, Counter): null

2019-02-20 17:14:08 - [TEST_STEP][PASSED] - if (StrB.equals(StrA)): null

2019-02-20 17:14:11 - [TEST_STEP][PASSED] - (Counter++): null

2019-02-20 17:14:11 - [TEST_STEP][PASSED] - StrB = findTestData("Internal User List").getValue(2, Counter): null

2019-02-20 17:14:11 - [TEST_STEP][PASSED] - if (StrB.equals(StrA)): null

2019-02-20 17:14:11 - [TEST_STEP][PASSED] - (Counter++): null

2019-02-20 17:14:11 - [TEST_STEP][PASSED] - StrB = findTestData("Internal User List").getValue(2, Counter): null

2019-02-20 17:14:11 - [TEST_STEP][PASSED] - if (StrB.equals(StrA)): null

2019-02-20 17:14:11 - [TEST_STEP][PASSED] - (Counter++): null

2019-02-20 17:14:11 - [TEST_STEP][PASSED] - StrB = findTestData("Internal User List").getValue(2, Counter): null

2019-02-20 17:14:11 - [TEST_STEP][PASSED] - if (StrB.equals(StrA)): null

2019-02-20 17:14:11 - [TEST_STEP][PASSED] - (Counter++): null

2019-02-20 17:14:13 - [TEST_STEP][PASSED] - StrB = findTestData("Internal User List").getValue(2, Counter): null

2019-02-20 17:14:13 - [TEST_STEP][PASSED] - if (StrB.equals(StrA)): null

2019-02-20 17:14:13 - [TEST_STEP][PASSED] - (Counter++): null

2019-02-20 17:14:13 - [TEST_STEP][PASSED] - StrB = findTestData("Internal User List").getValue(2, Counter): null

2019-02-20 17:14:13 - [TEST_STEP][PASSED] - if (StrB.equals(StrA)): null

2019-02-20 17:14:13 - [TEST_STEP][PASSED] - (Counter++): null

2019-02-20 17:14:13 - [TEST_STEP][PASSED] - StrB = findTestData("Internal User List").getValue(2, Counter): null

2019-02-20 17:14:13 - [TEST_STEP][PASSED] - if (StrB.equals(StrA)): null

2019-02-20 17:14:13 - [TEST_STEP][PASSED] - (Counter++): null

2019-02-20 17:14:13 - [TEST_STEP][PASSED] - StrB = findTestData("Internal User List").getValue(2, Counter): null

2019-02-20 17:14:16 - [TEST_STEP][PASSED] - if (StrB.equals(StrA)): null

2019-02-20 17:14:16 - [TEST_STEP][PASSED] - (Counter++): null

2019-02-20 17:14:16 - [TEST_STEP][PASSED] - StrB = findTestData("Internal User List").getValue(2, Counter): null

2019-02-20 17:14:16 - [TEST_STEP][PASSED] - if (StrB.equals(StrA)): null

2019-02-20 17:14:16 - [TEST_STEP][PASSED] - (Counter++): null

2019-02-20 17:14:16 - [TEST_STEP][PASSED] - StrB = findTestData("Internal User List").getValue(2, Counter): null

2019-02-20 17:14:16 - [TEST_STEP][PASSED] - if (StrB.equals(StrA)): null

2019-02-20 17:14:16 - [TEST_STEP][PASSED] - (Counter++): null

2019-02-20 17:14:16 - [TEST_STEP][PASSED] - StrB = findTestData("Internal User List").getValue(2, Counter): null

2019-02-20 17:14:16 - [TEST_STEP][PASSED] - if (StrB.equals(StrA)): null

2019-02-20 17:14:16 - [TEST_STEP][PASSED] - (Counter++): null

2019-02-20 17:14:18 - [TEST_STEP][PASSED] - StrB = findTestData("Internal User List").getValue(2, Counter): null

2019-02-20 17:14:18 - [TEST_STEP][PASSED] - if (StrB.equals(StrA)): null

2019-02-20 17:14:18 - [TEST_STEP][PASSED] - (Counter++): null

2019-02-20 17:14:18 - [TEST_STEP][PASSED] - StrB = findTestData("Internal User List").getValue(2, Counter): null

2019-02-20 17:14:18 - [TEST_STEP][PASSED] - if (StrB.equals(StrA)): null

2019-02-20 17:14:18 - [TEST_STEP][PASSED] - (Counter++): null

2019-02-20 17:14:18 - [TEST_STEP][PASSED] - StrB = findTestData("Internal User List").getValue(2, Counter): null

2019-02-20 17:14:18 - [TEST_STEP][PASSED] - if (StrB.equals(StrA)): null

2019-02-20 17:14:18 - [TEST_STEP][PASSED] - (Counter++): null

2019-02-20 17:14:18 - [TEST_STEP][PASSED] - StrB = findTestData("Internal User List").getValue(2, Counter): null

2019-02-20 17:14:21 - [TEST_STEP][PASSED] - if (StrB.equals(StrA)): null

2019-02-20 17:14:21 - [TEST_STEP][PASSED] - (Counter++): null

2019-02-20 17:14:21 - [TEST_STEP][PASSED] - StrB = findTestData("Internal User List").getValue(2, Counter): null

2019-02-20 17:14:21 - [TEST_STEP][PASSED] - if (StrB.equals(StrA)): null

2019-02-20 17:14:21 - [TEST_STEP][PASSED] - (Counter++): null

2019-02-20 17:14:21 - [TEST_STEP][PASSED] - StrB = findTestData("Internal User List").getValue(2, Counter): null

2019-02-20 17:14:21 - [TEST_STEP][PASSED] - if (StrB.equals(StrA)): null

2019-02-20 17:14:21 - [TEST_STEP][PASSED] - (Counter++): null

2019-02-20 17:14:21 - [TEST_STEP][PASSED] - StrB = findTestData("Internal User List").getValue(2, Counter): null

2019-02-20 17:14:21 - [TEST_STEP][PASSED] - if (StrB.equals(StrA)): null

2019-02-20 17:14:24 - [TEST_STEP][PASSED] - (Counter++): null

2019-02-20 17:14:24 - [TEST_STEP][PASSED] - StrB = findTestData("Internal User List").getValue(2, Counter): null

2019-02-20 17:14:24 - [TEST_STEP][PASSED] - if (StrB.equals(StrA)): null

2019-02-20 17:14:24 - [TEST_STEP][PASSED] - (Counter++): null

2019-02-20 17:14:24 - [TEST_STEP][PASSED] - StrB = findTestData("Internal User List").getValue(2, Counter): null

2019-02-20 17:14:24 - [TEST_STEP][PASSED] - if (StrB.equals(StrA)): null

2019-02-20 17:14:24 - [TEST_STEP][PASSED] - (Counter++): null

2019-02-20 17:14:24 - [TEST_STEP][PASSED] - StrB = findTestData("Internal User List").getValue(2, Counter): null

2019-02-20 17:14:24 - [TEST_STEP][PASSED] - if (StrB.equals(StrA)): null

2019-02-20 17:14:24 - [TEST_STEP][PASSED] - (Counter++): null

2019-02-20 17:14:26 - [TEST_STEP][PASSED] - StrB = findTestData("Internal User List").getValue(2, Counter): null

2019-02-20 17:14:27 - [TEST_STEP][PASSED] - if (StrB.equals(StrA)): null

2019-02-20 17:14:27 - [TEST_STEP][PASSED] - (Counter++): null

2019-02-20 17:14:27 - [TEST_STEP][PASSED] - StrB = findTestData("Internal User List").getValue(2, Counter): null

2019-02-20 17:14:27 - [TEST_STEP][PASSED] - if (StrB.equals(StrA)): null

2019-02-20 17:14:27 - [TEST_STEP][PASSED] - (Counter++): null

2019-02-20 17:14:27 - [TEST_STEP][PASSED] - StrB = findTestData("Internal User List").getValue(2, Counter): null

2019-02-20 17:14:27 - [TEST_STEP][PASSED] - if (StrB.equals(StrA)): null

2019-02-20 17:14:27 - [TEST_STEP][PASSED] - (Counter++): null

2019-02-20 17:14:27 - [TEST_STEP][PASSED] - StrB = findTestData("Internal User List").getValue(2, Counter): null

2019-02-20 17:14:27 - [TEST_STEP][PASSED] - if (StrB.equals(StrA)): null

2019-02-20 17:14:29 - [TEST_STEP][PASSED] - (Counter++): null

2019-02-20 17:14:29 - [TEST_STEP][PASSED] - StrB = findTestData("Internal User List").getValue(2, Counter): null

2019-02-20 17:14:29 - [TEST_STEP][PASSED] - if (StrB.equals(StrA)): null

2019-02-20 17:14:29 - [TEST_STEP][PASSED] - (Counter++): null

2019-02-20 17:14:29 - [TEST_STEP][PASSED] - StrB = findTestData("Internal User List").getValue(2, Counter): null

2019-02-20 17:14:29 - [TEST_STEP][PASSED] - if (StrB.equals(StrA)): null

2019-02-20 17:14:29 - [TEST_STEP][PASSED] - (Counter++): null

2019-02-20 17:14:29 - [TEST_STEP][PASSED] - StrB = findTestData("Internal User List").getValue(2, Counter): null

2019-02-20 17:14:29 - [TEST_STEP][PASSED] - if (StrB.equals(StrA)): null

2019-02-20 17:14:29 - [TEST_STEP][PASSED] - (Counter++): null

2019-02-20 17:14:31 - [TEST_STEP][PASSED] - StrB = findTestData("Internal User List").getValue(2, Counter): null

2019-02-20 17:14:31 - [TEST_STEP][PASSED] - if (StrB.equals(StrA)): null

2019-02-20 17:14:31 - [TEST_STEP][PASSED] - (Counter++): null

2019-02-20 17:14:31 - [TEST_STEP][PASSED] - StrB = findTestData("Internal User List").getValue(2, Counter): null

2019-02-20 17:14:31 - [TEST_STEP][PASSED] - if (StrB.equals(StrA)): null

2019-02-20 17:14:31 - [TEST_STEP][PASSED] - (Counter++): null

2019-02-20 17:14:31 - [TEST_STEP][PASSED] - StrB = findTestData("Internal User List").getValue(2, Counter): null

2019-02-20 17:14:31 - [TEST_STEP][PASSED] - if (StrB.equals(StrA)): null

2019-02-20 17:14:31 - [TEST_STEP][PASSED] - (Counter++): null

2019-02-20 17:14:31 - [TEST_STEP][PASSED] - StrB = findTestData("Internal User List").getValue(2, Counter): null

2019-02-20 17:14:33 - [TEST_STEP][PASSED] - if (StrB.equals(StrA)): null

2019-02-20 17:14:33 - [TEST_STEP][PASSED] - (Counter++): null

2019-02-20 17:14:33 - [TEST_STEP][PASSED] - StrB = findTestData("Internal User List").getValue(2, Counter): null

2019-02-20 17:14:33 - [TEST_STEP][PASSED] - if (StrB.equals(StrA)): null

2019-02-20 17:14:33 - [TEST_STEP][PASSED] - (Counter++): null

2019-02-20 17:14:33 - [TEST_STEP][PASSED] - StrB = findTestData("Internal User List").getValue(2, Counter): null

2019-02-20 17:14:33 - [TEST_STEP][PASSED] - if (StrB.equals(StrA)): null

2019-02-20 17:14:33 - [TEST_STEP][PASSED] - (Counter++): null

2019-02-20 17:14:34 - [TEST_STEP][PASSED] - StrB = findTestData("Internal User List").getValue(2, Counter): null

2019-02-20 17:14:34 - [TEST_STEP][PASSED] - if (StrB.equals(StrA)): null

2019-02-20 17:14:36 - [TEST_STEP][PASSED] - (Counter++): null

2019-02-20 17:14:36 - [TEST_STEP][PASSED] - StrB = findTestData("Internal User List").getValue(2, Counter): null

2019-02-20 17:14:36 - [TEST_STEP][PASSED] - if (StrB.equals(StrA)): null

2019-02-20 17:14:36 - [TEST_STEP][PASSED] - (Counter++): null

2019-02-20 17:14:36 - [TEST_STEP][PASSED] - StrB = findTestData("Internal User List").getValue(2, Counter): null

2019-02-20 17:14:36 - [TEST_STEP][PASSED] - if (StrB.equals(StrA)): null

2019-02-20 17:14:36 - [TEST_STEP][PASSED] - (Counter++): null

2019-02-20 17:14:36 - [TEST_STEP][PASSED] - StrB = findTestData("Internal User List").getValue(2, Counter): null

2019-02-20 17:14:36 - [TEST_STEP][PASSED] - if (StrB.equals(StrA)): null

2019-02-20 17:14:36 - [TEST_STEP][PASSED] - (Counter++): null

2019-02-20 17:14:36 - [TEST_STEP][PASSED] - StrB = findTestData("Internal User List").getValue(2, Counter): null

2019-02-20 17:14:39 - [TEST_STEP][PASSED] - if (StrB.equals(StrA)): null

2019-02-20 17:14:39 - [TEST_STEP][PASSED] - (Counter++): null

2019-02-20 17:14:39 - [TEST_STEP][PASSED] - StrB = findTestData("Internal User List").getValue(2, Counter): null

2019-02-20 17:14:39 - [TEST_STEP][PASSED] - if (StrB.equals(StrA)): null

2019-02-20 17:14:39 - [TEST_STEP][PASSED] - (Counter++): null

2019-02-20 17:14:39 - [TEST_STEP][PASSED] - StrB = findTestData("Internal User List").getValue(2, Counter): null

2019-02-20 17:14:39 - [TEST_STEP][PASSED] - if (StrB.equals(StrA)): null

2019-02-20 17:14:39 - [TEST_STEP][PASSED] - (Counter++): null

2019-02-20 17:14:39 - [TEST_STEP][PASSED] - StrB = findTestData("Internal User List").getValue(2, Counter): null

2019-02-20 17:14:39 - [TEST_STEP][PASSED] - if (StrB.equals(StrA)): null

2019-02-20 17:14:43 - [TEST_STEP][PASSED] - (Counter++): null

2019-02-20 17:14:43 - [TEST_STEP][PASSED] - StrB = findTestData("Internal User List").getValue(2, Counter): null

2019-02-20 17:14:43 - [TEST_STEP][PASSED] - if (StrB.equals(StrA)): null

2019-02-20 17:14:43 - [TEST_STEP][PASSED] - (Counter++): null

2019-02-20 17:14:43 - [TEST_STEP][PASSED] - StrB = findTestData("Internal User List").getValue(2, Counter): null

2019-02-20 17:14:43 - [TEST_STEP][PASSED] - if (StrB.equals(StrA)): null

2019-02-20 17:14:43 - [TEST_STEP][PASSED] - (Counter++): null

2019-02-20 17:14:43 - [TEST_STEP][PASSED] - StrB = findTestData("Internal User List").getValue(2, Counter): null

2019-02-20 17:14:43 - [TEST_STEP][PASSED] - if (StrB.equals(StrA)): null

2019-02-20 17:14:43 - [TEST_STEP][PASSED] - (Counter++): null

2019-02-20 17:14:46 - [TEST_STEP][PASSED] - StrB = findTestData("Internal User List").getValue(2, Counter): null

2019-02-20 17:14:46 - [TEST_STEP][PASSED] - if (StrB.equals(StrA)): null

2019-02-20 17:14:46 - [TEST_STEP][PASSED] - (Counter++): null

2019-02-20 17:14:46 - [TEST_STEP][PASSED] - StrB = findTestData("Internal User List").getValue(2, Counter): null

2019-02-20 17:14:46 - [TEST_STEP][PASSED] - if (StrB.equals(StrA)): null

2019-02-20 17:14:46 - [TEST_STEP][PASSED] - (Counter++): null

2019-02-20 17:14:46 - [TEST_STEP][PASSED] - StrB = findTestData("Internal User List").getValue(2, Counter): null

2019-02-20 17:14:46 - [TEST_STEP][PASSED] - if (StrB.equals(StrA)): null

2019-02-20 17:14:46 - [TEST_STEP][PASSED] - (Counter++): null

2019-02-20 17:14:46 - [TEST_STEP][PASSED] - StrB = findTestData("Internal User List").getValue(2, Counter): null

2019-02-20 17:14:48 - [TEST_STEP][PASSED] - if (StrB.equals(StrA)): null

2019-02-20 17:14:48 - [TEST_STEP][PASSED] - (Counter++): null

2019-02-20 17:14:48 - [TEST_STEP][PASSED] - StrB = findTestData("Internal User List").getValue(2, Counter): null

2019-02-20 17:14:49 - [TEST_STEP][PASSED] - if (StrB.equals(StrA)): null

2019-02-20 17:14:49 - [TEST_STEP][PASSED] - (Counter++): null

2019-02-20 17:14:49 - [TEST_STEP][PASSED] - StrB = findTestData("Internal User List").getValue(2, Counter): null

2019-02-20 17:14:49 - [TEST_STEP][PASSED] - if (StrB.equals(StrA)): null

2019-02-20 17:14:49 - [TEST_STEP][PASSED] - (Counter++): null

2019-02-20 17:14:49 - [TEST_STEP][PASSED] - StrB = findTestData("Internal User List").getValue(2, Counter): null

2019-02-20 17:14:49 - [TEST_STEP][PASSED] - if (StrB.equals(StrA)): null

2019-02-20 17:14:51 - [TEST_STEP][PASSED] - (Counter++): null

2019-02-20 17:14:52 - [TEST_STEP][PASSED] - StrB = findTestData("Internal User List").getValue(2, Counter): null

2019-02-20 17:14:52 - [TEST_STEP][PASSED] - if (StrB.equals(StrA)): null

2019-02-20 17:14:52 - [TEST_STEP][PASSED] - (Counter++): null

2019-02-20 17:14:52 - [TEST_STEP][PASSED] - StrB = findTestData("Internal User List").getValue(2, Counter): null

2019-02-20 17:14:52 - [TEST_STEP][PASSED] - if (StrB.equals(StrA)): null

2019-02-20 17:14:52 - [TEST_STEP][PASSED] - (Counter++): null

2019-02-20 17:14:52 - [TEST_STEP][PASSED] - StrB = findTestData("Internal User List").getValue(2, Counter): null

2019-02-20 17:14:52 - [TEST_STEP][PASSED] - if (StrB.equals(StrA)): null

2019-02-20 17:14:52 - [TEST_STEP][PASSED] - (Counter++): null

2019-02-20 17:14:52 - [TEST_STEP][PASSED] - StrB = findTestData("Internal User List").getValue(2, Counter): null

2019-02-20 17:14:55 - [TEST_STEP][PASSED] - if (StrB.equals(StrA)): null

2019-02-20 17:14:55 - [TEST_STEP][PASSED] - (Counter++): null

2019-02-20 17:14:55 - [TEST_STEP][PASSED] - StrB = findTestData("Internal User List").getValue(2, Counter): null

2019-02-20 17:14:55 - [TEST_STEP][PASSED] - if (StrB.equals(StrA)): null

2019-02-20 17:14:55 - [TEST_STEP][PASSED] - (Counter++): null

2019-02-20 17:14:55 - [TEST_STEP][PASSED] - StrB = findTestData("Internal User List").getValue(2, Counter): null

2019-02-20 17:14:55 - [TEST_STEP][PASSED] - if (StrB.equals(StrA)): null

2019-02-20 17:14:55 - [TEST_STEP][PASSED] - (Counter++): null

2019-02-20 17:14:55 - [TEST_STEP][PASSED] - StrB = findTestData("Internal User List").getValue(2, Counter): null

2019-02-20 17:14:55 - [TEST_STEP][PASSED] - if (StrB.equals(StrA)): null

2019-02-20 17:14:57 - [TEST_STEP][PASSED] - (Counter++): null

2019-02-20 17:14:57 - [TEST_STEP][PASSED] - StrB = findTestData("Internal User List").getValue(2, Counter): null

2019-02-20 17:14:57 - [TEST_STEP][PASSED] - if (StrB.equals(StrA)): null

2019-02-20 17:14:57 - [TEST_STEP][PASSED] - (Counter++): null

2019-02-20 17:14:57 - [TEST_STEP][PASSED] - StrB = findTestData("Internal User List").getValue(2, Counter): null

2019-02-20 17:14:58 - [TEST_STEP][PASSED] - if (StrB.equals(StrA)): null

2019-02-20 17:14:58 - [TEST_STEP][PASSED] - (Counter++): null

2019-02-20 17:14:58 - [TEST_STEP][PASSED] - StrB = findTestData("Internal User List").getValue(2, Counter): null

2019-02-20 17:14:58 - [TEST_STEP][PASSED] - if (StrB.equals(StrA)): null

2019-02-20 17:14:58 - [TEST_STEP][PASSED] - (Counter++): null

2019-02-20 17:15:00 - [TEST_STEP][PASSED] - StrB = findTestData("Internal User List").getValue(2, Counter): null

2019-02-20 17:15:00 - [TEST_STEP][PASSED] - if (StrB.equals(StrA)): null

2019-02-20 17:15:00 - [TEST_STEP][PASSED] - (Counter++): null

2019-02-20 17:15:00 - [TEST_STEP][PASSED] - StrB = findTestData("Internal User List").getValue(2, Counter): null

2019-02-20 17:15:00 - [TEST_STEP][PASSED] - if (StrB.equals(StrA)): null

2019-02-20 17:15:00 - [TEST_STEP][PASSED] - (Counter++): null

2019-02-20 17:15:01 - [TEST_STEP][PASSED] - StrB = findTestData("Internal User List").getValue(2, Counter): null

2019-02-20 17:15:01 - [TEST_STEP][PASSED] - if (StrB.equals(StrA)): null

2019-02-20 17:15:01 - [TEST_STEP][PASSED] - (Counter++): null

2019-02-20 17:15:01 - [TEST_STEP][PASSED] - StrB = findTestData("Internal User List").getValue(2, Counter): null

2019-02-20 17:15:04 - [TEST_STEP][PASSED] - if (StrB.equals(StrA)): null

2019-02-20 17:15:04 - [TEST_STEP][PASSED] - (Counter++): null

2019-02-20 17:15:04 - [TEST_STEP][PASSED] - StrB = findTestData("Internal User List").getValue(2, Counter): null

2019-02-20 17:15:04 - [TEST_STEP][PASSED] - if (StrB.equals(StrA)): null

2019-02-20 17:15:04 - [TEST_STEP][PASSED] - (Counter++): null

2019-02-20 17:15:04 - [TEST_STEP][PASSED] - StrB = findTestData("Internal User List").getValue(2, Counter): null

2019-02-20 17:15:04 - [TEST_STEP][PASSED] - if (StrB.equals(StrA)): null

2019-02-20 17:15:04 - [TEST_STEP][PASSED] - (Counter++): null

2019-02-20 17:15:04 - [TEST_STEP][PASSED] - StrB = findTestData("Internal User List").getValue(2, Counter): null

2019-02-20 17:15:04 - [TEST_STEP][PASSED] - if (StrB.equals(StrA)): null

2019-02-20 17:15:04 - [TEST_STEP][PASSED] - (Counter++): null

2019-02-20 17:15:07 - [TEST_STEP][PASSED] - StrB = findTestData("Internal User List").getValue(2, Counter): null

2019-02-20 17:15:07 - [TEST_STEP][PASSED] - if (StrB.equals(StrA)): null

2019-02-20 17:15:07 - [TEST_STEP][PASSED] - (Counter++): null

2019-02-20 17:15:07 - [TEST_STEP][PASSED] - StrB = findTestData("Internal User List").getValue(2, Counter): null

2019-02-20 17:15:07 - [TEST_STEP][PASSED] - if (StrB.equals(StrA)): null

2019-02-20 17:15:07 - [TEST_STEP][PASSED] - (Counter++): null

2019-02-20 17:15:07 - [TEST_STEP][PASSED] - StrB = findTestData("Internal User List").getValue(2, Counter): null

2019-02-20 17:15:07 - [TEST_STEP][PASSED] - if (StrB.equals(StrA)): null

2019-02-20 17:15:07 - [TEST_STEP][PASSED] - (Counter++): null

2019-02-20 17:15:07 - [TEST_STEP][PASSED] - StrB = findTestData("Internal User List").getValue(2, Counter): null

2019-02-20 17:15:10 - [TEST_STEP][PASSED] - if (StrB.equals(StrA)): null

2019-02-20 17:15:10 - [TEST_STEP][PASSED] - (Counter++): null

2019-02-20 17:15:10 - [TEST_STEP][PASSED] - StrB = findTestData("Internal User List").getValue(2, Counter): null

2019-02-20 17:15:10 - [TEST_STEP][PASSED] - if (StrB.equals(StrA)): null

2019-02-20 17:15:10 - [TEST_STEP][PASSED] - (Counter++): null

2019-02-20 17:15:10 - [TEST_STEP][PASSED] - StrB = findTestData("Internal User List").getValue(2, Counter): null

2019-02-20 17:15:10 - [TEST_STEP][PASSED] - if (StrB.equals(StrA)): null

2019-02-20 17:15:10 - [TEST_STEP][PASSED] - (Counter++): null

2019-02-20 17:15:10 - [TEST_STEP][PASSED] - StrB = findTestData("Internal User List").getValue(2, Counter): null

2019-02-20 17:15:10 - [TEST_STEP][PASSED] - if (StrB.equals(StrA)): null

2019-02-20 17:15:14 - [TEST_STEP][PASSED] - (Counter++): null

2019-02-20 17:15:14 - [TEST_STEP][PASSED] - StrB = findTestData("Internal User List").getValue(2, Counter): null

2019-02-20 17:15:14 - [TEST_STEP][PASSED] - if (StrB.equals(StrA)): null

2019-02-20 17:15:14 - [TEST_STEP][PASSED] - (Counter++): null

2019-02-20 17:15:14 - [MESSAGE][PASSED] - Call Test Case 'Test Cases/All TC/Arranged/1. Common/Internal Email Finder' successfully

2019-02-20 17:15:14 - [TEST_STEP][PASSED] - setText(findTestObject("KinJun/3.0 JSA Application/EIO Internal Login - JSA Application - Approve/Page_PERKESO/Input username"), InternalEmail): Text '' is set on object 'Object Repository/KinJun/3.0 JSA Application/EIO Internal Login - JSA Application - Approve/Page_PERKESO/Input username'

2019-02-20 17:15:18 - [MESSAGE][PASSED] - Text '' is set on object 'Object Repository/KinJun/3.0 JSA Application/EIO Internal Login - JSA Application - Approve/Page_PERKESO/Input username'

2019-02-20 17:15:18 - [TEST_STEP][PASSED] - setEncryptedText(findTestObject("KinJun/3.0 JSA Application/EIO Internal Login - JSA Application - Approve/Page_PERKESO/Input password"), "CQqwFZlbeC8="): Text ****** has been set on object 'Object Repository/KinJun/3.0 JSA Application/EIO Internal Login - JSA Application - Approve/Page_PERKESO/Input password'

2019-02-20 17:15:21 - [MESSAGE][PASSED] - Text ****** has been set on object 'Object Repository/KinJun/3.0 JSA Application/EIO Internal Login - JSA Application - Approve/Page_PERKESO/Input password'

2019-02-20 17:15:21 - [TEST_STEP][PASSED] - click(findTestObject("KinJun/3.0 JSA Application/EIO Internal Login - JSA Application - Approve/Page_PERKESO/btn Login")): Object: 'Object Repository/KinJun/3.0 JSA Application/EIO Internal Login - JSA Application - Approve/Page_PERKESO/btn Login' is clicked on

2019-02-20 17:15:24 - [MESSAGE][PASSED] - Object: 'Object Repository/KinJun/3.0 JSA Application/EIO Internal Login - JSA Application - Approve/Page_PERKESO/btn Login' is clicked on

2019-02-20 17:15:24 - [TEST_STEP][PASSED] - delay(3): Delayed 3 second(s)

2019-02-20 17:15:27 - [MESSAGE][PASSED] - Delayed 3 second(s)

2019-02-20 17:15:27 - [TEST_STEP][FAILED] - click(findTestObject("KinJun/3.0 JSA Application/EIO Internal Login - JSA Application - Approve/Page_PERKESO/Click Workbasket")): click(findTestObject("KinJun/3.0 JSA Application/EIO Internal Login - JSA Application - Approve/Page_PERKESO/Click Workbasket")) FAILED.
Reason:
com.kms.katalon.core.exception.StepFailedException: Unable to click on object 'Object Repository/KinJun/3.0 JSA Application/EIO Internal Login - JSA Application - Approve/Page_PERKESO/Click Workbasket' (Root cause: com.kms.katalon.core.webui.exception.WebElementNotFoundException: Web element with id: 'Object Repository/KinJun/3.0 JSA Application/EIO Internal Login - JSA Application - Approve/Page_PERKESO/Click Workbasket' located by 'By.xpath: //a[@href = '/eisportal/user/internal/taskinbox' and (text() = 'PETI MASUK TUGAS' or . = 'PETI MASUK TUGAS')]' not found)
	at com.kms.katalon.core.keyword.internal.KeywordMain.stepFailed(KeywordMain.groovy:36)
	at com.kms.katalon.core.webui.keyword.internal.WebUIKeywordMain.stepFailed(WebUIKeywordMain.groovy:65)
	at com.kms.katalon.core.webui.keyword.internal.WebUIKeywordMain.runKeyword(WebUIKeywordMain.groovy:27)
	at com.kms.katalon.core.webui.keyword.builtin.ClickKeyword.click(ClickKeyword.groovy:86)
	at com.kms.katalon.core.webui.keyword.builtin.ClickKeyword.execute(ClickKeyword.groovy:67)
	at com.kms.katalon.core.keyword.internal.KeywordExecutor.executeKeywordForPlatform(KeywordExecutor.groovy:53)
	at com.kms.katalon.core.webui.keyword.WebUiBuiltInKeywords.click(WebUiBuiltInKeywords.groovy:616)
	at com.kms.katalon.core.webui.keyword.WebUiBuiltInKeywords$click$3.call(Unknown Source)
	at EIO Internal Login - JSA Application - Approve.run(EIO Internal Login - JSA Application - Approve:32)
	at com.kms.katalon.core.main.ScriptEngine.run(ScriptEngine.java:194)
	at com.kms.katalon.core.main.ScriptEngine.runScriptAsRawText(ScriptEngine.java:119)
	at com.kms.katalon.core.main.TestCaseExecutor.runScript(TestCaseExecutor.java:328)
	at com.kms.katalon.core.main.TestCaseExecutor.doExecute(TestCaseExecutor.java:319)
	at com.kms.katalon.core.main.TestCaseExecutor.processExecutionPhase(TestCaseExecutor.java:298)
	at com.kms.katalon.core.main.TestCaseExecutor.accessMainPhase(TestCaseExecutor.java:290)
	at com.kms.katalon.core.main.TestCaseExecutor.execute(TestCaseExecutor.java:224)
	at com.kms.katalon.core.main.TestCaseMain.runTestCase(TestCaseMain.java:106)
	at com.kms.katalon.core.keyword.builtin.CallTestCaseKeyword$_callTestCase_closure1.doCall(CallTestCaseKeyword.groovy:59)
	at com.kms.katalon.core.keyword.builtin.CallTestCaseKeyword$_callTestCase_closure1.call(CallTestCaseKeyword.groovy)
	at com.kms.katalon.core.keyword.internal.KeywordMain.runKeyword(KeywordMain.groovy:54)
	at com.kms.katalon.core.keyword.builtin.CallTestCaseKeyword.callTestCase(CallTestCaseKeyword.groovy:80)
	at com.kms.katalon.core.keyword.builtin.CallTestCaseKeyword.execute(CallTestCaseKeyword.groovy:44)
	at com.kms.katalon.core.keyword.internal.KeywordExecutor.executeKeywordForPlatform(KeywordExecutor.groovy:53)
	at com.kms.katalon.core.keyword.BuiltinKeywords.callTestCase(BuiltinKeywords.groovy:334)
	at Submit Form 7 (General) - Case Reassignment Same Branch SEIO.run(Submit Form 7 (General) - Case Reassignment Same Branch SEIO:21)
	at com.kms.katalon.core.main.ScriptEngine.run(ScriptEngine.java:194)
	at com.kms.katalon.core.main.ScriptEngine.runScriptAsRawText(ScriptEngine.java:119)
	at com.kms.katalon.core.main.TestCaseExecutor.runScript(TestCaseExecutor.java:328)
	at com.kms.katalon.core.main.TestCaseExecutor.doExecute(TestCaseExecutor.java:319)
	at com.kms.katalon.core.main.TestCaseExecutor.processExecutionPhase(TestCaseExecutor.java:298)
	at com.kms.katalon.core.main.TestCaseExecutor.accessMainPhase(TestCaseExecutor.java:290)
	at com.kms.katalon.core.main.TestCaseExecutor.execute(TestCaseExecutor.java:224)
	at com.kms.katalon.core.main.TestSuiteExecutor.accessTestCaseMainPhase(TestSuiteExecutor.java:129)
	at com.kms.katalon.core.main.TestSuiteExecutor.accessTestSuiteMainPhase(TestSuiteExecutor.java:112)
	at com.kms.katalon.core.main.TestSuiteExecutor.execute(TestSuiteExecutor.java:81)
	at com.kms.katalon.core.main.TestCaseMain.startTestSuite(TestCaseMain.java:149)
	at com.kms.katalon.core.main.TestCaseMain$startTestSuite$0.call(Unknown Source)
	at TempTestSuite1550652525208.run(TempTestSuite1550652525208.groovy:36)


2019-02-20 17:15:57 - [MESSAGE][INFO] - Unable to find the element located by 'By.xpath: //a[@href = '/eisportal/user/internal/taskinbox' and (text() = 'PETI MASUK TUGAS' or . = 'PETI MASUK TUGAS')]'. Please recheck the objects properties to make sure the desired element is located. 

2019-02-20 17:15:59 - [MESSAGE][FAILED] - Unable to click on object 'Object Repository/KinJun/3.0 JSA Application/EIO Internal Login - JSA Application - Approve/Page_PERKESO/Click Workbasket' (Root cause: com.kms.katalon.core.webui.exception.WebElementNotFoundException: Web element with id: 'Object Repository/KinJun/3.0 JSA Application/EIO Internal Login - JSA Application - Approve/Page_PERKESO/Click Workbasket' located by 'By.xpath: //a[@href = '/eisportal/user/internal/taskinbox' and (text() = 'PETI MASUK TUGAS' or . = 'PETI MASUK TUGAS')]' not found)
[[ATTACHMENT|C:\\Users\\Admin\\Documents\\GitHub\\PKSKatalon\\PKS-EI-ES\\Reports\\New Test Suite\\20190220_164845\\1550654157846.png]]

2019-02-20 17:15:59 - [MESSAGE][FAILED] - click(findTestObject("KinJun/3.0 JSA Application/EIO Internal Login - JSA Application - Approve/Page_PERKESO/Click Workbasket")) FAILED.
Reason:
com.kms.katalon.core.exception.StepFailedException: Unable to click on object 'Object Repository/KinJun/3.0 JSA Application/EIO Internal Login - JSA Application - Approve/Page_PERKESO/Click Workbasket' (Root cause: com.kms.katalon.core.webui.exception.WebElementNotFoundException: Web element with id: 'Object Repository/KinJun/3.0 JSA Application/EIO Internal Login - JSA Application - Approve/Page_PERKESO/Click Workbasket' located by 'By.xpath: //a[@href = '/eisportal/user/internal/taskinbox' and (text() = 'PETI MASUK TUGAS' or . = 'PETI MASUK TUGAS')]' not found)
	at com.kms.katalon.core.keyword.internal.KeywordMain.stepFailed(KeywordMain.groovy:36)
	at com.kms.katalon.core.webui.keyword.internal.WebUIKeywordMain.stepFailed(WebUIKeywordMain.groovy:65)
	at com.kms.katalon.core.webui.keyword.internal.WebUIKeywordMain.runKeyword(WebUIKeywordMain.groovy:27)
	at com.kms.katalon.core.webui.keyword.builtin.ClickKeyword.click(ClickKeyword.groovy:86)
	at com.kms.katalon.core.webui.keyword.builtin.ClickKeyword.execute(ClickKeyword.groovy:67)
	at com.kms.katalon.core.keyword.internal.KeywordExecutor.executeKeywordForPlatform(KeywordExecutor.groovy:53)
	at com.kms.katalon.core.webui.keyword.WebUiBuiltInKeywords.click(WebUiBuiltInKeywords.groovy:616)
	at com.kms.katalon.core.webui.keyword.WebUiBuiltInKeywords$click$3.call(Unknown Source)
	at EIO Internal Login - JSA Application - Approve.run(EIO Internal Login - JSA Application - Approve:32)
	at com.kms.katalon.core.main.ScriptEngine.run(ScriptEngine.java:194)
	at com.kms.katalon.core.main.ScriptEngine.runScriptAsRawText(ScriptEngine.java:119)
	at com.kms.katalon.core.main.TestCaseExecutor.runScript(TestCaseExecutor.java:328)
	at com.kms.katalon.core.main.TestCaseExecutor.doExecute(TestCaseExecutor.java:319)
	at com.kms.katalon.core.main.TestCaseExecutor.processExecutionPhase(TestCaseExecutor.java:298)
	at com.kms.katalon.core.main.TestCaseExecutor.accessMainPhase(TestCaseExecutor.java:290)
	at com.kms.katalon.core.main.TestCaseExecutor.execute(TestCaseExecutor.java:224)
	at com.kms.katalon.core.main.TestCaseMain.runTestCase(TestCaseMain.java:106)
	at com.kms.katalon.core.keyword.builtin.CallTestCaseKeyword$_callTestCase_closure1.doCall(CallTestCaseKeyword.groovy:59)
	at com.kms.katalon.core.keyword.builtin.CallTestCaseKeyword$_callTestCase_closure1.call(CallTestCaseKeyword.groovy)
	at com.kms.katalon.core.keyword.internal.KeywordMain.runKeyword(KeywordMain.groovy:54)
	at com.kms.katalon.core.keyword.builtin.CallTestCaseKeyword.callTestCase(CallTestCaseKeyword.groovy:80)
	at com.kms.katalon.core.keyword.builtin.CallTestCaseKeyword.execute(CallTestCaseKeyword.groovy:44)
	at com.kms.katalon.core.keyword.internal.KeywordExecutor.executeKeywordForPlatform(KeywordExecutor.groovy:53)
	at com.kms.katalon.core.keyword.BuiltinKeywords.callTestCase(BuiltinKeywords.groovy:334)
	at Submit Form 7 (General) - Case Reassignment Same Branch SEIO.run(Submit Form 7 (General) - Case Reassignment Same Branch SEIO:21)
	at com.kms.katalon.core.main.ScriptEngine.run(ScriptEngine.java:194)
	at com.kms.katalon.core.main.ScriptEngine.runScriptAsRawText(ScriptEngine.java:119)
	at com.kms.katalon.core.main.TestCaseExecutor.runScript(TestCaseExecutor.java:328)
	at com.kms.katalon.core.main.TestCaseExecutor.doExecute(TestCaseExecutor.java:319)
	at com.kms.katalon.core.main.TestCaseExecutor.processExecutionPhase(TestCaseExecutor.java:298)
	at com.kms.katalon.core.main.TestCaseExecutor.accessMainPhase(TestCaseExecutor.java:290)
	at com.kms.katalon.core.main.TestCaseExecutor.execute(TestCaseExecutor.java:224)
	at com.kms.katalon.core.main.TestSuiteExecutor.accessTestCaseMainPhase(TestSuiteExecutor.java:129)
	at com.kms.katalon.core.main.TestSuiteExecutor.accessTestSuiteMainPhase(TestSuiteExecutor.java:112)
	at com.kms.katalon.core.main.TestSuiteExecutor.execute(TestSuiteExecutor.java:81)
	at com.kms.katalon.core.main.TestCaseMain.startTestSuite(TestCaseMain.java:149)
	at com.kms.katalon.core.main.TestCaseMain$startTestSuite$0.call(Unknown Source)
	at TempTestSuite1550652525208.run(TempTestSuite1550652525208.groovy:36)


2019-02-20 17:15:59 - [MESSAGE][FAILED] - Unable to call Test Case 'Test Cases/All TC/Arranged/2. Segment/2.3 JSA Application/EIO Internal Login - JSA Application - Approve' (Root cause: com.kms.katalon.core.exception.StepFailedException: Call Test Case 'Test Cases/All TC/Arranged/2. Segment/2.3 JSA Application/EIO Internal Login - JSA Application - Approve' failed)

2019-02-20 17:15:59 - [MESSAGE][FAILED] - callTestCase(findTestCase("All TC/Arranged/2. Segment/2.3 JSA Application/EIO Internal Login - JSA Application - Approve"), [:], STOP_ON_FAILURE) FAILED.
Reason:
com.kms.katalon.core.exception.StepFailedException: Unable to click on object 'Object Repository/KinJun/3.0 JSA Application/EIO Internal Login - JSA Application - Approve/Page_PERKESO/Click Workbasket' (Root cause: com.kms.katalon.core.webui.exception.WebElementNotFoundException: Web element with id: 'Object Repository/KinJun/3.0 JSA Application/EIO Internal Login - JSA Application - Approve/Page_PERKESO/Click Workbasket' located by 'By.xpath: //a[@href = '/eisportal/user/internal/taskinbox' and (text() = 'PETI MASUK TUGAS' or . = 'PETI MASUK TUGAS')]' not found)
	at com.kms.katalon.core.keyword.internal.KeywordMain.stepFailed(KeywordMain.groovy:36)
	at com.kms.katalon.core.webui.keyword.internal.WebUIKeywordMain.stepFailed(WebUIKeywordMain.groovy:65)
	at com.kms.katalon.core.webui.keyword.internal.WebUIKeywordMain.runKeyword(WebUIKeywordMain.groovy:27)
	at com.kms.katalon.core.webui.keyword.builtin.ClickKeyword.click(ClickKeyword.groovy:86)
	at com.kms.katalon.core.webui.keyword.builtin.ClickKeyword.execute(ClickKeyword.groovy:67)
	at com.kms.katalon.core.keyword.internal.KeywordExecutor.executeKeywordForPlatform(KeywordExecutor.groovy:53)
	at com.kms.katalon.core.webui.keyword.WebUiBuiltInKeywords.click(WebUiBuiltInKeywords.groovy:616)
	at com.kms.katalon.core.webui.keyword.WebUiBuiltInKeywords$click$3.call(Unknown Source)
	at EIO Internal Login - JSA Application - Approve.run(EIO Internal Login - JSA Application - Approve:32)
	at com.kms.katalon.core.main.ScriptEngine.run(ScriptEngine.java:194)
	at com.kms.katalon.core.main.ScriptEngine.runScriptAsRawText(ScriptEngine.java:119)
	at com.kms.katalon.core.main.TestCaseExecutor.runScript(TestCaseExecutor.java:328)
	at com.kms.katalon.core.main.TestCaseExecutor.doExecute(TestCaseExecutor.java:319)
	at com.kms.katalon.core.main.TestCaseExecutor.processExecutionPhase(TestCaseExecutor.java:298)
	at com.kms.katalon.core.main.TestCaseExecutor.accessMainPhase(TestCaseExecutor.java:290)
	at com.kms.katalon.core.main.TestCaseExecutor.execute(TestCaseExecutor.java:224)
	at com.kms.katalon.core.main.TestCaseMain.runTestCase(TestCaseMain.java:106)
	at com.kms.katalon.core.keyword.builtin.CallTestCaseKeyword$_callTestCase_closure1.doCall(CallTestCaseKeyword.groovy:59)
	at com.kms.katalon.core.keyword.builtin.CallTestCaseKeyword$_callTestCase_closure1.call(CallTestCaseKeyword.groovy)
	at com.kms.katalon.core.keyword.internal.KeywordMain.runKeyword(KeywordMain.groovy:54)
	at com.kms.katalon.core.keyword.builtin.CallTestCaseKeyword.callTestCase(CallTestCaseKeyword.groovy:80)
	at com.kms.katalon.core.keyword.builtin.CallTestCaseKeyword.execute(CallTestCaseKeyword.groovy:44)
	at com.kms.katalon.core.keyword.internal.KeywordExecutor.executeKeywordForPlatform(KeywordExecutor.groovy:53)
	at com.kms.katalon.core.keyword.BuiltinKeywords.callTestCase(BuiltinKeywords.groovy:334)
	at Submit Form 7 (General) - Case Reassignment Same Branch SEIO.run(Submit Form 7 (General) - Case Reassignment Same Branch SEIO:21)
	at com.kms.katalon.core.main.ScriptEngine.run(ScriptEngine.java:194)
	at com.kms.katalon.core.main.ScriptEngine.runScriptAsRawText(ScriptEngine.java:119)
	at com.kms.katalon.core.main.TestCaseExecutor.runScript(TestCaseExecutor.java:328)
	at com.kms.katalon.core.main.TestCaseExecutor.doExecute(TestCaseExecutor.java:319)
	at com.kms.katalon.core.main.TestCaseExecutor.processExecutionPhase(TestCaseExecutor.java:298)
	at com.kms.katalon.core.main.TestCaseExecutor.accessMainPhase(TestCaseExecutor.java:290)
	at com.kms.katalon.core.main.TestCaseExecutor.execute(TestCaseExecutor.java:224)
	at com.kms.katalon.core.main.TestSuiteExecutor.accessTestCaseMainPhase(TestSuiteExecutor.java:129)
	at com.kms.katalon.core.main.TestSuiteExecutor.accessTestSuiteMainPhase(TestSuiteExecutor.java:112)
	at com.kms.katalon.core.main.TestSuiteExecutor.execute(TestSuiteExecutor.java:81)
	at com.kms.katalon.core.main.TestCaseMain.startTestSuite(TestCaseMain.java:149)
	at com.kms.katalon.core.main.TestCaseMain$startTestSuite$0.call(Unknown Source)
	at TempTestSuite1550652525208.run(TempTestSuite1550652525208.groovy:36)]]></system-out>
         <system-err><![CDATA[2019-02-20 16:58:55 - [TEST_CASE][FAILED] - Test Cases/All TC/Arranged/0. Full Flow/Submit Form 7 (General) - Case Reassignment Same Branch SEIO: Test Cases/All TC/Arranged/0. Full Flow/Submit Form 7 (General) - Case Reassignment Same Branch SEIO FAILED.
Reason:
com.kms.katalon.core.exception.StepFailedException: Unable to click on object 'Object Repository/KinJun/3.0 JSA Application/EIO Internal Login - JSA Application - Approve/Page_PERKESO/Click Workbasket' (Root cause: com.kms.katalon.core.webui.exception.WebElementNotFoundException: Web element with id: 'Object Repository/KinJun/3.0 JSA Application/EIO Internal Login - JSA Application - Approve/Page_PERKESO/Click Workbasket' located by 'By.xpath: //a[@href = '/eisportal/user/internal/taskinbox' and (text() = 'PETI MASUK TUGAS' or . = 'PETI MASUK TUGAS')]' not found)
	at com.kms.katalon.core.keyword.internal.KeywordMain.stepFailed(KeywordMain.groovy:36)
	at com.kms.katalon.core.webui.keyword.internal.WebUIKeywordMain.stepFailed(WebUIKeywordMain.groovy:65)
	at com.kms.katalon.core.webui.keyword.internal.WebUIKeywordMain.runKeyword(WebUIKeywordMain.groovy:27)
	at com.kms.katalon.core.webui.keyword.builtin.ClickKeyword.click(ClickKeyword.groovy:86)
	at com.kms.katalon.core.webui.keyword.builtin.ClickKeyword.execute(ClickKeyword.groovy:67)
	at com.kms.katalon.core.keyword.internal.KeywordExecutor.executeKeywordForPlatform(KeywordExecutor.groovy:53)
	at com.kms.katalon.core.webui.keyword.WebUiBuiltInKeywords.click(WebUiBuiltInKeywords.groovy:616)
	at com.kms.katalon.core.webui.keyword.WebUiBuiltInKeywords$click$3.call(Unknown Source)
	at EIO Internal Login - JSA Application - Approve.run(EIO Internal Login - JSA Application - Approve:32)
	at com.kms.katalon.core.main.ScriptEngine.run(ScriptEngine.java:194)
	at com.kms.katalon.core.main.ScriptEngine.runScriptAsRawText(ScriptEngine.java:119)
	at com.kms.katalon.core.main.TestCaseExecutor.runScript(TestCaseExecutor.java:328)
	at com.kms.katalon.core.main.TestCaseExecutor.doExecute(TestCaseExecutor.java:319)
	at com.kms.katalon.core.main.TestCaseExecutor.processExecutionPhase(TestCaseExecutor.java:298)
	at com.kms.katalon.core.main.TestCaseExecutor.accessMainPhase(TestCaseExecutor.java:290)
	at com.kms.katalon.core.main.TestCaseExecutor.execute(TestCaseExecutor.java:224)
	at com.kms.katalon.core.main.TestCaseMain.runTestCase(TestCaseMain.java:106)
	at com.kms.katalon.core.keyword.builtin.CallTestCaseKeyword$_callTestCase_closure1.doCall(CallTestCaseKeyword.groovy:59)
	at com.kms.katalon.core.keyword.builtin.CallTestCaseKeyword$_callTestCase_closure1.call(CallTestCaseKeyword.groovy)
	at com.kms.katalon.core.keyword.internal.KeywordMain.runKeyword(KeywordMain.groovy:54)
	at com.kms.katalon.core.keyword.builtin.CallTestCaseKeyword.callTestCase(CallTestCaseKeyword.groovy:80)
	at com.kms.katalon.core.keyword.builtin.CallTestCaseKeyword.execute(CallTestCaseKeyword.groovy:44)
	at com.kms.katalon.core.keyword.internal.KeywordExecutor.executeKeywordForPlatform(KeywordExecutor.groovy:53)
	at com.kms.katalon.core.keyword.BuiltinKeywords.callTestCase(BuiltinKeywords.groovy:334)
	at Submit Form 7 (General) - Case Reassignment Same Branch SEIO.run(Submit Form 7 (General) - Case Reassignment Same Branch SEIO:21)
	at com.kms.katalon.core.main.ScriptEngine.run(ScriptEngine.java:194)
	at com.kms.katalon.core.main.ScriptEngine.runScriptAsRawText(ScriptEngine.java:119)
	at com.kms.katalon.core.main.TestCaseExecutor.runScript(TestCaseExecutor.java:328)
	at com.kms.katalon.core.main.TestCaseExecutor.doExecute(TestCaseExecutor.java:319)
	at com.kms.katalon.core.main.TestCaseExecutor.processExecutionPhase(TestCaseExecutor.java:298)
	at com.kms.katalon.core.main.TestCaseExecutor.accessMainPhase(TestCaseExecutor.java:290)
	at com.kms.katalon.core.main.TestCaseExecutor.execute(TestCaseExecutor.java:224)
	at com.kms.katalon.core.main.TestSuiteExecutor.accessTestCaseMainPhase(TestSuiteExecutor.java:129)
	at com.kms.katalon.core.main.TestSuiteExecutor.accessTestSuiteMainPhase(TestSuiteExecutor.java:112)
	at com.kms.katalon.core.main.TestSuiteExecutor.execute(TestSuiteExecutor.java:81)
	at com.kms.katalon.core.main.TestCaseMain.startTestSuite(TestCaseMain.java:149)
	at com.kms.katalon.core.main.TestCaseMain$startTestSuite$0.call(Unknown Source)
	at TempTestSuite1550652525208.run(TempTestSuite1550652525208.groovy:36)]]></system-err>
      </testcase>
      <testcase name="Test Cases/All TC/Arranged/0. Full Flow/Submit Form 7 (General) - Case Reassignment Same Branch EIO" classname="Test Cases/All TC/Arranged/0. Full Flow/Submit Form 7 (General) - Case Reassignment Same Branch EIO" status="FAILED">
         <failure type="FAILED" message="Test Cases/All TC/Arranged/0. Full Flow/Submit Form 7 (General) - Case Reassignment Same Branch EIO FAILED.
Reason:
com.kms.katalon.core.exception.StepFailedException: Unable to click on object 'Object Repository/ZhiHao/General_User_Submit_form 7/GN_Application_Reg/Page_PERKESO/select_pejabat_perkeso' (Root cause: org.openqa.selenium.UnhandledAlertException: unexpected alert open: {Alert text : HARAP MAKLUM

PERMOHONAN FAEDAH SIP TELAH DIBUAT BAGI PEKERJAAN INI. MOHON MENYEMAK SEMULA STATUS PERMOHONAN BAGI TUNTUTAN FAEDAH TERSEBUT}
  (Session info: chrome=72.0.3626.109)
  (Driver info: chromedriver=2.43.600210 (68dcf5eebde37173d4027fa8635e332711d2874a),platform=Windows NT 6.1.7601 SP1 x86_64) (WARNING: The server did not provide any stacktrace information)
Command duration or timeout: 0 milliseconds: null
Build info: version: '3.7.1', revision: '8a0099a', time: '2017-11-06T21:07:36.161Z'
System info: host: 'WIN7TEST02', ip: '10.20.3.72', os.name: 'Windows 7', os.arch: 'amd64', os.version: '6.1', java.version: '1.8.0_181'
Driver info: com.kms.katalon.selenium.driver.CChromeDriver
Capabilities {acceptInsecureCerts: false, acceptSslCerts: false, applicationCacheEnabled: false, browserConnectionEnabled: false, browserName: chrome, chrome: {chromedriverVersion: 2.43.600210 (68dcf5eebde371..., userDataDir: C:\Users\Admin\AppData\Loca...}, cssSelectorsEnabled: true, databaseEnabled: false, goog:chromeOptions: {debuggerAddress: localhost:56567}, handlesAlerts: true, hasTouchScreen: false, javascriptEnabled: true, locationContextEnabled: true, mobileEmulationEnabled: false, nativeEvents: true, networkConnectionEnabled: false, pageLoadStrategy: normal, platform: XP, platformName: XP, rotatable: false, setWindowRect: true, takesHeapSnapshot: true, takesScreenshot: true, unexpectedAlertBehaviour: , unhandledPromptBehavior: , version: 72.0.3626.109, webStorageEnabled: true}
Session ID: 8dbd82932a73f4099cc8673ea39922d7
*** Element info: {Using=xpath, value=//select[@id = 'perkesoOfficeId' and @name = 'perkesoOfficeId' and (text() = '
										--Sila Pilih--
										
											Pejabat PERKESO Batu Pahat
										
											Pejabat PERKESO Beaufort
										
											Pejabat PERKESO Bentong
										
											Pejabat PERKESO Bintulu
										
											Pejabat PERKESO Dungun
										
											Pejabat PERKESO Georgetown
										
											Pejabat PERKESO Kajang
										
											Pejabat PERKESO Kapit
										
											Pejabat PERKESO Kemaman
										
											Pejabat PERKESO Keningau
										
											Pejabat PERKESO Klang
										
											Pejabat PERKESO Kluang
										
											Pejabat PERKESO Kota Marudu
										
											Pejabat PERKESO Kuala Kangsar
										
											Pejabat PERKESO Kuala Krai
										
											Pejabat PERKESO Kuala Pilah
										
											Pejabat PERKESO Kulim
										
											Pejabat PERKESO Labuan
										
											Pejabat PERKESO Lahad Datu
										
											Pejabat PERKESO Langkawi
										
											Pejabat PERKESO Limbang
										
											Pejabat PERKESO Miri
										
											Pejabat PERKESO Muar
										
											Pejabat PERKESO Mukah
										
											Pejabat PERKESO Negeri Johor
										
											Pejabat PERKESO Negeri Kedah
										
											Pejabat PERKESO Negeri Kelantan
										
											Pejabat PERKESO Negeri Melaka
										
											Pejabat PERKESO Negeri Pahang
										
											Pejabat PERKESO Negeri Perak
										
											Pejabat PERKESO Negeri Perlis
										
											Pejabat PERKESO Negeri Pulau Pinang
										
											Pejabat PERKESO Negeri Sabah
										
											Pejabat PERKESO Negeri Sarawak
										
											Pejabat PERKESO Negeri Selangor
										
											Pejabat PERKESO Negeri Sembilan
										
											Pejabat PERKESO Negeri Terengganu
										
											Pejabat PERKESO Negeri W.P Kuala Lumpur
										
											Pejabat PERKESO Rawang
										
											Pejabat PERKESO Sandakan
										
											Pejabat PERKESO Sarikei
										
											Pejabat PERKESO Segamat
										
											Pejabat PERKESO Serian
										
											Pejabat PERKESO Sibu
										
											Pejabat PERKESO Sri Aman
										
											Pejabat PERKESO Sri Manjung
										
											Pejabat PERKESO Sungai Petani
										
											Pejabat PERKESO Taiping
										
											Pejabat PERKESO Tanjung Karang
										
											Pejabat PERKESO Tapah
										
											Pejabat PERKESO Tawau
										
											Pejabat PERKESO Teluk Intan
										
											Pejabat PERKESO Temerloh
										
									' or . = '
										--Sila Pilih--
										
											Pejabat PERKESO Batu Pahat
										
											Pejabat PERKESO Beaufort
										
											Pejabat PERKESO Bentong
										
											Pejabat PERKESO Bintulu
										
											Pejabat PERKESO Dungun
										
											Pejabat PERKESO Georgetown
										
											Pejabat PERKESO Kajang
										
											Pejabat PERKESO Kapit
										
											Pejabat PERKESO Kemaman
										
											Pejabat PERKESO Keningau
										
											Pejabat PERKESO Klang
										
											Pejabat PERKESO Kluang
										
											Pejabat PERKESO Kota Marudu
										
											Pejabat PERKESO Kuala Kangsar
										
											Pejabat PERKESO Kuala Krai
										
											Pejabat PERKESO Kuala Pilah
										
											Pejabat PERKESO Kulim
										
											Pejabat PERKESO Labuan
										
											Pejabat PERKESO Lahad Datu
										
											Pejabat PERKESO Langkawi
										
											Pejabat PERKESO Limbang
										
											Pejabat PERKESO Miri
										
											Pejabat PERKESO Muar
										
											Pejabat PERKESO Mukah
										
											Pejabat PERKESO Negeri Johor
										
											Pejabat PERKESO Negeri Kedah
										
											Pejabat PERKESO Negeri Kelantan
										
											Pejabat PERKESO Negeri Melaka
										
											Pejabat PERKESO Negeri Pahang
										
											Pejabat PERKESO Negeri Perak
										
											Pejabat PERKESO Negeri Perlis
										
											Pejabat PERKESO Negeri Pulau Pinang
										
											Pejabat PERKESO Negeri Sabah
										
											Pejabat PERKESO Negeri Sarawak
										
											Pejabat PERKESO Negeri Selangor
										
											Pejabat PERKESO Negeri Sembilan
										
											Pejabat PERKESO Negeri Terengganu
										
											Pejabat PERKESO Negeri W.P Kuala Lumpur
										
											Pejabat PERKESO Rawang
										
											Pejabat PERKESO Sandakan
										
											Pejabat PERKESO Sarikei
										
											Pejabat PERKESO Segamat
										
											Pejabat PERKESO Serian
										
											Pejabat PERKESO Sibu
										
											Pejabat PERKESO Sri Aman
										
											Pejabat PERKESO Sri Manjung
										
											Pejabat PERKESO Sungai Petani
										
											Pejabat PERKESO Taiping
										
											Pejabat PERKESO Tanjung Karang
										
											Pejabat PERKESO Tapah
										
											Pejabat PERKESO Tawau
										
											Pejabat PERKESO Teluk Intan
										
											Pejabat PERKESO Temerloh
										
									')]})
	at com.kms.katalon.core.keyword.internal.KeywordMain.stepFailed(KeywordMain.groovy:36)
	at com.kms.katalon.core.webui.keyword.internal.WebUIKeywordMain.stepFailed(WebUIKeywordMain.groovy:65)
	at com.kms.katalon.core.webui.keyword.internal.WebUIKeywordMain.runKeyword(WebUIKeywordMain.groovy:27)
	at com.kms.katalon.core.webui.keyword.builtin.ClickKeyword.click(ClickKeyword.groovy:86)
	at com.kms.katalon.core.webui.keyword.builtin.ClickKeyword.execute(ClickKeyword.groovy:67)
	at com.kms.katalon.core.keyword.internal.KeywordExecutor.executeKeywordForPlatform(KeywordExecutor.groovy:53)
	at com.kms.katalon.core.webui.keyword.WebUiBuiltInKeywords.click(WebUiBuiltInKeywords.groovy:616)
	at com.kms.katalon.core.webui.keyword.WebUiBuiltInKeywords$click$3.call(Unknown Source)
	at GN_Application_Reg.run(GN_Application_Reg:51)
	at com.kms.katalon.core.main.ScriptEngine.run(ScriptEngine.java:194)
	at com.kms.katalon.core.main.ScriptEngine.runScriptAsRawText(ScriptEngine.java:119)
	at com.kms.katalon.core.main.TestCaseExecutor.runScript(TestCaseExecutor.java:328)
	at com.kms.katalon.core.main.TestCaseExecutor.doExecute(TestCaseExecutor.java:319)
	at com.kms.katalon.core.main.TestCaseExecutor.processExecutionPhase(TestCaseExecutor.java:298)
	at com.kms.katalon.core.main.TestCaseExecutor.accessMainPhase(TestCaseExecutor.java:290)
	at com.kms.katalon.core.main.TestCaseExecutor.execute(TestCaseExecutor.java:224)
	at com.kms.katalon.core.main.TestCaseMain.runTestCase(TestCaseMain.java:106)
	at com.kms.katalon.core.keyword.builtin.CallTestCaseKeyword$_callTestCase_closure1.doCall(CallTestCaseKeyword.groovy:59)
	at com.kms.katalon.core.keyword.builtin.CallTestCaseKeyword$_callTestCase_closure1.call(CallTestCaseKeyword.groovy)
	at com.kms.katalon.core.keyword.internal.KeywordMain.runKeyword(KeywordMain.groovy:54)
	at com.kms.katalon.core.keyword.builtin.CallTestCaseKeyword.callTestCase(CallTestCaseKeyword.groovy:80)
	at com.kms.katalon.core.keyword.builtin.CallTestCaseKeyword.execute(CallTestCaseKeyword.groovy:44)
	at com.kms.katalon.core.keyword.internal.KeywordExecutor.executeKeywordForPlatform(KeywordExecutor.groovy:53)
	at com.kms.katalon.core.keyword.BuiltinKeywords.callTestCase(BuiltinKeywords.groovy:334)
	at GN_Submit Form 7_End to End.run(GN_Submit Form 7_End to End:16)
	at com.kms.katalon.core.main.ScriptEngine.run(ScriptEngine.java:194)
	at com.kms.katalon.core.main.ScriptEngine.runScriptAsRawText(ScriptEngine.java:119)
	at com.kms.katalon.core.main.TestCaseExecutor.runScript(TestCaseExecutor.java:328)
	at com.kms.katalon.core.main.TestCaseExecutor.doExecute(TestCaseExecutor.java:319)
	at com.kms.katalon.core.main.TestCaseExecutor.processExecutionPhase(TestCaseExecutor.java:298)
	at com.kms.katalon.core.main.TestCaseExecutor.accessMainPhase(TestCaseExecutor.java:290)
	at com.kms.katalon.core.main.TestCaseExecutor.execute(TestCaseExecutor.java:224)
	at com.kms.katalon.core.main.TestCaseMain.runTestCase(TestCaseMain.java:106)
	at com.kms.katalon.core.keyword.builtin.CallTestCaseKeyword$_callTestCase_closure1.doCall(CallTestCaseKeyword.groovy:59)
	at com.kms.katalon.core.keyword.builtin.CallTestCaseKeyword$_callTestCase_closure1.call(CallTestCaseKeyword.groovy)
	at com.kms.katalon.core.keyword.internal.KeywordMain.runKeyword(KeywordMain.groovy:54)
	at com.kms.katalon.core.keyword.builtin.CallTestCaseKeyword.callTestCase(CallTestCaseKeyword.groovy:80)
	at com.kms.katalon.core.keyword.builtin.CallTestCaseKeyword.execute(CallTestCaseKeyword.groovy:44)
	at com.kms.katalon.core.keyword.internal.KeywordExecutor.executeKeywordForPlatform(KeywordExecutor.groovy:53)
	at com.kms.katalon.core.keyword.BuiltinKeywords.callTestCase(BuiltinKeywords.groovy:334)
	at Submit Form 7 (General) - Case Reassignment Same Branch EIO.run(Submit Form 7 (General) - Case Reassignment Same Branch EIO:16)
	at com.kms.katalon.core.main.ScriptEngine.run(ScriptEngine.java:194)
	at com.kms.katalon.core.main.ScriptEngine.runScriptAsRawText(ScriptEngine.java:119)
	at com.kms.katalon.core.main.TestCaseExecutor.runScript(TestCaseExecutor.java:328)
	at com.kms.katalon.core.main.TestCaseExecutor.doExecute(TestCaseExecutor.java:319)
	at com.kms.katalon.core.main.TestCaseExecutor.processExecutionPhase(TestCaseExecutor.java:298)
	at com.kms.katalon.core.main.TestCaseExecutor.accessMainPhase(TestCaseExecutor.java:290)
	at com.kms.katalon.core.main.TestCaseExecutor.execute(TestCaseExecutor.java:224)
	at com.kms.katalon.core.main.TestSuiteExecutor.accessTestCaseMainPhase(TestSuiteExecutor.java:129)
	at com.kms.katalon.core.main.TestSuiteExecutor.accessTestSuiteMainPhase(TestSuiteExecutor.java:112)
	at com.kms.katalon.core.main.TestSuiteExecutor.execute(TestSuiteExecutor.java:81)
	at com.kms.katalon.core.main.TestCaseMain.startTestSuite(TestCaseMain.java:149)
	at com.kms.katalon.core.main.TestCaseMain$startTestSuite$0.call(Unknown Source)
	at TempTestSuite1550652525208.run(TempTestSuite1550652525208.groovy:36)
"/>
         <system-out><![CDATA[2019-02-20 17:16:00 - [TEST_CASE][FAILED] - Test Cases/All TC/Arranged/0. Full Flow/Submit Form 7 (General) - Case Reassignment Same Branch EIO: Test Cases/All TC/Arranged/0. Full Flow/Submit Form 7 (General) - Case Reassignment Same Branch EIO FAILED.
Reason:
com.kms.katalon.core.exception.StepFailedException: Unable to click on object 'Object Repository/ZhiHao/General_User_Submit_form 7/GN_Application_Reg/Page_PERKESO/select_pejabat_perkeso' (Root cause: org.openqa.selenium.UnhandledAlertException: unexpected alert open: {Alert text : HARAP MAKLUM

PERMOHONAN FAEDAH SIP TELAH DIBUAT BAGI PEKERJAAN INI. MOHON MENYEMAK SEMULA STATUS PERMOHONAN BAGI TUNTUTAN FAEDAH TERSEBUT}
  (Session info: chrome=72.0.3626.109)
  (Driver info: chromedriver=2.43.600210 (68dcf5eebde37173d4027fa8635e332711d2874a),platform=Windows NT 6.1.7601 SP1 x86_64) (WARNING: The server did not provide any stacktrace information)
Command duration or timeout: 0 milliseconds: null
Build info: version: '3.7.1', revision: '8a0099a', time: '2017-11-06T21:07:36.161Z'
System info: host: 'WIN7TEST02', ip: '10.20.3.72', os.name: 'Windows 7', os.arch: 'amd64', os.version: '6.1', java.version: '1.8.0_181'
Driver info: com.kms.katalon.selenium.driver.CChromeDriver
Capabilities {acceptInsecureCerts: false, acceptSslCerts: false, applicationCacheEnabled: false, browserConnectionEnabled: false, browserName: chrome, chrome: {chromedriverVersion: 2.43.600210 (68dcf5eebde371..., userDataDir: C:\Users\Admin\AppData\Loca...}, cssSelectorsEnabled: true, databaseEnabled: false, goog:chromeOptions: {debuggerAddress: localhost:56567}, handlesAlerts: true, hasTouchScreen: false, javascriptEnabled: true, locationContextEnabled: true, mobileEmulationEnabled: false, nativeEvents: true, networkConnectionEnabled: false, pageLoadStrategy: normal, platform: XP, platformName: XP, rotatable: false, setWindowRect: true, takesHeapSnapshot: true, takesScreenshot: true, unexpectedAlertBehaviour: , unhandledPromptBehavior: , version: 72.0.3626.109, webStorageEnabled: true}
Session ID: 8dbd82932a73f4099cc8673ea39922d7
*** Element info: {Using=xpath, value=//select[@id = 'perkesoOfficeId' and @name = 'perkesoOfficeId' and (text() = '
										--Sila Pilih--
										
											Pejabat PERKESO Batu Pahat
										
											Pejabat PERKESO Beaufort
										
											Pejabat PERKESO Bentong
										
											Pejabat PERKESO Bintulu
										
											Pejabat PERKESO Dungun
										
											Pejabat PERKESO Georgetown
										
											Pejabat PERKESO Kajang
										
											Pejabat PERKESO Kapit
										
											Pejabat PERKESO Kemaman
										
											Pejabat PERKESO Keningau
										
											Pejabat PERKESO Klang
										
											Pejabat PERKESO Kluang
										
											Pejabat PERKESO Kota Marudu
										
											Pejabat PERKESO Kuala Kangsar
										
											Pejabat PERKESO Kuala Krai
										
											Pejabat PERKESO Kuala Pilah
										
											Pejabat PERKESO Kulim
										
											Pejabat PERKESO Labuan
										
											Pejabat PERKESO Lahad Datu
										
											Pejabat PERKESO Langkawi
										
											Pejabat PERKESO Limbang
										
											Pejabat PERKESO Miri
										
											Pejabat PERKESO Muar
										
											Pejabat PERKESO Mukah
										
											Pejabat PERKESO Negeri Johor
										
											Pejabat PERKESO Negeri Kedah
										
											Pejabat PERKESO Negeri Kelantan
										
											Pejabat PERKESO Negeri Melaka
										
											Pejabat PERKESO Negeri Pahang
										
											Pejabat PERKESO Negeri Perak
										
											Pejabat PERKESO Negeri Perlis
										
											Pejabat PERKESO Negeri Pulau Pinang
										
											Pejabat PERKESO Negeri Sabah
										
											Pejabat PERKESO Negeri Sarawak
										
											Pejabat PERKESO Negeri Selangor
										
											Pejabat PERKESO Negeri Sembilan
										
											Pejabat PERKESO Negeri Terengganu
										
											Pejabat PERKESO Negeri W.P Kuala Lumpur
										
											Pejabat PERKESO Rawang
										
											Pejabat PERKESO Sandakan
										
											Pejabat PERKESO Sarikei
										
											Pejabat PERKESO Segamat
										
											Pejabat PERKESO Serian
										
											Pejabat PERKESO Sibu
										
											Pejabat PERKESO Sri Aman
										
											Pejabat PERKESO Sri Manjung
										
											Pejabat PERKESO Sungai Petani
										
											Pejabat PERKESO Taiping
										
											Pejabat PERKESO Tanjung Karang
										
											Pejabat PERKESO Tapah
										
											Pejabat PERKESO Tawau
										
											Pejabat PERKESO Teluk Intan
										
											Pejabat PERKESO Temerloh
										
									' or . = '
										--Sila Pilih--
										
											Pejabat PERKESO Batu Pahat
										
											Pejabat PERKESO Beaufort
										
											Pejabat PERKESO Bentong
										
											Pejabat PERKESO Bintulu
										
											Pejabat PERKESO Dungun
										
											Pejabat PERKESO Georgetown
										
											Pejabat PERKESO Kajang
										
											Pejabat PERKESO Kapit
										
											Pejabat PERKESO Kemaman
										
											Pejabat PERKESO Keningau
										
											Pejabat PERKESO Klang
										
											Pejabat PERKESO Kluang
										
											Pejabat PERKESO Kota Marudu
										
											Pejabat PERKESO Kuala Kangsar
										
											Pejabat PERKESO Kuala Krai
										
											Pejabat PERKESO Kuala Pilah
										
											Pejabat PERKESO Kulim
										
											Pejabat PERKESO Labuan
										
											Pejabat PERKESO Lahad Datu
										
											Pejabat PERKESO Langkawi
										
											Pejabat PERKESO Limbang
										
											Pejabat PERKESO Miri
										
											Pejabat PERKESO Muar
										
											Pejabat PERKESO Mukah
										
											Pejabat PERKESO Negeri Johor
										
											Pejabat PERKESO Negeri Kedah
										
											Pejabat PERKESO Negeri Kelantan
										
											Pejabat PERKESO Negeri Melaka
										
											Pejabat PERKESO Negeri Pahang
										
											Pejabat PERKESO Negeri Perak
										
											Pejabat PERKESO Negeri Perlis
										
											Pejabat PERKESO Negeri Pulau Pinang
										
											Pejabat PERKESO Negeri Sabah
										
											Pejabat PERKESO Negeri Sarawak
										
											Pejabat PERKESO Negeri Selangor
										
											Pejabat PERKESO Negeri Sembilan
										
											Pejabat PERKESO Negeri Terengganu
										
											Pejabat PERKESO Negeri W.P Kuala Lumpur
										
											Pejabat PERKESO Rawang
										
											Pejabat PERKESO Sandakan
										
											Pejabat PERKESO Sarikei
										
											Pejabat PERKESO Segamat
										
											Pejabat PERKESO Serian
										
											Pejabat PERKESO Sibu
										
											Pejabat PERKESO Sri Aman
										
											Pejabat PERKESO Sri Manjung
										
											Pejabat PERKESO Sungai Petani
										
											Pejabat PERKESO Taiping
										
											Pejabat PERKESO Tanjung Karang
										
											Pejabat PERKESO Tapah
										
											Pejabat PERKESO Tawau
										
											Pejabat PERKESO Teluk Intan
										
											Pejabat PERKESO Temerloh
										
									')]})
	at com.kms.katalon.core.keyword.internal.KeywordMain.stepFailed(KeywordMain.groovy:36)
	at com.kms.katalon.core.webui.keyword.internal.WebUIKeywordMain.stepFailed(WebUIKeywordMain.groovy:65)
	at com.kms.katalon.core.webui.keyword.internal.WebUIKeywordMain.runKeyword(WebUIKeywordMain.groovy:27)
	at com.kms.katalon.core.webui.keyword.builtin.ClickKeyword.click(ClickKeyword.groovy:86)
	at com.kms.katalon.core.webui.keyword.builtin.ClickKeyword.execute(ClickKeyword.groovy:67)
	at com.kms.katalon.core.keyword.internal.KeywordExecutor.executeKeywordForPlatform(KeywordExecutor.groovy:53)
	at com.kms.katalon.core.webui.keyword.WebUiBuiltInKeywords.click(WebUiBuiltInKeywords.groovy:616)
	at com.kms.katalon.core.webui.keyword.WebUiBuiltInKeywords$click$3.call(Unknown Source)
	at GN_Application_Reg.run(GN_Application_Reg:51)
	at com.kms.katalon.core.main.ScriptEngine.run(ScriptEngine.java:194)
	at com.kms.katalon.core.main.ScriptEngine.runScriptAsRawText(ScriptEngine.java:119)
	at com.kms.katalon.core.main.TestCaseExecutor.runScript(TestCaseExecutor.java:328)
	at com.kms.katalon.core.main.TestCaseExecutor.doExecute(TestCaseExecutor.java:319)
	at com.kms.katalon.core.main.TestCaseExecutor.processExecutionPhase(TestCaseExecutor.java:298)
	at com.kms.katalon.core.main.TestCaseExecutor.accessMainPhase(TestCaseExecutor.java:290)
	at com.kms.katalon.core.main.TestCaseExecutor.execute(TestCaseExecutor.java:224)
	at com.kms.katalon.core.main.TestCaseMain.runTestCase(TestCaseMain.java:106)
	at com.kms.katalon.core.keyword.builtin.CallTestCaseKeyword$_callTestCase_closure1.doCall(CallTestCaseKeyword.groovy:59)
	at com.kms.katalon.core.keyword.builtin.CallTestCaseKeyword$_callTestCase_closure1.call(CallTestCaseKeyword.groovy)
	at com.kms.katalon.core.keyword.internal.KeywordMain.runKeyword(KeywordMain.groovy:54)
	at com.kms.katalon.core.keyword.builtin.CallTestCaseKeyword.callTestCase(CallTestCaseKeyword.groovy:80)
	at com.kms.katalon.core.keyword.builtin.CallTestCaseKeyword.execute(CallTestCaseKeyword.groovy:44)
	at com.kms.katalon.core.keyword.internal.KeywordExecutor.executeKeywordForPlatform(KeywordExecutor.groovy:53)
	at com.kms.katalon.core.keyword.BuiltinKeywords.callTestCase(BuiltinKeywords.groovy:334)
	at GN_Submit Form 7_End to End.run(GN_Submit Form 7_End to End:16)
	at com.kms.katalon.core.main.ScriptEngine.run(ScriptEngine.java:194)
	at com.kms.katalon.core.main.ScriptEngine.runScriptAsRawText(ScriptEngine.java:119)
	at com.kms.katalon.core.main.TestCaseExecutor.runScript(TestCaseExecutor.java:328)
	at com.kms.katalon.core.main.TestCaseExecutor.doExecute(TestCaseExecutor.java:319)
	at com.kms.katalon.core.main.TestCaseExecutor.processExecutionPhase(TestCaseExecutor.java:298)
	at com.kms.katalon.core.main.TestCaseExecutor.accessMainPhase(TestCaseExecutor.java:290)
	at com.kms.katalon.core.main.TestCaseExecutor.execute(TestCaseExecutor.java:224)
	at com.kms.katalon.core.main.TestCaseMain.runTestCase(TestCaseMain.java:106)
	at com.kms.katalon.core.keyword.builtin.CallTestCaseKeyword$_callTestCase_closure1.doCall(CallTestCaseKeyword.groovy:59)
	at com.kms.katalon.core.keyword.builtin.CallTestCaseKeyword$_callTestCase_closure1.call(CallTestCaseKeyword.groovy)
	at com.kms.katalon.core.keyword.internal.KeywordMain.runKeyword(KeywordMain.groovy:54)
	at com.kms.katalon.core.keyword.builtin.CallTestCaseKeyword.callTestCase(CallTestCaseKeyword.groovy:80)
	at com.kms.katalon.core.keyword.builtin.CallTestCaseKeyword.execute(CallTestCaseKeyword.groovy:44)
	at com.kms.katalon.core.keyword.internal.KeywordExecutor.executeKeywordForPlatform(KeywordExecutor.groovy:53)
	at com.kms.katalon.core.keyword.BuiltinKeywords.callTestCase(BuiltinKeywords.groovy:334)
	at Submit Form 7 (General) - Case Reassignment Same Branch EIO.run(Submit Form 7 (General) - Case Reassignment Same Branch EIO:16)
	at com.kms.katalon.core.main.ScriptEngine.run(ScriptEngine.java:194)
	at com.kms.katalon.core.main.ScriptEngine.runScriptAsRawText(ScriptEngine.java:119)
	at com.kms.katalon.core.main.TestCaseExecutor.runScript(TestCaseExecutor.java:328)
	at com.kms.katalon.core.main.TestCaseExecutor.doExecute(TestCaseExecutor.java:319)
	at com.kms.katalon.core.main.TestCaseExecutor.processExecutionPhase(TestCaseExecutor.java:298)
	at com.kms.katalon.core.main.TestCaseExecutor.accessMainPhase(TestCaseExecutor.java:290)
	at com.kms.katalon.core.main.TestCaseExecutor.execute(TestCaseExecutor.java:224)
	at com.kms.katalon.core.main.TestSuiteExecutor.accessTestCaseMainPhase(TestSuiteExecutor.java:129)
	at com.kms.katalon.core.main.TestSuiteExecutor.accessTestSuiteMainPhase(TestSuiteExecutor.java:112)
	at com.kms.katalon.core.main.TestSuiteExecutor.execute(TestSuiteExecutor.java:81)
	at com.kms.katalon.core.main.TestCaseMain.startTestSuite(TestCaseMain.java:149)
	at com.kms.katalon.core.main.TestCaseMain$startTestSuite$0.call(Unknown Source)
	at TempTestSuite1550652525208.run(TempTestSuite1550652525208.groovy:36)


2019-02-20 17:16:00 - [TEST_STEP][FAILED] - callTestCase(findTestCase("All TC/Arranged/2. Segment/GN_Submit Form 7_End to End"), [:], STOP_ON_FAILURE): callTestCase(findTestCase("All TC/Arranged/2. Segment/GN_Submit Form 7_End to End"), [:], STOP_ON_FAILURE) FAILED.
Reason:
com.kms.katalon.core.exception.StepFailedException: Unable to click on object 'Object Repository/ZhiHao/General_User_Submit_form 7/GN_Application_Reg/Page_PERKESO/select_pejabat_perkeso' (Root cause: org.openqa.selenium.UnhandledAlertException: unexpected alert open: {Alert text : HARAP MAKLUM

PERMOHONAN FAEDAH SIP TELAH DIBUAT BAGI PEKERJAAN INI. MOHON MENYEMAK SEMULA STATUS PERMOHONAN BAGI TUNTUTAN FAEDAH TERSEBUT}
  (Session info: chrome=72.0.3626.109)
  (Driver info: chromedriver=2.43.600210 (68dcf5eebde37173d4027fa8635e332711d2874a),platform=Windows NT 6.1.7601 SP1 x86_64) (WARNING: The server did not provide any stacktrace information)
Command duration or timeout: 0 milliseconds: null
Build info: version: '3.7.1', revision: '8a0099a', time: '2017-11-06T21:07:36.161Z'
System info: host: 'WIN7TEST02', ip: '10.20.3.72', os.name: 'Windows 7', os.arch: 'amd64', os.version: '6.1', java.version: '1.8.0_181'
Driver info: com.kms.katalon.selenium.driver.CChromeDriver
Capabilities {acceptInsecureCerts: false, acceptSslCerts: false, applicationCacheEnabled: false, browserConnectionEnabled: false, browserName: chrome, chrome: {chromedriverVersion: 2.43.600210 (68dcf5eebde371..., userDataDir: C:\Users\Admin\AppData\Loca...}, cssSelectorsEnabled: true, databaseEnabled: false, goog:chromeOptions: {debuggerAddress: localhost:56567}, handlesAlerts: true, hasTouchScreen: false, javascriptEnabled: true, locationContextEnabled: true, mobileEmulationEnabled: false, nativeEvents: true, networkConnectionEnabled: false, pageLoadStrategy: normal, platform: XP, platformName: XP, rotatable: false, setWindowRect: true, takesHeapSnapshot: true, takesScreenshot: true, unexpectedAlertBehaviour: , unhandledPromptBehavior: , version: 72.0.3626.109, webStorageEnabled: true}
Session ID: 8dbd82932a73f4099cc8673ea39922d7
*** Element info: {Using=xpath, value=//select[@id = 'perkesoOfficeId' and @name = 'perkesoOfficeId' and (text() = '
										--Sila Pilih--
										
											Pejabat PERKESO Batu Pahat
										
											Pejabat PERKESO Beaufort
										
											Pejabat PERKESO Bentong
										
											Pejabat PERKESO Bintulu
										
											Pejabat PERKESO Dungun
										
											Pejabat PERKESO Georgetown
										
											Pejabat PERKESO Kajang
										
											Pejabat PERKESO Kapit
										
											Pejabat PERKESO Kemaman
										
											Pejabat PERKESO Keningau
										
											Pejabat PERKESO Klang
										
											Pejabat PERKESO Kluang
										
											Pejabat PERKESO Kota Marudu
										
											Pejabat PERKESO Kuala Kangsar
										
											Pejabat PERKESO Kuala Krai
										
											Pejabat PERKESO Kuala Pilah
										
											Pejabat PERKESO Kulim
										
											Pejabat PERKESO Labuan
										
											Pejabat PERKESO Lahad Datu
										
											Pejabat PERKESO Langkawi
										
											Pejabat PERKESO Limbang
										
											Pejabat PERKESO Miri
										
											Pejabat PERKESO Muar
										
											Pejabat PERKESO Mukah
										
											Pejabat PERKESO Negeri Johor
										
											Pejabat PERKESO Negeri Kedah
										
											Pejabat PERKESO Negeri Kelantan
										
											Pejabat PERKESO Negeri Melaka
										
											Pejabat PERKESO Negeri Pahang
										
											Pejabat PERKESO Negeri Perak
										
											Pejabat PERKESO Negeri Perlis
										
											Pejabat PERKESO Negeri Pulau Pinang
										
											Pejabat PERKESO Negeri Sabah
										
											Pejabat PERKESO Negeri Sarawak
										
											Pejabat PERKESO Negeri Selangor
										
											Pejabat PERKESO Negeri Sembilan
										
											Pejabat PERKESO Negeri Terengganu
										
											Pejabat PERKESO Negeri W.P Kuala Lumpur
										
											Pejabat PERKESO Rawang
										
											Pejabat PERKESO Sandakan
										
											Pejabat PERKESO Sarikei
										
											Pejabat PERKESO Segamat
										
											Pejabat PERKESO Serian
										
											Pejabat PERKESO Sibu
										
											Pejabat PERKESO Sri Aman
										
											Pejabat PERKESO Sri Manjung
										
											Pejabat PERKESO Sungai Petani
										
											Pejabat PERKESO Taiping
										
											Pejabat PERKESO Tanjung Karang
										
											Pejabat PERKESO Tapah
										
											Pejabat PERKESO Tawau
										
											Pejabat PERKESO Teluk Intan
										
											Pejabat PERKESO Temerloh
										
									' or . = '
										--Sila Pilih--
										
											Pejabat PERKESO Batu Pahat
										
											Pejabat PERKESO Beaufort
										
											Pejabat PERKESO Bentong
										
											Pejabat PERKESO Bintulu
										
											Pejabat PERKESO Dungun
										
											Pejabat PERKESO Georgetown
										
											Pejabat PERKESO Kajang
										
											Pejabat PERKESO Kapit
										
											Pejabat PERKESO Kemaman
										
											Pejabat PERKESO Keningau
										
											Pejabat PERKESO Klang
										
											Pejabat PERKESO Kluang
										
											Pejabat PERKESO Kota Marudu
										
											Pejabat PERKESO Kuala Kangsar
										
											Pejabat PERKESO Kuala Krai
										
											Pejabat PERKESO Kuala Pilah
										
											Pejabat PERKESO Kulim
										
											Pejabat PERKESO Labuan
										
											Pejabat PERKESO Lahad Datu
										
											Pejabat PERKESO Langkawi
										
											Pejabat PERKESO Limbang
										
											Pejabat PERKESO Miri
										
											Pejabat PERKESO Muar
										
											Pejabat PERKESO Mukah
										
											Pejabat PERKESO Negeri Johor
										
											Pejabat PERKESO Negeri Kedah
										
											Pejabat PERKESO Negeri Kelantan
										
											Pejabat PERKESO Negeri Melaka
										
											Pejabat PERKESO Negeri Pahang
										
											Pejabat PERKESO Negeri Perak
										
											Pejabat PERKESO Negeri Perlis
										
											Pejabat PERKESO Negeri Pulau Pinang
										
											Pejabat PERKESO Negeri Sabah
										
											Pejabat PERKESO Negeri Sarawak
										
											Pejabat PERKESO Negeri Selangor
										
											Pejabat PERKESO Negeri Sembilan
										
											Pejabat PERKESO Negeri Terengganu
										
											Pejabat PERKESO Negeri W.P Kuala Lumpur
										
											Pejabat PERKESO Rawang
										
											Pejabat PERKESO Sandakan
										
											Pejabat PERKESO Sarikei
										
											Pejabat PERKESO Segamat
										
											Pejabat PERKESO Serian
										
											Pejabat PERKESO Sibu
										
											Pejabat PERKESO Sri Aman
										
											Pejabat PERKESO Sri Manjung
										
											Pejabat PERKESO Sungai Petani
										
											Pejabat PERKESO Taiping
										
											Pejabat PERKESO Tanjung Karang
										
											Pejabat PERKESO Tapah
										
											Pejabat PERKESO Tawau
										
											Pejabat PERKESO Teluk Intan
										
											Pejabat PERKESO Temerloh
										
									')]})
	at com.kms.katalon.core.keyword.internal.KeywordMain.stepFailed(KeywordMain.groovy:36)
	at com.kms.katalon.core.webui.keyword.internal.WebUIKeywordMain.stepFailed(WebUIKeywordMain.groovy:65)
	at com.kms.katalon.core.webui.keyword.internal.WebUIKeywordMain.runKeyword(WebUIKeywordMain.groovy:27)
	at com.kms.katalon.core.webui.keyword.builtin.ClickKeyword.click(ClickKeyword.groovy:86)
	at com.kms.katalon.core.webui.keyword.builtin.ClickKeyword.execute(ClickKeyword.groovy:67)
	at com.kms.katalon.core.keyword.internal.KeywordExecutor.executeKeywordForPlatform(KeywordExecutor.groovy:53)
	at com.kms.katalon.core.webui.keyword.WebUiBuiltInKeywords.click(WebUiBuiltInKeywords.groovy:616)
	at com.kms.katalon.core.webui.keyword.WebUiBuiltInKeywords$click$3.call(Unknown Source)
	at GN_Application_Reg.run(GN_Application_Reg:51)
	at com.kms.katalon.core.main.ScriptEngine.run(ScriptEngine.java:194)
	at com.kms.katalon.core.main.ScriptEngine.runScriptAsRawText(ScriptEngine.java:119)
	at com.kms.katalon.core.main.TestCaseExecutor.runScript(TestCaseExecutor.java:328)
	at com.kms.katalon.core.main.TestCaseExecutor.doExecute(TestCaseExecutor.java:319)
	at com.kms.katalon.core.main.TestCaseExecutor.processExecutionPhase(TestCaseExecutor.java:298)
	at com.kms.katalon.core.main.TestCaseExecutor.accessMainPhase(TestCaseExecutor.java:290)
	at com.kms.katalon.core.main.TestCaseExecutor.execute(TestCaseExecutor.java:224)
	at com.kms.katalon.core.main.TestCaseMain.runTestCase(TestCaseMain.java:106)
	at com.kms.katalon.core.keyword.builtin.CallTestCaseKeyword$_callTestCase_closure1.doCall(CallTestCaseKeyword.groovy:59)
	at com.kms.katalon.core.keyword.builtin.CallTestCaseKeyword$_callTestCase_closure1.call(CallTestCaseKeyword.groovy)
	at com.kms.katalon.core.keyword.internal.KeywordMain.runKeyword(KeywordMain.groovy:54)
	at com.kms.katalon.core.keyword.builtin.CallTestCaseKeyword.callTestCase(CallTestCaseKeyword.groovy:80)
	at com.kms.katalon.core.keyword.builtin.CallTestCaseKeyword.execute(CallTestCaseKeyword.groovy:44)
	at com.kms.katalon.core.keyword.internal.KeywordExecutor.executeKeywordForPlatform(KeywordExecutor.groovy:53)
	at com.kms.katalon.core.keyword.BuiltinKeywords.callTestCase(BuiltinKeywords.groovy:334)
	at GN_Submit Form 7_End to End.run(GN_Submit Form 7_End to End:16)
	at com.kms.katalon.core.main.ScriptEngine.run(ScriptEngine.java:194)
	at com.kms.katalon.core.main.ScriptEngine.runScriptAsRawText(ScriptEngine.java:119)
	at com.kms.katalon.core.main.TestCaseExecutor.runScript(TestCaseExecutor.java:328)
	at com.kms.katalon.core.main.TestCaseExecutor.doExecute(TestCaseExecutor.java:319)
	at com.kms.katalon.core.main.TestCaseExecutor.processExecutionPhase(TestCaseExecutor.java:298)
	at com.kms.katalon.core.main.TestCaseExecutor.accessMainPhase(TestCaseExecutor.java:290)
	at com.kms.katalon.core.main.TestCaseExecutor.execute(TestCaseExecutor.java:224)
	at com.kms.katalon.core.main.TestCaseMain.runTestCase(TestCaseMain.java:106)
	at com.kms.katalon.core.keyword.builtin.CallTestCaseKeyword$_callTestCase_closure1.doCall(CallTestCaseKeyword.groovy:59)
	at com.kms.katalon.core.keyword.builtin.CallTestCaseKeyword$_callTestCase_closure1.call(CallTestCaseKeyword.groovy)
	at com.kms.katalon.core.keyword.internal.KeywordMain.runKeyword(KeywordMain.groovy:54)
	at com.kms.katalon.core.keyword.builtin.CallTestCaseKeyword.callTestCase(CallTestCaseKeyword.groovy:80)
	at com.kms.katalon.core.keyword.builtin.CallTestCaseKeyword.execute(CallTestCaseKeyword.groovy:44)
	at com.kms.katalon.core.keyword.internal.KeywordExecutor.executeKeywordForPlatform(KeywordExecutor.groovy:53)
	at com.kms.katalon.core.keyword.BuiltinKeywords.callTestCase(BuiltinKeywords.groovy:334)
	at Submit Form 7 (General) - Case Reassignment Same Branch EIO.run(Submit Form 7 (General) - Case Reassignment Same Branch EIO:16)
	at com.kms.katalon.core.main.ScriptEngine.run(ScriptEngine.java:194)
	at com.kms.katalon.core.main.ScriptEngine.runScriptAsRawText(ScriptEngine.java:119)
	at com.kms.katalon.core.main.TestCaseExecutor.runScript(TestCaseExecutor.java:328)
	at com.kms.katalon.core.main.TestCaseExecutor.doExecute(TestCaseExecutor.java:319)
	at com.kms.katalon.core.main.TestCaseExecutor.processExecutionPhase(TestCaseExecutor.java:298)
	at com.kms.katalon.core.main.TestCaseExecutor.accessMainPhase(TestCaseExecutor.java:290)
	at com.kms.katalon.core.main.TestCaseExecutor.execute(TestCaseExecutor.java:224)
	at com.kms.katalon.core.main.TestSuiteExecutor.accessTestCaseMainPhase(TestSuiteExecutor.java:129)
	at com.kms.katalon.core.main.TestSuiteExecutor.accessTestSuiteMainPhase(TestSuiteExecutor.java:112)
	at com.kms.katalon.core.main.TestSuiteExecutor.execute(TestSuiteExecutor.java:81)
	at com.kms.katalon.core.main.TestCaseMain.startTestSuite(TestCaseMain.java:149)
	at com.kms.katalon.core.main.TestCaseMain$startTestSuite$0.call(Unknown Source)
	at TempTestSuite1550652525208.run(TempTestSuite1550652525208.groovy:36)


2019-02-20 17:16:01 - [TEST_CASE][FAILED] - Test Cases/All TC/Arranged/2. Segment/GN_Submit Form 7_End to End: Test Cases/All TC/Arranged/2. Segment/GN_Submit Form 7_End to End FAILED.
Reason:
com.kms.katalon.core.exception.StepFailedException: Unable to click on object 'Object Repository/ZhiHao/General_User_Submit_form 7/GN_Application_Reg/Page_PERKESO/select_pejabat_perkeso' (Root cause: org.openqa.selenium.UnhandledAlertException: unexpected alert open: {Alert text : HARAP MAKLUM

PERMOHONAN FAEDAH SIP TELAH DIBUAT BAGI PEKERJAAN INI. MOHON MENYEMAK SEMULA STATUS PERMOHONAN BAGI TUNTUTAN FAEDAH TERSEBUT}
  (Session info: chrome=72.0.3626.109)
  (Driver info: chromedriver=2.43.600210 (68dcf5eebde37173d4027fa8635e332711d2874a),platform=Windows NT 6.1.7601 SP1 x86_64) (WARNING: The server did not provide any stacktrace information)
Command duration or timeout: 0 milliseconds: null
Build info: version: '3.7.1', revision: '8a0099a', time: '2017-11-06T21:07:36.161Z'
System info: host: 'WIN7TEST02', ip: '10.20.3.72', os.name: 'Windows 7', os.arch: 'amd64', os.version: '6.1', java.version: '1.8.0_181'
Driver info: com.kms.katalon.selenium.driver.CChromeDriver
Capabilities {acceptInsecureCerts: false, acceptSslCerts: false, applicationCacheEnabled: false, browserConnectionEnabled: false, browserName: chrome, chrome: {chromedriverVersion: 2.43.600210 (68dcf5eebde371..., userDataDir: C:\Users\Admin\AppData\Loca...}, cssSelectorsEnabled: true, databaseEnabled: false, goog:chromeOptions: {debuggerAddress: localhost:56567}, handlesAlerts: true, hasTouchScreen: false, javascriptEnabled: true, locationContextEnabled: true, mobileEmulationEnabled: false, nativeEvents: true, networkConnectionEnabled: false, pageLoadStrategy: normal, platform: XP, platformName: XP, rotatable: false, setWindowRect: true, takesHeapSnapshot: true, takesScreenshot: true, unexpectedAlertBehaviour: , unhandledPromptBehavior: , version: 72.0.3626.109, webStorageEnabled: true}
Session ID: 8dbd82932a73f4099cc8673ea39922d7
*** Element info: {Using=xpath, value=//select[@id = 'perkesoOfficeId' and @name = 'perkesoOfficeId' and (text() = '
										--Sila Pilih--
										
											Pejabat PERKESO Batu Pahat
										
											Pejabat PERKESO Beaufort
										
											Pejabat PERKESO Bentong
										
											Pejabat PERKESO Bintulu
										
											Pejabat PERKESO Dungun
										
											Pejabat PERKESO Georgetown
										
											Pejabat PERKESO Kajang
										
											Pejabat PERKESO Kapit
										
											Pejabat PERKESO Kemaman
										
											Pejabat PERKESO Keningau
										
											Pejabat PERKESO Klang
										
											Pejabat PERKESO Kluang
										
											Pejabat PERKESO Kota Marudu
										
											Pejabat PERKESO Kuala Kangsar
										
											Pejabat PERKESO Kuala Krai
										
											Pejabat PERKESO Kuala Pilah
										
											Pejabat PERKESO Kulim
										
											Pejabat PERKESO Labuan
										
											Pejabat PERKESO Lahad Datu
										
											Pejabat PERKESO Langkawi
										
											Pejabat PERKESO Limbang
										
											Pejabat PERKESO Miri
										
											Pejabat PERKESO Muar
										
											Pejabat PERKESO Mukah
										
											Pejabat PERKESO Negeri Johor
										
											Pejabat PERKESO Negeri Kedah
										
											Pejabat PERKESO Negeri Kelantan
										
											Pejabat PERKESO Negeri Melaka
										
											Pejabat PERKESO Negeri Pahang
										
											Pejabat PERKESO Negeri Perak
										
											Pejabat PERKESO Negeri Perlis
										
											Pejabat PERKESO Negeri Pulau Pinang
										
											Pejabat PERKESO Negeri Sabah
										
											Pejabat PERKESO Negeri Sarawak
										
											Pejabat PERKESO Negeri Selangor
										
											Pejabat PERKESO Negeri Sembilan
										
											Pejabat PERKESO Negeri Terengganu
										
											Pejabat PERKESO Negeri W.P Kuala Lumpur
										
											Pejabat PERKESO Rawang
										
											Pejabat PERKESO Sandakan
										
											Pejabat PERKESO Sarikei
										
											Pejabat PERKESO Segamat
										
											Pejabat PERKESO Serian
										
											Pejabat PERKESO Sibu
										
											Pejabat PERKESO Sri Aman
										
											Pejabat PERKESO Sri Manjung
										
											Pejabat PERKESO Sungai Petani
										
											Pejabat PERKESO Taiping
										
											Pejabat PERKESO Tanjung Karang
										
											Pejabat PERKESO Tapah
										
											Pejabat PERKESO Tawau
										
											Pejabat PERKESO Teluk Intan
										
											Pejabat PERKESO Temerloh
										
									' or . = '
										--Sila Pilih--
										
											Pejabat PERKESO Batu Pahat
										
											Pejabat PERKESO Beaufort
										
											Pejabat PERKESO Bentong
										
											Pejabat PERKESO Bintulu
										
											Pejabat PERKESO Dungun
										
											Pejabat PERKESO Georgetown
										
											Pejabat PERKESO Kajang
										
											Pejabat PERKESO Kapit
										
											Pejabat PERKESO Kemaman
										
											Pejabat PERKESO Keningau
										
											Pejabat PERKESO Klang
										
											Pejabat PERKESO Kluang
										
											Pejabat PERKESO Kota Marudu
										
											Pejabat PERKESO Kuala Kangsar
										
											Pejabat PERKESO Kuala Krai
										
											Pejabat PERKESO Kuala Pilah
										
											Pejabat PERKESO Kulim
										
											Pejabat PERKESO Labuan
										
											Pejabat PERKESO Lahad Datu
										
											Pejabat PERKESO Langkawi
										
											Pejabat PERKESO Limbang
										
											Pejabat PERKESO Miri
										
											Pejabat PERKESO Muar
										
											Pejabat PERKESO Mukah
										
											Pejabat PERKESO Negeri Johor
										
											Pejabat PERKESO Negeri Kedah
										
											Pejabat PERKESO Negeri Kelantan
										
											Pejabat PERKESO Negeri Melaka
										
											Pejabat PERKESO Negeri Pahang
										
											Pejabat PERKESO Negeri Perak
										
											Pejabat PERKESO Negeri Perlis
										
											Pejabat PERKESO Negeri Pulau Pinang
										
											Pejabat PERKESO Negeri Sabah
										
											Pejabat PERKESO Negeri Sarawak
										
											Pejabat PERKESO Negeri Selangor
										
											Pejabat PERKESO Negeri Sembilan
										
											Pejabat PERKESO Negeri Terengganu
										
											Pejabat PERKESO Negeri W.P Kuala Lumpur
										
											Pejabat PERKESO Rawang
										
											Pejabat PERKESO Sandakan
										
											Pejabat PERKESO Sarikei
										
											Pejabat PERKESO Segamat
										
											Pejabat PERKESO Serian
										
											Pejabat PERKESO Sibu
										
											Pejabat PERKESO Sri Aman
										
											Pejabat PERKESO Sri Manjung
										
											Pejabat PERKESO Sungai Petani
										
											Pejabat PERKESO Taiping
										
											Pejabat PERKESO Tanjung Karang
										
											Pejabat PERKESO Tapah
										
											Pejabat PERKESO Tawau
										
											Pejabat PERKESO Teluk Intan
										
											Pejabat PERKESO Temerloh
										
									')]})
	at com.kms.katalon.core.keyword.internal.KeywordMain.stepFailed(KeywordMain.groovy:36)
	at com.kms.katalon.core.webui.keyword.internal.WebUIKeywordMain.stepFailed(WebUIKeywordMain.groovy:65)
	at com.kms.katalon.core.webui.keyword.internal.WebUIKeywordMain.runKeyword(WebUIKeywordMain.groovy:27)
	at com.kms.katalon.core.webui.keyword.builtin.ClickKeyword.click(ClickKeyword.groovy:86)
	at com.kms.katalon.core.webui.keyword.builtin.ClickKeyword.execute(ClickKeyword.groovy:67)
	at com.kms.katalon.core.keyword.internal.KeywordExecutor.executeKeywordForPlatform(KeywordExecutor.groovy:53)
	at com.kms.katalon.core.webui.keyword.WebUiBuiltInKeywords.click(WebUiBuiltInKeywords.groovy:616)
	at com.kms.katalon.core.webui.keyword.WebUiBuiltInKeywords$click$3.call(Unknown Source)
	at GN_Application_Reg.run(GN_Application_Reg:51)
	at com.kms.katalon.core.main.ScriptEngine.run(ScriptEngine.java:194)
	at com.kms.katalon.core.main.ScriptEngine.runScriptAsRawText(ScriptEngine.java:119)
	at com.kms.katalon.core.main.TestCaseExecutor.runScript(TestCaseExecutor.java:328)
	at com.kms.katalon.core.main.TestCaseExecutor.doExecute(TestCaseExecutor.java:319)
	at com.kms.katalon.core.main.TestCaseExecutor.processExecutionPhase(TestCaseExecutor.java:298)
	at com.kms.katalon.core.main.TestCaseExecutor.accessMainPhase(TestCaseExecutor.java:290)
	at com.kms.katalon.core.main.TestCaseExecutor.execute(TestCaseExecutor.java:224)
	at com.kms.katalon.core.main.TestCaseMain.runTestCase(TestCaseMain.java:106)
	at com.kms.katalon.core.keyword.builtin.CallTestCaseKeyword$_callTestCase_closure1.doCall(CallTestCaseKeyword.groovy:59)
	at com.kms.katalon.core.keyword.builtin.CallTestCaseKeyword$_callTestCase_closure1.call(CallTestCaseKeyword.groovy)
	at com.kms.katalon.core.keyword.internal.KeywordMain.runKeyword(KeywordMain.groovy:54)
	at com.kms.katalon.core.keyword.builtin.CallTestCaseKeyword.callTestCase(CallTestCaseKeyword.groovy:80)
	at com.kms.katalon.core.keyword.builtin.CallTestCaseKeyword.execute(CallTestCaseKeyword.groovy:44)
	at com.kms.katalon.core.keyword.internal.KeywordExecutor.executeKeywordForPlatform(KeywordExecutor.groovy:53)
	at com.kms.katalon.core.keyword.BuiltinKeywords.callTestCase(BuiltinKeywords.groovy:334)
	at GN_Submit Form 7_End to End.run(GN_Submit Form 7_End to End:16)
	at com.kms.katalon.core.main.ScriptEngine.run(ScriptEngine.java:194)
	at com.kms.katalon.core.main.ScriptEngine.runScriptAsRawText(ScriptEngine.java:119)
	at com.kms.katalon.core.main.TestCaseExecutor.runScript(TestCaseExecutor.java:328)
	at com.kms.katalon.core.main.TestCaseExecutor.doExecute(TestCaseExecutor.java:319)
	at com.kms.katalon.core.main.TestCaseExecutor.processExecutionPhase(TestCaseExecutor.java:298)
	at com.kms.katalon.core.main.TestCaseExecutor.accessMainPhase(TestCaseExecutor.java:290)
	at com.kms.katalon.core.main.TestCaseExecutor.execute(TestCaseExecutor.java:224)
	at com.kms.katalon.core.main.TestCaseMain.runTestCase(TestCaseMain.java:106)
	at com.kms.katalon.core.keyword.builtin.CallTestCaseKeyword$_callTestCase_closure1.doCall(CallTestCaseKeyword.groovy:59)
	at com.kms.katalon.core.keyword.builtin.CallTestCaseKeyword$_callTestCase_closure1.call(CallTestCaseKeyword.groovy)
	at com.kms.katalon.core.keyword.internal.KeywordMain.runKeyword(KeywordMain.groovy:54)
	at com.kms.katalon.core.keyword.builtin.CallTestCaseKeyword.callTestCase(CallTestCaseKeyword.groovy:80)
	at com.kms.katalon.core.keyword.builtin.CallTestCaseKeyword.execute(CallTestCaseKeyword.groovy:44)
	at com.kms.katalon.core.keyword.internal.KeywordExecutor.executeKeywordForPlatform(KeywordExecutor.groovy:53)
	at com.kms.katalon.core.keyword.BuiltinKeywords.callTestCase(BuiltinKeywords.groovy:334)
	at Submit Form 7 (General) - Case Reassignment Same Branch EIO.run(Submit Form 7 (General) - Case Reassignment Same Branch EIO:16)
	at com.kms.katalon.core.main.ScriptEngine.run(ScriptEngine.java:194)
	at com.kms.katalon.core.main.ScriptEngine.runScriptAsRawText(ScriptEngine.java:119)
	at com.kms.katalon.core.main.TestCaseExecutor.runScript(TestCaseExecutor.java:328)
	at com.kms.katalon.core.main.TestCaseExecutor.doExecute(TestCaseExecutor.java:319)
	at com.kms.katalon.core.main.TestCaseExecutor.processExecutionPhase(TestCaseExecutor.java:298)
	at com.kms.katalon.core.main.TestCaseExecutor.accessMainPhase(TestCaseExecutor.java:290)
	at com.kms.katalon.core.main.TestCaseExecutor.execute(TestCaseExecutor.java:224)
	at com.kms.katalon.core.main.TestSuiteExecutor.accessTestCaseMainPhase(TestSuiteExecutor.java:129)
	at com.kms.katalon.core.main.TestSuiteExecutor.accessTestSuiteMainPhase(TestSuiteExecutor.java:112)
	at com.kms.katalon.core.main.TestSuiteExecutor.execute(TestSuiteExecutor.java:81)
	at com.kms.katalon.core.main.TestCaseMain.startTestSuite(TestCaseMain.java:149)
	at com.kms.katalon.core.main.TestCaseMain$startTestSuite$0.call(Unknown Source)
	at TempTestSuite1550652525208.run(TempTestSuite1550652525208.groovy:36)


2019-02-20 17:16:01 - [TEST_STEP][FAILED] - callTestCase(findTestCase("All TC/Arranged/3. Unit/EI/GN submit form 7/GN_Application_Reg"), [:], STOP_ON_FAILURE): callTestCase(findTestCase("All TC/Arranged/3. Unit/EI/GN submit form 7/GN_Application_Reg"), [:], STOP_ON_FAILURE) FAILED.
Reason:
com.kms.katalon.core.exception.StepFailedException: Unable to click on object 'Object Repository/ZhiHao/General_User_Submit_form 7/GN_Application_Reg/Page_PERKESO/select_pejabat_perkeso' (Root cause: org.openqa.selenium.UnhandledAlertException: unexpected alert open: {Alert text : HARAP MAKLUM

PERMOHONAN FAEDAH SIP TELAH DIBUAT BAGI PEKERJAAN INI. MOHON MENYEMAK SEMULA STATUS PERMOHONAN BAGI TUNTUTAN FAEDAH TERSEBUT}
  (Session info: chrome=72.0.3626.109)
  (Driver info: chromedriver=2.43.600210 (68dcf5eebde37173d4027fa8635e332711d2874a),platform=Windows NT 6.1.7601 SP1 x86_64) (WARNING: The server did not provide any stacktrace information)
Command duration or timeout: 0 milliseconds: null
Build info: version: '3.7.1', revision: '8a0099a', time: '2017-11-06T21:07:36.161Z'
System info: host: 'WIN7TEST02', ip: '10.20.3.72', os.name: 'Windows 7', os.arch: 'amd64', os.version: '6.1', java.version: '1.8.0_181'
Driver info: com.kms.katalon.selenium.driver.CChromeDriver
Capabilities {acceptInsecureCerts: false, acceptSslCerts: false, applicationCacheEnabled: false, browserConnectionEnabled: false, browserName: chrome, chrome: {chromedriverVersion: 2.43.600210 (68dcf5eebde371..., userDataDir: C:\Users\Admin\AppData\Loca...}, cssSelectorsEnabled: true, databaseEnabled: false, goog:chromeOptions: {debuggerAddress: localhost:56567}, handlesAlerts: true, hasTouchScreen: false, javascriptEnabled: true, locationContextEnabled: true, mobileEmulationEnabled: false, nativeEvents: true, networkConnectionEnabled: false, pageLoadStrategy: normal, platform: XP, platformName: XP, rotatable: false, setWindowRect: true, takesHeapSnapshot: true, takesScreenshot: true, unexpectedAlertBehaviour: , unhandledPromptBehavior: , version: 72.0.3626.109, webStorageEnabled: true}
Session ID: 8dbd82932a73f4099cc8673ea39922d7
*** Element info: {Using=xpath, value=//select[@id = 'perkesoOfficeId' and @name = 'perkesoOfficeId' and (text() = '
										--Sila Pilih--
										
											Pejabat PERKESO Batu Pahat
										
											Pejabat PERKESO Beaufort
										
											Pejabat PERKESO Bentong
										
											Pejabat PERKESO Bintulu
										
											Pejabat PERKESO Dungun
										
											Pejabat PERKESO Georgetown
										
											Pejabat PERKESO Kajang
										
											Pejabat PERKESO Kapit
										
											Pejabat PERKESO Kemaman
										
											Pejabat PERKESO Keningau
										
											Pejabat PERKESO Klang
										
											Pejabat PERKESO Kluang
										
											Pejabat PERKESO Kota Marudu
										
											Pejabat PERKESO Kuala Kangsar
										
											Pejabat PERKESO Kuala Krai
										
											Pejabat PERKESO Kuala Pilah
										
											Pejabat PERKESO Kulim
										
											Pejabat PERKESO Labuan
										
											Pejabat PERKESO Lahad Datu
										
											Pejabat PERKESO Langkawi
										
											Pejabat PERKESO Limbang
										
											Pejabat PERKESO Miri
										
											Pejabat PERKESO Muar
										
											Pejabat PERKESO Mukah
										
											Pejabat PERKESO Negeri Johor
										
											Pejabat PERKESO Negeri Kedah
										
											Pejabat PERKESO Negeri Kelantan
										
											Pejabat PERKESO Negeri Melaka
										
											Pejabat PERKESO Negeri Pahang
										
											Pejabat PERKESO Negeri Perak
										
											Pejabat PERKESO Negeri Perlis
										
											Pejabat PERKESO Negeri Pulau Pinang
										
											Pejabat PERKESO Negeri Sabah
										
											Pejabat PERKESO Negeri Sarawak
										
											Pejabat PERKESO Negeri Selangor
										
											Pejabat PERKESO Negeri Sembilan
										
											Pejabat PERKESO Negeri Terengganu
										
											Pejabat PERKESO Negeri W.P Kuala Lumpur
										
											Pejabat PERKESO Rawang
										
											Pejabat PERKESO Sandakan
										
											Pejabat PERKESO Sarikei
										
											Pejabat PERKESO Segamat
										
											Pejabat PERKESO Serian
										
											Pejabat PERKESO Sibu
										
											Pejabat PERKESO Sri Aman
										
											Pejabat PERKESO Sri Manjung
										
											Pejabat PERKESO Sungai Petani
										
											Pejabat PERKESO Taiping
										
											Pejabat PERKESO Tanjung Karang
										
											Pejabat PERKESO Tapah
										
											Pejabat PERKESO Tawau
										
											Pejabat PERKESO Teluk Intan
										
											Pejabat PERKESO Temerloh
										
									' or . = '
										--Sila Pilih--
										
											Pejabat PERKESO Batu Pahat
										
											Pejabat PERKESO Beaufort
										
											Pejabat PERKESO Bentong
										
											Pejabat PERKESO Bintulu
										
											Pejabat PERKESO Dungun
										
											Pejabat PERKESO Georgetown
										
											Pejabat PERKESO Kajang
										
											Pejabat PERKESO Kapit
										
											Pejabat PERKESO Kemaman
										
											Pejabat PERKESO Keningau
										
											Pejabat PERKESO Klang
										
											Pejabat PERKESO Kluang
										
											Pejabat PERKESO Kota Marudu
										
											Pejabat PERKESO Kuala Kangsar
										
											Pejabat PERKESO Kuala Krai
										
											Pejabat PERKESO Kuala Pilah
										
											Pejabat PERKESO Kulim
										
											Pejabat PERKESO Labuan
										
											Pejabat PERKESO Lahad Datu
										
											Pejabat PERKESO Langkawi
										
											Pejabat PERKESO Limbang
										
											Pejabat PERKESO Miri
										
											Pejabat PERKESO Muar
										
											Pejabat PERKESO Mukah
										
											Pejabat PERKESO Negeri Johor
										
											Pejabat PERKESO Negeri Kedah
										
											Pejabat PERKESO Negeri Kelantan
										
											Pejabat PERKESO Negeri Melaka
										
											Pejabat PERKESO Negeri Pahang
										
											Pejabat PERKESO Negeri Perak
										
											Pejabat PERKESO Negeri Perlis
										
											Pejabat PERKESO Negeri Pulau Pinang
										
											Pejabat PERKESO Negeri Sabah
										
											Pejabat PERKESO Negeri Sarawak
										
											Pejabat PERKESO Negeri Selangor
										
											Pejabat PERKESO Negeri Sembilan
										
											Pejabat PERKESO Negeri Terengganu
										
											Pejabat PERKESO Negeri W.P Kuala Lumpur
										
											Pejabat PERKESO Rawang
										
											Pejabat PERKESO Sandakan
										
											Pejabat PERKESO Sarikei
										
											Pejabat PERKESO Segamat
										
											Pejabat PERKESO Serian
										
											Pejabat PERKESO Sibu
										
											Pejabat PERKESO Sri Aman
										
											Pejabat PERKESO Sri Manjung
										
											Pejabat PERKESO Sungai Petani
										
											Pejabat PERKESO Taiping
										
											Pejabat PERKESO Tanjung Karang
										
											Pejabat PERKESO Tapah
										
											Pejabat PERKESO Tawau
										
											Pejabat PERKESO Teluk Intan
										
											Pejabat PERKESO Temerloh
										
									')]})
	at com.kms.katalon.core.keyword.internal.KeywordMain.stepFailed(KeywordMain.groovy:36)
	at com.kms.katalon.core.webui.keyword.internal.WebUIKeywordMain.stepFailed(WebUIKeywordMain.groovy:65)
	at com.kms.katalon.core.webui.keyword.internal.WebUIKeywordMain.runKeyword(WebUIKeywordMain.groovy:27)
	at com.kms.katalon.core.webui.keyword.builtin.ClickKeyword.click(ClickKeyword.groovy:86)
	at com.kms.katalon.core.webui.keyword.builtin.ClickKeyword.execute(ClickKeyword.groovy:67)
	at com.kms.katalon.core.keyword.internal.KeywordExecutor.executeKeywordForPlatform(KeywordExecutor.groovy:53)
	at com.kms.katalon.core.webui.keyword.WebUiBuiltInKeywords.click(WebUiBuiltInKeywords.groovy:616)
	at com.kms.katalon.core.webui.keyword.WebUiBuiltInKeywords$click$3.call(Unknown Source)
	at GN_Application_Reg.run(GN_Application_Reg:51)
	at com.kms.katalon.core.main.ScriptEngine.run(ScriptEngine.java:194)
	at com.kms.katalon.core.main.ScriptEngine.runScriptAsRawText(ScriptEngine.java:119)
	at com.kms.katalon.core.main.TestCaseExecutor.runScript(TestCaseExecutor.java:328)
	at com.kms.katalon.core.main.TestCaseExecutor.doExecute(TestCaseExecutor.java:319)
	at com.kms.katalon.core.main.TestCaseExecutor.processExecutionPhase(TestCaseExecutor.java:298)
	at com.kms.katalon.core.main.TestCaseExecutor.accessMainPhase(TestCaseExecutor.java:290)
	at com.kms.katalon.core.main.TestCaseExecutor.execute(TestCaseExecutor.java:224)
	at com.kms.katalon.core.main.TestCaseMain.runTestCase(TestCaseMain.java:106)
	at com.kms.katalon.core.keyword.builtin.CallTestCaseKeyword$_callTestCase_closure1.doCall(CallTestCaseKeyword.groovy:59)
	at com.kms.katalon.core.keyword.builtin.CallTestCaseKeyword$_callTestCase_closure1.call(CallTestCaseKeyword.groovy)
	at com.kms.katalon.core.keyword.internal.KeywordMain.runKeyword(KeywordMain.groovy:54)
	at com.kms.katalon.core.keyword.builtin.CallTestCaseKeyword.callTestCase(CallTestCaseKeyword.groovy:80)
	at com.kms.katalon.core.keyword.builtin.CallTestCaseKeyword.execute(CallTestCaseKeyword.groovy:44)
	at com.kms.katalon.core.keyword.internal.KeywordExecutor.executeKeywordForPlatform(KeywordExecutor.groovy:53)
	at com.kms.katalon.core.keyword.BuiltinKeywords.callTestCase(BuiltinKeywords.groovy:334)
	at GN_Submit Form 7_End to End.run(GN_Submit Form 7_End to End:16)
	at com.kms.katalon.core.main.ScriptEngine.run(ScriptEngine.java:194)
	at com.kms.katalon.core.main.ScriptEngine.runScriptAsRawText(ScriptEngine.java:119)
	at com.kms.katalon.core.main.TestCaseExecutor.runScript(TestCaseExecutor.java:328)
	at com.kms.katalon.core.main.TestCaseExecutor.doExecute(TestCaseExecutor.java:319)
	at com.kms.katalon.core.main.TestCaseExecutor.processExecutionPhase(TestCaseExecutor.java:298)
	at com.kms.katalon.core.main.TestCaseExecutor.accessMainPhase(TestCaseExecutor.java:290)
	at com.kms.katalon.core.main.TestCaseExecutor.execute(TestCaseExecutor.java:224)
	at com.kms.katalon.core.main.TestCaseMain.runTestCase(TestCaseMain.java:106)
	at com.kms.katalon.core.keyword.builtin.CallTestCaseKeyword$_callTestCase_closure1.doCall(CallTestCaseKeyword.groovy:59)
	at com.kms.katalon.core.keyword.builtin.CallTestCaseKeyword$_callTestCase_closure1.call(CallTestCaseKeyword.groovy)
	at com.kms.katalon.core.keyword.internal.KeywordMain.runKeyword(KeywordMain.groovy:54)
	at com.kms.katalon.core.keyword.builtin.CallTestCaseKeyword.callTestCase(CallTestCaseKeyword.groovy:80)
	at com.kms.katalon.core.keyword.builtin.CallTestCaseKeyword.execute(CallTestCaseKeyword.groovy:44)
	at com.kms.katalon.core.keyword.internal.KeywordExecutor.executeKeywordForPlatform(KeywordExecutor.groovy:53)
	at com.kms.katalon.core.keyword.BuiltinKeywords.callTestCase(BuiltinKeywords.groovy:334)
	at Submit Form 7 (General) - Case Reassignment Same Branch EIO.run(Submit Form 7 (General) - Case Reassignment Same Branch EIO:16)
	at com.kms.katalon.core.main.ScriptEngine.run(ScriptEngine.java:194)
	at com.kms.katalon.core.main.ScriptEngine.runScriptAsRawText(ScriptEngine.java:119)
	at com.kms.katalon.core.main.TestCaseExecutor.runScript(TestCaseExecutor.java:328)
	at com.kms.katalon.core.main.TestCaseExecutor.doExecute(TestCaseExecutor.java:319)
	at com.kms.katalon.core.main.TestCaseExecutor.processExecutionPhase(TestCaseExecutor.java:298)
	at com.kms.katalon.core.main.TestCaseExecutor.accessMainPhase(TestCaseExecutor.java:290)
	at com.kms.katalon.core.main.TestCaseExecutor.execute(TestCaseExecutor.java:224)
	at com.kms.katalon.core.main.TestSuiteExecutor.accessTestCaseMainPhase(TestSuiteExecutor.java:129)
	at com.kms.katalon.core.main.TestSuiteExecutor.accessTestSuiteMainPhase(TestSuiteExecutor.java:112)
	at com.kms.katalon.core.main.TestSuiteExecutor.execute(TestSuiteExecutor.java:81)
	at com.kms.katalon.core.main.TestCaseMain.startTestSuite(TestCaseMain.java:149)
	at com.kms.katalon.core.main.TestCaseMain$startTestSuite$0.call(Unknown Source)
	at TempTestSuite1550652525208.run(TempTestSuite1550652525208.groovy:36)


2019-02-20 17:16:01 - [TEST_CASE][FAILED] - Test Cases/All TC/Arranged/3. Unit/EI/GN submit form 7/GN_Application_Reg: Test Cases/All TC/Arranged/3. Unit/EI/GN submit form 7/GN_Application_Reg FAILED.
Reason:
com.kms.katalon.core.exception.StepFailedException: Unable to click on object 'Object Repository/ZhiHao/General_User_Submit_form 7/GN_Application_Reg/Page_PERKESO/select_pejabat_perkeso' (Root cause: org.openqa.selenium.UnhandledAlertException: unexpected alert open: {Alert text : HARAP MAKLUM

PERMOHONAN FAEDAH SIP TELAH DIBUAT BAGI PEKERJAAN INI. MOHON MENYEMAK SEMULA STATUS PERMOHONAN BAGI TUNTUTAN FAEDAH TERSEBUT}
  (Session info: chrome=72.0.3626.109)
  (Driver info: chromedriver=2.43.600210 (68dcf5eebde37173d4027fa8635e332711d2874a),platform=Windows NT 6.1.7601 SP1 x86_64) (WARNING: The server did not provide any stacktrace information)
Command duration or timeout: 0 milliseconds: null
Build info: version: '3.7.1', revision: '8a0099a', time: '2017-11-06T21:07:36.161Z'
System info: host: 'WIN7TEST02', ip: '10.20.3.72', os.name: 'Windows 7', os.arch: 'amd64', os.version: '6.1', java.version: '1.8.0_181'
Driver info: com.kms.katalon.selenium.driver.CChromeDriver
Capabilities {acceptInsecureCerts: false, acceptSslCerts: false, applicationCacheEnabled: false, browserConnectionEnabled: false, browserName: chrome, chrome: {chromedriverVersion: 2.43.600210 (68dcf5eebde371..., userDataDir: C:\Users\Admin\AppData\Loca...}, cssSelectorsEnabled: true, databaseEnabled: false, goog:chromeOptions: {debuggerAddress: localhost:56567}, handlesAlerts: true, hasTouchScreen: false, javascriptEnabled: true, locationContextEnabled: true, mobileEmulationEnabled: false, nativeEvents: true, networkConnectionEnabled: false, pageLoadStrategy: normal, platform: XP, platformName: XP, rotatable: false, setWindowRect: true, takesHeapSnapshot: true, takesScreenshot: true, unexpectedAlertBehaviour: , unhandledPromptBehavior: , version: 72.0.3626.109, webStorageEnabled: true}
Session ID: 8dbd82932a73f4099cc8673ea39922d7
*** Element info: {Using=xpath, value=//select[@id = 'perkesoOfficeId' and @name = 'perkesoOfficeId' and (text() = '
										--Sila Pilih--
										
											Pejabat PERKESO Batu Pahat
										
											Pejabat PERKESO Beaufort
										
											Pejabat PERKESO Bentong
										
											Pejabat PERKESO Bintulu
										
											Pejabat PERKESO Dungun
										
											Pejabat PERKESO Georgetown
										
											Pejabat PERKESO Kajang
										
											Pejabat PERKESO Kapit
										
											Pejabat PERKESO Kemaman
										
											Pejabat PERKESO Keningau
										
											Pejabat PERKESO Klang
										
											Pejabat PERKESO Kluang
										
											Pejabat PERKESO Kota Marudu
										
											Pejabat PERKESO Kuala Kangsar
										
											Pejabat PERKESO Kuala Krai
										
											Pejabat PERKESO Kuala Pilah
										
											Pejabat PERKESO Kulim
										
											Pejabat PERKESO Labuan
										
											Pejabat PERKESO Lahad Datu
										
											Pejabat PERKESO Langkawi
										
											Pejabat PERKESO Limbang
										
											Pejabat PERKESO Miri
										
											Pejabat PERKESO Muar
										
											Pejabat PERKESO Mukah
										
											Pejabat PERKESO Negeri Johor
										
											Pejabat PERKESO Negeri Kedah
										
											Pejabat PERKESO Negeri Kelantan
										
											Pejabat PERKESO Negeri Melaka
										
											Pejabat PERKESO Negeri Pahang
										
											Pejabat PERKESO Negeri Perak
										
											Pejabat PERKESO Negeri Perlis
										
											Pejabat PERKESO Negeri Pulau Pinang
										
											Pejabat PERKESO Negeri Sabah
										
											Pejabat PERKESO Negeri Sarawak
										
											Pejabat PERKESO Negeri Selangor
										
											Pejabat PERKESO Negeri Sembilan
										
											Pejabat PERKESO Negeri Terengganu
										
											Pejabat PERKESO Negeri W.P Kuala Lumpur
										
											Pejabat PERKESO Rawang
										
											Pejabat PERKESO Sandakan
										
											Pejabat PERKESO Sarikei
										
											Pejabat PERKESO Segamat
										
											Pejabat PERKESO Serian
										
											Pejabat PERKESO Sibu
										
											Pejabat PERKESO Sri Aman
										
											Pejabat PERKESO Sri Manjung
										
											Pejabat PERKESO Sungai Petani
										
											Pejabat PERKESO Taiping
										
											Pejabat PERKESO Tanjung Karang
										
											Pejabat PERKESO Tapah
										
											Pejabat PERKESO Tawau
										
											Pejabat PERKESO Teluk Intan
										
											Pejabat PERKESO Temerloh
										
									' or . = '
										--Sila Pilih--
										
											Pejabat PERKESO Batu Pahat
										
											Pejabat PERKESO Beaufort
										
											Pejabat PERKESO Bentong
										
											Pejabat PERKESO Bintulu
										
											Pejabat PERKESO Dungun
										
											Pejabat PERKESO Georgetown
										
											Pejabat PERKESO Kajang
										
											Pejabat PERKESO Kapit
										
											Pejabat PERKESO Kemaman
										
											Pejabat PERKESO Keningau
										
											Pejabat PERKESO Klang
										
											Pejabat PERKESO Kluang
										
											Pejabat PERKESO Kota Marudu
										
											Pejabat PERKESO Kuala Kangsar
										
											Pejabat PERKESO Kuala Krai
										
											Pejabat PERKESO Kuala Pilah
										
											Pejabat PERKESO Kulim
										
											Pejabat PERKESO Labuan
										
											Pejabat PERKESO Lahad Datu
										
											Pejabat PERKESO Langkawi
										
											Pejabat PERKESO Limbang
										
											Pejabat PERKESO Miri
										
											Pejabat PERKESO Muar
										
											Pejabat PERKESO Mukah
										
											Pejabat PERKESO Negeri Johor
										
											Pejabat PERKESO Negeri Kedah
										
											Pejabat PERKESO Negeri Kelantan
										
											Pejabat PERKESO Negeri Melaka
										
											Pejabat PERKESO Negeri Pahang
										
											Pejabat PERKESO Negeri Perak
										
											Pejabat PERKESO Negeri Perlis
										
											Pejabat PERKESO Negeri Pulau Pinang
										
											Pejabat PERKESO Negeri Sabah
										
											Pejabat PERKESO Negeri Sarawak
										
											Pejabat PERKESO Negeri Selangor
										
											Pejabat PERKESO Negeri Sembilan
										
											Pejabat PERKESO Negeri Terengganu
										
											Pejabat PERKESO Negeri W.P Kuala Lumpur
										
											Pejabat PERKESO Rawang
										
											Pejabat PERKESO Sandakan
										
											Pejabat PERKESO Sarikei
										
											Pejabat PERKESO Segamat
										
											Pejabat PERKESO Serian
										
											Pejabat PERKESO Sibu
										
											Pejabat PERKESO Sri Aman
										
											Pejabat PERKESO Sri Manjung
										
											Pejabat PERKESO Sungai Petani
										
											Pejabat PERKESO Taiping
										
											Pejabat PERKESO Tanjung Karang
										
											Pejabat PERKESO Tapah
										
											Pejabat PERKESO Tawau
										
											Pejabat PERKESO Teluk Intan
										
											Pejabat PERKESO Temerloh
										
									')]})
	at com.kms.katalon.core.keyword.internal.KeywordMain.stepFailed(KeywordMain.groovy:36)
	at com.kms.katalon.core.webui.keyword.internal.WebUIKeywordMain.stepFailed(WebUIKeywordMain.groovy:65)
	at com.kms.katalon.core.webui.keyword.internal.WebUIKeywordMain.runKeyword(WebUIKeywordMain.groovy:27)
	at com.kms.katalon.core.webui.keyword.builtin.ClickKeyword.click(ClickKeyword.groovy:86)
	at com.kms.katalon.core.webui.keyword.builtin.ClickKeyword.execute(ClickKeyword.groovy:67)
	at com.kms.katalon.core.keyword.internal.KeywordExecutor.executeKeywordForPlatform(KeywordExecutor.groovy:53)
	at com.kms.katalon.core.webui.keyword.WebUiBuiltInKeywords.click(WebUiBuiltInKeywords.groovy:616)
	at com.kms.katalon.core.webui.keyword.WebUiBuiltInKeywords$click$3.call(Unknown Source)
	at GN_Application_Reg.run(GN_Application_Reg:51)
	at com.kms.katalon.core.main.ScriptEngine.run(ScriptEngine.java:194)
	at com.kms.katalon.core.main.ScriptEngine.runScriptAsRawText(ScriptEngine.java:119)
	at com.kms.katalon.core.main.TestCaseExecutor.runScript(TestCaseExecutor.java:328)
	at com.kms.katalon.core.main.TestCaseExecutor.doExecute(TestCaseExecutor.java:319)
	at com.kms.katalon.core.main.TestCaseExecutor.processExecutionPhase(TestCaseExecutor.java:298)
	at com.kms.katalon.core.main.TestCaseExecutor.accessMainPhase(TestCaseExecutor.java:290)
	at com.kms.katalon.core.main.TestCaseExecutor.execute(TestCaseExecutor.java:224)
	at com.kms.katalon.core.main.TestCaseMain.runTestCase(TestCaseMain.java:106)
	at com.kms.katalon.core.keyword.builtin.CallTestCaseKeyword$_callTestCase_closure1.doCall(CallTestCaseKeyword.groovy:59)
	at com.kms.katalon.core.keyword.builtin.CallTestCaseKeyword$_callTestCase_closure1.call(CallTestCaseKeyword.groovy)
	at com.kms.katalon.core.keyword.internal.KeywordMain.runKeyword(KeywordMain.groovy:54)
	at com.kms.katalon.core.keyword.builtin.CallTestCaseKeyword.callTestCase(CallTestCaseKeyword.groovy:80)
	at com.kms.katalon.core.keyword.builtin.CallTestCaseKeyword.execute(CallTestCaseKeyword.groovy:44)
	at com.kms.katalon.core.keyword.internal.KeywordExecutor.executeKeywordForPlatform(KeywordExecutor.groovy:53)
	at com.kms.katalon.core.keyword.BuiltinKeywords.callTestCase(BuiltinKeywords.groovy:334)
	at GN_Submit Form 7_End to End.run(GN_Submit Form 7_End to End:16)
	at com.kms.katalon.core.main.ScriptEngine.run(ScriptEngine.java:194)
	at com.kms.katalon.core.main.ScriptEngine.runScriptAsRawText(ScriptEngine.java:119)
	at com.kms.katalon.core.main.TestCaseExecutor.runScript(TestCaseExecutor.java:328)
	at com.kms.katalon.core.main.TestCaseExecutor.doExecute(TestCaseExecutor.java:319)
	at com.kms.katalon.core.main.TestCaseExecutor.processExecutionPhase(TestCaseExecutor.java:298)
	at com.kms.katalon.core.main.TestCaseExecutor.accessMainPhase(TestCaseExecutor.java:290)
	at com.kms.katalon.core.main.TestCaseExecutor.execute(TestCaseExecutor.java:224)
	at com.kms.katalon.core.main.TestCaseMain.runTestCase(TestCaseMain.java:106)
	at com.kms.katalon.core.keyword.builtin.CallTestCaseKeyword$_callTestCase_closure1.doCall(CallTestCaseKeyword.groovy:59)
	at com.kms.katalon.core.keyword.builtin.CallTestCaseKeyword$_callTestCase_closure1.call(CallTestCaseKeyword.groovy)
	at com.kms.katalon.core.keyword.internal.KeywordMain.runKeyword(KeywordMain.groovy:54)
	at com.kms.katalon.core.keyword.builtin.CallTestCaseKeyword.callTestCase(CallTestCaseKeyword.groovy:80)
	at com.kms.katalon.core.keyword.builtin.CallTestCaseKeyword.execute(CallTestCaseKeyword.groovy:44)
	at com.kms.katalon.core.keyword.internal.KeywordExecutor.executeKeywordForPlatform(KeywordExecutor.groovy:53)
	at com.kms.katalon.core.keyword.BuiltinKeywords.callTestCase(BuiltinKeywords.groovy:334)
	at Submit Form 7 (General) - Case Reassignment Same Branch EIO.run(Submit Form 7 (General) - Case Reassignment Same Branch EIO:16)
	at com.kms.katalon.core.main.ScriptEngine.run(ScriptEngine.java:194)
	at com.kms.katalon.core.main.ScriptEngine.runScriptAsRawText(ScriptEngine.java:119)
	at com.kms.katalon.core.main.TestCaseExecutor.runScript(TestCaseExecutor.java:328)
	at com.kms.katalon.core.main.TestCaseExecutor.doExecute(TestCaseExecutor.java:319)
	at com.kms.katalon.core.main.TestCaseExecutor.processExecutionPhase(TestCaseExecutor.java:298)
	at com.kms.katalon.core.main.TestCaseExecutor.accessMainPhase(TestCaseExecutor.java:290)
	at com.kms.katalon.core.main.TestCaseExecutor.execute(TestCaseExecutor.java:224)
	at com.kms.katalon.core.main.TestSuiteExecutor.accessTestCaseMainPhase(TestSuiteExecutor.java:129)
	at com.kms.katalon.core.main.TestSuiteExecutor.accessTestSuiteMainPhase(TestSuiteExecutor.java:112)
	at com.kms.katalon.core.main.TestSuiteExecutor.execute(TestSuiteExecutor.java:81)
	at com.kms.katalon.core.main.TestCaseMain.startTestSuite(TestCaseMain.java:149)
	at com.kms.katalon.core.main.TestCaseMain$startTestSuite$0.call(Unknown Source)
	at TempTestSuite1550652525208.run(TempTestSuite1550652525208.groovy:36)


2019-02-20 17:16:01 - [TEST_STEP][PASSED] - openBrowser(""): Browser is opened with url: ''

2019-02-20 17:16:01 - [MESSAGE][WARNING] - A browser is already opened. Closing browser and opening a new one

2019-02-20 17:16:02 - [MESSAGE][INFO] - Starting 'Chrome' driver

2019-02-20 17:16:02 - [MESSAGE][INFO] - User set preference: ['args', '[--start-maximized]']

2019-02-20 17:16:06 - [MESSAGE][PASSED] - Browser is opened with url: ''

2019-02-20 17:16:06 - [TEST_STEP][PASSED] - navigateToUrl(General_Login): Navigate to 'http://10.20.24.188/eisportal/insured/appl/instruction' successfully

2019-02-20 17:16:08 - [MESSAGE][PASSED] - Navigate to 'http://10.20.24.188/eisportal/insured/appl/instruction' successfully

2019-02-20 17:16:08 - [TEST_STEP][PASSED] - click(findTestObject("ZhiHao/General_User_Submit_form 7/GN_Application_Reg/Page_PERKESO/button_Setuju")): Object: 'Object Repository/ZhiHao/General_User_Submit_form 7/GN_Application_Reg/Page_PERKESO/button_Setuju' is clicked on

2019-02-20 17:16:11 - [MESSAGE][PASSED] - Object: 'Object Repository/ZhiHao/General_User_Submit_form 7/GN_Application_Reg/Page_PERKESO/button_Setuju' is clicked on

2019-02-20 17:16:11 - [TEST_STEP][PASSED] - callTestCase(findTestCase("All TC/Arranged/1. Common/IC List Checker"), [:], STOP_ON_FAILURE): Call Test Case 'Test Cases/All TC/Arranged/1. Common/IC List Checker' successfully

2019-02-20 17:16:11 - [TEST_CASE][PASSED] - Test Cases/All TC/Arranged/1. Common/IC List Checker: Test Cases/All TC/Arranged/1. Common/IC List Checker

2019-02-20 17:16:11 - [TEST_STEP][PASSED] - counter = 0: null

2019-02-20 17:16:11 - [TEST_STEP][PASSED] - fis = new java.io.FileInputStream((internal.GlobalVariable.TextFilePathCommon + \IC.xlsx)): null

2019-02-20 17:16:11 - [TEST_STEP][PASSED] - workbook = new org.apache.poi.xssf.usermodel.XSSFWorkbook(fis): null

2019-02-20 17:16:11 - [TEST_STEP][PASSED] - sheet = workbook.getSheet("Sheet1"): null

2019-02-20 17:16:11 - [TEST_STEP][PASSED] - totalRow = sheet.getLastRowNum(): null

2019-02-20 17:16:11 - [TEST_STEP][PASSED] - out.println(totalRow): null

2019-02-20 17:16:11 - [TEST_STEP][PASSED] - row = sheet.getRow(counter): null

2019-02-20 17:16:11 - [TEST_STEP][PASSED] - cell = row.getCell(counter): null

2019-02-20 17:16:11 - [TEST_STEP][PASSED] - a = cell.getStringCellValue(): null

2019-02-20 17:16:11 - [TEST_STEP][PASSED] - IC = a: null

2019-02-20 17:16:11 - [TEST_STEP][PASSED] - out.println(IC): null

2019-02-20 17:16:11 - [TEST_STEP][PASSED] - callTestCase(findTestCase("All TC/Arranged/1. Common/1.2 Setter/Setter IC"), [:], STOP_ON_FAILURE): Call Test Case 'Test Cases/All TC/Arranged/1. Common/1.2 Setter/Setter IC' successfully

2019-02-20 17:16:11 - [TEST_CASE][PASSED] - Test Cases/All TC/Arranged/1. Common/1.2 Setter/Setter IC: Test Cases/All TC/Arranged/1. Common/1.2 Setter/Setter IC

2019-02-20 17:16:11 - [TEST_STEP][PASSED] - RefNoOldFile = new java.io.File((internal.GlobalVariable.TextFilePathCommon + \getIC.txt)): null

2019-02-20 17:16:11 - [TEST_STEP][PASSED] - RefNoOldFile.delete(): null

2019-02-20 17:16:11 - [TEST_STEP][PASSED] - delay(5): Delayed 5 second(s)

2019-02-20 17:16:16 - [MESSAGE][PASSED] - Delayed 5 second(s)

2019-02-20 17:16:16 - [TEST_STEP][PASSED] - RefNo = new java.io.File((internal.GlobalVariable.TextFilePathCommon + \getIC.txt)): null

2019-02-20 17:16:16 - [TEST_STEP][PASSED] - f2 = new java.io.FileWriter(RefNo, false): null

2019-02-20 17:16:16 - [TEST_STEP][PASSED] - f2.write(IC): null

2019-02-20 17:16:16 - [TEST_STEP][PASSED] - f2.close(): null

2019-02-20 17:16:16 - [TEST_STEP][PASSED] - out.println("


" + IC + "


"): null

2019-02-20 17:16:16 - [MESSAGE][PASSED] - Call Test Case 'Test Cases/All TC/Arranged/1. Common/1.2 Setter/Setter IC' successfully

2019-02-20 17:16:16 - [MESSAGE][PASSED] - Call Test Case 'Test Cases/All TC/Arranged/1. Common/IC List Checker' successfully

2019-02-20 17:16:16 - [TEST_STEP][PASSED] - setText(findTestObject("ZhiHao/General_User_Submit_form 7/GN_Application_Reg/Page_PERKESO/input_No. Kad Pengenalan"), IC): Text '861023436638' is set on object 'Object Repository/ZhiHao/General_User_Submit_form 7/GN_Application_Reg/Page_PERKESO/input_No. Kad Pengenalan'

2019-02-20 17:16:21 - [MESSAGE][PASSED] - Text '861023436638' is set on object 'Object Repository/ZhiHao/General_User_Submit_form 7/GN_Application_Reg/Page_PERKESO/input_No. Kad Pengenalan'

2019-02-20 17:16:21 - [TEST_STEP][PASSED] - click(findTestObject("ZhiHao/General_User_Submit_form 7/GN_Application_Reg/Page_PERKESO/button_Semak")): Object: 'Object Repository/ZhiHao/General_User_Submit_form 7/GN_Application_Reg/Page_PERKESO/button_Semak' is clicked on

2019-02-20 17:16:23 - [MESSAGE][PASSED] - Object: 'Object Repository/ZhiHao/General_User_Submit_form 7/GN_Application_Reg/Page_PERKESO/button_Semak' is clicked on

2019-02-20 17:16:23 - [TEST_STEP][PASSED] - delay(3): Delayed 3 second(s)

2019-02-20 17:16:26 - [MESSAGE][PASSED] - Delayed 3 second(s)

2019-02-20 17:16:26 - [TEST_STEP][PASSED] - click(findTestObject("ZhiHao/General_User_Submit_form 7/GN_Application_Reg/Page_PERKESO/span_Nama Majikan")): Object: 'Object Repository/ZhiHao/General_User_Submit_form 7/GN_Application_Reg/Page_PERKESO/span_Nama Majikan' is clicked on

2019-02-20 17:16:28 - [MESSAGE][PASSED] - Object: 'Object Repository/ZhiHao/General_User_Submit_form 7/GN_Application_Reg/Page_PERKESO/span_Nama Majikan' is clicked on

2019-02-20 17:16:28 - [TEST_STEP][PASSED] - delay(3): Delayed 3 second(s)

2019-02-20 17:16:31 - [MESSAGE][PASSED] - Delayed 3 second(s)

2019-02-20 17:16:31 - [TEST_STEP][PASSED] - setText(findTestObject("ZhiHao/General_User_Submit_form 7/GN_Application_Reg/Page_PERKESO/input_Nama Majikan"), "pet"): Text 'pet' is set on object 'Object Repository/ZhiHao/General_User_Submit_form 7/GN_Application_Reg/Page_PERKESO/input_Nama Majikan'

2019-02-20 17:16:35 - [MESSAGE][PASSED] - Text 'pet' is set on object 'Object Repository/ZhiHao/General_User_Submit_form 7/GN_Application_Reg/Page_PERKESO/input_Nama Majikan'

2019-02-20 17:16:35 - [TEST_STEP][PASSED] - delay(3): Delayed 3 second(s)

2019-02-20 17:16:38 - [MESSAGE][PASSED] - Delayed 3 second(s)

2019-02-20 17:16:38 - [TEST_STEP][PASSED] - click(findTestObject("ZhiHao/General_User_Submit_form 7/GN_Application_Reg/Page_PERKESO/select_PETRONAS")): Object: 'Object Repository/ZhiHao/General_User_Submit_form 7/GN_Application_Reg/Page_PERKESO/select_PETRONAS' is clicked on

2019-02-20 17:16:40 - [MESSAGE][PASSED] - Object: 'Object Repository/ZhiHao/General_User_Submit_form 7/GN_Application_Reg/Page_PERKESO/select_PETRONAS' is clicked on

2019-02-20 17:16:40 - [TEST_STEP][PASSED] - delay(3): Delayed 3 second(s)

2019-02-20 17:16:43 - [MESSAGE][PASSED] - Delayed 3 second(s)

2019-02-20 17:16:43 - [TEST_STEP][PASSED] - click(findTestObject("ZhiHao/General_User_Submit_form 7/GN_Application_Reg/Page_PERKESO/input_Tarikh kehilangan pekerjaan")): Object: 'Object Repository/ZhiHao/General_User_Submit_form 7/GN_Application_Reg/Page_PERKESO/input_Tarikh kehilangan pekerjaan' is clicked on

2019-02-20 17:16:46 - [MESSAGE][PASSED] - Object: 'Object Repository/ZhiHao/General_User_Submit_form 7/GN_Application_Reg/Page_PERKESO/input_Tarikh kehilangan pekerjaan' is clicked on

2019-02-20 17:16:46 - [TEST_STEP][PASSED] - click(findTestObject("ZhiHao/General_User_Submit_form 7/GN_Application_Reg/Page_PERKESO/select_loe_date")): Object: 'Object Repository/ZhiHao/General_User_Submit_form 7/GN_Application_Reg/Page_PERKESO/select_loe_date' is clicked on

2019-02-20 17:16:48 - [MESSAGE][PASSED] - Object: 'Object Repository/ZhiHao/General_User_Submit_form 7/GN_Application_Reg/Page_PERKESO/select_loe_date' is clicked on

2019-02-20 17:16:48 - [TEST_STEP][PASSED] - click(findTestObject("ZhiHao/General_User_Submit_form 7/GN_Application_Reg/Page_PERKESO/button_Mohon")): Object: 'Object Repository/ZhiHao/General_User_Submit_form 7/GN_Application_Reg/Page_PERKESO/button_Mohon' is clicked on

2019-02-20 17:16:50 - [MESSAGE][PASSED] - Object: 'Object Repository/ZhiHao/General_User_Submit_form 7/GN_Application_Reg/Page_PERKESO/button_Mohon' is clicked on

2019-02-20 17:16:50 - [TEST_STEP][PASSED] - delay(3): Delayed 3 second(s)

2019-02-20 17:16:53 - [MESSAGE][PASSED] - Delayed 3 second(s)

2019-02-20 17:16:53 - [TEST_STEP][FAILED] - click(findTestObject("ZhiHao/General_User_Submit_form 7/GN_Application_Reg/Page_PERKESO/select_pejabat_perkeso")): click(findTestObject("ZhiHao/General_User_Submit_form 7/GN_Application_Reg/Page_PERKESO/select_pejabat_perkeso")) FAILED.
Reason:
com.kms.katalon.core.exception.StepFailedException: Unable to click on object 'Object Repository/ZhiHao/General_User_Submit_form 7/GN_Application_Reg/Page_PERKESO/select_pejabat_perkeso' (Root cause: org.openqa.selenium.UnhandledAlertException: unexpected alert open: {Alert text : HARAP MAKLUM

PERMOHONAN FAEDAH SIP TELAH DIBUAT BAGI PEKERJAAN INI. MOHON MENYEMAK SEMULA STATUS PERMOHONAN BAGI TUNTUTAN FAEDAH TERSEBUT}
  (Session info: chrome=72.0.3626.109)
  (Driver info: chromedriver=2.43.600210 (68dcf5eebde37173d4027fa8635e332711d2874a),platform=Windows NT 6.1.7601 SP1 x86_64) (WARNING: The server did not provide any stacktrace information)
Command duration or timeout: 0 milliseconds: null
Build info: version: '3.7.1', revision: '8a0099a', time: '2017-11-06T21:07:36.161Z'
System info: host: 'WIN7TEST02', ip: '10.20.3.72', os.name: 'Windows 7', os.arch: 'amd64', os.version: '6.1', java.version: '1.8.0_181'
Driver info: com.kms.katalon.selenium.driver.CChromeDriver
Capabilities {acceptInsecureCerts: false, acceptSslCerts: false, applicationCacheEnabled: false, browserConnectionEnabled: false, browserName: chrome, chrome: {chromedriverVersion: 2.43.600210 (68dcf5eebde371..., userDataDir: C:\Users\Admin\AppData\Loca...}, cssSelectorsEnabled: true, databaseEnabled: false, goog:chromeOptions: {debuggerAddress: localhost:56567}, handlesAlerts: true, hasTouchScreen: false, javascriptEnabled: true, locationContextEnabled: true, mobileEmulationEnabled: false, nativeEvents: true, networkConnectionEnabled: false, pageLoadStrategy: normal, platform: XP, platformName: XP, rotatable: false, setWindowRect: true, takesHeapSnapshot: true, takesScreenshot: true, unexpectedAlertBehaviour: , unhandledPromptBehavior: , version: 72.0.3626.109, webStorageEnabled: true}
Session ID: 8dbd82932a73f4099cc8673ea39922d7
*** Element info: {Using=xpath, value=//select[@id = 'perkesoOfficeId' and @name = 'perkesoOfficeId' and (text() = '
										--Sila Pilih--
										
											Pejabat PERKESO Batu Pahat
										
											Pejabat PERKESO Beaufort
										
											Pejabat PERKESO Bentong
										
											Pejabat PERKESO Bintulu
										
											Pejabat PERKESO Dungun
										
											Pejabat PERKESO Georgetown
										
											Pejabat PERKESO Kajang
										
											Pejabat PERKESO Kapit
										
											Pejabat PERKESO Kemaman
										
											Pejabat PERKESO Keningau
										
											Pejabat PERKESO Klang
										
											Pejabat PERKESO Kluang
										
											Pejabat PERKESO Kota Marudu
										
											Pejabat PERKESO Kuala Kangsar
										
											Pejabat PERKESO Kuala Krai
										
											Pejabat PERKESO Kuala Pilah
										
											Pejabat PERKESO Kulim
										
											Pejabat PERKESO Labuan
										
											Pejabat PERKESO Lahad Datu
										
											Pejabat PERKESO Langkawi
										
											Pejabat PERKESO Limbang
										
											Pejabat PERKESO Miri
										
											Pejabat PERKESO Muar
										
											Pejabat PERKESO Mukah
										
											Pejabat PERKESO Negeri Johor
										
											Pejabat PERKESO Negeri Kedah
										
											Pejabat PERKESO Negeri Kelantan
										
											Pejabat PERKESO Negeri Melaka
										
											Pejabat PERKESO Negeri Pahang
										
											Pejabat PERKESO Negeri Perak
										
											Pejabat PERKESO Negeri Perlis
										
											Pejabat PERKESO Negeri Pulau Pinang
										
											Pejabat PERKESO Negeri Sabah
										
											Pejabat PERKESO Negeri Sarawak
										
											Pejabat PERKESO Negeri Selangor
										
											Pejabat PERKESO Negeri Sembilan
										
											Pejabat PERKESO Negeri Terengganu
										
											Pejabat PERKESO Negeri W.P Kuala Lumpur
										
											Pejabat PERKESO Rawang
										
											Pejabat PERKESO Sandakan
										
											Pejabat PERKESO Sarikei
										
											Pejabat PERKESO Segamat
										
											Pejabat PERKESO Serian
										
											Pejabat PERKESO Sibu
										
											Pejabat PERKESO Sri Aman
										
											Pejabat PERKESO Sri Manjung
										
											Pejabat PERKESO Sungai Petani
										
											Pejabat PERKESO Taiping
										
											Pejabat PERKESO Tanjung Karang
										
											Pejabat PERKESO Tapah
										
											Pejabat PERKESO Tawau
										
											Pejabat PERKESO Teluk Intan
										
											Pejabat PERKESO Temerloh
										
									' or . = '
										--Sila Pilih--
										
											Pejabat PERKESO Batu Pahat
										
											Pejabat PERKESO Beaufort
										
											Pejabat PERKESO Bentong
										
											Pejabat PERKESO Bintulu
										
											Pejabat PERKESO Dungun
										
											Pejabat PERKESO Georgetown
										
											Pejabat PERKESO Kajang
										
											Pejabat PERKESO Kapit
										
											Pejabat PERKESO Kemaman
										
											Pejabat PERKESO Keningau
										
											Pejabat PERKESO Klang
										
											Pejabat PERKESO Kluang
										
											Pejabat PERKESO Kota Marudu
										
											Pejabat PERKESO Kuala Kangsar
										
											Pejabat PERKESO Kuala Krai
										
											Pejabat PERKESO Kuala Pilah
										
											Pejabat PERKESO Kulim
										
											Pejabat PERKESO Labuan
										
											Pejabat PERKESO Lahad Datu
										
											Pejabat PERKESO Langkawi
										
											Pejabat PERKESO Limbang
										
											Pejabat PERKESO Miri
										
											Pejabat PERKESO Muar
										
											Pejabat PERKESO Mukah
										
											Pejabat PERKESO Negeri Johor
										
											Pejabat PERKESO Negeri Kedah
										
											Pejabat PERKESO Negeri Kelantan
										
											Pejabat PERKESO Negeri Melaka
										
											Pejabat PERKESO Negeri Pahang
										
											Pejabat PERKESO Negeri Perak
										
											Pejabat PERKESO Negeri Perlis
										
											Pejabat PERKESO Negeri Pulau Pinang
										
											Pejabat PERKESO Negeri Sabah
										
											Pejabat PERKESO Negeri Sarawak
										
											Pejabat PERKESO Negeri Selangor
										
											Pejabat PERKESO Negeri Sembilan
										
											Pejabat PERKESO Negeri Terengganu
										
											Pejabat PERKESO Negeri W.P Kuala Lumpur
										
											Pejabat PERKESO Rawang
										
											Pejabat PERKESO Sandakan
										
											Pejabat PERKESO Sarikei
										
											Pejabat PERKESO Segamat
										
											Pejabat PERKESO Serian
										
											Pejabat PERKESO Sibu
										
											Pejabat PERKESO Sri Aman
										
											Pejabat PERKESO Sri Manjung
										
											Pejabat PERKESO Sungai Petani
										
											Pejabat PERKESO Taiping
										
											Pejabat PERKESO Tanjung Karang
										
											Pejabat PERKESO Tapah
										
											Pejabat PERKESO Tawau
										
											Pejabat PERKESO Teluk Intan
										
											Pejabat PERKESO Temerloh
										
									')]})
	at com.kms.katalon.core.keyword.internal.KeywordMain.stepFailed(KeywordMain.groovy:36)
	at com.kms.katalon.core.webui.keyword.internal.WebUIKeywordMain.stepFailed(WebUIKeywordMain.groovy:65)
	at com.kms.katalon.core.webui.keyword.internal.WebUIKeywordMain.runKeyword(WebUIKeywordMain.groovy:27)
	at com.kms.katalon.core.webui.keyword.builtin.ClickKeyword.click(ClickKeyword.groovy:86)
	at com.kms.katalon.core.webui.keyword.builtin.ClickKeyword.execute(ClickKeyword.groovy:67)
	at com.kms.katalon.core.keyword.internal.KeywordExecutor.executeKeywordForPlatform(KeywordExecutor.groovy:53)
	at com.kms.katalon.core.webui.keyword.WebUiBuiltInKeywords.click(WebUiBuiltInKeywords.groovy:616)
	at com.kms.katalon.core.webui.keyword.WebUiBuiltInKeywords$click$3.call(Unknown Source)
	at GN_Application_Reg.run(GN_Application_Reg:51)
	at com.kms.katalon.core.main.ScriptEngine.run(ScriptEngine.java:194)
	at com.kms.katalon.core.main.ScriptEngine.runScriptAsRawText(ScriptEngine.java:119)
	at com.kms.katalon.core.main.TestCaseExecutor.runScript(TestCaseExecutor.java:328)
	at com.kms.katalon.core.main.TestCaseExecutor.doExecute(TestCaseExecutor.java:319)
	at com.kms.katalon.core.main.TestCaseExecutor.processExecutionPhase(TestCaseExecutor.java:298)
	at com.kms.katalon.core.main.TestCaseExecutor.accessMainPhase(TestCaseExecutor.java:290)
	at com.kms.katalon.core.main.TestCaseExecutor.execute(TestCaseExecutor.java:224)
	at com.kms.katalon.core.main.TestCaseMain.runTestCase(TestCaseMain.java:106)
	at com.kms.katalon.core.keyword.builtin.CallTestCaseKeyword$_callTestCase_closure1.doCall(CallTestCaseKeyword.groovy:59)
	at com.kms.katalon.core.keyword.builtin.CallTestCaseKeyword$_callTestCase_closure1.call(CallTestCaseKeyword.groovy)
	at com.kms.katalon.core.keyword.internal.KeywordMain.runKeyword(KeywordMain.groovy:54)
	at com.kms.katalon.core.keyword.builtin.CallTestCaseKeyword.callTestCase(CallTestCaseKeyword.groovy:80)
	at com.kms.katalon.core.keyword.builtin.CallTestCaseKeyword.execute(CallTestCaseKeyword.groovy:44)
	at com.kms.katalon.core.keyword.internal.KeywordExecutor.executeKeywordForPlatform(KeywordExecutor.groovy:53)
	at com.kms.katalon.core.keyword.BuiltinKeywords.callTestCase(BuiltinKeywords.groovy:334)
	at GN_Submit Form 7_End to End.run(GN_Submit Form 7_End to End:16)
	at com.kms.katalon.core.main.ScriptEngine.run(ScriptEngine.java:194)
	at com.kms.katalon.core.main.ScriptEngine.runScriptAsRawText(ScriptEngine.java:119)
	at com.kms.katalon.core.main.TestCaseExecutor.runScript(TestCaseExecutor.java:328)
	at com.kms.katalon.core.main.TestCaseExecutor.doExecute(TestCaseExecutor.java:319)
	at com.kms.katalon.core.main.TestCaseExecutor.processExecutionPhase(TestCaseExecutor.java:298)
	at com.kms.katalon.core.main.TestCaseExecutor.accessMainPhase(TestCaseExecutor.java:290)
	at com.kms.katalon.core.main.TestCaseExecutor.execute(TestCaseExecutor.java:224)
	at com.kms.katalon.core.main.TestCaseMain.runTestCase(TestCaseMain.java:106)
	at com.kms.katalon.core.keyword.builtin.CallTestCaseKeyword$_callTestCase_closure1.doCall(CallTestCaseKeyword.groovy:59)
	at com.kms.katalon.core.keyword.builtin.CallTestCaseKeyword$_callTestCase_closure1.call(CallTestCaseKeyword.groovy)
	at com.kms.katalon.core.keyword.internal.KeywordMain.runKeyword(KeywordMain.groovy:54)
	at com.kms.katalon.core.keyword.builtin.CallTestCaseKeyword.callTestCase(CallTestCaseKeyword.groovy:80)
	at com.kms.katalon.core.keyword.builtin.CallTestCaseKeyword.execute(CallTestCaseKeyword.groovy:44)
	at com.kms.katalon.core.keyword.internal.KeywordExecutor.executeKeywordForPlatform(KeywordExecutor.groovy:53)
	at com.kms.katalon.core.keyword.BuiltinKeywords.callTestCase(BuiltinKeywords.groovy:334)
	at Submit Form 7 (General) - Case Reassignment Same Branch EIO.run(Submit Form 7 (General) - Case Reassignment Same Branch EIO:16)
	at com.kms.katalon.core.main.ScriptEngine.run(ScriptEngine.java:194)
	at com.kms.katalon.core.main.ScriptEngine.runScriptAsRawText(ScriptEngine.java:119)
	at com.kms.katalon.core.main.TestCaseExecutor.runScript(TestCaseExecutor.java:328)
	at com.kms.katalon.core.main.TestCaseExecutor.doExecute(TestCaseExecutor.java:319)
	at com.kms.katalon.core.main.TestCaseExecutor.processExecutionPhase(TestCaseExecutor.java:298)
	at com.kms.katalon.core.main.TestCaseExecutor.accessMainPhase(TestCaseExecutor.java:290)
	at com.kms.katalon.core.main.TestCaseExecutor.execute(TestCaseExecutor.java:224)
	at com.kms.katalon.core.main.TestSuiteExecutor.accessTestCaseMainPhase(TestSuiteExecutor.java:129)
	at com.kms.katalon.core.main.TestSuiteExecutor.accessTestSuiteMainPhase(TestSuiteExecutor.java:112)
	at com.kms.katalon.core.main.TestSuiteExecutor.execute(TestSuiteExecutor.java:81)
	at com.kms.katalon.core.main.TestCaseMain.startTestSuite(TestCaseMain.java:149)
	at com.kms.katalon.core.main.TestCaseMain$startTestSuite$0.call(Unknown Source)
	at TempTestSuite1550652525208.run(TempTestSuite1550652525208.groovy:36)


2019-02-20 17:16:55 - [MESSAGE][WARNING] - Cannot take screenshot

2019-02-20 17:16:55 - [MESSAGE][FAILED] - Unable to click on object 'Object Repository/ZhiHao/General_User_Submit_form 7/GN_Application_Reg/Page_PERKESO/select_pejabat_perkeso' (Root cause: org.openqa.selenium.UnhandledAlertException: unexpected alert open: {Alert text : HARAP MAKLUM

PERMOHONAN FAEDAH SIP TELAH DIBUAT BAGI PEKERJAAN INI. MOHON MENYEMAK SEMULA STATUS PERMOHONAN BAGI TUNTUTAN FAEDAH TERSEBUT}
  (Session info: chrome=72.0.3626.109)
  (Driver info: chromedriver=2.43.600210 (68dcf5eebde37173d4027fa8635e332711d2874a),platform=Windows NT 6.1.7601 SP1 x86_64) (WARNING: The server did not provide any stacktrace information)
Command duration or timeout: 0 milliseconds: null
Build info: version: '3.7.1', revision: '8a0099a', time: '2017-11-06T21:07:36.161Z'
System info: host: 'WIN7TEST02', ip: '10.20.3.72', os.name: 'Windows 7', os.arch: 'amd64', os.version: '6.1', java.version: '1.8.0_181'
Driver info: com.kms.katalon.selenium.driver.CChromeDriver
Capabilities {acceptInsecureCerts: false, acceptSslCerts: false, applicationCacheEnabled: false, browserConnectionEnabled: false, browserName: chrome, chrome: {chromedriverVersion: 2.43.600210 (68dcf5eebde371..., userDataDir: C:\Users\Admin\AppData\Loca...}, cssSelectorsEnabled: true, databaseEnabled: false, goog:chromeOptions: {debuggerAddress: localhost:56567}, handlesAlerts: true, hasTouchScreen: false, javascriptEnabled: true, locationContextEnabled: true, mobileEmulationEnabled: false, nativeEvents: true, networkConnectionEnabled: false, pageLoadStrategy: normal, platform: XP, platformName: XP, rotatable: false, setWindowRect: true, takesHeapSnapshot: true, takesScreenshot: true, unexpectedAlertBehaviour: , unhandledPromptBehavior: , version: 72.0.3626.109, webStorageEnabled: true}
Session ID: 8dbd82932a73f4099cc8673ea39922d7
*** Element info: {Using=xpath, value=//select[@id = 'perkesoOfficeId' and @name = 'perkesoOfficeId' and (text() = '
										--Sila Pilih--
										
											Pejabat PERKESO Batu Pahat
										
											Pejabat PERKESO Beaufort
										
											Pejabat PERKESO Bentong
										
											Pejabat PERKESO Bintulu
										
											Pejabat PERKESO Dungun
										
											Pejabat PERKESO Georgetown
										
											Pejabat PERKESO Kajang
										
											Pejabat PERKESO Kapit
										
											Pejabat PERKESO Kemaman
										
											Pejabat PERKESO Keningau
										
											Pejabat PERKESO Klang
										
											Pejabat PERKESO Kluang
										
											Pejabat PERKESO Kota Marudu
										
											Pejabat PERKESO Kuala Kangsar
										
											Pejabat PERKESO Kuala Krai
										
											Pejabat PERKESO Kuala Pilah
										
											Pejabat PERKESO Kulim
										
											Pejabat PERKESO Labuan
										
											Pejabat PERKESO Lahad Datu
										
											Pejabat PERKESO Langkawi
										
											Pejabat PERKESO Limbang
										
											Pejabat PERKESO Miri
										
											Pejabat PERKESO Muar
										
											Pejabat PERKESO Mukah
										
											Pejabat PERKESO Negeri Johor
										
											Pejabat PERKESO Negeri Kedah
										
											Pejabat PERKESO Negeri Kelantan
										
											Pejabat PERKESO Negeri Melaka
										
											Pejabat PERKESO Negeri Pahang
										
											Pejabat PERKESO Negeri Perak
										
											Pejabat PERKESO Negeri Perlis
										
											Pejabat PERKESO Negeri Pulau Pinang
										
											Pejabat PERKESO Negeri Sabah
										
											Pejabat PERKESO Negeri Sarawak
										
											Pejabat PERKESO Negeri Selangor
										
											Pejabat PERKESO Negeri Sembilan
										
											Pejabat PERKESO Negeri Terengganu
										
											Pejabat PERKESO Negeri W.P Kuala Lumpur
										
											Pejabat PERKESO Rawang
										
											Pejabat PERKESO Sandakan
										
											Pejabat PERKESO Sarikei
										
											Pejabat PERKESO Segamat
										
											Pejabat PERKESO Serian
										
											Pejabat PERKESO Sibu
										
											Pejabat PERKESO Sri Aman
										
											Pejabat PERKESO Sri Manjung
										
											Pejabat PERKESO Sungai Petani
										
											Pejabat PERKESO Taiping
										
											Pejabat PERKESO Tanjung Karang
										
											Pejabat PERKESO Tapah
										
											Pejabat PERKESO Tawau
										
											Pejabat PERKESO Teluk Intan
										
											Pejabat PERKESO Temerloh
										
									' or . = '
										--Sila Pilih--
										
											Pejabat PERKESO Batu Pahat
										
											Pejabat PERKESO Beaufort
										
											Pejabat PERKESO Bentong
										
											Pejabat PERKESO Bintulu
										
											Pejabat PERKESO Dungun
										
											Pejabat PERKESO Georgetown
										
											Pejabat PERKESO Kajang
										
											Pejabat PERKESO Kapit
										
											Pejabat PERKESO Kemaman
										
											Pejabat PERKESO Keningau
										
											Pejabat PERKESO Klang
										
											Pejabat PERKESO Kluang
										
											Pejabat PERKESO Kota Marudu
										
											Pejabat PERKESO Kuala Kangsar
										
											Pejabat PERKESO Kuala Krai
										
											Pejabat PERKESO Kuala Pilah
										
											Pejabat PERKESO Kulim
										
											Pejabat PERKESO Labuan
										
											Pejabat PERKESO Lahad Datu
										
											Pejabat PERKESO Langkawi
										
											Pejabat PERKESO Limbang
										
											Pejabat PERKESO Miri
										
											Pejabat PERKESO Muar
										
											Pejabat PERKESO Mukah
										
											Pejabat PERKESO Negeri Johor
										
											Pejabat PERKESO Negeri Kedah
										
											Pejabat PERKESO Negeri Kelantan
										
											Pejabat PERKESO Negeri Melaka
										
											Pejabat PERKESO Negeri Pahang
										
											Pejabat PERKESO Negeri Perak
										
											Pejabat PERKESO Negeri Perlis
										
											Pejabat PERKESO Negeri Pulau Pinang
										
											Pejabat PERKESO Negeri Sabah
										
											Pejabat PERKESO Negeri Sarawak
										
											Pejabat PERKESO Negeri Selangor
										
											Pejabat PERKESO Negeri Sembilan
										
											Pejabat PERKESO Negeri Terengganu
										
											Pejabat PERKESO Negeri W.P Kuala Lumpur
										
											Pejabat PERKESO Rawang
										
											Pejabat PERKESO Sandakan
										
											Pejabat PERKESO Sarikei
										
											Pejabat PERKESO Segamat
										
											Pejabat PERKESO Serian
										
											Pejabat PERKESO Sibu
										
											Pejabat PERKESO Sri Aman
										
											Pejabat PERKESO Sri Manjung
										
											Pejabat PERKESO Sungai Petani
										
											Pejabat PERKESO Taiping
										
											Pejabat PERKESO Tanjung Karang
										
											Pejabat PERKESO Tapah
										
											Pejabat PERKESO Tawau
										
											Pejabat PERKESO Teluk Intan
										
											Pejabat PERKESO Temerloh
										
									')]})

2019-02-20 17:16:55 - [MESSAGE][FAILED] - click(findTestObject("ZhiHao/General_User_Submit_form 7/GN_Application_Reg/Page_PERKESO/select_pejabat_perkeso")) FAILED.
Reason:
com.kms.katalon.core.exception.StepFailedException: Unable to click on object 'Object Repository/ZhiHao/General_User_Submit_form 7/GN_Application_Reg/Page_PERKESO/select_pejabat_perkeso' (Root cause: org.openqa.selenium.UnhandledAlertException: unexpected alert open: {Alert text : HARAP MAKLUM

PERMOHONAN FAEDAH SIP TELAH DIBUAT BAGI PEKERJAAN INI. MOHON MENYEMAK SEMULA STATUS PERMOHONAN BAGI TUNTUTAN FAEDAH TERSEBUT}
  (Session info: chrome=72.0.3626.109)
  (Driver info: chromedriver=2.43.600210 (68dcf5eebde37173d4027fa8635e332711d2874a),platform=Windows NT 6.1.7601 SP1 x86_64) (WARNING: The server did not provide any stacktrace information)
Command duration or timeout: 0 milliseconds: null
Build info: version: '3.7.1', revision: '8a0099a', time: '2017-11-06T21:07:36.161Z'
System info: host: 'WIN7TEST02', ip: '10.20.3.72', os.name: 'Windows 7', os.arch: 'amd64', os.version: '6.1', java.version: '1.8.0_181'
Driver info: com.kms.katalon.selenium.driver.CChromeDriver
Capabilities {acceptInsecureCerts: false, acceptSslCerts: false, applicationCacheEnabled: false, browserConnectionEnabled: false, browserName: chrome, chrome: {chromedriverVersion: 2.43.600210 (68dcf5eebde371..., userDataDir: C:\Users\Admin\AppData\Loca...}, cssSelectorsEnabled: true, databaseEnabled: false, goog:chromeOptions: {debuggerAddress: localhost:56567}, handlesAlerts: true, hasTouchScreen: false, javascriptEnabled: true, locationContextEnabled: true, mobileEmulationEnabled: false, nativeEvents: true, networkConnectionEnabled: false, pageLoadStrategy: normal, platform: XP, platformName: XP, rotatable: false, setWindowRect: true, takesHeapSnapshot: true, takesScreenshot: true, unexpectedAlertBehaviour: , unhandledPromptBehavior: , version: 72.0.3626.109, webStorageEnabled: true}
Session ID: 8dbd82932a73f4099cc8673ea39922d7
*** Element info: {Using=xpath, value=//select[@id = 'perkesoOfficeId' and @name = 'perkesoOfficeId' and (text() = '
										--Sila Pilih--
										
											Pejabat PERKESO Batu Pahat
										
											Pejabat PERKESO Beaufort
										
											Pejabat PERKESO Bentong
										
											Pejabat PERKESO Bintulu
										
											Pejabat PERKESO Dungun
										
											Pejabat PERKESO Georgetown
										
											Pejabat PERKESO Kajang
										
											Pejabat PERKESO Kapit
										
											Pejabat PERKESO Kemaman
										
											Pejabat PERKESO Keningau
										
											Pejabat PERKESO Klang
										
											Pejabat PERKESO Kluang
										
											Pejabat PERKESO Kota Marudu
										
											Pejabat PERKESO Kuala Kangsar
										
											Pejabat PERKESO Kuala Krai
										
											Pejabat PERKESO Kuala Pilah
										
											Pejabat PERKESO Kulim
										
											Pejabat PERKESO Labuan
										
											Pejabat PERKESO Lahad Datu
										
											Pejabat PERKESO Langkawi
										
											Pejabat PERKESO Limbang
										
											Pejabat PERKESO Miri
										
											Pejabat PERKESO Muar
										
											Pejabat PERKESO Mukah
										
											Pejabat PERKESO Negeri Johor
										
											Pejabat PERKESO Negeri Kedah
										
											Pejabat PERKESO Negeri Kelantan
										
											Pejabat PERKESO Negeri Melaka
										
											Pejabat PERKESO Negeri Pahang
										
											Pejabat PERKESO Negeri Perak
										
											Pejabat PERKESO Negeri Perlis
										
											Pejabat PERKESO Negeri Pulau Pinang
										
											Pejabat PERKESO Negeri Sabah
										
											Pejabat PERKESO Negeri Sarawak
										
											Pejabat PERKESO Negeri Selangor
										
											Pejabat PERKESO Negeri Sembilan
										
											Pejabat PERKESO Negeri Terengganu
										
											Pejabat PERKESO Negeri W.P Kuala Lumpur
										
											Pejabat PERKESO Rawang
										
											Pejabat PERKESO Sandakan
										
											Pejabat PERKESO Sarikei
										
											Pejabat PERKESO Segamat
										
											Pejabat PERKESO Serian
										
											Pejabat PERKESO Sibu
										
											Pejabat PERKESO Sri Aman
										
											Pejabat PERKESO Sri Manjung
										
											Pejabat PERKESO Sungai Petani
										
											Pejabat PERKESO Taiping
										
											Pejabat PERKESO Tanjung Karang
										
											Pejabat PERKESO Tapah
										
											Pejabat PERKESO Tawau
										
											Pejabat PERKESO Teluk Intan
										
											Pejabat PERKESO Temerloh
										
									' or . = '
										--Sila Pilih--
										
											Pejabat PERKESO Batu Pahat
										
											Pejabat PERKESO Beaufort
										
											Pejabat PERKESO Bentong
										
											Pejabat PERKESO Bintulu
										
											Pejabat PERKESO Dungun
										
											Pejabat PERKESO Georgetown
										
											Pejabat PERKESO Kajang
										
											Pejabat PERKESO Kapit
										
											Pejabat PERKESO Kemaman
										
											Pejabat PERKESO Keningau
										
											Pejabat PERKESO Klang
										
											Pejabat PERKESO Kluang
										
											Pejabat PERKESO Kota Marudu
										
											Pejabat PERKESO Kuala Kangsar
										
											Pejabat PERKESO Kuala Krai
										
											Pejabat PERKESO Kuala Pilah
										
											Pejabat PERKESO Kulim
										
											Pejabat PERKESO Labuan
										
											Pejabat PERKESO Lahad Datu
										
											Pejabat PERKESO Langkawi
										
											Pejabat PERKESO Limbang
										
											Pejabat PERKESO Miri
										
											Pejabat PERKESO Muar
										
											Pejabat PERKESO Mukah
										
											Pejabat PERKESO Negeri Johor
										
											Pejabat PERKESO Negeri Kedah
										
											Pejabat PERKESO Negeri Kelantan
										
											Pejabat PERKESO Negeri Melaka
										
											Pejabat PERKESO Negeri Pahang
										
											Pejabat PERKESO Negeri Perak
										
											Pejabat PERKESO Negeri Perlis
										
											Pejabat PERKESO Negeri Pulau Pinang
										
											Pejabat PERKESO Negeri Sabah
										
											Pejabat PERKESO Negeri Sarawak
										
											Pejabat PERKESO Negeri Selangor
										
											Pejabat PERKESO Negeri Sembilan
										
											Pejabat PERKESO Negeri Terengganu
										
											Pejabat PERKESO Negeri W.P Kuala Lumpur
										
											Pejabat PERKESO Rawang
										
											Pejabat PERKESO Sandakan
										
											Pejabat PERKESO Sarikei
										
											Pejabat PERKESO Segamat
										
											Pejabat PERKESO Serian
										
											Pejabat PERKESO Sibu
										
											Pejabat PERKESO Sri Aman
										
											Pejabat PERKESO Sri Manjung
										
											Pejabat PERKESO Sungai Petani
										
											Pejabat PERKESO Taiping
										
											Pejabat PERKESO Tanjung Karang
										
											Pejabat PERKESO Tapah
										
											Pejabat PERKESO Tawau
										
											Pejabat PERKESO Teluk Intan
										
											Pejabat PERKESO Temerloh
										
									')]})
	at com.kms.katalon.core.keyword.internal.KeywordMain.stepFailed(KeywordMain.groovy:36)
	at com.kms.katalon.core.webui.keyword.internal.WebUIKeywordMain.stepFailed(WebUIKeywordMain.groovy:65)
	at com.kms.katalon.core.webui.keyword.internal.WebUIKeywordMain.runKeyword(WebUIKeywordMain.groovy:27)
	at com.kms.katalon.core.webui.keyword.builtin.ClickKeyword.click(ClickKeyword.groovy:86)
	at com.kms.katalon.core.webui.keyword.builtin.ClickKeyword.execute(ClickKeyword.groovy:67)
	at com.kms.katalon.core.keyword.internal.KeywordExecutor.executeKeywordForPlatform(KeywordExecutor.groovy:53)
	at com.kms.katalon.core.webui.keyword.WebUiBuiltInKeywords.click(WebUiBuiltInKeywords.groovy:616)
	at com.kms.katalon.core.webui.keyword.WebUiBuiltInKeywords$click$3.call(Unknown Source)
	at GN_Application_Reg.run(GN_Application_Reg:51)
	at com.kms.katalon.core.main.ScriptEngine.run(ScriptEngine.java:194)
	at com.kms.katalon.core.main.ScriptEngine.runScriptAsRawText(ScriptEngine.java:119)
	at com.kms.katalon.core.main.TestCaseExecutor.runScript(TestCaseExecutor.java:328)
	at com.kms.katalon.core.main.TestCaseExecutor.doExecute(TestCaseExecutor.java:319)
	at com.kms.katalon.core.main.TestCaseExecutor.processExecutionPhase(TestCaseExecutor.java:298)
	at com.kms.katalon.core.main.TestCaseExecutor.accessMainPhase(TestCaseExecutor.java:290)
	at com.kms.katalon.core.main.TestCaseExecutor.execute(TestCaseExecutor.java:224)
	at com.kms.katalon.core.main.TestCaseMain.runTestCase(TestCaseMain.java:106)
	at com.kms.katalon.core.keyword.builtin.CallTestCaseKeyword$_callTestCase_closure1.doCall(CallTestCaseKeyword.groovy:59)
	at com.kms.katalon.core.keyword.builtin.CallTestCaseKeyword$_callTestCase_closure1.call(CallTestCaseKeyword.groovy)
	at com.kms.katalon.core.keyword.internal.KeywordMain.runKeyword(KeywordMain.groovy:54)
	at com.kms.katalon.core.keyword.builtin.CallTestCaseKeyword.callTestCase(CallTestCaseKeyword.groovy:80)
	at com.kms.katalon.core.keyword.builtin.CallTestCaseKeyword.execute(CallTestCaseKeyword.groovy:44)
	at com.kms.katalon.core.keyword.internal.KeywordExecutor.executeKeywordForPlatform(KeywordExecutor.groovy:53)
	at com.kms.katalon.core.keyword.BuiltinKeywords.callTestCase(BuiltinKeywords.groovy:334)
	at GN_Submit Form 7_End to End.run(GN_Submit Form 7_End to End:16)
	at com.kms.katalon.core.main.ScriptEngine.run(ScriptEngine.java:194)
	at com.kms.katalon.core.main.ScriptEngine.runScriptAsRawText(ScriptEngine.java:119)
	at com.kms.katalon.core.main.TestCaseExecutor.runScript(TestCaseExecutor.java:328)
	at com.kms.katalon.core.main.TestCaseExecutor.doExecute(TestCaseExecutor.java:319)
	at com.kms.katalon.core.main.TestCaseExecutor.processExecutionPhase(TestCaseExecutor.java:298)
	at com.kms.katalon.core.main.TestCaseExecutor.accessMainPhase(TestCaseExecutor.java:290)
	at com.kms.katalon.core.main.TestCaseExecutor.execute(TestCaseExecutor.java:224)
	at com.kms.katalon.core.main.TestCaseMain.runTestCase(TestCaseMain.java:106)
	at com.kms.katalon.core.keyword.builtin.CallTestCaseKeyword$_callTestCase_closure1.doCall(CallTestCaseKeyword.groovy:59)
	at com.kms.katalon.core.keyword.builtin.CallTestCaseKeyword$_callTestCase_closure1.call(CallTestCaseKeyword.groovy)
	at com.kms.katalon.core.keyword.internal.KeywordMain.runKeyword(KeywordMain.groovy:54)
	at com.kms.katalon.core.keyword.builtin.CallTestCaseKeyword.callTestCase(CallTestCaseKeyword.groovy:80)
	at com.kms.katalon.core.keyword.builtin.CallTestCaseKeyword.execute(CallTestCaseKeyword.groovy:44)
	at com.kms.katalon.core.keyword.internal.KeywordExecutor.executeKeywordForPlatform(KeywordExecutor.groovy:53)
	at com.kms.katalon.core.keyword.BuiltinKeywords.callTestCase(BuiltinKeywords.groovy:334)
	at Submit Form 7 (General) - Case Reassignment Same Branch EIO.run(Submit Form 7 (General) - Case Reassignment Same Branch EIO:16)
	at com.kms.katalon.core.main.ScriptEngine.run(ScriptEngine.java:194)
	at com.kms.katalon.core.main.ScriptEngine.runScriptAsRawText(ScriptEngine.java:119)
	at com.kms.katalon.core.main.TestCaseExecutor.runScript(TestCaseExecutor.java:328)
	at com.kms.katalon.core.main.TestCaseExecutor.doExecute(TestCaseExecutor.java:319)
	at com.kms.katalon.core.main.TestCaseExecutor.processExecutionPhase(TestCaseExecutor.java:298)
	at com.kms.katalon.core.main.TestCaseExecutor.accessMainPhase(TestCaseExecutor.java:290)
	at com.kms.katalon.core.main.TestCaseExecutor.execute(TestCaseExecutor.java:224)
	at com.kms.katalon.core.main.TestSuiteExecutor.accessTestCaseMainPhase(TestSuiteExecutor.java:129)
	at com.kms.katalon.core.main.TestSuiteExecutor.accessTestSuiteMainPhase(TestSuiteExecutor.java:112)
	at com.kms.katalon.core.main.TestSuiteExecutor.execute(TestSuiteExecutor.java:81)
	at com.kms.katalon.core.main.TestCaseMain.startTestSuite(TestCaseMain.java:149)
	at com.kms.katalon.core.main.TestCaseMain$startTestSuite$0.call(Unknown Source)
	at TempTestSuite1550652525208.run(TempTestSuite1550652525208.groovy:36)


2019-02-20 17:16:55 - [MESSAGE][FAILED] - Unable to call Test Case 'Test Cases/All TC/Arranged/3. Unit/EI/GN submit form 7/GN_Application_Reg' (Root cause: com.kms.katalon.core.exception.StepFailedException: Call Test Case 'Test Cases/All TC/Arranged/3. Unit/EI/GN submit form 7/GN_Application_Reg' failed)

2019-02-20 17:16:55 - [MESSAGE][FAILED] - callTestCase(findTestCase("All TC/Arranged/3. Unit/EI/GN submit form 7/GN_Application_Reg"), [:], STOP_ON_FAILURE) FAILED.
Reason:
com.kms.katalon.core.exception.StepFailedException: Unable to click on object 'Object Repository/ZhiHao/General_User_Submit_form 7/GN_Application_Reg/Page_PERKESO/select_pejabat_perkeso' (Root cause: org.openqa.selenium.UnhandledAlertException: unexpected alert open: {Alert text : HARAP MAKLUM

PERMOHONAN FAEDAH SIP TELAH DIBUAT BAGI PEKERJAAN INI. MOHON MENYEMAK SEMULA STATUS PERMOHONAN BAGI TUNTUTAN FAEDAH TERSEBUT}
  (Session info: chrome=72.0.3626.109)
  (Driver info: chromedriver=2.43.600210 (68dcf5eebde37173d4027fa8635e332711d2874a),platform=Windows NT 6.1.7601 SP1 x86_64) (WARNING: The server did not provide any stacktrace information)
Command duration or timeout: 0 milliseconds: null
Build info: version: '3.7.1', revision: '8a0099a', time: '2017-11-06T21:07:36.161Z'
System info: host: 'WIN7TEST02', ip: '10.20.3.72', os.name: 'Windows 7', os.arch: 'amd64', os.version: '6.1', java.version: '1.8.0_181'
Driver info: com.kms.katalon.selenium.driver.CChromeDriver
Capabilities {acceptInsecureCerts: false, acceptSslCerts: false, applicationCacheEnabled: false, browserConnectionEnabled: false, browserName: chrome, chrome: {chromedriverVersion: 2.43.600210 (68dcf5eebde371..., userDataDir: C:\Users\Admin\AppData\Loca...}, cssSelectorsEnabled: true, databaseEnabled: false, goog:chromeOptions: {debuggerAddress: localhost:56567}, handlesAlerts: true, hasTouchScreen: false, javascriptEnabled: true, locationContextEnabled: true, mobileEmulationEnabled: false, nativeEvents: true, networkConnectionEnabled: false, pageLoadStrategy: normal, platform: XP, platformName: XP, rotatable: false, setWindowRect: true, takesHeapSnapshot: true, takesScreenshot: true, unexpectedAlertBehaviour: , unhandledPromptBehavior: , version: 72.0.3626.109, webStorageEnabled: true}
Session ID: 8dbd82932a73f4099cc8673ea39922d7
*** Element info: {Using=xpath, value=//select[@id = 'perkesoOfficeId' and @name = 'perkesoOfficeId' and (text() = '
										--Sila Pilih--
										
											Pejabat PERKESO Batu Pahat
										
											Pejabat PERKESO Beaufort
										
											Pejabat PERKESO Bentong
										
											Pejabat PERKESO Bintulu
										
											Pejabat PERKESO Dungun
										
											Pejabat PERKESO Georgetown
										
											Pejabat PERKESO Kajang
										
											Pejabat PERKESO Kapit
										
											Pejabat PERKESO Kemaman
										
											Pejabat PERKESO Keningau
										
											Pejabat PERKESO Klang
										
											Pejabat PERKESO Kluang
										
											Pejabat PERKESO Kota Marudu
										
											Pejabat PERKESO Kuala Kangsar
										
											Pejabat PERKESO Kuala Krai
										
											Pejabat PERKESO Kuala Pilah
										
											Pejabat PERKESO Kulim
										
											Pejabat PERKESO Labuan
										
											Pejabat PERKESO Lahad Datu
										
											Pejabat PERKESO Langkawi
										
											Pejabat PERKESO Limbang
										
											Pejabat PERKESO Miri
										
											Pejabat PERKESO Muar
										
											Pejabat PERKESO Mukah
										
											Pejabat PERKESO Negeri Johor
										
											Pejabat PERKESO Negeri Kedah
										
											Pejabat PERKESO Negeri Kelantan
										
											Pejabat PERKESO Negeri Melaka
										
											Pejabat PERKESO Negeri Pahang
										
											Pejabat PERKESO Negeri Perak
										
											Pejabat PERKESO Negeri Perlis
										
											Pejabat PERKESO Negeri Pulau Pinang
										
											Pejabat PERKESO Negeri Sabah
										
											Pejabat PERKESO Negeri Sarawak
										
											Pejabat PERKESO Negeri Selangor
										
											Pejabat PERKESO Negeri Sembilan
										
											Pejabat PERKESO Negeri Terengganu
										
											Pejabat PERKESO Negeri W.P Kuala Lumpur
										
											Pejabat PERKESO Rawang
										
											Pejabat PERKESO Sandakan
										
											Pejabat PERKESO Sarikei
										
											Pejabat PERKESO Segamat
										
											Pejabat PERKESO Serian
										
											Pejabat PERKESO Sibu
										
											Pejabat PERKESO Sri Aman
										
											Pejabat PERKESO Sri Manjung
										
											Pejabat PERKESO Sungai Petani
										
											Pejabat PERKESO Taiping
										
											Pejabat PERKESO Tanjung Karang
										
											Pejabat PERKESO Tapah
										
											Pejabat PERKESO Tawau
										
											Pejabat PERKESO Teluk Intan
										
											Pejabat PERKESO Temerloh
										
									' or . = '
										--Sila Pilih--
										
											Pejabat PERKESO Batu Pahat
										
											Pejabat PERKESO Beaufort
										
											Pejabat PERKESO Bentong
										
											Pejabat PERKESO Bintulu
										
											Pejabat PERKESO Dungun
										
											Pejabat PERKESO Georgetown
										
											Pejabat PERKESO Kajang
										
											Pejabat PERKESO Kapit
										
											Pejabat PERKESO Kemaman
										
											Pejabat PERKESO Keningau
										
											Pejabat PERKESO Klang
										
											Pejabat PERKESO Kluang
										
											Pejabat PERKESO Kota Marudu
										
											Pejabat PERKESO Kuala Kangsar
										
											Pejabat PERKESO Kuala Krai
										
											Pejabat PERKESO Kuala Pilah
										
											Pejabat PERKESO Kulim
										
											Pejabat PERKESO Labuan
										
											Pejabat PERKESO Lahad Datu
										
											Pejabat PERKESO Langkawi
										
											Pejabat PERKESO Limbang
										
											Pejabat PERKESO Miri
										
											Pejabat PERKESO Muar
										
											Pejabat PERKESO Mukah
										
											Pejabat PERKESO Negeri Johor
										
											Pejabat PERKESO Negeri Kedah
										
											Pejabat PERKESO Negeri Kelantan
										
											Pejabat PERKESO Negeri Melaka
										
											Pejabat PERKESO Negeri Pahang
										
											Pejabat PERKESO Negeri Perak
										
											Pejabat PERKESO Negeri Perlis
										
											Pejabat PERKESO Negeri Pulau Pinang
										
											Pejabat PERKESO Negeri Sabah
										
											Pejabat PERKESO Negeri Sarawak
										
											Pejabat PERKESO Negeri Selangor
										
											Pejabat PERKESO Negeri Sembilan
										
											Pejabat PERKESO Negeri Terengganu
										
											Pejabat PERKESO Negeri W.P Kuala Lumpur
										
											Pejabat PERKESO Rawang
										
											Pejabat PERKESO Sandakan
										
											Pejabat PERKESO Sarikei
										
											Pejabat PERKESO Segamat
										
											Pejabat PERKESO Serian
										
											Pejabat PERKESO Sibu
										
											Pejabat PERKESO Sri Aman
										
											Pejabat PERKESO Sri Manjung
										
											Pejabat PERKESO Sungai Petani
										
											Pejabat PERKESO Taiping
										
											Pejabat PERKESO Tanjung Karang
										
											Pejabat PERKESO Tapah
										
											Pejabat PERKESO Tawau
										
											Pejabat PERKESO Teluk Intan
										
											Pejabat PERKESO Temerloh
										
									')]})
	at com.kms.katalon.core.keyword.internal.KeywordMain.stepFailed(KeywordMain.groovy:36)
	at com.kms.katalon.core.webui.keyword.internal.WebUIKeywordMain.stepFailed(WebUIKeywordMain.groovy:65)
	at com.kms.katalon.core.webui.keyword.internal.WebUIKeywordMain.runKeyword(WebUIKeywordMain.groovy:27)
	at com.kms.katalon.core.webui.keyword.builtin.ClickKeyword.click(ClickKeyword.groovy:86)
	at com.kms.katalon.core.webui.keyword.builtin.ClickKeyword.execute(ClickKeyword.groovy:67)
	at com.kms.katalon.core.keyword.internal.KeywordExecutor.executeKeywordForPlatform(KeywordExecutor.groovy:53)
	at com.kms.katalon.core.webui.keyword.WebUiBuiltInKeywords.click(WebUiBuiltInKeywords.groovy:616)
	at com.kms.katalon.core.webui.keyword.WebUiBuiltInKeywords$click$3.call(Unknown Source)
	at GN_Application_Reg.run(GN_Application_Reg:51)
	at com.kms.katalon.core.main.ScriptEngine.run(ScriptEngine.java:194)
	at com.kms.katalon.core.main.ScriptEngine.runScriptAsRawText(ScriptEngine.java:119)
	at com.kms.katalon.core.main.TestCaseExecutor.runScript(TestCaseExecutor.java:328)
	at com.kms.katalon.core.main.TestCaseExecutor.doExecute(TestCaseExecutor.java:319)
	at com.kms.katalon.core.main.TestCaseExecutor.processExecutionPhase(TestCaseExecutor.java:298)
	at com.kms.katalon.core.main.TestCaseExecutor.accessMainPhase(TestCaseExecutor.java:290)
	at com.kms.katalon.core.main.TestCaseExecutor.execute(TestCaseExecutor.java:224)
	at com.kms.katalon.core.main.TestCaseMain.runTestCase(TestCaseMain.java:106)
	at com.kms.katalon.core.keyword.builtin.CallTestCaseKeyword$_callTestCase_closure1.doCall(CallTestCaseKeyword.groovy:59)
	at com.kms.katalon.core.keyword.builtin.CallTestCaseKeyword$_callTestCase_closure1.call(CallTestCaseKeyword.groovy)
	at com.kms.katalon.core.keyword.internal.KeywordMain.runKeyword(KeywordMain.groovy:54)
	at com.kms.katalon.core.keyword.builtin.CallTestCaseKeyword.callTestCase(CallTestCaseKeyword.groovy:80)
	at com.kms.katalon.core.keyword.builtin.CallTestCaseKeyword.execute(CallTestCaseKeyword.groovy:44)
	at com.kms.katalon.core.keyword.internal.KeywordExecutor.executeKeywordForPlatform(KeywordExecutor.groovy:53)
	at com.kms.katalon.core.keyword.BuiltinKeywords.callTestCase(BuiltinKeywords.groovy:334)
	at GN_Submit Form 7_End to End.run(GN_Submit Form 7_End to End:16)
	at com.kms.katalon.core.main.ScriptEngine.run(ScriptEngine.java:194)
	at com.kms.katalon.core.main.ScriptEngine.runScriptAsRawText(ScriptEngine.java:119)
	at com.kms.katalon.core.main.TestCaseExecutor.runScript(TestCaseExecutor.java:328)
	at com.kms.katalon.core.main.TestCaseExecutor.doExecute(TestCaseExecutor.java:319)
	at com.kms.katalon.core.main.TestCaseExecutor.processExecutionPhase(TestCaseExecutor.java:298)
	at com.kms.katalon.core.main.TestCaseExecutor.accessMainPhase(TestCaseExecutor.java:290)
	at com.kms.katalon.core.main.TestCaseExecutor.execute(TestCaseExecutor.java:224)
	at com.kms.katalon.core.main.TestCaseMain.runTestCase(TestCaseMain.java:106)
	at com.kms.katalon.core.keyword.builtin.CallTestCaseKeyword$_callTestCase_closure1.doCall(CallTestCaseKeyword.groovy:59)
	at com.kms.katalon.core.keyword.builtin.CallTestCaseKeyword$_callTestCase_closure1.call(CallTestCaseKeyword.groovy)
	at com.kms.katalon.core.keyword.internal.KeywordMain.runKeyword(KeywordMain.groovy:54)
	at com.kms.katalon.core.keyword.builtin.CallTestCaseKeyword.callTestCase(CallTestCaseKeyword.groovy:80)
	at com.kms.katalon.core.keyword.builtin.CallTestCaseKeyword.execute(CallTestCaseKeyword.groovy:44)
	at com.kms.katalon.core.keyword.internal.KeywordExecutor.executeKeywordForPlatform(KeywordExecutor.groovy:53)
	at com.kms.katalon.core.keyword.BuiltinKeywords.callTestCase(BuiltinKeywords.groovy:334)
	at Submit Form 7 (General) - Case Reassignment Same Branch EIO.run(Submit Form 7 (General) - Case Reassignment Same Branch EIO:16)
	at com.kms.katalon.core.main.ScriptEngine.run(ScriptEngine.java:194)
	at com.kms.katalon.core.main.ScriptEngine.runScriptAsRawText(ScriptEngine.java:119)
	at com.kms.katalon.core.main.TestCaseExecutor.runScript(TestCaseExecutor.java:328)
	at com.kms.katalon.core.main.TestCaseExecutor.doExecute(TestCaseExecutor.java:319)
	at com.kms.katalon.core.main.TestCaseExecutor.processExecutionPhase(TestCaseExecutor.java:298)
	at com.kms.katalon.core.main.TestCaseExecutor.accessMainPhase(TestCaseExecutor.java:290)
	at com.kms.katalon.core.main.TestCaseExecutor.execute(TestCaseExecutor.java:224)
	at com.kms.katalon.core.main.TestSuiteExecutor.accessTestCaseMainPhase(TestSuiteExecutor.java:129)
	at com.kms.katalon.core.main.TestSuiteExecutor.accessTestSuiteMainPhase(TestSuiteExecutor.java:112)
	at com.kms.katalon.core.main.TestSuiteExecutor.execute(TestSuiteExecutor.java:81)
	at com.kms.katalon.core.main.TestCaseMain.startTestSuite(TestCaseMain.java:149)
	at com.kms.katalon.core.main.TestCaseMain$startTestSuite$0.call(Unknown Source)
	at TempTestSuite1550652525208.run(TempTestSuite1550652525208.groovy:36)


2019-02-20 17:16:58 - [MESSAGE][FAILED] - Unable to call Test Case 'Test Cases/All TC/Arranged/2. Segment/GN_Submit Form 7_End to End' (Root cause: com.kms.katalon.core.exception.StepFailedException: Call Test Case 'Test Cases/All TC/Arranged/2. Segment/GN_Submit Form 7_End to End' failed)

2019-02-20 17:16:58 - [MESSAGE][FAILED] - callTestCase(findTestCase("All TC/Arranged/2. Segment/GN_Submit Form 7_End to End"), [:], STOP_ON_FAILURE) FAILED.
Reason:
com.kms.katalon.core.exception.StepFailedException: Unable to click on object 'Object Repository/ZhiHao/General_User_Submit_form 7/GN_Application_Reg/Page_PERKESO/select_pejabat_perkeso' (Root cause: org.openqa.selenium.UnhandledAlertException: unexpected alert open: {Alert text : HARAP MAKLUM

PERMOHONAN FAEDAH SIP TELAH DIBUAT BAGI PEKERJAAN INI. MOHON MENYEMAK SEMULA STATUS PERMOHONAN BAGI TUNTUTAN FAEDAH TERSEBUT}
  (Session info: chrome=72.0.3626.109)
  (Driver info: chromedriver=2.43.600210 (68dcf5eebde37173d4027fa8635e332711d2874a),platform=Windows NT 6.1.7601 SP1 x86_64) (WARNING: The server did not provide any stacktrace information)
Command duration or timeout: 0 milliseconds: null
Build info: version: '3.7.1', revision: '8a0099a', time: '2017-11-06T21:07:36.161Z'
System info: host: 'WIN7TEST02', ip: '10.20.3.72', os.name: 'Windows 7', os.arch: 'amd64', os.version: '6.1', java.version: '1.8.0_181'
Driver info: com.kms.katalon.selenium.driver.CChromeDriver
Capabilities {acceptInsecureCerts: false, acceptSslCerts: false, applicationCacheEnabled: false, browserConnectionEnabled: false, browserName: chrome, chrome: {chromedriverVersion: 2.43.600210 (68dcf5eebde371..., userDataDir: C:\Users\Admin\AppData\Loca...}, cssSelectorsEnabled: true, databaseEnabled: false, goog:chromeOptions: {debuggerAddress: localhost:56567}, handlesAlerts: true, hasTouchScreen: false, javascriptEnabled: true, locationContextEnabled: true, mobileEmulationEnabled: false, nativeEvents: true, networkConnectionEnabled: false, pageLoadStrategy: normal, platform: XP, platformName: XP, rotatable: false, setWindowRect: true, takesHeapSnapshot: true, takesScreenshot: true, unexpectedAlertBehaviour: , unhandledPromptBehavior: , version: 72.0.3626.109, webStorageEnabled: true}
Session ID: 8dbd82932a73f4099cc8673ea39922d7
*** Element info: {Using=xpath, value=//select[@id = 'perkesoOfficeId' and @name = 'perkesoOfficeId' and (text() = '
										--Sila Pilih--
										
											Pejabat PERKESO Batu Pahat
										
											Pejabat PERKESO Beaufort
										
											Pejabat PERKESO Bentong
										
											Pejabat PERKESO Bintulu
										
											Pejabat PERKESO Dungun
										
											Pejabat PERKESO Georgetown
										
											Pejabat PERKESO Kajang
										
											Pejabat PERKESO Kapit
										
											Pejabat PERKESO Kemaman
										
											Pejabat PERKESO Keningau
										
											Pejabat PERKESO Klang
										
											Pejabat PERKESO Kluang
										
											Pejabat PERKESO Kota Marudu
										
											Pejabat PERKESO Kuala Kangsar
										
											Pejabat PERKESO Kuala Krai
										
											Pejabat PERKESO Kuala Pilah
										
											Pejabat PERKESO Kulim
										
											Pejabat PERKESO Labuan
										
											Pejabat PERKESO Lahad Datu
										
											Pejabat PERKESO Langkawi
										
											Pejabat PERKESO Limbang
										
											Pejabat PERKESO Miri
										
											Pejabat PERKESO Muar
										
											Pejabat PERKESO Mukah
										
											Pejabat PERKESO Negeri Johor
										
											Pejabat PERKESO Negeri Kedah
										
											Pejabat PERKESO Negeri Kelantan
										
											Pejabat PERKESO Negeri Melaka
										
											Pejabat PERKESO Negeri Pahang
										
											Pejabat PERKESO Negeri Perak
										
											Pejabat PERKESO Negeri Perlis
										
											Pejabat PERKESO Negeri Pulau Pinang
										
											Pejabat PERKESO Negeri Sabah
										
											Pejabat PERKESO Negeri Sarawak
										
											Pejabat PERKESO Negeri Selangor
										
											Pejabat PERKESO Negeri Sembilan
										
											Pejabat PERKESO Negeri Terengganu
										
											Pejabat PERKESO Negeri W.P Kuala Lumpur
										
											Pejabat PERKESO Rawang
										
											Pejabat PERKESO Sandakan
										
											Pejabat PERKESO Sarikei
										
											Pejabat PERKESO Segamat
										
											Pejabat PERKESO Serian
										
											Pejabat PERKESO Sibu
										
											Pejabat PERKESO Sri Aman
										
											Pejabat PERKESO Sri Manjung
										
											Pejabat PERKESO Sungai Petani
										
											Pejabat PERKESO Taiping
										
											Pejabat PERKESO Tanjung Karang
										
											Pejabat PERKESO Tapah
										
											Pejabat PERKESO Tawau
										
											Pejabat PERKESO Teluk Intan
										
											Pejabat PERKESO Temerloh
										
									' or . = '
										--Sila Pilih--
										
											Pejabat PERKESO Batu Pahat
										
											Pejabat PERKESO Beaufort
										
											Pejabat PERKESO Bentong
										
											Pejabat PERKESO Bintulu
										
											Pejabat PERKESO Dungun
										
											Pejabat PERKESO Georgetown
										
											Pejabat PERKESO Kajang
										
											Pejabat PERKESO Kapit
										
											Pejabat PERKESO Kemaman
										
											Pejabat PERKESO Keningau
										
											Pejabat PERKESO Klang
										
											Pejabat PERKESO Kluang
										
											Pejabat PERKESO Kota Marudu
										
											Pejabat PERKESO Kuala Kangsar
										
											Pejabat PERKESO Kuala Krai
										
											Pejabat PERKESO Kuala Pilah
										
											Pejabat PERKESO Kulim
										
											Pejabat PERKESO Labuan
										
											Pejabat PERKESO Lahad Datu
										
											Pejabat PERKESO Langkawi
										
											Pejabat PERKESO Limbang
										
											Pejabat PERKESO Miri
										
											Pejabat PERKESO Muar
										
											Pejabat PERKESO Mukah
										
											Pejabat PERKESO Negeri Johor
										
											Pejabat PERKESO Negeri Kedah
										
											Pejabat PERKESO Negeri Kelantan
										
											Pejabat PERKESO Negeri Melaka
										
											Pejabat PERKESO Negeri Pahang
										
											Pejabat PERKESO Negeri Perak
										
											Pejabat PERKESO Negeri Perlis
										
											Pejabat PERKESO Negeri Pulau Pinang
										
											Pejabat PERKESO Negeri Sabah
										
											Pejabat PERKESO Negeri Sarawak
										
											Pejabat PERKESO Negeri Selangor
										
											Pejabat PERKESO Negeri Sembilan
										
											Pejabat PERKESO Negeri Terengganu
										
											Pejabat PERKESO Negeri W.P Kuala Lumpur
										
											Pejabat PERKESO Rawang
										
											Pejabat PERKESO Sandakan
										
											Pejabat PERKESO Sarikei
										
											Pejabat PERKESO Segamat
										
											Pejabat PERKESO Serian
										
											Pejabat PERKESO Sibu
										
											Pejabat PERKESO Sri Aman
										
											Pejabat PERKESO Sri Manjung
										
											Pejabat PERKESO Sungai Petani
										
											Pejabat PERKESO Taiping
										
											Pejabat PERKESO Tanjung Karang
										
											Pejabat PERKESO Tapah
										
											Pejabat PERKESO Tawau
										
											Pejabat PERKESO Teluk Intan
										
											Pejabat PERKESO Temerloh
										
									')]})
	at com.kms.katalon.core.keyword.internal.KeywordMain.stepFailed(KeywordMain.groovy:36)
	at com.kms.katalon.core.webui.keyword.internal.WebUIKeywordMain.stepFailed(WebUIKeywordMain.groovy:65)
	at com.kms.katalon.core.webui.keyword.internal.WebUIKeywordMain.runKeyword(WebUIKeywordMain.groovy:27)
	at com.kms.katalon.core.webui.keyword.builtin.ClickKeyword.click(ClickKeyword.groovy:86)
	at com.kms.katalon.core.webui.keyword.builtin.ClickKeyword.execute(ClickKeyword.groovy:67)
	at com.kms.katalon.core.keyword.internal.KeywordExecutor.executeKeywordForPlatform(KeywordExecutor.groovy:53)
	at com.kms.katalon.core.webui.keyword.WebUiBuiltInKeywords.click(WebUiBuiltInKeywords.groovy:616)
	at com.kms.katalon.core.webui.keyword.WebUiBuiltInKeywords$click$3.call(Unknown Source)
	at GN_Application_Reg.run(GN_Application_Reg:51)
	at com.kms.katalon.core.main.ScriptEngine.run(ScriptEngine.java:194)
	at com.kms.katalon.core.main.ScriptEngine.runScriptAsRawText(ScriptEngine.java:119)
	at com.kms.katalon.core.main.TestCaseExecutor.runScript(TestCaseExecutor.java:328)
	at com.kms.katalon.core.main.TestCaseExecutor.doExecute(TestCaseExecutor.java:319)
	at com.kms.katalon.core.main.TestCaseExecutor.processExecutionPhase(TestCaseExecutor.java:298)
	at com.kms.katalon.core.main.TestCaseExecutor.accessMainPhase(TestCaseExecutor.java:290)
	at com.kms.katalon.core.main.TestCaseExecutor.execute(TestCaseExecutor.java:224)
	at com.kms.katalon.core.main.TestCaseMain.runTestCase(TestCaseMain.java:106)
	at com.kms.katalon.core.keyword.builtin.CallTestCaseKeyword$_callTestCase_closure1.doCall(CallTestCaseKeyword.groovy:59)
	at com.kms.katalon.core.keyword.builtin.CallTestCaseKeyword$_callTestCase_closure1.call(CallTestCaseKeyword.groovy)
	at com.kms.katalon.core.keyword.internal.KeywordMain.runKeyword(KeywordMain.groovy:54)
	at com.kms.katalon.core.keyword.builtin.CallTestCaseKeyword.callTestCase(CallTestCaseKeyword.groovy:80)
	at com.kms.katalon.core.keyword.builtin.CallTestCaseKeyword.execute(CallTestCaseKeyword.groovy:44)
	at com.kms.katalon.core.keyword.internal.KeywordExecutor.executeKeywordForPlatform(KeywordExecutor.groovy:53)
	at com.kms.katalon.core.keyword.BuiltinKeywords.callTestCase(BuiltinKeywords.groovy:334)
	at GN_Submit Form 7_End to End.run(GN_Submit Form 7_End to End:16)
	at com.kms.katalon.core.main.ScriptEngine.run(ScriptEngine.java:194)
	at com.kms.katalon.core.main.ScriptEngine.runScriptAsRawText(ScriptEngine.java:119)
	at com.kms.katalon.core.main.TestCaseExecutor.runScript(TestCaseExecutor.java:328)
	at com.kms.katalon.core.main.TestCaseExecutor.doExecute(TestCaseExecutor.java:319)
	at com.kms.katalon.core.main.TestCaseExecutor.processExecutionPhase(TestCaseExecutor.java:298)
	at com.kms.katalon.core.main.TestCaseExecutor.accessMainPhase(TestCaseExecutor.java:290)
	at com.kms.katalon.core.main.TestCaseExecutor.execute(TestCaseExecutor.java:224)
	at com.kms.katalon.core.main.TestCaseMain.runTestCase(TestCaseMain.java:106)
	at com.kms.katalon.core.keyword.builtin.CallTestCaseKeyword$_callTestCase_closure1.doCall(CallTestCaseKeyword.groovy:59)
	at com.kms.katalon.core.keyword.builtin.CallTestCaseKeyword$_callTestCase_closure1.call(CallTestCaseKeyword.groovy)
	at com.kms.katalon.core.keyword.internal.KeywordMain.runKeyword(KeywordMain.groovy:54)
	at com.kms.katalon.core.keyword.builtin.CallTestCaseKeyword.callTestCase(CallTestCaseKeyword.groovy:80)
	at com.kms.katalon.core.keyword.builtin.CallTestCaseKeyword.execute(CallTestCaseKeyword.groovy:44)
	at com.kms.katalon.core.keyword.internal.KeywordExecutor.executeKeywordForPlatform(KeywordExecutor.groovy:53)
	at com.kms.katalon.core.keyword.BuiltinKeywords.callTestCase(BuiltinKeywords.groovy:334)
	at Submit Form 7 (General) - Case Reassignment Same Branch EIO.run(Submit Form 7 (General) - Case Reassignment Same Branch EIO:16)
	at com.kms.katalon.core.main.ScriptEngine.run(ScriptEngine.java:194)
	at com.kms.katalon.core.main.ScriptEngine.runScriptAsRawText(ScriptEngine.java:119)
	at com.kms.katalon.core.main.TestCaseExecutor.runScript(TestCaseExecutor.java:328)
	at com.kms.katalon.core.main.TestCaseExecutor.doExecute(TestCaseExecutor.java:319)
	at com.kms.katalon.core.main.TestCaseExecutor.processExecutionPhase(TestCaseExecutor.java:298)
	at com.kms.katalon.core.main.TestCaseExecutor.accessMainPhase(TestCaseExecutor.java:290)
	at com.kms.katalon.core.main.TestCaseExecutor.execute(TestCaseExecutor.java:224)
	at com.kms.katalon.core.main.TestSuiteExecutor.accessTestCaseMainPhase(TestSuiteExecutor.java:129)
	at com.kms.katalon.core.main.TestSuiteExecutor.accessTestSuiteMainPhase(TestSuiteExecutor.java:112)
	at com.kms.katalon.core.main.TestSuiteExecutor.execute(TestSuiteExecutor.java:81)
	at com.kms.katalon.core.main.TestCaseMain.startTestSuite(TestCaseMain.java:149)
	at com.kms.katalon.core.main.TestCaseMain$startTestSuite$0.call(Unknown Source)
	at TempTestSuite1550652525208.run(TempTestSuite1550652525208.groovy:36)]]></system-out>
         <system-err><![CDATA[2019-02-20 17:16:00 - [TEST_CASE][FAILED] - Test Cases/All TC/Arranged/0. Full Flow/Submit Form 7 (General) - Case Reassignment Same Branch EIO: Test Cases/All TC/Arranged/0. Full Flow/Submit Form 7 (General) - Case Reassignment Same Branch EIO FAILED.
Reason:
com.kms.katalon.core.exception.StepFailedException: Unable to click on object 'Object Repository/ZhiHao/General_User_Submit_form 7/GN_Application_Reg/Page_PERKESO/select_pejabat_perkeso' (Root cause: org.openqa.selenium.UnhandledAlertException: unexpected alert open: {Alert text : HARAP MAKLUM

PERMOHONAN FAEDAH SIP TELAH DIBUAT BAGI PEKERJAAN INI. MOHON MENYEMAK SEMULA STATUS PERMOHONAN BAGI TUNTUTAN FAEDAH TERSEBUT}
  (Session info: chrome=72.0.3626.109)
  (Driver info: chromedriver=2.43.600210 (68dcf5eebde37173d4027fa8635e332711d2874a),platform=Windows NT 6.1.7601 SP1 x86_64) (WARNING: The server did not provide any stacktrace information)
Command duration or timeout: 0 milliseconds: null
Build info: version: '3.7.1', revision: '8a0099a', time: '2017-11-06T21:07:36.161Z'
System info: host: 'WIN7TEST02', ip: '10.20.3.72', os.name: 'Windows 7', os.arch: 'amd64', os.version: '6.1', java.version: '1.8.0_181'
Driver info: com.kms.katalon.selenium.driver.CChromeDriver
Capabilities {acceptInsecureCerts: false, acceptSslCerts: false, applicationCacheEnabled: false, browserConnectionEnabled: false, browserName: chrome, chrome: {chromedriverVersion: 2.43.600210 (68dcf5eebde371..., userDataDir: C:\Users\Admin\AppData\Loca...}, cssSelectorsEnabled: true, databaseEnabled: false, goog:chromeOptions: {debuggerAddress: localhost:56567}, handlesAlerts: true, hasTouchScreen: false, javascriptEnabled: true, locationContextEnabled: true, mobileEmulationEnabled: false, nativeEvents: true, networkConnectionEnabled: false, pageLoadStrategy: normal, platform: XP, platformName: XP, rotatable: false, setWindowRect: true, takesHeapSnapshot: true, takesScreenshot: true, unexpectedAlertBehaviour: , unhandledPromptBehavior: , version: 72.0.3626.109, webStorageEnabled: true}
Session ID: 8dbd82932a73f4099cc8673ea39922d7
*** Element info: {Using=xpath, value=//select[@id = 'perkesoOfficeId' and @name = 'perkesoOfficeId' and (text() = '
										--Sila Pilih--
										
											Pejabat PERKESO Batu Pahat
										
											Pejabat PERKESO Beaufort
										
											Pejabat PERKESO Bentong
										
											Pejabat PERKESO Bintulu
										
											Pejabat PERKESO Dungun
										
											Pejabat PERKESO Georgetown
										
											Pejabat PERKESO Kajang
										
											Pejabat PERKESO Kapit
										
											Pejabat PERKESO Kemaman
										
											Pejabat PERKESO Keningau
										
											Pejabat PERKESO Klang
										
											Pejabat PERKESO Kluang
										
											Pejabat PERKESO Kota Marudu
										
											Pejabat PERKESO Kuala Kangsar
										
											Pejabat PERKESO Kuala Krai
										
											Pejabat PERKESO Kuala Pilah
										
											Pejabat PERKESO Kulim
										
											Pejabat PERKESO Labuan
										
											Pejabat PERKESO Lahad Datu
										
											Pejabat PERKESO Langkawi
										
											Pejabat PERKESO Limbang
										
											Pejabat PERKESO Miri
										
											Pejabat PERKESO Muar
										
											Pejabat PERKESO Mukah
										
											Pejabat PERKESO Negeri Johor
										
											Pejabat PERKESO Negeri Kedah
										
											Pejabat PERKESO Negeri Kelantan
										
											Pejabat PERKESO Negeri Melaka
										
											Pejabat PERKESO Negeri Pahang
										
											Pejabat PERKESO Negeri Perak
										
											Pejabat PERKESO Negeri Perlis
										
											Pejabat PERKESO Negeri Pulau Pinang
										
											Pejabat PERKESO Negeri Sabah
										
											Pejabat PERKESO Negeri Sarawak
										
											Pejabat PERKESO Negeri Selangor
										
											Pejabat PERKESO Negeri Sembilan
										
											Pejabat PERKESO Negeri Terengganu
										
											Pejabat PERKESO Negeri W.P Kuala Lumpur
										
											Pejabat PERKESO Rawang
										
											Pejabat PERKESO Sandakan
										
											Pejabat PERKESO Sarikei
										
											Pejabat PERKESO Segamat
										
											Pejabat PERKESO Serian
										
											Pejabat PERKESO Sibu
										
											Pejabat PERKESO Sri Aman
										
											Pejabat PERKESO Sri Manjung
										
											Pejabat PERKESO Sungai Petani
										
											Pejabat PERKESO Taiping
										
											Pejabat PERKESO Tanjung Karang
										
											Pejabat PERKESO Tapah
										
											Pejabat PERKESO Tawau
										
											Pejabat PERKESO Teluk Intan
										
											Pejabat PERKESO Temerloh
										
									' or . = '
										--Sila Pilih--
										
											Pejabat PERKESO Batu Pahat
										
											Pejabat PERKESO Beaufort
										
											Pejabat PERKESO Bentong
										
											Pejabat PERKESO Bintulu
										
											Pejabat PERKESO Dungun
										
											Pejabat PERKESO Georgetown
										
											Pejabat PERKESO Kajang
										
											Pejabat PERKESO Kapit
										
											Pejabat PERKESO Kemaman
										
											Pejabat PERKESO Keningau
										
											Pejabat PERKESO Klang
										
											Pejabat PERKESO Kluang
										
											Pejabat PERKESO Kota Marudu
										
											Pejabat PERKESO Kuala Kangsar
										
											Pejabat PERKESO Kuala Krai
										
											Pejabat PERKESO Kuala Pilah
										
											Pejabat PERKESO Kulim
										
											Pejabat PERKESO Labuan
										
											Pejabat PERKESO Lahad Datu
										
											Pejabat PERKESO Langkawi
										
											Pejabat PERKESO Limbang
										
											Pejabat PERKESO Miri
										
											Pejabat PERKESO Muar
										
											Pejabat PERKESO Mukah
										
											Pejabat PERKESO Negeri Johor
										
											Pejabat PERKESO Negeri Kedah
										
											Pejabat PERKESO Negeri Kelantan
										
											Pejabat PERKESO Negeri Melaka
										
											Pejabat PERKESO Negeri Pahang
										
											Pejabat PERKESO Negeri Perak
										
											Pejabat PERKESO Negeri Perlis
										
											Pejabat PERKESO Negeri Pulau Pinang
										
											Pejabat PERKESO Negeri Sabah
										
											Pejabat PERKESO Negeri Sarawak
										
											Pejabat PERKESO Negeri Selangor
										
											Pejabat PERKESO Negeri Sembilan
										
											Pejabat PERKESO Negeri Terengganu
										
											Pejabat PERKESO Negeri W.P Kuala Lumpur
										
											Pejabat PERKESO Rawang
										
											Pejabat PERKESO Sandakan
										
											Pejabat PERKESO Sarikei
										
											Pejabat PERKESO Segamat
										
											Pejabat PERKESO Serian
										
											Pejabat PERKESO Sibu
										
											Pejabat PERKESO Sri Aman
										
											Pejabat PERKESO Sri Manjung
										
											Pejabat PERKESO Sungai Petani
										
											Pejabat PERKESO Taiping
										
											Pejabat PERKESO Tanjung Karang
										
											Pejabat PERKESO Tapah
										
											Pejabat PERKESO Tawau
										
											Pejabat PERKESO Teluk Intan
										
											Pejabat PERKESO Temerloh
										
									')]})
	at com.kms.katalon.core.keyword.internal.KeywordMain.stepFailed(KeywordMain.groovy:36)
	at com.kms.katalon.core.webui.keyword.internal.WebUIKeywordMain.stepFailed(WebUIKeywordMain.groovy:65)
	at com.kms.katalon.core.webui.keyword.internal.WebUIKeywordMain.runKeyword(WebUIKeywordMain.groovy:27)
	at com.kms.katalon.core.webui.keyword.builtin.ClickKeyword.click(ClickKeyword.groovy:86)
	at com.kms.katalon.core.webui.keyword.builtin.ClickKeyword.execute(ClickKeyword.groovy:67)
	at com.kms.katalon.core.keyword.internal.KeywordExecutor.executeKeywordForPlatform(KeywordExecutor.groovy:53)
	at com.kms.katalon.core.webui.keyword.WebUiBuiltInKeywords.click(WebUiBuiltInKeywords.groovy:616)
	at com.kms.katalon.core.webui.keyword.WebUiBuiltInKeywords$click$3.call(Unknown Source)
	at GN_Application_Reg.run(GN_Application_Reg:51)
	at com.kms.katalon.core.main.ScriptEngine.run(ScriptEngine.java:194)
	at com.kms.katalon.core.main.ScriptEngine.runScriptAsRawText(ScriptEngine.java:119)
	at com.kms.katalon.core.main.TestCaseExecutor.runScript(TestCaseExecutor.java:328)
	at com.kms.katalon.core.main.TestCaseExecutor.doExecute(TestCaseExecutor.java:319)
	at com.kms.katalon.core.main.TestCaseExecutor.processExecutionPhase(TestCaseExecutor.java:298)
	at com.kms.katalon.core.main.TestCaseExecutor.accessMainPhase(TestCaseExecutor.java:290)
	at com.kms.katalon.core.main.TestCaseExecutor.execute(TestCaseExecutor.java:224)
	at com.kms.katalon.core.main.TestCaseMain.runTestCase(TestCaseMain.java:106)
	at com.kms.katalon.core.keyword.builtin.CallTestCaseKeyword$_callTestCase_closure1.doCall(CallTestCaseKeyword.groovy:59)
	at com.kms.katalon.core.keyword.builtin.CallTestCaseKeyword$_callTestCase_closure1.call(CallTestCaseKeyword.groovy)
	at com.kms.katalon.core.keyword.internal.KeywordMain.runKeyword(KeywordMain.groovy:54)
	at com.kms.katalon.core.keyword.builtin.CallTestCaseKeyword.callTestCase(CallTestCaseKeyword.groovy:80)
	at com.kms.katalon.core.keyword.builtin.CallTestCaseKeyword.execute(CallTestCaseKeyword.groovy:44)
	at com.kms.katalon.core.keyword.internal.KeywordExecutor.executeKeywordForPlatform(KeywordExecutor.groovy:53)
	at com.kms.katalon.core.keyword.BuiltinKeywords.callTestCase(BuiltinKeywords.groovy:334)
	at GN_Submit Form 7_End to End.run(GN_Submit Form 7_End to End:16)
	at com.kms.katalon.core.main.ScriptEngine.run(ScriptEngine.java:194)
	at com.kms.katalon.core.main.ScriptEngine.runScriptAsRawText(ScriptEngine.java:119)
	at com.kms.katalon.core.main.TestCaseExecutor.runScript(TestCaseExecutor.java:328)
	at com.kms.katalon.core.main.TestCaseExecutor.doExecute(TestCaseExecutor.java:319)
	at com.kms.katalon.core.main.TestCaseExecutor.processExecutionPhase(TestCaseExecutor.java:298)
	at com.kms.katalon.core.main.TestCaseExecutor.accessMainPhase(TestCaseExecutor.java:290)
	at com.kms.katalon.core.main.TestCaseExecutor.execute(TestCaseExecutor.java:224)
	at com.kms.katalon.core.main.TestCaseMain.runTestCase(TestCaseMain.java:106)
	at com.kms.katalon.core.keyword.builtin.CallTestCaseKeyword$_callTestCase_closure1.doCall(CallTestCaseKeyword.groovy:59)
	at com.kms.katalon.core.keyword.builtin.CallTestCaseKeyword$_callTestCase_closure1.call(CallTestCaseKeyword.groovy)
	at com.kms.katalon.core.keyword.internal.KeywordMain.runKeyword(KeywordMain.groovy:54)
	at com.kms.katalon.core.keyword.builtin.CallTestCaseKeyword.callTestCase(CallTestCaseKeyword.groovy:80)
	at com.kms.katalon.core.keyword.builtin.CallTestCaseKeyword.execute(CallTestCaseKeyword.groovy:44)
	at com.kms.katalon.core.keyword.internal.KeywordExecutor.executeKeywordForPlatform(KeywordExecutor.groovy:53)
	at com.kms.katalon.core.keyword.BuiltinKeywords.callTestCase(BuiltinKeywords.groovy:334)
	at Submit Form 7 (General) - Case Reassignment Same Branch EIO.run(Submit Form 7 (General) - Case Reassignment Same Branch EIO:16)
	at com.kms.katalon.core.main.ScriptEngine.run(ScriptEngine.java:194)
	at com.kms.katalon.core.main.ScriptEngine.runScriptAsRawText(ScriptEngine.java:119)
	at com.kms.katalon.core.main.TestCaseExecutor.runScript(TestCaseExecutor.java:328)
	at com.kms.katalon.core.main.TestCaseExecutor.doExecute(TestCaseExecutor.java:319)
	at com.kms.katalon.core.main.TestCaseExecutor.processExecutionPhase(TestCaseExecutor.java:298)
	at com.kms.katalon.core.main.TestCaseExecutor.accessMainPhase(TestCaseExecutor.java:290)
	at com.kms.katalon.core.main.TestCaseExecutor.execute(TestCaseExecutor.java:224)
	at com.kms.katalon.core.main.TestSuiteExecutor.accessTestCaseMainPhase(TestSuiteExecutor.java:129)
	at com.kms.katalon.core.main.TestSuiteExecutor.accessTestSuiteMainPhase(TestSuiteExecutor.java:112)
	at com.kms.katalon.core.main.TestSuiteExecutor.execute(TestSuiteExecutor.java:81)
	at com.kms.katalon.core.main.TestCaseMain.startTestSuite(TestCaseMain.java:149)
	at com.kms.katalon.core.main.TestCaseMain$startTestSuite$0.call(Unknown Source)
	at TempTestSuite1550652525208.run(TempTestSuite1550652525208.groovy:36)]]></system-err>
      </testcase>
      <testcase name="Test Cases/All TC/Arranged/0. Full Flow/Submit Form 7 (General) - Case Reassignment Cross Branch SEIO" classname="Test Cases/All TC/Arranged/0. Full Flow/Submit Form 7 (General) - Case Reassignment Cross Branch SEIO" status="FAILED">
         <failure type="FAILED" message="Test Cases/All TC/Arranged/0. Full Flow/Submit Form 7 (General) - Case Reassignment Cross Branch SEIO FAILED.
Reason:
com.kms.katalon.core.exception.StepFailedException: Unable to click on object 'Object Repository/ZhiHao/General_User_Submit_form 7/GN_Application_Reg/Page_PERKESO/select_pejabat_perkeso' (Root cause: org.openqa.selenium.UnhandledAlertException: unexpected alert open: {Alert text : HARAP MAKLUM

PERMOHONAN FAEDAH SIP TELAH DIBUAT BAGI PEKERJAAN INI. MOHON MENYEMAK SEMULA STATUS PERMOHONAN BAGI TUNTUTAN FAEDAH TERSEBUT}
  (Session info: chrome=72.0.3626.109)
  (Driver info: chromedriver=2.43.600210 (68dcf5eebde37173d4027fa8635e332711d2874a),platform=Windows NT 6.1.7601 SP1 x86_64) (WARNING: The server did not provide any stacktrace information)
Command duration or timeout: 0 milliseconds: null
Build info: version: '3.7.1', revision: '8a0099a', time: '2017-11-06T21:07:36.161Z'
System info: host: 'WIN7TEST02', ip: '10.20.3.72', os.name: 'Windows 7', os.arch: 'amd64', os.version: '6.1', java.version: '1.8.0_181'
Driver info: com.kms.katalon.selenium.driver.CChromeDriver
Capabilities {acceptInsecureCerts: false, acceptSslCerts: false, applicationCacheEnabled: false, browserConnectionEnabled: false, browserName: chrome, chrome: {chromedriverVersion: 2.43.600210 (68dcf5eebde371..., userDataDir: C:\Users\Admin\AppData\Loca...}, cssSelectorsEnabled: true, databaseEnabled: false, goog:chromeOptions: {debuggerAddress: localhost:56594}, handlesAlerts: true, hasTouchScreen: false, javascriptEnabled: true, locationContextEnabled: true, mobileEmulationEnabled: false, nativeEvents: true, networkConnectionEnabled: false, pageLoadStrategy: normal, platform: XP, platformName: XP, rotatable: false, setWindowRect: true, takesHeapSnapshot: true, takesScreenshot: true, unexpectedAlertBehaviour: , unhandledPromptBehavior: , version: 72.0.3626.109, webStorageEnabled: true}
Session ID: 033510b442bf9b43fd96d9c99c8460af
*** Element info: {Using=xpath, value=//select[@id = 'perkesoOfficeId' and @name = 'perkesoOfficeId' and (text() = '
										--Sila Pilih--
										
											Pejabat PERKESO Batu Pahat
										
											Pejabat PERKESO Beaufort
										
											Pejabat PERKESO Bentong
										
											Pejabat PERKESO Bintulu
										
											Pejabat PERKESO Dungun
										
											Pejabat PERKESO Georgetown
										
											Pejabat PERKESO Kajang
										
											Pejabat PERKESO Kapit
										
											Pejabat PERKESO Kemaman
										
											Pejabat PERKESO Keningau
										
											Pejabat PERKESO Klang
										
											Pejabat PERKESO Kluang
										
											Pejabat PERKESO Kota Marudu
										
											Pejabat PERKESO Kuala Kangsar
										
											Pejabat PERKESO Kuala Krai
										
											Pejabat PERKESO Kuala Pilah
										
											Pejabat PERKESO Kulim
										
											Pejabat PERKESO Labuan
										
											Pejabat PERKESO Lahad Datu
										
											Pejabat PERKESO Langkawi
										
											Pejabat PERKESO Limbang
										
											Pejabat PERKESO Miri
										
											Pejabat PERKESO Muar
										
											Pejabat PERKESO Mukah
										
											Pejabat PERKESO Negeri Johor
										
											Pejabat PERKESO Negeri Kedah
										
											Pejabat PERKESO Negeri Kelantan
										
											Pejabat PERKESO Negeri Melaka
										
											Pejabat PERKESO Negeri Pahang
										
											Pejabat PERKESO Negeri Perak
										
											Pejabat PERKESO Negeri Perlis
										
											Pejabat PERKESO Negeri Pulau Pinang
										
											Pejabat PERKESO Negeri Sabah
										
											Pejabat PERKESO Negeri Sarawak
										
											Pejabat PERKESO Negeri Selangor
										
											Pejabat PERKESO Negeri Sembilan
										
											Pejabat PERKESO Negeri Terengganu
										
											Pejabat PERKESO Negeri W.P Kuala Lumpur
										
											Pejabat PERKESO Rawang
										
											Pejabat PERKESO Sandakan
										
											Pejabat PERKESO Sarikei
										
											Pejabat PERKESO Segamat
										
											Pejabat PERKESO Serian
										
											Pejabat PERKESO Sibu
										
											Pejabat PERKESO Sri Aman
										
											Pejabat PERKESO Sri Manjung
										
											Pejabat PERKESO Sungai Petani
										
											Pejabat PERKESO Taiping
										
											Pejabat PERKESO Tanjung Karang
										
											Pejabat PERKESO Tapah
										
											Pejabat PERKESO Tawau
										
											Pejabat PERKESO Teluk Intan
										
											Pejabat PERKESO Temerloh
										
									' or . = '
										--Sila Pilih--
										
											Pejabat PERKESO Batu Pahat
										
											Pejabat PERKESO Beaufort
										
											Pejabat PERKESO Bentong
										
											Pejabat PERKESO Bintulu
										
											Pejabat PERKESO Dungun
										
											Pejabat PERKESO Georgetown
										
											Pejabat PERKESO Kajang
										
											Pejabat PERKESO Kapit
										
											Pejabat PERKESO Kemaman
										
											Pejabat PERKESO Keningau
										
											Pejabat PERKESO Klang
										
											Pejabat PERKESO Kluang
										
											Pejabat PERKESO Kota Marudu
										
											Pejabat PERKESO Kuala Kangsar
										
											Pejabat PERKESO Kuala Krai
										
											Pejabat PERKESO Kuala Pilah
										
											Pejabat PERKESO Kulim
										
											Pejabat PERKESO Labuan
										
											Pejabat PERKESO Lahad Datu
										
											Pejabat PERKESO Langkawi
										
											Pejabat PERKESO Limbang
										
											Pejabat PERKESO Miri
										
											Pejabat PERKESO Muar
										
											Pejabat PERKESO Mukah
										
											Pejabat PERKESO Negeri Johor
										
											Pejabat PERKESO Negeri Kedah
										
											Pejabat PERKESO Negeri Kelantan
										
											Pejabat PERKESO Negeri Melaka
										
											Pejabat PERKESO Negeri Pahang
										
											Pejabat PERKESO Negeri Perak
										
											Pejabat PERKESO Negeri Perlis
										
											Pejabat PERKESO Negeri Pulau Pinang
										
											Pejabat PERKESO Negeri Sabah
										
											Pejabat PERKESO Negeri Sarawak
										
											Pejabat PERKESO Negeri Selangor
										
											Pejabat PERKESO Negeri Sembilan
										
											Pejabat PERKESO Negeri Terengganu
										
											Pejabat PERKESO Negeri W.P Kuala Lumpur
										
											Pejabat PERKESO Rawang
										
											Pejabat PERKESO Sandakan
										
											Pejabat PERKESO Sarikei
										
											Pejabat PERKESO Segamat
										
											Pejabat PERKESO Serian
										
											Pejabat PERKESO Sibu
										
											Pejabat PERKESO Sri Aman
										
											Pejabat PERKESO Sri Manjung
										
											Pejabat PERKESO Sungai Petani
										
											Pejabat PERKESO Taiping
										
											Pejabat PERKESO Tanjung Karang
										
											Pejabat PERKESO Tapah
										
											Pejabat PERKESO Tawau
										
											Pejabat PERKESO Teluk Intan
										
											Pejabat PERKESO Temerloh
										
									')]})
	at com.kms.katalon.core.keyword.internal.KeywordMain.stepFailed(KeywordMain.groovy:36)
	at com.kms.katalon.core.webui.keyword.internal.WebUIKeywordMain.stepFailed(WebUIKeywordMain.groovy:65)
	at com.kms.katalon.core.webui.keyword.internal.WebUIKeywordMain.runKeyword(WebUIKeywordMain.groovy:27)
	at com.kms.katalon.core.webui.keyword.builtin.ClickKeyword.click(ClickKeyword.groovy:86)
	at com.kms.katalon.core.webui.keyword.builtin.ClickKeyword.execute(ClickKeyword.groovy:67)
	at com.kms.katalon.core.keyword.internal.KeywordExecutor.executeKeywordForPlatform(KeywordExecutor.groovy:53)
	at com.kms.katalon.core.webui.keyword.WebUiBuiltInKeywords.click(WebUiBuiltInKeywords.groovy:616)
	at com.kms.katalon.core.webui.keyword.WebUiBuiltInKeywords$click$3.call(Unknown Source)
	at GN_Application_Reg.run(GN_Application_Reg:51)
	at com.kms.katalon.core.main.ScriptEngine.run(ScriptEngine.java:194)
	at com.kms.katalon.core.main.ScriptEngine.runScriptAsRawText(ScriptEngine.java:119)
	at com.kms.katalon.core.main.TestCaseExecutor.runScript(TestCaseExecutor.java:328)
	at com.kms.katalon.core.main.TestCaseExecutor.doExecute(TestCaseExecutor.java:319)
	at com.kms.katalon.core.main.TestCaseExecutor.processExecutionPhase(TestCaseExecutor.java:298)
	at com.kms.katalon.core.main.TestCaseExecutor.accessMainPhase(TestCaseExecutor.java:290)
	at com.kms.katalon.core.main.TestCaseExecutor.execute(TestCaseExecutor.java:224)
	at com.kms.katalon.core.main.TestCaseMain.runTestCase(TestCaseMain.java:106)
	at com.kms.katalon.core.keyword.builtin.CallTestCaseKeyword$_callTestCase_closure1.doCall(CallTestCaseKeyword.groovy:59)
	at com.kms.katalon.core.keyword.builtin.CallTestCaseKeyword$_callTestCase_closure1.call(CallTestCaseKeyword.groovy)
	at com.kms.katalon.core.keyword.internal.KeywordMain.runKeyword(KeywordMain.groovy:54)
	at com.kms.katalon.core.keyword.builtin.CallTestCaseKeyword.callTestCase(CallTestCaseKeyword.groovy:80)
	at com.kms.katalon.core.keyword.builtin.CallTestCaseKeyword.execute(CallTestCaseKeyword.groovy:44)
	at com.kms.katalon.core.keyword.internal.KeywordExecutor.executeKeywordForPlatform(KeywordExecutor.groovy:53)
	at com.kms.katalon.core.keyword.BuiltinKeywords.callTestCase(BuiltinKeywords.groovy:334)
	at GN_Submit Form 7_End to End.run(GN_Submit Form 7_End to End:16)
	at com.kms.katalon.core.main.ScriptEngine.run(ScriptEngine.java:194)
	at com.kms.katalon.core.main.ScriptEngine.runScriptAsRawText(ScriptEngine.java:119)
	at com.kms.katalon.core.main.TestCaseExecutor.runScript(TestCaseExecutor.java:328)
	at com.kms.katalon.core.main.TestCaseExecutor.doExecute(TestCaseExecutor.java:319)
	at com.kms.katalon.core.main.TestCaseExecutor.processExecutionPhase(TestCaseExecutor.java:298)
	at com.kms.katalon.core.main.TestCaseExecutor.accessMainPhase(TestCaseExecutor.java:290)
	at com.kms.katalon.core.main.TestCaseExecutor.execute(TestCaseExecutor.java:224)
	at com.kms.katalon.core.main.TestCaseMain.runTestCase(TestCaseMain.java:106)
	at com.kms.katalon.core.keyword.builtin.CallTestCaseKeyword$_callTestCase_closure1.doCall(CallTestCaseKeyword.groovy:59)
	at com.kms.katalon.core.keyword.builtin.CallTestCaseKeyword$_callTestCase_closure1.call(CallTestCaseKeyword.groovy)
	at com.kms.katalon.core.keyword.internal.KeywordMain.runKeyword(KeywordMain.groovy:54)
	at com.kms.katalon.core.keyword.builtin.CallTestCaseKeyword.callTestCase(CallTestCaseKeyword.groovy:80)
	at com.kms.katalon.core.keyword.builtin.CallTestCaseKeyword.execute(CallTestCaseKeyword.groovy:44)
	at com.kms.katalon.core.keyword.internal.KeywordExecutor.executeKeywordForPlatform(KeywordExecutor.groovy:53)
	at com.kms.katalon.core.keyword.BuiltinKeywords.callTestCase(BuiltinKeywords.groovy:334)
	at Submit Form 7 (General) - Case Reassignment Cross Branch SEIO.run(Submit Form 7 (General) - Case Reassignment Cross Branch SEIO:16)
	at com.kms.katalon.core.main.ScriptEngine.run(ScriptEngine.java:194)
	at com.kms.katalon.core.main.ScriptEngine.runScriptAsRawText(ScriptEngine.java:119)
	at com.kms.katalon.core.main.TestCaseExecutor.runScript(TestCaseExecutor.java:328)
	at com.kms.katalon.core.main.TestCaseExecutor.doExecute(TestCaseExecutor.java:319)
	at com.kms.katalon.core.main.TestCaseExecutor.processExecutionPhase(TestCaseExecutor.java:298)
	at com.kms.katalon.core.main.TestCaseExecutor.accessMainPhase(TestCaseExecutor.java:290)
	at com.kms.katalon.core.main.TestCaseExecutor.execute(TestCaseExecutor.java:224)
	at com.kms.katalon.core.main.TestSuiteExecutor.accessTestCaseMainPhase(TestSuiteExecutor.java:129)
	at com.kms.katalon.core.main.TestSuiteExecutor.accessTestSuiteMainPhase(TestSuiteExecutor.java:112)
	at com.kms.katalon.core.main.TestSuiteExecutor.execute(TestSuiteExecutor.java:81)
	at com.kms.katalon.core.main.TestCaseMain.startTestSuite(TestCaseMain.java:149)
	at com.kms.katalon.core.main.TestCaseMain$startTestSuite$0.call(Unknown Source)
	at TempTestSuite1550652525208.run(TempTestSuite1550652525208.groovy:36)
"/>
         <system-out><![CDATA[2019-02-20 17:16:59 - [TEST_CASE][FAILED] - Test Cases/All TC/Arranged/0. Full Flow/Submit Form 7 (General) - Case Reassignment Cross Branch SEIO: Test Cases/All TC/Arranged/0. Full Flow/Submit Form 7 (General) - Case Reassignment Cross Branch SEIO FAILED.
Reason:
com.kms.katalon.core.exception.StepFailedException: Unable to click on object 'Object Repository/ZhiHao/General_User_Submit_form 7/GN_Application_Reg/Page_PERKESO/select_pejabat_perkeso' (Root cause: org.openqa.selenium.UnhandledAlertException: unexpected alert open: {Alert text : HARAP MAKLUM

PERMOHONAN FAEDAH SIP TELAH DIBUAT BAGI PEKERJAAN INI. MOHON MENYEMAK SEMULA STATUS PERMOHONAN BAGI TUNTUTAN FAEDAH TERSEBUT}
  (Session info: chrome=72.0.3626.109)
  (Driver info: chromedriver=2.43.600210 (68dcf5eebde37173d4027fa8635e332711d2874a),platform=Windows NT 6.1.7601 SP1 x86_64) (WARNING: The server did not provide any stacktrace information)
Command duration or timeout: 0 milliseconds: null
Build info: version: '3.7.1', revision: '8a0099a', time: '2017-11-06T21:07:36.161Z'
System info: host: 'WIN7TEST02', ip: '10.20.3.72', os.name: 'Windows 7', os.arch: 'amd64', os.version: '6.1', java.version: '1.8.0_181'
Driver info: com.kms.katalon.selenium.driver.CChromeDriver
Capabilities {acceptInsecureCerts: false, acceptSslCerts: false, applicationCacheEnabled: false, browserConnectionEnabled: false, browserName: chrome, chrome: {chromedriverVersion: 2.43.600210 (68dcf5eebde371..., userDataDir: C:\Users\Admin\AppData\Loca...}, cssSelectorsEnabled: true, databaseEnabled: false, goog:chromeOptions: {debuggerAddress: localhost:56594}, handlesAlerts: true, hasTouchScreen: false, javascriptEnabled: true, locationContextEnabled: true, mobileEmulationEnabled: false, nativeEvents: true, networkConnectionEnabled: false, pageLoadStrategy: normal, platform: XP, platformName: XP, rotatable: false, setWindowRect: true, takesHeapSnapshot: true, takesScreenshot: true, unexpectedAlertBehaviour: , unhandledPromptBehavior: , version: 72.0.3626.109, webStorageEnabled: true}
Session ID: 033510b442bf9b43fd96d9c99c8460af
*** Element info: {Using=xpath, value=//select[@id = 'perkesoOfficeId' and @name = 'perkesoOfficeId' and (text() = '
										--Sila Pilih--
										
											Pejabat PERKESO Batu Pahat
										
											Pejabat PERKESO Beaufort
										
											Pejabat PERKESO Bentong
										
											Pejabat PERKESO Bintulu
										
											Pejabat PERKESO Dungun
										
											Pejabat PERKESO Georgetown
										
											Pejabat PERKESO Kajang
										
											Pejabat PERKESO Kapit
										
											Pejabat PERKESO Kemaman
										
											Pejabat PERKESO Keningau
										
											Pejabat PERKESO Klang
										
											Pejabat PERKESO Kluang
										
											Pejabat PERKESO Kota Marudu
										
											Pejabat PERKESO Kuala Kangsar
										
											Pejabat PERKESO Kuala Krai
										
											Pejabat PERKESO Kuala Pilah
										
											Pejabat PERKESO Kulim
										
											Pejabat PERKESO Labuan
										
											Pejabat PERKESO Lahad Datu
										
											Pejabat PERKESO Langkawi
										
											Pejabat PERKESO Limbang
										
											Pejabat PERKESO Miri
										
											Pejabat PERKESO Muar
										
											Pejabat PERKESO Mukah
										
											Pejabat PERKESO Negeri Johor
										
											Pejabat PERKESO Negeri Kedah
										
											Pejabat PERKESO Negeri Kelantan
										
											Pejabat PERKESO Negeri Melaka
										
											Pejabat PERKESO Negeri Pahang
										
											Pejabat PERKESO Negeri Perak
										
											Pejabat PERKESO Negeri Perlis
										
											Pejabat PERKESO Negeri Pulau Pinang
										
											Pejabat PERKESO Negeri Sabah
										
											Pejabat PERKESO Negeri Sarawak
										
											Pejabat PERKESO Negeri Selangor
										
											Pejabat PERKESO Negeri Sembilan
										
											Pejabat PERKESO Negeri Terengganu
										
											Pejabat PERKESO Negeri W.P Kuala Lumpur
										
											Pejabat PERKESO Rawang
										
											Pejabat PERKESO Sandakan
										
											Pejabat PERKESO Sarikei
										
											Pejabat PERKESO Segamat
										
											Pejabat PERKESO Serian
										
											Pejabat PERKESO Sibu
										
											Pejabat PERKESO Sri Aman
										
											Pejabat PERKESO Sri Manjung
										
											Pejabat PERKESO Sungai Petani
										
											Pejabat PERKESO Taiping
										
											Pejabat PERKESO Tanjung Karang
										
											Pejabat PERKESO Tapah
										
											Pejabat PERKESO Tawau
										
											Pejabat PERKESO Teluk Intan
										
											Pejabat PERKESO Temerloh
										
									' or . = '
										--Sila Pilih--
										
											Pejabat PERKESO Batu Pahat
										
											Pejabat PERKESO Beaufort
										
											Pejabat PERKESO Bentong
										
											Pejabat PERKESO Bintulu
										
											Pejabat PERKESO Dungun
										
											Pejabat PERKESO Georgetown
										
											Pejabat PERKESO Kajang
										
											Pejabat PERKESO Kapit
										
											Pejabat PERKESO Kemaman
										
											Pejabat PERKESO Keningau
										
											Pejabat PERKESO Klang
										
											Pejabat PERKESO Kluang
										
											Pejabat PERKESO Kota Marudu
										
											Pejabat PERKESO Kuala Kangsar
										
											Pejabat PERKESO Kuala Krai
										
											Pejabat PERKESO Kuala Pilah
										
											Pejabat PERKESO Kulim
										
											Pejabat PERKESO Labuan
										
											Pejabat PERKESO Lahad Datu
										
											Pejabat PERKESO Langkawi
										
											Pejabat PERKESO Limbang
										
											Pejabat PERKESO Miri
										
											Pejabat PERKESO Muar
										
											Pejabat PERKESO Mukah
										
											Pejabat PERKESO Negeri Johor
										
											Pejabat PERKESO Negeri Kedah
										
											Pejabat PERKESO Negeri Kelantan
										
											Pejabat PERKESO Negeri Melaka
										
											Pejabat PERKESO Negeri Pahang
										
											Pejabat PERKESO Negeri Perak
										
											Pejabat PERKESO Negeri Perlis
										
											Pejabat PERKESO Negeri Pulau Pinang
										
											Pejabat PERKESO Negeri Sabah
										
											Pejabat PERKESO Negeri Sarawak
										
											Pejabat PERKESO Negeri Selangor
										
											Pejabat PERKESO Negeri Sembilan
										
											Pejabat PERKESO Negeri Terengganu
										
											Pejabat PERKESO Negeri W.P Kuala Lumpur
										
											Pejabat PERKESO Rawang
										
											Pejabat PERKESO Sandakan
										
											Pejabat PERKESO Sarikei
										
											Pejabat PERKESO Segamat
										
											Pejabat PERKESO Serian
										
											Pejabat PERKESO Sibu
										
											Pejabat PERKESO Sri Aman
										
											Pejabat PERKESO Sri Manjung
										
											Pejabat PERKESO Sungai Petani
										
											Pejabat PERKESO Taiping
										
											Pejabat PERKESO Tanjung Karang
										
											Pejabat PERKESO Tapah
										
											Pejabat PERKESO Tawau
										
											Pejabat PERKESO Teluk Intan
										
											Pejabat PERKESO Temerloh
										
									')]})
	at com.kms.katalon.core.keyword.internal.KeywordMain.stepFailed(KeywordMain.groovy:36)
	at com.kms.katalon.core.webui.keyword.internal.WebUIKeywordMain.stepFailed(WebUIKeywordMain.groovy:65)
	at com.kms.katalon.core.webui.keyword.internal.WebUIKeywordMain.runKeyword(WebUIKeywordMain.groovy:27)
	at com.kms.katalon.core.webui.keyword.builtin.ClickKeyword.click(ClickKeyword.groovy:86)
	at com.kms.katalon.core.webui.keyword.builtin.ClickKeyword.execute(ClickKeyword.groovy:67)
	at com.kms.katalon.core.keyword.internal.KeywordExecutor.executeKeywordForPlatform(KeywordExecutor.groovy:53)
	at com.kms.katalon.core.webui.keyword.WebUiBuiltInKeywords.click(WebUiBuiltInKeywords.groovy:616)
	at com.kms.katalon.core.webui.keyword.WebUiBuiltInKeywords$click$3.call(Unknown Source)
	at GN_Application_Reg.run(GN_Application_Reg:51)
	at com.kms.katalon.core.main.ScriptEngine.run(ScriptEngine.java:194)
	at com.kms.katalon.core.main.ScriptEngine.runScriptAsRawText(ScriptEngine.java:119)
	at com.kms.katalon.core.main.TestCaseExecutor.runScript(TestCaseExecutor.java:328)
	at com.kms.katalon.core.main.TestCaseExecutor.doExecute(TestCaseExecutor.java:319)
	at com.kms.katalon.core.main.TestCaseExecutor.processExecutionPhase(TestCaseExecutor.java:298)
	at com.kms.katalon.core.main.TestCaseExecutor.accessMainPhase(TestCaseExecutor.java:290)
	at com.kms.katalon.core.main.TestCaseExecutor.execute(TestCaseExecutor.java:224)
	at com.kms.katalon.core.main.TestCaseMain.runTestCase(TestCaseMain.java:106)
	at com.kms.katalon.core.keyword.builtin.CallTestCaseKeyword$_callTestCase_closure1.doCall(CallTestCaseKeyword.groovy:59)
	at com.kms.katalon.core.keyword.builtin.CallTestCaseKeyword$_callTestCase_closure1.call(CallTestCaseKeyword.groovy)
	at com.kms.katalon.core.keyword.internal.KeywordMain.runKeyword(KeywordMain.groovy:54)
	at com.kms.katalon.core.keyword.builtin.CallTestCaseKeyword.callTestCase(CallTestCaseKeyword.groovy:80)
	at com.kms.katalon.core.keyword.builtin.CallTestCaseKeyword.execute(CallTestCaseKeyword.groovy:44)
	at com.kms.katalon.core.keyword.internal.KeywordExecutor.executeKeywordForPlatform(KeywordExecutor.groovy:53)
	at com.kms.katalon.core.keyword.BuiltinKeywords.callTestCase(BuiltinKeywords.groovy:334)
	at GN_Submit Form 7_End to End.run(GN_Submit Form 7_End to End:16)
	at com.kms.katalon.core.main.ScriptEngine.run(ScriptEngine.java:194)
	at com.kms.katalon.core.main.ScriptEngine.runScriptAsRawText(ScriptEngine.java:119)
	at com.kms.katalon.core.main.TestCaseExecutor.runScript(TestCaseExecutor.java:328)
	at com.kms.katalon.core.main.TestCaseExecutor.doExecute(TestCaseExecutor.java:319)
	at com.kms.katalon.core.main.TestCaseExecutor.processExecutionPhase(TestCaseExecutor.java:298)
	at com.kms.katalon.core.main.TestCaseExecutor.accessMainPhase(TestCaseExecutor.java:290)
	at com.kms.katalon.core.main.TestCaseExecutor.execute(TestCaseExecutor.java:224)
	at com.kms.katalon.core.main.TestCaseMain.runTestCase(TestCaseMain.java:106)
	at com.kms.katalon.core.keyword.builtin.CallTestCaseKeyword$_callTestCase_closure1.doCall(CallTestCaseKeyword.groovy:59)
	at com.kms.katalon.core.keyword.builtin.CallTestCaseKeyword$_callTestCase_closure1.call(CallTestCaseKeyword.groovy)
	at com.kms.katalon.core.keyword.internal.KeywordMain.runKeyword(KeywordMain.groovy:54)
	at com.kms.katalon.core.keyword.builtin.CallTestCaseKeyword.callTestCase(CallTestCaseKeyword.groovy:80)
	at com.kms.katalon.core.keyword.builtin.CallTestCaseKeyword.execute(CallTestCaseKeyword.groovy:44)
	at com.kms.katalon.core.keyword.internal.KeywordExecutor.executeKeywordForPlatform(KeywordExecutor.groovy:53)
	at com.kms.katalon.core.keyword.BuiltinKeywords.callTestCase(BuiltinKeywords.groovy:334)
	at Submit Form 7 (General) - Case Reassignment Cross Branch SEIO.run(Submit Form 7 (General) - Case Reassignment Cross Branch SEIO:16)
	at com.kms.katalon.core.main.ScriptEngine.run(ScriptEngine.java:194)
	at com.kms.katalon.core.main.ScriptEngine.runScriptAsRawText(ScriptEngine.java:119)
	at com.kms.katalon.core.main.TestCaseExecutor.runScript(TestCaseExecutor.java:328)
	at com.kms.katalon.core.main.TestCaseExecutor.doExecute(TestCaseExecutor.java:319)
	at com.kms.katalon.core.main.TestCaseExecutor.processExecutionPhase(TestCaseExecutor.java:298)
	at com.kms.katalon.core.main.TestCaseExecutor.accessMainPhase(TestCaseExecutor.java:290)
	at com.kms.katalon.core.main.TestCaseExecutor.execute(TestCaseExecutor.java:224)
	at com.kms.katalon.core.main.TestSuiteExecutor.accessTestCaseMainPhase(TestSuiteExecutor.java:129)
	at com.kms.katalon.core.main.TestSuiteExecutor.accessTestSuiteMainPhase(TestSuiteExecutor.java:112)
	at com.kms.katalon.core.main.TestSuiteExecutor.execute(TestSuiteExecutor.java:81)
	at com.kms.katalon.core.main.TestCaseMain.startTestSuite(TestCaseMain.java:149)
	at com.kms.katalon.core.main.TestCaseMain$startTestSuite$0.call(Unknown Source)
	at TempTestSuite1550652525208.run(TempTestSuite1550652525208.groovy:36)


2019-02-20 17:16:59 - [TEST_STEP][FAILED] - callTestCase(findTestCase("All TC/Arranged/2. Segment/GN_Submit Form 7_End to End"), [:], STOP_ON_FAILURE): callTestCase(findTestCase("All TC/Arranged/2. Segment/GN_Submit Form 7_End to End"), [:], STOP_ON_FAILURE) FAILED.
Reason:
com.kms.katalon.core.exception.StepFailedException: Unable to click on object 'Object Repository/ZhiHao/General_User_Submit_form 7/GN_Application_Reg/Page_PERKESO/select_pejabat_perkeso' (Root cause: org.openqa.selenium.UnhandledAlertException: unexpected alert open: {Alert text : HARAP MAKLUM

PERMOHONAN FAEDAH SIP TELAH DIBUAT BAGI PEKERJAAN INI. MOHON MENYEMAK SEMULA STATUS PERMOHONAN BAGI TUNTUTAN FAEDAH TERSEBUT}
  (Session info: chrome=72.0.3626.109)
  (Driver info: chromedriver=2.43.600210 (68dcf5eebde37173d4027fa8635e332711d2874a),platform=Windows NT 6.1.7601 SP1 x86_64) (WARNING: The server did not provide any stacktrace information)
Command duration or timeout: 0 milliseconds: null
Build info: version: '3.7.1', revision: '8a0099a', time: '2017-11-06T21:07:36.161Z'
System info: host: 'WIN7TEST02', ip: '10.20.3.72', os.name: 'Windows 7', os.arch: 'amd64', os.version: '6.1', java.version: '1.8.0_181'
Driver info: com.kms.katalon.selenium.driver.CChromeDriver
Capabilities {acceptInsecureCerts: false, acceptSslCerts: false, applicationCacheEnabled: false, browserConnectionEnabled: false, browserName: chrome, chrome: {chromedriverVersion: 2.43.600210 (68dcf5eebde371..., userDataDir: C:\Users\Admin\AppData\Loca...}, cssSelectorsEnabled: true, databaseEnabled: false, goog:chromeOptions: {debuggerAddress: localhost:56594}, handlesAlerts: true, hasTouchScreen: false, javascriptEnabled: true, locationContextEnabled: true, mobileEmulationEnabled: false, nativeEvents: true, networkConnectionEnabled: false, pageLoadStrategy: normal, platform: XP, platformName: XP, rotatable: false, setWindowRect: true, takesHeapSnapshot: true, takesScreenshot: true, unexpectedAlertBehaviour: , unhandledPromptBehavior: , version: 72.0.3626.109, webStorageEnabled: true}
Session ID: 033510b442bf9b43fd96d9c99c8460af
*** Element info: {Using=xpath, value=//select[@id = 'perkesoOfficeId' and @name = 'perkesoOfficeId' and (text() = '
										--Sila Pilih--
										
											Pejabat PERKESO Batu Pahat
										
											Pejabat PERKESO Beaufort
										
											Pejabat PERKESO Bentong
										
											Pejabat PERKESO Bintulu
										
											Pejabat PERKESO Dungun
										
											Pejabat PERKESO Georgetown
										
											Pejabat PERKESO Kajang
										
											Pejabat PERKESO Kapit
										
											Pejabat PERKESO Kemaman
										
											Pejabat PERKESO Keningau
										
											Pejabat PERKESO Klang
										
											Pejabat PERKESO Kluang
										
											Pejabat PERKESO Kota Marudu
										
											Pejabat PERKESO Kuala Kangsar
										
											Pejabat PERKESO Kuala Krai
										
											Pejabat PERKESO Kuala Pilah
										
											Pejabat PERKESO Kulim
										
											Pejabat PERKESO Labuan
										
											Pejabat PERKESO Lahad Datu
										
											Pejabat PERKESO Langkawi
										
											Pejabat PERKESO Limbang
										
											Pejabat PERKESO Miri
										
											Pejabat PERKESO Muar
										
											Pejabat PERKESO Mukah
										
											Pejabat PERKESO Negeri Johor
										
											Pejabat PERKESO Negeri Kedah
										
											Pejabat PERKESO Negeri Kelantan
										
											Pejabat PERKESO Negeri Melaka
										
											Pejabat PERKESO Negeri Pahang
										
											Pejabat PERKESO Negeri Perak
										
											Pejabat PERKESO Negeri Perlis
										
											Pejabat PERKESO Negeri Pulau Pinang
										
											Pejabat PERKESO Negeri Sabah
										
											Pejabat PERKESO Negeri Sarawak
										
											Pejabat PERKESO Negeri Selangor
										
											Pejabat PERKESO Negeri Sembilan
										
											Pejabat PERKESO Negeri Terengganu
										
											Pejabat PERKESO Negeri W.P Kuala Lumpur
										
											Pejabat PERKESO Rawang
										
											Pejabat PERKESO Sandakan
										
											Pejabat PERKESO Sarikei
										
											Pejabat PERKESO Segamat
										
											Pejabat PERKESO Serian
										
											Pejabat PERKESO Sibu
										
											Pejabat PERKESO Sri Aman
										
											Pejabat PERKESO Sri Manjung
										
											Pejabat PERKESO Sungai Petani
										
											Pejabat PERKESO Taiping
										
											Pejabat PERKESO Tanjung Karang
										
											Pejabat PERKESO Tapah
										
											Pejabat PERKESO Tawau
										
											Pejabat PERKESO Teluk Intan
										
											Pejabat PERKESO Temerloh
										
									' or . = '
										--Sila Pilih--
										
											Pejabat PERKESO Batu Pahat
										
											Pejabat PERKESO Beaufort
										
											Pejabat PERKESO Bentong
										
											Pejabat PERKESO Bintulu
										
											Pejabat PERKESO Dungun
										
											Pejabat PERKESO Georgetown
										
											Pejabat PERKESO Kajang
										
											Pejabat PERKESO Kapit
										
											Pejabat PERKESO Kemaman
										
											Pejabat PERKESO Keningau
										
											Pejabat PERKESO Klang
										
											Pejabat PERKESO Kluang
										
											Pejabat PERKESO Kota Marudu
										
											Pejabat PERKESO Kuala Kangsar
										
											Pejabat PERKESO Kuala Krai
										
											Pejabat PERKESO Kuala Pilah
										
											Pejabat PERKESO Kulim
										
											Pejabat PERKESO Labuan
										
											Pejabat PERKESO Lahad Datu
										
											Pejabat PERKESO Langkawi
										
											Pejabat PERKESO Limbang
										
											Pejabat PERKESO Miri
										
											Pejabat PERKESO Muar
										
											Pejabat PERKESO Mukah
										
											Pejabat PERKESO Negeri Johor
										
											Pejabat PERKESO Negeri Kedah
										
											Pejabat PERKESO Negeri Kelantan
										
											Pejabat PERKESO Negeri Melaka
										
											Pejabat PERKESO Negeri Pahang
										
											Pejabat PERKESO Negeri Perak
										
											Pejabat PERKESO Negeri Perlis
										
											Pejabat PERKESO Negeri Pulau Pinang
										
											Pejabat PERKESO Negeri Sabah
										
											Pejabat PERKESO Negeri Sarawak
										
											Pejabat PERKESO Negeri Selangor
										
											Pejabat PERKESO Negeri Sembilan
										
											Pejabat PERKESO Negeri Terengganu
										
											Pejabat PERKESO Negeri W.P Kuala Lumpur
										
											Pejabat PERKESO Rawang
										
											Pejabat PERKESO Sandakan
										
											Pejabat PERKESO Sarikei
										
											Pejabat PERKESO Segamat
										
											Pejabat PERKESO Serian
										
											Pejabat PERKESO Sibu
										
											Pejabat PERKESO Sri Aman
										
											Pejabat PERKESO Sri Manjung
										
											Pejabat PERKESO Sungai Petani
										
											Pejabat PERKESO Taiping
										
											Pejabat PERKESO Tanjung Karang
										
											Pejabat PERKESO Tapah
										
											Pejabat PERKESO Tawau
										
											Pejabat PERKESO Teluk Intan
										
											Pejabat PERKESO Temerloh
										
									')]})
	at com.kms.katalon.core.keyword.internal.KeywordMain.stepFailed(KeywordMain.groovy:36)
	at com.kms.katalon.core.webui.keyword.internal.WebUIKeywordMain.stepFailed(WebUIKeywordMain.groovy:65)
	at com.kms.katalon.core.webui.keyword.internal.WebUIKeywordMain.runKeyword(WebUIKeywordMain.groovy:27)
	at com.kms.katalon.core.webui.keyword.builtin.ClickKeyword.click(ClickKeyword.groovy:86)
	at com.kms.katalon.core.webui.keyword.builtin.ClickKeyword.execute(ClickKeyword.groovy:67)
	at com.kms.katalon.core.keyword.internal.KeywordExecutor.executeKeywordForPlatform(KeywordExecutor.groovy:53)
	at com.kms.katalon.core.webui.keyword.WebUiBuiltInKeywords.click(WebUiBuiltInKeywords.groovy:616)
	at com.kms.katalon.core.webui.keyword.WebUiBuiltInKeywords$click$3.call(Unknown Source)
	at GN_Application_Reg.run(GN_Application_Reg:51)
	at com.kms.katalon.core.main.ScriptEngine.run(ScriptEngine.java:194)
	at com.kms.katalon.core.main.ScriptEngine.runScriptAsRawText(ScriptEngine.java:119)
	at com.kms.katalon.core.main.TestCaseExecutor.runScript(TestCaseExecutor.java:328)
	at com.kms.katalon.core.main.TestCaseExecutor.doExecute(TestCaseExecutor.java:319)
	at com.kms.katalon.core.main.TestCaseExecutor.processExecutionPhase(TestCaseExecutor.java:298)
	at com.kms.katalon.core.main.TestCaseExecutor.accessMainPhase(TestCaseExecutor.java:290)
	at com.kms.katalon.core.main.TestCaseExecutor.execute(TestCaseExecutor.java:224)
	at com.kms.katalon.core.main.TestCaseMain.runTestCase(TestCaseMain.java:106)
	at com.kms.katalon.core.keyword.builtin.CallTestCaseKeyword$_callTestCase_closure1.doCall(CallTestCaseKeyword.groovy:59)
	at com.kms.katalon.core.keyword.builtin.CallTestCaseKeyword$_callTestCase_closure1.call(CallTestCaseKeyword.groovy)
	at com.kms.katalon.core.keyword.internal.KeywordMain.runKeyword(KeywordMain.groovy:54)
	at com.kms.katalon.core.keyword.builtin.CallTestCaseKeyword.callTestCase(CallTestCaseKeyword.groovy:80)
	at com.kms.katalon.core.keyword.builtin.CallTestCaseKeyword.execute(CallTestCaseKeyword.groovy:44)
	at com.kms.katalon.core.keyword.internal.KeywordExecutor.executeKeywordForPlatform(KeywordExecutor.groovy:53)
	at com.kms.katalon.core.keyword.BuiltinKeywords.callTestCase(BuiltinKeywords.groovy:334)
	at GN_Submit Form 7_End to End.run(GN_Submit Form 7_End to End:16)
	at com.kms.katalon.core.main.ScriptEngine.run(ScriptEngine.java:194)
	at com.kms.katalon.core.main.ScriptEngine.runScriptAsRawText(ScriptEngine.java:119)
	at com.kms.katalon.core.main.TestCaseExecutor.runScript(TestCaseExecutor.java:328)
	at com.kms.katalon.core.main.TestCaseExecutor.doExecute(TestCaseExecutor.java:319)
	at com.kms.katalon.core.main.TestCaseExecutor.processExecutionPhase(TestCaseExecutor.java:298)
	at com.kms.katalon.core.main.TestCaseExecutor.accessMainPhase(TestCaseExecutor.java:290)
	at com.kms.katalon.core.main.TestCaseExecutor.execute(TestCaseExecutor.java:224)
	at com.kms.katalon.core.main.TestCaseMain.runTestCase(TestCaseMain.java:106)
	at com.kms.katalon.core.keyword.builtin.CallTestCaseKeyword$_callTestCase_closure1.doCall(CallTestCaseKeyword.groovy:59)
	at com.kms.katalon.core.keyword.builtin.CallTestCaseKeyword$_callTestCase_closure1.call(CallTestCaseKeyword.groovy)
	at com.kms.katalon.core.keyword.internal.KeywordMain.runKeyword(KeywordMain.groovy:54)
	at com.kms.katalon.core.keyword.builtin.CallTestCaseKeyword.callTestCase(CallTestCaseKeyword.groovy:80)
	at com.kms.katalon.core.keyword.builtin.CallTestCaseKeyword.execute(CallTestCaseKeyword.groovy:44)
	at com.kms.katalon.core.keyword.internal.KeywordExecutor.executeKeywordForPlatform(KeywordExecutor.groovy:53)
	at com.kms.katalon.core.keyword.BuiltinKeywords.callTestCase(BuiltinKeywords.groovy:334)
	at Submit Form 7 (General) - Case Reassignment Cross Branch SEIO.run(Submit Form 7 (General) - Case Reassignment Cross Branch SEIO:16)
	at com.kms.katalon.core.main.ScriptEngine.run(ScriptEngine.java:194)
	at com.kms.katalon.core.main.ScriptEngine.runScriptAsRawText(ScriptEngine.java:119)
	at com.kms.katalon.core.main.TestCaseExecutor.runScript(TestCaseExecutor.java:328)
	at com.kms.katalon.core.main.TestCaseExecutor.doExecute(TestCaseExecutor.java:319)
	at com.kms.katalon.core.main.TestCaseExecutor.processExecutionPhase(TestCaseExecutor.java:298)
	at com.kms.katalon.core.main.TestCaseExecutor.accessMainPhase(TestCaseExecutor.java:290)
	at com.kms.katalon.core.main.TestCaseExecutor.execute(TestCaseExecutor.java:224)
	at com.kms.katalon.core.main.TestSuiteExecutor.accessTestCaseMainPhase(TestSuiteExecutor.java:129)
	at com.kms.katalon.core.main.TestSuiteExecutor.accessTestSuiteMainPhase(TestSuiteExecutor.java:112)
	at com.kms.katalon.core.main.TestSuiteExecutor.execute(TestSuiteExecutor.java:81)
	at com.kms.katalon.core.main.TestCaseMain.startTestSuite(TestCaseMain.java:149)
	at com.kms.katalon.core.main.TestCaseMain$startTestSuite$0.call(Unknown Source)
	at TempTestSuite1550652525208.run(TempTestSuite1550652525208.groovy:36)


2019-02-20 17:16:59 - [TEST_CASE][FAILED] - Test Cases/All TC/Arranged/2. Segment/GN_Submit Form 7_End to End: Test Cases/All TC/Arranged/2. Segment/GN_Submit Form 7_End to End FAILED.
Reason:
com.kms.katalon.core.exception.StepFailedException: Unable to click on object 'Object Repository/ZhiHao/General_User_Submit_form 7/GN_Application_Reg/Page_PERKESO/select_pejabat_perkeso' (Root cause: org.openqa.selenium.UnhandledAlertException: unexpected alert open: {Alert text : HARAP MAKLUM

PERMOHONAN FAEDAH SIP TELAH DIBUAT BAGI PEKERJAAN INI. MOHON MENYEMAK SEMULA STATUS PERMOHONAN BAGI TUNTUTAN FAEDAH TERSEBUT}
  (Session info: chrome=72.0.3626.109)
  (Driver info: chromedriver=2.43.600210 (68dcf5eebde37173d4027fa8635e332711d2874a),platform=Windows NT 6.1.7601 SP1 x86_64) (WARNING: The server did not provide any stacktrace information)
Command duration or timeout: 0 milliseconds: null
Build info: version: '3.7.1', revision: '8a0099a', time: '2017-11-06T21:07:36.161Z'
System info: host: 'WIN7TEST02', ip: '10.20.3.72', os.name: 'Windows 7', os.arch: 'amd64', os.version: '6.1', java.version: '1.8.0_181'
Driver info: com.kms.katalon.selenium.driver.CChromeDriver
Capabilities {acceptInsecureCerts: false, acceptSslCerts: false, applicationCacheEnabled: false, browserConnectionEnabled: false, browserName: chrome, chrome: {chromedriverVersion: 2.43.600210 (68dcf5eebde371..., userDataDir: C:\Users\Admin\AppData\Loca...}, cssSelectorsEnabled: true, databaseEnabled: false, goog:chromeOptions: {debuggerAddress: localhost:56594}, handlesAlerts: true, hasTouchScreen: false, javascriptEnabled: true, locationContextEnabled: true, mobileEmulationEnabled: false, nativeEvents: true, networkConnectionEnabled: false, pageLoadStrategy: normal, platform: XP, platformName: XP, rotatable: false, setWindowRect: true, takesHeapSnapshot: true, takesScreenshot: true, unexpectedAlertBehaviour: , unhandledPromptBehavior: , version: 72.0.3626.109, webStorageEnabled: true}
Session ID: 033510b442bf9b43fd96d9c99c8460af
*** Element info: {Using=xpath, value=//select[@id = 'perkesoOfficeId' and @name = 'perkesoOfficeId' and (text() = '
										--Sila Pilih--
										
											Pejabat PERKESO Batu Pahat
										
											Pejabat PERKESO Beaufort
										
											Pejabat PERKESO Bentong
										
											Pejabat PERKESO Bintulu
										
											Pejabat PERKESO Dungun
										
											Pejabat PERKESO Georgetown
										
											Pejabat PERKESO Kajang
										
											Pejabat PERKESO Kapit
										
											Pejabat PERKESO Kemaman
										
											Pejabat PERKESO Keningau
										
											Pejabat PERKESO Klang
										
											Pejabat PERKESO Kluang
										
											Pejabat PERKESO Kota Marudu
										
											Pejabat PERKESO Kuala Kangsar
										
											Pejabat PERKESO Kuala Krai
										
											Pejabat PERKESO Kuala Pilah
										
											Pejabat PERKESO Kulim
										
											Pejabat PERKESO Labuan
										
											Pejabat PERKESO Lahad Datu
										
											Pejabat PERKESO Langkawi
										
											Pejabat PERKESO Limbang
										
											Pejabat PERKESO Miri
										
											Pejabat PERKESO Muar
										
											Pejabat PERKESO Mukah
										
											Pejabat PERKESO Negeri Johor
										
											Pejabat PERKESO Negeri Kedah
										
											Pejabat PERKESO Negeri Kelantan
										
											Pejabat PERKESO Negeri Melaka
										
											Pejabat PERKESO Negeri Pahang
										
											Pejabat PERKESO Negeri Perak
										
											Pejabat PERKESO Negeri Perlis
										
											Pejabat PERKESO Negeri Pulau Pinang
										
											Pejabat PERKESO Negeri Sabah
										
											Pejabat PERKESO Negeri Sarawak
										
											Pejabat PERKESO Negeri Selangor
										
											Pejabat PERKESO Negeri Sembilan
										
											Pejabat PERKESO Negeri Terengganu
										
											Pejabat PERKESO Negeri W.P Kuala Lumpur
										
											Pejabat PERKESO Rawang
										
											Pejabat PERKESO Sandakan
										
											Pejabat PERKESO Sarikei
										
											Pejabat PERKESO Segamat
										
											Pejabat PERKESO Serian
										
											Pejabat PERKESO Sibu
										
											Pejabat PERKESO Sri Aman
										
											Pejabat PERKESO Sri Manjung
										
											Pejabat PERKESO Sungai Petani
										
											Pejabat PERKESO Taiping
										
											Pejabat PERKESO Tanjung Karang
										
											Pejabat PERKESO Tapah
										
											Pejabat PERKESO Tawau
										
											Pejabat PERKESO Teluk Intan
										
											Pejabat PERKESO Temerloh
										
									' or . = '
										--Sila Pilih--
										
											Pejabat PERKESO Batu Pahat
										
											Pejabat PERKESO Beaufort
										
											Pejabat PERKESO Bentong
										
											Pejabat PERKESO Bintulu
										
											Pejabat PERKESO Dungun
										
											Pejabat PERKESO Georgetown
										
											Pejabat PERKESO Kajang
										
											Pejabat PERKESO Kapit
										
											Pejabat PERKESO Kemaman
										
											Pejabat PERKESO Keningau
										
											Pejabat PERKESO Klang
										
											Pejabat PERKESO Kluang
										
											Pejabat PERKESO Kota Marudu
										
											Pejabat PERKESO Kuala Kangsar
										
											Pejabat PERKESO Kuala Krai
										
											Pejabat PERKESO Kuala Pilah
										
											Pejabat PERKESO Kulim
										
											Pejabat PERKESO Labuan
										
											Pejabat PERKESO Lahad Datu
										
											Pejabat PERKESO Langkawi
										
											Pejabat PERKESO Limbang
										
											Pejabat PERKESO Miri
										
											Pejabat PERKESO Muar
										
											Pejabat PERKESO Mukah
										
											Pejabat PERKESO Negeri Johor
										
											Pejabat PERKESO Negeri Kedah
										
											Pejabat PERKESO Negeri Kelantan
										
											Pejabat PERKESO Negeri Melaka
										
											Pejabat PERKESO Negeri Pahang
										
											Pejabat PERKESO Negeri Perak
										
											Pejabat PERKESO Negeri Perlis
										
											Pejabat PERKESO Negeri Pulau Pinang
										
											Pejabat PERKESO Negeri Sabah
										
											Pejabat PERKESO Negeri Sarawak
										
											Pejabat PERKESO Negeri Selangor
										
											Pejabat PERKESO Negeri Sembilan
										
											Pejabat PERKESO Negeri Terengganu
										
											Pejabat PERKESO Negeri W.P Kuala Lumpur
										
											Pejabat PERKESO Rawang
										
											Pejabat PERKESO Sandakan
										
											Pejabat PERKESO Sarikei
										
											Pejabat PERKESO Segamat
										
											Pejabat PERKESO Serian
										
											Pejabat PERKESO Sibu
										
											Pejabat PERKESO Sri Aman
										
											Pejabat PERKESO Sri Manjung
										
											Pejabat PERKESO Sungai Petani
										
											Pejabat PERKESO Taiping
										
											Pejabat PERKESO Tanjung Karang
										
											Pejabat PERKESO Tapah
										
											Pejabat PERKESO Tawau
										
											Pejabat PERKESO Teluk Intan
										
											Pejabat PERKESO Temerloh
										
									')]})
	at com.kms.katalon.core.keyword.internal.KeywordMain.stepFailed(KeywordMain.groovy:36)
	at com.kms.katalon.core.webui.keyword.internal.WebUIKeywordMain.stepFailed(WebUIKeywordMain.groovy:65)
	at com.kms.katalon.core.webui.keyword.internal.WebUIKeywordMain.runKeyword(WebUIKeywordMain.groovy:27)
	at com.kms.katalon.core.webui.keyword.builtin.ClickKeyword.click(ClickKeyword.groovy:86)
	at com.kms.katalon.core.webui.keyword.builtin.ClickKeyword.execute(ClickKeyword.groovy:67)
	at com.kms.katalon.core.keyword.internal.KeywordExecutor.executeKeywordForPlatform(KeywordExecutor.groovy:53)
	at com.kms.katalon.core.webui.keyword.WebUiBuiltInKeywords.click(WebUiBuiltInKeywords.groovy:616)
	at com.kms.katalon.core.webui.keyword.WebUiBuiltInKeywords$click$3.call(Unknown Source)
	at GN_Application_Reg.run(GN_Application_Reg:51)
	at com.kms.katalon.core.main.ScriptEngine.run(ScriptEngine.java:194)
	at com.kms.katalon.core.main.ScriptEngine.runScriptAsRawText(ScriptEngine.java:119)
	at com.kms.katalon.core.main.TestCaseExecutor.runScript(TestCaseExecutor.java:328)
	at com.kms.katalon.core.main.TestCaseExecutor.doExecute(TestCaseExecutor.java:319)
	at com.kms.katalon.core.main.TestCaseExecutor.processExecutionPhase(TestCaseExecutor.java:298)
	at com.kms.katalon.core.main.TestCaseExecutor.accessMainPhase(TestCaseExecutor.java:290)
	at com.kms.katalon.core.main.TestCaseExecutor.execute(TestCaseExecutor.java:224)
	at com.kms.katalon.core.main.TestCaseMain.runTestCase(TestCaseMain.java:106)
	at com.kms.katalon.core.keyword.builtin.CallTestCaseKeyword$_callTestCase_closure1.doCall(CallTestCaseKeyword.groovy:59)
	at com.kms.katalon.core.keyword.builtin.CallTestCaseKeyword$_callTestCase_closure1.call(CallTestCaseKeyword.groovy)
	at com.kms.katalon.core.keyword.internal.KeywordMain.runKeyword(KeywordMain.groovy:54)
	at com.kms.katalon.core.keyword.builtin.CallTestCaseKeyword.callTestCase(CallTestCaseKeyword.groovy:80)
	at com.kms.katalon.core.keyword.builtin.CallTestCaseKeyword.execute(CallTestCaseKeyword.groovy:44)
	at com.kms.katalon.core.keyword.internal.KeywordExecutor.executeKeywordForPlatform(KeywordExecutor.groovy:53)
	at com.kms.katalon.core.keyword.BuiltinKeywords.callTestCase(BuiltinKeywords.groovy:334)
	at GN_Submit Form 7_End to End.run(GN_Submit Form 7_End to End:16)
	at com.kms.katalon.core.main.ScriptEngine.run(ScriptEngine.java:194)
	at com.kms.katalon.core.main.ScriptEngine.runScriptAsRawText(ScriptEngine.java:119)
	at com.kms.katalon.core.main.TestCaseExecutor.runScript(TestCaseExecutor.java:328)
	at com.kms.katalon.core.main.TestCaseExecutor.doExecute(TestCaseExecutor.java:319)
	at com.kms.katalon.core.main.TestCaseExecutor.processExecutionPhase(TestCaseExecutor.java:298)
	at com.kms.katalon.core.main.TestCaseExecutor.accessMainPhase(TestCaseExecutor.java:290)
	at com.kms.katalon.core.main.TestCaseExecutor.execute(TestCaseExecutor.java:224)
	at com.kms.katalon.core.main.TestCaseMain.runTestCase(TestCaseMain.java:106)
	at com.kms.katalon.core.keyword.builtin.CallTestCaseKeyword$_callTestCase_closure1.doCall(CallTestCaseKeyword.groovy:59)
	at com.kms.katalon.core.keyword.builtin.CallTestCaseKeyword$_callTestCase_closure1.call(CallTestCaseKeyword.groovy)
	at com.kms.katalon.core.keyword.internal.KeywordMain.runKeyword(KeywordMain.groovy:54)
	at com.kms.katalon.core.keyword.builtin.CallTestCaseKeyword.callTestCase(CallTestCaseKeyword.groovy:80)
	at com.kms.katalon.core.keyword.builtin.CallTestCaseKeyword.execute(CallTestCaseKeyword.groovy:44)
	at com.kms.katalon.core.keyword.internal.KeywordExecutor.executeKeywordForPlatform(KeywordExecutor.groovy:53)
	at com.kms.katalon.core.keyword.BuiltinKeywords.callTestCase(BuiltinKeywords.groovy:334)
	at Submit Form 7 (General) - Case Reassignment Cross Branch SEIO.run(Submit Form 7 (General) - Case Reassignment Cross Branch SEIO:16)
	at com.kms.katalon.core.main.ScriptEngine.run(ScriptEngine.java:194)
	at com.kms.katalon.core.main.ScriptEngine.runScriptAsRawText(ScriptEngine.java:119)
	at com.kms.katalon.core.main.TestCaseExecutor.runScript(TestCaseExecutor.java:328)
	at com.kms.katalon.core.main.TestCaseExecutor.doExecute(TestCaseExecutor.java:319)
	at com.kms.katalon.core.main.TestCaseExecutor.processExecutionPhase(TestCaseExecutor.java:298)
	at com.kms.katalon.core.main.TestCaseExecutor.accessMainPhase(TestCaseExecutor.java:290)
	at com.kms.katalon.core.main.TestCaseExecutor.execute(TestCaseExecutor.java:224)
	at com.kms.katalon.core.main.TestSuiteExecutor.accessTestCaseMainPhase(TestSuiteExecutor.java:129)
	at com.kms.katalon.core.main.TestSuiteExecutor.accessTestSuiteMainPhase(TestSuiteExecutor.java:112)
	at com.kms.katalon.core.main.TestSuiteExecutor.execute(TestSuiteExecutor.java:81)
	at com.kms.katalon.core.main.TestCaseMain.startTestSuite(TestCaseMain.java:149)
	at com.kms.katalon.core.main.TestCaseMain$startTestSuite$0.call(Unknown Source)
	at TempTestSuite1550652525208.run(TempTestSuite1550652525208.groovy:36)


2019-02-20 17:16:59 - [TEST_STEP][FAILED] - callTestCase(findTestCase("All TC/Arranged/3. Unit/EI/GN submit form 7/GN_Application_Reg"), [:], STOP_ON_FAILURE): callTestCase(findTestCase("All TC/Arranged/3. Unit/EI/GN submit form 7/GN_Application_Reg"), [:], STOP_ON_FAILURE) FAILED.
Reason:
com.kms.katalon.core.exception.StepFailedException: Unable to click on object 'Object Repository/ZhiHao/General_User_Submit_form 7/GN_Application_Reg/Page_PERKESO/select_pejabat_perkeso' (Root cause: org.openqa.selenium.UnhandledAlertException: unexpected alert open: {Alert text : HARAP MAKLUM

PERMOHONAN FAEDAH SIP TELAH DIBUAT BAGI PEKERJAAN INI. MOHON MENYEMAK SEMULA STATUS PERMOHONAN BAGI TUNTUTAN FAEDAH TERSEBUT}
  (Session info: chrome=72.0.3626.109)
  (Driver info: chromedriver=2.43.600210 (68dcf5eebde37173d4027fa8635e332711d2874a),platform=Windows NT 6.1.7601 SP1 x86_64) (WARNING: The server did not provide any stacktrace information)
Command duration or timeout: 0 milliseconds: null
Build info: version: '3.7.1', revision: '8a0099a', time: '2017-11-06T21:07:36.161Z'
System info: host: 'WIN7TEST02', ip: '10.20.3.72', os.name: 'Windows 7', os.arch: 'amd64', os.version: '6.1', java.version: '1.8.0_181'
Driver info: com.kms.katalon.selenium.driver.CChromeDriver
Capabilities {acceptInsecureCerts: false, acceptSslCerts: false, applicationCacheEnabled: false, browserConnectionEnabled: false, browserName: chrome, chrome: {chromedriverVersion: 2.43.600210 (68dcf5eebde371..., userDataDir: C:\Users\Admin\AppData\Loca...}, cssSelectorsEnabled: true, databaseEnabled: false, goog:chromeOptions: {debuggerAddress: localhost:56594}, handlesAlerts: true, hasTouchScreen: false, javascriptEnabled: true, locationContextEnabled: true, mobileEmulationEnabled: false, nativeEvents: true, networkConnectionEnabled: false, pageLoadStrategy: normal, platform: XP, platformName: XP, rotatable: false, setWindowRect: true, takesHeapSnapshot: true, takesScreenshot: true, unexpectedAlertBehaviour: , unhandledPromptBehavior: , version: 72.0.3626.109, webStorageEnabled: true}
Session ID: 033510b442bf9b43fd96d9c99c8460af
*** Element info: {Using=xpath, value=//select[@id = 'perkesoOfficeId' and @name = 'perkesoOfficeId' and (text() = '
										--Sila Pilih--
										
											Pejabat PERKESO Batu Pahat
										
											Pejabat PERKESO Beaufort
										
											Pejabat PERKESO Bentong
										
											Pejabat PERKESO Bintulu
										
											Pejabat PERKESO Dungun
										
											Pejabat PERKESO Georgetown
										
											Pejabat PERKESO Kajang
										
											Pejabat PERKESO Kapit
										
											Pejabat PERKESO Kemaman
										
											Pejabat PERKESO Keningau
										
											Pejabat PERKESO Klang
										
											Pejabat PERKESO Kluang
										
											Pejabat PERKESO Kota Marudu
										
											Pejabat PERKESO Kuala Kangsar
										
											Pejabat PERKESO Kuala Krai
										
											Pejabat PERKESO Kuala Pilah
										
											Pejabat PERKESO Kulim
										
											Pejabat PERKESO Labuan
										
											Pejabat PERKESO Lahad Datu
										
											Pejabat PERKESO Langkawi
										
											Pejabat PERKESO Limbang
										
											Pejabat PERKESO Miri
										
											Pejabat PERKESO Muar
										
											Pejabat PERKESO Mukah
										
											Pejabat PERKESO Negeri Johor
										
											Pejabat PERKESO Negeri Kedah
										
											Pejabat PERKESO Negeri Kelantan
										
											Pejabat PERKESO Negeri Melaka
										
											Pejabat PERKESO Negeri Pahang
										
											Pejabat PERKESO Negeri Perak
										
											Pejabat PERKESO Negeri Perlis
										
											Pejabat PERKESO Negeri Pulau Pinang
										
											Pejabat PERKESO Negeri Sabah
										
											Pejabat PERKESO Negeri Sarawak
										
											Pejabat PERKESO Negeri Selangor
										
											Pejabat PERKESO Negeri Sembilan
										
											Pejabat PERKESO Negeri Terengganu
										
											Pejabat PERKESO Negeri W.P Kuala Lumpur
										
											Pejabat PERKESO Rawang
										
											Pejabat PERKESO Sandakan
										
											Pejabat PERKESO Sarikei
										
											Pejabat PERKESO Segamat
										
											Pejabat PERKESO Serian
										
											Pejabat PERKESO Sibu
										
											Pejabat PERKESO Sri Aman
										
											Pejabat PERKESO Sri Manjung
										
											Pejabat PERKESO Sungai Petani
										
											Pejabat PERKESO Taiping
										
											Pejabat PERKESO Tanjung Karang
										
											Pejabat PERKESO Tapah
										
											Pejabat PERKESO Tawau
										
											Pejabat PERKESO Teluk Intan
										
											Pejabat PERKESO Temerloh
										
									' or . = '
										--Sila Pilih--
										
											Pejabat PERKESO Batu Pahat
										
											Pejabat PERKESO Beaufort
										
											Pejabat PERKESO Bentong
										
											Pejabat PERKESO Bintulu
										
											Pejabat PERKESO Dungun
										
											Pejabat PERKESO Georgetown
										
											Pejabat PERKESO Kajang
										
											Pejabat PERKESO Kapit
										
											Pejabat PERKESO Kemaman
										
											Pejabat PERKESO Keningau
										
											Pejabat PERKESO Klang
										
											Pejabat PERKESO Kluang
										
											Pejabat PERKESO Kota Marudu
										
											Pejabat PERKESO Kuala Kangsar
										
											Pejabat PERKESO Kuala Krai
										
											Pejabat PERKESO Kuala Pilah
										
											Pejabat PERKESO Kulim
										
											Pejabat PERKESO Labuan
										
											Pejabat PERKESO Lahad Datu
										
											Pejabat PERKESO Langkawi
										
											Pejabat PERKESO Limbang
										
											Pejabat PERKESO Miri
										
											Pejabat PERKESO Muar
										
											Pejabat PERKESO Mukah
										
											Pejabat PERKESO Negeri Johor
										
											Pejabat PERKESO Negeri Kedah
										
											Pejabat PERKESO Negeri Kelantan
										
											Pejabat PERKESO Negeri Melaka
										
											Pejabat PERKESO Negeri Pahang
										
											Pejabat PERKESO Negeri Perak
										
											Pejabat PERKESO Negeri Perlis
										
											Pejabat PERKESO Negeri Pulau Pinang
										
											Pejabat PERKESO Negeri Sabah
										
											Pejabat PERKESO Negeri Sarawak
										
											Pejabat PERKESO Negeri Selangor
										
											Pejabat PERKESO Negeri Sembilan
										
											Pejabat PERKESO Negeri Terengganu
										
											Pejabat PERKESO Negeri W.P Kuala Lumpur
										
											Pejabat PERKESO Rawang
										
											Pejabat PERKESO Sandakan
										
											Pejabat PERKESO Sarikei
										
											Pejabat PERKESO Segamat
										
											Pejabat PERKESO Serian
										
											Pejabat PERKESO Sibu
										
											Pejabat PERKESO Sri Aman
										
											Pejabat PERKESO Sri Manjung
										
											Pejabat PERKESO Sungai Petani
										
											Pejabat PERKESO Taiping
										
											Pejabat PERKESO Tanjung Karang
										
											Pejabat PERKESO Tapah
										
											Pejabat PERKESO Tawau
										
											Pejabat PERKESO Teluk Intan
										
											Pejabat PERKESO Temerloh
										
									')]})
	at com.kms.katalon.core.keyword.internal.KeywordMain.stepFailed(KeywordMain.groovy:36)
	at com.kms.katalon.core.webui.keyword.internal.WebUIKeywordMain.stepFailed(WebUIKeywordMain.groovy:65)
	at com.kms.katalon.core.webui.keyword.internal.WebUIKeywordMain.runKeyword(WebUIKeywordMain.groovy:27)
	at com.kms.katalon.core.webui.keyword.builtin.ClickKeyword.click(ClickKeyword.groovy:86)
	at com.kms.katalon.core.webui.keyword.builtin.ClickKeyword.execute(ClickKeyword.groovy:67)
	at com.kms.katalon.core.keyword.internal.KeywordExecutor.executeKeywordForPlatform(KeywordExecutor.groovy:53)
	at com.kms.katalon.core.webui.keyword.WebUiBuiltInKeywords.click(WebUiBuiltInKeywords.groovy:616)
	at com.kms.katalon.core.webui.keyword.WebUiBuiltInKeywords$click$3.call(Unknown Source)
	at GN_Application_Reg.run(GN_Application_Reg:51)
	at com.kms.katalon.core.main.ScriptEngine.run(ScriptEngine.java:194)
	at com.kms.katalon.core.main.ScriptEngine.runScriptAsRawText(ScriptEngine.java:119)
	at com.kms.katalon.core.main.TestCaseExecutor.runScript(TestCaseExecutor.java:328)
	at com.kms.katalon.core.main.TestCaseExecutor.doExecute(TestCaseExecutor.java:319)
	at com.kms.katalon.core.main.TestCaseExecutor.processExecutionPhase(TestCaseExecutor.java:298)
	at com.kms.katalon.core.main.TestCaseExecutor.accessMainPhase(TestCaseExecutor.java:290)
	at com.kms.katalon.core.main.TestCaseExecutor.execute(TestCaseExecutor.java:224)
	at com.kms.katalon.core.main.TestCaseMain.runTestCase(TestCaseMain.java:106)
	at com.kms.katalon.core.keyword.builtin.CallTestCaseKeyword$_callTestCase_closure1.doCall(CallTestCaseKeyword.groovy:59)
	at com.kms.katalon.core.keyword.builtin.CallTestCaseKeyword$_callTestCase_closure1.call(CallTestCaseKeyword.groovy)
	at com.kms.katalon.core.keyword.internal.KeywordMain.runKeyword(KeywordMain.groovy:54)
	at com.kms.katalon.core.keyword.builtin.CallTestCaseKeyword.callTestCase(CallTestCaseKeyword.groovy:80)
	at com.kms.katalon.core.keyword.builtin.CallTestCaseKeyword.execute(CallTestCaseKeyword.groovy:44)
	at com.kms.katalon.core.keyword.internal.KeywordExecutor.executeKeywordForPlatform(KeywordExecutor.groovy:53)
	at com.kms.katalon.core.keyword.BuiltinKeywords.callTestCase(BuiltinKeywords.groovy:334)
	at GN_Submit Form 7_End to End.run(GN_Submit Form 7_End to End:16)
	at com.kms.katalon.core.main.ScriptEngine.run(ScriptEngine.java:194)
	at com.kms.katalon.core.main.ScriptEngine.runScriptAsRawText(ScriptEngine.java:119)
	at com.kms.katalon.core.main.TestCaseExecutor.runScript(TestCaseExecutor.java:328)
	at com.kms.katalon.core.main.TestCaseExecutor.doExecute(TestCaseExecutor.java:319)
	at com.kms.katalon.core.main.TestCaseExecutor.processExecutionPhase(TestCaseExecutor.java:298)
	at com.kms.katalon.core.main.TestCaseExecutor.accessMainPhase(TestCaseExecutor.java:290)
	at com.kms.katalon.core.main.TestCaseExecutor.execute(TestCaseExecutor.java:224)
	at com.kms.katalon.core.main.TestCaseMain.runTestCase(TestCaseMain.java:106)
	at com.kms.katalon.core.keyword.builtin.CallTestCaseKeyword$_callTestCase_closure1.doCall(CallTestCaseKeyword.groovy:59)
	at com.kms.katalon.core.keyword.builtin.CallTestCaseKeyword$_callTestCase_closure1.call(CallTestCaseKeyword.groovy)
	at com.kms.katalon.core.keyword.internal.KeywordMain.runKeyword(KeywordMain.groovy:54)
	at com.kms.katalon.core.keyword.builtin.CallTestCaseKeyword.callTestCase(CallTestCaseKeyword.groovy:80)
	at com.kms.katalon.core.keyword.builtin.CallTestCaseKeyword.execute(CallTestCaseKeyword.groovy:44)
	at com.kms.katalon.core.keyword.internal.KeywordExecutor.executeKeywordForPlatform(KeywordExecutor.groovy:53)
	at com.kms.katalon.core.keyword.BuiltinKeywords.callTestCase(BuiltinKeywords.groovy:334)
	at Submit Form 7 (General) - Case Reassignment Cross Branch SEIO.run(Submit Form 7 (General) - Case Reassignment Cross Branch SEIO:16)
	at com.kms.katalon.core.main.ScriptEngine.run(ScriptEngine.java:194)
	at com.kms.katalon.core.main.ScriptEngine.runScriptAsRawText(ScriptEngine.java:119)
	at com.kms.katalon.core.main.TestCaseExecutor.runScript(TestCaseExecutor.java:328)
	at com.kms.katalon.core.main.TestCaseExecutor.doExecute(TestCaseExecutor.java:319)
	at com.kms.katalon.core.main.TestCaseExecutor.processExecutionPhase(TestCaseExecutor.java:298)
	at com.kms.katalon.core.main.TestCaseExecutor.accessMainPhase(TestCaseExecutor.java:290)
	at com.kms.katalon.core.main.TestCaseExecutor.execute(TestCaseExecutor.java:224)
	at com.kms.katalon.core.main.TestSuiteExecutor.accessTestCaseMainPhase(TestSuiteExecutor.java:129)
	at com.kms.katalon.core.main.TestSuiteExecutor.accessTestSuiteMainPhase(TestSuiteExecutor.java:112)
	at com.kms.katalon.core.main.TestSuiteExecutor.execute(TestSuiteExecutor.java:81)
	at com.kms.katalon.core.main.TestCaseMain.startTestSuite(TestCaseMain.java:149)
	at com.kms.katalon.core.main.TestCaseMain$startTestSuite$0.call(Unknown Source)
	at TempTestSuite1550652525208.run(TempTestSuite1550652525208.groovy:36)


2019-02-20 17:16:59 - [TEST_CASE][FAILED] - Test Cases/All TC/Arranged/3. Unit/EI/GN submit form 7/GN_Application_Reg: Test Cases/All TC/Arranged/3. Unit/EI/GN submit form 7/GN_Application_Reg FAILED.
Reason:
com.kms.katalon.core.exception.StepFailedException: Unable to click on object 'Object Repository/ZhiHao/General_User_Submit_form 7/GN_Application_Reg/Page_PERKESO/select_pejabat_perkeso' (Root cause: org.openqa.selenium.UnhandledAlertException: unexpected alert open: {Alert text : HARAP MAKLUM

PERMOHONAN FAEDAH SIP TELAH DIBUAT BAGI PEKERJAAN INI. MOHON MENYEMAK SEMULA STATUS PERMOHONAN BAGI TUNTUTAN FAEDAH TERSEBUT}
  (Session info: chrome=72.0.3626.109)
  (Driver info: chromedriver=2.43.600210 (68dcf5eebde37173d4027fa8635e332711d2874a),platform=Windows NT 6.1.7601 SP1 x86_64) (WARNING: The server did not provide any stacktrace information)
Command duration or timeout: 0 milliseconds: null
Build info: version: '3.7.1', revision: '8a0099a', time: '2017-11-06T21:07:36.161Z'
System info: host: 'WIN7TEST02', ip: '10.20.3.72', os.name: 'Windows 7', os.arch: 'amd64', os.version: '6.1', java.version: '1.8.0_181'
Driver info: com.kms.katalon.selenium.driver.CChromeDriver
Capabilities {acceptInsecureCerts: false, acceptSslCerts: false, applicationCacheEnabled: false, browserConnectionEnabled: false, browserName: chrome, chrome: {chromedriverVersion: 2.43.600210 (68dcf5eebde371..., userDataDir: C:\Users\Admin\AppData\Loca...}, cssSelectorsEnabled: true, databaseEnabled: false, goog:chromeOptions: {debuggerAddress: localhost:56594}, handlesAlerts: true, hasTouchScreen: false, javascriptEnabled: true, locationContextEnabled: true, mobileEmulationEnabled: false, nativeEvents: true, networkConnectionEnabled: false, pageLoadStrategy: normal, platform: XP, platformName: XP, rotatable: false, setWindowRect: true, takesHeapSnapshot: true, takesScreenshot: true, unexpectedAlertBehaviour: , unhandledPromptBehavior: , version: 72.0.3626.109, webStorageEnabled: true}
Session ID: 033510b442bf9b43fd96d9c99c8460af
*** Element info: {Using=xpath, value=//select[@id = 'perkesoOfficeId' and @name = 'perkesoOfficeId' and (text() = '
										--Sila Pilih--
										
											Pejabat PERKESO Batu Pahat
										
											Pejabat PERKESO Beaufort
										
											Pejabat PERKESO Bentong
										
											Pejabat PERKESO Bintulu
										
											Pejabat PERKESO Dungun
										
											Pejabat PERKESO Georgetown
										
											Pejabat PERKESO Kajang
										
											Pejabat PERKESO Kapit
										
											Pejabat PERKESO Kemaman
										
											Pejabat PERKESO Keningau
										
											Pejabat PERKESO Klang
										
											Pejabat PERKESO Kluang
										
											Pejabat PERKESO Kota Marudu
										
											Pejabat PERKESO Kuala Kangsar
										
											Pejabat PERKESO Kuala Krai
										
											Pejabat PERKESO Kuala Pilah
										
											Pejabat PERKESO Kulim
										
											Pejabat PERKESO Labuan
										
											Pejabat PERKESO Lahad Datu
										
											Pejabat PERKESO Langkawi
										
											Pejabat PERKESO Limbang
										
											Pejabat PERKESO Miri
										
											Pejabat PERKESO Muar
										
											Pejabat PERKESO Mukah
										
											Pejabat PERKESO Negeri Johor
										
											Pejabat PERKESO Negeri Kedah
										
											Pejabat PERKESO Negeri Kelantan
										
											Pejabat PERKESO Negeri Melaka
										
											Pejabat PERKESO Negeri Pahang
										
											Pejabat PERKESO Negeri Perak
										
											Pejabat PERKESO Negeri Perlis
										
											Pejabat PERKESO Negeri Pulau Pinang
										
											Pejabat PERKESO Negeri Sabah
										
											Pejabat PERKESO Negeri Sarawak
										
											Pejabat PERKESO Negeri Selangor
										
											Pejabat PERKESO Negeri Sembilan
										
											Pejabat PERKESO Negeri Terengganu
										
											Pejabat PERKESO Negeri W.P Kuala Lumpur
										
											Pejabat PERKESO Rawang
										
											Pejabat PERKESO Sandakan
										
											Pejabat PERKESO Sarikei
										
											Pejabat PERKESO Segamat
										
											Pejabat PERKESO Serian
										
											Pejabat PERKESO Sibu
										
											Pejabat PERKESO Sri Aman
										
											Pejabat PERKESO Sri Manjung
										
											Pejabat PERKESO Sungai Petani
										
											Pejabat PERKESO Taiping
										
											Pejabat PERKESO Tanjung Karang
										
											Pejabat PERKESO Tapah
										
											Pejabat PERKESO Tawau
										
											Pejabat PERKESO Teluk Intan
										
											Pejabat PERKESO Temerloh
										
									' or . = '
										--Sila Pilih--
										
											Pejabat PERKESO Batu Pahat
										
											Pejabat PERKESO Beaufort
										
											Pejabat PERKESO Bentong
										
											Pejabat PERKESO Bintulu
										
											Pejabat PERKESO Dungun
										
											Pejabat PERKESO Georgetown
										
											Pejabat PERKESO Kajang
										
											Pejabat PERKESO Kapit
										
											Pejabat PERKESO Kemaman
										
											Pejabat PERKESO Keningau
										
											Pejabat PERKESO Klang
										
											Pejabat PERKESO Kluang
										
											Pejabat PERKESO Kota Marudu
										
											Pejabat PERKESO Kuala Kangsar
										
											Pejabat PERKESO Kuala Krai
										
											Pejabat PERKESO Kuala Pilah
										
											Pejabat PERKESO Kulim
										
											Pejabat PERKESO Labuan
										
											Pejabat PERKESO Lahad Datu
										
											Pejabat PERKESO Langkawi
										
											Pejabat PERKESO Limbang
										
											Pejabat PERKESO Miri
										
											Pejabat PERKESO Muar
										
											Pejabat PERKESO Mukah
										
											Pejabat PERKESO Negeri Johor
										
											Pejabat PERKESO Negeri Kedah
										
											Pejabat PERKESO Negeri Kelantan
										
											Pejabat PERKESO Negeri Melaka
										
											Pejabat PERKESO Negeri Pahang
										
											Pejabat PERKESO Negeri Perak
										
											Pejabat PERKESO Negeri Perlis
										
											Pejabat PERKESO Negeri Pulau Pinang
										
											Pejabat PERKESO Negeri Sabah
										
											Pejabat PERKESO Negeri Sarawak
										
											Pejabat PERKESO Negeri Selangor
										
											Pejabat PERKESO Negeri Sembilan
										
											Pejabat PERKESO Negeri Terengganu
										
											Pejabat PERKESO Negeri W.P Kuala Lumpur
										
											Pejabat PERKESO Rawang
										
											Pejabat PERKESO Sandakan
										
											Pejabat PERKESO Sarikei
										
											Pejabat PERKESO Segamat
										
											Pejabat PERKESO Serian
										
											Pejabat PERKESO Sibu
										
											Pejabat PERKESO Sri Aman
										
											Pejabat PERKESO Sri Manjung
										
											Pejabat PERKESO Sungai Petani
										
											Pejabat PERKESO Taiping
										
											Pejabat PERKESO Tanjung Karang
										
											Pejabat PERKESO Tapah
										
											Pejabat PERKESO Tawau
										
											Pejabat PERKESO Teluk Intan
										
											Pejabat PERKESO Temerloh
										
									')]})
	at com.kms.katalon.core.keyword.internal.KeywordMain.stepFailed(KeywordMain.groovy:36)
	at com.kms.katalon.core.webui.keyword.internal.WebUIKeywordMain.stepFailed(WebUIKeywordMain.groovy:65)
	at com.kms.katalon.core.webui.keyword.internal.WebUIKeywordMain.runKeyword(WebUIKeywordMain.groovy:27)
	at com.kms.katalon.core.webui.keyword.builtin.ClickKeyword.click(ClickKeyword.groovy:86)
	at com.kms.katalon.core.webui.keyword.builtin.ClickKeyword.execute(ClickKeyword.groovy:67)
	at com.kms.katalon.core.keyword.internal.KeywordExecutor.executeKeywordForPlatform(KeywordExecutor.groovy:53)
	at com.kms.katalon.core.webui.keyword.WebUiBuiltInKeywords.click(WebUiBuiltInKeywords.groovy:616)
	at com.kms.katalon.core.webui.keyword.WebUiBuiltInKeywords$click$3.call(Unknown Source)
	at GN_Application_Reg.run(GN_Application_Reg:51)
	at com.kms.katalon.core.main.ScriptEngine.run(ScriptEngine.java:194)
	at com.kms.katalon.core.main.ScriptEngine.runScriptAsRawText(ScriptEngine.java:119)
	at com.kms.katalon.core.main.TestCaseExecutor.runScript(TestCaseExecutor.java:328)
	at com.kms.katalon.core.main.TestCaseExecutor.doExecute(TestCaseExecutor.java:319)
	at com.kms.katalon.core.main.TestCaseExecutor.processExecutionPhase(TestCaseExecutor.java:298)
	at com.kms.katalon.core.main.TestCaseExecutor.accessMainPhase(TestCaseExecutor.java:290)
	at com.kms.katalon.core.main.TestCaseExecutor.execute(TestCaseExecutor.java:224)
	at com.kms.katalon.core.main.TestCaseMain.runTestCase(TestCaseMain.java:106)
	at com.kms.katalon.core.keyword.builtin.CallTestCaseKeyword$_callTestCase_closure1.doCall(CallTestCaseKeyword.groovy:59)
	at com.kms.katalon.core.keyword.builtin.CallTestCaseKeyword$_callTestCase_closure1.call(CallTestCaseKeyword.groovy)
	at com.kms.katalon.core.keyword.internal.KeywordMain.runKeyword(KeywordMain.groovy:54)
	at com.kms.katalon.core.keyword.builtin.CallTestCaseKeyword.callTestCase(CallTestCaseKeyword.groovy:80)
	at com.kms.katalon.core.keyword.builtin.CallTestCaseKeyword.execute(CallTestCaseKeyword.groovy:44)
	at com.kms.katalon.core.keyword.internal.KeywordExecutor.executeKeywordForPlatform(KeywordExecutor.groovy:53)
	at com.kms.katalon.core.keyword.BuiltinKeywords.callTestCase(BuiltinKeywords.groovy:334)
	at GN_Submit Form 7_End to End.run(GN_Submit Form 7_End to End:16)
	at com.kms.katalon.core.main.ScriptEngine.run(ScriptEngine.java:194)
	at com.kms.katalon.core.main.ScriptEngine.runScriptAsRawText(ScriptEngine.java:119)
	at com.kms.katalon.core.main.TestCaseExecutor.runScript(TestCaseExecutor.java:328)
	at com.kms.katalon.core.main.TestCaseExecutor.doExecute(TestCaseExecutor.java:319)
	at com.kms.katalon.core.main.TestCaseExecutor.processExecutionPhase(TestCaseExecutor.java:298)
	at com.kms.katalon.core.main.TestCaseExecutor.accessMainPhase(TestCaseExecutor.java:290)
	at com.kms.katalon.core.main.TestCaseExecutor.execute(TestCaseExecutor.java:224)
	at com.kms.katalon.core.main.TestCaseMain.runTestCase(TestCaseMain.java:106)
	at com.kms.katalon.core.keyword.builtin.CallTestCaseKeyword$_callTestCase_closure1.doCall(CallTestCaseKeyword.groovy:59)
	at com.kms.katalon.core.keyword.builtin.CallTestCaseKeyword$_callTestCase_closure1.call(CallTestCaseKeyword.groovy)
	at com.kms.katalon.core.keyword.internal.KeywordMain.runKeyword(KeywordMain.groovy:54)
	at com.kms.katalon.core.keyword.builtin.CallTestCaseKeyword.callTestCase(CallTestCaseKeyword.groovy:80)
	at com.kms.katalon.core.keyword.builtin.CallTestCaseKeyword.execute(CallTestCaseKeyword.groovy:44)
	at com.kms.katalon.core.keyword.internal.KeywordExecutor.executeKeywordForPlatform(KeywordExecutor.groovy:53)
	at com.kms.katalon.core.keyword.BuiltinKeywords.callTestCase(BuiltinKeywords.groovy:334)
	at Submit Form 7 (General) - Case Reassignment Cross Branch SEIO.run(Submit Form 7 (General) - Case Reassignment Cross Branch SEIO:16)
	at com.kms.katalon.core.main.ScriptEngine.run(ScriptEngine.java:194)
	at com.kms.katalon.core.main.ScriptEngine.runScriptAsRawText(ScriptEngine.java:119)
	at com.kms.katalon.core.main.TestCaseExecutor.runScript(TestCaseExecutor.java:328)
	at com.kms.katalon.core.main.TestCaseExecutor.doExecute(TestCaseExecutor.java:319)
	at com.kms.katalon.core.main.TestCaseExecutor.processExecutionPhase(TestCaseExecutor.java:298)
	at com.kms.katalon.core.main.TestCaseExecutor.accessMainPhase(TestCaseExecutor.java:290)
	at com.kms.katalon.core.main.TestCaseExecutor.execute(TestCaseExecutor.java:224)
	at com.kms.katalon.core.main.TestSuiteExecutor.accessTestCaseMainPhase(TestSuiteExecutor.java:129)
	at com.kms.katalon.core.main.TestSuiteExecutor.accessTestSuiteMainPhase(TestSuiteExecutor.java:112)
	at com.kms.katalon.core.main.TestSuiteExecutor.execute(TestSuiteExecutor.java:81)
	at com.kms.katalon.core.main.TestCaseMain.startTestSuite(TestCaseMain.java:149)
	at com.kms.katalon.core.main.TestCaseMain$startTestSuite$0.call(Unknown Source)
	at TempTestSuite1550652525208.run(TempTestSuite1550652525208.groovy:36)


2019-02-20 17:16:59 - [TEST_STEP][PASSED] - openBrowser(""): Browser is opened with url: ''

2019-02-20 17:16:59 - [MESSAGE][WARNING] - A browser is already opened. Closing browser and opening a new one

2019-02-20 17:17:01 - [MESSAGE][INFO] - Starting 'Chrome' driver

2019-02-20 17:17:01 - [MESSAGE][INFO] - User set preference: ['args', '[--start-maximized]']

2019-02-20 17:17:05 - [MESSAGE][PASSED] - Browser is opened with url: ''

2019-02-20 17:17:05 - [TEST_STEP][PASSED] - navigateToUrl(General_Login): Navigate to 'http://10.20.24.188/eisportal/insured/appl/instruction' successfully

2019-02-20 17:17:07 - [MESSAGE][PASSED] - Navigate to 'http://10.20.24.188/eisportal/insured/appl/instruction' successfully

2019-02-20 17:17:07 - [TEST_STEP][PASSED] - click(findTestObject("ZhiHao/General_User_Submit_form 7/GN_Application_Reg/Page_PERKESO/button_Setuju")): Object: 'Object Repository/ZhiHao/General_User_Submit_form 7/GN_Application_Reg/Page_PERKESO/button_Setuju' is clicked on

2019-02-20 17:17:10 - [MESSAGE][PASSED] - Object: 'Object Repository/ZhiHao/General_User_Submit_form 7/GN_Application_Reg/Page_PERKESO/button_Setuju' is clicked on

2019-02-20 17:17:10 - [TEST_STEP][PASSED] - callTestCase(findTestCase("All TC/Arranged/1. Common/IC List Checker"), [:], STOP_ON_FAILURE): Call Test Case 'Test Cases/All TC/Arranged/1. Common/IC List Checker' successfully

2019-02-20 17:17:10 - [TEST_CASE][PASSED] - Test Cases/All TC/Arranged/1. Common/IC List Checker: Test Cases/All TC/Arranged/1. Common/IC List Checker

2019-02-20 17:17:10 - [TEST_STEP][PASSED] - counter = 0: null

2019-02-20 17:17:10 - [TEST_STEP][PASSED] - fis = new java.io.FileInputStream((internal.GlobalVariable.TextFilePathCommon + \IC.xlsx)): null

2019-02-20 17:17:10 - [TEST_STEP][PASSED] - workbook = new org.apache.poi.xssf.usermodel.XSSFWorkbook(fis): null

2019-02-20 17:17:10 - [TEST_STEP][PASSED] - sheet = workbook.getSheet("Sheet1"): null

2019-02-20 17:17:10 - [TEST_STEP][PASSED] - totalRow = sheet.getLastRowNum(): null

2019-02-20 17:17:10 - [TEST_STEP][PASSED] - out.println(totalRow): null

2019-02-20 17:17:10 - [TEST_STEP][PASSED] - row = sheet.getRow(counter): null

2019-02-20 17:17:10 - [TEST_STEP][PASSED] - cell = row.getCell(counter): null

2019-02-20 17:17:10 - [TEST_STEP][PASSED] - a = cell.getStringCellValue(): null

2019-02-20 17:17:10 - [TEST_STEP][PASSED] - IC = a: null

2019-02-20 17:17:10 - [TEST_STEP][PASSED] - out.println(IC): null

2019-02-20 17:17:10 - [TEST_STEP][PASSED] - callTestCase(findTestCase("All TC/Arranged/1. Common/1.2 Setter/Setter IC"), [:], STOP_ON_FAILURE): Call Test Case 'Test Cases/All TC/Arranged/1. Common/1.2 Setter/Setter IC' successfully

2019-02-20 17:17:10 - [TEST_CASE][PASSED] - Test Cases/All TC/Arranged/1. Common/1.2 Setter/Setter IC: Test Cases/All TC/Arranged/1. Common/1.2 Setter/Setter IC

2019-02-20 17:17:10 - [TEST_STEP][PASSED] - RefNoOldFile = new java.io.File((internal.GlobalVariable.TextFilePathCommon + \getIC.txt)): null

2019-02-20 17:17:10 - [TEST_STEP][PASSED] - RefNoOldFile.delete(): null

2019-02-20 17:17:10 - [TEST_STEP][PASSED] - delay(5): Delayed 5 second(s)

2019-02-20 17:17:15 - [MESSAGE][PASSED] - Delayed 5 second(s)

2019-02-20 17:17:15 - [TEST_STEP][PASSED] - RefNo = new java.io.File((internal.GlobalVariable.TextFilePathCommon + \getIC.txt)): null

2019-02-20 17:17:15 - [TEST_STEP][PASSED] - f2 = new java.io.FileWriter(RefNo, false): null

2019-02-20 17:17:15 - [TEST_STEP][PASSED] - f2.write(IC): null

2019-02-20 17:17:15 - [TEST_STEP][PASSED] - f2.close(): null

2019-02-20 17:17:15 - [TEST_STEP][PASSED] - out.println("


" + IC + "


"): null

2019-02-20 17:17:15 - [MESSAGE][PASSED] - Call Test Case 'Test Cases/All TC/Arranged/1. Common/1.2 Setter/Setter IC' successfully

2019-02-20 17:17:15 - [MESSAGE][PASSED] - Call Test Case 'Test Cases/All TC/Arranged/1. Common/IC List Checker' successfully

2019-02-20 17:17:15 - [TEST_STEP][PASSED] - setText(findTestObject("ZhiHao/General_User_Submit_form 7/GN_Application_Reg/Page_PERKESO/input_No. Kad Pengenalan"), IC): Text '861023436638' is set on object 'Object Repository/ZhiHao/General_User_Submit_form 7/GN_Application_Reg/Page_PERKESO/input_No. Kad Pengenalan'

2019-02-20 17:17:19 - [MESSAGE][PASSED] - Text '861023436638' is set on object 'Object Repository/ZhiHao/General_User_Submit_form 7/GN_Application_Reg/Page_PERKESO/input_No. Kad Pengenalan'

2019-02-20 17:17:19 - [TEST_STEP][PASSED] - click(findTestObject("ZhiHao/General_User_Submit_form 7/GN_Application_Reg/Page_PERKESO/button_Semak")): Object: 'Object Repository/ZhiHao/General_User_Submit_form 7/GN_Application_Reg/Page_PERKESO/button_Semak' is clicked on

2019-02-20 17:17:21 - [MESSAGE][PASSED] - Object: 'Object Repository/ZhiHao/General_User_Submit_form 7/GN_Application_Reg/Page_PERKESO/button_Semak' is clicked on

2019-02-20 17:17:21 - [TEST_STEP][PASSED] - delay(3): Delayed 3 second(s)

2019-02-20 17:17:24 - [MESSAGE][PASSED] - Delayed 3 second(s)

2019-02-20 17:17:24 - [TEST_STEP][PASSED] - click(findTestObject("ZhiHao/General_User_Submit_form 7/GN_Application_Reg/Page_PERKESO/span_Nama Majikan")): Object: 'Object Repository/ZhiHao/General_User_Submit_form 7/GN_Application_Reg/Page_PERKESO/span_Nama Majikan' is clicked on

2019-02-20 17:17:27 - [MESSAGE][PASSED] - Object: 'Object Repository/ZhiHao/General_User_Submit_form 7/GN_Application_Reg/Page_PERKESO/span_Nama Majikan' is clicked on

2019-02-20 17:17:27 - [TEST_STEP][PASSED] - delay(3): Delayed 3 second(s)

2019-02-20 17:17:30 - [MESSAGE][PASSED] - Delayed 3 second(s)

2019-02-20 17:17:30 - [TEST_STEP][PASSED] - setText(findTestObject("ZhiHao/General_User_Submit_form 7/GN_Application_Reg/Page_PERKESO/input_Nama Majikan"), "pet"): Text 'pet' is set on object 'Object Repository/ZhiHao/General_User_Submit_form 7/GN_Application_Reg/Page_PERKESO/input_Nama Majikan'

2019-02-20 17:17:34 - [MESSAGE][PASSED] - Text 'pet' is set on object 'Object Repository/ZhiHao/General_User_Submit_form 7/GN_Application_Reg/Page_PERKESO/input_Nama Majikan'

2019-02-20 17:17:34 - [TEST_STEP][PASSED] - delay(3): Delayed 3 second(s)

2019-02-20 17:17:37 - [MESSAGE][PASSED] - Delayed 3 second(s)

2019-02-20 17:17:37 - [TEST_STEP][PASSED] - click(findTestObject("ZhiHao/General_User_Submit_form 7/GN_Application_Reg/Page_PERKESO/select_PETRONAS")): Object: 'Object Repository/ZhiHao/General_User_Submit_form 7/GN_Application_Reg/Page_PERKESO/select_PETRONAS' is clicked on

2019-02-20 17:17:39 - [MESSAGE][PASSED] - Object: 'Object Repository/ZhiHao/General_User_Submit_form 7/GN_Application_Reg/Page_PERKESO/select_PETRONAS' is clicked on

2019-02-20 17:17:39 - [TEST_STEP][PASSED] - delay(3): Delayed 3 second(s)

2019-02-20 17:17:42 - [MESSAGE][PASSED] - Delayed 3 second(s)

2019-02-20 17:17:42 - [TEST_STEP][PASSED] - click(findTestObject("ZhiHao/General_User_Submit_form 7/GN_Application_Reg/Page_PERKESO/input_Tarikh kehilangan pekerjaan")): Object: 'Object Repository/ZhiHao/General_User_Submit_form 7/GN_Application_Reg/Page_PERKESO/input_Tarikh kehilangan pekerjaan' is clicked on

2019-02-20 17:17:44 - [MESSAGE][PASSED] - Object: 'Object Repository/ZhiHao/General_User_Submit_form 7/GN_Application_Reg/Page_PERKESO/input_Tarikh kehilangan pekerjaan' is clicked on

2019-02-20 17:17:44 - [TEST_STEP][PASSED] - click(findTestObject("ZhiHao/General_User_Submit_form 7/GN_Application_Reg/Page_PERKESO/select_loe_date")): Object: 'Object Repository/ZhiHao/General_User_Submit_form 7/GN_Application_Reg/Page_PERKESO/select_loe_date' is clicked on

2019-02-20 17:17:46 - [MESSAGE][PASSED] - Object: 'Object Repository/ZhiHao/General_User_Submit_form 7/GN_Application_Reg/Page_PERKESO/select_loe_date' is clicked on

2019-02-20 17:17:46 - [TEST_STEP][PASSED] - click(findTestObject("ZhiHao/General_User_Submit_form 7/GN_Application_Reg/Page_PERKESO/button_Mohon")): Object: 'Object Repository/ZhiHao/General_User_Submit_form 7/GN_Application_Reg/Page_PERKESO/button_Mohon' is clicked on

2019-02-20 17:17:48 - [MESSAGE][PASSED] - Object: 'Object Repository/ZhiHao/General_User_Submit_form 7/GN_Application_Reg/Page_PERKESO/button_Mohon' is clicked on

2019-02-20 17:17:48 - [TEST_STEP][PASSED] - delay(3): Delayed 3 second(s)

2019-02-20 17:17:51 - [MESSAGE][PASSED] - Delayed 3 second(s)

2019-02-20 17:17:51 - [TEST_STEP][FAILED] - click(findTestObject("ZhiHao/General_User_Submit_form 7/GN_Application_Reg/Page_PERKESO/select_pejabat_perkeso")): click(findTestObject("ZhiHao/General_User_Submit_form 7/GN_Application_Reg/Page_PERKESO/select_pejabat_perkeso")) FAILED.
Reason:
com.kms.katalon.core.exception.StepFailedException: Unable to click on object 'Object Repository/ZhiHao/General_User_Submit_form 7/GN_Application_Reg/Page_PERKESO/select_pejabat_perkeso' (Root cause: org.openqa.selenium.UnhandledAlertException: unexpected alert open: {Alert text : HARAP MAKLUM

PERMOHONAN FAEDAH SIP TELAH DIBUAT BAGI PEKERJAAN INI. MOHON MENYEMAK SEMULA STATUS PERMOHONAN BAGI TUNTUTAN FAEDAH TERSEBUT}
  (Session info: chrome=72.0.3626.109)
  (Driver info: chromedriver=2.43.600210 (68dcf5eebde37173d4027fa8635e332711d2874a),platform=Windows NT 6.1.7601 SP1 x86_64) (WARNING: The server did not provide any stacktrace information)
Command duration or timeout: 0 milliseconds: null
Build info: version: '3.7.1', revision: '8a0099a', time: '2017-11-06T21:07:36.161Z'
System info: host: 'WIN7TEST02', ip: '10.20.3.72', os.name: 'Windows 7', os.arch: 'amd64', os.version: '6.1', java.version: '1.8.0_181'
Driver info: com.kms.katalon.selenium.driver.CChromeDriver
Capabilities {acceptInsecureCerts: false, acceptSslCerts: false, applicationCacheEnabled: false, browserConnectionEnabled: false, browserName: chrome, chrome: {chromedriverVersion: 2.43.600210 (68dcf5eebde371..., userDataDir: C:\Users\Admin\AppData\Loca...}, cssSelectorsEnabled: true, databaseEnabled: false, goog:chromeOptions: {debuggerAddress: localhost:56594}, handlesAlerts: true, hasTouchScreen: false, javascriptEnabled: true, locationContextEnabled: true, mobileEmulationEnabled: false, nativeEvents: true, networkConnectionEnabled: false, pageLoadStrategy: normal, platform: XP, platformName: XP, rotatable: false, setWindowRect: true, takesHeapSnapshot: true, takesScreenshot: true, unexpectedAlertBehaviour: , unhandledPromptBehavior: , version: 72.0.3626.109, webStorageEnabled: true}
Session ID: 033510b442bf9b43fd96d9c99c8460af
*** Element info: {Using=xpath, value=//select[@id = 'perkesoOfficeId' and @name = 'perkesoOfficeId' and (text() = '
										--Sila Pilih--
										
											Pejabat PERKESO Batu Pahat
										
											Pejabat PERKESO Beaufort
										
											Pejabat PERKESO Bentong
										
											Pejabat PERKESO Bintulu
										
											Pejabat PERKESO Dungun
										
											Pejabat PERKESO Georgetown
										
											Pejabat PERKESO Kajang
										
											Pejabat PERKESO Kapit
										
											Pejabat PERKESO Kemaman
										
											Pejabat PERKESO Keningau
										
											Pejabat PERKESO Klang
										
											Pejabat PERKESO Kluang
										
											Pejabat PERKESO Kota Marudu
										
											Pejabat PERKESO Kuala Kangsar
										
											Pejabat PERKESO Kuala Krai
										
											Pejabat PERKESO Kuala Pilah
										
											Pejabat PERKESO Kulim
										
											Pejabat PERKESO Labuan
										
											Pejabat PERKESO Lahad Datu
										
											Pejabat PERKESO Langkawi
										
											Pejabat PERKESO Limbang
										
											Pejabat PERKESO Miri
										
											Pejabat PERKESO Muar
										
											Pejabat PERKESO Mukah
										
											Pejabat PERKESO Negeri Johor
										
											Pejabat PERKESO Negeri Kedah
										
											Pejabat PERKESO Negeri Kelantan
										
											Pejabat PERKESO Negeri Melaka
										
											Pejabat PERKESO Negeri Pahang
										
											Pejabat PERKESO Negeri Perak
										
											Pejabat PERKESO Negeri Perlis
										
											Pejabat PERKESO Negeri Pulau Pinang
										
											Pejabat PERKESO Negeri Sabah
										
											Pejabat PERKESO Negeri Sarawak
										
											Pejabat PERKESO Negeri Selangor
										
											Pejabat PERKESO Negeri Sembilan
										
											Pejabat PERKESO Negeri Terengganu
										
											Pejabat PERKESO Negeri W.P Kuala Lumpur
										
											Pejabat PERKESO Rawang
										
											Pejabat PERKESO Sandakan
										
											Pejabat PERKESO Sarikei
										
											Pejabat PERKESO Segamat
										
											Pejabat PERKESO Serian
										
											Pejabat PERKESO Sibu
										
											Pejabat PERKESO Sri Aman
										
											Pejabat PERKESO Sri Manjung
										
											Pejabat PERKESO Sungai Petani
										
											Pejabat PERKESO Taiping
										
											Pejabat PERKESO Tanjung Karang
										
											Pejabat PERKESO Tapah
										
											Pejabat PERKESO Tawau
										
											Pejabat PERKESO Teluk Intan
										
											Pejabat PERKESO Temerloh
										
									' or . = '
										--Sila Pilih--
										
											Pejabat PERKESO Batu Pahat
										
											Pejabat PERKESO Beaufort
										
											Pejabat PERKESO Bentong
										
											Pejabat PERKESO Bintulu
										
											Pejabat PERKESO Dungun
										
											Pejabat PERKESO Georgetown
										
											Pejabat PERKESO Kajang
										
											Pejabat PERKESO Kapit
										
											Pejabat PERKESO Kemaman
										
											Pejabat PERKESO Keningau
										
											Pejabat PERKESO Klang
										
											Pejabat PERKESO Kluang
										
											Pejabat PERKESO Kota Marudu
										
											Pejabat PERKESO Kuala Kangsar
										
											Pejabat PERKESO Kuala Krai
										
											Pejabat PERKESO Kuala Pilah
										
											Pejabat PERKESO Kulim
										
											Pejabat PERKESO Labuan
										
											Pejabat PERKESO Lahad Datu
										
											Pejabat PERKESO Langkawi
										
											Pejabat PERKESO Limbang
										
											Pejabat PERKESO Miri
										
											Pejabat PERKESO Muar
										
											Pejabat PERKESO Mukah
										
											Pejabat PERKESO Negeri Johor
										
											Pejabat PERKESO Negeri Kedah
										
											Pejabat PERKESO Negeri Kelantan
										
											Pejabat PERKESO Negeri Melaka
										
											Pejabat PERKESO Negeri Pahang
										
											Pejabat PERKESO Negeri Perak
										
											Pejabat PERKESO Negeri Perlis
										
											Pejabat PERKESO Negeri Pulau Pinang
										
											Pejabat PERKESO Negeri Sabah
										
											Pejabat PERKESO Negeri Sarawak
										
											Pejabat PERKESO Negeri Selangor
										
											Pejabat PERKESO Negeri Sembilan
										
											Pejabat PERKESO Negeri Terengganu
										
											Pejabat PERKESO Negeri W.P Kuala Lumpur
										
											Pejabat PERKESO Rawang
										
											Pejabat PERKESO Sandakan
										
											Pejabat PERKESO Sarikei
										
											Pejabat PERKESO Segamat
										
											Pejabat PERKESO Serian
										
											Pejabat PERKESO Sibu
										
											Pejabat PERKESO Sri Aman
										
											Pejabat PERKESO Sri Manjung
										
											Pejabat PERKESO Sungai Petani
										
											Pejabat PERKESO Taiping
										
											Pejabat PERKESO Tanjung Karang
										
											Pejabat PERKESO Tapah
										
											Pejabat PERKESO Tawau
										
											Pejabat PERKESO Teluk Intan
										
											Pejabat PERKESO Temerloh
										
									')]})
	at com.kms.katalon.core.keyword.internal.KeywordMain.stepFailed(KeywordMain.groovy:36)
	at com.kms.katalon.core.webui.keyword.internal.WebUIKeywordMain.stepFailed(WebUIKeywordMain.groovy:65)
	at com.kms.katalon.core.webui.keyword.internal.WebUIKeywordMain.runKeyword(WebUIKeywordMain.groovy:27)
	at com.kms.katalon.core.webui.keyword.builtin.ClickKeyword.click(ClickKeyword.groovy:86)
	at com.kms.katalon.core.webui.keyword.builtin.ClickKeyword.execute(ClickKeyword.groovy:67)
	at com.kms.katalon.core.keyword.internal.KeywordExecutor.executeKeywordForPlatform(KeywordExecutor.groovy:53)
	at com.kms.katalon.core.webui.keyword.WebUiBuiltInKeywords.click(WebUiBuiltInKeywords.groovy:616)
	at com.kms.katalon.core.webui.keyword.WebUiBuiltInKeywords$click$3.call(Unknown Source)
	at GN_Application_Reg.run(GN_Application_Reg:51)
	at com.kms.katalon.core.main.ScriptEngine.run(ScriptEngine.java:194)
	at com.kms.katalon.core.main.ScriptEngine.runScriptAsRawText(ScriptEngine.java:119)
	at com.kms.katalon.core.main.TestCaseExecutor.runScript(TestCaseExecutor.java:328)
	at com.kms.katalon.core.main.TestCaseExecutor.doExecute(TestCaseExecutor.java:319)
	at com.kms.katalon.core.main.TestCaseExecutor.processExecutionPhase(TestCaseExecutor.java:298)
	at com.kms.katalon.core.main.TestCaseExecutor.accessMainPhase(TestCaseExecutor.java:290)
	at com.kms.katalon.core.main.TestCaseExecutor.execute(TestCaseExecutor.java:224)
	at com.kms.katalon.core.main.TestCaseMain.runTestCase(TestCaseMain.java:106)
	at com.kms.katalon.core.keyword.builtin.CallTestCaseKeyword$_callTestCase_closure1.doCall(CallTestCaseKeyword.groovy:59)
	at com.kms.katalon.core.keyword.builtin.CallTestCaseKeyword$_callTestCase_closure1.call(CallTestCaseKeyword.groovy)
	at com.kms.katalon.core.keyword.internal.KeywordMain.runKeyword(KeywordMain.groovy:54)
	at com.kms.katalon.core.keyword.builtin.CallTestCaseKeyword.callTestCase(CallTestCaseKeyword.groovy:80)
	at com.kms.katalon.core.keyword.builtin.CallTestCaseKeyword.execute(CallTestCaseKeyword.groovy:44)
	at com.kms.katalon.core.keyword.internal.KeywordExecutor.executeKeywordForPlatform(KeywordExecutor.groovy:53)
	at com.kms.katalon.core.keyword.BuiltinKeywords.callTestCase(BuiltinKeywords.groovy:334)
	at GN_Submit Form 7_End to End.run(GN_Submit Form 7_End to End:16)
	at com.kms.katalon.core.main.ScriptEngine.run(ScriptEngine.java:194)
	at com.kms.katalon.core.main.ScriptEngine.runScriptAsRawText(ScriptEngine.java:119)
	at com.kms.katalon.core.main.TestCaseExecutor.runScript(TestCaseExecutor.java:328)
	at com.kms.katalon.core.main.TestCaseExecutor.doExecute(TestCaseExecutor.java:319)
	at com.kms.katalon.core.main.TestCaseExecutor.processExecutionPhase(TestCaseExecutor.java:298)
	at com.kms.katalon.core.main.TestCaseExecutor.accessMainPhase(TestCaseExecutor.java:290)
	at com.kms.katalon.core.main.TestCaseExecutor.execute(TestCaseExecutor.java:224)
	at com.kms.katalon.core.main.TestCaseMain.runTestCase(TestCaseMain.java:106)
	at com.kms.katalon.core.keyword.builtin.CallTestCaseKeyword$_callTestCase_closure1.doCall(CallTestCaseKeyword.groovy:59)
	at com.kms.katalon.core.keyword.builtin.CallTestCaseKeyword$_callTestCase_closure1.call(CallTestCaseKeyword.groovy)
	at com.kms.katalon.core.keyword.internal.KeywordMain.runKeyword(KeywordMain.groovy:54)
	at com.kms.katalon.core.keyword.builtin.CallTestCaseKeyword.callTestCase(CallTestCaseKeyword.groovy:80)
	at com.kms.katalon.core.keyword.builtin.CallTestCaseKeyword.execute(CallTestCaseKeyword.groovy:44)
	at com.kms.katalon.core.keyword.internal.KeywordExecutor.executeKeywordForPlatform(KeywordExecutor.groovy:53)
	at com.kms.katalon.core.keyword.BuiltinKeywords.callTestCase(BuiltinKeywords.groovy:334)
	at Submit Form 7 (General) - Case Reassignment Cross Branch SEIO.run(Submit Form 7 (General) - Case Reassignment Cross Branch SEIO:16)
	at com.kms.katalon.core.main.ScriptEngine.run(ScriptEngine.java:194)
	at com.kms.katalon.core.main.ScriptEngine.runScriptAsRawText(ScriptEngine.java:119)
	at com.kms.katalon.core.main.TestCaseExecutor.runScript(TestCaseExecutor.java:328)
	at com.kms.katalon.core.main.TestCaseExecutor.doExecute(TestCaseExecutor.java:319)
	at com.kms.katalon.core.main.TestCaseExecutor.processExecutionPhase(TestCaseExecutor.java:298)
	at com.kms.katalon.core.main.TestCaseExecutor.accessMainPhase(TestCaseExecutor.java:290)
	at com.kms.katalon.core.main.TestCaseExecutor.execute(TestCaseExecutor.java:224)
	at com.kms.katalon.core.main.TestSuiteExecutor.accessTestCaseMainPhase(TestSuiteExecutor.java:129)
	at com.kms.katalon.core.main.TestSuiteExecutor.accessTestSuiteMainPhase(TestSuiteExecutor.java:112)
	at com.kms.katalon.core.main.TestSuiteExecutor.execute(TestSuiteExecutor.java:81)
	at com.kms.katalon.core.main.TestCaseMain.startTestSuite(TestCaseMain.java:149)
	at com.kms.katalon.core.main.TestCaseMain$startTestSuite$0.call(Unknown Source)
	at TempTestSuite1550652525208.run(TempTestSuite1550652525208.groovy:36)


2019-02-20 17:17:53 - [MESSAGE][WARNING] - Cannot take screenshot

2019-02-20 17:17:53 - [MESSAGE][FAILED] - Unable to click on object 'Object Repository/ZhiHao/General_User_Submit_form 7/GN_Application_Reg/Page_PERKESO/select_pejabat_perkeso' (Root cause: org.openqa.selenium.UnhandledAlertException: unexpected alert open: {Alert text : HARAP MAKLUM

PERMOHONAN FAEDAH SIP TELAH DIBUAT BAGI PEKERJAAN INI. MOHON MENYEMAK SEMULA STATUS PERMOHONAN BAGI TUNTUTAN FAEDAH TERSEBUT}
  (Session info: chrome=72.0.3626.109)
  (Driver info: chromedriver=2.43.600210 (68dcf5eebde37173d4027fa8635e332711d2874a),platform=Windows NT 6.1.7601 SP1 x86_64) (WARNING: The server did not provide any stacktrace information)
Command duration or timeout: 0 milliseconds: null
Build info: version: '3.7.1', revision: '8a0099a', time: '2017-11-06T21:07:36.161Z'
System info: host: 'WIN7TEST02', ip: '10.20.3.72', os.name: 'Windows 7', os.arch: 'amd64', os.version: '6.1', java.version: '1.8.0_181'
Driver info: com.kms.katalon.selenium.driver.CChromeDriver
Capabilities {acceptInsecureCerts: false, acceptSslCerts: false, applicationCacheEnabled: false, browserConnectionEnabled: false, browserName: chrome, chrome: {chromedriverVersion: 2.43.600210 (68dcf5eebde371..., userDataDir: C:\Users\Admin\AppData\Loca...}, cssSelectorsEnabled: true, databaseEnabled: false, goog:chromeOptions: {debuggerAddress: localhost:56594}, handlesAlerts: true, hasTouchScreen: false, javascriptEnabled: true, locationContextEnabled: true, mobileEmulationEnabled: false, nativeEvents: true, networkConnectionEnabled: false, pageLoadStrategy: normal, platform: XP, platformName: XP, rotatable: false, setWindowRect: true, takesHeapSnapshot: true, takesScreenshot: true, unexpectedAlertBehaviour: , unhandledPromptBehavior: , version: 72.0.3626.109, webStorageEnabled: true}
Session ID: 033510b442bf9b43fd96d9c99c8460af
*** Element info: {Using=xpath, value=//select[@id = 'perkesoOfficeId' and @name = 'perkesoOfficeId' and (text() = '
										--Sila Pilih--
										
											Pejabat PERKESO Batu Pahat
										
											Pejabat PERKESO Beaufort
										
											Pejabat PERKESO Bentong
										
											Pejabat PERKESO Bintulu
										
											Pejabat PERKESO Dungun
										
											Pejabat PERKESO Georgetown
										
											Pejabat PERKESO Kajang
										
											Pejabat PERKESO Kapit
										
											Pejabat PERKESO Kemaman
										
											Pejabat PERKESO Keningau
										
											Pejabat PERKESO Klang
										
											Pejabat PERKESO Kluang
										
											Pejabat PERKESO Kota Marudu
										
											Pejabat PERKESO Kuala Kangsar
										
											Pejabat PERKESO Kuala Krai
										
											Pejabat PERKESO Kuala Pilah
										
											Pejabat PERKESO Kulim
										
											Pejabat PERKESO Labuan
										
											Pejabat PERKESO Lahad Datu
										
											Pejabat PERKESO Langkawi
										
											Pejabat PERKESO Limbang
										
											Pejabat PERKESO Miri
										
											Pejabat PERKESO Muar
										
											Pejabat PERKESO Mukah
										
											Pejabat PERKESO Negeri Johor
										
											Pejabat PERKESO Negeri Kedah
										
											Pejabat PERKESO Negeri Kelantan
										
											Pejabat PERKESO Negeri Melaka
										
											Pejabat PERKESO Negeri Pahang
										
											Pejabat PERKESO Negeri Perak
										
											Pejabat PERKESO Negeri Perlis
										
											Pejabat PERKESO Negeri Pulau Pinang
										
											Pejabat PERKESO Negeri Sabah
										
											Pejabat PERKESO Negeri Sarawak
										
											Pejabat PERKESO Negeri Selangor
										
											Pejabat PERKESO Negeri Sembilan
										
											Pejabat PERKESO Negeri Terengganu
										
											Pejabat PERKESO Negeri W.P Kuala Lumpur
										
											Pejabat PERKESO Rawang
										
											Pejabat PERKESO Sandakan
										
											Pejabat PERKESO Sarikei
										
											Pejabat PERKESO Segamat
										
											Pejabat PERKESO Serian
										
											Pejabat PERKESO Sibu
										
											Pejabat PERKESO Sri Aman
										
											Pejabat PERKESO Sri Manjung
										
											Pejabat PERKESO Sungai Petani
										
											Pejabat PERKESO Taiping
										
											Pejabat PERKESO Tanjung Karang
										
											Pejabat PERKESO Tapah
										
											Pejabat PERKESO Tawau
										
											Pejabat PERKESO Teluk Intan
										
											Pejabat PERKESO Temerloh
										
									' or . = '
										--Sila Pilih--
										
											Pejabat PERKESO Batu Pahat
										
											Pejabat PERKESO Beaufort
										
											Pejabat PERKESO Bentong
										
											Pejabat PERKESO Bintulu
										
											Pejabat PERKESO Dungun
										
											Pejabat PERKESO Georgetown
										
											Pejabat PERKESO Kajang
										
											Pejabat PERKESO Kapit
										
											Pejabat PERKESO Kemaman
										
											Pejabat PERKESO Keningau
										
											Pejabat PERKESO Klang
										
											Pejabat PERKESO Kluang
										
											Pejabat PERKESO Kota Marudu
										
											Pejabat PERKESO Kuala Kangsar
										
											Pejabat PERKESO Kuala Krai
										
											Pejabat PERKESO Kuala Pilah
										
											Pejabat PERKESO Kulim
										
											Pejabat PERKESO Labuan
										
											Pejabat PERKESO Lahad Datu
										
											Pejabat PERKESO Langkawi
										
											Pejabat PERKESO Limbang
										
											Pejabat PERKESO Miri
										
											Pejabat PERKESO Muar
										
											Pejabat PERKESO Mukah
										
											Pejabat PERKESO Negeri Johor
										
											Pejabat PERKESO Negeri Kedah
										
											Pejabat PERKESO Negeri Kelantan
										
											Pejabat PERKESO Negeri Melaka
										
											Pejabat PERKESO Negeri Pahang
										
											Pejabat PERKESO Negeri Perak
										
											Pejabat PERKESO Negeri Perlis
										
											Pejabat PERKESO Negeri Pulau Pinang
										
											Pejabat PERKESO Negeri Sabah
										
											Pejabat PERKESO Negeri Sarawak
										
											Pejabat PERKESO Negeri Selangor
										
											Pejabat PERKESO Negeri Sembilan
										
											Pejabat PERKESO Negeri Terengganu
										
											Pejabat PERKESO Negeri W.P Kuala Lumpur
										
											Pejabat PERKESO Rawang
										
											Pejabat PERKESO Sandakan
										
											Pejabat PERKESO Sarikei
										
											Pejabat PERKESO Segamat
										
											Pejabat PERKESO Serian
										
											Pejabat PERKESO Sibu
										
											Pejabat PERKESO Sri Aman
										
											Pejabat PERKESO Sri Manjung
										
											Pejabat PERKESO Sungai Petani
										
											Pejabat PERKESO Taiping
										
											Pejabat PERKESO Tanjung Karang
										
											Pejabat PERKESO Tapah
										
											Pejabat PERKESO Tawau
										
											Pejabat PERKESO Teluk Intan
										
											Pejabat PERKESO Temerloh
										
									')]})

2019-02-20 17:17:54 - [MESSAGE][FAILED] - click(findTestObject("ZhiHao/General_User_Submit_form 7/GN_Application_Reg/Page_PERKESO/select_pejabat_perkeso")) FAILED.
Reason:
com.kms.katalon.core.exception.StepFailedException: Unable to click on object 'Object Repository/ZhiHao/General_User_Submit_form 7/GN_Application_Reg/Page_PERKESO/select_pejabat_perkeso' (Root cause: org.openqa.selenium.UnhandledAlertException: unexpected alert open: {Alert text : HARAP MAKLUM

PERMOHONAN FAEDAH SIP TELAH DIBUAT BAGI PEKERJAAN INI. MOHON MENYEMAK SEMULA STATUS PERMOHONAN BAGI TUNTUTAN FAEDAH TERSEBUT}
  (Session info: chrome=72.0.3626.109)
  (Driver info: chromedriver=2.43.600210 (68dcf5eebde37173d4027fa8635e332711d2874a),platform=Windows NT 6.1.7601 SP1 x86_64) (WARNING: The server did not provide any stacktrace information)
Command duration or timeout: 0 milliseconds: null
Build info: version: '3.7.1', revision: '8a0099a', time: '2017-11-06T21:07:36.161Z'
System info: host: 'WIN7TEST02', ip: '10.20.3.72', os.name: 'Windows 7', os.arch: 'amd64', os.version: '6.1', java.version: '1.8.0_181'
Driver info: com.kms.katalon.selenium.driver.CChromeDriver
Capabilities {acceptInsecureCerts: false, acceptSslCerts: false, applicationCacheEnabled: false, browserConnectionEnabled: false, browserName: chrome, chrome: {chromedriverVersion: 2.43.600210 (68dcf5eebde371..., userDataDir: C:\Users\Admin\AppData\Loca...}, cssSelectorsEnabled: true, databaseEnabled: false, goog:chromeOptions: {debuggerAddress: localhost:56594}, handlesAlerts: true, hasTouchScreen: false, javascriptEnabled: true, locationContextEnabled: true, mobileEmulationEnabled: false, nativeEvents: true, networkConnectionEnabled: false, pageLoadStrategy: normal, platform: XP, platformName: XP, rotatable: false, setWindowRect: true, takesHeapSnapshot: true, takesScreenshot: true, unexpectedAlertBehaviour: , unhandledPromptBehavior: , version: 72.0.3626.109, webStorageEnabled: true}
Session ID: 033510b442bf9b43fd96d9c99c8460af
*** Element info: {Using=xpath, value=//select[@id = 'perkesoOfficeId' and @name = 'perkesoOfficeId' and (text() = '
										--Sila Pilih--
										
											Pejabat PERKESO Batu Pahat
										
											Pejabat PERKESO Beaufort
										
											Pejabat PERKESO Bentong
										
											Pejabat PERKESO Bintulu
										
											Pejabat PERKESO Dungun
										
											Pejabat PERKESO Georgetown
										
											Pejabat PERKESO Kajang
										
											Pejabat PERKESO Kapit
										
											Pejabat PERKESO Kemaman
										
											Pejabat PERKESO Keningau
										
											Pejabat PERKESO Klang
										
											Pejabat PERKESO Kluang
										
											Pejabat PERKESO Kota Marudu
										
											Pejabat PERKESO Kuala Kangsar
										
											Pejabat PERKESO Kuala Krai
										
											Pejabat PERKESO Kuala Pilah
										
											Pejabat PERKESO Kulim
										
											Pejabat PERKESO Labuan
										
											Pejabat PERKESO Lahad Datu
										
											Pejabat PERKESO Langkawi
										
											Pejabat PERKESO Limbang
										
											Pejabat PERKESO Miri
										
											Pejabat PERKESO Muar
										
											Pejabat PERKESO Mukah
										
											Pejabat PERKESO Negeri Johor
										
											Pejabat PERKESO Negeri Kedah
										
											Pejabat PERKESO Negeri Kelantan
										
											Pejabat PERKESO Negeri Melaka
										
											Pejabat PERKESO Negeri Pahang
										
											Pejabat PERKESO Negeri Perak
										
											Pejabat PERKESO Negeri Perlis
										
											Pejabat PERKESO Negeri Pulau Pinang
										
											Pejabat PERKESO Negeri Sabah
										
											Pejabat PERKESO Negeri Sarawak
										
											Pejabat PERKESO Negeri Selangor
										
											Pejabat PERKESO Negeri Sembilan
										
											Pejabat PERKESO Negeri Terengganu
										
											Pejabat PERKESO Negeri W.P Kuala Lumpur
										
											Pejabat PERKESO Rawang
										
											Pejabat PERKESO Sandakan
										
											Pejabat PERKESO Sarikei
										
											Pejabat PERKESO Segamat
										
											Pejabat PERKESO Serian
										
											Pejabat PERKESO Sibu
										
											Pejabat PERKESO Sri Aman
										
											Pejabat PERKESO Sri Manjung
										
											Pejabat PERKESO Sungai Petani
										
											Pejabat PERKESO Taiping
										
											Pejabat PERKESO Tanjung Karang
										
											Pejabat PERKESO Tapah
										
											Pejabat PERKESO Tawau
										
											Pejabat PERKESO Teluk Intan
										
											Pejabat PERKESO Temerloh
										
									' or . = '
										--Sila Pilih--
										
											Pejabat PERKESO Batu Pahat
										
											Pejabat PERKESO Beaufort
										
											Pejabat PERKESO Bentong
										
											Pejabat PERKESO Bintulu
										
											Pejabat PERKESO Dungun
										
											Pejabat PERKESO Georgetown
										
											Pejabat PERKESO Kajang
										
											Pejabat PERKESO Kapit
										
											Pejabat PERKESO Kemaman
										
											Pejabat PERKESO Keningau
										
											Pejabat PERKESO Klang
										
											Pejabat PERKESO Kluang
										
											Pejabat PERKESO Kota Marudu
										
											Pejabat PERKESO Kuala Kangsar
										
											Pejabat PERKESO Kuala Krai
										
											Pejabat PERKESO Kuala Pilah
										
											Pejabat PERKESO Kulim
										
											Pejabat PERKESO Labuan
										
											Pejabat PERKESO Lahad Datu
										
											Pejabat PERKESO Langkawi
										
											Pejabat PERKESO Limbang
										
											Pejabat PERKESO Miri
										
											Pejabat PERKESO Muar
										
											Pejabat PERKESO Mukah
										
											Pejabat PERKESO Negeri Johor
										
											Pejabat PERKESO Negeri Kedah
										
											Pejabat PERKESO Negeri Kelantan
										
											Pejabat PERKESO Negeri Melaka
										
											Pejabat PERKESO Negeri Pahang
										
											Pejabat PERKESO Negeri Perak
										
											Pejabat PERKESO Negeri Perlis
										
											Pejabat PERKESO Negeri Pulau Pinang
										
											Pejabat PERKESO Negeri Sabah
										
											Pejabat PERKESO Negeri Sarawak
										
											Pejabat PERKESO Negeri Selangor
										
											Pejabat PERKESO Negeri Sembilan
										
											Pejabat PERKESO Negeri Terengganu
										
											Pejabat PERKESO Negeri W.P Kuala Lumpur
										
											Pejabat PERKESO Rawang
										
											Pejabat PERKESO Sandakan
										
											Pejabat PERKESO Sarikei
										
											Pejabat PERKESO Segamat
										
											Pejabat PERKESO Serian
										
											Pejabat PERKESO Sibu
										
											Pejabat PERKESO Sri Aman
										
											Pejabat PERKESO Sri Manjung
										
											Pejabat PERKESO Sungai Petani
										
											Pejabat PERKESO Taiping
										
											Pejabat PERKESO Tanjung Karang
										
											Pejabat PERKESO Tapah
										
											Pejabat PERKESO Tawau
										
											Pejabat PERKESO Teluk Intan
										
											Pejabat PERKESO Temerloh
										
									')]})
	at com.kms.katalon.core.keyword.internal.KeywordMain.stepFailed(KeywordMain.groovy:36)
	at com.kms.katalon.core.webui.keyword.internal.WebUIKeywordMain.stepFailed(WebUIKeywordMain.groovy:65)
	at com.kms.katalon.core.webui.keyword.internal.WebUIKeywordMain.runKeyword(WebUIKeywordMain.groovy:27)
	at com.kms.katalon.core.webui.keyword.builtin.ClickKeyword.click(ClickKeyword.groovy:86)
	at com.kms.katalon.core.webui.keyword.builtin.ClickKeyword.execute(ClickKeyword.groovy:67)
	at com.kms.katalon.core.keyword.internal.KeywordExecutor.executeKeywordForPlatform(KeywordExecutor.groovy:53)
	at com.kms.katalon.core.webui.keyword.WebUiBuiltInKeywords.click(WebUiBuiltInKeywords.groovy:616)
	at com.kms.katalon.core.webui.keyword.WebUiBuiltInKeywords$click$3.call(Unknown Source)
	at GN_Application_Reg.run(GN_Application_Reg:51)
	at com.kms.katalon.core.main.ScriptEngine.run(ScriptEngine.java:194)
	at com.kms.katalon.core.main.ScriptEngine.runScriptAsRawText(ScriptEngine.java:119)
	at com.kms.katalon.core.main.TestCaseExecutor.runScript(TestCaseExecutor.java:328)
	at com.kms.katalon.core.main.TestCaseExecutor.doExecute(TestCaseExecutor.java:319)
	at com.kms.katalon.core.main.TestCaseExecutor.processExecutionPhase(TestCaseExecutor.java:298)
	at com.kms.katalon.core.main.TestCaseExecutor.accessMainPhase(TestCaseExecutor.java:290)
	at com.kms.katalon.core.main.TestCaseExecutor.execute(TestCaseExecutor.java:224)
	at com.kms.katalon.core.main.TestCaseMain.runTestCase(TestCaseMain.java:106)
	at com.kms.katalon.core.keyword.builtin.CallTestCaseKeyword$_callTestCase_closure1.doCall(CallTestCaseKeyword.groovy:59)
	at com.kms.katalon.core.keyword.builtin.CallTestCaseKeyword$_callTestCase_closure1.call(CallTestCaseKeyword.groovy)
	at com.kms.katalon.core.keyword.internal.KeywordMain.runKeyword(KeywordMain.groovy:54)
	at com.kms.katalon.core.keyword.builtin.CallTestCaseKeyword.callTestCase(CallTestCaseKeyword.groovy:80)
	at com.kms.katalon.core.keyword.builtin.CallTestCaseKeyword.execute(CallTestCaseKeyword.groovy:44)
	at com.kms.katalon.core.keyword.internal.KeywordExecutor.executeKeywordForPlatform(KeywordExecutor.groovy:53)
	at com.kms.katalon.core.keyword.BuiltinKeywords.callTestCase(BuiltinKeywords.groovy:334)
	at GN_Submit Form 7_End to End.run(GN_Submit Form 7_End to End:16)
	at com.kms.katalon.core.main.ScriptEngine.run(ScriptEngine.java:194)
	at com.kms.katalon.core.main.ScriptEngine.runScriptAsRawText(ScriptEngine.java:119)
	at com.kms.katalon.core.main.TestCaseExecutor.runScript(TestCaseExecutor.java:328)
	at com.kms.katalon.core.main.TestCaseExecutor.doExecute(TestCaseExecutor.java:319)
	at com.kms.katalon.core.main.TestCaseExecutor.processExecutionPhase(TestCaseExecutor.java:298)
	at com.kms.katalon.core.main.TestCaseExecutor.accessMainPhase(TestCaseExecutor.java:290)
	at com.kms.katalon.core.main.TestCaseExecutor.execute(TestCaseExecutor.java:224)
	at com.kms.katalon.core.main.TestCaseMain.runTestCase(TestCaseMain.java:106)
	at com.kms.katalon.core.keyword.builtin.CallTestCaseKeyword$_callTestCase_closure1.doCall(CallTestCaseKeyword.groovy:59)
	at com.kms.katalon.core.keyword.builtin.CallTestCaseKeyword$_callTestCase_closure1.call(CallTestCaseKeyword.groovy)
	at com.kms.katalon.core.keyword.internal.KeywordMain.runKeyword(KeywordMain.groovy:54)
	at com.kms.katalon.core.keyword.builtin.CallTestCaseKeyword.callTestCase(CallTestCaseKeyword.groovy:80)
	at com.kms.katalon.core.keyword.builtin.CallTestCaseKeyword.execute(CallTestCaseKeyword.groovy:44)
	at com.kms.katalon.core.keyword.internal.KeywordExecutor.executeKeywordForPlatform(KeywordExecutor.groovy:53)
	at com.kms.katalon.core.keyword.BuiltinKeywords.callTestCase(BuiltinKeywords.groovy:334)
	at Submit Form 7 (General) - Case Reassignment Cross Branch SEIO.run(Submit Form 7 (General) - Case Reassignment Cross Branch SEIO:16)
	at com.kms.katalon.core.main.ScriptEngine.run(ScriptEngine.java:194)
	at com.kms.katalon.core.main.ScriptEngine.runScriptAsRawText(ScriptEngine.java:119)
	at com.kms.katalon.core.main.TestCaseExecutor.runScript(TestCaseExecutor.java:328)
	at com.kms.katalon.core.main.TestCaseExecutor.doExecute(TestCaseExecutor.java:319)
	at com.kms.katalon.core.main.TestCaseExecutor.processExecutionPhase(TestCaseExecutor.java:298)
	at com.kms.katalon.core.main.TestCaseExecutor.accessMainPhase(TestCaseExecutor.java:290)
	at com.kms.katalon.core.main.TestCaseExecutor.execute(TestCaseExecutor.java:224)
	at com.kms.katalon.core.main.TestSuiteExecutor.accessTestCaseMainPhase(TestSuiteExecutor.java:129)
	at com.kms.katalon.core.main.TestSuiteExecutor.accessTestSuiteMainPhase(TestSuiteExecutor.java:112)
	at com.kms.katalon.core.main.TestSuiteExecutor.execute(TestSuiteExecutor.java:81)
	at com.kms.katalon.core.main.TestCaseMain.startTestSuite(TestCaseMain.java:149)
	at com.kms.katalon.core.main.TestCaseMain$startTestSuite$0.call(Unknown Source)
	at TempTestSuite1550652525208.run(TempTestSuite1550652525208.groovy:36)


2019-02-20 17:17:54 - [MESSAGE][FAILED] - Unable to call Test Case 'Test Cases/All TC/Arranged/3. Unit/EI/GN submit form 7/GN_Application_Reg' (Root cause: com.kms.katalon.core.exception.StepFailedException: Call Test Case 'Test Cases/All TC/Arranged/3. Unit/EI/GN submit form 7/GN_Application_Reg' failed)

2019-02-20 17:17:54 - [MESSAGE][FAILED] - callTestCase(findTestCase("All TC/Arranged/3. Unit/EI/GN submit form 7/GN_Application_Reg"), [:], STOP_ON_FAILURE) FAILED.
Reason:
com.kms.katalon.core.exception.StepFailedException: Unable to click on object 'Object Repository/ZhiHao/General_User_Submit_form 7/GN_Application_Reg/Page_PERKESO/select_pejabat_perkeso' (Root cause: org.openqa.selenium.UnhandledAlertException: unexpected alert open: {Alert text : HARAP MAKLUM

PERMOHONAN FAEDAH SIP TELAH DIBUAT BAGI PEKERJAAN INI. MOHON MENYEMAK SEMULA STATUS PERMOHONAN BAGI TUNTUTAN FAEDAH TERSEBUT}
  (Session info: chrome=72.0.3626.109)
  (Driver info: chromedriver=2.43.600210 (68dcf5eebde37173d4027fa8635e332711d2874a),platform=Windows NT 6.1.7601 SP1 x86_64) (WARNING: The server did not provide any stacktrace information)
Command duration or timeout: 0 milliseconds: null
Build info: version: '3.7.1', revision: '8a0099a', time: '2017-11-06T21:07:36.161Z'
System info: host: 'WIN7TEST02', ip: '10.20.3.72', os.name: 'Windows 7', os.arch: 'amd64', os.version: '6.1', java.version: '1.8.0_181'
Driver info: com.kms.katalon.selenium.driver.CChromeDriver
Capabilities {acceptInsecureCerts: false, acceptSslCerts: false, applicationCacheEnabled: false, browserConnectionEnabled: false, browserName: chrome, chrome: {chromedriverVersion: 2.43.600210 (68dcf5eebde371..., userDataDir: C:\Users\Admin\AppData\Loca...}, cssSelectorsEnabled: true, databaseEnabled: false, goog:chromeOptions: {debuggerAddress: localhost:56594}, handlesAlerts: true, hasTouchScreen: false, javascriptEnabled: true, locationContextEnabled: true, mobileEmulationEnabled: false, nativeEvents: true, networkConnectionEnabled: false, pageLoadStrategy: normal, platform: XP, platformName: XP, rotatable: false, setWindowRect: true, takesHeapSnapshot: true, takesScreenshot: true, unexpectedAlertBehaviour: , unhandledPromptBehavior: , version: 72.0.3626.109, webStorageEnabled: true}
Session ID: 033510b442bf9b43fd96d9c99c8460af
*** Element info: {Using=xpath, value=//select[@id = 'perkesoOfficeId' and @name = 'perkesoOfficeId' and (text() = '
										--Sila Pilih--
										
											Pejabat PERKESO Batu Pahat
										
											Pejabat PERKESO Beaufort
										
											Pejabat PERKESO Bentong
										
											Pejabat PERKESO Bintulu
										
											Pejabat PERKESO Dungun
										
											Pejabat PERKESO Georgetown
										
											Pejabat PERKESO Kajang
										
											Pejabat PERKESO Kapit
										
											Pejabat PERKESO Kemaman
										
											Pejabat PERKESO Keningau
										
											Pejabat PERKESO Klang
										
											Pejabat PERKESO Kluang
										
											Pejabat PERKESO Kota Marudu
										
											Pejabat PERKESO Kuala Kangsar
										
											Pejabat PERKESO Kuala Krai
										
											Pejabat PERKESO Kuala Pilah
										
											Pejabat PERKESO Kulim
										
											Pejabat PERKESO Labuan
										
											Pejabat PERKESO Lahad Datu
										
											Pejabat PERKESO Langkawi
										
											Pejabat PERKESO Limbang
										
											Pejabat PERKESO Miri
										
											Pejabat PERKESO Muar
										
											Pejabat PERKESO Mukah
										
											Pejabat PERKESO Negeri Johor
										
											Pejabat PERKESO Negeri Kedah
										
											Pejabat PERKESO Negeri Kelantan
										
											Pejabat PERKESO Negeri Melaka
										
											Pejabat PERKESO Negeri Pahang
										
											Pejabat PERKESO Negeri Perak
										
											Pejabat PERKESO Negeri Perlis
										
											Pejabat PERKESO Negeri Pulau Pinang
										
											Pejabat PERKESO Negeri Sabah
										
											Pejabat PERKESO Negeri Sarawak
										
											Pejabat PERKESO Negeri Selangor
										
											Pejabat PERKESO Negeri Sembilan
										
											Pejabat PERKESO Negeri Terengganu
										
											Pejabat PERKESO Negeri W.P Kuala Lumpur
										
											Pejabat PERKESO Rawang
										
											Pejabat PERKESO Sandakan
										
											Pejabat PERKESO Sarikei
										
											Pejabat PERKESO Segamat
										
											Pejabat PERKESO Serian
										
											Pejabat PERKESO Sibu
										
											Pejabat PERKESO Sri Aman
										
											Pejabat PERKESO Sri Manjung
										
											Pejabat PERKESO Sungai Petani
										
											Pejabat PERKESO Taiping
										
											Pejabat PERKESO Tanjung Karang
										
											Pejabat PERKESO Tapah
										
											Pejabat PERKESO Tawau
										
											Pejabat PERKESO Teluk Intan
										
											Pejabat PERKESO Temerloh
										
									' or . = '
										--Sila Pilih--
										
											Pejabat PERKESO Batu Pahat
										
											Pejabat PERKESO Beaufort
										
											Pejabat PERKESO Bentong
										
											Pejabat PERKESO Bintulu
										
											Pejabat PERKESO Dungun
										
											Pejabat PERKESO Georgetown
										
											Pejabat PERKESO Kajang
										
											Pejabat PERKESO Kapit
										
											Pejabat PERKESO Kemaman
										
											Pejabat PERKESO Keningau
										
											Pejabat PERKESO Klang
										
											Pejabat PERKESO Kluang
										
											Pejabat PERKESO Kota Marudu
										
											Pejabat PERKESO Kuala Kangsar
										
											Pejabat PERKESO Kuala Krai
										
											Pejabat PERKESO Kuala Pilah
										
											Pejabat PERKESO Kulim
										
											Pejabat PERKESO Labuan
										
											Pejabat PERKESO Lahad Datu
										
											Pejabat PERKESO Langkawi
										
											Pejabat PERKESO Limbang
										
											Pejabat PERKESO Miri
										
											Pejabat PERKESO Muar
										
											Pejabat PERKESO Mukah
										
											Pejabat PERKESO Negeri Johor
										
											Pejabat PERKESO Negeri Kedah
										
											Pejabat PERKESO Negeri Kelantan
										
											Pejabat PERKESO Negeri Melaka
										
											Pejabat PERKESO Negeri Pahang
										
											Pejabat PERKESO Negeri Perak
										
											Pejabat PERKESO Negeri Perlis
										
											Pejabat PERKESO Negeri Pulau Pinang
										
											Pejabat PERKESO Negeri Sabah
										
											Pejabat PERKESO Negeri Sarawak
										
											Pejabat PERKESO Negeri Selangor
										
											Pejabat PERKESO Negeri Sembilan
										
											Pejabat PERKESO Negeri Terengganu
										
											Pejabat PERKESO Negeri W.P Kuala Lumpur
										
											Pejabat PERKESO Rawang
										
											Pejabat PERKESO Sandakan
										
											Pejabat PERKESO Sarikei
										
											Pejabat PERKESO Segamat
										
											Pejabat PERKESO Serian
										
											Pejabat PERKESO Sibu
										
											Pejabat PERKESO Sri Aman
										
											Pejabat PERKESO Sri Manjung
										
											Pejabat PERKESO Sungai Petani
										
											Pejabat PERKESO Taiping
										
											Pejabat PERKESO Tanjung Karang
										
											Pejabat PERKESO Tapah
										
											Pejabat PERKESO Tawau
										
											Pejabat PERKESO Teluk Intan
										
											Pejabat PERKESO Temerloh
										
									')]})
	at com.kms.katalon.core.keyword.internal.KeywordMain.stepFailed(KeywordMain.groovy:36)
	at com.kms.katalon.core.webui.keyword.internal.WebUIKeywordMain.stepFailed(WebUIKeywordMain.groovy:65)
	at com.kms.katalon.core.webui.keyword.internal.WebUIKeywordMain.runKeyword(WebUIKeywordMain.groovy:27)
	at com.kms.katalon.core.webui.keyword.builtin.ClickKeyword.click(ClickKeyword.groovy:86)
	at com.kms.katalon.core.webui.keyword.builtin.ClickKeyword.execute(ClickKeyword.groovy:67)
	at com.kms.katalon.core.keyword.internal.KeywordExecutor.executeKeywordForPlatform(KeywordExecutor.groovy:53)
	at com.kms.katalon.core.webui.keyword.WebUiBuiltInKeywords.click(WebUiBuiltInKeywords.groovy:616)
	at com.kms.katalon.core.webui.keyword.WebUiBuiltInKeywords$click$3.call(Unknown Source)
	at GN_Application_Reg.run(GN_Application_Reg:51)
	at com.kms.katalon.core.main.ScriptEngine.run(ScriptEngine.java:194)
	at com.kms.katalon.core.main.ScriptEngine.runScriptAsRawText(ScriptEngine.java:119)
	at com.kms.katalon.core.main.TestCaseExecutor.runScript(TestCaseExecutor.java:328)
	at com.kms.katalon.core.main.TestCaseExecutor.doExecute(TestCaseExecutor.java:319)
	at com.kms.katalon.core.main.TestCaseExecutor.processExecutionPhase(TestCaseExecutor.java:298)
	at com.kms.katalon.core.main.TestCaseExecutor.accessMainPhase(TestCaseExecutor.java:290)
	at com.kms.katalon.core.main.TestCaseExecutor.execute(TestCaseExecutor.java:224)
	at com.kms.katalon.core.main.TestCaseMain.runTestCase(TestCaseMain.java:106)
	at com.kms.katalon.core.keyword.builtin.CallTestCaseKeyword$_callTestCase_closure1.doCall(CallTestCaseKeyword.groovy:59)
	at com.kms.katalon.core.keyword.builtin.CallTestCaseKeyword$_callTestCase_closure1.call(CallTestCaseKeyword.groovy)
	at com.kms.katalon.core.keyword.internal.KeywordMain.runKeyword(KeywordMain.groovy:54)
	at com.kms.katalon.core.keyword.builtin.CallTestCaseKeyword.callTestCase(CallTestCaseKeyword.groovy:80)
	at com.kms.katalon.core.keyword.builtin.CallTestCaseKeyword.execute(CallTestCaseKeyword.groovy:44)
	at com.kms.katalon.core.keyword.internal.KeywordExecutor.executeKeywordForPlatform(KeywordExecutor.groovy:53)
	at com.kms.katalon.core.keyword.BuiltinKeywords.callTestCase(BuiltinKeywords.groovy:334)
	at GN_Submit Form 7_End to End.run(GN_Submit Form 7_End to End:16)
	at com.kms.katalon.core.main.ScriptEngine.run(ScriptEngine.java:194)
	at com.kms.katalon.core.main.ScriptEngine.runScriptAsRawText(ScriptEngine.java:119)
	at com.kms.katalon.core.main.TestCaseExecutor.runScript(TestCaseExecutor.java:328)
	at com.kms.katalon.core.main.TestCaseExecutor.doExecute(TestCaseExecutor.java:319)
	at com.kms.katalon.core.main.TestCaseExecutor.processExecutionPhase(TestCaseExecutor.java:298)
	at com.kms.katalon.core.main.TestCaseExecutor.accessMainPhase(TestCaseExecutor.java:290)
	at com.kms.katalon.core.main.TestCaseExecutor.execute(TestCaseExecutor.java:224)
	at com.kms.katalon.core.main.TestCaseMain.runTestCase(TestCaseMain.java:106)
	at com.kms.katalon.core.keyword.builtin.CallTestCaseKeyword$_callTestCase_closure1.doCall(CallTestCaseKeyword.groovy:59)
	at com.kms.katalon.core.keyword.builtin.CallTestCaseKeyword$_callTestCase_closure1.call(CallTestCaseKeyword.groovy)
	at com.kms.katalon.core.keyword.internal.KeywordMain.runKeyword(KeywordMain.groovy:54)
	at com.kms.katalon.core.keyword.builtin.CallTestCaseKeyword.callTestCase(CallTestCaseKeyword.groovy:80)
	at com.kms.katalon.core.keyword.builtin.CallTestCaseKeyword.execute(CallTestCaseKeyword.groovy:44)
	at com.kms.katalon.core.keyword.internal.KeywordExecutor.executeKeywordForPlatform(KeywordExecutor.groovy:53)
	at com.kms.katalon.core.keyword.BuiltinKeywords.callTestCase(BuiltinKeywords.groovy:334)
	at Submit Form 7 (General) - Case Reassignment Cross Branch SEIO.run(Submit Form 7 (General) - Case Reassignment Cross Branch SEIO:16)
	at com.kms.katalon.core.main.ScriptEngine.run(ScriptEngine.java:194)
	at com.kms.katalon.core.main.ScriptEngine.runScriptAsRawText(ScriptEngine.java:119)
	at com.kms.katalon.core.main.TestCaseExecutor.runScript(TestCaseExecutor.java:328)
	at com.kms.katalon.core.main.TestCaseExecutor.doExecute(TestCaseExecutor.java:319)
	at com.kms.katalon.core.main.TestCaseExecutor.processExecutionPhase(TestCaseExecutor.java:298)
	at com.kms.katalon.core.main.TestCaseExecutor.accessMainPhase(TestCaseExecutor.java:290)
	at com.kms.katalon.core.main.TestCaseExecutor.execute(TestCaseExecutor.java:224)
	at com.kms.katalon.core.main.TestSuiteExecutor.accessTestCaseMainPhase(TestSuiteExecutor.java:129)
	at com.kms.katalon.core.main.TestSuiteExecutor.accessTestSuiteMainPhase(TestSuiteExecutor.java:112)
	at com.kms.katalon.core.main.TestSuiteExecutor.execute(TestSuiteExecutor.java:81)
	at com.kms.katalon.core.main.TestCaseMain.startTestSuite(TestCaseMain.java:149)
	at com.kms.katalon.core.main.TestCaseMain$startTestSuite$0.call(Unknown Source)
	at TempTestSuite1550652525208.run(TempTestSuite1550652525208.groovy:36)


2019-02-20 17:17:58 - [MESSAGE][FAILED] - Unable to call Test Case 'Test Cases/All TC/Arranged/2. Segment/GN_Submit Form 7_End to End' (Root cause: com.kms.katalon.core.exception.StepFailedException: Call Test Case 'Test Cases/All TC/Arranged/2. Segment/GN_Submit Form 7_End to End' failed)

2019-02-20 17:17:58 - [MESSAGE][FAILED] - callTestCase(findTestCase("All TC/Arranged/2. Segment/GN_Submit Form 7_End to End"), [:], STOP_ON_FAILURE) FAILED.
Reason:
com.kms.katalon.core.exception.StepFailedException: Unable to click on object 'Object Repository/ZhiHao/General_User_Submit_form 7/GN_Application_Reg/Page_PERKESO/select_pejabat_perkeso' (Root cause: org.openqa.selenium.UnhandledAlertException: unexpected alert open: {Alert text : HARAP MAKLUM

PERMOHONAN FAEDAH SIP TELAH DIBUAT BAGI PEKERJAAN INI. MOHON MENYEMAK SEMULA STATUS PERMOHONAN BAGI TUNTUTAN FAEDAH TERSEBUT}
  (Session info: chrome=72.0.3626.109)
  (Driver info: chromedriver=2.43.600210 (68dcf5eebde37173d4027fa8635e332711d2874a),platform=Windows NT 6.1.7601 SP1 x86_64) (WARNING: The server did not provide any stacktrace information)
Command duration or timeout: 0 milliseconds: null
Build info: version: '3.7.1', revision: '8a0099a', time: '2017-11-06T21:07:36.161Z'
System info: host: 'WIN7TEST02', ip: '10.20.3.72', os.name: 'Windows 7', os.arch: 'amd64', os.version: '6.1', java.version: '1.8.0_181'
Driver info: com.kms.katalon.selenium.driver.CChromeDriver
Capabilities {acceptInsecureCerts: false, acceptSslCerts: false, applicationCacheEnabled: false, browserConnectionEnabled: false, browserName: chrome, chrome: {chromedriverVersion: 2.43.600210 (68dcf5eebde371..., userDataDir: C:\Users\Admin\AppData\Loca...}, cssSelectorsEnabled: true, databaseEnabled: false, goog:chromeOptions: {debuggerAddress: localhost:56594}, handlesAlerts: true, hasTouchScreen: false, javascriptEnabled: true, locationContextEnabled: true, mobileEmulationEnabled: false, nativeEvents: true, networkConnectionEnabled: false, pageLoadStrategy: normal, platform: XP, platformName: XP, rotatable: false, setWindowRect: true, takesHeapSnapshot: true, takesScreenshot: true, unexpectedAlertBehaviour: , unhandledPromptBehavior: , version: 72.0.3626.109, webStorageEnabled: true}
Session ID: 033510b442bf9b43fd96d9c99c8460af
*** Element info: {Using=xpath, value=//select[@id = 'perkesoOfficeId' and @name = 'perkesoOfficeId' and (text() = '
										--Sila Pilih--
										
											Pejabat PERKESO Batu Pahat
										
											Pejabat PERKESO Beaufort
										
											Pejabat PERKESO Bentong
										
											Pejabat PERKESO Bintulu
										
											Pejabat PERKESO Dungun
										
											Pejabat PERKESO Georgetown
										
											Pejabat PERKESO Kajang
										
											Pejabat PERKESO Kapit
										
											Pejabat PERKESO Kemaman
										
											Pejabat PERKESO Keningau
										
											Pejabat PERKESO Klang
										
											Pejabat PERKESO Kluang
										
											Pejabat PERKESO Kota Marudu
										
											Pejabat PERKESO Kuala Kangsar
										
											Pejabat PERKESO Kuala Krai
										
											Pejabat PERKESO Kuala Pilah
										
											Pejabat PERKESO Kulim
										
											Pejabat PERKESO Labuan
										
											Pejabat PERKESO Lahad Datu
										
											Pejabat PERKESO Langkawi
										
											Pejabat PERKESO Limbang
										
											Pejabat PERKESO Miri
										
											Pejabat PERKESO Muar
										
											Pejabat PERKESO Mukah
										
											Pejabat PERKESO Negeri Johor
										
											Pejabat PERKESO Negeri Kedah
										
											Pejabat PERKESO Negeri Kelantan
										
											Pejabat PERKESO Negeri Melaka
										
											Pejabat PERKESO Negeri Pahang
										
											Pejabat PERKESO Negeri Perak
										
											Pejabat PERKESO Negeri Perlis
										
											Pejabat PERKESO Negeri Pulau Pinang
										
											Pejabat PERKESO Negeri Sabah
										
											Pejabat PERKESO Negeri Sarawak
										
											Pejabat PERKESO Negeri Selangor
										
											Pejabat PERKESO Negeri Sembilan
										
											Pejabat PERKESO Negeri Terengganu
										
											Pejabat PERKESO Negeri W.P Kuala Lumpur
										
											Pejabat PERKESO Rawang
										
											Pejabat PERKESO Sandakan
										
											Pejabat PERKESO Sarikei
										
											Pejabat PERKESO Segamat
										
											Pejabat PERKESO Serian
										
											Pejabat PERKESO Sibu
										
											Pejabat PERKESO Sri Aman
										
											Pejabat PERKESO Sri Manjung
										
											Pejabat PERKESO Sungai Petani
										
											Pejabat PERKESO Taiping
										
											Pejabat PERKESO Tanjung Karang
										
											Pejabat PERKESO Tapah
										
											Pejabat PERKESO Tawau
										
											Pejabat PERKESO Teluk Intan
										
											Pejabat PERKESO Temerloh
										
									' or . = '
										--Sila Pilih--
										
											Pejabat PERKESO Batu Pahat
										
											Pejabat PERKESO Beaufort
										
											Pejabat PERKESO Bentong
										
											Pejabat PERKESO Bintulu
										
											Pejabat PERKESO Dungun
										
											Pejabat PERKESO Georgetown
										
											Pejabat PERKESO Kajang
										
											Pejabat PERKESO Kapit
										
											Pejabat PERKESO Kemaman
										
											Pejabat PERKESO Keningau
										
											Pejabat PERKESO Klang
										
											Pejabat PERKESO Kluang
										
											Pejabat PERKESO Kota Marudu
										
											Pejabat PERKESO Kuala Kangsar
										
											Pejabat PERKESO Kuala Krai
										
											Pejabat PERKESO Kuala Pilah
										
											Pejabat PERKESO Kulim
										
											Pejabat PERKESO Labuan
										
											Pejabat PERKESO Lahad Datu
										
											Pejabat PERKESO Langkawi
										
											Pejabat PERKESO Limbang
										
											Pejabat PERKESO Miri
										
											Pejabat PERKESO Muar
										
											Pejabat PERKESO Mukah
										
											Pejabat PERKESO Negeri Johor
										
											Pejabat PERKESO Negeri Kedah
										
											Pejabat PERKESO Negeri Kelantan
										
											Pejabat PERKESO Negeri Melaka
										
											Pejabat PERKESO Negeri Pahang
										
											Pejabat PERKESO Negeri Perak
										
											Pejabat PERKESO Negeri Perlis
										
											Pejabat PERKESO Negeri Pulau Pinang
										
											Pejabat PERKESO Negeri Sabah
										
											Pejabat PERKESO Negeri Sarawak
										
											Pejabat PERKESO Negeri Selangor
										
											Pejabat PERKESO Negeri Sembilan
										
											Pejabat PERKESO Negeri Terengganu
										
											Pejabat PERKESO Negeri W.P Kuala Lumpur
										
											Pejabat PERKESO Rawang
										
											Pejabat PERKESO Sandakan
										
											Pejabat PERKESO Sarikei
										
											Pejabat PERKESO Segamat
										
											Pejabat PERKESO Serian
										
											Pejabat PERKESO Sibu
										
											Pejabat PERKESO Sri Aman
										
											Pejabat PERKESO Sri Manjung
										
											Pejabat PERKESO Sungai Petani
										
											Pejabat PERKESO Taiping
										
											Pejabat PERKESO Tanjung Karang
										
											Pejabat PERKESO Tapah
										
											Pejabat PERKESO Tawau
										
											Pejabat PERKESO Teluk Intan
										
											Pejabat PERKESO Temerloh
										
									')]})
	at com.kms.katalon.core.keyword.internal.KeywordMain.stepFailed(KeywordMain.groovy:36)
	at com.kms.katalon.core.webui.keyword.internal.WebUIKeywordMain.stepFailed(WebUIKeywordMain.groovy:65)
	at com.kms.katalon.core.webui.keyword.internal.WebUIKeywordMain.runKeyword(WebUIKeywordMain.groovy:27)
	at com.kms.katalon.core.webui.keyword.builtin.ClickKeyword.click(ClickKeyword.groovy:86)
	at com.kms.katalon.core.webui.keyword.builtin.ClickKeyword.execute(ClickKeyword.groovy:67)
	at com.kms.katalon.core.keyword.internal.KeywordExecutor.executeKeywordForPlatform(KeywordExecutor.groovy:53)
	at com.kms.katalon.core.webui.keyword.WebUiBuiltInKeywords.click(WebUiBuiltInKeywords.groovy:616)
	at com.kms.katalon.core.webui.keyword.WebUiBuiltInKeywords$click$3.call(Unknown Source)
	at GN_Application_Reg.run(GN_Application_Reg:51)
	at com.kms.katalon.core.main.ScriptEngine.run(ScriptEngine.java:194)
	at com.kms.katalon.core.main.ScriptEngine.runScriptAsRawText(ScriptEngine.java:119)
	at com.kms.katalon.core.main.TestCaseExecutor.runScript(TestCaseExecutor.java:328)
	at com.kms.katalon.core.main.TestCaseExecutor.doExecute(TestCaseExecutor.java:319)
	at com.kms.katalon.core.main.TestCaseExecutor.processExecutionPhase(TestCaseExecutor.java:298)
	at com.kms.katalon.core.main.TestCaseExecutor.accessMainPhase(TestCaseExecutor.java:290)
	at com.kms.katalon.core.main.TestCaseExecutor.execute(TestCaseExecutor.java:224)
	at com.kms.katalon.core.main.TestCaseMain.runTestCase(TestCaseMain.java:106)
	at com.kms.katalon.core.keyword.builtin.CallTestCaseKeyword$_callTestCase_closure1.doCall(CallTestCaseKeyword.groovy:59)
	at com.kms.katalon.core.keyword.builtin.CallTestCaseKeyword$_callTestCase_closure1.call(CallTestCaseKeyword.groovy)
	at com.kms.katalon.core.keyword.internal.KeywordMain.runKeyword(KeywordMain.groovy:54)
	at com.kms.katalon.core.keyword.builtin.CallTestCaseKeyword.callTestCase(CallTestCaseKeyword.groovy:80)
	at com.kms.katalon.core.keyword.builtin.CallTestCaseKeyword.execute(CallTestCaseKeyword.groovy:44)
	at com.kms.katalon.core.keyword.internal.KeywordExecutor.executeKeywordForPlatform(KeywordExecutor.groovy:53)
	at com.kms.katalon.core.keyword.BuiltinKeywords.callTestCase(BuiltinKeywords.groovy:334)
	at GN_Submit Form 7_End to End.run(GN_Submit Form 7_End to End:16)
	at com.kms.katalon.core.main.ScriptEngine.run(ScriptEngine.java:194)
	at com.kms.katalon.core.main.ScriptEngine.runScriptAsRawText(ScriptEngine.java:119)
	at com.kms.katalon.core.main.TestCaseExecutor.runScript(TestCaseExecutor.java:328)
	at com.kms.katalon.core.main.TestCaseExecutor.doExecute(TestCaseExecutor.java:319)
	at com.kms.katalon.core.main.TestCaseExecutor.processExecutionPhase(TestCaseExecutor.java:298)
	at com.kms.katalon.core.main.TestCaseExecutor.accessMainPhase(TestCaseExecutor.java:290)
	at com.kms.katalon.core.main.TestCaseExecutor.execute(TestCaseExecutor.java:224)
	at com.kms.katalon.core.main.TestCaseMain.runTestCase(TestCaseMain.java:106)
	at com.kms.katalon.core.keyword.builtin.CallTestCaseKeyword$_callTestCase_closure1.doCall(CallTestCaseKeyword.groovy:59)
	at com.kms.katalon.core.keyword.builtin.CallTestCaseKeyword$_callTestCase_closure1.call(CallTestCaseKeyword.groovy)
	at com.kms.katalon.core.keyword.internal.KeywordMain.runKeyword(KeywordMain.groovy:54)
	at com.kms.katalon.core.keyword.builtin.CallTestCaseKeyword.callTestCase(CallTestCaseKeyword.groovy:80)
	at com.kms.katalon.core.keyword.builtin.CallTestCaseKeyword.execute(CallTestCaseKeyword.groovy:44)
	at com.kms.katalon.core.keyword.internal.KeywordExecutor.executeKeywordForPlatform(KeywordExecutor.groovy:53)
	at com.kms.katalon.core.keyword.BuiltinKeywords.callTestCase(BuiltinKeywords.groovy:334)
	at Submit Form 7 (General) - Case Reassignment Cross Branch SEIO.run(Submit Form 7 (General) - Case Reassignment Cross Branch SEIO:16)
	at com.kms.katalon.core.main.ScriptEngine.run(ScriptEngine.java:194)
	at com.kms.katalon.core.main.ScriptEngine.runScriptAsRawText(ScriptEngine.java:119)
	at com.kms.katalon.core.main.TestCaseExecutor.runScript(TestCaseExecutor.java:328)
	at com.kms.katalon.core.main.TestCaseExecutor.doExecute(TestCaseExecutor.java:319)
	at com.kms.katalon.core.main.TestCaseExecutor.processExecutionPhase(TestCaseExecutor.java:298)
	at com.kms.katalon.core.main.TestCaseExecutor.accessMainPhase(TestCaseExecutor.java:290)
	at com.kms.katalon.core.main.TestCaseExecutor.execute(TestCaseExecutor.java:224)
	at com.kms.katalon.core.main.TestSuiteExecutor.accessTestCaseMainPhase(TestSuiteExecutor.java:129)
	at com.kms.katalon.core.main.TestSuiteExecutor.accessTestSuiteMainPhase(TestSuiteExecutor.java:112)
	at com.kms.katalon.core.main.TestSuiteExecutor.execute(TestSuiteExecutor.java:81)
	at com.kms.katalon.core.main.TestCaseMain.startTestSuite(TestCaseMain.java:149)
	at com.kms.katalon.core.main.TestCaseMain$startTestSuite$0.call(Unknown Source)
	at TempTestSuite1550652525208.run(TempTestSuite1550652525208.groovy:36)]]></system-out>
         <system-err><![CDATA[2019-02-20 17:16:59 - [TEST_CASE][FAILED] - Test Cases/All TC/Arranged/0. Full Flow/Submit Form 7 (General) - Case Reassignment Cross Branch SEIO: Test Cases/All TC/Arranged/0. Full Flow/Submit Form 7 (General) - Case Reassignment Cross Branch SEIO FAILED.
Reason:
com.kms.katalon.core.exception.StepFailedException: Unable to click on object 'Object Repository/ZhiHao/General_User_Submit_form 7/GN_Application_Reg/Page_PERKESO/select_pejabat_perkeso' (Root cause: org.openqa.selenium.UnhandledAlertException: unexpected alert open: {Alert text : HARAP MAKLUM

PERMOHONAN FAEDAH SIP TELAH DIBUAT BAGI PEKERJAAN INI. MOHON MENYEMAK SEMULA STATUS PERMOHONAN BAGI TUNTUTAN FAEDAH TERSEBUT}
  (Session info: chrome=72.0.3626.109)
  (Driver info: chromedriver=2.43.600210 (68dcf5eebde37173d4027fa8635e332711d2874a),platform=Windows NT 6.1.7601 SP1 x86_64) (WARNING: The server did not provide any stacktrace information)
Command duration or timeout: 0 milliseconds: null
Build info: version: '3.7.1', revision: '8a0099a', time: '2017-11-06T21:07:36.161Z'
System info: host: 'WIN7TEST02', ip: '10.20.3.72', os.name: 'Windows 7', os.arch: 'amd64', os.version: '6.1', java.version: '1.8.0_181'
Driver info: com.kms.katalon.selenium.driver.CChromeDriver
Capabilities {acceptInsecureCerts: false, acceptSslCerts: false, applicationCacheEnabled: false, browserConnectionEnabled: false, browserName: chrome, chrome: {chromedriverVersion: 2.43.600210 (68dcf5eebde371..., userDataDir: C:\Users\Admin\AppData\Loca...}, cssSelectorsEnabled: true, databaseEnabled: false, goog:chromeOptions: {debuggerAddress: localhost:56594}, handlesAlerts: true, hasTouchScreen: false, javascriptEnabled: true, locationContextEnabled: true, mobileEmulationEnabled: false, nativeEvents: true, networkConnectionEnabled: false, pageLoadStrategy: normal, platform: XP, platformName: XP, rotatable: false, setWindowRect: true, takesHeapSnapshot: true, takesScreenshot: true, unexpectedAlertBehaviour: , unhandledPromptBehavior: , version: 72.0.3626.109, webStorageEnabled: true}
Session ID: 033510b442bf9b43fd96d9c99c8460af
*** Element info: {Using=xpath, value=//select[@id = 'perkesoOfficeId' and @name = 'perkesoOfficeId' and (text() = '
										--Sila Pilih--
										
											Pejabat PERKESO Batu Pahat
										
											Pejabat PERKESO Beaufort
										
											Pejabat PERKESO Bentong
										
											Pejabat PERKESO Bintulu
										
											Pejabat PERKESO Dungun
										
											Pejabat PERKESO Georgetown
										
											Pejabat PERKESO Kajang
										
											Pejabat PERKESO Kapit
										
											Pejabat PERKESO Kemaman
										
											Pejabat PERKESO Keningau
										
											Pejabat PERKESO Klang
										
											Pejabat PERKESO Kluang
										
											Pejabat PERKESO Kota Marudu
										
											Pejabat PERKESO Kuala Kangsar
										
											Pejabat PERKESO Kuala Krai
										
											Pejabat PERKESO Kuala Pilah
										
											Pejabat PERKESO Kulim
										
											Pejabat PERKESO Labuan
										
											Pejabat PERKESO Lahad Datu
										
											Pejabat PERKESO Langkawi
										
											Pejabat PERKESO Limbang
										
											Pejabat PERKESO Miri
										
											Pejabat PERKESO Muar
										
											Pejabat PERKESO Mukah
										
											Pejabat PERKESO Negeri Johor
										
											Pejabat PERKESO Negeri Kedah
										
											Pejabat PERKESO Negeri Kelantan
										
											Pejabat PERKESO Negeri Melaka
										
											Pejabat PERKESO Negeri Pahang
										
											Pejabat PERKESO Negeri Perak
										
											Pejabat PERKESO Negeri Perlis
										
											Pejabat PERKESO Negeri Pulau Pinang
										
											Pejabat PERKESO Negeri Sabah
										
											Pejabat PERKESO Negeri Sarawak
										
											Pejabat PERKESO Negeri Selangor
										
											Pejabat PERKESO Negeri Sembilan
										
											Pejabat PERKESO Negeri Terengganu
										
											Pejabat PERKESO Negeri W.P Kuala Lumpur
										
											Pejabat PERKESO Rawang
										
											Pejabat PERKESO Sandakan
										
											Pejabat PERKESO Sarikei
										
											Pejabat PERKESO Segamat
										
											Pejabat PERKESO Serian
										
											Pejabat PERKESO Sibu
										
											Pejabat PERKESO Sri Aman
										
											Pejabat PERKESO Sri Manjung
										
											Pejabat PERKESO Sungai Petani
										
											Pejabat PERKESO Taiping
										
											Pejabat PERKESO Tanjung Karang
										
											Pejabat PERKESO Tapah
										
											Pejabat PERKESO Tawau
										
											Pejabat PERKESO Teluk Intan
										
											Pejabat PERKESO Temerloh
										
									' or . = '
										--Sila Pilih--
										
											Pejabat PERKESO Batu Pahat
										
											Pejabat PERKESO Beaufort
										
											Pejabat PERKESO Bentong
										
											Pejabat PERKESO Bintulu
										
											Pejabat PERKESO Dungun
										
											Pejabat PERKESO Georgetown
										
											Pejabat PERKESO Kajang
										
											Pejabat PERKESO Kapit
										
											Pejabat PERKESO Kemaman
										
											Pejabat PERKESO Keningau
										
											Pejabat PERKESO Klang
										
											Pejabat PERKESO Kluang
										
											Pejabat PERKESO Kota Marudu
										
											Pejabat PERKESO Kuala Kangsar
										
											Pejabat PERKESO Kuala Krai
										
											Pejabat PERKESO Kuala Pilah
										
											Pejabat PERKESO Kulim
										
											Pejabat PERKESO Labuan
										
											Pejabat PERKESO Lahad Datu
										
											Pejabat PERKESO Langkawi
										
											Pejabat PERKESO Limbang
										
											Pejabat PERKESO Miri
										
											Pejabat PERKESO Muar
										
											Pejabat PERKESO Mukah
										
											Pejabat PERKESO Negeri Johor
										
											Pejabat PERKESO Negeri Kedah
										
											Pejabat PERKESO Negeri Kelantan
										
											Pejabat PERKESO Negeri Melaka
										
											Pejabat PERKESO Negeri Pahang
										
											Pejabat PERKESO Negeri Perak
										
											Pejabat PERKESO Negeri Perlis
										
											Pejabat PERKESO Negeri Pulau Pinang
										
											Pejabat PERKESO Negeri Sabah
										
											Pejabat PERKESO Negeri Sarawak
										
											Pejabat PERKESO Negeri Selangor
										
											Pejabat PERKESO Negeri Sembilan
										
											Pejabat PERKESO Negeri Terengganu
										
											Pejabat PERKESO Negeri W.P Kuala Lumpur
										
											Pejabat PERKESO Rawang
										
											Pejabat PERKESO Sandakan
										
											Pejabat PERKESO Sarikei
										
											Pejabat PERKESO Segamat
										
											Pejabat PERKESO Serian
										
											Pejabat PERKESO Sibu
										
											Pejabat PERKESO Sri Aman
										
											Pejabat PERKESO Sri Manjung
										
											Pejabat PERKESO Sungai Petani
										
											Pejabat PERKESO Taiping
										
											Pejabat PERKESO Tanjung Karang
										
											Pejabat PERKESO Tapah
										
											Pejabat PERKESO Tawau
										
											Pejabat PERKESO Teluk Intan
										
											Pejabat PERKESO Temerloh
										
									')]})
	at com.kms.katalon.core.keyword.internal.KeywordMain.stepFailed(KeywordMain.groovy:36)
	at com.kms.katalon.core.webui.keyword.internal.WebUIKeywordMain.stepFailed(WebUIKeywordMain.groovy:65)
	at com.kms.katalon.core.webui.keyword.internal.WebUIKeywordMain.runKeyword(WebUIKeywordMain.groovy:27)
	at com.kms.katalon.core.webui.keyword.builtin.ClickKeyword.click(ClickKeyword.groovy:86)
	at com.kms.katalon.core.webui.keyword.builtin.ClickKeyword.execute(ClickKeyword.groovy:67)
	at com.kms.katalon.core.keyword.internal.KeywordExecutor.executeKeywordForPlatform(KeywordExecutor.groovy:53)
	at com.kms.katalon.core.webui.keyword.WebUiBuiltInKeywords.click(WebUiBuiltInKeywords.groovy:616)
	at com.kms.katalon.core.webui.keyword.WebUiBuiltInKeywords$click$3.call(Unknown Source)
	at GN_Application_Reg.run(GN_Application_Reg:51)
	at com.kms.katalon.core.main.ScriptEngine.run(ScriptEngine.java:194)
	at com.kms.katalon.core.main.ScriptEngine.runScriptAsRawText(ScriptEngine.java:119)
	at com.kms.katalon.core.main.TestCaseExecutor.runScript(TestCaseExecutor.java:328)
	at com.kms.katalon.core.main.TestCaseExecutor.doExecute(TestCaseExecutor.java:319)
	at com.kms.katalon.core.main.TestCaseExecutor.processExecutionPhase(TestCaseExecutor.java:298)
	at com.kms.katalon.core.main.TestCaseExecutor.accessMainPhase(TestCaseExecutor.java:290)
	at com.kms.katalon.core.main.TestCaseExecutor.execute(TestCaseExecutor.java:224)
	at com.kms.katalon.core.main.TestCaseMain.runTestCase(TestCaseMain.java:106)
	at com.kms.katalon.core.keyword.builtin.CallTestCaseKeyword$_callTestCase_closure1.doCall(CallTestCaseKeyword.groovy:59)
	at com.kms.katalon.core.keyword.builtin.CallTestCaseKeyword$_callTestCase_closure1.call(CallTestCaseKeyword.groovy)
	at com.kms.katalon.core.keyword.internal.KeywordMain.runKeyword(KeywordMain.groovy:54)
	at com.kms.katalon.core.keyword.builtin.CallTestCaseKeyword.callTestCase(CallTestCaseKeyword.groovy:80)
	at com.kms.katalon.core.keyword.builtin.CallTestCaseKeyword.execute(CallTestCaseKeyword.groovy:44)
	at com.kms.katalon.core.keyword.internal.KeywordExecutor.executeKeywordForPlatform(KeywordExecutor.groovy:53)
	at com.kms.katalon.core.keyword.BuiltinKeywords.callTestCase(BuiltinKeywords.groovy:334)
	at GN_Submit Form 7_End to End.run(GN_Submit Form 7_End to End:16)
	at com.kms.katalon.core.main.ScriptEngine.run(ScriptEngine.java:194)
	at com.kms.katalon.core.main.ScriptEngine.runScriptAsRawText(ScriptEngine.java:119)
	at com.kms.katalon.core.main.TestCaseExecutor.runScript(TestCaseExecutor.java:328)
	at com.kms.katalon.core.main.TestCaseExecutor.doExecute(TestCaseExecutor.java:319)
	at com.kms.katalon.core.main.TestCaseExecutor.processExecutionPhase(TestCaseExecutor.java:298)
	at com.kms.katalon.core.main.TestCaseExecutor.accessMainPhase(TestCaseExecutor.java:290)
	at com.kms.katalon.core.main.TestCaseExecutor.execute(TestCaseExecutor.java:224)
	at com.kms.katalon.core.main.TestCaseMain.runTestCase(TestCaseMain.java:106)
	at com.kms.katalon.core.keyword.builtin.CallTestCaseKeyword$_callTestCase_closure1.doCall(CallTestCaseKeyword.groovy:59)
	at com.kms.katalon.core.keyword.builtin.CallTestCaseKeyword$_callTestCase_closure1.call(CallTestCaseKeyword.groovy)
	at com.kms.katalon.core.keyword.internal.KeywordMain.runKeyword(KeywordMain.groovy:54)
	at com.kms.katalon.core.keyword.builtin.CallTestCaseKeyword.callTestCase(CallTestCaseKeyword.groovy:80)
	at com.kms.katalon.core.keyword.builtin.CallTestCaseKeyword.execute(CallTestCaseKeyword.groovy:44)
	at com.kms.katalon.core.keyword.internal.KeywordExecutor.executeKeywordForPlatform(KeywordExecutor.groovy:53)
	at com.kms.katalon.core.keyword.BuiltinKeywords.callTestCase(BuiltinKeywords.groovy:334)
	at Submit Form 7 (General) - Case Reassignment Cross Branch SEIO.run(Submit Form 7 (General) - Case Reassignment Cross Branch SEIO:16)
	at com.kms.katalon.core.main.ScriptEngine.run(ScriptEngine.java:194)
	at com.kms.katalon.core.main.ScriptEngine.runScriptAsRawText(ScriptEngine.java:119)
	at com.kms.katalon.core.main.TestCaseExecutor.runScript(TestCaseExecutor.java:328)
	at com.kms.katalon.core.main.TestCaseExecutor.doExecute(TestCaseExecutor.java:319)
	at com.kms.katalon.core.main.TestCaseExecutor.processExecutionPhase(TestCaseExecutor.java:298)
	at com.kms.katalon.core.main.TestCaseExecutor.accessMainPhase(TestCaseExecutor.java:290)
	at com.kms.katalon.core.main.TestCaseExecutor.execute(TestCaseExecutor.java:224)
	at com.kms.katalon.core.main.TestSuiteExecutor.accessTestCaseMainPhase(TestSuiteExecutor.java:129)
	at com.kms.katalon.core.main.TestSuiteExecutor.accessTestSuiteMainPhase(TestSuiteExecutor.java:112)
	at com.kms.katalon.core.main.TestSuiteExecutor.execute(TestSuiteExecutor.java:81)
	at com.kms.katalon.core.main.TestCaseMain.startTestSuite(TestCaseMain.java:149)
	at com.kms.katalon.core.main.TestCaseMain$startTestSuite$0.call(Unknown Source)
	at TempTestSuite1550652525208.run(TempTestSuite1550652525208.groovy:36)]]></system-err>
      </testcase>
      <testcase name="Test Cases/All TC/Arranged/0. Full Flow/Submit Form 7 (General) - Case Reassignment Cross Branch EIO" classname="Test Cases/All TC/Arranged/0. Full Flow/Submit Form 7 (General) - Case Reassignment Cross Branch EIO" status="FAILED">
         <failure type="FAILED" message="Test Cases/All TC/Arranged/0. Full Flow/Submit Form 7 (General) - Case Reassignment Cross Branch EIO FAILED.
Reason:
com.kms.katalon.core.exception.StepFailedException: Unable to click on object 'Object Repository/ZhiHao/General_User_Submit_form 7/GN_Application_Reg/Page_PERKESO/select_pejabat_perkeso' (Root cause: org.openqa.selenium.UnhandledAlertException: unexpected alert open: {Alert text : HARAP MAKLUM

PERMOHONAN FAEDAH SIP TELAH DIBUAT BAGI PEKERJAAN INI. MOHON MENYEMAK SEMULA STATUS PERMOHONAN BAGI TUNTUTAN FAEDAH TERSEBUT}
  (Session info: chrome=72.0.3626.109)
  (Driver info: chromedriver=2.43.600210 (68dcf5eebde37173d4027fa8635e332711d2874a),platform=Windows NT 6.1.7601 SP1 x86_64) (WARNING: The server did not provide any stacktrace information)
Command duration or timeout: 0 milliseconds: null
Build info: version: '3.7.1', revision: '8a0099a', time: '2017-11-06T21:07:36.161Z'
System info: host: 'WIN7TEST02', ip: '10.20.3.72', os.name: 'Windows 7', os.arch: 'amd64', os.version: '6.1', java.version: '1.8.0_181'
Driver info: com.kms.katalon.selenium.driver.CChromeDriver
Capabilities {acceptInsecureCerts: false, acceptSslCerts: false, applicationCacheEnabled: false, browserConnectionEnabled: false, browserName: chrome, chrome: {chromedriverVersion: 2.43.600210 (68dcf5eebde371..., userDataDir: C:\Users\Admin\AppData\Loca...}, cssSelectorsEnabled: true, databaseEnabled: false, goog:chromeOptions: {debuggerAddress: localhost:56619}, handlesAlerts: true, hasTouchScreen: false, javascriptEnabled: true, locationContextEnabled: true, mobileEmulationEnabled: false, nativeEvents: true, networkConnectionEnabled: false, pageLoadStrategy: normal, platform: XP, platformName: XP, rotatable: false, setWindowRect: true, takesHeapSnapshot: true, takesScreenshot: true, unexpectedAlertBehaviour: , unhandledPromptBehavior: , version: 72.0.3626.109, webStorageEnabled: true}
Session ID: 6c2d4871c20497e3f10d616fda801803
*** Element info: {Using=xpath, value=//select[@id = 'perkesoOfficeId' and @name = 'perkesoOfficeId' and (text() = '
										--Sila Pilih--
										
											Pejabat PERKESO Batu Pahat
										
											Pejabat PERKESO Beaufort
										
											Pejabat PERKESO Bentong
										
											Pejabat PERKESO Bintulu
										
											Pejabat PERKESO Dungun
										
											Pejabat PERKESO Georgetown
										
											Pejabat PERKESO Kajang
										
											Pejabat PERKESO Kapit
										
											Pejabat PERKESO Kemaman
										
											Pejabat PERKESO Keningau
										
											Pejabat PERKESO Klang
										
											Pejabat PERKESO Kluang
										
											Pejabat PERKESO Kota Marudu
										
											Pejabat PERKESO Kuala Kangsar
										
											Pejabat PERKESO Kuala Krai
										
											Pejabat PERKESO Kuala Pilah
										
											Pejabat PERKESO Kulim
										
											Pejabat PERKESO Labuan
										
											Pejabat PERKESO Lahad Datu
										
											Pejabat PERKESO Langkawi
										
											Pejabat PERKESO Limbang
										
											Pejabat PERKESO Miri
										
											Pejabat PERKESO Muar
										
											Pejabat PERKESO Mukah
										
											Pejabat PERKESO Negeri Johor
										
											Pejabat PERKESO Negeri Kedah
										
											Pejabat PERKESO Negeri Kelantan
										
											Pejabat PERKESO Negeri Melaka
										
											Pejabat PERKESO Negeri Pahang
										
											Pejabat PERKESO Negeri Perak
										
											Pejabat PERKESO Negeri Perlis
										
											Pejabat PERKESO Negeri Pulau Pinang
										
											Pejabat PERKESO Negeri Sabah
										
											Pejabat PERKESO Negeri Sarawak
										
											Pejabat PERKESO Negeri Selangor
										
											Pejabat PERKESO Negeri Sembilan
										
											Pejabat PERKESO Negeri Terengganu
										
											Pejabat PERKESO Negeri W.P Kuala Lumpur
										
											Pejabat PERKESO Rawang
										
											Pejabat PERKESO Sandakan
										
											Pejabat PERKESO Sarikei
										
											Pejabat PERKESO Segamat
										
											Pejabat PERKESO Serian
										
											Pejabat PERKESO Sibu
										
											Pejabat PERKESO Sri Aman
										
											Pejabat PERKESO Sri Manjung
										
											Pejabat PERKESO Sungai Petani
										
											Pejabat PERKESO Taiping
										
											Pejabat PERKESO Tanjung Karang
										
											Pejabat PERKESO Tapah
										
											Pejabat PERKESO Tawau
										
											Pejabat PERKESO Teluk Intan
										
											Pejabat PERKESO Temerloh
										
									' or . = '
										--Sila Pilih--
										
											Pejabat PERKESO Batu Pahat
										
											Pejabat PERKESO Beaufort
										
											Pejabat PERKESO Bentong
										
											Pejabat PERKESO Bintulu
										
											Pejabat PERKESO Dungun
										
											Pejabat PERKESO Georgetown
										
											Pejabat PERKESO Kajang
										
											Pejabat PERKESO Kapit
										
											Pejabat PERKESO Kemaman
										
											Pejabat PERKESO Keningau
										
											Pejabat PERKESO Klang
										
											Pejabat PERKESO Kluang
										
											Pejabat PERKESO Kota Marudu
										
											Pejabat PERKESO Kuala Kangsar
										
											Pejabat PERKESO Kuala Krai
										
											Pejabat PERKESO Kuala Pilah
										
											Pejabat PERKESO Kulim
										
											Pejabat PERKESO Labuan
										
											Pejabat PERKESO Lahad Datu
										
											Pejabat PERKESO Langkawi
										
											Pejabat PERKESO Limbang
										
											Pejabat PERKESO Miri
										
											Pejabat PERKESO Muar
										
											Pejabat PERKESO Mukah
										
											Pejabat PERKESO Negeri Johor
										
											Pejabat PERKESO Negeri Kedah
										
											Pejabat PERKESO Negeri Kelantan
										
											Pejabat PERKESO Negeri Melaka
										
											Pejabat PERKESO Negeri Pahang
										
											Pejabat PERKESO Negeri Perak
										
											Pejabat PERKESO Negeri Perlis
										
											Pejabat PERKESO Negeri Pulau Pinang
										
											Pejabat PERKESO Negeri Sabah
										
											Pejabat PERKESO Negeri Sarawak
										
											Pejabat PERKESO Negeri Selangor
										
											Pejabat PERKESO Negeri Sembilan
										
											Pejabat PERKESO Negeri Terengganu
										
											Pejabat PERKESO Negeri W.P Kuala Lumpur
										
											Pejabat PERKESO Rawang
										
											Pejabat PERKESO Sandakan
										
											Pejabat PERKESO Sarikei
										
											Pejabat PERKESO Segamat
										
											Pejabat PERKESO Serian
										
											Pejabat PERKESO Sibu
										
											Pejabat PERKESO Sri Aman
										
											Pejabat PERKESO Sri Manjung
										
											Pejabat PERKESO Sungai Petani
										
											Pejabat PERKESO Taiping
										
											Pejabat PERKESO Tanjung Karang
										
											Pejabat PERKESO Tapah
										
											Pejabat PERKESO Tawau
										
											Pejabat PERKESO Teluk Intan
										
											Pejabat PERKESO Temerloh
										
									')]})
	at com.kms.katalon.core.keyword.internal.KeywordMain.stepFailed(KeywordMain.groovy:36)
	at com.kms.katalon.core.webui.keyword.internal.WebUIKeywordMain.stepFailed(WebUIKeywordMain.groovy:65)
	at com.kms.katalon.core.webui.keyword.internal.WebUIKeywordMain.runKeyword(WebUIKeywordMain.groovy:27)
	at com.kms.katalon.core.webui.keyword.builtin.ClickKeyword.click(ClickKeyword.groovy:86)
	at com.kms.katalon.core.webui.keyword.builtin.ClickKeyword.execute(ClickKeyword.groovy:67)
	at com.kms.katalon.core.keyword.internal.KeywordExecutor.executeKeywordForPlatform(KeywordExecutor.groovy:53)
	at com.kms.katalon.core.webui.keyword.WebUiBuiltInKeywords.click(WebUiBuiltInKeywords.groovy:616)
	at com.kms.katalon.core.webui.keyword.WebUiBuiltInKeywords$click$3.call(Unknown Source)
	at GN_Application_Reg.run(GN_Application_Reg:51)
	at com.kms.katalon.core.main.ScriptEngine.run(ScriptEngine.java:194)
	at com.kms.katalon.core.main.ScriptEngine.runScriptAsRawText(ScriptEngine.java:119)
	at com.kms.katalon.core.main.TestCaseExecutor.runScript(TestCaseExecutor.java:328)
	at com.kms.katalon.core.main.TestCaseExecutor.doExecute(TestCaseExecutor.java:319)
	at com.kms.katalon.core.main.TestCaseExecutor.processExecutionPhase(TestCaseExecutor.java:298)
	at com.kms.katalon.core.main.TestCaseExecutor.accessMainPhase(TestCaseExecutor.java:290)
	at com.kms.katalon.core.main.TestCaseExecutor.execute(TestCaseExecutor.java:224)
	at com.kms.katalon.core.main.TestCaseMain.runTestCase(TestCaseMain.java:106)
	at com.kms.katalon.core.keyword.builtin.CallTestCaseKeyword$_callTestCase_closure1.doCall(CallTestCaseKeyword.groovy:59)
	at com.kms.katalon.core.keyword.builtin.CallTestCaseKeyword$_callTestCase_closure1.call(CallTestCaseKeyword.groovy)
	at com.kms.katalon.core.keyword.internal.KeywordMain.runKeyword(KeywordMain.groovy:54)
	at com.kms.katalon.core.keyword.builtin.CallTestCaseKeyword.callTestCase(CallTestCaseKeyword.groovy:80)
	at com.kms.katalon.core.keyword.builtin.CallTestCaseKeyword.execute(CallTestCaseKeyword.groovy:44)
	at com.kms.katalon.core.keyword.internal.KeywordExecutor.executeKeywordForPlatform(KeywordExecutor.groovy:53)
	at com.kms.katalon.core.keyword.BuiltinKeywords.callTestCase(BuiltinKeywords.groovy:334)
	at GN_Submit Form 7_End to End.run(GN_Submit Form 7_End to End:16)
	at com.kms.katalon.core.main.ScriptEngine.run(ScriptEngine.java:194)
	at com.kms.katalon.core.main.ScriptEngine.runScriptAsRawText(ScriptEngine.java:119)
	at com.kms.katalon.core.main.TestCaseExecutor.runScript(TestCaseExecutor.java:328)
	at com.kms.katalon.core.main.TestCaseExecutor.doExecute(TestCaseExecutor.java:319)
	at com.kms.katalon.core.main.TestCaseExecutor.processExecutionPhase(TestCaseExecutor.java:298)
	at com.kms.katalon.core.main.TestCaseExecutor.accessMainPhase(TestCaseExecutor.java:290)
	at com.kms.katalon.core.main.TestCaseExecutor.execute(TestCaseExecutor.java:224)
	at com.kms.katalon.core.main.TestCaseMain.runTestCase(TestCaseMain.java:106)
	at com.kms.katalon.core.keyword.builtin.CallTestCaseKeyword$_callTestCase_closure1.doCall(CallTestCaseKeyword.groovy:59)
	at com.kms.katalon.core.keyword.builtin.CallTestCaseKeyword$_callTestCase_closure1.call(CallTestCaseKeyword.groovy)
	at com.kms.katalon.core.keyword.internal.KeywordMain.runKeyword(KeywordMain.groovy:54)
	at com.kms.katalon.core.keyword.builtin.CallTestCaseKeyword.callTestCase(CallTestCaseKeyword.groovy:80)
	at com.kms.katalon.core.keyword.builtin.CallTestCaseKeyword.execute(CallTestCaseKeyword.groovy:44)
	at com.kms.katalon.core.keyword.internal.KeywordExecutor.executeKeywordForPlatform(KeywordExecutor.groovy:53)
	at com.kms.katalon.core.keyword.BuiltinKeywords.callTestCase(BuiltinKeywords.groovy:334)
	at Submit Form 7 (General) - Case Reassignment Cross Branch EIO.run(Submit Form 7 (General) - Case Reassignment Cross Branch EIO:16)
	at com.kms.katalon.core.main.ScriptEngine.run(ScriptEngine.java:194)
	at com.kms.katalon.core.main.ScriptEngine.runScriptAsRawText(ScriptEngine.java:119)
	at com.kms.katalon.core.main.TestCaseExecutor.runScript(TestCaseExecutor.java:328)
	at com.kms.katalon.core.main.TestCaseExecutor.doExecute(TestCaseExecutor.java:319)
	at com.kms.katalon.core.main.TestCaseExecutor.processExecutionPhase(TestCaseExecutor.java:298)
	at com.kms.katalon.core.main.TestCaseExecutor.accessMainPhase(TestCaseExecutor.java:290)
	at com.kms.katalon.core.main.TestCaseExecutor.execute(TestCaseExecutor.java:224)
	at com.kms.katalon.core.main.TestSuiteExecutor.accessTestCaseMainPhase(TestSuiteExecutor.java:129)
	at com.kms.katalon.core.main.TestSuiteExecutor.accessTestSuiteMainPhase(TestSuiteExecutor.java:112)
	at com.kms.katalon.core.main.TestSuiteExecutor.execute(TestSuiteExecutor.java:81)
	at com.kms.katalon.core.main.TestCaseMain.startTestSuite(TestCaseMain.java:149)
	at com.kms.katalon.core.main.TestCaseMain$startTestSuite$0.call(Unknown Source)
	at TempTestSuite1550652525208.run(TempTestSuite1550652525208.groovy:36)
"/>
         <system-out><![CDATA[2019-02-20 17:18:00 - [TEST_CASE][FAILED] - Test Cases/All TC/Arranged/0. Full Flow/Submit Form 7 (General) - Case Reassignment Cross Branch EIO: Test Cases/All TC/Arranged/0. Full Flow/Submit Form 7 (General) - Case Reassignment Cross Branch EIO FAILED.
Reason:
com.kms.katalon.core.exception.StepFailedException: Unable to click on object 'Object Repository/ZhiHao/General_User_Submit_form 7/GN_Application_Reg/Page_PERKESO/select_pejabat_perkeso' (Root cause: org.openqa.selenium.UnhandledAlertException: unexpected alert open: {Alert text : HARAP MAKLUM

PERMOHONAN FAEDAH SIP TELAH DIBUAT BAGI PEKERJAAN INI. MOHON MENYEMAK SEMULA STATUS PERMOHONAN BAGI TUNTUTAN FAEDAH TERSEBUT}
  (Session info: chrome=72.0.3626.109)
  (Driver info: chromedriver=2.43.600210 (68dcf5eebde37173d4027fa8635e332711d2874a),platform=Windows NT 6.1.7601 SP1 x86_64) (WARNING: The server did not provide any stacktrace information)
Command duration or timeout: 0 milliseconds: null
Build info: version: '3.7.1', revision: '8a0099a', time: '2017-11-06T21:07:36.161Z'
System info: host: 'WIN7TEST02', ip: '10.20.3.72', os.name: 'Windows 7', os.arch: 'amd64', os.version: '6.1', java.version: '1.8.0_181'
Driver info: com.kms.katalon.selenium.driver.CChromeDriver
Capabilities {acceptInsecureCerts: false, acceptSslCerts: false, applicationCacheEnabled: false, browserConnectionEnabled: false, browserName: chrome, chrome: {chromedriverVersion: 2.43.600210 (68dcf5eebde371..., userDataDir: C:\Users\Admin\AppData\Loca...}, cssSelectorsEnabled: true, databaseEnabled: false, goog:chromeOptions: {debuggerAddress: localhost:56619}, handlesAlerts: true, hasTouchScreen: false, javascriptEnabled: true, locationContextEnabled: true, mobileEmulationEnabled: false, nativeEvents: true, networkConnectionEnabled: false, pageLoadStrategy: normal, platform: XP, platformName: XP, rotatable: false, setWindowRect: true, takesHeapSnapshot: true, takesScreenshot: true, unexpectedAlertBehaviour: , unhandledPromptBehavior: , version: 72.0.3626.109, webStorageEnabled: true}
Session ID: 6c2d4871c20497e3f10d616fda801803
*** Element info: {Using=xpath, value=//select[@id = 'perkesoOfficeId' and @name = 'perkesoOfficeId' and (text() = '
										--Sila Pilih--
										
											Pejabat PERKESO Batu Pahat
										
											Pejabat PERKESO Beaufort
										
											Pejabat PERKESO Bentong
										
											Pejabat PERKESO Bintulu
										
											Pejabat PERKESO Dungun
										
											Pejabat PERKESO Georgetown
										
											Pejabat PERKESO Kajang
										
											Pejabat PERKESO Kapit
										
											Pejabat PERKESO Kemaman
										
											Pejabat PERKESO Keningau
										
											Pejabat PERKESO Klang
										
											Pejabat PERKESO Kluang
										
											Pejabat PERKESO Kota Marudu
										
											Pejabat PERKESO Kuala Kangsar
										
											Pejabat PERKESO Kuala Krai
										
											Pejabat PERKESO Kuala Pilah
										
											Pejabat PERKESO Kulim
										
											Pejabat PERKESO Labuan
										
											Pejabat PERKESO Lahad Datu
										
											Pejabat PERKESO Langkawi
										
											Pejabat PERKESO Limbang
										
											Pejabat PERKESO Miri
										
											Pejabat PERKESO Muar
										
											Pejabat PERKESO Mukah
										
											Pejabat PERKESO Negeri Johor
										
											Pejabat PERKESO Negeri Kedah
										
											Pejabat PERKESO Negeri Kelantan
										
											Pejabat PERKESO Negeri Melaka
										
											Pejabat PERKESO Negeri Pahang
										
											Pejabat PERKESO Negeri Perak
										
											Pejabat PERKESO Negeri Perlis
										
											Pejabat PERKESO Negeri Pulau Pinang
										
											Pejabat PERKESO Negeri Sabah
										
											Pejabat PERKESO Negeri Sarawak
										
											Pejabat PERKESO Negeri Selangor
										
											Pejabat PERKESO Negeri Sembilan
										
											Pejabat PERKESO Negeri Terengganu
										
											Pejabat PERKESO Negeri W.P Kuala Lumpur
										
											Pejabat PERKESO Rawang
										
											Pejabat PERKESO Sandakan
										
											Pejabat PERKESO Sarikei
										
											Pejabat PERKESO Segamat
										
											Pejabat PERKESO Serian
										
											Pejabat PERKESO Sibu
										
											Pejabat PERKESO Sri Aman
										
											Pejabat PERKESO Sri Manjung
										
											Pejabat PERKESO Sungai Petani
										
											Pejabat PERKESO Taiping
										
											Pejabat PERKESO Tanjung Karang
										
											Pejabat PERKESO Tapah
										
											Pejabat PERKESO Tawau
										
											Pejabat PERKESO Teluk Intan
										
											Pejabat PERKESO Temerloh
										
									' or . = '
										--Sila Pilih--
										
											Pejabat PERKESO Batu Pahat
										
											Pejabat PERKESO Beaufort
										
											Pejabat PERKESO Bentong
										
											Pejabat PERKESO Bintulu
										
											Pejabat PERKESO Dungun
										
											Pejabat PERKESO Georgetown
										
											Pejabat PERKESO Kajang
										
											Pejabat PERKESO Kapit
										
											Pejabat PERKESO Kemaman
										
											Pejabat PERKESO Keningau
										
											Pejabat PERKESO Klang
										
											Pejabat PERKESO Kluang
										
											Pejabat PERKESO Kota Marudu
										
											Pejabat PERKESO Kuala Kangsar
										
											Pejabat PERKESO Kuala Krai
										
											Pejabat PERKESO Kuala Pilah
										
											Pejabat PERKESO Kulim
										
											Pejabat PERKESO Labuan
										
											Pejabat PERKESO Lahad Datu
										
											Pejabat PERKESO Langkawi
										
											Pejabat PERKESO Limbang
										
											Pejabat PERKESO Miri
										
											Pejabat PERKESO Muar
										
											Pejabat PERKESO Mukah
										
											Pejabat PERKESO Negeri Johor
										
											Pejabat PERKESO Negeri Kedah
										
											Pejabat PERKESO Negeri Kelantan
										
											Pejabat PERKESO Negeri Melaka
										
											Pejabat PERKESO Negeri Pahang
										
											Pejabat PERKESO Negeri Perak
										
											Pejabat PERKESO Negeri Perlis
										
											Pejabat PERKESO Negeri Pulau Pinang
										
											Pejabat PERKESO Negeri Sabah
										
											Pejabat PERKESO Negeri Sarawak
										
											Pejabat PERKESO Negeri Selangor
										
											Pejabat PERKESO Negeri Sembilan
										
											Pejabat PERKESO Negeri Terengganu
										
											Pejabat PERKESO Negeri W.P Kuala Lumpur
										
											Pejabat PERKESO Rawang
										
											Pejabat PERKESO Sandakan
										
											Pejabat PERKESO Sarikei
										
											Pejabat PERKESO Segamat
										
											Pejabat PERKESO Serian
										
											Pejabat PERKESO Sibu
										
											Pejabat PERKESO Sri Aman
										
											Pejabat PERKESO Sri Manjung
										
											Pejabat PERKESO Sungai Petani
										
											Pejabat PERKESO Taiping
										
											Pejabat PERKESO Tanjung Karang
										
											Pejabat PERKESO Tapah
										
											Pejabat PERKESO Tawau
										
											Pejabat PERKESO Teluk Intan
										
											Pejabat PERKESO Temerloh
										
									')]})
	at com.kms.katalon.core.keyword.internal.KeywordMain.stepFailed(KeywordMain.groovy:36)
	at com.kms.katalon.core.webui.keyword.internal.WebUIKeywordMain.stepFailed(WebUIKeywordMain.groovy:65)
	at com.kms.katalon.core.webui.keyword.internal.WebUIKeywordMain.runKeyword(WebUIKeywordMain.groovy:27)
	at com.kms.katalon.core.webui.keyword.builtin.ClickKeyword.click(ClickKeyword.groovy:86)
	at com.kms.katalon.core.webui.keyword.builtin.ClickKeyword.execute(ClickKeyword.groovy:67)
	at com.kms.katalon.core.keyword.internal.KeywordExecutor.executeKeywordForPlatform(KeywordExecutor.groovy:53)
	at com.kms.katalon.core.webui.keyword.WebUiBuiltInKeywords.click(WebUiBuiltInKeywords.groovy:616)
	at com.kms.katalon.core.webui.keyword.WebUiBuiltInKeywords$click$3.call(Unknown Source)
	at GN_Application_Reg.run(GN_Application_Reg:51)
	at com.kms.katalon.core.main.ScriptEngine.run(ScriptEngine.java:194)
	at com.kms.katalon.core.main.ScriptEngine.runScriptAsRawText(ScriptEngine.java:119)
	at com.kms.katalon.core.main.TestCaseExecutor.runScript(TestCaseExecutor.java:328)
	at com.kms.katalon.core.main.TestCaseExecutor.doExecute(TestCaseExecutor.java:319)
	at com.kms.katalon.core.main.TestCaseExecutor.processExecutionPhase(TestCaseExecutor.java:298)
	at com.kms.katalon.core.main.TestCaseExecutor.accessMainPhase(TestCaseExecutor.java:290)
	at com.kms.katalon.core.main.TestCaseExecutor.execute(TestCaseExecutor.java:224)
	at com.kms.katalon.core.main.TestCaseMain.runTestCase(TestCaseMain.java:106)
	at com.kms.katalon.core.keyword.builtin.CallTestCaseKeyword$_callTestCase_closure1.doCall(CallTestCaseKeyword.groovy:59)
	at com.kms.katalon.core.keyword.builtin.CallTestCaseKeyword$_callTestCase_closure1.call(CallTestCaseKeyword.groovy)
	at com.kms.katalon.core.keyword.internal.KeywordMain.runKeyword(KeywordMain.groovy:54)
	at com.kms.katalon.core.keyword.builtin.CallTestCaseKeyword.callTestCase(CallTestCaseKeyword.groovy:80)
	at com.kms.katalon.core.keyword.builtin.CallTestCaseKeyword.execute(CallTestCaseKeyword.groovy:44)
	at com.kms.katalon.core.keyword.internal.KeywordExecutor.executeKeywordForPlatform(KeywordExecutor.groovy:53)
	at com.kms.katalon.core.keyword.BuiltinKeywords.callTestCase(BuiltinKeywords.groovy:334)
	at GN_Submit Form 7_End to End.run(GN_Submit Form 7_End to End:16)
	at com.kms.katalon.core.main.ScriptEngine.run(ScriptEngine.java:194)
	at com.kms.katalon.core.main.ScriptEngine.runScriptAsRawText(ScriptEngine.java:119)
	at com.kms.katalon.core.main.TestCaseExecutor.runScript(TestCaseExecutor.java:328)
	at com.kms.katalon.core.main.TestCaseExecutor.doExecute(TestCaseExecutor.java:319)
	at com.kms.katalon.core.main.TestCaseExecutor.processExecutionPhase(TestCaseExecutor.java:298)
	at com.kms.katalon.core.main.TestCaseExecutor.accessMainPhase(TestCaseExecutor.java:290)
	at com.kms.katalon.core.main.TestCaseExecutor.execute(TestCaseExecutor.java:224)
	at com.kms.katalon.core.main.TestCaseMain.runTestCase(TestCaseMain.java:106)
	at com.kms.katalon.core.keyword.builtin.CallTestCaseKeyword$_callTestCase_closure1.doCall(CallTestCaseKeyword.groovy:59)
	at com.kms.katalon.core.keyword.builtin.CallTestCaseKeyword$_callTestCase_closure1.call(CallTestCaseKeyword.groovy)
	at com.kms.katalon.core.keyword.internal.KeywordMain.runKeyword(KeywordMain.groovy:54)
	at com.kms.katalon.core.keyword.builtin.CallTestCaseKeyword.callTestCase(CallTestCaseKeyword.groovy:80)
	at com.kms.katalon.core.keyword.builtin.CallTestCaseKeyword.execute(CallTestCaseKeyword.groovy:44)
	at com.kms.katalon.core.keyword.internal.KeywordExecutor.executeKeywordForPlatform(KeywordExecutor.groovy:53)
	at com.kms.katalon.core.keyword.BuiltinKeywords.callTestCase(BuiltinKeywords.groovy:334)
	at Submit Form 7 (General) - Case Reassignment Cross Branch EIO.run(Submit Form 7 (General) - Case Reassignment Cross Branch EIO:16)
	at com.kms.katalon.core.main.ScriptEngine.run(ScriptEngine.java:194)
	at com.kms.katalon.core.main.ScriptEngine.runScriptAsRawText(ScriptEngine.java:119)
	at com.kms.katalon.core.main.TestCaseExecutor.runScript(TestCaseExecutor.java:328)
	at com.kms.katalon.core.main.TestCaseExecutor.doExecute(TestCaseExecutor.java:319)
	at com.kms.katalon.core.main.TestCaseExecutor.processExecutionPhase(TestCaseExecutor.java:298)
	at com.kms.katalon.core.main.TestCaseExecutor.accessMainPhase(TestCaseExecutor.java:290)
	at com.kms.katalon.core.main.TestCaseExecutor.execute(TestCaseExecutor.java:224)
	at com.kms.katalon.core.main.TestSuiteExecutor.accessTestCaseMainPhase(TestSuiteExecutor.java:129)
	at com.kms.katalon.core.main.TestSuiteExecutor.accessTestSuiteMainPhase(TestSuiteExecutor.java:112)
	at com.kms.katalon.core.main.TestSuiteExecutor.execute(TestSuiteExecutor.java:81)
	at com.kms.katalon.core.main.TestCaseMain.startTestSuite(TestCaseMain.java:149)
	at com.kms.katalon.core.main.TestCaseMain$startTestSuite$0.call(Unknown Source)
	at TempTestSuite1550652525208.run(TempTestSuite1550652525208.groovy:36)


2019-02-20 17:18:01 - [TEST_STEP][FAILED] - callTestCase(findTestCase("All TC/Arranged/2. Segment/GN_Submit Form 7_End to End"), [:], STOP_ON_FAILURE): callTestCase(findTestCase("All TC/Arranged/2. Segment/GN_Submit Form 7_End to End"), [:], STOP_ON_FAILURE) FAILED.
Reason:
com.kms.katalon.core.exception.StepFailedException: Unable to click on object 'Object Repository/ZhiHao/General_User_Submit_form 7/GN_Application_Reg/Page_PERKESO/select_pejabat_perkeso' (Root cause: org.openqa.selenium.UnhandledAlertException: unexpected alert open: {Alert text : HARAP MAKLUM

PERMOHONAN FAEDAH SIP TELAH DIBUAT BAGI PEKERJAAN INI. MOHON MENYEMAK SEMULA STATUS PERMOHONAN BAGI TUNTUTAN FAEDAH TERSEBUT}
  (Session info: chrome=72.0.3626.109)
  (Driver info: chromedriver=2.43.600210 (68dcf5eebde37173d4027fa8635e332711d2874a),platform=Windows NT 6.1.7601 SP1 x86_64) (WARNING: The server did not provide any stacktrace information)
Command duration or timeout: 0 milliseconds: null
Build info: version: '3.7.1', revision: '8a0099a', time: '2017-11-06T21:07:36.161Z'
System info: host: 'WIN7TEST02', ip: '10.20.3.72', os.name: 'Windows 7', os.arch: 'amd64', os.version: '6.1', java.version: '1.8.0_181'
Driver info: com.kms.katalon.selenium.driver.CChromeDriver
Capabilities {acceptInsecureCerts: false, acceptSslCerts: false, applicationCacheEnabled: false, browserConnectionEnabled: false, browserName: chrome, chrome: {chromedriverVersion: 2.43.600210 (68dcf5eebde371..., userDataDir: C:\Users\Admin\AppData\Loca...}, cssSelectorsEnabled: true, databaseEnabled: false, goog:chromeOptions: {debuggerAddress: localhost:56619}, handlesAlerts: true, hasTouchScreen: false, javascriptEnabled: true, locationContextEnabled: true, mobileEmulationEnabled: false, nativeEvents: true, networkConnectionEnabled: false, pageLoadStrategy: normal, platform: XP, platformName: XP, rotatable: false, setWindowRect: true, takesHeapSnapshot: true, takesScreenshot: true, unexpectedAlertBehaviour: , unhandledPromptBehavior: , version: 72.0.3626.109, webStorageEnabled: true}
Session ID: 6c2d4871c20497e3f10d616fda801803
*** Element info: {Using=xpath, value=//select[@id = 'perkesoOfficeId' and @name = 'perkesoOfficeId' and (text() = '
										--Sila Pilih--
										
											Pejabat PERKESO Batu Pahat
										
											Pejabat PERKESO Beaufort
										
											Pejabat PERKESO Bentong
										
											Pejabat PERKESO Bintulu
										
											Pejabat PERKESO Dungun
										
											Pejabat PERKESO Georgetown
										
											Pejabat PERKESO Kajang
										
											Pejabat PERKESO Kapit
										
											Pejabat PERKESO Kemaman
										
											Pejabat PERKESO Keningau
										
											Pejabat PERKESO Klang
										
											Pejabat PERKESO Kluang
										
											Pejabat PERKESO Kota Marudu
										
											Pejabat PERKESO Kuala Kangsar
										
											Pejabat PERKESO Kuala Krai
										
											Pejabat PERKESO Kuala Pilah
										
											Pejabat PERKESO Kulim
										
											Pejabat PERKESO Labuan
										
											Pejabat PERKESO Lahad Datu
										
											Pejabat PERKESO Langkawi
										
											Pejabat PERKESO Limbang
										
											Pejabat PERKESO Miri
										
											Pejabat PERKESO Muar
										
											Pejabat PERKESO Mukah
										
											Pejabat PERKESO Negeri Johor
										
											Pejabat PERKESO Negeri Kedah
										
											Pejabat PERKESO Negeri Kelantan
										
											Pejabat PERKESO Negeri Melaka
										
											Pejabat PERKESO Negeri Pahang
										
											Pejabat PERKESO Negeri Perak
										
											Pejabat PERKESO Negeri Perlis
										
											Pejabat PERKESO Negeri Pulau Pinang
										
											Pejabat PERKESO Negeri Sabah
										
											Pejabat PERKESO Negeri Sarawak
										
											Pejabat PERKESO Negeri Selangor
										
											Pejabat PERKESO Negeri Sembilan
										
											Pejabat PERKESO Negeri Terengganu
										
											Pejabat PERKESO Negeri W.P Kuala Lumpur
										
											Pejabat PERKESO Rawang
										
											Pejabat PERKESO Sandakan
										
											Pejabat PERKESO Sarikei
										
											Pejabat PERKESO Segamat
										
											Pejabat PERKESO Serian
										
											Pejabat PERKESO Sibu
										
											Pejabat PERKESO Sri Aman
										
											Pejabat PERKESO Sri Manjung
										
											Pejabat PERKESO Sungai Petani
										
											Pejabat PERKESO Taiping
										
											Pejabat PERKESO Tanjung Karang
										
											Pejabat PERKESO Tapah
										
											Pejabat PERKESO Tawau
										
											Pejabat PERKESO Teluk Intan
										
											Pejabat PERKESO Temerloh
										
									' or . = '
										--Sila Pilih--
										
											Pejabat PERKESO Batu Pahat
										
											Pejabat PERKESO Beaufort
										
											Pejabat PERKESO Bentong
										
											Pejabat PERKESO Bintulu
										
											Pejabat PERKESO Dungun
										
											Pejabat PERKESO Georgetown
										
											Pejabat PERKESO Kajang
										
											Pejabat PERKESO Kapit
										
											Pejabat PERKESO Kemaman
										
											Pejabat PERKESO Keningau
										
											Pejabat PERKESO Klang
										
											Pejabat PERKESO Kluang
										
											Pejabat PERKESO Kota Marudu
										
											Pejabat PERKESO Kuala Kangsar
										
											Pejabat PERKESO Kuala Krai
										
											Pejabat PERKESO Kuala Pilah
										
											Pejabat PERKESO Kulim
										
											Pejabat PERKESO Labuan
										
											Pejabat PERKESO Lahad Datu
										
											Pejabat PERKESO Langkawi
										
											Pejabat PERKESO Limbang
										
											Pejabat PERKESO Miri
										
											Pejabat PERKESO Muar
										
											Pejabat PERKESO Mukah
										
											Pejabat PERKESO Negeri Johor
										
											Pejabat PERKESO Negeri Kedah
										
											Pejabat PERKESO Negeri Kelantan
										
											Pejabat PERKESO Negeri Melaka
										
											Pejabat PERKESO Negeri Pahang
										
											Pejabat PERKESO Negeri Perak
										
											Pejabat PERKESO Negeri Perlis
										
											Pejabat PERKESO Negeri Pulau Pinang
										
											Pejabat PERKESO Negeri Sabah
										
											Pejabat PERKESO Negeri Sarawak
										
											Pejabat PERKESO Negeri Selangor
										
											Pejabat PERKESO Negeri Sembilan
										
											Pejabat PERKESO Negeri Terengganu
										
											Pejabat PERKESO Negeri W.P Kuala Lumpur
										
											Pejabat PERKESO Rawang
										
											Pejabat PERKESO Sandakan
										
											Pejabat PERKESO Sarikei
										
											Pejabat PERKESO Segamat
										
											Pejabat PERKESO Serian
										
											Pejabat PERKESO Sibu
										
											Pejabat PERKESO Sri Aman
										
											Pejabat PERKESO Sri Manjung
										
											Pejabat PERKESO Sungai Petani
										
											Pejabat PERKESO Taiping
										
											Pejabat PERKESO Tanjung Karang
										
											Pejabat PERKESO Tapah
										
											Pejabat PERKESO Tawau
										
											Pejabat PERKESO Teluk Intan
										
											Pejabat PERKESO Temerloh
										
									')]})
	at com.kms.katalon.core.keyword.internal.KeywordMain.stepFailed(KeywordMain.groovy:36)
	at com.kms.katalon.core.webui.keyword.internal.WebUIKeywordMain.stepFailed(WebUIKeywordMain.groovy:65)
	at com.kms.katalon.core.webui.keyword.internal.WebUIKeywordMain.runKeyword(WebUIKeywordMain.groovy:27)
	at com.kms.katalon.core.webui.keyword.builtin.ClickKeyword.click(ClickKeyword.groovy:86)
	at com.kms.katalon.core.webui.keyword.builtin.ClickKeyword.execute(ClickKeyword.groovy:67)
	at com.kms.katalon.core.keyword.internal.KeywordExecutor.executeKeywordForPlatform(KeywordExecutor.groovy:53)
	at com.kms.katalon.core.webui.keyword.WebUiBuiltInKeywords.click(WebUiBuiltInKeywords.groovy:616)
	at com.kms.katalon.core.webui.keyword.WebUiBuiltInKeywords$click$3.call(Unknown Source)
	at GN_Application_Reg.run(GN_Application_Reg:51)
	at com.kms.katalon.core.main.ScriptEngine.run(ScriptEngine.java:194)
	at com.kms.katalon.core.main.ScriptEngine.runScriptAsRawText(ScriptEngine.java:119)
	at com.kms.katalon.core.main.TestCaseExecutor.runScript(TestCaseExecutor.java:328)
	at com.kms.katalon.core.main.TestCaseExecutor.doExecute(TestCaseExecutor.java:319)
	at com.kms.katalon.core.main.TestCaseExecutor.processExecutionPhase(TestCaseExecutor.java:298)
	at com.kms.katalon.core.main.TestCaseExecutor.accessMainPhase(TestCaseExecutor.java:290)
	at com.kms.katalon.core.main.TestCaseExecutor.execute(TestCaseExecutor.java:224)
	at com.kms.katalon.core.main.TestCaseMain.runTestCase(TestCaseMain.java:106)
	at com.kms.katalon.core.keyword.builtin.CallTestCaseKeyword$_callTestCase_closure1.doCall(CallTestCaseKeyword.groovy:59)
	at com.kms.katalon.core.keyword.builtin.CallTestCaseKeyword$_callTestCase_closure1.call(CallTestCaseKeyword.groovy)
	at com.kms.katalon.core.keyword.internal.KeywordMain.runKeyword(KeywordMain.groovy:54)
	at com.kms.katalon.core.keyword.builtin.CallTestCaseKeyword.callTestCase(CallTestCaseKeyword.groovy:80)
	at com.kms.katalon.core.keyword.builtin.CallTestCaseKeyword.execute(CallTestCaseKeyword.groovy:44)
	at com.kms.katalon.core.keyword.internal.KeywordExecutor.executeKeywordForPlatform(KeywordExecutor.groovy:53)
	at com.kms.katalon.core.keyword.BuiltinKeywords.callTestCase(BuiltinKeywords.groovy:334)
	at GN_Submit Form 7_End to End.run(GN_Submit Form 7_End to End:16)
	at com.kms.katalon.core.main.ScriptEngine.run(ScriptEngine.java:194)
	at com.kms.katalon.core.main.ScriptEngine.runScriptAsRawText(ScriptEngine.java:119)
	at com.kms.katalon.core.main.TestCaseExecutor.runScript(TestCaseExecutor.java:328)
	at com.kms.katalon.core.main.TestCaseExecutor.doExecute(TestCaseExecutor.java:319)
	at com.kms.katalon.core.main.TestCaseExecutor.processExecutionPhase(TestCaseExecutor.java:298)
	at com.kms.katalon.core.main.TestCaseExecutor.accessMainPhase(TestCaseExecutor.java:290)
	at com.kms.katalon.core.main.TestCaseExecutor.execute(TestCaseExecutor.java:224)
	at com.kms.katalon.core.main.TestCaseMain.runTestCase(TestCaseMain.java:106)
	at com.kms.katalon.core.keyword.builtin.CallTestCaseKeyword$_callTestCase_closure1.doCall(CallTestCaseKeyword.groovy:59)
	at com.kms.katalon.core.keyword.builtin.CallTestCaseKeyword$_callTestCase_closure1.call(CallTestCaseKeyword.groovy)
	at com.kms.katalon.core.keyword.internal.KeywordMain.runKeyword(KeywordMain.groovy:54)
	at com.kms.katalon.core.keyword.builtin.CallTestCaseKeyword.callTestCase(CallTestCaseKeyword.groovy:80)
	at com.kms.katalon.core.keyword.builtin.CallTestCaseKeyword.execute(CallTestCaseKeyword.groovy:44)
	at com.kms.katalon.core.keyword.internal.KeywordExecutor.executeKeywordForPlatform(KeywordExecutor.groovy:53)
	at com.kms.katalon.core.keyword.BuiltinKeywords.callTestCase(BuiltinKeywords.groovy:334)
	at Submit Form 7 (General) - Case Reassignment Cross Branch EIO.run(Submit Form 7 (General) - Case Reassignment Cross Branch EIO:16)
	at com.kms.katalon.core.main.ScriptEngine.run(ScriptEngine.java:194)
	at com.kms.katalon.core.main.ScriptEngine.runScriptAsRawText(ScriptEngine.java:119)
	at com.kms.katalon.core.main.TestCaseExecutor.runScript(TestCaseExecutor.java:328)
	at com.kms.katalon.core.main.TestCaseExecutor.doExecute(TestCaseExecutor.java:319)
	at com.kms.katalon.core.main.TestCaseExecutor.processExecutionPhase(TestCaseExecutor.java:298)
	at com.kms.katalon.core.main.TestCaseExecutor.accessMainPhase(TestCaseExecutor.java:290)
	at com.kms.katalon.core.main.TestCaseExecutor.execute(TestCaseExecutor.java:224)
	at com.kms.katalon.core.main.TestSuiteExecutor.accessTestCaseMainPhase(TestSuiteExecutor.java:129)
	at com.kms.katalon.core.main.TestSuiteExecutor.accessTestSuiteMainPhase(TestSuiteExecutor.java:112)
	at com.kms.katalon.core.main.TestSuiteExecutor.execute(TestSuiteExecutor.java:81)
	at com.kms.katalon.core.main.TestCaseMain.startTestSuite(TestCaseMain.java:149)
	at com.kms.katalon.core.main.TestCaseMain$startTestSuite$0.call(Unknown Source)
	at TempTestSuite1550652525208.run(TempTestSuite1550652525208.groovy:36)


2019-02-20 17:18:01 - [TEST_CASE][FAILED] - Test Cases/All TC/Arranged/2. Segment/GN_Submit Form 7_End to End: Test Cases/All TC/Arranged/2. Segment/GN_Submit Form 7_End to End FAILED.
Reason:
com.kms.katalon.core.exception.StepFailedException: Unable to click on object 'Object Repository/ZhiHao/General_User_Submit_form 7/GN_Application_Reg/Page_PERKESO/select_pejabat_perkeso' (Root cause: org.openqa.selenium.UnhandledAlertException: unexpected alert open: {Alert text : HARAP MAKLUM

PERMOHONAN FAEDAH SIP TELAH DIBUAT BAGI PEKERJAAN INI. MOHON MENYEMAK SEMULA STATUS PERMOHONAN BAGI TUNTUTAN FAEDAH TERSEBUT}
  (Session info: chrome=72.0.3626.109)
  (Driver info: chromedriver=2.43.600210 (68dcf5eebde37173d4027fa8635e332711d2874a),platform=Windows NT 6.1.7601 SP1 x86_64) (WARNING: The server did not provide any stacktrace information)
Command duration or timeout: 0 milliseconds: null
Build info: version: '3.7.1', revision: '8a0099a', time: '2017-11-06T21:07:36.161Z'
System info: host: 'WIN7TEST02', ip: '10.20.3.72', os.name: 'Windows 7', os.arch: 'amd64', os.version: '6.1', java.version: '1.8.0_181'
Driver info: com.kms.katalon.selenium.driver.CChromeDriver
Capabilities {acceptInsecureCerts: false, acceptSslCerts: false, applicationCacheEnabled: false, browserConnectionEnabled: false, browserName: chrome, chrome: {chromedriverVersion: 2.43.600210 (68dcf5eebde371..., userDataDir: C:\Users\Admin\AppData\Loca...}, cssSelectorsEnabled: true, databaseEnabled: false, goog:chromeOptions: {debuggerAddress: localhost:56619}, handlesAlerts: true, hasTouchScreen: false, javascriptEnabled: true, locationContextEnabled: true, mobileEmulationEnabled: false, nativeEvents: true, networkConnectionEnabled: false, pageLoadStrategy: normal, platform: XP, platformName: XP, rotatable: false, setWindowRect: true, takesHeapSnapshot: true, takesScreenshot: true, unexpectedAlertBehaviour: , unhandledPromptBehavior: , version: 72.0.3626.109, webStorageEnabled: true}
Session ID: 6c2d4871c20497e3f10d616fda801803
*** Element info: {Using=xpath, value=//select[@id = 'perkesoOfficeId' and @name = 'perkesoOfficeId' and (text() = '
										--Sila Pilih--
										
											Pejabat PERKESO Batu Pahat
										
											Pejabat PERKESO Beaufort
										
											Pejabat PERKESO Bentong
										
											Pejabat PERKESO Bintulu
										
											Pejabat PERKESO Dungun
										
											Pejabat PERKESO Georgetown
										
											Pejabat PERKESO Kajang
										
											Pejabat PERKESO Kapit
										
											Pejabat PERKESO Kemaman
										
											Pejabat PERKESO Keningau
										
											Pejabat PERKESO Klang
										
											Pejabat PERKESO Kluang
										
											Pejabat PERKESO Kota Marudu
										
											Pejabat PERKESO Kuala Kangsar
										
											Pejabat PERKESO Kuala Krai
										
											Pejabat PERKESO Kuala Pilah
										
											Pejabat PERKESO Kulim
										
											Pejabat PERKESO Labuan
										
											Pejabat PERKESO Lahad Datu
										
											Pejabat PERKESO Langkawi
										
											Pejabat PERKESO Limbang
										
											Pejabat PERKESO Miri
										
											Pejabat PERKESO Muar
										
											Pejabat PERKESO Mukah
										
											Pejabat PERKESO Negeri Johor
										
											Pejabat PERKESO Negeri Kedah
										
											Pejabat PERKESO Negeri Kelantan
										
											Pejabat PERKESO Negeri Melaka
										
											Pejabat PERKESO Negeri Pahang
										
											Pejabat PERKESO Negeri Perak
										
											Pejabat PERKESO Negeri Perlis
										
											Pejabat PERKESO Negeri Pulau Pinang
										
											Pejabat PERKESO Negeri Sabah
										
											Pejabat PERKESO Negeri Sarawak
										
											Pejabat PERKESO Negeri Selangor
										
											Pejabat PERKESO Negeri Sembilan
										
											Pejabat PERKESO Negeri Terengganu
										
											Pejabat PERKESO Negeri W.P Kuala Lumpur
										
											Pejabat PERKESO Rawang
										
											Pejabat PERKESO Sandakan
										
											Pejabat PERKESO Sarikei
										
											Pejabat PERKESO Segamat
										
											Pejabat PERKESO Serian
										
											Pejabat PERKESO Sibu
										
											Pejabat PERKESO Sri Aman
										
											Pejabat PERKESO Sri Manjung
										
											Pejabat PERKESO Sungai Petani
										
											Pejabat PERKESO Taiping
										
											Pejabat PERKESO Tanjung Karang
										
											Pejabat PERKESO Tapah
										
											Pejabat PERKESO Tawau
										
											Pejabat PERKESO Teluk Intan
										
											Pejabat PERKESO Temerloh
										
									' or . = '
										--Sila Pilih--
										
											Pejabat PERKESO Batu Pahat
										
											Pejabat PERKESO Beaufort
										
											Pejabat PERKESO Bentong
										
											Pejabat PERKESO Bintulu
										
											Pejabat PERKESO Dungun
										
											Pejabat PERKESO Georgetown
										
											Pejabat PERKESO Kajang
										
											Pejabat PERKESO Kapit
										
											Pejabat PERKESO Kemaman
										
											Pejabat PERKESO Keningau
										
											Pejabat PERKESO Klang
										
											Pejabat PERKESO Kluang
										
											Pejabat PERKESO Kota Marudu
										
											Pejabat PERKESO Kuala Kangsar
										
											Pejabat PERKESO Kuala Krai
										
											Pejabat PERKESO Kuala Pilah
										
											Pejabat PERKESO Kulim
										
											Pejabat PERKESO Labuan
										
											Pejabat PERKESO Lahad Datu
										
											Pejabat PERKESO Langkawi
										
											Pejabat PERKESO Limbang
										
											Pejabat PERKESO Miri
										
											Pejabat PERKESO Muar
										
											Pejabat PERKESO Mukah
										
											Pejabat PERKESO Negeri Johor
										
											Pejabat PERKESO Negeri Kedah
										
											Pejabat PERKESO Negeri Kelantan
										
											Pejabat PERKESO Negeri Melaka
										
											Pejabat PERKESO Negeri Pahang
										
											Pejabat PERKESO Negeri Perak
										
											Pejabat PERKESO Negeri Perlis
										
											Pejabat PERKESO Negeri Pulau Pinang
										
											Pejabat PERKESO Negeri Sabah
										
											Pejabat PERKESO Negeri Sarawak
										
											Pejabat PERKESO Negeri Selangor
										
											Pejabat PERKESO Negeri Sembilan
										
											Pejabat PERKESO Negeri Terengganu
										
											Pejabat PERKESO Negeri W.P Kuala Lumpur
										
											Pejabat PERKESO Rawang
										
											Pejabat PERKESO Sandakan
										
											Pejabat PERKESO Sarikei
										
											Pejabat PERKESO Segamat
										
											Pejabat PERKESO Serian
										
											Pejabat PERKESO Sibu
										
											Pejabat PERKESO Sri Aman
										
											Pejabat PERKESO Sri Manjung
										
											Pejabat PERKESO Sungai Petani
										
											Pejabat PERKESO Taiping
										
											Pejabat PERKESO Tanjung Karang
										
											Pejabat PERKESO Tapah
										
											Pejabat PERKESO Tawau
										
											Pejabat PERKESO Teluk Intan
										
											Pejabat PERKESO Temerloh
										
									')]})
	at com.kms.katalon.core.keyword.internal.KeywordMain.stepFailed(KeywordMain.groovy:36)
	at com.kms.katalon.core.webui.keyword.internal.WebUIKeywordMain.stepFailed(WebUIKeywordMain.groovy:65)
	at com.kms.katalon.core.webui.keyword.internal.WebUIKeywordMain.runKeyword(WebUIKeywordMain.groovy:27)
	at com.kms.katalon.core.webui.keyword.builtin.ClickKeyword.click(ClickKeyword.groovy:86)
	at com.kms.katalon.core.webui.keyword.builtin.ClickKeyword.execute(ClickKeyword.groovy:67)
	at com.kms.katalon.core.keyword.internal.KeywordExecutor.executeKeywordForPlatform(KeywordExecutor.groovy:53)
	at com.kms.katalon.core.webui.keyword.WebUiBuiltInKeywords.click(WebUiBuiltInKeywords.groovy:616)
	at com.kms.katalon.core.webui.keyword.WebUiBuiltInKeywords$click$3.call(Unknown Source)
	at GN_Application_Reg.run(GN_Application_Reg:51)
	at com.kms.katalon.core.main.ScriptEngine.run(ScriptEngine.java:194)
	at com.kms.katalon.core.main.ScriptEngine.runScriptAsRawText(ScriptEngine.java:119)
	at com.kms.katalon.core.main.TestCaseExecutor.runScript(TestCaseExecutor.java:328)
	at com.kms.katalon.core.main.TestCaseExecutor.doExecute(TestCaseExecutor.java:319)
	at com.kms.katalon.core.main.TestCaseExecutor.processExecutionPhase(TestCaseExecutor.java:298)
	at com.kms.katalon.core.main.TestCaseExecutor.accessMainPhase(TestCaseExecutor.java:290)
	at com.kms.katalon.core.main.TestCaseExecutor.execute(TestCaseExecutor.java:224)
	at com.kms.katalon.core.main.TestCaseMain.runTestCase(TestCaseMain.java:106)
	at com.kms.katalon.core.keyword.builtin.CallTestCaseKeyword$_callTestCase_closure1.doCall(CallTestCaseKeyword.groovy:59)
	at com.kms.katalon.core.keyword.builtin.CallTestCaseKeyword$_callTestCase_closure1.call(CallTestCaseKeyword.groovy)
	at com.kms.katalon.core.keyword.internal.KeywordMain.runKeyword(KeywordMain.groovy:54)
	at com.kms.katalon.core.keyword.builtin.CallTestCaseKeyword.callTestCase(CallTestCaseKeyword.groovy:80)
	at com.kms.katalon.core.keyword.builtin.CallTestCaseKeyword.execute(CallTestCaseKeyword.groovy:44)
	at com.kms.katalon.core.keyword.internal.KeywordExecutor.executeKeywordForPlatform(KeywordExecutor.groovy:53)
	at com.kms.katalon.core.keyword.BuiltinKeywords.callTestCase(BuiltinKeywords.groovy:334)
	at GN_Submit Form 7_End to End.run(GN_Submit Form 7_End to End:16)
	at com.kms.katalon.core.main.ScriptEngine.run(ScriptEngine.java:194)
	at com.kms.katalon.core.main.ScriptEngine.runScriptAsRawText(ScriptEngine.java:119)
	at com.kms.katalon.core.main.TestCaseExecutor.runScript(TestCaseExecutor.java:328)
	at com.kms.katalon.core.main.TestCaseExecutor.doExecute(TestCaseExecutor.java:319)
	at com.kms.katalon.core.main.TestCaseExecutor.processExecutionPhase(TestCaseExecutor.java:298)
	at com.kms.katalon.core.main.TestCaseExecutor.accessMainPhase(TestCaseExecutor.java:290)
	at com.kms.katalon.core.main.TestCaseExecutor.execute(TestCaseExecutor.java:224)
	at com.kms.katalon.core.main.TestCaseMain.runTestCase(TestCaseMain.java:106)
	at com.kms.katalon.core.keyword.builtin.CallTestCaseKeyword$_callTestCase_closure1.doCall(CallTestCaseKeyword.groovy:59)
	at com.kms.katalon.core.keyword.builtin.CallTestCaseKeyword$_callTestCase_closure1.call(CallTestCaseKeyword.groovy)
	at com.kms.katalon.core.keyword.internal.KeywordMain.runKeyword(KeywordMain.groovy:54)
	at com.kms.katalon.core.keyword.builtin.CallTestCaseKeyword.callTestCase(CallTestCaseKeyword.groovy:80)
	at com.kms.katalon.core.keyword.builtin.CallTestCaseKeyword.execute(CallTestCaseKeyword.groovy:44)
	at com.kms.katalon.core.keyword.internal.KeywordExecutor.executeKeywordForPlatform(KeywordExecutor.groovy:53)
	at com.kms.katalon.core.keyword.BuiltinKeywords.callTestCase(BuiltinKeywords.groovy:334)
	at Submit Form 7 (General) - Case Reassignment Cross Branch EIO.run(Submit Form 7 (General) - Case Reassignment Cross Branch EIO:16)
	at com.kms.katalon.core.main.ScriptEngine.run(ScriptEngine.java:194)
	at com.kms.katalon.core.main.ScriptEngine.runScriptAsRawText(ScriptEngine.java:119)
	at com.kms.katalon.core.main.TestCaseExecutor.runScript(TestCaseExecutor.java:328)
	at com.kms.katalon.core.main.TestCaseExecutor.doExecute(TestCaseExecutor.java:319)
	at com.kms.katalon.core.main.TestCaseExecutor.processExecutionPhase(TestCaseExecutor.java:298)
	at com.kms.katalon.core.main.TestCaseExecutor.accessMainPhase(TestCaseExecutor.java:290)
	at com.kms.katalon.core.main.TestCaseExecutor.execute(TestCaseExecutor.java:224)
	at com.kms.katalon.core.main.TestSuiteExecutor.accessTestCaseMainPhase(TestSuiteExecutor.java:129)
	at com.kms.katalon.core.main.TestSuiteExecutor.accessTestSuiteMainPhase(TestSuiteExecutor.java:112)
	at com.kms.katalon.core.main.TestSuiteExecutor.execute(TestSuiteExecutor.java:81)
	at com.kms.katalon.core.main.TestCaseMain.startTestSuite(TestCaseMain.java:149)
	at com.kms.katalon.core.main.TestCaseMain$startTestSuite$0.call(Unknown Source)
	at TempTestSuite1550652525208.run(TempTestSuite1550652525208.groovy:36)


2019-02-20 17:18:01 - [TEST_STEP][FAILED] - callTestCase(findTestCase("All TC/Arranged/3. Unit/EI/GN submit form 7/GN_Application_Reg"), [:], STOP_ON_FAILURE): callTestCase(findTestCase("All TC/Arranged/3. Unit/EI/GN submit form 7/GN_Application_Reg"), [:], STOP_ON_FAILURE) FAILED.
Reason:
com.kms.katalon.core.exception.StepFailedException: Unable to click on object 'Object Repository/ZhiHao/General_User_Submit_form 7/GN_Application_Reg/Page_PERKESO/select_pejabat_perkeso' (Root cause: org.openqa.selenium.UnhandledAlertException: unexpected alert open: {Alert text : HARAP MAKLUM

PERMOHONAN FAEDAH SIP TELAH DIBUAT BAGI PEKERJAAN INI. MOHON MENYEMAK SEMULA STATUS PERMOHONAN BAGI TUNTUTAN FAEDAH TERSEBUT}
  (Session info: chrome=72.0.3626.109)
  (Driver info: chromedriver=2.43.600210 (68dcf5eebde37173d4027fa8635e332711d2874a),platform=Windows NT 6.1.7601 SP1 x86_64) (WARNING: The server did not provide any stacktrace information)
Command duration or timeout: 0 milliseconds: null
Build info: version: '3.7.1', revision: '8a0099a', time: '2017-11-06T21:07:36.161Z'
System info: host: 'WIN7TEST02', ip: '10.20.3.72', os.name: 'Windows 7', os.arch: 'amd64', os.version: '6.1', java.version: '1.8.0_181'
Driver info: com.kms.katalon.selenium.driver.CChromeDriver
Capabilities {acceptInsecureCerts: false, acceptSslCerts: false, applicationCacheEnabled: false, browserConnectionEnabled: false, browserName: chrome, chrome: {chromedriverVersion: 2.43.600210 (68dcf5eebde371..., userDataDir: C:\Users\Admin\AppData\Loca...}, cssSelectorsEnabled: true, databaseEnabled: false, goog:chromeOptions: {debuggerAddress: localhost:56619}, handlesAlerts: true, hasTouchScreen: false, javascriptEnabled: true, locationContextEnabled: true, mobileEmulationEnabled: false, nativeEvents: true, networkConnectionEnabled: false, pageLoadStrategy: normal, platform: XP, platformName: XP, rotatable: false, setWindowRect: true, takesHeapSnapshot: true, takesScreenshot: true, unexpectedAlertBehaviour: , unhandledPromptBehavior: , version: 72.0.3626.109, webStorageEnabled: true}
Session ID: 6c2d4871c20497e3f10d616fda801803
*** Element info: {Using=xpath, value=//select[@id = 'perkesoOfficeId' and @name = 'perkesoOfficeId' and (text() = '
										--Sila Pilih--
										
											Pejabat PERKESO Batu Pahat
										
											Pejabat PERKESO Beaufort
										
											Pejabat PERKESO Bentong
										
											Pejabat PERKESO Bintulu
										
											Pejabat PERKESO Dungun
										
											Pejabat PERKESO Georgetown
										
											Pejabat PERKESO Kajang
										
											Pejabat PERKESO Kapit
										
											Pejabat PERKESO Kemaman
										
											Pejabat PERKESO Keningau
										
											Pejabat PERKESO Klang
										
											Pejabat PERKESO Kluang
										
											Pejabat PERKESO Kota Marudu
										
											Pejabat PERKESO Kuala Kangsar
										
											Pejabat PERKESO Kuala Krai
										
											Pejabat PERKESO Kuala Pilah
										
											Pejabat PERKESO Kulim
										
											Pejabat PERKESO Labuan
										
											Pejabat PERKESO Lahad Datu
										
											Pejabat PERKESO Langkawi
										
											Pejabat PERKESO Limbang
										
											Pejabat PERKESO Miri
										
											Pejabat PERKESO Muar
										
											Pejabat PERKESO Mukah
										
											Pejabat PERKESO Negeri Johor
										
											Pejabat PERKESO Negeri Kedah
										
											Pejabat PERKESO Negeri Kelantan
										
											Pejabat PERKESO Negeri Melaka
										
											Pejabat PERKESO Negeri Pahang
										
											Pejabat PERKESO Negeri Perak
										
											Pejabat PERKESO Negeri Perlis
										
											Pejabat PERKESO Negeri Pulau Pinang
										
											Pejabat PERKESO Negeri Sabah
										
											Pejabat PERKESO Negeri Sarawak
										
											Pejabat PERKESO Negeri Selangor
										
											Pejabat PERKESO Negeri Sembilan
										
											Pejabat PERKESO Negeri Terengganu
										
											Pejabat PERKESO Negeri W.P Kuala Lumpur
										
											Pejabat PERKESO Rawang
										
											Pejabat PERKESO Sandakan
										
											Pejabat PERKESO Sarikei
										
											Pejabat PERKESO Segamat
										
											Pejabat PERKESO Serian
										
											Pejabat PERKESO Sibu
										
											Pejabat PERKESO Sri Aman
										
											Pejabat PERKESO Sri Manjung
										
											Pejabat PERKESO Sungai Petani
										
											Pejabat PERKESO Taiping
										
											Pejabat PERKESO Tanjung Karang
										
											Pejabat PERKESO Tapah
										
											Pejabat PERKESO Tawau
										
											Pejabat PERKESO Teluk Intan
										
											Pejabat PERKESO Temerloh
										
									' or . = '
										--Sila Pilih--
										
											Pejabat PERKESO Batu Pahat
										
											Pejabat PERKESO Beaufort
										
											Pejabat PERKESO Bentong
										
											Pejabat PERKESO Bintulu
										
											Pejabat PERKESO Dungun
										
											Pejabat PERKESO Georgetown
										
											Pejabat PERKESO Kajang
										
											Pejabat PERKESO Kapit
										
											Pejabat PERKESO Kemaman
										
											Pejabat PERKESO Keningau
										
											Pejabat PERKESO Klang
										
											Pejabat PERKESO Kluang
										
											Pejabat PERKESO Kota Marudu
										
											Pejabat PERKESO Kuala Kangsar
										
											Pejabat PERKESO Kuala Krai
										
											Pejabat PERKESO Kuala Pilah
										
											Pejabat PERKESO Kulim
										
											Pejabat PERKESO Labuan
										
											Pejabat PERKESO Lahad Datu
										
											Pejabat PERKESO Langkawi
										
											Pejabat PERKESO Limbang
										
											Pejabat PERKESO Miri
										
											Pejabat PERKESO Muar
										
											Pejabat PERKESO Mukah
										
											Pejabat PERKESO Negeri Johor
										
											Pejabat PERKESO Negeri Kedah
										
											Pejabat PERKESO Negeri Kelantan
										
											Pejabat PERKESO Negeri Melaka
										
											Pejabat PERKESO Negeri Pahang
										
											Pejabat PERKESO Negeri Perak
										
											Pejabat PERKESO Negeri Perlis
										
											Pejabat PERKESO Negeri Pulau Pinang
										
											Pejabat PERKESO Negeri Sabah
										
											Pejabat PERKESO Negeri Sarawak
										
											Pejabat PERKESO Negeri Selangor
										
											Pejabat PERKESO Negeri Sembilan
										
											Pejabat PERKESO Negeri Terengganu
										
											Pejabat PERKESO Negeri W.P Kuala Lumpur
										
											Pejabat PERKESO Rawang
										
											Pejabat PERKESO Sandakan
										
											Pejabat PERKESO Sarikei
										
											Pejabat PERKESO Segamat
										
											Pejabat PERKESO Serian
										
											Pejabat PERKESO Sibu
										
											Pejabat PERKESO Sri Aman
										
											Pejabat PERKESO Sri Manjung
										
											Pejabat PERKESO Sungai Petani
										
											Pejabat PERKESO Taiping
										
											Pejabat PERKESO Tanjung Karang
										
											Pejabat PERKESO Tapah
										
											Pejabat PERKESO Tawau
										
											Pejabat PERKESO Teluk Intan
										
											Pejabat PERKESO Temerloh
										
									')]})
	at com.kms.katalon.core.keyword.internal.KeywordMain.stepFailed(KeywordMain.groovy:36)
	at com.kms.katalon.core.webui.keyword.internal.WebUIKeywordMain.stepFailed(WebUIKeywordMain.groovy:65)
	at com.kms.katalon.core.webui.keyword.internal.WebUIKeywordMain.runKeyword(WebUIKeywordMain.groovy:27)
	at com.kms.katalon.core.webui.keyword.builtin.ClickKeyword.click(ClickKeyword.groovy:86)
	at com.kms.katalon.core.webui.keyword.builtin.ClickKeyword.execute(ClickKeyword.groovy:67)
	at com.kms.katalon.core.keyword.internal.KeywordExecutor.executeKeywordForPlatform(KeywordExecutor.groovy:53)
	at com.kms.katalon.core.webui.keyword.WebUiBuiltInKeywords.click(WebUiBuiltInKeywords.groovy:616)
	at com.kms.katalon.core.webui.keyword.WebUiBuiltInKeywords$click$3.call(Unknown Source)
	at GN_Application_Reg.run(GN_Application_Reg:51)
	at com.kms.katalon.core.main.ScriptEngine.run(ScriptEngine.java:194)
	at com.kms.katalon.core.main.ScriptEngine.runScriptAsRawText(ScriptEngine.java:119)
	at com.kms.katalon.core.main.TestCaseExecutor.runScript(TestCaseExecutor.java:328)
	at com.kms.katalon.core.main.TestCaseExecutor.doExecute(TestCaseExecutor.java:319)
	at com.kms.katalon.core.main.TestCaseExecutor.processExecutionPhase(TestCaseExecutor.java:298)
	at com.kms.katalon.core.main.TestCaseExecutor.accessMainPhase(TestCaseExecutor.java:290)
	at com.kms.katalon.core.main.TestCaseExecutor.execute(TestCaseExecutor.java:224)
	at com.kms.katalon.core.main.TestCaseMain.runTestCase(TestCaseMain.java:106)
	at com.kms.katalon.core.keyword.builtin.CallTestCaseKeyword$_callTestCase_closure1.doCall(CallTestCaseKeyword.groovy:59)
	at com.kms.katalon.core.keyword.builtin.CallTestCaseKeyword$_callTestCase_closure1.call(CallTestCaseKeyword.groovy)
	at com.kms.katalon.core.keyword.internal.KeywordMain.runKeyword(KeywordMain.groovy:54)
	at com.kms.katalon.core.keyword.builtin.CallTestCaseKeyword.callTestCase(CallTestCaseKeyword.groovy:80)
	at com.kms.katalon.core.keyword.builtin.CallTestCaseKeyword.execute(CallTestCaseKeyword.groovy:44)
	at com.kms.katalon.core.keyword.internal.KeywordExecutor.executeKeywordForPlatform(KeywordExecutor.groovy:53)
	at com.kms.katalon.core.keyword.BuiltinKeywords.callTestCase(BuiltinKeywords.groovy:334)
	at GN_Submit Form 7_End to End.run(GN_Submit Form 7_End to End:16)
	at com.kms.katalon.core.main.ScriptEngine.run(ScriptEngine.java:194)
	at com.kms.katalon.core.main.ScriptEngine.runScriptAsRawText(ScriptEngine.java:119)
	at com.kms.katalon.core.main.TestCaseExecutor.runScript(TestCaseExecutor.java:328)
	at com.kms.katalon.core.main.TestCaseExecutor.doExecute(TestCaseExecutor.java:319)
	at com.kms.katalon.core.main.TestCaseExecutor.processExecutionPhase(TestCaseExecutor.java:298)
	at com.kms.katalon.core.main.TestCaseExecutor.accessMainPhase(TestCaseExecutor.java:290)
	at com.kms.katalon.core.main.TestCaseExecutor.execute(TestCaseExecutor.java:224)
	at com.kms.katalon.core.main.TestCaseMain.runTestCase(TestCaseMain.java:106)
	at com.kms.katalon.core.keyword.builtin.CallTestCaseKeyword$_callTestCase_closure1.doCall(CallTestCaseKeyword.groovy:59)
	at com.kms.katalon.core.keyword.builtin.CallTestCaseKeyword$_callTestCase_closure1.call(CallTestCaseKeyword.groovy)
	at com.kms.katalon.core.keyword.internal.KeywordMain.runKeyword(KeywordMain.groovy:54)
	at com.kms.katalon.core.keyword.builtin.CallTestCaseKeyword.callTestCase(CallTestCaseKeyword.groovy:80)
	at com.kms.katalon.core.keyword.builtin.CallTestCaseKeyword.execute(CallTestCaseKeyword.groovy:44)
	at com.kms.katalon.core.keyword.internal.KeywordExecutor.executeKeywordForPlatform(KeywordExecutor.groovy:53)
	at com.kms.katalon.core.keyword.BuiltinKeywords.callTestCase(BuiltinKeywords.groovy:334)
	at Submit Form 7 (General) - Case Reassignment Cross Branch EIO.run(Submit Form 7 (General) - Case Reassignment Cross Branch EIO:16)
	at com.kms.katalon.core.main.ScriptEngine.run(ScriptEngine.java:194)
	at com.kms.katalon.core.main.ScriptEngine.runScriptAsRawText(ScriptEngine.java:119)
	at com.kms.katalon.core.main.TestCaseExecutor.runScript(TestCaseExecutor.java:328)
	at com.kms.katalon.core.main.TestCaseExecutor.doExecute(TestCaseExecutor.java:319)
	at com.kms.katalon.core.main.TestCaseExecutor.processExecutionPhase(TestCaseExecutor.java:298)
	at com.kms.katalon.core.main.TestCaseExecutor.accessMainPhase(TestCaseExecutor.java:290)
	at com.kms.katalon.core.main.TestCaseExecutor.execute(TestCaseExecutor.java:224)
	at com.kms.katalon.core.main.TestSuiteExecutor.accessTestCaseMainPhase(TestSuiteExecutor.java:129)
	at com.kms.katalon.core.main.TestSuiteExecutor.accessTestSuiteMainPhase(TestSuiteExecutor.java:112)
	at com.kms.katalon.core.main.TestSuiteExecutor.execute(TestSuiteExecutor.java:81)
	at com.kms.katalon.core.main.TestCaseMain.startTestSuite(TestCaseMain.java:149)
	at com.kms.katalon.core.main.TestCaseMain$startTestSuite$0.call(Unknown Source)
	at TempTestSuite1550652525208.run(TempTestSuite1550652525208.groovy:36)


2019-02-20 17:18:01 - [TEST_CASE][FAILED] - Test Cases/All TC/Arranged/3. Unit/EI/GN submit form 7/GN_Application_Reg: Test Cases/All TC/Arranged/3. Unit/EI/GN submit form 7/GN_Application_Reg FAILED.
Reason:
com.kms.katalon.core.exception.StepFailedException: Unable to click on object 'Object Repository/ZhiHao/General_User_Submit_form 7/GN_Application_Reg/Page_PERKESO/select_pejabat_perkeso' (Root cause: org.openqa.selenium.UnhandledAlertException: unexpected alert open: {Alert text : HARAP MAKLUM

PERMOHONAN FAEDAH SIP TELAH DIBUAT BAGI PEKERJAAN INI. MOHON MENYEMAK SEMULA STATUS PERMOHONAN BAGI TUNTUTAN FAEDAH TERSEBUT}
  (Session info: chrome=72.0.3626.109)
  (Driver info: chromedriver=2.43.600210 (68dcf5eebde37173d4027fa8635e332711d2874a),platform=Windows NT 6.1.7601 SP1 x86_64) (WARNING: The server did not provide any stacktrace information)
Command duration or timeout: 0 milliseconds: null
Build info: version: '3.7.1', revision: '8a0099a', time: '2017-11-06T21:07:36.161Z'
System info: host: 'WIN7TEST02', ip: '10.20.3.72', os.name: 'Windows 7', os.arch: 'amd64', os.version: '6.1', java.version: '1.8.0_181'
Driver info: com.kms.katalon.selenium.driver.CChromeDriver
Capabilities {acceptInsecureCerts: false, acceptSslCerts: false, applicationCacheEnabled: false, browserConnectionEnabled: false, browserName: chrome, chrome: {chromedriverVersion: 2.43.600210 (68dcf5eebde371..., userDataDir: C:\Users\Admin\AppData\Loca...}, cssSelectorsEnabled: true, databaseEnabled: false, goog:chromeOptions: {debuggerAddress: localhost:56619}, handlesAlerts: true, hasTouchScreen: false, javascriptEnabled: true, locationContextEnabled: true, mobileEmulationEnabled: false, nativeEvents: true, networkConnectionEnabled: false, pageLoadStrategy: normal, platform: XP, platformName: XP, rotatable: false, setWindowRect: true, takesHeapSnapshot: true, takesScreenshot: true, unexpectedAlertBehaviour: , unhandledPromptBehavior: , version: 72.0.3626.109, webStorageEnabled: true}
Session ID: 6c2d4871c20497e3f10d616fda801803
*** Element info: {Using=xpath, value=//select[@id = 'perkesoOfficeId' and @name = 'perkesoOfficeId' and (text() = '
										--Sila Pilih--
										
											Pejabat PERKESO Batu Pahat
										
											Pejabat PERKESO Beaufort
										
											Pejabat PERKESO Bentong
										
											Pejabat PERKESO Bintulu
										
											Pejabat PERKESO Dungun
										
											Pejabat PERKESO Georgetown
										
											Pejabat PERKESO Kajang
										
											Pejabat PERKESO Kapit
										
											Pejabat PERKESO Kemaman
										
											Pejabat PERKESO Keningau
										
											Pejabat PERKESO Klang
										
											Pejabat PERKESO Kluang
										
											Pejabat PERKESO Kota Marudu
										
											Pejabat PERKESO Kuala Kangsar
										
											Pejabat PERKESO Kuala Krai
										
											Pejabat PERKESO Kuala Pilah
										
											Pejabat PERKESO Kulim
										
											Pejabat PERKESO Labuan
										
											Pejabat PERKESO Lahad Datu
										
											Pejabat PERKESO Langkawi
										
											Pejabat PERKESO Limbang
										
											Pejabat PERKESO Miri
										
											Pejabat PERKESO Muar
										
											Pejabat PERKESO Mukah
										
											Pejabat PERKESO Negeri Johor
										
											Pejabat PERKESO Negeri Kedah
										
											Pejabat PERKESO Negeri Kelantan
										
											Pejabat PERKESO Negeri Melaka
										
											Pejabat PERKESO Negeri Pahang
										
											Pejabat PERKESO Negeri Perak
										
											Pejabat PERKESO Negeri Perlis
										
											Pejabat PERKESO Negeri Pulau Pinang
										
											Pejabat PERKESO Negeri Sabah
										
											Pejabat PERKESO Negeri Sarawak
										
											Pejabat PERKESO Negeri Selangor
										
											Pejabat PERKESO Negeri Sembilan
										
											Pejabat PERKESO Negeri Terengganu
										
											Pejabat PERKESO Negeri W.P Kuala Lumpur
										
											Pejabat PERKESO Rawang
										
											Pejabat PERKESO Sandakan
										
											Pejabat PERKESO Sarikei
										
											Pejabat PERKESO Segamat
										
											Pejabat PERKESO Serian
										
											Pejabat PERKESO Sibu
										
											Pejabat PERKESO Sri Aman
										
											Pejabat PERKESO Sri Manjung
										
											Pejabat PERKESO Sungai Petani
										
											Pejabat PERKESO Taiping
										
											Pejabat PERKESO Tanjung Karang
										
											Pejabat PERKESO Tapah
										
											Pejabat PERKESO Tawau
										
											Pejabat PERKESO Teluk Intan
										
											Pejabat PERKESO Temerloh
										
									' or . = '
										--Sila Pilih--
										
											Pejabat PERKESO Batu Pahat
										
											Pejabat PERKESO Beaufort
										
											Pejabat PERKESO Bentong
										
											Pejabat PERKESO Bintulu
										
											Pejabat PERKESO Dungun
										
											Pejabat PERKESO Georgetown
										
											Pejabat PERKESO Kajang
										
											Pejabat PERKESO Kapit
										
											Pejabat PERKESO Kemaman
										
											Pejabat PERKESO Keningau
										
											Pejabat PERKESO Klang
										
											Pejabat PERKESO Kluang
										
											Pejabat PERKESO Kota Marudu
										
											Pejabat PERKESO Kuala Kangsar
										
											Pejabat PERKESO Kuala Krai
										
											Pejabat PERKESO Kuala Pilah
										
											Pejabat PERKESO Kulim
										
											Pejabat PERKESO Labuan
										
											Pejabat PERKESO Lahad Datu
										
											Pejabat PERKESO Langkawi
										
											Pejabat PERKESO Limbang
										
											Pejabat PERKESO Miri
										
											Pejabat PERKESO Muar
										
											Pejabat PERKESO Mukah
										
											Pejabat PERKESO Negeri Johor
										
											Pejabat PERKESO Negeri Kedah
										
											Pejabat PERKESO Negeri Kelantan
										
											Pejabat PERKESO Negeri Melaka
										
											Pejabat PERKESO Negeri Pahang
										
											Pejabat PERKESO Negeri Perak
										
											Pejabat PERKESO Negeri Perlis
										
											Pejabat PERKESO Negeri Pulau Pinang
										
											Pejabat PERKESO Negeri Sabah
										
											Pejabat PERKESO Negeri Sarawak
										
											Pejabat PERKESO Negeri Selangor
										
											Pejabat PERKESO Negeri Sembilan
										
											Pejabat PERKESO Negeri Terengganu
										
											Pejabat PERKESO Negeri W.P Kuala Lumpur
										
											Pejabat PERKESO Rawang
										
											Pejabat PERKESO Sandakan
										
											Pejabat PERKESO Sarikei
										
											Pejabat PERKESO Segamat
										
											Pejabat PERKESO Serian
										
											Pejabat PERKESO Sibu
										
											Pejabat PERKESO Sri Aman
										
											Pejabat PERKESO Sri Manjung
										
											Pejabat PERKESO Sungai Petani
										
											Pejabat PERKESO Taiping
										
											Pejabat PERKESO Tanjung Karang
										
											Pejabat PERKESO Tapah
										
											Pejabat PERKESO Tawau
										
											Pejabat PERKESO Teluk Intan
										
											Pejabat PERKESO Temerloh
										
									')]})
	at com.kms.katalon.core.keyword.internal.KeywordMain.stepFailed(KeywordMain.groovy:36)
	at com.kms.katalon.core.webui.keyword.internal.WebUIKeywordMain.stepFailed(WebUIKeywordMain.groovy:65)
	at com.kms.katalon.core.webui.keyword.internal.WebUIKeywordMain.runKeyword(WebUIKeywordMain.groovy:27)
	at com.kms.katalon.core.webui.keyword.builtin.ClickKeyword.click(ClickKeyword.groovy:86)
	at com.kms.katalon.core.webui.keyword.builtin.ClickKeyword.execute(ClickKeyword.groovy:67)
	at com.kms.katalon.core.keyword.internal.KeywordExecutor.executeKeywordForPlatform(KeywordExecutor.groovy:53)
	at com.kms.katalon.core.webui.keyword.WebUiBuiltInKeywords.click(WebUiBuiltInKeywords.groovy:616)
	at com.kms.katalon.core.webui.keyword.WebUiBuiltInKeywords$click$3.call(Unknown Source)
	at GN_Application_Reg.run(GN_Application_Reg:51)
	at com.kms.katalon.core.main.ScriptEngine.run(ScriptEngine.java:194)
	at com.kms.katalon.core.main.ScriptEngine.runScriptAsRawText(ScriptEngine.java:119)
	at com.kms.katalon.core.main.TestCaseExecutor.runScript(TestCaseExecutor.java:328)
	at com.kms.katalon.core.main.TestCaseExecutor.doExecute(TestCaseExecutor.java:319)
	at com.kms.katalon.core.main.TestCaseExecutor.processExecutionPhase(TestCaseExecutor.java:298)
	at com.kms.katalon.core.main.TestCaseExecutor.accessMainPhase(TestCaseExecutor.java:290)
	at com.kms.katalon.core.main.TestCaseExecutor.execute(TestCaseExecutor.java:224)
	at com.kms.katalon.core.main.TestCaseMain.runTestCase(TestCaseMain.java:106)
	at com.kms.katalon.core.keyword.builtin.CallTestCaseKeyword$_callTestCase_closure1.doCall(CallTestCaseKeyword.groovy:59)
	at com.kms.katalon.core.keyword.builtin.CallTestCaseKeyword$_callTestCase_closure1.call(CallTestCaseKeyword.groovy)
	at com.kms.katalon.core.keyword.internal.KeywordMain.runKeyword(KeywordMain.groovy:54)
	at com.kms.katalon.core.keyword.builtin.CallTestCaseKeyword.callTestCase(CallTestCaseKeyword.groovy:80)
	at com.kms.katalon.core.keyword.builtin.CallTestCaseKeyword.execute(CallTestCaseKeyword.groovy:44)
	at com.kms.katalon.core.keyword.internal.KeywordExecutor.executeKeywordForPlatform(KeywordExecutor.groovy:53)
	at com.kms.katalon.core.keyword.BuiltinKeywords.callTestCase(BuiltinKeywords.groovy:334)
	at GN_Submit Form 7_End to End.run(GN_Submit Form 7_End to End:16)
	at com.kms.katalon.core.main.ScriptEngine.run(ScriptEngine.java:194)
	at com.kms.katalon.core.main.ScriptEngine.runScriptAsRawText(ScriptEngine.java:119)
	at com.kms.katalon.core.main.TestCaseExecutor.runScript(TestCaseExecutor.java:328)
	at com.kms.katalon.core.main.TestCaseExecutor.doExecute(TestCaseExecutor.java:319)
	at com.kms.katalon.core.main.TestCaseExecutor.processExecutionPhase(TestCaseExecutor.java:298)
	at com.kms.katalon.core.main.TestCaseExecutor.accessMainPhase(TestCaseExecutor.java:290)
	at com.kms.katalon.core.main.TestCaseExecutor.execute(TestCaseExecutor.java:224)
	at com.kms.katalon.core.main.TestCaseMain.runTestCase(TestCaseMain.java:106)
	at com.kms.katalon.core.keyword.builtin.CallTestCaseKeyword$_callTestCase_closure1.doCall(CallTestCaseKeyword.groovy:59)
	at com.kms.katalon.core.keyword.builtin.CallTestCaseKeyword$_callTestCase_closure1.call(CallTestCaseKeyword.groovy)
	at com.kms.katalon.core.keyword.internal.KeywordMain.runKeyword(KeywordMain.groovy:54)
	at com.kms.katalon.core.keyword.builtin.CallTestCaseKeyword.callTestCase(CallTestCaseKeyword.groovy:80)
	at com.kms.katalon.core.keyword.builtin.CallTestCaseKeyword.execute(CallTestCaseKeyword.groovy:44)
	at com.kms.katalon.core.keyword.internal.KeywordExecutor.executeKeywordForPlatform(KeywordExecutor.groovy:53)
	at com.kms.katalon.core.keyword.BuiltinKeywords.callTestCase(BuiltinKeywords.groovy:334)
	at Submit Form 7 (General) - Case Reassignment Cross Branch EIO.run(Submit Form 7 (General) - Case Reassignment Cross Branch EIO:16)
	at com.kms.katalon.core.main.ScriptEngine.run(ScriptEngine.java:194)
	at com.kms.katalon.core.main.ScriptEngine.runScriptAsRawText(ScriptEngine.java:119)
	at com.kms.katalon.core.main.TestCaseExecutor.runScript(TestCaseExecutor.java:328)
	at com.kms.katalon.core.main.TestCaseExecutor.doExecute(TestCaseExecutor.java:319)
	at com.kms.katalon.core.main.TestCaseExecutor.processExecutionPhase(TestCaseExecutor.java:298)
	at com.kms.katalon.core.main.TestCaseExecutor.accessMainPhase(TestCaseExecutor.java:290)
	at com.kms.katalon.core.main.TestCaseExecutor.execute(TestCaseExecutor.java:224)
	at com.kms.katalon.core.main.TestSuiteExecutor.accessTestCaseMainPhase(TestSuiteExecutor.java:129)
	at com.kms.katalon.core.main.TestSuiteExecutor.accessTestSuiteMainPhase(TestSuiteExecutor.java:112)
	at com.kms.katalon.core.main.TestSuiteExecutor.execute(TestSuiteExecutor.java:81)
	at com.kms.katalon.core.main.TestCaseMain.startTestSuite(TestCaseMain.java:149)
	at com.kms.katalon.core.main.TestCaseMain$startTestSuite$0.call(Unknown Source)
	at TempTestSuite1550652525208.run(TempTestSuite1550652525208.groovy:36)


2019-02-20 17:18:01 - [TEST_STEP][PASSED] - openBrowser(""): Browser is opened with url: ''

2019-02-20 17:18:01 - [MESSAGE][WARNING] - A browser is already opened. Closing browser and opening a new one

2019-02-20 17:18:03 - [MESSAGE][INFO] - Starting 'Chrome' driver

2019-02-20 17:18:03 - [MESSAGE][INFO] - User set preference: ['args', '[--start-maximized]']

2019-02-20 17:18:07 - [MESSAGE][PASSED] - Browser is opened with url: ''

2019-02-20 17:18:07 - [TEST_STEP][PASSED] - navigateToUrl(General_Login): Navigate to 'http://10.20.24.188/eisportal/insured/appl/instruction' successfully

2019-02-20 17:18:09 - [MESSAGE][PASSED] - Navigate to 'http://10.20.24.188/eisportal/insured/appl/instruction' successfully

2019-02-20 17:18:09 - [TEST_STEP][PASSED] - click(findTestObject("ZhiHao/General_User_Submit_form 7/GN_Application_Reg/Page_PERKESO/button_Setuju")): Object: 'Object Repository/ZhiHao/General_User_Submit_form 7/GN_Application_Reg/Page_PERKESO/button_Setuju' is clicked on

2019-02-20 17:18:11 - [MESSAGE][PASSED] - Object: 'Object Repository/ZhiHao/General_User_Submit_form 7/GN_Application_Reg/Page_PERKESO/button_Setuju' is clicked on

2019-02-20 17:18:11 - [TEST_STEP][PASSED] - callTestCase(findTestCase("All TC/Arranged/1. Common/IC List Checker"), [:], STOP_ON_FAILURE): Call Test Case 'Test Cases/All TC/Arranged/1. Common/IC List Checker' successfully

2019-02-20 17:18:11 - [TEST_CASE][PASSED] - Test Cases/All TC/Arranged/1. Common/IC List Checker: Test Cases/All TC/Arranged/1. Common/IC List Checker

2019-02-20 17:18:11 - [TEST_STEP][PASSED] - counter = 0: null

2019-02-20 17:18:11 - [TEST_STEP][PASSED] - fis = new java.io.FileInputStream((internal.GlobalVariable.TextFilePathCommon + \IC.xlsx)): null

2019-02-20 17:18:11 - [TEST_STEP][PASSED] - workbook = new org.apache.poi.xssf.usermodel.XSSFWorkbook(fis): null

2019-02-20 17:18:12 - [TEST_STEP][PASSED] - sheet = workbook.getSheet("Sheet1"): null

2019-02-20 17:18:12 - [TEST_STEP][PASSED] - totalRow = sheet.getLastRowNum(): null

2019-02-20 17:18:12 - [TEST_STEP][PASSED] - out.println(totalRow): null

2019-02-20 17:18:12 - [TEST_STEP][PASSED] - row = sheet.getRow(counter): null

2019-02-20 17:18:12 - [TEST_STEP][PASSED] - cell = row.getCell(counter): null

2019-02-20 17:18:12 - [TEST_STEP][PASSED] - a = cell.getStringCellValue(): null

2019-02-20 17:18:12 - [TEST_STEP][PASSED] - IC = a: null

2019-02-20 17:18:12 - [TEST_STEP][PASSED] - out.println(IC): null

2019-02-20 17:18:12 - [TEST_STEP][PASSED] - callTestCase(findTestCase("All TC/Arranged/1. Common/1.2 Setter/Setter IC"), [:], STOP_ON_FAILURE): Call Test Case 'Test Cases/All TC/Arranged/1. Common/1.2 Setter/Setter IC' successfully

2019-02-20 17:18:12 - [TEST_CASE][PASSED] - Test Cases/All TC/Arranged/1. Common/1.2 Setter/Setter IC: Test Cases/All TC/Arranged/1. Common/1.2 Setter/Setter IC

2019-02-20 17:18:12 - [TEST_STEP][PASSED] - RefNoOldFile = new java.io.File((internal.GlobalVariable.TextFilePathCommon + \getIC.txt)): null

2019-02-20 17:18:12 - [TEST_STEP][PASSED] - RefNoOldFile.delete(): null

2019-02-20 17:18:12 - [TEST_STEP][PASSED] - delay(5): Delayed 5 second(s)

2019-02-20 17:18:17 - [MESSAGE][PASSED] - Delayed 5 second(s)

2019-02-20 17:18:17 - [TEST_STEP][PASSED] - RefNo = new java.io.File((internal.GlobalVariable.TextFilePathCommon + \getIC.txt)): null

2019-02-20 17:18:17 - [TEST_STEP][PASSED] - f2 = new java.io.FileWriter(RefNo, false): null

2019-02-20 17:18:17 - [TEST_STEP][PASSED] - f2.write(IC): null

2019-02-20 17:18:17 - [TEST_STEP][PASSED] - f2.close(): null

2019-02-20 17:18:17 - [TEST_STEP][PASSED] - out.println("


" + IC + "


"): null

2019-02-20 17:18:17 - [MESSAGE][PASSED] - Call Test Case 'Test Cases/All TC/Arranged/1. Common/1.2 Setter/Setter IC' successfully

2019-02-20 17:18:17 - [MESSAGE][PASSED] - Call Test Case 'Test Cases/All TC/Arranged/1. Common/IC List Checker' successfully

2019-02-20 17:18:17 - [TEST_STEP][PASSED] - setText(findTestObject("ZhiHao/General_User_Submit_form 7/GN_Application_Reg/Page_PERKESO/input_No. Kad Pengenalan"), IC): Text '861023436638' is set on object 'Object Repository/ZhiHao/General_User_Submit_form 7/GN_Application_Reg/Page_PERKESO/input_No. Kad Pengenalan'

2019-02-20 17:18:21 - [MESSAGE][PASSED] - Text '861023436638' is set on object 'Object Repository/ZhiHao/General_User_Submit_form 7/GN_Application_Reg/Page_PERKESO/input_No. Kad Pengenalan'

2019-02-20 17:18:21 - [TEST_STEP][PASSED] - click(findTestObject("ZhiHao/General_User_Submit_form 7/GN_Application_Reg/Page_PERKESO/button_Semak")): Object: 'Object Repository/ZhiHao/General_User_Submit_form 7/GN_Application_Reg/Page_PERKESO/button_Semak' is clicked on

2019-02-20 17:18:23 - [MESSAGE][PASSED] - Object: 'Object Repository/ZhiHao/General_User_Submit_form 7/GN_Application_Reg/Page_PERKESO/button_Semak' is clicked on

2019-02-20 17:18:23 - [TEST_STEP][PASSED] - delay(3): Delayed 3 second(s)

2019-02-20 17:18:26 - [MESSAGE][PASSED] - Delayed 3 second(s)

2019-02-20 17:18:26 - [TEST_STEP][PASSED] - click(findTestObject("ZhiHao/General_User_Submit_form 7/GN_Application_Reg/Page_PERKESO/span_Nama Majikan")): Object: 'Object Repository/ZhiHao/General_User_Submit_form 7/GN_Application_Reg/Page_PERKESO/span_Nama Majikan' is clicked on

2019-02-20 17:18:28 - [MESSAGE][PASSED] - Object: 'Object Repository/ZhiHao/General_User_Submit_form 7/GN_Application_Reg/Page_PERKESO/span_Nama Majikan' is clicked on

2019-02-20 17:18:28 - [TEST_STEP][PASSED] - delay(3): Delayed 3 second(s)

2019-02-20 17:18:31 - [MESSAGE][PASSED] - Delayed 3 second(s)

2019-02-20 17:18:31 - [TEST_STEP][PASSED] - setText(findTestObject("ZhiHao/General_User_Submit_form 7/GN_Application_Reg/Page_PERKESO/input_Nama Majikan"), "pet"): Text 'pet' is set on object 'Object Repository/ZhiHao/General_User_Submit_form 7/GN_Application_Reg/Page_PERKESO/input_Nama Majikan'

2019-02-20 17:18:36 - [MESSAGE][PASSED] - Text 'pet' is set on object 'Object Repository/ZhiHao/General_User_Submit_form 7/GN_Application_Reg/Page_PERKESO/input_Nama Majikan'

2019-02-20 17:18:36 - [TEST_STEP][PASSED] - delay(3): Delayed 3 second(s)

2019-02-20 17:18:39 - [MESSAGE][PASSED] - Delayed 3 second(s)

2019-02-20 17:18:39 - [TEST_STEP][PASSED] - click(findTestObject("ZhiHao/General_User_Submit_form 7/GN_Application_Reg/Page_PERKESO/select_PETRONAS")): Object: 'Object Repository/ZhiHao/General_User_Submit_form 7/GN_Application_Reg/Page_PERKESO/select_PETRONAS' is clicked on

2019-02-20 17:18:41 - [MESSAGE][PASSED] - Object: 'Object Repository/ZhiHao/General_User_Submit_form 7/GN_Application_Reg/Page_PERKESO/select_PETRONAS' is clicked on

2019-02-20 17:18:41 - [TEST_STEP][PASSED] - delay(3): Delayed 3 second(s)

2019-02-20 17:18:44 - [MESSAGE][PASSED] - Delayed 3 second(s)

2019-02-20 17:18:44 - [TEST_STEP][PASSED] - click(findTestObject("ZhiHao/General_User_Submit_form 7/GN_Application_Reg/Page_PERKESO/input_Tarikh kehilangan pekerjaan")): Object: 'Object Repository/ZhiHao/General_User_Submit_form 7/GN_Application_Reg/Page_PERKESO/input_Tarikh kehilangan pekerjaan' is clicked on

2019-02-20 17:18:46 - [MESSAGE][PASSED] - Object: 'Object Repository/ZhiHao/General_User_Submit_form 7/GN_Application_Reg/Page_PERKESO/input_Tarikh kehilangan pekerjaan' is clicked on

2019-02-20 17:18:46 - [TEST_STEP][PASSED] - click(findTestObject("ZhiHao/General_User_Submit_form 7/GN_Application_Reg/Page_PERKESO/select_loe_date")): Object: 'Object Repository/ZhiHao/General_User_Submit_form 7/GN_Application_Reg/Page_PERKESO/select_loe_date' is clicked on

2019-02-20 17:18:48 - [MESSAGE][PASSED] - Object: 'Object Repository/ZhiHao/General_User_Submit_form 7/GN_Application_Reg/Page_PERKESO/select_loe_date' is clicked on

2019-02-20 17:18:48 - [TEST_STEP][PASSED] - click(findTestObject("ZhiHao/General_User_Submit_form 7/GN_Application_Reg/Page_PERKESO/button_Mohon")): Object: 'Object Repository/ZhiHao/General_User_Submit_form 7/GN_Application_Reg/Page_PERKESO/button_Mohon' is clicked on

2019-02-20 17:18:50 - [MESSAGE][PASSED] - Object: 'Object Repository/ZhiHao/General_User_Submit_form 7/GN_Application_Reg/Page_PERKESO/button_Mohon' is clicked on

2019-02-20 17:18:50 - [TEST_STEP][PASSED] - delay(3): Delayed 3 second(s)

2019-02-20 17:18:53 - [MESSAGE][PASSED] - Delayed 3 second(s)

2019-02-20 17:18:53 - [TEST_STEP][FAILED] - click(findTestObject("ZhiHao/General_User_Submit_form 7/GN_Application_Reg/Page_PERKESO/select_pejabat_perkeso")): click(findTestObject("ZhiHao/General_User_Submit_form 7/GN_Application_Reg/Page_PERKESO/select_pejabat_perkeso")) FAILED.
Reason:
com.kms.katalon.core.exception.StepFailedException: Unable to click on object 'Object Repository/ZhiHao/General_User_Submit_form 7/GN_Application_Reg/Page_PERKESO/select_pejabat_perkeso' (Root cause: org.openqa.selenium.UnhandledAlertException: unexpected alert open: {Alert text : HARAP MAKLUM

PERMOHONAN FAEDAH SIP TELAH DIBUAT BAGI PEKERJAAN INI. MOHON MENYEMAK SEMULA STATUS PERMOHONAN BAGI TUNTUTAN FAEDAH TERSEBUT}
  (Session info: chrome=72.0.3626.109)
  (Driver info: chromedriver=2.43.600210 (68dcf5eebde37173d4027fa8635e332711d2874a),platform=Windows NT 6.1.7601 SP1 x86_64) (WARNING: The server did not provide any stacktrace information)
Command duration or timeout: 0 milliseconds: null
Build info: version: '3.7.1', revision: '8a0099a', time: '2017-11-06T21:07:36.161Z'
System info: host: 'WIN7TEST02', ip: '10.20.3.72', os.name: 'Windows 7', os.arch: 'amd64', os.version: '6.1', java.version: '1.8.0_181'
Driver info: com.kms.katalon.selenium.driver.CChromeDriver
Capabilities {acceptInsecureCerts: false, acceptSslCerts: false, applicationCacheEnabled: false, browserConnectionEnabled: false, browserName: chrome, chrome: {chromedriverVersion: 2.43.600210 (68dcf5eebde371..., userDataDir: C:\Users\Admin\AppData\Loca...}, cssSelectorsEnabled: true, databaseEnabled: false, goog:chromeOptions: {debuggerAddress: localhost:56619}, handlesAlerts: true, hasTouchScreen: false, javascriptEnabled: true, locationContextEnabled: true, mobileEmulationEnabled: false, nativeEvents: true, networkConnectionEnabled: false, pageLoadStrategy: normal, platform: XP, platformName: XP, rotatable: false, setWindowRect: true, takesHeapSnapshot: true, takesScreenshot: true, unexpectedAlertBehaviour: , unhandledPromptBehavior: , version: 72.0.3626.109, webStorageEnabled: true}
Session ID: 6c2d4871c20497e3f10d616fda801803
*** Element info: {Using=xpath, value=//select[@id = 'perkesoOfficeId' and @name = 'perkesoOfficeId' and (text() = '
										--Sila Pilih--
										
											Pejabat PERKESO Batu Pahat
										
											Pejabat PERKESO Beaufort
										
											Pejabat PERKESO Bentong
										
											Pejabat PERKESO Bintulu
										
											Pejabat PERKESO Dungun
										
											Pejabat PERKESO Georgetown
										
											Pejabat PERKESO Kajang
										
											Pejabat PERKESO Kapit
										
											Pejabat PERKESO Kemaman
										
											Pejabat PERKESO Keningau
										
											Pejabat PERKESO Klang
										
											Pejabat PERKESO Kluang
										
											Pejabat PERKESO Kota Marudu
										
											Pejabat PERKESO Kuala Kangsar
										
											Pejabat PERKESO Kuala Krai
										
											Pejabat PERKESO Kuala Pilah
										
											Pejabat PERKESO Kulim
										
											Pejabat PERKESO Labuan
										
											Pejabat PERKESO Lahad Datu
										
											Pejabat PERKESO Langkawi
										
											Pejabat PERKESO Limbang
										
											Pejabat PERKESO Miri
										
											Pejabat PERKESO Muar
										
											Pejabat PERKESO Mukah
										
											Pejabat PERKESO Negeri Johor
										
											Pejabat PERKESO Negeri Kedah
										
											Pejabat PERKESO Negeri Kelantan
										
											Pejabat PERKESO Negeri Melaka
										
											Pejabat PERKESO Negeri Pahang
										
											Pejabat PERKESO Negeri Perak
										
											Pejabat PERKESO Negeri Perlis
										
											Pejabat PERKESO Negeri Pulau Pinang
										
											Pejabat PERKESO Negeri Sabah
										
											Pejabat PERKESO Negeri Sarawak
										
											Pejabat PERKESO Negeri Selangor
										
											Pejabat PERKESO Negeri Sembilan
										
											Pejabat PERKESO Negeri Terengganu
										
											Pejabat PERKESO Negeri W.P Kuala Lumpur
										
											Pejabat PERKESO Rawang
										
											Pejabat PERKESO Sandakan
										
											Pejabat PERKESO Sarikei
										
											Pejabat PERKESO Segamat
										
											Pejabat PERKESO Serian
										
											Pejabat PERKESO Sibu
										
											Pejabat PERKESO Sri Aman
										
											Pejabat PERKESO Sri Manjung
										
											Pejabat PERKESO Sungai Petani
										
											Pejabat PERKESO Taiping
										
											Pejabat PERKESO Tanjung Karang
										
											Pejabat PERKESO Tapah
										
											Pejabat PERKESO Tawau
										
											Pejabat PERKESO Teluk Intan
										
											Pejabat PERKESO Temerloh
										
									' or . = '
										--Sila Pilih--
										
											Pejabat PERKESO Batu Pahat
										
											Pejabat PERKESO Beaufort
										
											Pejabat PERKESO Bentong
										
											Pejabat PERKESO Bintulu
										
											Pejabat PERKESO Dungun
										
											Pejabat PERKESO Georgetown
										
											Pejabat PERKESO Kajang
										
											Pejabat PERKESO Kapit
										
											Pejabat PERKESO Kemaman
										
											Pejabat PERKESO Keningau
										
											Pejabat PERKESO Klang
										
											Pejabat PERKESO Kluang
										
											Pejabat PERKESO Kota Marudu
										
											Pejabat PERKESO Kuala Kangsar
										
											Pejabat PERKESO Kuala Krai
										
											Pejabat PERKESO Kuala Pilah
										
											Pejabat PERKESO Kulim
										
											Pejabat PERKESO Labuan
										
											Pejabat PERKESO Lahad Datu
										
											Pejabat PERKESO Langkawi
										
											Pejabat PERKESO Limbang
										
											Pejabat PERKESO Miri
										
											Pejabat PERKESO Muar
										
											Pejabat PERKESO Mukah
										
											Pejabat PERKESO Negeri Johor
										
											Pejabat PERKESO Negeri Kedah
										
											Pejabat PERKESO Negeri Kelantan
										
											Pejabat PERKESO Negeri Melaka
										
											Pejabat PERKESO Negeri Pahang
										
											Pejabat PERKESO Negeri Perak
										
											Pejabat PERKESO Negeri Perlis
										
											Pejabat PERKESO Negeri Pulau Pinang
										
											Pejabat PERKESO Negeri Sabah
										
											Pejabat PERKESO Negeri Sarawak
										
											Pejabat PERKESO Negeri Selangor
										
											Pejabat PERKESO Negeri Sembilan
										
											Pejabat PERKESO Negeri Terengganu
										
											Pejabat PERKESO Negeri W.P Kuala Lumpur
										
											Pejabat PERKESO Rawang
										
											Pejabat PERKESO Sandakan
										
											Pejabat PERKESO Sarikei
										
											Pejabat PERKESO Segamat
										
											Pejabat PERKESO Serian
										
											Pejabat PERKESO Sibu
										
											Pejabat PERKESO Sri Aman
										
											Pejabat PERKESO Sri Manjung
										
											Pejabat PERKESO Sungai Petani
										
											Pejabat PERKESO Taiping
										
											Pejabat PERKESO Tanjung Karang
										
											Pejabat PERKESO Tapah
										
											Pejabat PERKESO Tawau
										
											Pejabat PERKESO Teluk Intan
										
											Pejabat PERKESO Temerloh
										
									')]})
	at com.kms.katalon.core.keyword.internal.KeywordMain.stepFailed(KeywordMain.groovy:36)
	at com.kms.katalon.core.webui.keyword.internal.WebUIKeywordMain.stepFailed(WebUIKeywordMain.groovy:65)
	at com.kms.katalon.core.webui.keyword.internal.WebUIKeywordMain.runKeyword(WebUIKeywordMain.groovy:27)
	at com.kms.katalon.core.webui.keyword.builtin.ClickKeyword.click(ClickKeyword.groovy:86)
	at com.kms.katalon.core.webui.keyword.builtin.ClickKeyword.execute(ClickKeyword.groovy:67)
	at com.kms.katalon.core.keyword.internal.KeywordExecutor.executeKeywordForPlatform(KeywordExecutor.groovy:53)
	at com.kms.katalon.core.webui.keyword.WebUiBuiltInKeywords.click(WebUiBuiltInKeywords.groovy:616)
	at com.kms.katalon.core.webui.keyword.WebUiBuiltInKeywords$click$3.call(Unknown Source)
	at GN_Application_Reg.run(GN_Application_Reg:51)
	at com.kms.katalon.core.main.ScriptEngine.run(ScriptEngine.java:194)
	at com.kms.katalon.core.main.ScriptEngine.runScriptAsRawText(ScriptEngine.java:119)
	at com.kms.katalon.core.main.TestCaseExecutor.runScript(TestCaseExecutor.java:328)
	at com.kms.katalon.core.main.TestCaseExecutor.doExecute(TestCaseExecutor.java:319)
	at com.kms.katalon.core.main.TestCaseExecutor.processExecutionPhase(TestCaseExecutor.java:298)
	at com.kms.katalon.core.main.TestCaseExecutor.accessMainPhase(TestCaseExecutor.java:290)
	at com.kms.katalon.core.main.TestCaseExecutor.execute(TestCaseExecutor.java:224)
	at com.kms.katalon.core.main.TestCaseMain.runTestCase(TestCaseMain.java:106)
	at com.kms.katalon.core.keyword.builtin.CallTestCaseKeyword$_callTestCase_closure1.doCall(CallTestCaseKeyword.groovy:59)
	at com.kms.katalon.core.keyword.builtin.CallTestCaseKeyword$_callTestCase_closure1.call(CallTestCaseKeyword.groovy)
	at com.kms.katalon.core.keyword.internal.KeywordMain.runKeyword(KeywordMain.groovy:54)
	at com.kms.katalon.core.keyword.builtin.CallTestCaseKeyword.callTestCase(CallTestCaseKeyword.groovy:80)
	at com.kms.katalon.core.keyword.builtin.CallTestCaseKeyword.execute(CallTestCaseKeyword.groovy:44)
	at com.kms.katalon.core.keyword.internal.KeywordExecutor.executeKeywordForPlatform(KeywordExecutor.groovy:53)
	at com.kms.katalon.core.keyword.BuiltinKeywords.callTestCase(BuiltinKeywords.groovy:334)
	at GN_Submit Form 7_End to End.run(GN_Submit Form 7_End to End:16)
	at com.kms.katalon.core.main.ScriptEngine.run(ScriptEngine.java:194)
	at com.kms.katalon.core.main.ScriptEngine.runScriptAsRawText(ScriptEngine.java:119)
	at com.kms.katalon.core.main.TestCaseExecutor.runScript(TestCaseExecutor.java:328)
	at com.kms.katalon.core.main.TestCaseExecutor.doExecute(TestCaseExecutor.java:319)
	at com.kms.katalon.core.main.TestCaseExecutor.processExecutionPhase(TestCaseExecutor.java:298)
	at com.kms.katalon.core.main.TestCaseExecutor.accessMainPhase(TestCaseExecutor.java:290)
	at com.kms.katalon.core.main.TestCaseExecutor.execute(TestCaseExecutor.java:224)
	at com.kms.katalon.core.main.TestCaseMain.runTestCase(TestCaseMain.java:106)
	at com.kms.katalon.core.keyword.builtin.CallTestCaseKeyword$_callTestCase_closure1.doCall(CallTestCaseKeyword.groovy:59)
	at com.kms.katalon.core.keyword.builtin.CallTestCaseKeyword$_callTestCase_closure1.call(CallTestCaseKeyword.groovy)
	at com.kms.katalon.core.keyword.internal.KeywordMain.runKeyword(KeywordMain.groovy:54)
	at com.kms.katalon.core.keyword.builtin.CallTestCaseKeyword.callTestCase(CallTestCaseKeyword.groovy:80)
	at com.kms.katalon.core.keyword.builtin.CallTestCaseKeyword.execute(CallTestCaseKeyword.groovy:44)
	at com.kms.katalon.core.keyword.internal.KeywordExecutor.executeKeywordForPlatform(KeywordExecutor.groovy:53)
	at com.kms.katalon.core.keyword.BuiltinKeywords.callTestCase(BuiltinKeywords.groovy:334)
	at Submit Form 7 (General) - Case Reassignment Cross Branch EIO.run(Submit Form 7 (General) - Case Reassignment Cross Branch EIO:16)
	at com.kms.katalon.core.main.ScriptEngine.run(ScriptEngine.java:194)
	at com.kms.katalon.core.main.ScriptEngine.runScriptAsRawText(ScriptEngine.java:119)
	at com.kms.katalon.core.main.TestCaseExecutor.runScript(TestCaseExecutor.java:328)
	at com.kms.katalon.core.main.TestCaseExecutor.doExecute(TestCaseExecutor.java:319)
	at com.kms.katalon.core.main.TestCaseExecutor.processExecutionPhase(TestCaseExecutor.java:298)
	at com.kms.katalon.core.main.TestCaseExecutor.accessMainPhase(TestCaseExecutor.java:290)
	at com.kms.katalon.core.main.TestCaseExecutor.execute(TestCaseExecutor.java:224)
	at com.kms.katalon.core.main.TestSuiteExecutor.accessTestCaseMainPhase(TestSuiteExecutor.java:129)
	at com.kms.katalon.core.main.TestSuiteExecutor.accessTestSuiteMainPhase(TestSuiteExecutor.java:112)
	at com.kms.katalon.core.main.TestSuiteExecutor.execute(TestSuiteExecutor.java:81)
	at com.kms.katalon.core.main.TestCaseMain.startTestSuite(TestCaseMain.java:149)
	at com.kms.katalon.core.main.TestCaseMain$startTestSuite$0.call(Unknown Source)
	at TempTestSuite1550652525208.run(TempTestSuite1550652525208.groovy:36)


2019-02-20 17:18:55 - [MESSAGE][WARNING] - Cannot take screenshot

2019-02-20 17:18:55 - [MESSAGE][FAILED] - Unable to click on object 'Object Repository/ZhiHao/General_User_Submit_form 7/GN_Application_Reg/Page_PERKESO/select_pejabat_perkeso' (Root cause: org.openqa.selenium.UnhandledAlertException: unexpected alert open: {Alert text : HARAP MAKLUM

PERMOHONAN FAEDAH SIP TELAH DIBUAT BAGI PEKERJAAN INI. MOHON MENYEMAK SEMULA STATUS PERMOHONAN BAGI TUNTUTAN FAEDAH TERSEBUT}
  (Session info: chrome=72.0.3626.109)
  (Driver info: chromedriver=2.43.600210 (68dcf5eebde37173d4027fa8635e332711d2874a),platform=Windows NT 6.1.7601 SP1 x86_64) (WARNING: The server did not provide any stacktrace information)
Command duration or timeout: 0 milliseconds: null
Build info: version: '3.7.1', revision: '8a0099a', time: '2017-11-06T21:07:36.161Z'
System info: host: 'WIN7TEST02', ip: '10.20.3.72', os.name: 'Windows 7', os.arch: 'amd64', os.version: '6.1', java.version: '1.8.0_181'
Driver info: com.kms.katalon.selenium.driver.CChromeDriver
Capabilities {acceptInsecureCerts: false, acceptSslCerts: false, applicationCacheEnabled: false, browserConnectionEnabled: false, browserName: chrome, chrome: {chromedriverVersion: 2.43.600210 (68dcf5eebde371..., userDataDir: C:\Users\Admin\AppData\Loca...}, cssSelectorsEnabled: true, databaseEnabled: false, goog:chromeOptions: {debuggerAddress: localhost:56619}, handlesAlerts: true, hasTouchScreen: false, javascriptEnabled: true, locationContextEnabled: true, mobileEmulationEnabled: false, nativeEvents: true, networkConnectionEnabled: false, pageLoadStrategy: normal, platform: XP, platformName: XP, rotatable: false, setWindowRect: true, takesHeapSnapshot: true, takesScreenshot: true, unexpectedAlertBehaviour: , unhandledPromptBehavior: , version: 72.0.3626.109, webStorageEnabled: true}
Session ID: 6c2d4871c20497e3f10d616fda801803
*** Element info: {Using=xpath, value=//select[@id = 'perkesoOfficeId' and @name = 'perkesoOfficeId' and (text() = '
										--Sila Pilih--
										
											Pejabat PERKESO Batu Pahat
										
											Pejabat PERKESO Beaufort
										
											Pejabat PERKESO Bentong
										
											Pejabat PERKESO Bintulu
										
											Pejabat PERKESO Dungun
										
											Pejabat PERKESO Georgetown
										
											Pejabat PERKESO Kajang
										
											Pejabat PERKESO Kapit
										
											Pejabat PERKESO Kemaman
										
											Pejabat PERKESO Keningau
										
											Pejabat PERKESO Klang
										
											Pejabat PERKESO Kluang
										
											Pejabat PERKESO Kota Marudu
										
											Pejabat PERKESO Kuala Kangsar
										
											Pejabat PERKESO Kuala Krai
										
											Pejabat PERKESO Kuala Pilah
										
											Pejabat PERKESO Kulim
										
											Pejabat PERKESO Labuan
										
											Pejabat PERKESO Lahad Datu
										
											Pejabat PERKESO Langkawi
										
											Pejabat PERKESO Limbang
										
											Pejabat PERKESO Miri
										
											Pejabat PERKESO Muar
										
											Pejabat PERKESO Mukah
										
											Pejabat PERKESO Negeri Johor
										
											Pejabat PERKESO Negeri Kedah
										
											Pejabat PERKESO Negeri Kelantan
										
											Pejabat PERKESO Negeri Melaka
										
											Pejabat PERKESO Negeri Pahang
										
											Pejabat PERKESO Negeri Perak
										
											Pejabat PERKESO Negeri Perlis
										
											Pejabat PERKESO Negeri Pulau Pinang
										
											Pejabat PERKESO Negeri Sabah
										
											Pejabat PERKESO Negeri Sarawak
										
											Pejabat PERKESO Negeri Selangor
										
											Pejabat PERKESO Negeri Sembilan
										
											Pejabat PERKESO Negeri Terengganu
										
											Pejabat PERKESO Negeri W.P Kuala Lumpur
										
											Pejabat PERKESO Rawang
										
											Pejabat PERKESO Sandakan
										
											Pejabat PERKESO Sarikei
										
											Pejabat PERKESO Segamat
										
											Pejabat PERKESO Serian
										
											Pejabat PERKESO Sibu
										
											Pejabat PERKESO Sri Aman
										
											Pejabat PERKESO Sri Manjung
										
											Pejabat PERKESO Sungai Petani
										
											Pejabat PERKESO Taiping
										
											Pejabat PERKESO Tanjung Karang
										
											Pejabat PERKESO Tapah
										
											Pejabat PERKESO Tawau
										
											Pejabat PERKESO Teluk Intan
										
											Pejabat PERKESO Temerloh
										
									' or . = '
										--Sila Pilih--
										
											Pejabat PERKESO Batu Pahat
										
											Pejabat PERKESO Beaufort
										
											Pejabat PERKESO Bentong
										
											Pejabat PERKESO Bintulu
										
											Pejabat PERKESO Dungun
										
											Pejabat PERKESO Georgetown
										
											Pejabat PERKESO Kajang
										
											Pejabat PERKESO Kapit
										
											Pejabat PERKESO Kemaman
										
											Pejabat PERKESO Keningau
										
											Pejabat PERKESO Klang
										
											Pejabat PERKESO Kluang
										
											Pejabat PERKESO Kota Marudu
										
											Pejabat PERKESO Kuala Kangsar
										
											Pejabat PERKESO Kuala Krai
										
											Pejabat PERKESO Kuala Pilah
										
											Pejabat PERKESO Kulim
										
											Pejabat PERKESO Labuan
										
											Pejabat PERKESO Lahad Datu
										
											Pejabat PERKESO Langkawi
										
											Pejabat PERKESO Limbang
										
											Pejabat PERKESO Miri
										
											Pejabat PERKESO Muar
										
											Pejabat PERKESO Mukah
										
											Pejabat PERKESO Negeri Johor
										
											Pejabat PERKESO Negeri Kedah
										
											Pejabat PERKESO Negeri Kelantan
										
											Pejabat PERKESO Negeri Melaka
										
											Pejabat PERKESO Negeri Pahang
										
											Pejabat PERKESO Negeri Perak
										
											Pejabat PERKESO Negeri Perlis
										
											Pejabat PERKESO Negeri Pulau Pinang
										
											Pejabat PERKESO Negeri Sabah
										
											Pejabat PERKESO Negeri Sarawak
										
											Pejabat PERKESO Negeri Selangor
										
											Pejabat PERKESO Negeri Sembilan
										
											Pejabat PERKESO Negeri Terengganu
										
											Pejabat PERKESO Negeri W.P Kuala Lumpur
										
											Pejabat PERKESO Rawang
										
											Pejabat PERKESO Sandakan
										
											Pejabat PERKESO Sarikei
										
											Pejabat PERKESO Segamat
										
											Pejabat PERKESO Serian
										
											Pejabat PERKESO Sibu
										
											Pejabat PERKESO Sri Aman
										
											Pejabat PERKESO Sri Manjung
										
											Pejabat PERKESO Sungai Petani
										
											Pejabat PERKESO Taiping
										
											Pejabat PERKESO Tanjung Karang
										
											Pejabat PERKESO Tapah
										
											Pejabat PERKESO Tawau
										
											Pejabat PERKESO Teluk Intan
										
											Pejabat PERKESO Temerloh
										
									')]})

2019-02-20 17:18:55 - [MESSAGE][FAILED] - click(findTestObject("ZhiHao/General_User_Submit_form 7/GN_Application_Reg/Page_PERKESO/select_pejabat_perkeso")) FAILED.
Reason:
com.kms.katalon.core.exception.StepFailedException: Unable to click on object 'Object Repository/ZhiHao/General_User_Submit_form 7/GN_Application_Reg/Page_PERKESO/select_pejabat_perkeso' (Root cause: org.openqa.selenium.UnhandledAlertException: unexpected alert open: {Alert text : HARAP MAKLUM

PERMOHONAN FAEDAH SIP TELAH DIBUAT BAGI PEKERJAAN INI. MOHON MENYEMAK SEMULA STATUS PERMOHONAN BAGI TUNTUTAN FAEDAH TERSEBUT}
  (Session info: chrome=72.0.3626.109)
  (Driver info: chromedriver=2.43.600210 (68dcf5eebde37173d4027fa8635e332711d2874a),platform=Windows NT 6.1.7601 SP1 x86_64) (WARNING: The server did not provide any stacktrace information)
Command duration or timeout: 0 milliseconds: null
Build info: version: '3.7.1', revision: '8a0099a', time: '2017-11-06T21:07:36.161Z'
System info: host: 'WIN7TEST02', ip: '10.20.3.72', os.name: 'Windows 7', os.arch: 'amd64', os.version: '6.1', java.version: '1.8.0_181'
Driver info: com.kms.katalon.selenium.driver.CChromeDriver
Capabilities {acceptInsecureCerts: false, acceptSslCerts: false, applicationCacheEnabled: false, browserConnectionEnabled: false, browserName: chrome, chrome: {chromedriverVersion: 2.43.600210 (68dcf5eebde371..., userDataDir: C:\Users\Admin\AppData\Loca...}, cssSelectorsEnabled: true, databaseEnabled: false, goog:chromeOptions: {debuggerAddress: localhost:56619}, handlesAlerts: true, hasTouchScreen: false, javascriptEnabled: true, locationContextEnabled: true, mobileEmulationEnabled: false, nativeEvents: true, networkConnectionEnabled: false, pageLoadStrategy: normal, platform: XP, platformName: XP, rotatable: false, setWindowRect: true, takesHeapSnapshot: true, takesScreenshot: true, unexpectedAlertBehaviour: , unhandledPromptBehavior: , version: 72.0.3626.109, webStorageEnabled: true}
Session ID: 6c2d4871c20497e3f10d616fda801803
*** Element info: {Using=xpath, value=//select[@id = 'perkesoOfficeId' and @name = 'perkesoOfficeId' and (text() = '
										--Sila Pilih--
										
											Pejabat PERKESO Batu Pahat
										
											Pejabat PERKESO Beaufort
										
											Pejabat PERKESO Bentong
										
											Pejabat PERKESO Bintulu
										
											Pejabat PERKESO Dungun
										
											Pejabat PERKESO Georgetown
										
											Pejabat PERKESO Kajang
										
											Pejabat PERKESO Kapit
										
											Pejabat PERKESO Kemaman
										
											Pejabat PERKESO Keningau
										
											Pejabat PERKESO Klang
										
											Pejabat PERKESO Kluang
										
											Pejabat PERKESO Kota Marudu
										
											Pejabat PERKESO Kuala Kangsar
										
											Pejabat PERKESO Kuala Krai
										
											Pejabat PERKESO Kuala Pilah
										
											Pejabat PERKESO Kulim
										
											Pejabat PERKESO Labuan
										
											Pejabat PERKESO Lahad Datu
										
											Pejabat PERKESO Langkawi
										
											Pejabat PERKESO Limbang
										
											Pejabat PERKESO Miri
										
											Pejabat PERKESO Muar
										
											Pejabat PERKESO Mukah
										
											Pejabat PERKESO Negeri Johor
										
											Pejabat PERKESO Negeri Kedah
										
											Pejabat PERKESO Negeri Kelantan
										
											Pejabat PERKESO Negeri Melaka
										
											Pejabat PERKESO Negeri Pahang
										
											Pejabat PERKESO Negeri Perak
										
											Pejabat PERKESO Negeri Perlis
										
											Pejabat PERKESO Negeri Pulau Pinang
										
											Pejabat PERKESO Negeri Sabah
										
											Pejabat PERKESO Negeri Sarawak
										
											Pejabat PERKESO Negeri Selangor
										
											Pejabat PERKESO Negeri Sembilan
										
											Pejabat PERKESO Negeri Terengganu
										
											Pejabat PERKESO Negeri W.P Kuala Lumpur
										
											Pejabat PERKESO Rawang
										
											Pejabat PERKESO Sandakan
										
											Pejabat PERKESO Sarikei
										
											Pejabat PERKESO Segamat
										
											Pejabat PERKESO Serian
										
											Pejabat PERKESO Sibu
										
											Pejabat PERKESO Sri Aman
										
											Pejabat PERKESO Sri Manjung
										
											Pejabat PERKESO Sungai Petani
										
											Pejabat PERKESO Taiping
										
											Pejabat PERKESO Tanjung Karang
										
											Pejabat PERKESO Tapah
										
											Pejabat PERKESO Tawau
										
											Pejabat PERKESO Teluk Intan
										
											Pejabat PERKESO Temerloh
										
									' or . = '
										--Sila Pilih--
										
											Pejabat PERKESO Batu Pahat
										
											Pejabat PERKESO Beaufort
										
											Pejabat PERKESO Bentong
										
											Pejabat PERKESO Bintulu
										
											Pejabat PERKESO Dungun
										
											Pejabat PERKESO Georgetown
										
											Pejabat PERKESO Kajang
										
											Pejabat PERKESO Kapit
										
											Pejabat PERKESO Kemaman
										
											Pejabat PERKESO Keningau
										
											Pejabat PERKESO Klang
										
											Pejabat PERKESO Kluang
										
											Pejabat PERKESO Kota Marudu
										
											Pejabat PERKESO Kuala Kangsar
										
											Pejabat PERKESO Kuala Krai
										
											Pejabat PERKESO Kuala Pilah
										
											Pejabat PERKESO Kulim
										
											Pejabat PERKESO Labuan
										
											Pejabat PERKESO Lahad Datu
										
											Pejabat PERKESO Langkawi
										
											Pejabat PERKESO Limbang
										
											Pejabat PERKESO Miri
										
											Pejabat PERKESO Muar
										
											Pejabat PERKESO Mukah
										
											Pejabat PERKESO Negeri Johor
										
											Pejabat PERKESO Negeri Kedah
										
											Pejabat PERKESO Negeri Kelantan
										
											Pejabat PERKESO Negeri Melaka
										
											Pejabat PERKESO Negeri Pahang
										
											Pejabat PERKESO Negeri Perak
										
											Pejabat PERKESO Negeri Perlis
										
											Pejabat PERKESO Negeri Pulau Pinang
										
											Pejabat PERKESO Negeri Sabah
										
											Pejabat PERKESO Negeri Sarawak
										
											Pejabat PERKESO Negeri Selangor
										
											Pejabat PERKESO Negeri Sembilan
										
											Pejabat PERKESO Negeri Terengganu
										
											Pejabat PERKESO Negeri W.P Kuala Lumpur
										
											Pejabat PERKESO Rawang
										
											Pejabat PERKESO Sandakan
										
											Pejabat PERKESO Sarikei
										
											Pejabat PERKESO Segamat
										
											Pejabat PERKESO Serian
										
											Pejabat PERKESO Sibu
										
											Pejabat PERKESO Sri Aman
										
											Pejabat PERKESO Sri Manjung
										
											Pejabat PERKESO Sungai Petani
										
											Pejabat PERKESO Taiping
										
											Pejabat PERKESO Tanjung Karang
										
											Pejabat PERKESO Tapah
										
											Pejabat PERKESO Tawau
										
											Pejabat PERKESO Teluk Intan
										
											Pejabat PERKESO Temerloh
										
									')]})
	at com.kms.katalon.core.keyword.internal.KeywordMain.stepFailed(KeywordMain.groovy:36)
	at com.kms.katalon.core.webui.keyword.internal.WebUIKeywordMain.stepFailed(WebUIKeywordMain.groovy:65)
	at com.kms.katalon.core.webui.keyword.internal.WebUIKeywordMain.runKeyword(WebUIKeywordMain.groovy:27)
	at com.kms.katalon.core.webui.keyword.builtin.ClickKeyword.click(ClickKeyword.groovy:86)
	at com.kms.katalon.core.webui.keyword.builtin.ClickKeyword.execute(ClickKeyword.groovy:67)
	at com.kms.katalon.core.keyword.internal.KeywordExecutor.executeKeywordForPlatform(KeywordExecutor.groovy:53)
	at com.kms.katalon.core.webui.keyword.WebUiBuiltInKeywords.click(WebUiBuiltInKeywords.groovy:616)
	at com.kms.katalon.core.webui.keyword.WebUiBuiltInKeywords$click$3.call(Unknown Source)
	at GN_Application_Reg.run(GN_Application_Reg:51)
	at com.kms.katalon.core.main.ScriptEngine.run(ScriptEngine.java:194)
	at com.kms.katalon.core.main.ScriptEngine.runScriptAsRawText(ScriptEngine.java:119)
	at com.kms.katalon.core.main.TestCaseExecutor.runScript(TestCaseExecutor.java:328)
	at com.kms.katalon.core.main.TestCaseExecutor.doExecute(TestCaseExecutor.java:319)
	at com.kms.katalon.core.main.TestCaseExecutor.processExecutionPhase(TestCaseExecutor.java:298)
	at com.kms.katalon.core.main.TestCaseExecutor.accessMainPhase(TestCaseExecutor.java:290)
	at com.kms.katalon.core.main.TestCaseExecutor.execute(TestCaseExecutor.java:224)
	at com.kms.katalon.core.main.TestCaseMain.runTestCase(TestCaseMain.java:106)
	at com.kms.katalon.core.keyword.builtin.CallTestCaseKeyword$_callTestCase_closure1.doCall(CallTestCaseKeyword.groovy:59)
	at com.kms.katalon.core.keyword.builtin.CallTestCaseKeyword$_callTestCase_closure1.call(CallTestCaseKeyword.groovy)
	at com.kms.katalon.core.keyword.internal.KeywordMain.runKeyword(KeywordMain.groovy:54)
	at com.kms.katalon.core.keyword.builtin.CallTestCaseKeyword.callTestCase(CallTestCaseKeyword.groovy:80)
	at com.kms.katalon.core.keyword.builtin.CallTestCaseKeyword.execute(CallTestCaseKeyword.groovy:44)
	at com.kms.katalon.core.keyword.internal.KeywordExecutor.executeKeywordForPlatform(KeywordExecutor.groovy:53)
	at com.kms.katalon.core.keyword.BuiltinKeywords.callTestCase(BuiltinKeywords.groovy:334)
	at GN_Submit Form 7_End to End.run(GN_Submit Form 7_End to End:16)
	at com.kms.katalon.core.main.ScriptEngine.run(ScriptEngine.java:194)
	at com.kms.katalon.core.main.ScriptEngine.runScriptAsRawText(ScriptEngine.java:119)
	at com.kms.katalon.core.main.TestCaseExecutor.runScript(TestCaseExecutor.java:328)
	at com.kms.katalon.core.main.TestCaseExecutor.doExecute(TestCaseExecutor.java:319)
	at com.kms.katalon.core.main.TestCaseExecutor.processExecutionPhase(TestCaseExecutor.java:298)
	at com.kms.katalon.core.main.TestCaseExecutor.accessMainPhase(TestCaseExecutor.java:290)
	at com.kms.katalon.core.main.TestCaseExecutor.execute(TestCaseExecutor.java:224)
	at com.kms.katalon.core.main.TestCaseMain.runTestCase(TestCaseMain.java:106)
	at com.kms.katalon.core.keyword.builtin.CallTestCaseKeyword$_callTestCase_closure1.doCall(CallTestCaseKeyword.groovy:59)
	at com.kms.katalon.core.keyword.builtin.CallTestCaseKeyword$_callTestCase_closure1.call(CallTestCaseKeyword.groovy)
	at com.kms.katalon.core.keyword.internal.KeywordMain.runKeyword(KeywordMain.groovy:54)
	at com.kms.katalon.core.keyword.builtin.CallTestCaseKeyword.callTestCase(CallTestCaseKeyword.groovy:80)
	at com.kms.katalon.core.keyword.builtin.CallTestCaseKeyword.execute(CallTestCaseKeyword.groovy:44)
	at com.kms.katalon.core.keyword.internal.KeywordExecutor.executeKeywordForPlatform(KeywordExecutor.groovy:53)
	at com.kms.katalon.core.keyword.BuiltinKeywords.callTestCase(BuiltinKeywords.groovy:334)
	at Submit Form 7 (General) - Case Reassignment Cross Branch EIO.run(Submit Form 7 (General) - Case Reassignment Cross Branch EIO:16)
	at com.kms.katalon.core.main.ScriptEngine.run(ScriptEngine.java:194)
	at com.kms.katalon.core.main.ScriptEngine.runScriptAsRawText(ScriptEngine.java:119)
	at com.kms.katalon.core.main.TestCaseExecutor.runScript(TestCaseExecutor.java:328)
	at com.kms.katalon.core.main.TestCaseExecutor.doExecute(TestCaseExecutor.java:319)
	at com.kms.katalon.core.main.TestCaseExecutor.processExecutionPhase(TestCaseExecutor.java:298)
	at com.kms.katalon.core.main.TestCaseExecutor.accessMainPhase(TestCaseExecutor.java:290)
	at com.kms.katalon.core.main.TestCaseExecutor.execute(TestCaseExecutor.java:224)
	at com.kms.katalon.core.main.TestSuiteExecutor.accessTestCaseMainPhase(TestSuiteExecutor.java:129)
	at com.kms.katalon.core.main.TestSuiteExecutor.accessTestSuiteMainPhase(TestSuiteExecutor.java:112)
	at com.kms.katalon.core.main.TestSuiteExecutor.execute(TestSuiteExecutor.java:81)
	at com.kms.katalon.core.main.TestCaseMain.startTestSuite(TestCaseMain.java:149)
	at com.kms.katalon.core.main.TestCaseMain$startTestSuite$0.call(Unknown Source)
	at TempTestSuite1550652525208.run(TempTestSuite1550652525208.groovy:36)


2019-02-20 17:18:55 - [MESSAGE][FAILED] - Unable to call Test Case 'Test Cases/All TC/Arranged/3. Unit/EI/GN submit form 7/GN_Application_Reg' (Root cause: com.kms.katalon.core.exception.StepFailedException: Call Test Case 'Test Cases/All TC/Arranged/3. Unit/EI/GN submit form 7/GN_Application_Reg' failed)

2019-02-20 17:18:55 - [MESSAGE][FAILED] - callTestCase(findTestCase("All TC/Arranged/3. Unit/EI/GN submit form 7/GN_Application_Reg"), [:], STOP_ON_FAILURE) FAILED.
Reason:
com.kms.katalon.core.exception.StepFailedException: Unable to click on object 'Object Repository/ZhiHao/General_User_Submit_form 7/GN_Application_Reg/Page_PERKESO/select_pejabat_perkeso' (Root cause: org.openqa.selenium.UnhandledAlertException: unexpected alert open: {Alert text : HARAP MAKLUM

PERMOHONAN FAEDAH SIP TELAH DIBUAT BAGI PEKERJAAN INI. MOHON MENYEMAK SEMULA STATUS PERMOHONAN BAGI TUNTUTAN FAEDAH TERSEBUT}
  (Session info: chrome=72.0.3626.109)
  (Driver info: chromedriver=2.43.600210 (68dcf5eebde37173d4027fa8635e332711d2874a),platform=Windows NT 6.1.7601 SP1 x86_64) (WARNING: The server did not provide any stacktrace information)
Command duration or timeout: 0 milliseconds: null
Build info: version: '3.7.1', revision: '8a0099a', time: '2017-11-06T21:07:36.161Z'
System info: host: 'WIN7TEST02', ip: '10.20.3.72', os.name: 'Windows 7', os.arch: 'amd64', os.version: '6.1', java.version: '1.8.0_181'
Driver info: com.kms.katalon.selenium.driver.CChromeDriver
Capabilities {acceptInsecureCerts: false, acceptSslCerts: false, applicationCacheEnabled: false, browserConnectionEnabled: false, browserName: chrome, chrome: {chromedriverVersion: 2.43.600210 (68dcf5eebde371..., userDataDir: C:\Users\Admin\AppData\Loca...}, cssSelectorsEnabled: true, databaseEnabled: false, goog:chromeOptions: {debuggerAddress: localhost:56619}, handlesAlerts: true, hasTouchScreen: false, javascriptEnabled: true, locationContextEnabled: true, mobileEmulationEnabled: false, nativeEvents: true, networkConnectionEnabled: false, pageLoadStrategy: normal, platform: XP, platformName: XP, rotatable: false, setWindowRect: true, takesHeapSnapshot: true, takesScreenshot: true, unexpectedAlertBehaviour: , unhandledPromptBehavior: , version: 72.0.3626.109, webStorageEnabled: true}
Session ID: 6c2d4871c20497e3f10d616fda801803
*** Element info: {Using=xpath, value=//select[@id = 'perkesoOfficeId' and @name = 'perkesoOfficeId' and (text() = '
										--Sila Pilih--
										
											Pejabat PERKESO Batu Pahat
										
											Pejabat PERKESO Beaufort
										
											Pejabat PERKESO Bentong
										
											Pejabat PERKESO Bintulu
										
											Pejabat PERKESO Dungun
										
											Pejabat PERKESO Georgetown
										
											Pejabat PERKESO Kajang
										
											Pejabat PERKESO Kapit
										
											Pejabat PERKESO Kemaman
										
											Pejabat PERKESO Keningau
										
											Pejabat PERKESO Klang
										
											Pejabat PERKESO Kluang
										
											Pejabat PERKESO Kota Marudu
										
											Pejabat PERKESO Kuala Kangsar
										
											Pejabat PERKESO Kuala Krai
										
											Pejabat PERKESO Kuala Pilah
										
											Pejabat PERKESO Kulim
										
											Pejabat PERKESO Labuan
										
											Pejabat PERKESO Lahad Datu
										
											Pejabat PERKESO Langkawi
										
											Pejabat PERKESO Limbang
										
											Pejabat PERKESO Miri
										
											Pejabat PERKESO Muar
										
											Pejabat PERKESO Mukah
										
											Pejabat PERKESO Negeri Johor
										
											Pejabat PERKESO Negeri Kedah
										
											Pejabat PERKESO Negeri Kelantan
										
											Pejabat PERKESO Negeri Melaka
										
											Pejabat PERKESO Negeri Pahang
										
											Pejabat PERKESO Negeri Perak
										
											Pejabat PERKESO Negeri Perlis
										
											Pejabat PERKESO Negeri Pulau Pinang
										
											Pejabat PERKESO Negeri Sabah
										
											Pejabat PERKESO Negeri Sarawak
										
											Pejabat PERKESO Negeri Selangor
										
											Pejabat PERKESO Negeri Sembilan
										
											Pejabat PERKESO Negeri Terengganu
										
											Pejabat PERKESO Negeri W.P Kuala Lumpur
										
											Pejabat PERKESO Rawang
										
											Pejabat PERKESO Sandakan
										
											Pejabat PERKESO Sarikei
										
											Pejabat PERKESO Segamat
										
											Pejabat PERKESO Serian
										
											Pejabat PERKESO Sibu
										
											Pejabat PERKESO Sri Aman
										
											Pejabat PERKESO Sri Manjung
										
											Pejabat PERKESO Sungai Petani
										
											Pejabat PERKESO Taiping
										
											Pejabat PERKESO Tanjung Karang
										
											Pejabat PERKESO Tapah
										
											Pejabat PERKESO Tawau
										
											Pejabat PERKESO Teluk Intan
										
											Pejabat PERKESO Temerloh
										
									' or . = '
										--Sila Pilih--
										
											Pejabat PERKESO Batu Pahat
										
											Pejabat PERKESO Beaufort
										
											Pejabat PERKESO Bentong
										
											Pejabat PERKESO Bintulu
										
											Pejabat PERKESO Dungun
										
											Pejabat PERKESO Georgetown
										
											Pejabat PERKESO Kajang
										
											Pejabat PERKESO Kapit
										
											Pejabat PERKESO Kemaman
										
											Pejabat PERKESO Keningau
										
											Pejabat PERKESO Klang
										
											Pejabat PERKESO Kluang
										
											Pejabat PERKESO Kota Marudu
										
											Pejabat PERKESO Kuala Kangsar
										
											Pejabat PERKESO Kuala Krai
										
											Pejabat PERKESO Kuala Pilah
										
											Pejabat PERKESO Kulim
										
											Pejabat PERKESO Labuan
										
											Pejabat PERKESO Lahad Datu
										
											Pejabat PERKESO Langkawi
										
											Pejabat PERKESO Limbang
										
											Pejabat PERKESO Miri
										
											Pejabat PERKESO Muar
										
											Pejabat PERKESO Mukah
										
											Pejabat PERKESO Negeri Johor
										
											Pejabat PERKESO Negeri Kedah
										
											Pejabat PERKESO Negeri Kelantan
										
											Pejabat PERKESO Negeri Melaka
										
											Pejabat PERKESO Negeri Pahang
										
											Pejabat PERKESO Negeri Perak
										
											Pejabat PERKESO Negeri Perlis
										
											Pejabat PERKESO Negeri Pulau Pinang
										
											Pejabat PERKESO Negeri Sabah
										
											Pejabat PERKESO Negeri Sarawak
										
											Pejabat PERKESO Negeri Selangor
										
											Pejabat PERKESO Negeri Sembilan
										
											Pejabat PERKESO Negeri Terengganu
										
											Pejabat PERKESO Negeri W.P Kuala Lumpur
										
											Pejabat PERKESO Rawang
										
											Pejabat PERKESO Sandakan
										
											Pejabat PERKESO Sarikei
										
											Pejabat PERKESO Segamat
										
											Pejabat PERKESO Serian
										
											Pejabat PERKESO Sibu
										
											Pejabat PERKESO Sri Aman
										
											Pejabat PERKESO Sri Manjung
										
											Pejabat PERKESO Sungai Petani
										
											Pejabat PERKESO Taiping
										
											Pejabat PERKESO Tanjung Karang
										
											Pejabat PERKESO Tapah
										
											Pejabat PERKESO Tawau
										
											Pejabat PERKESO Teluk Intan
										
											Pejabat PERKESO Temerloh
										
									')]})
	at com.kms.katalon.core.keyword.internal.KeywordMain.stepFailed(KeywordMain.groovy:36)
	at com.kms.katalon.core.webui.keyword.internal.WebUIKeywordMain.stepFailed(WebUIKeywordMain.groovy:65)
	at com.kms.katalon.core.webui.keyword.internal.WebUIKeywordMain.runKeyword(WebUIKeywordMain.groovy:27)
	at com.kms.katalon.core.webui.keyword.builtin.ClickKeyword.click(ClickKeyword.groovy:86)
	at com.kms.katalon.core.webui.keyword.builtin.ClickKeyword.execute(ClickKeyword.groovy:67)
	at com.kms.katalon.core.keyword.internal.KeywordExecutor.executeKeywordForPlatform(KeywordExecutor.groovy:53)
	at com.kms.katalon.core.webui.keyword.WebUiBuiltInKeywords.click(WebUiBuiltInKeywords.groovy:616)
	at com.kms.katalon.core.webui.keyword.WebUiBuiltInKeywords$click$3.call(Unknown Source)
	at GN_Application_Reg.run(GN_Application_Reg:51)
	at com.kms.katalon.core.main.ScriptEngine.run(ScriptEngine.java:194)
	at com.kms.katalon.core.main.ScriptEngine.runScriptAsRawText(ScriptEngine.java:119)
	at com.kms.katalon.core.main.TestCaseExecutor.runScript(TestCaseExecutor.java:328)
	at com.kms.katalon.core.main.TestCaseExecutor.doExecute(TestCaseExecutor.java:319)
	at com.kms.katalon.core.main.TestCaseExecutor.processExecutionPhase(TestCaseExecutor.java:298)
	at com.kms.katalon.core.main.TestCaseExecutor.accessMainPhase(TestCaseExecutor.java:290)
	at com.kms.katalon.core.main.TestCaseExecutor.execute(TestCaseExecutor.java:224)
	at com.kms.katalon.core.main.TestCaseMain.runTestCase(TestCaseMain.java:106)
	at com.kms.katalon.core.keyword.builtin.CallTestCaseKeyword$_callTestCase_closure1.doCall(CallTestCaseKeyword.groovy:59)
	at com.kms.katalon.core.keyword.builtin.CallTestCaseKeyword$_callTestCase_closure1.call(CallTestCaseKeyword.groovy)
	at com.kms.katalon.core.keyword.internal.KeywordMain.runKeyword(KeywordMain.groovy:54)
	at com.kms.katalon.core.keyword.builtin.CallTestCaseKeyword.callTestCase(CallTestCaseKeyword.groovy:80)
	at com.kms.katalon.core.keyword.builtin.CallTestCaseKeyword.execute(CallTestCaseKeyword.groovy:44)
	at com.kms.katalon.core.keyword.internal.KeywordExecutor.executeKeywordForPlatform(KeywordExecutor.groovy:53)
	at com.kms.katalon.core.keyword.BuiltinKeywords.callTestCase(BuiltinKeywords.groovy:334)
	at GN_Submit Form 7_End to End.run(GN_Submit Form 7_End to End:16)
	at com.kms.katalon.core.main.ScriptEngine.run(ScriptEngine.java:194)
	at com.kms.katalon.core.main.ScriptEngine.runScriptAsRawText(ScriptEngine.java:119)
	at com.kms.katalon.core.main.TestCaseExecutor.runScript(TestCaseExecutor.java:328)
	at com.kms.katalon.core.main.TestCaseExecutor.doExecute(TestCaseExecutor.java:319)
	at com.kms.katalon.core.main.TestCaseExecutor.processExecutionPhase(TestCaseExecutor.java:298)
	at com.kms.katalon.core.main.TestCaseExecutor.accessMainPhase(TestCaseExecutor.java:290)
	at com.kms.katalon.core.main.TestCaseExecutor.execute(TestCaseExecutor.java:224)
	at com.kms.katalon.core.main.TestCaseMain.runTestCase(TestCaseMain.java:106)
	at com.kms.katalon.core.keyword.builtin.CallTestCaseKeyword$_callTestCase_closure1.doCall(CallTestCaseKeyword.groovy:59)
	at com.kms.katalon.core.keyword.builtin.CallTestCaseKeyword$_callTestCase_closure1.call(CallTestCaseKeyword.groovy)
	at com.kms.katalon.core.keyword.internal.KeywordMain.runKeyword(KeywordMain.groovy:54)
	at com.kms.katalon.core.keyword.builtin.CallTestCaseKeyword.callTestCase(CallTestCaseKeyword.groovy:80)
	at com.kms.katalon.core.keyword.builtin.CallTestCaseKeyword.execute(CallTestCaseKeyword.groovy:44)
	at com.kms.katalon.core.keyword.internal.KeywordExecutor.executeKeywordForPlatform(KeywordExecutor.groovy:53)
	at com.kms.katalon.core.keyword.BuiltinKeywords.callTestCase(BuiltinKeywords.groovy:334)
	at Submit Form 7 (General) - Case Reassignment Cross Branch EIO.run(Submit Form 7 (General) - Case Reassignment Cross Branch EIO:16)
	at com.kms.katalon.core.main.ScriptEngine.run(ScriptEngine.java:194)
	at com.kms.katalon.core.main.ScriptEngine.runScriptAsRawText(ScriptEngine.java:119)
	at com.kms.katalon.core.main.TestCaseExecutor.runScript(TestCaseExecutor.java:328)
	at com.kms.katalon.core.main.TestCaseExecutor.doExecute(TestCaseExecutor.java:319)
	at com.kms.katalon.core.main.TestCaseExecutor.processExecutionPhase(TestCaseExecutor.java:298)
	at com.kms.katalon.core.main.TestCaseExecutor.accessMainPhase(TestCaseExecutor.java:290)
	at com.kms.katalon.core.main.TestCaseExecutor.execute(TestCaseExecutor.java:224)
	at com.kms.katalon.core.main.TestSuiteExecutor.accessTestCaseMainPhase(TestSuiteExecutor.java:129)
	at com.kms.katalon.core.main.TestSuiteExecutor.accessTestSuiteMainPhase(TestSuiteExecutor.java:112)
	at com.kms.katalon.core.main.TestSuiteExecutor.execute(TestSuiteExecutor.java:81)
	at com.kms.katalon.core.main.TestCaseMain.startTestSuite(TestCaseMain.java:149)
	at com.kms.katalon.core.main.TestCaseMain$startTestSuite$0.call(Unknown Source)
	at TempTestSuite1550652525208.run(TempTestSuite1550652525208.groovy:36)


2019-02-20 17:18:58 - [MESSAGE][FAILED] - Unable to call Test Case 'Test Cases/All TC/Arranged/2. Segment/GN_Submit Form 7_End to End' (Root cause: com.kms.katalon.core.exception.StepFailedException: Call Test Case 'Test Cases/All TC/Arranged/2. Segment/GN_Submit Form 7_End to End' failed)

2019-02-20 17:18:58 - [MESSAGE][FAILED] - callTestCase(findTestCase("All TC/Arranged/2. Segment/GN_Submit Form 7_End to End"), [:], STOP_ON_FAILURE) FAILED.
Reason:
com.kms.katalon.core.exception.StepFailedException: Unable to click on object 'Object Repository/ZhiHao/General_User_Submit_form 7/GN_Application_Reg/Page_PERKESO/select_pejabat_perkeso' (Root cause: org.openqa.selenium.UnhandledAlertException: unexpected alert open: {Alert text : HARAP MAKLUM

PERMOHONAN FAEDAH SIP TELAH DIBUAT BAGI PEKERJAAN INI. MOHON MENYEMAK SEMULA STATUS PERMOHONAN BAGI TUNTUTAN FAEDAH TERSEBUT}
  (Session info: chrome=72.0.3626.109)
  (Driver info: chromedriver=2.43.600210 (68dcf5eebde37173d4027fa8635e332711d2874a),platform=Windows NT 6.1.7601 SP1 x86_64) (WARNING: The server did not provide any stacktrace information)
Command duration or timeout: 0 milliseconds: null
Build info: version: '3.7.1', revision: '8a0099a', time: '2017-11-06T21:07:36.161Z'
System info: host: 'WIN7TEST02', ip: '10.20.3.72', os.name: 'Windows 7', os.arch: 'amd64', os.version: '6.1', java.version: '1.8.0_181'
Driver info: com.kms.katalon.selenium.driver.CChromeDriver
Capabilities {acceptInsecureCerts: false, acceptSslCerts: false, applicationCacheEnabled: false, browserConnectionEnabled: false, browserName: chrome, chrome: {chromedriverVersion: 2.43.600210 (68dcf5eebde371..., userDataDir: C:\Users\Admin\AppData\Loca...}, cssSelectorsEnabled: true, databaseEnabled: false, goog:chromeOptions: {debuggerAddress: localhost:56619}, handlesAlerts: true, hasTouchScreen: false, javascriptEnabled: true, locationContextEnabled: true, mobileEmulationEnabled: false, nativeEvents: true, networkConnectionEnabled: false, pageLoadStrategy: normal, platform: XP, platformName: XP, rotatable: false, setWindowRect: true, takesHeapSnapshot: true, takesScreenshot: true, unexpectedAlertBehaviour: , unhandledPromptBehavior: , version: 72.0.3626.109, webStorageEnabled: true}
Session ID: 6c2d4871c20497e3f10d616fda801803
*** Element info: {Using=xpath, value=//select[@id = 'perkesoOfficeId' and @name = 'perkesoOfficeId' and (text() = '
										--Sila Pilih--
										
											Pejabat PERKESO Batu Pahat
										
											Pejabat PERKESO Beaufort
										
											Pejabat PERKESO Bentong
										
											Pejabat PERKESO Bintulu
										
											Pejabat PERKESO Dungun
										
											Pejabat PERKESO Georgetown
										
											Pejabat PERKESO Kajang
										
											Pejabat PERKESO Kapit
										
											Pejabat PERKESO Kemaman
										
											Pejabat PERKESO Keningau
										
											Pejabat PERKESO Klang
										
											Pejabat PERKESO Kluang
										
											Pejabat PERKESO Kota Marudu
										
											Pejabat PERKESO Kuala Kangsar
										
											Pejabat PERKESO Kuala Krai
										
											Pejabat PERKESO Kuala Pilah
										
											Pejabat PERKESO Kulim
										
											Pejabat PERKESO Labuan
										
											Pejabat PERKESO Lahad Datu
										
											Pejabat PERKESO Langkawi
										
											Pejabat PERKESO Limbang
										
											Pejabat PERKESO Miri
										
											Pejabat PERKESO Muar
										
											Pejabat PERKESO Mukah
										
											Pejabat PERKESO Negeri Johor
										
											Pejabat PERKESO Negeri Kedah
										
											Pejabat PERKESO Negeri Kelantan
										
											Pejabat PERKESO Negeri Melaka
										
											Pejabat PERKESO Negeri Pahang
										
											Pejabat PERKESO Negeri Perak
										
											Pejabat PERKESO Negeri Perlis
										
											Pejabat PERKESO Negeri Pulau Pinang
										
											Pejabat PERKESO Negeri Sabah
										
											Pejabat PERKESO Negeri Sarawak
										
											Pejabat PERKESO Negeri Selangor
										
											Pejabat PERKESO Negeri Sembilan
										
											Pejabat PERKESO Negeri Terengganu
										
											Pejabat PERKESO Negeri W.P Kuala Lumpur
										
											Pejabat PERKESO Rawang
										
											Pejabat PERKESO Sandakan
										
											Pejabat PERKESO Sarikei
										
											Pejabat PERKESO Segamat
										
											Pejabat PERKESO Serian
										
											Pejabat PERKESO Sibu
										
											Pejabat PERKESO Sri Aman
										
											Pejabat PERKESO Sri Manjung
										
											Pejabat PERKESO Sungai Petani
										
											Pejabat PERKESO Taiping
										
											Pejabat PERKESO Tanjung Karang
										
											Pejabat PERKESO Tapah
										
											Pejabat PERKESO Tawau
										
											Pejabat PERKESO Teluk Intan
										
											Pejabat PERKESO Temerloh
										
									' or . = '
										--Sila Pilih--
										
											Pejabat PERKESO Batu Pahat
										
											Pejabat PERKESO Beaufort
										
											Pejabat PERKESO Bentong
										
											Pejabat PERKESO Bintulu
										
											Pejabat PERKESO Dungun
										
											Pejabat PERKESO Georgetown
										
											Pejabat PERKESO Kajang
										
											Pejabat PERKESO Kapit
										
											Pejabat PERKESO Kemaman
										
											Pejabat PERKESO Keningau
										
											Pejabat PERKESO Klang
										
											Pejabat PERKESO Kluang
										
											Pejabat PERKESO Kota Marudu
										
											Pejabat PERKESO Kuala Kangsar
										
											Pejabat PERKESO Kuala Krai
										
											Pejabat PERKESO Kuala Pilah
										
											Pejabat PERKESO Kulim
										
											Pejabat PERKESO Labuan
										
											Pejabat PERKESO Lahad Datu
										
											Pejabat PERKESO Langkawi
										
											Pejabat PERKESO Limbang
										
											Pejabat PERKESO Miri
										
											Pejabat PERKESO Muar
										
											Pejabat PERKESO Mukah
										
											Pejabat PERKESO Negeri Johor
										
											Pejabat PERKESO Negeri Kedah
										
											Pejabat PERKESO Negeri Kelantan
										
											Pejabat PERKESO Negeri Melaka
										
											Pejabat PERKESO Negeri Pahang
										
											Pejabat PERKESO Negeri Perak
										
											Pejabat PERKESO Negeri Perlis
										
											Pejabat PERKESO Negeri Pulau Pinang
										
											Pejabat PERKESO Negeri Sabah
										
											Pejabat PERKESO Negeri Sarawak
										
											Pejabat PERKESO Negeri Selangor
										
											Pejabat PERKESO Negeri Sembilan
										
											Pejabat PERKESO Negeri Terengganu
										
											Pejabat PERKESO Negeri W.P Kuala Lumpur
										
											Pejabat PERKESO Rawang
										
											Pejabat PERKESO Sandakan
										
											Pejabat PERKESO Sarikei
										
											Pejabat PERKESO Segamat
										
											Pejabat PERKESO Serian
										
											Pejabat PERKESO Sibu
										
											Pejabat PERKESO Sri Aman
										
											Pejabat PERKESO Sri Manjung
										
											Pejabat PERKESO Sungai Petani
										
											Pejabat PERKESO Taiping
										
											Pejabat PERKESO Tanjung Karang
										
											Pejabat PERKESO Tapah
										
											Pejabat PERKESO Tawau
										
											Pejabat PERKESO Teluk Intan
										
											Pejabat PERKESO Temerloh
										
									')]})
	at com.kms.katalon.core.keyword.internal.KeywordMain.stepFailed(KeywordMain.groovy:36)
	at com.kms.katalon.core.webui.keyword.internal.WebUIKeywordMain.stepFailed(WebUIKeywordMain.groovy:65)
	at com.kms.katalon.core.webui.keyword.internal.WebUIKeywordMain.runKeyword(WebUIKeywordMain.groovy:27)
	at com.kms.katalon.core.webui.keyword.builtin.ClickKeyword.click(ClickKeyword.groovy:86)
	at com.kms.katalon.core.webui.keyword.builtin.ClickKeyword.execute(ClickKeyword.groovy:67)
	at com.kms.katalon.core.keyword.internal.KeywordExecutor.executeKeywordForPlatform(KeywordExecutor.groovy:53)
	at com.kms.katalon.core.webui.keyword.WebUiBuiltInKeywords.click(WebUiBuiltInKeywords.groovy:616)
	at com.kms.katalon.core.webui.keyword.WebUiBuiltInKeywords$click$3.call(Unknown Source)
	at GN_Application_Reg.run(GN_Application_Reg:51)
	at com.kms.katalon.core.main.ScriptEngine.run(ScriptEngine.java:194)
	at com.kms.katalon.core.main.ScriptEngine.runScriptAsRawText(ScriptEngine.java:119)
	at com.kms.katalon.core.main.TestCaseExecutor.runScript(TestCaseExecutor.java:328)
	at com.kms.katalon.core.main.TestCaseExecutor.doExecute(TestCaseExecutor.java:319)
	at com.kms.katalon.core.main.TestCaseExecutor.processExecutionPhase(TestCaseExecutor.java:298)
	at com.kms.katalon.core.main.TestCaseExecutor.accessMainPhase(TestCaseExecutor.java:290)
	at com.kms.katalon.core.main.TestCaseExecutor.execute(TestCaseExecutor.java:224)
	at com.kms.katalon.core.main.TestCaseMain.runTestCase(TestCaseMain.java:106)
	at com.kms.katalon.core.keyword.builtin.CallTestCaseKeyword$_callTestCase_closure1.doCall(CallTestCaseKeyword.groovy:59)
	at com.kms.katalon.core.keyword.builtin.CallTestCaseKeyword$_callTestCase_closure1.call(CallTestCaseKeyword.groovy)
	at com.kms.katalon.core.keyword.internal.KeywordMain.runKeyword(KeywordMain.groovy:54)
	at com.kms.katalon.core.keyword.builtin.CallTestCaseKeyword.callTestCase(CallTestCaseKeyword.groovy:80)
	at com.kms.katalon.core.keyword.builtin.CallTestCaseKeyword.execute(CallTestCaseKeyword.groovy:44)
	at com.kms.katalon.core.keyword.internal.KeywordExecutor.executeKeywordForPlatform(KeywordExecutor.groovy:53)
	at com.kms.katalon.core.keyword.BuiltinKeywords.callTestCase(BuiltinKeywords.groovy:334)
	at GN_Submit Form 7_End to End.run(GN_Submit Form 7_End to End:16)
	at com.kms.katalon.core.main.ScriptEngine.run(ScriptEngine.java:194)
	at com.kms.katalon.core.main.ScriptEngine.runScriptAsRawText(ScriptEngine.java:119)
	at com.kms.katalon.core.main.TestCaseExecutor.runScript(TestCaseExecutor.java:328)
	at com.kms.katalon.core.main.TestCaseExecutor.doExecute(TestCaseExecutor.java:319)
	at com.kms.katalon.core.main.TestCaseExecutor.processExecutionPhase(TestCaseExecutor.java:298)
	at com.kms.katalon.core.main.TestCaseExecutor.accessMainPhase(TestCaseExecutor.java:290)
	at com.kms.katalon.core.main.TestCaseExecutor.execute(TestCaseExecutor.java:224)
	at com.kms.katalon.core.main.TestCaseMain.runTestCase(TestCaseMain.java:106)
	at com.kms.katalon.core.keyword.builtin.CallTestCaseKeyword$_callTestCase_closure1.doCall(CallTestCaseKeyword.groovy:59)
	at com.kms.katalon.core.keyword.builtin.CallTestCaseKeyword$_callTestCase_closure1.call(CallTestCaseKeyword.groovy)
	at com.kms.katalon.core.keyword.internal.KeywordMain.runKeyword(KeywordMain.groovy:54)
	at com.kms.katalon.core.keyword.builtin.CallTestCaseKeyword.callTestCase(CallTestCaseKeyword.groovy:80)
	at com.kms.katalon.core.keyword.builtin.CallTestCaseKeyword.execute(CallTestCaseKeyword.groovy:44)
	at com.kms.katalon.core.keyword.internal.KeywordExecutor.executeKeywordForPlatform(KeywordExecutor.groovy:53)
	at com.kms.katalon.core.keyword.BuiltinKeywords.callTestCase(BuiltinKeywords.groovy:334)
	at Submit Form 7 (General) - Case Reassignment Cross Branch EIO.run(Submit Form 7 (General) - Case Reassignment Cross Branch EIO:16)
	at com.kms.katalon.core.main.ScriptEngine.run(ScriptEngine.java:194)
	at com.kms.katalon.core.main.ScriptEngine.runScriptAsRawText(ScriptEngine.java:119)
	at com.kms.katalon.core.main.TestCaseExecutor.runScript(TestCaseExecutor.java:328)
	at com.kms.katalon.core.main.TestCaseExecutor.doExecute(TestCaseExecutor.java:319)
	at com.kms.katalon.core.main.TestCaseExecutor.processExecutionPhase(TestCaseExecutor.java:298)
	at com.kms.katalon.core.main.TestCaseExecutor.accessMainPhase(TestCaseExecutor.java:290)
	at com.kms.katalon.core.main.TestCaseExecutor.execute(TestCaseExecutor.java:224)
	at com.kms.katalon.core.main.TestSuiteExecutor.accessTestCaseMainPhase(TestSuiteExecutor.java:129)
	at com.kms.katalon.core.main.TestSuiteExecutor.accessTestSuiteMainPhase(TestSuiteExecutor.java:112)
	at com.kms.katalon.core.main.TestSuiteExecutor.execute(TestSuiteExecutor.java:81)
	at com.kms.katalon.core.main.TestCaseMain.startTestSuite(TestCaseMain.java:149)
	at com.kms.katalon.core.main.TestCaseMain$startTestSuite$0.call(Unknown Source)
	at TempTestSuite1550652525208.run(TempTestSuite1550652525208.groovy:36)]]></system-out>
         <system-err><![CDATA[2019-02-20 17:18:00 - [TEST_CASE][FAILED] - Test Cases/All TC/Arranged/0. Full Flow/Submit Form 7 (General) - Case Reassignment Cross Branch EIO: Test Cases/All TC/Arranged/0. Full Flow/Submit Form 7 (General) - Case Reassignment Cross Branch EIO FAILED.
Reason:
com.kms.katalon.core.exception.StepFailedException: Unable to click on object 'Object Repository/ZhiHao/General_User_Submit_form 7/GN_Application_Reg/Page_PERKESO/select_pejabat_perkeso' (Root cause: org.openqa.selenium.UnhandledAlertException: unexpected alert open: {Alert text : HARAP MAKLUM

PERMOHONAN FAEDAH SIP TELAH DIBUAT BAGI PEKERJAAN INI. MOHON MENYEMAK SEMULA STATUS PERMOHONAN BAGI TUNTUTAN FAEDAH TERSEBUT}
  (Session info: chrome=72.0.3626.109)
  (Driver info: chromedriver=2.43.600210 (68dcf5eebde37173d4027fa8635e332711d2874a),platform=Windows NT 6.1.7601 SP1 x86_64) (WARNING: The server did not provide any stacktrace information)
Command duration or timeout: 0 milliseconds: null
Build info: version: '3.7.1', revision: '8a0099a', time: '2017-11-06T21:07:36.161Z'
System info: host: 'WIN7TEST02', ip: '10.20.3.72', os.name: 'Windows 7', os.arch: 'amd64', os.version: '6.1', java.version: '1.8.0_181'
Driver info: com.kms.katalon.selenium.driver.CChromeDriver
Capabilities {acceptInsecureCerts: false, acceptSslCerts: false, applicationCacheEnabled: false, browserConnectionEnabled: false, browserName: chrome, chrome: {chromedriverVersion: 2.43.600210 (68dcf5eebde371..., userDataDir: C:\Users\Admin\AppData\Loca...}, cssSelectorsEnabled: true, databaseEnabled: false, goog:chromeOptions: {debuggerAddress: localhost:56619}, handlesAlerts: true, hasTouchScreen: false, javascriptEnabled: true, locationContextEnabled: true, mobileEmulationEnabled: false, nativeEvents: true, networkConnectionEnabled: false, pageLoadStrategy: normal, platform: XP, platformName: XP, rotatable: false, setWindowRect: true, takesHeapSnapshot: true, takesScreenshot: true, unexpectedAlertBehaviour: , unhandledPromptBehavior: , version: 72.0.3626.109, webStorageEnabled: true}
Session ID: 6c2d4871c20497e3f10d616fda801803
*** Element info: {Using=xpath, value=//select[@id = 'perkesoOfficeId' and @name = 'perkesoOfficeId' and (text() = '
										--Sila Pilih--
										
											Pejabat PERKESO Batu Pahat
										
											Pejabat PERKESO Beaufort
										
											Pejabat PERKESO Bentong
										
											Pejabat PERKESO Bintulu
										
											Pejabat PERKESO Dungun
										
											Pejabat PERKESO Georgetown
										
											Pejabat PERKESO Kajang
										
											Pejabat PERKESO Kapit
										
											Pejabat PERKESO Kemaman
										
											Pejabat PERKESO Keningau
										
											Pejabat PERKESO Klang
										
											Pejabat PERKESO Kluang
										
											Pejabat PERKESO Kota Marudu
										
											Pejabat PERKESO Kuala Kangsar
										
											Pejabat PERKESO Kuala Krai
										
											Pejabat PERKESO Kuala Pilah
										
											Pejabat PERKESO Kulim
										
											Pejabat PERKESO Labuan
										
											Pejabat PERKESO Lahad Datu
										
											Pejabat PERKESO Langkawi
										
											Pejabat PERKESO Limbang
										
											Pejabat PERKESO Miri
										
											Pejabat PERKESO Muar
										
											Pejabat PERKESO Mukah
										
											Pejabat PERKESO Negeri Johor
										
											Pejabat PERKESO Negeri Kedah
										
											Pejabat PERKESO Negeri Kelantan
										
											Pejabat PERKESO Negeri Melaka
										
											Pejabat PERKESO Negeri Pahang
										
											Pejabat PERKESO Negeri Perak
										
											Pejabat PERKESO Negeri Perlis
										
											Pejabat PERKESO Negeri Pulau Pinang
										
											Pejabat PERKESO Negeri Sabah
										
											Pejabat PERKESO Negeri Sarawak
										
											Pejabat PERKESO Negeri Selangor
										
											Pejabat PERKESO Negeri Sembilan
										
											Pejabat PERKESO Negeri Terengganu
										
											Pejabat PERKESO Negeri W.P Kuala Lumpur
										
											Pejabat PERKESO Rawang
										
											Pejabat PERKESO Sandakan
										
											Pejabat PERKESO Sarikei
										
											Pejabat PERKESO Segamat
										
											Pejabat PERKESO Serian
										
											Pejabat PERKESO Sibu
										
											Pejabat PERKESO Sri Aman
										
											Pejabat PERKESO Sri Manjung
										
											Pejabat PERKESO Sungai Petani
										
											Pejabat PERKESO Taiping
										
											Pejabat PERKESO Tanjung Karang
										
											Pejabat PERKESO Tapah
										
											Pejabat PERKESO Tawau
										
											Pejabat PERKESO Teluk Intan
										
											Pejabat PERKESO Temerloh
										
									' or . = '
										--Sila Pilih--
										
											Pejabat PERKESO Batu Pahat
										
											Pejabat PERKESO Beaufort
										
											Pejabat PERKESO Bentong
										
											Pejabat PERKESO Bintulu
										
											Pejabat PERKESO Dungun
										
											Pejabat PERKESO Georgetown
										
											Pejabat PERKESO Kajang
										
											Pejabat PERKESO Kapit
										
											Pejabat PERKESO Kemaman
										
											Pejabat PERKESO Keningau
										
											Pejabat PERKESO Klang
										
											Pejabat PERKESO Kluang
										
											Pejabat PERKESO Kota Marudu
										
											Pejabat PERKESO Kuala Kangsar
										
											Pejabat PERKESO Kuala Krai
										
											Pejabat PERKESO Kuala Pilah
										
											Pejabat PERKESO Kulim
										
											Pejabat PERKESO Labuan
										
											Pejabat PERKESO Lahad Datu
										
											Pejabat PERKESO Langkawi
										
											Pejabat PERKESO Limbang
										
											Pejabat PERKESO Miri
										
											Pejabat PERKESO Muar
										
											Pejabat PERKESO Mukah
										
											Pejabat PERKESO Negeri Johor
										
											Pejabat PERKESO Negeri Kedah
										
											Pejabat PERKESO Negeri Kelantan
										
											Pejabat PERKESO Negeri Melaka
										
											Pejabat PERKESO Negeri Pahang
										
											Pejabat PERKESO Negeri Perak
										
											Pejabat PERKESO Negeri Perlis
										
											Pejabat PERKESO Negeri Pulau Pinang
										
											Pejabat PERKESO Negeri Sabah
										
											Pejabat PERKESO Negeri Sarawak
										
											Pejabat PERKESO Negeri Selangor
										
											Pejabat PERKESO Negeri Sembilan
										
											Pejabat PERKESO Negeri Terengganu
										
											Pejabat PERKESO Negeri W.P Kuala Lumpur
										
											Pejabat PERKESO Rawang
										
											Pejabat PERKESO Sandakan
										
											Pejabat PERKESO Sarikei
										
											Pejabat PERKESO Segamat
										
											Pejabat PERKESO Serian
										
											Pejabat PERKESO Sibu
										
											Pejabat PERKESO Sri Aman
										
											Pejabat PERKESO Sri Manjung
										
											Pejabat PERKESO Sungai Petani
										
											Pejabat PERKESO Taiping
										
											Pejabat PERKESO Tanjung Karang
										
											Pejabat PERKESO Tapah
										
											Pejabat PERKESO Tawau
										
											Pejabat PERKESO Teluk Intan
										
											Pejabat PERKESO Temerloh
										
									')]})
	at com.kms.katalon.core.keyword.internal.KeywordMain.stepFailed(KeywordMain.groovy:36)
	at com.kms.katalon.core.webui.keyword.internal.WebUIKeywordMain.stepFailed(WebUIKeywordMain.groovy:65)
	at com.kms.katalon.core.webui.keyword.internal.WebUIKeywordMain.runKeyword(WebUIKeywordMain.groovy:27)
	at com.kms.katalon.core.webui.keyword.builtin.ClickKeyword.click(ClickKeyword.groovy:86)
	at com.kms.katalon.core.webui.keyword.builtin.ClickKeyword.execute(ClickKeyword.groovy:67)
	at com.kms.katalon.core.keyword.internal.KeywordExecutor.executeKeywordForPlatform(KeywordExecutor.groovy:53)
	at com.kms.katalon.core.webui.keyword.WebUiBuiltInKeywords.click(WebUiBuiltInKeywords.groovy:616)
	at com.kms.katalon.core.webui.keyword.WebUiBuiltInKeywords$click$3.call(Unknown Source)
	at GN_Application_Reg.run(GN_Application_Reg:51)
	at com.kms.katalon.core.main.ScriptEngine.run(ScriptEngine.java:194)
	at com.kms.katalon.core.main.ScriptEngine.runScriptAsRawText(ScriptEngine.java:119)
	at com.kms.katalon.core.main.TestCaseExecutor.runScript(TestCaseExecutor.java:328)
	at com.kms.katalon.core.main.TestCaseExecutor.doExecute(TestCaseExecutor.java:319)
	at com.kms.katalon.core.main.TestCaseExecutor.processExecutionPhase(TestCaseExecutor.java:298)
	at com.kms.katalon.core.main.TestCaseExecutor.accessMainPhase(TestCaseExecutor.java:290)
	at com.kms.katalon.core.main.TestCaseExecutor.execute(TestCaseExecutor.java:224)
	at com.kms.katalon.core.main.TestCaseMain.runTestCase(TestCaseMain.java:106)
	at com.kms.katalon.core.keyword.builtin.CallTestCaseKeyword$_callTestCase_closure1.doCall(CallTestCaseKeyword.groovy:59)
	at com.kms.katalon.core.keyword.builtin.CallTestCaseKeyword$_callTestCase_closure1.call(CallTestCaseKeyword.groovy)
	at com.kms.katalon.core.keyword.internal.KeywordMain.runKeyword(KeywordMain.groovy:54)
	at com.kms.katalon.core.keyword.builtin.CallTestCaseKeyword.callTestCase(CallTestCaseKeyword.groovy:80)
	at com.kms.katalon.core.keyword.builtin.CallTestCaseKeyword.execute(CallTestCaseKeyword.groovy:44)
	at com.kms.katalon.core.keyword.internal.KeywordExecutor.executeKeywordForPlatform(KeywordExecutor.groovy:53)
	at com.kms.katalon.core.keyword.BuiltinKeywords.callTestCase(BuiltinKeywords.groovy:334)
	at GN_Submit Form 7_End to End.run(GN_Submit Form 7_End to End:16)
	at com.kms.katalon.core.main.ScriptEngine.run(ScriptEngine.java:194)
	at com.kms.katalon.core.main.ScriptEngine.runScriptAsRawText(ScriptEngine.java:119)
	at com.kms.katalon.core.main.TestCaseExecutor.runScript(TestCaseExecutor.java:328)
	at com.kms.katalon.core.main.TestCaseExecutor.doExecute(TestCaseExecutor.java:319)
	at com.kms.katalon.core.main.TestCaseExecutor.processExecutionPhase(TestCaseExecutor.java:298)
	at com.kms.katalon.core.main.TestCaseExecutor.accessMainPhase(TestCaseExecutor.java:290)
	at com.kms.katalon.core.main.TestCaseExecutor.execute(TestCaseExecutor.java:224)
	at com.kms.katalon.core.main.TestCaseMain.runTestCase(TestCaseMain.java:106)
	at com.kms.katalon.core.keyword.builtin.CallTestCaseKeyword$_callTestCase_closure1.doCall(CallTestCaseKeyword.groovy:59)
	at com.kms.katalon.core.keyword.builtin.CallTestCaseKeyword$_callTestCase_closure1.call(CallTestCaseKeyword.groovy)
	at com.kms.katalon.core.keyword.internal.KeywordMain.runKeyword(KeywordMain.groovy:54)
	at com.kms.katalon.core.keyword.builtin.CallTestCaseKeyword.callTestCase(CallTestCaseKeyword.groovy:80)
	at com.kms.katalon.core.keyword.builtin.CallTestCaseKeyword.execute(CallTestCaseKeyword.groovy:44)
	at com.kms.katalon.core.keyword.internal.KeywordExecutor.executeKeywordForPlatform(KeywordExecutor.groovy:53)
	at com.kms.katalon.core.keyword.BuiltinKeywords.callTestCase(BuiltinKeywords.groovy:334)
	at Submit Form 7 (General) - Case Reassignment Cross Branch EIO.run(Submit Form 7 (General) - Case Reassignment Cross Branch EIO:16)
	at com.kms.katalon.core.main.ScriptEngine.run(ScriptEngine.java:194)
	at com.kms.katalon.core.main.ScriptEngine.runScriptAsRawText(ScriptEngine.java:119)
	at com.kms.katalon.core.main.TestCaseExecutor.runScript(TestCaseExecutor.java:328)
	at com.kms.katalon.core.main.TestCaseExecutor.doExecute(TestCaseExecutor.java:319)
	at com.kms.katalon.core.main.TestCaseExecutor.processExecutionPhase(TestCaseExecutor.java:298)
	at com.kms.katalon.core.main.TestCaseExecutor.accessMainPhase(TestCaseExecutor.java:290)
	at com.kms.katalon.core.main.TestCaseExecutor.execute(TestCaseExecutor.java:224)
	at com.kms.katalon.core.main.TestSuiteExecutor.accessTestCaseMainPhase(TestSuiteExecutor.java:129)
	at com.kms.katalon.core.main.TestSuiteExecutor.accessTestSuiteMainPhase(TestSuiteExecutor.java:112)
	at com.kms.katalon.core.main.TestSuiteExecutor.execute(TestSuiteExecutor.java:81)
	at com.kms.katalon.core.main.TestCaseMain.startTestSuite(TestCaseMain.java:149)
	at com.kms.katalon.core.main.TestCaseMain$startTestSuite$0.call(Unknown Source)
	at TempTestSuite1550652525208.run(TempTestSuite1550652525208.groovy:36)]]></system-err>
      </testcase>
      <testcase name="Test Cases/All TC/Arranged/0. Full Flow/Reject Claim - RIA" classname="Test Cases/All TC/Arranged/0. Full Flow/Reject Claim - RIA" status="FAILED">
         <failure type="FAILED" message="Test Cases/All TC/Arranged/0. Full Flow/Reject Claim - RIA FAILED.
Reason:
com.kms.katalon.core.exception.StepFailedException: Unable to click on object 'Object Repository/KeatMun/Form 7_default/OTC_Submit Form 7_Section F-G-H/Page_PERKESO/G2. span_Isteri' (Root cause: com.kms.katalon.core.webui.exception.WebElementNotFoundException: Web element with id: 'Object Repository/KeatMun/Form 7_default/OTC_Submit Form 7_Section F-G-H/Page_PERKESO/G2. span_Isteri' located by 'By.xpath: //span[@id = 'select2-dependentList0dependentRelationId-container' and @title = 'Isteri' and (text() = 'Isteri' or . = 'Isteri')]' not found)
	at com.kms.katalon.core.keyword.internal.KeywordMain.stepFailed(KeywordMain.groovy:36)
	at com.kms.katalon.core.webui.keyword.internal.WebUIKeywordMain.stepFailed(WebUIKeywordMain.groovy:65)
	at com.kms.katalon.core.webui.keyword.internal.WebUIKeywordMain.runKeyword(WebUIKeywordMain.groovy:27)
	at com.kms.katalon.core.webui.keyword.builtin.ClickKeyword.click(ClickKeyword.groovy:86)
	at com.kms.katalon.core.webui.keyword.builtin.ClickKeyword.execute(ClickKeyword.groovy:67)
	at com.kms.katalon.core.keyword.internal.KeywordExecutor.executeKeywordForPlatform(KeywordExecutor.groovy:53)
	at com.kms.katalon.core.webui.keyword.WebUiBuiltInKeywords.click(WebUiBuiltInKeywords.groovy:616)
	at com.kms.katalon.core.webui.keyword.WebUiBuiltInKeywords$click$3.call(Unknown Source)
	at OTC_Submit Form 7_Section F-G-H - Cheque.run(OTC_Submit Form 7_Section F-G-H - Cheque:41)
	at com.kms.katalon.core.main.ScriptEngine.run(ScriptEngine.java:194)
	at com.kms.katalon.core.main.ScriptEngine.runScriptAsRawText(ScriptEngine.java:119)
	at com.kms.katalon.core.main.TestCaseExecutor.runScript(TestCaseExecutor.java:328)
	at com.kms.katalon.core.main.TestCaseExecutor.doExecute(TestCaseExecutor.java:319)
	at com.kms.katalon.core.main.TestCaseExecutor.processExecutionPhase(TestCaseExecutor.java:298)
	at com.kms.katalon.core.main.TestCaseExecutor.accessMainPhase(TestCaseExecutor.java:290)
	at com.kms.katalon.core.main.TestCaseExecutor.execute(TestCaseExecutor.java:224)
	at com.kms.katalon.core.main.TestCaseMain.runTestCase(TestCaseMain.java:106)
	at com.kms.katalon.core.keyword.builtin.CallTestCaseKeyword$_callTestCase_closure1.doCall(CallTestCaseKeyword.groovy:59)
	at com.kms.katalon.core.keyword.builtin.CallTestCaseKeyword$_callTestCase_closure1.call(CallTestCaseKeyword.groovy)
	at com.kms.katalon.core.keyword.internal.KeywordMain.runKeyword(KeywordMain.groovy:54)
	at com.kms.katalon.core.keyword.builtin.CallTestCaseKeyword.callTestCase(CallTestCaseKeyword.groovy:80)
	at com.kms.katalon.core.keyword.builtin.CallTestCaseKeyword.execute(CallTestCaseKeyword.groovy:44)
	at com.kms.katalon.core.keyword.internal.KeywordExecutor.executeKeywordForPlatform(KeywordExecutor.groovy:53)
	at com.kms.katalon.core.keyword.BuiltinKeywords.callTestCase(BuiltinKeywords.groovy:334)
	at OTC_Submit Form 7_End to End - Cheque.run(OTC_Submit Form 7_End to End - Cheque:26)
	at com.kms.katalon.core.main.ScriptEngine.run(ScriptEngine.java:194)
	at com.kms.katalon.core.main.ScriptEngine.runScriptAsRawText(ScriptEngine.java:119)
	at com.kms.katalon.core.main.TestCaseExecutor.runScript(TestCaseExecutor.java:328)
	at com.kms.katalon.core.main.TestCaseExecutor.doExecute(TestCaseExecutor.java:319)
	at com.kms.katalon.core.main.TestCaseExecutor.processExecutionPhase(TestCaseExecutor.java:298)
	at com.kms.katalon.core.main.TestCaseExecutor.accessMainPhase(TestCaseExecutor.java:290)
	at com.kms.katalon.core.main.TestCaseExecutor.execute(TestCaseExecutor.java:224)
	at com.kms.katalon.core.main.TestCaseMain.runTestCase(TestCaseMain.java:106)
	at com.kms.katalon.core.keyword.builtin.CallTestCaseKeyword$_callTestCase_closure1.doCall(CallTestCaseKeyword.groovy:59)
	at com.kms.katalon.core.keyword.builtin.CallTestCaseKeyword$_callTestCase_closure1.call(CallTestCaseKeyword.groovy)
	at com.kms.katalon.core.keyword.internal.KeywordMain.runKeyword(KeywordMain.groovy:54)
	at com.kms.katalon.core.keyword.builtin.CallTestCaseKeyword.callTestCase(CallTestCaseKeyword.groovy:80)
	at com.kms.katalon.core.keyword.builtin.CallTestCaseKeyword.execute(CallTestCaseKeyword.groovy:44)
	at com.kms.katalon.core.keyword.internal.KeywordExecutor.executeKeywordForPlatform(KeywordExecutor.groovy:53)
	at com.kms.katalon.core.keyword.BuiltinKeywords.callTestCase(BuiltinKeywords.groovy:334)
	at Reject Claim - RIA.run(Reject Claim - RIA:16)
	at com.kms.katalon.core.main.ScriptEngine.run(ScriptEngine.java:194)
	at com.kms.katalon.core.main.ScriptEngine.runScriptAsRawText(ScriptEngine.java:119)
	at com.kms.katalon.core.main.TestCaseExecutor.runScript(TestCaseExecutor.java:328)
	at com.kms.katalon.core.main.TestCaseExecutor.doExecute(TestCaseExecutor.java:319)
	at com.kms.katalon.core.main.TestCaseExecutor.processExecutionPhase(TestCaseExecutor.java:298)
	at com.kms.katalon.core.main.TestCaseExecutor.accessMainPhase(TestCaseExecutor.java:290)
	at com.kms.katalon.core.main.TestCaseExecutor.execute(TestCaseExecutor.java:224)
	at com.kms.katalon.core.main.TestSuiteExecutor.accessTestCaseMainPhase(TestSuiteExecutor.java:129)
	at com.kms.katalon.core.main.TestSuiteExecutor.accessTestSuiteMainPhase(TestSuiteExecutor.java:112)
	at com.kms.katalon.core.main.TestSuiteExecutor.execute(TestSuiteExecutor.java:81)
	at com.kms.katalon.core.main.TestCaseMain.startTestSuite(TestCaseMain.java:149)
	at com.kms.katalon.core.main.TestCaseMain$startTestSuite$0.call(Unknown Source)
	at TempTestSuite1550652525208.run(TempTestSuite1550652525208.groovy:36)
"/>
         <system-out><![CDATA[2019-02-20 17:18:59 - [TEST_CASE][FAILED] - Test Cases/All TC/Arranged/0. Full Flow/Reject Claim - RIA: Test Cases/All TC/Arranged/0. Full Flow/Reject Claim - RIA FAILED.
Reason:
com.kms.katalon.core.exception.StepFailedException: Unable to click on object 'Object Repository/KeatMun/Form 7_default/OTC_Submit Form 7_Section F-G-H/Page_PERKESO/G2. span_Isteri' (Root cause: com.kms.katalon.core.webui.exception.WebElementNotFoundException: Web element with id: 'Object Repository/KeatMun/Form 7_default/OTC_Submit Form 7_Section F-G-H/Page_PERKESO/G2. span_Isteri' located by 'By.xpath: //span[@id = 'select2-dependentList0dependentRelationId-container' and @title = 'Isteri' and (text() = 'Isteri' or . = 'Isteri')]' not found)
	at com.kms.katalon.core.keyword.internal.KeywordMain.stepFailed(KeywordMain.groovy:36)
	at com.kms.katalon.core.webui.keyword.internal.WebUIKeywordMain.stepFailed(WebUIKeywordMain.groovy:65)
	at com.kms.katalon.core.webui.keyword.internal.WebUIKeywordMain.runKeyword(WebUIKeywordMain.groovy:27)
	at com.kms.katalon.core.webui.keyword.builtin.ClickKeyword.click(ClickKeyword.groovy:86)
	at com.kms.katalon.core.webui.keyword.builtin.ClickKeyword.execute(ClickKeyword.groovy:67)
	at com.kms.katalon.core.keyword.internal.KeywordExecutor.executeKeywordForPlatform(KeywordExecutor.groovy:53)
	at com.kms.katalon.core.webui.keyword.WebUiBuiltInKeywords.click(WebUiBuiltInKeywords.groovy:616)
	at com.kms.katalon.core.webui.keyword.WebUiBuiltInKeywords$click$3.call(Unknown Source)
	at OTC_Submit Form 7_Section F-G-H - Cheque.run(OTC_Submit Form 7_Section F-G-H - Cheque:41)
	at com.kms.katalon.core.main.ScriptEngine.run(ScriptEngine.java:194)
	at com.kms.katalon.core.main.ScriptEngine.runScriptAsRawText(ScriptEngine.java:119)
	at com.kms.katalon.core.main.TestCaseExecutor.runScript(TestCaseExecutor.java:328)
	at com.kms.katalon.core.main.TestCaseExecutor.doExecute(TestCaseExecutor.java:319)
	at com.kms.katalon.core.main.TestCaseExecutor.processExecutionPhase(TestCaseExecutor.java:298)
	at com.kms.katalon.core.main.TestCaseExecutor.accessMainPhase(TestCaseExecutor.java:290)
	at com.kms.katalon.core.main.TestCaseExecutor.execute(TestCaseExecutor.java:224)
	at com.kms.katalon.core.main.TestCaseMain.runTestCase(TestCaseMain.java:106)
	at com.kms.katalon.core.keyword.builtin.CallTestCaseKeyword$_callTestCase_closure1.doCall(CallTestCaseKeyword.groovy:59)
	at com.kms.katalon.core.keyword.builtin.CallTestCaseKeyword$_callTestCase_closure1.call(CallTestCaseKeyword.groovy)
	at com.kms.katalon.core.keyword.internal.KeywordMain.runKeyword(KeywordMain.groovy:54)
	at com.kms.katalon.core.keyword.builtin.CallTestCaseKeyword.callTestCase(CallTestCaseKeyword.groovy:80)
	at com.kms.katalon.core.keyword.builtin.CallTestCaseKeyword.execute(CallTestCaseKeyword.groovy:44)
	at com.kms.katalon.core.keyword.internal.KeywordExecutor.executeKeywordForPlatform(KeywordExecutor.groovy:53)
	at com.kms.katalon.core.keyword.BuiltinKeywords.callTestCase(BuiltinKeywords.groovy:334)
	at OTC_Submit Form 7_End to End - Cheque.run(OTC_Submit Form 7_End to End - Cheque:26)
	at com.kms.katalon.core.main.ScriptEngine.run(ScriptEngine.java:194)
	at com.kms.katalon.core.main.ScriptEngine.runScriptAsRawText(ScriptEngine.java:119)
	at com.kms.katalon.core.main.TestCaseExecutor.runScript(TestCaseExecutor.java:328)
	at com.kms.katalon.core.main.TestCaseExecutor.doExecute(TestCaseExecutor.java:319)
	at com.kms.katalon.core.main.TestCaseExecutor.processExecutionPhase(TestCaseExecutor.java:298)
	at com.kms.katalon.core.main.TestCaseExecutor.accessMainPhase(TestCaseExecutor.java:290)
	at com.kms.katalon.core.main.TestCaseExecutor.execute(TestCaseExecutor.java:224)
	at com.kms.katalon.core.main.TestCaseMain.runTestCase(TestCaseMain.java:106)
	at com.kms.katalon.core.keyword.builtin.CallTestCaseKeyword$_callTestCase_closure1.doCall(CallTestCaseKeyword.groovy:59)
	at com.kms.katalon.core.keyword.builtin.CallTestCaseKeyword$_callTestCase_closure1.call(CallTestCaseKeyword.groovy)
	at com.kms.katalon.core.keyword.internal.KeywordMain.runKeyword(KeywordMain.groovy:54)
	at com.kms.katalon.core.keyword.builtin.CallTestCaseKeyword.callTestCase(CallTestCaseKeyword.groovy:80)
	at com.kms.katalon.core.keyword.builtin.CallTestCaseKeyword.execute(CallTestCaseKeyword.groovy:44)
	at com.kms.katalon.core.keyword.internal.KeywordExecutor.executeKeywordForPlatform(KeywordExecutor.groovy:53)
	at com.kms.katalon.core.keyword.BuiltinKeywords.callTestCase(BuiltinKeywords.groovy:334)
	at Reject Claim - RIA.run(Reject Claim - RIA:16)
	at com.kms.katalon.core.main.ScriptEngine.run(ScriptEngine.java:194)
	at com.kms.katalon.core.main.ScriptEngine.runScriptAsRawText(ScriptEngine.java:119)
	at com.kms.katalon.core.main.TestCaseExecutor.runScript(TestCaseExecutor.java:328)
	at com.kms.katalon.core.main.TestCaseExecutor.doExecute(TestCaseExecutor.java:319)
	at com.kms.katalon.core.main.TestCaseExecutor.processExecutionPhase(TestCaseExecutor.java:298)
	at com.kms.katalon.core.main.TestCaseExecutor.accessMainPhase(TestCaseExecutor.java:290)
	at com.kms.katalon.core.main.TestCaseExecutor.execute(TestCaseExecutor.java:224)
	at com.kms.katalon.core.main.TestSuiteExecutor.accessTestCaseMainPhase(TestSuiteExecutor.java:129)
	at com.kms.katalon.core.main.TestSuiteExecutor.accessTestSuiteMainPhase(TestSuiteExecutor.java:112)
	at com.kms.katalon.core.main.TestSuiteExecutor.execute(TestSuiteExecutor.java:81)
	at com.kms.katalon.core.main.TestCaseMain.startTestSuite(TestCaseMain.java:149)
	at com.kms.katalon.core.main.TestCaseMain$startTestSuite$0.call(Unknown Source)
	at TempTestSuite1550652525208.run(TempTestSuite1550652525208.groovy:36)


2019-02-20 17:18:59 - [TEST_STEP][FAILED] - callTestCase(findTestCase("All TC/Arranged/2. Segment/OTC_Submit Form 7_End to End - Cheque"), [:], STOP_ON_FAILURE): callTestCase(findTestCase("All TC/Arranged/2. Segment/OTC_Submit Form 7_End to End - Cheque"), [:], STOP_ON_FAILURE) FAILED.
Reason:
com.kms.katalon.core.exception.StepFailedException: Unable to click on object 'Object Repository/KeatMun/Form 7_default/OTC_Submit Form 7_Section F-G-H/Page_PERKESO/G2. span_Isteri' (Root cause: com.kms.katalon.core.webui.exception.WebElementNotFoundException: Web element with id: 'Object Repository/KeatMun/Form 7_default/OTC_Submit Form 7_Section F-G-H/Page_PERKESO/G2. span_Isteri' located by 'By.xpath: //span[@id = 'select2-dependentList0dependentRelationId-container' and @title = 'Isteri' and (text() = 'Isteri' or . = 'Isteri')]' not found)
	at com.kms.katalon.core.keyword.internal.KeywordMain.stepFailed(KeywordMain.groovy:36)
	at com.kms.katalon.core.webui.keyword.internal.WebUIKeywordMain.stepFailed(WebUIKeywordMain.groovy:65)
	at com.kms.katalon.core.webui.keyword.internal.WebUIKeywordMain.runKeyword(WebUIKeywordMain.groovy:27)
	at com.kms.katalon.core.webui.keyword.builtin.ClickKeyword.click(ClickKeyword.groovy:86)
	at com.kms.katalon.core.webui.keyword.builtin.ClickKeyword.execute(ClickKeyword.groovy:67)
	at com.kms.katalon.core.keyword.internal.KeywordExecutor.executeKeywordForPlatform(KeywordExecutor.groovy:53)
	at com.kms.katalon.core.webui.keyword.WebUiBuiltInKeywords.click(WebUiBuiltInKeywords.groovy:616)
	at com.kms.katalon.core.webui.keyword.WebUiBuiltInKeywords$click$3.call(Unknown Source)
	at OTC_Submit Form 7_Section F-G-H - Cheque.run(OTC_Submit Form 7_Section F-G-H - Cheque:41)
	at com.kms.katalon.core.main.ScriptEngine.run(ScriptEngine.java:194)
	at com.kms.katalon.core.main.ScriptEngine.runScriptAsRawText(ScriptEngine.java:119)
	at com.kms.katalon.core.main.TestCaseExecutor.runScript(TestCaseExecutor.java:328)
	at com.kms.katalon.core.main.TestCaseExecutor.doExecute(TestCaseExecutor.java:319)
	at com.kms.katalon.core.main.TestCaseExecutor.processExecutionPhase(TestCaseExecutor.java:298)
	at com.kms.katalon.core.main.TestCaseExecutor.accessMainPhase(TestCaseExecutor.java:290)
	at com.kms.katalon.core.main.TestCaseExecutor.execute(TestCaseExecutor.java:224)
	at com.kms.katalon.core.main.TestCaseMain.runTestCase(TestCaseMain.java:106)
	at com.kms.katalon.core.keyword.builtin.CallTestCaseKeyword$_callTestCase_closure1.doCall(CallTestCaseKeyword.groovy:59)
	at com.kms.katalon.core.keyword.builtin.CallTestCaseKeyword$_callTestCase_closure1.call(CallTestCaseKeyword.groovy)
	at com.kms.katalon.core.keyword.internal.KeywordMain.runKeyword(KeywordMain.groovy:54)
	at com.kms.katalon.core.keyword.builtin.CallTestCaseKeyword.callTestCase(CallTestCaseKeyword.groovy:80)
	at com.kms.katalon.core.keyword.builtin.CallTestCaseKeyword.execute(CallTestCaseKeyword.groovy:44)
	at com.kms.katalon.core.keyword.internal.KeywordExecutor.executeKeywordForPlatform(KeywordExecutor.groovy:53)
	at com.kms.katalon.core.keyword.BuiltinKeywords.callTestCase(BuiltinKeywords.groovy:334)
	at OTC_Submit Form 7_End to End - Cheque.run(OTC_Submit Form 7_End to End - Cheque:26)
	at com.kms.katalon.core.main.ScriptEngine.run(ScriptEngine.java:194)
	at com.kms.katalon.core.main.ScriptEngine.runScriptAsRawText(ScriptEngine.java:119)
	at com.kms.katalon.core.main.TestCaseExecutor.runScript(TestCaseExecutor.java:328)
	at com.kms.katalon.core.main.TestCaseExecutor.doExecute(TestCaseExecutor.java:319)
	at com.kms.katalon.core.main.TestCaseExecutor.processExecutionPhase(TestCaseExecutor.java:298)
	at com.kms.katalon.core.main.TestCaseExecutor.accessMainPhase(TestCaseExecutor.java:290)
	at com.kms.katalon.core.main.TestCaseExecutor.execute(TestCaseExecutor.java:224)
	at com.kms.katalon.core.main.TestCaseMain.runTestCase(TestCaseMain.java:106)
	at com.kms.katalon.core.keyword.builtin.CallTestCaseKeyword$_callTestCase_closure1.doCall(CallTestCaseKeyword.groovy:59)
	at com.kms.katalon.core.keyword.builtin.CallTestCaseKeyword$_callTestCase_closure1.call(CallTestCaseKeyword.groovy)
	at com.kms.katalon.core.keyword.internal.KeywordMain.runKeyword(KeywordMain.groovy:54)
	at com.kms.katalon.core.keyword.builtin.CallTestCaseKeyword.callTestCase(CallTestCaseKeyword.groovy:80)
	at com.kms.katalon.core.keyword.builtin.CallTestCaseKeyword.execute(CallTestCaseKeyword.groovy:44)
	at com.kms.katalon.core.keyword.internal.KeywordExecutor.executeKeywordForPlatform(KeywordExecutor.groovy:53)
	at com.kms.katalon.core.keyword.BuiltinKeywords.callTestCase(BuiltinKeywords.groovy:334)
	at Reject Claim - RIA.run(Reject Claim - RIA:16)
	at com.kms.katalon.core.main.ScriptEngine.run(ScriptEngine.java:194)
	at com.kms.katalon.core.main.ScriptEngine.runScriptAsRawText(ScriptEngine.java:119)
	at com.kms.katalon.core.main.TestCaseExecutor.runScript(TestCaseExecutor.java:328)
	at com.kms.katalon.core.main.TestCaseExecutor.doExecute(TestCaseExecutor.java:319)
	at com.kms.katalon.core.main.TestCaseExecutor.processExecutionPhase(TestCaseExecutor.java:298)
	at com.kms.katalon.core.main.TestCaseExecutor.accessMainPhase(TestCaseExecutor.java:290)
	at com.kms.katalon.core.main.TestCaseExecutor.execute(TestCaseExecutor.java:224)
	at com.kms.katalon.core.main.TestSuiteExecutor.accessTestCaseMainPhase(TestSuiteExecutor.java:129)
	at com.kms.katalon.core.main.TestSuiteExecutor.accessTestSuiteMainPhase(TestSuiteExecutor.java:112)
	at com.kms.katalon.core.main.TestSuiteExecutor.execute(TestSuiteExecutor.java:81)
	at com.kms.katalon.core.main.TestCaseMain.startTestSuite(TestCaseMain.java:149)
	at com.kms.katalon.core.main.TestCaseMain$startTestSuite$0.call(Unknown Source)
	at TempTestSuite1550652525208.run(TempTestSuite1550652525208.groovy:36)


2019-02-20 17:18:59 - [TEST_CASE][FAILED] - Test Cases/All TC/Arranged/2. Segment/OTC_Submit Form 7_End to End - Cheque: Test Cases/All TC/Arranged/2. Segment/OTC_Submit Form 7_End to End - Cheque FAILED.
Reason:
com.kms.katalon.core.exception.StepFailedException: Unable to click on object 'Object Repository/KeatMun/Form 7_default/OTC_Submit Form 7_Section F-G-H/Page_PERKESO/G2. span_Isteri' (Root cause: com.kms.katalon.core.webui.exception.WebElementNotFoundException: Web element with id: 'Object Repository/KeatMun/Form 7_default/OTC_Submit Form 7_Section F-G-H/Page_PERKESO/G2. span_Isteri' located by 'By.xpath: //span[@id = 'select2-dependentList0dependentRelationId-container' and @title = 'Isteri' and (text() = 'Isteri' or . = 'Isteri')]' not found)
	at com.kms.katalon.core.keyword.internal.KeywordMain.stepFailed(KeywordMain.groovy:36)
	at com.kms.katalon.core.webui.keyword.internal.WebUIKeywordMain.stepFailed(WebUIKeywordMain.groovy:65)
	at com.kms.katalon.core.webui.keyword.internal.WebUIKeywordMain.runKeyword(WebUIKeywordMain.groovy:27)
	at com.kms.katalon.core.webui.keyword.builtin.ClickKeyword.click(ClickKeyword.groovy:86)
	at com.kms.katalon.core.webui.keyword.builtin.ClickKeyword.execute(ClickKeyword.groovy:67)
	at com.kms.katalon.core.keyword.internal.KeywordExecutor.executeKeywordForPlatform(KeywordExecutor.groovy:53)
	at com.kms.katalon.core.webui.keyword.WebUiBuiltInKeywords.click(WebUiBuiltInKeywords.groovy:616)
	at com.kms.katalon.core.webui.keyword.WebUiBuiltInKeywords$click$3.call(Unknown Source)
	at OTC_Submit Form 7_Section F-G-H - Cheque.run(OTC_Submit Form 7_Section F-G-H - Cheque:41)
	at com.kms.katalon.core.main.ScriptEngine.run(ScriptEngine.java:194)
	at com.kms.katalon.core.main.ScriptEngine.runScriptAsRawText(ScriptEngine.java:119)
	at com.kms.katalon.core.main.TestCaseExecutor.runScript(TestCaseExecutor.java:328)
	at com.kms.katalon.core.main.TestCaseExecutor.doExecute(TestCaseExecutor.java:319)
	at com.kms.katalon.core.main.TestCaseExecutor.processExecutionPhase(TestCaseExecutor.java:298)
	at com.kms.katalon.core.main.TestCaseExecutor.accessMainPhase(TestCaseExecutor.java:290)
	at com.kms.katalon.core.main.TestCaseExecutor.execute(TestCaseExecutor.java:224)
	at com.kms.katalon.core.main.TestCaseMain.runTestCase(TestCaseMain.java:106)
	at com.kms.katalon.core.keyword.builtin.CallTestCaseKeyword$_callTestCase_closure1.doCall(CallTestCaseKeyword.groovy:59)
	at com.kms.katalon.core.keyword.builtin.CallTestCaseKeyword$_callTestCase_closure1.call(CallTestCaseKeyword.groovy)
	at com.kms.katalon.core.keyword.internal.KeywordMain.runKeyword(KeywordMain.groovy:54)
	at com.kms.katalon.core.keyword.builtin.CallTestCaseKeyword.callTestCase(CallTestCaseKeyword.groovy:80)
	at com.kms.katalon.core.keyword.builtin.CallTestCaseKeyword.execute(CallTestCaseKeyword.groovy:44)
	at com.kms.katalon.core.keyword.internal.KeywordExecutor.executeKeywordForPlatform(KeywordExecutor.groovy:53)
	at com.kms.katalon.core.keyword.BuiltinKeywords.callTestCase(BuiltinKeywords.groovy:334)
	at OTC_Submit Form 7_End to End - Cheque.run(OTC_Submit Form 7_End to End - Cheque:26)
	at com.kms.katalon.core.main.ScriptEngine.run(ScriptEngine.java:194)
	at com.kms.katalon.core.main.ScriptEngine.runScriptAsRawText(ScriptEngine.java:119)
	at com.kms.katalon.core.main.TestCaseExecutor.runScript(TestCaseExecutor.java:328)
	at com.kms.katalon.core.main.TestCaseExecutor.doExecute(TestCaseExecutor.java:319)
	at com.kms.katalon.core.main.TestCaseExecutor.processExecutionPhase(TestCaseExecutor.java:298)
	at com.kms.katalon.core.main.TestCaseExecutor.accessMainPhase(TestCaseExecutor.java:290)
	at com.kms.katalon.core.main.TestCaseExecutor.execute(TestCaseExecutor.java:224)
	at com.kms.katalon.core.main.TestCaseMain.runTestCase(TestCaseMain.java:106)
	at com.kms.katalon.core.keyword.builtin.CallTestCaseKeyword$_callTestCase_closure1.doCall(CallTestCaseKeyword.groovy:59)
	at com.kms.katalon.core.keyword.builtin.CallTestCaseKeyword$_callTestCase_closure1.call(CallTestCaseKeyword.groovy)
	at com.kms.katalon.core.keyword.internal.KeywordMain.runKeyword(KeywordMain.groovy:54)
	at com.kms.katalon.core.keyword.builtin.CallTestCaseKeyword.callTestCase(CallTestCaseKeyword.groovy:80)
	at com.kms.katalon.core.keyword.builtin.CallTestCaseKeyword.execute(CallTestCaseKeyword.groovy:44)
	at com.kms.katalon.core.keyword.internal.KeywordExecutor.executeKeywordForPlatform(KeywordExecutor.groovy:53)
	at com.kms.katalon.core.keyword.BuiltinKeywords.callTestCase(BuiltinKeywords.groovy:334)
	at Reject Claim - RIA.run(Reject Claim - RIA:16)
	at com.kms.katalon.core.main.ScriptEngine.run(ScriptEngine.java:194)
	at com.kms.katalon.core.main.ScriptEngine.runScriptAsRawText(ScriptEngine.java:119)
	at com.kms.katalon.core.main.TestCaseExecutor.runScript(TestCaseExecutor.java:328)
	at com.kms.katalon.core.main.TestCaseExecutor.doExecute(TestCaseExecutor.java:319)
	at com.kms.katalon.core.main.TestCaseExecutor.processExecutionPhase(TestCaseExecutor.java:298)
	at com.kms.katalon.core.main.TestCaseExecutor.accessMainPhase(TestCaseExecutor.java:290)
	at com.kms.katalon.core.main.TestCaseExecutor.execute(TestCaseExecutor.java:224)
	at com.kms.katalon.core.main.TestSuiteExecutor.accessTestCaseMainPhase(TestSuiteExecutor.java:129)
	at com.kms.katalon.core.main.TestSuiteExecutor.accessTestSuiteMainPhase(TestSuiteExecutor.java:112)
	at com.kms.katalon.core.main.TestSuiteExecutor.execute(TestSuiteExecutor.java:81)
	at com.kms.katalon.core.main.TestCaseMain.startTestSuite(TestCaseMain.java:149)
	at com.kms.katalon.core.main.TestCaseMain$startTestSuite$0.call(Unknown Source)
	at TempTestSuite1550652525208.run(TempTestSuite1550652525208.groovy:36)


2019-02-20 17:19:00 - [TEST_STEP][PASSED] - callTestCase(findTestCase("All TC/Arranged/3. Unit/EI/Form 7_default/OTC_Application_Reg"), [:], STOP_ON_FAILURE): Call Test Case 'Test Cases/All TC/Arranged/3. Unit/EI/Form 7_default/OTC_Application_Reg' successfully

2019-02-20 17:19:00 - [TEST_CASE][PASSED] - Test Cases/All TC/Arranged/3. Unit/EI/Form 7_default/OTC_Application_Reg: Test Cases/All TC/Arranged/3. Unit/EI/Form 7_default/OTC_Application_Reg

2019-02-20 17:19:00 - [TEST_STEP][PASSED] - openBrowser(""): Browser is opened with url: ''

2019-02-20 17:19:00 - [MESSAGE][WARNING] - A browser is already opened. Closing browser and opening a new one

2019-02-20 17:19:02 - [MESSAGE][INFO] - Starting 'Chrome' driver

2019-02-20 17:19:02 - [MESSAGE][INFO] - User set preference: ['args', '[--start-maximized]']

2019-02-20 17:19:06 - [MESSAGE][PASSED] - Browser is opened with url: ''

2019-02-20 17:19:06 - [TEST_STEP][PASSED] - navigateToUrl(Internal_Login): Navigate to 'http://10.20.24.188/eisportal/user/login' successfully

2019-02-20 17:19:07 - [MESSAGE][PASSED] - Navigate to 'http://10.20.24.188/eisportal/user/login' successfully

2019-02-20 17:19:07 - [TEST_STEP][PASSED] - delay(3): Delayed 3 second(s)

2019-02-20 17:19:10 - [MESSAGE][PASSED] - Delayed 3 second(s)

2019-02-20 17:19:10 - [TEST_STEP][PASSED] - setText(findTestObject("KeatMun/Form 7_default/OTC_Application_Reg/Page_PERKESO/1.username"), "faizal.hamid@perkeso.gov.my"): Text 'faizal.hamid@perkeso.gov.my' is set on object 'Object Repository/KeatMun/Form 7_default/OTC_Application_Reg/Page_PERKESO/1.username'

2019-02-20 17:19:15 - [MESSAGE][PASSED] - Text 'faizal.hamid@perkeso.gov.my' is set on object 'Object Repository/KeatMun/Form 7_default/OTC_Application_Reg/Page_PERKESO/1.username'

2019-02-20 17:19:15 - [TEST_STEP][PASSED] - delay(1): Delayed 1 second(s)

2019-02-20 17:19:16 - [MESSAGE][PASSED] - Delayed 1 second(s)

2019-02-20 17:19:16 - [TEST_STEP][PASSED] - setEncryptedText(findTestObject("KeatMun/Form 7_default/OTC_Application_Reg/Page_PERKESO/2.password"), "CQqwFZlbeC8="): Text ****** has been set on object 'Object Repository/KeatMun/Form 7_default/OTC_Application_Reg/Page_PERKESO/2.password'

2019-02-20 17:19:19 - [MESSAGE][PASSED] - Text ****** has been set on object 'Object Repository/KeatMun/Form 7_default/OTC_Application_Reg/Page_PERKESO/2.password'

2019-02-20 17:19:19 - [TEST_STEP][PASSED] - delay(2): Delayed 2 second(s)

2019-02-20 17:19:21 - [MESSAGE][PASSED] - Delayed 2 second(s)

2019-02-20 17:19:21 - [TEST_STEP][PASSED] - click(findTestObject("KeatMun/Form 7_default/OTC_Application_Reg/Page_PERKESO/3.login button")): Object: 'Object Repository/KeatMun/Form 7_default/OTC_Application_Reg/Page_PERKESO/3.login button' is clicked on

2019-02-20 17:19:24 - [MESSAGE][PASSED] - Object: 'Object Repository/KeatMun/Form 7_default/OTC_Application_Reg/Page_PERKESO/3.login button' is clicked on

2019-02-20 17:19:24 - [TEST_STEP][PASSED] - delay(2): Delayed 2 second(s)

2019-02-20 17:19:26 - [MESSAGE][PASSED] - Delayed 2 second(s)

2019-02-20 17:19:26 - [TEST_STEP][PASSED] - click(findTestObject("KeatMun/Form 7_default/OTC_Application_Reg/Page_PERKESO/4. Permohonan tab")): Object: 'Object Repository/KeatMun/Form 7_default/OTC_Application_Reg/Page_PERKESO/4. Permohonan tab' is clicked on

2019-02-20 17:19:29 - [MESSAGE][PASSED] - Object: 'Object Repository/KeatMun/Form 7_default/OTC_Application_Reg/Page_PERKESO/4. Permohonan tab' is clicked on

2019-02-20 17:19:29 - [TEST_STEP][PASSED] - delay(2): Delayed 2 second(s)

2019-02-20 17:19:31 - [MESSAGE][PASSED] - Delayed 2 second(s)

2019-02-20 17:19:31 - [TEST_STEP][PASSED] - click(findTestObject("KeatMun/Form 7_default/OTC_Application_Reg/Page_PERKESO/5.button_Setuju")): Object: 'Object Repository/KeatMun/Form 7_default/OTC_Application_Reg/Page_PERKESO/5.button_Setuju' is clicked on

2019-02-20 17:19:33 - [MESSAGE][PASSED] - Object: 'Object Repository/KeatMun/Form 7_default/OTC_Application_Reg/Page_PERKESO/5.button_Setuju' is clicked on

2019-02-20 17:19:33 - [TEST_STEP][PASSED] - delay(2): Delayed 2 second(s)

2019-02-20 17:19:35 - [MESSAGE][PASSED] - Delayed 2 second(s)

2019-02-20 17:19:35 - [TEST_STEP][PASSED] - callTestCase(findTestCase("All TC/Arranged/1. Common/IC List Checker"), [:], STOP_ON_FAILURE): Call Test Case 'Test Cases/All TC/Arranged/1. Common/IC List Checker' successfully

2019-02-20 17:19:35 - [TEST_CASE][PASSED] - Test Cases/All TC/Arranged/1. Common/IC List Checker: Test Cases/All TC/Arranged/1. Common/IC List Checker

2019-02-20 17:19:35 - [TEST_STEP][PASSED] - counter = 0: null

2019-02-20 17:19:35 - [TEST_STEP][PASSED] - fis = new java.io.FileInputStream((internal.GlobalVariable.TextFilePathCommon + \IC.xlsx)): null

2019-02-20 17:19:35 - [TEST_STEP][PASSED] - workbook = new org.apache.poi.xssf.usermodel.XSSFWorkbook(fis): null

2019-02-20 17:19:36 - [TEST_STEP][PASSED] - sheet = workbook.getSheet("Sheet1"): null

2019-02-20 17:19:36 - [TEST_STEP][PASSED] - totalRow = sheet.getLastRowNum(): null

2019-02-20 17:19:36 - [TEST_STEP][PASSED] - out.println(totalRow): null

2019-02-20 17:19:36 - [TEST_STEP][PASSED] - row = sheet.getRow(counter): null

2019-02-20 17:19:36 - [TEST_STEP][PASSED] - cell = row.getCell(counter): null

2019-02-20 17:19:36 - [TEST_STEP][PASSED] - a = cell.getStringCellValue(): null

2019-02-20 17:19:36 - [TEST_STEP][PASSED] - IC = a: null

2019-02-20 17:19:36 - [TEST_STEP][PASSED] - out.println(IC): null

2019-02-20 17:19:36 - [TEST_STEP][PASSED] - callTestCase(findTestCase("All TC/Arranged/1. Common/1.2 Setter/Setter IC"), [:], STOP_ON_FAILURE): Call Test Case 'Test Cases/All TC/Arranged/1. Common/1.2 Setter/Setter IC' successfully

2019-02-20 17:19:36 - [TEST_CASE][PASSED] - Test Cases/All TC/Arranged/1. Common/1.2 Setter/Setter IC: Test Cases/All TC/Arranged/1. Common/1.2 Setter/Setter IC

2019-02-20 17:19:36 - [TEST_STEP][PASSED] - RefNoOldFile = new java.io.File((internal.GlobalVariable.TextFilePathCommon + \getIC.txt)): null

2019-02-20 17:19:36 - [TEST_STEP][PASSED] - RefNoOldFile.delete(): null

2019-02-20 17:19:36 - [TEST_STEP][PASSED] - delay(5): Delayed 5 second(s)

2019-02-20 17:19:41 - [MESSAGE][PASSED] - Delayed 5 second(s)

2019-02-20 17:19:41 - [TEST_STEP][PASSED] - RefNo = new java.io.File((internal.GlobalVariable.TextFilePathCommon + \getIC.txt)): null

2019-02-20 17:19:41 - [TEST_STEP][PASSED] - f2 = new java.io.FileWriter(RefNo, false): null

2019-02-20 17:19:41 - [TEST_STEP][PASSED] - f2.write(IC): null

2019-02-20 17:19:41 - [TEST_STEP][PASSED] - f2.close(): null

2019-02-20 17:19:41 - [TEST_STEP][PASSED] - out.println("


" + IC + "


"): null

2019-02-20 17:19:41 - [MESSAGE][PASSED] - Call Test Case 'Test Cases/All TC/Arranged/1. Common/1.2 Setter/Setter IC' successfully

2019-02-20 17:19:41 - [MESSAGE][PASSED] - Call Test Case 'Test Cases/All TC/Arranged/1. Common/IC List Checker' successfully

2019-02-20 17:19:41 - [TEST_STEP][PASSED] - setText(findTestObject("KeatMun/Form 7_default/OTC_Application_Reg/Page_PERKESO/6.No. Kad Pengenalan"), IC): Text '861023436638' is set on object 'Object Repository/KeatMun/Form 7_default/OTC_Application_Reg/Page_PERKESO/6.No. Kad Pengenalan'

2019-02-20 17:19:45 - [MESSAGE][PASSED] - Text '861023436638' is set on object 'Object Repository/KeatMun/Form 7_default/OTC_Application_Reg/Page_PERKESO/6.No. Kad Pengenalan'

2019-02-20 17:19:45 - [TEST_STEP][PASSED] - delay(2): Delayed 2 second(s)

2019-02-20 17:19:47 - [MESSAGE][PASSED] - Delayed 2 second(s)

2019-02-20 17:19:47 - [TEST_STEP][PASSED] - click(findTestObject("KeatMun/Form 7_default/OTC_Application_Reg/Page_PERKESO/7.button_Semak")): Object: 'Object Repository/KeatMun/Form 7_default/OTC_Application_Reg/Page_PERKESO/7.button_Semak' is clicked on

2019-02-20 17:19:49 - [MESSAGE][PASSED] - Object: 'Object Repository/KeatMun/Form 7_default/OTC_Application_Reg/Page_PERKESO/7.button_Semak' is clicked on

2019-02-20 17:19:49 - [TEST_STEP][PASSED] - delay(4): Delayed 4 second(s)

2019-02-20 17:19:53 - [MESSAGE][PASSED] - Delayed 4 second(s)

2019-02-20 17:19:53 - [TEST_STEP][PASSED] - click(findTestObject("KeatMun/Form 7_default/OTC_Application_Reg/Page_PERKESO/8. Nama Majikan Dropdown")): Object: 'Object Repository/KeatMun/Form 7_default/OTC_Application_Reg/Page_PERKESO/8. Nama Majikan Dropdown' is clicked on

2019-02-20 17:19:55 - [MESSAGE][PASSED] - Object: 'Object Repository/KeatMun/Form 7_default/OTC_Application_Reg/Page_PERKESO/8. Nama Majikan Dropdown' is clicked on

2019-02-20 17:19:55 - [TEST_STEP][PASSED] - setText(findTestObject("KeatMun/Form 7_default/OTC_Application_Reg/Page_PERKESO/8. LOE emp"), "pet"): Text 'pet' is set on object 'Object Repository/KeatMun/Form 7_default/OTC_Application_Reg/Page_PERKESO/8. LOE emp'

2019-02-20 17:20:00 - [MESSAGE][PASSED] - Text 'pet' is set on object 'Object Repository/KeatMun/Form 7_default/OTC_Application_Reg/Page_PERKESO/8. LOE emp'

2019-02-20 17:20:00 - [TEST_STEP][PASSED] - click(findTestObject("KeatMun/Form 7_default/OTC_Application_Reg/Page_PERKESO/8. PETRONAS")): Object: 'Object Repository/KeatMun/Form 7_default/OTC_Application_Reg/Page_PERKESO/8. PETRONAS' is clicked on

2019-02-20 17:20:02 - [MESSAGE][PASSED] - Object: 'Object Repository/KeatMun/Form 7_default/OTC_Application_Reg/Page_PERKESO/8. PETRONAS' is clicked on

2019-02-20 17:20:02 - [TEST_STEP][PASSED] - delay(2): Delayed 2 second(s)

2019-02-20 17:20:04 - [MESSAGE][PASSED] - Delayed 2 second(s)

2019-02-20 17:20:04 - [TEST_STEP][PASSED] - setText(findTestObject("KeatMun/Form 7_default/OTC_Application_Reg/Page_PERKESO/9.Tarikh kehilangan pkj"), "10/01/2019"): Text '10/01/2019' is set on object 'Object Repository/KeatMun/Form 7_default/OTC_Application_Reg/Page_PERKESO/9.Tarikh kehilangan pkj'

2019-02-20 17:20:08 - [MESSAGE][PASSED] - Text '10/01/2019' is set on object 'Object Repository/KeatMun/Form 7_default/OTC_Application_Reg/Page_PERKESO/9.Tarikh kehilangan pkj'

2019-02-20 17:20:08 - [TEST_STEP][PASSED] - delay(2): Delayed 2 second(s)

2019-02-20 17:20:10 - [MESSAGE][PASSED] - Delayed 2 second(s)

2019-02-20 17:20:10 - [TEST_STEP][PASSED] - click(findTestObject("KeatMun/Form 7_default/OTC_Application_Reg/Page_PERKESO/9. Date Picker Done Button ")): Object: 'Object Repository/KeatMun/Form 7_default/OTC_Application_Reg/Page_PERKESO/9. Date Picker Done Button ' is clicked on

2019-02-20 17:20:12 - [MESSAGE][PASSED] - Object: 'Object Repository/KeatMun/Form 7_default/OTC_Application_Reg/Page_PERKESO/9. Date Picker Done Button ' is clicked on

2019-02-20 17:20:12 - [TEST_STEP][PASSED] - delay(2): Delayed 2 second(s)

2019-02-20 17:20:14 - [MESSAGE][PASSED] - Delayed 2 second(s)

2019-02-20 17:20:14 - [TEST_STEP][PASSED] - click(findTestObject("KeatMun/Form 7_default/OTC_Application_Reg/Page_PERKESO/10.button_Mohon")): Object: 'Object Repository/KeatMun/Form 7_default/OTC_Application_Reg/Page_PERKESO/10.button_Mohon' is clicked on

2019-02-20 17:20:16 - [MESSAGE][PASSED] - Object: 'Object Repository/KeatMun/Form 7_default/OTC_Application_Reg/Page_PERKESO/10.button_Mohon' is clicked on

2019-02-20 17:20:16 - [TEST_STEP][PASSED] - delay(2): Delayed 2 second(s)

2019-02-20 17:20:18 - [MESSAGE][PASSED] - Delayed 2 second(s)

2019-02-20 17:20:18 - [TEST_STEP][PASSED] - setText(findTestObject("KeatMun/Form 7_default/OTC_Application_Reg/Page_PERKESO/11.Tarikh Terima_stampedDtS"), "10/01/2019"): Text '10/01/2019' is set on object 'Object Repository/KeatMun/Form 7_default/OTC_Application_Reg/Page_PERKESO/11.Tarikh Terima_stampedDtS'

2019-02-20 17:20:23 - [MESSAGE][PASSED] - Text '10/01/2019' is set on object 'Object Repository/KeatMun/Form 7_default/OTC_Application_Reg/Page_PERKESO/11.Tarikh Terima_stampedDtS'

2019-02-20 17:20:23 - [TEST_STEP][PASSED] - delay(2): Delayed 2 second(s)

2019-02-20 17:20:25 - [MESSAGE][PASSED] - Delayed 2 second(s)

2019-02-20 17:20:25 - [TEST_STEP][PASSED] - click(findTestObject("KeatMun/Form 7_default/OTC_Application_Reg/Page_PERKESO/11. Date Picker Done Button")): Object: 'Object Repository/KeatMun/Form 7_default/OTC_Application_Reg/Page_PERKESO/11. Date Picker Done Button' is clicked on

2019-02-20 17:20:27 - [MESSAGE][PASSED] - Object: 'Object Repository/KeatMun/Form 7_default/OTC_Application_Reg/Page_PERKESO/11. Date Picker Done Button' is clicked on

2019-02-20 17:20:27 - [TEST_STEP][PASSED] - delay(2): Delayed 2 second(s)

2019-02-20 17:20:29 - [MESSAGE][PASSED] - Delayed 2 second(s)

2019-02-20 17:20:29 - [TEST_STEP][PASSED] - click(findTestObject("KeatMun/Form 7_default/OTC_Application_Reg/Page_PERKESO/11.button_TERUSKAN")): Object: 'Object Repository/KeatMun/Form 7_default/OTC_Application_Reg/Page_PERKESO/11.button_TERUSKAN' is clicked on

2019-02-20 17:20:31 - [MESSAGE][PASSED] - Object: 'Object Repository/KeatMun/Form 7_default/OTC_Application_Reg/Page_PERKESO/11.button_TERUSKAN' is clicked on

2019-02-20 17:20:31 - [TEST_STEP][PASSED] - delay(2): Delayed 2 second(s)

2019-02-20 17:20:33 - [MESSAGE][PASSED] - Delayed 2 second(s)

2019-02-20 17:20:33 - [TEST_STEP][PASSED] - selectOptionByValue(findTestObject("KeatMun/Form 7_default/OTC_Application_Reg/Page_PERKESO/12.--Sila Pilih--PejabatPKS"), "22", true): All options with value '22' are selected in object 'Object Repository/KeatMun/Form 7_default/OTC_Application_Reg/Page_PERKESO/12.--Sila Pilih--PejabatPKS'  using regular expression

2019-02-20 17:22:03 - [MESSAGE][PASSED] - All options with value '22' are selected in object 'Object Repository/KeatMun/Form 7_default/OTC_Application_Reg/Page_PERKESO/12.--Sila Pilih--PejabatPKS'  using regular expression

2019-02-20 17:22:03 - [TEST_STEP][PASSED] - delay(2): Delayed 2 second(s)

2019-02-20 17:22:05 - [MESSAGE][PASSED] - Delayed 2 second(s)

2019-02-20 17:22:05 - [TEST_STEP][PASSED] - click(findTestObject("KeatMun/Form 7_default/OTC_Application_Reg/Page_PERKESO/13. Halaman Seterusnya")): Object: 'Object Repository/KeatMun/Form 7_default/OTC_Application_Reg/Page_PERKESO/13. Halaman Seterusnya' is clicked on

2019-02-20 17:22:07 - [MESSAGE][PASSED] - Object: 'Object Repository/KeatMun/Form 7_default/OTC_Application_Reg/Page_PERKESO/13. Halaman Seterusnya' is clicked on

2019-02-20 17:22:07 - [MESSAGE][PASSED] - Call Test Case 'Test Cases/All TC/Arranged/3. Unit/EI/Form 7_default/OTC_Application_Reg' successfully

2019-02-20 17:22:07 - [TEST_STEP][PASSED] - callTestCase(findTestCase("All TC/Arranged/3. Unit/EI/Form 7_default/OTC_Submit Form 7_Section A"), [:], STOP_ON_FAILURE): Call Test Case 'Test Cases/All TC/Arranged/3. Unit/EI/Form 7_default/OTC_Submit Form 7_Section A' successfully

2019-02-20 17:22:08 - [TEST_CASE][PASSED] - Test Cases/All TC/Arranged/3. Unit/EI/Form 7_default/OTC_Submit Form 7_Section A: Test Cases/All TC/Arranged/3. Unit/EI/Form 7_default/OTC_Submit Form 7_Section A

2019-02-20 17:22:08 - [TEST_STEP][PASSED] - delay(2): Delayed 2 second(s)

2019-02-20 17:22:10 - [MESSAGE][PASSED] - Delayed 2 second(s)

2019-02-20 17:22:10 - [TEST_STEP][PASSED] - setText(findTestObject("KeatMun/Form 7_default/OTC_Submit Form 7_Section A/Page_PERKESO/A4. EmployeeDob"), "10/01/2019"): Text '10/01/2019' is set on object 'Object Repository/KeatMun/Form 7_default/OTC_Submit Form 7_Section A/Page_PERKESO/A4. EmployeeDob'

2019-02-20 17:22:14 - [MESSAGE][PASSED] - Text '10/01/2019' is set on object 'Object Repository/KeatMun/Form 7_default/OTC_Submit Form 7_Section A/Page_PERKESO/A4. EmployeeDob'

2019-02-20 17:22:14 - [TEST_STEP][PASSED] - delay(2): Delayed 2 second(s)

2019-02-20 17:22:16 - [MESSAGE][PASSED] - Delayed 2 second(s)

2019-02-20 17:22:16 - [TEST_STEP][PASSED] - click(findTestObject("KeatMun/Form 7_default/OTC_Submit Form 7_Section A/Page_PERKESO/A5. Bangsa")): Object: 'Object Repository/KeatMun/Form 7_default/OTC_Submit Form 7_Section A/Page_PERKESO/A5. Bangsa' is clicked on

2019-02-20 17:22:18 - [MESSAGE][PASSED] - Object: 'Object Repository/KeatMun/Form 7_default/OTC_Submit Form 7_Section A/Page_PERKESO/A5. Bangsa' is clicked on

2019-02-20 17:22:18 - [TEST_STEP][PASSED] - click(findTestObject("KeatMun/Form 7_default/OTC_Submit Form 7_Section A/Page_PERKESO/A5. Bumiputera Sabah")): Object: 'Object Repository/KeatMun/Form 7_default/OTC_Submit Form 7_Section A/Page_PERKESO/A5. Bumiputera Sabah' is clicked on

2019-02-20 17:22:20 - [MESSAGE][PASSED] - Object: 'Object Repository/KeatMun/Form 7_default/OTC_Submit Form 7_Section A/Page_PERKESO/A5. Bumiputera Sabah' is clicked on

2019-02-20 17:22:20 - [TEST_STEP][PASSED] - delay(2): Delayed 2 second(s)

2019-02-20 17:22:22 - [MESSAGE][PASSED] - Delayed 2 second(s)

2019-02-20 17:22:22 - [TEST_STEP][PASSED] - click(findTestObject("KeatMun/Form 7_default/OTC_Submit Form 7_Section A/Page_PERKESO/A6. Jantina")): Object: 'Object Repository/KeatMun/Form 7_default/OTC_Submit Form 7_Section A/Page_PERKESO/A6. Jantina' is clicked on

2019-02-20 17:22:25 - [MESSAGE][PASSED] - Object: 'Object Repository/KeatMun/Form 7_default/OTC_Submit Form 7_Section A/Page_PERKESO/A6. Jantina' is clicked on

2019-02-20 17:22:25 - [TEST_STEP][PASSED] - click(findTestObject("KeatMun/Form 7_default/OTC_Submit Form 7_Section A/Page_PERKESO/A6. Lelaki")): Object: 'Object Repository/KeatMun/Form 7_default/OTC_Submit Form 7_Section A/Page_PERKESO/A6. Lelaki' is clicked on

2019-02-20 17:22:27 - [MESSAGE][PASSED] - Object: 'Object Repository/KeatMun/Form 7_default/OTC_Submit Form 7_Section A/Page_PERKESO/A6. Lelaki' is clicked on

2019-02-20 17:22:27 - [TEST_STEP][PASSED] - delay(2): Delayed 2 second(s)

2019-02-20 17:22:29 - [MESSAGE][PASSED] - Delayed 2 second(s)

2019-02-20 17:22:29 - [TEST_STEP][PASSED] - click(findTestObject("KeatMun/Form 7_default/OTC_Submit Form 7_Section A/Page_PERKESO/A7. Kewarganegaraan")): Object: 'Object Repository/KeatMun/Form 7_default/OTC_Submit Form 7_Section A/Page_PERKESO/A7. Kewarganegaraan' is clicked on

2019-02-20 17:22:31 - [MESSAGE][PASSED] - Object: 'Object Repository/KeatMun/Form 7_default/OTC_Submit Form 7_Section A/Page_PERKESO/A7. Kewarganegaraan' is clicked on

2019-02-20 17:22:31 - [TEST_STEP][PASSED] - click(findTestObject("KeatMun/Form 7_default/OTC_Submit Form 7_Section A/Page_PERKESO/A7. Malaysia")): Object: 'Object Repository/KeatMun/Form 7_default/OTC_Submit Form 7_Section A/Page_PERKESO/A7. Malaysia' is clicked on

2019-02-20 17:22:33 - [MESSAGE][PASSED] - Object: 'Object Repository/KeatMun/Form 7_default/OTC_Submit Form 7_Section A/Page_PERKESO/A7. Malaysia' is clicked on

2019-02-20 17:22:33 - [TEST_STEP][PASSED] - delay(2): Delayed 2 second(s)

2019-02-20 17:22:35 - [MESSAGE][PASSED] - Delayed 2 second(s)

2019-02-20 17:22:35 - [TEST_STEP][PASSED] - click(findTestObject("KeatMun/Form 7_default/OTC_Submit Form 7_Section A/Page_PERKESO/A8. Status Perkahwinan")): Object: 'Object Repository/KeatMun/Form 7_default/OTC_Submit Form 7_Section A/Page_PERKESO/A8. Status Perkahwinan' is clicked on

2019-02-20 17:22:37 - [MESSAGE][PASSED] - Object: 'Object Repository/KeatMun/Form 7_default/OTC_Submit Form 7_Section A/Page_PERKESO/A8. Status Perkahwinan' is clicked on

2019-02-20 17:22:37 - [TEST_STEP][PASSED] - click(findTestObject("KeatMun/Form 7_default/OTC_Submit Form 7_Section A/Page_PERKESO/A8. Bujang")): Object: 'Object Repository/KeatMun/Form 7_default/OTC_Submit Form 7_Section A/Page_PERKESO/A8. Bujang' is clicked on

2019-02-20 17:22:39 - [MESSAGE][PASSED] - Object: 'Object Repository/KeatMun/Form 7_default/OTC_Submit Form 7_Section A/Page_PERKESO/A8. Bujang' is clicked on

2019-02-20 17:22:39 - [TEST_STEP][PASSED] - delay(2): Delayed 2 second(s)

2019-02-20 17:22:41 - [MESSAGE][PASSED] - Delayed 2 second(s)

2019-02-20 17:22:41 - [TEST_STEP][PASSED] - setText(findTestObject("KeatMun/Form 7_default/OTC_Submit Form 7_Section A/Page_PERKESO/A9. Address1"), "qwertyuiop"): Text 'qwertyuiop' is set on object 'Object Repository/KeatMun/Form 7_default/OTC_Submit Form 7_Section A/Page_PERKESO/A9. Address1'

2019-02-20 17:22:46 - [MESSAGE][PASSED] - Text 'qwertyuiop' is set on object 'Object Repository/KeatMun/Form 7_default/OTC_Submit Form 7_Section A/Page_PERKESO/A9. Address1'

2019-02-20 17:22:46 - [TEST_STEP][PASSED] - delay(2): Delayed 2 second(s)

2019-02-20 17:22:48 - [MESSAGE][PASSED] - Delayed 2 second(s)

2019-02-20 17:22:48 - [TEST_STEP][PASSED] - click(findTestObject("KeatMun/Form 7_default/OTC_Submit Form 7_Section A/Page_PERKESO/A10. Negeri")): Object: 'Object Repository/KeatMun/Form 7_default/OTC_Submit Form 7_Section A/Page_PERKESO/A10. Negeri' is clicked on

2019-02-20 17:22:50 - [MESSAGE][PASSED] - Object: 'Object Repository/KeatMun/Form 7_default/OTC_Submit Form 7_Section A/Page_PERKESO/A10. Negeri' is clicked on

2019-02-20 17:22:50 - [TEST_STEP][PASSED] - click(findTestObject("KeatMun/Form 7_default/OTC_Submit Form 7_Section A/Page_PERKESO/A10. JOHOR")): Object: 'Object Repository/KeatMun/Form 7_default/OTC_Submit Form 7_Section A/Page_PERKESO/A10. JOHOR' is clicked on

2019-02-20 17:22:52 - [MESSAGE][PASSED] - Object: 'Object Repository/KeatMun/Form 7_default/OTC_Submit Form 7_Section A/Page_PERKESO/A10. JOHOR' is clicked on

2019-02-20 17:22:52 - [TEST_STEP][PASSED] - delay(2): Delayed 2 second(s)

2019-02-20 17:22:54 - [MESSAGE][PASSED] - Delayed 2 second(s)

2019-02-20 17:22:54 - [TEST_STEP][PASSED] - click(findTestObject("KeatMun/Form 7_default/OTC_Submit Form 7_Section A/Page_PERKESO/A11. --Sila Pilih--")): Object: 'Object Repository/KeatMun/Form 7_default/OTC_Submit Form 7_Section A/Page_PERKESO/A11. --Sila Pilih--' is clicked on

2019-02-20 17:22:56 - [MESSAGE][PASSED] - Object: 'Object Repository/KeatMun/Form 7_default/OTC_Submit Form 7_Section A/Page_PERKESO/A11. --Sila Pilih--' is clicked on

2019-02-20 17:22:56 - [TEST_STEP][PASSED] - setText(findTestObject("KeatMun/Form 7_default/OTC_Submit Form 7_Section A/Page_PERKESO/A11. Done_select2-search__fie (1)"), "jo"): Text 'jo' is set on object 'Object Repository/KeatMun/Form 7_default/OTC_Submit Form 7_Section A/Page_PERKESO/A11. Done_select2-search__fie (1)'

2019-02-20 17:23:00 - [MESSAGE][PASSED] - Text 'jo' is set on object 'Object Repository/KeatMun/Form 7_default/OTC_Submit Form 7_Section A/Page_PERKESO/A11. Done_select2-search__fie (1)'

2019-02-20 17:23:00 - [TEST_STEP][PASSED] - setText(findTestObject("KeatMun/Form 7_default/OTC_Submit Form 7_Section A/Page_PERKESO/A11. concat(id(  select2-city"), "jo"): Text 'jo' is set on object 'Object Repository/KeatMun/Form 7_default/OTC_Submit Form 7_Section A/Page_PERKESO/A11. concat(id(  select2-city'

2019-02-20 17:23:04 - [MESSAGE][PASSED] - Text 'jo' is set on object 'Object Repository/KeatMun/Form 7_default/OTC_Submit Form 7_Section A/Page_PERKESO/A11. concat(id(  select2-city'

2019-02-20 17:23:04 - [TEST_STEP][PASSED] - click(findTestObject("KeatMun/Form 7_default/OTC_Submit Form 7_Section A/Page_PERKESO/A11. JOHOR BAHRU")): Object: 'Object Repository/KeatMun/Form 7_default/OTC_Submit Form 7_Section A/Page_PERKESO/A11. JOHOR BAHRU' is clicked on

2019-02-20 17:23:07 - [MESSAGE][PASSED] - Object: 'Object Repository/KeatMun/Form 7_default/OTC_Submit Form 7_Section A/Page_PERKESO/A11. JOHOR BAHRU' is clicked on

2019-02-20 17:23:07 - [TEST_STEP][PASSED] - delay(2): Delayed 2 second(s)

2019-02-20 17:23:09 - [MESSAGE][PASSED] - Delayed 2 second(s)

2019-02-20 17:23:09 - [TEST_STEP][PASSED] - click(findTestObject("KeatMun/Form 7_default/OTC_Submit Form 7_Section A/Page_PERKESO/A12. --Sila Isikan--")): Object: 'Object Repository/KeatMun/Form 7_default/OTC_Submit Form 7_Section A/Page_PERKESO/A12. --Sila Isikan--' is clicked on

2019-02-20 17:23:11 - [MESSAGE][PASSED] - Object: 'Object Repository/KeatMun/Form 7_default/OTC_Submit Form 7_Section A/Page_PERKESO/A12. --Sila Isikan--' is clicked on

2019-02-20 17:23:11 - [TEST_STEP][PASSED] - setText(findTestObject("KeatMun/Form 7_default/OTC_Submit Form 7_Section A/Page_PERKESO/A11. Done_select2-search__fie"), "84"): Text '84' is set on object 'Object Repository/KeatMun/Form 7_default/OTC_Submit Form 7_Section A/Page_PERKESO/A11. Done_select2-search__fie'

2019-02-20 17:23:15 - [MESSAGE][PASSED] - Text '84' is set on object 'Object Repository/KeatMun/Form 7_default/OTC_Submit Form 7_Section A/Page_PERKESO/A11. Done_select2-search__fie'

2019-02-20 17:23:15 - [TEST_STEP][PASSED] - click(findTestObject("KeatMun/Form 7_default/OTC_Submit Form 7_Section A/Page_PERKESO/A12. 84000")): Object: 'Object Repository/KeatMun/Form 7_default/OTC_Submit Form 7_Section A/Page_PERKESO/A12. 84000' is clicked on

2019-02-20 17:23:17 - [MESSAGE][PASSED] - Object: 'Object Repository/KeatMun/Form 7_default/OTC_Submit Form 7_Section A/Page_PERKESO/A12. 84000' is clicked on

2019-02-20 17:23:17 - [TEST_STEP][PASSED] - delay(2): Delayed 2 second(s)

2019-02-20 17:23:19 - [MESSAGE][PASSED] - Delayed 2 second(s)

2019-02-20 17:23:19 - [TEST_STEP][PASSED] - setText(findTestObject("KeatMun/Form 7_default/OTC_Submit Form 7_Section A/Page_PERKESO/A13. mobileContact1"), "1234567890"): Text '1234567890' is set on object 'Object Repository/KeatMun/Form 7_default/OTC_Submit Form 7_Section A/Page_PERKESO/A13. mobileContact1'

2019-02-20 17:23:24 - [MESSAGE][PASSED] - Text '1234567890' is set on object 'Object Repository/KeatMun/Form 7_default/OTC_Submit Form 7_Section A/Page_PERKESO/A13. mobileContact1'

2019-02-20 17:23:24 - [TEST_STEP][PASSED] - delay(2): Delayed 2 second(s)

2019-02-20 17:23:26 - [MESSAGE][PASSED] - Delayed 2 second(s)

2019-02-20 17:23:26 - [TEST_STEP][PASSED] - click(findTestObject("KeatMun/Form 7_default/OTC_Submit Form 7_Section A/Page_PERKESO/A14. Halaman Seterusnya")): Object: 'Object Repository/KeatMun/Form 7_default/OTC_Submit Form 7_Section A/Page_PERKESO/A14. Halaman Seterusnya' is clicked on

2019-02-20 17:23:28 - [MESSAGE][PASSED] - Object: 'Object Repository/KeatMun/Form 7_default/OTC_Submit Form 7_Section A/Page_PERKESO/A14. Halaman Seterusnya' is clicked on

2019-02-20 17:23:28 - [TEST_STEP][PASSED] - delay(2): Delayed 2 second(s)

2019-02-20 17:23:30 - [MESSAGE][PASSED] - Delayed 2 second(s)

2019-02-20 17:23:30 - [MESSAGE][PASSED] - Call Test Case 'Test Cases/All TC/Arranged/3. Unit/EI/Form 7_default/OTC_Submit Form 7_Section A' successfully

2019-02-20 17:23:30 - [TEST_STEP][PASSED] - callTestCase(findTestCase("All TC/Arranged/3. Unit/EI/Form 7_default/OTC_Submit Form 7_Section B"), [:], STOP_ON_FAILURE): Call Test Case 'Test Cases/All TC/Arranged/3. Unit/EI/Form 7_default/OTC_Submit Form 7_Section B' successfully

2019-02-20 17:23:30 - [TEST_CASE][PASSED] - Test Cases/All TC/Arranged/3. Unit/EI/Form 7_default/OTC_Submit Form 7_Section B: Test Cases/All TC/Arranged/3. Unit/EI/Form 7_default/OTC_Submit Form 7_Section B

2019-02-20 17:23:30 - [TEST_STEP][PASSED] - delay(3): Delayed 3 second(s)

2019-02-20 17:23:33 - [MESSAGE][PASSED] - Delayed 3 second(s)

2019-02-20 17:23:33 - [TEST_STEP][PASSED] - click(findTestObject("KeatMun/Form 7_default/OTC_Submit Form 7_Section B/Page_PERKESO/B1. Jawatan")): Object: 'Object Repository/KeatMun/Form 7_default/OTC_Submit Form 7_Section B/Page_PERKESO/B1. Jawatan' is clicked on

2019-02-20 17:23:35 - [MESSAGE][PASSED] - Object: 'Object Repository/KeatMun/Form 7_default/OTC_Submit Form 7_Section B/Page_PERKESO/B1. Jawatan' is clicked on

2019-02-20 17:23:35 - [TEST_STEP][PASSED] - setText(findTestObject("KeatMun/Form 7_default/OTC_Submit Form 7_Section B/Page_PERKESO/B1. concat(id(  select2-posi"), "re"): Text 're' is set on object 'Object Repository/KeatMun/Form 7_default/OTC_Submit Form 7_Section B/Page_PERKESO/B1. concat(id(  select2-posi'

2019-02-20 17:23:39 - [MESSAGE][PASSED] - Text 're' is set on object 'Object Repository/KeatMun/Form 7_default/OTC_Submit Form 7_Section B/Page_PERKESO/B1. concat(id(  select2-posi'

2019-02-20 17:23:39 - [TEST_STEP][PASSED] - setText(findTestObject("KeatMun/Form 7_default/OTC_Submit Form 7_Section B/Page_PERKESO/B1. Done_select2-search__fie"), "re"): Text 're' is set on object 'Object Repository/KeatMun/Form 7_default/OTC_Submit Form 7_Section B/Page_PERKESO/B1. Done_select2-search__fie'

2019-02-20 17:23:44 - [MESSAGE][PASSED] - Text 're' is set on object 'Object Repository/KeatMun/Form 7_default/OTC_Submit Form 7_Section B/Page_PERKESO/B1. Done_select2-search__fie'

2019-02-20 17:23:44 - [TEST_STEP][PASSED] - click(findTestObject("KeatMun/Form 7_default/OTC_Submit Form 7_Section B/Page_PERKESO/B1. Arkitek Reka Bentuk")): Object: 'Object Repository/KeatMun/Form 7_default/OTC_Submit Form 7_Section B/Page_PERKESO/B1. Arkitek Reka Bentuk' is clicked on

2019-02-20 17:23:46 - [MESSAGE][PASSED] - Object: 'Object Repository/KeatMun/Form 7_default/OTC_Submit Form 7_Section B/Page_PERKESO/B1. Arkitek Reka Bentuk' is clicked on

2019-02-20 17:23:46 - [TEST_STEP][PASSED] - delay(2): Delayed 2 second(s)

2019-02-20 17:23:48 - [MESSAGE][PASSED] - Delayed 2 second(s)

2019-02-20 17:23:48 - [TEST_STEP][PASSED] - setText(findTestObject("KeatMun/Form 7_default/OTC_Submit Form 7_Section B/Page_PERKESO/B2. lastEmploymentStartDtSt"), "10/01/2019"): Text '10/01/2019' is set on object 'Object Repository/KeatMun/Form 7_default/OTC_Submit Form 7_Section B/Page_PERKESO/B2. lastEmploymentStartDtSt'

2019-02-20 17:23:52 - [MESSAGE][PASSED] - Text '10/01/2019' is set on object 'Object Repository/KeatMun/Form 7_default/OTC_Submit Form 7_Section B/Page_PERKESO/B2. lastEmploymentStartDtSt'

2019-02-20 17:23:52 - [TEST_STEP][PASSED] - delay(2): Delayed 2 second(s)

2019-02-20 17:23:54 - [MESSAGE][PASSED] - Delayed 2 second(s)

2019-02-20 17:23:54 - [TEST_STEP][PASSED] - click(findTestObject("KeatMun/Form 7_default/OTC_Submit Form 7_Section B/Page_PERKESO/B4. Status Perkejaan")): Object: 'Object Repository/KeatMun/Form 7_default/OTC_Submit Form 7_Section B/Page_PERKESO/B4. Status Perkejaan' is clicked on

2019-02-20 17:23:56 - [MESSAGE][PASSED] - Object: 'Object Repository/KeatMun/Form 7_default/OTC_Submit Form 7_Section B/Page_PERKESO/B4. Status Perkejaan' is clicked on

2019-02-20 17:23:56 - [TEST_STEP][PASSED] - click(findTestObject("KeatMun/Form 7_default/OTC_Submit Form 7_Section B/Page_PERKESO/B4. Tetap")): Object: 'Object Repository/KeatMun/Form 7_default/OTC_Submit Form 7_Section B/Page_PERKESO/B4. Tetap' is clicked on

2019-02-20 17:23:58 - [MESSAGE][PASSED] - Object: 'Object Repository/KeatMun/Form 7_default/OTC_Submit Form 7_Section B/Page_PERKESO/B4. Tetap' is clicked on

2019-02-20 17:23:58 - [TEST_STEP][PASSED] - delay(2): Delayed 2 second(s)

2019-02-20 17:24:00 - [MESSAGE][PASSED] - Delayed 2 second(s)

2019-02-20 17:24:00 - [TEST_STEP][PASSED] - setText(findTestObject("KeatMun/Form 7_default/OTC_Submit Form 7_Section B/Page_PERKESO/B5. Gaji (RM)_salary1"), "4000"): Text '4000' is set on object 'Object Repository/KeatMun/Form 7_default/OTC_Submit Form 7_Section B/Page_PERKESO/B5. Gaji (RM)_salary1'

2019-02-20 17:24:05 - [MESSAGE][PASSED] - Text '4000' is set on object 'Object Repository/KeatMun/Form 7_default/OTC_Submit Form 7_Section B/Page_PERKESO/B5. Gaji (RM)_salary1'

2019-02-20 17:24:05 - [TEST_STEP][PASSED] - delay(2): Delayed 2 second(s)

2019-02-20 17:24:07 - [MESSAGE][PASSED] - Delayed 2 second(s)

2019-02-20 17:24:07 - [TEST_STEP][PASSED] - setText(findTestObject("KeatMun/Form 7_default/OTC_Submit Form 7_Section B/Page_PERKESO/B5. Gaji (RM)_salary2"), "4000"): Text '4000' is set on object 'Object Repository/KeatMun/Form 7_default/OTC_Submit Form 7_Section B/Page_PERKESO/B5. Gaji (RM)_salary2'

2019-02-20 17:24:11 - [MESSAGE][PASSED] - Text '4000' is set on object 'Object Repository/KeatMun/Form 7_default/OTC_Submit Form 7_Section B/Page_PERKESO/B5. Gaji (RM)_salary2'

2019-02-20 17:24:11 - [TEST_STEP][PASSED] - delay(2): Delayed 2 second(s)

2019-02-20 17:24:13 - [MESSAGE][PASSED] - Delayed 2 second(s)

2019-02-20 17:24:13 - [TEST_STEP][PASSED] - setText(findTestObject("KeatMun/Form 7_default/OTC_Submit Form 7_Section B/Page_PERKESO/B5. Gaji (RM)_salary3"), "4000"): Text '4000' is set on object 'Object Repository/KeatMun/Form 7_default/OTC_Submit Form 7_Section B/Page_PERKESO/B5. Gaji (RM)_salary3'

2019-02-20 17:24:17 - [MESSAGE][PASSED] - Text '4000' is set on object 'Object Repository/KeatMun/Form 7_default/OTC_Submit Form 7_Section B/Page_PERKESO/B5. Gaji (RM)_salary3'

2019-02-20 17:24:17 - [TEST_STEP][PASSED] - delay(2): Delayed 2 second(s)

2019-02-20 17:24:19 - [MESSAGE][PASSED] - Delayed 2 second(s)

2019-02-20 17:24:19 - [TEST_STEP][PASSED] - setText(findTestObject("KeatMun/Form 7_default/OTC_Submit Form 7_Section B/Page_PERKESO/B5. Gaji (RM)_salary4"), "4000"): Text '4000' is set on object 'Object Repository/KeatMun/Form 7_default/OTC_Submit Form 7_Section B/Page_PERKESO/B5. Gaji (RM)_salary4'

2019-02-20 17:24:23 - [MESSAGE][PASSED] - Text '4000' is set on object 'Object Repository/KeatMun/Form 7_default/OTC_Submit Form 7_Section B/Page_PERKESO/B5. Gaji (RM)_salary4'

2019-02-20 17:24:23 - [TEST_STEP][PASSED] - delay(2): Delayed 2 second(s)

2019-02-20 17:24:25 - [MESSAGE][PASSED] - Delayed 2 second(s)

2019-02-20 17:24:25 - [TEST_STEP][PASSED] - setText(findTestObject("KeatMun/Form 7_default/OTC_Submit Form 7_Section B/Page_PERKESO/B5. Gaji (RM)_salary5"), "4000"): Text '4000' is set on object 'Object Repository/KeatMun/Form 7_default/OTC_Submit Form 7_Section B/Page_PERKESO/B5. Gaji (RM)_salary5'

2019-02-20 17:24:30 - [MESSAGE][PASSED] - Text '4000' is set on object 'Object Repository/KeatMun/Form 7_default/OTC_Submit Form 7_Section B/Page_PERKESO/B5. Gaji (RM)_salary5'

2019-02-20 17:24:30 - [TEST_STEP][PASSED] - delay(2): Delayed 2 second(s)

2019-02-20 17:24:32 - [MESSAGE][PASSED] - Delayed 2 second(s)

2019-02-20 17:24:32 - [TEST_STEP][PASSED] - setText(findTestObject("KeatMun/Form 7_default/OTC_Submit Form 7_Section B/Page_PERKESO/B5. Gaji (RM)_salary6"), "4000"): Text '4000' is set on object 'Object Repository/KeatMun/Form 7_default/OTC_Submit Form 7_Section B/Page_PERKESO/B5. Gaji (RM)_salary6'

2019-02-20 17:24:36 - [MESSAGE][PASSED] - Text '4000' is set on object 'Object Repository/KeatMun/Form 7_default/OTC_Submit Form 7_Section B/Page_PERKESO/B5. Gaji (RM)_salary6'

2019-02-20 17:24:36 - [TEST_STEP][PASSED] - delay(2): Delayed 2 second(s)

2019-02-20 17:24:38 - [MESSAGE][PASSED] - Delayed 2 second(s)

2019-02-20 17:24:38 - [TEST_STEP][PASSED] - click(findTestObject("KeatMun/Form 7_default/OTC_Submit Form 7_Section B/Page_PERKESO/B6. Reason JobLost")): Object: 'Object Repository/KeatMun/Form 7_default/OTC_Submit Form 7_Section B/Page_PERKESO/B6. Reason JobLost' is clicked on

2019-02-20 17:24:40 - [MESSAGE][PASSED] - Object: 'Object Repository/KeatMun/Form 7_default/OTC_Submit Form 7_Section B/Page_PERKESO/B6. Reason JobLost' is clicked on

2019-02-20 17:24:40 - [TEST_STEP][PASSED] - click(findTestObject("KeatMun/Form 7_default/OTC_Submit Form 7_Section B/Page_PERKESO/B6. Bencana alam (cth banjir ke")): Object: 'Object Repository/KeatMun/Form 7_default/OTC_Submit Form 7_Section B/Page_PERKESO/B6. Bencana alam (cth banjir ke' is clicked on

2019-02-20 17:24:42 - [MESSAGE][PASSED] - Object: 'Object Repository/KeatMun/Form 7_default/OTC_Submit Form 7_Section B/Page_PERKESO/B6. Bencana alam (cth banjir ke' is clicked on

2019-02-20 17:24:42 - [TEST_STEP][PASSED] - delay(3): Delayed 3 second(s)

2019-02-20 17:24:45 - [MESSAGE][PASSED] - Delayed 3 second(s)

2019-02-20 17:24:45 - [TEST_STEP][PASSED] - setText(findTestObject("KeatMun/Form 7_default/OTC_Submit Form 7_Section B/Page_PERKESO/B7. AverageWorkingHour"), "8"): Text '8' is set on object 'Object Repository/KeatMun/Form 7_default/OTC_Submit Form 7_Section B/Page_PERKESO/B7. AverageWorkingHour'

2019-02-20 17:24:49 - [MESSAGE][PASSED] - Text '8' is set on object 'Object Repository/KeatMun/Form 7_default/OTC_Submit Form 7_Section B/Page_PERKESO/B7. AverageWorkingHour'

2019-02-20 17:24:49 - [TEST_STEP][PASSED] - delay(2): Delayed 2 second(s)

2019-02-20 17:24:51 - [MESSAGE][PASSED] - Delayed 2 second(s)

2019-02-20 17:24:51 - [TEST_STEP][PASSED] - click(findTestObject("KeatMun/Form 7_default/OTC_Submit Form 7_Section B/Page_PERKESO/B8. Tidak_compensationInd")): Object: 'Object Repository/KeatMun/Form 7_default/OTC_Submit Form 7_Section B/Page_PERKESO/B8. Tidak_compensationInd' is clicked on

2019-02-20 17:24:53 - [MESSAGE][PASSED] - Object: 'Object Repository/KeatMun/Form 7_default/OTC_Submit Form 7_Section B/Page_PERKESO/B8. Tidak_compensationInd' is clicked on

2019-02-20 17:24:53 - [TEST_STEP][PASSED] - delay(1): Delayed 1 second(s)

2019-02-20 17:24:54 - [MESSAGE][PASSED] - Delayed 1 second(s)

2019-02-20 17:24:54 - [TEST_STEP][PASSED] - click(findTestObject("KeatMun/Form 7_default/OTC_Submit Form 7_Section B/Page_PERKESO/B9. Tidak_fileCaseInd")): Object: 'Object Repository/KeatMun/Form 7_default/OTC_Submit Form 7_Section B/Page_PERKESO/B9. Tidak_fileCaseInd' is clicked on

2019-02-20 17:24:57 - [MESSAGE][PASSED] - Object: 'Object Repository/KeatMun/Form 7_default/OTC_Submit Form 7_Section B/Page_PERKESO/B9. Tidak_fileCaseInd' is clicked on

2019-02-20 17:24:57 - [TEST_STEP][PASSED] - delay(1): Delayed 1 second(s)

2019-02-20 17:24:58 - [MESSAGE][PASSED] - Delayed 1 second(s)

2019-02-20 17:24:58 - [TEST_STEP][PASSED] - click(findTestObject("KeatMun/Form 7_default/OTC_Submit Form 7_Section B/Page_PERKESO/B10. Tidak_unregisterCaseInd")): Object: 'Object Repository/KeatMun/Form 7_default/OTC_Submit Form 7_Section B/Page_PERKESO/B10. Tidak_unregisterCaseInd' is clicked on

2019-02-20 17:25:00 - [MESSAGE][PASSED] - Object: 'Object Repository/KeatMun/Form 7_default/OTC_Submit Form 7_Section B/Page_PERKESO/B10. Tidak_unregisterCaseInd' is clicked on

2019-02-20 17:25:00 - [TEST_STEP][PASSED] - delay(2): Delayed 2 second(s)

2019-02-20 17:25:02 - [MESSAGE][PASSED] - Delayed 2 second(s)

2019-02-20 17:25:02 - [TEST_STEP][PASSED] - click(findTestObject("KeatMun/Form 7_default/OTC_Submit Form 7_Section B/Page_PERKESO/B11. Halaman Seterusnya")): Object: 'Object Repository/KeatMun/Form 7_default/OTC_Submit Form 7_Section B/Page_PERKESO/B11. Halaman Seterusnya' is clicked on

2019-02-20 17:25:04 - [MESSAGE][PASSED] - Object: 'Object Repository/KeatMun/Form 7_default/OTC_Submit Form 7_Section B/Page_PERKESO/B11. Halaman Seterusnya' is clicked on

2019-02-20 17:25:04 - [TEST_STEP][PASSED] - delay(3): Delayed 3 second(s)

2019-02-20 17:25:07 - [MESSAGE][PASSED] - Delayed 3 second(s)

2019-02-20 17:25:07 - [MESSAGE][PASSED] - Call Test Case 'Test Cases/All TC/Arranged/3. Unit/EI/Form 7_default/OTC_Submit Form 7_Section B' successfully

2019-02-20 17:25:07 - [TEST_STEP][PASSED] - callTestCase(findTestCase("All TC/Arranged/3. Unit/EI/Form 7_default/OTC_Submit Form 7_Section C"), [:], STOP_ON_FAILURE): Call Test Case 'Test Cases/All TC/Arranged/3. Unit/EI/Form 7_default/OTC_Submit Form 7_Section C' successfully

2019-02-20 17:25:07 - [TEST_CASE][PASSED] - Test Cases/All TC/Arranged/3. Unit/EI/Form 7_default/OTC_Submit Form 7_Section C: Test Cases/All TC/Arranged/3. Unit/EI/Form 7_default/OTC_Submit Form 7_Section C

2019-02-20 17:25:07 - [TEST_STEP][PASSED] - delay(2): Delayed 2 second(s)

2019-02-20 17:25:09 - [MESSAGE][PASSED] - Delayed 2 second(s)

2019-02-20 17:25:09 - [TEST_STEP][PASSED] - setText(findTestObject("KeatMun/Form 7_default/OTC_Submit Form 7_Section C/Page_PERKESO/C4. EmployerInfo"), "qwertyuiop"): Text 'qwertyuiop' is set on object 'Object Repository/KeatMun/Form 7_default/OTC_Submit Form 7_Section C/Page_PERKESO/C4. EmployerInfo'

2019-02-20 17:25:14 - [MESSAGE][PASSED] - Text 'qwertyuiop' is set on object 'Object Repository/KeatMun/Form 7_default/OTC_Submit Form 7_Section C/Page_PERKESO/C4. EmployerInfo'

2019-02-20 17:25:14 - [TEST_STEP][PASSED] - delay(2): Delayed 2 second(s)

2019-02-20 17:25:16 - [MESSAGE][PASSED] - Delayed 2 second(s)

2019-02-20 17:25:16 - [TEST_STEP][PASSED] - click(findTestObject("KeatMun/Form 7_default/OTC_Submit Form 7_Section C/Page_PERKESO/C5. Negeri")): Object: 'Object Repository/KeatMun/Form 7_default/OTC_Submit Form 7_Section C/Page_PERKESO/C5. Negeri' is clicked on

2019-02-20 17:25:18 - [MESSAGE][PASSED] - Object: 'Object Repository/KeatMun/Form 7_default/OTC_Submit Form 7_Section C/Page_PERKESO/C5. Negeri' is clicked on

2019-02-20 17:25:18 - [TEST_STEP][PASSED] - delay(2): Delayed 2 second(s)

2019-02-20 17:25:20 - [MESSAGE][PASSED] - Delayed 2 second(s)

2019-02-20 17:25:20 - [TEST_STEP][PASSED] - click(findTestObject("KeatMun/Form 7_default/OTC_Submit Form 7_Section C/Page_PERKESO/C5. JOHOR")): Object: 'Object Repository/KeatMun/Form 7_default/OTC_Submit Form 7_Section C/Page_PERKESO/C5. JOHOR' is clicked on

2019-02-20 17:25:22 - [MESSAGE][PASSED] - Object: 'Object Repository/KeatMun/Form 7_default/OTC_Submit Form 7_Section C/Page_PERKESO/C5. JOHOR' is clicked on

2019-02-20 17:25:22 - [TEST_STEP][PASSED] - delay(3): Delayed 3 second(s)

2019-02-20 17:25:25 - [MESSAGE][PASSED] - Delayed 3 second(s)

2019-02-20 17:25:25 - [TEST_STEP][PASSED] - click(findTestObject("KeatMun/Form 7_default/OTC_Submit Form 7_Section C/Page_PERKESO/C6. City")): Object: 'Object Repository/KeatMun/Form 7_default/OTC_Submit Form 7_Section C/Page_PERKESO/C6. City' is clicked on

2019-02-20 17:25:27 - [MESSAGE][PASSED] - Object: 'Object Repository/KeatMun/Form 7_default/OTC_Submit Form 7_Section C/Page_PERKESO/C6. City' is clicked on

2019-02-20 17:25:27 - [TEST_STEP][PASSED] - delay(2): Delayed 2 second(s)

2019-02-20 17:25:29 - [MESSAGE][PASSED] - Delayed 2 second(s)

2019-02-20 17:25:29 - [TEST_STEP][PASSED] - setText(findTestObject("KeatMun/Form 7_default/OTC_Submit Form 7_Section C/Page_PERKESO/C6. Done_select2-search__fie"), "jo"): Text 'jo' is set on object 'Object Repository/KeatMun/Form 7_default/OTC_Submit Form 7_Section C/Page_PERKESO/C6. Done_select2-search__fie'

2019-02-20 17:25:33 - [MESSAGE][PASSED] - Text 'jo' is set on object 'Object Repository/KeatMun/Form 7_default/OTC_Submit Form 7_Section C/Page_PERKESO/C6. Done_select2-search__fie'

2019-02-20 17:25:33 - [TEST_STEP][PASSED] - setText(findTestObject("KeatMun/Form 7_default/OTC_Submit Form 7_Section C/Page_PERKESO/C6. Concat(id(  select2-city"), "jo"): Text 'jo' is set on object 'Object Repository/KeatMun/Form 7_default/OTC_Submit Form 7_Section C/Page_PERKESO/C6. Concat(id(  select2-city'

2019-02-20 17:25:37 - [MESSAGE][PASSED] - Text 'jo' is set on object 'Object Repository/KeatMun/Form 7_default/OTC_Submit Form 7_Section C/Page_PERKESO/C6. Concat(id(  select2-city'

2019-02-20 17:25:37 - [TEST_STEP][PASSED] - click(findTestObject("KeatMun/Form 7_default/OTC_Submit Form 7_Section C/Page_PERKESO/C6. JOHOR BAHRU")): Object: 'Object Repository/KeatMun/Form 7_default/OTC_Submit Form 7_Section C/Page_PERKESO/C6. JOHOR BAHRU' is clicked on

2019-02-20 17:25:40 - [MESSAGE][PASSED] - Object: 'Object Repository/KeatMun/Form 7_default/OTC_Submit Form 7_Section C/Page_PERKESO/C6. JOHOR BAHRU' is clicked on

2019-02-20 17:25:40 - [TEST_STEP][PASSED] - delay(3): Delayed 3 second(s)

2019-02-20 17:25:43 - [MESSAGE][PASSED] - Delayed 3 second(s)

2019-02-20 17:25:43 - [TEST_STEP][PASSED] - click(findTestObject("KeatMun/Form 7_default/OTC_Submit Form 7_Section C/Page_PERKESO/C7. --Sila Isikan--")): Object: 'Object Repository/KeatMun/Form 7_default/OTC_Submit Form 7_Section C/Page_PERKESO/C7. --Sila Isikan--' is clicked on

2019-02-20 17:25:45 - [MESSAGE][PASSED] - Object: 'Object Repository/KeatMun/Form 7_default/OTC_Submit Form 7_Section C/Page_PERKESO/C7. --Sila Isikan--' is clicked on

2019-02-20 17:25:45 - [TEST_STEP][PASSED] - delay(2): Delayed 2 second(s)

2019-02-20 17:25:47 - [MESSAGE][PASSED] - Delayed 2 second(s)

2019-02-20 17:25:47 - [TEST_STEP][PASSED] - setText(findTestObject("KeatMun/Form 7_default/OTC_Submit Form 7_Section C/Page_PERKESO/C7. Done_select2-search__fie"), "84"): Text '84' is set on object 'Object Repository/KeatMun/Form 7_default/OTC_Submit Form 7_Section C/Page_PERKESO/C7. Done_select2-search__fie'

2019-02-20 17:25:51 - [MESSAGE][PASSED] - Text '84' is set on object 'Object Repository/KeatMun/Form 7_default/OTC_Submit Form 7_Section C/Page_PERKESO/C7. Done_select2-search__fie'

2019-02-20 17:25:51 - [TEST_STEP][PASSED] - setText(findTestObject("KeatMun/Form 7_default/OTC_Submit Form 7_Section C/Page_PERKESO/C7. Concat(id(  select2-post"), "84"): Text '84' is set on object 'Object Repository/KeatMun/Form 7_default/OTC_Submit Form 7_Section C/Page_PERKESO/C7. Concat(id(  select2-post'

2019-02-20 17:25:55 - [MESSAGE][PASSED] - Text '84' is set on object 'Object Repository/KeatMun/Form 7_default/OTC_Submit Form 7_Section C/Page_PERKESO/C7. Concat(id(  select2-post'

2019-02-20 17:25:55 - [TEST_STEP][PASSED] - click(findTestObject("KeatMun/Form 7_default/OTC_Submit Form 7_Section C/Page_PERKESO/C7. 84000")): Object: 'Object Repository/KeatMun/Form 7_default/OTC_Submit Form 7_Section C/Page_PERKESO/C7. 84000' is clicked on

2019-02-20 17:25:57 - [MESSAGE][PASSED] - Object: 'Object Repository/KeatMun/Form 7_default/OTC_Submit Form 7_Section C/Page_PERKESO/C7. 84000' is clicked on

2019-02-20 17:25:57 - [TEST_STEP][PASSED] - delay(3): Delayed 3 second(s)

2019-02-20 17:26:00 - [MESSAGE][PASSED] - Delayed 3 second(s)

2019-02-20 17:26:00 - [TEST_STEP][PASSED] - click(findTestObject("KeatMun/Form 7_default/OTC_Submit Form 7_Section C/Page_PERKESO/C8. Tidak_employerInfo.emplo")): Object: 'Object Repository/KeatMun/Form 7_default/OTC_Submit Form 7_Section C/Page_PERKESO/C8. Tidak_employerInfo.emplo' is clicked on

2019-02-20 17:26:02 - [MESSAGE][PASSED] - Object: 'Object Repository/KeatMun/Form 7_default/OTC_Submit Form 7_Section C/Page_PERKESO/C8. Tidak_employerInfo.emplo' is clicked on

2019-02-20 17:26:02 - [TEST_STEP][PASSED] - delay(2): Delayed 2 second(s)

2019-02-20 17:26:04 - [MESSAGE][PASSED] - Delayed 2 second(s)

2019-02-20 17:26:04 - [TEST_STEP][PASSED] - setText(findTestObject("KeatMun/Form 7_default/OTC_Submit Form 7_Section C/Page_PERKESO/C9. EmployerName"), "qwertyuiop"): Text 'qwertyuiop' is set on object 'Object Repository/KeatMun/Form 7_default/OTC_Submit Form 7_Section C/Page_PERKESO/C9. EmployerName'

2019-02-20 17:26:09 - [MESSAGE][PASSED] - Text 'qwertyuiop' is set on object 'Object Repository/KeatMun/Form 7_default/OTC_Submit Form 7_Section C/Page_PERKESO/C9. EmployerName'

2019-02-20 17:26:09 - [TEST_STEP][PASSED] - delay(2): Delayed 2 second(s)

2019-02-20 17:26:11 - [MESSAGE][PASSED] - Delayed 2 second(s)

2019-02-20 17:26:11 - [TEST_STEP][PASSED] - setText(findTestObject("KeatMun/Form 7_default/OTC_Submit Form 7_Section C/Page_PERKESO/C10. EmployerIC"), "1234567890"): Text '1234567890' is set on object 'Object Repository/KeatMun/Form 7_default/OTC_Submit Form 7_Section C/Page_PERKESO/C10. EmployerIC'

2019-02-20 17:26:15 - [MESSAGE][PASSED] - Text '1234567890' is set on object 'Object Repository/KeatMun/Form 7_default/OTC_Submit Form 7_Section C/Page_PERKESO/C10. EmployerIC'

2019-02-20 17:26:15 - [TEST_STEP][PASSED] - delay(3): Delayed 3 second(s)

2019-02-20 17:26:18 - [MESSAGE][PASSED] - Delayed 3 second(s)

2019-02-20 17:26:18 - [TEST_STEP][PASSED] - click(findTestObject("KeatMun/Form 7_default/OTC_Submit Form 7_Section C/Page_PERKESO/C11. Halaman Seterusnya")): Object: 'Object Repository/KeatMun/Form 7_default/OTC_Submit Form 7_Section C/Page_PERKESO/C11. Halaman Seterusnya' is clicked on

2019-02-20 17:26:20 - [MESSAGE][PASSED] - Object: 'Object Repository/KeatMun/Form 7_default/OTC_Submit Form 7_Section C/Page_PERKESO/C11. Halaman Seterusnya' is clicked on

2019-02-20 17:26:20 - [TEST_STEP][PASSED] - delay(3): Delayed 3 second(s)

2019-02-20 17:26:23 - [MESSAGE][PASSED] - Delayed 3 second(s)

2019-02-20 17:26:23 - [MESSAGE][PASSED] - Call Test Case 'Test Cases/All TC/Arranged/3. Unit/EI/Form 7_default/OTC_Submit Form 7_Section C' successfully

2019-02-20 17:26:23 - [TEST_STEP][PASSED] - callTestCase(findTestCase("All TC/Arranged/3. Unit/EI/Form 7_default/OTC_Submit Form 7_Section D-E"), [:], STOP_ON_FAILURE): Call Test Case 'Test Cases/All TC/Arranged/3. Unit/EI/Form 7_default/OTC_Submit Form 7_Section D-E' successfully

2019-02-20 17:26:23 - [TEST_CASE][PASSED] - Test Cases/All TC/Arranged/3. Unit/EI/Form 7_default/OTC_Submit Form 7_Section D-E: Test Cases/All TC/Arranged/3. Unit/EI/Form 7_default/OTC_Submit Form 7_Section D-E

2019-02-20 17:26:23 - [TEST_STEP][PASSED] - delay(3): Delayed 3 second(s)

2019-02-20 17:26:26 - [MESSAGE][PASSED] - Delayed 3 second(s)

2019-02-20 17:26:26 - [TEST_STEP][PASSED] - click(findTestObject("KeatMun/Form 7_default/OTC_Submit Form 7_Section D-E/Page_PERKESO/D1. NO_otherActiveEmploye")): Object: 'Object Repository/KeatMun/Form 7_default/OTC_Submit Form 7_Section D-E/Page_PERKESO/D1. NO_otherActiveEmploye' is clicked on

2019-02-20 17:26:29 - [MESSAGE][PASSED] - Object: 'Object Repository/KeatMun/Form 7_default/OTC_Submit Form 7_Section D-E/Page_PERKESO/D1. NO_otherActiveEmploye' is clicked on

2019-02-20 17:26:29 - [TEST_STEP][PASSED] - delay(4): Delayed 4 second(s)

2019-02-20 17:26:33 - [MESSAGE][PASSED] - Delayed 4 second(s)

2019-02-20 17:26:33 - [TEST_STEP][PASSED] - click(findTestObject("KeatMun/Form 7_default/OTC_Submit Form 7_Section D-E/Page_PERKESO/D2. Halaman Seterusnya")): Object: 'Object Repository/KeatMun/Form 7_default/OTC_Submit Form 7_Section D-E/Page_PERKESO/D2. Halaman Seterusnya' is clicked on

2019-02-20 17:26:35 - [MESSAGE][PASSED] - Object: 'Object Repository/KeatMun/Form 7_default/OTC_Submit Form 7_Section D-E/Page_PERKESO/D2. Halaman Seterusnya' is clicked on

2019-02-20 17:26:35 - [TEST_STEP][PASSED] - delay(5): Delayed 5 second(s)

2019-02-20 17:26:40 - [MESSAGE][PASSED] - Delayed 5 second(s)

2019-02-20 17:26:40 - [TEST_STEP][PASSED] - setText(findTestObject("KeatMun/Form 7_default/OTC_Submit Form 7_Section D-E/Page_PERKESO/E1. Input__totalExpYear"), "1"): Text '1' is set on object 'Object Repository/KeatMun/Form 7_default/OTC_Submit Form 7_Section D-E/Page_PERKESO/E1. Input__totalExpYear'

2019-02-20 17:26:44 - [MESSAGE][PASSED] - Text '1' is set on object 'Object Repository/KeatMun/Form 7_default/OTC_Submit Form 7_Section D-E/Page_PERKESO/E1. Input__totalExpYear'

2019-02-20 17:26:44 - [TEST_STEP][PASSED] - delay(2): Delayed 2 second(s)

2019-02-20 17:26:46 - [MESSAGE][PASSED] - Delayed 2 second(s)

2019-02-20 17:26:46 - [TEST_STEP][PASSED] - setText(findTestObject("KeatMun/Form 7_default/OTC_Submit Form 7_Section D-E/Page_PERKESO/E1. Tahun_totalExpMonth"), "1"): Text '1' is set on object 'Object Repository/KeatMun/Form 7_default/OTC_Submit Form 7_Section D-E/Page_PERKESO/E1. Tahun_totalExpMonth'

2019-02-20 17:26:50 - [MESSAGE][PASSED] - Text '1' is set on object 'Object Repository/KeatMun/Form 7_default/OTC_Submit Form 7_Section D-E/Page_PERKESO/E1. Tahun_totalExpMonth'

2019-02-20 17:26:50 - [TEST_STEP][PASSED] - delay(2): Delayed 2 second(s)

2019-02-20 17:26:52 - [MESSAGE][PASSED] - Delayed 2 second(s)

2019-02-20 17:26:52 - [TEST_STEP][PASSED] - click(findTestObject("KeatMun/Form 7_default/OTC_Submit Form 7_Section D-E/Page_PERKESO/E2. Edu-Level")): Object: 'Object Repository/KeatMun/Form 7_default/OTC_Submit Form 7_Section D-E/Page_PERKESO/E2. Edu-Level' is clicked on

2019-02-20 17:26:54 - [MESSAGE][PASSED] - Object: 'Object Repository/KeatMun/Form 7_default/OTC_Submit Form 7_Section D-E/Page_PERKESO/E2. Edu-Level' is clicked on

2019-02-20 17:26:54 - [TEST_STEP][PASSED] - delay(2): Delayed 2 second(s)

2019-02-20 17:26:56 - [MESSAGE][PASSED] - Delayed 2 second(s)

2019-02-20 17:26:56 - [TEST_STEP][PASSED] - click(findTestObject("KeatMun/Form 7_default/OTC_Submit Form 7_Section D-E/Page_PERKESO/E2. PMRPT3")): Object: 'Object Repository/KeatMun/Form 7_default/OTC_Submit Form 7_Section D-E/Page_PERKESO/E2. PMRPT3' is clicked on

2019-02-20 17:26:58 - [MESSAGE][PASSED] - Object: 'Object Repository/KeatMun/Form 7_default/OTC_Submit Form 7_Section D-E/Page_PERKESO/E2. PMRPT3' is clicked on

2019-02-20 17:26:58 - [TEST_STEP][PASSED] - delay(3): Delayed 3 second(s)

2019-02-20 17:27:01 - [MESSAGE][PASSED] - Delayed 3 second(s)

2019-02-20 17:27:01 - [TEST_STEP][PASSED] - click(findTestObject("KeatMun/Form 7_default/OTC_Submit Form 7_Section D-E/Page_PERKESO/E3. Job-Choice")): Object: 'Object Repository/KeatMun/Form 7_default/OTC_Submit Form 7_Section D-E/Page_PERKESO/E3. Job-Choice' is clicked on

2019-02-20 17:27:04 - [MESSAGE][PASSED] - Object: 'Object Repository/KeatMun/Form 7_default/OTC_Submit Form 7_Section D-E/Page_PERKESO/E3. Job-Choice' is clicked on

2019-02-20 17:27:04 - [TEST_STEP][PASSED] - delay(2): Delayed 2 second(s)

2019-02-20 17:27:06 - [MESSAGE][PASSED] - Delayed 2 second(s)

2019-02-20 17:27:06 - [TEST_STEP][PASSED] - setText(findTestObject("KeatMun/Form 7_default/OTC_Submit Form 7_Section D-E/Page_PERKESO/E3. Done_select2-search__fie"), "re"): Text 're' is set on object 'Object Repository/KeatMun/Form 7_default/OTC_Submit Form 7_Section D-E/Page_PERKESO/E3. Done_select2-search__fie'

2019-02-20 17:27:10 - [MESSAGE][PASSED] - Text 're' is set on object 'Object Repository/KeatMun/Form 7_default/OTC_Submit Form 7_Section D-E/Page_PERKESO/E3. Done_select2-search__fie'

2019-02-20 17:27:10 - [TEST_STEP][PASSED] - click(findTestObject("KeatMun/Form 7_default/OTC_Submit Form 7_Section D-E/Page_PERKESO/E3. Arkitek Reka Bentuk")): Object: 'Object Repository/KeatMun/Form 7_default/OTC_Submit Form 7_Section D-E/Page_PERKESO/E3. Arkitek Reka Bentuk' is clicked on

2019-02-20 17:27:12 - [MESSAGE][PASSED] - Object: 'Object Repository/KeatMun/Form 7_default/OTC_Submit Form 7_Section D-E/Page_PERKESO/E3. Arkitek Reka Bentuk' is clicked on

2019-02-20 17:27:12 - [TEST_STEP][PASSED] - delay(2): Delayed 2 second(s)

2019-02-20 17:27:14 - [MESSAGE][PASSED] - Delayed 2 second(s)

2019-02-20 17:27:14 - [TEST_STEP][PASSED] - click(findTestObject("KeatMun/Form 7_default/OTC_Submit Form 7_Section D-E/Page_PERKESO/E4. Job_Location")): Object: 'Object Repository/KeatMun/Form 7_default/OTC_Submit Form 7_Section D-E/Page_PERKESO/E4. Job_Location' is clicked on

2019-02-20 17:27:16 - [MESSAGE][PASSED] - Object: 'Object Repository/KeatMun/Form 7_default/OTC_Submit Form 7_Section D-E/Page_PERKESO/E4. Job_Location' is clicked on

2019-02-20 17:27:16 - [TEST_STEP][PASSED] - delay(2): Delayed 2 second(s)

2019-02-20 17:27:18 - [MESSAGE][PASSED] - Delayed 2 second(s)

2019-02-20 17:27:18 - [TEST_STEP][PASSED] - click(findTestObject("KeatMun/Form 7_default/OTC_Submit Form 7_Section D-E/Page_PERKESO/E4. JOHOR")): Object: 'Object Repository/KeatMun/Form 7_default/OTC_Submit Form 7_Section D-E/Page_PERKESO/E4. JOHOR' is clicked on

2019-02-20 17:27:20 - [MESSAGE][PASSED] - Object: 'Object Repository/KeatMun/Form 7_default/OTC_Submit Form 7_Section D-E/Page_PERKESO/E4. JOHOR' is clicked on

2019-02-20 17:27:20 - [TEST_STEP][PASSED] - delay(2): Delayed 2 second(s)

2019-02-20 17:27:22 - [MESSAGE][PASSED] - Delayed 2 second(s)

2019-02-20 17:27:22 - [TEST_STEP][PASSED] - click(findTestObject("KeatMun/Form 7_default/OTC_Submit Form 7_Section D-E/Page_PERKESO/E7. NO_disability")): Object: 'Object Repository/KeatMun/Form 7_default/OTC_Submit Form 7_Section D-E/Page_PERKESO/E7. NO_disability' is clicked on

2019-02-20 17:27:24 - [MESSAGE][PASSED] - Object: 'Object Repository/KeatMun/Form 7_default/OTC_Submit Form 7_Section D-E/Page_PERKESO/E7. NO_disability' is clicked on

2019-02-20 17:27:24 - [TEST_STEP][PASSED] - delay(2): Delayed 2 second(s)

2019-02-20 17:27:26 - [MESSAGE][PASSED] - Delayed 2 second(s)

2019-02-20 17:27:26 - [TEST_STEP][PASSED] - click(findTestObject("KeatMun/Form 7_default/OTC_Submit Form 7_Section D-E/Page_PERKESO/E8. NO_disabilityApplyInd")): Object: 'Object Repository/KeatMun/Form 7_default/OTC_Submit Form 7_Section D-E/Page_PERKESO/E8. NO_disabilityApplyInd' is clicked on

2019-02-20 17:27:28 - [MESSAGE][PASSED] - Object: 'Object Repository/KeatMun/Form 7_default/OTC_Submit Form 7_Section D-E/Page_PERKESO/E8. NO_disabilityApplyInd' is clicked on

2019-02-20 17:27:28 - [TEST_STEP][PASSED] - delay(2): Delayed 2 second(s)

2019-02-20 17:27:30 - [MESSAGE][PASSED] - Delayed 2 second(s)

2019-02-20 17:27:30 - [TEST_STEP][PASSED] - click(findTestObject("KeatMun/Form 7_default/OTC_Submit Form 7_Section D-E/Page_PERKESO/E9. YES_ReEmployment")): Object: 'Object Repository/KeatMun/Form 7_default/OTC_Submit Form 7_Section D-E/Page_PERKESO/E9. YES_ReEmployment' is clicked on

2019-02-20 17:27:33 - [MESSAGE][PASSED] - Object: 'Object Repository/KeatMun/Form 7_default/OTC_Submit Form 7_Section D-E/Page_PERKESO/E9. YES_ReEmployment' is clicked on

2019-02-20 17:27:33 - [TEST_STEP][PASSED] - delay(2): Delayed 2 second(s)

2019-02-20 17:27:35 - [MESSAGE][PASSED] - Delayed 2 second(s)

2019-02-20 17:27:35 - [TEST_STEP][PASSED] - click(findTestObject("KeatMun/Form 7_default/OTC_Submit Form 7_Section D-E/Page_PERKESO/E10. Halaman Seterusnya")): Object: 'Object Repository/KeatMun/Form 7_default/OTC_Submit Form 7_Section D-E/Page_PERKESO/E10. Halaman Seterusnya' is clicked on

2019-02-20 17:27:37 - [MESSAGE][PASSED] - Object: 'Object Repository/KeatMun/Form 7_default/OTC_Submit Form 7_Section D-E/Page_PERKESO/E10. Halaman Seterusnya' is clicked on

2019-02-20 17:27:37 - [TEST_STEP][PASSED] - delay(3): Delayed 3 second(s)

2019-02-20 17:27:40 - [MESSAGE][PASSED] - Delayed 3 second(s)

2019-02-20 17:27:40 - [MESSAGE][PASSED] - Call Test Case 'Test Cases/All TC/Arranged/3. Unit/EI/Form 7_default/OTC_Submit Form 7_Section D-E' successfully

2019-02-20 17:27:40 - [TEST_STEP][FAILED] - callTestCase(findTestCase("All TC/Arranged/3. Unit/EI/Form 7_default/OTC_Submit Form 7_Section F-G-H - Cheque"), [:], STOP_ON_FAILURE): callTestCase(findTestCase("All TC/Arranged/3. Unit/EI/Form 7_default/OTC_Submit Form 7_Section F-G-H - Cheque"), [:], STOP_ON_FAILURE) FAILED.
Reason:
com.kms.katalon.core.exception.StepFailedException: Unable to click on object 'Object Repository/KeatMun/Form 7_default/OTC_Submit Form 7_Section F-G-H/Page_PERKESO/G2. span_Isteri' (Root cause: com.kms.katalon.core.webui.exception.WebElementNotFoundException: Web element with id: 'Object Repository/KeatMun/Form 7_default/OTC_Submit Form 7_Section F-G-H/Page_PERKESO/G2. span_Isteri' located by 'By.xpath: //span[@id = 'select2-dependentList0dependentRelationId-container' and @title = 'Isteri' and (text() = 'Isteri' or . = 'Isteri')]' not found)
	at com.kms.katalon.core.keyword.internal.KeywordMain.stepFailed(KeywordMain.groovy:36)
	at com.kms.katalon.core.webui.keyword.internal.WebUIKeywordMain.stepFailed(WebUIKeywordMain.groovy:65)
	at com.kms.katalon.core.webui.keyword.internal.WebUIKeywordMain.runKeyword(WebUIKeywordMain.groovy:27)
	at com.kms.katalon.core.webui.keyword.builtin.ClickKeyword.click(ClickKeyword.groovy:86)
	at com.kms.katalon.core.webui.keyword.builtin.ClickKeyword.execute(ClickKeyword.groovy:67)
	at com.kms.katalon.core.keyword.internal.KeywordExecutor.executeKeywordForPlatform(KeywordExecutor.groovy:53)
	at com.kms.katalon.core.webui.keyword.WebUiBuiltInKeywords.click(WebUiBuiltInKeywords.groovy:616)
	at com.kms.katalon.core.webui.keyword.WebUiBuiltInKeywords$click$3.call(Unknown Source)
	at OTC_Submit Form 7_Section F-G-H - Cheque.run(OTC_Submit Form 7_Section F-G-H - Cheque:41)
	at com.kms.katalon.core.main.ScriptEngine.run(ScriptEngine.java:194)
	at com.kms.katalon.core.main.ScriptEngine.runScriptAsRawText(ScriptEngine.java:119)
	at com.kms.katalon.core.main.TestCaseExecutor.runScript(TestCaseExecutor.java:328)
	at com.kms.katalon.core.main.TestCaseExecutor.doExecute(TestCaseExecutor.java:319)
	at com.kms.katalon.core.main.TestCaseExecutor.processExecutionPhase(TestCaseExecutor.java:298)
	at com.kms.katalon.core.main.TestCaseExecutor.accessMainPhase(TestCaseExecutor.java:290)
	at com.kms.katalon.core.main.TestCaseExecutor.execute(TestCaseExecutor.java:224)
	at com.kms.katalon.core.main.TestCaseMain.runTestCase(TestCaseMain.java:106)
	at com.kms.katalon.core.keyword.builtin.CallTestCaseKeyword$_callTestCase_closure1.doCall(CallTestCaseKeyword.groovy:59)
	at com.kms.katalon.core.keyword.builtin.CallTestCaseKeyword$_callTestCase_closure1.call(CallTestCaseKeyword.groovy)
	at com.kms.katalon.core.keyword.internal.KeywordMain.runKeyword(KeywordMain.groovy:54)
	at com.kms.katalon.core.keyword.builtin.CallTestCaseKeyword.callTestCase(CallTestCaseKeyword.groovy:80)
	at com.kms.katalon.core.keyword.builtin.CallTestCaseKeyword.execute(CallTestCaseKeyword.groovy:44)
	at com.kms.katalon.core.keyword.internal.KeywordExecutor.executeKeywordForPlatform(KeywordExecutor.groovy:53)
	at com.kms.katalon.core.keyword.BuiltinKeywords.callTestCase(BuiltinKeywords.groovy:334)
	at OTC_Submit Form 7_End to End - Cheque.run(OTC_Submit Form 7_End to End - Cheque:26)
	at com.kms.katalon.core.main.ScriptEngine.run(ScriptEngine.java:194)
	at com.kms.katalon.core.main.ScriptEngine.runScriptAsRawText(ScriptEngine.java:119)
	at com.kms.katalon.core.main.TestCaseExecutor.runScript(TestCaseExecutor.java:328)
	at com.kms.katalon.core.main.TestCaseExecutor.doExecute(TestCaseExecutor.java:319)
	at com.kms.katalon.core.main.TestCaseExecutor.processExecutionPhase(TestCaseExecutor.java:298)
	at com.kms.katalon.core.main.TestCaseExecutor.accessMainPhase(TestCaseExecutor.java:290)
	at com.kms.katalon.core.main.TestCaseExecutor.execute(TestCaseExecutor.java:224)
	at com.kms.katalon.core.main.TestCaseMain.runTestCase(TestCaseMain.java:106)
	at com.kms.katalon.core.keyword.builtin.CallTestCaseKeyword$_callTestCase_closure1.doCall(CallTestCaseKeyword.groovy:59)
	at com.kms.katalon.core.keyword.builtin.CallTestCaseKeyword$_callTestCase_closure1.call(CallTestCaseKeyword.groovy)
	at com.kms.katalon.core.keyword.internal.KeywordMain.runKeyword(KeywordMain.groovy:54)
	at com.kms.katalon.core.keyword.builtin.CallTestCaseKeyword.callTestCase(CallTestCaseKeyword.groovy:80)
	at com.kms.katalon.core.keyword.builtin.CallTestCaseKeyword.execute(CallTestCaseKeyword.groovy:44)
	at com.kms.katalon.core.keyword.internal.KeywordExecutor.executeKeywordForPlatform(KeywordExecutor.groovy:53)
	at com.kms.katalon.core.keyword.BuiltinKeywords.callTestCase(BuiltinKeywords.groovy:334)
	at Reject Claim - RIA.run(Reject Claim - RIA:16)
	at com.kms.katalon.core.main.ScriptEngine.run(ScriptEngine.java:194)
	at com.kms.katalon.core.main.ScriptEngine.runScriptAsRawText(ScriptEngine.java:119)
	at com.kms.katalon.core.main.TestCaseExecutor.runScript(TestCaseExecutor.java:328)
	at com.kms.katalon.core.main.TestCaseExecutor.doExecute(TestCaseExecutor.java:319)
	at com.kms.katalon.core.main.TestCaseExecutor.processExecutionPhase(TestCaseExecutor.java:298)
	at com.kms.katalon.core.main.TestCaseExecutor.accessMainPhase(TestCaseExecutor.java:290)
	at com.kms.katalon.core.main.TestCaseExecutor.execute(TestCaseExecutor.java:224)
	at com.kms.katalon.core.main.TestSuiteExecutor.accessTestCaseMainPhase(TestSuiteExecutor.java:129)
	at com.kms.katalon.core.main.TestSuiteExecutor.accessTestSuiteMainPhase(TestSuiteExecutor.java:112)
	at com.kms.katalon.core.main.TestSuiteExecutor.execute(TestSuiteExecutor.java:81)
	at com.kms.katalon.core.main.TestCaseMain.startTestSuite(TestCaseMain.java:149)
	at com.kms.katalon.core.main.TestCaseMain$startTestSuite$0.call(Unknown Source)
	at TempTestSuite1550652525208.run(TempTestSuite1550652525208.groovy:36)


2019-02-20 17:27:40 - [TEST_CASE][FAILED] - Test Cases/All TC/Arranged/3. Unit/EI/Form 7_default/OTC_Submit Form 7_Section F-G-H - Cheque: Test Cases/All TC/Arranged/3. Unit/EI/Form 7_default/OTC_Submit Form 7_Section F-G-H - Cheque FAILED.
Reason:
com.kms.katalon.core.exception.StepFailedException: Unable to click on object 'Object Repository/KeatMun/Form 7_default/OTC_Submit Form 7_Section F-G-H/Page_PERKESO/G2. span_Isteri' (Root cause: com.kms.katalon.core.webui.exception.WebElementNotFoundException: Web element with id: 'Object Repository/KeatMun/Form 7_default/OTC_Submit Form 7_Section F-G-H/Page_PERKESO/G2. span_Isteri' located by 'By.xpath: //span[@id = 'select2-dependentList0dependentRelationId-container' and @title = 'Isteri' and (text() = 'Isteri' or . = 'Isteri')]' not found)
	at com.kms.katalon.core.keyword.internal.KeywordMain.stepFailed(KeywordMain.groovy:36)
	at com.kms.katalon.core.webui.keyword.internal.WebUIKeywordMain.stepFailed(WebUIKeywordMain.groovy:65)
	at com.kms.katalon.core.webui.keyword.internal.WebUIKeywordMain.runKeyword(WebUIKeywordMain.groovy:27)
	at com.kms.katalon.core.webui.keyword.builtin.ClickKeyword.click(ClickKeyword.groovy:86)
	at com.kms.katalon.core.webui.keyword.builtin.ClickKeyword.execute(ClickKeyword.groovy:67)
	at com.kms.katalon.core.keyword.internal.KeywordExecutor.executeKeywordForPlatform(KeywordExecutor.groovy:53)
	at com.kms.katalon.core.webui.keyword.WebUiBuiltInKeywords.click(WebUiBuiltInKeywords.groovy:616)
	at com.kms.katalon.core.webui.keyword.WebUiBuiltInKeywords$click$3.call(Unknown Source)
	at OTC_Submit Form 7_Section F-G-H - Cheque.run(OTC_Submit Form 7_Section F-G-H - Cheque:41)
	at com.kms.katalon.core.main.ScriptEngine.run(ScriptEngine.java:194)
	at com.kms.katalon.core.main.ScriptEngine.runScriptAsRawText(ScriptEngine.java:119)
	at com.kms.katalon.core.main.TestCaseExecutor.runScript(TestCaseExecutor.java:328)
	at com.kms.katalon.core.main.TestCaseExecutor.doExecute(TestCaseExecutor.java:319)
	at com.kms.katalon.core.main.TestCaseExecutor.processExecutionPhase(TestCaseExecutor.java:298)
	at com.kms.katalon.core.main.TestCaseExecutor.accessMainPhase(TestCaseExecutor.java:290)
	at com.kms.katalon.core.main.TestCaseExecutor.execute(TestCaseExecutor.java:224)
	at com.kms.katalon.core.main.TestCaseMain.runTestCase(TestCaseMain.java:106)
	at com.kms.katalon.core.keyword.builtin.CallTestCaseKeyword$_callTestCase_closure1.doCall(CallTestCaseKeyword.groovy:59)
	at com.kms.katalon.core.keyword.builtin.CallTestCaseKeyword$_callTestCase_closure1.call(CallTestCaseKeyword.groovy)
	at com.kms.katalon.core.keyword.internal.KeywordMain.runKeyword(KeywordMain.groovy:54)
	at com.kms.katalon.core.keyword.builtin.CallTestCaseKeyword.callTestCase(CallTestCaseKeyword.groovy:80)
	at com.kms.katalon.core.keyword.builtin.CallTestCaseKeyword.execute(CallTestCaseKeyword.groovy:44)
	at com.kms.katalon.core.keyword.internal.KeywordExecutor.executeKeywordForPlatform(KeywordExecutor.groovy:53)
	at com.kms.katalon.core.keyword.BuiltinKeywords.callTestCase(BuiltinKeywords.groovy:334)
	at OTC_Submit Form 7_End to End - Cheque.run(OTC_Submit Form 7_End to End - Cheque:26)
	at com.kms.katalon.core.main.ScriptEngine.run(ScriptEngine.java:194)
	at com.kms.katalon.core.main.ScriptEngine.runScriptAsRawText(ScriptEngine.java:119)
	at com.kms.katalon.core.main.TestCaseExecutor.runScript(TestCaseExecutor.java:328)
	at com.kms.katalon.core.main.TestCaseExecutor.doExecute(TestCaseExecutor.java:319)
	at com.kms.katalon.core.main.TestCaseExecutor.processExecutionPhase(TestCaseExecutor.java:298)
	at com.kms.katalon.core.main.TestCaseExecutor.accessMainPhase(TestCaseExecutor.java:290)
	at com.kms.katalon.core.main.TestCaseExecutor.execute(TestCaseExecutor.java:224)
	at com.kms.katalon.core.main.TestCaseMain.runTestCase(TestCaseMain.java:106)
	at com.kms.katalon.core.keyword.builtin.CallTestCaseKeyword$_callTestCase_closure1.doCall(CallTestCaseKeyword.groovy:59)
	at com.kms.katalon.core.keyword.builtin.CallTestCaseKeyword$_callTestCase_closure1.call(CallTestCaseKeyword.groovy)
	at com.kms.katalon.core.keyword.internal.KeywordMain.runKeyword(KeywordMain.groovy:54)
	at com.kms.katalon.core.keyword.builtin.CallTestCaseKeyword.callTestCase(CallTestCaseKeyword.groovy:80)
	at com.kms.katalon.core.keyword.builtin.CallTestCaseKeyword.execute(CallTestCaseKeyword.groovy:44)
	at com.kms.katalon.core.keyword.internal.KeywordExecutor.executeKeywordForPlatform(KeywordExecutor.groovy:53)
	at com.kms.katalon.core.keyword.BuiltinKeywords.callTestCase(BuiltinKeywords.groovy:334)
	at Reject Claim - RIA.run(Reject Claim - RIA:16)
	at com.kms.katalon.core.main.ScriptEngine.run(ScriptEngine.java:194)
	at com.kms.katalon.core.main.ScriptEngine.runScriptAsRawText(ScriptEngine.java:119)
	at com.kms.katalon.core.main.TestCaseExecutor.runScript(TestCaseExecutor.java:328)
	at com.kms.katalon.core.main.TestCaseExecutor.doExecute(TestCaseExecutor.java:319)
	at com.kms.katalon.core.main.TestCaseExecutor.processExecutionPhase(TestCaseExecutor.java:298)
	at com.kms.katalon.core.main.TestCaseExecutor.accessMainPhase(TestCaseExecutor.java:290)
	at com.kms.katalon.core.main.TestCaseExecutor.execute(TestCaseExecutor.java:224)
	at com.kms.katalon.core.main.TestSuiteExecutor.accessTestCaseMainPhase(TestSuiteExecutor.java:129)
	at com.kms.katalon.core.main.TestSuiteExecutor.accessTestSuiteMainPhase(TestSuiteExecutor.java:112)
	at com.kms.katalon.core.main.TestSuiteExecutor.execute(TestSuiteExecutor.java:81)
	at com.kms.katalon.core.main.TestCaseMain.startTestSuite(TestCaseMain.java:149)
	at com.kms.katalon.core.main.TestCaseMain$startTestSuite$0.call(Unknown Source)
	at TempTestSuite1550652525208.run(TempTestSuite1550652525208.groovy:36)


2019-02-20 17:27:40 - [TEST_STEP][PASSED] - delay(3): Delayed 3 second(s)

2019-02-20 17:27:43 - [MESSAGE][PASSED] - Delayed 3 second(s)

2019-02-20 17:27:43 - [TEST_STEP][PASSED] - click(findTestObject("KeatMun/Form 7_default/OTC_Submit Form 7_Section F-G-H/Page_PERKESO/F1. Bankrup_yes")): Object: 'Object Repository/KeatMun/Form 7_default/OTC_Submit Form 7_Section F-G-H/Page_PERKESO/F1. Bankrup_yes' is clicked on

2019-02-20 17:27:45 - [MESSAGE][PASSED] - Object: 'Object Repository/KeatMun/Form 7_default/OTC_Submit Form 7_Section F-G-H/Page_PERKESO/F1. Bankrup_yes' is clicked on

2019-02-20 17:27:45 - [TEST_STEP][PASSED] - delay(3): Delayed 3 second(s)

2019-02-20 17:27:48 - [MESSAGE][PASSED] - Delayed 3 second(s)

2019-02-20 17:27:48 - [TEST_STEP][PASSED] - click(findTestObject("KeatMun/Form 7_default/OTC_Submit Form 7_Section F-G-H/Page_PERKESO/F2. Next_Page_AfterBankInfo")): Object: 'Object Repository/KeatMun/Form 7_default/OTC_Submit Form 7_Section F-G-H/Page_PERKESO/F2. Next_Page_AfterBankInfo' is clicked on

2019-02-20 17:27:50 - [MESSAGE][PASSED] - Object: 'Object Repository/KeatMun/Form 7_default/OTC_Submit Form 7_Section F-G-H/Page_PERKESO/F2. Next_Page_AfterBankInfo' is clicked on

2019-02-20 17:27:50 - [TEST_STEP][PASSED] - delay(5): Delayed 5 second(s)

2019-02-20 17:27:55 - [MESSAGE][PASSED] - Delayed 5 second(s)

2019-02-20 17:27:55 - [TEST_STEP][PASSED] - setText(findTestObject("KeatMun/Form 7_default/OTC_Submit Form 7_Section F-G-H/Page_PERKESO/G2. Hubungan dengan OB-nama"), "qwertyuiop"): Text 'qwertyuiop' is set on object 'Object Repository/KeatMun/Form 7_default/OTC_Submit Form 7_Section F-G-H/Page_PERKESO/G2. Hubungan dengan OB-nama'

2019-02-20 17:28:00 - [MESSAGE][PASSED] - Text 'qwertyuiop' is set on object 'Object Repository/KeatMun/Form 7_default/OTC_Submit Form 7_Section F-G-H/Page_PERKESO/G2. Hubungan dengan OB-nama'

2019-02-20 17:28:00 - [TEST_STEP][PASSED] - delay(2): Delayed 2 second(s)

2019-02-20 17:28:02 - [MESSAGE][PASSED] - Delayed 2 second(s)

2019-02-20 17:28:02 - [TEST_STEP][PASSED] - setText(findTestObject("KeatMun/Form 7_default/OTC_Submit Form 7_Section F-G-H/Page_PERKESO/G2. Hubungan dengan OB-ic.no"), "111111223333"): Text '111111223333' is set on object 'Object Repository/KeatMun/Form 7_default/OTC_Submit Form 7_Section F-G-H/Page_PERKESO/G2. Hubungan dengan OB-ic.no'

2019-02-20 17:28:06 - [MESSAGE][PASSED] - Text '111111223333' is set on object 'Object Repository/KeatMun/Form 7_default/OTC_Submit Form 7_Section F-G-H/Page_PERKESO/G2. Hubungan dengan OB-ic.no'

2019-02-20 17:28:06 - [TEST_STEP][PASSED] - delay(2): Delayed 2 second(s)

2019-02-20 17:28:08 - [MESSAGE][PASSED] - Delayed 2 second(s)

2019-02-20 17:28:08 - [TEST_STEP][PASSED] - setText(findTestObject("KeatMun/Form 7_default/OTC_Submit Form 7_Section F-G-H/Page_PERKESO/G2. Hubungan dengan OB-DOB"), "10/01/2019"): Text '10/01/2019' is set on object 'Object Repository/KeatMun/Form 7_default/OTC_Submit Form 7_Section F-G-H/Page_PERKESO/G2. Hubungan dengan OB-DOB'

2019-02-20 17:28:12 - [MESSAGE][PASSED] - Text '10/01/2019' is set on object 'Object Repository/KeatMun/Form 7_default/OTC_Submit Form 7_Section F-G-H/Page_PERKESO/G2. Hubungan dengan OB-DOB'

2019-02-20 17:28:12 - [TEST_STEP][PASSED] - delay(3): Delayed 3 second(s)

2019-02-20 17:28:15 - [MESSAGE][PASSED] - Delayed 3 second(s)

2019-02-20 17:28:15 - [TEST_STEP][FAILED] - click(findTestObject("KeatMun/Form 7_default/OTC_Submit Form 7_Section F-G-H/Page_PERKESO/G2. span_Isteri")): click(findTestObject("KeatMun/Form 7_default/OTC_Submit Form 7_Section F-G-H/Page_PERKESO/G2. span_Isteri")) FAILED.
Reason:
com.kms.katalon.core.exception.StepFailedException: Unable to click on object 'Object Repository/KeatMun/Form 7_default/OTC_Submit Form 7_Section F-G-H/Page_PERKESO/G2. span_Isteri' (Root cause: com.kms.katalon.core.webui.exception.WebElementNotFoundException: Web element with id: 'Object Repository/KeatMun/Form 7_default/OTC_Submit Form 7_Section F-G-H/Page_PERKESO/G2. span_Isteri' located by 'By.xpath: //span[@id = 'select2-dependentList0dependentRelationId-container' and @title = 'Isteri' and (text() = 'Isteri' or . = 'Isteri')]' not found)
	at com.kms.katalon.core.keyword.internal.KeywordMain.stepFailed(KeywordMain.groovy:36)
	at com.kms.katalon.core.webui.keyword.internal.WebUIKeywordMain.stepFailed(WebUIKeywordMain.groovy:65)
	at com.kms.katalon.core.webui.keyword.internal.WebUIKeywordMain.runKeyword(WebUIKeywordMain.groovy:27)
	at com.kms.katalon.core.webui.keyword.builtin.ClickKeyword.click(ClickKeyword.groovy:86)
	at com.kms.katalon.core.webui.keyword.builtin.ClickKeyword.execute(ClickKeyword.groovy:67)
	at com.kms.katalon.core.keyword.internal.KeywordExecutor.executeKeywordForPlatform(KeywordExecutor.groovy:53)
	at com.kms.katalon.core.webui.keyword.WebUiBuiltInKeywords.click(WebUiBuiltInKeywords.groovy:616)
	at com.kms.katalon.core.webui.keyword.WebUiBuiltInKeywords$click$3.call(Unknown Source)
	at OTC_Submit Form 7_Section F-G-H - Cheque.run(OTC_Submit Form 7_Section F-G-H - Cheque:41)
	at com.kms.katalon.core.main.ScriptEngine.run(ScriptEngine.java:194)
	at com.kms.katalon.core.main.ScriptEngine.runScriptAsRawText(ScriptEngine.java:119)
	at com.kms.katalon.core.main.TestCaseExecutor.runScript(TestCaseExecutor.java:328)
	at com.kms.katalon.core.main.TestCaseExecutor.doExecute(TestCaseExecutor.java:319)
	at com.kms.katalon.core.main.TestCaseExecutor.processExecutionPhase(TestCaseExecutor.java:298)
	at com.kms.katalon.core.main.TestCaseExecutor.accessMainPhase(TestCaseExecutor.java:290)
	at com.kms.katalon.core.main.TestCaseExecutor.execute(TestCaseExecutor.java:224)
	at com.kms.katalon.core.main.TestCaseMain.runTestCase(TestCaseMain.java:106)
	at com.kms.katalon.core.keyword.builtin.CallTestCaseKeyword$_callTestCase_closure1.doCall(CallTestCaseKeyword.groovy:59)
	at com.kms.katalon.core.keyword.builtin.CallTestCaseKeyword$_callTestCase_closure1.call(CallTestCaseKeyword.groovy)
	at com.kms.katalon.core.keyword.internal.KeywordMain.runKeyword(KeywordMain.groovy:54)
	at com.kms.katalon.core.keyword.builtin.CallTestCaseKeyword.callTestCase(CallTestCaseKeyword.groovy:80)
	at com.kms.katalon.core.keyword.builtin.CallTestCaseKeyword.execute(CallTestCaseKeyword.groovy:44)
	at com.kms.katalon.core.keyword.internal.KeywordExecutor.executeKeywordForPlatform(KeywordExecutor.groovy:53)
	at com.kms.katalon.core.keyword.BuiltinKeywords.callTestCase(BuiltinKeywords.groovy:334)
	at OTC_Submit Form 7_End to End - Cheque.run(OTC_Submit Form 7_End to End - Cheque:26)
	at com.kms.katalon.core.main.ScriptEngine.run(ScriptEngine.java:194)
	at com.kms.katalon.core.main.ScriptEngine.runScriptAsRawText(ScriptEngine.java:119)
	at com.kms.katalon.core.main.TestCaseExecutor.runScript(TestCaseExecutor.java:328)
	at com.kms.katalon.core.main.TestCaseExecutor.doExecute(TestCaseExecutor.java:319)
	at com.kms.katalon.core.main.TestCaseExecutor.processExecutionPhase(TestCaseExecutor.java:298)
	at com.kms.katalon.core.main.TestCaseExecutor.accessMainPhase(TestCaseExecutor.java:290)
	at com.kms.katalon.core.main.TestCaseExecutor.execute(TestCaseExecutor.java:224)
	at com.kms.katalon.core.main.TestCaseMain.runTestCase(TestCaseMain.java:106)
	at com.kms.katalon.core.keyword.builtin.CallTestCaseKeyword$_callTestCase_closure1.doCall(CallTestCaseKeyword.groovy:59)
	at com.kms.katalon.core.keyword.builtin.CallTestCaseKeyword$_callTestCase_closure1.call(CallTestCaseKeyword.groovy)
	at com.kms.katalon.core.keyword.internal.KeywordMain.runKeyword(KeywordMain.groovy:54)
	at com.kms.katalon.core.keyword.builtin.CallTestCaseKeyword.callTestCase(CallTestCaseKeyword.groovy:80)
	at com.kms.katalon.core.keyword.builtin.CallTestCaseKeyword.execute(CallTestCaseKeyword.groovy:44)
	at com.kms.katalon.core.keyword.internal.KeywordExecutor.executeKeywordForPlatform(KeywordExecutor.groovy:53)
	at com.kms.katalon.core.keyword.BuiltinKeywords.callTestCase(BuiltinKeywords.groovy:334)
	at Reject Claim - RIA.run(Reject Claim - RIA:16)
	at com.kms.katalon.core.main.ScriptEngine.run(ScriptEngine.java:194)
	at com.kms.katalon.core.main.ScriptEngine.runScriptAsRawText(ScriptEngine.java:119)
	at com.kms.katalon.core.main.TestCaseExecutor.runScript(TestCaseExecutor.java:328)
	at com.kms.katalon.core.main.TestCaseExecutor.doExecute(TestCaseExecutor.java:319)
	at com.kms.katalon.core.main.TestCaseExecutor.processExecutionPhase(TestCaseExecutor.java:298)
	at com.kms.katalon.core.main.TestCaseExecutor.accessMainPhase(TestCaseExecutor.java:290)
	at com.kms.katalon.core.main.TestCaseExecutor.execute(TestCaseExecutor.java:224)
	at com.kms.katalon.core.main.TestSuiteExecutor.accessTestCaseMainPhase(TestSuiteExecutor.java:129)
	at com.kms.katalon.core.main.TestSuiteExecutor.accessTestSuiteMainPhase(TestSuiteExecutor.java:112)
	at com.kms.katalon.core.main.TestSuiteExecutor.execute(TestSuiteExecutor.java:81)
	at com.kms.katalon.core.main.TestCaseMain.startTestSuite(TestCaseMain.java:149)
	at com.kms.katalon.core.main.TestCaseMain$startTestSuite$0.call(Unknown Source)
	at TempTestSuite1550652525208.run(TempTestSuite1550652525208.groovy:36)


2019-02-20 17:28:46 - [MESSAGE][INFO] - Unable to find the element located by 'By.xpath: //span[@id = 'select2-dependentList0dependentRelationId-container' and @title = 'Isteri' and (text() = 'Isteri' or . = 'Isteri')]'. Please recheck the objects properties to make sure the desired element is located. 

2019-02-20 17:28:47 - [MESSAGE][FAILED] - Unable to click on object 'Object Repository/KeatMun/Form 7_default/OTC_Submit Form 7_Section F-G-H/Page_PERKESO/G2. span_Isteri' (Root cause: com.kms.katalon.core.webui.exception.WebElementNotFoundException: Web element with id: 'Object Repository/KeatMun/Form 7_default/OTC_Submit Form 7_Section F-G-H/Page_PERKESO/G2. span_Isteri' located by 'By.xpath: //span[@id = 'select2-dependentList0dependentRelationId-container' and @title = 'Isteri' and (text() = 'Isteri' or . = 'Isteri')]' not found)
[[ATTACHMENT|C:\\Users\\Admin\\Documents\\GitHub\\PKSKatalon\\PKS-EI-ES\\Reports\\New Test Suite\\20190220_164845\\1550654926156.png]]

2019-02-20 17:28:47 - [MESSAGE][FAILED] - click(findTestObject("KeatMun/Form 7_default/OTC_Submit Form 7_Section F-G-H/Page_PERKESO/G2. span_Isteri")) FAILED.
Reason:
com.kms.katalon.core.exception.StepFailedException: Unable to click on object 'Object Repository/KeatMun/Form 7_default/OTC_Submit Form 7_Section F-G-H/Page_PERKESO/G2. span_Isteri' (Root cause: com.kms.katalon.core.webui.exception.WebElementNotFoundException: Web element with id: 'Object Repository/KeatMun/Form 7_default/OTC_Submit Form 7_Section F-G-H/Page_PERKESO/G2. span_Isteri' located by 'By.xpath: //span[@id = 'select2-dependentList0dependentRelationId-container' and @title = 'Isteri' and (text() = 'Isteri' or . = 'Isteri')]' not found)
	at com.kms.katalon.core.keyword.internal.KeywordMain.stepFailed(KeywordMain.groovy:36)
	at com.kms.katalon.core.webui.keyword.internal.WebUIKeywordMain.stepFailed(WebUIKeywordMain.groovy:65)
	at com.kms.katalon.core.webui.keyword.internal.WebUIKeywordMain.runKeyword(WebUIKeywordMain.groovy:27)
	at com.kms.katalon.core.webui.keyword.builtin.ClickKeyword.click(ClickKeyword.groovy:86)
	at com.kms.katalon.core.webui.keyword.builtin.ClickKeyword.execute(ClickKeyword.groovy:67)
	at com.kms.katalon.core.keyword.internal.KeywordExecutor.executeKeywordForPlatform(KeywordExecutor.groovy:53)
	at com.kms.katalon.core.webui.keyword.WebUiBuiltInKeywords.click(WebUiBuiltInKeywords.groovy:616)
	at com.kms.katalon.core.webui.keyword.WebUiBuiltInKeywords$click$3.call(Unknown Source)
	at OTC_Submit Form 7_Section F-G-H - Cheque.run(OTC_Submit Form 7_Section F-G-H - Cheque:41)
	at com.kms.katalon.core.main.ScriptEngine.run(ScriptEngine.java:194)
	at com.kms.katalon.core.main.ScriptEngine.runScriptAsRawText(ScriptEngine.java:119)
	at com.kms.katalon.core.main.TestCaseExecutor.runScript(TestCaseExecutor.java:328)
	at com.kms.katalon.core.main.TestCaseExecutor.doExecute(TestCaseExecutor.java:319)
	at com.kms.katalon.core.main.TestCaseExecutor.processExecutionPhase(TestCaseExecutor.java:298)
	at com.kms.katalon.core.main.TestCaseExecutor.accessMainPhase(TestCaseExecutor.java:290)
	at com.kms.katalon.core.main.TestCaseExecutor.execute(TestCaseExecutor.java:224)
	at com.kms.katalon.core.main.TestCaseMain.runTestCase(TestCaseMain.java:106)
	at com.kms.katalon.core.keyword.builtin.CallTestCaseKeyword$_callTestCase_closure1.doCall(CallTestCaseKeyword.groovy:59)
	at com.kms.katalon.core.keyword.builtin.CallTestCaseKeyword$_callTestCase_closure1.call(CallTestCaseKeyword.groovy)
	at com.kms.katalon.core.keyword.internal.KeywordMain.runKeyword(KeywordMain.groovy:54)
	at com.kms.katalon.core.keyword.builtin.CallTestCaseKeyword.callTestCase(CallTestCaseKeyword.groovy:80)
	at com.kms.katalon.core.keyword.builtin.CallTestCaseKeyword.execute(CallTestCaseKeyword.groovy:44)
	at com.kms.katalon.core.keyword.internal.KeywordExecutor.executeKeywordForPlatform(KeywordExecutor.groovy:53)
	at com.kms.katalon.core.keyword.BuiltinKeywords.callTestCase(BuiltinKeywords.groovy:334)
	at OTC_Submit Form 7_End to End - Cheque.run(OTC_Submit Form 7_End to End - Cheque:26)
	at com.kms.katalon.core.main.ScriptEngine.run(ScriptEngine.java:194)
	at com.kms.katalon.core.main.ScriptEngine.runScriptAsRawText(ScriptEngine.java:119)
	at com.kms.katalon.core.main.TestCaseExecutor.runScript(TestCaseExecutor.java:328)
	at com.kms.katalon.core.main.TestCaseExecutor.doExecute(TestCaseExecutor.java:319)
	at com.kms.katalon.core.main.TestCaseExecutor.processExecutionPhase(TestCaseExecutor.java:298)
	at com.kms.katalon.core.main.TestCaseExecutor.accessMainPhase(TestCaseExecutor.java:290)
	at com.kms.katalon.core.main.TestCaseExecutor.execute(TestCaseExecutor.java:224)
	at com.kms.katalon.core.main.TestCaseMain.runTestCase(TestCaseMain.java:106)
	at com.kms.katalon.core.keyword.builtin.CallTestCaseKeyword$_callTestCase_closure1.doCall(CallTestCaseKeyword.groovy:59)
	at com.kms.katalon.core.keyword.builtin.CallTestCaseKeyword$_callTestCase_closure1.call(CallTestCaseKeyword.groovy)
	at com.kms.katalon.core.keyword.internal.KeywordMain.runKeyword(KeywordMain.groovy:54)
	at com.kms.katalon.core.keyword.builtin.CallTestCaseKeyword.callTestCase(CallTestCaseKeyword.groovy:80)
	at com.kms.katalon.core.keyword.builtin.CallTestCaseKeyword.execute(CallTestCaseKeyword.groovy:44)
	at com.kms.katalon.core.keyword.internal.KeywordExecutor.executeKeywordForPlatform(KeywordExecutor.groovy:53)
	at com.kms.katalon.core.keyword.BuiltinKeywords.callTestCase(BuiltinKeywords.groovy:334)
	at Reject Claim - RIA.run(Reject Claim - RIA:16)
	at com.kms.katalon.core.main.ScriptEngine.run(ScriptEngine.java:194)
	at com.kms.katalon.core.main.ScriptEngine.runScriptAsRawText(ScriptEngine.java:119)
	at com.kms.katalon.core.main.TestCaseExecutor.runScript(TestCaseExecutor.java:328)
	at com.kms.katalon.core.main.TestCaseExecutor.doExecute(TestCaseExecutor.java:319)
	at com.kms.katalon.core.main.TestCaseExecutor.processExecutionPhase(TestCaseExecutor.java:298)
	at com.kms.katalon.core.main.TestCaseExecutor.accessMainPhase(TestCaseExecutor.java:290)
	at com.kms.katalon.core.main.TestCaseExecutor.execute(TestCaseExecutor.java:224)
	at com.kms.katalon.core.main.TestSuiteExecutor.accessTestCaseMainPhase(TestSuiteExecutor.java:129)
	at com.kms.katalon.core.main.TestSuiteExecutor.accessTestSuiteMainPhase(TestSuiteExecutor.java:112)
	at com.kms.katalon.core.main.TestSuiteExecutor.execute(TestSuiteExecutor.java:81)
	at com.kms.katalon.core.main.TestCaseMain.startTestSuite(TestCaseMain.java:149)
	at com.kms.katalon.core.main.TestCaseMain$startTestSuite$0.call(Unknown Source)
	at TempTestSuite1550652525208.run(TempTestSuite1550652525208.groovy:36)


2019-02-20 17:28:47 - [MESSAGE][FAILED] - Unable to call Test Case 'Test Cases/All TC/Arranged/3. Unit/EI/Form 7_default/OTC_Submit Form 7_Section F-G-H - Cheque' (Root cause: com.kms.katalon.core.exception.StepFailedException: Call Test Case 'Test Cases/All TC/Arranged/3. Unit/EI/Form 7_default/OTC_Submit Form 7_Section F-G-H - Cheque' failed)

2019-02-20 17:28:48 - [MESSAGE][FAILED] - callTestCase(findTestCase("All TC/Arranged/3. Unit/EI/Form 7_default/OTC_Submit Form 7_Section F-G-H - Cheque"), [:], STOP_ON_FAILURE) FAILED.
Reason:
com.kms.katalon.core.exception.StepFailedException: Unable to click on object 'Object Repository/KeatMun/Form 7_default/OTC_Submit Form 7_Section F-G-H/Page_PERKESO/G2. span_Isteri' (Root cause: com.kms.katalon.core.webui.exception.WebElementNotFoundException: Web element with id: 'Object Repository/KeatMun/Form 7_default/OTC_Submit Form 7_Section F-G-H/Page_PERKESO/G2. span_Isteri' located by 'By.xpath: //span[@id = 'select2-dependentList0dependentRelationId-container' and @title = 'Isteri' and (text() = 'Isteri' or . = 'Isteri')]' not found)
	at com.kms.katalon.core.keyword.internal.KeywordMain.stepFailed(KeywordMain.groovy:36)
	at com.kms.katalon.core.webui.keyword.internal.WebUIKeywordMain.stepFailed(WebUIKeywordMain.groovy:65)
	at com.kms.katalon.core.webui.keyword.internal.WebUIKeywordMain.runKeyword(WebUIKeywordMain.groovy:27)
	at com.kms.katalon.core.webui.keyword.builtin.ClickKeyword.click(ClickKeyword.groovy:86)
	at com.kms.katalon.core.webui.keyword.builtin.ClickKeyword.execute(ClickKeyword.groovy:67)
	at com.kms.katalon.core.keyword.internal.KeywordExecutor.executeKeywordForPlatform(KeywordExecutor.groovy:53)
	at com.kms.katalon.core.webui.keyword.WebUiBuiltInKeywords.click(WebUiBuiltInKeywords.groovy:616)
	at com.kms.katalon.core.webui.keyword.WebUiBuiltInKeywords$click$3.call(Unknown Source)
	at OTC_Submit Form 7_Section F-G-H - Cheque.run(OTC_Submit Form 7_Section F-G-H - Cheque:41)
	at com.kms.katalon.core.main.ScriptEngine.run(ScriptEngine.java:194)
	at com.kms.katalon.core.main.ScriptEngine.runScriptAsRawText(ScriptEngine.java:119)
	at com.kms.katalon.core.main.TestCaseExecutor.runScript(TestCaseExecutor.java:328)
	at com.kms.katalon.core.main.TestCaseExecutor.doExecute(TestCaseExecutor.java:319)
	at com.kms.katalon.core.main.TestCaseExecutor.processExecutionPhase(TestCaseExecutor.java:298)
	at com.kms.katalon.core.main.TestCaseExecutor.accessMainPhase(TestCaseExecutor.java:290)
	at com.kms.katalon.core.main.TestCaseExecutor.execute(TestCaseExecutor.java:224)
	at com.kms.katalon.core.main.TestCaseMain.runTestCase(TestCaseMain.java:106)
	at com.kms.katalon.core.keyword.builtin.CallTestCaseKeyword$_callTestCase_closure1.doCall(CallTestCaseKeyword.groovy:59)
	at com.kms.katalon.core.keyword.builtin.CallTestCaseKeyword$_callTestCase_closure1.call(CallTestCaseKeyword.groovy)
	at com.kms.katalon.core.keyword.internal.KeywordMain.runKeyword(KeywordMain.groovy:54)
	at com.kms.katalon.core.keyword.builtin.CallTestCaseKeyword.callTestCase(CallTestCaseKeyword.groovy:80)
	at com.kms.katalon.core.keyword.builtin.CallTestCaseKeyword.execute(CallTestCaseKeyword.groovy:44)
	at com.kms.katalon.core.keyword.internal.KeywordExecutor.executeKeywordForPlatform(KeywordExecutor.groovy:53)
	at com.kms.katalon.core.keyword.BuiltinKeywords.callTestCase(BuiltinKeywords.groovy:334)
	at OTC_Submit Form 7_End to End - Cheque.run(OTC_Submit Form 7_End to End - Cheque:26)
	at com.kms.katalon.core.main.ScriptEngine.run(ScriptEngine.java:194)
	at com.kms.katalon.core.main.ScriptEngine.runScriptAsRawText(ScriptEngine.java:119)
	at com.kms.katalon.core.main.TestCaseExecutor.runScript(TestCaseExecutor.java:328)
	at com.kms.katalon.core.main.TestCaseExecutor.doExecute(TestCaseExecutor.java:319)
	at com.kms.katalon.core.main.TestCaseExecutor.processExecutionPhase(TestCaseExecutor.java:298)
	at com.kms.katalon.core.main.TestCaseExecutor.accessMainPhase(TestCaseExecutor.java:290)
	at com.kms.katalon.core.main.TestCaseExecutor.execute(TestCaseExecutor.java:224)
	at com.kms.katalon.core.main.TestCaseMain.runTestCase(TestCaseMain.java:106)
	at com.kms.katalon.core.keyword.builtin.CallTestCaseKeyword$_callTestCase_closure1.doCall(CallTestCaseKeyword.groovy:59)
	at com.kms.katalon.core.keyword.builtin.CallTestCaseKeyword$_callTestCase_closure1.call(CallTestCaseKeyword.groovy)
	at com.kms.katalon.core.keyword.internal.KeywordMain.runKeyword(KeywordMain.groovy:54)
	at com.kms.katalon.core.keyword.builtin.CallTestCaseKeyword.callTestCase(CallTestCaseKeyword.groovy:80)
	at com.kms.katalon.core.keyword.builtin.CallTestCaseKeyword.execute(CallTestCaseKeyword.groovy:44)
	at com.kms.katalon.core.keyword.internal.KeywordExecutor.executeKeywordForPlatform(KeywordExecutor.groovy:53)
	at com.kms.katalon.core.keyword.BuiltinKeywords.callTestCase(BuiltinKeywords.groovy:334)
	at Reject Claim - RIA.run(Reject Claim - RIA:16)
	at com.kms.katalon.core.main.ScriptEngine.run(ScriptEngine.java:194)
	at com.kms.katalon.core.main.ScriptEngine.runScriptAsRawText(ScriptEngine.java:119)
	at com.kms.katalon.core.main.TestCaseExecutor.runScript(TestCaseExecutor.java:328)
	at com.kms.katalon.core.main.TestCaseExecutor.doExecute(TestCaseExecutor.java:319)
	at com.kms.katalon.core.main.TestCaseExecutor.processExecutionPhase(TestCaseExecutor.java:298)
	at com.kms.katalon.core.main.TestCaseExecutor.accessMainPhase(TestCaseExecutor.java:290)
	at com.kms.katalon.core.main.TestCaseExecutor.execute(TestCaseExecutor.java:224)
	at com.kms.katalon.core.main.TestSuiteExecutor.accessTestCaseMainPhase(TestSuiteExecutor.java:129)
	at com.kms.katalon.core.main.TestSuiteExecutor.accessTestSuiteMainPhase(TestSuiteExecutor.java:112)
	at com.kms.katalon.core.main.TestSuiteExecutor.execute(TestSuiteExecutor.java:81)
	at com.kms.katalon.core.main.TestCaseMain.startTestSuite(TestCaseMain.java:149)
	at com.kms.katalon.core.main.TestCaseMain$startTestSuite$0.call(Unknown Source)
	at TempTestSuite1550652525208.run(TempTestSuite1550652525208.groovy:36)


2019-02-20 17:28:48 - [MESSAGE][FAILED] - Unable to call Test Case 'Test Cases/All TC/Arranged/2. Segment/OTC_Submit Form 7_End to End - Cheque' (Root cause: com.kms.katalon.core.exception.StepFailedException: Call Test Case 'Test Cases/All TC/Arranged/2. Segment/OTC_Submit Form 7_End to End - Cheque' failed)

2019-02-20 17:28:48 - [MESSAGE][FAILED] - callTestCase(findTestCase("All TC/Arranged/2. Segment/OTC_Submit Form 7_End to End - Cheque"), [:], STOP_ON_FAILURE) FAILED.
Reason:
com.kms.katalon.core.exception.StepFailedException: Unable to click on object 'Object Repository/KeatMun/Form 7_default/OTC_Submit Form 7_Section F-G-H/Page_PERKESO/G2. span_Isteri' (Root cause: com.kms.katalon.core.webui.exception.WebElementNotFoundException: Web element with id: 'Object Repository/KeatMun/Form 7_default/OTC_Submit Form 7_Section F-G-H/Page_PERKESO/G2. span_Isteri' located by 'By.xpath: //span[@id = 'select2-dependentList0dependentRelationId-container' and @title = 'Isteri' and (text() = 'Isteri' or . = 'Isteri')]' not found)
	at com.kms.katalon.core.keyword.internal.KeywordMain.stepFailed(KeywordMain.groovy:36)
	at com.kms.katalon.core.webui.keyword.internal.WebUIKeywordMain.stepFailed(WebUIKeywordMain.groovy:65)
	at com.kms.katalon.core.webui.keyword.internal.WebUIKeywordMain.runKeyword(WebUIKeywordMain.groovy:27)
	at com.kms.katalon.core.webui.keyword.builtin.ClickKeyword.click(ClickKeyword.groovy:86)
	at com.kms.katalon.core.webui.keyword.builtin.ClickKeyword.execute(ClickKeyword.groovy:67)
	at com.kms.katalon.core.keyword.internal.KeywordExecutor.executeKeywordForPlatform(KeywordExecutor.groovy:53)
	at com.kms.katalon.core.webui.keyword.WebUiBuiltInKeywords.click(WebUiBuiltInKeywords.groovy:616)
	at com.kms.katalon.core.webui.keyword.WebUiBuiltInKeywords$click$3.call(Unknown Source)
	at OTC_Submit Form 7_Section F-G-H - Cheque.run(OTC_Submit Form 7_Section F-G-H - Cheque:41)
	at com.kms.katalon.core.main.ScriptEngine.run(ScriptEngine.java:194)
	at com.kms.katalon.core.main.ScriptEngine.runScriptAsRawText(ScriptEngine.java:119)
	at com.kms.katalon.core.main.TestCaseExecutor.runScript(TestCaseExecutor.java:328)
	at com.kms.katalon.core.main.TestCaseExecutor.doExecute(TestCaseExecutor.java:319)
	at com.kms.katalon.core.main.TestCaseExecutor.processExecutionPhase(TestCaseExecutor.java:298)
	at com.kms.katalon.core.main.TestCaseExecutor.accessMainPhase(TestCaseExecutor.java:290)
	at com.kms.katalon.core.main.TestCaseExecutor.execute(TestCaseExecutor.java:224)
	at com.kms.katalon.core.main.TestCaseMain.runTestCase(TestCaseMain.java:106)
	at com.kms.katalon.core.keyword.builtin.CallTestCaseKeyword$_callTestCase_closure1.doCall(CallTestCaseKeyword.groovy:59)
	at com.kms.katalon.core.keyword.builtin.CallTestCaseKeyword$_callTestCase_closure1.call(CallTestCaseKeyword.groovy)
	at com.kms.katalon.core.keyword.internal.KeywordMain.runKeyword(KeywordMain.groovy:54)
	at com.kms.katalon.core.keyword.builtin.CallTestCaseKeyword.callTestCase(CallTestCaseKeyword.groovy:80)
	at com.kms.katalon.core.keyword.builtin.CallTestCaseKeyword.execute(CallTestCaseKeyword.groovy:44)
	at com.kms.katalon.core.keyword.internal.KeywordExecutor.executeKeywordForPlatform(KeywordExecutor.groovy:53)
	at com.kms.katalon.core.keyword.BuiltinKeywords.callTestCase(BuiltinKeywords.groovy:334)
	at OTC_Submit Form 7_End to End - Cheque.run(OTC_Submit Form 7_End to End - Cheque:26)
	at com.kms.katalon.core.main.ScriptEngine.run(ScriptEngine.java:194)
	at com.kms.katalon.core.main.ScriptEngine.runScriptAsRawText(ScriptEngine.java:119)
	at com.kms.katalon.core.main.TestCaseExecutor.runScript(TestCaseExecutor.java:328)
	at com.kms.katalon.core.main.TestCaseExecutor.doExecute(TestCaseExecutor.java:319)
	at com.kms.katalon.core.main.TestCaseExecutor.processExecutionPhase(TestCaseExecutor.java:298)
	at com.kms.katalon.core.main.TestCaseExecutor.accessMainPhase(TestCaseExecutor.java:290)
	at com.kms.katalon.core.main.TestCaseExecutor.execute(TestCaseExecutor.java:224)
	at com.kms.katalon.core.main.TestCaseMain.runTestCase(TestCaseMain.java:106)
	at com.kms.katalon.core.keyword.builtin.CallTestCaseKeyword$_callTestCase_closure1.doCall(CallTestCaseKeyword.groovy:59)
	at com.kms.katalon.core.keyword.builtin.CallTestCaseKeyword$_callTestCase_closure1.call(CallTestCaseKeyword.groovy)
	at com.kms.katalon.core.keyword.internal.KeywordMain.runKeyword(KeywordMain.groovy:54)
	at com.kms.katalon.core.keyword.builtin.CallTestCaseKeyword.callTestCase(CallTestCaseKeyword.groovy:80)
	at com.kms.katalon.core.keyword.builtin.CallTestCaseKeyword.execute(CallTestCaseKeyword.groovy:44)
	at com.kms.katalon.core.keyword.internal.KeywordExecutor.executeKeywordForPlatform(KeywordExecutor.groovy:53)
	at com.kms.katalon.core.keyword.BuiltinKeywords.callTestCase(BuiltinKeywords.groovy:334)
	at Reject Claim - RIA.run(Reject Claim - RIA:16)
	at com.kms.katalon.core.main.ScriptEngine.run(ScriptEngine.java:194)
	at com.kms.katalon.core.main.ScriptEngine.runScriptAsRawText(ScriptEngine.java:119)
	at com.kms.katalon.core.main.TestCaseExecutor.runScript(TestCaseExecutor.java:328)
	at com.kms.katalon.core.main.TestCaseExecutor.doExecute(TestCaseExecutor.java:319)
	at com.kms.katalon.core.main.TestCaseExecutor.processExecutionPhase(TestCaseExecutor.java:298)
	at com.kms.katalon.core.main.TestCaseExecutor.accessMainPhase(TestCaseExecutor.java:290)
	at com.kms.katalon.core.main.TestCaseExecutor.execute(TestCaseExecutor.java:224)
	at com.kms.katalon.core.main.TestSuiteExecutor.accessTestCaseMainPhase(TestSuiteExecutor.java:129)
	at com.kms.katalon.core.main.TestSuiteExecutor.accessTestSuiteMainPhase(TestSuiteExecutor.java:112)
	at com.kms.katalon.core.main.TestSuiteExecutor.execute(TestSuiteExecutor.java:81)
	at com.kms.katalon.core.main.TestCaseMain.startTestSuite(TestCaseMain.java:149)
	at com.kms.katalon.core.main.TestCaseMain$startTestSuite$0.call(Unknown Source)
	at TempTestSuite1550652525208.run(TempTestSuite1550652525208.groovy:36)]]></system-out>
         <system-err><![CDATA[2019-02-20 17:18:59 - [TEST_CASE][FAILED] - Test Cases/All TC/Arranged/0. Full Flow/Reject Claim - RIA: Test Cases/All TC/Arranged/0. Full Flow/Reject Claim - RIA FAILED.
Reason:
com.kms.katalon.core.exception.StepFailedException: Unable to click on object 'Object Repository/KeatMun/Form 7_default/OTC_Submit Form 7_Section F-G-H/Page_PERKESO/G2. span_Isteri' (Root cause: com.kms.katalon.core.webui.exception.WebElementNotFoundException: Web element with id: 'Object Repository/KeatMun/Form 7_default/OTC_Submit Form 7_Section F-G-H/Page_PERKESO/G2. span_Isteri' located by 'By.xpath: //span[@id = 'select2-dependentList0dependentRelationId-container' and @title = 'Isteri' and (text() = 'Isteri' or . = 'Isteri')]' not found)
	at com.kms.katalon.core.keyword.internal.KeywordMain.stepFailed(KeywordMain.groovy:36)
	at com.kms.katalon.core.webui.keyword.internal.WebUIKeywordMain.stepFailed(WebUIKeywordMain.groovy:65)
	at com.kms.katalon.core.webui.keyword.internal.WebUIKeywordMain.runKeyword(WebUIKeywordMain.groovy:27)
	at com.kms.katalon.core.webui.keyword.builtin.ClickKeyword.click(ClickKeyword.groovy:86)
	at com.kms.katalon.core.webui.keyword.builtin.ClickKeyword.execute(ClickKeyword.groovy:67)
	at com.kms.katalon.core.keyword.internal.KeywordExecutor.executeKeywordForPlatform(KeywordExecutor.groovy:53)
	at com.kms.katalon.core.webui.keyword.WebUiBuiltInKeywords.click(WebUiBuiltInKeywords.groovy:616)
	at com.kms.katalon.core.webui.keyword.WebUiBuiltInKeywords$click$3.call(Unknown Source)
	at OTC_Submit Form 7_Section F-G-H - Cheque.run(OTC_Submit Form 7_Section F-G-H - Cheque:41)
	at com.kms.katalon.core.main.ScriptEngine.run(ScriptEngine.java:194)
	at com.kms.katalon.core.main.ScriptEngine.runScriptAsRawText(ScriptEngine.java:119)
	at com.kms.katalon.core.main.TestCaseExecutor.runScript(TestCaseExecutor.java:328)
	at com.kms.katalon.core.main.TestCaseExecutor.doExecute(TestCaseExecutor.java:319)
	at com.kms.katalon.core.main.TestCaseExecutor.processExecutionPhase(TestCaseExecutor.java:298)
	at com.kms.katalon.core.main.TestCaseExecutor.accessMainPhase(TestCaseExecutor.java:290)
	at com.kms.katalon.core.main.TestCaseExecutor.execute(TestCaseExecutor.java:224)
	at com.kms.katalon.core.main.TestCaseMain.runTestCase(TestCaseMain.java:106)
	at com.kms.katalon.core.keyword.builtin.CallTestCaseKeyword$_callTestCase_closure1.doCall(CallTestCaseKeyword.groovy:59)
	at com.kms.katalon.core.keyword.builtin.CallTestCaseKeyword$_callTestCase_closure1.call(CallTestCaseKeyword.groovy)
	at com.kms.katalon.core.keyword.internal.KeywordMain.runKeyword(KeywordMain.groovy:54)
	at com.kms.katalon.core.keyword.builtin.CallTestCaseKeyword.callTestCase(CallTestCaseKeyword.groovy:80)
	at com.kms.katalon.core.keyword.builtin.CallTestCaseKeyword.execute(CallTestCaseKeyword.groovy:44)
	at com.kms.katalon.core.keyword.internal.KeywordExecutor.executeKeywordForPlatform(KeywordExecutor.groovy:53)
	at com.kms.katalon.core.keyword.BuiltinKeywords.callTestCase(BuiltinKeywords.groovy:334)
	at OTC_Submit Form 7_End to End - Cheque.run(OTC_Submit Form 7_End to End - Cheque:26)
	at com.kms.katalon.core.main.ScriptEngine.run(ScriptEngine.java:194)
	at com.kms.katalon.core.main.ScriptEngine.runScriptAsRawText(ScriptEngine.java:119)
	at com.kms.katalon.core.main.TestCaseExecutor.runScript(TestCaseExecutor.java:328)
	at com.kms.katalon.core.main.TestCaseExecutor.doExecute(TestCaseExecutor.java:319)
	at com.kms.katalon.core.main.TestCaseExecutor.processExecutionPhase(TestCaseExecutor.java:298)
	at com.kms.katalon.core.main.TestCaseExecutor.accessMainPhase(TestCaseExecutor.java:290)
	at com.kms.katalon.core.main.TestCaseExecutor.execute(TestCaseExecutor.java:224)
	at com.kms.katalon.core.main.TestCaseMain.runTestCase(TestCaseMain.java:106)
	at com.kms.katalon.core.keyword.builtin.CallTestCaseKeyword$_callTestCase_closure1.doCall(CallTestCaseKeyword.groovy:59)
	at com.kms.katalon.core.keyword.builtin.CallTestCaseKeyword$_callTestCase_closure1.call(CallTestCaseKeyword.groovy)
	at com.kms.katalon.core.keyword.internal.KeywordMain.runKeyword(KeywordMain.groovy:54)
	at com.kms.katalon.core.keyword.builtin.CallTestCaseKeyword.callTestCase(CallTestCaseKeyword.groovy:80)
	at com.kms.katalon.core.keyword.builtin.CallTestCaseKeyword.execute(CallTestCaseKeyword.groovy:44)
	at com.kms.katalon.core.keyword.internal.KeywordExecutor.executeKeywordForPlatform(KeywordExecutor.groovy:53)
	at com.kms.katalon.core.keyword.BuiltinKeywords.callTestCase(BuiltinKeywords.groovy:334)
	at Reject Claim - RIA.run(Reject Claim - RIA:16)
	at com.kms.katalon.core.main.ScriptEngine.run(ScriptEngine.java:194)
	at com.kms.katalon.core.main.ScriptEngine.runScriptAsRawText(ScriptEngine.java:119)
	at com.kms.katalon.core.main.TestCaseExecutor.runScript(TestCaseExecutor.java:328)
	at com.kms.katalon.core.main.TestCaseExecutor.doExecute(TestCaseExecutor.java:319)
	at com.kms.katalon.core.main.TestCaseExecutor.processExecutionPhase(TestCaseExecutor.java:298)
	at com.kms.katalon.core.main.TestCaseExecutor.accessMainPhase(TestCaseExecutor.java:290)
	at com.kms.katalon.core.main.TestCaseExecutor.execute(TestCaseExecutor.java:224)
	at com.kms.katalon.core.main.TestSuiteExecutor.accessTestCaseMainPhase(TestSuiteExecutor.java:129)
	at com.kms.katalon.core.main.TestSuiteExecutor.accessTestSuiteMainPhase(TestSuiteExecutor.java:112)
	at com.kms.katalon.core.main.TestSuiteExecutor.execute(TestSuiteExecutor.java:81)
	at com.kms.katalon.core.main.TestCaseMain.startTestSuite(TestCaseMain.java:149)
	at com.kms.katalon.core.main.TestCaseMain$startTestSuite$0.call(Unknown Source)
	at TempTestSuite1550652525208.run(TempTestSuite1550652525208.groovy:36)]]></system-err>
      </testcase>
      <testcase name="Test Cases/All TC/Arranged/0. Full Flow/Reject Claim - DA" classname="Test Cases/All TC/Arranged/0. Full Flow/Reject Claim - DA" status="FAILED">
         <failure type="FAILED" message="Test Cases/All TC/Arranged/0. Full Flow/Reject Claim - DA FAILED.
Reason:
com.kms.katalon.core.exception.StepFailedException: Unable to click on object 'Object Repository/KeatMun/Form 7_default/OTC_Submit Form 7_Section F-G-H/Page_PERKESO/G2. span_Isteri' (Root cause: com.kms.katalon.core.webui.exception.WebElementNotFoundException: Web element with id: 'Object Repository/KeatMun/Form 7_default/OTC_Submit Form 7_Section F-G-H/Page_PERKESO/G2. span_Isteri' located by 'By.xpath: //span[@id = 'select2-dependentList0dependentRelationId-container' and @title = 'Isteri' and (text() = 'Isteri' or . = 'Isteri')]' not found)
	at com.kms.katalon.core.keyword.internal.KeywordMain.stepFailed(KeywordMain.groovy:36)
	at com.kms.katalon.core.webui.keyword.internal.WebUIKeywordMain.stepFailed(WebUIKeywordMain.groovy:65)
	at com.kms.katalon.core.webui.keyword.internal.WebUIKeywordMain.runKeyword(WebUIKeywordMain.groovy:27)
	at com.kms.katalon.core.webui.keyword.builtin.ClickKeyword.click(ClickKeyword.groovy:86)
	at com.kms.katalon.core.webui.keyword.builtin.ClickKeyword.execute(ClickKeyword.groovy:67)
	at com.kms.katalon.core.keyword.internal.KeywordExecutor.executeKeywordForPlatform(KeywordExecutor.groovy:53)
	at com.kms.katalon.core.webui.keyword.WebUiBuiltInKeywords.click(WebUiBuiltInKeywords.groovy:616)
	at com.kms.katalon.core.webui.keyword.WebUiBuiltInKeywords$click$3.call(Unknown Source)
	at OTC_Submit Form 7_Section F-G-H - Cheque.run(OTC_Submit Form 7_Section F-G-H - Cheque:41)
	at com.kms.katalon.core.main.ScriptEngine.run(ScriptEngine.java:194)
	at com.kms.katalon.core.main.ScriptEngine.runScriptAsRawText(ScriptEngine.java:119)
	at com.kms.katalon.core.main.TestCaseExecutor.runScript(TestCaseExecutor.java:328)
	at com.kms.katalon.core.main.TestCaseExecutor.doExecute(TestCaseExecutor.java:319)
	at com.kms.katalon.core.main.TestCaseExecutor.processExecutionPhase(TestCaseExecutor.java:298)
	at com.kms.katalon.core.main.TestCaseExecutor.accessMainPhase(TestCaseExecutor.java:290)
	at com.kms.katalon.core.main.TestCaseExecutor.execute(TestCaseExecutor.java:224)
	at com.kms.katalon.core.main.TestCaseMain.runTestCase(TestCaseMain.java:106)
	at com.kms.katalon.core.keyword.builtin.CallTestCaseKeyword$_callTestCase_closure1.doCall(CallTestCaseKeyword.groovy:59)
	at com.kms.katalon.core.keyword.builtin.CallTestCaseKeyword$_callTestCase_closure1.call(CallTestCaseKeyword.groovy)
	at com.kms.katalon.core.keyword.internal.KeywordMain.runKeyword(KeywordMain.groovy:54)
	at com.kms.katalon.core.keyword.builtin.CallTestCaseKeyword.callTestCase(CallTestCaseKeyword.groovy:80)
	at com.kms.katalon.core.keyword.builtin.CallTestCaseKeyword.execute(CallTestCaseKeyword.groovy:44)
	at com.kms.katalon.core.keyword.internal.KeywordExecutor.executeKeywordForPlatform(KeywordExecutor.groovy:53)
	at com.kms.katalon.core.keyword.BuiltinKeywords.callTestCase(BuiltinKeywords.groovy:334)
	at OTC_Submit Form 7_End to End - Cheque.run(OTC_Submit Form 7_End to End - Cheque:26)
	at com.kms.katalon.core.main.ScriptEngine.run(ScriptEngine.java:194)
	at com.kms.katalon.core.main.ScriptEngine.runScriptAsRawText(ScriptEngine.java:119)
	at com.kms.katalon.core.main.TestCaseExecutor.runScript(TestCaseExecutor.java:328)
	at com.kms.katalon.core.main.TestCaseExecutor.doExecute(TestCaseExecutor.java:319)
	at com.kms.katalon.core.main.TestCaseExecutor.processExecutionPhase(TestCaseExecutor.java:298)
	at com.kms.katalon.core.main.TestCaseExecutor.accessMainPhase(TestCaseExecutor.java:290)
	at com.kms.katalon.core.main.TestCaseExecutor.execute(TestCaseExecutor.java:224)
	at com.kms.katalon.core.main.TestCaseMain.runTestCase(TestCaseMain.java:106)
	at com.kms.katalon.core.keyword.builtin.CallTestCaseKeyword$_callTestCase_closure1.doCall(CallTestCaseKeyword.groovy:59)
	at com.kms.katalon.core.keyword.builtin.CallTestCaseKeyword$_callTestCase_closure1.call(CallTestCaseKeyword.groovy)
	at com.kms.katalon.core.keyword.internal.KeywordMain.runKeyword(KeywordMain.groovy:54)
	at com.kms.katalon.core.keyword.builtin.CallTestCaseKeyword.callTestCase(CallTestCaseKeyword.groovy:80)
	at com.kms.katalon.core.keyword.builtin.CallTestCaseKeyword.execute(CallTestCaseKeyword.groovy:44)
	at com.kms.katalon.core.keyword.internal.KeywordExecutor.executeKeywordForPlatform(KeywordExecutor.groovy:53)
	at com.kms.katalon.core.keyword.BuiltinKeywords.callTestCase(BuiltinKeywords.groovy:334)
	at Reject Claim - DA.run(Reject Claim - DA:16)
	at com.kms.katalon.core.main.ScriptEngine.run(ScriptEngine.java:194)
	at com.kms.katalon.core.main.ScriptEngine.runScriptAsRawText(ScriptEngine.java:119)
	at com.kms.katalon.core.main.TestCaseExecutor.runScript(TestCaseExecutor.java:328)
	at com.kms.katalon.core.main.TestCaseExecutor.doExecute(TestCaseExecutor.java:319)
	at com.kms.katalon.core.main.TestCaseExecutor.processExecutionPhase(TestCaseExecutor.java:298)
	at com.kms.katalon.core.main.TestCaseExecutor.accessMainPhase(TestCaseExecutor.java:290)
	at com.kms.katalon.core.main.TestCaseExecutor.execute(TestCaseExecutor.java:224)
	at com.kms.katalon.core.main.TestSuiteExecutor.accessTestCaseMainPhase(TestSuiteExecutor.java:129)
	at com.kms.katalon.core.main.TestSuiteExecutor.accessTestSuiteMainPhase(TestSuiteExecutor.java:112)
	at com.kms.katalon.core.main.TestSuiteExecutor.execute(TestSuiteExecutor.java:81)
	at com.kms.katalon.core.main.TestCaseMain.startTestSuite(TestCaseMain.java:149)
	at com.kms.katalon.core.main.TestCaseMain$startTestSuite$0.call(Unknown Source)
	at TempTestSuite1550652525208.run(TempTestSuite1550652525208.groovy:36)
"/>
         <system-out><![CDATA[2019-02-20 17:28:49 - [TEST_CASE][FAILED] - Test Cases/All TC/Arranged/0. Full Flow/Reject Claim - DA: Test Cases/All TC/Arranged/0. Full Flow/Reject Claim - DA FAILED.
Reason:
com.kms.katalon.core.exception.StepFailedException: Unable to click on object 'Object Repository/KeatMun/Form 7_default/OTC_Submit Form 7_Section F-G-H/Page_PERKESO/G2. span_Isteri' (Root cause: com.kms.katalon.core.webui.exception.WebElementNotFoundException: Web element with id: 'Object Repository/KeatMun/Form 7_default/OTC_Submit Form 7_Section F-G-H/Page_PERKESO/G2. span_Isteri' located by 'By.xpath: //span[@id = 'select2-dependentList0dependentRelationId-container' and @title = 'Isteri' and (text() = 'Isteri' or . = 'Isteri')]' not found)
	at com.kms.katalon.core.keyword.internal.KeywordMain.stepFailed(KeywordMain.groovy:36)
	at com.kms.katalon.core.webui.keyword.internal.WebUIKeywordMain.stepFailed(WebUIKeywordMain.groovy:65)
	at com.kms.katalon.core.webui.keyword.internal.WebUIKeywordMain.runKeyword(WebUIKeywordMain.groovy:27)
	at com.kms.katalon.core.webui.keyword.builtin.ClickKeyword.click(ClickKeyword.groovy:86)
	at com.kms.katalon.core.webui.keyword.builtin.ClickKeyword.execute(ClickKeyword.groovy:67)
	at com.kms.katalon.core.keyword.internal.KeywordExecutor.executeKeywordForPlatform(KeywordExecutor.groovy:53)
	at com.kms.katalon.core.webui.keyword.WebUiBuiltInKeywords.click(WebUiBuiltInKeywords.groovy:616)
	at com.kms.katalon.core.webui.keyword.WebUiBuiltInKeywords$click$3.call(Unknown Source)
	at OTC_Submit Form 7_Section F-G-H - Cheque.run(OTC_Submit Form 7_Section F-G-H - Cheque:41)
	at com.kms.katalon.core.main.ScriptEngine.run(ScriptEngine.java:194)
	at com.kms.katalon.core.main.ScriptEngine.runScriptAsRawText(ScriptEngine.java:119)
	at com.kms.katalon.core.main.TestCaseExecutor.runScript(TestCaseExecutor.java:328)
	at com.kms.katalon.core.main.TestCaseExecutor.doExecute(TestCaseExecutor.java:319)
	at com.kms.katalon.core.main.TestCaseExecutor.processExecutionPhase(TestCaseExecutor.java:298)
	at com.kms.katalon.core.main.TestCaseExecutor.accessMainPhase(TestCaseExecutor.java:290)
	at com.kms.katalon.core.main.TestCaseExecutor.execute(TestCaseExecutor.java:224)
	at com.kms.katalon.core.main.TestCaseMain.runTestCase(TestCaseMain.java:106)
	at com.kms.katalon.core.keyword.builtin.CallTestCaseKeyword$_callTestCase_closure1.doCall(CallTestCaseKeyword.groovy:59)
	at com.kms.katalon.core.keyword.builtin.CallTestCaseKeyword$_callTestCase_closure1.call(CallTestCaseKeyword.groovy)
	at com.kms.katalon.core.keyword.internal.KeywordMain.runKeyword(KeywordMain.groovy:54)
	at com.kms.katalon.core.keyword.builtin.CallTestCaseKeyword.callTestCase(CallTestCaseKeyword.groovy:80)
	at com.kms.katalon.core.keyword.builtin.CallTestCaseKeyword.execute(CallTestCaseKeyword.groovy:44)
	at com.kms.katalon.core.keyword.internal.KeywordExecutor.executeKeywordForPlatform(KeywordExecutor.groovy:53)
	at com.kms.katalon.core.keyword.BuiltinKeywords.callTestCase(BuiltinKeywords.groovy:334)
	at OTC_Submit Form 7_End to End - Cheque.run(OTC_Submit Form 7_End to End - Cheque:26)
	at com.kms.katalon.core.main.ScriptEngine.run(ScriptEngine.java:194)
	at com.kms.katalon.core.main.ScriptEngine.runScriptAsRawText(ScriptEngine.java:119)
	at com.kms.katalon.core.main.TestCaseExecutor.runScript(TestCaseExecutor.java:328)
	at com.kms.katalon.core.main.TestCaseExecutor.doExecute(TestCaseExecutor.java:319)
	at com.kms.katalon.core.main.TestCaseExecutor.processExecutionPhase(TestCaseExecutor.java:298)
	at com.kms.katalon.core.main.TestCaseExecutor.accessMainPhase(TestCaseExecutor.java:290)
	at com.kms.katalon.core.main.TestCaseExecutor.execute(TestCaseExecutor.java:224)
	at com.kms.katalon.core.main.TestCaseMain.runTestCase(TestCaseMain.java:106)
	at com.kms.katalon.core.keyword.builtin.CallTestCaseKeyword$_callTestCase_closure1.doCall(CallTestCaseKeyword.groovy:59)
	at com.kms.katalon.core.keyword.builtin.CallTestCaseKeyword$_callTestCase_closure1.call(CallTestCaseKeyword.groovy)
	at com.kms.katalon.core.keyword.internal.KeywordMain.runKeyword(KeywordMain.groovy:54)
	at com.kms.katalon.core.keyword.builtin.CallTestCaseKeyword.callTestCase(CallTestCaseKeyword.groovy:80)
	at com.kms.katalon.core.keyword.builtin.CallTestCaseKeyword.execute(CallTestCaseKeyword.groovy:44)
	at com.kms.katalon.core.keyword.internal.KeywordExecutor.executeKeywordForPlatform(KeywordExecutor.groovy:53)
	at com.kms.katalon.core.keyword.BuiltinKeywords.callTestCase(BuiltinKeywords.groovy:334)
	at Reject Claim - DA.run(Reject Claim - DA:16)
	at com.kms.katalon.core.main.ScriptEngine.run(ScriptEngine.java:194)
	at com.kms.katalon.core.main.ScriptEngine.runScriptAsRawText(ScriptEngine.java:119)
	at com.kms.katalon.core.main.TestCaseExecutor.runScript(TestCaseExecutor.java:328)
	at com.kms.katalon.core.main.TestCaseExecutor.doExecute(TestCaseExecutor.java:319)
	at com.kms.katalon.core.main.TestCaseExecutor.processExecutionPhase(TestCaseExecutor.java:298)
	at com.kms.katalon.core.main.TestCaseExecutor.accessMainPhase(TestCaseExecutor.java:290)
	at com.kms.katalon.core.main.TestCaseExecutor.execute(TestCaseExecutor.java:224)
	at com.kms.katalon.core.main.TestSuiteExecutor.accessTestCaseMainPhase(TestSuiteExecutor.java:129)
	at com.kms.katalon.core.main.TestSuiteExecutor.accessTestSuiteMainPhase(TestSuiteExecutor.java:112)
	at com.kms.katalon.core.main.TestSuiteExecutor.execute(TestSuiteExecutor.java:81)
	at com.kms.katalon.core.main.TestCaseMain.startTestSuite(TestCaseMain.java:149)
	at com.kms.katalon.core.main.TestCaseMain$startTestSuite$0.call(Unknown Source)
	at TempTestSuite1550652525208.run(TempTestSuite1550652525208.groovy:36)


2019-02-20 17:28:49 - [TEST_STEP][FAILED] - callTestCase(findTestCase("All TC/Arranged/2. Segment/OTC_Submit Form 7_End to End - Cheque"), [:], STOP_ON_FAILURE): callTestCase(findTestCase("All TC/Arranged/2. Segment/OTC_Submit Form 7_End to End - Cheque"), [:], STOP_ON_FAILURE) FAILED.
Reason:
com.kms.katalon.core.exception.StepFailedException: Unable to click on object 'Object Repository/KeatMun/Form 7_default/OTC_Submit Form 7_Section F-G-H/Page_PERKESO/G2. span_Isteri' (Root cause: com.kms.katalon.core.webui.exception.WebElementNotFoundException: Web element with id: 'Object Repository/KeatMun/Form 7_default/OTC_Submit Form 7_Section F-G-H/Page_PERKESO/G2. span_Isteri' located by 'By.xpath: //span[@id = 'select2-dependentList0dependentRelationId-container' and @title = 'Isteri' and (text() = 'Isteri' or . = 'Isteri')]' not found)
	at com.kms.katalon.core.keyword.internal.KeywordMain.stepFailed(KeywordMain.groovy:36)
	at com.kms.katalon.core.webui.keyword.internal.WebUIKeywordMain.stepFailed(WebUIKeywordMain.groovy:65)
	at com.kms.katalon.core.webui.keyword.internal.WebUIKeywordMain.runKeyword(WebUIKeywordMain.groovy:27)
	at com.kms.katalon.core.webui.keyword.builtin.ClickKeyword.click(ClickKeyword.groovy:86)
	at com.kms.katalon.core.webui.keyword.builtin.ClickKeyword.execute(ClickKeyword.groovy:67)
	at com.kms.katalon.core.keyword.internal.KeywordExecutor.executeKeywordForPlatform(KeywordExecutor.groovy:53)
	at com.kms.katalon.core.webui.keyword.WebUiBuiltInKeywords.click(WebUiBuiltInKeywords.groovy:616)
	at com.kms.katalon.core.webui.keyword.WebUiBuiltInKeywords$click$3.call(Unknown Source)
	at OTC_Submit Form 7_Section F-G-H - Cheque.run(OTC_Submit Form 7_Section F-G-H - Cheque:41)
	at com.kms.katalon.core.main.ScriptEngine.run(ScriptEngine.java:194)
	at com.kms.katalon.core.main.ScriptEngine.runScriptAsRawText(ScriptEngine.java:119)
	at com.kms.katalon.core.main.TestCaseExecutor.runScript(TestCaseExecutor.java:328)
	at com.kms.katalon.core.main.TestCaseExecutor.doExecute(TestCaseExecutor.java:319)
	at com.kms.katalon.core.main.TestCaseExecutor.processExecutionPhase(TestCaseExecutor.java:298)
	at com.kms.katalon.core.main.TestCaseExecutor.accessMainPhase(TestCaseExecutor.java:290)
	at com.kms.katalon.core.main.TestCaseExecutor.execute(TestCaseExecutor.java:224)
	at com.kms.katalon.core.main.TestCaseMain.runTestCase(TestCaseMain.java:106)
	at com.kms.katalon.core.keyword.builtin.CallTestCaseKeyword$_callTestCase_closure1.doCall(CallTestCaseKeyword.groovy:59)
	at com.kms.katalon.core.keyword.builtin.CallTestCaseKeyword$_callTestCase_closure1.call(CallTestCaseKeyword.groovy)
	at com.kms.katalon.core.keyword.internal.KeywordMain.runKeyword(KeywordMain.groovy:54)
	at com.kms.katalon.core.keyword.builtin.CallTestCaseKeyword.callTestCase(CallTestCaseKeyword.groovy:80)
	at com.kms.katalon.core.keyword.builtin.CallTestCaseKeyword.execute(CallTestCaseKeyword.groovy:44)
	at com.kms.katalon.core.keyword.internal.KeywordExecutor.executeKeywordForPlatform(KeywordExecutor.groovy:53)
	at com.kms.katalon.core.keyword.BuiltinKeywords.callTestCase(BuiltinKeywords.groovy:334)
	at OTC_Submit Form 7_End to End - Cheque.run(OTC_Submit Form 7_End to End - Cheque:26)
	at com.kms.katalon.core.main.ScriptEngine.run(ScriptEngine.java:194)
	at com.kms.katalon.core.main.ScriptEngine.runScriptAsRawText(ScriptEngine.java:119)
	at com.kms.katalon.core.main.TestCaseExecutor.runScript(TestCaseExecutor.java:328)
	at com.kms.katalon.core.main.TestCaseExecutor.doExecute(TestCaseExecutor.java:319)
	at com.kms.katalon.core.main.TestCaseExecutor.processExecutionPhase(TestCaseExecutor.java:298)
	at com.kms.katalon.core.main.TestCaseExecutor.accessMainPhase(TestCaseExecutor.java:290)
	at com.kms.katalon.core.main.TestCaseExecutor.execute(TestCaseExecutor.java:224)
	at com.kms.katalon.core.main.TestCaseMain.runTestCase(TestCaseMain.java:106)
	at com.kms.katalon.core.keyword.builtin.CallTestCaseKeyword$_callTestCase_closure1.doCall(CallTestCaseKeyword.groovy:59)
	at com.kms.katalon.core.keyword.builtin.CallTestCaseKeyword$_callTestCase_closure1.call(CallTestCaseKeyword.groovy)
	at com.kms.katalon.core.keyword.internal.KeywordMain.runKeyword(KeywordMain.groovy:54)
	at com.kms.katalon.core.keyword.builtin.CallTestCaseKeyword.callTestCase(CallTestCaseKeyword.groovy:80)
	at com.kms.katalon.core.keyword.builtin.CallTestCaseKeyword.execute(CallTestCaseKeyword.groovy:44)
	at com.kms.katalon.core.keyword.internal.KeywordExecutor.executeKeywordForPlatform(KeywordExecutor.groovy:53)
	at com.kms.katalon.core.keyword.BuiltinKeywords.callTestCase(BuiltinKeywords.groovy:334)
	at Reject Claim - DA.run(Reject Claim - DA:16)
	at com.kms.katalon.core.main.ScriptEngine.run(ScriptEngine.java:194)
	at com.kms.katalon.core.main.ScriptEngine.runScriptAsRawText(ScriptEngine.java:119)
	at com.kms.katalon.core.main.TestCaseExecutor.runScript(TestCaseExecutor.java:328)
	at com.kms.katalon.core.main.TestCaseExecutor.doExecute(TestCaseExecutor.java:319)
	at com.kms.katalon.core.main.TestCaseExecutor.processExecutionPhase(TestCaseExecutor.java:298)
	at com.kms.katalon.core.main.TestCaseExecutor.accessMainPhase(TestCaseExecutor.java:290)
	at com.kms.katalon.core.main.TestCaseExecutor.execute(TestCaseExecutor.java:224)
	at com.kms.katalon.core.main.TestSuiteExecutor.accessTestCaseMainPhase(TestSuiteExecutor.java:129)
	at com.kms.katalon.core.main.TestSuiteExecutor.accessTestSuiteMainPhase(TestSuiteExecutor.java:112)
	at com.kms.katalon.core.main.TestSuiteExecutor.execute(TestSuiteExecutor.java:81)
	at com.kms.katalon.core.main.TestCaseMain.startTestSuite(TestCaseMain.java:149)
	at com.kms.katalon.core.main.TestCaseMain$startTestSuite$0.call(Unknown Source)
	at TempTestSuite1550652525208.run(TempTestSuite1550652525208.groovy:36)


2019-02-20 17:28:49 - [TEST_CASE][FAILED] - Test Cases/All TC/Arranged/2. Segment/OTC_Submit Form 7_End to End - Cheque: Test Cases/All TC/Arranged/2. Segment/OTC_Submit Form 7_End to End - Cheque FAILED.
Reason:
com.kms.katalon.core.exception.StepFailedException: Unable to click on object 'Object Repository/KeatMun/Form 7_default/OTC_Submit Form 7_Section F-G-H/Page_PERKESO/G2. span_Isteri' (Root cause: com.kms.katalon.core.webui.exception.WebElementNotFoundException: Web element with id: 'Object Repository/KeatMun/Form 7_default/OTC_Submit Form 7_Section F-G-H/Page_PERKESO/G2. span_Isteri' located by 'By.xpath: //span[@id = 'select2-dependentList0dependentRelationId-container' and @title = 'Isteri' and (text() = 'Isteri' or . = 'Isteri')]' not found)
	at com.kms.katalon.core.keyword.internal.KeywordMain.stepFailed(KeywordMain.groovy:36)
	at com.kms.katalon.core.webui.keyword.internal.WebUIKeywordMain.stepFailed(WebUIKeywordMain.groovy:65)
	at com.kms.katalon.core.webui.keyword.internal.WebUIKeywordMain.runKeyword(WebUIKeywordMain.groovy:27)
	at com.kms.katalon.core.webui.keyword.builtin.ClickKeyword.click(ClickKeyword.groovy:86)
	at com.kms.katalon.core.webui.keyword.builtin.ClickKeyword.execute(ClickKeyword.groovy:67)
	at com.kms.katalon.core.keyword.internal.KeywordExecutor.executeKeywordForPlatform(KeywordExecutor.groovy:53)
	at com.kms.katalon.core.webui.keyword.WebUiBuiltInKeywords.click(WebUiBuiltInKeywords.groovy:616)
	at com.kms.katalon.core.webui.keyword.WebUiBuiltInKeywords$click$3.call(Unknown Source)
	at OTC_Submit Form 7_Section F-G-H - Cheque.run(OTC_Submit Form 7_Section F-G-H - Cheque:41)
	at com.kms.katalon.core.main.ScriptEngine.run(ScriptEngine.java:194)
	at com.kms.katalon.core.main.ScriptEngine.runScriptAsRawText(ScriptEngine.java:119)
	at com.kms.katalon.core.main.TestCaseExecutor.runScript(TestCaseExecutor.java:328)
	at com.kms.katalon.core.main.TestCaseExecutor.doExecute(TestCaseExecutor.java:319)
	at com.kms.katalon.core.main.TestCaseExecutor.processExecutionPhase(TestCaseExecutor.java:298)
	at com.kms.katalon.core.main.TestCaseExecutor.accessMainPhase(TestCaseExecutor.java:290)
	at com.kms.katalon.core.main.TestCaseExecutor.execute(TestCaseExecutor.java:224)
	at com.kms.katalon.core.main.TestCaseMain.runTestCase(TestCaseMain.java:106)
	at com.kms.katalon.core.keyword.builtin.CallTestCaseKeyword$_callTestCase_closure1.doCall(CallTestCaseKeyword.groovy:59)
	at com.kms.katalon.core.keyword.builtin.CallTestCaseKeyword$_callTestCase_closure1.call(CallTestCaseKeyword.groovy)
	at com.kms.katalon.core.keyword.internal.KeywordMain.runKeyword(KeywordMain.groovy:54)
	at com.kms.katalon.core.keyword.builtin.CallTestCaseKeyword.callTestCase(CallTestCaseKeyword.groovy:80)
	at com.kms.katalon.core.keyword.builtin.CallTestCaseKeyword.execute(CallTestCaseKeyword.groovy:44)
	at com.kms.katalon.core.keyword.internal.KeywordExecutor.executeKeywordForPlatform(KeywordExecutor.groovy:53)
	at com.kms.katalon.core.keyword.BuiltinKeywords.callTestCase(BuiltinKeywords.groovy:334)
	at OTC_Submit Form 7_End to End - Cheque.run(OTC_Submit Form 7_End to End - Cheque:26)
	at com.kms.katalon.core.main.ScriptEngine.run(ScriptEngine.java:194)
	at com.kms.katalon.core.main.ScriptEngine.runScriptAsRawText(ScriptEngine.java:119)
	at com.kms.katalon.core.main.TestCaseExecutor.runScript(TestCaseExecutor.java:328)
	at com.kms.katalon.core.main.TestCaseExecutor.doExecute(TestCaseExecutor.java:319)
	at com.kms.katalon.core.main.TestCaseExecutor.processExecutionPhase(TestCaseExecutor.java:298)
	at com.kms.katalon.core.main.TestCaseExecutor.accessMainPhase(TestCaseExecutor.java:290)
	at com.kms.katalon.core.main.TestCaseExecutor.execute(TestCaseExecutor.java:224)
	at com.kms.katalon.core.main.TestCaseMain.runTestCase(TestCaseMain.java:106)
	at com.kms.katalon.core.keyword.builtin.CallTestCaseKeyword$_callTestCase_closure1.doCall(CallTestCaseKeyword.groovy:59)
	at com.kms.katalon.core.keyword.builtin.CallTestCaseKeyword$_callTestCase_closure1.call(CallTestCaseKeyword.groovy)
	at com.kms.katalon.core.keyword.internal.KeywordMain.runKeyword(KeywordMain.groovy:54)
	at com.kms.katalon.core.keyword.builtin.CallTestCaseKeyword.callTestCase(CallTestCaseKeyword.groovy:80)
	at com.kms.katalon.core.keyword.builtin.CallTestCaseKeyword.execute(CallTestCaseKeyword.groovy:44)
	at com.kms.katalon.core.keyword.internal.KeywordExecutor.executeKeywordForPlatform(KeywordExecutor.groovy:53)
	at com.kms.katalon.core.keyword.BuiltinKeywords.callTestCase(BuiltinKeywords.groovy:334)
	at Reject Claim - DA.run(Reject Claim - DA:16)
	at com.kms.katalon.core.main.ScriptEngine.run(ScriptEngine.java:194)
	at com.kms.katalon.core.main.ScriptEngine.runScriptAsRawText(ScriptEngine.java:119)
	at com.kms.katalon.core.main.TestCaseExecutor.runScript(TestCaseExecutor.java:328)
	at com.kms.katalon.core.main.TestCaseExecutor.doExecute(TestCaseExecutor.java:319)
	at com.kms.katalon.core.main.TestCaseExecutor.processExecutionPhase(TestCaseExecutor.java:298)
	at com.kms.katalon.core.main.TestCaseExecutor.accessMainPhase(TestCaseExecutor.java:290)
	at com.kms.katalon.core.main.TestCaseExecutor.execute(TestCaseExecutor.java:224)
	at com.kms.katalon.core.main.TestSuiteExecutor.accessTestCaseMainPhase(TestSuiteExecutor.java:129)
	at com.kms.katalon.core.main.TestSuiteExecutor.accessTestSuiteMainPhase(TestSuiteExecutor.java:112)
	at com.kms.katalon.core.main.TestSuiteExecutor.execute(TestSuiteExecutor.java:81)
	at com.kms.katalon.core.main.TestCaseMain.startTestSuite(TestCaseMain.java:149)
	at com.kms.katalon.core.main.TestCaseMain$startTestSuite$0.call(Unknown Source)
	at TempTestSuite1550652525208.run(TempTestSuite1550652525208.groovy:36)


2019-02-20 17:28:49 - [TEST_STEP][PASSED] - callTestCase(findTestCase("All TC/Arranged/3. Unit/EI/Form 7_default/OTC_Application_Reg"), [:], STOP_ON_FAILURE): Call Test Case 'Test Cases/All TC/Arranged/3. Unit/EI/Form 7_default/OTC_Application_Reg' successfully

2019-02-20 17:28:49 - [TEST_CASE][PASSED] - Test Cases/All TC/Arranged/3. Unit/EI/Form 7_default/OTC_Application_Reg: Test Cases/All TC/Arranged/3. Unit/EI/Form 7_default/OTC_Application_Reg

2019-02-20 17:28:49 - [TEST_STEP][PASSED] - openBrowser(""): Browser is opened with url: ''

2019-02-20 17:28:49 - [MESSAGE][WARNING] - A browser is already opened. Closing browser and opening a new one

2019-02-20 17:28:51 - [MESSAGE][INFO] - Starting 'Chrome' driver

2019-02-20 17:28:51 - [MESSAGE][INFO] - User set preference: ['args', '[--start-maximized]']

2019-02-20 17:28:55 - [MESSAGE][PASSED] - Browser is opened with url: ''

2019-02-20 17:28:55 - [TEST_STEP][PASSED] - navigateToUrl(Internal_Login): Navigate to 'http://10.20.24.188/eisportal/user/login' successfully

2019-02-20 17:28:57 - [MESSAGE][PASSED] - Navigate to 'http://10.20.24.188/eisportal/user/login' successfully

2019-02-20 17:28:57 - [TEST_STEP][PASSED] - delay(3): Delayed 3 second(s)

2019-02-20 17:29:00 - [MESSAGE][PASSED] - Delayed 3 second(s)

2019-02-20 17:29:00 - [TEST_STEP][PASSED] - setText(findTestObject("KeatMun/Form 7_default/OTC_Application_Reg/Page_PERKESO/1.username"), "faizal.hamid@perkeso.gov.my"): Text 'faizal.hamid@perkeso.gov.my' is set on object 'Object Repository/KeatMun/Form 7_default/OTC_Application_Reg/Page_PERKESO/1.username'

2019-02-20 17:29:04 - [MESSAGE][PASSED] - Text 'faizal.hamid@perkeso.gov.my' is set on object 'Object Repository/KeatMun/Form 7_default/OTC_Application_Reg/Page_PERKESO/1.username'

2019-02-20 17:29:04 - [TEST_STEP][PASSED] - delay(1): Delayed 1 second(s)

2019-02-20 17:29:05 - [MESSAGE][PASSED] - Delayed 1 second(s)

2019-02-20 17:29:05 - [TEST_STEP][PASSED] - setEncryptedText(findTestObject("KeatMun/Form 7_default/OTC_Application_Reg/Page_PERKESO/2.password"), "CQqwFZlbeC8="): Text ****** has been set on object 'Object Repository/KeatMun/Form 7_default/OTC_Application_Reg/Page_PERKESO/2.password'

2019-02-20 17:29:09 - [MESSAGE][PASSED] - Text ****** has been set on object 'Object Repository/KeatMun/Form 7_default/OTC_Application_Reg/Page_PERKESO/2.password'

2019-02-20 17:29:09 - [TEST_STEP][PASSED] - delay(2): Delayed 2 second(s)

2019-02-20 17:29:11 - [MESSAGE][PASSED] - Delayed 2 second(s)

2019-02-20 17:29:11 - [TEST_STEP][PASSED] - click(findTestObject("KeatMun/Form 7_default/OTC_Application_Reg/Page_PERKESO/3.login button")): Object: 'Object Repository/KeatMun/Form 7_default/OTC_Application_Reg/Page_PERKESO/3.login button' is clicked on

2019-02-20 17:29:14 - [MESSAGE][PASSED] - Object: 'Object Repository/KeatMun/Form 7_default/OTC_Application_Reg/Page_PERKESO/3.login button' is clicked on

2019-02-20 17:29:14 - [TEST_STEP][PASSED] - delay(2): Delayed 2 second(s)

2019-02-20 17:29:16 - [MESSAGE][PASSED] - Delayed 2 second(s)

2019-02-20 17:29:16 - [TEST_STEP][PASSED] - click(findTestObject("KeatMun/Form 7_default/OTC_Application_Reg/Page_PERKESO/4. Permohonan tab")): Object: 'Object Repository/KeatMun/Form 7_default/OTC_Application_Reg/Page_PERKESO/4. Permohonan tab' is clicked on

2019-02-20 17:29:18 - [MESSAGE][PASSED] - Object: 'Object Repository/KeatMun/Form 7_default/OTC_Application_Reg/Page_PERKESO/4. Permohonan tab' is clicked on

2019-02-20 17:29:18 - [TEST_STEP][PASSED] - delay(2): Delayed 2 second(s)

2019-02-20 17:29:20 - [MESSAGE][PASSED] - Delayed 2 second(s)

2019-02-20 17:29:20 - [TEST_STEP][PASSED] - click(findTestObject("KeatMun/Form 7_default/OTC_Application_Reg/Page_PERKESO/5.button_Setuju")): Object: 'Object Repository/KeatMun/Form 7_default/OTC_Application_Reg/Page_PERKESO/5.button_Setuju' is clicked on

2019-02-20 17:29:23 - [MESSAGE][PASSED] - Object: 'Object Repository/KeatMun/Form 7_default/OTC_Application_Reg/Page_PERKESO/5.button_Setuju' is clicked on

2019-02-20 17:29:23 - [TEST_STEP][PASSED] - delay(2): Delayed 2 second(s)

2019-02-20 17:29:25 - [MESSAGE][PASSED] - Delayed 2 second(s)

2019-02-20 17:29:25 - [TEST_STEP][PASSED] - callTestCase(findTestCase("All TC/Arranged/1. Common/IC List Checker"), [:], STOP_ON_FAILURE): Call Test Case 'Test Cases/All TC/Arranged/1. Common/IC List Checker' successfully

2019-02-20 17:29:25 - [TEST_CASE][PASSED] - Test Cases/All TC/Arranged/1. Common/IC List Checker: Test Cases/All TC/Arranged/1. Common/IC List Checker

2019-02-20 17:29:25 - [TEST_STEP][PASSED] - counter = 0: null

2019-02-20 17:29:25 - [TEST_STEP][PASSED] - fis = new java.io.FileInputStream((internal.GlobalVariable.TextFilePathCommon + \IC.xlsx)): null

2019-02-20 17:29:25 - [TEST_STEP][PASSED] - workbook = new org.apache.poi.xssf.usermodel.XSSFWorkbook(fis): null

2019-02-20 17:29:25 - [TEST_STEP][PASSED] - sheet = workbook.getSheet("Sheet1"): null

2019-02-20 17:29:25 - [TEST_STEP][PASSED] - totalRow = sheet.getLastRowNum(): null

2019-02-20 17:29:25 - [TEST_STEP][PASSED] - out.println(totalRow): null

2019-02-20 17:29:25 - [TEST_STEP][PASSED] - row = sheet.getRow(counter): null

2019-02-20 17:29:25 - [TEST_STEP][PASSED] - cell = row.getCell(counter): null

2019-02-20 17:29:25 - [TEST_STEP][PASSED] - a = cell.getStringCellValue(): null

2019-02-20 17:29:25 - [TEST_STEP][PASSED] - IC = a: null

2019-02-20 17:29:25 - [TEST_STEP][PASSED] - out.println(IC): null

2019-02-20 17:29:25 - [TEST_STEP][PASSED] - callTestCase(findTestCase("All TC/Arranged/1. Common/1.2 Setter/Setter IC"), [:], STOP_ON_FAILURE): Call Test Case 'Test Cases/All TC/Arranged/1. Common/1.2 Setter/Setter IC' successfully

2019-02-20 17:29:25 - [TEST_CASE][PASSED] - Test Cases/All TC/Arranged/1. Common/1.2 Setter/Setter IC: Test Cases/All TC/Arranged/1. Common/1.2 Setter/Setter IC

2019-02-20 17:29:25 - [TEST_STEP][PASSED] - RefNoOldFile = new java.io.File((internal.GlobalVariable.TextFilePathCommon + \getIC.txt)): null

2019-02-20 17:29:25 - [TEST_STEP][PASSED] - RefNoOldFile.delete(): null

2019-02-20 17:29:25 - [TEST_STEP][PASSED] - delay(5): Delayed 5 second(s)

2019-02-20 17:29:30 - [MESSAGE][PASSED] - Delayed 5 second(s)

2019-02-20 17:29:30 - [TEST_STEP][PASSED] - RefNo = new java.io.File((internal.GlobalVariable.TextFilePathCommon + \getIC.txt)): null

2019-02-20 17:29:30 - [TEST_STEP][PASSED] - f2 = new java.io.FileWriter(RefNo, false): null

2019-02-20 17:29:30 - [TEST_STEP][PASSED] - f2.write(IC): null

2019-02-20 17:29:30 - [TEST_STEP][PASSED] - f2.close(): null

2019-02-20 17:29:30 - [TEST_STEP][PASSED] - out.println("


" + IC + "


"): null

2019-02-20 17:29:30 - [MESSAGE][PASSED] - Call Test Case 'Test Cases/All TC/Arranged/1. Common/1.2 Setter/Setter IC' successfully

2019-02-20 17:29:30 - [MESSAGE][PASSED] - Call Test Case 'Test Cases/All TC/Arranged/1. Common/IC List Checker' successfully

2019-02-20 17:29:30 - [TEST_STEP][PASSED] - setText(findTestObject("KeatMun/Form 7_default/OTC_Application_Reg/Page_PERKESO/6.No. Kad Pengenalan"), IC): Text '861023436638' is set on object 'Object Repository/KeatMun/Form 7_default/OTC_Application_Reg/Page_PERKESO/6.No. Kad Pengenalan'

2019-02-20 17:29:35 - [MESSAGE][PASSED] - Text '861023436638' is set on object 'Object Repository/KeatMun/Form 7_default/OTC_Application_Reg/Page_PERKESO/6.No. Kad Pengenalan'

2019-02-20 17:29:35 - [TEST_STEP][PASSED] - delay(2): Delayed 2 second(s)

2019-02-20 17:29:37 - [MESSAGE][PASSED] - Delayed 2 second(s)

2019-02-20 17:29:37 - [TEST_STEP][PASSED] - click(findTestObject("KeatMun/Form 7_default/OTC_Application_Reg/Page_PERKESO/7.button_Semak")): Object: 'Object Repository/KeatMun/Form 7_default/OTC_Application_Reg/Page_PERKESO/7.button_Semak' is clicked on

2019-02-20 17:29:39 - [MESSAGE][PASSED] - Object: 'Object Repository/KeatMun/Form 7_default/OTC_Application_Reg/Page_PERKESO/7.button_Semak' is clicked on

2019-02-20 17:29:39 - [TEST_STEP][PASSED] - delay(4): Delayed 4 second(s)

2019-02-20 17:29:43 - [MESSAGE][PASSED] - Delayed 4 second(s)

2019-02-20 17:29:43 - [TEST_STEP][PASSED] - click(findTestObject("KeatMun/Form 7_default/OTC_Application_Reg/Page_PERKESO/8. Nama Majikan Dropdown")): Object: 'Object Repository/KeatMun/Form 7_default/OTC_Application_Reg/Page_PERKESO/8. Nama Majikan Dropdown' is clicked on

2019-02-20 17:29:45 - [MESSAGE][PASSED] - Object: 'Object Repository/KeatMun/Form 7_default/OTC_Application_Reg/Page_PERKESO/8. Nama Majikan Dropdown' is clicked on

2019-02-20 17:29:45 - [TEST_STEP][PASSED] - setText(findTestObject("KeatMun/Form 7_default/OTC_Application_Reg/Page_PERKESO/8. LOE emp"), "pet"): Text 'pet' is set on object 'Object Repository/KeatMun/Form 7_default/OTC_Application_Reg/Page_PERKESO/8. LOE emp'

2019-02-20 17:29:49 - [MESSAGE][PASSED] - Text 'pet' is set on object 'Object Repository/KeatMun/Form 7_default/OTC_Application_Reg/Page_PERKESO/8. LOE emp'

2019-02-20 17:29:49 - [TEST_STEP][PASSED] - click(findTestObject("KeatMun/Form 7_default/OTC_Application_Reg/Page_PERKESO/8. PETRONAS")): Object: 'Object Repository/KeatMun/Form 7_default/OTC_Application_Reg/Page_PERKESO/8. PETRONAS' is clicked on

2019-02-20 17:29:51 - [MESSAGE][PASSED] - Object: 'Object Repository/KeatMun/Form 7_default/OTC_Application_Reg/Page_PERKESO/8. PETRONAS' is clicked on

2019-02-20 17:29:51 - [TEST_STEP][PASSED] - delay(2): Delayed 2 second(s)

2019-02-20 17:29:53 - [MESSAGE][PASSED] - Delayed 2 second(s)

2019-02-20 17:29:53 - [TEST_STEP][PASSED] - setText(findTestObject("KeatMun/Form 7_default/OTC_Application_Reg/Page_PERKESO/9.Tarikh kehilangan pkj"), "10/01/2019"): Text '10/01/2019' is set on object 'Object Repository/KeatMun/Form 7_default/OTC_Application_Reg/Page_PERKESO/9.Tarikh kehilangan pkj'

2019-02-20 17:29:57 - [MESSAGE][PASSED] - Text '10/01/2019' is set on object 'Object Repository/KeatMun/Form 7_default/OTC_Application_Reg/Page_PERKESO/9.Tarikh kehilangan pkj'

2019-02-20 17:29:57 - [TEST_STEP][PASSED] - delay(2): Delayed 2 second(s)

2019-02-20 17:29:59 - [MESSAGE][PASSED] - Delayed 2 second(s)

2019-02-20 17:29:59 - [TEST_STEP][PASSED] - click(findTestObject("KeatMun/Form 7_default/OTC_Application_Reg/Page_PERKESO/9. Date Picker Done Button ")): Object: 'Object Repository/KeatMun/Form 7_default/OTC_Application_Reg/Page_PERKESO/9. Date Picker Done Button ' is clicked on

2019-02-20 17:30:02 - [MESSAGE][PASSED] - Object: 'Object Repository/KeatMun/Form 7_default/OTC_Application_Reg/Page_PERKESO/9. Date Picker Done Button ' is clicked on

2019-02-20 17:30:02 - [TEST_STEP][PASSED] - delay(2): Delayed 2 second(s)

2019-02-20 17:30:04 - [MESSAGE][PASSED] - Delayed 2 second(s)

2019-02-20 17:30:04 - [TEST_STEP][PASSED] - click(findTestObject("KeatMun/Form 7_default/OTC_Application_Reg/Page_PERKESO/10.button_Mohon")): Object: 'Object Repository/KeatMun/Form 7_default/OTC_Application_Reg/Page_PERKESO/10.button_Mohon' is clicked on

2019-02-20 17:30:06 - [MESSAGE][PASSED] - Object: 'Object Repository/KeatMun/Form 7_default/OTC_Application_Reg/Page_PERKESO/10.button_Mohon' is clicked on

2019-02-20 17:30:06 - [TEST_STEP][PASSED] - delay(2): Delayed 2 second(s)

2019-02-20 17:30:08 - [MESSAGE][PASSED] - Delayed 2 second(s)

2019-02-20 17:30:08 - [TEST_STEP][PASSED] - setText(findTestObject("KeatMun/Form 7_default/OTC_Application_Reg/Page_PERKESO/11.Tarikh Terima_stampedDtS"), "10/01/2019"): Text '10/01/2019' is set on object 'Object Repository/KeatMun/Form 7_default/OTC_Application_Reg/Page_PERKESO/11.Tarikh Terima_stampedDtS'

2019-02-20 17:30:12 - [MESSAGE][PASSED] - Text '10/01/2019' is set on object 'Object Repository/KeatMun/Form 7_default/OTC_Application_Reg/Page_PERKESO/11.Tarikh Terima_stampedDtS'

2019-02-20 17:30:12 - [TEST_STEP][PASSED] - delay(2): Delayed 2 second(s)

2019-02-20 17:30:14 - [MESSAGE][PASSED] - Delayed 2 second(s)

2019-02-20 17:30:14 - [TEST_STEP][PASSED] - click(findTestObject("KeatMun/Form 7_default/OTC_Application_Reg/Page_PERKESO/11. Date Picker Done Button")): Object: 'Object Repository/KeatMun/Form 7_default/OTC_Application_Reg/Page_PERKESO/11. Date Picker Done Button' is clicked on

2019-02-20 17:30:16 - [MESSAGE][PASSED] - Object: 'Object Repository/KeatMun/Form 7_default/OTC_Application_Reg/Page_PERKESO/11. Date Picker Done Button' is clicked on

2019-02-20 17:30:16 - [TEST_STEP][PASSED] - delay(2): Delayed 2 second(s)

2019-02-20 17:30:18 - [MESSAGE][PASSED] - Delayed 2 second(s)

2019-02-20 17:30:18 - [TEST_STEP][PASSED] - click(findTestObject("KeatMun/Form 7_default/OTC_Application_Reg/Page_PERKESO/11.button_TERUSKAN")): Object: 'Object Repository/KeatMun/Form 7_default/OTC_Application_Reg/Page_PERKESO/11.button_TERUSKAN' is clicked on

2019-02-20 17:30:20 - [MESSAGE][PASSED] - Object: 'Object Repository/KeatMun/Form 7_default/OTC_Application_Reg/Page_PERKESO/11.button_TERUSKAN' is clicked on

2019-02-20 17:30:20 - [TEST_STEP][PASSED] - delay(2): Delayed 2 second(s)

2019-02-20 17:30:22 - [MESSAGE][PASSED] - Delayed 2 second(s)

2019-02-20 17:30:22 - [TEST_STEP][PASSED] - selectOptionByValue(findTestObject("KeatMun/Form 7_default/OTC_Application_Reg/Page_PERKESO/12.--Sila Pilih--PejabatPKS"), "22", true): All options with value '22' are selected in object 'Object Repository/KeatMun/Form 7_default/OTC_Application_Reg/Page_PERKESO/12.--Sila Pilih--PejabatPKS'  using regular expression

2019-02-20 17:31:52 - [MESSAGE][PASSED] - All options with value '22' are selected in object 'Object Repository/KeatMun/Form 7_default/OTC_Application_Reg/Page_PERKESO/12.--Sila Pilih--PejabatPKS'  using regular expression

2019-02-20 17:31:52 - [TEST_STEP][PASSED] - delay(2): Delayed 2 second(s)

2019-02-20 17:31:54 - [MESSAGE][PASSED] - Delayed 2 second(s)

2019-02-20 17:31:54 - [TEST_STEP][PASSED] - click(findTestObject("KeatMun/Form 7_default/OTC_Application_Reg/Page_PERKESO/13. Halaman Seterusnya")): Object: 'Object Repository/KeatMun/Form 7_default/OTC_Application_Reg/Page_PERKESO/13. Halaman Seterusnya' is clicked on

2019-02-20 17:31:57 - [MESSAGE][PASSED] - Object: 'Object Repository/KeatMun/Form 7_default/OTC_Application_Reg/Page_PERKESO/13. Halaman Seterusnya' is clicked on

2019-02-20 17:31:57 - [MESSAGE][PASSED] - Call Test Case 'Test Cases/All TC/Arranged/3. Unit/EI/Form 7_default/OTC_Application_Reg' successfully

2019-02-20 17:31:57 - [TEST_STEP][PASSED] - callTestCase(findTestCase("All TC/Arranged/3. Unit/EI/Form 7_default/OTC_Submit Form 7_Section A"), [:], STOP_ON_FAILURE): Call Test Case 'Test Cases/All TC/Arranged/3. Unit/EI/Form 7_default/OTC_Submit Form 7_Section A' successfully

2019-02-20 17:31:57 - [TEST_CASE][PASSED] - Test Cases/All TC/Arranged/3. Unit/EI/Form 7_default/OTC_Submit Form 7_Section A: Test Cases/All TC/Arranged/3. Unit/EI/Form 7_default/OTC_Submit Form 7_Section A

2019-02-20 17:31:57 - [TEST_STEP][PASSED] - delay(2): Delayed 2 second(s)

2019-02-20 17:31:59 - [MESSAGE][PASSED] - Delayed 2 second(s)

2019-02-20 17:31:59 - [TEST_STEP][PASSED] - setText(findTestObject("KeatMun/Form 7_default/OTC_Submit Form 7_Section A/Page_PERKESO/A4. EmployeeDob"), "10/01/2019"): Text '10/01/2019' is set on object 'Object Repository/KeatMun/Form 7_default/OTC_Submit Form 7_Section A/Page_PERKESO/A4. EmployeeDob'

2019-02-20 17:32:03 - [MESSAGE][PASSED] - Text '10/01/2019' is set on object 'Object Repository/KeatMun/Form 7_default/OTC_Submit Form 7_Section A/Page_PERKESO/A4. EmployeeDob'

2019-02-20 17:32:03 - [TEST_STEP][PASSED] - delay(2): Delayed 2 second(s)

2019-02-20 17:32:05 - [MESSAGE][PASSED] - Delayed 2 second(s)

2019-02-20 17:32:05 - [TEST_STEP][PASSED] - click(findTestObject("KeatMun/Form 7_default/OTC_Submit Form 7_Section A/Page_PERKESO/A5. Bangsa")): Object: 'Object Repository/KeatMun/Form 7_default/OTC_Submit Form 7_Section A/Page_PERKESO/A5. Bangsa' is clicked on

2019-02-20 17:32:07 - [MESSAGE][PASSED] - Object: 'Object Repository/KeatMun/Form 7_default/OTC_Submit Form 7_Section A/Page_PERKESO/A5. Bangsa' is clicked on

2019-02-20 17:32:07 - [TEST_STEP][PASSED] - click(findTestObject("KeatMun/Form 7_default/OTC_Submit Form 7_Section A/Page_PERKESO/A5. Bumiputera Sabah")): Object: 'Object Repository/KeatMun/Form 7_default/OTC_Submit Form 7_Section A/Page_PERKESO/A5. Bumiputera Sabah' is clicked on

2019-02-20 17:32:09 - [MESSAGE][PASSED] - Object: 'Object Repository/KeatMun/Form 7_default/OTC_Submit Form 7_Section A/Page_PERKESO/A5. Bumiputera Sabah' is clicked on

2019-02-20 17:32:09 - [TEST_STEP][PASSED] - delay(2): Delayed 2 second(s)

2019-02-20 17:32:11 - [MESSAGE][PASSED] - Delayed 2 second(s)

2019-02-20 17:32:11 - [TEST_STEP][PASSED] - click(findTestObject("KeatMun/Form 7_default/OTC_Submit Form 7_Section A/Page_PERKESO/A6. Jantina")): Object: 'Object Repository/KeatMun/Form 7_default/OTC_Submit Form 7_Section A/Page_PERKESO/A6. Jantina' is clicked on

2019-02-20 17:32:13 - [MESSAGE][PASSED] - Object: 'Object Repository/KeatMun/Form 7_default/OTC_Submit Form 7_Section A/Page_PERKESO/A6. Jantina' is clicked on

2019-02-20 17:32:13 - [TEST_STEP][PASSED] - click(findTestObject("KeatMun/Form 7_default/OTC_Submit Form 7_Section A/Page_PERKESO/A6. Lelaki")): Object: 'Object Repository/KeatMun/Form 7_default/OTC_Submit Form 7_Section A/Page_PERKESO/A6. Lelaki' is clicked on

2019-02-20 17:32:16 - [MESSAGE][PASSED] - Object: 'Object Repository/KeatMun/Form 7_default/OTC_Submit Form 7_Section A/Page_PERKESO/A6. Lelaki' is clicked on

2019-02-20 17:32:16 - [TEST_STEP][PASSED] - delay(2): Delayed 2 second(s)

2019-02-20 17:32:18 - [MESSAGE][PASSED] - Delayed 2 second(s)

2019-02-20 17:32:18 - [TEST_STEP][PASSED] - click(findTestObject("KeatMun/Form 7_default/OTC_Submit Form 7_Section A/Page_PERKESO/A7. Kewarganegaraan")): Object: 'Object Repository/KeatMun/Form 7_default/OTC_Submit Form 7_Section A/Page_PERKESO/A7. Kewarganegaraan' is clicked on

2019-02-20 17:32:20 - [MESSAGE][PASSED] - Object: 'Object Repository/KeatMun/Form 7_default/OTC_Submit Form 7_Section A/Page_PERKESO/A7. Kewarganegaraan' is clicked on

2019-02-20 17:32:20 - [TEST_STEP][PASSED] - click(findTestObject("KeatMun/Form 7_default/OTC_Submit Form 7_Section A/Page_PERKESO/A7. Malaysia")): Object: 'Object Repository/KeatMun/Form 7_default/OTC_Submit Form 7_Section A/Page_PERKESO/A7. Malaysia' is clicked on

2019-02-20 17:32:22 - [MESSAGE][PASSED] - Object: 'Object Repository/KeatMun/Form 7_default/OTC_Submit Form 7_Section A/Page_PERKESO/A7. Malaysia' is clicked on

2019-02-20 17:32:22 - [TEST_STEP][PASSED] - delay(2): Delayed 2 second(s)

2019-02-20 17:32:24 - [MESSAGE][PASSED] - Delayed 2 second(s)

2019-02-20 17:32:24 - [TEST_STEP][PASSED] - click(findTestObject("KeatMun/Form 7_default/OTC_Submit Form 7_Section A/Page_PERKESO/A8. Status Perkahwinan")): Object: 'Object Repository/KeatMun/Form 7_default/OTC_Submit Form 7_Section A/Page_PERKESO/A8. Status Perkahwinan' is clicked on

2019-02-20 17:32:26 - [MESSAGE][PASSED] - Object: 'Object Repository/KeatMun/Form 7_default/OTC_Submit Form 7_Section A/Page_PERKESO/A8. Status Perkahwinan' is clicked on

2019-02-20 17:32:26 - [TEST_STEP][PASSED] - click(findTestObject("KeatMun/Form 7_default/OTC_Submit Form 7_Section A/Page_PERKESO/A8. Bujang")): Object: 'Object Repository/KeatMun/Form 7_default/OTC_Submit Form 7_Section A/Page_PERKESO/A8. Bujang' is clicked on

2019-02-20 17:32:28 - [MESSAGE][PASSED] - Object: 'Object Repository/KeatMun/Form 7_default/OTC_Submit Form 7_Section A/Page_PERKESO/A8. Bujang' is clicked on

2019-02-20 17:32:28 - [TEST_STEP][PASSED] - delay(2): Delayed 2 second(s)

2019-02-20 17:32:30 - [MESSAGE][PASSED] - Delayed 2 second(s)

2019-02-20 17:32:30 - [TEST_STEP][PASSED] - setText(findTestObject("KeatMun/Form 7_default/OTC_Submit Form 7_Section A/Page_PERKESO/A9. Address1"), "qwertyuiop"): Text 'qwertyuiop' is set on object 'Object Repository/KeatMun/Form 7_default/OTC_Submit Form 7_Section A/Page_PERKESO/A9. Address1'

2019-02-20 17:32:34 - [MESSAGE][PASSED] - Text 'qwertyuiop' is set on object 'Object Repository/KeatMun/Form 7_default/OTC_Submit Form 7_Section A/Page_PERKESO/A9. Address1'

2019-02-20 17:32:34 - [TEST_STEP][PASSED] - delay(2): Delayed 2 second(s)

2019-02-20 17:32:36 - [MESSAGE][PASSED] - Delayed 2 second(s)

2019-02-20 17:32:36 - [TEST_STEP][PASSED] - click(findTestObject("KeatMun/Form 7_default/OTC_Submit Form 7_Section A/Page_PERKESO/A10. Negeri")): Object: 'Object Repository/KeatMun/Form 7_default/OTC_Submit Form 7_Section A/Page_PERKESO/A10. Negeri' is clicked on

2019-02-20 17:32:39 - [MESSAGE][PASSED] - Object: 'Object Repository/KeatMun/Form 7_default/OTC_Submit Form 7_Section A/Page_PERKESO/A10. Negeri' is clicked on

2019-02-20 17:32:39 - [TEST_STEP][PASSED] - click(findTestObject("KeatMun/Form 7_default/OTC_Submit Form 7_Section A/Page_PERKESO/A10. JOHOR")): Object: 'Object Repository/KeatMun/Form 7_default/OTC_Submit Form 7_Section A/Page_PERKESO/A10. JOHOR' is clicked on

2019-02-20 17:32:41 - [MESSAGE][PASSED] - Object: 'Object Repository/KeatMun/Form 7_default/OTC_Submit Form 7_Section A/Page_PERKESO/A10. JOHOR' is clicked on

2019-02-20 17:32:41 - [TEST_STEP][PASSED] - delay(2): Delayed 2 second(s)

2019-02-20 17:32:43 - [MESSAGE][PASSED] - Delayed 2 second(s)

2019-02-20 17:32:43 - [TEST_STEP][PASSED] - click(findTestObject("KeatMun/Form 7_default/OTC_Submit Form 7_Section A/Page_PERKESO/A11. --Sila Pilih--")): Object: 'Object Repository/KeatMun/Form 7_default/OTC_Submit Form 7_Section A/Page_PERKESO/A11. --Sila Pilih--' is clicked on

2019-02-20 17:32:45 - [MESSAGE][PASSED] - Object: 'Object Repository/KeatMun/Form 7_default/OTC_Submit Form 7_Section A/Page_PERKESO/A11. --Sila Pilih--' is clicked on

2019-02-20 17:32:45 - [TEST_STEP][PASSED] - setText(findTestObject("KeatMun/Form 7_default/OTC_Submit Form 7_Section A/Page_PERKESO/A11. Done_select2-search__fie (1)"), "jo"): Text 'jo' is set on object 'Object Repository/KeatMun/Form 7_default/OTC_Submit Form 7_Section A/Page_PERKESO/A11. Done_select2-search__fie (1)'

2019-02-20 17:32:49 - [MESSAGE][PASSED] - Text 'jo' is set on object 'Object Repository/KeatMun/Form 7_default/OTC_Submit Form 7_Section A/Page_PERKESO/A11. Done_select2-search__fie (1)'

2019-02-20 17:32:49 - [TEST_STEP][PASSED] - setText(findTestObject("KeatMun/Form 7_default/OTC_Submit Form 7_Section A/Page_PERKESO/A11. concat(id(  select2-city"), "jo"): Text 'jo' is set on object 'Object Repository/KeatMun/Form 7_default/OTC_Submit Form 7_Section A/Page_PERKESO/A11. concat(id(  select2-city'

2019-02-20 17:32:53 - [MESSAGE][PASSED] - Text 'jo' is set on object 'Object Repository/KeatMun/Form 7_default/OTC_Submit Form 7_Section A/Page_PERKESO/A11. concat(id(  select2-city'

2019-02-20 17:32:53 - [TEST_STEP][PASSED] - click(findTestObject("KeatMun/Form 7_default/OTC_Submit Form 7_Section A/Page_PERKESO/A11. JOHOR BAHRU")): Object: 'Object Repository/KeatMun/Form 7_default/OTC_Submit Form 7_Section A/Page_PERKESO/A11. JOHOR BAHRU' is clicked on

2019-02-20 17:32:55 - [MESSAGE][PASSED] - Object: 'Object Repository/KeatMun/Form 7_default/OTC_Submit Form 7_Section A/Page_PERKESO/A11. JOHOR BAHRU' is clicked on

2019-02-20 17:32:55 - [TEST_STEP][PASSED] - delay(2): Delayed 2 second(s)

2019-02-20 17:32:57 - [MESSAGE][PASSED] - Delayed 2 second(s)

2019-02-20 17:32:57 - [TEST_STEP][PASSED] - click(findTestObject("KeatMun/Form 7_default/OTC_Submit Form 7_Section A/Page_PERKESO/A12. --Sila Isikan--")): Object: 'Object Repository/KeatMun/Form 7_default/OTC_Submit Form 7_Section A/Page_PERKESO/A12. --Sila Isikan--' is clicked on

2019-02-20 17:33:00 - [MESSAGE][PASSED] - Object: 'Object Repository/KeatMun/Form 7_default/OTC_Submit Form 7_Section A/Page_PERKESO/A12. --Sila Isikan--' is clicked on

2019-02-20 17:33:00 - [TEST_STEP][PASSED] - setText(findTestObject("KeatMun/Form 7_default/OTC_Submit Form 7_Section A/Page_PERKESO/A11. Done_select2-search__fie"), "84"): Text '84' is set on object 'Object Repository/KeatMun/Form 7_default/OTC_Submit Form 7_Section A/Page_PERKESO/A11. Done_select2-search__fie'

2019-02-20 17:33:04 - [MESSAGE][PASSED] - Text '84' is set on object 'Object Repository/KeatMun/Form 7_default/OTC_Submit Form 7_Section A/Page_PERKESO/A11. Done_select2-search__fie'

2019-02-20 17:33:04 - [TEST_STEP][PASSED] - click(findTestObject("KeatMun/Form 7_default/OTC_Submit Form 7_Section A/Page_PERKESO/A12. 84000")): Object: 'Object Repository/KeatMun/Form 7_default/OTC_Submit Form 7_Section A/Page_PERKESO/A12. 84000' is clicked on

2019-02-20 17:33:06 - [MESSAGE][PASSED] - Object: 'Object Repository/KeatMun/Form 7_default/OTC_Submit Form 7_Section A/Page_PERKESO/A12. 84000' is clicked on

2019-02-20 17:33:06 - [TEST_STEP][PASSED] - delay(2): Delayed 2 second(s)

2019-02-20 17:33:08 - [MESSAGE][PASSED] - Delayed 2 second(s)

2019-02-20 17:33:08 - [TEST_STEP][PASSED] - setText(findTestObject("KeatMun/Form 7_default/OTC_Submit Form 7_Section A/Page_PERKESO/A13. mobileContact1"), "1234567890"): Text '1234567890' is set on object 'Object Repository/KeatMun/Form 7_default/OTC_Submit Form 7_Section A/Page_PERKESO/A13. mobileContact1'

2019-02-20 17:33:12 - [MESSAGE][PASSED] - Text '1234567890' is set on object 'Object Repository/KeatMun/Form 7_default/OTC_Submit Form 7_Section A/Page_PERKESO/A13. mobileContact1'

2019-02-20 17:33:12 - [TEST_STEP][PASSED] - delay(2): Delayed 2 second(s)

2019-02-20 17:33:14 - [MESSAGE][PASSED] - Delayed 2 second(s)

2019-02-20 17:33:14 - [TEST_STEP][PASSED] - click(findTestObject("KeatMun/Form 7_default/OTC_Submit Form 7_Section A/Page_PERKESO/A14. Halaman Seterusnya")): Object: 'Object Repository/KeatMun/Form 7_default/OTC_Submit Form 7_Section A/Page_PERKESO/A14. Halaman Seterusnya' is clicked on

2019-02-20 17:33:16 - [MESSAGE][PASSED] - Object: 'Object Repository/KeatMun/Form 7_default/OTC_Submit Form 7_Section A/Page_PERKESO/A14. Halaman Seterusnya' is clicked on

2019-02-20 17:33:16 - [TEST_STEP][PASSED] - delay(2): Delayed 2 second(s)

2019-02-20 17:33:18 - [MESSAGE][PASSED] - Delayed 2 second(s)

2019-02-20 17:33:18 - [MESSAGE][PASSED] - Call Test Case 'Test Cases/All TC/Arranged/3. Unit/EI/Form 7_default/OTC_Submit Form 7_Section A' successfully

2019-02-20 17:33:18 - [TEST_STEP][PASSED] - callTestCase(findTestCase("All TC/Arranged/3. Unit/EI/Form 7_default/OTC_Submit Form 7_Section B"), [:], STOP_ON_FAILURE): Call Test Case 'Test Cases/All TC/Arranged/3. Unit/EI/Form 7_default/OTC_Submit Form 7_Section B' successfully

2019-02-20 17:33:18 - [TEST_CASE][PASSED] - Test Cases/All TC/Arranged/3. Unit/EI/Form 7_default/OTC_Submit Form 7_Section B: Test Cases/All TC/Arranged/3. Unit/EI/Form 7_default/OTC_Submit Form 7_Section B

2019-02-20 17:33:18 - [TEST_STEP][PASSED] - delay(3): Delayed 3 second(s)

2019-02-20 17:33:21 - [MESSAGE][PASSED] - Delayed 3 second(s)

2019-02-20 17:33:21 - [TEST_STEP][PASSED] - click(findTestObject("KeatMun/Form 7_default/OTC_Submit Form 7_Section B/Page_PERKESO/B1. Jawatan")): Object: 'Object Repository/KeatMun/Form 7_default/OTC_Submit Form 7_Section B/Page_PERKESO/B1. Jawatan' is clicked on

2019-02-20 17:33:24 - [MESSAGE][PASSED] - Object: 'Object Repository/KeatMun/Form 7_default/OTC_Submit Form 7_Section B/Page_PERKESO/B1. Jawatan' is clicked on

2019-02-20 17:33:24 - [TEST_STEP][PASSED] - setText(findTestObject("KeatMun/Form 7_default/OTC_Submit Form 7_Section B/Page_PERKESO/B1. concat(id(  select2-posi"), "re"): Text 're' is set on object 'Object Repository/KeatMun/Form 7_default/OTC_Submit Form 7_Section B/Page_PERKESO/B1. concat(id(  select2-posi'

2019-02-20 17:33:28 - [MESSAGE][PASSED] - Text 're' is set on object 'Object Repository/KeatMun/Form 7_default/OTC_Submit Form 7_Section B/Page_PERKESO/B1. concat(id(  select2-posi'

2019-02-20 17:33:28 - [TEST_STEP][PASSED] - setText(findTestObject("KeatMun/Form 7_default/OTC_Submit Form 7_Section B/Page_PERKESO/B1. Done_select2-search__fie"), "re"): Text 're' is set on object 'Object Repository/KeatMun/Form 7_default/OTC_Submit Form 7_Section B/Page_PERKESO/B1. Done_select2-search__fie'

2019-02-20 17:33:32 - [MESSAGE][PASSED] - Text 're' is set on object 'Object Repository/KeatMun/Form 7_default/OTC_Submit Form 7_Section B/Page_PERKESO/B1. Done_select2-search__fie'

2019-02-20 17:33:32 - [TEST_STEP][PASSED] - click(findTestObject("KeatMun/Form 7_default/OTC_Submit Form 7_Section B/Page_PERKESO/B1. Arkitek Reka Bentuk")): Object: 'Object Repository/KeatMun/Form 7_default/OTC_Submit Form 7_Section B/Page_PERKESO/B1. Arkitek Reka Bentuk' is clicked on

2019-02-20 17:33:34 - [MESSAGE][PASSED] - Object: 'Object Repository/KeatMun/Form 7_default/OTC_Submit Form 7_Section B/Page_PERKESO/B1. Arkitek Reka Bentuk' is clicked on

2019-02-20 17:33:34 - [TEST_STEP][PASSED] - delay(2): Delayed 2 second(s)

2019-02-20 17:33:36 - [MESSAGE][PASSED] - Delayed 2 second(s)

2019-02-20 17:33:36 - [TEST_STEP][PASSED] - setText(findTestObject("KeatMun/Form 7_default/OTC_Submit Form 7_Section B/Page_PERKESO/B2. lastEmploymentStartDtSt"), "10/01/2019"): Text '10/01/2019' is set on object 'Object Repository/KeatMun/Form 7_default/OTC_Submit Form 7_Section B/Page_PERKESO/B2. lastEmploymentStartDtSt'

2019-02-20 17:33:40 - [MESSAGE][PASSED] - Text '10/01/2019' is set on object 'Object Repository/KeatMun/Form 7_default/OTC_Submit Form 7_Section B/Page_PERKESO/B2. lastEmploymentStartDtSt'

2019-02-20 17:33:40 - [TEST_STEP][PASSED] - delay(2): Delayed 2 second(s)

2019-02-20 17:33:42 - [MESSAGE][PASSED] - Delayed 2 second(s)

2019-02-20 17:33:42 - [TEST_STEP][PASSED] - click(findTestObject("KeatMun/Form 7_default/OTC_Submit Form 7_Section B/Page_PERKESO/B4. Status Perkejaan")): Object: 'Object Repository/KeatMun/Form 7_default/OTC_Submit Form 7_Section B/Page_PERKESO/B4. Status Perkejaan' is clicked on

2019-02-20 17:33:45 - [MESSAGE][PASSED] - Object: 'Object Repository/KeatMun/Form 7_default/OTC_Submit Form 7_Section B/Page_PERKESO/B4. Status Perkejaan' is clicked on

2019-02-20 17:33:45 - [TEST_STEP][PASSED] - click(findTestObject("KeatMun/Form 7_default/OTC_Submit Form 7_Section B/Page_PERKESO/B4. Tetap")): Object: 'Object Repository/KeatMun/Form 7_default/OTC_Submit Form 7_Section B/Page_PERKESO/B4. Tetap' is clicked on

2019-02-20 17:33:47 - [MESSAGE][PASSED] - Object: 'Object Repository/KeatMun/Form 7_default/OTC_Submit Form 7_Section B/Page_PERKESO/B4. Tetap' is clicked on

2019-02-20 17:33:47 - [TEST_STEP][PASSED] - delay(2): Delayed 2 second(s)

2019-02-20 17:33:49 - [MESSAGE][PASSED] - Delayed 2 second(s)

2019-02-20 17:33:49 - [TEST_STEP][PASSED] - setText(findTestObject("KeatMun/Form 7_default/OTC_Submit Form 7_Section B/Page_PERKESO/B5. Gaji (RM)_salary1"), "4000"): Text '4000' is set on object 'Object Repository/KeatMun/Form 7_default/OTC_Submit Form 7_Section B/Page_PERKESO/B5. Gaji (RM)_salary1'

2019-02-20 17:33:53 - [MESSAGE][PASSED] - Text '4000' is set on object 'Object Repository/KeatMun/Form 7_default/OTC_Submit Form 7_Section B/Page_PERKESO/B5. Gaji (RM)_salary1'

2019-02-20 17:33:53 - [TEST_STEP][PASSED] - delay(2): Delayed 2 second(s)

2019-02-20 17:33:55 - [MESSAGE][PASSED] - Delayed 2 second(s)

2019-02-20 17:33:55 - [TEST_STEP][PASSED] - setText(findTestObject("KeatMun/Form 7_default/OTC_Submit Form 7_Section B/Page_PERKESO/B5. Gaji (RM)_salary2"), "4000"): Text '4000' is set on object 'Object Repository/KeatMun/Form 7_default/OTC_Submit Form 7_Section B/Page_PERKESO/B5. Gaji (RM)_salary2'

2019-02-20 17:33:59 - [MESSAGE][PASSED] - Text '4000' is set on object 'Object Repository/KeatMun/Form 7_default/OTC_Submit Form 7_Section B/Page_PERKESO/B5. Gaji (RM)_salary2'

2019-02-20 17:33:59 - [TEST_STEP][PASSED] - delay(2): Delayed 2 second(s)

2019-02-20 17:34:01 - [MESSAGE][PASSED] - Delayed 2 second(s)

2019-02-20 17:34:01 - [TEST_STEP][PASSED] - setText(findTestObject("KeatMun/Form 7_default/OTC_Submit Form 7_Section B/Page_PERKESO/B5. Gaji (RM)_salary3"), "4000"): Text '4000' is set on object 'Object Repository/KeatMun/Form 7_default/OTC_Submit Form 7_Section B/Page_PERKESO/B5. Gaji (RM)_salary3'

2019-02-20 17:34:05 - [MESSAGE][PASSED] - Text '4000' is set on object 'Object Repository/KeatMun/Form 7_default/OTC_Submit Form 7_Section B/Page_PERKESO/B5. Gaji (RM)_salary3'

2019-02-20 17:34:05 - [TEST_STEP][PASSED] - delay(2): Delayed 2 second(s)

2019-02-20 17:34:07 - [MESSAGE][PASSED] - Delayed 2 second(s)

2019-02-20 17:34:07 - [TEST_STEP][PASSED] - setText(findTestObject("KeatMun/Form 7_default/OTC_Submit Form 7_Section B/Page_PERKESO/B5. Gaji (RM)_salary4"), "4000"): Text '4000' is set on object 'Object Repository/KeatMun/Form 7_default/OTC_Submit Form 7_Section B/Page_PERKESO/B5. Gaji (RM)_salary4'

2019-02-20 17:34:12 - [MESSAGE][PASSED] - Text '4000' is set on object 'Object Repository/KeatMun/Form 7_default/OTC_Submit Form 7_Section B/Page_PERKESO/B5. Gaji (RM)_salary4'

2019-02-20 17:34:12 - [TEST_STEP][PASSED] - delay(2): Delayed 2 second(s)

2019-02-20 17:34:14 - [MESSAGE][PASSED] - Delayed 2 second(s)

2019-02-20 17:34:14 - [TEST_STEP][PASSED] - setText(findTestObject("KeatMun/Form 7_default/OTC_Submit Form 7_Section B/Page_PERKESO/B5. Gaji (RM)_salary5"), "4000"): Text '4000' is set on object 'Object Repository/KeatMun/Form 7_default/OTC_Submit Form 7_Section B/Page_PERKESO/B5. Gaji (RM)_salary5'

2019-02-20 17:34:18 - [MESSAGE][PASSED] - Text '4000' is set on object 'Object Repository/KeatMun/Form 7_default/OTC_Submit Form 7_Section B/Page_PERKESO/B5. Gaji (RM)_salary5'

2019-02-20 17:34:18 - [TEST_STEP][PASSED] - delay(2): Delayed 2 second(s)

2019-02-20 17:34:20 - [MESSAGE][PASSED] - Delayed 2 second(s)

2019-02-20 17:34:20 - [TEST_STEP][PASSED] - setText(findTestObject("KeatMun/Form 7_default/OTC_Submit Form 7_Section B/Page_PERKESO/B5. Gaji (RM)_salary6"), "4000"): Text '4000' is set on object 'Object Repository/KeatMun/Form 7_default/OTC_Submit Form 7_Section B/Page_PERKESO/B5. Gaji (RM)_salary6'

2019-02-20 17:34:24 - [MESSAGE][PASSED] - Text '4000' is set on object 'Object Repository/KeatMun/Form 7_default/OTC_Submit Form 7_Section B/Page_PERKESO/B5. Gaji (RM)_salary6'

2019-02-20 17:34:24 - [TEST_STEP][PASSED] - delay(2): Delayed 2 second(s)

2019-02-20 17:34:26 - [MESSAGE][PASSED] - Delayed 2 second(s)

2019-02-20 17:34:26 - [TEST_STEP][PASSED] - click(findTestObject("KeatMun/Form 7_default/OTC_Submit Form 7_Section B/Page_PERKESO/B6. Reason JobLost")): Object: 'Object Repository/KeatMun/Form 7_default/OTC_Submit Form 7_Section B/Page_PERKESO/B6. Reason JobLost' is clicked on

2019-02-20 17:34:28 - [MESSAGE][PASSED] - Object: 'Object Repository/KeatMun/Form 7_default/OTC_Submit Form 7_Section B/Page_PERKESO/B6. Reason JobLost' is clicked on

2019-02-20 17:34:28 - [TEST_STEP][PASSED] - click(findTestObject("KeatMun/Form 7_default/OTC_Submit Form 7_Section B/Page_PERKESO/B6. Bencana alam (cth banjir ke")): Object: 'Object Repository/KeatMun/Form 7_default/OTC_Submit Form 7_Section B/Page_PERKESO/B6. Bencana alam (cth banjir ke' is clicked on

2019-02-20 17:34:30 - [MESSAGE][PASSED] - Object: 'Object Repository/KeatMun/Form 7_default/OTC_Submit Form 7_Section B/Page_PERKESO/B6. Bencana alam (cth banjir ke' is clicked on

2019-02-20 17:34:30 - [TEST_STEP][PASSED] - delay(3): Delayed 3 second(s)

2019-02-20 17:34:33 - [MESSAGE][PASSED] - Delayed 3 second(s)

2019-02-20 17:34:33 - [TEST_STEP][PASSED] - setText(findTestObject("KeatMun/Form 7_default/OTC_Submit Form 7_Section B/Page_PERKESO/B7. AverageWorkingHour"), "8"): Text '8' is set on object 'Object Repository/KeatMun/Form 7_default/OTC_Submit Form 7_Section B/Page_PERKESO/B7. AverageWorkingHour'

2019-02-20 17:34:37 - [MESSAGE][PASSED] - Text '8' is set on object 'Object Repository/KeatMun/Form 7_default/OTC_Submit Form 7_Section B/Page_PERKESO/B7. AverageWorkingHour'

2019-02-20 17:34:37 - [TEST_STEP][PASSED] - delay(2): Delayed 2 second(s)

2019-02-20 17:34:39 - [MESSAGE][PASSED] - Delayed 2 second(s)

2019-02-20 17:34:39 - [TEST_STEP][PASSED] - click(findTestObject("KeatMun/Form 7_default/OTC_Submit Form 7_Section B/Page_PERKESO/B8. Tidak_compensationInd")): Object: 'Object Repository/KeatMun/Form 7_default/OTC_Submit Form 7_Section B/Page_PERKESO/B8. Tidak_compensationInd' is clicked on

2019-02-20 17:34:42 - [MESSAGE][PASSED] - Object: 'Object Repository/KeatMun/Form 7_default/OTC_Submit Form 7_Section B/Page_PERKESO/B8. Tidak_compensationInd' is clicked on

2019-02-20 17:34:42 - [TEST_STEP][PASSED] - delay(1): Delayed 1 second(s)

2019-02-20 17:34:43 - [MESSAGE][PASSED] - Delayed 1 second(s)

2019-02-20 17:34:43 - [TEST_STEP][PASSED] - click(findTestObject("KeatMun/Form 7_default/OTC_Submit Form 7_Section B/Page_PERKESO/B9. Tidak_fileCaseInd")): Object: 'Object Repository/KeatMun/Form 7_default/OTC_Submit Form 7_Section B/Page_PERKESO/B9. Tidak_fileCaseInd' is clicked on

2019-02-20 17:34:45 - [MESSAGE][PASSED] - Object: 'Object Repository/KeatMun/Form 7_default/OTC_Submit Form 7_Section B/Page_PERKESO/B9. Tidak_fileCaseInd' is clicked on

2019-02-20 17:34:45 - [TEST_STEP][PASSED] - delay(1): Delayed 1 second(s)

2019-02-20 17:34:46 - [MESSAGE][PASSED] - Delayed 1 second(s)

2019-02-20 17:34:46 - [TEST_STEP][PASSED] - click(findTestObject("KeatMun/Form 7_default/OTC_Submit Form 7_Section B/Page_PERKESO/B10. Tidak_unregisterCaseInd")): Object: 'Object Repository/KeatMun/Form 7_default/OTC_Submit Form 7_Section B/Page_PERKESO/B10. Tidak_unregisterCaseInd' is clicked on

2019-02-20 17:34:48 - [MESSAGE][PASSED] - Object: 'Object Repository/KeatMun/Form 7_default/OTC_Submit Form 7_Section B/Page_PERKESO/B10. Tidak_unregisterCaseInd' is clicked on

2019-02-20 17:34:48 - [TEST_STEP][PASSED] - delay(2): Delayed 2 second(s)

2019-02-20 17:34:50 - [MESSAGE][PASSED] - Delayed 2 second(s)

2019-02-20 17:34:50 - [TEST_STEP][PASSED] - click(findTestObject("KeatMun/Form 7_default/OTC_Submit Form 7_Section B/Page_PERKESO/B11. Halaman Seterusnya")): Object: 'Object Repository/KeatMun/Form 7_default/OTC_Submit Form 7_Section B/Page_PERKESO/B11. Halaman Seterusnya' is clicked on

2019-02-20 17:34:52 - [MESSAGE][PASSED] - Object: 'Object Repository/KeatMun/Form 7_default/OTC_Submit Form 7_Section B/Page_PERKESO/B11. Halaman Seterusnya' is clicked on

2019-02-20 17:34:52 - [TEST_STEP][PASSED] - delay(3): Delayed 3 second(s)

2019-02-20 17:34:55 - [MESSAGE][PASSED] - Delayed 3 second(s)

2019-02-20 17:34:55 - [MESSAGE][PASSED] - Call Test Case 'Test Cases/All TC/Arranged/3. Unit/EI/Form 7_default/OTC_Submit Form 7_Section B' successfully

2019-02-20 17:34:55 - [TEST_STEP][PASSED] - callTestCase(findTestCase("All TC/Arranged/3. Unit/EI/Form 7_default/OTC_Submit Form 7_Section C"), [:], STOP_ON_FAILURE): Call Test Case 'Test Cases/All TC/Arranged/3. Unit/EI/Form 7_default/OTC_Submit Form 7_Section C' successfully

2019-02-20 17:34:55 - [TEST_CASE][PASSED] - Test Cases/All TC/Arranged/3. Unit/EI/Form 7_default/OTC_Submit Form 7_Section C: Test Cases/All TC/Arranged/3. Unit/EI/Form 7_default/OTC_Submit Form 7_Section C

2019-02-20 17:34:55 - [TEST_STEP][PASSED] - delay(2): Delayed 2 second(s)

2019-02-20 17:34:57 - [MESSAGE][PASSED] - Delayed 2 second(s)

2019-02-20 17:34:57 - [TEST_STEP][PASSED] - setText(findTestObject("KeatMun/Form 7_default/OTC_Submit Form 7_Section C/Page_PERKESO/C4. EmployerInfo"), "qwertyuiop"): Text 'qwertyuiop' is set on object 'Object Repository/KeatMun/Form 7_default/OTC_Submit Form 7_Section C/Page_PERKESO/C4. EmployerInfo'

2019-02-20 17:35:01 - [MESSAGE][PASSED] - Text 'qwertyuiop' is set on object 'Object Repository/KeatMun/Form 7_default/OTC_Submit Form 7_Section C/Page_PERKESO/C4. EmployerInfo'

2019-02-20 17:35:01 - [TEST_STEP][PASSED] - delay(2): Delayed 2 second(s)

2019-02-20 17:35:03 - [MESSAGE][PASSED] - Delayed 2 second(s)

2019-02-20 17:35:03 - [TEST_STEP][PASSED] - click(findTestObject("KeatMun/Form 7_default/OTC_Submit Form 7_Section C/Page_PERKESO/C5. Negeri")): Object: 'Object Repository/KeatMun/Form 7_default/OTC_Submit Form 7_Section C/Page_PERKESO/C5. Negeri' is clicked on

2019-02-20 17:35:05 - [MESSAGE][PASSED] - Object: 'Object Repository/KeatMun/Form 7_default/OTC_Submit Form 7_Section C/Page_PERKESO/C5. Negeri' is clicked on

2019-02-20 17:35:05 - [TEST_STEP][PASSED] - delay(2): Delayed 2 second(s)

2019-02-20 17:35:07 - [MESSAGE][PASSED] - Delayed 2 second(s)

2019-02-20 17:35:07 - [TEST_STEP][PASSED] - click(findTestObject("KeatMun/Form 7_default/OTC_Submit Form 7_Section C/Page_PERKESO/C5. JOHOR")): Object: 'Object Repository/KeatMun/Form 7_default/OTC_Submit Form 7_Section C/Page_PERKESO/C5. JOHOR' is clicked on

2019-02-20 17:35:10 - [MESSAGE][PASSED] - Object: 'Object Repository/KeatMun/Form 7_default/OTC_Submit Form 7_Section C/Page_PERKESO/C5. JOHOR' is clicked on

2019-02-20 17:35:10 - [TEST_STEP][PASSED] - delay(3): Delayed 3 second(s)

2019-02-20 17:35:13 - [MESSAGE][PASSED] - Delayed 3 second(s)

2019-02-20 17:35:13 - [TEST_STEP][PASSED] - click(findTestObject("KeatMun/Form 7_default/OTC_Submit Form 7_Section C/Page_PERKESO/C6. City")): Object: 'Object Repository/KeatMun/Form 7_default/OTC_Submit Form 7_Section C/Page_PERKESO/C6. City' is clicked on

2019-02-20 17:35:15 - [MESSAGE][PASSED] - Object: 'Object Repository/KeatMun/Form 7_default/OTC_Submit Form 7_Section C/Page_PERKESO/C6. City' is clicked on

2019-02-20 17:35:15 - [TEST_STEP][PASSED] - delay(2): Delayed 2 second(s)

2019-02-20 17:35:17 - [MESSAGE][PASSED] - Delayed 2 second(s)

2019-02-20 17:35:17 - [TEST_STEP][PASSED] - setText(findTestObject("KeatMun/Form 7_default/OTC_Submit Form 7_Section C/Page_PERKESO/C6. Done_select2-search__fie"), "jo"): Text 'jo' is set on object 'Object Repository/KeatMun/Form 7_default/OTC_Submit Form 7_Section C/Page_PERKESO/C6. Done_select2-search__fie'

2019-02-20 17:35:21 - [MESSAGE][PASSED] - Text 'jo' is set on object 'Object Repository/KeatMun/Form 7_default/OTC_Submit Form 7_Section C/Page_PERKESO/C6. Done_select2-search__fie'

2019-02-20 17:35:21 - [TEST_STEP][PASSED] - setText(findTestObject("KeatMun/Form 7_default/OTC_Submit Form 7_Section C/Page_PERKESO/C6. Concat(id(  select2-city"), "jo"): Text 'jo' is set on object 'Object Repository/KeatMun/Form 7_default/OTC_Submit Form 7_Section C/Page_PERKESO/C6. Concat(id(  select2-city'

2019-02-20 17:35:25 - [MESSAGE][PASSED] - Text 'jo' is set on object 'Object Repository/KeatMun/Form 7_default/OTC_Submit Form 7_Section C/Page_PERKESO/C6. Concat(id(  select2-city'

2019-02-20 17:35:25 - [TEST_STEP][PASSED] - click(findTestObject("KeatMun/Form 7_default/OTC_Submit Form 7_Section C/Page_PERKESO/C6. JOHOR BAHRU")): Object: 'Object Repository/KeatMun/Form 7_default/OTC_Submit Form 7_Section C/Page_PERKESO/C6. JOHOR BAHRU' is clicked on

2019-02-20 17:35:27 - [MESSAGE][PASSED] - Object: 'Object Repository/KeatMun/Form 7_default/OTC_Submit Form 7_Section C/Page_PERKESO/C6. JOHOR BAHRU' is clicked on

2019-02-20 17:35:27 - [TEST_STEP][PASSED] - delay(3): Delayed 3 second(s)

2019-02-20 17:35:30 - [MESSAGE][PASSED] - Delayed 3 second(s)

2019-02-20 17:35:30 - [TEST_STEP][PASSED] - click(findTestObject("KeatMun/Form 7_default/OTC_Submit Form 7_Section C/Page_PERKESO/C7. --Sila Isikan--")): Object: 'Object Repository/KeatMun/Form 7_default/OTC_Submit Form 7_Section C/Page_PERKESO/C7. --Sila Isikan--' is clicked on

2019-02-20 17:35:32 - [MESSAGE][PASSED] - Object: 'Object Repository/KeatMun/Form 7_default/OTC_Submit Form 7_Section C/Page_PERKESO/C7. --Sila Isikan--' is clicked on

2019-02-20 17:35:32 - [TEST_STEP][PASSED] - delay(2): Delayed 2 second(s)

2019-02-20 17:35:34 - [MESSAGE][PASSED] - Delayed 2 second(s)

2019-02-20 17:35:34 - [TEST_STEP][PASSED] - setText(findTestObject("KeatMun/Form 7_default/OTC_Submit Form 7_Section C/Page_PERKESO/C7. Done_select2-search__fie"), "84"): Text '84' is set on object 'Object Repository/KeatMun/Form 7_default/OTC_Submit Form 7_Section C/Page_PERKESO/C7. Done_select2-search__fie'

2019-02-20 17:35:39 - [MESSAGE][PASSED] - Text '84' is set on object 'Object Repository/KeatMun/Form 7_default/OTC_Submit Form 7_Section C/Page_PERKESO/C7. Done_select2-search__fie'

2019-02-20 17:35:39 - [TEST_STEP][PASSED] - setText(findTestObject("KeatMun/Form 7_default/OTC_Submit Form 7_Section C/Page_PERKESO/C7. Concat(id(  select2-post"), "84"): Text '84' is set on object 'Object Repository/KeatMun/Form 7_default/OTC_Submit Form 7_Section C/Page_PERKESO/C7. Concat(id(  select2-post'

2019-02-20 17:35:43 - [MESSAGE][PASSED] - Text '84' is set on object 'Object Repository/KeatMun/Form 7_default/OTC_Submit Form 7_Section C/Page_PERKESO/C7. Concat(id(  select2-post'

2019-02-20 17:35:43 - [TEST_STEP][PASSED] - click(findTestObject("KeatMun/Form 7_default/OTC_Submit Form 7_Section C/Page_PERKESO/C7. 84000")): Object: 'Object Repository/KeatMun/Form 7_default/OTC_Submit Form 7_Section C/Page_PERKESO/C7. 84000' is clicked on

2019-02-20 17:35:45 - [MESSAGE][PASSED] - Object: 'Object Repository/KeatMun/Form 7_default/OTC_Submit Form 7_Section C/Page_PERKESO/C7. 84000' is clicked on

2019-02-20 17:35:45 - [TEST_STEP][PASSED] - delay(3): Delayed 3 second(s)

2019-02-20 17:35:48 - [MESSAGE][PASSED] - Delayed 3 second(s)

2019-02-20 17:35:48 - [TEST_STEP][PASSED] - click(findTestObject("KeatMun/Form 7_default/OTC_Submit Form 7_Section C/Page_PERKESO/C8. Tidak_employerInfo.emplo")): Object: 'Object Repository/KeatMun/Form 7_default/OTC_Submit Form 7_Section C/Page_PERKESO/C8. Tidak_employerInfo.emplo' is clicked on

2019-02-20 17:35:50 - [MESSAGE][PASSED] - Object: 'Object Repository/KeatMun/Form 7_default/OTC_Submit Form 7_Section C/Page_PERKESO/C8. Tidak_employerInfo.emplo' is clicked on

2019-02-20 17:35:50 - [TEST_STEP][PASSED] - delay(2): Delayed 2 second(s)

2019-02-20 17:35:52 - [MESSAGE][PASSED] - Delayed 2 second(s)

2019-02-20 17:35:52 - [TEST_STEP][PASSED] - setText(findTestObject("KeatMun/Form 7_default/OTC_Submit Form 7_Section C/Page_PERKESO/C9. EmployerName"), "qwertyuiop"): Text 'qwertyuiop' is set on object 'Object Repository/KeatMun/Form 7_default/OTC_Submit Form 7_Section C/Page_PERKESO/C9. EmployerName'

2019-02-20 17:35:56 - [MESSAGE][PASSED] - Text 'qwertyuiop' is set on object 'Object Repository/KeatMun/Form 7_default/OTC_Submit Form 7_Section C/Page_PERKESO/C9. EmployerName'

2019-02-20 17:35:56 - [TEST_STEP][PASSED] - delay(2): Delayed 2 second(s)

2019-02-20 17:35:58 - [MESSAGE][PASSED] - Delayed 2 second(s)

2019-02-20 17:35:58 - [TEST_STEP][PASSED] - setText(findTestObject("KeatMun/Form 7_default/OTC_Submit Form 7_Section C/Page_PERKESO/C10. EmployerIC"), "1234567890"): Text '1234567890' is set on object 'Object Repository/KeatMun/Form 7_default/OTC_Submit Form 7_Section C/Page_PERKESO/C10. EmployerIC'

2019-02-20 17:36:03 - [MESSAGE][PASSED] - Text '1234567890' is set on object 'Object Repository/KeatMun/Form 7_default/OTC_Submit Form 7_Section C/Page_PERKESO/C10. EmployerIC'

2019-02-20 17:36:03 - [TEST_STEP][PASSED] - delay(3): Delayed 3 second(s)

2019-02-20 17:36:06 - [MESSAGE][PASSED] - Delayed 3 second(s)

2019-02-20 17:36:06 - [TEST_STEP][PASSED] - click(findTestObject("KeatMun/Form 7_default/OTC_Submit Form 7_Section C/Page_PERKESO/C11. Halaman Seterusnya")): Object: 'Object Repository/KeatMun/Form 7_default/OTC_Submit Form 7_Section C/Page_PERKESO/C11. Halaman Seterusnya' is clicked on

2019-02-20 17:36:08 - [MESSAGE][PASSED] - Object: 'Object Repository/KeatMun/Form 7_default/OTC_Submit Form 7_Section C/Page_PERKESO/C11. Halaman Seterusnya' is clicked on

2019-02-20 17:36:08 - [TEST_STEP][PASSED] - delay(3): Delayed 3 second(s)

2019-02-20 17:36:11 - [MESSAGE][PASSED] - Delayed 3 second(s)

2019-02-20 17:36:11 - [MESSAGE][PASSED] - Call Test Case 'Test Cases/All TC/Arranged/3. Unit/EI/Form 7_default/OTC_Submit Form 7_Section C' successfully

2019-02-20 17:36:11 - [TEST_STEP][PASSED] - callTestCase(findTestCase("All TC/Arranged/3. Unit/EI/Form 7_default/OTC_Submit Form 7_Section D-E"), [:], STOP_ON_FAILURE): Call Test Case 'Test Cases/All TC/Arranged/3. Unit/EI/Form 7_default/OTC_Submit Form 7_Section D-E' successfully

2019-02-20 17:36:11 - [TEST_CASE][PASSED] - Test Cases/All TC/Arranged/3. Unit/EI/Form 7_default/OTC_Submit Form 7_Section D-E: Test Cases/All TC/Arranged/3. Unit/EI/Form 7_default/OTC_Submit Form 7_Section D-E

2019-02-20 17:36:11 - [TEST_STEP][PASSED] - delay(3): Delayed 3 second(s)

2019-02-20 17:36:14 - [MESSAGE][PASSED] - Delayed 3 second(s)

2019-02-20 17:36:14 - [TEST_STEP][PASSED] - click(findTestObject("KeatMun/Form 7_default/OTC_Submit Form 7_Section D-E/Page_PERKESO/D1. NO_otherActiveEmploye")): Object: 'Object Repository/KeatMun/Form 7_default/OTC_Submit Form 7_Section D-E/Page_PERKESO/D1. NO_otherActiveEmploye' is clicked on

2019-02-20 17:36:16 - [MESSAGE][PASSED] - Object: 'Object Repository/KeatMun/Form 7_default/OTC_Submit Form 7_Section D-E/Page_PERKESO/D1. NO_otherActiveEmploye' is clicked on

2019-02-20 17:36:16 - [TEST_STEP][PASSED] - delay(4): Delayed 4 second(s)

2019-02-20 17:36:20 - [MESSAGE][PASSED] - Delayed 4 second(s)

2019-02-20 17:36:20 - [TEST_STEP][PASSED] - click(findTestObject("KeatMun/Form 7_default/OTC_Submit Form 7_Section D-E/Page_PERKESO/D2. Halaman Seterusnya")): Object: 'Object Repository/KeatMun/Form 7_default/OTC_Submit Form 7_Section D-E/Page_PERKESO/D2. Halaman Seterusnya' is clicked on

2019-02-20 17:36:22 - [MESSAGE][PASSED] - Object: 'Object Repository/KeatMun/Form 7_default/OTC_Submit Form 7_Section D-E/Page_PERKESO/D2. Halaman Seterusnya' is clicked on

2019-02-20 17:36:22 - [TEST_STEP][PASSED] - delay(5): Delayed 5 second(s)

2019-02-20 17:36:27 - [MESSAGE][PASSED] - Delayed 5 second(s)

2019-02-20 17:36:27 - [TEST_STEP][PASSED] - setText(findTestObject("KeatMun/Form 7_default/OTC_Submit Form 7_Section D-E/Page_PERKESO/E1. Input__totalExpYear"), "1"): Text '1' is set on object 'Object Repository/KeatMun/Form 7_default/OTC_Submit Form 7_Section D-E/Page_PERKESO/E1. Input__totalExpYear'

2019-02-20 17:36:31 - [MESSAGE][PASSED] - Text '1' is set on object 'Object Repository/KeatMun/Form 7_default/OTC_Submit Form 7_Section D-E/Page_PERKESO/E1. Input__totalExpYear'

2019-02-20 17:36:31 - [TEST_STEP][PASSED] - delay(2): Delayed 2 second(s)

2019-02-20 17:36:33 - [MESSAGE][PASSED] - Delayed 2 second(s)

2019-02-20 17:36:33 - [TEST_STEP][PASSED] - setText(findTestObject("KeatMun/Form 7_default/OTC_Submit Form 7_Section D-E/Page_PERKESO/E1. Tahun_totalExpMonth"), "1"): Text '1' is set on object 'Object Repository/KeatMun/Form 7_default/OTC_Submit Form 7_Section D-E/Page_PERKESO/E1. Tahun_totalExpMonth'

2019-02-20 17:36:37 - [MESSAGE][PASSED] - Text '1' is set on object 'Object Repository/KeatMun/Form 7_default/OTC_Submit Form 7_Section D-E/Page_PERKESO/E1. Tahun_totalExpMonth'

2019-02-20 17:36:37 - [TEST_STEP][PASSED] - delay(2): Delayed 2 second(s)

2019-02-20 17:36:39 - [MESSAGE][PASSED] - Delayed 2 second(s)

2019-02-20 17:36:39 - [TEST_STEP][PASSED] - click(findTestObject("KeatMun/Form 7_default/OTC_Submit Form 7_Section D-E/Page_PERKESO/E2. Edu-Level")): Object: 'Object Repository/KeatMun/Form 7_default/OTC_Submit Form 7_Section D-E/Page_PERKESO/E2. Edu-Level' is clicked on

2019-02-20 17:36:42 - [MESSAGE][PASSED] - Object: 'Object Repository/KeatMun/Form 7_default/OTC_Submit Form 7_Section D-E/Page_PERKESO/E2. Edu-Level' is clicked on

2019-02-20 17:36:42 - [TEST_STEP][PASSED] - delay(2): Delayed 2 second(s)

2019-02-20 17:36:44 - [MESSAGE][PASSED] - Delayed 2 second(s)

2019-02-20 17:36:44 - [TEST_STEP][PASSED] - click(findTestObject("KeatMun/Form 7_default/OTC_Submit Form 7_Section D-E/Page_PERKESO/E2. PMRPT3")): Object: 'Object Repository/KeatMun/Form 7_default/OTC_Submit Form 7_Section D-E/Page_PERKESO/E2. PMRPT3' is clicked on

2019-02-20 17:36:46 - [MESSAGE][PASSED] - Object: 'Object Repository/KeatMun/Form 7_default/OTC_Submit Form 7_Section D-E/Page_PERKESO/E2. PMRPT3' is clicked on

2019-02-20 17:36:46 - [TEST_STEP][PASSED] - delay(3): Delayed 3 second(s)

2019-02-20 17:36:49 - [MESSAGE][PASSED] - Delayed 3 second(s)

2019-02-20 17:36:49 - [TEST_STEP][PASSED] - click(findTestObject("KeatMun/Form 7_default/OTC_Submit Form 7_Section D-E/Page_PERKESO/E3. Job-Choice")): Object: 'Object Repository/KeatMun/Form 7_default/OTC_Submit Form 7_Section D-E/Page_PERKESO/E3. Job-Choice' is clicked on

2019-02-20 17:36:51 - [MESSAGE][PASSED] - Object: 'Object Repository/KeatMun/Form 7_default/OTC_Submit Form 7_Section D-E/Page_PERKESO/E3. Job-Choice' is clicked on

2019-02-20 17:36:51 - [TEST_STEP][PASSED] - delay(2): Delayed 2 second(s)

2019-02-20 17:36:53 - [MESSAGE][PASSED] - Delayed 2 second(s)

2019-02-20 17:36:53 - [TEST_STEP][PASSED] - setText(findTestObject("KeatMun/Form 7_default/OTC_Submit Form 7_Section D-E/Page_PERKESO/E3. Done_select2-search__fie"), "re"): Text 're' is set on object 'Object Repository/KeatMun/Form 7_default/OTC_Submit Form 7_Section D-E/Page_PERKESO/E3. Done_select2-search__fie'

2019-02-20 17:36:57 - [MESSAGE][PASSED] - Text 're' is set on object 'Object Repository/KeatMun/Form 7_default/OTC_Submit Form 7_Section D-E/Page_PERKESO/E3. Done_select2-search__fie'

2019-02-20 17:36:57 - [TEST_STEP][PASSED] - click(findTestObject("KeatMun/Form 7_default/OTC_Submit Form 7_Section D-E/Page_PERKESO/E3. Arkitek Reka Bentuk")): Object: 'Object Repository/KeatMun/Form 7_default/OTC_Submit Form 7_Section D-E/Page_PERKESO/E3. Arkitek Reka Bentuk' is clicked on

2019-02-20 17:36:59 - [MESSAGE][PASSED] - Object: 'Object Repository/KeatMun/Form 7_default/OTC_Submit Form 7_Section D-E/Page_PERKESO/E3. Arkitek Reka Bentuk' is clicked on

2019-02-20 17:36:59 - [TEST_STEP][PASSED] - delay(2): Delayed 2 second(s)

2019-02-20 17:37:01 - [MESSAGE][PASSED] - Delayed 2 second(s)

2019-02-20 17:37:01 - [TEST_STEP][PASSED] - click(findTestObject("KeatMun/Form 7_default/OTC_Submit Form 7_Section D-E/Page_PERKESO/E4. Job_Location")): Object: 'Object Repository/KeatMun/Form 7_default/OTC_Submit Form 7_Section D-E/Page_PERKESO/E4. Job_Location' is clicked on

2019-02-20 17:37:03 - [MESSAGE][PASSED] - Object: 'Object Repository/KeatMun/Form 7_default/OTC_Submit Form 7_Section D-E/Page_PERKESO/E4. Job_Location' is clicked on

2019-02-20 17:37:03 - [TEST_STEP][PASSED] - delay(2): Delayed 2 second(s)

2019-02-20 17:37:05 - [MESSAGE][PASSED] - Delayed 2 second(s)

2019-02-20 17:37:05 - [TEST_STEP][PASSED] - click(findTestObject("KeatMun/Form 7_default/OTC_Submit Form 7_Section D-E/Page_PERKESO/E4. JOHOR")): Object: 'Object Repository/KeatMun/Form 7_default/OTC_Submit Form 7_Section D-E/Page_PERKESO/E4. JOHOR' is clicked on

2019-02-20 17:37:07 - [MESSAGE][PASSED] - Object: 'Object Repository/KeatMun/Form 7_default/OTC_Submit Form 7_Section D-E/Page_PERKESO/E4. JOHOR' is clicked on

2019-02-20 17:37:07 - [TEST_STEP][PASSED] - delay(2): Delayed 2 second(s)

2019-02-20 17:37:09 - [MESSAGE][PASSED] - Delayed 2 second(s)

2019-02-20 17:37:09 - [TEST_STEP][PASSED] - click(findTestObject("KeatMun/Form 7_default/OTC_Submit Form 7_Section D-E/Page_PERKESO/E7. NO_disability")): Object: 'Object Repository/KeatMun/Form 7_default/OTC_Submit Form 7_Section D-E/Page_PERKESO/E7. NO_disability' is clicked on

2019-02-20 17:37:12 - [MESSAGE][PASSED] - Object: 'Object Repository/KeatMun/Form 7_default/OTC_Submit Form 7_Section D-E/Page_PERKESO/E7. NO_disability' is clicked on

2019-02-20 17:37:12 - [TEST_STEP][PASSED] - delay(2): Delayed 2 second(s)

2019-02-20 17:37:14 - [MESSAGE][PASSED] - Delayed 2 second(s)

2019-02-20 17:37:14 - [TEST_STEP][PASSED] - click(findTestObject("KeatMun/Form 7_default/OTC_Submit Form 7_Section D-E/Page_PERKESO/E8. NO_disabilityApplyInd")): Object: 'Object Repository/KeatMun/Form 7_default/OTC_Submit Form 7_Section D-E/Page_PERKESO/E8. NO_disabilityApplyInd' is clicked on

2019-02-20 17:37:16 - [MESSAGE][PASSED] - Object: 'Object Repository/KeatMun/Form 7_default/OTC_Submit Form 7_Section D-E/Page_PERKESO/E8. NO_disabilityApplyInd' is clicked on

2019-02-20 17:37:16 - [TEST_STEP][PASSED] - delay(2): Delayed 2 second(s)

2019-02-20 17:37:18 - [MESSAGE][PASSED] - Delayed 2 second(s)

2019-02-20 17:37:18 - [TEST_STEP][PASSED] - click(findTestObject("KeatMun/Form 7_default/OTC_Submit Form 7_Section D-E/Page_PERKESO/E9. YES_ReEmployment")): Object: 'Object Repository/KeatMun/Form 7_default/OTC_Submit Form 7_Section D-E/Page_PERKESO/E9. YES_ReEmployment' is clicked on

2019-02-20 17:37:20 - [MESSAGE][PASSED] - Object: 'Object Repository/KeatMun/Form 7_default/OTC_Submit Form 7_Section D-E/Page_PERKESO/E9. YES_ReEmployment' is clicked on

2019-02-20 17:37:20 - [TEST_STEP][PASSED] - delay(2): Delayed 2 second(s)

2019-02-20 17:37:22 - [MESSAGE][PASSED] - Delayed 2 second(s)

2019-02-20 17:37:22 - [TEST_STEP][PASSED] - click(findTestObject("KeatMun/Form 7_default/OTC_Submit Form 7_Section D-E/Page_PERKESO/E10. Halaman Seterusnya")): Object: 'Object Repository/KeatMun/Form 7_default/OTC_Submit Form 7_Section D-E/Page_PERKESO/E10. Halaman Seterusnya' is clicked on

2019-02-20 17:37:24 - [MESSAGE][PASSED] - Object: 'Object Repository/KeatMun/Form 7_default/OTC_Submit Form 7_Section D-E/Page_PERKESO/E10. Halaman Seterusnya' is clicked on

2019-02-20 17:37:24 - [TEST_STEP][PASSED] - delay(3): Delayed 3 second(s)

2019-02-20 17:37:27 - [MESSAGE][PASSED] - Delayed 3 second(s)

2019-02-20 17:37:27 - [MESSAGE][PASSED] - Call Test Case 'Test Cases/All TC/Arranged/3. Unit/EI/Form 7_default/OTC_Submit Form 7_Section D-E' successfully

2019-02-20 17:37:27 - [TEST_STEP][FAILED] - callTestCase(findTestCase("All TC/Arranged/3. Unit/EI/Form 7_default/OTC_Submit Form 7_Section F-G-H - Cheque"), [:], STOP_ON_FAILURE): callTestCase(findTestCase("All TC/Arranged/3. Unit/EI/Form 7_default/OTC_Submit Form 7_Section F-G-H - Cheque"), [:], STOP_ON_FAILURE) FAILED.
Reason:
com.kms.katalon.core.exception.StepFailedException: Unable to click on object 'Object Repository/KeatMun/Form 7_default/OTC_Submit Form 7_Section F-G-H/Page_PERKESO/G2. span_Isteri' (Root cause: com.kms.katalon.core.webui.exception.WebElementNotFoundException: Web element with id: 'Object Repository/KeatMun/Form 7_default/OTC_Submit Form 7_Section F-G-H/Page_PERKESO/G2. span_Isteri' located by 'By.xpath: //span[@id = 'select2-dependentList0dependentRelationId-container' and @title = 'Isteri' and (text() = 'Isteri' or . = 'Isteri')]' not found)
	at com.kms.katalon.core.keyword.internal.KeywordMain.stepFailed(KeywordMain.groovy:36)
	at com.kms.katalon.core.webui.keyword.internal.WebUIKeywordMain.stepFailed(WebUIKeywordMain.groovy:65)
	at com.kms.katalon.core.webui.keyword.internal.WebUIKeywordMain.runKeyword(WebUIKeywordMain.groovy:27)
	at com.kms.katalon.core.webui.keyword.builtin.ClickKeyword.click(ClickKeyword.groovy:86)
	at com.kms.katalon.core.webui.keyword.builtin.ClickKeyword.execute(ClickKeyword.groovy:67)
	at com.kms.katalon.core.keyword.internal.KeywordExecutor.executeKeywordForPlatform(KeywordExecutor.groovy:53)
	at com.kms.katalon.core.webui.keyword.WebUiBuiltInKeywords.click(WebUiBuiltInKeywords.groovy:616)
	at com.kms.katalon.core.webui.keyword.WebUiBuiltInKeywords$click$3.call(Unknown Source)
	at OTC_Submit Form 7_Section F-G-H - Cheque.run(OTC_Submit Form 7_Section F-G-H - Cheque:41)
	at com.kms.katalon.core.main.ScriptEngine.run(ScriptEngine.java:194)
	at com.kms.katalon.core.main.ScriptEngine.runScriptAsRawText(ScriptEngine.java:119)
	at com.kms.katalon.core.main.TestCaseExecutor.runScript(TestCaseExecutor.java:328)
	at com.kms.katalon.core.main.TestCaseExecutor.doExecute(TestCaseExecutor.java:319)
	at com.kms.katalon.core.main.TestCaseExecutor.processExecutionPhase(TestCaseExecutor.java:298)
	at com.kms.katalon.core.main.TestCaseExecutor.accessMainPhase(TestCaseExecutor.java:290)
	at com.kms.katalon.core.main.TestCaseExecutor.execute(TestCaseExecutor.java:224)
	at com.kms.katalon.core.main.TestCaseMain.runTestCase(TestCaseMain.java:106)
	at com.kms.katalon.core.keyword.builtin.CallTestCaseKeyword$_callTestCase_closure1.doCall(CallTestCaseKeyword.groovy:59)
	at com.kms.katalon.core.keyword.builtin.CallTestCaseKeyword$_callTestCase_closure1.call(CallTestCaseKeyword.groovy)
	at com.kms.katalon.core.keyword.internal.KeywordMain.runKeyword(KeywordMain.groovy:54)
	at com.kms.katalon.core.keyword.builtin.CallTestCaseKeyword.callTestCase(CallTestCaseKeyword.groovy:80)
	at com.kms.katalon.core.keyword.builtin.CallTestCaseKeyword.execute(CallTestCaseKeyword.groovy:44)
	at com.kms.katalon.core.keyword.internal.KeywordExecutor.executeKeywordForPlatform(KeywordExecutor.groovy:53)
	at com.kms.katalon.core.keyword.BuiltinKeywords.callTestCase(BuiltinKeywords.groovy:334)
	at OTC_Submit Form 7_End to End - Cheque.run(OTC_Submit Form 7_End to End - Cheque:26)
	at com.kms.katalon.core.main.ScriptEngine.run(ScriptEngine.java:194)
	at com.kms.katalon.core.main.ScriptEngine.runScriptAsRawText(ScriptEngine.java:119)
	at com.kms.katalon.core.main.TestCaseExecutor.runScript(TestCaseExecutor.java:328)
	at com.kms.katalon.core.main.TestCaseExecutor.doExecute(TestCaseExecutor.java:319)
	at com.kms.katalon.core.main.TestCaseExecutor.processExecutionPhase(TestCaseExecutor.java:298)
	at com.kms.katalon.core.main.TestCaseExecutor.accessMainPhase(TestCaseExecutor.java:290)
	at com.kms.katalon.core.main.TestCaseExecutor.execute(TestCaseExecutor.java:224)
	at com.kms.katalon.core.main.TestCaseMain.runTestCase(TestCaseMain.java:106)
	at com.kms.katalon.core.keyword.builtin.CallTestCaseKeyword$_callTestCase_closure1.doCall(CallTestCaseKeyword.groovy:59)
	at com.kms.katalon.core.keyword.builtin.CallTestCaseKeyword$_callTestCase_closure1.call(CallTestCaseKeyword.groovy)
	at com.kms.katalon.core.keyword.internal.KeywordMain.runKeyword(KeywordMain.groovy:54)
	at com.kms.katalon.core.keyword.builtin.CallTestCaseKeyword.callTestCase(CallTestCaseKeyword.groovy:80)
	at com.kms.katalon.core.keyword.builtin.CallTestCaseKeyword.execute(CallTestCaseKeyword.groovy:44)
	at com.kms.katalon.core.keyword.internal.KeywordExecutor.executeKeywordForPlatform(KeywordExecutor.groovy:53)
	at com.kms.katalon.core.keyword.BuiltinKeywords.callTestCase(BuiltinKeywords.groovy:334)
	at Reject Claim - DA.run(Reject Claim - DA:16)
	at com.kms.katalon.core.main.ScriptEngine.run(ScriptEngine.java:194)
	at com.kms.katalon.core.main.ScriptEngine.runScriptAsRawText(ScriptEngine.java:119)
	at com.kms.katalon.core.main.TestCaseExecutor.runScript(TestCaseExecutor.java:328)
	at com.kms.katalon.core.main.TestCaseExecutor.doExecute(TestCaseExecutor.java:319)
	at com.kms.katalon.core.main.TestCaseExecutor.processExecutionPhase(TestCaseExecutor.java:298)
	at com.kms.katalon.core.main.TestCaseExecutor.accessMainPhase(TestCaseExecutor.java:290)
	at com.kms.katalon.core.main.TestCaseExecutor.execute(TestCaseExecutor.java:224)
	at com.kms.katalon.core.main.TestSuiteExecutor.accessTestCaseMainPhase(TestSuiteExecutor.java:129)
	at com.kms.katalon.core.main.TestSuiteExecutor.accessTestSuiteMainPhase(TestSuiteExecutor.java:112)
	at com.kms.katalon.core.main.TestSuiteExecutor.execute(TestSuiteExecutor.java:81)
	at com.kms.katalon.core.main.TestCaseMain.startTestSuite(TestCaseMain.java:149)
	at com.kms.katalon.core.main.TestCaseMain$startTestSuite$0.call(Unknown Source)
	at TempTestSuite1550652525208.run(TempTestSuite1550652525208.groovy:36)


2019-02-20 17:37:27 - [TEST_CASE][FAILED] - Test Cases/All TC/Arranged/3. Unit/EI/Form 7_default/OTC_Submit Form 7_Section F-G-H - Cheque: Test Cases/All TC/Arranged/3. Unit/EI/Form 7_default/OTC_Submit Form 7_Section F-G-H - Cheque FAILED.
Reason:
com.kms.katalon.core.exception.StepFailedException: Unable to click on object 'Object Repository/KeatMun/Form 7_default/OTC_Submit Form 7_Section F-G-H/Page_PERKESO/G2. span_Isteri' (Root cause: com.kms.katalon.core.webui.exception.WebElementNotFoundException: Web element with id: 'Object Repository/KeatMun/Form 7_default/OTC_Submit Form 7_Section F-G-H/Page_PERKESO/G2. span_Isteri' located by 'By.xpath: //span[@id = 'select2-dependentList0dependentRelationId-container' and @title = 'Isteri' and (text() = 'Isteri' or . = 'Isteri')]' not found)
	at com.kms.katalon.core.keyword.internal.KeywordMain.stepFailed(KeywordMain.groovy:36)
	at com.kms.katalon.core.webui.keyword.internal.WebUIKeywordMain.stepFailed(WebUIKeywordMain.groovy:65)
	at com.kms.katalon.core.webui.keyword.internal.WebUIKeywordMain.runKeyword(WebUIKeywordMain.groovy:27)
	at com.kms.katalon.core.webui.keyword.builtin.ClickKeyword.click(ClickKeyword.groovy:86)
	at com.kms.katalon.core.webui.keyword.builtin.ClickKeyword.execute(ClickKeyword.groovy:67)
	at com.kms.katalon.core.keyword.internal.KeywordExecutor.executeKeywordForPlatform(KeywordExecutor.groovy:53)
	at com.kms.katalon.core.webui.keyword.WebUiBuiltInKeywords.click(WebUiBuiltInKeywords.groovy:616)
	at com.kms.katalon.core.webui.keyword.WebUiBuiltInKeywords$click$3.call(Unknown Source)
	at OTC_Submit Form 7_Section F-G-H - Cheque.run(OTC_Submit Form 7_Section F-G-H - Cheque:41)
	at com.kms.katalon.core.main.ScriptEngine.run(ScriptEngine.java:194)
	at com.kms.katalon.core.main.ScriptEngine.runScriptAsRawText(ScriptEngine.java:119)
	at com.kms.katalon.core.main.TestCaseExecutor.runScript(TestCaseExecutor.java:328)
	at com.kms.katalon.core.main.TestCaseExecutor.doExecute(TestCaseExecutor.java:319)
	at com.kms.katalon.core.main.TestCaseExecutor.processExecutionPhase(TestCaseExecutor.java:298)
	at com.kms.katalon.core.main.TestCaseExecutor.accessMainPhase(TestCaseExecutor.java:290)
	at com.kms.katalon.core.main.TestCaseExecutor.execute(TestCaseExecutor.java:224)
	at com.kms.katalon.core.main.TestCaseMain.runTestCase(TestCaseMain.java:106)
	at com.kms.katalon.core.keyword.builtin.CallTestCaseKeyword$_callTestCase_closure1.doCall(CallTestCaseKeyword.groovy:59)
	at com.kms.katalon.core.keyword.builtin.CallTestCaseKeyword$_callTestCase_closure1.call(CallTestCaseKeyword.groovy)
	at com.kms.katalon.core.keyword.internal.KeywordMain.runKeyword(KeywordMain.groovy:54)
	at com.kms.katalon.core.keyword.builtin.CallTestCaseKeyword.callTestCase(CallTestCaseKeyword.groovy:80)
	at com.kms.katalon.core.keyword.builtin.CallTestCaseKeyword.execute(CallTestCaseKeyword.groovy:44)
	at com.kms.katalon.core.keyword.internal.KeywordExecutor.executeKeywordForPlatform(KeywordExecutor.groovy:53)
	at com.kms.katalon.core.keyword.BuiltinKeywords.callTestCase(BuiltinKeywords.groovy:334)
	at OTC_Submit Form 7_End to End - Cheque.run(OTC_Submit Form 7_End to End - Cheque:26)
	at com.kms.katalon.core.main.ScriptEngine.run(ScriptEngine.java:194)
	at com.kms.katalon.core.main.ScriptEngine.runScriptAsRawText(ScriptEngine.java:119)
	at com.kms.katalon.core.main.TestCaseExecutor.runScript(TestCaseExecutor.java:328)
	at com.kms.katalon.core.main.TestCaseExecutor.doExecute(TestCaseExecutor.java:319)
	at com.kms.katalon.core.main.TestCaseExecutor.processExecutionPhase(TestCaseExecutor.java:298)
	at com.kms.katalon.core.main.TestCaseExecutor.accessMainPhase(TestCaseExecutor.java:290)
	at com.kms.katalon.core.main.TestCaseExecutor.execute(TestCaseExecutor.java:224)
	at com.kms.katalon.core.main.TestCaseMain.runTestCase(TestCaseMain.java:106)
	at com.kms.katalon.core.keyword.builtin.CallTestCaseKeyword$_callTestCase_closure1.doCall(CallTestCaseKeyword.groovy:59)
	at com.kms.katalon.core.keyword.builtin.CallTestCaseKeyword$_callTestCase_closure1.call(CallTestCaseKeyword.groovy)
	at com.kms.katalon.core.keyword.internal.KeywordMain.runKeyword(KeywordMain.groovy:54)
	at com.kms.katalon.core.keyword.builtin.CallTestCaseKeyword.callTestCase(CallTestCaseKeyword.groovy:80)
	at com.kms.katalon.core.keyword.builtin.CallTestCaseKeyword.execute(CallTestCaseKeyword.groovy:44)
	at com.kms.katalon.core.keyword.internal.KeywordExecutor.executeKeywordForPlatform(KeywordExecutor.groovy:53)
	at com.kms.katalon.core.keyword.BuiltinKeywords.callTestCase(BuiltinKeywords.groovy:334)
	at Reject Claim - DA.run(Reject Claim - DA:16)
	at com.kms.katalon.core.main.ScriptEngine.run(ScriptEngine.java:194)
	at com.kms.katalon.core.main.ScriptEngine.runScriptAsRawText(ScriptEngine.java:119)
	at com.kms.katalon.core.main.TestCaseExecutor.runScript(TestCaseExecutor.java:328)
	at com.kms.katalon.core.main.TestCaseExecutor.doExecute(TestCaseExecutor.java:319)
	at com.kms.katalon.core.main.TestCaseExecutor.processExecutionPhase(TestCaseExecutor.java:298)
	at com.kms.katalon.core.main.TestCaseExecutor.accessMainPhase(TestCaseExecutor.java:290)
	at com.kms.katalon.core.main.TestCaseExecutor.execute(TestCaseExecutor.java:224)
	at com.kms.katalon.core.main.TestSuiteExecutor.accessTestCaseMainPhase(TestSuiteExecutor.java:129)
	at com.kms.katalon.core.main.TestSuiteExecutor.accessTestSuiteMainPhase(TestSuiteExecutor.java:112)
	at com.kms.katalon.core.main.TestSuiteExecutor.execute(TestSuiteExecutor.java:81)
	at com.kms.katalon.core.main.TestCaseMain.startTestSuite(TestCaseMain.java:149)
	at com.kms.katalon.core.main.TestCaseMain$startTestSuite$0.call(Unknown Source)
	at TempTestSuite1550652525208.run(TempTestSuite1550652525208.groovy:36)


2019-02-20 17:37:27 - [TEST_STEP][PASSED] - delay(3): Delayed 3 second(s)

2019-02-20 17:37:30 - [MESSAGE][PASSED] - Delayed 3 second(s)

2019-02-20 17:37:30 - [TEST_STEP][PASSED] - click(findTestObject("KeatMun/Form 7_default/OTC_Submit Form 7_Section F-G-H/Page_PERKESO/F1. Bankrup_yes")): Object: 'Object Repository/KeatMun/Form 7_default/OTC_Submit Form 7_Section F-G-H/Page_PERKESO/F1. Bankrup_yes' is clicked on

2019-02-20 17:37:32 - [MESSAGE][PASSED] - Object: 'Object Repository/KeatMun/Form 7_default/OTC_Submit Form 7_Section F-G-H/Page_PERKESO/F1. Bankrup_yes' is clicked on

2019-02-20 17:37:32 - [TEST_STEP][PASSED] - delay(3): Delayed 3 second(s)

2019-02-20 17:37:35 - [MESSAGE][PASSED] - Delayed 3 second(s)

2019-02-20 17:37:35 - [TEST_STEP][PASSED] - click(findTestObject("KeatMun/Form 7_default/OTC_Submit Form 7_Section F-G-H/Page_PERKESO/F2. Next_Page_AfterBankInfo")): Object: 'Object Repository/KeatMun/Form 7_default/OTC_Submit Form 7_Section F-G-H/Page_PERKESO/F2. Next_Page_AfterBankInfo' is clicked on

2019-02-20 17:37:37 - [MESSAGE][PASSED] - Object: 'Object Repository/KeatMun/Form 7_default/OTC_Submit Form 7_Section F-G-H/Page_PERKESO/F2. Next_Page_AfterBankInfo' is clicked on

2019-02-20 17:37:37 - [TEST_STEP][PASSED] - delay(5): Delayed 5 second(s)

2019-02-20 17:37:42 - [MESSAGE][PASSED] - Delayed 5 second(s)

2019-02-20 17:37:42 - [TEST_STEP][PASSED] - setText(findTestObject("KeatMun/Form 7_default/OTC_Submit Form 7_Section F-G-H/Page_PERKESO/G2. Hubungan dengan OB-nama"), "qwertyuiop"): Text 'qwertyuiop' is set on object 'Object Repository/KeatMun/Form 7_default/OTC_Submit Form 7_Section F-G-H/Page_PERKESO/G2. Hubungan dengan OB-nama'

2019-02-20 17:37:47 - [MESSAGE][PASSED] - Text 'qwertyuiop' is set on object 'Object Repository/KeatMun/Form 7_default/OTC_Submit Form 7_Section F-G-H/Page_PERKESO/G2. Hubungan dengan OB-nama'

2019-02-20 17:37:47 - [TEST_STEP][PASSED] - delay(2): Delayed 2 second(s)

2019-02-20 17:37:49 - [MESSAGE][PASSED] - Delayed 2 second(s)

2019-02-20 17:37:49 - [TEST_STEP][PASSED] - setText(findTestObject("KeatMun/Form 7_default/OTC_Submit Form 7_Section F-G-H/Page_PERKESO/G2. Hubungan dengan OB-ic.no"), "111111223333"): Text '111111223333' is set on object 'Object Repository/KeatMun/Form 7_default/OTC_Submit Form 7_Section F-G-H/Page_PERKESO/G2. Hubungan dengan OB-ic.no'

2019-02-20 17:37:53 - [MESSAGE][PASSED] - Text '111111223333' is set on object 'Object Repository/KeatMun/Form 7_default/OTC_Submit Form 7_Section F-G-H/Page_PERKESO/G2. Hubungan dengan OB-ic.no'

2019-02-20 17:37:53 - [TEST_STEP][PASSED] - delay(2): Delayed 2 second(s)

2019-02-20 17:37:55 - [MESSAGE][PASSED] - Delayed 2 second(s)

2019-02-20 17:37:55 - [TEST_STEP][PASSED] - setText(findTestObject("KeatMun/Form 7_default/OTC_Submit Form 7_Section F-G-H/Page_PERKESO/G2. Hubungan dengan OB-DOB"), "10/01/2019"): Text '10/01/2019' is set on object 'Object Repository/KeatMun/Form 7_default/OTC_Submit Form 7_Section F-G-H/Page_PERKESO/G2. Hubungan dengan OB-DOB'

2019-02-20 17:37:59 - [MESSAGE][PASSED] - Text '10/01/2019' is set on object 'Object Repository/KeatMun/Form 7_default/OTC_Submit Form 7_Section F-G-H/Page_PERKESO/G2. Hubungan dengan OB-DOB'

2019-02-20 17:37:59 - [TEST_STEP][PASSED] - delay(3): Delayed 3 second(s)

2019-02-20 17:38:02 - [MESSAGE][PASSED] - Delayed 3 second(s)

2019-02-20 17:38:02 - [TEST_STEP][FAILED] - click(findTestObject("KeatMun/Form 7_default/OTC_Submit Form 7_Section F-G-H/Page_PERKESO/G2. span_Isteri")): click(findTestObject("KeatMun/Form 7_default/OTC_Submit Form 7_Section F-G-H/Page_PERKESO/G2. span_Isteri")) FAILED.
Reason:
com.kms.katalon.core.exception.StepFailedException: Unable to click on object 'Object Repository/KeatMun/Form 7_default/OTC_Submit Form 7_Section F-G-H/Page_PERKESO/G2. span_Isteri' (Root cause: com.kms.katalon.core.webui.exception.WebElementNotFoundException: Web element with id: 'Object Repository/KeatMun/Form 7_default/OTC_Submit Form 7_Section F-G-H/Page_PERKESO/G2. span_Isteri' located by 'By.xpath: //span[@id = 'select2-dependentList0dependentRelationId-container' and @title = 'Isteri' and (text() = 'Isteri' or . = 'Isteri')]' not found)
	at com.kms.katalon.core.keyword.internal.KeywordMain.stepFailed(KeywordMain.groovy:36)
	at com.kms.katalon.core.webui.keyword.internal.WebUIKeywordMain.stepFailed(WebUIKeywordMain.groovy:65)
	at com.kms.katalon.core.webui.keyword.internal.WebUIKeywordMain.runKeyword(WebUIKeywordMain.groovy:27)
	at com.kms.katalon.core.webui.keyword.builtin.ClickKeyword.click(ClickKeyword.groovy:86)
	at com.kms.katalon.core.webui.keyword.builtin.ClickKeyword.execute(ClickKeyword.groovy:67)
	at com.kms.katalon.core.keyword.internal.KeywordExecutor.executeKeywordForPlatform(KeywordExecutor.groovy:53)
	at com.kms.katalon.core.webui.keyword.WebUiBuiltInKeywords.click(WebUiBuiltInKeywords.groovy:616)
	at com.kms.katalon.core.webui.keyword.WebUiBuiltInKeywords$click$3.call(Unknown Source)
	at OTC_Submit Form 7_Section F-G-H - Cheque.run(OTC_Submit Form 7_Section F-G-H - Cheque:41)
	at com.kms.katalon.core.main.ScriptEngine.run(ScriptEngine.java:194)
	at com.kms.katalon.core.main.ScriptEngine.runScriptAsRawText(ScriptEngine.java:119)
	at com.kms.katalon.core.main.TestCaseExecutor.runScript(TestCaseExecutor.java:328)
	at com.kms.katalon.core.main.TestCaseExecutor.doExecute(TestCaseExecutor.java:319)
	at com.kms.katalon.core.main.TestCaseExecutor.processExecutionPhase(TestCaseExecutor.java:298)
	at com.kms.katalon.core.main.TestCaseExecutor.accessMainPhase(TestCaseExecutor.java:290)
	at com.kms.katalon.core.main.TestCaseExecutor.execute(TestCaseExecutor.java:224)
	at com.kms.katalon.core.main.TestCaseMain.runTestCase(TestCaseMain.java:106)
	at com.kms.katalon.core.keyword.builtin.CallTestCaseKeyword$_callTestCase_closure1.doCall(CallTestCaseKeyword.groovy:59)
	at com.kms.katalon.core.keyword.builtin.CallTestCaseKeyword$_callTestCase_closure1.call(CallTestCaseKeyword.groovy)
	at com.kms.katalon.core.keyword.internal.KeywordMain.runKeyword(KeywordMain.groovy:54)
	at com.kms.katalon.core.keyword.builtin.CallTestCaseKeyword.callTestCase(CallTestCaseKeyword.groovy:80)
	at com.kms.katalon.core.keyword.builtin.CallTestCaseKeyword.execute(CallTestCaseKeyword.groovy:44)
	at com.kms.katalon.core.keyword.internal.KeywordExecutor.executeKeywordForPlatform(KeywordExecutor.groovy:53)
	at com.kms.katalon.core.keyword.BuiltinKeywords.callTestCase(BuiltinKeywords.groovy:334)
	at OTC_Submit Form 7_End to End - Cheque.run(OTC_Submit Form 7_End to End - Cheque:26)
	at com.kms.katalon.core.main.ScriptEngine.run(ScriptEngine.java:194)
	at com.kms.katalon.core.main.ScriptEngine.runScriptAsRawText(ScriptEngine.java:119)
	at com.kms.katalon.core.main.TestCaseExecutor.runScript(TestCaseExecutor.java:328)
	at com.kms.katalon.core.main.TestCaseExecutor.doExecute(TestCaseExecutor.java:319)
	at com.kms.katalon.core.main.TestCaseExecutor.processExecutionPhase(TestCaseExecutor.java:298)
	at com.kms.katalon.core.main.TestCaseExecutor.accessMainPhase(TestCaseExecutor.java:290)
	at com.kms.katalon.core.main.TestCaseExecutor.execute(TestCaseExecutor.java:224)
	at com.kms.katalon.core.main.TestCaseMain.runTestCase(TestCaseMain.java:106)
	at com.kms.katalon.core.keyword.builtin.CallTestCaseKeyword$_callTestCase_closure1.doCall(CallTestCaseKeyword.groovy:59)
	at com.kms.katalon.core.keyword.builtin.CallTestCaseKeyword$_callTestCase_closure1.call(CallTestCaseKeyword.groovy)
	at com.kms.katalon.core.keyword.internal.KeywordMain.runKeyword(KeywordMain.groovy:54)
	at com.kms.katalon.core.keyword.builtin.CallTestCaseKeyword.callTestCase(CallTestCaseKeyword.groovy:80)
	at com.kms.katalon.core.keyword.builtin.CallTestCaseKeyword.execute(CallTestCaseKeyword.groovy:44)
	at com.kms.katalon.core.keyword.internal.KeywordExecutor.executeKeywordForPlatform(KeywordExecutor.groovy:53)
	at com.kms.katalon.core.keyword.BuiltinKeywords.callTestCase(BuiltinKeywords.groovy:334)
	at Reject Claim - DA.run(Reject Claim - DA:16)
	at com.kms.katalon.core.main.ScriptEngine.run(ScriptEngine.java:194)
	at com.kms.katalon.core.main.ScriptEngine.runScriptAsRawText(ScriptEngine.java:119)
	at com.kms.katalon.core.main.TestCaseExecutor.runScript(TestCaseExecutor.java:328)
	at com.kms.katalon.core.main.TestCaseExecutor.doExecute(TestCaseExecutor.java:319)
	at com.kms.katalon.core.main.TestCaseExecutor.processExecutionPhase(TestCaseExecutor.java:298)
	at com.kms.katalon.core.main.TestCaseExecutor.accessMainPhase(TestCaseExecutor.java:290)
	at com.kms.katalon.core.main.TestCaseExecutor.execute(TestCaseExecutor.java:224)
	at com.kms.katalon.core.main.TestSuiteExecutor.accessTestCaseMainPhase(TestSuiteExecutor.java:129)
	at com.kms.katalon.core.main.TestSuiteExecutor.accessTestSuiteMainPhase(TestSuiteExecutor.java:112)
	at com.kms.katalon.core.main.TestSuiteExecutor.execute(TestSuiteExecutor.java:81)
	at com.kms.katalon.core.main.TestCaseMain.startTestSuite(TestCaseMain.java:149)
	at com.kms.katalon.core.main.TestCaseMain$startTestSuite$0.call(Unknown Source)
	at TempTestSuite1550652525208.run(TempTestSuite1550652525208.groovy:36)


2019-02-20 17:38:33 - [MESSAGE][INFO] - Unable to find the element located by 'By.xpath: //span[@id = 'select2-dependentList0dependentRelationId-container' and @title = 'Isteri' and (text() = 'Isteri' or . = 'Isteri')]'. Please recheck the objects properties to make sure the desired element is located. 

2019-02-20 17:38:34 - [MESSAGE][FAILED] - Unable to click on object 'Object Repository/KeatMun/Form 7_default/OTC_Submit Form 7_Section F-G-H/Page_PERKESO/G2. span_Isteri' (Root cause: com.kms.katalon.core.webui.exception.WebElementNotFoundException: Web element with id: 'Object Repository/KeatMun/Form 7_default/OTC_Submit Form 7_Section F-G-H/Page_PERKESO/G2. span_Isteri' located by 'By.xpath: //span[@id = 'select2-dependentList0dependentRelationId-container' and @title = 'Isteri' and (text() = 'Isteri' or . = 'Isteri')]' not found)
[[ATTACHMENT|C:\\Users\\Admin\\Documents\\GitHub\\PKSKatalon\\PKS-EI-ES\\Reports\\New Test Suite\\20190220_164845\\1550655513046.png]]

2019-02-20 17:38:34 - [MESSAGE][FAILED] - click(findTestObject("KeatMun/Form 7_default/OTC_Submit Form 7_Section F-G-H/Page_PERKESO/G2. span_Isteri")) FAILED.
Reason:
com.kms.katalon.core.exception.StepFailedException: Unable to click on object 'Object Repository/KeatMun/Form 7_default/OTC_Submit Form 7_Section F-G-H/Page_PERKESO/G2. span_Isteri' (Root cause: com.kms.katalon.core.webui.exception.WebElementNotFoundException: Web element with id: 'Object Repository/KeatMun/Form 7_default/OTC_Submit Form 7_Section F-G-H/Page_PERKESO/G2. span_Isteri' located by 'By.xpath: //span[@id = 'select2-dependentList0dependentRelationId-container' and @title = 'Isteri' and (text() = 'Isteri' or . = 'Isteri')]' not found)
	at com.kms.katalon.core.keyword.internal.KeywordMain.stepFailed(KeywordMain.groovy:36)
	at com.kms.katalon.core.webui.keyword.internal.WebUIKeywordMain.stepFailed(WebUIKeywordMain.groovy:65)
	at com.kms.katalon.core.webui.keyword.internal.WebUIKeywordMain.runKeyword(WebUIKeywordMain.groovy:27)
	at com.kms.katalon.core.webui.keyword.builtin.ClickKeyword.click(ClickKeyword.groovy:86)
	at com.kms.katalon.core.webui.keyword.builtin.ClickKeyword.execute(ClickKeyword.groovy:67)
	at com.kms.katalon.core.keyword.internal.KeywordExecutor.executeKeywordForPlatform(KeywordExecutor.groovy:53)
	at com.kms.katalon.core.webui.keyword.WebUiBuiltInKeywords.click(WebUiBuiltInKeywords.groovy:616)
	at com.kms.katalon.core.webui.keyword.WebUiBuiltInKeywords$click$3.call(Unknown Source)
	at OTC_Submit Form 7_Section F-G-H - Cheque.run(OTC_Submit Form 7_Section F-G-H - Cheque:41)
	at com.kms.katalon.core.main.ScriptEngine.run(ScriptEngine.java:194)
	at com.kms.katalon.core.main.ScriptEngine.runScriptAsRawText(ScriptEngine.java:119)
	at com.kms.katalon.core.main.TestCaseExecutor.runScript(TestCaseExecutor.java:328)
	at com.kms.katalon.core.main.TestCaseExecutor.doExecute(TestCaseExecutor.java:319)
	at com.kms.katalon.core.main.TestCaseExecutor.processExecutionPhase(TestCaseExecutor.java:298)
	at com.kms.katalon.core.main.TestCaseExecutor.accessMainPhase(TestCaseExecutor.java:290)
	at com.kms.katalon.core.main.TestCaseExecutor.execute(TestCaseExecutor.java:224)
	at com.kms.katalon.core.main.TestCaseMain.runTestCase(TestCaseMain.java:106)
	at com.kms.katalon.core.keyword.builtin.CallTestCaseKeyword$_callTestCase_closure1.doCall(CallTestCaseKeyword.groovy:59)
	at com.kms.katalon.core.keyword.builtin.CallTestCaseKeyword$_callTestCase_closure1.call(CallTestCaseKeyword.groovy)
	at com.kms.katalon.core.keyword.internal.KeywordMain.runKeyword(KeywordMain.groovy:54)
	at com.kms.katalon.core.keyword.builtin.CallTestCaseKeyword.callTestCase(CallTestCaseKeyword.groovy:80)
	at com.kms.katalon.core.keyword.builtin.CallTestCaseKeyword.execute(CallTestCaseKeyword.groovy:44)
	at com.kms.katalon.core.keyword.internal.KeywordExecutor.executeKeywordForPlatform(KeywordExecutor.groovy:53)
	at com.kms.katalon.core.keyword.BuiltinKeywords.callTestCase(BuiltinKeywords.groovy:334)
	at OTC_Submit Form 7_End to End - Cheque.run(OTC_Submit Form 7_End to End - Cheque:26)
	at com.kms.katalon.core.main.ScriptEngine.run(ScriptEngine.java:194)
	at com.kms.katalon.core.main.ScriptEngine.runScriptAsRawText(ScriptEngine.java:119)
	at com.kms.katalon.core.main.TestCaseExecutor.runScript(TestCaseExecutor.java:328)
	at com.kms.katalon.core.main.TestCaseExecutor.doExecute(TestCaseExecutor.java:319)
	at com.kms.katalon.core.main.TestCaseExecutor.processExecutionPhase(TestCaseExecutor.java:298)
	at com.kms.katalon.core.main.TestCaseExecutor.accessMainPhase(TestCaseExecutor.java:290)
	at com.kms.katalon.core.main.TestCaseExecutor.execute(TestCaseExecutor.java:224)
	at com.kms.katalon.core.main.TestCaseMain.runTestCase(TestCaseMain.java:106)
	at com.kms.katalon.core.keyword.builtin.CallTestCaseKeyword$_callTestCase_closure1.doCall(CallTestCaseKeyword.groovy:59)
	at com.kms.katalon.core.keyword.builtin.CallTestCaseKeyword$_callTestCase_closure1.call(CallTestCaseKeyword.groovy)
	at com.kms.katalon.core.keyword.internal.KeywordMain.runKeyword(KeywordMain.groovy:54)
	at com.kms.katalon.core.keyword.builtin.CallTestCaseKeyword.callTestCase(CallTestCaseKeyword.groovy:80)
	at com.kms.katalon.core.keyword.builtin.CallTestCaseKeyword.execute(CallTestCaseKeyword.groovy:44)
	at com.kms.katalon.core.keyword.internal.KeywordExecutor.executeKeywordForPlatform(KeywordExecutor.groovy:53)
	at com.kms.katalon.core.keyword.BuiltinKeywords.callTestCase(BuiltinKeywords.groovy:334)
	at Reject Claim - DA.run(Reject Claim - DA:16)
	at com.kms.katalon.core.main.ScriptEngine.run(ScriptEngine.java:194)
	at com.kms.katalon.core.main.ScriptEngine.runScriptAsRawText(ScriptEngine.java:119)
	at com.kms.katalon.core.main.TestCaseExecutor.runScript(TestCaseExecutor.java:328)
	at com.kms.katalon.core.main.TestCaseExecutor.doExecute(TestCaseExecutor.java:319)
	at com.kms.katalon.core.main.TestCaseExecutor.processExecutionPhase(TestCaseExecutor.java:298)
	at com.kms.katalon.core.main.TestCaseExecutor.accessMainPhase(TestCaseExecutor.java:290)
	at com.kms.katalon.core.main.TestCaseExecutor.execute(TestCaseExecutor.java:224)
	at com.kms.katalon.core.main.TestSuiteExecutor.accessTestCaseMainPhase(TestSuiteExecutor.java:129)
	at com.kms.katalon.core.main.TestSuiteExecutor.accessTestSuiteMainPhase(TestSuiteExecutor.java:112)
	at com.kms.katalon.core.main.TestSuiteExecutor.execute(TestSuiteExecutor.java:81)
	at com.kms.katalon.core.main.TestCaseMain.startTestSuite(TestCaseMain.java:149)
	at com.kms.katalon.core.main.TestCaseMain$startTestSuite$0.call(Unknown Source)
	at TempTestSuite1550652525208.run(TempTestSuite1550652525208.groovy:36)


2019-02-20 17:38:34 - [MESSAGE][FAILED] - Unable to call Test Case 'Test Cases/All TC/Arranged/3. Unit/EI/Form 7_default/OTC_Submit Form 7_Section F-G-H - Cheque' (Root cause: com.kms.katalon.core.exception.StepFailedException: Call Test Case 'Test Cases/All TC/Arranged/3. Unit/EI/Form 7_default/OTC_Submit Form 7_Section F-G-H - Cheque' failed)

2019-02-20 17:38:34 - [MESSAGE][FAILED] - callTestCase(findTestCase("All TC/Arranged/3. Unit/EI/Form 7_default/OTC_Submit Form 7_Section F-G-H - Cheque"), [:], STOP_ON_FAILURE) FAILED.
Reason:
com.kms.katalon.core.exception.StepFailedException: Unable to click on object 'Object Repository/KeatMun/Form 7_default/OTC_Submit Form 7_Section F-G-H/Page_PERKESO/G2. span_Isteri' (Root cause: com.kms.katalon.core.webui.exception.WebElementNotFoundException: Web element with id: 'Object Repository/KeatMun/Form 7_default/OTC_Submit Form 7_Section F-G-H/Page_PERKESO/G2. span_Isteri' located by 'By.xpath: //span[@id = 'select2-dependentList0dependentRelationId-container' and @title = 'Isteri' and (text() = 'Isteri' or . = 'Isteri')]' not found)
	at com.kms.katalon.core.keyword.internal.KeywordMain.stepFailed(KeywordMain.groovy:36)
	at com.kms.katalon.core.webui.keyword.internal.WebUIKeywordMain.stepFailed(WebUIKeywordMain.groovy:65)
	at com.kms.katalon.core.webui.keyword.internal.WebUIKeywordMain.runKeyword(WebUIKeywordMain.groovy:27)
	at com.kms.katalon.core.webui.keyword.builtin.ClickKeyword.click(ClickKeyword.groovy:86)
	at com.kms.katalon.core.webui.keyword.builtin.ClickKeyword.execute(ClickKeyword.groovy:67)
	at com.kms.katalon.core.keyword.internal.KeywordExecutor.executeKeywordForPlatform(KeywordExecutor.groovy:53)
	at com.kms.katalon.core.webui.keyword.WebUiBuiltInKeywords.click(WebUiBuiltInKeywords.groovy:616)
	at com.kms.katalon.core.webui.keyword.WebUiBuiltInKeywords$click$3.call(Unknown Source)
	at OTC_Submit Form 7_Section F-G-H - Cheque.run(OTC_Submit Form 7_Section F-G-H - Cheque:41)
	at com.kms.katalon.core.main.ScriptEngine.run(ScriptEngine.java:194)
	at com.kms.katalon.core.main.ScriptEngine.runScriptAsRawText(ScriptEngine.java:119)
	at com.kms.katalon.core.main.TestCaseExecutor.runScript(TestCaseExecutor.java:328)
	at com.kms.katalon.core.main.TestCaseExecutor.doExecute(TestCaseExecutor.java:319)
	at com.kms.katalon.core.main.TestCaseExecutor.processExecutionPhase(TestCaseExecutor.java:298)
	at com.kms.katalon.core.main.TestCaseExecutor.accessMainPhase(TestCaseExecutor.java:290)
	at com.kms.katalon.core.main.TestCaseExecutor.execute(TestCaseExecutor.java:224)
	at com.kms.katalon.core.main.TestCaseMain.runTestCase(TestCaseMain.java:106)
	at com.kms.katalon.core.keyword.builtin.CallTestCaseKeyword$_callTestCase_closure1.doCall(CallTestCaseKeyword.groovy:59)
	at com.kms.katalon.core.keyword.builtin.CallTestCaseKeyword$_callTestCase_closure1.call(CallTestCaseKeyword.groovy)
	at com.kms.katalon.core.keyword.internal.KeywordMain.runKeyword(KeywordMain.groovy:54)
	at com.kms.katalon.core.keyword.builtin.CallTestCaseKeyword.callTestCase(CallTestCaseKeyword.groovy:80)
	at com.kms.katalon.core.keyword.builtin.CallTestCaseKeyword.execute(CallTestCaseKeyword.groovy:44)
	at com.kms.katalon.core.keyword.internal.KeywordExecutor.executeKeywordForPlatform(KeywordExecutor.groovy:53)
	at com.kms.katalon.core.keyword.BuiltinKeywords.callTestCase(BuiltinKeywords.groovy:334)
	at OTC_Submit Form 7_End to End - Cheque.run(OTC_Submit Form 7_End to End - Cheque:26)
	at com.kms.katalon.core.main.ScriptEngine.run(ScriptEngine.java:194)
	at com.kms.katalon.core.main.ScriptEngine.runScriptAsRawText(ScriptEngine.java:119)
	at com.kms.katalon.core.main.TestCaseExecutor.runScript(TestCaseExecutor.java:328)
	at com.kms.katalon.core.main.TestCaseExecutor.doExecute(TestCaseExecutor.java:319)
	at com.kms.katalon.core.main.TestCaseExecutor.processExecutionPhase(TestCaseExecutor.java:298)
	at com.kms.katalon.core.main.TestCaseExecutor.accessMainPhase(TestCaseExecutor.java:290)
	at com.kms.katalon.core.main.TestCaseExecutor.execute(TestCaseExecutor.java:224)
	at com.kms.katalon.core.main.TestCaseMain.runTestCase(TestCaseMain.java:106)
	at com.kms.katalon.core.keyword.builtin.CallTestCaseKeyword$_callTestCase_closure1.doCall(CallTestCaseKeyword.groovy:59)
	at com.kms.katalon.core.keyword.builtin.CallTestCaseKeyword$_callTestCase_closure1.call(CallTestCaseKeyword.groovy)
	at com.kms.katalon.core.keyword.internal.KeywordMain.runKeyword(KeywordMain.groovy:54)
	at com.kms.katalon.core.keyword.builtin.CallTestCaseKeyword.callTestCase(CallTestCaseKeyword.groovy:80)
	at com.kms.katalon.core.keyword.builtin.CallTestCaseKeyword.execute(CallTestCaseKeyword.groovy:44)
	at com.kms.katalon.core.keyword.internal.KeywordExecutor.executeKeywordForPlatform(KeywordExecutor.groovy:53)
	at com.kms.katalon.core.keyword.BuiltinKeywords.callTestCase(BuiltinKeywords.groovy:334)
	at Reject Claim - DA.run(Reject Claim - DA:16)
	at com.kms.katalon.core.main.ScriptEngine.run(ScriptEngine.java:194)
	at com.kms.katalon.core.main.ScriptEngine.runScriptAsRawText(ScriptEngine.java:119)
	at com.kms.katalon.core.main.TestCaseExecutor.runScript(TestCaseExecutor.java:328)
	at com.kms.katalon.core.main.TestCaseExecutor.doExecute(TestCaseExecutor.java:319)
	at com.kms.katalon.core.main.TestCaseExecutor.processExecutionPhase(TestCaseExecutor.java:298)
	at com.kms.katalon.core.main.TestCaseExecutor.accessMainPhase(TestCaseExecutor.java:290)
	at com.kms.katalon.core.main.TestCaseExecutor.execute(TestCaseExecutor.java:224)
	at com.kms.katalon.core.main.TestSuiteExecutor.accessTestCaseMainPhase(TestSuiteExecutor.java:129)
	at com.kms.katalon.core.main.TestSuiteExecutor.accessTestSuiteMainPhase(TestSuiteExecutor.java:112)
	at com.kms.katalon.core.main.TestSuiteExecutor.execute(TestSuiteExecutor.java:81)
	at com.kms.katalon.core.main.TestCaseMain.startTestSuite(TestCaseMain.java:149)
	at com.kms.katalon.core.main.TestCaseMain$startTestSuite$0.call(Unknown Source)
	at TempTestSuite1550652525208.run(TempTestSuite1550652525208.groovy:36)


2019-02-20 17:38:35 - [MESSAGE][FAILED] - Unable to call Test Case 'Test Cases/All TC/Arranged/2. Segment/OTC_Submit Form 7_End to End - Cheque' (Root cause: com.kms.katalon.core.exception.StepFailedException: Call Test Case 'Test Cases/All TC/Arranged/2. Segment/OTC_Submit Form 7_End to End - Cheque' failed)

2019-02-20 17:38:35 - [MESSAGE][FAILED] - callTestCase(findTestCase("All TC/Arranged/2. Segment/OTC_Submit Form 7_End to End - Cheque"), [:], STOP_ON_FAILURE) FAILED.
Reason:
com.kms.katalon.core.exception.StepFailedException: Unable to click on object 'Object Repository/KeatMun/Form 7_default/OTC_Submit Form 7_Section F-G-H/Page_PERKESO/G2. span_Isteri' (Root cause: com.kms.katalon.core.webui.exception.WebElementNotFoundException: Web element with id: 'Object Repository/KeatMun/Form 7_default/OTC_Submit Form 7_Section F-G-H/Page_PERKESO/G2. span_Isteri' located by 'By.xpath: //span[@id = 'select2-dependentList0dependentRelationId-container' and @title = 'Isteri' and (text() = 'Isteri' or . = 'Isteri')]' not found)
	at com.kms.katalon.core.keyword.internal.KeywordMain.stepFailed(KeywordMain.groovy:36)
	at com.kms.katalon.core.webui.keyword.internal.WebUIKeywordMain.stepFailed(WebUIKeywordMain.groovy:65)
	at com.kms.katalon.core.webui.keyword.internal.WebUIKeywordMain.runKeyword(WebUIKeywordMain.groovy:27)
	at com.kms.katalon.core.webui.keyword.builtin.ClickKeyword.click(ClickKeyword.groovy:86)
	at com.kms.katalon.core.webui.keyword.builtin.ClickKeyword.execute(ClickKeyword.groovy:67)
	at com.kms.katalon.core.keyword.internal.KeywordExecutor.executeKeywordForPlatform(KeywordExecutor.groovy:53)
	at com.kms.katalon.core.webui.keyword.WebUiBuiltInKeywords.click(WebUiBuiltInKeywords.groovy:616)
	at com.kms.katalon.core.webui.keyword.WebUiBuiltInKeywords$click$3.call(Unknown Source)
	at OTC_Submit Form 7_Section F-G-H - Cheque.run(OTC_Submit Form 7_Section F-G-H - Cheque:41)
	at com.kms.katalon.core.main.ScriptEngine.run(ScriptEngine.java:194)
	at com.kms.katalon.core.main.ScriptEngine.runScriptAsRawText(ScriptEngine.java:119)
	at com.kms.katalon.core.main.TestCaseExecutor.runScript(TestCaseExecutor.java:328)
	at com.kms.katalon.core.main.TestCaseExecutor.doExecute(TestCaseExecutor.java:319)
	at com.kms.katalon.core.main.TestCaseExecutor.processExecutionPhase(TestCaseExecutor.java:298)
	at com.kms.katalon.core.main.TestCaseExecutor.accessMainPhase(TestCaseExecutor.java:290)
	at com.kms.katalon.core.main.TestCaseExecutor.execute(TestCaseExecutor.java:224)
	at com.kms.katalon.core.main.TestCaseMain.runTestCase(TestCaseMain.java:106)
	at com.kms.katalon.core.keyword.builtin.CallTestCaseKeyword$_callTestCase_closure1.doCall(CallTestCaseKeyword.groovy:59)
	at com.kms.katalon.core.keyword.builtin.CallTestCaseKeyword$_callTestCase_closure1.call(CallTestCaseKeyword.groovy)
	at com.kms.katalon.core.keyword.internal.KeywordMain.runKeyword(KeywordMain.groovy:54)
	at com.kms.katalon.core.keyword.builtin.CallTestCaseKeyword.callTestCase(CallTestCaseKeyword.groovy:80)
	at com.kms.katalon.core.keyword.builtin.CallTestCaseKeyword.execute(CallTestCaseKeyword.groovy:44)
	at com.kms.katalon.core.keyword.internal.KeywordExecutor.executeKeywordForPlatform(KeywordExecutor.groovy:53)
	at com.kms.katalon.core.keyword.BuiltinKeywords.callTestCase(BuiltinKeywords.groovy:334)
	at OTC_Submit Form 7_End to End - Cheque.run(OTC_Submit Form 7_End to End - Cheque:26)
	at com.kms.katalon.core.main.ScriptEngine.run(ScriptEngine.java:194)
	at com.kms.katalon.core.main.ScriptEngine.runScriptAsRawText(ScriptEngine.java:119)
	at com.kms.katalon.core.main.TestCaseExecutor.runScript(TestCaseExecutor.java:328)
	at com.kms.katalon.core.main.TestCaseExecutor.doExecute(TestCaseExecutor.java:319)
	at com.kms.katalon.core.main.TestCaseExecutor.processExecutionPhase(TestCaseExecutor.java:298)
	at com.kms.katalon.core.main.TestCaseExecutor.accessMainPhase(TestCaseExecutor.java:290)
	at com.kms.katalon.core.main.TestCaseExecutor.execute(TestCaseExecutor.java:224)
	at com.kms.katalon.core.main.TestCaseMain.runTestCase(TestCaseMain.java:106)
	at com.kms.katalon.core.keyword.builtin.CallTestCaseKeyword$_callTestCase_closure1.doCall(CallTestCaseKeyword.groovy:59)
	at com.kms.katalon.core.keyword.builtin.CallTestCaseKeyword$_callTestCase_closure1.call(CallTestCaseKeyword.groovy)
	at com.kms.katalon.core.keyword.internal.KeywordMain.runKeyword(KeywordMain.groovy:54)
	at com.kms.katalon.core.keyword.builtin.CallTestCaseKeyword.callTestCase(CallTestCaseKeyword.groovy:80)
	at com.kms.katalon.core.keyword.builtin.CallTestCaseKeyword.execute(CallTestCaseKeyword.groovy:44)
	at com.kms.katalon.core.keyword.internal.KeywordExecutor.executeKeywordForPlatform(KeywordExecutor.groovy:53)
	at com.kms.katalon.core.keyword.BuiltinKeywords.callTestCase(BuiltinKeywords.groovy:334)
	at Reject Claim - DA.run(Reject Claim - DA:16)
	at com.kms.katalon.core.main.ScriptEngine.run(ScriptEngine.java:194)
	at com.kms.katalon.core.main.ScriptEngine.runScriptAsRawText(ScriptEngine.java:119)
	at com.kms.katalon.core.main.TestCaseExecutor.runScript(TestCaseExecutor.java:328)
	at com.kms.katalon.core.main.TestCaseExecutor.doExecute(TestCaseExecutor.java:319)
	at com.kms.katalon.core.main.TestCaseExecutor.processExecutionPhase(TestCaseExecutor.java:298)
	at com.kms.katalon.core.main.TestCaseExecutor.accessMainPhase(TestCaseExecutor.java:290)
	at com.kms.katalon.core.main.TestCaseExecutor.execute(TestCaseExecutor.java:224)
	at com.kms.katalon.core.main.TestSuiteExecutor.accessTestCaseMainPhase(TestSuiteExecutor.java:129)
	at com.kms.katalon.core.main.TestSuiteExecutor.accessTestSuiteMainPhase(TestSuiteExecutor.java:112)
	at com.kms.katalon.core.main.TestSuiteExecutor.execute(TestSuiteExecutor.java:81)
	at com.kms.katalon.core.main.TestCaseMain.startTestSuite(TestCaseMain.java:149)
	at com.kms.katalon.core.main.TestCaseMain$startTestSuite$0.call(Unknown Source)
	at TempTestSuite1550652525208.run(TempTestSuite1550652525208.groovy:36)]]></system-out>
         <system-err><![CDATA[2019-02-20 17:28:49 - [TEST_CASE][FAILED] - Test Cases/All TC/Arranged/0. Full Flow/Reject Claim - DA: Test Cases/All TC/Arranged/0. Full Flow/Reject Claim - DA FAILED.
Reason:
com.kms.katalon.core.exception.StepFailedException: Unable to click on object 'Object Repository/KeatMun/Form 7_default/OTC_Submit Form 7_Section F-G-H/Page_PERKESO/G2. span_Isteri' (Root cause: com.kms.katalon.core.webui.exception.WebElementNotFoundException: Web element with id: 'Object Repository/KeatMun/Form 7_default/OTC_Submit Form 7_Section F-G-H/Page_PERKESO/G2. span_Isteri' located by 'By.xpath: //span[@id = 'select2-dependentList0dependentRelationId-container' and @title = 'Isteri' and (text() = 'Isteri' or . = 'Isteri')]' not found)
	at com.kms.katalon.core.keyword.internal.KeywordMain.stepFailed(KeywordMain.groovy:36)
	at com.kms.katalon.core.webui.keyword.internal.WebUIKeywordMain.stepFailed(WebUIKeywordMain.groovy:65)
	at com.kms.katalon.core.webui.keyword.internal.WebUIKeywordMain.runKeyword(WebUIKeywordMain.groovy:27)
	at com.kms.katalon.core.webui.keyword.builtin.ClickKeyword.click(ClickKeyword.groovy:86)
	at com.kms.katalon.core.webui.keyword.builtin.ClickKeyword.execute(ClickKeyword.groovy:67)
	at com.kms.katalon.core.keyword.internal.KeywordExecutor.executeKeywordForPlatform(KeywordExecutor.groovy:53)
	at com.kms.katalon.core.webui.keyword.WebUiBuiltInKeywords.click(WebUiBuiltInKeywords.groovy:616)
	at com.kms.katalon.core.webui.keyword.WebUiBuiltInKeywords$click$3.call(Unknown Source)
	at OTC_Submit Form 7_Section F-G-H - Cheque.run(OTC_Submit Form 7_Section F-G-H - Cheque:41)
	at com.kms.katalon.core.main.ScriptEngine.run(ScriptEngine.java:194)
	at com.kms.katalon.core.main.ScriptEngine.runScriptAsRawText(ScriptEngine.java:119)
	at com.kms.katalon.core.main.TestCaseExecutor.runScript(TestCaseExecutor.java:328)
	at com.kms.katalon.core.main.TestCaseExecutor.doExecute(TestCaseExecutor.java:319)
	at com.kms.katalon.core.main.TestCaseExecutor.processExecutionPhase(TestCaseExecutor.java:298)
	at com.kms.katalon.core.main.TestCaseExecutor.accessMainPhase(TestCaseExecutor.java:290)
	at com.kms.katalon.core.main.TestCaseExecutor.execute(TestCaseExecutor.java:224)
	at com.kms.katalon.core.main.TestCaseMain.runTestCase(TestCaseMain.java:106)
	at com.kms.katalon.core.keyword.builtin.CallTestCaseKeyword$_callTestCase_closure1.doCall(CallTestCaseKeyword.groovy:59)
	at com.kms.katalon.core.keyword.builtin.CallTestCaseKeyword$_callTestCase_closure1.call(CallTestCaseKeyword.groovy)
	at com.kms.katalon.core.keyword.internal.KeywordMain.runKeyword(KeywordMain.groovy:54)
	at com.kms.katalon.core.keyword.builtin.CallTestCaseKeyword.callTestCase(CallTestCaseKeyword.groovy:80)
	at com.kms.katalon.core.keyword.builtin.CallTestCaseKeyword.execute(CallTestCaseKeyword.groovy:44)
	at com.kms.katalon.core.keyword.internal.KeywordExecutor.executeKeywordForPlatform(KeywordExecutor.groovy:53)
	at com.kms.katalon.core.keyword.BuiltinKeywords.callTestCase(BuiltinKeywords.groovy:334)
	at OTC_Submit Form 7_End to End - Cheque.run(OTC_Submit Form 7_End to End - Cheque:26)
	at com.kms.katalon.core.main.ScriptEngine.run(ScriptEngine.java:194)
	at com.kms.katalon.core.main.ScriptEngine.runScriptAsRawText(ScriptEngine.java:119)
	at com.kms.katalon.core.main.TestCaseExecutor.runScript(TestCaseExecutor.java:328)
	at com.kms.katalon.core.main.TestCaseExecutor.doExecute(TestCaseExecutor.java:319)
	at com.kms.katalon.core.main.TestCaseExecutor.processExecutionPhase(TestCaseExecutor.java:298)
	at com.kms.katalon.core.main.TestCaseExecutor.accessMainPhase(TestCaseExecutor.java:290)
	at com.kms.katalon.core.main.TestCaseExecutor.execute(TestCaseExecutor.java:224)
	at com.kms.katalon.core.main.TestCaseMain.runTestCase(TestCaseMain.java:106)
	at com.kms.katalon.core.keyword.builtin.CallTestCaseKeyword$_callTestCase_closure1.doCall(CallTestCaseKeyword.groovy:59)
	at com.kms.katalon.core.keyword.builtin.CallTestCaseKeyword$_callTestCase_closure1.call(CallTestCaseKeyword.groovy)
	at com.kms.katalon.core.keyword.internal.KeywordMain.runKeyword(KeywordMain.groovy:54)
	at com.kms.katalon.core.keyword.builtin.CallTestCaseKeyword.callTestCase(CallTestCaseKeyword.groovy:80)
	at com.kms.katalon.core.keyword.builtin.CallTestCaseKeyword.execute(CallTestCaseKeyword.groovy:44)
	at com.kms.katalon.core.keyword.internal.KeywordExecutor.executeKeywordForPlatform(KeywordExecutor.groovy:53)
	at com.kms.katalon.core.keyword.BuiltinKeywords.callTestCase(BuiltinKeywords.groovy:334)
	at Reject Claim - DA.run(Reject Claim - DA:16)
	at com.kms.katalon.core.main.ScriptEngine.run(ScriptEngine.java:194)
	at com.kms.katalon.core.main.ScriptEngine.runScriptAsRawText(ScriptEngine.java:119)
	at com.kms.katalon.core.main.TestCaseExecutor.runScript(TestCaseExecutor.java:328)
	at com.kms.katalon.core.main.TestCaseExecutor.doExecute(TestCaseExecutor.java:319)
	at com.kms.katalon.core.main.TestCaseExecutor.processExecutionPhase(TestCaseExecutor.java:298)
	at com.kms.katalon.core.main.TestCaseExecutor.accessMainPhase(TestCaseExecutor.java:290)
	at com.kms.katalon.core.main.TestCaseExecutor.execute(TestCaseExecutor.java:224)
	at com.kms.katalon.core.main.TestSuiteExecutor.accessTestCaseMainPhase(TestSuiteExecutor.java:129)
	at com.kms.katalon.core.main.TestSuiteExecutor.accessTestSuiteMainPhase(TestSuiteExecutor.java:112)
	at com.kms.katalon.core.main.TestSuiteExecutor.execute(TestSuiteExecutor.java:81)
	at com.kms.katalon.core.main.TestCaseMain.startTestSuite(TestCaseMain.java:149)
	at com.kms.katalon.core.main.TestCaseMain$startTestSuite$0.call(Unknown Source)
	at TempTestSuite1550652525208.run(TempTestSuite1550652525208.groovy:36)]]></system-err>
      </testcase>
      <testcase name="Test Cases/All TC/Arranged/0. Full Flow/Reject Application - RIA" classname="Test Cases/All TC/Arranged/0. Full Flow/Reject Application - RIA" status="FAILED">
         <failure type="FAILED" message="Test Cases/All TC/Arranged/0. Full Flow/Reject Application - RIA FAILED.
Reason:
com.kms.katalon.core.exception.StepFailedException: Unable to click on object 'Object Repository/KeatMun/Form 7_default/OTC_Submit Form 7_Section F-G-H/Page_PERKESO/G2. span_Isteri' (Root cause: com.kms.katalon.core.webui.exception.WebElementNotFoundException: Web element with id: 'Object Repository/KeatMun/Form 7_default/OTC_Submit Form 7_Section F-G-H/Page_PERKESO/G2. span_Isteri' located by 'By.xpath: //span[@id = 'select2-dependentList0dependentRelationId-container' and @title = 'Isteri' and (text() = 'Isteri' or . = 'Isteri')]' not found)
	at com.kms.katalon.core.keyword.internal.KeywordMain.stepFailed(KeywordMain.groovy:36)
	at com.kms.katalon.core.webui.keyword.internal.WebUIKeywordMain.stepFailed(WebUIKeywordMain.groovy:65)
	at com.kms.katalon.core.webui.keyword.internal.WebUIKeywordMain.runKeyword(WebUIKeywordMain.groovy:27)
	at com.kms.katalon.core.webui.keyword.builtin.ClickKeyword.click(ClickKeyword.groovy:86)
	at com.kms.katalon.core.webui.keyword.builtin.ClickKeyword.execute(ClickKeyword.groovy:67)
	at com.kms.katalon.core.keyword.internal.KeywordExecutor.executeKeywordForPlatform(KeywordExecutor.groovy:53)
	at com.kms.katalon.core.webui.keyword.WebUiBuiltInKeywords.click(WebUiBuiltInKeywords.groovy:616)
	at com.kms.katalon.core.webui.keyword.WebUiBuiltInKeywords$click$3.call(Unknown Source)
	at OTC_Submit Form 7_Section F-G-H - Cheque.run(OTC_Submit Form 7_Section F-G-H - Cheque:41)
	at com.kms.katalon.core.main.ScriptEngine.run(ScriptEngine.java:194)
	at com.kms.katalon.core.main.ScriptEngine.runScriptAsRawText(ScriptEngine.java:119)
	at com.kms.katalon.core.main.TestCaseExecutor.runScript(TestCaseExecutor.java:328)
	at com.kms.katalon.core.main.TestCaseExecutor.doExecute(TestCaseExecutor.java:319)
	at com.kms.katalon.core.main.TestCaseExecutor.processExecutionPhase(TestCaseExecutor.java:298)
	at com.kms.katalon.core.main.TestCaseExecutor.accessMainPhase(TestCaseExecutor.java:290)
	at com.kms.katalon.core.main.TestCaseExecutor.execute(TestCaseExecutor.java:224)
	at com.kms.katalon.core.main.TestCaseMain.runTestCase(TestCaseMain.java:106)
	at com.kms.katalon.core.keyword.builtin.CallTestCaseKeyword$_callTestCase_closure1.doCall(CallTestCaseKeyword.groovy:59)
	at com.kms.katalon.core.keyword.builtin.CallTestCaseKeyword$_callTestCase_closure1.call(CallTestCaseKeyword.groovy)
	at com.kms.katalon.core.keyword.internal.KeywordMain.runKeyword(KeywordMain.groovy:54)
	at com.kms.katalon.core.keyword.builtin.CallTestCaseKeyword.callTestCase(CallTestCaseKeyword.groovy:80)
	at com.kms.katalon.core.keyword.builtin.CallTestCaseKeyword.execute(CallTestCaseKeyword.groovy:44)
	at com.kms.katalon.core.keyword.internal.KeywordExecutor.executeKeywordForPlatform(KeywordExecutor.groovy:53)
	at com.kms.katalon.core.keyword.BuiltinKeywords.callTestCase(BuiltinKeywords.groovy:334)
	at OTC_Submit Form 7_End to End - Cheque.run(OTC_Submit Form 7_End to End - Cheque:26)
	at com.kms.katalon.core.main.ScriptEngine.run(ScriptEngine.java:194)
	at com.kms.katalon.core.main.ScriptEngine.runScriptAsRawText(ScriptEngine.java:119)
	at com.kms.katalon.core.main.TestCaseExecutor.runScript(TestCaseExecutor.java:328)
	at com.kms.katalon.core.main.TestCaseExecutor.doExecute(TestCaseExecutor.java:319)
	at com.kms.katalon.core.main.TestCaseExecutor.processExecutionPhase(TestCaseExecutor.java:298)
	at com.kms.katalon.core.main.TestCaseExecutor.accessMainPhase(TestCaseExecutor.java:290)
	at com.kms.katalon.core.main.TestCaseExecutor.execute(TestCaseExecutor.java:224)
	at com.kms.katalon.core.main.TestCaseMain.runTestCase(TestCaseMain.java:106)
	at com.kms.katalon.core.keyword.builtin.CallTestCaseKeyword$_callTestCase_closure1.doCall(CallTestCaseKeyword.groovy:59)
	at com.kms.katalon.core.keyword.builtin.CallTestCaseKeyword$_callTestCase_closure1.call(CallTestCaseKeyword.groovy)
	at com.kms.katalon.core.keyword.internal.KeywordMain.runKeyword(KeywordMain.groovy:54)
	at com.kms.katalon.core.keyword.builtin.CallTestCaseKeyword.callTestCase(CallTestCaseKeyword.groovy:80)
	at com.kms.katalon.core.keyword.builtin.CallTestCaseKeyword.execute(CallTestCaseKeyword.groovy:44)
	at com.kms.katalon.core.keyword.internal.KeywordExecutor.executeKeywordForPlatform(KeywordExecutor.groovy:53)
	at com.kms.katalon.core.keyword.BuiltinKeywords.callTestCase(BuiltinKeywords.groovy:334)
	at Reject Application - RIA.run(Reject Application - RIA:16)
	at com.kms.katalon.core.main.ScriptEngine.run(ScriptEngine.java:194)
	at com.kms.katalon.core.main.ScriptEngine.runScriptAsRawText(ScriptEngine.java:119)
	at com.kms.katalon.core.main.TestCaseExecutor.runScript(TestCaseExecutor.java:328)
	at com.kms.katalon.core.main.TestCaseExecutor.doExecute(TestCaseExecutor.java:319)
	at com.kms.katalon.core.main.TestCaseExecutor.processExecutionPhase(TestCaseExecutor.java:298)
	at com.kms.katalon.core.main.TestCaseExecutor.accessMainPhase(TestCaseExecutor.java:290)
	at com.kms.katalon.core.main.TestCaseExecutor.execute(TestCaseExecutor.java:224)
	at com.kms.katalon.core.main.TestSuiteExecutor.accessTestCaseMainPhase(TestSuiteExecutor.java:129)
	at com.kms.katalon.core.main.TestSuiteExecutor.accessTestSuiteMainPhase(TestSuiteExecutor.java:112)
	at com.kms.katalon.core.main.TestSuiteExecutor.execute(TestSuiteExecutor.java:81)
	at com.kms.katalon.core.main.TestCaseMain.startTestSuite(TestCaseMain.java:149)
	at com.kms.katalon.core.main.TestCaseMain$startTestSuite$0.call(Unknown Source)
	at TempTestSuite1550652525208.run(TempTestSuite1550652525208.groovy:36)
"/>
         <system-out><![CDATA[2019-02-20 17:38:36 - [TEST_CASE][FAILED] - Test Cases/All TC/Arranged/0. Full Flow/Reject Application - RIA: Test Cases/All TC/Arranged/0. Full Flow/Reject Application - RIA FAILED.
Reason:
com.kms.katalon.core.exception.StepFailedException: Unable to click on object 'Object Repository/KeatMun/Form 7_default/OTC_Submit Form 7_Section F-G-H/Page_PERKESO/G2. span_Isteri' (Root cause: com.kms.katalon.core.webui.exception.WebElementNotFoundException: Web element with id: 'Object Repository/KeatMun/Form 7_default/OTC_Submit Form 7_Section F-G-H/Page_PERKESO/G2. span_Isteri' located by 'By.xpath: //span[@id = 'select2-dependentList0dependentRelationId-container' and @title = 'Isteri' and (text() = 'Isteri' or . = 'Isteri')]' not found)
	at com.kms.katalon.core.keyword.internal.KeywordMain.stepFailed(KeywordMain.groovy:36)
	at com.kms.katalon.core.webui.keyword.internal.WebUIKeywordMain.stepFailed(WebUIKeywordMain.groovy:65)
	at com.kms.katalon.core.webui.keyword.internal.WebUIKeywordMain.runKeyword(WebUIKeywordMain.groovy:27)
	at com.kms.katalon.core.webui.keyword.builtin.ClickKeyword.click(ClickKeyword.groovy:86)
	at com.kms.katalon.core.webui.keyword.builtin.ClickKeyword.execute(ClickKeyword.groovy:67)
	at com.kms.katalon.core.keyword.internal.KeywordExecutor.executeKeywordForPlatform(KeywordExecutor.groovy:53)
	at com.kms.katalon.core.webui.keyword.WebUiBuiltInKeywords.click(WebUiBuiltInKeywords.groovy:616)
	at com.kms.katalon.core.webui.keyword.WebUiBuiltInKeywords$click$3.call(Unknown Source)
	at OTC_Submit Form 7_Section F-G-H - Cheque.run(OTC_Submit Form 7_Section F-G-H - Cheque:41)
	at com.kms.katalon.core.main.ScriptEngine.run(ScriptEngine.java:194)
	at com.kms.katalon.core.main.ScriptEngine.runScriptAsRawText(ScriptEngine.java:119)
	at com.kms.katalon.core.main.TestCaseExecutor.runScript(TestCaseExecutor.java:328)
	at com.kms.katalon.core.main.TestCaseExecutor.doExecute(TestCaseExecutor.java:319)
	at com.kms.katalon.core.main.TestCaseExecutor.processExecutionPhase(TestCaseExecutor.java:298)
	at com.kms.katalon.core.main.TestCaseExecutor.accessMainPhase(TestCaseExecutor.java:290)
	at com.kms.katalon.core.main.TestCaseExecutor.execute(TestCaseExecutor.java:224)
	at com.kms.katalon.core.main.TestCaseMain.runTestCase(TestCaseMain.java:106)
	at com.kms.katalon.core.keyword.builtin.CallTestCaseKeyword$_callTestCase_closure1.doCall(CallTestCaseKeyword.groovy:59)
	at com.kms.katalon.core.keyword.builtin.CallTestCaseKeyword$_callTestCase_closure1.call(CallTestCaseKeyword.groovy)
	at com.kms.katalon.core.keyword.internal.KeywordMain.runKeyword(KeywordMain.groovy:54)
	at com.kms.katalon.core.keyword.builtin.CallTestCaseKeyword.callTestCase(CallTestCaseKeyword.groovy:80)
	at com.kms.katalon.core.keyword.builtin.CallTestCaseKeyword.execute(CallTestCaseKeyword.groovy:44)
	at com.kms.katalon.core.keyword.internal.KeywordExecutor.executeKeywordForPlatform(KeywordExecutor.groovy:53)
	at com.kms.katalon.core.keyword.BuiltinKeywords.callTestCase(BuiltinKeywords.groovy:334)
	at OTC_Submit Form 7_End to End - Cheque.run(OTC_Submit Form 7_End to End - Cheque:26)
	at com.kms.katalon.core.main.ScriptEngine.run(ScriptEngine.java:194)
	at com.kms.katalon.core.main.ScriptEngine.runScriptAsRawText(ScriptEngine.java:119)
	at com.kms.katalon.core.main.TestCaseExecutor.runScript(TestCaseExecutor.java:328)
	at com.kms.katalon.core.main.TestCaseExecutor.doExecute(TestCaseExecutor.java:319)
	at com.kms.katalon.core.main.TestCaseExecutor.processExecutionPhase(TestCaseExecutor.java:298)
	at com.kms.katalon.core.main.TestCaseExecutor.accessMainPhase(TestCaseExecutor.java:290)
	at com.kms.katalon.core.main.TestCaseExecutor.execute(TestCaseExecutor.java:224)
	at com.kms.katalon.core.main.TestCaseMain.runTestCase(TestCaseMain.java:106)
	at com.kms.katalon.core.keyword.builtin.CallTestCaseKeyword$_callTestCase_closure1.doCall(CallTestCaseKeyword.groovy:59)
	at com.kms.katalon.core.keyword.builtin.CallTestCaseKeyword$_callTestCase_closure1.call(CallTestCaseKeyword.groovy)
	at com.kms.katalon.core.keyword.internal.KeywordMain.runKeyword(KeywordMain.groovy:54)
	at com.kms.katalon.core.keyword.builtin.CallTestCaseKeyword.callTestCase(CallTestCaseKeyword.groovy:80)
	at com.kms.katalon.core.keyword.builtin.CallTestCaseKeyword.execute(CallTestCaseKeyword.groovy:44)
	at com.kms.katalon.core.keyword.internal.KeywordExecutor.executeKeywordForPlatform(KeywordExecutor.groovy:53)
	at com.kms.katalon.core.keyword.BuiltinKeywords.callTestCase(BuiltinKeywords.groovy:334)
	at Reject Application - RIA.run(Reject Application - RIA:16)
	at com.kms.katalon.core.main.ScriptEngine.run(ScriptEngine.java:194)
	at com.kms.katalon.core.main.ScriptEngine.runScriptAsRawText(ScriptEngine.java:119)
	at com.kms.katalon.core.main.TestCaseExecutor.runScript(TestCaseExecutor.java:328)
	at com.kms.katalon.core.main.TestCaseExecutor.doExecute(TestCaseExecutor.java:319)
	at com.kms.katalon.core.main.TestCaseExecutor.processExecutionPhase(TestCaseExecutor.java:298)
	at com.kms.katalon.core.main.TestCaseExecutor.accessMainPhase(TestCaseExecutor.java:290)
	at com.kms.katalon.core.main.TestCaseExecutor.execute(TestCaseExecutor.java:224)
	at com.kms.katalon.core.main.TestSuiteExecutor.accessTestCaseMainPhase(TestSuiteExecutor.java:129)
	at com.kms.katalon.core.main.TestSuiteExecutor.accessTestSuiteMainPhase(TestSuiteExecutor.java:112)
	at com.kms.katalon.core.main.TestSuiteExecutor.execute(TestSuiteExecutor.java:81)
	at com.kms.katalon.core.main.TestCaseMain.startTestSuite(TestCaseMain.java:149)
	at com.kms.katalon.core.main.TestCaseMain$startTestSuite$0.call(Unknown Source)
	at TempTestSuite1550652525208.run(TempTestSuite1550652525208.groovy:36)


2019-02-20 17:38:36 - [TEST_STEP][FAILED] - callTestCase(findTestCase("All TC/Arranged/2. Segment/OTC_Submit Form 7_End to End - Cheque"), [:], STOP_ON_FAILURE): callTestCase(findTestCase("All TC/Arranged/2. Segment/OTC_Submit Form 7_End to End - Cheque"), [:], STOP_ON_FAILURE) FAILED.
Reason:
com.kms.katalon.core.exception.StepFailedException: Unable to click on object 'Object Repository/KeatMun/Form 7_default/OTC_Submit Form 7_Section F-G-H/Page_PERKESO/G2. span_Isteri' (Root cause: com.kms.katalon.core.webui.exception.WebElementNotFoundException: Web element with id: 'Object Repository/KeatMun/Form 7_default/OTC_Submit Form 7_Section F-G-H/Page_PERKESO/G2. span_Isteri' located by 'By.xpath: //span[@id = 'select2-dependentList0dependentRelationId-container' and @title = 'Isteri' and (text() = 'Isteri' or . = 'Isteri')]' not found)
	at com.kms.katalon.core.keyword.internal.KeywordMain.stepFailed(KeywordMain.groovy:36)
	at com.kms.katalon.core.webui.keyword.internal.WebUIKeywordMain.stepFailed(WebUIKeywordMain.groovy:65)
	at com.kms.katalon.core.webui.keyword.internal.WebUIKeywordMain.runKeyword(WebUIKeywordMain.groovy:27)
	at com.kms.katalon.core.webui.keyword.builtin.ClickKeyword.click(ClickKeyword.groovy:86)
	at com.kms.katalon.core.webui.keyword.builtin.ClickKeyword.execute(ClickKeyword.groovy:67)
	at com.kms.katalon.core.keyword.internal.KeywordExecutor.executeKeywordForPlatform(KeywordExecutor.groovy:53)
	at com.kms.katalon.core.webui.keyword.WebUiBuiltInKeywords.click(WebUiBuiltInKeywords.groovy:616)
	at com.kms.katalon.core.webui.keyword.WebUiBuiltInKeywords$click$3.call(Unknown Source)
	at OTC_Submit Form 7_Section F-G-H - Cheque.run(OTC_Submit Form 7_Section F-G-H - Cheque:41)
	at com.kms.katalon.core.main.ScriptEngine.run(ScriptEngine.java:194)
	at com.kms.katalon.core.main.ScriptEngine.runScriptAsRawText(ScriptEngine.java:119)
	at com.kms.katalon.core.main.TestCaseExecutor.runScript(TestCaseExecutor.java:328)
	at com.kms.katalon.core.main.TestCaseExecutor.doExecute(TestCaseExecutor.java:319)
	at com.kms.katalon.core.main.TestCaseExecutor.processExecutionPhase(TestCaseExecutor.java:298)
	at com.kms.katalon.core.main.TestCaseExecutor.accessMainPhase(TestCaseExecutor.java:290)
	at com.kms.katalon.core.main.TestCaseExecutor.execute(TestCaseExecutor.java:224)
	at com.kms.katalon.core.main.TestCaseMain.runTestCase(TestCaseMain.java:106)
	at com.kms.katalon.core.keyword.builtin.CallTestCaseKeyword$_callTestCase_closure1.doCall(CallTestCaseKeyword.groovy:59)
	at com.kms.katalon.core.keyword.builtin.CallTestCaseKeyword$_callTestCase_closure1.call(CallTestCaseKeyword.groovy)
	at com.kms.katalon.core.keyword.internal.KeywordMain.runKeyword(KeywordMain.groovy:54)
	at com.kms.katalon.core.keyword.builtin.CallTestCaseKeyword.callTestCase(CallTestCaseKeyword.groovy:80)
	at com.kms.katalon.core.keyword.builtin.CallTestCaseKeyword.execute(CallTestCaseKeyword.groovy:44)
	at com.kms.katalon.core.keyword.internal.KeywordExecutor.executeKeywordForPlatform(KeywordExecutor.groovy:53)
	at com.kms.katalon.core.keyword.BuiltinKeywords.callTestCase(BuiltinKeywords.groovy:334)
	at OTC_Submit Form 7_End to End - Cheque.run(OTC_Submit Form 7_End to End - Cheque:26)
	at com.kms.katalon.core.main.ScriptEngine.run(ScriptEngine.java:194)
	at com.kms.katalon.core.main.ScriptEngine.runScriptAsRawText(ScriptEngine.java:119)
	at com.kms.katalon.core.main.TestCaseExecutor.runScript(TestCaseExecutor.java:328)
	at com.kms.katalon.core.main.TestCaseExecutor.doExecute(TestCaseExecutor.java:319)
	at com.kms.katalon.core.main.TestCaseExecutor.processExecutionPhase(TestCaseExecutor.java:298)
	at com.kms.katalon.core.main.TestCaseExecutor.accessMainPhase(TestCaseExecutor.java:290)
	at com.kms.katalon.core.main.TestCaseExecutor.execute(TestCaseExecutor.java:224)
	at com.kms.katalon.core.main.TestCaseMain.runTestCase(TestCaseMain.java:106)
	at com.kms.katalon.core.keyword.builtin.CallTestCaseKeyword$_callTestCase_closure1.doCall(CallTestCaseKeyword.groovy:59)
	at com.kms.katalon.core.keyword.builtin.CallTestCaseKeyword$_callTestCase_closure1.call(CallTestCaseKeyword.groovy)
	at com.kms.katalon.core.keyword.internal.KeywordMain.runKeyword(KeywordMain.groovy:54)
	at com.kms.katalon.core.keyword.builtin.CallTestCaseKeyword.callTestCase(CallTestCaseKeyword.groovy:80)
	at com.kms.katalon.core.keyword.builtin.CallTestCaseKeyword.execute(CallTestCaseKeyword.groovy:44)
	at com.kms.katalon.core.keyword.internal.KeywordExecutor.executeKeywordForPlatform(KeywordExecutor.groovy:53)
	at com.kms.katalon.core.keyword.BuiltinKeywords.callTestCase(BuiltinKeywords.groovy:334)
	at Reject Application - RIA.run(Reject Application - RIA:16)
	at com.kms.katalon.core.main.ScriptEngine.run(ScriptEngine.java:194)
	at com.kms.katalon.core.main.ScriptEngine.runScriptAsRawText(ScriptEngine.java:119)
	at com.kms.katalon.core.main.TestCaseExecutor.runScript(TestCaseExecutor.java:328)
	at com.kms.katalon.core.main.TestCaseExecutor.doExecute(TestCaseExecutor.java:319)
	at com.kms.katalon.core.main.TestCaseExecutor.processExecutionPhase(TestCaseExecutor.java:298)
	at com.kms.katalon.core.main.TestCaseExecutor.accessMainPhase(TestCaseExecutor.java:290)
	at com.kms.katalon.core.main.TestCaseExecutor.execute(TestCaseExecutor.java:224)
	at com.kms.katalon.core.main.TestSuiteExecutor.accessTestCaseMainPhase(TestSuiteExecutor.java:129)
	at com.kms.katalon.core.main.TestSuiteExecutor.accessTestSuiteMainPhase(TestSuiteExecutor.java:112)
	at com.kms.katalon.core.main.TestSuiteExecutor.execute(TestSuiteExecutor.java:81)
	at com.kms.katalon.core.main.TestCaseMain.startTestSuite(TestCaseMain.java:149)
	at com.kms.katalon.core.main.TestCaseMain$startTestSuite$0.call(Unknown Source)
	at TempTestSuite1550652525208.run(TempTestSuite1550652525208.groovy:36)


2019-02-20 17:38:36 - [TEST_CASE][FAILED] - Test Cases/All TC/Arranged/2. Segment/OTC_Submit Form 7_End to End - Cheque: Test Cases/All TC/Arranged/2. Segment/OTC_Submit Form 7_End to End - Cheque FAILED.
Reason:
com.kms.katalon.core.exception.StepFailedException: Unable to click on object 'Object Repository/KeatMun/Form 7_default/OTC_Submit Form 7_Section F-G-H/Page_PERKESO/G2. span_Isteri' (Root cause: com.kms.katalon.core.webui.exception.WebElementNotFoundException: Web element with id: 'Object Repository/KeatMun/Form 7_default/OTC_Submit Form 7_Section F-G-H/Page_PERKESO/G2. span_Isteri' located by 'By.xpath: //span[@id = 'select2-dependentList0dependentRelationId-container' and @title = 'Isteri' and (text() = 'Isteri' or . = 'Isteri')]' not found)
	at com.kms.katalon.core.keyword.internal.KeywordMain.stepFailed(KeywordMain.groovy:36)
	at com.kms.katalon.core.webui.keyword.internal.WebUIKeywordMain.stepFailed(WebUIKeywordMain.groovy:65)
	at com.kms.katalon.core.webui.keyword.internal.WebUIKeywordMain.runKeyword(WebUIKeywordMain.groovy:27)
	at com.kms.katalon.core.webui.keyword.builtin.ClickKeyword.click(ClickKeyword.groovy:86)
	at com.kms.katalon.core.webui.keyword.builtin.ClickKeyword.execute(ClickKeyword.groovy:67)
	at com.kms.katalon.core.keyword.internal.KeywordExecutor.executeKeywordForPlatform(KeywordExecutor.groovy:53)
	at com.kms.katalon.core.webui.keyword.WebUiBuiltInKeywords.click(WebUiBuiltInKeywords.groovy:616)
	at com.kms.katalon.core.webui.keyword.WebUiBuiltInKeywords$click$3.call(Unknown Source)
	at OTC_Submit Form 7_Section F-G-H - Cheque.run(OTC_Submit Form 7_Section F-G-H - Cheque:41)
	at com.kms.katalon.core.main.ScriptEngine.run(ScriptEngine.java:194)
	at com.kms.katalon.core.main.ScriptEngine.runScriptAsRawText(ScriptEngine.java:119)
	at com.kms.katalon.core.main.TestCaseExecutor.runScript(TestCaseExecutor.java:328)
	at com.kms.katalon.core.main.TestCaseExecutor.doExecute(TestCaseExecutor.java:319)
	at com.kms.katalon.core.main.TestCaseExecutor.processExecutionPhase(TestCaseExecutor.java:298)
	at com.kms.katalon.core.main.TestCaseExecutor.accessMainPhase(TestCaseExecutor.java:290)
	at com.kms.katalon.core.main.TestCaseExecutor.execute(TestCaseExecutor.java:224)
	at com.kms.katalon.core.main.TestCaseMain.runTestCase(TestCaseMain.java:106)
	at com.kms.katalon.core.keyword.builtin.CallTestCaseKeyword$_callTestCase_closure1.doCall(CallTestCaseKeyword.groovy:59)
	at com.kms.katalon.core.keyword.builtin.CallTestCaseKeyword$_callTestCase_closure1.call(CallTestCaseKeyword.groovy)
	at com.kms.katalon.core.keyword.internal.KeywordMain.runKeyword(KeywordMain.groovy:54)
	at com.kms.katalon.core.keyword.builtin.CallTestCaseKeyword.callTestCase(CallTestCaseKeyword.groovy:80)
	at com.kms.katalon.core.keyword.builtin.CallTestCaseKeyword.execute(CallTestCaseKeyword.groovy:44)
	at com.kms.katalon.core.keyword.internal.KeywordExecutor.executeKeywordForPlatform(KeywordExecutor.groovy:53)
	at com.kms.katalon.core.keyword.BuiltinKeywords.callTestCase(BuiltinKeywords.groovy:334)
	at OTC_Submit Form 7_End to End - Cheque.run(OTC_Submit Form 7_End to End - Cheque:26)
	at com.kms.katalon.core.main.ScriptEngine.run(ScriptEngine.java:194)
	at com.kms.katalon.core.main.ScriptEngine.runScriptAsRawText(ScriptEngine.java:119)
	at com.kms.katalon.core.main.TestCaseExecutor.runScript(TestCaseExecutor.java:328)
	at com.kms.katalon.core.main.TestCaseExecutor.doExecute(TestCaseExecutor.java:319)
	at com.kms.katalon.core.main.TestCaseExecutor.processExecutionPhase(TestCaseExecutor.java:298)
	at com.kms.katalon.core.main.TestCaseExecutor.accessMainPhase(TestCaseExecutor.java:290)
	at com.kms.katalon.core.main.TestCaseExecutor.execute(TestCaseExecutor.java:224)
	at com.kms.katalon.core.main.TestCaseMain.runTestCase(TestCaseMain.java:106)
	at com.kms.katalon.core.keyword.builtin.CallTestCaseKeyword$_callTestCase_closure1.doCall(CallTestCaseKeyword.groovy:59)
	at com.kms.katalon.core.keyword.builtin.CallTestCaseKeyword$_callTestCase_closure1.call(CallTestCaseKeyword.groovy)
	at com.kms.katalon.core.keyword.internal.KeywordMain.runKeyword(KeywordMain.groovy:54)
	at com.kms.katalon.core.keyword.builtin.CallTestCaseKeyword.callTestCase(CallTestCaseKeyword.groovy:80)
	at com.kms.katalon.core.keyword.builtin.CallTestCaseKeyword.execute(CallTestCaseKeyword.groovy:44)
	at com.kms.katalon.core.keyword.internal.KeywordExecutor.executeKeywordForPlatform(KeywordExecutor.groovy:53)
	at com.kms.katalon.core.keyword.BuiltinKeywords.callTestCase(BuiltinKeywords.groovy:334)
	at Reject Application - RIA.run(Reject Application - RIA:16)
	at com.kms.katalon.core.main.ScriptEngine.run(ScriptEngine.java:194)
	at com.kms.katalon.core.main.ScriptEngine.runScriptAsRawText(ScriptEngine.java:119)
	at com.kms.katalon.core.main.TestCaseExecutor.runScript(TestCaseExecutor.java:328)
	at com.kms.katalon.core.main.TestCaseExecutor.doExecute(TestCaseExecutor.java:319)
	at com.kms.katalon.core.main.TestCaseExecutor.processExecutionPhase(TestCaseExecutor.java:298)
	at com.kms.katalon.core.main.TestCaseExecutor.accessMainPhase(TestCaseExecutor.java:290)
	at com.kms.katalon.core.main.TestCaseExecutor.execute(TestCaseExecutor.java:224)
	at com.kms.katalon.core.main.TestSuiteExecutor.accessTestCaseMainPhase(TestSuiteExecutor.java:129)
	at com.kms.katalon.core.main.TestSuiteExecutor.accessTestSuiteMainPhase(TestSuiteExecutor.java:112)
	at com.kms.katalon.core.main.TestSuiteExecutor.execute(TestSuiteExecutor.java:81)
	at com.kms.katalon.core.main.TestCaseMain.startTestSuite(TestCaseMain.java:149)
	at com.kms.katalon.core.main.TestCaseMain$startTestSuite$0.call(Unknown Source)
	at TempTestSuite1550652525208.run(TempTestSuite1550652525208.groovy:36)


2019-02-20 17:38:36 - [TEST_STEP][PASSED] - callTestCase(findTestCase("All TC/Arranged/3. Unit/EI/Form 7_default/OTC_Application_Reg"), [:], STOP_ON_FAILURE): Call Test Case 'Test Cases/All TC/Arranged/3. Unit/EI/Form 7_default/OTC_Application_Reg' successfully

2019-02-20 17:38:36 - [TEST_CASE][PASSED] - Test Cases/All TC/Arranged/3. Unit/EI/Form 7_default/OTC_Application_Reg: Test Cases/All TC/Arranged/3. Unit/EI/Form 7_default/OTC_Application_Reg

2019-02-20 17:38:36 - [TEST_STEP][PASSED] - openBrowser(""): Browser is opened with url: ''

2019-02-20 17:38:36 - [MESSAGE][WARNING] - A browser is already opened. Closing browser and opening a new one

2019-02-20 17:38:38 - [MESSAGE][INFO] - Starting 'Chrome' driver

2019-02-20 17:38:38 - [MESSAGE][INFO] - User set preference: ['args', '[--start-maximized]']

2019-02-20 17:38:42 - [MESSAGE][PASSED] - Browser is opened with url: ''

2019-02-20 17:38:42 - [TEST_STEP][PASSED] - navigateToUrl(Internal_Login): Navigate to 'http://10.20.24.188/eisportal/user/login' successfully

2019-02-20 17:38:44 - [MESSAGE][PASSED] - Navigate to 'http://10.20.24.188/eisportal/user/login' successfully

2019-02-20 17:38:44 - [TEST_STEP][PASSED] - delay(3): Delayed 3 second(s)

2019-02-20 17:38:47 - [MESSAGE][PASSED] - Delayed 3 second(s)

2019-02-20 17:38:47 - [TEST_STEP][PASSED] - setText(findTestObject("KeatMun/Form 7_default/OTC_Application_Reg/Page_PERKESO/1.username"), "faizal.hamid@perkeso.gov.my"): Text 'faizal.hamid@perkeso.gov.my' is set on object 'Object Repository/KeatMun/Form 7_default/OTC_Application_Reg/Page_PERKESO/1.username'

2019-02-20 17:38:51 - [MESSAGE][PASSED] - Text 'faizal.hamid@perkeso.gov.my' is set on object 'Object Repository/KeatMun/Form 7_default/OTC_Application_Reg/Page_PERKESO/1.username'

2019-02-20 17:38:51 - [TEST_STEP][PASSED] - delay(1): Delayed 1 second(s)

2019-02-20 17:38:52 - [MESSAGE][PASSED] - Delayed 1 second(s)

2019-02-20 17:38:52 - [TEST_STEP][PASSED] - setEncryptedText(findTestObject("KeatMun/Form 7_default/OTC_Application_Reg/Page_PERKESO/2.password"), "CQqwFZlbeC8="): Text ****** has been set on object 'Object Repository/KeatMun/Form 7_default/OTC_Application_Reg/Page_PERKESO/2.password'

2019-02-20 17:38:55 - [MESSAGE][PASSED] - Text ****** has been set on object 'Object Repository/KeatMun/Form 7_default/OTC_Application_Reg/Page_PERKESO/2.password'

2019-02-20 17:38:55 - [TEST_STEP][PASSED] - delay(2): Delayed 2 second(s)

2019-02-20 17:38:57 - [MESSAGE][PASSED] - Delayed 2 second(s)

2019-02-20 17:38:57 - [TEST_STEP][PASSED] - click(findTestObject("KeatMun/Form 7_default/OTC_Application_Reg/Page_PERKESO/3.login button")): Object: 'Object Repository/KeatMun/Form 7_default/OTC_Application_Reg/Page_PERKESO/3.login button' is clicked on

2019-02-20 17:39:00 - [MESSAGE][PASSED] - Object: 'Object Repository/KeatMun/Form 7_default/OTC_Application_Reg/Page_PERKESO/3.login button' is clicked on

2019-02-20 17:39:00 - [TEST_STEP][PASSED] - delay(2): Delayed 2 second(s)

2019-02-20 17:39:02 - [MESSAGE][PASSED] - Delayed 2 second(s)

2019-02-20 17:39:02 - [TEST_STEP][PASSED] - click(findTestObject("KeatMun/Form 7_default/OTC_Application_Reg/Page_PERKESO/4. Permohonan tab")): Object: 'Object Repository/KeatMun/Form 7_default/OTC_Application_Reg/Page_PERKESO/4. Permohonan tab' is clicked on

2019-02-20 17:39:05 - [MESSAGE][PASSED] - Object: 'Object Repository/KeatMun/Form 7_default/OTC_Application_Reg/Page_PERKESO/4. Permohonan tab' is clicked on

2019-02-20 17:39:05 - [TEST_STEP][PASSED] - delay(2): Delayed 2 second(s)

2019-02-20 17:39:07 - [MESSAGE][PASSED] - Delayed 2 second(s)

2019-02-20 17:39:07 - [TEST_STEP][PASSED] - click(findTestObject("KeatMun/Form 7_default/OTC_Application_Reg/Page_PERKESO/5.button_Setuju")): Object: 'Object Repository/KeatMun/Form 7_default/OTC_Application_Reg/Page_PERKESO/5.button_Setuju' is clicked on

2019-02-20 17:39:10 - [MESSAGE][PASSED] - Object: 'Object Repository/KeatMun/Form 7_default/OTC_Application_Reg/Page_PERKESO/5.button_Setuju' is clicked on

2019-02-20 17:39:10 - [TEST_STEP][PASSED] - delay(2): Delayed 2 second(s)

2019-02-20 17:39:12 - [MESSAGE][PASSED] - Delayed 2 second(s)

2019-02-20 17:39:12 - [TEST_STEP][PASSED] - callTestCase(findTestCase("All TC/Arranged/1. Common/IC List Checker"), [:], STOP_ON_FAILURE): Call Test Case 'Test Cases/All TC/Arranged/1. Common/IC List Checker' successfully

2019-02-20 17:39:12 - [TEST_CASE][PASSED] - Test Cases/All TC/Arranged/1. Common/IC List Checker: Test Cases/All TC/Arranged/1. Common/IC List Checker

2019-02-20 17:39:12 - [TEST_STEP][PASSED] - counter = 0: null

2019-02-20 17:39:12 - [TEST_STEP][PASSED] - fis = new java.io.FileInputStream((internal.GlobalVariable.TextFilePathCommon + \IC.xlsx)): null

2019-02-20 17:39:12 - [TEST_STEP][PASSED] - workbook = new org.apache.poi.xssf.usermodel.XSSFWorkbook(fis): null

2019-02-20 17:39:12 - [TEST_STEP][PASSED] - sheet = workbook.getSheet("Sheet1"): null

2019-02-20 17:39:12 - [TEST_STEP][PASSED] - totalRow = sheet.getLastRowNum(): null

2019-02-20 17:39:12 - [TEST_STEP][PASSED] - out.println(totalRow): null

2019-02-20 17:39:12 - [TEST_STEP][PASSED] - row = sheet.getRow(counter): null

2019-02-20 17:39:12 - [TEST_STEP][PASSED] - cell = row.getCell(counter): null

2019-02-20 17:39:12 - [TEST_STEP][PASSED] - a = cell.getStringCellValue(): null

2019-02-20 17:39:12 - [TEST_STEP][PASSED] - IC = a: null

2019-02-20 17:39:12 - [TEST_STEP][PASSED] - out.println(IC): null

2019-02-20 17:39:12 - [TEST_STEP][PASSED] - callTestCase(findTestCase("All TC/Arranged/1. Common/1.2 Setter/Setter IC"), [:], STOP_ON_FAILURE): Call Test Case 'Test Cases/All TC/Arranged/1. Common/1.2 Setter/Setter IC' successfully

2019-02-20 17:39:12 - [TEST_CASE][PASSED] - Test Cases/All TC/Arranged/1. Common/1.2 Setter/Setter IC: Test Cases/All TC/Arranged/1. Common/1.2 Setter/Setter IC

2019-02-20 17:39:12 - [TEST_STEP][PASSED] - RefNoOldFile = new java.io.File((internal.GlobalVariable.TextFilePathCommon + \getIC.txt)): null

2019-02-20 17:39:12 - [TEST_STEP][PASSED] - RefNoOldFile.delete(): null

2019-02-20 17:39:12 - [TEST_STEP][PASSED] - delay(5): Delayed 5 second(s)

2019-02-20 17:39:17 - [MESSAGE][PASSED] - Delayed 5 second(s)

2019-02-20 17:39:17 - [TEST_STEP][PASSED] - RefNo = new java.io.File((internal.GlobalVariable.TextFilePathCommon + \getIC.txt)): null

2019-02-20 17:39:17 - [TEST_STEP][PASSED] - f2 = new java.io.FileWriter(RefNo, false): null

2019-02-20 17:39:17 - [TEST_STEP][PASSED] - f2.write(IC): null

2019-02-20 17:39:17 - [TEST_STEP][PASSED] - f2.close(): null

2019-02-20 17:39:17 - [TEST_STEP][PASSED] - out.println("


" + IC + "


"): null

2019-02-20 17:39:17 - [MESSAGE][PASSED] - Call Test Case 'Test Cases/All TC/Arranged/1. Common/1.2 Setter/Setter IC' successfully

2019-02-20 17:39:17 - [MESSAGE][PASSED] - Call Test Case 'Test Cases/All TC/Arranged/1. Common/IC List Checker' successfully

2019-02-20 17:39:17 - [TEST_STEP][PASSED] - setText(findTestObject("KeatMun/Form 7_default/OTC_Application_Reg/Page_PERKESO/6.No. Kad Pengenalan"), IC): Text '861023436638' is set on object 'Object Repository/KeatMun/Form 7_default/OTC_Application_Reg/Page_PERKESO/6.No. Kad Pengenalan'

2019-02-20 17:39:21 - [MESSAGE][PASSED] - Text '861023436638' is set on object 'Object Repository/KeatMun/Form 7_default/OTC_Application_Reg/Page_PERKESO/6.No. Kad Pengenalan'

2019-02-20 17:39:21 - [TEST_STEP][PASSED] - delay(2): Delayed 2 second(s)

2019-02-20 17:39:23 - [MESSAGE][PASSED] - Delayed 2 second(s)

2019-02-20 17:39:23 - [TEST_STEP][PASSED] - click(findTestObject("KeatMun/Form 7_default/OTC_Application_Reg/Page_PERKESO/7.button_Semak")): Object: 'Object Repository/KeatMun/Form 7_default/OTC_Application_Reg/Page_PERKESO/7.button_Semak' is clicked on

2019-02-20 17:39:25 - [MESSAGE][PASSED] - Object: 'Object Repository/KeatMun/Form 7_default/OTC_Application_Reg/Page_PERKESO/7.button_Semak' is clicked on

2019-02-20 17:39:25 - [TEST_STEP][PASSED] - delay(4): Delayed 4 second(s)

2019-02-20 17:39:29 - [MESSAGE][PASSED] - Delayed 4 second(s)

2019-02-20 17:39:29 - [TEST_STEP][PASSED] - click(findTestObject("KeatMun/Form 7_default/OTC_Application_Reg/Page_PERKESO/8. Nama Majikan Dropdown")): Object: 'Object Repository/KeatMun/Form 7_default/OTC_Application_Reg/Page_PERKESO/8. Nama Majikan Dropdown' is clicked on

2019-02-20 17:39:32 - [MESSAGE][PASSED] - Object: 'Object Repository/KeatMun/Form 7_default/OTC_Application_Reg/Page_PERKESO/8. Nama Majikan Dropdown' is clicked on

2019-02-20 17:39:32 - [TEST_STEP][PASSED] - setText(findTestObject("KeatMun/Form 7_default/OTC_Application_Reg/Page_PERKESO/8. LOE emp"), "pet"): Text 'pet' is set on object 'Object Repository/KeatMun/Form 7_default/OTC_Application_Reg/Page_PERKESO/8. LOE emp'

2019-02-20 17:39:36 - [MESSAGE][PASSED] - Text 'pet' is set on object 'Object Repository/KeatMun/Form 7_default/OTC_Application_Reg/Page_PERKESO/8. LOE emp'

2019-02-20 17:39:36 - [TEST_STEP][PASSED] - click(findTestObject("KeatMun/Form 7_default/OTC_Application_Reg/Page_PERKESO/8. PETRONAS")): Object: 'Object Repository/KeatMun/Form 7_default/OTC_Application_Reg/Page_PERKESO/8. PETRONAS' is clicked on

2019-02-20 17:39:38 - [MESSAGE][PASSED] - Object: 'Object Repository/KeatMun/Form 7_default/OTC_Application_Reg/Page_PERKESO/8. PETRONAS' is clicked on

2019-02-20 17:39:38 - [TEST_STEP][PASSED] - delay(2): Delayed 2 second(s)

2019-02-20 17:39:40 - [MESSAGE][PASSED] - Delayed 2 second(s)

2019-02-20 17:39:40 - [TEST_STEP][PASSED] - setText(findTestObject("KeatMun/Form 7_default/OTC_Application_Reg/Page_PERKESO/9.Tarikh kehilangan pkj"), "10/01/2019"): Text '10/01/2019' is set on object 'Object Repository/KeatMun/Form 7_default/OTC_Application_Reg/Page_PERKESO/9.Tarikh kehilangan pkj'

2019-02-20 17:39:44 - [MESSAGE][PASSED] - Text '10/01/2019' is set on object 'Object Repository/KeatMun/Form 7_default/OTC_Application_Reg/Page_PERKESO/9.Tarikh kehilangan pkj'

2019-02-20 17:39:44 - [TEST_STEP][PASSED] - delay(2): Delayed 2 second(s)

2019-02-20 17:39:46 - [MESSAGE][PASSED] - Delayed 2 second(s)

2019-02-20 17:39:46 - [TEST_STEP][PASSED] - click(findTestObject("KeatMun/Form 7_default/OTC_Application_Reg/Page_PERKESO/9. Date Picker Done Button ")): Object: 'Object Repository/KeatMun/Form 7_default/OTC_Application_Reg/Page_PERKESO/9. Date Picker Done Button ' is clicked on

2019-02-20 17:39:48 - [MESSAGE][PASSED] - Object: 'Object Repository/KeatMun/Form 7_default/OTC_Application_Reg/Page_PERKESO/9. Date Picker Done Button ' is clicked on

2019-02-20 17:39:48 - [TEST_STEP][PASSED] - delay(2): Delayed 2 second(s)

2019-02-20 17:39:50 - [MESSAGE][PASSED] - Delayed 2 second(s)

2019-02-20 17:39:50 - [TEST_STEP][PASSED] - click(findTestObject("KeatMun/Form 7_default/OTC_Application_Reg/Page_PERKESO/10.button_Mohon")): Object: 'Object Repository/KeatMun/Form 7_default/OTC_Application_Reg/Page_PERKESO/10.button_Mohon' is clicked on

2019-02-20 17:39:53 - [MESSAGE][PASSED] - Object: 'Object Repository/KeatMun/Form 7_default/OTC_Application_Reg/Page_PERKESO/10.button_Mohon' is clicked on

2019-02-20 17:39:53 - [TEST_STEP][PASSED] - delay(2): Delayed 2 second(s)

2019-02-20 17:39:55 - [MESSAGE][PASSED] - Delayed 2 second(s)

2019-02-20 17:39:55 - [TEST_STEP][PASSED] - setText(findTestObject("KeatMun/Form 7_default/OTC_Application_Reg/Page_PERKESO/11.Tarikh Terima_stampedDtS"), "10/01/2019"): Text '10/01/2019' is set on object 'Object Repository/KeatMun/Form 7_default/OTC_Application_Reg/Page_PERKESO/11.Tarikh Terima_stampedDtS'

2019-02-20 17:39:59 - [MESSAGE][PASSED] - Text '10/01/2019' is set on object 'Object Repository/KeatMun/Form 7_default/OTC_Application_Reg/Page_PERKESO/11.Tarikh Terima_stampedDtS'

2019-02-20 17:39:59 - [TEST_STEP][PASSED] - delay(2): Delayed 2 second(s)

2019-02-20 17:40:01 - [MESSAGE][PASSED] - Delayed 2 second(s)

2019-02-20 17:40:01 - [TEST_STEP][PASSED] - click(findTestObject("KeatMun/Form 7_default/OTC_Application_Reg/Page_PERKESO/11. Date Picker Done Button")): Object: 'Object Repository/KeatMun/Form 7_default/OTC_Application_Reg/Page_PERKESO/11. Date Picker Done Button' is clicked on

2019-02-20 17:40:03 - [MESSAGE][PASSED] - Object: 'Object Repository/KeatMun/Form 7_default/OTC_Application_Reg/Page_PERKESO/11. Date Picker Done Button' is clicked on

2019-02-20 17:40:03 - [TEST_STEP][PASSED] - delay(2): Delayed 2 second(s)

2019-02-20 17:40:05 - [MESSAGE][PASSED] - Delayed 2 second(s)

2019-02-20 17:40:05 - [TEST_STEP][PASSED] - click(findTestObject("KeatMun/Form 7_default/OTC_Application_Reg/Page_PERKESO/11.button_TERUSKAN")): Object: 'Object Repository/KeatMun/Form 7_default/OTC_Application_Reg/Page_PERKESO/11.button_TERUSKAN' is clicked on

2019-02-20 17:40:07 - [MESSAGE][PASSED] - Object: 'Object Repository/KeatMun/Form 7_default/OTC_Application_Reg/Page_PERKESO/11.button_TERUSKAN' is clicked on

2019-02-20 17:40:07 - [TEST_STEP][PASSED] - delay(2): Delayed 2 second(s)

2019-02-20 17:40:09 - [MESSAGE][PASSED] - Delayed 2 second(s)

2019-02-20 17:40:09 - [TEST_STEP][PASSED] - selectOptionByValue(findTestObject("KeatMun/Form 7_default/OTC_Application_Reg/Page_PERKESO/12.--Sila Pilih--PejabatPKS"), "22", true): All options with value '22' are selected in object 'Object Repository/KeatMun/Form 7_default/OTC_Application_Reg/Page_PERKESO/12.--Sila Pilih--PejabatPKS'  using regular expression

2019-02-20 17:41:39 - [MESSAGE][PASSED] - All options with value '22' are selected in object 'Object Repository/KeatMun/Form 7_default/OTC_Application_Reg/Page_PERKESO/12.--Sila Pilih--PejabatPKS'  using regular expression

2019-02-20 17:41:39 - [TEST_STEP][PASSED] - delay(2): Delayed 2 second(s)

2019-02-20 17:41:41 - [MESSAGE][PASSED] - Delayed 2 second(s)

2019-02-20 17:41:41 - [TEST_STEP][PASSED] - click(findTestObject("KeatMun/Form 7_default/OTC_Application_Reg/Page_PERKESO/13. Halaman Seterusnya")): Object: 'Object Repository/KeatMun/Form 7_default/OTC_Application_Reg/Page_PERKESO/13. Halaman Seterusnya' is clicked on

2019-02-20 17:41:43 - [MESSAGE][PASSED] - Object: 'Object Repository/KeatMun/Form 7_default/OTC_Application_Reg/Page_PERKESO/13. Halaman Seterusnya' is clicked on

2019-02-20 17:41:43 - [MESSAGE][PASSED] - Call Test Case 'Test Cases/All TC/Arranged/3. Unit/EI/Form 7_default/OTC_Application_Reg' successfully

2019-02-20 17:41:43 - [TEST_STEP][PASSED] - callTestCase(findTestCase("All TC/Arranged/3. Unit/EI/Form 7_default/OTC_Submit Form 7_Section A"), [:], STOP_ON_FAILURE): Call Test Case 'Test Cases/All TC/Arranged/3. Unit/EI/Form 7_default/OTC_Submit Form 7_Section A' successfully

2019-02-20 17:41:43 - [TEST_CASE][PASSED] - Test Cases/All TC/Arranged/3. Unit/EI/Form 7_default/OTC_Submit Form 7_Section A: Test Cases/All TC/Arranged/3. Unit/EI/Form 7_default/OTC_Submit Form 7_Section A

2019-02-20 17:41:43 - [TEST_STEP][PASSED] - delay(2): Delayed 2 second(s)

2019-02-20 17:41:45 - [MESSAGE][PASSED] - Delayed 2 second(s)

2019-02-20 17:41:45 - [TEST_STEP][PASSED] - setText(findTestObject("KeatMun/Form 7_default/OTC_Submit Form 7_Section A/Page_PERKESO/A4. EmployeeDob"), "10/01/2019"): Text '10/01/2019' is set on object 'Object Repository/KeatMun/Form 7_default/OTC_Submit Form 7_Section A/Page_PERKESO/A4. EmployeeDob'

2019-02-20 17:41:50 - [MESSAGE][PASSED] - Text '10/01/2019' is set on object 'Object Repository/KeatMun/Form 7_default/OTC_Submit Form 7_Section A/Page_PERKESO/A4. EmployeeDob'

2019-02-20 17:41:50 - [TEST_STEP][PASSED] - delay(2): Delayed 2 second(s)

2019-02-20 17:41:52 - [MESSAGE][PASSED] - Delayed 2 second(s)

2019-02-20 17:41:52 - [TEST_STEP][PASSED] - click(findTestObject("KeatMun/Form 7_default/OTC_Submit Form 7_Section A/Page_PERKESO/A5. Bangsa")): Object: 'Object Repository/KeatMun/Form 7_default/OTC_Submit Form 7_Section A/Page_PERKESO/A5. Bangsa' is clicked on

2019-02-20 17:41:54 - [MESSAGE][PASSED] - Object: 'Object Repository/KeatMun/Form 7_default/OTC_Submit Form 7_Section A/Page_PERKESO/A5. Bangsa' is clicked on

2019-02-20 17:41:54 - [TEST_STEP][PASSED] - click(findTestObject("KeatMun/Form 7_default/OTC_Submit Form 7_Section A/Page_PERKESO/A5. Bumiputera Sabah")): Object: 'Object Repository/KeatMun/Form 7_default/OTC_Submit Form 7_Section A/Page_PERKESO/A5. Bumiputera Sabah' is clicked on

2019-02-20 17:41:56 - [MESSAGE][PASSED] - Object: 'Object Repository/KeatMun/Form 7_default/OTC_Submit Form 7_Section A/Page_PERKESO/A5. Bumiputera Sabah' is clicked on

2019-02-20 17:41:56 - [TEST_STEP][PASSED] - delay(2): Delayed 2 second(s)

2019-02-20 17:41:58 - [MESSAGE][PASSED] - Delayed 2 second(s)

2019-02-20 17:41:58 - [TEST_STEP][PASSED] - click(findTestObject("KeatMun/Form 7_default/OTC_Submit Form 7_Section A/Page_PERKESO/A6. Jantina")): Object: 'Object Repository/KeatMun/Form 7_default/OTC_Submit Form 7_Section A/Page_PERKESO/A6. Jantina' is clicked on

2019-02-20 17:42:00 - [MESSAGE][PASSED] - Object: 'Object Repository/KeatMun/Form 7_default/OTC_Submit Form 7_Section A/Page_PERKESO/A6. Jantina' is clicked on

2019-02-20 17:42:00 - [TEST_STEP][PASSED] - click(findTestObject("KeatMun/Form 7_default/OTC_Submit Form 7_Section A/Page_PERKESO/A6. Lelaki")): Object: 'Object Repository/KeatMun/Form 7_default/OTC_Submit Form 7_Section A/Page_PERKESO/A6. Lelaki' is clicked on

2019-02-20 17:42:02 - [MESSAGE][PASSED] - Object: 'Object Repository/KeatMun/Form 7_default/OTC_Submit Form 7_Section A/Page_PERKESO/A6. Lelaki' is clicked on

2019-02-20 17:42:02 - [TEST_STEP][PASSED] - delay(2): Delayed 2 second(s)

2019-02-20 17:42:04 - [MESSAGE][PASSED] - Delayed 2 second(s)

2019-02-20 17:42:04 - [TEST_STEP][PASSED] - click(findTestObject("KeatMun/Form 7_default/OTC_Submit Form 7_Section A/Page_PERKESO/A7. Kewarganegaraan")): Object: 'Object Repository/KeatMun/Form 7_default/OTC_Submit Form 7_Section A/Page_PERKESO/A7. Kewarganegaraan' is clicked on

2019-02-20 17:42:07 - [MESSAGE][PASSED] - Object: 'Object Repository/KeatMun/Form 7_default/OTC_Submit Form 7_Section A/Page_PERKESO/A7. Kewarganegaraan' is clicked on

2019-02-20 17:42:07 - [TEST_STEP][PASSED] - click(findTestObject("KeatMun/Form 7_default/OTC_Submit Form 7_Section A/Page_PERKESO/A7. Malaysia")): Object: 'Object Repository/KeatMun/Form 7_default/OTC_Submit Form 7_Section A/Page_PERKESO/A7. Malaysia' is clicked on

2019-02-20 17:42:09 - [MESSAGE][PASSED] - Object: 'Object Repository/KeatMun/Form 7_default/OTC_Submit Form 7_Section A/Page_PERKESO/A7. Malaysia' is clicked on

2019-02-20 17:42:09 - [TEST_STEP][PASSED] - delay(2): Delayed 2 second(s)

2019-02-20 17:42:11 - [MESSAGE][PASSED] - Delayed 2 second(s)

2019-02-20 17:42:11 - [TEST_STEP][PASSED] - click(findTestObject("KeatMun/Form 7_default/OTC_Submit Form 7_Section A/Page_PERKESO/A8. Status Perkahwinan")): Object: 'Object Repository/KeatMun/Form 7_default/OTC_Submit Form 7_Section A/Page_PERKESO/A8. Status Perkahwinan' is clicked on

2019-02-20 17:42:13 - [MESSAGE][PASSED] - Object: 'Object Repository/KeatMun/Form 7_default/OTC_Submit Form 7_Section A/Page_PERKESO/A8. Status Perkahwinan' is clicked on

2019-02-20 17:42:13 - [TEST_STEP][PASSED] - click(findTestObject("KeatMun/Form 7_default/OTC_Submit Form 7_Section A/Page_PERKESO/A8. Bujang")): Object: 'Object Repository/KeatMun/Form 7_default/OTC_Submit Form 7_Section A/Page_PERKESO/A8. Bujang' is clicked on

2019-02-20 17:42:15 - [MESSAGE][PASSED] - Object: 'Object Repository/KeatMun/Form 7_default/OTC_Submit Form 7_Section A/Page_PERKESO/A8. Bujang' is clicked on

2019-02-20 17:42:15 - [TEST_STEP][PASSED] - delay(2): Delayed 2 second(s)

2019-02-20 17:42:17 - [MESSAGE][PASSED] - Delayed 2 second(s)

2019-02-20 17:42:17 - [TEST_STEP][PASSED] - setText(findTestObject("KeatMun/Form 7_default/OTC_Submit Form 7_Section A/Page_PERKESO/A9. Address1"), "qwertyuiop"): Text 'qwertyuiop' is set on object 'Object Repository/KeatMun/Form 7_default/OTC_Submit Form 7_Section A/Page_PERKESO/A9. Address1'

2019-02-20 17:42:21 - [MESSAGE][PASSED] - Text 'qwertyuiop' is set on object 'Object Repository/KeatMun/Form 7_default/OTC_Submit Form 7_Section A/Page_PERKESO/A9. Address1'

2019-02-20 17:42:21 - [TEST_STEP][PASSED] - delay(2): Delayed 2 second(s)

2019-02-20 17:42:23 - [MESSAGE][PASSED] - Delayed 2 second(s)

2019-02-20 17:42:23 - [TEST_STEP][PASSED] - click(findTestObject("KeatMun/Form 7_default/OTC_Submit Form 7_Section A/Page_PERKESO/A10. Negeri")): Object: 'Object Repository/KeatMun/Form 7_default/OTC_Submit Form 7_Section A/Page_PERKESO/A10. Negeri' is clicked on

2019-02-20 17:42:25 - [MESSAGE][PASSED] - Object: 'Object Repository/KeatMun/Form 7_default/OTC_Submit Form 7_Section A/Page_PERKESO/A10. Negeri' is clicked on

2019-02-20 17:42:25 - [TEST_STEP][PASSED] - click(findTestObject("KeatMun/Form 7_default/OTC_Submit Form 7_Section A/Page_PERKESO/A10. JOHOR")): Object: 'Object Repository/KeatMun/Form 7_default/OTC_Submit Form 7_Section A/Page_PERKESO/A10. JOHOR' is clicked on

2019-02-20 17:42:28 - [MESSAGE][PASSED] - Object: 'Object Repository/KeatMun/Form 7_default/OTC_Submit Form 7_Section A/Page_PERKESO/A10. JOHOR' is clicked on

2019-02-20 17:42:28 - [TEST_STEP][PASSED] - delay(2): Delayed 2 second(s)

2019-02-20 17:42:30 - [MESSAGE][PASSED] - Delayed 2 second(s)

2019-02-20 17:42:30 - [TEST_STEP][PASSED] - click(findTestObject("KeatMun/Form 7_default/OTC_Submit Form 7_Section A/Page_PERKESO/A11. --Sila Pilih--")): Object: 'Object Repository/KeatMun/Form 7_default/OTC_Submit Form 7_Section A/Page_PERKESO/A11. --Sila Pilih--' is clicked on

2019-02-20 17:42:32 - [MESSAGE][PASSED] - Object: 'Object Repository/KeatMun/Form 7_default/OTC_Submit Form 7_Section A/Page_PERKESO/A11. --Sila Pilih--' is clicked on

2019-02-20 17:42:32 - [TEST_STEP][PASSED] - setText(findTestObject("KeatMun/Form 7_default/OTC_Submit Form 7_Section A/Page_PERKESO/A11. Done_select2-search__fie (1)"), "jo"): Text 'jo' is set on object 'Object Repository/KeatMun/Form 7_default/OTC_Submit Form 7_Section A/Page_PERKESO/A11. Done_select2-search__fie (1)'

2019-02-20 17:42:36 - [MESSAGE][PASSED] - Text 'jo' is set on object 'Object Repository/KeatMun/Form 7_default/OTC_Submit Form 7_Section A/Page_PERKESO/A11. Done_select2-search__fie (1)'

2019-02-20 17:42:36 - [TEST_STEP][PASSED] - setText(findTestObject("KeatMun/Form 7_default/OTC_Submit Form 7_Section A/Page_PERKESO/A11. concat(id(  select2-city"), "jo"): Text 'jo' is set on object 'Object Repository/KeatMun/Form 7_default/OTC_Submit Form 7_Section A/Page_PERKESO/A11. concat(id(  select2-city'

2019-02-20 17:42:40 - [MESSAGE][PASSED] - Text 'jo' is set on object 'Object Repository/KeatMun/Form 7_default/OTC_Submit Form 7_Section A/Page_PERKESO/A11. concat(id(  select2-city'

2019-02-20 17:42:40 - [TEST_STEP][PASSED] - click(findTestObject("KeatMun/Form 7_default/OTC_Submit Form 7_Section A/Page_PERKESO/A11. JOHOR BAHRU")): Object: 'Object Repository/KeatMun/Form 7_default/OTC_Submit Form 7_Section A/Page_PERKESO/A11. JOHOR BAHRU' is clicked on

2019-02-20 17:42:42 - [MESSAGE][PASSED] - Object: 'Object Repository/KeatMun/Form 7_default/OTC_Submit Form 7_Section A/Page_PERKESO/A11. JOHOR BAHRU' is clicked on

2019-02-20 17:42:42 - [TEST_STEP][PASSED] - delay(2): Delayed 2 second(s)

2019-02-20 17:42:44 - [MESSAGE][PASSED] - Delayed 2 second(s)

2019-02-20 17:42:44 - [TEST_STEP][PASSED] - click(findTestObject("KeatMun/Form 7_default/OTC_Submit Form 7_Section A/Page_PERKESO/A12. --Sila Isikan--")): Object: 'Object Repository/KeatMun/Form 7_default/OTC_Submit Form 7_Section A/Page_PERKESO/A12. --Sila Isikan--' is clicked on

2019-02-20 17:42:46 - [MESSAGE][PASSED] - Object: 'Object Repository/KeatMun/Form 7_default/OTC_Submit Form 7_Section A/Page_PERKESO/A12. --Sila Isikan--' is clicked on

2019-02-20 17:42:46 - [TEST_STEP][PASSED] - setText(findTestObject("KeatMun/Form 7_default/OTC_Submit Form 7_Section A/Page_PERKESO/A11. Done_select2-search__fie"), "84"): Text '84' is set on object 'Object Repository/KeatMun/Form 7_default/OTC_Submit Form 7_Section A/Page_PERKESO/A11. Done_select2-search__fie'

2019-02-20 17:42:51 - [MESSAGE][PASSED] - Text '84' is set on object 'Object Repository/KeatMun/Form 7_default/OTC_Submit Form 7_Section A/Page_PERKESO/A11. Done_select2-search__fie'

2019-02-20 17:42:51 - [TEST_STEP][PASSED] - click(findTestObject("KeatMun/Form 7_default/OTC_Submit Form 7_Section A/Page_PERKESO/A12. 84000")): Object: 'Object Repository/KeatMun/Form 7_default/OTC_Submit Form 7_Section A/Page_PERKESO/A12. 84000' is clicked on

2019-02-20 17:42:53 - [MESSAGE][PASSED] - Object: 'Object Repository/KeatMun/Form 7_default/OTC_Submit Form 7_Section A/Page_PERKESO/A12. 84000' is clicked on

2019-02-20 17:42:53 - [TEST_STEP][PASSED] - delay(2): Delayed 2 second(s)

2019-02-20 17:42:55 - [MESSAGE][PASSED] - Delayed 2 second(s)

2019-02-20 17:42:55 - [TEST_STEP][PASSED] - setText(findTestObject("KeatMun/Form 7_default/OTC_Submit Form 7_Section A/Page_PERKESO/A13. mobileContact1"), "1234567890"): Text '1234567890' is set on object 'Object Repository/KeatMun/Form 7_default/OTC_Submit Form 7_Section A/Page_PERKESO/A13. mobileContact1'

2019-02-20 17:42:59 - [MESSAGE][PASSED] - Text '1234567890' is set on object 'Object Repository/KeatMun/Form 7_default/OTC_Submit Form 7_Section A/Page_PERKESO/A13. mobileContact1'

2019-02-20 17:42:59 - [TEST_STEP][PASSED] - delay(2): Delayed 2 second(s)

2019-02-20 17:43:01 - [MESSAGE][PASSED] - Delayed 2 second(s)

2019-02-20 17:43:01 - [TEST_STEP][PASSED] - click(findTestObject("KeatMun/Form 7_default/OTC_Submit Form 7_Section A/Page_PERKESO/A14. Halaman Seterusnya")): Object: 'Object Repository/KeatMun/Form 7_default/OTC_Submit Form 7_Section A/Page_PERKESO/A14. Halaman Seterusnya' is clicked on

2019-02-20 17:43:03 - [MESSAGE][PASSED] - Object: 'Object Repository/KeatMun/Form 7_default/OTC_Submit Form 7_Section A/Page_PERKESO/A14. Halaman Seterusnya' is clicked on

2019-02-20 17:43:03 - [TEST_STEP][PASSED] - delay(2): Delayed 2 second(s)

2019-02-20 17:43:05 - [MESSAGE][PASSED] - Delayed 2 second(s)

2019-02-20 17:43:05 - [MESSAGE][PASSED] - Call Test Case 'Test Cases/All TC/Arranged/3. Unit/EI/Form 7_default/OTC_Submit Form 7_Section A' successfully

2019-02-20 17:43:05 - [TEST_STEP][PASSED] - callTestCase(findTestCase("All TC/Arranged/3. Unit/EI/Form 7_default/OTC_Submit Form 7_Section B"), [:], STOP_ON_FAILURE): Call Test Case 'Test Cases/All TC/Arranged/3. Unit/EI/Form 7_default/OTC_Submit Form 7_Section B' successfully

2019-02-20 17:43:05 - [TEST_CASE][PASSED] - Test Cases/All TC/Arranged/3. Unit/EI/Form 7_default/OTC_Submit Form 7_Section B: Test Cases/All TC/Arranged/3. Unit/EI/Form 7_default/OTC_Submit Form 7_Section B

2019-02-20 17:43:05 - [TEST_STEP][PASSED] - delay(3): Delayed 3 second(s)

2019-02-20 17:43:08 - [MESSAGE][PASSED] - Delayed 3 second(s)

2019-02-20 17:43:08 - [TEST_STEP][PASSED] - click(findTestObject("KeatMun/Form 7_default/OTC_Submit Form 7_Section B/Page_PERKESO/B1. Jawatan")): Object: 'Object Repository/KeatMun/Form 7_default/OTC_Submit Form 7_Section B/Page_PERKESO/B1. Jawatan' is clicked on

2019-02-20 17:43:10 - [MESSAGE][PASSED] - Object: 'Object Repository/KeatMun/Form 7_default/OTC_Submit Form 7_Section B/Page_PERKESO/B1. Jawatan' is clicked on

2019-02-20 17:43:10 - [TEST_STEP][PASSED] - setText(findTestObject("KeatMun/Form 7_default/OTC_Submit Form 7_Section B/Page_PERKESO/B1. concat(id(  select2-posi"), "re"): Text 're' is set on object 'Object Repository/KeatMun/Form 7_default/OTC_Submit Form 7_Section B/Page_PERKESO/B1. concat(id(  select2-posi'

2019-02-20 17:43:15 - [MESSAGE][PASSED] - Text 're' is set on object 'Object Repository/KeatMun/Form 7_default/OTC_Submit Form 7_Section B/Page_PERKESO/B1. concat(id(  select2-posi'

2019-02-20 17:43:15 - [TEST_STEP][PASSED] - setText(findTestObject("KeatMun/Form 7_default/OTC_Submit Form 7_Section B/Page_PERKESO/B1. Done_select2-search__fie"), "re"): Text 're' is set on object 'Object Repository/KeatMun/Form 7_default/OTC_Submit Form 7_Section B/Page_PERKESO/B1. Done_select2-search__fie'

2019-02-20 17:43:19 - [MESSAGE][PASSED] - Text 're' is set on object 'Object Repository/KeatMun/Form 7_default/OTC_Submit Form 7_Section B/Page_PERKESO/B1. Done_select2-search__fie'

2019-02-20 17:43:19 - [TEST_STEP][PASSED] - click(findTestObject("KeatMun/Form 7_default/OTC_Submit Form 7_Section B/Page_PERKESO/B1. Arkitek Reka Bentuk")): Object: 'Object Repository/KeatMun/Form 7_default/OTC_Submit Form 7_Section B/Page_PERKESO/B1. Arkitek Reka Bentuk' is clicked on

2019-02-20 17:43:21 - [MESSAGE][PASSED] - Object: 'Object Repository/KeatMun/Form 7_default/OTC_Submit Form 7_Section B/Page_PERKESO/B1. Arkitek Reka Bentuk' is clicked on

2019-02-20 17:43:21 - [TEST_STEP][PASSED] - delay(2): Delayed 2 second(s)

2019-02-20 17:43:23 - [MESSAGE][PASSED] - Delayed 2 second(s)

2019-02-20 17:43:23 - [TEST_STEP][PASSED] - setText(findTestObject("KeatMun/Form 7_default/OTC_Submit Form 7_Section B/Page_PERKESO/B2. lastEmploymentStartDtSt"), "10/01/2019"): Text '10/01/2019' is set on object 'Object Repository/KeatMun/Form 7_default/OTC_Submit Form 7_Section B/Page_PERKESO/B2. lastEmploymentStartDtSt'

2019-02-20 17:43:27 - [MESSAGE][PASSED] - Text '10/01/2019' is set on object 'Object Repository/KeatMun/Form 7_default/OTC_Submit Form 7_Section B/Page_PERKESO/B2. lastEmploymentStartDtSt'

2019-02-20 17:43:27 - [TEST_STEP][PASSED] - delay(2): Delayed 2 second(s)

2019-02-20 17:43:29 - [MESSAGE][PASSED] - Delayed 2 second(s)

2019-02-20 17:43:29 - [TEST_STEP][PASSED] - click(findTestObject("KeatMun/Form 7_default/OTC_Submit Form 7_Section B/Page_PERKESO/B4. Status Perkejaan")): Object: 'Object Repository/KeatMun/Form 7_default/OTC_Submit Form 7_Section B/Page_PERKESO/B4. Status Perkejaan' is clicked on

2019-02-20 17:43:31 - [MESSAGE][PASSED] - Object: 'Object Repository/KeatMun/Form 7_default/OTC_Submit Form 7_Section B/Page_PERKESO/B4. Status Perkejaan' is clicked on

2019-02-20 17:43:31 - [TEST_STEP][PASSED] - click(findTestObject("KeatMun/Form 7_default/OTC_Submit Form 7_Section B/Page_PERKESO/B4. Tetap")): Object: 'Object Repository/KeatMun/Form 7_default/OTC_Submit Form 7_Section B/Page_PERKESO/B4. Tetap' is clicked on

2019-02-20 17:43:33 - [MESSAGE][PASSED] - Object: 'Object Repository/KeatMun/Form 7_default/OTC_Submit Form 7_Section B/Page_PERKESO/B4. Tetap' is clicked on

2019-02-20 17:43:33 - [TEST_STEP][PASSED] - delay(2): Delayed 2 second(s)

2019-02-20 17:43:35 - [MESSAGE][PASSED] - Delayed 2 second(s)

2019-02-20 17:43:35 - [TEST_STEP][PASSED] - setText(findTestObject("KeatMun/Form 7_default/OTC_Submit Form 7_Section B/Page_PERKESO/B5. Gaji (RM)_salary1"), "4000"): Text '4000' is set on object 'Object Repository/KeatMun/Form 7_default/OTC_Submit Form 7_Section B/Page_PERKESO/B5. Gaji (RM)_salary1'

2019-02-20 17:43:40 - [MESSAGE][PASSED] - Text '4000' is set on object 'Object Repository/KeatMun/Form 7_default/OTC_Submit Form 7_Section B/Page_PERKESO/B5. Gaji (RM)_salary1'

2019-02-20 17:43:40 - [TEST_STEP][PASSED] - delay(2): Delayed 2 second(s)

2019-02-20 17:43:42 - [MESSAGE][PASSED] - Delayed 2 second(s)

2019-02-20 17:43:42 - [TEST_STEP][PASSED] - setText(findTestObject("KeatMun/Form 7_default/OTC_Submit Form 7_Section B/Page_PERKESO/B5. Gaji (RM)_salary2"), "4000"): Text '4000' is set on object 'Object Repository/KeatMun/Form 7_default/OTC_Submit Form 7_Section B/Page_PERKESO/B5. Gaji (RM)_salary2'

2019-02-20 17:43:46 - [MESSAGE][PASSED] - Text '4000' is set on object 'Object Repository/KeatMun/Form 7_default/OTC_Submit Form 7_Section B/Page_PERKESO/B5. Gaji (RM)_salary2'

2019-02-20 17:43:46 - [TEST_STEP][PASSED] - delay(2): Delayed 2 second(s)

2019-02-20 17:43:48 - [MESSAGE][PASSED] - Delayed 2 second(s)

2019-02-20 17:43:48 - [TEST_STEP][PASSED] - setText(findTestObject("KeatMun/Form 7_default/OTC_Submit Form 7_Section B/Page_PERKESO/B5. Gaji (RM)_salary3"), "4000"): Text '4000' is set on object 'Object Repository/KeatMun/Form 7_default/OTC_Submit Form 7_Section B/Page_PERKESO/B5. Gaji (RM)_salary3'

2019-02-20 17:43:52 - [MESSAGE][PASSED] - Text '4000' is set on object 'Object Repository/KeatMun/Form 7_default/OTC_Submit Form 7_Section B/Page_PERKESO/B5. Gaji (RM)_salary3'

2019-02-20 17:43:52 - [TEST_STEP][PASSED] - delay(2): Delayed 2 second(s)

2019-02-20 17:43:54 - [MESSAGE][PASSED] - Delayed 2 second(s)

2019-02-20 17:43:54 - [TEST_STEP][PASSED] - setText(findTestObject("KeatMun/Form 7_default/OTC_Submit Form 7_Section B/Page_PERKESO/B5. Gaji (RM)_salary4"), "4000"): Text '4000' is set on object 'Object Repository/KeatMun/Form 7_default/OTC_Submit Form 7_Section B/Page_PERKESO/B5. Gaji (RM)_salary4'

2019-02-20 17:43:58 - [MESSAGE][PASSED] - Text '4000' is set on object 'Object Repository/KeatMun/Form 7_default/OTC_Submit Form 7_Section B/Page_PERKESO/B5. Gaji (RM)_salary4'

2019-02-20 17:43:58 - [TEST_STEP][PASSED] - delay(2): Delayed 2 second(s)

2019-02-20 17:44:00 - [MESSAGE][PASSED] - Delayed 2 second(s)

2019-02-20 17:44:00 - [TEST_STEP][PASSED] - setText(findTestObject("KeatMun/Form 7_default/OTC_Submit Form 7_Section B/Page_PERKESO/B5. Gaji (RM)_salary5"), "4000"): Text '4000' is set on object 'Object Repository/KeatMun/Form 7_default/OTC_Submit Form 7_Section B/Page_PERKESO/B5. Gaji (RM)_salary5'

2019-02-20 17:44:05 - [MESSAGE][PASSED] - Text '4000' is set on object 'Object Repository/KeatMun/Form 7_default/OTC_Submit Form 7_Section B/Page_PERKESO/B5. Gaji (RM)_salary5'

2019-02-20 17:44:05 - [TEST_STEP][PASSED] - delay(2): Delayed 2 second(s)

2019-02-20 17:44:07 - [MESSAGE][PASSED] - Delayed 2 second(s)

2019-02-20 17:44:07 - [TEST_STEP][PASSED] - setText(findTestObject("KeatMun/Form 7_default/OTC_Submit Form 7_Section B/Page_PERKESO/B5. Gaji (RM)_salary6"), "4000"): Text '4000' is set on object 'Object Repository/KeatMun/Form 7_default/OTC_Submit Form 7_Section B/Page_PERKESO/B5. Gaji (RM)_salary6'

2019-02-20 17:44:11 - [MESSAGE][PASSED] - Text '4000' is set on object 'Object Repository/KeatMun/Form 7_default/OTC_Submit Form 7_Section B/Page_PERKESO/B5. Gaji (RM)_salary6'

2019-02-20 17:44:11 - [TEST_STEP][PASSED] - delay(2): Delayed 2 second(s)

2019-02-20 17:44:13 - [MESSAGE][PASSED] - Delayed 2 second(s)

2019-02-20 17:44:13 - [TEST_STEP][PASSED] - click(findTestObject("KeatMun/Form 7_default/OTC_Submit Form 7_Section B/Page_PERKESO/B6. Reason JobLost")): Object: 'Object Repository/KeatMun/Form 7_default/OTC_Submit Form 7_Section B/Page_PERKESO/B6. Reason JobLost' is clicked on

2019-02-20 17:44:15 - [MESSAGE][PASSED] - Object: 'Object Repository/KeatMun/Form 7_default/OTC_Submit Form 7_Section B/Page_PERKESO/B6. Reason JobLost' is clicked on

2019-02-20 17:44:15 - [TEST_STEP][PASSED] - click(findTestObject("KeatMun/Form 7_default/OTC_Submit Form 7_Section B/Page_PERKESO/B6. Bencana alam (cth banjir ke")): Object: 'Object Repository/KeatMun/Form 7_default/OTC_Submit Form 7_Section B/Page_PERKESO/B6. Bencana alam (cth banjir ke' is clicked on

2019-02-20 17:44:17 - [MESSAGE][PASSED] - Object: 'Object Repository/KeatMun/Form 7_default/OTC_Submit Form 7_Section B/Page_PERKESO/B6. Bencana alam (cth banjir ke' is clicked on

2019-02-20 17:44:17 - [TEST_STEP][PASSED] - delay(3): Delayed 3 second(s)

2019-02-20 17:44:20 - [MESSAGE][PASSED] - Delayed 3 second(s)

2019-02-20 17:44:20 - [TEST_STEP][PASSED] - setText(findTestObject("KeatMun/Form 7_default/OTC_Submit Form 7_Section B/Page_PERKESO/B7. AverageWorkingHour"), "8"): Text '8' is set on object 'Object Repository/KeatMun/Form 7_default/OTC_Submit Form 7_Section B/Page_PERKESO/B7. AverageWorkingHour'

2019-02-20 17:44:24 - [MESSAGE][PASSED] - Text '8' is set on object 'Object Repository/KeatMun/Form 7_default/OTC_Submit Form 7_Section B/Page_PERKESO/B7. AverageWorkingHour'

2019-02-20 17:44:24 - [TEST_STEP][PASSED] - delay(2): Delayed 2 second(s)

2019-02-20 17:44:26 - [MESSAGE][PASSED] - Delayed 2 second(s)

2019-02-20 17:44:26 - [TEST_STEP][PASSED] - click(findTestObject("KeatMun/Form 7_default/OTC_Submit Form 7_Section B/Page_PERKESO/B8. Tidak_compensationInd")): Object: 'Object Repository/KeatMun/Form 7_default/OTC_Submit Form 7_Section B/Page_PERKESO/B8. Tidak_compensationInd' is clicked on

2019-02-20 17:44:28 - [MESSAGE][PASSED] - Object: 'Object Repository/KeatMun/Form 7_default/OTC_Submit Form 7_Section B/Page_PERKESO/B8. Tidak_compensationInd' is clicked on

2019-02-20 17:44:28 - [TEST_STEP][PASSED] - delay(1): Delayed 1 second(s)

2019-02-20 17:44:29 - [MESSAGE][PASSED] - Delayed 1 second(s)

2019-02-20 17:44:29 - [TEST_STEP][PASSED] - click(findTestObject("KeatMun/Form 7_default/OTC_Submit Form 7_Section B/Page_PERKESO/B9. Tidak_fileCaseInd")): Object: 'Object Repository/KeatMun/Form 7_default/OTC_Submit Form 7_Section B/Page_PERKESO/B9. Tidak_fileCaseInd' is clicked on

2019-02-20 17:44:32 - [MESSAGE][PASSED] - Object: 'Object Repository/KeatMun/Form 7_default/OTC_Submit Form 7_Section B/Page_PERKESO/B9. Tidak_fileCaseInd' is clicked on

2019-02-20 17:44:32 - [TEST_STEP][PASSED] - delay(1): Delayed 1 second(s)

2019-02-20 17:44:33 - [MESSAGE][PASSED] - Delayed 1 second(s)

2019-02-20 17:44:33 - [TEST_STEP][PASSED] - click(findTestObject("KeatMun/Form 7_default/OTC_Submit Form 7_Section B/Page_PERKESO/B10. Tidak_unregisterCaseInd")): Object: 'Object Repository/KeatMun/Form 7_default/OTC_Submit Form 7_Section B/Page_PERKESO/B10. Tidak_unregisterCaseInd' is clicked on

2019-02-20 17:44:35 - [MESSAGE][PASSED] - Object: 'Object Repository/KeatMun/Form 7_default/OTC_Submit Form 7_Section B/Page_PERKESO/B10. Tidak_unregisterCaseInd' is clicked on

2019-02-20 17:44:35 - [TEST_STEP][PASSED] - delay(2): Delayed 2 second(s)

2019-02-20 17:44:37 - [MESSAGE][PASSED] - Delayed 2 second(s)

2019-02-20 17:44:37 - [TEST_STEP][PASSED] - click(findTestObject("KeatMun/Form 7_default/OTC_Submit Form 7_Section B/Page_PERKESO/B11. Halaman Seterusnya")): Object: 'Object Repository/KeatMun/Form 7_default/OTC_Submit Form 7_Section B/Page_PERKESO/B11. Halaman Seterusnya' is clicked on

2019-02-20 17:44:39 - [MESSAGE][PASSED] - Object: 'Object Repository/KeatMun/Form 7_default/OTC_Submit Form 7_Section B/Page_PERKESO/B11. Halaman Seterusnya' is clicked on

2019-02-20 17:44:39 - [TEST_STEP][PASSED] - delay(3): Delayed 3 second(s)

2019-02-20 17:44:42 - [MESSAGE][PASSED] - Delayed 3 second(s)

2019-02-20 17:44:42 - [MESSAGE][PASSED] - Call Test Case 'Test Cases/All TC/Arranged/3. Unit/EI/Form 7_default/OTC_Submit Form 7_Section B' successfully

2019-02-20 17:44:42 - [TEST_STEP][PASSED] - callTestCase(findTestCase("All TC/Arranged/3. Unit/EI/Form 7_default/OTC_Submit Form 7_Section C"), [:], STOP_ON_FAILURE): Call Test Case 'Test Cases/All TC/Arranged/3. Unit/EI/Form 7_default/OTC_Submit Form 7_Section C' successfully

2019-02-20 17:44:42 - [TEST_CASE][PASSED] - Test Cases/All TC/Arranged/3. Unit/EI/Form 7_default/OTC_Submit Form 7_Section C: Test Cases/All TC/Arranged/3. Unit/EI/Form 7_default/OTC_Submit Form 7_Section C

2019-02-20 17:44:42 - [TEST_STEP][PASSED] - delay(2): Delayed 2 second(s)

2019-02-20 17:44:44 - [MESSAGE][PASSED] - Delayed 2 second(s)

2019-02-20 17:44:44 - [TEST_STEP][PASSED] - setText(findTestObject("KeatMun/Form 7_default/OTC_Submit Form 7_Section C/Page_PERKESO/C4. EmployerInfo"), "qwertyuiop"): Text 'qwertyuiop' is set on object 'Object Repository/KeatMun/Form 7_default/OTC_Submit Form 7_Section C/Page_PERKESO/C4. EmployerInfo'

2019-02-20 17:44:48 - [MESSAGE][PASSED] - Text 'qwertyuiop' is set on object 'Object Repository/KeatMun/Form 7_default/OTC_Submit Form 7_Section C/Page_PERKESO/C4. EmployerInfo'

2019-02-20 17:44:48 - [TEST_STEP][PASSED] - delay(2): Delayed 2 second(s)

2019-02-20 17:44:50 - [MESSAGE][PASSED] - Delayed 2 second(s)

2019-02-20 17:44:50 - [TEST_STEP][PASSED] - click(findTestObject("KeatMun/Form 7_default/OTC_Submit Form 7_Section C/Page_PERKESO/C5. Negeri")): Object: 'Object Repository/KeatMun/Form 7_default/OTC_Submit Form 7_Section C/Page_PERKESO/C5. Negeri' is clicked on

2019-02-20 17:44:52 - [MESSAGE][PASSED] - Object: 'Object Repository/KeatMun/Form 7_default/OTC_Submit Form 7_Section C/Page_PERKESO/C5. Negeri' is clicked on

2019-02-20 17:44:52 - [TEST_STEP][PASSED] - delay(2): Delayed 2 second(s)

2019-02-20 17:44:54 - [MESSAGE][PASSED] - Delayed 2 second(s)

2019-02-20 17:44:54 - [TEST_STEP][PASSED] - click(findTestObject("KeatMun/Form 7_default/OTC_Submit Form 7_Section C/Page_PERKESO/C5. JOHOR")): Object: 'Object Repository/KeatMun/Form 7_default/OTC_Submit Form 7_Section C/Page_PERKESO/C5. JOHOR' is clicked on

2019-02-20 17:44:56 - [MESSAGE][PASSED] - Object: 'Object Repository/KeatMun/Form 7_default/OTC_Submit Form 7_Section C/Page_PERKESO/C5. JOHOR' is clicked on

2019-02-20 17:44:56 - [TEST_STEP][PASSED] - delay(3): Delayed 3 second(s)

2019-02-20 17:44:59 - [MESSAGE][PASSED] - Delayed 3 second(s)

2019-02-20 17:44:59 - [TEST_STEP][PASSED] - click(findTestObject("KeatMun/Form 7_default/OTC_Submit Form 7_Section C/Page_PERKESO/C6. City")): Object: 'Object Repository/KeatMun/Form 7_default/OTC_Submit Form 7_Section C/Page_PERKESO/C6. City' is clicked on

2019-02-20 17:45:02 - [MESSAGE][PASSED] - Object: 'Object Repository/KeatMun/Form 7_default/OTC_Submit Form 7_Section C/Page_PERKESO/C6. City' is clicked on

2019-02-20 17:45:02 - [TEST_STEP][PASSED] - delay(2): Delayed 2 second(s)

2019-02-20 17:45:04 - [MESSAGE][PASSED] - Delayed 2 second(s)

2019-02-20 17:45:04 - [TEST_STEP][PASSED] - setText(findTestObject("KeatMun/Form 7_default/OTC_Submit Form 7_Section C/Page_PERKESO/C6. Done_select2-search__fie"), "jo"): Text 'jo' is set on object 'Object Repository/KeatMun/Form 7_default/OTC_Submit Form 7_Section C/Page_PERKESO/C6. Done_select2-search__fie'

2019-02-20 17:45:08 - [MESSAGE][PASSED] - Text 'jo' is set on object 'Object Repository/KeatMun/Form 7_default/OTC_Submit Form 7_Section C/Page_PERKESO/C6. Done_select2-search__fie'

2019-02-20 17:45:08 - [TEST_STEP][PASSED] - setText(findTestObject("KeatMun/Form 7_default/OTC_Submit Form 7_Section C/Page_PERKESO/C6. Concat(id(  select2-city"), "jo"): Text 'jo' is set on object 'Object Repository/KeatMun/Form 7_default/OTC_Submit Form 7_Section C/Page_PERKESO/C6. Concat(id(  select2-city'

2019-02-20 17:45:12 - [MESSAGE][PASSED] - Text 'jo' is set on object 'Object Repository/KeatMun/Form 7_default/OTC_Submit Form 7_Section C/Page_PERKESO/C6. Concat(id(  select2-city'

2019-02-20 17:45:12 - [TEST_STEP][PASSED] - click(findTestObject("KeatMun/Form 7_default/OTC_Submit Form 7_Section C/Page_PERKESO/C6. JOHOR BAHRU")): Object: 'Object Repository/KeatMun/Form 7_default/OTC_Submit Form 7_Section C/Page_PERKESO/C6. JOHOR BAHRU' is clicked on

2019-02-20 17:45:14 - [MESSAGE][PASSED] - Object: 'Object Repository/KeatMun/Form 7_default/OTC_Submit Form 7_Section C/Page_PERKESO/C6. JOHOR BAHRU' is clicked on

2019-02-20 17:45:14 - [TEST_STEP][PASSED] - delay(3): Delayed 3 second(s)

2019-02-20 17:45:17 - [MESSAGE][PASSED] - Delayed 3 second(s)

2019-02-20 17:45:17 - [TEST_STEP][PASSED] - click(findTestObject("KeatMun/Form 7_default/OTC_Submit Form 7_Section C/Page_PERKESO/C7. --Sila Isikan--")): Object: 'Object Repository/KeatMun/Form 7_default/OTC_Submit Form 7_Section C/Page_PERKESO/C7. --Sila Isikan--' is clicked on

2019-02-20 17:45:19 - [MESSAGE][PASSED] - Object: 'Object Repository/KeatMun/Form 7_default/OTC_Submit Form 7_Section C/Page_PERKESO/C7. --Sila Isikan--' is clicked on

2019-02-20 17:45:19 - [TEST_STEP][PASSED] - delay(2): Delayed 2 second(s)

2019-02-20 17:45:21 - [MESSAGE][PASSED] - Delayed 2 second(s)

2019-02-20 17:45:21 - [TEST_STEP][PASSED] - setText(findTestObject("KeatMun/Form 7_default/OTC_Submit Form 7_Section C/Page_PERKESO/C7. Done_select2-search__fie"), "84"): Text '84' is set on object 'Object Repository/KeatMun/Form 7_default/OTC_Submit Form 7_Section C/Page_PERKESO/C7. Done_select2-search__fie'

2019-02-20 17:45:25 - [MESSAGE][PASSED] - Text '84' is set on object 'Object Repository/KeatMun/Form 7_default/OTC_Submit Form 7_Section C/Page_PERKESO/C7. Done_select2-search__fie'

2019-02-20 17:45:25 - [TEST_STEP][PASSED] - setText(findTestObject("KeatMun/Form 7_default/OTC_Submit Form 7_Section C/Page_PERKESO/C7. Concat(id(  select2-post"), "84"): Text '84' is set on object 'Object Repository/KeatMun/Form 7_default/OTC_Submit Form 7_Section C/Page_PERKESO/C7. Concat(id(  select2-post'

2019-02-20 17:45:30 - [MESSAGE][PASSED] - Text '84' is set on object 'Object Repository/KeatMun/Form 7_default/OTC_Submit Form 7_Section C/Page_PERKESO/C7. Concat(id(  select2-post'

2019-02-20 17:45:30 - [TEST_STEP][PASSED] - click(findTestObject("KeatMun/Form 7_default/OTC_Submit Form 7_Section C/Page_PERKESO/C7. 84000")): Object: 'Object Repository/KeatMun/Form 7_default/OTC_Submit Form 7_Section C/Page_PERKESO/C7. 84000' is clicked on

2019-02-20 17:45:32 - [MESSAGE][PASSED] - Object: 'Object Repository/KeatMun/Form 7_default/OTC_Submit Form 7_Section C/Page_PERKESO/C7. 84000' is clicked on

2019-02-20 17:45:32 - [TEST_STEP][PASSED] - delay(3): Delayed 3 second(s)

2019-02-20 17:45:35 - [MESSAGE][PASSED] - Delayed 3 second(s)

2019-02-20 17:45:35 - [TEST_STEP][PASSED] - click(findTestObject("KeatMun/Form 7_default/OTC_Submit Form 7_Section C/Page_PERKESO/C8. Tidak_employerInfo.emplo")): Object: 'Object Repository/KeatMun/Form 7_default/OTC_Submit Form 7_Section C/Page_PERKESO/C8. Tidak_employerInfo.emplo' is clicked on

2019-02-20 17:45:37 - [MESSAGE][PASSED] - Object: 'Object Repository/KeatMun/Form 7_default/OTC_Submit Form 7_Section C/Page_PERKESO/C8. Tidak_employerInfo.emplo' is clicked on

2019-02-20 17:45:37 - [TEST_STEP][PASSED] - delay(2): Delayed 2 second(s)

2019-02-20 17:45:39 - [MESSAGE][PASSED] - Delayed 2 second(s)

2019-02-20 17:45:39 - [TEST_STEP][PASSED] - setText(findTestObject("KeatMun/Form 7_default/OTC_Submit Form 7_Section C/Page_PERKESO/C9. EmployerName"), "qwertyuiop"): Text 'qwertyuiop' is set on object 'Object Repository/KeatMun/Form 7_default/OTC_Submit Form 7_Section C/Page_PERKESO/C9. EmployerName'

2019-02-20 17:45:43 - [MESSAGE][PASSED] - Text 'qwertyuiop' is set on object 'Object Repository/KeatMun/Form 7_default/OTC_Submit Form 7_Section C/Page_PERKESO/C9. EmployerName'

2019-02-20 17:45:43 - [TEST_STEP][PASSED] - delay(2): Delayed 2 second(s)

2019-02-20 17:45:45 - [MESSAGE][PASSED] - Delayed 2 second(s)

2019-02-20 17:45:45 - [TEST_STEP][PASSED] - setText(findTestObject("KeatMun/Form 7_default/OTC_Submit Form 7_Section C/Page_PERKESO/C10. EmployerIC"), "1234567890"): Text '1234567890' is set on object 'Object Repository/KeatMun/Form 7_default/OTC_Submit Form 7_Section C/Page_PERKESO/C10. EmployerIC'

2019-02-20 17:45:49 - [MESSAGE][PASSED] - Text '1234567890' is set on object 'Object Repository/KeatMun/Form 7_default/OTC_Submit Form 7_Section C/Page_PERKESO/C10. EmployerIC'

2019-02-20 17:45:49 - [TEST_STEP][PASSED] - delay(3): Delayed 3 second(s)

2019-02-20 17:45:52 - [MESSAGE][PASSED] - Delayed 3 second(s)

2019-02-20 17:45:52 - [TEST_STEP][PASSED] - click(findTestObject("KeatMun/Form 7_default/OTC_Submit Form 7_Section C/Page_PERKESO/C11. Halaman Seterusnya")): Object: 'Object Repository/KeatMun/Form 7_default/OTC_Submit Form 7_Section C/Page_PERKESO/C11. Halaman Seterusnya' is clicked on

2019-02-20 17:45:55 - [MESSAGE][PASSED] - Object: 'Object Repository/KeatMun/Form 7_default/OTC_Submit Form 7_Section C/Page_PERKESO/C11. Halaman Seterusnya' is clicked on

2019-02-20 17:45:55 - [TEST_STEP][PASSED] - delay(3): Delayed 3 second(s)

2019-02-20 17:45:58 - [MESSAGE][PASSED] - Delayed 3 second(s)

2019-02-20 17:45:58 - [MESSAGE][PASSED] - Call Test Case 'Test Cases/All TC/Arranged/3. Unit/EI/Form 7_default/OTC_Submit Form 7_Section C' successfully

2019-02-20 17:45:58 - [TEST_STEP][PASSED] - callTestCase(findTestCase("All TC/Arranged/3. Unit/EI/Form 7_default/OTC_Submit Form 7_Section D-E"), [:], STOP_ON_FAILURE): Call Test Case 'Test Cases/All TC/Arranged/3. Unit/EI/Form 7_default/OTC_Submit Form 7_Section D-E' successfully

2019-02-20 17:45:58 - [TEST_CASE][PASSED] - Test Cases/All TC/Arranged/3. Unit/EI/Form 7_default/OTC_Submit Form 7_Section D-E: Test Cases/All TC/Arranged/3. Unit/EI/Form 7_default/OTC_Submit Form 7_Section D-E

2019-02-20 17:45:58 - [TEST_STEP][PASSED] - delay(3): Delayed 3 second(s)

2019-02-20 17:46:01 - [MESSAGE][PASSED] - Delayed 3 second(s)

2019-02-20 17:46:01 - [TEST_STEP][PASSED] - click(findTestObject("KeatMun/Form 7_default/OTC_Submit Form 7_Section D-E/Page_PERKESO/D1. NO_otherActiveEmploye")): Object: 'Object Repository/KeatMun/Form 7_default/OTC_Submit Form 7_Section D-E/Page_PERKESO/D1. NO_otherActiveEmploye' is clicked on

2019-02-20 17:46:03 - [MESSAGE][PASSED] - Object: 'Object Repository/KeatMun/Form 7_default/OTC_Submit Form 7_Section D-E/Page_PERKESO/D1. NO_otherActiveEmploye' is clicked on

2019-02-20 17:46:03 - [TEST_STEP][PASSED] - delay(4): Delayed 4 second(s)

2019-02-20 17:46:07 - [MESSAGE][PASSED] - Delayed 4 second(s)

2019-02-20 17:46:07 - [TEST_STEP][PASSED] - click(findTestObject("KeatMun/Form 7_default/OTC_Submit Form 7_Section D-E/Page_PERKESO/D2. Halaman Seterusnya")): Object: 'Object Repository/KeatMun/Form 7_default/OTC_Submit Form 7_Section D-E/Page_PERKESO/D2. Halaman Seterusnya' is clicked on

2019-02-20 17:46:09 - [MESSAGE][PASSED] - Object: 'Object Repository/KeatMun/Form 7_default/OTC_Submit Form 7_Section D-E/Page_PERKESO/D2. Halaman Seterusnya' is clicked on

2019-02-20 17:46:09 - [TEST_STEP][PASSED] - delay(5): Delayed 5 second(s)

2019-02-20 17:46:14 - [MESSAGE][PASSED] - Delayed 5 second(s)

2019-02-20 17:46:14 - [TEST_STEP][PASSED] - setText(findTestObject("KeatMun/Form 7_default/OTC_Submit Form 7_Section D-E/Page_PERKESO/E1. Input__totalExpYear"), "1"): Text '1' is set on object 'Object Repository/KeatMun/Form 7_default/OTC_Submit Form 7_Section D-E/Page_PERKESO/E1. Input__totalExpYear'

2019-02-20 17:46:18 - [MESSAGE][PASSED] - Text '1' is set on object 'Object Repository/KeatMun/Form 7_default/OTC_Submit Form 7_Section D-E/Page_PERKESO/E1. Input__totalExpYear'

2019-02-20 17:46:18 - [TEST_STEP][PASSED] - delay(2): Delayed 2 second(s)

2019-02-20 17:46:20 - [MESSAGE][PASSED] - Delayed 2 second(s)

2019-02-20 17:46:20 - [TEST_STEP][PASSED] - setText(findTestObject("KeatMun/Form 7_default/OTC_Submit Form 7_Section D-E/Page_PERKESO/E1. Tahun_totalExpMonth"), "1"): Text '1' is set on object 'Object Repository/KeatMun/Form 7_default/OTC_Submit Form 7_Section D-E/Page_PERKESO/E1. Tahun_totalExpMonth'

2019-02-20 17:46:24 - [MESSAGE][PASSED] - Text '1' is set on object 'Object Repository/KeatMun/Form 7_default/OTC_Submit Form 7_Section D-E/Page_PERKESO/E1. Tahun_totalExpMonth'

2019-02-20 17:46:24 - [TEST_STEP][PASSED] - delay(2): Delayed 2 second(s)

2019-02-20 17:46:26 - [MESSAGE][PASSED] - Delayed 2 second(s)

2019-02-20 17:46:26 - [TEST_STEP][PASSED] - click(findTestObject("KeatMun/Form 7_default/OTC_Submit Form 7_Section D-E/Page_PERKESO/E2. Edu-Level")): Object: 'Object Repository/KeatMun/Form 7_default/OTC_Submit Form 7_Section D-E/Page_PERKESO/E2. Edu-Level' is clicked on

2019-02-20 17:46:28 - [MESSAGE][PASSED] - Object: 'Object Repository/KeatMun/Form 7_default/OTC_Submit Form 7_Section D-E/Page_PERKESO/E2. Edu-Level' is clicked on

2019-02-20 17:46:28 - [TEST_STEP][PASSED] - delay(2): Delayed 2 second(s)

2019-02-20 17:46:30 - [MESSAGE][PASSED] - Delayed 2 second(s)

2019-02-20 17:46:30 - [TEST_STEP][PASSED] - click(findTestObject("KeatMun/Form 7_default/OTC_Submit Form 7_Section D-E/Page_PERKESO/E2. PMRPT3")): Object: 'Object Repository/KeatMun/Form 7_default/OTC_Submit Form 7_Section D-E/Page_PERKESO/E2. PMRPT3' is clicked on

2019-02-20 17:46:33 - [MESSAGE][PASSED] - Object: 'Object Repository/KeatMun/Form 7_default/OTC_Submit Form 7_Section D-E/Page_PERKESO/E2. PMRPT3' is clicked on

2019-02-20 17:46:33 - [TEST_STEP][PASSED] - delay(3): Delayed 3 second(s)

2019-02-20 17:46:36 - [MESSAGE][PASSED] - Delayed 3 second(s)

2019-02-20 17:46:36 - [TEST_STEP][PASSED] - click(findTestObject("KeatMun/Form 7_default/OTC_Submit Form 7_Section D-E/Page_PERKESO/E3. Job-Choice")): Object: 'Object Repository/KeatMun/Form 7_default/OTC_Submit Form 7_Section D-E/Page_PERKESO/E3. Job-Choice' is clicked on

2019-02-20 17:46:38 - [MESSAGE][PASSED] - Object: 'Object Repository/KeatMun/Form 7_default/OTC_Submit Form 7_Section D-E/Page_PERKESO/E3. Job-Choice' is clicked on

2019-02-20 17:46:38 - [TEST_STEP][PASSED] - delay(2): Delayed 2 second(s)

2019-02-20 17:46:40 - [MESSAGE][PASSED] - Delayed 2 second(s)

2019-02-20 17:46:40 - [TEST_STEP][PASSED] - setText(findTestObject("KeatMun/Form 7_default/OTC_Submit Form 7_Section D-E/Page_PERKESO/E3. Done_select2-search__fie"), "re"): Text 're' is set on object 'Object Repository/KeatMun/Form 7_default/OTC_Submit Form 7_Section D-E/Page_PERKESO/E3. Done_select2-search__fie'

2019-02-20 17:46:44 - [MESSAGE][PASSED] - Text 're' is set on object 'Object Repository/KeatMun/Form 7_default/OTC_Submit Form 7_Section D-E/Page_PERKESO/E3. Done_select2-search__fie'

2019-02-20 17:46:44 - [TEST_STEP][PASSED] - click(findTestObject("KeatMun/Form 7_default/OTC_Submit Form 7_Section D-E/Page_PERKESO/E3. Arkitek Reka Bentuk")): Object: 'Object Repository/KeatMun/Form 7_default/OTC_Submit Form 7_Section D-E/Page_PERKESO/E3. Arkitek Reka Bentuk' is clicked on

2019-02-20 17:46:46 - [MESSAGE][PASSED] - Object: 'Object Repository/KeatMun/Form 7_default/OTC_Submit Form 7_Section D-E/Page_PERKESO/E3. Arkitek Reka Bentuk' is clicked on

2019-02-20 17:46:46 - [TEST_STEP][PASSED] - delay(2): Delayed 2 second(s)

2019-02-20 17:46:48 - [MESSAGE][PASSED] - Delayed 2 second(s)

2019-02-20 17:46:48 - [TEST_STEP][PASSED] - click(findTestObject("KeatMun/Form 7_default/OTC_Submit Form 7_Section D-E/Page_PERKESO/E4. Job_Location")): Object: 'Object Repository/KeatMun/Form 7_default/OTC_Submit Form 7_Section D-E/Page_PERKESO/E4. Job_Location' is clicked on

2019-02-20 17:46:50 - [MESSAGE][PASSED] - Object: 'Object Repository/KeatMun/Form 7_default/OTC_Submit Form 7_Section D-E/Page_PERKESO/E4. Job_Location' is clicked on

2019-02-20 17:46:50 - [TEST_STEP][PASSED] - delay(2): Delayed 2 second(s)

2019-02-20 17:46:52 - [MESSAGE][PASSED] - Delayed 2 second(s)

2019-02-20 17:46:52 - [TEST_STEP][PASSED] - click(findTestObject("KeatMun/Form 7_default/OTC_Submit Form 7_Section D-E/Page_PERKESO/E4. JOHOR")): Object: 'Object Repository/KeatMun/Form 7_default/OTC_Submit Form 7_Section D-E/Page_PERKESO/E4. JOHOR' is clicked on

2019-02-20 17:46:54 - [MESSAGE][PASSED] - Object: 'Object Repository/KeatMun/Form 7_default/OTC_Submit Form 7_Section D-E/Page_PERKESO/E4. JOHOR' is clicked on

2019-02-20 17:46:54 - [TEST_STEP][PASSED] - delay(2): Delayed 2 second(s)

2019-02-20 17:46:56 - [MESSAGE][PASSED] - Delayed 2 second(s)

2019-02-20 17:46:56 - [TEST_STEP][PASSED] - click(findTestObject("KeatMun/Form 7_default/OTC_Submit Form 7_Section D-E/Page_PERKESO/E7. NO_disability")): Object: 'Object Repository/KeatMun/Form 7_default/OTC_Submit Form 7_Section D-E/Page_PERKESO/E7. NO_disability' is clicked on

2019-02-20 17:46:58 - [MESSAGE][PASSED] - Object: 'Object Repository/KeatMun/Form 7_default/OTC_Submit Form 7_Section D-E/Page_PERKESO/E7. NO_disability' is clicked on

2019-02-20 17:46:58 - [TEST_STEP][PASSED] - delay(2): Delayed 2 second(s)

2019-02-20 17:47:00 - [MESSAGE][PASSED] - Delayed 2 second(s)

2019-02-20 17:47:00 - [TEST_STEP][PASSED] - click(findTestObject("KeatMun/Form 7_default/OTC_Submit Form 7_Section D-E/Page_PERKESO/E8. NO_disabilityApplyInd")): Object: 'Object Repository/KeatMun/Form 7_default/OTC_Submit Form 7_Section D-E/Page_PERKESO/E8. NO_disabilityApplyInd' is clicked on

2019-02-20 17:47:03 - [MESSAGE][PASSED] - Object: 'Object Repository/KeatMun/Form 7_default/OTC_Submit Form 7_Section D-E/Page_PERKESO/E8. NO_disabilityApplyInd' is clicked on

2019-02-20 17:47:03 - [TEST_STEP][PASSED] - delay(2): Delayed 2 second(s)

2019-02-20 17:47:05 - [MESSAGE][PASSED] - Delayed 2 second(s)

2019-02-20 17:47:05 - [TEST_STEP][PASSED] - click(findTestObject("KeatMun/Form 7_default/OTC_Submit Form 7_Section D-E/Page_PERKESO/E9. YES_ReEmployment")): Object: 'Object Repository/KeatMun/Form 7_default/OTC_Submit Form 7_Section D-E/Page_PERKESO/E9. YES_ReEmployment' is clicked on

2019-02-20 17:47:07 - [MESSAGE][PASSED] - Object: 'Object Repository/KeatMun/Form 7_default/OTC_Submit Form 7_Section D-E/Page_PERKESO/E9. YES_ReEmployment' is clicked on

2019-02-20 17:47:07 - [TEST_STEP][PASSED] - delay(2): Delayed 2 second(s)

2019-02-20 17:47:09 - [MESSAGE][PASSED] - Delayed 2 second(s)

2019-02-20 17:47:09 - [TEST_STEP][PASSED] - click(findTestObject("KeatMun/Form 7_default/OTC_Submit Form 7_Section D-E/Page_PERKESO/E10. Halaman Seterusnya")): Object: 'Object Repository/KeatMun/Form 7_default/OTC_Submit Form 7_Section D-E/Page_PERKESO/E10. Halaman Seterusnya' is clicked on

2019-02-20 17:47:11 - [MESSAGE][PASSED] - Object: 'Object Repository/KeatMun/Form 7_default/OTC_Submit Form 7_Section D-E/Page_PERKESO/E10. Halaman Seterusnya' is clicked on

2019-02-20 17:47:11 - [TEST_STEP][PASSED] - delay(3): Delayed 3 second(s)

2019-02-20 17:47:14 - [MESSAGE][PASSED] - Delayed 3 second(s)

2019-02-20 17:47:14 - [MESSAGE][PASSED] - Call Test Case 'Test Cases/All TC/Arranged/3. Unit/EI/Form 7_default/OTC_Submit Form 7_Section D-E' successfully

2019-02-20 17:47:14 - [TEST_STEP][FAILED] - callTestCase(findTestCase("All TC/Arranged/3. Unit/EI/Form 7_default/OTC_Submit Form 7_Section F-G-H - Cheque"), [:], STOP_ON_FAILURE): callTestCase(findTestCase("All TC/Arranged/3. Unit/EI/Form 7_default/OTC_Submit Form 7_Section F-G-H - Cheque"), [:], STOP_ON_FAILURE) FAILED.
Reason:
com.kms.katalon.core.exception.StepFailedException: Unable to click on object 'Object Repository/KeatMun/Form 7_default/OTC_Submit Form 7_Section F-G-H/Page_PERKESO/G2. span_Isteri' (Root cause: com.kms.katalon.core.webui.exception.WebElementNotFoundException: Web element with id: 'Object Repository/KeatMun/Form 7_default/OTC_Submit Form 7_Section F-G-H/Page_PERKESO/G2. span_Isteri' located by 'By.xpath: //span[@id = 'select2-dependentList0dependentRelationId-container' and @title = 'Isteri' and (text() = 'Isteri' or . = 'Isteri')]' not found)
	at com.kms.katalon.core.keyword.internal.KeywordMain.stepFailed(KeywordMain.groovy:36)
	at com.kms.katalon.core.webui.keyword.internal.WebUIKeywordMain.stepFailed(WebUIKeywordMain.groovy:65)
	at com.kms.katalon.core.webui.keyword.internal.WebUIKeywordMain.runKeyword(WebUIKeywordMain.groovy:27)
	at com.kms.katalon.core.webui.keyword.builtin.ClickKeyword.click(ClickKeyword.groovy:86)
	at com.kms.katalon.core.webui.keyword.builtin.ClickKeyword.execute(ClickKeyword.groovy:67)
	at com.kms.katalon.core.keyword.internal.KeywordExecutor.executeKeywordForPlatform(KeywordExecutor.groovy:53)
	at com.kms.katalon.core.webui.keyword.WebUiBuiltInKeywords.click(WebUiBuiltInKeywords.groovy:616)
	at com.kms.katalon.core.webui.keyword.WebUiBuiltInKeywords$click$3.call(Unknown Source)
	at OTC_Submit Form 7_Section F-G-H - Cheque.run(OTC_Submit Form 7_Section F-G-H - Cheque:41)
	at com.kms.katalon.core.main.ScriptEngine.run(ScriptEngine.java:194)
	at com.kms.katalon.core.main.ScriptEngine.runScriptAsRawText(ScriptEngine.java:119)
	at com.kms.katalon.core.main.TestCaseExecutor.runScript(TestCaseExecutor.java:328)
	at com.kms.katalon.core.main.TestCaseExecutor.doExecute(TestCaseExecutor.java:319)
	at com.kms.katalon.core.main.TestCaseExecutor.processExecutionPhase(TestCaseExecutor.java:298)
	at com.kms.katalon.core.main.TestCaseExecutor.accessMainPhase(TestCaseExecutor.java:290)
	at com.kms.katalon.core.main.TestCaseExecutor.execute(TestCaseExecutor.java:224)
	at com.kms.katalon.core.main.TestCaseMain.runTestCase(TestCaseMain.java:106)
	at com.kms.katalon.core.keyword.builtin.CallTestCaseKeyword$_callTestCase_closure1.doCall(CallTestCaseKeyword.groovy:59)
	at com.kms.katalon.core.keyword.builtin.CallTestCaseKeyword$_callTestCase_closure1.call(CallTestCaseKeyword.groovy)
	at com.kms.katalon.core.keyword.internal.KeywordMain.runKeyword(KeywordMain.groovy:54)
	at com.kms.katalon.core.keyword.builtin.CallTestCaseKeyword.callTestCase(CallTestCaseKeyword.groovy:80)
	at com.kms.katalon.core.keyword.builtin.CallTestCaseKeyword.execute(CallTestCaseKeyword.groovy:44)
	at com.kms.katalon.core.keyword.internal.KeywordExecutor.executeKeywordForPlatform(KeywordExecutor.groovy:53)
	at com.kms.katalon.core.keyword.BuiltinKeywords.callTestCase(BuiltinKeywords.groovy:334)
	at OTC_Submit Form 7_End to End - Cheque.run(OTC_Submit Form 7_End to End - Cheque:26)
	at com.kms.katalon.core.main.ScriptEngine.run(ScriptEngine.java:194)
	at com.kms.katalon.core.main.ScriptEngine.runScriptAsRawText(ScriptEngine.java:119)
	at com.kms.katalon.core.main.TestCaseExecutor.runScript(TestCaseExecutor.java:328)
	at com.kms.katalon.core.main.TestCaseExecutor.doExecute(TestCaseExecutor.java:319)
	at com.kms.katalon.core.main.TestCaseExecutor.processExecutionPhase(TestCaseExecutor.java:298)
	at com.kms.katalon.core.main.TestCaseExecutor.accessMainPhase(TestCaseExecutor.java:290)
	at com.kms.katalon.core.main.TestCaseExecutor.execute(TestCaseExecutor.java:224)
	at com.kms.katalon.core.main.TestCaseMain.runTestCase(TestCaseMain.java:106)
	at com.kms.katalon.core.keyword.builtin.CallTestCaseKeyword$_callTestCase_closure1.doCall(CallTestCaseKeyword.groovy:59)
	at com.kms.katalon.core.keyword.builtin.CallTestCaseKeyword$_callTestCase_closure1.call(CallTestCaseKeyword.groovy)
	at com.kms.katalon.core.keyword.internal.KeywordMain.runKeyword(KeywordMain.groovy:54)
	at com.kms.katalon.core.keyword.builtin.CallTestCaseKeyword.callTestCase(CallTestCaseKeyword.groovy:80)
	at com.kms.katalon.core.keyword.builtin.CallTestCaseKeyword.execute(CallTestCaseKeyword.groovy:44)
	at com.kms.katalon.core.keyword.internal.KeywordExecutor.executeKeywordForPlatform(KeywordExecutor.groovy:53)
	at com.kms.katalon.core.keyword.BuiltinKeywords.callTestCase(BuiltinKeywords.groovy:334)
	at Reject Application - RIA.run(Reject Application - RIA:16)
	at com.kms.katalon.core.main.ScriptEngine.run(ScriptEngine.java:194)
	at com.kms.katalon.core.main.ScriptEngine.runScriptAsRawText(ScriptEngine.java:119)
	at com.kms.katalon.core.main.TestCaseExecutor.runScript(TestCaseExecutor.java:328)
	at com.kms.katalon.core.main.TestCaseExecutor.doExecute(TestCaseExecutor.java:319)
	at com.kms.katalon.core.main.TestCaseExecutor.processExecutionPhase(TestCaseExecutor.java:298)
	at com.kms.katalon.core.main.TestCaseExecutor.accessMainPhase(TestCaseExecutor.java:290)
	at com.kms.katalon.core.main.TestCaseExecutor.execute(TestCaseExecutor.java:224)
	at com.kms.katalon.core.main.TestSuiteExecutor.accessTestCaseMainPhase(TestSuiteExecutor.java:129)
	at com.kms.katalon.core.main.TestSuiteExecutor.accessTestSuiteMainPhase(TestSuiteExecutor.java:112)
	at com.kms.katalon.core.main.TestSuiteExecutor.execute(TestSuiteExecutor.java:81)
	at com.kms.katalon.core.main.TestCaseMain.startTestSuite(TestCaseMain.java:149)
	at com.kms.katalon.core.main.TestCaseMain$startTestSuite$0.call(Unknown Source)
	at TempTestSuite1550652525208.run(TempTestSuite1550652525208.groovy:36)


2019-02-20 17:47:14 - [TEST_CASE][FAILED] - Test Cases/All TC/Arranged/3. Unit/EI/Form 7_default/OTC_Submit Form 7_Section F-G-H - Cheque: Test Cases/All TC/Arranged/3. Unit/EI/Form 7_default/OTC_Submit Form 7_Section F-G-H - Cheque FAILED.
Reason:
com.kms.katalon.core.exception.StepFailedException: Unable to click on object 'Object Repository/KeatMun/Form 7_default/OTC_Submit Form 7_Section F-G-H/Page_PERKESO/G2. span_Isteri' (Root cause: com.kms.katalon.core.webui.exception.WebElementNotFoundException: Web element with id: 'Object Repository/KeatMun/Form 7_default/OTC_Submit Form 7_Section F-G-H/Page_PERKESO/G2. span_Isteri' located by 'By.xpath: //span[@id = 'select2-dependentList0dependentRelationId-container' and @title = 'Isteri' and (text() = 'Isteri' or . = 'Isteri')]' not found)
	at com.kms.katalon.core.keyword.internal.KeywordMain.stepFailed(KeywordMain.groovy:36)
	at com.kms.katalon.core.webui.keyword.internal.WebUIKeywordMain.stepFailed(WebUIKeywordMain.groovy:65)
	at com.kms.katalon.core.webui.keyword.internal.WebUIKeywordMain.runKeyword(WebUIKeywordMain.groovy:27)
	at com.kms.katalon.core.webui.keyword.builtin.ClickKeyword.click(ClickKeyword.groovy:86)
	at com.kms.katalon.core.webui.keyword.builtin.ClickKeyword.execute(ClickKeyword.groovy:67)
	at com.kms.katalon.core.keyword.internal.KeywordExecutor.executeKeywordForPlatform(KeywordExecutor.groovy:53)
	at com.kms.katalon.core.webui.keyword.WebUiBuiltInKeywords.click(WebUiBuiltInKeywords.groovy:616)
	at com.kms.katalon.core.webui.keyword.WebUiBuiltInKeywords$click$3.call(Unknown Source)
	at OTC_Submit Form 7_Section F-G-H - Cheque.run(OTC_Submit Form 7_Section F-G-H - Cheque:41)
	at com.kms.katalon.core.main.ScriptEngine.run(ScriptEngine.java:194)
	at com.kms.katalon.core.main.ScriptEngine.runScriptAsRawText(ScriptEngine.java:119)
	at com.kms.katalon.core.main.TestCaseExecutor.runScript(TestCaseExecutor.java:328)
	at com.kms.katalon.core.main.TestCaseExecutor.doExecute(TestCaseExecutor.java:319)
	at com.kms.katalon.core.main.TestCaseExecutor.processExecutionPhase(TestCaseExecutor.java:298)
	at com.kms.katalon.core.main.TestCaseExecutor.accessMainPhase(TestCaseExecutor.java:290)
	at com.kms.katalon.core.main.TestCaseExecutor.execute(TestCaseExecutor.java:224)
	at com.kms.katalon.core.main.TestCaseMain.runTestCase(TestCaseMain.java:106)
	at com.kms.katalon.core.keyword.builtin.CallTestCaseKeyword$_callTestCase_closure1.doCall(CallTestCaseKeyword.groovy:59)
	at com.kms.katalon.core.keyword.builtin.CallTestCaseKeyword$_callTestCase_closure1.call(CallTestCaseKeyword.groovy)
	at com.kms.katalon.core.keyword.internal.KeywordMain.runKeyword(KeywordMain.groovy:54)
	at com.kms.katalon.core.keyword.builtin.CallTestCaseKeyword.callTestCase(CallTestCaseKeyword.groovy:80)
	at com.kms.katalon.core.keyword.builtin.CallTestCaseKeyword.execute(CallTestCaseKeyword.groovy:44)
	at com.kms.katalon.core.keyword.internal.KeywordExecutor.executeKeywordForPlatform(KeywordExecutor.groovy:53)
	at com.kms.katalon.core.keyword.BuiltinKeywords.callTestCase(BuiltinKeywords.groovy:334)
	at OTC_Submit Form 7_End to End - Cheque.run(OTC_Submit Form 7_End to End - Cheque:26)
	at com.kms.katalon.core.main.ScriptEngine.run(ScriptEngine.java:194)
	at com.kms.katalon.core.main.ScriptEngine.runScriptAsRawText(ScriptEngine.java:119)
	at com.kms.katalon.core.main.TestCaseExecutor.runScript(TestCaseExecutor.java:328)
	at com.kms.katalon.core.main.TestCaseExecutor.doExecute(TestCaseExecutor.java:319)
	at com.kms.katalon.core.main.TestCaseExecutor.processExecutionPhase(TestCaseExecutor.java:298)
	at com.kms.katalon.core.main.TestCaseExecutor.accessMainPhase(TestCaseExecutor.java:290)
	at com.kms.katalon.core.main.TestCaseExecutor.execute(TestCaseExecutor.java:224)
	at com.kms.katalon.core.main.TestCaseMain.runTestCase(TestCaseMain.java:106)
	at com.kms.katalon.core.keyword.builtin.CallTestCaseKeyword$_callTestCase_closure1.doCall(CallTestCaseKeyword.groovy:59)
	at com.kms.katalon.core.keyword.builtin.CallTestCaseKeyword$_callTestCase_closure1.call(CallTestCaseKeyword.groovy)
	at com.kms.katalon.core.keyword.internal.KeywordMain.runKeyword(KeywordMain.groovy:54)
	at com.kms.katalon.core.keyword.builtin.CallTestCaseKeyword.callTestCase(CallTestCaseKeyword.groovy:80)
	at com.kms.katalon.core.keyword.builtin.CallTestCaseKeyword.execute(CallTestCaseKeyword.groovy:44)
	at com.kms.katalon.core.keyword.internal.KeywordExecutor.executeKeywordForPlatform(KeywordExecutor.groovy:53)
	at com.kms.katalon.core.keyword.BuiltinKeywords.callTestCase(BuiltinKeywords.groovy:334)
	at Reject Application - RIA.run(Reject Application - RIA:16)
	at com.kms.katalon.core.main.ScriptEngine.run(ScriptEngine.java:194)
	at com.kms.katalon.core.main.ScriptEngine.runScriptAsRawText(ScriptEngine.java:119)
	at com.kms.katalon.core.main.TestCaseExecutor.runScript(TestCaseExecutor.java:328)
	at com.kms.katalon.core.main.TestCaseExecutor.doExecute(TestCaseExecutor.java:319)
	at com.kms.katalon.core.main.TestCaseExecutor.processExecutionPhase(TestCaseExecutor.java:298)
	at com.kms.katalon.core.main.TestCaseExecutor.accessMainPhase(TestCaseExecutor.java:290)
	at com.kms.katalon.core.main.TestCaseExecutor.execute(TestCaseExecutor.java:224)
	at com.kms.katalon.core.main.TestSuiteExecutor.accessTestCaseMainPhase(TestSuiteExecutor.java:129)
	at com.kms.katalon.core.main.TestSuiteExecutor.accessTestSuiteMainPhase(TestSuiteExecutor.java:112)
	at com.kms.katalon.core.main.TestSuiteExecutor.execute(TestSuiteExecutor.java:81)
	at com.kms.katalon.core.main.TestCaseMain.startTestSuite(TestCaseMain.java:149)
	at com.kms.katalon.core.main.TestCaseMain$startTestSuite$0.call(Unknown Source)
	at TempTestSuite1550652525208.run(TempTestSuite1550652525208.groovy:36)


2019-02-20 17:47:14 - [TEST_STEP][PASSED] - delay(3): Delayed 3 second(s)

2019-02-20 17:47:17 - [MESSAGE][PASSED] - Delayed 3 second(s)

2019-02-20 17:47:17 - [TEST_STEP][PASSED] - click(findTestObject("KeatMun/Form 7_default/OTC_Submit Form 7_Section F-G-H/Page_PERKESO/F1. Bankrup_yes")): Object: 'Object Repository/KeatMun/Form 7_default/OTC_Submit Form 7_Section F-G-H/Page_PERKESO/F1. Bankrup_yes' is clicked on

2019-02-20 17:47:19 - [MESSAGE][PASSED] - Object: 'Object Repository/KeatMun/Form 7_default/OTC_Submit Form 7_Section F-G-H/Page_PERKESO/F1. Bankrup_yes' is clicked on

2019-02-20 17:47:19 - [TEST_STEP][PASSED] - delay(3): Delayed 3 second(s)

2019-02-20 17:47:22 - [MESSAGE][PASSED] - Delayed 3 second(s)

2019-02-20 17:47:22 - [TEST_STEP][PASSED] - click(findTestObject("KeatMun/Form 7_default/OTC_Submit Form 7_Section F-G-H/Page_PERKESO/F2. Next_Page_AfterBankInfo")): Object: 'Object Repository/KeatMun/Form 7_default/OTC_Submit Form 7_Section F-G-H/Page_PERKESO/F2. Next_Page_AfterBankInfo' is clicked on

2019-02-20 17:47:24 - [MESSAGE][PASSED] - Object: 'Object Repository/KeatMun/Form 7_default/OTC_Submit Form 7_Section F-G-H/Page_PERKESO/F2. Next_Page_AfterBankInfo' is clicked on

2019-02-20 17:47:24 - [TEST_STEP][PASSED] - delay(5): Delayed 5 second(s)

2019-02-20 17:47:29 - [MESSAGE][PASSED] - Delayed 5 second(s)

2019-02-20 17:47:29 - [TEST_STEP][PASSED] - setText(findTestObject("KeatMun/Form 7_default/OTC_Submit Form 7_Section F-G-H/Page_PERKESO/G2. Hubungan dengan OB-nama"), "qwertyuiop"): Text 'qwertyuiop' is set on object 'Object Repository/KeatMun/Form 7_default/OTC_Submit Form 7_Section F-G-H/Page_PERKESO/G2. Hubungan dengan OB-nama'

2019-02-20 17:47:33 - [MESSAGE][PASSED] - Text 'qwertyuiop' is set on object 'Object Repository/KeatMun/Form 7_default/OTC_Submit Form 7_Section F-G-H/Page_PERKESO/G2. Hubungan dengan OB-nama'

2019-02-20 17:47:33 - [TEST_STEP][PASSED] - delay(2): Delayed 2 second(s)

2019-02-20 17:47:35 - [MESSAGE][PASSED] - Delayed 2 second(s)

2019-02-20 17:47:35 - [TEST_STEP][PASSED] - setText(findTestObject("KeatMun/Form 7_default/OTC_Submit Form 7_Section F-G-H/Page_PERKESO/G2. Hubungan dengan OB-ic.no"), "111111223333"): Text '111111223333' is set on object 'Object Repository/KeatMun/Form 7_default/OTC_Submit Form 7_Section F-G-H/Page_PERKESO/G2. Hubungan dengan OB-ic.no'

2019-02-20 17:47:40 - [MESSAGE][PASSED] - Text '111111223333' is set on object 'Object Repository/KeatMun/Form 7_default/OTC_Submit Form 7_Section F-G-H/Page_PERKESO/G2. Hubungan dengan OB-ic.no'

2019-02-20 17:47:40 - [TEST_STEP][PASSED] - delay(2): Delayed 2 second(s)

2019-02-20 17:47:42 - [MESSAGE][PASSED] - Delayed 2 second(s)

2019-02-20 17:47:42 - [TEST_STEP][PASSED] - setText(findTestObject("KeatMun/Form 7_default/OTC_Submit Form 7_Section F-G-H/Page_PERKESO/G2. Hubungan dengan OB-DOB"), "10/01/2019"): Text '10/01/2019' is set on object 'Object Repository/KeatMun/Form 7_default/OTC_Submit Form 7_Section F-G-H/Page_PERKESO/G2. Hubungan dengan OB-DOB'

2019-02-20 17:47:46 - [MESSAGE][PASSED] - Text '10/01/2019' is set on object 'Object Repository/KeatMun/Form 7_default/OTC_Submit Form 7_Section F-G-H/Page_PERKESO/G2. Hubungan dengan OB-DOB'

2019-02-20 17:47:46 - [TEST_STEP][PASSED] - delay(3): Delayed 3 second(s)

2019-02-20 17:47:49 - [MESSAGE][PASSED] - Delayed 3 second(s)

2019-02-20 17:47:49 - [TEST_STEP][FAILED] - click(findTestObject("KeatMun/Form 7_default/OTC_Submit Form 7_Section F-G-H/Page_PERKESO/G2. span_Isteri")): click(findTestObject("KeatMun/Form 7_default/OTC_Submit Form 7_Section F-G-H/Page_PERKESO/G2. span_Isteri")) FAILED.
Reason:
com.kms.katalon.core.exception.StepFailedException: Unable to click on object 'Object Repository/KeatMun/Form 7_default/OTC_Submit Form 7_Section F-G-H/Page_PERKESO/G2. span_Isteri' (Root cause: com.kms.katalon.core.webui.exception.WebElementNotFoundException: Web element with id: 'Object Repository/KeatMun/Form 7_default/OTC_Submit Form 7_Section F-G-H/Page_PERKESO/G2. span_Isteri' located by 'By.xpath: //span[@id = 'select2-dependentList0dependentRelationId-container' and @title = 'Isteri' and (text() = 'Isteri' or . = 'Isteri')]' not found)
	at com.kms.katalon.core.keyword.internal.KeywordMain.stepFailed(KeywordMain.groovy:36)
	at com.kms.katalon.core.webui.keyword.internal.WebUIKeywordMain.stepFailed(WebUIKeywordMain.groovy:65)
	at com.kms.katalon.core.webui.keyword.internal.WebUIKeywordMain.runKeyword(WebUIKeywordMain.groovy:27)
	at com.kms.katalon.core.webui.keyword.builtin.ClickKeyword.click(ClickKeyword.groovy:86)
	at com.kms.katalon.core.webui.keyword.builtin.ClickKeyword.execute(ClickKeyword.groovy:67)
	at com.kms.katalon.core.keyword.internal.KeywordExecutor.executeKeywordForPlatform(KeywordExecutor.groovy:53)
	at com.kms.katalon.core.webui.keyword.WebUiBuiltInKeywords.click(WebUiBuiltInKeywords.groovy:616)
	at com.kms.katalon.core.webui.keyword.WebUiBuiltInKeywords$click$3.call(Unknown Source)
	at OTC_Submit Form 7_Section F-G-H - Cheque.run(OTC_Submit Form 7_Section F-G-H - Cheque:41)
	at com.kms.katalon.core.main.ScriptEngine.run(ScriptEngine.java:194)
	at com.kms.katalon.core.main.ScriptEngine.runScriptAsRawText(ScriptEngine.java:119)
	at com.kms.katalon.core.main.TestCaseExecutor.runScript(TestCaseExecutor.java:328)
	at com.kms.katalon.core.main.TestCaseExecutor.doExecute(TestCaseExecutor.java:319)
	at com.kms.katalon.core.main.TestCaseExecutor.processExecutionPhase(TestCaseExecutor.java:298)
	at com.kms.katalon.core.main.TestCaseExecutor.accessMainPhase(TestCaseExecutor.java:290)
	at com.kms.katalon.core.main.TestCaseExecutor.execute(TestCaseExecutor.java:224)
	at com.kms.katalon.core.main.TestCaseMain.runTestCase(TestCaseMain.java:106)
	at com.kms.katalon.core.keyword.builtin.CallTestCaseKeyword$_callTestCase_closure1.doCall(CallTestCaseKeyword.groovy:59)
	at com.kms.katalon.core.keyword.builtin.CallTestCaseKeyword$_callTestCase_closure1.call(CallTestCaseKeyword.groovy)
	at com.kms.katalon.core.keyword.internal.KeywordMain.runKeyword(KeywordMain.groovy:54)
	at com.kms.katalon.core.keyword.builtin.CallTestCaseKeyword.callTestCase(CallTestCaseKeyword.groovy:80)
	at com.kms.katalon.core.keyword.builtin.CallTestCaseKeyword.execute(CallTestCaseKeyword.groovy:44)
	at com.kms.katalon.core.keyword.internal.KeywordExecutor.executeKeywordForPlatform(KeywordExecutor.groovy:53)
	at com.kms.katalon.core.keyword.BuiltinKeywords.callTestCase(BuiltinKeywords.groovy:334)
	at OTC_Submit Form 7_End to End - Cheque.run(OTC_Submit Form 7_End to End - Cheque:26)
	at com.kms.katalon.core.main.ScriptEngine.run(ScriptEngine.java:194)
	at com.kms.katalon.core.main.ScriptEngine.runScriptAsRawText(ScriptEngine.java:119)
	at com.kms.katalon.core.main.TestCaseExecutor.runScript(TestCaseExecutor.java:328)
	at com.kms.katalon.core.main.TestCaseExecutor.doExecute(TestCaseExecutor.java:319)
	at com.kms.katalon.core.main.TestCaseExecutor.processExecutionPhase(TestCaseExecutor.java:298)
	at com.kms.katalon.core.main.TestCaseExecutor.accessMainPhase(TestCaseExecutor.java:290)
	at com.kms.katalon.core.main.TestCaseExecutor.execute(TestCaseExecutor.java:224)
	at com.kms.katalon.core.main.TestCaseMain.runTestCase(TestCaseMain.java:106)
	at com.kms.katalon.core.keyword.builtin.CallTestCaseKeyword$_callTestCase_closure1.doCall(CallTestCaseKeyword.groovy:59)
	at com.kms.katalon.core.keyword.builtin.CallTestCaseKeyword$_callTestCase_closure1.call(CallTestCaseKeyword.groovy)
	at com.kms.katalon.core.keyword.internal.KeywordMain.runKeyword(KeywordMain.groovy:54)
	at com.kms.katalon.core.keyword.builtin.CallTestCaseKeyword.callTestCase(CallTestCaseKeyword.groovy:80)
	at com.kms.katalon.core.keyword.builtin.CallTestCaseKeyword.execute(CallTestCaseKeyword.groovy:44)
	at com.kms.katalon.core.keyword.internal.KeywordExecutor.executeKeywordForPlatform(KeywordExecutor.groovy:53)
	at com.kms.katalon.core.keyword.BuiltinKeywords.callTestCase(BuiltinKeywords.groovy:334)
	at Reject Application - RIA.run(Reject Application - RIA:16)
	at com.kms.katalon.core.main.ScriptEngine.run(ScriptEngine.java:194)
	at com.kms.katalon.core.main.ScriptEngine.runScriptAsRawText(ScriptEngine.java:119)
	at com.kms.katalon.core.main.TestCaseExecutor.runScript(TestCaseExecutor.java:328)
	at com.kms.katalon.core.main.TestCaseExecutor.doExecute(TestCaseExecutor.java:319)
	at com.kms.katalon.core.main.TestCaseExecutor.processExecutionPhase(TestCaseExecutor.java:298)
	at com.kms.katalon.core.main.TestCaseExecutor.accessMainPhase(TestCaseExecutor.java:290)
	at com.kms.katalon.core.main.TestCaseExecutor.execute(TestCaseExecutor.java:224)
	at com.kms.katalon.core.main.TestSuiteExecutor.accessTestCaseMainPhase(TestSuiteExecutor.java:129)
	at com.kms.katalon.core.main.TestSuiteExecutor.accessTestSuiteMainPhase(TestSuiteExecutor.java:112)
	at com.kms.katalon.core.main.TestSuiteExecutor.execute(TestSuiteExecutor.java:81)
	at com.kms.katalon.core.main.TestCaseMain.startTestSuite(TestCaseMain.java:149)
	at com.kms.katalon.core.main.TestCaseMain$startTestSuite$0.call(Unknown Source)
	at TempTestSuite1550652525208.run(TempTestSuite1550652525208.groovy:36)


2019-02-20 17:48:19 - [MESSAGE][INFO] - Unable to find the element located by 'By.xpath: //span[@id = 'select2-dependentList0dependentRelationId-container' and @title = 'Isteri' and (text() = 'Isteri' or . = 'Isteri')]'. Please recheck the objects properties to make sure the desired element is located. 

2019-02-20 17:48:21 - [MESSAGE][FAILED] - Unable to click on object 'Object Repository/KeatMun/Form 7_default/OTC_Submit Form 7_Section F-G-H/Page_PERKESO/G2. span_Isteri' (Root cause: com.kms.katalon.core.webui.exception.WebElementNotFoundException: Web element with id: 'Object Repository/KeatMun/Form 7_default/OTC_Submit Form 7_Section F-G-H/Page_PERKESO/G2. span_Isteri' located by 'By.xpath: //span[@id = 'select2-dependentList0dependentRelationId-container' and @title = 'Isteri' and (text() = 'Isteri' or . = 'Isteri')]' not found)
[[ATTACHMENT|C:\\Users\\Admin\\Documents\\GitHub\\PKSKatalon\\PKS-EI-ES\\Reports\\New Test Suite\\20190220_164845\\1550656099839.png]]

2019-02-20 17:48:21 - [MESSAGE][FAILED] - click(findTestObject("KeatMun/Form 7_default/OTC_Submit Form 7_Section F-G-H/Page_PERKESO/G2. span_Isteri")) FAILED.
Reason:
com.kms.katalon.core.exception.StepFailedException: Unable to click on object 'Object Repository/KeatMun/Form 7_default/OTC_Submit Form 7_Section F-G-H/Page_PERKESO/G2. span_Isteri' (Root cause: com.kms.katalon.core.webui.exception.WebElementNotFoundException: Web element with id: 'Object Repository/KeatMun/Form 7_default/OTC_Submit Form 7_Section F-G-H/Page_PERKESO/G2. span_Isteri' located by 'By.xpath: //span[@id = 'select2-dependentList0dependentRelationId-container' and @title = 'Isteri' and (text() = 'Isteri' or . = 'Isteri')]' not found)
	at com.kms.katalon.core.keyword.internal.KeywordMain.stepFailed(KeywordMain.groovy:36)
	at com.kms.katalon.core.webui.keyword.internal.WebUIKeywordMain.stepFailed(WebUIKeywordMain.groovy:65)
	at com.kms.katalon.core.webui.keyword.internal.WebUIKeywordMain.runKeyword(WebUIKeywordMain.groovy:27)
	at com.kms.katalon.core.webui.keyword.builtin.ClickKeyword.click(ClickKeyword.groovy:86)
	at com.kms.katalon.core.webui.keyword.builtin.ClickKeyword.execute(ClickKeyword.groovy:67)
	at com.kms.katalon.core.keyword.internal.KeywordExecutor.executeKeywordForPlatform(KeywordExecutor.groovy:53)
	at com.kms.katalon.core.webui.keyword.WebUiBuiltInKeywords.click(WebUiBuiltInKeywords.groovy:616)
	at com.kms.katalon.core.webui.keyword.WebUiBuiltInKeywords$click$3.call(Unknown Source)
	at OTC_Submit Form 7_Section F-G-H - Cheque.run(OTC_Submit Form 7_Section F-G-H - Cheque:41)
	at com.kms.katalon.core.main.ScriptEngine.run(ScriptEngine.java:194)
	at com.kms.katalon.core.main.ScriptEngine.runScriptAsRawText(ScriptEngine.java:119)
	at com.kms.katalon.core.main.TestCaseExecutor.runScript(TestCaseExecutor.java:328)
	at com.kms.katalon.core.main.TestCaseExecutor.doExecute(TestCaseExecutor.java:319)
	at com.kms.katalon.core.main.TestCaseExecutor.processExecutionPhase(TestCaseExecutor.java:298)
	at com.kms.katalon.core.main.TestCaseExecutor.accessMainPhase(TestCaseExecutor.java:290)
	at com.kms.katalon.core.main.TestCaseExecutor.execute(TestCaseExecutor.java:224)
	at com.kms.katalon.core.main.TestCaseMain.runTestCase(TestCaseMain.java:106)
	at com.kms.katalon.core.keyword.builtin.CallTestCaseKeyword$_callTestCase_closure1.doCall(CallTestCaseKeyword.groovy:59)
	at com.kms.katalon.core.keyword.builtin.CallTestCaseKeyword$_callTestCase_closure1.call(CallTestCaseKeyword.groovy)
	at com.kms.katalon.core.keyword.internal.KeywordMain.runKeyword(KeywordMain.groovy:54)
	at com.kms.katalon.core.keyword.builtin.CallTestCaseKeyword.callTestCase(CallTestCaseKeyword.groovy:80)
	at com.kms.katalon.core.keyword.builtin.CallTestCaseKeyword.execute(CallTestCaseKeyword.groovy:44)
	at com.kms.katalon.core.keyword.internal.KeywordExecutor.executeKeywordForPlatform(KeywordExecutor.groovy:53)
	at com.kms.katalon.core.keyword.BuiltinKeywords.callTestCase(BuiltinKeywords.groovy:334)
	at OTC_Submit Form 7_End to End - Cheque.run(OTC_Submit Form 7_End to End - Cheque:26)
	at com.kms.katalon.core.main.ScriptEngine.run(ScriptEngine.java:194)
	at com.kms.katalon.core.main.ScriptEngine.runScriptAsRawText(ScriptEngine.java:119)
	at com.kms.katalon.core.main.TestCaseExecutor.runScript(TestCaseExecutor.java:328)
	at com.kms.katalon.core.main.TestCaseExecutor.doExecute(TestCaseExecutor.java:319)
	at com.kms.katalon.core.main.TestCaseExecutor.processExecutionPhase(TestCaseExecutor.java:298)
	at com.kms.katalon.core.main.TestCaseExecutor.accessMainPhase(TestCaseExecutor.java:290)
	at com.kms.katalon.core.main.TestCaseExecutor.execute(TestCaseExecutor.java:224)
	at com.kms.katalon.core.main.TestCaseMain.runTestCase(TestCaseMain.java:106)
	at com.kms.katalon.core.keyword.builtin.CallTestCaseKeyword$_callTestCase_closure1.doCall(CallTestCaseKeyword.groovy:59)
	at com.kms.katalon.core.keyword.builtin.CallTestCaseKeyword$_callTestCase_closure1.call(CallTestCaseKeyword.groovy)
	at com.kms.katalon.core.keyword.internal.KeywordMain.runKeyword(KeywordMain.groovy:54)
	at com.kms.katalon.core.keyword.builtin.CallTestCaseKeyword.callTestCase(CallTestCaseKeyword.groovy:80)
	at com.kms.katalon.core.keyword.builtin.CallTestCaseKeyword.execute(CallTestCaseKeyword.groovy:44)
	at com.kms.katalon.core.keyword.internal.KeywordExecutor.executeKeywordForPlatform(KeywordExecutor.groovy:53)
	at com.kms.katalon.core.keyword.BuiltinKeywords.callTestCase(BuiltinKeywords.groovy:334)
	at Reject Application - RIA.run(Reject Application - RIA:16)
	at com.kms.katalon.core.main.ScriptEngine.run(ScriptEngine.java:194)
	at com.kms.katalon.core.main.ScriptEngine.runScriptAsRawText(ScriptEngine.java:119)
	at com.kms.katalon.core.main.TestCaseExecutor.runScript(TestCaseExecutor.java:328)
	at com.kms.katalon.core.main.TestCaseExecutor.doExecute(TestCaseExecutor.java:319)
	at com.kms.katalon.core.main.TestCaseExecutor.processExecutionPhase(TestCaseExecutor.java:298)
	at com.kms.katalon.core.main.TestCaseExecutor.accessMainPhase(TestCaseExecutor.java:290)
	at com.kms.katalon.core.main.TestCaseExecutor.execute(TestCaseExecutor.java:224)
	at com.kms.katalon.core.main.TestSuiteExecutor.accessTestCaseMainPhase(TestSuiteExecutor.java:129)
	at com.kms.katalon.core.main.TestSuiteExecutor.accessTestSuiteMainPhase(TestSuiteExecutor.java:112)
	at com.kms.katalon.core.main.TestSuiteExecutor.execute(TestSuiteExecutor.java:81)
	at com.kms.katalon.core.main.TestCaseMain.startTestSuite(TestCaseMain.java:149)
	at com.kms.katalon.core.main.TestCaseMain$startTestSuite$0.call(Unknown Source)
	at TempTestSuite1550652525208.run(TempTestSuite1550652525208.groovy:36)


2019-02-20 17:48:21 - [MESSAGE][FAILED] - Unable to call Test Case 'Test Cases/All TC/Arranged/3. Unit/EI/Form 7_default/OTC_Submit Form 7_Section F-G-H - Cheque' (Root cause: com.kms.katalon.core.exception.StepFailedException: Call Test Case 'Test Cases/All TC/Arranged/3. Unit/EI/Form 7_default/OTC_Submit Form 7_Section F-G-H - Cheque' failed)

2019-02-20 17:48:21 - [MESSAGE][FAILED] - callTestCase(findTestCase("All TC/Arranged/3. Unit/EI/Form 7_default/OTC_Submit Form 7_Section F-G-H - Cheque"), [:], STOP_ON_FAILURE) FAILED.
Reason:
com.kms.katalon.core.exception.StepFailedException: Unable to click on object 'Object Repository/KeatMun/Form 7_default/OTC_Submit Form 7_Section F-G-H/Page_PERKESO/G2. span_Isteri' (Root cause: com.kms.katalon.core.webui.exception.WebElementNotFoundException: Web element with id: 'Object Repository/KeatMun/Form 7_default/OTC_Submit Form 7_Section F-G-H/Page_PERKESO/G2. span_Isteri' located by 'By.xpath: //span[@id = 'select2-dependentList0dependentRelationId-container' and @title = 'Isteri' and (text() = 'Isteri' or . = 'Isteri')]' not found)
	at com.kms.katalon.core.keyword.internal.KeywordMain.stepFailed(KeywordMain.groovy:36)
	at com.kms.katalon.core.webui.keyword.internal.WebUIKeywordMain.stepFailed(WebUIKeywordMain.groovy:65)
	at com.kms.katalon.core.webui.keyword.internal.WebUIKeywordMain.runKeyword(WebUIKeywordMain.groovy:27)
	at com.kms.katalon.core.webui.keyword.builtin.ClickKeyword.click(ClickKeyword.groovy:86)
	at com.kms.katalon.core.webui.keyword.builtin.ClickKeyword.execute(ClickKeyword.groovy:67)
	at com.kms.katalon.core.keyword.internal.KeywordExecutor.executeKeywordForPlatform(KeywordExecutor.groovy:53)
	at com.kms.katalon.core.webui.keyword.WebUiBuiltInKeywords.click(WebUiBuiltInKeywords.groovy:616)
	at com.kms.katalon.core.webui.keyword.WebUiBuiltInKeywords$click$3.call(Unknown Source)
	at OTC_Submit Form 7_Section F-G-H - Cheque.run(OTC_Submit Form 7_Section F-G-H - Cheque:41)
	at com.kms.katalon.core.main.ScriptEngine.run(ScriptEngine.java:194)
	at com.kms.katalon.core.main.ScriptEngine.runScriptAsRawText(ScriptEngine.java:119)
	at com.kms.katalon.core.main.TestCaseExecutor.runScript(TestCaseExecutor.java:328)
	at com.kms.katalon.core.main.TestCaseExecutor.doExecute(TestCaseExecutor.java:319)
	at com.kms.katalon.core.main.TestCaseExecutor.processExecutionPhase(TestCaseExecutor.java:298)
	at com.kms.katalon.core.main.TestCaseExecutor.accessMainPhase(TestCaseExecutor.java:290)
	at com.kms.katalon.core.main.TestCaseExecutor.execute(TestCaseExecutor.java:224)
	at com.kms.katalon.core.main.TestCaseMain.runTestCase(TestCaseMain.java:106)
	at com.kms.katalon.core.keyword.builtin.CallTestCaseKeyword$_callTestCase_closure1.doCall(CallTestCaseKeyword.groovy:59)
	at com.kms.katalon.core.keyword.builtin.CallTestCaseKeyword$_callTestCase_closure1.call(CallTestCaseKeyword.groovy)
	at com.kms.katalon.core.keyword.internal.KeywordMain.runKeyword(KeywordMain.groovy:54)
	at com.kms.katalon.core.keyword.builtin.CallTestCaseKeyword.callTestCase(CallTestCaseKeyword.groovy:80)
	at com.kms.katalon.core.keyword.builtin.CallTestCaseKeyword.execute(CallTestCaseKeyword.groovy:44)
	at com.kms.katalon.core.keyword.internal.KeywordExecutor.executeKeywordForPlatform(KeywordExecutor.groovy:53)
	at com.kms.katalon.core.keyword.BuiltinKeywords.callTestCase(BuiltinKeywords.groovy:334)
	at OTC_Submit Form 7_End to End - Cheque.run(OTC_Submit Form 7_End to End - Cheque:26)
	at com.kms.katalon.core.main.ScriptEngine.run(ScriptEngine.java:194)
	at com.kms.katalon.core.main.ScriptEngine.runScriptAsRawText(ScriptEngine.java:119)
	at com.kms.katalon.core.main.TestCaseExecutor.runScript(TestCaseExecutor.java:328)
	at com.kms.katalon.core.main.TestCaseExecutor.doExecute(TestCaseExecutor.java:319)
	at com.kms.katalon.core.main.TestCaseExecutor.processExecutionPhase(TestCaseExecutor.java:298)
	at com.kms.katalon.core.main.TestCaseExecutor.accessMainPhase(TestCaseExecutor.java:290)
	at com.kms.katalon.core.main.TestCaseExecutor.execute(TestCaseExecutor.java:224)
	at com.kms.katalon.core.main.TestCaseMain.runTestCase(TestCaseMain.java:106)
	at com.kms.katalon.core.keyword.builtin.CallTestCaseKeyword$_callTestCase_closure1.doCall(CallTestCaseKeyword.groovy:59)
	at com.kms.katalon.core.keyword.builtin.CallTestCaseKeyword$_callTestCase_closure1.call(CallTestCaseKeyword.groovy)
	at com.kms.katalon.core.keyword.internal.KeywordMain.runKeyword(KeywordMain.groovy:54)
	at com.kms.katalon.core.keyword.builtin.CallTestCaseKeyword.callTestCase(CallTestCaseKeyword.groovy:80)
	at com.kms.katalon.core.keyword.builtin.CallTestCaseKeyword.execute(CallTestCaseKeyword.groovy:44)
	at com.kms.katalon.core.keyword.internal.KeywordExecutor.executeKeywordForPlatform(KeywordExecutor.groovy:53)
	at com.kms.katalon.core.keyword.BuiltinKeywords.callTestCase(BuiltinKeywords.groovy:334)
	at Reject Application - RIA.run(Reject Application - RIA:16)
	at com.kms.katalon.core.main.ScriptEngine.run(ScriptEngine.java:194)
	at com.kms.katalon.core.main.ScriptEngine.runScriptAsRawText(ScriptEngine.java:119)
	at com.kms.katalon.core.main.TestCaseExecutor.runScript(TestCaseExecutor.java:328)
	at com.kms.katalon.core.main.TestCaseExecutor.doExecute(TestCaseExecutor.java:319)
	at com.kms.katalon.core.main.TestCaseExecutor.processExecutionPhase(TestCaseExecutor.java:298)
	at com.kms.katalon.core.main.TestCaseExecutor.accessMainPhase(TestCaseExecutor.java:290)
	at com.kms.katalon.core.main.TestCaseExecutor.execute(TestCaseExecutor.java:224)
	at com.kms.katalon.core.main.TestSuiteExecutor.accessTestCaseMainPhase(TestSuiteExecutor.java:129)
	at com.kms.katalon.core.main.TestSuiteExecutor.accessTestSuiteMainPhase(TestSuiteExecutor.java:112)
	at com.kms.katalon.core.main.TestSuiteExecutor.execute(TestSuiteExecutor.java:81)
	at com.kms.katalon.core.main.TestCaseMain.startTestSuite(TestCaseMain.java:149)
	at com.kms.katalon.core.main.TestCaseMain$startTestSuite$0.call(Unknown Source)
	at TempTestSuite1550652525208.run(TempTestSuite1550652525208.groovy:36)


2019-02-20 17:48:22 - [MESSAGE][FAILED] - Unable to call Test Case 'Test Cases/All TC/Arranged/2. Segment/OTC_Submit Form 7_End to End - Cheque' (Root cause: com.kms.katalon.core.exception.StepFailedException: Call Test Case 'Test Cases/All TC/Arranged/2. Segment/OTC_Submit Form 7_End to End - Cheque' failed)

2019-02-20 17:48:22 - [MESSAGE][FAILED] - callTestCase(findTestCase("All TC/Arranged/2. Segment/OTC_Submit Form 7_End to End - Cheque"), [:], STOP_ON_FAILURE) FAILED.
Reason:
com.kms.katalon.core.exception.StepFailedException: Unable to click on object 'Object Repository/KeatMun/Form 7_default/OTC_Submit Form 7_Section F-G-H/Page_PERKESO/G2. span_Isteri' (Root cause: com.kms.katalon.core.webui.exception.WebElementNotFoundException: Web element with id: 'Object Repository/KeatMun/Form 7_default/OTC_Submit Form 7_Section F-G-H/Page_PERKESO/G2. span_Isteri' located by 'By.xpath: //span[@id = 'select2-dependentList0dependentRelationId-container' and @title = 'Isteri' and (text() = 'Isteri' or . = 'Isteri')]' not found)
	at com.kms.katalon.core.keyword.internal.KeywordMain.stepFailed(KeywordMain.groovy:36)
	at com.kms.katalon.core.webui.keyword.internal.WebUIKeywordMain.stepFailed(WebUIKeywordMain.groovy:65)
	at com.kms.katalon.core.webui.keyword.internal.WebUIKeywordMain.runKeyword(WebUIKeywordMain.groovy:27)
	at com.kms.katalon.core.webui.keyword.builtin.ClickKeyword.click(ClickKeyword.groovy:86)
	at com.kms.katalon.core.webui.keyword.builtin.ClickKeyword.execute(ClickKeyword.groovy:67)
	at com.kms.katalon.core.keyword.internal.KeywordExecutor.executeKeywordForPlatform(KeywordExecutor.groovy:53)
	at com.kms.katalon.core.webui.keyword.WebUiBuiltInKeywords.click(WebUiBuiltInKeywords.groovy:616)
	at com.kms.katalon.core.webui.keyword.WebUiBuiltInKeywords$click$3.call(Unknown Source)
	at OTC_Submit Form 7_Section F-G-H - Cheque.run(OTC_Submit Form 7_Section F-G-H - Cheque:41)
	at com.kms.katalon.core.main.ScriptEngine.run(ScriptEngine.java:194)
	at com.kms.katalon.core.main.ScriptEngine.runScriptAsRawText(ScriptEngine.java:119)
	at com.kms.katalon.core.main.TestCaseExecutor.runScript(TestCaseExecutor.java:328)
	at com.kms.katalon.core.main.TestCaseExecutor.doExecute(TestCaseExecutor.java:319)
	at com.kms.katalon.core.main.TestCaseExecutor.processExecutionPhase(TestCaseExecutor.java:298)
	at com.kms.katalon.core.main.TestCaseExecutor.accessMainPhase(TestCaseExecutor.java:290)
	at com.kms.katalon.core.main.TestCaseExecutor.execute(TestCaseExecutor.java:224)
	at com.kms.katalon.core.main.TestCaseMain.runTestCase(TestCaseMain.java:106)
	at com.kms.katalon.core.keyword.builtin.CallTestCaseKeyword$_callTestCase_closure1.doCall(CallTestCaseKeyword.groovy:59)
	at com.kms.katalon.core.keyword.builtin.CallTestCaseKeyword$_callTestCase_closure1.call(CallTestCaseKeyword.groovy)
	at com.kms.katalon.core.keyword.internal.KeywordMain.runKeyword(KeywordMain.groovy:54)
	at com.kms.katalon.core.keyword.builtin.CallTestCaseKeyword.callTestCase(CallTestCaseKeyword.groovy:80)
	at com.kms.katalon.core.keyword.builtin.CallTestCaseKeyword.execute(CallTestCaseKeyword.groovy:44)
	at com.kms.katalon.core.keyword.internal.KeywordExecutor.executeKeywordForPlatform(KeywordExecutor.groovy:53)
	at com.kms.katalon.core.keyword.BuiltinKeywords.callTestCase(BuiltinKeywords.groovy:334)
	at OTC_Submit Form 7_End to End - Cheque.run(OTC_Submit Form 7_End to End - Cheque:26)
	at com.kms.katalon.core.main.ScriptEngine.run(ScriptEngine.java:194)
	at com.kms.katalon.core.main.ScriptEngine.runScriptAsRawText(ScriptEngine.java:119)
	at com.kms.katalon.core.main.TestCaseExecutor.runScript(TestCaseExecutor.java:328)
	at com.kms.katalon.core.main.TestCaseExecutor.doExecute(TestCaseExecutor.java:319)
	at com.kms.katalon.core.main.TestCaseExecutor.processExecutionPhase(TestCaseExecutor.java:298)
	at com.kms.katalon.core.main.TestCaseExecutor.accessMainPhase(TestCaseExecutor.java:290)
	at com.kms.katalon.core.main.TestCaseExecutor.execute(TestCaseExecutor.java:224)
	at com.kms.katalon.core.main.TestCaseMain.runTestCase(TestCaseMain.java:106)
	at com.kms.katalon.core.keyword.builtin.CallTestCaseKeyword$_callTestCase_closure1.doCall(CallTestCaseKeyword.groovy:59)
	at com.kms.katalon.core.keyword.builtin.CallTestCaseKeyword$_callTestCase_closure1.call(CallTestCaseKeyword.groovy)
	at com.kms.katalon.core.keyword.internal.KeywordMain.runKeyword(KeywordMain.groovy:54)
	at com.kms.katalon.core.keyword.builtin.CallTestCaseKeyword.callTestCase(CallTestCaseKeyword.groovy:80)
	at com.kms.katalon.core.keyword.builtin.CallTestCaseKeyword.execute(CallTestCaseKeyword.groovy:44)
	at com.kms.katalon.core.keyword.internal.KeywordExecutor.executeKeywordForPlatform(KeywordExecutor.groovy:53)
	at com.kms.katalon.core.keyword.BuiltinKeywords.callTestCase(BuiltinKeywords.groovy:334)
	at Reject Application - RIA.run(Reject Application - RIA:16)
	at com.kms.katalon.core.main.ScriptEngine.run(ScriptEngine.java:194)
	at com.kms.katalon.core.main.ScriptEngine.runScriptAsRawText(ScriptEngine.java:119)
	at com.kms.katalon.core.main.TestCaseExecutor.runScript(TestCaseExecutor.java:328)
	at com.kms.katalon.core.main.TestCaseExecutor.doExecute(TestCaseExecutor.java:319)
	at com.kms.katalon.core.main.TestCaseExecutor.processExecutionPhase(TestCaseExecutor.java:298)
	at com.kms.katalon.core.main.TestCaseExecutor.accessMainPhase(TestCaseExecutor.java:290)
	at com.kms.katalon.core.main.TestCaseExecutor.execute(TestCaseExecutor.java:224)
	at com.kms.katalon.core.main.TestSuiteExecutor.accessTestCaseMainPhase(TestSuiteExecutor.java:129)
	at com.kms.katalon.core.main.TestSuiteExecutor.accessTestSuiteMainPhase(TestSuiteExecutor.java:112)
	at com.kms.katalon.core.main.TestSuiteExecutor.execute(TestSuiteExecutor.java:81)
	at com.kms.katalon.core.main.TestCaseMain.startTestSuite(TestCaseMain.java:149)
	at com.kms.katalon.core.main.TestCaseMain$startTestSuite$0.call(Unknown Source)
	at TempTestSuite1550652525208.run(TempTestSuite1550652525208.groovy:36)]]></system-out>
         <system-err><![CDATA[2019-02-20 17:38:36 - [TEST_CASE][FAILED] - Test Cases/All TC/Arranged/0. Full Flow/Reject Application - RIA: Test Cases/All TC/Arranged/0. Full Flow/Reject Application - RIA FAILED.
Reason:
com.kms.katalon.core.exception.StepFailedException: Unable to click on object 'Object Repository/KeatMun/Form 7_default/OTC_Submit Form 7_Section F-G-H/Page_PERKESO/G2. span_Isteri' (Root cause: com.kms.katalon.core.webui.exception.WebElementNotFoundException: Web element with id: 'Object Repository/KeatMun/Form 7_default/OTC_Submit Form 7_Section F-G-H/Page_PERKESO/G2. span_Isteri' located by 'By.xpath: //span[@id = 'select2-dependentList0dependentRelationId-container' and @title = 'Isteri' and (text() = 'Isteri' or . = 'Isteri')]' not found)
	at com.kms.katalon.core.keyword.internal.KeywordMain.stepFailed(KeywordMain.groovy:36)
	at com.kms.katalon.core.webui.keyword.internal.WebUIKeywordMain.stepFailed(WebUIKeywordMain.groovy:65)
	at com.kms.katalon.core.webui.keyword.internal.WebUIKeywordMain.runKeyword(WebUIKeywordMain.groovy:27)
	at com.kms.katalon.core.webui.keyword.builtin.ClickKeyword.click(ClickKeyword.groovy:86)
	at com.kms.katalon.core.webui.keyword.builtin.ClickKeyword.execute(ClickKeyword.groovy:67)
	at com.kms.katalon.core.keyword.internal.KeywordExecutor.executeKeywordForPlatform(KeywordExecutor.groovy:53)
	at com.kms.katalon.core.webui.keyword.WebUiBuiltInKeywords.click(WebUiBuiltInKeywords.groovy:616)
	at com.kms.katalon.core.webui.keyword.WebUiBuiltInKeywords$click$3.call(Unknown Source)
	at OTC_Submit Form 7_Section F-G-H - Cheque.run(OTC_Submit Form 7_Section F-G-H - Cheque:41)
	at com.kms.katalon.core.main.ScriptEngine.run(ScriptEngine.java:194)
	at com.kms.katalon.core.main.ScriptEngine.runScriptAsRawText(ScriptEngine.java:119)
	at com.kms.katalon.core.main.TestCaseExecutor.runScript(TestCaseExecutor.java:328)
	at com.kms.katalon.core.main.TestCaseExecutor.doExecute(TestCaseExecutor.java:319)
	at com.kms.katalon.core.main.TestCaseExecutor.processExecutionPhase(TestCaseExecutor.java:298)
	at com.kms.katalon.core.main.TestCaseExecutor.accessMainPhase(TestCaseExecutor.java:290)
	at com.kms.katalon.core.main.TestCaseExecutor.execute(TestCaseExecutor.java:224)
	at com.kms.katalon.core.main.TestCaseMain.runTestCase(TestCaseMain.java:106)
	at com.kms.katalon.core.keyword.builtin.CallTestCaseKeyword$_callTestCase_closure1.doCall(CallTestCaseKeyword.groovy:59)
	at com.kms.katalon.core.keyword.builtin.CallTestCaseKeyword$_callTestCase_closure1.call(CallTestCaseKeyword.groovy)
	at com.kms.katalon.core.keyword.internal.KeywordMain.runKeyword(KeywordMain.groovy:54)
	at com.kms.katalon.core.keyword.builtin.CallTestCaseKeyword.callTestCase(CallTestCaseKeyword.groovy:80)
	at com.kms.katalon.core.keyword.builtin.CallTestCaseKeyword.execute(CallTestCaseKeyword.groovy:44)
	at com.kms.katalon.core.keyword.internal.KeywordExecutor.executeKeywordForPlatform(KeywordExecutor.groovy:53)
	at com.kms.katalon.core.keyword.BuiltinKeywords.callTestCase(BuiltinKeywords.groovy:334)
	at OTC_Submit Form 7_End to End - Cheque.run(OTC_Submit Form 7_End to End - Cheque:26)
	at com.kms.katalon.core.main.ScriptEngine.run(ScriptEngine.java:194)
	at com.kms.katalon.core.main.ScriptEngine.runScriptAsRawText(ScriptEngine.java:119)
	at com.kms.katalon.core.main.TestCaseExecutor.runScript(TestCaseExecutor.java:328)
	at com.kms.katalon.core.main.TestCaseExecutor.doExecute(TestCaseExecutor.java:319)
	at com.kms.katalon.core.main.TestCaseExecutor.processExecutionPhase(TestCaseExecutor.java:298)
	at com.kms.katalon.core.main.TestCaseExecutor.accessMainPhase(TestCaseExecutor.java:290)
	at com.kms.katalon.core.main.TestCaseExecutor.execute(TestCaseExecutor.java:224)
	at com.kms.katalon.core.main.TestCaseMain.runTestCase(TestCaseMain.java:106)
	at com.kms.katalon.core.keyword.builtin.CallTestCaseKeyword$_callTestCase_closure1.doCall(CallTestCaseKeyword.groovy:59)
	at com.kms.katalon.core.keyword.builtin.CallTestCaseKeyword$_callTestCase_closure1.call(CallTestCaseKeyword.groovy)
	at com.kms.katalon.core.keyword.internal.KeywordMain.runKeyword(KeywordMain.groovy:54)
	at com.kms.katalon.core.keyword.builtin.CallTestCaseKeyword.callTestCase(CallTestCaseKeyword.groovy:80)
	at com.kms.katalon.core.keyword.builtin.CallTestCaseKeyword.execute(CallTestCaseKeyword.groovy:44)
	at com.kms.katalon.core.keyword.internal.KeywordExecutor.executeKeywordForPlatform(KeywordExecutor.groovy:53)
	at com.kms.katalon.core.keyword.BuiltinKeywords.callTestCase(BuiltinKeywords.groovy:334)
	at Reject Application - RIA.run(Reject Application - RIA:16)
	at com.kms.katalon.core.main.ScriptEngine.run(ScriptEngine.java:194)
	at com.kms.katalon.core.main.ScriptEngine.runScriptAsRawText(ScriptEngine.java:119)
	at com.kms.katalon.core.main.TestCaseExecutor.runScript(TestCaseExecutor.java:328)
	at com.kms.katalon.core.main.TestCaseExecutor.doExecute(TestCaseExecutor.java:319)
	at com.kms.katalon.core.main.TestCaseExecutor.processExecutionPhase(TestCaseExecutor.java:298)
	at com.kms.katalon.core.main.TestCaseExecutor.accessMainPhase(TestCaseExecutor.java:290)
	at com.kms.katalon.core.main.TestCaseExecutor.execute(TestCaseExecutor.java:224)
	at com.kms.katalon.core.main.TestSuiteExecutor.accessTestCaseMainPhase(TestSuiteExecutor.java:129)
	at com.kms.katalon.core.main.TestSuiteExecutor.accessTestSuiteMainPhase(TestSuiteExecutor.java:112)
	at com.kms.katalon.core.main.TestSuiteExecutor.execute(TestSuiteExecutor.java:81)
	at com.kms.katalon.core.main.TestCaseMain.startTestSuite(TestCaseMain.java:149)
	at com.kms.katalon.core.main.TestCaseMain$startTestSuite$0.call(Unknown Source)
	at TempTestSuite1550652525208.run(TempTestSuite1550652525208.groovy:36)]]></system-err>
      </testcase>
      <testcase name="Test Cases/All TC/Arranged/0. Full Flow/Reject Application - JSA" classname="Test Cases/All TC/Arranged/0. Full Flow/Reject Application - JSA" status="FAILED">
         <failure type="FAILED" message="Test Cases/All TC/Arranged/0. Full Flow/Reject Application - JSA FAILED.
Reason:
com.kms.katalon.core.exception.StepFailedException: Unable to click on object 'Object Repository/KeatMun/Form 7_default/OTC_Submit Form 7_Section F-G-H/Page_PERKESO/G2. span_Isteri' (Root cause: com.kms.katalon.core.webui.exception.WebElementNotFoundException: Web element with id: 'Object Repository/KeatMun/Form 7_default/OTC_Submit Form 7_Section F-G-H/Page_PERKESO/G2. span_Isteri' located by 'By.xpath: //span[@id = 'select2-dependentList0dependentRelationId-container' and @title = 'Isteri' and (text() = 'Isteri' or . = 'Isteri')]' not found)
	at com.kms.katalon.core.keyword.internal.KeywordMain.stepFailed(KeywordMain.groovy:36)
	at com.kms.katalon.core.webui.keyword.internal.WebUIKeywordMain.stepFailed(WebUIKeywordMain.groovy:65)
	at com.kms.katalon.core.webui.keyword.internal.WebUIKeywordMain.runKeyword(WebUIKeywordMain.groovy:27)
	at com.kms.katalon.core.webui.keyword.builtin.ClickKeyword.click(ClickKeyword.groovy:86)
	at com.kms.katalon.core.webui.keyword.builtin.ClickKeyword.execute(ClickKeyword.groovy:67)
	at com.kms.katalon.core.keyword.internal.KeywordExecutor.executeKeywordForPlatform(KeywordExecutor.groovy:53)
	at com.kms.katalon.core.webui.keyword.WebUiBuiltInKeywords.click(WebUiBuiltInKeywords.groovy:616)
	at com.kms.katalon.core.webui.keyword.WebUiBuiltInKeywords$click$3.call(Unknown Source)
	at OTC_Submit Form 7_Section F-G-H - Cheque.run(OTC_Submit Form 7_Section F-G-H - Cheque:41)
	at com.kms.katalon.core.main.ScriptEngine.run(ScriptEngine.java:194)
	at com.kms.katalon.core.main.ScriptEngine.runScriptAsRawText(ScriptEngine.java:119)
	at com.kms.katalon.core.main.TestCaseExecutor.runScript(TestCaseExecutor.java:328)
	at com.kms.katalon.core.main.TestCaseExecutor.doExecute(TestCaseExecutor.java:319)
	at com.kms.katalon.core.main.TestCaseExecutor.processExecutionPhase(TestCaseExecutor.java:298)
	at com.kms.katalon.core.main.TestCaseExecutor.accessMainPhase(TestCaseExecutor.java:290)
	at com.kms.katalon.core.main.TestCaseExecutor.execute(TestCaseExecutor.java:224)
	at com.kms.katalon.core.main.TestCaseMain.runTestCase(TestCaseMain.java:106)
	at com.kms.katalon.core.keyword.builtin.CallTestCaseKeyword$_callTestCase_closure1.doCall(CallTestCaseKeyword.groovy:59)
	at com.kms.katalon.core.keyword.builtin.CallTestCaseKeyword$_callTestCase_closure1.call(CallTestCaseKeyword.groovy)
	at com.kms.katalon.core.keyword.internal.KeywordMain.runKeyword(KeywordMain.groovy:54)
	at com.kms.katalon.core.keyword.builtin.CallTestCaseKeyword.callTestCase(CallTestCaseKeyword.groovy:80)
	at com.kms.katalon.core.keyword.builtin.CallTestCaseKeyword.execute(CallTestCaseKeyword.groovy:44)
	at com.kms.katalon.core.keyword.internal.KeywordExecutor.executeKeywordForPlatform(KeywordExecutor.groovy:53)
	at com.kms.katalon.core.keyword.BuiltinKeywords.callTestCase(BuiltinKeywords.groovy:334)
	at OTC_Submit Form 7_End to End - Cheque.run(OTC_Submit Form 7_End to End - Cheque:26)
	at com.kms.katalon.core.main.ScriptEngine.run(ScriptEngine.java:194)
	at com.kms.katalon.core.main.ScriptEngine.runScriptAsRawText(ScriptEngine.java:119)
	at com.kms.katalon.core.main.TestCaseExecutor.runScript(TestCaseExecutor.java:328)
	at com.kms.katalon.core.main.TestCaseExecutor.doExecute(TestCaseExecutor.java:319)
	at com.kms.katalon.core.main.TestCaseExecutor.processExecutionPhase(TestCaseExecutor.java:298)
	at com.kms.katalon.core.main.TestCaseExecutor.accessMainPhase(TestCaseExecutor.java:290)
	at com.kms.katalon.core.main.TestCaseExecutor.execute(TestCaseExecutor.java:224)
	at com.kms.katalon.core.main.TestCaseMain.runTestCase(TestCaseMain.java:106)
	at com.kms.katalon.core.keyword.builtin.CallTestCaseKeyword$_callTestCase_closure1.doCall(CallTestCaseKeyword.groovy:59)
	at com.kms.katalon.core.keyword.builtin.CallTestCaseKeyword$_callTestCase_closure1.call(CallTestCaseKeyword.groovy)
	at com.kms.katalon.core.keyword.internal.KeywordMain.runKeyword(KeywordMain.groovy:54)
	at com.kms.katalon.core.keyword.builtin.CallTestCaseKeyword.callTestCase(CallTestCaseKeyword.groovy:80)
	at com.kms.katalon.core.keyword.builtin.CallTestCaseKeyword.execute(CallTestCaseKeyword.groovy:44)
	at com.kms.katalon.core.keyword.internal.KeywordExecutor.executeKeywordForPlatform(KeywordExecutor.groovy:53)
	at com.kms.katalon.core.keyword.BuiltinKeywords.callTestCase(BuiltinKeywords.groovy:334)
	at Reject Application - JSA.run(Reject Application - JSA:16)
	at com.kms.katalon.core.main.ScriptEngine.run(ScriptEngine.java:194)
	at com.kms.katalon.core.main.ScriptEngine.runScriptAsRawText(ScriptEngine.java:119)
	at com.kms.katalon.core.main.TestCaseExecutor.runScript(TestCaseExecutor.java:328)
	at com.kms.katalon.core.main.TestCaseExecutor.doExecute(TestCaseExecutor.java:319)
	at com.kms.katalon.core.main.TestCaseExecutor.processExecutionPhase(TestCaseExecutor.java:298)
	at com.kms.katalon.core.main.TestCaseExecutor.accessMainPhase(TestCaseExecutor.java:290)
	at com.kms.katalon.core.main.TestCaseExecutor.execute(TestCaseExecutor.java:224)
	at com.kms.katalon.core.main.TestSuiteExecutor.accessTestCaseMainPhase(TestSuiteExecutor.java:129)
	at com.kms.katalon.core.main.TestSuiteExecutor.accessTestSuiteMainPhase(TestSuiteExecutor.java:112)
	at com.kms.katalon.core.main.TestSuiteExecutor.execute(TestSuiteExecutor.java:81)
	at com.kms.katalon.core.main.TestCaseMain.startTestSuite(TestCaseMain.java:149)
	at com.kms.katalon.core.main.TestCaseMain$startTestSuite$0.call(Unknown Source)
	at TempTestSuite1550652525208.run(TempTestSuite1550652525208.groovy:36)
"/>
         <system-out><![CDATA[2019-02-20 17:48:23 - [TEST_CASE][FAILED] - Test Cases/All TC/Arranged/0. Full Flow/Reject Application - JSA: Test Cases/All TC/Arranged/0. Full Flow/Reject Application - JSA FAILED.
Reason:
com.kms.katalon.core.exception.StepFailedException: Unable to click on object 'Object Repository/KeatMun/Form 7_default/OTC_Submit Form 7_Section F-G-H/Page_PERKESO/G2. span_Isteri' (Root cause: com.kms.katalon.core.webui.exception.WebElementNotFoundException: Web element with id: 'Object Repository/KeatMun/Form 7_default/OTC_Submit Form 7_Section F-G-H/Page_PERKESO/G2. span_Isteri' located by 'By.xpath: //span[@id = 'select2-dependentList0dependentRelationId-container' and @title = 'Isteri' and (text() = 'Isteri' or . = 'Isteri')]' not found)
	at com.kms.katalon.core.keyword.internal.KeywordMain.stepFailed(KeywordMain.groovy:36)
	at com.kms.katalon.core.webui.keyword.internal.WebUIKeywordMain.stepFailed(WebUIKeywordMain.groovy:65)
	at com.kms.katalon.core.webui.keyword.internal.WebUIKeywordMain.runKeyword(WebUIKeywordMain.groovy:27)
	at com.kms.katalon.core.webui.keyword.builtin.ClickKeyword.click(ClickKeyword.groovy:86)
	at com.kms.katalon.core.webui.keyword.builtin.ClickKeyword.execute(ClickKeyword.groovy:67)
	at com.kms.katalon.core.keyword.internal.KeywordExecutor.executeKeywordForPlatform(KeywordExecutor.groovy:53)
	at com.kms.katalon.core.webui.keyword.WebUiBuiltInKeywords.click(WebUiBuiltInKeywords.groovy:616)
	at com.kms.katalon.core.webui.keyword.WebUiBuiltInKeywords$click$3.call(Unknown Source)
	at OTC_Submit Form 7_Section F-G-H - Cheque.run(OTC_Submit Form 7_Section F-G-H - Cheque:41)
	at com.kms.katalon.core.main.ScriptEngine.run(ScriptEngine.java:194)
	at com.kms.katalon.core.main.ScriptEngine.runScriptAsRawText(ScriptEngine.java:119)
	at com.kms.katalon.core.main.TestCaseExecutor.runScript(TestCaseExecutor.java:328)
	at com.kms.katalon.core.main.TestCaseExecutor.doExecute(TestCaseExecutor.java:319)
	at com.kms.katalon.core.main.TestCaseExecutor.processExecutionPhase(TestCaseExecutor.java:298)
	at com.kms.katalon.core.main.TestCaseExecutor.accessMainPhase(TestCaseExecutor.java:290)
	at com.kms.katalon.core.main.TestCaseExecutor.execute(TestCaseExecutor.java:224)
	at com.kms.katalon.core.main.TestCaseMain.runTestCase(TestCaseMain.java:106)
	at com.kms.katalon.core.keyword.builtin.CallTestCaseKeyword$_callTestCase_closure1.doCall(CallTestCaseKeyword.groovy:59)
	at com.kms.katalon.core.keyword.builtin.CallTestCaseKeyword$_callTestCase_closure1.call(CallTestCaseKeyword.groovy)
	at com.kms.katalon.core.keyword.internal.KeywordMain.runKeyword(KeywordMain.groovy:54)
	at com.kms.katalon.core.keyword.builtin.CallTestCaseKeyword.callTestCase(CallTestCaseKeyword.groovy:80)
	at com.kms.katalon.core.keyword.builtin.CallTestCaseKeyword.execute(CallTestCaseKeyword.groovy:44)
	at com.kms.katalon.core.keyword.internal.KeywordExecutor.executeKeywordForPlatform(KeywordExecutor.groovy:53)
	at com.kms.katalon.core.keyword.BuiltinKeywords.callTestCase(BuiltinKeywords.groovy:334)
	at OTC_Submit Form 7_End to End - Cheque.run(OTC_Submit Form 7_End to End - Cheque:26)
	at com.kms.katalon.core.main.ScriptEngine.run(ScriptEngine.java:194)
	at com.kms.katalon.core.main.ScriptEngine.runScriptAsRawText(ScriptEngine.java:119)
	at com.kms.katalon.core.main.TestCaseExecutor.runScript(TestCaseExecutor.java:328)
	at com.kms.katalon.core.main.TestCaseExecutor.doExecute(TestCaseExecutor.java:319)
	at com.kms.katalon.core.main.TestCaseExecutor.processExecutionPhase(TestCaseExecutor.java:298)
	at com.kms.katalon.core.main.TestCaseExecutor.accessMainPhase(TestCaseExecutor.java:290)
	at com.kms.katalon.core.main.TestCaseExecutor.execute(TestCaseExecutor.java:224)
	at com.kms.katalon.core.main.TestCaseMain.runTestCase(TestCaseMain.java:106)
	at com.kms.katalon.core.keyword.builtin.CallTestCaseKeyword$_callTestCase_closure1.doCall(CallTestCaseKeyword.groovy:59)
	at com.kms.katalon.core.keyword.builtin.CallTestCaseKeyword$_callTestCase_closure1.call(CallTestCaseKeyword.groovy)
	at com.kms.katalon.core.keyword.internal.KeywordMain.runKeyword(KeywordMain.groovy:54)
	at com.kms.katalon.core.keyword.builtin.CallTestCaseKeyword.callTestCase(CallTestCaseKeyword.groovy:80)
	at com.kms.katalon.core.keyword.builtin.CallTestCaseKeyword.execute(CallTestCaseKeyword.groovy:44)
	at com.kms.katalon.core.keyword.internal.KeywordExecutor.executeKeywordForPlatform(KeywordExecutor.groovy:53)
	at com.kms.katalon.core.keyword.BuiltinKeywords.callTestCase(BuiltinKeywords.groovy:334)
	at Reject Application - JSA.run(Reject Application - JSA:16)
	at com.kms.katalon.core.main.ScriptEngine.run(ScriptEngine.java:194)
	at com.kms.katalon.core.main.ScriptEngine.runScriptAsRawText(ScriptEngine.java:119)
	at com.kms.katalon.core.main.TestCaseExecutor.runScript(TestCaseExecutor.java:328)
	at com.kms.katalon.core.main.TestCaseExecutor.doExecute(TestCaseExecutor.java:319)
	at com.kms.katalon.core.main.TestCaseExecutor.processExecutionPhase(TestCaseExecutor.java:298)
	at com.kms.katalon.core.main.TestCaseExecutor.accessMainPhase(TestCaseExecutor.java:290)
	at com.kms.katalon.core.main.TestCaseExecutor.execute(TestCaseExecutor.java:224)
	at com.kms.katalon.core.main.TestSuiteExecutor.accessTestCaseMainPhase(TestSuiteExecutor.java:129)
	at com.kms.katalon.core.main.TestSuiteExecutor.accessTestSuiteMainPhase(TestSuiteExecutor.java:112)
	at com.kms.katalon.core.main.TestSuiteExecutor.execute(TestSuiteExecutor.java:81)
	at com.kms.katalon.core.main.TestCaseMain.startTestSuite(TestCaseMain.java:149)
	at com.kms.katalon.core.main.TestCaseMain$startTestSuite$0.call(Unknown Source)
	at TempTestSuite1550652525208.run(TempTestSuite1550652525208.groovy:36)


2019-02-20 17:48:24 - [TEST_STEP][FAILED] - callTestCase(findTestCase("All TC/Arranged/2. Segment/OTC_Submit Form 7_End to End - Cheque"), [:], STOP_ON_FAILURE): callTestCase(findTestCase("All TC/Arranged/2. Segment/OTC_Submit Form 7_End to End - Cheque"), [:], STOP_ON_FAILURE) FAILED.
Reason:
com.kms.katalon.core.exception.StepFailedException: Unable to click on object 'Object Repository/KeatMun/Form 7_default/OTC_Submit Form 7_Section F-G-H/Page_PERKESO/G2. span_Isteri' (Root cause: com.kms.katalon.core.webui.exception.WebElementNotFoundException: Web element with id: 'Object Repository/KeatMun/Form 7_default/OTC_Submit Form 7_Section F-G-H/Page_PERKESO/G2. span_Isteri' located by 'By.xpath: //span[@id = 'select2-dependentList0dependentRelationId-container' and @title = 'Isteri' and (text() = 'Isteri' or . = 'Isteri')]' not found)
	at com.kms.katalon.core.keyword.internal.KeywordMain.stepFailed(KeywordMain.groovy:36)
	at com.kms.katalon.core.webui.keyword.internal.WebUIKeywordMain.stepFailed(WebUIKeywordMain.groovy:65)
	at com.kms.katalon.core.webui.keyword.internal.WebUIKeywordMain.runKeyword(WebUIKeywordMain.groovy:27)
	at com.kms.katalon.core.webui.keyword.builtin.ClickKeyword.click(ClickKeyword.groovy:86)
	at com.kms.katalon.core.webui.keyword.builtin.ClickKeyword.execute(ClickKeyword.groovy:67)
	at com.kms.katalon.core.keyword.internal.KeywordExecutor.executeKeywordForPlatform(KeywordExecutor.groovy:53)
	at com.kms.katalon.core.webui.keyword.WebUiBuiltInKeywords.click(WebUiBuiltInKeywords.groovy:616)
	at com.kms.katalon.core.webui.keyword.WebUiBuiltInKeywords$click$3.call(Unknown Source)
	at OTC_Submit Form 7_Section F-G-H - Cheque.run(OTC_Submit Form 7_Section F-G-H - Cheque:41)
	at com.kms.katalon.core.main.ScriptEngine.run(ScriptEngine.java:194)
	at com.kms.katalon.core.main.ScriptEngine.runScriptAsRawText(ScriptEngine.java:119)
	at com.kms.katalon.core.main.TestCaseExecutor.runScript(TestCaseExecutor.java:328)
	at com.kms.katalon.core.main.TestCaseExecutor.doExecute(TestCaseExecutor.java:319)
	at com.kms.katalon.core.main.TestCaseExecutor.processExecutionPhase(TestCaseExecutor.java:298)
	at com.kms.katalon.core.main.TestCaseExecutor.accessMainPhase(TestCaseExecutor.java:290)
	at com.kms.katalon.core.main.TestCaseExecutor.execute(TestCaseExecutor.java:224)
	at com.kms.katalon.core.main.TestCaseMain.runTestCase(TestCaseMain.java:106)
	at com.kms.katalon.core.keyword.builtin.CallTestCaseKeyword$_callTestCase_closure1.doCall(CallTestCaseKeyword.groovy:59)
	at com.kms.katalon.core.keyword.builtin.CallTestCaseKeyword$_callTestCase_closure1.call(CallTestCaseKeyword.groovy)
	at com.kms.katalon.core.keyword.internal.KeywordMain.runKeyword(KeywordMain.groovy:54)
	at com.kms.katalon.core.keyword.builtin.CallTestCaseKeyword.callTestCase(CallTestCaseKeyword.groovy:80)
	at com.kms.katalon.core.keyword.builtin.CallTestCaseKeyword.execute(CallTestCaseKeyword.groovy:44)
	at com.kms.katalon.core.keyword.internal.KeywordExecutor.executeKeywordForPlatform(KeywordExecutor.groovy:53)
	at com.kms.katalon.core.keyword.BuiltinKeywords.callTestCase(BuiltinKeywords.groovy:334)
	at OTC_Submit Form 7_End to End - Cheque.run(OTC_Submit Form 7_End to End - Cheque:26)
	at com.kms.katalon.core.main.ScriptEngine.run(ScriptEngine.java:194)
	at com.kms.katalon.core.main.ScriptEngine.runScriptAsRawText(ScriptEngine.java:119)
	at com.kms.katalon.core.main.TestCaseExecutor.runScript(TestCaseExecutor.java:328)
	at com.kms.katalon.core.main.TestCaseExecutor.doExecute(TestCaseExecutor.java:319)
	at com.kms.katalon.core.main.TestCaseExecutor.processExecutionPhase(TestCaseExecutor.java:298)
	at com.kms.katalon.core.main.TestCaseExecutor.accessMainPhase(TestCaseExecutor.java:290)
	at com.kms.katalon.core.main.TestCaseExecutor.execute(TestCaseExecutor.java:224)
	at com.kms.katalon.core.main.TestCaseMain.runTestCase(TestCaseMain.java:106)
	at com.kms.katalon.core.keyword.builtin.CallTestCaseKeyword$_callTestCase_closure1.doCall(CallTestCaseKeyword.groovy:59)
	at com.kms.katalon.core.keyword.builtin.CallTestCaseKeyword$_callTestCase_closure1.call(CallTestCaseKeyword.groovy)
	at com.kms.katalon.core.keyword.internal.KeywordMain.runKeyword(KeywordMain.groovy:54)
	at com.kms.katalon.core.keyword.builtin.CallTestCaseKeyword.callTestCase(CallTestCaseKeyword.groovy:80)
	at com.kms.katalon.core.keyword.builtin.CallTestCaseKeyword.execute(CallTestCaseKeyword.groovy:44)
	at com.kms.katalon.core.keyword.internal.KeywordExecutor.executeKeywordForPlatform(KeywordExecutor.groovy:53)
	at com.kms.katalon.core.keyword.BuiltinKeywords.callTestCase(BuiltinKeywords.groovy:334)
	at Reject Application - JSA.run(Reject Application - JSA:16)
	at com.kms.katalon.core.main.ScriptEngine.run(ScriptEngine.java:194)
	at com.kms.katalon.core.main.ScriptEngine.runScriptAsRawText(ScriptEngine.java:119)
	at com.kms.katalon.core.main.TestCaseExecutor.runScript(TestCaseExecutor.java:328)
	at com.kms.katalon.core.main.TestCaseExecutor.doExecute(TestCaseExecutor.java:319)
	at com.kms.katalon.core.main.TestCaseExecutor.processExecutionPhase(TestCaseExecutor.java:298)
	at com.kms.katalon.core.main.TestCaseExecutor.accessMainPhase(TestCaseExecutor.java:290)
	at com.kms.katalon.core.main.TestCaseExecutor.execute(TestCaseExecutor.java:224)
	at com.kms.katalon.core.main.TestSuiteExecutor.accessTestCaseMainPhase(TestSuiteExecutor.java:129)
	at com.kms.katalon.core.main.TestSuiteExecutor.accessTestSuiteMainPhase(TestSuiteExecutor.java:112)
	at com.kms.katalon.core.main.TestSuiteExecutor.execute(TestSuiteExecutor.java:81)
	at com.kms.katalon.core.main.TestCaseMain.startTestSuite(TestCaseMain.java:149)
	at com.kms.katalon.core.main.TestCaseMain$startTestSuite$0.call(Unknown Source)
	at TempTestSuite1550652525208.run(TempTestSuite1550652525208.groovy:36)


2019-02-20 17:48:24 - [TEST_CASE][FAILED] - Test Cases/All TC/Arranged/2. Segment/OTC_Submit Form 7_End to End - Cheque: Test Cases/All TC/Arranged/2. Segment/OTC_Submit Form 7_End to End - Cheque FAILED.
Reason:
com.kms.katalon.core.exception.StepFailedException: Unable to click on object 'Object Repository/KeatMun/Form 7_default/OTC_Submit Form 7_Section F-G-H/Page_PERKESO/G2. span_Isteri' (Root cause: com.kms.katalon.core.webui.exception.WebElementNotFoundException: Web element with id: 'Object Repository/KeatMun/Form 7_default/OTC_Submit Form 7_Section F-G-H/Page_PERKESO/G2. span_Isteri' located by 'By.xpath: //span[@id = 'select2-dependentList0dependentRelationId-container' and @title = 'Isteri' and (text() = 'Isteri' or . = 'Isteri')]' not found)
	at com.kms.katalon.core.keyword.internal.KeywordMain.stepFailed(KeywordMain.groovy:36)
	at com.kms.katalon.core.webui.keyword.internal.WebUIKeywordMain.stepFailed(WebUIKeywordMain.groovy:65)
	at com.kms.katalon.core.webui.keyword.internal.WebUIKeywordMain.runKeyword(WebUIKeywordMain.groovy:27)
	at com.kms.katalon.core.webui.keyword.builtin.ClickKeyword.click(ClickKeyword.groovy:86)
	at com.kms.katalon.core.webui.keyword.builtin.ClickKeyword.execute(ClickKeyword.groovy:67)
	at com.kms.katalon.core.keyword.internal.KeywordExecutor.executeKeywordForPlatform(KeywordExecutor.groovy:53)
	at com.kms.katalon.core.webui.keyword.WebUiBuiltInKeywords.click(WebUiBuiltInKeywords.groovy:616)
	at com.kms.katalon.core.webui.keyword.WebUiBuiltInKeywords$click$3.call(Unknown Source)
	at OTC_Submit Form 7_Section F-G-H - Cheque.run(OTC_Submit Form 7_Section F-G-H - Cheque:41)
	at com.kms.katalon.core.main.ScriptEngine.run(ScriptEngine.java:194)
	at com.kms.katalon.core.main.ScriptEngine.runScriptAsRawText(ScriptEngine.java:119)
	at com.kms.katalon.core.main.TestCaseExecutor.runScript(TestCaseExecutor.java:328)
	at com.kms.katalon.core.main.TestCaseExecutor.doExecute(TestCaseExecutor.java:319)
	at com.kms.katalon.core.main.TestCaseExecutor.processExecutionPhase(TestCaseExecutor.java:298)
	at com.kms.katalon.core.main.TestCaseExecutor.accessMainPhase(TestCaseExecutor.java:290)
	at com.kms.katalon.core.main.TestCaseExecutor.execute(TestCaseExecutor.java:224)
	at com.kms.katalon.core.main.TestCaseMain.runTestCase(TestCaseMain.java:106)
	at com.kms.katalon.core.keyword.builtin.CallTestCaseKeyword$_callTestCase_closure1.doCall(CallTestCaseKeyword.groovy:59)
	at com.kms.katalon.core.keyword.builtin.CallTestCaseKeyword$_callTestCase_closure1.call(CallTestCaseKeyword.groovy)
	at com.kms.katalon.core.keyword.internal.KeywordMain.runKeyword(KeywordMain.groovy:54)
	at com.kms.katalon.core.keyword.builtin.CallTestCaseKeyword.callTestCase(CallTestCaseKeyword.groovy:80)
	at com.kms.katalon.core.keyword.builtin.CallTestCaseKeyword.execute(CallTestCaseKeyword.groovy:44)
	at com.kms.katalon.core.keyword.internal.KeywordExecutor.executeKeywordForPlatform(KeywordExecutor.groovy:53)
	at com.kms.katalon.core.keyword.BuiltinKeywords.callTestCase(BuiltinKeywords.groovy:334)
	at OTC_Submit Form 7_End to End - Cheque.run(OTC_Submit Form 7_End to End - Cheque:26)
	at com.kms.katalon.core.main.ScriptEngine.run(ScriptEngine.java:194)
	at com.kms.katalon.core.main.ScriptEngine.runScriptAsRawText(ScriptEngine.java:119)
	at com.kms.katalon.core.main.TestCaseExecutor.runScript(TestCaseExecutor.java:328)
	at com.kms.katalon.core.main.TestCaseExecutor.doExecute(TestCaseExecutor.java:319)
	at com.kms.katalon.core.main.TestCaseExecutor.processExecutionPhase(TestCaseExecutor.java:298)
	at com.kms.katalon.core.main.TestCaseExecutor.accessMainPhase(TestCaseExecutor.java:290)
	at com.kms.katalon.core.main.TestCaseExecutor.execute(TestCaseExecutor.java:224)
	at com.kms.katalon.core.main.TestCaseMain.runTestCase(TestCaseMain.java:106)
	at com.kms.katalon.core.keyword.builtin.CallTestCaseKeyword$_callTestCase_closure1.doCall(CallTestCaseKeyword.groovy:59)
	at com.kms.katalon.core.keyword.builtin.CallTestCaseKeyword$_callTestCase_closure1.call(CallTestCaseKeyword.groovy)
	at com.kms.katalon.core.keyword.internal.KeywordMain.runKeyword(KeywordMain.groovy:54)
	at com.kms.katalon.core.keyword.builtin.CallTestCaseKeyword.callTestCase(CallTestCaseKeyword.groovy:80)
	at com.kms.katalon.core.keyword.builtin.CallTestCaseKeyword.execute(CallTestCaseKeyword.groovy:44)
	at com.kms.katalon.core.keyword.internal.KeywordExecutor.executeKeywordForPlatform(KeywordExecutor.groovy:53)
	at com.kms.katalon.core.keyword.BuiltinKeywords.callTestCase(BuiltinKeywords.groovy:334)
	at Reject Application - JSA.run(Reject Application - JSA:16)
	at com.kms.katalon.core.main.ScriptEngine.run(ScriptEngine.java:194)
	at com.kms.katalon.core.main.ScriptEngine.runScriptAsRawText(ScriptEngine.java:119)
	at com.kms.katalon.core.main.TestCaseExecutor.runScript(TestCaseExecutor.java:328)
	at com.kms.katalon.core.main.TestCaseExecutor.doExecute(TestCaseExecutor.java:319)
	at com.kms.katalon.core.main.TestCaseExecutor.processExecutionPhase(TestCaseExecutor.java:298)
	at com.kms.katalon.core.main.TestCaseExecutor.accessMainPhase(TestCaseExecutor.java:290)
	at com.kms.katalon.core.main.TestCaseExecutor.execute(TestCaseExecutor.java:224)
	at com.kms.katalon.core.main.TestSuiteExecutor.accessTestCaseMainPhase(TestSuiteExecutor.java:129)
	at com.kms.katalon.core.main.TestSuiteExecutor.accessTestSuiteMainPhase(TestSuiteExecutor.java:112)
	at com.kms.katalon.core.main.TestSuiteExecutor.execute(TestSuiteExecutor.java:81)
	at com.kms.katalon.core.main.TestCaseMain.startTestSuite(TestCaseMain.java:149)
	at com.kms.katalon.core.main.TestCaseMain$startTestSuite$0.call(Unknown Source)
	at TempTestSuite1550652525208.run(TempTestSuite1550652525208.groovy:36)


2019-02-20 17:48:24 - [TEST_STEP][PASSED] - callTestCase(findTestCase("All TC/Arranged/3. Unit/EI/Form 7_default/OTC_Application_Reg"), [:], STOP_ON_FAILURE): Call Test Case 'Test Cases/All TC/Arranged/3. Unit/EI/Form 7_default/OTC_Application_Reg' successfully

2019-02-20 17:48:24 - [TEST_CASE][PASSED] - Test Cases/All TC/Arranged/3. Unit/EI/Form 7_default/OTC_Application_Reg: Test Cases/All TC/Arranged/3. Unit/EI/Form 7_default/OTC_Application_Reg

2019-02-20 17:48:24 - [TEST_STEP][PASSED] - openBrowser(""): Browser is opened with url: ''

2019-02-20 17:48:24 - [MESSAGE][WARNING] - A browser is already opened. Closing browser and opening a new one

2019-02-20 17:48:25 - [MESSAGE][INFO] - Starting 'Chrome' driver

2019-02-20 17:48:25 - [MESSAGE][INFO] - User set preference: ['args', '[--start-maximized]']

2019-02-20 17:48:30 - [MESSAGE][PASSED] - Browser is opened with url: ''

2019-02-20 17:48:30 - [TEST_STEP][PASSED] - navigateToUrl(Internal_Login): Navigate to 'http://10.20.24.188/eisportal/user/login' successfully

2019-02-20 17:48:31 - [MESSAGE][PASSED] - Navigate to 'http://10.20.24.188/eisportal/user/login' successfully

2019-02-20 17:48:31 - [TEST_STEP][PASSED] - delay(3): Delayed 3 second(s)

2019-02-20 17:48:34 - [MESSAGE][PASSED] - Delayed 3 second(s)

2019-02-20 17:48:34 - [TEST_STEP][PASSED] - setText(findTestObject("KeatMun/Form 7_default/OTC_Application_Reg/Page_PERKESO/1.username"), "faizal.hamid@perkeso.gov.my"): Text 'faizal.hamid@perkeso.gov.my' is set on object 'Object Repository/KeatMun/Form 7_default/OTC_Application_Reg/Page_PERKESO/1.username'

2019-02-20 17:48:39 - [MESSAGE][PASSED] - Text 'faizal.hamid@perkeso.gov.my' is set on object 'Object Repository/KeatMun/Form 7_default/OTC_Application_Reg/Page_PERKESO/1.username'

2019-02-20 17:48:39 - [TEST_STEP][PASSED] - delay(1): Delayed 1 second(s)

2019-02-20 17:48:40 - [MESSAGE][PASSED] - Delayed 1 second(s)

2019-02-20 17:48:40 - [TEST_STEP][PASSED] - setEncryptedText(findTestObject("KeatMun/Form 7_default/OTC_Application_Reg/Page_PERKESO/2.password"), "CQqwFZlbeC8="): Text ****** has been set on object 'Object Repository/KeatMun/Form 7_default/OTC_Application_Reg/Page_PERKESO/2.password'

2019-02-20 17:48:43 - [MESSAGE][PASSED] - Text ****** has been set on object 'Object Repository/KeatMun/Form 7_default/OTC_Application_Reg/Page_PERKESO/2.password'

2019-02-20 17:48:43 - [TEST_STEP][PASSED] - delay(2): Delayed 2 second(s)

2019-02-20 17:48:45 - [MESSAGE][PASSED] - Delayed 2 second(s)

2019-02-20 17:48:45 - [TEST_STEP][PASSED] - click(findTestObject("KeatMun/Form 7_default/OTC_Application_Reg/Page_PERKESO/3.login button")): Object: 'Object Repository/KeatMun/Form 7_default/OTC_Application_Reg/Page_PERKESO/3.login button' is clicked on

2019-02-20 17:48:48 - [MESSAGE][PASSED] - Object: 'Object Repository/KeatMun/Form 7_default/OTC_Application_Reg/Page_PERKESO/3.login button' is clicked on

2019-02-20 17:48:48 - [TEST_STEP][PASSED] - delay(2): Delayed 2 second(s)

2019-02-20 17:48:50 - [MESSAGE][PASSED] - Delayed 2 second(s)

2019-02-20 17:48:50 - [TEST_STEP][PASSED] - click(findTestObject("KeatMun/Form 7_default/OTC_Application_Reg/Page_PERKESO/4. Permohonan tab")): Object: 'Object Repository/KeatMun/Form 7_default/OTC_Application_Reg/Page_PERKESO/4. Permohonan tab' is clicked on

2019-02-20 17:48:53 - [MESSAGE][PASSED] - Object: 'Object Repository/KeatMun/Form 7_default/OTC_Application_Reg/Page_PERKESO/4. Permohonan tab' is clicked on

2019-02-20 17:48:53 - [TEST_STEP][PASSED] - delay(2): Delayed 2 second(s)

2019-02-20 17:48:55 - [MESSAGE][PASSED] - Delayed 2 second(s)

2019-02-20 17:48:55 - [TEST_STEP][PASSED] - click(findTestObject("KeatMun/Form 7_default/OTC_Application_Reg/Page_PERKESO/5.button_Setuju")): Object: 'Object Repository/KeatMun/Form 7_default/OTC_Application_Reg/Page_PERKESO/5.button_Setuju' is clicked on

2019-02-20 17:48:57 - [MESSAGE][PASSED] - Object: 'Object Repository/KeatMun/Form 7_default/OTC_Application_Reg/Page_PERKESO/5.button_Setuju' is clicked on

2019-02-20 17:48:57 - [TEST_STEP][PASSED] - delay(2): Delayed 2 second(s)

2019-02-20 17:48:59 - [MESSAGE][PASSED] - Delayed 2 second(s)

2019-02-20 17:48:59 - [TEST_STEP][PASSED] - callTestCase(findTestCase("All TC/Arranged/1. Common/IC List Checker"), [:], STOP_ON_FAILURE): Call Test Case 'Test Cases/All TC/Arranged/1. Common/IC List Checker' successfully

2019-02-20 17:48:59 - [TEST_CASE][PASSED] - Test Cases/All TC/Arranged/1. Common/IC List Checker: Test Cases/All TC/Arranged/1. Common/IC List Checker

2019-02-20 17:48:59 - [TEST_STEP][PASSED] - counter = 0: null

2019-02-20 17:48:59 - [TEST_STEP][PASSED] - fis = new java.io.FileInputStream((internal.GlobalVariable.TextFilePathCommon + \IC.xlsx)): null

2019-02-20 17:48:59 - [TEST_STEP][PASSED] - workbook = new org.apache.poi.xssf.usermodel.XSSFWorkbook(fis): null

2019-02-20 17:49:00 - [TEST_STEP][PASSED] - sheet = workbook.getSheet("Sheet1"): null

2019-02-20 17:49:00 - [TEST_STEP][PASSED] - totalRow = sheet.getLastRowNum(): null

2019-02-20 17:49:00 - [TEST_STEP][PASSED] - out.println(totalRow): null

2019-02-20 17:49:00 - [TEST_STEP][PASSED] - row = sheet.getRow(counter): null

2019-02-20 17:49:00 - [TEST_STEP][PASSED] - cell = row.getCell(counter): null

2019-02-20 17:49:00 - [TEST_STEP][PASSED] - a = cell.getStringCellValue(): null

2019-02-20 17:49:00 - [TEST_STEP][PASSED] - IC = a: null

2019-02-20 17:49:00 - [TEST_STEP][PASSED] - out.println(IC): null

2019-02-20 17:49:00 - [TEST_STEP][PASSED] - callTestCase(findTestCase("All TC/Arranged/1. Common/1.2 Setter/Setter IC"), [:], STOP_ON_FAILURE): Call Test Case 'Test Cases/All TC/Arranged/1. Common/1.2 Setter/Setter IC' successfully

2019-02-20 17:49:00 - [TEST_CASE][PASSED] - Test Cases/All TC/Arranged/1. Common/1.2 Setter/Setter IC: Test Cases/All TC/Arranged/1. Common/1.2 Setter/Setter IC

2019-02-20 17:49:00 - [TEST_STEP][PASSED] - RefNoOldFile = new java.io.File((internal.GlobalVariable.TextFilePathCommon + \getIC.txt)): null

2019-02-20 17:49:00 - [TEST_STEP][PASSED] - RefNoOldFile.delete(): null

2019-02-20 17:49:00 - [TEST_STEP][PASSED] - delay(5): Delayed 5 second(s)

2019-02-20 17:49:05 - [MESSAGE][PASSED] - Delayed 5 second(s)

2019-02-20 17:49:05 - [TEST_STEP][PASSED] - RefNo = new java.io.File((internal.GlobalVariable.TextFilePathCommon + \getIC.txt)): null

2019-02-20 17:49:05 - [TEST_STEP][PASSED] - f2 = new java.io.FileWriter(RefNo, false): null

2019-02-20 17:49:05 - [TEST_STEP][PASSED] - f2.write(IC): null

2019-02-20 17:49:05 - [TEST_STEP][PASSED] - f2.close(): null

2019-02-20 17:49:05 - [TEST_STEP][PASSED] - out.println("


" + IC + "


"): null

2019-02-20 17:49:05 - [MESSAGE][PASSED] - Call Test Case 'Test Cases/All TC/Arranged/1. Common/1.2 Setter/Setter IC' successfully

2019-02-20 17:49:05 - [MESSAGE][PASSED] - Call Test Case 'Test Cases/All TC/Arranged/1. Common/IC List Checker' successfully

2019-02-20 17:49:05 - [TEST_STEP][PASSED] - setText(findTestObject("KeatMun/Form 7_default/OTC_Application_Reg/Page_PERKESO/6.No. Kad Pengenalan"), IC): Text '861023436638' is set on object 'Object Repository/KeatMun/Form 7_default/OTC_Application_Reg/Page_PERKESO/6.No. Kad Pengenalan'

2019-02-20 17:49:09 - [MESSAGE][PASSED] - Text '861023436638' is set on object 'Object Repository/KeatMun/Form 7_default/OTC_Application_Reg/Page_PERKESO/6.No. Kad Pengenalan'

2019-02-20 17:49:09 - [TEST_STEP][PASSED] - delay(2): Delayed 2 second(s)

2019-02-20 17:49:11 - [MESSAGE][PASSED] - Delayed 2 second(s)

2019-02-20 17:49:11 - [TEST_STEP][PASSED] - click(findTestObject("KeatMun/Form 7_default/OTC_Application_Reg/Page_PERKESO/7.button_Semak")): Object: 'Object Repository/KeatMun/Form 7_default/OTC_Application_Reg/Page_PERKESO/7.button_Semak' is clicked on

2019-02-20 17:49:13 - [MESSAGE][PASSED] - Object: 'Object Repository/KeatMun/Form 7_default/OTC_Application_Reg/Page_PERKESO/7.button_Semak' is clicked on

2019-02-20 17:49:13 - [TEST_STEP][PASSED] - delay(4): Delayed 4 second(s)

2019-02-20 17:49:17 - [MESSAGE][PASSED] - Delayed 4 second(s)

2019-02-20 17:49:17 - [TEST_STEP][PASSED] - click(findTestObject("KeatMun/Form 7_default/OTC_Application_Reg/Page_PERKESO/8. Nama Majikan Dropdown")): Object: 'Object Repository/KeatMun/Form 7_default/OTC_Application_Reg/Page_PERKESO/8. Nama Majikan Dropdown' is clicked on

2019-02-20 17:49:19 - [MESSAGE][PASSED] - Object: 'Object Repository/KeatMun/Form 7_default/OTC_Application_Reg/Page_PERKESO/8. Nama Majikan Dropdown' is clicked on

2019-02-20 17:49:19 - [TEST_STEP][PASSED] - setText(findTestObject("KeatMun/Form 7_default/OTC_Application_Reg/Page_PERKESO/8. LOE emp"), "pet"): Text 'pet' is set on object 'Object Repository/KeatMun/Form 7_default/OTC_Application_Reg/Page_PERKESO/8. LOE emp'

2019-02-20 17:49:23 - [MESSAGE][PASSED] - Text 'pet' is set on object 'Object Repository/KeatMun/Form 7_default/OTC_Application_Reg/Page_PERKESO/8. LOE emp'

2019-02-20 17:49:23 - [TEST_STEP][PASSED] - click(findTestObject("KeatMun/Form 7_default/OTC_Application_Reg/Page_PERKESO/8. PETRONAS")): Object: 'Object Repository/KeatMun/Form 7_default/OTC_Application_Reg/Page_PERKESO/8. PETRONAS' is clicked on

2019-02-20 17:49:26 - [MESSAGE][PASSED] - Object: 'Object Repository/KeatMun/Form 7_default/OTC_Application_Reg/Page_PERKESO/8. PETRONAS' is clicked on

2019-02-20 17:49:26 - [TEST_STEP][PASSED] - delay(2): Delayed 2 second(s)

2019-02-20 17:49:28 - [MESSAGE][PASSED] - Delayed 2 second(s)

2019-02-20 17:49:28 - [TEST_STEP][PASSED] - setText(findTestObject("KeatMun/Form 7_default/OTC_Application_Reg/Page_PERKESO/9.Tarikh kehilangan pkj"), "10/01/2019"): Text '10/01/2019' is set on object 'Object Repository/KeatMun/Form 7_default/OTC_Application_Reg/Page_PERKESO/9.Tarikh kehilangan pkj'

2019-02-20 17:49:32 - [MESSAGE][PASSED] - Text '10/01/2019' is set on object 'Object Repository/KeatMun/Form 7_default/OTC_Application_Reg/Page_PERKESO/9.Tarikh kehilangan pkj'

2019-02-20 17:49:32 - [TEST_STEP][PASSED] - delay(2): Delayed 2 second(s)

2019-02-20 17:49:34 - [MESSAGE][PASSED] - Delayed 2 second(s)

2019-02-20 17:49:34 - [TEST_STEP][PASSED] - click(findTestObject("KeatMun/Form 7_default/OTC_Application_Reg/Page_PERKESO/9. Date Picker Done Button ")): Object: 'Object Repository/KeatMun/Form 7_default/OTC_Application_Reg/Page_PERKESO/9. Date Picker Done Button ' is clicked on

2019-02-20 17:49:36 - [MESSAGE][PASSED] - Object: 'Object Repository/KeatMun/Form 7_default/OTC_Application_Reg/Page_PERKESO/9. Date Picker Done Button ' is clicked on

2019-02-20 17:49:36 - [TEST_STEP][PASSED] - delay(2): Delayed 2 second(s)

2019-02-20 17:49:38 - [MESSAGE][PASSED] - Delayed 2 second(s)

2019-02-20 17:49:38 - [TEST_STEP][PASSED] - click(findTestObject("KeatMun/Form 7_default/OTC_Application_Reg/Page_PERKESO/10.button_Mohon")): Object: 'Object Repository/KeatMun/Form 7_default/OTC_Application_Reg/Page_PERKESO/10.button_Mohon' is clicked on

2019-02-20 17:49:40 - [MESSAGE][PASSED] - Object: 'Object Repository/KeatMun/Form 7_default/OTC_Application_Reg/Page_PERKESO/10.button_Mohon' is clicked on

2019-02-20 17:49:40 - [TEST_STEP][PASSED] - delay(2): Delayed 2 second(s)

2019-02-20 17:49:42 - [MESSAGE][PASSED] - Delayed 2 second(s)

2019-02-20 17:49:42 - [TEST_STEP][PASSED] - setText(findTestObject("KeatMun/Form 7_default/OTC_Application_Reg/Page_PERKESO/11.Tarikh Terima_stampedDtS"), "10/01/2019"): Text '10/01/2019' is set on object 'Object Repository/KeatMun/Form 7_default/OTC_Application_Reg/Page_PERKESO/11.Tarikh Terima_stampedDtS'

2019-02-20 17:49:46 - [MESSAGE][PASSED] - Text '10/01/2019' is set on object 'Object Repository/KeatMun/Form 7_default/OTC_Application_Reg/Page_PERKESO/11.Tarikh Terima_stampedDtS'

2019-02-20 17:49:46 - [TEST_STEP][PASSED] - delay(2): Delayed 2 second(s)

2019-02-20 17:49:48 - [MESSAGE][PASSED] - Delayed 2 second(s)

2019-02-20 17:49:48 - [TEST_STEP][PASSED] - click(findTestObject("KeatMun/Form 7_default/OTC_Application_Reg/Page_PERKESO/11. Date Picker Done Button")): Object: 'Object Repository/KeatMun/Form 7_default/OTC_Application_Reg/Page_PERKESO/11. Date Picker Done Button' is clicked on

2019-02-20 17:49:51 - [MESSAGE][PASSED] - Object: 'Object Repository/KeatMun/Form 7_default/OTC_Application_Reg/Page_PERKESO/11. Date Picker Done Button' is clicked on

2019-02-20 17:49:51 - [TEST_STEP][PASSED] - delay(2): Delayed 2 second(s)

2019-02-20 17:49:53 - [MESSAGE][PASSED] - Delayed 2 second(s)

2019-02-20 17:49:53 - [TEST_STEP][PASSED] - click(findTestObject("KeatMun/Form 7_default/OTC_Application_Reg/Page_PERKESO/11.button_TERUSKAN")): Object: 'Object Repository/KeatMun/Form 7_default/OTC_Application_Reg/Page_PERKESO/11.button_TERUSKAN' is clicked on

2019-02-20 17:49:55 - [MESSAGE][PASSED] - Object: 'Object Repository/KeatMun/Form 7_default/OTC_Application_Reg/Page_PERKESO/11.button_TERUSKAN' is clicked on

2019-02-20 17:49:55 - [TEST_STEP][PASSED] - delay(2): Delayed 2 second(s)

2019-02-20 17:49:57 - [MESSAGE][PASSED] - Delayed 2 second(s)

2019-02-20 17:49:57 - [TEST_STEP][PASSED] - selectOptionByValue(findTestObject("KeatMun/Form 7_default/OTC_Application_Reg/Page_PERKESO/12.--Sila Pilih--PejabatPKS"), "22", true): All options with value '22' are selected in object 'Object Repository/KeatMun/Form 7_default/OTC_Application_Reg/Page_PERKESO/12.--Sila Pilih--PejabatPKS'  using regular expression

2019-02-20 17:51:27 - [MESSAGE][PASSED] - All options with value '22' are selected in object 'Object Repository/KeatMun/Form 7_default/OTC_Application_Reg/Page_PERKESO/12.--Sila Pilih--PejabatPKS'  using regular expression

2019-02-20 17:51:27 - [TEST_STEP][PASSED] - delay(2): Delayed 2 second(s)

2019-02-20 17:51:29 - [MESSAGE][PASSED] - Delayed 2 second(s)

2019-02-20 17:51:29 - [TEST_STEP][PASSED] - click(findTestObject("KeatMun/Form 7_default/OTC_Application_Reg/Page_PERKESO/13. Halaman Seterusnya")): Object: 'Object Repository/KeatMun/Form 7_default/OTC_Application_Reg/Page_PERKESO/13. Halaman Seterusnya' is clicked on

2019-02-20 17:51:31 - [MESSAGE][PASSED] - Object: 'Object Repository/KeatMun/Form 7_default/OTC_Application_Reg/Page_PERKESO/13. Halaman Seterusnya' is clicked on

2019-02-20 17:51:31 - [MESSAGE][PASSED] - Call Test Case 'Test Cases/All TC/Arranged/3. Unit/EI/Form 7_default/OTC_Application_Reg' successfully

2019-02-20 17:51:31 - [TEST_STEP][PASSED] - callTestCase(findTestCase("All TC/Arranged/3. Unit/EI/Form 7_default/OTC_Submit Form 7_Section A"), [:], STOP_ON_FAILURE): Call Test Case 'Test Cases/All TC/Arranged/3. Unit/EI/Form 7_default/OTC_Submit Form 7_Section A' successfully

2019-02-20 17:51:31 - [TEST_CASE][PASSED] - Test Cases/All TC/Arranged/3. Unit/EI/Form 7_default/OTC_Submit Form 7_Section A: Test Cases/All TC/Arranged/3. Unit/EI/Form 7_default/OTC_Submit Form 7_Section A

2019-02-20 17:51:31 - [TEST_STEP][PASSED] - delay(2): Delayed 2 second(s)

2019-02-20 17:51:33 - [MESSAGE][PASSED] - Delayed 2 second(s)

2019-02-20 17:51:33 - [TEST_STEP][PASSED] - setText(findTestObject("KeatMun/Form 7_default/OTC_Submit Form 7_Section A/Page_PERKESO/A4. EmployeeDob"), "10/01/2019"): Text '10/01/2019' is set on object 'Object Repository/KeatMun/Form 7_default/OTC_Submit Form 7_Section A/Page_PERKESO/A4. EmployeeDob'

2019-02-20 17:51:37 - [MESSAGE][PASSED] - Text '10/01/2019' is set on object 'Object Repository/KeatMun/Form 7_default/OTC_Submit Form 7_Section A/Page_PERKESO/A4. EmployeeDob'

2019-02-20 17:51:37 - [TEST_STEP][PASSED] - delay(2): Delayed 2 second(s)

2019-02-20 17:51:39 - [MESSAGE][PASSED] - Delayed 2 second(s)

2019-02-20 17:51:39 - [TEST_STEP][PASSED] - click(findTestObject("KeatMun/Form 7_default/OTC_Submit Form 7_Section A/Page_PERKESO/A5. Bangsa")): Object: 'Object Repository/KeatMun/Form 7_default/OTC_Submit Form 7_Section A/Page_PERKESO/A5. Bangsa' is clicked on

2019-02-20 17:51:42 - [MESSAGE][PASSED] - Object: 'Object Repository/KeatMun/Form 7_default/OTC_Submit Form 7_Section A/Page_PERKESO/A5. Bangsa' is clicked on

2019-02-20 17:51:42 - [TEST_STEP][PASSED] - click(findTestObject("KeatMun/Form 7_default/OTC_Submit Form 7_Section A/Page_PERKESO/A5. Bumiputera Sabah")): Object: 'Object Repository/KeatMun/Form 7_default/OTC_Submit Form 7_Section A/Page_PERKESO/A5. Bumiputera Sabah' is clicked on

2019-02-20 17:51:44 - [MESSAGE][PASSED] - Object: 'Object Repository/KeatMun/Form 7_default/OTC_Submit Form 7_Section A/Page_PERKESO/A5. Bumiputera Sabah' is clicked on

2019-02-20 17:51:44 - [TEST_STEP][PASSED] - delay(2): Delayed 2 second(s)

2019-02-20 17:51:46 - [MESSAGE][PASSED] - Delayed 2 second(s)

2019-02-20 17:51:46 - [TEST_STEP][PASSED] - click(findTestObject("KeatMun/Form 7_default/OTC_Submit Form 7_Section A/Page_PERKESO/A6. Jantina")): Object: 'Object Repository/KeatMun/Form 7_default/OTC_Submit Form 7_Section A/Page_PERKESO/A6. Jantina' is clicked on

2019-02-20 17:51:48 - [MESSAGE][PASSED] - Object: 'Object Repository/KeatMun/Form 7_default/OTC_Submit Form 7_Section A/Page_PERKESO/A6. Jantina' is clicked on

2019-02-20 17:51:48 - [TEST_STEP][PASSED] - click(findTestObject("KeatMun/Form 7_default/OTC_Submit Form 7_Section A/Page_PERKESO/A6. Lelaki")): Object: 'Object Repository/KeatMun/Form 7_default/OTC_Submit Form 7_Section A/Page_PERKESO/A6. Lelaki' is clicked on

2019-02-20 17:51:50 - [MESSAGE][PASSED] - Object: 'Object Repository/KeatMun/Form 7_default/OTC_Submit Form 7_Section A/Page_PERKESO/A6. Lelaki' is clicked on

2019-02-20 17:51:50 - [TEST_STEP][PASSED] - delay(2): Delayed 2 second(s)

2019-02-20 17:51:52 - [MESSAGE][PASSED] - Delayed 2 second(s)

2019-02-20 17:51:52 - [TEST_STEP][PASSED] - click(findTestObject("KeatMun/Form 7_default/OTC_Submit Form 7_Section A/Page_PERKESO/A7. Kewarganegaraan")): Object: 'Object Repository/KeatMun/Form 7_default/OTC_Submit Form 7_Section A/Page_PERKESO/A7. Kewarganegaraan' is clicked on

2019-02-20 17:51:54 - [MESSAGE][PASSED] - Object: 'Object Repository/KeatMun/Form 7_default/OTC_Submit Form 7_Section A/Page_PERKESO/A7. Kewarganegaraan' is clicked on

2019-02-20 17:51:54 - [TEST_STEP][PASSED] - click(findTestObject("KeatMun/Form 7_default/OTC_Submit Form 7_Section A/Page_PERKESO/A7. Malaysia")): Object: 'Object Repository/KeatMun/Form 7_default/OTC_Submit Form 7_Section A/Page_PERKESO/A7. Malaysia' is clicked on

2019-02-20 17:51:56 - [MESSAGE][PASSED] - Object: 'Object Repository/KeatMun/Form 7_default/OTC_Submit Form 7_Section A/Page_PERKESO/A7. Malaysia' is clicked on

2019-02-20 17:51:56 - [TEST_STEP][PASSED] - delay(2): Delayed 2 second(s)

2019-02-20 17:51:58 - [MESSAGE][PASSED] - Delayed 2 second(s)

2019-02-20 17:51:58 - [TEST_STEP][PASSED] - click(findTestObject("KeatMun/Form 7_default/OTC_Submit Form 7_Section A/Page_PERKESO/A8. Status Perkahwinan")): Object: 'Object Repository/KeatMun/Form 7_default/OTC_Submit Form 7_Section A/Page_PERKESO/A8. Status Perkahwinan' is clicked on

2019-02-20 17:52:00 - [MESSAGE][PASSED] - Object: 'Object Repository/KeatMun/Form 7_default/OTC_Submit Form 7_Section A/Page_PERKESO/A8. Status Perkahwinan' is clicked on

2019-02-20 17:52:00 - [TEST_STEP][PASSED] - click(findTestObject("KeatMun/Form 7_default/OTC_Submit Form 7_Section A/Page_PERKESO/A8. Bujang")): Object: 'Object Repository/KeatMun/Form 7_default/OTC_Submit Form 7_Section A/Page_PERKESO/A8. Bujang' is clicked on

2019-02-20 17:52:03 - [MESSAGE][PASSED] - Object: 'Object Repository/KeatMun/Form 7_default/OTC_Submit Form 7_Section A/Page_PERKESO/A8. Bujang' is clicked on

2019-02-20 17:52:03 - [TEST_STEP][PASSED] - delay(2): Delayed 2 second(s)

2019-02-20 17:52:05 - [MESSAGE][PASSED] - Delayed 2 second(s)

2019-02-20 17:52:05 - [TEST_STEP][PASSED] - setText(findTestObject("KeatMun/Form 7_default/OTC_Submit Form 7_Section A/Page_PERKESO/A9. Address1"), "qwertyuiop"): Text 'qwertyuiop' is set on object 'Object Repository/KeatMun/Form 7_default/OTC_Submit Form 7_Section A/Page_PERKESO/A9. Address1'

2019-02-20 17:52:09 - [MESSAGE][PASSED] - Text 'qwertyuiop' is set on object 'Object Repository/KeatMun/Form 7_default/OTC_Submit Form 7_Section A/Page_PERKESO/A9. Address1'

2019-02-20 17:52:09 - [TEST_STEP][PASSED] - delay(2): Delayed 2 second(s)

2019-02-20 17:52:11 - [MESSAGE][PASSED] - Delayed 2 second(s)

2019-02-20 17:52:11 - [TEST_STEP][PASSED] - click(findTestObject("KeatMun/Form 7_default/OTC_Submit Form 7_Section A/Page_PERKESO/A10. Negeri")): Object: 'Object Repository/KeatMun/Form 7_default/OTC_Submit Form 7_Section A/Page_PERKESO/A10. Negeri' is clicked on

2019-02-20 17:52:13 - [MESSAGE][PASSED] - Object: 'Object Repository/KeatMun/Form 7_default/OTC_Submit Form 7_Section A/Page_PERKESO/A10. Negeri' is clicked on

2019-02-20 17:52:13 - [TEST_STEP][PASSED] - click(findTestObject("KeatMun/Form 7_default/OTC_Submit Form 7_Section A/Page_PERKESO/A10. JOHOR")): Object: 'Object Repository/KeatMun/Form 7_default/OTC_Submit Form 7_Section A/Page_PERKESO/A10. JOHOR' is clicked on

2019-02-20 17:52:15 - [MESSAGE][PASSED] - Object: 'Object Repository/KeatMun/Form 7_default/OTC_Submit Form 7_Section A/Page_PERKESO/A10. JOHOR' is clicked on

2019-02-20 17:52:15 - [TEST_STEP][PASSED] - delay(2): Delayed 2 second(s)

2019-02-20 17:52:17 - [MESSAGE][PASSED] - Delayed 2 second(s)

2019-02-20 17:52:17 - [TEST_STEP][PASSED] - click(findTestObject("KeatMun/Form 7_default/OTC_Submit Form 7_Section A/Page_PERKESO/A11. --Sila Pilih--")): Object: 'Object Repository/KeatMun/Form 7_default/OTC_Submit Form 7_Section A/Page_PERKESO/A11. --Sila Pilih--' is clicked on

2019-02-20 17:52:19 - [MESSAGE][PASSED] - Object: 'Object Repository/KeatMun/Form 7_default/OTC_Submit Form 7_Section A/Page_PERKESO/A11. --Sila Pilih--' is clicked on

2019-02-20 17:52:19 - [TEST_STEP][PASSED] - setText(findTestObject("KeatMun/Form 7_default/OTC_Submit Form 7_Section A/Page_PERKESO/A11. Done_select2-search__fie (1)"), "jo"): Text 'jo' is set on object 'Object Repository/KeatMun/Form 7_default/OTC_Submit Form 7_Section A/Page_PERKESO/A11. Done_select2-search__fie (1)'

2019-02-20 17:52:23 - [MESSAGE][PASSED] - Text 'jo' is set on object 'Object Repository/KeatMun/Form 7_default/OTC_Submit Form 7_Section A/Page_PERKESO/A11. Done_select2-search__fie (1)'

2019-02-20 17:52:23 - [TEST_STEP][PASSED] - setText(findTestObject("KeatMun/Form 7_default/OTC_Submit Form 7_Section A/Page_PERKESO/A11. concat(id(  select2-city"), "jo"): Text 'jo' is set on object 'Object Repository/KeatMun/Form 7_default/OTC_Submit Form 7_Section A/Page_PERKESO/A11. concat(id(  select2-city'

2019-02-20 17:52:28 - [MESSAGE][PASSED] - Text 'jo' is set on object 'Object Repository/KeatMun/Form 7_default/OTC_Submit Form 7_Section A/Page_PERKESO/A11. concat(id(  select2-city'

2019-02-20 17:52:28 - [TEST_STEP][PASSED] - click(findTestObject("KeatMun/Form 7_default/OTC_Submit Form 7_Section A/Page_PERKESO/A11. JOHOR BAHRU")): Object: 'Object Repository/KeatMun/Form 7_default/OTC_Submit Form 7_Section A/Page_PERKESO/A11. JOHOR BAHRU' is clicked on

2019-02-20 17:52:30 - [MESSAGE][PASSED] - Object: 'Object Repository/KeatMun/Form 7_default/OTC_Submit Form 7_Section A/Page_PERKESO/A11. JOHOR BAHRU' is clicked on

2019-02-20 17:52:30 - [TEST_STEP][PASSED] - delay(2): Delayed 2 second(s)

2019-02-20 17:52:32 - [MESSAGE][PASSED] - Delayed 2 second(s)

2019-02-20 17:52:32 - [TEST_STEP][PASSED] - click(findTestObject("KeatMun/Form 7_default/OTC_Submit Form 7_Section A/Page_PERKESO/A12. --Sila Isikan--")): Object: 'Object Repository/KeatMun/Form 7_default/OTC_Submit Form 7_Section A/Page_PERKESO/A12. --Sila Isikan--' is clicked on

2019-02-20 17:52:34 - [MESSAGE][PASSED] - Object: 'Object Repository/KeatMun/Form 7_default/OTC_Submit Form 7_Section A/Page_PERKESO/A12. --Sila Isikan--' is clicked on

2019-02-20 17:52:34 - [TEST_STEP][PASSED] - setText(findTestObject("KeatMun/Form 7_default/OTC_Submit Form 7_Section A/Page_PERKESO/A11. Done_select2-search__fie"), "84"): Text '84' is set on object 'Object Repository/KeatMun/Form 7_default/OTC_Submit Form 7_Section A/Page_PERKESO/A11. Done_select2-search__fie'

2019-02-20 17:52:38 - [MESSAGE][PASSED] - Text '84' is set on object 'Object Repository/KeatMun/Form 7_default/OTC_Submit Form 7_Section A/Page_PERKESO/A11. Done_select2-search__fie'

2019-02-20 17:52:38 - [TEST_STEP][PASSED] - click(findTestObject("KeatMun/Form 7_default/OTC_Submit Form 7_Section A/Page_PERKESO/A12. 84000")): Object: 'Object Repository/KeatMun/Form 7_default/OTC_Submit Form 7_Section A/Page_PERKESO/A12. 84000' is clicked on

2019-02-20 17:52:40 - [MESSAGE][PASSED] - Object: 'Object Repository/KeatMun/Form 7_default/OTC_Submit Form 7_Section A/Page_PERKESO/A12. 84000' is clicked on

2019-02-20 17:52:40 - [TEST_STEP][PASSED] - delay(2): Delayed 2 second(s)

2019-02-20 17:52:42 - [MESSAGE][PASSED] - Delayed 2 second(s)

2019-02-20 17:52:42 - [TEST_STEP][PASSED] - setText(findTestObject("KeatMun/Form 7_default/OTC_Submit Form 7_Section A/Page_PERKESO/A13. mobileContact1"), "1234567890"): Text '1234567890' is set on object 'Object Repository/KeatMun/Form 7_default/OTC_Submit Form 7_Section A/Page_PERKESO/A13. mobileContact1'

2019-02-20 17:52:47 - [MESSAGE][PASSED] - Text '1234567890' is set on object 'Object Repository/KeatMun/Form 7_default/OTC_Submit Form 7_Section A/Page_PERKESO/A13. mobileContact1'

2019-02-20 17:52:47 - [TEST_STEP][PASSED] - delay(2): Delayed 2 second(s)

2019-02-20 17:52:49 - [MESSAGE][PASSED] - Delayed 2 second(s)

2019-02-20 17:52:49 - [TEST_STEP][PASSED] - click(findTestObject("KeatMun/Form 7_default/OTC_Submit Form 7_Section A/Page_PERKESO/A14. Halaman Seterusnya")): Object: 'Object Repository/KeatMun/Form 7_default/OTC_Submit Form 7_Section A/Page_PERKESO/A14. Halaman Seterusnya' is clicked on

2019-02-20 17:52:51 - [MESSAGE][PASSED] - Object: 'Object Repository/KeatMun/Form 7_default/OTC_Submit Form 7_Section A/Page_PERKESO/A14. Halaman Seterusnya' is clicked on

2019-02-20 17:52:51 - [TEST_STEP][PASSED] - delay(2): Delayed 2 second(s)

2019-02-20 17:52:53 - [MESSAGE][PASSED] - Delayed 2 second(s)

2019-02-20 17:52:53 - [MESSAGE][PASSED] - Call Test Case 'Test Cases/All TC/Arranged/3. Unit/EI/Form 7_default/OTC_Submit Form 7_Section A' successfully

2019-02-20 17:52:53 - [TEST_STEP][PASSED] - callTestCase(findTestCase("All TC/Arranged/3. Unit/EI/Form 7_default/OTC_Submit Form 7_Section B"), [:], STOP_ON_FAILURE): Call Test Case 'Test Cases/All TC/Arranged/3. Unit/EI/Form 7_default/OTC_Submit Form 7_Section B' successfully

2019-02-20 17:52:53 - [TEST_CASE][PASSED] - Test Cases/All TC/Arranged/3. Unit/EI/Form 7_default/OTC_Submit Form 7_Section B: Test Cases/All TC/Arranged/3. Unit/EI/Form 7_default/OTC_Submit Form 7_Section B

2019-02-20 17:52:53 - [TEST_STEP][PASSED] - delay(3): Delayed 3 second(s)

2019-02-20 17:52:56 - [MESSAGE][PASSED] - Delayed 3 second(s)

2019-02-20 17:52:56 - [TEST_STEP][PASSED] - click(findTestObject("KeatMun/Form 7_default/OTC_Submit Form 7_Section B/Page_PERKESO/B1. Jawatan")): Object: 'Object Repository/KeatMun/Form 7_default/OTC_Submit Form 7_Section B/Page_PERKESO/B1. Jawatan' is clicked on

2019-02-20 17:52:58 - [MESSAGE][PASSED] - Object: 'Object Repository/KeatMun/Form 7_default/OTC_Submit Form 7_Section B/Page_PERKESO/B1. Jawatan' is clicked on

2019-02-20 17:52:58 - [TEST_STEP][PASSED] - setText(findTestObject("KeatMun/Form 7_default/OTC_Submit Form 7_Section B/Page_PERKESO/B1. concat(id(  select2-posi"), "re"): Text 're' is set on object 'Object Repository/KeatMun/Form 7_default/OTC_Submit Form 7_Section B/Page_PERKESO/B1. concat(id(  select2-posi'

2019-02-20 17:53:02 - [MESSAGE][PASSED] - Text 're' is set on object 'Object Repository/KeatMun/Form 7_default/OTC_Submit Form 7_Section B/Page_PERKESO/B1. concat(id(  select2-posi'

2019-02-20 17:53:02 - [TEST_STEP][PASSED] - setText(findTestObject("KeatMun/Form 7_default/OTC_Submit Form 7_Section B/Page_PERKESO/B1. Done_select2-search__fie"), "re"): Text 're' is set on object 'Object Repository/KeatMun/Form 7_default/OTC_Submit Form 7_Section B/Page_PERKESO/B1. Done_select2-search__fie'

2019-02-20 17:53:06 - [MESSAGE][PASSED] - Text 're' is set on object 'Object Repository/KeatMun/Form 7_default/OTC_Submit Form 7_Section B/Page_PERKESO/B1. Done_select2-search__fie'

2019-02-20 17:53:06 - [TEST_STEP][PASSED] - click(findTestObject("KeatMun/Form 7_default/OTC_Submit Form 7_Section B/Page_PERKESO/B1. Arkitek Reka Bentuk")): Object: 'Object Repository/KeatMun/Form 7_default/OTC_Submit Form 7_Section B/Page_PERKESO/B1. Arkitek Reka Bentuk' is clicked on

2019-02-20 17:53:08 - [MESSAGE][PASSED] - Object: 'Object Repository/KeatMun/Form 7_default/OTC_Submit Form 7_Section B/Page_PERKESO/B1. Arkitek Reka Bentuk' is clicked on

2019-02-20 17:53:08 - [TEST_STEP][PASSED] - delay(2): Delayed 2 second(s)

2019-02-20 17:53:10 - [MESSAGE][PASSED] - Delayed 2 second(s)

2019-02-20 17:53:10 - [TEST_STEP][PASSED] - setText(findTestObject("KeatMun/Form 7_default/OTC_Submit Form 7_Section B/Page_PERKESO/B2. lastEmploymentStartDtSt"), "10/01/2019"): Text '10/01/2019' is set on object 'Object Repository/KeatMun/Form 7_default/OTC_Submit Form 7_Section B/Page_PERKESO/B2. lastEmploymentStartDtSt'

2019-02-20 17:53:15 - [MESSAGE][PASSED] - Text '10/01/2019' is set on object 'Object Repository/KeatMun/Form 7_default/OTC_Submit Form 7_Section B/Page_PERKESO/B2. lastEmploymentStartDtSt'

2019-02-20 17:53:15 - [TEST_STEP][PASSED] - delay(2): Delayed 2 second(s)

2019-02-20 17:53:17 - [MESSAGE][PASSED] - Delayed 2 second(s)

2019-02-20 17:53:17 - [TEST_STEP][PASSED] - click(findTestObject("KeatMun/Form 7_default/OTC_Submit Form 7_Section B/Page_PERKESO/B4. Status Perkejaan")): Object: 'Object Repository/KeatMun/Form 7_default/OTC_Submit Form 7_Section B/Page_PERKESO/B4. Status Perkejaan' is clicked on

2019-02-20 17:53:19 - [MESSAGE][PASSED] - Object: 'Object Repository/KeatMun/Form 7_default/OTC_Submit Form 7_Section B/Page_PERKESO/B4. Status Perkejaan' is clicked on

2019-02-20 17:53:19 - [TEST_STEP][PASSED] - click(findTestObject("KeatMun/Form 7_default/OTC_Submit Form 7_Section B/Page_PERKESO/B4. Tetap")): Object: 'Object Repository/KeatMun/Form 7_default/OTC_Submit Form 7_Section B/Page_PERKESO/B4. Tetap' is clicked on

2019-02-20 17:53:21 - [MESSAGE][PASSED] - Object: 'Object Repository/KeatMun/Form 7_default/OTC_Submit Form 7_Section B/Page_PERKESO/B4. Tetap' is clicked on

2019-02-20 17:53:21 - [TEST_STEP][PASSED] - delay(2): Delayed 2 second(s)

2019-02-20 17:53:23 - [MESSAGE][PASSED] - Delayed 2 second(s)

2019-02-20 17:53:23 - [TEST_STEP][PASSED] - setText(findTestObject("KeatMun/Form 7_default/OTC_Submit Form 7_Section B/Page_PERKESO/B5. Gaji (RM)_salary1"), "4000"): Text '4000' is set on object 'Object Repository/KeatMun/Form 7_default/OTC_Submit Form 7_Section B/Page_PERKESO/B5. Gaji (RM)_salary1'

2019-02-20 17:53:27 - [MESSAGE][PASSED] - Text '4000' is set on object 'Object Repository/KeatMun/Form 7_default/OTC_Submit Form 7_Section B/Page_PERKESO/B5. Gaji (RM)_salary1'

2019-02-20 17:53:27 - [TEST_STEP][PASSED] - delay(2): Delayed 2 second(s)

2019-02-20 17:53:29 - [MESSAGE][PASSED] - Delayed 2 second(s)

2019-02-20 17:53:29 - [TEST_STEP][PASSED] - setText(findTestObject("KeatMun/Form 7_default/OTC_Submit Form 7_Section B/Page_PERKESO/B5. Gaji (RM)_salary2"), "4000"): Text '4000' is set on object 'Object Repository/KeatMun/Form 7_default/OTC_Submit Form 7_Section B/Page_PERKESO/B5. Gaji (RM)_salary2'

2019-02-20 17:53:34 - [MESSAGE][PASSED] - Text '4000' is set on object 'Object Repository/KeatMun/Form 7_default/OTC_Submit Form 7_Section B/Page_PERKESO/B5. Gaji (RM)_salary2'

2019-02-20 17:53:34 - [TEST_STEP][PASSED] - delay(2): Delayed 2 second(s)

2019-02-20 17:53:36 - [MESSAGE][PASSED] - Delayed 2 second(s)

2019-02-20 17:53:36 - [TEST_STEP][PASSED] - setText(findTestObject("KeatMun/Form 7_default/OTC_Submit Form 7_Section B/Page_PERKESO/B5. Gaji (RM)_salary3"), "4000"): Text '4000' is set on object 'Object Repository/KeatMun/Form 7_default/OTC_Submit Form 7_Section B/Page_PERKESO/B5. Gaji (RM)_salary3'

2019-02-20 17:53:40 - [MESSAGE][PASSED] - Text '4000' is set on object 'Object Repository/KeatMun/Form 7_default/OTC_Submit Form 7_Section B/Page_PERKESO/B5. Gaji (RM)_salary3'

2019-02-20 17:53:40 - [TEST_STEP][PASSED] - delay(2): Delayed 2 second(s)

2019-02-20 17:53:42 - [MESSAGE][PASSED] - Delayed 2 second(s)

2019-02-20 17:53:42 - [TEST_STEP][PASSED] - setText(findTestObject("KeatMun/Form 7_default/OTC_Submit Form 7_Section B/Page_PERKESO/B5. Gaji (RM)_salary4"), "4000"): Text '4000' is set on object 'Object Repository/KeatMun/Form 7_default/OTC_Submit Form 7_Section B/Page_PERKESO/B5. Gaji (RM)_salary4'

2019-02-20 17:53:46 - [MESSAGE][PASSED] - Text '4000' is set on object 'Object Repository/KeatMun/Form 7_default/OTC_Submit Form 7_Section B/Page_PERKESO/B5. Gaji (RM)_salary4'

2019-02-20 17:53:46 - [TEST_STEP][PASSED] - delay(2): Delayed 2 second(s)

2019-02-20 17:53:48 - [MESSAGE][PASSED] - Delayed 2 second(s)

2019-02-20 17:53:48 - [TEST_STEP][PASSED] - setText(findTestObject("KeatMun/Form 7_default/OTC_Submit Form 7_Section B/Page_PERKESO/B5. Gaji (RM)_salary5"), "4000"): Text '4000' is set on object 'Object Repository/KeatMun/Form 7_default/OTC_Submit Form 7_Section B/Page_PERKESO/B5. Gaji (RM)_salary5'

2019-02-20 17:53:52 - [MESSAGE][PASSED] - Text '4000' is set on object 'Object Repository/KeatMun/Form 7_default/OTC_Submit Form 7_Section B/Page_PERKESO/B5. Gaji (RM)_salary5'

2019-02-20 17:53:52 - [TEST_STEP][PASSED] - delay(2): Delayed 2 second(s)

2019-02-20 17:53:54 - [MESSAGE][PASSED] - Delayed 2 second(s)

2019-02-20 17:53:54 - [TEST_STEP][PASSED] - setText(findTestObject("KeatMun/Form 7_default/OTC_Submit Form 7_Section B/Page_PERKESO/B5. Gaji (RM)_salary6"), "4000"): Text '4000' is set on object 'Object Repository/KeatMun/Form 7_default/OTC_Submit Form 7_Section B/Page_PERKESO/B5. Gaji (RM)_salary6'

2019-02-20 17:53:58 - [MESSAGE][PASSED] - Text '4000' is set on object 'Object Repository/KeatMun/Form 7_default/OTC_Submit Form 7_Section B/Page_PERKESO/B5. Gaji (RM)_salary6'

2019-02-20 17:53:58 - [TEST_STEP][PASSED] - delay(2): Delayed 2 second(s)

2019-02-20 17:54:00 - [MESSAGE][PASSED] - Delayed 2 second(s)

2019-02-20 17:54:00 - [TEST_STEP][PASSED] - click(findTestObject("KeatMun/Form 7_default/OTC_Submit Form 7_Section B/Page_PERKESO/B6. Reason JobLost")): Object: 'Object Repository/KeatMun/Form 7_default/OTC_Submit Form 7_Section B/Page_PERKESO/B6. Reason JobLost' is clicked on

2019-02-20 17:54:03 - [MESSAGE][PASSED] - Object: 'Object Repository/KeatMun/Form 7_default/OTC_Submit Form 7_Section B/Page_PERKESO/B6. Reason JobLost' is clicked on

2019-02-20 17:54:03 - [TEST_STEP][PASSED] - click(findTestObject("KeatMun/Form 7_default/OTC_Submit Form 7_Section B/Page_PERKESO/B6. Bencana alam (cth banjir ke")): Object: 'Object Repository/KeatMun/Form 7_default/OTC_Submit Form 7_Section B/Page_PERKESO/B6. Bencana alam (cth banjir ke' is clicked on

2019-02-20 17:54:05 - [MESSAGE][PASSED] - Object: 'Object Repository/KeatMun/Form 7_default/OTC_Submit Form 7_Section B/Page_PERKESO/B6. Bencana alam (cth banjir ke' is clicked on

2019-02-20 17:54:05 - [TEST_STEP][PASSED] - delay(3): Delayed 3 second(s)

2019-02-20 17:54:08 - [MESSAGE][PASSED] - Delayed 3 second(s)

2019-02-20 17:54:08 - [TEST_STEP][PASSED] - setText(findTestObject("KeatMun/Form 7_default/OTC_Submit Form 7_Section B/Page_PERKESO/B7. AverageWorkingHour"), "8"): Text '8' is set on object 'Object Repository/KeatMun/Form 7_default/OTC_Submit Form 7_Section B/Page_PERKESO/B7. AverageWorkingHour'

2019-02-20 17:54:12 - [MESSAGE][PASSED] - Text '8' is set on object 'Object Repository/KeatMun/Form 7_default/OTC_Submit Form 7_Section B/Page_PERKESO/B7. AverageWorkingHour'

2019-02-20 17:54:12 - [TEST_STEP][PASSED] - delay(2): Delayed 2 second(s)

2019-02-20 17:54:14 - [MESSAGE][PASSED] - Delayed 2 second(s)

2019-02-20 17:54:14 - [TEST_STEP][PASSED] - click(findTestObject("KeatMun/Form 7_default/OTC_Submit Form 7_Section B/Page_PERKESO/B8. Tidak_compensationInd")): Object: 'Object Repository/KeatMun/Form 7_default/OTC_Submit Form 7_Section B/Page_PERKESO/B8. Tidak_compensationInd' is clicked on

2019-02-20 17:54:16 - [MESSAGE][PASSED] - Object: 'Object Repository/KeatMun/Form 7_default/OTC_Submit Form 7_Section B/Page_PERKESO/B8. Tidak_compensationInd' is clicked on

2019-02-20 17:54:16 - [TEST_STEP][PASSED] - delay(1): Delayed 1 second(s)

2019-02-20 17:54:17 - [MESSAGE][PASSED] - Delayed 1 second(s)

2019-02-20 17:54:17 - [TEST_STEP][PASSED] - click(findTestObject("KeatMun/Form 7_default/OTC_Submit Form 7_Section B/Page_PERKESO/B9. Tidak_fileCaseInd")): Object: 'Object Repository/KeatMun/Form 7_default/OTC_Submit Form 7_Section B/Page_PERKESO/B9. Tidak_fileCaseInd' is clicked on

2019-02-20 17:54:19 - [MESSAGE][PASSED] - Object: 'Object Repository/KeatMun/Form 7_default/OTC_Submit Form 7_Section B/Page_PERKESO/B9. Tidak_fileCaseInd' is clicked on

2019-02-20 17:54:19 - [TEST_STEP][PASSED] - delay(1): Delayed 1 second(s)

2019-02-20 17:54:20 - [MESSAGE][PASSED] - Delayed 1 second(s)

2019-02-20 17:54:20 - [TEST_STEP][PASSED] - click(findTestObject("KeatMun/Form 7_default/OTC_Submit Form 7_Section B/Page_PERKESO/B10. Tidak_unregisterCaseInd")): Object: 'Object Repository/KeatMun/Form 7_default/OTC_Submit Form 7_Section B/Page_PERKESO/B10. Tidak_unregisterCaseInd' is clicked on

2019-02-20 17:54:22 - [MESSAGE][PASSED] - Object: 'Object Repository/KeatMun/Form 7_default/OTC_Submit Form 7_Section B/Page_PERKESO/B10. Tidak_unregisterCaseInd' is clicked on

2019-02-20 17:54:22 - [TEST_STEP][PASSED] - delay(2): Delayed 2 second(s)

2019-02-20 17:54:24 - [MESSAGE][PASSED] - Delayed 2 second(s)

2019-02-20 17:54:24 - [TEST_STEP][PASSED] - click(findTestObject("KeatMun/Form 7_default/OTC_Submit Form 7_Section B/Page_PERKESO/B11. Halaman Seterusnya")): Object: 'Object Repository/KeatMun/Form 7_default/OTC_Submit Form 7_Section B/Page_PERKESO/B11. Halaman Seterusnya' is clicked on

2019-02-20 17:54:26 - [MESSAGE][PASSED] - Object: 'Object Repository/KeatMun/Form 7_default/OTC_Submit Form 7_Section B/Page_PERKESO/B11. Halaman Seterusnya' is clicked on

2019-02-20 17:54:26 - [TEST_STEP][PASSED] - delay(3): Delayed 3 second(s)

2019-02-20 17:54:29 - [MESSAGE][PASSED] - Delayed 3 second(s)

2019-02-20 17:54:29 - [MESSAGE][PASSED] - Call Test Case 'Test Cases/All TC/Arranged/3. Unit/EI/Form 7_default/OTC_Submit Form 7_Section B' successfully

2019-02-20 17:54:29 - [TEST_STEP][PASSED] - callTestCase(findTestCase("All TC/Arranged/3. Unit/EI/Form 7_default/OTC_Submit Form 7_Section C"), [:], STOP_ON_FAILURE): Call Test Case 'Test Cases/All TC/Arranged/3. Unit/EI/Form 7_default/OTC_Submit Form 7_Section C' successfully

2019-02-20 17:54:29 - [TEST_CASE][PASSED] - Test Cases/All TC/Arranged/3. Unit/EI/Form 7_default/OTC_Submit Form 7_Section C: Test Cases/All TC/Arranged/3. Unit/EI/Form 7_default/OTC_Submit Form 7_Section C

2019-02-20 17:54:29 - [TEST_STEP][PASSED] - delay(2): Delayed 2 second(s)

2019-02-20 17:54:31 - [MESSAGE][PASSED] - Delayed 2 second(s)

2019-02-20 17:54:31 - [TEST_STEP][PASSED] - setText(findTestObject("KeatMun/Form 7_default/OTC_Submit Form 7_Section C/Page_PERKESO/C4. EmployerInfo"), "qwertyuiop"): Text 'qwertyuiop' is set on object 'Object Repository/KeatMun/Form 7_default/OTC_Submit Form 7_Section C/Page_PERKESO/C4. EmployerInfo'

2019-02-20 17:54:36 - [MESSAGE][PASSED] - Text 'qwertyuiop' is set on object 'Object Repository/KeatMun/Form 7_default/OTC_Submit Form 7_Section C/Page_PERKESO/C4. EmployerInfo'

2019-02-20 17:54:36 - [TEST_STEP][PASSED] - delay(2): Delayed 2 second(s)

2019-02-20 17:54:38 - [MESSAGE][PASSED] - Delayed 2 second(s)

2019-02-20 17:54:38 - [TEST_STEP][PASSED] - click(findTestObject("KeatMun/Form 7_default/OTC_Submit Form 7_Section C/Page_PERKESO/C5. Negeri")): Object: 'Object Repository/KeatMun/Form 7_default/OTC_Submit Form 7_Section C/Page_PERKESO/C5. Negeri' is clicked on

2019-02-20 17:54:40 - [MESSAGE][PASSED] - Object: 'Object Repository/KeatMun/Form 7_default/OTC_Submit Form 7_Section C/Page_PERKESO/C5. Negeri' is clicked on

2019-02-20 17:54:40 - [TEST_STEP][PASSED] - delay(2): Delayed 2 second(s)

2019-02-20 17:54:42 - [MESSAGE][PASSED] - Delayed 2 second(s)

2019-02-20 17:54:42 - [TEST_STEP][PASSED] - click(findTestObject("KeatMun/Form 7_default/OTC_Submit Form 7_Section C/Page_PERKESO/C5. JOHOR")): Object: 'Object Repository/KeatMun/Form 7_default/OTC_Submit Form 7_Section C/Page_PERKESO/C5. JOHOR' is clicked on

2019-02-20 17:54:44 - [MESSAGE][PASSED] - Object: 'Object Repository/KeatMun/Form 7_default/OTC_Submit Form 7_Section C/Page_PERKESO/C5. JOHOR' is clicked on

2019-02-20 17:54:44 - [TEST_STEP][PASSED] - delay(3): Delayed 3 second(s)

2019-02-20 17:54:47 - [MESSAGE][PASSED] - Delayed 3 second(s)

2019-02-20 17:54:47 - [TEST_STEP][PASSED] - click(findTestObject("KeatMun/Form 7_default/OTC_Submit Form 7_Section C/Page_PERKESO/C6. City")): Object: 'Object Repository/KeatMun/Form 7_default/OTC_Submit Form 7_Section C/Page_PERKESO/C6. City' is clicked on

2019-02-20 17:54:49 - [MESSAGE][PASSED] - Object: 'Object Repository/KeatMun/Form 7_default/OTC_Submit Form 7_Section C/Page_PERKESO/C6. City' is clicked on

2019-02-20 17:54:49 - [TEST_STEP][PASSED] - delay(2): Delayed 2 second(s)

2019-02-20 17:54:51 - [MESSAGE][PASSED] - Delayed 2 second(s)

2019-02-20 17:54:51 - [TEST_STEP][PASSED] - setText(findTestObject("KeatMun/Form 7_default/OTC_Submit Form 7_Section C/Page_PERKESO/C6. Done_select2-search__fie"), "jo"): Text 'jo' is set on object 'Object Repository/KeatMun/Form 7_default/OTC_Submit Form 7_Section C/Page_PERKESO/C6. Done_select2-search__fie'

2019-02-20 17:54:55 - [MESSAGE][PASSED] - Text 'jo' is set on object 'Object Repository/KeatMun/Form 7_default/OTC_Submit Form 7_Section C/Page_PERKESO/C6. Done_select2-search__fie'

2019-02-20 17:54:55 - [TEST_STEP][PASSED] - setText(findTestObject("KeatMun/Form 7_default/OTC_Submit Form 7_Section C/Page_PERKESO/C6. Concat(id(  select2-city"), "jo"): Text 'jo' is set on object 'Object Repository/KeatMun/Form 7_default/OTC_Submit Form 7_Section C/Page_PERKESO/C6. Concat(id(  select2-city'

2019-02-20 17:55:00 - [MESSAGE][PASSED] - Text 'jo' is set on object 'Object Repository/KeatMun/Form 7_default/OTC_Submit Form 7_Section C/Page_PERKESO/C6. Concat(id(  select2-city'

2019-02-20 17:55:00 - [TEST_STEP][PASSED] - click(findTestObject("KeatMun/Form 7_default/OTC_Submit Form 7_Section C/Page_PERKESO/C6. JOHOR BAHRU")): Object: 'Object Repository/KeatMun/Form 7_default/OTC_Submit Form 7_Section C/Page_PERKESO/C6. JOHOR BAHRU' is clicked on

2019-02-20 17:55:02 - [MESSAGE][PASSED] - Object: 'Object Repository/KeatMun/Form 7_default/OTC_Submit Form 7_Section C/Page_PERKESO/C6. JOHOR BAHRU' is clicked on

2019-02-20 17:55:02 - [TEST_STEP][PASSED] - delay(3): Delayed 3 second(s)

2019-02-20 17:55:05 - [MESSAGE][PASSED] - Delayed 3 second(s)

2019-02-20 17:55:05 - [TEST_STEP][PASSED] - click(findTestObject("KeatMun/Form 7_default/OTC_Submit Form 7_Section C/Page_PERKESO/C7. --Sila Isikan--")): Object: 'Object Repository/KeatMun/Form 7_default/OTC_Submit Form 7_Section C/Page_PERKESO/C7. --Sila Isikan--' is clicked on

2019-02-20 17:55:07 - [MESSAGE][PASSED] - Object: 'Object Repository/KeatMun/Form 7_default/OTC_Submit Form 7_Section C/Page_PERKESO/C7. --Sila Isikan--' is clicked on

2019-02-20 17:55:07 - [TEST_STEP][PASSED] - delay(2): Delayed 2 second(s)

2019-02-20 17:55:09 - [MESSAGE][PASSED] - Delayed 2 second(s)

2019-02-20 17:55:09 - [TEST_STEP][PASSED] - setText(findTestObject("KeatMun/Form 7_default/OTC_Submit Form 7_Section C/Page_PERKESO/C7. Done_select2-search__fie"), "84"): Text '84' is set on object 'Object Repository/KeatMun/Form 7_default/OTC_Submit Form 7_Section C/Page_PERKESO/C7. Done_select2-search__fie'

2019-02-20 17:55:13 - [MESSAGE][PASSED] - Text '84' is set on object 'Object Repository/KeatMun/Form 7_default/OTC_Submit Form 7_Section C/Page_PERKESO/C7. Done_select2-search__fie'

2019-02-20 17:55:13 - [TEST_STEP][PASSED] - setText(findTestObject("KeatMun/Form 7_default/OTC_Submit Form 7_Section C/Page_PERKESO/C7. Concat(id(  select2-post"), "84"): Text '84' is set on object 'Object Repository/KeatMun/Form 7_default/OTC_Submit Form 7_Section C/Page_PERKESO/C7. Concat(id(  select2-post'

2019-02-20 17:55:17 - [MESSAGE][PASSED] - Text '84' is set on object 'Object Repository/KeatMun/Form 7_default/OTC_Submit Form 7_Section C/Page_PERKESO/C7. Concat(id(  select2-post'

2019-02-20 17:55:17 - [TEST_STEP][PASSED] - click(findTestObject("KeatMun/Form 7_default/OTC_Submit Form 7_Section C/Page_PERKESO/C7. 84000")): Object: 'Object Repository/KeatMun/Form 7_default/OTC_Submit Form 7_Section C/Page_PERKESO/C7. 84000' is clicked on

2019-02-20 17:55:19 - [MESSAGE][PASSED] - Object: 'Object Repository/KeatMun/Form 7_default/OTC_Submit Form 7_Section C/Page_PERKESO/C7. 84000' is clicked on

2019-02-20 17:55:19 - [TEST_STEP][PASSED] - delay(3): Delayed 3 second(s)

2019-02-20 17:55:22 - [MESSAGE][PASSED] - Delayed 3 second(s)

2019-02-20 17:55:22 - [TEST_STEP][PASSED] - click(findTestObject("KeatMun/Form 7_default/OTC_Submit Form 7_Section C/Page_PERKESO/C8. Tidak_employerInfo.emplo")): Object: 'Object Repository/KeatMun/Form 7_default/OTC_Submit Form 7_Section C/Page_PERKESO/C8. Tidak_employerInfo.emplo' is clicked on

2019-02-20 17:55:24 - [MESSAGE][PASSED] - Object: 'Object Repository/KeatMun/Form 7_default/OTC_Submit Form 7_Section C/Page_PERKESO/C8. Tidak_employerInfo.emplo' is clicked on

2019-02-20 17:55:24 - [TEST_STEP][PASSED] - delay(2): Delayed 2 second(s)

2019-02-20 17:55:26 - [MESSAGE][PASSED] - Delayed 2 second(s)

2019-02-20 17:55:26 - [TEST_STEP][PASSED] - setText(findTestObject("KeatMun/Form 7_default/OTC_Submit Form 7_Section C/Page_PERKESO/C9. EmployerName"), "qwertyuiop"): Text 'qwertyuiop' is set on object 'Object Repository/KeatMun/Form 7_default/OTC_Submit Form 7_Section C/Page_PERKESO/C9. EmployerName'

2019-02-20 17:55:31 - [MESSAGE][PASSED] - Text 'qwertyuiop' is set on object 'Object Repository/KeatMun/Form 7_default/OTC_Submit Form 7_Section C/Page_PERKESO/C9. EmployerName'

2019-02-20 17:55:31 - [TEST_STEP][PASSED] - delay(2): Delayed 2 second(s)

2019-02-20 17:55:33 - [MESSAGE][PASSED] - Delayed 2 second(s)

2019-02-20 17:55:33 - [TEST_STEP][PASSED] - setText(findTestObject("KeatMun/Form 7_default/OTC_Submit Form 7_Section C/Page_PERKESO/C10. EmployerIC"), "1234567890"): Text '1234567890' is set on object 'Object Repository/KeatMun/Form 7_default/OTC_Submit Form 7_Section C/Page_PERKESO/C10. EmployerIC'

2019-02-20 17:55:37 - [MESSAGE][PASSED] - Text '1234567890' is set on object 'Object Repository/KeatMun/Form 7_default/OTC_Submit Form 7_Section C/Page_PERKESO/C10. EmployerIC'

2019-02-20 17:55:37 - [TEST_STEP][PASSED] - delay(3): Delayed 3 second(s)

2019-02-20 17:55:40 - [MESSAGE][PASSED] - Delayed 3 second(s)

2019-02-20 17:55:40 - [TEST_STEP][PASSED] - click(findTestObject("KeatMun/Form 7_default/OTC_Submit Form 7_Section C/Page_PERKESO/C11. Halaman Seterusnya")): Object: 'Object Repository/KeatMun/Form 7_default/OTC_Submit Form 7_Section C/Page_PERKESO/C11. Halaman Seterusnya' is clicked on

2019-02-20 17:55:42 - [MESSAGE][PASSED] - Object: 'Object Repository/KeatMun/Form 7_default/OTC_Submit Form 7_Section C/Page_PERKESO/C11. Halaman Seterusnya' is clicked on

2019-02-20 17:55:42 - [TEST_STEP][PASSED] - delay(3): Delayed 3 second(s)

2019-02-20 17:55:45 - [MESSAGE][PASSED] - Delayed 3 second(s)

2019-02-20 17:55:45 - [MESSAGE][PASSED] - Call Test Case 'Test Cases/All TC/Arranged/3. Unit/EI/Form 7_default/OTC_Submit Form 7_Section C' successfully

2019-02-20 17:55:45 - [TEST_STEP][PASSED] - callTestCase(findTestCase("All TC/Arranged/3. Unit/EI/Form 7_default/OTC_Submit Form 7_Section D-E"), [:], STOP_ON_FAILURE): Call Test Case 'Test Cases/All TC/Arranged/3. Unit/EI/Form 7_default/OTC_Submit Form 7_Section D-E' successfully

2019-02-20 17:55:45 - [TEST_CASE][PASSED] - Test Cases/All TC/Arranged/3. Unit/EI/Form 7_default/OTC_Submit Form 7_Section D-E: Test Cases/All TC/Arranged/3. Unit/EI/Form 7_default/OTC_Submit Form 7_Section D-E

2019-02-20 17:55:45 - [TEST_STEP][PASSED] - delay(3): Delayed 3 second(s)

2019-02-20 17:55:48 - [MESSAGE][PASSED] - Delayed 3 second(s)

2019-02-20 17:55:48 - [TEST_STEP][PASSED] - click(findTestObject("KeatMun/Form 7_default/OTC_Submit Form 7_Section D-E/Page_PERKESO/D1. NO_otherActiveEmploye")): Object: 'Object Repository/KeatMun/Form 7_default/OTC_Submit Form 7_Section D-E/Page_PERKESO/D1. NO_otherActiveEmploye' is clicked on

2019-02-20 17:55:50 - [MESSAGE][PASSED] - Object: 'Object Repository/KeatMun/Form 7_default/OTC_Submit Form 7_Section D-E/Page_PERKESO/D1. NO_otherActiveEmploye' is clicked on

2019-02-20 17:55:50 - [TEST_STEP][PASSED] - delay(4): Delayed 4 second(s)

2019-02-20 17:55:54 - [MESSAGE][PASSED] - Delayed 4 second(s)

2019-02-20 17:55:54 - [TEST_STEP][PASSED] - click(findTestObject("KeatMun/Form 7_default/OTC_Submit Form 7_Section D-E/Page_PERKESO/D2. Halaman Seterusnya")): Object: 'Object Repository/KeatMun/Form 7_default/OTC_Submit Form 7_Section D-E/Page_PERKESO/D2. Halaman Seterusnya' is clicked on

2019-02-20 17:55:57 - [MESSAGE][PASSED] - Object: 'Object Repository/KeatMun/Form 7_default/OTC_Submit Form 7_Section D-E/Page_PERKESO/D2. Halaman Seterusnya' is clicked on

2019-02-20 17:55:57 - [TEST_STEP][PASSED] - delay(5): Delayed 5 second(s)

2019-02-20 17:56:02 - [MESSAGE][PASSED] - Delayed 5 second(s)

2019-02-20 17:56:02 - [TEST_STEP][PASSED] - setText(findTestObject("KeatMun/Form 7_default/OTC_Submit Form 7_Section D-E/Page_PERKESO/E1. Input__totalExpYear"), "1"): Text '1' is set on object 'Object Repository/KeatMun/Form 7_default/OTC_Submit Form 7_Section D-E/Page_PERKESO/E1. Input__totalExpYear'

2019-02-20 17:56:06 - [MESSAGE][PASSED] - Text '1' is set on object 'Object Repository/KeatMun/Form 7_default/OTC_Submit Form 7_Section D-E/Page_PERKESO/E1. Input__totalExpYear'

2019-02-20 17:56:06 - [TEST_STEP][PASSED] - delay(2): Delayed 2 second(s)

2019-02-20 17:56:08 - [MESSAGE][PASSED] - Delayed 2 second(s)

2019-02-20 17:56:08 - [TEST_STEP][PASSED] - setText(findTestObject("KeatMun/Form 7_default/OTC_Submit Form 7_Section D-E/Page_PERKESO/E1. Tahun_totalExpMonth"), "1"): Text '1' is set on object 'Object Repository/KeatMun/Form 7_default/OTC_Submit Form 7_Section D-E/Page_PERKESO/E1. Tahun_totalExpMonth'

2019-02-20 17:56:12 - [MESSAGE][PASSED] - Text '1' is set on object 'Object Repository/KeatMun/Form 7_default/OTC_Submit Form 7_Section D-E/Page_PERKESO/E1. Tahun_totalExpMonth'

2019-02-20 17:56:12 - [TEST_STEP][PASSED] - delay(2): Delayed 2 second(s)

2019-02-20 17:56:14 - [MESSAGE][PASSED] - Delayed 2 second(s)

2019-02-20 17:56:14 - [TEST_STEP][PASSED] - click(findTestObject("KeatMun/Form 7_default/OTC_Submit Form 7_Section D-E/Page_PERKESO/E2. Edu-Level")): Object: 'Object Repository/KeatMun/Form 7_default/OTC_Submit Form 7_Section D-E/Page_PERKESO/E2. Edu-Level' is clicked on

2019-02-20 17:56:16 - [MESSAGE][PASSED] - Object: 'Object Repository/KeatMun/Form 7_default/OTC_Submit Form 7_Section D-E/Page_PERKESO/E2. Edu-Level' is clicked on

2019-02-20 17:56:16 - [TEST_STEP][PASSED] - delay(2): Delayed 2 second(s)

2019-02-20 17:56:18 - [MESSAGE][PASSED] - Delayed 2 second(s)

2019-02-20 17:56:18 - [TEST_STEP][PASSED] - click(findTestObject("KeatMun/Form 7_default/OTC_Submit Form 7_Section D-E/Page_PERKESO/E2. PMRPT3")): Object: 'Object Repository/KeatMun/Form 7_default/OTC_Submit Form 7_Section D-E/Page_PERKESO/E2. PMRPT3' is clicked on

2019-02-20 17:56:20 - [MESSAGE][PASSED] - Object: 'Object Repository/KeatMun/Form 7_default/OTC_Submit Form 7_Section D-E/Page_PERKESO/E2. PMRPT3' is clicked on

2019-02-20 17:56:20 - [TEST_STEP][PASSED] - delay(3): Delayed 3 second(s)

2019-02-20 17:56:23 - [MESSAGE][PASSED] - Delayed 3 second(s)

2019-02-20 17:56:23 - [TEST_STEP][PASSED] - click(findTestObject("KeatMun/Form 7_default/OTC_Submit Form 7_Section D-E/Page_PERKESO/E3. Job-Choice")): Object: 'Object Repository/KeatMun/Form 7_default/OTC_Submit Form 7_Section D-E/Page_PERKESO/E3. Job-Choice' is clicked on

2019-02-20 17:56:25 - [MESSAGE][PASSED] - Object: 'Object Repository/KeatMun/Form 7_default/OTC_Submit Form 7_Section D-E/Page_PERKESO/E3. Job-Choice' is clicked on

2019-02-20 17:56:25 - [TEST_STEP][PASSED] - delay(2): Delayed 2 second(s)

2019-02-20 17:56:27 - [MESSAGE][PASSED] - Delayed 2 second(s)

2019-02-20 17:56:27 - [TEST_STEP][PASSED] - setText(findTestObject("KeatMun/Form 7_default/OTC_Submit Form 7_Section D-E/Page_PERKESO/E3. Done_select2-search__fie"), "re"): Text 're' is set on object 'Object Repository/KeatMun/Form 7_default/OTC_Submit Form 7_Section D-E/Page_PERKESO/E3. Done_select2-search__fie'

2019-02-20 17:56:32 - [MESSAGE][PASSED] - Text 're' is set on object 'Object Repository/KeatMun/Form 7_default/OTC_Submit Form 7_Section D-E/Page_PERKESO/E3. Done_select2-search__fie'

2019-02-20 17:56:32 - [TEST_STEP][PASSED] - click(findTestObject("KeatMun/Form 7_default/OTC_Submit Form 7_Section D-E/Page_PERKESO/E3. Arkitek Reka Bentuk")): Object: 'Object Repository/KeatMun/Form 7_default/OTC_Submit Form 7_Section D-E/Page_PERKESO/E3. Arkitek Reka Bentuk' is clicked on

2019-02-20 17:56:34 - [MESSAGE][PASSED] - Object: 'Object Repository/KeatMun/Form 7_default/OTC_Submit Form 7_Section D-E/Page_PERKESO/E3. Arkitek Reka Bentuk' is clicked on

2019-02-20 17:56:34 - [TEST_STEP][PASSED] - delay(2): Delayed 2 second(s)

2019-02-20 17:56:36 - [MESSAGE][PASSED] - Delayed 2 second(s)

2019-02-20 17:56:36 - [TEST_STEP][PASSED] - click(findTestObject("KeatMun/Form 7_default/OTC_Submit Form 7_Section D-E/Page_PERKESO/E4. Job_Location")): Object: 'Object Repository/KeatMun/Form 7_default/OTC_Submit Form 7_Section D-E/Page_PERKESO/E4. Job_Location' is clicked on

2019-02-20 17:56:38 - [MESSAGE][PASSED] - Object: 'Object Repository/KeatMun/Form 7_default/OTC_Submit Form 7_Section D-E/Page_PERKESO/E4. Job_Location' is clicked on

2019-02-20 17:56:38 - [TEST_STEP][PASSED] - delay(2): Delayed 2 second(s)

2019-02-20 17:56:40 - [MESSAGE][PASSED] - Delayed 2 second(s)

2019-02-20 17:56:40 - [TEST_STEP][PASSED] - click(findTestObject("KeatMun/Form 7_default/OTC_Submit Form 7_Section D-E/Page_PERKESO/E4. JOHOR")): Object: 'Object Repository/KeatMun/Form 7_default/OTC_Submit Form 7_Section D-E/Page_PERKESO/E4. JOHOR' is clicked on

2019-02-20 17:56:42 - [MESSAGE][PASSED] - Object: 'Object Repository/KeatMun/Form 7_default/OTC_Submit Form 7_Section D-E/Page_PERKESO/E4. JOHOR' is clicked on

2019-02-20 17:56:42 - [TEST_STEP][PASSED] - delay(2): Delayed 2 second(s)

2019-02-20 17:56:44 - [MESSAGE][PASSED] - Delayed 2 second(s)

2019-02-20 17:56:44 - [TEST_STEP][PASSED] - click(findTestObject("KeatMun/Form 7_default/OTC_Submit Form 7_Section D-E/Page_PERKESO/E7. NO_disability")): Object: 'Object Repository/KeatMun/Form 7_default/OTC_Submit Form 7_Section D-E/Page_PERKESO/E7. NO_disability' is clicked on

2019-02-20 17:56:46 - [MESSAGE][PASSED] - Object: 'Object Repository/KeatMun/Form 7_default/OTC_Submit Form 7_Section D-E/Page_PERKESO/E7. NO_disability' is clicked on

2019-02-20 17:56:46 - [TEST_STEP][PASSED] - delay(2): Delayed 2 second(s)

2019-02-20 17:56:48 - [MESSAGE][PASSED] - Delayed 2 second(s)

2019-02-20 17:56:48 - [TEST_STEP][PASSED] - click(findTestObject("KeatMun/Form 7_default/OTC_Submit Form 7_Section D-E/Page_PERKESO/E8. NO_disabilityApplyInd")): Object: 'Object Repository/KeatMun/Form 7_default/OTC_Submit Form 7_Section D-E/Page_PERKESO/E8. NO_disabilityApplyInd' is clicked on

2019-02-20 17:56:50 - [MESSAGE][PASSED] - Object: 'Object Repository/KeatMun/Form 7_default/OTC_Submit Form 7_Section D-E/Page_PERKESO/E8. NO_disabilityApplyInd' is clicked on

2019-02-20 17:56:50 - [TEST_STEP][PASSED] - delay(2): Delayed 2 second(s)

2019-02-20 17:56:52 - [MESSAGE][PASSED] - Delayed 2 second(s)

2019-02-20 17:56:52 - [TEST_STEP][PASSED] - click(findTestObject("KeatMun/Form 7_default/OTC_Submit Form 7_Section D-E/Page_PERKESO/E9. YES_ReEmployment")): Object: 'Object Repository/KeatMun/Form 7_default/OTC_Submit Form 7_Section D-E/Page_PERKESO/E9. YES_ReEmployment' is clicked on

2019-02-20 17:56:54 - [MESSAGE][PASSED] - Object: 'Object Repository/KeatMun/Form 7_default/OTC_Submit Form 7_Section D-E/Page_PERKESO/E9. YES_ReEmployment' is clicked on

2019-02-20 17:56:54 - [TEST_STEP][PASSED] - delay(2): Delayed 2 second(s)

2019-02-20 17:56:56 - [MESSAGE][PASSED] - Delayed 2 second(s)

2019-02-20 17:56:56 - [TEST_STEP][PASSED] - click(findTestObject("KeatMun/Form 7_default/OTC_Submit Form 7_Section D-E/Page_PERKESO/E10. Halaman Seterusnya")): Object: 'Object Repository/KeatMun/Form 7_default/OTC_Submit Form 7_Section D-E/Page_PERKESO/E10. Halaman Seterusnya' is clicked on

2019-02-20 17:56:58 - [MESSAGE][PASSED] - Object: 'Object Repository/KeatMun/Form 7_default/OTC_Submit Form 7_Section D-E/Page_PERKESO/E10. Halaman Seterusnya' is clicked on

2019-02-20 17:56:58 - [TEST_STEP][PASSED] - delay(3): Delayed 3 second(s)

2019-02-20 17:57:01 - [MESSAGE][PASSED] - Delayed 3 second(s)

2019-02-20 17:57:01 - [MESSAGE][PASSED] - Call Test Case 'Test Cases/All TC/Arranged/3. Unit/EI/Form 7_default/OTC_Submit Form 7_Section D-E' successfully

2019-02-20 17:57:01 - [TEST_STEP][FAILED] - callTestCase(findTestCase("All TC/Arranged/3. Unit/EI/Form 7_default/OTC_Submit Form 7_Section F-G-H - Cheque"), [:], STOP_ON_FAILURE): callTestCase(findTestCase("All TC/Arranged/3. Unit/EI/Form 7_default/OTC_Submit Form 7_Section F-G-H - Cheque"), [:], STOP_ON_FAILURE) FAILED.
Reason:
com.kms.katalon.core.exception.StepFailedException: Unable to click on object 'Object Repository/KeatMun/Form 7_default/OTC_Submit Form 7_Section F-G-H/Page_PERKESO/G2. span_Isteri' (Root cause: com.kms.katalon.core.webui.exception.WebElementNotFoundException: Web element with id: 'Object Repository/KeatMun/Form 7_default/OTC_Submit Form 7_Section F-G-H/Page_PERKESO/G2. span_Isteri' located by 'By.xpath: //span[@id = 'select2-dependentList0dependentRelationId-container' and @title = 'Isteri' and (text() = 'Isteri' or . = 'Isteri')]' not found)
	at com.kms.katalon.core.keyword.internal.KeywordMain.stepFailed(KeywordMain.groovy:36)
	at com.kms.katalon.core.webui.keyword.internal.WebUIKeywordMain.stepFailed(WebUIKeywordMain.groovy:65)
	at com.kms.katalon.core.webui.keyword.internal.WebUIKeywordMain.runKeyword(WebUIKeywordMain.groovy:27)
	at com.kms.katalon.core.webui.keyword.builtin.ClickKeyword.click(ClickKeyword.groovy:86)
	at com.kms.katalon.core.webui.keyword.builtin.ClickKeyword.execute(ClickKeyword.groovy:67)
	at com.kms.katalon.core.keyword.internal.KeywordExecutor.executeKeywordForPlatform(KeywordExecutor.groovy:53)
	at com.kms.katalon.core.webui.keyword.WebUiBuiltInKeywords.click(WebUiBuiltInKeywords.groovy:616)
	at com.kms.katalon.core.webui.keyword.WebUiBuiltInKeywords$click$3.call(Unknown Source)
	at OTC_Submit Form 7_Section F-G-H - Cheque.run(OTC_Submit Form 7_Section F-G-H - Cheque:41)
	at com.kms.katalon.core.main.ScriptEngine.run(ScriptEngine.java:194)
	at com.kms.katalon.core.main.ScriptEngine.runScriptAsRawText(ScriptEngine.java:119)
	at com.kms.katalon.core.main.TestCaseExecutor.runScript(TestCaseExecutor.java:328)
	at com.kms.katalon.core.main.TestCaseExecutor.doExecute(TestCaseExecutor.java:319)
	at com.kms.katalon.core.main.TestCaseExecutor.processExecutionPhase(TestCaseExecutor.java:298)
	at com.kms.katalon.core.main.TestCaseExecutor.accessMainPhase(TestCaseExecutor.java:290)
	at com.kms.katalon.core.main.TestCaseExecutor.execute(TestCaseExecutor.java:224)
	at com.kms.katalon.core.main.TestCaseMain.runTestCase(TestCaseMain.java:106)
	at com.kms.katalon.core.keyword.builtin.CallTestCaseKeyword$_callTestCase_closure1.doCall(CallTestCaseKeyword.groovy:59)
	at com.kms.katalon.core.keyword.builtin.CallTestCaseKeyword$_callTestCase_closure1.call(CallTestCaseKeyword.groovy)
	at com.kms.katalon.core.keyword.internal.KeywordMain.runKeyword(KeywordMain.groovy:54)
	at com.kms.katalon.core.keyword.builtin.CallTestCaseKeyword.callTestCase(CallTestCaseKeyword.groovy:80)
	at com.kms.katalon.core.keyword.builtin.CallTestCaseKeyword.execute(CallTestCaseKeyword.groovy:44)
	at com.kms.katalon.core.keyword.internal.KeywordExecutor.executeKeywordForPlatform(KeywordExecutor.groovy:53)
	at com.kms.katalon.core.keyword.BuiltinKeywords.callTestCase(BuiltinKeywords.groovy:334)
	at OTC_Submit Form 7_End to End - Cheque.run(OTC_Submit Form 7_End to End - Cheque:26)
	at com.kms.katalon.core.main.ScriptEngine.run(ScriptEngine.java:194)
	at com.kms.katalon.core.main.ScriptEngine.runScriptAsRawText(ScriptEngine.java:119)
	at com.kms.katalon.core.main.TestCaseExecutor.runScript(TestCaseExecutor.java:328)
	at com.kms.katalon.core.main.TestCaseExecutor.doExecute(TestCaseExecutor.java:319)
	at com.kms.katalon.core.main.TestCaseExecutor.processExecutionPhase(TestCaseExecutor.java:298)
	at com.kms.katalon.core.main.TestCaseExecutor.accessMainPhase(TestCaseExecutor.java:290)
	at com.kms.katalon.core.main.TestCaseExecutor.execute(TestCaseExecutor.java:224)
	at com.kms.katalon.core.main.TestCaseMain.runTestCase(TestCaseMain.java:106)
	at com.kms.katalon.core.keyword.builtin.CallTestCaseKeyword$_callTestCase_closure1.doCall(CallTestCaseKeyword.groovy:59)
	at com.kms.katalon.core.keyword.builtin.CallTestCaseKeyword$_callTestCase_closure1.call(CallTestCaseKeyword.groovy)
	at com.kms.katalon.core.keyword.internal.KeywordMain.runKeyword(KeywordMain.groovy:54)
	at com.kms.katalon.core.keyword.builtin.CallTestCaseKeyword.callTestCase(CallTestCaseKeyword.groovy:80)
	at com.kms.katalon.core.keyword.builtin.CallTestCaseKeyword.execute(CallTestCaseKeyword.groovy:44)
	at com.kms.katalon.core.keyword.internal.KeywordExecutor.executeKeywordForPlatform(KeywordExecutor.groovy:53)
	at com.kms.katalon.core.keyword.BuiltinKeywords.callTestCase(BuiltinKeywords.groovy:334)
	at Reject Application - JSA.run(Reject Application - JSA:16)
	at com.kms.katalon.core.main.ScriptEngine.run(ScriptEngine.java:194)
	at com.kms.katalon.core.main.ScriptEngine.runScriptAsRawText(ScriptEngine.java:119)
	at com.kms.katalon.core.main.TestCaseExecutor.runScript(TestCaseExecutor.java:328)
	at com.kms.katalon.core.main.TestCaseExecutor.doExecute(TestCaseExecutor.java:319)
	at com.kms.katalon.core.main.TestCaseExecutor.processExecutionPhase(TestCaseExecutor.java:298)
	at com.kms.katalon.core.main.TestCaseExecutor.accessMainPhase(TestCaseExecutor.java:290)
	at com.kms.katalon.core.main.TestCaseExecutor.execute(TestCaseExecutor.java:224)
	at com.kms.katalon.core.main.TestSuiteExecutor.accessTestCaseMainPhase(TestSuiteExecutor.java:129)
	at com.kms.katalon.core.main.TestSuiteExecutor.accessTestSuiteMainPhase(TestSuiteExecutor.java:112)
	at com.kms.katalon.core.main.TestSuiteExecutor.execute(TestSuiteExecutor.java:81)
	at com.kms.katalon.core.main.TestCaseMain.startTestSuite(TestCaseMain.java:149)
	at com.kms.katalon.core.main.TestCaseMain$startTestSuite$0.call(Unknown Source)
	at TempTestSuite1550652525208.run(TempTestSuite1550652525208.groovy:36)


2019-02-20 17:57:02 - [TEST_CASE][FAILED] - Test Cases/All TC/Arranged/3. Unit/EI/Form 7_default/OTC_Submit Form 7_Section F-G-H - Cheque: Test Cases/All TC/Arranged/3. Unit/EI/Form 7_default/OTC_Submit Form 7_Section F-G-H - Cheque FAILED.
Reason:
com.kms.katalon.core.exception.StepFailedException: Unable to click on object 'Object Repository/KeatMun/Form 7_default/OTC_Submit Form 7_Section F-G-H/Page_PERKESO/G2. span_Isteri' (Root cause: com.kms.katalon.core.webui.exception.WebElementNotFoundException: Web element with id: 'Object Repository/KeatMun/Form 7_default/OTC_Submit Form 7_Section F-G-H/Page_PERKESO/G2. span_Isteri' located by 'By.xpath: //span[@id = 'select2-dependentList0dependentRelationId-container' and @title = 'Isteri' and (text() = 'Isteri' or . = 'Isteri')]' not found)
	at com.kms.katalon.core.keyword.internal.KeywordMain.stepFailed(KeywordMain.groovy:36)
	at com.kms.katalon.core.webui.keyword.internal.WebUIKeywordMain.stepFailed(WebUIKeywordMain.groovy:65)
	at com.kms.katalon.core.webui.keyword.internal.WebUIKeywordMain.runKeyword(WebUIKeywordMain.groovy:27)
	at com.kms.katalon.core.webui.keyword.builtin.ClickKeyword.click(ClickKeyword.groovy:86)
	at com.kms.katalon.core.webui.keyword.builtin.ClickKeyword.execute(ClickKeyword.groovy:67)
	at com.kms.katalon.core.keyword.internal.KeywordExecutor.executeKeywordForPlatform(KeywordExecutor.groovy:53)
	at com.kms.katalon.core.webui.keyword.WebUiBuiltInKeywords.click(WebUiBuiltInKeywords.groovy:616)
	at com.kms.katalon.core.webui.keyword.WebUiBuiltInKeywords$click$3.call(Unknown Source)
	at OTC_Submit Form 7_Section F-G-H - Cheque.run(OTC_Submit Form 7_Section F-G-H - Cheque:41)
	at com.kms.katalon.core.main.ScriptEngine.run(ScriptEngine.java:194)
	at com.kms.katalon.core.main.ScriptEngine.runScriptAsRawText(ScriptEngine.java:119)
	at com.kms.katalon.core.main.TestCaseExecutor.runScript(TestCaseExecutor.java:328)
	at com.kms.katalon.core.main.TestCaseExecutor.doExecute(TestCaseExecutor.java:319)
	at com.kms.katalon.core.main.TestCaseExecutor.processExecutionPhase(TestCaseExecutor.java:298)
	at com.kms.katalon.core.main.TestCaseExecutor.accessMainPhase(TestCaseExecutor.java:290)
	at com.kms.katalon.core.main.TestCaseExecutor.execute(TestCaseExecutor.java:224)
	at com.kms.katalon.core.main.TestCaseMain.runTestCase(TestCaseMain.java:106)
	at com.kms.katalon.core.keyword.builtin.CallTestCaseKeyword$_callTestCase_closure1.doCall(CallTestCaseKeyword.groovy:59)
	at com.kms.katalon.core.keyword.builtin.CallTestCaseKeyword$_callTestCase_closure1.call(CallTestCaseKeyword.groovy)
	at com.kms.katalon.core.keyword.internal.KeywordMain.runKeyword(KeywordMain.groovy:54)
	at com.kms.katalon.core.keyword.builtin.CallTestCaseKeyword.callTestCase(CallTestCaseKeyword.groovy:80)
	at com.kms.katalon.core.keyword.builtin.CallTestCaseKeyword.execute(CallTestCaseKeyword.groovy:44)
	at com.kms.katalon.core.keyword.internal.KeywordExecutor.executeKeywordForPlatform(KeywordExecutor.groovy:53)
	at com.kms.katalon.core.keyword.BuiltinKeywords.callTestCase(BuiltinKeywords.groovy:334)
	at OTC_Submit Form 7_End to End - Cheque.run(OTC_Submit Form 7_End to End - Cheque:26)
	at com.kms.katalon.core.main.ScriptEngine.run(ScriptEngine.java:194)
	at com.kms.katalon.core.main.ScriptEngine.runScriptAsRawText(ScriptEngine.java:119)
	at com.kms.katalon.core.main.TestCaseExecutor.runScript(TestCaseExecutor.java:328)
	at com.kms.katalon.core.main.TestCaseExecutor.doExecute(TestCaseExecutor.java:319)
	at com.kms.katalon.core.main.TestCaseExecutor.processExecutionPhase(TestCaseExecutor.java:298)
	at com.kms.katalon.core.main.TestCaseExecutor.accessMainPhase(TestCaseExecutor.java:290)
	at com.kms.katalon.core.main.TestCaseExecutor.execute(TestCaseExecutor.java:224)
	at com.kms.katalon.core.main.TestCaseMain.runTestCase(TestCaseMain.java:106)
	at com.kms.katalon.core.keyword.builtin.CallTestCaseKeyword$_callTestCase_closure1.doCall(CallTestCaseKeyword.groovy:59)
	at com.kms.katalon.core.keyword.builtin.CallTestCaseKeyword$_callTestCase_closure1.call(CallTestCaseKeyword.groovy)
	at com.kms.katalon.core.keyword.internal.KeywordMain.runKeyword(KeywordMain.groovy:54)
	at com.kms.katalon.core.keyword.builtin.CallTestCaseKeyword.callTestCase(CallTestCaseKeyword.groovy:80)
	at com.kms.katalon.core.keyword.builtin.CallTestCaseKeyword.execute(CallTestCaseKeyword.groovy:44)
	at com.kms.katalon.core.keyword.internal.KeywordExecutor.executeKeywordForPlatform(KeywordExecutor.groovy:53)
	at com.kms.katalon.core.keyword.BuiltinKeywords.callTestCase(BuiltinKeywords.groovy:334)
	at Reject Application - JSA.run(Reject Application - JSA:16)
	at com.kms.katalon.core.main.ScriptEngine.run(ScriptEngine.java:194)
	at com.kms.katalon.core.main.ScriptEngine.runScriptAsRawText(ScriptEngine.java:119)
	at com.kms.katalon.core.main.TestCaseExecutor.runScript(TestCaseExecutor.java:328)
	at com.kms.katalon.core.main.TestCaseExecutor.doExecute(TestCaseExecutor.java:319)
	at com.kms.katalon.core.main.TestCaseExecutor.processExecutionPhase(TestCaseExecutor.java:298)
	at com.kms.katalon.core.main.TestCaseExecutor.accessMainPhase(TestCaseExecutor.java:290)
	at com.kms.katalon.core.main.TestCaseExecutor.execute(TestCaseExecutor.java:224)
	at com.kms.katalon.core.main.TestSuiteExecutor.accessTestCaseMainPhase(TestSuiteExecutor.java:129)
	at com.kms.katalon.core.main.TestSuiteExecutor.accessTestSuiteMainPhase(TestSuiteExecutor.java:112)
	at com.kms.katalon.core.main.TestSuiteExecutor.execute(TestSuiteExecutor.java:81)
	at com.kms.katalon.core.main.TestCaseMain.startTestSuite(TestCaseMain.java:149)
	at com.kms.katalon.core.main.TestCaseMain$startTestSuite$0.call(Unknown Source)
	at TempTestSuite1550652525208.run(TempTestSuite1550652525208.groovy:36)


2019-02-20 17:57:02 - [TEST_STEP][PASSED] - delay(3): Delayed 3 second(s)

2019-02-20 17:57:05 - [MESSAGE][PASSED] - Delayed 3 second(s)

2019-02-20 17:57:05 - [TEST_STEP][PASSED] - click(findTestObject("KeatMun/Form 7_default/OTC_Submit Form 7_Section F-G-H/Page_PERKESO/F1. Bankrup_yes")): Object: 'Object Repository/KeatMun/Form 7_default/OTC_Submit Form 7_Section F-G-H/Page_PERKESO/F1. Bankrup_yes' is clicked on

2019-02-20 17:57:07 - [MESSAGE][PASSED] - Object: 'Object Repository/KeatMun/Form 7_default/OTC_Submit Form 7_Section F-G-H/Page_PERKESO/F1. Bankrup_yes' is clicked on

2019-02-20 17:57:07 - [TEST_STEP][PASSED] - delay(3): Delayed 3 second(s)

2019-02-20 17:57:10 - [MESSAGE][PASSED] - Delayed 3 second(s)

2019-02-20 17:57:10 - [TEST_STEP][PASSED] - click(findTestObject("KeatMun/Form 7_default/OTC_Submit Form 7_Section F-G-H/Page_PERKESO/F2. Next_Page_AfterBankInfo")): Object: 'Object Repository/KeatMun/Form 7_default/OTC_Submit Form 7_Section F-G-H/Page_PERKESO/F2. Next_Page_AfterBankInfo' is clicked on

2019-02-20 17:57:12 - [MESSAGE][PASSED] - Object: 'Object Repository/KeatMun/Form 7_default/OTC_Submit Form 7_Section F-G-H/Page_PERKESO/F2. Next_Page_AfterBankInfo' is clicked on

2019-02-20 17:57:12 - [TEST_STEP][PASSED] - delay(5): Delayed 5 second(s)

2019-02-20 17:57:17 - [MESSAGE][PASSED] - Delayed 5 second(s)

2019-02-20 17:57:17 - [TEST_STEP][PASSED] - setText(findTestObject("KeatMun/Form 7_default/OTC_Submit Form 7_Section F-G-H/Page_PERKESO/G2. Hubungan dengan OB-nama"), "qwertyuiop"): Text 'qwertyuiop' is set on object 'Object Repository/KeatMun/Form 7_default/OTC_Submit Form 7_Section F-G-H/Page_PERKESO/G2. Hubungan dengan OB-nama'

2019-02-20 17:57:21 - [MESSAGE][PASSED] - Text 'qwertyuiop' is set on object 'Object Repository/KeatMun/Form 7_default/OTC_Submit Form 7_Section F-G-H/Page_PERKESO/G2. Hubungan dengan OB-nama'

2019-02-20 17:57:21 - [TEST_STEP][PASSED] - delay(2): Delayed 2 second(s)

2019-02-20 17:57:23 - [MESSAGE][PASSED] - Delayed 2 second(s)

2019-02-20 17:57:23 - [TEST_STEP][PASSED] - setText(findTestObject("KeatMun/Form 7_default/OTC_Submit Form 7_Section F-G-H/Page_PERKESO/G2. Hubungan dengan OB-ic.no"), "111111223333"): Text '111111223333' is set on object 'Object Repository/KeatMun/Form 7_default/OTC_Submit Form 7_Section F-G-H/Page_PERKESO/G2. Hubungan dengan OB-ic.no'

2019-02-20 17:57:27 - [MESSAGE][PASSED] - Text '111111223333' is set on object 'Object Repository/KeatMun/Form 7_default/OTC_Submit Form 7_Section F-G-H/Page_PERKESO/G2. Hubungan dengan OB-ic.no'

2019-02-20 17:57:27 - [TEST_STEP][PASSED] - delay(2): Delayed 2 second(s)

2019-02-20 17:57:29 - [MESSAGE][PASSED] - Delayed 2 second(s)

2019-02-20 17:57:29 - [TEST_STEP][PASSED] - setText(findTestObject("KeatMun/Form 7_default/OTC_Submit Form 7_Section F-G-H/Page_PERKESO/G2. Hubungan dengan OB-DOB"), "10/01/2019"): Text '10/01/2019' is set on object 'Object Repository/KeatMun/Form 7_default/OTC_Submit Form 7_Section F-G-H/Page_PERKESO/G2. Hubungan dengan OB-DOB'

2019-02-20 17:57:34 - [MESSAGE][PASSED] - Text '10/01/2019' is set on object 'Object Repository/KeatMun/Form 7_default/OTC_Submit Form 7_Section F-G-H/Page_PERKESO/G2. Hubungan dengan OB-DOB'

2019-02-20 17:57:34 - [TEST_STEP][PASSED] - delay(3): Delayed 3 second(s)

2019-02-20 17:57:37 - [MESSAGE][PASSED] - Delayed 3 second(s)

2019-02-20 17:57:37 - [TEST_STEP][FAILED] - click(findTestObject("KeatMun/Form 7_default/OTC_Submit Form 7_Section F-G-H/Page_PERKESO/G2. span_Isteri")): click(findTestObject("KeatMun/Form 7_default/OTC_Submit Form 7_Section F-G-H/Page_PERKESO/G2. span_Isteri")) FAILED.
Reason:
com.kms.katalon.core.exception.StepFailedException: Unable to click on object 'Object Repository/KeatMun/Form 7_default/OTC_Submit Form 7_Section F-G-H/Page_PERKESO/G2. span_Isteri' (Root cause: com.kms.katalon.core.webui.exception.WebElementNotFoundException: Web element with id: 'Object Repository/KeatMun/Form 7_default/OTC_Submit Form 7_Section F-G-H/Page_PERKESO/G2. span_Isteri' located by 'By.xpath: //span[@id = 'select2-dependentList0dependentRelationId-container' and @title = 'Isteri' and (text() = 'Isteri' or . = 'Isteri')]' not found)
	at com.kms.katalon.core.keyword.internal.KeywordMain.stepFailed(KeywordMain.groovy:36)
	at com.kms.katalon.core.webui.keyword.internal.WebUIKeywordMain.stepFailed(WebUIKeywordMain.groovy:65)
	at com.kms.katalon.core.webui.keyword.internal.WebUIKeywordMain.runKeyword(WebUIKeywordMain.groovy:27)
	at com.kms.katalon.core.webui.keyword.builtin.ClickKeyword.click(ClickKeyword.groovy:86)
	at com.kms.katalon.core.webui.keyword.builtin.ClickKeyword.execute(ClickKeyword.groovy:67)
	at com.kms.katalon.core.keyword.internal.KeywordExecutor.executeKeywordForPlatform(KeywordExecutor.groovy:53)
	at com.kms.katalon.core.webui.keyword.WebUiBuiltInKeywords.click(WebUiBuiltInKeywords.groovy:616)
	at com.kms.katalon.core.webui.keyword.WebUiBuiltInKeywords$click$3.call(Unknown Source)
	at OTC_Submit Form 7_Section F-G-H - Cheque.run(OTC_Submit Form 7_Section F-G-H - Cheque:41)
	at com.kms.katalon.core.main.ScriptEngine.run(ScriptEngine.java:194)
	at com.kms.katalon.core.main.ScriptEngine.runScriptAsRawText(ScriptEngine.java:119)
	at com.kms.katalon.core.main.TestCaseExecutor.runScript(TestCaseExecutor.java:328)
	at com.kms.katalon.core.main.TestCaseExecutor.doExecute(TestCaseExecutor.java:319)
	at com.kms.katalon.core.main.TestCaseExecutor.processExecutionPhase(TestCaseExecutor.java:298)
	at com.kms.katalon.core.main.TestCaseExecutor.accessMainPhase(TestCaseExecutor.java:290)
	at com.kms.katalon.core.main.TestCaseExecutor.execute(TestCaseExecutor.java:224)
	at com.kms.katalon.core.main.TestCaseMain.runTestCase(TestCaseMain.java:106)
	at com.kms.katalon.core.keyword.builtin.CallTestCaseKeyword$_callTestCase_closure1.doCall(CallTestCaseKeyword.groovy:59)
	at com.kms.katalon.core.keyword.builtin.CallTestCaseKeyword$_callTestCase_closure1.call(CallTestCaseKeyword.groovy)
	at com.kms.katalon.core.keyword.internal.KeywordMain.runKeyword(KeywordMain.groovy:54)
	at com.kms.katalon.core.keyword.builtin.CallTestCaseKeyword.callTestCase(CallTestCaseKeyword.groovy:80)
	at com.kms.katalon.core.keyword.builtin.CallTestCaseKeyword.execute(CallTestCaseKeyword.groovy:44)
	at com.kms.katalon.core.keyword.internal.KeywordExecutor.executeKeywordForPlatform(KeywordExecutor.groovy:53)
	at com.kms.katalon.core.keyword.BuiltinKeywords.callTestCase(BuiltinKeywords.groovy:334)
	at OTC_Submit Form 7_End to End - Cheque.run(OTC_Submit Form 7_End to End - Cheque:26)
	at com.kms.katalon.core.main.ScriptEngine.run(ScriptEngine.java:194)
	at com.kms.katalon.core.main.ScriptEngine.runScriptAsRawText(ScriptEngine.java:119)
	at com.kms.katalon.core.main.TestCaseExecutor.runScript(TestCaseExecutor.java:328)
	at com.kms.katalon.core.main.TestCaseExecutor.doExecute(TestCaseExecutor.java:319)
	at com.kms.katalon.core.main.TestCaseExecutor.processExecutionPhase(TestCaseExecutor.java:298)
	at com.kms.katalon.core.main.TestCaseExecutor.accessMainPhase(TestCaseExecutor.java:290)
	at com.kms.katalon.core.main.TestCaseExecutor.execute(TestCaseExecutor.java:224)
	at com.kms.katalon.core.main.TestCaseMain.runTestCase(TestCaseMain.java:106)
	at com.kms.katalon.core.keyword.builtin.CallTestCaseKeyword$_callTestCase_closure1.doCall(CallTestCaseKeyword.groovy:59)
	at com.kms.katalon.core.keyword.builtin.CallTestCaseKeyword$_callTestCase_closure1.call(CallTestCaseKeyword.groovy)
	at com.kms.katalon.core.keyword.internal.KeywordMain.runKeyword(KeywordMain.groovy:54)
	at com.kms.katalon.core.keyword.builtin.CallTestCaseKeyword.callTestCase(CallTestCaseKeyword.groovy:80)
	at com.kms.katalon.core.keyword.builtin.CallTestCaseKeyword.execute(CallTestCaseKeyword.groovy:44)
	at com.kms.katalon.core.keyword.internal.KeywordExecutor.executeKeywordForPlatform(KeywordExecutor.groovy:53)
	at com.kms.katalon.core.keyword.BuiltinKeywords.callTestCase(BuiltinKeywords.groovy:334)
	at Reject Application - JSA.run(Reject Application - JSA:16)
	at com.kms.katalon.core.main.ScriptEngine.run(ScriptEngine.java:194)
	at com.kms.katalon.core.main.ScriptEngine.runScriptAsRawText(ScriptEngine.java:119)
	at com.kms.katalon.core.main.TestCaseExecutor.runScript(TestCaseExecutor.java:328)
	at com.kms.katalon.core.main.TestCaseExecutor.doExecute(TestCaseExecutor.java:319)
	at com.kms.katalon.core.main.TestCaseExecutor.processExecutionPhase(TestCaseExecutor.java:298)
	at com.kms.katalon.core.main.TestCaseExecutor.accessMainPhase(TestCaseExecutor.java:290)
	at com.kms.katalon.core.main.TestCaseExecutor.execute(TestCaseExecutor.java:224)
	at com.kms.katalon.core.main.TestSuiteExecutor.accessTestCaseMainPhase(TestSuiteExecutor.java:129)
	at com.kms.katalon.core.main.TestSuiteExecutor.accessTestSuiteMainPhase(TestSuiteExecutor.java:112)
	at com.kms.katalon.core.main.TestSuiteExecutor.execute(TestSuiteExecutor.java:81)
	at com.kms.katalon.core.main.TestCaseMain.startTestSuite(TestCaseMain.java:149)
	at com.kms.katalon.core.main.TestCaseMain$startTestSuite$0.call(Unknown Source)
	at TempTestSuite1550652525208.run(TempTestSuite1550652525208.groovy:36)


2019-02-20 17:58:07 - [MESSAGE][INFO] - Unable to find the element located by 'By.xpath: //span[@id = 'select2-dependentList0dependentRelationId-container' and @title = 'Isteri' and (text() = 'Isteri' or . = 'Isteri')]'. Please recheck the objects properties to make sure the desired element is located. 

2019-02-20 17:58:09 - [MESSAGE][FAILED] - Unable to click on object 'Object Repository/KeatMun/Form 7_default/OTC_Submit Form 7_Section F-G-H/Page_PERKESO/G2. span_Isteri' (Root cause: com.kms.katalon.core.webui.exception.WebElementNotFoundException: Web element with id: 'Object Repository/KeatMun/Form 7_default/OTC_Submit Form 7_Section F-G-H/Page_PERKESO/G2. span_Isteri' located by 'By.xpath: //span[@id = 'select2-dependentList0dependentRelationId-container' and @title = 'Isteri' and (text() = 'Isteri' or . = 'Isteri')]' not found)
[[ATTACHMENT|C:\\Users\\Admin\\Documents\\GitHub\\PKSKatalon\\PKS-EI-ES\\Reports\\New Test Suite\\20190220_164845\\1550656687447.png]]

2019-02-20 17:58:09 - [MESSAGE][FAILED] - click(findTestObject("KeatMun/Form 7_default/OTC_Submit Form 7_Section F-G-H/Page_PERKESO/G2. span_Isteri")) FAILED.
Reason:
com.kms.katalon.core.exception.StepFailedException: Unable to click on object 'Object Repository/KeatMun/Form 7_default/OTC_Submit Form 7_Section F-G-H/Page_PERKESO/G2. span_Isteri' (Root cause: com.kms.katalon.core.webui.exception.WebElementNotFoundException: Web element with id: 'Object Repository/KeatMun/Form 7_default/OTC_Submit Form 7_Section F-G-H/Page_PERKESO/G2. span_Isteri' located by 'By.xpath: //span[@id = 'select2-dependentList0dependentRelationId-container' and @title = 'Isteri' and (text() = 'Isteri' or . = 'Isteri')]' not found)
	at com.kms.katalon.core.keyword.internal.KeywordMain.stepFailed(KeywordMain.groovy:36)
	at com.kms.katalon.core.webui.keyword.internal.WebUIKeywordMain.stepFailed(WebUIKeywordMain.groovy:65)
	at com.kms.katalon.core.webui.keyword.internal.WebUIKeywordMain.runKeyword(WebUIKeywordMain.groovy:27)
	at com.kms.katalon.core.webui.keyword.builtin.ClickKeyword.click(ClickKeyword.groovy:86)
	at com.kms.katalon.core.webui.keyword.builtin.ClickKeyword.execute(ClickKeyword.groovy:67)
	at com.kms.katalon.core.keyword.internal.KeywordExecutor.executeKeywordForPlatform(KeywordExecutor.groovy:53)
	at com.kms.katalon.core.webui.keyword.WebUiBuiltInKeywords.click(WebUiBuiltInKeywords.groovy:616)
	at com.kms.katalon.core.webui.keyword.WebUiBuiltInKeywords$click$3.call(Unknown Source)
	at OTC_Submit Form 7_Section F-G-H - Cheque.run(OTC_Submit Form 7_Section F-G-H - Cheque:41)
	at com.kms.katalon.core.main.ScriptEngine.run(ScriptEngine.java:194)
	at com.kms.katalon.core.main.ScriptEngine.runScriptAsRawText(ScriptEngine.java:119)
	at com.kms.katalon.core.main.TestCaseExecutor.runScript(TestCaseExecutor.java:328)
	at com.kms.katalon.core.main.TestCaseExecutor.doExecute(TestCaseExecutor.java:319)
	at com.kms.katalon.core.main.TestCaseExecutor.processExecutionPhase(TestCaseExecutor.java:298)
	at com.kms.katalon.core.main.TestCaseExecutor.accessMainPhase(TestCaseExecutor.java:290)
	at com.kms.katalon.core.main.TestCaseExecutor.execute(TestCaseExecutor.java:224)
	at com.kms.katalon.core.main.TestCaseMain.runTestCase(TestCaseMain.java:106)
	at com.kms.katalon.core.keyword.builtin.CallTestCaseKeyword$_callTestCase_closure1.doCall(CallTestCaseKeyword.groovy:59)
	at com.kms.katalon.core.keyword.builtin.CallTestCaseKeyword$_callTestCase_closure1.call(CallTestCaseKeyword.groovy)
	at com.kms.katalon.core.keyword.internal.KeywordMain.runKeyword(KeywordMain.groovy:54)
	at com.kms.katalon.core.keyword.builtin.CallTestCaseKeyword.callTestCase(CallTestCaseKeyword.groovy:80)
	at com.kms.katalon.core.keyword.builtin.CallTestCaseKeyword.execute(CallTestCaseKeyword.groovy:44)
	at com.kms.katalon.core.keyword.internal.KeywordExecutor.executeKeywordForPlatform(KeywordExecutor.groovy:53)
	at com.kms.katalon.core.keyword.BuiltinKeywords.callTestCase(BuiltinKeywords.groovy:334)
	at OTC_Submit Form 7_End to End - Cheque.run(OTC_Submit Form 7_End to End - Cheque:26)
	at com.kms.katalon.core.main.ScriptEngine.run(ScriptEngine.java:194)
	at com.kms.katalon.core.main.ScriptEngine.runScriptAsRawText(ScriptEngine.java:119)
	at com.kms.katalon.core.main.TestCaseExecutor.runScript(TestCaseExecutor.java:328)
	at com.kms.katalon.core.main.TestCaseExecutor.doExecute(TestCaseExecutor.java:319)
	at com.kms.katalon.core.main.TestCaseExecutor.processExecutionPhase(TestCaseExecutor.java:298)
	at com.kms.katalon.core.main.TestCaseExecutor.accessMainPhase(TestCaseExecutor.java:290)
	at com.kms.katalon.core.main.TestCaseExecutor.execute(TestCaseExecutor.java:224)
	at com.kms.katalon.core.main.TestCaseMain.runTestCase(TestCaseMain.java:106)
	at com.kms.katalon.core.keyword.builtin.CallTestCaseKeyword$_callTestCase_closure1.doCall(CallTestCaseKeyword.groovy:59)
	at com.kms.katalon.core.keyword.builtin.CallTestCaseKeyword$_callTestCase_closure1.call(CallTestCaseKeyword.groovy)
	at com.kms.katalon.core.keyword.internal.KeywordMain.runKeyword(KeywordMain.groovy:54)
	at com.kms.katalon.core.keyword.builtin.CallTestCaseKeyword.callTestCase(CallTestCaseKeyword.groovy:80)
	at com.kms.katalon.core.keyword.builtin.CallTestCaseKeyword.execute(CallTestCaseKeyword.groovy:44)
	at com.kms.katalon.core.keyword.internal.KeywordExecutor.executeKeywordForPlatform(KeywordExecutor.groovy:53)
	at com.kms.katalon.core.keyword.BuiltinKeywords.callTestCase(BuiltinKeywords.groovy:334)
	at Reject Application - JSA.run(Reject Application - JSA:16)
	at com.kms.katalon.core.main.ScriptEngine.run(ScriptEngine.java:194)
	at com.kms.katalon.core.main.ScriptEngine.runScriptAsRawText(ScriptEngine.java:119)
	at com.kms.katalon.core.main.TestCaseExecutor.runScript(TestCaseExecutor.java:328)
	at com.kms.katalon.core.main.TestCaseExecutor.doExecute(TestCaseExecutor.java:319)
	at com.kms.katalon.core.main.TestCaseExecutor.processExecutionPhase(TestCaseExecutor.java:298)
	at com.kms.katalon.core.main.TestCaseExecutor.accessMainPhase(TestCaseExecutor.java:290)
	at com.kms.katalon.core.main.TestCaseExecutor.execute(TestCaseExecutor.java:224)
	at com.kms.katalon.core.main.TestSuiteExecutor.accessTestCaseMainPhase(TestSuiteExecutor.java:129)
	at com.kms.katalon.core.main.TestSuiteExecutor.accessTestSuiteMainPhase(TestSuiteExecutor.java:112)
	at com.kms.katalon.core.main.TestSuiteExecutor.execute(TestSuiteExecutor.java:81)
	at com.kms.katalon.core.main.TestCaseMain.startTestSuite(TestCaseMain.java:149)
	at com.kms.katalon.core.main.TestCaseMain$startTestSuite$0.call(Unknown Source)
	at TempTestSuite1550652525208.run(TempTestSuite1550652525208.groovy:36)


2019-02-20 17:58:09 - [MESSAGE][FAILED] - Unable to call Test Case 'Test Cases/All TC/Arranged/3. Unit/EI/Form 7_default/OTC_Submit Form 7_Section F-G-H - Cheque' (Root cause: com.kms.katalon.core.exception.StepFailedException: Call Test Case 'Test Cases/All TC/Arranged/3. Unit/EI/Form 7_default/OTC_Submit Form 7_Section F-G-H - Cheque' failed)

2019-02-20 17:58:09 - [MESSAGE][FAILED] - callTestCase(findTestCase("All TC/Arranged/3. Unit/EI/Form 7_default/OTC_Submit Form 7_Section F-G-H - Cheque"), [:], STOP_ON_FAILURE) FAILED.
Reason:
com.kms.katalon.core.exception.StepFailedException: Unable to click on object 'Object Repository/KeatMun/Form 7_default/OTC_Submit Form 7_Section F-G-H/Page_PERKESO/G2. span_Isteri' (Root cause: com.kms.katalon.core.webui.exception.WebElementNotFoundException: Web element with id: 'Object Repository/KeatMun/Form 7_default/OTC_Submit Form 7_Section F-G-H/Page_PERKESO/G2. span_Isteri' located by 'By.xpath: //span[@id = 'select2-dependentList0dependentRelationId-container' and @title = 'Isteri' and (text() = 'Isteri' or . = 'Isteri')]' not found)
	at com.kms.katalon.core.keyword.internal.KeywordMain.stepFailed(KeywordMain.groovy:36)
	at com.kms.katalon.core.webui.keyword.internal.WebUIKeywordMain.stepFailed(WebUIKeywordMain.groovy:65)
	at com.kms.katalon.core.webui.keyword.internal.WebUIKeywordMain.runKeyword(WebUIKeywordMain.groovy:27)
	at com.kms.katalon.core.webui.keyword.builtin.ClickKeyword.click(ClickKeyword.groovy:86)
	at com.kms.katalon.core.webui.keyword.builtin.ClickKeyword.execute(ClickKeyword.groovy:67)
	at com.kms.katalon.core.keyword.internal.KeywordExecutor.executeKeywordForPlatform(KeywordExecutor.groovy:53)
	at com.kms.katalon.core.webui.keyword.WebUiBuiltInKeywords.click(WebUiBuiltInKeywords.groovy:616)
	at com.kms.katalon.core.webui.keyword.WebUiBuiltInKeywords$click$3.call(Unknown Source)
	at OTC_Submit Form 7_Section F-G-H - Cheque.run(OTC_Submit Form 7_Section F-G-H - Cheque:41)
	at com.kms.katalon.core.main.ScriptEngine.run(ScriptEngine.java:194)
	at com.kms.katalon.core.main.ScriptEngine.runScriptAsRawText(ScriptEngine.java:119)
	at com.kms.katalon.core.main.TestCaseExecutor.runScript(TestCaseExecutor.java:328)
	at com.kms.katalon.core.main.TestCaseExecutor.doExecute(TestCaseExecutor.java:319)
	at com.kms.katalon.core.main.TestCaseExecutor.processExecutionPhase(TestCaseExecutor.java:298)
	at com.kms.katalon.core.main.TestCaseExecutor.accessMainPhase(TestCaseExecutor.java:290)
	at com.kms.katalon.core.main.TestCaseExecutor.execute(TestCaseExecutor.java:224)
	at com.kms.katalon.core.main.TestCaseMain.runTestCase(TestCaseMain.java:106)
	at com.kms.katalon.core.keyword.builtin.CallTestCaseKeyword$_callTestCase_closure1.doCall(CallTestCaseKeyword.groovy:59)
	at com.kms.katalon.core.keyword.builtin.CallTestCaseKeyword$_callTestCase_closure1.call(CallTestCaseKeyword.groovy)
	at com.kms.katalon.core.keyword.internal.KeywordMain.runKeyword(KeywordMain.groovy:54)
	at com.kms.katalon.core.keyword.builtin.CallTestCaseKeyword.callTestCase(CallTestCaseKeyword.groovy:80)
	at com.kms.katalon.core.keyword.builtin.CallTestCaseKeyword.execute(CallTestCaseKeyword.groovy:44)
	at com.kms.katalon.core.keyword.internal.KeywordExecutor.executeKeywordForPlatform(KeywordExecutor.groovy:53)
	at com.kms.katalon.core.keyword.BuiltinKeywords.callTestCase(BuiltinKeywords.groovy:334)
	at OTC_Submit Form 7_End to End - Cheque.run(OTC_Submit Form 7_End to End - Cheque:26)
	at com.kms.katalon.core.main.ScriptEngine.run(ScriptEngine.java:194)
	at com.kms.katalon.core.main.ScriptEngine.runScriptAsRawText(ScriptEngine.java:119)
	at com.kms.katalon.core.main.TestCaseExecutor.runScript(TestCaseExecutor.java:328)
	at com.kms.katalon.core.main.TestCaseExecutor.doExecute(TestCaseExecutor.java:319)
	at com.kms.katalon.core.main.TestCaseExecutor.processExecutionPhase(TestCaseExecutor.java:298)
	at com.kms.katalon.core.main.TestCaseExecutor.accessMainPhase(TestCaseExecutor.java:290)
	at com.kms.katalon.core.main.TestCaseExecutor.execute(TestCaseExecutor.java:224)
	at com.kms.katalon.core.main.TestCaseMain.runTestCase(TestCaseMain.java:106)
	at com.kms.katalon.core.keyword.builtin.CallTestCaseKeyword$_callTestCase_closure1.doCall(CallTestCaseKeyword.groovy:59)
	at com.kms.katalon.core.keyword.builtin.CallTestCaseKeyword$_callTestCase_closure1.call(CallTestCaseKeyword.groovy)
	at com.kms.katalon.core.keyword.internal.KeywordMain.runKeyword(KeywordMain.groovy:54)
	at com.kms.katalon.core.keyword.builtin.CallTestCaseKeyword.callTestCase(CallTestCaseKeyword.groovy:80)
	at com.kms.katalon.core.keyword.builtin.CallTestCaseKeyword.execute(CallTestCaseKeyword.groovy:44)
	at com.kms.katalon.core.keyword.internal.KeywordExecutor.executeKeywordForPlatform(KeywordExecutor.groovy:53)
	at com.kms.katalon.core.keyword.BuiltinKeywords.callTestCase(BuiltinKeywords.groovy:334)
	at Reject Application - JSA.run(Reject Application - JSA:16)
	at com.kms.katalon.core.main.ScriptEngine.run(ScriptEngine.java:194)
	at com.kms.katalon.core.main.ScriptEngine.runScriptAsRawText(ScriptEngine.java:119)
	at com.kms.katalon.core.main.TestCaseExecutor.runScript(TestCaseExecutor.java:328)
	at com.kms.katalon.core.main.TestCaseExecutor.doExecute(TestCaseExecutor.java:319)
	at com.kms.katalon.core.main.TestCaseExecutor.processExecutionPhase(TestCaseExecutor.java:298)
	at com.kms.katalon.core.main.TestCaseExecutor.accessMainPhase(TestCaseExecutor.java:290)
	at com.kms.katalon.core.main.TestCaseExecutor.execute(TestCaseExecutor.java:224)
	at com.kms.katalon.core.main.TestSuiteExecutor.accessTestCaseMainPhase(TestSuiteExecutor.java:129)
	at com.kms.katalon.core.main.TestSuiteExecutor.accessTestSuiteMainPhase(TestSuiteExecutor.java:112)
	at com.kms.katalon.core.main.TestSuiteExecutor.execute(TestSuiteExecutor.java:81)
	at com.kms.katalon.core.main.TestCaseMain.startTestSuite(TestCaseMain.java:149)
	at com.kms.katalon.core.main.TestCaseMain$startTestSuite$0.call(Unknown Source)
	at TempTestSuite1550652525208.run(TempTestSuite1550652525208.groovy:36)


2019-02-20 17:58:10 - [MESSAGE][FAILED] - Unable to call Test Case 'Test Cases/All TC/Arranged/2. Segment/OTC_Submit Form 7_End to End - Cheque' (Root cause: com.kms.katalon.core.exception.StepFailedException: Call Test Case 'Test Cases/All TC/Arranged/2. Segment/OTC_Submit Form 7_End to End - Cheque' failed)

2019-02-20 17:58:10 - [MESSAGE][FAILED] - callTestCase(findTestCase("All TC/Arranged/2. Segment/OTC_Submit Form 7_End to End - Cheque"), [:], STOP_ON_FAILURE) FAILED.
Reason:
com.kms.katalon.core.exception.StepFailedException: Unable to click on object 'Object Repository/KeatMun/Form 7_default/OTC_Submit Form 7_Section F-G-H/Page_PERKESO/G2. span_Isteri' (Root cause: com.kms.katalon.core.webui.exception.WebElementNotFoundException: Web element with id: 'Object Repository/KeatMun/Form 7_default/OTC_Submit Form 7_Section F-G-H/Page_PERKESO/G2. span_Isteri' located by 'By.xpath: //span[@id = 'select2-dependentList0dependentRelationId-container' and @title = 'Isteri' and (text() = 'Isteri' or . = 'Isteri')]' not found)
	at com.kms.katalon.core.keyword.internal.KeywordMain.stepFailed(KeywordMain.groovy:36)
	at com.kms.katalon.core.webui.keyword.internal.WebUIKeywordMain.stepFailed(WebUIKeywordMain.groovy:65)
	at com.kms.katalon.core.webui.keyword.internal.WebUIKeywordMain.runKeyword(WebUIKeywordMain.groovy:27)
	at com.kms.katalon.core.webui.keyword.builtin.ClickKeyword.click(ClickKeyword.groovy:86)
	at com.kms.katalon.core.webui.keyword.builtin.ClickKeyword.execute(ClickKeyword.groovy:67)
	at com.kms.katalon.core.keyword.internal.KeywordExecutor.executeKeywordForPlatform(KeywordExecutor.groovy:53)
	at com.kms.katalon.core.webui.keyword.WebUiBuiltInKeywords.click(WebUiBuiltInKeywords.groovy:616)
	at com.kms.katalon.core.webui.keyword.WebUiBuiltInKeywords$click$3.call(Unknown Source)
	at OTC_Submit Form 7_Section F-G-H - Cheque.run(OTC_Submit Form 7_Section F-G-H - Cheque:41)
	at com.kms.katalon.core.main.ScriptEngine.run(ScriptEngine.java:194)
	at com.kms.katalon.core.main.ScriptEngine.runScriptAsRawText(ScriptEngine.java:119)
	at com.kms.katalon.core.main.TestCaseExecutor.runScript(TestCaseExecutor.java:328)
	at com.kms.katalon.core.main.TestCaseExecutor.doExecute(TestCaseExecutor.java:319)
	at com.kms.katalon.core.main.TestCaseExecutor.processExecutionPhase(TestCaseExecutor.java:298)
	at com.kms.katalon.core.main.TestCaseExecutor.accessMainPhase(TestCaseExecutor.java:290)
	at com.kms.katalon.core.main.TestCaseExecutor.execute(TestCaseExecutor.java:224)
	at com.kms.katalon.core.main.TestCaseMain.runTestCase(TestCaseMain.java:106)
	at com.kms.katalon.core.keyword.builtin.CallTestCaseKeyword$_callTestCase_closure1.doCall(CallTestCaseKeyword.groovy:59)
	at com.kms.katalon.core.keyword.builtin.CallTestCaseKeyword$_callTestCase_closure1.call(CallTestCaseKeyword.groovy)
	at com.kms.katalon.core.keyword.internal.KeywordMain.runKeyword(KeywordMain.groovy:54)
	at com.kms.katalon.core.keyword.builtin.CallTestCaseKeyword.callTestCase(CallTestCaseKeyword.groovy:80)
	at com.kms.katalon.core.keyword.builtin.CallTestCaseKeyword.execute(CallTestCaseKeyword.groovy:44)
	at com.kms.katalon.core.keyword.internal.KeywordExecutor.executeKeywordForPlatform(KeywordExecutor.groovy:53)
	at com.kms.katalon.core.keyword.BuiltinKeywords.callTestCase(BuiltinKeywords.groovy:334)
	at OTC_Submit Form 7_End to End - Cheque.run(OTC_Submit Form 7_End to End - Cheque:26)
	at com.kms.katalon.core.main.ScriptEngine.run(ScriptEngine.java:194)
	at com.kms.katalon.core.main.ScriptEngine.runScriptAsRawText(ScriptEngine.java:119)
	at com.kms.katalon.core.main.TestCaseExecutor.runScript(TestCaseExecutor.java:328)
	at com.kms.katalon.core.main.TestCaseExecutor.doExecute(TestCaseExecutor.java:319)
	at com.kms.katalon.core.main.TestCaseExecutor.processExecutionPhase(TestCaseExecutor.java:298)
	at com.kms.katalon.core.main.TestCaseExecutor.accessMainPhase(TestCaseExecutor.java:290)
	at com.kms.katalon.core.main.TestCaseExecutor.execute(TestCaseExecutor.java:224)
	at com.kms.katalon.core.main.TestCaseMain.runTestCase(TestCaseMain.java:106)
	at com.kms.katalon.core.keyword.builtin.CallTestCaseKeyword$_callTestCase_closure1.doCall(CallTestCaseKeyword.groovy:59)
	at com.kms.katalon.core.keyword.builtin.CallTestCaseKeyword$_callTestCase_closure1.call(CallTestCaseKeyword.groovy)
	at com.kms.katalon.core.keyword.internal.KeywordMain.runKeyword(KeywordMain.groovy:54)
	at com.kms.katalon.core.keyword.builtin.CallTestCaseKeyword.callTestCase(CallTestCaseKeyword.groovy:80)
	at com.kms.katalon.core.keyword.builtin.CallTestCaseKeyword.execute(CallTestCaseKeyword.groovy:44)
	at com.kms.katalon.core.keyword.internal.KeywordExecutor.executeKeywordForPlatform(KeywordExecutor.groovy:53)
	at com.kms.katalon.core.keyword.BuiltinKeywords.callTestCase(BuiltinKeywords.groovy:334)
	at Reject Application - JSA.run(Reject Application - JSA:16)
	at com.kms.katalon.core.main.ScriptEngine.run(ScriptEngine.java:194)
	at com.kms.katalon.core.main.ScriptEngine.runScriptAsRawText(ScriptEngine.java:119)
	at com.kms.katalon.core.main.TestCaseExecutor.runScript(TestCaseExecutor.java:328)
	at com.kms.katalon.core.main.TestCaseExecutor.doExecute(TestCaseExecutor.java:319)
	at com.kms.katalon.core.main.TestCaseExecutor.processExecutionPhase(TestCaseExecutor.java:298)
	at com.kms.katalon.core.main.TestCaseExecutor.accessMainPhase(TestCaseExecutor.java:290)
	at com.kms.katalon.core.main.TestCaseExecutor.execute(TestCaseExecutor.java:224)
	at com.kms.katalon.core.main.TestSuiteExecutor.accessTestCaseMainPhase(TestSuiteExecutor.java:129)
	at com.kms.katalon.core.main.TestSuiteExecutor.accessTestSuiteMainPhase(TestSuiteExecutor.java:112)
	at com.kms.katalon.core.main.TestSuiteExecutor.execute(TestSuiteExecutor.java:81)
	at com.kms.katalon.core.main.TestCaseMain.startTestSuite(TestCaseMain.java:149)
	at com.kms.katalon.core.main.TestCaseMain$startTestSuite$0.call(Unknown Source)
	at TempTestSuite1550652525208.run(TempTestSuite1550652525208.groovy:36)]]></system-out>
         <system-err><![CDATA[2019-02-20 17:48:23 - [TEST_CASE][FAILED] - Test Cases/All TC/Arranged/0. Full Flow/Reject Application - JSA: Test Cases/All TC/Arranged/0. Full Flow/Reject Application - JSA FAILED.
Reason:
com.kms.katalon.core.exception.StepFailedException: Unable to click on object 'Object Repository/KeatMun/Form 7_default/OTC_Submit Form 7_Section F-G-H/Page_PERKESO/G2. span_Isteri' (Root cause: com.kms.katalon.core.webui.exception.WebElementNotFoundException: Web element with id: 'Object Repository/KeatMun/Form 7_default/OTC_Submit Form 7_Section F-G-H/Page_PERKESO/G2. span_Isteri' located by 'By.xpath: //span[@id = 'select2-dependentList0dependentRelationId-container' and @title = 'Isteri' and (text() = 'Isteri' or . = 'Isteri')]' not found)
	at com.kms.katalon.core.keyword.internal.KeywordMain.stepFailed(KeywordMain.groovy:36)
	at com.kms.katalon.core.webui.keyword.internal.WebUIKeywordMain.stepFailed(WebUIKeywordMain.groovy:65)
	at com.kms.katalon.core.webui.keyword.internal.WebUIKeywordMain.runKeyword(WebUIKeywordMain.groovy:27)
	at com.kms.katalon.core.webui.keyword.builtin.ClickKeyword.click(ClickKeyword.groovy:86)
	at com.kms.katalon.core.webui.keyword.builtin.ClickKeyword.execute(ClickKeyword.groovy:67)
	at com.kms.katalon.core.keyword.internal.KeywordExecutor.executeKeywordForPlatform(KeywordExecutor.groovy:53)
	at com.kms.katalon.core.webui.keyword.WebUiBuiltInKeywords.click(WebUiBuiltInKeywords.groovy:616)
	at com.kms.katalon.core.webui.keyword.WebUiBuiltInKeywords$click$3.call(Unknown Source)
	at OTC_Submit Form 7_Section F-G-H - Cheque.run(OTC_Submit Form 7_Section F-G-H - Cheque:41)
	at com.kms.katalon.core.main.ScriptEngine.run(ScriptEngine.java:194)
	at com.kms.katalon.core.main.ScriptEngine.runScriptAsRawText(ScriptEngine.java:119)
	at com.kms.katalon.core.main.TestCaseExecutor.runScript(TestCaseExecutor.java:328)
	at com.kms.katalon.core.main.TestCaseExecutor.doExecute(TestCaseExecutor.java:319)
	at com.kms.katalon.core.main.TestCaseExecutor.processExecutionPhase(TestCaseExecutor.java:298)
	at com.kms.katalon.core.main.TestCaseExecutor.accessMainPhase(TestCaseExecutor.java:290)
	at com.kms.katalon.core.main.TestCaseExecutor.execute(TestCaseExecutor.java:224)
	at com.kms.katalon.core.main.TestCaseMain.runTestCase(TestCaseMain.java:106)
	at com.kms.katalon.core.keyword.builtin.CallTestCaseKeyword$_callTestCase_closure1.doCall(CallTestCaseKeyword.groovy:59)
	at com.kms.katalon.core.keyword.builtin.CallTestCaseKeyword$_callTestCase_closure1.call(CallTestCaseKeyword.groovy)
	at com.kms.katalon.core.keyword.internal.KeywordMain.runKeyword(KeywordMain.groovy:54)
	at com.kms.katalon.core.keyword.builtin.CallTestCaseKeyword.callTestCase(CallTestCaseKeyword.groovy:80)
	at com.kms.katalon.core.keyword.builtin.CallTestCaseKeyword.execute(CallTestCaseKeyword.groovy:44)
	at com.kms.katalon.core.keyword.internal.KeywordExecutor.executeKeywordForPlatform(KeywordExecutor.groovy:53)
	at com.kms.katalon.core.keyword.BuiltinKeywords.callTestCase(BuiltinKeywords.groovy:334)
	at OTC_Submit Form 7_End to End - Cheque.run(OTC_Submit Form 7_End to End - Cheque:26)
	at com.kms.katalon.core.main.ScriptEngine.run(ScriptEngine.java:194)
	at com.kms.katalon.core.main.ScriptEngine.runScriptAsRawText(ScriptEngine.java:119)
	at com.kms.katalon.core.main.TestCaseExecutor.runScript(TestCaseExecutor.java:328)
	at com.kms.katalon.core.main.TestCaseExecutor.doExecute(TestCaseExecutor.java:319)
	at com.kms.katalon.core.main.TestCaseExecutor.processExecutionPhase(TestCaseExecutor.java:298)
	at com.kms.katalon.core.main.TestCaseExecutor.accessMainPhase(TestCaseExecutor.java:290)
	at com.kms.katalon.core.main.TestCaseExecutor.execute(TestCaseExecutor.java:224)
	at com.kms.katalon.core.main.TestCaseMain.runTestCase(TestCaseMain.java:106)
	at com.kms.katalon.core.keyword.builtin.CallTestCaseKeyword$_callTestCase_closure1.doCall(CallTestCaseKeyword.groovy:59)
	at com.kms.katalon.core.keyword.builtin.CallTestCaseKeyword$_callTestCase_closure1.call(CallTestCaseKeyword.groovy)
	at com.kms.katalon.core.keyword.internal.KeywordMain.runKeyword(KeywordMain.groovy:54)
	at com.kms.katalon.core.keyword.builtin.CallTestCaseKeyword.callTestCase(CallTestCaseKeyword.groovy:80)
	at com.kms.katalon.core.keyword.builtin.CallTestCaseKeyword.execute(CallTestCaseKeyword.groovy:44)
	at com.kms.katalon.core.keyword.internal.KeywordExecutor.executeKeywordForPlatform(KeywordExecutor.groovy:53)
	at com.kms.katalon.core.keyword.BuiltinKeywords.callTestCase(BuiltinKeywords.groovy:334)
	at Reject Application - JSA.run(Reject Application - JSA:16)
	at com.kms.katalon.core.main.ScriptEngine.run(ScriptEngine.java:194)
	at com.kms.katalon.core.main.ScriptEngine.runScriptAsRawText(ScriptEngine.java:119)
	at com.kms.katalon.core.main.TestCaseExecutor.runScript(TestCaseExecutor.java:328)
	at com.kms.katalon.core.main.TestCaseExecutor.doExecute(TestCaseExecutor.java:319)
	at com.kms.katalon.core.main.TestCaseExecutor.processExecutionPhase(TestCaseExecutor.java:298)
	at com.kms.katalon.core.main.TestCaseExecutor.accessMainPhase(TestCaseExecutor.java:290)
	at com.kms.katalon.core.main.TestCaseExecutor.execute(TestCaseExecutor.java:224)
	at com.kms.katalon.core.main.TestSuiteExecutor.accessTestCaseMainPhase(TestSuiteExecutor.java:129)
	at com.kms.katalon.core.main.TestSuiteExecutor.accessTestSuiteMainPhase(TestSuiteExecutor.java:112)
	at com.kms.katalon.core.main.TestSuiteExecutor.execute(TestSuiteExecutor.java:81)
	at com.kms.katalon.core.main.TestCaseMain.startTestSuite(TestCaseMain.java:149)
	at com.kms.katalon.core.main.TestCaseMain$startTestSuite$0.call(Unknown Source)
	at TempTestSuite1550652525208.run(TempTestSuite1550652525208.groovy:36)]]></system-err>
      </testcase>
      <testcase name="Test Cases/All TC/Arranged/0. Full Flow/Query/Same branch - SEIO" classname="Test Cases/All TC/Arranged/0. Full Flow/Query/Same branch - SEIO" status="FAILED">
         <failure type="FAILED" message="Test Cases/All TC/Arranged/0. Full Flow/Query/Same branch - SEIO FAILED.
Reason:
com.kms.katalon.core.exception.StepFailedException: Unable to click on object 'Object Repository/KeatMun/Form 7_default/OTC_Submit Form 7_Section F-G-H/Page_PERKESO/G2. span_Isteri' (Root cause: com.kms.katalon.core.webui.exception.WebElementNotFoundException: Web element with id: 'Object Repository/KeatMun/Form 7_default/OTC_Submit Form 7_Section F-G-H/Page_PERKESO/G2. span_Isteri' located by 'By.xpath: //span[@id = 'select2-dependentList0dependentRelationId-container' and @title = 'Isteri' and (text() = 'Isteri' or . = 'Isteri')]' not found)
	at com.kms.katalon.core.keyword.internal.KeywordMain.stepFailed(KeywordMain.groovy:36)
	at com.kms.katalon.core.webui.keyword.internal.WebUIKeywordMain.stepFailed(WebUIKeywordMain.groovy:65)
	at com.kms.katalon.core.webui.keyword.internal.WebUIKeywordMain.runKeyword(WebUIKeywordMain.groovy:27)
	at com.kms.katalon.core.webui.keyword.builtin.ClickKeyword.click(ClickKeyword.groovy:86)
	at com.kms.katalon.core.webui.keyword.builtin.ClickKeyword.execute(ClickKeyword.groovy:67)
	at com.kms.katalon.core.keyword.internal.KeywordExecutor.executeKeywordForPlatform(KeywordExecutor.groovy:53)
	at com.kms.katalon.core.webui.keyword.WebUiBuiltInKeywords.click(WebUiBuiltInKeywords.groovy:616)
	at com.kms.katalon.core.webui.keyword.WebUiBuiltInKeywords$click$3.call(Unknown Source)
	at OTC_Submit Form 7_Section F-G-H - Cheque.run(OTC_Submit Form 7_Section F-G-H - Cheque:41)
	at com.kms.katalon.core.main.ScriptEngine.run(ScriptEngine.java:194)
	at com.kms.katalon.core.main.ScriptEngine.runScriptAsRawText(ScriptEngine.java:119)
	at com.kms.katalon.core.main.TestCaseExecutor.runScript(TestCaseExecutor.java:328)
	at com.kms.katalon.core.main.TestCaseExecutor.doExecute(TestCaseExecutor.java:319)
	at com.kms.katalon.core.main.TestCaseExecutor.processExecutionPhase(TestCaseExecutor.java:298)
	at com.kms.katalon.core.main.TestCaseExecutor.accessMainPhase(TestCaseExecutor.java:290)
	at com.kms.katalon.core.main.TestCaseExecutor.execute(TestCaseExecutor.java:224)
	at com.kms.katalon.core.main.TestCaseMain.runTestCase(TestCaseMain.java:106)
	at com.kms.katalon.core.keyword.builtin.CallTestCaseKeyword$_callTestCase_closure1.doCall(CallTestCaseKeyword.groovy:59)
	at com.kms.katalon.core.keyword.builtin.CallTestCaseKeyword$_callTestCase_closure1.call(CallTestCaseKeyword.groovy)
	at com.kms.katalon.core.keyword.internal.KeywordMain.runKeyword(KeywordMain.groovy:54)
	at com.kms.katalon.core.keyword.builtin.CallTestCaseKeyword.callTestCase(CallTestCaseKeyword.groovy:80)
	at com.kms.katalon.core.keyword.builtin.CallTestCaseKeyword.execute(CallTestCaseKeyword.groovy:44)
	at com.kms.katalon.core.keyword.internal.KeywordExecutor.executeKeywordForPlatform(KeywordExecutor.groovy:53)
	at com.kms.katalon.core.keyword.BuiltinKeywords.callTestCase(BuiltinKeywords.groovy:334)
	at OTC_Submit Form 7_End to End - Cheque.run(OTC_Submit Form 7_End to End - Cheque:26)
	at com.kms.katalon.core.main.ScriptEngine.run(ScriptEngine.java:194)
	at com.kms.katalon.core.main.ScriptEngine.runScriptAsRawText(ScriptEngine.java:119)
	at com.kms.katalon.core.main.TestCaseExecutor.runScript(TestCaseExecutor.java:328)
	at com.kms.katalon.core.main.TestCaseExecutor.doExecute(TestCaseExecutor.java:319)
	at com.kms.katalon.core.main.TestCaseExecutor.processExecutionPhase(TestCaseExecutor.java:298)
	at com.kms.katalon.core.main.TestCaseExecutor.accessMainPhase(TestCaseExecutor.java:290)
	at com.kms.katalon.core.main.TestCaseExecutor.execute(TestCaseExecutor.java:224)
	at com.kms.katalon.core.main.TestCaseMain.runTestCase(TestCaseMain.java:106)
	at com.kms.katalon.core.keyword.builtin.CallTestCaseKeyword$_callTestCase_closure1.doCall(CallTestCaseKeyword.groovy:59)
	at com.kms.katalon.core.keyword.builtin.CallTestCaseKeyword$_callTestCase_closure1.call(CallTestCaseKeyword.groovy)
	at com.kms.katalon.core.keyword.internal.KeywordMain.runKeyword(KeywordMain.groovy:54)
	at com.kms.katalon.core.keyword.builtin.CallTestCaseKeyword.callTestCase(CallTestCaseKeyword.groovy:80)
	at com.kms.katalon.core.keyword.builtin.CallTestCaseKeyword.execute(CallTestCaseKeyword.groovy:44)
	at com.kms.katalon.core.keyword.internal.KeywordExecutor.executeKeywordForPlatform(KeywordExecutor.groovy:53)
	at com.kms.katalon.core.keyword.BuiltinKeywords.callTestCase(BuiltinKeywords.groovy:334)
	at Same branch - SEIO.run(Same branch - SEIO:16)
	at com.kms.katalon.core.main.ScriptEngine.run(ScriptEngine.java:194)
	at com.kms.katalon.core.main.ScriptEngine.runScriptAsRawText(ScriptEngine.java:119)
	at com.kms.katalon.core.main.TestCaseExecutor.runScript(TestCaseExecutor.java:328)
	at com.kms.katalon.core.main.TestCaseExecutor.doExecute(TestCaseExecutor.java:319)
	at com.kms.katalon.core.main.TestCaseExecutor.processExecutionPhase(TestCaseExecutor.java:298)
	at com.kms.katalon.core.main.TestCaseExecutor.accessMainPhase(TestCaseExecutor.java:290)
	at com.kms.katalon.core.main.TestCaseExecutor.execute(TestCaseExecutor.java:224)
	at com.kms.katalon.core.main.TestSuiteExecutor.accessTestCaseMainPhase(TestSuiteExecutor.java:129)
	at com.kms.katalon.core.main.TestSuiteExecutor.accessTestSuiteMainPhase(TestSuiteExecutor.java:112)
	at com.kms.katalon.core.main.TestSuiteExecutor.execute(TestSuiteExecutor.java:81)
	at com.kms.katalon.core.main.TestCaseMain.startTestSuite(TestCaseMain.java:149)
	at com.kms.katalon.core.main.TestCaseMain$startTestSuite$0.call(Unknown Source)
	at TempTestSuite1550652525208.run(TempTestSuite1550652525208.groovy:36)
"/>
         <system-out><![CDATA[2019-02-20 17:58:10 - [TEST_CASE][FAILED] - Test Cases/All TC/Arranged/0. Full Flow/Query/Same branch - SEIO: Test Cases/All TC/Arranged/0. Full Flow/Query/Same branch - SEIO FAILED.
Reason:
com.kms.katalon.core.exception.StepFailedException: Unable to click on object 'Object Repository/KeatMun/Form 7_default/OTC_Submit Form 7_Section F-G-H/Page_PERKESO/G2. span_Isteri' (Root cause: com.kms.katalon.core.webui.exception.WebElementNotFoundException: Web element with id: 'Object Repository/KeatMun/Form 7_default/OTC_Submit Form 7_Section F-G-H/Page_PERKESO/G2. span_Isteri' located by 'By.xpath: //span[@id = 'select2-dependentList0dependentRelationId-container' and @title = 'Isteri' and (text() = 'Isteri' or . = 'Isteri')]' not found)
	at com.kms.katalon.core.keyword.internal.KeywordMain.stepFailed(KeywordMain.groovy:36)
	at com.kms.katalon.core.webui.keyword.internal.WebUIKeywordMain.stepFailed(WebUIKeywordMain.groovy:65)
	at com.kms.katalon.core.webui.keyword.internal.WebUIKeywordMain.runKeyword(WebUIKeywordMain.groovy:27)
	at com.kms.katalon.core.webui.keyword.builtin.ClickKeyword.click(ClickKeyword.groovy:86)
	at com.kms.katalon.core.webui.keyword.builtin.ClickKeyword.execute(ClickKeyword.groovy:67)
	at com.kms.katalon.core.keyword.internal.KeywordExecutor.executeKeywordForPlatform(KeywordExecutor.groovy:53)
	at com.kms.katalon.core.webui.keyword.WebUiBuiltInKeywords.click(WebUiBuiltInKeywords.groovy:616)
	at com.kms.katalon.core.webui.keyword.WebUiBuiltInKeywords$click$3.call(Unknown Source)
	at OTC_Submit Form 7_Section F-G-H - Cheque.run(OTC_Submit Form 7_Section F-G-H - Cheque:41)
	at com.kms.katalon.core.main.ScriptEngine.run(ScriptEngine.java:194)
	at com.kms.katalon.core.main.ScriptEngine.runScriptAsRawText(ScriptEngine.java:119)
	at com.kms.katalon.core.main.TestCaseExecutor.runScript(TestCaseExecutor.java:328)
	at com.kms.katalon.core.main.TestCaseExecutor.doExecute(TestCaseExecutor.java:319)
	at com.kms.katalon.core.main.TestCaseExecutor.processExecutionPhase(TestCaseExecutor.java:298)
	at com.kms.katalon.core.main.TestCaseExecutor.accessMainPhase(TestCaseExecutor.java:290)
	at com.kms.katalon.core.main.TestCaseExecutor.execute(TestCaseExecutor.java:224)
	at com.kms.katalon.core.main.TestCaseMain.runTestCase(TestCaseMain.java:106)
	at com.kms.katalon.core.keyword.builtin.CallTestCaseKeyword$_callTestCase_closure1.doCall(CallTestCaseKeyword.groovy:59)
	at com.kms.katalon.core.keyword.builtin.CallTestCaseKeyword$_callTestCase_closure1.call(CallTestCaseKeyword.groovy)
	at com.kms.katalon.core.keyword.internal.KeywordMain.runKeyword(KeywordMain.groovy:54)
	at com.kms.katalon.core.keyword.builtin.CallTestCaseKeyword.callTestCase(CallTestCaseKeyword.groovy:80)
	at com.kms.katalon.core.keyword.builtin.CallTestCaseKeyword.execute(CallTestCaseKeyword.groovy:44)
	at com.kms.katalon.core.keyword.internal.KeywordExecutor.executeKeywordForPlatform(KeywordExecutor.groovy:53)
	at com.kms.katalon.core.keyword.BuiltinKeywords.callTestCase(BuiltinKeywords.groovy:334)
	at OTC_Submit Form 7_End to End - Cheque.run(OTC_Submit Form 7_End to End - Cheque:26)
	at com.kms.katalon.core.main.ScriptEngine.run(ScriptEngine.java:194)
	at com.kms.katalon.core.main.ScriptEngine.runScriptAsRawText(ScriptEngine.java:119)
	at com.kms.katalon.core.main.TestCaseExecutor.runScript(TestCaseExecutor.java:328)
	at com.kms.katalon.core.main.TestCaseExecutor.doExecute(TestCaseExecutor.java:319)
	at com.kms.katalon.core.main.TestCaseExecutor.processExecutionPhase(TestCaseExecutor.java:298)
	at com.kms.katalon.core.main.TestCaseExecutor.accessMainPhase(TestCaseExecutor.java:290)
	at com.kms.katalon.core.main.TestCaseExecutor.execute(TestCaseExecutor.java:224)
	at com.kms.katalon.core.main.TestCaseMain.runTestCase(TestCaseMain.java:106)
	at com.kms.katalon.core.keyword.builtin.CallTestCaseKeyword$_callTestCase_closure1.doCall(CallTestCaseKeyword.groovy:59)
	at com.kms.katalon.core.keyword.builtin.CallTestCaseKeyword$_callTestCase_closure1.call(CallTestCaseKeyword.groovy)
	at com.kms.katalon.core.keyword.internal.KeywordMain.runKeyword(KeywordMain.groovy:54)
	at com.kms.katalon.core.keyword.builtin.CallTestCaseKeyword.callTestCase(CallTestCaseKeyword.groovy:80)
	at com.kms.katalon.core.keyword.builtin.CallTestCaseKeyword.execute(CallTestCaseKeyword.groovy:44)
	at com.kms.katalon.core.keyword.internal.KeywordExecutor.executeKeywordForPlatform(KeywordExecutor.groovy:53)
	at com.kms.katalon.core.keyword.BuiltinKeywords.callTestCase(BuiltinKeywords.groovy:334)
	at Same branch - SEIO.run(Same branch - SEIO:16)
	at com.kms.katalon.core.main.ScriptEngine.run(ScriptEngine.java:194)
	at com.kms.katalon.core.main.ScriptEngine.runScriptAsRawText(ScriptEngine.java:119)
	at com.kms.katalon.core.main.TestCaseExecutor.runScript(TestCaseExecutor.java:328)
	at com.kms.katalon.core.main.TestCaseExecutor.doExecute(TestCaseExecutor.java:319)
	at com.kms.katalon.core.main.TestCaseExecutor.processExecutionPhase(TestCaseExecutor.java:298)
	at com.kms.katalon.core.main.TestCaseExecutor.accessMainPhase(TestCaseExecutor.java:290)
	at com.kms.katalon.core.main.TestCaseExecutor.execute(TestCaseExecutor.java:224)
	at com.kms.katalon.core.main.TestSuiteExecutor.accessTestCaseMainPhase(TestSuiteExecutor.java:129)
	at com.kms.katalon.core.main.TestSuiteExecutor.accessTestSuiteMainPhase(TestSuiteExecutor.java:112)
	at com.kms.katalon.core.main.TestSuiteExecutor.execute(TestSuiteExecutor.java:81)
	at com.kms.katalon.core.main.TestCaseMain.startTestSuite(TestCaseMain.java:149)
	at com.kms.katalon.core.main.TestCaseMain$startTestSuite$0.call(Unknown Source)
	at TempTestSuite1550652525208.run(TempTestSuite1550652525208.groovy:36)


2019-02-20 17:58:11 - [TEST_STEP][FAILED] - callTestCase(findTestCase("All TC/Arranged/2. Segment/OTC_Submit Form 7_End to End - Cheque"), [:], STOP_ON_FAILURE): callTestCase(findTestCase("All TC/Arranged/2. Segment/OTC_Submit Form 7_End to End - Cheque"), [:], STOP_ON_FAILURE) FAILED.
Reason:
com.kms.katalon.core.exception.StepFailedException: Unable to click on object 'Object Repository/KeatMun/Form 7_default/OTC_Submit Form 7_Section F-G-H/Page_PERKESO/G2. span_Isteri' (Root cause: com.kms.katalon.core.webui.exception.WebElementNotFoundException: Web element with id: 'Object Repository/KeatMun/Form 7_default/OTC_Submit Form 7_Section F-G-H/Page_PERKESO/G2. span_Isteri' located by 'By.xpath: //span[@id = 'select2-dependentList0dependentRelationId-container' and @title = 'Isteri' and (text() = 'Isteri' or . = 'Isteri')]' not found)
	at com.kms.katalon.core.keyword.internal.KeywordMain.stepFailed(KeywordMain.groovy:36)
	at com.kms.katalon.core.webui.keyword.internal.WebUIKeywordMain.stepFailed(WebUIKeywordMain.groovy:65)
	at com.kms.katalon.core.webui.keyword.internal.WebUIKeywordMain.runKeyword(WebUIKeywordMain.groovy:27)
	at com.kms.katalon.core.webui.keyword.builtin.ClickKeyword.click(ClickKeyword.groovy:86)
	at com.kms.katalon.core.webui.keyword.builtin.ClickKeyword.execute(ClickKeyword.groovy:67)
	at com.kms.katalon.core.keyword.internal.KeywordExecutor.executeKeywordForPlatform(KeywordExecutor.groovy:53)
	at com.kms.katalon.core.webui.keyword.WebUiBuiltInKeywords.click(WebUiBuiltInKeywords.groovy:616)
	at com.kms.katalon.core.webui.keyword.WebUiBuiltInKeywords$click$3.call(Unknown Source)
	at OTC_Submit Form 7_Section F-G-H - Cheque.run(OTC_Submit Form 7_Section F-G-H - Cheque:41)
	at com.kms.katalon.core.main.ScriptEngine.run(ScriptEngine.java:194)
	at com.kms.katalon.core.main.ScriptEngine.runScriptAsRawText(ScriptEngine.java:119)
	at com.kms.katalon.core.main.TestCaseExecutor.runScript(TestCaseExecutor.java:328)
	at com.kms.katalon.core.main.TestCaseExecutor.doExecute(TestCaseExecutor.java:319)
	at com.kms.katalon.core.main.TestCaseExecutor.processExecutionPhase(TestCaseExecutor.java:298)
	at com.kms.katalon.core.main.TestCaseExecutor.accessMainPhase(TestCaseExecutor.java:290)
	at com.kms.katalon.core.main.TestCaseExecutor.execute(TestCaseExecutor.java:224)
	at com.kms.katalon.core.main.TestCaseMain.runTestCase(TestCaseMain.java:106)
	at com.kms.katalon.core.keyword.builtin.CallTestCaseKeyword$_callTestCase_closure1.doCall(CallTestCaseKeyword.groovy:59)
	at com.kms.katalon.core.keyword.builtin.CallTestCaseKeyword$_callTestCase_closure1.call(CallTestCaseKeyword.groovy)
	at com.kms.katalon.core.keyword.internal.KeywordMain.runKeyword(KeywordMain.groovy:54)
	at com.kms.katalon.core.keyword.builtin.CallTestCaseKeyword.callTestCase(CallTestCaseKeyword.groovy:80)
	at com.kms.katalon.core.keyword.builtin.CallTestCaseKeyword.execute(CallTestCaseKeyword.groovy:44)
	at com.kms.katalon.core.keyword.internal.KeywordExecutor.executeKeywordForPlatform(KeywordExecutor.groovy:53)
	at com.kms.katalon.core.keyword.BuiltinKeywords.callTestCase(BuiltinKeywords.groovy:334)
	at OTC_Submit Form 7_End to End - Cheque.run(OTC_Submit Form 7_End to End - Cheque:26)
	at com.kms.katalon.core.main.ScriptEngine.run(ScriptEngine.java:194)
	at com.kms.katalon.core.main.ScriptEngine.runScriptAsRawText(ScriptEngine.java:119)
	at com.kms.katalon.core.main.TestCaseExecutor.runScript(TestCaseExecutor.java:328)
	at com.kms.katalon.core.main.TestCaseExecutor.doExecute(TestCaseExecutor.java:319)
	at com.kms.katalon.core.main.TestCaseExecutor.processExecutionPhase(TestCaseExecutor.java:298)
	at com.kms.katalon.core.main.TestCaseExecutor.accessMainPhase(TestCaseExecutor.java:290)
	at com.kms.katalon.core.main.TestCaseExecutor.execute(TestCaseExecutor.java:224)
	at com.kms.katalon.core.main.TestCaseMain.runTestCase(TestCaseMain.java:106)
	at com.kms.katalon.core.keyword.builtin.CallTestCaseKeyword$_callTestCase_closure1.doCall(CallTestCaseKeyword.groovy:59)
	at com.kms.katalon.core.keyword.builtin.CallTestCaseKeyword$_callTestCase_closure1.call(CallTestCaseKeyword.groovy)
	at com.kms.katalon.core.keyword.internal.KeywordMain.runKeyword(KeywordMain.groovy:54)
	at com.kms.katalon.core.keyword.builtin.CallTestCaseKeyword.callTestCase(CallTestCaseKeyword.groovy:80)
	at com.kms.katalon.core.keyword.builtin.CallTestCaseKeyword.execute(CallTestCaseKeyword.groovy:44)
	at com.kms.katalon.core.keyword.internal.KeywordExecutor.executeKeywordForPlatform(KeywordExecutor.groovy:53)
	at com.kms.katalon.core.keyword.BuiltinKeywords.callTestCase(BuiltinKeywords.groovy:334)
	at Same branch - SEIO.run(Same branch - SEIO:16)
	at com.kms.katalon.core.main.ScriptEngine.run(ScriptEngine.java:194)
	at com.kms.katalon.core.main.ScriptEngine.runScriptAsRawText(ScriptEngine.java:119)
	at com.kms.katalon.core.main.TestCaseExecutor.runScript(TestCaseExecutor.java:328)
	at com.kms.katalon.core.main.TestCaseExecutor.doExecute(TestCaseExecutor.java:319)
	at com.kms.katalon.core.main.TestCaseExecutor.processExecutionPhase(TestCaseExecutor.java:298)
	at com.kms.katalon.core.main.TestCaseExecutor.accessMainPhase(TestCaseExecutor.java:290)
	at com.kms.katalon.core.main.TestCaseExecutor.execute(TestCaseExecutor.java:224)
	at com.kms.katalon.core.main.TestSuiteExecutor.accessTestCaseMainPhase(TestSuiteExecutor.java:129)
	at com.kms.katalon.core.main.TestSuiteExecutor.accessTestSuiteMainPhase(TestSuiteExecutor.java:112)
	at com.kms.katalon.core.main.TestSuiteExecutor.execute(TestSuiteExecutor.java:81)
	at com.kms.katalon.core.main.TestCaseMain.startTestSuite(TestCaseMain.java:149)
	at com.kms.katalon.core.main.TestCaseMain$startTestSuite$0.call(Unknown Source)
	at TempTestSuite1550652525208.run(TempTestSuite1550652525208.groovy:36)


2019-02-20 17:58:11 - [TEST_CASE][FAILED] - Test Cases/All TC/Arranged/2. Segment/OTC_Submit Form 7_End to End - Cheque: Test Cases/All TC/Arranged/2. Segment/OTC_Submit Form 7_End to End - Cheque FAILED.
Reason:
com.kms.katalon.core.exception.StepFailedException: Unable to click on object 'Object Repository/KeatMun/Form 7_default/OTC_Submit Form 7_Section F-G-H/Page_PERKESO/G2. span_Isteri' (Root cause: com.kms.katalon.core.webui.exception.WebElementNotFoundException: Web element with id: 'Object Repository/KeatMun/Form 7_default/OTC_Submit Form 7_Section F-G-H/Page_PERKESO/G2. span_Isteri' located by 'By.xpath: //span[@id = 'select2-dependentList0dependentRelationId-container' and @title = 'Isteri' and (text() = 'Isteri' or . = 'Isteri')]' not found)
	at com.kms.katalon.core.keyword.internal.KeywordMain.stepFailed(KeywordMain.groovy:36)
	at com.kms.katalon.core.webui.keyword.internal.WebUIKeywordMain.stepFailed(WebUIKeywordMain.groovy:65)
	at com.kms.katalon.core.webui.keyword.internal.WebUIKeywordMain.runKeyword(WebUIKeywordMain.groovy:27)
	at com.kms.katalon.core.webui.keyword.builtin.ClickKeyword.click(ClickKeyword.groovy:86)
	at com.kms.katalon.core.webui.keyword.builtin.ClickKeyword.execute(ClickKeyword.groovy:67)
	at com.kms.katalon.core.keyword.internal.KeywordExecutor.executeKeywordForPlatform(KeywordExecutor.groovy:53)
	at com.kms.katalon.core.webui.keyword.WebUiBuiltInKeywords.click(WebUiBuiltInKeywords.groovy:616)
	at com.kms.katalon.core.webui.keyword.WebUiBuiltInKeywords$click$3.call(Unknown Source)
	at OTC_Submit Form 7_Section F-G-H - Cheque.run(OTC_Submit Form 7_Section F-G-H - Cheque:41)
	at com.kms.katalon.core.main.ScriptEngine.run(ScriptEngine.java:194)
	at com.kms.katalon.core.main.ScriptEngine.runScriptAsRawText(ScriptEngine.java:119)
	at com.kms.katalon.core.main.TestCaseExecutor.runScript(TestCaseExecutor.java:328)
	at com.kms.katalon.core.main.TestCaseExecutor.doExecute(TestCaseExecutor.java:319)
	at com.kms.katalon.core.main.TestCaseExecutor.processExecutionPhase(TestCaseExecutor.java:298)
	at com.kms.katalon.core.main.TestCaseExecutor.accessMainPhase(TestCaseExecutor.java:290)
	at com.kms.katalon.core.main.TestCaseExecutor.execute(TestCaseExecutor.java:224)
	at com.kms.katalon.core.main.TestCaseMain.runTestCase(TestCaseMain.java:106)
	at com.kms.katalon.core.keyword.builtin.CallTestCaseKeyword$_callTestCase_closure1.doCall(CallTestCaseKeyword.groovy:59)
	at com.kms.katalon.core.keyword.builtin.CallTestCaseKeyword$_callTestCase_closure1.call(CallTestCaseKeyword.groovy)
	at com.kms.katalon.core.keyword.internal.KeywordMain.runKeyword(KeywordMain.groovy:54)
	at com.kms.katalon.core.keyword.builtin.CallTestCaseKeyword.callTestCase(CallTestCaseKeyword.groovy:80)
	at com.kms.katalon.core.keyword.builtin.CallTestCaseKeyword.execute(CallTestCaseKeyword.groovy:44)
	at com.kms.katalon.core.keyword.internal.KeywordExecutor.executeKeywordForPlatform(KeywordExecutor.groovy:53)
	at com.kms.katalon.core.keyword.BuiltinKeywords.callTestCase(BuiltinKeywords.groovy:334)
	at OTC_Submit Form 7_End to End - Cheque.run(OTC_Submit Form 7_End to End - Cheque:26)
	at com.kms.katalon.core.main.ScriptEngine.run(ScriptEngine.java:194)
	at com.kms.katalon.core.main.ScriptEngine.runScriptAsRawText(ScriptEngine.java:119)
	at com.kms.katalon.core.main.TestCaseExecutor.runScript(TestCaseExecutor.java:328)
	at com.kms.katalon.core.main.TestCaseExecutor.doExecute(TestCaseExecutor.java:319)
	at com.kms.katalon.core.main.TestCaseExecutor.processExecutionPhase(TestCaseExecutor.java:298)
	at com.kms.katalon.core.main.TestCaseExecutor.accessMainPhase(TestCaseExecutor.java:290)
	at com.kms.katalon.core.main.TestCaseExecutor.execute(TestCaseExecutor.java:224)
	at com.kms.katalon.core.main.TestCaseMain.runTestCase(TestCaseMain.java:106)
	at com.kms.katalon.core.keyword.builtin.CallTestCaseKeyword$_callTestCase_closure1.doCall(CallTestCaseKeyword.groovy:59)
	at com.kms.katalon.core.keyword.builtin.CallTestCaseKeyword$_callTestCase_closure1.call(CallTestCaseKeyword.groovy)
	at com.kms.katalon.core.keyword.internal.KeywordMain.runKeyword(KeywordMain.groovy:54)
	at com.kms.katalon.core.keyword.builtin.CallTestCaseKeyword.callTestCase(CallTestCaseKeyword.groovy:80)
	at com.kms.katalon.core.keyword.builtin.CallTestCaseKeyword.execute(CallTestCaseKeyword.groovy:44)
	at com.kms.katalon.core.keyword.internal.KeywordExecutor.executeKeywordForPlatform(KeywordExecutor.groovy:53)
	at com.kms.katalon.core.keyword.BuiltinKeywords.callTestCase(BuiltinKeywords.groovy:334)
	at Same branch - SEIO.run(Same branch - SEIO:16)
	at com.kms.katalon.core.main.ScriptEngine.run(ScriptEngine.java:194)
	at com.kms.katalon.core.main.ScriptEngine.runScriptAsRawText(ScriptEngine.java:119)
	at com.kms.katalon.core.main.TestCaseExecutor.runScript(TestCaseExecutor.java:328)
	at com.kms.katalon.core.main.TestCaseExecutor.doExecute(TestCaseExecutor.java:319)
	at com.kms.katalon.core.main.TestCaseExecutor.processExecutionPhase(TestCaseExecutor.java:298)
	at com.kms.katalon.core.main.TestCaseExecutor.accessMainPhase(TestCaseExecutor.java:290)
	at com.kms.katalon.core.main.TestCaseExecutor.execute(TestCaseExecutor.java:224)
	at com.kms.katalon.core.main.TestSuiteExecutor.accessTestCaseMainPhase(TestSuiteExecutor.java:129)
	at com.kms.katalon.core.main.TestSuiteExecutor.accessTestSuiteMainPhase(TestSuiteExecutor.java:112)
	at com.kms.katalon.core.main.TestSuiteExecutor.execute(TestSuiteExecutor.java:81)
	at com.kms.katalon.core.main.TestCaseMain.startTestSuite(TestCaseMain.java:149)
	at com.kms.katalon.core.main.TestCaseMain$startTestSuite$0.call(Unknown Source)
	at TempTestSuite1550652525208.run(TempTestSuite1550652525208.groovy:36)


2019-02-20 17:58:11 - [TEST_STEP][PASSED] - callTestCase(findTestCase("All TC/Arranged/3. Unit/EI/Form 7_default/OTC_Application_Reg"), [:], STOP_ON_FAILURE): Call Test Case 'Test Cases/All TC/Arranged/3. Unit/EI/Form 7_default/OTC_Application_Reg' successfully

2019-02-20 17:58:11 - [TEST_CASE][PASSED] - Test Cases/All TC/Arranged/3. Unit/EI/Form 7_default/OTC_Application_Reg: Test Cases/All TC/Arranged/3. Unit/EI/Form 7_default/OTC_Application_Reg

2019-02-20 17:58:11 - [TEST_STEP][PASSED] - openBrowser(""): Browser is opened with url: ''

2019-02-20 17:58:11 - [MESSAGE][WARNING] - A browser is already opened. Closing browser and opening a new one

2019-02-20 17:58:12 - [MESSAGE][INFO] - Starting 'Chrome' driver

2019-02-20 17:58:12 - [MESSAGE][INFO] - User set preference: ['args', '[--start-maximized]']

2019-02-20 17:58:17 - [MESSAGE][PASSED] - Browser is opened with url: ''

2019-02-20 17:58:17 - [TEST_STEP][PASSED] - navigateToUrl(Internal_Login): Navigate to 'http://10.20.24.188/eisportal/user/login' successfully

2019-02-20 17:58:18 - [MESSAGE][PASSED] - Navigate to 'http://10.20.24.188/eisportal/user/login' successfully

2019-02-20 17:58:18 - [TEST_STEP][PASSED] - delay(3): Delayed 3 second(s)

2019-02-20 17:58:21 - [MESSAGE][PASSED] - Delayed 3 second(s)

2019-02-20 17:58:21 - [TEST_STEP][PASSED] - setText(findTestObject("KeatMun/Form 7_default/OTC_Application_Reg/Page_PERKESO/1.username"), "faizal.hamid@perkeso.gov.my"): Text 'faizal.hamid@perkeso.gov.my' is set on object 'Object Repository/KeatMun/Form 7_default/OTC_Application_Reg/Page_PERKESO/1.username'

2019-02-20 17:58:26 - [MESSAGE][PASSED] - Text 'faizal.hamid@perkeso.gov.my' is set on object 'Object Repository/KeatMun/Form 7_default/OTC_Application_Reg/Page_PERKESO/1.username'

2019-02-20 17:58:26 - [TEST_STEP][PASSED] - delay(1): Delayed 1 second(s)

2019-02-20 17:58:27 - [MESSAGE][PASSED] - Delayed 1 second(s)

2019-02-20 17:58:27 - [TEST_STEP][PASSED] - setEncryptedText(findTestObject("KeatMun/Form 7_default/OTC_Application_Reg/Page_PERKESO/2.password"), "CQqwFZlbeC8="): Text ****** has been set on object 'Object Repository/KeatMun/Form 7_default/OTC_Application_Reg/Page_PERKESO/2.password'

2019-02-20 17:58:30 - [MESSAGE][PASSED] - Text ****** has been set on object 'Object Repository/KeatMun/Form 7_default/OTC_Application_Reg/Page_PERKESO/2.password'

2019-02-20 17:58:30 - [TEST_STEP][PASSED] - delay(2): Delayed 2 second(s)

2019-02-20 17:58:32 - [MESSAGE][PASSED] - Delayed 2 second(s)

2019-02-20 17:58:32 - [TEST_STEP][PASSED] - click(findTestObject("KeatMun/Form 7_default/OTC_Application_Reg/Page_PERKESO/3.login button")): Object: 'Object Repository/KeatMun/Form 7_default/OTC_Application_Reg/Page_PERKESO/3.login button' is clicked on

2019-02-20 17:58:35 - [MESSAGE][PASSED] - Object: 'Object Repository/KeatMun/Form 7_default/OTC_Application_Reg/Page_PERKESO/3.login button' is clicked on

2019-02-20 17:58:35 - [TEST_STEP][PASSED] - delay(2): Delayed 2 second(s)

2019-02-20 17:58:37 - [MESSAGE][PASSED] - Delayed 2 second(s)

2019-02-20 17:58:37 - [TEST_STEP][PASSED] - click(findTestObject("KeatMun/Form 7_default/OTC_Application_Reg/Page_PERKESO/4. Permohonan tab")): Object: 'Object Repository/KeatMun/Form 7_default/OTC_Application_Reg/Page_PERKESO/4. Permohonan tab' is clicked on

2019-02-20 17:58:39 - [MESSAGE][PASSED] - Object: 'Object Repository/KeatMun/Form 7_default/OTC_Application_Reg/Page_PERKESO/4. Permohonan tab' is clicked on

2019-02-20 17:58:39 - [TEST_STEP][PASSED] - delay(2): Delayed 2 second(s)

2019-02-20 17:58:41 - [MESSAGE][PASSED] - Delayed 2 second(s)

2019-02-20 17:58:41 - [TEST_STEP][PASSED] - click(findTestObject("KeatMun/Form 7_default/OTC_Application_Reg/Page_PERKESO/5.button_Setuju")): Object: 'Object Repository/KeatMun/Form 7_default/OTC_Application_Reg/Page_PERKESO/5.button_Setuju' is clicked on

2019-02-20 17:58:44 - [MESSAGE][PASSED] - Object: 'Object Repository/KeatMun/Form 7_default/OTC_Application_Reg/Page_PERKESO/5.button_Setuju' is clicked on

2019-02-20 17:58:44 - [TEST_STEP][PASSED] - delay(2): Delayed 2 second(s)

2019-02-20 17:58:46 - [MESSAGE][PASSED] - Delayed 2 second(s)

2019-02-20 17:58:46 - [TEST_STEP][PASSED] - callTestCase(findTestCase("All TC/Arranged/1. Common/IC List Checker"), [:], STOP_ON_FAILURE): Call Test Case 'Test Cases/All TC/Arranged/1. Common/IC List Checker' successfully

2019-02-20 17:58:46 - [TEST_CASE][PASSED] - Test Cases/All TC/Arranged/1. Common/IC List Checker: Test Cases/All TC/Arranged/1. Common/IC List Checker

2019-02-20 17:58:46 - [TEST_STEP][PASSED] - counter = 0: null

2019-02-20 17:58:46 - [TEST_STEP][PASSED] - fis = new java.io.FileInputStream((internal.GlobalVariable.TextFilePathCommon + \IC.xlsx)): null

2019-02-20 17:58:46 - [TEST_STEP][PASSED] - workbook = new org.apache.poi.xssf.usermodel.XSSFWorkbook(fis): null

2019-02-20 17:58:46 - [TEST_STEP][PASSED] - sheet = workbook.getSheet("Sheet1"): null

2019-02-20 17:58:46 - [TEST_STEP][PASSED] - totalRow = sheet.getLastRowNum(): null

2019-02-20 17:58:46 - [TEST_STEP][PASSED] - out.println(totalRow): null

2019-02-20 17:58:46 - [TEST_STEP][PASSED] - row = sheet.getRow(counter): null

2019-02-20 17:58:46 - [TEST_STEP][PASSED] - cell = row.getCell(counter): null

2019-02-20 17:58:46 - [TEST_STEP][PASSED] - a = cell.getStringCellValue(): null

2019-02-20 17:58:46 - [TEST_STEP][PASSED] - IC = a: null

2019-02-20 17:58:46 - [TEST_STEP][PASSED] - out.println(IC): null

2019-02-20 17:58:46 - [TEST_STEP][PASSED] - callTestCase(findTestCase("All TC/Arranged/1. Common/1.2 Setter/Setter IC"), [:], STOP_ON_FAILURE): Call Test Case 'Test Cases/All TC/Arranged/1. Common/1.2 Setter/Setter IC' successfully

2019-02-20 17:58:46 - [TEST_CASE][PASSED] - Test Cases/All TC/Arranged/1. Common/1.2 Setter/Setter IC: Test Cases/All TC/Arranged/1. Common/1.2 Setter/Setter IC

2019-02-20 17:58:46 - [TEST_STEP][PASSED] - RefNoOldFile = new java.io.File((internal.GlobalVariable.TextFilePathCommon + \getIC.txt)): null

2019-02-20 17:58:46 - [TEST_STEP][PASSED] - RefNoOldFile.delete(): null

2019-02-20 17:58:46 - [TEST_STEP][PASSED] - delay(5): Delayed 5 second(s)

2019-02-20 17:58:51 - [MESSAGE][PASSED] - Delayed 5 second(s)

2019-02-20 17:58:51 - [TEST_STEP][PASSED] - RefNo = new java.io.File((internal.GlobalVariable.TextFilePathCommon + \getIC.txt)): null

2019-02-20 17:58:51 - [TEST_STEP][PASSED] - f2 = new java.io.FileWriter(RefNo, false): null

2019-02-20 17:58:51 - [TEST_STEP][PASSED] - f2.write(IC): null

2019-02-20 17:58:51 - [TEST_STEP][PASSED] - f2.close(): null

2019-02-20 17:58:51 - [TEST_STEP][PASSED] - out.println("


" + IC + "


"): null

2019-02-20 17:58:51 - [MESSAGE][PASSED] - Call Test Case 'Test Cases/All TC/Arranged/1. Common/1.2 Setter/Setter IC' successfully

2019-02-20 17:58:51 - [MESSAGE][PASSED] - Call Test Case 'Test Cases/All TC/Arranged/1. Common/IC List Checker' successfully

2019-02-20 17:58:51 - [TEST_STEP][PASSED] - setText(findTestObject("KeatMun/Form 7_default/OTC_Application_Reg/Page_PERKESO/6.No. Kad Pengenalan"), IC): Text '861023436638' is set on object 'Object Repository/KeatMun/Form 7_default/OTC_Application_Reg/Page_PERKESO/6.No. Kad Pengenalan'

2019-02-20 17:58:56 - [MESSAGE][PASSED] - Text '861023436638' is set on object 'Object Repository/KeatMun/Form 7_default/OTC_Application_Reg/Page_PERKESO/6.No. Kad Pengenalan'

2019-02-20 17:58:56 - [TEST_STEP][PASSED] - delay(2): Delayed 2 second(s)

2019-02-20 17:58:58 - [MESSAGE][PASSED] - Delayed 2 second(s)

2019-02-20 17:58:58 - [TEST_STEP][PASSED] - click(findTestObject("KeatMun/Form 7_default/OTC_Application_Reg/Page_PERKESO/7.button_Semak")): Object: 'Object Repository/KeatMun/Form 7_default/OTC_Application_Reg/Page_PERKESO/7.button_Semak' is clicked on

2019-02-20 17:59:00 - [MESSAGE][PASSED] - Object: 'Object Repository/KeatMun/Form 7_default/OTC_Application_Reg/Page_PERKESO/7.button_Semak' is clicked on

2019-02-20 17:59:00 - [TEST_STEP][PASSED] - delay(4): Delayed 4 second(s)

2019-02-20 17:59:04 - [MESSAGE][PASSED] - Delayed 4 second(s)

2019-02-20 17:59:04 - [TEST_STEP][PASSED] - click(findTestObject("KeatMun/Form 7_default/OTC_Application_Reg/Page_PERKESO/8. Nama Majikan Dropdown")): Object: 'Object Repository/KeatMun/Form 7_default/OTC_Application_Reg/Page_PERKESO/8. Nama Majikan Dropdown' is clicked on

2019-02-20 17:59:06 - [MESSAGE][PASSED] - Object: 'Object Repository/KeatMun/Form 7_default/OTC_Application_Reg/Page_PERKESO/8. Nama Majikan Dropdown' is clicked on

2019-02-20 17:59:06 - [TEST_STEP][PASSED] - setText(findTestObject("KeatMun/Form 7_default/OTC_Application_Reg/Page_PERKESO/8. LOE emp"), "pet"): Text 'pet' is set on object 'Object Repository/KeatMun/Form 7_default/OTC_Application_Reg/Page_PERKESO/8. LOE emp'

2019-02-20 17:59:10 - [MESSAGE][PASSED] - Text 'pet' is set on object 'Object Repository/KeatMun/Form 7_default/OTC_Application_Reg/Page_PERKESO/8. LOE emp'

2019-02-20 17:59:10 - [TEST_STEP][PASSED] - click(findTestObject("KeatMun/Form 7_default/OTC_Application_Reg/Page_PERKESO/8. PETRONAS")): Object: 'Object Repository/KeatMun/Form 7_default/OTC_Application_Reg/Page_PERKESO/8. PETRONAS' is clicked on

2019-02-20 17:59:12 - [MESSAGE][PASSED] - Object: 'Object Repository/KeatMun/Form 7_default/OTC_Application_Reg/Page_PERKESO/8. PETRONAS' is clicked on

2019-02-20 17:59:12 - [TEST_STEP][PASSED] - delay(2): Delayed 2 second(s)

2019-02-20 17:59:14 - [MESSAGE][PASSED] - Delayed 2 second(s)

2019-02-20 17:59:14 - [TEST_STEP][PASSED] - setText(findTestObject("KeatMun/Form 7_default/OTC_Application_Reg/Page_PERKESO/9.Tarikh kehilangan pkj"), "10/01/2019"): Text '10/01/2019' is set on object 'Object Repository/KeatMun/Form 7_default/OTC_Application_Reg/Page_PERKESO/9.Tarikh kehilangan pkj'

2019-02-20 17:59:19 - [MESSAGE][PASSED] - Text '10/01/2019' is set on object 'Object Repository/KeatMun/Form 7_default/OTC_Application_Reg/Page_PERKESO/9.Tarikh kehilangan pkj'

2019-02-20 17:59:19 - [TEST_STEP][PASSED] - delay(2): Delayed 2 second(s)

2019-02-20 17:59:21 - [MESSAGE][PASSED] - Delayed 2 second(s)

2019-02-20 17:59:21 - [TEST_STEP][PASSED] - click(findTestObject("KeatMun/Form 7_default/OTC_Application_Reg/Page_PERKESO/9. Date Picker Done Button ")): Object: 'Object Repository/KeatMun/Form 7_default/OTC_Application_Reg/Page_PERKESO/9. Date Picker Done Button ' is clicked on

2019-02-20 17:59:23 - [MESSAGE][PASSED] - Object: 'Object Repository/KeatMun/Form 7_default/OTC_Application_Reg/Page_PERKESO/9. Date Picker Done Button ' is clicked on

2019-02-20 17:59:23 - [TEST_STEP][PASSED] - delay(2): Delayed 2 second(s)

2019-02-20 17:59:25 - [MESSAGE][PASSED] - Delayed 2 second(s)

2019-02-20 17:59:25 - [TEST_STEP][PASSED] - click(findTestObject("KeatMun/Form 7_default/OTC_Application_Reg/Page_PERKESO/10.button_Mohon")): Object: 'Object Repository/KeatMun/Form 7_default/OTC_Application_Reg/Page_PERKESO/10.button_Mohon' is clicked on

2019-02-20 17:59:27 - [MESSAGE][PASSED] - Object: 'Object Repository/KeatMun/Form 7_default/OTC_Application_Reg/Page_PERKESO/10.button_Mohon' is clicked on

2019-02-20 17:59:27 - [TEST_STEP][PASSED] - delay(2): Delayed 2 second(s)

2019-02-20 17:59:29 - [MESSAGE][PASSED] - Delayed 2 second(s)

2019-02-20 17:59:29 - [TEST_STEP][PASSED] - setText(findTestObject("KeatMun/Form 7_default/OTC_Application_Reg/Page_PERKESO/11.Tarikh Terima_stampedDtS"), "10/01/2019"): Text '10/01/2019' is set on object 'Object Repository/KeatMun/Form 7_default/OTC_Application_Reg/Page_PERKESO/11.Tarikh Terima_stampedDtS'

2019-02-20 17:59:33 - [MESSAGE][PASSED] - Text '10/01/2019' is set on object 'Object Repository/KeatMun/Form 7_default/OTC_Application_Reg/Page_PERKESO/11.Tarikh Terima_stampedDtS'

2019-02-20 17:59:33 - [TEST_STEP][PASSED] - delay(2): Delayed 2 second(s)

2019-02-20 17:59:35 - [MESSAGE][PASSED] - Delayed 2 second(s)

2019-02-20 17:59:35 - [TEST_STEP][PASSED] - click(findTestObject("KeatMun/Form 7_default/OTC_Application_Reg/Page_PERKESO/11. Date Picker Done Button")): Object: 'Object Repository/KeatMun/Form 7_default/OTC_Application_Reg/Page_PERKESO/11. Date Picker Done Button' is clicked on

2019-02-20 17:59:37 - [MESSAGE][PASSED] - Object: 'Object Repository/KeatMun/Form 7_default/OTC_Application_Reg/Page_PERKESO/11. Date Picker Done Button' is clicked on

2019-02-20 17:59:37 - [TEST_STEP][PASSED] - delay(2): Delayed 2 second(s)

2019-02-20 17:59:39 - [MESSAGE][PASSED] - Delayed 2 second(s)

2019-02-20 17:59:39 - [TEST_STEP][PASSED] - click(findTestObject("KeatMun/Form 7_default/OTC_Application_Reg/Page_PERKESO/11.button_TERUSKAN")): Object: 'Object Repository/KeatMun/Form 7_default/OTC_Application_Reg/Page_PERKESO/11.button_TERUSKAN' is clicked on

2019-02-20 17:59:42 - [MESSAGE][PASSED] - Object: 'Object Repository/KeatMun/Form 7_default/OTC_Application_Reg/Page_PERKESO/11.button_TERUSKAN' is clicked on

2019-02-20 17:59:42 - [TEST_STEP][PASSED] - delay(2): Delayed 2 second(s)

2019-02-20 17:59:44 - [MESSAGE][PASSED] - Delayed 2 second(s)

2019-02-20 17:59:44 - [TEST_STEP][PASSED] - selectOptionByValue(findTestObject("KeatMun/Form 7_default/OTC_Application_Reg/Page_PERKESO/12.--Sila Pilih--PejabatPKS"), "22", true): All options with value '22' are selected in object 'Object Repository/KeatMun/Form 7_default/OTC_Application_Reg/Page_PERKESO/12.--Sila Pilih--PejabatPKS'  using regular expression

2019-02-20 18:01:14 - [MESSAGE][PASSED] - All options with value '22' are selected in object 'Object Repository/KeatMun/Form 7_default/OTC_Application_Reg/Page_PERKESO/12.--Sila Pilih--PejabatPKS'  using regular expression

2019-02-20 18:01:14 - [TEST_STEP][PASSED] - delay(2): Delayed 2 second(s)

2019-02-20 18:01:16 - [MESSAGE][PASSED] - Delayed 2 second(s)

2019-02-20 18:01:16 - [TEST_STEP][PASSED] - click(findTestObject("KeatMun/Form 7_default/OTC_Application_Reg/Page_PERKESO/13. Halaman Seterusnya")): Object: 'Object Repository/KeatMun/Form 7_default/OTC_Application_Reg/Page_PERKESO/13. Halaman Seterusnya' is clicked on

2019-02-20 18:01:18 - [MESSAGE][PASSED] - Object: 'Object Repository/KeatMun/Form 7_default/OTC_Application_Reg/Page_PERKESO/13. Halaman Seterusnya' is clicked on

2019-02-20 18:01:18 - [MESSAGE][PASSED] - Call Test Case 'Test Cases/All TC/Arranged/3. Unit/EI/Form 7_default/OTC_Application_Reg' successfully

2019-02-20 18:01:18 - [TEST_STEP][PASSED] - callTestCase(findTestCase("All TC/Arranged/3. Unit/EI/Form 7_default/OTC_Submit Form 7_Section A"), [:], STOP_ON_FAILURE): Call Test Case 'Test Cases/All TC/Arranged/3. Unit/EI/Form 7_default/OTC_Submit Form 7_Section A' successfully

2019-02-20 18:01:18 - [TEST_CASE][PASSED] - Test Cases/All TC/Arranged/3. Unit/EI/Form 7_default/OTC_Submit Form 7_Section A: Test Cases/All TC/Arranged/3. Unit/EI/Form 7_default/OTC_Submit Form 7_Section A

2019-02-20 18:01:18 - [TEST_STEP][PASSED] - delay(2): Delayed 2 second(s)

2019-02-20 18:01:20 - [MESSAGE][PASSED] - Delayed 2 second(s)

2019-02-20 18:01:20 - [TEST_STEP][PASSED] - setText(findTestObject("KeatMun/Form 7_default/OTC_Submit Form 7_Section A/Page_PERKESO/A4. EmployeeDob"), "10/01/2019"): Text '10/01/2019' is set on object 'Object Repository/KeatMun/Form 7_default/OTC_Submit Form 7_Section A/Page_PERKESO/A4. EmployeeDob'

2019-02-20 18:01:24 - [MESSAGE][PASSED] - Text '10/01/2019' is set on object 'Object Repository/KeatMun/Form 7_default/OTC_Submit Form 7_Section A/Page_PERKESO/A4. EmployeeDob'

2019-02-20 18:01:24 - [TEST_STEP][PASSED] - delay(2): Delayed 2 second(s)

2019-02-20 18:01:26 - [MESSAGE][PASSED] - Delayed 2 second(s)

2019-02-20 18:01:26 - [TEST_STEP][PASSED] - click(findTestObject("KeatMun/Form 7_default/OTC_Submit Form 7_Section A/Page_PERKESO/A5. Bangsa")): Object: 'Object Repository/KeatMun/Form 7_default/OTC_Submit Form 7_Section A/Page_PERKESO/A5. Bangsa' is clicked on

2019-02-20 18:01:28 - [MESSAGE][PASSED] - Object: 'Object Repository/KeatMun/Form 7_default/OTC_Submit Form 7_Section A/Page_PERKESO/A5. Bangsa' is clicked on

2019-02-20 18:01:28 - [TEST_STEP][PASSED] - click(findTestObject("KeatMun/Form 7_default/OTC_Submit Form 7_Section A/Page_PERKESO/A5. Bumiputera Sabah")): Object: 'Object Repository/KeatMun/Form 7_default/OTC_Submit Form 7_Section A/Page_PERKESO/A5. Bumiputera Sabah' is clicked on

2019-02-20 18:01:31 - [MESSAGE][PASSED] - Object: 'Object Repository/KeatMun/Form 7_default/OTC_Submit Form 7_Section A/Page_PERKESO/A5. Bumiputera Sabah' is clicked on

2019-02-20 18:01:31 - [TEST_STEP][PASSED] - delay(2): Delayed 2 second(s)

2019-02-20 18:01:33 - [MESSAGE][PASSED] - Delayed 2 second(s)

2019-02-20 18:01:33 - [TEST_STEP][PASSED] - click(findTestObject("KeatMun/Form 7_default/OTC_Submit Form 7_Section A/Page_PERKESO/A6. Jantina")): Object: 'Object Repository/KeatMun/Form 7_default/OTC_Submit Form 7_Section A/Page_PERKESO/A6. Jantina' is clicked on

2019-02-20 18:01:35 - [MESSAGE][PASSED] - Object: 'Object Repository/KeatMun/Form 7_default/OTC_Submit Form 7_Section A/Page_PERKESO/A6. Jantina' is clicked on

2019-02-20 18:01:35 - [TEST_STEP][PASSED] - click(findTestObject("KeatMun/Form 7_default/OTC_Submit Form 7_Section A/Page_PERKESO/A6. Lelaki")): Object: 'Object Repository/KeatMun/Form 7_default/OTC_Submit Form 7_Section A/Page_PERKESO/A6. Lelaki' is clicked on

2019-02-20 18:01:37 - [MESSAGE][PASSED] - Object: 'Object Repository/KeatMun/Form 7_default/OTC_Submit Form 7_Section A/Page_PERKESO/A6. Lelaki' is clicked on

2019-02-20 18:01:37 - [TEST_STEP][PASSED] - delay(2): Delayed 2 second(s)

2019-02-20 18:01:39 - [MESSAGE][PASSED] - Delayed 2 second(s)

2019-02-20 18:01:39 - [TEST_STEP][PASSED] - click(findTestObject("KeatMun/Form 7_default/OTC_Submit Form 7_Section A/Page_PERKESO/A7. Kewarganegaraan")): Object: 'Object Repository/KeatMun/Form 7_default/OTC_Submit Form 7_Section A/Page_PERKESO/A7. Kewarganegaraan' is clicked on

2019-02-20 18:01:41 - [MESSAGE][PASSED] - Object: 'Object Repository/KeatMun/Form 7_default/OTC_Submit Form 7_Section A/Page_PERKESO/A7. Kewarganegaraan' is clicked on

2019-02-20 18:01:41 - [TEST_STEP][PASSED] - click(findTestObject("KeatMun/Form 7_default/OTC_Submit Form 7_Section A/Page_PERKESO/A7. Malaysia")): Object: 'Object Repository/KeatMun/Form 7_default/OTC_Submit Form 7_Section A/Page_PERKESO/A7. Malaysia' is clicked on

2019-02-20 18:01:43 - [MESSAGE][PASSED] - Object: 'Object Repository/KeatMun/Form 7_default/OTC_Submit Form 7_Section A/Page_PERKESO/A7. Malaysia' is clicked on

2019-02-20 18:01:43 - [TEST_STEP][PASSED] - delay(2): Delayed 2 second(s)

2019-02-20 18:01:45 - [MESSAGE][PASSED] - Delayed 2 second(s)

2019-02-20 18:01:45 - [TEST_STEP][PASSED] - click(findTestObject("KeatMun/Form 7_default/OTC_Submit Form 7_Section A/Page_PERKESO/A8. Status Perkahwinan")): Object: 'Object Repository/KeatMun/Form 7_default/OTC_Submit Form 7_Section A/Page_PERKESO/A8. Status Perkahwinan' is clicked on

2019-02-20 18:01:47 - [MESSAGE][PASSED] - Object: 'Object Repository/KeatMun/Form 7_default/OTC_Submit Form 7_Section A/Page_PERKESO/A8. Status Perkahwinan' is clicked on

2019-02-20 18:01:47 - [TEST_STEP][PASSED] - click(findTestObject("KeatMun/Form 7_default/OTC_Submit Form 7_Section A/Page_PERKESO/A8. Bujang")): Object: 'Object Repository/KeatMun/Form 7_default/OTC_Submit Form 7_Section A/Page_PERKESO/A8. Bujang' is clicked on

2019-02-20 18:01:49 - [MESSAGE][PASSED] - Object: 'Object Repository/KeatMun/Form 7_default/OTC_Submit Form 7_Section A/Page_PERKESO/A8. Bujang' is clicked on

2019-02-20 18:01:49 - [TEST_STEP][PASSED] - delay(2): Delayed 2 second(s)

2019-02-20 18:01:51 - [MESSAGE][PASSED] - Delayed 2 second(s)

2019-02-20 18:01:51 - [TEST_STEP][PASSED] - setText(findTestObject("KeatMun/Form 7_default/OTC_Submit Form 7_Section A/Page_PERKESO/A9. Address1"), "qwertyuiop"): Text 'qwertyuiop' is set on object 'Object Repository/KeatMun/Form 7_default/OTC_Submit Form 7_Section A/Page_PERKESO/A9. Address1'

2019-02-20 18:01:56 - [MESSAGE][PASSED] - Text 'qwertyuiop' is set on object 'Object Repository/KeatMun/Form 7_default/OTC_Submit Form 7_Section A/Page_PERKESO/A9. Address1'

2019-02-20 18:01:56 - [TEST_STEP][PASSED] - delay(2): Delayed 2 second(s)

2019-02-20 18:01:58 - [MESSAGE][PASSED] - Delayed 2 second(s)

2019-02-20 18:01:58 - [TEST_STEP][PASSED] - click(findTestObject("KeatMun/Form 7_default/OTC_Submit Form 7_Section A/Page_PERKESO/A10. Negeri")): Object: 'Object Repository/KeatMun/Form 7_default/OTC_Submit Form 7_Section A/Page_PERKESO/A10. Negeri' is clicked on

2019-02-20 18:02:00 - [MESSAGE][PASSED] - Object: 'Object Repository/KeatMun/Form 7_default/OTC_Submit Form 7_Section A/Page_PERKESO/A10. Negeri' is clicked on

2019-02-20 18:02:00 - [TEST_STEP][PASSED] - click(findTestObject("KeatMun/Form 7_default/OTC_Submit Form 7_Section A/Page_PERKESO/A10. JOHOR")): Object: 'Object Repository/KeatMun/Form 7_default/OTC_Submit Form 7_Section A/Page_PERKESO/A10. JOHOR' is clicked on

2019-02-20 18:02:02 - [MESSAGE][PASSED] - Object: 'Object Repository/KeatMun/Form 7_default/OTC_Submit Form 7_Section A/Page_PERKESO/A10. JOHOR' is clicked on

2019-02-20 18:02:02 - [TEST_STEP][PASSED] - delay(2): Delayed 2 second(s)

2019-02-20 18:02:04 - [MESSAGE][PASSED] - Delayed 2 second(s)

2019-02-20 18:02:04 - [TEST_STEP][PASSED] - click(findTestObject("KeatMun/Form 7_default/OTC_Submit Form 7_Section A/Page_PERKESO/A11. --Sila Pilih--")): Object: 'Object Repository/KeatMun/Form 7_default/OTC_Submit Form 7_Section A/Page_PERKESO/A11. --Sila Pilih--' is clicked on

2019-02-20 18:02:06 - [MESSAGE][PASSED] - Object: 'Object Repository/KeatMun/Form 7_default/OTC_Submit Form 7_Section A/Page_PERKESO/A11. --Sila Pilih--' is clicked on

2019-02-20 18:02:06 - [TEST_STEP][PASSED] - setText(findTestObject("KeatMun/Form 7_default/OTC_Submit Form 7_Section A/Page_PERKESO/A11. Done_select2-search__fie (1)"), "jo"): Text 'jo' is set on object 'Object Repository/KeatMun/Form 7_default/OTC_Submit Form 7_Section A/Page_PERKESO/A11. Done_select2-search__fie (1)'

2019-02-20 18:02:10 - [MESSAGE][PASSED] - Text 'jo' is set on object 'Object Repository/KeatMun/Form 7_default/OTC_Submit Form 7_Section A/Page_PERKESO/A11. Done_select2-search__fie (1)'

2019-02-20 18:02:10 - [TEST_STEP][PASSED] - setText(findTestObject("KeatMun/Form 7_default/OTC_Submit Form 7_Section A/Page_PERKESO/A11. concat(id(  select2-city"), "jo"): Text 'jo' is set on object 'Object Repository/KeatMun/Form 7_default/OTC_Submit Form 7_Section A/Page_PERKESO/A11. concat(id(  select2-city'

2019-02-20 18:02:15 - [MESSAGE][PASSED] - Text 'jo' is set on object 'Object Repository/KeatMun/Form 7_default/OTC_Submit Form 7_Section A/Page_PERKESO/A11. concat(id(  select2-city'

2019-02-20 18:02:15 - [TEST_STEP][PASSED] - click(findTestObject("KeatMun/Form 7_default/OTC_Submit Form 7_Section A/Page_PERKESO/A11. JOHOR BAHRU")): Object: 'Object Repository/KeatMun/Form 7_default/OTC_Submit Form 7_Section A/Page_PERKESO/A11. JOHOR BAHRU' is clicked on

2019-02-20 18:02:17 - [MESSAGE][PASSED] - Object: 'Object Repository/KeatMun/Form 7_default/OTC_Submit Form 7_Section A/Page_PERKESO/A11. JOHOR BAHRU' is clicked on

2019-02-20 18:02:17 - [TEST_STEP][PASSED] - delay(2): Delayed 2 second(s)

2019-02-20 18:02:19 - [MESSAGE][PASSED] - Delayed 2 second(s)

2019-02-20 18:02:19 - [TEST_STEP][PASSED] - click(findTestObject("KeatMun/Form 7_default/OTC_Submit Form 7_Section A/Page_PERKESO/A12. --Sila Isikan--")): Object: 'Object Repository/KeatMun/Form 7_default/OTC_Submit Form 7_Section A/Page_PERKESO/A12. --Sila Isikan--' is clicked on

2019-02-20 18:02:21 - [MESSAGE][PASSED] - Object: 'Object Repository/KeatMun/Form 7_default/OTC_Submit Form 7_Section A/Page_PERKESO/A12. --Sila Isikan--' is clicked on

2019-02-20 18:02:21 - [TEST_STEP][PASSED] - setText(findTestObject("KeatMun/Form 7_default/OTC_Submit Form 7_Section A/Page_PERKESO/A11. Done_select2-search__fie"), "84"): Text '84' is set on object 'Object Repository/KeatMun/Form 7_default/OTC_Submit Form 7_Section A/Page_PERKESO/A11. Done_select2-search__fie'

2019-02-20 18:02:25 - [MESSAGE][PASSED] - Text '84' is set on object 'Object Repository/KeatMun/Form 7_default/OTC_Submit Form 7_Section A/Page_PERKESO/A11. Done_select2-search__fie'

2019-02-20 18:02:25 - [TEST_STEP][PASSED] - click(findTestObject("KeatMun/Form 7_default/OTC_Submit Form 7_Section A/Page_PERKESO/A12. 84000")): Object: 'Object Repository/KeatMun/Form 7_default/OTC_Submit Form 7_Section A/Page_PERKESO/A12. 84000' is clicked on

2019-02-20 18:02:27 - [MESSAGE][PASSED] - Object: 'Object Repository/KeatMun/Form 7_default/OTC_Submit Form 7_Section A/Page_PERKESO/A12. 84000' is clicked on

2019-02-20 18:02:27 - [TEST_STEP][PASSED] - delay(2): Delayed 2 second(s)

2019-02-20 18:02:29 - [MESSAGE][PASSED] - Delayed 2 second(s)

2019-02-20 18:02:29 - [TEST_STEP][PASSED] - setText(findTestObject("KeatMun/Form 7_default/OTC_Submit Form 7_Section A/Page_PERKESO/A13. mobileContact1"), "1234567890"): Text '1234567890' is set on object 'Object Repository/KeatMun/Form 7_default/OTC_Submit Form 7_Section A/Page_PERKESO/A13. mobileContact1'

2019-02-20 18:02:33 - [MESSAGE][PASSED] - Text '1234567890' is set on object 'Object Repository/KeatMun/Form 7_default/OTC_Submit Form 7_Section A/Page_PERKESO/A13. mobileContact1'

2019-02-20 18:02:33 - [TEST_STEP][PASSED] - delay(2): Delayed 2 second(s)

2019-02-20 18:02:35 - [MESSAGE][PASSED] - Delayed 2 second(s)

2019-02-20 18:02:35 - [TEST_STEP][PASSED] - click(findTestObject("KeatMun/Form 7_default/OTC_Submit Form 7_Section A/Page_PERKESO/A14. Halaman Seterusnya")): Object: 'Object Repository/KeatMun/Form 7_default/OTC_Submit Form 7_Section A/Page_PERKESO/A14. Halaman Seterusnya' is clicked on

2019-02-20 18:02:38 - [MESSAGE][PASSED] - Object: 'Object Repository/KeatMun/Form 7_default/OTC_Submit Form 7_Section A/Page_PERKESO/A14. Halaman Seterusnya' is clicked on

2019-02-20 18:02:38 - [TEST_STEP][PASSED] - delay(2): Delayed 2 second(s)

2019-02-20 18:02:40 - [MESSAGE][PASSED] - Delayed 2 second(s)

2019-02-20 18:02:40 - [MESSAGE][PASSED] - Call Test Case 'Test Cases/All TC/Arranged/3. Unit/EI/Form 7_default/OTC_Submit Form 7_Section A' successfully

2019-02-20 18:02:40 - [TEST_STEP][PASSED] - callTestCase(findTestCase("All TC/Arranged/3. Unit/EI/Form 7_default/OTC_Submit Form 7_Section B"), [:], STOP_ON_FAILURE): Call Test Case 'Test Cases/All TC/Arranged/3. Unit/EI/Form 7_default/OTC_Submit Form 7_Section B' successfully

2019-02-20 18:02:40 - [TEST_CASE][PASSED] - Test Cases/All TC/Arranged/3. Unit/EI/Form 7_default/OTC_Submit Form 7_Section B: Test Cases/All TC/Arranged/3. Unit/EI/Form 7_default/OTC_Submit Form 7_Section B

2019-02-20 18:02:40 - [TEST_STEP][PASSED] - delay(3): Delayed 3 second(s)

2019-02-20 18:02:43 - [MESSAGE][PASSED] - Delayed 3 second(s)

2019-02-20 18:02:43 - [TEST_STEP][PASSED] - click(findTestObject("KeatMun/Form 7_default/OTC_Submit Form 7_Section B/Page_PERKESO/B1. Jawatan")): Object: 'Object Repository/KeatMun/Form 7_default/OTC_Submit Form 7_Section B/Page_PERKESO/B1. Jawatan' is clicked on

2019-02-20 18:02:45 - [MESSAGE][PASSED] - Object: 'Object Repository/KeatMun/Form 7_default/OTC_Submit Form 7_Section B/Page_PERKESO/B1. Jawatan' is clicked on

2019-02-20 18:02:45 - [TEST_STEP][PASSED] - setText(findTestObject("KeatMun/Form 7_default/OTC_Submit Form 7_Section B/Page_PERKESO/B1. concat(id(  select2-posi"), "re"): Text 're' is set on object 'Object Repository/KeatMun/Form 7_default/OTC_Submit Form 7_Section B/Page_PERKESO/B1. concat(id(  select2-posi'

2019-02-20 18:02:49 - [MESSAGE][PASSED] - Text 're' is set on object 'Object Repository/KeatMun/Form 7_default/OTC_Submit Form 7_Section B/Page_PERKESO/B1. concat(id(  select2-posi'

2019-02-20 18:02:49 - [TEST_STEP][PASSED] - setText(findTestObject("KeatMun/Form 7_default/OTC_Submit Form 7_Section B/Page_PERKESO/B1. Done_select2-search__fie"), "re"): Text 're' is set on object 'Object Repository/KeatMun/Form 7_default/OTC_Submit Form 7_Section B/Page_PERKESO/B1. Done_select2-search__fie'

2019-02-20 18:02:53 - [MESSAGE][PASSED] - Text 're' is set on object 'Object Repository/KeatMun/Form 7_default/OTC_Submit Form 7_Section B/Page_PERKESO/B1. Done_select2-search__fie'

2019-02-20 18:02:53 - [TEST_STEP][PASSED] - click(findTestObject("KeatMun/Form 7_default/OTC_Submit Form 7_Section B/Page_PERKESO/B1. Arkitek Reka Bentuk")): Object: 'Object Repository/KeatMun/Form 7_default/OTC_Submit Form 7_Section B/Page_PERKESO/B1. Arkitek Reka Bentuk' is clicked on

2019-02-20 18:02:55 - [MESSAGE][PASSED] - Object: 'Object Repository/KeatMun/Form 7_default/OTC_Submit Form 7_Section B/Page_PERKESO/B1. Arkitek Reka Bentuk' is clicked on

2019-02-20 18:02:55 - [TEST_STEP][PASSED] - delay(2): Delayed 2 second(s)

2019-02-20 18:02:57 - [MESSAGE][PASSED] - Delayed 2 second(s)

2019-02-20 18:02:57 - [TEST_STEP][PASSED] - setText(findTestObject("KeatMun/Form 7_default/OTC_Submit Form 7_Section B/Page_PERKESO/B2. lastEmploymentStartDtSt"), "10/01/2019"): Text '10/01/2019' is set on object 'Object Repository/KeatMun/Form 7_default/OTC_Submit Form 7_Section B/Page_PERKESO/B2. lastEmploymentStartDtSt'

2019-02-20 18:03:02 - [MESSAGE][PASSED] - Text '10/01/2019' is set on object 'Object Repository/KeatMun/Form 7_default/OTC_Submit Form 7_Section B/Page_PERKESO/B2. lastEmploymentStartDtSt'

2019-02-20 18:03:02 - [TEST_STEP][PASSED] - delay(2): Delayed 2 second(s)

2019-02-20 18:03:04 - [MESSAGE][PASSED] - Delayed 2 second(s)

2019-02-20 18:03:04 - [TEST_STEP][PASSED] - click(findTestObject("KeatMun/Form 7_default/OTC_Submit Form 7_Section B/Page_PERKESO/B4. Status Perkejaan")): Object: 'Object Repository/KeatMun/Form 7_default/OTC_Submit Form 7_Section B/Page_PERKESO/B4. Status Perkejaan' is clicked on

2019-02-20 18:03:06 - [MESSAGE][PASSED] - Object: 'Object Repository/KeatMun/Form 7_default/OTC_Submit Form 7_Section B/Page_PERKESO/B4. Status Perkejaan' is clicked on

2019-02-20 18:03:06 - [TEST_STEP][PASSED] - click(findTestObject("KeatMun/Form 7_default/OTC_Submit Form 7_Section B/Page_PERKESO/B4. Tetap")): Object: 'Object Repository/KeatMun/Form 7_default/OTC_Submit Form 7_Section B/Page_PERKESO/B4. Tetap' is clicked on

2019-02-20 18:03:08 - [MESSAGE][PASSED] - Object: 'Object Repository/KeatMun/Form 7_default/OTC_Submit Form 7_Section B/Page_PERKESO/B4. Tetap' is clicked on

2019-02-20 18:03:08 - [TEST_STEP][PASSED] - delay(2): Delayed 2 second(s)

2019-02-20 18:03:10 - [MESSAGE][PASSED] - Delayed 2 second(s)

2019-02-20 18:03:10 - [TEST_STEP][PASSED] - setText(findTestObject("KeatMun/Form 7_default/OTC_Submit Form 7_Section B/Page_PERKESO/B5. Gaji (RM)_salary1"), "4000"): Text '4000' is set on object 'Object Repository/KeatMun/Form 7_default/OTC_Submit Form 7_Section B/Page_PERKESO/B5. Gaji (RM)_salary1'

2019-02-20 18:03:14 - [MESSAGE][PASSED] - Text '4000' is set on object 'Object Repository/KeatMun/Form 7_default/OTC_Submit Form 7_Section B/Page_PERKESO/B5. Gaji (RM)_salary1'

2019-02-20 18:03:14 - [TEST_STEP][PASSED] - delay(2): Delayed 2 second(s)

2019-02-20 18:03:16 - [MESSAGE][PASSED] - Delayed 2 second(s)

2019-02-20 18:03:16 - [TEST_STEP][PASSED] - setText(findTestObject("KeatMun/Form 7_default/OTC_Submit Form 7_Section B/Page_PERKESO/B5. Gaji (RM)_salary2"), "4000"): Text '4000' is set on object 'Object Repository/KeatMun/Form 7_default/OTC_Submit Form 7_Section B/Page_PERKESO/B5. Gaji (RM)_salary2'

2019-02-20 18:03:20 - [MESSAGE][PASSED] - Text '4000' is set on object 'Object Repository/KeatMun/Form 7_default/OTC_Submit Form 7_Section B/Page_PERKESO/B5. Gaji (RM)_salary2'

2019-02-20 18:03:20 - [TEST_STEP][PASSED] - delay(2): Delayed 2 second(s)

2019-02-20 18:03:22 - [MESSAGE][PASSED] - Delayed 2 second(s)

2019-02-20 18:03:22 - [TEST_STEP][PASSED] - setText(findTestObject("KeatMun/Form 7_default/OTC_Submit Form 7_Section B/Page_PERKESO/B5. Gaji (RM)_salary3"), "4000"): Text '4000' is set on object 'Object Repository/KeatMun/Form 7_default/OTC_Submit Form 7_Section B/Page_PERKESO/B5. Gaji (RM)_salary3'

2019-02-20 18:03:27 - [MESSAGE][PASSED] - Text '4000' is set on object 'Object Repository/KeatMun/Form 7_default/OTC_Submit Form 7_Section B/Page_PERKESO/B5. Gaji (RM)_salary3'

2019-02-20 18:03:27 - [TEST_STEP][PASSED] - delay(2): Delayed 2 second(s)

2019-02-20 18:03:29 - [MESSAGE][PASSED] - Delayed 2 second(s)

2019-02-20 18:03:29 - [TEST_STEP][PASSED] - setText(findTestObject("KeatMun/Form 7_default/OTC_Submit Form 7_Section B/Page_PERKESO/B5. Gaji (RM)_salary4"), "4000"): Text '4000' is set on object 'Object Repository/KeatMun/Form 7_default/OTC_Submit Form 7_Section B/Page_PERKESO/B5. Gaji (RM)_salary4'

2019-02-20 18:03:33 - [MESSAGE][PASSED] - Text '4000' is set on object 'Object Repository/KeatMun/Form 7_default/OTC_Submit Form 7_Section B/Page_PERKESO/B5. Gaji (RM)_salary4'

2019-02-20 18:03:33 - [TEST_STEP][PASSED] - delay(2): Delayed 2 second(s)

2019-02-20 18:03:35 - [MESSAGE][PASSED] - Delayed 2 second(s)

2019-02-20 18:03:35 - [TEST_STEP][PASSED] - setText(findTestObject("KeatMun/Form 7_default/OTC_Submit Form 7_Section B/Page_PERKESO/B5. Gaji (RM)_salary5"), "4000"): Text '4000' is set on object 'Object Repository/KeatMun/Form 7_default/OTC_Submit Form 7_Section B/Page_PERKESO/B5. Gaji (RM)_salary5'

2019-02-20 18:03:39 - [MESSAGE][PASSED] - Text '4000' is set on object 'Object Repository/KeatMun/Form 7_default/OTC_Submit Form 7_Section B/Page_PERKESO/B5. Gaji (RM)_salary5'

2019-02-20 18:03:39 - [TEST_STEP][PASSED] - delay(2): Delayed 2 second(s)

2019-02-20 18:03:41 - [MESSAGE][PASSED] - Delayed 2 second(s)

2019-02-20 18:03:41 - [TEST_STEP][PASSED] - setText(findTestObject("KeatMun/Form 7_default/OTC_Submit Form 7_Section B/Page_PERKESO/B5. Gaji (RM)_salary6"), "4000"): Text '4000' is set on object 'Object Repository/KeatMun/Form 7_default/OTC_Submit Form 7_Section B/Page_PERKESO/B5. Gaji (RM)_salary6'

2019-02-20 18:03:45 - [MESSAGE][PASSED] - Text '4000' is set on object 'Object Repository/KeatMun/Form 7_default/OTC_Submit Form 7_Section B/Page_PERKESO/B5. Gaji (RM)_salary6'

2019-02-20 18:03:45 - [TEST_STEP][PASSED] - delay(2): Delayed 2 second(s)

2019-02-20 18:03:47 - [MESSAGE][PASSED] - Delayed 2 second(s)

2019-02-20 18:03:47 - [TEST_STEP][PASSED] - click(findTestObject("KeatMun/Form 7_default/OTC_Submit Form 7_Section B/Page_PERKESO/B6. Reason JobLost")): Object: 'Object Repository/KeatMun/Form 7_default/OTC_Submit Form 7_Section B/Page_PERKESO/B6. Reason JobLost' is clicked on

2019-02-20 18:03:49 - [MESSAGE][PASSED] - Object: 'Object Repository/KeatMun/Form 7_default/OTC_Submit Form 7_Section B/Page_PERKESO/B6. Reason JobLost' is clicked on

2019-02-20 18:03:49 - [TEST_STEP][PASSED] - click(findTestObject("KeatMun/Form 7_default/OTC_Submit Form 7_Section B/Page_PERKESO/B6. Bencana alam (cth banjir ke")): Object: 'Object Repository/KeatMun/Form 7_default/OTC_Submit Form 7_Section B/Page_PERKESO/B6. Bencana alam (cth banjir ke' is clicked on

2019-02-20 18:03:51 - [MESSAGE][PASSED] - Object: 'Object Repository/KeatMun/Form 7_default/OTC_Submit Form 7_Section B/Page_PERKESO/B6. Bencana alam (cth banjir ke' is clicked on

2019-02-20 18:03:51 - [TEST_STEP][PASSED] - delay(3): Delayed 3 second(s)

2019-02-20 18:03:54 - [MESSAGE][PASSED] - Delayed 3 second(s)

2019-02-20 18:03:54 - [TEST_STEP][PASSED] - setText(findTestObject("KeatMun/Form 7_default/OTC_Submit Form 7_Section B/Page_PERKESO/B7. AverageWorkingHour"), "8"): Text '8' is set on object 'Object Repository/KeatMun/Form 7_default/OTC_Submit Form 7_Section B/Page_PERKESO/B7. AverageWorkingHour'

2019-02-20 18:03:59 - [MESSAGE][PASSED] - Text '8' is set on object 'Object Repository/KeatMun/Form 7_default/OTC_Submit Form 7_Section B/Page_PERKESO/B7. AverageWorkingHour'

2019-02-20 18:03:59 - [TEST_STEP][PASSED] - delay(2): Delayed 2 second(s)

2019-02-20 18:04:01 - [MESSAGE][PASSED] - Delayed 2 second(s)

2019-02-20 18:04:01 - [TEST_STEP][PASSED] - click(findTestObject("KeatMun/Form 7_default/OTC_Submit Form 7_Section B/Page_PERKESO/B8. Tidak_compensationInd")): Object: 'Object Repository/KeatMun/Form 7_default/OTC_Submit Form 7_Section B/Page_PERKESO/B8. Tidak_compensationInd' is clicked on

2019-02-20 18:04:03 - [MESSAGE][PASSED] - Object: 'Object Repository/KeatMun/Form 7_default/OTC_Submit Form 7_Section B/Page_PERKESO/B8. Tidak_compensationInd' is clicked on

2019-02-20 18:04:03 - [TEST_STEP][PASSED] - delay(1): Delayed 1 second(s)

2019-02-20 18:04:04 - [MESSAGE][PASSED] - Delayed 1 second(s)

2019-02-20 18:04:04 - [TEST_STEP][PASSED] - click(findTestObject("KeatMun/Form 7_default/OTC_Submit Form 7_Section B/Page_PERKESO/B9. Tidak_fileCaseInd")): Object: 'Object Repository/KeatMun/Form 7_default/OTC_Submit Form 7_Section B/Page_PERKESO/B9. Tidak_fileCaseInd' is clicked on

2019-02-20 18:04:06 - [MESSAGE][PASSED] - Object: 'Object Repository/KeatMun/Form 7_default/OTC_Submit Form 7_Section B/Page_PERKESO/B9. Tidak_fileCaseInd' is clicked on

2019-02-20 18:04:06 - [TEST_STEP][PASSED] - delay(1): Delayed 1 second(s)

2019-02-20 18:04:07 - [MESSAGE][PASSED] - Delayed 1 second(s)

2019-02-20 18:04:07 - [TEST_STEP][PASSED] - click(findTestObject("KeatMun/Form 7_default/OTC_Submit Form 7_Section B/Page_PERKESO/B10. Tidak_unregisterCaseInd")): Object: 'Object Repository/KeatMun/Form 7_default/OTC_Submit Form 7_Section B/Page_PERKESO/B10. Tidak_unregisterCaseInd' is clicked on

2019-02-20 18:04:09 - [MESSAGE][PASSED] - Object: 'Object Repository/KeatMun/Form 7_default/OTC_Submit Form 7_Section B/Page_PERKESO/B10. Tidak_unregisterCaseInd' is clicked on

2019-02-20 18:04:09 - [TEST_STEP][PASSED] - delay(2): Delayed 2 second(s)

2019-02-20 18:04:11 - [MESSAGE][PASSED] - Delayed 2 second(s)

2019-02-20 18:04:11 - [TEST_STEP][PASSED] - click(findTestObject("KeatMun/Form 7_default/OTC_Submit Form 7_Section B/Page_PERKESO/B11. Halaman Seterusnya")): Object: 'Object Repository/KeatMun/Form 7_default/OTC_Submit Form 7_Section B/Page_PERKESO/B11. Halaman Seterusnya' is clicked on

2019-02-20 18:04:13 - [MESSAGE][PASSED] - Object: 'Object Repository/KeatMun/Form 7_default/OTC_Submit Form 7_Section B/Page_PERKESO/B11. Halaman Seterusnya' is clicked on

2019-02-20 18:04:13 - [TEST_STEP][PASSED] - delay(3): Delayed 3 second(s)

2019-02-20 18:04:16 - [MESSAGE][PASSED] - Delayed 3 second(s)

2019-02-20 18:04:16 - [MESSAGE][PASSED] - Call Test Case 'Test Cases/All TC/Arranged/3. Unit/EI/Form 7_default/OTC_Submit Form 7_Section B' successfully

2019-02-20 18:04:16 - [TEST_STEP][PASSED] - callTestCase(findTestCase("All TC/Arranged/3. Unit/EI/Form 7_default/OTC_Submit Form 7_Section C"), [:], STOP_ON_FAILURE): Call Test Case 'Test Cases/All TC/Arranged/3. Unit/EI/Form 7_default/OTC_Submit Form 7_Section C' successfully

2019-02-20 18:04:16 - [TEST_CASE][PASSED] - Test Cases/All TC/Arranged/3. Unit/EI/Form 7_default/OTC_Submit Form 7_Section C: Test Cases/All TC/Arranged/3. Unit/EI/Form 7_default/OTC_Submit Form 7_Section C

2019-02-20 18:04:16 - [TEST_STEP][PASSED] - delay(2): Delayed 2 second(s)

2019-02-20 18:04:18 - [MESSAGE][PASSED] - Delayed 2 second(s)

2019-02-20 18:04:18 - [TEST_STEP][PASSED] - setText(findTestObject("KeatMun/Form 7_default/OTC_Submit Form 7_Section C/Page_PERKESO/C4. EmployerInfo"), "qwertyuiop"): Text 'qwertyuiop' is set on object 'Object Repository/KeatMun/Form 7_default/OTC_Submit Form 7_Section C/Page_PERKESO/C4. EmployerInfo'

2019-02-20 18:04:23 - [MESSAGE][PASSED] - Text 'qwertyuiop' is set on object 'Object Repository/KeatMun/Form 7_default/OTC_Submit Form 7_Section C/Page_PERKESO/C4. EmployerInfo'

2019-02-20 18:04:23 - [TEST_STEP][PASSED] - delay(2): Delayed 2 second(s)

2019-02-20 18:04:25 - [MESSAGE][PASSED] - Delayed 2 second(s)

2019-02-20 18:04:25 - [TEST_STEP][PASSED] - click(findTestObject("KeatMun/Form 7_default/OTC_Submit Form 7_Section C/Page_PERKESO/C5. Negeri")): Object: 'Object Repository/KeatMun/Form 7_default/OTC_Submit Form 7_Section C/Page_PERKESO/C5. Negeri' is clicked on

2019-02-20 18:04:27 - [MESSAGE][PASSED] - Object: 'Object Repository/KeatMun/Form 7_default/OTC_Submit Form 7_Section C/Page_PERKESO/C5. Negeri' is clicked on

2019-02-20 18:04:27 - [TEST_STEP][PASSED] - delay(2): Delayed 2 second(s)

2019-02-20 18:04:29 - [MESSAGE][PASSED] - Delayed 2 second(s)

2019-02-20 18:04:29 - [TEST_STEP][PASSED] - click(findTestObject("KeatMun/Form 7_default/OTC_Submit Form 7_Section C/Page_PERKESO/C5. JOHOR")): Object: 'Object Repository/KeatMun/Form 7_default/OTC_Submit Form 7_Section C/Page_PERKESO/C5. JOHOR' is clicked on

2019-02-20 18:04:31 - [MESSAGE][PASSED] - Object: 'Object Repository/KeatMun/Form 7_default/OTC_Submit Form 7_Section C/Page_PERKESO/C5. JOHOR' is clicked on

2019-02-20 18:04:31 - [TEST_STEP][PASSED] - delay(3): Delayed 3 second(s)

2019-02-20 18:04:34 - [MESSAGE][PASSED] - Delayed 3 second(s)

2019-02-20 18:04:34 - [TEST_STEP][PASSED] - click(findTestObject("KeatMun/Form 7_default/OTC_Submit Form 7_Section C/Page_PERKESO/C6. City")): Object: 'Object Repository/KeatMun/Form 7_default/OTC_Submit Form 7_Section C/Page_PERKESO/C6. City' is clicked on

2019-02-20 18:04:36 - [MESSAGE][PASSED] - Object: 'Object Repository/KeatMun/Form 7_default/OTC_Submit Form 7_Section C/Page_PERKESO/C6. City' is clicked on

2019-02-20 18:04:36 - [TEST_STEP][PASSED] - delay(2): Delayed 2 second(s)

2019-02-20 18:04:38 - [MESSAGE][PASSED] - Delayed 2 second(s)

2019-02-20 18:04:38 - [TEST_STEP][PASSED] - setText(findTestObject("KeatMun/Form 7_default/OTC_Submit Form 7_Section C/Page_PERKESO/C6. Done_select2-search__fie"), "jo"): Text 'jo' is set on object 'Object Repository/KeatMun/Form 7_default/OTC_Submit Form 7_Section C/Page_PERKESO/C6. Done_select2-search__fie'

2019-02-20 18:04:42 - [MESSAGE][PASSED] - Text 'jo' is set on object 'Object Repository/KeatMun/Form 7_default/OTC_Submit Form 7_Section C/Page_PERKESO/C6. Done_select2-search__fie'

2019-02-20 18:04:42 - [TEST_STEP][PASSED] - setText(findTestObject("KeatMun/Form 7_default/OTC_Submit Form 7_Section C/Page_PERKESO/C6. Concat(id(  select2-city"), "jo"): Text 'jo' is set on object 'Object Repository/KeatMun/Form 7_default/OTC_Submit Form 7_Section C/Page_PERKESO/C6. Concat(id(  select2-city'

2019-02-20 18:04:46 - [MESSAGE][PASSED] - Text 'jo' is set on object 'Object Repository/KeatMun/Form 7_default/OTC_Submit Form 7_Section C/Page_PERKESO/C6. Concat(id(  select2-city'

2019-02-20 18:04:46 - [TEST_STEP][PASSED] - click(findTestObject("KeatMun/Form 7_default/OTC_Submit Form 7_Section C/Page_PERKESO/C6. JOHOR BAHRU")): Object: 'Object Repository/KeatMun/Form 7_default/OTC_Submit Form 7_Section C/Page_PERKESO/C6. JOHOR BAHRU' is clicked on

2019-02-20 18:04:49 - [MESSAGE][PASSED] - Object: 'Object Repository/KeatMun/Form 7_default/OTC_Submit Form 7_Section C/Page_PERKESO/C6. JOHOR BAHRU' is clicked on

2019-02-20 18:04:49 - [TEST_STEP][PASSED] - delay(3): Delayed 3 second(s)

2019-02-20 18:04:52 - [MESSAGE][PASSED] - Delayed 3 second(s)

2019-02-20 18:04:52 - [TEST_STEP][PASSED] - click(findTestObject("KeatMun/Form 7_default/OTC_Submit Form 7_Section C/Page_PERKESO/C7. --Sila Isikan--")): Object: 'Object Repository/KeatMun/Form 7_default/OTC_Submit Form 7_Section C/Page_PERKESO/C7. --Sila Isikan--' is clicked on

2019-02-20 18:04:54 - [MESSAGE][PASSED] - Object: 'Object Repository/KeatMun/Form 7_default/OTC_Submit Form 7_Section C/Page_PERKESO/C7. --Sila Isikan--' is clicked on

2019-02-20 18:04:54 - [TEST_STEP][PASSED] - delay(2): Delayed 2 second(s)

2019-02-20 18:04:56 - [MESSAGE][PASSED] - Delayed 2 second(s)

2019-02-20 18:04:56 - [TEST_STEP][PASSED] - setText(findTestObject("KeatMun/Form 7_default/OTC_Submit Form 7_Section C/Page_PERKESO/C7. Done_select2-search__fie"), "84"): Text '84' is set on object 'Object Repository/KeatMun/Form 7_default/OTC_Submit Form 7_Section C/Page_PERKESO/C7. Done_select2-search__fie'

2019-02-20 18:05:00 - [MESSAGE][PASSED] - Text '84' is set on object 'Object Repository/KeatMun/Form 7_default/OTC_Submit Form 7_Section C/Page_PERKESO/C7. Done_select2-search__fie'

2019-02-20 18:05:00 - [TEST_STEP][PASSED] - setText(findTestObject("KeatMun/Form 7_default/OTC_Submit Form 7_Section C/Page_PERKESO/C7. Concat(id(  select2-post"), "84"): Text '84' is set on object 'Object Repository/KeatMun/Form 7_default/OTC_Submit Form 7_Section C/Page_PERKESO/C7. Concat(id(  select2-post'

2019-02-20 18:05:04 - [MESSAGE][PASSED] - Text '84' is set on object 'Object Repository/KeatMun/Form 7_default/OTC_Submit Form 7_Section C/Page_PERKESO/C7. Concat(id(  select2-post'

2019-02-20 18:05:04 - [TEST_STEP][PASSED] - click(findTestObject("KeatMun/Form 7_default/OTC_Submit Form 7_Section C/Page_PERKESO/C7. 84000")): Object: 'Object Repository/KeatMun/Form 7_default/OTC_Submit Form 7_Section C/Page_PERKESO/C7. 84000' is clicked on

2019-02-20 18:05:06 - [MESSAGE][PASSED] - Object: 'Object Repository/KeatMun/Form 7_default/OTC_Submit Form 7_Section C/Page_PERKESO/C7. 84000' is clicked on

2019-02-20 18:05:06 - [TEST_STEP][PASSED] - delay(3): Delayed 3 second(s)

2019-02-20 18:05:09 - [MESSAGE][PASSED] - Delayed 3 second(s)

2019-02-20 18:05:09 - [TEST_STEP][PASSED] - click(findTestObject("KeatMun/Form 7_default/OTC_Submit Form 7_Section C/Page_PERKESO/C8. Tidak_employerInfo.emplo")): Object: 'Object Repository/KeatMun/Form 7_default/OTC_Submit Form 7_Section C/Page_PERKESO/C8. Tidak_employerInfo.emplo' is clicked on

2019-02-20 18:05:11 - [MESSAGE][PASSED] - Object: 'Object Repository/KeatMun/Form 7_default/OTC_Submit Form 7_Section C/Page_PERKESO/C8. Tidak_employerInfo.emplo' is clicked on

2019-02-20 18:05:11 - [TEST_STEP][PASSED] - delay(2): Delayed 2 second(s)

2019-02-20 18:05:13 - [MESSAGE][PASSED] - Delayed 2 second(s)

2019-02-20 18:05:13 - [TEST_STEP][PASSED] - setText(findTestObject("KeatMun/Form 7_default/OTC_Submit Form 7_Section C/Page_PERKESO/C9. EmployerName"), "qwertyuiop"): Text 'qwertyuiop' is set on object 'Object Repository/KeatMun/Form 7_default/OTC_Submit Form 7_Section C/Page_PERKESO/C9. EmployerName'

2019-02-20 18:05:18 - [MESSAGE][PASSED] - Text 'qwertyuiop' is set on object 'Object Repository/KeatMun/Form 7_default/OTC_Submit Form 7_Section C/Page_PERKESO/C9. EmployerName'

2019-02-20 18:05:18 - [TEST_STEP][PASSED] - delay(2): Delayed 2 second(s)

2019-02-20 18:05:20 - [MESSAGE][PASSED] - Delayed 2 second(s)

2019-02-20 18:05:20 - [TEST_STEP][PASSED] - setText(findTestObject("KeatMun/Form 7_default/OTC_Submit Form 7_Section C/Page_PERKESO/C10. EmployerIC"), "1234567890"): Text '1234567890' is set on object 'Object Repository/KeatMun/Form 7_default/OTC_Submit Form 7_Section C/Page_PERKESO/C10. EmployerIC'

2019-02-20 18:05:24 - [MESSAGE][PASSED] - Text '1234567890' is set on object 'Object Repository/KeatMun/Form 7_default/OTC_Submit Form 7_Section C/Page_PERKESO/C10. EmployerIC'

2019-02-20 18:05:24 - [TEST_STEP][PASSED] - delay(3): Delayed 3 second(s)

2019-02-20 18:05:27 - [MESSAGE][PASSED] - Delayed 3 second(s)

2019-02-20 18:05:27 - [TEST_STEP][PASSED] - click(findTestObject("KeatMun/Form 7_default/OTC_Submit Form 7_Section C/Page_PERKESO/C11. Halaman Seterusnya")): Object: 'Object Repository/KeatMun/Form 7_default/OTC_Submit Form 7_Section C/Page_PERKESO/C11. Halaman Seterusnya' is clicked on

2019-02-20 18:05:29 - [MESSAGE][PASSED] - Object: 'Object Repository/KeatMun/Form 7_default/OTC_Submit Form 7_Section C/Page_PERKESO/C11. Halaman Seterusnya' is clicked on

2019-02-20 18:05:29 - [TEST_STEP][PASSED] - delay(3): Delayed 3 second(s)

2019-02-20 18:05:32 - [MESSAGE][PASSED] - Delayed 3 second(s)

2019-02-20 18:05:32 - [MESSAGE][PASSED] - Call Test Case 'Test Cases/All TC/Arranged/3. Unit/EI/Form 7_default/OTC_Submit Form 7_Section C' successfully

2019-02-20 18:05:32 - [TEST_STEP][PASSED] - callTestCase(findTestCase("All TC/Arranged/3. Unit/EI/Form 7_default/OTC_Submit Form 7_Section D-E"), [:], STOP_ON_FAILURE): Call Test Case 'Test Cases/All TC/Arranged/3. Unit/EI/Form 7_default/OTC_Submit Form 7_Section D-E' successfully

2019-02-20 18:05:32 - [TEST_CASE][PASSED] - Test Cases/All TC/Arranged/3. Unit/EI/Form 7_default/OTC_Submit Form 7_Section D-E: Test Cases/All TC/Arranged/3. Unit/EI/Form 7_default/OTC_Submit Form 7_Section D-E

2019-02-20 18:05:32 - [TEST_STEP][PASSED] - delay(3): Delayed 3 second(s)

2019-02-20 18:05:35 - [MESSAGE][PASSED] - Delayed 3 second(s)

2019-02-20 18:05:35 - [TEST_STEP][PASSED] - click(findTestObject("KeatMun/Form 7_default/OTC_Submit Form 7_Section D-E/Page_PERKESO/D1. NO_otherActiveEmploye")): Object: 'Object Repository/KeatMun/Form 7_default/OTC_Submit Form 7_Section D-E/Page_PERKESO/D1. NO_otherActiveEmploye' is clicked on

2019-02-20 18:05:37 - [MESSAGE][PASSED] - Object: 'Object Repository/KeatMun/Form 7_default/OTC_Submit Form 7_Section D-E/Page_PERKESO/D1. NO_otherActiveEmploye' is clicked on

2019-02-20 18:05:37 - [TEST_STEP][PASSED] - delay(4): Delayed 4 second(s)

2019-02-20 18:05:41 - [MESSAGE][PASSED] - Delayed 4 second(s)

2019-02-20 18:05:41 - [TEST_STEP][PASSED] - click(findTestObject("KeatMun/Form 7_default/OTC_Submit Form 7_Section D-E/Page_PERKESO/D2. Halaman Seterusnya")): Object: 'Object Repository/KeatMun/Form 7_default/OTC_Submit Form 7_Section D-E/Page_PERKESO/D2. Halaman Seterusnya' is clicked on

2019-02-20 18:05:43 - [MESSAGE][PASSED] - Object: 'Object Repository/KeatMun/Form 7_default/OTC_Submit Form 7_Section D-E/Page_PERKESO/D2. Halaman Seterusnya' is clicked on

2019-02-20 18:05:43 - [TEST_STEP][PASSED] - delay(5): Delayed 5 second(s)

2019-02-20 18:05:48 - [MESSAGE][PASSED] - Delayed 5 second(s)

2019-02-20 18:05:48 - [TEST_STEP][PASSED] - setText(findTestObject("KeatMun/Form 7_default/OTC_Submit Form 7_Section D-E/Page_PERKESO/E1. Input__totalExpYear"), "1"): Text '1' is set on object 'Object Repository/KeatMun/Form 7_default/OTC_Submit Form 7_Section D-E/Page_PERKESO/E1. Input__totalExpYear'

2019-02-20 18:05:53 - [MESSAGE][PASSED] - Text '1' is set on object 'Object Repository/KeatMun/Form 7_default/OTC_Submit Form 7_Section D-E/Page_PERKESO/E1. Input__totalExpYear'

2019-02-20 18:05:53 - [TEST_STEP][PASSED] - delay(2): Delayed 2 second(s)

2019-02-20 18:05:55 - [MESSAGE][PASSED] - Delayed 2 second(s)

2019-02-20 18:05:55 - [TEST_STEP][PASSED] - setText(findTestObject("KeatMun/Form 7_default/OTC_Submit Form 7_Section D-E/Page_PERKESO/E1. Tahun_totalExpMonth"), "1"): Text '1' is set on object 'Object Repository/KeatMun/Form 7_default/OTC_Submit Form 7_Section D-E/Page_PERKESO/E1. Tahun_totalExpMonth'

2019-02-20 18:05:59 - [MESSAGE][PASSED] - Text '1' is set on object 'Object Repository/KeatMun/Form 7_default/OTC_Submit Form 7_Section D-E/Page_PERKESO/E1. Tahun_totalExpMonth'

2019-02-20 18:05:59 - [TEST_STEP][PASSED] - delay(2): Delayed 2 second(s)

2019-02-20 18:06:01 - [MESSAGE][PASSED] - Delayed 2 second(s)

2019-02-20 18:06:01 - [TEST_STEP][PASSED] - click(findTestObject("KeatMun/Form 7_default/OTC_Submit Form 7_Section D-E/Page_PERKESO/E2. Edu-Level")): Object: 'Object Repository/KeatMun/Form 7_default/OTC_Submit Form 7_Section D-E/Page_PERKESO/E2. Edu-Level' is clicked on

2019-02-20 18:06:03 - [MESSAGE][PASSED] - Object: 'Object Repository/KeatMun/Form 7_default/OTC_Submit Form 7_Section D-E/Page_PERKESO/E2. Edu-Level' is clicked on

2019-02-20 18:06:03 - [TEST_STEP][PASSED] - delay(2): Delayed 2 second(s)

2019-02-20 18:06:05 - [MESSAGE][PASSED] - Delayed 2 second(s)

2019-02-20 18:06:05 - [TEST_STEP][PASSED] - click(findTestObject("KeatMun/Form 7_default/OTC_Submit Form 7_Section D-E/Page_PERKESO/E2. PMRPT3")): Object: 'Object Repository/KeatMun/Form 7_default/OTC_Submit Form 7_Section D-E/Page_PERKESO/E2. PMRPT3' is clicked on

2019-02-20 18:06:07 - [MESSAGE][PASSED] - Object: 'Object Repository/KeatMun/Form 7_default/OTC_Submit Form 7_Section D-E/Page_PERKESO/E2. PMRPT3' is clicked on

2019-02-20 18:06:07 - [TEST_STEP][PASSED] - delay(3): Delayed 3 second(s)

2019-02-20 18:06:10 - [MESSAGE][PASSED] - Delayed 3 second(s)

2019-02-20 18:06:10 - [TEST_STEP][PASSED] - click(findTestObject("KeatMun/Form 7_default/OTC_Submit Form 7_Section D-E/Page_PERKESO/E3. Job-Choice")): Object: 'Object Repository/KeatMun/Form 7_default/OTC_Submit Form 7_Section D-E/Page_PERKESO/E3. Job-Choice' is clicked on

2019-02-20 18:06:12 - [MESSAGE][PASSED] - Object: 'Object Repository/KeatMun/Form 7_default/OTC_Submit Form 7_Section D-E/Page_PERKESO/E3. Job-Choice' is clicked on

2019-02-20 18:06:12 - [TEST_STEP][PASSED] - delay(2): Delayed 2 second(s)

2019-02-20 18:06:14 - [MESSAGE][PASSED] - Delayed 2 second(s)

2019-02-20 18:06:14 - [TEST_STEP][PASSED] - setText(findTestObject("KeatMun/Form 7_default/OTC_Submit Form 7_Section D-E/Page_PERKESO/E3. Done_select2-search__fie"), "re"): Text 're' is set on object 'Object Repository/KeatMun/Form 7_default/OTC_Submit Form 7_Section D-E/Page_PERKESO/E3. Done_select2-search__fie'

2019-02-20 18:06:18 - [MESSAGE][PASSED] - Text 're' is set on object 'Object Repository/KeatMun/Form 7_default/OTC_Submit Form 7_Section D-E/Page_PERKESO/E3. Done_select2-search__fie'

2019-02-20 18:06:18 - [TEST_STEP][PASSED] - click(findTestObject("KeatMun/Form 7_default/OTC_Submit Form 7_Section D-E/Page_PERKESO/E3. Arkitek Reka Bentuk")): Object: 'Object Repository/KeatMun/Form 7_default/OTC_Submit Form 7_Section D-E/Page_PERKESO/E3. Arkitek Reka Bentuk' is clicked on

2019-02-20 18:06:20 - [MESSAGE][PASSED] - Object: 'Object Repository/KeatMun/Form 7_default/OTC_Submit Form 7_Section D-E/Page_PERKESO/E3. Arkitek Reka Bentuk' is clicked on

2019-02-20 18:06:20 - [TEST_STEP][PASSED] - delay(2): Delayed 2 second(s)

2019-02-20 18:06:22 - [MESSAGE][PASSED] - Delayed 2 second(s)

2019-02-20 18:06:22 - [TEST_STEP][PASSED] - click(findTestObject("KeatMun/Form 7_default/OTC_Submit Form 7_Section D-E/Page_PERKESO/E4. Job_Location")): Object: 'Object Repository/KeatMun/Form 7_default/OTC_Submit Form 7_Section D-E/Page_PERKESO/E4. Job_Location' is clicked on

2019-02-20 18:06:25 - [MESSAGE][PASSED] - Object: 'Object Repository/KeatMun/Form 7_default/OTC_Submit Form 7_Section D-E/Page_PERKESO/E4. Job_Location' is clicked on

2019-02-20 18:06:25 - [TEST_STEP][PASSED] - delay(2): Delayed 2 second(s)

2019-02-20 18:06:27 - [MESSAGE][PASSED] - Delayed 2 second(s)

2019-02-20 18:06:27 - [TEST_STEP][PASSED] - click(findTestObject("KeatMun/Form 7_default/OTC_Submit Form 7_Section D-E/Page_PERKESO/E4. JOHOR")): Object: 'Object Repository/KeatMun/Form 7_default/OTC_Submit Form 7_Section D-E/Page_PERKESO/E4. JOHOR' is clicked on

2019-02-20 18:06:29 - [MESSAGE][PASSED] - Object: 'Object Repository/KeatMun/Form 7_default/OTC_Submit Form 7_Section D-E/Page_PERKESO/E4. JOHOR' is clicked on

2019-02-20 18:06:29 - [TEST_STEP][PASSED] - delay(2): Delayed 2 second(s)

2019-02-20 18:06:31 - [MESSAGE][PASSED] - Delayed 2 second(s)

2019-02-20 18:06:31 - [TEST_STEP][PASSED] - click(findTestObject("KeatMun/Form 7_default/OTC_Submit Form 7_Section D-E/Page_PERKESO/E7. NO_disability")): Object: 'Object Repository/KeatMun/Form 7_default/OTC_Submit Form 7_Section D-E/Page_PERKESO/E7. NO_disability' is clicked on

2019-02-20 18:06:33 - [MESSAGE][PASSED] - Object: 'Object Repository/KeatMun/Form 7_default/OTC_Submit Form 7_Section D-E/Page_PERKESO/E7. NO_disability' is clicked on

2019-02-20 18:06:33 - [TEST_STEP][PASSED] - delay(2): Delayed 2 second(s)

2019-02-20 18:06:35 - [MESSAGE][PASSED] - Delayed 2 second(s)

2019-02-20 18:06:35 - [TEST_STEP][PASSED] - click(findTestObject("KeatMun/Form 7_default/OTC_Submit Form 7_Section D-E/Page_PERKESO/E8. NO_disabilityApplyInd")): Object: 'Object Repository/KeatMun/Form 7_default/OTC_Submit Form 7_Section D-E/Page_PERKESO/E8. NO_disabilityApplyInd' is clicked on

2019-02-20 18:06:37 - [MESSAGE][PASSED] - Object: 'Object Repository/KeatMun/Form 7_default/OTC_Submit Form 7_Section D-E/Page_PERKESO/E8. NO_disabilityApplyInd' is clicked on

2019-02-20 18:06:37 - [TEST_STEP][PASSED] - delay(2): Delayed 2 second(s)

2019-02-20 18:06:39 - [MESSAGE][PASSED] - Delayed 2 second(s)

2019-02-20 18:06:39 - [TEST_STEP][PASSED] - click(findTestObject("KeatMun/Form 7_default/OTC_Submit Form 7_Section D-E/Page_PERKESO/E9. YES_ReEmployment")): Object: 'Object Repository/KeatMun/Form 7_default/OTC_Submit Form 7_Section D-E/Page_PERKESO/E9. YES_ReEmployment' is clicked on

2019-02-20 18:06:41 - [MESSAGE][PASSED] - Object: 'Object Repository/KeatMun/Form 7_default/OTC_Submit Form 7_Section D-E/Page_PERKESO/E9. YES_ReEmployment' is clicked on

2019-02-20 18:06:41 - [TEST_STEP][PASSED] - delay(2): Delayed 2 second(s)

2019-02-20 18:06:43 - [MESSAGE][PASSED] - Delayed 2 second(s)

2019-02-20 18:06:43 - [TEST_STEP][PASSED] - click(findTestObject("KeatMun/Form 7_default/OTC_Submit Form 7_Section D-E/Page_PERKESO/E10. Halaman Seterusnya")): Object: 'Object Repository/KeatMun/Form 7_default/OTC_Submit Form 7_Section D-E/Page_PERKESO/E10. Halaman Seterusnya' is clicked on

2019-02-20 18:06:45 - [MESSAGE][PASSED] - Object: 'Object Repository/KeatMun/Form 7_default/OTC_Submit Form 7_Section D-E/Page_PERKESO/E10. Halaman Seterusnya' is clicked on

2019-02-20 18:06:45 - [TEST_STEP][PASSED] - delay(3): Delayed 3 second(s)

2019-02-20 18:06:48 - [MESSAGE][PASSED] - Delayed 3 second(s)

2019-02-20 18:06:48 - [MESSAGE][PASSED] - Call Test Case 'Test Cases/All TC/Arranged/3. Unit/EI/Form 7_default/OTC_Submit Form 7_Section D-E' successfully

2019-02-20 18:06:48 - [TEST_STEP][FAILED] - callTestCase(findTestCase("All TC/Arranged/3. Unit/EI/Form 7_default/OTC_Submit Form 7_Section F-G-H - Cheque"), [:], STOP_ON_FAILURE): callTestCase(findTestCase("All TC/Arranged/3. Unit/EI/Form 7_default/OTC_Submit Form 7_Section F-G-H - Cheque"), [:], STOP_ON_FAILURE) FAILED.
Reason:
com.kms.katalon.core.exception.StepFailedException: Unable to click on object 'Object Repository/KeatMun/Form 7_default/OTC_Submit Form 7_Section F-G-H/Page_PERKESO/G2. span_Isteri' (Root cause: com.kms.katalon.core.webui.exception.WebElementNotFoundException: Web element with id: 'Object Repository/KeatMun/Form 7_default/OTC_Submit Form 7_Section F-G-H/Page_PERKESO/G2. span_Isteri' located by 'By.xpath: //span[@id = 'select2-dependentList0dependentRelationId-container' and @title = 'Isteri' and (text() = 'Isteri' or . = 'Isteri')]' not found)
	at com.kms.katalon.core.keyword.internal.KeywordMain.stepFailed(KeywordMain.groovy:36)
	at com.kms.katalon.core.webui.keyword.internal.WebUIKeywordMain.stepFailed(WebUIKeywordMain.groovy:65)
	at com.kms.katalon.core.webui.keyword.internal.WebUIKeywordMain.runKeyword(WebUIKeywordMain.groovy:27)
	at com.kms.katalon.core.webui.keyword.builtin.ClickKeyword.click(ClickKeyword.groovy:86)
	at com.kms.katalon.core.webui.keyword.builtin.ClickKeyword.execute(ClickKeyword.groovy:67)
	at com.kms.katalon.core.keyword.internal.KeywordExecutor.executeKeywordForPlatform(KeywordExecutor.groovy:53)
	at com.kms.katalon.core.webui.keyword.WebUiBuiltInKeywords.click(WebUiBuiltInKeywords.groovy:616)
	at com.kms.katalon.core.webui.keyword.WebUiBuiltInKeywords$click$3.call(Unknown Source)
	at OTC_Submit Form 7_Section F-G-H - Cheque.run(OTC_Submit Form 7_Section F-G-H - Cheque:41)
	at com.kms.katalon.core.main.ScriptEngine.run(ScriptEngine.java:194)
	at com.kms.katalon.core.main.ScriptEngine.runScriptAsRawText(ScriptEngine.java:119)
	at com.kms.katalon.core.main.TestCaseExecutor.runScript(TestCaseExecutor.java:328)
	at com.kms.katalon.core.main.TestCaseExecutor.doExecute(TestCaseExecutor.java:319)
	at com.kms.katalon.core.main.TestCaseExecutor.processExecutionPhase(TestCaseExecutor.java:298)
	at com.kms.katalon.core.main.TestCaseExecutor.accessMainPhase(TestCaseExecutor.java:290)
	at com.kms.katalon.core.main.TestCaseExecutor.execute(TestCaseExecutor.java:224)
	at com.kms.katalon.core.main.TestCaseMain.runTestCase(TestCaseMain.java:106)
	at com.kms.katalon.core.keyword.builtin.CallTestCaseKeyword$_callTestCase_closure1.doCall(CallTestCaseKeyword.groovy:59)
	at com.kms.katalon.core.keyword.builtin.CallTestCaseKeyword$_callTestCase_closure1.call(CallTestCaseKeyword.groovy)
	at com.kms.katalon.core.keyword.internal.KeywordMain.runKeyword(KeywordMain.groovy:54)
	at com.kms.katalon.core.keyword.builtin.CallTestCaseKeyword.callTestCase(CallTestCaseKeyword.groovy:80)
	at com.kms.katalon.core.keyword.builtin.CallTestCaseKeyword.execute(CallTestCaseKeyword.groovy:44)
	at com.kms.katalon.core.keyword.internal.KeywordExecutor.executeKeywordForPlatform(KeywordExecutor.groovy:53)
	at com.kms.katalon.core.keyword.BuiltinKeywords.callTestCase(BuiltinKeywords.groovy:334)
	at OTC_Submit Form 7_End to End - Cheque.run(OTC_Submit Form 7_End to End - Cheque:26)
	at com.kms.katalon.core.main.ScriptEngine.run(ScriptEngine.java:194)
	at com.kms.katalon.core.main.ScriptEngine.runScriptAsRawText(ScriptEngine.java:119)
	at com.kms.katalon.core.main.TestCaseExecutor.runScript(TestCaseExecutor.java:328)
	at com.kms.katalon.core.main.TestCaseExecutor.doExecute(TestCaseExecutor.java:319)
	at com.kms.katalon.core.main.TestCaseExecutor.processExecutionPhase(TestCaseExecutor.java:298)
	at com.kms.katalon.core.main.TestCaseExecutor.accessMainPhase(TestCaseExecutor.java:290)
	at com.kms.katalon.core.main.TestCaseExecutor.execute(TestCaseExecutor.java:224)
	at com.kms.katalon.core.main.TestCaseMain.runTestCase(TestCaseMain.java:106)
	at com.kms.katalon.core.keyword.builtin.CallTestCaseKeyword$_callTestCase_closure1.doCall(CallTestCaseKeyword.groovy:59)
	at com.kms.katalon.core.keyword.builtin.CallTestCaseKeyword$_callTestCase_closure1.call(CallTestCaseKeyword.groovy)
	at com.kms.katalon.core.keyword.internal.KeywordMain.runKeyword(KeywordMain.groovy:54)
	at com.kms.katalon.core.keyword.builtin.CallTestCaseKeyword.callTestCase(CallTestCaseKeyword.groovy:80)
	at com.kms.katalon.core.keyword.builtin.CallTestCaseKeyword.execute(CallTestCaseKeyword.groovy:44)
	at com.kms.katalon.core.keyword.internal.KeywordExecutor.executeKeywordForPlatform(KeywordExecutor.groovy:53)
	at com.kms.katalon.core.keyword.BuiltinKeywords.callTestCase(BuiltinKeywords.groovy:334)
	at Same branch - SEIO.run(Same branch - SEIO:16)
	at com.kms.katalon.core.main.ScriptEngine.run(ScriptEngine.java:194)
	at com.kms.katalon.core.main.ScriptEngine.runScriptAsRawText(ScriptEngine.java:119)
	at com.kms.katalon.core.main.TestCaseExecutor.runScript(TestCaseExecutor.java:328)
	at com.kms.katalon.core.main.TestCaseExecutor.doExecute(TestCaseExecutor.java:319)
	at com.kms.katalon.core.main.TestCaseExecutor.processExecutionPhase(TestCaseExecutor.java:298)
	at com.kms.katalon.core.main.TestCaseExecutor.accessMainPhase(TestCaseExecutor.java:290)
	at com.kms.katalon.core.main.TestCaseExecutor.execute(TestCaseExecutor.java:224)
	at com.kms.katalon.core.main.TestSuiteExecutor.accessTestCaseMainPhase(TestSuiteExecutor.java:129)
	at com.kms.katalon.core.main.TestSuiteExecutor.accessTestSuiteMainPhase(TestSuiteExecutor.java:112)
	at com.kms.katalon.core.main.TestSuiteExecutor.execute(TestSuiteExecutor.java:81)
	at com.kms.katalon.core.main.TestCaseMain.startTestSuite(TestCaseMain.java:149)
	at com.kms.katalon.core.main.TestCaseMain$startTestSuite$0.call(Unknown Source)
	at TempTestSuite1550652525208.run(TempTestSuite1550652525208.groovy:36)


2019-02-20 18:06:48 - [TEST_CASE][FAILED] - Test Cases/All TC/Arranged/3. Unit/EI/Form 7_default/OTC_Submit Form 7_Section F-G-H - Cheque: Test Cases/All TC/Arranged/3. Unit/EI/Form 7_default/OTC_Submit Form 7_Section F-G-H - Cheque FAILED.
Reason:
com.kms.katalon.core.exception.StepFailedException: Unable to click on object 'Object Repository/KeatMun/Form 7_default/OTC_Submit Form 7_Section F-G-H/Page_PERKESO/G2. span_Isteri' (Root cause: com.kms.katalon.core.webui.exception.WebElementNotFoundException: Web element with id: 'Object Repository/KeatMun/Form 7_default/OTC_Submit Form 7_Section F-G-H/Page_PERKESO/G2. span_Isteri' located by 'By.xpath: //span[@id = 'select2-dependentList0dependentRelationId-container' and @title = 'Isteri' and (text() = 'Isteri' or . = 'Isteri')]' not found)
	at com.kms.katalon.core.keyword.internal.KeywordMain.stepFailed(KeywordMain.groovy:36)
	at com.kms.katalon.core.webui.keyword.internal.WebUIKeywordMain.stepFailed(WebUIKeywordMain.groovy:65)
	at com.kms.katalon.core.webui.keyword.internal.WebUIKeywordMain.runKeyword(WebUIKeywordMain.groovy:27)
	at com.kms.katalon.core.webui.keyword.builtin.ClickKeyword.click(ClickKeyword.groovy:86)
	at com.kms.katalon.core.webui.keyword.builtin.ClickKeyword.execute(ClickKeyword.groovy:67)
	at com.kms.katalon.core.keyword.internal.KeywordExecutor.executeKeywordForPlatform(KeywordExecutor.groovy:53)
	at com.kms.katalon.core.webui.keyword.WebUiBuiltInKeywords.click(WebUiBuiltInKeywords.groovy:616)
	at com.kms.katalon.core.webui.keyword.WebUiBuiltInKeywords$click$3.call(Unknown Source)
	at OTC_Submit Form 7_Section F-G-H - Cheque.run(OTC_Submit Form 7_Section F-G-H - Cheque:41)
	at com.kms.katalon.core.main.ScriptEngine.run(ScriptEngine.java:194)
	at com.kms.katalon.core.main.ScriptEngine.runScriptAsRawText(ScriptEngine.java:119)
	at com.kms.katalon.core.main.TestCaseExecutor.runScript(TestCaseExecutor.java:328)
	at com.kms.katalon.core.main.TestCaseExecutor.doExecute(TestCaseExecutor.java:319)
	at com.kms.katalon.core.main.TestCaseExecutor.processExecutionPhase(TestCaseExecutor.java:298)
	at com.kms.katalon.core.main.TestCaseExecutor.accessMainPhase(TestCaseExecutor.java:290)
	at com.kms.katalon.core.main.TestCaseExecutor.execute(TestCaseExecutor.java:224)
	at com.kms.katalon.core.main.TestCaseMain.runTestCase(TestCaseMain.java:106)
	at com.kms.katalon.core.keyword.builtin.CallTestCaseKeyword$_callTestCase_closure1.doCall(CallTestCaseKeyword.groovy:59)
	at com.kms.katalon.core.keyword.builtin.CallTestCaseKeyword$_callTestCase_closure1.call(CallTestCaseKeyword.groovy)
	at com.kms.katalon.core.keyword.internal.KeywordMain.runKeyword(KeywordMain.groovy:54)
	at com.kms.katalon.core.keyword.builtin.CallTestCaseKeyword.callTestCase(CallTestCaseKeyword.groovy:80)
	at com.kms.katalon.core.keyword.builtin.CallTestCaseKeyword.execute(CallTestCaseKeyword.groovy:44)
	at com.kms.katalon.core.keyword.internal.KeywordExecutor.executeKeywordForPlatform(KeywordExecutor.groovy:53)
	at com.kms.katalon.core.keyword.BuiltinKeywords.callTestCase(BuiltinKeywords.groovy:334)
	at OTC_Submit Form 7_End to End - Cheque.run(OTC_Submit Form 7_End to End - Cheque:26)
	at com.kms.katalon.core.main.ScriptEngine.run(ScriptEngine.java:194)
	at com.kms.katalon.core.main.ScriptEngine.runScriptAsRawText(ScriptEngine.java:119)
	at com.kms.katalon.core.main.TestCaseExecutor.runScript(TestCaseExecutor.java:328)
	at com.kms.katalon.core.main.TestCaseExecutor.doExecute(TestCaseExecutor.java:319)
	at com.kms.katalon.core.main.TestCaseExecutor.processExecutionPhase(TestCaseExecutor.java:298)
	at com.kms.katalon.core.main.TestCaseExecutor.accessMainPhase(TestCaseExecutor.java:290)
	at com.kms.katalon.core.main.TestCaseExecutor.execute(TestCaseExecutor.java:224)
	at com.kms.katalon.core.main.TestCaseMain.runTestCase(TestCaseMain.java:106)
	at com.kms.katalon.core.keyword.builtin.CallTestCaseKeyword$_callTestCase_closure1.doCall(CallTestCaseKeyword.groovy:59)
	at com.kms.katalon.core.keyword.builtin.CallTestCaseKeyword$_callTestCase_closure1.call(CallTestCaseKeyword.groovy)
	at com.kms.katalon.core.keyword.internal.KeywordMain.runKeyword(KeywordMain.groovy:54)
	at com.kms.katalon.core.keyword.builtin.CallTestCaseKeyword.callTestCase(CallTestCaseKeyword.groovy:80)
	at com.kms.katalon.core.keyword.builtin.CallTestCaseKeyword.execute(CallTestCaseKeyword.groovy:44)
	at com.kms.katalon.core.keyword.internal.KeywordExecutor.executeKeywordForPlatform(KeywordExecutor.groovy:53)
	at com.kms.katalon.core.keyword.BuiltinKeywords.callTestCase(BuiltinKeywords.groovy:334)
	at Same branch - SEIO.run(Same branch - SEIO:16)
	at com.kms.katalon.core.main.ScriptEngine.run(ScriptEngine.java:194)
	at com.kms.katalon.core.main.ScriptEngine.runScriptAsRawText(ScriptEngine.java:119)
	at com.kms.katalon.core.main.TestCaseExecutor.runScript(TestCaseExecutor.java:328)
	at com.kms.katalon.core.main.TestCaseExecutor.doExecute(TestCaseExecutor.java:319)
	at com.kms.katalon.core.main.TestCaseExecutor.processExecutionPhase(TestCaseExecutor.java:298)
	at com.kms.katalon.core.main.TestCaseExecutor.accessMainPhase(TestCaseExecutor.java:290)
	at com.kms.katalon.core.main.TestCaseExecutor.execute(TestCaseExecutor.java:224)
	at com.kms.katalon.core.main.TestSuiteExecutor.accessTestCaseMainPhase(TestSuiteExecutor.java:129)
	at com.kms.katalon.core.main.TestSuiteExecutor.accessTestSuiteMainPhase(TestSuiteExecutor.java:112)
	at com.kms.katalon.core.main.TestSuiteExecutor.execute(TestSuiteExecutor.java:81)
	at com.kms.katalon.core.main.TestCaseMain.startTestSuite(TestCaseMain.java:149)
	at com.kms.katalon.core.main.TestCaseMain$startTestSuite$0.call(Unknown Source)
	at TempTestSuite1550652525208.run(TempTestSuite1550652525208.groovy:36)


2019-02-20 18:06:48 - [TEST_STEP][PASSED] - delay(3): Delayed 3 second(s)

2019-02-20 18:06:51 - [MESSAGE][PASSED] - Delayed 3 second(s)

2019-02-20 18:06:51 - [TEST_STEP][PASSED] - click(findTestObject("KeatMun/Form 7_default/OTC_Submit Form 7_Section F-G-H/Page_PERKESO/F1. Bankrup_yes")): Object: 'Object Repository/KeatMun/Form 7_default/OTC_Submit Form 7_Section F-G-H/Page_PERKESO/F1. Bankrup_yes' is clicked on

2019-02-20 18:06:54 - [MESSAGE][PASSED] - Object: 'Object Repository/KeatMun/Form 7_default/OTC_Submit Form 7_Section F-G-H/Page_PERKESO/F1. Bankrup_yes' is clicked on

2019-02-20 18:06:54 - [TEST_STEP][PASSED] - delay(3): Delayed 3 second(s)

2019-02-20 18:06:57 - [MESSAGE][PASSED] - Delayed 3 second(s)

2019-02-20 18:06:57 - [TEST_STEP][PASSED] - click(findTestObject("KeatMun/Form 7_default/OTC_Submit Form 7_Section F-G-H/Page_PERKESO/F2. Next_Page_AfterBankInfo")): Object: 'Object Repository/KeatMun/Form 7_default/OTC_Submit Form 7_Section F-G-H/Page_PERKESO/F2. Next_Page_AfterBankInfo' is clicked on

2019-02-20 18:06:59 - [MESSAGE][PASSED] - Object: 'Object Repository/KeatMun/Form 7_default/OTC_Submit Form 7_Section F-G-H/Page_PERKESO/F2. Next_Page_AfterBankInfo' is clicked on

2019-02-20 18:06:59 - [TEST_STEP][PASSED] - delay(5): Delayed 5 second(s)

2019-02-20 18:07:04 - [MESSAGE][PASSED] - Delayed 5 second(s)

2019-02-20 18:07:04 - [TEST_STEP][PASSED] - setText(findTestObject("KeatMun/Form 7_default/OTC_Submit Form 7_Section F-G-H/Page_PERKESO/G2. Hubungan dengan OB-nama"), "qwertyuiop"): Text 'qwertyuiop' is set on object 'Object Repository/KeatMun/Form 7_default/OTC_Submit Form 7_Section F-G-H/Page_PERKESO/G2. Hubungan dengan OB-nama'

2019-02-20 18:07:08 - [MESSAGE][PASSED] - Text 'qwertyuiop' is set on object 'Object Repository/KeatMun/Form 7_default/OTC_Submit Form 7_Section F-G-H/Page_PERKESO/G2. Hubungan dengan OB-nama'

2019-02-20 18:07:08 - [TEST_STEP][PASSED] - delay(2): Delayed 2 second(s)

2019-02-20 18:07:10 - [MESSAGE][PASSED] - Delayed 2 second(s)

2019-02-20 18:07:10 - [TEST_STEP][PASSED] - setText(findTestObject("KeatMun/Form 7_default/OTC_Submit Form 7_Section F-G-H/Page_PERKESO/G2. Hubungan dengan OB-ic.no"), "111111223333"): Text '111111223333' is set on object 'Object Repository/KeatMun/Form 7_default/OTC_Submit Form 7_Section F-G-H/Page_PERKESO/G2. Hubungan dengan OB-ic.no'

2019-02-20 18:07:14 - [MESSAGE][PASSED] - Text '111111223333' is set on object 'Object Repository/KeatMun/Form 7_default/OTC_Submit Form 7_Section F-G-H/Page_PERKESO/G2. Hubungan dengan OB-ic.no'

2019-02-20 18:07:14 - [TEST_STEP][PASSED] - delay(2): Delayed 2 second(s)

2019-02-20 18:07:16 - [MESSAGE][PASSED] - Delayed 2 second(s)

2019-02-20 18:07:16 - [TEST_STEP][PASSED] - setText(findTestObject("KeatMun/Form 7_default/OTC_Submit Form 7_Section F-G-H/Page_PERKESO/G2. Hubungan dengan OB-DOB"), "10/01/2019"): Text '10/01/2019' is set on object 'Object Repository/KeatMun/Form 7_default/OTC_Submit Form 7_Section F-G-H/Page_PERKESO/G2. Hubungan dengan OB-DOB'

2019-02-20 18:07:20 - [MESSAGE][PASSED] - Text '10/01/2019' is set on object 'Object Repository/KeatMun/Form 7_default/OTC_Submit Form 7_Section F-G-H/Page_PERKESO/G2. Hubungan dengan OB-DOB'

2019-02-20 18:07:20 - [TEST_STEP][PASSED] - delay(3): Delayed 3 second(s)

2019-02-20 18:07:23 - [MESSAGE][PASSED] - Delayed 3 second(s)

2019-02-20 18:07:23 - [TEST_STEP][FAILED] - click(findTestObject("KeatMun/Form 7_default/OTC_Submit Form 7_Section F-G-H/Page_PERKESO/G2. span_Isteri")): click(findTestObject("KeatMun/Form 7_default/OTC_Submit Form 7_Section F-G-H/Page_PERKESO/G2. span_Isteri")) FAILED.
Reason:
com.kms.katalon.core.exception.StepFailedException: Unable to click on object 'Object Repository/KeatMun/Form 7_default/OTC_Submit Form 7_Section F-G-H/Page_PERKESO/G2. span_Isteri' (Root cause: com.kms.katalon.core.webui.exception.WebElementNotFoundException: Web element with id: 'Object Repository/KeatMun/Form 7_default/OTC_Submit Form 7_Section F-G-H/Page_PERKESO/G2. span_Isteri' located by 'By.xpath: //span[@id = 'select2-dependentList0dependentRelationId-container' and @title = 'Isteri' and (text() = 'Isteri' or . = 'Isteri')]' not found)
	at com.kms.katalon.core.keyword.internal.KeywordMain.stepFailed(KeywordMain.groovy:36)
	at com.kms.katalon.core.webui.keyword.internal.WebUIKeywordMain.stepFailed(WebUIKeywordMain.groovy:65)
	at com.kms.katalon.core.webui.keyword.internal.WebUIKeywordMain.runKeyword(WebUIKeywordMain.groovy:27)
	at com.kms.katalon.core.webui.keyword.builtin.ClickKeyword.click(ClickKeyword.groovy:86)
	at com.kms.katalon.core.webui.keyword.builtin.ClickKeyword.execute(ClickKeyword.groovy:67)
	at com.kms.katalon.core.keyword.internal.KeywordExecutor.executeKeywordForPlatform(KeywordExecutor.groovy:53)
	at com.kms.katalon.core.webui.keyword.WebUiBuiltInKeywords.click(WebUiBuiltInKeywords.groovy:616)
	at com.kms.katalon.core.webui.keyword.WebUiBuiltInKeywords$click$3.call(Unknown Source)
	at OTC_Submit Form 7_Section F-G-H - Cheque.run(OTC_Submit Form 7_Section F-G-H - Cheque:41)
	at com.kms.katalon.core.main.ScriptEngine.run(ScriptEngine.java:194)
	at com.kms.katalon.core.main.ScriptEngine.runScriptAsRawText(ScriptEngine.java:119)
	at com.kms.katalon.core.main.TestCaseExecutor.runScript(TestCaseExecutor.java:328)
	at com.kms.katalon.core.main.TestCaseExecutor.doExecute(TestCaseExecutor.java:319)
	at com.kms.katalon.core.main.TestCaseExecutor.processExecutionPhase(TestCaseExecutor.java:298)
	at com.kms.katalon.core.main.TestCaseExecutor.accessMainPhase(TestCaseExecutor.java:290)
	at com.kms.katalon.core.main.TestCaseExecutor.execute(TestCaseExecutor.java:224)
	at com.kms.katalon.core.main.TestCaseMain.runTestCase(TestCaseMain.java:106)
	at com.kms.katalon.core.keyword.builtin.CallTestCaseKeyword$_callTestCase_closure1.doCall(CallTestCaseKeyword.groovy:59)
	at com.kms.katalon.core.keyword.builtin.CallTestCaseKeyword$_callTestCase_closure1.call(CallTestCaseKeyword.groovy)
	at com.kms.katalon.core.keyword.internal.KeywordMain.runKeyword(KeywordMain.groovy:54)
	at com.kms.katalon.core.keyword.builtin.CallTestCaseKeyword.callTestCase(CallTestCaseKeyword.groovy:80)
	at com.kms.katalon.core.keyword.builtin.CallTestCaseKeyword.execute(CallTestCaseKeyword.groovy:44)
	at com.kms.katalon.core.keyword.internal.KeywordExecutor.executeKeywordForPlatform(KeywordExecutor.groovy:53)
	at com.kms.katalon.core.keyword.BuiltinKeywords.callTestCase(BuiltinKeywords.groovy:334)
	at OTC_Submit Form 7_End to End - Cheque.run(OTC_Submit Form 7_End to End - Cheque:26)
	at com.kms.katalon.core.main.ScriptEngine.run(ScriptEngine.java:194)
	at com.kms.katalon.core.main.ScriptEngine.runScriptAsRawText(ScriptEngine.java:119)
	at com.kms.katalon.core.main.TestCaseExecutor.runScript(TestCaseExecutor.java:328)
	at com.kms.katalon.core.main.TestCaseExecutor.doExecute(TestCaseExecutor.java:319)
	at com.kms.katalon.core.main.TestCaseExecutor.processExecutionPhase(TestCaseExecutor.java:298)
	at com.kms.katalon.core.main.TestCaseExecutor.accessMainPhase(TestCaseExecutor.java:290)
	at com.kms.katalon.core.main.TestCaseExecutor.execute(TestCaseExecutor.java:224)
	at com.kms.katalon.core.main.TestCaseMain.runTestCase(TestCaseMain.java:106)
	at com.kms.katalon.core.keyword.builtin.CallTestCaseKeyword$_callTestCase_closure1.doCall(CallTestCaseKeyword.groovy:59)
	at com.kms.katalon.core.keyword.builtin.CallTestCaseKeyword$_callTestCase_closure1.call(CallTestCaseKeyword.groovy)
	at com.kms.katalon.core.keyword.internal.KeywordMain.runKeyword(KeywordMain.groovy:54)
	at com.kms.katalon.core.keyword.builtin.CallTestCaseKeyword.callTestCase(CallTestCaseKeyword.groovy:80)
	at com.kms.katalon.core.keyword.builtin.CallTestCaseKeyword.execute(CallTestCaseKeyword.groovy:44)
	at com.kms.katalon.core.keyword.internal.KeywordExecutor.executeKeywordForPlatform(KeywordExecutor.groovy:53)
	at com.kms.katalon.core.keyword.BuiltinKeywords.callTestCase(BuiltinKeywords.groovy:334)
	at Same branch - SEIO.run(Same branch - SEIO:16)
	at com.kms.katalon.core.main.ScriptEngine.run(ScriptEngine.java:194)
	at com.kms.katalon.core.main.ScriptEngine.runScriptAsRawText(ScriptEngine.java:119)
	at com.kms.katalon.core.main.TestCaseExecutor.runScript(TestCaseExecutor.java:328)
	at com.kms.katalon.core.main.TestCaseExecutor.doExecute(TestCaseExecutor.java:319)
	at com.kms.katalon.core.main.TestCaseExecutor.processExecutionPhase(TestCaseExecutor.java:298)
	at com.kms.katalon.core.main.TestCaseExecutor.accessMainPhase(TestCaseExecutor.java:290)
	at com.kms.katalon.core.main.TestCaseExecutor.execute(TestCaseExecutor.java:224)
	at com.kms.katalon.core.main.TestSuiteExecutor.accessTestCaseMainPhase(TestSuiteExecutor.java:129)
	at com.kms.katalon.core.main.TestSuiteExecutor.accessTestSuiteMainPhase(TestSuiteExecutor.java:112)
	at com.kms.katalon.core.main.TestSuiteExecutor.execute(TestSuiteExecutor.java:81)
	at com.kms.katalon.core.main.TestCaseMain.startTestSuite(TestCaseMain.java:149)
	at com.kms.katalon.core.main.TestCaseMain$startTestSuite$0.call(Unknown Source)
	at TempTestSuite1550652525208.run(TempTestSuite1550652525208.groovy:36)


2019-02-20 18:07:54 - [MESSAGE][INFO] - Unable to find the element located by 'By.xpath: //span[@id = 'select2-dependentList0dependentRelationId-container' and @title = 'Isteri' and (text() = 'Isteri' or . = 'Isteri')]'. Please recheck the objects properties to make sure the desired element is located. 

2019-02-20 18:07:56 - [MESSAGE][FAILED] - Unable to click on object 'Object Repository/KeatMun/Form 7_default/OTC_Submit Form 7_Section F-G-H/Page_PERKESO/G2. span_Isteri' (Root cause: com.kms.katalon.core.webui.exception.WebElementNotFoundException: Web element with id: 'Object Repository/KeatMun/Form 7_default/OTC_Submit Form 7_Section F-G-H/Page_PERKESO/G2. span_Isteri' located by 'By.xpath: //span[@id = 'select2-dependentList0dependentRelationId-container' and @title = 'Isteri' and (text() = 'Isteri' or . = 'Isteri')]' not found)
[[ATTACHMENT|C:\\Users\\Admin\\Documents\\GitHub\\PKSKatalon\\PKS-EI-ES\\Reports\\New Test Suite\\20190220_164845\\1550657274330.png]]

2019-02-20 18:07:56 - [MESSAGE][FAILED] - click(findTestObject("KeatMun/Form 7_default/OTC_Submit Form 7_Section F-G-H/Page_PERKESO/G2. span_Isteri")) FAILED.
Reason:
com.kms.katalon.core.exception.StepFailedException: Unable to click on object 'Object Repository/KeatMun/Form 7_default/OTC_Submit Form 7_Section F-G-H/Page_PERKESO/G2. span_Isteri' (Root cause: com.kms.katalon.core.webui.exception.WebElementNotFoundException: Web element with id: 'Object Repository/KeatMun/Form 7_default/OTC_Submit Form 7_Section F-G-H/Page_PERKESO/G2. span_Isteri' located by 'By.xpath: //span[@id = 'select2-dependentList0dependentRelationId-container' and @title = 'Isteri' and (text() = 'Isteri' or . = 'Isteri')]' not found)
	at com.kms.katalon.core.keyword.internal.KeywordMain.stepFailed(KeywordMain.groovy:36)
	at com.kms.katalon.core.webui.keyword.internal.WebUIKeywordMain.stepFailed(WebUIKeywordMain.groovy:65)
	at com.kms.katalon.core.webui.keyword.internal.WebUIKeywordMain.runKeyword(WebUIKeywordMain.groovy:27)
	at com.kms.katalon.core.webui.keyword.builtin.ClickKeyword.click(ClickKeyword.groovy:86)
	at com.kms.katalon.core.webui.keyword.builtin.ClickKeyword.execute(ClickKeyword.groovy:67)
	at com.kms.katalon.core.keyword.internal.KeywordExecutor.executeKeywordForPlatform(KeywordExecutor.groovy:53)
	at com.kms.katalon.core.webui.keyword.WebUiBuiltInKeywords.click(WebUiBuiltInKeywords.groovy:616)
	at com.kms.katalon.core.webui.keyword.WebUiBuiltInKeywords$click$3.call(Unknown Source)
	at OTC_Submit Form 7_Section F-G-H - Cheque.run(OTC_Submit Form 7_Section F-G-H - Cheque:41)
	at com.kms.katalon.core.main.ScriptEngine.run(ScriptEngine.java:194)
	at com.kms.katalon.core.main.ScriptEngine.runScriptAsRawText(ScriptEngine.java:119)
	at com.kms.katalon.core.main.TestCaseExecutor.runScript(TestCaseExecutor.java:328)
	at com.kms.katalon.core.main.TestCaseExecutor.doExecute(TestCaseExecutor.java:319)
	at com.kms.katalon.core.main.TestCaseExecutor.processExecutionPhase(TestCaseExecutor.java:298)
	at com.kms.katalon.core.main.TestCaseExecutor.accessMainPhase(TestCaseExecutor.java:290)
	at com.kms.katalon.core.main.TestCaseExecutor.execute(TestCaseExecutor.java:224)
	at com.kms.katalon.core.main.TestCaseMain.runTestCase(TestCaseMain.java:106)
	at com.kms.katalon.core.keyword.builtin.CallTestCaseKeyword$_callTestCase_closure1.doCall(CallTestCaseKeyword.groovy:59)
	at com.kms.katalon.core.keyword.builtin.CallTestCaseKeyword$_callTestCase_closure1.call(CallTestCaseKeyword.groovy)
	at com.kms.katalon.core.keyword.internal.KeywordMain.runKeyword(KeywordMain.groovy:54)
	at com.kms.katalon.core.keyword.builtin.CallTestCaseKeyword.callTestCase(CallTestCaseKeyword.groovy:80)
	at com.kms.katalon.core.keyword.builtin.CallTestCaseKeyword.execute(CallTestCaseKeyword.groovy:44)
	at com.kms.katalon.core.keyword.internal.KeywordExecutor.executeKeywordForPlatform(KeywordExecutor.groovy:53)
	at com.kms.katalon.core.keyword.BuiltinKeywords.callTestCase(BuiltinKeywords.groovy:334)
	at OTC_Submit Form 7_End to End - Cheque.run(OTC_Submit Form 7_End to End - Cheque:26)
	at com.kms.katalon.core.main.ScriptEngine.run(ScriptEngine.java:194)
	at com.kms.katalon.core.main.ScriptEngine.runScriptAsRawText(ScriptEngine.java:119)
	at com.kms.katalon.core.main.TestCaseExecutor.runScript(TestCaseExecutor.java:328)
	at com.kms.katalon.core.main.TestCaseExecutor.doExecute(TestCaseExecutor.java:319)
	at com.kms.katalon.core.main.TestCaseExecutor.processExecutionPhase(TestCaseExecutor.java:298)
	at com.kms.katalon.core.main.TestCaseExecutor.accessMainPhase(TestCaseExecutor.java:290)
	at com.kms.katalon.core.main.TestCaseExecutor.execute(TestCaseExecutor.java:224)
	at com.kms.katalon.core.main.TestCaseMain.runTestCase(TestCaseMain.java:106)
	at com.kms.katalon.core.keyword.builtin.CallTestCaseKeyword$_callTestCase_closure1.doCall(CallTestCaseKeyword.groovy:59)
	at com.kms.katalon.core.keyword.builtin.CallTestCaseKeyword$_callTestCase_closure1.call(CallTestCaseKeyword.groovy)
	at com.kms.katalon.core.keyword.internal.KeywordMain.runKeyword(KeywordMain.groovy:54)
	at com.kms.katalon.core.keyword.builtin.CallTestCaseKeyword.callTestCase(CallTestCaseKeyword.groovy:80)
	at com.kms.katalon.core.keyword.builtin.CallTestCaseKeyword.execute(CallTestCaseKeyword.groovy:44)
	at com.kms.katalon.core.keyword.internal.KeywordExecutor.executeKeywordForPlatform(KeywordExecutor.groovy:53)
	at com.kms.katalon.core.keyword.BuiltinKeywords.callTestCase(BuiltinKeywords.groovy:334)
	at Same branch - SEIO.run(Same branch - SEIO:16)
	at com.kms.katalon.core.main.ScriptEngine.run(ScriptEngine.java:194)
	at com.kms.katalon.core.main.ScriptEngine.runScriptAsRawText(ScriptEngine.java:119)
	at com.kms.katalon.core.main.TestCaseExecutor.runScript(TestCaseExecutor.java:328)
	at com.kms.katalon.core.main.TestCaseExecutor.doExecute(TestCaseExecutor.java:319)
	at com.kms.katalon.core.main.TestCaseExecutor.processExecutionPhase(TestCaseExecutor.java:298)
	at com.kms.katalon.core.main.TestCaseExecutor.accessMainPhase(TestCaseExecutor.java:290)
	at com.kms.katalon.core.main.TestCaseExecutor.execute(TestCaseExecutor.java:224)
	at com.kms.katalon.core.main.TestSuiteExecutor.accessTestCaseMainPhase(TestSuiteExecutor.java:129)
	at com.kms.katalon.core.main.TestSuiteExecutor.accessTestSuiteMainPhase(TestSuiteExecutor.java:112)
	at com.kms.katalon.core.main.TestSuiteExecutor.execute(TestSuiteExecutor.java:81)
	at com.kms.katalon.core.main.TestCaseMain.startTestSuite(TestCaseMain.java:149)
	at com.kms.katalon.core.main.TestCaseMain$startTestSuite$0.call(Unknown Source)
	at TempTestSuite1550652525208.run(TempTestSuite1550652525208.groovy:36)


2019-02-20 18:07:56 - [MESSAGE][FAILED] - Unable to call Test Case 'Test Cases/All TC/Arranged/3. Unit/EI/Form 7_default/OTC_Submit Form 7_Section F-G-H - Cheque' (Root cause: com.kms.katalon.core.exception.StepFailedException: Call Test Case 'Test Cases/All TC/Arranged/3. Unit/EI/Form 7_default/OTC_Submit Form 7_Section F-G-H - Cheque' failed)

2019-02-20 18:07:56 - [MESSAGE][FAILED] - callTestCase(findTestCase("All TC/Arranged/3. Unit/EI/Form 7_default/OTC_Submit Form 7_Section F-G-H - Cheque"), [:], STOP_ON_FAILURE) FAILED.
Reason:
com.kms.katalon.core.exception.StepFailedException: Unable to click on object 'Object Repository/KeatMun/Form 7_default/OTC_Submit Form 7_Section F-G-H/Page_PERKESO/G2. span_Isteri' (Root cause: com.kms.katalon.core.webui.exception.WebElementNotFoundException: Web element with id: 'Object Repository/KeatMun/Form 7_default/OTC_Submit Form 7_Section F-G-H/Page_PERKESO/G2. span_Isteri' located by 'By.xpath: //span[@id = 'select2-dependentList0dependentRelationId-container' and @title = 'Isteri' and (text() = 'Isteri' or . = 'Isteri')]' not found)
	at com.kms.katalon.core.keyword.internal.KeywordMain.stepFailed(KeywordMain.groovy:36)
	at com.kms.katalon.core.webui.keyword.internal.WebUIKeywordMain.stepFailed(WebUIKeywordMain.groovy:65)
	at com.kms.katalon.core.webui.keyword.internal.WebUIKeywordMain.runKeyword(WebUIKeywordMain.groovy:27)
	at com.kms.katalon.core.webui.keyword.builtin.ClickKeyword.click(ClickKeyword.groovy:86)
	at com.kms.katalon.core.webui.keyword.builtin.ClickKeyword.execute(ClickKeyword.groovy:67)
	at com.kms.katalon.core.keyword.internal.KeywordExecutor.executeKeywordForPlatform(KeywordExecutor.groovy:53)
	at com.kms.katalon.core.webui.keyword.WebUiBuiltInKeywords.click(WebUiBuiltInKeywords.groovy:616)
	at com.kms.katalon.core.webui.keyword.WebUiBuiltInKeywords$click$3.call(Unknown Source)
	at OTC_Submit Form 7_Section F-G-H - Cheque.run(OTC_Submit Form 7_Section F-G-H - Cheque:41)
	at com.kms.katalon.core.main.ScriptEngine.run(ScriptEngine.java:194)
	at com.kms.katalon.core.main.ScriptEngine.runScriptAsRawText(ScriptEngine.java:119)
	at com.kms.katalon.core.main.TestCaseExecutor.runScript(TestCaseExecutor.java:328)
	at com.kms.katalon.core.main.TestCaseExecutor.doExecute(TestCaseExecutor.java:319)
	at com.kms.katalon.core.main.TestCaseExecutor.processExecutionPhase(TestCaseExecutor.java:298)
	at com.kms.katalon.core.main.TestCaseExecutor.accessMainPhase(TestCaseExecutor.java:290)
	at com.kms.katalon.core.main.TestCaseExecutor.execute(TestCaseExecutor.java:224)
	at com.kms.katalon.core.main.TestCaseMain.runTestCase(TestCaseMain.java:106)
	at com.kms.katalon.core.keyword.builtin.CallTestCaseKeyword$_callTestCase_closure1.doCall(CallTestCaseKeyword.groovy:59)
	at com.kms.katalon.core.keyword.builtin.CallTestCaseKeyword$_callTestCase_closure1.call(CallTestCaseKeyword.groovy)
	at com.kms.katalon.core.keyword.internal.KeywordMain.runKeyword(KeywordMain.groovy:54)
	at com.kms.katalon.core.keyword.builtin.CallTestCaseKeyword.callTestCase(CallTestCaseKeyword.groovy:80)
	at com.kms.katalon.core.keyword.builtin.CallTestCaseKeyword.execute(CallTestCaseKeyword.groovy:44)
	at com.kms.katalon.core.keyword.internal.KeywordExecutor.executeKeywordForPlatform(KeywordExecutor.groovy:53)
	at com.kms.katalon.core.keyword.BuiltinKeywords.callTestCase(BuiltinKeywords.groovy:334)
	at OTC_Submit Form 7_End to End - Cheque.run(OTC_Submit Form 7_End to End - Cheque:26)
	at com.kms.katalon.core.main.ScriptEngine.run(ScriptEngine.java:194)
	at com.kms.katalon.core.main.ScriptEngine.runScriptAsRawText(ScriptEngine.java:119)
	at com.kms.katalon.core.main.TestCaseExecutor.runScript(TestCaseExecutor.java:328)
	at com.kms.katalon.core.main.TestCaseExecutor.doExecute(TestCaseExecutor.java:319)
	at com.kms.katalon.core.main.TestCaseExecutor.processExecutionPhase(TestCaseExecutor.java:298)
	at com.kms.katalon.core.main.TestCaseExecutor.accessMainPhase(TestCaseExecutor.java:290)
	at com.kms.katalon.core.main.TestCaseExecutor.execute(TestCaseExecutor.java:224)
	at com.kms.katalon.core.main.TestCaseMain.runTestCase(TestCaseMain.java:106)
	at com.kms.katalon.core.keyword.builtin.CallTestCaseKeyword$_callTestCase_closure1.doCall(CallTestCaseKeyword.groovy:59)
	at com.kms.katalon.core.keyword.builtin.CallTestCaseKeyword$_callTestCase_closure1.call(CallTestCaseKeyword.groovy)
	at com.kms.katalon.core.keyword.internal.KeywordMain.runKeyword(KeywordMain.groovy:54)
	at com.kms.katalon.core.keyword.builtin.CallTestCaseKeyword.callTestCase(CallTestCaseKeyword.groovy:80)
	at com.kms.katalon.core.keyword.builtin.CallTestCaseKeyword.execute(CallTestCaseKeyword.groovy:44)
	at com.kms.katalon.core.keyword.internal.KeywordExecutor.executeKeywordForPlatform(KeywordExecutor.groovy:53)
	at com.kms.katalon.core.keyword.BuiltinKeywords.callTestCase(BuiltinKeywords.groovy:334)
	at Same branch - SEIO.run(Same branch - SEIO:16)
	at com.kms.katalon.core.main.ScriptEngine.run(ScriptEngine.java:194)
	at com.kms.katalon.core.main.ScriptEngine.runScriptAsRawText(ScriptEngine.java:119)
	at com.kms.katalon.core.main.TestCaseExecutor.runScript(TestCaseExecutor.java:328)
	at com.kms.katalon.core.main.TestCaseExecutor.doExecute(TestCaseExecutor.java:319)
	at com.kms.katalon.core.main.TestCaseExecutor.processExecutionPhase(TestCaseExecutor.java:298)
	at com.kms.katalon.core.main.TestCaseExecutor.accessMainPhase(TestCaseExecutor.java:290)
	at com.kms.katalon.core.main.TestCaseExecutor.execute(TestCaseExecutor.java:224)
	at com.kms.katalon.core.main.TestSuiteExecutor.accessTestCaseMainPhase(TestSuiteExecutor.java:129)
	at com.kms.katalon.core.main.TestSuiteExecutor.accessTestSuiteMainPhase(TestSuiteExecutor.java:112)
	at com.kms.katalon.core.main.TestSuiteExecutor.execute(TestSuiteExecutor.java:81)
	at com.kms.katalon.core.main.TestCaseMain.startTestSuite(TestCaseMain.java:149)
	at com.kms.katalon.core.main.TestCaseMain$startTestSuite$0.call(Unknown Source)
	at TempTestSuite1550652525208.run(TempTestSuite1550652525208.groovy:36)


2019-02-20 18:07:57 - [MESSAGE][FAILED] - Unable to call Test Case 'Test Cases/All TC/Arranged/2. Segment/OTC_Submit Form 7_End to End - Cheque' (Root cause: com.kms.katalon.core.exception.StepFailedException: Call Test Case 'Test Cases/All TC/Arranged/2. Segment/OTC_Submit Form 7_End to End - Cheque' failed)

2019-02-20 18:07:57 - [MESSAGE][FAILED] - callTestCase(findTestCase("All TC/Arranged/2. Segment/OTC_Submit Form 7_End to End - Cheque"), [:], STOP_ON_FAILURE) FAILED.
Reason:
com.kms.katalon.core.exception.StepFailedException: Unable to click on object 'Object Repository/KeatMun/Form 7_default/OTC_Submit Form 7_Section F-G-H/Page_PERKESO/G2. span_Isteri' (Root cause: com.kms.katalon.core.webui.exception.WebElementNotFoundException: Web element with id: 'Object Repository/KeatMun/Form 7_default/OTC_Submit Form 7_Section F-G-H/Page_PERKESO/G2. span_Isteri' located by 'By.xpath: //span[@id = 'select2-dependentList0dependentRelationId-container' and @title = 'Isteri' and (text() = 'Isteri' or . = 'Isteri')]' not found)
	at com.kms.katalon.core.keyword.internal.KeywordMain.stepFailed(KeywordMain.groovy:36)
	at com.kms.katalon.core.webui.keyword.internal.WebUIKeywordMain.stepFailed(WebUIKeywordMain.groovy:65)
	at com.kms.katalon.core.webui.keyword.internal.WebUIKeywordMain.runKeyword(WebUIKeywordMain.groovy:27)
	at com.kms.katalon.core.webui.keyword.builtin.ClickKeyword.click(ClickKeyword.groovy:86)
	at com.kms.katalon.core.webui.keyword.builtin.ClickKeyword.execute(ClickKeyword.groovy:67)
	at com.kms.katalon.core.keyword.internal.KeywordExecutor.executeKeywordForPlatform(KeywordExecutor.groovy:53)
	at com.kms.katalon.core.webui.keyword.WebUiBuiltInKeywords.click(WebUiBuiltInKeywords.groovy:616)
	at com.kms.katalon.core.webui.keyword.WebUiBuiltInKeywords$click$3.call(Unknown Source)
	at OTC_Submit Form 7_Section F-G-H - Cheque.run(OTC_Submit Form 7_Section F-G-H - Cheque:41)
	at com.kms.katalon.core.main.ScriptEngine.run(ScriptEngine.java:194)
	at com.kms.katalon.core.main.ScriptEngine.runScriptAsRawText(ScriptEngine.java:119)
	at com.kms.katalon.core.main.TestCaseExecutor.runScript(TestCaseExecutor.java:328)
	at com.kms.katalon.core.main.TestCaseExecutor.doExecute(TestCaseExecutor.java:319)
	at com.kms.katalon.core.main.TestCaseExecutor.processExecutionPhase(TestCaseExecutor.java:298)
	at com.kms.katalon.core.main.TestCaseExecutor.accessMainPhase(TestCaseExecutor.java:290)
	at com.kms.katalon.core.main.TestCaseExecutor.execute(TestCaseExecutor.java:224)
	at com.kms.katalon.core.main.TestCaseMain.runTestCase(TestCaseMain.java:106)
	at com.kms.katalon.core.keyword.builtin.CallTestCaseKeyword$_callTestCase_closure1.doCall(CallTestCaseKeyword.groovy:59)
	at com.kms.katalon.core.keyword.builtin.CallTestCaseKeyword$_callTestCase_closure1.call(CallTestCaseKeyword.groovy)
	at com.kms.katalon.core.keyword.internal.KeywordMain.runKeyword(KeywordMain.groovy:54)
	at com.kms.katalon.core.keyword.builtin.CallTestCaseKeyword.callTestCase(CallTestCaseKeyword.groovy:80)
	at com.kms.katalon.core.keyword.builtin.CallTestCaseKeyword.execute(CallTestCaseKeyword.groovy:44)
	at com.kms.katalon.core.keyword.internal.KeywordExecutor.executeKeywordForPlatform(KeywordExecutor.groovy:53)
	at com.kms.katalon.core.keyword.BuiltinKeywords.callTestCase(BuiltinKeywords.groovy:334)
	at OTC_Submit Form 7_End to End - Cheque.run(OTC_Submit Form 7_End to End - Cheque:26)
	at com.kms.katalon.core.main.ScriptEngine.run(ScriptEngine.java:194)
	at com.kms.katalon.core.main.ScriptEngine.runScriptAsRawText(ScriptEngine.java:119)
	at com.kms.katalon.core.main.TestCaseExecutor.runScript(TestCaseExecutor.java:328)
	at com.kms.katalon.core.main.TestCaseExecutor.doExecute(TestCaseExecutor.java:319)
	at com.kms.katalon.core.main.TestCaseExecutor.processExecutionPhase(TestCaseExecutor.java:298)
	at com.kms.katalon.core.main.TestCaseExecutor.accessMainPhase(TestCaseExecutor.java:290)
	at com.kms.katalon.core.main.TestCaseExecutor.execute(TestCaseExecutor.java:224)
	at com.kms.katalon.core.main.TestCaseMain.runTestCase(TestCaseMain.java:106)
	at com.kms.katalon.core.keyword.builtin.CallTestCaseKeyword$_callTestCase_closure1.doCall(CallTestCaseKeyword.groovy:59)
	at com.kms.katalon.core.keyword.builtin.CallTestCaseKeyword$_callTestCase_closure1.call(CallTestCaseKeyword.groovy)
	at com.kms.katalon.core.keyword.internal.KeywordMain.runKeyword(KeywordMain.groovy:54)
	at com.kms.katalon.core.keyword.builtin.CallTestCaseKeyword.callTestCase(CallTestCaseKeyword.groovy:80)
	at com.kms.katalon.core.keyword.builtin.CallTestCaseKeyword.execute(CallTestCaseKeyword.groovy:44)
	at com.kms.katalon.core.keyword.internal.KeywordExecutor.executeKeywordForPlatform(KeywordExecutor.groovy:53)
	at com.kms.katalon.core.keyword.BuiltinKeywords.callTestCase(BuiltinKeywords.groovy:334)
	at Same branch - SEIO.run(Same branch - SEIO:16)
	at com.kms.katalon.core.main.ScriptEngine.run(ScriptEngine.java:194)
	at com.kms.katalon.core.main.ScriptEngine.runScriptAsRawText(ScriptEngine.java:119)
	at com.kms.katalon.core.main.TestCaseExecutor.runScript(TestCaseExecutor.java:328)
	at com.kms.katalon.core.main.TestCaseExecutor.doExecute(TestCaseExecutor.java:319)
	at com.kms.katalon.core.main.TestCaseExecutor.processExecutionPhase(TestCaseExecutor.java:298)
	at com.kms.katalon.core.main.TestCaseExecutor.accessMainPhase(TestCaseExecutor.java:290)
	at com.kms.katalon.core.main.TestCaseExecutor.execute(TestCaseExecutor.java:224)
	at com.kms.katalon.core.main.TestSuiteExecutor.accessTestCaseMainPhase(TestSuiteExecutor.java:129)
	at com.kms.katalon.core.main.TestSuiteExecutor.accessTestSuiteMainPhase(TestSuiteExecutor.java:112)
	at com.kms.katalon.core.main.TestSuiteExecutor.execute(TestSuiteExecutor.java:81)
	at com.kms.katalon.core.main.TestCaseMain.startTestSuite(TestCaseMain.java:149)
	at com.kms.katalon.core.main.TestCaseMain$startTestSuite$0.call(Unknown Source)
	at TempTestSuite1550652525208.run(TempTestSuite1550652525208.groovy:36)]]></system-out>
         <system-err><![CDATA[2019-02-20 17:58:10 - [TEST_CASE][FAILED] - Test Cases/All TC/Arranged/0. Full Flow/Query/Same branch - SEIO: Test Cases/All TC/Arranged/0. Full Flow/Query/Same branch - SEIO FAILED.
Reason:
com.kms.katalon.core.exception.StepFailedException: Unable to click on object 'Object Repository/KeatMun/Form 7_default/OTC_Submit Form 7_Section F-G-H/Page_PERKESO/G2. span_Isteri' (Root cause: com.kms.katalon.core.webui.exception.WebElementNotFoundException: Web element with id: 'Object Repository/KeatMun/Form 7_default/OTC_Submit Form 7_Section F-G-H/Page_PERKESO/G2. span_Isteri' located by 'By.xpath: //span[@id = 'select2-dependentList0dependentRelationId-container' and @title = 'Isteri' and (text() = 'Isteri' or . = 'Isteri')]' not found)
	at com.kms.katalon.core.keyword.internal.KeywordMain.stepFailed(KeywordMain.groovy:36)
	at com.kms.katalon.core.webui.keyword.internal.WebUIKeywordMain.stepFailed(WebUIKeywordMain.groovy:65)
	at com.kms.katalon.core.webui.keyword.internal.WebUIKeywordMain.runKeyword(WebUIKeywordMain.groovy:27)
	at com.kms.katalon.core.webui.keyword.builtin.ClickKeyword.click(ClickKeyword.groovy:86)
	at com.kms.katalon.core.webui.keyword.builtin.ClickKeyword.execute(ClickKeyword.groovy:67)
	at com.kms.katalon.core.keyword.internal.KeywordExecutor.executeKeywordForPlatform(KeywordExecutor.groovy:53)
	at com.kms.katalon.core.webui.keyword.WebUiBuiltInKeywords.click(WebUiBuiltInKeywords.groovy:616)
	at com.kms.katalon.core.webui.keyword.WebUiBuiltInKeywords$click$3.call(Unknown Source)
	at OTC_Submit Form 7_Section F-G-H - Cheque.run(OTC_Submit Form 7_Section F-G-H - Cheque:41)
	at com.kms.katalon.core.main.ScriptEngine.run(ScriptEngine.java:194)
	at com.kms.katalon.core.main.ScriptEngine.runScriptAsRawText(ScriptEngine.java:119)
	at com.kms.katalon.core.main.TestCaseExecutor.runScript(TestCaseExecutor.java:328)
	at com.kms.katalon.core.main.TestCaseExecutor.doExecute(TestCaseExecutor.java:319)
	at com.kms.katalon.core.main.TestCaseExecutor.processExecutionPhase(TestCaseExecutor.java:298)
	at com.kms.katalon.core.main.TestCaseExecutor.accessMainPhase(TestCaseExecutor.java:290)
	at com.kms.katalon.core.main.TestCaseExecutor.execute(TestCaseExecutor.java:224)
	at com.kms.katalon.core.main.TestCaseMain.runTestCase(TestCaseMain.java:106)
	at com.kms.katalon.core.keyword.builtin.CallTestCaseKeyword$_callTestCase_closure1.doCall(CallTestCaseKeyword.groovy:59)
	at com.kms.katalon.core.keyword.builtin.CallTestCaseKeyword$_callTestCase_closure1.call(CallTestCaseKeyword.groovy)
	at com.kms.katalon.core.keyword.internal.KeywordMain.runKeyword(KeywordMain.groovy:54)
	at com.kms.katalon.core.keyword.builtin.CallTestCaseKeyword.callTestCase(CallTestCaseKeyword.groovy:80)
	at com.kms.katalon.core.keyword.builtin.CallTestCaseKeyword.execute(CallTestCaseKeyword.groovy:44)
	at com.kms.katalon.core.keyword.internal.KeywordExecutor.executeKeywordForPlatform(KeywordExecutor.groovy:53)
	at com.kms.katalon.core.keyword.BuiltinKeywords.callTestCase(BuiltinKeywords.groovy:334)
	at OTC_Submit Form 7_End to End - Cheque.run(OTC_Submit Form 7_End to End - Cheque:26)
	at com.kms.katalon.core.main.ScriptEngine.run(ScriptEngine.java:194)
	at com.kms.katalon.core.main.ScriptEngine.runScriptAsRawText(ScriptEngine.java:119)
	at com.kms.katalon.core.main.TestCaseExecutor.runScript(TestCaseExecutor.java:328)
	at com.kms.katalon.core.main.TestCaseExecutor.doExecute(TestCaseExecutor.java:319)
	at com.kms.katalon.core.main.TestCaseExecutor.processExecutionPhase(TestCaseExecutor.java:298)
	at com.kms.katalon.core.main.TestCaseExecutor.accessMainPhase(TestCaseExecutor.java:290)
	at com.kms.katalon.core.main.TestCaseExecutor.execute(TestCaseExecutor.java:224)
	at com.kms.katalon.core.main.TestCaseMain.runTestCase(TestCaseMain.java:106)
	at com.kms.katalon.core.keyword.builtin.CallTestCaseKeyword$_callTestCase_closure1.doCall(CallTestCaseKeyword.groovy:59)
	at com.kms.katalon.core.keyword.builtin.CallTestCaseKeyword$_callTestCase_closure1.call(CallTestCaseKeyword.groovy)
	at com.kms.katalon.core.keyword.internal.KeywordMain.runKeyword(KeywordMain.groovy:54)
	at com.kms.katalon.core.keyword.builtin.CallTestCaseKeyword.callTestCase(CallTestCaseKeyword.groovy:80)
	at com.kms.katalon.core.keyword.builtin.CallTestCaseKeyword.execute(CallTestCaseKeyword.groovy:44)
	at com.kms.katalon.core.keyword.internal.KeywordExecutor.executeKeywordForPlatform(KeywordExecutor.groovy:53)
	at com.kms.katalon.core.keyword.BuiltinKeywords.callTestCase(BuiltinKeywords.groovy:334)
	at Same branch - SEIO.run(Same branch - SEIO:16)
	at com.kms.katalon.core.main.ScriptEngine.run(ScriptEngine.java:194)
	at com.kms.katalon.core.main.ScriptEngine.runScriptAsRawText(ScriptEngine.java:119)
	at com.kms.katalon.core.main.TestCaseExecutor.runScript(TestCaseExecutor.java:328)
	at com.kms.katalon.core.main.TestCaseExecutor.doExecute(TestCaseExecutor.java:319)
	at com.kms.katalon.core.main.TestCaseExecutor.processExecutionPhase(TestCaseExecutor.java:298)
	at com.kms.katalon.core.main.TestCaseExecutor.accessMainPhase(TestCaseExecutor.java:290)
	at com.kms.katalon.core.main.TestCaseExecutor.execute(TestCaseExecutor.java:224)
	at com.kms.katalon.core.main.TestSuiteExecutor.accessTestCaseMainPhase(TestSuiteExecutor.java:129)
	at com.kms.katalon.core.main.TestSuiteExecutor.accessTestSuiteMainPhase(TestSuiteExecutor.java:112)
	at com.kms.katalon.core.main.TestSuiteExecutor.execute(TestSuiteExecutor.java:81)
	at com.kms.katalon.core.main.TestCaseMain.startTestSuite(TestCaseMain.java:149)
	at com.kms.katalon.core.main.TestCaseMain$startTestSuite$0.call(Unknown Source)
	at TempTestSuite1550652525208.run(TempTestSuite1550652525208.groovy:36)]]></system-err>
      </testcase>
      <testcase name="Test Cases/All TC/Arranged/0. Full Flow/Query/Same branch - EIO" classname="Test Cases/All TC/Arranged/0. Full Flow/Query/Same branch - EIO" status="FAILED">
         <failure type="FAILED" message="Test Cases/All TC/Arranged/0. Full Flow/Query/Same branch - EIO FAILED.
Reason:
com.kms.katalon.core.exception.StepFailedException: Unable to click on object 'Object Repository/KeatMun/Form 7_default/OTC_Submit Form 7_Section F-G-H/Page_PERKESO/G2. span_Isteri' (Root cause: com.kms.katalon.core.webui.exception.WebElementNotFoundException: Web element with id: 'Object Repository/KeatMun/Form 7_default/OTC_Submit Form 7_Section F-G-H/Page_PERKESO/G2. span_Isteri' located by 'By.xpath: //span[@id = 'select2-dependentList0dependentRelationId-container' and @title = 'Isteri' and (text() = 'Isteri' or . = 'Isteri')]' not found)
	at com.kms.katalon.core.keyword.internal.KeywordMain.stepFailed(KeywordMain.groovy:36)
	at com.kms.katalon.core.webui.keyword.internal.WebUIKeywordMain.stepFailed(WebUIKeywordMain.groovy:65)
	at com.kms.katalon.core.webui.keyword.internal.WebUIKeywordMain.runKeyword(WebUIKeywordMain.groovy:27)
	at com.kms.katalon.core.webui.keyword.builtin.ClickKeyword.click(ClickKeyword.groovy:86)
	at com.kms.katalon.core.webui.keyword.builtin.ClickKeyword.execute(ClickKeyword.groovy:67)
	at com.kms.katalon.core.keyword.internal.KeywordExecutor.executeKeywordForPlatform(KeywordExecutor.groovy:53)
	at com.kms.katalon.core.webui.keyword.WebUiBuiltInKeywords.click(WebUiBuiltInKeywords.groovy:616)
	at com.kms.katalon.core.webui.keyword.WebUiBuiltInKeywords$click$3.call(Unknown Source)
	at OTC_Submit Form 7_Section F-G-H - Cheque.run(OTC_Submit Form 7_Section F-G-H - Cheque:41)
	at com.kms.katalon.core.main.ScriptEngine.run(ScriptEngine.java:194)
	at com.kms.katalon.core.main.ScriptEngine.runScriptAsRawText(ScriptEngine.java:119)
	at com.kms.katalon.core.main.TestCaseExecutor.runScript(TestCaseExecutor.java:328)
	at com.kms.katalon.core.main.TestCaseExecutor.doExecute(TestCaseExecutor.java:319)
	at com.kms.katalon.core.main.TestCaseExecutor.processExecutionPhase(TestCaseExecutor.java:298)
	at com.kms.katalon.core.main.TestCaseExecutor.accessMainPhase(TestCaseExecutor.java:290)
	at com.kms.katalon.core.main.TestCaseExecutor.execute(TestCaseExecutor.java:224)
	at com.kms.katalon.core.main.TestCaseMain.runTestCase(TestCaseMain.java:106)
	at com.kms.katalon.core.keyword.builtin.CallTestCaseKeyword$_callTestCase_closure1.doCall(CallTestCaseKeyword.groovy:59)
	at com.kms.katalon.core.keyword.builtin.CallTestCaseKeyword$_callTestCase_closure1.call(CallTestCaseKeyword.groovy)
	at com.kms.katalon.core.keyword.internal.KeywordMain.runKeyword(KeywordMain.groovy:54)
	at com.kms.katalon.core.keyword.builtin.CallTestCaseKeyword.callTestCase(CallTestCaseKeyword.groovy:80)
	at com.kms.katalon.core.keyword.builtin.CallTestCaseKeyword.execute(CallTestCaseKeyword.groovy:44)
	at com.kms.katalon.core.keyword.internal.KeywordExecutor.executeKeywordForPlatform(KeywordExecutor.groovy:53)
	at com.kms.katalon.core.keyword.BuiltinKeywords.callTestCase(BuiltinKeywords.groovy:334)
	at OTC_Submit Form 7_End to End - Cheque.run(OTC_Submit Form 7_End to End - Cheque:26)
	at com.kms.katalon.core.main.ScriptEngine.run(ScriptEngine.java:194)
	at com.kms.katalon.core.main.ScriptEngine.runScriptAsRawText(ScriptEngine.java:119)
	at com.kms.katalon.core.main.TestCaseExecutor.runScript(TestCaseExecutor.java:328)
	at com.kms.katalon.core.main.TestCaseExecutor.doExecute(TestCaseExecutor.java:319)
	at com.kms.katalon.core.main.TestCaseExecutor.processExecutionPhase(TestCaseExecutor.java:298)
	at com.kms.katalon.core.main.TestCaseExecutor.accessMainPhase(TestCaseExecutor.java:290)
	at com.kms.katalon.core.main.TestCaseExecutor.execute(TestCaseExecutor.java:224)
	at com.kms.katalon.core.main.TestCaseMain.runTestCase(TestCaseMain.java:106)
	at com.kms.katalon.core.keyword.builtin.CallTestCaseKeyword$_callTestCase_closure1.doCall(CallTestCaseKeyword.groovy:59)
	at com.kms.katalon.core.keyword.builtin.CallTestCaseKeyword$_callTestCase_closure1.call(CallTestCaseKeyword.groovy)
	at com.kms.katalon.core.keyword.internal.KeywordMain.runKeyword(KeywordMain.groovy:54)
	at com.kms.katalon.core.keyword.builtin.CallTestCaseKeyword.callTestCase(CallTestCaseKeyword.groovy:80)
	at com.kms.katalon.core.keyword.builtin.CallTestCaseKeyword.execute(CallTestCaseKeyword.groovy:44)
	at com.kms.katalon.core.keyword.internal.KeywordExecutor.executeKeywordForPlatform(KeywordExecutor.groovy:53)
	at com.kms.katalon.core.keyword.BuiltinKeywords.callTestCase(BuiltinKeywords.groovy:334)
	at Same branch - EIO.run(Same branch - EIO:16)
	at com.kms.katalon.core.main.ScriptEngine.run(ScriptEngine.java:194)
	at com.kms.katalon.core.main.ScriptEngine.runScriptAsRawText(ScriptEngine.java:119)
	at com.kms.katalon.core.main.TestCaseExecutor.runScript(TestCaseExecutor.java:328)
	at com.kms.katalon.core.main.TestCaseExecutor.doExecute(TestCaseExecutor.java:319)
	at com.kms.katalon.core.main.TestCaseExecutor.processExecutionPhase(TestCaseExecutor.java:298)
	at com.kms.katalon.core.main.TestCaseExecutor.accessMainPhase(TestCaseExecutor.java:290)
	at com.kms.katalon.core.main.TestCaseExecutor.execute(TestCaseExecutor.java:224)
	at com.kms.katalon.core.main.TestSuiteExecutor.accessTestCaseMainPhase(TestSuiteExecutor.java:129)
	at com.kms.katalon.core.main.TestSuiteExecutor.accessTestSuiteMainPhase(TestSuiteExecutor.java:112)
	at com.kms.katalon.core.main.TestSuiteExecutor.execute(TestSuiteExecutor.java:81)
	at com.kms.katalon.core.main.TestCaseMain.startTestSuite(TestCaseMain.java:149)
	at com.kms.katalon.core.main.TestCaseMain$startTestSuite$0.call(Unknown Source)
	at TempTestSuite1550652525208.run(TempTestSuite1550652525208.groovy:36)
"/>
         <system-out><![CDATA[2019-02-20 18:07:57 - [TEST_CASE][FAILED] - Test Cases/All TC/Arranged/0. Full Flow/Query/Same branch - EIO: Test Cases/All TC/Arranged/0. Full Flow/Query/Same branch - EIO FAILED.
Reason:
com.kms.katalon.core.exception.StepFailedException: Unable to click on object 'Object Repository/KeatMun/Form 7_default/OTC_Submit Form 7_Section F-G-H/Page_PERKESO/G2. span_Isteri' (Root cause: com.kms.katalon.core.webui.exception.WebElementNotFoundException: Web element with id: 'Object Repository/KeatMun/Form 7_default/OTC_Submit Form 7_Section F-G-H/Page_PERKESO/G2. span_Isteri' located by 'By.xpath: //span[@id = 'select2-dependentList0dependentRelationId-container' and @title = 'Isteri' and (text() = 'Isteri' or . = 'Isteri')]' not found)
	at com.kms.katalon.core.keyword.internal.KeywordMain.stepFailed(KeywordMain.groovy:36)
	at com.kms.katalon.core.webui.keyword.internal.WebUIKeywordMain.stepFailed(WebUIKeywordMain.groovy:65)
	at com.kms.katalon.core.webui.keyword.internal.WebUIKeywordMain.runKeyword(WebUIKeywordMain.groovy:27)
	at com.kms.katalon.core.webui.keyword.builtin.ClickKeyword.click(ClickKeyword.groovy:86)
	at com.kms.katalon.core.webui.keyword.builtin.ClickKeyword.execute(ClickKeyword.groovy:67)
	at com.kms.katalon.core.keyword.internal.KeywordExecutor.executeKeywordForPlatform(KeywordExecutor.groovy:53)
	at com.kms.katalon.core.webui.keyword.WebUiBuiltInKeywords.click(WebUiBuiltInKeywords.groovy:616)
	at com.kms.katalon.core.webui.keyword.WebUiBuiltInKeywords$click$3.call(Unknown Source)
	at OTC_Submit Form 7_Section F-G-H - Cheque.run(OTC_Submit Form 7_Section F-G-H - Cheque:41)
	at com.kms.katalon.core.main.ScriptEngine.run(ScriptEngine.java:194)
	at com.kms.katalon.core.main.ScriptEngine.runScriptAsRawText(ScriptEngine.java:119)
	at com.kms.katalon.core.main.TestCaseExecutor.runScript(TestCaseExecutor.java:328)
	at com.kms.katalon.core.main.TestCaseExecutor.doExecute(TestCaseExecutor.java:319)
	at com.kms.katalon.core.main.TestCaseExecutor.processExecutionPhase(TestCaseExecutor.java:298)
	at com.kms.katalon.core.main.TestCaseExecutor.accessMainPhase(TestCaseExecutor.java:290)
	at com.kms.katalon.core.main.TestCaseExecutor.execute(TestCaseExecutor.java:224)
	at com.kms.katalon.core.main.TestCaseMain.runTestCase(TestCaseMain.java:106)
	at com.kms.katalon.core.keyword.builtin.CallTestCaseKeyword$_callTestCase_closure1.doCall(CallTestCaseKeyword.groovy:59)
	at com.kms.katalon.core.keyword.builtin.CallTestCaseKeyword$_callTestCase_closure1.call(CallTestCaseKeyword.groovy)
	at com.kms.katalon.core.keyword.internal.KeywordMain.runKeyword(KeywordMain.groovy:54)
	at com.kms.katalon.core.keyword.builtin.CallTestCaseKeyword.callTestCase(CallTestCaseKeyword.groovy:80)
	at com.kms.katalon.core.keyword.builtin.CallTestCaseKeyword.execute(CallTestCaseKeyword.groovy:44)
	at com.kms.katalon.core.keyword.internal.KeywordExecutor.executeKeywordForPlatform(KeywordExecutor.groovy:53)
	at com.kms.katalon.core.keyword.BuiltinKeywords.callTestCase(BuiltinKeywords.groovy:334)
	at OTC_Submit Form 7_End to End - Cheque.run(OTC_Submit Form 7_End to End - Cheque:26)
	at com.kms.katalon.core.main.ScriptEngine.run(ScriptEngine.java:194)
	at com.kms.katalon.core.main.ScriptEngine.runScriptAsRawText(ScriptEngine.java:119)
	at com.kms.katalon.core.main.TestCaseExecutor.runScript(TestCaseExecutor.java:328)
	at com.kms.katalon.core.main.TestCaseExecutor.doExecute(TestCaseExecutor.java:319)
	at com.kms.katalon.core.main.TestCaseExecutor.processExecutionPhase(TestCaseExecutor.java:298)
	at com.kms.katalon.core.main.TestCaseExecutor.accessMainPhase(TestCaseExecutor.java:290)
	at com.kms.katalon.core.main.TestCaseExecutor.execute(TestCaseExecutor.java:224)
	at com.kms.katalon.core.main.TestCaseMain.runTestCase(TestCaseMain.java:106)
	at com.kms.katalon.core.keyword.builtin.CallTestCaseKeyword$_callTestCase_closure1.doCall(CallTestCaseKeyword.groovy:59)
	at com.kms.katalon.core.keyword.builtin.CallTestCaseKeyword$_callTestCase_closure1.call(CallTestCaseKeyword.groovy)
	at com.kms.katalon.core.keyword.internal.KeywordMain.runKeyword(KeywordMain.groovy:54)
	at com.kms.katalon.core.keyword.builtin.CallTestCaseKeyword.callTestCase(CallTestCaseKeyword.groovy:80)
	at com.kms.katalon.core.keyword.builtin.CallTestCaseKeyword.execute(CallTestCaseKeyword.groovy:44)
	at com.kms.katalon.core.keyword.internal.KeywordExecutor.executeKeywordForPlatform(KeywordExecutor.groovy:53)
	at com.kms.katalon.core.keyword.BuiltinKeywords.callTestCase(BuiltinKeywords.groovy:334)
	at Same branch - EIO.run(Same branch - EIO:16)
	at com.kms.katalon.core.main.ScriptEngine.run(ScriptEngine.java:194)
	at com.kms.katalon.core.main.ScriptEngine.runScriptAsRawText(ScriptEngine.java:119)
	at com.kms.katalon.core.main.TestCaseExecutor.runScript(TestCaseExecutor.java:328)
	at com.kms.katalon.core.main.TestCaseExecutor.doExecute(TestCaseExecutor.java:319)
	at com.kms.katalon.core.main.TestCaseExecutor.processExecutionPhase(TestCaseExecutor.java:298)
	at com.kms.katalon.core.main.TestCaseExecutor.accessMainPhase(TestCaseExecutor.java:290)
	at com.kms.katalon.core.main.TestCaseExecutor.execute(TestCaseExecutor.java:224)
	at com.kms.katalon.core.main.TestSuiteExecutor.accessTestCaseMainPhase(TestSuiteExecutor.java:129)
	at com.kms.katalon.core.main.TestSuiteExecutor.accessTestSuiteMainPhase(TestSuiteExecutor.java:112)
	at com.kms.katalon.core.main.TestSuiteExecutor.execute(TestSuiteExecutor.java:81)
	at com.kms.katalon.core.main.TestCaseMain.startTestSuite(TestCaseMain.java:149)
	at com.kms.katalon.core.main.TestCaseMain$startTestSuite$0.call(Unknown Source)
	at TempTestSuite1550652525208.run(TempTestSuite1550652525208.groovy:36)


2019-02-20 18:07:57 - [TEST_STEP][FAILED] - callTestCase(findTestCase("All TC/Arranged/2. Segment/OTC_Submit Form 7_End to End - Cheque"), [:], STOP_ON_FAILURE): callTestCase(findTestCase("All TC/Arranged/2. Segment/OTC_Submit Form 7_End to End - Cheque"), [:], STOP_ON_FAILURE) FAILED.
Reason:
com.kms.katalon.core.exception.StepFailedException: Unable to click on object 'Object Repository/KeatMun/Form 7_default/OTC_Submit Form 7_Section F-G-H/Page_PERKESO/G2. span_Isteri' (Root cause: com.kms.katalon.core.webui.exception.WebElementNotFoundException: Web element with id: 'Object Repository/KeatMun/Form 7_default/OTC_Submit Form 7_Section F-G-H/Page_PERKESO/G2. span_Isteri' located by 'By.xpath: //span[@id = 'select2-dependentList0dependentRelationId-container' and @title = 'Isteri' and (text() = 'Isteri' or . = 'Isteri')]' not found)
	at com.kms.katalon.core.keyword.internal.KeywordMain.stepFailed(KeywordMain.groovy:36)
	at com.kms.katalon.core.webui.keyword.internal.WebUIKeywordMain.stepFailed(WebUIKeywordMain.groovy:65)
	at com.kms.katalon.core.webui.keyword.internal.WebUIKeywordMain.runKeyword(WebUIKeywordMain.groovy:27)
	at com.kms.katalon.core.webui.keyword.builtin.ClickKeyword.click(ClickKeyword.groovy:86)
	at com.kms.katalon.core.webui.keyword.builtin.ClickKeyword.execute(ClickKeyword.groovy:67)
	at com.kms.katalon.core.keyword.internal.KeywordExecutor.executeKeywordForPlatform(KeywordExecutor.groovy:53)
	at com.kms.katalon.core.webui.keyword.WebUiBuiltInKeywords.click(WebUiBuiltInKeywords.groovy:616)
	at com.kms.katalon.core.webui.keyword.WebUiBuiltInKeywords$click$3.call(Unknown Source)
	at OTC_Submit Form 7_Section F-G-H - Cheque.run(OTC_Submit Form 7_Section F-G-H - Cheque:41)
	at com.kms.katalon.core.main.ScriptEngine.run(ScriptEngine.java:194)
	at com.kms.katalon.core.main.ScriptEngine.runScriptAsRawText(ScriptEngine.java:119)
	at com.kms.katalon.core.main.TestCaseExecutor.runScript(TestCaseExecutor.java:328)
	at com.kms.katalon.core.main.TestCaseExecutor.doExecute(TestCaseExecutor.java:319)
	at com.kms.katalon.core.main.TestCaseExecutor.processExecutionPhase(TestCaseExecutor.java:298)
	at com.kms.katalon.core.main.TestCaseExecutor.accessMainPhase(TestCaseExecutor.java:290)
	at com.kms.katalon.core.main.TestCaseExecutor.execute(TestCaseExecutor.java:224)
	at com.kms.katalon.core.main.TestCaseMain.runTestCase(TestCaseMain.java:106)
	at com.kms.katalon.core.keyword.builtin.CallTestCaseKeyword$_callTestCase_closure1.doCall(CallTestCaseKeyword.groovy:59)
	at com.kms.katalon.core.keyword.builtin.CallTestCaseKeyword$_callTestCase_closure1.call(CallTestCaseKeyword.groovy)
	at com.kms.katalon.core.keyword.internal.KeywordMain.runKeyword(KeywordMain.groovy:54)
	at com.kms.katalon.core.keyword.builtin.CallTestCaseKeyword.callTestCase(CallTestCaseKeyword.groovy:80)
	at com.kms.katalon.core.keyword.builtin.CallTestCaseKeyword.execute(CallTestCaseKeyword.groovy:44)
	at com.kms.katalon.core.keyword.internal.KeywordExecutor.executeKeywordForPlatform(KeywordExecutor.groovy:53)
	at com.kms.katalon.core.keyword.BuiltinKeywords.callTestCase(BuiltinKeywords.groovy:334)
	at OTC_Submit Form 7_End to End - Cheque.run(OTC_Submit Form 7_End to End - Cheque:26)
	at com.kms.katalon.core.main.ScriptEngine.run(ScriptEngine.java:194)
	at com.kms.katalon.core.main.ScriptEngine.runScriptAsRawText(ScriptEngine.java:119)
	at com.kms.katalon.core.main.TestCaseExecutor.runScript(TestCaseExecutor.java:328)
	at com.kms.katalon.core.main.TestCaseExecutor.doExecute(TestCaseExecutor.java:319)
	at com.kms.katalon.core.main.TestCaseExecutor.processExecutionPhase(TestCaseExecutor.java:298)
	at com.kms.katalon.core.main.TestCaseExecutor.accessMainPhase(TestCaseExecutor.java:290)
	at com.kms.katalon.core.main.TestCaseExecutor.execute(TestCaseExecutor.java:224)
	at com.kms.katalon.core.main.TestCaseMain.runTestCase(TestCaseMain.java:106)
	at com.kms.katalon.core.keyword.builtin.CallTestCaseKeyword$_callTestCase_closure1.doCall(CallTestCaseKeyword.groovy:59)
	at com.kms.katalon.core.keyword.builtin.CallTestCaseKeyword$_callTestCase_closure1.call(CallTestCaseKeyword.groovy)
	at com.kms.katalon.core.keyword.internal.KeywordMain.runKeyword(KeywordMain.groovy:54)
	at com.kms.katalon.core.keyword.builtin.CallTestCaseKeyword.callTestCase(CallTestCaseKeyword.groovy:80)
	at com.kms.katalon.core.keyword.builtin.CallTestCaseKeyword.execute(CallTestCaseKeyword.groovy:44)
	at com.kms.katalon.core.keyword.internal.KeywordExecutor.executeKeywordForPlatform(KeywordExecutor.groovy:53)
	at com.kms.katalon.core.keyword.BuiltinKeywords.callTestCase(BuiltinKeywords.groovy:334)
	at Same branch - EIO.run(Same branch - EIO:16)
	at com.kms.katalon.core.main.ScriptEngine.run(ScriptEngine.java:194)
	at com.kms.katalon.core.main.ScriptEngine.runScriptAsRawText(ScriptEngine.java:119)
	at com.kms.katalon.core.main.TestCaseExecutor.runScript(TestCaseExecutor.java:328)
	at com.kms.katalon.core.main.TestCaseExecutor.doExecute(TestCaseExecutor.java:319)
	at com.kms.katalon.core.main.TestCaseExecutor.processExecutionPhase(TestCaseExecutor.java:298)
	at com.kms.katalon.core.main.TestCaseExecutor.accessMainPhase(TestCaseExecutor.java:290)
	at com.kms.katalon.core.main.TestCaseExecutor.execute(TestCaseExecutor.java:224)
	at com.kms.katalon.core.main.TestSuiteExecutor.accessTestCaseMainPhase(TestSuiteExecutor.java:129)
	at com.kms.katalon.core.main.TestSuiteExecutor.accessTestSuiteMainPhase(TestSuiteExecutor.java:112)
	at com.kms.katalon.core.main.TestSuiteExecutor.execute(TestSuiteExecutor.java:81)
	at com.kms.katalon.core.main.TestCaseMain.startTestSuite(TestCaseMain.java:149)
	at com.kms.katalon.core.main.TestCaseMain$startTestSuite$0.call(Unknown Source)
	at TempTestSuite1550652525208.run(TempTestSuite1550652525208.groovy:36)


2019-02-20 18:07:57 - [TEST_CASE][FAILED] - Test Cases/All TC/Arranged/2. Segment/OTC_Submit Form 7_End to End - Cheque: Test Cases/All TC/Arranged/2. Segment/OTC_Submit Form 7_End to End - Cheque FAILED.
Reason:
com.kms.katalon.core.exception.StepFailedException: Unable to click on object 'Object Repository/KeatMun/Form 7_default/OTC_Submit Form 7_Section F-G-H/Page_PERKESO/G2. span_Isteri' (Root cause: com.kms.katalon.core.webui.exception.WebElementNotFoundException: Web element with id: 'Object Repository/KeatMun/Form 7_default/OTC_Submit Form 7_Section F-G-H/Page_PERKESO/G2. span_Isteri' located by 'By.xpath: //span[@id = 'select2-dependentList0dependentRelationId-container' and @title = 'Isteri' and (text() = 'Isteri' or . = 'Isteri')]' not found)
	at com.kms.katalon.core.keyword.internal.KeywordMain.stepFailed(KeywordMain.groovy:36)
	at com.kms.katalon.core.webui.keyword.internal.WebUIKeywordMain.stepFailed(WebUIKeywordMain.groovy:65)
	at com.kms.katalon.core.webui.keyword.internal.WebUIKeywordMain.runKeyword(WebUIKeywordMain.groovy:27)
	at com.kms.katalon.core.webui.keyword.builtin.ClickKeyword.click(ClickKeyword.groovy:86)
	at com.kms.katalon.core.webui.keyword.builtin.ClickKeyword.execute(ClickKeyword.groovy:67)
	at com.kms.katalon.core.keyword.internal.KeywordExecutor.executeKeywordForPlatform(KeywordExecutor.groovy:53)
	at com.kms.katalon.core.webui.keyword.WebUiBuiltInKeywords.click(WebUiBuiltInKeywords.groovy:616)
	at com.kms.katalon.core.webui.keyword.WebUiBuiltInKeywords$click$3.call(Unknown Source)
	at OTC_Submit Form 7_Section F-G-H - Cheque.run(OTC_Submit Form 7_Section F-G-H - Cheque:41)
	at com.kms.katalon.core.main.ScriptEngine.run(ScriptEngine.java:194)
	at com.kms.katalon.core.main.ScriptEngine.runScriptAsRawText(ScriptEngine.java:119)
	at com.kms.katalon.core.main.TestCaseExecutor.runScript(TestCaseExecutor.java:328)
	at com.kms.katalon.core.main.TestCaseExecutor.doExecute(TestCaseExecutor.java:319)
	at com.kms.katalon.core.main.TestCaseExecutor.processExecutionPhase(TestCaseExecutor.java:298)
	at com.kms.katalon.core.main.TestCaseExecutor.accessMainPhase(TestCaseExecutor.java:290)
	at com.kms.katalon.core.main.TestCaseExecutor.execute(TestCaseExecutor.java:224)
	at com.kms.katalon.core.main.TestCaseMain.runTestCase(TestCaseMain.java:106)
	at com.kms.katalon.core.keyword.builtin.CallTestCaseKeyword$_callTestCase_closure1.doCall(CallTestCaseKeyword.groovy:59)
	at com.kms.katalon.core.keyword.builtin.CallTestCaseKeyword$_callTestCase_closure1.call(CallTestCaseKeyword.groovy)
	at com.kms.katalon.core.keyword.internal.KeywordMain.runKeyword(KeywordMain.groovy:54)
	at com.kms.katalon.core.keyword.builtin.CallTestCaseKeyword.callTestCase(CallTestCaseKeyword.groovy:80)
	at com.kms.katalon.core.keyword.builtin.CallTestCaseKeyword.execute(CallTestCaseKeyword.groovy:44)
	at com.kms.katalon.core.keyword.internal.KeywordExecutor.executeKeywordForPlatform(KeywordExecutor.groovy:53)
	at com.kms.katalon.core.keyword.BuiltinKeywords.callTestCase(BuiltinKeywords.groovy:334)
	at OTC_Submit Form 7_End to End - Cheque.run(OTC_Submit Form 7_End to End - Cheque:26)
	at com.kms.katalon.core.main.ScriptEngine.run(ScriptEngine.java:194)
	at com.kms.katalon.core.main.ScriptEngine.runScriptAsRawText(ScriptEngine.java:119)
	at com.kms.katalon.core.main.TestCaseExecutor.runScript(TestCaseExecutor.java:328)
	at com.kms.katalon.core.main.TestCaseExecutor.doExecute(TestCaseExecutor.java:319)
	at com.kms.katalon.core.main.TestCaseExecutor.processExecutionPhase(TestCaseExecutor.java:298)
	at com.kms.katalon.core.main.TestCaseExecutor.accessMainPhase(TestCaseExecutor.java:290)
	at com.kms.katalon.core.main.TestCaseExecutor.execute(TestCaseExecutor.java:224)
	at com.kms.katalon.core.main.TestCaseMain.runTestCase(TestCaseMain.java:106)
	at com.kms.katalon.core.keyword.builtin.CallTestCaseKeyword$_callTestCase_closure1.doCall(CallTestCaseKeyword.groovy:59)
	at com.kms.katalon.core.keyword.builtin.CallTestCaseKeyword$_callTestCase_closure1.call(CallTestCaseKeyword.groovy)
	at com.kms.katalon.core.keyword.internal.KeywordMain.runKeyword(KeywordMain.groovy:54)
	at com.kms.katalon.core.keyword.builtin.CallTestCaseKeyword.callTestCase(CallTestCaseKeyword.groovy:80)
	at com.kms.katalon.core.keyword.builtin.CallTestCaseKeyword.execute(CallTestCaseKeyword.groovy:44)
	at com.kms.katalon.core.keyword.internal.KeywordExecutor.executeKeywordForPlatform(KeywordExecutor.groovy:53)
	at com.kms.katalon.core.keyword.BuiltinKeywords.callTestCase(BuiltinKeywords.groovy:334)
	at Same branch - EIO.run(Same branch - EIO:16)
	at com.kms.katalon.core.main.ScriptEngine.run(ScriptEngine.java:194)
	at com.kms.katalon.core.main.ScriptEngine.runScriptAsRawText(ScriptEngine.java:119)
	at com.kms.katalon.core.main.TestCaseExecutor.runScript(TestCaseExecutor.java:328)
	at com.kms.katalon.core.main.TestCaseExecutor.doExecute(TestCaseExecutor.java:319)
	at com.kms.katalon.core.main.TestCaseExecutor.processExecutionPhase(TestCaseExecutor.java:298)
	at com.kms.katalon.core.main.TestCaseExecutor.accessMainPhase(TestCaseExecutor.java:290)
	at com.kms.katalon.core.main.TestCaseExecutor.execute(TestCaseExecutor.java:224)
	at com.kms.katalon.core.main.TestSuiteExecutor.accessTestCaseMainPhase(TestSuiteExecutor.java:129)
	at com.kms.katalon.core.main.TestSuiteExecutor.accessTestSuiteMainPhase(TestSuiteExecutor.java:112)
	at com.kms.katalon.core.main.TestSuiteExecutor.execute(TestSuiteExecutor.java:81)
	at com.kms.katalon.core.main.TestCaseMain.startTestSuite(TestCaseMain.java:149)
	at com.kms.katalon.core.main.TestCaseMain$startTestSuite$0.call(Unknown Source)
	at TempTestSuite1550652525208.run(TempTestSuite1550652525208.groovy:36)


2019-02-20 18:07:57 - [TEST_STEP][PASSED] - callTestCase(findTestCase("All TC/Arranged/3. Unit/EI/Form 7_default/OTC_Application_Reg"), [:], STOP_ON_FAILURE): Call Test Case 'Test Cases/All TC/Arranged/3. Unit/EI/Form 7_default/OTC_Application_Reg' successfully

2019-02-20 18:07:57 - [TEST_CASE][PASSED] - Test Cases/All TC/Arranged/3. Unit/EI/Form 7_default/OTC_Application_Reg: Test Cases/All TC/Arranged/3. Unit/EI/Form 7_default/OTC_Application_Reg

2019-02-20 18:07:57 - [TEST_STEP][PASSED] - openBrowser(""): Browser is opened with url: ''

2019-02-20 18:07:57 - [MESSAGE][WARNING] - A browser is already opened. Closing browser and opening a new one

2019-02-20 18:07:59 - [MESSAGE][INFO] - Starting 'Chrome' driver

2019-02-20 18:07:59 - [MESSAGE][INFO] - User set preference: ['args', '[--start-maximized]']

2019-02-20 18:08:03 - [MESSAGE][PASSED] - Browser is opened with url: ''

2019-02-20 18:08:03 - [TEST_STEP][PASSED] - navigateToUrl(Internal_Login): Navigate to 'http://10.20.24.188/eisportal/user/login' successfully

2019-02-20 18:08:05 - [MESSAGE][PASSED] - Navigate to 'http://10.20.24.188/eisportal/user/login' successfully

2019-02-20 18:08:05 - [TEST_STEP][PASSED] - delay(3): Delayed 3 second(s)

2019-02-20 18:08:08 - [MESSAGE][PASSED] - Delayed 3 second(s)

2019-02-20 18:08:08 - [TEST_STEP][PASSED] - setText(findTestObject("KeatMun/Form 7_default/OTC_Application_Reg/Page_PERKESO/1.username"), "faizal.hamid@perkeso.gov.my"): Text 'faizal.hamid@perkeso.gov.my' is set on object 'Object Repository/KeatMun/Form 7_default/OTC_Application_Reg/Page_PERKESO/1.username'

2019-02-20 18:08:12 - [MESSAGE][PASSED] - Text 'faizal.hamid@perkeso.gov.my' is set on object 'Object Repository/KeatMun/Form 7_default/OTC_Application_Reg/Page_PERKESO/1.username'

2019-02-20 18:08:12 - [TEST_STEP][PASSED] - delay(1): Delayed 1 second(s)

2019-02-20 18:08:13 - [MESSAGE][PASSED] - Delayed 1 second(s)

2019-02-20 18:08:13 - [TEST_STEP][PASSED] - setEncryptedText(findTestObject("KeatMun/Form 7_default/OTC_Application_Reg/Page_PERKESO/2.password"), "CQqwFZlbeC8="): Text ****** has been set on object 'Object Repository/KeatMun/Form 7_default/OTC_Application_Reg/Page_PERKESO/2.password'

2019-02-20 18:08:16 - [MESSAGE][PASSED] - Text ****** has been set on object 'Object Repository/KeatMun/Form 7_default/OTC_Application_Reg/Page_PERKESO/2.password'

2019-02-20 18:08:16 - [TEST_STEP][PASSED] - delay(2): Delayed 2 second(s)

2019-02-20 18:08:18 - [MESSAGE][PASSED] - Delayed 2 second(s)

2019-02-20 18:08:18 - [TEST_STEP][PASSED] - click(findTestObject("KeatMun/Form 7_default/OTC_Application_Reg/Page_PERKESO/3.login button")): Object: 'Object Repository/KeatMun/Form 7_default/OTC_Application_Reg/Page_PERKESO/3.login button' is clicked on

2019-02-20 18:08:22 - [MESSAGE][PASSED] - Object: 'Object Repository/KeatMun/Form 7_default/OTC_Application_Reg/Page_PERKESO/3.login button' is clicked on

2019-02-20 18:08:22 - [TEST_STEP][PASSED] - delay(2): Delayed 2 second(s)

2019-02-20 18:08:24 - [MESSAGE][PASSED] - Delayed 2 second(s)

2019-02-20 18:08:24 - [TEST_STEP][PASSED] - click(findTestObject("KeatMun/Form 7_default/OTC_Application_Reg/Page_PERKESO/4. Permohonan tab")): Object: 'Object Repository/KeatMun/Form 7_default/OTC_Application_Reg/Page_PERKESO/4. Permohonan tab' is clicked on

2019-02-20 18:08:26 - [MESSAGE][PASSED] - Object: 'Object Repository/KeatMun/Form 7_default/OTC_Application_Reg/Page_PERKESO/4. Permohonan tab' is clicked on

2019-02-20 18:08:26 - [TEST_STEP][PASSED] - delay(2): Delayed 2 second(s)

2019-02-20 18:08:28 - [MESSAGE][PASSED] - Delayed 2 second(s)

2019-02-20 18:08:28 - [TEST_STEP][PASSED] - click(findTestObject("KeatMun/Form 7_default/OTC_Application_Reg/Page_PERKESO/5.button_Setuju")): Object: 'Object Repository/KeatMun/Form 7_default/OTC_Application_Reg/Page_PERKESO/5.button_Setuju' is clicked on

2019-02-20 18:08:31 - [MESSAGE][PASSED] - Object: 'Object Repository/KeatMun/Form 7_default/OTC_Application_Reg/Page_PERKESO/5.button_Setuju' is clicked on

2019-02-20 18:08:31 - [TEST_STEP][PASSED] - delay(2): Delayed 2 second(s)

2019-02-20 18:08:33 - [MESSAGE][PASSED] - Delayed 2 second(s)

2019-02-20 18:08:33 - [TEST_STEP][PASSED] - callTestCase(findTestCase("All TC/Arranged/1. Common/IC List Checker"), [:], STOP_ON_FAILURE): Call Test Case 'Test Cases/All TC/Arranged/1. Common/IC List Checker' successfully

2019-02-20 18:08:33 - [TEST_CASE][PASSED] - Test Cases/All TC/Arranged/1. Common/IC List Checker: Test Cases/All TC/Arranged/1. Common/IC List Checker

2019-02-20 18:08:33 - [TEST_STEP][PASSED] - counter = 0: null

2019-02-20 18:08:33 - [TEST_STEP][PASSED] - fis = new java.io.FileInputStream((internal.GlobalVariable.TextFilePathCommon + \IC.xlsx)): null

2019-02-20 18:08:33 - [TEST_STEP][PASSED] - workbook = new org.apache.poi.xssf.usermodel.XSSFWorkbook(fis): null

2019-02-20 18:08:33 - [TEST_STEP][PASSED] - sheet = workbook.getSheet("Sheet1"): null

2019-02-20 18:08:33 - [TEST_STEP][PASSED] - totalRow = sheet.getLastRowNum(): null

2019-02-20 18:08:33 - [TEST_STEP][PASSED] - out.println(totalRow): null

2019-02-20 18:08:33 - [TEST_STEP][PASSED] - row = sheet.getRow(counter): null

2019-02-20 18:08:33 - [TEST_STEP][PASSED] - cell = row.getCell(counter): null

2019-02-20 18:08:33 - [TEST_STEP][PASSED] - a = cell.getStringCellValue(): null

2019-02-20 18:08:33 - [TEST_STEP][PASSED] - IC = a: null

2019-02-20 18:08:33 - [TEST_STEP][PASSED] - out.println(IC): null

2019-02-20 18:08:33 - [TEST_STEP][PASSED] - callTestCase(findTestCase("All TC/Arranged/1. Common/1.2 Setter/Setter IC"), [:], STOP_ON_FAILURE): Call Test Case 'Test Cases/All TC/Arranged/1. Common/1.2 Setter/Setter IC' successfully

2019-02-20 18:08:33 - [TEST_CASE][PASSED] - Test Cases/All TC/Arranged/1. Common/1.2 Setter/Setter IC: Test Cases/All TC/Arranged/1. Common/1.2 Setter/Setter IC

2019-02-20 18:08:33 - [TEST_STEP][PASSED] - RefNoOldFile = new java.io.File((internal.GlobalVariable.TextFilePathCommon + \getIC.txt)): null

2019-02-20 18:08:33 - [TEST_STEP][PASSED] - RefNoOldFile.delete(): null

2019-02-20 18:08:33 - [TEST_STEP][PASSED] - delay(5): Delayed 5 second(s)

2019-02-20 18:08:38 - [MESSAGE][PASSED] - Delayed 5 second(s)

2019-02-20 18:08:38 - [TEST_STEP][PASSED] - RefNo = new java.io.File((internal.GlobalVariable.TextFilePathCommon + \getIC.txt)): null

2019-02-20 18:08:38 - [TEST_STEP][PASSED] - f2 = new java.io.FileWriter(RefNo, false): null

2019-02-20 18:08:38 - [TEST_STEP][PASSED] - f2.write(IC): null

2019-02-20 18:08:38 - [TEST_STEP][PASSED] - f2.close(): null

2019-02-20 18:08:38 - [TEST_STEP][PASSED] - out.println("


" + IC + "


"): null

2019-02-20 18:08:38 - [MESSAGE][PASSED] - Call Test Case 'Test Cases/All TC/Arranged/1. Common/1.2 Setter/Setter IC' successfully

2019-02-20 18:08:38 - [MESSAGE][PASSED] - Call Test Case 'Test Cases/All TC/Arranged/1. Common/IC List Checker' successfully

2019-02-20 18:08:38 - [TEST_STEP][PASSED] - setText(findTestObject("KeatMun/Form 7_default/OTC_Application_Reg/Page_PERKESO/6.No. Kad Pengenalan"), IC): Text '861023436638' is set on object 'Object Repository/KeatMun/Form 7_default/OTC_Application_Reg/Page_PERKESO/6.No. Kad Pengenalan'

2019-02-20 18:08:42 - [MESSAGE][PASSED] - Text '861023436638' is set on object 'Object Repository/KeatMun/Form 7_default/OTC_Application_Reg/Page_PERKESO/6.No. Kad Pengenalan'

2019-02-20 18:08:42 - [TEST_STEP][PASSED] - delay(2): Delayed 2 second(s)

2019-02-20 18:08:44 - [MESSAGE][PASSED] - Delayed 2 second(s)

2019-02-20 18:08:44 - [TEST_STEP][PASSED] - click(findTestObject("KeatMun/Form 7_default/OTC_Application_Reg/Page_PERKESO/7.button_Semak")): Object: 'Object Repository/KeatMun/Form 7_default/OTC_Application_Reg/Page_PERKESO/7.button_Semak' is clicked on

2019-02-20 18:08:47 - [MESSAGE][PASSED] - Object: 'Object Repository/KeatMun/Form 7_default/OTC_Application_Reg/Page_PERKESO/7.button_Semak' is clicked on

2019-02-20 18:08:47 - [TEST_STEP][PASSED] - delay(4): Delayed 4 second(s)

2019-02-20 18:08:51 - [MESSAGE][PASSED] - Delayed 4 second(s)

2019-02-20 18:08:51 - [TEST_STEP][PASSED] - click(findTestObject("KeatMun/Form 7_default/OTC_Application_Reg/Page_PERKESO/8. Nama Majikan Dropdown")): Object: 'Object Repository/KeatMun/Form 7_default/OTC_Application_Reg/Page_PERKESO/8. Nama Majikan Dropdown' is clicked on

2019-02-20 18:08:53 - [MESSAGE][PASSED] - Object: 'Object Repository/KeatMun/Form 7_default/OTC_Application_Reg/Page_PERKESO/8. Nama Majikan Dropdown' is clicked on

2019-02-20 18:08:53 - [TEST_STEP][PASSED] - setText(findTestObject("KeatMun/Form 7_default/OTC_Application_Reg/Page_PERKESO/8. LOE emp"), "pet"): Text 'pet' is set on object 'Object Repository/KeatMun/Form 7_default/OTC_Application_Reg/Page_PERKESO/8. LOE emp'

2019-02-20 18:08:57 - [MESSAGE][PASSED] - Text 'pet' is set on object 'Object Repository/KeatMun/Form 7_default/OTC_Application_Reg/Page_PERKESO/8. LOE emp'

2019-02-20 18:08:57 - [TEST_STEP][PASSED] - click(findTestObject("KeatMun/Form 7_default/OTC_Application_Reg/Page_PERKESO/8. PETRONAS")): Object: 'Object Repository/KeatMun/Form 7_default/OTC_Application_Reg/Page_PERKESO/8. PETRONAS' is clicked on

2019-02-20 18:08:59 - [MESSAGE][PASSED] - Object: 'Object Repository/KeatMun/Form 7_default/OTC_Application_Reg/Page_PERKESO/8. PETRONAS' is clicked on

2019-02-20 18:08:59 - [TEST_STEP][PASSED] - delay(2): Delayed 2 second(s)

2019-02-20 18:09:01 - [MESSAGE][PASSED] - Delayed 2 second(s)

2019-02-20 18:09:01 - [TEST_STEP][PASSED] - setText(findTestObject("KeatMun/Form 7_default/OTC_Application_Reg/Page_PERKESO/9.Tarikh kehilangan pkj"), "10/01/2019"): Text '10/01/2019' is set on object 'Object Repository/KeatMun/Form 7_default/OTC_Application_Reg/Page_PERKESO/9.Tarikh kehilangan pkj'

2019-02-20 18:09:05 - [MESSAGE][PASSED] - Text '10/01/2019' is set on object 'Object Repository/KeatMun/Form 7_default/OTC_Application_Reg/Page_PERKESO/9.Tarikh kehilangan pkj'

2019-02-20 18:09:05 - [TEST_STEP][PASSED] - delay(2): Delayed 2 second(s)

2019-02-20 18:09:07 - [MESSAGE][PASSED] - Delayed 2 second(s)

2019-02-20 18:09:07 - [TEST_STEP][PASSED] - click(findTestObject("KeatMun/Form 7_default/OTC_Application_Reg/Page_PERKESO/9. Date Picker Done Button ")): Object: 'Object Repository/KeatMun/Form 7_default/OTC_Application_Reg/Page_PERKESO/9. Date Picker Done Button ' is clicked on

2019-02-20 18:09:10 - [MESSAGE][PASSED] - Object: 'Object Repository/KeatMun/Form 7_default/OTC_Application_Reg/Page_PERKESO/9. Date Picker Done Button ' is clicked on

2019-02-20 18:09:10 - [TEST_STEP][PASSED] - delay(2): Delayed 2 second(s)

2019-02-20 18:09:12 - [MESSAGE][PASSED] - Delayed 2 second(s)

2019-02-20 18:09:12 - [TEST_STEP][PASSED] - click(findTestObject("KeatMun/Form 7_default/OTC_Application_Reg/Page_PERKESO/10.button_Mohon")): Object: 'Object Repository/KeatMun/Form 7_default/OTC_Application_Reg/Page_PERKESO/10.button_Mohon' is clicked on

2019-02-20 18:09:14 - [MESSAGE][PASSED] - Object: 'Object Repository/KeatMun/Form 7_default/OTC_Application_Reg/Page_PERKESO/10.button_Mohon' is clicked on

2019-02-20 18:09:14 - [TEST_STEP][PASSED] - delay(2): Delayed 2 second(s)

2019-02-20 18:09:16 - [MESSAGE][PASSED] - Delayed 2 second(s)

2019-02-20 18:09:16 - [TEST_STEP][PASSED] - setText(findTestObject("KeatMun/Form 7_default/OTC_Application_Reg/Page_PERKESO/11.Tarikh Terima_stampedDtS"), "10/01/2019"): Text '10/01/2019' is set on object 'Object Repository/KeatMun/Form 7_default/OTC_Application_Reg/Page_PERKESO/11.Tarikh Terima_stampedDtS'

2019-02-20 18:09:20 - [MESSAGE][PASSED] - Text '10/01/2019' is set on object 'Object Repository/KeatMun/Form 7_default/OTC_Application_Reg/Page_PERKESO/11.Tarikh Terima_stampedDtS'

2019-02-20 18:09:20 - [TEST_STEP][PASSED] - delay(2): Delayed 2 second(s)

2019-02-20 18:09:22 - [MESSAGE][PASSED] - Delayed 2 second(s)

2019-02-20 18:09:22 - [TEST_STEP][PASSED] - click(findTestObject("KeatMun/Form 7_default/OTC_Application_Reg/Page_PERKESO/11. Date Picker Done Button")): Object: 'Object Repository/KeatMun/Form 7_default/OTC_Application_Reg/Page_PERKESO/11. Date Picker Done Button' is clicked on

2019-02-20 18:09:24 - [MESSAGE][PASSED] - Object: 'Object Repository/KeatMun/Form 7_default/OTC_Application_Reg/Page_PERKESO/11. Date Picker Done Button' is clicked on

2019-02-20 18:09:24 - [TEST_STEP][PASSED] - delay(2): Delayed 2 second(s)

2019-02-20 18:09:26 - [MESSAGE][PASSED] - Delayed 2 second(s)

2019-02-20 18:09:26 - [TEST_STEP][PASSED] - click(findTestObject("KeatMun/Form 7_default/OTC_Application_Reg/Page_PERKESO/11.button_TERUSKAN")): Object: 'Object Repository/KeatMun/Form 7_default/OTC_Application_Reg/Page_PERKESO/11.button_TERUSKAN' is clicked on

2019-02-20 18:09:28 - [MESSAGE][PASSED] - Object: 'Object Repository/KeatMun/Form 7_default/OTC_Application_Reg/Page_PERKESO/11.button_TERUSKAN' is clicked on

2019-02-20 18:09:28 - [TEST_STEP][PASSED] - delay(2): Delayed 2 second(s)

2019-02-20 18:09:30 - [MESSAGE][PASSED] - Delayed 2 second(s)

2019-02-20 18:09:30 - [TEST_STEP][PASSED] - selectOptionByValue(findTestObject("KeatMun/Form 7_default/OTC_Application_Reg/Page_PERKESO/12.--Sila Pilih--PejabatPKS"), "22", true): All options with value '22' are selected in object 'Object Repository/KeatMun/Form 7_default/OTC_Application_Reg/Page_PERKESO/12.--Sila Pilih--PejabatPKS'  using regular expression

2019-02-20 18:11:00 - [MESSAGE][PASSED] - All options with value '22' are selected in object 'Object Repository/KeatMun/Form 7_default/OTC_Application_Reg/Page_PERKESO/12.--Sila Pilih--PejabatPKS'  using regular expression

2019-02-20 18:11:00 - [TEST_STEP][PASSED] - delay(2): Delayed 2 second(s)

2019-02-20 18:11:02 - [MESSAGE][PASSED] - Delayed 2 second(s)

2019-02-20 18:11:02 - [TEST_STEP][PASSED] - click(findTestObject("KeatMun/Form 7_default/OTC_Application_Reg/Page_PERKESO/13. Halaman Seterusnya")): Object: 'Object Repository/KeatMun/Form 7_default/OTC_Application_Reg/Page_PERKESO/13. Halaman Seterusnya' is clicked on

2019-02-20 18:11:05 - [MESSAGE][PASSED] - Object: 'Object Repository/KeatMun/Form 7_default/OTC_Application_Reg/Page_PERKESO/13. Halaman Seterusnya' is clicked on

2019-02-20 18:11:05 - [MESSAGE][PASSED] - Call Test Case 'Test Cases/All TC/Arranged/3. Unit/EI/Form 7_default/OTC_Application_Reg' successfully

2019-02-20 18:11:05 - [TEST_STEP][PASSED] - callTestCase(findTestCase("All TC/Arranged/3. Unit/EI/Form 7_default/OTC_Submit Form 7_Section A"), [:], STOP_ON_FAILURE): Call Test Case 'Test Cases/All TC/Arranged/3. Unit/EI/Form 7_default/OTC_Submit Form 7_Section A' successfully

2019-02-20 18:11:05 - [TEST_CASE][PASSED] - Test Cases/All TC/Arranged/3. Unit/EI/Form 7_default/OTC_Submit Form 7_Section A: Test Cases/All TC/Arranged/3. Unit/EI/Form 7_default/OTC_Submit Form 7_Section A

2019-02-20 18:11:05 - [TEST_STEP][PASSED] - delay(2): Delayed 2 second(s)

2019-02-20 18:11:07 - [MESSAGE][PASSED] - Delayed 2 second(s)

2019-02-20 18:11:07 - [TEST_STEP][PASSED] - setText(findTestObject("KeatMun/Form 7_default/OTC_Submit Form 7_Section A/Page_PERKESO/A4. EmployeeDob"), "10/01/2019"): Text '10/01/2019' is set on object 'Object Repository/KeatMun/Form 7_default/OTC_Submit Form 7_Section A/Page_PERKESO/A4. EmployeeDob'

2019-02-20 18:11:11 - [MESSAGE][PASSED] - Text '10/01/2019' is set on object 'Object Repository/KeatMun/Form 7_default/OTC_Submit Form 7_Section A/Page_PERKESO/A4. EmployeeDob'

2019-02-20 18:11:11 - [TEST_STEP][PASSED] - delay(2): Delayed 2 second(s)

2019-02-20 18:11:13 - [MESSAGE][PASSED] - Delayed 2 second(s)

2019-02-20 18:11:13 - [TEST_STEP][PASSED] - click(findTestObject("KeatMun/Form 7_default/OTC_Submit Form 7_Section A/Page_PERKESO/A5. Bangsa")): Object: 'Object Repository/KeatMun/Form 7_default/OTC_Submit Form 7_Section A/Page_PERKESO/A5. Bangsa' is clicked on

2019-02-20 18:11:15 - [MESSAGE][PASSED] - Object: 'Object Repository/KeatMun/Form 7_default/OTC_Submit Form 7_Section A/Page_PERKESO/A5. Bangsa' is clicked on

2019-02-20 18:11:15 - [TEST_STEP][PASSED] - click(findTestObject("KeatMun/Form 7_default/OTC_Submit Form 7_Section A/Page_PERKESO/A5. Bumiputera Sabah")): Object: 'Object Repository/KeatMun/Form 7_default/OTC_Submit Form 7_Section A/Page_PERKESO/A5. Bumiputera Sabah' is clicked on

2019-02-20 18:11:17 - [MESSAGE][PASSED] - Object: 'Object Repository/KeatMun/Form 7_default/OTC_Submit Form 7_Section A/Page_PERKESO/A5. Bumiputera Sabah' is clicked on

2019-02-20 18:11:17 - [TEST_STEP][PASSED] - delay(2): Delayed 2 second(s)

2019-02-20 18:11:19 - [MESSAGE][PASSED] - Delayed 2 second(s)

2019-02-20 18:11:19 - [TEST_STEP][PASSED] - click(findTestObject("KeatMun/Form 7_default/OTC_Submit Form 7_Section A/Page_PERKESO/A6. Jantina")): Object: 'Object Repository/KeatMun/Form 7_default/OTC_Submit Form 7_Section A/Page_PERKESO/A6. Jantina' is clicked on

2019-02-20 18:11:21 - [MESSAGE][PASSED] - Object: 'Object Repository/KeatMun/Form 7_default/OTC_Submit Form 7_Section A/Page_PERKESO/A6. Jantina' is clicked on

2019-02-20 18:11:21 - [TEST_STEP][PASSED] - click(findTestObject("KeatMun/Form 7_default/OTC_Submit Form 7_Section A/Page_PERKESO/A6. Lelaki")): Object: 'Object Repository/KeatMun/Form 7_default/OTC_Submit Form 7_Section A/Page_PERKESO/A6. Lelaki' is clicked on

2019-02-20 18:11:23 - [MESSAGE][PASSED] - Object: 'Object Repository/KeatMun/Form 7_default/OTC_Submit Form 7_Section A/Page_PERKESO/A6. Lelaki' is clicked on

2019-02-20 18:11:23 - [TEST_STEP][PASSED] - delay(2): Delayed 2 second(s)

2019-02-20 18:11:25 - [MESSAGE][PASSED] - Delayed 2 second(s)

2019-02-20 18:11:25 - [TEST_STEP][PASSED] - click(findTestObject("KeatMun/Form 7_default/OTC_Submit Form 7_Section A/Page_PERKESO/A7. Kewarganegaraan")): Object: 'Object Repository/KeatMun/Form 7_default/OTC_Submit Form 7_Section A/Page_PERKESO/A7. Kewarganegaraan' is clicked on

2019-02-20 18:11:28 - [MESSAGE][PASSED] - Object: 'Object Repository/KeatMun/Form 7_default/OTC_Submit Form 7_Section A/Page_PERKESO/A7. Kewarganegaraan' is clicked on

2019-02-20 18:11:28 - [TEST_STEP][PASSED] - click(findTestObject("KeatMun/Form 7_default/OTC_Submit Form 7_Section A/Page_PERKESO/A7. Malaysia")): Object: 'Object Repository/KeatMun/Form 7_default/OTC_Submit Form 7_Section A/Page_PERKESO/A7. Malaysia' is clicked on

2019-02-20 18:11:30 - [MESSAGE][PASSED] - Object: 'Object Repository/KeatMun/Form 7_default/OTC_Submit Form 7_Section A/Page_PERKESO/A7. Malaysia' is clicked on

2019-02-20 18:11:30 - [TEST_STEP][PASSED] - delay(2): Delayed 2 second(s)

2019-02-20 18:11:32 - [MESSAGE][PASSED] - Delayed 2 second(s)

2019-02-20 18:11:32 - [TEST_STEP][PASSED] - click(findTestObject("KeatMun/Form 7_default/OTC_Submit Form 7_Section A/Page_PERKESO/A8. Status Perkahwinan")): Object: 'Object Repository/KeatMun/Form 7_default/OTC_Submit Form 7_Section A/Page_PERKESO/A8. Status Perkahwinan' is clicked on

2019-02-20 18:11:34 - [MESSAGE][PASSED] - Object: 'Object Repository/KeatMun/Form 7_default/OTC_Submit Form 7_Section A/Page_PERKESO/A8. Status Perkahwinan' is clicked on

2019-02-20 18:11:34 - [TEST_STEP][PASSED] - click(findTestObject("KeatMun/Form 7_default/OTC_Submit Form 7_Section A/Page_PERKESO/A8. Bujang")): Object: 'Object Repository/KeatMun/Form 7_default/OTC_Submit Form 7_Section A/Page_PERKESO/A8. Bujang' is clicked on

2019-02-20 18:11:36 - [MESSAGE][PASSED] - Object: 'Object Repository/KeatMun/Form 7_default/OTC_Submit Form 7_Section A/Page_PERKESO/A8. Bujang' is clicked on

2019-02-20 18:11:36 - [TEST_STEP][PASSED] - delay(2): Delayed 2 second(s)

2019-02-20 18:11:38 - [MESSAGE][PASSED] - Delayed 2 second(s)

2019-02-20 18:11:38 - [TEST_STEP][PASSED] - setText(findTestObject("KeatMun/Form 7_default/OTC_Submit Form 7_Section A/Page_PERKESO/A9. Address1"), "qwertyuiop"): Text 'qwertyuiop' is set on object 'Object Repository/KeatMun/Form 7_default/OTC_Submit Form 7_Section A/Page_PERKESO/A9. Address1'

2019-02-20 18:11:42 - [MESSAGE][PASSED] - Text 'qwertyuiop' is set on object 'Object Repository/KeatMun/Form 7_default/OTC_Submit Form 7_Section A/Page_PERKESO/A9. Address1'

2019-02-20 18:11:42 - [TEST_STEP][PASSED] - delay(2): Delayed 2 second(s)

2019-02-20 18:11:44 - [MESSAGE][PASSED] - Delayed 2 second(s)

2019-02-20 18:11:44 - [TEST_STEP][PASSED] - click(findTestObject("KeatMun/Form 7_default/OTC_Submit Form 7_Section A/Page_PERKESO/A10. Negeri")): Object: 'Object Repository/KeatMun/Form 7_default/OTC_Submit Form 7_Section A/Page_PERKESO/A10. Negeri' is clicked on

2019-02-20 18:11:46 - [MESSAGE][PASSED] - Object: 'Object Repository/KeatMun/Form 7_default/OTC_Submit Form 7_Section A/Page_PERKESO/A10. Negeri' is clicked on

2019-02-20 18:11:46 - [TEST_STEP][PASSED] - click(findTestObject("KeatMun/Form 7_default/OTC_Submit Form 7_Section A/Page_PERKESO/A10. JOHOR")): Object: 'Object Repository/KeatMun/Form 7_default/OTC_Submit Form 7_Section A/Page_PERKESO/A10. JOHOR' is clicked on

2019-02-20 18:11:49 - [MESSAGE][PASSED] - Object: 'Object Repository/KeatMun/Form 7_default/OTC_Submit Form 7_Section A/Page_PERKESO/A10. JOHOR' is clicked on

2019-02-20 18:11:49 - [TEST_STEP][PASSED] - delay(2): Delayed 2 second(s)

2019-02-20 18:11:51 - [MESSAGE][PASSED] - Delayed 2 second(s)

2019-02-20 18:11:51 - [TEST_STEP][PASSED] - click(findTestObject("KeatMun/Form 7_default/OTC_Submit Form 7_Section A/Page_PERKESO/A11. --Sila Pilih--")): Object: 'Object Repository/KeatMun/Form 7_default/OTC_Submit Form 7_Section A/Page_PERKESO/A11. --Sila Pilih--' is clicked on

2019-02-20 18:11:53 - [MESSAGE][PASSED] - Object: 'Object Repository/KeatMun/Form 7_default/OTC_Submit Form 7_Section A/Page_PERKESO/A11. --Sila Pilih--' is clicked on

2019-02-20 18:11:53 - [TEST_STEP][PASSED] - setText(findTestObject("KeatMun/Form 7_default/OTC_Submit Form 7_Section A/Page_PERKESO/A11. Done_select2-search__fie (1)"), "jo"): Text 'jo' is set on object 'Object Repository/KeatMun/Form 7_default/OTC_Submit Form 7_Section A/Page_PERKESO/A11. Done_select2-search__fie (1)'

2019-02-20 18:11:57 - [MESSAGE][PASSED] - Text 'jo' is set on object 'Object Repository/KeatMun/Form 7_default/OTC_Submit Form 7_Section A/Page_PERKESO/A11. Done_select2-search__fie (1)'

2019-02-20 18:11:57 - [TEST_STEP][PASSED] - setText(findTestObject("KeatMun/Form 7_default/OTC_Submit Form 7_Section A/Page_PERKESO/A11. concat(id(  select2-city"), "jo"): Text 'jo' is set on object 'Object Repository/KeatMun/Form 7_default/OTC_Submit Form 7_Section A/Page_PERKESO/A11. concat(id(  select2-city'

2019-02-20 18:12:01 - [MESSAGE][PASSED] - Text 'jo' is set on object 'Object Repository/KeatMun/Form 7_default/OTC_Submit Form 7_Section A/Page_PERKESO/A11. concat(id(  select2-city'

2019-02-20 18:12:01 - [TEST_STEP][PASSED] - click(findTestObject("KeatMun/Form 7_default/OTC_Submit Form 7_Section A/Page_PERKESO/A11. JOHOR BAHRU")): Object: 'Object Repository/KeatMun/Form 7_default/OTC_Submit Form 7_Section A/Page_PERKESO/A11. JOHOR BAHRU' is clicked on

2019-02-20 18:12:03 - [MESSAGE][PASSED] - Object: 'Object Repository/KeatMun/Form 7_default/OTC_Submit Form 7_Section A/Page_PERKESO/A11. JOHOR BAHRU' is clicked on

2019-02-20 18:12:03 - [TEST_STEP][PASSED] - delay(2): Delayed 2 second(s)

2019-02-20 18:12:05 - [MESSAGE][PASSED] - Delayed 2 second(s)

2019-02-20 18:12:05 - [TEST_STEP][PASSED] - click(findTestObject("KeatMun/Form 7_default/OTC_Submit Form 7_Section A/Page_PERKESO/A12. --Sila Isikan--")): Object: 'Object Repository/KeatMun/Form 7_default/OTC_Submit Form 7_Section A/Page_PERKESO/A12. --Sila Isikan--' is clicked on

2019-02-20 18:12:07 - [MESSAGE][PASSED] - Object: 'Object Repository/KeatMun/Form 7_default/OTC_Submit Form 7_Section A/Page_PERKESO/A12. --Sila Isikan--' is clicked on

2019-02-20 18:12:07 - [TEST_STEP][PASSED] - setText(findTestObject("KeatMun/Form 7_default/OTC_Submit Form 7_Section A/Page_PERKESO/A11. Done_select2-search__fie"), "84"): Text '84' is set on object 'Object Repository/KeatMun/Form 7_default/OTC_Submit Form 7_Section A/Page_PERKESO/A11. Done_select2-search__fie'

2019-02-20 18:12:12 - [MESSAGE][PASSED] - Text '84' is set on object 'Object Repository/KeatMun/Form 7_default/OTC_Submit Form 7_Section A/Page_PERKESO/A11. Done_select2-search__fie'

2019-02-20 18:12:12 - [TEST_STEP][PASSED] - click(findTestObject("KeatMun/Form 7_default/OTC_Submit Form 7_Section A/Page_PERKESO/A12. 84000")): Object: 'Object Repository/KeatMun/Form 7_default/OTC_Submit Form 7_Section A/Page_PERKESO/A12. 84000' is clicked on

2019-02-20 18:12:14 - [MESSAGE][PASSED] - Object: 'Object Repository/KeatMun/Form 7_default/OTC_Submit Form 7_Section A/Page_PERKESO/A12. 84000' is clicked on

2019-02-20 18:12:14 - [TEST_STEP][PASSED] - delay(2): Delayed 2 second(s)

2019-02-20 18:12:16 - [MESSAGE][PASSED] - Delayed 2 second(s)

2019-02-20 18:12:16 - [TEST_STEP][PASSED] - setText(findTestObject("KeatMun/Form 7_default/OTC_Submit Form 7_Section A/Page_PERKESO/A13. mobileContact1"), "1234567890"): Text '1234567890' is set on object 'Object Repository/KeatMun/Form 7_default/OTC_Submit Form 7_Section A/Page_PERKESO/A13. mobileContact1'

2019-02-20 18:12:20 - [MESSAGE][PASSED] - Text '1234567890' is set on object 'Object Repository/KeatMun/Form 7_default/OTC_Submit Form 7_Section A/Page_PERKESO/A13. mobileContact1'

2019-02-20 18:12:20 - [TEST_STEP][PASSED] - delay(2): Delayed 2 second(s)

2019-02-20 18:12:22 - [MESSAGE][PASSED] - Delayed 2 second(s)

2019-02-20 18:12:22 - [TEST_STEP][PASSED] - click(findTestObject("KeatMun/Form 7_default/OTC_Submit Form 7_Section A/Page_PERKESO/A14. Halaman Seterusnya")): Object: 'Object Repository/KeatMun/Form 7_default/OTC_Submit Form 7_Section A/Page_PERKESO/A14. Halaman Seterusnya' is clicked on

2019-02-20 18:12:24 - [MESSAGE][PASSED] - Object: 'Object Repository/KeatMun/Form 7_default/OTC_Submit Form 7_Section A/Page_PERKESO/A14. Halaman Seterusnya' is clicked on

2019-02-20 18:12:24 - [TEST_STEP][PASSED] - delay(2): Delayed 2 second(s)

2019-02-20 18:12:26 - [MESSAGE][PASSED] - Delayed 2 second(s)

2019-02-20 18:12:26 - [MESSAGE][PASSED] - Call Test Case 'Test Cases/All TC/Arranged/3. Unit/EI/Form 7_default/OTC_Submit Form 7_Section A' successfully

2019-02-20 18:12:26 - [TEST_STEP][PASSED] - callTestCase(findTestCase("All TC/Arranged/3. Unit/EI/Form 7_default/OTC_Submit Form 7_Section B"), [:], STOP_ON_FAILURE): Call Test Case 'Test Cases/All TC/Arranged/3. Unit/EI/Form 7_default/OTC_Submit Form 7_Section B' successfully

2019-02-20 18:12:26 - [TEST_CASE][PASSED] - Test Cases/All TC/Arranged/3. Unit/EI/Form 7_default/OTC_Submit Form 7_Section B: Test Cases/All TC/Arranged/3. Unit/EI/Form 7_default/OTC_Submit Form 7_Section B

2019-02-20 18:12:26 - [TEST_STEP][PASSED] - delay(3): Delayed 3 second(s)

2019-02-20 18:12:29 - [MESSAGE][PASSED] - Delayed 3 second(s)

2019-02-20 18:12:29 - [TEST_STEP][PASSED] - click(findTestObject("KeatMun/Form 7_default/OTC_Submit Form 7_Section B/Page_PERKESO/B1. Jawatan")): Object: 'Object Repository/KeatMun/Form 7_default/OTC_Submit Form 7_Section B/Page_PERKESO/B1. Jawatan' is clicked on

2019-02-20 18:12:31 - [MESSAGE][PASSED] - Object: 'Object Repository/KeatMun/Form 7_default/OTC_Submit Form 7_Section B/Page_PERKESO/B1. Jawatan' is clicked on

2019-02-20 18:12:31 - [TEST_STEP][PASSED] - setText(findTestObject("KeatMun/Form 7_default/OTC_Submit Form 7_Section B/Page_PERKESO/B1. concat(id(  select2-posi"), "re"): Text 're' is set on object 'Object Repository/KeatMun/Form 7_default/OTC_Submit Form 7_Section B/Page_PERKESO/B1. concat(id(  select2-posi'

2019-02-20 18:12:36 - [MESSAGE][PASSED] - Text 're' is set on object 'Object Repository/KeatMun/Form 7_default/OTC_Submit Form 7_Section B/Page_PERKESO/B1. concat(id(  select2-posi'

2019-02-20 18:12:36 - [TEST_STEP][PASSED] - setText(findTestObject("KeatMun/Form 7_default/OTC_Submit Form 7_Section B/Page_PERKESO/B1. Done_select2-search__fie"), "re"): Text 're' is set on object 'Object Repository/KeatMun/Form 7_default/OTC_Submit Form 7_Section B/Page_PERKESO/B1. Done_select2-search__fie'

2019-02-20 18:12:40 - [MESSAGE][PASSED] - Text 're' is set on object 'Object Repository/KeatMun/Form 7_default/OTC_Submit Form 7_Section B/Page_PERKESO/B1. Done_select2-search__fie'

2019-02-20 18:12:40 - [TEST_STEP][PASSED] - click(findTestObject("KeatMun/Form 7_default/OTC_Submit Form 7_Section B/Page_PERKESO/B1. Arkitek Reka Bentuk")): Object: 'Object Repository/KeatMun/Form 7_default/OTC_Submit Form 7_Section B/Page_PERKESO/B1. Arkitek Reka Bentuk' is clicked on

2019-02-20 18:12:42 - [MESSAGE][PASSED] - Object: 'Object Repository/KeatMun/Form 7_default/OTC_Submit Form 7_Section B/Page_PERKESO/B1. Arkitek Reka Bentuk' is clicked on

2019-02-20 18:12:42 - [TEST_STEP][PASSED] - delay(2): Delayed 2 second(s)

2019-02-20 18:12:44 - [MESSAGE][PASSED] - Delayed 2 second(s)

2019-02-20 18:12:44 - [TEST_STEP][PASSED] - setText(findTestObject("KeatMun/Form 7_default/OTC_Submit Form 7_Section B/Page_PERKESO/B2. lastEmploymentStartDtSt"), "10/01/2019"): Text '10/01/2019' is set on object 'Object Repository/KeatMun/Form 7_default/OTC_Submit Form 7_Section B/Page_PERKESO/B2. lastEmploymentStartDtSt'

2019-02-20 18:12:48 - [MESSAGE][PASSED] - Text '10/01/2019' is set on object 'Object Repository/KeatMun/Form 7_default/OTC_Submit Form 7_Section B/Page_PERKESO/B2. lastEmploymentStartDtSt'

2019-02-20 18:12:48 - [TEST_STEP][PASSED] - delay(2): Delayed 2 second(s)

2019-02-20 18:12:50 - [MESSAGE][PASSED] - Delayed 2 second(s)

2019-02-20 18:12:50 - [TEST_STEP][PASSED] - click(findTestObject("KeatMun/Form 7_default/OTC_Submit Form 7_Section B/Page_PERKESO/B4. Status Perkejaan")): Object: 'Object Repository/KeatMun/Form 7_default/OTC_Submit Form 7_Section B/Page_PERKESO/B4. Status Perkejaan' is clicked on

2019-02-20 18:12:52 - [MESSAGE][PASSED] - Object: 'Object Repository/KeatMun/Form 7_default/OTC_Submit Form 7_Section B/Page_PERKESO/B4. Status Perkejaan' is clicked on

2019-02-20 18:12:52 - [TEST_STEP][PASSED] - click(findTestObject("KeatMun/Form 7_default/OTC_Submit Form 7_Section B/Page_PERKESO/B4. Tetap")): Object: 'Object Repository/KeatMun/Form 7_default/OTC_Submit Form 7_Section B/Page_PERKESO/B4. Tetap' is clicked on

2019-02-20 18:12:54 - [MESSAGE][PASSED] - Object: 'Object Repository/KeatMun/Form 7_default/OTC_Submit Form 7_Section B/Page_PERKESO/B4. Tetap' is clicked on

2019-02-20 18:12:54 - [TEST_STEP][PASSED] - delay(2): Delayed 2 second(s)

2019-02-20 18:12:56 - [MESSAGE][PASSED] - Delayed 2 second(s)

2019-02-20 18:12:56 - [TEST_STEP][PASSED] - setText(findTestObject("KeatMun/Form 7_default/OTC_Submit Form 7_Section B/Page_PERKESO/B5. Gaji (RM)_salary1"), "4000"): Text '4000' is set on object 'Object Repository/KeatMun/Form 7_default/OTC_Submit Form 7_Section B/Page_PERKESO/B5. Gaji (RM)_salary1'

2019-02-20 18:13:01 - [MESSAGE][PASSED] - Text '4000' is set on object 'Object Repository/KeatMun/Form 7_default/OTC_Submit Form 7_Section B/Page_PERKESO/B5. Gaji (RM)_salary1'

2019-02-20 18:13:01 - [TEST_STEP][PASSED] - delay(2): Delayed 2 second(s)

2019-02-20 18:13:03 - [MESSAGE][PASSED] - Delayed 2 second(s)

2019-02-20 18:13:03 - [TEST_STEP][PASSED] - setText(findTestObject("KeatMun/Form 7_default/OTC_Submit Form 7_Section B/Page_PERKESO/B5. Gaji (RM)_salary2"), "4000"): Text '4000' is set on object 'Object Repository/KeatMun/Form 7_default/OTC_Submit Form 7_Section B/Page_PERKESO/B5. Gaji (RM)_salary2'

2019-02-20 18:13:07 - [MESSAGE][PASSED] - Text '4000' is set on object 'Object Repository/KeatMun/Form 7_default/OTC_Submit Form 7_Section B/Page_PERKESO/B5. Gaji (RM)_salary2'

2019-02-20 18:13:07 - [TEST_STEP][PASSED] - delay(2): Delayed 2 second(s)

2019-02-20 18:13:09 - [MESSAGE][PASSED] - Delayed 2 second(s)

2019-02-20 18:13:09 - [TEST_STEP][PASSED] - setText(findTestObject("KeatMun/Form 7_default/OTC_Submit Form 7_Section B/Page_PERKESO/B5. Gaji (RM)_salary3"), "4000"): Text '4000' is set on object 'Object Repository/KeatMun/Form 7_default/OTC_Submit Form 7_Section B/Page_PERKESO/B5. Gaji (RM)_salary3'

2019-02-20 18:13:13 - [MESSAGE][PASSED] - Text '4000' is set on object 'Object Repository/KeatMun/Form 7_default/OTC_Submit Form 7_Section B/Page_PERKESO/B5. Gaji (RM)_salary3'

2019-02-20 18:13:13 - [TEST_STEP][PASSED] - delay(2): Delayed 2 second(s)

2019-02-20 18:13:15 - [MESSAGE][PASSED] - Delayed 2 second(s)

2019-02-20 18:13:15 - [TEST_STEP][PASSED] - setText(findTestObject("KeatMun/Form 7_default/OTC_Submit Form 7_Section B/Page_PERKESO/B5. Gaji (RM)_salary4"), "4000"): Text '4000' is set on object 'Object Repository/KeatMun/Form 7_default/OTC_Submit Form 7_Section B/Page_PERKESO/B5. Gaji (RM)_salary4'

2019-02-20 18:13:19 - [MESSAGE][PASSED] - Text '4000' is set on object 'Object Repository/KeatMun/Form 7_default/OTC_Submit Form 7_Section B/Page_PERKESO/B5. Gaji (RM)_salary4'

2019-02-20 18:13:19 - [TEST_STEP][PASSED] - delay(2): Delayed 2 second(s)

2019-02-20 18:13:21 - [MESSAGE][PASSED] - Delayed 2 second(s)

2019-02-20 18:13:21 - [TEST_STEP][PASSED] - setText(findTestObject("KeatMun/Form 7_default/OTC_Submit Form 7_Section B/Page_PERKESO/B5. Gaji (RM)_salary5"), "4000"): Text '4000' is set on object 'Object Repository/KeatMun/Form 7_default/OTC_Submit Form 7_Section B/Page_PERKESO/B5. Gaji (RM)_salary5'

2019-02-20 18:13:26 - [MESSAGE][PASSED] - Text '4000' is set on object 'Object Repository/KeatMun/Form 7_default/OTC_Submit Form 7_Section B/Page_PERKESO/B5. Gaji (RM)_salary5'

2019-02-20 18:13:26 - [TEST_STEP][PASSED] - delay(2): Delayed 2 second(s)

2019-02-20 18:13:28 - [MESSAGE][PASSED] - Delayed 2 second(s)

2019-02-20 18:13:28 - [TEST_STEP][PASSED] - setText(findTestObject("KeatMun/Form 7_default/OTC_Submit Form 7_Section B/Page_PERKESO/B5. Gaji (RM)_salary6"), "4000"): Text '4000' is set on object 'Object Repository/KeatMun/Form 7_default/OTC_Submit Form 7_Section B/Page_PERKESO/B5. Gaji (RM)_salary6'

2019-02-20 18:13:32 - [MESSAGE][PASSED] - Text '4000' is set on object 'Object Repository/KeatMun/Form 7_default/OTC_Submit Form 7_Section B/Page_PERKESO/B5. Gaji (RM)_salary6'

2019-02-20 18:13:32 - [TEST_STEP][PASSED] - delay(2): Delayed 2 second(s)

2019-02-20 18:13:34 - [MESSAGE][PASSED] - Delayed 2 second(s)

2019-02-20 18:13:34 - [TEST_STEP][PASSED] - click(findTestObject("KeatMun/Form 7_default/OTC_Submit Form 7_Section B/Page_PERKESO/B6. Reason JobLost")): Object: 'Object Repository/KeatMun/Form 7_default/OTC_Submit Form 7_Section B/Page_PERKESO/B6. Reason JobLost' is clicked on

2019-02-20 18:13:36 - [MESSAGE][PASSED] - Object: 'Object Repository/KeatMun/Form 7_default/OTC_Submit Form 7_Section B/Page_PERKESO/B6. Reason JobLost' is clicked on

2019-02-20 18:13:36 - [TEST_STEP][PASSED] - click(findTestObject("KeatMun/Form 7_default/OTC_Submit Form 7_Section B/Page_PERKESO/B6. Bencana alam (cth banjir ke")): Object: 'Object Repository/KeatMun/Form 7_default/OTC_Submit Form 7_Section B/Page_PERKESO/B6. Bencana alam (cth banjir ke' is clicked on

2019-02-20 18:13:38 - [MESSAGE][PASSED] - Object: 'Object Repository/KeatMun/Form 7_default/OTC_Submit Form 7_Section B/Page_PERKESO/B6. Bencana alam (cth banjir ke' is clicked on

2019-02-20 18:13:38 - [TEST_STEP][PASSED] - delay(3): Delayed 3 second(s)

2019-02-20 18:13:41 - [MESSAGE][PASSED] - Delayed 3 second(s)

2019-02-20 18:13:41 - [TEST_STEP][PASSED] - setText(findTestObject("KeatMun/Form 7_default/OTC_Submit Form 7_Section B/Page_PERKESO/B7. AverageWorkingHour"), "8"): Text '8' is set on object 'Object Repository/KeatMun/Form 7_default/OTC_Submit Form 7_Section B/Page_PERKESO/B7. AverageWorkingHour'

2019-02-20 18:13:45 - [MESSAGE][PASSED] - Text '8' is set on object 'Object Repository/KeatMun/Form 7_default/OTC_Submit Form 7_Section B/Page_PERKESO/B7. AverageWorkingHour'

2019-02-20 18:13:45 - [TEST_STEP][PASSED] - delay(2): Delayed 2 second(s)

2019-02-20 18:13:47 - [MESSAGE][PASSED] - Delayed 2 second(s)

2019-02-20 18:13:47 - [TEST_STEP][PASSED] - click(findTestObject("KeatMun/Form 7_default/OTC_Submit Form 7_Section B/Page_PERKESO/B8. Tidak_compensationInd")): Object: 'Object Repository/KeatMun/Form 7_default/OTC_Submit Form 7_Section B/Page_PERKESO/B8. Tidak_compensationInd' is clicked on

2019-02-20 18:13:49 - [MESSAGE][PASSED] - Object: 'Object Repository/KeatMun/Form 7_default/OTC_Submit Form 7_Section B/Page_PERKESO/B8. Tidak_compensationInd' is clicked on

2019-02-20 18:13:49 - [TEST_STEP][PASSED] - delay(1): Delayed 1 second(s)

2019-02-20 18:13:50 - [MESSAGE][PASSED] - Delayed 1 second(s)

2019-02-20 18:13:50 - [TEST_STEP][PASSED] - click(findTestObject("KeatMun/Form 7_default/OTC_Submit Form 7_Section B/Page_PERKESO/B9. Tidak_fileCaseInd")): Object: 'Object Repository/KeatMun/Form 7_default/OTC_Submit Form 7_Section B/Page_PERKESO/B9. Tidak_fileCaseInd' is clicked on

2019-02-20 18:13:52 - [MESSAGE][PASSED] - Object: 'Object Repository/KeatMun/Form 7_default/OTC_Submit Form 7_Section B/Page_PERKESO/B9. Tidak_fileCaseInd' is clicked on

2019-02-20 18:13:52 - [TEST_STEP][PASSED] - delay(1): Delayed 1 second(s)

2019-02-20 18:13:53 - [MESSAGE][PASSED] - Delayed 1 second(s)

2019-02-20 18:13:53 - [TEST_STEP][PASSED] - click(findTestObject("KeatMun/Form 7_default/OTC_Submit Form 7_Section B/Page_PERKESO/B10. Tidak_unregisterCaseInd")): Object: 'Object Repository/KeatMun/Form 7_default/OTC_Submit Form 7_Section B/Page_PERKESO/B10. Tidak_unregisterCaseInd' is clicked on

2019-02-20 18:13:56 - [MESSAGE][PASSED] - Object: 'Object Repository/KeatMun/Form 7_default/OTC_Submit Form 7_Section B/Page_PERKESO/B10. Tidak_unregisterCaseInd' is clicked on

2019-02-20 18:13:56 - [TEST_STEP][PASSED] - delay(2): Delayed 2 second(s)

2019-02-20 18:13:58 - [MESSAGE][PASSED] - Delayed 2 second(s)

2019-02-20 18:13:58 - [TEST_STEP][PASSED] - click(findTestObject("KeatMun/Form 7_default/OTC_Submit Form 7_Section B/Page_PERKESO/B11. Halaman Seterusnya")): Object: 'Object Repository/KeatMun/Form 7_default/OTC_Submit Form 7_Section B/Page_PERKESO/B11. Halaman Seterusnya' is clicked on

2019-02-20 18:14:00 - [MESSAGE][PASSED] - Object: 'Object Repository/KeatMun/Form 7_default/OTC_Submit Form 7_Section B/Page_PERKESO/B11. Halaman Seterusnya' is clicked on

2019-02-20 18:14:00 - [TEST_STEP][PASSED] - delay(3): Delayed 3 second(s)

2019-02-20 18:14:03 - [MESSAGE][PASSED] - Delayed 3 second(s)

2019-02-20 18:14:03 - [MESSAGE][PASSED] - Call Test Case 'Test Cases/All TC/Arranged/3. Unit/EI/Form 7_default/OTC_Submit Form 7_Section B' successfully

2019-02-20 18:14:03 - [TEST_STEP][PASSED] - callTestCase(findTestCase("All TC/Arranged/3. Unit/EI/Form 7_default/OTC_Submit Form 7_Section C"), [:], STOP_ON_FAILURE): Call Test Case 'Test Cases/All TC/Arranged/3. Unit/EI/Form 7_default/OTC_Submit Form 7_Section C' successfully

2019-02-20 18:14:03 - [TEST_CASE][PASSED] - Test Cases/All TC/Arranged/3. Unit/EI/Form 7_default/OTC_Submit Form 7_Section C: Test Cases/All TC/Arranged/3. Unit/EI/Form 7_default/OTC_Submit Form 7_Section C

2019-02-20 18:14:03 - [TEST_STEP][PASSED] - delay(2): Delayed 2 second(s)

2019-02-20 18:14:05 - [MESSAGE][PASSED] - Delayed 2 second(s)

2019-02-20 18:14:05 - [TEST_STEP][PASSED] - setText(findTestObject("KeatMun/Form 7_default/OTC_Submit Form 7_Section C/Page_PERKESO/C4. EmployerInfo"), "qwertyuiop"): Text 'qwertyuiop' is set on object 'Object Repository/KeatMun/Form 7_default/OTC_Submit Form 7_Section C/Page_PERKESO/C4. EmployerInfo'

2019-02-20 18:14:09 - [MESSAGE][PASSED] - Text 'qwertyuiop' is set on object 'Object Repository/KeatMun/Form 7_default/OTC_Submit Form 7_Section C/Page_PERKESO/C4. EmployerInfo'

2019-02-20 18:14:09 - [TEST_STEP][PASSED] - delay(2): Delayed 2 second(s)

2019-02-20 18:14:11 - [MESSAGE][PASSED] - Delayed 2 second(s)

2019-02-20 18:14:11 - [TEST_STEP][PASSED] - click(findTestObject("KeatMun/Form 7_default/OTC_Submit Form 7_Section C/Page_PERKESO/C5. Negeri")): Object: 'Object Repository/KeatMun/Form 7_default/OTC_Submit Form 7_Section C/Page_PERKESO/C5. Negeri' is clicked on

2019-02-20 18:14:13 - [MESSAGE][PASSED] - Object: 'Object Repository/KeatMun/Form 7_default/OTC_Submit Form 7_Section C/Page_PERKESO/C5. Negeri' is clicked on

2019-02-20 18:14:13 - [TEST_STEP][PASSED] - delay(2): Delayed 2 second(s)

2019-02-20 18:14:15 - [MESSAGE][PASSED] - Delayed 2 second(s)

2019-02-20 18:14:15 - [TEST_STEP][PASSED] - click(findTestObject("KeatMun/Form 7_default/OTC_Submit Form 7_Section C/Page_PERKESO/C5. JOHOR")): Object: 'Object Repository/KeatMun/Form 7_default/OTC_Submit Form 7_Section C/Page_PERKESO/C5. JOHOR' is clicked on

2019-02-20 18:14:17 - [MESSAGE][PASSED] - Object: 'Object Repository/KeatMun/Form 7_default/OTC_Submit Form 7_Section C/Page_PERKESO/C5. JOHOR' is clicked on

2019-02-20 18:14:17 - [TEST_STEP][PASSED] - delay(3): Delayed 3 second(s)

2019-02-20 18:14:20 - [MESSAGE][PASSED] - Delayed 3 second(s)

2019-02-20 18:14:20 - [TEST_STEP][PASSED] - click(findTestObject("KeatMun/Form 7_default/OTC_Submit Form 7_Section C/Page_PERKESO/C6. City")): Object: 'Object Repository/KeatMun/Form 7_default/OTC_Submit Form 7_Section C/Page_PERKESO/C6. City' is clicked on

2019-02-20 18:14:22 - [MESSAGE][PASSED] - Object: 'Object Repository/KeatMun/Form 7_default/OTC_Submit Form 7_Section C/Page_PERKESO/C6. City' is clicked on

2019-02-20 18:14:22 - [TEST_STEP][PASSED] - delay(2): Delayed 2 second(s)

2019-02-20 18:14:24 - [MESSAGE][PASSED] - Delayed 2 second(s)

2019-02-20 18:14:24 - [TEST_STEP][PASSED] - setText(findTestObject("KeatMun/Form 7_default/OTC_Submit Form 7_Section C/Page_PERKESO/C6. Done_select2-search__fie"), "jo"): Text 'jo' is set on object 'Object Repository/KeatMun/Form 7_default/OTC_Submit Form 7_Section C/Page_PERKESO/C6. Done_select2-search__fie'

2019-02-20 18:14:29 - [MESSAGE][PASSED] - Text 'jo' is set on object 'Object Repository/KeatMun/Form 7_default/OTC_Submit Form 7_Section C/Page_PERKESO/C6. Done_select2-search__fie'

2019-02-20 18:14:29 - [TEST_STEP][PASSED] - setText(findTestObject("KeatMun/Form 7_default/OTC_Submit Form 7_Section C/Page_PERKESO/C6. Concat(id(  select2-city"), "jo"): Text 'jo' is set on object 'Object Repository/KeatMun/Form 7_default/OTC_Submit Form 7_Section C/Page_PERKESO/C6. Concat(id(  select2-city'

2019-02-20 18:14:33 - [MESSAGE][PASSED] - Text 'jo' is set on object 'Object Repository/KeatMun/Form 7_default/OTC_Submit Form 7_Section C/Page_PERKESO/C6. Concat(id(  select2-city'

2019-02-20 18:14:33 - [TEST_STEP][PASSED] - click(findTestObject("KeatMun/Form 7_default/OTC_Submit Form 7_Section C/Page_PERKESO/C6. JOHOR BAHRU")): Object: 'Object Repository/KeatMun/Form 7_default/OTC_Submit Form 7_Section C/Page_PERKESO/C6. JOHOR BAHRU' is clicked on

2019-02-20 18:14:35 - [MESSAGE][PASSED] - Object: 'Object Repository/KeatMun/Form 7_default/OTC_Submit Form 7_Section C/Page_PERKESO/C6. JOHOR BAHRU' is clicked on

2019-02-20 18:14:35 - [TEST_STEP][PASSED] - delay(3): Delayed 3 second(s)

2019-02-20 18:14:38 - [MESSAGE][PASSED] - Delayed 3 second(s)

2019-02-20 18:14:38 - [TEST_STEP][PASSED] - click(findTestObject("KeatMun/Form 7_default/OTC_Submit Form 7_Section C/Page_PERKESO/C7. --Sila Isikan--")): Object: 'Object Repository/KeatMun/Form 7_default/OTC_Submit Form 7_Section C/Page_PERKESO/C7. --Sila Isikan--' is clicked on

2019-02-20 18:14:40 - [MESSAGE][PASSED] - Object: 'Object Repository/KeatMun/Form 7_default/OTC_Submit Form 7_Section C/Page_PERKESO/C7. --Sila Isikan--' is clicked on

2019-02-20 18:14:40 - [TEST_STEP][PASSED] - delay(2): Delayed 2 second(s)

2019-02-20 18:14:42 - [MESSAGE][PASSED] - Delayed 2 second(s)

2019-02-20 18:14:42 - [TEST_STEP][PASSED] - setText(findTestObject("KeatMun/Form 7_default/OTC_Submit Form 7_Section C/Page_PERKESO/C7. Done_select2-search__fie"), "84"): Text '84' is set on object 'Object Repository/KeatMun/Form 7_default/OTC_Submit Form 7_Section C/Page_PERKESO/C7. Done_select2-search__fie'

2019-02-20 18:14:46 - [MESSAGE][PASSED] - Text '84' is set on object 'Object Repository/KeatMun/Form 7_default/OTC_Submit Form 7_Section C/Page_PERKESO/C7. Done_select2-search__fie'

2019-02-20 18:14:46 - [TEST_STEP][PASSED] - setText(findTestObject("KeatMun/Form 7_default/OTC_Submit Form 7_Section C/Page_PERKESO/C7. Concat(id(  select2-post"), "84"): Text '84' is set on object 'Object Repository/KeatMun/Form 7_default/OTC_Submit Form 7_Section C/Page_PERKESO/C7. Concat(id(  select2-post'

2019-02-20 18:14:51 - [MESSAGE][PASSED] - Text '84' is set on object 'Object Repository/KeatMun/Form 7_default/OTC_Submit Form 7_Section C/Page_PERKESO/C7. Concat(id(  select2-post'

2019-02-20 18:14:51 - [TEST_STEP][PASSED] - click(findTestObject("KeatMun/Form 7_default/OTC_Submit Form 7_Section C/Page_PERKESO/C7. 84000")): Object: 'Object Repository/KeatMun/Form 7_default/OTC_Submit Form 7_Section C/Page_PERKESO/C7. 84000' is clicked on

2019-02-20 18:14:53 - [MESSAGE][PASSED] - Object: 'Object Repository/KeatMun/Form 7_default/OTC_Submit Form 7_Section C/Page_PERKESO/C7. 84000' is clicked on

2019-02-20 18:14:53 - [TEST_STEP][PASSED] - delay(3): Delayed 3 second(s)

2019-02-20 18:14:56 - [MESSAGE][PASSED] - Delayed 3 second(s)

2019-02-20 18:14:56 - [TEST_STEP][PASSED] - click(findTestObject("KeatMun/Form 7_default/OTC_Submit Form 7_Section C/Page_PERKESO/C8. Tidak_employerInfo.emplo")): Object: 'Object Repository/KeatMun/Form 7_default/OTC_Submit Form 7_Section C/Page_PERKESO/C8. Tidak_employerInfo.emplo' is clicked on

2019-02-20 18:14:58 - [MESSAGE][PASSED] - Object: 'Object Repository/KeatMun/Form 7_default/OTC_Submit Form 7_Section C/Page_PERKESO/C8. Tidak_employerInfo.emplo' is clicked on

2019-02-20 18:14:58 - [TEST_STEP][PASSED] - delay(2): Delayed 2 second(s)

2019-02-20 18:15:00 - [MESSAGE][PASSED] - Delayed 2 second(s)

2019-02-20 18:15:00 - [TEST_STEP][PASSED] - setText(findTestObject("KeatMun/Form 7_default/OTC_Submit Form 7_Section C/Page_PERKESO/C9. EmployerName"), "qwertyuiop"): Text 'qwertyuiop' is set on object 'Object Repository/KeatMun/Form 7_default/OTC_Submit Form 7_Section C/Page_PERKESO/C9. EmployerName'

2019-02-20 18:15:04 - [MESSAGE][PASSED] - Text 'qwertyuiop' is set on object 'Object Repository/KeatMun/Form 7_default/OTC_Submit Form 7_Section C/Page_PERKESO/C9. EmployerName'

2019-02-20 18:15:04 - [TEST_STEP][PASSED] - delay(2): Delayed 2 second(s)

2019-02-20 18:15:06 - [MESSAGE][PASSED] - Delayed 2 second(s)

2019-02-20 18:15:06 - [TEST_STEP][PASSED] - setText(findTestObject("KeatMun/Form 7_default/OTC_Submit Form 7_Section C/Page_PERKESO/C10. EmployerIC"), "1234567890"): Text '1234567890' is set on object 'Object Repository/KeatMun/Form 7_default/OTC_Submit Form 7_Section C/Page_PERKESO/C10. EmployerIC'

2019-02-20 18:15:10 - [MESSAGE][PASSED] - Text '1234567890' is set on object 'Object Repository/KeatMun/Form 7_default/OTC_Submit Form 7_Section C/Page_PERKESO/C10. EmployerIC'

2019-02-20 18:15:10 - [TEST_STEP][PASSED] - delay(3): Delayed 3 second(s)

2019-02-20 18:15:13 - [MESSAGE][PASSED] - Delayed 3 second(s)

2019-02-20 18:15:13 - [TEST_STEP][PASSED] - click(findTestObject("KeatMun/Form 7_default/OTC_Submit Form 7_Section C/Page_PERKESO/C11. Halaman Seterusnya")): Object: 'Object Repository/KeatMun/Form 7_default/OTC_Submit Form 7_Section C/Page_PERKESO/C11. Halaman Seterusnya' is clicked on

2019-02-20 18:15:16 - [MESSAGE][PASSED] - Object: 'Object Repository/KeatMun/Form 7_default/OTC_Submit Form 7_Section C/Page_PERKESO/C11. Halaman Seterusnya' is clicked on

2019-02-20 18:15:16 - [TEST_STEP][PASSED] - delay(3): Delayed 3 second(s)

2019-02-20 18:15:19 - [MESSAGE][PASSED] - Delayed 3 second(s)

2019-02-20 18:15:19 - [MESSAGE][PASSED] - Call Test Case 'Test Cases/All TC/Arranged/3. Unit/EI/Form 7_default/OTC_Submit Form 7_Section C' successfully

2019-02-20 18:15:19 - [TEST_STEP][PASSED] - callTestCase(findTestCase("All TC/Arranged/3. Unit/EI/Form 7_default/OTC_Submit Form 7_Section D-E"), [:], STOP_ON_FAILURE): Call Test Case 'Test Cases/All TC/Arranged/3. Unit/EI/Form 7_default/OTC_Submit Form 7_Section D-E' successfully

2019-02-20 18:15:19 - [TEST_CASE][PASSED] - Test Cases/All TC/Arranged/3. Unit/EI/Form 7_default/OTC_Submit Form 7_Section D-E: Test Cases/All TC/Arranged/3. Unit/EI/Form 7_default/OTC_Submit Form 7_Section D-E

2019-02-20 18:15:19 - [TEST_STEP][PASSED] - delay(3): Delayed 3 second(s)

2019-02-20 18:15:22 - [MESSAGE][PASSED] - Delayed 3 second(s)

2019-02-20 18:15:22 - [TEST_STEP][PASSED] - click(findTestObject("KeatMun/Form 7_default/OTC_Submit Form 7_Section D-E/Page_PERKESO/D1. NO_otherActiveEmploye")): Object: 'Object Repository/KeatMun/Form 7_default/OTC_Submit Form 7_Section D-E/Page_PERKESO/D1. NO_otherActiveEmploye' is clicked on

2019-02-20 18:15:24 - [MESSAGE][PASSED] - Object: 'Object Repository/KeatMun/Form 7_default/OTC_Submit Form 7_Section D-E/Page_PERKESO/D1. NO_otherActiveEmploye' is clicked on

2019-02-20 18:15:24 - [TEST_STEP][PASSED] - delay(4): Delayed 4 second(s)

2019-02-20 18:15:28 - [MESSAGE][PASSED] - Delayed 4 second(s)

2019-02-20 18:15:28 - [TEST_STEP][PASSED] - click(findTestObject("KeatMun/Form 7_default/OTC_Submit Form 7_Section D-E/Page_PERKESO/D2. Halaman Seterusnya")): Object: 'Object Repository/KeatMun/Form 7_default/OTC_Submit Form 7_Section D-E/Page_PERKESO/D2. Halaman Seterusnya' is clicked on

2019-02-20 18:15:30 - [MESSAGE][PASSED] - Object: 'Object Repository/KeatMun/Form 7_default/OTC_Submit Form 7_Section D-E/Page_PERKESO/D2. Halaman Seterusnya' is clicked on

2019-02-20 18:15:30 - [TEST_STEP][PASSED] - delay(5): Delayed 5 second(s)

2019-02-20 18:15:35 - [MESSAGE][PASSED] - Delayed 5 second(s)

2019-02-20 18:15:35 - [TEST_STEP][PASSED] - setText(findTestObject("KeatMun/Form 7_default/OTC_Submit Form 7_Section D-E/Page_PERKESO/E1. Input__totalExpYear"), "1"): Text '1' is set on object 'Object Repository/KeatMun/Form 7_default/OTC_Submit Form 7_Section D-E/Page_PERKESO/E1. Input__totalExpYear'

2019-02-20 18:15:39 - [MESSAGE][PASSED] - Text '1' is set on object 'Object Repository/KeatMun/Form 7_default/OTC_Submit Form 7_Section D-E/Page_PERKESO/E1. Input__totalExpYear'

2019-02-20 18:15:39 - [TEST_STEP][PASSED] - delay(2): Delayed 2 second(s)

2019-02-20 18:15:41 - [MESSAGE][PASSED] - Delayed 2 second(s)

2019-02-20 18:15:41 - [TEST_STEP][PASSED] - setText(findTestObject("KeatMun/Form 7_default/OTC_Submit Form 7_Section D-E/Page_PERKESO/E1. Tahun_totalExpMonth"), "1"): Text '1' is set on object 'Object Repository/KeatMun/Form 7_default/OTC_Submit Form 7_Section D-E/Page_PERKESO/E1. Tahun_totalExpMonth'

2019-02-20 18:15:45 - [MESSAGE][PASSED] - Text '1' is set on object 'Object Repository/KeatMun/Form 7_default/OTC_Submit Form 7_Section D-E/Page_PERKESO/E1. Tahun_totalExpMonth'

2019-02-20 18:15:45 - [TEST_STEP][PASSED] - delay(2): Delayed 2 second(s)

2019-02-20 18:15:47 - [MESSAGE][PASSED] - Delayed 2 second(s)

2019-02-20 18:15:47 - [TEST_STEP][PASSED] - click(findTestObject("KeatMun/Form 7_default/OTC_Submit Form 7_Section D-E/Page_PERKESO/E2. Edu-Level")): Object: 'Object Repository/KeatMun/Form 7_default/OTC_Submit Form 7_Section D-E/Page_PERKESO/E2. Edu-Level' is clicked on

2019-02-20 18:15:49 - [MESSAGE][PASSED] - Object: 'Object Repository/KeatMun/Form 7_default/OTC_Submit Form 7_Section D-E/Page_PERKESO/E2. Edu-Level' is clicked on

2019-02-20 18:15:49 - [TEST_STEP][PASSED] - delay(2): Delayed 2 second(s)

2019-02-20 18:15:51 - [MESSAGE][PASSED] - Delayed 2 second(s)

2019-02-20 18:15:51 - [TEST_STEP][PASSED] - click(findTestObject("KeatMun/Form 7_default/OTC_Submit Form 7_Section D-E/Page_PERKESO/E2. PMRPT3")): Object: 'Object Repository/KeatMun/Form 7_default/OTC_Submit Form 7_Section D-E/Page_PERKESO/E2. PMRPT3' is clicked on

2019-02-20 18:15:53 - [MESSAGE][PASSED] - Object: 'Object Repository/KeatMun/Form 7_default/OTC_Submit Form 7_Section D-E/Page_PERKESO/E2. PMRPT3' is clicked on

2019-02-20 18:15:53 - [TEST_STEP][PASSED] - delay(3): Delayed 3 second(s)

2019-02-20 18:15:56 - [MESSAGE][PASSED] - Delayed 3 second(s)

2019-02-20 18:15:56 - [TEST_STEP][PASSED] - click(findTestObject("KeatMun/Form 7_default/OTC_Submit Form 7_Section D-E/Page_PERKESO/E3. Job-Choice")): Object: 'Object Repository/KeatMun/Form 7_default/OTC_Submit Form 7_Section D-E/Page_PERKESO/E3. Job-Choice' is clicked on

2019-02-20 18:15:59 - [MESSAGE][PASSED] - Object: 'Object Repository/KeatMun/Form 7_default/OTC_Submit Form 7_Section D-E/Page_PERKESO/E3. Job-Choice' is clicked on

2019-02-20 18:15:59 - [TEST_STEP][PASSED] - delay(2): Delayed 2 second(s)

2019-02-20 18:16:01 - [MESSAGE][PASSED] - Delayed 2 second(s)

2019-02-20 18:16:01 - [TEST_STEP][PASSED] - setText(findTestObject("KeatMun/Form 7_default/OTC_Submit Form 7_Section D-E/Page_PERKESO/E3. Done_select2-search__fie"), "re"): Text 're' is set on object 'Object Repository/KeatMun/Form 7_default/OTC_Submit Form 7_Section D-E/Page_PERKESO/E3. Done_select2-search__fie'

2019-02-20 18:16:05 - [MESSAGE][PASSED] - Text 're' is set on object 'Object Repository/KeatMun/Form 7_default/OTC_Submit Form 7_Section D-E/Page_PERKESO/E3. Done_select2-search__fie'

2019-02-20 18:16:05 - [TEST_STEP][PASSED] - click(findTestObject("KeatMun/Form 7_default/OTC_Submit Form 7_Section D-E/Page_PERKESO/E3. Arkitek Reka Bentuk")): Object: 'Object Repository/KeatMun/Form 7_default/OTC_Submit Form 7_Section D-E/Page_PERKESO/E3. Arkitek Reka Bentuk' is clicked on

2019-02-20 18:16:07 - [MESSAGE][PASSED] - Object: 'Object Repository/KeatMun/Form 7_default/OTC_Submit Form 7_Section D-E/Page_PERKESO/E3. Arkitek Reka Bentuk' is clicked on

2019-02-20 18:16:07 - [TEST_STEP][PASSED] - delay(2): Delayed 2 second(s)

2019-02-20 18:16:09 - [MESSAGE][PASSED] - Delayed 2 second(s)

2019-02-20 18:16:09 - [TEST_STEP][PASSED] - click(findTestObject("KeatMun/Form 7_default/OTC_Submit Form 7_Section D-E/Page_PERKESO/E4. Job_Location")): Object: 'Object Repository/KeatMun/Form 7_default/OTC_Submit Form 7_Section D-E/Page_PERKESO/E4. Job_Location' is clicked on

2019-02-20 18:16:11 - [MESSAGE][PASSED] - Object: 'Object Repository/KeatMun/Form 7_default/OTC_Submit Form 7_Section D-E/Page_PERKESO/E4. Job_Location' is clicked on

2019-02-20 18:16:11 - [TEST_STEP][PASSED] - delay(2): Delayed 2 second(s)

2019-02-20 18:16:13 - [MESSAGE][PASSED] - Delayed 2 second(s)

2019-02-20 18:16:13 - [TEST_STEP][PASSED] - click(findTestObject("KeatMun/Form 7_default/OTC_Submit Form 7_Section D-E/Page_PERKESO/E4. JOHOR")): Object: 'Object Repository/KeatMun/Form 7_default/OTC_Submit Form 7_Section D-E/Page_PERKESO/E4. JOHOR' is clicked on

2019-02-20 18:16:15 - [MESSAGE][PASSED] - Object: 'Object Repository/KeatMun/Form 7_default/OTC_Submit Form 7_Section D-E/Page_PERKESO/E4. JOHOR' is clicked on

2019-02-20 18:16:15 - [TEST_STEP][PASSED] - delay(2): Delayed 2 second(s)

2019-02-20 18:16:17 - [MESSAGE][PASSED] - Delayed 2 second(s)

2019-02-20 18:16:17 - [TEST_STEP][PASSED] - click(findTestObject("KeatMun/Form 7_default/OTC_Submit Form 7_Section D-E/Page_PERKESO/E7. NO_disability")): Object: 'Object Repository/KeatMun/Form 7_default/OTC_Submit Form 7_Section D-E/Page_PERKESO/E7. NO_disability' is clicked on

2019-02-20 18:16:19 - [MESSAGE][PASSED] - Object: 'Object Repository/KeatMun/Form 7_default/OTC_Submit Form 7_Section D-E/Page_PERKESO/E7. NO_disability' is clicked on

2019-02-20 18:16:19 - [TEST_STEP][PASSED] - delay(2): Delayed 2 second(s)

2019-02-20 18:16:21 - [MESSAGE][PASSED] - Delayed 2 second(s)

2019-02-20 18:16:21 - [TEST_STEP][PASSED] - click(findTestObject("KeatMun/Form 7_default/OTC_Submit Form 7_Section D-E/Page_PERKESO/E8. NO_disabilityApplyInd")): Object: 'Object Repository/KeatMun/Form 7_default/OTC_Submit Form 7_Section D-E/Page_PERKESO/E8. NO_disabilityApplyInd' is clicked on

2019-02-20 18:16:23 - [MESSAGE][PASSED] - Object: 'Object Repository/KeatMun/Form 7_default/OTC_Submit Form 7_Section D-E/Page_PERKESO/E8. NO_disabilityApplyInd' is clicked on

2019-02-20 18:16:23 - [TEST_STEP][PASSED] - delay(2): Delayed 2 second(s)

2019-02-20 18:16:25 - [MESSAGE][PASSED] - Delayed 2 second(s)

2019-02-20 18:16:25 - [TEST_STEP][PASSED] - click(findTestObject("KeatMun/Form 7_default/OTC_Submit Form 7_Section D-E/Page_PERKESO/E9. YES_ReEmployment")): Object: 'Object Repository/KeatMun/Form 7_default/OTC_Submit Form 7_Section D-E/Page_PERKESO/E9. YES_ReEmployment' is clicked on

2019-02-20 18:16:28 - [MESSAGE][PASSED] - Object: 'Object Repository/KeatMun/Form 7_default/OTC_Submit Form 7_Section D-E/Page_PERKESO/E9. YES_ReEmployment' is clicked on

2019-02-20 18:16:28 - [TEST_STEP][PASSED] - delay(2): Delayed 2 second(s)

2019-02-20 18:16:30 - [MESSAGE][PASSED] - Delayed 2 second(s)

2019-02-20 18:16:30 - [TEST_STEP][PASSED] - click(findTestObject("KeatMun/Form 7_default/OTC_Submit Form 7_Section D-E/Page_PERKESO/E10. Halaman Seterusnya")): Object: 'Object Repository/KeatMun/Form 7_default/OTC_Submit Form 7_Section D-E/Page_PERKESO/E10. Halaman Seterusnya' is clicked on

2019-02-20 18:16:32 - [MESSAGE][PASSED] - Object: 'Object Repository/KeatMun/Form 7_default/OTC_Submit Form 7_Section D-E/Page_PERKESO/E10. Halaman Seterusnya' is clicked on

2019-02-20 18:16:32 - [TEST_STEP][PASSED] - delay(3): Delayed 3 second(s)

2019-02-20 18:16:35 - [MESSAGE][PASSED] - Delayed 3 second(s)

2019-02-20 18:16:35 - [MESSAGE][PASSED] - Call Test Case 'Test Cases/All TC/Arranged/3. Unit/EI/Form 7_default/OTC_Submit Form 7_Section D-E' successfully

2019-02-20 18:16:35 - [TEST_STEP][FAILED] - callTestCase(findTestCase("All TC/Arranged/3. Unit/EI/Form 7_default/OTC_Submit Form 7_Section F-G-H - Cheque"), [:], STOP_ON_FAILURE): callTestCase(findTestCase("All TC/Arranged/3. Unit/EI/Form 7_default/OTC_Submit Form 7_Section F-G-H - Cheque"), [:], STOP_ON_FAILURE) FAILED.
Reason:
com.kms.katalon.core.exception.StepFailedException: Unable to click on object 'Object Repository/KeatMun/Form 7_default/OTC_Submit Form 7_Section F-G-H/Page_PERKESO/G2. span_Isteri' (Root cause: com.kms.katalon.core.webui.exception.WebElementNotFoundException: Web element with id: 'Object Repository/KeatMun/Form 7_default/OTC_Submit Form 7_Section F-G-H/Page_PERKESO/G2. span_Isteri' located by 'By.xpath: //span[@id = 'select2-dependentList0dependentRelationId-container' and @title = 'Isteri' and (text() = 'Isteri' or . = 'Isteri')]' not found)
	at com.kms.katalon.core.keyword.internal.KeywordMain.stepFailed(KeywordMain.groovy:36)
	at com.kms.katalon.core.webui.keyword.internal.WebUIKeywordMain.stepFailed(WebUIKeywordMain.groovy:65)
	at com.kms.katalon.core.webui.keyword.internal.WebUIKeywordMain.runKeyword(WebUIKeywordMain.groovy:27)
	at com.kms.katalon.core.webui.keyword.builtin.ClickKeyword.click(ClickKeyword.groovy:86)
	at com.kms.katalon.core.webui.keyword.builtin.ClickKeyword.execute(ClickKeyword.groovy:67)
	at com.kms.katalon.core.keyword.internal.KeywordExecutor.executeKeywordForPlatform(KeywordExecutor.groovy:53)
	at com.kms.katalon.core.webui.keyword.WebUiBuiltInKeywords.click(WebUiBuiltInKeywords.groovy:616)
	at com.kms.katalon.core.webui.keyword.WebUiBuiltInKeywords$click$3.call(Unknown Source)
	at OTC_Submit Form 7_Section F-G-H - Cheque.run(OTC_Submit Form 7_Section F-G-H - Cheque:41)
	at com.kms.katalon.core.main.ScriptEngine.run(ScriptEngine.java:194)
	at com.kms.katalon.core.main.ScriptEngine.runScriptAsRawText(ScriptEngine.java:119)
	at com.kms.katalon.core.main.TestCaseExecutor.runScript(TestCaseExecutor.java:328)
	at com.kms.katalon.core.main.TestCaseExecutor.doExecute(TestCaseExecutor.java:319)
	at com.kms.katalon.core.main.TestCaseExecutor.processExecutionPhase(TestCaseExecutor.java:298)
	at com.kms.katalon.core.main.TestCaseExecutor.accessMainPhase(TestCaseExecutor.java:290)
	at com.kms.katalon.core.main.TestCaseExecutor.execute(TestCaseExecutor.java:224)
	at com.kms.katalon.core.main.TestCaseMain.runTestCase(TestCaseMain.java:106)
	at com.kms.katalon.core.keyword.builtin.CallTestCaseKeyword$_callTestCase_closure1.doCall(CallTestCaseKeyword.groovy:59)
	at com.kms.katalon.core.keyword.builtin.CallTestCaseKeyword$_callTestCase_closure1.call(CallTestCaseKeyword.groovy)
	at com.kms.katalon.core.keyword.internal.KeywordMain.runKeyword(KeywordMain.groovy:54)
	at com.kms.katalon.core.keyword.builtin.CallTestCaseKeyword.callTestCase(CallTestCaseKeyword.groovy:80)
	at com.kms.katalon.core.keyword.builtin.CallTestCaseKeyword.execute(CallTestCaseKeyword.groovy:44)
	at com.kms.katalon.core.keyword.internal.KeywordExecutor.executeKeywordForPlatform(KeywordExecutor.groovy:53)
	at com.kms.katalon.core.keyword.BuiltinKeywords.callTestCase(BuiltinKeywords.groovy:334)
	at OTC_Submit Form 7_End to End - Cheque.run(OTC_Submit Form 7_End to End - Cheque:26)
	at com.kms.katalon.core.main.ScriptEngine.run(ScriptEngine.java:194)
	at com.kms.katalon.core.main.ScriptEngine.runScriptAsRawText(ScriptEngine.java:119)
	at com.kms.katalon.core.main.TestCaseExecutor.runScript(TestCaseExecutor.java:328)
	at com.kms.katalon.core.main.TestCaseExecutor.doExecute(TestCaseExecutor.java:319)
	at com.kms.katalon.core.main.TestCaseExecutor.processExecutionPhase(TestCaseExecutor.java:298)
	at com.kms.katalon.core.main.TestCaseExecutor.accessMainPhase(TestCaseExecutor.java:290)
	at com.kms.katalon.core.main.TestCaseExecutor.execute(TestCaseExecutor.java:224)
	at com.kms.katalon.core.main.TestCaseMain.runTestCase(TestCaseMain.java:106)
	at com.kms.katalon.core.keyword.builtin.CallTestCaseKeyword$_callTestCase_closure1.doCall(CallTestCaseKeyword.groovy:59)
	at com.kms.katalon.core.keyword.builtin.CallTestCaseKeyword$_callTestCase_closure1.call(CallTestCaseKeyword.groovy)
	at com.kms.katalon.core.keyword.internal.KeywordMain.runKeyword(KeywordMain.groovy:54)
	at com.kms.katalon.core.keyword.builtin.CallTestCaseKeyword.callTestCase(CallTestCaseKeyword.groovy:80)
	at com.kms.katalon.core.keyword.builtin.CallTestCaseKeyword.execute(CallTestCaseKeyword.groovy:44)
	at com.kms.katalon.core.keyword.internal.KeywordExecutor.executeKeywordForPlatform(KeywordExecutor.groovy:53)
	at com.kms.katalon.core.keyword.BuiltinKeywords.callTestCase(BuiltinKeywords.groovy:334)
	at Same branch - EIO.run(Same branch - EIO:16)
	at com.kms.katalon.core.main.ScriptEngine.run(ScriptEngine.java:194)
	at com.kms.katalon.core.main.ScriptEngine.runScriptAsRawText(ScriptEngine.java:119)
	at com.kms.katalon.core.main.TestCaseExecutor.runScript(TestCaseExecutor.java:328)
	at com.kms.katalon.core.main.TestCaseExecutor.doExecute(TestCaseExecutor.java:319)
	at com.kms.katalon.core.main.TestCaseExecutor.processExecutionPhase(TestCaseExecutor.java:298)
	at com.kms.katalon.core.main.TestCaseExecutor.accessMainPhase(TestCaseExecutor.java:290)
	at com.kms.katalon.core.main.TestCaseExecutor.execute(TestCaseExecutor.java:224)
	at com.kms.katalon.core.main.TestSuiteExecutor.accessTestCaseMainPhase(TestSuiteExecutor.java:129)
	at com.kms.katalon.core.main.TestSuiteExecutor.accessTestSuiteMainPhase(TestSuiteExecutor.java:112)
	at com.kms.katalon.core.main.TestSuiteExecutor.execute(TestSuiteExecutor.java:81)
	at com.kms.katalon.core.main.TestCaseMain.startTestSuite(TestCaseMain.java:149)
	at com.kms.katalon.core.main.TestCaseMain$startTestSuite$0.call(Unknown Source)
	at TempTestSuite1550652525208.run(TempTestSuite1550652525208.groovy:36)


2019-02-20 18:16:35 - [TEST_CASE][FAILED] - Test Cases/All TC/Arranged/3. Unit/EI/Form 7_default/OTC_Submit Form 7_Section F-G-H - Cheque: Test Cases/All TC/Arranged/3. Unit/EI/Form 7_default/OTC_Submit Form 7_Section F-G-H - Cheque FAILED.
Reason:
com.kms.katalon.core.exception.StepFailedException: Unable to click on object 'Object Repository/KeatMun/Form 7_default/OTC_Submit Form 7_Section F-G-H/Page_PERKESO/G2. span_Isteri' (Root cause: com.kms.katalon.core.webui.exception.WebElementNotFoundException: Web element with id: 'Object Repository/KeatMun/Form 7_default/OTC_Submit Form 7_Section F-G-H/Page_PERKESO/G2. span_Isteri' located by 'By.xpath: //span[@id = 'select2-dependentList0dependentRelationId-container' and @title = 'Isteri' and (text() = 'Isteri' or . = 'Isteri')]' not found)
	at com.kms.katalon.core.keyword.internal.KeywordMain.stepFailed(KeywordMain.groovy:36)
	at com.kms.katalon.core.webui.keyword.internal.WebUIKeywordMain.stepFailed(WebUIKeywordMain.groovy:65)
	at com.kms.katalon.core.webui.keyword.internal.WebUIKeywordMain.runKeyword(WebUIKeywordMain.groovy:27)
	at com.kms.katalon.core.webui.keyword.builtin.ClickKeyword.click(ClickKeyword.groovy:86)
	at com.kms.katalon.core.webui.keyword.builtin.ClickKeyword.execute(ClickKeyword.groovy:67)
	at com.kms.katalon.core.keyword.internal.KeywordExecutor.executeKeywordForPlatform(KeywordExecutor.groovy:53)
	at com.kms.katalon.core.webui.keyword.WebUiBuiltInKeywords.click(WebUiBuiltInKeywords.groovy:616)
	at com.kms.katalon.core.webui.keyword.WebUiBuiltInKeywords$click$3.call(Unknown Source)
	at OTC_Submit Form 7_Section F-G-H - Cheque.run(OTC_Submit Form 7_Section F-G-H - Cheque:41)
	at com.kms.katalon.core.main.ScriptEngine.run(ScriptEngine.java:194)
	at com.kms.katalon.core.main.ScriptEngine.runScriptAsRawText(ScriptEngine.java:119)
	at com.kms.katalon.core.main.TestCaseExecutor.runScript(TestCaseExecutor.java:328)
	at com.kms.katalon.core.main.TestCaseExecutor.doExecute(TestCaseExecutor.java:319)
	at com.kms.katalon.core.main.TestCaseExecutor.processExecutionPhase(TestCaseExecutor.java:298)
	at com.kms.katalon.core.main.TestCaseExecutor.accessMainPhase(TestCaseExecutor.java:290)
	at com.kms.katalon.core.main.TestCaseExecutor.execute(TestCaseExecutor.java:224)
	at com.kms.katalon.core.main.TestCaseMain.runTestCase(TestCaseMain.java:106)
	at com.kms.katalon.core.keyword.builtin.CallTestCaseKeyword$_callTestCase_closure1.doCall(CallTestCaseKeyword.groovy:59)
	at com.kms.katalon.core.keyword.builtin.CallTestCaseKeyword$_callTestCase_closure1.call(CallTestCaseKeyword.groovy)
	at com.kms.katalon.core.keyword.internal.KeywordMain.runKeyword(KeywordMain.groovy:54)
	at com.kms.katalon.core.keyword.builtin.CallTestCaseKeyword.callTestCase(CallTestCaseKeyword.groovy:80)
	at com.kms.katalon.core.keyword.builtin.CallTestCaseKeyword.execute(CallTestCaseKeyword.groovy:44)
	at com.kms.katalon.core.keyword.internal.KeywordExecutor.executeKeywordForPlatform(KeywordExecutor.groovy:53)
	at com.kms.katalon.core.keyword.BuiltinKeywords.callTestCase(BuiltinKeywords.groovy:334)
	at OTC_Submit Form 7_End to End - Cheque.run(OTC_Submit Form 7_End to End - Cheque:26)
	at com.kms.katalon.core.main.ScriptEngine.run(ScriptEngine.java:194)
	at com.kms.katalon.core.main.ScriptEngine.runScriptAsRawText(ScriptEngine.java:119)
	at com.kms.katalon.core.main.TestCaseExecutor.runScript(TestCaseExecutor.java:328)
	at com.kms.katalon.core.main.TestCaseExecutor.doExecute(TestCaseExecutor.java:319)
	at com.kms.katalon.core.main.TestCaseExecutor.processExecutionPhase(TestCaseExecutor.java:298)
	at com.kms.katalon.core.main.TestCaseExecutor.accessMainPhase(TestCaseExecutor.java:290)
	at com.kms.katalon.core.main.TestCaseExecutor.execute(TestCaseExecutor.java:224)
	at com.kms.katalon.core.main.TestCaseMain.runTestCase(TestCaseMain.java:106)
	at com.kms.katalon.core.keyword.builtin.CallTestCaseKeyword$_callTestCase_closure1.doCall(CallTestCaseKeyword.groovy:59)
	at com.kms.katalon.core.keyword.builtin.CallTestCaseKeyword$_callTestCase_closure1.call(CallTestCaseKeyword.groovy)
	at com.kms.katalon.core.keyword.internal.KeywordMain.runKeyword(KeywordMain.groovy:54)
	at com.kms.katalon.core.keyword.builtin.CallTestCaseKeyword.callTestCase(CallTestCaseKeyword.groovy:80)
	at com.kms.katalon.core.keyword.builtin.CallTestCaseKeyword.execute(CallTestCaseKeyword.groovy:44)
	at com.kms.katalon.core.keyword.internal.KeywordExecutor.executeKeywordForPlatform(KeywordExecutor.groovy:53)
	at com.kms.katalon.core.keyword.BuiltinKeywords.callTestCase(BuiltinKeywords.groovy:334)
	at Same branch - EIO.run(Same branch - EIO:16)
	at com.kms.katalon.core.main.ScriptEngine.run(ScriptEngine.java:194)
	at com.kms.katalon.core.main.ScriptEngine.runScriptAsRawText(ScriptEngine.java:119)
	at com.kms.katalon.core.main.TestCaseExecutor.runScript(TestCaseExecutor.java:328)
	at com.kms.katalon.core.main.TestCaseExecutor.doExecute(TestCaseExecutor.java:319)
	at com.kms.katalon.core.main.TestCaseExecutor.processExecutionPhase(TestCaseExecutor.java:298)
	at com.kms.katalon.core.main.TestCaseExecutor.accessMainPhase(TestCaseExecutor.java:290)
	at com.kms.katalon.core.main.TestCaseExecutor.execute(TestCaseExecutor.java:224)
	at com.kms.katalon.core.main.TestSuiteExecutor.accessTestCaseMainPhase(TestSuiteExecutor.java:129)
	at com.kms.katalon.core.main.TestSuiteExecutor.accessTestSuiteMainPhase(TestSuiteExecutor.java:112)
	at com.kms.katalon.core.main.TestSuiteExecutor.execute(TestSuiteExecutor.java:81)
	at com.kms.katalon.core.main.TestCaseMain.startTestSuite(TestCaseMain.java:149)
	at com.kms.katalon.core.main.TestCaseMain$startTestSuite$0.call(Unknown Source)
	at TempTestSuite1550652525208.run(TempTestSuite1550652525208.groovy:36)


2019-02-20 18:16:35 - [TEST_STEP][PASSED] - delay(3): Delayed 3 second(s)

2019-02-20 18:16:38 - [MESSAGE][PASSED] - Delayed 3 second(s)

2019-02-20 18:16:38 - [TEST_STEP][PASSED] - click(findTestObject("KeatMun/Form 7_default/OTC_Submit Form 7_Section F-G-H/Page_PERKESO/F1. Bankrup_yes")): Object: 'Object Repository/KeatMun/Form 7_default/OTC_Submit Form 7_Section F-G-H/Page_PERKESO/F1. Bankrup_yes' is clicked on

2019-02-20 18:16:40 - [MESSAGE][PASSED] - Object: 'Object Repository/KeatMun/Form 7_default/OTC_Submit Form 7_Section F-G-H/Page_PERKESO/F1. Bankrup_yes' is clicked on

2019-02-20 18:16:40 - [TEST_STEP][PASSED] - delay(3): Delayed 3 second(s)

2019-02-20 18:16:43 - [MESSAGE][PASSED] - Delayed 3 second(s)

2019-02-20 18:16:43 - [TEST_STEP][PASSED] - click(findTestObject("KeatMun/Form 7_default/OTC_Submit Form 7_Section F-G-H/Page_PERKESO/F2. Next_Page_AfterBankInfo")): Object: 'Object Repository/KeatMun/Form 7_default/OTC_Submit Form 7_Section F-G-H/Page_PERKESO/F2. Next_Page_AfterBankInfo' is clicked on

2019-02-20 18:16:45 - [MESSAGE][PASSED] - Object: 'Object Repository/KeatMun/Form 7_default/OTC_Submit Form 7_Section F-G-H/Page_PERKESO/F2. Next_Page_AfterBankInfo' is clicked on

2019-02-20 18:16:45 - [TEST_STEP][PASSED] - delay(5): Delayed 5 second(s)

2019-02-20 18:16:50 - [MESSAGE][PASSED] - Delayed 5 second(s)

2019-02-20 18:16:50 - [TEST_STEP][PASSED] - setText(findTestObject("KeatMun/Form 7_default/OTC_Submit Form 7_Section F-G-H/Page_PERKESO/G2. Hubungan dengan OB-nama"), "qwertyuiop"): Text 'qwertyuiop' is set on object 'Object Repository/KeatMun/Form 7_default/OTC_Submit Form 7_Section F-G-H/Page_PERKESO/G2. Hubungan dengan OB-nama'

2019-02-20 18:16:54 - [MESSAGE][PASSED] - Text 'qwertyuiop' is set on object 'Object Repository/KeatMun/Form 7_default/OTC_Submit Form 7_Section F-G-H/Page_PERKESO/G2. Hubungan dengan OB-nama'

2019-02-20 18:16:54 - [TEST_STEP][PASSED] - delay(2): Delayed 2 second(s)

2019-02-20 18:16:56 - [MESSAGE][PASSED] - Delayed 2 second(s)

2019-02-20 18:16:56 - [TEST_STEP][PASSED] - setText(findTestObject("KeatMun/Form 7_default/OTC_Submit Form 7_Section F-G-H/Page_PERKESO/G2. Hubungan dengan OB-ic.no"), "111111223333"): Text '111111223333' is set on object 'Object Repository/KeatMun/Form 7_default/OTC_Submit Form 7_Section F-G-H/Page_PERKESO/G2. Hubungan dengan OB-ic.no'

2019-02-20 18:17:01 - [MESSAGE][PASSED] - Text '111111223333' is set on object 'Object Repository/KeatMun/Form 7_default/OTC_Submit Form 7_Section F-G-H/Page_PERKESO/G2. Hubungan dengan OB-ic.no'

2019-02-20 18:17:01 - [TEST_STEP][PASSED] - delay(2): Delayed 2 second(s)

2019-02-20 18:17:03 - [MESSAGE][PASSED] - Delayed 2 second(s)

2019-02-20 18:17:03 - [TEST_STEP][PASSED] - setText(findTestObject("KeatMun/Form 7_default/OTC_Submit Form 7_Section F-G-H/Page_PERKESO/G2. Hubungan dengan OB-DOB"), "10/01/2019"): Text '10/01/2019' is set on object 'Object Repository/KeatMun/Form 7_default/OTC_Submit Form 7_Section F-G-H/Page_PERKESO/G2. Hubungan dengan OB-DOB'

2019-02-20 18:17:07 - [MESSAGE][PASSED] - Text '10/01/2019' is set on object 'Object Repository/KeatMun/Form 7_default/OTC_Submit Form 7_Section F-G-H/Page_PERKESO/G2. Hubungan dengan OB-DOB'

2019-02-20 18:17:07 - [TEST_STEP][PASSED] - delay(3): Delayed 3 second(s)

2019-02-20 18:17:10 - [MESSAGE][PASSED] - Delayed 3 second(s)

2019-02-20 18:17:10 - [TEST_STEP][FAILED] - click(findTestObject("KeatMun/Form 7_default/OTC_Submit Form 7_Section F-G-H/Page_PERKESO/G2. span_Isteri")): click(findTestObject("KeatMun/Form 7_default/OTC_Submit Form 7_Section F-G-H/Page_PERKESO/G2. span_Isteri")) FAILED.
Reason:
com.kms.katalon.core.exception.StepFailedException: Unable to click on object 'Object Repository/KeatMun/Form 7_default/OTC_Submit Form 7_Section F-G-H/Page_PERKESO/G2. span_Isteri' (Root cause: com.kms.katalon.core.webui.exception.WebElementNotFoundException: Web element with id: 'Object Repository/KeatMun/Form 7_default/OTC_Submit Form 7_Section F-G-H/Page_PERKESO/G2. span_Isteri' located by 'By.xpath: //span[@id = 'select2-dependentList0dependentRelationId-container' and @title = 'Isteri' and (text() = 'Isteri' or . = 'Isteri')]' not found)
	at com.kms.katalon.core.keyword.internal.KeywordMain.stepFailed(KeywordMain.groovy:36)
	at com.kms.katalon.core.webui.keyword.internal.WebUIKeywordMain.stepFailed(WebUIKeywordMain.groovy:65)
	at com.kms.katalon.core.webui.keyword.internal.WebUIKeywordMain.runKeyword(WebUIKeywordMain.groovy:27)
	at com.kms.katalon.core.webui.keyword.builtin.ClickKeyword.click(ClickKeyword.groovy:86)
	at com.kms.katalon.core.webui.keyword.builtin.ClickKeyword.execute(ClickKeyword.groovy:67)
	at com.kms.katalon.core.keyword.internal.KeywordExecutor.executeKeywordForPlatform(KeywordExecutor.groovy:53)
	at com.kms.katalon.core.webui.keyword.WebUiBuiltInKeywords.click(WebUiBuiltInKeywords.groovy:616)
	at com.kms.katalon.core.webui.keyword.WebUiBuiltInKeywords$click$3.call(Unknown Source)
	at OTC_Submit Form 7_Section F-G-H - Cheque.run(OTC_Submit Form 7_Section F-G-H - Cheque:41)
	at com.kms.katalon.core.main.ScriptEngine.run(ScriptEngine.java:194)
	at com.kms.katalon.core.main.ScriptEngine.runScriptAsRawText(ScriptEngine.java:119)
	at com.kms.katalon.core.main.TestCaseExecutor.runScript(TestCaseExecutor.java:328)
	at com.kms.katalon.core.main.TestCaseExecutor.doExecute(TestCaseExecutor.java:319)
	at com.kms.katalon.core.main.TestCaseExecutor.processExecutionPhase(TestCaseExecutor.java:298)
	at com.kms.katalon.core.main.TestCaseExecutor.accessMainPhase(TestCaseExecutor.java:290)
	at com.kms.katalon.core.main.TestCaseExecutor.execute(TestCaseExecutor.java:224)
	at com.kms.katalon.core.main.TestCaseMain.runTestCase(TestCaseMain.java:106)
	at com.kms.katalon.core.keyword.builtin.CallTestCaseKeyword$_callTestCase_closure1.doCall(CallTestCaseKeyword.groovy:59)
	at com.kms.katalon.core.keyword.builtin.CallTestCaseKeyword$_callTestCase_closure1.call(CallTestCaseKeyword.groovy)
	at com.kms.katalon.core.keyword.internal.KeywordMain.runKeyword(KeywordMain.groovy:54)
	at com.kms.katalon.core.keyword.builtin.CallTestCaseKeyword.callTestCase(CallTestCaseKeyword.groovy:80)
	at com.kms.katalon.core.keyword.builtin.CallTestCaseKeyword.execute(CallTestCaseKeyword.groovy:44)
	at com.kms.katalon.core.keyword.internal.KeywordExecutor.executeKeywordForPlatform(KeywordExecutor.groovy:53)
	at com.kms.katalon.core.keyword.BuiltinKeywords.callTestCase(BuiltinKeywords.groovy:334)
	at OTC_Submit Form 7_End to End - Cheque.run(OTC_Submit Form 7_End to End - Cheque:26)
	at com.kms.katalon.core.main.ScriptEngine.run(ScriptEngine.java:194)
	at com.kms.katalon.core.main.ScriptEngine.runScriptAsRawText(ScriptEngine.java:119)
	at com.kms.katalon.core.main.TestCaseExecutor.runScript(TestCaseExecutor.java:328)
	at com.kms.katalon.core.main.TestCaseExecutor.doExecute(TestCaseExecutor.java:319)
	at com.kms.katalon.core.main.TestCaseExecutor.processExecutionPhase(TestCaseExecutor.java:298)
	at com.kms.katalon.core.main.TestCaseExecutor.accessMainPhase(TestCaseExecutor.java:290)
	at com.kms.katalon.core.main.TestCaseExecutor.execute(TestCaseExecutor.java:224)
	at com.kms.katalon.core.main.TestCaseMain.runTestCase(TestCaseMain.java:106)
	at com.kms.katalon.core.keyword.builtin.CallTestCaseKeyword$_callTestCase_closure1.doCall(CallTestCaseKeyword.groovy:59)
	at com.kms.katalon.core.keyword.builtin.CallTestCaseKeyword$_callTestCase_closure1.call(CallTestCaseKeyword.groovy)
	at com.kms.katalon.core.keyword.internal.KeywordMain.runKeyword(KeywordMain.groovy:54)
	at com.kms.katalon.core.keyword.builtin.CallTestCaseKeyword.callTestCase(CallTestCaseKeyword.groovy:80)
	at com.kms.katalon.core.keyword.builtin.CallTestCaseKeyword.execute(CallTestCaseKeyword.groovy:44)
	at com.kms.katalon.core.keyword.internal.KeywordExecutor.executeKeywordForPlatform(KeywordExecutor.groovy:53)
	at com.kms.katalon.core.keyword.BuiltinKeywords.callTestCase(BuiltinKeywords.groovy:334)
	at Same branch - EIO.run(Same branch - EIO:16)
	at com.kms.katalon.core.main.ScriptEngine.run(ScriptEngine.java:194)
	at com.kms.katalon.core.main.ScriptEngine.runScriptAsRawText(ScriptEngine.java:119)
	at com.kms.katalon.core.main.TestCaseExecutor.runScript(TestCaseExecutor.java:328)
	at com.kms.katalon.core.main.TestCaseExecutor.doExecute(TestCaseExecutor.java:319)
	at com.kms.katalon.core.main.TestCaseExecutor.processExecutionPhase(TestCaseExecutor.java:298)
	at com.kms.katalon.core.main.TestCaseExecutor.accessMainPhase(TestCaseExecutor.java:290)
	at com.kms.katalon.core.main.TestCaseExecutor.execute(TestCaseExecutor.java:224)
	at com.kms.katalon.core.main.TestSuiteExecutor.accessTestCaseMainPhase(TestSuiteExecutor.java:129)
	at com.kms.katalon.core.main.TestSuiteExecutor.accessTestSuiteMainPhase(TestSuiteExecutor.java:112)
	at com.kms.katalon.core.main.TestSuiteExecutor.execute(TestSuiteExecutor.java:81)
	at com.kms.katalon.core.main.TestCaseMain.startTestSuite(TestCaseMain.java:149)
	at com.kms.katalon.core.main.TestCaseMain$startTestSuite$0.call(Unknown Source)
	at TempTestSuite1550652525208.run(TempTestSuite1550652525208.groovy:36)


2019-02-20 18:17:40 - [MESSAGE][INFO] - Unable to find the element located by 'By.xpath: //span[@id = 'select2-dependentList0dependentRelationId-container' and @title = 'Isteri' and (text() = 'Isteri' or . = 'Isteri')]'. Please recheck the objects properties to make sure the desired element is located. 

2019-02-20 18:17:42 - [MESSAGE][FAILED] - Unable to click on object 'Object Repository/KeatMun/Form 7_default/OTC_Submit Form 7_Section F-G-H/Page_PERKESO/G2. span_Isteri' (Root cause: com.kms.katalon.core.webui.exception.WebElementNotFoundException: Web element with id: 'Object Repository/KeatMun/Form 7_default/OTC_Submit Form 7_Section F-G-H/Page_PERKESO/G2. span_Isteri' located by 'By.xpath: //span[@id = 'select2-dependentList0dependentRelationId-container' and @title = 'Isteri' and (text() = 'Isteri' or . = 'Isteri')]' not found)
[[ATTACHMENT|C:\\Users\\Admin\\Documents\\GitHub\\PKSKatalon\\PKS-EI-ES\\Reports\\New Test Suite\\20190220_164845\\1550657860693.png]]

2019-02-20 18:17:42 - [MESSAGE][FAILED] - click(findTestObject("KeatMun/Form 7_default/OTC_Submit Form 7_Section F-G-H/Page_PERKESO/G2. span_Isteri")) FAILED.
Reason:
com.kms.katalon.core.exception.StepFailedException: Unable to click on object 'Object Repository/KeatMun/Form 7_default/OTC_Submit Form 7_Section F-G-H/Page_PERKESO/G2. span_Isteri' (Root cause: com.kms.katalon.core.webui.exception.WebElementNotFoundException: Web element with id: 'Object Repository/KeatMun/Form 7_default/OTC_Submit Form 7_Section F-G-H/Page_PERKESO/G2. span_Isteri' located by 'By.xpath: //span[@id = 'select2-dependentList0dependentRelationId-container' and @title = 'Isteri' and (text() = 'Isteri' or . = 'Isteri')]' not found)
	at com.kms.katalon.core.keyword.internal.KeywordMain.stepFailed(KeywordMain.groovy:36)
	at com.kms.katalon.core.webui.keyword.internal.WebUIKeywordMain.stepFailed(WebUIKeywordMain.groovy:65)
	at com.kms.katalon.core.webui.keyword.internal.WebUIKeywordMain.runKeyword(WebUIKeywordMain.groovy:27)
	at com.kms.katalon.core.webui.keyword.builtin.ClickKeyword.click(ClickKeyword.groovy:86)
	at com.kms.katalon.core.webui.keyword.builtin.ClickKeyword.execute(ClickKeyword.groovy:67)
	at com.kms.katalon.core.keyword.internal.KeywordExecutor.executeKeywordForPlatform(KeywordExecutor.groovy:53)
	at com.kms.katalon.core.webui.keyword.WebUiBuiltInKeywords.click(WebUiBuiltInKeywords.groovy:616)
	at com.kms.katalon.core.webui.keyword.WebUiBuiltInKeywords$click$3.call(Unknown Source)
	at OTC_Submit Form 7_Section F-G-H - Cheque.run(OTC_Submit Form 7_Section F-G-H - Cheque:41)
	at com.kms.katalon.core.main.ScriptEngine.run(ScriptEngine.java:194)
	at com.kms.katalon.core.main.ScriptEngine.runScriptAsRawText(ScriptEngine.java:119)
	at com.kms.katalon.core.main.TestCaseExecutor.runScript(TestCaseExecutor.java:328)
	at com.kms.katalon.core.main.TestCaseExecutor.doExecute(TestCaseExecutor.java:319)
	at com.kms.katalon.core.main.TestCaseExecutor.processExecutionPhase(TestCaseExecutor.java:298)
	at com.kms.katalon.core.main.TestCaseExecutor.accessMainPhase(TestCaseExecutor.java:290)
	at com.kms.katalon.core.main.TestCaseExecutor.execute(TestCaseExecutor.java:224)
	at com.kms.katalon.core.main.TestCaseMain.runTestCase(TestCaseMain.java:106)
	at com.kms.katalon.core.keyword.builtin.CallTestCaseKeyword$_callTestCase_closure1.doCall(CallTestCaseKeyword.groovy:59)
	at com.kms.katalon.core.keyword.builtin.CallTestCaseKeyword$_callTestCase_closure1.call(CallTestCaseKeyword.groovy)
	at com.kms.katalon.core.keyword.internal.KeywordMain.runKeyword(KeywordMain.groovy:54)
	at com.kms.katalon.core.keyword.builtin.CallTestCaseKeyword.callTestCase(CallTestCaseKeyword.groovy:80)
	at com.kms.katalon.core.keyword.builtin.CallTestCaseKeyword.execute(CallTestCaseKeyword.groovy:44)
	at com.kms.katalon.core.keyword.internal.KeywordExecutor.executeKeywordForPlatform(KeywordExecutor.groovy:53)
	at com.kms.katalon.core.keyword.BuiltinKeywords.callTestCase(BuiltinKeywords.groovy:334)
	at OTC_Submit Form 7_End to End - Cheque.run(OTC_Submit Form 7_End to End - Cheque:26)
	at com.kms.katalon.core.main.ScriptEngine.run(ScriptEngine.java:194)
	at com.kms.katalon.core.main.ScriptEngine.runScriptAsRawText(ScriptEngine.java:119)
	at com.kms.katalon.core.main.TestCaseExecutor.runScript(TestCaseExecutor.java:328)
	at com.kms.katalon.core.main.TestCaseExecutor.doExecute(TestCaseExecutor.java:319)
	at com.kms.katalon.core.main.TestCaseExecutor.processExecutionPhase(TestCaseExecutor.java:298)
	at com.kms.katalon.core.main.TestCaseExecutor.accessMainPhase(TestCaseExecutor.java:290)
	at com.kms.katalon.core.main.TestCaseExecutor.execute(TestCaseExecutor.java:224)
	at com.kms.katalon.core.main.TestCaseMain.runTestCase(TestCaseMain.java:106)
	at com.kms.katalon.core.keyword.builtin.CallTestCaseKeyword$_callTestCase_closure1.doCall(CallTestCaseKeyword.groovy:59)
	at com.kms.katalon.core.keyword.builtin.CallTestCaseKeyword$_callTestCase_closure1.call(CallTestCaseKeyword.groovy)
	at com.kms.katalon.core.keyword.internal.KeywordMain.runKeyword(KeywordMain.groovy:54)
	at com.kms.katalon.core.keyword.builtin.CallTestCaseKeyword.callTestCase(CallTestCaseKeyword.groovy:80)
	at com.kms.katalon.core.keyword.builtin.CallTestCaseKeyword.execute(CallTestCaseKeyword.groovy:44)
	at com.kms.katalon.core.keyword.internal.KeywordExecutor.executeKeywordForPlatform(KeywordExecutor.groovy:53)
	at com.kms.katalon.core.keyword.BuiltinKeywords.callTestCase(BuiltinKeywords.groovy:334)
	at Same branch - EIO.run(Same branch - EIO:16)
	at com.kms.katalon.core.main.ScriptEngine.run(ScriptEngine.java:194)
	at com.kms.katalon.core.main.ScriptEngine.runScriptAsRawText(ScriptEngine.java:119)
	at com.kms.katalon.core.main.TestCaseExecutor.runScript(TestCaseExecutor.java:328)
	at com.kms.katalon.core.main.TestCaseExecutor.doExecute(TestCaseExecutor.java:319)
	at com.kms.katalon.core.main.TestCaseExecutor.processExecutionPhase(TestCaseExecutor.java:298)
	at com.kms.katalon.core.main.TestCaseExecutor.accessMainPhase(TestCaseExecutor.java:290)
	at com.kms.katalon.core.main.TestCaseExecutor.execute(TestCaseExecutor.java:224)
	at com.kms.katalon.core.main.TestSuiteExecutor.accessTestCaseMainPhase(TestSuiteExecutor.java:129)
	at com.kms.katalon.core.main.TestSuiteExecutor.accessTestSuiteMainPhase(TestSuiteExecutor.java:112)
	at com.kms.katalon.core.main.TestSuiteExecutor.execute(TestSuiteExecutor.java:81)
	at com.kms.katalon.core.main.TestCaseMain.startTestSuite(TestCaseMain.java:149)
	at com.kms.katalon.core.main.TestCaseMain$startTestSuite$0.call(Unknown Source)
	at TempTestSuite1550652525208.run(TempTestSuite1550652525208.groovy:36)


2019-02-20 18:17:42 - [MESSAGE][FAILED] - Unable to call Test Case 'Test Cases/All TC/Arranged/3. Unit/EI/Form 7_default/OTC_Submit Form 7_Section F-G-H - Cheque' (Root cause: com.kms.katalon.core.exception.StepFailedException: Call Test Case 'Test Cases/All TC/Arranged/3. Unit/EI/Form 7_default/OTC_Submit Form 7_Section F-G-H - Cheque' failed)

2019-02-20 18:17:42 - [MESSAGE][FAILED] - callTestCase(findTestCase("All TC/Arranged/3. Unit/EI/Form 7_default/OTC_Submit Form 7_Section F-G-H - Cheque"), [:], STOP_ON_FAILURE) FAILED.
Reason:
com.kms.katalon.core.exception.StepFailedException: Unable to click on object 'Object Repository/KeatMun/Form 7_default/OTC_Submit Form 7_Section F-G-H/Page_PERKESO/G2. span_Isteri' (Root cause: com.kms.katalon.core.webui.exception.WebElementNotFoundException: Web element with id: 'Object Repository/KeatMun/Form 7_default/OTC_Submit Form 7_Section F-G-H/Page_PERKESO/G2. span_Isteri' located by 'By.xpath: //span[@id = 'select2-dependentList0dependentRelationId-container' and @title = 'Isteri' and (text() = 'Isteri' or . = 'Isteri')]' not found)
	at com.kms.katalon.core.keyword.internal.KeywordMain.stepFailed(KeywordMain.groovy:36)
	at com.kms.katalon.core.webui.keyword.internal.WebUIKeywordMain.stepFailed(WebUIKeywordMain.groovy:65)
	at com.kms.katalon.core.webui.keyword.internal.WebUIKeywordMain.runKeyword(WebUIKeywordMain.groovy:27)
	at com.kms.katalon.core.webui.keyword.builtin.ClickKeyword.click(ClickKeyword.groovy:86)
	at com.kms.katalon.core.webui.keyword.builtin.ClickKeyword.execute(ClickKeyword.groovy:67)
	at com.kms.katalon.core.keyword.internal.KeywordExecutor.executeKeywordForPlatform(KeywordExecutor.groovy:53)
	at com.kms.katalon.core.webui.keyword.WebUiBuiltInKeywords.click(WebUiBuiltInKeywords.groovy:616)
	at com.kms.katalon.core.webui.keyword.WebUiBuiltInKeywords$click$3.call(Unknown Source)
	at OTC_Submit Form 7_Section F-G-H - Cheque.run(OTC_Submit Form 7_Section F-G-H - Cheque:41)
	at com.kms.katalon.core.main.ScriptEngine.run(ScriptEngine.java:194)
	at com.kms.katalon.core.main.ScriptEngine.runScriptAsRawText(ScriptEngine.java:119)
	at com.kms.katalon.core.main.TestCaseExecutor.runScript(TestCaseExecutor.java:328)
	at com.kms.katalon.core.main.TestCaseExecutor.doExecute(TestCaseExecutor.java:319)
	at com.kms.katalon.core.main.TestCaseExecutor.processExecutionPhase(TestCaseExecutor.java:298)
	at com.kms.katalon.core.main.TestCaseExecutor.accessMainPhase(TestCaseExecutor.java:290)
	at com.kms.katalon.core.main.TestCaseExecutor.execute(TestCaseExecutor.java:224)
	at com.kms.katalon.core.main.TestCaseMain.runTestCase(TestCaseMain.java:106)
	at com.kms.katalon.core.keyword.builtin.CallTestCaseKeyword$_callTestCase_closure1.doCall(CallTestCaseKeyword.groovy:59)
	at com.kms.katalon.core.keyword.builtin.CallTestCaseKeyword$_callTestCase_closure1.call(CallTestCaseKeyword.groovy)
	at com.kms.katalon.core.keyword.internal.KeywordMain.runKeyword(KeywordMain.groovy:54)
	at com.kms.katalon.core.keyword.builtin.CallTestCaseKeyword.callTestCase(CallTestCaseKeyword.groovy:80)
	at com.kms.katalon.core.keyword.builtin.CallTestCaseKeyword.execute(CallTestCaseKeyword.groovy:44)
	at com.kms.katalon.core.keyword.internal.KeywordExecutor.executeKeywordForPlatform(KeywordExecutor.groovy:53)
	at com.kms.katalon.core.keyword.BuiltinKeywords.callTestCase(BuiltinKeywords.groovy:334)
	at OTC_Submit Form 7_End to End - Cheque.run(OTC_Submit Form 7_End to End - Cheque:26)
	at com.kms.katalon.core.main.ScriptEngine.run(ScriptEngine.java:194)
	at com.kms.katalon.core.main.ScriptEngine.runScriptAsRawText(ScriptEngine.java:119)
	at com.kms.katalon.core.main.TestCaseExecutor.runScript(TestCaseExecutor.java:328)
	at com.kms.katalon.core.main.TestCaseExecutor.doExecute(TestCaseExecutor.java:319)
	at com.kms.katalon.core.main.TestCaseExecutor.processExecutionPhase(TestCaseExecutor.java:298)
	at com.kms.katalon.core.main.TestCaseExecutor.accessMainPhase(TestCaseExecutor.java:290)
	at com.kms.katalon.core.main.TestCaseExecutor.execute(TestCaseExecutor.java:224)
	at com.kms.katalon.core.main.TestCaseMain.runTestCase(TestCaseMain.java:106)
	at com.kms.katalon.core.keyword.builtin.CallTestCaseKeyword$_callTestCase_closure1.doCall(CallTestCaseKeyword.groovy:59)
	at com.kms.katalon.core.keyword.builtin.CallTestCaseKeyword$_callTestCase_closure1.call(CallTestCaseKeyword.groovy)
	at com.kms.katalon.core.keyword.internal.KeywordMain.runKeyword(KeywordMain.groovy:54)
	at com.kms.katalon.core.keyword.builtin.CallTestCaseKeyword.callTestCase(CallTestCaseKeyword.groovy:80)
	at com.kms.katalon.core.keyword.builtin.CallTestCaseKeyword.execute(CallTestCaseKeyword.groovy:44)
	at com.kms.katalon.core.keyword.internal.KeywordExecutor.executeKeywordForPlatform(KeywordExecutor.groovy:53)
	at com.kms.katalon.core.keyword.BuiltinKeywords.callTestCase(BuiltinKeywords.groovy:334)
	at Same branch - EIO.run(Same branch - EIO:16)
	at com.kms.katalon.core.main.ScriptEngine.run(ScriptEngine.java:194)
	at com.kms.katalon.core.main.ScriptEngine.runScriptAsRawText(ScriptEngine.java:119)
	at com.kms.katalon.core.main.TestCaseExecutor.runScript(TestCaseExecutor.java:328)
	at com.kms.katalon.core.main.TestCaseExecutor.doExecute(TestCaseExecutor.java:319)
	at com.kms.katalon.core.main.TestCaseExecutor.processExecutionPhase(TestCaseExecutor.java:298)
	at com.kms.katalon.core.main.TestCaseExecutor.accessMainPhase(TestCaseExecutor.java:290)
	at com.kms.katalon.core.main.TestCaseExecutor.execute(TestCaseExecutor.java:224)
	at com.kms.katalon.core.main.TestSuiteExecutor.accessTestCaseMainPhase(TestSuiteExecutor.java:129)
	at com.kms.katalon.core.main.TestSuiteExecutor.accessTestSuiteMainPhase(TestSuiteExecutor.java:112)
	at com.kms.katalon.core.main.TestSuiteExecutor.execute(TestSuiteExecutor.java:81)
	at com.kms.katalon.core.main.TestCaseMain.startTestSuite(TestCaseMain.java:149)
	at com.kms.katalon.core.main.TestCaseMain$startTestSuite$0.call(Unknown Source)
	at TempTestSuite1550652525208.run(TempTestSuite1550652525208.groovy:36)


2019-02-20 18:17:43 - [MESSAGE][FAILED] - Unable to call Test Case 'Test Cases/All TC/Arranged/2. Segment/OTC_Submit Form 7_End to End - Cheque' (Root cause: com.kms.katalon.core.exception.StepFailedException: Call Test Case 'Test Cases/All TC/Arranged/2. Segment/OTC_Submit Form 7_End to End - Cheque' failed)

2019-02-20 18:17:43 - [MESSAGE][FAILED] - callTestCase(findTestCase("All TC/Arranged/2. Segment/OTC_Submit Form 7_End to End - Cheque"), [:], STOP_ON_FAILURE) FAILED.
Reason:
com.kms.katalon.core.exception.StepFailedException: Unable to click on object 'Object Repository/KeatMun/Form 7_default/OTC_Submit Form 7_Section F-G-H/Page_PERKESO/G2. span_Isteri' (Root cause: com.kms.katalon.core.webui.exception.WebElementNotFoundException: Web element with id: 'Object Repository/KeatMun/Form 7_default/OTC_Submit Form 7_Section F-G-H/Page_PERKESO/G2. span_Isteri' located by 'By.xpath: //span[@id = 'select2-dependentList0dependentRelationId-container' and @title = 'Isteri' and (text() = 'Isteri' or . = 'Isteri')]' not found)
	at com.kms.katalon.core.keyword.internal.KeywordMain.stepFailed(KeywordMain.groovy:36)
	at com.kms.katalon.core.webui.keyword.internal.WebUIKeywordMain.stepFailed(WebUIKeywordMain.groovy:65)
	at com.kms.katalon.core.webui.keyword.internal.WebUIKeywordMain.runKeyword(WebUIKeywordMain.groovy:27)
	at com.kms.katalon.core.webui.keyword.builtin.ClickKeyword.click(ClickKeyword.groovy:86)
	at com.kms.katalon.core.webui.keyword.builtin.ClickKeyword.execute(ClickKeyword.groovy:67)
	at com.kms.katalon.core.keyword.internal.KeywordExecutor.executeKeywordForPlatform(KeywordExecutor.groovy:53)
	at com.kms.katalon.core.webui.keyword.WebUiBuiltInKeywords.click(WebUiBuiltInKeywords.groovy:616)
	at com.kms.katalon.core.webui.keyword.WebUiBuiltInKeywords$click$3.call(Unknown Source)
	at OTC_Submit Form 7_Section F-G-H - Cheque.run(OTC_Submit Form 7_Section F-G-H - Cheque:41)
	at com.kms.katalon.core.main.ScriptEngine.run(ScriptEngine.java:194)
	at com.kms.katalon.core.main.ScriptEngine.runScriptAsRawText(ScriptEngine.java:119)
	at com.kms.katalon.core.main.TestCaseExecutor.runScript(TestCaseExecutor.java:328)
	at com.kms.katalon.core.main.TestCaseExecutor.doExecute(TestCaseExecutor.java:319)
	at com.kms.katalon.core.main.TestCaseExecutor.processExecutionPhase(TestCaseExecutor.java:298)
	at com.kms.katalon.core.main.TestCaseExecutor.accessMainPhase(TestCaseExecutor.java:290)
	at com.kms.katalon.core.main.TestCaseExecutor.execute(TestCaseExecutor.java:224)
	at com.kms.katalon.core.main.TestCaseMain.runTestCase(TestCaseMain.java:106)
	at com.kms.katalon.core.keyword.builtin.CallTestCaseKeyword$_callTestCase_closure1.doCall(CallTestCaseKeyword.groovy:59)
	at com.kms.katalon.core.keyword.builtin.CallTestCaseKeyword$_callTestCase_closure1.call(CallTestCaseKeyword.groovy)
	at com.kms.katalon.core.keyword.internal.KeywordMain.runKeyword(KeywordMain.groovy:54)
	at com.kms.katalon.core.keyword.builtin.CallTestCaseKeyword.callTestCase(CallTestCaseKeyword.groovy:80)
	at com.kms.katalon.core.keyword.builtin.CallTestCaseKeyword.execute(CallTestCaseKeyword.groovy:44)
	at com.kms.katalon.core.keyword.internal.KeywordExecutor.executeKeywordForPlatform(KeywordExecutor.groovy:53)
	at com.kms.katalon.core.keyword.BuiltinKeywords.callTestCase(BuiltinKeywords.groovy:334)
	at OTC_Submit Form 7_End to End - Cheque.run(OTC_Submit Form 7_End to End - Cheque:26)
	at com.kms.katalon.core.main.ScriptEngine.run(ScriptEngine.java:194)
	at com.kms.katalon.core.main.ScriptEngine.runScriptAsRawText(ScriptEngine.java:119)
	at com.kms.katalon.core.main.TestCaseExecutor.runScript(TestCaseExecutor.java:328)
	at com.kms.katalon.core.main.TestCaseExecutor.doExecute(TestCaseExecutor.java:319)
	at com.kms.katalon.core.main.TestCaseExecutor.processExecutionPhase(TestCaseExecutor.java:298)
	at com.kms.katalon.core.main.TestCaseExecutor.accessMainPhase(TestCaseExecutor.java:290)
	at com.kms.katalon.core.main.TestCaseExecutor.execute(TestCaseExecutor.java:224)
	at com.kms.katalon.core.main.TestCaseMain.runTestCase(TestCaseMain.java:106)
	at com.kms.katalon.core.keyword.builtin.CallTestCaseKeyword$_callTestCase_closure1.doCall(CallTestCaseKeyword.groovy:59)
	at com.kms.katalon.core.keyword.builtin.CallTestCaseKeyword$_callTestCase_closure1.call(CallTestCaseKeyword.groovy)
	at com.kms.katalon.core.keyword.internal.KeywordMain.runKeyword(KeywordMain.groovy:54)
	at com.kms.katalon.core.keyword.builtin.CallTestCaseKeyword.callTestCase(CallTestCaseKeyword.groovy:80)
	at com.kms.katalon.core.keyword.builtin.CallTestCaseKeyword.execute(CallTestCaseKeyword.groovy:44)
	at com.kms.katalon.core.keyword.internal.KeywordExecutor.executeKeywordForPlatform(KeywordExecutor.groovy:53)
	at com.kms.katalon.core.keyword.BuiltinKeywords.callTestCase(BuiltinKeywords.groovy:334)
	at Same branch - EIO.run(Same branch - EIO:16)
	at com.kms.katalon.core.main.ScriptEngine.run(ScriptEngine.java:194)
	at com.kms.katalon.core.main.ScriptEngine.runScriptAsRawText(ScriptEngine.java:119)
	at com.kms.katalon.core.main.TestCaseExecutor.runScript(TestCaseExecutor.java:328)
	at com.kms.katalon.core.main.TestCaseExecutor.doExecute(TestCaseExecutor.java:319)
	at com.kms.katalon.core.main.TestCaseExecutor.processExecutionPhase(TestCaseExecutor.java:298)
	at com.kms.katalon.core.main.TestCaseExecutor.accessMainPhase(TestCaseExecutor.java:290)
	at com.kms.katalon.core.main.TestCaseExecutor.execute(TestCaseExecutor.java:224)
	at com.kms.katalon.core.main.TestSuiteExecutor.accessTestCaseMainPhase(TestSuiteExecutor.java:129)
	at com.kms.katalon.core.main.TestSuiteExecutor.accessTestSuiteMainPhase(TestSuiteExecutor.java:112)
	at com.kms.katalon.core.main.TestSuiteExecutor.execute(TestSuiteExecutor.java:81)
	at com.kms.katalon.core.main.TestCaseMain.startTestSuite(TestCaseMain.java:149)
	at com.kms.katalon.core.main.TestCaseMain$startTestSuite$0.call(Unknown Source)
	at TempTestSuite1550652525208.run(TempTestSuite1550652525208.groovy:36)]]></system-out>
         <system-err><![CDATA[2019-02-20 18:07:57 - [TEST_CASE][FAILED] - Test Cases/All TC/Arranged/0. Full Flow/Query/Same branch - EIO: Test Cases/All TC/Arranged/0. Full Flow/Query/Same branch - EIO FAILED.
Reason:
com.kms.katalon.core.exception.StepFailedException: Unable to click on object 'Object Repository/KeatMun/Form 7_default/OTC_Submit Form 7_Section F-G-H/Page_PERKESO/G2. span_Isteri' (Root cause: com.kms.katalon.core.webui.exception.WebElementNotFoundException: Web element with id: 'Object Repository/KeatMun/Form 7_default/OTC_Submit Form 7_Section F-G-H/Page_PERKESO/G2. span_Isteri' located by 'By.xpath: //span[@id = 'select2-dependentList0dependentRelationId-container' and @title = 'Isteri' and (text() = 'Isteri' or . = 'Isteri')]' not found)
	at com.kms.katalon.core.keyword.internal.KeywordMain.stepFailed(KeywordMain.groovy:36)
	at com.kms.katalon.core.webui.keyword.internal.WebUIKeywordMain.stepFailed(WebUIKeywordMain.groovy:65)
	at com.kms.katalon.core.webui.keyword.internal.WebUIKeywordMain.runKeyword(WebUIKeywordMain.groovy:27)
	at com.kms.katalon.core.webui.keyword.builtin.ClickKeyword.click(ClickKeyword.groovy:86)
	at com.kms.katalon.core.webui.keyword.builtin.ClickKeyword.execute(ClickKeyword.groovy:67)
	at com.kms.katalon.core.keyword.internal.KeywordExecutor.executeKeywordForPlatform(KeywordExecutor.groovy:53)
	at com.kms.katalon.core.webui.keyword.WebUiBuiltInKeywords.click(WebUiBuiltInKeywords.groovy:616)
	at com.kms.katalon.core.webui.keyword.WebUiBuiltInKeywords$click$3.call(Unknown Source)
	at OTC_Submit Form 7_Section F-G-H - Cheque.run(OTC_Submit Form 7_Section F-G-H - Cheque:41)
	at com.kms.katalon.core.main.ScriptEngine.run(ScriptEngine.java:194)
	at com.kms.katalon.core.main.ScriptEngine.runScriptAsRawText(ScriptEngine.java:119)
	at com.kms.katalon.core.main.TestCaseExecutor.runScript(TestCaseExecutor.java:328)
	at com.kms.katalon.core.main.TestCaseExecutor.doExecute(TestCaseExecutor.java:319)
	at com.kms.katalon.core.main.TestCaseExecutor.processExecutionPhase(TestCaseExecutor.java:298)
	at com.kms.katalon.core.main.TestCaseExecutor.accessMainPhase(TestCaseExecutor.java:290)
	at com.kms.katalon.core.main.TestCaseExecutor.execute(TestCaseExecutor.java:224)
	at com.kms.katalon.core.main.TestCaseMain.runTestCase(TestCaseMain.java:106)
	at com.kms.katalon.core.keyword.builtin.CallTestCaseKeyword$_callTestCase_closure1.doCall(CallTestCaseKeyword.groovy:59)
	at com.kms.katalon.core.keyword.builtin.CallTestCaseKeyword$_callTestCase_closure1.call(CallTestCaseKeyword.groovy)
	at com.kms.katalon.core.keyword.internal.KeywordMain.runKeyword(KeywordMain.groovy:54)
	at com.kms.katalon.core.keyword.builtin.CallTestCaseKeyword.callTestCase(CallTestCaseKeyword.groovy:80)
	at com.kms.katalon.core.keyword.builtin.CallTestCaseKeyword.execute(CallTestCaseKeyword.groovy:44)
	at com.kms.katalon.core.keyword.internal.KeywordExecutor.executeKeywordForPlatform(KeywordExecutor.groovy:53)
	at com.kms.katalon.core.keyword.BuiltinKeywords.callTestCase(BuiltinKeywords.groovy:334)
	at OTC_Submit Form 7_End to End - Cheque.run(OTC_Submit Form 7_End to End - Cheque:26)
	at com.kms.katalon.core.main.ScriptEngine.run(ScriptEngine.java:194)
	at com.kms.katalon.core.main.ScriptEngine.runScriptAsRawText(ScriptEngine.java:119)
	at com.kms.katalon.core.main.TestCaseExecutor.runScript(TestCaseExecutor.java:328)
	at com.kms.katalon.core.main.TestCaseExecutor.doExecute(TestCaseExecutor.java:319)
	at com.kms.katalon.core.main.TestCaseExecutor.processExecutionPhase(TestCaseExecutor.java:298)
	at com.kms.katalon.core.main.TestCaseExecutor.accessMainPhase(TestCaseExecutor.java:290)
	at com.kms.katalon.core.main.TestCaseExecutor.execute(TestCaseExecutor.java:224)
	at com.kms.katalon.core.main.TestCaseMain.runTestCase(TestCaseMain.java:106)
	at com.kms.katalon.core.keyword.builtin.CallTestCaseKeyword$_callTestCase_closure1.doCall(CallTestCaseKeyword.groovy:59)
	at com.kms.katalon.core.keyword.builtin.CallTestCaseKeyword$_callTestCase_closure1.call(CallTestCaseKeyword.groovy)
	at com.kms.katalon.core.keyword.internal.KeywordMain.runKeyword(KeywordMain.groovy:54)
	at com.kms.katalon.core.keyword.builtin.CallTestCaseKeyword.callTestCase(CallTestCaseKeyword.groovy:80)
	at com.kms.katalon.core.keyword.builtin.CallTestCaseKeyword.execute(CallTestCaseKeyword.groovy:44)
	at com.kms.katalon.core.keyword.internal.KeywordExecutor.executeKeywordForPlatform(KeywordExecutor.groovy:53)
	at com.kms.katalon.core.keyword.BuiltinKeywords.callTestCase(BuiltinKeywords.groovy:334)
	at Same branch - EIO.run(Same branch - EIO:16)
	at com.kms.katalon.core.main.ScriptEngine.run(ScriptEngine.java:194)
	at com.kms.katalon.core.main.ScriptEngine.runScriptAsRawText(ScriptEngine.java:119)
	at com.kms.katalon.core.main.TestCaseExecutor.runScript(TestCaseExecutor.java:328)
	at com.kms.katalon.core.main.TestCaseExecutor.doExecute(TestCaseExecutor.java:319)
	at com.kms.katalon.core.main.TestCaseExecutor.processExecutionPhase(TestCaseExecutor.java:298)
	at com.kms.katalon.core.main.TestCaseExecutor.accessMainPhase(TestCaseExecutor.java:290)
	at com.kms.katalon.core.main.TestCaseExecutor.execute(TestCaseExecutor.java:224)
	at com.kms.katalon.core.main.TestSuiteExecutor.accessTestCaseMainPhase(TestSuiteExecutor.java:129)
	at com.kms.katalon.core.main.TestSuiteExecutor.accessTestSuiteMainPhase(TestSuiteExecutor.java:112)
	at com.kms.katalon.core.main.TestSuiteExecutor.execute(TestSuiteExecutor.java:81)
	at com.kms.katalon.core.main.TestCaseMain.startTestSuite(TestCaseMain.java:149)
	at com.kms.katalon.core.main.TestCaseMain$startTestSuite$0.call(Unknown Source)
	at TempTestSuite1550652525208.run(TempTestSuite1550652525208.groovy:36)]]></system-err>
      </testcase>
      <testcase name="Test Cases/All TC/Arranged/0. Full Flow/Query/Same branch - EI Clerk" classname="Test Cases/All TC/Arranged/0. Full Flow/Query/Same branch - EI Clerk" status="FAILED">
         <failure type="FAILED" message="Test Cases/All TC/Arranged/0. Full Flow/Query/Same branch - EI Clerk FAILED.
Reason:
com.kms.katalon.core.exception.StepFailedException: Unable to click on object 'Object Repository/KeatMun/Form 7_default/OTC_Submit Form 7_Section F-G-H/Page_PERKESO/G2. span_Isteri' (Root cause: com.kms.katalon.core.webui.exception.WebElementNotFoundException: Web element with id: 'Object Repository/KeatMun/Form 7_default/OTC_Submit Form 7_Section F-G-H/Page_PERKESO/G2. span_Isteri' located by 'By.xpath: //span[@id = 'select2-dependentList0dependentRelationId-container' and @title = 'Isteri' and (text() = 'Isteri' or . = 'Isteri')]' not found)
	at com.kms.katalon.core.keyword.internal.KeywordMain.stepFailed(KeywordMain.groovy:36)
	at com.kms.katalon.core.webui.keyword.internal.WebUIKeywordMain.stepFailed(WebUIKeywordMain.groovy:65)
	at com.kms.katalon.core.webui.keyword.internal.WebUIKeywordMain.runKeyword(WebUIKeywordMain.groovy:27)
	at com.kms.katalon.core.webui.keyword.builtin.ClickKeyword.click(ClickKeyword.groovy:86)
	at com.kms.katalon.core.webui.keyword.builtin.ClickKeyword.execute(ClickKeyword.groovy:67)
	at com.kms.katalon.core.keyword.internal.KeywordExecutor.executeKeywordForPlatform(KeywordExecutor.groovy:53)
	at com.kms.katalon.core.webui.keyword.WebUiBuiltInKeywords.click(WebUiBuiltInKeywords.groovy:616)
	at com.kms.katalon.core.webui.keyword.WebUiBuiltInKeywords$click$3.call(Unknown Source)
	at OTC_Submit Form 7_Section F-G-H - Cheque.run(OTC_Submit Form 7_Section F-G-H - Cheque:41)
	at com.kms.katalon.core.main.ScriptEngine.run(ScriptEngine.java:194)
	at com.kms.katalon.core.main.ScriptEngine.runScriptAsRawText(ScriptEngine.java:119)
	at com.kms.katalon.core.main.TestCaseExecutor.runScript(TestCaseExecutor.java:328)
	at com.kms.katalon.core.main.TestCaseExecutor.doExecute(TestCaseExecutor.java:319)
	at com.kms.katalon.core.main.TestCaseExecutor.processExecutionPhase(TestCaseExecutor.java:298)
	at com.kms.katalon.core.main.TestCaseExecutor.accessMainPhase(TestCaseExecutor.java:290)
	at com.kms.katalon.core.main.TestCaseExecutor.execute(TestCaseExecutor.java:224)
	at com.kms.katalon.core.main.TestCaseMain.runTestCase(TestCaseMain.java:106)
	at com.kms.katalon.core.keyword.builtin.CallTestCaseKeyword$_callTestCase_closure1.doCall(CallTestCaseKeyword.groovy:59)
	at com.kms.katalon.core.keyword.builtin.CallTestCaseKeyword$_callTestCase_closure1.call(CallTestCaseKeyword.groovy)
	at com.kms.katalon.core.keyword.internal.KeywordMain.runKeyword(KeywordMain.groovy:54)
	at com.kms.katalon.core.keyword.builtin.CallTestCaseKeyword.callTestCase(CallTestCaseKeyword.groovy:80)
	at com.kms.katalon.core.keyword.builtin.CallTestCaseKeyword.execute(CallTestCaseKeyword.groovy:44)
	at com.kms.katalon.core.keyword.internal.KeywordExecutor.executeKeywordForPlatform(KeywordExecutor.groovy:53)
	at com.kms.katalon.core.keyword.BuiltinKeywords.callTestCase(BuiltinKeywords.groovy:334)
	at OTC_Submit Form 7_End to End - Cheque.run(OTC_Submit Form 7_End to End - Cheque:26)
	at com.kms.katalon.core.main.ScriptEngine.run(ScriptEngine.java:194)
	at com.kms.katalon.core.main.ScriptEngine.runScriptAsRawText(ScriptEngine.java:119)
	at com.kms.katalon.core.main.TestCaseExecutor.runScript(TestCaseExecutor.java:328)
	at com.kms.katalon.core.main.TestCaseExecutor.doExecute(TestCaseExecutor.java:319)
	at com.kms.katalon.core.main.TestCaseExecutor.processExecutionPhase(TestCaseExecutor.java:298)
	at com.kms.katalon.core.main.TestCaseExecutor.accessMainPhase(TestCaseExecutor.java:290)
	at com.kms.katalon.core.main.TestCaseExecutor.execute(TestCaseExecutor.java:224)
	at com.kms.katalon.core.main.TestCaseMain.runTestCase(TestCaseMain.java:106)
	at com.kms.katalon.core.keyword.builtin.CallTestCaseKeyword$_callTestCase_closure1.doCall(CallTestCaseKeyword.groovy:59)
	at com.kms.katalon.core.keyword.builtin.CallTestCaseKeyword$_callTestCase_closure1.call(CallTestCaseKeyword.groovy)
	at com.kms.katalon.core.keyword.internal.KeywordMain.runKeyword(KeywordMain.groovy:54)
	at com.kms.katalon.core.keyword.builtin.CallTestCaseKeyword.callTestCase(CallTestCaseKeyword.groovy:80)
	at com.kms.katalon.core.keyword.builtin.CallTestCaseKeyword.execute(CallTestCaseKeyword.groovy:44)
	at com.kms.katalon.core.keyword.internal.KeywordExecutor.executeKeywordForPlatform(KeywordExecutor.groovy:53)
	at com.kms.katalon.core.keyword.BuiltinKeywords.callTestCase(BuiltinKeywords.groovy:334)
	at Same branch - EI Clerk.run(Same branch - EI Clerk:16)
	at com.kms.katalon.core.main.ScriptEngine.run(ScriptEngine.java:194)
	at com.kms.katalon.core.main.ScriptEngine.runScriptAsRawText(ScriptEngine.java:119)
	at com.kms.katalon.core.main.TestCaseExecutor.runScript(TestCaseExecutor.java:328)
	at com.kms.katalon.core.main.TestCaseExecutor.doExecute(TestCaseExecutor.java:319)
	at com.kms.katalon.core.main.TestCaseExecutor.processExecutionPhase(TestCaseExecutor.java:298)
	at com.kms.katalon.core.main.TestCaseExecutor.accessMainPhase(TestCaseExecutor.java:290)
	at com.kms.katalon.core.main.TestCaseExecutor.execute(TestCaseExecutor.java:224)
	at com.kms.katalon.core.main.TestSuiteExecutor.accessTestCaseMainPhase(TestSuiteExecutor.java:129)
	at com.kms.katalon.core.main.TestSuiteExecutor.accessTestSuiteMainPhase(TestSuiteExecutor.java:112)
	at com.kms.katalon.core.main.TestSuiteExecutor.execute(TestSuiteExecutor.java:81)
	at com.kms.katalon.core.main.TestCaseMain.startTestSuite(TestCaseMain.java:149)
	at com.kms.katalon.core.main.TestCaseMain$startTestSuite$0.call(Unknown Source)
	at TempTestSuite1550652525208.run(TempTestSuite1550652525208.groovy:36)
"/>
         <system-out><![CDATA[2019-02-20 18:17:44 - [TEST_CASE][FAILED] - Test Cases/All TC/Arranged/0. Full Flow/Query/Same branch - EI Clerk: Test Cases/All TC/Arranged/0. Full Flow/Query/Same branch - EI Clerk FAILED.
Reason:
com.kms.katalon.core.exception.StepFailedException: Unable to click on object 'Object Repository/KeatMun/Form 7_default/OTC_Submit Form 7_Section F-G-H/Page_PERKESO/G2. span_Isteri' (Root cause: com.kms.katalon.core.webui.exception.WebElementNotFoundException: Web element with id: 'Object Repository/KeatMun/Form 7_default/OTC_Submit Form 7_Section F-G-H/Page_PERKESO/G2. span_Isteri' located by 'By.xpath: //span[@id = 'select2-dependentList0dependentRelationId-container' and @title = 'Isteri' and (text() = 'Isteri' or . = 'Isteri')]' not found)
	at com.kms.katalon.core.keyword.internal.KeywordMain.stepFailed(KeywordMain.groovy:36)
	at com.kms.katalon.core.webui.keyword.internal.WebUIKeywordMain.stepFailed(WebUIKeywordMain.groovy:65)
	at com.kms.katalon.core.webui.keyword.internal.WebUIKeywordMain.runKeyword(WebUIKeywordMain.groovy:27)
	at com.kms.katalon.core.webui.keyword.builtin.ClickKeyword.click(ClickKeyword.groovy:86)
	at com.kms.katalon.core.webui.keyword.builtin.ClickKeyword.execute(ClickKeyword.groovy:67)
	at com.kms.katalon.core.keyword.internal.KeywordExecutor.executeKeywordForPlatform(KeywordExecutor.groovy:53)
	at com.kms.katalon.core.webui.keyword.WebUiBuiltInKeywords.click(WebUiBuiltInKeywords.groovy:616)
	at com.kms.katalon.core.webui.keyword.WebUiBuiltInKeywords$click$3.call(Unknown Source)
	at OTC_Submit Form 7_Section F-G-H - Cheque.run(OTC_Submit Form 7_Section F-G-H - Cheque:41)
	at com.kms.katalon.core.main.ScriptEngine.run(ScriptEngine.java:194)
	at com.kms.katalon.core.main.ScriptEngine.runScriptAsRawText(ScriptEngine.java:119)
	at com.kms.katalon.core.main.TestCaseExecutor.runScript(TestCaseExecutor.java:328)
	at com.kms.katalon.core.main.TestCaseExecutor.doExecute(TestCaseExecutor.java:319)
	at com.kms.katalon.core.main.TestCaseExecutor.processExecutionPhase(TestCaseExecutor.java:298)
	at com.kms.katalon.core.main.TestCaseExecutor.accessMainPhase(TestCaseExecutor.java:290)
	at com.kms.katalon.core.main.TestCaseExecutor.execute(TestCaseExecutor.java:224)
	at com.kms.katalon.core.main.TestCaseMain.runTestCase(TestCaseMain.java:106)
	at com.kms.katalon.core.keyword.builtin.CallTestCaseKeyword$_callTestCase_closure1.doCall(CallTestCaseKeyword.groovy:59)
	at com.kms.katalon.core.keyword.builtin.CallTestCaseKeyword$_callTestCase_closure1.call(CallTestCaseKeyword.groovy)
	at com.kms.katalon.core.keyword.internal.KeywordMain.runKeyword(KeywordMain.groovy:54)
	at com.kms.katalon.core.keyword.builtin.CallTestCaseKeyword.callTestCase(CallTestCaseKeyword.groovy:80)
	at com.kms.katalon.core.keyword.builtin.CallTestCaseKeyword.execute(CallTestCaseKeyword.groovy:44)
	at com.kms.katalon.core.keyword.internal.KeywordExecutor.executeKeywordForPlatform(KeywordExecutor.groovy:53)
	at com.kms.katalon.core.keyword.BuiltinKeywords.callTestCase(BuiltinKeywords.groovy:334)
	at OTC_Submit Form 7_End to End - Cheque.run(OTC_Submit Form 7_End to End - Cheque:26)
	at com.kms.katalon.core.main.ScriptEngine.run(ScriptEngine.java:194)
	at com.kms.katalon.core.main.ScriptEngine.runScriptAsRawText(ScriptEngine.java:119)
	at com.kms.katalon.core.main.TestCaseExecutor.runScript(TestCaseExecutor.java:328)
	at com.kms.katalon.core.main.TestCaseExecutor.doExecute(TestCaseExecutor.java:319)
	at com.kms.katalon.core.main.TestCaseExecutor.processExecutionPhase(TestCaseExecutor.java:298)
	at com.kms.katalon.core.main.TestCaseExecutor.accessMainPhase(TestCaseExecutor.java:290)
	at com.kms.katalon.core.main.TestCaseExecutor.execute(TestCaseExecutor.java:224)
	at com.kms.katalon.core.main.TestCaseMain.runTestCase(TestCaseMain.java:106)
	at com.kms.katalon.core.keyword.builtin.CallTestCaseKeyword$_callTestCase_closure1.doCall(CallTestCaseKeyword.groovy:59)
	at com.kms.katalon.core.keyword.builtin.CallTestCaseKeyword$_callTestCase_closure1.call(CallTestCaseKeyword.groovy)
	at com.kms.katalon.core.keyword.internal.KeywordMain.runKeyword(KeywordMain.groovy:54)
	at com.kms.katalon.core.keyword.builtin.CallTestCaseKeyword.callTestCase(CallTestCaseKeyword.groovy:80)
	at com.kms.katalon.core.keyword.builtin.CallTestCaseKeyword.execute(CallTestCaseKeyword.groovy:44)
	at com.kms.katalon.core.keyword.internal.KeywordExecutor.executeKeywordForPlatform(KeywordExecutor.groovy:53)
	at com.kms.katalon.core.keyword.BuiltinKeywords.callTestCase(BuiltinKeywords.groovy:334)
	at Same branch - EI Clerk.run(Same branch - EI Clerk:16)
	at com.kms.katalon.core.main.ScriptEngine.run(ScriptEngine.java:194)
	at com.kms.katalon.core.main.ScriptEngine.runScriptAsRawText(ScriptEngine.java:119)
	at com.kms.katalon.core.main.TestCaseExecutor.runScript(TestCaseExecutor.java:328)
	at com.kms.katalon.core.main.TestCaseExecutor.doExecute(TestCaseExecutor.java:319)
	at com.kms.katalon.core.main.TestCaseExecutor.processExecutionPhase(TestCaseExecutor.java:298)
	at com.kms.katalon.core.main.TestCaseExecutor.accessMainPhase(TestCaseExecutor.java:290)
	at com.kms.katalon.core.main.TestCaseExecutor.execute(TestCaseExecutor.java:224)
	at com.kms.katalon.core.main.TestSuiteExecutor.accessTestCaseMainPhase(TestSuiteExecutor.java:129)
	at com.kms.katalon.core.main.TestSuiteExecutor.accessTestSuiteMainPhase(TestSuiteExecutor.java:112)
	at com.kms.katalon.core.main.TestSuiteExecutor.execute(TestSuiteExecutor.java:81)
	at com.kms.katalon.core.main.TestCaseMain.startTestSuite(TestCaseMain.java:149)
	at com.kms.katalon.core.main.TestCaseMain$startTestSuite$0.call(Unknown Source)
	at TempTestSuite1550652525208.run(TempTestSuite1550652525208.groovy:36)


2019-02-20 18:17:44 - [TEST_STEP][FAILED] - callTestCase(findTestCase("All TC/Arranged/2. Segment/OTC_Submit Form 7_End to End - Cheque"), [:], STOP_ON_FAILURE): callTestCase(findTestCase("All TC/Arranged/2. Segment/OTC_Submit Form 7_End to End - Cheque"), [:], STOP_ON_FAILURE) FAILED.
Reason:
com.kms.katalon.core.exception.StepFailedException: Unable to click on object 'Object Repository/KeatMun/Form 7_default/OTC_Submit Form 7_Section F-G-H/Page_PERKESO/G2. span_Isteri' (Root cause: com.kms.katalon.core.webui.exception.WebElementNotFoundException: Web element with id: 'Object Repository/KeatMun/Form 7_default/OTC_Submit Form 7_Section F-G-H/Page_PERKESO/G2. span_Isteri' located by 'By.xpath: //span[@id = 'select2-dependentList0dependentRelationId-container' and @title = 'Isteri' and (text() = 'Isteri' or . = 'Isteri')]' not found)
	at com.kms.katalon.core.keyword.internal.KeywordMain.stepFailed(KeywordMain.groovy:36)
	at com.kms.katalon.core.webui.keyword.internal.WebUIKeywordMain.stepFailed(WebUIKeywordMain.groovy:65)
	at com.kms.katalon.core.webui.keyword.internal.WebUIKeywordMain.runKeyword(WebUIKeywordMain.groovy:27)
	at com.kms.katalon.core.webui.keyword.builtin.ClickKeyword.click(ClickKeyword.groovy:86)
	at com.kms.katalon.core.webui.keyword.builtin.ClickKeyword.execute(ClickKeyword.groovy:67)
	at com.kms.katalon.core.keyword.internal.KeywordExecutor.executeKeywordForPlatform(KeywordExecutor.groovy:53)
	at com.kms.katalon.core.webui.keyword.WebUiBuiltInKeywords.click(WebUiBuiltInKeywords.groovy:616)
	at com.kms.katalon.core.webui.keyword.WebUiBuiltInKeywords$click$3.call(Unknown Source)
	at OTC_Submit Form 7_Section F-G-H - Cheque.run(OTC_Submit Form 7_Section F-G-H - Cheque:41)
	at com.kms.katalon.core.main.ScriptEngine.run(ScriptEngine.java:194)
	at com.kms.katalon.core.main.ScriptEngine.runScriptAsRawText(ScriptEngine.java:119)
	at com.kms.katalon.core.main.TestCaseExecutor.runScript(TestCaseExecutor.java:328)
	at com.kms.katalon.core.main.TestCaseExecutor.doExecute(TestCaseExecutor.java:319)
	at com.kms.katalon.core.main.TestCaseExecutor.processExecutionPhase(TestCaseExecutor.java:298)
	at com.kms.katalon.core.main.TestCaseExecutor.accessMainPhase(TestCaseExecutor.java:290)
	at com.kms.katalon.core.main.TestCaseExecutor.execute(TestCaseExecutor.java:224)
	at com.kms.katalon.core.main.TestCaseMain.runTestCase(TestCaseMain.java:106)
	at com.kms.katalon.core.keyword.builtin.CallTestCaseKeyword$_callTestCase_closure1.doCall(CallTestCaseKeyword.groovy:59)
	at com.kms.katalon.core.keyword.builtin.CallTestCaseKeyword$_callTestCase_closure1.call(CallTestCaseKeyword.groovy)
	at com.kms.katalon.core.keyword.internal.KeywordMain.runKeyword(KeywordMain.groovy:54)
	at com.kms.katalon.core.keyword.builtin.CallTestCaseKeyword.callTestCase(CallTestCaseKeyword.groovy:80)
	at com.kms.katalon.core.keyword.builtin.CallTestCaseKeyword.execute(CallTestCaseKeyword.groovy:44)
	at com.kms.katalon.core.keyword.internal.KeywordExecutor.executeKeywordForPlatform(KeywordExecutor.groovy:53)
	at com.kms.katalon.core.keyword.BuiltinKeywords.callTestCase(BuiltinKeywords.groovy:334)
	at OTC_Submit Form 7_End to End - Cheque.run(OTC_Submit Form 7_End to End - Cheque:26)
	at com.kms.katalon.core.main.ScriptEngine.run(ScriptEngine.java:194)
	at com.kms.katalon.core.main.ScriptEngine.runScriptAsRawText(ScriptEngine.java:119)
	at com.kms.katalon.core.main.TestCaseExecutor.runScript(TestCaseExecutor.java:328)
	at com.kms.katalon.core.main.TestCaseExecutor.doExecute(TestCaseExecutor.java:319)
	at com.kms.katalon.core.main.TestCaseExecutor.processExecutionPhase(TestCaseExecutor.java:298)
	at com.kms.katalon.core.main.TestCaseExecutor.accessMainPhase(TestCaseExecutor.java:290)
	at com.kms.katalon.core.main.TestCaseExecutor.execute(TestCaseExecutor.java:224)
	at com.kms.katalon.core.main.TestCaseMain.runTestCase(TestCaseMain.java:106)
	at com.kms.katalon.core.keyword.builtin.CallTestCaseKeyword$_callTestCase_closure1.doCall(CallTestCaseKeyword.groovy:59)
	at com.kms.katalon.core.keyword.builtin.CallTestCaseKeyword$_callTestCase_closure1.call(CallTestCaseKeyword.groovy)
	at com.kms.katalon.core.keyword.internal.KeywordMain.runKeyword(KeywordMain.groovy:54)
	at com.kms.katalon.core.keyword.builtin.CallTestCaseKeyword.callTestCase(CallTestCaseKeyword.groovy:80)
	at com.kms.katalon.core.keyword.builtin.CallTestCaseKeyword.execute(CallTestCaseKeyword.groovy:44)
	at com.kms.katalon.core.keyword.internal.KeywordExecutor.executeKeywordForPlatform(KeywordExecutor.groovy:53)
	at com.kms.katalon.core.keyword.BuiltinKeywords.callTestCase(BuiltinKeywords.groovy:334)
	at Same branch - EI Clerk.run(Same branch - EI Clerk:16)
	at com.kms.katalon.core.main.ScriptEngine.run(ScriptEngine.java:194)
	at com.kms.katalon.core.main.ScriptEngine.runScriptAsRawText(ScriptEngine.java:119)
	at com.kms.katalon.core.main.TestCaseExecutor.runScript(TestCaseExecutor.java:328)
	at com.kms.katalon.core.main.TestCaseExecutor.doExecute(TestCaseExecutor.java:319)
	at com.kms.katalon.core.main.TestCaseExecutor.processExecutionPhase(TestCaseExecutor.java:298)
	at com.kms.katalon.core.main.TestCaseExecutor.accessMainPhase(TestCaseExecutor.java:290)
	at com.kms.katalon.core.main.TestCaseExecutor.execute(TestCaseExecutor.java:224)
	at com.kms.katalon.core.main.TestSuiteExecutor.accessTestCaseMainPhase(TestSuiteExecutor.java:129)
	at com.kms.katalon.core.main.TestSuiteExecutor.accessTestSuiteMainPhase(TestSuiteExecutor.java:112)
	at com.kms.katalon.core.main.TestSuiteExecutor.execute(TestSuiteExecutor.java:81)
	at com.kms.katalon.core.main.TestCaseMain.startTestSuite(TestCaseMain.java:149)
	at com.kms.katalon.core.main.TestCaseMain$startTestSuite$0.call(Unknown Source)
	at TempTestSuite1550652525208.run(TempTestSuite1550652525208.groovy:36)


2019-02-20 18:17:44 - [TEST_CASE][FAILED] - Test Cases/All TC/Arranged/2. Segment/OTC_Submit Form 7_End to End - Cheque: Test Cases/All TC/Arranged/2. Segment/OTC_Submit Form 7_End to End - Cheque FAILED.
Reason:
com.kms.katalon.core.exception.StepFailedException: Unable to click on object 'Object Repository/KeatMun/Form 7_default/OTC_Submit Form 7_Section F-G-H/Page_PERKESO/G2. span_Isteri' (Root cause: com.kms.katalon.core.webui.exception.WebElementNotFoundException: Web element with id: 'Object Repository/KeatMun/Form 7_default/OTC_Submit Form 7_Section F-G-H/Page_PERKESO/G2. span_Isteri' located by 'By.xpath: //span[@id = 'select2-dependentList0dependentRelationId-container' and @title = 'Isteri' and (text() = 'Isteri' or . = 'Isteri')]' not found)
	at com.kms.katalon.core.keyword.internal.KeywordMain.stepFailed(KeywordMain.groovy:36)
	at com.kms.katalon.core.webui.keyword.internal.WebUIKeywordMain.stepFailed(WebUIKeywordMain.groovy:65)
	at com.kms.katalon.core.webui.keyword.internal.WebUIKeywordMain.runKeyword(WebUIKeywordMain.groovy:27)
	at com.kms.katalon.core.webui.keyword.builtin.ClickKeyword.click(ClickKeyword.groovy:86)
	at com.kms.katalon.core.webui.keyword.builtin.ClickKeyword.execute(ClickKeyword.groovy:67)
	at com.kms.katalon.core.keyword.internal.KeywordExecutor.executeKeywordForPlatform(KeywordExecutor.groovy:53)
	at com.kms.katalon.core.webui.keyword.WebUiBuiltInKeywords.click(WebUiBuiltInKeywords.groovy:616)
	at com.kms.katalon.core.webui.keyword.WebUiBuiltInKeywords$click$3.call(Unknown Source)
	at OTC_Submit Form 7_Section F-G-H - Cheque.run(OTC_Submit Form 7_Section F-G-H - Cheque:41)
	at com.kms.katalon.core.main.ScriptEngine.run(ScriptEngine.java:194)
	at com.kms.katalon.core.main.ScriptEngine.runScriptAsRawText(ScriptEngine.java:119)
	at com.kms.katalon.core.main.TestCaseExecutor.runScript(TestCaseExecutor.java:328)
	at com.kms.katalon.core.main.TestCaseExecutor.doExecute(TestCaseExecutor.java:319)
	at com.kms.katalon.core.main.TestCaseExecutor.processExecutionPhase(TestCaseExecutor.java:298)
	at com.kms.katalon.core.main.TestCaseExecutor.accessMainPhase(TestCaseExecutor.java:290)
	at com.kms.katalon.core.main.TestCaseExecutor.execute(TestCaseExecutor.java:224)
	at com.kms.katalon.core.main.TestCaseMain.runTestCase(TestCaseMain.java:106)
	at com.kms.katalon.core.keyword.builtin.CallTestCaseKeyword$_callTestCase_closure1.doCall(CallTestCaseKeyword.groovy:59)
	at com.kms.katalon.core.keyword.builtin.CallTestCaseKeyword$_callTestCase_closure1.call(CallTestCaseKeyword.groovy)
	at com.kms.katalon.core.keyword.internal.KeywordMain.runKeyword(KeywordMain.groovy:54)
	at com.kms.katalon.core.keyword.builtin.CallTestCaseKeyword.callTestCase(CallTestCaseKeyword.groovy:80)
	at com.kms.katalon.core.keyword.builtin.CallTestCaseKeyword.execute(CallTestCaseKeyword.groovy:44)
	at com.kms.katalon.core.keyword.internal.KeywordExecutor.executeKeywordForPlatform(KeywordExecutor.groovy:53)
	at com.kms.katalon.core.keyword.BuiltinKeywords.callTestCase(BuiltinKeywords.groovy:334)
	at OTC_Submit Form 7_End to End - Cheque.run(OTC_Submit Form 7_End to End - Cheque:26)
	at com.kms.katalon.core.main.ScriptEngine.run(ScriptEngine.java:194)
	at com.kms.katalon.core.main.ScriptEngine.runScriptAsRawText(ScriptEngine.java:119)
	at com.kms.katalon.core.main.TestCaseExecutor.runScript(TestCaseExecutor.java:328)
	at com.kms.katalon.core.main.TestCaseExecutor.doExecute(TestCaseExecutor.java:319)
	at com.kms.katalon.core.main.TestCaseExecutor.processExecutionPhase(TestCaseExecutor.java:298)
	at com.kms.katalon.core.main.TestCaseExecutor.accessMainPhase(TestCaseExecutor.java:290)
	at com.kms.katalon.core.main.TestCaseExecutor.execute(TestCaseExecutor.java:224)
	at com.kms.katalon.core.main.TestCaseMain.runTestCase(TestCaseMain.java:106)
	at com.kms.katalon.core.keyword.builtin.CallTestCaseKeyword$_callTestCase_closure1.doCall(CallTestCaseKeyword.groovy:59)
	at com.kms.katalon.core.keyword.builtin.CallTestCaseKeyword$_callTestCase_closure1.call(CallTestCaseKeyword.groovy)
	at com.kms.katalon.core.keyword.internal.KeywordMain.runKeyword(KeywordMain.groovy:54)
	at com.kms.katalon.core.keyword.builtin.CallTestCaseKeyword.callTestCase(CallTestCaseKeyword.groovy:80)
	at com.kms.katalon.core.keyword.builtin.CallTestCaseKeyword.execute(CallTestCaseKeyword.groovy:44)
	at com.kms.katalon.core.keyword.internal.KeywordExecutor.executeKeywordForPlatform(KeywordExecutor.groovy:53)
	at com.kms.katalon.core.keyword.BuiltinKeywords.callTestCase(BuiltinKeywords.groovy:334)
	at Same branch - EI Clerk.run(Same branch - EI Clerk:16)
	at com.kms.katalon.core.main.ScriptEngine.run(ScriptEngine.java:194)
	at com.kms.katalon.core.main.ScriptEngine.runScriptAsRawText(ScriptEngine.java:119)
	at com.kms.katalon.core.main.TestCaseExecutor.runScript(TestCaseExecutor.java:328)
	at com.kms.katalon.core.main.TestCaseExecutor.doExecute(TestCaseExecutor.java:319)
	at com.kms.katalon.core.main.TestCaseExecutor.processExecutionPhase(TestCaseExecutor.java:298)
	at com.kms.katalon.core.main.TestCaseExecutor.accessMainPhase(TestCaseExecutor.java:290)
	at com.kms.katalon.core.main.TestCaseExecutor.execute(TestCaseExecutor.java:224)
	at com.kms.katalon.core.main.TestSuiteExecutor.accessTestCaseMainPhase(TestSuiteExecutor.java:129)
	at com.kms.katalon.core.main.TestSuiteExecutor.accessTestSuiteMainPhase(TestSuiteExecutor.java:112)
	at com.kms.katalon.core.main.TestSuiteExecutor.execute(TestSuiteExecutor.java:81)
	at com.kms.katalon.core.main.TestCaseMain.startTestSuite(TestCaseMain.java:149)
	at com.kms.katalon.core.main.TestCaseMain$startTestSuite$0.call(Unknown Source)
	at TempTestSuite1550652525208.run(TempTestSuite1550652525208.groovy:36)


2019-02-20 18:17:44 - [TEST_STEP][PASSED] - callTestCase(findTestCase("All TC/Arranged/3. Unit/EI/Form 7_default/OTC_Application_Reg"), [:], STOP_ON_FAILURE): Call Test Case 'Test Cases/All TC/Arranged/3. Unit/EI/Form 7_default/OTC_Application_Reg' successfully

2019-02-20 18:17:44 - [TEST_CASE][PASSED] - Test Cases/All TC/Arranged/3. Unit/EI/Form 7_default/OTC_Application_Reg: Test Cases/All TC/Arranged/3. Unit/EI/Form 7_default/OTC_Application_Reg

2019-02-20 18:17:44 - [TEST_STEP][PASSED] - openBrowser(""): Browser is opened with url: ''

2019-02-20 18:17:44 - [MESSAGE][WARNING] - A browser is already opened. Closing browser and opening a new one

2019-02-20 18:17:46 - [MESSAGE][INFO] - Starting 'Chrome' driver

2019-02-20 18:17:46 - [MESSAGE][INFO] - User set preference: ['args', '[--start-maximized]']

2019-02-20 18:17:50 - [MESSAGE][PASSED] - Browser is opened with url: ''

2019-02-20 18:17:50 - [TEST_STEP][PASSED] - navigateToUrl(Internal_Login): Navigate to 'http://10.20.24.188/eisportal/user/login' successfully

2019-02-20 18:17:52 - [MESSAGE][PASSED] - Navigate to 'http://10.20.24.188/eisportal/user/login' successfully

2019-02-20 18:17:52 - [TEST_STEP][PASSED] - delay(3): Delayed 3 second(s)

2019-02-20 18:17:55 - [MESSAGE][PASSED] - Delayed 3 second(s)

2019-02-20 18:17:55 - [TEST_STEP][PASSED] - setText(findTestObject("KeatMun/Form 7_default/OTC_Application_Reg/Page_PERKESO/1.username"), "faizal.hamid@perkeso.gov.my"): Text 'faizal.hamid@perkeso.gov.my' is set on object 'Object Repository/KeatMun/Form 7_default/OTC_Application_Reg/Page_PERKESO/1.username'

2019-02-20 18:17:59 - [MESSAGE][PASSED] - Text 'faizal.hamid@perkeso.gov.my' is set on object 'Object Repository/KeatMun/Form 7_default/OTC_Application_Reg/Page_PERKESO/1.username'

2019-02-20 18:17:59 - [TEST_STEP][PASSED] - delay(1): Delayed 1 second(s)

2019-02-20 18:18:00 - [MESSAGE][PASSED] - Delayed 1 second(s)

2019-02-20 18:18:00 - [TEST_STEP][PASSED] - setEncryptedText(findTestObject("KeatMun/Form 7_default/OTC_Application_Reg/Page_PERKESO/2.password"), "CQqwFZlbeC8="): Text ****** has been set on object 'Object Repository/KeatMun/Form 7_default/OTC_Application_Reg/Page_PERKESO/2.password'

2019-02-20 18:18:03 - [MESSAGE][PASSED] - Text ****** has been set on object 'Object Repository/KeatMun/Form 7_default/OTC_Application_Reg/Page_PERKESO/2.password'

2019-02-20 18:18:03 - [TEST_STEP][PASSED] - delay(2): Delayed 2 second(s)

2019-02-20 18:18:05 - [MESSAGE][PASSED] - Delayed 2 second(s)

2019-02-20 18:18:05 - [TEST_STEP][PASSED] - click(findTestObject("KeatMun/Form 7_default/OTC_Application_Reg/Page_PERKESO/3.login button")): Object: 'Object Repository/KeatMun/Form 7_default/OTC_Application_Reg/Page_PERKESO/3.login button' is clicked on

2019-02-20 18:18:08 - [MESSAGE][PASSED] - Object: 'Object Repository/KeatMun/Form 7_default/OTC_Application_Reg/Page_PERKESO/3.login button' is clicked on

2019-02-20 18:18:08 - [TEST_STEP][PASSED] - delay(2): Delayed 2 second(s)

2019-02-20 18:18:10 - [MESSAGE][PASSED] - Delayed 2 second(s)

2019-02-20 18:18:10 - [TEST_STEP][PASSED] - click(findTestObject("KeatMun/Form 7_default/OTC_Application_Reg/Page_PERKESO/4. Permohonan tab")): Object: 'Object Repository/KeatMun/Form 7_default/OTC_Application_Reg/Page_PERKESO/4. Permohonan tab' is clicked on

2019-02-20 18:18:13 - [MESSAGE][PASSED] - Object: 'Object Repository/KeatMun/Form 7_default/OTC_Application_Reg/Page_PERKESO/4. Permohonan tab' is clicked on

2019-02-20 18:18:13 - [TEST_STEP][PASSED] - delay(2): Delayed 2 second(s)

2019-02-20 18:18:15 - [MESSAGE][PASSED] - Delayed 2 second(s)

2019-02-20 18:18:15 - [TEST_STEP][PASSED] - click(findTestObject("KeatMun/Form 7_default/OTC_Application_Reg/Page_PERKESO/5.button_Setuju")): Object: 'Object Repository/KeatMun/Form 7_default/OTC_Application_Reg/Page_PERKESO/5.button_Setuju' is clicked on

2019-02-20 18:18:18 - [MESSAGE][PASSED] - Object: 'Object Repository/KeatMun/Form 7_default/OTC_Application_Reg/Page_PERKESO/5.button_Setuju' is clicked on

2019-02-20 18:18:18 - [TEST_STEP][PASSED] - delay(2): Delayed 2 second(s)

2019-02-20 18:18:20 - [MESSAGE][PASSED] - Delayed 2 second(s)

2019-02-20 18:18:20 - [TEST_STEP][PASSED] - callTestCase(findTestCase("All TC/Arranged/1. Common/IC List Checker"), [:], STOP_ON_FAILURE): Call Test Case 'Test Cases/All TC/Arranged/1. Common/IC List Checker' successfully

2019-02-20 18:18:20 - [TEST_CASE][PASSED] - Test Cases/All TC/Arranged/1. Common/IC List Checker: Test Cases/All TC/Arranged/1. Common/IC List Checker

2019-02-20 18:18:20 - [TEST_STEP][PASSED] - counter = 0: null

2019-02-20 18:18:20 - [TEST_STEP][PASSED] - fis = new java.io.FileInputStream((internal.GlobalVariable.TextFilePathCommon + \IC.xlsx)): null

2019-02-20 18:18:20 - [TEST_STEP][PASSED] - workbook = new org.apache.poi.xssf.usermodel.XSSFWorkbook(fis): null

2019-02-20 18:18:20 - [TEST_STEP][PASSED] - sheet = workbook.getSheet("Sheet1"): null

2019-02-20 18:18:20 - [TEST_STEP][PASSED] - totalRow = sheet.getLastRowNum(): null

2019-02-20 18:18:20 - [TEST_STEP][PASSED] - out.println(totalRow): null

2019-02-20 18:18:20 - [TEST_STEP][PASSED] - row = sheet.getRow(counter): null

2019-02-20 18:18:20 - [TEST_STEP][PASSED] - cell = row.getCell(counter): null

2019-02-20 18:18:20 - [TEST_STEP][PASSED] - a = cell.getStringCellValue(): null

2019-02-20 18:18:20 - [TEST_STEP][PASSED] - IC = a: null

2019-02-20 18:18:20 - [TEST_STEP][PASSED] - out.println(IC): null

2019-02-20 18:18:20 - [TEST_STEP][PASSED] - callTestCase(findTestCase("All TC/Arranged/1. Common/1.2 Setter/Setter IC"), [:], STOP_ON_FAILURE): Call Test Case 'Test Cases/All TC/Arranged/1. Common/1.2 Setter/Setter IC' successfully

2019-02-20 18:18:20 - [TEST_CASE][PASSED] - Test Cases/All TC/Arranged/1. Common/1.2 Setter/Setter IC: Test Cases/All TC/Arranged/1. Common/1.2 Setter/Setter IC

2019-02-20 18:18:20 - [TEST_STEP][PASSED] - RefNoOldFile = new java.io.File((internal.GlobalVariable.TextFilePathCommon + \getIC.txt)): null

2019-02-20 18:18:20 - [TEST_STEP][PASSED] - RefNoOldFile.delete(): null

2019-02-20 18:18:20 - [TEST_STEP][PASSED] - delay(5): Delayed 5 second(s)

2019-02-20 18:18:25 - [MESSAGE][PASSED] - Delayed 5 second(s)

2019-02-20 18:18:25 - [TEST_STEP][PASSED] - RefNo = new java.io.File((internal.GlobalVariable.TextFilePathCommon + \getIC.txt)): null

2019-02-20 18:18:25 - [TEST_STEP][PASSED] - f2 = new java.io.FileWriter(RefNo, false): null

2019-02-20 18:18:25 - [TEST_STEP][PASSED] - f2.write(IC): null

2019-02-20 18:18:25 - [TEST_STEP][PASSED] - f2.close(): null

2019-02-20 18:18:25 - [TEST_STEP][PASSED] - out.println("


" + IC + "


"): null

2019-02-20 18:18:25 - [MESSAGE][PASSED] - Call Test Case 'Test Cases/All TC/Arranged/1. Common/1.2 Setter/Setter IC' successfully

2019-02-20 18:18:25 - [MESSAGE][PASSED] - Call Test Case 'Test Cases/All TC/Arranged/1. Common/IC List Checker' successfully

2019-02-20 18:18:25 - [TEST_STEP][PASSED] - setText(findTestObject("KeatMun/Form 7_default/OTC_Application_Reg/Page_PERKESO/6.No. Kad Pengenalan"), IC): Text '861023436638' is set on object 'Object Repository/KeatMun/Form 7_default/OTC_Application_Reg/Page_PERKESO/6.No. Kad Pengenalan'

2019-02-20 18:18:30 - [MESSAGE][PASSED] - Text '861023436638' is set on object 'Object Repository/KeatMun/Form 7_default/OTC_Application_Reg/Page_PERKESO/6.No. Kad Pengenalan'

2019-02-20 18:18:30 - [TEST_STEP][PASSED] - delay(2): Delayed 2 second(s)

2019-02-20 18:18:32 - [MESSAGE][PASSED] - Delayed 2 second(s)

2019-02-20 18:18:32 - [TEST_STEP][PASSED] - click(findTestObject("KeatMun/Form 7_default/OTC_Application_Reg/Page_PERKESO/7.button_Semak")): Object: 'Object Repository/KeatMun/Form 7_default/OTC_Application_Reg/Page_PERKESO/7.button_Semak' is clicked on

2019-02-20 18:18:34 - [MESSAGE][PASSED] - Object: 'Object Repository/KeatMun/Form 7_default/OTC_Application_Reg/Page_PERKESO/7.button_Semak' is clicked on

2019-02-20 18:18:34 - [TEST_STEP][PASSED] - delay(4): Delayed 4 second(s)

2019-02-20 18:18:38 - [MESSAGE][PASSED] - Delayed 4 second(s)

2019-02-20 18:18:38 - [TEST_STEP][PASSED] - click(findTestObject("KeatMun/Form 7_default/OTC_Application_Reg/Page_PERKESO/8. Nama Majikan Dropdown")): Object: 'Object Repository/KeatMun/Form 7_default/OTC_Application_Reg/Page_PERKESO/8. Nama Majikan Dropdown' is clicked on

2019-02-20 18:18:40 - [MESSAGE][PASSED] - Object: 'Object Repository/KeatMun/Form 7_default/OTC_Application_Reg/Page_PERKESO/8. Nama Majikan Dropdown' is clicked on

2019-02-20 18:18:40 - [TEST_STEP][PASSED] - setText(findTestObject("KeatMun/Form 7_default/OTC_Application_Reg/Page_PERKESO/8. LOE emp"), "pet"): Text 'pet' is set on object 'Object Repository/KeatMun/Form 7_default/OTC_Application_Reg/Page_PERKESO/8. LOE emp'

2019-02-20 18:18:44 - [MESSAGE][PASSED] - Text 'pet' is set on object 'Object Repository/KeatMun/Form 7_default/OTC_Application_Reg/Page_PERKESO/8. LOE emp'

2019-02-20 18:18:44 - [TEST_STEP][PASSED] - click(findTestObject("KeatMun/Form 7_default/OTC_Application_Reg/Page_PERKESO/8. PETRONAS")): Object: 'Object Repository/KeatMun/Form 7_default/OTC_Application_Reg/Page_PERKESO/8. PETRONAS' is clicked on

2019-02-20 18:18:46 - [MESSAGE][PASSED] - Object: 'Object Repository/KeatMun/Form 7_default/OTC_Application_Reg/Page_PERKESO/8. PETRONAS' is clicked on

2019-02-20 18:18:46 - [TEST_STEP][PASSED] - delay(2): Delayed 2 second(s)

2019-02-20 18:18:48 - [MESSAGE][PASSED] - Delayed 2 second(s)

2019-02-20 18:18:48 - [TEST_STEP][PASSED] - setText(findTestObject("KeatMun/Form 7_default/OTC_Application_Reg/Page_PERKESO/9.Tarikh kehilangan pkj"), "10/01/2019"): Text '10/01/2019' is set on object 'Object Repository/KeatMun/Form 7_default/OTC_Application_Reg/Page_PERKESO/9.Tarikh kehilangan pkj'

2019-02-20 18:18:52 - [MESSAGE][PASSED] - Text '10/01/2019' is set on object 'Object Repository/KeatMun/Form 7_default/OTC_Application_Reg/Page_PERKESO/9.Tarikh kehilangan pkj'

2019-02-20 18:18:52 - [TEST_STEP][PASSED] - delay(2): Delayed 2 second(s)

2019-02-20 18:18:54 - [MESSAGE][PASSED] - Delayed 2 second(s)

2019-02-20 18:18:54 - [TEST_STEP][PASSED] - click(findTestObject("KeatMun/Form 7_default/OTC_Application_Reg/Page_PERKESO/9. Date Picker Done Button ")): Object: 'Object Repository/KeatMun/Form 7_default/OTC_Application_Reg/Page_PERKESO/9. Date Picker Done Button ' is clicked on

2019-02-20 18:18:57 - [MESSAGE][PASSED] - Object: 'Object Repository/KeatMun/Form 7_default/OTC_Application_Reg/Page_PERKESO/9. Date Picker Done Button ' is clicked on

2019-02-20 18:18:57 - [TEST_STEP][PASSED] - delay(2): Delayed 2 second(s)

2019-02-20 18:18:59 - [MESSAGE][PASSED] - Delayed 2 second(s)

2019-02-20 18:18:59 - [TEST_STEP][PASSED] - click(findTestObject("KeatMun/Form 7_default/OTC_Application_Reg/Page_PERKESO/10.button_Mohon")): Object: 'Object Repository/KeatMun/Form 7_default/OTC_Application_Reg/Page_PERKESO/10.button_Mohon' is clicked on

2019-02-20 18:19:01 - [MESSAGE][PASSED] - Object: 'Object Repository/KeatMun/Form 7_default/OTC_Application_Reg/Page_PERKESO/10.button_Mohon' is clicked on

2019-02-20 18:19:01 - [TEST_STEP][PASSED] - delay(2): Delayed 2 second(s)

2019-02-20 18:19:03 - [MESSAGE][PASSED] - Delayed 2 second(s)

2019-02-20 18:19:03 - [TEST_STEP][PASSED] - setText(findTestObject("KeatMun/Form 7_default/OTC_Application_Reg/Page_PERKESO/11.Tarikh Terima_stampedDtS"), "10/01/2019"): Text '10/01/2019' is set on object 'Object Repository/KeatMun/Form 7_default/OTC_Application_Reg/Page_PERKESO/11.Tarikh Terima_stampedDtS'

2019-02-20 18:19:07 - [MESSAGE][PASSED] - Text '10/01/2019' is set on object 'Object Repository/KeatMun/Form 7_default/OTC_Application_Reg/Page_PERKESO/11.Tarikh Terima_stampedDtS'

2019-02-20 18:19:07 - [TEST_STEP][PASSED] - delay(2): Delayed 2 second(s)

2019-02-20 18:19:09 - [MESSAGE][PASSED] - Delayed 2 second(s)

2019-02-20 18:19:09 - [TEST_STEP][PASSED] - click(findTestObject("KeatMun/Form 7_default/OTC_Application_Reg/Page_PERKESO/11. Date Picker Done Button")): Object: 'Object Repository/KeatMun/Form 7_default/OTC_Application_Reg/Page_PERKESO/11. Date Picker Done Button' is clicked on

2019-02-20 18:19:11 - [MESSAGE][PASSED] - Object: 'Object Repository/KeatMun/Form 7_default/OTC_Application_Reg/Page_PERKESO/11. Date Picker Done Button' is clicked on

2019-02-20 18:19:11 - [TEST_STEP][PASSED] - delay(2): Delayed 2 second(s)

2019-02-20 18:19:13 - [MESSAGE][PASSED] - Delayed 2 second(s)

2019-02-20 18:19:13 - [TEST_STEP][PASSED] - click(findTestObject("KeatMun/Form 7_default/OTC_Application_Reg/Page_PERKESO/11.button_TERUSKAN")): Object: 'Object Repository/KeatMun/Form 7_default/OTC_Application_Reg/Page_PERKESO/11.button_TERUSKAN' is clicked on

2019-02-20 18:19:15 - [MESSAGE][PASSED] - Object: 'Object Repository/KeatMun/Form 7_default/OTC_Application_Reg/Page_PERKESO/11.button_TERUSKAN' is clicked on

2019-02-20 18:19:15 - [TEST_STEP][PASSED] - delay(2): Delayed 2 second(s)

2019-02-20 18:19:17 - [MESSAGE][PASSED] - Delayed 2 second(s)

2019-02-20 18:19:17 - [TEST_STEP][PASSED] - selectOptionByValue(findTestObject("KeatMun/Form 7_default/OTC_Application_Reg/Page_PERKESO/12.--Sila Pilih--PejabatPKS"), "22", true): All options with value '22' are selected in object 'Object Repository/KeatMun/Form 7_default/OTC_Application_Reg/Page_PERKESO/12.--Sila Pilih--PejabatPKS'  using regular expression

2019-02-20 18:20:47 - [MESSAGE][PASSED] - All options with value '22' are selected in object 'Object Repository/KeatMun/Form 7_default/OTC_Application_Reg/Page_PERKESO/12.--Sila Pilih--PejabatPKS'  using regular expression

2019-02-20 18:20:47 - [TEST_STEP][PASSED] - delay(2): Delayed 2 second(s)

2019-02-20 18:20:49 - [MESSAGE][PASSED] - Delayed 2 second(s)

2019-02-20 18:20:49 - [TEST_STEP][PASSED] - click(findTestObject("KeatMun/Form 7_default/OTC_Application_Reg/Page_PERKESO/13. Halaman Seterusnya")): Object: 'Object Repository/KeatMun/Form 7_default/OTC_Application_Reg/Page_PERKESO/13. Halaman Seterusnya' is clicked on

2019-02-20 18:20:52 - [MESSAGE][PASSED] - Object: 'Object Repository/KeatMun/Form 7_default/OTC_Application_Reg/Page_PERKESO/13. Halaman Seterusnya' is clicked on

2019-02-20 18:20:52 - [MESSAGE][PASSED] - Call Test Case 'Test Cases/All TC/Arranged/3. Unit/EI/Form 7_default/OTC_Application_Reg' successfully

2019-02-20 18:20:52 - [TEST_STEP][PASSED] - callTestCase(findTestCase("All TC/Arranged/3. Unit/EI/Form 7_default/OTC_Submit Form 7_Section A"), [:], STOP_ON_FAILURE): Call Test Case 'Test Cases/All TC/Arranged/3. Unit/EI/Form 7_default/OTC_Submit Form 7_Section A' successfully

2019-02-20 18:20:52 - [TEST_CASE][PASSED] - Test Cases/All TC/Arranged/3. Unit/EI/Form 7_default/OTC_Submit Form 7_Section A: Test Cases/All TC/Arranged/3. Unit/EI/Form 7_default/OTC_Submit Form 7_Section A

2019-02-20 18:20:52 - [TEST_STEP][PASSED] - delay(2): Delayed 2 second(s)

2019-02-20 18:20:54 - [MESSAGE][PASSED] - Delayed 2 second(s)

2019-02-20 18:20:54 - [TEST_STEP][PASSED] - setText(findTestObject("KeatMun/Form 7_default/OTC_Submit Form 7_Section A/Page_PERKESO/A4. EmployeeDob"), "10/01/2019"): Text '10/01/2019' is set on object 'Object Repository/KeatMun/Form 7_default/OTC_Submit Form 7_Section A/Page_PERKESO/A4. EmployeeDob'

2019-02-20 18:20:58 - [MESSAGE][PASSED] - Text '10/01/2019' is set on object 'Object Repository/KeatMun/Form 7_default/OTC_Submit Form 7_Section A/Page_PERKESO/A4. EmployeeDob'

2019-02-20 18:20:58 - [TEST_STEP][PASSED] - delay(2): Delayed 2 second(s)

2019-02-20 18:21:00 - [MESSAGE][PASSED] - Delayed 2 second(s)

2019-02-20 18:21:00 - [TEST_STEP][PASSED] - click(findTestObject("KeatMun/Form 7_default/OTC_Submit Form 7_Section A/Page_PERKESO/A5. Bangsa")): Object: 'Object Repository/KeatMun/Form 7_default/OTC_Submit Form 7_Section A/Page_PERKESO/A5. Bangsa' is clicked on

2019-02-20 18:21:02 - [MESSAGE][PASSED] - Object: 'Object Repository/KeatMun/Form 7_default/OTC_Submit Form 7_Section A/Page_PERKESO/A5. Bangsa' is clicked on

2019-02-20 18:21:02 - [TEST_STEP][PASSED] - click(findTestObject("KeatMun/Form 7_default/OTC_Submit Form 7_Section A/Page_PERKESO/A5. Bumiputera Sabah")): Object: 'Object Repository/KeatMun/Form 7_default/OTC_Submit Form 7_Section A/Page_PERKESO/A5. Bumiputera Sabah' is clicked on

2019-02-20 18:21:04 - [MESSAGE][PASSED] - Object: 'Object Repository/KeatMun/Form 7_default/OTC_Submit Form 7_Section A/Page_PERKESO/A5. Bumiputera Sabah' is clicked on

2019-02-20 18:21:04 - [TEST_STEP][PASSED] - delay(2): Delayed 2 second(s)

2019-02-20 18:21:06 - [MESSAGE][PASSED] - Delayed 2 second(s)

2019-02-20 18:21:06 - [TEST_STEP][PASSED] - click(findTestObject("KeatMun/Form 7_default/OTC_Submit Form 7_Section A/Page_PERKESO/A6. Jantina")): Object: 'Object Repository/KeatMun/Form 7_default/OTC_Submit Form 7_Section A/Page_PERKESO/A6. Jantina' is clicked on

2019-02-20 18:21:08 - [MESSAGE][PASSED] - Object: 'Object Repository/KeatMun/Form 7_default/OTC_Submit Form 7_Section A/Page_PERKESO/A6. Jantina' is clicked on

2019-02-20 18:21:08 - [TEST_STEP][PASSED] - click(findTestObject("KeatMun/Form 7_default/OTC_Submit Form 7_Section A/Page_PERKESO/A6. Lelaki")): Object: 'Object Repository/KeatMun/Form 7_default/OTC_Submit Form 7_Section A/Page_PERKESO/A6. Lelaki' is clicked on

2019-02-20 18:21:10 - [MESSAGE][PASSED] - Object: 'Object Repository/KeatMun/Form 7_default/OTC_Submit Form 7_Section A/Page_PERKESO/A6. Lelaki' is clicked on

2019-02-20 18:21:10 - [TEST_STEP][PASSED] - delay(2): Delayed 2 second(s)

2019-02-20 18:21:12 - [MESSAGE][PASSED] - Delayed 2 second(s)

2019-02-20 18:21:12 - [TEST_STEP][PASSED] - click(findTestObject("KeatMun/Form 7_default/OTC_Submit Form 7_Section A/Page_PERKESO/A7. Kewarganegaraan")): Object: 'Object Repository/KeatMun/Form 7_default/OTC_Submit Form 7_Section A/Page_PERKESO/A7. Kewarganegaraan' is clicked on

2019-02-20 18:21:15 - [MESSAGE][PASSED] - Object: 'Object Repository/KeatMun/Form 7_default/OTC_Submit Form 7_Section A/Page_PERKESO/A7. Kewarganegaraan' is clicked on

2019-02-20 18:21:15 - [TEST_STEP][PASSED] - click(findTestObject("KeatMun/Form 7_default/OTC_Submit Form 7_Section A/Page_PERKESO/A7. Malaysia")): Object: 'Object Repository/KeatMun/Form 7_default/OTC_Submit Form 7_Section A/Page_PERKESO/A7. Malaysia' is clicked on

2019-02-20 18:21:17 - [MESSAGE][PASSED] - Object: 'Object Repository/KeatMun/Form 7_default/OTC_Submit Form 7_Section A/Page_PERKESO/A7. Malaysia' is clicked on

2019-02-20 18:21:17 - [TEST_STEP][PASSED] - delay(2): Delayed 2 second(s)

2019-02-20 18:21:19 - [MESSAGE][PASSED] - Delayed 2 second(s)

2019-02-20 18:21:19 - [TEST_STEP][PASSED] - click(findTestObject("KeatMun/Form 7_default/OTC_Submit Form 7_Section A/Page_PERKESO/A8. Status Perkahwinan")): Object: 'Object Repository/KeatMun/Form 7_default/OTC_Submit Form 7_Section A/Page_PERKESO/A8. Status Perkahwinan' is clicked on

2019-02-20 18:21:21 - [MESSAGE][PASSED] - Object: 'Object Repository/KeatMun/Form 7_default/OTC_Submit Form 7_Section A/Page_PERKESO/A8. Status Perkahwinan' is clicked on

2019-02-20 18:21:21 - [TEST_STEP][PASSED] - click(findTestObject("KeatMun/Form 7_default/OTC_Submit Form 7_Section A/Page_PERKESO/A8. Bujang")): Object: 'Object Repository/KeatMun/Form 7_default/OTC_Submit Form 7_Section A/Page_PERKESO/A8. Bujang' is clicked on

2019-02-20 18:21:23 - [MESSAGE][PASSED] - Object: 'Object Repository/KeatMun/Form 7_default/OTC_Submit Form 7_Section A/Page_PERKESO/A8. Bujang' is clicked on

2019-02-20 18:21:23 - [TEST_STEP][PASSED] - delay(2): Delayed 2 second(s)

2019-02-20 18:21:25 - [MESSAGE][PASSED] - Delayed 2 second(s)

2019-02-20 18:21:25 - [TEST_STEP][PASSED] - setText(findTestObject("KeatMun/Form 7_default/OTC_Submit Form 7_Section A/Page_PERKESO/A9. Address1"), "qwertyuiop"): Text 'qwertyuiop' is set on object 'Object Repository/KeatMun/Form 7_default/OTC_Submit Form 7_Section A/Page_PERKESO/A9. Address1'

2019-02-20 18:21:29 - [MESSAGE][PASSED] - Text 'qwertyuiop' is set on object 'Object Repository/KeatMun/Form 7_default/OTC_Submit Form 7_Section A/Page_PERKESO/A9. Address1'

2019-02-20 18:21:29 - [TEST_STEP][PASSED] - delay(2): Delayed 2 second(s)

2019-02-20 18:21:31 - [MESSAGE][PASSED] - Delayed 2 second(s)

2019-02-20 18:21:31 - [TEST_STEP][PASSED] - click(findTestObject("KeatMun/Form 7_default/OTC_Submit Form 7_Section A/Page_PERKESO/A10. Negeri")): Object: 'Object Repository/KeatMun/Form 7_default/OTC_Submit Form 7_Section A/Page_PERKESO/A10. Negeri' is clicked on

2019-02-20 18:21:33 - [MESSAGE][PASSED] - Object: 'Object Repository/KeatMun/Form 7_default/OTC_Submit Form 7_Section A/Page_PERKESO/A10. Negeri' is clicked on

2019-02-20 18:21:33 - [TEST_STEP][PASSED] - click(findTestObject("KeatMun/Form 7_default/OTC_Submit Form 7_Section A/Page_PERKESO/A10. JOHOR")): Object: 'Object Repository/KeatMun/Form 7_default/OTC_Submit Form 7_Section A/Page_PERKESO/A10. JOHOR' is clicked on

2019-02-20 18:21:36 - [MESSAGE][PASSED] - Object: 'Object Repository/KeatMun/Form 7_default/OTC_Submit Form 7_Section A/Page_PERKESO/A10. JOHOR' is clicked on

2019-02-20 18:21:36 - [TEST_STEP][PASSED] - delay(2): Delayed 2 second(s)

2019-02-20 18:21:38 - [MESSAGE][PASSED] - Delayed 2 second(s)

2019-02-20 18:21:38 - [TEST_STEP][PASSED] - click(findTestObject("KeatMun/Form 7_default/OTC_Submit Form 7_Section A/Page_PERKESO/A11. --Sila Pilih--")): Object: 'Object Repository/KeatMun/Form 7_default/OTC_Submit Form 7_Section A/Page_PERKESO/A11. --Sila Pilih--' is clicked on

2019-02-20 18:21:40 - [MESSAGE][PASSED] - Object: 'Object Repository/KeatMun/Form 7_default/OTC_Submit Form 7_Section A/Page_PERKESO/A11. --Sila Pilih--' is clicked on

2019-02-20 18:21:40 - [TEST_STEP][PASSED] - setText(findTestObject("KeatMun/Form 7_default/OTC_Submit Form 7_Section A/Page_PERKESO/A11. Done_select2-search__fie (1)"), "jo"): Text 'jo' is set on object 'Object Repository/KeatMun/Form 7_default/OTC_Submit Form 7_Section A/Page_PERKESO/A11. Done_select2-search__fie (1)'

2019-02-20 18:21:44 - [MESSAGE][PASSED] - Text 'jo' is set on object 'Object Repository/KeatMun/Form 7_default/OTC_Submit Form 7_Section A/Page_PERKESO/A11. Done_select2-search__fie (1)'

2019-02-20 18:21:44 - [TEST_STEP][PASSED] - setText(findTestObject("KeatMun/Form 7_default/OTC_Submit Form 7_Section A/Page_PERKESO/A11. concat(id(  select2-city"), "jo"): Text 'jo' is set on object 'Object Repository/KeatMun/Form 7_default/OTC_Submit Form 7_Section A/Page_PERKESO/A11. concat(id(  select2-city'

2019-02-20 18:21:48 - [MESSAGE][PASSED] - Text 'jo' is set on object 'Object Repository/KeatMun/Form 7_default/OTC_Submit Form 7_Section A/Page_PERKESO/A11. concat(id(  select2-city'

2019-02-20 18:21:48 - [TEST_STEP][PASSED] - click(findTestObject("KeatMun/Form 7_default/OTC_Submit Form 7_Section A/Page_PERKESO/A11. JOHOR BAHRU")): Object: 'Object Repository/KeatMun/Form 7_default/OTC_Submit Form 7_Section A/Page_PERKESO/A11. JOHOR BAHRU' is clicked on

2019-02-20 18:21:50 - [MESSAGE][PASSED] - Object: 'Object Repository/KeatMun/Form 7_default/OTC_Submit Form 7_Section A/Page_PERKESO/A11. JOHOR BAHRU' is clicked on

2019-02-20 18:21:50 - [TEST_STEP][PASSED] - delay(2): Delayed 2 second(s)

2019-02-20 18:21:52 - [MESSAGE][PASSED] - Delayed 2 second(s)

2019-02-20 18:21:52 - [TEST_STEP][PASSED] - click(findTestObject("KeatMun/Form 7_default/OTC_Submit Form 7_Section A/Page_PERKESO/A12. --Sila Isikan--")): Object: 'Object Repository/KeatMun/Form 7_default/OTC_Submit Form 7_Section A/Page_PERKESO/A12. --Sila Isikan--' is clicked on

2019-02-20 18:21:54 - [MESSAGE][PASSED] - Object: 'Object Repository/KeatMun/Form 7_default/OTC_Submit Form 7_Section A/Page_PERKESO/A12. --Sila Isikan--' is clicked on

2019-02-20 18:21:54 - [TEST_STEP][PASSED] - setText(findTestObject("KeatMun/Form 7_default/OTC_Submit Form 7_Section A/Page_PERKESO/A11. Done_select2-search__fie"), "84"): Text '84' is set on object 'Object Repository/KeatMun/Form 7_default/OTC_Submit Form 7_Section A/Page_PERKESO/A11. Done_select2-search__fie'

2019-02-20 18:21:59 - [MESSAGE][PASSED] - Text '84' is set on object 'Object Repository/KeatMun/Form 7_default/OTC_Submit Form 7_Section A/Page_PERKESO/A11. Done_select2-search__fie'

2019-02-20 18:21:59 - [TEST_STEP][PASSED] - click(findTestObject("KeatMun/Form 7_default/OTC_Submit Form 7_Section A/Page_PERKESO/A12. 84000")): Object: 'Object Repository/KeatMun/Form 7_default/OTC_Submit Form 7_Section A/Page_PERKESO/A12. 84000' is clicked on

2019-02-20 18:22:01 - [MESSAGE][PASSED] - Object: 'Object Repository/KeatMun/Form 7_default/OTC_Submit Form 7_Section A/Page_PERKESO/A12. 84000' is clicked on

2019-02-20 18:22:01 - [TEST_STEP][PASSED] - delay(2): Delayed 2 second(s)

2019-02-20 18:22:03 - [MESSAGE][PASSED] - Delayed 2 second(s)

2019-02-20 18:22:03 - [TEST_STEP][PASSED] - setText(findTestObject("KeatMun/Form 7_default/OTC_Submit Form 7_Section A/Page_PERKESO/A13. mobileContact1"), "1234567890"): Text '1234567890' is set on object 'Object Repository/KeatMun/Form 7_default/OTC_Submit Form 7_Section A/Page_PERKESO/A13. mobileContact1'

2019-02-20 18:22:07 - [MESSAGE][PASSED] - Text '1234567890' is set on object 'Object Repository/KeatMun/Form 7_default/OTC_Submit Form 7_Section A/Page_PERKESO/A13. mobileContact1'

2019-02-20 18:22:07 - [TEST_STEP][PASSED] - delay(2): Delayed 2 second(s)

2019-02-20 18:22:09 - [MESSAGE][PASSED] - Delayed 2 second(s)

2019-02-20 18:22:09 - [TEST_STEP][PASSED] - click(findTestObject("KeatMun/Form 7_default/OTC_Submit Form 7_Section A/Page_PERKESO/A14. Halaman Seterusnya")): Object: 'Object Repository/KeatMun/Form 7_default/OTC_Submit Form 7_Section A/Page_PERKESO/A14. Halaman Seterusnya' is clicked on

2019-02-20 18:22:11 - [MESSAGE][PASSED] - Object: 'Object Repository/KeatMun/Form 7_default/OTC_Submit Form 7_Section A/Page_PERKESO/A14. Halaman Seterusnya' is clicked on

2019-02-20 18:22:11 - [TEST_STEP][PASSED] - delay(2): Delayed 2 second(s)

2019-02-20 18:22:13 - [MESSAGE][PASSED] - Delayed 2 second(s)

2019-02-20 18:22:13 - [MESSAGE][PASSED] - Call Test Case 'Test Cases/All TC/Arranged/3. Unit/EI/Form 7_default/OTC_Submit Form 7_Section A' successfully

2019-02-20 18:22:13 - [TEST_STEP][PASSED] - callTestCase(findTestCase("All TC/Arranged/3. Unit/EI/Form 7_default/OTC_Submit Form 7_Section B"), [:], STOP_ON_FAILURE): Call Test Case 'Test Cases/All TC/Arranged/3. Unit/EI/Form 7_default/OTC_Submit Form 7_Section B' successfully

2019-02-20 18:22:13 - [TEST_CASE][PASSED] - Test Cases/All TC/Arranged/3. Unit/EI/Form 7_default/OTC_Submit Form 7_Section B: Test Cases/All TC/Arranged/3. Unit/EI/Form 7_default/OTC_Submit Form 7_Section B

2019-02-20 18:22:13 - [TEST_STEP][PASSED] - delay(3): Delayed 3 second(s)

2019-02-20 18:22:16 - [MESSAGE][PASSED] - Delayed 3 second(s)

2019-02-20 18:22:16 - [TEST_STEP][PASSED] - click(findTestObject("KeatMun/Form 7_default/OTC_Submit Form 7_Section B/Page_PERKESO/B1. Jawatan")): Object: 'Object Repository/KeatMun/Form 7_default/OTC_Submit Form 7_Section B/Page_PERKESO/B1. Jawatan' is clicked on

2019-02-20 18:22:19 - [MESSAGE][PASSED] - Object: 'Object Repository/KeatMun/Form 7_default/OTC_Submit Form 7_Section B/Page_PERKESO/B1. Jawatan' is clicked on

2019-02-20 18:22:19 - [TEST_STEP][PASSED] - setText(findTestObject("KeatMun/Form 7_default/OTC_Submit Form 7_Section B/Page_PERKESO/B1. concat(id(  select2-posi"), "re"): Text 're' is set on object 'Object Repository/KeatMun/Form 7_default/OTC_Submit Form 7_Section B/Page_PERKESO/B1. concat(id(  select2-posi'

2019-02-20 18:22:23 - [MESSAGE][PASSED] - Text 're' is set on object 'Object Repository/KeatMun/Form 7_default/OTC_Submit Form 7_Section B/Page_PERKESO/B1. concat(id(  select2-posi'

2019-02-20 18:22:23 - [TEST_STEP][PASSED] - setText(findTestObject("KeatMun/Form 7_default/OTC_Submit Form 7_Section B/Page_PERKESO/B1. Done_select2-search__fie"), "re"): Text 're' is set on object 'Object Repository/KeatMun/Form 7_default/OTC_Submit Form 7_Section B/Page_PERKESO/B1. Done_select2-search__fie'

2019-02-20 18:22:27 - [MESSAGE][PASSED] - Text 're' is set on object 'Object Repository/KeatMun/Form 7_default/OTC_Submit Form 7_Section B/Page_PERKESO/B1. Done_select2-search__fie'

2019-02-20 18:22:27 - [TEST_STEP][PASSED] - click(findTestObject("KeatMun/Form 7_default/OTC_Submit Form 7_Section B/Page_PERKESO/B1. Arkitek Reka Bentuk")): Object: 'Object Repository/KeatMun/Form 7_default/OTC_Submit Form 7_Section B/Page_PERKESO/B1. Arkitek Reka Bentuk' is clicked on

2019-02-20 18:22:29 - [MESSAGE][PASSED] - Object: 'Object Repository/KeatMun/Form 7_default/OTC_Submit Form 7_Section B/Page_PERKESO/B1. Arkitek Reka Bentuk' is clicked on

2019-02-20 18:22:29 - [TEST_STEP][PASSED] - delay(2): Delayed 2 second(s)

2019-02-20 18:22:31 - [MESSAGE][PASSED] - Delayed 2 second(s)

2019-02-20 18:22:31 - [TEST_STEP][PASSED] - setText(findTestObject("KeatMun/Form 7_default/OTC_Submit Form 7_Section B/Page_PERKESO/B2. lastEmploymentStartDtSt"), "10/01/2019"): Text '10/01/2019' is set on object 'Object Repository/KeatMun/Form 7_default/OTC_Submit Form 7_Section B/Page_PERKESO/B2. lastEmploymentStartDtSt'

2019-02-20 18:22:35 - [MESSAGE][PASSED] - Text '10/01/2019' is set on object 'Object Repository/KeatMun/Form 7_default/OTC_Submit Form 7_Section B/Page_PERKESO/B2. lastEmploymentStartDtSt'

2019-02-20 18:22:35 - [TEST_STEP][PASSED] - delay(2): Delayed 2 second(s)

2019-02-20 18:22:37 - [MESSAGE][PASSED] - Delayed 2 second(s)

2019-02-20 18:22:37 - [TEST_STEP][PASSED] - click(findTestObject("KeatMun/Form 7_default/OTC_Submit Form 7_Section B/Page_PERKESO/B4. Status Perkejaan")): Object: 'Object Repository/KeatMun/Form 7_default/OTC_Submit Form 7_Section B/Page_PERKESO/B4. Status Perkejaan' is clicked on

2019-02-20 18:22:39 - [MESSAGE][PASSED] - Object: 'Object Repository/KeatMun/Form 7_default/OTC_Submit Form 7_Section B/Page_PERKESO/B4. Status Perkejaan' is clicked on

2019-02-20 18:22:39 - [TEST_STEP][PASSED] - click(findTestObject("KeatMun/Form 7_default/OTC_Submit Form 7_Section B/Page_PERKESO/B4. Tetap")): Object: 'Object Repository/KeatMun/Form 7_default/OTC_Submit Form 7_Section B/Page_PERKESO/B4. Tetap' is clicked on

2019-02-20 18:22:42 - [MESSAGE][PASSED] - Object: 'Object Repository/KeatMun/Form 7_default/OTC_Submit Form 7_Section B/Page_PERKESO/B4. Tetap' is clicked on

2019-02-20 18:22:42 - [TEST_STEP][PASSED] - delay(2): Delayed 2 second(s)

2019-02-20 18:22:44 - [MESSAGE][PASSED] - Delayed 2 second(s)

2019-02-20 18:22:44 - [TEST_STEP][PASSED] - setText(findTestObject("KeatMun/Form 7_default/OTC_Submit Form 7_Section B/Page_PERKESO/B5. Gaji (RM)_salary1"), "4000"): Text '4000' is set on object 'Object Repository/KeatMun/Form 7_default/OTC_Submit Form 7_Section B/Page_PERKESO/B5. Gaji (RM)_salary1'

2019-02-20 18:22:48 - [MESSAGE][PASSED] - Text '4000' is set on object 'Object Repository/KeatMun/Form 7_default/OTC_Submit Form 7_Section B/Page_PERKESO/B5. Gaji (RM)_salary1'

2019-02-20 18:22:48 - [TEST_STEP][PASSED] - delay(2): Delayed 2 second(s)

2019-02-20 18:22:50 - [MESSAGE][PASSED] - Delayed 2 second(s)

2019-02-20 18:22:50 - [TEST_STEP][PASSED] - setText(findTestObject("KeatMun/Form 7_default/OTC_Submit Form 7_Section B/Page_PERKESO/B5. Gaji (RM)_salary2"), "4000"): Text '4000' is set on object 'Object Repository/KeatMun/Form 7_default/OTC_Submit Form 7_Section B/Page_PERKESO/B5. Gaji (RM)_salary2'

2019-02-20 18:22:54 - [MESSAGE][PASSED] - Text '4000' is set on object 'Object Repository/KeatMun/Form 7_default/OTC_Submit Form 7_Section B/Page_PERKESO/B5. Gaji (RM)_salary2'

2019-02-20 18:22:54 - [TEST_STEP][PASSED] - delay(2): Delayed 2 second(s)

2019-02-20 18:22:56 - [MESSAGE][PASSED] - Delayed 2 second(s)

2019-02-20 18:22:56 - [TEST_STEP][PASSED] - setText(findTestObject("KeatMun/Form 7_default/OTC_Submit Form 7_Section B/Page_PERKESO/B5. Gaji (RM)_salary3"), "4000"): Text '4000' is set on object 'Object Repository/KeatMun/Form 7_default/OTC_Submit Form 7_Section B/Page_PERKESO/B5. Gaji (RM)_salary3'

2019-02-20 18:23:00 - [MESSAGE][PASSED] - Text '4000' is set on object 'Object Repository/KeatMun/Form 7_default/OTC_Submit Form 7_Section B/Page_PERKESO/B5. Gaji (RM)_salary3'

2019-02-20 18:23:00 - [TEST_STEP][PASSED] - delay(2): Delayed 2 second(s)

2019-02-20 18:23:02 - [MESSAGE][PASSED] - Delayed 2 second(s)

2019-02-20 18:23:02 - [TEST_STEP][PASSED] - setText(findTestObject("KeatMun/Form 7_default/OTC_Submit Form 7_Section B/Page_PERKESO/B5. Gaji (RM)_salary4"), "4000"): Text '4000' is set on object 'Object Repository/KeatMun/Form 7_default/OTC_Submit Form 7_Section B/Page_PERKESO/B5. Gaji (RM)_salary4'

2019-02-20 18:23:06 - [MESSAGE][PASSED] - Text '4000' is set on object 'Object Repository/KeatMun/Form 7_default/OTC_Submit Form 7_Section B/Page_PERKESO/B5. Gaji (RM)_salary4'

2019-02-20 18:23:06 - [TEST_STEP][PASSED] - delay(2): Delayed 2 second(s)

2019-02-20 18:23:08 - [MESSAGE][PASSED] - Delayed 2 second(s)

2019-02-20 18:23:08 - [TEST_STEP][PASSED] - setText(findTestObject("KeatMun/Form 7_default/OTC_Submit Form 7_Section B/Page_PERKESO/B5. Gaji (RM)_salary5"), "4000"): Text '4000' is set on object 'Object Repository/KeatMun/Form 7_default/OTC_Submit Form 7_Section B/Page_PERKESO/B5. Gaji (RM)_salary5'

2019-02-20 18:23:13 - [MESSAGE][PASSED] - Text '4000' is set on object 'Object Repository/KeatMun/Form 7_default/OTC_Submit Form 7_Section B/Page_PERKESO/B5. Gaji (RM)_salary5'

2019-02-20 18:23:13 - [TEST_STEP][PASSED] - delay(2): Delayed 2 second(s)

2019-02-20 18:23:15 - [MESSAGE][PASSED] - Delayed 2 second(s)

2019-02-20 18:23:15 - [TEST_STEP][PASSED] - setText(findTestObject("KeatMun/Form 7_default/OTC_Submit Form 7_Section B/Page_PERKESO/B5. Gaji (RM)_salary6"), "4000"): Text '4000' is set on object 'Object Repository/KeatMun/Form 7_default/OTC_Submit Form 7_Section B/Page_PERKESO/B5. Gaji (RM)_salary6'

2019-02-20 18:23:19 - [MESSAGE][PASSED] - Text '4000' is set on object 'Object Repository/KeatMun/Form 7_default/OTC_Submit Form 7_Section B/Page_PERKESO/B5. Gaji (RM)_salary6'

2019-02-20 18:23:19 - [TEST_STEP][PASSED] - delay(2): Delayed 2 second(s)

2019-02-20 18:23:21 - [MESSAGE][PASSED] - Delayed 2 second(s)

2019-02-20 18:23:21 - [TEST_STEP][PASSED] - click(findTestObject("KeatMun/Form 7_default/OTC_Submit Form 7_Section B/Page_PERKESO/B6. Reason JobLost")): Object: 'Object Repository/KeatMun/Form 7_default/OTC_Submit Form 7_Section B/Page_PERKESO/B6. Reason JobLost' is clicked on

2019-02-20 18:23:23 - [MESSAGE][PASSED] - Object: 'Object Repository/KeatMun/Form 7_default/OTC_Submit Form 7_Section B/Page_PERKESO/B6. Reason JobLost' is clicked on

2019-02-20 18:23:23 - [TEST_STEP][PASSED] - click(findTestObject("KeatMun/Form 7_default/OTC_Submit Form 7_Section B/Page_PERKESO/B6. Bencana alam (cth banjir ke")): Object: 'Object Repository/KeatMun/Form 7_default/OTC_Submit Form 7_Section B/Page_PERKESO/B6. Bencana alam (cth banjir ke' is clicked on

2019-02-20 18:23:25 - [MESSAGE][PASSED] - Object: 'Object Repository/KeatMun/Form 7_default/OTC_Submit Form 7_Section B/Page_PERKESO/B6. Bencana alam (cth banjir ke' is clicked on

2019-02-20 18:23:25 - [TEST_STEP][PASSED] - delay(3): Delayed 3 second(s)

2019-02-20 18:23:28 - [MESSAGE][PASSED] - Delayed 3 second(s)

2019-02-20 18:23:28 - [TEST_STEP][PASSED] - setText(findTestObject("KeatMun/Form 7_default/OTC_Submit Form 7_Section B/Page_PERKESO/B7. AverageWorkingHour"), "8"): Text '8' is set on object 'Object Repository/KeatMun/Form 7_default/OTC_Submit Form 7_Section B/Page_PERKESO/B7. AverageWorkingHour'

2019-02-20 18:23:32 - [MESSAGE][PASSED] - Text '8' is set on object 'Object Repository/KeatMun/Form 7_default/OTC_Submit Form 7_Section B/Page_PERKESO/B7. AverageWorkingHour'

2019-02-20 18:23:32 - [TEST_STEP][PASSED] - delay(2): Delayed 2 second(s)

2019-02-20 18:23:34 - [MESSAGE][PASSED] - Delayed 2 second(s)

2019-02-20 18:23:34 - [TEST_STEP][PASSED] - click(findTestObject("KeatMun/Form 7_default/OTC_Submit Form 7_Section B/Page_PERKESO/B8. Tidak_compensationInd")): Object: 'Object Repository/KeatMun/Form 7_default/OTC_Submit Form 7_Section B/Page_PERKESO/B8. Tidak_compensationInd' is clicked on

2019-02-20 18:23:36 - [MESSAGE][PASSED] - Object: 'Object Repository/KeatMun/Form 7_default/OTC_Submit Form 7_Section B/Page_PERKESO/B8. Tidak_compensationInd' is clicked on

2019-02-20 18:23:36 - [TEST_STEP][PASSED] - delay(1): Delayed 1 second(s)

2019-02-20 18:23:37 - [MESSAGE][PASSED] - Delayed 1 second(s)

2019-02-20 18:23:37 - [TEST_STEP][PASSED] - click(findTestObject("KeatMun/Form 7_default/OTC_Submit Form 7_Section B/Page_PERKESO/B9. Tidak_fileCaseInd")): Object: 'Object Repository/KeatMun/Form 7_default/OTC_Submit Form 7_Section B/Page_PERKESO/B9. Tidak_fileCaseInd' is clicked on

2019-02-20 18:23:40 - [MESSAGE][PASSED] - Object: 'Object Repository/KeatMun/Form 7_default/OTC_Submit Form 7_Section B/Page_PERKESO/B9. Tidak_fileCaseInd' is clicked on

2019-02-20 18:23:40 - [TEST_STEP][PASSED] - delay(1): Delayed 1 second(s)

2019-02-20 18:23:41 - [MESSAGE][PASSED] - Delayed 1 second(s)

2019-02-20 18:23:41 - [TEST_STEP][PASSED] - click(findTestObject("KeatMun/Form 7_default/OTC_Submit Form 7_Section B/Page_PERKESO/B10. Tidak_unregisterCaseInd")): Object: 'Object Repository/KeatMun/Form 7_default/OTC_Submit Form 7_Section B/Page_PERKESO/B10. Tidak_unregisterCaseInd' is clicked on

2019-02-20 18:23:43 - [MESSAGE][PASSED] - Object: 'Object Repository/KeatMun/Form 7_default/OTC_Submit Form 7_Section B/Page_PERKESO/B10. Tidak_unregisterCaseInd' is clicked on

2019-02-20 18:23:43 - [TEST_STEP][PASSED] - delay(2): Delayed 2 second(s)

2019-02-20 18:23:45 - [MESSAGE][PASSED] - Delayed 2 second(s)

2019-02-20 18:23:45 - [TEST_STEP][PASSED] - click(findTestObject("KeatMun/Form 7_default/OTC_Submit Form 7_Section B/Page_PERKESO/B11. Halaman Seterusnya")): Object: 'Object Repository/KeatMun/Form 7_default/OTC_Submit Form 7_Section B/Page_PERKESO/B11. Halaman Seterusnya' is clicked on

2019-02-20 18:23:47 - [MESSAGE][PASSED] - Object: 'Object Repository/KeatMun/Form 7_default/OTC_Submit Form 7_Section B/Page_PERKESO/B11. Halaman Seterusnya' is clicked on

2019-02-20 18:23:47 - [TEST_STEP][PASSED] - delay(3): Delayed 3 second(s)

2019-02-20 18:23:50 - [MESSAGE][PASSED] - Delayed 3 second(s)

2019-02-20 18:23:50 - [MESSAGE][PASSED] - Call Test Case 'Test Cases/All TC/Arranged/3. Unit/EI/Form 7_default/OTC_Submit Form 7_Section B' successfully

2019-02-20 18:23:50 - [TEST_STEP][PASSED] - callTestCase(findTestCase("All TC/Arranged/3. Unit/EI/Form 7_default/OTC_Submit Form 7_Section C"), [:], STOP_ON_FAILURE): Call Test Case 'Test Cases/All TC/Arranged/3. Unit/EI/Form 7_default/OTC_Submit Form 7_Section C' successfully

2019-02-20 18:23:50 - [TEST_CASE][PASSED] - Test Cases/All TC/Arranged/3. Unit/EI/Form 7_default/OTC_Submit Form 7_Section C: Test Cases/All TC/Arranged/3. Unit/EI/Form 7_default/OTC_Submit Form 7_Section C

2019-02-20 18:23:50 - [TEST_STEP][PASSED] - delay(2): Delayed 2 second(s)

2019-02-20 18:23:52 - [MESSAGE][PASSED] - Delayed 2 second(s)

2019-02-20 18:23:52 - [TEST_STEP][PASSED] - setText(findTestObject("KeatMun/Form 7_default/OTC_Submit Form 7_Section C/Page_PERKESO/C4. EmployerInfo"), "qwertyuiop"): Text 'qwertyuiop' is set on object 'Object Repository/KeatMun/Form 7_default/OTC_Submit Form 7_Section C/Page_PERKESO/C4. EmployerInfo'

2019-02-20 18:23:56 - [MESSAGE][PASSED] - Text 'qwertyuiop' is set on object 'Object Repository/KeatMun/Form 7_default/OTC_Submit Form 7_Section C/Page_PERKESO/C4. EmployerInfo'

2019-02-20 18:23:56 - [TEST_STEP][PASSED] - delay(2): Delayed 2 second(s)

2019-02-20 18:23:58 - [MESSAGE][PASSED] - Delayed 2 second(s)

2019-02-20 18:23:58 - [TEST_STEP][PASSED] - click(findTestObject("KeatMun/Form 7_default/OTC_Submit Form 7_Section C/Page_PERKESO/C5. Negeri")): Object: 'Object Repository/KeatMun/Form 7_default/OTC_Submit Form 7_Section C/Page_PERKESO/C5. Negeri' is clicked on

2019-02-20 18:24:00 - [MESSAGE][PASSED] - Object: 'Object Repository/KeatMun/Form 7_default/OTC_Submit Form 7_Section C/Page_PERKESO/C5. Negeri' is clicked on

2019-02-20 18:24:00 - [TEST_STEP][PASSED] - delay(2): Delayed 2 second(s)

2019-02-20 18:24:02 - [MESSAGE][PASSED] - Delayed 2 second(s)

2019-02-20 18:24:02 - [TEST_STEP][PASSED] - click(findTestObject("KeatMun/Form 7_default/OTC_Submit Form 7_Section C/Page_PERKESO/C5. JOHOR")): Object: 'Object Repository/KeatMun/Form 7_default/OTC_Submit Form 7_Section C/Page_PERKESO/C5. JOHOR' is clicked on

2019-02-20 18:24:04 - [MESSAGE][PASSED] - Object: 'Object Repository/KeatMun/Form 7_default/OTC_Submit Form 7_Section C/Page_PERKESO/C5. JOHOR' is clicked on

2019-02-20 18:24:04 - [TEST_STEP][PASSED] - delay(3): Delayed 3 second(s)

2019-02-20 18:24:07 - [MESSAGE][PASSED] - Delayed 3 second(s)

2019-02-20 18:24:07 - [TEST_STEP][PASSED] - click(findTestObject("KeatMun/Form 7_default/OTC_Submit Form 7_Section C/Page_PERKESO/C6. City")): Object: 'Object Repository/KeatMun/Form 7_default/OTC_Submit Form 7_Section C/Page_PERKESO/C6. City' is clicked on

2019-02-20 18:24:10 - [MESSAGE][PASSED] - Object: 'Object Repository/KeatMun/Form 7_default/OTC_Submit Form 7_Section C/Page_PERKESO/C6. City' is clicked on

2019-02-20 18:24:10 - [TEST_STEP][PASSED] - delay(2): Delayed 2 second(s)

2019-02-20 18:24:12 - [MESSAGE][PASSED] - Delayed 2 second(s)

2019-02-20 18:24:12 - [TEST_STEP][PASSED] - setText(findTestObject("KeatMun/Form 7_default/OTC_Submit Form 7_Section C/Page_PERKESO/C6. Done_select2-search__fie"), "jo"): Text 'jo' is set on object 'Object Repository/KeatMun/Form 7_default/OTC_Submit Form 7_Section C/Page_PERKESO/C6. Done_select2-search__fie'

2019-02-20 18:24:16 - [MESSAGE][PASSED] - Text 'jo' is set on object 'Object Repository/KeatMun/Form 7_default/OTC_Submit Form 7_Section C/Page_PERKESO/C6. Done_select2-search__fie'

2019-02-20 18:24:16 - [TEST_STEP][PASSED] - setText(findTestObject("KeatMun/Form 7_default/OTC_Submit Form 7_Section C/Page_PERKESO/C6. Concat(id(  select2-city"), "jo"): Text 'jo' is set on object 'Object Repository/KeatMun/Form 7_default/OTC_Submit Form 7_Section C/Page_PERKESO/C6. Concat(id(  select2-city'

2019-02-20 18:24:20 - [MESSAGE][PASSED] - Text 'jo' is set on object 'Object Repository/KeatMun/Form 7_default/OTC_Submit Form 7_Section C/Page_PERKESO/C6. Concat(id(  select2-city'

2019-02-20 18:24:20 - [TEST_STEP][PASSED] - click(findTestObject("KeatMun/Form 7_default/OTC_Submit Form 7_Section C/Page_PERKESO/C6. JOHOR BAHRU")): Object: 'Object Repository/KeatMun/Form 7_default/OTC_Submit Form 7_Section C/Page_PERKESO/C6. JOHOR BAHRU' is clicked on

2019-02-20 18:24:22 - [MESSAGE][PASSED] - Object: 'Object Repository/KeatMun/Form 7_default/OTC_Submit Form 7_Section C/Page_PERKESO/C6. JOHOR BAHRU' is clicked on

2019-02-20 18:24:22 - [TEST_STEP][PASSED] - delay(3): Delayed 3 second(s)

2019-02-20 18:24:25 - [MESSAGE][PASSED] - Delayed 3 second(s)

2019-02-20 18:24:25 - [TEST_STEP][PASSED] - click(findTestObject("KeatMun/Form 7_default/OTC_Submit Form 7_Section C/Page_PERKESO/C7. --Sila Isikan--")): Object: 'Object Repository/KeatMun/Form 7_default/OTC_Submit Form 7_Section C/Page_PERKESO/C7. --Sila Isikan--' is clicked on

2019-02-20 18:24:27 - [MESSAGE][PASSED] - Object: 'Object Repository/KeatMun/Form 7_default/OTC_Submit Form 7_Section C/Page_PERKESO/C7. --Sila Isikan--' is clicked on

2019-02-20 18:24:27 - [TEST_STEP][PASSED] - delay(2): Delayed 2 second(s)

2019-02-20 18:24:29 - [MESSAGE][PASSED] - Delayed 2 second(s)

2019-02-20 18:24:29 - [TEST_STEP][PASSED] - setText(findTestObject("KeatMun/Form 7_default/OTC_Submit Form 7_Section C/Page_PERKESO/C7. Done_select2-search__fie"), "84"): Text '84' is set on object 'Object Repository/KeatMun/Form 7_default/OTC_Submit Form 7_Section C/Page_PERKESO/C7. Done_select2-search__fie'

2019-02-20 18:24:33 - [MESSAGE][PASSED] - Text '84' is set on object 'Object Repository/KeatMun/Form 7_default/OTC_Submit Form 7_Section C/Page_PERKESO/C7. Done_select2-search__fie'

2019-02-20 18:24:33 - [TEST_STEP][PASSED] - setText(findTestObject("KeatMun/Form 7_default/OTC_Submit Form 7_Section C/Page_PERKESO/C7. Concat(id(  select2-post"), "84"): Text '84' is set on object 'Object Repository/KeatMun/Form 7_default/OTC_Submit Form 7_Section C/Page_PERKESO/C7. Concat(id(  select2-post'

2019-02-20 18:24:38 - [MESSAGE][PASSED] - Text '84' is set on object 'Object Repository/KeatMun/Form 7_default/OTC_Submit Form 7_Section C/Page_PERKESO/C7. Concat(id(  select2-post'

2019-02-20 18:24:38 - [TEST_STEP][PASSED] - click(findTestObject("KeatMun/Form 7_default/OTC_Submit Form 7_Section C/Page_PERKESO/C7. 84000")): Object: 'Object Repository/KeatMun/Form 7_default/OTC_Submit Form 7_Section C/Page_PERKESO/C7. 84000' is clicked on

2019-02-20 18:24:40 - [MESSAGE][PASSED] - Object: 'Object Repository/KeatMun/Form 7_default/OTC_Submit Form 7_Section C/Page_PERKESO/C7. 84000' is clicked on

2019-02-20 18:24:40 - [TEST_STEP][PASSED] - delay(3): Delayed 3 second(s)

2019-02-20 18:24:43 - [MESSAGE][PASSED] - Delayed 3 second(s)

2019-02-20 18:24:43 - [TEST_STEP][PASSED] - click(findTestObject("KeatMun/Form 7_default/OTC_Submit Form 7_Section C/Page_PERKESO/C8. Tidak_employerInfo.emplo")): Object: 'Object Repository/KeatMun/Form 7_default/OTC_Submit Form 7_Section C/Page_PERKESO/C8. Tidak_employerInfo.emplo' is clicked on

2019-02-20 18:24:45 - [MESSAGE][PASSED] - Object: 'Object Repository/KeatMun/Form 7_default/OTC_Submit Form 7_Section C/Page_PERKESO/C8. Tidak_employerInfo.emplo' is clicked on

2019-02-20 18:24:45 - [TEST_STEP][PASSED] - delay(2): Delayed 2 second(s)

2019-02-20 18:24:47 - [MESSAGE][PASSED] - Delayed 2 second(s)

2019-02-20 18:24:47 - [TEST_STEP][PASSED] - setText(findTestObject("KeatMun/Form 7_default/OTC_Submit Form 7_Section C/Page_PERKESO/C9. EmployerName"), "qwertyuiop"): Text 'qwertyuiop' is set on object 'Object Repository/KeatMun/Form 7_default/OTC_Submit Form 7_Section C/Page_PERKESO/C9. EmployerName'

2019-02-20 18:24:51 - [MESSAGE][PASSED] - Text 'qwertyuiop' is set on object 'Object Repository/KeatMun/Form 7_default/OTC_Submit Form 7_Section C/Page_PERKESO/C9. EmployerName'

2019-02-20 18:24:51 - [TEST_STEP][PASSED] - delay(2): Delayed 2 second(s)

2019-02-20 18:24:53 - [MESSAGE][PASSED] - Delayed 2 second(s)

2019-02-20 18:24:53 - [TEST_STEP][PASSED] - setText(findTestObject("KeatMun/Form 7_default/OTC_Submit Form 7_Section C/Page_PERKESO/C10. EmployerIC"), "1234567890"): Text '1234567890' is set on object 'Object Repository/KeatMun/Form 7_default/OTC_Submit Form 7_Section C/Page_PERKESO/C10. EmployerIC'

2019-02-20 18:24:57 - [MESSAGE][PASSED] - Text '1234567890' is set on object 'Object Repository/KeatMun/Form 7_default/OTC_Submit Form 7_Section C/Page_PERKESO/C10. EmployerIC'

2019-02-20 18:24:57 - [TEST_STEP][PASSED] - delay(3): Delayed 3 second(s)

2019-02-20 18:25:00 - [MESSAGE][PASSED] - Delayed 3 second(s)

2019-02-20 18:25:00 - [TEST_STEP][PASSED] - click(findTestObject("KeatMun/Form 7_default/OTC_Submit Form 7_Section C/Page_PERKESO/C11. Halaman Seterusnya")): Object: 'Object Repository/KeatMun/Form 7_default/OTC_Submit Form 7_Section C/Page_PERKESO/C11. Halaman Seterusnya' is clicked on

2019-02-20 18:25:03 - [MESSAGE][PASSED] - Object: 'Object Repository/KeatMun/Form 7_default/OTC_Submit Form 7_Section C/Page_PERKESO/C11. Halaman Seterusnya' is clicked on

2019-02-20 18:25:03 - [TEST_STEP][PASSED] - delay(3): Delayed 3 second(s)

2019-02-20 18:25:06 - [MESSAGE][PASSED] - Delayed 3 second(s)

2019-02-20 18:25:06 - [MESSAGE][PASSED] - Call Test Case 'Test Cases/All TC/Arranged/3. Unit/EI/Form 7_default/OTC_Submit Form 7_Section C' successfully

2019-02-20 18:25:06 - [TEST_STEP][PASSED] - callTestCase(findTestCase("All TC/Arranged/3. Unit/EI/Form 7_default/OTC_Submit Form 7_Section D-E"), [:], STOP_ON_FAILURE): Call Test Case 'Test Cases/All TC/Arranged/3. Unit/EI/Form 7_default/OTC_Submit Form 7_Section D-E' successfully

2019-02-20 18:25:06 - [TEST_CASE][PASSED] - Test Cases/All TC/Arranged/3. Unit/EI/Form 7_default/OTC_Submit Form 7_Section D-E: Test Cases/All TC/Arranged/3. Unit/EI/Form 7_default/OTC_Submit Form 7_Section D-E

2019-02-20 18:25:06 - [TEST_STEP][PASSED] - delay(3): Delayed 3 second(s)

2019-02-20 18:25:09 - [MESSAGE][PASSED] - Delayed 3 second(s)

2019-02-20 18:25:09 - [TEST_STEP][PASSED] - click(findTestObject("KeatMun/Form 7_default/OTC_Submit Form 7_Section D-E/Page_PERKESO/D1. NO_otherActiveEmploye")): Object: 'Object Repository/KeatMun/Form 7_default/OTC_Submit Form 7_Section D-E/Page_PERKESO/D1. NO_otherActiveEmploye' is clicked on

2019-02-20 18:25:11 - [MESSAGE][PASSED] - Object: 'Object Repository/KeatMun/Form 7_default/OTC_Submit Form 7_Section D-E/Page_PERKESO/D1. NO_otherActiveEmploye' is clicked on

2019-02-20 18:25:11 - [TEST_STEP][PASSED] - delay(4): Delayed 4 second(s)

2019-02-20 18:25:15 - [MESSAGE][PASSED] - Delayed 4 second(s)

2019-02-20 18:25:15 - [TEST_STEP][PASSED] - click(findTestObject("KeatMun/Form 7_default/OTC_Submit Form 7_Section D-E/Page_PERKESO/D2. Halaman Seterusnya")): Object: 'Object Repository/KeatMun/Form 7_default/OTC_Submit Form 7_Section D-E/Page_PERKESO/D2. Halaman Seterusnya' is clicked on

2019-02-20 18:25:17 - [MESSAGE][PASSED] - Object: 'Object Repository/KeatMun/Form 7_default/OTC_Submit Form 7_Section D-E/Page_PERKESO/D2. Halaman Seterusnya' is clicked on

2019-02-20 18:25:17 - [TEST_STEP][PASSED] - delay(5): Delayed 5 second(s)

2019-02-20 18:25:22 - [MESSAGE][PASSED] - Delayed 5 second(s)

2019-02-20 18:25:22 - [TEST_STEP][PASSED] - setText(findTestObject("KeatMun/Form 7_default/OTC_Submit Form 7_Section D-E/Page_PERKESO/E1. Input__totalExpYear"), "1"): Text '1' is set on object 'Object Repository/KeatMun/Form 7_default/OTC_Submit Form 7_Section D-E/Page_PERKESO/E1. Input__totalExpYear'

2019-02-20 18:25:26 - [MESSAGE][PASSED] - Text '1' is set on object 'Object Repository/KeatMun/Form 7_default/OTC_Submit Form 7_Section D-E/Page_PERKESO/E1. Input__totalExpYear'

2019-02-20 18:25:26 - [TEST_STEP][PASSED] - delay(2): Delayed 2 second(s)

2019-02-20 18:25:28 - [MESSAGE][PASSED] - Delayed 2 second(s)

2019-02-20 18:25:28 - [TEST_STEP][PASSED] - setText(findTestObject("KeatMun/Form 7_default/OTC_Submit Form 7_Section D-E/Page_PERKESO/E1. Tahun_totalExpMonth"), "1"): Text '1' is set on object 'Object Repository/KeatMun/Form 7_default/OTC_Submit Form 7_Section D-E/Page_PERKESO/E1. Tahun_totalExpMonth'

2019-02-20 18:25:32 - [MESSAGE][PASSED] - Text '1' is set on object 'Object Repository/KeatMun/Form 7_default/OTC_Submit Form 7_Section D-E/Page_PERKESO/E1. Tahun_totalExpMonth'

2019-02-20 18:25:32 - [TEST_STEP][PASSED] - delay(2): Delayed 2 second(s)

2019-02-20 18:25:34 - [MESSAGE][PASSED] - Delayed 2 second(s)

2019-02-20 18:25:34 - [TEST_STEP][PASSED] - click(findTestObject("KeatMun/Form 7_default/OTC_Submit Form 7_Section D-E/Page_PERKESO/E2. Edu-Level")): Object: 'Object Repository/KeatMun/Form 7_default/OTC_Submit Form 7_Section D-E/Page_PERKESO/E2. Edu-Level' is clicked on

2019-02-20 18:25:36 - [MESSAGE][PASSED] - Object: 'Object Repository/KeatMun/Form 7_default/OTC_Submit Form 7_Section D-E/Page_PERKESO/E2. Edu-Level' is clicked on

2019-02-20 18:25:36 - [TEST_STEP][PASSED] - delay(2): Delayed 2 second(s)

2019-02-20 18:25:38 - [MESSAGE][PASSED] - Delayed 2 second(s)

2019-02-20 18:25:38 - [TEST_STEP][PASSED] - click(findTestObject("KeatMun/Form 7_default/OTC_Submit Form 7_Section D-E/Page_PERKESO/E2. PMRPT3")): Object: 'Object Repository/KeatMun/Form 7_default/OTC_Submit Form 7_Section D-E/Page_PERKESO/E2. PMRPT3' is clicked on

2019-02-20 18:25:41 - [MESSAGE][PASSED] - Object: 'Object Repository/KeatMun/Form 7_default/OTC_Submit Form 7_Section D-E/Page_PERKESO/E2. PMRPT3' is clicked on

2019-02-20 18:25:41 - [TEST_STEP][PASSED] - delay(3): Delayed 3 second(s)

2019-02-20 18:25:44 - [MESSAGE][PASSED] - Delayed 3 second(s)

2019-02-20 18:25:44 - [TEST_STEP][PASSED] - click(findTestObject("KeatMun/Form 7_default/OTC_Submit Form 7_Section D-E/Page_PERKESO/E3. Job-Choice")): Object: 'Object Repository/KeatMun/Form 7_default/OTC_Submit Form 7_Section D-E/Page_PERKESO/E3. Job-Choice' is clicked on

2019-02-20 18:25:46 - [MESSAGE][PASSED] - Object: 'Object Repository/KeatMun/Form 7_default/OTC_Submit Form 7_Section D-E/Page_PERKESO/E3. Job-Choice' is clicked on

2019-02-20 18:25:46 - [TEST_STEP][PASSED] - delay(2): Delayed 2 second(s)

2019-02-20 18:25:48 - [MESSAGE][PASSED] - Delayed 2 second(s)

2019-02-20 18:25:48 - [TEST_STEP][PASSED] - setText(findTestObject("KeatMun/Form 7_default/OTC_Submit Form 7_Section D-E/Page_PERKESO/E3. Done_select2-search__fie"), "re"): Text 're' is set on object 'Object Repository/KeatMun/Form 7_default/OTC_Submit Form 7_Section D-E/Page_PERKESO/E3. Done_select2-search__fie'

2019-02-20 18:25:52 - [MESSAGE][PASSED] - Text 're' is set on object 'Object Repository/KeatMun/Form 7_default/OTC_Submit Form 7_Section D-E/Page_PERKESO/E3. Done_select2-search__fie'

2019-02-20 18:25:52 - [TEST_STEP][PASSED] - click(findTestObject("KeatMun/Form 7_default/OTC_Submit Form 7_Section D-E/Page_PERKESO/E3. Arkitek Reka Bentuk")): Object: 'Object Repository/KeatMun/Form 7_default/OTC_Submit Form 7_Section D-E/Page_PERKESO/E3. Arkitek Reka Bentuk' is clicked on

2019-02-20 18:25:54 - [MESSAGE][PASSED] - Object: 'Object Repository/KeatMun/Form 7_default/OTC_Submit Form 7_Section D-E/Page_PERKESO/E3. Arkitek Reka Bentuk' is clicked on

2019-02-20 18:25:54 - [TEST_STEP][PASSED] - delay(2): Delayed 2 second(s)

2019-02-20 18:25:56 - [MESSAGE][PASSED] - Delayed 2 second(s)

2019-02-20 18:25:56 - [TEST_STEP][PASSED] - click(findTestObject("KeatMun/Form 7_default/OTC_Submit Form 7_Section D-E/Page_PERKESO/E4. Job_Location")): Object: 'Object Repository/KeatMun/Form 7_default/OTC_Submit Form 7_Section D-E/Page_PERKESO/E4. Job_Location' is clicked on

2019-02-20 18:25:58 - [MESSAGE][PASSED] - Object: 'Object Repository/KeatMun/Form 7_default/OTC_Submit Form 7_Section D-E/Page_PERKESO/E4. Job_Location' is clicked on

2019-02-20 18:25:58 - [TEST_STEP][PASSED] - delay(2): Delayed 2 second(s)

2019-02-20 18:26:00 - [MESSAGE][PASSED] - Delayed 2 second(s)

2019-02-20 18:26:00 - [TEST_STEP][PASSED] - click(findTestObject("KeatMun/Form 7_default/OTC_Submit Form 7_Section D-E/Page_PERKESO/E4. JOHOR")): Object: 'Object Repository/KeatMun/Form 7_default/OTC_Submit Form 7_Section D-E/Page_PERKESO/E4. JOHOR' is clicked on

2019-02-20 18:26:02 - [MESSAGE][PASSED] - Object: 'Object Repository/KeatMun/Form 7_default/OTC_Submit Form 7_Section D-E/Page_PERKESO/E4. JOHOR' is clicked on

2019-02-20 18:26:02 - [TEST_STEP][PASSED] - delay(2): Delayed 2 second(s)

2019-02-20 18:26:04 - [MESSAGE][PASSED] - Delayed 2 second(s)

2019-02-20 18:26:04 - [TEST_STEP][PASSED] - click(findTestObject("KeatMun/Form 7_default/OTC_Submit Form 7_Section D-E/Page_PERKESO/E7. NO_disability")): Object: 'Object Repository/KeatMun/Form 7_default/OTC_Submit Form 7_Section D-E/Page_PERKESO/E7. NO_disability' is clicked on

2019-02-20 18:26:06 - [MESSAGE][PASSED] - Object: 'Object Repository/KeatMun/Form 7_default/OTC_Submit Form 7_Section D-E/Page_PERKESO/E7. NO_disability' is clicked on

2019-02-20 18:26:06 - [TEST_STEP][PASSED] - delay(2): Delayed 2 second(s)

2019-02-20 18:26:08 - [MESSAGE][PASSED] - Delayed 2 second(s)

2019-02-20 18:26:08 - [TEST_STEP][PASSED] - click(findTestObject("KeatMun/Form 7_default/OTC_Submit Form 7_Section D-E/Page_PERKESO/E8. NO_disabilityApplyInd")): Object: 'Object Repository/KeatMun/Form 7_default/OTC_Submit Form 7_Section D-E/Page_PERKESO/E8. NO_disabilityApplyInd' is clicked on

2019-02-20 18:26:11 - [MESSAGE][PASSED] - Object: 'Object Repository/KeatMun/Form 7_default/OTC_Submit Form 7_Section D-E/Page_PERKESO/E8. NO_disabilityApplyInd' is clicked on

2019-02-20 18:26:11 - [TEST_STEP][PASSED] - delay(2): Delayed 2 second(s)

2019-02-20 18:26:13 - [MESSAGE][PASSED] - Delayed 2 second(s)

2019-02-20 18:26:13 - [TEST_STEP][PASSED] - click(findTestObject("KeatMun/Form 7_default/OTC_Submit Form 7_Section D-E/Page_PERKESO/E9. YES_ReEmployment")): Object: 'Object Repository/KeatMun/Form 7_default/OTC_Submit Form 7_Section D-E/Page_PERKESO/E9. YES_ReEmployment' is clicked on

2019-02-20 18:26:15 - [MESSAGE][PASSED] - Object: 'Object Repository/KeatMun/Form 7_default/OTC_Submit Form 7_Section D-E/Page_PERKESO/E9. YES_ReEmployment' is clicked on

2019-02-20 18:26:15 - [TEST_STEP][PASSED] - delay(2): Delayed 2 second(s)

2019-02-20 18:26:17 - [MESSAGE][PASSED] - Delayed 2 second(s)

2019-02-20 18:26:17 - [TEST_STEP][PASSED] - click(findTestObject("KeatMun/Form 7_default/OTC_Submit Form 7_Section D-E/Page_PERKESO/E10. Halaman Seterusnya")): Object: 'Object Repository/KeatMun/Form 7_default/OTC_Submit Form 7_Section D-E/Page_PERKESO/E10. Halaman Seterusnya' is clicked on

2019-02-20 18:26:19 - [MESSAGE][PASSED] - Object: 'Object Repository/KeatMun/Form 7_default/OTC_Submit Form 7_Section D-E/Page_PERKESO/E10. Halaman Seterusnya' is clicked on

2019-02-20 18:26:19 - [TEST_STEP][PASSED] - delay(3): Delayed 3 second(s)

2019-02-20 18:26:22 - [MESSAGE][PASSED] - Delayed 3 second(s)

2019-02-20 18:26:22 - [MESSAGE][PASSED] - Call Test Case 'Test Cases/All TC/Arranged/3. Unit/EI/Form 7_default/OTC_Submit Form 7_Section D-E' successfully

2019-02-20 18:26:22 - [TEST_STEP][FAILED] - callTestCase(findTestCase("All TC/Arranged/3. Unit/EI/Form 7_default/OTC_Submit Form 7_Section F-G-H - Cheque"), [:], STOP_ON_FAILURE): callTestCase(findTestCase("All TC/Arranged/3. Unit/EI/Form 7_default/OTC_Submit Form 7_Section F-G-H - Cheque"), [:], STOP_ON_FAILURE) FAILED.
Reason:
com.kms.katalon.core.exception.StepFailedException: Unable to click on object 'Object Repository/KeatMun/Form 7_default/OTC_Submit Form 7_Section F-G-H/Page_PERKESO/G2. span_Isteri' (Root cause: com.kms.katalon.core.webui.exception.WebElementNotFoundException: Web element with id: 'Object Repository/KeatMun/Form 7_default/OTC_Submit Form 7_Section F-G-H/Page_PERKESO/G2. span_Isteri' located by 'By.xpath: //span[@id = 'select2-dependentList0dependentRelationId-container' and @title = 'Isteri' and (text() = 'Isteri' or . = 'Isteri')]' not found)
	at com.kms.katalon.core.keyword.internal.KeywordMain.stepFailed(KeywordMain.groovy:36)
	at com.kms.katalon.core.webui.keyword.internal.WebUIKeywordMain.stepFailed(WebUIKeywordMain.groovy:65)
	at com.kms.katalon.core.webui.keyword.internal.WebUIKeywordMain.runKeyword(WebUIKeywordMain.groovy:27)
	at com.kms.katalon.core.webui.keyword.builtin.ClickKeyword.click(ClickKeyword.groovy:86)
	at com.kms.katalon.core.webui.keyword.builtin.ClickKeyword.execute(ClickKeyword.groovy:67)
	at com.kms.katalon.core.keyword.internal.KeywordExecutor.executeKeywordForPlatform(KeywordExecutor.groovy:53)
	at com.kms.katalon.core.webui.keyword.WebUiBuiltInKeywords.click(WebUiBuiltInKeywords.groovy:616)
	at com.kms.katalon.core.webui.keyword.WebUiBuiltInKeywords$click$3.call(Unknown Source)
	at OTC_Submit Form 7_Section F-G-H - Cheque.run(OTC_Submit Form 7_Section F-G-H - Cheque:41)
	at com.kms.katalon.core.main.ScriptEngine.run(ScriptEngine.java:194)
	at com.kms.katalon.core.main.ScriptEngine.runScriptAsRawText(ScriptEngine.java:119)
	at com.kms.katalon.core.main.TestCaseExecutor.runScript(TestCaseExecutor.java:328)
	at com.kms.katalon.core.main.TestCaseExecutor.doExecute(TestCaseExecutor.java:319)
	at com.kms.katalon.core.main.TestCaseExecutor.processExecutionPhase(TestCaseExecutor.java:298)
	at com.kms.katalon.core.main.TestCaseExecutor.accessMainPhase(TestCaseExecutor.java:290)
	at com.kms.katalon.core.main.TestCaseExecutor.execute(TestCaseExecutor.java:224)
	at com.kms.katalon.core.main.TestCaseMain.runTestCase(TestCaseMain.java:106)
	at com.kms.katalon.core.keyword.builtin.CallTestCaseKeyword$_callTestCase_closure1.doCall(CallTestCaseKeyword.groovy:59)
	at com.kms.katalon.core.keyword.builtin.CallTestCaseKeyword$_callTestCase_closure1.call(CallTestCaseKeyword.groovy)
	at com.kms.katalon.core.keyword.internal.KeywordMain.runKeyword(KeywordMain.groovy:54)
	at com.kms.katalon.core.keyword.builtin.CallTestCaseKeyword.callTestCase(CallTestCaseKeyword.groovy:80)
	at com.kms.katalon.core.keyword.builtin.CallTestCaseKeyword.execute(CallTestCaseKeyword.groovy:44)
	at com.kms.katalon.core.keyword.internal.KeywordExecutor.executeKeywordForPlatform(KeywordExecutor.groovy:53)
	at com.kms.katalon.core.keyword.BuiltinKeywords.callTestCase(BuiltinKeywords.groovy:334)
	at OTC_Submit Form 7_End to End - Cheque.run(OTC_Submit Form 7_End to End - Cheque:26)
	at com.kms.katalon.core.main.ScriptEngine.run(ScriptEngine.java:194)
	at com.kms.katalon.core.main.ScriptEngine.runScriptAsRawText(ScriptEngine.java:119)
	at com.kms.katalon.core.main.TestCaseExecutor.runScript(TestCaseExecutor.java:328)
	at com.kms.katalon.core.main.TestCaseExecutor.doExecute(TestCaseExecutor.java:319)
	at com.kms.katalon.core.main.TestCaseExecutor.processExecutionPhase(TestCaseExecutor.java:298)
	at com.kms.katalon.core.main.TestCaseExecutor.accessMainPhase(TestCaseExecutor.java:290)
	at com.kms.katalon.core.main.TestCaseExecutor.execute(TestCaseExecutor.java:224)
	at com.kms.katalon.core.main.TestCaseMain.runTestCase(TestCaseMain.java:106)
	at com.kms.katalon.core.keyword.builtin.CallTestCaseKeyword$_callTestCase_closure1.doCall(CallTestCaseKeyword.groovy:59)
	at com.kms.katalon.core.keyword.builtin.CallTestCaseKeyword$_callTestCase_closure1.call(CallTestCaseKeyword.groovy)
	at com.kms.katalon.core.keyword.internal.KeywordMain.runKeyword(KeywordMain.groovy:54)
	at com.kms.katalon.core.keyword.builtin.CallTestCaseKeyword.callTestCase(CallTestCaseKeyword.groovy:80)
	at com.kms.katalon.core.keyword.builtin.CallTestCaseKeyword.execute(CallTestCaseKeyword.groovy:44)
	at com.kms.katalon.core.keyword.internal.KeywordExecutor.executeKeywordForPlatform(KeywordExecutor.groovy:53)
	at com.kms.katalon.core.keyword.BuiltinKeywords.callTestCase(BuiltinKeywords.groovy:334)
	at Same branch - EI Clerk.run(Same branch - EI Clerk:16)
	at com.kms.katalon.core.main.ScriptEngine.run(ScriptEngine.java:194)
	at com.kms.katalon.core.main.ScriptEngine.runScriptAsRawText(ScriptEngine.java:119)
	at com.kms.katalon.core.main.TestCaseExecutor.runScript(TestCaseExecutor.java:328)
	at com.kms.katalon.core.main.TestCaseExecutor.doExecute(TestCaseExecutor.java:319)
	at com.kms.katalon.core.main.TestCaseExecutor.processExecutionPhase(TestCaseExecutor.java:298)
	at com.kms.katalon.core.main.TestCaseExecutor.accessMainPhase(TestCaseExecutor.java:290)
	at com.kms.katalon.core.main.TestCaseExecutor.execute(TestCaseExecutor.java:224)
	at com.kms.katalon.core.main.TestSuiteExecutor.accessTestCaseMainPhase(TestSuiteExecutor.java:129)
	at com.kms.katalon.core.main.TestSuiteExecutor.accessTestSuiteMainPhase(TestSuiteExecutor.java:112)
	at com.kms.katalon.core.main.TestSuiteExecutor.execute(TestSuiteExecutor.java:81)
	at com.kms.katalon.core.main.TestCaseMain.startTestSuite(TestCaseMain.java:149)
	at com.kms.katalon.core.main.TestCaseMain$startTestSuite$0.call(Unknown Source)
	at TempTestSuite1550652525208.run(TempTestSuite1550652525208.groovy:36)


2019-02-20 18:26:22 - [TEST_CASE][FAILED] - Test Cases/All TC/Arranged/3. Unit/EI/Form 7_default/OTC_Submit Form 7_Section F-G-H - Cheque: Test Cases/All TC/Arranged/3. Unit/EI/Form 7_default/OTC_Submit Form 7_Section F-G-H - Cheque FAILED.
Reason:
com.kms.katalon.core.exception.StepFailedException: Unable to click on object 'Object Repository/KeatMun/Form 7_default/OTC_Submit Form 7_Section F-G-H/Page_PERKESO/G2. span_Isteri' (Root cause: com.kms.katalon.core.webui.exception.WebElementNotFoundException: Web element with id: 'Object Repository/KeatMun/Form 7_default/OTC_Submit Form 7_Section F-G-H/Page_PERKESO/G2. span_Isteri' located by 'By.xpath: //span[@id = 'select2-dependentList0dependentRelationId-container' and @title = 'Isteri' and (text() = 'Isteri' or . = 'Isteri')]' not found)
	at com.kms.katalon.core.keyword.internal.KeywordMain.stepFailed(KeywordMain.groovy:36)
	at com.kms.katalon.core.webui.keyword.internal.WebUIKeywordMain.stepFailed(WebUIKeywordMain.groovy:65)
	at com.kms.katalon.core.webui.keyword.internal.WebUIKeywordMain.runKeyword(WebUIKeywordMain.groovy:27)
	at com.kms.katalon.core.webui.keyword.builtin.ClickKeyword.click(ClickKeyword.groovy:86)
	at com.kms.katalon.core.webui.keyword.builtin.ClickKeyword.execute(ClickKeyword.groovy:67)
	at com.kms.katalon.core.keyword.internal.KeywordExecutor.executeKeywordForPlatform(KeywordExecutor.groovy:53)
	at com.kms.katalon.core.webui.keyword.WebUiBuiltInKeywords.click(WebUiBuiltInKeywords.groovy:616)
	at com.kms.katalon.core.webui.keyword.WebUiBuiltInKeywords$click$3.call(Unknown Source)
	at OTC_Submit Form 7_Section F-G-H - Cheque.run(OTC_Submit Form 7_Section F-G-H - Cheque:41)
	at com.kms.katalon.core.main.ScriptEngine.run(ScriptEngine.java:194)
	at com.kms.katalon.core.main.ScriptEngine.runScriptAsRawText(ScriptEngine.java:119)
	at com.kms.katalon.core.main.TestCaseExecutor.runScript(TestCaseExecutor.java:328)
	at com.kms.katalon.core.main.TestCaseExecutor.doExecute(TestCaseExecutor.java:319)
	at com.kms.katalon.core.main.TestCaseExecutor.processExecutionPhase(TestCaseExecutor.java:298)
	at com.kms.katalon.core.main.TestCaseExecutor.accessMainPhase(TestCaseExecutor.java:290)
	at com.kms.katalon.core.main.TestCaseExecutor.execute(TestCaseExecutor.java:224)
	at com.kms.katalon.core.main.TestCaseMain.runTestCase(TestCaseMain.java:106)
	at com.kms.katalon.core.keyword.builtin.CallTestCaseKeyword$_callTestCase_closure1.doCall(CallTestCaseKeyword.groovy:59)
	at com.kms.katalon.core.keyword.builtin.CallTestCaseKeyword$_callTestCase_closure1.call(CallTestCaseKeyword.groovy)
	at com.kms.katalon.core.keyword.internal.KeywordMain.runKeyword(KeywordMain.groovy:54)
	at com.kms.katalon.core.keyword.builtin.CallTestCaseKeyword.callTestCase(CallTestCaseKeyword.groovy:80)
	at com.kms.katalon.core.keyword.builtin.CallTestCaseKeyword.execute(CallTestCaseKeyword.groovy:44)
	at com.kms.katalon.core.keyword.internal.KeywordExecutor.executeKeywordForPlatform(KeywordExecutor.groovy:53)
	at com.kms.katalon.core.keyword.BuiltinKeywords.callTestCase(BuiltinKeywords.groovy:334)
	at OTC_Submit Form 7_End to End - Cheque.run(OTC_Submit Form 7_End to End - Cheque:26)
	at com.kms.katalon.core.main.ScriptEngine.run(ScriptEngine.java:194)
	at com.kms.katalon.core.main.ScriptEngine.runScriptAsRawText(ScriptEngine.java:119)
	at com.kms.katalon.core.main.TestCaseExecutor.runScript(TestCaseExecutor.java:328)
	at com.kms.katalon.core.main.TestCaseExecutor.doExecute(TestCaseExecutor.java:319)
	at com.kms.katalon.core.main.TestCaseExecutor.processExecutionPhase(TestCaseExecutor.java:298)
	at com.kms.katalon.core.main.TestCaseExecutor.accessMainPhase(TestCaseExecutor.java:290)
	at com.kms.katalon.core.main.TestCaseExecutor.execute(TestCaseExecutor.java:224)
	at com.kms.katalon.core.main.TestCaseMain.runTestCase(TestCaseMain.java:106)
	at com.kms.katalon.core.keyword.builtin.CallTestCaseKeyword$_callTestCase_closure1.doCall(CallTestCaseKeyword.groovy:59)
	at com.kms.katalon.core.keyword.builtin.CallTestCaseKeyword$_callTestCase_closure1.call(CallTestCaseKeyword.groovy)
	at com.kms.katalon.core.keyword.internal.KeywordMain.runKeyword(KeywordMain.groovy:54)
	at com.kms.katalon.core.keyword.builtin.CallTestCaseKeyword.callTestCase(CallTestCaseKeyword.groovy:80)
	at com.kms.katalon.core.keyword.builtin.CallTestCaseKeyword.execute(CallTestCaseKeyword.groovy:44)
	at com.kms.katalon.core.keyword.internal.KeywordExecutor.executeKeywordForPlatform(KeywordExecutor.groovy:53)
	at com.kms.katalon.core.keyword.BuiltinKeywords.callTestCase(BuiltinKeywords.groovy:334)
	at Same branch - EI Clerk.run(Same branch - EI Clerk:16)
	at com.kms.katalon.core.main.ScriptEngine.run(ScriptEngine.java:194)
	at com.kms.katalon.core.main.ScriptEngine.runScriptAsRawText(ScriptEngine.java:119)
	at com.kms.katalon.core.main.TestCaseExecutor.runScript(TestCaseExecutor.java:328)
	at com.kms.katalon.core.main.TestCaseExecutor.doExecute(TestCaseExecutor.java:319)
	at com.kms.katalon.core.main.TestCaseExecutor.processExecutionPhase(TestCaseExecutor.java:298)
	at com.kms.katalon.core.main.TestCaseExecutor.accessMainPhase(TestCaseExecutor.java:290)
	at com.kms.katalon.core.main.TestCaseExecutor.execute(TestCaseExecutor.java:224)
	at com.kms.katalon.core.main.TestSuiteExecutor.accessTestCaseMainPhase(TestSuiteExecutor.java:129)
	at com.kms.katalon.core.main.TestSuiteExecutor.accessTestSuiteMainPhase(TestSuiteExecutor.java:112)
	at com.kms.katalon.core.main.TestSuiteExecutor.execute(TestSuiteExecutor.java:81)
	at com.kms.katalon.core.main.TestCaseMain.startTestSuite(TestCaseMain.java:149)
	at com.kms.katalon.core.main.TestCaseMain$startTestSuite$0.call(Unknown Source)
	at TempTestSuite1550652525208.run(TempTestSuite1550652525208.groovy:36)


2019-02-20 18:26:22 - [TEST_STEP][PASSED] - delay(3): Delayed 3 second(s)

2019-02-20 18:26:25 - [MESSAGE][PASSED] - Delayed 3 second(s)

2019-02-20 18:26:25 - [TEST_STEP][PASSED] - click(findTestObject("KeatMun/Form 7_default/OTC_Submit Form 7_Section F-G-H/Page_PERKESO/F1. Bankrup_yes")): Object: 'Object Repository/KeatMun/Form 7_default/OTC_Submit Form 7_Section F-G-H/Page_PERKESO/F1. Bankrup_yes' is clicked on

2019-02-20 18:26:27 - [MESSAGE][PASSED] - Object: 'Object Repository/KeatMun/Form 7_default/OTC_Submit Form 7_Section F-G-H/Page_PERKESO/F1. Bankrup_yes' is clicked on

2019-02-20 18:26:27 - [TEST_STEP][PASSED] - delay(3): Delayed 3 second(s)

2019-02-20 18:26:30 - [MESSAGE][PASSED] - Delayed 3 second(s)

2019-02-20 18:26:30 - [TEST_STEP][PASSED] - click(findTestObject("KeatMun/Form 7_default/OTC_Submit Form 7_Section F-G-H/Page_PERKESO/F2. Next_Page_AfterBankInfo")): Object: 'Object Repository/KeatMun/Form 7_default/OTC_Submit Form 7_Section F-G-H/Page_PERKESO/F2. Next_Page_AfterBankInfo' is clicked on

2019-02-20 18:26:32 - [MESSAGE][PASSED] - Object: 'Object Repository/KeatMun/Form 7_default/OTC_Submit Form 7_Section F-G-H/Page_PERKESO/F2. Next_Page_AfterBankInfo' is clicked on

2019-02-20 18:26:32 - [TEST_STEP][PASSED] - delay(5): Delayed 5 second(s)

2019-02-20 18:26:37 - [MESSAGE][PASSED] - Delayed 5 second(s)

2019-02-20 18:26:37 - [TEST_STEP][PASSED] - setText(findTestObject("KeatMun/Form 7_default/OTC_Submit Form 7_Section F-G-H/Page_PERKESO/G2. Hubungan dengan OB-nama"), "qwertyuiop"): Text 'qwertyuiop' is set on object 'Object Repository/KeatMun/Form 7_default/OTC_Submit Form 7_Section F-G-H/Page_PERKESO/G2. Hubungan dengan OB-nama'

2019-02-20 18:26:42 - [MESSAGE][PASSED] - Text 'qwertyuiop' is set on object 'Object Repository/KeatMun/Form 7_default/OTC_Submit Form 7_Section F-G-H/Page_PERKESO/G2. Hubungan dengan OB-nama'

2019-02-20 18:26:42 - [TEST_STEP][PASSED] - delay(2): Delayed 2 second(s)

2019-02-20 18:26:44 - [MESSAGE][PASSED] - Delayed 2 second(s)

2019-02-20 18:26:44 - [TEST_STEP][PASSED] - setText(findTestObject("KeatMun/Form 7_default/OTC_Submit Form 7_Section F-G-H/Page_PERKESO/G2. Hubungan dengan OB-ic.no"), "111111223333"): Text '111111223333' is set on object 'Object Repository/KeatMun/Form 7_default/OTC_Submit Form 7_Section F-G-H/Page_PERKESO/G2. Hubungan dengan OB-ic.no'

2019-02-20 18:26:48 - [MESSAGE][PASSED] - Text '111111223333' is set on object 'Object Repository/KeatMun/Form 7_default/OTC_Submit Form 7_Section F-G-H/Page_PERKESO/G2. Hubungan dengan OB-ic.no'

2019-02-20 18:26:48 - [TEST_STEP][PASSED] - delay(2): Delayed 2 second(s)

2019-02-20 18:26:50 - [MESSAGE][PASSED] - Delayed 2 second(s)

2019-02-20 18:26:50 - [TEST_STEP][PASSED] - setText(findTestObject("KeatMun/Form 7_default/OTC_Submit Form 7_Section F-G-H/Page_PERKESO/G2. Hubungan dengan OB-DOB"), "10/01/2019"): Text '10/01/2019' is set on object 'Object Repository/KeatMun/Form 7_default/OTC_Submit Form 7_Section F-G-H/Page_PERKESO/G2. Hubungan dengan OB-DOB'

2019-02-20 18:26:54 - [MESSAGE][PASSED] - Text '10/01/2019' is set on object 'Object Repository/KeatMun/Form 7_default/OTC_Submit Form 7_Section F-G-H/Page_PERKESO/G2. Hubungan dengan OB-DOB'

2019-02-20 18:26:54 - [TEST_STEP][PASSED] - delay(3): Delayed 3 second(s)

2019-02-20 18:26:57 - [MESSAGE][PASSED] - Delayed 3 second(s)

2019-02-20 18:26:57 - [TEST_STEP][FAILED] - click(findTestObject("KeatMun/Form 7_default/OTC_Submit Form 7_Section F-G-H/Page_PERKESO/G2. span_Isteri")): click(findTestObject("KeatMun/Form 7_default/OTC_Submit Form 7_Section F-G-H/Page_PERKESO/G2. span_Isteri")) FAILED.
Reason:
com.kms.katalon.core.exception.StepFailedException: Unable to click on object 'Object Repository/KeatMun/Form 7_default/OTC_Submit Form 7_Section F-G-H/Page_PERKESO/G2. span_Isteri' (Root cause: com.kms.katalon.core.webui.exception.WebElementNotFoundException: Web element with id: 'Object Repository/KeatMun/Form 7_default/OTC_Submit Form 7_Section F-G-H/Page_PERKESO/G2. span_Isteri' located by 'By.xpath: //span[@id = 'select2-dependentList0dependentRelationId-container' and @title = 'Isteri' and (text() = 'Isteri' or . = 'Isteri')]' not found)
	at com.kms.katalon.core.keyword.internal.KeywordMain.stepFailed(KeywordMain.groovy:36)
	at com.kms.katalon.core.webui.keyword.internal.WebUIKeywordMain.stepFailed(WebUIKeywordMain.groovy:65)
	at com.kms.katalon.core.webui.keyword.internal.WebUIKeywordMain.runKeyword(WebUIKeywordMain.groovy:27)
	at com.kms.katalon.core.webui.keyword.builtin.ClickKeyword.click(ClickKeyword.groovy:86)
	at com.kms.katalon.core.webui.keyword.builtin.ClickKeyword.execute(ClickKeyword.groovy:67)
	at com.kms.katalon.core.keyword.internal.KeywordExecutor.executeKeywordForPlatform(KeywordExecutor.groovy:53)
	at com.kms.katalon.core.webui.keyword.WebUiBuiltInKeywords.click(WebUiBuiltInKeywords.groovy:616)
	at com.kms.katalon.core.webui.keyword.WebUiBuiltInKeywords$click$3.call(Unknown Source)
	at OTC_Submit Form 7_Section F-G-H - Cheque.run(OTC_Submit Form 7_Section F-G-H - Cheque:41)
	at com.kms.katalon.core.main.ScriptEngine.run(ScriptEngine.java:194)
	at com.kms.katalon.core.main.ScriptEngine.runScriptAsRawText(ScriptEngine.java:119)
	at com.kms.katalon.core.main.TestCaseExecutor.runScript(TestCaseExecutor.java:328)
	at com.kms.katalon.core.main.TestCaseExecutor.doExecute(TestCaseExecutor.java:319)
	at com.kms.katalon.core.main.TestCaseExecutor.processExecutionPhase(TestCaseExecutor.java:298)
	at com.kms.katalon.core.main.TestCaseExecutor.accessMainPhase(TestCaseExecutor.java:290)
	at com.kms.katalon.core.main.TestCaseExecutor.execute(TestCaseExecutor.java:224)
	at com.kms.katalon.core.main.TestCaseMain.runTestCase(TestCaseMain.java:106)
	at com.kms.katalon.core.keyword.builtin.CallTestCaseKeyword$_callTestCase_closure1.doCall(CallTestCaseKeyword.groovy:59)
	at com.kms.katalon.core.keyword.builtin.CallTestCaseKeyword$_callTestCase_closure1.call(CallTestCaseKeyword.groovy)
	at com.kms.katalon.core.keyword.internal.KeywordMain.runKeyword(KeywordMain.groovy:54)
	at com.kms.katalon.core.keyword.builtin.CallTestCaseKeyword.callTestCase(CallTestCaseKeyword.groovy:80)
	at com.kms.katalon.core.keyword.builtin.CallTestCaseKeyword.execute(CallTestCaseKeyword.groovy:44)
	at com.kms.katalon.core.keyword.internal.KeywordExecutor.executeKeywordForPlatform(KeywordExecutor.groovy:53)
	at com.kms.katalon.core.keyword.BuiltinKeywords.callTestCase(BuiltinKeywords.groovy:334)
	at OTC_Submit Form 7_End to End - Cheque.run(OTC_Submit Form 7_End to End - Cheque:26)
	at com.kms.katalon.core.main.ScriptEngine.run(ScriptEngine.java:194)
	at com.kms.katalon.core.main.ScriptEngine.runScriptAsRawText(ScriptEngine.java:119)
	at com.kms.katalon.core.main.TestCaseExecutor.runScript(TestCaseExecutor.java:328)
	at com.kms.katalon.core.main.TestCaseExecutor.doExecute(TestCaseExecutor.java:319)
	at com.kms.katalon.core.main.TestCaseExecutor.processExecutionPhase(TestCaseExecutor.java:298)
	at com.kms.katalon.core.main.TestCaseExecutor.accessMainPhase(TestCaseExecutor.java:290)
	at com.kms.katalon.core.main.TestCaseExecutor.execute(TestCaseExecutor.java:224)
	at com.kms.katalon.core.main.TestCaseMain.runTestCase(TestCaseMain.java:106)
	at com.kms.katalon.core.keyword.builtin.CallTestCaseKeyword$_callTestCase_closure1.doCall(CallTestCaseKeyword.groovy:59)
	at com.kms.katalon.core.keyword.builtin.CallTestCaseKeyword$_callTestCase_closure1.call(CallTestCaseKeyword.groovy)
	at com.kms.katalon.core.keyword.internal.KeywordMain.runKeyword(KeywordMain.groovy:54)
	at com.kms.katalon.core.keyword.builtin.CallTestCaseKeyword.callTestCase(CallTestCaseKeyword.groovy:80)
	at com.kms.katalon.core.keyword.builtin.CallTestCaseKeyword.execute(CallTestCaseKeyword.groovy:44)
	at com.kms.katalon.core.keyword.internal.KeywordExecutor.executeKeywordForPlatform(KeywordExecutor.groovy:53)
	at com.kms.katalon.core.keyword.BuiltinKeywords.callTestCase(BuiltinKeywords.groovy:334)
	at Same branch - EI Clerk.run(Same branch - EI Clerk:16)
	at com.kms.katalon.core.main.ScriptEngine.run(ScriptEngine.java:194)
	at com.kms.katalon.core.main.ScriptEngine.runScriptAsRawText(ScriptEngine.java:119)
	at com.kms.katalon.core.main.TestCaseExecutor.runScript(TestCaseExecutor.java:328)
	at com.kms.katalon.core.main.TestCaseExecutor.doExecute(TestCaseExecutor.java:319)
	at com.kms.katalon.core.main.TestCaseExecutor.processExecutionPhase(TestCaseExecutor.java:298)
	at com.kms.katalon.core.main.TestCaseExecutor.accessMainPhase(TestCaseExecutor.java:290)
	at com.kms.katalon.core.main.TestCaseExecutor.execute(TestCaseExecutor.java:224)
	at com.kms.katalon.core.main.TestSuiteExecutor.accessTestCaseMainPhase(TestSuiteExecutor.java:129)
	at com.kms.katalon.core.main.TestSuiteExecutor.accessTestSuiteMainPhase(TestSuiteExecutor.java:112)
	at com.kms.katalon.core.main.TestSuiteExecutor.execute(TestSuiteExecutor.java:81)
	at com.kms.katalon.core.main.TestCaseMain.startTestSuite(TestCaseMain.java:149)
	at com.kms.katalon.core.main.TestCaseMain$startTestSuite$0.call(Unknown Source)
	at TempTestSuite1550652525208.run(TempTestSuite1550652525208.groovy:36)


2019-02-20 18:27:27 - [MESSAGE][INFO] - Unable to find the element located by 'By.xpath: //span[@id = 'select2-dependentList0dependentRelationId-container' and @title = 'Isteri' and (text() = 'Isteri' or . = 'Isteri')]'. Please recheck the objects properties to make sure the desired element is located. 

2019-02-20 18:27:29 - [MESSAGE][FAILED] - Unable to click on object 'Object Repository/KeatMun/Form 7_default/OTC_Submit Form 7_Section F-G-H/Page_PERKESO/G2. span_Isteri' (Root cause: com.kms.katalon.core.webui.exception.WebElementNotFoundException: Web element with id: 'Object Repository/KeatMun/Form 7_default/OTC_Submit Form 7_Section F-G-H/Page_PERKESO/G2. span_Isteri' located by 'By.xpath: //span[@id = 'select2-dependentList0dependentRelationId-container' and @title = 'Isteri' and (text() = 'Isteri' or . = 'Isteri')]' not found)
[[ATTACHMENT|C:\\Users\\Admin\\Documents\\GitHub\\PKSKatalon\\PKS-EI-ES\\Reports\\New Test Suite\\20190220_164845\\1550658447943.png]]

2019-02-20 18:27:29 - [MESSAGE][FAILED] - click(findTestObject("KeatMun/Form 7_default/OTC_Submit Form 7_Section F-G-H/Page_PERKESO/G2. span_Isteri")) FAILED.
Reason:
com.kms.katalon.core.exception.StepFailedException: Unable to click on object 'Object Repository/KeatMun/Form 7_default/OTC_Submit Form 7_Section F-G-H/Page_PERKESO/G2. span_Isteri' (Root cause: com.kms.katalon.core.webui.exception.WebElementNotFoundException: Web element with id: 'Object Repository/KeatMun/Form 7_default/OTC_Submit Form 7_Section F-G-H/Page_PERKESO/G2. span_Isteri' located by 'By.xpath: //span[@id = 'select2-dependentList0dependentRelationId-container' and @title = 'Isteri' and (text() = 'Isteri' or . = 'Isteri')]' not found)
	at com.kms.katalon.core.keyword.internal.KeywordMain.stepFailed(KeywordMain.groovy:36)
	at com.kms.katalon.core.webui.keyword.internal.WebUIKeywordMain.stepFailed(WebUIKeywordMain.groovy:65)
	at com.kms.katalon.core.webui.keyword.internal.WebUIKeywordMain.runKeyword(WebUIKeywordMain.groovy:27)
	at com.kms.katalon.core.webui.keyword.builtin.ClickKeyword.click(ClickKeyword.groovy:86)
	at com.kms.katalon.core.webui.keyword.builtin.ClickKeyword.execute(ClickKeyword.groovy:67)
	at com.kms.katalon.core.keyword.internal.KeywordExecutor.executeKeywordForPlatform(KeywordExecutor.groovy:53)
	at com.kms.katalon.core.webui.keyword.WebUiBuiltInKeywords.click(WebUiBuiltInKeywords.groovy:616)
	at com.kms.katalon.core.webui.keyword.WebUiBuiltInKeywords$click$3.call(Unknown Source)
	at OTC_Submit Form 7_Section F-G-H - Cheque.run(OTC_Submit Form 7_Section F-G-H - Cheque:41)
	at com.kms.katalon.core.main.ScriptEngine.run(ScriptEngine.java:194)
	at com.kms.katalon.core.main.ScriptEngine.runScriptAsRawText(ScriptEngine.java:119)
	at com.kms.katalon.core.main.TestCaseExecutor.runScript(TestCaseExecutor.java:328)
	at com.kms.katalon.core.main.TestCaseExecutor.doExecute(TestCaseExecutor.java:319)
	at com.kms.katalon.core.main.TestCaseExecutor.processExecutionPhase(TestCaseExecutor.java:298)
	at com.kms.katalon.core.main.TestCaseExecutor.accessMainPhase(TestCaseExecutor.java:290)
	at com.kms.katalon.core.main.TestCaseExecutor.execute(TestCaseExecutor.java:224)
	at com.kms.katalon.core.main.TestCaseMain.runTestCase(TestCaseMain.java:106)
	at com.kms.katalon.core.keyword.builtin.CallTestCaseKeyword$_callTestCase_closure1.doCall(CallTestCaseKeyword.groovy:59)
	at com.kms.katalon.core.keyword.builtin.CallTestCaseKeyword$_callTestCase_closure1.call(CallTestCaseKeyword.groovy)
	at com.kms.katalon.core.keyword.internal.KeywordMain.runKeyword(KeywordMain.groovy:54)
	at com.kms.katalon.core.keyword.builtin.CallTestCaseKeyword.callTestCase(CallTestCaseKeyword.groovy:80)
	at com.kms.katalon.core.keyword.builtin.CallTestCaseKeyword.execute(CallTestCaseKeyword.groovy:44)
	at com.kms.katalon.core.keyword.internal.KeywordExecutor.executeKeywordForPlatform(KeywordExecutor.groovy:53)
	at com.kms.katalon.core.keyword.BuiltinKeywords.callTestCase(BuiltinKeywords.groovy:334)
	at OTC_Submit Form 7_End to End - Cheque.run(OTC_Submit Form 7_End to End - Cheque:26)
	at com.kms.katalon.core.main.ScriptEngine.run(ScriptEngine.java:194)
	at com.kms.katalon.core.main.ScriptEngine.runScriptAsRawText(ScriptEngine.java:119)
	at com.kms.katalon.core.main.TestCaseExecutor.runScript(TestCaseExecutor.java:328)
	at com.kms.katalon.core.main.TestCaseExecutor.doExecute(TestCaseExecutor.java:319)
	at com.kms.katalon.core.main.TestCaseExecutor.processExecutionPhase(TestCaseExecutor.java:298)
	at com.kms.katalon.core.main.TestCaseExecutor.accessMainPhase(TestCaseExecutor.java:290)
	at com.kms.katalon.core.main.TestCaseExecutor.execute(TestCaseExecutor.java:224)
	at com.kms.katalon.core.main.TestCaseMain.runTestCase(TestCaseMain.java:106)
	at com.kms.katalon.core.keyword.builtin.CallTestCaseKeyword$_callTestCase_closure1.doCall(CallTestCaseKeyword.groovy:59)
	at com.kms.katalon.core.keyword.builtin.CallTestCaseKeyword$_callTestCase_closure1.call(CallTestCaseKeyword.groovy)
	at com.kms.katalon.core.keyword.internal.KeywordMain.runKeyword(KeywordMain.groovy:54)
	at com.kms.katalon.core.keyword.builtin.CallTestCaseKeyword.callTestCase(CallTestCaseKeyword.groovy:80)
	at com.kms.katalon.core.keyword.builtin.CallTestCaseKeyword.execute(CallTestCaseKeyword.groovy:44)
	at com.kms.katalon.core.keyword.internal.KeywordExecutor.executeKeywordForPlatform(KeywordExecutor.groovy:53)
	at com.kms.katalon.core.keyword.BuiltinKeywords.callTestCase(BuiltinKeywords.groovy:334)
	at Same branch - EI Clerk.run(Same branch - EI Clerk:16)
	at com.kms.katalon.core.main.ScriptEngine.run(ScriptEngine.java:194)
	at com.kms.katalon.core.main.ScriptEngine.runScriptAsRawText(ScriptEngine.java:119)
	at com.kms.katalon.core.main.TestCaseExecutor.runScript(TestCaseExecutor.java:328)
	at com.kms.katalon.core.main.TestCaseExecutor.doExecute(TestCaseExecutor.java:319)
	at com.kms.katalon.core.main.TestCaseExecutor.processExecutionPhase(TestCaseExecutor.java:298)
	at com.kms.katalon.core.main.TestCaseExecutor.accessMainPhase(TestCaseExecutor.java:290)
	at com.kms.katalon.core.main.TestCaseExecutor.execute(TestCaseExecutor.java:224)
	at com.kms.katalon.core.main.TestSuiteExecutor.accessTestCaseMainPhase(TestSuiteExecutor.java:129)
	at com.kms.katalon.core.main.TestSuiteExecutor.accessTestSuiteMainPhase(TestSuiteExecutor.java:112)
	at com.kms.katalon.core.main.TestSuiteExecutor.execute(TestSuiteExecutor.java:81)
	at com.kms.katalon.core.main.TestCaseMain.startTestSuite(TestCaseMain.java:149)
	at com.kms.katalon.core.main.TestCaseMain$startTestSuite$0.call(Unknown Source)
	at TempTestSuite1550652525208.run(TempTestSuite1550652525208.groovy:36)


2019-02-20 18:27:29 - [MESSAGE][FAILED] - Unable to call Test Case 'Test Cases/All TC/Arranged/3. Unit/EI/Form 7_default/OTC_Submit Form 7_Section F-G-H - Cheque' (Root cause: com.kms.katalon.core.exception.StepFailedException: Call Test Case 'Test Cases/All TC/Arranged/3. Unit/EI/Form 7_default/OTC_Submit Form 7_Section F-G-H - Cheque' failed)

2019-02-20 18:27:29 - [MESSAGE][FAILED] - callTestCase(findTestCase("All TC/Arranged/3. Unit/EI/Form 7_default/OTC_Submit Form 7_Section F-G-H - Cheque"), [:], STOP_ON_FAILURE) FAILED.
Reason:
com.kms.katalon.core.exception.StepFailedException: Unable to click on object 'Object Repository/KeatMun/Form 7_default/OTC_Submit Form 7_Section F-G-H/Page_PERKESO/G2. span_Isteri' (Root cause: com.kms.katalon.core.webui.exception.WebElementNotFoundException: Web element with id: 'Object Repository/KeatMun/Form 7_default/OTC_Submit Form 7_Section F-G-H/Page_PERKESO/G2. span_Isteri' located by 'By.xpath: //span[@id = 'select2-dependentList0dependentRelationId-container' and @title = 'Isteri' and (text() = 'Isteri' or . = 'Isteri')]' not found)
	at com.kms.katalon.core.keyword.internal.KeywordMain.stepFailed(KeywordMain.groovy:36)
	at com.kms.katalon.core.webui.keyword.internal.WebUIKeywordMain.stepFailed(WebUIKeywordMain.groovy:65)
	at com.kms.katalon.core.webui.keyword.internal.WebUIKeywordMain.runKeyword(WebUIKeywordMain.groovy:27)
	at com.kms.katalon.core.webui.keyword.builtin.ClickKeyword.click(ClickKeyword.groovy:86)
	at com.kms.katalon.core.webui.keyword.builtin.ClickKeyword.execute(ClickKeyword.groovy:67)
	at com.kms.katalon.core.keyword.internal.KeywordExecutor.executeKeywordForPlatform(KeywordExecutor.groovy:53)
	at com.kms.katalon.core.webui.keyword.WebUiBuiltInKeywords.click(WebUiBuiltInKeywords.groovy:616)
	at com.kms.katalon.core.webui.keyword.WebUiBuiltInKeywords$click$3.call(Unknown Source)
	at OTC_Submit Form 7_Section F-G-H - Cheque.run(OTC_Submit Form 7_Section F-G-H - Cheque:41)
	at com.kms.katalon.core.main.ScriptEngine.run(ScriptEngine.java:194)
	at com.kms.katalon.core.main.ScriptEngine.runScriptAsRawText(ScriptEngine.java:119)
	at com.kms.katalon.core.main.TestCaseExecutor.runScript(TestCaseExecutor.java:328)
	at com.kms.katalon.core.main.TestCaseExecutor.doExecute(TestCaseExecutor.java:319)
	at com.kms.katalon.core.main.TestCaseExecutor.processExecutionPhase(TestCaseExecutor.java:298)
	at com.kms.katalon.core.main.TestCaseExecutor.accessMainPhase(TestCaseExecutor.java:290)
	at com.kms.katalon.core.main.TestCaseExecutor.execute(TestCaseExecutor.java:224)
	at com.kms.katalon.core.main.TestCaseMain.runTestCase(TestCaseMain.java:106)
	at com.kms.katalon.core.keyword.builtin.CallTestCaseKeyword$_callTestCase_closure1.doCall(CallTestCaseKeyword.groovy:59)
	at com.kms.katalon.core.keyword.builtin.CallTestCaseKeyword$_callTestCase_closure1.call(CallTestCaseKeyword.groovy)
	at com.kms.katalon.core.keyword.internal.KeywordMain.runKeyword(KeywordMain.groovy:54)
	at com.kms.katalon.core.keyword.builtin.CallTestCaseKeyword.callTestCase(CallTestCaseKeyword.groovy:80)
	at com.kms.katalon.core.keyword.builtin.CallTestCaseKeyword.execute(CallTestCaseKeyword.groovy:44)
	at com.kms.katalon.core.keyword.internal.KeywordExecutor.executeKeywordForPlatform(KeywordExecutor.groovy:53)
	at com.kms.katalon.core.keyword.BuiltinKeywords.callTestCase(BuiltinKeywords.groovy:334)
	at OTC_Submit Form 7_End to End - Cheque.run(OTC_Submit Form 7_End to End - Cheque:26)
	at com.kms.katalon.core.main.ScriptEngine.run(ScriptEngine.java:194)
	at com.kms.katalon.core.main.ScriptEngine.runScriptAsRawText(ScriptEngine.java:119)
	at com.kms.katalon.core.main.TestCaseExecutor.runScript(TestCaseExecutor.java:328)
	at com.kms.katalon.core.main.TestCaseExecutor.doExecute(TestCaseExecutor.java:319)
	at com.kms.katalon.core.main.TestCaseExecutor.processExecutionPhase(TestCaseExecutor.java:298)
	at com.kms.katalon.core.main.TestCaseExecutor.accessMainPhase(TestCaseExecutor.java:290)
	at com.kms.katalon.core.main.TestCaseExecutor.execute(TestCaseExecutor.java:224)
	at com.kms.katalon.core.main.TestCaseMain.runTestCase(TestCaseMain.java:106)
	at com.kms.katalon.core.keyword.builtin.CallTestCaseKeyword$_callTestCase_closure1.doCall(CallTestCaseKeyword.groovy:59)
	at com.kms.katalon.core.keyword.builtin.CallTestCaseKeyword$_callTestCase_closure1.call(CallTestCaseKeyword.groovy)
	at com.kms.katalon.core.keyword.internal.KeywordMain.runKeyword(KeywordMain.groovy:54)
	at com.kms.katalon.core.keyword.builtin.CallTestCaseKeyword.callTestCase(CallTestCaseKeyword.groovy:80)
	at com.kms.katalon.core.keyword.builtin.CallTestCaseKeyword.execute(CallTestCaseKeyword.groovy:44)
	at com.kms.katalon.core.keyword.internal.KeywordExecutor.executeKeywordForPlatform(KeywordExecutor.groovy:53)
	at com.kms.katalon.core.keyword.BuiltinKeywords.callTestCase(BuiltinKeywords.groovy:334)
	at Same branch - EI Clerk.run(Same branch - EI Clerk:16)
	at com.kms.katalon.core.main.ScriptEngine.run(ScriptEngine.java:194)
	at com.kms.katalon.core.main.ScriptEngine.runScriptAsRawText(ScriptEngine.java:119)
	at com.kms.katalon.core.main.TestCaseExecutor.runScript(TestCaseExecutor.java:328)
	at com.kms.katalon.core.main.TestCaseExecutor.doExecute(TestCaseExecutor.java:319)
	at com.kms.katalon.core.main.TestCaseExecutor.processExecutionPhase(TestCaseExecutor.java:298)
	at com.kms.katalon.core.main.TestCaseExecutor.accessMainPhase(TestCaseExecutor.java:290)
	at com.kms.katalon.core.main.TestCaseExecutor.execute(TestCaseExecutor.java:224)
	at com.kms.katalon.core.main.TestSuiteExecutor.accessTestCaseMainPhase(TestSuiteExecutor.java:129)
	at com.kms.katalon.core.main.TestSuiteExecutor.accessTestSuiteMainPhase(TestSuiteExecutor.java:112)
	at com.kms.katalon.core.main.TestSuiteExecutor.execute(TestSuiteExecutor.java:81)
	at com.kms.katalon.core.main.TestCaseMain.startTestSuite(TestCaseMain.java:149)
	at com.kms.katalon.core.main.TestCaseMain$startTestSuite$0.call(Unknown Source)
	at TempTestSuite1550652525208.run(TempTestSuite1550652525208.groovy:36)


2019-02-20 18:27:30 - [MESSAGE][FAILED] - Unable to call Test Case 'Test Cases/All TC/Arranged/2. Segment/OTC_Submit Form 7_End to End - Cheque' (Root cause: com.kms.katalon.core.exception.StepFailedException: Call Test Case 'Test Cases/All TC/Arranged/2. Segment/OTC_Submit Form 7_End to End - Cheque' failed)

2019-02-20 18:27:30 - [MESSAGE][FAILED] - callTestCase(findTestCase("All TC/Arranged/2. Segment/OTC_Submit Form 7_End to End - Cheque"), [:], STOP_ON_FAILURE) FAILED.
Reason:
com.kms.katalon.core.exception.StepFailedException: Unable to click on object 'Object Repository/KeatMun/Form 7_default/OTC_Submit Form 7_Section F-G-H/Page_PERKESO/G2. span_Isteri' (Root cause: com.kms.katalon.core.webui.exception.WebElementNotFoundException: Web element with id: 'Object Repository/KeatMun/Form 7_default/OTC_Submit Form 7_Section F-G-H/Page_PERKESO/G2. span_Isteri' located by 'By.xpath: //span[@id = 'select2-dependentList0dependentRelationId-container' and @title = 'Isteri' and (text() = 'Isteri' or . = 'Isteri')]' not found)
	at com.kms.katalon.core.keyword.internal.KeywordMain.stepFailed(KeywordMain.groovy:36)
	at com.kms.katalon.core.webui.keyword.internal.WebUIKeywordMain.stepFailed(WebUIKeywordMain.groovy:65)
	at com.kms.katalon.core.webui.keyword.internal.WebUIKeywordMain.runKeyword(WebUIKeywordMain.groovy:27)
	at com.kms.katalon.core.webui.keyword.builtin.ClickKeyword.click(ClickKeyword.groovy:86)
	at com.kms.katalon.core.webui.keyword.builtin.ClickKeyword.execute(ClickKeyword.groovy:67)
	at com.kms.katalon.core.keyword.internal.KeywordExecutor.executeKeywordForPlatform(KeywordExecutor.groovy:53)
	at com.kms.katalon.core.webui.keyword.WebUiBuiltInKeywords.click(WebUiBuiltInKeywords.groovy:616)
	at com.kms.katalon.core.webui.keyword.WebUiBuiltInKeywords$click$3.call(Unknown Source)
	at OTC_Submit Form 7_Section F-G-H - Cheque.run(OTC_Submit Form 7_Section F-G-H - Cheque:41)
	at com.kms.katalon.core.main.ScriptEngine.run(ScriptEngine.java:194)
	at com.kms.katalon.core.main.ScriptEngine.runScriptAsRawText(ScriptEngine.java:119)
	at com.kms.katalon.core.main.TestCaseExecutor.runScript(TestCaseExecutor.java:328)
	at com.kms.katalon.core.main.TestCaseExecutor.doExecute(TestCaseExecutor.java:319)
	at com.kms.katalon.core.main.TestCaseExecutor.processExecutionPhase(TestCaseExecutor.java:298)
	at com.kms.katalon.core.main.TestCaseExecutor.accessMainPhase(TestCaseExecutor.java:290)
	at com.kms.katalon.core.main.TestCaseExecutor.execute(TestCaseExecutor.java:224)
	at com.kms.katalon.core.main.TestCaseMain.runTestCase(TestCaseMain.java:106)
	at com.kms.katalon.core.keyword.builtin.CallTestCaseKeyword$_callTestCase_closure1.doCall(CallTestCaseKeyword.groovy:59)
	at com.kms.katalon.core.keyword.builtin.CallTestCaseKeyword$_callTestCase_closure1.call(CallTestCaseKeyword.groovy)
	at com.kms.katalon.core.keyword.internal.KeywordMain.runKeyword(KeywordMain.groovy:54)
	at com.kms.katalon.core.keyword.builtin.CallTestCaseKeyword.callTestCase(CallTestCaseKeyword.groovy:80)
	at com.kms.katalon.core.keyword.builtin.CallTestCaseKeyword.execute(CallTestCaseKeyword.groovy:44)
	at com.kms.katalon.core.keyword.internal.KeywordExecutor.executeKeywordForPlatform(KeywordExecutor.groovy:53)
	at com.kms.katalon.core.keyword.BuiltinKeywords.callTestCase(BuiltinKeywords.groovy:334)
	at OTC_Submit Form 7_End to End - Cheque.run(OTC_Submit Form 7_End to End - Cheque:26)
	at com.kms.katalon.core.main.ScriptEngine.run(ScriptEngine.java:194)
	at com.kms.katalon.core.main.ScriptEngine.runScriptAsRawText(ScriptEngine.java:119)
	at com.kms.katalon.core.main.TestCaseExecutor.runScript(TestCaseExecutor.java:328)
	at com.kms.katalon.core.main.TestCaseExecutor.doExecute(TestCaseExecutor.java:319)
	at com.kms.katalon.core.main.TestCaseExecutor.processExecutionPhase(TestCaseExecutor.java:298)
	at com.kms.katalon.core.main.TestCaseExecutor.accessMainPhase(TestCaseExecutor.java:290)
	at com.kms.katalon.core.main.TestCaseExecutor.execute(TestCaseExecutor.java:224)
	at com.kms.katalon.core.main.TestCaseMain.runTestCase(TestCaseMain.java:106)
	at com.kms.katalon.core.keyword.builtin.CallTestCaseKeyword$_callTestCase_closure1.doCall(CallTestCaseKeyword.groovy:59)
	at com.kms.katalon.core.keyword.builtin.CallTestCaseKeyword$_callTestCase_closure1.call(CallTestCaseKeyword.groovy)
	at com.kms.katalon.core.keyword.internal.KeywordMain.runKeyword(KeywordMain.groovy:54)
	at com.kms.katalon.core.keyword.builtin.CallTestCaseKeyword.callTestCase(CallTestCaseKeyword.groovy:80)
	at com.kms.katalon.core.keyword.builtin.CallTestCaseKeyword.execute(CallTestCaseKeyword.groovy:44)
	at com.kms.katalon.core.keyword.internal.KeywordExecutor.executeKeywordForPlatform(KeywordExecutor.groovy:53)
	at com.kms.katalon.core.keyword.BuiltinKeywords.callTestCase(BuiltinKeywords.groovy:334)
	at Same branch - EI Clerk.run(Same branch - EI Clerk:16)
	at com.kms.katalon.core.main.ScriptEngine.run(ScriptEngine.java:194)
	at com.kms.katalon.core.main.ScriptEngine.runScriptAsRawText(ScriptEngine.java:119)
	at com.kms.katalon.core.main.TestCaseExecutor.runScript(TestCaseExecutor.java:328)
	at com.kms.katalon.core.main.TestCaseExecutor.doExecute(TestCaseExecutor.java:319)
	at com.kms.katalon.core.main.TestCaseExecutor.processExecutionPhase(TestCaseExecutor.java:298)
	at com.kms.katalon.core.main.TestCaseExecutor.accessMainPhase(TestCaseExecutor.java:290)
	at com.kms.katalon.core.main.TestCaseExecutor.execute(TestCaseExecutor.java:224)
	at com.kms.katalon.core.main.TestSuiteExecutor.accessTestCaseMainPhase(TestSuiteExecutor.java:129)
	at com.kms.katalon.core.main.TestSuiteExecutor.accessTestSuiteMainPhase(TestSuiteExecutor.java:112)
	at com.kms.katalon.core.main.TestSuiteExecutor.execute(TestSuiteExecutor.java:81)
	at com.kms.katalon.core.main.TestCaseMain.startTestSuite(TestCaseMain.java:149)
	at com.kms.katalon.core.main.TestCaseMain$startTestSuite$0.call(Unknown Source)
	at TempTestSuite1550652525208.run(TempTestSuite1550652525208.groovy:36)]]></system-out>
         <system-err><![CDATA[2019-02-20 18:17:44 - [TEST_CASE][FAILED] - Test Cases/All TC/Arranged/0. Full Flow/Query/Same branch - EI Clerk: Test Cases/All TC/Arranged/0. Full Flow/Query/Same branch - EI Clerk FAILED.
Reason:
com.kms.katalon.core.exception.StepFailedException: Unable to click on object 'Object Repository/KeatMun/Form 7_default/OTC_Submit Form 7_Section F-G-H/Page_PERKESO/G2. span_Isteri' (Root cause: com.kms.katalon.core.webui.exception.WebElementNotFoundException: Web element with id: 'Object Repository/KeatMun/Form 7_default/OTC_Submit Form 7_Section F-G-H/Page_PERKESO/G2. span_Isteri' located by 'By.xpath: //span[@id = 'select2-dependentList0dependentRelationId-container' and @title = 'Isteri' and (text() = 'Isteri' or . = 'Isteri')]' not found)
	at com.kms.katalon.core.keyword.internal.KeywordMain.stepFailed(KeywordMain.groovy:36)
	at com.kms.katalon.core.webui.keyword.internal.WebUIKeywordMain.stepFailed(WebUIKeywordMain.groovy:65)
	at com.kms.katalon.core.webui.keyword.internal.WebUIKeywordMain.runKeyword(WebUIKeywordMain.groovy:27)
	at com.kms.katalon.core.webui.keyword.builtin.ClickKeyword.click(ClickKeyword.groovy:86)
	at com.kms.katalon.core.webui.keyword.builtin.ClickKeyword.execute(ClickKeyword.groovy:67)
	at com.kms.katalon.core.keyword.internal.KeywordExecutor.executeKeywordForPlatform(KeywordExecutor.groovy:53)
	at com.kms.katalon.core.webui.keyword.WebUiBuiltInKeywords.click(WebUiBuiltInKeywords.groovy:616)
	at com.kms.katalon.core.webui.keyword.WebUiBuiltInKeywords$click$3.call(Unknown Source)
	at OTC_Submit Form 7_Section F-G-H - Cheque.run(OTC_Submit Form 7_Section F-G-H - Cheque:41)
	at com.kms.katalon.core.main.ScriptEngine.run(ScriptEngine.java:194)
	at com.kms.katalon.core.main.ScriptEngine.runScriptAsRawText(ScriptEngine.java:119)
	at com.kms.katalon.core.main.TestCaseExecutor.runScript(TestCaseExecutor.java:328)
	at com.kms.katalon.core.main.TestCaseExecutor.doExecute(TestCaseExecutor.java:319)
	at com.kms.katalon.core.main.TestCaseExecutor.processExecutionPhase(TestCaseExecutor.java:298)
	at com.kms.katalon.core.main.TestCaseExecutor.accessMainPhase(TestCaseExecutor.java:290)
	at com.kms.katalon.core.main.TestCaseExecutor.execute(TestCaseExecutor.java:224)
	at com.kms.katalon.core.main.TestCaseMain.runTestCase(TestCaseMain.java:106)
	at com.kms.katalon.core.keyword.builtin.CallTestCaseKeyword$_callTestCase_closure1.doCall(CallTestCaseKeyword.groovy:59)
	at com.kms.katalon.core.keyword.builtin.CallTestCaseKeyword$_callTestCase_closure1.call(CallTestCaseKeyword.groovy)
	at com.kms.katalon.core.keyword.internal.KeywordMain.runKeyword(KeywordMain.groovy:54)
	at com.kms.katalon.core.keyword.builtin.CallTestCaseKeyword.callTestCase(CallTestCaseKeyword.groovy:80)
	at com.kms.katalon.core.keyword.builtin.CallTestCaseKeyword.execute(CallTestCaseKeyword.groovy:44)
	at com.kms.katalon.core.keyword.internal.KeywordExecutor.executeKeywordForPlatform(KeywordExecutor.groovy:53)
	at com.kms.katalon.core.keyword.BuiltinKeywords.callTestCase(BuiltinKeywords.groovy:334)
	at OTC_Submit Form 7_End to End - Cheque.run(OTC_Submit Form 7_End to End - Cheque:26)
	at com.kms.katalon.core.main.ScriptEngine.run(ScriptEngine.java:194)
	at com.kms.katalon.core.main.ScriptEngine.runScriptAsRawText(ScriptEngine.java:119)
	at com.kms.katalon.core.main.TestCaseExecutor.runScript(TestCaseExecutor.java:328)
	at com.kms.katalon.core.main.TestCaseExecutor.doExecute(TestCaseExecutor.java:319)
	at com.kms.katalon.core.main.TestCaseExecutor.processExecutionPhase(TestCaseExecutor.java:298)
	at com.kms.katalon.core.main.TestCaseExecutor.accessMainPhase(TestCaseExecutor.java:290)
	at com.kms.katalon.core.main.TestCaseExecutor.execute(TestCaseExecutor.java:224)
	at com.kms.katalon.core.main.TestCaseMain.runTestCase(TestCaseMain.java:106)
	at com.kms.katalon.core.keyword.builtin.CallTestCaseKeyword$_callTestCase_closure1.doCall(CallTestCaseKeyword.groovy:59)
	at com.kms.katalon.core.keyword.builtin.CallTestCaseKeyword$_callTestCase_closure1.call(CallTestCaseKeyword.groovy)
	at com.kms.katalon.core.keyword.internal.KeywordMain.runKeyword(KeywordMain.groovy:54)
	at com.kms.katalon.core.keyword.builtin.CallTestCaseKeyword.callTestCase(CallTestCaseKeyword.groovy:80)
	at com.kms.katalon.core.keyword.builtin.CallTestCaseKeyword.execute(CallTestCaseKeyword.groovy:44)
	at com.kms.katalon.core.keyword.internal.KeywordExecutor.executeKeywordForPlatform(KeywordExecutor.groovy:53)
	at com.kms.katalon.core.keyword.BuiltinKeywords.callTestCase(BuiltinKeywords.groovy:334)
	at Same branch - EI Clerk.run(Same branch - EI Clerk:16)
	at com.kms.katalon.core.main.ScriptEngine.run(ScriptEngine.java:194)
	at com.kms.katalon.core.main.ScriptEngine.runScriptAsRawText(ScriptEngine.java:119)
	at com.kms.katalon.core.main.TestCaseExecutor.runScript(TestCaseExecutor.java:328)
	at com.kms.katalon.core.main.TestCaseExecutor.doExecute(TestCaseExecutor.java:319)
	at com.kms.katalon.core.main.TestCaseExecutor.processExecutionPhase(TestCaseExecutor.java:298)
	at com.kms.katalon.core.main.TestCaseExecutor.accessMainPhase(TestCaseExecutor.java:290)
	at com.kms.katalon.core.main.TestCaseExecutor.execute(TestCaseExecutor.java:224)
	at com.kms.katalon.core.main.TestSuiteExecutor.accessTestCaseMainPhase(TestSuiteExecutor.java:129)
	at com.kms.katalon.core.main.TestSuiteExecutor.accessTestSuiteMainPhase(TestSuiteExecutor.java:112)
	at com.kms.katalon.core.main.TestSuiteExecutor.execute(TestSuiteExecutor.java:81)
	at com.kms.katalon.core.main.TestCaseMain.startTestSuite(TestCaseMain.java:149)
	at com.kms.katalon.core.main.TestCaseMain$startTestSuite$0.call(Unknown Source)
	at TempTestSuite1550652525208.run(TempTestSuite1550652525208.groovy:36)]]></system-err>
      </testcase>
      <testcase name="Test Cases/All TC/Arranged/0. Full Flow/Query/Cross branch - SEIO" classname="Test Cases/All TC/Arranged/0. Full Flow/Query/Cross branch - SEIO" status="FAILED">
         <failure type="FAILED" message="Test Cases/All TC/Arranged/0. Full Flow/Query/Cross branch - SEIO FAILED.
Reason:
com.kms.katalon.core.exception.StepFailedException: Unable to click on object 'Object Repository/KeatMun/Form 7_default/OTC_Submit Form 7_Section F-G-H/Page_PERKESO/G2. span_Isteri' (Root cause: com.kms.katalon.core.webui.exception.WebElementNotFoundException: Web element with id: 'Object Repository/KeatMun/Form 7_default/OTC_Submit Form 7_Section F-G-H/Page_PERKESO/G2. span_Isteri' located by 'By.xpath: //span[@id = 'select2-dependentList0dependentRelationId-container' and @title = 'Isteri' and (text() = 'Isteri' or . = 'Isteri')]' not found)
	at com.kms.katalon.core.keyword.internal.KeywordMain.stepFailed(KeywordMain.groovy:36)
	at com.kms.katalon.core.webui.keyword.internal.WebUIKeywordMain.stepFailed(WebUIKeywordMain.groovy:65)
	at com.kms.katalon.core.webui.keyword.internal.WebUIKeywordMain.runKeyword(WebUIKeywordMain.groovy:27)
	at com.kms.katalon.core.webui.keyword.builtin.ClickKeyword.click(ClickKeyword.groovy:86)
	at com.kms.katalon.core.webui.keyword.builtin.ClickKeyword.execute(ClickKeyword.groovy:67)
	at com.kms.katalon.core.keyword.internal.KeywordExecutor.executeKeywordForPlatform(KeywordExecutor.groovy:53)
	at com.kms.katalon.core.webui.keyword.WebUiBuiltInKeywords.click(WebUiBuiltInKeywords.groovy:616)
	at com.kms.katalon.core.webui.keyword.WebUiBuiltInKeywords$click$3.call(Unknown Source)
	at OTC_Submit Form 7_Section F-G-H - Cheque.run(OTC_Submit Form 7_Section F-G-H - Cheque:41)
	at com.kms.katalon.core.main.ScriptEngine.run(ScriptEngine.java:194)
	at com.kms.katalon.core.main.ScriptEngine.runScriptAsRawText(ScriptEngine.java:119)
	at com.kms.katalon.core.main.TestCaseExecutor.runScript(TestCaseExecutor.java:328)
	at com.kms.katalon.core.main.TestCaseExecutor.doExecute(TestCaseExecutor.java:319)
	at com.kms.katalon.core.main.TestCaseExecutor.processExecutionPhase(TestCaseExecutor.java:298)
	at com.kms.katalon.core.main.TestCaseExecutor.accessMainPhase(TestCaseExecutor.java:290)
	at com.kms.katalon.core.main.TestCaseExecutor.execute(TestCaseExecutor.java:224)
	at com.kms.katalon.core.main.TestCaseMain.runTestCase(TestCaseMain.java:106)
	at com.kms.katalon.core.keyword.builtin.CallTestCaseKeyword$_callTestCase_closure1.doCall(CallTestCaseKeyword.groovy:59)
	at com.kms.katalon.core.keyword.builtin.CallTestCaseKeyword$_callTestCase_closure1.call(CallTestCaseKeyword.groovy)
	at com.kms.katalon.core.keyword.internal.KeywordMain.runKeyword(KeywordMain.groovy:54)
	at com.kms.katalon.core.keyword.builtin.CallTestCaseKeyword.callTestCase(CallTestCaseKeyword.groovy:80)
	at com.kms.katalon.core.keyword.builtin.CallTestCaseKeyword.execute(CallTestCaseKeyword.groovy:44)
	at com.kms.katalon.core.keyword.internal.KeywordExecutor.executeKeywordForPlatform(KeywordExecutor.groovy:53)
	at com.kms.katalon.core.keyword.BuiltinKeywords.callTestCase(BuiltinKeywords.groovy:334)
	at OTC_Submit Form 7_End to End - Cheque.run(OTC_Submit Form 7_End to End - Cheque:26)
	at com.kms.katalon.core.main.ScriptEngine.run(ScriptEngine.java:194)
	at com.kms.katalon.core.main.ScriptEngine.runScriptAsRawText(ScriptEngine.java:119)
	at com.kms.katalon.core.main.TestCaseExecutor.runScript(TestCaseExecutor.java:328)
	at com.kms.katalon.core.main.TestCaseExecutor.doExecute(TestCaseExecutor.java:319)
	at com.kms.katalon.core.main.TestCaseExecutor.processExecutionPhase(TestCaseExecutor.java:298)
	at com.kms.katalon.core.main.TestCaseExecutor.accessMainPhase(TestCaseExecutor.java:290)
	at com.kms.katalon.core.main.TestCaseExecutor.execute(TestCaseExecutor.java:224)
	at com.kms.katalon.core.main.TestCaseMain.runTestCase(TestCaseMain.java:106)
	at com.kms.katalon.core.keyword.builtin.CallTestCaseKeyword$_callTestCase_closure1.doCall(CallTestCaseKeyword.groovy:59)
	at com.kms.katalon.core.keyword.builtin.CallTestCaseKeyword$_callTestCase_closure1.call(CallTestCaseKeyword.groovy)
	at com.kms.katalon.core.keyword.internal.KeywordMain.runKeyword(KeywordMain.groovy:54)
	at com.kms.katalon.core.keyword.builtin.CallTestCaseKeyword.callTestCase(CallTestCaseKeyword.groovy:80)
	at com.kms.katalon.core.keyword.builtin.CallTestCaseKeyword.execute(CallTestCaseKeyword.groovy:44)
	at com.kms.katalon.core.keyword.internal.KeywordExecutor.executeKeywordForPlatform(KeywordExecutor.groovy:53)
	at com.kms.katalon.core.keyword.BuiltinKeywords.callTestCase(BuiltinKeywords.groovy:334)
	at Cross branch - SEIO.run(Cross branch - SEIO:16)
	at com.kms.katalon.core.main.ScriptEngine.run(ScriptEngine.java:194)
	at com.kms.katalon.core.main.ScriptEngine.runScriptAsRawText(ScriptEngine.java:119)
	at com.kms.katalon.core.main.TestCaseExecutor.runScript(TestCaseExecutor.java:328)
	at com.kms.katalon.core.main.TestCaseExecutor.doExecute(TestCaseExecutor.java:319)
	at com.kms.katalon.core.main.TestCaseExecutor.processExecutionPhase(TestCaseExecutor.java:298)
	at com.kms.katalon.core.main.TestCaseExecutor.accessMainPhase(TestCaseExecutor.java:290)
	at com.kms.katalon.core.main.TestCaseExecutor.execute(TestCaseExecutor.java:224)
	at com.kms.katalon.core.main.TestSuiteExecutor.accessTestCaseMainPhase(TestSuiteExecutor.java:129)
	at com.kms.katalon.core.main.TestSuiteExecutor.accessTestSuiteMainPhase(TestSuiteExecutor.java:112)
	at com.kms.katalon.core.main.TestSuiteExecutor.execute(TestSuiteExecutor.java:81)
	at com.kms.katalon.core.main.TestCaseMain.startTestSuite(TestCaseMain.java:149)
	at com.kms.katalon.core.main.TestCaseMain$startTestSuite$0.call(Unknown Source)
	at TempTestSuite1550652525208.run(TempTestSuite1550652525208.groovy:36)
"/>
         <system-out><![CDATA[2019-02-20 18:27:31 - [TEST_CASE][FAILED] - Test Cases/All TC/Arranged/0. Full Flow/Query/Cross branch - SEIO: Test Cases/All TC/Arranged/0. Full Flow/Query/Cross branch - SEIO FAILED.
Reason:
com.kms.katalon.core.exception.StepFailedException: Unable to click on object 'Object Repository/KeatMun/Form 7_default/OTC_Submit Form 7_Section F-G-H/Page_PERKESO/G2. span_Isteri' (Root cause: com.kms.katalon.core.webui.exception.WebElementNotFoundException: Web element with id: 'Object Repository/KeatMun/Form 7_default/OTC_Submit Form 7_Section F-G-H/Page_PERKESO/G2. span_Isteri' located by 'By.xpath: //span[@id = 'select2-dependentList0dependentRelationId-container' and @title = 'Isteri' and (text() = 'Isteri' or . = 'Isteri')]' not found)
	at com.kms.katalon.core.keyword.internal.KeywordMain.stepFailed(KeywordMain.groovy:36)
	at com.kms.katalon.core.webui.keyword.internal.WebUIKeywordMain.stepFailed(WebUIKeywordMain.groovy:65)
	at com.kms.katalon.core.webui.keyword.internal.WebUIKeywordMain.runKeyword(WebUIKeywordMain.groovy:27)
	at com.kms.katalon.core.webui.keyword.builtin.ClickKeyword.click(ClickKeyword.groovy:86)
	at com.kms.katalon.core.webui.keyword.builtin.ClickKeyword.execute(ClickKeyword.groovy:67)
	at com.kms.katalon.core.keyword.internal.KeywordExecutor.executeKeywordForPlatform(KeywordExecutor.groovy:53)
	at com.kms.katalon.core.webui.keyword.WebUiBuiltInKeywords.click(WebUiBuiltInKeywords.groovy:616)
	at com.kms.katalon.core.webui.keyword.WebUiBuiltInKeywords$click$3.call(Unknown Source)
	at OTC_Submit Form 7_Section F-G-H - Cheque.run(OTC_Submit Form 7_Section F-G-H - Cheque:41)
	at com.kms.katalon.core.main.ScriptEngine.run(ScriptEngine.java:194)
	at com.kms.katalon.core.main.ScriptEngine.runScriptAsRawText(ScriptEngine.java:119)
	at com.kms.katalon.core.main.TestCaseExecutor.runScript(TestCaseExecutor.java:328)
	at com.kms.katalon.core.main.TestCaseExecutor.doExecute(TestCaseExecutor.java:319)
	at com.kms.katalon.core.main.TestCaseExecutor.processExecutionPhase(TestCaseExecutor.java:298)
	at com.kms.katalon.core.main.TestCaseExecutor.accessMainPhase(TestCaseExecutor.java:290)
	at com.kms.katalon.core.main.TestCaseExecutor.execute(TestCaseExecutor.java:224)
	at com.kms.katalon.core.main.TestCaseMain.runTestCase(TestCaseMain.java:106)
	at com.kms.katalon.core.keyword.builtin.CallTestCaseKeyword$_callTestCase_closure1.doCall(CallTestCaseKeyword.groovy:59)
	at com.kms.katalon.core.keyword.builtin.CallTestCaseKeyword$_callTestCase_closure1.call(CallTestCaseKeyword.groovy)
	at com.kms.katalon.core.keyword.internal.KeywordMain.runKeyword(KeywordMain.groovy:54)
	at com.kms.katalon.core.keyword.builtin.CallTestCaseKeyword.callTestCase(CallTestCaseKeyword.groovy:80)
	at com.kms.katalon.core.keyword.builtin.CallTestCaseKeyword.execute(CallTestCaseKeyword.groovy:44)
	at com.kms.katalon.core.keyword.internal.KeywordExecutor.executeKeywordForPlatform(KeywordExecutor.groovy:53)
	at com.kms.katalon.core.keyword.BuiltinKeywords.callTestCase(BuiltinKeywords.groovy:334)
	at OTC_Submit Form 7_End to End - Cheque.run(OTC_Submit Form 7_End to End - Cheque:26)
	at com.kms.katalon.core.main.ScriptEngine.run(ScriptEngine.java:194)
	at com.kms.katalon.core.main.ScriptEngine.runScriptAsRawText(ScriptEngine.java:119)
	at com.kms.katalon.core.main.TestCaseExecutor.runScript(TestCaseExecutor.java:328)
	at com.kms.katalon.core.main.TestCaseExecutor.doExecute(TestCaseExecutor.java:319)
	at com.kms.katalon.core.main.TestCaseExecutor.processExecutionPhase(TestCaseExecutor.java:298)
	at com.kms.katalon.core.main.TestCaseExecutor.accessMainPhase(TestCaseExecutor.java:290)
	at com.kms.katalon.core.main.TestCaseExecutor.execute(TestCaseExecutor.java:224)
	at com.kms.katalon.core.main.TestCaseMain.runTestCase(TestCaseMain.java:106)
	at com.kms.katalon.core.keyword.builtin.CallTestCaseKeyword$_callTestCase_closure1.doCall(CallTestCaseKeyword.groovy:59)
	at com.kms.katalon.core.keyword.builtin.CallTestCaseKeyword$_callTestCase_closure1.call(CallTestCaseKeyword.groovy)
	at com.kms.katalon.core.keyword.internal.KeywordMain.runKeyword(KeywordMain.groovy:54)
	at com.kms.katalon.core.keyword.builtin.CallTestCaseKeyword.callTestCase(CallTestCaseKeyword.groovy:80)
	at com.kms.katalon.core.keyword.builtin.CallTestCaseKeyword.execute(CallTestCaseKeyword.groovy:44)
	at com.kms.katalon.core.keyword.internal.KeywordExecutor.executeKeywordForPlatform(KeywordExecutor.groovy:53)
	at com.kms.katalon.core.keyword.BuiltinKeywords.callTestCase(BuiltinKeywords.groovy:334)
	at Cross branch - SEIO.run(Cross branch - SEIO:16)
	at com.kms.katalon.core.main.ScriptEngine.run(ScriptEngine.java:194)
	at com.kms.katalon.core.main.ScriptEngine.runScriptAsRawText(ScriptEngine.java:119)
	at com.kms.katalon.core.main.TestCaseExecutor.runScript(TestCaseExecutor.java:328)
	at com.kms.katalon.core.main.TestCaseExecutor.doExecute(TestCaseExecutor.java:319)
	at com.kms.katalon.core.main.TestCaseExecutor.processExecutionPhase(TestCaseExecutor.java:298)
	at com.kms.katalon.core.main.TestCaseExecutor.accessMainPhase(TestCaseExecutor.java:290)
	at com.kms.katalon.core.main.TestCaseExecutor.execute(TestCaseExecutor.java:224)
	at com.kms.katalon.core.main.TestSuiteExecutor.accessTestCaseMainPhase(TestSuiteExecutor.java:129)
	at com.kms.katalon.core.main.TestSuiteExecutor.accessTestSuiteMainPhase(TestSuiteExecutor.java:112)
	at com.kms.katalon.core.main.TestSuiteExecutor.execute(TestSuiteExecutor.java:81)
	at com.kms.katalon.core.main.TestCaseMain.startTestSuite(TestCaseMain.java:149)
	at com.kms.katalon.core.main.TestCaseMain$startTestSuite$0.call(Unknown Source)
	at TempTestSuite1550652525208.run(TempTestSuite1550652525208.groovy:36)


2019-02-20 18:27:31 - [TEST_STEP][FAILED] - callTestCase(findTestCase("All TC/Arranged/2. Segment/OTC_Submit Form 7_End to End - Cheque"), [:], STOP_ON_FAILURE): callTestCase(findTestCase("All TC/Arranged/2. Segment/OTC_Submit Form 7_End to End - Cheque"), [:], STOP_ON_FAILURE) FAILED.
Reason:
com.kms.katalon.core.exception.StepFailedException: Unable to click on object 'Object Repository/KeatMun/Form 7_default/OTC_Submit Form 7_Section F-G-H/Page_PERKESO/G2. span_Isteri' (Root cause: com.kms.katalon.core.webui.exception.WebElementNotFoundException: Web element with id: 'Object Repository/KeatMun/Form 7_default/OTC_Submit Form 7_Section F-G-H/Page_PERKESO/G2. span_Isteri' located by 'By.xpath: //span[@id = 'select2-dependentList0dependentRelationId-container' and @title = 'Isteri' and (text() = 'Isteri' or . = 'Isteri')]' not found)
	at com.kms.katalon.core.keyword.internal.KeywordMain.stepFailed(KeywordMain.groovy:36)
	at com.kms.katalon.core.webui.keyword.internal.WebUIKeywordMain.stepFailed(WebUIKeywordMain.groovy:65)
	at com.kms.katalon.core.webui.keyword.internal.WebUIKeywordMain.runKeyword(WebUIKeywordMain.groovy:27)
	at com.kms.katalon.core.webui.keyword.builtin.ClickKeyword.click(ClickKeyword.groovy:86)
	at com.kms.katalon.core.webui.keyword.builtin.ClickKeyword.execute(ClickKeyword.groovy:67)
	at com.kms.katalon.core.keyword.internal.KeywordExecutor.executeKeywordForPlatform(KeywordExecutor.groovy:53)
	at com.kms.katalon.core.webui.keyword.WebUiBuiltInKeywords.click(WebUiBuiltInKeywords.groovy:616)
	at com.kms.katalon.core.webui.keyword.WebUiBuiltInKeywords$click$3.call(Unknown Source)
	at OTC_Submit Form 7_Section F-G-H - Cheque.run(OTC_Submit Form 7_Section F-G-H - Cheque:41)
	at com.kms.katalon.core.main.ScriptEngine.run(ScriptEngine.java:194)
	at com.kms.katalon.core.main.ScriptEngine.runScriptAsRawText(ScriptEngine.java:119)
	at com.kms.katalon.core.main.TestCaseExecutor.runScript(TestCaseExecutor.java:328)
	at com.kms.katalon.core.main.TestCaseExecutor.doExecute(TestCaseExecutor.java:319)
	at com.kms.katalon.core.main.TestCaseExecutor.processExecutionPhase(TestCaseExecutor.java:298)
	at com.kms.katalon.core.main.TestCaseExecutor.accessMainPhase(TestCaseExecutor.java:290)
	at com.kms.katalon.core.main.TestCaseExecutor.execute(TestCaseExecutor.java:224)
	at com.kms.katalon.core.main.TestCaseMain.runTestCase(TestCaseMain.java:106)
	at com.kms.katalon.core.keyword.builtin.CallTestCaseKeyword$_callTestCase_closure1.doCall(CallTestCaseKeyword.groovy:59)
	at com.kms.katalon.core.keyword.builtin.CallTestCaseKeyword$_callTestCase_closure1.call(CallTestCaseKeyword.groovy)
	at com.kms.katalon.core.keyword.internal.KeywordMain.runKeyword(KeywordMain.groovy:54)
	at com.kms.katalon.core.keyword.builtin.CallTestCaseKeyword.callTestCase(CallTestCaseKeyword.groovy:80)
	at com.kms.katalon.core.keyword.builtin.CallTestCaseKeyword.execute(CallTestCaseKeyword.groovy:44)
	at com.kms.katalon.core.keyword.internal.KeywordExecutor.executeKeywordForPlatform(KeywordExecutor.groovy:53)
	at com.kms.katalon.core.keyword.BuiltinKeywords.callTestCase(BuiltinKeywords.groovy:334)
	at OTC_Submit Form 7_End to End - Cheque.run(OTC_Submit Form 7_End to End - Cheque:26)
	at com.kms.katalon.core.main.ScriptEngine.run(ScriptEngine.java:194)
	at com.kms.katalon.core.main.ScriptEngine.runScriptAsRawText(ScriptEngine.java:119)
	at com.kms.katalon.core.main.TestCaseExecutor.runScript(TestCaseExecutor.java:328)
	at com.kms.katalon.core.main.TestCaseExecutor.doExecute(TestCaseExecutor.java:319)
	at com.kms.katalon.core.main.TestCaseExecutor.processExecutionPhase(TestCaseExecutor.java:298)
	at com.kms.katalon.core.main.TestCaseExecutor.accessMainPhase(TestCaseExecutor.java:290)
	at com.kms.katalon.core.main.TestCaseExecutor.execute(TestCaseExecutor.java:224)
	at com.kms.katalon.core.main.TestCaseMain.runTestCase(TestCaseMain.java:106)
	at com.kms.katalon.core.keyword.builtin.CallTestCaseKeyword$_callTestCase_closure1.doCall(CallTestCaseKeyword.groovy:59)
	at com.kms.katalon.core.keyword.builtin.CallTestCaseKeyword$_callTestCase_closure1.call(CallTestCaseKeyword.groovy)
	at com.kms.katalon.core.keyword.internal.KeywordMain.runKeyword(KeywordMain.groovy:54)
	at com.kms.katalon.core.keyword.builtin.CallTestCaseKeyword.callTestCase(CallTestCaseKeyword.groovy:80)
	at com.kms.katalon.core.keyword.builtin.CallTestCaseKeyword.execute(CallTestCaseKeyword.groovy:44)
	at com.kms.katalon.core.keyword.internal.KeywordExecutor.executeKeywordForPlatform(KeywordExecutor.groovy:53)
	at com.kms.katalon.core.keyword.BuiltinKeywords.callTestCase(BuiltinKeywords.groovy:334)
	at Cross branch - SEIO.run(Cross branch - SEIO:16)
	at com.kms.katalon.core.main.ScriptEngine.run(ScriptEngine.java:194)
	at com.kms.katalon.core.main.ScriptEngine.runScriptAsRawText(ScriptEngine.java:119)
	at com.kms.katalon.core.main.TestCaseExecutor.runScript(TestCaseExecutor.java:328)
	at com.kms.katalon.core.main.TestCaseExecutor.doExecute(TestCaseExecutor.java:319)
	at com.kms.katalon.core.main.TestCaseExecutor.processExecutionPhase(TestCaseExecutor.java:298)
	at com.kms.katalon.core.main.TestCaseExecutor.accessMainPhase(TestCaseExecutor.java:290)
	at com.kms.katalon.core.main.TestCaseExecutor.execute(TestCaseExecutor.java:224)
	at com.kms.katalon.core.main.TestSuiteExecutor.accessTestCaseMainPhase(TestSuiteExecutor.java:129)
	at com.kms.katalon.core.main.TestSuiteExecutor.accessTestSuiteMainPhase(TestSuiteExecutor.java:112)
	at com.kms.katalon.core.main.TestSuiteExecutor.execute(TestSuiteExecutor.java:81)
	at com.kms.katalon.core.main.TestCaseMain.startTestSuite(TestCaseMain.java:149)
	at com.kms.katalon.core.main.TestCaseMain$startTestSuite$0.call(Unknown Source)
	at TempTestSuite1550652525208.run(TempTestSuite1550652525208.groovy:36)


2019-02-20 18:27:31 - [TEST_CASE][FAILED] - Test Cases/All TC/Arranged/2. Segment/OTC_Submit Form 7_End to End - Cheque: Test Cases/All TC/Arranged/2. Segment/OTC_Submit Form 7_End to End - Cheque FAILED.
Reason:
com.kms.katalon.core.exception.StepFailedException: Unable to click on object 'Object Repository/KeatMun/Form 7_default/OTC_Submit Form 7_Section F-G-H/Page_PERKESO/G2. span_Isteri' (Root cause: com.kms.katalon.core.webui.exception.WebElementNotFoundException: Web element with id: 'Object Repository/KeatMun/Form 7_default/OTC_Submit Form 7_Section F-G-H/Page_PERKESO/G2. span_Isteri' located by 'By.xpath: //span[@id = 'select2-dependentList0dependentRelationId-container' and @title = 'Isteri' and (text() = 'Isteri' or . = 'Isteri')]' not found)
	at com.kms.katalon.core.keyword.internal.KeywordMain.stepFailed(KeywordMain.groovy:36)
	at com.kms.katalon.core.webui.keyword.internal.WebUIKeywordMain.stepFailed(WebUIKeywordMain.groovy:65)
	at com.kms.katalon.core.webui.keyword.internal.WebUIKeywordMain.runKeyword(WebUIKeywordMain.groovy:27)
	at com.kms.katalon.core.webui.keyword.builtin.ClickKeyword.click(ClickKeyword.groovy:86)
	at com.kms.katalon.core.webui.keyword.builtin.ClickKeyword.execute(ClickKeyword.groovy:67)
	at com.kms.katalon.core.keyword.internal.KeywordExecutor.executeKeywordForPlatform(KeywordExecutor.groovy:53)
	at com.kms.katalon.core.webui.keyword.WebUiBuiltInKeywords.click(WebUiBuiltInKeywords.groovy:616)
	at com.kms.katalon.core.webui.keyword.WebUiBuiltInKeywords$click$3.call(Unknown Source)
	at OTC_Submit Form 7_Section F-G-H - Cheque.run(OTC_Submit Form 7_Section F-G-H - Cheque:41)
	at com.kms.katalon.core.main.ScriptEngine.run(ScriptEngine.java:194)
	at com.kms.katalon.core.main.ScriptEngine.runScriptAsRawText(ScriptEngine.java:119)
	at com.kms.katalon.core.main.TestCaseExecutor.runScript(TestCaseExecutor.java:328)
	at com.kms.katalon.core.main.TestCaseExecutor.doExecute(TestCaseExecutor.java:319)
	at com.kms.katalon.core.main.TestCaseExecutor.processExecutionPhase(TestCaseExecutor.java:298)
	at com.kms.katalon.core.main.TestCaseExecutor.accessMainPhase(TestCaseExecutor.java:290)
	at com.kms.katalon.core.main.TestCaseExecutor.execute(TestCaseExecutor.java:224)
	at com.kms.katalon.core.main.TestCaseMain.runTestCase(TestCaseMain.java:106)
	at com.kms.katalon.core.keyword.builtin.CallTestCaseKeyword$_callTestCase_closure1.doCall(CallTestCaseKeyword.groovy:59)
	at com.kms.katalon.core.keyword.builtin.CallTestCaseKeyword$_callTestCase_closure1.call(CallTestCaseKeyword.groovy)
	at com.kms.katalon.core.keyword.internal.KeywordMain.runKeyword(KeywordMain.groovy:54)
	at com.kms.katalon.core.keyword.builtin.CallTestCaseKeyword.callTestCase(CallTestCaseKeyword.groovy:80)
	at com.kms.katalon.core.keyword.builtin.CallTestCaseKeyword.execute(CallTestCaseKeyword.groovy:44)
	at com.kms.katalon.core.keyword.internal.KeywordExecutor.executeKeywordForPlatform(KeywordExecutor.groovy:53)
	at com.kms.katalon.core.keyword.BuiltinKeywords.callTestCase(BuiltinKeywords.groovy:334)
	at OTC_Submit Form 7_End to End - Cheque.run(OTC_Submit Form 7_End to End - Cheque:26)
	at com.kms.katalon.core.main.ScriptEngine.run(ScriptEngine.java:194)
	at com.kms.katalon.core.main.ScriptEngine.runScriptAsRawText(ScriptEngine.java:119)
	at com.kms.katalon.core.main.TestCaseExecutor.runScript(TestCaseExecutor.java:328)
	at com.kms.katalon.core.main.TestCaseExecutor.doExecute(TestCaseExecutor.java:319)
	at com.kms.katalon.core.main.TestCaseExecutor.processExecutionPhase(TestCaseExecutor.java:298)
	at com.kms.katalon.core.main.TestCaseExecutor.accessMainPhase(TestCaseExecutor.java:290)
	at com.kms.katalon.core.main.TestCaseExecutor.execute(TestCaseExecutor.java:224)
	at com.kms.katalon.core.main.TestCaseMain.runTestCase(TestCaseMain.java:106)
	at com.kms.katalon.core.keyword.builtin.CallTestCaseKeyword$_callTestCase_closure1.doCall(CallTestCaseKeyword.groovy:59)
	at com.kms.katalon.core.keyword.builtin.CallTestCaseKeyword$_callTestCase_closure1.call(CallTestCaseKeyword.groovy)
	at com.kms.katalon.core.keyword.internal.KeywordMain.runKeyword(KeywordMain.groovy:54)
	at com.kms.katalon.core.keyword.builtin.CallTestCaseKeyword.callTestCase(CallTestCaseKeyword.groovy:80)
	at com.kms.katalon.core.keyword.builtin.CallTestCaseKeyword.execute(CallTestCaseKeyword.groovy:44)
	at com.kms.katalon.core.keyword.internal.KeywordExecutor.executeKeywordForPlatform(KeywordExecutor.groovy:53)
	at com.kms.katalon.core.keyword.BuiltinKeywords.callTestCase(BuiltinKeywords.groovy:334)
	at Cross branch - SEIO.run(Cross branch - SEIO:16)
	at com.kms.katalon.core.main.ScriptEngine.run(ScriptEngine.java:194)
	at com.kms.katalon.core.main.ScriptEngine.runScriptAsRawText(ScriptEngine.java:119)
	at com.kms.katalon.core.main.TestCaseExecutor.runScript(TestCaseExecutor.java:328)
	at com.kms.katalon.core.main.TestCaseExecutor.doExecute(TestCaseExecutor.java:319)
	at com.kms.katalon.core.main.TestCaseExecutor.processExecutionPhase(TestCaseExecutor.java:298)
	at com.kms.katalon.core.main.TestCaseExecutor.accessMainPhase(TestCaseExecutor.java:290)
	at com.kms.katalon.core.main.TestCaseExecutor.execute(TestCaseExecutor.java:224)
	at com.kms.katalon.core.main.TestSuiteExecutor.accessTestCaseMainPhase(TestSuiteExecutor.java:129)
	at com.kms.katalon.core.main.TestSuiteExecutor.accessTestSuiteMainPhase(TestSuiteExecutor.java:112)
	at com.kms.katalon.core.main.TestSuiteExecutor.execute(TestSuiteExecutor.java:81)
	at com.kms.katalon.core.main.TestCaseMain.startTestSuite(TestCaseMain.java:149)
	at com.kms.katalon.core.main.TestCaseMain$startTestSuite$0.call(Unknown Source)
	at TempTestSuite1550652525208.run(TempTestSuite1550652525208.groovy:36)


2019-02-20 18:27:31 - [TEST_STEP][PASSED] - callTestCase(findTestCase("All TC/Arranged/3. Unit/EI/Form 7_default/OTC_Application_Reg"), [:], STOP_ON_FAILURE): Call Test Case 'Test Cases/All TC/Arranged/3. Unit/EI/Form 7_default/OTC_Application_Reg' successfully

2019-02-20 18:27:31 - [TEST_CASE][PASSED] - Test Cases/All TC/Arranged/3. Unit/EI/Form 7_default/OTC_Application_Reg: Test Cases/All TC/Arranged/3. Unit/EI/Form 7_default/OTC_Application_Reg

2019-02-20 18:27:31 - [TEST_STEP][PASSED] - openBrowser(""): Browser is opened with url: ''

2019-02-20 18:27:31 - [MESSAGE][WARNING] - A browser is already opened. Closing browser and opening a new one

2019-02-20 18:27:33 - [MESSAGE][INFO] - Starting 'Chrome' driver

2019-02-20 18:27:33 - [MESSAGE][INFO] - User set preference: ['args', '[--start-maximized]']

2019-02-20 18:27:37 - [MESSAGE][PASSED] - Browser is opened with url: ''

2019-02-20 18:27:37 - [TEST_STEP][PASSED] - navigateToUrl(Internal_Login): Navigate to 'http://10.20.24.188/eisportal/user/login' successfully

2019-02-20 18:27:39 - [MESSAGE][PASSED] - Navigate to 'http://10.20.24.188/eisportal/user/login' successfully

2019-02-20 18:27:39 - [TEST_STEP][PASSED] - delay(3): Delayed 3 second(s)

2019-02-20 18:27:42 - [MESSAGE][PASSED] - Delayed 3 second(s)

2019-02-20 18:27:42 - [TEST_STEP][PASSED] - setText(findTestObject("KeatMun/Form 7_default/OTC_Application_Reg/Page_PERKESO/1.username"), "faizal.hamid@perkeso.gov.my"): Text 'faizal.hamid@perkeso.gov.my' is set on object 'Object Repository/KeatMun/Form 7_default/OTC_Application_Reg/Page_PERKESO/1.username'

2019-02-20 18:27:46 - [MESSAGE][PASSED] - Text 'faizal.hamid@perkeso.gov.my' is set on object 'Object Repository/KeatMun/Form 7_default/OTC_Application_Reg/Page_PERKESO/1.username'

2019-02-20 18:27:46 - [TEST_STEP][PASSED] - delay(1): Delayed 1 second(s)

2019-02-20 18:27:47 - [MESSAGE][PASSED] - Delayed 1 second(s)

2019-02-20 18:27:47 - [TEST_STEP][PASSED] - setEncryptedText(findTestObject("KeatMun/Form 7_default/OTC_Application_Reg/Page_PERKESO/2.password"), "CQqwFZlbeC8="): Text ****** has been set on object 'Object Repository/KeatMun/Form 7_default/OTC_Application_Reg/Page_PERKESO/2.password'

2019-02-20 18:27:50 - [MESSAGE][PASSED] - Text ****** has been set on object 'Object Repository/KeatMun/Form 7_default/OTC_Application_Reg/Page_PERKESO/2.password'

2019-02-20 18:27:50 - [TEST_STEP][PASSED] - delay(2): Delayed 2 second(s)

2019-02-20 18:27:52 - [MESSAGE][PASSED] - Delayed 2 second(s)

2019-02-20 18:27:52 - [TEST_STEP][PASSED] - click(findTestObject("KeatMun/Form 7_default/OTC_Application_Reg/Page_PERKESO/3.login button")): Object: 'Object Repository/KeatMun/Form 7_default/OTC_Application_Reg/Page_PERKESO/3.login button' is clicked on

2019-02-20 18:27:55 - [MESSAGE][PASSED] - Object: 'Object Repository/KeatMun/Form 7_default/OTC_Application_Reg/Page_PERKESO/3.login button' is clicked on

2019-02-20 18:27:55 - [TEST_STEP][PASSED] - delay(2): Delayed 2 second(s)

2019-02-20 18:27:57 - [MESSAGE][PASSED] - Delayed 2 second(s)

2019-02-20 18:27:57 - [TEST_STEP][PASSED] - click(findTestObject("KeatMun/Form 7_default/OTC_Application_Reg/Page_PERKESO/4. Permohonan tab")): Object: 'Object Repository/KeatMun/Form 7_default/OTC_Application_Reg/Page_PERKESO/4. Permohonan tab' is clicked on

2019-02-20 18:28:00 - [MESSAGE][PASSED] - Object: 'Object Repository/KeatMun/Form 7_default/OTC_Application_Reg/Page_PERKESO/4. Permohonan tab' is clicked on

2019-02-20 18:28:00 - [TEST_STEP][PASSED] - delay(2): Delayed 2 second(s)

2019-02-20 18:28:02 - [MESSAGE][PASSED] - Delayed 2 second(s)

2019-02-20 18:28:02 - [TEST_STEP][PASSED] - click(findTestObject("KeatMun/Form 7_default/OTC_Application_Reg/Page_PERKESO/5.button_Setuju")): Object: 'Object Repository/KeatMun/Form 7_default/OTC_Application_Reg/Page_PERKESO/5.button_Setuju' is clicked on

2019-02-20 18:28:04 - [MESSAGE][PASSED] - Object: 'Object Repository/KeatMun/Form 7_default/OTC_Application_Reg/Page_PERKESO/5.button_Setuju' is clicked on

2019-02-20 18:28:04 - [TEST_STEP][PASSED] - delay(2): Delayed 2 second(s)

2019-02-20 18:28:06 - [MESSAGE][PASSED] - Delayed 2 second(s)

2019-02-20 18:28:06 - [TEST_STEP][PASSED] - callTestCase(findTestCase("All TC/Arranged/1. Common/IC List Checker"), [:], STOP_ON_FAILURE): Call Test Case 'Test Cases/All TC/Arranged/1. Common/IC List Checker' successfully

2019-02-20 18:28:07 - [TEST_CASE][PASSED] - Test Cases/All TC/Arranged/1. Common/IC List Checker: Test Cases/All TC/Arranged/1. Common/IC List Checker

2019-02-20 18:28:07 - [TEST_STEP][PASSED] - counter = 0: null

2019-02-20 18:28:07 - [TEST_STEP][PASSED] - fis = new java.io.FileInputStream((internal.GlobalVariable.TextFilePathCommon + \IC.xlsx)): null

2019-02-20 18:28:07 - [TEST_STEP][PASSED] - workbook = new org.apache.poi.xssf.usermodel.XSSFWorkbook(fis): null

2019-02-20 18:28:07 - [TEST_STEP][PASSED] - sheet = workbook.getSheet("Sheet1"): null

2019-02-20 18:28:07 - [TEST_STEP][PASSED] - totalRow = sheet.getLastRowNum(): null

2019-02-20 18:28:07 - [TEST_STEP][PASSED] - out.println(totalRow): null

2019-02-20 18:28:07 - [TEST_STEP][PASSED] - row = sheet.getRow(counter): null

2019-02-20 18:28:07 - [TEST_STEP][PASSED] - cell = row.getCell(counter): null

2019-02-20 18:28:07 - [TEST_STEP][PASSED] - a = cell.getStringCellValue(): null

2019-02-20 18:28:07 - [TEST_STEP][PASSED] - IC = a: null

2019-02-20 18:28:07 - [TEST_STEP][PASSED] - out.println(IC): null

2019-02-20 18:28:07 - [TEST_STEP][PASSED] - callTestCase(findTestCase("All TC/Arranged/1. Common/1.2 Setter/Setter IC"), [:], STOP_ON_FAILURE): Call Test Case 'Test Cases/All TC/Arranged/1. Common/1.2 Setter/Setter IC' successfully

2019-02-20 18:28:07 - [TEST_CASE][PASSED] - Test Cases/All TC/Arranged/1. Common/1.2 Setter/Setter IC: Test Cases/All TC/Arranged/1. Common/1.2 Setter/Setter IC

2019-02-20 18:28:07 - [TEST_STEP][PASSED] - RefNoOldFile = new java.io.File((internal.GlobalVariable.TextFilePathCommon + \getIC.txt)): null

2019-02-20 18:28:07 - [TEST_STEP][PASSED] - RefNoOldFile.delete(): null

2019-02-20 18:28:07 - [TEST_STEP][PASSED] - delay(5): Delayed 5 second(s)

2019-02-20 18:28:12 - [MESSAGE][PASSED] - Delayed 5 second(s)

2019-02-20 18:28:12 - [TEST_STEP][PASSED] - RefNo = new java.io.File((internal.GlobalVariable.TextFilePathCommon + \getIC.txt)): null

2019-02-20 18:28:12 - [TEST_STEP][PASSED] - f2 = new java.io.FileWriter(RefNo, false): null

2019-02-20 18:28:12 - [TEST_STEP][PASSED] - f2.write(IC): null

2019-02-20 18:28:12 - [TEST_STEP][PASSED] - f2.close(): null

2019-02-20 18:28:12 - [TEST_STEP][PASSED] - out.println("


" + IC + "


"): null

2019-02-20 18:28:12 - [MESSAGE][PASSED] - Call Test Case 'Test Cases/All TC/Arranged/1. Common/1.2 Setter/Setter IC' successfully

2019-02-20 18:28:12 - [MESSAGE][PASSED] - Call Test Case 'Test Cases/All TC/Arranged/1. Common/IC List Checker' successfully

2019-02-20 18:28:12 - [TEST_STEP][PASSED] - setText(findTestObject("KeatMun/Form 7_default/OTC_Application_Reg/Page_PERKESO/6.No. Kad Pengenalan"), IC): Text '861023436638' is set on object 'Object Repository/KeatMun/Form 7_default/OTC_Application_Reg/Page_PERKESO/6.No. Kad Pengenalan'

2019-02-20 18:28:16 - [MESSAGE][PASSED] - Text '861023436638' is set on object 'Object Repository/KeatMun/Form 7_default/OTC_Application_Reg/Page_PERKESO/6.No. Kad Pengenalan'

2019-02-20 18:28:16 - [TEST_STEP][PASSED] - delay(2): Delayed 2 second(s)

2019-02-20 18:28:18 - [MESSAGE][PASSED] - Delayed 2 second(s)

2019-02-20 18:28:18 - [TEST_STEP][PASSED] - click(findTestObject("KeatMun/Form 7_default/OTC_Application_Reg/Page_PERKESO/7.button_Semak")): Object: 'Object Repository/KeatMun/Form 7_default/OTC_Application_Reg/Page_PERKESO/7.button_Semak' is clicked on

2019-02-20 18:28:20 - [MESSAGE][PASSED] - Object: 'Object Repository/KeatMun/Form 7_default/OTC_Application_Reg/Page_PERKESO/7.button_Semak' is clicked on

2019-02-20 18:28:20 - [TEST_STEP][PASSED] - delay(4): Delayed 4 second(s)

2019-02-20 18:28:24 - [MESSAGE][PASSED] - Delayed 4 second(s)

2019-02-20 18:28:24 - [TEST_STEP][PASSED] - click(findTestObject("KeatMun/Form 7_default/OTC_Application_Reg/Page_PERKESO/8. Nama Majikan Dropdown")): Object: 'Object Repository/KeatMun/Form 7_default/OTC_Application_Reg/Page_PERKESO/8. Nama Majikan Dropdown' is clicked on

2019-02-20 18:28:26 - [MESSAGE][PASSED] - Object: 'Object Repository/KeatMun/Form 7_default/OTC_Application_Reg/Page_PERKESO/8. Nama Majikan Dropdown' is clicked on

2019-02-20 18:28:26 - [TEST_STEP][PASSED] - setText(findTestObject("KeatMun/Form 7_default/OTC_Application_Reg/Page_PERKESO/8. LOE emp"), "pet"): Text 'pet' is set on object 'Object Repository/KeatMun/Form 7_default/OTC_Application_Reg/Page_PERKESO/8. LOE emp'

2019-02-20 18:28:31 - [MESSAGE][PASSED] - Text 'pet' is set on object 'Object Repository/KeatMun/Form 7_default/OTC_Application_Reg/Page_PERKESO/8. LOE emp'

2019-02-20 18:28:31 - [TEST_STEP][PASSED] - click(findTestObject("KeatMun/Form 7_default/OTC_Application_Reg/Page_PERKESO/8. PETRONAS")): Object: 'Object Repository/KeatMun/Form 7_default/OTC_Application_Reg/Page_PERKESO/8. PETRONAS' is clicked on

2019-02-20 18:28:33 - [MESSAGE][PASSED] - Object: 'Object Repository/KeatMun/Form 7_default/OTC_Application_Reg/Page_PERKESO/8. PETRONAS' is clicked on

2019-02-20 18:28:33 - [TEST_STEP][PASSED] - delay(2): Delayed 2 second(s)

2019-02-20 18:28:35 - [MESSAGE][PASSED] - Delayed 2 second(s)

2019-02-20 18:28:35 - [TEST_STEP][PASSED] - setText(findTestObject("KeatMun/Form 7_default/OTC_Application_Reg/Page_PERKESO/9.Tarikh kehilangan pkj"), "10/01/2019"): Text '10/01/2019' is set on object 'Object Repository/KeatMun/Form 7_default/OTC_Application_Reg/Page_PERKESO/9.Tarikh kehilangan pkj'

2019-02-20 18:28:39 - [MESSAGE][PASSED] - Text '10/01/2019' is set on object 'Object Repository/KeatMun/Form 7_default/OTC_Application_Reg/Page_PERKESO/9.Tarikh kehilangan pkj'

2019-02-20 18:28:39 - [TEST_STEP][PASSED] - delay(2): Delayed 2 second(s)

2019-02-20 18:28:41 - [MESSAGE][PASSED] - Delayed 2 second(s)

2019-02-20 18:28:41 - [TEST_STEP][PASSED] - click(findTestObject("KeatMun/Form 7_default/OTC_Application_Reg/Page_PERKESO/9. Date Picker Done Button ")): Object: 'Object Repository/KeatMun/Form 7_default/OTC_Application_Reg/Page_PERKESO/9. Date Picker Done Button ' is clicked on

2019-02-20 18:28:43 - [MESSAGE][PASSED] - Object: 'Object Repository/KeatMun/Form 7_default/OTC_Application_Reg/Page_PERKESO/9. Date Picker Done Button ' is clicked on

2019-02-20 18:28:43 - [TEST_STEP][PASSED] - delay(2): Delayed 2 second(s)

2019-02-20 18:28:45 - [MESSAGE][PASSED] - Delayed 2 second(s)

2019-02-20 18:28:45 - [TEST_STEP][PASSED] - click(findTestObject("KeatMun/Form 7_default/OTC_Application_Reg/Page_PERKESO/10.button_Mohon")): Object: 'Object Repository/KeatMun/Form 7_default/OTC_Application_Reg/Page_PERKESO/10.button_Mohon' is clicked on

2019-02-20 18:28:47 - [MESSAGE][PASSED] - Object: 'Object Repository/KeatMun/Form 7_default/OTC_Application_Reg/Page_PERKESO/10.button_Mohon' is clicked on

2019-02-20 18:28:47 - [TEST_STEP][PASSED] - delay(2): Delayed 2 second(s)

2019-02-20 18:28:49 - [MESSAGE][PASSED] - Delayed 2 second(s)

2019-02-20 18:28:49 - [TEST_STEP][PASSED] - setText(findTestObject("KeatMun/Form 7_default/OTC_Application_Reg/Page_PERKESO/11.Tarikh Terima_stampedDtS"), "10/01/2019"): Text '10/01/2019' is set on object 'Object Repository/KeatMun/Form 7_default/OTC_Application_Reg/Page_PERKESO/11.Tarikh Terima_stampedDtS'

2019-02-20 18:28:54 - [MESSAGE][PASSED] - Text '10/01/2019' is set on object 'Object Repository/KeatMun/Form 7_default/OTC_Application_Reg/Page_PERKESO/11.Tarikh Terima_stampedDtS'

2019-02-20 18:28:54 - [TEST_STEP][PASSED] - delay(2): Delayed 2 second(s)

2019-02-20 18:28:56 - [MESSAGE][PASSED] - Delayed 2 second(s)

2019-02-20 18:28:56 - [TEST_STEP][PASSED] - click(findTestObject("KeatMun/Form 7_default/OTC_Application_Reg/Page_PERKESO/11. Date Picker Done Button")): Object: 'Object Repository/KeatMun/Form 7_default/OTC_Application_Reg/Page_PERKESO/11. Date Picker Done Button' is clicked on

2019-02-20 18:28:58 - [MESSAGE][PASSED] - Object: 'Object Repository/KeatMun/Form 7_default/OTC_Application_Reg/Page_PERKESO/11. Date Picker Done Button' is clicked on

2019-02-20 18:28:58 - [TEST_STEP][PASSED] - delay(2): Delayed 2 second(s)

2019-02-20 18:29:00 - [MESSAGE][PASSED] - Delayed 2 second(s)

2019-02-20 18:29:00 - [TEST_STEP][PASSED] - click(findTestObject("KeatMun/Form 7_default/OTC_Application_Reg/Page_PERKESO/11.button_TERUSKAN")): Object: 'Object Repository/KeatMun/Form 7_default/OTC_Application_Reg/Page_PERKESO/11.button_TERUSKAN' is clicked on

2019-02-20 18:29:02 - [MESSAGE][PASSED] - Object: 'Object Repository/KeatMun/Form 7_default/OTC_Application_Reg/Page_PERKESO/11.button_TERUSKAN' is clicked on

2019-02-20 18:29:02 - [TEST_STEP][PASSED] - delay(2): Delayed 2 second(s)

2019-02-20 18:29:04 - [MESSAGE][PASSED] - Delayed 2 second(s)

2019-02-20 18:29:04 - [TEST_STEP][PASSED] - selectOptionByValue(findTestObject("KeatMun/Form 7_default/OTC_Application_Reg/Page_PERKESO/12.--Sila Pilih--PejabatPKS"), "22", true): All options with value '22' are selected in object 'Object Repository/KeatMun/Form 7_default/OTC_Application_Reg/Page_PERKESO/12.--Sila Pilih--PejabatPKS'  using regular expression

2019-02-20 18:30:34 - [MESSAGE][PASSED] - All options with value '22' are selected in object 'Object Repository/KeatMun/Form 7_default/OTC_Application_Reg/Page_PERKESO/12.--Sila Pilih--PejabatPKS'  using regular expression

2019-02-20 18:30:34 - [TEST_STEP][PASSED] - delay(2): Delayed 2 second(s)

2019-02-20 18:30:36 - [MESSAGE][PASSED] - Delayed 2 second(s)

2019-02-20 18:30:36 - [TEST_STEP][PASSED] - click(findTestObject("KeatMun/Form 7_default/OTC_Application_Reg/Page_PERKESO/13. Halaman Seterusnya")): Object: 'Object Repository/KeatMun/Form 7_default/OTC_Application_Reg/Page_PERKESO/13. Halaman Seterusnya' is clicked on

2019-02-20 18:30:38 - [MESSAGE][PASSED] - Object: 'Object Repository/KeatMun/Form 7_default/OTC_Application_Reg/Page_PERKESO/13. Halaman Seterusnya' is clicked on

2019-02-20 18:30:38 - [MESSAGE][PASSED] - Call Test Case 'Test Cases/All TC/Arranged/3. Unit/EI/Form 7_default/OTC_Application_Reg' successfully

2019-02-20 18:30:38 - [TEST_STEP][PASSED] - callTestCase(findTestCase("All TC/Arranged/3. Unit/EI/Form 7_default/OTC_Submit Form 7_Section A"), [:], STOP_ON_FAILURE): Call Test Case 'Test Cases/All TC/Arranged/3. Unit/EI/Form 7_default/OTC_Submit Form 7_Section A' successfully

2019-02-20 18:30:38 - [TEST_CASE][PASSED] - Test Cases/All TC/Arranged/3. Unit/EI/Form 7_default/OTC_Submit Form 7_Section A: Test Cases/All TC/Arranged/3. Unit/EI/Form 7_default/OTC_Submit Form 7_Section A

2019-02-20 18:30:38 - [TEST_STEP][PASSED] - delay(2): Delayed 2 second(s)

2019-02-20 18:30:40 - [MESSAGE][PASSED] - Delayed 2 second(s)

2019-02-20 18:30:40 - [TEST_STEP][PASSED] - setText(findTestObject("KeatMun/Form 7_default/OTC_Submit Form 7_Section A/Page_PERKESO/A4. EmployeeDob"), "10/01/2019"): Text '10/01/2019' is set on object 'Object Repository/KeatMun/Form 7_default/OTC_Submit Form 7_Section A/Page_PERKESO/A4. EmployeeDob'

2019-02-20 18:30:45 - [MESSAGE][PASSED] - Text '10/01/2019' is set on object 'Object Repository/KeatMun/Form 7_default/OTC_Submit Form 7_Section A/Page_PERKESO/A4. EmployeeDob'

2019-02-20 18:30:45 - [TEST_STEP][PASSED] - delay(2): Delayed 2 second(s)

2019-02-20 18:30:47 - [MESSAGE][PASSED] - Delayed 2 second(s)

2019-02-20 18:30:47 - [TEST_STEP][PASSED] - click(findTestObject("KeatMun/Form 7_default/OTC_Submit Form 7_Section A/Page_PERKESO/A5. Bangsa")): Object: 'Object Repository/KeatMun/Form 7_default/OTC_Submit Form 7_Section A/Page_PERKESO/A5. Bangsa' is clicked on

2019-02-20 18:30:49 - [MESSAGE][PASSED] - Object: 'Object Repository/KeatMun/Form 7_default/OTC_Submit Form 7_Section A/Page_PERKESO/A5. Bangsa' is clicked on

2019-02-20 18:30:49 - [TEST_STEP][PASSED] - click(findTestObject("KeatMun/Form 7_default/OTC_Submit Form 7_Section A/Page_PERKESO/A5. Bumiputera Sabah")): Object: 'Object Repository/KeatMun/Form 7_default/OTC_Submit Form 7_Section A/Page_PERKESO/A5. Bumiputera Sabah' is clicked on

2019-02-20 18:30:51 - [MESSAGE][PASSED] - Object: 'Object Repository/KeatMun/Form 7_default/OTC_Submit Form 7_Section A/Page_PERKESO/A5. Bumiputera Sabah' is clicked on

2019-02-20 18:30:51 - [TEST_STEP][PASSED] - delay(2): Delayed 2 second(s)

2019-02-20 18:30:53 - [MESSAGE][PASSED] - Delayed 2 second(s)

2019-02-20 18:30:53 - [TEST_STEP][PASSED] - click(findTestObject("KeatMun/Form 7_default/OTC_Submit Form 7_Section A/Page_PERKESO/A6. Jantina")): Object: 'Object Repository/KeatMun/Form 7_default/OTC_Submit Form 7_Section A/Page_PERKESO/A6. Jantina' is clicked on

2019-02-20 18:30:55 - [MESSAGE][PASSED] - Object: 'Object Repository/KeatMun/Form 7_default/OTC_Submit Form 7_Section A/Page_PERKESO/A6. Jantina' is clicked on

2019-02-20 18:30:55 - [TEST_STEP][PASSED] - click(findTestObject("KeatMun/Form 7_default/OTC_Submit Form 7_Section A/Page_PERKESO/A6. Lelaki")): Object: 'Object Repository/KeatMun/Form 7_default/OTC_Submit Form 7_Section A/Page_PERKESO/A6. Lelaki' is clicked on

2019-02-20 18:30:57 - [MESSAGE][PASSED] - Object: 'Object Repository/KeatMun/Form 7_default/OTC_Submit Form 7_Section A/Page_PERKESO/A6. Lelaki' is clicked on

2019-02-20 18:30:57 - [TEST_STEP][PASSED] - delay(2): Delayed 2 second(s)

2019-02-20 18:30:59 - [MESSAGE][PASSED] - Delayed 2 second(s)

2019-02-20 18:30:59 - [TEST_STEP][PASSED] - click(findTestObject("KeatMun/Form 7_default/OTC_Submit Form 7_Section A/Page_PERKESO/A7. Kewarganegaraan")): Object: 'Object Repository/KeatMun/Form 7_default/OTC_Submit Form 7_Section A/Page_PERKESO/A7. Kewarganegaraan' is clicked on

2019-02-20 18:31:01 - [MESSAGE][PASSED] - Object: 'Object Repository/KeatMun/Form 7_default/OTC_Submit Form 7_Section A/Page_PERKESO/A7. Kewarganegaraan' is clicked on

2019-02-20 18:31:01 - [TEST_STEP][PASSED] - click(findTestObject("KeatMun/Form 7_default/OTC_Submit Form 7_Section A/Page_PERKESO/A7. Malaysia")): Object: 'Object Repository/KeatMun/Form 7_default/OTC_Submit Form 7_Section A/Page_PERKESO/A7. Malaysia' is clicked on

2019-02-20 18:31:04 - [MESSAGE][PASSED] - Object: 'Object Repository/KeatMun/Form 7_default/OTC_Submit Form 7_Section A/Page_PERKESO/A7. Malaysia' is clicked on

2019-02-20 18:31:04 - [TEST_STEP][PASSED] - delay(2): Delayed 2 second(s)

2019-02-20 18:31:06 - [MESSAGE][PASSED] - Delayed 2 second(s)

2019-02-20 18:31:06 - [TEST_STEP][PASSED] - click(findTestObject("KeatMun/Form 7_default/OTC_Submit Form 7_Section A/Page_PERKESO/A8. Status Perkahwinan")): Object: 'Object Repository/KeatMun/Form 7_default/OTC_Submit Form 7_Section A/Page_PERKESO/A8. Status Perkahwinan' is clicked on

2019-02-20 18:31:08 - [MESSAGE][PASSED] - Object: 'Object Repository/KeatMun/Form 7_default/OTC_Submit Form 7_Section A/Page_PERKESO/A8. Status Perkahwinan' is clicked on

2019-02-20 18:31:08 - [TEST_STEP][PASSED] - click(findTestObject("KeatMun/Form 7_default/OTC_Submit Form 7_Section A/Page_PERKESO/A8. Bujang")): Object: 'Object Repository/KeatMun/Form 7_default/OTC_Submit Form 7_Section A/Page_PERKESO/A8. Bujang' is clicked on

2019-02-20 18:31:10 - [MESSAGE][PASSED] - Object: 'Object Repository/KeatMun/Form 7_default/OTC_Submit Form 7_Section A/Page_PERKESO/A8. Bujang' is clicked on

2019-02-20 18:31:10 - [TEST_STEP][PASSED] - delay(2): Delayed 2 second(s)

2019-02-20 18:31:12 - [MESSAGE][PASSED] - Delayed 2 second(s)

2019-02-20 18:31:12 - [TEST_STEP][PASSED] - setText(findTestObject("KeatMun/Form 7_default/OTC_Submit Form 7_Section A/Page_PERKESO/A9. Address1"), "qwertyuiop"): Text 'qwertyuiop' is set on object 'Object Repository/KeatMun/Form 7_default/OTC_Submit Form 7_Section A/Page_PERKESO/A9. Address1'

2019-02-20 18:31:16 - [MESSAGE][PASSED] - Text 'qwertyuiop' is set on object 'Object Repository/KeatMun/Form 7_default/OTC_Submit Form 7_Section A/Page_PERKESO/A9. Address1'

2019-02-20 18:31:16 - [TEST_STEP][PASSED] - delay(2): Delayed 2 second(s)

2019-02-20 18:31:18 - [MESSAGE][PASSED] - Delayed 2 second(s)

2019-02-20 18:31:18 - [TEST_STEP][PASSED] - click(findTestObject("KeatMun/Form 7_default/OTC_Submit Form 7_Section A/Page_PERKESO/A10. Negeri")): Object: 'Object Repository/KeatMun/Form 7_default/OTC_Submit Form 7_Section A/Page_PERKESO/A10. Negeri' is clicked on

2019-02-20 18:31:20 - [MESSAGE][PASSED] - Object: 'Object Repository/KeatMun/Form 7_default/OTC_Submit Form 7_Section A/Page_PERKESO/A10. Negeri' is clicked on

2019-02-20 18:31:20 - [TEST_STEP][PASSED] - click(findTestObject("KeatMun/Form 7_default/OTC_Submit Form 7_Section A/Page_PERKESO/A10. JOHOR")): Object: 'Object Repository/KeatMun/Form 7_default/OTC_Submit Form 7_Section A/Page_PERKESO/A10. JOHOR' is clicked on

2019-02-20 18:31:22 - [MESSAGE][PASSED] - Object: 'Object Repository/KeatMun/Form 7_default/OTC_Submit Form 7_Section A/Page_PERKESO/A10. JOHOR' is clicked on

2019-02-20 18:31:22 - [TEST_STEP][PASSED] - delay(2): Delayed 2 second(s)

2019-02-20 18:31:24 - [MESSAGE][PASSED] - Delayed 2 second(s)

2019-02-20 18:31:24 - [TEST_STEP][PASSED] - click(findTestObject("KeatMun/Form 7_default/OTC_Submit Form 7_Section A/Page_PERKESO/A11. --Sila Pilih--")): Object: 'Object Repository/KeatMun/Form 7_default/OTC_Submit Form 7_Section A/Page_PERKESO/A11. --Sila Pilih--' is clicked on

2019-02-20 18:31:26 - [MESSAGE][PASSED] - Object: 'Object Repository/KeatMun/Form 7_default/OTC_Submit Form 7_Section A/Page_PERKESO/A11. --Sila Pilih--' is clicked on

2019-02-20 18:31:26 - [TEST_STEP][PASSED] - setText(findTestObject("KeatMun/Form 7_default/OTC_Submit Form 7_Section A/Page_PERKESO/A11. Done_select2-search__fie (1)"), "jo"): Text 'jo' is set on object 'Object Repository/KeatMun/Form 7_default/OTC_Submit Form 7_Section A/Page_PERKESO/A11. Done_select2-search__fie (1)'

2019-02-20 18:31:31 - [MESSAGE][PASSED] - Text 'jo' is set on object 'Object Repository/KeatMun/Form 7_default/OTC_Submit Form 7_Section A/Page_PERKESO/A11. Done_select2-search__fie (1)'

2019-02-20 18:31:31 - [TEST_STEP][PASSED] - setText(findTestObject("KeatMun/Form 7_default/OTC_Submit Form 7_Section A/Page_PERKESO/A11. concat(id(  select2-city"), "jo"): Text 'jo' is set on object 'Object Repository/KeatMun/Form 7_default/OTC_Submit Form 7_Section A/Page_PERKESO/A11. concat(id(  select2-city'

2019-02-20 18:31:35 - [MESSAGE][PASSED] - Text 'jo' is set on object 'Object Repository/KeatMun/Form 7_default/OTC_Submit Form 7_Section A/Page_PERKESO/A11. concat(id(  select2-city'

2019-02-20 18:31:35 - [TEST_STEP][PASSED] - click(findTestObject("KeatMun/Form 7_default/OTC_Submit Form 7_Section A/Page_PERKESO/A11. JOHOR BAHRU")): Object: 'Object Repository/KeatMun/Form 7_default/OTC_Submit Form 7_Section A/Page_PERKESO/A11. JOHOR BAHRU' is clicked on

2019-02-20 18:31:37 - [MESSAGE][PASSED] - Object: 'Object Repository/KeatMun/Form 7_default/OTC_Submit Form 7_Section A/Page_PERKESO/A11. JOHOR BAHRU' is clicked on

2019-02-20 18:31:37 - [TEST_STEP][PASSED] - delay(2): Delayed 2 second(s)

2019-02-20 18:31:39 - [MESSAGE][PASSED] - Delayed 2 second(s)

2019-02-20 18:31:39 - [TEST_STEP][PASSED] - click(findTestObject("KeatMun/Form 7_default/OTC_Submit Form 7_Section A/Page_PERKESO/A12. --Sila Isikan--")): Object: 'Object Repository/KeatMun/Form 7_default/OTC_Submit Form 7_Section A/Page_PERKESO/A12. --Sila Isikan--' is clicked on

2019-02-20 18:31:41 - [MESSAGE][PASSED] - Object: 'Object Repository/KeatMun/Form 7_default/OTC_Submit Form 7_Section A/Page_PERKESO/A12. --Sila Isikan--' is clicked on

2019-02-20 18:31:41 - [TEST_STEP][PASSED] - setText(findTestObject("KeatMun/Form 7_default/OTC_Submit Form 7_Section A/Page_PERKESO/A11. Done_select2-search__fie"), "84"): Text '84' is set on object 'Object Repository/KeatMun/Form 7_default/OTC_Submit Form 7_Section A/Page_PERKESO/A11. Done_select2-search__fie'

2019-02-20 18:31:45 - [MESSAGE][PASSED] - Text '84' is set on object 'Object Repository/KeatMun/Form 7_default/OTC_Submit Form 7_Section A/Page_PERKESO/A11. Done_select2-search__fie'

2019-02-20 18:31:45 - [TEST_STEP][PASSED] - click(findTestObject("KeatMun/Form 7_default/OTC_Submit Form 7_Section A/Page_PERKESO/A12. 84000")): Object: 'Object Repository/KeatMun/Form 7_default/OTC_Submit Form 7_Section A/Page_PERKESO/A12. 84000' is clicked on

2019-02-20 18:31:48 - [MESSAGE][PASSED] - Object: 'Object Repository/KeatMun/Form 7_default/OTC_Submit Form 7_Section A/Page_PERKESO/A12. 84000' is clicked on

2019-02-20 18:31:48 - [TEST_STEP][PASSED] - delay(2): Delayed 2 second(s)

2019-02-20 18:31:50 - [MESSAGE][PASSED] - Delayed 2 second(s)

2019-02-20 18:31:50 - [TEST_STEP][PASSED] - setText(findTestObject("KeatMun/Form 7_default/OTC_Submit Form 7_Section A/Page_PERKESO/A13. mobileContact1"), "1234567890"): Text '1234567890' is set on object 'Object Repository/KeatMun/Form 7_default/OTC_Submit Form 7_Section A/Page_PERKESO/A13. mobileContact1'

2019-02-20 18:31:54 - [MESSAGE][PASSED] - Text '1234567890' is set on object 'Object Repository/KeatMun/Form 7_default/OTC_Submit Form 7_Section A/Page_PERKESO/A13. mobileContact1'

2019-02-20 18:31:54 - [TEST_STEP][PASSED] - delay(2): Delayed 2 second(s)

2019-02-20 18:31:56 - [MESSAGE][PASSED] - Delayed 2 second(s)

2019-02-20 18:31:56 - [TEST_STEP][PASSED] - click(findTestObject("KeatMun/Form 7_default/OTC_Submit Form 7_Section A/Page_PERKESO/A14. Halaman Seterusnya")): Object: 'Object Repository/KeatMun/Form 7_default/OTC_Submit Form 7_Section A/Page_PERKESO/A14. Halaman Seterusnya' is clicked on

2019-02-20 18:31:58 - [MESSAGE][PASSED] - Object: 'Object Repository/KeatMun/Form 7_default/OTC_Submit Form 7_Section A/Page_PERKESO/A14. Halaman Seterusnya' is clicked on

2019-02-20 18:31:58 - [TEST_STEP][PASSED] - delay(2): Delayed 2 second(s)

2019-02-20 18:32:00 - [MESSAGE][PASSED] - Delayed 2 second(s)

2019-02-20 18:32:00 - [MESSAGE][PASSED] - Call Test Case 'Test Cases/All TC/Arranged/3. Unit/EI/Form 7_default/OTC_Submit Form 7_Section A' successfully

2019-02-20 18:32:00 - [TEST_STEP][PASSED] - callTestCase(findTestCase("All TC/Arranged/3. Unit/EI/Form 7_default/OTC_Submit Form 7_Section B"), [:], STOP_ON_FAILURE): Call Test Case 'Test Cases/All TC/Arranged/3. Unit/EI/Form 7_default/OTC_Submit Form 7_Section B' successfully

2019-02-20 18:32:00 - [TEST_CASE][PASSED] - Test Cases/All TC/Arranged/3. Unit/EI/Form 7_default/OTC_Submit Form 7_Section B: Test Cases/All TC/Arranged/3. Unit/EI/Form 7_default/OTC_Submit Form 7_Section B

2019-02-20 18:32:00 - [TEST_STEP][PASSED] - delay(3): Delayed 3 second(s)

2019-02-20 18:32:03 - [MESSAGE][PASSED] - Delayed 3 second(s)

2019-02-20 18:32:03 - [TEST_STEP][PASSED] - click(findTestObject("KeatMun/Form 7_default/OTC_Submit Form 7_Section B/Page_PERKESO/B1. Jawatan")): Object: 'Object Repository/KeatMun/Form 7_default/OTC_Submit Form 7_Section B/Page_PERKESO/B1. Jawatan' is clicked on

2019-02-20 18:32:05 - [MESSAGE][PASSED] - Object: 'Object Repository/KeatMun/Form 7_default/OTC_Submit Form 7_Section B/Page_PERKESO/B1. Jawatan' is clicked on

2019-02-20 18:32:05 - [TEST_STEP][PASSED] - setText(findTestObject("KeatMun/Form 7_default/OTC_Submit Form 7_Section B/Page_PERKESO/B1. concat(id(  select2-posi"), "re"): Text 're' is set on object 'Object Repository/KeatMun/Form 7_default/OTC_Submit Form 7_Section B/Page_PERKESO/B1. concat(id(  select2-posi'

2019-02-20 18:32:09 - [MESSAGE][PASSED] - Text 're' is set on object 'Object Repository/KeatMun/Form 7_default/OTC_Submit Form 7_Section B/Page_PERKESO/B1. concat(id(  select2-posi'

2019-02-20 18:32:09 - [TEST_STEP][PASSED] - setText(findTestObject("KeatMun/Form 7_default/OTC_Submit Form 7_Section B/Page_PERKESO/B1. Done_select2-search__fie"), "re"): Text 're' is set on object 'Object Repository/KeatMun/Form 7_default/OTC_Submit Form 7_Section B/Page_PERKESO/B1. Done_select2-search__fie'

2019-02-20 18:32:14 - [MESSAGE][PASSED] - Text 're' is set on object 'Object Repository/KeatMun/Form 7_default/OTC_Submit Form 7_Section B/Page_PERKESO/B1. Done_select2-search__fie'

2019-02-20 18:32:14 - [TEST_STEP][PASSED] - click(findTestObject("KeatMun/Form 7_default/OTC_Submit Form 7_Section B/Page_PERKESO/B1. Arkitek Reka Bentuk")): Object: 'Object Repository/KeatMun/Form 7_default/OTC_Submit Form 7_Section B/Page_PERKESO/B1. Arkitek Reka Bentuk' is clicked on

2019-02-20 18:32:16 - [MESSAGE][PASSED] - Object: 'Object Repository/KeatMun/Form 7_default/OTC_Submit Form 7_Section B/Page_PERKESO/B1. Arkitek Reka Bentuk' is clicked on

2019-02-20 18:32:16 - [TEST_STEP][PASSED] - delay(2): Delayed 2 second(s)

2019-02-20 18:32:18 - [MESSAGE][PASSED] - Delayed 2 second(s)

2019-02-20 18:32:18 - [TEST_STEP][PASSED] - setText(findTestObject("KeatMun/Form 7_default/OTC_Submit Form 7_Section B/Page_PERKESO/B2. lastEmploymentStartDtSt"), "10/01/2019"): Text '10/01/2019' is set on object 'Object Repository/KeatMun/Form 7_default/OTC_Submit Form 7_Section B/Page_PERKESO/B2. lastEmploymentStartDtSt'

2019-02-20 18:32:22 - [MESSAGE][PASSED] - Text '10/01/2019' is set on object 'Object Repository/KeatMun/Form 7_default/OTC_Submit Form 7_Section B/Page_PERKESO/B2. lastEmploymentStartDtSt'

2019-02-20 18:32:22 - [TEST_STEP][PASSED] - delay(2): Delayed 2 second(s)

2019-02-20 18:32:24 - [MESSAGE][PASSED] - Delayed 2 second(s)

2019-02-20 18:32:24 - [TEST_STEP][PASSED] - click(findTestObject("KeatMun/Form 7_default/OTC_Submit Form 7_Section B/Page_PERKESO/B4. Status Perkejaan")): Object: 'Object Repository/KeatMun/Form 7_default/OTC_Submit Form 7_Section B/Page_PERKESO/B4. Status Perkejaan' is clicked on

2019-02-20 18:32:26 - [MESSAGE][PASSED] - Object: 'Object Repository/KeatMun/Form 7_default/OTC_Submit Form 7_Section B/Page_PERKESO/B4. Status Perkejaan' is clicked on

2019-02-20 18:32:26 - [TEST_STEP][PASSED] - click(findTestObject("KeatMun/Form 7_default/OTC_Submit Form 7_Section B/Page_PERKESO/B4. Tetap")): Object: 'Object Repository/KeatMun/Form 7_default/OTC_Submit Form 7_Section B/Page_PERKESO/B4. Tetap' is clicked on

2019-02-20 18:32:28 - [MESSAGE][PASSED] - Object: 'Object Repository/KeatMun/Form 7_default/OTC_Submit Form 7_Section B/Page_PERKESO/B4. Tetap' is clicked on

2019-02-20 18:32:28 - [TEST_STEP][PASSED] - delay(2): Delayed 2 second(s)

2019-02-20 18:32:30 - [MESSAGE][PASSED] - Delayed 2 second(s)

2019-02-20 18:32:30 - [TEST_STEP][PASSED] - setText(findTestObject("KeatMun/Form 7_default/OTC_Submit Form 7_Section B/Page_PERKESO/B5. Gaji (RM)_salary1"), "4000"): Text '4000' is set on object 'Object Repository/KeatMun/Form 7_default/OTC_Submit Form 7_Section B/Page_PERKESO/B5. Gaji (RM)_salary1'

2019-02-20 18:32:35 - [MESSAGE][PASSED] - Text '4000' is set on object 'Object Repository/KeatMun/Form 7_default/OTC_Submit Form 7_Section B/Page_PERKESO/B5. Gaji (RM)_salary1'

2019-02-20 18:32:35 - [TEST_STEP][PASSED] - delay(2): Delayed 2 second(s)

2019-02-20 18:32:37 - [MESSAGE][PASSED] - Delayed 2 second(s)

2019-02-20 18:32:37 - [TEST_STEP][PASSED] - setText(findTestObject("KeatMun/Form 7_default/OTC_Submit Form 7_Section B/Page_PERKESO/B5. Gaji (RM)_salary2"), "4000"): Text '4000' is set on object 'Object Repository/KeatMun/Form 7_default/OTC_Submit Form 7_Section B/Page_PERKESO/B5. Gaji (RM)_salary2'

2019-02-20 18:32:41 - [MESSAGE][PASSED] - Text '4000' is set on object 'Object Repository/KeatMun/Form 7_default/OTC_Submit Form 7_Section B/Page_PERKESO/B5. Gaji (RM)_salary2'

2019-02-20 18:32:41 - [TEST_STEP][PASSED] - delay(2): Delayed 2 second(s)

2019-02-20 18:32:43 - [MESSAGE][PASSED] - Delayed 2 second(s)

2019-02-20 18:32:43 - [TEST_STEP][PASSED] - setText(findTestObject("KeatMun/Form 7_default/OTC_Submit Form 7_Section B/Page_PERKESO/B5. Gaji (RM)_salary3"), "4000"): Text '4000' is set on object 'Object Repository/KeatMun/Form 7_default/OTC_Submit Form 7_Section B/Page_PERKESO/B5. Gaji (RM)_salary3'

2019-02-20 18:32:47 - [MESSAGE][PASSED] - Text '4000' is set on object 'Object Repository/KeatMun/Form 7_default/OTC_Submit Form 7_Section B/Page_PERKESO/B5. Gaji (RM)_salary3'

2019-02-20 18:32:47 - [TEST_STEP][PASSED] - delay(2): Delayed 2 second(s)

2019-02-20 18:32:49 - [MESSAGE][PASSED] - Delayed 2 second(s)

2019-02-20 18:32:49 - [TEST_STEP][PASSED] - setText(findTestObject("KeatMun/Form 7_default/OTC_Submit Form 7_Section B/Page_PERKESO/B5. Gaji (RM)_salary4"), "4000"): Text '4000' is set on object 'Object Repository/KeatMun/Form 7_default/OTC_Submit Form 7_Section B/Page_PERKESO/B5. Gaji (RM)_salary4'

2019-02-20 18:32:53 - [MESSAGE][PASSED] - Text '4000' is set on object 'Object Repository/KeatMun/Form 7_default/OTC_Submit Form 7_Section B/Page_PERKESO/B5. Gaji (RM)_salary4'

2019-02-20 18:32:53 - [TEST_STEP][PASSED] - delay(2): Delayed 2 second(s)

2019-02-20 18:32:55 - [MESSAGE][PASSED] - Delayed 2 second(s)

2019-02-20 18:32:55 - [TEST_STEP][PASSED] - setText(findTestObject("KeatMun/Form 7_default/OTC_Submit Form 7_Section B/Page_PERKESO/B5. Gaji (RM)_salary5"), "4000"): Text '4000' is set on object 'Object Repository/KeatMun/Form 7_default/OTC_Submit Form 7_Section B/Page_PERKESO/B5. Gaji (RM)_salary5'

2019-02-20 18:32:59 - [MESSAGE][PASSED] - Text '4000' is set on object 'Object Repository/KeatMun/Form 7_default/OTC_Submit Form 7_Section B/Page_PERKESO/B5. Gaji (RM)_salary5'

2019-02-20 18:32:59 - [TEST_STEP][PASSED] - delay(2): Delayed 2 second(s)

2019-02-20 18:33:01 - [MESSAGE][PASSED] - Delayed 2 second(s)

2019-02-20 18:33:01 - [TEST_STEP][PASSED] - setText(findTestObject("KeatMun/Form 7_default/OTC_Submit Form 7_Section B/Page_PERKESO/B5. Gaji (RM)_salary6"), "4000"): Text '4000' is set on object 'Object Repository/KeatMun/Form 7_default/OTC_Submit Form 7_Section B/Page_PERKESO/B5. Gaji (RM)_salary6'

2019-02-20 18:33:06 - [MESSAGE][PASSED] - Text '4000' is set on object 'Object Repository/KeatMun/Form 7_default/OTC_Submit Form 7_Section B/Page_PERKESO/B5. Gaji (RM)_salary6'

2019-02-20 18:33:06 - [TEST_STEP][PASSED] - delay(2): Delayed 2 second(s)

2019-02-20 18:33:08 - [MESSAGE][PASSED] - Delayed 2 second(s)

2019-02-20 18:33:08 - [TEST_STEP][PASSED] - click(findTestObject("KeatMun/Form 7_default/OTC_Submit Form 7_Section B/Page_PERKESO/B6. Reason JobLost")): Object: 'Object Repository/KeatMun/Form 7_default/OTC_Submit Form 7_Section B/Page_PERKESO/B6. Reason JobLost' is clicked on

2019-02-20 18:33:10 - [MESSAGE][PASSED] - Object: 'Object Repository/KeatMun/Form 7_default/OTC_Submit Form 7_Section B/Page_PERKESO/B6. Reason JobLost' is clicked on

2019-02-20 18:33:10 - [TEST_STEP][PASSED] - click(findTestObject("KeatMun/Form 7_default/OTC_Submit Form 7_Section B/Page_PERKESO/B6. Bencana alam (cth banjir ke")): Object: 'Object Repository/KeatMun/Form 7_default/OTC_Submit Form 7_Section B/Page_PERKESO/B6. Bencana alam (cth banjir ke' is clicked on

2019-02-20 18:33:12 - [MESSAGE][PASSED] - Object: 'Object Repository/KeatMun/Form 7_default/OTC_Submit Form 7_Section B/Page_PERKESO/B6. Bencana alam (cth banjir ke' is clicked on

2019-02-20 18:33:12 - [TEST_STEP][PASSED] - delay(3): Delayed 3 second(s)

2019-02-20 18:33:15 - [MESSAGE][PASSED] - Delayed 3 second(s)

2019-02-20 18:33:15 - [TEST_STEP][PASSED] - setText(findTestObject("KeatMun/Form 7_default/OTC_Submit Form 7_Section B/Page_PERKESO/B7. AverageWorkingHour"), "8"): Text '8' is set on object 'Object Repository/KeatMun/Form 7_default/OTC_Submit Form 7_Section B/Page_PERKESO/B7. AverageWorkingHour'

2019-02-20 18:33:19 - [MESSAGE][PASSED] - Text '8' is set on object 'Object Repository/KeatMun/Form 7_default/OTC_Submit Form 7_Section B/Page_PERKESO/B7. AverageWorkingHour'

2019-02-20 18:33:19 - [TEST_STEP][PASSED] - delay(2): Delayed 2 second(s)

2019-02-20 18:33:21 - [MESSAGE][PASSED] - Delayed 2 second(s)

2019-02-20 18:33:21 - [TEST_STEP][PASSED] - click(findTestObject("KeatMun/Form 7_default/OTC_Submit Form 7_Section B/Page_PERKESO/B8. Tidak_compensationInd")): Object: 'Object Repository/KeatMun/Form 7_default/OTC_Submit Form 7_Section B/Page_PERKESO/B8. Tidak_compensationInd' is clicked on

2019-02-20 18:33:23 - [MESSAGE][PASSED] - Object: 'Object Repository/KeatMun/Form 7_default/OTC_Submit Form 7_Section B/Page_PERKESO/B8. Tidak_compensationInd' is clicked on

2019-02-20 18:33:23 - [TEST_STEP][PASSED] - delay(1): Delayed 1 second(s)

2019-02-20 18:33:24 - [MESSAGE][PASSED] - Delayed 1 second(s)

2019-02-20 18:33:24 - [TEST_STEP][PASSED] - click(findTestObject("KeatMun/Form 7_default/OTC_Submit Form 7_Section B/Page_PERKESO/B9. Tidak_fileCaseInd")): Object: 'Object Repository/KeatMun/Form 7_default/OTC_Submit Form 7_Section B/Page_PERKESO/B9. Tidak_fileCaseInd' is clicked on

2019-02-20 18:33:26 - [MESSAGE][PASSED] - Object: 'Object Repository/KeatMun/Form 7_default/OTC_Submit Form 7_Section B/Page_PERKESO/B9. Tidak_fileCaseInd' is clicked on

2019-02-20 18:33:26 - [TEST_STEP][PASSED] - delay(1): Delayed 1 second(s)

2019-02-20 18:33:27 - [MESSAGE][PASSED] - Delayed 1 second(s)

2019-02-20 18:33:27 - [TEST_STEP][PASSED] - click(findTestObject("KeatMun/Form 7_default/OTC_Submit Form 7_Section B/Page_PERKESO/B10. Tidak_unregisterCaseInd")): Object: 'Object Repository/KeatMun/Form 7_default/OTC_Submit Form 7_Section B/Page_PERKESO/B10. Tidak_unregisterCaseInd' is clicked on

2019-02-20 18:33:29 - [MESSAGE][PASSED] - Object: 'Object Repository/KeatMun/Form 7_default/OTC_Submit Form 7_Section B/Page_PERKESO/B10. Tidak_unregisterCaseInd' is clicked on

2019-02-20 18:33:29 - [TEST_STEP][PASSED] - delay(2): Delayed 2 second(s)

2019-02-20 18:33:31 - [MESSAGE][PASSED] - Delayed 2 second(s)

2019-02-20 18:33:31 - [TEST_STEP][PASSED] - click(findTestObject("KeatMun/Form 7_default/OTC_Submit Form 7_Section B/Page_PERKESO/B11. Halaman Seterusnya")): Object: 'Object Repository/KeatMun/Form 7_default/OTC_Submit Form 7_Section B/Page_PERKESO/B11. Halaman Seterusnya' is clicked on

2019-02-20 18:33:34 - [MESSAGE][PASSED] - Object: 'Object Repository/KeatMun/Form 7_default/OTC_Submit Form 7_Section B/Page_PERKESO/B11. Halaman Seterusnya' is clicked on

2019-02-20 18:33:34 - [TEST_STEP][PASSED] - delay(3): Delayed 3 second(s)

2019-02-20 18:33:37 - [MESSAGE][PASSED] - Delayed 3 second(s)

2019-02-20 18:33:37 - [MESSAGE][PASSED] - Call Test Case 'Test Cases/All TC/Arranged/3. Unit/EI/Form 7_default/OTC_Submit Form 7_Section B' successfully

2019-02-20 18:33:37 - [TEST_STEP][PASSED] - callTestCase(findTestCase("All TC/Arranged/3. Unit/EI/Form 7_default/OTC_Submit Form 7_Section C"), [:], STOP_ON_FAILURE): Call Test Case 'Test Cases/All TC/Arranged/3. Unit/EI/Form 7_default/OTC_Submit Form 7_Section C' successfully

2019-02-20 18:33:37 - [TEST_CASE][PASSED] - Test Cases/All TC/Arranged/3. Unit/EI/Form 7_default/OTC_Submit Form 7_Section C: Test Cases/All TC/Arranged/3. Unit/EI/Form 7_default/OTC_Submit Form 7_Section C

2019-02-20 18:33:37 - [TEST_STEP][PASSED] - delay(2): Delayed 2 second(s)

2019-02-20 18:33:39 - [MESSAGE][PASSED] - Delayed 2 second(s)

2019-02-20 18:33:39 - [TEST_STEP][PASSED] - setText(findTestObject("KeatMun/Form 7_default/OTC_Submit Form 7_Section C/Page_PERKESO/C4. EmployerInfo"), "qwertyuiop"): Text 'qwertyuiop' is set on object 'Object Repository/KeatMun/Form 7_default/OTC_Submit Form 7_Section C/Page_PERKESO/C4. EmployerInfo'

2019-02-20 18:33:43 - [MESSAGE][PASSED] - Text 'qwertyuiop' is set on object 'Object Repository/KeatMun/Form 7_default/OTC_Submit Form 7_Section C/Page_PERKESO/C4. EmployerInfo'

2019-02-20 18:33:43 - [TEST_STEP][PASSED] - delay(2): Delayed 2 second(s)

2019-02-20 18:33:45 - [MESSAGE][PASSED] - Delayed 2 second(s)

2019-02-20 18:33:45 - [TEST_STEP][PASSED] - click(findTestObject("KeatMun/Form 7_default/OTC_Submit Form 7_Section C/Page_PERKESO/C5. Negeri")): Object: 'Object Repository/KeatMun/Form 7_default/OTC_Submit Form 7_Section C/Page_PERKESO/C5. Negeri' is clicked on

2019-02-20 18:33:47 - [MESSAGE][PASSED] - Object: 'Object Repository/KeatMun/Form 7_default/OTC_Submit Form 7_Section C/Page_PERKESO/C5. Negeri' is clicked on

2019-02-20 18:33:47 - [TEST_STEP][PASSED] - delay(2): Delayed 2 second(s)

2019-02-20 18:33:49 - [MESSAGE][PASSED] - Delayed 2 second(s)

2019-02-20 18:33:49 - [TEST_STEP][PASSED] - click(findTestObject("KeatMun/Form 7_default/OTC_Submit Form 7_Section C/Page_PERKESO/C5. JOHOR")): Object: 'Object Repository/KeatMun/Form 7_default/OTC_Submit Form 7_Section C/Page_PERKESO/C5. JOHOR' is clicked on

2019-02-20 18:33:51 - [MESSAGE][PASSED] - Object: 'Object Repository/KeatMun/Form 7_default/OTC_Submit Form 7_Section C/Page_PERKESO/C5. JOHOR' is clicked on

2019-02-20 18:33:51 - [TEST_STEP][PASSED] - delay(3): Delayed 3 second(s)

2019-02-20 18:33:54 - [MESSAGE][PASSED] - Delayed 3 second(s)

2019-02-20 18:33:54 - [TEST_STEP][PASSED] - click(findTestObject("KeatMun/Form 7_default/OTC_Submit Form 7_Section C/Page_PERKESO/C6. City")): Object: 'Object Repository/KeatMun/Form 7_default/OTC_Submit Form 7_Section C/Page_PERKESO/C6. City' is clicked on

2019-02-20 18:33:56 - [MESSAGE][PASSED] - Object: 'Object Repository/KeatMun/Form 7_default/OTC_Submit Form 7_Section C/Page_PERKESO/C6. City' is clicked on

2019-02-20 18:33:56 - [TEST_STEP][PASSED] - delay(2): Delayed 2 second(s)

2019-02-20 18:33:58 - [MESSAGE][PASSED] - Delayed 2 second(s)

2019-02-20 18:33:58 - [TEST_STEP][PASSED] - setText(findTestObject("KeatMun/Form 7_default/OTC_Submit Form 7_Section C/Page_PERKESO/C6. Done_select2-search__fie"), "jo"): Text 'jo' is set on object 'Object Repository/KeatMun/Form 7_default/OTC_Submit Form 7_Section C/Page_PERKESO/C6. Done_select2-search__fie'

2019-02-20 18:34:03 - [MESSAGE][PASSED] - Text 'jo' is set on object 'Object Repository/KeatMun/Form 7_default/OTC_Submit Form 7_Section C/Page_PERKESO/C6. Done_select2-search__fie'

2019-02-20 18:34:03 - [TEST_STEP][PASSED] - setText(findTestObject("KeatMun/Form 7_default/OTC_Submit Form 7_Section C/Page_PERKESO/C6. Concat(id(  select2-city"), "jo"): Text 'jo' is set on object 'Object Repository/KeatMun/Form 7_default/OTC_Submit Form 7_Section C/Page_PERKESO/C6. Concat(id(  select2-city'

2019-02-20 18:34:07 - [MESSAGE][PASSED] - Text 'jo' is set on object 'Object Repository/KeatMun/Form 7_default/OTC_Submit Form 7_Section C/Page_PERKESO/C6. Concat(id(  select2-city'

2019-02-20 18:34:07 - [TEST_STEP][PASSED] - click(findTestObject("KeatMun/Form 7_default/OTC_Submit Form 7_Section C/Page_PERKESO/C6. JOHOR BAHRU")): Object: 'Object Repository/KeatMun/Form 7_default/OTC_Submit Form 7_Section C/Page_PERKESO/C6. JOHOR BAHRU' is clicked on

2019-02-20 18:34:09 - [MESSAGE][PASSED] - Object: 'Object Repository/KeatMun/Form 7_default/OTC_Submit Form 7_Section C/Page_PERKESO/C6. JOHOR BAHRU' is clicked on

2019-02-20 18:34:09 - [TEST_STEP][PASSED] - delay(3): Delayed 3 second(s)

2019-02-20 18:34:12 - [MESSAGE][PASSED] - Delayed 3 second(s)

2019-02-20 18:34:12 - [TEST_STEP][PASSED] - click(findTestObject("KeatMun/Form 7_default/OTC_Submit Form 7_Section C/Page_PERKESO/C7. --Sila Isikan--")): Object: 'Object Repository/KeatMun/Form 7_default/OTC_Submit Form 7_Section C/Page_PERKESO/C7. --Sila Isikan--' is clicked on

2019-02-20 18:34:14 - [MESSAGE][PASSED] - Object: 'Object Repository/KeatMun/Form 7_default/OTC_Submit Form 7_Section C/Page_PERKESO/C7. --Sila Isikan--' is clicked on

2019-02-20 18:34:14 - [TEST_STEP][PASSED] - delay(2): Delayed 2 second(s)

2019-02-20 18:34:16 - [MESSAGE][PASSED] - Delayed 2 second(s)

2019-02-20 18:34:16 - [TEST_STEP][PASSED] - setText(findTestObject("KeatMun/Form 7_default/OTC_Submit Form 7_Section C/Page_PERKESO/C7. Done_select2-search__fie"), "84"): Text '84' is set on object 'Object Repository/KeatMun/Form 7_default/OTC_Submit Form 7_Section C/Page_PERKESO/C7. Done_select2-search__fie'

2019-02-20 18:34:20 - [MESSAGE][PASSED] - Text '84' is set on object 'Object Repository/KeatMun/Form 7_default/OTC_Submit Form 7_Section C/Page_PERKESO/C7. Done_select2-search__fie'

2019-02-20 18:34:20 - [TEST_STEP][PASSED] - setText(findTestObject("KeatMun/Form 7_default/OTC_Submit Form 7_Section C/Page_PERKESO/C7. Concat(id(  select2-post"), "84"): Text '84' is set on object 'Object Repository/KeatMun/Form 7_default/OTC_Submit Form 7_Section C/Page_PERKESO/C7. Concat(id(  select2-post'

2019-02-20 18:34:25 - [MESSAGE][PASSED] - Text '84' is set on object 'Object Repository/KeatMun/Form 7_default/OTC_Submit Form 7_Section C/Page_PERKESO/C7. Concat(id(  select2-post'

2019-02-20 18:34:25 - [TEST_STEP][PASSED] - click(findTestObject("KeatMun/Form 7_default/OTC_Submit Form 7_Section C/Page_PERKESO/C7. 84000")): Object: 'Object Repository/KeatMun/Form 7_default/OTC_Submit Form 7_Section C/Page_PERKESO/C7. 84000' is clicked on

2019-02-20 18:34:27 - [MESSAGE][PASSED] - Object: 'Object Repository/KeatMun/Form 7_default/OTC_Submit Form 7_Section C/Page_PERKESO/C7. 84000' is clicked on

2019-02-20 18:34:27 - [TEST_STEP][PASSED] - delay(3): Delayed 3 second(s)

2019-02-20 18:34:30 - [MESSAGE][PASSED] - Delayed 3 second(s)

2019-02-20 18:34:30 - [TEST_STEP][PASSED] - click(findTestObject("KeatMun/Form 7_default/OTC_Submit Form 7_Section C/Page_PERKESO/C8. Tidak_employerInfo.emplo")): Object: 'Object Repository/KeatMun/Form 7_default/OTC_Submit Form 7_Section C/Page_PERKESO/C8. Tidak_employerInfo.emplo' is clicked on

2019-02-20 18:34:32 - [MESSAGE][PASSED] - Object: 'Object Repository/KeatMun/Form 7_default/OTC_Submit Form 7_Section C/Page_PERKESO/C8. Tidak_employerInfo.emplo' is clicked on

2019-02-20 18:34:32 - [TEST_STEP][PASSED] - delay(2): Delayed 2 second(s)

2019-02-20 18:34:34 - [MESSAGE][PASSED] - Delayed 2 second(s)

2019-02-20 18:34:34 - [TEST_STEP][PASSED] - setText(findTestObject("KeatMun/Form 7_default/OTC_Submit Form 7_Section C/Page_PERKESO/C9. EmployerName"), "qwertyuiop"): Text 'qwertyuiop' is set on object 'Object Repository/KeatMun/Form 7_default/OTC_Submit Form 7_Section C/Page_PERKESO/C9. EmployerName'

2019-02-20 18:34:38 - [MESSAGE][PASSED] - Text 'qwertyuiop' is set on object 'Object Repository/KeatMun/Form 7_default/OTC_Submit Form 7_Section C/Page_PERKESO/C9. EmployerName'

2019-02-20 18:34:38 - [TEST_STEP][PASSED] - delay(2): Delayed 2 second(s)

2019-02-20 18:34:40 - [MESSAGE][PASSED] - Delayed 2 second(s)

2019-02-20 18:34:40 - [TEST_STEP][PASSED] - setText(findTestObject("KeatMun/Form 7_default/OTC_Submit Form 7_Section C/Page_PERKESO/C10. EmployerIC"), "1234567890"): Text '1234567890' is set on object 'Object Repository/KeatMun/Form 7_default/OTC_Submit Form 7_Section C/Page_PERKESO/C10. EmployerIC'

2019-02-20 18:34:44 - [MESSAGE][PASSED] - Text '1234567890' is set on object 'Object Repository/KeatMun/Form 7_default/OTC_Submit Form 7_Section C/Page_PERKESO/C10. EmployerIC'

2019-02-20 18:34:44 - [TEST_STEP][PASSED] - delay(3): Delayed 3 second(s)

2019-02-20 18:34:47 - [MESSAGE][PASSED] - Delayed 3 second(s)

2019-02-20 18:34:47 - [TEST_STEP][PASSED] - click(findTestObject("KeatMun/Form 7_default/OTC_Submit Form 7_Section C/Page_PERKESO/C11. Halaman Seterusnya")): Object: 'Object Repository/KeatMun/Form 7_default/OTC_Submit Form 7_Section C/Page_PERKESO/C11. Halaman Seterusnya' is clicked on

2019-02-20 18:34:49 - [MESSAGE][PASSED] - Object: 'Object Repository/KeatMun/Form 7_default/OTC_Submit Form 7_Section C/Page_PERKESO/C11. Halaman Seterusnya' is clicked on

2019-02-20 18:34:49 - [TEST_STEP][PASSED] - delay(3): Delayed 3 second(s)

2019-02-20 18:34:52 - [MESSAGE][PASSED] - Delayed 3 second(s)

2019-02-20 18:34:52 - [MESSAGE][PASSED] - Call Test Case 'Test Cases/All TC/Arranged/3. Unit/EI/Form 7_default/OTC_Submit Form 7_Section C' successfully

2019-02-20 18:34:53 - [TEST_STEP][PASSED] - callTestCase(findTestCase("All TC/Arranged/3. Unit/EI/Form 7_default/OTC_Submit Form 7_Section D-E"), [:], STOP_ON_FAILURE): Call Test Case 'Test Cases/All TC/Arranged/3. Unit/EI/Form 7_default/OTC_Submit Form 7_Section D-E' successfully

2019-02-20 18:34:53 - [TEST_CASE][PASSED] - Test Cases/All TC/Arranged/3. Unit/EI/Form 7_default/OTC_Submit Form 7_Section D-E: Test Cases/All TC/Arranged/3. Unit/EI/Form 7_default/OTC_Submit Form 7_Section D-E

2019-02-20 18:34:53 - [TEST_STEP][PASSED] - delay(3): Delayed 3 second(s)

2019-02-20 18:34:56 - [MESSAGE][PASSED] - Delayed 3 second(s)

2019-02-20 18:34:56 - [TEST_STEP][PASSED] - click(findTestObject("KeatMun/Form 7_default/OTC_Submit Form 7_Section D-E/Page_PERKESO/D1. NO_otherActiveEmploye")): Object: 'Object Repository/KeatMun/Form 7_default/OTC_Submit Form 7_Section D-E/Page_PERKESO/D1. NO_otherActiveEmploye' is clicked on

2019-02-20 18:34:58 - [MESSAGE][PASSED] - Object: 'Object Repository/KeatMun/Form 7_default/OTC_Submit Form 7_Section D-E/Page_PERKESO/D1. NO_otherActiveEmploye' is clicked on

2019-02-20 18:34:58 - [TEST_STEP][PASSED] - delay(4): Delayed 4 second(s)

2019-02-20 18:35:02 - [MESSAGE][PASSED] - Delayed 4 second(s)

2019-02-20 18:35:02 - [TEST_STEP][PASSED] - click(findTestObject("KeatMun/Form 7_default/OTC_Submit Form 7_Section D-E/Page_PERKESO/D2. Halaman Seterusnya")): Object: 'Object Repository/KeatMun/Form 7_default/OTC_Submit Form 7_Section D-E/Page_PERKESO/D2. Halaman Seterusnya' is clicked on

2019-02-20 18:35:04 - [MESSAGE][PASSED] - Object: 'Object Repository/KeatMun/Form 7_default/OTC_Submit Form 7_Section D-E/Page_PERKESO/D2. Halaman Seterusnya' is clicked on

2019-02-20 18:35:04 - [TEST_STEP][PASSED] - delay(5): Delayed 5 second(s)

2019-02-20 18:35:09 - [MESSAGE][PASSED] - Delayed 5 second(s)

2019-02-20 18:35:09 - [TEST_STEP][PASSED] - setText(findTestObject("KeatMun/Form 7_default/OTC_Submit Form 7_Section D-E/Page_PERKESO/E1. Input__totalExpYear"), "1"): Text '1' is set on object 'Object Repository/KeatMun/Form 7_default/OTC_Submit Form 7_Section D-E/Page_PERKESO/E1. Input__totalExpYear'

2019-02-20 18:35:13 - [MESSAGE][PASSED] - Text '1' is set on object 'Object Repository/KeatMun/Form 7_default/OTC_Submit Form 7_Section D-E/Page_PERKESO/E1. Input__totalExpYear'

2019-02-20 18:35:13 - [TEST_STEP][PASSED] - delay(2): Delayed 2 second(s)

2019-02-20 18:35:15 - [MESSAGE][PASSED] - Delayed 2 second(s)

2019-02-20 18:35:15 - [TEST_STEP][PASSED] - setText(findTestObject("KeatMun/Form 7_default/OTC_Submit Form 7_Section D-E/Page_PERKESO/E1. Tahun_totalExpMonth"), "1"): Text '1' is set on object 'Object Repository/KeatMun/Form 7_default/OTC_Submit Form 7_Section D-E/Page_PERKESO/E1. Tahun_totalExpMonth'

2019-02-20 18:35:19 - [MESSAGE][PASSED] - Text '1' is set on object 'Object Repository/KeatMun/Form 7_default/OTC_Submit Form 7_Section D-E/Page_PERKESO/E1. Tahun_totalExpMonth'

2019-02-20 18:35:19 - [TEST_STEP][PASSED] - delay(2): Delayed 2 second(s)

2019-02-20 18:35:21 - [MESSAGE][PASSED] - Delayed 2 second(s)

2019-02-20 18:35:21 - [TEST_STEP][PASSED] - click(findTestObject("KeatMun/Form 7_default/OTC_Submit Form 7_Section D-E/Page_PERKESO/E2. Edu-Level")): Object: 'Object Repository/KeatMun/Form 7_default/OTC_Submit Form 7_Section D-E/Page_PERKESO/E2. Edu-Level' is clicked on

2019-02-20 18:35:23 - [MESSAGE][PASSED] - Object: 'Object Repository/KeatMun/Form 7_default/OTC_Submit Form 7_Section D-E/Page_PERKESO/E2. Edu-Level' is clicked on

2019-02-20 18:35:23 - [TEST_STEP][PASSED] - delay(2): Delayed 2 second(s)

2019-02-20 18:35:25 - [MESSAGE][PASSED] - Delayed 2 second(s)

2019-02-20 18:35:25 - [TEST_STEP][PASSED] - click(findTestObject("KeatMun/Form 7_default/OTC_Submit Form 7_Section D-E/Page_PERKESO/E2. PMRPT3")): Object: 'Object Repository/KeatMun/Form 7_default/OTC_Submit Form 7_Section D-E/Page_PERKESO/E2. PMRPT3' is clicked on

2019-02-20 18:35:27 - [MESSAGE][PASSED] - Object: 'Object Repository/KeatMun/Form 7_default/OTC_Submit Form 7_Section D-E/Page_PERKESO/E2. PMRPT3' is clicked on

2019-02-20 18:35:27 - [TEST_STEP][PASSED] - delay(3): Delayed 3 second(s)

2019-02-20 18:35:30 - [MESSAGE][PASSED] - Delayed 3 second(s)

2019-02-20 18:35:30 - [TEST_STEP][PASSED] - click(findTestObject("KeatMun/Form 7_default/OTC_Submit Form 7_Section D-E/Page_PERKESO/E3. Job-Choice")): Object: 'Object Repository/KeatMun/Form 7_default/OTC_Submit Form 7_Section D-E/Page_PERKESO/E3. Job-Choice' is clicked on

2019-02-20 18:35:33 - [MESSAGE][PASSED] - Object: 'Object Repository/KeatMun/Form 7_default/OTC_Submit Form 7_Section D-E/Page_PERKESO/E3. Job-Choice' is clicked on

2019-02-20 18:35:33 - [TEST_STEP][PASSED] - delay(2): Delayed 2 second(s)

2019-02-20 18:35:35 - [MESSAGE][PASSED] - Delayed 2 second(s)

2019-02-20 18:35:35 - [TEST_STEP][PASSED] - setText(findTestObject("KeatMun/Form 7_default/OTC_Submit Form 7_Section D-E/Page_PERKESO/E3. Done_select2-search__fie"), "re"): Text 're' is set on object 'Object Repository/KeatMun/Form 7_default/OTC_Submit Form 7_Section D-E/Page_PERKESO/E3. Done_select2-search__fie'

2019-02-20 18:35:39 - [MESSAGE][PASSED] - Text 're' is set on object 'Object Repository/KeatMun/Form 7_default/OTC_Submit Form 7_Section D-E/Page_PERKESO/E3. Done_select2-search__fie'

2019-02-20 18:35:39 - [TEST_STEP][PASSED] - click(findTestObject("KeatMun/Form 7_default/OTC_Submit Form 7_Section D-E/Page_PERKESO/E3. Arkitek Reka Bentuk")): Object: 'Object Repository/KeatMun/Form 7_default/OTC_Submit Form 7_Section D-E/Page_PERKESO/E3. Arkitek Reka Bentuk' is clicked on

2019-02-20 18:35:41 - [MESSAGE][PASSED] - Object: 'Object Repository/KeatMun/Form 7_default/OTC_Submit Form 7_Section D-E/Page_PERKESO/E3. Arkitek Reka Bentuk' is clicked on

2019-02-20 18:35:41 - [TEST_STEP][PASSED] - delay(2): Delayed 2 second(s)

2019-02-20 18:35:43 - [MESSAGE][PASSED] - Delayed 2 second(s)

2019-02-20 18:35:43 - [TEST_STEP][PASSED] - click(findTestObject("KeatMun/Form 7_default/OTC_Submit Form 7_Section D-E/Page_PERKESO/E4. Job_Location")): Object: 'Object Repository/KeatMun/Form 7_default/OTC_Submit Form 7_Section D-E/Page_PERKESO/E4. Job_Location' is clicked on

2019-02-20 18:35:45 - [MESSAGE][PASSED] - Object: 'Object Repository/KeatMun/Form 7_default/OTC_Submit Form 7_Section D-E/Page_PERKESO/E4. Job_Location' is clicked on

2019-02-20 18:35:45 - [TEST_STEP][PASSED] - delay(2): Delayed 2 second(s)

2019-02-20 18:35:47 - [MESSAGE][PASSED] - Delayed 2 second(s)

2019-02-20 18:35:47 - [TEST_STEP][PASSED] - click(findTestObject("KeatMun/Form 7_default/OTC_Submit Form 7_Section D-E/Page_PERKESO/E4. JOHOR")): Object: 'Object Repository/KeatMun/Form 7_default/OTC_Submit Form 7_Section D-E/Page_PERKESO/E4. JOHOR' is clicked on

2019-02-20 18:35:49 - [MESSAGE][PASSED] - Object: 'Object Repository/KeatMun/Form 7_default/OTC_Submit Form 7_Section D-E/Page_PERKESO/E4. JOHOR' is clicked on

2019-02-20 18:35:49 - [TEST_STEP][PASSED] - delay(2): Delayed 2 second(s)

2019-02-20 18:35:51 - [MESSAGE][PASSED] - Delayed 2 second(s)

2019-02-20 18:35:51 - [TEST_STEP][PASSED] - click(findTestObject("KeatMun/Form 7_default/OTC_Submit Form 7_Section D-E/Page_PERKESO/E7. NO_disability")): Object: 'Object Repository/KeatMun/Form 7_default/OTC_Submit Form 7_Section D-E/Page_PERKESO/E7. NO_disability' is clicked on

2019-02-20 18:35:53 - [MESSAGE][PASSED] - Object: 'Object Repository/KeatMun/Form 7_default/OTC_Submit Form 7_Section D-E/Page_PERKESO/E7. NO_disability' is clicked on

2019-02-20 18:35:53 - [TEST_STEP][PASSED] - delay(2): Delayed 2 second(s)

2019-02-20 18:35:55 - [MESSAGE][PASSED] - Delayed 2 second(s)

2019-02-20 18:35:55 - [TEST_STEP][PASSED] - click(findTestObject("KeatMun/Form 7_default/OTC_Submit Form 7_Section D-E/Page_PERKESO/E8. NO_disabilityApplyInd")): Object: 'Object Repository/KeatMun/Form 7_default/OTC_Submit Form 7_Section D-E/Page_PERKESO/E8. NO_disabilityApplyInd' is clicked on

2019-02-20 18:35:57 - [MESSAGE][PASSED] - Object: 'Object Repository/KeatMun/Form 7_default/OTC_Submit Form 7_Section D-E/Page_PERKESO/E8. NO_disabilityApplyInd' is clicked on

2019-02-20 18:35:57 - [TEST_STEP][PASSED] - delay(2): Delayed 2 second(s)

2019-02-20 18:35:59 - [MESSAGE][PASSED] - Delayed 2 second(s)

2019-02-20 18:35:59 - [TEST_STEP][PASSED] - click(findTestObject("KeatMun/Form 7_default/OTC_Submit Form 7_Section D-E/Page_PERKESO/E9. YES_ReEmployment")): Object: 'Object Repository/KeatMun/Form 7_default/OTC_Submit Form 7_Section D-E/Page_PERKESO/E9. YES_ReEmployment' is clicked on

2019-02-20 18:36:02 - [MESSAGE][PASSED] - Object: 'Object Repository/KeatMun/Form 7_default/OTC_Submit Form 7_Section D-E/Page_PERKESO/E9. YES_ReEmployment' is clicked on

2019-02-20 18:36:02 - [TEST_STEP][PASSED] - delay(2): Delayed 2 second(s)

2019-02-20 18:36:04 - [MESSAGE][PASSED] - Delayed 2 second(s)

2019-02-20 18:36:04 - [TEST_STEP][PASSED] - click(findTestObject("KeatMun/Form 7_default/OTC_Submit Form 7_Section D-E/Page_PERKESO/E10. Halaman Seterusnya")): Object: 'Object Repository/KeatMun/Form 7_default/OTC_Submit Form 7_Section D-E/Page_PERKESO/E10. Halaman Seterusnya' is clicked on

2019-02-20 18:36:06 - [MESSAGE][PASSED] - Object: 'Object Repository/KeatMun/Form 7_default/OTC_Submit Form 7_Section D-E/Page_PERKESO/E10. Halaman Seterusnya' is clicked on

2019-02-20 18:36:06 - [TEST_STEP][PASSED] - delay(3): Delayed 3 second(s)

2019-02-20 18:36:09 - [MESSAGE][PASSED] - Delayed 3 second(s)

2019-02-20 18:36:09 - [MESSAGE][PASSED] - Call Test Case 'Test Cases/All TC/Arranged/3. Unit/EI/Form 7_default/OTC_Submit Form 7_Section D-E' successfully

2019-02-20 18:36:09 - [TEST_STEP][FAILED] - callTestCase(findTestCase("All TC/Arranged/3. Unit/EI/Form 7_default/OTC_Submit Form 7_Section F-G-H - Cheque"), [:], STOP_ON_FAILURE): callTestCase(findTestCase("All TC/Arranged/3. Unit/EI/Form 7_default/OTC_Submit Form 7_Section F-G-H - Cheque"), [:], STOP_ON_FAILURE) FAILED.
Reason:
com.kms.katalon.core.exception.StepFailedException: Unable to click on object 'Object Repository/KeatMun/Form 7_default/OTC_Submit Form 7_Section F-G-H/Page_PERKESO/G2. span_Isteri' (Root cause: com.kms.katalon.core.webui.exception.WebElementNotFoundException: Web element with id: 'Object Repository/KeatMun/Form 7_default/OTC_Submit Form 7_Section F-G-H/Page_PERKESO/G2. span_Isteri' located by 'By.xpath: //span[@id = 'select2-dependentList0dependentRelationId-container' and @title = 'Isteri' and (text() = 'Isteri' or . = 'Isteri')]' not found)
	at com.kms.katalon.core.keyword.internal.KeywordMain.stepFailed(KeywordMain.groovy:36)
	at com.kms.katalon.core.webui.keyword.internal.WebUIKeywordMain.stepFailed(WebUIKeywordMain.groovy:65)
	at com.kms.katalon.core.webui.keyword.internal.WebUIKeywordMain.runKeyword(WebUIKeywordMain.groovy:27)
	at com.kms.katalon.core.webui.keyword.builtin.ClickKeyword.click(ClickKeyword.groovy:86)
	at com.kms.katalon.core.webui.keyword.builtin.ClickKeyword.execute(ClickKeyword.groovy:67)
	at com.kms.katalon.core.keyword.internal.KeywordExecutor.executeKeywordForPlatform(KeywordExecutor.groovy:53)
	at com.kms.katalon.core.webui.keyword.WebUiBuiltInKeywords.click(WebUiBuiltInKeywords.groovy:616)
	at com.kms.katalon.core.webui.keyword.WebUiBuiltInKeywords$click$3.call(Unknown Source)
	at OTC_Submit Form 7_Section F-G-H - Cheque.run(OTC_Submit Form 7_Section F-G-H - Cheque:41)
	at com.kms.katalon.core.main.ScriptEngine.run(ScriptEngine.java:194)
	at com.kms.katalon.core.main.ScriptEngine.runScriptAsRawText(ScriptEngine.java:119)
	at com.kms.katalon.core.main.TestCaseExecutor.runScript(TestCaseExecutor.java:328)
	at com.kms.katalon.core.main.TestCaseExecutor.doExecute(TestCaseExecutor.java:319)
	at com.kms.katalon.core.main.TestCaseExecutor.processExecutionPhase(TestCaseExecutor.java:298)
	at com.kms.katalon.core.main.TestCaseExecutor.accessMainPhase(TestCaseExecutor.java:290)
	at com.kms.katalon.core.main.TestCaseExecutor.execute(TestCaseExecutor.java:224)
	at com.kms.katalon.core.main.TestCaseMain.runTestCase(TestCaseMain.java:106)
	at com.kms.katalon.core.keyword.builtin.CallTestCaseKeyword$_callTestCase_closure1.doCall(CallTestCaseKeyword.groovy:59)
	at com.kms.katalon.core.keyword.builtin.CallTestCaseKeyword$_callTestCase_closure1.call(CallTestCaseKeyword.groovy)
	at com.kms.katalon.core.keyword.internal.KeywordMain.runKeyword(KeywordMain.groovy:54)
	at com.kms.katalon.core.keyword.builtin.CallTestCaseKeyword.callTestCase(CallTestCaseKeyword.groovy:80)
	at com.kms.katalon.core.keyword.builtin.CallTestCaseKeyword.execute(CallTestCaseKeyword.groovy:44)
	at com.kms.katalon.core.keyword.internal.KeywordExecutor.executeKeywordForPlatform(KeywordExecutor.groovy:53)
	at com.kms.katalon.core.keyword.BuiltinKeywords.callTestCase(BuiltinKeywords.groovy:334)
	at OTC_Submit Form 7_End to End - Cheque.run(OTC_Submit Form 7_End to End - Cheque:26)
	at com.kms.katalon.core.main.ScriptEngine.run(ScriptEngine.java:194)
	at com.kms.katalon.core.main.ScriptEngine.runScriptAsRawText(ScriptEngine.java:119)
	at com.kms.katalon.core.main.TestCaseExecutor.runScript(TestCaseExecutor.java:328)
	at com.kms.katalon.core.main.TestCaseExecutor.doExecute(TestCaseExecutor.java:319)
	at com.kms.katalon.core.main.TestCaseExecutor.processExecutionPhase(TestCaseExecutor.java:298)
	at com.kms.katalon.core.main.TestCaseExecutor.accessMainPhase(TestCaseExecutor.java:290)
	at com.kms.katalon.core.main.TestCaseExecutor.execute(TestCaseExecutor.java:224)
	at com.kms.katalon.core.main.TestCaseMain.runTestCase(TestCaseMain.java:106)
	at com.kms.katalon.core.keyword.builtin.CallTestCaseKeyword$_callTestCase_closure1.doCall(CallTestCaseKeyword.groovy:59)
	at com.kms.katalon.core.keyword.builtin.CallTestCaseKeyword$_callTestCase_closure1.call(CallTestCaseKeyword.groovy)
	at com.kms.katalon.core.keyword.internal.KeywordMain.runKeyword(KeywordMain.groovy:54)
	at com.kms.katalon.core.keyword.builtin.CallTestCaseKeyword.callTestCase(CallTestCaseKeyword.groovy:80)
	at com.kms.katalon.core.keyword.builtin.CallTestCaseKeyword.execute(CallTestCaseKeyword.groovy:44)
	at com.kms.katalon.core.keyword.internal.KeywordExecutor.executeKeywordForPlatform(KeywordExecutor.groovy:53)
	at com.kms.katalon.core.keyword.BuiltinKeywords.callTestCase(BuiltinKeywords.groovy:334)
	at Cross branch - SEIO.run(Cross branch - SEIO:16)
	at com.kms.katalon.core.main.ScriptEngine.run(ScriptEngine.java:194)
	at com.kms.katalon.core.main.ScriptEngine.runScriptAsRawText(ScriptEngine.java:119)
	at com.kms.katalon.core.main.TestCaseExecutor.runScript(TestCaseExecutor.java:328)
	at com.kms.katalon.core.main.TestCaseExecutor.doExecute(TestCaseExecutor.java:319)
	at com.kms.katalon.core.main.TestCaseExecutor.processExecutionPhase(TestCaseExecutor.java:298)
	at com.kms.katalon.core.main.TestCaseExecutor.accessMainPhase(TestCaseExecutor.java:290)
	at com.kms.katalon.core.main.TestCaseExecutor.execute(TestCaseExecutor.java:224)
	at com.kms.katalon.core.main.TestSuiteExecutor.accessTestCaseMainPhase(TestSuiteExecutor.java:129)
	at com.kms.katalon.core.main.TestSuiteExecutor.accessTestSuiteMainPhase(TestSuiteExecutor.java:112)
	at com.kms.katalon.core.main.TestSuiteExecutor.execute(TestSuiteExecutor.java:81)
	at com.kms.katalon.core.main.TestCaseMain.startTestSuite(TestCaseMain.java:149)
	at com.kms.katalon.core.main.TestCaseMain$startTestSuite$0.call(Unknown Source)
	at TempTestSuite1550652525208.run(TempTestSuite1550652525208.groovy:36)


2019-02-20 18:36:09 - [TEST_CASE][FAILED] - Test Cases/All TC/Arranged/3. Unit/EI/Form 7_default/OTC_Submit Form 7_Section F-G-H - Cheque: Test Cases/All TC/Arranged/3. Unit/EI/Form 7_default/OTC_Submit Form 7_Section F-G-H - Cheque FAILED.
Reason:
com.kms.katalon.core.exception.StepFailedException: Unable to click on object 'Object Repository/KeatMun/Form 7_default/OTC_Submit Form 7_Section F-G-H/Page_PERKESO/G2. span_Isteri' (Root cause: com.kms.katalon.core.webui.exception.WebElementNotFoundException: Web element with id: 'Object Repository/KeatMun/Form 7_default/OTC_Submit Form 7_Section F-G-H/Page_PERKESO/G2. span_Isteri' located by 'By.xpath: //span[@id = 'select2-dependentList0dependentRelationId-container' and @title = 'Isteri' and (text() = 'Isteri' or . = 'Isteri')]' not found)
	at com.kms.katalon.core.keyword.internal.KeywordMain.stepFailed(KeywordMain.groovy:36)
	at com.kms.katalon.core.webui.keyword.internal.WebUIKeywordMain.stepFailed(WebUIKeywordMain.groovy:65)
	at com.kms.katalon.core.webui.keyword.internal.WebUIKeywordMain.runKeyword(WebUIKeywordMain.groovy:27)
	at com.kms.katalon.core.webui.keyword.builtin.ClickKeyword.click(ClickKeyword.groovy:86)
	at com.kms.katalon.core.webui.keyword.builtin.ClickKeyword.execute(ClickKeyword.groovy:67)
	at com.kms.katalon.core.keyword.internal.KeywordExecutor.executeKeywordForPlatform(KeywordExecutor.groovy:53)
	at com.kms.katalon.core.webui.keyword.WebUiBuiltInKeywords.click(WebUiBuiltInKeywords.groovy:616)
	at com.kms.katalon.core.webui.keyword.WebUiBuiltInKeywords$click$3.call(Unknown Source)
	at OTC_Submit Form 7_Section F-G-H - Cheque.run(OTC_Submit Form 7_Section F-G-H - Cheque:41)
	at com.kms.katalon.core.main.ScriptEngine.run(ScriptEngine.java:194)
	at com.kms.katalon.core.main.ScriptEngine.runScriptAsRawText(ScriptEngine.java:119)
	at com.kms.katalon.core.main.TestCaseExecutor.runScript(TestCaseExecutor.java:328)
	at com.kms.katalon.core.main.TestCaseExecutor.doExecute(TestCaseExecutor.java:319)
	at com.kms.katalon.core.main.TestCaseExecutor.processExecutionPhase(TestCaseExecutor.java:298)
	at com.kms.katalon.core.main.TestCaseExecutor.accessMainPhase(TestCaseExecutor.java:290)
	at com.kms.katalon.core.main.TestCaseExecutor.execute(TestCaseExecutor.java:224)
	at com.kms.katalon.core.main.TestCaseMain.runTestCase(TestCaseMain.java:106)
	at com.kms.katalon.core.keyword.builtin.CallTestCaseKeyword$_callTestCase_closure1.doCall(CallTestCaseKeyword.groovy:59)
	at com.kms.katalon.core.keyword.builtin.CallTestCaseKeyword$_callTestCase_closure1.call(CallTestCaseKeyword.groovy)
	at com.kms.katalon.core.keyword.internal.KeywordMain.runKeyword(KeywordMain.groovy:54)
	at com.kms.katalon.core.keyword.builtin.CallTestCaseKeyword.callTestCase(CallTestCaseKeyword.groovy:80)
	at com.kms.katalon.core.keyword.builtin.CallTestCaseKeyword.execute(CallTestCaseKeyword.groovy:44)
	at com.kms.katalon.core.keyword.internal.KeywordExecutor.executeKeywordForPlatform(KeywordExecutor.groovy:53)
	at com.kms.katalon.core.keyword.BuiltinKeywords.callTestCase(BuiltinKeywords.groovy:334)
	at OTC_Submit Form 7_End to End - Cheque.run(OTC_Submit Form 7_End to End - Cheque:26)
	at com.kms.katalon.core.main.ScriptEngine.run(ScriptEngine.java:194)
	at com.kms.katalon.core.main.ScriptEngine.runScriptAsRawText(ScriptEngine.java:119)
	at com.kms.katalon.core.main.TestCaseExecutor.runScript(TestCaseExecutor.java:328)
	at com.kms.katalon.core.main.TestCaseExecutor.doExecute(TestCaseExecutor.java:319)
	at com.kms.katalon.core.main.TestCaseExecutor.processExecutionPhase(TestCaseExecutor.java:298)
	at com.kms.katalon.core.main.TestCaseExecutor.accessMainPhase(TestCaseExecutor.java:290)
	at com.kms.katalon.core.main.TestCaseExecutor.execute(TestCaseExecutor.java:224)
	at com.kms.katalon.core.main.TestCaseMain.runTestCase(TestCaseMain.java:106)
	at com.kms.katalon.core.keyword.builtin.CallTestCaseKeyword$_callTestCase_closure1.doCall(CallTestCaseKeyword.groovy:59)
	at com.kms.katalon.core.keyword.builtin.CallTestCaseKeyword$_callTestCase_closure1.call(CallTestCaseKeyword.groovy)
	at com.kms.katalon.core.keyword.internal.KeywordMain.runKeyword(KeywordMain.groovy:54)
	at com.kms.katalon.core.keyword.builtin.CallTestCaseKeyword.callTestCase(CallTestCaseKeyword.groovy:80)
	at com.kms.katalon.core.keyword.builtin.CallTestCaseKeyword.execute(CallTestCaseKeyword.groovy:44)
	at com.kms.katalon.core.keyword.internal.KeywordExecutor.executeKeywordForPlatform(KeywordExecutor.groovy:53)
	at com.kms.katalon.core.keyword.BuiltinKeywords.callTestCase(BuiltinKeywords.groovy:334)
	at Cross branch - SEIO.run(Cross branch - SEIO:16)
	at com.kms.katalon.core.main.ScriptEngine.run(ScriptEngine.java:194)
	at com.kms.katalon.core.main.ScriptEngine.runScriptAsRawText(ScriptEngine.java:119)
	at com.kms.katalon.core.main.TestCaseExecutor.runScript(TestCaseExecutor.java:328)
	at com.kms.katalon.core.main.TestCaseExecutor.doExecute(TestCaseExecutor.java:319)
	at com.kms.katalon.core.main.TestCaseExecutor.processExecutionPhase(TestCaseExecutor.java:298)
	at com.kms.katalon.core.main.TestCaseExecutor.accessMainPhase(TestCaseExecutor.java:290)
	at com.kms.katalon.core.main.TestCaseExecutor.execute(TestCaseExecutor.java:224)
	at com.kms.katalon.core.main.TestSuiteExecutor.accessTestCaseMainPhase(TestSuiteExecutor.java:129)
	at com.kms.katalon.core.main.TestSuiteExecutor.accessTestSuiteMainPhase(TestSuiteExecutor.java:112)
	at com.kms.katalon.core.main.TestSuiteExecutor.execute(TestSuiteExecutor.java:81)
	at com.kms.katalon.core.main.TestCaseMain.startTestSuite(TestCaseMain.java:149)
	at com.kms.katalon.core.main.TestCaseMain$startTestSuite$0.call(Unknown Source)
	at TempTestSuite1550652525208.run(TempTestSuite1550652525208.groovy:36)


2019-02-20 18:36:09 - [TEST_STEP][PASSED] - delay(3): Delayed 3 second(s)

2019-02-20 18:36:12 - [MESSAGE][PASSED] - Delayed 3 second(s)

2019-02-20 18:36:12 - [TEST_STEP][PASSED] - click(findTestObject("KeatMun/Form 7_default/OTC_Submit Form 7_Section F-G-H/Page_PERKESO/F1. Bankrup_yes")): Object: 'Object Repository/KeatMun/Form 7_default/OTC_Submit Form 7_Section F-G-H/Page_PERKESO/F1. Bankrup_yes' is clicked on

2019-02-20 18:36:14 - [MESSAGE][PASSED] - Object: 'Object Repository/KeatMun/Form 7_default/OTC_Submit Form 7_Section F-G-H/Page_PERKESO/F1. Bankrup_yes' is clicked on

2019-02-20 18:36:14 - [TEST_STEP][PASSED] - delay(3): Delayed 3 second(s)

2019-02-20 18:36:17 - [MESSAGE][PASSED] - Delayed 3 second(s)

2019-02-20 18:36:17 - [TEST_STEP][PASSED] - click(findTestObject("KeatMun/Form 7_default/OTC_Submit Form 7_Section F-G-H/Page_PERKESO/F2. Next_Page_AfterBankInfo")): Object: 'Object Repository/KeatMun/Form 7_default/OTC_Submit Form 7_Section F-G-H/Page_PERKESO/F2. Next_Page_AfterBankInfo' is clicked on

2019-02-20 18:36:19 - [MESSAGE][PASSED] - Object: 'Object Repository/KeatMun/Form 7_default/OTC_Submit Form 7_Section F-G-H/Page_PERKESO/F2. Next_Page_AfterBankInfo' is clicked on

2019-02-20 18:36:19 - [TEST_STEP][PASSED] - delay(5): Delayed 5 second(s)

2019-02-20 18:36:24 - [MESSAGE][PASSED] - Delayed 5 second(s)

2019-02-20 18:36:24 - [TEST_STEP][PASSED] - setText(findTestObject("KeatMun/Form 7_default/OTC_Submit Form 7_Section F-G-H/Page_PERKESO/G2. Hubungan dengan OB-nama"), "qwertyuiop"): Text 'qwertyuiop' is set on object 'Object Repository/KeatMun/Form 7_default/OTC_Submit Form 7_Section F-G-H/Page_PERKESO/G2. Hubungan dengan OB-nama'

2019-02-20 18:36:28 - [MESSAGE][PASSED] - Text 'qwertyuiop' is set on object 'Object Repository/KeatMun/Form 7_default/OTC_Submit Form 7_Section F-G-H/Page_PERKESO/G2. Hubungan dengan OB-nama'

2019-02-20 18:36:28 - [TEST_STEP][PASSED] - delay(2): Delayed 2 second(s)

2019-02-20 18:36:30 - [MESSAGE][PASSED] - Delayed 2 second(s)

2019-02-20 18:36:30 - [TEST_STEP][PASSED] - setText(findTestObject("KeatMun/Form 7_default/OTC_Submit Form 7_Section F-G-H/Page_PERKESO/G2. Hubungan dengan OB-ic.no"), "111111223333"): Text '111111223333' is set on object 'Object Repository/KeatMun/Form 7_default/OTC_Submit Form 7_Section F-G-H/Page_PERKESO/G2. Hubungan dengan OB-ic.no'

2019-02-20 18:36:35 - [MESSAGE][PASSED] - Text '111111223333' is set on object 'Object Repository/KeatMun/Form 7_default/OTC_Submit Form 7_Section F-G-H/Page_PERKESO/G2. Hubungan dengan OB-ic.no'

2019-02-20 18:36:35 - [TEST_STEP][PASSED] - delay(2): Delayed 2 second(s)

2019-02-20 18:36:37 - [MESSAGE][PASSED] - Delayed 2 second(s)

2019-02-20 18:36:37 - [TEST_STEP][PASSED] - setText(findTestObject("KeatMun/Form 7_default/OTC_Submit Form 7_Section F-G-H/Page_PERKESO/G2. Hubungan dengan OB-DOB"), "10/01/2019"): Text '10/01/2019' is set on object 'Object Repository/KeatMun/Form 7_default/OTC_Submit Form 7_Section F-G-H/Page_PERKESO/G2. Hubungan dengan OB-DOB'

2019-02-20 18:36:41 - [MESSAGE][PASSED] - Text '10/01/2019' is set on object 'Object Repository/KeatMun/Form 7_default/OTC_Submit Form 7_Section F-G-H/Page_PERKESO/G2. Hubungan dengan OB-DOB'

2019-02-20 18:36:41 - [TEST_STEP][PASSED] - delay(3): Delayed 3 second(s)

2019-02-20 18:36:44 - [MESSAGE][PASSED] - Delayed 3 second(s)

2019-02-20 18:36:44 - [TEST_STEP][FAILED] - click(findTestObject("KeatMun/Form 7_default/OTC_Submit Form 7_Section F-G-H/Page_PERKESO/G2. span_Isteri")): click(findTestObject("KeatMun/Form 7_default/OTC_Submit Form 7_Section F-G-H/Page_PERKESO/G2. span_Isteri")) FAILED.
Reason:
com.kms.katalon.core.exception.StepFailedException: Unable to click on object 'Object Repository/KeatMun/Form 7_default/OTC_Submit Form 7_Section F-G-H/Page_PERKESO/G2. span_Isteri' (Root cause: com.kms.katalon.core.webui.exception.WebElementNotFoundException: Web element with id: 'Object Repository/KeatMun/Form 7_default/OTC_Submit Form 7_Section F-G-H/Page_PERKESO/G2. span_Isteri' located by 'By.xpath: //span[@id = 'select2-dependentList0dependentRelationId-container' and @title = 'Isteri' and (text() = 'Isteri' or . = 'Isteri')]' not found)
	at com.kms.katalon.core.keyword.internal.KeywordMain.stepFailed(KeywordMain.groovy:36)
	at com.kms.katalon.core.webui.keyword.internal.WebUIKeywordMain.stepFailed(WebUIKeywordMain.groovy:65)
	at com.kms.katalon.core.webui.keyword.internal.WebUIKeywordMain.runKeyword(WebUIKeywordMain.groovy:27)
	at com.kms.katalon.core.webui.keyword.builtin.ClickKeyword.click(ClickKeyword.groovy:86)
	at com.kms.katalon.core.webui.keyword.builtin.ClickKeyword.execute(ClickKeyword.groovy:67)
	at com.kms.katalon.core.keyword.internal.KeywordExecutor.executeKeywordForPlatform(KeywordExecutor.groovy:53)
	at com.kms.katalon.core.webui.keyword.WebUiBuiltInKeywords.click(WebUiBuiltInKeywords.groovy:616)
	at com.kms.katalon.core.webui.keyword.WebUiBuiltInKeywords$click$3.call(Unknown Source)
	at OTC_Submit Form 7_Section F-G-H - Cheque.run(OTC_Submit Form 7_Section F-G-H - Cheque:41)
	at com.kms.katalon.core.main.ScriptEngine.run(ScriptEngine.java:194)
	at com.kms.katalon.core.main.ScriptEngine.runScriptAsRawText(ScriptEngine.java:119)
	at com.kms.katalon.core.main.TestCaseExecutor.runScript(TestCaseExecutor.java:328)
	at com.kms.katalon.core.main.TestCaseExecutor.doExecute(TestCaseExecutor.java:319)
	at com.kms.katalon.core.main.TestCaseExecutor.processExecutionPhase(TestCaseExecutor.java:298)
	at com.kms.katalon.core.main.TestCaseExecutor.accessMainPhase(TestCaseExecutor.java:290)
	at com.kms.katalon.core.main.TestCaseExecutor.execute(TestCaseExecutor.java:224)
	at com.kms.katalon.core.main.TestCaseMain.runTestCase(TestCaseMain.java:106)
	at com.kms.katalon.core.keyword.builtin.CallTestCaseKeyword$_callTestCase_closure1.doCall(CallTestCaseKeyword.groovy:59)
	at com.kms.katalon.core.keyword.builtin.CallTestCaseKeyword$_callTestCase_closure1.call(CallTestCaseKeyword.groovy)
	at com.kms.katalon.core.keyword.internal.KeywordMain.runKeyword(KeywordMain.groovy:54)
	at com.kms.katalon.core.keyword.builtin.CallTestCaseKeyword.callTestCase(CallTestCaseKeyword.groovy:80)
	at com.kms.katalon.core.keyword.builtin.CallTestCaseKeyword.execute(CallTestCaseKeyword.groovy:44)
	at com.kms.katalon.core.keyword.internal.KeywordExecutor.executeKeywordForPlatform(KeywordExecutor.groovy:53)
	at com.kms.katalon.core.keyword.BuiltinKeywords.callTestCase(BuiltinKeywords.groovy:334)
	at OTC_Submit Form 7_End to End - Cheque.run(OTC_Submit Form 7_End to End - Cheque:26)
	at com.kms.katalon.core.main.ScriptEngine.run(ScriptEngine.java:194)
	at com.kms.katalon.core.main.ScriptEngine.runScriptAsRawText(ScriptEngine.java:119)
	at com.kms.katalon.core.main.TestCaseExecutor.runScript(TestCaseExecutor.java:328)
	at com.kms.katalon.core.main.TestCaseExecutor.doExecute(TestCaseExecutor.java:319)
	at com.kms.katalon.core.main.TestCaseExecutor.processExecutionPhase(TestCaseExecutor.java:298)
	at com.kms.katalon.core.main.TestCaseExecutor.accessMainPhase(TestCaseExecutor.java:290)
	at com.kms.katalon.core.main.TestCaseExecutor.execute(TestCaseExecutor.java:224)
	at com.kms.katalon.core.main.TestCaseMain.runTestCase(TestCaseMain.java:106)
	at com.kms.katalon.core.keyword.builtin.CallTestCaseKeyword$_callTestCase_closure1.doCall(CallTestCaseKeyword.groovy:59)
	at com.kms.katalon.core.keyword.builtin.CallTestCaseKeyword$_callTestCase_closure1.call(CallTestCaseKeyword.groovy)
	at com.kms.katalon.core.keyword.internal.KeywordMain.runKeyword(KeywordMain.groovy:54)
	at com.kms.katalon.core.keyword.builtin.CallTestCaseKeyword.callTestCase(CallTestCaseKeyword.groovy:80)
	at com.kms.katalon.core.keyword.builtin.CallTestCaseKeyword.execute(CallTestCaseKeyword.groovy:44)
	at com.kms.katalon.core.keyword.internal.KeywordExecutor.executeKeywordForPlatform(KeywordExecutor.groovy:53)
	at com.kms.katalon.core.keyword.BuiltinKeywords.callTestCase(BuiltinKeywords.groovy:334)
	at Cross branch - SEIO.run(Cross branch - SEIO:16)
	at com.kms.katalon.core.main.ScriptEngine.run(ScriptEngine.java:194)
	at com.kms.katalon.core.main.ScriptEngine.runScriptAsRawText(ScriptEngine.java:119)
	at com.kms.katalon.core.main.TestCaseExecutor.runScript(TestCaseExecutor.java:328)
	at com.kms.katalon.core.main.TestCaseExecutor.doExecute(TestCaseExecutor.java:319)
	at com.kms.katalon.core.main.TestCaseExecutor.processExecutionPhase(TestCaseExecutor.java:298)
	at com.kms.katalon.core.main.TestCaseExecutor.accessMainPhase(TestCaseExecutor.java:290)
	at com.kms.katalon.core.main.TestCaseExecutor.execute(TestCaseExecutor.java:224)
	at com.kms.katalon.core.main.TestSuiteExecutor.accessTestCaseMainPhase(TestSuiteExecutor.java:129)
	at com.kms.katalon.core.main.TestSuiteExecutor.accessTestSuiteMainPhase(TestSuiteExecutor.java:112)
	at com.kms.katalon.core.main.TestSuiteExecutor.execute(TestSuiteExecutor.java:81)
	at com.kms.katalon.core.main.TestCaseMain.startTestSuite(TestCaseMain.java:149)
	at com.kms.katalon.core.main.TestCaseMain$startTestSuite$0.call(Unknown Source)
	at TempTestSuite1550652525208.run(TempTestSuite1550652525208.groovy:36)


2019-02-20 18:37:14 - [MESSAGE][INFO] - Unable to find the element located by 'By.xpath: //span[@id = 'select2-dependentList0dependentRelationId-container' and @title = 'Isteri' and (text() = 'Isteri' or . = 'Isteri')]'. Please recheck the objects properties to make sure the desired element is located. 

2019-02-20 18:37:16 - [MESSAGE][FAILED] - Unable to click on object 'Object Repository/KeatMun/Form 7_default/OTC_Submit Form 7_Section F-G-H/Page_PERKESO/G2. span_Isteri' (Root cause: com.kms.katalon.core.webui.exception.WebElementNotFoundException: Web element with id: 'Object Repository/KeatMun/Form 7_default/OTC_Submit Form 7_Section F-G-H/Page_PERKESO/G2. span_Isteri' located by 'By.xpath: //span[@id = 'select2-dependentList0dependentRelationId-container' and @title = 'Isteri' and (text() = 'Isteri' or . = 'Isteri')]' not found)
[[ATTACHMENT|C:\\Users\\Admin\\Documents\\GitHub\\PKSKatalon\\PKS-EI-ES\\Reports\\New Test Suite\\20190220_164845\\1550659034818.png]]

2019-02-20 18:37:16 - [MESSAGE][FAILED] - click(findTestObject("KeatMun/Form 7_default/OTC_Submit Form 7_Section F-G-H/Page_PERKESO/G2. span_Isteri")) FAILED.
Reason:
com.kms.katalon.core.exception.StepFailedException: Unable to click on object 'Object Repository/KeatMun/Form 7_default/OTC_Submit Form 7_Section F-G-H/Page_PERKESO/G2. span_Isteri' (Root cause: com.kms.katalon.core.webui.exception.WebElementNotFoundException: Web element with id: 'Object Repository/KeatMun/Form 7_default/OTC_Submit Form 7_Section F-G-H/Page_PERKESO/G2. span_Isteri' located by 'By.xpath: //span[@id = 'select2-dependentList0dependentRelationId-container' and @title = 'Isteri' and (text() = 'Isteri' or . = 'Isteri')]' not found)
	at com.kms.katalon.core.keyword.internal.KeywordMain.stepFailed(KeywordMain.groovy:36)
	at com.kms.katalon.core.webui.keyword.internal.WebUIKeywordMain.stepFailed(WebUIKeywordMain.groovy:65)
	at com.kms.katalon.core.webui.keyword.internal.WebUIKeywordMain.runKeyword(WebUIKeywordMain.groovy:27)
	at com.kms.katalon.core.webui.keyword.builtin.ClickKeyword.click(ClickKeyword.groovy:86)
	at com.kms.katalon.core.webui.keyword.builtin.ClickKeyword.execute(ClickKeyword.groovy:67)
	at com.kms.katalon.core.keyword.internal.KeywordExecutor.executeKeywordForPlatform(KeywordExecutor.groovy:53)
	at com.kms.katalon.core.webui.keyword.WebUiBuiltInKeywords.click(WebUiBuiltInKeywords.groovy:616)
	at com.kms.katalon.core.webui.keyword.WebUiBuiltInKeywords$click$3.call(Unknown Source)
	at OTC_Submit Form 7_Section F-G-H - Cheque.run(OTC_Submit Form 7_Section F-G-H - Cheque:41)
	at com.kms.katalon.core.main.ScriptEngine.run(ScriptEngine.java:194)
	at com.kms.katalon.core.main.ScriptEngine.runScriptAsRawText(ScriptEngine.java:119)
	at com.kms.katalon.core.main.TestCaseExecutor.runScript(TestCaseExecutor.java:328)
	at com.kms.katalon.core.main.TestCaseExecutor.doExecute(TestCaseExecutor.java:319)
	at com.kms.katalon.core.main.TestCaseExecutor.processExecutionPhase(TestCaseExecutor.java:298)
	at com.kms.katalon.core.main.TestCaseExecutor.accessMainPhase(TestCaseExecutor.java:290)
	at com.kms.katalon.core.main.TestCaseExecutor.execute(TestCaseExecutor.java:224)
	at com.kms.katalon.core.main.TestCaseMain.runTestCase(TestCaseMain.java:106)
	at com.kms.katalon.core.keyword.builtin.CallTestCaseKeyword$_callTestCase_closure1.doCall(CallTestCaseKeyword.groovy:59)
	at com.kms.katalon.core.keyword.builtin.CallTestCaseKeyword$_callTestCase_closure1.call(CallTestCaseKeyword.groovy)
	at com.kms.katalon.core.keyword.internal.KeywordMain.runKeyword(KeywordMain.groovy:54)
	at com.kms.katalon.core.keyword.builtin.CallTestCaseKeyword.callTestCase(CallTestCaseKeyword.groovy:80)
	at com.kms.katalon.core.keyword.builtin.CallTestCaseKeyword.execute(CallTestCaseKeyword.groovy:44)
	at com.kms.katalon.core.keyword.internal.KeywordExecutor.executeKeywordForPlatform(KeywordExecutor.groovy:53)
	at com.kms.katalon.core.keyword.BuiltinKeywords.callTestCase(BuiltinKeywords.groovy:334)
	at OTC_Submit Form 7_End to End - Cheque.run(OTC_Submit Form 7_End to End - Cheque:26)
	at com.kms.katalon.core.main.ScriptEngine.run(ScriptEngine.java:194)
	at com.kms.katalon.core.main.ScriptEngine.runScriptAsRawText(ScriptEngine.java:119)
	at com.kms.katalon.core.main.TestCaseExecutor.runScript(TestCaseExecutor.java:328)
	at com.kms.katalon.core.main.TestCaseExecutor.doExecute(TestCaseExecutor.java:319)
	at com.kms.katalon.core.main.TestCaseExecutor.processExecutionPhase(TestCaseExecutor.java:298)
	at com.kms.katalon.core.main.TestCaseExecutor.accessMainPhase(TestCaseExecutor.java:290)
	at com.kms.katalon.core.main.TestCaseExecutor.execute(TestCaseExecutor.java:224)
	at com.kms.katalon.core.main.TestCaseMain.runTestCase(TestCaseMain.java:106)
	at com.kms.katalon.core.keyword.builtin.CallTestCaseKeyword$_callTestCase_closure1.doCall(CallTestCaseKeyword.groovy:59)
	at com.kms.katalon.core.keyword.builtin.CallTestCaseKeyword$_callTestCase_closure1.call(CallTestCaseKeyword.groovy)
	at com.kms.katalon.core.keyword.internal.KeywordMain.runKeyword(KeywordMain.groovy:54)
	at com.kms.katalon.core.keyword.builtin.CallTestCaseKeyword.callTestCase(CallTestCaseKeyword.groovy:80)
	at com.kms.katalon.core.keyword.builtin.CallTestCaseKeyword.execute(CallTestCaseKeyword.groovy:44)
	at com.kms.katalon.core.keyword.internal.KeywordExecutor.executeKeywordForPlatform(KeywordExecutor.groovy:53)
	at com.kms.katalon.core.keyword.BuiltinKeywords.callTestCase(BuiltinKeywords.groovy:334)
	at Cross branch - SEIO.run(Cross branch - SEIO:16)
	at com.kms.katalon.core.main.ScriptEngine.run(ScriptEngine.java:194)
	at com.kms.katalon.core.main.ScriptEngine.runScriptAsRawText(ScriptEngine.java:119)
	at com.kms.katalon.core.main.TestCaseExecutor.runScript(TestCaseExecutor.java:328)
	at com.kms.katalon.core.main.TestCaseExecutor.doExecute(TestCaseExecutor.java:319)
	at com.kms.katalon.core.main.TestCaseExecutor.processExecutionPhase(TestCaseExecutor.java:298)
	at com.kms.katalon.core.main.TestCaseExecutor.accessMainPhase(TestCaseExecutor.java:290)
	at com.kms.katalon.core.main.TestCaseExecutor.execute(TestCaseExecutor.java:224)
	at com.kms.katalon.core.main.TestSuiteExecutor.accessTestCaseMainPhase(TestSuiteExecutor.java:129)
	at com.kms.katalon.core.main.TestSuiteExecutor.accessTestSuiteMainPhase(TestSuiteExecutor.java:112)
	at com.kms.katalon.core.main.TestSuiteExecutor.execute(TestSuiteExecutor.java:81)
	at com.kms.katalon.core.main.TestCaseMain.startTestSuite(TestCaseMain.java:149)
	at com.kms.katalon.core.main.TestCaseMain$startTestSuite$0.call(Unknown Source)
	at TempTestSuite1550652525208.run(TempTestSuite1550652525208.groovy:36)


2019-02-20 18:37:16 - [MESSAGE][FAILED] - Unable to call Test Case 'Test Cases/All TC/Arranged/3. Unit/EI/Form 7_default/OTC_Submit Form 7_Section F-G-H - Cheque' (Root cause: com.kms.katalon.core.exception.StepFailedException: Call Test Case 'Test Cases/All TC/Arranged/3. Unit/EI/Form 7_default/OTC_Submit Form 7_Section F-G-H - Cheque' failed)

2019-02-20 18:37:16 - [MESSAGE][FAILED] - callTestCase(findTestCase("All TC/Arranged/3. Unit/EI/Form 7_default/OTC_Submit Form 7_Section F-G-H - Cheque"), [:], STOP_ON_FAILURE) FAILED.
Reason:
com.kms.katalon.core.exception.StepFailedException: Unable to click on object 'Object Repository/KeatMun/Form 7_default/OTC_Submit Form 7_Section F-G-H/Page_PERKESO/G2. span_Isteri' (Root cause: com.kms.katalon.core.webui.exception.WebElementNotFoundException: Web element with id: 'Object Repository/KeatMun/Form 7_default/OTC_Submit Form 7_Section F-G-H/Page_PERKESO/G2. span_Isteri' located by 'By.xpath: //span[@id = 'select2-dependentList0dependentRelationId-container' and @title = 'Isteri' and (text() = 'Isteri' or . = 'Isteri')]' not found)
	at com.kms.katalon.core.keyword.internal.KeywordMain.stepFailed(KeywordMain.groovy:36)
	at com.kms.katalon.core.webui.keyword.internal.WebUIKeywordMain.stepFailed(WebUIKeywordMain.groovy:65)
	at com.kms.katalon.core.webui.keyword.internal.WebUIKeywordMain.runKeyword(WebUIKeywordMain.groovy:27)
	at com.kms.katalon.core.webui.keyword.builtin.ClickKeyword.click(ClickKeyword.groovy:86)
	at com.kms.katalon.core.webui.keyword.builtin.ClickKeyword.execute(ClickKeyword.groovy:67)
	at com.kms.katalon.core.keyword.internal.KeywordExecutor.executeKeywordForPlatform(KeywordExecutor.groovy:53)
	at com.kms.katalon.core.webui.keyword.WebUiBuiltInKeywords.click(WebUiBuiltInKeywords.groovy:616)
	at com.kms.katalon.core.webui.keyword.WebUiBuiltInKeywords$click$3.call(Unknown Source)
	at OTC_Submit Form 7_Section F-G-H - Cheque.run(OTC_Submit Form 7_Section F-G-H - Cheque:41)
	at com.kms.katalon.core.main.ScriptEngine.run(ScriptEngine.java:194)
	at com.kms.katalon.core.main.ScriptEngine.runScriptAsRawText(ScriptEngine.java:119)
	at com.kms.katalon.core.main.TestCaseExecutor.runScript(TestCaseExecutor.java:328)
	at com.kms.katalon.core.main.TestCaseExecutor.doExecute(TestCaseExecutor.java:319)
	at com.kms.katalon.core.main.TestCaseExecutor.processExecutionPhase(TestCaseExecutor.java:298)
	at com.kms.katalon.core.main.TestCaseExecutor.accessMainPhase(TestCaseExecutor.java:290)
	at com.kms.katalon.core.main.TestCaseExecutor.execute(TestCaseExecutor.java:224)
	at com.kms.katalon.core.main.TestCaseMain.runTestCase(TestCaseMain.java:106)
	at com.kms.katalon.core.keyword.builtin.CallTestCaseKeyword$_callTestCase_closure1.doCall(CallTestCaseKeyword.groovy:59)
	at com.kms.katalon.core.keyword.builtin.CallTestCaseKeyword$_callTestCase_closure1.call(CallTestCaseKeyword.groovy)
	at com.kms.katalon.core.keyword.internal.KeywordMain.runKeyword(KeywordMain.groovy:54)
	at com.kms.katalon.core.keyword.builtin.CallTestCaseKeyword.callTestCase(CallTestCaseKeyword.groovy:80)
	at com.kms.katalon.core.keyword.builtin.CallTestCaseKeyword.execute(CallTestCaseKeyword.groovy:44)
	at com.kms.katalon.core.keyword.internal.KeywordExecutor.executeKeywordForPlatform(KeywordExecutor.groovy:53)
	at com.kms.katalon.core.keyword.BuiltinKeywords.callTestCase(BuiltinKeywords.groovy:334)
	at OTC_Submit Form 7_End to End - Cheque.run(OTC_Submit Form 7_End to End - Cheque:26)
	at com.kms.katalon.core.main.ScriptEngine.run(ScriptEngine.java:194)
	at com.kms.katalon.core.main.ScriptEngine.runScriptAsRawText(ScriptEngine.java:119)
	at com.kms.katalon.core.main.TestCaseExecutor.runScript(TestCaseExecutor.java:328)
	at com.kms.katalon.core.main.TestCaseExecutor.doExecute(TestCaseExecutor.java:319)
	at com.kms.katalon.core.main.TestCaseExecutor.processExecutionPhase(TestCaseExecutor.java:298)
	at com.kms.katalon.core.main.TestCaseExecutor.accessMainPhase(TestCaseExecutor.java:290)
	at com.kms.katalon.core.main.TestCaseExecutor.execute(TestCaseExecutor.java:224)
	at com.kms.katalon.core.main.TestCaseMain.runTestCase(TestCaseMain.java:106)
	at com.kms.katalon.core.keyword.builtin.CallTestCaseKeyword$_callTestCase_closure1.doCall(CallTestCaseKeyword.groovy:59)
	at com.kms.katalon.core.keyword.builtin.CallTestCaseKeyword$_callTestCase_closure1.call(CallTestCaseKeyword.groovy)
	at com.kms.katalon.core.keyword.internal.KeywordMain.runKeyword(KeywordMain.groovy:54)
	at com.kms.katalon.core.keyword.builtin.CallTestCaseKeyword.callTestCase(CallTestCaseKeyword.groovy:80)
	at com.kms.katalon.core.keyword.builtin.CallTestCaseKeyword.execute(CallTestCaseKeyword.groovy:44)
	at com.kms.katalon.core.keyword.internal.KeywordExecutor.executeKeywordForPlatform(KeywordExecutor.groovy:53)
	at com.kms.katalon.core.keyword.BuiltinKeywords.callTestCase(BuiltinKeywords.groovy:334)
	at Cross branch - SEIO.run(Cross branch - SEIO:16)
	at com.kms.katalon.core.main.ScriptEngine.run(ScriptEngine.java:194)
	at com.kms.katalon.core.main.ScriptEngine.runScriptAsRawText(ScriptEngine.java:119)
	at com.kms.katalon.core.main.TestCaseExecutor.runScript(TestCaseExecutor.java:328)
	at com.kms.katalon.core.main.TestCaseExecutor.doExecute(TestCaseExecutor.java:319)
	at com.kms.katalon.core.main.TestCaseExecutor.processExecutionPhase(TestCaseExecutor.java:298)
	at com.kms.katalon.core.main.TestCaseExecutor.accessMainPhase(TestCaseExecutor.java:290)
	at com.kms.katalon.core.main.TestCaseExecutor.execute(TestCaseExecutor.java:224)
	at com.kms.katalon.core.main.TestSuiteExecutor.accessTestCaseMainPhase(TestSuiteExecutor.java:129)
	at com.kms.katalon.core.main.TestSuiteExecutor.accessTestSuiteMainPhase(TestSuiteExecutor.java:112)
	at com.kms.katalon.core.main.TestSuiteExecutor.execute(TestSuiteExecutor.java:81)
	at com.kms.katalon.core.main.TestCaseMain.startTestSuite(TestCaseMain.java:149)
	at com.kms.katalon.core.main.TestCaseMain$startTestSuite$0.call(Unknown Source)
	at TempTestSuite1550652525208.run(TempTestSuite1550652525208.groovy:36)


2019-02-20 18:37:17 - [MESSAGE][FAILED] - Unable to call Test Case 'Test Cases/All TC/Arranged/2. Segment/OTC_Submit Form 7_End to End - Cheque' (Root cause: com.kms.katalon.core.exception.StepFailedException: Call Test Case 'Test Cases/All TC/Arranged/2. Segment/OTC_Submit Form 7_End to End - Cheque' failed)

2019-02-20 18:37:17 - [MESSAGE][FAILED] - callTestCase(findTestCase("All TC/Arranged/2. Segment/OTC_Submit Form 7_End to End - Cheque"), [:], STOP_ON_FAILURE) FAILED.
Reason:
com.kms.katalon.core.exception.StepFailedException: Unable to click on object 'Object Repository/KeatMun/Form 7_default/OTC_Submit Form 7_Section F-G-H/Page_PERKESO/G2. span_Isteri' (Root cause: com.kms.katalon.core.webui.exception.WebElementNotFoundException: Web element with id: 'Object Repository/KeatMun/Form 7_default/OTC_Submit Form 7_Section F-G-H/Page_PERKESO/G2. span_Isteri' located by 'By.xpath: //span[@id = 'select2-dependentList0dependentRelationId-container' and @title = 'Isteri' and (text() = 'Isteri' or . = 'Isteri')]' not found)
	at com.kms.katalon.core.keyword.internal.KeywordMain.stepFailed(KeywordMain.groovy:36)
	at com.kms.katalon.core.webui.keyword.internal.WebUIKeywordMain.stepFailed(WebUIKeywordMain.groovy:65)
	at com.kms.katalon.core.webui.keyword.internal.WebUIKeywordMain.runKeyword(WebUIKeywordMain.groovy:27)
	at com.kms.katalon.core.webui.keyword.builtin.ClickKeyword.click(ClickKeyword.groovy:86)
	at com.kms.katalon.core.webui.keyword.builtin.ClickKeyword.execute(ClickKeyword.groovy:67)
	at com.kms.katalon.core.keyword.internal.KeywordExecutor.executeKeywordForPlatform(KeywordExecutor.groovy:53)
	at com.kms.katalon.core.webui.keyword.WebUiBuiltInKeywords.click(WebUiBuiltInKeywords.groovy:616)
	at com.kms.katalon.core.webui.keyword.WebUiBuiltInKeywords$click$3.call(Unknown Source)
	at OTC_Submit Form 7_Section F-G-H - Cheque.run(OTC_Submit Form 7_Section F-G-H - Cheque:41)
	at com.kms.katalon.core.main.ScriptEngine.run(ScriptEngine.java:194)
	at com.kms.katalon.core.main.ScriptEngine.runScriptAsRawText(ScriptEngine.java:119)
	at com.kms.katalon.core.main.TestCaseExecutor.runScript(TestCaseExecutor.java:328)
	at com.kms.katalon.core.main.TestCaseExecutor.doExecute(TestCaseExecutor.java:319)
	at com.kms.katalon.core.main.TestCaseExecutor.processExecutionPhase(TestCaseExecutor.java:298)
	at com.kms.katalon.core.main.TestCaseExecutor.accessMainPhase(TestCaseExecutor.java:290)
	at com.kms.katalon.core.main.TestCaseExecutor.execute(TestCaseExecutor.java:224)
	at com.kms.katalon.core.main.TestCaseMain.runTestCase(TestCaseMain.java:106)
	at com.kms.katalon.core.keyword.builtin.CallTestCaseKeyword$_callTestCase_closure1.doCall(CallTestCaseKeyword.groovy:59)
	at com.kms.katalon.core.keyword.builtin.CallTestCaseKeyword$_callTestCase_closure1.call(CallTestCaseKeyword.groovy)
	at com.kms.katalon.core.keyword.internal.KeywordMain.runKeyword(KeywordMain.groovy:54)
	at com.kms.katalon.core.keyword.builtin.CallTestCaseKeyword.callTestCase(CallTestCaseKeyword.groovy:80)
	at com.kms.katalon.core.keyword.builtin.CallTestCaseKeyword.execute(CallTestCaseKeyword.groovy:44)
	at com.kms.katalon.core.keyword.internal.KeywordExecutor.executeKeywordForPlatform(KeywordExecutor.groovy:53)
	at com.kms.katalon.core.keyword.BuiltinKeywords.callTestCase(BuiltinKeywords.groovy:334)
	at OTC_Submit Form 7_End to End - Cheque.run(OTC_Submit Form 7_End to End - Cheque:26)
	at com.kms.katalon.core.main.ScriptEngine.run(ScriptEngine.java:194)
	at com.kms.katalon.core.main.ScriptEngine.runScriptAsRawText(ScriptEngine.java:119)
	at com.kms.katalon.core.main.TestCaseExecutor.runScript(TestCaseExecutor.java:328)
	at com.kms.katalon.core.main.TestCaseExecutor.doExecute(TestCaseExecutor.java:319)
	at com.kms.katalon.core.main.TestCaseExecutor.processExecutionPhase(TestCaseExecutor.java:298)
	at com.kms.katalon.core.main.TestCaseExecutor.accessMainPhase(TestCaseExecutor.java:290)
	at com.kms.katalon.core.main.TestCaseExecutor.execute(TestCaseExecutor.java:224)
	at com.kms.katalon.core.main.TestCaseMain.runTestCase(TestCaseMain.java:106)
	at com.kms.katalon.core.keyword.builtin.CallTestCaseKeyword$_callTestCase_closure1.doCall(CallTestCaseKeyword.groovy:59)
	at com.kms.katalon.core.keyword.builtin.CallTestCaseKeyword$_callTestCase_closure1.call(CallTestCaseKeyword.groovy)
	at com.kms.katalon.core.keyword.internal.KeywordMain.runKeyword(KeywordMain.groovy:54)
	at com.kms.katalon.core.keyword.builtin.CallTestCaseKeyword.callTestCase(CallTestCaseKeyword.groovy:80)
	at com.kms.katalon.core.keyword.builtin.CallTestCaseKeyword.execute(CallTestCaseKeyword.groovy:44)
	at com.kms.katalon.core.keyword.internal.KeywordExecutor.executeKeywordForPlatform(KeywordExecutor.groovy:53)
	at com.kms.katalon.core.keyword.BuiltinKeywords.callTestCase(BuiltinKeywords.groovy:334)
	at Cross branch - SEIO.run(Cross branch - SEIO:16)
	at com.kms.katalon.core.main.ScriptEngine.run(ScriptEngine.java:194)
	at com.kms.katalon.core.main.ScriptEngine.runScriptAsRawText(ScriptEngine.java:119)
	at com.kms.katalon.core.main.TestCaseExecutor.runScript(TestCaseExecutor.java:328)
	at com.kms.katalon.core.main.TestCaseExecutor.doExecute(TestCaseExecutor.java:319)
	at com.kms.katalon.core.main.TestCaseExecutor.processExecutionPhase(TestCaseExecutor.java:298)
	at com.kms.katalon.core.main.TestCaseExecutor.accessMainPhase(TestCaseExecutor.java:290)
	at com.kms.katalon.core.main.TestCaseExecutor.execute(TestCaseExecutor.java:224)
	at com.kms.katalon.core.main.TestSuiteExecutor.accessTestCaseMainPhase(TestSuiteExecutor.java:129)
	at com.kms.katalon.core.main.TestSuiteExecutor.accessTestSuiteMainPhase(TestSuiteExecutor.java:112)
	at com.kms.katalon.core.main.TestSuiteExecutor.execute(TestSuiteExecutor.java:81)
	at com.kms.katalon.core.main.TestCaseMain.startTestSuite(TestCaseMain.java:149)
	at com.kms.katalon.core.main.TestCaseMain$startTestSuite$0.call(Unknown Source)
	at TempTestSuite1550652525208.run(TempTestSuite1550652525208.groovy:36)]]></system-out>
         <system-err><![CDATA[2019-02-20 18:27:31 - [TEST_CASE][FAILED] - Test Cases/All TC/Arranged/0. Full Flow/Query/Cross branch - SEIO: Test Cases/All TC/Arranged/0. Full Flow/Query/Cross branch - SEIO FAILED.
Reason:
com.kms.katalon.core.exception.StepFailedException: Unable to click on object 'Object Repository/KeatMun/Form 7_default/OTC_Submit Form 7_Section F-G-H/Page_PERKESO/G2. span_Isteri' (Root cause: com.kms.katalon.core.webui.exception.WebElementNotFoundException: Web element with id: 'Object Repository/KeatMun/Form 7_default/OTC_Submit Form 7_Section F-G-H/Page_PERKESO/G2. span_Isteri' located by 'By.xpath: //span[@id = 'select2-dependentList0dependentRelationId-container' and @title = 'Isteri' and (text() = 'Isteri' or . = 'Isteri')]' not found)
	at com.kms.katalon.core.keyword.internal.KeywordMain.stepFailed(KeywordMain.groovy:36)
	at com.kms.katalon.core.webui.keyword.internal.WebUIKeywordMain.stepFailed(WebUIKeywordMain.groovy:65)
	at com.kms.katalon.core.webui.keyword.internal.WebUIKeywordMain.runKeyword(WebUIKeywordMain.groovy:27)
	at com.kms.katalon.core.webui.keyword.builtin.ClickKeyword.click(ClickKeyword.groovy:86)
	at com.kms.katalon.core.webui.keyword.builtin.ClickKeyword.execute(ClickKeyword.groovy:67)
	at com.kms.katalon.core.keyword.internal.KeywordExecutor.executeKeywordForPlatform(KeywordExecutor.groovy:53)
	at com.kms.katalon.core.webui.keyword.WebUiBuiltInKeywords.click(WebUiBuiltInKeywords.groovy:616)
	at com.kms.katalon.core.webui.keyword.WebUiBuiltInKeywords$click$3.call(Unknown Source)
	at OTC_Submit Form 7_Section F-G-H - Cheque.run(OTC_Submit Form 7_Section F-G-H - Cheque:41)
	at com.kms.katalon.core.main.ScriptEngine.run(ScriptEngine.java:194)
	at com.kms.katalon.core.main.ScriptEngine.runScriptAsRawText(ScriptEngine.java:119)
	at com.kms.katalon.core.main.TestCaseExecutor.runScript(TestCaseExecutor.java:328)
	at com.kms.katalon.core.main.TestCaseExecutor.doExecute(TestCaseExecutor.java:319)
	at com.kms.katalon.core.main.TestCaseExecutor.processExecutionPhase(TestCaseExecutor.java:298)
	at com.kms.katalon.core.main.TestCaseExecutor.accessMainPhase(TestCaseExecutor.java:290)
	at com.kms.katalon.core.main.TestCaseExecutor.execute(TestCaseExecutor.java:224)
	at com.kms.katalon.core.main.TestCaseMain.runTestCase(TestCaseMain.java:106)
	at com.kms.katalon.core.keyword.builtin.CallTestCaseKeyword$_callTestCase_closure1.doCall(CallTestCaseKeyword.groovy:59)
	at com.kms.katalon.core.keyword.builtin.CallTestCaseKeyword$_callTestCase_closure1.call(CallTestCaseKeyword.groovy)
	at com.kms.katalon.core.keyword.internal.KeywordMain.runKeyword(KeywordMain.groovy:54)
	at com.kms.katalon.core.keyword.builtin.CallTestCaseKeyword.callTestCase(CallTestCaseKeyword.groovy:80)
	at com.kms.katalon.core.keyword.builtin.CallTestCaseKeyword.execute(CallTestCaseKeyword.groovy:44)
	at com.kms.katalon.core.keyword.internal.KeywordExecutor.executeKeywordForPlatform(KeywordExecutor.groovy:53)
	at com.kms.katalon.core.keyword.BuiltinKeywords.callTestCase(BuiltinKeywords.groovy:334)
	at OTC_Submit Form 7_End to End - Cheque.run(OTC_Submit Form 7_End to End - Cheque:26)
	at com.kms.katalon.core.main.ScriptEngine.run(ScriptEngine.java:194)
	at com.kms.katalon.core.main.ScriptEngine.runScriptAsRawText(ScriptEngine.java:119)
	at com.kms.katalon.core.main.TestCaseExecutor.runScript(TestCaseExecutor.java:328)
	at com.kms.katalon.core.main.TestCaseExecutor.doExecute(TestCaseExecutor.java:319)
	at com.kms.katalon.core.main.TestCaseExecutor.processExecutionPhase(TestCaseExecutor.java:298)
	at com.kms.katalon.core.main.TestCaseExecutor.accessMainPhase(TestCaseExecutor.java:290)
	at com.kms.katalon.core.main.TestCaseExecutor.execute(TestCaseExecutor.java:224)
	at com.kms.katalon.core.main.TestCaseMain.runTestCase(TestCaseMain.java:106)
	at com.kms.katalon.core.keyword.builtin.CallTestCaseKeyword$_callTestCase_closure1.doCall(CallTestCaseKeyword.groovy:59)
	at com.kms.katalon.core.keyword.builtin.CallTestCaseKeyword$_callTestCase_closure1.call(CallTestCaseKeyword.groovy)
	at com.kms.katalon.core.keyword.internal.KeywordMain.runKeyword(KeywordMain.groovy:54)
	at com.kms.katalon.core.keyword.builtin.CallTestCaseKeyword.callTestCase(CallTestCaseKeyword.groovy:80)
	at com.kms.katalon.core.keyword.builtin.CallTestCaseKeyword.execute(CallTestCaseKeyword.groovy:44)
	at com.kms.katalon.core.keyword.internal.KeywordExecutor.executeKeywordForPlatform(KeywordExecutor.groovy:53)
	at com.kms.katalon.core.keyword.BuiltinKeywords.callTestCase(BuiltinKeywords.groovy:334)
	at Cross branch - SEIO.run(Cross branch - SEIO:16)
	at com.kms.katalon.core.main.ScriptEngine.run(ScriptEngine.java:194)
	at com.kms.katalon.core.main.ScriptEngine.runScriptAsRawText(ScriptEngine.java:119)
	at com.kms.katalon.core.main.TestCaseExecutor.runScript(TestCaseExecutor.java:328)
	at com.kms.katalon.core.main.TestCaseExecutor.doExecute(TestCaseExecutor.java:319)
	at com.kms.katalon.core.main.TestCaseExecutor.processExecutionPhase(TestCaseExecutor.java:298)
	at com.kms.katalon.core.main.TestCaseExecutor.accessMainPhase(TestCaseExecutor.java:290)
	at com.kms.katalon.core.main.TestCaseExecutor.execute(TestCaseExecutor.java:224)
	at com.kms.katalon.core.main.TestSuiteExecutor.accessTestCaseMainPhase(TestSuiteExecutor.java:129)
	at com.kms.katalon.core.main.TestSuiteExecutor.accessTestSuiteMainPhase(TestSuiteExecutor.java:112)
	at com.kms.katalon.core.main.TestSuiteExecutor.execute(TestSuiteExecutor.java:81)
	at com.kms.katalon.core.main.TestCaseMain.startTestSuite(TestCaseMain.java:149)
	at com.kms.katalon.core.main.TestCaseMain$startTestSuite$0.call(Unknown Source)
	at TempTestSuite1550652525208.run(TempTestSuite1550652525208.groovy:36)]]></system-err>
      </testcase>
      <testcase name="Test Cases/All TC/Arranged/0. Full Flow/Query/Cross branch - EIO" classname="Test Cases/All TC/Arranged/0. Full Flow/Query/Cross branch - EIO" status="FAILED">
         <failure type="FAILED" message="Test Cases/All TC/Arranged/0. Full Flow/Query/Cross branch - EIO FAILED.
Reason:
com.kms.katalon.core.exception.StepFailedException: Unable to click on object 'Object Repository/KeatMun/Form 7_default/OTC_Submit Form 7_Section F-G-H/Page_PERKESO/G2. span_Isteri' (Root cause: com.kms.katalon.core.webui.exception.WebElementNotFoundException: Web element with id: 'Object Repository/KeatMun/Form 7_default/OTC_Submit Form 7_Section F-G-H/Page_PERKESO/G2. span_Isteri' located by 'By.xpath: //span[@id = 'select2-dependentList0dependentRelationId-container' and @title = 'Isteri' and (text() = 'Isteri' or . = 'Isteri')]' not found)
	at com.kms.katalon.core.keyword.internal.KeywordMain.stepFailed(KeywordMain.groovy:36)
	at com.kms.katalon.core.webui.keyword.internal.WebUIKeywordMain.stepFailed(WebUIKeywordMain.groovy:65)
	at com.kms.katalon.core.webui.keyword.internal.WebUIKeywordMain.runKeyword(WebUIKeywordMain.groovy:27)
	at com.kms.katalon.core.webui.keyword.builtin.ClickKeyword.click(ClickKeyword.groovy:86)
	at com.kms.katalon.core.webui.keyword.builtin.ClickKeyword.execute(ClickKeyword.groovy:67)
	at com.kms.katalon.core.keyword.internal.KeywordExecutor.executeKeywordForPlatform(KeywordExecutor.groovy:53)
	at com.kms.katalon.core.webui.keyword.WebUiBuiltInKeywords.click(WebUiBuiltInKeywords.groovy:616)
	at com.kms.katalon.core.webui.keyword.WebUiBuiltInKeywords$click$3.call(Unknown Source)
	at OTC_Submit Form 7_Section F-G-H - Cheque.run(OTC_Submit Form 7_Section F-G-H - Cheque:41)
	at com.kms.katalon.core.main.ScriptEngine.run(ScriptEngine.java:194)
	at com.kms.katalon.core.main.ScriptEngine.runScriptAsRawText(ScriptEngine.java:119)
	at com.kms.katalon.core.main.TestCaseExecutor.runScript(TestCaseExecutor.java:328)
	at com.kms.katalon.core.main.TestCaseExecutor.doExecute(TestCaseExecutor.java:319)
	at com.kms.katalon.core.main.TestCaseExecutor.processExecutionPhase(TestCaseExecutor.java:298)
	at com.kms.katalon.core.main.TestCaseExecutor.accessMainPhase(TestCaseExecutor.java:290)
	at com.kms.katalon.core.main.TestCaseExecutor.execute(TestCaseExecutor.java:224)
	at com.kms.katalon.core.main.TestCaseMain.runTestCase(TestCaseMain.java:106)
	at com.kms.katalon.core.keyword.builtin.CallTestCaseKeyword$_callTestCase_closure1.doCall(CallTestCaseKeyword.groovy:59)
	at com.kms.katalon.core.keyword.builtin.CallTestCaseKeyword$_callTestCase_closure1.call(CallTestCaseKeyword.groovy)
	at com.kms.katalon.core.keyword.internal.KeywordMain.runKeyword(KeywordMain.groovy:54)
	at com.kms.katalon.core.keyword.builtin.CallTestCaseKeyword.callTestCase(CallTestCaseKeyword.groovy:80)
	at com.kms.katalon.core.keyword.builtin.CallTestCaseKeyword.execute(CallTestCaseKeyword.groovy:44)
	at com.kms.katalon.core.keyword.internal.KeywordExecutor.executeKeywordForPlatform(KeywordExecutor.groovy:53)
	at com.kms.katalon.core.keyword.BuiltinKeywords.callTestCase(BuiltinKeywords.groovy:334)
	at OTC_Submit Form 7_End to End - Cheque.run(OTC_Submit Form 7_End to End - Cheque:26)
	at com.kms.katalon.core.main.ScriptEngine.run(ScriptEngine.java:194)
	at com.kms.katalon.core.main.ScriptEngine.runScriptAsRawText(ScriptEngine.java:119)
	at com.kms.katalon.core.main.TestCaseExecutor.runScript(TestCaseExecutor.java:328)
	at com.kms.katalon.core.main.TestCaseExecutor.doExecute(TestCaseExecutor.java:319)
	at com.kms.katalon.core.main.TestCaseExecutor.processExecutionPhase(TestCaseExecutor.java:298)
	at com.kms.katalon.core.main.TestCaseExecutor.accessMainPhase(TestCaseExecutor.java:290)
	at com.kms.katalon.core.main.TestCaseExecutor.execute(TestCaseExecutor.java:224)
	at com.kms.katalon.core.main.TestCaseMain.runTestCase(TestCaseMain.java:106)
	at com.kms.katalon.core.keyword.builtin.CallTestCaseKeyword$_callTestCase_closure1.doCall(CallTestCaseKeyword.groovy:59)
	at com.kms.katalon.core.keyword.builtin.CallTestCaseKeyword$_callTestCase_closure1.call(CallTestCaseKeyword.groovy)
	at com.kms.katalon.core.keyword.internal.KeywordMain.runKeyword(KeywordMain.groovy:54)
	at com.kms.katalon.core.keyword.builtin.CallTestCaseKeyword.callTestCase(CallTestCaseKeyword.groovy:80)
	at com.kms.katalon.core.keyword.builtin.CallTestCaseKeyword.execute(CallTestCaseKeyword.groovy:44)
	at com.kms.katalon.core.keyword.internal.KeywordExecutor.executeKeywordForPlatform(KeywordExecutor.groovy:53)
	at com.kms.katalon.core.keyword.BuiltinKeywords.callTestCase(BuiltinKeywords.groovy:334)
	at Cross branch - EIO.run(Cross branch - EIO:16)
	at com.kms.katalon.core.main.ScriptEngine.run(ScriptEngine.java:194)
	at com.kms.katalon.core.main.ScriptEngine.runScriptAsRawText(ScriptEngine.java:119)
	at com.kms.katalon.core.main.TestCaseExecutor.runScript(TestCaseExecutor.java:328)
	at com.kms.katalon.core.main.TestCaseExecutor.doExecute(TestCaseExecutor.java:319)
	at com.kms.katalon.core.main.TestCaseExecutor.processExecutionPhase(TestCaseExecutor.java:298)
	at com.kms.katalon.core.main.TestCaseExecutor.accessMainPhase(TestCaseExecutor.java:290)
	at com.kms.katalon.core.main.TestCaseExecutor.execute(TestCaseExecutor.java:224)
	at com.kms.katalon.core.main.TestSuiteExecutor.accessTestCaseMainPhase(TestSuiteExecutor.java:129)
	at com.kms.katalon.core.main.TestSuiteExecutor.accessTestSuiteMainPhase(TestSuiteExecutor.java:112)
	at com.kms.katalon.core.main.TestSuiteExecutor.execute(TestSuiteExecutor.java:81)
	at com.kms.katalon.core.main.TestCaseMain.startTestSuite(TestCaseMain.java:149)
	at com.kms.katalon.core.main.TestCaseMain$startTestSuite$0.call(Unknown Source)
	at TempTestSuite1550652525208.run(TempTestSuite1550652525208.groovy:36)
"/>
         <system-out><![CDATA[2019-02-20 18:37:17 - [TEST_CASE][FAILED] - Test Cases/All TC/Arranged/0. Full Flow/Query/Cross branch - EIO: Test Cases/All TC/Arranged/0. Full Flow/Query/Cross branch - EIO FAILED.
Reason:
com.kms.katalon.core.exception.StepFailedException: Unable to click on object 'Object Repository/KeatMun/Form 7_default/OTC_Submit Form 7_Section F-G-H/Page_PERKESO/G2. span_Isteri' (Root cause: com.kms.katalon.core.webui.exception.WebElementNotFoundException: Web element with id: 'Object Repository/KeatMun/Form 7_default/OTC_Submit Form 7_Section F-G-H/Page_PERKESO/G2. span_Isteri' located by 'By.xpath: //span[@id = 'select2-dependentList0dependentRelationId-container' and @title = 'Isteri' and (text() = 'Isteri' or . = 'Isteri')]' not found)
	at com.kms.katalon.core.keyword.internal.KeywordMain.stepFailed(KeywordMain.groovy:36)
	at com.kms.katalon.core.webui.keyword.internal.WebUIKeywordMain.stepFailed(WebUIKeywordMain.groovy:65)
	at com.kms.katalon.core.webui.keyword.internal.WebUIKeywordMain.runKeyword(WebUIKeywordMain.groovy:27)
	at com.kms.katalon.core.webui.keyword.builtin.ClickKeyword.click(ClickKeyword.groovy:86)
	at com.kms.katalon.core.webui.keyword.builtin.ClickKeyword.execute(ClickKeyword.groovy:67)
	at com.kms.katalon.core.keyword.internal.KeywordExecutor.executeKeywordForPlatform(KeywordExecutor.groovy:53)
	at com.kms.katalon.core.webui.keyword.WebUiBuiltInKeywords.click(WebUiBuiltInKeywords.groovy:616)
	at com.kms.katalon.core.webui.keyword.WebUiBuiltInKeywords$click$3.call(Unknown Source)
	at OTC_Submit Form 7_Section F-G-H - Cheque.run(OTC_Submit Form 7_Section F-G-H - Cheque:41)
	at com.kms.katalon.core.main.ScriptEngine.run(ScriptEngine.java:194)
	at com.kms.katalon.core.main.ScriptEngine.runScriptAsRawText(ScriptEngine.java:119)
	at com.kms.katalon.core.main.TestCaseExecutor.runScript(TestCaseExecutor.java:328)
	at com.kms.katalon.core.main.TestCaseExecutor.doExecute(TestCaseExecutor.java:319)
	at com.kms.katalon.core.main.TestCaseExecutor.processExecutionPhase(TestCaseExecutor.java:298)
	at com.kms.katalon.core.main.TestCaseExecutor.accessMainPhase(TestCaseExecutor.java:290)
	at com.kms.katalon.core.main.TestCaseExecutor.execute(TestCaseExecutor.java:224)
	at com.kms.katalon.core.main.TestCaseMain.runTestCase(TestCaseMain.java:106)
	at com.kms.katalon.core.keyword.builtin.CallTestCaseKeyword$_callTestCase_closure1.doCall(CallTestCaseKeyword.groovy:59)
	at com.kms.katalon.core.keyword.builtin.CallTestCaseKeyword$_callTestCase_closure1.call(CallTestCaseKeyword.groovy)
	at com.kms.katalon.core.keyword.internal.KeywordMain.runKeyword(KeywordMain.groovy:54)
	at com.kms.katalon.core.keyword.builtin.CallTestCaseKeyword.callTestCase(CallTestCaseKeyword.groovy:80)
	at com.kms.katalon.core.keyword.builtin.CallTestCaseKeyword.execute(CallTestCaseKeyword.groovy:44)
	at com.kms.katalon.core.keyword.internal.KeywordExecutor.executeKeywordForPlatform(KeywordExecutor.groovy:53)
	at com.kms.katalon.core.keyword.BuiltinKeywords.callTestCase(BuiltinKeywords.groovy:334)
	at OTC_Submit Form 7_End to End - Cheque.run(OTC_Submit Form 7_End to End - Cheque:26)
	at com.kms.katalon.core.main.ScriptEngine.run(ScriptEngine.java:194)
	at com.kms.katalon.core.main.ScriptEngine.runScriptAsRawText(ScriptEngine.java:119)
	at com.kms.katalon.core.main.TestCaseExecutor.runScript(TestCaseExecutor.java:328)
	at com.kms.katalon.core.main.TestCaseExecutor.doExecute(TestCaseExecutor.java:319)
	at com.kms.katalon.core.main.TestCaseExecutor.processExecutionPhase(TestCaseExecutor.java:298)
	at com.kms.katalon.core.main.TestCaseExecutor.accessMainPhase(TestCaseExecutor.java:290)
	at com.kms.katalon.core.main.TestCaseExecutor.execute(TestCaseExecutor.java:224)
	at com.kms.katalon.core.main.TestCaseMain.runTestCase(TestCaseMain.java:106)
	at com.kms.katalon.core.keyword.builtin.CallTestCaseKeyword$_callTestCase_closure1.doCall(CallTestCaseKeyword.groovy:59)
	at com.kms.katalon.core.keyword.builtin.CallTestCaseKeyword$_callTestCase_closure1.call(CallTestCaseKeyword.groovy)
	at com.kms.katalon.core.keyword.internal.KeywordMain.runKeyword(KeywordMain.groovy:54)
	at com.kms.katalon.core.keyword.builtin.CallTestCaseKeyword.callTestCase(CallTestCaseKeyword.groovy:80)
	at com.kms.katalon.core.keyword.builtin.CallTestCaseKeyword.execute(CallTestCaseKeyword.groovy:44)
	at com.kms.katalon.core.keyword.internal.KeywordExecutor.executeKeywordForPlatform(KeywordExecutor.groovy:53)
	at com.kms.katalon.core.keyword.BuiltinKeywords.callTestCase(BuiltinKeywords.groovy:334)
	at Cross branch - EIO.run(Cross branch - EIO:16)
	at com.kms.katalon.core.main.ScriptEngine.run(ScriptEngine.java:194)
	at com.kms.katalon.core.main.ScriptEngine.runScriptAsRawText(ScriptEngine.java:119)
	at com.kms.katalon.core.main.TestCaseExecutor.runScript(TestCaseExecutor.java:328)
	at com.kms.katalon.core.main.TestCaseExecutor.doExecute(TestCaseExecutor.java:319)
	at com.kms.katalon.core.main.TestCaseExecutor.processExecutionPhase(TestCaseExecutor.java:298)
	at com.kms.katalon.core.main.TestCaseExecutor.accessMainPhase(TestCaseExecutor.java:290)
	at com.kms.katalon.core.main.TestCaseExecutor.execute(TestCaseExecutor.java:224)
	at com.kms.katalon.core.main.TestSuiteExecutor.accessTestCaseMainPhase(TestSuiteExecutor.java:129)
	at com.kms.katalon.core.main.TestSuiteExecutor.accessTestSuiteMainPhase(TestSuiteExecutor.java:112)
	at com.kms.katalon.core.main.TestSuiteExecutor.execute(TestSuiteExecutor.java:81)
	at com.kms.katalon.core.main.TestCaseMain.startTestSuite(TestCaseMain.java:149)
	at com.kms.katalon.core.main.TestCaseMain$startTestSuite$0.call(Unknown Source)
	at TempTestSuite1550652525208.run(TempTestSuite1550652525208.groovy:36)


2019-02-20 18:37:18 - [TEST_STEP][FAILED] - callTestCase(findTestCase("All TC/Arranged/2. Segment/OTC_Submit Form 7_End to End - Cheque"), [:], STOP_ON_FAILURE): callTestCase(findTestCase("All TC/Arranged/2. Segment/OTC_Submit Form 7_End to End - Cheque"), [:], STOP_ON_FAILURE) FAILED.
Reason:
com.kms.katalon.core.exception.StepFailedException: Unable to click on object 'Object Repository/KeatMun/Form 7_default/OTC_Submit Form 7_Section F-G-H/Page_PERKESO/G2. span_Isteri' (Root cause: com.kms.katalon.core.webui.exception.WebElementNotFoundException: Web element with id: 'Object Repository/KeatMun/Form 7_default/OTC_Submit Form 7_Section F-G-H/Page_PERKESO/G2. span_Isteri' located by 'By.xpath: //span[@id = 'select2-dependentList0dependentRelationId-container' and @title = 'Isteri' and (text() = 'Isteri' or . = 'Isteri')]' not found)
	at com.kms.katalon.core.keyword.internal.KeywordMain.stepFailed(KeywordMain.groovy:36)
	at com.kms.katalon.core.webui.keyword.internal.WebUIKeywordMain.stepFailed(WebUIKeywordMain.groovy:65)
	at com.kms.katalon.core.webui.keyword.internal.WebUIKeywordMain.runKeyword(WebUIKeywordMain.groovy:27)
	at com.kms.katalon.core.webui.keyword.builtin.ClickKeyword.click(ClickKeyword.groovy:86)
	at com.kms.katalon.core.webui.keyword.builtin.ClickKeyword.execute(ClickKeyword.groovy:67)
	at com.kms.katalon.core.keyword.internal.KeywordExecutor.executeKeywordForPlatform(KeywordExecutor.groovy:53)
	at com.kms.katalon.core.webui.keyword.WebUiBuiltInKeywords.click(WebUiBuiltInKeywords.groovy:616)
	at com.kms.katalon.core.webui.keyword.WebUiBuiltInKeywords$click$3.call(Unknown Source)
	at OTC_Submit Form 7_Section F-G-H - Cheque.run(OTC_Submit Form 7_Section F-G-H - Cheque:41)
	at com.kms.katalon.core.main.ScriptEngine.run(ScriptEngine.java:194)
	at com.kms.katalon.core.main.ScriptEngine.runScriptAsRawText(ScriptEngine.java:119)
	at com.kms.katalon.core.main.TestCaseExecutor.runScript(TestCaseExecutor.java:328)
	at com.kms.katalon.core.main.TestCaseExecutor.doExecute(TestCaseExecutor.java:319)
	at com.kms.katalon.core.main.TestCaseExecutor.processExecutionPhase(TestCaseExecutor.java:298)
	at com.kms.katalon.core.main.TestCaseExecutor.accessMainPhase(TestCaseExecutor.java:290)
	at com.kms.katalon.core.main.TestCaseExecutor.execute(TestCaseExecutor.java:224)
	at com.kms.katalon.core.main.TestCaseMain.runTestCase(TestCaseMain.java:106)
	at com.kms.katalon.core.keyword.builtin.CallTestCaseKeyword$_callTestCase_closure1.doCall(CallTestCaseKeyword.groovy:59)
	at com.kms.katalon.core.keyword.builtin.CallTestCaseKeyword$_callTestCase_closure1.call(CallTestCaseKeyword.groovy)
	at com.kms.katalon.core.keyword.internal.KeywordMain.runKeyword(KeywordMain.groovy:54)
	at com.kms.katalon.core.keyword.builtin.CallTestCaseKeyword.callTestCase(CallTestCaseKeyword.groovy:80)
	at com.kms.katalon.core.keyword.builtin.CallTestCaseKeyword.execute(CallTestCaseKeyword.groovy:44)
	at com.kms.katalon.core.keyword.internal.KeywordExecutor.executeKeywordForPlatform(KeywordExecutor.groovy:53)
	at com.kms.katalon.core.keyword.BuiltinKeywords.callTestCase(BuiltinKeywords.groovy:334)
	at OTC_Submit Form 7_End to End - Cheque.run(OTC_Submit Form 7_End to End - Cheque:26)
	at com.kms.katalon.core.main.ScriptEngine.run(ScriptEngine.java:194)
	at com.kms.katalon.core.main.ScriptEngine.runScriptAsRawText(ScriptEngine.java:119)
	at com.kms.katalon.core.main.TestCaseExecutor.runScript(TestCaseExecutor.java:328)
	at com.kms.katalon.core.main.TestCaseExecutor.doExecute(TestCaseExecutor.java:319)
	at com.kms.katalon.core.main.TestCaseExecutor.processExecutionPhase(TestCaseExecutor.java:298)
	at com.kms.katalon.core.main.TestCaseExecutor.accessMainPhase(TestCaseExecutor.java:290)
	at com.kms.katalon.core.main.TestCaseExecutor.execute(TestCaseExecutor.java:224)
	at com.kms.katalon.core.main.TestCaseMain.runTestCase(TestCaseMain.java:106)
	at com.kms.katalon.core.keyword.builtin.CallTestCaseKeyword$_callTestCase_closure1.doCall(CallTestCaseKeyword.groovy:59)
	at com.kms.katalon.core.keyword.builtin.CallTestCaseKeyword$_callTestCase_closure1.call(CallTestCaseKeyword.groovy)
	at com.kms.katalon.core.keyword.internal.KeywordMain.runKeyword(KeywordMain.groovy:54)
	at com.kms.katalon.core.keyword.builtin.CallTestCaseKeyword.callTestCase(CallTestCaseKeyword.groovy:80)
	at com.kms.katalon.core.keyword.builtin.CallTestCaseKeyword.execute(CallTestCaseKeyword.groovy:44)
	at com.kms.katalon.core.keyword.internal.KeywordExecutor.executeKeywordForPlatform(KeywordExecutor.groovy:53)
	at com.kms.katalon.core.keyword.BuiltinKeywords.callTestCase(BuiltinKeywords.groovy:334)
	at Cross branch - EIO.run(Cross branch - EIO:16)
	at com.kms.katalon.core.main.ScriptEngine.run(ScriptEngine.java:194)
	at com.kms.katalon.core.main.ScriptEngine.runScriptAsRawText(ScriptEngine.java:119)
	at com.kms.katalon.core.main.TestCaseExecutor.runScript(TestCaseExecutor.java:328)
	at com.kms.katalon.core.main.TestCaseExecutor.doExecute(TestCaseExecutor.java:319)
	at com.kms.katalon.core.main.TestCaseExecutor.processExecutionPhase(TestCaseExecutor.java:298)
	at com.kms.katalon.core.main.TestCaseExecutor.accessMainPhase(TestCaseExecutor.java:290)
	at com.kms.katalon.core.main.TestCaseExecutor.execute(TestCaseExecutor.java:224)
	at com.kms.katalon.core.main.TestSuiteExecutor.accessTestCaseMainPhase(TestSuiteExecutor.java:129)
	at com.kms.katalon.core.main.TestSuiteExecutor.accessTestSuiteMainPhase(TestSuiteExecutor.java:112)
	at com.kms.katalon.core.main.TestSuiteExecutor.execute(TestSuiteExecutor.java:81)
	at com.kms.katalon.core.main.TestCaseMain.startTestSuite(TestCaseMain.java:149)
	at com.kms.katalon.core.main.TestCaseMain$startTestSuite$0.call(Unknown Source)
	at TempTestSuite1550652525208.run(TempTestSuite1550652525208.groovy:36)


2019-02-20 18:37:18 - [TEST_CASE][FAILED] - Test Cases/All TC/Arranged/2. Segment/OTC_Submit Form 7_End to End - Cheque: Test Cases/All TC/Arranged/2. Segment/OTC_Submit Form 7_End to End - Cheque FAILED.
Reason:
com.kms.katalon.core.exception.StepFailedException: Unable to click on object 'Object Repository/KeatMun/Form 7_default/OTC_Submit Form 7_Section F-G-H/Page_PERKESO/G2. span_Isteri' (Root cause: com.kms.katalon.core.webui.exception.WebElementNotFoundException: Web element with id: 'Object Repository/KeatMun/Form 7_default/OTC_Submit Form 7_Section F-G-H/Page_PERKESO/G2. span_Isteri' located by 'By.xpath: //span[@id = 'select2-dependentList0dependentRelationId-container' and @title = 'Isteri' and (text() = 'Isteri' or . = 'Isteri')]' not found)
	at com.kms.katalon.core.keyword.internal.KeywordMain.stepFailed(KeywordMain.groovy:36)
	at com.kms.katalon.core.webui.keyword.internal.WebUIKeywordMain.stepFailed(WebUIKeywordMain.groovy:65)
	at com.kms.katalon.core.webui.keyword.internal.WebUIKeywordMain.runKeyword(WebUIKeywordMain.groovy:27)
	at com.kms.katalon.core.webui.keyword.builtin.ClickKeyword.click(ClickKeyword.groovy:86)
	at com.kms.katalon.core.webui.keyword.builtin.ClickKeyword.execute(ClickKeyword.groovy:67)
	at com.kms.katalon.core.keyword.internal.KeywordExecutor.executeKeywordForPlatform(KeywordExecutor.groovy:53)
	at com.kms.katalon.core.webui.keyword.WebUiBuiltInKeywords.click(WebUiBuiltInKeywords.groovy:616)
	at com.kms.katalon.core.webui.keyword.WebUiBuiltInKeywords$click$3.call(Unknown Source)
	at OTC_Submit Form 7_Section F-G-H - Cheque.run(OTC_Submit Form 7_Section F-G-H - Cheque:41)
	at com.kms.katalon.core.main.ScriptEngine.run(ScriptEngine.java:194)
	at com.kms.katalon.core.main.ScriptEngine.runScriptAsRawText(ScriptEngine.java:119)
	at com.kms.katalon.core.main.TestCaseExecutor.runScript(TestCaseExecutor.java:328)
	at com.kms.katalon.core.main.TestCaseExecutor.doExecute(TestCaseExecutor.java:319)
	at com.kms.katalon.core.main.TestCaseExecutor.processExecutionPhase(TestCaseExecutor.java:298)
	at com.kms.katalon.core.main.TestCaseExecutor.accessMainPhase(TestCaseExecutor.java:290)
	at com.kms.katalon.core.main.TestCaseExecutor.execute(TestCaseExecutor.java:224)
	at com.kms.katalon.core.main.TestCaseMain.runTestCase(TestCaseMain.java:106)
	at com.kms.katalon.core.keyword.builtin.CallTestCaseKeyword$_callTestCase_closure1.doCall(CallTestCaseKeyword.groovy:59)
	at com.kms.katalon.core.keyword.builtin.CallTestCaseKeyword$_callTestCase_closure1.call(CallTestCaseKeyword.groovy)
	at com.kms.katalon.core.keyword.internal.KeywordMain.runKeyword(KeywordMain.groovy:54)
	at com.kms.katalon.core.keyword.builtin.CallTestCaseKeyword.callTestCase(CallTestCaseKeyword.groovy:80)
	at com.kms.katalon.core.keyword.builtin.CallTestCaseKeyword.execute(CallTestCaseKeyword.groovy:44)
	at com.kms.katalon.core.keyword.internal.KeywordExecutor.executeKeywordForPlatform(KeywordExecutor.groovy:53)
	at com.kms.katalon.core.keyword.BuiltinKeywords.callTestCase(BuiltinKeywords.groovy:334)
	at OTC_Submit Form 7_End to End - Cheque.run(OTC_Submit Form 7_End to End - Cheque:26)
	at com.kms.katalon.core.main.ScriptEngine.run(ScriptEngine.java:194)
	at com.kms.katalon.core.main.ScriptEngine.runScriptAsRawText(ScriptEngine.java:119)
	at com.kms.katalon.core.main.TestCaseExecutor.runScript(TestCaseExecutor.java:328)
	at com.kms.katalon.core.main.TestCaseExecutor.doExecute(TestCaseExecutor.java:319)
	at com.kms.katalon.core.main.TestCaseExecutor.processExecutionPhase(TestCaseExecutor.java:298)
	at com.kms.katalon.core.main.TestCaseExecutor.accessMainPhase(TestCaseExecutor.java:290)
	at com.kms.katalon.core.main.TestCaseExecutor.execute(TestCaseExecutor.java:224)
	at com.kms.katalon.core.main.TestCaseMain.runTestCase(TestCaseMain.java:106)
	at com.kms.katalon.core.keyword.builtin.CallTestCaseKeyword$_callTestCase_closure1.doCall(CallTestCaseKeyword.groovy:59)
	at com.kms.katalon.core.keyword.builtin.CallTestCaseKeyword$_callTestCase_closure1.call(CallTestCaseKeyword.groovy)
	at com.kms.katalon.core.keyword.internal.KeywordMain.runKeyword(KeywordMain.groovy:54)
	at com.kms.katalon.core.keyword.builtin.CallTestCaseKeyword.callTestCase(CallTestCaseKeyword.groovy:80)
	at com.kms.katalon.core.keyword.builtin.CallTestCaseKeyword.execute(CallTestCaseKeyword.groovy:44)
	at com.kms.katalon.core.keyword.internal.KeywordExecutor.executeKeywordForPlatform(KeywordExecutor.groovy:53)
	at com.kms.katalon.core.keyword.BuiltinKeywords.callTestCase(BuiltinKeywords.groovy:334)
	at Cross branch - EIO.run(Cross branch - EIO:16)
	at com.kms.katalon.core.main.ScriptEngine.run(ScriptEngine.java:194)
	at com.kms.katalon.core.main.ScriptEngine.runScriptAsRawText(ScriptEngine.java:119)
	at com.kms.katalon.core.main.TestCaseExecutor.runScript(TestCaseExecutor.java:328)
	at com.kms.katalon.core.main.TestCaseExecutor.doExecute(TestCaseExecutor.java:319)
	at com.kms.katalon.core.main.TestCaseExecutor.processExecutionPhase(TestCaseExecutor.java:298)
	at com.kms.katalon.core.main.TestCaseExecutor.accessMainPhase(TestCaseExecutor.java:290)
	at com.kms.katalon.core.main.TestCaseExecutor.execute(TestCaseExecutor.java:224)
	at com.kms.katalon.core.main.TestSuiteExecutor.accessTestCaseMainPhase(TestSuiteExecutor.java:129)
	at com.kms.katalon.core.main.TestSuiteExecutor.accessTestSuiteMainPhase(TestSuiteExecutor.java:112)
	at com.kms.katalon.core.main.TestSuiteExecutor.execute(TestSuiteExecutor.java:81)
	at com.kms.katalon.core.main.TestCaseMain.startTestSuite(TestCaseMain.java:149)
	at com.kms.katalon.core.main.TestCaseMain$startTestSuite$0.call(Unknown Source)
	at TempTestSuite1550652525208.run(TempTestSuite1550652525208.groovy:36)


2019-02-20 18:37:18 - [TEST_STEP][PASSED] - callTestCase(findTestCase("All TC/Arranged/3. Unit/EI/Form 7_default/OTC_Application_Reg"), [:], STOP_ON_FAILURE): Call Test Case 'Test Cases/All TC/Arranged/3. Unit/EI/Form 7_default/OTC_Application_Reg' successfully

2019-02-20 18:37:18 - [TEST_CASE][PASSED] - Test Cases/All TC/Arranged/3. Unit/EI/Form 7_default/OTC_Application_Reg: Test Cases/All TC/Arranged/3. Unit/EI/Form 7_default/OTC_Application_Reg

2019-02-20 18:37:18 - [TEST_STEP][PASSED] - openBrowser(""): Browser is opened with url: ''

2019-02-20 18:37:18 - [MESSAGE][WARNING] - A browser is already opened. Closing browser and opening a new one

2019-02-20 18:37:20 - [MESSAGE][INFO] - Starting 'Chrome' driver

2019-02-20 18:37:20 - [MESSAGE][INFO] - User set preference: ['args', '[--start-maximized]']

2019-02-20 18:37:24 - [MESSAGE][PASSED] - Browser is opened with url: ''

2019-02-20 18:37:24 - [TEST_STEP][PASSED] - navigateToUrl(Internal_Login): Navigate to 'http://10.20.24.188/eisportal/user/login' successfully

2019-02-20 18:37:26 - [MESSAGE][PASSED] - Navigate to 'http://10.20.24.188/eisportal/user/login' successfully

2019-02-20 18:37:26 - [TEST_STEP][PASSED] - delay(3): Delayed 3 second(s)

2019-02-20 18:37:29 - [MESSAGE][PASSED] - Delayed 3 second(s)

2019-02-20 18:37:29 - [TEST_STEP][PASSED] - setText(findTestObject("KeatMun/Form 7_default/OTC_Application_Reg/Page_PERKESO/1.username"), "faizal.hamid@perkeso.gov.my"): Text 'faizal.hamid@perkeso.gov.my' is set on object 'Object Repository/KeatMun/Form 7_default/OTC_Application_Reg/Page_PERKESO/1.username'

2019-02-20 18:37:33 - [MESSAGE][PASSED] - Text 'faizal.hamid@perkeso.gov.my' is set on object 'Object Repository/KeatMun/Form 7_default/OTC_Application_Reg/Page_PERKESO/1.username'

2019-02-20 18:37:33 - [TEST_STEP][PASSED] - delay(1): Delayed 1 second(s)

2019-02-20 18:37:34 - [MESSAGE][PASSED] - Delayed 1 second(s)

2019-02-20 18:37:34 - [TEST_STEP][PASSED] - setEncryptedText(findTestObject("KeatMun/Form 7_default/OTC_Application_Reg/Page_PERKESO/2.password"), "CQqwFZlbeC8="): Text ****** has been set on object 'Object Repository/KeatMun/Form 7_default/OTC_Application_Reg/Page_PERKESO/2.password'

2019-02-20 18:37:37 - [MESSAGE][PASSED] - Text ****** has been set on object 'Object Repository/KeatMun/Form 7_default/OTC_Application_Reg/Page_PERKESO/2.password'

2019-02-20 18:37:37 - [TEST_STEP][PASSED] - delay(2): Delayed 2 second(s)

2019-02-20 18:37:39 - [MESSAGE][PASSED] - Delayed 2 second(s)

2019-02-20 18:37:39 - [TEST_STEP][PASSED] - click(findTestObject("KeatMun/Form 7_default/OTC_Application_Reg/Page_PERKESO/3.login button")): Object: 'Object Repository/KeatMun/Form 7_default/OTC_Application_Reg/Page_PERKESO/3.login button' is clicked on

2019-02-20 18:37:42 - [MESSAGE][PASSED] - Object: 'Object Repository/KeatMun/Form 7_default/OTC_Application_Reg/Page_PERKESO/3.login button' is clicked on

2019-02-20 18:37:42 - [TEST_STEP][PASSED] - delay(2): Delayed 2 second(s)

2019-02-20 18:37:44 - [MESSAGE][PASSED] - Delayed 2 second(s)

2019-02-20 18:37:44 - [TEST_STEP][PASSED] - click(findTestObject("KeatMun/Form 7_default/OTC_Application_Reg/Page_PERKESO/4. Permohonan tab")): Object: 'Object Repository/KeatMun/Form 7_default/OTC_Application_Reg/Page_PERKESO/4. Permohonan tab' is clicked on

2019-02-20 18:37:47 - [MESSAGE][PASSED] - Object: 'Object Repository/KeatMun/Form 7_default/OTC_Application_Reg/Page_PERKESO/4. Permohonan tab' is clicked on

2019-02-20 18:37:47 - [TEST_STEP][PASSED] - delay(2): Delayed 2 second(s)

2019-02-20 18:37:49 - [MESSAGE][PASSED] - Delayed 2 second(s)

2019-02-20 18:37:49 - [TEST_STEP][PASSED] - click(findTestObject("KeatMun/Form 7_default/OTC_Application_Reg/Page_PERKESO/5.button_Setuju")): Object: 'Object Repository/KeatMun/Form 7_default/OTC_Application_Reg/Page_PERKESO/5.button_Setuju' is clicked on

2019-02-20 18:37:52 - [MESSAGE][PASSED] - Object: 'Object Repository/KeatMun/Form 7_default/OTC_Application_Reg/Page_PERKESO/5.button_Setuju' is clicked on

2019-02-20 18:37:52 - [TEST_STEP][PASSED] - delay(2): Delayed 2 second(s)

2019-02-20 18:37:54 - [MESSAGE][PASSED] - Delayed 2 second(s)

2019-02-20 18:37:54 - [TEST_STEP][PASSED] - callTestCase(findTestCase("All TC/Arranged/1. Common/IC List Checker"), [:], STOP_ON_FAILURE): Call Test Case 'Test Cases/All TC/Arranged/1. Common/IC List Checker' successfully

2019-02-20 18:37:54 - [TEST_CASE][PASSED] - Test Cases/All TC/Arranged/1. Common/IC List Checker: Test Cases/All TC/Arranged/1. Common/IC List Checker

2019-02-20 18:37:54 - [TEST_STEP][PASSED] - counter = 0: null

2019-02-20 18:37:54 - [TEST_STEP][PASSED] - fis = new java.io.FileInputStream((internal.GlobalVariable.TextFilePathCommon + \IC.xlsx)): null

2019-02-20 18:37:54 - [TEST_STEP][PASSED] - workbook = new org.apache.poi.xssf.usermodel.XSSFWorkbook(fis): null

2019-02-20 18:37:54 - [TEST_STEP][PASSED] - sheet = workbook.getSheet("Sheet1"): null

2019-02-20 18:37:54 - [TEST_STEP][PASSED] - totalRow = sheet.getLastRowNum(): null

2019-02-20 18:37:54 - [TEST_STEP][PASSED] - out.println(totalRow): null

2019-02-20 18:37:54 - [TEST_STEP][PASSED] - row = sheet.getRow(counter): null

2019-02-20 18:37:54 - [TEST_STEP][PASSED] - cell = row.getCell(counter): null

2019-02-20 18:37:54 - [TEST_STEP][PASSED] - a = cell.getStringCellValue(): null

2019-02-20 18:37:54 - [TEST_STEP][PASSED] - IC = a: null

2019-02-20 18:37:54 - [TEST_STEP][PASSED] - out.println(IC): null

2019-02-20 18:37:54 - [TEST_STEP][PASSED] - callTestCase(findTestCase("All TC/Arranged/1. Common/1.2 Setter/Setter IC"), [:], STOP_ON_FAILURE): Call Test Case 'Test Cases/All TC/Arranged/1. Common/1.2 Setter/Setter IC' successfully

2019-02-20 18:37:54 - [TEST_CASE][PASSED] - Test Cases/All TC/Arranged/1. Common/1.2 Setter/Setter IC: Test Cases/All TC/Arranged/1. Common/1.2 Setter/Setter IC

2019-02-20 18:37:54 - [TEST_STEP][PASSED] - RefNoOldFile = new java.io.File((internal.GlobalVariable.TextFilePathCommon + \getIC.txt)): null

2019-02-20 18:37:54 - [TEST_STEP][PASSED] - RefNoOldFile.delete(): null

2019-02-20 18:37:54 - [TEST_STEP][PASSED] - delay(5): Delayed 5 second(s)

2019-02-20 18:37:59 - [MESSAGE][PASSED] - Delayed 5 second(s)

2019-02-20 18:37:59 - [TEST_STEP][PASSED] - RefNo = new java.io.File((internal.GlobalVariable.TextFilePathCommon + \getIC.txt)): null

2019-02-20 18:37:59 - [TEST_STEP][PASSED] - f2 = new java.io.FileWriter(RefNo, false): null

2019-02-20 18:37:59 - [TEST_STEP][PASSED] - f2.write(IC): null

2019-02-20 18:37:59 - [TEST_STEP][PASSED] - f2.close(): null

2019-02-20 18:37:59 - [TEST_STEP][PASSED] - out.println("


" + IC + "


"): null

2019-02-20 18:37:59 - [MESSAGE][PASSED] - Call Test Case 'Test Cases/All TC/Arranged/1. Common/1.2 Setter/Setter IC' successfully

2019-02-20 18:37:59 - [MESSAGE][PASSED] - Call Test Case 'Test Cases/All TC/Arranged/1. Common/IC List Checker' successfully

2019-02-20 18:37:59 - [TEST_STEP][PASSED] - setText(findTestObject("KeatMun/Form 7_default/OTC_Application_Reg/Page_PERKESO/6.No. Kad Pengenalan"), IC): Text '861023436638' is set on object 'Object Repository/KeatMun/Form 7_default/OTC_Application_Reg/Page_PERKESO/6.No. Kad Pengenalan'

2019-02-20 18:38:03 - [MESSAGE][PASSED] - Text '861023436638' is set on object 'Object Repository/KeatMun/Form 7_default/OTC_Application_Reg/Page_PERKESO/6.No. Kad Pengenalan'

2019-02-20 18:38:03 - [TEST_STEP][PASSED] - delay(2): Delayed 2 second(s)

2019-02-20 18:38:05 - [MESSAGE][PASSED] - Delayed 2 second(s)

2019-02-20 18:38:05 - [TEST_STEP][PASSED] - click(findTestObject("KeatMun/Form 7_default/OTC_Application_Reg/Page_PERKESO/7.button_Semak")): Object: 'Object Repository/KeatMun/Form 7_default/OTC_Application_Reg/Page_PERKESO/7.button_Semak' is clicked on

2019-02-20 18:38:07 - [MESSAGE][PASSED] - Object: 'Object Repository/KeatMun/Form 7_default/OTC_Application_Reg/Page_PERKESO/7.button_Semak' is clicked on

2019-02-20 18:38:07 - [TEST_STEP][PASSED] - delay(4): Delayed 4 second(s)

2019-02-20 18:38:11 - [MESSAGE][PASSED] - Delayed 4 second(s)

2019-02-20 18:38:11 - [TEST_STEP][PASSED] - click(findTestObject("KeatMun/Form 7_default/OTC_Application_Reg/Page_PERKESO/8. Nama Majikan Dropdown")): Object: 'Object Repository/KeatMun/Form 7_default/OTC_Application_Reg/Page_PERKESO/8. Nama Majikan Dropdown' is clicked on

2019-02-20 18:38:14 - [MESSAGE][PASSED] - Object: 'Object Repository/KeatMun/Form 7_default/OTC_Application_Reg/Page_PERKESO/8. Nama Majikan Dropdown' is clicked on

2019-02-20 18:38:14 - [TEST_STEP][PASSED] - setText(findTestObject("KeatMun/Form 7_default/OTC_Application_Reg/Page_PERKESO/8. LOE emp"), "pet"): Text 'pet' is set on object 'Object Repository/KeatMun/Form 7_default/OTC_Application_Reg/Page_PERKESO/8. LOE emp'

2019-02-20 18:38:18 - [MESSAGE][PASSED] - Text 'pet' is set on object 'Object Repository/KeatMun/Form 7_default/OTC_Application_Reg/Page_PERKESO/8. LOE emp'

2019-02-20 18:38:18 - [TEST_STEP][PASSED] - click(findTestObject("KeatMun/Form 7_default/OTC_Application_Reg/Page_PERKESO/8. PETRONAS")): Object: 'Object Repository/KeatMun/Form 7_default/OTC_Application_Reg/Page_PERKESO/8. PETRONAS' is clicked on

2019-02-20 18:38:20 - [MESSAGE][PASSED] - Object: 'Object Repository/KeatMun/Form 7_default/OTC_Application_Reg/Page_PERKESO/8. PETRONAS' is clicked on

2019-02-20 18:38:20 - [TEST_STEP][PASSED] - delay(2): Delayed 2 second(s)

2019-02-20 18:38:22 - [MESSAGE][PASSED] - Delayed 2 second(s)

2019-02-20 18:38:22 - [TEST_STEP][PASSED] - setText(findTestObject("KeatMun/Form 7_default/OTC_Application_Reg/Page_PERKESO/9.Tarikh kehilangan pkj"), "10/01/2019"): Text '10/01/2019' is set on object 'Object Repository/KeatMun/Form 7_default/OTC_Application_Reg/Page_PERKESO/9.Tarikh kehilangan pkj'

2019-02-20 18:38:26 - [MESSAGE][PASSED] - Text '10/01/2019' is set on object 'Object Repository/KeatMun/Form 7_default/OTC_Application_Reg/Page_PERKESO/9.Tarikh kehilangan pkj'

2019-02-20 18:38:26 - [TEST_STEP][PASSED] - delay(2): Delayed 2 second(s)

2019-02-20 18:38:28 - [MESSAGE][PASSED] - Delayed 2 second(s)

2019-02-20 18:38:28 - [TEST_STEP][PASSED] - click(findTestObject("KeatMun/Form 7_default/OTC_Application_Reg/Page_PERKESO/9. Date Picker Done Button ")): Object: 'Object Repository/KeatMun/Form 7_default/OTC_Application_Reg/Page_PERKESO/9. Date Picker Done Button ' is clicked on

2019-02-20 18:38:30 - [MESSAGE][PASSED] - Object: 'Object Repository/KeatMun/Form 7_default/OTC_Application_Reg/Page_PERKESO/9. Date Picker Done Button ' is clicked on

2019-02-20 18:38:30 - [TEST_STEP][PASSED] - delay(2): Delayed 2 second(s)

2019-02-20 18:38:32 - [MESSAGE][PASSED] - Delayed 2 second(s)

2019-02-20 18:38:32 - [TEST_STEP][PASSED] - click(findTestObject("KeatMun/Form 7_default/OTC_Application_Reg/Page_PERKESO/10.button_Mohon")): Object: 'Object Repository/KeatMun/Form 7_default/OTC_Application_Reg/Page_PERKESO/10.button_Mohon' is clicked on

2019-02-20 18:38:35 - [MESSAGE][PASSED] - Object: 'Object Repository/KeatMun/Form 7_default/OTC_Application_Reg/Page_PERKESO/10.button_Mohon' is clicked on

2019-02-20 18:38:35 - [TEST_STEP][PASSED] - delay(2): Delayed 2 second(s)

2019-02-20 18:38:37 - [MESSAGE][PASSED] - Delayed 2 second(s)

2019-02-20 18:38:37 - [TEST_STEP][PASSED] - setText(findTestObject("KeatMun/Form 7_default/OTC_Application_Reg/Page_PERKESO/11.Tarikh Terima_stampedDtS"), "10/01/2019"): Text '10/01/2019' is set on object 'Object Repository/KeatMun/Form 7_default/OTC_Application_Reg/Page_PERKESO/11.Tarikh Terima_stampedDtS'

2019-02-20 18:38:41 - [MESSAGE][PASSED] - Text '10/01/2019' is set on object 'Object Repository/KeatMun/Form 7_default/OTC_Application_Reg/Page_PERKESO/11.Tarikh Terima_stampedDtS'

2019-02-20 18:38:41 - [TEST_STEP][PASSED] - delay(2): Delayed 2 second(s)

2019-02-20 18:38:43 - [MESSAGE][PASSED] - Delayed 2 second(s)

2019-02-20 18:38:43 - [TEST_STEP][PASSED] - click(findTestObject("KeatMun/Form 7_default/OTC_Application_Reg/Page_PERKESO/11. Date Picker Done Button")): Object: 'Object Repository/KeatMun/Form 7_default/OTC_Application_Reg/Page_PERKESO/11. Date Picker Done Button' is clicked on

2019-02-20 18:38:45 - [MESSAGE][PASSED] - Object: 'Object Repository/KeatMun/Form 7_default/OTC_Application_Reg/Page_PERKESO/11. Date Picker Done Button' is clicked on

2019-02-20 18:38:45 - [TEST_STEP][PASSED] - delay(2): Delayed 2 second(s)

2019-02-20 18:38:47 - [MESSAGE][PASSED] - Delayed 2 second(s)

2019-02-20 18:38:47 - [TEST_STEP][PASSED] - click(findTestObject("KeatMun/Form 7_default/OTC_Application_Reg/Page_PERKESO/11.button_TERUSKAN")): Object: 'Object Repository/KeatMun/Form 7_default/OTC_Application_Reg/Page_PERKESO/11.button_TERUSKAN' is clicked on

2019-02-20 18:38:49 - [MESSAGE][PASSED] - Object: 'Object Repository/KeatMun/Form 7_default/OTC_Application_Reg/Page_PERKESO/11.button_TERUSKAN' is clicked on

2019-02-20 18:38:49 - [TEST_STEP][PASSED] - delay(2): Delayed 2 second(s)

2019-02-20 18:38:51 - [MESSAGE][PASSED] - Delayed 2 second(s)

2019-02-20 18:38:51 - [TEST_STEP][PASSED] - selectOptionByValue(findTestObject("KeatMun/Form 7_default/OTC_Application_Reg/Page_PERKESO/12.--Sila Pilih--PejabatPKS"), "22", true): All options with value '22' are selected in object 'Object Repository/KeatMun/Form 7_default/OTC_Application_Reg/Page_PERKESO/12.--Sila Pilih--PejabatPKS'  using regular expression

2019-02-20 18:40:21 - [MESSAGE][PASSED] - All options with value '22' are selected in object 'Object Repository/KeatMun/Form 7_default/OTC_Application_Reg/Page_PERKESO/12.--Sila Pilih--PejabatPKS'  using regular expression

2019-02-20 18:40:21 - [TEST_STEP][PASSED] - delay(2): Delayed 2 second(s)

2019-02-20 18:40:23 - [MESSAGE][PASSED] - Delayed 2 second(s)

2019-02-20 18:40:23 - [TEST_STEP][PASSED] - click(findTestObject("KeatMun/Form 7_default/OTC_Application_Reg/Page_PERKESO/13. Halaman Seterusnya")): Object: 'Object Repository/KeatMun/Form 7_default/OTC_Application_Reg/Page_PERKESO/13. Halaman Seterusnya' is clicked on

2019-02-20 18:40:25 - [MESSAGE][PASSED] - Object: 'Object Repository/KeatMun/Form 7_default/OTC_Application_Reg/Page_PERKESO/13. Halaman Seterusnya' is clicked on

2019-02-20 18:40:25 - [MESSAGE][PASSED] - Call Test Case 'Test Cases/All TC/Arranged/3. Unit/EI/Form 7_default/OTC_Application_Reg' successfully

2019-02-20 18:40:25 - [TEST_STEP][PASSED] - callTestCase(findTestCase("All TC/Arranged/3. Unit/EI/Form 7_default/OTC_Submit Form 7_Section A"), [:], STOP_ON_FAILURE): Call Test Case 'Test Cases/All TC/Arranged/3. Unit/EI/Form 7_default/OTC_Submit Form 7_Section A' successfully

2019-02-20 18:40:25 - [TEST_CASE][PASSED] - Test Cases/All TC/Arranged/3. Unit/EI/Form 7_default/OTC_Submit Form 7_Section A: Test Cases/All TC/Arranged/3. Unit/EI/Form 7_default/OTC_Submit Form 7_Section A

2019-02-20 18:40:25 - [TEST_STEP][PASSED] - delay(2): Delayed 2 second(s)

2019-02-20 18:40:27 - [MESSAGE][PASSED] - Delayed 2 second(s)

2019-02-20 18:40:27 - [TEST_STEP][PASSED] - setText(findTestObject("KeatMun/Form 7_default/OTC_Submit Form 7_Section A/Page_PERKESO/A4. EmployeeDob"), "10/01/2019"): Text '10/01/2019' is set on object 'Object Repository/KeatMun/Form 7_default/OTC_Submit Form 7_Section A/Page_PERKESO/A4. EmployeeDob'

2019-02-20 18:40:32 - [MESSAGE][PASSED] - Text '10/01/2019' is set on object 'Object Repository/KeatMun/Form 7_default/OTC_Submit Form 7_Section A/Page_PERKESO/A4. EmployeeDob'

2019-02-20 18:40:32 - [TEST_STEP][PASSED] - delay(2): Delayed 2 second(s)

2019-02-20 18:40:34 - [MESSAGE][PASSED] - Delayed 2 second(s)

2019-02-20 18:40:34 - [TEST_STEP][PASSED] - click(findTestObject("KeatMun/Form 7_default/OTC_Submit Form 7_Section A/Page_PERKESO/A5. Bangsa")): Object: 'Object Repository/KeatMun/Form 7_default/OTC_Submit Form 7_Section A/Page_PERKESO/A5. Bangsa' is clicked on

2019-02-20 18:40:36 - [MESSAGE][PASSED] - Object: 'Object Repository/KeatMun/Form 7_default/OTC_Submit Form 7_Section A/Page_PERKESO/A5. Bangsa' is clicked on

2019-02-20 18:40:36 - [TEST_STEP][PASSED] - click(findTestObject("KeatMun/Form 7_default/OTC_Submit Form 7_Section A/Page_PERKESO/A5. Bumiputera Sabah")): Object: 'Object Repository/KeatMun/Form 7_default/OTC_Submit Form 7_Section A/Page_PERKESO/A5. Bumiputera Sabah' is clicked on

2019-02-20 18:40:38 - [MESSAGE][PASSED] - Object: 'Object Repository/KeatMun/Form 7_default/OTC_Submit Form 7_Section A/Page_PERKESO/A5. Bumiputera Sabah' is clicked on

2019-02-20 18:40:38 - [TEST_STEP][PASSED] - delay(2): Delayed 2 second(s)

2019-02-20 18:40:40 - [MESSAGE][PASSED] - Delayed 2 second(s)

2019-02-20 18:40:40 - [TEST_STEP][PASSED] - click(findTestObject("KeatMun/Form 7_default/OTC_Submit Form 7_Section A/Page_PERKESO/A6. Jantina")): Object: 'Object Repository/KeatMun/Form 7_default/OTC_Submit Form 7_Section A/Page_PERKESO/A6. Jantina' is clicked on

2019-02-20 18:40:42 - [MESSAGE][PASSED] - Object: 'Object Repository/KeatMun/Form 7_default/OTC_Submit Form 7_Section A/Page_PERKESO/A6. Jantina' is clicked on

2019-02-20 18:40:42 - [TEST_STEP][PASSED] - click(findTestObject("KeatMun/Form 7_default/OTC_Submit Form 7_Section A/Page_PERKESO/A6. Lelaki")): Object: 'Object Repository/KeatMun/Form 7_default/OTC_Submit Form 7_Section A/Page_PERKESO/A6. Lelaki' is clicked on

2019-02-20 18:40:44 - [MESSAGE][PASSED] - Object: 'Object Repository/KeatMun/Form 7_default/OTC_Submit Form 7_Section A/Page_PERKESO/A6. Lelaki' is clicked on

2019-02-20 18:40:44 - [TEST_STEP][PASSED] - delay(2): Delayed 2 second(s)

2019-02-20 18:40:46 - [MESSAGE][PASSED] - Delayed 2 second(s)

2019-02-20 18:40:46 - [TEST_STEP][PASSED] - click(findTestObject("KeatMun/Form 7_default/OTC_Submit Form 7_Section A/Page_PERKESO/A7. Kewarganegaraan")): Object: 'Object Repository/KeatMun/Form 7_default/OTC_Submit Form 7_Section A/Page_PERKESO/A7. Kewarganegaraan' is clicked on

2019-02-20 18:40:49 - [MESSAGE][PASSED] - Object: 'Object Repository/KeatMun/Form 7_default/OTC_Submit Form 7_Section A/Page_PERKESO/A7. Kewarganegaraan' is clicked on

2019-02-20 18:40:49 - [TEST_STEP][PASSED] - click(findTestObject("KeatMun/Form 7_default/OTC_Submit Form 7_Section A/Page_PERKESO/A7. Malaysia")): Object: 'Object Repository/KeatMun/Form 7_default/OTC_Submit Form 7_Section A/Page_PERKESO/A7. Malaysia' is clicked on

2019-02-20 18:40:51 - [MESSAGE][PASSED] - Object: 'Object Repository/KeatMun/Form 7_default/OTC_Submit Form 7_Section A/Page_PERKESO/A7. Malaysia' is clicked on

2019-02-20 18:40:51 - [TEST_STEP][PASSED] - delay(2): Delayed 2 second(s)

2019-02-20 18:40:53 - [MESSAGE][PASSED] - Delayed 2 second(s)

2019-02-20 18:40:53 - [TEST_STEP][PASSED] - click(findTestObject("KeatMun/Form 7_default/OTC_Submit Form 7_Section A/Page_PERKESO/A8. Status Perkahwinan")): Object: 'Object Repository/KeatMun/Form 7_default/OTC_Submit Form 7_Section A/Page_PERKESO/A8. Status Perkahwinan' is clicked on

2019-02-20 18:40:55 - [MESSAGE][PASSED] - Object: 'Object Repository/KeatMun/Form 7_default/OTC_Submit Form 7_Section A/Page_PERKESO/A8. Status Perkahwinan' is clicked on

2019-02-20 18:40:55 - [TEST_STEP][PASSED] - click(findTestObject("KeatMun/Form 7_default/OTC_Submit Form 7_Section A/Page_PERKESO/A8. Bujang")): Object: 'Object Repository/KeatMun/Form 7_default/OTC_Submit Form 7_Section A/Page_PERKESO/A8. Bujang' is clicked on

2019-02-20 18:40:57 - [MESSAGE][PASSED] - Object: 'Object Repository/KeatMun/Form 7_default/OTC_Submit Form 7_Section A/Page_PERKESO/A8. Bujang' is clicked on

2019-02-20 18:40:57 - [TEST_STEP][PASSED] - delay(2): Delayed 2 second(s)

2019-02-20 18:40:59 - [MESSAGE][PASSED] - Delayed 2 second(s)

2019-02-20 18:40:59 - [TEST_STEP][PASSED] - setText(findTestObject("KeatMun/Form 7_default/OTC_Submit Form 7_Section A/Page_PERKESO/A9. Address1"), "qwertyuiop"): Text 'qwertyuiop' is set on object 'Object Repository/KeatMun/Form 7_default/OTC_Submit Form 7_Section A/Page_PERKESO/A9. Address1'

2019-02-20 18:41:03 - [MESSAGE][PASSED] - Text 'qwertyuiop' is set on object 'Object Repository/KeatMun/Form 7_default/OTC_Submit Form 7_Section A/Page_PERKESO/A9. Address1'

2019-02-20 18:41:03 - [TEST_STEP][PASSED] - delay(2): Delayed 2 second(s)

2019-02-20 18:41:05 - [MESSAGE][PASSED] - Delayed 2 second(s)

2019-02-20 18:41:05 - [TEST_STEP][PASSED] - click(findTestObject("KeatMun/Form 7_default/OTC_Submit Form 7_Section A/Page_PERKESO/A10. Negeri")): Object: 'Object Repository/KeatMun/Form 7_default/OTC_Submit Form 7_Section A/Page_PERKESO/A10. Negeri' is clicked on

2019-02-20 18:41:07 - [MESSAGE][PASSED] - Object: 'Object Repository/KeatMun/Form 7_default/OTC_Submit Form 7_Section A/Page_PERKESO/A10. Negeri' is clicked on

2019-02-20 18:41:07 - [TEST_STEP][PASSED] - click(findTestObject("KeatMun/Form 7_default/OTC_Submit Form 7_Section A/Page_PERKESO/A10. JOHOR")): Object: 'Object Repository/KeatMun/Form 7_default/OTC_Submit Form 7_Section A/Page_PERKESO/A10. JOHOR' is clicked on

2019-02-20 18:41:10 - [MESSAGE][PASSED] - Object: 'Object Repository/KeatMun/Form 7_default/OTC_Submit Form 7_Section A/Page_PERKESO/A10. JOHOR' is clicked on

2019-02-20 18:41:10 - [TEST_STEP][PASSED] - delay(2): Delayed 2 second(s)

2019-02-20 18:41:12 - [MESSAGE][PASSED] - Delayed 2 second(s)

2019-02-20 18:41:12 - [TEST_STEP][PASSED] - click(findTestObject("KeatMun/Form 7_default/OTC_Submit Form 7_Section A/Page_PERKESO/A11. --Sila Pilih--")): Object: 'Object Repository/KeatMun/Form 7_default/OTC_Submit Form 7_Section A/Page_PERKESO/A11. --Sila Pilih--' is clicked on

2019-02-20 18:41:14 - [MESSAGE][PASSED] - Object: 'Object Repository/KeatMun/Form 7_default/OTC_Submit Form 7_Section A/Page_PERKESO/A11. --Sila Pilih--' is clicked on

2019-02-20 18:41:14 - [TEST_STEP][PASSED] - setText(findTestObject("KeatMun/Form 7_default/OTC_Submit Form 7_Section A/Page_PERKESO/A11. Done_select2-search__fie (1)"), "jo"): Text 'jo' is set on object 'Object Repository/KeatMun/Form 7_default/OTC_Submit Form 7_Section A/Page_PERKESO/A11. Done_select2-search__fie (1)'

2019-02-20 18:41:18 - [MESSAGE][PASSED] - Text 'jo' is set on object 'Object Repository/KeatMun/Form 7_default/OTC_Submit Form 7_Section A/Page_PERKESO/A11. Done_select2-search__fie (1)'

2019-02-20 18:41:18 - [TEST_STEP][PASSED] - setText(findTestObject("KeatMun/Form 7_default/OTC_Submit Form 7_Section A/Page_PERKESO/A11. concat(id(  select2-city"), "jo"): Text 'jo' is set on object 'Object Repository/KeatMun/Form 7_default/OTC_Submit Form 7_Section A/Page_PERKESO/A11. concat(id(  select2-city'

2019-02-20 18:41:22 - [MESSAGE][PASSED] - Text 'jo' is set on object 'Object Repository/KeatMun/Form 7_default/OTC_Submit Form 7_Section A/Page_PERKESO/A11. concat(id(  select2-city'

2019-02-20 18:41:22 - [TEST_STEP][PASSED] - click(findTestObject("KeatMun/Form 7_default/OTC_Submit Form 7_Section A/Page_PERKESO/A11. JOHOR BAHRU")): Object: 'Object Repository/KeatMun/Form 7_default/OTC_Submit Form 7_Section A/Page_PERKESO/A11. JOHOR BAHRU' is clicked on

2019-02-20 18:41:24 - [MESSAGE][PASSED] - Object: 'Object Repository/KeatMun/Form 7_default/OTC_Submit Form 7_Section A/Page_PERKESO/A11. JOHOR BAHRU' is clicked on

2019-02-20 18:41:24 - [TEST_STEP][PASSED] - delay(2): Delayed 2 second(s)

2019-02-20 18:41:26 - [MESSAGE][PASSED] - Delayed 2 second(s)

2019-02-20 18:41:26 - [TEST_STEP][PASSED] - click(findTestObject("KeatMun/Form 7_default/OTC_Submit Form 7_Section A/Page_PERKESO/A12. --Sila Isikan--")): Object: 'Object Repository/KeatMun/Form 7_default/OTC_Submit Form 7_Section A/Page_PERKESO/A12. --Sila Isikan--' is clicked on

2019-02-20 18:41:28 - [MESSAGE][PASSED] - Object: 'Object Repository/KeatMun/Form 7_default/OTC_Submit Form 7_Section A/Page_PERKESO/A12. --Sila Isikan--' is clicked on

2019-02-20 18:41:28 - [TEST_STEP][PASSED] - setText(findTestObject("KeatMun/Form 7_default/OTC_Submit Form 7_Section A/Page_PERKESO/A11. Done_select2-search__fie"), "84"): Text '84' is set on object 'Object Repository/KeatMun/Form 7_default/OTC_Submit Form 7_Section A/Page_PERKESO/A11. Done_select2-search__fie'

2019-02-20 18:41:33 - [MESSAGE][PASSED] - Text '84' is set on object 'Object Repository/KeatMun/Form 7_default/OTC_Submit Form 7_Section A/Page_PERKESO/A11. Done_select2-search__fie'

2019-02-20 18:41:33 - [TEST_STEP][PASSED] - click(findTestObject("KeatMun/Form 7_default/OTC_Submit Form 7_Section A/Page_PERKESO/A12. 84000")): Object: 'Object Repository/KeatMun/Form 7_default/OTC_Submit Form 7_Section A/Page_PERKESO/A12. 84000' is clicked on

2019-02-20 18:41:35 - [MESSAGE][PASSED] - Object: 'Object Repository/KeatMun/Form 7_default/OTC_Submit Form 7_Section A/Page_PERKESO/A12. 84000' is clicked on

2019-02-20 18:41:35 - [TEST_STEP][PASSED] - delay(2): Delayed 2 second(s)

2019-02-20 18:41:37 - [MESSAGE][PASSED] - Delayed 2 second(s)

2019-02-20 18:41:37 - [TEST_STEP][PASSED] - setText(findTestObject("KeatMun/Form 7_default/OTC_Submit Form 7_Section A/Page_PERKESO/A13. mobileContact1"), "1234567890"): Text '1234567890' is set on object 'Object Repository/KeatMun/Form 7_default/OTC_Submit Form 7_Section A/Page_PERKESO/A13. mobileContact1'

2019-02-20 18:41:41 - [MESSAGE][PASSED] - Text '1234567890' is set on object 'Object Repository/KeatMun/Form 7_default/OTC_Submit Form 7_Section A/Page_PERKESO/A13. mobileContact1'

2019-02-20 18:41:41 - [TEST_STEP][PASSED] - delay(2): Delayed 2 second(s)

2019-02-20 18:41:43 - [MESSAGE][PASSED] - Delayed 2 second(s)

2019-02-20 18:41:43 - [TEST_STEP][PASSED] - click(findTestObject("KeatMun/Form 7_default/OTC_Submit Form 7_Section A/Page_PERKESO/A14. Halaman Seterusnya")): Object: 'Object Repository/KeatMun/Form 7_default/OTC_Submit Form 7_Section A/Page_PERKESO/A14. Halaman Seterusnya' is clicked on

2019-02-20 18:41:45 - [MESSAGE][PASSED] - Object: 'Object Repository/KeatMun/Form 7_default/OTC_Submit Form 7_Section A/Page_PERKESO/A14. Halaman Seterusnya' is clicked on

2019-02-20 18:41:45 - [TEST_STEP][PASSED] - delay(2): Delayed 2 second(s)

2019-02-20 18:41:47 - [MESSAGE][PASSED] - Delayed 2 second(s)

2019-02-20 18:41:47 - [MESSAGE][PASSED] - Call Test Case 'Test Cases/All TC/Arranged/3. Unit/EI/Form 7_default/OTC_Submit Form 7_Section A' successfully

2019-02-20 18:41:47 - [TEST_STEP][PASSED] - callTestCase(findTestCase("All TC/Arranged/3. Unit/EI/Form 7_default/OTC_Submit Form 7_Section B"), [:], STOP_ON_FAILURE): Call Test Case 'Test Cases/All TC/Arranged/3. Unit/EI/Form 7_default/OTC_Submit Form 7_Section B' successfully

2019-02-20 18:41:47 - [TEST_CASE][PASSED] - Test Cases/All TC/Arranged/3. Unit/EI/Form 7_default/OTC_Submit Form 7_Section B: Test Cases/All TC/Arranged/3. Unit/EI/Form 7_default/OTC_Submit Form 7_Section B

2019-02-20 18:41:47 - [TEST_STEP][PASSED] - delay(3): Delayed 3 second(s)

2019-02-20 18:41:50 - [MESSAGE][PASSED] - Delayed 3 second(s)

2019-02-20 18:41:50 - [TEST_STEP][PASSED] - click(findTestObject("KeatMun/Form 7_default/OTC_Submit Form 7_Section B/Page_PERKESO/B1. Jawatan")): Object: 'Object Repository/KeatMun/Form 7_default/OTC_Submit Form 7_Section B/Page_PERKESO/B1. Jawatan' is clicked on

2019-02-20 18:41:52 - [MESSAGE][PASSED] - Object: 'Object Repository/KeatMun/Form 7_default/OTC_Submit Form 7_Section B/Page_PERKESO/B1. Jawatan' is clicked on

2019-02-20 18:41:52 - [TEST_STEP][PASSED] - setText(findTestObject("KeatMun/Form 7_default/OTC_Submit Form 7_Section B/Page_PERKESO/B1. concat(id(  select2-posi"), "re"): Text 're' is set on object 'Object Repository/KeatMun/Form 7_default/OTC_Submit Form 7_Section B/Page_PERKESO/B1. concat(id(  select2-posi'

2019-02-20 18:41:57 - [MESSAGE][PASSED] - Text 're' is set on object 'Object Repository/KeatMun/Form 7_default/OTC_Submit Form 7_Section B/Page_PERKESO/B1. concat(id(  select2-posi'

2019-02-20 18:41:57 - [TEST_STEP][PASSED] - setText(findTestObject("KeatMun/Form 7_default/OTC_Submit Form 7_Section B/Page_PERKESO/B1. Done_select2-search__fie"), "re"): Text 're' is set on object 'Object Repository/KeatMun/Form 7_default/OTC_Submit Form 7_Section B/Page_PERKESO/B1. Done_select2-search__fie'

2019-02-20 18:42:01 - [MESSAGE][PASSED] - Text 're' is set on object 'Object Repository/KeatMun/Form 7_default/OTC_Submit Form 7_Section B/Page_PERKESO/B1. Done_select2-search__fie'

2019-02-20 18:42:01 - [TEST_STEP][PASSED] - click(findTestObject("KeatMun/Form 7_default/OTC_Submit Form 7_Section B/Page_PERKESO/B1. Arkitek Reka Bentuk")): Object: 'Object Repository/KeatMun/Form 7_default/OTC_Submit Form 7_Section B/Page_PERKESO/B1. Arkitek Reka Bentuk' is clicked on

2019-02-20 18:42:03 - [MESSAGE][PASSED] - Object: 'Object Repository/KeatMun/Form 7_default/OTC_Submit Form 7_Section B/Page_PERKESO/B1. Arkitek Reka Bentuk' is clicked on

2019-02-20 18:42:03 - [TEST_STEP][PASSED] - delay(2): Delayed 2 second(s)

2019-02-20 18:42:05 - [MESSAGE][PASSED] - Delayed 2 second(s)

2019-02-20 18:42:05 - [TEST_STEP][PASSED] - setText(findTestObject("KeatMun/Form 7_default/OTC_Submit Form 7_Section B/Page_PERKESO/B2. lastEmploymentStartDtSt"), "10/01/2019"): Text '10/01/2019' is set on object 'Object Repository/KeatMun/Form 7_default/OTC_Submit Form 7_Section B/Page_PERKESO/B2. lastEmploymentStartDtSt'

2019-02-20 18:42:09 - [MESSAGE][PASSED] - Text '10/01/2019' is set on object 'Object Repository/KeatMun/Form 7_default/OTC_Submit Form 7_Section B/Page_PERKESO/B2. lastEmploymentStartDtSt'

2019-02-20 18:42:09 - [TEST_STEP][PASSED] - delay(2): Delayed 2 second(s)

2019-02-20 18:42:11 - [MESSAGE][PASSED] - Delayed 2 second(s)

2019-02-20 18:42:11 - [TEST_STEP][PASSED] - click(findTestObject("KeatMun/Form 7_default/OTC_Submit Form 7_Section B/Page_PERKESO/B4. Status Perkejaan")): Object: 'Object Repository/KeatMun/Form 7_default/OTC_Submit Form 7_Section B/Page_PERKESO/B4. Status Perkejaan' is clicked on

2019-02-20 18:42:13 - [MESSAGE][PASSED] - Object: 'Object Repository/KeatMun/Form 7_default/OTC_Submit Form 7_Section B/Page_PERKESO/B4. Status Perkejaan' is clicked on

2019-02-20 18:42:13 - [TEST_STEP][PASSED] - click(findTestObject("KeatMun/Form 7_default/OTC_Submit Form 7_Section B/Page_PERKESO/B4. Tetap")): Object: 'Object Repository/KeatMun/Form 7_default/OTC_Submit Form 7_Section B/Page_PERKESO/B4. Tetap' is clicked on

2019-02-20 18:42:16 - [MESSAGE][PASSED] - Object: 'Object Repository/KeatMun/Form 7_default/OTC_Submit Form 7_Section B/Page_PERKESO/B4. Tetap' is clicked on

2019-02-20 18:42:16 - [TEST_STEP][PASSED] - delay(2): Delayed 2 second(s)

2019-02-20 18:42:18 - [MESSAGE][PASSED] - Delayed 2 second(s)

2019-02-20 18:42:18 - [TEST_STEP][PASSED] - setText(findTestObject("KeatMun/Form 7_default/OTC_Submit Form 7_Section B/Page_PERKESO/B5. Gaji (RM)_salary1"), "4000"): Text '4000' is set on object 'Object Repository/KeatMun/Form 7_default/OTC_Submit Form 7_Section B/Page_PERKESO/B5. Gaji (RM)_salary1'

2019-02-20 18:42:22 - [MESSAGE][PASSED] - Text '4000' is set on object 'Object Repository/KeatMun/Form 7_default/OTC_Submit Form 7_Section B/Page_PERKESO/B5. Gaji (RM)_salary1'

2019-02-20 18:42:22 - [TEST_STEP][PASSED] - delay(2): Delayed 2 second(s)

2019-02-20 18:42:24 - [MESSAGE][PASSED] - Delayed 2 second(s)

2019-02-20 18:42:24 - [TEST_STEP][PASSED] - setText(findTestObject("KeatMun/Form 7_default/OTC_Submit Form 7_Section B/Page_PERKESO/B5. Gaji (RM)_salary2"), "4000"): Text '4000' is set on object 'Object Repository/KeatMun/Form 7_default/OTC_Submit Form 7_Section B/Page_PERKESO/B5. Gaji (RM)_salary2'

2019-02-20 18:42:28 - [MESSAGE][PASSED] - Text '4000' is set on object 'Object Repository/KeatMun/Form 7_default/OTC_Submit Form 7_Section B/Page_PERKESO/B5. Gaji (RM)_salary2'

2019-02-20 18:42:28 - [TEST_STEP][PASSED] - delay(2): Delayed 2 second(s)

2019-02-20 18:42:30 - [MESSAGE][PASSED] - Delayed 2 second(s)

2019-02-20 18:42:30 - [TEST_STEP][PASSED] - setText(findTestObject("KeatMun/Form 7_default/OTC_Submit Form 7_Section B/Page_PERKESO/B5. Gaji (RM)_salary3"), "4000"): Text '4000' is set on object 'Object Repository/KeatMun/Form 7_default/OTC_Submit Form 7_Section B/Page_PERKESO/B5. Gaji (RM)_salary3'

2019-02-20 18:42:34 - [MESSAGE][PASSED] - Text '4000' is set on object 'Object Repository/KeatMun/Form 7_default/OTC_Submit Form 7_Section B/Page_PERKESO/B5. Gaji (RM)_salary3'

2019-02-20 18:42:34 - [TEST_STEP][PASSED] - delay(2): Delayed 2 second(s)

2019-02-20 18:42:36 - [MESSAGE][PASSED] - Delayed 2 second(s)

2019-02-20 18:42:36 - [TEST_STEP][PASSED] - setText(findTestObject("KeatMun/Form 7_default/OTC_Submit Form 7_Section B/Page_PERKESO/B5. Gaji (RM)_salary4"), "4000"): Text '4000' is set on object 'Object Repository/KeatMun/Form 7_default/OTC_Submit Form 7_Section B/Page_PERKESO/B5. Gaji (RM)_salary4'

2019-02-20 18:42:40 - [MESSAGE][PASSED] - Text '4000' is set on object 'Object Repository/KeatMun/Form 7_default/OTC_Submit Form 7_Section B/Page_PERKESO/B5. Gaji (RM)_salary4'

2019-02-20 18:42:40 - [TEST_STEP][PASSED] - delay(2): Delayed 2 second(s)

2019-02-20 18:42:42 - [MESSAGE][PASSED] - Delayed 2 second(s)

2019-02-20 18:42:42 - [TEST_STEP][PASSED] - setText(findTestObject("KeatMun/Form 7_default/OTC_Submit Form 7_Section B/Page_PERKESO/B5. Gaji (RM)_salary5"), "4000"): Text '4000' is set on object 'Object Repository/KeatMun/Form 7_default/OTC_Submit Form 7_Section B/Page_PERKESO/B5. Gaji (RM)_salary5'

2019-02-20 18:42:47 - [MESSAGE][PASSED] - Text '4000' is set on object 'Object Repository/KeatMun/Form 7_default/OTC_Submit Form 7_Section B/Page_PERKESO/B5. Gaji (RM)_salary5'

2019-02-20 18:42:47 - [TEST_STEP][PASSED] - delay(2): Delayed 2 second(s)

2019-02-20 18:42:49 - [MESSAGE][PASSED] - Delayed 2 second(s)

2019-02-20 18:42:49 - [TEST_STEP][PASSED] - setText(findTestObject("KeatMun/Form 7_default/OTC_Submit Form 7_Section B/Page_PERKESO/B5. Gaji (RM)_salary6"), "4000"): Text '4000' is set on object 'Object Repository/KeatMun/Form 7_default/OTC_Submit Form 7_Section B/Page_PERKESO/B5. Gaji (RM)_salary6'

2019-02-20 18:42:53 - [MESSAGE][PASSED] - Text '4000' is set on object 'Object Repository/KeatMun/Form 7_default/OTC_Submit Form 7_Section B/Page_PERKESO/B5. Gaji (RM)_salary6'

2019-02-20 18:42:53 - [TEST_STEP][PASSED] - delay(2): Delayed 2 second(s)

2019-02-20 18:42:55 - [MESSAGE][PASSED] - Delayed 2 second(s)

2019-02-20 18:42:55 - [TEST_STEP][PASSED] - click(findTestObject("KeatMun/Form 7_default/OTC_Submit Form 7_Section B/Page_PERKESO/B6. Reason JobLost")): Object: 'Object Repository/KeatMun/Form 7_default/OTC_Submit Form 7_Section B/Page_PERKESO/B6. Reason JobLost' is clicked on

2019-02-20 18:42:57 - [MESSAGE][PASSED] - Object: 'Object Repository/KeatMun/Form 7_default/OTC_Submit Form 7_Section B/Page_PERKESO/B6. Reason JobLost' is clicked on

2019-02-20 18:42:57 - [TEST_STEP][PASSED] - click(findTestObject("KeatMun/Form 7_default/OTC_Submit Form 7_Section B/Page_PERKESO/B6. Bencana alam (cth banjir ke")): Object: 'Object Repository/KeatMun/Form 7_default/OTC_Submit Form 7_Section B/Page_PERKESO/B6. Bencana alam (cth banjir ke' is clicked on

2019-02-20 18:42:59 - [MESSAGE][PASSED] - Object: 'Object Repository/KeatMun/Form 7_default/OTC_Submit Form 7_Section B/Page_PERKESO/B6. Bencana alam (cth banjir ke' is clicked on

2019-02-20 18:42:59 - [TEST_STEP][PASSED] - delay(3): Delayed 3 second(s)

2019-02-20 18:43:02 - [MESSAGE][PASSED] - Delayed 3 second(s)

2019-02-20 18:43:02 - [TEST_STEP][PASSED] - setText(findTestObject("KeatMun/Form 7_default/OTC_Submit Form 7_Section B/Page_PERKESO/B7. AverageWorkingHour"), "8"): Text '8' is set on object 'Object Repository/KeatMun/Form 7_default/OTC_Submit Form 7_Section B/Page_PERKESO/B7. AverageWorkingHour'

2019-02-20 18:43:06 - [MESSAGE][PASSED] - Text '8' is set on object 'Object Repository/KeatMun/Form 7_default/OTC_Submit Form 7_Section B/Page_PERKESO/B7. AverageWorkingHour'

2019-02-20 18:43:06 - [TEST_STEP][PASSED] - delay(2): Delayed 2 second(s)

2019-02-20 18:43:08 - [MESSAGE][PASSED] - Delayed 2 second(s)

2019-02-20 18:43:08 - [TEST_STEP][PASSED] - click(findTestObject("KeatMun/Form 7_default/OTC_Submit Form 7_Section B/Page_PERKESO/B8. Tidak_compensationInd")): Object: 'Object Repository/KeatMun/Form 7_default/OTC_Submit Form 7_Section B/Page_PERKESO/B8. Tidak_compensationInd' is clicked on

2019-02-20 18:43:10 - [MESSAGE][PASSED] - Object: 'Object Repository/KeatMun/Form 7_default/OTC_Submit Form 7_Section B/Page_PERKESO/B8. Tidak_compensationInd' is clicked on

2019-02-20 18:43:10 - [TEST_STEP][PASSED] - delay(1): Delayed 1 second(s)

2019-02-20 18:43:11 - [MESSAGE][PASSED] - Delayed 1 second(s)

2019-02-20 18:43:11 - [TEST_STEP][PASSED] - click(findTestObject("KeatMun/Form 7_default/OTC_Submit Form 7_Section B/Page_PERKESO/B9. Tidak_fileCaseInd")): Object: 'Object Repository/KeatMun/Form 7_default/OTC_Submit Form 7_Section B/Page_PERKESO/B9. Tidak_fileCaseInd' is clicked on

2019-02-20 18:43:14 - [MESSAGE][PASSED] - Object: 'Object Repository/KeatMun/Form 7_default/OTC_Submit Form 7_Section B/Page_PERKESO/B9. Tidak_fileCaseInd' is clicked on

2019-02-20 18:43:14 - [TEST_STEP][PASSED] - delay(1): Delayed 1 second(s)

2019-02-20 18:43:15 - [MESSAGE][PASSED] - Delayed 1 second(s)

2019-02-20 18:43:15 - [TEST_STEP][PASSED] - click(findTestObject("KeatMun/Form 7_default/OTC_Submit Form 7_Section B/Page_PERKESO/B10. Tidak_unregisterCaseInd")): Object: 'Object Repository/KeatMun/Form 7_default/OTC_Submit Form 7_Section B/Page_PERKESO/B10. Tidak_unregisterCaseInd' is clicked on

2019-02-20 18:43:17 - [MESSAGE][PASSED] - Object: 'Object Repository/KeatMun/Form 7_default/OTC_Submit Form 7_Section B/Page_PERKESO/B10. Tidak_unregisterCaseInd' is clicked on

2019-02-20 18:43:17 - [TEST_STEP][PASSED] - delay(2): Delayed 2 second(s)

2019-02-20 18:43:19 - [MESSAGE][PASSED] - Delayed 2 second(s)

2019-02-20 18:43:19 - [TEST_STEP][PASSED] - click(findTestObject("KeatMun/Form 7_default/OTC_Submit Form 7_Section B/Page_PERKESO/B11. Halaman Seterusnya")): Object: 'Object Repository/KeatMun/Form 7_default/OTC_Submit Form 7_Section B/Page_PERKESO/B11. Halaman Seterusnya' is clicked on

2019-02-20 18:43:21 - [MESSAGE][PASSED] - Object: 'Object Repository/KeatMun/Form 7_default/OTC_Submit Form 7_Section B/Page_PERKESO/B11. Halaman Seterusnya' is clicked on

2019-02-20 18:43:21 - [TEST_STEP][PASSED] - delay(3): Delayed 3 second(s)

2019-02-20 18:43:24 - [MESSAGE][PASSED] - Delayed 3 second(s)

2019-02-20 18:43:24 - [MESSAGE][PASSED] - Call Test Case 'Test Cases/All TC/Arranged/3. Unit/EI/Form 7_default/OTC_Submit Form 7_Section B' successfully

2019-02-20 18:43:24 - [TEST_STEP][PASSED] - callTestCase(findTestCase("All TC/Arranged/3. Unit/EI/Form 7_default/OTC_Submit Form 7_Section C"), [:], STOP_ON_FAILURE): Call Test Case 'Test Cases/All TC/Arranged/3. Unit/EI/Form 7_default/OTC_Submit Form 7_Section C' successfully

2019-02-20 18:43:24 - [TEST_CASE][PASSED] - Test Cases/All TC/Arranged/3. Unit/EI/Form 7_default/OTC_Submit Form 7_Section C: Test Cases/All TC/Arranged/3. Unit/EI/Form 7_default/OTC_Submit Form 7_Section C

2019-02-20 18:43:24 - [TEST_STEP][PASSED] - delay(2): Delayed 2 second(s)

2019-02-20 18:43:26 - [MESSAGE][PASSED] - Delayed 2 second(s)

2019-02-20 18:43:26 - [TEST_STEP][PASSED] - setText(findTestObject("KeatMun/Form 7_default/OTC_Submit Form 7_Section C/Page_PERKESO/C4. EmployerInfo"), "qwertyuiop"): Text 'qwertyuiop' is set on object 'Object Repository/KeatMun/Form 7_default/OTC_Submit Form 7_Section C/Page_PERKESO/C4. EmployerInfo'

2019-02-20 18:43:30 - [MESSAGE][PASSED] - Text 'qwertyuiop' is set on object 'Object Repository/KeatMun/Form 7_default/OTC_Submit Form 7_Section C/Page_PERKESO/C4. EmployerInfo'

2019-02-20 18:43:30 - [TEST_STEP][PASSED] - delay(2): Delayed 2 second(s)

2019-02-20 18:43:32 - [MESSAGE][PASSED] - Delayed 2 second(s)

2019-02-20 18:43:32 - [TEST_STEP][PASSED] - click(findTestObject("KeatMun/Form 7_default/OTC_Submit Form 7_Section C/Page_PERKESO/C5. Negeri")): Object: 'Object Repository/KeatMun/Form 7_default/OTC_Submit Form 7_Section C/Page_PERKESO/C5. Negeri' is clicked on

2019-02-20 18:43:34 - [MESSAGE][PASSED] - Object: 'Object Repository/KeatMun/Form 7_default/OTC_Submit Form 7_Section C/Page_PERKESO/C5. Negeri' is clicked on

2019-02-20 18:43:34 - [TEST_STEP][PASSED] - delay(2): Delayed 2 second(s)

2019-02-20 18:43:36 - [MESSAGE][PASSED] - Delayed 2 second(s)

2019-02-20 18:43:36 - [TEST_STEP][PASSED] - click(findTestObject("KeatMun/Form 7_default/OTC_Submit Form 7_Section C/Page_PERKESO/C5. JOHOR")): Object: 'Object Repository/KeatMun/Form 7_default/OTC_Submit Form 7_Section C/Page_PERKESO/C5. JOHOR' is clicked on

2019-02-20 18:43:38 - [MESSAGE][PASSED] - Object: 'Object Repository/KeatMun/Form 7_default/OTC_Submit Form 7_Section C/Page_PERKESO/C5. JOHOR' is clicked on

2019-02-20 18:43:38 - [TEST_STEP][PASSED] - delay(3): Delayed 3 second(s)

2019-02-20 18:43:41 - [MESSAGE][PASSED] - Delayed 3 second(s)

2019-02-20 18:43:41 - [TEST_STEP][PASSED] - click(findTestObject("KeatMun/Form 7_default/OTC_Submit Form 7_Section C/Page_PERKESO/C6. City")): Object: 'Object Repository/KeatMun/Form 7_default/OTC_Submit Form 7_Section C/Page_PERKESO/C6. City' is clicked on

2019-02-20 18:43:44 - [MESSAGE][PASSED] - Object: 'Object Repository/KeatMun/Form 7_default/OTC_Submit Form 7_Section C/Page_PERKESO/C6. City' is clicked on

2019-02-20 18:43:44 - [TEST_STEP][PASSED] - delay(2): Delayed 2 second(s)

2019-02-20 18:43:46 - [MESSAGE][PASSED] - Delayed 2 second(s)

2019-02-20 18:43:46 - [TEST_STEP][PASSED] - setText(findTestObject("KeatMun/Form 7_default/OTC_Submit Form 7_Section C/Page_PERKESO/C6. Done_select2-search__fie"), "jo"): Text 'jo' is set on object 'Object Repository/KeatMun/Form 7_default/OTC_Submit Form 7_Section C/Page_PERKESO/C6. Done_select2-search__fie'

2019-02-20 18:43:50 - [MESSAGE][PASSED] - Text 'jo' is set on object 'Object Repository/KeatMun/Form 7_default/OTC_Submit Form 7_Section C/Page_PERKESO/C6. Done_select2-search__fie'

2019-02-20 18:43:50 - [TEST_STEP][PASSED] - setText(findTestObject("KeatMun/Form 7_default/OTC_Submit Form 7_Section C/Page_PERKESO/C6. Concat(id(  select2-city"), "jo"): Text 'jo' is set on object 'Object Repository/KeatMun/Form 7_default/OTC_Submit Form 7_Section C/Page_PERKESO/C6. Concat(id(  select2-city'

2019-02-20 18:43:54 - [MESSAGE][PASSED] - Text 'jo' is set on object 'Object Repository/KeatMun/Form 7_default/OTC_Submit Form 7_Section C/Page_PERKESO/C6. Concat(id(  select2-city'

2019-02-20 18:43:54 - [TEST_STEP][PASSED] - click(findTestObject("KeatMun/Form 7_default/OTC_Submit Form 7_Section C/Page_PERKESO/C6. JOHOR BAHRU")): Object: 'Object Repository/KeatMun/Form 7_default/OTC_Submit Form 7_Section C/Page_PERKESO/C6. JOHOR BAHRU' is clicked on

2019-02-20 18:43:56 - [MESSAGE][PASSED] - Object: 'Object Repository/KeatMun/Form 7_default/OTC_Submit Form 7_Section C/Page_PERKESO/C6. JOHOR BAHRU' is clicked on

2019-02-20 18:43:56 - [TEST_STEP][PASSED] - delay(3): Delayed 3 second(s)

2019-02-20 18:43:59 - [MESSAGE][PASSED] - Delayed 3 second(s)

2019-02-20 18:43:59 - [TEST_STEP][PASSED] - click(findTestObject("KeatMun/Form 7_default/OTC_Submit Form 7_Section C/Page_PERKESO/C7. --Sila Isikan--")): Object: 'Object Repository/KeatMun/Form 7_default/OTC_Submit Form 7_Section C/Page_PERKESO/C7. --Sila Isikan--' is clicked on

2019-02-20 18:44:01 - [MESSAGE][PASSED] - Object: 'Object Repository/KeatMun/Form 7_default/OTC_Submit Form 7_Section C/Page_PERKESO/C7. --Sila Isikan--' is clicked on

2019-02-20 18:44:01 - [TEST_STEP][PASSED] - delay(2): Delayed 2 second(s)

2019-02-20 18:44:03 - [MESSAGE][PASSED] - Delayed 2 second(s)

2019-02-20 18:44:03 - [TEST_STEP][PASSED] - setText(findTestObject("KeatMun/Form 7_default/OTC_Submit Form 7_Section C/Page_PERKESO/C7. Done_select2-search__fie"), "84"): Text '84' is set on object 'Object Repository/KeatMun/Form 7_default/OTC_Submit Form 7_Section C/Page_PERKESO/C7. Done_select2-search__fie'

2019-02-20 18:44:07 - [MESSAGE][PASSED] - Text '84' is set on object 'Object Repository/KeatMun/Form 7_default/OTC_Submit Form 7_Section C/Page_PERKESO/C7. Done_select2-search__fie'

2019-02-20 18:44:07 - [TEST_STEP][PASSED] - setText(findTestObject("KeatMun/Form 7_default/OTC_Submit Form 7_Section C/Page_PERKESO/C7. Concat(id(  select2-post"), "84"): Text '84' is set on object 'Object Repository/KeatMun/Form 7_default/OTC_Submit Form 7_Section C/Page_PERKESO/C7. Concat(id(  select2-post'

2019-02-20 18:44:12 - [MESSAGE][PASSED] - Text '84' is set on object 'Object Repository/KeatMun/Form 7_default/OTC_Submit Form 7_Section C/Page_PERKESO/C7. Concat(id(  select2-post'

2019-02-20 18:44:12 - [TEST_STEP][PASSED] - click(findTestObject("KeatMun/Form 7_default/OTC_Submit Form 7_Section C/Page_PERKESO/C7. 84000")): Object: 'Object Repository/KeatMun/Form 7_default/OTC_Submit Form 7_Section C/Page_PERKESO/C7. 84000' is clicked on

2019-02-20 18:44:14 - [MESSAGE][PASSED] - Object: 'Object Repository/KeatMun/Form 7_default/OTC_Submit Form 7_Section C/Page_PERKESO/C7. 84000' is clicked on

2019-02-20 18:44:14 - [TEST_STEP][PASSED] - delay(3): Delayed 3 second(s)

2019-02-20 18:44:17 - [MESSAGE][PASSED] - Delayed 3 second(s)

2019-02-20 18:44:17 - [TEST_STEP][PASSED] - click(findTestObject("KeatMun/Form 7_default/OTC_Submit Form 7_Section C/Page_PERKESO/C8. Tidak_employerInfo.emplo")): Object: 'Object Repository/KeatMun/Form 7_default/OTC_Submit Form 7_Section C/Page_PERKESO/C8. Tidak_employerInfo.emplo' is clicked on

2019-02-20 18:44:19 - [MESSAGE][PASSED] - Object: 'Object Repository/KeatMun/Form 7_default/OTC_Submit Form 7_Section C/Page_PERKESO/C8. Tidak_employerInfo.emplo' is clicked on

2019-02-20 18:44:19 - [TEST_STEP][PASSED] - delay(2): Delayed 2 second(s)

2019-02-20 18:44:21 - [MESSAGE][PASSED] - Delayed 2 second(s)

2019-02-20 18:44:21 - [TEST_STEP][PASSED] - setText(findTestObject("KeatMun/Form 7_default/OTC_Submit Form 7_Section C/Page_PERKESO/C9. EmployerName"), "qwertyuiop"): Text 'qwertyuiop' is set on object 'Object Repository/KeatMun/Form 7_default/OTC_Submit Form 7_Section C/Page_PERKESO/C9. EmployerName'

2019-02-20 18:44:25 - [MESSAGE][PASSED] - Text 'qwertyuiop' is set on object 'Object Repository/KeatMun/Form 7_default/OTC_Submit Form 7_Section C/Page_PERKESO/C9. EmployerName'

2019-02-20 18:44:25 - [TEST_STEP][PASSED] - delay(2): Delayed 2 second(s)

2019-02-20 18:44:27 - [MESSAGE][PASSED] - Delayed 2 second(s)

2019-02-20 18:44:27 - [TEST_STEP][PASSED] - setText(findTestObject("KeatMun/Form 7_default/OTC_Submit Form 7_Section C/Page_PERKESO/C10. EmployerIC"), "1234567890"): Text '1234567890' is set on object 'Object Repository/KeatMun/Form 7_default/OTC_Submit Form 7_Section C/Page_PERKESO/C10. EmployerIC'

2019-02-20 18:44:32 - [MESSAGE][PASSED] - Text '1234567890' is set on object 'Object Repository/KeatMun/Form 7_default/OTC_Submit Form 7_Section C/Page_PERKESO/C10. EmployerIC'

2019-02-20 18:44:32 - [TEST_STEP][PASSED] - delay(3): Delayed 3 second(s)

2019-02-20 18:44:35 - [MESSAGE][PASSED] - Delayed 3 second(s)

2019-02-20 18:44:35 - [TEST_STEP][PASSED] - click(findTestObject("KeatMun/Form 7_default/OTC_Submit Form 7_Section C/Page_PERKESO/C11. Halaman Seterusnya")): Object: 'Object Repository/KeatMun/Form 7_default/OTC_Submit Form 7_Section C/Page_PERKESO/C11. Halaman Seterusnya' is clicked on

2019-02-20 18:44:37 - [MESSAGE][PASSED] - Object: 'Object Repository/KeatMun/Form 7_default/OTC_Submit Form 7_Section C/Page_PERKESO/C11. Halaman Seterusnya' is clicked on

2019-02-20 18:44:37 - [TEST_STEP][PASSED] - delay(3): Delayed 3 second(s)

2019-02-20 18:44:40 - [MESSAGE][PASSED] - Delayed 3 second(s)

2019-02-20 18:44:40 - [MESSAGE][PASSED] - Call Test Case 'Test Cases/All TC/Arranged/3. Unit/EI/Form 7_default/OTC_Submit Form 7_Section C' successfully

2019-02-20 18:44:40 - [TEST_STEP][PASSED] - callTestCase(findTestCase("All TC/Arranged/3. Unit/EI/Form 7_default/OTC_Submit Form 7_Section D-E"), [:], STOP_ON_FAILURE): Call Test Case 'Test Cases/All TC/Arranged/3. Unit/EI/Form 7_default/OTC_Submit Form 7_Section D-E' successfully

2019-02-20 18:44:40 - [TEST_CASE][PASSED] - Test Cases/All TC/Arranged/3. Unit/EI/Form 7_default/OTC_Submit Form 7_Section D-E: Test Cases/All TC/Arranged/3. Unit/EI/Form 7_default/OTC_Submit Form 7_Section D-E

2019-02-20 18:44:40 - [TEST_STEP][PASSED] - delay(3): Delayed 3 second(s)

2019-02-20 18:44:43 - [MESSAGE][PASSED] - Delayed 3 second(s)

2019-02-20 18:44:43 - [TEST_STEP][PASSED] - click(findTestObject("KeatMun/Form 7_default/OTC_Submit Form 7_Section D-E/Page_PERKESO/D1. NO_otherActiveEmploye")): Object: 'Object Repository/KeatMun/Form 7_default/OTC_Submit Form 7_Section D-E/Page_PERKESO/D1. NO_otherActiveEmploye' is clicked on

2019-02-20 18:44:45 - [MESSAGE][PASSED] - Object: 'Object Repository/KeatMun/Form 7_default/OTC_Submit Form 7_Section D-E/Page_PERKESO/D1. NO_otherActiveEmploye' is clicked on

2019-02-20 18:44:45 - [TEST_STEP][PASSED] - delay(4): Delayed 4 second(s)

2019-02-20 18:44:49 - [MESSAGE][PASSED] - Delayed 4 second(s)

2019-02-20 18:44:49 - [TEST_STEP][PASSED] - click(findTestObject("KeatMun/Form 7_default/OTC_Submit Form 7_Section D-E/Page_PERKESO/D2. Halaman Seterusnya")): Object: 'Object Repository/KeatMun/Form 7_default/OTC_Submit Form 7_Section D-E/Page_PERKESO/D2. Halaman Seterusnya' is clicked on

2019-02-20 18:44:51 - [MESSAGE][PASSED] - Object: 'Object Repository/KeatMun/Form 7_default/OTC_Submit Form 7_Section D-E/Page_PERKESO/D2. Halaman Seterusnya' is clicked on

2019-02-20 18:44:51 - [TEST_STEP][PASSED] - delay(5): Delayed 5 second(s)

2019-02-20 18:44:56 - [MESSAGE][PASSED] - Delayed 5 second(s)

2019-02-20 18:44:56 - [TEST_STEP][PASSED] - setText(findTestObject("KeatMun/Form 7_default/OTC_Submit Form 7_Section D-E/Page_PERKESO/E1. Input__totalExpYear"), "1"): Text '1' is set on object 'Object Repository/KeatMun/Form 7_default/OTC_Submit Form 7_Section D-E/Page_PERKESO/E1. Input__totalExpYear'

2019-02-20 18:45:00 - [MESSAGE][PASSED] - Text '1' is set on object 'Object Repository/KeatMun/Form 7_default/OTC_Submit Form 7_Section D-E/Page_PERKESO/E1. Input__totalExpYear'

2019-02-20 18:45:00 - [TEST_STEP][PASSED] - delay(2): Delayed 2 second(s)

2019-02-20 18:45:02 - [MESSAGE][PASSED] - Delayed 2 second(s)

2019-02-20 18:45:02 - [TEST_STEP][PASSED] - setText(findTestObject("KeatMun/Form 7_default/OTC_Submit Form 7_Section D-E/Page_PERKESO/E1. Tahun_totalExpMonth"), "1"): Text '1' is set on object 'Object Repository/KeatMun/Form 7_default/OTC_Submit Form 7_Section D-E/Page_PERKESO/E1. Tahun_totalExpMonth'

2019-02-20 18:45:06 - [MESSAGE][PASSED] - Text '1' is set on object 'Object Repository/KeatMun/Form 7_default/OTC_Submit Form 7_Section D-E/Page_PERKESO/E1. Tahun_totalExpMonth'

2019-02-20 18:45:06 - [TEST_STEP][PASSED] - delay(2): Delayed 2 second(s)

2019-02-20 18:45:08 - [MESSAGE][PASSED] - Delayed 2 second(s)

2019-02-20 18:45:08 - [TEST_STEP][PASSED] - click(findTestObject("KeatMun/Form 7_default/OTC_Submit Form 7_Section D-E/Page_PERKESO/E2. Edu-Level")): Object: 'Object Repository/KeatMun/Form 7_default/OTC_Submit Form 7_Section D-E/Page_PERKESO/E2. Edu-Level' is clicked on

2019-02-20 18:45:10 - [MESSAGE][PASSED] - Object: 'Object Repository/KeatMun/Form 7_default/OTC_Submit Form 7_Section D-E/Page_PERKESO/E2. Edu-Level' is clicked on

2019-02-20 18:45:10 - [TEST_STEP][PASSED] - delay(2): Delayed 2 second(s)

2019-02-20 18:45:12 - [MESSAGE][PASSED] - Delayed 2 second(s)

2019-02-20 18:45:12 - [TEST_STEP][PASSED] - click(findTestObject("KeatMun/Form 7_default/OTC_Submit Form 7_Section D-E/Page_PERKESO/E2. PMRPT3")): Object: 'Object Repository/KeatMun/Form 7_default/OTC_Submit Form 7_Section D-E/Page_PERKESO/E2. PMRPT3' is clicked on

2019-02-20 18:45:15 - [MESSAGE][PASSED] - Object: 'Object Repository/KeatMun/Form 7_default/OTC_Submit Form 7_Section D-E/Page_PERKESO/E2. PMRPT3' is clicked on

2019-02-20 18:45:15 - [TEST_STEP][PASSED] - delay(3): Delayed 3 second(s)

2019-02-20 18:45:18 - [MESSAGE][PASSED] - Delayed 3 second(s)

2019-02-20 18:45:18 - [TEST_STEP][PASSED] - click(findTestObject("KeatMun/Form 7_default/OTC_Submit Form 7_Section D-E/Page_PERKESO/E3. Job-Choice")): Object: 'Object Repository/KeatMun/Form 7_default/OTC_Submit Form 7_Section D-E/Page_PERKESO/E3. Job-Choice' is clicked on

2019-02-20 18:45:20 - [MESSAGE][PASSED] - Object: 'Object Repository/KeatMun/Form 7_default/OTC_Submit Form 7_Section D-E/Page_PERKESO/E3. Job-Choice' is clicked on

2019-02-20 18:45:20 - [TEST_STEP][PASSED] - delay(2): Delayed 2 second(s)

2019-02-20 18:45:22 - [MESSAGE][PASSED] - Delayed 2 second(s)

2019-02-20 18:45:22 - [TEST_STEP][PASSED] - setText(findTestObject("KeatMun/Form 7_default/OTC_Submit Form 7_Section D-E/Page_PERKESO/E3. Done_select2-search__fie"), "re"): Text 're' is set on object 'Object Repository/KeatMun/Form 7_default/OTC_Submit Form 7_Section D-E/Page_PERKESO/E3. Done_select2-search__fie'

2019-02-20 18:45:26 - [MESSAGE][PASSED] - Text 're' is set on object 'Object Repository/KeatMun/Form 7_default/OTC_Submit Form 7_Section D-E/Page_PERKESO/E3. Done_select2-search__fie'

2019-02-20 18:45:26 - [TEST_STEP][PASSED] - click(findTestObject("KeatMun/Form 7_default/OTC_Submit Form 7_Section D-E/Page_PERKESO/E3. Arkitek Reka Bentuk")): Object: 'Object Repository/KeatMun/Form 7_default/OTC_Submit Form 7_Section D-E/Page_PERKESO/E3. Arkitek Reka Bentuk' is clicked on

2019-02-20 18:45:28 - [MESSAGE][PASSED] - Object: 'Object Repository/KeatMun/Form 7_default/OTC_Submit Form 7_Section D-E/Page_PERKESO/E3. Arkitek Reka Bentuk' is clicked on

2019-02-20 18:45:28 - [TEST_STEP][PASSED] - delay(2): Delayed 2 second(s)

2019-02-20 18:45:30 - [MESSAGE][PASSED] - Delayed 2 second(s)

2019-02-20 18:45:30 - [TEST_STEP][PASSED] - click(findTestObject("KeatMun/Form 7_default/OTC_Submit Form 7_Section D-E/Page_PERKESO/E4. Job_Location")): Object: 'Object Repository/KeatMun/Form 7_default/OTC_Submit Form 7_Section D-E/Page_PERKESO/E4. Job_Location' is clicked on

2019-02-20 18:45:32 - [MESSAGE][PASSED] - Object: 'Object Repository/KeatMun/Form 7_default/OTC_Submit Form 7_Section D-E/Page_PERKESO/E4. Job_Location' is clicked on

2019-02-20 18:45:32 - [TEST_STEP][PASSED] - delay(2): Delayed 2 second(s)

2019-02-20 18:45:34 - [MESSAGE][PASSED] - Delayed 2 second(s)

2019-02-20 18:45:34 - [TEST_STEP][PASSED] - click(findTestObject("KeatMun/Form 7_default/OTC_Submit Form 7_Section D-E/Page_PERKESO/E4. JOHOR")): Object: 'Object Repository/KeatMun/Form 7_default/OTC_Submit Form 7_Section D-E/Page_PERKESO/E4. JOHOR' is clicked on

2019-02-20 18:45:36 - [MESSAGE][PASSED] - Object: 'Object Repository/KeatMun/Form 7_default/OTC_Submit Form 7_Section D-E/Page_PERKESO/E4. JOHOR' is clicked on

2019-02-20 18:45:36 - [TEST_STEP][PASSED] - delay(2): Delayed 2 second(s)

2019-02-20 18:45:38 - [MESSAGE][PASSED] - Delayed 2 second(s)

2019-02-20 18:45:38 - [TEST_STEP][PASSED] - click(findTestObject("KeatMun/Form 7_default/OTC_Submit Form 7_Section D-E/Page_PERKESO/E7. NO_disability")): Object: 'Object Repository/KeatMun/Form 7_default/OTC_Submit Form 7_Section D-E/Page_PERKESO/E7. NO_disability' is clicked on

2019-02-20 18:45:40 - [MESSAGE][PASSED] - Object: 'Object Repository/KeatMun/Form 7_default/OTC_Submit Form 7_Section D-E/Page_PERKESO/E7. NO_disability' is clicked on

2019-02-20 18:45:40 - [TEST_STEP][PASSED] - delay(2): Delayed 2 second(s)

2019-02-20 18:45:42 - [MESSAGE][PASSED] - Delayed 2 second(s)

2019-02-20 18:45:42 - [TEST_STEP][PASSED] - click(findTestObject("KeatMun/Form 7_default/OTC_Submit Form 7_Section D-E/Page_PERKESO/E8. NO_disabilityApplyInd")): Object: 'Object Repository/KeatMun/Form 7_default/OTC_Submit Form 7_Section D-E/Page_PERKESO/E8. NO_disabilityApplyInd' is clicked on

2019-02-20 18:45:45 - [MESSAGE][PASSED] - Object: 'Object Repository/KeatMun/Form 7_default/OTC_Submit Form 7_Section D-E/Page_PERKESO/E8. NO_disabilityApplyInd' is clicked on

2019-02-20 18:45:45 - [TEST_STEP][PASSED] - delay(2): Delayed 2 second(s)

2019-02-20 18:45:47 - [MESSAGE][PASSED] - Delayed 2 second(s)

2019-02-20 18:45:47 - [TEST_STEP][PASSED] - click(findTestObject("KeatMun/Form 7_default/OTC_Submit Form 7_Section D-E/Page_PERKESO/E9. YES_ReEmployment")): Object: 'Object Repository/KeatMun/Form 7_default/OTC_Submit Form 7_Section D-E/Page_PERKESO/E9. YES_ReEmployment' is clicked on

2019-02-20 18:45:49 - [MESSAGE][PASSED] - Object: 'Object Repository/KeatMun/Form 7_default/OTC_Submit Form 7_Section D-E/Page_PERKESO/E9. YES_ReEmployment' is clicked on

2019-02-20 18:45:49 - [TEST_STEP][PASSED] - delay(2): Delayed 2 second(s)

2019-02-20 18:45:51 - [MESSAGE][PASSED] - Delayed 2 second(s)

2019-02-20 18:45:51 - [TEST_STEP][PASSED] - click(findTestObject("KeatMun/Form 7_default/OTC_Submit Form 7_Section D-E/Page_PERKESO/E10. Halaman Seterusnya")): Object: 'Object Repository/KeatMun/Form 7_default/OTC_Submit Form 7_Section D-E/Page_PERKESO/E10. Halaman Seterusnya' is clicked on

2019-02-20 18:45:53 - [MESSAGE][PASSED] - Object: 'Object Repository/KeatMun/Form 7_default/OTC_Submit Form 7_Section D-E/Page_PERKESO/E10. Halaman Seterusnya' is clicked on

2019-02-20 18:45:53 - [TEST_STEP][PASSED] - delay(3): Delayed 3 second(s)

2019-02-20 18:45:56 - [MESSAGE][PASSED] - Delayed 3 second(s)

2019-02-20 18:45:56 - [MESSAGE][PASSED] - Call Test Case 'Test Cases/All TC/Arranged/3. Unit/EI/Form 7_default/OTC_Submit Form 7_Section D-E' successfully

2019-02-20 18:45:56 - [TEST_STEP][FAILED] - callTestCase(findTestCase("All TC/Arranged/3. Unit/EI/Form 7_default/OTC_Submit Form 7_Section F-G-H - Cheque"), [:], STOP_ON_FAILURE): callTestCase(findTestCase("All TC/Arranged/3. Unit/EI/Form 7_default/OTC_Submit Form 7_Section F-G-H - Cheque"), [:], STOP_ON_FAILURE) FAILED.
Reason:
com.kms.katalon.core.exception.StepFailedException: Unable to click on object 'Object Repository/KeatMun/Form 7_default/OTC_Submit Form 7_Section F-G-H/Page_PERKESO/G2. span_Isteri' (Root cause: com.kms.katalon.core.webui.exception.WebElementNotFoundException: Web element with id: 'Object Repository/KeatMun/Form 7_default/OTC_Submit Form 7_Section F-G-H/Page_PERKESO/G2. span_Isteri' located by 'By.xpath: //span[@id = 'select2-dependentList0dependentRelationId-container' and @title = 'Isteri' and (text() = 'Isteri' or . = 'Isteri')]' not found)
	at com.kms.katalon.core.keyword.internal.KeywordMain.stepFailed(KeywordMain.groovy:36)
	at com.kms.katalon.core.webui.keyword.internal.WebUIKeywordMain.stepFailed(WebUIKeywordMain.groovy:65)
	at com.kms.katalon.core.webui.keyword.internal.WebUIKeywordMain.runKeyword(WebUIKeywordMain.groovy:27)
	at com.kms.katalon.core.webui.keyword.builtin.ClickKeyword.click(ClickKeyword.groovy:86)
	at com.kms.katalon.core.webui.keyword.builtin.ClickKeyword.execute(ClickKeyword.groovy:67)
	at com.kms.katalon.core.keyword.internal.KeywordExecutor.executeKeywordForPlatform(KeywordExecutor.groovy:53)
	at com.kms.katalon.core.webui.keyword.WebUiBuiltInKeywords.click(WebUiBuiltInKeywords.groovy:616)
	at com.kms.katalon.core.webui.keyword.WebUiBuiltInKeywords$click$3.call(Unknown Source)
	at OTC_Submit Form 7_Section F-G-H - Cheque.run(OTC_Submit Form 7_Section F-G-H - Cheque:41)
	at com.kms.katalon.core.main.ScriptEngine.run(ScriptEngine.java:194)
	at com.kms.katalon.core.main.ScriptEngine.runScriptAsRawText(ScriptEngine.java:119)
	at com.kms.katalon.core.main.TestCaseExecutor.runScript(TestCaseExecutor.java:328)
	at com.kms.katalon.core.main.TestCaseExecutor.doExecute(TestCaseExecutor.java:319)
	at com.kms.katalon.core.main.TestCaseExecutor.processExecutionPhase(TestCaseExecutor.java:298)
	at com.kms.katalon.core.main.TestCaseExecutor.accessMainPhase(TestCaseExecutor.java:290)
	at com.kms.katalon.core.main.TestCaseExecutor.execute(TestCaseExecutor.java:224)
	at com.kms.katalon.core.main.TestCaseMain.runTestCase(TestCaseMain.java:106)
	at com.kms.katalon.core.keyword.builtin.CallTestCaseKeyword$_callTestCase_closure1.doCall(CallTestCaseKeyword.groovy:59)
	at com.kms.katalon.core.keyword.builtin.CallTestCaseKeyword$_callTestCase_closure1.call(CallTestCaseKeyword.groovy)
	at com.kms.katalon.core.keyword.internal.KeywordMain.runKeyword(KeywordMain.groovy:54)
	at com.kms.katalon.core.keyword.builtin.CallTestCaseKeyword.callTestCase(CallTestCaseKeyword.groovy:80)
	at com.kms.katalon.core.keyword.builtin.CallTestCaseKeyword.execute(CallTestCaseKeyword.groovy:44)
	at com.kms.katalon.core.keyword.internal.KeywordExecutor.executeKeywordForPlatform(KeywordExecutor.groovy:53)
	at com.kms.katalon.core.keyword.BuiltinKeywords.callTestCase(BuiltinKeywords.groovy:334)
	at OTC_Submit Form 7_End to End - Cheque.run(OTC_Submit Form 7_End to End - Cheque:26)
	at com.kms.katalon.core.main.ScriptEngine.run(ScriptEngine.java:194)
	at com.kms.katalon.core.main.ScriptEngine.runScriptAsRawText(ScriptEngine.java:119)
	at com.kms.katalon.core.main.TestCaseExecutor.runScript(TestCaseExecutor.java:328)
	at com.kms.katalon.core.main.TestCaseExecutor.doExecute(TestCaseExecutor.java:319)
	at com.kms.katalon.core.main.TestCaseExecutor.processExecutionPhase(TestCaseExecutor.java:298)
	at com.kms.katalon.core.main.TestCaseExecutor.accessMainPhase(TestCaseExecutor.java:290)
	at com.kms.katalon.core.main.TestCaseExecutor.execute(TestCaseExecutor.java:224)
	at com.kms.katalon.core.main.TestCaseMain.runTestCase(TestCaseMain.java:106)
	at com.kms.katalon.core.keyword.builtin.CallTestCaseKeyword$_callTestCase_closure1.doCall(CallTestCaseKeyword.groovy:59)
	at com.kms.katalon.core.keyword.builtin.CallTestCaseKeyword$_callTestCase_closure1.call(CallTestCaseKeyword.groovy)
	at com.kms.katalon.core.keyword.internal.KeywordMain.runKeyword(KeywordMain.groovy:54)
	at com.kms.katalon.core.keyword.builtin.CallTestCaseKeyword.callTestCase(CallTestCaseKeyword.groovy:80)
	at com.kms.katalon.core.keyword.builtin.CallTestCaseKeyword.execute(CallTestCaseKeyword.groovy:44)
	at com.kms.katalon.core.keyword.internal.KeywordExecutor.executeKeywordForPlatform(KeywordExecutor.groovy:53)
	at com.kms.katalon.core.keyword.BuiltinKeywords.callTestCase(BuiltinKeywords.groovy:334)
	at Cross branch - EIO.run(Cross branch - EIO:16)
	at com.kms.katalon.core.main.ScriptEngine.run(ScriptEngine.java:194)
	at com.kms.katalon.core.main.ScriptEngine.runScriptAsRawText(ScriptEngine.java:119)
	at com.kms.katalon.core.main.TestCaseExecutor.runScript(TestCaseExecutor.java:328)
	at com.kms.katalon.core.main.TestCaseExecutor.doExecute(TestCaseExecutor.java:319)
	at com.kms.katalon.core.main.TestCaseExecutor.processExecutionPhase(TestCaseExecutor.java:298)
	at com.kms.katalon.core.main.TestCaseExecutor.accessMainPhase(TestCaseExecutor.java:290)
	at com.kms.katalon.core.main.TestCaseExecutor.execute(TestCaseExecutor.java:224)
	at com.kms.katalon.core.main.TestSuiteExecutor.accessTestCaseMainPhase(TestSuiteExecutor.java:129)
	at com.kms.katalon.core.main.TestSuiteExecutor.accessTestSuiteMainPhase(TestSuiteExecutor.java:112)
	at com.kms.katalon.core.main.TestSuiteExecutor.execute(TestSuiteExecutor.java:81)
	at com.kms.katalon.core.main.TestCaseMain.startTestSuite(TestCaseMain.java:149)
	at com.kms.katalon.core.main.TestCaseMain$startTestSuite$0.call(Unknown Source)
	at TempTestSuite1550652525208.run(TempTestSuite1550652525208.groovy:36)


2019-02-20 18:45:56 - [TEST_CASE][FAILED] - Test Cases/All TC/Arranged/3. Unit/EI/Form 7_default/OTC_Submit Form 7_Section F-G-H - Cheque: Test Cases/All TC/Arranged/3. Unit/EI/Form 7_default/OTC_Submit Form 7_Section F-G-H - Cheque FAILED.
Reason:
com.kms.katalon.core.exception.StepFailedException: Unable to click on object 'Object Repository/KeatMun/Form 7_default/OTC_Submit Form 7_Section F-G-H/Page_PERKESO/G2. span_Isteri' (Root cause: com.kms.katalon.core.webui.exception.WebElementNotFoundException: Web element with id: 'Object Repository/KeatMun/Form 7_default/OTC_Submit Form 7_Section F-G-H/Page_PERKESO/G2. span_Isteri' located by 'By.xpath: //span[@id = 'select2-dependentList0dependentRelationId-container' and @title = 'Isteri' and (text() = 'Isteri' or . = 'Isteri')]' not found)
	at com.kms.katalon.core.keyword.internal.KeywordMain.stepFailed(KeywordMain.groovy:36)
	at com.kms.katalon.core.webui.keyword.internal.WebUIKeywordMain.stepFailed(WebUIKeywordMain.groovy:65)
	at com.kms.katalon.core.webui.keyword.internal.WebUIKeywordMain.runKeyword(WebUIKeywordMain.groovy:27)
	at com.kms.katalon.core.webui.keyword.builtin.ClickKeyword.click(ClickKeyword.groovy:86)
	at com.kms.katalon.core.webui.keyword.builtin.ClickKeyword.execute(ClickKeyword.groovy:67)
	at com.kms.katalon.core.keyword.internal.KeywordExecutor.executeKeywordForPlatform(KeywordExecutor.groovy:53)
	at com.kms.katalon.core.webui.keyword.WebUiBuiltInKeywords.click(WebUiBuiltInKeywords.groovy:616)
	at com.kms.katalon.core.webui.keyword.WebUiBuiltInKeywords$click$3.call(Unknown Source)
	at OTC_Submit Form 7_Section F-G-H - Cheque.run(OTC_Submit Form 7_Section F-G-H - Cheque:41)
	at com.kms.katalon.core.main.ScriptEngine.run(ScriptEngine.java:194)
	at com.kms.katalon.core.main.ScriptEngine.runScriptAsRawText(ScriptEngine.java:119)
	at com.kms.katalon.core.main.TestCaseExecutor.runScript(TestCaseExecutor.java:328)
	at com.kms.katalon.core.main.TestCaseExecutor.doExecute(TestCaseExecutor.java:319)
	at com.kms.katalon.core.main.TestCaseExecutor.processExecutionPhase(TestCaseExecutor.java:298)
	at com.kms.katalon.core.main.TestCaseExecutor.accessMainPhase(TestCaseExecutor.java:290)
	at com.kms.katalon.core.main.TestCaseExecutor.execute(TestCaseExecutor.java:224)
	at com.kms.katalon.core.main.TestCaseMain.runTestCase(TestCaseMain.java:106)
	at com.kms.katalon.core.keyword.builtin.CallTestCaseKeyword$_callTestCase_closure1.doCall(CallTestCaseKeyword.groovy:59)
	at com.kms.katalon.core.keyword.builtin.CallTestCaseKeyword$_callTestCase_closure1.call(CallTestCaseKeyword.groovy)
	at com.kms.katalon.core.keyword.internal.KeywordMain.runKeyword(KeywordMain.groovy:54)
	at com.kms.katalon.core.keyword.builtin.CallTestCaseKeyword.callTestCase(CallTestCaseKeyword.groovy:80)
	at com.kms.katalon.core.keyword.builtin.CallTestCaseKeyword.execute(CallTestCaseKeyword.groovy:44)
	at com.kms.katalon.core.keyword.internal.KeywordExecutor.executeKeywordForPlatform(KeywordExecutor.groovy:53)
	at com.kms.katalon.core.keyword.BuiltinKeywords.callTestCase(BuiltinKeywords.groovy:334)
	at OTC_Submit Form 7_End to End - Cheque.run(OTC_Submit Form 7_End to End - Cheque:26)
	at com.kms.katalon.core.main.ScriptEngine.run(ScriptEngine.java:194)
	at com.kms.katalon.core.main.ScriptEngine.runScriptAsRawText(ScriptEngine.java:119)
	at com.kms.katalon.core.main.TestCaseExecutor.runScript(TestCaseExecutor.java:328)
	at com.kms.katalon.core.main.TestCaseExecutor.doExecute(TestCaseExecutor.java:319)
	at com.kms.katalon.core.main.TestCaseExecutor.processExecutionPhase(TestCaseExecutor.java:298)
	at com.kms.katalon.core.main.TestCaseExecutor.accessMainPhase(TestCaseExecutor.java:290)
	at com.kms.katalon.core.main.TestCaseExecutor.execute(TestCaseExecutor.java:224)
	at com.kms.katalon.core.main.TestCaseMain.runTestCase(TestCaseMain.java:106)
	at com.kms.katalon.core.keyword.builtin.CallTestCaseKeyword$_callTestCase_closure1.doCall(CallTestCaseKeyword.groovy:59)
	at com.kms.katalon.core.keyword.builtin.CallTestCaseKeyword$_callTestCase_closure1.call(CallTestCaseKeyword.groovy)
	at com.kms.katalon.core.keyword.internal.KeywordMain.runKeyword(KeywordMain.groovy:54)
	at com.kms.katalon.core.keyword.builtin.CallTestCaseKeyword.callTestCase(CallTestCaseKeyword.groovy:80)
	at com.kms.katalon.core.keyword.builtin.CallTestCaseKeyword.execute(CallTestCaseKeyword.groovy:44)
	at com.kms.katalon.core.keyword.internal.KeywordExecutor.executeKeywordForPlatform(KeywordExecutor.groovy:53)
	at com.kms.katalon.core.keyword.BuiltinKeywords.callTestCase(BuiltinKeywords.groovy:334)
	at Cross branch - EIO.run(Cross branch - EIO:16)
	at com.kms.katalon.core.main.ScriptEngine.run(ScriptEngine.java:194)
	at com.kms.katalon.core.main.ScriptEngine.runScriptAsRawText(ScriptEngine.java:119)
	at com.kms.katalon.core.main.TestCaseExecutor.runScript(TestCaseExecutor.java:328)
	at com.kms.katalon.core.main.TestCaseExecutor.doExecute(TestCaseExecutor.java:319)
	at com.kms.katalon.core.main.TestCaseExecutor.processExecutionPhase(TestCaseExecutor.java:298)
	at com.kms.katalon.core.main.TestCaseExecutor.accessMainPhase(TestCaseExecutor.java:290)
	at com.kms.katalon.core.main.TestCaseExecutor.execute(TestCaseExecutor.java:224)
	at com.kms.katalon.core.main.TestSuiteExecutor.accessTestCaseMainPhase(TestSuiteExecutor.java:129)
	at com.kms.katalon.core.main.TestSuiteExecutor.accessTestSuiteMainPhase(TestSuiteExecutor.java:112)
	at com.kms.katalon.core.main.TestSuiteExecutor.execute(TestSuiteExecutor.java:81)
	at com.kms.katalon.core.main.TestCaseMain.startTestSuite(TestCaseMain.java:149)
	at com.kms.katalon.core.main.TestCaseMain$startTestSuite$0.call(Unknown Source)
	at TempTestSuite1550652525208.run(TempTestSuite1550652525208.groovy:36)


2019-02-20 18:45:56 - [TEST_STEP][PASSED] - delay(3): Delayed 3 second(s)

2019-02-20 18:45:59 - [MESSAGE][PASSED] - Delayed 3 second(s)

2019-02-20 18:45:59 - [TEST_STEP][PASSED] - click(findTestObject("KeatMun/Form 7_default/OTC_Submit Form 7_Section F-G-H/Page_PERKESO/F1. Bankrup_yes")): Object: 'Object Repository/KeatMun/Form 7_default/OTC_Submit Form 7_Section F-G-H/Page_PERKESO/F1. Bankrup_yes' is clicked on

2019-02-20 18:46:01 - [MESSAGE][PASSED] - Object: 'Object Repository/KeatMun/Form 7_default/OTC_Submit Form 7_Section F-G-H/Page_PERKESO/F1. Bankrup_yes' is clicked on

2019-02-20 18:46:01 - [TEST_STEP][PASSED] - delay(3): Delayed 3 second(s)

2019-02-20 18:46:04 - [MESSAGE][PASSED] - Delayed 3 second(s)

2019-02-20 18:46:04 - [TEST_STEP][PASSED] - click(findTestObject("KeatMun/Form 7_default/OTC_Submit Form 7_Section F-G-H/Page_PERKESO/F2. Next_Page_AfterBankInfo")): Object: 'Object Repository/KeatMun/Form 7_default/OTC_Submit Form 7_Section F-G-H/Page_PERKESO/F2. Next_Page_AfterBankInfo' is clicked on

2019-02-20 18:46:06 - [MESSAGE][PASSED] - Object: 'Object Repository/KeatMun/Form 7_default/OTC_Submit Form 7_Section F-G-H/Page_PERKESO/F2. Next_Page_AfterBankInfo' is clicked on

2019-02-20 18:46:06 - [TEST_STEP][PASSED] - delay(5): Delayed 5 second(s)

2019-02-20 18:46:11 - [MESSAGE][PASSED] - Delayed 5 second(s)

2019-02-20 18:46:11 - [TEST_STEP][PASSED] - setText(findTestObject("KeatMun/Form 7_default/OTC_Submit Form 7_Section F-G-H/Page_PERKESO/G2. Hubungan dengan OB-nama"), "qwertyuiop"): Text 'qwertyuiop' is set on object 'Object Repository/KeatMun/Form 7_default/OTC_Submit Form 7_Section F-G-H/Page_PERKESO/G2. Hubungan dengan OB-nama'

2019-02-20 18:46:15 - [MESSAGE][PASSED] - Text 'qwertyuiop' is set on object 'Object Repository/KeatMun/Form 7_default/OTC_Submit Form 7_Section F-G-H/Page_PERKESO/G2. Hubungan dengan OB-nama'

2019-02-20 18:46:15 - [TEST_STEP][PASSED] - delay(2): Delayed 2 second(s)

2019-02-20 18:46:17 - [MESSAGE][PASSED] - Delayed 2 second(s)

2019-02-20 18:46:17 - [TEST_STEP][PASSED] - setText(findTestObject("KeatMun/Form 7_default/OTC_Submit Form 7_Section F-G-H/Page_PERKESO/G2. Hubungan dengan OB-ic.no"), "111111223333"): Text '111111223333' is set on object 'Object Repository/KeatMun/Form 7_default/OTC_Submit Form 7_Section F-G-H/Page_PERKESO/G2. Hubungan dengan OB-ic.no'

2019-02-20 18:46:22 - [MESSAGE][PASSED] - Text '111111223333' is set on object 'Object Repository/KeatMun/Form 7_default/OTC_Submit Form 7_Section F-G-H/Page_PERKESO/G2. Hubungan dengan OB-ic.no'

2019-02-20 18:46:22 - [TEST_STEP][PASSED] - delay(2): Delayed 2 second(s)

2019-02-20 18:46:24 - [MESSAGE][PASSED] - Delayed 2 second(s)

2019-02-20 18:46:24 - [TEST_STEP][PASSED] - setText(findTestObject("KeatMun/Form 7_default/OTC_Submit Form 7_Section F-G-H/Page_PERKESO/G2. Hubungan dengan OB-DOB"), "10/01/2019"): Text '10/01/2019' is set on object 'Object Repository/KeatMun/Form 7_default/OTC_Submit Form 7_Section F-G-H/Page_PERKESO/G2. Hubungan dengan OB-DOB'

2019-02-20 18:46:28 - [MESSAGE][PASSED] - Text '10/01/2019' is set on object 'Object Repository/KeatMun/Form 7_default/OTC_Submit Form 7_Section F-G-H/Page_PERKESO/G2. Hubungan dengan OB-DOB'

2019-02-20 18:46:28 - [TEST_STEP][PASSED] - delay(3): Delayed 3 second(s)

2019-02-20 18:46:31 - [MESSAGE][PASSED] - Delayed 3 second(s)

2019-02-20 18:46:31 - [TEST_STEP][FAILED] - click(findTestObject("KeatMun/Form 7_default/OTC_Submit Form 7_Section F-G-H/Page_PERKESO/G2. span_Isteri")): click(findTestObject("KeatMun/Form 7_default/OTC_Submit Form 7_Section F-G-H/Page_PERKESO/G2. span_Isteri")) FAILED.
Reason:
com.kms.katalon.core.exception.StepFailedException: Unable to click on object 'Object Repository/KeatMun/Form 7_default/OTC_Submit Form 7_Section F-G-H/Page_PERKESO/G2. span_Isteri' (Root cause: com.kms.katalon.core.webui.exception.WebElementNotFoundException: Web element with id: 'Object Repository/KeatMun/Form 7_default/OTC_Submit Form 7_Section F-G-H/Page_PERKESO/G2. span_Isteri' located by 'By.xpath: //span[@id = 'select2-dependentList0dependentRelationId-container' and @title = 'Isteri' and (text() = 'Isteri' or . = 'Isteri')]' not found)
	at com.kms.katalon.core.keyword.internal.KeywordMain.stepFailed(KeywordMain.groovy:36)
	at com.kms.katalon.core.webui.keyword.internal.WebUIKeywordMain.stepFailed(WebUIKeywordMain.groovy:65)
	at com.kms.katalon.core.webui.keyword.internal.WebUIKeywordMain.runKeyword(WebUIKeywordMain.groovy:27)
	at com.kms.katalon.core.webui.keyword.builtin.ClickKeyword.click(ClickKeyword.groovy:86)
	at com.kms.katalon.core.webui.keyword.builtin.ClickKeyword.execute(ClickKeyword.groovy:67)
	at com.kms.katalon.core.keyword.internal.KeywordExecutor.executeKeywordForPlatform(KeywordExecutor.groovy:53)
	at com.kms.katalon.core.webui.keyword.WebUiBuiltInKeywords.click(WebUiBuiltInKeywords.groovy:616)
	at com.kms.katalon.core.webui.keyword.WebUiBuiltInKeywords$click$3.call(Unknown Source)
	at OTC_Submit Form 7_Section F-G-H - Cheque.run(OTC_Submit Form 7_Section F-G-H - Cheque:41)
	at com.kms.katalon.core.main.ScriptEngine.run(ScriptEngine.java:194)
	at com.kms.katalon.core.main.ScriptEngine.runScriptAsRawText(ScriptEngine.java:119)
	at com.kms.katalon.core.main.TestCaseExecutor.runScript(TestCaseExecutor.java:328)
	at com.kms.katalon.core.main.TestCaseExecutor.doExecute(TestCaseExecutor.java:319)
	at com.kms.katalon.core.main.TestCaseExecutor.processExecutionPhase(TestCaseExecutor.java:298)
	at com.kms.katalon.core.main.TestCaseExecutor.accessMainPhase(TestCaseExecutor.java:290)
	at com.kms.katalon.core.main.TestCaseExecutor.execute(TestCaseExecutor.java:224)
	at com.kms.katalon.core.main.TestCaseMain.runTestCase(TestCaseMain.java:106)
	at com.kms.katalon.core.keyword.builtin.CallTestCaseKeyword$_callTestCase_closure1.doCall(CallTestCaseKeyword.groovy:59)
	at com.kms.katalon.core.keyword.builtin.CallTestCaseKeyword$_callTestCase_closure1.call(CallTestCaseKeyword.groovy)
	at com.kms.katalon.core.keyword.internal.KeywordMain.runKeyword(KeywordMain.groovy:54)
	at com.kms.katalon.core.keyword.builtin.CallTestCaseKeyword.callTestCase(CallTestCaseKeyword.groovy:80)
	at com.kms.katalon.core.keyword.builtin.CallTestCaseKeyword.execute(CallTestCaseKeyword.groovy:44)
	at com.kms.katalon.core.keyword.internal.KeywordExecutor.executeKeywordForPlatform(KeywordExecutor.groovy:53)
	at com.kms.katalon.core.keyword.BuiltinKeywords.callTestCase(BuiltinKeywords.groovy:334)
	at OTC_Submit Form 7_End to End - Cheque.run(OTC_Submit Form 7_End to End - Cheque:26)
	at com.kms.katalon.core.main.ScriptEngine.run(ScriptEngine.java:194)
	at com.kms.katalon.core.main.ScriptEngine.runScriptAsRawText(ScriptEngine.java:119)
	at com.kms.katalon.core.main.TestCaseExecutor.runScript(TestCaseExecutor.java:328)
	at com.kms.katalon.core.main.TestCaseExecutor.doExecute(TestCaseExecutor.java:319)
	at com.kms.katalon.core.main.TestCaseExecutor.processExecutionPhase(TestCaseExecutor.java:298)
	at com.kms.katalon.core.main.TestCaseExecutor.accessMainPhase(TestCaseExecutor.java:290)
	at com.kms.katalon.core.main.TestCaseExecutor.execute(TestCaseExecutor.java:224)
	at com.kms.katalon.core.main.TestCaseMain.runTestCase(TestCaseMain.java:106)
	at com.kms.katalon.core.keyword.builtin.CallTestCaseKeyword$_callTestCase_closure1.doCall(CallTestCaseKeyword.groovy:59)
	at com.kms.katalon.core.keyword.builtin.CallTestCaseKeyword$_callTestCase_closure1.call(CallTestCaseKeyword.groovy)
	at com.kms.katalon.core.keyword.internal.KeywordMain.runKeyword(KeywordMain.groovy:54)
	at com.kms.katalon.core.keyword.builtin.CallTestCaseKeyword.callTestCase(CallTestCaseKeyword.groovy:80)
	at com.kms.katalon.core.keyword.builtin.CallTestCaseKeyword.execute(CallTestCaseKeyword.groovy:44)
	at com.kms.katalon.core.keyword.internal.KeywordExecutor.executeKeywordForPlatform(KeywordExecutor.groovy:53)
	at com.kms.katalon.core.keyword.BuiltinKeywords.callTestCase(BuiltinKeywords.groovy:334)
	at Cross branch - EIO.run(Cross branch - EIO:16)
	at com.kms.katalon.core.main.ScriptEngine.run(ScriptEngine.java:194)
	at com.kms.katalon.core.main.ScriptEngine.runScriptAsRawText(ScriptEngine.java:119)
	at com.kms.katalon.core.main.TestCaseExecutor.runScript(TestCaseExecutor.java:328)
	at com.kms.katalon.core.main.TestCaseExecutor.doExecute(TestCaseExecutor.java:319)
	at com.kms.katalon.core.main.TestCaseExecutor.processExecutionPhase(TestCaseExecutor.java:298)
	at com.kms.katalon.core.main.TestCaseExecutor.accessMainPhase(TestCaseExecutor.java:290)
	at com.kms.katalon.core.main.TestCaseExecutor.execute(TestCaseExecutor.java:224)
	at com.kms.katalon.core.main.TestSuiteExecutor.accessTestCaseMainPhase(TestSuiteExecutor.java:129)
	at com.kms.katalon.core.main.TestSuiteExecutor.accessTestSuiteMainPhase(TestSuiteExecutor.java:112)
	at com.kms.katalon.core.main.TestSuiteExecutor.execute(TestSuiteExecutor.java:81)
	at com.kms.katalon.core.main.TestCaseMain.startTestSuite(TestCaseMain.java:149)
	at com.kms.katalon.core.main.TestCaseMain$startTestSuite$0.call(Unknown Source)
	at TempTestSuite1550652525208.run(TempTestSuite1550652525208.groovy:36)


2019-02-20 18:47:01 - [MESSAGE][INFO] - Unable to find the element located by 'By.xpath: //span[@id = 'select2-dependentList0dependentRelationId-container' and @title = 'Isteri' and (text() = 'Isteri' or . = 'Isteri')]'. Please recheck the objects properties to make sure the desired element is located. 

2019-02-20 18:47:03 - [MESSAGE][FAILED] - Unable to click on object 'Object Repository/KeatMun/Form 7_default/OTC_Submit Form 7_Section F-G-H/Page_PERKESO/G2. span_Isteri' (Root cause: com.kms.katalon.core.webui.exception.WebElementNotFoundException: Web element with id: 'Object Repository/KeatMun/Form 7_default/OTC_Submit Form 7_Section F-G-H/Page_PERKESO/G2. span_Isteri' located by 'By.xpath: //span[@id = 'select2-dependentList0dependentRelationId-container' and @title = 'Isteri' and (text() = 'Isteri' or . = 'Isteri')]' not found)
[[ATTACHMENT|C:\\Users\\Admin\\Documents\\GitHub\\PKSKatalon\\PKS-EI-ES\\Reports\\New Test Suite\\20190220_164845\\1550659621881.png]]

2019-02-20 18:47:03 - [MESSAGE][FAILED] - click(findTestObject("KeatMun/Form 7_default/OTC_Submit Form 7_Section F-G-H/Page_PERKESO/G2. span_Isteri")) FAILED.
Reason:
com.kms.katalon.core.exception.StepFailedException: Unable to click on object 'Object Repository/KeatMun/Form 7_default/OTC_Submit Form 7_Section F-G-H/Page_PERKESO/G2. span_Isteri' (Root cause: com.kms.katalon.core.webui.exception.WebElementNotFoundException: Web element with id: 'Object Repository/KeatMun/Form 7_default/OTC_Submit Form 7_Section F-G-H/Page_PERKESO/G2. span_Isteri' located by 'By.xpath: //span[@id = 'select2-dependentList0dependentRelationId-container' and @title = 'Isteri' and (text() = 'Isteri' or . = 'Isteri')]' not found)
	at com.kms.katalon.core.keyword.internal.KeywordMain.stepFailed(KeywordMain.groovy:36)
	at com.kms.katalon.core.webui.keyword.internal.WebUIKeywordMain.stepFailed(WebUIKeywordMain.groovy:65)
	at com.kms.katalon.core.webui.keyword.internal.WebUIKeywordMain.runKeyword(WebUIKeywordMain.groovy:27)
	at com.kms.katalon.core.webui.keyword.builtin.ClickKeyword.click(ClickKeyword.groovy:86)
	at com.kms.katalon.core.webui.keyword.builtin.ClickKeyword.execute(ClickKeyword.groovy:67)
	at com.kms.katalon.core.keyword.internal.KeywordExecutor.executeKeywordForPlatform(KeywordExecutor.groovy:53)
	at com.kms.katalon.core.webui.keyword.WebUiBuiltInKeywords.click(WebUiBuiltInKeywords.groovy:616)
	at com.kms.katalon.core.webui.keyword.WebUiBuiltInKeywords$click$3.call(Unknown Source)
	at OTC_Submit Form 7_Section F-G-H - Cheque.run(OTC_Submit Form 7_Section F-G-H - Cheque:41)
	at com.kms.katalon.core.main.ScriptEngine.run(ScriptEngine.java:194)
	at com.kms.katalon.core.main.ScriptEngine.runScriptAsRawText(ScriptEngine.java:119)
	at com.kms.katalon.core.main.TestCaseExecutor.runScript(TestCaseExecutor.java:328)
	at com.kms.katalon.core.main.TestCaseExecutor.doExecute(TestCaseExecutor.java:319)
	at com.kms.katalon.core.main.TestCaseExecutor.processExecutionPhase(TestCaseExecutor.java:298)
	at com.kms.katalon.core.main.TestCaseExecutor.accessMainPhase(TestCaseExecutor.java:290)
	at com.kms.katalon.core.main.TestCaseExecutor.execute(TestCaseExecutor.java:224)
	at com.kms.katalon.core.main.TestCaseMain.runTestCase(TestCaseMain.java:106)
	at com.kms.katalon.core.keyword.builtin.CallTestCaseKeyword$_callTestCase_closure1.doCall(CallTestCaseKeyword.groovy:59)
	at com.kms.katalon.core.keyword.builtin.CallTestCaseKeyword$_callTestCase_closure1.call(CallTestCaseKeyword.groovy)
	at com.kms.katalon.core.keyword.internal.KeywordMain.runKeyword(KeywordMain.groovy:54)
	at com.kms.katalon.core.keyword.builtin.CallTestCaseKeyword.callTestCase(CallTestCaseKeyword.groovy:80)
	at com.kms.katalon.core.keyword.builtin.CallTestCaseKeyword.execute(CallTestCaseKeyword.groovy:44)
	at com.kms.katalon.core.keyword.internal.KeywordExecutor.executeKeywordForPlatform(KeywordExecutor.groovy:53)
	at com.kms.katalon.core.keyword.BuiltinKeywords.callTestCase(BuiltinKeywords.groovy:334)
	at OTC_Submit Form 7_End to End - Cheque.run(OTC_Submit Form 7_End to End - Cheque:26)
	at com.kms.katalon.core.main.ScriptEngine.run(ScriptEngine.java:194)
	at com.kms.katalon.core.main.ScriptEngine.runScriptAsRawText(ScriptEngine.java:119)
	at com.kms.katalon.core.main.TestCaseExecutor.runScript(TestCaseExecutor.java:328)
	at com.kms.katalon.core.main.TestCaseExecutor.doExecute(TestCaseExecutor.java:319)
	at com.kms.katalon.core.main.TestCaseExecutor.processExecutionPhase(TestCaseExecutor.java:298)
	at com.kms.katalon.core.main.TestCaseExecutor.accessMainPhase(TestCaseExecutor.java:290)
	at com.kms.katalon.core.main.TestCaseExecutor.execute(TestCaseExecutor.java:224)
	at com.kms.katalon.core.main.TestCaseMain.runTestCase(TestCaseMain.java:106)
	at com.kms.katalon.core.keyword.builtin.CallTestCaseKeyword$_callTestCase_closure1.doCall(CallTestCaseKeyword.groovy:59)
	at com.kms.katalon.core.keyword.builtin.CallTestCaseKeyword$_callTestCase_closure1.call(CallTestCaseKeyword.groovy)
	at com.kms.katalon.core.keyword.internal.KeywordMain.runKeyword(KeywordMain.groovy:54)
	at com.kms.katalon.core.keyword.builtin.CallTestCaseKeyword.callTestCase(CallTestCaseKeyword.groovy:80)
	at com.kms.katalon.core.keyword.builtin.CallTestCaseKeyword.execute(CallTestCaseKeyword.groovy:44)
	at com.kms.katalon.core.keyword.internal.KeywordExecutor.executeKeywordForPlatform(KeywordExecutor.groovy:53)
	at com.kms.katalon.core.keyword.BuiltinKeywords.callTestCase(BuiltinKeywords.groovy:334)
	at Cross branch - EIO.run(Cross branch - EIO:16)
	at com.kms.katalon.core.main.ScriptEngine.run(ScriptEngine.java:194)
	at com.kms.katalon.core.main.ScriptEngine.runScriptAsRawText(ScriptEngine.java:119)
	at com.kms.katalon.core.main.TestCaseExecutor.runScript(TestCaseExecutor.java:328)
	at com.kms.katalon.core.main.TestCaseExecutor.doExecute(TestCaseExecutor.java:319)
	at com.kms.katalon.core.main.TestCaseExecutor.processExecutionPhase(TestCaseExecutor.java:298)
	at com.kms.katalon.core.main.TestCaseExecutor.accessMainPhase(TestCaseExecutor.java:290)
	at com.kms.katalon.core.main.TestCaseExecutor.execute(TestCaseExecutor.java:224)
	at com.kms.katalon.core.main.TestSuiteExecutor.accessTestCaseMainPhase(TestSuiteExecutor.java:129)
	at com.kms.katalon.core.main.TestSuiteExecutor.accessTestSuiteMainPhase(TestSuiteExecutor.java:112)
	at com.kms.katalon.core.main.TestSuiteExecutor.execute(TestSuiteExecutor.java:81)
	at com.kms.katalon.core.main.TestCaseMain.startTestSuite(TestCaseMain.java:149)
	at com.kms.katalon.core.main.TestCaseMain$startTestSuite$0.call(Unknown Source)
	at TempTestSuite1550652525208.run(TempTestSuite1550652525208.groovy:36)


2019-02-20 18:47:03 - [MESSAGE][FAILED] - Unable to call Test Case 'Test Cases/All TC/Arranged/3. Unit/EI/Form 7_default/OTC_Submit Form 7_Section F-G-H - Cheque' (Root cause: com.kms.katalon.core.exception.StepFailedException: Call Test Case 'Test Cases/All TC/Arranged/3. Unit/EI/Form 7_default/OTC_Submit Form 7_Section F-G-H - Cheque' failed)

2019-02-20 18:47:03 - [MESSAGE][FAILED] - callTestCase(findTestCase("All TC/Arranged/3. Unit/EI/Form 7_default/OTC_Submit Form 7_Section F-G-H - Cheque"), [:], STOP_ON_FAILURE) FAILED.
Reason:
com.kms.katalon.core.exception.StepFailedException: Unable to click on object 'Object Repository/KeatMun/Form 7_default/OTC_Submit Form 7_Section F-G-H/Page_PERKESO/G2. span_Isteri' (Root cause: com.kms.katalon.core.webui.exception.WebElementNotFoundException: Web element with id: 'Object Repository/KeatMun/Form 7_default/OTC_Submit Form 7_Section F-G-H/Page_PERKESO/G2. span_Isteri' located by 'By.xpath: //span[@id = 'select2-dependentList0dependentRelationId-container' and @title = 'Isteri' and (text() = 'Isteri' or . = 'Isteri')]' not found)
	at com.kms.katalon.core.keyword.internal.KeywordMain.stepFailed(KeywordMain.groovy:36)
	at com.kms.katalon.core.webui.keyword.internal.WebUIKeywordMain.stepFailed(WebUIKeywordMain.groovy:65)
	at com.kms.katalon.core.webui.keyword.internal.WebUIKeywordMain.runKeyword(WebUIKeywordMain.groovy:27)
	at com.kms.katalon.core.webui.keyword.builtin.ClickKeyword.click(ClickKeyword.groovy:86)
	at com.kms.katalon.core.webui.keyword.builtin.ClickKeyword.execute(ClickKeyword.groovy:67)
	at com.kms.katalon.core.keyword.internal.KeywordExecutor.executeKeywordForPlatform(KeywordExecutor.groovy:53)
	at com.kms.katalon.core.webui.keyword.WebUiBuiltInKeywords.click(WebUiBuiltInKeywords.groovy:616)
	at com.kms.katalon.core.webui.keyword.WebUiBuiltInKeywords$click$3.call(Unknown Source)
	at OTC_Submit Form 7_Section F-G-H - Cheque.run(OTC_Submit Form 7_Section F-G-H - Cheque:41)
	at com.kms.katalon.core.main.ScriptEngine.run(ScriptEngine.java:194)
	at com.kms.katalon.core.main.ScriptEngine.runScriptAsRawText(ScriptEngine.java:119)
	at com.kms.katalon.core.main.TestCaseExecutor.runScript(TestCaseExecutor.java:328)
	at com.kms.katalon.core.main.TestCaseExecutor.doExecute(TestCaseExecutor.java:319)
	at com.kms.katalon.core.main.TestCaseExecutor.processExecutionPhase(TestCaseExecutor.java:298)
	at com.kms.katalon.core.main.TestCaseExecutor.accessMainPhase(TestCaseExecutor.java:290)
	at com.kms.katalon.core.main.TestCaseExecutor.execute(TestCaseExecutor.java:224)
	at com.kms.katalon.core.main.TestCaseMain.runTestCase(TestCaseMain.java:106)
	at com.kms.katalon.core.keyword.builtin.CallTestCaseKeyword$_callTestCase_closure1.doCall(CallTestCaseKeyword.groovy:59)
	at com.kms.katalon.core.keyword.builtin.CallTestCaseKeyword$_callTestCase_closure1.call(CallTestCaseKeyword.groovy)
	at com.kms.katalon.core.keyword.internal.KeywordMain.runKeyword(KeywordMain.groovy:54)
	at com.kms.katalon.core.keyword.builtin.CallTestCaseKeyword.callTestCase(CallTestCaseKeyword.groovy:80)
	at com.kms.katalon.core.keyword.builtin.CallTestCaseKeyword.execute(CallTestCaseKeyword.groovy:44)
	at com.kms.katalon.core.keyword.internal.KeywordExecutor.executeKeywordForPlatform(KeywordExecutor.groovy:53)
	at com.kms.katalon.core.keyword.BuiltinKeywords.callTestCase(BuiltinKeywords.groovy:334)
	at OTC_Submit Form 7_End to End - Cheque.run(OTC_Submit Form 7_End to End - Cheque:26)
	at com.kms.katalon.core.main.ScriptEngine.run(ScriptEngine.java:194)
	at com.kms.katalon.core.main.ScriptEngine.runScriptAsRawText(ScriptEngine.java:119)
	at com.kms.katalon.core.main.TestCaseExecutor.runScript(TestCaseExecutor.java:328)
	at com.kms.katalon.core.main.TestCaseExecutor.doExecute(TestCaseExecutor.java:319)
	at com.kms.katalon.core.main.TestCaseExecutor.processExecutionPhase(TestCaseExecutor.java:298)
	at com.kms.katalon.core.main.TestCaseExecutor.accessMainPhase(TestCaseExecutor.java:290)
	at com.kms.katalon.core.main.TestCaseExecutor.execute(TestCaseExecutor.java:224)
	at com.kms.katalon.core.main.TestCaseMain.runTestCase(TestCaseMain.java:106)
	at com.kms.katalon.core.keyword.builtin.CallTestCaseKeyword$_callTestCase_closure1.doCall(CallTestCaseKeyword.groovy:59)
	at com.kms.katalon.core.keyword.builtin.CallTestCaseKeyword$_callTestCase_closure1.call(CallTestCaseKeyword.groovy)
	at com.kms.katalon.core.keyword.internal.KeywordMain.runKeyword(KeywordMain.groovy:54)
	at com.kms.katalon.core.keyword.builtin.CallTestCaseKeyword.callTestCase(CallTestCaseKeyword.groovy:80)
	at com.kms.katalon.core.keyword.builtin.CallTestCaseKeyword.execute(CallTestCaseKeyword.groovy:44)
	at com.kms.katalon.core.keyword.internal.KeywordExecutor.executeKeywordForPlatform(KeywordExecutor.groovy:53)
	at com.kms.katalon.core.keyword.BuiltinKeywords.callTestCase(BuiltinKeywords.groovy:334)
	at Cross branch - EIO.run(Cross branch - EIO:16)
	at com.kms.katalon.core.main.ScriptEngine.run(ScriptEngine.java:194)
	at com.kms.katalon.core.main.ScriptEngine.runScriptAsRawText(ScriptEngine.java:119)
	at com.kms.katalon.core.main.TestCaseExecutor.runScript(TestCaseExecutor.java:328)
	at com.kms.katalon.core.main.TestCaseExecutor.doExecute(TestCaseExecutor.java:319)
	at com.kms.katalon.core.main.TestCaseExecutor.processExecutionPhase(TestCaseExecutor.java:298)
	at com.kms.katalon.core.main.TestCaseExecutor.accessMainPhase(TestCaseExecutor.java:290)
	at com.kms.katalon.core.main.TestCaseExecutor.execute(TestCaseExecutor.java:224)
	at com.kms.katalon.core.main.TestSuiteExecutor.accessTestCaseMainPhase(TestSuiteExecutor.java:129)
	at com.kms.katalon.core.main.TestSuiteExecutor.accessTestSuiteMainPhase(TestSuiteExecutor.java:112)
	at com.kms.katalon.core.main.TestSuiteExecutor.execute(TestSuiteExecutor.java:81)
	at com.kms.katalon.core.main.TestCaseMain.startTestSuite(TestCaseMain.java:149)
	at com.kms.katalon.core.main.TestCaseMain$startTestSuite$0.call(Unknown Source)
	at TempTestSuite1550652525208.run(TempTestSuite1550652525208.groovy:36)


2019-02-20 18:47:04 - [MESSAGE][FAILED] - Unable to call Test Case 'Test Cases/All TC/Arranged/2. Segment/OTC_Submit Form 7_End to End - Cheque' (Root cause: com.kms.katalon.core.exception.StepFailedException: Call Test Case 'Test Cases/All TC/Arranged/2. Segment/OTC_Submit Form 7_End to End - Cheque' failed)

2019-02-20 18:47:04 - [MESSAGE][FAILED] - callTestCase(findTestCase("All TC/Arranged/2. Segment/OTC_Submit Form 7_End to End - Cheque"), [:], STOP_ON_FAILURE) FAILED.
Reason:
com.kms.katalon.core.exception.StepFailedException: Unable to click on object 'Object Repository/KeatMun/Form 7_default/OTC_Submit Form 7_Section F-G-H/Page_PERKESO/G2. span_Isteri' (Root cause: com.kms.katalon.core.webui.exception.WebElementNotFoundException: Web element with id: 'Object Repository/KeatMun/Form 7_default/OTC_Submit Form 7_Section F-G-H/Page_PERKESO/G2. span_Isteri' located by 'By.xpath: //span[@id = 'select2-dependentList0dependentRelationId-container' and @title = 'Isteri' and (text() = 'Isteri' or . = 'Isteri')]' not found)
	at com.kms.katalon.core.keyword.internal.KeywordMain.stepFailed(KeywordMain.groovy:36)
	at com.kms.katalon.core.webui.keyword.internal.WebUIKeywordMain.stepFailed(WebUIKeywordMain.groovy:65)
	at com.kms.katalon.core.webui.keyword.internal.WebUIKeywordMain.runKeyword(WebUIKeywordMain.groovy:27)
	at com.kms.katalon.core.webui.keyword.builtin.ClickKeyword.click(ClickKeyword.groovy:86)
	at com.kms.katalon.core.webui.keyword.builtin.ClickKeyword.execute(ClickKeyword.groovy:67)
	at com.kms.katalon.core.keyword.internal.KeywordExecutor.executeKeywordForPlatform(KeywordExecutor.groovy:53)
	at com.kms.katalon.core.webui.keyword.WebUiBuiltInKeywords.click(WebUiBuiltInKeywords.groovy:616)
	at com.kms.katalon.core.webui.keyword.WebUiBuiltInKeywords$click$3.call(Unknown Source)
	at OTC_Submit Form 7_Section F-G-H - Cheque.run(OTC_Submit Form 7_Section F-G-H - Cheque:41)
	at com.kms.katalon.core.main.ScriptEngine.run(ScriptEngine.java:194)
	at com.kms.katalon.core.main.ScriptEngine.runScriptAsRawText(ScriptEngine.java:119)
	at com.kms.katalon.core.main.TestCaseExecutor.runScript(TestCaseExecutor.java:328)
	at com.kms.katalon.core.main.TestCaseExecutor.doExecute(TestCaseExecutor.java:319)
	at com.kms.katalon.core.main.TestCaseExecutor.processExecutionPhase(TestCaseExecutor.java:298)
	at com.kms.katalon.core.main.TestCaseExecutor.accessMainPhase(TestCaseExecutor.java:290)
	at com.kms.katalon.core.main.TestCaseExecutor.execute(TestCaseExecutor.java:224)
	at com.kms.katalon.core.main.TestCaseMain.runTestCase(TestCaseMain.java:106)
	at com.kms.katalon.core.keyword.builtin.CallTestCaseKeyword$_callTestCase_closure1.doCall(CallTestCaseKeyword.groovy:59)
	at com.kms.katalon.core.keyword.builtin.CallTestCaseKeyword$_callTestCase_closure1.call(CallTestCaseKeyword.groovy)
	at com.kms.katalon.core.keyword.internal.KeywordMain.runKeyword(KeywordMain.groovy:54)
	at com.kms.katalon.core.keyword.builtin.CallTestCaseKeyword.callTestCase(CallTestCaseKeyword.groovy:80)
	at com.kms.katalon.core.keyword.builtin.CallTestCaseKeyword.execute(CallTestCaseKeyword.groovy:44)
	at com.kms.katalon.core.keyword.internal.KeywordExecutor.executeKeywordForPlatform(KeywordExecutor.groovy:53)
	at com.kms.katalon.core.keyword.BuiltinKeywords.callTestCase(BuiltinKeywords.groovy:334)
	at OTC_Submit Form 7_End to End - Cheque.run(OTC_Submit Form 7_End to End - Cheque:26)
	at com.kms.katalon.core.main.ScriptEngine.run(ScriptEngine.java:194)
	at com.kms.katalon.core.main.ScriptEngine.runScriptAsRawText(ScriptEngine.java:119)
	at com.kms.katalon.core.main.TestCaseExecutor.runScript(TestCaseExecutor.java:328)
	at com.kms.katalon.core.main.TestCaseExecutor.doExecute(TestCaseExecutor.java:319)
	at com.kms.katalon.core.main.TestCaseExecutor.processExecutionPhase(TestCaseExecutor.java:298)
	at com.kms.katalon.core.main.TestCaseExecutor.accessMainPhase(TestCaseExecutor.java:290)
	at com.kms.katalon.core.main.TestCaseExecutor.execute(TestCaseExecutor.java:224)
	at com.kms.katalon.core.main.TestCaseMain.runTestCase(TestCaseMain.java:106)
	at com.kms.katalon.core.keyword.builtin.CallTestCaseKeyword$_callTestCase_closure1.doCall(CallTestCaseKeyword.groovy:59)
	at com.kms.katalon.core.keyword.builtin.CallTestCaseKeyword$_callTestCase_closure1.call(CallTestCaseKeyword.groovy)
	at com.kms.katalon.core.keyword.internal.KeywordMain.runKeyword(KeywordMain.groovy:54)
	at com.kms.katalon.core.keyword.builtin.CallTestCaseKeyword.callTestCase(CallTestCaseKeyword.groovy:80)
	at com.kms.katalon.core.keyword.builtin.CallTestCaseKeyword.execute(CallTestCaseKeyword.groovy:44)
	at com.kms.katalon.core.keyword.internal.KeywordExecutor.executeKeywordForPlatform(KeywordExecutor.groovy:53)
	at com.kms.katalon.core.keyword.BuiltinKeywords.callTestCase(BuiltinKeywords.groovy:334)
	at Cross branch - EIO.run(Cross branch - EIO:16)
	at com.kms.katalon.core.main.ScriptEngine.run(ScriptEngine.java:194)
	at com.kms.katalon.core.main.ScriptEngine.runScriptAsRawText(ScriptEngine.java:119)
	at com.kms.katalon.core.main.TestCaseExecutor.runScript(TestCaseExecutor.java:328)
	at com.kms.katalon.core.main.TestCaseExecutor.doExecute(TestCaseExecutor.java:319)
	at com.kms.katalon.core.main.TestCaseExecutor.processExecutionPhase(TestCaseExecutor.java:298)
	at com.kms.katalon.core.main.TestCaseExecutor.accessMainPhase(TestCaseExecutor.java:290)
	at com.kms.katalon.core.main.TestCaseExecutor.execute(TestCaseExecutor.java:224)
	at com.kms.katalon.core.main.TestSuiteExecutor.accessTestCaseMainPhase(TestSuiteExecutor.java:129)
	at com.kms.katalon.core.main.TestSuiteExecutor.accessTestSuiteMainPhase(TestSuiteExecutor.java:112)
	at com.kms.katalon.core.main.TestSuiteExecutor.execute(TestSuiteExecutor.java:81)
	at com.kms.katalon.core.main.TestCaseMain.startTestSuite(TestCaseMain.java:149)
	at com.kms.katalon.core.main.TestCaseMain$startTestSuite$0.call(Unknown Source)
	at TempTestSuite1550652525208.run(TempTestSuite1550652525208.groovy:36)]]></system-out>
         <system-err><![CDATA[2019-02-20 18:37:17 - [TEST_CASE][FAILED] - Test Cases/All TC/Arranged/0. Full Flow/Query/Cross branch - EIO: Test Cases/All TC/Arranged/0. Full Flow/Query/Cross branch - EIO FAILED.
Reason:
com.kms.katalon.core.exception.StepFailedException: Unable to click on object 'Object Repository/KeatMun/Form 7_default/OTC_Submit Form 7_Section F-G-H/Page_PERKESO/G2. span_Isteri' (Root cause: com.kms.katalon.core.webui.exception.WebElementNotFoundException: Web element with id: 'Object Repository/KeatMun/Form 7_default/OTC_Submit Form 7_Section F-G-H/Page_PERKESO/G2. span_Isteri' located by 'By.xpath: //span[@id = 'select2-dependentList0dependentRelationId-container' and @title = 'Isteri' and (text() = 'Isteri' or . = 'Isteri')]' not found)
	at com.kms.katalon.core.keyword.internal.KeywordMain.stepFailed(KeywordMain.groovy:36)
	at com.kms.katalon.core.webui.keyword.internal.WebUIKeywordMain.stepFailed(WebUIKeywordMain.groovy:65)
	at com.kms.katalon.core.webui.keyword.internal.WebUIKeywordMain.runKeyword(WebUIKeywordMain.groovy:27)
	at com.kms.katalon.core.webui.keyword.builtin.ClickKeyword.click(ClickKeyword.groovy:86)
	at com.kms.katalon.core.webui.keyword.builtin.ClickKeyword.execute(ClickKeyword.groovy:67)
	at com.kms.katalon.core.keyword.internal.KeywordExecutor.executeKeywordForPlatform(KeywordExecutor.groovy:53)
	at com.kms.katalon.core.webui.keyword.WebUiBuiltInKeywords.click(WebUiBuiltInKeywords.groovy:616)
	at com.kms.katalon.core.webui.keyword.WebUiBuiltInKeywords$click$3.call(Unknown Source)
	at OTC_Submit Form 7_Section F-G-H - Cheque.run(OTC_Submit Form 7_Section F-G-H - Cheque:41)
	at com.kms.katalon.core.main.ScriptEngine.run(ScriptEngine.java:194)
	at com.kms.katalon.core.main.ScriptEngine.runScriptAsRawText(ScriptEngine.java:119)
	at com.kms.katalon.core.main.TestCaseExecutor.runScript(TestCaseExecutor.java:328)
	at com.kms.katalon.core.main.TestCaseExecutor.doExecute(TestCaseExecutor.java:319)
	at com.kms.katalon.core.main.TestCaseExecutor.processExecutionPhase(TestCaseExecutor.java:298)
	at com.kms.katalon.core.main.TestCaseExecutor.accessMainPhase(TestCaseExecutor.java:290)
	at com.kms.katalon.core.main.TestCaseExecutor.execute(TestCaseExecutor.java:224)
	at com.kms.katalon.core.main.TestCaseMain.runTestCase(TestCaseMain.java:106)
	at com.kms.katalon.core.keyword.builtin.CallTestCaseKeyword$_callTestCase_closure1.doCall(CallTestCaseKeyword.groovy:59)
	at com.kms.katalon.core.keyword.builtin.CallTestCaseKeyword$_callTestCase_closure1.call(CallTestCaseKeyword.groovy)
	at com.kms.katalon.core.keyword.internal.KeywordMain.runKeyword(KeywordMain.groovy:54)
	at com.kms.katalon.core.keyword.builtin.CallTestCaseKeyword.callTestCase(CallTestCaseKeyword.groovy:80)
	at com.kms.katalon.core.keyword.builtin.CallTestCaseKeyword.execute(CallTestCaseKeyword.groovy:44)
	at com.kms.katalon.core.keyword.internal.KeywordExecutor.executeKeywordForPlatform(KeywordExecutor.groovy:53)
	at com.kms.katalon.core.keyword.BuiltinKeywords.callTestCase(BuiltinKeywords.groovy:334)
	at OTC_Submit Form 7_End to End - Cheque.run(OTC_Submit Form 7_End to End - Cheque:26)
	at com.kms.katalon.core.main.ScriptEngine.run(ScriptEngine.java:194)
	at com.kms.katalon.core.main.ScriptEngine.runScriptAsRawText(ScriptEngine.java:119)
	at com.kms.katalon.core.main.TestCaseExecutor.runScript(TestCaseExecutor.java:328)
	at com.kms.katalon.core.main.TestCaseExecutor.doExecute(TestCaseExecutor.java:319)
	at com.kms.katalon.core.main.TestCaseExecutor.processExecutionPhase(TestCaseExecutor.java:298)
	at com.kms.katalon.core.main.TestCaseExecutor.accessMainPhase(TestCaseExecutor.java:290)
	at com.kms.katalon.core.main.TestCaseExecutor.execute(TestCaseExecutor.java:224)
	at com.kms.katalon.core.main.TestCaseMain.runTestCase(TestCaseMain.java:106)
	at com.kms.katalon.core.keyword.builtin.CallTestCaseKeyword$_callTestCase_closure1.doCall(CallTestCaseKeyword.groovy:59)
	at com.kms.katalon.core.keyword.builtin.CallTestCaseKeyword$_callTestCase_closure1.call(CallTestCaseKeyword.groovy)
	at com.kms.katalon.core.keyword.internal.KeywordMain.runKeyword(KeywordMain.groovy:54)
	at com.kms.katalon.core.keyword.builtin.CallTestCaseKeyword.callTestCase(CallTestCaseKeyword.groovy:80)
	at com.kms.katalon.core.keyword.builtin.CallTestCaseKeyword.execute(CallTestCaseKeyword.groovy:44)
	at com.kms.katalon.core.keyword.internal.KeywordExecutor.executeKeywordForPlatform(KeywordExecutor.groovy:53)
	at com.kms.katalon.core.keyword.BuiltinKeywords.callTestCase(BuiltinKeywords.groovy:334)
	at Cross branch - EIO.run(Cross branch - EIO:16)
	at com.kms.katalon.core.main.ScriptEngine.run(ScriptEngine.java:194)
	at com.kms.katalon.core.main.ScriptEngine.runScriptAsRawText(ScriptEngine.java:119)
	at com.kms.katalon.core.main.TestCaseExecutor.runScript(TestCaseExecutor.java:328)
	at com.kms.katalon.core.main.TestCaseExecutor.doExecute(TestCaseExecutor.java:319)
	at com.kms.katalon.core.main.TestCaseExecutor.processExecutionPhase(TestCaseExecutor.java:298)
	at com.kms.katalon.core.main.TestCaseExecutor.accessMainPhase(TestCaseExecutor.java:290)
	at com.kms.katalon.core.main.TestCaseExecutor.execute(TestCaseExecutor.java:224)
	at com.kms.katalon.core.main.TestSuiteExecutor.accessTestCaseMainPhase(TestSuiteExecutor.java:129)
	at com.kms.katalon.core.main.TestSuiteExecutor.accessTestSuiteMainPhase(TestSuiteExecutor.java:112)
	at com.kms.katalon.core.main.TestSuiteExecutor.execute(TestSuiteExecutor.java:81)
	at com.kms.katalon.core.main.TestCaseMain.startTestSuite(TestCaseMain.java:149)
	at com.kms.katalon.core.main.TestCaseMain$startTestSuite$0.call(Unknown Source)
	at TempTestSuite1550652525208.run(TempTestSuite1550652525208.groovy:36)]]></system-err>
      </testcase>
      <testcase name="Test Cases/All TC/Arranged/0. Full Flow/Disbursement end to end (EFT Reject)" classname="Test Cases/All TC/Arranged/0. Full Flow/Disbursement end to end (EFT Reject)" status="FAILED">
         <failure type="FAILED" message="Test Cases/All TC/Arranged/0. Full Flow/Disbursement end to end (EFT Reject) FAILED.
Reason:
com.kms.katalon.core.exception.StepFailedException: Unable to get text of object 'Object Repository/YongJun/Disbursement/Disbursement - EFT/DS - Pending Claim (EFT)/Page_PERKESO/Get Case ID' (Root cause: com.kms.katalon.core.webui.exception.WebElementNotFoundException: Web element with id: 'Object Repository/YongJun/Disbursement/Disbursement - EFT/DS - Pending Claim (EFT)/Page_PERKESO/Get Case ID' located by 'By.xpath: id(&quot;pendingClaimTableId&quot;)/tbody[1]/tr[@class=&quot;odd&quot;]/td[2]' not found)
	at com.kms.katalon.core.keyword.internal.KeywordMain.stepFailed(KeywordMain.groovy:36)
	at com.kms.katalon.core.webui.keyword.internal.WebUIKeywordMain.stepFailed(WebUIKeywordMain.groovy:65)
	at com.kms.katalon.core.webui.keyword.internal.WebUIKeywordMain.runKeyword(WebUIKeywordMain.groovy:27)
	at com.kms.katalon.core.webui.keyword.builtin.GetTextKeyword.getText(GetTextKeyword.groovy:88)
	at com.kms.katalon.core.webui.keyword.builtin.GetTextKeyword.execute(GetTextKeyword.groovy:67)
	at com.kms.katalon.core.keyword.internal.KeywordExecutor.executeKeywordForPlatform(KeywordExecutor.groovy:53)
	at com.kms.katalon.core.webui.keyword.WebUiBuiltInKeywords.getText(WebUiBuiltInKeywords.groovy:888)
	at com.kms.katalon.core.webui.keyword.WebUiBuiltInKeywords$getText$9.call(Unknown Source)
	at DS - Pending Claim (EFT).run(DS - Pending Claim (EFT):32)
	at com.kms.katalon.core.main.ScriptEngine.run(ScriptEngine.java:194)
	at com.kms.katalon.core.main.ScriptEngine.runScriptAsRawText(ScriptEngine.java:119)
	at com.kms.katalon.core.main.TestCaseExecutor.runScript(TestCaseExecutor.java:328)
	at com.kms.katalon.core.main.TestCaseExecutor.doExecute(TestCaseExecutor.java:319)
	at com.kms.katalon.core.main.TestCaseExecutor.processExecutionPhase(TestCaseExecutor.java:298)
	at com.kms.katalon.core.main.TestCaseExecutor.accessMainPhase(TestCaseExecutor.java:290)
	at com.kms.katalon.core.main.TestCaseExecutor.execute(TestCaseExecutor.java:224)
	at com.kms.katalon.core.main.TestCaseMain.runTestCase(TestCaseMain.java:106)
	at com.kms.katalon.core.keyword.builtin.CallTestCaseKeyword$_callTestCase_closure1.doCall(CallTestCaseKeyword.groovy:59)
	at com.kms.katalon.core.keyword.builtin.CallTestCaseKeyword$_callTestCase_closure1.call(CallTestCaseKeyword.groovy)
	at com.kms.katalon.core.keyword.internal.KeywordMain.runKeyword(KeywordMain.groovy:54)
	at com.kms.katalon.core.keyword.builtin.CallTestCaseKeyword.callTestCase(CallTestCaseKeyword.groovy:80)
	at com.kms.katalon.core.keyword.builtin.CallTestCaseKeyword.execute(CallTestCaseKeyword.groovy:44)
	at com.kms.katalon.core.keyword.internal.KeywordExecutor.executeKeywordForPlatform(KeywordExecutor.groovy:53)
	at com.kms.katalon.core.keyword.BuiltinKeywords.callTestCase(BuiltinKeywords.groovy:334)
	at Disbursement end to end (EFT Reject).run(Disbursement end to end (EFT Reject):16)
	at com.kms.katalon.core.main.ScriptEngine.run(ScriptEngine.java:194)
	at com.kms.katalon.core.main.ScriptEngine.runScriptAsRawText(ScriptEngine.java:119)
	at com.kms.katalon.core.main.TestCaseExecutor.runScript(TestCaseExecutor.java:328)
	at com.kms.katalon.core.main.TestCaseExecutor.doExecute(TestCaseExecutor.java:319)
	at com.kms.katalon.core.main.TestCaseExecutor.processExecutionPhase(TestCaseExecutor.java:298)
	at com.kms.katalon.core.main.TestCaseExecutor.accessMainPhase(TestCaseExecutor.java:290)
	at com.kms.katalon.core.main.TestCaseExecutor.execute(TestCaseExecutor.java:224)
	at com.kms.katalon.core.main.TestSuiteExecutor.accessTestCaseMainPhase(TestSuiteExecutor.java:129)
	at com.kms.katalon.core.main.TestSuiteExecutor.accessTestSuiteMainPhase(TestSuiteExecutor.java:112)
	at com.kms.katalon.core.main.TestSuiteExecutor.execute(TestSuiteExecutor.java:81)
	at com.kms.katalon.core.main.TestCaseMain.startTestSuite(TestCaseMain.java:149)
	at com.kms.katalon.core.main.TestCaseMain$startTestSuite$0.call(Unknown Source)
	at TempTestSuite1550652525208.run(TempTestSuite1550652525208.groovy:36)
"/>
         <system-out><![CDATA[2019-02-20 18:47:05 - [TEST_CASE][FAILED] - Test Cases/All TC/Arranged/0. Full Flow/Disbursement end to end (EFT Reject): Test Cases/All TC/Arranged/0. Full Flow/Disbursement end to end (EFT Reject) FAILED.
Reason:
com.kms.katalon.core.exception.StepFailedException: Unable to get text of object 'Object Repository/YongJun/Disbursement/Disbursement - EFT/DS - Pending Claim (EFT)/Page_PERKESO/Get Case ID' (Root cause: com.kms.katalon.core.webui.exception.WebElementNotFoundException: Web element with id: 'Object Repository/YongJun/Disbursement/Disbursement - EFT/DS - Pending Claim (EFT)/Page_PERKESO/Get Case ID' located by 'By.xpath: id("pendingClaimTableId")/tbody[1]/tr[@class="odd"]/td[2]' not found)
	at com.kms.katalon.core.keyword.internal.KeywordMain.stepFailed(KeywordMain.groovy:36)
	at com.kms.katalon.core.webui.keyword.internal.WebUIKeywordMain.stepFailed(WebUIKeywordMain.groovy:65)
	at com.kms.katalon.core.webui.keyword.internal.WebUIKeywordMain.runKeyword(WebUIKeywordMain.groovy:27)
	at com.kms.katalon.core.webui.keyword.builtin.GetTextKeyword.getText(GetTextKeyword.groovy:88)
	at com.kms.katalon.core.webui.keyword.builtin.GetTextKeyword.execute(GetTextKeyword.groovy:67)
	at com.kms.katalon.core.keyword.internal.KeywordExecutor.executeKeywordForPlatform(KeywordExecutor.groovy:53)
	at com.kms.katalon.core.webui.keyword.WebUiBuiltInKeywords.getText(WebUiBuiltInKeywords.groovy:888)
	at com.kms.katalon.core.webui.keyword.WebUiBuiltInKeywords$getText$9.call(Unknown Source)
	at DS - Pending Claim (EFT).run(DS - Pending Claim (EFT):32)
	at com.kms.katalon.core.main.ScriptEngine.run(ScriptEngine.java:194)
	at com.kms.katalon.core.main.ScriptEngine.runScriptAsRawText(ScriptEngine.java:119)
	at com.kms.katalon.core.main.TestCaseExecutor.runScript(TestCaseExecutor.java:328)
	at com.kms.katalon.core.main.TestCaseExecutor.doExecute(TestCaseExecutor.java:319)
	at com.kms.katalon.core.main.TestCaseExecutor.processExecutionPhase(TestCaseExecutor.java:298)
	at com.kms.katalon.core.main.TestCaseExecutor.accessMainPhase(TestCaseExecutor.java:290)
	at com.kms.katalon.core.main.TestCaseExecutor.execute(TestCaseExecutor.java:224)
	at com.kms.katalon.core.main.TestCaseMain.runTestCase(TestCaseMain.java:106)
	at com.kms.katalon.core.keyword.builtin.CallTestCaseKeyword$_callTestCase_closure1.doCall(CallTestCaseKeyword.groovy:59)
	at com.kms.katalon.core.keyword.builtin.CallTestCaseKeyword$_callTestCase_closure1.call(CallTestCaseKeyword.groovy)
	at com.kms.katalon.core.keyword.internal.KeywordMain.runKeyword(KeywordMain.groovy:54)
	at com.kms.katalon.core.keyword.builtin.CallTestCaseKeyword.callTestCase(CallTestCaseKeyword.groovy:80)
	at com.kms.katalon.core.keyword.builtin.CallTestCaseKeyword.execute(CallTestCaseKeyword.groovy:44)
	at com.kms.katalon.core.keyword.internal.KeywordExecutor.executeKeywordForPlatform(KeywordExecutor.groovy:53)
	at com.kms.katalon.core.keyword.BuiltinKeywords.callTestCase(BuiltinKeywords.groovy:334)
	at Disbursement end to end (EFT Reject).run(Disbursement end to end (EFT Reject):16)
	at com.kms.katalon.core.main.ScriptEngine.run(ScriptEngine.java:194)
	at com.kms.katalon.core.main.ScriptEngine.runScriptAsRawText(ScriptEngine.java:119)
	at com.kms.katalon.core.main.TestCaseExecutor.runScript(TestCaseExecutor.java:328)
	at com.kms.katalon.core.main.TestCaseExecutor.doExecute(TestCaseExecutor.java:319)
	at com.kms.katalon.core.main.TestCaseExecutor.processExecutionPhase(TestCaseExecutor.java:298)
	at com.kms.katalon.core.main.TestCaseExecutor.accessMainPhase(TestCaseExecutor.java:290)
	at com.kms.katalon.core.main.TestCaseExecutor.execute(TestCaseExecutor.java:224)
	at com.kms.katalon.core.main.TestSuiteExecutor.accessTestCaseMainPhase(TestSuiteExecutor.java:129)
	at com.kms.katalon.core.main.TestSuiteExecutor.accessTestSuiteMainPhase(TestSuiteExecutor.java:112)
	at com.kms.katalon.core.main.TestSuiteExecutor.execute(TestSuiteExecutor.java:81)
	at com.kms.katalon.core.main.TestCaseMain.startTestSuite(TestCaseMain.java:149)
	at com.kms.katalon.core.main.TestCaseMain$startTestSuite$0.call(Unknown Source)
	at TempTestSuite1550652525208.run(TempTestSuite1550652525208.groovy:36)


2019-02-20 18:47:06 - [TEST_STEP][FAILED] - callTestCase(findTestCase("All TC/Arranged/2. Segment/2.6 Disbursement/DS - EFT/DS - Pending Claim (EFT)"), [:], STOP_ON_FAILURE): callTestCase(findTestCase("All TC/Arranged/2. Segment/2.6 Disbursement/DS - EFT/DS - Pending Claim (EFT)"), [:], STOP_ON_FAILURE) FAILED.
Reason:
com.kms.katalon.core.exception.StepFailedException: Unable to get text of object 'Object Repository/YongJun/Disbursement/Disbursement - EFT/DS - Pending Claim (EFT)/Page_PERKESO/Get Case ID' (Root cause: com.kms.katalon.core.webui.exception.WebElementNotFoundException: Web element with id: 'Object Repository/YongJun/Disbursement/Disbursement - EFT/DS - Pending Claim (EFT)/Page_PERKESO/Get Case ID' located by 'By.xpath: id("pendingClaimTableId")/tbody[1]/tr[@class="odd"]/td[2]' not found)
	at com.kms.katalon.core.keyword.internal.KeywordMain.stepFailed(KeywordMain.groovy:36)
	at com.kms.katalon.core.webui.keyword.internal.WebUIKeywordMain.stepFailed(WebUIKeywordMain.groovy:65)
	at com.kms.katalon.core.webui.keyword.internal.WebUIKeywordMain.runKeyword(WebUIKeywordMain.groovy:27)
	at com.kms.katalon.core.webui.keyword.builtin.GetTextKeyword.getText(GetTextKeyword.groovy:88)
	at com.kms.katalon.core.webui.keyword.builtin.GetTextKeyword.execute(GetTextKeyword.groovy:67)
	at com.kms.katalon.core.keyword.internal.KeywordExecutor.executeKeywordForPlatform(KeywordExecutor.groovy:53)
	at com.kms.katalon.core.webui.keyword.WebUiBuiltInKeywords.getText(WebUiBuiltInKeywords.groovy:888)
	at com.kms.katalon.core.webui.keyword.WebUiBuiltInKeywords$getText$9.call(Unknown Source)
	at DS - Pending Claim (EFT).run(DS - Pending Claim (EFT):32)
	at com.kms.katalon.core.main.ScriptEngine.run(ScriptEngine.java:194)
	at com.kms.katalon.core.main.ScriptEngine.runScriptAsRawText(ScriptEngine.java:119)
	at com.kms.katalon.core.main.TestCaseExecutor.runScript(TestCaseExecutor.java:328)
	at com.kms.katalon.core.main.TestCaseExecutor.doExecute(TestCaseExecutor.java:319)
	at com.kms.katalon.core.main.TestCaseExecutor.processExecutionPhase(TestCaseExecutor.java:298)
	at com.kms.katalon.core.main.TestCaseExecutor.accessMainPhase(TestCaseExecutor.java:290)
	at com.kms.katalon.core.main.TestCaseExecutor.execute(TestCaseExecutor.java:224)
	at com.kms.katalon.core.main.TestCaseMain.runTestCase(TestCaseMain.java:106)
	at com.kms.katalon.core.keyword.builtin.CallTestCaseKeyword$_callTestCase_closure1.doCall(CallTestCaseKeyword.groovy:59)
	at com.kms.katalon.core.keyword.builtin.CallTestCaseKeyword$_callTestCase_closure1.call(CallTestCaseKeyword.groovy)
	at com.kms.katalon.core.keyword.internal.KeywordMain.runKeyword(KeywordMain.groovy:54)
	at com.kms.katalon.core.keyword.builtin.CallTestCaseKeyword.callTestCase(CallTestCaseKeyword.groovy:80)
	at com.kms.katalon.core.keyword.builtin.CallTestCaseKeyword.execute(CallTestCaseKeyword.groovy:44)
	at com.kms.katalon.core.keyword.internal.KeywordExecutor.executeKeywordForPlatform(KeywordExecutor.groovy:53)
	at com.kms.katalon.core.keyword.BuiltinKeywords.callTestCase(BuiltinKeywords.groovy:334)
	at Disbursement end to end (EFT Reject).run(Disbursement end to end (EFT Reject):16)
	at com.kms.katalon.core.main.ScriptEngine.run(ScriptEngine.java:194)
	at com.kms.katalon.core.main.ScriptEngine.runScriptAsRawText(ScriptEngine.java:119)
	at com.kms.katalon.core.main.TestCaseExecutor.runScript(TestCaseExecutor.java:328)
	at com.kms.katalon.core.main.TestCaseExecutor.doExecute(TestCaseExecutor.java:319)
	at com.kms.katalon.core.main.TestCaseExecutor.processExecutionPhase(TestCaseExecutor.java:298)
	at com.kms.katalon.core.main.TestCaseExecutor.accessMainPhase(TestCaseExecutor.java:290)
	at com.kms.katalon.core.main.TestCaseExecutor.execute(TestCaseExecutor.java:224)
	at com.kms.katalon.core.main.TestSuiteExecutor.accessTestCaseMainPhase(TestSuiteExecutor.java:129)
	at com.kms.katalon.core.main.TestSuiteExecutor.accessTestSuiteMainPhase(TestSuiteExecutor.java:112)
	at com.kms.katalon.core.main.TestSuiteExecutor.execute(TestSuiteExecutor.java:81)
	at com.kms.katalon.core.main.TestCaseMain.startTestSuite(TestCaseMain.java:149)
	at com.kms.katalon.core.main.TestCaseMain$startTestSuite$0.call(Unknown Source)
	at TempTestSuite1550652525208.run(TempTestSuite1550652525208.groovy:36)


2019-02-20 18:47:06 - [TEST_CASE][FAILED] - Test Cases/All TC/Arranged/2. Segment/2.6 Disbursement/DS - EFT/DS - Pending Claim (EFT): Test Cases/All TC/Arranged/2. Segment/2.6 Disbursement/DS - EFT/DS - Pending Claim (EFT) FAILED.
Reason:
com.kms.katalon.core.exception.StepFailedException: Unable to get text of object 'Object Repository/YongJun/Disbursement/Disbursement - EFT/DS - Pending Claim (EFT)/Page_PERKESO/Get Case ID' (Root cause: com.kms.katalon.core.webui.exception.WebElementNotFoundException: Web element with id: 'Object Repository/YongJun/Disbursement/Disbursement - EFT/DS - Pending Claim (EFT)/Page_PERKESO/Get Case ID' located by 'By.xpath: id("pendingClaimTableId")/tbody[1]/tr[@class="odd"]/td[2]' not found)
	at com.kms.katalon.core.keyword.internal.KeywordMain.stepFailed(KeywordMain.groovy:36)
	at com.kms.katalon.core.webui.keyword.internal.WebUIKeywordMain.stepFailed(WebUIKeywordMain.groovy:65)
	at com.kms.katalon.core.webui.keyword.internal.WebUIKeywordMain.runKeyword(WebUIKeywordMain.groovy:27)
	at com.kms.katalon.core.webui.keyword.builtin.GetTextKeyword.getText(GetTextKeyword.groovy:88)
	at com.kms.katalon.core.webui.keyword.builtin.GetTextKeyword.execute(GetTextKeyword.groovy:67)
	at com.kms.katalon.core.keyword.internal.KeywordExecutor.executeKeywordForPlatform(KeywordExecutor.groovy:53)
	at com.kms.katalon.core.webui.keyword.WebUiBuiltInKeywords.getText(WebUiBuiltInKeywords.groovy:888)
	at com.kms.katalon.core.webui.keyword.WebUiBuiltInKeywords$getText$9.call(Unknown Source)
	at DS - Pending Claim (EFT).run(DS - Pending Claim (EFT):32)
	at com.kms.katalon.core.main.ScriptEngine.run(ScriptEngine.java:194)
	at com.kms.katalon.core.main.ScriptEngine.runScriptAsRawText(ScriptEngine.java:119)
	at com.kms.katalon.core.main.TestCaseExecutor.runScript(TestCaseExecutor.java:328)
	at com.kms.katalon.core.main.TestCaseExecutor.doExecute(TestCaseExecutor.java:319)
	at com.kms.katalon.core.main.TestCaseExecutor.processExecutionPhase(TestCaseExecutor.java:298)
	at com.kms.katalon.core.main.TestCaseExecutor.accessMainPhase(TestCaseExecutor.java:290)
	at com.kms.katalon.core.main.TestCaseExecutor.execute(TestCaseExecutor.java:224)
	at com.kms.katalon.core.main.TestCaseMain.runTestCase(TestCaseMain.java:106)
	at com.kms.katalon.core.keyword.builtin.CallTestCaseKeyword$_callTestCase_closure1.doCall(CallTestCaseKeyword.groovy:59)
	at com.kms.katalon.core.keyword.builtin.CallTestCaseKeyword$_callTestCase_closure1.call(CallTestCaseKeyword.groovy)
	at com.kms.katalon.core.keyword.internal.KeywordMain.runKeyword(KeywordMain.groovy:54)
	at com.kms.katalon.core.keyword.builtin.CallTestCaseKeyword.callTestCase(CallTestCaseKeyword.groovy:80)
	at com.kms.katalon.core.keyword.builtin.CallTestCaseKeyword.execute(CallTestCaseKeyword.groovy:44)
	at com.kms.katalon.core.keyword.internal.KeywordExecutor.executeKeywordForPlatform(KeywordExecutor.groovy:53)
	at com.kms.katalon.core.keyword.BuiltinKeywords.callTestCase(BuiltinKeywords.groovy:334)
	at Disbursement end to end (EFT Reject).run(Disbursement end to end (EFT Reject):16)
	at com.kms.katalon.core.main.ScriptEngine.run(ScriptEngine.java:194)
	at com.kms.katalon.core.main.ScriptEngine.runScriptAsRawText(ScriptEngine.java:119)
	at com.kms.katalon.core.main.TestCaseExecutor.runScript(TestCaseExecutor.java:328)
	at com.kms.katalon.core.main.TestCaseExecutor.doExecute(TestCaseExecutor.java:319)
	at com.kms.katalon.core.main.TestCaseExecutor.processExecutionPhase(TestCaseExecutor.java:298)
	at com.kms.katalon.core.main.TestCaseExecutor.accessMainPhase(TestCaseExecutor.java:290)
	at com.kms.katalon.core.main.TestCaseExecutor.execute(TestCaseExecutor.java:224)
	at com.kms.katalon.core.main.TestSuiteExecutor.accessTestCaseMainPhase(TestSuiteExecutor.java:129)
	at com.kms.katalon.core.main.TestSuiteExecutor.accessTestSuiteMainPhase(TestSuiteExecutor.java:112)
	at com.kms.katalon.core.main.TestSuiteExecutor.execute(TestSuiteExecutor.java:81)
	at com.kms.katalon.core.main.TestCaseMain.startTestSuite(TestCaseMain.java:149)
	at com.kms.katalon.core.main.TestCaseMain$startTestSuite$0.call(Unknown Source)
	at TempTestSuite1550652525208.run(TempTestSuite1550652525208.groovy:36)


2019-02-20 18:47:06 - [TEST_STEP][PASSED] - openBrowser(""): Browser is opened with url: ''

2019-02-20 18:47:06 - [MESSAGE][WARNING] - A browser is already opened. Closing browser and opening a new one

2019-02-20 18:47:08 - [MESSAGE][INFO] - Starting 'Chrome' driver

2019-02-20 18:47:08 - [MESSAGE][INFO] - User set preference: ['args', '[--start-maximized]']

2019-02-20 18:47:12 - [MESSAGE][PASSED] - Browser is opened with url: ''

2019-02-20 18:47:12 - [TEST_STEP][PASSED] - maximizeWindow(): Current window maximized

2019-02-20 18:47:14 - [MESSAGE][PASSED] - Current window maximized

2019-02-20 18:47:14 - [TEST_STEP][PASSED] - navigateToUrl(Internal_Login): Navigate to 'http://10.20.24.188/eisportal/user/login' successfully

2019-02-20 18:47:16 - [MESSAGE][PASSED] - Navigate to 'http://10.20.24.188/eisportal/user/login' successfully

2019-02-20 18:47:16 - [TEST_STEP][PASSED] - delay(2): Delayed 2 second(s)

2019-02-20 18:47:18 - [MESSAGE][PASSED] - Delayed 2 second(s)

2019-02-20 18:47:18 - [TEST_STEP][PASSED] - setText(findTestObject("YongJun/Disbursement/Disbursement - EFT/DS - Pending Claim (EFT)/Page_PERKESO/DS input username"), "hq1ds@perkeso.gov.my"): Text 'hq1ds@perkeso.gov.my' is set on object 'Object Repository/YongJun/Disbursement/Disbursement - EFT/DS - Pending Claim (EFT)/Page_PERKESO/DS input username'

2019-02-20 18:47:22 - [MESSAGE][PASSED] - Text 'hq1ds@perkeso.gov.my' is set on object 'Object Repository/YongJun/Disbursement/Disbursement - EFT/DS - Pending Claim (EFT)/Page_PERKESO/DS input username'

2019-02-20 18:47:22 - [TEST_STEP][PASSED] - setEncryptedText(findTestObject("YongJun/Disbursement/Disbursement - EFT/DS - Pending Claim (EFT)/Page_PERKESO/DS input password"), "CQqwFZlbeC8="): Text ****** has been set on object 'Object Repository/YongJun/Disbursement/Disbursement - EFT/DS - Pending Claim (EFT)/Page_PERKESO/DS input password'

2019-02-20 18:47:25 - [MESSAGE][PASSED] - Text ****** has been set on object 'Object Repository/YongJun/Disbursement/Disbursement - EFT/DS - Pending Claim (EFT)/Page_PERKESO/DS input password'

2019-02-20 18:47:25 - [TEST_STEP][PASSED] - click(findTestObject("YongJun/Disbursement/Disbursement - EFT/DS - Pending Claim (EFT)/Page_PERKESO/DS click login button")): Object: 'Object Repository/YongJun/Disbursement/Disbursement - EFT/DS - Pending Claim (EFT)/Page_PERKESO/DS click login button' is clicked on

2019-02-20 18:47:28 - [MESSAGE][PASSED] - Object: 'Object Repository/YongJun/Disbursement/Disbursement - EFT/DS - Pending Claim (EFT)/Page_PERKESO/DS click login button' is clicked on

2019-02-20 18:47:28 - [TEST_STEP][PASSED] - delay(2): Delayed 2 second(s)

2019-02-20 18:47:30 - [MESSAGE][PASSED] - Delayed 2 second(s)

2019-02-20 18:47:30 - [TEST_STEP][FAILED] - EiEsCaseID = getText(findTestObject("YongJun/Disbursement/Disbursement - EFT/DS - Pending Claim (EFT)/Page_PERKESO/Get Case ID")): EiEsCaseID = getText(findTestObject("YongJun/Disbursement/Disbursement - EFT/DS - Pending Claim (EFT)/Page_PERKESO/Get Case ID")) FAILED.
Reason:
com.kms.katalon.core.exception.StepFailedException: Unable to get text of object 'Object Repository/YongJun/Disbursement/Disbursement - EFT/DS - Pending Claim (EFT)/Page_PERKESO/Get Case ID' (Root cause: com.kms.katalon.core.webui.exception.WebElementNotFoundException: Web element with id: 'Object Repository/YongJun/Disbursement/Disbursement - EFT/DS - Pending Claim (EFT)/Page_PERKESO/Get Case ID' located by 'By.xpath: id("pendingClaimTableId")/tbody[1]/tr[@class="odd"]/td[2]' not found)
	at com.kms.katalon.core.keyword.internal.KeywordMain.stepFailed(KeywordMain.groovy:36)
	at com.kms.katalon.core.webui.keyword.internal.WebUIKeywordMain.stepFailed(WebUIKeywordMain.groovy:65)
	at com.kms.katalon.core.webui.keyword.internal.WebUIKeywordMain.runKeyword(WebUIKeywordMain.groovy:27)
	at com.kms.katalon.core.webui.keyword.builtin.GetTextKeyword.getText(GetTextKeyword.groovy:88)
	at com.kms.katalon.core.webui.keyword.builtin.GetTextKeyword.execute(GetTextKeyword.groovy:67)
	at com.kms.katalon.core.keyword.internal.KeywordExecutor.executeKeywordForPlatform(KeywordExecutor.groovy:53)
	at com.kms.katalon.core.webui.keyword.WebUiBuiltInKeywords.getText(WebUiBuiltInKeywords.groovy:888)
	at com.kms.katalon.core.webui.keyword.WebUiBuiltInKeywords$getText$9.call(Unknown Source)
	at DS - Pending Claim (EFT).run(DS - Pending Claim (EFT):32)
	at com.kms.katalon.core.main.ScriptEngine.run(ScriptEngine.java:194)
	at com.kms.katalon.core.main.ScriptEngine.runScriptAsRawText(ScriptEngine.java:119)
	at com.kms.katalon.core.main.TestCaseExecutor.runScript(TestCaseExecutor.java:328)
	at com.kms.katalon.core.main.TestCaseExecutor.doExecute(TestCaseExecutor.java:319)
	at com.kms.katalon.core.main.TestCaseExecutor.processExecutionPhase(TestCaseExecutor.java:298)
	at com.kms.katalon.core.main.TestCaseExecutor.accessMainPhase(TestCaseExecutor.java:290)
	at com.kms.katalon.core.main.TestCaseExecutor.execute(TestCaseExecutor.java:224)
	at com.kms.katalon.core.main.TestCaseMain.runTestCase(TestCaseMain.java:106)
	at com.kms.katalon.core.keyword.builtin.CallTestCaseKeyword$_callTestCase_closure1.doCall(CallTestCaseKeyword.groovy:59)
	at com.kms.katalon.core.keyword.builtin.CallTestCaseKeyword$_callTestCase_closure1.call(CallTestCaseKeyword.groovy)
	at com.kms.katalon.core.keyword.internal.KeywordMain.runKeyword(KeywordMain.groovy:54)
	at com.kms.katalon.core.keyword.builtin.CallTestCaseKeyword.callTestCase(CallTestCaseKeyword.groovy:80)
	at com.kms.katalon.core.keyword.builtin.CallTestCaseKeyword.execute(CallTestCaseKeyword.groovy:44)
	at com.kms.katalon.core.keyword.internal.KeywordExecutor.executeKeywordForPlatform(KeywordExecutor.groovy:53)
	at com.kms.katalon.core.keyword.BuiltinKeywords.callTestCase(BuiltinKeywords.groovy:334)
	at Disbursement end to end (EFT Reject).run(Disbursement end to end (EFT Reject):16)
	at com.kms.katalon.core.main.ScriptEngine.run(ScriptEngine.java:194)
	at com.kms.katalon.core.main.ScriptEngine.runScriptAsRawText(ScriptEngine.java:119)
	at com.kms.katalon.core.main.TestCaseExecutor.runScript(TestCaseExecutor.java:328)
	at com.kms.katalon.core.main.TestCaseExecutor.doExecute(TestCaseExecutor.java:319)
	at com.kms.katalon.core.main.TestCaseExecutor.processExecutionPhase(TestCaseExecutor.java:298)
	at com.kms.katalon.core.main.TestCaseExecutor.accessMainPhase(TestCaseExecutor.java:290)
	at com.kms.katalon.core.main.TestCaseExecutor.execute(TestCaseExecutor.java:224)
	at com.kms.katalon.core.main.TestSuiteExecutor.accessTestCaseMainPhase(TestSuiteExecutor.java:129)
	at com.kms.katalon.core.main.TestSuiteExecutor.accessTestSuiteMainPhase(TestSuiteExecutor.java:112)
	at com.kms.katalon.core.main.TestSuiteExecutor.execute(TestSuiteExecutor.java:81)
	at com.kms.katalon.core.main.TestCaseMain.startTestSuite(TestCaseMain.java:149)
	at com.kms.katalon.core.main.TestCaseMain$startTestSuite$0.call(Unknown Source)
	at TempTestSuite1550652525208.run(TempTestSuite1550652525208.groovy:36)


2019-02-20 18:48:01 - [MESSAGE][INFO] - Unable to find the element located by 'By.xpath: id("pendingClaimTableId")/tbody[1]/tr[@class="odd"]/td[2]'. Please recheck the objects properties to make sure the desired element is located. 

2019-02-20 18:48:02 - [MESSAGE][FAILED] - Unable to get text of object 'Object Repository/YongJun/Disbursement/Disbursement - EFT/DS - Pending Claim (EFT)/Page_PERKESO/Get Case ID' (Root cause: com.kms.katalon.core.webui.exception.WebElementNotFoundException: Web element with id: 'Object Repository/YongJun/Disbursement/Disbursement - EFT/DS - Pending Claim (EFT)/Page_PERKESO/Get Case ID' located by 'By.xpath: id("pendingClaimTableId")/tbody[1]/tr[@class="odd"]/td[2]' not found)
[[ATTACHMENT|C:\\Users\\Admin\\Documents\\GitHub\\PKSKatalon\\PKS-EI-ES\\Reports\\New Test Suite\\20190220_164845\\1550659681141.png]]

2019-02-20 18:48:02 - [MESSAGE][FAILED] - EiEsCaseID = getText(findTestObject("YongJun/Disbursement/Disbursement - EFT/DS - Pending Claim (EFT)/Page_PERKESO/Get Case ID")) FAILED.
Reason:
com.kms.katalon.core.exception.StepFailedException: Unable to get text of object 'Object Repository/YongJun/Disbursement/Disbursement - EFT/DS - Pending Claim (EFT)/Page_PERKESO/Get Case ID' (Root cause: com.kms.katalon.core.webui.exception.WebElementNotFoundException: Web element with id: 'Object Repository/YongJun/Disbursement/Disbursement - EFT/DS - Pending Claim (EFT)/Page_PERKESO/Get Case ID' located by 'By.xpath: id("pendingClaimTableId")/tbody[1]/tr[@class="odd"]/td[2]' not found)
	at com.kms.katalon.core.keyword.internal.KeywordMain.stepFailed(KeywordMain.groovy:36)
	at com.kms.katalon.core.webui.keyword.internal.WebUIKeywordMain.stepFailed(WebUIKeywordMain.groovy:65)
	at com.kms.katalon.core.webui.keyword.internal.WebUIKeywordMain.runKeyword(WebUIKeywordMain.groovy:27)
	at com.kms.katalon.core.webui.keyword.builtin.GetTextKeyword.getText(GetTextKeyword.groovy:88)
	at com.kms.katalon.core.webui.keyword.builtin.GetTextKeyword.execute(GetTextKeyword.groovy:67)
	at com.kms.katalon.core.keyword.internal.KeywordExecutor.executeKeywordForPlatform(KeywordExecutor.groovy:53)
	at com.kms.katalon.core.webui.keyword.WebUiBuiltInKeywords.getText(WebUiBuiltInKeywords.groovy:888)
	at com.kms.katalon.core.webui.keyword.WebUiBuiltInKeywords$getText$9.call(Unknown Source)
	at DS - Pending Claim (EFT).run(DS - Pending Claim (EFT):32)
	at com.kms.katalon.core.main.ScriptEngine.run(ScriptEngine.java:194)
	at com.kms.katalon.core.main.ScriptEngine.runScriptAsRawText(ScriptEngine.java:119)
	at com.kms.katalon.core.main.TestCaseExecutor.runScript(TestCaseExecutor.java:328)
	at com.kms.katalon.core.main.TestCaseExecutor.doExecute(TestCaseExecutor.java:319)
	at com.kms.katalon.core.main.TestCaseExecutor.processExecutionPhase(TestCaseExecutor.java:298)
	at com.kms.katalon.core.main.TestCaseExecutor.accessMainPhase(TestCaseExecutor.java:290)
	at com.kms.katalon.core.main.TestCaseExecutor.execute(TestCaseExecutor.java:224)
	at com.kms.katalon.core.main.TestCaseMain.runTestCase(TestCaseMain.java:106)
	at com.kms.katalon.core.keyword.builtin.CallTestCaseKeyword$_callTestCase_closure1.doCall(CallTestCaseKeyword.groovy:59)
	at com.kms.katalon.core.keyword.builtin.CallTestCaseKeyword$_callTestCase_closure1.call(CallTestCaseKeyword.groovy)
	at com.kms.katalon.core.keyword.internal.KeywordMain.runKeyword(KeywordMain.groovy:54)
	at com.kms.katalon.core.keyword.builtin.CallTestCaseKeyword.callTestCase(CallTestCaseKeyword.groovy:80)
	at com.kms.katalon.core.keyword.builtin.CallTestCaseKeyword.execute(CallTestCaseKeyword.groovy:44)
	at com.kms.katalon.core.keyword.internal.KeywordExecutor.executeKeywordForPlatform(KeywordExecutor.groovy:53)
	at com.kms.katalon.core.keyword.BuiltinKeywords.callTestCase(BuiltinKeywords.groovy:334)
	at Disbursement end to end (EFT Reject).run(Disbursement end to end (EFT Reject):16)
	at com.kms.katalon.core.main.ScriptEngine.run(ScriptEngine.java:194)
	at com.kms.katalon.core.main.ScriptEngine.runScriptAsRawText(ScriptEngine.java:119)
	at com.kms.katalon.core.main.TestCaseExecutor.runScript(TestCaseExecutor.java:328)
	at com.kms.katalon.core.main.TestCaseExecutor.doExecute(TestCaseExecutor.java:319)
	at com.kms.katalon.core.main.TestCaseExecutor.processExecutionPhase(TestCaseExecutor.java:298)
	at com.kms.katalon.core.main.TestCaseExecutor.accessMainPhase(TestCaseExecutor.java:290)
	at com.kms.katalon.core.main.TestCaseExecutor.execute(TestCaseExecutor.java:224)
	at com.kms.katalon.core.main.TestSuiteExecutor.accessTestCaseMainPhase(TestSuiteExecutor.java:129)
	at com.kms.katalon.core.main.TestSuiteExecutor.accessTestSuiteMainPhase(TestSuiteExecutor.java:112)
	at com.kms.katalon.core.main.TestSuiteExecutor.execute(TestSuiteExecutor.java:81)
	at com.kms.katalon.core.main.TestCaseMain.startTestSuite(TestCaseMain.java:149)
	at com.kms.katalon.core.main.TestCaseMain$startTestSuite$0.call(Unknown Source)
	at TempTestSuite1550652525208.run(TempTestSuite1550652525208.groovy:36)


2019-02-20 18:48:02 - [MESSAGE][FAILED] - Unable to call Test Case 'Test Cases/All TC/Arranged/2. Segment/2.6 Disbursement/DS - EFT/DS - Pending Claim (EFT)' (Root cause: com.kms.katalon.core.exception.StepFailedException: Call Test Case 'Test Cases/All TC/Arranged/2. Segment/2.6 Disbursement/DS - EFT/DS - Pending Claim (EFT)' failed)

2019-02-20 18:48:02 - [MESSAGE][FAILED] - callTestCase(findTestCase("All TC/Arranged/2. Segment/2.6 Disbursement/DS - EFT/DS - Pending Claim (EFT)"), [:], STOP_ON_FAILURE) FAILED.
Reason:
com.kms.katalon.core.exception.StepFailedException: Unable to get text of object 'Object Repository/YongJun/Disbursement/Disbursement - EFT/DS - Pending Claim (EFT)/Page_PERKESO/Get Case ID' (Root cause: com.kms.katalon.core.webui.exception.WebElementNotFoundException: Web element with id: 'Object Repository/YongJun/Disbursement/Disbursement - EFT/DS - Pending Claim (EFT)/Page_PERKESO/Get Case ID' located by 'By.xpath: id("pendingClaimTableId")/tbody[1]/tr[@class="odd"]/td[2]' not found)
	at com.kms.katalon.core.keyword.internal.KeywordMain.stepFailed(KeywordMain.groovy:36)
	at com.kms.katalon.core.webui.keyword.internal.WebUIKeywordMain.stepFailed(WebUIKeywordMain.groovy:65)
	at com.kms.katalon.core.webui.keyword.internal.WebUIKeywordMain.runKeyword(WebUIKeywordMain.groovy:27)
	at com.kms.katalon.core.webui.keyword.builtin.GetTextKeyword.getText(GetTextKeyword.groovy:88)
	at com.kms.katalon.core.webui.keyword.builtin.GetTextKeyword.execute(GetTextKeyword.groovy:67)
	at com.kms.katalon.core.keyword.internal.KeywordExecutor.executeKeywordForPlatform(KeywordExecutor.groovy:53)
	at com.kms.katalon.core.webui.keyword.WebUiBuiltInKeywords.getText(WebUiBuiltInKeywords.groovy:888)
	at com.kms.katalon.core.webui.keyword.WebUiBuiltInKeywords$getText$9.call(Unknown Source)
	at DS - Pending Claim (EFT).run(DS - Pending Claim (EFT):32)
	at com.kms.katalon.core.main.ScriptEngine.run(ScriptEngine.java:194)
	at com.kms.katalon.core.main.ScriptEngine.runScriptAsRawText(ScriptEngine.java:119)
	at com.kms.katalon.core.main.TestCaseExecutor.runScript(TestCaseExecutor.java:328)
	at com.kms.katalon.core.main.TestCaseExecutor.doExecute(TestCaseExecutor.java:319)
	at com.kms.katalon.core.main.TestCaseExecutor.processExecutionPhase(TestCaseExecutor.java:298)
	at com.kms.katalon.core.main.TestCaseExecutor.accessMainPhase(TestCaseExecutor.java:290)
	at com.kms.katalon.core.main.TestCaseExecutor.execute(TestCaseExecutor.java:224)
	at com.kms.katalon.core.main.TestCaseMain.runTestCase(TestCaseMain.java:106)
	at com.kms.katalon.core.keyword.builtin.CallTestCaseKeyword$_callTestCase_closure1.doCall(CallTestCaseKeyword.groovy:59)
	at com.kms.katalon.core.keyword.builtin.CallTestCaseKeyword$_callTestCase_closure1.call(CallTestCaseKeyword.groovy)
	at com.kms.katalon.core.keyword.internal.KeywordMain.runKeyword(KeywordMain.groovy:54)
	at com.kms.katalon.core.keyword.builtin.CallTestCaseKeyword.callTestCase(CallTestCaseKeyword.groovy:80)
	at com.kms.katalon.core.keyword.builtin.CallTestCaseKeyword.execute(CallTestCaseKeyword.groovy:44)
	at com.kms.katalon.core.keyword.internal.KeywordExecutor.executeKeywordForPlatform(KeywordExecutor.groovy:53)
	at com.kms.katalon.core.keyword.BuiltinKeywords.callTestCase(BuiltinKeywords.groovy:334)
	at Disbursement end to end (EFT Reject).run(Disbursement end to end (EFT Reject):16)
	at com.kms.katalon.core.main.ScriptEngine.run(ScriptEngine.java:194)
	at com.kms.katalon.core.main.ScriptEngine.runScriptAsRawText(ScriptEngine.java:119)
	at com.kms.katalon.core.main.TestCaseExecutor.runScript(TestCaseExecutor.java:328)
	at com.kms.katalon.core.main.TestCaseExecutor.doExecute(TestCaseExecutor.java:319)
	at com.kms.katalon.core.main.TestCaseExecutor.processExecutionPhase(TestCaseExecutor.java:298)
	at com.kms.katalon.core.main.TestCaseExecutor.accessMainPhase(TestCaseExecutor.java:290)
	at com.kms.katalon.core.main.TestCaseExecutor.execute(TestCaseExecutor.java:224)
	at com.kms.katalon.core.main.TestSuiteExecutor.accessTestCaseMainPhase(TestSuiteExecutor.java:129)
	at com.kms.katalon.core.main.TestSuiteExecutor.accessTestSuiteMainPhase(TestSuiteExecutor.java:112)
	at com.kms.katalon.core.main.TestSuiteExecutor.execute(TestSuiteExecutor.java:81)
	at com.kms.katalon.core.main.TestCaseMain.startTestSuite(TestCaseMain.java:149)
	at com.kms.katalon.core.main.TestCaseMain$startTestSuite$0.call(Unknown Source)
	at TempTestSuite1550652525208.run(TempTestSuite1550652525208.groovy:36)]]></system-out>
         <system-err><![CDATA[2019-02-20 18:47:05 - [TEST_CASE][FAILED] - Test Cases/All TC/Arranged/0. Full Flow/Disbursement end to end (EFT Reject): Test Cases/All TC/Arranged/0. Full Flow/Disbursement end to end (EFT Reject) FAILED.
Reason:
com.kms.katalon.core.exception.StepFailedException: Unable to get text of object 'Object Repository/YongJun/Disbursement/Disbursement - EFT/DS - Pending Claim (EFT)/Page_PERKESO/Get Case ID' (Root cause: com.kms.katalon.core.webui.exception.WebElementNotFoundException: Web element with id: 'Object Repository/YongJun/Disbursement/Disbursement - EFT/DS - Pending Claim (EFT)/Page_PERKESO/Get Case ID' located by 'By.xpath: id("pendingClaimTableId")/tbody[1]/tr[@class="odd"]/td[2]' not found)
	at com.kms.katalon.core.keyword.internal.KeywordMain.stepFailed(KeywordMain.groovy:36)
	at com.kms.katalon.core.webui.keyword.internal.WebUIKeywordMain.stepFailed(WebUIKeywordMain.groovy:65)
	at com.kms.katalon.core.webui.keyword.internal.WebUIKeywordMain.runKeyword(WebUIKeywordMain.groovy:27)
	at com.kms.katalon.core.webui.keyword.builtin.GetTextKeyword.getText(GetTextKeyword.groovy:88)
	at com.kms.katalon.core.webui.keyword.builtin.GetTextKeyword.execute(GetTextKeyword.groovy:67)
	at com.kms.katalon.core.keyword.internal.KeywordExecutor.executeKeywordForPlatform(KeywordExecutor.groovy:53)
	at com.kms.katalon.core.webui.keyword.WebUiBuiltInKeywords.getText(WebUiBuiltInKeywords.groovy:888)
	at com.kms.katalon.core.webui.keyword.WebUiBuiltInKeywords$getText$9.call(Unknown Source)
	at DS - Pending Claim (EFT).run(DS - Pending Claim (EFT):32)
	at com.kms.katalon.core.main.ScriptEngine.run(ScriptEngine.java:194)
	at com.kms.katalon.core.main.ScriptEngine.runScriptAsRawText(ScriptEngine.java:119)
	at com.kms.katalon.core.main.TestCaseExecutor.runScript(TestCaseExecutor.java:328)
	at com.kms.katalon.core.main.TestCaseExecutor.doExecute(TestCaseExecutor.java:319)
	at com.kms.katalon.core.main.TestCaseExecutor.processExecutionPhase(TestCaseExecutor.java:298)
	at com.kms.katalon.core.main.TestCaseExecutor.accessMainPhase(TestCaseExecutor.java:290)
	at com.kms.katalon.core.main.TestCaseExecutor.execute(TestCaseExecutor.java:224)
	at com.kms.katalon.core.main.TestCaseMain.runTestCase(TestCaseMain.java:106)
	at com.kms.katalon.core.keyword.builtin.CallTestCaseKeyword$_callTestCase_closure1.doCall(CallTestCaseKeyword.groovy:59)
	at com.kms.katalon.core.keyword.builtin.CallTestCaseKeyword$_callTestCase_closure1.call(CallTestCaseKeyword.groovy)
	at com.kms.katalon.core.keyword.internal.KeywordMain.runKeyword(KeywordMain.groovy:54)
	at com.kms.katalon.core.keyword.builtin.CallTestCaseKeyword.callTestCase(CallTestCaseKeyword.groovy:80)
	at com.kms.katalon.core.keyword.builtin.CallTestCaseKeyword.execute(CallTestCaseKeyword.groovy:44)
	at com.kms.katalon.core.keyword.internal.KeywordExecutor.executeKeywordForPlatform(KeywordExecutor.groovy:53)
	at com.kms.katalon.core.keyword.BuiltinKeywords.callTestCase(BuiltinKeywords.groovy:334)
	at Disbursement end to end (EFT Reject).run(Disbursement end to end (EFT Reject):16)
	at com.kms.katalon.core.main.ScriptEngine.run(ScriptEngine.java:194)
	at com.kms.katalon.core.main.ScriptEngine.runScriptAsRawText(ScriptEngine.java:119)
	at com.kms.katalon.core.main.TestCaseExecutor.runScript(TestCaseExecutor.java:328)
	at com.kms.katalon.core.main.TestCaseExecutor.doExecute(TestCaseExecutor.java:319)
	at com.kms.katalon.core.main.TestCaseExecutor.processExecutionPhase(TestCaseExecutor.java:298)
	at com.kms.katalon.core.main.TestCaseExecutor.accessMainPhase(TestCaseExecutor.java:290)
	at com.kms.katalon.core.main.TestCaseExecutor.execute(TestCaseExecutor.java:224)
	at com.kms.katalon.core.main.TestSuiteExecutor.accessTestCaseMainPhase(TestSuiteExecutor.java:129)
	at com.kms.katalon.core.main.TestSuiteExecutor.accessTestSuiteMainPhase(TestSuiteExecutor.java:112)
	at com.kms.katalon.core.main.TestSuiteExecutor.execute(TestSuiteExecutor.java:81)
	at com.kms.katalon.core.main.TestCaseMain.startTestSuite(TestCaseMain.java:149)
	at com.kms.katalon.core.main.TestCaseMain$startTestSuite$0.call(Unknown Source)
	at TempTestSuite1550652525208.run(TempTestSuite1550652525208.groovy:36)]]></system-err>
      </testcase>
      <testcase name="Test Cases/All TC/Arranged/0. Full Flow/Disbursement end to end (EFT Approved)" classname="Test Cases/All TC/Arranged/0. Full Flow/Disbursement end to end (EFT Approved)" status="FAILED">
         <failure type="FAILED" message="Test Cases/All TC/Arranged/0. Full Flow/Disbursement end to end (EFT Approved) FAILED.
Reason:
com.kms.katalon.core.exception.StepFailedException: Unable to get text of object 'Object Repository/YongJun/Disbursement/Disbursement - EFT/DS - Pending Claim (EFT)/Page_PERKESO/Get Case ID' (Root cause: com.kms.katalon.core.webui.exception.WebElementNotFoundException: Web element with id: 'Object Repository/YongJun/Disbursement/Disbursement - EFT/DS - Pending Claim (EFT)/Page_PERKESO/Get Case ID' located by 'By.xpath: id(&quot;pendingClaimTableId&quot;)/tbody[1]/tr[@class=&quot;odd&quot;]/td[2]' not found)
	at com.kms.katalon.core.keyword.internal.KeywordMain.stepFailed(KeywordMain.groovy:36)
	at com.kms.katalon.core.webui.keyword.internal.WebUIKeywordMain.stepFailed(WebUIKeywordMain.groovy:65)
	at com.kms.katalon.core.webui.keyword.internal.WebUIKeywordMain.runKeyword(WebUIKeywordMain.groovy:27)
	at com.kms.katalon.core.webui.keyword.builtin.GetTextKeyword.getText(GetTextKeyword.groovy:88)
	at com.kms.katalon.core.webui.keyword.builtin.GetTextKeyword.execute(GetTextKeyword.groovy:67)
	at com.kms.katalon.core.keyword.internal.KeywordExecutor.executeKeywordForPlatform(KeywordExecutor.groovy:53)
	at com.kms.katalon.core.webui.keyword.WebUiBuiltInKeywords.getText(WebUiBuiltInKeywords.groovy:888)
	at com.kms.katalon.core.webui.keyword.WebUiBuiltInKeywords$getText$9.call(Unknown Source)
	at DS - Pending Claim (EFT).run(DS - Pending Claim (EFT):32)
	at com.kms.katalon.core.main.ScriptEngine.run(ScriptEngine.java:194)
	at com.kms.katalon.core.main.ScriptEngine.runScriptAsRawText(ScriptEngine.java:119)
	at com.kms.katalon.core.main.TestCaseExecutor.runScript(TestCaseExecutor.java:328)
	at com.kms.katalon.core.main.TestCaseExecutor.doExecute(TestCaseExecutor.java:319)
	at com.kms.katalon.core.main.TestCaseExecutor.processExecutionPhase(TestCaseExecutor.java:298)
	at com.kms.katalon.core.main.TestCaseExecutor.accessMainPhase(TestCaseExecutor.java:290)
	at com.kms.katalon.core.main.TestCaseExecutor.execute(TestCaseExecutor.java:224)
	at com.kms.katalon.core.main.TestCaseMain.runTestCase(TestCaseMain.java:106)
	at com.kms.katalon.core.keyword.builtin.CallTestCaseKeyword$_callTestCase_closure1.doCall(CallTestCaseKeyword.groovy:59)
	at com.kms.katalon.core.keyword.builtin.CallTestCaseKeyword$_callTestCase_closure1.call(CallTestCaseKeyword.groovy)
	at com.kms.katalon.core.keyword.internal.KeywordMain.runKeyword(KeywordMain.groovy:54)
	at com.kms.katalon.core.keyword.builtin.CallTestCaseKeyword.callTestCase(CallTestCaseKeyword.groovy:80)
	at com.kms.katalon.core.keyword.builtin.CallTestCaseKeyword.execute(CallTestCaseKeyword.groovy:44)
	at com.kms.katalon.core.keyword.internal.KeywordExecutor.executeKeywordForPlatform(KeywordExecutor.groovy:53)
	at com.kms.katalon.core.keyword.BuiltinKeywords.callTestCase(BuiltinKeywords.groovy:334)
	at Disbursement end to end (EFT Approved).run(Disbursement end to end (EFT Approved):16)
	at com.kms.katalon.core.main.ScriptEngine.run(ScriptEngine.java:194)
	at com.kms.katalon.core.main.ScriptEngine.runScriptAsRawText(ScriptEngine.java:119)
	at com.kms.katalon.core.main.TestCaseExecutor.runScript(TestCaseExecutor.java:328)
	at com.kms.katalon.core.main.TestCaseExecutor.doExecute(TestCaseExecutor.java:319)
	at com.kms.katalon.core.main.TestCaseExecutor.processExecutionPhase(TestCaseExecutor.java:298)
	at com.kms.katalon.core.main.TestCaseExecutor.accessMainPhase(TestCaseExecutor.java:290)
	at com.kms.katalon.core.main.TestCaseExecutor.execute(TestCaseExecutor.java:224)
	at com.kms.katalon.core.main.TestSuiteExecutor.accessTestCaseMainPhase(TestSuiteExecutor.java:129)
	at com.kms.katalon.core.main.TestSuiteExecutor.accessTestSuiteMainPhase(TestSuiteExecutor.java:112)
	at com.kms.katalon.core.main.TestSuiteExecutor.execute(TestSuiteExecutor.java:81)
	at com.kms.katalon.core.main.TestCaseMain.startTestSuite(TestCaseMain.java:149)
	at com.kms.katalon.core.main.TestCaseMain$startTestSuite$0.call(Unknown Source)
	at TempTestSuite1550652525208.run(TempTestSuite1550652525208.groovy:36)
"/>
         <system-out><![CDATA[2019-02-20 18:48:03 - [TEST_CASE][FAILED] - Test Cases/All TC/Arranged/0. Full Flow/Disbursement end to end (EFT Approved): Test Cases/All TC/Arranged/0. Full Flow/Disbursement end to end (EFT Approved) FAILED.
Reason:
com.kms.katalon.core.exception.StepFailedException: Unable to get text of object 'Object Repository/YongJun/Disbursement/Disbursement - EFT/DS - Pending Claim (EFT)/Page_PERKESO/Get Case ID' (Root cause: com.kms.katalon.core.webui.exception.WebElementNotFoundException: Web element with id: 'Object Repository/YongJun/Disbursement/Disbursement - EFT/DS - Pending Claim (EFT)/Page_PERKESO/Get Case ID' located by 'By.xpath: id("pendingClaimTableId")/tbody[1]/tr[@class="odd"]/td[2]' not found)
	at com.kms.katalon.core.keyword.internal.KeywordMain.stepFailed(KeywordMain.groovy:36)
	at com.kms.katalon.core.webui.keyword.internal.WebUIKeywordMain.stepFailed(WebUIKeywordMain.groovy:65)
	at com.kms.katalon.core.webui.keyword.internal.WebUIKeywordMain.runKeyword(WebUIKeywordMain.groovy:27)
	at com.kms.katalon.core.webui.keyword.builtin.GetTextKeyword.getText(GetTextKeyword.groovy:88)
	at com.kms.katalon.core.webui.keyword.builtin.GetTextKeyword.execute(GetTextKeyword.groovy:67)
	at com.kms.katalon.core.keyword.internal.KeywordExecutor.executeKeywordForPlatform(KeywordExecutor.groovy:53)
	at com.kms.katalon.core.webui.keyword.WebUiBuiltInKeywords.getText(WebUiBuiltInKeywords.groovy:888)
	at com.kms.katalon.core.webui.keyword.WebUiBuiltInKeywords$getText$9.call(Unknown Source)
	at DS - Pending Claim (EFT).run(DS - Pending Claim (EFT):32)
	at com.kms.katalon.core.main.ScriptEngine.run(ScriptEngine.java:194)
	at com.kms.katalon.core.main.ScriptEngine.runScriptAsRawText(ScriptEngine.java:119)
	at com.kms.katalon.core.main.TestCaseExecutor.runScript(TestCaseExecutor.java:328)
	at com.kms.katalon.core.main.TestCaseExecutor.doExecute(TestCaseExecutor.java:319)
	at com.kms.katalon.core.main.TestCaseExecutor.processExecutionPhase(TestCaseExecutor.java:298)
	at com.kms.katalon.core.main.TestCaseExecutor.accessMainPhase(TestCaseExecutor.java:290)
	at com.kms.katalon.core.main.TestCaseExecutor.execute(TestCaseExecutor.java:224)
	at com.kms.katalon.core.main.TestCaseMain.runTestCase(TestCaseMain.java:106)
	at com.kms.katalon.core.keyword.builtin.CallTestCaseKeyword$_callTestCase_closure1.doCall(CallTestCaseKeyword.groovy:59)
	at com.kms.katalon.core.keyword.builtin.CallTestCaseKeyword$_callTestCase_closure1.call(CallTestCaseKeyword.groovy)
	at com.kms.katalon.core.keyword.internal.KeywordMain.runKeyword(KeywordMain.groovy:54)
	at com.kms.katalon.core.keyword.builtin.CallTestCaseKeyword.callTestCase(CallTestCaseKeyword.groovy:80)
	at com.kms.katalon.core.keyword.builtin.CallTestCaseKeyword.execute(CallTestCaseKeyword.groovy:44)
	at com.kms.katalon.core.keyword.internal.KeywordExecutor.executeKeywordForPlatform(KeywordExecutor.groovy:53)
	at com.kms.katalon.core.keyword.BuiltinKeywords.callTestCase(BuiltinKeywords.groovy:334)
	at Disbursement end to end (EFT Approved).run(Disbursement end to end (EFT Approved):16)
	at com.kms.katalon.core.main.ScriptEngine.run(ScriptEngine.java:194)
	at com.kms.katalon.core.main.ScriptEngine.runScriptAsRawText(ScriptEngine.java:119)
	at com.kms.katalon.core.main.TestCaseExecutor.runScript(TestCaseExecutor.java:328)
	at com.kms.katalon.core.main.TestCaseExecutor.doExecute(TestCaseExecutor.java:319)
	at com.kms.katalon.core.main.TestCaseExecutor.processExecutionPhase(TestCaseExecutor.java:298)
	at com.kms.katalon.core.main.TestCaseExecutor.accessMainPhase(TestCaseExecutor.java:290)
	at com.kms.katalon.core.main.TestCaseExecutor.execute(TestCaseExecutor.java:224)
	at com.kms.katalon.core.main.TestSuiteExecutor.accessTestCaseMainPhase(TestSuiteExecutor.java:129)
	at com.kms.katalon.core.main.TestSuiteExecutor.accessTestSuiteMainPhase(TestSuiteExecutor.java:112)
	at com.kms.katalon.core.main.TestSuiteExecutor.execute(TestSuiteExecutor.java:81)
	at com.kms.katalon.core.main.TestCaseMain.startTestSuite(TestCaseMain.java:149)
	at com.kms.katalon.core.main.TestCaseMain$startTestSuite$0.call(Unknown Source)
	at TempTestSuite1550652525208.run(TempTestSuite1550652525208.groovy:36)


2019-02-20 18:48:03 - [TEST_STEP][FAILED] - callTestCase(findTestCase("All TC/Arranged/2. Segment/2.6 Disbursement/DS - EFT/DS - Pending Claim (EFT)"), [:], STOP_ON_FAILURE): callTestCase(findTestCase("All TC/Arranged/2. Segment/2.6 Disbursement/DS - EFT/DS - Pending Claim (EFT)"), [:], STOP_ON_FAILURE) FAILED.
Reason:
com.kms.katalon.core.exception.StepFailedException: Unable to get text of object 'Object Repository/YongJun/Disbursement/Disbursement - EFT/DS - Pending Claim (EFT)/Page_PERKESO/Get Case ID' (Root cause: com.kms.katalon.core.webui.exception.WebElementNotFoundException: Web element with id: 'Object Repository/YongJun/Disbursement/Disbursement - EFT/DS - Pending Claim (EFT)/Page_PERKESO/Get Case ID' located by 'By.xpath: id("pendingClaimTableId")/tbody[1]/tr[@class="odd"]/td[2]' not found)
	at com.kms.katalon.core.keyword.internal.KeywordMain.stepFailed(KeywordMain.groovy:36)
	at com.kms.katalon.core.webui.keyword.internal.WebUIKeywordMain.stepFailed(WebUIKeywordMain.groovy:65)
	at com.kms.katalon.core.webui.keyword.internal.WebUIKeywordMain.runKeyword(WebUIKeywordMain.groovy:27)
	at com.kms.katalon.core.webui.keyword.builtin.GetTextKeyword.getText(GetTextKeyword.groovy:88)
	at com.kms.katalon.core.webui.keyword.builtin.GetTextKeyword.execute(GetTextKeyword.groovy:67)
	at com.kms.katalon.core.keyword.internal.KeywordExecutor.executeKeywordForPlatform(KeywordExecutor.groovy:53)
	at com.kms.katalon.core.webui.keyword.WebUiBuiltInKeywords.getText(WebUiBuiltInKeywords.groovy:888)
	at com.kms.katalon.core.webui.keyword.WebUiBuiltInKeywords$getText$9.call(Unknown Source)
	at DS - Pending Claim (EFT).run(DS - Pending Claim (EFT):32)
	at com.kms.katalon.core.main.ScriptEngine.run(ScriptEngine.java:194)
	at com.kms.katalon.core.main.ScriptEngine.runScriptAsRawText(ScriptEngine.java:119)
	at com.kms.katalon.core.main.TestCaseExecutor.runScript(TestCaseExecutor.java:328)
	at com.kms.katalon.core.main.TestCaseExecutor.doExecute(TestCaseExecutor.java:319)
	at com.kms.katalon.core.main.TestCaseExecutor.processExecutionPhase(TestCaseExecutor.java:298)
	at com.kms.katalon.core.main.TestCaseExecutor.accessMainPhase(TestCaseExecutor.java:290)
	at com.kms.katalon.core.main.TestCaseExecutor.execute(TestCaseExecutor.java:224)
	at com.kms.katalon.core.main.TestCaseMain.runTestCase(TestCaseMain.java:106)
	at com.kms.katalon.core.keyword.builtin.CallTestCaseKeyword$_callTestCase_closure1.doCall(CallTestCaseKeyword.groovy:59)
	at com.kms.katalon.core.keyword.builtin.CallTestCaseKeyword$_callTestCase_closure1.call(CallTestCaseKeyword.groovy)
	at com.kms.katalon.core.keyword.internal.KeywordMain.runKeyword(KeywordMain.groovy:54)
	at com.kms.katalon.core.keyword.builtin.CallTestCaseKeyword.callTestCase(CallTestCaseKeyword.groovy:80)
	at com.kms.katalon.core.keyword.builtin.CallTestCaseKeyword.execute(CallTestCaseKeyword.groovy:44)
	at com.kms.katalon.core.keyword.internal.KeywordExecutor.executeKeywordForPlatform(KeywordExecutor.groovy:53)
	at com.kms.katalon.core.keyword.BuiltinKeywords.callTestCase(BuiltinKeywords.groovy:334)
	at Disbursement end to end (EFT Approved).run(Disbursement end to end (EFT Approved):16)
	at com.kms.katalon.core.main.ScriptEngine.run(ScriptEngine.java:194)
	at com.kms.katalon.core.main.ScriptEngine.runScriptAsRawText(ScriptEngine.java:119)
	at com.kms.katalon.core.main.TestCaseExecutor.runScript(TestCaseExecutor.java:328)
	at com.kms.katalon.core.main.TestCaseExecutor.doExecute(TestCaseExecutor.java:319)
	at com.kms.katalon.core.main.TestCaseExecutor.processExecutionPhase(TestCaseExecutor.java:298)
	at com.kms.katalon.core.main.TestCaseExecutor.accessMainPhase(TestCaseExecutor.java:290)
	at com.kms.katalon.core.main.TestCaseExecutor.execute(TestCaseExecutor.java:224)
	at com.kms.katalon.core.main.TestSuiteExecutor.accessTestCaseMainPhase(TestSuiteExecutor.java:129)
	at com.kms.katalon.core.main.TestSuiteExecutor.accessTestSuiteMainPhase(TestSuiteExecutor.java:112)
	at com.kms.katalon.core.main.TestSuiteExecutor.execute(TestSuiteExecutor.java:81)
	at com.kms.katalon.core.main.TestCaseMain.startTestSuite(TestCaseMain.java:149)
	at com.kms.katalon.core.main.TestCaseMain$startTestSuite$0.call(Unknown Source)
	at TempTestSuite1550652525208.run(TempTestSuite1550652525208.groovy:36)


2019-02-20 18:48:03 - [TEST_CASE][FAILED] - Test Cases/All TC/Arranged/2. Segment/2.6 Disbursement/DS - EFT/DS - Pending Claim (EFT): Test Cases/All TC/Arranged/2. Segment/2.6 Disbursement/DS - EFT/DS - Pending Claim (EFT) FAILED.
Reason:
com.kms.katalon.core.exception.StepFailedException: Unable to get text of object 'Object Repository/YongJun/Disbursement/Disbursement - EFT/DS - Pending Claim (EFT)/Page_PERKESO/Get Case ID' (Root cause: com.kms.katalon.core.webui.exception.WebElementNotFoundException: Web element with id: 'Object Repository/YongJun/Disbursement/Disbursement - EFT/DS - Pending Claim (EFT)/Page_PERKESO/Get Case ID' located by 'By.xpath: id("pendingClaimTableId")/tbody[1]/tr[@class="odd"]/td[2]' not found)
	at com.kms.katalon.core.keyword.internal.KeywordMain.stepFailed(KeywordMain.groovy:36)
	at com.kms.katalon.core.webui.keyword.internal.WebUIKeywordMain.stepFailed(WebUIKeywordMain.groovy:65)
	at com.kms.katalon.core.webui.keyword.internal.WebUIKeywordMain.runKeyword(WebUIKeywordMain.groovy:27)
	at com.kms.katalon.core.webui.keyword.builtin.GetTextKeyword.getText(GetTextKeyword.groovy:88)
	at com.kms.katalon.core.webui.keyword.builtin.GetTextKeyword.execute(GetTextKeyword.groovy:67)
	at com.kms.katalon.core.keyword.internal.KeywordExecutor.executeKeywordForPlatform(KeywordExecutor.groovy:53)
	at com.kms.katalon.core.webui.keyword.WebUiBuiltInKeywords.getText(WebUiBuiltInKeywords.groovy:888)
	at com.kms.katalon.core.webui.keyword.WebUiBuiltInKeywords$getText$9.call(Unknown Source)
	at DS - Pending Claim (EFT).run(DS - Pending Claim (EFT):32)
	at com.kms.katalon.core.main.ScriptEngine.run(ScriptEngine.java:194)
	at com.kms.katalon.core.main.ScriptEngine.runScriptAsRawText(ScriptEngine.java:119)
	at com.kms.katalon.core.main.TestCaseExecutor.runScript(TestCaseExecutor.java:328)
	at com.kms.katalon.core.main.TestCaseExecutor.doExecute(TestCaseExecutor.java:319)
	at com.kms.katalon.core.main.TestCaseExecutor.processExecutionPhase(TestCaseExecutor.java:298)
	at com.kms.katalon.core.main.TestCaseExecutor.accessMainPhase(TestCaseExecutor.java:290)
	at com.kms.katalon.core.main.TestCaseExecutor.execute(TestCaseExecutor.java:224)
	at com.kms.katalon.core.main.TestCaseMain.runTestCase(TestCaseMain.java:106)
	at com.kms.katalon.core.keyword.builtin.CallTestCaseKeyword$_callTestCase_closure1.doCall(CallTestCaseKeyword.groovy:59)
	at com.kms.katalon.core.keyword.builtin.CallTestCaseKeyword$_callTestCase_closure1.call(CallTestCaseKeyword.groovy)
	at com.kms.katalon.core.keyword.internal.KeywordMain.runKeyword(KeywordMain.groovy:54)
	at com.kms.katalon.core.keyword.builtin.CallTestCaseKeyword.callTestCase(CallTestCaseKeyword.groovy:80)
	at com.kms.katalon.core.keyword.builtin.CallTestCaseKeyword.execute(CallTestCaseKeyword.groovy:44)
	at com.kms.katalon.core.keyword.internal.KeywordExecutor.executeKeywordForPlatform(KeywordExecutor.groovy:53)
	at com.kms.katalon.core.keyword.BuiltinKeywords.callTestCase(BuiltinKeywords.groovy:334)
	at Disbursement end to end (EFT Approved).run(Disbursement end to end (EFT Approved):16)
	at com.kms.katalon.core.main.ScriptEngine.run(ScriptEngine.java:194)
	at com.kms.katalon.core.main.ScriptEngine.runScriptAsRawText(ScriptEngine.java:119)
	at com.kms.katalon.core.main.TestCaseExecutor.runScript(TestCaseExecutor.java:328)
	at com.kms.katalon.core.main.TestCaseExecutor.doExecute(TestCaseExecutor.java:319)
	at com.kms.katalon.core.main.TestCaseExecutor.processExecutionPhase(TestCaseExecutor.java:298)
	at com.kms.katalon.core.main.TestCaseExecutor.accessMainPhase(TestCaseExecutor.java:290)
	at com.kms.katalon.core.main.TestCaseExecutor.execute(TestCaseExecutor.java:224)
	at com.kms.katalon.core.main.TestSuiteExecutor.accessTestCaseMainPhase(TestSuiteExecutor.java:129)
	at com.kms.katalon.core.main.TestSuiteExecutor.accessTestSuiteMainPhase(TestSuiteExecutor.java:112)
	at com.kms.katalon.core.main.TestSuiteExecutor.execute(TestSuiteExecutor.java:81)
	at com.kms.katalon.core.main.TestCaseMain.startTestSuite(TestCaseMain.java:149)
	at com.kms.katalon.core.main.TestCaseMain$startTestSuite$0.call(Unknown Source)
	at TempTestSuite1550652525208.run(TempTestSuite1550652525208.groovy:36)


2019-02-20 18:48:03 - [TEST_STEP][PASSED] - openBrowser(""): Browser is opened with url: ''

2019-02-20 18:48:03 - [MESSAGE][WARNING] - A browser is already opened. Closing browser and opening a new one

2019-02-20 18:48:05 - [MESSAGE][INFO] - Starting 'Chrome' driver

2019-02-20 18:48:05 - [MESSAGE][INFO] - User set preference: ['args', '[--start-maximized]']

2019-02-20 18:48:09 - [MESSAGE][PASSED] - Browser is opened with url: ''

2019-02-20 18:48:09 - [TEST_STEP][PASSED] - maximizeWindow(): Current window maximized

2019-02-20 18:48:11 - [MESSAGE][PASSED] - Current window maximized

2019-02-20 18:48:11 - [TEST_STEP][PASSED] - navigateToUrl(Internal_Login): Navigate to 'http://10.20.24.188/eisportal/user/login' successfully

2019-02-20 18:48:13 - [MESSAGE][PASSED] - Navigate to 'http://10.20.24.188/eisportal/user/login' successfully

2019-02-20 18:48:13 - [TEST_STEP][PASSED] - delay(2): Delayed 2 second(s)

2019-02-20 18:48:15 - [MESSAGE][PASSED] - Delayed 2 second(s)

2019-02-20 18:48:15 - [TEST_STEP][PASSED] - setText(findTestObject("YongJun/Disbursement/Disbursement - EFT/DS - Pending Claim (EFT)/Page_PERKESO/DS input username"), "hq1ds@perkeso.gov.my"): Text 'hq1ds@perkeso.gov.my' is set on object 'Object Repository/YongJun/Disbursement/Disbursement - EFT/DS - Pending Claim (EFT)/Page_PERKESO/DS input username'

2019-02-20 18:48:19 - [MESSAGE][PASSED] - Text 'hq1ds@perkeso.gov.my' is set on object 'Object Repository/YongJun/Disbursement/Disbursement - EFT/DS - Pending Claim (EFT)/Page_PERKESO/DS input username'

2019-02-20 18:48:19 - [TEST_STEP][PASSED] - setEncryptedText(findTestObject("YongJun/Disbursement/Disbursement - EFT/DS - Pending Claim (EFT)/Page_PERKESO/DS input password"), "CQqwFZlbeC8="): Text ****** has been set on object 'Object Repository/YongJun/Disbursement/Disbursement - EFT/DS - Pending Claim (EFT)/Page_PERKESO/DS input password'

2019-02-20 18:48:22 - [MESSAGE][PASSED] - Text ****** has been set on object 'Object Repository/YongJun/Disbursement/Disbursement - EFT/DS - Pending Claim (EFT)/Page_PERKESO/DS input password'

2019-02-20 18:48:22 - [TEST_STEP][PASSED] - click(findTestObject("YongJun/Disbursement/Disbursement - EFT/DS - Pending Claim (EFT)/Page_PERKESO/DS click login button")): Object: 'Object Repository/YongJun/Disbursement/Disbursement - EFT/DS - Pending Claim (EFT)/Page_PERKESO/DS click login button' is clicked on

2019-02-20 18:48:26 - [MESSAGE][PASSED] - Object: 'Object Repository/YongJun/Disbursement/Disbursement - EFT/DS - Pending Claim (EFT)/Page_PERKESO/DS click login button' is clicked on

2019-02-20 18:48:26 - [TEST_STEP][PASSED] - delay(2): Delayed 2 second(s)

2019-02-20 18:48:28 - [MESSAGE][PASSED] - Delayed 2 second(s)

2019-02-20 18:48:28 - [TEST_STEP][FAILED] - EiEsCaseID = getText(findTestObject("YongJun/Disbursement/Disbursement - EFT/DS - Pending Claim (EFT)/Page_PERKESO/Get Case ID")): EiEsCaseID = getText(findTestObject("YongJun/Disbursement/Disbursement - EFT/DS - Pending Claim (EFT)/Page_PERKESO/Get Case ID")) FAILED.
Reason:
com.kms.katalon.core.exception.StepFailedException: Unable to get text of object 'Object Repository/YongJun/Disbursement/Disbursement - EFT/DS - Pending Claim (EFT)/Page_PERKESO/Get Case ID' (Root cause: com.kms.katalon.core.webui.exception.WebElementNotFoundException: Web element with id: 'Object Repository/YongJun/Disbursement/Disbursement - EFT/DS - Pending Claim (EFT)/Page_PERKESO/Get Case ID' located by 'By.xpath: id("pendingClaimTableId")/tbody[1]/tr[@class="odd"]/td[2]' not found)
	at com.kms.katalon.core.keyword.internal.KeywordMain.stepFailed(KeywordMain.groovy:36)
	at com.kms.katalon.core.webui.keyword.internal.WebUIKeywordMain.stepFailed(WebUIKeywordMain.groovy:65)
	at com.kms.katalon.core.webui.keyword.internal.WebUIKeywordMain.runKeyword(WebUIKeywordMain.groovy:27)
	at com.kms.katalon.core.webui.keyword.builtin.GetTextKeyword.getText(GetTextKeyword.groovy:88)
	at com.kms.katalon.core.webui.keyword.builtin.GetTextKeyword.execute(GetTextKeyword.groovy:67)
	at com.kms.katalon.core.keyword.internal.KeywordExecutor.executeKeywordForPlatform(KeywordExecutor.groovy:53)
	at com.kms.katalon.core.webui.keyword.WebUiBuiltInKeywords.getText(WebUiBuiltInKeywords.groovy:888)
	at com.kms.katalon.core.webui.keyword.WebUiBuiltInKeywords$getText$9.call(Unknown Source)
	at DS - Pending Claim (EFT).run(DS - Pending Claim (EFT):32)
	at com.kms.katalon.core.main.ScriptEngine.run(ScriptEngine.java:194)
	at com.kms.katalon.core.main.ScriptEngine.runScriptAsRawText(ScriptEngine.java:119)
	at com.kms.katalon.core.main.TestCaseExecutor.runScript(TestCaseExecutor.java:328)
	at com.kms.katalon.core.main.TestCaseExecutor.doExecute(TestCaseExecutor.java:319)
	at com.kms.katalon.core.main.TestCaseExecutor.processExecutionPhase(TestCaseExecutor.java:298)
	at com.kms.katalon.core.main.TestCaseExecutor.accessMainPhase(TestCaseExecutor.java:290)
	at com.kms.katalon.core.main.TestCaseExecutor.execute(TestCaseExecutor.java:224)
	at com.kms.katalon.core.main.TestCaseMain.runTestCase(TestCaseMain.java:106)
	at com.kms.katalon.core.keyword.builtin.CallTestCaseKeyword$_callTestCase_closure1.doCall(CallTestCaseKeyword.groovy:59)
	at com.kms.katalon.core.keyword.builtin.CallTestCaseKeyword$_callTestCase_closure1.call(CallTestCaseKeyword.groovy)
	at com.kms.katalon.core.keyword.internal.KeywordMain.runKeyword(KeywordMain.groovy:54)
	at com.kms.katalon.core.keyword.builtin.CallTestCaseKeyword.callTestCase(CallTestCaseKeyword.groovy:80)
	at com.kms.katalon.core.keyword.builtin.CallTestCaseKeyword.execute(CallTestCaseKeyword.groovy:44)
	at com.kms.katalon.core.keyword.internal.KeywordExecutor.executeKeywordForPlatform(KeywordExecutor.groovy:53)
	at com.kms.katalon.core.keyword.BuiltinKeywords.callTestCase(BuiltinKeywords.groovy:334)
	at Disbursement end to end (EFT Approved).run(Disbursement end to end (EFT Approved):16)
	at com.kms.katalon.core.main.ScriptEngine.run(ScriptEngine.java:194)
	at com.kms.katalon.core.main.ScriptEngine.runScriptAsRawText(ScriptEngine.java:119)
	at com.kms.katalon.core.main.TestCaseExecutor.runScript(TestCaseExecutor.java:328)
	at com.kms.katalon.core.main.TestCaseExecutor.doExecute(TestCaseExecutor.java:319)
	at com.kms.katalon.core.main.TestCaseExecutor.processExecutionPhase(TestCaseExecutor.java:298)
	at com.kms.katalon.core.main.TestCaseExecutor.accessMainPhase(TestCaseExecutor.java:290)
	at com.kms.katalon.core.main.TestCaseExecutor.execute(TestCaseExecutor.java:224)
	at com.kms.katalon.core.main.TestSuiteExecutor.accessTestCaseMainPhase(TestSuiteExecutor.java:129)
	at com.kms.katalon.core.main.TestSuiteExecutor.accessTestSuiteMainPhase(TestSuiteExecutor.java:112)
	at com.kms.katalon.core.main.TestSuiteExecutor.execute(TestSuiteExecutor.java:81)
	at com.kms.katalon.core.main.TestCaseMain.startTestSuite(TestCaseMain.java:149)
	at com.kms.katalon.core.main.TestCaseMain$startTestSuite$0.call(Unknown Source)
	at TempTestSuite1550652525208.run(TempTestSuite1550652525208.groovy:36)


2019-02-20 18:48:58 - [MESSAGE][INFO] - Unable to find the element located by 'By.xpath: id("pendingClaimTableId")/tbody[1]/tr[@class="odd"]/td[2]'. Please recheck the objects properties to make sure the desired element is located. 

2019-02-20 18:48:59 - [MESSAGE][FAILED] - Unable to get text of object 'Object Repository/YongJun/Disbursement/Disbursement - EFT/DS - Pending Claim (EFT)/Page_PERKESO/Get Case ID' (Root cause: com.kms.katalon.core.webui.exception.WebElementNotFoundException: Web element with id: 'Object Repository/YongJun/Disbursement/Disbursement - EFT/DS - Pending Claim (EFT)/Page_PERKESO/Get Case ID' located by 'By.xpath: id("pendingClaimTableId")/tbody[1]/tr[@class="odd"]/td[2]' not found)
[[ATTACHMENT|C:\\Users\\Admin\\Documents\\GitHub\\PKSKatalon\\PKS-EI-ES\\Reports\\New Test Suite\\20190220_164845\\1550659738437.png]]

2019-02-20 18:48:59 - [MESSAGE][FAILED] - EiEsCaseID = getText(findTestObject("YongJun/Disbursement/Disbursement - EFT/DS - Pending Claim (EFT)/Page_PERKESO/Get Case ID")) FAILED.
Reason:
com.kms.katalon.core.exception.StepFailedException: Unable to get text of object 'Object Repository/YongJun/Disbursement/Disbursement - EFT/DS - Pending Claim (EFT)/Page_PERKESO/Get Case ID' (Root cause: com.kms.katalon.core.webui.exception.WebElementNotFoundException: Web element with id: 'Object Repository/YongJun/Disbursement/Disbursement - EFT/DS - Pending Claim (EFT)/Page_PERKESO/Get Case ID' located by 'By.xpath: id("pendingClaimTableId")/tbody[1]/tr[@class="odd"]/td[2]' not found)
	at com.kms.katalon.core.keyword.internal.KeywordMain.stepFailed(KeywordMain.groovy:36)
	at com.kms.katalon.core.webui.keyword.internal.WebUIKeywordMain.stepFailed(WebUIKeywordMain.groovy:65)
	at com.kms.katalon.core.webui.keyword.internal.WebUIKeywordMain.runKeyword(WebUIKeywordMain.groovy:27)
	at com.kms.katalon.core.webui.keyword.builtin.GetTextKeyword.getText(GetTextKeyword.groovy:88)
	at com.kms.katalon.core.webui.keyword.builtin.GetTextKeyword.execute(GetTextKeyword.groovy:67)
	at com.kms.katalon.core.keyword.internal.KeywordExecutor.executeKeywordForPlatform(KeywordExecutor.groovy:53)
	at com.kms.katalon.core.webui.keyword.WebUiBuiltInKeywords.getText(WebUiBuiltInKeywords.groovy:888)
	at com.kms.katalon.core.webui.keyword.WebUiBuiltInKeywords$getText$9.call(Unknown Source)
	at DS - Pending Claim (EFT).run(DS - Pending Claim (EFT):32)
	at com.kms.katalon.core.main.ScriptEngine.run(ScriptEngine.java:194)
	at com.kms.katalon.core.main.ScriptEngine.runScriptAsRawText(ScriptEngine.java:119)
	at com.kms.katalon.core.main.TestCaseExecutor.runScript(TestCaseExecutor.java:328)
	at com.kms.katalon.core.main.TestCaseExecutor.doExecute(TestCaseExecutor.java:319)
	at com.kms.katalon.core.main.TestCaseExecutor.processExecutionPhase(TestCaseExecutor.java:298)
	at com.kms.katalon.core.main.TestCaseExecutor.accessMainPhase(TestCaseExecutor.java:290)
	at com.kms.katalon.core.main.TestCaseExecutor.execute(TestCaseExecutor.java:224)
	at com.kms.katalon.core.main.TestCaseMain.runTestCase(TestCaseMain.java:106)
	at com.kms.katalon.core.keyword.builtin.CallTestCaseKeyword$_callTestCase_closure1.doCall(CallTestCaseKeyword.groovy:59)
	at com.kms.katalon.core.keyword.builtin.CallTestCaseKeyword$_callTestCase_closure1.call(CallTestCaseKeyword.groovy)
	at com.kms.katalon.core.keyword.internal.KeywordMain.runKeyword(KeywordMain.groovy:54)
	at com.kms.katalon.core.keyword.builtin.CallTestCaseKeyword.callTestCase(CallTestCaseKeyword.groovy:80)
	at com.kms.katalon.core.keyword.builtin.CallTestCaseKeyword.execute(CallTestCaseKeyword.groovy:44)
	at com.kms.katalon.core.keyword.internal.KeywordExecutor.executeKeywordForPlatform(KeywordExecutor.groovy:53)
	at com.kms.katalon.core.keyword.BuiltinKeywords.callTestCase(BuiltinKeywords.groovy:334)
	at Disbursement end to end (EFT Approved).run(Disbursement end to end (EFT Approved):16)
	at com.kms.katalon.core.main.ScriptEngine.run(ScriptEngine.java:194)
	at com.kms.katalon.core.main.ScriptEngine.runScriptAsRawText(ScriptEngine.java:119)
	at com.kms.katalon.core.main.TestCaseExecutor.runScript(TestCaseExecutor.java:328)
	at com.kms.katalon.core.main.TestCaseExecutor.doExecute(TestCaseExecutor.java:319)
	at com.kms.katalon.core.main.TestCaseExecutor.processExecutionPhase(TestCaseExecutor.java:298)
	at com.kms.katalon.core.main.TestCaseExecutor.accessMainPhase(TestCaseExecutor.java:290)
	at com.kms.katalon.core.main.TestCaseExecutor.execute(TestCaseExecutor.java:224)
	at com.kms.katalon.core.main.TestSuiteExecutor.accessTestCaseMainPhase(TestSuiteExecutor.java:129)
	at com.kms.katalon.core.main.TestSuiteExecutor.accessTestSuiteMainPhase(TestSuiteExecutor.java:112)
	at com.kms.katalon.core.main.TestSuiteExecutor.execute(TestSuiteExecutor.java:81)
	at com.kms.katalon.core.main.TestCaseMain.startTestSuite(TestCaseMain.java:149)
	at com.kms.katalon.core.main.TestCaseMain$startTestSuite$0.call(Unknown Source)
	at TempTestSuite1550652525208.run(TempTestSuite1550652525208.groovy:36)


2019-02-20 18:48:59 - [MESSAGE][FAILED] - Unable to call Test Case 'Test Cases/All TC/Arranged/2. Segment/2.6 Disbursement/DS - EFT/DS - Pending Claim (EFT)' (Root cause: com.kms.katalon.core.exception.StepFailedException: Call Test Case 'Test Cases/All TC/Arranged/2. Segment/2.6 Disbursement/DS - EFT/DS - Pending Claim (EFT)' failed)

2019-02-20 18:48:59 - [MESSAGE][FAILED] - callTestCase(findTestCase("All TC/Arranged/2. Segment/2.6 Disbursement/DS - EFT/DS - Pending Claim (EFT)"), [:], STOP_ON_FAILURE) FAILED.
Reason:
com.kms.katalon.core.exception.StepFailedException: Unable to get text of object 'Object Repository/YongJun/Disbursement/Disbursement - EFT/DS - Pending Claim (EFT)/Page_PERKESO/Get Case ID' (Root cause: com.kms.katalon.core.webui.exception.WebElementNotFoundException: Web element with id: 'Object Repository/YongJun/Disbursement/Disbursement - EFT/DS - Pending Claim (EFT)/Page_PERKESO/Get Case ID' located by 'By.xpath: id("pendingClaimTableId")/tbody[1]/tr[@class="odd"]/td[2]' not found)
	at com.kms.katalon.core.keyword.internal.KeywordMain.stepFailed(KeywordMain.groovy:36)
	at com.kms.katalon.core.webui.keyword.internal.WebUIKeywordMain.stepFailed(WebUIKeywordMain.groovy:65)
	at com.kms.katalon.core.webui.keyword.internal.WebUIKeywordMain.runKeyword(WebUIKeywordMain.groovy:27)
	at com.kms.katalon.core.webui.keyword.builtin.GetTextKeyword.getText(GetTextKeyword.groovy:88)
	at com.kms.katalon.core.webui.keyword.builtin.GetTextKeyword.execute(GetTextKeyword.groovy:67)
	at com.kms.katalon.core.keyword.internal.KeywordExecutor.executeKeywordForPlatform(KeywordExecutor.groovy:53)
	at com.kms.katalon.core.webui.keyword.WebUiBuiltInKeywords.getText(WebUiBuiltInKeywords.groovy:888)
	at com.kms.katalon.core.webui.keyword.WebUiBuiltInKeywords$getText$9.call(Unknown Source)
	at DS - Pending Claim (EFT).run(DS - Pending Claim (EFT):32)
	at com.kms.katalon.core.main.ScriptEngine.run(ScriptEngine.java:194)
	at com.kms.katalon.core.main.ScriptEngine.runScriptAsRawText(ScriptEngine.java:119)
	at com.kms.katalon.core.main.TestCaseExecutor.runScript(TestCaseExecutor.java:328)
	at com.kms.katalon.core.main.TestCaseExecutor.doExecute(TestCaseExecutor.java:319)
	at com.kms.katalon.core.main.TestCaseExecutor.processExecutionPhase(TestCaseExecutor.java:298)
	at com.kms.katalon.core.main.TestCaseExecutor.accessMainPhase(TestCaseExecutor.java:290)
	at com.kms.katalon.core.main.TestCaseExecutor.execute(TestCaseExecutor.java:224)
	at com.kms.katalon.core.main.TestCaseMain.runTestCase(TestCaseMain.java:106)
	at com.kms.katalon.core.keyword.builtin.CallTestCaseKeyword$_callTestCase_closure1.doCall(CallTestCaseKeyword.groovy:59)
	at com.kms.katalon.core.keyword.builtin.CallTestCaseKeyword$_callTestCase_closure1.call(CallTestCaseKeyword.groovy)
	at com.kms.katalon.core.keyword.internal.KeywordMain.runKeyword(KeywordMain.groovy:54)
	at com.kms.katalon.core.keyword.builtin.CallTestCaseKeyword.callTestCase(CallTestCaseKeyword.groovy:80)
	at com.kms.katalon.core.keyword.builtin.CallTestCaseKeyword.execute(CallTestCaseKeyword.groovy:44)
	at com.kms.katalon.core.keyword.internal.KeywordExecutor.executeKeywordForPlatform(KeywordExecutor.groovy:53)
	at com.kms.katalon.core.keyword.BuiltinKeywords.callTestCase(BuiltinKeywords.groovy:334)
	at Disbursement end to end (EFT Approved).run(Disbursement end to end (EFT Approved):16)
	at com.kms.katalon.core.main.ScriptEngine.run(ScriptEngine.java:194)
	at com.kms.katalon.core.main.ScriptEngine.runScriptAsRawText(ScriptEngine.java:119)
	at com.kms.katalon.core.main.TestCaseExecutor.runScript(TestCaseExecutor.java:328)
	at com.kms.katalon.core.main.TestCaseExecutor.doExecute(TestCaseExecutor.java:319)
	at com.kms.katalon.core.main.TestCaseExecutor.processExecutionPhase(TestCaseExecutor.java:298)
	at com.kms.katalon.core.main.TestCaseExecutor.accessMainPhase(TestCaseExecutor.java:290)
	at com.kms.katalon.core.main.TestCaseExecutor.execute(TestCaseExecutor.java:224)
	at com.kms.katalon.core.main.TestSuiteExecutor.accessTestCaseMainPhase(TestSuiteExecutor.java:129)
	at com.kms.katalon.core.main.TestSuiteExecutor.accessTestSuiteMainPhase(TestSuiteExecutor.java:112)
	at com.kms.katalon.core.main.TestSuiteExecutor.execute(TestSuiteExecutor.java:81)
	at com.kms.katalon.core.main.TestCaseMain.startTestSuite(TestCaseMain.java:149)
	at com.kms.katalon.core.main.TestCaseMain$startTestSuite$0.call(Unknown Source)
	at TempTestSuite1550652525208.run(TempTestSuite1550652525208.groovy:36)]]></system-out>
         <system-err><![CDATA[2019-02-20 18:48:03 - [TEST_CASE][FAILED] - Test Cases/All TC/Arranged/0. Full Flow/Disbursement end to end (EFT Approved): Test Cases/All TC/Arranged/0. Full Flow/Disbursement end to end (EFT Approved) FAILED.
Reason:
com.kms.katalon.core.exception.StepFailedException: Unable to get text of object 'Object Repository/YongJun/Disbursement/Disbursement - EFT/DS - Pending Claim (EFT)/Page_PERKESO/Get Case ID' (Root cause: com.kms.katalon.core.webui.exception.WebElementNotFoundException: Web element with id: 'Object Repository/YongJun/Disbursement/Disbursement - EFT/DS - Pending Claim (EFT)/Page_PERKESO/Get Case ID' located by 'By.xpath: id("pendingClaimTableId")/tbody[1]/tr[@class="odd"]/td[2]' not found)
	at com.kms.katalon.core.keyword.internal.KeywordMain.stepFailed(KeywordMain.groovy:36)
	at com.kms.katalon.core.webui.keyword.internal.WebUIKeywordMain.stepFailed(WebUIKeywordMain.groovy:65)
	at com.kms.katalon.core.webui.keyword.internal.WebUIKeywordMain.runKeyword(WebUIKeywordMain.groovy:27)
	at com.kms.katalon.core.webui.keyword.builtin.GetTextKeyword.getText(GetTextKeyword.groovy:88)
	at com.kms.katalon.core.webui.keyword.builtin.GetTextKeyword.execute(GetTextKeyword.groovy:67)
	at com.kms.katalon.core.keyword.internal.KeywordExecutor.executeKeywordForPlatform(KeywordExecutor.groovy:53)
	at com.kms.katalon.core.webui.keyword.WebUiBuiltInKeywords.getText(WebUiBuiltInKeywords.groovy:888)
	at com.kms.katalon.core.webui.keyword.WebUiBuiltInKeywords$getText$9.call(Unknown Source)
	at DS - Pending Claim (EFT).run(DS - Pending Claim (EFT):32)
	at com.kms.katalon.core.main.ScriptEngine.run(ScriptEngine.java:194)
	at com.kms.katalon.core.main.ScriptEngine.runScriptAsRawText(ScriptEngine.java:119)
	at com.kms.katalon.core.main.TestCaseExecutor.runScript(TestCaseExecutor.java:328)
	at com.kms.katalon.core.main.TestCaseExecutor.doExecute(TestCaseExecutor.java:319)
	at com.kms.katalon.core.main.TestCaseExecutor.processExecutionPhase(TestCaseExecutor.java:298)
	at com.kms.katalon.core.main.TestCaseExecutor.accessMainPhase(TestCaseExecutor.java:290)
	at com.kms.katalon.core.main.TestCaseExecutor.execute(TestCaseExecutor.java:224)
	at com.kms.katalon.core.main.TestCaseMain.runTestCase(TestCaseMain.java:106)
	at com.kms.katalon.core.keyword.builtin.CallTestCaseKeyword$_callTestCase_closure1.doCall(CallTestCaseKeyword.groovy:59)
	at com.kms.katalon.core.keyword.builtin.CallTestCaseKeyword$_callTestCase_closure1.call(CallTestCaseKeyword.groovy)
	at com.kms.katalon.core.keyword.internal.KeywordMain.runKeyword(KeywordMain.groovy:54)
	at com.kms.katalon.core.keyword.builtin.CallTestCaseKeyword.callTestCase(CallTestCaseKeyword.groovy:80)
	at com.kms.katalon.core.keyword.builtin.CallTestCaseKeyword.execute(CallTestCaseKeyword.groovy:44)
	at com.kms.katalon.core.keyword.internal.KeywordExecutor.executeKeywordForPlatform(KeywordExecutor.groovy:53)
	at com.kms.katalon.core.keyword.BuiltinKeywords.callTestCase(BuiltinKeywords.groovy:334)
	at Disbursement end to end (EFT Approved).run(Disbursement end to end (EFT Approved):16)
	at com.kms.katalon.core.main.ScriptEngine.run(ScriptEngine.java:194)
	at com.kms.katalon.core.main.ScriptEngine.runScriptAsRawText(ScriptEngine.java:119)
	at com.kms.katalon.core.main.TestCaseExecutor.runScript(TestCaseExecutor.java:328)
	at com.kms.katalon.core.main.TestCaseExecutor.doExecute(TestCaseExecutor.java:319)
	at com.kms.katalon.core.main.TestCaseExecutor.processExecutionPhase(TestCaseExecutor.java:298)
	at com.kms.katalon.core.main.TestCaseExecutor.accessMainPhase(TestCaseExecutor.java:290)
	at com.kms.katalon.core.main.TestCaseExecutor.execute(TestCaseExecutor.java:224)
	at com.kms.katalon.core.main.TestSuiteExecutor.accessTestCaseMainPhase(TestSuiteExecutor.java:129)
	at com.kms.katalon.core.main.TestSuiteExecutor.accessTestSuiteMainPhase(TestSuiteExecutor.java:112)
	at com.kms.katalon.core.main.TestSuiteExecutor.execute(TestSuiteExecutor.java:81)
	at com.kms.katalon.core.main.TestCaseMain.startTestSuite(TestCaseMain.java:149)
	at com.kms.katalon.core.main.TestCaseMain$startTestSuite$0.call(Unknown Source)
	at TempTestSuite1550652525208.run(TempTestSuite1550652525208.groovy:36)]]></system-err>
      </testcase>
      <testcase name="Test Cases/All TC/Arranged/0. Full Flow/Disbursement end to end (CHQ Reject)" classname="Test Cases/All TC/Arranged/0. Full Flow/Disbursement end to end (CHQ Reject)" status="FAILED">
         <failure type="FAILED" message="Test Cases/All TC/Arranged/0. Full Flow/Disbursement end to end (CHQ Reject) FAILED.
Reason:
com.kms.katalon.core.exception.StepFailedException: Unable to get text of object 'Object Repository/YongJun/Disbursement/Disbursement - CHQ/DS - Pending Claim (CHQ)/Page_PERKESO/Get Case ID' (Root cause: com.kms.katalon.core.webui.exception.WebElementNotFoundException: Web element with id: 'Object Repository/YongJun/Disbursement/Disbursement - CHQ/DS - Pending Claim (CHQ)/Page_PERKESO/Get Case ID' located by 'By.xpath: id(&quot;pendingClaimTableId&quot;)/tbody[1]/tr[@class=&quot;odd&quot;]/td[2]' not found)
	at com.kms.katalon.core.keyword.internal.KeywordMain.stepFailed(KeywordMain.groovy:36)
	at com.kms.katalon.core.webui.keyword.internal.WebUIKeywordMain.stepFailed(WebUIKeywordMain.groovy:65)
	at com.kms.katalon.core.webui.keyword.internal.WebUIKeywordMain.runKeyword(WebUIKeywordMain.groovy:27)
	at com.kms.katalon.core.webui.keyword.builtin.GetTextKeyword.getText(GetTextKeyword.groovy:88)
	at com.kms.katalon.core.webui.keyword.builtin.GetTextKeyword.execute(GetTextKeyword.groovy:67)
	at com.kms.katalon.core.keyword.internal.KeywordExecutor.executeKeywordForPlatform(KeywordExecutor.groovy:53)
	at com.kms.katalon.core.webui.keyword.WebUiBuiltInKeywords.getText(WebUiBuiltInKeywords.groovy:888)
	at com.kms.katalon.core.webui.keyword.WebUiBuiltInKeywords$getText$9.call(Unknown Source)
	at DS - Pending Claim (CHQ).run(DS - Pending Claim (CHQ):32)
	at com.kms.katalon.core.main.ScriptEngine.run(ScriptEngine.java:194)
	at com.kms.katalon.core.main.ScriptEngine.runScriptAsRawText(ScriptEngine.java:119)
	at com.kms.katalon.core.main.TestCaseExecutor.runScript(TestCaseExecutor.java:328)
	at com.kms.katalon.core.main.TestCaseExecutor.doExecute(TestCaseExecutor.java:319)
	at com.kms.katalon.core.main.TestCaseExecutor.processExecutionPhase(TestCaseExecutor.java:298)
	at com.kms.katalon.core.main.TestCaseExecutor.accessMainPhase(TestCaseExecutor.java:290)
	at com.kms.katalon.core.main.TestCaseExecutor.execute(TestCaseExecutor.java:224)
	at com.kms.katalon.core.main.TestCaseMain.runTestCase(TestCaseMain.java:106)
	at com.kms.katalon.core.keyword.builtin.CallTestCaseKeyword$_callTestCase_closure1.doCall(CallTestCaseKeyword.groovy:59)
	at com.kms.katalon.core.keyword.builtin.CallTestCaseKeyword$_callTestCase_closure1.call(CallTestCaseKeyword.groovy)
	at com.kms.katalon.core.keyword.internal.KeywordMain.runKeyword(KeywordMain.groovy:54)
	at com.kms.katalon.core.keyword.builtin.CallTestCaseKeyword.callTestCase(CallTestCaseKeyword.groovy:80)
	at com.kms.katalon.core.keyword.builtin.CallTestCaseKeyword.execute(CallTestCaseKeyword.groovy:44)
	at com.kms.katalon.core.keyword.internal.KeywordExecutor.executeKeywordForPlatform(KeywordExecutor.groovy:53)
	at com.kms.katalon.core.keyword.BuiltinKeywords.callTestCase(BuiltinKeywords.groovy:334)
	at Disbursement end to end (CHQ Reject).run(Disbursement end to end (CHQ Reject):16)
	at com.kms.katalon.core.main.ScriptEngine.run(ScriptEngine.java:194)
	at com.kms.katalon.core.main.ScriptEngine.runScriptAsRawText(ScriptEngine.java:119)
	at com.kms.katalon.core.main.TestCaseExecutor.runScript(TestCaseExecutor.java:328)
	at com.kms.katalon.core.main.TestCaseExecutor.doExecute(TestCaseExecutor.java:319)
	at com.kms.katalon.core.main.TestCaseExecutor.processExecutionPhase(TestCaseExecutor.java:298)
	at com.kms.katalon.core.main.TestCaseExecutor.accessMainPhase(TestCaseExecutor.java:290)
	at com.kms.katalon.core.main.TestCaseExecutor.execute(TestCaseExecutor.java:224)
	at com.kms.katalon.core.main.TestSuiteExecutor.accessTestCaseMainPhase(TestSuiteExecutor.java:129)
	at com.kms.katalon.core.main.TestSuiteExecutor.accessTestSuiteMainPhase(TestSuiteExecutor.java:112)
	at com.kms.katalon.core.main.TestSuiteExecutor.execute(TestSuiteExecutor.java:81)
	at com.kms.katalon.core.main.TestCaseMain.startTestSuite(TestCaseMain.java:149)
	at com.kms.katalon.core.main.TestCaseMain$startTestSuite$0.call(Unknown Source)
	at TempTestSuite1550652525208.run(TempTestSuite1550652525208.groovy:36)
"/>
         <system-out><![CDATA[2019-02-20 18:49:00 - [TEST_CASE][FAILED] - Test Cases/All TC/Arranged/0. Full Flow/Disbursement end to end (CHQ Reject): Test Cases/All TC/Arranged/0. Full Flow/Disbursement end to end (CHQ Reject) FAILED.
Reason:
com.kms.katalon.core.exception.StepFailedException: Unable to get text of object 'Object Repository/YongJun/Disbursement/Disbursement - CHQ/DS - Pending Claim (CHQ)/Page_PERKESO/Get Case ID' (Root cause: com.kms.katalon.core.webui.exception.WebElementNotFoundException: Web element with id: 'Object Repository/YongJun/Disbursement/Disbursement - CHQ/DS - Pending Claim (CHQ)/Page_PERKESO/Get Case ID' located by 'By.xpath: id("pendingClaimTableId")/tbody[1]/tr[@class="odd"]/td[2]' not found)
	at com.kms.katalon.core.keyword.internal.KeywordMain.stepFailed(KeywordMain.groovy:36)
	at com.kms.katalon.core.webui.keyword.internal.WebUIKeywordMain.stepFailed(WebUIKeywordMain.groovy:65)
	at com.kms.katalon.core.webui.keyword.internal.WebUIKeywordMain.runKeyword(WebUIKeywordMain.groovy:27)
	at com.kms.katalon.core.webui.keyword.builtin.GetTextKeyword.getText(GetTextKeyword.groovy:88)
	at com.kms.katalon.core.webui.keyword.builtin.GetTextKeyword.execute(GetTextKeyword.groovy:67)
	at com.kms.katalon.core.keyword.internal.KeywordExecutor.executeKeywordForPlatform(KeywordExecutor.groovy:53)
	at com.kms.katalon.core.webui.keyword.WebUiBuiltInKeywords.getText(WebUiBuiltInKeywords.groovy:888)
	at com.kms.katalon.core.webui.keyword.WebUiBuiltInKeywords$getText$9.call(Unknown Source)
	at DS - Pending Claim (CHQ).run(DS - Pending Claim (CHQ):32)
	at com.kms.katalon.core.main.ScriptEngine.run(ScriptEngine.java:194)
	at com.kms.katalon.core.main.ScriptEngine.runScriptAsRawText(ScriptEngine.java:119)
	at com.kms.katalon.core.main.TestCaseExecutor.runScript(TestCaseExecutor.java:328)
	at com.kms.katalon.core.main.TestCaseExecutor.doExecute(TestCaseExecutor.java:319)
	at com.kms.katalon.core.main.TestCaseExecutor.processExecutionPhase(TestCaseExecutor.java:298)
	at com.kms.katalon.core.main.TestCaseExecutor.accessMainPhase(TestCaseExecutor.java:290)
	at com.kms.katalon.core.main.TestCaseExecutor.execute(TestCaseExecutor.java:224)
	at com.kms.katalon.core.main.TestCaseMain.runTestCase(TestCaseMain.java:106)
	at com.kms.katalon.core.keyword.builtin.CallTestCaseKeyword$_callTestCase_closure1.doCall(CallTestCaseKeyword.groovy:59)
	at com.kms.katalon.core.keyword.builtin.CallTestCaseKeyword$_callTestCase_closure1.call(CallTestCaseKeyword.groovy)
	at com.kms.katalon.core.keyword.internal.KeywordMain.runKeyword(KeywordMain.groovy:54)
	at com.kms.katalon.core.keyword.builtin.CallTestCaseKeyword.callTestCase(CallTestCaseKeyword.groovy:80)
	at com.kms.katalon.core.keyword.builtin.CallTestCaseKeyword.execute(CallTestCaseKeyword.groovy:44)
	at com.kms.katalon.core.keyword.internal.KeywordExecutor.executeKeywordForPlatform(KeywordExecutor.groovy:53)
	at com.kms.katalon.core.keyword.BuiltinKeywords.callTestCase(BuiltinKeywords.groovy:334)
	at Disbursement end to end (CHQ Reject).run(Disbursement end to end (CHQ Reject):16)
	at com.kms.katalon.core.main.ScriptEngine.run(ScriptEngine.java:194)
	at com.kms.katalon.core.main.ScriptEngine.runScriptAsRawText(ScriptEngine.java:119)
	at com.kms.katalon.core.main.TestCaseExecutor.runScript(TestCaseExecutor.java:328)
	at com.kms.katalon.core.main.TestCaseExecutor.doExecute(TestCaseExecutor.java:319)
	at com.kms.katalon.core.main.TestCaseExecutor.processExecutionPhase(TestCaseExecutor.java:298)
	at com.kms.katalon.core.main.TestCaseExecutor.accessMainPhase(TestCaseExecutor.java:290)
	at com.kms.katalon.core.main.TestCaseExecutor.execute(TestCaseExecutor.java:224)
	at com.kms.katalon.core.main.TestSuiteExecutor.accessTestCaseMainPhase(TestSuiteExecutor.java:129)
	at com.kms.katalon.core.main.TestSuiteExecutor.accessTestSuiteMainPhase(TestSuiteExecutor.java:112)
	at com.kms.katalon.core.main.TestSuiteExecutor.execute(TestSuiteExecutor.java:81)
	at com.kms.katalon.core.main.TestCaseMain.startTestSuite(TestCaseMain.java:149)
	at com.kms.katalon.core.main.TestCaseMain$startTestSuite$0.call(Unknown Source)
	at TempTestSuite1550652525208.run(TempTestSuite1550652525208.groovy:36)


2019-02-20 18:49:01 - [TEST_STEP][FAILED] - callTestCase(findTestCase("All TC/Arranged/2. Segment/2.6 Disbursement/DS - CHQ/DS - Pending Claim (CHQ)"), [:], STOP_ON_FAILURE): callTestCase(findTestCase("All TC/Arranged/2. Segment/2.6 Disbursement/DS - CHQ/DS - Pending Claim (CHQ)"), [:], STOP_ON_FAILURE) FAILED.
Reason:
com.kms.katalon.core.exception.StepFailedException: Unable to get text of object 'Object Repository/YongJun/Disbursement/Disbursement - CHQ/DS - Pending Claim (CHQ)/Page_PERKESO/Get Case ID' (Root cause: com.kms.katalon.core.webui.exception.WebElementNotFoundException: Web element with id: 'Object Repository/YongJun/Disbursement/Disbursement - CHQ/DS - Pending Claim (CHQ)/Page_PERKESO/Get Case ID' located by 'By.xpath: id("pendingClaimTableId")/tbody[1]/tr[@class="odd"]/td[2]' not found)
	at com.kms.katalon.core.keyword.internal.KeywordMain.stepFailed(KeywordMain.groovy:36)
	at com.kms.katalon.core.webui.keyword.internal.WebUIKeywordMain.stepFailed(WebUIKeywordMain.groovy:65)
	at com.kms.katalon.core.webui.keyword.internal.WebUIKeywordMain.runKeyword(WebUIKeywordMain.groovy:27)
	at com.kms.katalon.core.webui.keyword.builtin.GetTextKeyword.getText(GetTextKeyword.groovy:88)
	at com.kms.katalon.core.webui.keyword.builtin.GetTextKeyword.execute(GetTextKeyword.groovy:67)
	at com.kms.katalon.core.keyword.internal.KeywordExecutor.executeKeywordForPlatform(KeywordExecutor.groovy:53)
	at com.kms.katalon.core.webui.keyword.WebUiBuiltInKeywords.getText(WebUiBuiltInKeywords.groovy:888)
	at com.kms.katalon.core.webui.keyword.WebUiBuiltInKeywords$getText$9.call(Unknown Source)
	at DS - Pending Claim (CHQ).run(DS - Pending Claim (CHQ):32)
	at com.kms.katalon.core.main.ScriptEngine.run(ScriptEngine.java:194)
	at com.kms.katalon.core.main.ScriptEngine.runScriptAsRawText(ScriptEngine.java:119)
	at com.kms.katalon.core.main.TestCaseExecutor.runScript(TestCaseExecutor.java:328)
	at com.kms.katalon.core.main.TestCaseExecutor.doExecute(TestCaseExecutor.java:319)
	at com.kms.katalon.core.main.TestCaseExecutor.processExecutionPhase(TestCaseExecutor.java:298)
	at com.kms.katalon.core.main.TestCaseExecutor.accessMainPhase(TestCaseExecutor.java:290)
	at com.kms.katalon.core.main.TestCaseExecutor.execute(TestCaseExecutor.java:224)
	at com.kms.katalon.core.main.TestCaseMain.runTestCase(TestCaseMain.java:106)
	at com.kms.katalon.core.keyword.builtin.CallTestCaseKeyword$_callTestCase_closure1.doCall(CallTestCaseKeyword.groovy:59)
	at com.kms.katalon.core.keyword.builtin.CallTestCaseKeyword$_callTestCase_closure1.call(CallTestCaseKeyword.groovy)
	at com.kms.katalon.core.keyword.internal.KeywordMain.runKeyword(KeywordMain.groovy:54)
	at com.kms.katalon.core.keyword.builtin.CallTestCaseKeyword.callTestCase(CallTestCaseKeyword.groovy:80)
	at com.kms.katalon.core.keyword.builtin.CallTestCaseKeyword.execute(CallTestCaseKeyword.groovy:44)
	at com.kms.katalon.core.keyword.internal.KeywordExecutor.executeKeywordForPlatform(KeywordExecutor.groovy:53)
	at com.kms.katalon.core.keyword.BuiltinKeywords.callTestCase(BuiltinKeywords.groovy:334)
	at Disbursement end to end (CHQ Reject).run(Disbursement end to end (CHQ Reject):16)
	at com.kms.katalon.core.main.ScriptEngine.run(ScriptEngine.java:194)
	at com.kms.katalon.core.main.ScriptEngine.runScriptAsRawText(ScriptEngine.java:119)
	at com.kms.katalon.core.main.TestCaseExecutor.runScript(TestCaseExecutor.java:328)
	at com.kms.katalon.core.main.TestCaseExecutor.doExecute(TestCaseExecutor.java:319)
	at com.kms.katalon.core.main.TestCaseExecutor.processExecutionPhase(TestCaseExecutor.java:298)
	at com.kms.katalon.core.main.TestCaseExecutor.accessMainPhase(TestCaseExecutor.java:290)
	at com.kms.katalon.core.main.TestCaseExecutor.execute(TestCaseExecutor.java:224)
	at com.kms.katalon.core.main.TestSuiteExecutor.accessTestCaseMainPhase(TestSuiteExecutor.java:129)
	at com.kms.katalon.core.main.TestSuiteExecutor.accessTestSuiteMainPhase(TestSuiteExecutor.java:112)
	at com.kms.katalon.core.main.TestSuiteExecutor.execute(TestSuiteExecutor.java:81)
	at com.kms.katalon.core.main.TestCaseMain.startTestSuite(TestCaseMain.java:149)
	at com.kms.katalon.core.main.TestCaseMain$startTestSuite$0.call(Unknown Source)
	at TempTestSuite1550652525208.run(TempTestSuite1550652525208.groovy:36)


2019-02-20 18:49:01 - [TEST_CASE][FAILED] - Test Cases/All TC/Arranged/2. Segment/2.6 Disbursement/DS - CHQ/DS - Pending Claim (CHQ): Test Cases/All TC/Arranged/2. Segment/2.6 Disbursement/DS - CHQ/DS - Pending Claim (CHQ) FAILED.
Reason:
com.kms.katalon.core.exception.StepFailedException: Unable to get text of object 'Object Repository/YongJun/Disbursement/Disbursement - CHQ/DS - Pending Claim (CHQ)/Page_PERKESO/Get Case ID' (Root cause: com.kms.katalon.core.webui.exception.WebElementNotFoundException: Web element with id: 'Object Repository/YongJun/Disbursement/Disbursement - CHQ/DS - Pending Claim (CHQ)/Page_PERKESO/Get Case ID' located by 'By.xpath: id("pendingClaimTableId")/tbody[1]/tr[@class="odd"]/td[2]' not found)
	at com.kms.katalon.core.keyword.internal.KeywordMain.stepFailed(KeywordMain.groovy:36)
	at com.kms.katalon.core.webui.keyword.internal.WebUIKeywordMain.stepFailed(WebUIKeywordMain.groovy:65)
	at com.kms.katalon.core.webui.keyword.internal.WebUIKeywordMain.runKeyword(WebUIKeywordMain.groovy:27)
	at com.kms.katalon.core.webui.keyword.builtin.GetTextKeyword.getText(GetTextKeyword.groovy:88)
	at com.kms.katalon.core.webui.keyword.builtin.GetTextKeyword.execute(GetTextKeyword.groovy:67)
	at com.kms.katalon.core.keyword.internal.KeywordExecutor.executeKeywordForPlatform(KeywordExecutor.groovy:53)
	at com.kms.katalon.core.webui.keyword.WebUiBuiltInKeywords.getText(WebUiBuiltInKeywords.groovy:888)
	at com.kms.katalon.core.webui.keyword.WebUiBuiltInKeywords$getText$9.call(Unknown Source)
	at DS - Pending Claim (CHQ).run(DS - Pending Claim (CHQ):32)
	at com.kms.katalon.core.main.ScriptEngine.run(ScriptEngine.java:194)
	at com.kms.katalon.core.main.ScriptEngine.runScriptAsRawText(ScriptEngine.java:119)
	at com.kms.katalon.core.main.TestCaseExecutor.runScript(TestCaseExecutor.java:328)
	at com.kms.katalon.core.main.TestCaseExecutor.doExecute(TestCaseExecutor.java:319)
	at com.kms.katalon.core.main.TestCaseExecutor.processExecutionPhase(TestCaseExecutor.java:298)
	at com.kms.katalon.core.main.TestCaseExecutor.accessMainPhase(TestCaseExecutor.java:290)
	at com.kms.katalon.core.main.TestCaseExecutor.execute(TestCaseExecutor.java:224)
	at com.kms.katalon.core.main.TestCaseMain.runTestCase(TestCaseMain.java:106)
	at com.kms.katalon.core.keyword.builtin.CallTestCaseKeyword$_callTestCase_closure1.doCall(CallTestCaseKeyword.groovy:59)
	at com.kms.katalon.core.keyword.builtin.CallTestCaseKeyword$_callTestCase_closure1.call(CallTestCaseKeyword.groovy)
	at com.kms.katalon.core.keyword.internal.KeywordMain.runKeyword(KeywordMain.groovy:54)
	at com.kms.katalon.core.keyword.builtin.CallTestCaseKeyword.callTestCase(CallTestCaseKeyword.groovy:80)
	at com.kms.katalon.core.keyword.builtin.CallTestCaseKeyword.execute(CallTestCaseKeyword.groovy:44)
	at com.kms.katalon.core.keyword.internal.KeywordExecutor.executeKeywordForPlatform(KeywordExecutor.groovy:53)
	at com.kms.katalon.core.keyword.BuiltinKeywords.callTestCase(BuiltinKeywords.groovy:334)
	at Disbursement end to end (CHQ Reject).run(Disbursement end to end (CHQ Reject):16)
	at com.kms.katalon.core.main.ScriptEngine.run(ScriptEngine.java:194)
	at com.kms.katalon.core.main.ScriptEngine.runScriptAsRawText(ScriptEngine.java:119)
	at com.kms.katalon.core.main.TestCaseExecutor.runScript(TestCaseExecutor.java:328)
	at com.kms.katalon.core.main.TestCaseExecutor.doExecute(TestCaseExecutor.java:319)
	at com.kms.katalon.core.main.TestCaseExecutor.processExecutionPhase(TestCaseExecutor.java:298)
	at com.kms.katalon.core.main.TestCaseExecutor.accessMainPhase(TestCaseExecutor.java:290)
	at com.kms.katalon.core.main.TestCaseExecutor.execute(TestCaseExecutor.java:224)
	at com.kms.katalon.core.main.TestSuiteExecutor.accessTestCaseMainPhase(TestSuiteExecutor.java:129)
	at com.kms.katalon.core.main.TestSuiteExecutor.accessTestSuiteMainPhase(TestSuiteExecutor.java:112)
	at com.kms.katalon.core.main.TestSuiteExecutor.execute(TestSuiteExecutor.java:81)
	at com.kms.katalon.core.main.TestCaseMain.startTestSuite(TestCaseMain.java:149)
	at com.kms.katalon.core.main.TestCaseMain$startTestSuite$0.call(Unknown Source)
	at TempTestSuite1550652525208.run(TempTestSuite1550652525208.groovy:36)


2019-02-20 18:49:01 - [TEST_STEP][PASSED] - openBrowser(""): Browser is opened with url: ''

2019-02-20 18:49:01 - [MESSAGE][WARNING] - A browser is already opened. Closing browser and opening a new one

2019-02-20 18:49:02 - [MESSAGE][INFO] - Starting 'Chrome' driver

2019-02-20 18:49:02 - [MESSAGE][INFO] - User set preference: ['args', '[--start-maximized]']

2019-02-20 18:49:07 - [MESSAGE][PASSED] - Browser is opened with url: ''

2019-02-20 18:49:07 - [TEST_STEP][PASSED] - maximizeWindow(): Current window maximized

2019-02-20 18:49:09 - [MESSAGE][PASSED] - Current window maximized

2019-02-20 18:49:09 - [TEST_STEP][PASSED] - navigateToUrl(Internal_Login): Navigate to 'http://10.20.24.188/eisportal/user/login' successfully

2019-02-20 18:49:10 - [MESSAGE][PASSED] - Navigate to 'http://10.20.24.188/eisportal/user/login' successfully

2019-02-20 18:49:10 - [TEST_STEP][PASSED] - delay(2): Delayed 2 second(s)

2019-02-20 18:49:12 - [MESSAGE][PASSED] - Delayed 2 second(s)

2019-02-20 18:49:12 - [TEST_STEP][PASSED] - setText(findTestObject("YongJun/Disbursement/Disbursement - CHQ/DS - Pending Claim (CHQ)/Page_PERKESO/DS login username"), "jh1ds@perkeso.gov.my"): Text 'jh1ds@perkeso.gov.my' is set on object 'Object Repository/YongJun/Disbursement/Disbursement - CHQ/DS - Pending Claim (CHQ)/Page_PERKESO/DS login username'

2019-02-20 18:49:17 - [MESSAGE][PASSED] - Text 'jh1ds@perkeso.gov.my' is set on object 'Object Repository/YongJun/Disbursement/Disbursement - CHQ/DS - Pending Claim (CHQ)/Page_PERKESO/DS login username'

2019-02-20 18:49:17 - [TEST_STEP][PASSED] - setEncryptedText(findTestObject("YongJun/Disbursement/Disbursement - CHQ/DS - Pending Claim (CHQ)/Page_PERKESO/DS login password"), "CQqwFZlbeC8="): Text ****** has been set on object 'Object Repository/YongJun/Disbursement/Disbursement - CHQ/DS - Pending Claim (CHQ)/Page_PERKESO/DS login password'

2019-02-20 18:49:20 - [MESSAGE][PASSED] - Text ****** has been set on object 'Object Repository/YongJun/Disbursement/Disbursement - CHQ/DS - Pending Claim (CHQ)/Page_PERKESO/DS login password'

2019-02-20 18:49:20 - [TEST_STEP][PASSED] - click(findTestObject("YongJun/Disbursement/Disbursement - CHQ/DS - Pending Claim (CHQ)/Page_PERKESO/DS login button")): Object: 'Object Repository/YongJun/Disbursement/Disbursement - CHQ/DS - Pending Claim (CHQ)/Page_PERKESO/DS login button' is clicked on

2019-02-20 18:49:23 - [MESSAGE][PASSED] - Object: 'Object Repository/YongJun/Disbursement/Disbursement - CHQ/DS - Pending Claim (CHQ)/Page_PERKESO/DS login button' is clicked on

2019-02-20 18:49:23 - [TEST_STEP][PASSED] - delay(2): Delayed 2 second(s)

2019-02-20 18:49:25 - [MESSAGE][PASSED] - Delayed 2 second(s)

2019-02-20 18:49:25 - [TEST_STEP][FAILED] - EiEsCaseID = getText(findTestObject("YongJun/Disbursement/Disbursement - CHQ/DS - Pending Claim (CHQ)/Page_PERKESO/Get Case ID")): EiEsCaseID = getText(findTestObject("YongJun/Disbursement/Disbursement - CHQ/DS - Pending Claim (CHQ)/Page_PERKESO/Get Case ID")) FAILED.
Reason:
com.kms.katalon.core.exception.StepFailedException: Unable to get text of object 'Object Repository/YongJun/Disbursement/Disbursement - CHQ/DS - Pending Claim (CHQ)/Page_PERKESO/Get Case ID' (Root cause: com.kms.katalon.core.webui.exception.WebElementNotFoundException: Web element with id: 'Object Repository/YongJun/Disbursement/Disbursement - CHQ/DS - Pending Claim (CHQ)/Page_PERKESO/Get Case ID' located by 'By.xpath: id("pendingClaimTableId")/tbody[1]/tr[@class="odd"]/td[2]' not found)
	at com.kms.katalon.core.keyword.internal.KeywordMain.stepFailed(KeywordMain.groovy:36)
	at com.kms.katalon.core.webui.keyword.internal.WebUIKeywordMain.stepFailed(WebUIKeywordMain.groovy:65)
	at com.kms.katalon.core.webui.keyword.internal.WebUIKeywordMain.runKeyword(WebUIKeywordMain.groovy:27)
	at com.kms.katalon.core.webui.keyword.builtin.GetTextKeyword.getText(GetTextKeyword.groovy:88)
	at com.kms.katalon.core.webui.keyword.builtin.GetTextKeyword.execute(GetTextKeyword.groovy:67)
	at com.kms.katalon.core.keyword.internal.KeywordExecutor.executeKeywordForPlatform(KeywordExecutor.groovy:53)
	at com.kms.katalon.core.webui.keyword.WebUiBuiltInKeywords.getText(WebUiBuiltInKeywords.groovy:888)
	at com.kms.katalon.core.webui.keyword.WebUiBuiltInKeywords$getText$9.call(Unknown Source)
	at DS - Pending Claim (CHQ).run(DS - Pending Claim (CHQ):32)
	at com.kms.katalon.core.main.ScriptEngine.run(ScriptEngine.java:194)
	at com.kms.katalon.core.main.ScriptEngine.runScriptAsRawText(ScriptEngine.java:119)
	at com.kms.katalon.core.main.TestCaseExecutor.runScript(TestCaseExecutor.java:328)
	at com.kms.katalon.core.main.TestCaseExecutor.doExecute(TestCaseExecutor.java:319)
	at com.kms.katalon.core.main.TestCaseExecutor.processExecutionPhase(TestCaseExecutor.java:298)
	at com.kms.katalon.core.main.TestCaseExecutor.accessMainPhase(TestCaseExecutor.java:290)
	at com.kms.katalon.core.main.TestCaseExecutor.execute(TestCaseExecutor.java:224)
	at com.kms.katalon.core.main.TestCaseMain.runTestCase(TestCaseMain.java:106)
	at com.kms.katalon.core.keyword.builtin.CallTestCaseKeyword$_callTestCase_closure1.doCall(CallTestCaseKeyword.groovy:59)
	at com.kms.katalon.core.keyword.builtin.CallTestCaseKeyword$_callTestCase_closure1.call(CallTestCaseKeyword.groovy)
	at com.kms.katalon.core.keyword.internal.KeywordMain.runKeyword(KeywordMain.groovy:54)
	at com.kms.katalon.core.keyword.builtin.CallTestCaseKeyword.callTestCase(CallTestCaseKeyword.groovy:80)
	at com.kms.katalon.core.keyword.builtin.CallTestCaseKeyword.execute(CallTestCaseKeyword.groovy:44)
	at com.kms.katalon.core.keyword.internal.KeywordExecutor.executeKeywordForPlatform(KeywordExecutor.groovy:53)
	at com.kms.katalon.core.keyword.BuiltinKeywords.callTestCase(BuiltinKeywords.groovy:334)
	at Disbursement end to end (CHQ Reject).run(Disbursement end to end (CHQ Reject):16)
	at com.kms.katalon.core.main.ScriptEngine.run(ScriptEngine.java:194)
	at com.kms.katalon.core.main.ScriptEngine.runScriptAsRawText(ScriptEngine.java:119)
	at com.kms.katalon.core.main.TestCaseExecutor.runScript(TestCaseExecutor.java:328)
	at com.kms.katalon.core.main.TestCaseExecutor.doExecute(TestCaseExecutor.java:319)
	at com.kms.katalon.core.main.TestCaseExecutor.processExecutionPhase(TestCaseExecutor.java:298)
	at com.kms.katalon.core.main.TestCaseExecutor.accessMainPhase(TestCaseExecutor.java:290)
	at com.kms.katalon.core.main.TestCaseExecutor.execute(TestCaseExecutor.java:224)
	at com.kms.katalon.core.main.TestSuiteExecutor.accessTestCaseMainPhase(TestSuiteExecutor.java:129)
	at com.kms.katalon.core.main.TestSuiteExecutor.accessTestSuiteMainPhase(TestSuiteExecutor.java:112)
	at com.kms.katalon.core.main.TestSuiteExecutor.execute(TestSuiteExecutor.java:81)
	at com.kms.katalon.core.main.TestCaseMain.startTestSuite(TestCaseMain.java:149)
	at com.kms.katalon.core.main.TestCaseMain$startTestSuite$0.call(Unknown Source)
	at TempTestSuite1550652525208.run(TempTestSuite1550652525208.groovy:36)


2019-02-20 18:49:55 - [MESSAGE][INFO] - Unable to find the element located by 'By.xpath: id("pendingClaimTableId")/tbody[1]/tr[@class="odd"]/td[2]'. Please recheck the objects properties to make sure the desired element is located. 

2019-02-20 18:49:57 - [MESSAGE][FAILED] - Unable to get text of object 'Object Repository/YongJun/Disbursement/Disbursement - CHQ/DS - Pending Claim (CHQ)/Page_PERKESO/Get Case ID' (Root cause: com.kms.katalon.core.webui.exception.WebElementNotFoundException: Web element with id: 'Object Repository/YongJun/Disbursement/Disbursement - CHQ/DS - Pending Claim (CHQ)/Page_PERKESO/Get Case ID' located by 'By.xpath: id("pendingClaimTableId")/tbody[1]/tr[@class="odd"]/td[2]' not found)
[[ATTACHMENT|C:\\Users\\Admin\\Documents\\GitHub\\PKSKatalon\\PKS-EI-ES\\Reports\\New Test Suite\\20190220_164845\\1550659795910.png]]

2019-02-20 18:49:57 - [MESSAGE][FAILED] - EiEsCaseID = getText(findTestObject("YongJun/Disbursement/Disbursement - CHQ/DS - Pending Claim (CHQ)/Page_PERKESO/Get Case ID")) FAILED.
Reason:
com.kms.katalon.core.exception.StepFailedException: Unable to get text of object 'Object Repository/YongJun/Disbursement/Disbursement - CHQ/DS - Pending Claim (CHQ)/Page_PERKESO/Get Case ID' (Root cause: com.kms.katalon.core.webui.exception.WebElementNotFoundException: Web element with id: 'Object Repository/YongJun/Disbursement/Disbursement - CHQ/DS - Pending Claim (CHQ)/Page_PERKESO/Get Case ID' located by 'By.xpath: id("pendingClaimTableId")/tbody[1]/tr[@class="odd"]/td[2]' not found)
	at com.kms.katalon.core.keyword.internal.KeywordMain.stepFailed(KeywordMain.groovy:36)
	at com.kms.katalon.core.webui.keyword.internal.WebUIKeywordMain.stepFailed(WebUIKeywordMain.groovy:65)
	at com.kms.katalon.core.webui.keyword.internal.WebUIKeywordMain.runKeyword(WebUIKeywordMain.groovy:27)
	at com.kms.katalon.core.webui.keyword.builtin.GetTextKeyword.getText(GetTextKeyword.groovy:88)
	at com.kms.katalon.core.webui.keyword.builtin.GetTextKeyword.execute(GetTextKeyword.groovy:67)
	at com.kms.katalon.core.keyword.internal.KeywordExecutor.executeKeywordForPlatform(KeywordExecutor.groovy:53)
	at com.kms.katalon.core.webui.keyword.WebUiBuiltInKeywords.getText(WebUiBuiltInKeywords.groovy:888)
	at com.kms.katalon.core.webui.keyword.WebUiBuiltInKeywords$getText$9.call(Unknown Source)
	at DS - Pending Claim (CHQ).run(DS - Pending Claim (CHQ):32)
	at com.kms.katalon.core.main.ScriptEngine.run(ScriptEngine.java:194)
	at com.kms.katalon.core.main.ScriptEngine.runScriptAsRawText(ScriptEngine.java:119)
	at com.kms.katalon.core.main.TestCaseExecutor.runScript(TestCaseExecutor.java:328)
	at com.kms.katalon.core.main.TestCaseExecutor.doExecute(TestCaseExecutor.java:319)
	at com.kms.katalon.core.main.TestCaseExecutor.processExecutionPhase(TestCaseExecutor.java:298)
	at com.kms.katalon.core.main.TestCaseExecutor.accessMainPhase(TestCaseExecutor.java:290)
	at com.kms.katalon.core.main.TestCaseExecutor.execute(TestCaseExecutor.java:224)
	at com.kms.katalon.core.main.TestCaseMain.runTestCase(TestCaseMain.java:106)
	at com.kms.katalon.core.keyword.builtin.CallTestCaseKeyword$_callTestCase_closure1.doCall(CallTestCaseKeyword.groovy:59)
	at com.kms.katalon.core.keyword.builtin.CallTestCaseKeyword$_callTestCase_closure1.call(CallTestCaseKeyword.groovy)
	at com.kms.katalon.core.keyword.internal.KeywordMain.runKeyword(KeywordMain.groovy:54)
	at com.kms.katalon.core.keyword.builtin.CallTestCaseKeyword.callTestCase(CallTestCaseKeyword.groovy:80)
	at com.kms.katalon.core.keyword.builtin.CallTestCaseKeyword.execute(CallTestCaseKeyword.groovy:44)
	at com.kms.katalon.core.keyword.internal.KeywordExecutor.executeKeywordForPlatform(KeywordExecutor.groovy:53)
	at com.kms.katalon.core.keyword.BuiltinKeywords.callTestCase(BuiltinKeywords.groovy:334)
	at Disbursement end to end (CHQ Reject).run(Disbursement end to end (CHQ Reject):16)
	at com.kms.katalon.core.main.ScriptEngine.run(ScriptEngine.java:194)
	at com.kms.katalon.core.main.ScriptEngine.runScriptAsRawText(ScriptEngine.java:119)
	at com.kms.katalon.core.main.TestCaseExecutor.runScript(TestCaseExecutor.java:328)
	at com.kms.katalon.core.main.TestCaseExecutor.doExecute(TestCaseExecutor.java:319)
	at com.kms.katalon.core.main.TestCaseExecutor.processExecutionPhase(TestCaseExecutor.java:298)
	at com.kms.katalon.core.main.TestCaseExecutor.accessMainPhase(TestCaseExecutor.java:290)
	at com.kms.katalon.core.main.TestCaseExecutor.execute(TestCaseExecutor.java:224)
	at com.kms.katalon.core.main.TestSuiteExecutor.accessTestCaseMainPhase(TestSuiteExecutor.java:129)
	at com.kms.katalon.core.main.TestSuiteExecutor.accessTestSuiteMainPhase(TestSuiteExecutor.java:112)
	at com.kms.katalon.core.main.TestSuiteExecutor.execute(TestSuiteExecutor.java:81)
	at com.kms.katalon.core.main.TestCaseMain.startTestSuite(TestCaseMain.java:149)
	at com.kms.katalon.core.main.TestCaseMain$startTestSuite$0.call(Unknown Source)
	at TempTestSuite1550652525208.run(TempTestSuite1550652525208.groovy:36)


2019-02-20 18:49:57 - [MESSAGE][FAILED] - Unable to call Test Case 'Test Cases/All TC/Arranged/2. Segment/2.6 Disbursement/DS - CHQ/DS - Pending Claim (CHQ)' (Root cause: com.kms.katalon.core.exception.StepFailedException: Call Test Case 'Test Cases/All TC/Arranged/2. Segment/2.6 Disbursement/DS - CHQ/DS - Pending Claim (CHQ)' failed)

2019-02-20 18:49:57 - [MESSAGE][FAILED] - callTestCase(findTestCase("All TC/Arranged/2. Segment/2.6 Disbursement/DS - CHQ/DS - Pending Claim (CHQ)"), [:], STOP_ON_FAILURE) FAILED.
Reason:
com.kms.katalon.core.exception.StepFailedException: Unable to get text of object 'Object Repository/YongJun/Disbursement/Disbursement - CHQ/DS - Pending Claim (CHQ)/Page_PERKESO/Get Case ID' (Root cause: com.kms.katalon.core.webui.exception.WebElementNotFoundException: Web element with id: 'Object Repository/YongJun/Disbursement/Disbursement - CHQ/DS - Pending Claim (CHQ)/Page_PERKESO/Get Case ID' located by 'By.xpath: id("pendingClaimTableId")/tbody[1]/tr[@class="odd"]/td[2]' not found)
	at com.kms.katalon.core.keyword.internal.KeywordMain.stepFailed(KeywordMain.groovy:36)
	at com.kms.katalon.core.webui.keyword.internal.WebUIKeywordMain.stepFailed(WebUIKeywordMain.groovy:65)
	at com.kms.katalon.core.webui.keyword.internal.WebUIKeywordMain.runKeyword(WebUIKeywordMain.groovy:27)
	at com.kms.katalon.core.webui.keyword.builtin.GetTextKeyword.getText(GetTextKeyword.groovy:88)
	at com.kms.katalon.core.webui.keyword.builtin.GetTextKeyword.execute(GetTextKeyword.groovy:67)
	at com.kms.katalon.core.keyword.internal.KeywordExecutor.executeKeywordForPlatform(KeywordExecutor.groovy:53)
	at com.kms.katalon.core.webui.keyword.WebUiBuiltInKeywords.getText(WebUiBuiltInKeywords.groovy:888)
	at com.kms.katalon.core.webui.keyword.WebUiBuiltInKeywords$getText$9.call(Unknown Source)
	at DS - Pending Claim (CHQ).run(DS - Pending Claim (CHQ):32)
	at com.kms.katalon.core.main.ScriptEngine.run(ScriptEngine.java:194)
	at com.kms.katalon.core.main.ScriptEngine.runScriptAsRawText(ScriptEngine.java:119)
	at com.kms.katalon.core.main.TestCaseExecutor.runScript(TestCaseExecutor.java:328)
	at com.kms.katalon.core.main.TestCaseExecutor.doExecute(TestCaseExecutor.java:319)
	at com.kms.katalon.core.main.TestCaseExecutor.processExecutionPhase(TestCaseExecutor.java:298)
	at com.kms.katalon.core.main.TestCaseExecutor.accessMainPhase(TestCaseExecutor.java:290)
	at com.kms.katalon.core.main.TestCaseExecutor.execute(TestCaseExecutor.java:224)
	at com.kms.katalon.core.main.TestCaseMain.runTestCase(TestCaseMain.java:106)
	at com.kms.katalon.core.keyword.builtin.CallTestCaseKeyword$_callTestCase_closure1.doCall(CallTestCaseKeyword.groovy:59)
	at com.kms.katalon.core.keyword.builtin.CallTestCaseKeyword$_callTestCase_closure1.call(CallTestCaseKeyword.groovy)
	at com.kms.katalon.core.keyword.internal.KeywordMain.runKeyword(KeywordMain.groovy:54)
	at com.kms.katalon.core.keyword.builtin.CallTestCaseKeyword.callTestCase(CallTestCaseKeyword.groovy:80)
	at com.kms.katalon.core.keyword.builtin.CallTestCaseKeyword.execute(CallTestCaseKeyword.groovy:44)
	at com.kms.katalon.core.keyword.internal.KeywordExecutor.executeKeywordForPlatform(KeywordExecutor.groovy:53)
	at com.kms.katalon.core.keyword.BuiltinKeywords.callTestCase(BuiltinKeywords.groovy:334)
	at Disbursement end to end (CHQ Reject).run(Disbursement end to end (CHQ Reject):16)
	at com.kms.katalon.core.main.ScriptEngine.run(ScriptEngine.java:194)
	at com.kms.katalon.core.main.ScriptEngine.runScriptAsRawText(ScriptEngine.java:119)
	at com.kms.katalon.core.main.TestCaseExecutor.runScript(TestCaseExecutor.java:328)
	at com.kms.katalon.core.main.TestCaseExecutor.doExecute(TestCaseExecutor.java:319)
	at com.kms.katalon.core.main.TestCaseExecutor.processExecutionPhase(TestCaseExecutor.java:298)
	at com.kms.katalon.core.main.TestCaseExecutor.accessMainPhase(TestCaseExecutor.java:290)
	at com.kms.katalon.core.main.TestCaseExecutor.execute(TestCaseExecutor.java:224)
	at com.kms.katalon.core.main.TestSuiteExecutor.accessTestCaseMainPhase(TestSuiteExecutor.java:129)
	at com.kms.katalon.core.main.TestSuiteExecutor.accessTestSuiteMainPhase(TestSuiteExecutor.java:112)
	at com.kms.katalon.core.main.TestSuiteExecutor.execute(TestSuiteExecutor.java:81)
	at com.kms.katalon.core.main.TestCaseMain.startTestSuite(TestCaseMain.java:149)
	at com.kms.katalon.core.main.TestCaseMain$startTestSuite$0.call(Unknown Source)
	at TempTestSuite1550652525208.run(TempTestSuite1550652525208.groovy:36)]]></system-out>
         <system-err><![CDATA[2019-02-20 18:49:00 - [TEST_CASE][FAILED] - Test Cases/All TC/Arranged/0. Full Flow/Disbursement end to end (CHQ Reject): Test Cases/All TC/Arranged/0. Full Flow/Disbursement end to end (CHQ Reject) FAILED.
Reason:
com.kms.katalon.core.exception.StepFailedException: Unable to get text of object 'Object Repository/YongJun/Disbursement/Disbursement - CHQ/DS - Pending Claim (CHQ)/Page_PERKESO/Get Case ID' (Root cause: com.kms.katalon.core.webui.exception.WebElementNotFoundException: Web element with id: 'Object Repository/YongJun/Disbursement/Disbursement - CHQ/DS - Pending Claim (CHQ)/Page_PERKESO/Get Case ID' located by 'By.xpath: id("pendingClaimTableId")/tbody[1]/tr[@class="odd"]/td[2]' not found)
	at com.kms.katalon.core.keyword.internal.KeywordMain.stepFailed(KeywordMain.groovy:36)
	at com.kms.katalon.core.webui.keyword.internal.WebUIKeywordMain.stepFailed(WebUIKeywordMain.groovy:65)
	at com.kms.katalon.core.webui.keyword.internal.WebUIKeywordMain.runKeyword(WebUIKeywordMain.groovy:27)
	at com.kms.katalon.core.webui.keyword.builtin.GetTextKeyword.getText(GetTextKeyword.groovy:88)
	at com.kms.katalon.core.webui.keyword.builtin.GetTextKeyword.execute(GetTextKeyword.groovy:67)
	at com.kms.katalon.core.keyword.internal.KeywordExecutor.executeKeywordForPlatform(KeywordExecutor.groovy:53)
	at com.kms.katalon.core.webui.keyword.WebUiBuiltInKeywords.getText(WebUiBuiltInKeywords.groovy:888)
	at com.kms.katalon.core.webui.keyword.WebUiBuiltInKeywords$getText$9.call(Unknown Source)
	at DS - Pending Claim (CHQ).run(DS - Pending Claim (CHQ):32)
	at com.kms.katalon.core.main.ScriptEngine.run(ScriptEngine.java:194)
	at com.kms.katalon.core.main.ScriptEngine.runScriptAsRawText(ScriptEngine.java:119)
	at com.kms.katalon.core.main.TestCaseExecutor.runScript(TestCaseExecutor.java:328)
	at com.kms.katalon.core.main.TestCaseExecutor.doExecute(TestCaseExecutor.java:319)
	at com.kms.katalon.core.main.TestCaseExecutor.processExecutionPhase(TestCaseExecutor.java:298)
	at com.kms.katalon.core.main.TestCaseExecutor.accessMainPhase(TestCaseExecutor.java:290)
	at com.kms.katalon.core.main.TestCaseExecutor.execute(TestCaseExecutor.java:224)
	at com.kms.katalon.core.main.TestCaseMain.runTestCase(TestCaseMain.java:106)
	at com.kms.katalon.core.keyword.builtin.CallTestCaseKeyword$_callTestCase_closure1.doCall(CallTestCaseKeyword.groovy:59)
	at com.kms.katalon.core.keyword.builtin.CallTestCaseKeyword$_callTestCase_closure1.call(CallTestCaseKeyword.groovy)
	at com.kms.katalon.core.keyword.internal.KeywordMain.runKeyword(KeywordMain.groovy:54)
	at com.kms.katalon.core.keyword.builtin.CallTestCaseKeyword.callTestCase(CallTestCaseKeyword.groovy:80)
	at com.kms.katalon.core.keyword.builtin.CallTestCaseKeyword.execute(CallTestCaseKeyword.groovy:44)
	at com.kms.katalon.core.keyword.internal.KeywordExecutor.executeKeywordForPlatform(KeywordExecutor.groovy:53)
	at com.kms.katalon.core.keyword.BuiltinKeywords.callTestCase(BuiltinKeywords.groovy:334)
	at Disbursement end to end (CHQ Reject).run(Disbursement end to end (CHQ Reject):16)
	at com.kms.katalon.core.main.ScriptEngine.run(ScriptEngine.java:194)
	at com.kms.katalon.core.main.ScriptEngine.runScriptAsRawText(ScriptEngine.java:119)
	at com.kms.katalon.core.main.TestCaseExecutor.runScript(TestCaseExecutor.java:328)
	at com.kms.katalon.core.main.TestCaseExecutor.doExecute(TestCaseExecutor.java:319)
	at com.kms.katalon.core.main.TestCaseExecutor.processExecutionPhase(TestCaseExecutor.java:298)
	at com.kms.katalon.core.main.TestCaseExecutor.accessMainPhase(TestCaseExecutor.java:290)
	at com.kms.katalon.core.main.TestCaseExecutor.execute(TestCaseExecutor.java:224)
	at com.kms.katalon.core.main.TestSuiteExecutor.accessTestCaseMainPhase(TestSuiteExecutor.java:129)
	at com.kms.katalon.core.main.TestSuiteExecutor.accessTestSuiteMainPhase(TestSuiteExecutor.java:112)
	at com.kms.katalon.core.main.TestSuiteExecutor.execute(TestSuiteExecutor.java:81)
	at com.kms.katalon.core.main.TestCaseMain.startTestSuite(TestCaseMain.java:149)
	at com.kms.katalon.core.main.TestCaseMain$startTestSuite$0.call(Unknown Source)
	at TempTestSuite1550652525208.run(TempTestSuite1550652525208.groovy:36)]]></system-err>
      </testcase>
      <testcase name="Test Cases/All TC/Arranged/0. Full Flow/Disbursement end to end (CHQ Approved)" classname="Test Cases/All TC/Arranged/0. Full Flow/Disbursement end to end (CHQ Approved)" status="FAILED">
         <failure type="FAILED" message="Test Cases/All TC/Arranged/0. Full Flow/Disbursement end to end (CHQ Approved) FAILED.
Reason:
com.kms.katalon.core.exception.StepFailedException: Unable to get text of object 'Object Repository/YongJun/Disbursement/Disbursement - CHQ/DS - Pending Claim (CHQ)/Page_PERKESO/Get Case ID' (Root cause: com.kms.katalon.core.webui.exception.WebElementNotFoundException: Web element with id: 'Object Repository/YongJun/Disbursement/Disbursement - CHQ/DS - Pending Claim (CHQ)/Page_PERKESO/Get Case ID' located by 'By.xpath: id(&quot;pendingClaimTableId&quot;)/tbody[1]/tr[@class=&quot;odd&quot;]/td[2]' not found)
	at com.kms.katalon.core.keyword.internal.KeywordMain.stepFailed(KeywordMain.groovy:36)
	at com.kms.katalon.core.webui.keyword.internal.WebUIKeywordMain.stepFailed(WebUIKeywordMain.groovy:65)
	at com.kms.katalon.core.webui.keyword.internal.WebUIKeywordMain.runKeyword(WebUIKeywordMain.groovy:27)
	at com.kms.katalon.core.webui.keyword.builtin.GetTextKeyword.getText(GetTextKeyword.groovy:88)
	at com.kms.katalon.core.webui.keyword.builtin.GetTextKeyword.execute(GetTextKeyword.groovy:67)
	at com.kms.katalon.core.keyword.internal.KeywordExecutor.executeKeywordForPlatform(KeywordExecutor.groovy:53)
	at com.kms.katalon.core.webui.keyword.WebUiBuiltInKeywords.getText(WebUiBuiltInKeywords.groovy:888)
	at com.kms.katalon.core.webui.keyword.WebUiBuiltInKeywords$getText$9.call(Unknown Source)
	at DS - Pending Claim (CHQ).run(DS - Pending Claim (CHQ):32)
	at com.kms.katalon.core.main.ScriptEngine.run(ScriptEngine.java:194)
	at com.kms.katalon.core.main.ScriptEngine.runScriptAsRawText(ScriptEngine.java:119)
	at com.kms.katalon.core.main.TestCaseExecutor.runScript(TestCaseExecutor.java:328)
	at com.kms.katalon.core.main.TestCaseExecutor.doExecute(TestCaseExecutor.java:319)
	at com.kms.katalon.core.main.TestCaseExecutor.processExecutionPhase(TestCaseExecutor.java:298)
	at com.kms.katalon.core.main.TestCaseExecutor.accessMainPhase(TestCaseExecutor.java:290)
	at com.kms.katalon.core.main.TestCaseExecutor.execute(TestCaseExecutor.java:224)
	at com.kms.katalon.core.main.TestCaseMain.runTestCase(TestCaseMain.java:106)
	at com.kms.katalon.core.keyword.builtin.CallTestCaseKeyword$_callTestCase_closure1.doCall(CallTestCaseKeyword.groovy:59)
	at com.kms.katalon.core.keyword.builtin.CallTestCaseKeyword$_callTestCase_closure1.call(CallTestCaseKeyword.groovy)
	at com.kms.katalon.core.keyword.internal.KeywordMain.runKeyword(KeywordMain.groovy:54)
	at com.kms.katalon.core.keyword.builtin.CallTestCaseKeyword.callTestCase(CallTestCaseKeyword.groovy:80)
	at com.kms.katalon.core.keyword.builtin.CallTestCaseKeyword.execute(CallTestCaseKeyword.groovy:44)
	at com.kms.katalon.core.keyword.internal.KeywordExecutor.executeKeywordForPlatform(KeywordExecutor.groovy:53)
	at com.kms.katalon.core.keyword.BuiltinKeywords.callTestCase(BuiltinKeywords.groovy:334)
	at Disbursement end to end (CHQ Approved).run(Disbursement end to end (CHQ Approved):16)
	at com.kms.katalon.core.main.ScriptEngine.run(ScriptEngine.java:194)
	at com.kms.katalon.core.main.ScriptEngine.runScriptAsRawText(ScriptEngine.java:119)
	at com.kms.katalon.core.main.TestCaseExecutor.runScript(TestCaseExecutor.java:328)
	at com.kms.katalon.core.main.TestCaseExecutor.doExecute(TestCaseExecutor.java:319)
	at com.kms.katalon.core.main.TestCaseExecutor.processExecutionPhase(TestCaseExecutor.java:298)
	at com.kms.katalon.core.main.TestCaseExecutor.accessMainPhase(TestCaseExecutor.java:290)
	at com.kms.katalon.core.main.TestCaseExecutor.execute(TestCaseExecutor.java:224)
	at com.kms.katalon.core.main.TestSuiteExecutor.accessTestCaseMainPhase(TestSuiteExecutor.java:129)
	at com.kms.katalon.core.main.TestSuiteExecutor.accessTestSuiteMainPhase(TestSuiteExecutor.java:112)
	at com.kms.katalon.core.main.TestSuiteExecutor.execute(TestSuiteExecutor.java:81)
	at com.kms.katalon.core.main.TestCaseMain.startTestSuite(TestCaseMain.java:149)
	at com.kms.katalon.core.main.TestCaseMain$startTestSuite$0.call(Unknown Source)
	at TempTestSuite1550652525208.run(TempTestSuite1550652525208.groovy:36)
"/>
         <system-out><![CDATA[2019-02-20 18:49:58 - [TEST_CASE][FAILED] - Test Cases/All TC/Arranged/0. Full Flow/Disbursement end to end (CHQ Approved): Test Cases/All TC/Arranged/0. Full Flow/Disbursement end to end (CHQ Approved) FAILED.
Reason:
com.kms.katalon.core.exception.StepFailedException: Unable to get text of object 'Object Repository/YongJun/Disbursement/Disbursement - CHQ/DS - Pending Claim (CHQ)/Page_PERKESO/Get Case ID' (Root cause: com.kms.katalon.core.webui.exception.WebElementNotFoundException: Web element with id: 'Object Repository/YongJun/Disbursement/Disbursement - CHQ/DS - Pending Claim (CHQ)/Page_PERKESO/Get Case ID' located by 'By.xpath: id("pendingClaimTableId")/tbody[1]/tr[@class="odd"]/td[2]' not found)
	at com.kms.katalon.core.keyword.internal.KeywordMain.stepFailed(KeywordMain.groovy:36)
	at com.kms.katalon.core.webui.keyword.internal.WebUIKeywordMain.stepFailed(WebUIKeywordMain.groovy:65)
	at com.kms.katalon.core.webui.keyword.internal.WebUIKeywordMain.runKeyword(WebUIKeywordMain.groovy:27)
	at com.kms.katalon.core.webui.keyword.builtin.GetTextKeyword.getText(GetTextKeyword.groovy:88)
	at com.kms.katalon.core.webui.keyword.builtin.GetTextKeyword.execute(GetTextKeyword.groovy:67)
	at com.kms.katalon.core.keyword.internal.KeywordExecutor.executeKeywordForPlatform(KeywordExecutor.groovy:53)
	at com.kms.katalon.core.webui.keyword.WebUiBuiltInKeywords.getText(WebUiBuiltInKeywords.groovy:888)
	at com.kms.katalon.core.webui.keyword.WebUiBuiltInKeywords$getText$9.call(Unknown Source)
	at DS - Pending Claim (CHQ).run(DS - Pending Claim (CHQ):32)
	at com.kms.katalon.core.main.ScriptEngine.run(ScriptEngine.java:194)
	at com.kms.katalon.core.main.ScriptEngine.runScriptAsRawText(ScriptEngine.java:119)
	at com.kms.katalon.core.main.TestCaseExecutor.runScript(TestCaseExecutor.java:328)
	at com.kms.katalon.core.main.TestCaseExecutor.doExecute(TestCaseExecutor.java:319)
	at com.kms.katalon.core.main.TestCaseExecutor.processExecutionPhase(TestCaseExecutor.java:298)
	at com.kms.katalon.core.main.TestCaseExecutor.accessMainPhase(TestCaseExecutor.java:290)
	at com.kms.katalon.core.main.TestCaseExecutor.execute(TestCaseExecutor.java:224)
	at com.kms.katalon.core.main.TestCaseMain.runTestCase(TestCaseMain.java:106)
	at com.kms.katalon.core.keyword.builtin.CallTestCaseKeyword$_callTestCase_closure1.doCall(CallTestCaseKeyword.groovy:59)
	at com.kms.katalon.core.keyword.builtin.CallTestCaseKeyword$_callTestCase_closure1.call(CallTestCaseKeyword.groovy)
	at com.kms.katalon.core.keyword.internal.KeywordMain.runKeyword(KeywordMain.groovy:54)
	at com.kms.katalon.core.keyword.builtin.CallTestCaseKeyword.callTestCase(CallTestCaseKeyword.groovy:80)
	at com.kms.katalon.core.keyword.builtin.CallTestCaseKeyword.execute(CallTestCaseKeyword.groovy:44)
	at com.kms.katalon.core.keyword.internal.KeywordExecutor.executeKeywordForPlatform(KeywordExecutor.groovy:53)
	at com.kms.katalon.core.keyword.BuiltinKeywords.callTestCase(BuiltinKeywords.groovy:334)
	at Disbursement end to end (CHQ Approved).run(Disbursement end to end (CHQ Approved):16)
	at com.kms.katalon.core.main.ScriptEngine.run(ScriptEngine.java:194)
	at com.kms.katalon.core.main.ScriptEngine.runScriptAsRawText(ScriptEngine.java:119)
	at com.kms.katalon.core.main.TestCaseExecutor.runScript(TestCaseExecutor.java:328)
	at com.kms.katalon.core.main.TestCaseExecutor.doExecute(TestCaseExecutor.java:319)
	at com.kms.katalon.core.main.TestCaseExecutor.processExecutionPhase(TestCaseExecutor.java:298)
	at com.kms.katalon.core.main.TestCaseExecutor.accessMainPhase(TestCaseExecutor.java:290)
	at com.kms.katalon.core.main.TestCaseExecutor.execute(TestCaseExecutor.java:224)
	at com.kms.katalon.core.main.TestSuiteExecutor.accessTestCaseMainPhase(TestSuiteExecutor.java:129)
	at com.kms.katalon.core.main.TestSuiteExecutor.accessTestSuiteMainPhase(TestSuiteExecutor.java:112)
	at com.kms.katalon.core.main.TestSuiteExecutor.execute(TestSuiteExecutor.java:81)
	at com.kms.katalon.core.main.TestCaseMain.startTestSuite(TestCaseMain.java:149)
	at com.kms.katalon.core.main.TestCaseMain$startTestSuite$0.call(Unknown Source)
	at TempTestSuite1550652525208.run(TempTestSuite1550652525208.groovy:36)


2019-02-20 18:49:58 - [TEST_STEP][FAILED] - callTestCase(findTestCase("All TC/Arranged/2. Segment/2.6 Disbursement/DS - CHQ/DS - Pending Claim (CHQ)"), [:], STOP_ON_FAILURE): callTestCase(findTestCase("All TC/Arranged/2. Segment/2.6 Disbursement/DS - CHQ/DS - Pending Claim (CHQ)"), [:], STOP_ON_FAILURE) FAILED.
Reason:
com.kms.katalon.core.exception.StepFailedException: Unable to get text of object 'Object Repository/YongJun/Disbursement/Disbursement - CHQ/DS - Pending Claim (CHQ)/Page_PERKESO/Get Case ID' (Root cause: com.kms.katalon.core.webui.exception.WebElementNotFoundException: Web element with id: 'Object Repository/YongJun/Disbursement/Disbursement - CHQ/DS - Pending Claim (CHQ)/Page_PERKESO/Get Case ID' located by 'By.xpath: id("pendingClaimTableId")/tbody[1]/tr[@class="odd"]/td[2]' not found)
	at com.kms.katalon.core.keyword.internal.KeywordMain.stepFailed(KeywordMain.groovy:36)
	at com.kms.katalon.core.webui.keyword.internal.WebUIKeywordMain.stepFailed(WebUIKeywordMain.groovy:65)
	at com.kms.katalon.core.webui.keyword.internal.WebUIKeywordMain.runKeyword(WebUIKeywordMain.groovy:27)
	at com.kms.katalon.core.webui.keyword.builtin.GetTextKeyword.getText(GetTextKeyword.groovy:88)
	at com.kms.katalon.core.webui.keyword.builtin.GetTextKeyword.execute(GetTextKeyword.groovy:67)
	at com.kms.katalon.core.keyword.internal.KeywordExecutor.executeKeywordForPlatform(KeywordExecutor.groovy:53)
	at com.kms.katalon.core.webui.keyword.WebUiBuiltInKeywords.getText(WebUiBuiltInKeywords.groovy:888)
	at com.kms.katalon.core.webui.keyword.WebUiBuiltInKeywords$getText$9.call(Unknown Source)
	at DS - Pending Claim (CHQ).run(DS - Pending Claim (CHQ):32)
	at com.kms.katalon.core.main.ScriptEngine.run(ScriptEngine.java:194)
	at com.kms.katalon.core.main.ScriptEngine.runScriptAsRawText(ScriptEngine.java:119)
	at com.kms.katalon.core.main.TestCaseExecutor.runScript(TestCaseExecutor.java:328)
	at com.kms.katalon.core.main.TestCaseExecutor.doExecute(TestCaseExecutor.java:319)
	at com.kms.katalon.core.main.TestCaseExecutor.processExecutionPhase(TestCaseExecutor.java:298)
	at com.kms.katalon.core.main.TestCaseExecutor.accessMainPhase(TestCaseExecutor.java:290)
	at com.kms.katalon.core.main.TestCaseExecutor.execute(TestCaseExecutor.java:224)
	at com.kms.katalon.core.main.TestCaseMain.runTestCase(TestCaseMain.java:106)
	at com.kms.katalon.core.keyword.builtin.CallTestCaseKeyword$_callTestCase_closure1.doCall(CallTestCaseKeyword.groovy:59)
	at com.kms.katalon.core.keyword.builtin.CallTestCaseKeyword$_callTestCase_closure1.call(CallTestCaseKeyword.groovy)
	at com.kms.katalon.core.keyword.internal.KeywordMain.runKeyword(KeywordMain.groovy:54)
	at com.kms.katalon.core.keyword.builtin.CallTestCaseKeyword.callTestCase(CallTestCaseKeyword.groovy:80)
	at com.kms.katalon.core.keyword.builtin.CallTestCaseKeyword.execute(CallTestCaseKeyword.groovy:44)
	at com.kms.katalon.core.keyword.internal.KeywordExecutor.executeKeywordForPlatform(KeywordExecutor.groovy:53)
	at com.kms.katalon.core.keyword.BuiltinKeywords.callTestCase(BuiltinKeywords.groovy:334)
	at Disbursement end to end (CHQ Approved).run(Disbursement end to end (CHQ Approved):16)
	at com.kms.katalon.core.main.ScriptEngine.run(ScriptEngine.java:194)
	at com.kms.katalon.core.main.ScriptEngine.runScriptAsRawText(ScriptEngine.java:119)
	at com.kms.katalon.core.main.TestCaseExecutor.runScript(TestCaseExecutor.java:328)
	at com.kms.katalon.core.main.TestCaseExecutor.doExecute(TestCaseExecutor.java:319)
	at com.kms.katalon.core.main.TestCaseExecutor.processExecutionPhase(TestCaseExecutor.java:298)
	at com.kms.katalon.core.main.TestCaseExecutor.accessMainPhase(TestCaseExecutor.java:290)
	at com.kms.katalon.core.main.TestCaseExecutor.execute(TestCaseExecutor.java:224)
	at com.kms.katalon.core.main.TestSuiteExecutor.accessTestCaseMainPhase(TestSuiteExecutor.java:129)
	at com.kms.katalon.core.main.TestSuiteExecutor.accessTestSuiteMainPhase(TestSuiteExecutor.java:112)
	at com.kms.katalon.core.main.TestSuiteExecutor.execute(TestSuiteExecutor.java:81)
	at com.kms.katalon.core.main.TestCaseMain.startTestSuite(TestCaseMain.java:149)
	at com.kms.katalon.core.main.TestCaseMain$startTestSuite$0.call(Unknown Source)
	at TempTestSuite1550652525208.run(TempTestSuite1550652525208.groovy:36)


2019-02-20 18:49:58 - [TEST_CASE][FAILED] - Test Cases/All TC/Arranged/2. Segment/2.6 Disbursement/DS - CHQ/DS - Pending Claim (CHQ): Test Cases/All TC/Arranged/2. Segment/2.6 Disbursement/DS - CHQ/DS - Pending Claim (CHQ) FAILED.
Reason:
com.kms.katalon.core.exception.StepFailedException: Unable to get text of object 'Object Repository/YongJun/Disbursement/Disbursement - CHQ/DS - Pending Claim (CHQ)/Page_PERKESO/Get Case ID' (Root cause: com.kms.katalon.core.webui.exception.WebElementNotFoundException: Web element with id: 'Object Repository/YongJun/Disbursement/Disbursement - CHQ/DS - Pending Claim (CHQ)/Page_PERKESO/Get Case ID' located by 'By.xpath: id("pendingClaimTableId")/tbody[1]/tr[@class="odd"]/td[2]' not found)
	at com.kms.katalon.core.keyword.internal.KeywordMain.stepFailed(KeywordMain.groovy:36)
	at com.kms.katalon.core.webui.keyword.internal.WebUIKeywordMain.stepFailed(WebUIKeywordMain.groovy:65)
	at com.kms.katalon.core.webui.keyword.internal.WebUIKeywordMain.runKeyword(WebUIKeywordMain.groovy:27)
	at com.kms.katalon.core.webui.keyword.builtin.GetTextKeyword.getText(GetTextKeyword.groovy:88)
	at com.kms.katalon.core.webui.keyword.builtin.GetTextKeyword.execute(GetTextKeyword.groovy:67)
	at com.kms.katalon.core.keyword.internal.KeywordExecutor.executeKeywordForPlatform(KeywordExecutor.groovy:53)
	at com.kms.katalon.core.webui.keyword.WebUiBuiltInKeywords.getText(WebUiBuiltInKeywords.groovy:888)
	at com.kms.katalon.core.webui.keyword.WebUiBuiltInKeywords$getText$9.call(Unknown Source)
	at DS - Pending Claim (CHQ).run(DS - Pending Claim (CHQ):32)
	at com.kms.katalon.core.main.ScriptEngine.run(ScriptEngine.java:194)
	at com.kms.katalon.core.main.ScriptEngine.runScriptAsRawText(ScriptEngine.java:119)
	at com.kms.katalon.core.main.TestCaseExecutor.runScript(TestCaseExecutor.java:328)
	at com.kms.katalon.core.main.TestCaseExecutor.doExecute(TestCaseExecutor.java:319)
	at com.kms.katalon.core.main.TestCaseExecutor.processExecutionPhase(TestCaseExecutor.java:298)
	at com.kms.katalon.core.main.TestCaseExecutor.accessMainPhase(TestCaseExecutor.java:290)
	at com.kms.katalon.core.main.TestCaseExecutor.execute(TestCaseExecutor.java:224)
	at com.kms.katalon.core.main.TestCaseMain.runTestCase(TestCaseMain.java:106)
	at com.kms.katalon.core.keyword.builtin.CallTestCaseKeyword$_callTestCase_closure1.doCall(CallTestCaseKeyword.groovy:59)
	at com.kms.katalon.core.keyword.builtin.CallTestCaseKeyword$_callTestCase_closure1.call(CallTestCaseKeyword.groovy)
	at com.kms.katalon.core.keyword.internal.KeywordMain.runKeyword(KeywordMain.groovy:54)
	at com.kms.katalon.core.keyword.builtin.CallTestCaseKeyword.callTestCase(CallTestCaseKeyword.groovy:80)
	at com.kms.katalon.core.keyword.builtin.CallTestCaseKeyword.execute(CallTestCaseKeyword.groovy:44)
	at com.kms.katalon.core.keyword.internal.KeywordExecutor.executeKeywordForPlatform(KeywordExecutor.groovy:53)
	at com.kms.katalon.core.keyword.BuiltinKeywords.callTestCase(BuiltinKeywords.groovy:334)
	at Disbursement end to end (CHQ Approved).run(Disbursement end to end (CHQ Approved):16)
	at com.kms.katalon.core.main.ScriptEngine.run(ScriptEngine.java:194)
	at com.kms.katalon.core.main.ScriptEngine.runScriptAsRawText(ScriptEngine.java:119)
	at com.kms.katalon.core.main.TestCaseExecutor.runScript(TestCaseExecutor.java:328)
	at com.kms.katalon.core.main.TestCaseExecutor.doExecute(TestCaseExecutor.java:319)
	at com.kms.katalon.core.main.TestCaseExecutor.processExecutionPhase(TestCaseExecutor.java:298)
	at com.kms.katalon.core.main.TestCaseExecutor.accessMainPhase(TestCaseExecutor.java:290)
	at com.kms.katalon.core.main.TestCaseExecutor.execute(TestCaseExecutor.java:224)
	at com.kms.katalon.core.main.TestSuiteExecutor.accessTestCaseMainPhase(TestSuiteExecutor.java:129)
	at com.kms.katalon.core.main.TestSuiteExecutor.accessTestSuiteMainPhase(TestSuiteExecutor.java:112)
	at com.kms.katalon.core.main.TestSuiteExecutor.execute(TestSuiteExecutor.java:81)
	at com.kms.katalon.core.main.TestCaseMain.startTestSuite(TestCaseMain.java:149)
	at com.kms.katalon.core.main.TestCaseMain$startTestSuite$0.call(Unknown Source)
	at TempTestSuite1550652525208.run(TempTestSuite1550652525208.groovy:36)


2019-02-20 18:49:58 - [TEST_STEP][PASSED] - openBrowser(""): Browser is opened with url: ''

2019-02-20 18:49:58 - [MESSAGE][WARNING] - A browser is already opened. Closing browser and opening a new one

2019-02-20 18:50:00 - [MESSAGE][INFO] - Starting 'Chrome' driver

2019-02-20 18:50:00 - [MESSAGE][INFO] - User set preference: ['args', '[--start-maximized]']

2019-02-20 18:50:04 - [MESSAGE][PASSED] - Browser is opened with url: ''

2019-02-20 18:50:04 - [TEST_STEP][PASSED] - maximizeWindow(): Current window maximized

2019-02-20 18:50:06 - [MESSAGE][PASSED] - Current window maximized

2019-02-20 18:50:06 - [TEST_STEP][PASSED] - navigateToUrl(Internal_Login): Navigate to 'http://10.20.24.188/eisportal/user/login' successfully

2019-02-20 18:50:08 - [MESSAGE][PASSED] - Navigate to 'http://10.20.24.188/eisportal/user/login' successfully

2019-02-20 18:50:08 - [TEST_STEP][PASSED] - delay(2): Delayed 2 second(s)

2019-02-20 18:50:10 - [MESSAGE][PASSED] - Delayed 2 second(s)

2019-02-20 18:50:10 - [TEST_STEP][PASSED] - setText(findTestObject("YongJun/Disbursement/Disbursement - CHQ/DS - Pending Claim (CHQ)/Page_PERKESO/DS login username"), "jh1ds@perkeso.gov.my"): Text 'jh1ds@perkeso.gov.my' is set on object 'Object Repository/YongJun/Disbursement/Disbursement - CHQ/DS - Pending Claim (CHQ)/Page_PERKESO/DS login username'

2019-02-20 18:50:14 - [MESSAGE][PASSED] - Text 'jh1ds@perkeso.gov.my' is set on object 'Object Repository/YongJun/Disbursement/Disbursement - CHQ/DS - Pending Claim (CHQ)/Page_PERKESO/DS login username'

2019-02-20 18:50:14 - [TEST_STEP][PASSED] - setEncryptedText(findTestObject("YongJun/Disbursement/Disbursement - CHQ/DS - Pending Claim (CHQ)/Page_PERKESO/DS login password"), "CQqwFZlbeC8="): Text ****** has been set on object 'Object Repository/YongJun/Disbursement/Disbursement - CHQ/DS - Pending Claim (CHQ)/Page_PERKESO/DS login password'

2019-02-20 18:50:17 - [MESSAGE][PASSED] - Text ****** has been set on object 'Object Repository/YongJun/Disbursement/Disbursement - CHQ/DS - Pending Claim (CHQ)/Page_PERKESO/DS login password'

2019-02-20 18:50:17 - [TEST_STEP][PASSED] - click(findTestObject("YongJun/Disbursement/Disbursement - CHQ/DS - Pending Claim (CHQ)/Page_PERKESO/DS login button")): Object: 'Object Repository/YongJun/Disbursement/Disbursement - CHQ/DS - Pending Claim (CHQ)/Page_PERKESO/DS login button' is clicked on

2019-02-20 18:50:20 - [MESSAGE][PASSED] - Object: 'Object Repository/YongJun/Disbursement/Disbursement - CHQ/DS - Pending Claim (CHQ)/Page_PERKESO/DS login button' is clicked on

2019-02-20 18:50:20 - [TEST_STEP][PASSED] - delay(2): Delayed 2 second(s)

2019-02-20 18:50:22 - [MESSAGE][PASSED] - Delayed 2 second(s)

2019-02-20 18:50:22 - [TEST_STEP][FAILED] - EiEsCaseID = getText(findTestObject("YongJun/Disbursement/Disbursement - CHQ/DS - Pending Claim (CHQ)/Page_PERKESO/Get Case ID")): EiEsCaseID = getText(findTestObject("YongJun/Disbursement/Disbursement - CHQ/DS - Pending Claim (CHQ)/Page_PERKESO/Get Case ID")) FAILED.
Reason:
com.kms.katalon.core.exception.StepFailedException: Unable to get text of object 'Object Repository/YongJun/Disbursement/Disbursement - CHQ/DS - Pending Claim (CHQ)/Page_PERKESO/Get Case ID' (Root cause: com.kms.katalon.core.webui.exception.WebElementNotFoundException: Web element with id: 'Object Repository/YongJun/Disbursement/Disbursement - CHQ/DS - Pending Claim (CHQ)/Page_PERKESO/Get Case ID' located by 'By.xpath: id("pendingClaimTableId")/tbody[1]/tr[@class="odd"]/td[2]' not found)
	at com.kms.katalon.core.keyword.internal.KeywordMain.stepFailed(KeywordMain.groovy:36)
	at com.kms.katalon.core.webui.keyword.internal.WebUIKeywordMain.stepFailed(WebUIKeywordMain.groovy:65)
	at com.kms.katalon.core.webui.keyword.internal.WebUIKeywordMain.runKeyword(WebUIKeywordMain.groovy:27)
	at com.kms.katalon.core.webui.keyword.builtin.GetTextKeyword.getText(GetTextKeyword.groovy:88)
	at com.kms.katalon.core.webui.keyword.builtin.GetTextKeyword.execute(GetTextKeyword.groovy:67)
	at com.kms.katalon.core.keyword.internal.KeywordExecutor.executeKeywordForPlatform(KeywordExecutor.groovy:53)
	at com.kms.katalon.core.webui.keyword.WebUiBuiltInKeywords.getText(WebUiBuiltInKeywords.groovy:888)
	at com.kms.katalon.core.webui.keyword.WebUiBuiltInKeywords$getText$9.call(Unknown Source)
	at DS - Pending Claim (CHQ).run(DS - Pending Claim (CHQ):32)
	at com.kms.katalon.core.main.ScriptEngine.run(ScriptEngine.java:194)
	at com.kms.katalon.core.main.ScriptEngine.runScriptAsRawText(ScriptEngine.java:119)
	at com.kms.katalon.core.main.TestCaseExecutor.runScript(TestCaseExecutor.java:328)
	at com.kms.katalon.core.main.TestCaseExecutor.doExecute(TestCaseExecutor.java:319)
	at com.kms.katalon.core.main.TestCaseExecutor.processExecutionPhase(TestCaseExecutor.java:298)
	at com.kms.katalon.core.main.TestCaseExecutor.accessMainPhase(TestCaseExecutor.java:290)
	at com.kms.katalon.core.main.TestCaseExecutor.execute(TestCaseExecutor.java:224)
	at com.kms.katalon.core.main.TestCaseMain.runTestCase(TestCaseMain.java:106)
	at com.kms.katalon.core.keyword.builtin.CallTestCaseKeyword$_callTestCase_closure1.doCall(CallTestCaseKeyword.groovy:59)
	at com.kms.katalon.core.keyword.builtin.CallTestCaseKeyword$_callTestCase_closure1.call(CallTestCaseKeyword.groovy)
	at com.kms.katalon.core.keyword.internal.KeywordMain.runKeyword(KeywordMain.groovy:54)
	at com.kms.katalon.core.keyword.builtin.CallTestCaseKeyword.callTestCase(CallTestCaseKeyword.groovy:80)
	at com.kms.katalon.core.keyword.builtin.CallTestCaseKeyword.execute(CallTestCaseKeyword.groovy:44)
	at com.kms.katalon.core.keyword.internal.KeywordExecutor.executeKeywordForPlatform(KeywordExecutor.groovy:53)
	at com.kms.katalon.core.keyword.BuiltinKeywords.callTestCase(BuiltinKeywords.groovy:334)
	at Disbursement end to end (CHQ Approved).run(Disbursement end to end (CHQ Approved):16)
	at com.kms.katalon.core.main.ScriptEngine.run(ScriptEngine.java:194)
	at com.kms.katalon.core.main.ScriptEngine.runScriptAsRawText(ScriptEngine.java:119)
	at com.kms.katalon.core.main.TestCaseExecutor.runScript(TestCaseExecutor.java:328)
	at com.kms.katalon.core.main.TestCaseExecutor.doExecute(TestCaseExecutor.java:319)
	at com.kms.katalon.core.main.TestCaseExecutor.processExecutionPhase(TestCaseExecutor.java:298)
	at com.kms.katalon.core.main.TestCaseExecutor.accessMainPhase(TestCaseExecutor.java:290)
	at com.kms.katalon.core.main.TestCaseExecutor.execute(TestCaseExecutor.java:224)
	at com.kms.katalon.core.main.TestSuiteExecutor.accessTestCaseMainPhase(TestSuiteExecutor.java:129)
	at com.kms.katalon.core.main.TestSuiteExecutor.accessTestSuiteMainPhase(TestSuiteExecutor.java:112)
	at com.kms.katalon.core.main.TestSuiteExecutor.execute(TestSuiteExecutor.java:81)
	at com.kms.katalon.core.main.TestCaseMain.startTestSuite(TestCaseMain.java:149)
	at com.kms.katalon.core.main.TestCaseMain$startTestSuite$0.call(Unknown Source)
	at TempTestSuite1550652525208.run(TempTestSuite1550652525208.groovy:36)


2019-02-20 18:50:53 - [MESSAGE][INFO] - Unable to find the element located by 'By.xpath: id("pendingClaimTableId")/tbody[1]/tr[@class="odd"]/td[2]'. Please recheck the objects properties to make sure the desired element is located. 

2019-02-20 18:50:54 - [MESSAGE][FAILED] - Unable to get text of object 'Object Repository/YongJun/Disbursement/Disbursement - CHQ/DS - Pending Claim (CHQ)/Page_PERKESO/Get Case ID' (Root cause: com.kms.katalon.core.webui.exception.WebElementNotFoundException: Web element with id: 'Object Repository/YongJun/Disbursement/Disbursement - CHQ/DS - Pending Claim (CHQ)/Page_PERKESO/Get Case ID' located by 'By.xpath: id("pendingClaimTableId")/tbody[1]/tr[@class="odd"]/td[2]' not found)
[[ATTACHMENT|C:\\Users\\Admin\\Documents\\GitHub\\PKSKatalon\\PKS-EI-ES\\Reports\\New Test Suite\\20190220_164845\\1550659853138.png]]

2019-02-20 18:50:54 - [MESSAGE][FAILED] - EiEsCaseID = getText(findTestObject("YongJun/Disbursement/Disbursement - CHQ/DS - Pending Claim (CHQ)/Page_PERKESO/Get Case ID")) FAILED.
Reason:
com.kms.katalon.core.exception.StepFailedException: Unable to get text of object 'Object Repository/YongJun/Disbursement/Disbursement - CHQ/DS - Pending Claim (CHQ)/Page_PERKESO/Get Case ID' (Root cause: com.kms.katalon.core.webui.exception.WebElementNotFoundException: Web element with id: 'Object Repository/YongJun/Disbursement/Disbursement - CHQ/DS - Pending Claim (CHQ)/Page_PERKESO/Get Case ID' located by 'By.xpath: id("pendingClaimTableId")/tbody[1]/tr[@class="odd"]/td[2]' not found)
	at com.kms.katalon.core.keyword.internal.KeywordMain.stepFailed(KeywordMain.groovy:36)
	at com.kms.katalon.core.webui.keyword.internal.WebUIKeywordMain.stepFailed(WebUIKeywordMain.groovy:65)
	at com.kms.katalon.core.webui.keyword.internal.WebUIKeywordMain.runKeyword(WebUIKeywordMain.groovy:27)
	at com.kms.katalon.core.webui.keyword.builtin.GetTextKeyword.getText(GetTextKeyword.groovy:88)
	at com.kms.katalon.core.webui.keyword.builtin.GetTextKeyword.execute(GetTextKeyword.groovy:67)
	at com.kms.katalon.core.keyword.internal.KeywordExecutor.executeKeywordForPlatform(KeywordExecutor.groovy:53)
	at com.kms.katalon.core.webui.keyword.WebUiBuiltInKeywords.getText(WebUiBuiltInKeywords.groovy:888)
	at com.kms.katalon.core.webui.keyword.WebUiBuiltInKeywords$getText$9.call(Unknown Source)
	at DS - Pending Claim (CHQ).run(DS - Pending Claim (CHQ):32)
	at com.kms.katalon.core.main.ScriptEngine.run(ScriptEngine.java:194)
	at com.kms.katalon.core.main.ScriptEngine.runScriptAsRawText(ScriptEngine.java:119)
	at com.kms.katalon.core.main.TestCaseExecutor.runScript(TestCaseExecutor.java:328)
	at com.kms.katalon.core.main.TestCaseExecutor.doExecute(TestCaseExecutor.java:319)
	at com.kms.katalon.core.main.TestCaseExecutor.processExecutionPhase(TestCaseExecutor.java:298)
	at com.kms.katalon.core.main.TestCaseExecutor.accessMainPhase(TestCaseExecutor.java:290)
	at com.kms.katalon.core.main.TestCaseExecutor.execute(TestCaseExecutor.java:224)
	at com.kms.katalon.core.main.TestCaseMain.runTestCase(TestCaseMain.java:106)
	at com.kms.katalon.core.keyword.builtin.CallTestCaseKeyword$_callTestCase_closure1.doCall(CallTestCaseKeyword.groovy:59)
	at com.kms.katalon.core.keyword.builtin.CallTestCaseKeyword$_callTestCase_closure1.call(CallTestCaseKeyword.groovy)
	at com.kms.katalon.core.keyword.internal.KeywordMain.runKeyword(KeywordMain.groovy:54)
	at com.kms.katalon.core.keyword.builtin.CallTestCaseKeyword.callTestCase(CallTestCaseKeyword.groovy:80)
	at com.kms.katalon.core.keyword.builtin.CallTestCaseKeyword.execute(CallTestCaseKeyword.groovy:44)
	at com.kms.katalon.core.keyword.internal.KeywordExecutor.executeKeywordForPlatform(KeywordExecutor.groovy:53)
	at com.kms.katalon.core.keyword.BuiltinKeywords.callTestCase(BuiltinKeywords.groovy:334)
	at Disbursement end to end (CHQ Approved).run(Disbursement end to end (CHQ Approved):16)
	at com.kms.katalon.core.main.ScriptEngine.run(ScriptEngine.java:194)
	at com.kms.katalon.core.main.ScriptEngine.runScriptAsRawText(ScriptEngine.java:119)
	at com.kms.katalon.core.main.TestCaseExecutor.runScript(TestCaseExecutor.java:328)
	at com.kms.katalon.core.main.TestCaseExecutor.doExecute(TestCaseExecutor.java:319)
	at com.kms.katalon.core.main.TestCaseExecutor.processExecutionPhase(TestCaseExecutor.java:298)
	at com.kms.katalon.core.main.TestCaseExecutor.accessMainPhase(TestCaseExecutor.java:290)
	at com.kms.katalon.core.main.TestCaseExecutor.execute(TestCaseExecutor.java:224)
	at com.kms.katalon.core.main.TestSuiteExecutor.accessTestCaseMainPhase(TestSuiteExecutor.java:129)
	at com.kms.katalon.core.main.TestSuiteExecutor.accessTestSuiteMainPhase(TestSuiteExecutor.java:112)
	at com.kms.katalon.core.main.TestSuiteExecutor.execute(TestSuiteExecutor.java:81)
	at com.kms.katalon.core.main.TestCaseMain.startTestSuite(TestCaseMain.java:149)
	at com.kms.katalon.core.main.TestCaseMain$startTestSuite$0.call(Unknown Source)
	at TempTestSuite1550652525208.run(TempTestSuite1550652525208.groovy:36)


2019-02-20 18:50:54 - [MESSAGE][FAILED] - Unable to call Test Case 'Test Cases/All TC/Arranged/2. Segment/2.6 Disbursement/DS - CHQ/DS - Pending Claim (CHQ)' (Root cause: com.kms.katalon.core.exception.StepFailedException: Call Test Case 'Test Cases/All TC/Arranged/2. Segment/2.6 Disbursement/DS - CHQ/DS - Pending Claim (CHQ)' failed)

2019-02-20 18:50:54 - [MESSAGE][FAILED] - callTestCase(findTestCase("All TC/Arranged/2. Segment/2.6 Disbursement/DS - CHQ/DS - Pending Claim (CHQ)"), [:], STOP_ON_FAILURE) FAILED.
Reason:
com.kms.katalon.core.exception.StepFailedException: Unable to get text of object 'Object Repository/YongJun/Disbursement/Disbursement - CHQ/DS - Pending Claim (CHQ)/Page_PERKESO/Get Case ID' (Root cause: com.kms.katalon.core.webui.exception.WebElementNotFoundException: Web element with id: 'Object Repository/YongJun/Disbursement/Disbursement - CHQ/DS - Pending Claim (CHQ)/Page_PERKESO/Get Case ID' located by 'By.xpath: id("pendingClaimTableId")/tbody[1]/tr[@class="odd"]/td[2]' not found)
	at com.kms.katalon.core.keyword.internal.KeywordMain.stepFailed(KeywordMain.groovy:36)
	at com.kms.katalon.core.webui.keyword.internal.WebUIKeywordMain.stepFailed(WebUIKeywordMain.groovy:65)
	at com.kms.katalon.core.webui.keyword.internal.WebUIKeywordMain.runKeyword(WebUIKeywordMain.groovy:27)
	at com.kms.katalon.core.webui.keyword.builtin.GetTextKeyword.getText(GetTextKeyword.groovy:88)
	at com.kms.katalon.core.webui.keyword.builtin.GetTextKeyword.execute(GetTextKeyword.groovy:67)
	at com.kms.katalon.core.keyword.internal.KeywordExecutor.executeKeywordForPlatform(KeywordExecutor.groovy:53)
	at com.kms.katalon.core.webui.keyword.WebUiBuiltInKeywords.getText(WebUiBuiltInKeywords.groovy:888)
	at com.kms.katalon.core.webui.keyword.WebUiBuiltInKeywords$getText$9.call(Unknown Source)
	at DS - Pending Claim (CHQ).run(DS - Pending Claim (CHQ):32)
	at com.kms.katalon.core.main.ScriptEngine.run(ScriptEngine.java:194)
	at com.kms.katalon.core.main.ScriptEngine.runScriptAsRawText(ScriptEngine.java:119)
	at com.kms.katalon.core.main.TestCaseExecutor.runScript(TestCaseExecutor.java:328)
	at com.kms.katalon.core.main.TestCaseExecutor.doExecute(TestCaseExecutor.java:319)
	at com.kms.katalon.core.main.TestCaseExecutor.processExecutionPhase(TestCaseExecutor.java:298)
	at com.kms.katalon.core.main.TestCaseExecutor.accessMainPhase(TestCaseExecutor.java:290)
	at com.kms.katalon.core.main.TestCaseExecutor.execute(TestCaseExecutor.java:224)
	at com.kms.katalon.core.main.TestCaseMain.runTestCase(TestCaseMain.java:106)
	at com.kms.katalon.core.keyword.builtin.CallTestCaseKeyword$_callTestCase_closure1.doCall(CallTestCaseKeyword.groovy:59)
	at com.kms.katalon.core.keyword.builtin.CallTestCaseKeyword$_callTestCase_closure1.call(CallTestCaseKeyword.groovy)
	at com.kms.katalon.core.keyword.internal.KeywordMain.runKeyword(KeywordMain.groovy:54)
	at com.kms.katalon.core.keyword.builtin.CallTestCaseKeyword.callTestCase(CallTestCaseKeyword.groovy:80)
	at com.kms.katalon.core.keyword.builtin.CallTestCaseKeyword.execute(CallTestCaseKeyword.groovy:44)
	at com.kms.katalon.core.keyword.internal.KeywordExecutor.executeKeywordForPlatform(KeywordExecutor.groovy:53)
	at com.kms.katalon.core.keyword.BuiltinKeywords.callTestCase(BuiltinKeywords.groovy:334)
	at Disbursement end to end (CHQ Approved).run(Disbursement end to end (CHQ Approved):16)
	at com.kms.katalon.core.main.ScriptEngine.run(ScriptEngine.java:194)
	at com.kms.katalon.core.main.ScriptEngine.runScriptAsRawText(ScriptEngine.java:119)
	at com.kms.katalon.core.main.TestCaseExecutor.runScript(TestCaseExecutor.java:328)
	at com.kms.katalon.core.main.TestCaseExecutor.doExecute(TestCaseExecutor.java:319)
	at com.kms.katalon.core.main.TestCaseExecutor.processExecutionPhase(TestCaseExecutor.java:298)
	at com.kms.katalon.core.main.TestCaseExecutor.accessMainPhase(TestCaseExecutor.java:290)
	at com.kms.katalon.core.main.TestCaseExecutor.execute(TestCaseExecutor.java:224)
	at com.kms.katalon.core.main.TestSuiteExecutor.accessTestCaseMainPhase(TestSuiteExecutor.java:129)
	at com.kms.katalon.core.main.TestSuiteExecutor.accessTestSuiteMainPhase(TestSuiteExecutor.java:112)
	at com.kms.katalon.core.main.TestSuiteExecutor.execute(TestSuiteExecutor.java:81)
	at com.kms.katalon.core.main.TestCaseMain.startTestSuite(TestCaseMain.java:149)
	at com.kms.katalon.core.main.TestCaseMain$startTestSuite$0.call(Unknown Source)
	at TempTestSuite1550652525208.run(TempTestSuite1550652525208.groovy:36)]]></system-out>
         <system-err><![CDATA[2019-02-20 18:49:58 - [TEST_CASE][FAILED] - Test Cases/All TC/Arranged/0. Full Flow/Disbursement end to end (CHQ Approved): Test Cases/All TC/Arranged/0. Full Flow/Disbursement end to end (CHQ Approved) FAILED.
Reason:
com.kms.katalon.core.exception.StepFailedException: Unable to get text of object 'Object Repository/YongJun/Disbursement/Disbursement - CHQ/DS - Pending Claim (CHQ)/Page_PERKESO/Get Case ID' (Root cause: com.kms.katalon.core.webui.exception.WebElementNotFoundException: Web element with id: 'Object Repository/YongJun/Disbursement/Disbursement - CHQ/DS - Pending Claim (CHQ)/Page_PERKESO/Get Case ID' located by 'By.xpath: id("pendingClaimTableId")/tbody[1]/tr[@class="odd"]/td[2]' not found)
	at com.kms.katalon.core.keyword.internal.KeywordMain.stepFailed(KeywordMain.groovy:36)
	at com.kms.katalon.core.webui.keyword.internal.WebUIKeywordMain.stepFailed(WebUIKeywordMain.groovy:65)
	at com.kms.katalon.core.webui.keyword.internal.WebUIKeywordMain.runKeyword(WebUIKeywordMain.groovy:27)
	at com.kms.katalon.core.webui.keyword.builtin.GetTextKeyword.getText(GetTextKeyword.groovy:88)
	at com.kms.katalon.core.webui.keyword.builtin.GetTextKeyword.execute(GetTextKeyword.groovy:67)
	at com.kms.katalon.core.keyword.internal.KeywordExecutor.executeKeywordForPlatform(KeywordExecutor.groovy:53)
	at com.kms.katalon.core.webui.keyword.WebUiBuiltInKeywords.getText(WebUiBuiltInKeywords.groovy:888)
	at com.kms.katalon.core.webui.keyword.WebUiBuiltInKeywords$getText$9.call(Unknown Source)
	at DS - Pending Claim (CHQ).run(DS - Pending Claim (CHQ):32)
	at com.kms.katalon.core.main.ScriptEngine.run(ScriptEngine.java:194)
	at com.kms.katalon.core.main.ScriptEngine.runScriptAsRawText(ScriptEngine.java:119)
	at com.kms.katalon.core.main.TestCaseExecutor.runScript(TestCaseExecutor.java:328)
	at com.kms.katalon.core.main.TestCaseExecutor.doExecute(TestCaseExecutor.java:319)
	at com.kms.katalon.core.main.TestCaseExecutor.processExecutionPhase(TestCaseExecutor.java:298)
	at com.kms.katalon.core.main.TestCaseExecutor.accessMainPhase(TestCaseExecutor.java:290)
	at com.kms.katalon.core.main.TestCaseExecutor.execute(TestCaseExecutor.java:224)
	at com.kms.katalon.core.main.TestCaseMain.runTestCase(TestCaseMain.java:106)
	at com.kms.katalon.core.keyword.builtin.CallTestCaseKeyword$_callTestCase_closure1.doCall(CallTestCaseKeyword.groovy:59)
	at com.kms.katalon.core.keyword.builtin.CallTestCaseKeyword$_callTestCase_closure1.call(CallTestCaseKeyword.groovy)
	at com.kms.katalon.core.keyword.internal.KeywordMain.runKeyword(KeywordMain.groovy:54)
	at com.kms.katalon.core.keyword.builtin.CallTestCaseKeyword.callTestCase(CallTestCaseKeyword.groovy:80)
	at com.kms.katalon.core.keyword.builtin.CallTestCaseKeyword.execute(CallTestCaseKeyword.groovy:44)
	at com.kms.katalon.core.keyword.internal.KeywordExecutor.executeKeywordForPlatform(KeywordExecutor.groovy:53)
	at com.kms.katalon.core.keyword.BuiltinKeywords.callTestCase(BuiltinKeywords.groovy:334)
	at Disbursement end to end (CHQ Approved).run(Disbursement end to end (CHQ Approved):16)
	at com.kms.katalon.core.main.ScriptEngine.run(ScriptEngine.java:194)
	at com.kms.katalon.core.main.ScriptEngine.runScriptAsRawText(ScriptEngine.java:119)
	at com.kms.katalon.core.main.TestCaseExecutor.runScript(TestCaseExecutor.java:328)
	at com.kms.katalon.core.main.TestCaseExecutor.doExecute(TestCaseExecutor.java:319)
	at com.kms.katalon.core.main.TestCaseExecutor.processExecutionPhase(TestCaseExecutor.java:298)
	at com.kms.katalon.core.main.TestCaseExecutor.accessMainPhase(TestCaseExecutor.java:290)
	at com.kms.katalon.core.main.TestCaseExecutor.execute(TestCaseExecutor.java:224)
	at com.kms.katalon.core.main.TestSuiteExecutor.accessTestCaseMainPhase(TestSuiteExecutor.java:129)
	at com.kms.katalon.core.main.TestSuiteExecutor.accessTestSuiteMainPhase(TestSuiteExecutor.java:112)
	at com.kms.katalon.core.main.TestSuiteExecutor.execute(TestSuiteExecutor.java:81)
	at com.kms.katalon.core.main.TestCaseMain.startTestSuite(TestCaseMain.java:149)
	at com.kms.katalon.core.main.TestCaseMain$startTestSuite$0.call(Unknown Source)
	at TempTestSuite1550652525208.run(TempTestSuite1550652525208.groovy:36)]]></system-err>
      </testcase>
      <testcase name="Test Cases/All TC/Arranged/0. Full Flow/DA Report - Partial" classname="Test Cases/All TC/Arranged/0. Full Flow/DA Report - Partial" status="FAILED">
         <failure type="FAILED" message="Test Cases/All TC/Arranged/0. Full Flow/DA Report - Partial FAILED.
Reason:
com.kms.katalon.core.exception.StepFailedException: Unable to click on object 'Object Repository/KeatMun/Form 7_default/OTC_Submit Form 7_Section F-G-H/Page_PERKESO/G2. span_Isteri' (Root cause: com.kms.katalon.core.webui.exception.WebElementNotFoundException: Web element with id: 'Object Repository/KeatMun/Form 7_default/OTC_Submit Form 7_Section F-G-H/Page_PERKESO/G2. span_Isteri' located by 'By.xpath: //span[@id = 'select2-dependentList0dependentRelationId-container' and @title = 'Isteri' and (text() = 'Isteri' or . = 'Isteri')]' not found)
	at com.kms.katalon.core.keyword.internal.KeywordMain.stepFailed(KeywordMain.groovy:36)
	at com.kms.katalon.core.webui.keyword.internal.WebUIKeywordMain.stepFailed(WebUIKeywordMain.groovy:65)
	at com.kms.katalon.core.webui.keyword.internal.WebUIKeywordMain.runKeyword(WebUIKeywordMain.groovy:27)
	at com.kms.katalon.core.webui.keyword.builtin.ClickKeyword.click(ClickKeyword.groovy:86)
	at com.kms.katalon.core.webui.keyword.builtin.ClickKeyword.execute(ClickKeyword.groovy:67)
	at com.kms.katalon.core.keyword.internal.KeywordExecutor.executeKeywordForPlatform(KeywordExecutor.groovy:53)
	at com.kms.katalon.core.webui.keyword.WebUiBuiltInKeywords.click(WebUiBuiltInKeywords.groovy:616)
	at com.kms.katalon.core.webui.keyword.WebUiBuiltInKeywords$click$3.call(Unknown Source)
	at OTC_Submit Form 7_Section F-G-H - Cheque.run(OTC_Submit Form 7_Section F-G-H - Cheque:41)
	at com.kms.katalon.core.main.ScriptEngine.run(ScriptEngine.java:194)
	at com.kms.katalon.core.main.ScriptEngine.runScriptAsRawText(ScriptEngine.java:119)
	at com.kms.katalon.core.main.TestCaseExecutor.runScript(TestCaseExecutor.java:328)
	at com.kms.katalon.core.main.TestCaseExecutor.doExecute(TestCaseExecutor.java:319)
	at com.kms.katalon.core.main.TestCaseExecutor.processExecutionPhase(TestCaseExecutor.java:298)
	at com.kms.katalon.core.main.TestCaseExecutor.accessMainPhase(TestCaseExecutor.java:290)
	at com.kms.katalon.core.main.TestCaseExecutor.execute(TestCaseExecutor.java:224)
	at com.kms.katalon.core.main.TestCaseMain.runTestCase(TestCaseMain.java:106)
	at com.kms.katalon.core.keyword.builtin.CallTestCaseKeyword$_callTestCase_closure1.doCall(CallTestCaseKeyword.groovy:59)
	at com.kms.katalon.core.keyword.builtin.CallTestCaseKeyword$_callTestCase_closure1.call(CallTestCaseKeyword.groovy)
	at com.kms.katalon.core.keyword.internal.KeywordMain.runKeyword(KeywordMain.groovy:54)
	at com.kms.katalon.core.keyword.builtin.CallTestCaseKeyword.callTestCase(CallTestCaseKeyword.groovy:80)
	at com.kms.katalon.core.keyword.builtin.CallTestCaseKeyword.execute(CallTestCaseKeyword.groovy:44)
	at com.kms.katalon.core.keyword.internal.KeywordExecutor.executeKeywordForPlatform(KeywordExecutor.groovy:53)
	at com.kms.katalon.core.keyword.BuiltinKeywords.callTestCase(BuiltinKeywords.groovy:334)
	at OTC_Submit Form 7_End to End - Cheque.run(OTC_Submit Form 7_End to End - Cheque:26)
	at com.kms.katalon.core.main.ScriptEngine.run(ScriptEngine.java:194)
	at com.kms.katalon.core.main.ScriptEngine.runScriptAsRawText(ScriptEngine.java:119)
	at com.kms.katalon.core.main.TestCaseExecutor.runScript(TestCaseExecutor.java:328)
	at com.kms.katalon.core.main.TestCaseExecutor.doExecute(TestCaseExecutor.java:319)
	at com.kms.katalon.core.main.TestCaseExecutor.processExecutionPhase(TestCaseExecutor.java:298)
	at com.kms.katalon.core.main.TestCaseExecutor.accessMainPhase(TestCaseExecutor.java:290)
	at com.kms.katalon.core.main.TestCaseExecutor.execute(TestCaseExecutor.java:224)
	at com.kms.katalon.core.main.TestCaseMain.runTestCase(TestCaseMain.java:106)
	at com.kms.katalon.core.keyword.builtin.CallTestCaseKeyword$_callTestCase_closure1.doCall(CallTestCaseKeyword.groovy:59)
	at com.kms.katalon.core.keyword.builtin.CallTestCaseKeyword$_callTestCase_closure1.call(CallTestCaseKeyword.groovy)
	at com.kms.katalon.core.keyword.internal.KeywordMain.runKeyword(KeywordMain.groovy:54)
	at com.kms.katalon.core.keyword.builtin.CallTestCaseKeyword.callTestCase(CallTestCaseKeyword.groovy:80)
	at com.kms.katalon.core.keyword.builtin.CallTestCaseKeyword.execute(CallTestCaseKeyword.groovy:44)
	at com.kms.katalon.core.keyword.internal.KeywordExecutor.executeKeywordForPlatform(KeywordExecutor.groovy:53)
	at com.kms.katalon.core.keyword.BuiltinKeywords.callTestCase(BuiltinKeywords.groovy:334)
	at DA Report - Partial.run(DA Report - Partial:16)
	at com.kms.katalon.core.main.ScriptEngine.run(ScriptEngine.java:194)
	at com.kms.katalon.core.main.ScriptEngine.runScriptAsRawText(ScriptEngine.java:119)
	at com.kms.katalon.core.main.TestCaseExecutor.runScript(TestCaseExecutor.java:328)
	at com.kms.katalon.core.main.TestCaseExecutor.doExecute(TestCaseExecutor.java:319)
	at com.kms.katalon.core.main.TestCaseExecutor.processExecutionPhase(TestCaseExecutor.java:298)
	at com.kms.katalon.core.main.TestCaseExecutor.accessMainPhase(TestCaseExecutor.java:290)
	at com.kms.katalon.core.main.TestCaseExecutor.execute(TestCaseExecutor.java:224)
	at com.kms.katalon.core.main.TestSuiteExecutor.accessTestCaseMainPhase(TestSuiteExecutor.java:129)
	at com.kms.katalon.core.main.TestSuiteExecutor.accessTestSuiteMainPhase(TestSuiteExecutor.java:112)
	at com.kms.katalon.core.main.TestSuiteExecutor.execute(TestSuiteExecutor.java:81)
	at com.kms.katalon.core.main.TestCaseMain.startTestSuite(TestCaseMain.java:149)
	at com.kms.katalon.core.main.TestCaseMain$startTestSuite$0.call(Unknown Source)
	at TempTestSuite1550652525208.run(TempTestSuite1550652525208.groovy:36)
"/>
         <system-out><![CDATA[2019-02-20 18:50:55 - [TEST_CASE][FAILED] - Test Cases/All TC/Arranged/0. Full Flow/DA Report - Partial: Test Cases/All TC/Arranged/0. Full Flow/DA Report - Partial FAILED.
Reason:
com.kms.katalon.core.exception.StepFailedException: Unable to click on object 'Object Repository/KeatMun/Form 7_default/OTC_Submit Form 7_Section F-G-H/Page_PERKESO/G2. span_Isteri' (Root cause: com.kms.katalon.core.webui.exception.WebElementNotFoundException: Web element with id: 'Object Repository/KeatMun/Form 7_default/OTC_Submit Form 7_Section F-G-H/Page_PERKESO/G2. span_Isteri' located by 'By.xpath: //span[@id = 'select2-dependentList0dependentRelationId-container' and @title = 'Isteri' and (text() = 'Isteri' or . = 'Isteri')]' not found)
	at com.kms.katalon.core.keyword.internal.KeywordMain.stepFailed(KeywordMain.groovy:36)
	at com.kms.katalon.core.webui.keyword.internal.WebUIKeywordMain.stepFailed(WebUIKeywordMain.groovy:65)
	at com.kms.katalon.core.webui.keyword.internal.WebUIKeywordMain.runKeyword(WebUIKeywordMain.groovy:27)
	at com.kms.katalon.core.webui.keyword.builtin.ClickKeyword.click(ClickKeyword.groovy:86)
	at com.kms.katalon.core.webui.keyword.builtin.ClickKeyword.execute(ClickKeyword.groovy:67)
	at com.kms.katalon.core.keyword.internal.KeywordExecutor.executeKeywordForPlatform(KeywordExecutor.groovy:53)
	at com.kms.katalon.core.webui.keyword.WebUiBuiltInKeywords.click(WebUiBuiltInKeywords.groovy:616)
	at com.kms.katalon.core.webui.keyword.WebUiBuiltInKeywords$click$3.call(Unknown Source)
	at OTC_Submit Form 7_Section F-G-H - Cheque.run(OTC_Submit Form 7_Section F-G-H - Cheque:41)
	at com.kms.katalon.core.main.ScriptEngine.run(ScriptEngine.java:194)
	at com.kms.katalon.core.main.ScriptEngine.runScriptAsRawText(ScriptEngine.java:119)
	at com.kms.katalon.core.main.TestCaseExecutor.runScript(TestCaseExecutor.java:328)
	at com.kms.katalon.core.main.TestCaseExecutor.doExecute(TestCaseExecutor.java:319)
	at com.kms.katalon.core.main.TestCaseExecutor.processExecutionPhase(TestCaseExecutor.java:298)
	at com.kms.katalon.core.main.TestCaseExecutor.accessMainPhase(TestCaseExecutor.java:290)
	at com.kms.katalon.core.main.TestCaseExecutor.execute(TestCaseExecutor.java:224)
	at com.kms.katalon.core.main.TestCaseMain.runTestCase(TestCaseMain.java:106)
	at com.kms.katalon.core.keyword.builtin.CallTestCaseKeyword$_callTestCase_closure1.doCall(CallTestCaseKeyword.groovy:59)
	at com.kms.katalon.core.keyword.builtin.CallTestCaseKeyword$_callTestCase_closure1.call(CallTestCaseKeyword.groovy)
	at com.kms.katalon.core.keyword.internal.KeywordMain.runKeyword(KeywordMain.groovy:54)
	at com.kms.katalon.core.keyword.builtin.CallTestCaseKeyword.callTestCase(CallTestCaseKeyword.groovy:80)
	at com.kms.katalon.core.keyword.builtin.CallTestCaseKeyword.execute(CallTestCaseKeyword.groovy:44)
	at com.kms.katalon.core.keyword.internal.KeywordExecutor.executeKeywordForPlatform(KeywordExecutor.groovy:53)
	at com.kms.katalon.core.keyword.BuiltinKeywords.callTestCase(BuiltinKeywords.groovy:334)
	at OTC_Submit Form 7_End to End - Cheque.run(OTC_Submit Form 7_End to End - Cheque:26)
	at com.kms.katalon.core.main.ScriptEngine.run(ScriptEngine.java:194)
	at com.kms.katalon.core.main.ScriptEngine.runScriptAsRawText(ScriptEngine.java:119)
	at com.kms.katalon.core.main.TestCaseExecutor.runScript(TestCaseExecutor.java:328)
	at com.kms.katalon.core.main.TestCaseExecutor.doExecute(TestCaseExecutor.java:319)
	at com.kms.katalon.core.main.TestCaseExecutor.processExecutionPhase(TestCaseExecutor.java:298)
	at com.kms.katalon.core.main.TestCaseExecutor.accessMainPhase(TestCaseExecutor.java:290)
	at com.kms.katalon.core.main.TestCaseExecutor.execute(TestCaseExecutor.java:224)
	at com.kms.katalon.core.main.TestCaseMain.runTestCase(TestCaseMain.java:106)
	at com.kms.katalon.core.keyword.builtin.CallTestCaseKeyword$_callTestCase_closure1.doCall(CallTestCaseKeyword.groovy:59)
	at com.kms.katalon.core.keyword.builtin.CallTestCaseKeyword$_callTestCase_closure1.call(CallTestCaseKeyword.groovy)
	at com.kms.katalon.core.keyword.internal.KeywordMain.runKeyword(KeywordMain.groovy:54)
	at com.kms.katalon.core.keyword.builtin.CallTestCaseKeyword.callTestCase(CallTestCaseKeyword.groovy:80)
	at com.kms.katalon.core.keyword.builtin.CallTestCaseKeyword.execute(CallTestCaseKeyword.groovy:44)
	at com.kms.katalon.core.keyword.internal.KeywordExecutor.executeKeywordForPlatform(KeywordExecutor.groovy:53)
	at com.kms.katalon.core.keyword.BuiltinKeywords.callTestCase(BuiltinKeywords.groovy:334)
	at DA Report - Partial.run(DA Report - Partial:16)
	at com.kms.katalon.core.main.ScriptEngine.run(ScriptEngine.java:194)
	at com.kms.katalon.core.main.ScriptEngine.runScriptAsRawText(ScriptEngine.java:119)
	at com.kms.katalon.core.main.TestCaseExecutor.runScript(TestCaseExecutor.java:328)
	at com.kms.katalon.core.main.TestCaseExecutor.doExecute(TestCaseExecutor.java:319)
	at com.kms.katalon.core.main.TestCaseExecutor.processExecutionPhase(TestCaseExecutor.java:298)
	at com.kms.katalon.core.main.TestCaseExecutor.accessMainPhase(TestCaseExecutor.java:290)
	at com.kms.katalon.core.main.TestCaseExecutor.execute(TestCaseExecutor.java:224)
	at com.kms.katalon.core.main.TestSuiteExecutor.accessTestCaseMainPhase(TestSuiteExecutor.java:129)
	at com.kms.katalon.core.main.TestSuiteExecutor.accessTestSuiteMainPhase(TestSuiteExecutor.java:112)
	at com.kms.katalon.core.main.TestSuiteExecutor.execute(TestSuiteExecutor.java:81)
	at com.kms.katalon.core.main.TestCaseMain.startTestSuite(TestCaseMain.java:149)
	at com.kms.katalon.core.main.TestCaseMain$startTestSuite$0.call(Unknown Source)
	at TempTestSuite1550652525208.run(TempTestSuite1550652525208.groovy:36)


2019-02-20 18:50:55 - [TEST_STEP][FAILED] - callTestCase(findTestCase("All TC/Arranged/2. Segment/OTC_Submit Form 7_End to End - Cheque"), [:], STOP_ON_FAILURE): callTestCase(findTestCase("All TC/Arranged/2. Segment/OTC_Submit Form 7_End to End - Cheque"), [:], STOP_ON_FAILURE) FAILED.
Reason:
com.kms.katalon.core.exception.StepFailedException: Unable to click on object 'Object Repository/KeatMun/Form 7_default/OTC_Submit Form 7_Section F-G-H/Page_PERKESO/G2. span_Isteri' (Root cause: com.kms.katalon.core.webui.exception.WebElementNotFoundException: Web element with id: 'Object Repository/KeatMun/Form 7_default/OTC_Submit Form 7_Section F-G-H/Page_PERKESO/G2. span_Isteri' located by 'By.xpath: //span[@id = 'select2-dependentList0dependentRelationId-container' and @title = 'Isteri' and (text() = 'Isteri' or . = 'Isteri')]' not found)
	at com.kms.katalon.core.keyword.internal.KeywordMain.stepFailed(KeywordMain.groovy:36)
	at com.kms.katalon.core.webui.keyword.internal.WebUIKeywordMain.stepFailed(WebUIKeywordMain.groovy:65)
	at com.kms.katalon.core.webui.keyword.internal.WebUIKeywordMain.runKeyword(WebUIKeywordMain.groovy:27)
	at com.kms.katalon.core.webui.keyword.builtin.ClickKeyword.click(ClickKeyword.groovy:86)
	at com.kms.katalon.core.webui.keyword.builtin.ClickKeyword.execute(ClickKeyword.groovy:67)
	at com.kms.katalon.core.keyword.internal.KeywordExecutor.executeKeywordForPlatform(KeywordExecutor.groovy:53)
	at com.kms.katalon.core.webui.keyword.WebUiBuiltInKeywords.click(WebUiBuiltInKeywords.groovy:616)
	at com.kms.katalon.core.webui.keyword.WebUiBuiltInKeywords$click$3.call(Unknown Source)
	at OTC_Submit Form 7_Section F-G-H - Cheque.run(OTC_Submit Form 7_Section F-G-H - Cheque:41)
	at com.kms.katalon.core.main.ScriptEngine.run(ScriptEngine.java:194)
	at com.kms.katalon.core.main.ScriptEngine.runScriptAsRawText(ScriptEngine.java:119)
	at com.kms.katalon.core.main.TestCaseExecutor.runScript(TestCaseExecutor.java:328)
	at com.kms.katalon.core.main.TestCaseExecutor.doExecute(TestCaseExecutor.java:319)
	at com.kms.katalon.core.main.TestCaseExecutor.processExecutionPhase(TestCaseExecutor.java:298)
	at com.kms.katalon.core.main.TestCaseExecutor.accessMainPhase(TestCaseExecutor.java:290)
	at com.kms.katalon.core.main.TestCaseExecutor.execute(TestCaseExecutor.java:224)
	at com.kms.katalon.core.main.TestCaseMain.runTestCase(TestCaseMain.java:106)
	at com.kms.katalon.core.keyword.builtin.CallTestCaseKeyword$_callTestCase_closure1.doCall(CallTestCaseKeyword.groovy:59)
	at com.kms.katalon.core.keyword.builtin.CallTestCaseKeyword$_callTestCase_closure1.call(CallTestCaseKeyword.groovy)
	at com.kms.katalon.core.keyword.internal.KeywordMain.runKeyword(KeywordMain.groovy:54)
	at com.kms.katalon.core.keyword.builtin.CallTestCaseKeyword.callTestCase(CallTestCaseKeyword.groovy:80)
	at com.kms.katalon.core.keyword.builtin.CallTestCaseKeyword.execute(CallTestCaseKeyword.groovy:44)
	at com.kms.katalon.core.keyword.internal.KeywordExecutor.executeKeywordForPlatform(KeywordExecutor.groovy:53)
	at com.kms.katalon.core.keyword.BuiltinKeywords.callTestCase(BuiltinKeywords.groovy:334)
	at OTC_Submit Form 7_End to End - Cheque.run(OTC_Submit Form 7_End to End - Cheque:26)
	at com.kms.katalon.core.main.ScriptEngine.run(ScriptEngine.java:194)
	at com.kms.katalon.core.main.ScriptEngine.runScriptAsRawText(ScriptEngine.java:119)
	at com.kms.katalon.core.main.TestCaseExecutor.runScript(TestCaseExecutor.java:328)
	at com.kms.katalon.core.main.TestCaseExecutor.doExecute(TestCaseExecutor.java:319)
	at com.kms.katalon.core.main.TestCaseExecutor.processExecutionPhase(TestCaseExecutor.java:298)
	at com.kms.katalon.core.main.TestCaseExecutor.accessMainPhase(TestCaseExecutor.java:290)
	at com.kms.katalon.core.main.TestCaseExecutor.execute(TestCaseExecutor.java:224)
	at com.kms.katalon.core.main.TestCaseMain.runTestCase(TestCaseMain.java:106)
	at com.kms.katalon.core.keyword.builtin.CallTestCaseKeyword$_callTestCase_closure1.doCall(CallTestCaseKeyword.groovy:59)
	at com.kms.katalon.core.keyword.builtin.CallTestCaseKeyword$_callTestCase_closure1.call(CallTestCaseKeyword.groovy)
	at com.kms.katalon.core.keyword.internal.KeywordMain.runKeyword(KeywordMain.groovy:54)
	at com.kms.katalon.core.keyword.builtin.CallTestCaseKeyword.callTestCase(CallTestCaseKeyword.groovy:80)
	at com.kms.katalon.core.keyword.builtin.CallTestCaseKeyword.execute(CallTestCaseKeyword.groovy:44)
	at com.kms.katalon.core.keyword.internal.KeywordExecutor.executeKeywordForPlatform(KeywordExecutor.groovy:53)
	at com.kms.katalon.core.keyword.BuiltinKeywords.callTestCase(BuiltinKeywords.groovy:334)
	at DA Report - Partial.run(DA Report - Partial:16)
	at com.kms.katalon.core.main.ScriptEngine.run(ScriptEngine.java:194)
	at com.kms.katalon.core.main.ScriptEngine.runScriptAsRawText(ScriptEngine.java:119)
	at com.kms.katalon.core.main.TestCaseExecutor.runScript(TestCaseExecutor.java:328)
	at com.kms.katalon.core.main.TestCaseExecutor.doExecute(TestCaseExecutor.java:319)
	at com.kms.katalon.core.main.TestCaseExecutor.processExecutionPhase(TestCaseExecutor.java:298)
	at com.kms.katalon.core.main.TestCaseExecutor.accessMainPhase(TestCaseExecutor.java:290)
	at com.kms.katalon.core.main.TestCaseExecutor.execute(TestCaseExecutor.java:224)
	at com.kms.katalon.core.main.TestSuiteExecutor.accessTestCaseMainPhase(TestSuiteExecutor.java:129)
	at com.kms.katalon.core.main.TestSuiteExecutor.accessTestSuiteMainPhase(TestSuiteExecutor.java:112)
	at com.kms.katalon.core.main.TestSuiteExecutor.execute(TestSuiteExecutor.java:81)
	at com.kms.katalon.core.main.TestCaseMain.startTestSuite(TestCaseMain.java:149)
	at com.kms.katalon.core.main.TestCaseMain$startTestSuite$0.call(Unknown Source)
	at TempTestSuite1550652525208.run(TempTestSuite1550652525208.groovy:36)


2019-02-20 18:50:55 - [TEST_CASE][FAILED] - Test Cases/All TC/Arranged/2. Segment/OTC_Submit Form 7_End to End - Cheque: Test Cases/All TC/Arranged/2. Segment/OTC_Submit Form 7_End to End - Cheque FAILED.
Reason:
com.kms.katalon.core.exception.StepFailedException: Unable to click on object 'Object Repository/KeatMun/Form 7_default/OTC_Submit Form 7_Section F-G-H/Page_PERKESO/G2. span_Isteri' (Root cause: com.kms.katalon.core.webui.exception.WebElementNotFoundException: Web element with id: 'Object Repository/KeatMun/Form 7_default/OTC_Submit Form 7_Section F-G-H/Page_PERKESO/G2. span_Isteri' located by 'By.xpath: //span[@id = 'select2-dependentList0dependentRelationId-container' and @title = 'Isteri' and (text() = 'Isteri' or . = 'Isteri')]' not found)
	at com.kms.katalon.core.keyword.internal.KeywordMain.stepFailed(KeywordMain.groovy:36)
	at com.kms.katalon.core.webui.keyword.internal.WebUIKeywordMain.stepFailed(WebUIKeywordMain.groovy:65)
	at com.kms.katalon.core.webui.keyword.internal.WebUIKeywordMain.runKeyword(WebUIKeywordMain.groovy:27)
	at com.kms.katalon.core.webui.keyword.builtin.ClickKeyword.click(ClickKeyword.groovy:86)
	at com.kms.katalon.core.webui.keyword.builtin.ClickKeyword.execute(ClickKeyword.groovy:67)
	at com.kms.katalon.core.keyword.internal.KeywordExecutor.executeKeywordForPlatform(KeywordExecutor.groovy:53)
	at com.kms.katalon.core.webui.keyword.WebUiBuiltInKeywords.click(WebUiBuiltInKeywords.groovy:616)
	at com.kms.katalon.core.webui.keyword.WebUiBuiltInKeywords$click$3.call(Unknown Source)
	at OTC_Submit Form 7_Section F-G-H - Cheque.run(OTC_Submit Form 7_Section F-G-H - Cheque:41)
	at com.kms.katalon.core.main.ScriptEngine.run(ScriptEngine.java:194)
	at com.kms.katalon.core.main.ScriptEngine.runScriptAsRawText(ScriptEngine.java:119)
	at com.kms.katalon.core.main.TestCaseExecutor.runScript(TestCaseExecutor.java:328)
	at com.kms.katalon.core.main.TestCaseExecutor.doExecute(TestCaseExecutor.java:319)
	at com.kms.katalon.core.main.TestCaseExecutor.processExecutionPhase(TestCaseExecutor.java:298)
	at com.kms.katalon.core.main.TestCaseExecutor.accessMainPhase(TestCaseExecutor.java:290)
	at com.kms.katalon.core.main.TestCaseExecutor.execute(TestCaseExecutor.java:224)
	at com.kms.katalon.core.main.TestCaseMain.runTestCase(TestCaseMain.java:106)
	at com.kms.katalon.core.keyword.builtin.CallTestCaseKeyword$_callTestCase_closure1.doCall(CallTestCaseKeyword.groovy:59)
	at com.kms.katalon.core.keyword.builtin.CallTestCaseKeyword$_callTestCase_closure1.call(CallTestCaseKeyword.groovy)
	at com.kms.katalon.core.keyword.internal.KeywordMain.runKeyword(KeywordMain.groovy:54)
	at com.kms.katalon.core.keyword.builtin.CallTestCaseKeyword.callTestCase(CallTestCaseKeyword.groovy:80)
	at com.kms.katalon.core.keyword.builtin.CallTestCaseKeyword.execute(CallTestCaseKeyword.groovy:44)
	at com.kms.katalon.core.keyword.internal.KeywordExecutor.executeKeywordForPlatform(KeywordExecutor.groovy:53)
	at com.kms.katalon.core.keyword.BuiltinKeywords.callTestCase(BuiltinKeywords.groovy:334)
	at OTC_Submit Form 7_End to End - Cheque.run(OTC_Submit Form 7_End to End - Cheque:26)
	at com.kms.katalon.core.main.ScriptEngine.run(ScriptEngine.java:194)
	at com.kms.katalon.core.main.ScriptEngine.runScriptAsRawText(ScriptEngine.java:119)
	at com.kms.katalon.core.main.TestCaseExecutor.runScript(TestCaseExecutor.java:328)
	at com.kms.katalon.core.main.TestCaseExecutor.doExecute(TestCaseExecutor.java:319)
	at com.kms.katalon.core.main.TestCaseExecutor.processExecutionPhase(TestCaseExecutor.java:298)
	at com.kms.katalon.core.main.TestCaseExecutor.accessMainPhase(TestCaseExecutor.java:290)
	at com.kms.katalon.core.main.TestCaseExecutor.execute(TestCaseExecutor.java:224)
	at com.kms.katalon.core.main.TestCaseMain.runTestCase(TestCaseMain.java:106)
	at com.kms.katalon.core.keyword.builtin.CallTestCaseKeyword$_callTestCase_closure1.doCall(CallTestCaseKeyword.groovy:59)
	at com.kms.katalon.core.keyword.builtin.CallTestCaseKeyword$_callTestCase_closure1.call(CallTestCaseKeyword.groovy)
	at com.kms.katalon.core.keyword.internal.KeywordMain.runKeyword(KeywordMain.groovy:54)
	at com.kms.katalon.core.keyword.builtin.CallTestCaseKeyword.callTestCase(CallTestCaseKeyword.groovy:80)
	at com.kms.katalon.core.keyword.builtin.CallTestCaseKeyword.execute(CallTestCaseKeyword.groovy:44)
	at com.kms.katalon.core.keyword.internal.KeywordExecutor.executeKeywordForPlatform(KeywordExecutor.groovy:53)
	at com.kms.katalon.core.keyword.BuiltinKeywords.callTestCase(BuiltinKeywords.groovy:334)
	at DA Report - Partial.run(DA Report - Partial:16)
	at com.kms.katalon.core.main.ScriptEngine.run(ScriptEngine.java:194)
	at com.kms.katalon.core.main.ScriptEngine.runScriptAsRawText(ScriptEngine.java:119)
	at com.kms.katalon.core.main.TestCaseExecutor.runScript(TestCaseExecutor.java:328)
	at com.kms.katalon.core.main.TestCaseExecutor.doExecute(TestCaseExecutor.java:319)
	at com.kms.katalon.core.main.TestCaseExecutor.processExecutionPhase(TestCaseExecutor.java:298)
	at com.kms.katalon.core.main.TestCaseExecutor.accessMainPhase(TestCaseExecutor.java:290)
	at com.kms.katalon.core.main.TestCaseExecutor.execute(TestCaseExecutor.java:224)
	at com.kms.katalon.core.main.TestSuiteExecutor.accessTestCaseMainPhase(TestSuiteExecutor.java:129)
	at com.kms.katalon.core.main.TestSuiteExecutor.accessTestSuiteMainPhase(TestSuiteExecutor.java:112)
	at com.kms.katalon.core.main.TestSuiteExecutor.execute(TestSuiteExecutor.java:81)
	at com.kms.katalon.core.main.TestCaseMain.startTestSuite(TestCaseMain.java:149)
	at com.kms.katalon.core.main.TestCaseMain$startTestSuite$0.call(Unknown Source)
	at TempTestSuite1550652525208.run(TempTestSuite1550652525208.groovy:36)


2019-02-20 18:50:55 - [TEST_STEP][PASSED] - callTestCase(findTestCase("All TC/Arranged/3. Unit/EI/Form 7_default/OTC_Application_Reg"), [:], STOP_ON_FAILURE): Call Test Case 'Test Cases/All TC/Arranged/3. Unit/EI/Form 7_default/OTC_Application_Reg' successfully

2019-02-20 18:50:56 - [TEST_CASE][PASSED] - Test Cases/All TC/Arranged/3. Unit/EI/Form 7_default/OTC_Application_Reg: Test Cases/All TC/Arranged/3. Unit/EI/Form 7_default/OTC_Application_Reg

2019-02-20 18:50:56 - [TEST_STEP][PASSED] - openBrowser(""): Browser is opened with url: ''

2019-02-20 18:50:56 - [MESSAGE][WARNING] - A browser is already opened. Closing browser and opening a new one

2019-02-20 18:50:57 - [MESSAGE][INFO] - Starting 'Chrome' driver

2019-02-20 18:50:57 - [MESSAGE][INFO] - User set preference: ['args', '[--start-maximized]']

2019-02-20 18:51:01 - [MESSAGE][PASSED] - Browser is opened with url: ''

2019-02-20 18:51:01 - [TEST_STEP][PASSED] - navigateToUrl(Internal_Login): Navigate to 'http://10.20.24.188/eisportal/user/login' successfully

2019-02-20 18:51:03 - [MESSAGE][PASSED] - Navigate to 'http://10.20.24.188/eisportal/user/login' successfully

2019-02-20 18:51:03 - [TEST_STEP][PASSED] - delay(3): Delayed 3 second(s)

2019-02-20 18:51:06 - [MESSAGE][PASSED] - Delayed 3 second(s)

2019-02-20 18:51:06 - [TEST_STEP][PASSED] - setText(findTestObject("KeatMun/Form 7_default/OTC_Application_Reg/Page_PERKESO/1.username"), "faizal.hamid@perkeso.gov.my"): Text 'faizal.hamid@perkeso.gov.my' is set on object 'Object Repository/KeatMun/Form 7_default/OTC_Application_Reg/Page_PERKESO/1.username'

2019-02-20 18:51:10 - [MESSAGE][PASSED] - Text 'faizal.hamid@perkeso.gov.my' is set on object 'Object Repository/KeatMun/Form 7_default/OTC_Application_Reg/Page_PERKESO/1.username'

2019-02-20 18:51:10 - [TEST_STEP][PASSED] - delay(1): Delayed 1 second(s)

2019-02-20 18:51:11 - [MESSAGE][PASSED] - Delayed 1 second(s)

2019-02-20 18:51:11 - [TEST_STEP][PASSED] - setEncryptedText(findTestObject("KeatMun/Form 7_default/OTC_Application_Reg/Page_PERKESO/2.password"), "CQqwFZlbeC8="): Text ****** has been set on object 'Object Repository/KeatMun/Form 7_default/OTC_Application_Reg/Page_PERKESO/2.password'

2019-02-20 18:51:15 - [MESSAGE][PASSED] - Text ****** has been set on object 'Object Repository/KeatMun/Form 7_default/OTC_Application_Reg/Page_PERKESO/2.password'

2019-02-20 18:51:15 - [TEST_STEP][PASSED] - delay(2): Delayed 2 second(s)

2019-02-20 18:51:17 - [MESSAGE][PASSED] - Delayed 2 second(s)

2019-02-20 18:51:17 - [TEST_STEP][PASSED] - click(findTestObject("KeatMun/Form 7_default/OTC_Application_Reg/Page_PERKESO/3.login button")): Object: 'Object Repository/KeatMun/Form 7_default/OTC_Application_Reg/Page_PERKESO/3.login button' is clicked on

2019-02-20 18:51:20 - [MESSAGE][PASSED] - Object: 'Object Repository/KeatMun/Form 7_default/OTC_Application_Reg/Page_PERKESO/3.login button' is clicked on

2019-02-20 18:51:20 - [TEST_STEP][PASSED] - delay(2): Delayed 2 second(s)

2019-02-20 18:51:22 - [MESSAGE][PASSED] - Delayed 2 second(s)

2019-02-20 18:51:22 - [TEST_STEP][PASSED] - click(findTestObject("KeatMun/Form 7_default/OTC_Application_Reg/Page_PERKESO/4. Permohonan tab")): Object: 'Object Repository/KeatMun/Form 7_default/OTC_Application_Reg/Page_PERKESO/4. Permohonan tab' is clicked on

2019-02-20 18:51:24 - [MESSAGE][PASSED] - Object: 'Object Repository/KeatMun/Form 7_default/OTC_Application_Reg/Page_PERKESO/4. Permohonan tab' is clicked on

2019-02-20 18:51:24 - [TEST_STEP][PASSED] - delay(2): Delayed 2 second(s)

2019-02-20 18:51:26 - [MESSAGE][PASSED] - Delayed 2 second(s)

2019-02-20 18:51:26 - [TEST_STEP][PASSED] - click(findTestObject("KeatMun/Form 7_default/OTC_Application_Reg/Page_PERKESO/5.button_Setuju")): Object: 'Object Repository/KeatMun/Form 7_default/OTC_Application_Reg/Page_PERKESO/5.button_Setuju' is clicked on

2019-02-20 18:51:29 - [MESSAGE][PASSED] - Object: 'Object Repository/KeatMun/Form 7_default/OTC_Application_Reg/Page_PERKESO/5.button_Setuju' is clicked on

2019-02-20 18:51:29 - [TEST_STEP][PASSED] - delay(2): Delayed 2 second(s)

2019-02-20 18:51:31 - [MESSAGE][PASSED] - Delayed 2 second(s)

2019-02-20 18:51:31 - [TEST_STEP][PASSED] - callTestCase(findTestCase("All TC/Arranged/1. Common/IC List Checker"), [:], STOP_ON_FAILURE): Call Test Case 'Test Cases/All TC/Arranged/1. Common/IC List Checker' successfully

2019-02-20 18:51:31 - [TEST_CASE][PASSED] - Test Cases/All TC/Arranged/1. Common/IC List Checker: Test Cases/All TC/Arranged/1. Common/IC List Checker

2019-02-20 18:51:31 - [TEST_STEP][PASSED] - counter = 0: null

2019-02-20 18:51:31 - [TEST_STEP][PASSED] - fis = new java.io.FileInputStream((internal.GlobalVariable.TextFilePathCommon + \IC.xlsx)): null

2019-02-20 18:51:31 - [TEST_STEP][PASSED] - workbook = new org.apache.poi.xssf.usermodel.XSSFWorkbook(fis): null

2019-02-20 18:51:31 - [TEST_STEP][PASSED] - sheet = workbook.getSheet("Sheet1"): null

2019-02-20 18:51:31 - [TEST_STEP][PASSED] - totalRow = sheet.getLastRowNum(): null

2019-02-20 18:51:31 - [TEST_STEP][PASSED] - out.println(totalRow): null

2019-02-20 18:51:31 - [TEST_STEP][PASSED] - row = sheet.getRow(counter): null

2019-02-20 18:51:31 - [TEST_STEP][PASSED] - cell = row.getCell(counter): null

2019-02-20 18:51:31 - [TEST_STEP][PASSED] - a = cell.getStringCellValue(): null

2019-02-20 18:51:31 - [TEST_STEP][PASSED] - IC = a: null

2019-02-20 18:51:31 - [TEST_STEP][PASSED] - out.println(IC): null

2019-02-20 18:51:31 - [TEST_STEP][PASSED] - callTestCase(findTestCase("All TC/Arranged/1. Common/1.2 Setter/Setter IC"), [:], STOP_ON_FAILURE): Call Test Case 'Test Cases/All TC/Arranged/1. Common/1.2 Setter/Setter IC' successfully

2019-02-20 18:51:31 - [TEST_CASE][PASSED] - Test Cases/All TC/Arranged/1. Common/1.2 Setter/Setter IC: Test Cases/All TC/Arranged/1. Common/1.2 Setter/Setter IC

2019-02-20 18:51:31 - [TEST_STEP][PASSED] - RefNoOldFile = new java.io.File((internal.GlobalVariable.TextFilePathCommon + \getIC.txt)): null

2019-02-20 18:51:31 - [TEST_STEP][PASSED] - RefNoOldFile.delete(): null

2019-02-20 18:51:31 - [TEST_STEP][PASSED] - delay(5): Delayed 5 second(s)

2019-02-20 18:51:36 - [MESSAGE][PASSED] - Delayed 5 second(s)

2019-02-20 18:51:36 - [TEST_STEP][PASSED] - RefNo = new java.io.File((internal.GlobalVariable.TextFilePathCommon + \getIC.txt)): null

2019-02-20 18:51:36 - [TEST_STEP][PASSED] - f2 = new java.io.FileWriter(RefNo, false): null

2019-02-20 18:51:36 - [TEST_STEP][PASSED] - f2.write(IC): null

2019-02-20 18:51:36 - [TEST_STEP][PASSED] - f2.close(): null

2019-02-20 18:51:36 - [TEST_STEP][PASSED] - out.println("


" + IC + "


"): null

2019-02-20 18:51:36 - [MESSAGE][PASSED] - Call Test Case 'Test Cases/All TC/Arranged/1. Common/1.2 Setter/Setter IC' successfully

2019-02-20 18:51:36 - [MESSAGE][PASSED] - Call Test Case 'Test Cases/All TC/Arranged/1. Common/IC List Checker' successfully

2019-02-20 18:51:36 - [TEST_STEP][PASSED] - setText(findTestObject("KeatMun/Form 7_default/OTC_Application_Reg/Page_PERKESO/6.No. Kad Pengenalan"), IC): Text '861023436638' is set on object 'Object Repository/KeatMun/Form 7_default/OTC_Application_Reg/Page_PERKESO/6.No. Kad Pengenalan'

2019-02-20 18:51:41 - [MESSAGE][PASSED] - Text '861023436638' is set on object 'Object Repository/KeatMun/Form 7_default/OTC_Application_Reg/Page_PERKESO/6.No. Kad Pengenalan'

2019-02-20 18:51:41 - [TEST_STEP][PASSED] - delay(2): Delayed 2 second(s)

2019-02-20 18:51:43 - [MESSAGE][PASSED] - Delayed 2 second(s)

2019-02-20 18:51:43 - [TEST_STEP][PASSED] - click(findTestObject("KeatMun/Form 7_default/OTC_Application_Reg/Page_PERKESO/7.button_Semak")): Object: 'Object Repository/KeatMun/Form 7_default/OTC_Application_Reg/Page_PERKESO/7.button_Semak' is clicked on

2019-02-20 18:51:45 - [MESSAGE][PASSED] - Object: 'Object Repository/KeatMun/Form 7_default/OTC_Application_Reg/Page_PERKESO/7.button_Semak' is clicked on

2019-02-20 18:51:45 - [TEST_STEP][PASSED] - delay(4): Delayed 4 second(s)

2019-02-20 18:51:49 - [MESSAGE][PASSED] - Delayed 4 second(s)

2019-02-20 18:51:49 - [TEST_STEP][PASSED] - click(findTestObject("KeatMun/Form 7_default/OTC_Application_Reg/Page_PERKESO/8. Nama Majikan Dropdown")): Object: 'Object Repository/KeatMun/Form 7_default/OTC_Application_Reg/Page_PERKESO/8. Nama Majikan Dropdown' is clicked on

2019-02-20 18:51:51 - [MESSAGE][PASSED] - Object: 'Object Repository/KeatMun/Form 7_default/OTC_Application_Reg/Page_PERKESO/8. Nama Majikan Dropdown' is clicked on

2019-02-20 18:51:51 - [TEST_STEP][PASSED] - setText(findTestObject("KeatMun/Form 7_default/OTC_Application_Reg/Page_PERKESO/8. LOE emp"), "pet"): Text 'pet' is set on object 'Object Repository/KeatMun/Form 7_default/OTC_Application_Reg/Page_PERKESO/8. LOE emp'

2019-02-20 18:51:55 - [MESSAGE][PASSED] - Text 'pet' is set on object 'Object Repository/KeatMun/Form 7_default/OTC_Application_Reg/Page_PERKESO/8. LOE emp'

2019-02-20 18:51:55 - [TEST_STEP][PASSED] - click(findTestObject("KeatMun/Form 7_default/OTC_Application_Reg/Page_PERKESO/8. PETRONAS")): Object: 'Object Repository/KeatMun/Form 7_default/OTC_Application_Reg/Page_PERKESO/8. PETRONAS' is clicked on

2019-02-20 18:51:57 - [MESSAGE][PASSED] - Object: 'Object Repository/KeatMun/Form 7_default/OTC_Application_Reg/Page_PERKESO/8. PETRONAS' is clicked on

2019-02-20 18:51:57 - [TEST_STEP][PASSED] - delay(2): Delayed 2 second(s)

2019-02-20 18:51:59 - [MESSAGE][PASSED] - Delayed 2 second(s)

2019-02-20 18:51:59 - [TEST_STEP][PASSED] - setText(findTestObject("KeatMun/Form 7_default/OTC_Application_Reg/Page_PERKESO/9.Tarikh kehilangan pkj"), "10/01/2019"): Text '10/01/2019' is set on object 'Object Repository/KeatMun/Form 7_default/OTC_Application_Reg/Page_PERKESO/9.Tarikh kehilangan pkj'

2019-02-20 18:52:04 - [MESSAGE][PASSED] - Text '10/01/2019' is set on object 'Object Repository/KeatMun/Form 7_default/OTC_Application_Reg/Page_PERKESO/9.Tarikh kehilangan pkj'

2019-02-20 18:52:04 - [TEST_STEP][PASSED] - delay(2): Delayed 2 second(s)

2019-02-20 18:52:06 - [MESSAGE][PASSED] - Delayed 2 second(s)

2019-02-20 18:52:06 - [TEST_STEP][PASSED] - click(findTestObject("KeatMun/Form 7_default/OTC_Application_Reg/Page_PERKESO/9. Date Picker Done Button ")): Object: 'Object Repository/KeatMun/Form 7_default/OTC_Application_Reg/Page_PERKESO/9. Date Picker Done Button ' is clicked on

2019-02-20 18:52:08 - [MESSAGE][PASSED] - Object: 'Object Repository/KeatMun/Form 7_default/OTC_Application_Reg/Page_PERKESO/9. Date Picker Done Button ' is clicked on

2019-02-20 18:52:08 - [TEST_STEP][PASSED] - delay(2): Delayed 2 second(s)

2019-02-20 18:52:10 - [MESSAGE][PASSED] - Delayed 2 second(s)

2019-02-20 18:52:10 - [TEST_STEP][PASSED] - click(findTestObject("KeatMun/Form 7_default/OTC_Application_Reg/Page_PERKESO/10.button_Mohon")): Object: 'Object Repository/KeatMun/Form 7_default/OTC_Application_Reg/Page_PERKESO/10.button_Mohon' is clicked on

2019-02-20 18:52:12 - [MESSAGE][PASSED] - Object: 'Object Repository/KeatMun/Form 7_default/OTC_Application_Reg/Page_PERKESO/10.button_Mohon' is clicked on

2019-02-20 18:52:12 - [TEST_STEP][PASSED] - delay(2): Delayed 2 second(s)

2019-02-20 18:52:14 - [MESSAGE][PASSED] - Delayed 2 second(s)

2019-02-20 18:52:14 - [TEST_STEP][PASSED] - setText(findTestObject("KeatMun/Form 7_default/OTC_Application_Reg/Page_PERKESO/11.Tarikh Terima_stampedDtS"), "10/01/2019"): Text '10/01/2019' is set on object 'Object Repository/KeatMun/Form 7_default/OTC_Application_Reg/Page_PERKESO/11.Tarikh Terima_stampedDtS'

2019-02-20 18:52:18 - [MESSAGE][PASSED] - Text '10/01/2019' is set on object 'Object Repository/KeatMun/Form 7_default/OTC_Application_Reg/Page_PERKESO/11.Tarikh Terima_stampedDtS'

2019-02-20 18:52:18 - [TEST_STEP][PASSED] - delay(2): Delayed 2 second(s)

2019-02-20 18:52:20 - [MESSAGE][PASSED] - Delayed 2 second(s)

2019-02-20 18:52:20 - [TEST_STEP][PASSED] - click(findTestObject("KeatMun/Form 7_default/OTC_Application_Reg/Page_PERKESO/11. Date Picker Done Button")): Object: 'Object Repository/KeatMun/Form 7_default/OTC_Application_Reg/Page_PERKESO/11. Date Picker Done Button' is clicked on

2019-02-20 18:52:22 - [MESSAGE][PASSED] - Object: 'Object Repository/KeatMun/Form 7_default/OTC_Application_Reg/Page_PERKESO/11. Date Picker Done Button' is clicked on

2019-02-20 18:52:22 - [TEST_STEP][PASSED] - delay(2): Delayed 2 second(s)

2019-02-20 18:52:24 - [MESSAGE][PASSED] - Delayed 2 second(s)

2019-02-20 18:52:24 - [TEST_STEP][PASSED] - click(findTestObject("KeatMun/Form 7_default/OTC_Application_Reg/Page_PERKESO/11.button_TERUSKAN")): Object: 'Object Repository/KeatMun/Form 7_default/OTC_Application_Reg/Page_PERKESO/11.button_TERUSKAN' is clicked on

2019-02-20 18:52:26 - [MESSAGE][PASSED] - Object: 'Object Repository/KeatMun/Form 7_default/OTC_Application_Reg/Page_PERKESO/11.button_TERUSKAN' is clicked on

2019-02-20 18:52:26 - [TEST_STEP][PASSED] - delay(2): Delayed 2 second(s)

2019-02-20 18:52:28 - [MESSAGE][PASSED] - Delayed 2 second(s)

2019-02-20 18:52:28 - [TEST_STEP][PASSED] - selectOptionByValue(findTestObject("KeatMun/Form 7_default/OTC_Application_Reg/Page_PERKESO/12.--Sila Pilih--PejabatPKS"), "22", true): All options with value '22' are selected in object 'Object Repository/KeatMun/Form 7_default/OTC_Application_Reg/Page_PERKESO/12.--Sila Pilih--PejabatPKS'  using regular expression

2019-02-20 18:53:59 - [MESSAGE][PASSED] - All options with value '22' are selected in object 'Object Repository/KeatMun/Form 7_default/OTC_Application_Reg/Page_PERKESO/12.--Sila Pilih--PejabatPKS'  using regular expression

2019-02-20 18:53:59 - [TEST_STEP][PASSED] - delay(2): Delayed 2 second(s)

2019-02-20 18:54:01 - [MESSAGE][PASSED] - Delayed 2 second(s)

2019-02-20 18:54:01 - [TEST_STEP][PASSED] - click(findTestObject("KeatMun/Form 7_default/OTC_Application_Reg/Page_PERKESO/13. Halaman Seterusnya")): Object: 'Object Repository/KeatMun/Form 7_default/OTC_Application_Reg/Page_PERKESO/13. Halaman Seterusnya' is clicked on

2019-02-20 18:54:03 - [MESSAGE][PASSED] - Object: 'Object Repository/KeatMun/Form 7_default/OTC_Application_Reg/Page_PERKESO/13. Halaman Seterusnya' is clicked on

2019-02-20 18:54:03 - [MESSAGE][PASSED] - Call Test Case 'Test Cases/All TC/Arranged/3. Unit/EI/Form 7_default/OTC_Application_Reg' successfully

2019-02-20 18:54:03 - [TEST_STEP][PASSED] - callTestCase(findTestCase("All TC/Arranged/3. Unit/EI/Form 7_default/OTC_Submit Form 7_Section A"), [:], STOP_ON_FAILURE): Call Test Case 'Test Cases/All TC/Arranged/3. Unit/EI/Form 7_default/OTC_Submit Form 7_Section A' successfully

2019-02-20 18:54:03 - [TEST_CASE][PASSED] - Test Cases/All TC/Arranged/3. Unit/EI/Form 7_default/OTC_Submit Form 7_Section A: Test Cases/All TC/Arranged/3. Unit/EI/Form 7_default/OTC_Submit Form 7_Section A

2019-02-20 18:54:03 - [TEST_STEP][PASSED] - delay(2): Delayed 2 second(s)

2019-02-20 18:54:05 - [MESSAGE][PASSED] - Delayed 2 second(s)

2019-02-20 18:54:05 - [TEST_STEP][PASSED] - setText(findTestObject("KeatMun/Form 7_default/OTC_Submit Form 7_Section A/Page_PERKESO/A4. EmployeeDob"), "10/01/2019"): Text '10/01/2019' is set on object 'Object Repository/KeatMun/Form 7_default/OTC_Submit Form 7_Section A/Page_PERKESO/A4. EmployeeDob'

2019-02-20 18:54:09 - [MESSAGE][PASSED] - Text '10/01/2019' is set on object 'Object Repository/KeatMun/Form 7_default/OTC_Submit Form 7_Section A/Page_PERKESO/A4. EmployeeDob'

2019-02-20 18:54:09 - [TEST_STEP][PASSED] - delay(2): Delayed 2 second(s)

2019-02-20 18:54:11 - [MESSAGE][PASSED] - Delayed 2 second(s)

2019-02-20 18:54:11 - [TEST_STEP][PASSED] - click(findTestObject("KeatMun/Form 7_default/OTC_Submit Form 7_Section A/Page_PERKESO/A5. Bangsa")): Object: 'Object Repository/KeatMun/Form 7_default/OTC_Submit Form 7_Section A/Page_PERKESO/A5. Bangsa' is clicked on

2019-02-20 18:54:13 - [MESSAGE][PASSED] - Object: 'Object Repository/KeatMun/Form 7_default/OTC_Submit Form 7_Section A/Page_PERKESO/A5. Bangsa' is clicked on

2019-02-20 18:54:13 - [TEST_STEP][PASSED] - click(findTestObject("KeatMun/Form 7_default/OTC_Submit Form 7_Section A/Page_PERKESO/A5. Bumiputera Sabah")): Object: 'Object Repository/KeatMun/Form 7_default/OTC_Submit Form 7_Section A/Page_PERKESO/A5. Bumiputera Sabah' is clicked on

2019-02-20 18:54:15 - [MESSAGE][PASSED] - Object: 'Object Repository/KeatMun/Form 7_default/OTC_Submit Form 7_Section A/Page_PERKESO/A5. Bumiputera Sabah' is clicked on

2019-02-20 18:54:15 - [TEST_STEP][PASSED] - delay(2): Delayed 2 second(s)

2019-02-20 18:54:17 - [MESSAGE][PASSED] - Delayed 2 second(s)

2019-02-20 18:54:17 - [TEST_STEP][PASSED] - click(findTestObject("KeatMun/Form 7_default/OTC_Submit Form 7_Section A/Page_PERKESO/A6. Jantina")): Object: 'Object Repository/KeatMun/Form 7_default/OTC_Submit Form 7_Section A/Page_PERKESO/A6. Jantina' is clicked on

2019-02-20 18:54:20 - [MESSAGE][PASSED] - Object: 'Object Repository/KeatMun/Form 7_default/OTC_Submit Form 7_Section A/Page_PERKESO/A6. Jantina' is clicked on

2019-02-20 18:54:20 - [TEST_STEP][PASSED] - click(findTestObject("KeatMun/Form 7_default/OTC_Submit Form 7_Section A/Page_PERKESO/A6. Lelaki")): Object: 'Object Repository/KeatMun/Form 7_default/OTC_Submit Form 7_Section A/Page_PERKESO/A6. Lelaki' is clicked on

2019-02-20 18:54:22 - [MESSAGE][PASSED] - Object: 'Object Repository/KeatMun/Form 7_default/OTC_Submit Form 7_Section A/Page_PERKESO/A6. Lelaki' is clicked on

2019-02-20 18:54:22 - [TEST_STEP][PASSED] - delay(2): Delayed 2 second(s)

2019-02-20 18:54:24 - [MESSAGE][PASSED] - Delayed 2 second(s)

2019-02-20 18:54:24 - [TEST_STEP][PASSED] - click(findTestObject("KeatMun/Form 7_default/OTC_Submit Form 7_Section A/Page_PERKESO/A7. Kewarganegaraan")): Object: 'Object Repository/KeatMun/Form 7_default/OTC_Submit Form 7_Section A/Page_PERKESO/A7. Kewarganegaraan' is clicked on

2019-02-20 18:54:26 - [MESSAGE][PASSED] - Object: 'Object Repository/KeatMun/Form 7_default/OTC_Submit Form 7_Section A/Page_PERKESO/A7. Kewarganegaraan' is clicked on

2019-02-20 18:54:26 - [TEST_STEP][PASSED] - click(findTestObject("KeatMun/Form 7_default/OTC_Submit Form 7_Section A/Page_PERKESO/A7. Malaysia")): Object: 'Object Repository/KeatMun/Form 7_default/OTC_Submit Form 7_Section A/Page_PERKESO/A7. Malaysia' is clicked on

2019-02-20 18:54:28 - [MESSAGE][PASSED] - Object: 'Object Repository/KeatMun/Form 7_default/OTC_Submit Form 7_Section A/Page_PERKESO/A7. Malaysia' is clicked on

2019-02-20 18:54:28 - [TEST_STEP][PASSED] - delay(2): Delayed 2 second(s)

2019-02-20 18:54:30 - [MESSAGE][PASSED] - Delayed 2 second(s)

2019-02-20 18:54:30 - [TEST_STEP][PASSED] - click(findTestObject("KeatMun/Form 7_default/OTC_Submit Form 7_Section A/Page_PERKESO/A8. Status Perkahwinan")): Object: 'Object Repository/KeatMun/Form 7_default/OTC_Submit Form 7_Section A/Page_PERKESO/A8. Status Perkahwinan' is clicked on

2019-02-20 18:54:32 - [MESSAGE][PASSED] - Object: 'Object Repository/KeatMun/Form 7_default/OTC_Submit Form 7_Section A/Page_PERKESO/A8. Status Perkahwinan' is clicked on

2019-02-20 18:54:32 - [TEST_STEP][PASSED] - click(findTestObject("KeatMun/Form 7_default/OTC_Submit Form 7_Section A/Page_PERKESO/A8. Bujang")): Object: 'Object Repository/KeatMun/Form 7_default/OTC_Submit Form 7_Section A/Page_PERKESO/A8. Bujang' is clicked on

2019-02-20 18:54:34 - [MESSAGE][PASSED] - Object: 'Object Repository/KeatMun/Form 7_default/OTC_Submit Form 7_Section A/Page_PERKESO/A8. Bujang' is clicked on

2019-02-20 18:54:34 - [TEST_STEP][PASSED] - delay(2): Delayed 2 second(s)

2019-02-20 18:54:36 - [MESSAGE][PASSED] - Delayed 2 second(s)

2019-02-20 18:54:36 - [TEST_STEP][PASSED] - setText(findTestObject("KeatMun/Form 7_default/OTC_Submit Form 7_Section A/Page_PERKESO/A9. Address1"), "qwertyuiop"): Text 'qwertyuiop' is set on object 'Object Repository/KeatMun/Form 7_default/OTC_Submit Form 7_Section A/Page_PERKESO/A9. Address1'

2019-02-20 18:54:41 - [MESSAGE][PASSED] - Text 'qwertyuiop' is set on object 'Object Repository/KeatMun/Form 7_default/OTC_Submit Form 7_Section A/Page_PERKESO/A9. Address1'

2019-02-20 18:54:41 - [TEST_STEP][PASSED] - delay(2): Delayed 2 second(s)

2019-02-20 18:54:43 - [MESSAGE][PASSED] - Delayed 2 second(s)

2019-02-20 18:54:43 - [TEST_STEP][PASSED] - click(findTestObject("KeatMun/Form 7_default/OTC_Submit Form 7_Section A/Page_PERKESO/A10. Negeri")): Object: 'Object Repository/KeatMun/Form 7_default/OTC_Submit Form 7_Section A/Page_PERKESO/A10. Negeri' is clicked on

2019-02-20 18:54:45 - [MESSAGE][PASSED] - Object: 'Object Repository/KeatMun/Form 7_default/OTC_Submit Form 7_Section A/Page_PERKESO/A10. Negeri' is clicked on

2019-02-20 18:54:45 - [TEST_STEP][PASSED] - click(findTestObject("KeatMun/Form 7_default/OTC_Submit Form 7_Section A/Page_PERKESO/A10. JOHOR")): Object: 'Object Repository/KeatMun/Form 7_default/OTC_Submit Form 7_Section A/Page_PERKESO/A10. JOHOR' is clicked on

2019-02-20 18:54:47 - [MESSAGE][PASSED] - Object: 'Object Repository/KeatMun/Form 7_default/OTC_Submit Form 7_Section A/Page_PERKESO/A10. JOHOR' is clicked on

2019-02-20 18:54:47 - [TEST_STEP][PASSED] - delay(2): Delayed 2 second(s)

2019-02-20 18:54:49 - [MESSAGE][PASSED] - Delayed 2 second(s)

2019-02-20 18:54:49 - [TEST_STEP][PASSED] - click(findTestObject("KeatMun/Form 7_default/OTC_Submit Form 7_Section A/Page_PERKESO/A11. --Sila Pilih--")): Object: 'Object Repository/KeatMun/Form 7_default/OTC_Submit Form 7_Section A/Page_PERKESO/A11. --Sila Pilih--' is clicked on

2019-02-20 18:54:51 - [MESSAGE][PASSED] - Object: 'Object Repository/KeatMun/Form 7_default/OTC_Submit Form 7_Section A/Page_PERKESO/A11. --Sila Pilih--' is clicked on

2019-02-20 18:54:51 - [TEST_STEP][PASSED] - setText(findTestObject("KeatMun/Form 7_default/OTC_Submit Form 7_Section A/Page_PERKESO/A11. Done_select2-search__fie (1)"), "jo"): Text 'jo' is set on object 'Object Repository/KeatMun/Form 7_default/OTC_Submit Form 7_Section A/Page_PERKESO/A11. Done_select2-search__fie (1)'

2019-02-20 18:54:55 - [MESSAGE][PASSED] - Text 'jo' is set on object 'Object Repository/KeatMun/Form 7_default/OTC_Submit Form 7_Section A/Page_PERKESO/A11. Done_select2-search__fie (1)'

2019-02-20 18:54:55 - [TEST_STEP][PASSED] - setText(findTestObject("KeatMun/Form 7_default/OTC_Submit Form 7_Section A/Page_PERKESO/A11. concat(id(  select2-city"), "jo"): Text 'jo' is set on object 'Object Repository/KeatMun/Form 7_default/OTC_Submit Form 7_Section A/Page_PERKESO/A11. concat(id(  select2-city'

2019-02-20 18:54:59 - [MESSAGE][PASSED] - Text 'jo' is set on object 'Object Repository/KeatMun/Form 7_default/OTC_Submit Form 7_Section A/Page_PERKESO/A11. concat(id(  select2-city'

2019-02-20 18:54:59 - [TEST_STEP][PASSED] - click(findTestObject("KeatMun/Form 7_default/OTC_Submit Form 7_Section A/Page_PERKESO/A11. JOHOR BAHRU")): Object: 'Object Repository/KeatMun/Form 7_default/OTC_Submit Form 7_Section A/Page_PERKESO/A11. JOHOR BAHRU' is clicked on

2019-02-20 18:55:02 - [MESSAGE][PASSED] - Object: 'Object Repository/KeatMun/Form 7_default/OTC_Submit Form 7_Section A/Page_PERKESO/A11. JOHOR BAHRU' is clicked on

2019-02-20 18:55:02 - [TEST_STEP][PASSED] - delay(2): Delayed 2 second(s)

2019-02-20 18:55:04 - [MESSAGE][PASSED] - Delayed 2 second(s)

2019-02-20 18:55:04 - [TEST_STEP][PASSED] - click(findTestObject("KeatMun/Form 7_default/OTC_Submit Form 7_Section A/Page_PERKESO/A12. --Sila Isikan--")): Object: 'Object Repository/KeatMun/Form 7_default/OTC_Submit Form 7_Section A/Page_PERKESO/A12. --Sila Isikan--' is clicked on

2019-02-20 18:55:06 - [MESSAGE][PASSED] - Object: 'Object Repository/KeatMun/Form 7_default/OTC_Submit Form 7_Section A/Page_PERKESO/A12. --Sila Isikan--' is clicked on

2019-02-20 18:55:06 - [TEST_STEP][PASSED] - setText(findTestObject("KeatMun/Form 7_default/OTC_Submit Form 7_Section A/Page_PERKESO/A11. Done_select2-search__fie"), "84"): Text '84' is set on object 'Object Repository/KeatMun/Form 7_default/OTC_Submit Form 7_Section A/Page_PERKESO/A11. Done_select2-search__fie'

2019-02-20 18:55:10 - [MESSAGE][PASSED] - Text '84' is set on object 'Object Repository/KeatMun/Form 7_default/OTC_Submit Form 7_Section A/Page_PERKESO/A11. Done_select2-search__fie'

2019-02-20 18:55:10 - [TEST_STEP][PASSED] - click(findTestObject("KeatMun/Form 7_default/OTC_Submit Form 7_Section A/Page_PERKESO/A12. 84000")): Object: 'Object Repository/KeatMun/Form 7_default/OTC_Submit Form 7_Section A/Page_PERKESO/A12. 84000' is clicked on

2019-02-20 18:55:12 - [MESSAGE][PASSED] - Object: 'Object Repository/KeatMun/Form 7_default/OTC_Submit Form 7_Section A/Page_PERKESO/A12. 84000' is clicked on

2019-02-20 18:55:12 - [TEST_STEP][PASSED] - delay(2): Delayed 2 second(s)

2019-02-20 18:55:14 - [MESSAGE][PASSED] - Delayed 2 second(s)

2019-02-20 18:55:14 - [TEST_STEP][PASSED] - setText(findTestObject("KeatMun/Form 7_default/OTC_Submit Form 7_Section A/Page_PERKESO/A13. mobileContact1"), "1234567890"): Text '1234567890' is set on object 'Object Repository/KeatMun/Form 7_default/OTC_Submit Form 7_Section A/Page_PERKESO/A13. mobileContact1'

2019-02-20 18:55:18 - [MESSAGE][PASSED] - Text '1234567890' is set on object 'Object Repository/KeatMun/Form 7_default/OTC_Submit Form 7_Section A/Page_PERKESO/A13. mobileContact1'

2019-02-20 18:55:18 - [TEST_STEP][PASSED] - delay(2): Delayed 2 second(s)

2019-02-20 18:55:20 - [MESSAGE][PASSED] - Delayed 2 second(s)

2019-02-20 18:55:20 - [TEST_STEP][PASSED] - click(findTestObject("KeatMun/Form 7_default/OTC_Submit Form 7_Section A/Page_PERKESO/A14. Halaman Seterusnya")): Object: 'Object Repository/KeatMun/Form 7_default/OTC_Submit Form 7_Section A/Page_PERKESO/A14. Halaman Seterusnya' is clicked on

2019-02-20 18:55:23 - [MESSAGE][PASSED] - Object: 'Object Repository/KeatMun/Form 7_default/OTC_Submit Form 7_Section A/Page_PERKESO/A14. Halaman Seterusnya' is clicked on

2019-02-20 18:55:23 - [TEST_STEP][PASSED] - delay(2): Delayed 2 second(s)

2019-02-20 18:55:25 - [MESSAGE][PASSED] - Delayed 2 second(s)

2019-02-20 18:55:25 - [MESSAGE][PASSED] - Call Test Case 'Test Cases/All TC/Arranged/3. Unit/EI/Form 7_default/OTC_Submit Form 7_Section A' successfully

2019-02-20 18:55:25 - [TEST_STEP][PASSED] - callTestCase(findTestCase("All TC/Arranged/3. Unit/EI/Form 7_default/OTC_Submit Form 7_Section B"), [:], STOP_ON_FAILURE): Call Test Case 'Test Cases/All TC/Arranged/3. Unit/EI/Form 7_default/OTC_Submit Form 7_Section B' successfully

2019-02-20 18:55:25 - [TEST_CASE][PASSED] - Test Cases/All TC/Arranged/3. Unit/EI/Form 7_default/OTC_Submit Form 7_Section B: Test Cases/All TC/Arranged/3. Unit/EI/Form 7_default/OTC_Submit Form 7_Section B

2019-02-20 18:55:25 - [TEST_STEP][PASSED] - delay(3): Delayed 3 second(s)

2019-02-20 18:55:28 - [MESSAGE][PASSED] - Delayed 3 second(s)

2019-02-20 18:55:28 - [TEST_STEP][PASSED] - click(findTestObject("KeatMun/Form 7_default/OTC_Submit Form 7_Section B/Page_PERKESO/B1. Jawatan")): Object: 'Object Repository/KeatMun/Form 7_default/OTC_Submit Form 7_Section B/Page_PERKESO/B1. Jawatan' is clicked on

2019-02-20 18:55:30 - [MESSAGE][PASSED] - Object: 'Object Repository/KeatMun/Form 7_default/OTC_Submit Form 7_Section B/Page_PERKESO/B1. Jawatan' is clicked on

2019-02-20 18:55:30 - [TEST_STEP][PASSED] - setText(findTestObject("KeatMun/Form 7_default/OTC_Submit Form 7_Section B/Page_PERKESO/B1. concat(id(  select2-posi"), "re"): Text 're' is set on object 'Object Repository/KeatMun/Form 7_default/OTC_Submit Form 7_Section B/Page_PERKESO/B1. concat(id(  select2-posi'

2019-02-20 18:55:34 - [MESSAGE][PASSED] - Text 're' is set on object 'Object Repository/KeatMun/Form 7_default/OTC_Submit Form 7_Section B/Page_PERKESO/B1. concat(id(  select2-posi'

2019-02-20 18:55:34 - [TEST_STEP][PASSED] - setText(findTestObject("KeatMun/Form 7_default/OTC_Submit Form 7_Section B/Page_PERKESO/B1. Done_select2-search__fie"), "re"): Text 're' is set on object 'Object Repository/KeatMun/Form 7_default/OTC_Submit Form 7_Section B/Page_PERKESO/B1. Done_select2-search__fie'

2019-02-20 18:55:38 - [MESSAGE][PASSED] - Text 're' is set on object 'Object Repository/KeatMun/Form 7_default/OTC_Submit Form 7_Section B/Page_PERKESO/B1. Done_select2-search__fie'

2019-02-20 18:55:38 - [TEST_STEP][PASSED] - click(findTestObject("KeatMun/Form 7_default/OTC_Submit Form 7_Section B/Page_PERKESO/B1. Arkitek Reka Bentuk")): Object: 'Object Repository/KeatMun/Form 7_default/OTC_Submit Form 7_Section B/Page_PERKESO/B1. Arkitek Reka Bentuk' is clicked on

2019-02-20 18:55:40 - [MESSAGE][PASSED] - Object: 'Object Repository/KeatMun/Form 7_default/OTC_Submit Form 7_Section B/Page_PERKESO/B1. Arkitek Reka Bentuk' is clicked on

2019-02-20 18:55:40 - [TEST_STEP][PASSED] - delay(2): Delayed 2 second(s)

2019-02-20 18:55:42 - [MESSAGE][PASSED] - Delayed 2 second(s)

2019-02-20 18:55:42 - [TEST_STEP][PASSED] - setText(findTestObject("KeatMun/Form 7_default/OTC_Submit Form 7_Section B/Page_PERKESO/B2. lastEmploymentStartDtSt"), "10/01/2019"): Text '10/01/2019' is set on object 'Object Repository/KeatMun/Form 7_default/OTC_Submit Form 7_Section B/Page_PERKESO/B2. lastEmploymentStartDtSt'

2019-02-20 18:55:47 - [MESSAGE][PASSED] - Text '10/01/2019' is set on object 'Object Repository/KeatMun/Form 7_default/OTC_Submit Form 7_Section B/Page_PERKESO/B2. lastEmploymentStartDtSt'

2019-02-20 18:55:47 - [TEST_STEP][PASSED] - delay(2): Delayed 2 second(s)

2019-02-20 18:55:49 - [MESSAGE][PASSED] - Delayed 2 second(s)

2019-02-20 18:55:49 - [TEST_STEP][PASSED] - click(findTestObject("KeatMun/Form 7_default/OTC_Submit Form 7_Section B/Page_PERKESO/B4. Status Perkejaan")): Object: 'Object Repository/KeatMun/Form 7_default/OTC_Submit Form 7_Section B/Page_PERKESO/B4. Status Perkejaan' is clicked on

2019-02-20 18:55:51 - [MESSAGE][PASSED] - Object: 'Object Repository/KeatMun/Form 7_default/OTC_Submit Form 7_Section B/Page_PERKESO/B4. Status Perkejaan' is clicked on

2019-02-20 18:55:51 - [TEST_STEP][PASSED] - click(findTestObject("KeatMun/Form 7_default/OTC_Submit Form 7_Section B/Page_PERKESO/B4. Tetap")): Object: 'Object Repository/KeatMun/Form 7_default/OTC_Submit Form 7_Section B/Page_PERKESO/B4. Tetap' is clicked on

2019-02-20 18:55:53 - [MESSAGE][PASSED] - Object: 'Object Repository/KeatMun/Form 7_default/OTC_Submit Form 7_Section B/Page_PERKESO/B4. Tetap' is clicked on

2019-02-20 18:55:53 - [TEST_STEP][PASSED] - delay(2): Delayed 2 second(s)

2019-02-20 18:55:55 - [MESSAGE][PASSED] - Delayed 2 second(s)

2019-02-20 18:55:55 - [TEST_STEP][PASSED] - setText(findTestObject("KeatMun/Form 7_default/OTC_Submit Form 7_Section B/Page_PERKESO/B5. Gaji (RM)_salary1"), "4000"): Text '4000' is set on object 'Object Repository/KeatMun/Form 7_default/OTC_Submit Form 7_Section B/Page_PERKESO/B5. Gaji (RM)_salary1'

2019-02-20 18:55:59 - [MESSAGE][PASSED] - Text '4000' is set on object 'Object Repository/KeatMun/Form 7_default/OTC_Submit Form 7_Section B/Page_PERKESO/B5. Gaji (RM)_salary1'

2019-02-20 18:55:59 - [TEST_STEP][PASSED] - delay(2): Delayed 2 second(s)

2019-02-20 18:56:01 - [MESSAGE][PASSED] - Delayed 2 second(s)

2019-02-20 18:56:01 - [TEST_STEP][PASSED] - setText(findTestObject("KeatMun/Form 7_default/OTC_Submit Form 7_Section B/Page_PERKESO/B5. Gaji (RM)_salary2"), "4000"): Text '4000' is set on object 'Object Repository/KeatMun/Form 7_default/OTC_Submit Form 7_Section B/Page_PERKESO/B5. Gaji (RM)_salary2'

2019-02-20 18:56:05 - [MESSAGE][PASSED] - Text '4000' is set on object 'Object Repository/KeatMun/Form 7_default/OTC_Submit Form 7_Section B/Page_PERKESO/B5. Gaji (RM)_salary2'

2019-02-20 18:56:05 - [TEST_STEP][PASSED] - delay(2): Delayed 2 second(s)

2019-02-20 18:56:07 - [MESSAGE][PASSED] - Delayed 2 second(s)

2019-02-20 18:56:07 - [TEST_STEP][PASSED] - setText(findTestObject("KeatMun/Form 7_default/OTC_Submit Form 7_Section B/Page_PERKESO/B5. Gaji (RM)_salary3"), "4000"): Text '4000' is set on object 'Object Repository/KeatMun/Form 7_default/OTC_Submit Form 7_Section B/Page_PERKESO/B5. Gaji (RM)_salary3'

2019-02-20 18:56:12 - [MESSAGE][PASSED] - Text '4000' is set on object 'Object Repository/KeatMun/Form 7_default/OTC_Submit Form 7_Section B/Page_PERKESO/B5. Gaji (RM)_salary3'

2019-02-20 18:56:12 - [TEST_STEP][PASSED] - delay(2): Delayed 2 second(s)

2019-02-20 18:56:14 - [MESSAGE][PASSED] - Delayed 2 second(s)

2019-02-20 18:56:14 - [TEST_STEP][PASSED] - setText(findTestObject("KeatMun/Form 7_default/OTC_Submit Form 7_Section B/Page_PERKESO/B5. Gaji (RM)_salary4"), "4000"): Text '4000' is set on object 'Object Repository/KeatMun/Form 7_default/OTC_Submit Form 7_Section B/Page_PERKESO/B5. Gaji (RM)_salary4'

2019-02-20 18:56:18 - [MESSAGE][PASSED] - Text '4000' is set on object 'Object Repository/KeatMun/Form 7_default/OTC_Submit Form 7_Section B/Page_PERKESO/B5. Gaji (RM)_salary4'

2019-02-20 18:56:18 - [TEST_STEP][PASSED] - delay(2): Delayed 2 second(s)

2019-02-20 18:56:20 - [MESSAGE][PASSED] - Delayed 2 second(s)

2019-02-20 18:56:20 - [TEST_STEP][PASSED] - setText(findTestObject("KeatMun/Form 7_default/OTC_Submit Form 7_Section B/Page_PERKESO/B5. Gaji (RM)_salary5"), "4000"): Text '4000' is set on object 'Object Repository/KeatMun/Form 7_default/OTC_Submit Form 7_Section B/Page_PERKESO/B5. Gaji (RM)_salary5'

2019-02-20 18:56:24 - [MESSAGE][PASSED] - Text '4000' is set on object 'Object Repository/KeatMun/Form 7_default/OTC_Submit Form 7_Section B/Page_PERKESO/B5. Gaji (RM)_salary5'

2019-02-20 18:56:24 - [TEST_STEP][PASSED] - delay(2): Delayed 2 second(s)

2019-02-20 18:56:26 - [MESSAGE][PASSED] - Delayed 2 second(s)

2019-02-20 18:56:26 - [TEST_STEP][PASSED] - setText(findTestObject("KeatMun/Form 7_default/OTC_Submit Form 7_Section B/Page_PERKESO/B5. Gaji (RM)_salary6"), "4000"): Text '4000' is set on object 'Object Repository/KeatMun/Form 7_default/OTC_Submit Form 7_Section B/Page_PERKESO/B5. Gaji (RM)_salary6'

2019-02-20 18:56:30 - [MESSAGE][PASSED] - Text '4000' is set on object 'Object Repository/KeatMun/Form 7_default/OTC_Submit Form 7_Section B/Page_PERKESO/B5. Gaji (RM)_salary6'

2019-02-20 18:56:30 - [TEST_STEP][PASSED] - delay(2): Delayed 2 second(s)

2019-02-20 18:56:32 - [MESSAGE][PASSED] - Delayed 2 second(s)

2019-02-20 18:56:32 - [TEST_STEP][PASSED] - click(findTestObject("KeatMun/Form 7_default/OTC_Submit Form 7_Section B/Page_PERKESO/B6. Reason JobLost")): Object: 'Object Repository/KeatMun/Form 7_default/OTC_Submit Form 7_Section B/Page_PERKESO/B6. Reason JobLost' is clicked on

2019-02-20 18:56:34 - [MESSAGE][PASSED] - Object: 'Object Repository/KeatMun/Form 7_default/OTC_Submit Form 7_Section B/Page_PERKESO/B6. Reason JobLost' is clicked on

2019-02-20 18:56:34 - [TEST_STEP][PASSED] - click(findTestObject("KeatMun/Form 7_default/OTC_Submit Form 7_Section B/Page_PERKESO/B6. Bencana alam (cth banjir ke")): Object: 'Object Repository/KeatMun/Form 7_default/OTC_Submit Form 7_Section B/Page_PERKESO/B6. Bencana alam (cth banjir ke' is clicked on

2019-02-20 18:56:36 - [MESSAGE][PASSED] - Object: 'Object Repository/KeatMun/Form 7_default/OTC_Submit Form 7_Section B/Page_PERKESO/B6. Bencana alam (cth banjir ke' is clicked on

2019-02-20 18:56:36 - [TEST_STEP][PASSED] - delay(3): Delayed 3 second(s)

2019-02-20 18:56:39 - [MESSAGE][PASSED] - Delayed 3 second(s)

2019-02-20 18:56:39 - [TEST_STEP][PASSED] - setText(findTestObject("KeatMun/Form 7_default/OTC_Submit Form 7_Section B/Page_PERKESO/B7. AverageWorkingHour"), "8"): Text '8' is set on object 'Object Repository/KeatMun/Form 7_default/OTC_Submit Form 7_Section B/Page_PERKESO/B7. AverageWorkingHour'

2019-02-20 18:56:44 - [MESSAGE][PASSED] - Text '8' is set on object 'Object Repository/KeatMun/Form 7_default/OTC_Submit Form 7_Section B/Page_PERKESO/B7. AverageWorkingHour'

2019-02-20 18:56:44 - [TEST_STEP][PASSED] - delay(2): Delayed 2 second(s)

2019-02-20 18:56:46 - [MESSAGE][PASSED] - Delayed 2 second(s)

2019-02-20 18:56:46 - [TEST_STEP][PASSED] - click(findTestObject("KeatMun/Form 7_default/OTC_Submit Form 7_Section B/Page_PERKESO/B8. Tidak_compensationInd")): Object: 'Object Repository/KeatMun/Form 7_default/OTC_Submit Form 7_Section B/Page_PERKESO/B8. Tidak_compensationInd' is clicked on

2019-02-20 18:56:48 - [MESSAGE][PASSED] - Object: 'Object Repository/KeatMun/Form 7_default/OTC_Submit Form 7_Section B/Page_PERKESO/B8. Tidak_compensationInd' is clicked on

2019-02-20 18:56:48 - [TEST_STEP][PASSED] - delay(1): Delayed 1 second(s)

2019-02-20 18:56:49 - [MESSAGE][PASSED] - Delayed 1 second(s)

2019-02-20 18:56:49 - [TEST_STEP][PASSED] - click(findTestObject("KeatMun/Form 7_default/OTC_Submit Form 7_Section B/Page_PERKESO/B9. Tidak_fileCaseInd")): Object: 'Object Repository/KeatMun/Form 7_default/OTC_Submit Form 7_Section B/Page_PERKESO/B9. Tidak_fileCaseInd' is clicked on

2019-02-20 18:56:51 - [MESSAGE][PASSED] - Object: 'Object Repository/KeatMun/Form 7_default/OTC_Submit Form 7_Section B/Page_PERKESO/B9. Tidak_fileCaseInd' is clicked on

2019-02-20 18:56:51 - [TEST_STEP][PASSED] - delay(1): Delayed 1 second(s)

2019-02-20 18:56:52 - [MESSAGE][PASSED] - Delayed 1 second(s)

2019-02-20 18:56:52 - [TEST_STEP][PASSED] - click(findTestObject("KeatMun/Form 7_default/OTC_Submit Form 7_Section B/Page_PERKESO/B10. Tidak_unregisterCaseInd")): Object: 'Object Repository/KeatMun/Form 7_default/OTC_Submit Form 7_Section B/Page_PERKESO/B10. Tidak_unregisterCaseInd' is clicked on

2019-02-20 18:56:54 - [MESSAGE][PASSED] - Object: 'Object Repository/KeatMun/Form 7_default/OTC_Submit Form 7_Section B/Page_PERKESO/B10. Tidak_unregisterCaseInd' is clicked on

2019-02-20 18:56:54 - [TEST_STEP][PASSED] - delay(2): Delayed 2 second(s)

2019-02-20 18:56:56 - [MESSAGE][PASSED] - Delayed 2 second(s)

2019-02-20 18:56:56 - [TEST_STEP][PASSED] - click(findTestObject("KeatMun/Form 7_default/OTC_Submit Form 7_Section B/Page_PERKESO/B11. Halaman Seterusnya")): Object: 'Object Repository/KeatMun/Form 7_default/OTC_Submit Form 7_Section B/Page_PERKESO/B11. Halaman Seterusnya' is clicked on

2019-02-20 18:56:58 - [MESSAGE][PASSED] - Object: 'Object Repository/KeatMun/Form 7_default/OTC_Submit Form 7_Section B/Page_PERKESO/B11. Halaman Seterusnya' is clicked on

2019-02-20 18:56:58 - [TEST_STEP][PASSED] - delay(3): Delayed 3 second(s)

2019-02-20 18:57:01 - [MESSAGE][PASSED] - Delayed 3 second(s)

2019-02-20 18:57:01 - [MESSAGE][PASSED] - Call Test Case 'Test Cases/All TC/Arranged/3. Unit/EI/Form 7_default/OTC_Submit Form 7_Section B' successfully

2019-02-20 18:57:01 - [TEST_STEP][PASSED] - callTestCase(findTestCase("All TC/Arranged/3. Unit/EI/Form 7_default/OTC_Submit Form 7_Section C"), [:], STOP_ON_FAILURE): Call Test Case 'Test Cases/All TC/Arranged/3. Unit/EI/Form 7_default/OTC_Submit Form 7_Section C' successfully

2019-02-20 18:57:01 - [TEST_CASE][PASSED] - Test Cases/All TC/Arranged/3. Unit/EI/Form 7_default/OTC_Submit Form 7_Section C: Test Cases/All TC/Arranged/3. Unit/EI/Form 7_default/OTC_Submit Form 7_Section C

2019-02-20 18:57:01 - [TEST_STEP][PASSED] - delay(2): Delayed 2 second(s)

2019-02-20 18:57:03 - [MESSAGE][PASSED] - Delayed 2 second(s)

2019-02-20 18:57:03 - [TEST_STEP][PASSED] - setText(findTestObject("KeatMun/Form 7_default/OTC_Submit Form 7_Section C/Page_PERKESO/C4. EmployerInfo"), "qwertyuiop"): Text 'qwertyuiop' is set on object 'Object Repository/KeatMun/Form 7_default/OTC_Submit Form 7_Section C/Page_PERKESO/C4. EmployerInfo'

2019-02-20 18:57:08 - [MESSAGE][PASSED] - Text 'qwertyuiop' is set on object 'Object Repository/KeatMun/Form 7_default/OTC_Submit Form 7_Section C/Page_PERKESO/C4. EmployerInfo'

2019-02-20 18:57:08 - [TEST_STEP][PASSED] - delay(2): Delayed 2 second(s)

2019-02-20 18:57:10 - [MESSAGE][PASSED] - Delayed 2 second(s)

2019-02-20 18:57:10 - [TEST_STEP][PASSED] - click(findTestObject("KeatMun/Form 7_default/OTC_Submit Form 7_Section C/Page_PERKESO/C5. Negeri")): Object: 'Object Repository/KeatMun/Form 7_default/OTC_Submit Form 7_Section C/Page_PERKESO/C5. Negeri' is clicked on

2019-02-20 18:57:12 - [MESSAGE][PASSED] - Object: 'Object Repository/KeatMun/Form 7_default/OTC_Submit Form 7_Section C/Page_PERKESO/C5. Negeri' is clicked on

2019-02-20 18:57:12 - [TEST_STEP][PASSED] - delay(2): Delayed 2 second(s)

2019-02-20 18:57:14 - [MESSAGE][PASSED] - Delayed 2 second(s)

2019-02-20 18:57:14 - [TEST_STEP][PASSED] - click(findTestObject("KeatMun/Form 7_default/OTC_Submit Form 7_Section C/Page_PERKESO/C5. JOHOR")): Object: 'Object Repository/KeatMun/Form 7_default/OTC_Submit Form 7_Section C/Page_PERKESO/C5. JOHOR' is clicked on

2019-02-20 18:57:16 - [MESSAGE][PASSED] - Object: 'Object Repository/KeatMun/Form 7_default/OTC_Submit Form 7_Section C/Page_PERKESO/C5. JOHOR' is clicked on

2019-02-20 18:57:16 - [TEST_STEP][PASSED] - delay(3): Delayed 3 second(s)

2019-02-20 18:57:19 - [MESSAGE][PASSED] - Delayed 3 second(s)

2019-02-20 18:57:19 - [TEST_STEP][PASSED] - click(findTestObject("KeatMun/Form 7_default/OTC_Submit Form 7_Section C/Page_PERKESO/C6. City")): Object: 'Object Repository/KeatMun/Form 7_default/OTC_Submit Form 7_Section C/Page_PERKESO/C6. City' is clicked on

2019-02-20 18:57:21 - [MESSAGE][PASSED] - Object: 'Object Repository/KeatMun/Form 7_default/OTC_Submit Form 7_Section C/Page_PERKESO/C6. City' is clicked on

2019-02-20 18:57:21 - [TEST_STEP][PASSED] - delay(2): Delayed 2 second(s)

2019-02-20 18:57:23 - [MESSAGE][PASSED] - Delayed 2 second(s)

2019-02-20 18:57:23 - [TEST_STEP][PASSED] - setText(findTestObject("KeatMun/Form 7_default/OTC_Submit Form 7_Section C/Page_PERKESO/C6. Done_select2-search__fie"), "jo"): Text 'jo' is set on object 'Object Repository/KeatMun/Form 7_default/OTC_Submit Form 7_Section C/Page_PERKESO/C6. Done_select2-search__fie'

2019-02-20 18:57:27 - [MESSAGE][PASSED] - Text 'jo' is set on object 'Object Repository/KeatMun/Form 7_default/OTC_Submit Form 7_Section C/Page_PERKESO/C6. Done_select2-search__fie'

2019-02-20 18:57:27 - [TEST_STEP][PASSED] - setText(findTestObject("KeatMun/Form 7_default/OTC_Submit Form 7_Section C/Page_PERKESO/C6. Concat(id(  select2-city"), "jo"): Text 'jo' is set on object 'Object Repository/KeatMun/Form 7_default/OTC_Submit Form 7_Section C/Page_PERKESO/C6. Concat(id(  select2-city'

2019-02-20 18:57:31 - [MESSAGE][PASSED] - Text 'jo' is set on object 'Object Repository/KeatMun/Form 7_default/OTC_Submit Form 7_Section C/Page_PERKESO/C6. Concat(id(  select2-city'

2019-02-20 18:57:31 - [TEST_STEP][PASSED] - click(findTestObject("KeatMun/Form 7_default/OTC_Submit Form 7_Section C/Page_PERKESO/C6. JOHOR BAHRU")): Object: 'Object Repository/KeatMun/Form 7_default/OTC_Submit Form 7_Section C/Page_PERKESO/C6. JOHOR BAHRU' is clicked on

2019-02-20 18:57:34 - [MESSAGE][PASSED] - Object: 'Object Repository/KeatMun/Form 7_default/OTC_Submit Form 7_Section C/Page_PERKESO/C6. JOHOR BAHRU' is clicked on

2019-02-20 18:57:34 - [TEST_STEP][PASSED] - delay(3): Delayed 3 second(s)

2019-02-20 18:57:37 - [MESSAGE][PASSED] - Delayed 3 second(s)

2019-02-20 18:57:37 - [TEST_STEP][PASSED] - click(findTestObject("KeatMun/Form 7_default/OTC_Submit Form 7_Section C/Page_PERKESO/C7. --Sila Isikan--")): Object: 'Object Repository/KeatMun/Form 7_default/OTC_Submit Form 7_Section C/Page_PERKESO/C7. --Sila Isikan--' is clicked on

2019-02-20 18:57:39 - [MESSAGE][PASSED] - Object: 'Object Repository/KeatMun/Form 7_default/OTC_Submit Form 7_Section C/Page_PERKESO/C7. --Sila Isikan--' is clicked on

2019-02-20 18:57:39 - [TEST_STEP][PASSED] - delay(2): Delayed 2 second(s)

2019-02-20 18:57:41 - [MESSAGE][PASSED] - Delayed 2 second(s)

2019-02-20 18:57:41 - [TEST_STEP][PASSED] - setText(findTestObject("KeatMun/Form 7_default/OTC_Submit Form 7_Section C/Page_PERKESO/C7. Done_select2-search__fie"), "84"): Text '84' is set on object 'Object Repository/KeatMun/Form 7_default/OTC_Submit Form 7_Section C/Page_PERKESO/C7. Done_select2-search__fie'

2019-02-20 18:57:45 - [MESSAGE][PASSED] - Text '84' is set on object 'Object Repository/KeatMun/Form 7_default/OTC_Submit Form 7_Section C/Page_PERKESO/C7. Done_select2-search__fie'

2019-02-20 18:57:45 - [TEST_STEP][PASSED] - setText(findTestObject("KeatMun/Form 7_default/OTC_Submit Form 7_Section C/Page_PERKESO/C7. Concat(id(  select2-post"), "84"): Text '84' is set on object 'Object Repository/KeatMun/Form 7_default/OTC_Submit Form 7_Section C/Page_PERKESO/C7. Concat(id(  select2-post'

2019-02-20 18:57:49 - [MESSAGE][PASSED] - Text '84' is set on object 'Object Repository/KeatMun/Form 7_default/OTC_Submit Form 7_Section C/Page_PERKESO/C7. Concat(id(  select2-post'

2019-02-20 18:57:49 - [TEST_STEP][PASSED] - click(findTestObject("KeatMun/Form 7_default/OTC_Submit Form 7_Section C/Page_PERKESO/C7. 84000")): Object: 'Object Repository/KeatMun/Form 7_default/OTC_Submit Form 7_Section C/Page_PERKESO/C7. 84000' is clicked on

2019-02-20 18:57:51 - [MESSAGE][PASSED] - Object: 'Object Repository/KeatMun/Form 7_default/OTC_Submit Form 7_Section C/Page_PERKESO/C7. 84000' is clicked on

2019-02-20 18:57:51 - [TEST_STEP][PASSED] - delay(3): Delayed 3 second(s)

2019-02-20 18:57:54 - [MESSAGE][PASSED] - Delayed 3 second(s)

2019-02-20 18:57:54 - [TEST_STEP][PASSED] - click(findTestObject("KeatMun/Form 7_default/OTC_Submit Form 7_Section C/Page_PERKESO/C8. Tidak_employerInfo.emplo")): Object: 'Object Repository/KeatMun/Form 7_default/OTC_Submit Form 7_Section C/Page_PERKESO/C8. Tidak_employerInfo.emplo' is clicked on

2019-02-20 18:57:56 - [MESSAGE][PASSED] - Object: 'Object Repository/KeatMun/Form 7_default/OTC_Submit Form 7_Section C/Page_PERKESO/C8. Tidak_employerInfo.emplo' is clicked on

2019-02-20 18:57:56 - [TEST_STEP][PASSED] - delay(2): Delayed 2 second(s)

2019-02-20 18:57:58 - [MESSAGE][PASSED] - Delayed 2 second(s)

2019-02-20 18:57:58 - [TEST_STEP][PASSED] - setText(findTestObject("KeatMun/Form 7_default/OTC_Submit Form 7_Section C/Page_PERKESO/C9. EmployerName"), "qwertyuiop"): Text 'qwertyuiop' is set on object 'Object Repository/KeatMun/Form 7_default/OTC_Submit Form 7_Section C/Page_PERKESO/C9. EmployerName'

2019-02-20 18:58:03 - [MESSAGE][PASSED] - Text 'qwertyuiop' is set on object 'Object Repository/KeatMun/Form 7_default/OTC_Submit Form 7_Section C/Page_PERKESO/C9. EmployerName'

2019-02-20 18:58:03 - [TEST_STEP][PASSED] - delay(2): Delayed 2 second(s)

2019-02-20 18:58:05 - [MESSAGE][PASSED] - Delayed 2 second(s)

2019-02-20 18:58:05 - [TEST_STEP][PASSED] - setText(findTestObject("KeatMun/Form 7_default/OTC_Submit Form 7_Section C/Page_PERKESO/C10. EmployerIC"), "1234567890"): Text '1234567890' is set on object 'Object Repository/KeatMun/Form 7_default/OTC_Submit Form 7_Section C/Page_PERKESO/C10. EmployerIC'

2019-02-20 18:58:09 - [MESSAGE][PASSED] - Text '1234567890' is set on object 'Object Repository/KeatMun/Form 7_default/OTC_Submit Form 7_Section C/Page_PERKESO/C10. EmployerIC'

2019-02-20 18:58:09 - [TEST_STEP][PASSED] - delay(3): Delayed 3 second(s)

2019-02-20 18:58:12 - [MESSAGE][PASSED] - Delayed 3 second(s)

2019-02-20 18:58:12 - [TEST_STEP][PASSED] - click(findTestObject("KeatMun/Form 7_default/OTC_Submit Form 7_Section C/Page_PERKESO/C11. Halaman Seterusnya")): Object: 'Object Repository/KeatMun/Form 7_default/OTC_Submit Form 7_Section C/Page_PERKESO/C11. Halaman Seterusnya' is clicked on

2019-02-20 18:58:14 - [MESSAGE][PASSED] - Object: 'Object Repository/KeatMun/Form 7_default/OTC_Submit Form 7_Section C/Page_PERKESO/C11. Halaman Seterusnya' is clicked on

2019-02-20 18:58:14 - [TEST_STEP][PASSED] - delay(3): Delayed 3 second(s)

2019-02-20 18:58:17 - [MESSAGE][PASSED] - Delayed 3 second(s)

2019-02-20 18:58:17 - [MESSAGE][PASSED] - Call Test Case 'Test Cases/All TC/Arranged/3. Unit/EI/Form 7_default/OTC_Submit Form 7_Section C' successfully

2019-02-20 18:58:17 - [TEST_STEP][PASSED] - callTestCase(findTestCase("All TC/Arranged/3. Unit/EI/Form 7_default/OTC_Submit Form 7_Section D-E"), [:], STOP_ON_FAILURE): Call Test Case 'Test Cases/All TC/Arranged/3. Unit/EI/Form 7_default/OTC_Submit Form 7_Section D-E' successfully

2019-02-20 18:58:17 - [TEST_CASE][PASSED] - Test Cases/All TC/Arranged/3. Unit/EI/Form 7_default/OTC_Submit Form 7_Section D-E: Test Cases/All TC/Arranged/3. Unit/EI/Form 7_default/OTC_Submit Form 7_Section D-E

2019-02-20 18:58:17 - [TEST_STEP][PASSED] - delay(3): Delayed 3 second(s)

2019-02-20 18:58:20 - [MESSAGE][PASSED] - Delayed 3 second(s)

2019-02-20 18:58:20 - [TEST_STEP][PASSED] - click(findTestObject("KeatMun/Form 7_default/OTC_Submit Form 7_Section D-E/Page_PERKESO/D1. NO_otherActiveEmploye")): Object: 'Object Repository/KeatMun/Form 7_default/OTC_Submit Form 7_Section D-E/Page_PERKESO/D1. NO_otherActiveEmploye' is clicked on

2019-02-20 18:58:22 - [MESSAGE][PASSED] - Object: 'Object Repository/KeatMun/Form 7_default/OTC_Submit Form 7_Section D-E/Page_PERKESO/D1. NO_otherActiveEmploye' is clicked on

2019-02-20 18:58:22 - [TEST_STEP][PASSED] - delay(4): Delayed 4 second(s)

2019-02-20 18:58:26 - [MESSAGE][PASSED] - Delayed 4 second(s)

2019-02-20 18:58:26 - [TEST_STEP][PASSED] - click(findTestObject("KeatMun/Form 7_default/OTC_Submit Form 7_Section D-E/Page_PERKESO/D2. Halaman Seterusnya")): Object: 'Object Repository/KeatMun/Form 7_default/OTC_Submit Form 7_Section D-E/Page_PERKESO/D2. Halaman Seterusnya' is clicked on

2019-02-20 18:58:28 - [MESSAGE][PASSED] - Object: 'Object Repository/KeatMun/Form 7_default/OTC_Submit Form 7_Section D-E/Page_PERKESO/D2. Halaman Seterusnya' is clicked on

2019-02-20 18:58:28 - [TEST_STEP][PASSED] - delay(5): Delayed 5 second(s)

2019-02-20 18:58:33 - [MESSAGE][PASSED] - Delayed 5 second(s)

2019-02-20 18:58:33 - [TEST_STEP][PASSED] - setText(findTestObject("KeatMun/Form 7_default/OTC_Submit Form 7_Section D-E/Page_PERKESO/E1. Input__totalExpYear"), "1"): Text '1' is set on object 'Object Repository/KeatMun/Form 7_default/OTC_Submit Form 7_Section D-E/Page_PERKESO/E1. Input__totalExpYear'

2019-02-20 18:58:38 - [MESSAGE][PASSED] - Text '1' is set on object 'Object Repository/KeatMun/Form 7_default/OTC_Submit Form 7_Section D-E/Page_PERKESO/E1. Input__totalExpYear'

2019-02-20 18:58:38 - [TEST_STEP][PASSED] - delay(2): Delayed 2 second(s)

2019-02-20 18:58:40 - [MESSAGE][PASSED] - Delayed 2 second(s)

2019-02-20 18:58:40 - [TEST_STEP][PASSED] - setText(findTestObject("KeatMun/Form 7_default/OTC_Submit Form 7_Section D-E/Page_PERKESO/E1. Tahun_totalExpMonth"), "1"): Text '1' is set on object 'Object Repository/KeatMun/Form 7_default/OTC_Submit Form 7_Section D-E/Page_PERKESO/E1. Tahun_totalExpMonth'

2019-02-20 18:58:44 - [MESSAGE][PASSED] - Text '1' is set on object 'Object Repository/KeatMun/Form 7_default/OTC_Submit Form 7_Section D-E/Page_PERKESO/E1. Tahun_totalExpMonth'

2019-02-20 18:58:44 - [TEST_STEP][PASSED] - delay(2): Delayed 2 second(s)

2019-02-20 18:58:46 - [MESSAGE][PASSED] - Delayed 2 second(s)

2019-02-20 18:58:46 - [TEST_STEP][PASSED] - click(findTestObject("KeatMun/Form 7_default/OTC_Submit Form 7_Section D-E/Page_PERKESO/E2. Edu-Level")): Object: 'Object Repository/KeatMun/Form 7_default/OTC_Submit Form 7_Section D-E/Page_PERKESO/E2. Edu-Level' is clicked on

2019-02-20 18:58:48 - [MESSAGE][PASSED] - Object: 'Object Repository/KeatMun/Form 7_default/OTC_Submit Form 7_Section D-E/Page_PERKESO/E2. Edu-Level' is clicked on

2019-02-20 18:58:48 - [TEST_STEP][PASSED] - delay(2): Delayed 2 second(s)

2019-02-20 18:58:50 - [MESSAGE][PASSED] - Delayed 2 second(s)

2019-02-20 18:58:50 - [TEST_STEP][PASSED] - click(findTestObject("KeatMun/Form 7_default/OTC_Submit Form 7_Section D-E/Page_PERKESO/E2. PMRPT3")): Object: 'Object Repository/KeatMun/Form 7_default/OTC_Submit Form 7_Section D-E/Page_PERKESO/E2. PMRPT3' is clicked on

2019-02-20 18:58:52 - [MESSAGE][PASSED] - Object: 'Object Repository/KeatMun/Form 7_default/OTC_Submit Form 7_Section D-E/Page_PERKESO/E2. PMRPT3' is clicked on

2019-02-20 18:58:52 - [TEST_STEP][PASSED] - delay(3): Delayed 3 second(s)

2019-02-20 18:58:55 - [MESSAGE][PASSED] - Delayed 3 second(s)

2019-02-20 18:58:55 - [TEST_STEP][PASSED] - click(findTestObject("KeatMun/Form 7_default/OTC_Submit Form 7_Section D-E/Page_PERKESO/E3. Job-Choice")): Object: 'Object Repository/KeatMun/Form 7_default/OTC_Submit Form 7_Section D-E/Page_PERKESO/E3. Job-Choice' is clicked on

2019-02-20 18:58:57 - [MESSAGE][PASSED] - Object: 'Object Repository/KeatMun/Form 7_default/OTC_Submit Form 7_Section D-E/Page_PERKESO/E3. Job-Choice' is clicked on

2019-02-20 18:58:57 - [TEST_STEP][PASSED] - delay(2): Delayed 2 second(s)

2019-02-20 18:58:59 - [MESSAGE][PASSED] - Delayed 2 second(s)

2019-02-20 18:58:59 - [TEST_STEP][PASSED] - setText(findTestObject("KeatMun/Form 7_default/OTC_Submit Form 7_Section D-E/Page_PERKESO/E3. Done_select2-search__fie"), "re"): Text 're' is set on object 'Object Repository/KeatMun/Form 7_default/OTC_Submit Form 7_Section D-E/Page_PERKESO/E3. Done_select2-search__fie'

2019-02-20 18:59:03 - [MESSAGE][PASSED] - Text 're' is set on object 'Object Repository/KeatMun/Form 7_default/OTC_Submit Form 7_Section D-E/Page_PERKESO/E3. Done_select2-search__fie'

2019-02-20 18:59:03 - [TEST_STEP][PASSED] - click(findTestObject("KeatMun/Form 7_default/OTC_Submit Form 7_Section D-E/Page_PERKESO/E3. Arkitek Reka Bentuk")): Object: 'Object Repository/KeatMun/Form 7_default/OTC_Submit Form 7_Section D-E/Page_PERKESO/E3. Arkitek Reka Bentuk' is clicked on

2019-02-20 18:59:05 - [MESSAGE][PASSED] - Object: 'Object Repository/KeatMun/Form 7_default/OTC_Submit Form 7_Section D-E/Page_PERKESO/E3. Arkitek Reka Bentuk' is clicked on

2019-02-20 18:59:05 - [TEST_STEP][PASSED] - delay(2): Delayed 2 second(s)

2019-02-20 18:59:07 - [MESSAGE][PASSED] - Delayed 2 second(s)

2019-02-20 18:59:07 - [TEST_STEP][PASSED] - click(findTestObject("KeatMun/Form 7_default/OTC_Submit Form 7_Section D-E/Page_PERKESO/E4. Job_Location")): Object: 'Object Repository/KeatMun/Form 7_default/OTC_Submit Form 7_Section D-E/Page_PERKESO/E4. Job_Location' is clicked on

2019-02-20 18:59:10 - [MESSAGE][PASSED] - Object: 'Object Repository/KeatMun/Form 7_default/OTC_Submit Form 7_Section D-E/Page_PERKESO/E4. Job_Location' is clicked on

2019-02-20 18:59:10 - [TEST_STEP][PASSED] - delay(2): Delayed 2 second(s)

2019-02-20 18:59:12 - [MESSAGE][PASSED] - Delayed 2 second(s)

2019-02-20 18:59:12 - [TEST_STEP][PASSED] - click(findTestObject("KeatMun/Form 7_default/OTC_Submit Form 7_Section D-E/Page_PERKESO/E4. JOHOR")): Object: 'Object Repository/KeatMun/Form 7_default/OTC_Submit Form 7_Section D-E/Page_PERKESO/E4. JOHOR' is clicked on

2019-02-20 18:59:14 - [MESSAGE][PASSED] - Object: 'Object Repository/KeatMun/Form 7_default/OTC_Submit Form 7_Section D-E/Page_PERKESO/E4. JOHOR' is clicked on

2019-02-20 18:59:14 - [TEST_STEP][PASSED] - delay(2): Delayed 2 second(s)

2019-02-20 18:59:16 - [MESSAGE][PASSED] - Delayed 2 second(s)

2019-02-20 18:59:16 - [TEST_STEP][PASSED] - click(findTestObject("KeatMun/Form 7_default/OTC_Submit Form 7_Section D-E/Page_PERKESO/E7. NO_disability")): Object: 'Object Repository/KeatMun/Form 7_default/OTC_Submit Form 7_Section D-E/Page_PERKESO/E7. NO_disability' is clicked on

2019-02-20 18:59:18 - [MESSAGE][PASSED] - Object: 'Object Repository/KeatMun/Form 7_default/OTC_Submit Form 7_Section D-E/Page_PERKESO/E7. NO_disability' is clicked on

2019-02-20 18:59:18 - [TEST_STEP][PASSED] - delay(2): Delayed 2 second(s)

2019-02-20 18:59:20 - [MESSAGE][PASSED] - Delayed 2 second(s)

2019-02-20 18:59:20 - [TEST_STEP][PASSED] - click(findTestObject("KeatMun/Form 7_default/OTC_Submit Form 7_Section D-E/Page_PERKESO/E8. NO_disabilityApplyInd")): Object: 'Object Repository/KeatMun/Form 7_default/OTC_Submit Form 7_Section D-E/Page_PERKESO/E8. NO_disabilityApplyInd' is clicked on

2019-02-20 18:59:22 - [MESSAGE][PASSED] - Object: 'Object Repository/KeatMun/Form 7_default/OTC_Submit Form 7_Section D-E/Page_PERKESO/E8. NO_disabilityApplyInd' is clicked on

2019-02-20 18:59:22 - [TEST_STEP][PASSED] - delay(2): Delayed 2 second(s)

2019-02-20 18:59:24 - [MESSAGE][PASSED] - Delayed 2 second(s)

2019-02-20 18:59:24 - [TEST_STEP][PASSED] - click(findTestObject("KeatMun/Form 7_default/OTC_Submit Form 7_Section D-E/Page_PERKESO/E9. YES_ReEmployment")): Object: 'Object Repository/KeatMun/Form 7_default/OTC_Submit Form 7_Section D-E/Page_PERKESO/E9. YES_ReEmployment' is clicked on

2019-02-20 18:59:26 - [MESSAGE][PASSED] - Object: 'Object Repository/KeatMun/Form 7_default/OTC_Submit Form 7_Section D-E/Page_PERKESO/E9. YES_ReEmployment' is clicked on

2019-02-20 18:59:26 - [TEST_STEP][PASSED] - delay(2): Delayed 2 second(s)

2019-02-20 18:59:28 - [MESSAGE][PASSED] - Delayed 2 second(s)

2019-02-20 18:59:28 - [TEST_STEP][PASSED] - click(findTestObject("KeatMun/Form 7_default/OTC_Submit Form 7_Section D-E/Page_PERKESO/E10. Halaman Seterusnya")): Object: 'Object Repository/KeatMun/Form 7_default/OTC_Submit Form 7_Section D-E/Page_PERKESO/E10. Halaman Seterusnya' is clicked on

2019-02-20 18:59:30 - [MESSAGE][PASSED] - Object: 'Object Repository/KeatMun/Form 7_default/OTC_Submit Form 7_Section D-E/Page_PERKESO/E10. Halaman Seterusnya' is clicked on

2019-02-20 18:59:30 - [TEST_STEP][PASSED] - delay(3): Delayed 3 second(s)

2019-02-20 18:59:33 - [MESSAGE][PASSED] - Delayed 3 second(s)

2019-02-20 18:59:33 - [MESSAGE][PASSED] - Call Test Case 'Test Cases/All TC/Arranged/3. Unit/EI/Form 7_default/OTC_Submit Form 7_Section D-E' successfully

2019-02-20 18:59:33 - [TEST_STEP][FAILED] - callTestCase(findTestCase("All TC/Arranged/3. Unit/EI/Form 7_default/OTC_Submit Form 7_Section F-G-H - Cheque"), [:], STOP_ON_FAILURE): callTestCase(findTestCase("All TC/Arranged/3. Unit/EI/Form 7_default/OTC_Submit Form 7_Section F-G-H - Cheque"), [:], STOP_ON_FAILURE) FAILED.
Reason:
com.kms.katalon.core.exception.StepFailedException: Unable to click on object 'Object Repository/KeatMun/Form 7_default/OTC_Submit Form 7_Section F-G-H/Page_PERKESO/G2. span_Isteri' (Root cause: com.kms.katalon.core.webui.exception.WebElementNotFoundException: Web element with id: 'Object Repository/KeatMun/Form 7_default/OTC_Submit Form 7_Section F-G-H/Page_PERKESO/G2. span_Isteri' located by 'By.xpath: //span[@id = 'select2-dependentList0dependentRelationId-container' and @title = 'Isteri' and (text() = 'Isteri' or . = 'Isteri')]' not found)
	at com.kms.katalon.core.keyword.internal.KeywordMain.stepFailed(KeywordMain.groovy:36)
	at com.kms.katalon.core.webui.keyword.internal.WebUIKeywordMain.stepFailed(WebUIKeywordMain.groovy:65)
	at com.kms.katalon.core.webui.keyword.internal.WebUIKeywordMain.runKeyword(WebUIKeywordMain.groovy:27)
	at com.kms.katalon.core.webui.keyword.builtin.ClickKeyword.click(ClickKeyword.groovy:86)
	at com.kms.katalon.core.webui.keyword.builtin.ClickKeyword.execute(ClickKeyword.groovy:67)
	at com.kms.katalon.core.keyword.internal.KeywordExecutor.executeKeywordForPlatform(KeywordExecutor.groovy:53)
	at com.kms.katalon.core.webui.keyword.WebUiBuiltInKeywords.click(WebUiBuiltInKeywords.groovy:616)
	at com.kms.katalon.core.webui.keyword.WebUiBuiltInKeywords$click$3.call(Unknown Source)
	at OTC_Submit Form 7_Section F-G-H - Cheque.run(OTC_Submit Form 7_Section F-G-H - Cheque:41)
	at com.kms.katalon.core.main.ScriptEngine.run(ScriptEngine.java:194)
	at com.kms.katalon.core.main.ScriptEngine.runScriptAsRawText(ScriptEngine.java:119)
	at com.kms.katalon.core.main.TestCaseExecutor.runScript(TestCaseExecutor.java:328)
	at com.kms.katalon.core.main.TestCaseExecutor.doExecute(TestCaseExecutor.java:319)
	at com.kms.katalon.core.main.TestCaseExecutor.processExecutionPhase(TestCaseExecutor.java:298)
	at com.kms.katalon.core.main.TestCaseExecutor.accessMainPhase(TestCaseExecutor.java:290)
	at com.kms.katalon.core.main.TestCaseExecutor.execute(TestCaseExecutor.java:224)
	at com.kms.katalon.core.main.TestCaseMain.runTestCase(TestCaseMain.java:106)
	at com.kms.katalon.core.keyword.builtin.CallTestCaseKeyword$_callTestCase_closure1.doCall(CallTestCaseKeyword.groovy:59)
	at com.kms.katalon.core.keyword.builtin.CallTestCaseKeyword$_callTestCase_closure1.call(CallTestCaseKeyword.groovy)
	at com.kms.katalon.core.keyword.internal.KeywordMain.runKeyword(KeywordMain.groovy:54)
	at com.kms.katalon.core.keyword.builtin.CallTestCaseKeyword.callTestCase(CallTestCaseKeyword.groovy:80)
	at com.kms.katalon.core.keyword.builtin.CallTestCaseKeyword.execute(CallTestCaseKeyword.groovy:44)
	at com.kms.katalon.core.keyword.internal.KeywordExecutor.executeKeywordForPlatform(KeywordExecutor.groovy:53)
	at com.kms.katalon.core.keyword.BuiltinKeywords.callTestCase(BuiltinKeywords.groovy:334)
	at OTC_Submit Form 7_End to End - Cheque.run(OTC_Submit Form 7_End to End - Cheque:26)
	at com.kms.katalon.core.main.ScriptEngine.run(ScriptEngine.java:194)
	at com.kms.katalon.core.main.ScriptEngine.runScriptAsRawText(ScriptEngine.java:119)
	at com.kms.katalon.core.main.TestCaseExecutor.runScript(TestCaseExecutor.java:328)
	at com.kms.katalon.core.main.TestCaseExecutor.doExecute(TestCaseExecutor.java:319)
	at com.kms.katalon.core.main.TestCaseExecutor.processExecutionPhase(TestCaseExecutor.java:298)
	at com.kms.katalon.core.main.TestCaseExecutor.accessMainPhase(TestCaseExecutor.java:290)
	at com.kms.katalon.core.main.TestCaseExecutor.execute(TestCaseExecutor.java:224)
	at com.kms.katalon.core.main.TestCaseMain.runTestCase(TestCaseMain.java:106)
	at com.kms.katalon.core.keyword.builtin.CallTestCaseKeyword$_callTestCase_closure1.doCall(CallTestCaseKeyword.groovy:59)
	at com.kms.katalon.core.keyword.builtin.CallTestCaseKeyword$_callTestCase_closure1.call(CallTestCaseKeyword.groovy)
	at com.kms.katalon.core.keyword.internal.KeywordMain.runKeyword(KeywordMain.groovy:54)
	at com.kms.katalon.core.keyword.builtin.CallTestCaseKeyword.callTestCase(CallTestCaseKeyword.groovy:80)
	at com.kms.katalon.core.keyword.builtin.CallTestCaseKeyword.execute(CallTestCaseKeyword.groovy:44)
	at com.kms.katalon.core.keyword.internal.KeywordExecutor.executeKeywordForPlatform(KeywordExecutor.groovy:53)
	at com.kms.katalon.core.keyword.BuiltinKeywords.callTestCase(BuiltinKeywords.groovy:334)
	at DA Report - Partial.run(DA Report - Partial:16)
	at com.kms.katalon.core.main.ScriptEngine.run(ScriptEngine.java:194)
	at com.kms.katalon.core.main.ScriptEngine.runScriptAsRawText(ScriptEngine.java:119)
	at com.kms.katalon.core.main.TestCaseExecutor.runScript(TestCaseExecutor.java:328)
	at com.kms.katalon.core.main.TestCaseExecutor.doExecute(TestCaseExecutor.java:319)
	at com.kms.katalon.core.main.TestCaseExecutor.processExecutionPhase(TestCaseExecutor.java:298)
	at com.kms.katalon.core.main.TestCaseExecutor.accessMainPhase(TestCaseExecutor.java:290)
	at com.kms.katalon.core.main.TestCaseExecutor.execute(TestCaseExecutor.java:224)
	at com.kms.katalon.core.main.TestSuiteExecutor.accessTestCaseMainPhase(TestSuiteExecutor.java:129)
	at com.kms.katalon.core.main.TestSuiteExecutor.accessTestSuiteMainPhase(TestSuiteExecutor.java:112)
	at com.kms.katalon.core.main.TestSuiteExecutor.execute(TestSuiteExecutor.java:81)
	at com.kms.katalon.core.main.TestCaseMain.startTestSuite(TestCaseMain.java:149)
	at com.kms.katalon.core.main.TestCaseMain$startTestSuite$0.call(Unknown Source)
	at TempTestSuite1550652525208.run(TempTestSuite1550652525208.groovy:36)


2019-02-20 18:59:33 - [TEST_CASE][FAILED] - Test Cases/All TC/Arranged/3. Unit/EI/Form 7_default/OTC_Submit Form 7_Section F-G-H - Cheque: Test Cases/All TC/Arranged/3. Unit/EI/Form 7_default/OTC_Submit Form 7_Section F-G-H - Cheque FAILED.
Reason:
com.kms.katalon.core.exception.StepFailedException: Unable to click on object 'Object Repository/KeatMun/Form 7_default/OTC_Submit Form 7_Section F-G-H/Page_PERKESO/G2. span_Isteri' (Root cause: com.kms.katalon.core.webui.exception.WebElementNotFoundException: Web element with id: 'Object Repository/KeatMun/Form 7_default/OTC_Submit Form 7_Section F-G-H/Page_PERKESO/G2. span_Isteri' located by 'By.xpath: //span[@id = 'select2-dependentList0dependentRelationId-container' and @title = 'Isteri' and (text() = 'Isteri' or . = 'Isteri')]' not found)
	at com.kms.katalon.core.keyword.internal.KeywordMain.stepFailed(KeywordMain.groovy:36)
	at com.kms.katalon.core.webui.keyword.internal.WebUIKeywordMain.stepFailed(WebUIKeywordMain.groovy:65)
	at com.kms.katalon.core.webui.keyword.internal.WebUIKeywordMain.runKeyword(WebUIKeywordMain.groovy:27)
	at com.kms.katalon.core.webui.keyword.builtin.ClickKeyword.click(ClickKeyword.groovy:86)
	at com.kms.katalon.core.webui.keyword.builtin.ClickKeyword.execute(ClickKeyword.groovy:67)
	at com.kms.katalon.core.keyword.internal.KeywordExecutor.executeKeywordForPlatform(KeywordExecutor.groovy:53)
	at com.kms.katalon.core.webui.keyword.WebUiBuiltInKeywords.click(WebUiBuiltInKeywords.groovy:616)
	at com.kms.katalon.core.webui.keyword.WebUiBuiltInKeywords$click$3.call(Unknown Source)
	at OTC_Submit Form 7_Section F-G-H - Cheque.run(OTC_Submit Form 7_Section F-G-H - Cheque:41)
	at com.kms.katalon.core.main.ScriptEngine.run(ScriptEngine.java:194)
	at com.kms.katalon.core.main.ScriptEngine.runScriptAsRawText(ScriptEngine.java:119)
	at com.kms.katalon.core.main.TestCaseExecutor.runScript(TestCaseExecutor.java:328)
	at com.kms.katalon.core.main.TestCaseExecutor.doExecute(TestCaseExecutor.java:319)
	at com.kms.katalon.core.main.TestCaseExecutor.processExecutionPhase(TestCaseExecutor.java:298)
	at com.kms.katalon.core.main.TestCaseExecutor.accessMainPhase(TestCaseExecutor.java:290)
	at com.kms.katalon.core.main.TestCaseExecutor.execute(TestCaseExecutor.java:224)
	at com.kms.katalon.core.main.TestCaseMain.runTestCase(TestCaseMain.java:106)
	at com.kms.katalon.core.keyword.builtin.CallTestCaseKeyword$_callTestCase_closure1.doCall(CallTestCaseKeyword.groovy:59)
	at com.kms.katalon.core.keyword.builtin.CallTestCaseKeyword$_callTestCase_closure1.call(CallTestCaseKeyword.groovy)
	at com.kms.katalon.core.keyword.internal.KeywordMain.runKeyword(KeywordMain.groovy:54)
	at com.kms.katalon.core.keyword.builtin.CallTestCaseKeyword.callTestCase(CallTestCaseKeyword.groovy:80)
	at com.kms.katalon.core.keyword.builtin.CallTestCaseKeyword.execute(CallTestCaseKeyword.groovy:44)
	at com.kms.katalon.core.keyword.internal.KeywordExecutor.executeKeywordForPlatform(KeywordExecutor.groovy:53)
	at com.kms.katalon.core.keyword.BuiltinKeywords.callTestCase(BuiltinKeywords.groovy:334)
	at OTC_Submit Form 7_End to End - Cheque.run(OTC_Submit Form 7_End to End - Cheque:26)
	at com.kms.katalon.core.main.ScriptEngine.run(ScriptEngine.java:194)
	at com.kms.katalon.core.main.ScriptEngine.runScriptAsRawText(ScriptEngine.java:119)
	at com.kms.katalon.core.main.TestCaseExecutor.runScript(TestCaseExecutor.java:328)
	at com.kms.katalon.core.main.TestCaseExecutor.doExecute(TestCaseExecutor.java:319)
	at com.kms.katalon.core.main.TestCaseExecutor.processExecutionPhase(TestCaseExecutor.java:298)
	at com.kms.katalon.core.main.TestCaseExecutor.accessMainPhase(TestCaseExecutor.java:290)
	at com.kms.katalon.core.main.TestCaseExecutor.execute(TestCaseExecutor.java:224)
	at com.kms.katalon.core.main.TestCaseMain.runTestCase(TestCaseMain.java:106)
	at com.kms.katalon.core.keyword.builtin.CallTestCaseKeyword$_callTestCase_closure1.doCall(CallTestCaseKeyword.groovy:59)
	at com.kms.katalon.core.keyword.builtin.CallTestCaseKeyword$_callTestCase_closure1.call(CallTestCaseKeyword.groovy)
	at com.kms.katalon.core.keyword.internal.KeywordMain.runKeyword(KeywordMain.groovy:54)
	at com.kms.katalon.core.keyword.builtin.CallTestCaseKeyword.callTestCase(CallTestCaseKeyword.groovy:80)
	at com.kms.katalon.core.keyword.builtin.CallTestCaseKeyword.execute(CallTestCaseKeyword.groovy:44)
	at com.kms.katalon.core.keyword.internal.KeywordExecutor.executeKeywordForPlatform(KeywordExecutor.groovy:53)
	at com.kms.katalon.core.keyword.BuiltinKeywords.callTestCase(BuiltinKeywords.groovy:334)
	at DA Report - Partial.run(DA Report - Partial:16)
	at com.kms.katalon.core.main.ScriptEngine.run(ScriptEngine.java:194)
	at com.kms.katalon.core.main.ScriptEngine.runScriptAsRawText(ScriptEngine.java:119)
	at com.kms.katalon.core.main.TestCaseExecutor.runScript(TestCaseExecutor.java:328)
	at com.kms.katalon.core.main.TestCaseExecutor.doExecute(TestCaseExecutor.java:319)
	at com.kms.katalon.core.main.TestCaseExecutor.processExecutionPhase(TestCaseExecutor.java:298)
	at com.kms.katalon.core.main.TestCaseExecutor.accessMainPhase(TestCaseExecutor.java:290)
	at com.kms.katalon.core.main.TestCaseExecutor.execute(TestCaseExecutor.java:224)
	at com.kms.katalon.core.main.TestSuiteExecutor.accessTestCaseMainPhase(TestSuiteExecutor.java:129)
	at com.kms.katalon.core.main.TestSuiteExecutor.accessTestSuiteMainPhase(TestSuiteExecutor.java:112)
	at com.kms.katalon.core.main.TestSuiteExecutor.execute(TestSuiteExecutor.java:81)
	at com.kms.katalon.core.main.TestCaseMain.startTestSuite(TestCaseMain.java:149)
	at com.kms.katalon.core.main.TestCaseMain$startTestSuite$0.call(Unknown Source)
	at TempTestSuite1550652525208.run(TempTestSuite1550652525208.groovy:36)


2019-02-20 18:59:33 - [TEST_STEP][PASSED] - delay(3): Delayed 3 second(s)

2019-02-20 18:59:36 - [MESSAGE][PASSED] - Delayed 3 second(s)

2019-02-20 18:59:36 - [TEST_STEP][PASSED] - click(findTestObject("KeatMun/Form 7_default/OTC_Submit Form 7_Section F-G-H/Page_PERKESO/F1. Bankrup_yes")): Object: 'Object Repository/KeatMun/Form 7_default/OTC_Submit Form 7_Section F-G-H/Page_PERKESO/F1. Bankrup_yes' is clicked on

2019-02-20 18:59:39 - [MESSAGE][PASSED] - Object: 'Object Repository/KeatMun/Form 7_default/OTC_Submit Form 7_Section F-G-H/Page_PERKESO/F1. Bankrup_yes' is clicked on

2019-02-20 18:59:39 - [TEST_STEP][PASSED] - delay(3): Delayed 3 second(s)

2019-02-20 18:59:42 - [MESSAGE][PASSED] - Delayed 3 second(s)

2019-02-20 18:59:42 - [TEST_STEP][PASSED] - click(findTestObject("KeatMun/Form 7_default/OTC_Submit Form 7_Section F-G-H/Page_PERKESO/F2. Next_Page_AfterBankInfo")): Object: 'Object Repository/KeatMun/Form 7_default/OTC_Submit Form 7_Section F-G-H/Page_PERKESO/F2. Next_Page_AfterBankInfo' is clicked on

2019-02-20 18:59:44 - [MESSAGE][PASSED] - Object: 'Object Repository/KeatMun/Form 7_default/OTC_Submit Form 7_Section F-G-H/Page_PERKESO/F2. Next_Page_AfterBankInfo' is clicked on

2019-02-20 18:59:44 - [TEST_STEP][PASSED] - delay(5): Delayed 5 second(s)

2019-02-20 18:59:49 - [MESSAGE][PASSED] - Delayed 5 second(s)

2019-02-20 18:59:49 - [TEST_STEP][PASSED] - setText(findTestObject("KeatMun/Form 7_default/OTC_Submit Form 7_Section F-G-H/Page_PERKESO/G2. Hubungan dengan OB-nama"), "qwertyuiop"): Text 'qwertyuiop' is set on object 'Object Repository/KeatMun/Form 7_default/OTC_Submit Form 7_Section F-G-H/Page_PERKESO/G2. Hubungan dengan OB-nama'

2019-02-20 18:59:53 - [MESSAGE][PASSED] - Text 'qwertyuiop' is set on object 'Object Repository/KeatMun/Form 7_default/OTC_Submit Form 7_Section F-G-H/Page_PERKESO/G2. Hubungan dengan OB-nama'

2019-02-20 18:59:53 - [TEST_STEP][PASSED] - delay(2): Delayed 2 second(s)

2019-02-20 18:59:55 - [MESSAGE][PASSED] - Delayed 2 second(s)

2019-02-20 18:59:55 - [TEST_STEP][PASSED] - setText(findTestObject("KeatMun/Form 7_default/OTC_Submit Form 7_Section F-G-H/Page_PERKESO/G2. Hubungan dengan OB-ic.no"), "111111223333"): Text '111111223333' is set on object 'Object Repository/KeatMun/Form 7_default/OTC_Submit Form 7_Section F-G-H/Page_PERKESO/G2. Hubungan dengan OB-ic.no'

2019-02-20 18:59:59 - [MESSAGE][PASSED] - Text '111111223333' is set on object 'Object Repository/KeatMun/Form 7_default/OTC_Submit Form 7_Section F-G-H/Page_PERKESO/G2. Hubungan dengan OB-ic.no'

2019-02-20 18:59:59 - [TEST_STEP][PASSED] - delay(2): Delayed 2 second(s)

2019-02-20 19:00:01 - [MESSAGE][PASSED] - Delayed 2 second(s)

2019-02-20 19:00:01 - [TEST_STEP][PASSED] - setText(findTestObject("KeatMun/Form 7_default/OTC_Submit Form 7_Section F-G-H/Page_PERKESO/G2. Hubungan dengan OB-DOB"), "10/01/2019"): Text '10/01/2019' is set on object 'Object Repository/KeatMun/Form 7_default/OTC_Submit Form 7_Section F-G-H/Page_PERKESO/G2. Hubungan dengan OB-DOB'

2019-02-20 19:00:05 - [MESSAGE][PASSED] - Text '10/01/2019' is set on object 'Object Repository/KeatMun/Form 7_default/OTC_Submit Form 7_Section F-G-H/Page_PERKESO/G2. Hubungan dengan OB-DOB'

2019-02-20 19:00:05 - [TEST_STEP][PASSED] - delay(3): Delayed 3 second(s)

2019-02-20 19:00:08 - [MESSAGE][PASSED] - Delayed 3 second(s)

2019-02-20 19:00:08 - [TEST_STEP][FAILED] - click(findTestObject("KeatMun/Form 7_default/OTC_Submit Form 7_Section F-G-H/Page_PERKESO/G2. span_Isteri")): click(findTestObject("KeatMun/Form 7_default/OTC_Submit Form 7_Section F-G-H/Page_PERKESO/G2. span_Isteri")) FAILED.
Reason:
com.kms.katalon.core.exception.StepFailedException: Unable to click on object 'Object Repository/KeatMun/Form 7_default/OTC_Submit Form 7_Section F-G-H/Page_PERKESO/G2. span_Isteri' (Root cause: com.kms.katalon.core.webui.exception.WebElementNotFoundException: Web element with id: 'Object Repository/KeatMun/Form 7_default/OTC_Submit Form 7_Section F-G-H/Page_PERKESO/G2. span_Isteri' located by 'By.xpath: //span[@id = 'select2-dependentList0dependentRelationId-container' and @title = 'Isteri' and (text() = 'Isteri' or . = 'Isteri')]' not found)
	at com.kms.katalon.core.keyword.internal.KeywordMain.stepFailed(KeywordMain.groovy:36)
	at com.kms.katalon.core.webui.keyword.internal.WebUIKeywordMain.stepFailed(WebUIKeywordMain.groovy:65)
	at com.kms.katalon.core.webui.keyword.internal.WebUIKeywordMain.runKeyword(WebUIKeywordMain.groovy:27)
	at com.kms.katalon.core.webui.keyword.builtin.ClickKeyword.click(ClickKeyword.groovy:86)
	at com.kms.katalon.core.webui.keyword.builtin.ClickKeyword.execute(ClickKeyword.groovy:67)
	at com.kms.katalon.core.keyword.internal.KeywordExecutor.executeKeywordForPlatform(KeywordExecutor.groovy:53)
	at com.kms.katalon.core.webui.keyword.WebUiBuiltInKeywords.click(WebUiBuiltInKeywords.groovy:616)
	at com.kms.katalon.core.webui.keyword.WebUiBuiltInKeywords$click$3.call(Unknown Source)
	at OTC_Submit Form 7_Section F-G-H - Cheque.run(OTC_Submit Form 7_Section F-G-H - Cheque:41)
	at com.kms.katalon.core.main.ScriptEngine.run(ScriptEngine.java:194)
	at com.kms.katalon.core.main.ScriptEngine.runScriptAsRawText(ScriptEngine.java:119)
	at com.kms.katalon.core.main.TestCaseExecutor.runScript(TestCaseExecutor.java:328)
	at com.kms.katalon.core.main.TestCaseExecutor.doExecute(TestCaseExecutor.java:319)
	at com.kms.katalon.core.main.TestCaseExecutor.processExecutionPhase(TestCaseExecutor.java:298)
	at com.kms.katalon.core.main.TestCaseExecutor.accessMainPhase(TestCaseExecutor.java:290)
	at com.kms.katalon.core.main.TestCaseExecutor.execute(TestCaseExecutor.java:224)
	at com.kms.katalon.core.main.TestCaseMain.runTestCase(TestCaseMain.java:106)
	at com.kms.katalon.core.keyword.builtin.CallTestCaseKeyword$_callTestCase_closure1.doCall(CallTestCaseKeyword.groovy:59)
	at com.kms.katalon.core.keyword.builtin.CallTestCaseKeyword$_callTestCase_closure1.call(CallTestCaseKeyword.groovy)
	at com.kms.katalon.core.keyword.internal.KeywordMain.runKeyword(KeywordMain.groovy:54)
	at com.kms.katalon.core.keyword.builtin.CallTestCaseKeyword.callTestCase(CallTestCaseKeyword.groovy:80)
	at com.kms.katalon.core.keyword.builtin.CallTestCaseKeyword.execute(CallTestCaseKeyword.groovy:44)
	at com.kms.katalon.core.keyword.internal.KeywordExecutor.executeKeywordForPlatform(KeywordExecutor.groovy:53)
	at com.kms.katalon.core.keyword.BuiltinKeywords.callTestCase(BuiltinKeywords.groovy:334)
	at OTC_Submit Form 7_End to End - Cheque.run(OTC_Submit Form 7_End to End - Cheque:26)
	at com.kms.katalon.core.main.ScriptEngine.run(ScriptEngine.java:194)
	at com.kms.katalon.core.main.ScriptEngine.runScriptAsRawText(ScriptEngine.java:119)
	at com.kms.katalon.core.main.TestCaseExecutor.runScript(TestCaseExecutor.java:328)
	at com.kms.katalon.core.main.TestCaseExecutor.doExecute(TestCaseExecutor.java:319)
	at com.kms.katalon.core.main.TestCaseExecutor.processExecutionPhase(TestCaseExecutor.java:298)
	at com.kms.katalon.core.main.TestCaseExecutor.accessMainPhase(TestCaseExecutor.java:290)
	at com.kms.katalon.core.main.TestCaseExecutor.execute(TestCaseExecutor.java:224)
	at com.kms.katalon.core.main.TestCaseMain.runTestCase(TestCaseMain.java:106)
	at com.kms.katalon.core.keyword.builtin.CallTestCaseKeyword$_callTestCase_closure1.doCall(CallTestCaseKeyword.groovy:59)
	at com.kms.katalon.core.keyword.builtin.CallTestCaseKeyword$_callTestCase_closure1.call(CallTestCaseKeyword.groovy)
	at com.kms.katalon.core.keyword.internal.KeywordMain.runKeyword(KeywordMain.groovy:54)
	at com.kms.katalon.core.keyword.builtin.CallTestCaseKeyword.callTestCase(CallTestCaseKeyword.groovy:80)
	at com.kms.katalon.core.keyword.builtin.CallTestCaseKeyword.execute(CallTestCaseKeyword.groovy:44)
	at com.kms.katalon.core.keyword.internal.KeywordExecutor.executeKeywordForPlatform(KeywordExecutor.groovy:53)
	at com.kms.katalon.core.keyword.BuiltinKeywords.callTestCase(BuiltinKeywords.groovy:334)
	at DA Report - Partial.run(DA Report - Partial:16)
	at com.kms.katalon.core.main.ScriptEngine.run(ScriptEngine.java:194)
	at com.kms.katalon.core.main.ScriptEngine.runScriptAsRawText(ScriptEngine.java:119)
	at com.kms.katalon.core.main.TestCaseExecutor.runScript(TestCaseExecutor.java:328)
	at com.kms.katalon.core.main.TestCaseExecutor.doExecute(TestCaseExecutor.java:319)
	at com.kms.katalon.core.main.TestCaseExecutor.processExecutionPhase(TestCaseExecutor.java:298)
	at com.kms.katalon.core.main.TestCaseExecutor.accessMainPhase(TestCaseExecutor.java:290)
	at com.kms.katalon.core.main.TestCaseExecutor.execute(TestCaseExecutor.java:224)
	at com.kms.katalon.core.main.TestSuiteExecutor.accessTestCaseMainPhase(TestSuiteExecutor.java:129)
	at com.kms.katalon.core.main.TestSuiteExecutor.accessTestSuiteMainPhase(TestSuiteExecutor.java:112)
	at com.kms.katalon.core.main.TestSuiteExecutor.execute(TestSuiteExecutor.java:81)
	at com.kms.katalon.core.main.TestCaseMain.startTestSuite(TestCaseMain.java:149)
	at com.kms.katalon.core.main.TestCaseMain$startTestSuite$0.call(Unknown Source)
	at TempTestSuite1550652525208.run(TempTestSuite1550652525208.groovy:36)


2019-02-20 19:00:39 - [MESSAGE][INFO] - Unable to find the element located by 'By.xpath: //span[@id = 'select2-dependentList0dependentRelationId-container' and @title = 'Isteri' and (text() = 'Isteri' or . = 'Isteri')]'. Please recheck the objects properties to make sure the desired element is located. 

2019-02-20 19:00:41 - [MESSAGE][FAILED] - Unable to click on object 'Object Repository/KeatMun/Form 7_default/OTC_Submit Form 7_Section F-G-H/Page_PERKESO/G2. span_Isteri' (Root cause: com.kms.katalon.core.webui.exception.WebElementNotFoundException: Web element with id: 'Object Repository/KeatMun/Form 7_default/OTC_Submit Form 7_Section F-G-H/Page_PERKESO/G2. span_Isteri' located by 'By.xpath: //span[@id = 'select2-dependentList0dependentRelationId-container' and @title = 'Isteri' and (text() = 'Isteri' or . = 'Isteri')]' not found)
[[ATTACHMENT|C:\\Users\\Admin\\Documents\\GitHub\\PKSKatalon\\PKS-EI-ES\\Reports\\New Test Suite\\20190220_164845\\1550660439338.png]]

2019-02-20 19:00:41 - [MESSAGE][FAILED] - click(findTestObject("KeatMun/Form 7_default/OTC_Submit Form 7_Section F-G-H/Page_PERKESO/G2. span_Isteri")) FAILED.
Reason:
com.kms.katalon.core.exception.StepFailedException: Unable to click on object 'Object Repository/KeatMun/Form 7_default/OTC_Submit Form 7_Section F-G-H/Page_PERKESO/G2. span_Isteri' (Root cause: com.kms.katalon.core.webui.exception.WebElementNotFoundException: Web element with id: 'Object Repository/KeatMun/Form 7_default/OTC_Submit Form 7_Section F-G-H/Page_PERKESO/G2. span_Isteri' located by 'By.xpath: //span[@id = 'select2-dependentList0dependentRelationId-container' and @title = 'Isteri' and (text() = 'Isteri' or . = 'Isteri')]' not found)
	at com.kms.katalon.core.keyword.internal.KeywordMain.stepFailed(KeywordMain.groovy:36)
	at com.kms.katalon.core.webui.keyword.internal.WebUIKeywordMain.stepFailed(WebUIKeywordMain.groovy:65)
	at com.kms.katalon.core.webui.keyword.internal.WebUIKeywordMain.runKeyword(WebUIKeywordMain.groovy:27)
	at com.kms.katalon.core.webui.keyword.builtin.ClickKeyword.click(ClickKeyword.groovy:86)
	at com.kms.katalon.core.webui.keyword.builtin.ClickKeyword.execute(ClickKeyword.groovy:67)
	at com.kms.katalon.core.keyword.internal.KeywordExecutor.executeKeywordForPlatform(KeywordExecutor.groovy:53)
	at com.kms.katalon.core.webui.keyword.WebUiBuiltInKeywords.click(WebUiBuiltInKeywords.groovy:616)
	at com.kms.katalon.core.webui.keyword.WebUiBuiltInKeywords$click$3.call(Unknown Source)
	at OTC_Submit Form 7_Section F-G-H - Cheque.run(OTC_Submit Form 7_Section F-G-H - Cheque:41)
	at com.kms.katalon.core.main.ScriptEngine.run(ScriptEngine.java:194)
	at com.kms.katalon.core.main.ScriptEngine.runScriptAsRawText(ScriptEngine.java:119)
	at com.kms.katalon.core.main.TestCaseExecutor.runScript(TestCaseExecutor.java:328)
	at com.kms.katalon.core.main.TestCaseExecutor.doExecute(TestCaseExecutor.java:319)
	at com.kms.katalon.core.main.TestCaseExecutor.processExecutionPhase(TestCaseExecutor.java:298)
	at com.kms.katalon.core.main.TestCaseExecutor.accessMainPhase(TestCaseExecutor.java:290)
	at com.kms.katalon.core.main.TestCaseExecutor.execute(TestCaseExecutor.java:224)
	at com.kms.katalon.core.main.TestCaseMain.runTestCase(TestCaseMain.java:106)
	at com.kms.katalon.core.keyword.builtin.CallTestCaseKeyword$_callTestCase_closure1.doCall(CallTestCaseKeyword.groovy:59)
	at com.kms.katalon.core.keyword.builtin.CallTestCaseKeyword$_callTestCase_closure1.call(CallTestCaseKeyword.groovy)
	at com.kms.katalon.core.keyword.internal.KeywordMain.runKeyword(KeywordMain.groovy:54)
	at com.kms.katalon.core.keyword.builtin.CallTestCaseKeyword.callTestCase(CallTestCaseKeyword.groovy:80)
	at com.kms.katalon.core.keyword.builtin.CallTestCaseKeyword.execute(CallTestCaseKeyword.groovy:44)
	at com.kms.katalon.core.keyword.internal.KeywordExecutor.executeKeywordForPlatform(KeywordExecutor.groovy:53)
	at com.kms.katalon.core.keyword.BuiltinKeywords.callTestCase(BuiltinKeywords.groovy:334)
	at OTC_Submit Form 7_End to End - Cheque.run(OTC_Submit Form 7_End to End - Cheque:26)
	at com.kms.katalon.core.main.ScriptEngine.run(ScriptEngine.java:194)
	at com.kms.katalon.core.main.ScriptEngine.runScriptAsRawText(ScriptEngine.java:119)
	at com.kms.katalon.core.main.TestCaseExecutor.runScript(TestCaseExecutor.java:328)
	at com.kms.katalon.core.main.TestCaseExecutor.doExecute(TestCaseExecutor.java:319)
	at com.kms.katalon.core.main.TestCaseExecutor.processExecutionPhase(TestCaseExecutor.java:298)
	at com.kms.katalon.core.main.TestCaseExecutor.accessMainPhase(TestCaseExecutor.java:290)
	at com.kms.katalon.core.main.TestCaseExecutor.execute(TestCaseExecutor.java:224)
	at com.kms.katalon.core.main.TestCaseMain.runTestCase(TestCaseMain.java:106)
	at com.kms.katalon.core.keyword.builtin.CallTestCaseKeyword$_callTestCase_closure1.doCall(CallTestCaseKeyword.groovy:59)
	at com.kms.katalon.core.keyword.builtin.CallTestCaseKeyword$_callTestCase_closure1.call(CallTestCaseKeyword.groovy)
	at com.kms.katalon.core.keyword.internal.KeywordMain.runKeyword(KeywordMain.groovy:54)
	at com.kms.katalon.core.keyword.builtin.CallTestCaseKeyword.callTestCase(CallTestCaseKeyword.groovy:80)
	at com.kms.katalon.core.keyword.builtin.CallTestCaseKeyword.execute(CallTestCaseKeyword.groovy:44)
	at com.kms.katalon.core.keyword.internal.KeywordExecutor.executeKeywordForPlatform(KeywordExecutor.groovy:53)
	at com.kms.katalon.core.keyword.BuiltinKeywords.callTestCase(BuiltinKeywords.groovy:334)
	at DA Report - Partial.run(DA Report - Partial:16)
	at com.kms.katalon.core.main.ScriptEngine.run(ScriptEngine.java:194)
	at com.kms.katalon.core.main.ScriptEngine.runScriptAsRawText(ScriptEngine.java:119)
	at com.kms.katalon.core.main.TestCaseExecutor.runScript(TestCaseExecutor.java:328)
	at com.kms.katalon.core.main.TestCaseExecutor.doExecute(TestCaseExecutor.java:319)
	at com.kms.katalon.core.main.TestCaseExecutor.processExecutionPhase(TestCaseExecutor.java:298)
	at com.kms.katalon.core.main.TestCaseExecutor.accessMainPhase(TestCaseExecutor.java:290)
	at com.kms.katalon.core.main.TestCaseExecutor.execute(TestCaseExecutor.java:224)
	at com.kms.katalon.core.main.TestSuiteExecutor.accessTestCaseMainPhase(TestSuiteExecutor.java:129)
	at com.kms.katalon.core.main.TestSuiteExecutor.accessTestSuiteMainPhase(TestSuiteExecutor.java:112)
	at com.kms.katalon.core.main.TestSuiteExecutor.execute(TestSuiteExecutor.java:81)
	at com.kms.katalon.core.main.TestCaseMain.startTestSuite(TestCaseMain.java:149)
	at com.kms.katalon.core.main.TestCaseMain$startTestSuite$0.call(Unknown Source)
	at TempTestSuite1550652525208.run(TempTestSuite1550652525208.groovy:36)


2019-02-20 19:00:41 - [MESSAGE][FAILED] - Unable to call Test Case 'Test Cases/All TC/Arranged/3. Unit/EI/Form 7_default/OTC_Submit Form 7_Section F-G-H - Cheque' (Root cause: com.kms.katalon.core.exception.StepFailedException: Call Test Case 'Test Cases/All TC/Arranged/3. Unit/EI/Form 7_default/OTC_Submit Form 7_Section F-G-H - Cheque' failed)

2019-02-20 19:00:41 - [MESSAGE][FAILED] - callTestCase(findTestCase("All TC/Arranged/3. Unit/EI/Form 7_default/OTC_Submit Form 7_Section F-G-H - Cheque"), [:], STOP_ON_FAILURE) FAILED.
Reason:
com.kms.katalon.core.exception.StepFailedException: Unable to click on object 'Object Repository/KeatMun/Form 7_default/OTC_Submit Form 7_Section F-G-H/Page_PERKESO/G2. span_Isteri' (Root cause: com.kms.katalon.core.webui.exception.WebElementNotFoundException: Web element with id: 'Object Repository/KeatMun/Form 7_default/OTC_Submit Form 7_Section F-G-H/Page_PERKESO/G2. span_Isteri' located by 'By.xpath: //span[@id = 'select2-dependentList0dependentRelationId-container' and @title = 'Isteri' and (text() = 'Isteri' or . = 'Isteri')]' not found)
	at com.kms.katalon.core.keyword.internal.KeywordMain.stepFailed(KeywordMain.groovy:36)
	at com.kms.katalon.core.webui.keyword.internal.WebUIKeywordMain.stepFailed(WebUIKeywordMain.groovy:65)
	at com.kms.katalon.core.webui.keyword.internal.WebUIKeywordMain.runKeyword(WebUIKeywordMain.groovy:27)
	at com.kms.katalon.core.webui.keyword.builtin.ClickKeyword.click(ClickKeyword.groovy:86)
	at com.kms.katalon.core.webui.keyword.builtin.ClickKeyword.execute(ClickKeyword.groovy:67)
	at com.kms.katalon.core.keyword.internal.KeywordExecutor.executeKeywordForPlatform(KeywordExecutor.groovy:53)
	at com.kms.katalon.core.webui.keyword.WebUiBuiltInKeywords.click(WebUiBuiltInKeywords.groovy:616)
	at com.kms.katalon.core.webui.keyword.WebUiBuiltInKeywords$click$3.call(Unknown Source)
	at OTC_Submit Form 7_Section F-G-H - Cheque.run(OTC_Submit Form 7_Section F-G-H - Cheque:41)
	at com.kms.katalon.core.main.ScriptEngine.run(ScriptEngine.java:194)
	at com.kms.katalon.core.main.ScriptEngine.runScriptAsRawText(ScriptEngine.java:119)
	at com.kms.katalon.core.main.TestCaseExecutor.runScript(TestCaseExecutor.java:328)
	at com.kms.katalon.core.main.TestCaseExecutor.doExecute(TestCaseExecutor.java:319)
	at com.kms.katalon.core.main.TestCaseExecutor.processExecutionPhase(TestCaseExecutor.java:298)
	at com.kms.katalon.core.main.TestCaseExecutor.accessMainPhase(TestCaseExecutor.java:290)
	at com.kms.katalon.core.main.TestCaseExecutor.execute(TestCaseExecutor.java:224)
	at com.kms.katalon.core.main.TestCaseMain.runTestCase(TestCaseMain.java:106)
	at com.kms.katalon.core.keyword.builtin.CallTestCaseKeyword$_callTestCase_closure1.doCall(CallTestCaseKeyword.groovy:59)
	at com.kms.katalon.core.keyword.builtin.CallTestCaseKeyword$_callTestCase_closure1.call(CallTestCaseKeyword.groovy)
	at com.kms.katalon.core.keyword.internal.KeywordMain.runKeyword(KeywordMain.groovy:54)
	at com.kms.katalon.core.keyword.builtin.CallTestCaseKeyword.callTestCase(CallTestCaseKeyword.groovy:80)
	at com.kms.katalon.core.keyword.builtin.CallTestCaseKeyword.execute(CallTestCaseKeyword.groovy:44)
	at com.kms.katalon.core.keyword.internal.KeywordExecutor.executeKeywordForPlatform(KeywordExecutor.groovy:53)
	at com.kms.katalon.core.keyword.BuiltinKeywords.callTestCase(BuiltinKeywords.groovy:334)
	at OTC_Submit Form 7_End to End - Cheque.run(OTC_Submit Form 7_End to End - Cheque:26)
	at com.kms.katalon.core.main.ScriptEngine.run(ScriptEngine.java:194)
	at com.kms.katalon.core.main.ScriptEngine.runScriptAsRawText(ScriptEngine.java:119)
	at com.kms.katalon.core.main.TestCaseExecutor.runScript(TestCaseExecutor.java:328)
	at com.kms.katalon.core.main.TestCaseExecutor.doExecute(TestCaseExecutor.java:319)
	at com.kms.katalon.core.main.TestCaseExecutor.processExecutionPhase(TestCaseExecutor.java:298)
	at com.kms.katalon.core.main.TestCaseExecutor.accessMainPhase(TestCaseExecutor.java:290)
	at com.kms.katalon.core.main.TestCaseExecutor.execute(TestCaseExecutor.java:224)
	at com.kms.katalon.core.main.TestCaseMain.runTestCase(TestCaseMain.java:106)
	at com.kms.katalon.core.keyword.builtin.CallTestCaseKeyword$_callTestCase_closure1.doCall(CallTestCaseKeyword.groovy:59)
	at com.kms.katalon.core.keyword.builtin.CallTestCaseKeyword$_callTestCase_closure1.call(CallTestCaseKeyword.groovy)
	at com.kms.katalon.core.keyword.internal.KeywordMain.runKeyword(KeywordMain.groovy:54)
	at com.kms.katalon.core.keyword.builtin.CallTestCaseKeyword.callTestCase(CallTestCaseKeyword.groovy:80)
	at com.kms.katalon.core.keyword.builtin.CallTestCaseKeyword.execute(CallTestCaseKeyword.groovy:44)
	at com.kms.katalon.core.keyword.internal.KeywordExecutor.executeKeywordForPlatform(KeywordExecutor.groovy:53)
	at com.kms.katalon.core.keyword.BuiltinKeywords.callTestCase(BuiltinKeywords.groovy:334)
	at DA Report - Partial.run(DA Report - Partial:16)
	at com.kms.katalon.core.main.ScriptEngine.run(ScriptEngine.java:194)
	at com.kms.katalon.core.main.ScriptEngine.runScriptAsRawText(ScriptEngine.java:119)
	at com.kms.katalon.core.main.TestCaseExecutor.runScript(TestCaseExecutor.java:328)
	at com.kms.katalon.core.main.TestCaseExecutor.doExecute(TestCaseExecutor.java:319)
	at com.kms.katalon.core.main.TestCaseExecutor.processExecutionPhase(TestCaseExecutor.java:298)
	at com.kms.katalon.core.main.TestCaseExecutor.accessMainPhase(TestCaseExecutor.java:290)
	at com.kms.katalon.core.main.TestCaseExecutor.execute(TestCaseExecutor.java:224)
	at com.kms.katalon.core.main.TestSuiteExecutor.accessTestCaseMainPhase(TestSuiteExecutor.java:129)
	at com.kms.katalon.core.main.TestSuiteExecutor.accessTestSuiteMainPhase(TestSuiteExecutor.java:112)
	at com.kms.katalon.core.main.TestSuiteExecutor.execute(TestSuiteExecutor.java:81)
	at com.kms.katalon.core.main.TestCaseMain.startTestSuite(TestCaseMain.java:149)
	at com.kms.katalon.core.main.TestCaseMain$startTestSuite$0.call(Unknown Source)
	at TempTestSuite1550652525208.run(TempTestSuite1550652525208.groovy:36)


2019-02-20 19:00:43 - [MESSAGE][FAILED] - Unable to call Test Case 'Test Cases/All TC/Arranged/2. Segment/OTC_Submit Form 7_End to End - Cheque' (Root cause: com.kms.katalon.core.exception.StepFailedException: Call Test Case 'Test Cases/All TC/Arranged/2. Segment/OTC_Submit Form 7_End to End - Cheque' failed)

2019-02-20 19:00:43 - [MESSAGE][FAILED] - callTestCase(findTestCase("All TC/Arranged/2. Segment/OTC_Submit Form 7_End to End - Cheque"), [:], STOP_ON_FAILURE) FAILED.
Reason:
com.kms.katalon.core.exception.StepFailedException: Unable to click on object 'Object Repository/KeatMun/Form 7_default/OTC_Submit Form 7_Section F-G-H/Page_PERKESO/G2. span_Isteri' (Root cause: com.kms.katalon.core.webui.exception.WebElementNotFoundException: Web element with id: 'Object Repository/KeatMun/Form 7_default/OTC_Submit Form 7_Section F-G-H/Page_PERKESO/G2. span_Isteri' located by 'By.xpath: //span[@id = 'select2-dependentList0dependentRelationId-container' and @title = 'Isteri' and (text() = 'Isteri' or . = 'Isteri')]' not found)
	at com.kms.katalon.core.keyword.internal.KeywordMain.stepFailed(KeywordMain.groovy:36)
	at com.kms.katalon.core.webui.keyword.internal.WebUIKeywordMain.stepFailed(WebUIKeywordMain.groovy:65)
	at com.kms.katalon.core.webui.keyword.internal.WebUIKeywordMain.runKeyword(WebUIKeywordMain.groovy:27)
	at com.kms.katalon.core.webui.keyword.builtin.ClickKeyword.click(ClickKeyword.groovy:86)
	at com.kms.katalon.core.webui.keyword.builtin.ClickKeyword.execute(ClickKeyword.groovy:67)
	at com.kms.katalon.core.keyword.internal.KeywordExecutor.executeKeywordForPlatform(KeywordExecutor.groovy:53)
	at com.kms.katalon.core.webui.keyword.WebUiBuiltInKeywords.click(WebUiBuiltInKeywords.groovy:616)
	at com.kms.katalon.core.webui.keyword.WebUiBuiltInKeywords$click$3.call(Unknown Source)
	at OTC_Submit Form 7_Section F-G-H - Cheque.run(OTC_Submit Form 7_Section F-G-H - Cheque:41)
	at com.kms.katalon.core.main.ScriptEngine.run(ScriptEngine.java:194)
	at com.kms.katalon.core.main.ScriptEngine.runScriptAsRawText(ScriptEngine.java:119)
	at com.kms.katalon.core.main.TestCaseExecutor.runScript(TestCaseExecutor.java:328)
	at com.kms.katalon.core.main.TestCaseExecutor.doExecute(TestCaseExecutor.java:319)
	at com.kms.katalon.core.main.TestCaseExecutor.processExecutionPhase(TestCaseExecutor.java:298)
	at com.kms.katalon.core.main.TestCaseExecutor.accessMainPhase(TestCaseExecutor.java:290)
	at com.kms.katalon.core.main.TestCaseExecutor.execute(TestCaseExecutor.java:224)
	at com.kms.katalon.core.main.TestCaseMain.runTestCase(TestCaseMain.java:106)
	at com.kms.katalon.core.keyword.builtin.CallTestCaseKeyword$_callTestCase_closure1.doCall(CallTestCaseKeyword.groovy:59)
	at com.kms.katalon.core.keyword.builtin.CallTestCaseKeyword$_callTestCase_closure1.call(CallTestCaseKeyword.groovy)
	at com.kms.katalon.core.keyword.internal.KeywordMain.runKeyword(KeywordMain.groovy:54)
	at com.kms.katalon.core.keyword.builtin.CallTestCaseKeyword.callTestCase(CallTestCaseKeyword.groovy:80)
	at com.kms.katalon.core.keyword.builtin.CallTestCaseKeyword.execute(CallTestCaseKeyword.groovy:44)
	at com.kms.katalon.core.keyword.internal.KeywordExecutor.executeKeywordForPlatform(KeywordExecutor.groovy:53)
	at com.kms.katalon.core.keyword.BuiltinKeywords.callTestCase(BuiltinKeywords.groovy:334)
	at OTC_Submit Form 7_End to End - Cheque.run(OTC_Submit Form 7_End to End - Cheque:26)
	at com.kms.katalon.core.main.ScriptEngine.run(ScriptEngine.java:194)
	at com.kms.katalon.core.main.ScriptEngine.runScriptAsRawText(ScriptEngine.java:119)
	at com.kms.katalon.core.main.TestCaseExecutor.runScript(TestCaseExecutor.java:328)
	at com.kms.katalon.core.main.TestCaseExecutor.doExecute(TestCaseExecutor.java:319)
	at com.kms.katalon.core.main.TestCaseExecutor.processExecutionPhase(TestCaseExecutor.java:298)
	at com.kms.katalon.core.main.TestCaseExecutor.accessMainPhase(TestCaseExecutor.java:290)
	at com.kms.katalon.core.main.TestCaseExecutor.execute(TestCaseExecutor.java:224)
	at com.kms.katalon.core.main.TestCaseMain.runTestCase(TestCaseMain.java:106)
	at com.kms.katalon.core.keyword.builtin.CallTestCaseKeyword$_callTestCase_closure1.doCall(CallTestCaseKeyword.groovy:59)
	at com.kms.katalon.core.keyword.builtin.CallTestCaseKeyword$_callTestCase_closure1.call(CallTestCaseKeyword.groovy)
	at com.kms.katalon.core.keyword.internal.KeywordMain.runKeyword(KeywordMain.groovy:54)
	at com.kms.katalon.core.keyword.builtin.CallTestCaseKeyword.callTestCase(CallTestCaseKeyword.groovy:80)
	at com.kms.katalon.core.keyword.builtin.CallTestCaseKeyword.execute(CallTestCaseKeyword.groovy:44)
	at com.kms.katalon.core.keyword.internal.KeywordExecutor.executeKeywordForPlatform(KeywordExecutor.groovy:53)
	at com.kms.katalon.core.keyword.BuiltinKeywords.callTestCase(BuiltinKeywords.groovy:334)
	at DA Report - Partial.run(DA Report - Partial:16)
	at com.kms.katalon.core.main.ScriptEngine.run(ScriptEngine.java:194)
	at com.kms.katalon.core.main.ScriptEngine.runScriptAsRawText(ScriptEngine.java:119)
	at com.kms.katalon.core.main.TestCaseExecutor.runScript(TestCaseExecutor.java:328)
	at com.kms.katalon.core.main.TestCaseExecutor.doExecute(TestCaseExecutor.java:319)
	at com.kms.katalon.core.main.TestCaseExecutor.processExecutionPhase(TestCaseExecutor.java:298)
	at com.kms.katalon.core.main.TestCaseExecutor.accessMainPhase(TestCaseExecutor.java:290)
	at com.kms.katalon.core.main.TestCaseExecutor.execute(TestCaseExecutor.java:224)
	at com.kms.katalon.core.main.TestSuiteExecutor.accessTestCaseMainPhase(TestSuiteExecutor.java:129)
	at com.kms.katalon.core.main.TestSuiteExecutor.accessTestSuiteMainPhase(TestSuiteExecutor.java:112)
	at com.kms.katalon.core.main.TestSuiteExecutor.execute(TestSuiteExecutor.java:81)
	at com.kms.katalon.core.main.TestCaseMain.startTestSuite(TestCaseMain.java:149)
	at com.kms.katalon.core.main.TestCaseMain$startTestSuite$0.call(Unknown Source)
	at TempTestSuite1550652525208.run(TempTestSuite1550652525208.groovy:36)]]></system-out>
         <system-err><![CDATA[2019-02-20 18:50:55 - [TEST_CASE][FAILED] - Test Cases/All TC/Arranged/0. Full Flow/DA Report - Partial: Test Cases/All TC/Arranged/0. Full Flow/DA Report - Partial FAILED.
Reason:
com.kms.katalon.core.exception.StepFailedException: Unable to click on object 'Object Repository/KeatMun/Form 7_default/OTC_Submit Form 7_Section F-G-H/Page_PERKESO/G2. span_Isteri' (Root cause: com.kms.katalon.core.webui.exception.WebElementNotFoundException: Web element with id: 'Object Repository/KeatMun/Form 7_default/OTC_Submit Form 7_Section F-G-H/Page_PERKESO/G2. span_Isteri' located by 'By.xpath: //span[@id = 'select2-dependentList0dependentRelationId-container' and @title = 'Isteri' and (text() = 'Isteri' or . = 'Isteri')]' not found)
	at com.kms.katalon.core.keyword.internal.KeywordMain.stepFailed(KeywordMain.groovy:36)
	at com.kms.katalon.core.webui.keyword.internal.WebUIKeywordMain.stepFailed(WebUIKeywordMain.groovy:65)
	at com.kms.katalon.core.webui.keyword.internal.WebUIKeywordMain.runKeyword(WebUIKeywordMain.groovy:27)
	at com.kms.katalon.core.webui.keyword.builtin.ClickKeyword.click(ClickKeyword.groovy:86)
	at com.kms.katalon.core.webui.keyword.builtin.ClickKeyword.execute(ClickKeyword.groovy:67)
	at com.kms.katalon.core.keyword.internal.KeywordExecutor.executeKeywordForPlatform(KeywordExecutor.groovy:53)
	at com.kms.katalon.core.webui.keyword.WebUiBuiltInKeywords.click(WebUiBuiltInKeywords.groovy:616)
	at com.kms.katalon.core.webui.keyword.WebUiBuiltInKeywords$click$3.call(Unknown Source)
	at OTC_Submit Form 7_Section F-G-H - Cheque.run(OTC_Submit Form 7_Section F-G-H - Cheque:41)
	at com.kms.katalon.core.main.ScriptEngine.run(ScriptEngine.java:194)
	at com.kms.katalon.core.main.ScriptEngine.runScriptAsRawText(ScriptEngine.java:119)
	at com.kms.katalon.core.main.TestCaseExecutor.runScript(TestCaseExecutor.java:328)
	at com.kms.katalon.core.main.TestCaseExecutor.doExecute(TestCaseExecutor.java:319)
	at com.kms.katalon.core.main.TestCaseExecutor.processExecutionPhase(TestCaseExecutor.java:298)
	at com.kms.katalon.core.main.TestCaseExecutor.accessMainPhase(TestCaseExecutor.java:290)
	at com.kms.katalon.core.main.TestCaseExecutor.execute(TestCaseExecutor.java:224)
	at com.kms.katalon.core.main.TestCaseMain.runTestCase(TestCaseMain.java:106)
	at com.kms.katalon.core.keyword.builtin.CallTestCaseKeyword$_callTestCase_closure1.doCall(CallTestCaseKeyword.groovy:59)
	at com.kms.katalon.core.keyword.builtin.CallTestCaseKeyword$_callTestCase_closure1.call(CallTestCaseKeyword.groovy)
	at com.kms.katalon.core.keyword.internal.KeywordMain.runKeyword(KeywordMain.groovy:54)
	at com.kms.katalon.core.keyword.builtin.CallTestCaseKeyword.callTestCase(CallTestCaseKeyword.groovy:80)
	at com.kms.katalon.core.keyword.builtin.CallTestCaseKeyword.execute(CallTestCaseKeyword.groovy:44)
	at com.kms.katalon.core.keyword.internal.KeywordExecutor.executeKeywordForPlatform(KeywordExecutor.groovy:53)
	at com.kms.katalon.core.keyword.BuiltinKeywords.callTestCase(BuiltinKeywords.groovy:334)
	at OTC_Submit Form 7_End to End - Cheque.run(OTC_Submit Form 7_End to End - Cheque:26)
	at com.kms.katalon.core.main.ScriptEngine.run(ScriptEngine.java:194)
	at com.kms.katalon.core.main.ScriptEngine.runScriptAsRawText(ScriptEngine.java:119)
	at com.kms.katalon.core.main.TestCaseExecutor.runScript(TestCaseExecutor.java:328)
	at com.kms.katalon.core.main.TestCaseExecutor.doExecute(TestCaseExecutor.java:319)
	at com.kms.katalon.core.main.TestCaseExecutor.processExecutionPhase(TestCaseExecutor.java:298)
	at com.kms.katalon.core.main.TestCaseExecutor.accessMainPhase(TestCaseExecutor.java:290)
	at com.kms.katalon.core.main.TestCaseExecutor.execute(TestCaseExecutor.java:224)
	at com.kms.katalon.core.main.TestCaseMain.runTestCase(TestCaseMain.java:106)
	at com.kms.katalon.core.keyword.builtin.CallTestCaseKeyword$_callTestCase_closure1.doCall(CallTestCaseKeyword.groovy:59)
	at com.kms.katalon.core.keyword.builtin.CallTestCaseKeyword$_callTestCase_closure1.call(CallTestCaseKeyword.groovy)
	at com.kms.katalon.core.keyword.internal.KeywordMain.runKeyword(KeywordMain.groovy:54)
	at com.kms.katalon.core.keyword.builtin.CallTestCaseKeyword.callTestCase(CallTestCaseKeyword.groovy:80)
	at com.kms.katalon.core.keyword.builtin.CallTestCaseKeyword.execute(CallTestCaseKeyword.groovy:44)
	at com.kms.katalon.core.keyword.internal.KeywordExecutor.executeKeywordForPlatform(KeywordExecutor.groovy:53)
	at com.kms.katalon.core.keyword.BuiltinKeywords.callTestCase(BuiltinKeywords.groovy:334)
	at DA Report - Partial.run(DA Report - Partial:16)
	at com.kms.katalon.core.main.ScriptEngine.run(ScriptEngine.java:194)
	at com.kms.katalon.core.main.ScriptEngine.runScriptAsRawText(ScriptEngine.java:119)
	at com.kms.katalon.core.main.TestCaseExecutor.runScript(TestCaseExecutor.java:328)
	at com.kms.katalon.core.main.TestCaseExecutor.doExecute(TestCaseExecutor.java:319)
	at com.kms.katalon.core.main.TestCaseExecutor.processExecutionPhase(TestCaseExecutor.java:298)
	at com.kms.katalon.core.main.TestCaseExecutor.accessMainPhase(TestCaseExecutor.java:290)
	at com.kms.katalon.core.main.TestCaseExecutor.execute(TestCaseExecutor.java:224)
	at com.kms.katalon.core.main.TestSuiteExecutor.accessTestCaseMainPhase(TestSuiteExecutor.java:129)
	at com.kms.katalon.core.main.TestSuiteExecutor.accessTestSuiteMainPhase(TestSuiteExecutor.java:112)
	at com.kms.katalon.core.main.TestSuiteExecutor.execute(TestSuiteExecutor.java:81)
	at com.kms.katalon.core.main.TestCaseMain.startTestSuite(TestCaseMain.java:149)
	at com.kms.katalon.core.main.TestCaseMain$startTestSuite$0.call(Unknown Source)
	at TempTestSuite1550652525208.run(TempTestSuite1550652525208.groovy:36)]]></system-err>
      </testcase>
      <testcase name="Test Cases/All TC/Arranged/0. Full Flow/Case Reg_OTC" classname="Test Cases/All TC/Arranged/0. Full Flow/Case Reg_OTC" status="PASSED">
         <system-out><![CDATA[2019-02-20 19:00:43 - [TEST_CASE][PASSED] - Test Cases/All TC/Arranged/0. Full Flow/Case Reg_OTC: Test Cases/All TC/Arranged/0. Full Flow/Case Reg_OTC

2019-02-20 19:00:43 - [TEST_STEP][PASSED] - openBrowser(""): Browser is opened with url: ''

2019-02-20 19:00:43 - [MESSAGE][WARNING] - A browser is already opened. Closing browser and opening a new one

2019-02-20 19:00:45 - [MESSAGE][INFO] - Starting 'Chrome' driver

2019-02-20 19:00:45 - [MESSAGE][INFO] - User set preference: ['args', '[--start-maximized]']

2019-02-20 19:00:49 - [MESSAGE][PASSED] - Browser is opened with url: ''

2019-02-20 19:00:49 - [TEST_STEP][PASSED] - navigateToUrl(Internal_Login): Navigate to 'http://10.20.24.188/eisportal/user/login' successfully

2019-02-20 19:00:51 - [MESSAGE][PASSED] - Navigate to 'http://10.20.24.188/eisportal/user/login' successfully

2019-02-20 19:00:51 - [TEST_STEP][PASSED] - delay(2): Delayed 2 second(s)

2019-02-20 19:00:53 - [MESSAGE][PASSED] - Delayed 2 second(s)

2019-02-20 19:00:53 - [TEST_STEP][PASSED] - setText(findTestObject("Kelvin/Portal (10.20.24.198)/Case Reg_OTC/mkotc email"), MK_OTC_3): Text 'mkotc3@perkeso.gov.my' is set on object 'Object Repository/Kelvin/Portal (10.20.24.198)/Case Reg_OTC/mkotc email'

2019-02-20 19:00:57 - [MESSAGE][PASSED] - Text 'mkotc3@perkeso.gov.my' is set on object 'Object Repository/Kelvin/Portal (10.20.24.198)/Case Reg_OTC/mkotc email'

2019-02-20 19:00:57 - [TEST_STEP][PASSED] - setText(findTestObject("Kelvin/Portal (10.20.24.198)/Case Reg_OTC/mkotc pw"), Internal_PW): Text 'otc1' is set on object 'Object Repository/Kelvin/Portal (10.20.24.198)/Case Reg_OTC/mkotc pw'

2019-02-20 19:01:01 - [MESSAGE][PASSED] - Text 'otc1' is set on object 'Object Repository/Kelvin/Portal (10.20.24.198)/Case Reg_OTC/mkotc pw'

2019-02-20 19:01:01 - [TEST_STEP][PASSED] - click(findTestObject("Kelvin/Portal (10.20.24.198)/Case Reg_OTC/Login Button")): Object: 'Object Repository/Kelvin/Portal (10.20.24.198)/Case Reg_OTC/Login Button' is clicked on

2019-02-20 19:01:04 - [MESSAGE][PASSED] - Object: 'Object Repository/Kelvin/Portal (10.20.24.198)/Case Reg_OTC/Login Button' is clicked on

2019-02-20 19:01:04 - [TEST_STEP][PASSED] - delay(2): Delayed 2 second(s)

2019-02-20 19:01:06 - [MESSAGE][PASSED] - Delayed 2 second(s)

2019-02-20 19:01:06 - [TEST_STEP][PASSED] - click(findTestObject("Kelvin/Portal (10.20.24.198)/Case Reg_OTC/a_PENDAFTARAN KES")): Object: 'Object Repository/Kelvin/Portal (10.20.24.198)/Case Reg_OTC/a_PENDAFTARAN KES' is clicked on

2019-02-20 19:01:09 - [MESSAGE][PASSED] - Object: 'Object Repository/Kelvin/Portal (10.20.24.198)/Case Reg_OTC/a_PENDAFTARAN KES' is clicked on

2019-02-20 19:01:09 - [TEST_STEP][PASSED] - callTestCase(findTestCase("All TC/Arranged/1. Common/Name and IC Generator"), [:], STOP_ON_FAILURE): Call Test Case 'Test Cases/All TC/Arranged/1. Common/Name and IC Generator' successfully

2019-02-20 19:01:09 - [TEST_CASE][PASSED] - Test Cases/All TC/Arranged/1. Common/Name and IC Generator: Test Cases/All TC/Arranged/1. Common/Name and IC Generator

2019-02-20 19:01:09 - [TEST_STEP][PASSED] - r = new java.util.Random(): null

2019-02-20 19:01:09 - [TEST_STEP][PASSED] - snum = r.nextInt(899999 + 1) + 100000: null

2019-02-20 19:01:09 - [TEST_STEP][PASSED] - tnum = r.nextInt(899999 + 1) + 100000: null

2019-02-20 19:01:09 - [TEST_STEP][PASSED] - ICnum = Integer.toString(snum) + Integer.toString(tnum): null

2019-02-20 19:01:09 - [TEST_STEP][PASSED] - ICRand = ICnum: null

2019-02-20 19:01:09 - [TEST_STEP][PASSED] - Name = "a" + ICnum: null

2019-02-20 19:01:09 - [TEST_STEP][PASSED] - out.println(ICRand): null

2019-02-20 19:01:09 - [TEST_STEP][PASSED] - setText(findTestObject("Kelvin/To-call/Name and IC Generator/Nama Penuh"), Name): Text 'a595649209437' is set on object 'Object Repository/Kelvin/To-call/Name and IC Generator/Nama Penuh'

2019-02-20 19:01:14 - [MESSAGE][PASSED] - Text 'a595649209437' is set on object 'Object Repository/Kelvin/To-call/Name and IC Generator/Nama Penuh'

2019-02-20 19:01:14 - [TEST_STEP][PASSED] - setText(findTestObject("Kelvin/To-call/Name and IC Generator/No. Kad IC"), ICnum): Text '595649209437' is set on object 'Object Repository/Kelvin/To-call/Name and IC Generator/No. Kad IC'

2019-02-20 19:01:18 - [MESSAGE][PASSED] - Text '595649209437' is set on object 'Object Repository/Kelvin/To-call/Name and IC Generator/No. Kad IC'

2019-02-20 19:01:18 - [MESSAGE][PASSED] - Call Test Case 'Test Cases/All TC/Arranged/1. Common/Name and IC Generator' successfully

2019-02-20 19:01:18 - [TEST_STEP][PASSED] - setText(findTestObject("Kelvin/Portal (10.20.24.198)/Case Reg_OTC/insert mobile number"), "99999999999"): Text '99999999999' is set on object 'Object Repository/Kelvin/Portal (10.20.24.198)/Case Reg_OTC/insert mobile number'

2019-02-20 19:01:22 - [MESSAGE][PASSED] - Text '99999999999' is set on object 'Object Repository/Kelvin/Portal (10.20.24.198)/Case Reg_OTC/insert mobile number'

2019-02-20 19:01:22 - [TEST_STEP][PASSED] - click(findTestObject("Kelvin/Portal (10.20.24.198)/Case Reg_OTC/Submit Button")): Object: 'Object Repository/Kelvin/Portal (10.20.24.198)/Case Reg_OTC/Submit Button' is clicked on

2019-02-20 19:01:25 - [MESSAGE][PASSED] - Object: 'Object Repository/Kelvin/Portal (10.20.24.198)/Case Reg_OTC/Submit Button' is clicked on

2019-02-20 19:01:25 - [TEST_STEP][PASSED] - delay(2): Delayed 2 second(s)

2019-02-20 19:01:27 - [MESSAGE][PASSED] - Delayed 2 second(s)

2019-02-20 19:01:27 - [TEST_STEP][PASSED] - selectOptionByValue(findTestObject("Kelvin/Portal (10.20.24.198)/Case Reg_OTC/Kategori carian - MyKad"), "2", true): All options with value '2' are selected in object 'Object Repository/Kelvin/Portal (10.20.24.198)/Case Reg_OTC/Kategori carian - MyKad'  using regular expression

2019-02-20 19:01:42 - [MESSAGE][PASSED] - All options with value '2' are selected in object 'Object Repository/Kelvin/Portal (10.20.24.198)/Case Reg_OTC/Kategori carian - MyKad'  using regular expression

2019-02-20 19:01:42 - [TEST_STEP][PASSED] - setText(findTestObject("Kelvin/Portal (10.20.24.198)/Case Reg_OTC/Insert IC"), ICRand): Text '595649209437' is set on object 'Object Repository/Kelvin/Portal (10.20.24.198)/Case Reg_OTC/Insert IC'

2019-02-20 19:01:46 - [MESSAGE][PASSED] - Text '595649209437' is set on object 'Object Repository/Kelvin/Portal (10.20.24.198)/Case Reg_OTC/Insert IC'

2019-02-20 19:01:46 - [TEST_STEP][PASSED] - click(findTestObject("Kelvin/Portal (10.20.24.198)/Case Reg_CM/Search Button")): Object: 'Object Repository/Kelvin/Portal (10.20.24.198)/Case Reg_CM/Search Button' is clicked on

2019-02-20 19:01:48 - [MESSAGE][PASSED] - Object: 'Object Repository/Kelvin/Portal (10.20.24.198)/Case Reg_CM/Search Button' is clicked on

2019-02-20 19:01:48 - [TEST_STEP][PASSED] - focus(findTestObject("Kelvin/Portal (10.20.24.198)/Case Reg_OTC/To verify record existed")): Object: 'Object Repository/Kelvin/Portal (10.20.24.198)/Case Reg_OTC/To verify record existed' is focused

2019-02-20 19:01:52 - [MESSAGE][PASSED] - Object: 'Object Repository/Kelvin/Portal (10.20.24.198)/Case Reg_OTC/To verify record existed' is focused]]></system-out>
         <system-err><![CDATA[]]></system-err>
      </testcase>
      <testcase name="Test Cases/All TC/Arranged/0. Full Flow/Case Reg_ESO_selfassign" classname="Test Cases/All TC/Arranged/0. Full Flow/Case Reg_ESO_selfassign" status="PASSED">
         <system-out><![CDATA[2019-02-20 19:01:52 - [TEST_CASE][PASSED] - Test Cases/All TC/Arranged/0. Full Flow/Case Reg_ESO_selfassign: Test Cases/All TC/Arranged/0. Full Flow/Case Reg_ESO_selfassign

2019-02-20 19:01:53 - [TEST_STEP][PASSED] - openBrowser(""): Browser is opened with url: ''

2019-02-20 19:01:53 - [MESSAGE][WARNING] - A browser is already opened. Closing browser and opening a new one

2019-02-20 19:01:54 - [MESSAGE][INFO] - Starting 'Chrome' driver

2019-02-20 19:01:54 - [MESSAGE][INFO] - User set preference: ['args', '[--start-maximized]']

2019-02-20 19:01:58 - [MESSAGE][PASSED] - Browser is opened with url: ''

2019-02-20 19:01:58 - [TEST_STEP][PASSED] - navigateToUrl(Internal_Login): Navigate to 'http://10.20.24.188/eisportal/user/login' successfully

2019-02-20 19:02:00 - [MESSAGE][PASSED] - Navigate to 'http://10.20.24.188/eisportal/user/login' successfully

2019-02-20 19:02:00 - [TEST_STEP][PASSED] - delay(2): Delayed 2 second(s)

2019-02-20 19:02:02 - [MESSAGE][PASSED] - Delayed 2 second(s)

2019-02-20 19:02:02 - [TEST_STEP][PASSED] - setText(findTestObject("Kelvin/Portal (10.20.24.198)/Case Reg_ESO_selfassign/mkeso email"), MK_ESO_3): Text 'mkeso3@perkeso.gov.my' is set on object 'Object Repository/Kelvin/Portal (10.20.24.198)/Case Reg_ESO_selfassign/mkeso email'

2019-02-20 19:02:06 - [MESSAGE][PASSED] - Text 'mkeso3@perkeso.gov.my' is set on object 'Object Repository/Kelvin/Portal (10.20.24.198)/Case Reg_ESO_selfassign/mkeso email'

2019-02-20 19:02:06 - [TEST_STEP][PASSED] - setText(findTestObject("Kelvin/Portal (10.20.24.198)/Case Reg_ESO_selfassign/mkeso pw"), Internal_PW): Text 'otc1' is set on object 'Object Repository/Kelvin/Portal (10.20.24.198)/Case Reg_ESO_selfassign/mkeso pw'

2019-02-20 19:02:11 - [MESSAGE][PASSED] - Text 'otc1' is set on object 'Object Repository/Kelvin/Portal (10.20.24.198)/Case Reg_ESO_selfassign/mkeso pw'

2019-02-20 19:02:11 - [TEST_STEP][PASSED] - click(findTestObject("Kelvin/Portal (10.20.24.198)/Case Reg_ESO_selfassign/Login Button")): Object: 'Object Repository/Kelvin/Portal (10.20.24.198)/Case Reg_ESO_selfassign/Login Button' is clicked on

2019-02-20 19:02:14 - [MESSAGE][PASSED] - Object: 'Object Repository/Kelvin/Portal (10.20.24.198)/Case Reg_ESO_selfassign/Login Button' is clicked on

2019-02-20 19:02:14 - [TEST_STEP][PASSED] - delay(2): Delayed 2 second(s)

2019-02-20 19:02:16 - [MESSAGE][PASSED] - Delayed 2 second(s)

2019-02-20 19:02:16 - [TEST_STEP][PASSED] - click(findTestObject("Kelvin/Portal (10.20.24.198)/Case Reg_ESO_selfassign/a_PENDAFTARAN KES")): Object: 'Object Repository/Kelvin/Portal (10.20.24.198)/Case Reg_ESO_selfassign/a_PENDAFTARAN KES' is clicked on

2019-02-20 19:02:19 - [MESSAGE][PASSED] - Object: 'Object Repository/Kelvin/Portal (10.20.24.198)/Case Reg_ESO_selfassign/a_PENDAFTARAN KES' is clicked on

2019-02-20 19:02:19 - [TEST_STEP][PASSED] - callTestCase(findTestCase("All TC/Arranged/1. Common/Name and IC Generator"), [:], STOP_ON_FAILURE): Call Test Case 'Test Cases/All TC/Arranged/1. Common/Name and IC Generator' successfully

2019-02-20 19:02:19 - [TEST_CASE][PASSED] - Test Cases/All TC/Arranged/1. Common/Name and IC Generator: Test Cases/All TC/Arranged/1. Common/Name and IC Generator

2019-02-20 19:02:19 - [TEST_STEP][PASSED] - r = new java.util.Random(): null

2019-02-20 19:02:19 - [TEST_STEP][PASSED] - snum = r.nextInt(899999 + 1) + 100000: null

2019-02-20 19:02:19 - [TEST_STEP][PASSED] - tnum = r.nextInt(899999 + 1) + 100000: null

2019-02-20 19:02:19 - [TEST_STEP][PASSED] - ICnum = Integer.toString(snum) + Integer.toString(tnum): null

2019-02-20 19:02:19 - [TEST_STEP][PASSED] - ICRand = ICnum: null

2019-02-20 19:02:19 - [TEST_STEP][PASSED] - Name = "a" + ICnum: null

2019-02-20 19:02:19 - [TEST_STEP][PASSED] - out.println(ICRand): null

2019-02-20 19:02:19 - [TEST_STEP][PASSED] - setText(findTestObject("Kelvin/To-call/Name and IC Generator/Nama Penuh"), Name): Text 'a619694976233' is set on object 'Object Repository/Kelvin/To-call/Name and IC Generator/Nama Penuh'

2019-02-20 19:02:23 - [MESSAGE][PASSED] - Text 'a619694976233' is set on object 'Object Repository/Kelvin/To-call/Name and IC Generator/Nama Penuh'

2019-02-20 19:02:23 - [TEST_STEP][PASSED] - setText(findTestObject("Kelvin/To-call/Name and IC Generator/No. Kad IC"), ICnum): Text '619694976233' is set on object 'Object Repository/Kelvin/To-call/Name and IC Generator/No. Kad IC'

2019-02-20 19:02:27 - [MESSAGE][PASSED] - Text '619694976233' is set on object 'Object Repository/Kelvin/To-call/Name and IC Generator/No. Kad IC'

2019-02-20 19:02:27 - [MESSAGE][PASSED] - Call Test Case 'Test Cases/All TC/Arranged/1. Common/Name and IC Generator' successfully

2019-02-20 19:02:27 - [TEST_STEP][PASSED] - selectOptionByValue(findTestObject("Kelvin/Portal (10.20.24.198)/Case Reg_ESO_selfassign/Kategori Kes"), "5", true): All options with value '5' are selected in object 'Object Repository/Kelvin/Portal (10.20.24.198)/Case Reg_ESO_selfassign/Kategori Kes'  using regular expression

2019-02-20 19:02:44 - [MESSAGE][PASSED] - All options with value '5' are selected in object 'Object Repository/Kelvin/Portal (10.20.24.198)/Case Reg_ESO_selfassign/Kategori Kes'  using regular expression

2019-02-20 19:02:44 - [TEST_STEP][PASSED] - setText(findTestObject("Kelvin/Portal (10.20.24.198)/Case Reg_ESO_selfassign/Catatan"), "a"): Text 'a' is set on object 'Object Repository/Kelvin/Portal (10.20.24.198)/Case Reg_ESO_selfassign/Catatan'

2019-02-20 19:02:48 - [MESSAGE][PASSED] - Text 'a' is set on object 'Object Repository/Kelvin/Portal (10.20.24.198)/Case Reg_ESO_selfassign/Catatan'

2019-02-20 19:02:48 - [TEST_STEP][PASSED] - click(findTestObject("Kelvin/Portal (10.20.24.198)/Case Reg_ESO_selfassign/Submit Button")): Object: 'Object Repository/Kelvin/Portal (10.20.24.198)/Case Reg_ESO_selfassign/Submit Button' is clicked on

2019-02-20 19:02:50 - [MESSAGE][PASSED] - Object: 'Object Repository/Kelvin/Portal (10.20.24.198)/Case Reg_ESO_selfassign/Submit Button' is clicked on

2019-02-20 19:02:50 - [TEST_STEP][PASSED] - delay(2): Delayed 2 second(s)

2019-02-20 19:02:52 - [MESSAGE][PASSED] - Delayed 2 second(s)

2019-02-20 19:02:52 - [TEST_STEP][PASSED] - click(findTestObject("Kelvin/Portal (10.20.24.198)/Case Reg_ESO_selfassign/Search By - My Kad")): Object: 'Object Repository/Kelvin/Portal (10.20.24.198)/Case Reg_ESO_selfassign/Search By - My Kad' is clicked on

2019-02-20 19:02:54 - [MESSAGE][PASSED] - Object: 'Object Repository/Kelvin/Portal (10.20.24.198)/Case Reg_ESO_selfassign/Search By - My Kad' is clicked on

2019-02-20 19:02:54 - [TEST_STEP][PASSED] - setText(findTestObject("Kelvin/Portal (10.20.24.198)/Case Reg_ESO_selfassign/Set Search value"), "MyKad"): Text 'MyKad' is set on object 'Object Repository/Kelvin/Portal (10.20.24.198)/Case Reg_ESO_selfassign/Set Search value'

2019-02-20 19:02:58 - [MESSAGE][PASSED] - Text 'MyKad' is set on object 'Object Repository/Kelvin/Portal (10.20.24.198)/Case Reg_ESO_selfassign/Set Search value'

2019-02-20 19:02:58 - [TEST_STEP][PASSED] - sendKeys(findTestObject("Kelvin/Portal (10.20.24.198)/Case Reg_ESO_selfassign/Set Search value - ENTER"), Keys.chord(ENTER)): Keys 'ENTER + ' sent to object: 'Object Repository/Kelvin/Portal (10.20.24.198)/Case Reg_ESO_selfassign/Set Search value - ENTER'

2019-02-20 19:03:00 - [MESSAGE][PASSED] - Keys 'ENTER + ' sent to object: 'Object Repository/Kelvin/Portal (10.20.24.198)/Case Reg_ESO_selfassign/Set Search value - ENTER'

2019-02-20 19:03:00 - [TEST_STEP][PASSED] - setText(findTestObject("Kelvin/Portal (10.20.24.198)/Case Reg_ESO_selfassign/Insert IC"), ICRand): Text '619694976233' is set on object 'Object Repository/Kelvin/Portal (10.20.24.198)/Case Reg_ESO_selfassign/Insert IC'

2019-02-20 19:03:05 - [MESSAGE][PASSED] - Text '619694976233' is set on object 'Object Repository/Kelvin/Portal (10.20.24.198)/Case Reg_ESO_selfassign/Insert IC'

2019-02-20 19:03:05 - [TEST_STEP][PASSED] - click(findTestObject("Kelvin/Portal (10.20.24.198)/Case Reg_ESO_selfassign/Search Button")): Object: 'Object Repository/Kelvin/Portal (10.20.24.198)/Case Reg_ESO_selfassign/Search Button' is clicked on

2019-02-20 19:03:07 - [MESSAGE][PASSED] - Object: 'Object Repository/Kelvin/Portal (10.20.24.198)/Case Reg_ESO_selfassign/Search Button' is clicked on

2019-02-20 19:03:07 - [TEST_STEP][PASSED] - delay(2): Delayed 2 second(s)

2019-02-20 19:03:09 - [MESSAGE][PASSED] - Delayed 2 second(s)

2019-02-20 19:03:09 - [TEST_STEP][PASSED] - focus(findTestObject("Kelvin/Portal (10.20.24.198)/Case Reg_ESO_selfassign/To verify record existed")): Object: 'Object Repository/Kelvin/Portal (10.20.24.198)/Case Reg_ESO_selfassign/To verify record existed' is focused

2019-02-20 19:03:13 - [MESSAGE][PASSED] - Object: 'Object Repository/Kelvin/Portal (10.20.24.198)/Case Reg_ESO_selfassign/To verify record existed' is focused]]></system-out>
         <system-err><![CDATA[]]></system-err>
      </testcase>
      <testcase name="Test Cases/All TC/Arranged/0. Full Flow/Case Reg_CM" classname="Test Cases/All TC/Arranged/0. Full Flow/Case Reg_CM" status="PASSED">
         <system-out><![CDATA[2019-02-20 19:03:13 - [TEST_CASE][PASSED] - Test Cases/All TC/Arranged/0. Full Flow/Case Reg_CM: Test Cases/All TC/Arranged/0. Full Flow/Case Reg_CM

2019-02-20 19:03:13 - [TEST_STEP][PASSED] - openBrowser(""): Browser is opened with url: ''

2019-02-20 19:03:13 - [MESSAGE][WARNING] - A browser is already opened. Closing browser and opening a new one

2019-02-20 19:03:15 - [MESSAGE][INFO] - Starting 'Chrome' driver

2019-02-20 19:03:15 - [MESSAGE][INFO] - User set preference: ['args', '[--start-maximized]']

2019-02-20 19:03:19 - [MESSAGE][PASSED] - Browser is opened with url: ''

2019-02-20 19:03:19 - [TEST_STEP][PASSED] - navigateToUrl(Internal_Login): Navigate to 'http://10.20.24.188/eisportal/user/login' successfully

2019-02-20 19:03:21 - [MESSAGE][PASSED] - Navigate to 'http://10.20.24.188/eisportal/user/login' successfully

2019-02-20 19:03:21 - [TEST_STEP][PASSED] - delay(2): Delayed 2 second(s)

2019-02-20 19:03:23 - [MESSAGE][PASSED] - Delayed 2 second(s)

2019-02-20 19:03:23 - [TEST_STEP][PASSED] - setText(findTestObject("Kelvin/Portal (10.20.24.198)/Case Reg_CM/mkcm email"), MK_CM): Text 'mkcm3@perkeso.gov.my' is set on object 'Object Repository/Kelvin/Portal (10.20.24.198)/Case Reg_CM/mkcm email'

2019-02-20 19:03:27 - [MESSAGE][PASSED] - Text 'mkcm3@perkeso.gov.my' is set on object 'Object Repository/Kelvin/Portal (10.20.24.198)/Case Reg_CM/mkcm email'

2019-02-20 19:03:27 - [TEST_STEP][PASSED] - setText(findTestObject("Kelvin/Portal (10.20.24.198)/Case Reg_CM/mkcm pw"), Internal_PW): Text 'otc1' is set on object 'Object Repository/Kelvin/Portal (10.20.24.198)/Case Reg_CM/mkcm pw'

2019-02-20 19:03:31 - [MESSAGE][PASSED] - Text 'otc1' is set on object 'Object Repository/Kelvin/Portal (10.20.24.198)/Case Reg_CM/mkcm pw'

2019-02-20 19:03:31 - [TEST_STEP][PASSED] - click(findTestObject("Kelvin/Portal (10.20.24.198)/Case Reg_CM/Login Button")): Object: 'Object Repository/Kelvin/Portal (10.20.24.198)/Case Reg_CM/Login Button' is clicked on

2019-02-20 19:03:34 - [MESSAGE][PASSED] - Object: 'Object Repository/Kelvin/Portal (10.20.24.198)/Case Reg_CM/Login Button' is clicked on

2019-02-20 19:03:34 - [TEST_STEP][PASSED] - delay(2): Delayed 2 second(s)

2019-02-20 19:03:36 - [MESSAGE][PASSED] - Delayed 2 second(s)

2019-02-20 19:03:36 - [TEST_STEP][PASSED] - click(findTestObject("Kelvin/Portal (10.20.24.198)/Case Reg_CM/Button PENDAFTARAN KES")): Object: 'Object Repository/Kelvin/Portal (10.20.24.198)/Case Reg_CM/Button PENDAFTARAN KES' is clicked on

2019-02-20 19:03:39 - [MESSAGE][PASSED] - Object: 'Object Repository/Kelvin/Portal (10.20.24.198)/Case Reg_CM/Button PENDAFTARAN KES' is clicked on

2019-02-20 19:03:39 - [TEST_STEP][PASSED] - callTestCase(findTestCase("All TC/Arranged/1. Common/Name and IC Generator"), [:], STOP_ON_FAILURE): Call Test Case 'Test Cases/All TC/Arranged/1. Common/Name and IC Generator' successfully

2019-02-20 19:03:39 - [TEST_CASE][PASSED] - Test Cases/All TC/Arranged/1. Common/Name and IC Generator: Test Cases/All TC/Arranged/1. Common/Name and IC Generator

2019-02-20 19:03:39 - [TEST_STEP][PASSED] - r = new java.util.Random(): null

2019-02-20 19:03:39 - [TEST_STEP][PASSED] - snum = r.nextInt(899999 + 1) + 100000: null

2019-02-20 19:03:39 - [TEST_STEP][PASSED] - tnum = r.nextInt(899999 + 1) + 100000: null

2019-02-20 19:03:39 - [TEST_STEP][PASSED] - ICnum = Integer.toString(snum) + Integer.toString(tnum): null

2019-02-20 19:03:39 - [TEST_STEP][PASSED] - ICRand = ICnum: null

2019-02-20 19:03:39 - [TEST_STEP][PASSED] - Name = "a" + ICnum: null

2019-02-20 19:03:39 - [TEST_STEP][PASSED] - out.println(ICRand): null

2019-02-20 19:03:39 - [TEST_STEP][PASSED] - setText(findTestObject("Kelvin/To-call/Name and IC Generator/Nama Penuh"), Name): Text 'a847525278674' is set on object 'Object Repository/Kelvin/To-call/Name and IC Generator/Nama Penuh'

2019-02-20 19:03:43 - [MESSAGE][PASSED] - Text 'a847525278674' is set on object 'Object Repository/Kelvin/To-call/Name and IC Generator/Nama Penuh'

2019-02-20 19:03:43 - [TEST_STEP][PASSED] - setText(findTestObject("Kelvin/To-call/Name and IC Generator/No. Kad IC"), ICnum): Text '847525278674' is set on object 'Object Repository/Kelvin/To-call/Name and IC Generator/No. Kad IC'

2019-02-20 19:03:48 - [MESSAGE][PASSED] - Text '847525278674' is set on object 'Object Repository/Kelvin/To-call/Name and IC Generator/No. Kad IC'

2019-02-20 19:03:48 - [MESSAGE][PASSED] - Call Test Case 'Test Cases/All TC/Arranged/1. Common/Name and IC Generator' successfully

2019-02-20 19:03:48 - [TEST_STEP][PASSED] - setText(findTestObject("Kelvin/Portal (10.20.24.198)/Case Reg_CM/insert mobile number"), "99999999999"): Text '99999999999' is set on object 'Object Repository/Kelvin/Portal (10.20.24.198)/Case Reg_CM/insert mobile number'

2019-02-20 19:03:52 - [MESSAGE][PASSED] - Text '99999999999' is set on object 'Object Repository/Kelvin/Portal (10.20.24.198)/Case Reg_CM/insert mobile number'

2019-02-20 19:03:52 - [TEST_STEP][PASSED] - click(findTestObject("Kelvin/Portal (10.20.24.198)/Case Reg_CM/Submit Button")): Object: 'Object Repository/Kelvin/Portal (10.20.24.198)/Case Reg_CM/Submit Button' is clicked on

2019-02-20 19:03:54 - [MESSAGE][PASSED] - Object: 'Object Repository/Kelvin/Portal (10.20.24.198)/Case Reg_CM/Submit Button' is clicked on

2019-02-20 19:03:54 - [TEST_STEP][PASSED] - delay(2): Delayed 2 second(s)

2019-02-20 19:03:56 - [MESSAGE][PASSED] - Delayed 2 second(s)

2019-02-20 19:03:56 - [TEST_STEP][PASSED] - selectOptionByValue(findTestObject("Kelvin/Portal (10.20.24.198)/Case Reg_CM/Kategori carian - MyKad"), "2", true): All options with value '2' are selected in object 'Object Repository/Kelvin/Portal (10.20.24.198)/Case Reg_CM/Kategori carian - MyKad'  using regular expression

2019-02-20 19:04:11 - [MESSAGE][PASSED] - All options with value '2' are selected in object 'Object Repository/Kelvin/Portal (10.20.24.198)/Case Reg_CM/Kategori carian - MyKad'  using regular expression

2019-02-20 19:04:11 - [TEST_STEP][PASSED] - setText(findTestObject("Kelvin/Portal (10.20.24.198)/Case Reg_CM/Insert IC"), ICRand): Text '847525278674' is set on object 'Object Repository/Kelvin/Portal (10.20.24.198)/Case Reg_CM/Insert IC'

2019-02-20 19:04:16 - [MESSAGE][PASSED] - Text '847525278674' is set on object 'Object Repository/Kelvin/Portal (10.20.24.198)/Case Reg_CM/Insert IC'

2019-02-20 19:04:16 - [TEST_STEP][PASSED] - click(findTestObject("Kelvin/Portal (10.20.24.198)/Case Reg_CM/Search Button")): Object: 'Object Repository/Kelvin/Portal (10.20.24.198)/Case Reg_CM/Search Button' is clicked on

2019-02-20 19:04:18 - [MESSAGE][PASSED] - Object: 'Object Repository/Kelvin/Portal (10.20.24.198)/Case Reg_CM/Search Button' is clicked on

2019-02-20 19:04:18 - [TEST_STEP][PASSED] - delay(2): Delayed 2 second(s)

2019-02-20 19:04:20 - [MESSAGE][PASSED] - Delayed 2 second(s)

2019-02-20 19:04:20 - [TEST_STEP][PASSED] - focus(findTestObject("Kelvin/Portal (10.20.24.198)/Case Reg_CM/To verify record existed")): Object: 'Object Repository/Kelvin/Portal (10.20.24.198)/Case Reg_CM/To verify record existed' is focused

2019-02-20 19:04:24 - [MESSAGE][PASSED] - Object: 'Object Repository/Kelvin/Portal (10.20.24.198)/Case Reg_CM/To verify record existed' is focused]]></system-out>
         <system-err><![CDATA[]]></system-err>
      </testcase>
      <testcase name="Test Cases/All TC/Arranged/0. Full Flow/Approve Claim - RIA" classname="Test Cases/All TC/Arranged/0. Full Flow/Approve Claim - RIA" status="FAILED">
         <failure type="FAILED" message="Test Cases/All TC/Arranged/0. Full Flow/Approve Claim - RIA FAILED.
Reason:
com.kms.katalon.core.exception.StepFailedException: Unable to click on object 'Object Repository/KeatMun/Form 7_default/OTC_Submit Form 7_Section F-G-H/Page_PERKESO/G2. span_Isteri' (Root cause: com.kms.katalon.core.webui.exception.WebElementNotFoundException: Web element with id: 'Object Repository/KeatMun/Form 7_default/OTC_Submit Form 7_Section F-G-H/Page_PERKESO/G2. span_Isteri' located by 'By.xpath: //span[@id = 'select2-dependentList0dependentRelationId-container' and @title = 'Isteri' and (text() = 'Isteri' or . = 'Isteri')]' not found)
	at com.kms.katalon.core.keyword.internal.KeywordMain.stepFailed(KeywordMain.groovy:36)
	at com.kms.katalon.core.webui.keyword.internal.WebUIKeywordMain.stepFailed(WebUIKeywordMain.groovy:65)
	at com.kms.katalon.core.webui.keyword.internal.WebUIKeywordMain.runKeyword(WebUIKeywordMain.groovy:27)
	at com.kms.katalon.core.webui.keyword.builtin.ClickKeyword.click(ClickKeyword.groovy:86)
	at com.kms.katalon.core.webui.keyword.builtin.ClickKeyword.execute(ClickKeyword.groovy:67)
	at com.kms.katalon.core.keyword.internal.KeywordExecutor.executeKeywordForPlatform(KeywordExecutor.groovy:53)
	at com.kms.katalon.core.webui.keyword.WebUiBuiltInKeywords.click(WebUiBuiltInKeywords.groovy:616)
	at com.kms.katalon.core.webui.keyword.WebUiBuiltInKeywords$click$3.call(Unknown Source)
	at OTC_Submit Form 7_Section F-G-H - Cheque.run(OTC_Submit Form 7_Section F-G-H - Cheque:41)
	at com.kms.katalon.core.main.ScriptEngine.run(ScriptEngine.java:194)
	at com.kms.katalon.core.main.ScriptEngine.runScriptAsRawText(ScriptEngine.java:119)
	at com.kms.katalon.core.main.TestCaseExecutor.runScript(TestCaseExecutor.java:328)
	at com.kms.katalon.core.main.TestCaseExecutor.doExecute(TestCaseExecutor.java:319)
	at com.kms.katalon.core.main.TestCaseExecutor.processExecutionPhase(TestCaseExecutor.java:298)
	at com.kms.katalon.core.main.TestCaseExecutor.accessMainPhase(TestCaseExecutor.java:290)
	at com.kms.katalon.core.main.TestCaseExecutor.execute(TestCaseExecutor.java:224)
	at com.kms.katalon.core.main.TestCaseMain.runTestCase(TestCaseMain.java:106)
	at com.kms.katalon.core.keyword.builtin.CallTestCaseKeyword$_callTestCase_closure1.doCall(CallTestCaseKeyword.groovy:59)
	at com.kms.katalon.core.keyword.builtin.CallTestCaseKeyword$_callTestCase_closure1.call(CallTestCaseKeyword.groovy)
	at com.kms.katalon.core.keyword.internal.KeywordMain.runKeyword(KeywordMain.groovy:54)
	at com.kms.katalon.core.keyword.builtin.CallTestCaseKeyword.callTestCase(CallTestCaseKeyword.groovy:80)
	at com.kms.katalon.core.keyword.builtin.CallTestCaseKeyword.execute(CallTestCaseKeyword.groovy:44)
	at com.kms.katalon.core.keyword.internal.KeywordExecutor.executeKeywordForPlatform(KeywordExecutor.groovy:53)
	at com.kms.katalon.core.keyword.BuiltinKeywords.callTestCase(BuiltinKeywords.groovy:334)
	at OTC_Submit Form 7_End to End - Cheque.run(OTC_Submit Form 7_End to End - Cheque:26)
	at com.kms.katalon.core.main.ScriptEngine.run(ScriptEngine.java:194)
	at com.kms.katalon.core.main.ScriptEngine.runScriptAsRawText(ScriptEngine.java:119)
	at com.kms.katalon.core.main.TestCaseExecutor.runScript(TestCaseExecutor.java:328)
	at com.kms.katalon.core.main.TestCaseExecutor.doExecute(TestCaseExecutor.java:319)
	at com.kms.katalon.core.main.TestCaseExecutor.processExecutionPhase(TestCaseExecutor.java:298)
	at com.kms.katalon.core.main.TestCaseExecutor.accessMainPhase(TestCaseExecutor.java:290)
	at com.kms.katalon.core.main.TestCaseExecutor.execute(TestCaseExecutor.java:224)
	at com.kms.katalon.core.main.TestCaseMain.runTestCase(TestCaseMain.java:106)
	at com.kms.katalon.core.keyword.builtin.CallTestCaseKeyword$_callTestCase_closure1.doCall(CallTestCaseKeyword.groovy:59)
	at com.kms.katalon.core.keyword.builtin.CallTestCaseKeyword$_callTestCase_closure1.call(CallTestCaseKeyword.groovy)
	at com.kms.katalon.core.keyword.internal.KeywordMain.runKeyword(KeywordMain.groovy:54)
	at com.kms.katalon.core.keyword.builtin.CallTestCaseKeyword.callTestCase(CallTestCaseKeyword.groovy:80)
	at com.kms.katalon.core.keyword.builtin.CallTestCaseKeyword.execute(CallTestCaseKeyword.groovy:44)
	at com.kms.katalon.core.keyword.internal.KeywordExecutor.executeKeywordForPlatform(KeywordExecutor.groovy:53)
	at com.kms.katalon.core.keyword.BuiltinKeywords.callTestCase(BuiltinKeywords.groovy:334)
	at Approve Claim - RIA.run(Approve Claim - RIA:16)
	at com.kms.katalon.core.main.ScriptEngine.run(ScriptEngine.java:194)
	at com.kms.katalon.core.main.ScriptEngine.runScriptAsRawText(ScriptEngine.java:119)
	at com.kms.katalon.core.main.TestCaseExecutor.runScript(TestCaseExecutor.java:328)
	at com.kms.katalon.core.main.TestCaseExecutor.doExecute(TestCaseExecutor.java:319)
	at com.kms.katalon.core.main.TestCaseExecutor.processExecutionPhase(TestCaseExecutor.java:298)
	at com.kms.katalon.core.main.TestCaseExecutor.accessMainPhase(TestCaseExecutor.java:290)
	at com.kms.katalon.core.main.TestCaseExecutor.execute(TestCaseExecutor.java:224)
	at com.kms.katalon.core.main.TestSuiteExecutor.accessTestCaseMainPhase(TestSuiteExecutor.java:129)
	at com.kms.katalon.core.main.TestSuiteExecutor.accessTestSuiteMainPhase(TestSuiteExecutor.java:112)
	at com.kms.katalon.core.main.TestSuiteExecutor.execute(TestSuiteExecutor.java:81)
	at com.kms.katalon.core.main.TestCaseMain.startTestSuite(TestCaseMain.java:149)
	at com.kms.katalon.core.main.TestCaseMain$startTestSuite$0.call(Unknown Source)
	at TempTestSuite1550652525208.run(TempTestSuite1550652525208.groovy:36)
"/>
         <system-out><![CDATA[2019-02-20 19:04:24 - [TEST_CASE][FAILED] - Test Cases/All TC/Arranged/0. Full Flow/Approve Claim - RIA: Test Cases/All TC/Arranged/0. Full Flow/Approve Claim - RIA FAILED.
Reason:
com.kms.katalon.core.exception.StepFailedException: Unable to click on object 'Object Repository/KeatMun/Form 7_default/OTC_Submit Form 7_Section F-G-H/Page_PERKESO/G2. span_Isteri' (Root cause: com.kms.katalon.core.webui.exception.WebElementNotFoundException: Web element with id: 'Object Repository/KeatMun/Form 7_default/OTC_Submit Form 7_Section F-G-H/Page_PERKESO/G2. span_Isteri' located by 'By.xpath: //span[@id = 'select2-dependentList0dependentRelationId-container' and @title = 'Isteri' and (text() = 'Isteri' or . = 'Isteri')]' not found)
	at com.kms.katalon.core.keyword.internal.KeywordMain.stepFailed(KeywordMain.groovy:36)
	at com.kms.katalon.core.webui.keyword.internal.WebUIKeywordMain.stepFailed(WebUIKeywordMain.groovy:65)
	at com.kms.katalon.core.webui.keyword.internal.WebUIKeywordMain.runKeyword(WebUIKeywordMain.groovy:27)
	at com.kms.katalon.core.webui.keyword.builtin.ClickKeyword.click(ClickKeyword.groovy:86)
	at com.kms.katalon.core.webui.keyword.builtin.ClickKeyword.execute(ClickKeyword.groovy:67)
	at com.kms.katalon.core.keyword.internal.KeywordExecutor.executeKeywordForPlatform(KeywordExecutor.groovy:53)
	at com.kms.katalon.core.webui.keyword.WebUiBuiltInKeywords.click(WebUiBuiltInKeywords.groovy:616)
	at com.kms.katalon.core.webui.keyword.WebUiBuiltInKeywords$click$3.call(Unknown Source)
	at OTC_Submit Form 7_Section F-G-H - Cheque.run(OTC_Submit Form 7_Section F-G-H - Cheque:41)
	at com.kms.katalon.core.main.ScriptEngine.run(ScriptEngine.java:194)
	at com.kms.katalon.core.main.ScriptEngine.runScriptAsRawText(ScriptEngine.java:119)
	at com.kms.katalon.core.main.TestCaseExecutor.runScript(TestCaseExecutor.java:328)
	at com.kms.katalon.core.main.TestCaseExecutor.doExecute(TestCaseExecutor.java:319)
	at com.kms.katalon.core.main.TestCaseExecutor.processExecutionPhase(TestCaseExecutor.java:298)
	at com.kms.katalon.core.main.TestCaseExecutor.accessMainPhase(TestCaseExecutor.java:290)
	at com.kms.katalon.core.main.TestCaseExecutor.execute(TestCaseExecutor.java:224)
	at com.kms.katalon.core.main.TestCaseMain.runTestCase(TestCaseMain.java:106)
	at com.kms.katalon.core.keyword.builtin.CallTestCaseKeyword$_callTestCase_closure1.doCall(CallTestCaseKeyword.groovy:59)
	at com.kms.katalon.core.keyword.builtin.CallTestCaseKeyword$_callTestCase_closure1.call(CallTestCaseKeyword.groovy)
	at com.kms.katalon.core.keyword.internal.KeywordMain.runKeyword(KeywordMain.groovy:54)
	at com.kms.katalon.core.keyword.builtin.CallTestCaseKeyword.callTestCase(CallTestCaseKeyword.groovy:80)
	at com.kms.katalon.core.keyword.builtin.CallTestCaseKeyword.execute(CallTestCaseKeyword.groovy:44)
	at com.kms.katalon.core.keyword.internal.KeywordExecutor.executeKeywordForPlatform(KeywordExecutor.groovy:53)
	at com.kms.katalon.core.keyword.BuiltinKeywords.callTestCase(BuiltinKeywords.groovy:334)
	at OTC_Submit Form 7_End to End - Cheque.run(OTC_Submit Form 7_End to End - Cheque:26)
	at com.kms.katalon.core.main.ScriptEngine.run(ScriptEngine.java:194)
	at com.kms.katalon.core.main.ScriptEngine.runScriptAsRawText(ScriptEngine.java:119)
	at com.kms.katalon.core.main.TestCaseExecutor.runScript(TestCaseExecutor.java:328)
	at com.kms.katalon.core.main.TestCaseExecutor.doExecute(TestCaseExecutor.java:319)
	at com.kms.katalon.core.main.TestCaseExecutor.processExecutionPhase(TestCaseExecutor.java:298)
	at com.kms.katalon.core.main.TestCaseExecutor.accessMainPhase(TestCaseExecutor.java:290)
	at com.kms.katalon.core.main.TestCaseExecutor.execute(TestCaseExecutor.java:224)
	at com.kms.katalon.core.main.TestCaseMain.runTestCase(TestCaseMain.java:106)
	at com.kms.katalon.core.keyword.builtin.CallTestCaseKeyword$_callTestCase_closure1.doCall(CallTestCaseKeyword.groovy:59)
	at com.kms.katalon.core.keyword.builtin.CallTestCaseKeyword$_callTestCase_closure1.call(CallTestCaseKeyword.groovy)
	at com.kms.katalon.core.keyword.internal.KeywordMain.runKeyword(KeywordMain.groovy:54)
	at com.kms.katalon.core.keyword.builtin.CallTestCaseKeyword.callTestCase(CallTestCaseKeyword.groovy:80)
	at com.kms.katalon.core.keyword.builtin.CallTestCaseKeyword.execute(CallTestCaseKeyword.groovy:44)
	at com.kms.katalon.core.keyword.internal.KeywordExecutor.executeKeywordForPlatform(KeywordExecutor.groovy:53)
	at com.kms.katalon.core.keyword.BuiltinKeywords.callTestCase(BuiltinKeywords.groovy:334)
	at Approve Claim - RIA.run(Approve Claim - RIA:16)
	at com.kms.katalon.core.main.ScriptEngine.run(ScriptEngine.java:194)
	at com.kms.katalon.core.main.ScriptEngine.runScriptAsRawText(ScriptEngine.java:119)
	at com.kms.katalon.core.main.TestCaseExecutor.runScript(TestCaseExecutor.java:328)
	at com.kms.katalon.core.main.TestCaseExecutor.doExecute(TestCaseExecutor.java:319)
	at com.kms.katalon.core.main.TestCaseExecutor.processExecutionPhase(TestCaseExecutor.java:298)
	at com.kms.katalon.core.main.TestCaseExecutor.accessMainPhase(TestCaseExecutor.java:290)
	at com.kms.katalon.core.main.TestCaseExecutor.execute(TestCaseExecutor.java:224)
	at com.kms.katalon.core.main.TestSuiteExecutor.accessTestCaseMainPhase(TestSuiteExecutor.java:129)
	at com.kms.katalon.core.main.TestSuiteExecutor.accessTestSuiteMainPhase(TestSuiteExecutor.java:112)
	at com.kms.katalon.core.main.TestSuiteExecutor.execute(TestSuiteExecutor.java:81)
	at com.kms.katalon.core.main.TestCaseMain.startTestSuite(TestCaseMain.java:149)
	at com.kms.katalon.core.main.TestCaseMain$startTestSuite$0.call(Unknown Source)
	at TempTestSuite1550652525208.run(TempTestSuite1550652525208.groovy:36)


2019-02-20 19:04:24 - [TEST_STEP][FAILED] - callTestCase(findTestCase("All TC/Arranged/2. Segment/OTC_Submit Form 7_End to End - Cheque"), [:], STOP_ON_FAILURE): callTestCase(findTestCase("All TC/Arranged/2. Segment/OTC_Submit Form 7_End to End - Cheque"), [:], STOP_ON_FAILURE) FAILED.
Reason:
com.kms.katalon.core.exception.StepFailedException: Unable to click on object 'Object Repository/KeatMun/Form 7_default/OTC_Submit Form 7_Section F-G-H/Page_PERKESO/G2. span_Isteri' (Root cause: com.kms.katalon.core.webui.exception.WebElementNotFoundException: Web element with id: 'Object Repository/KeatMun/Form 7_default/OTC_Submit Form 7_Section F-G-H/Page_PERKESO/G2. span_Isteri' located by 'By.xpath: //span[@id = 'select2-dependentList0dependentRelationId-container' and @title = 'Isteri' and (text() = 'Isteri' or . = 'Isteri')]' not found)
	at com.kms.katalon.core.keyword.internal.KeywordMain.stepFailed(KeywordMain.groovy:36)
	at com.kms.katalon.core.webui.keyword.internal.WebUIKeywordMain.stepFailed(WebUIKeywordMain.groovy:65)
	at com.kms.katalon.core.webui.keyword.internal.WebUIKeywordMain.runKeyword(WebUIKeywordMain.groovy:27)
	at com.kms.katalon.core.webui.keyword.builtin.ClickKeyword.click(ClickKeyword.groovy:86)
	at com.kms.katalon.core.webui.keyword.builtin.ClickKeyword.execute(ClickKeyword.groovy:67)
	at com.kms.katalon.core.keyword.internal.KeywordExecutor.executeKeywordForPlatform(KeywordExecutor.groovy:53)
	at com.kms.katalon.core.webui.keyword.WebUiBuiltInKeywords.click(WebUiBuiltInKeywords.groovy:616)
	at com.kms.katalon.core.webui.keyword.WebUiBuiltInKeywords$click$3.call(Unknown Source)
	at OTC_Submit Form 7_Section F-G-H - Cheque.run(OTC_Submit Form 7_Section F-G-H - Cheque:41)
	at com.kms.katalon.core.main.ScriptEngine.run(ScriptEngine.java:194)
	at com.kms.katalon.core.main.ScriptEngine.runScriptAsRawText(ScriptEngine.java:119)
	at com.kms.katalon.core.main.TestCaseExecutor.runScript(TestCaseExecutor.java:328)
	at com.kms.katalon.core.main.TestCaseExecutor.doExecute(TestCaseExecutor.java:319)
	at com.kms.katalon.core.main.TestCaseExecutor.processExecutionPhase(TestCaseExecutor.java:298)
	at com.kms.katalon.core.main.TestCaseExecutor.accessMainPhase(TestCaseExecutor.java:290)
	at com.kms.katalon.core.main.TestCaseExecutor.execute(TestCaseExecutor.java:224)
	at com.kms.katalon.core.main.TestCaseMain.runTestCase(TestCaseMain.java:106)
	at com.kms.katalon.core.keyword.builtin.CallTestCaseKeyword$_callTestCase_closure1.doCall(CallTestCaseKeyword.groovy:59)
	at com.kms.katalon.core.keyword.builtin.CallTestCaseKeyword$_callTestCase_closure1.call(CallTestCaseKeyword.groovy)
	at com.kms.katalon.core.keyword.internal.KeywordMain.runKeyword(KeywordMain.groovy:54)
	at com.kms.katalon.core.keyword.builtin.CallTestCaseKeyword.callTestCase(CallTestCaseKeyword.groovy:80)
	at com.kms.katalon.core.keyword.builtin.CallTestCaseKeyword.execute(CallTestCaseKeyword.groovy:44)
	at com.kms.katalon.core.keyword.internal.KeywordExecutor.executeKeywordForPlatform(KeywordExecutor.groovy:53)
	at com.kms.katalon.core.keyword.BuiltinKeywords.callTestCase(BuiltinKeywords.groovy:334)
	at OTC_Submit Form 7_End to End - Cheque.run(OTC_Submit Form 7_End to End - Cheque:26)
	at com.kms.katalon.core.main.ScriptEngine.run(ScriptEngine.java:194)
	at com.kms.katalon.core.main.ScriptEngine.runScriptAsRawText(ScriptEngine.java:119)
	at com.kms.katalon.core.main.TestCaseExecutor.runScript(TestCaseExecutor.java:328)
	at com.kms.katalon.core.main.TestCaseExecutor.doExecute(TestCaseExecutor.java:319)
	at com.kms.katalon.core.main.TestCaseExecutor.processExecutionPhase(TestCaseExecutor.java:298)
	at com.kms.katalon.core.main.TestCaseExecutor.accessMainPhase(TestCaseExecutor.java:290)
	at com.kms.katalon.core.main.TestCaseExecutor.execute(TestCaseExecutor.java:224)
	at com.kms.katalon.core.main.TestCaseMain.runTestCase(TestCaseMain.java:106)
	at com.kms.katalon.core.keyword.builtin.CallTestCaseKeyword$_callTestCase_closure1.doCall(CallTestCaseKeyword.groovy:59)
	at com.kms.katalon.core.keyword.builtin.CallTestCaseKeyword$_callTestCase_closure1.call(CallTestCaseKeyword.groovy)
	at com.kms.katalon.core.keyword.internal.KeywordMain.runKeyword(KeywordMain.groovy:54)
	at com.kms.katalon.core.keyword.builtin.CallTestCaseKeyword.callTestCase(CallTestCaseKeyword.groovy:80)
	at com.kms.katalon.core.keyword.builtin.CallTestCaseKeyword.execute(CallTestCaseKeyword.groovy:44)
	at com.kms.katalon.core.keyword.internal.KeywordExecutor.executeKeywordForPlatform(KeywordExecutor.groovy:53)
	at com.kms.katalon.core.keyword.BuiltinKeywords.callTestCase(BuiltinKeywords.groovy:334)
	at Approve Claim - RIA.run(Approve Claim - RIA:16)
	at com.kms.katalon.core.main.ScriptEngine.run(ScriptEngine.java:194)
	at com.kms.katalon.core.main.ScriptEngine.runScriptAsRawText(ScriptEngine.java:119)
	at com.kms.katalon.core.main.TestCaseExecutor.runScript(TestCaseExecutor.java:328)
	at com.kms.katalon.core.main.TestCaseExecutor.doExecute(TestCaseExecutor.java:319)
	at com.kms.katalon.core.main.TestCaseExecutor.processExecutionPhase(TestCaseExecutor.java:298)
	at com.kms.katalon.core.main.TestCaseExecutor.accessMainPhase(TestCaseExecutor.java:290)
	at com.kms.katalon.core.main.TestCaseExecutor.execute(TestCaseExecutor.java:224)
	at com.kms.katalon.core.main.TestSuiteExecutor.accessTestCaseMainPhase(TestSuiteExecutor.java:129)
	at com.kms.katalon.core.main.TestSuiteExecutor.accessTestSuiteMainPhase(TestSuiteExecutor.java:112)
	at com.kms.katalon.core.main.TestSuiteExecutor.execute(TestSuiteExecutor.java:81)
	at com.kms.katalon.core.main.TestCaseMain.startTestSuite(TestCaseMain.java:149)
	at com.kms.katalon.core.main.TestCaseMain$startTestSuite$0.call(Unknown Source)
	at TempTestSuite1550652525208.run(TempTestSuite1550652525208.groovy:36)


2019-02-20 19:04:24 - [TEST_CASE][FAILED] - Test Cases/All TC/Arranged/2. Segment/OTC_Submit Form 7_End to End - Cheque: Test Cases/All TC/Arranged/2. Segment/OTC_Submit Form 7_End to End - Cheque FAILED.
Reason:
com.kms.katalon.core.exception.StepFailedException: Unable to click on object 'Object Repository/KeatMun/Form 7_default/OTC_Submit Form 7_Section F-G-H/Page_PERKESO/G2. span_Isteri' (Root cause: com.kms.katalon.core.webui.exception.WebElementNotFoundException: Web element with id: 'Object Repository/KeatMun/Form 7_default/OTC_Submit Form 7_Section F-G-H/Page_PERKESO/G2. span_Isteri' located by 'By.xpath: //span[@id = 'select2-dependentList0dependentRelationId-container' and @title = 'Isteri' and (text() = 'Isteri' or . = 'Isteri')]' not found)
	at com.kms.katalon.core.keyword.internal.KeywordMain.stepFailed(KeywordMain.groovy:36)
	at com.kms.katalon.core.webui.keyword.internal.WebUIKeywordMain.stepFailed(WebUIKeywordMain.groovy:65)
	at com.kms.katalon.core.webui.keyword.internal.WebUIKeywordMain.runKeyword(WebUIKeywordMain.groovy:27)
	at com.kms.katalon.core.webui.keyword.builtin.ClickKeyword.click(ClickKeyword.groovy:86)
	at com.kms.katalon.core.webui.keyword.builtin.ClickKeyword.execute(ClickKeyword.groovy:67)
	at com.kms.katalon.core.keyword.internal.KeywordExecutor.executeKeywordForPlatform(KeywordExecutor.groovy:53)
	at com.kms.katalon.core.webui.keyword.WebUiBuiltInKeywords.click(WebUiBuiltInKeywords.groovy:616)
	at com.kms.katalon.core.webui.keyword.WebUiBuiltInKeywords$click$3.call(Unknown Source)
	at OTC_Submit Form 7_Section F-G-H - Cheque.run(OTC_Submit Form 7_Section F-G-H - Cheque:41)
	at com.kms.katalon.core.main.ScriptEngine.run(ScriptEngine.java:194)
	at com.kms.katalon.core.main.ScriptEngine.runScriptAsRawText(ScriptEngine.java:119)
	at com.kms.katalon.core.main.TestCaseExecutor.runScript(TestCaseExecutor.java:328)
	at com.kms.katalon.core.main.TestCaseExecutor.doExecute(TestCaseExecutor.java:319)
	at com.kms.katalon.core.main.TestCaseExecutor.processExecutionPhase(TestCaseExecutor.java:298)
	at com.kms.katalon.core.main.TestCaseExecutor.accessMainPhase(TestCaseExecutor.java:290)
	at com.kms.katalon.core.main.TestCaseExecutor.execute(TestCaseExecutor.java:224)
	at com.kms.katalon.core.main.TestCaseMain.runTestCase(TestCaseMain.java:106)
	at com.kms.katalon.core.keyword.builtin.CallTestCaseKeyword$_callTestCase_closure1.doCall(CallTestCaseKeyword.groovy:59)
	at com.kms.katalon.core.keyword.builtin.CallTestCaseKeyword$_callTestCase_closure1.call(CallTestCaseKeyword.groovy)
	at com.kms.katalon.core.keyword.internal.KeywordMain.runKeyword(KeywordMain.groovy:54)
	at com.kms.katalon.core.keyword.builtin.CallTestCaseKeyword.callTestCase(CallTestCaseKeyword.groovy:80)
	at com.kms.katalon.core.keyword.builtin.CallTestCaseKeyword.execute(CallTestCaseKeyword.groovy:44)
	at com.kms.katalon.core.keyword.internal.KeywordExecutor.executeKeywordForPlatform(KeywordExecutor.groovy:53)
	at com.kms.katalon.core.keyword.BuiltinKeywords.callTestCase(BuiltinKeywords.groovy:334)
	at OTC_Submit Form 7_End to End - Cheque.run(OTC_Submit Form 7_End to End - Cheque:26)
	at com.kms.katalon.core.main.ScriptEngine.run(ScriptEngine.java:194)
	at com.kms.katalon.core.main.ScriptEngine.runScriptAsRawText(ScriptEngine.java:119)
	at com.kms.katalon.core.main.TestCaseExecutor.runScript(TestCaseExecutor.java:328)
	at com.kms.katalon.core.main.TestCaseExecutor.doExecute(TestCaseExecutor.java:319)
	at com.kms.katalon.core.main.TestCaseExecutor.processExecutionPhase(TestCaseExecutor.java:298)
	at com.kms.katalon.core.main.TestCaseExecutor.accessMainPhase(TestCaseExecutor.java:290)
	at com.kms.katalon.core.main.TestCaseExecutor.execute(TestCaseExecutor.java:224)
	at com.kms.katalon.core.main.TestCaseMain.runTestCase(TestCaseMain.java:106)
	at com.kms.katalon.core.keyword.builtin.CallTestCaseKeyword$_callTestCase_closure1.doCall(CallTestCaseKeyword.groovy:59)
	at com.kms.katalon.core.keyword.builtin.CallTestCaseKeyword$_callTestCase_closure1.call(CallTestCaseKeyword.groovy)
	at com.kms.katalon.core.keyword.internal.KeywordMain.runKeyword(KeywordMain.groovy:54)
	at com.kms.katalon.core.keyword.builtin.CallTestCaseKeyword.callTestCase(CallTestCaseKeyword.groovy:80)
	at com.kms.katalon.core.keyword.builtin.CallTestCaseKeyword.execute(CallTestCaseKeyword.groovy:44)
	at com.kms.katalon.core.keyword.internal.KeywordExecutor.executeKeywordForPlatform(KeywordExecutor.groovy:53)
	at com.kms.katalon.core.keyword.BuiltinKeywords.callTestCase(BuiltinKeywords.groovy:334)
	at Approve Claim - RIA.run(Approve Claim - RIA:16)
	at com.kms.katalon.core.main.ScriptEngine.run(ScriptEngine.java:194)
	at com.kms.katalon.core.main.ScriptEngine.runScriptAsRawText(ScriptEngine.java:119)
	at com.kms.katalon.core.main.TestCaseExecutor.runScript(TestCaseExecutor.java:328)
	at com.kms.katalon.core.main.TestCaseExecutor.doExecute(TestCaseExecutor.java:319)
	at com.kms.katalon.core.main.TestCaseExecutor.processExecutionPhase(TestCaseExecutor.java:298)
	at com.kms.katalon.core.main.TestCaseExecutor.accessMainPhase(TestCaseExecutor.java:290)
	at com.kms.katalon.core.main.TestCaseExecutor.execute(TestCaseExecutor.java:224)
	at com.kms.katalon.core.main.TestSuiteExecutor.accessTestCaseMainPhase(TestSuiteExecutor.java:129)
	at com.kms.katalon.core.main.TestSuiteExecutor.accessTestSuiteMainPhase(TestSuiteExecutor.java:112)
	at com.kms.katalon.core.main.TestSuiteExecutor.execute(TestSuiteExecutor.java:81)
	at com.kms.katalon.core.main.TestCaseMain.startTestSuite(TestCaseMain.java:149)
	at com.kms.katalon.core.main.TestCaseMain$startTestSuite$0.call(Unknown Source)
	at TempTestSuite1550652525208.run(TempTestSuite1550652525208.groovy:36)


2019-02-20 19:04:24 - [TEST_STEP][PASSED] - callTestCase(findTestCase("All TC/Arranged/3. Unit/EI/Form 7_default/OTC_Application_Reg"), [:], STOP_ON_FAILURE): Call Test Case 'Test Cases/All TC/Arranged/3. Unit/EI/Form 7_default/OTC_Application_Reg' successfully

2019-02-20 19:04:24 - [TEST_CASE][PASSED] - Test Cases/All TC/Arranged/3. Unit/EI/Form 7_default/OTC_Application_Reg: Test Cases/All TC/Arranged/3. Unit/EI/Form 7_default/OTC_Application_Reg

2019-02-20 19:04:24 - [TEST_STEP][PASSED] - openBrowser(""): Browser is opened with url: ''

2019-02-20 19:04:24 - [MESSAGE][WARNING] - A browser is already opened. Closing browser and opening a new one

2019-02-20 19:04:26 - [MESSAGE][INFO] - Starting 'Chrome' driver

2019-02-20 19:04:26 - [MESSAGE][INFO] - User set preference: ['args', '[--start-maximized]']

2019-02-20 19:04:30 - [MESSAGE][PASSED] - Browser is opened with url: ''

2019-02-20 19:04:30 - [TEST_STEP][PASSED] - navigateToUrl(Internal_Login): Navigate to 'http://10.20.24.188/eisportal/user/login' successfully

2019-02-20 19:04:32 - [MESSAGE][PASSED] - Navigate to 'http://10.20.24.188/eisportal/user/login' successfully

2019-02-20 19:04:32 - [TEST_STEP][PASSED] - delay(3): Delayed 3 second(s)

2019-02-20 19:04:35 - [MESSAGE][PASSED] - Delayed 3 second(s)

2019-02-20 19:04:35 - [TEST_STEP][PASSED] - setText(findTestObject("KeatMun/Form 7_default/OTC_Application_Reg/Page_PERKESO/1.username"), "faizal.hamid@perkeso.gov.my"): Text 'faizal.hamid@perkeso.gov.my' is set on object 'Object Repository/KeatMun/Form 7_default/OTC_Application_Reg/Page_PERKESO/1.username'

2019-02-20 19:04:39 - [MESSAGE][PASSED] - Text 'faizal.hamid@perkeso.gov.my' is set on object 'Object Repository/KeatMun/Form 7_default/OTC_Application_Reg/Page_PERKESO/1.username'

2019-02-20 19:04:39 - [TEST_STEP][PASSED] - delay(1): Delayed 1 second(s)

2019-02-20 19:04:40 - [MESSAGE][PASSED] - Delayed 1 second(s)

2019-02-20 19:04:40 - [TEST_STEP][PASSED] - setEncryptedText(findTestObject("KeatMun/Form 7_default/OTC_Application_Reg/Page_PERKESO/2.password"), "CQqwFZlbeC8="): Text ****** has been set on object 'Object Repository/KeatMun/Form 7_default/OTC_Application_Reg/Page_PERKESO/2.password'

2019-02-20 19:04:44 - [MESSAGE][PASSED] - Text ****** has been set on object 'Object Repository/KeatMun/Form 7_default/OTC_Application_Reg/Page_PERKESO/2.password'

2019-02-20 19:04:44 - [TEST_STEP][PASSED] - delay(2): Delayed 2 second(s)

2019-02-20 19:04:46 - [MESSAGE][PASSED] - Delayed 2 second(s)

2019-02-20 19:04:46 - [TEST_STEP][PASSED] - click(findTestObject("KeatMun/Form 7_default/OTC_Application_Reg/Page_PERKESO/3.login button")): Object: 'Object Repository/KeatMun/Form 7_default/OTC_Application_Reg/Page_PERKESO/3.login button' is clicked on

2019-02-20 19:04:49 - [MESSAGE][PASSED] - Object: 'Object Repository/KeatMun/Form 7_default/OTC_Application_Reg/Page_PERKESO/3.login button' is clicked on

2019-02-20 19:04:49 - [TEST_STEP][PASSED] - delay(2): Delayed 2 second(s)

2019-02-20 19:04:51 - [MESSAGE][PASSED] - Delayed 2 second(s)

2019-02-20 19:04:51 - [TEST_STEP][PASSED] - click(findTestObject("KeatMun/Form 7_default/OTC_Application_Reg/Page_PERKESO/4. Permohonan tab")): Object: 'Object Repository/KeatMun/Form 7_default/OTC_Application_Reg/Page_PERKESO/4. Permohonan tab' is clicked on

2019-02-20 19:04:53 - [MESSAGE][PASSED] - Object: 'Object Repository/KeatMun/Form 7_default/OTC_Application_Reg/Page_PERKESO/4. Permohonan tab' is clicked on

2019-02-20 19:04:53 - [TEST_STEP][PASSED] - delay(2): Delayed 2 second(s)

2019-02-20 19:04:55 - [MESSAGE][PASSED] - Delayed 2 second(s)

2019-02-20 19:04:55 - [TEST_STEP][PASSED] - click(findTestObject("KeatMun/Form 7_default/OTC_Application_Reg/Page_PERKESO/5.button_Setuju")): Object: 'Object Repository/KeatMun/Form 7_default/OTC_Application_Reg/Page_PERKESO/5.button_Setuju' is clicked on

2019-02-20 19:04:58 - [MESSAGE][PASSED] - Object: 'Object Repository/KeatMun/Form 7_default/OTC_Application_Reg/Page_PERKESO/5.button_Setuju' is clicked on

2019-02-20 19:04:58 - [TEST_STEP][PASSED] - delay(2): Delayed 2 second(s)

2019-02-20 19:05:00 - [MESSAGE][PASSED] - Delayed 2 second(s)

2019-02-20 19:05:00 - [TEST_STEP][PASSED] - callTestCase(findTestCase("All TC/Arranged/1. Common/IC List Checker"), [:], STOP_ON_FAILURE): Call Test Case 'Test Cases/All TC/Arranged/1. Common/IC List Checker' successfully

2019-02-20 19:05:00 - [TEST_CASE][PASSED] - Test Cases/All TC/Arranged/1. Common/IC List Checker: Test Cases/All TC/Arranged/1. Common/IC List Checker

2019-02-20 19:05:00 - [TEST_STEP][PASSED] - counter = 0: null

2019-02-20 19:05:00 - [TEST_STEP][PASSED] - fis = new java.io.FileInputStream((internal.GlobalVariable.TextFilePathCommon + \IC.xlsx)): null

2019-02-20 19:05:00 - [TEST_STEP][PASSED] - workbook = new org.apache.poi.xssf.usermodel.XSSFWorkbook(fis): null

2019-02-20 19:05:00 - [TEST_STEP][PASSED] - sheet = workbook.getSheet("Sheet1"): null

2019-02-20 19:05:00 - [TEST_STEP][PASSED] - totalRow = sheet.getLastRowNum(): null

2019-02-20 19:05:00 - [TEST_STEP][PASSED] - out.println(totalRow): null

2019-02-20 19:05:00 - [TEST_STEP][PASSED] - row = sheet.getRow(counter): null

2019-02-20 19:05:00 - [TEST_STEP][PASSED] - cell = row.getCell(counter): null

2019-02-20 19:05:00 - [TEST_STEP][PASSED] - a = cell.getStringCellValue(): null

2019-02-20 19:05:00 - [TEST_STEP][PASSED] - IC = a: null

2019-02-20 19:05:00 - [TEST_STEP][PASSED] - out.println(IC): null

2019-02-20 19:05:00 - [TEST_STEP][PASSED] - callTestCase(findTestCase("All TC/Arranged/1. Common/1.2 Setter/Setter IC"), [:], STOP_ON_FAILURE): Call Test Case 'Test Cases/All TC/Arranged/1. Common/1.2 Setter/Setter IC' successfully

2019-02-20 19:05:00 - [TEST_CASE][PASSED] - Test Cases/All TC/Arranged/1. Common/1.2 Setter/Setter IC: Test Cases/All TC/Arranged/1. Common/1.2 Setter/Setter IC

2019-02-20 19:05:00 - [TEST_STEP][PASSED] - RefNoOldFile = new java.io.File((internal.GlobalVariable.TextFilePathCommon + \getIC.txt)): null

2019-02-20 19:05:00 - [TEST_STEP][PASSED] - RefNoOldFile.delete(): null

2019-02-20 19:05:00 - [TEST_STEP][PASSED] - delay(5): Delayed 5 second(s)

2019-02-20 19:05:05 - [MESSAGE][PASSED] - Delayed 5 second(s)

2019-02-20 19:05:05 - [TEST_STEP][PASSED] - RefNo = new java.io.File((internal.GlobalVariable.TextFilePathCommon + \getIC.txt)): null

2019-02-20 19:05:05 - [TEST_STEP][PASSED] - f2 = new java.io.FileWriter(RefNo, false): null

2019-02-20 19:05:05 - [TEST_STEP][PASSED] - f2.write(IC): null

2019-02-20 19:05:05 - [TEST_STEP][PASSED] - f2.close(): null

2019-02-20 19:05:05 - [TEST_STEP][PASSED] - out.println("


" + IC + "


"): null

2019-02-20 19:05:05 - [MESSAGE][PASSED] - Call Test Case 'Test Cases/All TC/Arranged/1. Common/1.2 Setter/Setter IC' successfully

2019-02-20 19:05:05 - [MESSAGE][PASSED] - Call Test Case 'Test Cases/All TC/Arranged/1. Common/IC List Checker' successfully

2019-02-20 19:05:05 - [TEST_STEP][PASSED] - setText(findTestObject("KeatMun/Form 7_default/OTC_Application_Reg/Page_PERKESO/6.No. Kad Pengenalan"), IC): Text '861023436638' is set on object 'Object Repository/KeatMun/Form 7_default/OTC_Application_Reg/Page_PERKESO/6.No. Kad Pengenalan'

2019-02-20 19:05:10 - [MESSAGE][PASSED] - Text '861023436638' is set on object 'Object Repository/KeatMun/Form 7_default/OTC_Application_Reg/Page_PERKESO/6.No. Kad Pengenalan'

2019-02-20 19:05:10 - [TEST_STEP][PASSED] - delay(2): Delayed 2 second(s)

2019-02-20 19:05:12 - [MESSAGE][PASSED] - Delayed 2 second(s)

2019-02-20 19:05:12 - [TEST_STEP][PASSED] - click(findTestObject("KeatMun/Form 7_default/OTC_Application_Reg/Page_PERKESO/7.button_Semak")): Object: 'Object Repository/KeatMun/Form 7_default/OTC_Application_Reg/Page_PERKESO/7.button_Semak' is clicked on

2019-02-20 19:05:14 - [MESSAGE][PASSED] - Object: 'Object Repository/KeatMun/Form 7_default/OTC_Application_Reg/Page_PERKESO/7.button_Semak' is clicked on

2019-02-20 19:05:14 - [TEST_STEP][PASSED] - delay(4): Delayed 4 second(s)

2019-02-20 19:05:18 - [MESSAGE][PASSED] - Delayed 4 second(s)

2019-02-20 19:05:18 - [TEST_STEP][PASSED] - click(findTestObject("KeatMun/Form 7_default/OTC_Application_Reg/Page_PERKESO/8. Nama Majikan Dropdown")): Object: 'Object Repository/KeatMun/Form 7_default/OTC_Application_Reg/Page_PERKESO/8. Nama Majikan Dropdown' is clicked on

2019-02-20 19:05:20 - [MESSAGE][PASSED] - Object: 'Object Repository/KeatMun/Form 7_default/OTC_Application_Reg/Page_PERKESO/8. Nama Majikan Dropdown' is clicked on

2019-02-20 19:05:20 - [TEST_STEP][PASSED] - setText(findTestObject("KeatMun/Form 7_default/OTC_Application_Reg/Page_PERKESO/8. LOE emp"), "pet"): Text 'pet' is set on object 'Object Repository/KeatMun/Form 7_default/OTC_Application_Reg/Page_PERKESO/8. LOE emp'

2019-02-20 19:05:24 - [MESSAGE][PASSED] - Text 'pet' is set on object 'Object Repository/KeatMun/Form 7_default/OTC_Application_Reg/Page_PERKESO/8. LOE emp'

2019-02-20 19:05:24 - [TEST_STEP][PASSED] - click(findTestObject("KeatMun/Form 7_default/OTC_Application_Reg/Page_PERKESO/8. PETRONAS")): Object: 'Object Repository/KeatMun/Form 7_default/OTC_Application_Reg/Page_PERKESO/8. PETRONAS' is clicked on

2019-02-20 19:05:26 - [MESSAGE][PASSED] - Object: 'Object Repository/KeatMun/Form 7_default/OTC_Application_Reg/Page_PERKESO/8. PETRONAS' is clicked on

2019-02-20 19:05:26 - [TEST_STEP][PASSED] - delay(2): Delayed 2 second(s)

2019-02-20 19:05:28 - [MESSAGE][PASSED] - Delayed 2 second(s)

2019-02-20 19:05:28 - [TEST_STEP][PASSED] - setText(findTestObject("KeatMun/Form 7_default/OTC_Application_Reg/Page_PERKESO/9.Tarikh kehilangan pkj"), "10/01/2019"): Text '10/01/2019' is set on object 'Object Repository/KeatMun/Form 7_default/OTC_Application_Reg/Page_PERKESO/9.Tarikh kehilangan pkj'

2019-02-20 19:05:33 - [MESSAGE][PASSED] - Text '10/01/2019' is set on object 'Object Repository/KeatMun/Form 7_default/OTC_Application_Reg/Page_PERKESO/9.Tarikh kehilangan pkj'

2019-02-20 19:05:33 - [TEST_STEP][PASSED] - delay(2): Delayed 2 second(s)

2019-02-20 19:05:35 - [MESSAGE][PASSED] - Delayed 2 second(s)

2019-02-20 19:05:35 - [TEST_STEP][PASSED] - click(findTestObject("KeatMun/Form 7_default/OTC_Application_Reg/Page_PERKESO/9. Date Picker Done Button ")): Object: 'Object Repository/KeatMun/Form 7_default/OTC_Application_Reg/Page_PERKESO/9. Date Picker Done Button ' is clicked on

2019-02-20 19:05:37 - [MESSAGE][PASSED] - Object: 'Object Repository/KeatMun/Form 7_default/OTC_Application_Reg/Page_PERKESO/9. Date Picker Done Button ' is clicked on

2019-02-20 19:05:37 - [TEST_STEP][PASSED] - delay(2): Delayed 2 second(s)

2019-02-20 19:05:39 - [MESSAGE][PASSED] - Delayed 2 second(s)

2019-02-20 19:05:39 - [TEST_STEP][PASSED] - click(findTestObject("KeatMun/Form 7_default/OTC_Application_Reg/Page_PERKESO/10.button_Mohon")): Object: 'Object Repository/KeatMun/Form 7_default/OTC_Application_Reg/Page_PERKESO/10.button_Mohon' is clicked on

2019-02-20 19:05:41 - [MESSAGE][PASSED] - Object: 'Object Repository/KeatMun/Form 7_default/OTC_Application_Reg/Page_PERKESO/10.button_Mohon' is clicked on

2019-02-20 19:05:41 - [TEST_STEP][PASSED] - delay(2): Delayed 2 second(s)

2019-02-20 19:05:43 - [MESSAGE][PASSED] - Delayed 2 second(s)

2019-02-20 19:05:43 - [TEST_STEP][PASSED] - setText(findTestObject("KeatMun/Form 7_default/OTC_Application_Reg/Page_PERKESO/11.Tarikh Terima_stampedDtS"), "10/01/2019"): Text '10/01/2019' is set on object 'Object Repository/KeatMun/Form 7_default/OTC_Application_Reg/Page_PERKESO/11.Tarikh Terima_stampedDtS'

2019-02-20 19:05:47 - [MESSAGE][PASSED] - Text '10/01/2019' is set on object 'Object Repository/KeatMun/Form 7_default/OTC_Application_Reg/Page_PERKESO/11.Tarikh Terima_stampedDtS'

2019-02-20 19:05:47 - [TEST_STEP][PASSED] - delay(2): Delayed 2 second(s)

2019-02-20 19:05:49 - [MESSAGE][PASSED] - Delayed 2 second(s)

2019-02-20 19:05:49 - [TEST_STEP][PASSED] - click(findTestObject("KeatMun/Form 7_default/OTC_Application_Reg/Page_PERKESO/11. Date Picker Done Button")): Object: 'Object Repository/KeatMun/Form 7_default/OTC_Application_Reg/Page_PERKESO/11. Date Picker Done Button' is clicked on

2019-02-20 19:05:51 - [MESSAGE][PASSED] - Object: 'Object Repository/KeatMun/Form 7_default/OTC_Application_Reg/Page_PERKESO/11. Date Picker Done Button' is clicked on

2019-02-20 19:05:51 - [TEST_STEP][PASSED] - delay(2): Delayed 2 second(s)

2019-02-20 19:05:53 - [MESSAGE][PASSED] - Delayed 2 second(s)

2019-02-20 19:05:53 - [TEST_STEP][PASSED] - click(findTestObject("KeatMun/Form 7_default/OTC_Application_Reg/Page_PERKESO/11.button_TERUSKAN")): Object: 'Object Repository/KeatMun/Form 7_default/OTC_Application_Reg/Page_PERKESO/11.button_TERUSKAN' is clicked on

2019-02-20 19:05:55 - [MESSAGE][PASSED] - Object: 'Object Repository/KeatMun/Form 7_default/OTC_Application_Reg/Page_PERKESO/11.button_TERUSKAN' is clicked on

2019-02-20 19:05:55 - [TEST_STEP][PASSED] - delay(2): Delayed 2 second(s)

2019-02-20 19:05:57 - [MESSAGE][PASSED] - Delayed 2 second(s)

2019-02-20 19:05:57 - [TEST_STEP][PASSED] - selectOptionByValue(findTestObject("KeatMun/Form 7_default/OTC_Application_Reg/Page_PERKESO/12.--Sila Pilih--PejabatPKS"), "22", true): All options with value '22' are selected in object 'Object Repository/KeatMun/Form 7_default/OTC_Application_Reg/Page_PERKESO/12.--Sila Pilih--PejabatPKS'  using regular expression

2019-02-20 19:07:28 - [MESSAGE][PASSED] - All options with value '22' are selected in object 'Object Repository/KeatMun/Form 7_default/OTC_Application_Reg/Page_PERKESO/12.--Sila Pilih--PejabatPKS'  using regular expression

2019-02-20 19:07:28 - [TEST_STEP][PASSED] - delay(2): Delayed 2 second(s)

2019-02-20 19:07:30 - [MESSAGE][PASSED] - Delayed 2 second(s)

2019-02-20 19:07:30 - [TEST_STEP][PASSED] - click(findTestObject("KeatMun/Form 7_default/OTC_Application_Reg/Page_PERKESO/13. Halaman Seterusnya")): Object: 'Object Repository/KeatMun/Form 7_default/OTC_Application_Reg/Page_PERKESO/13. Halaman Seterusnya' is clicked on

2019-02-20 19:07:32 - [MESSAGE][PASSED] - Object: 'Object Repository/KeatMun/Form 7_default/OTC_Application_Reg/Page_PERKESO/13. Halaman Seterusnya' is clicked on

2019-02-20 19:07:32 - [MESSAGE][PASSED] - Call Test Case 'Test Cases/All TC/Arranged/3. Unit/EI/Form 7_default/OTC_Application_Reg' successfully

2019-02-20 19:07:32 - [TEST_STEP][PASSED] - callTestCase(findTestCase("All TC/Arranged/3. Unit/EI/Form 7_default/OTC_Submit Form 7_Section A"), [:], STOP_ON_FAILURE): Call Test Case 'Test Cases/All TC/Arranged/3. Unit/EI/Form 7_default/OTC_Submit Form 7_Section A' successfully

2019-02-20 19:07:32 - [TEST_CASE][PASSED] - Test Cases/All TC/Arranged/3. Unit/EI/Form 7_default/OTC_Submit Form 7_Section A: Test Cases/All TC/Arranged/3. Unit/EI/Form 7_default/OTC_Submit Form 7_Section A

2019-02-20 19:07:32 - [TEST_STEP][PASSED] - delay(2): Delayed 2 second(s)

2019-02-20 19:07:34 - [MESSAGE][PASSED] - Delayed 2 second(s)

2019-02-20 19:07:34 - [TEST_STEP][PASSED] - setText(findTestObject("KeatMun/Form 7_default/OTC_Submit Form 7_Section A/Page_PERKESO/A4. EmployeeDob"), "10/01/2019"): Text '10/01/2019' is set on object 'Object Repository/KeatMun/Form 7_default/OTC_Submit Form 7_Section A/Page_PERKESO/A4. EmployeeDob'

2019-02-20 19:07:38 - [MESSAGE][PASSED] - Text '10/01/2019' is set on object 'Object Repository/KeatMun/Form 7_default/OTC_Submit Form 7_Section A/Page_PERKESO/A4. EmployeeDob'

2019-02-20 19:07:38 - [TEST_STEP][PASSED] - delay(2): Delayed 2 second(s)

2019-02-20 19:07:40 - [MESSAGE][PASSED] - Delayed 2 second(s)

2019-02-20 19:07:40 - [TEST_STEP][PASSED] - click(findTestObject("KeatMun/Form 7_default/OTC_Submit Form 7_Section A/Page_PERKESO/A5. Bangsa")): Object: 'Object Repository/KeatMun/Form 7_default/OTC_Submit Form 7_Section A/Page_PERKESO/A5. Bangsa' is clicked on

2019-02-20 19:07:42 - [MESSAGE][PASSED] - Object: 'Object Repository/KeatMun/Form 7_default/OTC_Submit Form 7_Section A/Page_PERKESO/A5. Bangsa' is clicked on

2019-02-20 19:07:42 - [TEST_STEP][PASSED] - click(findTestObject("KeatMun/Form 7_default/OTC_Submit Form 7_Section A/Page_PERKESO/A5. Bumiputera Sabah")): Object: 'Object Repository/KeatMun/Form 7_default/OTC_Submit Form 7_Section A/Page_PERKESO/A5. Bumiputera Sabah' is clicked on

2019-02-20 19:07:44 - [MESSAGE][PASSED] - Object: 'Object Repository/KeatMun/Form 7_default/OTC_Submit Form 7_Section A/Page_PERKESO/A5. Bumiputera Sabah' is clicked on

2019-02-20 19:07:44 - [TEST_STEP][PASSED] - delay(2): Delayed 2 second(s)

2019-02-20 19:07:46 - [MESSAGE][PASSED] - Delayed 2 second(s)

2019-02-20 19:07:46 - [TEST_STEP][PASSED] - click(findTestObject("KeatMun/Form 7_default/OTC_Submit Form 7_Section A/Page_PERKESO/A6. Jantina")): Object: 'Object Repository/KeatMun/Form 7_default/OTC_Submit Form 7_Section A/Page_PERKESO/A6. Jantina' is clicked on

2019-02-20 19:07:49 - [MESSAGE][PASSED] - Object: 'Object Repository/KeatMun/Form 7_default/OTC_Submit Form 7_Section A/Page_PERKESO/A6. Jantina' is clicked on

2019-02-20 19:07:49 - [TEST_STEP][PASSED] - click(findTestObject("KeatMun/Form 7_default/OTC_Submit Form 7_Section A/Page_PERKESO/A6. Lelaki")): Object: 'Object Repository/KeatMun/Form 7_default/OTC_Submit Form 7_Section A/Page_PERKESO/A6. Lelaki' is clicked on

2019-02-20 19:07:51 - [MESSAGE][PASSED] - Object: 'Object Repository/KeatMun/Form 7_default/OTC_Submit Form 7_Section A/Page_PERKESO/A6. Lelaki' is clicked on

2019-02-20 19:07:51 - [TEST_STEP][PASSED] - delay(2): Delayed 2 second(s)

2019-02-20 19:07:53 - [MESSAGE][PASSED] - Delayed 2 second(s)

2019-02-20 19:07:53 - [TEST_STEP][PASSED] - click(findTestObject("KeatMun/Form 7_default/OTC_Submit Form 7_Section A/Page_PERKESO/A7. Kewarganegaraan")): Object: 'Object Repository/KeatMun/Form 7_default/OTC_Submit Form 7_Section A/Page_PERKESO/A7. Kewarganegaraan' is clicked on

2019-02-20 19:07:55 - [MESSAGE][PASSED] - Object: 'Object Repository/KeatMun/Form 7_default/OTC_Submit Form 7_Section A/Page_PERKESO/A7. Kewarganegaraan' is clicked on

2019-02-20 19:07:55 - [TEST_STEP][PASSED] - click(findTestObject("KeatMun/Form 7_default/OTC_Submit Form 7_Section A/Page_PERKESO/A7. Malaysia")): Object: 'Object Repository/KeatMun/Form 7_default/OTC_Submit Form 7_Section A/Page_PERKESO/A7. Malaysia' is clicked on

2019-02-20 19:07:57 - [MESSAGE][PASSED] - Object: 'Object Repository/KeatMun/Form 7_default/OTC_Submit Form 7_Section A/Page_PERKESO/A7. Malaysia' is clicked on

2019-02-20 19:07:57 - [TEST_STEP][PASSED] - delay(2): Delayed 2 second(s)

2019-02-20 19:07:59 - [MESSAGE][PASSED] - Delayed 2 second(s)

2019-02-20 19:07:59 - [TEST_STEP][PASSED] - click(findTestObject("KeatMun/Form 7_default/OTC_Submit Form 7_Section A/Page_PERKESO/A8. Status Perkahwinan")): Object: 'Object Repository/KeatMun/Form 7_default/OTC_Submit Form 7_Section A/Page_PERKESO/A8. Status Perkahwinan' is clicked on

2019-02-20 19:08:01 - [MESSAGE][PASSED] - Object: 'Object Repository/KeatMun/Form 7_default/OTC_Submit Form 7_Section A/Page_PERKESO/A8. Status Perkahwinan' is clicked on

2019-02-20 19:08:01 - [TEST_STEP][PASSED] - click(findTestObject("KeatMun/Form 7_default/OTC_Submit Form 7_Section A/Page_PERKESO/A8. Bujang")): Object: 'Object Repository/KeatMun/Form 7_default/OTC_Submit Form 7_Section A/Page_PERKESO/A8. Bujang' is clicked on

2019-02-20 19:08:03 - [MESSAGE][PASSED] - Object: 'Object Repository/KeatMun/Form 7_default/OTC_Submit Form 7_Section A/Page_PERKESO/A8. Bujang' is clicked on

2019-02-20 19:08:03 - [TEST_STEP][PASSED] - delay(2): Delayed 2 second(s)

2019-02-20 19:08:05 - [MESSAGE][PASSED] - Delayed 2 second(s)

2019-02-20 19:08:05 - [TEST_STEP][PASSED] - setText(findTestObject("KeatMun/Form 7_default/OTC_Submit Form 7_Section A/Page_PERKESO/A9. Address1"), "qwertyuiop"): Text 'qwertyuiop' is set on object 'Object Repository/KeatMun/Form 7_default/OTC_Submit Form 7_Section A/Page_PERKESO/A9. Address1'

2019-02-20 19:08:09 - [MESSAGE][PASSED] - Text 'qwertyuiop' is set on object 'Object Repository/KeatMun/Form 7_default/OTC_Submit Form 7_Section A/Page_PERKESO/A9. Address1'

2019-02-20 19:08:09 - [TEST_STEP][PASSED] - delay(2): Delayed 2 second(s)

2019-02-20 19:08:11 - [MESSAGE][PASSED] - Delayed 2 second(s)

2019-02-20 19:08:11 - [TEST_STEP][PASSED] - click(findTestObject("KeatMun/Form 7_default/OTC_Submit Form 7_Section A/Page_PERKESO/A10. Negeri")): Object: 'Object Repository/KeatMun/Form 7_default/OTC_Submit Form 7_Section A/Page_PERKESO/A10. Negeri' is clicked on

2019-02-20 19:08:14 - [MESSAGE][PASSED] - Object: 'Object Repository/KeatMun/Form 7_default/OTC_Submit Form 7_Section A/Page_PERKESO/A10. Negeri' is clicked on

2019-02-20 19:08:14 - [TEST_STEP][PASSED] - click(findTestObject("KeatMun/Form 7_default/OTC_Submit Form 7_Section A/Page_PERKESO/A10. JOHOR")): Object: 'Object Repository/KeatMun/Form 7_default/OTC_Submit Form 7_Section A/Page_PERKESO/A10. JOHOR' is clicked on

2019-02-20 19:08:16 - [MESSAGE][PASSED] - Object: 'Object Repository/KeatMun/Form 7_default/OTC_Submit Form 7_Section A/Page_PERKESO/A10. JOHOR' is clicked on

2019-02-20 19:08:16 - [TEST_STEP][PASSED] - delay(2): Delayed 2 second(s)

2019-02-20 19:08:18 - [MESSAGE][PASSED] - Delayed 2 second(s)

2019-02-20 19:08:18 - [TEST_STEP][PASSED] - click(findTestObject("KeatMun/Form 7_default/OTC_Submit Form 7_Section A/Page_PERKESO/A11. --Sila Pilih--")): Object: 'Object Repository/KeatMun/Form 7_default/OTC_Submit Form 7_Section A/Page_PERKESO/A11. --Sila Pilih--' is clicked on

2019-02-20 19:08:20 - [MESSAGE][PASSED] - Object: 'Object Repository/KeatMun/Form 7_default/OTC_Submit Form 7_Section A/Page_PERKESO/A11. --Sila Pilih--' is clicked on

2019-02-20 19:08:20 - [TEST_STEP][PASSED] - setText(findTestObject("KeatMun/Form 7_default/OTC_Submit Form 7_Section A/Page_PERKESO/A11. Done_select2-search__fie (1)"), "jo"): Text 'jo' is set on object 'Object Repository/KeatMun/Form 7_default/OTC_Submit Form 7_Section A/Page_PERKESO/A11. Done_select2-search__fie (1)'

2019-02-20 19:08:24 - [MESSAGE][PASSED] - Text 'jo' is set on object 'Object Repository/KeatMun/Form 7_default/OTC_Submit Form 7_Section A/Page_PERKESO/A11. Done_select2-search__fie (1)'

2019-02-20 19:08:24 - [TEST_STEP][PASSED] - setText(findTestObject("KeatMun/Form 7_default/OTC_Submit Form 7_Section A/Page_PERKESO/A11. concat(id(  select2-city"), "jo"): Text 'jo' is set on object 'Object Repository/KeatMun/Form 7_default/OTC_Submit Form 7_Section A/Page_PERKESO/A11. concat(id(  select2-city'

2019-02-20 19:08:28 - [MESSAGE][PASSED] - Text 'jo' is set on object 'Object Repository/KeatMun/Form 7_default/OTC_Submit Form 7_Section A/Page_PERKESO/A11. concat(id(  select2-city'

2019-02-20 19:08:28 - [TEST_STEP][PASSED] - click(findTestObject("KeatMun/Form 7_default/OTC_Submit Form 7_Section A/Page_PERKESO/A11. JOHOR BAHRU")): Object: 'Object Repository/KeatMun/Form 7_default/OTC_Submit Form 7_Section A/Page_PERKESO/A11. JOHOR BAHRU' is clicked on

2019-02-20 19:08:30 - [MESSAGE][PASSED] - Object: 'Object Repository/KeatMun/Form 7_default/OTC_Submit Form 7_Section A/Page_PERKESO/A11. JOHOR BAHRU' is clicked on

2019-02-20 19:08:30 - [TEST_STEP][PASSED] - delay(2): Delayed 2 second(s)

2019-02-20 19:08:32 - [MESSAGE][PASSED] - Delayed 2 second(s)

2019-02-20 19:08:32 - [TEST_STEP][PASSED] - click(findTestObject("KeatMun/Form 7_default/OTC_Submit Form 7_Section A/Page_PERKESO/A12. --Sila Isikan--")): Object: 'Object Repository/KeatMun/Form 7_default/OTC_Submit Form 7_Section A/Page_PERKESO/A12. --Sila Isikan--' is clicked on

2019-02-20 19:08:35 - [MESSAGE][PASSED] - Object: 'Object Repository/KeatMun/Form 7_default/OTC_Submit Form 7_Section A/Page_PERKESO/A12. --Sila Isikan--' is clicked on

2019-02-20 19:08:35 - [TEST_STEP][PASSED] - setText(findTestObject("KeatMun/Form 7_default/OTC_Submit Form 7_Section A/Page_PERKESO/A11. Done_select2-search__fie"), "84"): Text '84' is set on object 'Object Repository/KeatMun/Form 7_default/OTC_Submit Form 7_Section A/Page_PERKESO/A11. Done_select2-search__fie'

2019-02-20 19:08:39 - [MESSAGE][PASSED] - Text '84' is set on object 'Object Repository/KeatMun/Form 7_default/OTC_Submit Form 7_Section A/Page_PERKESO/A11. Done_select2-search__fie'

2019-02-20 19:08:39 - [TEST_STEP][PASSED] - click(findTestObject("KeatMun/Form 7_default/OTC_Submit Form 7_Section A/Page_PERKESO/A12. 84000")): Object: 'Object Repository/KeatMun/Form 7_default/OTC_Submit Form 7_Section A/Page_PERKESO/A12. 84000' is clicked on

2019-02-20 19:08:41 - [MESSAGE][PASSED] - Object: 'Object Repository/KeatMun/Form 7_default/OTC_Submit Form 7_Section A/Page_PERKESO/A12. 84000' is clicked on

2019-02-20 19:08:41 - [TEST_STEP][PASSED] - delay(2): Delayed 2 second(s)

2019-02-20 19:08:43 - [MESSAGE][PASSED] - Delayed 2 second(s)

2019-02-20 19:08:43 - [TEST_STEP][PASSED] - setText(findTestObject("KeatMun/Form 7_default/OTC_Submit Form 7_Section A/Page_PERKESO/A13. mobileContact1"), "1234567890"): Text '1234567890' is set on object 'Object Repository/KeatMun/Form 7_default/OTC_Submit Form 7_Section A/Page_PERKESO/A13. mobileContact1'

2019-02-20 19:08:47 - [MESSAGE][PASSED] - Text '1234567890' is set on object 'Object Repository/KeatMun/Form 7_default/OTC_Submit Form 7_Section A/Page_PERKESO/A13. mobileContact1'

2019-02-20 19:08:47 - [TEST_STEP][PASSED] - delay(2): Delayed 2 second(s)

2019-02-20 19:08:49 - [MESSAGE][PASSED] - Delayed 2 second(s)

2019-02-20 19:08:49 - [TEST_STEP][PASSED] - click(findTestObject("KeatMun/Form 7_default/OTC_Submit Form 7_Section A/Page_PERKESO/A14. Halaman Seterusnya")): Object: 'Object Repository/KeatMun/Form 7_default/OTC_Submit Form 7_Section A/Page_PERKESO/A14. Halaman Seterusnya' is clicked on

2019-02-20 19:08:51 - [MESSAGE][PASSED] - Object: 'Object Repository/KeatMun/Form 7_default/OTC_Submit Form 7_Section A/Page_PERKESO/A14. Halaman Seterusnya' is clicked on

2019-02-20 19:08:51 - [TEST_STEP][PASSED] - delay(2): Delayed 2 second(s)

2019-02-20 19:08:53 - [MESSAGE][PASSED] - Delayed 2 second(s)

2019-02-20 19:08:53 - [MESSAGE][PASSED] - Call Test Case 'Test Cases/All TC/Arranged/3. Unit/EI/Form 7_default/OTC_Submit Form 7_Section A' successfully

2019-02-20 19:08:53 - [TEST_STEP][PASSED] - callTestCase(findTestCase("All TC/Arranged/3. Unit/EI/Form 7_default/OTC_Submit Form 7_Section B"), [:], STOP_ON_FAILURE): Call Test Case 'Test Cases/All TC/Arranged/3. Unit/EI/Form 7_default/OTC_Submit Form 7_Section B' successfully

2019-02-20 19:08:54 - [TEST_CASE][PASSED] - Test Cases/All TC/Arranged/3. Unit/EI/Form 7_default/OTC_Submit Form 7_Section B: Test Cases/All TC/Arranged/3. Unit/EI/Form 7_default/OTC_Submit Form 7_Section B

2019-02-20 19:08:54 - [TEST_STEP][PASSED] - delay(3): Delayed 3 second(s)

2019-02-20 19:08:57 - [MESSAGE][PASSED] - Delayed 3 second(s)

2019-02-20 19:08:57 - [TEST_STEP][PASSED] - click(findTestObject("KeatMun/Form 7_default/OTC_Submit Form 7_Section B/Page_PERKESO/B1. Jawatan")): Object: 'Object Repository/KeatMun/Form 7_default/OTC_Submit Form 7_Section B/Page_PERKESO/B1. Jawatan' is clicked on

2019-02-20 19:08:59 - [MESSAGE][PASSED] - Object: 'Object Repository/KeatMun/Form 7_default/OTC_Submit Form 7_Section B/Page_PERKESO/B1. Jawatan' is clicked on

2019-02-20 19:08:59 - [TEST_STEP][PASSED] - setText(findTestObject("KeatMun/Form 7_default/OTC_Submit Form 7_Section B/Page_PERKESO/B1. concat(id(  select2-posi"), "re"): Text 're' is set on object 'Object Repository/KeatMun/Form 7_default/OTC_Submit Form 7_Section B/Page_PERKESO/B1. concat(id(  select2-posi'

2019-02-20 19:09:03 - [MESSAGE][PASSED] - Text 're' is set on object 'Object Repository/KeatMun/Form 7_default/OTC_Submit Form 7_Section B/Page_PERKESO/B1. concat(id(  select2-posi'

2019-02-20 19:09:03 - [TEST_STEP][PASSED] - setText(findTestObject("KeatMun/Form 7_default/OTC_Submit Form 7_Section B/Page_PERKESO/B1. Done_select2-search__fie"), "re"): Text 're' is set on object 'Object Repository/KeatMun/Form 7_default/OTC_Submit Form 7_Section B/Page_PERKESO/B1. Done_select2-search__fie'

2019-02-20 19:09:07 - [MESSAGE][PASSED] - Text 're' is set on object 'Object Repository/KeatMun/Form 7_default/OTC_Submit Form 7_Section B/Page_PERKESO/B1. Done_select2-search__fie'

2019-02-20 19:09:07 - [TEST_STEP][PASSED] - click(findTestObject("KeatMun/Form 7_default/OTC_Submit Form 7_Section B/Page_PERKESO/B1. Arkitek Reka Bentuk")): Object: 'Object Repository/KeatMun/Form 7_default/OTC_Submit Form 7_Section B/Page_PERKESO/B1. Arkitek Reka Bentuk' is clicked on

2019-02-20 19:09:09 - [MESSAGE][PASSED] - Object: 'Object Repository/KeatMun/Form 7_default/OTC_Submit Form 7_Section B/Page_PERKESO/B1. Arkitek Reka Bentuk' is clicked on

2019-02-20 19:09:09 - [TEST_STEP][PASSED] - delay(2): Delayed 2 second(s)

2019-02-20 19:09:11 - [MESSAGE][PASSED] - Delayed 2 second(s)

2019-02-20 19:09:11 - [TEST_STEP][PASSED] - setText(findTestObject("KeatMun/Form 7_default/OTC_Submit Form 7_Section B/Page_PERKESO/B2. lastEmploymentStartDtSt"), "10/01/2019"): Text '10/01/2019' is set on object 'Object Repository/KeatMun/Form 7_default/OTC_Submit Form 7_Section B/Page_PERKESO/B2. lastEmploymentStartDtSt'

2019-02-20 19:09:15 - [MESSAGE][PASSED] - Text '10/01/2019' is set on object 'Object Repository/KeatMun/Form 7_default/OTC_Submit Form 7_Section B/Page_PERKESO/B2. lastEmploymentStartDtSt'

2019-02-20 19:09:15 - [TEST_STEP][PASSED] - delay(2): Delayed 2 second(s)

2019-02-20 19:09:17 - [MESSAGE][PASSED] - Delayed 2 second(s)

2019-02-20 19:09:17 - [TEST_STEP][PASSED] - click(findTestObject("KeatMun/Form 7_default/OTC_Submit Form 7_Section B/Page_PERKESO/B4. Status Perkejaan")): Object: 'Object Repository/KeatMun/Form 7_default/OTC_Submit Form 7_Section B/Page_PERKESO/B4. Status Perkejaan' is clicked on

2019-02-20 19:09:20 - [MESSAGE][PASSED] - Object: 'Object Repository/KeatMun/Form 7_default/OTC_Submit Form 7_Section B/Page_PERKESO/B4. Status Perkejaan' is clicked on

2019-02-20 19:09:20 - [TEST_STEP][PASSED] - click(findTestObject("KeatMun/Form 7_default/OTC_Submit Form 7_Section B/Page_PERKESO/B4. Tetap")): Object: 'Object Repository/KeatMun/Form 7_default/OTC_Submit Form 7_Section B/Page_PERKESO/B4. Tetap' is clicked on

2019-02-20 19:09:22 - [MESSAGE][PASSED] - Object: 'Object Repository/KeatMun/Form 7_default/OTC_Submit Form 7_Section B/Page_PERKESO/B4. Tetap' is clicked on

2019-02-20 19:09:22 - [TEST_STEP][PASSED] - delay(2): Delayed 2 second(s)

2019-02-20 19:09:24 - [MESSAGE][PASSED] - Delayed 2 second(s)

2019-02-20 19:09:24 - [TEST_STEP][PASSED] - setText(findTestObject("KeatMun/Form 7_default/OTC_Submit Form 7_Section B/Page_PERKESO/B5. Gaji (RM)_salary1"), "4000"): Text '4000' is set on object 'Object Repository/KeatMun/Form 7_default/OTC_Submit Form 7_Section B/Page_PERKESO/B5. Gaji (RM)_salary1'

2019-02-20 19:09:28 - [MESSAGE][PASSED] - Text '4000' is set on object 'Object Repository/KeatMun/Form 7_default/OTC_Submit Form 7_Section B/Page_PERKESO/B5. Gaji (RM)_salary1'

2019-02-20 19:09:28 - [TEST_STEP][PASSED] - delay(2): Delayed 2 second(s)

2019-02-20 19:09:30 - [MESSAGE][PASSED] - Delayed 2 second(s)

2019-02-20 19:09:30 - [TEST_STEP][PASSED] - setText(findTestObject("KeatMun/Form 7_default/OTC_Submit Form 7_Section B/Page_PERKESO/B5. Gaji (RM)_salary2"), "4000"): Text '4000' is set on object 'Object Repository/KeatMun/Form 7_default/OTC_Submit Form 7_Section B/Page_PERKESO/B5. Gaji (RM)_salary2'

2019-02-20 19:09:34 - [MESSAGE][PASSED] - Text '4000' is set on object 'Object Repository/KeatMun/Form 7_default/OTC_Submit Form 7_Section B/Page_PERKESO/B5. Gaji (RM)_salary2'

2019-02-20 19:09:34 - [TEST_STEP][PASSED] - delay(2): Delayed 2 second(s)

2019-02-20 19:09:36 - [MESSAGE][PASSED] - Delayed 2 second(s)

2019-02-20 19:09:36 - [TEST_STEP][PASSED] - setText(findTestObject("KeatMun/Form 7_default/OTC_Submit Form 7_Section B/Page_PERKESO/B5. Gaji (RM)_salary3"), "4000"): Text '4000' is set on object 'Object Repository/KeatMun/Form 7_default/OTC_Submit Form 7_Section B/Page_PERKESO/B5. Gaji (RM)_salary3'

2019-02-20 19:09:40 - [MESSAGE][PASSED] - Text '4000' is set on object 'Object Repository/KeatMun/Form 7_default/OTC_Submit Form 7_Section B/Page_PERKESO/B5. Gaji (RM)_salary3'

2019-02-20 19:09:40 - [TEST_STEP][PASSED] - delay(2): Delayed 2 second(s)

2019-02-20 19:09:42 - [MESSAGE][PASSED] - Delayed 2 second(s)

2019-02-20 19:09:42 - [TEST_STEP][PASSED] - setText(findTestObject("KeatMun/Form 7_default/OTC_Submit Form 7_Section B/Page_PERKESO/B5. Gaji (RM)_salary4"), "4000"): Text '4000' is set on object 'Object Repository/KeatMun/Form 7_default/OTC_Submit Form 7_Section B/Page_PERKESO/B5. Gaji (RM)_salary4'

2019-02-20 19:09:47 - [MESSAGE][PASSED] - Text '4000' is set on object 'Object Repository/KeatMun/Form 7_default/OTC_Submit Form 7_Section B/Page_PERKESO/B5. Gaji (RM)_salary4'

2019-02-20 19:09:47 - [TEST_STEP][PASSED] - delay(2): Delayed 2 second(s)

2019-02-20 19:09:49 - [MESSAGE][PASSED] - Delayed 2 second(s)

2019-02-20 19:09:49 - [TEST_STEP][PASSED] - setText(findTestObject("KeatMun/Form 7_default/OTC_Submit Form 7_Section B/Page_PERKESO/B5. Gaji (RM)_salary5"), "4000"): Text '4000' is set on object 'Object Repository/KeatMun/Form 7_default/OTC_Submit Form 7_Section B/Page_PERKESO/B5. Gaji (RM)_salary5'

2019-02-20 19:09:53 - [MESSAGE][PASSED] - Text '4000' is set on object 'Object Repository/KeatMun/Form 7_default/OTC_Submit Form 7_Section B/Page_PERKESO/B5. Gaji (RM)_salary5'

2019-02-20 19:09:53 - [TEST_STEP][PASSED] - delay(2): Delayed 2 second(s)

2019-02-20 19:09:55 - [MESSAGE][PASSED] - Delayed 2 second(s)

2019-02-20 19:09:55 - [TEST_STEP][PASSED] - setText(findTestObject("KeatMun/Form 7_default/OTC_Submit Form 7_Section B/Page_PERKESO/B5. Gaji (RM)_salary6"), "4000"): Text '4000' is set on object 'Object Repository/KeatMun/Form 7_default/OTC_Submit Form 7_Section B/Page_PERKESO/B5. Gaji (RM)_salary6'

2019-02-20 19:09:59 - [MESSAGE][PASSED] - Text '4000' is set on object 'Object Repository/KeatMun/Form 7_default/OTC_Submit Form 7_Section B/Page_PERKESO/B5. Gaji (RM)_salary6'

2019-02-20 19:09:59 - [TEST_STEP][PASSED] - delay(2): Delayed 2 second(s)

2019-02-20 19:10:01 - [MESSAGE][PASSED] - Delayed 2 second(s)

2019-02-20 19:10:01 - [TEST_STEP][PASSED] - click(findTestObject("KeatMun/Form 7_default/OTC_Submit Form 7_Section B/Page_PERKESO/B6. Reason JobLost")): Object: 'Object Repository/KeatMun/Form 7_default/OTC_Submit Form 7_Section B/Page_PERKESO/B6. Reason JobLost' is clicked on

2019-02-20 19:10:03 - [MESSAGE][PASSED] - Object: 'Object Repository/KeatMun/Form 7_default/OTC_Submit Form 7_Section B/Page_PERKESO/B6. Reason JobLost' is clicked on

2019-02-20 19:10:03 - [TEST_STEP][PASSED] - click(findTestObject("KeatMun/Form 7_default/OTC_Submit Form 7_Section B/Page_PERKESO/B6. Bencana alam (cth banjir ke")): Object: 'Object Repository/KeatMun/Form 7_default/OTC_Submit Form 7_Section B/Page_PERKESO/B6. Bencana alam (cth banjir ke' is clicked on

2019-02-20 19:10:05 - [MESSAGE][PASSED] - Object: 'Object Repository/KeatMun/Form 7_default/OTC_Submit Form 7_Section B/Page_PERKESO/B6. Bencana alam (cth banjir ke' is clicked on

2019-02-20 19:10:05 - [TEST_STEP][PASSED] - delay(3): Delayed 3 second(s)

2019-02-20 19:10:08 - [MESSAGE][PASSED] - Delayed 3 second(s)

2019-02-20 19:10:08 - [TEST_STEP][PASSED] - setText(findTestObject("KeatMun/Form 7_default/OTC_Submit Form 7_Section B/Page_PERKESO/B7. AverageWorkingHour"), "8"): Text '8' is set on object 'Object Repository/KeatMun/Form 7_default/OTC_Submit Form 7_Section B/Page_PERKESO/B7. AverageWorkingHour'

2019-02-20 19:10:12 - [MESSAGE][PASSED] - Text '8' is set on object 'Object Repository/KeatMun/Form 7_default/OTC_Submit Form 7_Section B/Page_PERKESO/B7. AverageWorkingHour'

2019-02-20 19:10:12 - [TEST_STEP][PASSED] - delay(2): Delayed 2 second(s)

2019-02-20 19:10:14 - [MESSAGE][PASSED] - Delayed 2 second(s)

2019-02-20 19:10:14 - [TEST_STEP][PASSED] - click(findTestObject("KeatMun/Form 7_default/OTC_Submit Form 7_Section B/Page_PERKESO/B8. Tidak_compensationInd")): Object: 'Object Repository/KeatMun/Form 7_default/OTC_Submit Form 7_Section B/Page_PERKESO/B8. Tidak_compensationInd' is clicked on

2019-02-20 19:10:17 - [MESSAGE][PASSED] - Object: 'Object Repository/KeatMun/Form 7_default/OTC_Submit Form 7_Section B/Page_PERKESO/B8. Tidak_compensationInd' is clicked on

2019-02-20 19:10:17 - [TEST_STEP][PASSED] - delay(1): Delayed 1 second(s)

2019-02-20 19:10:18 - [MESSAGE][PASSED] - Delayed 1 second(s)

2019-02-20 19:10:18 - [TEST_STEP][PASSED] - click(findTestObject("KeatMun/Form 7_default/OTC_Submit Form 7_Section B/Page_PERKESO/B9. Tidak_fileCaseInd")): Object: 'Object Repository/KeatMun/Form 7_default/OTC_Submit Form 7_Section B/Page_PERKESO/B9. Tidak_fileCaseInd' is clicked on

2019-02-20 19:10:20 - [MESSAGE][PASSED] - Object: 'Object Repository/KeatMun/Form 7_default/OTC_Submit Form 7_Section B/Page_PERKESO/B9. Tidak_fileCaseInd' is clicked on

2019-02-20 19:10:20 - [TEST_STEP][PASSED] - delay(1): Delayed 1 second(s)

2019-02-20 19:10:21 - [MESSAGE][PASSED] - Delayed 1 second(s)

2019-02-20 19:10:21 - [TEST_STEP][PASSED] - click(findTestObject("KeatMun/Form 7_default/OTC_Submit Form 7_Section B/Page_PERKESO/B10. Tidak_unregisterCaseInd")): Object: 'Object Repository/KeatMun/Form 7_default/OTC_Submit Form 7_Section B/Page_PERKESO/B10. Tidak_unregisterCaseInd' is clicked on

2019-02-20 19:10:23 - [MESSAGE][PASSED] - Object: 'Object Repository/KeatMun/Form 7_default/OTC_Submit Form 7_Section B/Page_PERKESO/B10. Tidak_unregisterCaseInd' is clicked on

2019-02-20 19:10:23 - [TEST_STEP][PASSED] - delay(2): Delayed 2 second(s)

2019-02-20 19:10:25 - [MESSAGE][PASSED] - Delayed 2 second(s)

2019-02-20 19:10:25 - [TEST_STEP][PASSED] - click(findTestObject("KeatMun/Form 7_default/OTC_Submit Form 7_Section B/Page_PERKESO/B11. Halaman Seterusnya")): Object: 'Object Repository/KeatMun/Form 7_default/OTC_Submit Form 7_Section B/Page_PERKESO/B11. Halaman Seterusnya' is clicked on

2019-02-20 19:10:27 - [MESSAGE][PASSED] - Object: 'Object Repository/KeatMun/Form 7_default/OTC_Submit Form 7_Section B/Page_PERKESO/B11. Halaman Seterusnya' is clicked on

2019-02-20 19:10:27 - [TEST_STEP][PASSED] - delay(3): Delayed 3 second(s)

2019-02-20 19:10:30 - [MESSAGE][PASSED] - Delayed 3 second(s)

2019-02-20 19:10:30 - [MESSAGE][PASSED] - Call Test Case 'Test Cases/All TC/Arranged/3. Unit/EI/Form 7_default/OTC_Submit Form 7_Section B' successfully

2019-02-20 19:10:30 - [TEST_STEP][PASSED] - callTestCase(findTestCase("All TC/Arranged/3. Unit/EI/Form 7_default/OTC_Submit Form 7_Section C"), [:], STOP_ON_FAILURE): Call Test Case 'Test Cases/All TC/Arranged/3. Unit/EI/Form 7_default/OTC_Submit Form 7_Section C' successfully

2019-02-20 19:10:30 - [TEST_CASE][PASSED] - Test Cases/All TC/Arranged/3. Unit/EI/Form 7_default/OTC_Submit Form 7_Section C: Test Cases/All TC/Arranged/3. Unit/EI/Form 7_default/OTC_Submit Form 7_Section C

2019-02-20 19:10:30 - [TEST_STEP][PASSED] - delay(2): Delayed 2 second(s)

2019-02-20 19:10:32 - [MESSAGE][PASSED] - Delayed 2 second(s)

2019-02-20 19:10:32 - [TEST_STEP][PASSED] - setText(findTestObject("KeatMun/Form 7_default/OTC_Submit Form 7_Section C/Page_PERKESO/C4. EmployerInfo"), "qwertyuiop"): Text 'qwertyuiop' is set on object 'Object Repository/KeatMun/Form 7_default/OTC_Submit Form 7_Section C/Page_PERKESO/C4. EmployerInfo'

2019-02-20 19:10:36 - [MESSAGE][PASSED] - Text 'qwertyuiop' is set on object 'Object Repository/KeatMun/Form 7_default/OTC_Submit Form 7_Section C/Page_PERKESO/C4. EmployerInfo'

2019-02-20 19:10:36 - [TEST_STEP][PASSED] - delay(2): Delayed 2 second(s)

2019-02-20 19:10:38 - [MESSAGE][PASSED] - Delayed 2 second(s)

2019-02-20 19:10:38 - [TEST_STEP][PASSED] - click(findTestObject("KeatMun/Form 7_default/OTC_Submit Form 7_Section C/Page_PERKESO/C5. Negeri")): Object: 'Object Repository/KeatMun/Form 7_default/OTC_Submit Form 7_Section C/Page_PERKESO/C5. Negeri' is clicked on

2019-02-20 19:10:41 - [MESSAGE][PASSED] - Object: 'Object Repository/KeatMun/Form 7_default/OTC_Submit Form 7_Section C/Page_PERKESO/C5. Negeri' is clicked on

2019-02-20 19:10:41 - [TEST_STEP][PASSED] - delay(2): Delayed 2 second(s)

2019-02-20 19:10:43 - [MESSAGE][PASSED] - Delayed 2 second(s)

2019-02-20 19:10:43 - [TEST_STEP][PASSED] - click(findTestObject("KeatMun/Form 7_default/OTC_Submit Form 7_Section C/Page_PERKESO/C5. JOHOR")): Object: 'Object Repository/KeatMun/Form 7_default/OTC_Submit Form 7_Section C/Page_PERKESO/C5. JOHOR' is clicked on

2019-02-20 19:10:45 - [MESSAGE][PASSED] - Object: 'Object Repository/KeatMun/Form 7_default/OTC_Submit Form 7_Section C/Page_PERKESO/C5. JOHOR' is clicked on

2019-02-20 19:10:45 - [TEST_STEP][PASSED] - delay(3): Delayed 3 second(s)

2019-02-20 19:10:48 - [MESSAGE][PASSED] - Delayed 3 second(s)

2019-02-20 19:10:48 - [TEST_STEP][PASSED] - click(findTestObject("KeatMun/Form 7_default/OTC_Submit Form 7_Section C/Page_PERKESO/C6. City")): Object: 'Object Repository/KeatMun/Form 7_default/OTC_Submit Form 7_Section C/Page_PERKESO/C6. City' is clicked on

2019-02-20 19:10:50 - [MESSAGE][PASSED] - Object: 'Object Repository/KeatMun/Form 7_default/OTC_Submit Form 7_Section C/Page_PERKESO/C6. City' is clicked on

2019-02-20 19:10:50 - [TEST_STEP][PASSED] - delay(2): Delayed 2 second(s)

2019-02-20 19:10:52 - [MESSAGE][PASSED] - Delayed 2 second(s)

2019-02-20 19:10:52 - [TEST_STEP][PASSED] - setText(findTestObject("KeatMun/Form 7_default/OTC_Submit Form 7_Section C/Page_PERKESO/C6. Done_select2-search__fie"), "jo"): Text 'jo' is set on object 'Object Repository/KeatMun/Form 7_default/OTC_Submit Form 7_Section C/Page_PERKESO/C6. Done_select2-search__fie'

2019-02-20 19:10:56 - [MESSAGE][PASSED] - Text 'jo' is set on object 'Object Repository/KeatMun/Form 7_default/OTC_Submit Form 7_Section C/Page_PERKESO/C6. Done_select2-search__fie'

2019-02-20 19:10:56 - [TEST_STEP][PASSED] - setText(findTestObject("KeatMun/Form 7_default/OTC_Submit Form 7_Section C/Page_PERKESO/C6. Concat(id(  select2-city"), "jo"): Text 'jo' is set on object 'Object Repository/KeatMun/Form 7_default/OTC_Submit Form 7_Section C/Page_PERKESO/C6. Concat(id(  select2-city'

2019-02-20 19:11:00 - [MESSAGE][PASSED] - Text 'jo' is set on object 'Object Repository/KeatMun/Form 7_default/OTC_Submit Form 7_Section C/Page_PERKESO/C6. Concat(id(  select2-city'

2019-02-20 19:11:00 - [TEST_STEP][PASSED] - click(findTestObject("KeatMun/Form 7_default/OTC_Submit Form 7_Section C/Page_PERKESO/C6. JOHOR BAHRU")): Object: 'Object Repository/KeatMun/Form 7_default/OTC_Submit Form 7_Section C/Page_PERKESO/C6. JOHOR BAHRU' is clicked on

2019-02-20 19:11:02 - [MESSAGE][PASSED] - Object: 'Object Repository/KeatMun/Form 7_default/OTC_Submit Form 7_Section C/Page_PERKESO/C6. JOHOR BAHRU' is clicked on

2019-02-20 19:11:02 - [TEST_STEP][PASSED] - delay(3): Delayed 3 second(s)

2019-02-20 19:11:05 - [MESSAGE][PASSED] - Delayed 3 second(s)

2019-02-20 19:11:05 - [TEST_STEP][PASSED] - click(findTestObject("KeatMun/Form 7_default/OTC_Submit Form 7_Section C/Page_PERKESO/C7. --Sila Isikan--")): Object: 'Object Repository/KeatMun/Form 7_default/OTC_Submit Form 7_Section C/Page_PERKESO/C7. --Sila Isikan--' is clicked on

2019-02-20 19:11:07 - [MESSAGE][PASSED] - Object: 'Object Repository/KeatMun/Form 7_default/OTC_Submit Form 7_Section C/Page_PERKESO/C7. --Sila Isikan--' is clicked on

2019-02-20 19:11:07 - [TEST_STEP][PASSED] - delay(2): Delayed 2 second(s)

2019-02-20 19:11:09 - [MESSAGE][PASSED] - Delayed 2 second(s)

2019-02-20 19:11:09 - [TEST_STEP][PASSED] - setText(findTestObject("KeatMun/Form 7_default/OTC_Submit Form 7_Section C/Page_PERKESO/C7. Done_select2-search__fie"), "84"): Text '84' is set on object 'Object Repository/KeatMun/Form 7_default/OTC_Submit Form 7_Section C/Page_PERKESO/C7. Done_select2-search__fie'

2019-02-20 19:11:14 - [MESSAGE][PASSED] - Text '84' is set on object 'Object Repository/KeatMun/Form 7_default/OTC_Submit Form 7_Section C/Page_PERKESO/C7. Done_select2-search__fie'

2019-02-20 19:11:14 - [TEST_STEP][PASSED] - setText(findTestObject("KeatMun/Form 7_default/OTC_Submit Form 7_Section C/Page_PERKESO/C7. Concat(id(  select2-post"), "84"): Text '84' is set on object 'Object Repository/KeatMun/Form 7_default/OTC_Submit Form 7_Section C/Page_PERKESO/C7. Concat(id(  select2-post'

2019-02-20 19:11:18 - [MESSAGE][PASSED] - Text '84' is set on object 'Object Repository/KeatMun/Form 7_default/OTC_Submit Form 7_Section C/Page_PERKESO/C7. Concat(id(  select2-post'

2019-02-20 19:11:18 - [TEST_STEP][PASSED] - click(findTestObject("KeatMun/Form 7_default/OTC_Submit Form 7_Section C/Page_PERKESO/C7. 84000")): Object: 'Object Repository/KeatMun/Form 7_default/OTC_Submit Form 7_Section C/Page_PERKESO/C7. 84000' is clicked on

2019-02-20 19:11:20 - [MESSAGE][PASSED] - Object: 'Object Repository/KeatMun/Form 7_default/OTC_Submit Form 7_Section C/Page_PERKESO/C7. 84000' is clicked on

2019-02-20 19:11:20 - [TEST_STEP][PASSED] - delay(3): Delayed 3 second(s)

2019-02-20 19:11:23 - [MESSAGE][PASSED] - Delayed 3 second(s)

2019-02-20 19:11:23 - [TEST_STEP][PASSED] - click(findTestObject("KeatMun/Form 7_default/OTC_Submit Form 7_Section C/Page_PERKESO/C8. Tidak_employerInfo.emplo")): Object: 'Object Repository/KeatMun/Form 7_default/OTC_Submit Form 7_Section C/Page_PERKESO/C8. Tidak_employerInfo.emplo' is clicked on

2019-02-20 19:11:25 - [MESSAGE][PASSED] - Object: 'Object Repository/KeatMun/Form 7_default/OTC_Submit Form 7_Section C/Page_PERKESO/C8. Tidak_employerInfo.emplo' is clicked on

2019-02-20 19:11:25 - [TEST_STEP][PASSED] - delay(2): Delayed 2 second(s)

2019-02-20 19:11:27 - [MESSAGE][PASSED] - Delayed 2 second(s)

2019-02-20 19:11:27 - [TEST_STEP][PASSED] - setText(findTestObject("KeatMun/Form 7_default/OTC_Submit Form 7_Section C/Page_PERKESO/C9. EmployerName"), "qwertyuiop"): Text 'qwertyuiop' is set on object 'Object Repository/KeatMun/Form 7_default/OTC_Submit Form 7_Section C/Page_PERKESO/C9. EmployerName'

2019-02-20 19:11:31 - [MESSAGE][PASSED] - Text 'qwertyuiop' is set on object 'Object Repository/KeatMun/Form 7_default/OTC_Submit Form 7_Section C/Page_PERKESO/C9. EmployerName'

2019-02-20 19:11:31 - [TEST_STEP][PASSED] - delay(2): Delayed 2 second(s)

2019-02-20 19:11:33 - [MESSAGE][PASSED] - Delayed 2 second(s)

2019-02-20 19:11:33 - [TEST_STEP][PASSED] - setText(findTestObject("KeatMun/Form 7_default/OTC_Submit Form 7_Section C/Page_PERKESO/C10. EmployerIC"), "1234567890"): Text '1234567890' is set on object 'Object Repository/KeatMun/Form 7_default/OTC_Submit Form 7_Section C/Page_PERKESO/C10. EmployerIC'

2019-02-20 19:11:38 - [MESSAGE][PASSED] - Text '1234567890' is set on object 'Object Repository/KeatMun/Form 7_default/OTC_Submit Form 7_Section C/Page_PERKESO/C10. EmployerIC'

2019-02-20 19:11:38 - [TEST_STEP][PASSED] - delay(3): Delayed 3 second(s)

2019-02-20 19:11:41 - [MESSAGE][PASSED] - Delayed 3 second(s)

2019-02-20 19:11:41 - [TEST_STEP][PASSED] - click(findTestObject("KeatMun/Form 7_default/OTC_Submit Form 7_Section C/Page_PERKESO/C11. Halaman Seterusnya")): Object: 'Object Repository/KeatMun/Form 7_default/OTC_Submit Form 7_Section C/Page_PERKESO/C11. Halaman Seterusnya' is clicked on

2019-02-20 19:11:43 - [MESSAGE][PASSED] - Object: 'Object Repository/KeatMun/Form 7_default/OTC_Submit Form 7_Section C/Page_PERKESO/C11. Halaman Seterusnya' is clicked on

2019-02-20 19:11:43 - [TEST_STEP][PASSED] - delay(3): Delayed 3 second(s)

2019-02-20 19:11:46 - [MESSAGE][PASSED] - Delayed 3 second(s)

2019-02-20 19:11:46 - [MESSAGE][PASSED] - Call Test Case 'Test Cases/All TC/Arranged/3. Unit/EI/Form 7_default/OTC_Submit Form 7_Section C' successfully

2019-02-20 19:11:46 - [TEST_STEP][PASSED] - callTestCase(findTestCase("All TC/Arranged/3. Unit/EI/Form 7_default/OTC_Submit Form 7_Section D-E"), [:], STOP_ON_FAILURE): Call Test Case 'Test Cases/All TC/Arranged/3. Unit/EI/Form 7_default/OTC_Submit Form 7_Section D-E' successfully

2019-02-20 19:11:46 - [TEST_CASE][PASSED] - Test Cases/All TC/Arranged/3. Unit/EI/Form 7_default/OTC_Submit Form 7_Section D-E: Test Cases/All TC/Arranged/3. Unit/EI/Form 7_default/OTC_Submit Form 7_Section D-E

2019-02-20 19:11:46 - [TEST_STEP][PASSED] - delay(3): Delayed 3 second(s)

2019-02-20 19:11:49 - [MESSAGE][PASSED] - Delayed 3 second(s)

2019-02-20 19:11:49 - [TEST_STEP][PASSED] - click(findTestObject("KeatMun/Form 7_default/OTC_Submit Form 7_Section D-E/Page_PERKESO/D1. NO_otherActiveEmploye")): Object: 'Object Repository/KeatMun/Form 7_default/OTC_Submit Form 7_Section D-E/Page_PERKESO/D1. NO_otherActiveEmploye' is clicked on

2019-02-20 19:11:51 - [MESSAGE][PASSED] - Object: 'Object Repository/KeatMun/Form 7_default/OTC_Submit Form 7_Section D-E/Page_PERKESO/D1. NO_otherActiveEmploye' is clicked on

2019-02-20 19:11:51 - [TEST_STEP][PASSED] - delay(4): Delayed 4 second(s)

2019-02-20 19:11:55 - [MESSAGE][PASSED] - Delayed 4 second(s)

2019-02-20 19:11:55 - [TEST_STEP][PASSED] - click(findTestObject("KeatMun/Form 7_default/OTC_Submit Form 7_Section D-E/Page_PERKESO/D2. Halaman Seterusnya")): Object: 'Object Repository/KeatMun/Form 7_default/OTC_Submit Form 7_Section D-E/Page_PERKESO/D2. Halaman Seterusnya' is clicked on

2019-02-20 19:11:57 - [MESSAGE][PASSED] - Object: 'Object Repository/KeatMun/Form 7_default/OTC_Submit Form 7_Section D-E/Page_PERKESO/D2. Halaman Seterusnya' is clicked on

2019-02-20 19:11:57 - [TEST_STEP][PASSED] - delay(5): Delayed 5 second(s)

2019-02-20 19:12:02 - [MESSAGE][PASSED] - Delayed 5 second(s)

2019-02-20 19:12:02 - [TEST_STEP][PASSED] - setText(findTestObject("KeatMun/Form 7_default/OTC_Submit Form 7_Section D-E/Page_PERKESO/E1. Input__totalExpYear"), "1"): Text '1' is set on object 'Object Repository/KeatMun/Form 7_default/OTC_Submit Form 7_Section D-E/Page_PERKESO/E1. Input__totalExpYear'

2019-02-20 19:12:06 - [MESSAGE][PASSED] - Text '1' is set on object 'Object Repository/KeatMun/Form 7_default/OTC_Submit Form 7_Section D-E/Page_PERKESO/E1. Input__totalExpYear'

2019-02-20 19:12:06 - [TEST_STEP][PASSED] - delay(2): Delayed 2 second(s)

2019-02-20 19:12:08 - [MESSAGE][PASSED] - Delayed 2 second(s)

2019-02-20 19:12:08 - [TEST_STEP][PASSED] - setText(findTestObject("KeatMun/Form 7_default/OTC_Submit Form 7_Section D-E/Page_PERKESO/E1. Tahun_totalExpMonth"), "1"): Text '1' is set on object 'Object Repository/KeatMun/Form 7_default/OTC_Submit Form 7_Section D-E/Page_PERKESO/E1. Tahun_totalExpMonth'

2019-02-20 19:12:13 - [MESSAGE][PASSED] - Text '1' is set on object 'Object Repository/KeatMun/Form 7_default/OTC_Submit Form 7_Section D-E/Page_PERKESO/E1. Tahun_totalExpMonth'

2019-02-20 19:12:13 - [TEST_STEP][PASSED] - delay(2): Delayed 2 second(s)

2019-02-20 19:12:15 - [MESSAGE][PASSED] - Delayed 2 second(s)

2019-02-20 19:12:15 - [TEST_STEP][PASSED] - click(findTestObject("KeatMun/Form 7_default/OTC_Submit Form 7_Section D-E/Page_PERKESO/E2. Edu-Level")): Object: 'Object Repository/KeatMun/Form 7_default/OTC_Submit Form 7_Section D-E/Page_PERKESO/E2. Edu-Level' is clicked on

2019-02-20 19:12:17 - [MESSAGE][PASSED] - Object: 'Object Repository/KeatMun/Form 7_default/OTC_Submit Form 7_Section D-E/Page_PERKESO/E2. Edu-Level' is clicked on

2019-02-20 19:12:17 - [TEST_STEP][PASSED] - delay(2): Delayed 2 second(s)

2019-02-20 19:12:19 - [MESSAGE][PASSED] - Delayed 2 second(s)

2019-02-20 19:12:19 - [TEST_STEP][PASSED] - click(findTestObject("KeatMun/Form 7_default/OTC_Submit Form 7_Section D-E/Page_PERKESO/E2. PMRPT3")): Object: 'Object Repository/KeatMun/Form 7_default/OTC_Submit Form 7_Section D-E/Page_PERKESO/E2. PMRPT3' is clicked on

2019-02-20 19:12:21 - [MESSAGE][PASSED] - Object: 'Object Repository/KeatMun/Form 7_default/OTC_Submit Form 7_Section D-E/Page_PERKESO/E2. PMRPT3' is clicked on

2019-02-20 19:12:21 - [TEST_STEP][PASSED] - delay(3): Delayed 3 second(s)

2019-02-20 19:12:24 - [MESSAGE][PASSED] - Delayed 3 second(s)

2019-02-20 19:12:24 - [TEST_STEP][PASSED] - click(findTestObject("KeatMun/Form 7_default/OTC_Submit Form 7_Section D-E/Page_PERKESO/E3. Job-Choice")): Object: 'Object Repository/KeatMun/Form 7_default/OTC_Submit Form 7_Section D-E/Page_PERKESO/E3. Job-Choice' is clicked on

2019-02-20 19:12:26 - [MESSAGE][PASSED] - Object: 'Object Repository/KeatMun/Form 7_default/OTC_Submit Form 7_Section D-E/Page_PERKESO/E3. Job-Choice' is clicked on

2019-02-20 19:12:26 - [TEST_STEP][PASSED] - delay(2): Delayed 2 second(s)

2019-02-20 19:12:28 - [MESSAGE][PASSED] - Delayed 2 second(s)

2019-02-20 19:12:28 - [TEST_STEP][PASSED] - setText(findTestObject("KeatMun/Form 7_default/OTC_Submit Form 7_Section D-E/Page_PERKESO/E3. Done_select2-search__fie"), "re"): Text 're' is set on object 'Object Repository/KeatMun/Form 7_default/OTC_Submit Form 7_Section D-E/Page_PERKESO/E3. Done_select2-search__fie'

2019-02-20 19:12:32 - [MESSAGE][PASSED] - Text 're' is set on object 'Object Repository/KeatMun/Form 7_default/OTC_Submit Form 7_Section D-E/Page_PERKESO/E3. Done_select2-search__fie'

2019-02-20 19:12:32 - [TEST_STEP][PASSED] - click(findTestObject("KeatMun/Form 7_default/OTC_Submit Form 7_Section D-E/Page_PERKESO/E3. Arkitek Reka Bentuk")): Object: 'Object Repository/KeatMun/Form 7_default/OTC_Submit Form 7_Section D-E/Page_PERKESO/E3. Arkitek Reka Bentuk' is clicked on

2019-02-20 19:12:34 - [MESSAGE][PASSED] - Object: 'Object Repository/KeatMun/Form 7_default/OTC_Submit Form 7_Section D-E/Page_PERKESO/E3. Arkitek Reka Bentuk' is clicked on

2019-02-20 19:12:34 - [TEST_STEP][PASSED] - delay(2): Delayed 2 second(s)

2019-02-20 19:12:36 - [MESSAGE][PASSED] - Delayed 2 second(s)

2019-02-20 19:12:36 - [TEST_STEP][PASSED] - click(findTestObject("KeatMun/Form 7_default/OTC_Submit Form 7_Section D-E/Page_PERKESO/E4. Job_Location")): Object: 'Object Repository/KeatMun/Form 7_default/OTC_Submit Form 7_Section D-E/Page_PERKESO/E4. Job_Location' is clicked on

2019-02-20 19:12:38 - [MESSAGE][PASSED] - Object: 'Object Repository/KeatMun/Form 7_default/OTC_Submit Form 7_Section D-E/Page_PERKESO/E4. Job_Location' is clicked on

2019-02-20 19:12:38 - [TEST_STEP][PASSED] - delay(2): Delayed 2 second(s)

2019-02-20 19:12:40 - [MESSAGE][PASSED] - Delayed 2 second(s)

2019-02-20 19:12:40 - [TEST_STEP][PASSED] - click(findTestObject("KeatMun/Form 7_default/OTC_Submit Form 7_Section D-E/Page_PERKESO/E4. JOHOR")): Object: 'Object Repository/KeatMun/Form 7_default/OTC_Submit Form 7_Section D-E/Page_PERKESO/E4. JOHOR' is clicked on

2019-02-20 19:12:42 - [MESSAGE][PASSED] - Object: 'Object Repository/KeatMun/Form 7_default/OTC_Submit Form 7_Section D-E/Page_PERKESO/E4. JOHOR' is clicked on

2019-02-20 19:12:42 - [TEST_STEP][PASSED] - delay(2): Delayed 2 second(s)

2019-02-20 19:12:44 - [MESSAGE][PASSED] - Delayed 2 second(s)

2019-02-20 19:12:44 - [TEST_STEP][PASSED] - click(findTestObject("KeatMun/Form 7_default/OTC_Submit Form 7_Section D-E/Page_PERKESO/E7. NO_disability")): Object: 'Object Repository/KeatMun/Form 7_default/OTC_Submit Form 7_Section D-E/Page_PERKESO/E7. NO_disability' is clicked on

2019-02-20 19:12:47 - [MESSAGE][PASSED] - Object: 'Object Repository/KeatMun/Form 7_default/OTC_Submit Form 7_Section D-E/Page_PERKESO/E7. NO_disability' is clicked on

2019-02-20 19:12:47 - [TEST_STEP][PASSED] - delay(2): Delayed 2 second(s)

2019-02-20 19:12:49 - [MESSAGE][PASSED] - Delayed 2 second(s)

2019-02-20 19:12:49 - [TEST_STEP][PASSED] - click(findTestObject("KeatMun/Form 7_default/OTC_Submit Form 7_Section D-E/Page_PERKESO/E8. NO_disabilityApplyInd")): Object: 'Object Repository/KeatMun/Form 7_default/OTC_Submit Form 7_Section D-E/Page_PERKESO/E8. NO_disabilityApplyInd' is clicked on

2019-02-20 19:12:51 - [MESSAGE][PASSED] - Object: 'Object Repository/KeatMun/Form 7_default/OTC_Submit Form 7_Section D-E/Page_PERKESO/E8. NO_disabilityApplyInd' is clicked on

2019-02-20 19:12:51 - [TEST_STEP][PASSED] - delay(2): Delayed 2 second(s)

2019-02-20 19:12:53 - [MESSAGE][PASSED] - Delayed 2 second(s)

2019-02-20 19:12:53 - [TEST_STEP][PASSED] - click(findTestObject("KeatMun/Form 7_default/OTC_Submit Form 7_Section D-E/Page_PERKESO/E9. YES_ReEmployment")): Object: 'Object Repository/KeatMun/Form 7_default/OTC_Submit Form 7_Section D-E/Page_PERKESO/E9. YES_ReEmployment' is clicked on

2019-02-20 19:12:55 - [MESSAGE][PASSED] - Object: 'Object Repository/KeatMun/Form 7_default/OTC_Submit Form 7_Section D-E/Page_PERKESO/E9. YES_ReEmployment' is clicked on

2019-02-20 19:12:55 - [TEST_STEP][PASSED] - delay(2): Delayed 2 second(s)

2019-02-20 19:12:57 - [MESSAGE][PASSED] - Delayed 2 second(s)

2019-02-20 19:12:57 - [TEST_STEP][PASSED] - click(findTestObject("KeatMun/Form 7_default/OTC_Submit Form 7_Section D-E/Page_PERKESO/E10. Halaman Seterusnya")): Object: 'Object Repository/KeatMun/Form 7_default/OTC_Submit Form 7_Section D-E/Page_PERKESO/E10. Halaman Seterusnya' is clicked on

2019-02-20 19:12:59 - [MESSAGE][PASSED] - Object: 'Object Repository/KeatMun/Form 7_default/OTC_Submit Form 7_Section D-E/Page_PERKESO/E10. Halaman Seterusnya' is clicked on

2019-02-20 19:12:59 - [TEST_STEP][PASSED] - delay(3): Delayed 3 second(s)

2019-02-20 19:13:02 - [MESSAGE][PASSED] - Delayed 3 second(s)

2019-02-20 19:13:02 - [MESSAGE][PASSED] - Call Test Case 'Test Cases/All TC/Arranged/3. Unit/EI/Form 7_default/OTC_Submit Form 7_Section D-E' successfully

2019-02-20 19:13:02 - [TEST_STEP][FAILED] - callTestCase(findTestCase("All TC/Arranged/3. Unit/EI/Form 7_default/OTC_Submit Form 7_Section F-G-H - Cheque"), [:], STOP_ON_FAILURE): callTestCase(findTestCase("All TC/Arranged/3. Unit/EI/Form 7_default/OTC_Submit Form 7_Section F-G-H - Cheque"), [:], STOP_ON_FAILURE) FAILED.
Reason:
com.kms.katalon.core.exception.StepFailedException: Unable to click on object 'Object Repository/KeatMun/Form 7_default/OTC_Submit Form 7_Section F-G-H/Page_PERKESO/G2. span_Isteri' (Root cause: com.kms.katalon.core.webui.exception.WebElementNotFoundException: Web element with id: 'Object Repository/KeatMun/Form 7_default/OTC_Submit Form 7_Section F-G-H/Page_PERKESO/G2. span_Isteri' located by 'By.xpath: //span[@id = 'select2-dependentList0dependentRelationId-container' and @title = 'Isteri' and (text() = 'Isteri' or . = 'Isteri')]' not found)
	at com.kms.katalon.core.keyword.internal.KeywordMain.stepFailed(KeywordMain.groovy:36)
	at com.kms.katalon.core.webui.keyword.internal.WebUIKeywordMain.stepFailed(WebUIKeywordMain.groovy:65)
	at com.kms.katalon.core.webui.keyword.internal.WebUIKeywordMain.runKeyword(WebUIKeywordMain.groovy:27)
	at com.kms.katalon.core.webui.keyword.builtin.ClickKeyword.click(ClickKeyword.groovy:86)
	at com.kms.katalon.core.webui.keyword.builtin.ClickKeyword.execute(ClickKeyword.groovy:67)
	at com.kms.katalon.core.keyword.internal.KeywordExecutor.executeKeywordForPlatform(KeywordExecutor.groovy:53)
	at com.kms.katalon.core.webui.keyword.WebUiBuiltInKeywords.click(WebUiBuiltInKeywords.groovy:616)
	at com.kms.katalon.core.webui.keyword.WebUiBuiltInKeywords$click$3.call(Unknown Source)
	at OTC_Submit Form 7_Section F-G-H - Cheque.run(OTC_Submit Form 7_Section F-G-H - Cheque:41)
	at com.kms.katalon.core.main.ScriptEngine.run(ScriptEngine.java:194)
	at com.kms.katalon.core.main.ScriptEngine.runScriptAsRawText(ScriptEngine.java:119)
	at com.kms.katalon.core.main.TestCaseExecutor.runScript(TestCaseExecutor.java:328)
	at com.kms.katalon.core.main.TestCaseExecutor.doExecute(TestCaseExecutor.java:319)
	at com.kms.katalon.core.main.TestCaseExecutor.processExecutionPhase(TestCaseExecutor.java:298)
	at com.kms.katalon.core.main.TestCaseExecutor.accessMainPhase(TestCaseExecutor.java:290)
	at com.kms.katalon.core.main.TestCaseExecutor.execute(TestCaseExecutor.java:224)
	at com.kms.katalon.core.main.TestCaseMain.runTestCase(TestCaseMain.java:106)
	at com.kms.katalon.core.keyword.builtin.CallTestCaseKeyword$_callTestCase_closure1.doCall(CallTestCaseKeyword.groovy:59)
	at com.kms.katalon.core.keyword.builtin.CallTestCaseKeyword$_callTestCase_closure1.call(CallTestCaseKeyword.groovy)
	at com.kms.katalon.core.keyword.internal.KeywordMain.runKeyword(KeywordMain.groovy:54)
	at com.kms.katalon.core.keyword.builtin.CallTestCaseKeyword.callTestCase(CallTestCaseKeyword.groovy:80)
	at com.kms.katalon.core.keyword.builtin.CallTestCaseKeyword.execute(CallTestCaseKeyword.groovy:44)
	at com.kms.katalon.core.keyword.internal.KeywordExecutor.executeKeywordForPlatform(KeywordExecutor.groovy:53)
	at com.kms.katalon.core.keyword.BuiltinKeywords.callTestCase(BuiltinKeywords.groovy:334)
	at OTC_Submit Form 7_End to End - Cheque.run(OTC_Submit Form 7_End to End - Cheque:26)
	at com.kms.katalon.core.main.ScriptEngine.run(ScriptEngine.java:194)
	at com.kms.katalon.core.main.ScriptEngine.runScriptAsRawText(ScriptEngine.java:119)
	at com.kms.katalon.core.main.TestCaseExecutor.runScript(TestCaseExecutor.java:328)
	at com.kms.katalon.core.main.TestCaseExecutor.doExecute(TestCaseExecutor.java:319)
	at com.kms.katalon.core.main.TestCaseExecutor.processExecutionPhase(TestCaseExecutor.java:298)
	at com.kms.katalon.core.main.TestCaseExecutor.accessMainPhase(TestCaseExecutor.java:290)
	at com.kms.katalon.core.main.TestCaseExecutor.execute(TestCaseExecutor.java:224)
	at com.kms.katalon.core.main.TestCaseMain.runTestCase(TestCaseMain.java:106)
	at com.kms.katalon.core.keyword.builtin.CallTestCaseKeyword$_callTestCase_closure1.doCall(CallTestCaseKeyword.groovy:59)
	at com.kms.katalon.core.keyword.builtin.CallTestCaseKeyword$_callTestCase_closure1.call(CallTestCaseKeyword.groovy)
	at com.kms.katalon.core.keyword.internal.KeywordMain.runKeyword(KeywordMain.groovy:54)
	at com.kms.katalon.core.keyword.builtin.CallTestCaseKeyword.callTestCase(CallTestCaseKeyword.groovy:80)
	at com.kms.katalon.core.keyword.builtin.CallTestCaseKeyword.execute(CallTestCaseKeyword.groovy:44)
	at com.kms.katalon.core.keyword.internal.KeywordExecutor.executeKeywordForPlatform(KeywordExecutor.groovy:53)
	at com.kms.katalon.core.keyword.BuiltinKeywords.callTestCase(BuiltinKeywords.groovy:334)
	at Approve Claim - RIA.run(Approve Claim - RIA:16)
	at com.kms.katalon.core.main.ScriptEngine.run(ScriptEngine.java:194)
	at com.kms.katalon.core.main.ScriptEngine.runScriptAsRawText(ScriptEngine.java:119)
	at com.kms.katalon.core.main.TestCaseExecutor.runScript(TestCaseExecutor.java:328)
	at com.kms.katalon.core.main.TestCaseExecutor.doExecute(TestCaseExecutor.java:319)
	at com.kms.katalon.core.main.TestCaseExecutor.processExecutionPhase(TestCaseExecutor.java:298)
	at com.kms.katalon.core.main.TestCaseExecutor.accessMainPhase(TestCaseExecutor.java:290)
	at com.kms.katalon.core.main.TestCaseExecutor.execute(TestCaseExecutor.java:224)
	at com.kms.katalon.core.main.TestSuiteExecutor.accessTestCaseMainPhase(TestSuiteExecutor.java:129)
	at com.kms.katalon.core.main.TestSuiteExecutor.accessTestSuiteMainPhase(TestSuiteExecutor.java:112)
	at com.kms.katalon.core.main.TestSuiteExecutor.execute(TestSuiteExecutor.java:81)
	at com.kms.katalon.core.main.TestCaseMain.startTestSuite(TestCaseMain.java:149)
	at com.kms.katalon.core.main.TestCaseMain$startTestSuite$0.call(Unknown Source)
	at TempTestSuite1550652525208.run(TempTestSuite1550652525208.groovy:36)


2019-02-20 19:13:02 - [TEST_CASE][FAILED] - Test Cases/All TC/Arranged/3. Unit/EI/Form 7_default/OTC_Submit Form 7_Section F-G-H - Cheque: Test Cases/All TC/Arranged/3. Unit/EI/Form 7_default/OTC_Submit Form 7_Section F-G-H - Cheque FAILED.
Reason:
com.kms.katalon.core.exception.StepFailedException: Unable to click on object 'Object Repository/KeatMun/Form 7_default/OTC_Submit Form 7_Section F-G-H/Page_PERKESO/G2. span_Isteri' (Root cause: com.kms.katalon.core.webui.exception.WebElementNotFoundException: Web element with id: 'Object Repository/KeatMun/Form 7_default/OTC_Submit Form 7_Section F-G-H/Page_PERKESO/G2. span_Isteri' located by 'By.xpath: //span[@id = 'select2-dependentList0dependentRelationId-container' and @title = 'Isteri' and (text() = 'Isteri' or . = 'Isteri')]' not found)
	at com.kms.katalon.core.keyword.internal.KeywordMain.stepFailed(KeywordMain.groovy:36)
	at com.kms.katalon.core.webui.keyword.internal.WebUIKeywordMain.stepFailed(WebUIKeywordMain.groovy:65)
	at com.kms.katalon.core.webui.keyword.internal.WebUIKeywordMain.runKeyword(WebUIKeywordMain.groovy:27)
	at com.kms.katalon.core.webui.keyword.builtin.ClickKeyword.click(ClickKeyword.groovy:86)
	at com.kms.katalon.core.webui.keyword.builtin.ClickKeyword.execute(ClickKeyword.groovy:67)
	at com.kms.katalon.core.keyword.internal.KeywordExecutor.executeKeywordForPlatform(KeywordExecutor.groovy:53)
	at com.kms.katalon.core.webui.keyword.WebUiBuiltInKeywords.click(WebUiBuiltInKeywords.groovy:616)
	at com.kms.katalon.core.webui.keyword.WebUiBuiltInKeywords$click$3.call(Unknown Source)
	at OTC_Submit Form 7_Section F-G-H - Cheque.run(OTC_Submit Form 7_Section F-G-H - Cheque:41)
	at com.kms.katalon.core.main.ScriptEngine.run(ScriptEngine.java:194)
	at com.kms.katalon.core.main.ScriptEngine.runScriptAsRawText(ScriptEngine.java:119)
	at com.kms.katalon.core.main.TestCaseExecutor.runScript(TestCaseExecutor.java:328)
	at com.kms.katalon.core.main.TestCaseExecutor.doExecute(TestCaseExecutor.java:319)
	at com.kms.katalon.core.main.TestCaseExecutor.processExecutionPhase(TestCaseExecutor.java:298)
	at com.kms.katalon.core.main.TestCaseExecutor.accessMainPhase(TestCaseExecutor.java:290)
	at com.kms.katalon.core.main.TestCaseExecutor.execute(TestCaseExecutor.java:224)
	at com.kms.katalon.core.main.TestCaseMain.runTestCase(TestCaseMain.java:106)
	at com.kms.katalon.core.keyword.builtin.CallTestCaseKeyword$_callTestCase_closure1.doCall(CallTestCaseKeyword.groovy:59)
	at com.kms.katalon.core.keyword.builtin.CallTestCaseKeyword$_callTestCase_closure1.call(CallTestCaseKeyword.groovy)
	at com.kms.katalon.core.keyword.internal.KeywordMain.runKeyword(KeywordMain.groovy:54)
	at com.kms.katalon.core.keyword.builtin.CallTestCaseKeyword.callTestCase(CallTestCaseKeyword.groovy:80)
	at com.kms.katalon.core.keyword.builtin.CallTestCaseKeyword.execute(CallTestCaseKeyword.groovy:44)
	at com.kms.katalon.core.keyword.internal.KeywordExecutor.executeKeywordForPlatform(KeywordExecutor.groovy:53)
	at com.kms.katalon.core.keyword.BuiltinKeywords.callTestCase(BuiltinKeywords.groovy:334)
	at OTC_Submit Form 7_End to End - Cheque.run(OTC_Submit Form 7_End to End - Cheque:26)
	at com.kms.katalon.core.main.ScriptEngine.run(ScriptEngine.java:194)
	at com.kms.katalon.core.main.ScriptEngine.runScriptAsRawText(ScriptEngine.java:119)
	at com.kms.katalon.core.main.TestCaseExecutor.runScript(TestCaseExecutor.java:328)
	at com.kms.katalon.core.main.TestCaseExecutor.doExecute(TestCaseExecutor.java:319)
	at com.kms.katalon.core.main.TestCaseExecutor.processExecutionPhase(TestCaseExecutor.java:298)
	at com.kms.katalon.core.main.TestCaseExecutor.accessMainPhase(TestCaseExecutor.java:290)
	at com.kms.katalon.core.main.TestCaseExecutor.execute(TestCaseExecutor.java:224)
	at com.kms.katalon.core.main.TestCaseMain.runTestCase(TestCaseMain.java:106)
	at com.kms.katalon.core.keyword.builtin.CallTestCaseKeyword$_callTestCase_closure1.doCall(CallTestCaseKeyword.groovy:59)
	at com.kms.katalon.core.keyword.builtin.CallTestCaseKeyword$_callTestCase_closure1.call(CallTestCaseKeyword.groovy)
	at com.kms.katalon.core.keyword.internal.KeywordMain.runKeyword(KeywordMain.groovy:54)
	at com.kms.katalon.core.keyword.builtin.CallTestCaseKeyword.callTestCase(CallTestCaseKeyword.groovy:80)
	at com.kms.katalon.core.keyword.builtin.CallTestCaseKeyword.execute(CallTestCaseKeyword.groovy:44)
	at com.kms.katalon.core.keyword.internal.KeywordExecutor.executeKeywordForPlatform(KeywordExecutor.groovy:53)
	at com.kms.katalon.core.keyword.BuiltinKeywords.callTestCase(BuiltinKeywords.groovy:334)
	at Approve Claim - RIA.run(Approve Claim - RIA:16)
	at com.kms.katalon.core.main.ScriptEngine.run(ScriptEngine.java:194)
	at com.kms.katalon.core.main.ScriptEngine.runScriptAsRawText(ScriptEngine.java:119)
	at com.kms.katalon.core.main.TestCaseExecutor.runScript(TestCaseExecutor.java:328)
	at com.kms.katalon.core.main.TestCaseExecutor.doExecute(TestCaseExecutor.java:319)
	at com.kms.katalon.core.main.TestCaseExecutor.processExecutionPhase(TestCaseExecutor.java:298)
	at com.kms.katalon.core.main.TestCaseExecutor.accessMainPhase(TestCaseExecutor.java:290)
	at com.kms.katalon.core.main.TestCaseExecutor.execute(TestCaseExecutor.java:224)
	at com.kms.katalon.core.main.TestSuiteExecutor.accessTestCaseMainPhase(TestSuiteExecutor.java:129)
	at com.kms.katalon.core.main.TestSuiteExecutor.accessTestSuiteMainPhase(TestSuiteExecutor.java:112)
	at com.kms.katalon.core.main.TestSuiteExecutor.execute(TestSuiteExecutor.java:81)
	at com.kms.katalon.core.main.TestCaseMain.startTestSuite(TestCaseMain.java:149)
	at com.kms.katalon.core.main.TestCaseMain$startTestSuite$0.call(Unknown Source)
	at TempTestSuite1550652525208.run(TempTestSuite1550652525208.groovy:36)


2019-02-20 19:13:02 - [TEST_STEP][PASSED] - delay(3): Delayed 3 second(s)

2019-02-20 19:13:05 - [MESSAGE][PASSED] - Delayed 3 second(s)

2019-02-20 19:13:05 - [TEST_STEP][PASSED] - click(findTestObject("KeatMun/Form 7_default/OTC_Submit Form 7_Section F-G-H/Page_PERKESO/F1. Bankrup_yes")): Object: 'Object Repository/KeatMun/Form 7_default/OTC_Submit Form 7_Section F-G-H/Page_PERKESO/F1. Bankrup_yes' is clicked on

2019-02-20 19:13:07 - [MESSAGE][PASSED] - Object: 'Object Repository/KeatMun/Form 7_default/OTC_Submit Form 7_Section F-G-H/Page_PERKESO/F1. Bankrup_yes' is clicked on

2019-02-20 19:13:07 - [TEST_STEP][PASSED] - delay(3): Delayed 3 second(s)

2019-02-20 19:13:10 - [MESSAGE][PASSED] - Delayed 3 second(s)

2019-02-20 19:13:10 - [TEST_STEP][PASSED] - click(findTestObject("KeatMun/Form 7_default/OTC_Submit Form 7_Section F-G-H/Page_PERKESO/F2. Next_Page_AfterBankInfo")): Object: 'Object Repository/KeatMun/Form 7_default/OTC_Submit Form 7_Section F-G-H/Page_PERKESO/F2. Next_Page_AfterBankInfo' is clicked on

2019-02-20 19:13:12 - [MESSAGE][PASSED] - Object: 'Object Repository/KeatMun/Form 7_default/OTC_Submit Form 7_Section F-G-H/Page_PERKESO/F2. Next_Page_AfterBankInfo' is clicked on

2019-02-20 19:13:12 - [TEST_STEP][PASSED] - delay(5): Delayed 5 second(s)

2019-02-20 19:13:17 - [MESSAGE][PASSED] - Delayed 5 second(s)

2019-02-20 19:13:17 - [TEST_STEP][PASSED] - setText(findTestObject("KeatMun/Form 7_default/OTC_Submit Form 7_Section F-G-H/Page_PERKESO/G2. Hubungan dengan OB-nama"), "qwertyuiop"): Text 'qwertyuiop' is set on object 'Object Repository/KeatMun/Form 7_default/OTC_Submit Form 7_Section F-G-H/Page_PERKESO/G2. Hubungan dengan OB-nama'

2019-02-20 19:13:22 - [MESSAGE][PASSED] - Text 'qwertyuiop' is set on object 'Object Repository/KeatMun/Form 7_default/OTC_Submit Form 7_Section F-G-H/Page_PERKESO/G2. Hubungan dengan OB-nama'

2019-02-20 19:13:22 - [TEST_STEP][PASSED] - delay(2): Delayed 2 second(s)

2019-02-20 19:13:24 - [MESSAGE][PASSED] - Delayed 2 second(s)

2019-02-20 19:13:24 - [TEST_STEP][PASSED] - setText(findTestObject("KeatMun/Form 7_default/OTC_Submit Form 7_Section F-G-H/Page_PERKESO/G2. Hubungan dengan OB-ic.no"), "111111223333"): Text '111111223333' is set on object 'Object Repository/KeatMun/Form 7_default/OTC_Submit Form 7_Section F-G-H/Page_PERKESO/G2. Hubungan dengan OB-ic.no'

2019-02-20 19:13:28 - [MESSAGE][PASSED] - Text '111111223333' is set on object 'Object Repository/KeatMun/Form 7_default/OTC_Submit Form 7_Section F-G-H/Page_PERKESO/G2. Hubungan dengan OB-ic.no'

2019-02-20 19:13:28 - [TEST_STEP][PASSED] - delay(2): Delayed 2 second(s)

2019-02-20 19:13:30 - [MESSAGE][PASSED] - Delayed 2 second(s)

2019-02-20 19:13:30 - [TEST_STEP][PASSED] - setText(findTestObject("KeatMun/Form 7_default/OTC_Submit Form 7_Section F-G-H/Page_PERKESO/G2. Hubungan dengan OB-DOB"), "10/01/2019"): Text '10/01/2019' is set on object 'Object Repository/KeatMun/Form 7_default/OTC_Submit Form 7_Section F-G-H/Page_PERKESO/G2. Hubungan dengan OB-DOB'

2019-02-20 19:13:34 - [MESSAGE][PASSED] - Text '10/01/2019' is set on object 'Object Repository/KeatMun/Form 7_default/OTC_Submit Form 7_Section F-G-H/Page_PERKESO/G2. Hubungan dengan OB-DOB'

2019-02-20 19:13:34 - [TEST_STEP][PASSED] - delay(3): Delayed 3 second(s)

2019-02-20 19:13:37 - [MESSAGE][PASSED] - Delayed 3 second(s)

2019-02-20 19:13:37 - [TEST_STEP][FAILED] - click(findTestObject("KeatMun/Form 7_default/OTC_Submit Form 7_Section F-G-H/Page_PERKESO/G2. span_Isteri")): click(findTestObject("KeatMun/Form 7_default/OTC_Submit Form 7_Section F-G-H/Page_PERKESO/G2. span_Isteri")) FAILED.
Reason:
com.kms.katalon.core.exception.StepFailedException: Unable to click on object 'Object Repository/KeatMun/Form 7_default/OTC_Submit Form 7_Section F-G-H/Page_PERKESO/G2. span_Isteri' (Root cause: com.kms.katalon.core.webui.exception.WebElementNotFoundException: Web element with id: 'Object Repository/KeatMun/Form 7_default/OTC_Submit Form 7_Section F-G-H/Page_PERKESO/G2. span_Isteri' located by 'By.xpath: //span[@id = 'select2-dependentList0dependentRelationId-container' and @title = 'Isteri' and (text() = 'Isteri' or . = 'Isteri')]' not found)
	at com.kms.katalon.core.keyword.internal.KeywordMain.stepFailed(KeywordMain.groovy:36)
	at com.kms.katalon.core.webui.keyword.internal.WebUIKeywordMain.stepFailed(WebUIKeywordMain.groovy:65)
	at com.kms.katalon.core.webui.keyword.internal.WebUIKeywordMain.runKeyword(WebUIKeywordMain.groovy:27)
	at com.kms.katalon.core.webui.keyword.builtin.ClickKeyword.click(ClickKeyword.groovy:86)
	at com.kms.katalon.core.webui.keyword.builtin.ClickKeyword.execute(ClickKeyword.groovy:67)
	at com.kms.katalon.core.keyword.internal.KeywordExecutor.executeKeywordForPlatform(KeywordExecutor.groovy:53)
	at com.kms.katalon.core.webui.keyword.WebUiBuiltInKeywords.click(WebUiBuiltInKeywords.groovy:616)
	at com.kms.katalon.core.webui.keyword.WebUiBuiltInKeywords$click$3.call(Unknown Source)
	at OTC_Submit Form 7_Section F-G-H - Cheque.run(OTC_Submit Form 7_Section F-G-H - Cheque:41)
	at com.kms.katalon.core.main.ScriptEngine.run(ScriptEngine.java:194)
	at com.kms.katalon.core.main.ScriptEngine.runScriptAsRawText(ScriptEngine.java:119)
	at com.kms.katalon.core.main.TestCaseExecutor.runScript(TestCaseExecutor.java:328)
	at com.kms.katalon.core.main.TestCaseExecutor.doExecute(TestCaseExecutor.java:319)
	at com.kms.katalon.core.main.TestCaseExecutor.processExecutionPhase(TestCaseExecutor.java:298)
	at com.kms.katalon.core.main.TestCaseExecutor.accessMainPhase(TestCaseExecutor.java:290)
	at com.kms.katalon.core.main.TestCaseExecutor.execute(TestCaseExecutor.java:224)
	at com.kms.katalon.core.main.TestCaseMain.runTestCase(TestCaseMain.java:106)
	at com.kms.katalon.core.keyword.builtin.CallTestCaseKeyword$_callTestCase_closure1.doCall(CallTestCaseKeyword.groovy:59)
	at com.kms.katalon.core.keyword.builtin.CallTestCaseKeyword$_callTestCase_closure1.call(CallTestCaseKeyword.groovy)
	at com.kms.katalon.core.keyword.internal.KeywordMain.runKeyword(KeywordMain.groovy:54)
	at com.kms.katalon.core.keyword.builtin.CallTestCaseKeyword.callTestCase(CallTestCaseKeyword.groovy:80)
	at com.kms.katalon.core.keyword.builtin.CallTestCaseKeyword.execute(CallTestCaseKeyword.groovy:44)
	at com.kms.katalon.core.keyword.internal.KeywordExecutor.executeKeywordForPlatform(KeywordExecutor.groovy:53)
	at com.kms.katalon.core.keyword.BuiltinKeywords.callTestCase(BuiltinKeywords.groovy:334)
	at OTC_Submit Form 7_End to End - Cheque.run(OTC_Submit Form 7_End to End - Cheque:26)
	at com.kms.katalon.core.main.ScriptEngine.run(ScriptEngine.java:194)
	at com.kms.katalon.core.main.ScriptEngine.runScriptAsRawText(ScriptEngine.java:119)
	at com.kms.katalon.core.main.TestCaseExecutor.runScript(TestCaseExecutor.java:328)
	at com.kms.katalon.core.main.TestCaseExecutor.doExecute(TestCaseExecutor.java:319)
	at com.kms.katalon.core.main.TestCaseExecutor.processExecutionPhase(TestCaseExecutor.java:298)
	at com.kms.katalon.core.main.TestCaseExecutor.accessMainPhase(TestCaseExecutor.java:290)
	at com.kms.katalon.core.main.TestCaseExecutor.execute(TestCaseExecutor.java:224)
	at com.kms.katalon.core.main.TestCaseMain.runTestCase(TestCaseMain.java:106)
	at com.kms.katalon.core.keyword.builtin.CallTestCaseKeyword$_callTestCase_closure1.doCall(CallTestCaseKeyword.groovy:59)
	at com.kms.katalon.core.keyword.builtin.CallTestCaseKeyword$_callTestCase_closure1.call(CallTestCaseKeyword.groovy)
	at com.kms.katalon.core.keyword.internal.KeywordMain.runKeyword(KeywordMain.groovy:54)
	at com.kms.katalon.core.keyword.builtin.CallTestCaseKeyword.callTestCase(CallTestCaseKeyword.groovy:80)
	at com.kms.katalon.core.keyword.builtin.CallTestCaseKeyword.execute(CallTestCaseKeyword.groovy:44)
	at com.kms.katalon.core.keyword.internal.KeywordExecutor.executeKeywordForPlatform(KeywordExecutor.groovy:53)
	at com.kms.katalon.core.keyword.BuiltinKeywords.callTestCase(BuiltinKeywords.groovy:334)
	at Approve Claim - RIA.run(Approve Claim - RIA:16)
	at com.kms.katalon.core.main.ScriptEngine.run(ScriptEngine.java:194)
	at com.kms.katalon.core.main.ScriptEngine.runScriptAsRawText(ScriptEngine.java:119)
	at com.kms.katalon.core.main.TestCaseExecutor.runScript(TestCaseExecutor.java:328)
	at com.kms.katalon.core.main.TestCaseExecutor.doExecute(TestCaseExecutor.java:319)
	at com.kms.katalon.core.main.TestCaseExecutor.processExecutionPhase(TestCaseExecutor.java:298)
	at com.kms.katalon.core.main.TestCaseExecutor.accessMainPhase(TestCaseExecutor.java:290)
	at com.kms.katalon.core.main.TestCaseExecutor.execute(TestCaseExecutor.java:224)
	at com.kms.katalon.core.main.TestSuiteExecutor.accessTestCaseMainPhase(TestSuiteExecutor.java:129)
	at com.kms.katalon.core.main.TestSuiteExecutor.accessTestSuiteMainPhase(TestSuiteExecutor.java:112)
	at com.kms.katalon.core.main.TestSuiteExecutor.execute(TestSuiteExecutor.java:81)
	at com.kms.katalon.core.main.TestCaseMain.startTestSuite(TestCaseMain.java:149)
	at com.kms.katalon.core.main.TestCaseMain$startTestSuite$0.call(Unknown Source)
	at TempTestSuite1550652525208.run(TempTestSuite1550652525208.groovy:36)


2019-02-20 19:14:08 - [MESSAGE][INFO] - Unable to find the element located by 'By.xpath: //span[@id = 'select2-dependentList0dependentRelationId-container' and @title = 'Isteri' and (text() = 'Isteri' or . = 'Isteri')]'. Please recheck the objects properties to make sure the desired element is located. 

2019-02-20 19:14:09 - [MESSAGE][FAILED] - Unable to click on object 'Object Repository/KeatMun/Form 7_default/OTC_Submit Form 7_Section F-G-H/Page_PERKESO/G2. span_Isteri' (Root cause: com.kms.katalon.core.webui.exception.WebElementNotFoundException: Web element with id: 'Object Repository/KeatMun/Form 7_default/OTC_Submit Form 7_Section F-G-H/Page_PERKESO/G2. span_Isteri' located by 'By.xpath: //span[@id = 'select2-dependentList0dependentRelationId-container' and @title = 'Isteri' and (text() = 'Isteri' or . = 'Isteri')]' not found)
[[ATTACHMENT|C:\\Users\\Admin\\Documents\\GitHub\\PKSKatalon\\PKS-EI-ES\\Reports\\New Test Suite\\20190220_164845\\1550661248043.png]]

2019-02-20 19:14:09 - [MESSAGE][FAILED] - click(findTestObject("KeatMun/Form 7_default/OTC_Submit Form 7_Section F-G-H/Page_PERKESO/G2. span_Isteri")) FAILED.
Reason:
com.kms.katalon.core.exception.StepFailedException: Unable to click on object 'Object Repository/KeatMun/Form 7_default/OTC_Submit Form 7_Section F-G-H/Page_PERKESO/G2. span_Isteri' (Root cause: com.kms.katalon.core.webui.exception.WebElementNotFoundException: Web element with id: 'Object Repository/KeatMun/Form 7_default/OTC_Submit Form 7_Section F-G-H/Page_PERKESO/G2. span_Isteri' located by 'By.xpath: //span[@id = 'select2-dependentList0dependentRelationId-container' and @title = 'Isteri' and (text() = 'Isteri' or . = 'Isteri')]' not found)
	at com.kms.katalon.core.keyword.internal.KeywordMain.stepFailed(KeywordMain.groovy:36)
	at com.kms.katalon.core.webui.keyword.internal.WebUIKeywordMain.stepFailed(WebUIKeywordMain.groovy:65)
	at com.kms.katalon.core.webui.keyword.internal.WebUIKeywordMain.runKeyword(WebUIKeywordMain.groovy:27)
	at com.kms.katalon.core.webui.keyword.builtin.ClickKeyword.click(ClickKeyword.groovy:86)
	at com.kms.katalon.core.webui.keyword.builtin.ClickKeyword.execute(ClickKeyword.groovy:67)
	at com.kms.katalon.core.keyword.internal.KeywordExecutor.executeKeywordForPlatform(KeywordExecutor.groovy:53)
	at com.kms.katalon.core.webui.keyword.WebUiBuiltInKeywords.click(WebUiBuiltInKeywords.groovy:616)
	at com.kms.katalon.core.webui.keyword.WebUiBuiltInKeywords$click$3.call(Unknown Source)
	at OTC_Submit Form 7_Section F-G-H - Cheque.run(OTC_Submit Form 7_Section F-G-H - Cheque:41)
	at com.kms.katalon.core.main.ScriptEngine.run(ScriptEngine.java:194)
	at com.kms.katalon.core.main.ScriptEngine.runScriptAsRawText(ScriptEngine.java:119)
	at com.kms.katalon.core.main.TestCaseExecutor.runScript(TestCaseExecutor.java:328)
	at com.kms.katalon.core.main.TestCaseExecutor.doExecute(TestCaseExecutor.java:319)
	at com.kms.katalon.core.main.TestCaseExecutor.processExecutionPhase(TestCaseExecutor.java:298)
	at com.kms.katalon.core.main.TestCaseExecutor.accessMainPhase(TestCaseExecutor.java:290)
	at com.kms.katalon.core.main.TestCaseExecutor.execute(TestCaseExecutor.java:224)
	at com.kms.katalon.core.main.TestCaseMain.runTestCase(TestCaseMain.java:106)
	at com.kms.katalon.core.keyword.builtin.CallTestCaseKeyword$_callTestCase_closure1.doCall(CallTestCaseKeyword.groovy:59)
	at com.kms.katalon.core.keyword.builtin.CallTestCaseKeyword$_callTestCase_closure1.call(CallTestCaseKeyword.groovy)
	at com.kms.katalon.core.keyword.internal.KeywordMain.runKeyword(KeywordMain.groovy:54)
	at com.kms.katalon.core.keyword.builtin.CallTestCaseKeyword.callTestCase(CallTestCaseKeyword.groovy:80)
	at com.kms.katalon.core.keyword.builtin.CallTestCaseKeyword.execute(CallTestCaseKeyword.groovy:44)
	at com.kms.katalon.core.keyword.internal.KeywordExecutor.executeKeywordForPlatform(KeywordExecutor.groovy:53)
	at com.kms.katalon.core.keyword.BuiltinKeywords.callTestCase(BuiltinKeywords.groovy:334)
	at OTC_Submit Form 7_End to End - Cheque.run(OTC_Submit Form 7_End to End - Cheque:26)
	at com.kms.katalon.core.main.ScriptEngine.run(ScriptEngine.java:194)
	at com.kms.katalon.core.main.ScriptEngine.runScriptAsRawText(ScriptEngine.java:119)
	at com.kms.katalon.core.main.TestCaseExecutor.runScript(TestCaseExecutor.java:328)
	at com.kms.katalon.core.main.TestCaseExecutor.doExecute(TestCaseExecutor.java:319)
	at com.kms.katalon.core.main.TestCaseExecutor.processExecutionPhase(TestCaseExecutor.java:298)
	at com.kms.katalon.core.main.TestCaseExecutor.accessMainPhase(TestCaseExecutor.java:290)
	at com.kms.katalon.core.main.TestCaseExecutor.execute(TestCaseExecutor.java:224)
	at com.kms.katalon.core.main.TestCaseMain.runTestCase(TestCaseMain.java:106)
	at com.kms.katalon.core.keyword.builtin.CallTestCaseKeyword$_callTestCase_closure1.doCall(CallTestCaseKeyword.groovy:59)
	at com.kms.katalon.core.keyword.builtin.CallTestCaseKeyword$_callTestCase_closure1.call(CallTestCaseKeyword.groovy)
	at com.kms.katalon.core.keyword.internal.KeywordMain.runKeyword(KeywordMain.groovy:54)
	at com.kms.katalon.core.keyword.builtin.CallTestCaseKeyword.callTestCase(CallTestCaseKeyword.groovy:80)
	at com.kms.katalon.core.keyword.builtin.CallTestCaseKeyword.execute(CallTestCaseKeyword.groovy:44)
	at com.kms.katalon.core.keyword.internal.KeywordExecutor.executeKeywordForPlatform(KeywordExecutor.groovy:53)
	at com.kms.katalon.core.keyword.BuiltinKeywords.callTestCase(BuiltinKeywords.groovy:334)
	at Approve Claim - RIA.run(Approve Claim - RIA:16)
	at com.kms.katalon.core.main.ScriptEngine.run(ScriptEngine.java:194)
	at com.kms.katalon.core.main.ScriptEngine.runScriptAsRawText(ScriptEngine.java:119)
	at com.kms.katalon.core.main.TestCaseExecutor.runScript(TestCaseExecutor.java:328)
	at com.kms.katalon.core.main.TestCaseExecutor.doExecute(TestCaseExecutor.java:319)
	at com.kms.katalon.core.main.TestCaseExecutor.processExecutionPhase(TestCaseExecutor.java:298)
	at com.kms.katalon.core.main.TestCaseExecutor.accessMainPhase(TestCaseExecutor.java:290)
	at com.kms.katalon.core.main.TestCaseExecutor.execute(TestCaseExecutor.java:224)
	at com.kms.katalon.core.main.TestSuiteExecutor.accessTestCaseMainPhase(TestSuiteExecutor.java:129)
	at com.kms.katalon.core.main.TestSuiteExecutor.accessTestSuiteMainPhase(TestSuiteExecutor.java:112)
	at com.kms.katalon.core.main.TestSuiteExecutor.execute(TestSuiteExecutor.java:81)
	at com.kms.katalon.core.main.TestCaseMain.startTestSuite(TestCaseMain.java:149)
	at com.kms.katalon.core.main.TestCaseMain$startTestSuite$0.call(Unknown Source)
	at TempTestSuite1550652525208.run(TempTestSuite1550652525208.groovy:36)


2019-02-20 19:14:09 - [MESSAGE][FAILED] - Unable to call Test Case 'Test Cases/All TC/Arranged/3. Unit/EI/Form 7_default/OTC_Submit Form 7_Section F-G-H - Cheque' (Root cause: com.kms.katalon.core.exception.StepFailedException: Call Test Case 'Test Cases/All TC/Arranged/3. Unit/EI/Form 7_default/OTC_Submit Form 7_Section F-G-H - Cheque' failed)

2019-02-20 19:14:10 - [MESSAGE][FAILED] - callTestCase(findTestCase("All TC/Arranged/3. Unit/EI/Form 7_default/OTC_Submit Form 7_Section F-G-H - Cheque"), [:], STOP_ON_FAILURE) FAILED.
Reason:
com.kms.katalon.core.exception.StepFailedException: Unable to click on object 'Object Repository/KeatMun/Form 7_default/OTC_Submit Form 7_Section F-G-H/Page_PERKESO/G2. span_Isteri' (Root cause: com.kms.katalon.core.webui.exception.WebElementNotFoundException: Web element with id: 'Object Repository/KeatMun/Form 7_default/OTC_Submit Form 7_Section F-G-H/Page_PERKESO/G2. span_Isteri' located by 'By.xpath: //span[@id = 'select2-dependentList0dependentRelationId-container' and @title = 'Isteri' and (text() = 'Isteri' or . = 'Isteri')]' not found)
	at com.kms.katalon.core.keyword.internal.KeywordMain.stepFailed(KeywordMain.groovy:36)
	at com.kms.katalon.core.webui.keyword.internal.WebUIKeywordMain.stepFailed(WebUIKeywordMain.groovy:65)
	at com.kms.katalon.core.webui.keyword.internal.WebUIKeywordMain.runKeyword(WebUIKeywordMain.groovy:27)
	at com.kms.katalon.core.webui.keyword.builtin.ClickKeyword.click(ClickKeyword.groovy:86)
	at com.kms.katalon.core.webui.keyword.builtin.ClickKeyword.execute(ClickKeyword.groovy:67)
	at com.kms.katalon.core.keyword.internal.KeywordExecutor.executeKeywordForPlatform(KeywordExecutor.groovy:53)
	at com.kms.katalon.core.webui.keyword.WebUiBuiltInKeywords.click(WebUiBuiltInKeywords.groovy:616)
	at com.kms.katalon.core.webui.keyword.WebUiBuiltInKeywords$click$3.call(Unknown Source)
	at OTC_Submit Form 7_Section F-G-H - Cheque.run(OTC_Submit Form 7_Section F-G-H - Cheque:41)
	at com.kms.katalon.core.main.ScriptEngine.run(ScriptEngine.java:194)
	at com.kms.katalon.core.main.ScriptEngine.runScriptAsRawText(ScriptEngine.java:119)
	at com.kms.katalon.core.main.TestCaseExecutor.runScript(TestCaseExecutor.java:328)
	at com.kms.katalon.core.main.TestCaseExecutor.doExecute(TestCaseExecutor.java:319)
	at com.kms.katalon.core.main.TestCaseExecutor.processExecutionPhase(TestCaseExecutor.java:298)
	at com.kms.katalon.core.main.TestCaseExecutor.accessMainPhase(TestCaseExecutor.java:290)
	at com.kms.katalon.core.main.TestCaseExecutor.execute(TestCaseExecutor.java:224)
	at com.kms.katalon.core.main.TestCaseMain.runTestCase(TestCaseMain.java:106)
	at com.kms.katalon.core.keyword.builtin.CallTestCaseKeyword$_callTestCase_closure1.doCall(CallTestCaseKeyword.groovy:59)
	at com.kms.katalon.core.keyword.builtin.CallTestCaseKeyword$_callTestCase_closure1.call(CallTestCaseKeyword.groovy)
	at com.kms.katalon.core.keyword.internal.KeywordMain.runKeyword(KeywordMain.groovy:54)
	at com.kms.katalon.core.keyword.builtin.CallTestCaseKeyword.callTestCase(CallTestCaseKeyword.groovy:80)
	at com.kms.katalon.core.keyword.builtin.CallTestCaseKeyword.execute(CallTestCaseKeyword.groovy:44)
	at com.kms.katalon.core.keyword.internal.KeywordExecutor.executeKeywordForPlatform(KeywordExecutor.groovy:53)
	at com.kms.katalon.core.keyword.BuiltinKeywords.callTestCase(BuiltinKeywords.groovy:334)
	at OTC_Submit Form 7_End to End - Cheque.run(OTC_Submit Form 7_End to End - Cheque:26)
	at com.kms.katalon.core.main.ScriptEngine.run(ScriptEngine.java:194)
	at com.kms.katalon.core.main.ScriptEngine.runScriptAsRawText(ScriptEngine.java:119)
	at com.kms.katalon.core.main.TestCaseExecutor.runScript(TestCaseExecutor.java:328)
	at com.kms.katalon.core.main.TestCaseExecutor.doExecute(TestCaseExecutor.java:319)
	at com.kms.katalon.core.main.TestCaseExecutor.processExecutionPhase(TestCaseExecutor.java:298)
	at com.kms.katalon.core.main.TestCaseExecutor.accessMainPhase(TestCaseExecutor.java:290)
	at com.kms.katalon.core.main.TestCaseExecutor.execute(TestCaseExecutor.java:224)
	at com.kms.katalon.core.main.TestCaseMain.runTestCase(TestCaseMain.java:106)
	at com.kms.katalon.core.keyword.builtin.CallTestCaseKeyword$_callTestCase_closure1.doCall(CallTestCaseKeyword.groovy:59)
	at com.kms.katalon.core.keyword.builtin.CallTestCaseKeyword$_callTestCase_closure1.call(CallTestCaseKeyword.groovy)
	at com.kms.katalon.core.keyword.internal.KeywordMain.runKeyword(KeywordMain.groovy:54)
	at com.kms.katalon.core.keyword.builtin.CallTestCaseKeyword.callTestCase(CallTestCaseKeyword.groovy:80)
	at com.kms.katalon.core.keyword.builtin.CallTestCaseKeyword.execute(CallTestCaseKeyword.groovy:44)
	at com.kms.katalon.core.keyword.internal.KeywordExecutor.executeKeywordForPlatform(KeywordExecutor.groovy:53)
	at com.kms.katalon.core.keyword.BuiltinKeywords.callTestCase(BuiltinKeywords.groovy:334)
	at Approve Claim - RIA.run(Approve Claim - RIA:16)
	at com.kms.katalon.core.main.ScriptEngine.run(ScriptEngine.java:194)
	at com.kms.katalon.core.main.ScriptEngine.runScriptAsRawText(ScriptEngine.java:119)
	at com.kms.katalon.core.main.TestCaseExecutor.runScript(TestCaseExecutor.java:328)
	at com.kms.katalon.core.main.TestCaseExecutor.doExecute(TestCaseExecutor.java:319)
	at com.kms.katalon.core.main.TestCaseExecutor.processExecutionPhase(TestCaseExecutor.java:298)
	at com.kms.katalon.core.main.TestCaseExecutor.accessMainPhase(TestCaseExecutor.java:290)
	at com.kms.katalon.core.main.TestCaseExecutor.execute(TestCaseExecutor.java:224)
	at com.kms.katalon.core.main.TestSuiteExecutor.accessTestCaseMainPhase(TestSuiteExecutor.java:129)
	at com.kms.katalon.core.main.TestSuiteExecutor.accessTestSuiteMainPhase(TestSuiteExecutor.java:112)
	at com.kms.katalon.core.main.TestSuiteExecutor.execute(TestSuiteExecutor.java:81)
	at com.kms.katalon.core.main.TestCaseMain.startTestSuite(TestCaseMain.java:149)
	at com.kms.katalon.core.main.TestCaseMain$startTestSuite$0.call(Unknown Source)
	at TempTestSuite1550652525208.run(TempTestSuite1550652525208.groovy:36)


2019-02-20 19:14:11 - [MESSAGE][FAILED] - Unable to call Test Case 'Test Cases/All TC/Arranged/2. Segment/OTC_Submit Form 7_End to End - Cheque' (Root cause: com.kms.katalon.core.exception.StepFailedException: Call Test Case 'Test Cases/All TC/Arranged/2. Segment/OTC_Submit Form 7_End to End - Cheque' failed)

2019-02-20 19:14:11 - [MESSAGE][FAILED] - callTestCase(findTestCase("All TC/Arranged/2. Segment/OTC_Submit Form 7_End to End - Cheque"), [:], STOP_ON_FAILURE) FAILED.
Reason:
com.kms.katalon.core.exception.StepFailedException: Unable to click on object 'Object Repository/KeatMun/Form 7_default/OTC_Submit Form 7_Section F-G-H/Page_PERKESO/G2. span_Isteri' (Root cause: com.kms.katalon.core.webui.exception.WebElementNotFoundException: Web element with id: 'Object Repository/KeatMun/Form 7_default/OTC_Submit Form 7_Section F-G-H/Page_PERKESO/G2. span_Isteri' located by 'By.xpath: //span[@id = 'select2-dependentList0dependentRelationId-container' and @title = 'Isteri' and (text() = 'Isteri' or . = 'Isteri')]' not found)
	at com.kms.katalon.core.keyword.internal.KeywordMain.stepFailed(KeywordMain.groovy:36)
	at com.kms.katalon.core.webui.keyword.internal.WebUIKeywordMain.stepFailed(WebUIKeywordMain.groovy:65)
	at com.kms.katalon.core.webui.keyword.internal.WebUIKeywordMain.runKeyword(WebUIKeywordMain.groovy:27)
	at com.kms.katalon.core.webui.keyword.builtin.ClickKeyword.click(ClickKeyword.groovy:86)
	at com.kms.katalon.core.webui.keyword.builtin.ClickKeyword.execute(ClickKeyword.groovy:67)
	at com.kms.katalon.core.keyword.internal.KeywordExecutor.executeKeywordForPlatform(KeywordExecutor.groovy:53)
	at com.kms.katalon.core.webui.keyword.WebUiBuiltInKeywords.click(WebUiBuiltInKeywords.groovy:616)
	at com.kms.katalon.core.webui.keyword.WebUiBuiltInKeywords$click$3.call(Unknown Source)
	at OTC_Submit Form 7_Section F-G-H - Cheque.run(OTC_Submit Form 7_Section F-G-H - Cheque:41)
	at com.kms.katalon.core.main.ScriptEngine.run(ScriptEngine.java:194)
	at com.kms.katalon.core.main.ScriptEngine.runScriptAsRawText(ScriptEngine.java:119)
	at com.kms.katalon.core.main.TestCaseExecutor.runScript(TestCaseExecutor.java:328)
	at com.kms.katalon.core.main.TestCaseExecutor.doExecute(TestCaseExecutor.java:319)
	at com.kms.katalon.core.main.TestCaseExecutor.processExecutionPhase(TestCaseExecutor.java:298)
	at com.kms.katalon.core.main.TestCaseExecutor.accessMainPhase(TestCaseExecutor.java:290)
	at com.kms.katalon.core.main.TestCaseExecutor.execute(TestCaseExecutor.java:224)
	at com.kms.katalon.core.main.TestCaseMain.runTestCase(TestCaseMain.java:106)
	at com.kms.katalon.core.keyword.builtin.CallTestCaseKeyword$_callTestCase_closure1.doCall(CallTestCaseKeyword.groovy:59)
	at com.kms.katalon.core.keyword.builtin.CallTestCaseKeyword$_callTestCase_closure1.call(CallTestCaseKeyword.groovy)
	at com.kms.katalon.core.keyword.internal.KeywordMain.runKeyword(KeywordMain.groovy:54)
	at com.kms.katalon.core.keyword.builtin.CallTestCaseKeyword.callTestCase(CallTestCaseKeyword.groovy:80)
	at com.kms.katalon.core.keyword.builtin.CallTestCaseKeyword.execute(CallTestCaseKeyword.groovy:44)
	at com.kms.katalon.core.keyword.internal.KeywordExecutor.executeKeywordForPlatform(KeywordExecutor.groovy:53)
	at com.kms.katalon.core.keyword.BuiltinKeywords.callTestCase(BuiltinKeywords.groovy:334)
	at OTC_Submit Form 7_End to End - Cheque.run(OTC_Submit Form 7_End to End - Cheque:26)
	at com.kms.katalon.core.main.ScriptEngine.run(ScriptEngine.java:194)
	at com.kms.katalon.core.main.ScriptEngine.runScriptAsRawText(ScriptEngine.java:119)
	at com.kms.katalon.core.main.TestCaseExecutor.runScript(TestCaseExecutor.java:328)
	at com.kms.katalon.core.main.TestCaseExecutor.doExecute(TestCaseExecutor.java:319)
	at com.kms.katalon.core.main.TestCaseExecutor.processExecutionPhase(TestCaseExecutor.java:298)
	at com.kms.katalon.core.main.TestCaseExecutor.accessMainPhase(TestCaseExecutor.java:290)
	at com.kms.katalon.core.main.TestCaseExecutor.execute(TestCaseExecutor.java:224)
	at com.kms.katalon.core.main.TestCaseMain.runTestCase(TestCaseMain.java:106)
	at com.kms.katalon.core.keyword.builtin.CallTestCaseKeyword$_callTestCase_closure1.doCall(CallTestCaseKeyword.groovy:59)
	at com.kms.katalon.core.keyword.builtin.CallTestCaseKeyword$_callTestCase_closure1.call(CallTestCaseKeyword.groovy)
	at com.kms.katalon.core.keyword.internal.KeywordMain.runKeyword(KeywordMain.groovy:54)
	at com.kms.katalon.core.keyword.builtin.CallTestCaseKeyword.callTestCase(CallTestCaseKeyword.groovy:80)
	at com.kms.katalon.core.keyword.builtin.CallTestCaseKeyword.execute(CallTestCaseKeyword.groovy:44)
	at com.kms.katalon.core.keyword.internal.KeywordExecutor.executeKeywordForPlatform(KeywordExecutor.groovy:53)
	at com.kms.katalon.core.keyword.BuiltinKeywords.callTestCase(BuiltinKeywords.groovy:334)
	at Approve Claim - RIA.run(Approve Claim - RIA:16)
	at com.kms.katalon.core.main.ScriptEngine.run(ScriptEngine.java:194)
	at com.kms.katalon.core.main.ScriptEngine.runScriptAsRawText(ScriptEngine.java:119)
	at com.kms.katalon.core.main.TestCaseExecutor.runScript(TestCaseExecutor.java:328)
	at com.kms.katalon.core.main.TestCaseExecutor.doExecute(TestCaseExecutor.java:319)
	at com.kms.katalon.core.main.TestCaseExecutor.processExecutionPhase(TestCaseExecutor.java:298)
	at com.kms.katalon.core.main.TestCaseExecutor.accessMainPhase(TestCaseExecutor.java:290)
	at com.kms.katalon.core.main.TestCaseExecutor.execute(TestCaseExecutor.java:224)
	at com.kms.katalon.core.main.TestSuiteExecutor.accessTestCaseMainPhase(TestSuiteExecutor.java:129)
	at com.kms.katalon.core.main.TestSuiteExecutor.accessTestSuiteMainPhase(TestSuiteExecutor.java:112)
	at com.kms.katalon.core.main.TestSuiteExecutor.execute(TestSuiteExecutor.java:81)
	at com.kms.katalon.core.main.TestCaseMain.startTestSuite(TestCaseMain.java:149)
	at com.kms.katalon.core.main.TestCaseMain$startTestSuite$0.call(Unknown Source)
	at TempTestSuite1550652525208.run(TempTestSuite1550652525208.groovy:36)]]></system-out>
         <system-err><![CDATA[2019-02-20 19:04:24 - [TEST_CASE][FAILED] - Test Cases/All TC/Arranged/0. Full Flow/Approve Claim - RIA: Test Cases/All TC/Arranged/0. Full Flow/Approve Claim - RIA FAILED.
Reason:
com.kms.katalon.core.exception.StepFailedException: Unable to click on object 'Object Repository/KeatMun/Form 7_default/OTC_Submit Form 7_Section F-G-H/Page_PERKESO/G2. span_Isteri' (Root cause: com.kms.katalon.core.webui.exception.WebElementNotFoundException: Web element with id: 'Object Repository/KeatMun/Form 7_default/OTC_Submit Form 7_Section F-G-H/Page_PERKESO/G2. span_Isteri' located by 'By.xpath: //span[@id = 'select2-dependentList0dependentRelationId-container' and @title = 'Isteri' and (text() = 'Isteri' or . = 'Isteri')]' not found)
	at com.kms.katalon.core.keyword.internal.KeywordMain.stepFailed(KeywordMain.groovy:36)
	at com.kms.katalon.core.webui.keyword.internal.WebUIKeywordMain.stepFailed(WebUIKeywordMain.groovy:65)
	at com.kms.katalon.core.webui.keyword.internal.WebUIKeywordMain.runKeyword(WebUIKeywordMain.groovy:27)
	at com.kms.katalon.core.webui.keyword.builtin.ClickKeyword.click(ClickKeyword.groovy:86)
	at com.kms.katalon.core.webui.keyword.builtin.ClickKeyword.execute(ClickKeyword.groovy:67)
	at com.kms.katalon.core.keyword.internal.KeywordExecutor.executeKeywordForPlatform(KeywordExecutor.groovy:53)
	at com.kms.katalon.core.webui.keyword.WebUiBuiltInKeywords.click(WebUiBuiltInKeywords.groovy:616)
	at com.kms.katalon.core.webui.keyword.WebUiBuiltInKeywords$click$3.call(Unknown Source)
	at OTC_Submit Form 7_Section F-G-H - Cheque.run(OTC_Submit Form 7_Section F-G-H - Cheque:41)
	at com.kms.katalon.core.main.ScriptEngine.run(ScriptEngine.java:194)
	at com.kms.katalon.core.main.ScriptEngine.runScriptAsRawText(ScriptEngine.java:119)
	at com.kms.katalon.core.main.TestCaseExecutor.runScript(TestCaseExecutor.java:328)
	at com.kms.katalon.core.main.TestCaseExecutor.doExecute(TestCaseExecutor.java:319)
	at com.kms.katalon.core.main.TestCaseExecutor.processExecutionPhase(TestCaseExecutor.java:298)
	at com.kms.katalon.core.main.TestCaseExecutor.accessMainPhase(TestCaseExecutor.java:290)
	at com.kms.katalon.core.main.TestCaseExecutor.execute(TestCaseExecutor.java:224)
	at com.kms.katalon.core.main.TestCaseMain.runTestCase(TestCaseMain.java:106)
	at com.kms.katalon.core.keyword.builtin.CallTestCaseKeyword$_callTestCase_closure1.doCall(CallTestCaseKeyword.groovy:59)
	at com.kms.katalon.core.keyword.builtin.CallTestCaseKeyword$_callTestCase_closure1.call(CallTestCaseKeyword.groovy)
	at com.kms.katalon.core.keyword.internal.KeywordMain.runKeyword(KeywordMain.groovy:54)
	at com.kms.katalon.core.keyword.builtin.CallTestCaseKeyword.callTestCase(CallTestCaseKeyword.groovy:80)
	at com.kms.katalon.core.keyword.builtin.CallTestCaseKeyword.execute(CallTestCaseKeyword.groovy:44)
	at com.kms.katalon.core.keyword.internal.KeywordExecutor.executeKeywordForPlatform(KeywordExecutor.groovy:53)
	at com.kms.katalon.core.keyword.BuiltinKeywords.callTestCase(BuiltinKeywords.groovy:334)
	at OTC_Submit Form 7_End to End - Cheque.run(OTC_Submit Form 7_End to End - Cheque:26)
	at com.kms.katalon.core.main.ScriptEngine.run(ScriptEngine.java:194)
	at com.kms.katalon.core.main.ScriptEngine.runScriptAsRawText(ScriptEngine.java:119)
	at com.kms.katalon.core.main.TestCaseExecutor.runScript(TestCaseExecutor.java:328)
	at com.kms.katalon.core.main.TestCaseExecutor.doExecute(TestCaseExecutor.java:319)
	at com.kms.katalon.core.main.TestCaseExecutor.processExecutionPhase(TestCaseExecutor.java:298)
	at com.kms.katalon.core.main.TestCaseExecutor.accessMainPhase(TestCaseExecutor.java:290)
	at com.kms.katalon.core.main.TestCaseExecutor.execute(TestCaseExecutor.java:224)
	at com.kms.katalon.core.main.TestCaseMain.runTestCase(TestCaseMain.java:106)
	at com.kms.katalon.core.keyword.builtin.CallTestCaseKeyword$_callTestCase_closure1.doCall(CallTestCaseKeyword.groovy:59)
	at com.kms.katalon.core.keyword.builtin.CallTestCaseKeyword$_callTestCase_closure1.call(CallTestCaseKeyword.groovy)
	at com.kms.katalon.core.keyword.internal.KeywordMain.runKeyword(KeywordMain.groovy:54)
	at com.kms.katalon.core.keyword.builtin.CallTestCaseKeyword.callTestCase(CallTestCaseKeyword.groovy:80)
	at com.kms.katalon.core.keyword.builtin.CallTestCaseKeyword.execute(CallTestCaseKeyword.groovy:44)
	at com.kms.katalon.core.keyword.internal.KeywordExecutor.executeKeywordForPlatform(KeywordExecutor.groovy:53)
	at com.kms.katalon.core.keyword.BuiltinKeywords.callTestCase(BuiltinKeywords.groovy:334)
	at Approve Claim - RIA.run(Approve Claim - RIA:16)
	at com.kms.katalon.core.main.ScriptEngine.run(ScriptEngine.java:194)
	at com.kms.katalon.core.main.ScriptEngine.runScriptAsRawText(ScriptEngine.java:119)
	at com.kms.katalon.core.main.TestCaseExecutor.runScript(TestCaseExecutor.java:328)
	at com.kms.katalon.core.main.TestCaseExecutor.doExecute(TestCaseExecutor.java:319)
	at com.kms.katalon.core.main.TestCaseExecutor.processExecutionPhase(TestCaseExecutor.java:298)
	at com.kms.katalon.core.main.TestCaseExecutor.accessMainPhase(TestCaseExecutor.java:290)
	at com.kms.katalon.core.main.TestCaseExecutor.execute(TestCaseExecutor.java:224)
	at com.kms.katalon.core.main.TestSuiteExecutor.accessTestCaseMainPhase(TestSuiteExecutor.java:129)
	at com.kms.katalon.core.main.TestSuiteExecutor.accessTestSuiteMainPhase(TestSuiteExecutor.java:112)
	at com.kms.katalon.core.main.TestSuiteExecutor.execute(TestSuiteExecutor.java:81)
	at com.kms.katalon.core.main.TestCaseMain.startTestSuite(TestCaseMain.java:149)
	at com.kms.katalon.core.main.TestCaseMain$startTestSuite$0.call(Unknown Source)
	at TempTestSuite1550652525208.run(TempTestSuite1550652525208.groovy:36)]]></system-err>
      </testcase>
      <testcase name="Test Cases/All TC/Arranged/0. Full Flow/Approve Claim - Full - DA EFT" classname="Test Cases/All TC/Arranged/0. Full Flow/Approve Claim - Full - DA EFT" status="FAILED">
         <failure type="FAILED" message="Test Cases/All TC/Arranged/0. Full Flow/Approve Claim - Full - DA EFT FAILED.
Reason:
com.kms.katalon.core.exception.StepFailedException: Unable to click on object 'Object Repository/KeatMun/Form 7_default/OTC_Submit Form 7_Section F-G-H/Page_PERKESO/G2. span_Isteri' (Root cause: com.kms.katalon.core.webui.exception.WebElementNotFoundException: Web element with id: 'Object Repository/KeatMun/Form 7_default/OTC_Submit Form 7_Section F-G-H/Page_PERKESO/G2. span_Isteri' located by 'By.xpath: //span[@id = 'select2-dependentList0dependentRelationId-container' and @title = 'Isteri' and (text() = 'Isteri' or . = 'Isteri')]' not found)
	at com.kms.katalon.core.keyword.internal.KeywordMain.stepFailed(KeywordMain.groovy:36)
	at com.kms.katalon.core.webui.keyword.internal.WebUIKeywordMain.stepFailed(WebUIKeywordMain.groovy:65)
	at com.kms.katalon.core.webui.keyword.internal.WebUIKeywordMain.runKeyword(WebUIKeywordMain.groovy:27)
	at com.kms.katalon.core.webui.keyword.builtin.ClickKeyword.click(ClickKeyword.groovy:86)
	at com.kms.katalon.core.webui.keyword.builtin.ClickKeyword.execute(ClickKeyword.groovy:67)
	at com.kms.katalon.core.keyword.internal.KeywordExecutor.executeKeywordForPlatform(KeywordExecutor.groovy:53)
	at com.kms.katalon.core.webui.keyword.WebUiBuiltInKeywords.click(WebUiBuiltInKeywords.groovy:616)
	at com.kms.katalon.core.webui.keyword.WebUiBuiltInKeywords$click$3.call(Unknown Source)
	at OTC_Submit Form 7_Section F-G-H - Cheque.run(OTC_Submit Form 7_Section F-G-H - Cheque:41)
	at com.kms.katalon.core.main.ScriptEngine.run(ScriptEngine.java:194)
	at com.kms.katalon.core.main.ScriptEngine.runScriptAsRawText(ScriptEngine.java:119)
	at com.kms.katalon.core.main.TestCaseExecutor.runScript(TestCaseExecutor.java:328)
	at com.kms.katalon.core.main.TestCaseExecutor.doExecute(TestCaseExecutor.java:319)
	at com.kms.katalon.core.main.TestCaseExecutor.processExecutionPhase(TestCaseExecutor.java:298)
	at com.kms.katalon.core.main.TestCaseExecutor.accessMainPhase(TestCaseExecutor.java:290)
	at com.kms.katalon.core.main.TestCaseExecutor.execute(TestCaseExecutor.java:224)
	at com.kms.katalon.core.main.TestCaseMain.runTestCase(TestCaseMain.java:106)
	at com.kms.katalon.core.keyword.builtin.CallTestCaseKeyword$_callTestCase_closure1.doCall(CallTestCaseKeyword.groovy:59)
	at com.kms.katalon.core.keyword.builtin.CallTestCaseKeyword$_callTestCase_closure1.call(CallTestCaseKeyword.groovy)
	at com.kms.katalon.core.keyword.internal.KeywordMain.runKeyword(KeywordMain.groovy:54)
	at com.kms.katalon.core.keyword.builtin.CallTestCaseKeyword.callTestCase(CallTestCaseKeyword.groovy:80)
	at com.kms.katalon.core.keyword.builtin.CallTestCaseKeyword.execute(CallTestCaseKeyword.groovy:44)
	at com.kms.katalon.core.keyword.internal.KeywordExecutor.executeKeywordForPlatform(KeywordExecutor.groovy:53)
	at com.kms.katalon.core.keyword.BuiltinKeywords.callTestCase(BuiltinKeywords.groovy:334)
	at OTC_Submit Form 7_End to End - Cheque.run(OTC_Submit Form 7_End to End - Cheque:26)
	at com.kms.katalon.core.main.ScriptEngine.run(ScriptEngine.java:194)
	at com.kms.katalon.core.main.ScriptEngine.runScriptAsRawText(ScriptEngine.java:119)
	at com.kms.katalon.core.main.TestCaseExecutor.runScript(TestCaseExecutor.java:328)
	at com.kms.katalon.core.main.TestCaseExecutor.doExecute(TestCaseExecutor.java:319)
	at com.kms.katalon.core.main.TestCaseExecutor.processExecutionPhase(TestCaseExecutor.java:298)
	at com.kms.katalon.core.main.TestCaseExecutor.accessMainPhase(TestCaseExecutor.java:290)
	at com.kms.katalon.core.main.TestCaseExecutor.execute(TestCaseExecutor.java:224)
	at com.kms.katalon.core.main.TestCaseMain.runTestCase(TestCaseMain.java:106)
	at com.kms.katalon.core.keyword.builtin.CallTestCaseKeyword$_callTestCase_closure1.doCall(CallTestCaseKeyword.groovy:59)
	at com.kms.katalon.core.keyword.builtin.CallTestCaseKeyword$_callTestCase_closure1.call(CallTestCaseKeyword.groovy)
	at com.kms.katalon.core.keyword.internal.KeywordMain.runKeyword(KeywordMain.groovy:54)
	at com.kms.katalon.core.keyword.builtin.CallTestCaseKeyword.callTestCase(CallTestCaseKeyword.groovy:80)
	at com.kms.katalon.core.keyword.builtin.CallTestCaseKeyword.execute(CallTestCaseKeyword.groovy:44)
	at com.kms.katalon.core.keyword.internal.KeywordExecutor.executeKeywordForPlatform(KeywordExecutor.groovy:53)
	at com.kms.katalon.core.keyword.BuiltinKeywords.callTestCase(BuiltinKeywords.groovy:334)
	at Approve Claim - Full - DA EFT.run(Approve Claim - Full - DA EFT:16)
	at com.kms.katalon.core.main.ScriptEngine.run(ScriptEngine.java:194)
	at com.kms.katalon.core.main.ScriptEngine.runScriptAsRawText(ScriptEngine.java:119)
	at com.kms.katalon.core.main.TestCaseExecutor.runScript(TestCaseExecutor.java:328)
	at com.kms.katalon.core.main.TestCaseExecutor.doExecute(TestCaseExecutor.java:319)
	at com.kms.katalon.core.main.TestCaseExecutor.processExecutionPhase(TestCaseExecutor.java:298)
	at com.kms.katalon.core.main.TestCaseExecutor.accessMainPhase(TestCaseExecutor.java:290)
	at com.kms.katalon.core.main.TestCaseExecutor.execute(TestCaseExecutor.java:224)
	at com.kms.katalon.core.main.TestSuiteExecutor.accessTestCaseMainPhase(TestSuiteExecutor.java:129)
	at com.kms.katalon.core.main.TestSuiteExecutor.accessTestSuiteMainPhase(TestSuiteExecutor.java:112)
	at com.kms.katalon.core.main.TestSuiteExecutor.execute(TestSuiteExecutor.java:81)
	at com.kms.katalon.core.main.TestCaseMain.startTestSuite(TestCaseMain.java:149)
	at com.kms.katalon.core.main.TestCaseMain$startTestSuite$0.call(Unknown Source)
	at TempTestSuite1550652525208.run(TempTestSuite1550652525208.groovy:36)
"/>
         <system-out><![CDATA[2019-02-20 19:14:12 - [TEST_CASE][FAILED] - Test Cases/All TC/Arranged/0. Full Flow/Approve Claim - Full - DA EFT: Test Cases/All TC/Arranged/0. Full Flow/Approve Claim - Full - DA EFT FAILED.
Reason:
com.kms.katalon.core.exception.StepFailedException: Unable to click on object 'Object Repository/KeatMun/Form 7_default/OTC_Submit Form 7_Section F-G-H/Page_PERKESO/G2. span_Isteri' (Root cause: com.kms.katalon.core.webui.exception.WebElementNotFoundException: Web element with id: 'Object Repository/KeatMun/Form 7_default/OTC_Submit Form 7_Section F-G-H/Page_PERKESO/G2. span_Isteri' located by 'By.xpath: //span[@id = 'select2-dependentList0dependentRelationId-container' and @title = 'Isteri' and (text() = 'Isteri' or . = 'Isteri')]' not found)
	at com.kms.katalon.core.keyword.internal.KeywordMain.stepFailed(KeywordMain.groovy:36)
	at com.kms.katalon.core.webui.keyword.internal.WebUIKeywordMain.stepFailed(WebUIKeywordMain.groovy:65)
	at com.kms.katalon.core.webui.keyword.internal.WebUIKeywordMain.runKeyword(WebUIKeywordMain.groovy:27)
	at com.kms.katalon.core.webui.keyword.builtin.ClickKeyword.click(ClickKeyword.groovy:86)
	at com.kms.katalon.core.webui.keyword.builtin.ClickKeyword.execute(ClickKeyword.groovy:67)
	at com.kms.katalon.core.keyword.internal.KeywordExecutor.executeKeywordForPlatform(KeywordExecutor.groovy:53)
	at com.kms.katalon.core.webui.keyword.WebUiBuiltInKeywords.click(WebUiBuiltInKeywords.groovy:616)
	at com.kms.katalon.core.webui.keyword.WebUiBuiltInKeywords$click$3.call(Unknown Source)
	at OTC_Submit Form 7_Section F-G-H - Cheque.run(OTC_Submit Form 7_Section F-G-H - Cheque:41)
	at com.kms.katalon.core.main.ScriptEngine.run(ScriptEngine.java:194)
	at com.kms.katalon.core.main.ScriptEngine.runScriptAsRawText(ScriptEngine.java:119)
	at com.kms.katalon.core.main.TestCaseExecutor.runScript(TestCaseExecutor.java:328)
	at com.kms.katalon.core.main.TestCaseExecutor.doExecute(TestCaseExecutor.java:319)
	at com.kms.katalon.core.main.TestCaseExecutor.processExecutionPhase(TestCaseExecutor.java:298)
	at com.kms.katalon.core.main.TestCaseExecutor.accessMainPhase(TestCaseExecutor.java:290)
	at com.kms.katalon.core.main.TestCaseExecutor.execute(TestCaseExecutor.java:224)
	at com.kms.katalon.core.main.TestCaseMain.runTestCase(TestCaseMain.java:106)
	at com.kms.katalon.core.keyword.builtin.CallTestCaseKeyword$_callTestCase_closure1.doCall(CallTestCaseKeyword.groovy:59)
	at com.kms.katalon.core.keyword.builtin.CallTestCaseKeyword$_callTestCase_closure1.call(CallTestCaseKeyword.groovy)
	at com.kms.katalon.core.keyword.internal.KeywordMain.runKeyword(KeywordMain.groovy:54)
	at com.kms.katalon.core.keyword.builtin.CallTestCaseKeyword.callTestCase(CallTestCaseKeyword.groovy:80)
	at com.kms.katalon.core.keyword.builtin.CallTestCaseKeyword.execute(CallTestCaseKeyword.groovy:44)
	at com.kms.katalon.core.keyword.internal.KeywordExecutor.executeKeywordForPlatform(KeywordExecutor.groovy:53)
	at com.kms.katalon.core.keyword.BuiltinKeywords.callTestCase(BuiltinKeywords.groovy:334)
	at OTC_Submit Form 7_End to End - Cheque.run(OTC_Submit Form 7_End to End - Cheque:26)
	at com.kms.katalon.core.main.ScriptEngine.run(ScriptEngine.java:194)
	at com.kms.katalon.core.main.ScriptEngine.runScriptAsRawText(ScriptEngine.java:119)
	at com.kms.katalon.core.main.TestCaseExecutor.runScript(TestCaseExecutor.java:328)
	at com.kms.katalon.core.main.TestCaseExecutor.doExecute(TestCaseExecutor.java:319)
	at com.kms.katalon.core.main.TestCaseExecutor.processExecutionPhase(TestCaseExecutor.java:298)
	at com.kms.katalon.core.main.TestCaseExecutor.accessMainPhase(TestCaseExecutor.java:290)
	at com.kms.katalon.core.main.TestCaseExecutor.execute(TestCaseExecutor.java:224)
	at com.kms.katalon.core.main.TestCaseMain.runTestCase(TestCaseMain.java:106)
	at com.kms.katalon.core.keyword.builtin.CallTestCaseKeyword$_callTestCase_closure1.doCall(CallTestCaseKeyword.groovy:59)
	at com.kms.katalon.core.keyword.builtin.CallTestCaseKeyword$_callTestCase_closure1.call(CallTestCaseKeyword.groovy)
	at com.kms.katalon.core.keyword.internal.KeywordMain.runKeyword(KeywordMain.groovy:54)
	at com.kms.katalon.core.keyword.builtin.CallTestCaseKeyword.callTestCase(CallTestCaseKeyword.groovy:80)
	at com.kms.katalon.core.keyword.builtin.CallTestCaseKeyword.execute(CallTestCaseKeyword.groovy:44)
	at com.kms.katalon.core.keyword.internal.KeywordExecutor.executeKeywordForPlatform(KeywordExecutor.groovy:53)
	at com.kms.katalon.core.keyword.BuiltinKeywords.callTestCase(BuiltinKeywords.groovy:334)
	at Approve Claim - Full - DA EFT.run(Approve Claim - Full - DA EFT:16)
	at com.kms.katalon.core.main.ScriptEngine.run(ScriptEngine.java:194)
	at com.kms.katalon.core.main.ScriptEngine.runScriptAsRawText(ScriptEngine.java:119)
	at com.kms.katalon.core.main.TestCaseExecutor.runScript(TestCaseExecutor.java:328)
	at com.kms.katalon.core.main.TestCaseExecutor.doExecute(TestCaseExecutor.java:319)
	at com.kms.katalon.core.main.TestCaseExecutor.processExecutionPhase(TestCaseExecutor.java:298)
	at com.kms.katalon.core.main.TestCaseExecutor.accessMainPhase(TestCaseExecutor.java:290)
	at com.kms.katalon.core.main.TestCaseExecutor.execute(TestCaseExecutor.java:224)
	at com.kms.katalon.core.main.TestSuiteExecutor.accessTestCaseMainPhase(TestSuiteExecutor.java:129)
	at com.kms.katalon.core.main.TestSuiteExecutor.accessTestSuiteMainPhase(TestSuiteExecutor.java:112)
	at com.kms.katalon.core.main.TestSuiteExecutor.execute(TestSuiteExecutor.java:81)
	at com.kms.katalon.core.main.TestCaseMain.startTestSuite(TestCaseMain.java:149)
	at com.kms.katalon.core.main.TestCaseMain$startTestSuite$0.call(Unknown Source)
	at TempTestSuite1550652525208.run(TempTestSuite1550652525208.groovy:36)


2019-02-20 19:14:12 - [TEST_STEP][FAILED] - callTestCase(findTestCase("All TC/Arranged/2. Segment/OTC_Submit Form 7_End to End - Cheque"), [:], STOP_ON_FAILURE): callTestCase(findTestCase("All TC/Arranged/2. Segment/OTC_Submit Form 7_End to End - Cheque"), [:], STOP_ON_FAILURE) FAILED.
Reason:
com.kms.katalon.core.exception.StepFailedException: Unable to click on object 'Object Repository/KeatMun/Form 7_default/OTC_Submit Form 7_Section F-G-H/Page_PERKESO/G2. span_Isteri' (Root cause: com.kms.katalon.core.webui.exception.WebElementNotFoundException: Web element with id: 'Object Repository/KeatMun/Form 7_default/OTC_Submit Form 7_Section F-G-H/Page_PERKESO/G2. span_Isteri' located by 'By.xpath: //span[@id = 'select2-dependentList0dependentRelationId-container' and @title = 'Isteri' and (text() = 'Isteri' or . = 'Isteri')]' not found)
	at com.kms.katalon.core.keyword.internal.KeywordMain.stepFailed(KeywordMain.groovy:36)
	at com.kms.katalon.core.webui.keyword.internal.WebUIKeywordMain.stepFailed(WebUIKeywordMain.groovy:65)
	at com.kms.katalon.core.webui.keyword.internal.WebUIKeywordMain.runKeyword(WebUIKeywordMain.groovy:27)
	at com.kms.katalon.core.webui.keyword.builtin.ClickKeyword.click(ClickKeyword.groovy:86)
	at com.kms.katalon.core.webui.keyword.builtin.ClickKeyword.execute(ClickKeyword.groovy:67)
	at com.kms.katalon.core.keyword.internal.KeywordExecutor.executeKeywordForPlatform(KeywordExecutor.groovy:53)
	at com.kms.katalon.core.webui.keyword.WebUiBuiltInKeywords.click(WebUiBuiltInKeywords.groovy:616)
	at com.kms.katalon.core.webui.keyword.WebUiBuiltInKeywords$click$3.call(Unknown Source)
	at OTC_Submit Form 7_Section F-G-H - Cheque.run(OTC_Submit Form 7_Section F-G-H - Cheque:41)
	at com.kms.katalon.core.main.ScriptEngine.run(ScriptEngine.java:194)
	at com.kms.katalon.core.main.ScriptEngine.runScriptAsRawText(ScriptEngine.java:119)
	at com.kms.katalon.core.main.TestCaseExecutor.runScript(TestCaseExecutor.java:328)
	at com.kms.katalon.core.main.TestCaseExecutor.doExecute(TestCaseExecutor.java:319)
	at com.kms.katalon.core.main.TestCaseExecutor.processExecutionPhase(TestCaseExecutor.java:298)
	at com.kms.katalon.core.main.TestCaseExecutor.accessMainPhase(TestCaseExecutor.java:290)
	at com.kms.katalon.core.main.TestCaseExecutor.execute(TestCaseExecutor.java:224)
	at com.kms.katalon.core.main.TestCaseMain.runTestCase(TestCaseMain.java:106)
	at com.kms.katalon.core.keyword.builtin.CallTestCaseKeyword$_callTestCase_closure1.doCall(CallTestCaseKeyword.groovy:59)
	at com.kms.katalon.core.keyword.builtin.CallTestCaseKeyword$_callTestCase_closure1.call(CallTestCaseKeyword.groovy)
	at com.kms.katalon.core.keyword.internal.KeywordMain.runKeyword(KeywordMain.groovy:54)
	at com.kms.katalon.core.keyword.builtin.CallTestCaseKeyword.callTestCase(CallTestCaseKeyword.groovy:80)
	at com.kms.katalon.core.keyword.builtin.CallTestCaseKeyword.execute(CallTestCaseKeyword.groovy:44)
	at com.kms.katalon.core.keyword.internal.KeywordExecutor.executeKeywordForPlatform(KeywordExecutor.groovy:53)
	at com.kms.katalon.core.keyword.BuiltinKeywords.callTestCase(BuiltinKeywords.groovy:334)
	at OTC_Submit Form 7_End to End - Cheque.run(OTC_Submit Form 7_End to End - Cheque:26)
	at com.kms.katalon.core.main.ScriptEngine.run(ScriptEngine.java:194)
	at com.kms.katalon.core.main.ScriptEngine.runScriptAsRawText(ScriptEngine.java:119)
	at com.kms.katalon.core.main.TestCaseExecutor.runScript(TestCaseExecutor.java:328)
	at com.kms.katalon.core.main.TestCaseExecutor.doExecute(TestCaseExecutor.java:319)
	at com.kms.katalon.core.main.TestCaseExecutor.processExecutionPhase(TestCaseExecutor.java:298)
	at com.kms.katalon.core.main.TestCaseExecutor.accessMainPhase(TestCaseExecutor.java:290)
	at com.kms.katalon.core.main.TestCaseExecutor.execute(TestCaseExecutor.java:224)
	at com.kms.katalon.core.main.TestCaseMain.runTestCase(TestCaseMain.java:106)
	at com.kms.katalon.core.keyword.builtin.CallTestCaseKeyword$_callTestCase_closure1.doCall(CallTestCaseKeyword.groovy:59)
	at com.kms.katalon.core.keyword.builtin.CallTestCaseKeyword$_callTestCase_closure1.call(CallTestCaseKeyword.groovy)
	at com.kms.katalon.core.keyword.internal.KeywordMain.runKeyword(KeywordMain.groovy:54)
	at com.kms.katalon.core.keyword.builtin.CallTestCaseKeyword.callTestCase(CallTestCaseKeyword.groovy:80)
	at com.kms.katalon.core.keyword.builtin.CallTestCaseKeyword.execute(CallTestCaseKeyword.groovy:44)
	at com.kms.katalon.core.keyword.internal.KeywordExecutor.executeKeywordForPlatform(KeywordExecutor.groovy:53)
	at com.kms.katalon.core.keyword.BuiltinKeywords.callTestCase(BuiltinKeywords.groovy:334)
	at Approve Claim - Full - DA EFT.run(Approve Claim - Full - DA EFT:16)
	at com.kms.katalon.core.main.ScriptEngine.run(ScriptEngine.java:194)
	at com.kms.katalon.core.main.ScriptEngine.runScriptAsRawText(ScriptEngine.java:119)
	at com.kms.katalon.core.main.TestCaseExecutor.runScript(TestCaseExecutor.java:328)
	at com.kms.katalon.core.main.TestCaseExecutor.doExecute(TestCaseExecutor.java:319)
	at com.kms.katalon.core.main.TestCaseExecutor.processExecutionPhase(TestCaseExecutor.java:298)
	at com.kms.katalon.core.main.TestCaseExecutor.accessMainPhase(TestCaseExecutor.java:290)
	at com.kms.katalon.core.main.TestCaseExecutor.execute(TestCaseExecutor.java:224)
	at com.kms.katalon.core.main.TestSuiteExecutor.accessTestCaseMainPhase(TestSuiteExecutor.java:129)
	at com.kms.katalon.core.main.TestSuiteExecutor.accessTestSuiteMainPhase(TestSuiteExecutor.java:112)
	at com.kms.katalon.core.main.TestSuiteExecutor.execute(TestSuiteExecutor.java:81)
	at com.kms.katalon.core.main.TestCaseMain.startTestSuite(TestCaseMain.java:149)
	at com.kms.katalon.core.main.TestCaseMain$startTestSuite$0.call(Unknown Source)
	at TempTestSuite1550652525208.run(TempTestSuite1550652525208.groovy:36)


2019-02-20 19:14:12 - [TEST_CASE][FAILED] - Test Cases/All TC/Arranged/2. Segment/OTC_Submit Form 7_End to End - Cheque: Test Cases/All TC/Arranged/2. Segment/OTC_Submit Form 7_End to End - Cheque FAILED.
Reason:
com.kms.katalon.core.exception.StepFailedException: Unable to click on object 'Object Repository/KeatMun/Form 7_default/OTC_Submit Form 7_Section F-G-H/Page_PERKESO/G2. span_Isteri' (Root cause: com.kms.katalon.core.webui.exception.WebElementNotFoundException: Web element with id: 'Object Repository/KeatMun/Form 7_default/OTC_Submit Form 7_Section F-G-H/Page_PERKESO/G2. span_Isteri' located by 'By.xpath: //span[@id = 'select2-dependentList0dependentRelationId-container' and @title = 'Isteri' and (text() = 'Isteri' or . = 'Isteri')]' not found)
	at com.kms.katalon.core.keyword.internal.KeywordMain.stepFailed(KeywordMain.groovy:36)
	at com.kms.katalon.core.webui.keyword.internal.WebUIKeywordMain.stepFailed(WebUIKeywordMain.groovy:65)
	at com.kms.katalon.core.webui.keyword.internal.WebUIKeywordMain.runKeyword(WebUIKeywordMain.groovy:27)
	at com.kms.katalon.core.webui.keyword.builtin.ClickKeyword.click(ClickKeyword.groovy:86)
	at com.kms.katalon.core.webui.keyword.builtin.ClickKeyword.execute(ClickKeyword.groovy:67)
	at com.kms.katalon.core.keyword.internal.KeywordExecutor.executeKeywordForPlatform(KeywordExecutor.groovy:53)
	at com.kms.katalon.core.webui.keyword.WebUiBuiltInKeywords.click(WebUiBuiltInKeywords.groovy:616)
	at com.kms.katalon.core.webui.keyword.WebUiBuiltInKeywords$click$3.call(Unknown Source)
	at OTC_Submit Form 7_Section F-G-H - Cheque.run(OTC_Submit Form 7_Section F-G-H - Cheque:41)
	at com.kms.katalon.core.main.ScriptEngine.run(ScriptEngine.java:194)
	at com.kms.katalon.core.main.ScriptEngine.runScriptAsRawText(ScriptEngine.java:119)
	at com.kms.katalon.core.main.TestCaseExecutor.runScript(TestCaseExecutor.java:328)
	at com.kms.katalon.core.main.TestCaseExecutor.doExecute(TestCaseExecutor.java:319)
	at com.kms.katalon.core.main.TestCaseExecutor.processExecutionPhase(TestCaseExecutor.java:298)
	at com.kms.katalon.core.main.TestCaseExecutor.accessMainPhase(TestCaseExecutor.java:290)
	at com.kms.katalon.core.main.TestCaseExecutor.execute(TestCaseExecutor.java:224)
	at com.kms.katalon.core.main.TestCaseMain.runTestCase(TestCaseMain.java:106)
	at com.kms.katalon.core.keyword.builtin.CallTestCaseKeyword$_callTestCase_closure1.doCall(CallTestCaseKeyword.groovy:59)
	at com.kms.katalon.core.keyword.builtin.CallTestCaseKeyword$_callTestCase_closure1.call(CallTestCaseKeyword.groovy)
	at com.kms.katalon.core.keyword.internal.KeywordMain.runKeyword(KeywordMain.groovy:54)
	at com.kms.katalon.core.keyword.builtin.CallTestCaseKeyword.callTestCase(CallTestCaseKeyword.groovy:80)
	at com.kms.katalon.core.keyword.builtin.CallTestCaseKeyword.execute(CallTestCaseKeyword.groovy:44)
	at com.kms.katalon.core.keyword.internal.KeywordExecutor.executeKeywordForPlatform(KeywordExecutor.groovy:53)
	at com.kms.katalon.core.keyword.BuiltinKeywords.callTestCase(BuiltinKeywords.groovy:334)
	at OTC_Submit Form 7_End to End - Cheque.run(OTC_Submit Form 7_End to End - Cheque:26)
	at com.kms.katalon.core.main.ScriptEngine.run(ScriptEngine.java:194)
	at com.kms.katalon.core.main.ScriptEngine.runScriptAsRawText(ScriptEngine.java:119)
	at com.kms.katalon.core.main.TestCaseExecutor.runScript(TestCaseExecutor.java:328)
	at com.kms.katalon.core.main.TestCaseExecutor.doExecute(TestCaseExecutor.java:319)
	at com.kms.katalon.core.main.TestCaseExecutor.processExecutionPhase(TestCaseExecutor.java:298)
	at com.kms.katalon.core.main.TestCaseExecutor.accessMainPhase(TestCaseExecutor.java:290)
	at com.kms.katalon.core.main.TestCaseExecutor.execute(TestCaseExecutor.java:224)
	at com.kms.katalon.core.main.TestCaseMain.runTestCase(TestCaseMain.java:106)
	at com.kms.katalon.core.keyword.builtin.CallTestCaseKeyword$_callTestCase_closure1.doCall(CallTestCaseKeyword.groovy:59)
	at com.kms.katalon.core.keyword.builtin.CallTestCaseKeyword$_callTestCase_closure1.call(CallTestCaseKeyword.groovy)
	at com.kms.katalon.core.keyword.internal.KeywordMain.runKeyword(KeywordMain.groovy:54)
	at com.kms.katalon.core.keyword.builtin.CallTestCaseKeyword.callTestCase(CallTestCaseKeyword.groovy:80)
	at com.kms.katalon.core.keyword.builtin.CallTestCaseKeyword.execute(CallTestCaseKeyword.groovy:44)
	at com.kms.katalon.core.keyword.internal.KeywordExecutor.executeKeywordForPlatform(KeywordExecutor.groovy:53)
	at com.kms.katalon.core.keyword.BuiltinKeywords.callTestCase(BuiltinKeywords.groovy:334)
	at Approve Claim - Full - DA EFT.run(Approve Claim - Full - DA EFT:16)
	at com.kms.katalon.core.main.ScriptEngine.run(ScriptEngine.java:194)
	at com.kms.katalon.core.main.ScriptEngine.runScriptAsRawText(ScriptEngine.java:119)
	at com.kms.katalon.core.main.TestCaseExecutor.runScript(TestCaseExecutor.java:328)
	at com.kms.katalon.core.main.TestCaseExecutor.doExecute(TestCaseExecutor.java:319)
	at com.kms.katalon.core.main.TestCaseExecutor.processExecutionPhase(TestCaseExecutor.java:298)
	at com.kms.katalon.core.main.TestCaseExecutor.accessMainPhase(TestCaseExecutor.java:290)
	at com.kms.katalon.core.main.TestCaseExecutor.execute(TestCaseExecutor.java:224)
	at com.kms.katalon.core.main.TestSuiteExecutor.accessTestCaseMainPhase(TestSuiteExecutor.java:129)
	at com.kms.katalon.core.main.TestSuiteExecutor.accessTestSuiteMainPhase(TestSuiteExecutor.java:112)
	at com.kms.katalon.core.main.TestSuiteExecutor.execute(TestSuiteExecutor.java:81)
	at com.kms.katalon.core.main.TestCaseMain.startTestSuite(TestCaseMain.java:149)
	at com.kms.katalon.core.main.TestCaseMain$startTestSuite$0.call(Unknown Source)
	at TempTestSuite1550652525208.run(TempTestSuite1550652525208.groovy:36)


2019-02-20 19:14:12 - [TEST_STEP][PASSED] - callTestCase(findTestCase("All TC/Arranged/3. Unit/EI/Form 7_default/OTC_Application_Reg"), [:], STOP_ON_FAILURE): Call Test Case 'Test Cases/All TC/Arranged/3. Unit/EI/Form 7_default/OTC_Application_Reg' successfully

2019-02-20 19:14:12 - [TEST_CASE][PASSED] - Test Cases/All TC/Arranged/3. Unit/EI/Form 7_default/OTC_Application_Reg: Test Cases/All TC/Arranged/3. Unit/EI/Form 7_default/OTC_Application_Reg

2019-02-20 19:14:12 - [TEST_STEP][PASSED] - openBrowser(""): Browser is opened with url: ''

2019-02-20 19:14:12 - [MESSAGE][WARNING] - A browser is already opened. Closing browser and opening a new one

2019-02-20 19:14:14 - [MESSAGE][INFO] - Starting 'Chrome' driver

2019-02-20 19:14:14 - [MESSAGE][INFO] - User set preference: ['args', '[--start-maximized]']

2019-02-20 19:14:18 - [MESSAGE][PASSED] - Browser is opened with url: ''

2019-02-20 19:14:18 - [TEST_STEP][PASSED] - navigateToUrl(Internal_Login): Navigate to 'http://10.20.24.188/eisportal/user/login' successfully

2019-02-20 19:14:20 - [MESSAGE][PASSED] - Navigate to 'http://10.20.24.188/eisportal/user/login' successfully

2019-02-20 19:14:20 - [TEST_STEP][PASSED] - delay(3): Delayed 3 second(s)

2019-02-20 19:14:23 - [MESSAGE][PASSED] - Delayed 3 second(s)

2019-02-20 19:14:23 - [TEST_STEP][PASSED] - setText(findTestObject("KeatMun/Form 7_default/OTC_Application_Reg/Page_PERKESO/1.username"), "faizal.hamid@perkeso.gov.my"): Text 'faizal.hamid@perkeso.gov.my' is set on object 'Object Repository/KeatMun/Form 7_default/OTC_Application_Reg/Page_PERKESO/1.username'

2019-02-20 19:14:27 - [MESSAGE][PASSED] - Text 'faizal.hamid@perkeso.gov.my' is set on object 'Object Repository/KeatMun/Form 7_default/OTC_Application_Reg/Page_PERKESO/1.username'

2019-02-20 19:14:27 - [TEST_STEP][PASSED] - delay(1): Delayed 1 second(s)

2019-02-20 19:14:28 - [MESSAGE][PASSED] - Delayed 1 second(s)

2019-02-20 19:14:28 - [TEST_STEP][PASSED] - setEncryptedText(findTestObject("KeatMun/Form 7_default/OTC_Application_Reg/Page_PERKESO/2.password"), "CQqwFZlbeC8="): Text ****** has been set on object 'Object Repository/KeatMun/Form 7_default/OTC_Application_Reg/Page_PERKESO/2.password'

2019-02-20 19:14:31 - [MESSAGE][PASSED] - Text ****** has been set on object 'Object Repository/KeatMun/Form 7_default/OTC_Application_Reg/Page_PERKESO/2.password'

2019-02-20 19:14:31 - [TEST_STEP][PASSED] - delay(2): Delayed 2 second(s)

2019-02-20 19:14:33 - [MESSAGE][PASSED] - Delayed 2 second(s)

2019-02-20 19:14:33 - [TEST_STEP][PASSED] - click(findTestObject("KeatMun/Form 7_default/OTC_Application_Reg/Page_PERKESO/3.login button")): Object: 'Object Repository/KeatMun/Form 7_default/OTC_Application_Reg/Page_PERKESO/3.login button' is clicked on

2019-02-20 19:14:36 - [MESSAGE][PASSED] - Object: 'Object Repository/KeatMun/Form 7_default/OTC_Application_Reg/Page_PERKESO/3.login button' is clicked on

2019-02-20 19:14:36 - [TEST_STEP][PASSED] - delay(2): Delayed 2 second(s)

2019-02-20 19:14:38 - [MESSAGE][PASSED] - Delayed 2 second(s)

2019-02-20 19:14:38 - [TEST_STEP][PASSED] - click(findTestObject("KeatMun/Form 7_default/OTC_Application_Reg/Page_PERKESO/4. Permohonan tab")): Object: 'Object Repository/KeatMun/Form 7_default/OTC_Application_Reg/Page_PERKESO/4. Permohonan tab' is clicked on

2019-02-20 19:14:41 - [MESSAGE][PASSED] - Object: 'Object Repository/KeatMun/Form 7_default/OTC_Application_Reg/Page_PERKESO/4. Permohonan tab' is clicked on

2019-02-20 19:14:41 - [TEST_STEP][PASSED] - delay(2): Delayed 2 second(s)

2019-02-20 19:14:43 - [MESSAGE][PASSED] - Delayed 2 second(s)

2019-02-20 19:14:43 - [TEST_STEP][PASSED] - click(findTestObject("KeatMun/Form 7_default/OTC_Application_Reg/Page_PERKESO/5.button_Setuju")): Object: 'Object Repository/KeatMun/Form 7_default/OTC_Application_Reg/Page_PERKESO/5.button_Setuju' is clicked on

2019-02-20 19:14:46 - [MESSAGE][PASSED] - Object: 'Object Repository/KeatMun/Form 7_default/OTC_Application_Reg/Page_PERKESO/5.button_Setuju' is clicked on

2019-02-20 19:14:46 - [TEST_STEP][PASSED] - delay(2): Delayed 2 second(s)

2019-02-20 19:14:48 - [MESSAGE][PASSED] - Delayed 2 second(s)

2019-02-20 19:14:48 - [TEST_STEP][PASSED] - callTestCase(findTestCase("All TC/Arranged/1. Common/IC List Checker"), [:], STOP_ON_FAILURE): Call Test Case 'Test Cases/All TC/Arranged/1. Common/IC List Checker' successfully

2019-02-20 19:14:48 - [TEST_CASE][PASSED] - Test Cases/All TC/Arranged/1. Common/IC List Checker: Test Cases/All TC/Arranged/1. Common/IC List Checker

2019-02-20 19:14:48 - [TEST_STEP][PASSED] - counter = 0: null

2019-02-20 19:14:48 - [TEST_STEP][PASSED] - fis = new java.io.FileInputStream((internal.GlobalVariable.TextFilePathCommon + \IC.xlsx)): null

2019-02-20 19:14:48 - [TEST_STEP][PASSED] - workbook = new org.apache.poi.xssf.usermodel.XSSFWorkbook(fis): null

2019-02-20 19:14:48 - [TEST_STEP][PASSED] - sheet = workbook.getSheet("Sheet1"): null

2019-02-20 19:14:48 - [TEST_STEP][PASSED] - totalRow = sheet.getLastRowNum(): null

2019-02-20 19:14:48 - [TEST_STEP][PASSED] - out.println(totalRow): null

2019-02-20 19:14:48 - [TEST_STEP][PASSED] - row = sheet.getRow(counter): null

2019-02-20 19:14:48 - [TEST_STEP][PASSED] - cell = row.getCell(counter): null

2019-02-20 19:14:48 - [TEST_STEP][PASSED] - a = cell.getStringCellValue(): null

2019-02-20 19:14:48 - [TEST_STEP][PASSED] - IC = a: null

2019-02-20 19:14:48 - [TEST_STEP][PASSED] - out.println(IC): null

2019-02-20 19:14:48 - [TEST_STEP][PASSED] - callTestCase(findTestCase("All TC/Arranged/1. Common/1.2 Setter/Setter IC"), [:], STOP_ON_FAILURE): Call Test Case 'Test Cases/All TC/Arranged/1. Common/1.2 Setter/Setter IC' successfully

2019-02-20 19:14:48 - [TEST_CASE][PASSED] - Test Cases/All TC/Arranged/1. Common/1.2 Setter/Setter IC: Test Cases/All TC/Arranged/1. Common/1.2 Setter/Setter IC

2019-02-20 19:14:48 - [TEST_STEP][PASSED] - RefNoOldFile = new java.io.File((internal.GlobalVariable.TextFilePathCommon + \getIC.txt)): null

2019-02-20 19:14:48 - [TEST_STEP][PASSED] - RefNoOldFile.delete(): null

2019-02-20 19:14:48 - [TEST_STEP][PASSED] - delay(5): Delayed 5 second(s)

2019-02-20 19:14:53 - [MESSAGE][PASSED] - Delayed 5 second(s)

2019-02-20 19:14:53 - [TEST_STEP][PASSED] - RefNo = new java.io.File((internal.GlobalVariable.TextFilePathCommon + \getIC.txt)): null

2019-02-20 19:14:53 - [TEST_STEP][PASSED] - f2 = new java.io.FileWriter(RefNo, false): null

2019-02-20 19:14:53 - [TEST_STEP][PASSED] - f2.write(IC): null

2019-02-20 19:14:53 - [TEST_STEP][PASSED] - f2.close(): null

2019-02-20 19:14:53 - [TEST_STEP][PASSED] - out.println("


" + IC + "


"): null

2019-02-20 19:14:53 - [MESSAGE][PASSED] - Call Test Case 'Test Cases/All TC/Arranged/1. Common/1.2 Setter/Setter IC' successfully

2019-02-20 19:14:53 - [MESSAGE][PASSED] - Call Test Case 'Test Cases/All TC/Arranged/1. Common/IC List Checker' successfully

2019-02-20 19:14:53 - [TEST_STEP][PASSED] - setText(findTestObject("KeatMun/Form 7_default/OTC_Application_Reg/Page_PERKESO/6.No. Kad Pengenalan"), IC): Text '861023436638' is set on object 'Object Repository/KeatMun/Form 7_default/OTC_Application_Reg/Page_PERKESO/6.No. Kad Pengenalan'

2019-02-20 19:14:57 - [MESSAGE][PASSED] - Text '861023436638' is set on object 'Object Repository/KeatMun/Form 7_default/OTC_Application_Reg/Page_PERKESO/6.No. Kad Pengenalan'

2019-02-20 19:14:57 - [TEST_STEP][PASSED] - delay(2): Delayed 2 second(s)

2019-02-20 19:14:59 - [MESSAGE][PASSED] - Delayed 2 second(s)

2019-02-20 19:14:59 - [TEST_STEP][PASSED] - click(findTestObject("KeatMun/Form 7_default/OTC_Application_Reg/Page_PERKESO/7.button_Semak")): Object: 'Object Repository/KeatMun/Form 7_default/OTC_Application_Reg/Page_PERKESO/7.button_Semak' is clicked on

2019-02-20 19:15:01 - [MESSAGE][PASSED] - Object: 'Object Repository/KeatMun/Form 7_default/OTC_Application_Reg/Page_PERKESO/7.button_Semak' is clicked on

2019-02-20 19:15:01 - [TEST_STEP][PASSED] - delay(4): Delayed 4 second(s)

2019-02-20 19:15:05 - [MESSAGE][PASSED] - Delayed 4 second(s)

2019-02-20 19:15:05 - [TEST_STEP][PASSED] - click(findTestObject("KeatMun/Form 7_default/OTC_Application_Reg/Page_PERKESO/8. Nama Majikan Dropdown")): Object: 'Object Repository/KeatMun/Form 7_default/OTC_Application_Reg/Page_PERKESO/8. Nama Majikan Dropdown' is clicked on

2019-02-20 19:15:08 - [MESSAGE][PASSED] - Object: 'Object Repository/KeatMun/Form 7_default/OTC_Application_Reg/Page_PERKESO/8. Nama Majikan Dropdown' is clicked on

2019-02-20 19:15:08 - [TEST_STEP][PASSED] - setText(findTestObject("KeatMun/Form 7_default/OTC_Application_Reg/Page_PERKESO/8. LOE emp"), "pet"): Text 'pet' is set on object 'Object Repository/KeatMun/Form 7_default/OTC_Application_Reg/Page_PERKESO/8. LOE emp'

2019-02-20 19:15:12 - [MESSAGE][PASSED] - Text 'pet' is set on object 'Object Repository/KeatMun/Form 7_default/OTC_Application_Reg/Page_PERKESO/8. LOE emp'

2019-02-20 19:15:12 - [TEST_STEP][PASSED] - click(findTestObject("KeatMun/Form 7_default/OTC_Application_Reg/Page_PERKESO/8. PETRONAS")): Object: 'Object Repository/KeatMun/Form 7_default/OTC_Application_Reg/Page_PERKESO/8. PETRONAS' is clicked on

2019-02-20 19:15:14 - [MESSAGE][PASSED] - Object: 'Object Repository/KeatMun/Form 7_default/OTC_Application_Reg/Page_PERKESO/8. PETRONAS' is clicked on

2019-02-20 19:15:14 - [TEST_STEP][PASSED] - delay(2): Delayed 2 second(s)

2019-02-20 19:15:16 - [MESSAGE][PASSED] - Delayed 2 second(s)

2019-02-20 19:15:16 - [TEST_STEP][PASSED] - setText(findTestObject("KeatMun/Form 7_default/OTC_Application_Reg/Page_PERKESO/9.Tarikh kehilangan pkj"), "10/01/2019"): Text '10/01/2019' is set on object 'Object Repository/KeatMun/Form 7_default/OTC_Application_Reg/Page_PERKESO/9.Tarikh kehilangan pkj'

2019-02-20 19:15:20 - [MESSAGE][PASSED] - Text '10/01/2019' is set on object 'Object Repository/KeatMun/Form 7_default/OTC_Application_Reg/Page_PERKESO/9.Tarikh kehilangan pkj'

2019-02-20 19:15:20 - [TEST_STEP][PASSED] - delay(2): Delayed 2 second(s)

2019-02-20 19:15:22 - [MESSAGE][PASSED] - Delayed 2 second(s)

2019-02-20 19:15:22 - [TEST_STEP][PASSED] - click(findTestObject("KeatMun/Form 7_default/OTC_Application_Reg/Page_PERKESO/9. Date Picker Done Button ")): Object: 'Object Repository/KeatMun/Form 7_default/OTC_Application_Reg/Page_PERKESO/9. Date Picker Done Button ' is clicked on

2019-02-20 19:15:24 - [MESSAGE][PASSED] - Object: 'Object Repository/KeatMun/Form 7_default/OTC_Application_Reg/Page_PERKESO/9. Date Picker Done Button ' is clicked on

2019-02-20 19:15:24 - [TEST_STEP][PASSED] - delay(2): Delayed 2 second(s)

2019-02-20 19:15:26 - [MESSAGE][PASSED] - Delayed 2 second(s)

2019-02-20 19:15:26 - [TEST_STEP][PASSED] - click(findTestObject("KeatMun/Form 7_default/OTC_Application_Reg/Page_PERKESO/10.button_Mohon")): Object: 'Object Repository/KeatMun/Form 7_default/OTC_Application_Reg/Page_PERKESO/10.button_Mohon' is clicked on

2019-02-20 19:15:28 - [MESSAGE][PASSED] - Object: 'Object Repository/KeatMun/Form 7_default/OTC_Application_Reg/Page_PERKESO/10.button_Mohon' is clicked on

2019-02-20 19:15:28 - [TEST_STEP][PASSED] - delay(2): Delayed 2 second(s)

2019-02-20 19:15:30 - [MESSAGE][PASSED] - Delayed 2 second(s)

2019-02-20 19:15:30 - [TEST_STEP][PASSED] - setText(findTestObject("KeatMun/Form 7_default/OTC_Application_Reg/Page_PERKESO/11.Tarikh Terima_stampedDtS"), "10/01/2019"): Text '10/01/2019' is set on object 'Object Repository/KeatMun/Form 7_default/OTC_Application_Reg/Page_PERKESO/11.Tarikh Terima_stampedDtS'

2019-02-20 19:15:35 - [MESSAGE][PASSED] - Text '10/01/2019' is set on object 'Object Repository/KeatMun/Form 7_default/OTC_Application_Reg/Page_PERKESO/11.Tarikh Terima_stampedDtS'

2019-02-20 19:15:35 - [TEST_STEP][PASSED] - delay(2): Delayed 2 second(s)

2019-02-20 19:15:37 - [MESSAGE][PASSED] - Delayed 2 second(s)

2019-02-20 19:15:37 - [TEST_STEP][PASSED] - click(findTestObject("KeatMun/Form 7_default/OTC_Application_Reg/Page_PERKESO/11. Date Picker Done Button")): Object: 'Object Repository/KeatMun/Form 7_default/OTC_Application_Reg/Page_PERKESO/11. Date Picker Done Button' is clicked on

2019-02-20 19:15:39 - [MESSAGE][PASSED] - Object: 'Object Repository/KeatMun/Form 7_default/OTC_Application_Reg/Page_PERKESO/11. Date Picker Done Button' is clicked on

2019-02-20 19:15:39 - [TEST_STEP][PASSED] - delay(2): Delayed 2 second(s)

2019-02-20 19:15:41 - [MESSAGE][PASSED] - Delayed 2 second(s)

2019-02-20 19:15:41 - [TEST_STEP][PASSED] - click(findTestObject("KeatMun/Form 7_default/OTC_Application_Reg/Page_PERKESO/11.button_TERUSKAN")): Object: 'Object Repository/KeatMun/Form 7_default/OTC_Application_Reg/Page_PERKESO/11.button_TERUSKAN' is clicked on

2019-02-20 19:15:43 - [MESSAGE][PASSED] - Object: 'Object Repository/KeatMun/Form 7_default/OTC_Application_Reg/Page_PERKESO/11.button_TERUSKAN' is clicked on

2019-02-20 19:15:43 - [TEST_STEP][PASSED] - delay(2): Delayed 2 second(s)

2019-02-20 19:15:45 - [MESSAGE][PASSED] - Delayed 2 second(s)

2019-02-20 19:15:45 - [TEST_STEP][PASSED] - selectOptionByValue(findTestObject("KeatMun/Form 7_default/OTC_Application_Reg/Page_PERKESO/12.--Sila Pilih--PejabatPKS"), "22", true): All options with value '22' are selected in object 'Object Repository/KeatMun/Form 7_default/OTC_Application_Reg/Page_PERKESO/12.--Sila Pilih--PejabatPKS'  using regular expression

2019-02-20 19:17:15 - [MESSAGE][PASSED] - All options with value '22' are selected in object 'Object Repository/KeatMun/Form 7_default/OTC_Application_Reg/Page_PERKESO/12.--Sila Pilih--PejabatPKS'  using regular expression

2019-02-20 19:17:15 - [TEST_STEP][PASSED] - delay(2): Delayed 2 second(s)

2019-02-20 19:17:17 - [MESSAGE][PASSED] - Delayed 2 second(s)

2019-02-20 19:17:17 - [TEST_STEP][PASSED] - click(findTestObject("KeatMun/Form 7_default/OTC_Application_Reg/Page_PERKESO/13. Halaman Seterusnya")): Object: 'Object Repository/KeatMun/Form 7_default/OTC_Application_Reg/Page_PERKESO/13. Halaman Seterusnya' is clicked on

2019-02-20 19:17:19 - [MESSAGE][PASSED] - Object: 'Object Repository/KeatMun/Form 7_default/OTC_Application_Reg/Page_PERKESO/13. Halaman Seterusnya' is clicked on

2019-02-20 19:17:19 - [MESSAGE][PASSED] - Call Test Case 'Test Cases/All TC/Arranged/3. Unit/EI/Form 7_default/OTC_Application_Reg' successfully

2019-02-20 19:17:19 - [TEST_STEP][PASSED] - callTestCase(findTestCase("All TC/Arranged/3. Unit/EI/Form 7_default/OTC_Submit Form 7_Section A"), [:], STOP_ON_FAILURE): Call Test Case 'Test Cases/All TC/Arranged/3. Unit/EI/Form 7_default/OTC_Submit Form 7_Section A' successfully

2019-02-20 19:17:19 - [TEST_CASE][PASSED] - Test Cases/All TC/Arranged/3. Unit/EI/Form 7_default/OTC_Submit Form 7_Section A: Test Cases/All TC/Arranged/3. Unit/EI/Form 7_default/OTC_Submit Form 7_Section A

2019-02-20 19:17:19 - [TEST_STEP][PASSED] - delay(2): Delayed 2 second(s)

2019-02-20 19:17:21 - [MESSAGE][PASSED] - Delayed 2 second(s)

2019-02-20 19:17:21 - [TEST_STEP][PASSED] - setText(findTestObject("KeatMun/Form 7_default/OTC_Submit Form 7_Section A/Page_PERKESO/A4. EmployeeDob"), "10/01/2019"): Text '10/01/2019' is set on object 'Object Repository/KeatMun/Form 7_default/OTC_Submit Form 7_Section A/Page_PERKESO/A4. EmployeeDob'

2019-02-20 19:17:26 - [MESSAGE][PASSED] - Text '10/01/2019' is set on object 'Object Repository/KeatMun/Form 7_default/OTC_Submit Form 7_Section A/Page_PERKESO/A4. EmployeeDob'

2019-02-20 19:17:26 - [TEST_STEP][PASSED] - delay(2): Delayed 2 second(s)

2019-02-20 19:17:28 - [MESSAGE][PASSED] - Delayed 2 second(s)

2019-02-20 19:17:28 - [TEST_STEP][PASSED] - click(findTestObject("KeatMun/Form 7_default/OTC_Submit Form 7_Section A/Page_PERKESO/A5. Bangsa")): Object: 'Object Repository/KeatMun/Form 7_default/OTC_Submit Form 7_Section A/Page_PERKESO/A5. Bangsa' is clicked on

2019-02-20 19:17:30 - [MESSAGE][PASSED] - Object: 'Object Repository/KeatMun/Form 7_default/OTC_Submit Form 7_Section A/Page_PERKESO/A5. Bangsa' is clicked on

2019-02-20 19:17:30 - [TEST_STEP][PASSED] - click(findTestObject("KeatMun/Form 7_default/OTC_Submit Form 7_Section A/Page_PERKESO/A5. Bumiputera Sabah")): Object: 'Object Repository/KeatMun/Form 7_default/OTC_Submit Form 7_Section A/Page_PERKESO/A5. Bumiputera Sabah' is clicked on

2019-02-20 19:17:32 - [MESSAGE][PASSED] - Object: 'Object Repository/KeatMun/Form 7_default/OTC_Submit Form 7_Section A/Page_PERKESO/A5. Bumiputera Sabah' is clicked on

2019-02-20 19:17:32 - [TEST_STEP][PASSED] - delay(2): Delayed 2 second(s)

2019-02-20 19:17:34 - [MESSAGE][PASSED] - Delayed 2 second(s)

2019-02-20 19:17:34 - [TEST_STEP][PASSED] - click(findTestObject("KeatMun/Form 7_default/OTC_Submit Form 7_Section A/Page_PERKESO/A6. Jantina")): Object: 'Object Repository/KeatMun/Form 7_default/OTC_Submit Form 7_Section A/Page_PERKESO/A6. Jantina' is clicked on

2019-02-20 19:17:36 - [MESSAGE][PASSED] - Object: 'Object Repository/KeatMun/Form 7_default/OTC_Submit Form 7_Section A/Page_PERKESO/A6. Jantina' is clicked on

2019-02-20 19:17:36 - [TEST_STEP][PASSED] - click(findTestObject("KeatMun/Form 7_default/OTC_Submit Form 7_Section A/Page_PERKESO/A6. Lelaki")): Object: 'Object Repository/KeatMun/Form 7_default/OTC_Submit Form 7_Section A/Page_PERKESO/A6. Lelaki' is clicked on

2019-02-20 19:17:38 - [MESSAGE][PASSED] - Object: 'Object Repository/KeatMun/Form 7_default/OTC_Submit Form 7_Section A/Page_PERKESO/A6. Lelaki' is clicked on

2019-02-20 19:17:38 - [TEST_STEP][PASSED] - delay(2): Delayed 2 second(s)

2019-02-20 19:17:40 - [MESSAGE][PASSED] - Delayed 2 second(s)

2019-02-20 19:17:40 - [TEST_STEP][PASSED] - click(findTestObject("KeatMun/Form 7_default/OTC_Submit Form 7_Section A/Page_PERKESO/A7. Kewarganegaraan")): Object: 'Object Repository/KeatMun/Form 7_default/OTC_Submit Form 7_Section A/Page_PERKESO/A7. Kewarganegaraan' is clicked on

2019-02-20 19:17:42 - [MESSAGE][PASSED] - Object: 'Object Repository/KeatMun/Form 7_default/OTC_Submit Form 7_Section A/Page_PERKESO/A7. Kewarganegaraan' is clicked on

2019-02-20 19:17:42 - [TEST_STEP][PASSED] - click(findTestObject("KeatMun/Form 7_default/OTC_Submit Form 7_Section A/Page_PERKESO/A7. Malaysia")): Object: 'Object Repository/KeatMun/Form 7_default/OTC_Submit Form 7_Section A/Page_PERKESO/A7. Malaysia' is clicked on

2019-02-20 19:17:45 - [MESSAGE][PASSED] - Object: 'Object Repository/KeatMun/Form 7_default/OTC_Submit Form 7_Section A/Page_PERKESO/A7. Malaysia' is clicked on

2019-02-20 19:17:45 - [TEST_STEP][PASSED] - delay(2): Delayed 2 second(s)

2019-02-20 19:17:47 - [MESSAGE][PASSED] - Delayed 2 second(s)

2019-02-20 19:17:47 - [TEST_STEP][PASSED] - click(findTestObject("KeatMun/Form 7_default/OTC_Submit Form 7_Section A/Page_PERKESO/A8. Status Perkahwinan")): Object: 'Object Repository/KeatMun/Form 7_default/OTC_Submit Form 7_Section A/Page_PERKESO/A8. Status Perkahwinan' is clicked on

2019-02-20 19:17:49 - [MESSAGE][PASSED] - Object: 'Object Repository/KeatMun/Form 7_default/OTC_Submit Form 7_Section A/Page_PERKESO/A8. Status Perkahwinan' is clicked on

2019-02-20 19:17:49 - [TEST_STEP][PASSED] - click(findTestObject("KeatMun/Form 7_default/OTC_Submit Form 7_Section A/Page_PERKESO/A8. Bujang")): Object: 'Object Repository/KeatMun/Form 7_default/OTC_Submit Form 7_Section A/Page_PERKESO/A8. Bujang' is clicked on

2019-02-20 19:17:51 - [MESSAGE][PASSED] - Object: 'Object Repository/KeatMun/Form 7_default/OTC_Submit Form 7_Section A/Page_PERKESO/A8. Bujang' is clicked on

2019-02-20 19:17:51 - [TEST_STEP][PASSED] - delay(2): Delayed 2 second(s)

2019-02-20 19:17:53 - [MESSAGE][PASSED] - Delayed 2 second(s)

2019-02-20 19:17:53 - [TEST_STEP][PASSED] - setText(findTestObject("KeatMun/Form 7_default/OTC_Submit Form 7_Section A/Page_PERKESO/A9. Address1"), "qwertyuiop"): Text 'qwertyuiop' is set on object 'Object Repository/KeatMun/Form 7_default/OTC_Submit Form 7_Section A/Page_PERKESO/A9. Address1'

2019-02-20 19:17:57 - [MESSAGE][PASSED] - Text 'qwertyuiop' is set on object 'Object Repository/KeatMun/Form 7_default/OTC_Submit Form 7_Section A/Page_PERKESO/A9. Address1'

2019-02-20 19:17:57 - [TEST_STEP][PASSED] - delay(2): Delayed 2 second(s)

2019-02-20 19:17:59 - [MESSAGE][PASSED] - Delayed 2 second(s)

2019-02-20 19:17:59 - [TEST_STEP][PASSED] - click(findTestObject("KeatMun/Form 7_default/OTC_Submit Form 7_Section A/Page_PERKESO/A10. Negeri")): Object: 'Object Repository/KeatMun/Form 7_default/OTC_Submit Form 7_Section A/Page_PERKESO/A10. Negeri' is clicked on

2019-02-20 19:18:01 - [MESSAGE][PASSED] - Object: 'Object Repository/KeatMun/Form 7_default/OTC_Submit Form 7_Section A/Page_PERKESO/A10. Negeri' is clicked on

2019-02-20 19:18:01 - [TEST_STEP][PASSED] - click(findTestObject("KeatMun/Form 7_default/OTC_Submit Form 7_Section A/Page_PERKESO/A10. JOHOR")): Object: 'Object Repository/KeatMun/Form 7_default/OTC_Submit Form 7_Section A/Page_PERKESO/A10. JOHOR' is clicked on

2019-02-20 19:18:03 - [MESSAGE][PASSED] - Object: 'Object Repository/KeatMun/Form 7_default/OTC_Submit Form 7_Section A/Page_PERKESO/A10. JOHOR' is clicked on

2019-02-20 19:18:03 - [TEST_STEP][PASSED] - delay(2): Delayed 2 second(s)

2019-02-20 19:18:05 - [MESSAGE][PASSED] - Delayed 2 second(s)

2019-02-20 19:18:05 - [TEST_STEP][PASSED] - click(findTestObject("KeatMun/Form 7_default/OTC_Submit Form 7_Section A/Page_PERKESO/A11. --Sila Pilih--")): Object: 'Object Repository/KeatMun/Form 7_default/OTC_Submit Form 7_Section A/Page_PERKESO/A11. --Sila Pilih--' is clicked on

2019-02-20 19:18:08 - [MESSAGE][PASSED] - Object: 'Object Repository/KeatMun/Form 7_default/OTC_Submit Form 7_Section A/Page_PERKESO/A11. --Sila Pilih--' is clicked on

2019-02-20 19:18:08 - [TEST_STEP][PASSED] - setText(findTestObject("KeatMun/Form 7_default/OTC_Submit Form 7_Section A/Page_PERKESO/A11. Done_select2-search__fie (1)"), "jo"): Text 'jo' is set on object 'Object Repository/KeatMun/Form 7_default/OTC_Submit Form 7_Section A/Page_PERKESO/A11. Done_select2-search__fie (1)'

2019-02-20 19:18:12 - [MESSAGE][PASSED] - Text 'jo' is set on object 'Object Repository/KeatMun/Form 7_default/OTC_Submit Form 7_Section A/Page_PERKESO/A11. Done_select2-search__fie (1)'

2019-02-20 19:18:12 - [TEST_STEP][PASSED] - setText(findTestObject("KeatMun/Form 7_default/OTC_Submit Form 7_Section A/Page_PERKESO/A11. concat(id(  select2-city"), "jo"): Text 'jo' is set on object 'Object Repository/KeatMun/Form 7_default/OTC_Submit Form 7_Section A/Page_PERKESO/A11. concat(id(  select2-city'

2019-02-20 19:18:16 - [MESSAGE][PASSED] - Text 'jo' is set on object 'Object Repository/KeatMun/Form 7_default/OTC_Submit Form 7_Section A/Page_PERKESO/A11. concat(id(  select2-city'

2019-02-20 19:18:16 - [TEST_STEP][PASSED] - click(findTestObject("KeatMun/Form 7_default/OTC_Submit Form 7_Section A/Page_PERKESO/A11. JOHOR BAHRU")): Object: 'Object Repository/KeatMun/Form 7_default/OTC_Submit Form 7_Section A/Page_PERKESO/A11. JOHOR BAHRU' is clicked on

2019-02-20 19:18:18 - [MESSAGE][PASSED] - Object: 'Object Repository/KeatMun/Form 7_default/OTC_Submit Form 7_Section A/Page_PERKESO/A11. JOHOR BAHRU' is clicked on

2019-02-20 19:18:18 - [TEST_STEP][PASSED] - delay(2): Delayed 2 second(s)

2019-02-20 19:18:20 - [MESSAGE][PASSED] - Delayed 2 second(s)

2019-02-20 19:18:20 - [TEST_STEP][PASSED] - click(findTestObject("KeatMun/Form 7_default/OTC_Submit Form 7_Section A/Page_PERKESO/A12. --Sila Isikan--")): Object: 'Object Repository/KeatMun/Form 7_default/OTC_Submit Form 7_Section A/Page_PERKESO/A12. --Sila Isikan--' is clicked on

2019-02-20 19:18:22 - [MESSAGE][PASSED] - Object: 'Object Repository/KeatMun/Form 7_default/OTC_Submit Form 7_Section A/Page_PERKESO/A12. --Sila Isikan--' is clicked on

2019-02-20 19:18:22 - [TEST_STEP][PASSED] - setText(findTestObject("KeatMun/Form 7_default/OTC_Submit Form 7_Section A/Page_PERKESO/A11. Done_select2-search__fie"), "84"): Text '84' is set on object 'Object Repository/KeatMun/Form 7_default/OTC_Submit Form 7_Section A/Page_PERKESO/A11. Done_select2-search__fie'

2019-02-20 19:18:26 - [MESSAGE][PASSED] - Text '84' is set on object 'Object Repository/KeatMun/Form 7_default/OTC_Submit Form 7_Section A/Page_PERKESO/A11. Done_select2-search__fie'

2019-02-20 19:18:26 - [TEST_STEP][PASSED] - click(findTestObject("KeatMun/Form 7_default/OTC_Submit Form 7_Section A/Page_PERKESO/A12. 84000")): Object: 'Object Repository/KeatMun/Form 7_default/OTC_Submit Form 7_Section A/Page_PERKESO/A12. 84000' is clicked on

2019-02-20 19:18:29 - [MESSAGE][PASSED] - Object: 'Object Repository/KeatMun/Form 7_default/OTC_Submit Form 7_Section A/Page_PERKESO/A12. 84000' is clicked on

2019-02-20 19:18:29 - [TEST_STEP][PASSED] - delay(2): Delayed 2 second(s)

2019-02-20 19:18:31 - [MESSAGE][PASSED] - Delayed 2 second(s)

2019-02-20 19:18:31 - [TEST_STEP][PASSED] - setText(findTestObject("KeatMun/Form 7_default/OTC_Submit Form 7_Section A/Page_PERKESO/A13. mobileContact1"), "1234567890"): Text '1234567890' is set on object 'Object Repository/KeatMun/Form 7_default/OTC_Submit Form 7_Section A/Page_PERKESO/A13. mobileContact1'

2019-02-20 19:18:35 - [MESSAGE][PASSED] - Text '1234567890' is set on object 'Object Repository/KeatMun/Form 7_default/OTC_Submit Form 7_Section A/Page_PERKESO/A13. mobileContact1'

2019-02-20 19:18:35 - [TEST_STEP][PASSED] - delay(2): Delayed 2 second(s)

2019-02-20 19:18:37 - [MESSAGE][PASSED] - Delayed 2 second(s)

2019-02-20 19:18:37 - [TEST_STEP][PASSED] - click(findTestObject("KeatMun/Form 7_default/OTC_Submit Form 7_Section A/Page_PERKESO/A14. Halaman Seterusnya")): Object: 'Object Repository/KeatMun/Form 7_default/OTC_Submit Form 7_Section A/Page_PERKESO/A14. Halaman Seterusnya' is clicked on

2019-02-20 19:18:39 - [MESSAGE][PASSED] - Object: 'Object Repository/KeatMun/Form 7_default/OTC_Submit Form 7_Section A/Page_PERKESO/A14. Halaman Seterusnya' is clicked on

2019-02-20 19:18:39 - [TEST_STEP][PASSED] - delay(2): Delayed 2 second(s)

2019-02-20 19:18:41 - [MESSAGE][PASSED] - Delayed 2 second(s)

2019-02-20 19:18:41 - [MESSAGE][PASSED] - Call Test Case 'Test Cases/All TC/Arranged/3. Unit/EI/Form 7_default/OTC_Submit Form 7_Section A' successfully

2019-02-20 19:18:41 - [TEST_STEP][PASSED] - callTestCase(findTestCase("All TC/Arranged/3. Unit/EI/Form 7_default/OTC_Submit Form 7_Section B"), [:], STOP_ON_FAILURE): Call Test Case 'Test Cases/All TC/Arranged/3. Unit/EI/Form 7_default/OTC_Submit Form 7_Section B' successfully

2019-02-20 19:18:41 - [TEST_CASE][PASSED] - Test Cases/All TC/Arranged/3. Unit/EI/Form 7_default/OTC_Submit Form 7_Section B: Test Cases/All TC/Arranged/3. Unit/EI/Form 7_default/OTC_Submit Form 7_Section B

2019-02-20 19:18:41 - [TEST_STEP][PASSED] - delay(3): Delayed 3 second(s)

2019-02-20 19:18:44 - [MESSAGE][PASSED] - Delayed 3 second(s)

2019-02-20 19:18:44 - [TEST_STEP][PASSED] - click(findTestObject("KeatMun/Form 7_default/OTC_Submit Form 7_Section B/Page_PERKESO/B1. Jawatan")): Object: 'Object Repository/KeatMun/Form 7_default/OTC_Submit Form 7_Section B/Page_PERKESO/B1. Jawatan' is clicked on

2019-02-20 19:18:46 - [MESSAGE][PASSED] - Object: 'Object Repository/KeatMun/Form 7_default/OTC_Submit Form 7_Section B/Page_PERKESO/B1. Jawatan' is clicked on

2019-02-20 19:18:46 - [TEST_STEP][PASSED] - setText(findTestObject("KeatMun/Form 7_default/OTC_Submit Form 7_Section B/Page_PERKESO/B1. concat(id(  select2-posi"), "re"): Text 're' is set on object 'Object Repository/KeatMun/Form 7_default/OTC_Submit Form 7_Section B/Page_PERKESO/B1. concat(id(  select2-posi'

2019-02-20 19:18:50 - [MESSAGE][PASSED] - Text 're' is set on object 'Object Repository/KeatMun/Form 7_default/OTC_Submit Form 7_Section B/Page_PERKESO/B1. concat(id(  select2-posi'

2019-02-20 19:18:50 - [TEST_STEP][PASSED] - setText(findTestObject("KeatMun/Form 7_default/OTC_Submit Form 7_Section B/Page_PERKESO/B1. Done_select2-search__fie"), "re"): Text 're' is set on object 'Object Repository/KeatMun/Form 7_default/OTC_Submit Form 7_Section B/Page_PERKESO/B1. Done_select2-search__fie'

2019-02-20 19:18:55 - [MESSAGE][PASSED] - Text 're' is set on object 'Object Repository/KeatMun/Form 7_default/OTC_Submit Form 7_Section B/Page_PERKESO/B1. Done_select2-search__fie'

2019-02-20 19:18:55 - [TEST_STEP][PASSED] - click(findTestObject("KeatMun/Form 7_default/OTC_Submit Form 7_Section B/Page_PERKESO/B1. Arkitek Reka Bentuk")): Object: 'Object Repository/KeatMun/Form 7_default/OTC_Submit Form 7_Section B/Page_PERKESO/B1. Arkitek Reka Bentuk' is clicked on

2019-02-20 19:18:57 - [MESSAGE][PASSED] - Object: 'Object Repository/KeatMun/Form 7_default/OTC_Submit Form 7_Section B/Page_PERKESO/B1. Arkitek Reka Bentuk' is clicked on

2019-02-20 19:18:57 - [TEST_STEP][PASSED] - delay(2): Delayed 2 second(s)

2019-02-20 19:18:59 - [MESSAGE][PASSED] - Delayed 2 second(s)

2019-02-20 19:18:59 - [TEST_STEP][PASSED] - setText(findTestObject("KeatMun/Form 7_default/OTC_Submit Form 7_Section B/Page_PERKESO/B2. lastEmploymentStartDtSt"), "10/01/2019"): Text '10/01/2019' is set on object 'Object Repository/KeatMun/Form 7_default/OTC_Submit Form 7_Section B/Page_PERKESO/B2. lastEmploymentStartDtSt'

2019-02-20 19:19:03 - [MESSAGE][PASSED] - Text '10/01/2019' is set on object 'Object Repository/KeatMun/Form 7_default/OTC_Submit Form 7_Section B/Page_PERKESO/B2. lastEmploymentStartDtSt'

2019-02-20 19:19:03 - [TEST_STEP][PASSED] - delay(2): Delayed 2 second(s)

2019-02-20 19:19:05 - [MESSAGE][PASSED] - Delayed 2 second(s)

2019-02-20 19:19:05 - [TEST_STEP][PASSED] - click(findTestObject("KeatMun/Form 7_default/OTC_Submit Form 7_Section B/Page_PERKESO/B4. Status Perkejaan")): Object: 'Object Repository/KeatMun/Form 7_default/OTC_Submit Form 7_Section B/Page_PERKESO/B4. Status Perkejaan' is clicked on

2019-02-20 19:19:07 - [MESSAGE][PASSED] - Object: 'Object Repository/KeatMun/Form 7_default/OTC_Submit Form 7_Section B/Page_PERKESO/B4. Status Perkejaan' is clicked on

2019-02-20 19:19:07 - [TEST_STEP][PASSED] - click(findTestObject("KeatMun/Form 7_default/OTC_Submit Form 7_Section B/Page_PERKESO/B4. Tetap")): Object: 'Object Repository/KeatMun/Form 7_default/OTC_Submit Form 7_Section B/Page_PERKESO/B4. Tetap' is clicked on

2019-02-20 19:19:09 - [MESSAGE][PASSED] - Object: 'Object Repository/KeatMun/Form 7_default/OTC_Submit Form 7_Section B/Page_PERKESO/B4. Tetap' is clicked on

2019-02-20 19:19:09 - [TEST_STEP][PASSED] - delay(2): Delayed 2 second(s)

2019-02-20 19:19:11 - [MESSAGE][PASSED] - Delayed 2 second(s)

2019-02-20 19:19:11 - [TEST_STEP][PASSED] - setText(findTestObject("KeatMun/Form 7_default/OTC_Submit Form 7_Section B/Page_PERKESO/B5. Gaji (RM)_salary1"), "4000"): Text '4000' is set on object 'Object Repository/KeatMun/Form 7_default/OTC_Submit Form 7_Section B/Page_PERKESO/B5. Gaji (RM)_salary1'

2019-02-20 19:19:16 - [MESSAGE][PASSED] - Text '4000' is set on object 'Object Repository/KeatMun/Form 7_default/OTC_Submit Form 7_Section B/Page_PERKESO/B5. Gaji (RM)_salary1'

2019-02-20 19:19:16 - [TEST_STEP][PASSED] - delay(2): Delayed 2 second(s)

2019-02-20 19:19:18 - [MESSAGE][PASSED] - Delayed 2 second(s)

2019-02-20 19:19:18 - [TEST_STEP][PASSED] - setText(findTestObject("KeatMun/Form 7_default/OTC_Submit Form 7_Section B/Page_PERKESO/B5. Gaji (RM)_salary2"), "4000"): Text '4000' is set on object 'Object Repository/KeatMun/Form 7_default/OTC_Submit Form 7_Section B/Page_PERKESO/B5. Gaji (RM)_salary2'

2019-02-20 19:19:22 - [MESSAGE][PASSED] - Text '4000' is set on object 'Object Repository/KeatMun/Form 7_default/OTC_Submit Form 7_Section B/Page_PERKESO/B5. Gaji (RM)_salary2'

2019-02-20 19:19:22 - [TEST_STEP][PASSED] - delay(2): Delayed 2 second(s)

2019-02-20 19:19:24 - [MESSAGE][PASSED] - Delayed 2 second(s)

2019-02-20 19:19:24 - [TEST_STEP][PASSED] - setText(findTestObject("KeatMun/Form 7_default/OTC_Submit Form 7_Section B/Page_PERKESO/B5. Gaji (RM)_salary3"), "4000"): Text '4000' is set on object 'Object Repository/KeatMun/Form 7_default/OTC_Submit Form 7_Section B/Page_PERKESO/B5. Gaji (RM)_salary3'

2019-02-20 19:19:28 - [MESSAGE][PASSED] - Text '4000' is set on object 'Object Repository/KeatMun/Form 7_default/OTC_Submit Form 7_Section B/Page_PERKESO/B5. Gaji (RM)_salary3'

2019-02-20 19:19:28 - [TEST_STEP][PASSED] - delay(2): Delayed 2 second(s)

2019-02-20 19:19:30 - [MESSAGE][PASSED] - Delayed 2 second(s)

2019-02-20 19:19:30 - [TEST_STEP][PASSED] - setText(findTestObject("KeatMun/Form 7_default/OTC_Submit Form 7_Section B/Page_PERKESO/B5. Gaji (RM)_salary4"), "4000"): Text '4000' is set on object 'Object Repository/KeatMun/Form 7_default/OTC_Submit Form 7_Section B/Page_PERKESO/B5. Gaji (RM)_salary4'

2019-02-20 19:19:34 - [MESSAGE][PASSED] - Text '4000' is set on object 'Object Repository/KeatMun/Form 7_default/OTC_Submit Form 7_Section B/Page_PERKESO/B5. Gaji (RM)_salary4'

2019-02-20 19:19:34 - [TEST_STEP][PASSED] - delay(2): Delayed 2 second(s)

2019-02-20 19:19:36 - [MESSAGE][PASSED] - Delayed 2 second(s)

2019-02-20 19:19:36 - [TEST_STEP][PASSED] - setText(findTestObject("KeatMun/Form 7_default/OTC_Submit Form 7_Section B/Page_PERKESO/B5. Gaji (RM)_salary5"), "4000"): Text '4000' is set on object 'Object Repository/KeatMun/Form 7_default/OTC_Submit Form 7_Section B/Page_PERKESO/B5. Gaji (RM)_salary5'

2019-02-20 19:19:40 - [MESSAGE][PASSED] - Text '4000' is set on object 'Object Repository/KeatMun/Form 7_default/OTC_Submit Form 7_Section B/Page_PERKESO/B5. Gaji (RM)_salary5'

2019-02-20 19:19:40 - [TEST_STEP][PASSED] - delay(2): Delayed 2 second(s)

2019-02-20 19:19:42 - [MESSAGE][PASSED] - Delayed 2 second(s)

2019-02-20 19:19:42 - [TEST_STEP][PASSED] - setText(findTestObject("KeatMun/Form 7_default/OTC_Submit Form 7_Section B/Page_PERKESO/B5. Gaji (RM)_salary6"), "4000"): Text '4000' is set on object 'Object Repository/KeatMun/Form 7_default/OTC_Submit Form 7_Section B/Page_PERKESO/B5. Gaji (RM)_salary6'

2019-02-20 19:19:47 - [MESSAGE][PASSED] - Text '4000' is set on object 'Object Repository/KeatMun/Form 7_default/OTC_Submit Form 7_Section B/Page_PERKESO/B5. Gaji (RM)_salary6'

2019-02-20 19:19:47 - [TEST_STEP][PASSED] - delay(2): Delayed 2 second(s)

2019-02-20 19:19:49 - [MESSAGE][PASSED] - Delayed 2 second(s)

2019-02-20 19:19:49 - [TEST_STEP][PASSED] - click(findTestObject("KeatMun/Form 7_default/OTC_Submit Form 7_Section B/Page_PERKESO/B6. Reason JobLost")): Object: 'Object Repository/KeatMun/Form 7_default/OTC_Submit Form 7_Section B/Page_PERKESO/B6. Reason JobLost' is clicked on

2019-02-20 19:19:51 - [MESSAGE][PASSED] - Object: 'Object Repository/KeatMun/Form 7_default/OTC_Submit Form 7_Section B/Page_PERKESO/B6. Reason JobLost' is clicked on

2019-02-20 19:19:51 - [TEST_STEP][PASSED] - click(findTestObject("KeatMun/Form 7_default/OTC_Submit Form 7_Section B/Page_PERKESO/B6. Bencana alam (cth banjir ke")): Object: 'Object Repository/KeatMun/Form 7_default/OTC_Submit Form 7_Section B/Page_PERKESO/B6. Bencana alam (cth banjir ke' is clicked on

2019-02-20 19:19:53 - [MESSAGE][PASSED] - Object: 'Object Repository/KeatMun/Form 7_default/OTC_Submit Form 7_Section B/Page_PERKESO/B6. Bencana alam (cth banjir ke' is clicked on

2019-02-20 19:19:53 - [TEST_STEP][PASSED] - delay(3): Delayed 3 second(s)

2019-02-20 19:19:56 - [MESSAGE][PASSED] - Delayed 3 second(s)

2019-02-20 19:19:56 - [TEST_STEP][PASSED] - setText(findTestObject("KeatMun/Form 7_default/OTC_Submit Form 7_Section B/Page_PERKESO/B7. AverageWorkingHour"), "8"): Text '8' is set on object 'Object Repository/KeatMun/Form 7_default/OTC_Submit Form 7_Section B/Page_PERKESO/B7. AverageWorkingHour'

2019-02-20 19:20:00 - [MESSAGE][PASSED] - Text '8' is set on object 'Object Repository/KeatMun/Form 7_default/OTC_Submit Form 7_Section B/Page_PERKESO/B7. AverageWorkingHour'

2019-02-20 19:20:00 - [TEST_STEP][PASSED] - delay(2): Delayed 2 second(s)

2019-02-20 19:20:02 - [MESSAGE][PASSED] - Delayed 2 second(s)

2019-02-20 19:20:02 - [TEST_STEP][PASSED] - click(findTestObject("KeatMun/Form 7_default/OTC_Submit Form 7_Section B/Page_PERKESO/B8. Tidak_compensationInd")): Object: 'Object Repository/KeatMun/Form 7_default/OTC_Submit Form 7_Section B/Page_PERKESO/B8. Tidak_compensationInd' is clicked on

2019-02-20 19:20:04 - [MESSAGE][PASSED] - Object: 'Object Repository/KeatMun/Form 7_default/OTC_Submit Form 7_Section B/Page_PERKESO/B8. Tidak_compensationInd' is clicked on

2019-02-20 19:20:04 - [TEST_STEP][PASSED] - delay(1): Delayed 1 second(s)

2019-02-20 19:20:05 - [MESSAGE][PASSED] - Delayed 1 second(s)

2019-02-20 19:20:05 - [TEST_STEP][PASSED] - click(findTestObject("KeatMun/Form 7_default/OTC_Submit Form 7_Section B/Page_PERKESO/B9. Tidak_fileCaseInd")): Object: 'Object Repository/KeatMun/Form 7_default/OTC_Submit Form 7_Section B/Page_PERKESO/B9. Tidak_fileCaseInd' is clicked on

2019-02-20 19:20:07 - [MESSAGE][PASSED] - Object: 'Object Repository/KeatMun/Form 7_default/OTC_Submit Form 7_Section B/Page_PERKESO/B9. Tidak_fileCaseInd' is clicked on

2019-02-20 19:20:07 - [TEST_STEP][PASSED] - delay(1): Delayed 1 second(s)

2019-02-20 19:20:08 - [MESSAGE][PASSED] - Delayed 1 second(s)

2019-02-20 19:20:08 - [TEST_STEP][PASSED] - click(findTestObject("KeatMun/Form 7_default/OTC_Submit Form 7_Section B/Page_PERKESO/B10. Tidak_unregisterCaseInd")): Object: 'Object Repository/KeatMun/Form 7_default/OTC_Submit Form 7_Section B/Page_PERKESO/B10. Tidak_unregisterCaseInd' is clicked on

2019-02-20 19:20:11 - [MESSAGE][PASSED] - Object: 'Object Repository/KeatMun/Form 7_default/OTC_Submit Form 7_Section B/Page_PERKESO/B10. Tidak_unregisterCaseInd' is clicked on

2019-02-20 19:20:11 - [TEST_STEP][PASSED] - delay(2): Delayed 2 second(s)

2019-02-20 19:20:13 - [MESSAGE][PASSED] - Delayed 2 second(s)

2019-02-20 19:20:13 - [TEST_STEP][PASSED] - click(findTestObject("KeatMun/Form 7_default/OTC_Submit Form 7_Section B/Page_PERKESO/B11. Halaman Seterusnya")): Object: 'Object Repository/KeatMun/Form 7_default/OTC_Submit Form 7_Section B/Page_PERKESO/B11. Halaman Seterusnya' is clicked on

2019-02-20 19:20:15 - [MESSAGE][PASSED] - Object: 'Object Repository/KeatMun/Form 7_default/OTC_Submit Form 7_Section B/Page_PERKESO/B11. Halaman Seterusnya' is clicked on

2019-02-20 19:20:15 - [TEST_STEP][PASSED] - delay(3): Delayed 3 second(s)

2019-02-20 19:20:18 - [MESSAGE][PASSED] - Delayed 3 second(s)

2019-02-20 19:20:18 - [MESSAGE][PASSED] - Call Test Case 'Test Cases/All TC/Arranged/3. Unit/EI/Form 7_default/OTC_Submit Form 7_Section B' successfully

2019-02-20 19:20:18 - [TEST_STEP][PASSED] - callTestCase(findTestCase("All TC/Arranged/3. Unit/EI/Form 7_default/OTC_Submit Form 7_Section C"), [:], STOP_ON_FAILURE): Call Test Case 'Test Cases/All TC/Arranged/3. Unit/EI/Form 7_default/OTC_Submit Form 7_Section C' successfully

2019-02-20 19:20:18 - [TEST_CASE][PASSED] - Test Cases/All TC/Arranged/3. Unit/EI/Form 7_default/OTC_Submit Form 7_Section C: Test Cases/All TC/Arranged/3. Unit/EI/Form 7_default/OTC_Submit Form 7_Section C

2019-02-20 19:20:18 - [TEST_STEP][PASSED] - delay(2): Delayed 2 second(s)

2019-02-20 19:20:20 - [MESSAGE][PASSED] - Delayed 2 second(s)

2019-02-20 19:20:20 - [TEST_STEP][PASSED] - setText(findTestObject("KeatMun/Form 7_default/OTC_Submit Form 7_Section C/Page_PERKESO/C4. EmployerInfo"), "qwertyuiop"): Text 'qwertyuiop' is set on object 'Object Repository/KeatMun/Form 7_default/OTC_Submit Form 7_Section C/Page_PERKESO/C4. EmployerInfo'

2019-02-20 19:20:24 - [MESSAGE][PASSED] - Text 'qwertyuiop' is set on object 'Object Repository/KeatMun/Form 7_default/OTC_Submit Form 7_Section C/Page_PERKESO/C4. EmployerInfo'

2019-02-20 19:20:24 - [TEST_STEP][PASSED] - delay(2): Delayed 2 second(s)

2019-02-20 19:20:26 - [MESSAGE][PASSED] - Delayed 2 second(s)

2019-02-20 19:20:26 - [TEST_STEP][PASSED] - click(findTestObject("KeatMun/Form 7_default/OTC_Submit Form 7_Section C/Page_PERKESO/C5. Negeri")): Object: 'Object Repository/KeatMun/Form 7_default/OTC_Submit Form 7_Section C/Page_PERKESO/C5. Negeri' is clicked on

2019-02-20 19:20:28 - [MESSAGE][PASSED] - Object: 'Object Repository/KeatMun/Form 7_default/OTC_Submit Form 7_Section C/Page_PERKESO/C5. Negeri' is clicked on

2019-02-20 19:20:28 - [TEST_STEP][PASSED] - delay(2): Delayed 2 second(s)

2019-02-20 19:20:30 - [MESSAGE][PASSED] - Delayed 2 second(s)

2019-02-20 19:20:30 - [TEST_STEP][PASSED] - click(findTestObject("KeatMun/Form 7_default/OTC_Submit Form 7_Section C/Page_PERKESO/C5. JOHOR")): Object: 'Object Repository/KeatMun/Form 7_default/OTC_Submit Form 7_Section C/Page_PERKESO/C5. JOHOR' is clicked on

2019-02-20 19:20:32 - [MESSAGE][PASSED] - Object: 'Object Repository/KeatMun/Form 7_default/OTC_Submit Form 7_Section C/Page_PERKESO/C5. JOHOR' is clicked on

2019-02-20 19:20:32 - [TEST_STEP][PASSED] - delay(3): Delayed 3 second(s)

2019-02-20 19:20:35 - [MESSAGE][PASSED] - Delayed 3 second(s)

2019-02-20 19:20:35 - [TEST_STEP][PASSED] - click(findTestObject("KeatMun/Form 7_default/OTC_Submit Form 7_Section C/Page_PERKESO/C6. City")): Object: 'Object Repository/KeatMun/Form 7_default/OTC_Submit Form 7_Section C/Page_PERKESO/C6. City' is clicked on

2019-02-20 19:20:37 - [MESSAGE][PASSED] - Object: 'Object Repository/KeatMun/Form 7_default/OTC_Submit Form 7_Section C/Page_PERKESO/C6. City' is clicked on

2019-02-20 19:20:37 - [TEST_STEP][PASSED] - delay(2): Delayed 2 second(s)

2019-02-20 19:20:40 - [MESSAGE][PASSED] - Delayed 2 second(s)

2019-02-20 19:20:40 - [TEST_STEP][PASSED] - setText(findTestObject("KeatMun/Form 7_default/OTC_Submit Form 7_Section C/Page_PERKESO/C6. Done_select2-search__fie"), "jo"): Text 'jo' is set on object 'Object Repository/KeatMun/Form 7_default/OTC_Submit Form 7_Section C/Page_PERKESO/C6. Done_select2-search__fie'

2019-02-20 19:20:44 - [MESSAGE][PASSED] - Text 'jo' is set on object 'Object Repository/KeatMun/Form 7_default/OTC_Submit Form 7_Section C/Page_PERKESO/C6. Done_select2-search__fie'

2019-02-20 19:20:44 - [TEST_STEP][PASSED] - setText(findTestObject("KeatMun/Form 7_default/OTC_Submit Form 7_Section C/Page_PERKESO/C6. Concat(id(  select2-city"), "jo"): Text 'jo' is set on object 'Object Repository/KeatMun/Form 7_default/OTC_Submit Form 7_Section C/Page_PERKESO/C6. Concat(id(  select2-city'

2019-02-20 19:20:48 - [MESSAGE][PASSED] - Text 'jo' is set on object 'Object Repository/KeatMun/Form 7_default/OTC_Submit Form 7_Section C/Page_PERKESO/C6. Concat(id(  select2-city'

2019-02-20 19:20:48 - [TEST_STEP][PASSED] - click(findTestObject("KeatMun/Form 7_default/OTC_Submit Form 7_Section C/Page_PERKESO/C6. JOHOR BAHRU")): Object: 'Object Repository/KeatMun/Form 7_default/OTC_Submit Form 7_Section C/Page_PERKESO/C6. JOHOR BAHRU' is clicked on

2019-02-20 19:20:50 - [MESSAGE][PASSED] - Object: 'Object Repository/KeatMun/Form 7_default/OTC_Submit Form 7_Section C/Page_PERKESO/C6. JOHOR BAHRU' is clicked on

2019-02-20 19:20:50 - [TEST_STEP][PASSED] - delay(3): Delayed 3 second(s)

2019-02-20 19:20:53 - [MESSAGE][PASSED] - Delayed 3 second(s)

2019-02-20 19:20:53 - [TEST_STEP][PASSED] - click(findTestObject("KeatMun/Form 7_default/OTC_Submit Form 7_Section C/Page_PERKESO/C7. --Sila Isikan--")): Object: 'Object Repository/KeatMun/Form 7_default/OTC_Submit Form 7_Section C/Page_PERKESO/C7. --Sila Isikan--' is clicked on

2019-02-20 19:20:55 - [MESSAGE][PASSED] - Object: 'Object Repository/KeatMun/Form 7_default/OTC_Submit Form 7_Section C/Page_PERKESO/C7. --Sila Isikan--' is clicked on

2019-02-20 19:20:55 - [TEST_STEP][PASSED] - delay(2): Delayed 2 second(s)

2019-02-20 19:20:57 - [MESSAGE][PASSED] - Delayed 2 second(s)

2019-02-20 19:20:57 - [TEST_STEP][PASSED] - setText(findTestObject("KeatMun/Form 7_default/OTC_Submit Form 7_Section C/Page_PERKESO/C7. Done_select2-search__fie"), "84"): Text '84' is set on object 'Object Repository/KeatMun/Form 7_default/OTC_Submit Form 7_Section C/Page_PERKESO/C7. Done_select2-search__fie'

2019-02-20 19:21:01 - [MESSAGE][PASSED] - Text '84' is set on object 'Object Repository/KeatMun/Form 7_default/OTC_Submit Form 7_Section C/Page_PERKESO/C7. Done_select2-search__fie'

2019-02-20 19:21:01 - [TEST_STEP][PASSED] - setText(findTestObject("KeatMun/Form 7_default/OTC_Submit Form 7_Section C/Page_PERKESO/C7. Concat(id(  select2-post"), "84"): Text '84' is set on object 'Object Repository/KeatMun/Form 7_default/OTC_Submit Form 7_Section C/Page_PERKESO/C7. Concat(id(  select2-post'

2019-02-20 19:21:06 - [MESSAGE][PASSED] - Text '84' is set on object 'Object Repository/KeatMun/Form 7_default/OTC_Submit Form 7_Section C/Page_PERKESO/C7. Concat(id(  select2-post'

2019-02-20 19:21:06 - [TEST_STEP][PASSED] - click(findTestObject("KeatMun/Form 7_default/OTC_Submit Form 7_Section C/Page_PERKESO/C7. 84000")): Object: 'Object Repository/KeatMun/Form 7_default/OTC_Submit Form 7_Section C/Page_PERKESO/C7. 84000' is clicked on

2019-02-20 19:21:08 - [MESSAGE][PASSED] - Object: 'Object Repository/KeatMun/Form 7_default/OTC_Submit Form 7_Section C/Page_PERKESO/C7. 84000' is clicked on

2019-02-20 19:21:08 - [TEST_STEP][PASSED] - delay(3): Delayed 3 second(s)

2019-02-20 19:21:11 - [MESSAGE][PASSED] - Delayed 3 second(s)

2019-02-20 19:21:11 - [TEST_STEP][PASSED] - click(findTestObject("KeatMun/Form 7_default/OTC_Submit Form 7_Section C/Page_PERKESO/C8. Tidak_employerInfo.emplo")): Object: 'Object Repository/KeatMun/Form 7_default/OTC_Submit Form 7_Section C/Page_PERKESO/C8. Tidak_employerInfo.emplo' is clicked on

2019-02-20 19:21:13 - [MESSAGE][PASSED] - Object: 'Object Repository/KeatMun/Form 7_default/OTC_Submit Form 7_Section C/Page_PERKESO/C8. Tidak_employerInfo.emplo' is clicked on

2019-02-20 19:21:13 - [TEST_STEP][PASSED] - delay(2): Delayed 2 second(s)

2019-02-20 19:21:15 - [MESSAGE][PASSED] - Delayed 2 second(s)

2019-02-20 19:21:15 - [TEST_STEP][PASSED] - setText(findTestObject("KeatMun/Form 7_default/OTC_Submit Form 7_Section C/Page_PERKESO/C9. EmployerName"), "qwertyuiop"): Text 'qwertyuiop' is set on object 'Object Repository/KeatMun/Form 7_default/OTC_Submit Form 7_Section C/Page_PERKESO/C9. EmployerName'

2019-02-20 19:21:19 - [MESSAGE][PASSED] - Text 'qwertyuiop' is set on object 'Object Repository/KeatMun/Form 7_default/OTC_Submit Form 7_Section C/Page_PERKESO/C9. EmployerName'

2019-02-20 19:21:19 - [TEST_STEP][PASSED] - delay(2): Delayed 2 second(s)

2019-02-20 19:21:21 - [MESSAGE][PASSED] - Delayed 2 second(s)

2019-02-20 19:21:21 - [TEST_STEP][PASSED] - setText(findTestObject("KeatMun/Form 7_default/OTC_Submit Form 7_Section C/Page_PERKESO/C10. EmployerIC"), "1234567890"): Text '1234567890' is set on object 'Object Repository/KeatMun/Form 7_default/OTC_Submit Form 7_Section C/Page_PERKESO/C10. EmployerIC'

2019-02-20 19:21:25 - [MESSAGE][PASSED] - Text '1234567890' is set on object 'Object Repository/KeatMun/Form 7_default/OTC_Submit Form 7_Section C/Page_PERKESO/C10. EmployerIC'

2019-02-20 19:21:25 - [TEST_STEP][PASSED] - delay(3): Delayed 3 second(s)

2019-02-20 19:21:28 - [MESSAGE][PASSED] - Delayed 3 second(s)

2019-02-20 19:21:28 - [TEST_STEP][PASSED] - click(findTestObject("KeatMun/Form 7_default/OTC_Submit Form 7_Section C/Page_PERKESO/C11. Halaman Seterusnya")): Object: 'Object Repository/KeatMun/Form 7_default/OTC_Submit Form 7_Section C/Page_PERKESO/C11. Halaman Seterusnya' is clicked on

2019-02-20 19:21:30 - [MESSAGE][PASSED] - Object: 'Object Repository/KeatMun/Form 7_default/OTC_Submit Form 7_Section C/Page_PERKESO/C11. Halaman Seterusnya' is clicked on

2019-02-20 19:21:30 - [TEST_STEP][PASSED] - delay(3): Delayed 3 second(s)

2019-02-20 19:21:33 - [MESSAGE][PASSED] - Delayed 3 second(s)

2019-02-20 19:21:33 - [MESSAGE][PASSED] - Call Test Case 'Test Cases/All TC/Arranged/3. Unit/EI/Form 7_default/OTC_Submit Form 7_Section C' successfully

2019-02-20 19:21:33 - [TEST_STEP][PASSED] - callTestCase(findTestCase("All TC/Arranged/3. Unit/EI/Form 7_default/OTC_Submit Form 7_Section D-E"), [:], STOP_ON_FAILURE): Call Test Case 'Test Cases/All TC/Arranged/3. Unit/EI/Form 7_default/OTC_Submit Form 7_Section D-E' successfully

2019-02-20 19:21:34 - [TEST_CASE][PASSED] - Test Cases/All TC/Arranged/3. Unit/EI/Form 7_default/OTC_Submit Form 7_Section D-E: Test Cases/All TC/Arranged/3. Unit/EI/Form 7_default/OTC_Submit Form 7_Section D-E

2019-02-20 19:21:34 - [TEST_STEP][PASSED] - delay(3): Delayed 3 second(s)

2019-02-20 19:21:37 - [MESSAGE][PASSED] - Delayed 3 second(s)

2019-02-20 19:21:37 - [TEST_STEP][PASSED] - click(findTestObject("KeatMun/Form 7_default/OTC_Submit Form 7_Section D-E/Page_PERKESO/D1. NO_otherActiveEmploye")): Object: 'Object Repository/KeatMun/Form 7_default/OTC_Submit Form 7_Section D-E/Page_PERKESO/D1. NO_otherActiveEmploye' is clicked on

2019-02-20 19:21:39 - [MESSAGE][PASSED] - Object: 'Object Repository/KeatMun/Form 7_default/OTC_Submit Form 7_Section D-E/Page_PERKESO/D1. NO_otherActiveEmploye' is clicked on

2019-02-20 19:21:39 - [TEST_STEP][PASSED] - delay(4): Delayed 4 second(s)

2019-02-20 19:21:43 - [MESSAGE][PASSED] - Delayed 4 second(s)

2019-02-20 19:21:43 - [TEST_STEP][PASSED] - click(findTestObject("KeatMun/Form 7_default/OTC_Submit Form 7_Section D-E/Page_PERKESO/D2. Halaman Seterusnya")): Object: 'Object Repository/KeatMun/Form 7_default/OTC_Submit Form 7_Section D-E/Page_PERKESO/D2. Halaman Seterusnya' is clicked on

2019-02-20 19:21:45 - [MESSAGE][PASSED] - Object: 'Object Repository/KeatMun/Form 7_default/OTC_Submit Form 7_Section D-E/Page_PERKESO/D2. Halaman Seterusnya' is clicked on

2019-02-20 19:21:45 - [TEST_STEP][PASSED] - delay(5): Delayed 5 second(s)

2019-02-20 19:21:50 - [MESSAGE][PASSED] - Delayed 5 second(s)

2019-02-20 19:21:50 - [TEST_STEP][PASSED] - setText(findTestObject("KeatMun/Form 7_default/OTC_Submit Form 7_Section D-E/Page_PERKESO/E1. Input__totalExpYear"), "1"): Text '1' is set on object 'Object Repository/KeatMun/Form 7_default/OTC_Submit Form 7_Section D-E/Page_PERKESO/E1. Input__totalExpYear'

2019-02-20 19:21:54 - [MESSAGE][PASSED] - Text '1' is set on object 'Object Repository/KeatMun/Form 7_default/OTC_Submit Form 7_Section D-E/Page_PERKESO/E1. Input__totalExpYear'

2019-02-20 19:21:54 - [TEST_STEP][PASSED] - delay(2): Delayed 2 second(s)

2019-02-20 19:21:56 - [MESSAGE][PASSED] - Delayed 2 second(s)

2019-02-20 19:21:56 - [TEST_STEP][PASSED] - setText(findTestObject("KeatMun/Form 7_default/OTC_Submit Form 7_Section D-E/Page_PERKESO/E1. Tahun_totalExpMonth"), "1"): Text '1' is set on object 'Object Repository/KeatMun/Form 7_default/OTC_Submit Form 7_Section D-E/Page_PERKESO/E1. Tahun_totalExpMonth'

2019-02-20 19:22:00 - [MESSAGE][PASSED] - Text '1' is set on object 'Object Repository/KeatMun/Form 7_default/OTC_Submit Form 7_Section D-E/Page_PERKESO/E1. Tahun_totalExpMonth'

2019-02-20 19:22:00 - [TEST_STEP][PASSED] - delay(2): Delayed 2 second(s)

2019-02-20 19:22:02 - [MESSAGE][PASSED] - Delayed 2 second(s)

2019-02-20 19:22:02 - [TEST_STEP][PASSED] - click(findTestObject("KeatMun/Form 7_default/OTC_Submit Form 7_Section D-E/Page_PERKESO/E2. Edu-Level")): Object: 'Object Repository/KeatMun/Form 7_default/OTC_Submit Form 7_Section D-E/Page_PERKESO/E2. Edu-Level' is clicked on

2019-02-20 19:22:04 - [MESSAGE][PASSED] - Object: 'Object Repository/KeatMun/Form 7_default/OTC_Submit Form 7_Section D-E/Page_PERKESO/E2. Edu-Level' is clicked on

2019-02-20 19:22:04 - [TEST_STEP][PASSED] - delay(2): Delayed 2 second(s)

2019-02-20 19:22:06 - [MESSAGE][PASSED] - Delayed 2 second(s)

2019-02-20 19:22:06 - [TEST_STEP][PASSED] - click(findTestObject("KeatMun/Form 7_default/OTC_Submit Form 7_Section D-E/Page_PERKESO/E2. PMRPT3")): Object: 'Object Repository/KeatMun/Form 7_default/OTC_Submit Form 7_Section D-E/Page_PERKESO/E2. PMRPT3' is clicked on

2019-02-20 19:22:08 - [MESSAGE][PASSED] - Object: 'Object Repository/KeatMun/Form 7_default/OTC_Submit Form 7_Section D-E/Page_PERKESO/E2. PMRPT3' is clicked on

2019-02-20 19:22:08 - [TEST_STEP][PASSED] - delay(3): Delayed 3 second(s)

2019-02-20 19:22:11 - [MESSAGE][PASSED] - Delayed 3 second(s)

2019-02-20 19:22:11 - [TEST_STEP][PASSED] - click(findTestObject("KeatMun/Form 7_default/OTC_Submit Form 7_Section D-E/Page_PERKESO/E3. Job-Choice")): Object: 'Object Repository/KeatMun/Form 7_default/OTC_Submit Form 7_Section D-E/Page_PERKESO/E3. Job-Choice' is clicked on

2019-02-20 19:22:14 - [MESSAGE][PASSED] - Object: 'Object Repository/KeatMun/Form 7_default/OTC_Submit Form 7_Section D-E/Page_PERKESO/E3. Job-Choice' is clicked on

2019-02-20 19:22:14 - [TEST_STEP][PASSED] - delay(2): Delayed 2 second(s)

2019-02-20 19:22:16 - [MESSAGE][PASSED] - Delayed 2 second(s)

2019-02-20 19:22:16 - [TEST_STEP][PASSED] - setText(findTestObject("KeatMun/Form 7_default/OTC_Submit Form 7_Section D-E/Page_PERKESO/E3. Done_select2-search__fie"), "re"): Text 're' is set on object 'Object Repository/KeatMun/Form 7_default/OTC_Submit Form 7_Section D-E/Page_PERKESO/E3. Done_select2-search__fie'

2019-02-20 19:22:20 - [MESSAGE][PASSED] - Text 're' is set on object 'Object Repository/KeatMun/Form 7_default/OTC_Submit Form 7_Section D-E/Page_PERKESO/E3. Done_select2-search__fie'

2019-02-20 19:22:20 - [TEST_STEP][PASSED] - click(findTestObject("KeatMun/Form 7_default/OTC_Submit Form 7_Section D-E/Page_PERKESO/E3. Arkitek Reka Bentuk")): Object: 'Object Repository/KeatMun/Form 7_default/OTC_Submit Form 7_Section D-E/Page_PERKESO/E3. Arkitek Reka Bentuk' is clicked on

2019-02-20 19:22:22 - [MESSAGE][PASSED] - Object: 'Object Repository/KeatMun/Form 7_default/OTC_Submit Form 7_Section D-E/Page_PERKESO/E3. Arkitek Reka Bentuk' is clicked on

2019-02-20 19:22:22 - [TEST_STEP][PASSED] - delay(2): Delayed 2 second(s)

2019-02-20 19:22:24 - [MESSAGE][PASSED] - Delayed 2 second(s)

2019-02-20 19:22:24 - [TEST_STEP][PASSED] - click(findTestObject("KeatMun/Form 7_default/OTC_Submit Form 7_Section D-E/Page_PERKESO/E4. Job_Location")): Object: 'Object Repository/KeatMun/Form 7_default/OTC_Submit Form 7_Section D-E/Page_PERKESO/E4. Job_Location' is clicked on

2019-02-20 19:22:26 - [MESSAGE][PASSED] - Object: 'Object Repository/KeatMun/Form 7_default/OTC_Submit Form 7_Section D-E/Page_PERKESO/E4. Job_Location' is clicked on

2019-02-20 19:22:26 - [TEST_STEP][PASSED] - delay(2): Delayed 2 second(s)

2019-02-20 19:22:28 - [MESSAGE][PASSED] - Delayed 2 second(s)

2019-02-20 19:22:28 - [TEST_STEP][PASSED] - click(findTestObject("KeatMun/Form 7_default/OTC_Submit Form 7_Section D-E/Page_PERKESO/E4. JOHOR")): Object: 'Object Repository/KeatMun/Form 7_default/OTC_Submit Form 7_Section D-E/Page_PERKESO/E4. JOHOR' is clicked on

2019-02-20 19:22:30 - [MESSAGE][PASSED] - Object: 'Object Repository/KeatMun/Form 7_default/OTC_Submit Form 7_Section D-E/Page_PERKESO/E4. JOHOR' is clicked on

2019-02-20 19:22:30 - [TEST_STEP][PASSED] - delay(2): Delayed 2 second(s)

2019-02-20 19:22:32 - [MESSAGE][PASSED] - Delayed 2 second(s)

2019-02-20 19:22:32 - [TEST_STEP][PASSED] - click(findTestObject("KeatMun/Form 7_default/OTC_Submit Form 7_Section D-E/Page_PERKESO/E7. NO_disability")): Object: 'Object Repository/KeatMun/Form 7_default/OTC_Submit Form 7_Section D-E/Page_PERKESO/E7. NO_disability' is clicked on

2019-02-20 19:22:34 - [MESSAGE][PASSED] - Object: 'Object Repository/KeatMun/Form 7_default/OTC_Submit Form 7_Section D-E/Page_PERKESO/E7. NO_disability' is clicked on

2019-02-20 19:22:34 - [TEST_STEP][PASSED] - delay(2): Delayed 2 second(s)

2019-02-20 19:22:36 - [MESSAGE][PASSED] - Delayed 2 second(s)

2019-02-20 19:22:36 - [TEST_STEP][PASSED] - click(findTestObject("KeatMun/Form 7_default/OTC_Submit Form 7_Section D-E/Page_PERKESO/E8. NO_disabilityApplyInd")): Object: 'Object Repository/KeatMun/Form 7_default/OTC_Submit Form 7_Section D-E/Page_PERKESO/E8. NO_disabilityApplyInd' is clicked on

2019-02-20 19:22:38 - [MESSAGE][PASSED] - Object: 'Object Repository/KeatMun/Form 7_default/OTC_Submit Form 7_Section D-E/Page_PERKESO/E8. NO_disabilityApplyInd' is clicked on

2019-02-20 19:22:38 - [TEST_STEP][PASSED] - delay(2): Delayed 2 second(s)

2019-02-20 19:22:40 - [MESSAGE][PASSED] - Delayed 2 second(s)

2019-02-20 19:22:40 - [TEST_STEP][PASSED] - click(findTestObject("KeatMun/Form 7_default/OTC_Submit Form 7_Section D-E/Page_PERKESO/E9. YES_ReEmployment")): Object: 'Object Repository/KeatMun/Form 7_default/OTC_Submit Form 7_Section D-E/Page_PERKESO/E9. YES_ReEmployment' is clicked on

2019-02-20 19:22:43 - [MESSAGE][PASSED] - Object: 'Object Repository/KeatMun/Form 7_default/OTC_Submit Form 7_Section D-E/Page_PERKESO/E9. YES_ReEmployment' is clicked on

2019-02-20 19:22:43 - [TEST_STEP][PASSED] - delay(2): Delayed 2 second(s)

2019-02-20 19:22:45 - [MESSAGE][PASSED] - Delayed 2 second(s)

2019-02-20 19:22:45 - [TEST_STEP][PASSED] - click(findTestObject("KeatMun/Form 7_default/OTC_Submit Form 7_Section D-E/Page_PERKESO/E10. Halaman Seterusnya")): Object: 'Object Repository/KeatMun/Form 7_default/OTC_Submit Form 7_Section D-E/Page_PERKESO/E10. Halaman Seterusnya' is clicked on

2019-02-20 19:22:47 - [MESSAGE][PASSED] - Object: 'Object Repository/KeatMun/Form 7_default/OTC_Submit Form 7_Section D-E/Page_PERKESO/E10. Halaman Seterusnya' is clicked on

2019-02-20 19:22:47 - [TEST_STEP][PASSED] - delay(3): Delayed 3 second(s)

2019-02-20 19:22:50 - [MESSAGE][PASSED] - Delayed 3 second(s)

2019-02-20 19:22:50 - [MESSAGE][PASSED] - Call Test Case 'Test Cases/All TC/Arranged/3. Unit/EI/Form 7_default/OTC_Submit Form 7_Section D-E' successfully

2019-02-20 19:22:50 - [TEST_STEP][FAILED] - callTestCase(findTestCase("All TC/Arranged/3. Unit/EI/Form 7_default/OTC_Submit Form 7_Section F-G-H - Cheque"), [:], STOP_ON_FAILURE): callTestCase(findTestCase("All TC/Arranged/3. Unit/EI/Form 7_default/OTC_Submit Form 7_Section F-G-H - Cheque"), [:], STOP_ON_FAILURE) FAILED.
Reason:
com.kms.katalon.core.exception.StepFailedException: Unable to click on object 'Object Repository/KeatMun/Form 7_default/OTC_Submit Form 7_Section F-G-H/Page_PERKESO/G2. span_Isteri' (Root cause: com.kms.katalon.core.webui.exception.WebElementNotFoundException: Web element with id: 'Object Repository/KeatMun/Form 7_default/OTC_Submit Form 7_Section F-G-H/Page_PERKESO/G2. span_Isteri' located by 'By.xpath: //span[@id = 'select2-dependentList0dependentRelationId-container' and @title = 'Isteri' and (text() = 'Isteri' or . = 'Isteri')]' not found)
	at com.kms.katalon.core.keyword.internal.KeywordMain.stepFailed(KeywordMain.groovy:36)
	at com.kms.katalon.core.webui.keyword.internal.WebUIKeywordMain.stepFailed(WebUIKeywordMain.groovy:65)
	at com.kms.katalon.core.webui.keyword.internal.WebUIKeywordMain.runKeyword(WebUIKeywordMain.groovy:27)
	at com.kms.katalon.core.webui.keyword.builtin.ClickKeyword.click(ClickKeyword.groovy:86)
	at com.kms.katalon.core.webui.keyword.builtin.ClickKeyword.execute(ClickKeyword.groovy:67)
	at com.kms.katalon.core.keyword.internal.KeywordExecutor.executeKeywordForPlatform(KeywordExecutor.groovy:53)
	at com.kms.katalon.core.webui.keyword.WebUiBuiltInKeywords.click(WebUiBuiltInKeywords.groovy:616)
	at com.kms.katalon.core.webui.keyword.WebUiBuiltInKeywords$click$3.call(Unknown Source)
	at OTC_Submit Form 7_Section F-G-H - Cheque.run(OTC_Submit Form 7_Section F-G-H - Cheque:41)
	at com.kms.katalon.core.main.ScriptEngine.run(ScriptEngine.java:194)
	at com.kms.katalon.core.main.ScriptEngine.runScriptAsRawText(ScriptEngine.java:119)
	at com.kms.katalon.core.main.TestCaseExecutor.runScript(TestCaseExecutor.java:328)
	at com.kms.katalon.core.main.TestCaseExecutor.doExecute(TestCaseExecutor.java:319)
	at com.kms.katalon.core.main.TestCaseExecutor.processExecutionPhase(TestCaseExecutor.java:298)
	at com.kms.katalon.core.main.TestCaseExecutor.accessMainPhase(TestCaseExecutor.java:290)
	at com.kms.katalon.core.main.TestCaseExecutor.execute(TestCaseExecutor.java:224)
	at com.kms.katalon.core.main.TestCaseMain.runTestCase(TestCaseMain.java:106)
	at com.kms.katalon.core.keyword.builtin.CallTestCaseKeyword$_callTestCase_closure1.doCall(CallTestCaseKeyword.groovy:59)
	at com.kms.katalon.core.keyword.builtin.CallTestCaseKeyword$_callTestCase_closure1.call(CallTestCaseKeyword.groovy)
	at com.kms.katalon.core.keyword.internal.KeywordMain.runKeyword(KeywordMain.groovy:54)
	at com.kms.katalon.core.keyword.builtin.CallTestCaseKeyword.callTestCase(CallTestCaseKeyword.groovy:80)
	at com.kms.katalon.core.keyword.builtin.CallTestCaseKeyword.execute(CallTestCaseKeyword.groovy:44)
	at com.kms.katalon.core.keyword.internal.KeywordExecutor.executeKeywordForPlatform(KeywordExecutor.groovy:53)
	at com.kms.katalon.core.keyword.BuiltinKeywords.callTestCase(BuiltinKeywords.groovy:334)
	at OTC_Submit Form 7_End to End - Cheque.run(OTC_Submit Form 7_End to End - Cheque:26)
	at com.kms.katalon.core.main.ScriptEngine.run(ScriptEngine.java:194)
	at com.kms.katalon.core.main.ScriptEngine.runScriptAsRawText(ScriptEngine.java:119)
	at com.kms.katalon.core.main.TestCaseExecutor.runScript(TestCaseExecutor.java:328)
	at com.kms.katalon.core.main.TestCaseExecutor.doExecute(TestCaseExecutor.java:319)
	at com.kms.katalon.core.main.TestCaseExecutor.processExecutionPhase(TestCaseExecutor.java:298)
	at com.kms.katalon.core.main.TestCaseExecutor.accessMainPhase(TestCaseExecutor.java:290)
	at com.kms.katalon.core.main.TestCaseExecutor.execute(TestCaseExecutor.java:224)
	at com.kms.katalon.core.main.TestCaseMain.runTestCase(TestCaseMain.java:106)
	at com.kms.katalon.core.keyword.builtin.CallTestCaseKeyword$_callTestCase_closure1.doCall(CallTestCaseKeyword.groovy:59)
	at com.kms.katalon.core.keyword.builtin.CallTestCaseKeyword$_callTestCase_closure1.call(CallTestCaseKeyword.groovy)
	at com.kms.katalon.core.keyword.internal.KeywordMain.runKeyword(KeywordMain.groovy:54)
	at com.kms.katalon.core.keyword.builtin.CallTestCaseKeyword.callTestCase(CallTestCaseKeyword.groovy:80)
	at com.kms.katalon.core.keyword.builtin.CallTestCaseKeyword.execute(CallTestCaseKeyword.groovy:44)
	at com.kms.katalon.core.keyword.internal.KeywordExecutor.executeKeywordForPlatform(KeywordExecutor.groovy:53)
	at com.kms.katalon.core.keyword.BuiltinKeywords.callTestCase(BuiltinKeywords.groovy:334)
	at Approve Claim - Full - DA EFT.run(Approve Claim - Full - DA EFT:16)
	at com.kms.katalon.core.main.ScriptEngine.run(ScriptEngine.java:194)
	at com.kms.katalon.core.main.ScriptEngine.runScriptAsRawText(ScriptEngine.java:119)
	at com.kms.katalon.core.main.TestCaseExecutor.runScript(TestCaseExecutor.java:328)
	at com.kms.katalon.core.main.TestCaseExecutor.doExecute(TestCaseExecutor.java:319)
	at com.kms.katalon.core.main.TestCaseExecutor.processExecutionPhase(TestCaseExecutor.java:298)
	at com.kms.katalon.core.main.TestCaseExecutor.accessMainPhase(TestCaseExecutor.java:290)
	at com.kms.katalon.core.main.TestCaseExecutor.execute(TestCaseExecutor.java:224)
	at com.kms.katalon.core.main.TestSuiteExecutor.accessTestCaseMainPhase(TestSuiteExecutor.java:129)
	at com.kms.katalon.core.main.TestSuiteExecutor.accessTestSuiteMainPhase(TestSuiteExecutor.java:112)
	at com.kms.katalon.core.main.TestSuiteExecutor.execute(TestSuiteExecutor.java:81)
	at com.kms.katalon.core.main.TestCaseMain.startTestSuite(TestCaseMain.java:149)
	at com.kms.katalon.core.main.TestCaseMain$startTestSuite$0.call(Unknown Source)
	at TempTestSuite1550652525208.run(TempTestSuite1550652525208.groovy:36)


2019-02-20 19:22:50 - [TEST_CASE][FAILED] - Test Cases/All TC/Arranged/3. Unit/EI/Form 7_default/OTC_Submit Form 7_Section F-G-H - Cheque: Test Cases/All TC/Arranged/3. Unit/EI/Form 7_default/OTC_Submit Form 7_Section F-G-H - Cheque FAILED.
Reason:
com.kms.katalon.core.exception.StepFailedException: Unable to click on object 'Object Repository/KeatMun/Form 7_default/OTC_Submit Form 7_Section F-G-H/Page_PERKESO/G2. span_Isteri' (Root cause: com.kms.katalon.core.webui.exception.WebElementNotFoundException: Web element with id: 'Object Repository/KeatMun/Form 7_default/OTC_Submit Form 7_Section F-G-H/Page_PERKESO/G2. span_Isteri' located by 'By.xpath: //span[@id = 'select2-dependentList0dependentRelationId-container' and @title = 'Isteri' and (text() = 'Isteri' or . = 'Isteri')]' not found)
	at com.kms.katalon.core.keyword.internal.KeywordMain.stepFailed(KeywordMain.groovy:36)
	at com.kms.katalon.core.webui.keyword.internal.WebUIKeywordMain.stepFailed(WebUIKeywordMain.groovy:65)
	at com.kms.katalon.core.webui.keyword.internal.WebUIKeywordMain.runKeyword(WebUIKeywordMain.groovy:27)
	at com.kms.katalon.core.webui.keyword.builtin.ClickKeyword.click(ClickKeyword.groovy:86)
	at com.kms.katalon.core.webui.keyword.builtin.ClickKeyword.execute(ClickKeyword.groovy:67)
	at com.kms.katalon.core.keyword.internal.KeywordExecutor.executeKeywordForPlatform(KeywordExecutor.groovy:53)
	at com.kms.katalon.core.webui.keyword.WebUiBuiltInKeywords.click(WebUiBuiltInKeywords.groovy:616)
	at com.kms.katalon.core.webui.keyword.WebUiBuiltInKeywords$click$3.call(Unknown Source)
	at OTC_Submit Form 7_Section F-G-H - Cheque.run(OTC_Submit Form 7_Section F-G-H - Cheque:41)
	at com.kms.katalon.core.main.ScriptEngine.run(ScriptEngine.java:194)
	at com.kms.katalon.core.main.ScriptEngine.runScriptAsRawText(ScriptEngine.java:119)
	at com.kms.katalon.core.main.TestCaseExecutor.runScript(TestCaseExecutor.java:328)
	at com.kms.katalon.core.main.TestCaseExecutor.doExecute(TestCaseExecutor.java:319)
	at com.kms.katalon.core.main.TestCaseExecutor.processExecutionPhase(TestCaseExecutor.java:298)
	at com.kms.katalon.core.main.TestCaseExecutor.accessMainPhase(TestCaseExecutor.java:290)
	at com.kms.katalon.core.main.TestCaseExecutor.execute(TestCaseExecutor.java:224)
	at com.kms.katalon.core.main.TestCaseMain.runTestCase(TestCaseMain.java:106)
	at com.kms.katalon.core.keyword.builtin.CallTestCaseKeyword$_callTestCase_closure1.doCall(CallTestCaseKeyword.groovy:59)
	at com.kms.katalon.core.keyword.builtin.CallTestCaseKeyword$_callTestCase_closure1.call(CallTestCaseKeyword.groovy)
	at com.kms.katalon.core.keyword.internal.KeywordMain.runKeyword(KeywordMain.groovy:54)
	at com.kms.katalon.core.keyword.builtin.CallTestCaseKeyword.callTestCase(CallTestCaseKeyword.groovy:80)
	at com.kms.katalon.core.keyword.builtin.CallTestCaseKeyword.execute(CallTestCaseKeyword.groovy:44)
	at com.kms.katalon.core.keyword.internal.KeywordExecutor.executeKeywordForPlatform(KeywordExecutor.groovy:53)
	at com.kms.katalon.core.keyword.BuiltinKeywords.callTestCase(BuiltinKeywords.groovy:334)
	at OTC_Submit Form 7_End to End - Cheque.run(OTC_Submit Form 7_End to End - Cheque:26)
	at com.kms.katalon.core.main.ScriptEngine.run(ScriptEngine.java:194)
	at com.kms.katalon.core.main.ScriptEngine.runScriptAsRawText(ScriptEngine.java:119)
	at com.kms.katalon.core.main.TestCaseExecutor.runScript(TestCaseExecutor.java:328)
	at com.kms.katalon.core.main.TestCaseExecutor.doExecute(TestCaseExecutor.java:319)
	at com.kms.katalon.core.main.TestCaseExecutor.processExecutionPhase(TestCaseExecutor.java:298)
	at com.kms.katalon.core.main.TestCaseExecutor.accessMainPhase(TestCaseExecutor.java:290)
	at com.kms.katalon.core.main.TestCaseExecutor.execute(TestCaseExecutor.java:224)
	at com.kms.katalon.core.main.TestCaseMain.runTestCase(TestCaseMain.java:106)
	at com.kms.katalon.core.keyword.builtin.CallTestCaseKeyword$_callTestCase_closure1.doCall(CallTestCaseKeyword.groovy:59)
	at com.kms.katalon.core.keyword.builtin.CallTestCaseKeyword$_callTestCase_closure1.call(CallTestCaseKeyword.groovy)
	at com.kms.katalon.core.keyword.internal.KeywordMain.runKeyword(KeywordMain.groovy:54)
	at com.kms.katalon.core.keyword.builtin.CallTestCaseKeyword.callTestCase(CallTestCaseKeyword.groovy:80)
	at com.kms.katalon.core.keyword.builtin.CallTestCaseKeyword.execute(CallTestCaseKeyword.groovy:44)
	at com.kms.katalon.core.keyword.internal.KeywordExecutor.executeKeywordForPlatform(KeywordExecutor.groovy:53)
	at com.kms.katalon.core.keyword.BuiltinKeywords.callTestCase(BuiltinKeywords.groovy:334)
	at Approve Claim - Full - DA EFT.run(Approve Claim - Full - DA EFT:16)
	at com.kms.katalon.core.main.ScriptEngine.run(ScriptEngine.java:194)
	at com.kms.katalon.core.main.ScriptEngine.runScriptAsRawText(ScriptEngine.java:119)
	at com.kms.katalon.core.main.TestCaseExecutor.runScript(TestCaseExecutor.java:328)
	at com.kms.katalon.core.main.TestCaseExecutor.doExecute(TestCaseExecutor.java:319)
	at com.kms.katalon.core.main.TestCaseExecutor.processExecutionPhase(TestCaseExecutor.java:298)
	at com.kms.katalon.core.main.TestCaseExecutor.accessMainPhase(TestCaseExecutor.java:290)
	at com.kms.katalon.core.main.TestCaseExecutor.execute(TestCaseExecutor.java:224)
	at com.kms.katalon.core.main.TestSuiteExecutor.accessTestCaseMainPhase(TestSuiteExecutor.java:129)
	at com.kms.katalon.core.main.TestSuiteExecutor.accessTestSuiteMainPhase(TestSuiteExecutor.java:112)
	at com.kms.katalon.core.main.TestSuiteExecutor.execute(TestSuiteExecutor.java:81)
	at com.kms.katalon.core.main.TestCaseMain.startTestSuite(TestCaseMain.java:149)
	at com.kms.katalon.core.main.TestCaseMain$startTestSuite$0.call(Unknown Source)
	at TempTestSuite1550652525208.run(TempTestSuite1550652525208.groovy:36)


2019-02-20 19:22:50 - [TEST_STEP][PASSED] - delay(3): Delayed 3 second(s)

2019-02-20 19:22:53 - [MESSAGE][PASSED] - Delayed 3 second(s)

2019-02-20 19:22:53 - [TEST_STEP][PASSED] - click(findTestObject("KeatMun/Form 7_default/OTC_Submit Form 7_Section F-G-H/Page_PERKESO/F1. Bankrup_yes")): Object: 'Object Repository/KeatMun/Form 7_default/OTC_Submit Form 7_Section F-G-H/Page_PERKESO/F1. Bankrup_yes' is clicked on

2019-02-20 19:22:55 - [MESSAGE][PASSED] - Object: 'Object Repository/KeatMun/Form 7_default/OTC_Submit Form 7_Section F-G-H/Page_PERKESO/F1. Bankrup_yes' is clicked on

2019-02-20 19:22:55 - [TEST_STEP][PASSED] - delay(3): Delayed 3 second(s)

2019-02-20 19:22:58 - [MESSAGE][PASSED] - Delayed 3 second(s)

2019-02-20 19:22:58 - [TEST_STEP][PASSED] - click(findTestObject("KeatMun/Form 7_default/OTC_Submit Form 7_Section F-G-H/Page_PERKESO/F2. Next_Page_AfterBankInfo")): Object: 'Object Repository/KeatMun/Form 7_default/OTC_Submit Form 7_Section F-G-H/Page_PERKESO/F2. Next_Page_AfterBankInfo' is clicked on

2019-02-20 19:23:00 - [MESSAGE][PASSED] - Object: 'Object Repository/KeatMun/Form 7_default/OTC_Submit Form 7_Section F-G-H/Page_PERKESO/F2. Next_Page_AfterBankInfo' is clicked on

2019-02-20 19:23:00 - [TEST_STEP][PASSED] - delay(5): Delayed 5 second(s)

2019-02-20 19:23:05 - [MESSAGE][PASSED] - Delayed 5 second(s)

2019-02-20 19:23:05 - [TEST_STEP][PASSED] - setText(findTestObject("KeatMun/Form 7_default/OTC_Submit Form 7_Section F-G-H/Page_PERKESO/G2. Hubungan dengan OB-nama"), "qwertyuiop"): Text 'qwertyuiop' is set on object 'Object Repository/KeatMun/Form 7_default/OTC_Submit Form 7_Section F-G-H/Page_PERKESO/G2. Hubungan dengan OB-nama'

2019-02-20 19:23:09 - [MESSAGE][PASSED] - Text 'qwertyuiop' is set on object 'Object Repository/KeatMun/Form 7_default/OTC_Submit Form 7_Section F-G-H/Page_PERKESO/G2. Hubungan dengan OB-nama'

2019-02-20 19:23:09 - [TEST_STEP][PASSED] - delay(2): Delayed 2 second(s)

2019-02-20 19:23:11 - [MESSAGE][PASSED] - Delayed 2 second(s)

2019-02-20 19:23:11 - [TEST_STEP][PASSED] - setText(findTestObject("KeatMun/Form 7_default/OTC_Submit Form 7_Section F-G-H/Page_PERKESO/G2. Hubungan dengan OB-ic.no"), "111111223333"): Text '111111223333' is set on object 'Object Repository/KeatMun/Form 7_default/OTC_Submit Form 7_Section F-G-H/Page_PERKESO/G2. Hubungan dengan OB-ic.no'

2019-02-20 19:23:16 - [MESSAGE][PASSED] - Text '111111223333' is set on object 'Object Repository/KeatMun/Form 7_default/OTC_Submit Form 7_Section F-G-H/Page_PERKESO/G2. Hubungan dengan OB-ic.no'

2019-02-20 19:23:16 - [TEST_STEP][PASSED] - delay(2): Delayed 2 second(s)

2019-02-20 19:23:18 - [MESSAGE][PASSED] - Delayed 2 second(s)

2019-02-20 19:23:18 - [TEST_STEP][PASSED] - setText(findTestObject("KeatMun/Form 7_default/OTC_Submit Form 7_Section F-G-H/Page_PERKESO/G2. Hubungan dengan OB-DOB"), "10/01/2019"): Text '10/01/2019' is set on object 'Object Repository/KeatMun/Form 7_default/OTC_Submit Form 7_Section F-G-H/Page_PERKESO/G2. Hubungan dengan OB-DOB'

2019-02-20 19:23:22 - [MESSAGE][PASSED] - Text '10/01/2019' is set on object 'Object Repository/KeatMun/Form 7_default/OTC_Submit Form 7_Section F-G-H/Page_PERKESO/G2. Hubungan dengan OB-DOB'

2019-02-20 19:23:22 - [TEST_STEP][PASSED] - delay(3): Delayed 3 second(s)

2019-02-20 19:23:25 - [MESSAGE][PASSED] - Delayed 3 second(s)

2019-02-20 19:23:25 - [TEST_STEP][FAILED] - click(findTestObject("KeatMun/Form 7_default/OTC_Submit Form 7_Section F-G-H/Page_PERKESO/G2. span_Isteri")): click(findTestObject("KeatMun/Form 7_default/OTC_Submit Form 7_Section F-G-H/Page_PERKESO/G2. span_Isteri")) FAILED.
Reason:
com.kms.katalon.core.exception.StepFailedException: Unable to click on object 'Object Repository/KeatMun/Form 7_default/OTC_Submit Form 7_Section F-G-H/Page_PERKESO/G2. span_Isteri' (Root cause: com.kms.katalon.core.webui.exception.WebElementNotFoundException: Web element with id: 'Object Repository/KeatMun/Form 7_default/OTC_Submit Form 7_Section F-G-H/Page_PERKESO/G2. span_Isteri' located by 'By.xpath: //span[@id = 'select2-dependentList0dependentRelationId-container' and @title = 'Isteri' and (text() = 'Isteri' or . = 'Isteri')]' not found)
	at com.kms.katalon.core.keyword.internal.KeywordMain.stepFailed(KeywordMain.groovy:36)
	at com.kms.katalon.core.webui.keyword.internal.WebUIKeywordMain.stepFailed(WebUIKeywordMain.groovy:65)
	at com.kms.katalon.core.webui.keyword.internal.WebUIKeywordMain.runKeyword(WebUIKeywordMain.groovy:27)
	at com.kms.katalon.core.webui.keyword.builtin.ClickKeyword.click(ClickKeyword.groovy:86)
	at com.kms.katalon.core.webui.keyword.builtin.ClickKeyword.execute(ClickKeyword.groovy:67)
	at com.kms.katalon.core.keyword.internal.KeywordExecutor.executeKeywordForPlatform(KeywordExecutor.groovy:53)
	at com.kms.katalon.core.webui.keyword.WebUiBuiltInKeywords.click(WebUiBuiltInKeywords.groovy:616)
	at com.kms.katalon.core.webui.keyword.WebUiBuiltInKeywords$click$3.call(Unknown Source)
	at OTC_Submit Form 7_Section F-G-H - Cheque.run(OTC_Submit Form 7_Section F-G-H - Cheque:41)
	at com.kms.katalon.core.main.ScriptEngine.run(ScriptEngine.java:194)
	at com.kms.katalon.core.main.ScriptEngine.runScriptAsRawText(ScriptEngine.java:119)
	at com.kms.katalon.core.main.TestCaseExecutor.runScript(TestCaseExecutor.java:328)
	at com.kms.katalon.core.main.TestCaseExecutor.doExecute(TestCaseExecutor.java:319)
	at com.kms.katalon.core.main.TestCaseExecutor.processExecutionPhase(TestCaseExecutor.java:298)
	at com.kms.katalon.core.main.TestCaseExecutor.accessMainPhase(TestCaseExecutor.java:290)
	at com.kms.katalon.core.main.TestCaseExecutor.execute(TestCaseExecutor.java:224)
	at com.kms.katalon.core.main.TestCaseMain.runTestCase(TestCaseMain.java:106)
	at com.kms.katalon.core.keyword.builtin.CallTestCaseKeyword$_callTestCase_closure1.doCall(CallTestCaseKeyword.groovy:59)
	at com.kms.katalon.core.keyword.builtin.CallTestCaseKeyword$_callTestCase_closure1.call(CallTestCaseKeyword.groovy)
	at com.kms.katalon.core.keyword.internal.KeywordMain.runKeyword(KeywordMain.groovy:54)
	at com.kms.katalon.core.keyword.builtin.CallTestCaseKeyword.callTestCase(CallTestCaseKeyword.groovy:80)
	at com.kms.katalon.core.keyword.builtin.CallTestCaseKeyword.execute(CallTestCaseKeyword.groovy:44)
	at com.kms.katalon.core.keyword.internal.KeywordExecutor.executeKeywordForPlatform(KeywordExecutor.groovy:53)
	at com.kms.katalon.core.keyword.BuiltinKeywords.callTestCase(BuiltinKeywords.groovy:334)
	at OTC_Submit Form 7_End to End - Cheque.run(OTC_Submit Form 7_End to End - Cheque:26)
	at com.kms.katalon.core.main.ScriptEngine.run(ScriptEngine.java:194)
	at com.kms.katalon.core.main.ScriptEngine.runScriptAsRawText(ScriptEngine.java:119)
	at com.kms.katalon.core.main.TestCaseExecutor.runScript(TestCaseExecutor.java:328)
	at com.kms.katalon.core.main.TestCaseExecutor.doExecute(TestCaseExecutor.java:319)
	at com.kms.katalon.core.main.TestCaseExecutor.processExecutionPhase(TestCaseExecutor.java:298)
	at com.kms.katalon.core.main.TestCaseExecutor.accessMainPhase(TestCaseExecutor.java:290)
	at com.kms.katalon.core.main.TestCaseExecutor.execute(TestCaseExecutor.java:224)
	at com.kms.katalon.core.main.TestCaseMain.runTestCase(TestCaseMain.java:106)
	at com.kms.katalon.core.keyword.builtin.CallTestCaseKeyword$_callTestCase_closure1.doCall(CallTestCaseKeyword.groovy:59)
	at com.kms.katalon.core.keyword.builtin.CallTestCaseKeyword$_callTestCase_closure1.call(CallTestCaseKeyword.groovy)
	at com.kms.katalon.core.keyword.internal.KeywordMain.runKeyword(KeywordMain.groovy:54)
	at com.kms.katalon.core.keyword.builtin.CallTestCaseKeyword.callTestCase(CallTestCaseKeyword.groovy:80)
	at com.kms.katalon.core.keyword.builtin.CallTestCaseKeyword.execute(CallTestCaseKeyword.groovy:44)
	at com.kms.katalon.core.keyword.internal.KeywordExecutor.executeKeywordForPlatform(KeywordExecutor.groovy:53)
	at com.kms.katalon.core.keyword.BuiltinKeywords.callTestCase(BuiltinKeywords.groovy:334)
	at Approve Claim - Full - DA EFT.run(Approve Claim - Full - DA EFT:16)
	at com.kms.katalon.core.main.ScriptEngine.run(ScriptEngine.java:194)
	at com.kms.katalon.core.main.ScriptEngine.runScriptAsRawText(ScriptEngine.java:119)
	at com.kms.katalon.core.main.TestCaseExecutor.runScript(TestCaseExecutor.java:328)
	at com.kms.katalon.core.main.TestCaseExecutor.doExecute(TestCaseExecutor.java:319)
	at com.kms.katalon.core.main.TestCaseExecutor.processExecutionPhase(TestCaseExecutor.java:298)
	at com.kms.katalon.core.main.TestCaseExecutor.accessMainPhase(TestCaseExecutor.java:290)
	at com.kms.katalon.core.main.TestCaseExecutor.execute(TestCaseExecutor.java:224)
	at com.kms.katalon.core.main.TestSuiteExecutor.accessTestCaseMainPhase(TestSuiteExecutor.java:129)
	at com.kms.katalon.core.main.TestSuiteExecutor.accessTestSuiteMainPhase(TestSuiteExecutor.java:112)
	at com.kms.katalon.core.main.TestSuiteExecutor.execute(TestSuiteExecutor.java:81)
	at com.kms.katalon.core.main.TestCaseMain.startTestSuite(TestCaseMain.java:149)
	at com.kms.katalon.core.main.TestCaseMain$startTestSuite$0.call(Unknown Source)
	at TempTestSuite1550652525208.run(TempTestSuite1550652525208.groovy:36)


2019-02-20 19:23:55 - [MESSAGE][INFO] - Unable to find the element located by 'By.xpath: //span[@id = 'select2-dependentList0dependentRelationId-container' and @title = 'Isteri' and (text() = 'Isteri' or . = 'Isteri')]'. Please recheck the objects properties to make sure the desired element is located. 

2019-02-20 19:23:57 - [MESSAGE][FAILED] - Unable to click on object 'Object Repository/KeatMun/Form 7_default/OTC_Submit Form 7_Section F-G-H/Page_PERKESO/G2. span_Isteri' (Root cause: com.kms.katalon.core.webui.exception.WebElementNotFoundException: Web element with id: 'Object Repository/KeatMun/Form 7_default/OTC_Submit Form 7_Section F-G-H/Page_PERKESO/G2. span_Isteri' located by 'By.xpath: //span[@id = 'select2-dependentList0dependentRelationId-container' and @title = 'Isteri' and (text() = 'Isteri' or . = 'Isteri')]' not found)
[[ATTACHMENT|C:\\Users\\Admin\\Documents\\GitHub\\PKSKatalon\\PKS-EI-ES\\Reports\\New Test Suite\\20190220_164845\\1550661835741.png]]

2019-02-20 19:23:57 - [MESSAGE][FAILED] - click(findTestObject("KeatMun/Form 7_default/OTC_Submit Form 7_Section F-G-H/Page_PERKESO/G2. span_Isteri")) FAILED.
Reason:
com.kms.katalon.core.exception.StepFailedException: Unable to click on object 'Object Repository/KeatMun/Form 7_default/OTC_Submit Form 7_Section F-G-H/Page_PERKESO/G2. span_Isteri' (Root cause: com.kms.katalon.core.webui.exception.WebElementNotFoundException: Web element with id: 'Object Repository/KeatMun/Form 7_default/OTC_Submit Form 7_Section F-G-H/Page_PERKESO/G2. span_Isteri' located by 'By.xpath: //span[@id = 'select2-dependentList0dependentRelationId-container' and @title = 'Isteri' and (text() = 'Isteri' or . = 'Isteri')]' not found)
	at com.kms.katalon.core.keyword.internal.KeywordMain.stepFailed(KeywordMain.groovy:36)
	at com.kms.katalon.core.webui.keyword.internal.WebUIKeywordMain.stepFailed(WebUIKeywordMain.groovy:65)
	at com.kms.katalon.core.webui.keyword.internal.WebUIKeywordMain.runKeyword(WebUIKeywordMain.groovy:27)
	at com.kms.katalon.core.webui.keyword.builtin.ClickKeyword.click(ClickKeyword.groovy:86)
	at com.kms.katalon.core.webui.keyword.builtin.ClickKeyword.execute(ClickKeyword.groovy:67)
	at com.kms.katalon.core.keyword.internal.KeywordExecutor.executeKeywordForPlatform(KeywordExecutor.groovy:53)
	at com.kms.katalon.core.webui.keyword.WebUiBuiltInKeywords.click(WebUiBuiltInKeywords.groovy:616)
	at com.kms.katalon.core.webui.keyword.WebUiBuiltInKeywords$click$3.call(Unknown Source)
	at OTC_Submit Form 7_Section F-G-H - Cheque.run(OTC_Submit Form 7_Section F-G-H - Cheque:41)
	at com.kms.katalon.core.main.ScriptEngine.run(ScriptEngine.java:194)
	at com.kms.katalon.core.main.ScriptEngine.runScriptAsRawText(ScriptEngine.java:119)
	at com.kms.katalon.core.main.TestCaseExecutor.runScript(TestCaseExecutor.java:328)
	at com.kms.katalon.core.main.TestCaseExecutor.doExecute(TestCaseExecutor.java:319)
	at com.kms.katalon.core.main.TestCaseExecutor.processExecutionPhase(TestCaseExecutor.java:298)
	at com.kms.katalon.core.main.TestCaseExecutor.accessMainPhase(TestCaseExecutor.java:290)
	at com.kms.katalon.core.main.TestCaseExecutor.execute(TestCaseExecutor.java:224)
	at com.kms.katalon.core.main.TestCaseMain.runTestCase(TestCaseMain.java:106)
	at com.kms.katalon.core.keyword.builtin.CallTestCaseKeyword$_callTestCase_closure1.doCall(CallTestCaseKeyword.groovy:59)
	at com.kms.katalon.core.keyword.builtin.CallTestCaseKeyword$_callTestCase_closure1.call(CallTestCaseKeyword.groovy)
	at com.kms.katalon.core.keyword.internal.KeywordMain.runKeyword(KeywordMain.groovy:54)
	at com.kms.katalon.core.keyword.builtin.CallTestCaseKeyword.callTestCase(CallTestCaseKeyword.groovy:80)
	at com.kms.katalon.core.keyword.builtin.CallTestCaseKeyword.execute(CallTestCaseKeyword.groovy:44)
	at com.kms.katalon.core.keyword.internal.KeywordExecutor.executeKeywordForPlatform(KeywordExecutor.groovy:53)
	at com.kms.katalon.core.keyword.BuiltinKeywords.callTestCase(BuiltinKeywords.groovy:334)
	at OTC_Submit Form 7_End to End - Cheque.run(OTC_Submit Form 7_End to End - Cheque:26)
	at com.kms.katalon.core.main.ScriptEngine.run(ScriptEngine.java:194)
	at com.kms.katalon.core.main.ScriptEngine.runScriptAsRawText(ScriptEngine.java:119)
	at com.kms.katalon.core.main.TestCaseExecutor.runScript(TestCaseExecutor.java:328)
	at com.kms.katalon.core.main.TestCaseExecutor.doExecute(TestCaseExecutor.java:319)
	at com.kms.katalon.core.main.TestCaseExecutor.processExecutionPhase(TestCaseExecutor.java:298)
	at com.kms.katalon.core.main.TestCaseExecutor.accessMainPhase(TestCaseExecutor.java:290)
	at com.kms.katalon.core.main.TestCaseExecutor.execute(TestCaseExecutor.java:224)
	at com.kms.katalon.core.main.TestCaseMain.runTestCase(TestCaseMain.java:106)
	at com.kms.katalon.core.keyword.builtin.CallTestCaseKeyword$_callTestCase_closure1.doCall(CallTestCaseKeyword.groovy:59)
	at com.kms.katalon.core.keyword.builtin.CallTestCaseKeyword$_callTestCase_closure1.call(CallTestCaseKeyword.groovy)
	at com.kms.katalon.core.keyword.internal.KeywordMain.runKeyword(KeywordMain.groovy:54)
	at com.kms.katalon.core.keyword.builtin.CallTestCaseKeyword.callTestCase(CallTestCaseKeyword.groovy:80)
	at com.kms.katalon.core.keyword.builtin.CallTestCaseKeyword.execute(CallTestCaseKeyword.groovy:44)
	at com.kms.katalon.core.keyword.internal.KeywordExecutor.executeKeywordForPlatform(KeywordExecutor.groovy:53)
	at com.kms.katalon.core.keyword.BuiltinKeywords.callTestCase(BuiltinKeywords.groovy:334)
	at Approve Claim - Full - DA EFT.run(Approve Claim - Full - DA EFT:16)
	at com.kms.katalon.core.main.ScriptEngine.run(ScriptEngine.java:194)
	at com.kms.katalon.core.main.ScriptEngine.runScriptAsRawText(ScriptEngine.java:119)
	at com.kms.katalon.core.main.TestCaseExecutor.runScript(TestCaseExecutor.java:328)
	at com.kms.katalon.core.main.TestCaseExecutor.doExecute(TestCaseExecutor.java:319)
	at com.kms.katalon.core.main.TestCaseExecutor.processExecutionPhase(TestCaseExecutor.java:298)
	at com.kms.katalon.core.main.TestCaseExecutor.accessMainPhase(TestCaseExecutor.java:290)
	at com.kms.katalon.core.main.TestCaseExecutor.execute(TestCaseExecutor.java:224)
	at com.kms.katalon.core.main.TestSuiteExecutor.accessTestCaseMainPhase(TestSuiteExecutor.java:129)
	at com.kms.katalon.core.main.TestSuiteExecutor.accessTestSuiteMainPhase(TestSuiteExecutor.java:112)
	at com.kms.katalon.core.main.TestSuiteExecutor.execute(TestSuiteExecutor.java:81)
	at com.kms.katalon.core.main.TestCaseMain.startTestSuite(TestCaseMain.java:149)
	at com.kms.katalon.core.main.TestCaseMain$startTestSuite$0.call(Unknown Source)
	at TempTestSuite1550652525208.run(TempTestSuite1550652525208.groovy:36)


2019-02-20 19:23:57 - [MESSAGE][FAILED] - Unable to call Test Case 'Test Cases/All TC/Arranged/3. Unit/EI/Form 7_default/OTC_Submit Form 7_Section F-G-H - Cheque' (Root cause: com.kms.katalon.core.exception.StepFailedException: Call Test Case 'Test Cases/All TC/Arranged/3. Unit/EI/Form 7_default/OTC_Submit Form 7_Section F-G-H - Cheque' failed)

2019-02-20 19:23:58 - [MESSAGE][FAILED] - callTestCase(findTestCase("All TC/Arranged/3. Unit/EI/Form 7_default/OTC_Submit Form 7_Section F-G-H - Cheque"), [:], STOP_ON_FAILURE) FAILED.
Reason:
com.kms.katalon.core.exception.StepFailedException: Unable to click on object 'Object Repository/KeatMun/Form 7_default/OTC_Submit Form 7_Section F-G-H/Page_PERKESO/G2. span_Isteri' (Root cause: com.kms.katalon.core.webui.exception.WebElementNotFoundException: Web element with id: 'Object Repository/KeatMun/Form 7_default/OTC_Submit Form 7_Section F-G-H/Page_PERKESO/G2. span_Isteri' located by 'By.xpath: //span[@id = 'select2-dependentList0dependentRelationId-container' and @title = 'Isteri' and (text() = 'Isteri' or . = 'Isteri')]' not found)
	at com.kms.katalon.core.keyword.internal.KeywordMain.stepFailed(KeywordMain.groovy:36)
	at com.kms.katalon.core.webui.keyword.internal.WebUIKeywordMain.stepFailed(WebUIKeywordMain.groovy:65)
	at com.kms.katalon.core.webui.keyword.internal.WebUIKeywordMain.runKeyword(WebUIKeywordMain.groovy:27)
	at com.kms.katalon.core.webui.keyword.builtin.ClickKeyword.click(ClickKeyword.groovy:86)
	at com.kms.katalon.core.webui.keyword.builtin.ClickKeyword.execute(ClickKeyword.groovy:67)
	at com.kms.katalon.core.keyword.internal.KeywordExecutor.executeKeywordForPlatform(KeywordExecutor.groovy:53)
	at com.kms.katalon.core.webui.keyword.WebUiBuiltInKeywords.click(WebUiBuiltInKeywords.groovy:616)
	at com.kms.katalon.core.webui.keyword.WebUiBuiltInKeywords$click$3.call(Unknown Source)
	at OTC_Submit Form 7_Section F-G-H - Cheque.run(OTC_Submit Form 7_Section F-G-H - Cheque:41)
	at com.kms.katalon.core.main.ScriptEngine.run(ScriptEngine.java:194)
	at com.kms.katalon.core.main.ScriptEngine.runScriptAsRawText(ScriptEngine.java:119)
	at com.kms.katalon.core.main.TestCaseExecutor.runScript(TestCaseExecutor.java:328)
	at com.kms.katalon.core.main.TestCaseExecutor.doExecute(TestCaseExecutor.java:319)
	at com.kms.katalon.core.main.TestCaseExecutor.processExecutionPhase(TestCaseExecutor.java:298)
	at com.kms.katalon.core.main.TestCaseExecutor.accessMainPhase(TestCaseExecutor.java:290)
	at com.kms.katalon.core.main.TestCaseExecutor.execute(TestCaseExecutor.java:224)
	at com.kms.katalon.core.main.TestCaseMain.runTestCase(TestCaseMain.java:106)
	at com.kms.katalon.core.keyword.builtin.CallTestCaseKeyword$_callTestCase_closure1.doCall(CallTestCaseKeyword.groovy:59)
	at com.kms.katalon.core.keyword.builtin.CallTestCaseKeyword$_callTestCase_closure1.call(CallTestCaseKeyword.groovy)
	at com.kms.katalon.core.keyword.internal.KeywordMain.runKeyword(KeywordMain.groovy:54)
	at com.kms.katalon.core.keyword.builtin.CallTestCaseKeyword.callTestCase(CallTestCaseKeyword.groovy:80)
	at com.kms.katalon.core.keyword.builtin.CallTestCaseKeyword.execute(CallTestCaseKeyword.groovy:44)
	at com.kms.katalon.core.keyword.internal.KeywordExecutor.executeKeywordForPlatform(KeywordExecutor.groovy:53)
	at com.kms.katalon.core.keyword.BuiltinKeywords.callTestCase(BuiltinKeywords.groovy:334)
	at OTC_Submit Form 7_End to End - Cheque.run(OTC_Submit Form 7_End to End - Cheque:26)
	at com.kms.katalon.core.main.ScriptEngine.run(ScriptEngine.java:194)
	at com.kms.katalon.core.main.ScriptEngine.runScriptAsRawText(ScriptEngine.java:119)
	at com.kms.katalon.core.main.TestCaseExecutor.runScript(TestCaseExecutor.java:328)
	at com.kms.katalon.core.main.TestCaseExecutor.doExecute(TestCaseExecutor.java:319)
	at com.kms.katalon.core.main.TestCaseExecutor.processExecutionPhase(TestCaseExecutor.java:298)
	at com.kms.katalon.core.main.TestCaseExecutor.accessMainPhase(TestCaseExecutor.java:290)
	at com.kms.katalon.core.main.TestCaseExecutor.execute(TestCaseExecutor.java:224)
	at com.kms.katalon.core.main.TestCaseMain.runTestCase(TestCaseMain.java:106)
	at com.kms.katalon.core.keyword.builtin.CallTestCaseKeyword$_callTestCase_closure1.doCall(CallTestCaseKeyword.groovy:59)
	at com.kms.katalon.core.keyword.builtin.CallTestCaseKeyword$_callTestCase_closure1.call(CallTestCaseKeyword.groovy)
	at com.kms.katalon.core.keyword.internal.KeywordMain.runKeyword(KeywordMain.groovy:54)
	at com.kms.katalon.core.keyword.builtin.CallTestCaseKeyword.callTestCase(CallTestCaseKeyword.groovy:80)
	at com.kms.katalon.core.keyword.builtin.CallTestCaseKeyword.execute(CallTestCaseKeyword.groovy:44)
	at com.kms.katalon.core.keyword.internal.KeywordExecutor.executeKeywordForPlatform(KeywordExecutor.groovy:53)
	at com.kms.katalon.core.keyword.BuiltinKeywords.callTestCase(BuiltinKeywords.groovy:334)
	at Approve Claim - Full - DA EFT.run(Approve Claim - Full - DA EFT:16)
	at com.kms.katalon.core.main.ScriptEngine.run(ScriptEngine.java:194)
	at com.kms.katalon.core.main.ScriptEngine.runScriptAsRawText(ScriptEngine.java:119)
	at com.kms.katalon.core.main.TestCaseExecutor.runScript(TestCaseExecutor.java:328)
	at com.kms.katalon.core.main.TestCaseExecutor.doExecute(TestCaseExecutor.java:319)
	at com.kms.katalon.core.main.TestCaseExecutor.processExecutionPhase(TestCaseExecutor.java:298)
	at com.kms.katalon.core.main.TestCaseExecutor.accessMainPhase(TestCaseExecutor.java:290)
	at com.kms.katalon.core.main.TestCaseExecutor.execute(TestCaseExecutor.java:224)
	at com.kms.katalon.core.main.TestSuiteExecutor.accessTestCaseMainPhase(TestSuiteExecutor.java:129)
	at com.kms.katalon.core.main.TestSuiteExecutor.accessTestSuiteMainPhase(TestSuiteExecutor.java:112)
	at com.kms.katalon.core.main.TestSuiteExecutor.execute(TestSuiteExecutor.java:81)
	at com.kms.katalon.core.main.TestCaseMain.startTestSuite(TestCaseMain.java:149)
	at com.kms.katalon.core.main.TestCaseMain$startTestSuite$0.call(Unknown Source)
	at TempTestSuite1550652525208.run(TempTestSuite1550652525208.groovy:36)


2019-02-20 19:23:59 - [MESSAGE][FAILED] - Unable to call Test Case 'Test Cases/All TC/Arranged/2. Segment/OTC_Submit Form 7_End to End - Cheque' (Root cause: com.kms.katalon.core.exception.StepFailedException: Call Test Case 'Test Cases/All TC/Arranged/2. Segment/OTC_Submit Form 7_End to End - Cheque' failed)

2019-02-20 19:23:59 - [MESSAGE][FAILED] - callTestCase(findTestCase("All TC/Arranged/2. Segment/OTC_Submit Form 7_End to End - Cheque"), [:], STOP_ON_FAILURE) FAILED.
Reason:
com.kms.katalon.core.exception.StepFailedException: Unable to click on object 'Object Repository/KeatMun/Form 7_default/OTC_Submit Form 7_Section F-G-H/Page_PERKESO/G2. span_Isteri' (Root cause: com.kms.katalon.core.webui.exception.WebElementNotFoundException: Web element with id: 'Object Repository/KeatMun/Form 7_default/OTC_Submit Form 7_Section F-G-H/Page_PERKESO/G2. span_Isteri' located by 'By.xpath: //span[@id = 'select2-dependentList0dependentRelationId-container' and @title = 'Isteri' and (text() = 'Isteri' or . = 'Isteri')]' not found)
	at com.kms.katalon.core.keyword.internal.KeywordMain.stepFailed(KeywordMain.groovy:36)
	at com.kms.katalon.core.webui.keyword.internal.WebUIKeywordMain.stepFailed(WebUIKeywordMain.groovy:65)
	at com.kms.katalon.core.webui.keyword.internal.WebUIKeywordMain.runKeyword(WebUIKeywordMain.groovy:27)
	at com.kms.katalon.core.webui.keyword.builtin.ClickKeyword.click(ClickKeyword.groovy:86)
	at com.kms.katalon.core.webui.keyword.builtin.ClickKeyword.execute(ClickKeyword.groovy:67)
	at com.kms.katalon.core.keyword.internal.KeywordExecutor.executeKeywordForPlatform(KeywordExecutor.groovy:53)
	at com.kms.katalon.core.webui.keyword.WebUiBuiltInKeywords.click(WebUiBuiltInKeywords.groovy:616)
	at com.kms.katalon.core.webui.keyword.WebUiBuiltInKeywords$click$3.call(Unknown Source)
	at OTC_Submit Form 7_Section F-G-H - Cheque.run(OTC_Submit Form 7_Section F-G-H - Cheque:41)
	at com.kms.katalon.core.main.ScriptEngine.run(ScriptEngine.java:194)
	at com.kms.katalon.core.main.ScriptEngine.runScriptAsRawText(ScriptEngine.java:119)
	at com.kms.katalon.core.main.TestCaseExecutor.runScript(TestCaseExecutor.java:328)
	at com.kms.katalon.core.main.TestCaseExecutor.doExecute(TestCaseExecutor.java:319)
	at com.kms.katalon.core.main.TestCaseExecutor.processExecutionPhase(TestCaseExecutor.java:298)
	at com.kms.katalon.core.main.TestCaseExecutor.accessMainPhase(TestCaseExecutor.java:290)
	at com.kms.katalon.core.main.TestCaseExecutor.execute(TestCaseExecutor.java:224)
	at com.kms.katalon.core.main.TestCaseMain.runTestCase(TestCaseMain.java:106)
	at com.kms.katalon.core.keyword.builtin.CallTestCaseKeyword$_callTestCase_closure1.doCall(CallTestCaseKeyword.groovy:59)
	at com.kms.katalon.core.keyword.builtin.CallTestCaseKeyword$_callTestCase_closure1.call(CallTestCaseKeyword.groovy)
	at com.kms.katalon.core.keyword.internal.KeywordMain.runKeyword(KeywordMain.groovy:54)
	at com.kms.katalon.core.keyword.builtin.CallTestCaseKeyword.callTestCase(CallTestCaseKeyword.groovy:80)
	at com.kms.katalon.core.keyword.builtin.CallTestCaseKeyword.execute(CallTestCaseKeyword.groovy:44)
	at com.kms.katalon.core.keyword.internal.KeywordExecutor.executeKeywordForPlatform(KeywordExecutor.groovy:53)
	at com.kms.katalon.core.keyword.BuiltinKeywords.callTestCase(BuiltinKeywords.groovy:334)
	at OTC_Submit Form 7_End to End - Cheque.run(OTC_Submit Form 7_End to End - Cheque:26)
	at com.kms.katalon.core.main.ScriptEngine.run(ScriptEngine.java:194)
	at com.kms.katalon.core.main.ScriptEngine.runScriptAsRawText(ScriptEngine.java:119)
	at com.kms.katalon.core.main.TestCaseExecutor.runScript(TestCaseExecutor.java:328)
	at com.kms.katalon.core.main.TestCaseExecutor.doExecute(TestCaseExecutor.java:319)
	at com.kms.katalon.core.main.TestCaseExecutor.processExecutionPhase(TestCaseExecutor.java:298)
	at com.kms.katalon.core.main.TestCaseExecutor.accessMainPhase(TestCaseExecutor.java:290)
	at com.kms.katalon.core.main.TestCaseExecutor.execute(TestCaseExecutor.java:224)
	at com.kms.katalon.core.main.TestCaseMain.runTestCase(TestCaseMain.java:106)
	at com.kms.katalon.core.keyword.builtin.CallTestCaseKeyword$_callTestCase_closure1.doCall(CallTestCaseKeyword.groovy:59)
	at com.kms.katalon.core.keyword.builtin.CallTestCaseKeyword$_callTestCase_closure1.call(CallTestCaseKeyword.groovy)
	at com.kms.katalon.core.keyword.internal.KeywordMain.runKeyword(KeywordMain.groovy:54)
	at com.kms.katalon.core.keyword.builtin.CallTestCaseKeyword.callTestCase(CallTestCaseKeyword.groovy:80)
	at com.kms.katalon.core.keyword.builtin.CallTestCaseKeyword.execute(CallTestCaseKeyword.groovy:44)
	at com.kms.katalon.core.keyword.internal.KeywordExecutor.executeKeywordForPlatform(KeywordExecutor.groovy:53)
	at com.kms.katalon.core.keyword.BuiltinKeywords.callTestCase(BuiltinKeywords.groovy:334)
	at Approve Claim - Full - DA EFT.run(Approve Claim - Full - DA EFT:16)
	at com.kms.katalon.core.main.ScriptEngine.run(ScriptEngine.java:194)
	at com.kms.katalon.core.main.ScriptEngine.runScriptAsRawText(ScriptEngine.java:119)
	at com.kms.katalon.core.main.TestCaseExecutor.runScript(TestCaseExecutor.java:328)
	at com.kms.katalon.core.main.TestCaseExecutor.doExecute(TestCaseExecutor.java:319)
	at com.kms.katalon.core.main.TestCaseExecutor.processExecutionPhase(TestCaseExecutor.java:298)
	at com.kms.katalon.core.main.TestCaseExecutor.accessMainPhase(TestCaseExecutor.java:290)
	at com.kms.katalon.core.main.TestCaseExecutor.execute(TestCaseExecutor.java:224)
	at com.kms.katalon.core.main.TestSuiteExecutor.accessTestCaseMainPhase(TestSuiteExecutor.java:129)
	at com.kms.katalon.core.main.TestSuiteExecutor.accessTestSuiteMainPhase(TestSuiteExecutor.java:112)
	at com.kms.katalon.core.main.TestSuiteExecutor.execute(TestSuiteExecutor.java:81)
	at com.kms.katalon.core.main.TestCaseMain.startTestSuite(TestCaseMain.java:149)
	at com.kms.katalon.core.main.TestCaseMain$startTestSuite$0.call(Unknown Source)
	at TempTestSuite1550652525208.run(TempTestSuite1550652525208.groovy:36)]]></system-out>
         <system-err><![CDATA[2019-02-20 19:14:12 - [TEST_CASE][FAILED] - Test Cases/All TC/Arranged/0. Full Flow/Approve Claim - Full - DA EFT: Test Cases/All TC/Arranged/0. Full Flow/Approve Claim - Full - DA EFT FAILED.
Reason:
com.kms.katalon.core.exception.StepFailedException: Unable to click on object 'Object Repository/KeatMun/Form 7_default/OTC_Submit Form 7_Section F-G-H/Page_PERKESO/G2. span_Isteri' (Root cause: com.kms.katalon.core.webui.exception.WebElementNotFoundException: Web element with id: 'Object Repository/KeatMun/Form 7_default/OTC_Submit Form 7_Section F-G-H/Page_PERKESO/G2. span_Isteri' located by 'By.xpath: //span[@id = 'select2-dependentList0dependentRelationId-container' and @title = 'Isteri' and (text() = 'Isteri' or . = 'Isteri')]' not found)
	at com.kms.katalon.core.keyword.internal.KeywordMain.stepFailed(KeywordMain.groovy:36)
	at com.kms.katalon.core.webui.keyword.internal.WebUIKeywordMain.stepFailed(WebUIKeywordMain.groovy:65)
	at com.kms.katalon.core.webui.keyword.internal.WebUIKeywordMain.runKeyword(WebUIKeywordMain.groovy:27)
	at com.kms.katalon.core.webui.keyword.builtin.ClickKeyword.click(ClickKeyword.groovy:86)
	at com.kms.katalon.core.webui.keyword.builtin.ClickKeyword.execute(ClickKeyword.groovy:67)
	at com.kms.katalon.core.keyword.internal.KeywordExecutor.executeKeywordForPlatform(KeywordExecutor.groovy:53)
	at com.kms.katalon.core.webui.keyword.WebUiBuiltInKeywords.click(WebUiBuiltInKeywords.groovy:616)
	at com.kms.katalon.core.webui.keyword.WebUiBuiltInKeywords$click$3.call(Unknown Source)
	at OTC_Submit Form 7_Section F-G-H - Cheque.run(OTC_Submit Form 7_Section F-G-H - Cheque:41)
	at com.kms.katalon.core.main.ScriptEngine.run(ScriptEngine.java:194)
	at com.kms.katalon.core.main.ScriptEngine.runScriptAsRawText(ScriptEngine.java:119)
	at com.kms.katalon.core.main.TestCaseExecutor.runScript(TestCaseExecutor.java:328)
	at com.kms.katalon.core.main.TestCaseExecutor.doExecute(TestCaseExecutor.java:319)
	at com.kms.katalon.core.main.TestCaseExecutor.processExecutionPhase(TestCaseExecutor.java:298)
	at com.kms.katalon.core.main.TestCaseExecutor.accessMainPhase(TestCaseExecutor.java:290)
	at com.kms.katalon.core.main.TestCaseExecutor.execute(TestCaseExecutor.java:224)
	at com.kms.katalon.core.main.TestCaseMain.runTestCase(TestCaseMain.java:106)
	at com.kms.katalon.core.keyword.builtin.CallTestCaseKeyword$_callTestCase_closure1.doCall(CallTestCaseKeyword.groovy:59)
	at com.kms.katalon.core.keyword.builtin.CallTestCaseKeyword$_callTestCase_closure1.call(CallTestCaseKeyword.groovy)
	at com.kms.katalon.core.keyword.internal.KeywordMain.runKeyword(KeywordMain.groovy:54)
	at com.kms.katalon.core.keyword.builtin.CallTestCaseKeyword.callTestCase(CallTestCaseKeyword.groovy:80)
	at com.kms.katalon.core.keyword.builtin.CallTestCaseKeyword.execute(CallTestCaseKeyword.groovy:44)
	at com.kms.katalon.core.keyword.internal.KeywordExecutor.executeKeywordForPlatform(KeywordExecutor.groovy:53)
	at com.kms.katalon.core.keyword.BuiltinKeywords.callTestCase(BuiltinKeywords.groovy:334)
	at OTC_Submit Form 7_End to End - Cheque.run(OTC_Submit Form 7_End to End - Cheque:26)
	at com.kms.katalon.core.main.ScriptEngine.run(ScriptEngine.java:194)
	at com.kms.katalon.core.main.ScriptEngine.runScriptAsRawText(ScriptEngine.java:119)
	at com.kms.katalon.core.main.TestCaseExecutor.runScript(TestCaseExecutor.java:328)
	at com.kms.katalon.core.main.TestCaseExecutor.doExecute(TestCaseExecutor.java:319)
	at com.kms.katalon.core.main.TestCaseExecutor.processExecutionPhase(TestCaseExecutor.java:298)
	at com.kms.katalon.core.main.TestCaseExecutor.accessMainPhase(TestCaseExecutor.java:290)
	at com.kms.katalon.core.main.TestCaseExecutor.execute(TestCaseExecutor.java:224)
	at com.kms.katalon.core.main.TestCaseMain.runTestCase(TestCaseMain.java:106)
	at com.kms.katalon.core.keyword.builtin.CallTestCaseKeyword$_callTestCase_closure1.doCall(CallTestCaseKeyword.groovy:59)
	at com.kms.katalon.core.keyword.builtin.CallTestCaseKeyword$_callTestCase_closure1.call(CallTestCaseKeyword.groovy)
	at com.kms.katalon.core.keyword.internal.KeywordMain.runKeyword(KeywordMain.groovy:54)
	at com.kms.katalon.core.keyword.builtin.CallTestCaseKeyword.callTestCase(CallTestCaseKeyword.groovy:80)
	at com.kms.katalon.core.keyword.builtin.CallTestCaseKeyword.execute(CallTestCaseKeyword.groovy:44)
	at com.kms.katalon.core.keyword.internal.KeywordExecutor.executeKeywordForPlatform(KeywordExecutor.groovy:53)
	at com.kms.katalon.core.keyword.BuiltinKeywords.callTestCase(BuiltinKeywords.groovy:334)
	at Approve Claim - Full - DA EFT.run(Approve Claim - Full - DA EFT:16)
	at com.kms.katalon.core.main.ScriptEngine.run(ScriptEngine.java:194)
	at com.kms.katalon.core.main.ScriptEngine.runScriptAsRawText(ScriptEngine.java:119)
	at com.kms.katalon.core.main.TestCaseExecutor.runScript(TestCaseExecutor.java:328)
	at com.kms.katalon.core.main.TestCaseExecutor.doExecute(TestCaseExecutor.java:319)
	at com.kms.katalon.core.main.TestCaseExecutor.processExecutionPhase(TestCaseExecutor.java:298)
	at com.kms.katalon.core.main.TestCaseExecutor.accessMainPhase(TestCaseExecutor.java:290)
	at com.kms.katalon.core.main.TestCaseExecutor.execute(TestCaseExecutor.java:224)
	at com.kms.katalon.core.main.TestSuiteExecutor.accessTestCaseMainPhase(TestSuiteExecutor.java:129)
	at com.kms.katalon.core.main.TestSuiteExecutor.accessTestSuiteMainPhase(TestSuiteExecutor.java:112)
	at com.kms.katalon.core.main.TestSuiteExecutor.execute(TestSuiteExecutor.java:81)
	at com.kms.katalon.core.main.TestCaseMain.startTestSuite(TestCaseMain.java:149)
	at com.kms.katalon.core.main.TestCaseMain$startTestSuite$0.call(Unknown Source)
	at TempTestSuite1550652525208.run(TempTestSuite1550652525208.groovy:36)]]></system-err>
      </testcase>
      <testcase name="Test Cases/All TC/Arranged/0. Full Flow/Approve Claim - Full - DA Cheque" classname="Test Cases/All TC/Arranged/0. Full Flow/Approve Claim - Full - DA Cheque" status="FAILED">
         <failure type="FAILED" message="Test Cases/All TC/Arranged/0. Full Flow/Approve Claim - Full - DA Cheque FAILED.
Reason:
com.kms.katalon.core.exception.StepFailedException: Unable to click on object 'Object Repository/KeatMun/Form 7_default/OTC_Submit Form 7_Section F-G-H/Page_PERKESO/G2. span_Isteri' (Root cause: com.kms.katalon.core.webui.exception.WebElementNotFoundException: Web element with id: 'Object Repository/KeatMun/Form 7_default/OTC_Submit Form 7_Section F-G-H/Page_PERKESO/G2. span_Isteri' located by 'By.xpath: //span[@id = 'select2-dependentList0dependentRelationId-container' and @title = 'Isteri' and (text() = 'Isteri' or . = 'Isteri')]' not found)
	at com.kms.katalon.core.keyword.internal.KeywordMain.stepFailed(KeywordMain.groovy:36)
	at com.kms.katalon.core.webui.keyword.internal.WebUIKeywordMain.stepFailed(WebUIKeywordMain.groovy:65)
	at com.kms.katalon.core.webui.keyword.internal.WebUIKeywordMain.runKeyword(WebUIKeywordMain.groovy:27)
	at com.kms.katalon.core.webui.keyword.builtin.ClickKeyword.click(ClickKeyword.groovy:86)
	at com.kms.katalon.core.webui.keyword.builtin.ClickKeyword.execute(ClickKeyword.groovy:67)
	at com.kms.katalon.core.keyword.internal.KeywordExecutor.executeKeywordForPlatform(KeywordExecutor.groovy:53)
	at com.kms.katalon.core.webui.keyword.WebUiBuiltInKeywords.click(WebUiBuiltInKeywords.groovy:616)
	at com.kms.katalon.core.webui.keyword.WebUiBuiltInKeywords$click$3.call(Unknown Source)
	at OTC_Submit Form 7_Section F-G-H - Cheque.run(OTC_Submit Form 7_Section F-G-H - Cheque:41)
	at com.kms.katalon.core.main.ScriptEngine.run(ScriptEngine.java:194)
	at com.kms.katalon.core.main.ScriptEngine.runScriptAsRawText(ScriptEngine.java:119)
	at com.kms.katalon.core.main.TestCaseExecutor.runScript(TestCaseExecutor.java:328)
	at com.kms.katalon.core.main.TestCaseExecutor.doExecute(TestCaseExecutor.java:319)
	at com.kms.katalon.core.main.TestCaseExecutor.processExecutionPhase(TestCaseExecutor.java:298)
	at com.kms.katalon.core.main.TestCaseExecutor.accessMainPhase(TestCaseExecutor.java:290)
	at com.kms.katalon.core.main.TestCaseExecutor.execute(TestCaseExecutor.java:224)
	at com.kms.katalon.core.main.TestCaseMain.runTestCase(TestCaseMain.java:106)
	at com.kms.katalon.core.keyword.builtin.CallTestCaseKeyword$_callTestCase_closure1.doCall(CallTestCaseKeyword.groovy:59)
	at com.kms.katalon.core.keyword.builtin.CallTestCaseKeyword$_callTestCase_closure1.call(CallTestCaseKeyword.groovy)
	at com.kms.katalon.core.keyword.internal.KeywordMain.runKeyword(KeywordMain.groovy:54)
	at com.kms.katalon.core.keyword.builtin.CallTestCaseKeyword.callTestCase(CallTestCaseKeyword.groovy:80)
	at com.kms.katalon.core.keyword.builtin.CallTestCaseKeyword.execute(CallTestCaseKeyword.groovy:44)
	at com.kms.katalon.core.keyword.internal.KeywordExecutor.executeKeywordForPlatform(KeywordExecutor.groovy:53)
	at com.kms.katalon.core.keyword.BuiltinKeywords.callTestCase(BuiltinKeywords.groovy:334)
	at OTC_Submit Form 7_End to End - Cheque.run(OTC_Submit Form 7_End to End - Cheque:26)
	at com.kms.katalon.core.main.ScriptEngine.run(ScriptEngine.java:194)
	at com.kms.katalon.core.main.ScriptEngine.runScriptAsRawText(ScriptEngine.java:119)
	at com.kms.katalon.core.main.TestCaseExecutor.runScript(TestCaseExecutor.java:328)
	at com.kms.katalon.core.main.TestCaseExecutor.doExecute(TestCaseExecutor.java:319)
	at com.kms.katalon.core.main.TestCaseExecutor.processExecutionPhase(TestCaseExecutor.java:298)
	at com.kms.katalon.core.main.TestCaseExecutor.accessMainPhase(TestCaseExecutor.java:290)
	at com.kms.katalon.core.main.TestCaseExecutor.execute(TestCaseExecutor.java:224)
	at com.kms.katalon.core.main.TestCaseMain.runTestCase(TestCaseMain.java:106)
	at com.kms.katalon.core.keyword.builtin.CallTestCaseKeyword$_callTestCase_closure1.doCall(CallTestCaseKeyword.groovy:59)
	at com.kms.katalon.core.keyword.builtin.CallTestCaseKeyword$_callTestCase_closure1.call(CallTestCaseKeyword.groovy)
	at com.kms.katalon.core.keyword.internal.KeywordMain.runKeyword(KeywordMain.groovy:54)
	at com.kms.katalon.core.keyword.builtin.CallTestCaseKeyword.callTestCase(CallTestCaseKeyword.groovy:80)
	at com.kms.katalon.core.keyword.builtin.CallTestCaseKeyword.execute(CallTestCaseKeyword.groovy:44)
	at com.kms.katalon.core.keyword.internal.KeywordExecutor.executeKeywordForPlatform(KeywordExecutor.groovy:53)
	at com.kms.katalon.core.keyword.BuiltinKeywords.callTestCase(BuiltinKeywords.groovy:334)
	at Approve Claim - Full - DA Cheque.run(Approve Claim - Full - DA Cheque:16)
	at com.kms.katalon.core.main.ScriptEngine.run(ScriptEngine.java:194)
	at com.kms.katalon.core.main.ScriptEngine.runScriptAsRawText(ScriptEngine.java:119)
	at com.kms.katalon.core.main.TestCaseExecutor.runScript(TestCaseExecutor.java:328)
	at com.kms.katalon.core.main.TestCaseExecutor.doExecute(TestCaseExecutor.java:319)
	at com.kms.katalon.core.main.TestCaseExecutor.processExecutionPhase(TestCaseExecutor.java:298)
	at com.kms.katalon.core.main.TestCaseExecutor.accessMainPhase(TestCaseExecutor.java:290)
	at com.kms.katalon.core.main.TestCaseExecutor.execute(TestCaseExecutor.java:224)
	at com.kms.katalon.core.main.TestSuiteExecutor.accessTestCaseMainPhase(TestSuiteExecutor.java:129)
	at com.kms.katalon.core.main.TestSuiteExecutor.accessTestSuiteMainPhase(TestSuiteExecutor.java:112)
	at com.kms.katalon.core.main.TestSuiteExecutor.execute(TestSuiteExecutor.java:81)
	at com.kms.katalon.core.main.TestCaseMain.startTestSuite(TestCaseMain.java:149)
	at com.kms.katalon.core.main.TestCaseMain$startTestSuite$0.call(Unknown Source)
	at TempTestSuite1550652525208.run(TempTestSuite1550652525208.groovy:36)
"/>
         <system-out><![CDATA[2019-02-20 19:23:59 - [TEST_CASE][FAILED] - Test Cases/All TC/Arranged/0. Full Flow/Approve Claim - Full - DA Cheque: Test Cases/All TC/Arranged/0. Full Flow/Approve Claim - Full - DA Cheque FAILED.
Reason:
com.kms.katalon.core.exception.StepFailedException: Unable to click on object 'Object Repository/KeatMun/Form 7_default/OTC_Submit Form 7_Section F-G-H/Page_PERKESO/G2. span_Isteri' (Root cause: com.kms.katalon.core.webui.exception.WebElementNotFoundException: Web element with id: 'Object Repository/KeatMun/Form 7_default/OTC_Submit Form 7_Section F-G-H/Page_PERKESO/G2. span_Isteri' located by 'By.xpath: //span[@id = 'select2-dependentList0dependentRelationId-container' and @title = 'Isteri' and (text() = 'Isteri' or . = 'Isteri')]' not found)
	at com.kms.katalon.core.keyword.internal.KeywordMain.stepFailed(KeywordMain.groovy:36)
	at com.kms.katalon.core.webui.keyword.internal.WebUIKeywordMain.stepFailed(WebUIKeywordMain.groovy:65)
	at com.kms.katalon.core.webui.keyword.internal.WebUIKeywordMain.runKeyword(WebUIKeywordMain.groovy:27)
	at com.kms.katalon.core.webui.keyword.builtin.ClickKeyword.click(ClickKeyword.groovy:86)
	at com.kms.katalon.core.webui.keyword.builtin.ClickKeyword.execute(ClickKeyword.groovy:67)
	at com.kms.katalon.core.keyword.internal.KeywordExecutor.executeKeywordForPlatform(KeywordExecutor.groovy:53)
	at com.kms.katalon.core.webui.keyword.WebUiBuiltInKeywords.click(WebUiBuiltInKeywords.groovy:616)
	at com.kms.katalon.core.webui.keyword.WebUiBuiltInKeywords$click$3.call(Unknown Source)
	at OTC_Submit Form 7_Section F-G-H - Cheque.run(OTC_Submit Form 7_Section F-G-H - Cheque:41)
	at com.kms.katalon.core.main.ScriptEngine.run(ScriptEngine.java:194)
	at com.kms.katalon.core.main.ScriptEngine.runScriptAsRawText(ScriptEngine.java:119)
	at com.kms.katalon.core.main.TestCaseExecutor.runScript(TestCaseExecutor.java:328)
	at com.kms.katalon.core.main.TestCaseExecutor.doExecute(TestCaseExecutor.java:319)
	at com.kms.katalon.core.main.TestCaseExecutor.processExecutionPhase(TestCaseExecutor.java:298)
	at com.kms.katalon.core.main.TestCaseExecutor.accessMainPhase(TestCaseExecutor.java:290)
	at com.kms.katalon.core.main.TestCaseExecutor.execute(TestCaseExecutor.java:224)
	at com.kms.katalon.core.main.TestCaseMain.runTestCase(TestCaseMain.java:106)
	at com.kms.katalon.core.keyword.builtin.CallTestCaseKeyword$_callTestCase_closure1.doCall(CallTestCaseKeyword.groovy:59)
	at com.kms.katalon.core.keyword.builtin.CallTestCaseKeyword$_callTestCase_closure1.call(CallTestCaseKeyword.groovy)
	at com.kms.katalon.core.keyword.internal.KeywordMain.runKeyword(KeywordMain.groovy:54)
	at com.kms.katalon.core.keyword.builtin.CallTestCaseKeyword.callTestCase(CallTestCaseKeyword.groovy:80)
	at com.kms.katalon.core.keyword.builtin.CallTestCaseKeyword.execute(CallTestCaseKeyword.groovy:44)
	at com.kms.katalon.core.keyword.internal.KeywordExecutor.executeKeywordForPlatform(KeywordExecutor.groovy:53)
	at com.kms.katalon.core.keyword.BuiltinKeywords.callTestCase(BuiltinKeywords.groovy:334)
	at OTC_Submit Form 7_End to End - Cheque.run(OTC_Submit Form 7_End to End - Cheque:26)
	at com.kms.katalon.core.main.ScriptEngine.run(ScriptEngine.java:194)
	at com.kms.katalon.core.main.ScriptEngine.runScriptAsRawText(ScriptEngine.java:119)
	at com.kms.katalon.core.main.TestCaseExecutor.runScript(TestCaseExecutor.java:328)
	at com.kms.katalon.core.main.TestCaseExecutor.doExecute(TestCaseExecutor.java:319)
	at com.kms.katalon.core.main.TestCaseExecutor.processExecutionPhase(TestCaseExecutor.java:298)
	at com.kms.katalon.core.main.TestCaseExecutor.accessMainPhase(TestCaseExecutor.java:290)
	at com.kms.katalon.core.main.TestCaseExecutor.execute(TestCaseExecutor.java:224)
	at com.kms.katalon.core.main.TestCaseMain.runTestCase(TestCaseMain.java:106)
	at com.kms.katalon.core.keyword.builtin.CallTestCaseKeyword$_callTestCase_closure1.doCall(CallTestCaseKeyword.groovy:59)
	at com.kms.katalon.core.keyword.builtin.CallTestCaseKeyword$_callTestCase_closure1.call(CallTestCaseKeyword.groovy)
	at com.kms.katalon.core.keyword.internal.KeywordMain.runKeyword(KeywordMain.groovy:54)
	at com.kms.katalon.core.keyword.builtin.CallTestCaseKeyword.callTestCase(CallTestCaseKeyword.groovy:80)
	at com.kms.katalon.core.keyword.builtin.CallTestCaseKeyword.execute(CallTestCaseKeyword.groovy:44)
	at com.kms.katalon.core.keyword.internal.KeywordExecutor.executeKeywordForPlatform(KeywordExecutor.groovy:53)
	at com.kms.katalon.core.keyword.BuiltinKeywords.callTestCase(BuiltinKeywords.groovy:334)
	at Approve Claim - Full - DA Cheque.run(Approve Claim - Full - DA Cheque:16)
	at com.kms.katalon.core.main.ScriptEngine.run(ScriptEngine.java:194)
	at com.kms.katalon.core.main.ScriptEngine.runScriptAsRawText(ScriptEngine.java:119)
	at com.kms.katalon.core.main.TestCaseExecutor.runScript(TestCaseExecutor.java:328)
	at com.kms.katalon.core.main.TestCaseExecutor.doExecute(TestCaseExecutor.java:319)
	at com.kms.katalon.core.main.TestCaseExecutor.processExecutionPhase(TestCaseExecutor.java:298)
	at com.kms.katalon.core.main.TestCaseExecutor.accessMainPhase(TestCaseExecutor.java:290)
	at com.kms.katalon.core.main.TestCaseExecutor.execute(TestCaseExecutor.java:224)
	at com.kms.katalon.core.main.TestSuiteExecutor.accessTestCaseMainPhase(TestSuiteExecutor.java:129)
	at com.kms.katalon.core.main.TestSuiteExecutor.accessTestSuiteMainPhase(TestSuiteExecutor.java:112)
	at com.kms.katalon.core.main.TestSuiteExecutor.execute(TestSuiteExecutor.java:81)
	at com.kms.katalon.core.main.TestCaseMain.startTestSuite(TestCaseMain.java:149)
	at com.kms.katalon.core.main.TestCaseMain$startTestSuite$0.call(Unknown Source)
	at TempTestSuite1550652525208.run(TempTestSuite1550652525208.groovy:36)


2019-02-20 19:24:00 - [TEST_STEP][FAILED] - callTestCase(findTestCase("All TC/Arranged/2. Segment/OTC_Submit Form 7_End to End - Cheque"), [:], STOP_ON_FAILURE): callTestCase(findTestCase("All TC/Arranged/2. Segment/OTC_Submit Form 7_End to End - Cheque"), [:], STOP_ON_FAILURE) FAILED.
Reason:
com.kms.katalon.core.exception.StepFailedException: Unable to click on object 'Object Repository/KeatMun/Form 7_default/OTC_Submit Form 7_Section F-G-H/Page_PERKESO/G2. span_Isteri' (Root cause: com.kms.katalon.core.webui.exception.WebElementNotFoundException: Web element with id: 'Object Repository/KeatMun/Form 7_default/OTC_Submit Form 7_Section F-G-H/Page_PERKESO/G2. span_Isteri' located by 'By.xpath: //span[@id = 'select2-dependentList0dependentRelationId-container' and @title = 'Isteri' and (text() = 'Isteri' or . = 'Isteri')]' not found)
	at com.kms.katalon.core.keyword.internal.KeywordMain.stepFailed(KeywordMain.groovy:36)
	at com.kms.katalon.core.webui.keyword.internal.WebUIKeywordMain.stepFailed(WebUIKeywordMain.groovy:65)
	at com.kms.katalon.core.webui.keyword.internal.WebUIKeywordMain.runKeyword(WebUIKeywordMain.groovy:27)
	at com.kms.katalon.core.webui.keyword.builtin.ClickKeyword.click(ClickKeyword.groovy:86)
	at com.kms.katalon.core.webui.keyword.builtin.ClickKeyword.execute(ClickKeyword.groovy:67)
	at com.kms.katalon.core.keyword.internal.KeywordExecutor.executeKeywordForPlatform(KeywordExecutor.groovy:53)
	at com.kms.katalon.core.webui.keyword.WebUiBuiltInKeywords.click(WebUiBuiltInKeywords.groovy:616)
	at com.kms.katalon.core.webui.keyword.WebUiBuiltInKeywords$click$3.call(Unknown Source)
	at OTC_Submit Form 7_Section F-G-H - Cheque.run(OTC_Submit Form 7_Section F-G-H - Cheque:41)
	at com.kms.katalon.core.main.ScriptEngine.run(ScriptEngine.java:194)
	at com.kms.katalon.core.main.ScriptEngine.runScriptAsRawText(ScriptEngine.java:119)
	at com.kms.katalon.core.main.TestCaseExecutor.runScript(TestCaseExecutor.java:328)
	at com.kms.katalon.core.main.TestCaseExecutor.doExecute(TestCaseExecutor.java:319)
	at com.kms.katalon.core.main.TestCaseExecutor.processExecutionPhase(TestCaseExecutor.java:298)
	at com.kms.katalon.core.main.TestCaseExecutor.accessMainPhase(TestCaseExecutor.java:290)
	at com.kms.katalon.core.main.TestCaseExecutor.execute(TestCaseExecutor.java:224)
	at com.kms.katalon.core.main.TestCaseMain.runTestCase(TestCaseMain.java:106)
	at com.kms.katalon.core.keyword.builtin.CallTestCaseKeyword$_callTestCase_closure1.doCall(CallTestCaseKeyword.groovy:59)
	at com.kms.katalon.core.keyword.builtin.CallTestCaseKeyword$_callTestCase_closure1.call(CallTestCaseKeyword.groovy)
	at com.kms.katalon.core.keyword.internal.KeywordMain.runKeyword(KeywordMain.groovy:54)
	at com.kms.katalon.core.keyword.builtin.CallTestCaseKeyword.callTestCase(CallTestCaseKeyword.groovy:80)
	at com.kms.katalon.core.keyword.builtin.CallTestCaseKeyword.execute(CallTestCaseKeyword.groovy:44)
	at com.kms.katalon.core.keyword.internal.KeywordExecutor.executeKeywordForPlatform(KeywordExecutor.groovy:53)
	at com.kms.katalon.core.keyword.BuiltinKeywords.callTestCase(BuiltinKeywords.groovy:334)
	at OTC_Submit Form 7_End to End - Cheque.run(OTC_Submit Form 7_End to End - Cheque:26)
	at com.kms.katalon.core.main.ScriptEngine.run(ScriptEngine.java:194)
	at com.kms.katalon.core.main.ScriptEngine.runScriptAsRawText(ScriptEngine.java:119)
	at com.kms.katalon.core.main.TestCaseExecutor.runScript(TestCaseExecutor.java:328)
	at com.kms.katalon.core.main.TestCaseExecutor.doExecute(TestCaseExecutor.java:319)
	at com.kms.katalon.core.main.TestCaseExecutor.processExecutionPhase(TestCaseExecutor.java:298)
	at com.kms.katalon.core.main.TestCaseExecutor.accessMainPhase(TestCaseExecutor.java:290)
	at com.kms.katalon.core.main.TestCaseExecutor.execute(TestCaseExecutor.java:224)
	at com.kms.katalon.core.main.TestCaseMain.runTestCase(TestCaseMain.java:106)
	at com.kms.katalon.core.keyword.builtin.CallTestCaseKeyword$_callTestCase_closure1.doCall(CallTestCaseKeyword.groovy:59)
	at com.kms.katalon.core.keyword.builtin.CallTestCaseKeyword$_callTestCase_closure1.call(CallTestCaseKeyword.groovy)
	at com.kms.katalon.core.keyword.internal.KeywordMain.runKeyword(KeywordMain.groovy:54)
	at com.kms.katalon.core.keyword.builtin.CallTestCaseKeyword.callTestCase(CallTestCaseKeyword.groovy:80)
	at com.kms.katalon.core.keyword.builtin.CallTestCaseKeyword.execute(CallTestCaseKeyword.groovy:44)
	at com.kms.katalon.core.keyword.internal.KeywordExecutor.executeKeywordForPlatform(KeywordExecutor.groovy:53)
	at com.kms.katalon.core.keyword.BuiltinKeywords.callTestCase(BuiltinKeywords.groovy:334)
	at Approve Claim - Full - DA Cheque.run(Approve Claim - Full - DA Cheque:16)
	at com.kms.katalon.core.main.ScriptEngine.run(ScriptEngine.java:194)
	at com.kms.katalon.core.main.ScriptEngine.runScriptAsRawText(ScriptEngine.java:119)
	at com.kms.katalon.core.main.TestCaseExecutor.runScript(TestCaseExecutor.java:328)
	at com.kms.katalon.core.main.TestCaseExecutor.doExecute(TestCaseExecutor.java:319)
	at com.kms.katalon.core.main.TestCaseExecutor.processExecutionPhase(TestCaseExecutor.java:298)
	at com.kms.katalon.core.main.TestCaseExecutor.accessMainPhase(TestCaseExecutor.java:290)
	at com.kms.katalon.core.main.TestCaseExecutor.execute(TestCaseExecutor.java:224)
	at com.kms.katalon.core.main.TestSuiteExecutor.accessTestCaseMainPhase(TestSuiteExecutor.java:129)
	at com.kms.katalon.core.main.TestSuiteExecutor.accessTestSuiteMainPhase(TestSuiteExecutor.java:112)
	at com.kms.katalon.core.main.TestSuiteExecutor.execute(TestSuiteExecutor.java:81)
	at com.kms.katalon.core.main.TestCaseMain.startTestSuite(TestCaseMain.java:149)
	at com.kms.katalon.core.main.TestCaseMain$startTestSuite$0.call(Unknown Source)
	at TempTestSuite1550652525208.run(TempTestSuite1550652525208.groovy:36)


2019-02-20 19:24:00 - [TEST_CASE][FAILED] - Test Cases/All TC/Arranged/2. Segment/OTC_Submit Form 7_End to End - Cheque: Test Cases/All TC/Arranged/2. Segment/OTC_Submit Form 7_End to End - Cheque FAILED.
Reason:
com.kms.katalon.core.exception.StepFailedException: Unable to click on object 'Object Repository/KeatMun/Form 7_default/OTC_Submit Form 7_Section F-G-H/Page_PERKESO/G2. span_Isteri' (Root cause: com.kms.katalon.core.webui.exception.WebElementNotFoundException: Web element with id: 'Object Repository/KeatMun/Form 7_default/OTC_Submit Form 7_Section F-G-H/Page_PERKESO/G2. span_Isteri' located by 'By.xpath: //span[@id = 'select2-dependentList0dependentRelationId-container' and @title = 'Isteri' and (text() = 'Isteri' or . = 'Isteri')]' not found)
	at com.kms.katalon.core.keyword.internal.KeywordMain.stepFailed(KeywordMain.groovy:36)
	at com.kms.katalon.core.webui.keyword.internal.WebUIKeywordMain.stepFailed(WebUIKeywordMain.groovy:65)
	at com.kms.katalon.core.webui.keyword.internal.WebUIKeywordMain.runKeyword(WebUIKeywordMain.groovy:27)
	at com.kms.katalon.core.webui.keyword.builtin.ClickKeyword.click(ClickKeyword.groovy:86)
	at com.kms.katalon.core.webui.keyword.builtin.ClickKeyword.execute(ClickKeyword.groovy:67)
	at com.kms.katalon.core.keyword.internal.KeywordExecutor.executeKeywordForPlatform(KeywordExecutor.groovy:53)
	at com.kms.katalon.core.webui.keyword.WebUiBuiltInKeywords.click(WebUiBuiltInKeywords.groovy:616)
	at com.kms.katalon.core.webui.keyword.WebUiBuiltInKeywords$click$3.call(Unknown Source)
	at OTC_Submit Form 7_Section F-G-H - Cheque.run(OTC_Submit Form 7_Section F-G-H - Cheque:41)
	at com.kms.katalon.core.main.ScriptEngine.run(ScriptEngine.java:194)
	at com.kms.katalon.core.main.ScriptEngine.runScriptAsRawText(ScriptEngine.java:119)
	at com.kms.katalon.core.main.TestCaseExecutor.runScript(TestCaseExecutor.java:328)
	at com.kms.katalon.core.main.TestCaseExecutor.doExecute(TestCaseExecutor.java:319)
	at com.kms.katalon.core.main.TestCaseExecutor.processExecutionPhase(TestCaseExecutor.java:298)
	at com.kms.katalon.core.main.TestCaseExecutor.accessMainPhase(TestCaseExecutor.java:290)
	at com.kms.katalon.core.main.TestCaseExecutor.execute(TestCaseExecutor.java:224)
	at com.kms.katalon.core.main.TestCaseMain.runTestCase(TestCaseMain.java:106)
	at com.kms.katalon.core.keyword.builtin.CallTestCaseKeyword$_callTestCase_closure1.doCall(CallTestCaseKeyword.groovy:59)
	at com.kms.katalon.core.keyword.builtin.CallTestCaseKeyword$_callTestCase_closure1.call(CallTestCaseKeyword.groovy)
	at com.kms.katalon.core.keyword.internal.KeywordMain.runKeyword(KeywordMain.groovy:54)
	at com.kms.katalon.core.keyword.builtin.CallTestCaseKeyword.callTestCase(CallTestCaseKeyword.groovy:80)
	at com.kms.katalon.core.keyword.builtin.CallTestCaseKeyword.execute(CallTestCaseKeyword.groovy:44)
	at com.kms.katalon.core.keyword.internal.KeywordExecutor.executeKeywordForPlatform(KeywordExecutor.groovy:53)
	at com.kms.katalon.core.keyword.BuiltinKeywords.callTestCase(BuiltinKeywords.groovy:334)
	at OTC_Submit Form 7_End to End - Cheque.run(OTC_Submit Form 7_End to End - Cheque:26)
	at com.kms.katalon.core.main.ScriptEngine.run(ScriptEngine.java:194)
	at com.kms.katalon.core.main.ScriptEngine.runScriptAsRawText(ScriptEngine.java:119)
	at com.kms.katalon.core.main.TestCaseExecutor.runScript(TestCaseExecutor.java:328)
	at com.kms.katalon.core.main.TestCaseExecutor.doExecute(TestCaseExecutor.java:319)
	at com.kms.katalon.core.main.TestCaseExecutor.processExecutionPhase(TestCaseExecutor.java:298)
	at com.kms.katalon.core.main.TestCaseExecutor.accessMainPhase(TestCaseExecutor.java:290)
	at com.kms.katalon.core.main.TestCaseExecutor.execute(TestCaseExecutor.java:224)
	at com.kms.katalon.core.main.TestCaseMain.runTestCase(TestCaseMain.java:106)
	at com.kms.katalon.core.keyword.builtin.CallTestCaseKeyword$_callTestCase_closure1.doCall(CallTestCaseKeyword.groovy:59)
	at com.kms.katalon.core.keyword.builtin.CallTestCaseKeyword$_callTestCase_closure1.call(CallTestCaseKeyword.groovy)
	at com.kms.katalon.core.keyword.internal.KeywordMain.runKeyword(KeywordMain.groovy:54)
	at com.kms.katalon.core.keyword.builtin.CallTestCaseKeyword.callTestCase(CallTestCaseKeyword.groovy:80)
	at com.kms.katalon.core.keyword.builtin.CallTestCaseKeyword.execute(CallTestCaseKeyword.groovy:44)
	at com.kms.katalon.core.keyword.internal.KeywordExecutor.executeKeywordForPlatform(KeywordExecutor.groovy:53)
	at com.kms.katalon.core.keyword.BuiltinKeywords.callTestCase(BuiltinKeywords.groovy:334)
	at Approve Claim - Full - DA Cheque.run(Approve Claim - Full - DA Cheque:16)
	at com.kms.katalon.core.main.ScriptEngine.run(ScriptEngine.java:194)
	at com.kms.katalon.core.main.ScriptEngine.runScriptAsRawText(ScriptEngine.java:119)
	at com.kms.katalon.core.main.TestCaseExecutor.runScript(TestCaseExecutor.java:328)
	at com.kms.katalon.core.main.TestCaseExecutor.doExecute(TestCaseExecutor.java:319)
	at com.kms.katalon.core.main.TestCaseExecutor.processExecutionPhase(TestCaseExecutor.java:298)
	at com.kms.katalon.core.main.TestCaseExecutor.accessMainPhase(TestCaseExecutor.java:290)
	at com.kms.katalon.core.main.TestCaseExecutor.execute(TestCaseExecutor.java:224)
	at com.kms.katalon.core.main.TestSuiteExecutor.accessTestCaseMainPhase(TestSuiteExecutor.java:129)
	at com.kms.katalon.core.main.TestSuiteExecutor.accessTestSuiteMainPhase(TestSuiteExecutor.java:112)
	at com.kms.katalon.core.main.TestSuiteExecutor.execute(TestSuiteExecutor.java:81)
	at com.kms.katalon.core.main.TestCaseMain.startTestSuite(TestCaseMain.java:149)
	at com.kms.katalon.core.main.TestCaseMain$startTestSuite$0.call(Unknown Source)
	at TempTestSuite1550652525208.run(TempTestSuite1550652525208.groovy:36)


2019-02-20 19:24:00 - [TEST_STEP][PASSED] - callTestCase(findTestCase("All TC/Arranged/3. Unit/EI/Form 7_default/OTC_Application_Reg"), [:], STOP_ON_FAILURE): Call Test Case 'Test Cases/All TC/Arranged/3. Unit/EI/Form 7_default/OTC_Application_Reg' successfully

2019-02-20 19:24:00 - [TEST_CASE][PASSED] - Test Cases/All TC/Arranged/3. Unit/EI/Form 7_default/OTC_Application_Reg: Test Cases/All TC/Arranged/3. Unit/EI/Form 7_default/OTC_Application_Reg

2019-02-20 19:24:00 - [TEST_STEP][PASSED] - openBrowser(""): Browser is opened with url: ''

2019-02-20 19:24:00 - [MESSAGE][WARNING] - A browser is already opened. Closing browser and opening a new one

2019-02-20 19:24:02 - [MESSAGE][INFO] - Starting 'Chrome' driver

2019-02-20 19:24:02 - [MESSAGE][INFO] - User set preference: ['args', '[--start-maximized]']

2019-02-20 19:24:06 - [MESSAGE][PASSED] - Browser is opened with url: ''

2019-02-20 19:24:06 - [TEST_STEP][PASSED] - navigateToUrl(Internal_Login): Navigate to 'http://10.20.24.188/eisportal/user/login' successfully

2019-02-20 19:24:07 - [MESSAGE][PASSED] - Navigate to 'http://10.20.24.188/eisportal/user/login' successfully

2019-02-20 19:24:07 - [TEST_STEP][PASSED] - delay(3): Delayed 3 second(s)

2019-02-20 19:24:10 - [MESSAGE][PASSED] - Delayed 3 second(s)

2019-02-20 19:24:10 - [TEST_STEP][PASSED] - setText(findTestObject("KeatMun/Form 7_default/OTC_Application_Reg/Page_PERKESO/1.username"), "faizal.hamid@perkeso.gov.my"): Text 'faizal.hamid@perkeso.gov.my' is set on object 'Object Repository/KeatMun/Form 7_default/OTC_Application_Reg/Page_PERKESO/1.username'

2019-02-20 19:24:15 - [MESSAGE][PASSED] - Text 'faizal.hamid@perkeso.gov.my' is set on object 'Object Repository/KeatMun/Form 7_default/OTC_Application_Reg/Page_PERKESO/1.username'

2019-02-20 19:24:15 - [TEST_STEP][PASSED] - delay(1): Delayed 1 second(s)

2019-02-20 19:24:16 - [MESSAGE][PASSED] - Delayed 1 second(s)

2019-02-20 19:24:16 - [TEST_STEP][PASSED] - setEncryptedText(findTestObject("KeatMun/Form 7_default/OTC_Application_Reg/Page_PERKESO/2.password"), "CQqwFZlbeC8="): Text ****** has been set on object 'Object Repository/KeatMun/Form 7_default/OTC_Application_Reg/Page_PERKESO/2.password'

2019-02-20 19:24:19 - [MESSAGE][PASSED] - Text ****** has been set on object 'Object Repository/KeatMun/Form 7_default/OTC_Application_Reg/Page_PERKESO/2.password'

2019-02-20 19:24:19 - [TEST_STEP][PASSED] - delay(2): Delayed 2 second(s)

2019-02-20 19:24:21 - [MESSAGE][PASSED] - Delayed 2 second(s)

2019-02-20 19:24:21 - [TEST_STEP][PASSED] - click(findTestObject("KeatMun/Form 7_default/OTC_Application_Reg/Page_PERKESO/3.login button")): Object: 'Object Repository/KeatMun/Form 7_default/OTC_Application_Reg/Page_PERKESO/3.login button' is clicked on

2019-02-20 19:24:24 - [MESSAGE][PASSED] - Object: 'Object Repository/KeatMun/Form 7_default/OTC_Application_Reg/Page_PERKESO/3.login button' is clicked on

2019-02-20 19:24:24 - [TEST_STEP][PASSED] - delay(2): Delayed 2 second(s)

2019-02-20 19:24:26 - [MESSAGE][PASSED] - Delayed 2 second(s)

2019-02-20 19:24:26 - [TEST_STEP][PASSED] - click(findTestObject("KeatMun/Form 7_default/OTC_Application_Reg/Page_PERKESO/4. Permohonan tab")): Object: 'Object Repository/KeatMun/Form 7_default/OTC_Application_Reg/Page_PERKESO/4. Permohonan tab' is clicked on

2019-02-20 19:24:29 - [MESSAGE][PASSED] - Object: 'Object Repository/KeatMun/Form 7_default/OTC_Application_Reg/Page_PERKESO/4. Permohonan tab' is clicked on

2019-02-20 19:24:29 - [TEST_STEP][PASSED] - delay(2): Delayed 2 second(s)

2019-02-20 19:24:31 - [MESSAGE][PASSED] - Delayed 2 second(s)

2019-02-20 19:24:31 - [TEST_STEP][PASSED] - click(findTestObject("KeatMun/Form 7_default/OTC_Application_Reg/Page_PERKESO/5.button_Setuju")): Object: 'Object Repository/KeatMun/Form 7_default/OTC_Application_Reg/Page_PERKESO/5.button_Setuju' is clicked on

2019-02-20 19:24:33 - [MESSAGE][PASSED] - Object: 'Object Repository/KeatMun/Form 7_default/OTC_Application_Reg/Page_PERKESO/5.button_Setuju' is clicked on

2019-02-20 19:24:33 - [TEST_STEP][PASSED] - delay(2): Delayed 2 second(s)

2019-02-20 19:24:35 - [MESSAGE][PASSED] - Delayed 2 second(s)

2019-02-20 19:24:35 - [TEST_STEP][PASSED] - callTestCase(findTestCase("All TC/Arranged/1. Common/IC List Checker"), [:], STOP_ON_FAILURE): Call Test Case 'Test Cases/All TC/Arranged/1. Common/IC List Checker' successfully

2019-02-20 19:24:35 - [TEST_CASE][PASSED] - Test Cases/All TC/Arranged/1. Common/IC List Checker: Test Cases/All TC/Arranged/1. Common/IC List Checker

2019-02-20 19:24:35 - [TEST_STEP][PASSED] - counter = 0: null

2019-02-20 19:24:35 - [TEST_STEP][PASSED] - fis = new java.io.FileInputStream((internal.GlobalVariable.TextFilePathCommon + \IC.xlsx)): null

2019-02-20 19:24:35 - [TEST_STEP][PASSED] - workbook = new org.apache.poi.xssf.usermodel.XSSFWorkbook(fis): null

2019-02-20 19:24:36 - [TEST_STEP][PASSED] - sheet = workbook.getSheet("Sheet1"): null

2019-02-20 19:24:36 - [TEST_STEP][PASSED] - totalRow = sheet.getLastRowNum(): null

2019-02-20 19:24:36 - [TEST_STEP][PASSED] - out.println(totalRow): null

2019-02-20 19:24:36 - [TEST_STEP][PASSED] - row = sheet.getRow(counter): null

2019-02-20 19:24:36 - [TEST_STEP][PASSED] - cell = row.getCell(counter): null

2019-02-20 19:24:36 - [TEST_STEP][PASSED] - a = cell.getStringCellValue(): null

2019-02-20 19:24:36 - [TEST_STEP][PASSED] - IC = a: null

2019-02-20 19:24:36 - [TEST_STEP][PASSED] - out.println(IC): null

2019-02-20 19:24:36 - [TEST_STEP][PASSED] - callTestCase(findTestCase("All TC/Arranged/1. Common/1.2 Setter/Setter IC"), [:], STOP_ON_FAILURE): Call Test Case 'Test Cases/All TC/Arranged/1. Common/1.2 Setter/Setter IC' successfully

2019-02-20 19:24:36 - [TEST_CASE][PASSED] - Test Cases/All TC/Arranged/1. Common/1.2 Setter/Setter IC: Test Cases/All TC/Arranged/1. Common/1.2 Setter/Setter IC

2019-02-20 19:24:36 - [TEST_STEP][PASSED] - RefNoOldFile = new java.io.File((internal.GlobalVariable.TextFilePathCommon + \getIC.txt)): null

2019-02-20 19:24:36 - [TEST_STEP][PASSED] - RefNoOldFile.delete(): null

2019-02-20 19:24:36 - [TEST_STEP][PASSED] - delay(5): Delayed 5 second(s)

2019-02-20 19:24:41 - [MESSAGE][PASSED] - Delayed 5 second(s)

2019-02-20 19:24:41 - [TEST_STEP][PASSED] - RefNo = new java.io.File((internal.GlobalVariable.TextFilePathCommon + \getIC.txt)): null

2019-02-20 19:24:41 - [TEST_STEP][PASSED] - f2 = new java.io.FileWriter(RefNo, false): null

2019-02-20 19:24:41 - [TEST_STEP][PASSED] - f2.write(IC): null

2019-02-20 19:24:41 - [TEST_STEP][PASSED] - f2.close(): null

2019-02-20 19:24:41 - [TEST_STEP][PASSED] - out.println("


" + IC + "


"): null

2019-02-20 19:24:41 - [MESSAGE][PASSED] - Call Test Case 'Test Cases/All TC/Arranged/1. Common/1.2 Setter/Setter IC' successfully

2019-02-20 19:24:41 - [MESSAGE][PASSED] - Call Test Case 'Test Cases/All TC/Arranged/1. Common/IC List Checker' successfully

2019-02-20 19:24:41 - [TEST_STEP][PASSED] - setText(findTestObject("KeatMun/Form 7_default/OTC_Application_Reg/Page_PERKESO/6.No. Kad Pengenalan"), IC): Text '861023436638' is set on object 'Object Repository/KeatMun/Form 7_default/OTC_Application_Reg/Page_PERKESO/6.No. Kad Pengenalan'

2019-02-20 19:24:45 - [MESSAGE][PASSED] - Text '861023436638' is set on object 'Object Repository/KeatMun/Form 7_default/OTC_Application_Reg/Page_PERKESO/6.No. Kad Pengenalan'

2019-02-20 19:24:45 - [TEST_STEP][PASSED] - delay(2): Delayed 2 second(s)

2019-02-20 19:24:47 - [MESSAGE][PASSED] - Delayed 2 second(s)

2019-02-20 19:24:47 - [TEST_STEP][PASSED] - click(findTestObject("KeatMun/Form 7_default/OTC_Application_Reg/Page_PERKESO/7.button_Semak")): Object: 'Object Repository/KeatMun/Form 7_default/OTC_Application_Reg/Page_PERKESO/7.button_Semak' is clicked on

2019-02-20 19:24:49 - [MESSAGE][PASSED] - Object: 'Object Repository/KeatMun/Form 7_default/OTC_Application_Reg/Page_PERKESO/7.button_Semak' is clicked on

2019-02-20 19:24:49 - [TEST_STEP][PASSED] - delay(4): Delayed 4 second(s)

2019-02-20 19:24:53 - [MESSAGE][PASSED] - Delayed 4 second(s)

2019-02-20 19:24:53 - [TEST_STEP][PASSED] - click(findTestObject("KeatMun/Form 7_default/OTC_Application_Reg/Page_PERKESO/8. Nama Majikan Dropdown")): Object: 'Object Repository/KeatMun/Form 7_default/OTC_Application_Reg/Page_PERKESO/8. Nama Majikan Dropdown' is clicked on

2019-02-20 19:24:55 - [MESSAGE][PASSED] - Object: 'Object Repository/KeatMun/Form 7_default/OTC_Application_Reg/Page_PERKESO/8. Nama Majikan Dropdown' is clicked on

2019-02-20 19:24:55 - [TEST_STEP][PASSED] - setText(findTestObject("KeatMun/Form 7_default/OTC_Application_Reg/Page_PERKESO/8. LOE emp"), "pet"): Text 'pet' is set on object 'Object Repository/KeatMun/Form 7_default/OTC_Application_Reg/Page_PERKESO/8. LOE emp'

2019-02-20 19:25:00 - [MESSAGE][PASSED] - Text 'pet' is set on object 'Object Repository/KeatMun/Form 7_default/OTC_Application_Reg/Page_PERKESO/8. LOE emp'

2019-02-20 19:25:00 - [TEST_STEP][PASSED] - click(findTestObject("KeatMun/Form 7_default/OTC_Application_Reg/Page_PERKESO/8. PETRONAS")): Object: 'Object Repository/KeatMun/Form 7_default/OTC_Application_Reg/Page_PERKESO/8. PETRONAS' is clicked on

2019-02-20 19:25:02 - [MESSAGE][PASSED] - Object: 'Object Repository/KeatMun/Form 7_default/OTC_Application_Reg/Page_PERKESO/8. PETRONAS' is clicked on

2019-02-20 19:25:02 - [TEST_STEP][PASSED] - delay(2): Delayed 2 second(s)

2019-02-20 19:25:04 - [MESSAGE][PASSED] - Delayed 2 second(s)

2019-02-20 19:25:04 - [TEST_STEP][PASSED] - setText(findTestObject("KeatMun/Form 7_default/OTC_Application_Reg/Page_PERKESO/9.Tarikh kehilangan pkj"), "10/01/2019"): Text '10/01/2019' is set on object 'Object Repository/KeatMun/Form 7_default/OTC_Application_Reg/Page_PERKESO/9.Tarikh kehilangan pkj'

2019-02-20 19:25:08 - [MESSAGE][PASSED] - Text '10/01/2019' is set on object 'Object Repository/KeatMun/Form 7_default/OTC_Application_Reg/Page_PERKESO/9.Tarikh kehilangan pkj'

2019-02-20 19:25:08 - [TEST_STEP][PASSED] - delay(2): Delayed 2 second(s)

2019-02-20 19:25:10 - [MESSAGE][PASSED] - Delayed 2 second(s)

2019-02-20 19:25:10 - [TEST_STEP][PASSED] - click(findTestObject("KeatMun/Form 7_default/OTC_Application_Reg/Page_PERKESO/9. Date Picker Done Button ")): Object: 'Object Repository/KeatMun/Form 7_default/OTC_Application_Reg/Page_PERKESO/9. Date Picker Done Button ' is clicked on

2019-02-20 19:25:12 - [MESSAGE][PASSED] - Object: 'Object Repository/KeatMun/Form 7_default/OTC_Application_Reg/Page_PERKESO/9. Date Picker Done Button ' is clicked on

2019-02-20 19:25:12 - [TEST_STEP][PASSED] - delay(2): Delayed 2 second(s)

2019-02-20 19:25:14 - [MESSAGE][PASSED] - Delayed 2 second(s)

2019-02-20 19:25:14 - [TEST_STEP][PASSED] - click(findTestObject("KeatMun/Form 7_default/OTC_Application_Reg/Page_PERKESO/10.button_Mohon")): Object: 'Object Repository/KeatMun/Form 7_default/OTC_Application_Reg/Page_PERKESO/10.button_Mohon' is clicked on

2019-02-20 19:25:16 - [MESSAGE][PASSED] - Object: 'Object Repository/KeatMun/Form 7_default/OTC_Application_Reg/Page_PERKESO/10.button_Mohon' is clicked on

2019-02-20 19:25:16 - [TEST_STEP][PASSED] - delay(2): Delayed 2 second(s)

2019-02-20 19:25:18 - [MESSAGE][PASSED] - Delayed 2 second(s)

2019-02-20 19:25:18 - [TEST_STEP][PASSED] - setText(findTestObject("KeatMun/Form 7_default/OTC_Application_Reg/Page_PERKESO/11.Tarikh Terima_stampedDtS"), "10/01/2019"): Text '10/01/2019' is set on object 'Object Repository/KeatMun/Form 7_default/OTC_Application_Reg/Page_PERKESO/11.Tarikh Terima_stampedDtS'

2019-02-20 19:25:23 - [MESSAGE][PASSED] - Text '10/01/2019' is set on object 'Object Repository/KeatMun/Form 7_default/OTC_Application_Reg/Page_PERKESO/11.Tarikh Terima_stampedDtS'

2019-02-20 19:25:23 - [TEST_STEP][PASSED] - delay(2): Delayed 2 second(s)

2019-02-20 19:25:25 - [MESSAGE][PASSED] - Delayed 2 second(s)

2019-02-20 19:25:25 - [TEST_STEP][PASSED] - click(findTestObject("KeatMun/Form 7_default/OTC_Application_Reg/Page_PERKESO/11. Date Picker Done Button")): Object: 'Object Repository/KeatMun/Form 7_default/OTC_Application_Reg/Page_PERKESO/11. Date Picker Done Button' is clicked on

2019-02-20 19:25:27 - [MESSAGE][PASSED] - Object: 'Object Repository/KeatMun/Form 7_default/OTC_Application_Reg/Page_PERKESO/11. Date Picker Done Button' is clicked on

2019-02-20 19:25:27 - [TEST_STEP][PASSED] - delay(2): Delayed 2 second(s)

2019-02-20 19:25:29 - [MESSAGE][PASSED] - Delayed 2 second(s)

2019-02-20 19:25:29 - [TEST_STEP][PASSED] - click(findTestObject("KeatMun/Form 7_default/OTC_Application_Reg/Page_PERKESO/11.button_TERUSKAN")): Object: 'Object Repository/KeatMun/Form 7_default/OTC_Application_Reg/Page_PERKESO/11.button_TERUSKAN' is clicked on

2019-02-20 19:25:31 - [MESSAGE][PASSED] - Object: 'Object Repository/KeatMun/Form 7_default/OTC_Application_Reg/Page_PERKESO/11.button_TERUSKAN' is clicked on

2019-02-20 19:25:31 - [TEST_STEP][PASSED] - delay(2): Delayed 2 second(s)

2019-02-20 19:25:33 - [MESSAGE][PASSED] - Delayed 2 second(s)

2019-02-20 19:25:33 - [TEST_STEP][PASSED] - selectOptionByValue(findTestObject("KeatMun/Form 7_default/OTC_Application_Reg/Page_PERKESO/12.--Sila Pilih--PejabatPKS"), "22", true): All options with value '22' are selected in object 'Object Repository/KeatMun/Form 7_default/OTC_Application_Reg/Page_PERKESO/12.--Sila Pilih--PejabatPKS'  using regular expression

2019-02-20 19:27:03 - [MESSAGE][PASSED] - All options with value '22' are selected in object 'Object Repository/KeatMun/Form 7_default/OTC_Application_Reg/Page_PERKESO/12.--Sila Pilih--PejabatPKS'  using regular expression

2019-02-20 19:27:03 - [TEST_STEP][PASSED] - delay(2): Delayed 2 second(s)

2019-02-20 19:27:05 - [MESSAGE][PASSED] - Delayed 2 second(s)

2019-02-20 19:27:05 - [TEST_STEP][PASSED] - click(findTestObject("KeatMun/Form 7_default/OTC_Application_Reg/Page_PERKESO/13. Halaman Seterusnya")): Object: 'Object Repository/KeatMun/Form 7_default/OTC_Application_Reg/Page_PERKESO/13. Halaman Seterusnya' is clicked on

2019-02-20 19:27:07 - [MESSAGE][PASSED] - Object: 'Object Repository/KeatMun/Form 7_default/OTC_Application_Reg/Page_PERKESO/13. Halaman Seterusnya' is clicked on

2019-02-20 19:27:07 - [MESSAGE][PASSED] - Call Test Case 'Test Cases/All TC/Arranged/3. Unit/EI/Form 7_default/OTC_Application_Reg' successfully

2019-02-20 19:27:07 - [TEST_STEP][PASSED] - callTestCase(findTestCase("All TC/Arranged/3. Unit/EI/Form 7_default/OTC_Submit Form 7_Section A"), [:], STOP_ON_FAILURE): Call Test Case 'Test Cases/All TC/Arranged/3. Unit/EI/Form 7_default/OTC_Submit Form 7_Section A' successfully

2019-02-20 19:27:07 - [TEST_CASE][PASSED] - Test Cases/All TC/Arranged/3. Unit/EI/Form 7_default/OTC_Submit Form 7_Section A: Test Cases/All TC/Arranged/3. Unit/EI/Form 7_default/OTC_Submit Form 7_Section A

2019-02-20 19:27:07 - [TEST_STEP][PASSED] - delay(2): Delayed 2 second(s)

2019-02-20 19:27:09 - [MESSAGE][PASSED] - Delayed 2 second(s)

2019-02-20 19:27:09 - [TEST_STEP][PASSED] - setText(findTestObject("KeatMun/Form 7_default/OTC_Submit Form 7_Section A/Page_PERKESO/A4. EmployeeDob"), "10/01/2019"): Text '10/01/2019' is set on object 'Object Repository/KeatMun/Form 7_default/OTC_Submit Form 7_Section A/Page_PERKESO/A4. EmployeeDob'

2019-02-20 19:27:13 - [MESSAGE][PASSED] - Text '10/01/2019' is set on object 'Object Repository/KeatMun/Form 7_default/OTC_Submit Form 7_Section A/Page_PERKESO/A4. EmployeeDob'

2019-02-20 19:27:13 - [TEST_STEP][PASSED] - delay(2): Delayed 2 second(s)

2019-02-20 19:27:16 - [MESSAGE][PASSED] - Delayed 2 second(s)

2019-02-20 19:27:16 - [TEST_STEP][PASSED] - click(findTestObject("KeatMun/Form 7_default/OTC_Submit Form 7_Section A/Page_PERKESO/A5. Bangsa")): Object: 'Object Repository/KeatMun/Form 7_default/OTC_Submit Form 7_Section A/Page_PERKESO/A5. Bangsa' is clicked on

2019-02-20 19:27:18 - [MESSAGE][PASSED] - Object: 'Object Repository/KeatMun/Form 7_default/OTC_Submit Form 7_Section A/Page_PERKESO/A5. Bangsa' is clicked on

2019-02-20 19:27:18 - [TEST_STEP][PASSED] - click(findTestObject("KeatMun/Form 7_default/OTC_Submit Form 7_Section A/Page_PERKESO/A5. Bumiputera Sabah")): Object: 'Object Repository/KeatMun/Form 7_default/OTC_Submit Form 7_Section A/Page_PERKESO/A5. Bumiputera Sabah' is clicked on

2019-02-20 19:27:20 - [MESSAGE][PASSED] - Object: 'Object Repository/KeatMun/Form 7_default/OTC_Submit Form 7_Section A/Page_PERKESO/A5. Bumiputera Sabah' is clicked on

2019-02-20 19:27:20 - [TEST_STEP][PASSED] - delay(2): Delayed 2 second(s)

2019-02-20 19:27:22 - [MESSAGE][PASSED] - Delayed 2 second(s)

2019-02-20 19:27:22 - [TEST_STEP][PASSED] - click(findTestObject("KeatMun/Form 7_default/OTC_Submit Form 7_Section A/Page_PERKESO/A6. Jantina")): Object: 'Object Repository/KeatMun/Form 7_default/OTC_Submit Form 7_Section A/Page_PERKESO/A6. Jantina' is clicked on

2019-02-20 19:27:24 - [MESSAGE][PASSED] - Object: 'Object Repository/KeatMun/Form 7_default/OTC_Submit Form 7_Section A/Page_PERKESO/A6. Jantina' is clicked on

2019-02-20 19:27:24 - [TEST_STEP][PASSED] - click(findTestObject("KeatMun/Form 7_default/OTC_Submit Form 7_Section A/Page_PERKESO/A6. Lelaki")): Object: 'Object Repository/KeatMun/Form 7_default/OTC_Submit Form 7_Section A/Page_PERKESO/A6. Lelaki' is clicked on

2019-02-20 19:27:26 - [MESSAGE][PASSED] - Object: 'Object Repository/KeatMun/Form 7_default/OTC_Submit Form 7_Section A/Page_PERKESO/A6. Lelaki' is clicked on

2019-02-20 19:27:26 - [TEST_STEP][PASSED] - delay(2): Delayed 2 second(s)

2019-02-20 19:27:28 - [MESSAGE][PASSED] - Delayed 2 second(s)

2019-02-20 19:27:28 - [TEST_STEP][PASSED] - click(findTestObject("KeatMun/Form 7_default/OTC_Submit Form 7_Section A/Page_PERKESO/A7. Kewarganegaraan")): Object: 'Object Repository/KeatMun/Form 7_default/OTC_Submit Form 7_Section A/Page_PERKESO/A7. Kewarganegaraan' is clicked on

2019-02-20 19:27:30 - [MESSAGE][PASSED] - Object: 'Object Repository/KeatMun/Form 7_default/OTC_Submit Form 7_Section A/Page_PERKESO/A7. Kewarganegaraan' is clicked on

2019-02-20 19:27:30 - [TEST_STEP][PASSED] - click(findTestObject("KeatMun/Form 7_default/OTC_Submit Form 7_Section A/Page_PERKESO/A7. Malaysia")): Object: 'Object Repository/KeatMun/Form 7_default/OTC_Submit Form 7_Section A/Page_PERKESO/A7. Malaysia' is clicked on

2019-02-20 19:27:32 - [MESSAGE][PASSED] - Object: 'Object Repository/KeatMun/Form 7_default/OTC_Submit Form 7_Section A/Page_PERKESO/A7. Malaysia' is clicked on

2019-02-20 19:27:32 - [TEST_STEP][PASSED] - delay(2): Delayed 2 second(s)

2019-02-20 19:27:34 - [MESSAGE][PASSED] - Delayed 2 second(s)

2019-02-20 19:27:34 - [TEST_STEP][PASSED] - click(findTestObject("KeatMun/Form 7_default/OTC_Submit Form 7_Section A/Page_PERKESO/A8. Status Perkahwinan")): Object: 'Object Repository/KeatMun/Form 7_default/OTC_Submit Form 7_Section A/Page_PERKESO/A8. Status Perkahwinan' is clicked on

2019-02-20 19:27:36 - [MESSAGE][PASSED] - Object: 'Object Repository/KeatMun/Form 7_default/OTC_Submit Form 7_Section A/Page_PERKESO/A8. Status Perkahwinan' is clicked on

2019-02-20 19:27:36 - [TEST_STEP][PASSED] - click(findTestObject("KeatMun/Form 7_default/OTC_Submit Form 7_Section A/Page_PERKESO/A8. Bujang")): Object: 'Object Repository/KeatMun/Form 7_default/OTC_Submit Form 7_Section A/Page_PERKESO/A8. Bujang' is clicked on

2019-02-20 19:27:39 - [MESSAGE][PASSED] - Object: 'Object Repository/KeatMun/Form 7_default/OTC_Submit Form 7_Section A/Page_PERKESO/A8. Bujang' is clicked on

2019-02-20 19:27:39 - [TEST_STEP][PASSED] - delay(2): Delayed 2 second(s)

2019-02-20 19:27:41 - [MESSAGE][PASSED] - Delayed 2 second(s)

2019-02-20 19:27:41 - [TEST_STEP][PASSED] - setText(findTestObject("KeatMun/Form 7_default/OTC_Submit Form 7_Section A/Page_PERKESO/A9. Address1"), "qwertyuiop"): Text 'qwertyuiop' is set on object 'Object Repository/KeatMun/Form 7_default/OTC_Submit Form 7_Section A/Page_PERKESO/A9. Address1'

2019-02-20 19:27:45 - [MESSAGE][PASSED] - Text 'qwertyuiop' is set on object 'Object Repository/KeatMun/Form 7_default/OTC_Submit Form 7_Section A/Page_PERKESO/A9. Address1'

2019-02-20 19:27:45 - [TEST_STEP][PASSED] - delay(2): Delayed 2 second(s)

2019-02-20 19:27:47 - [MESSAGE][PASSED] - Delayed 2 second(s)

2019-02-20 19:27:47 - [TEST_STEP][PASSED] - click(findTestObject("KeatMun/Form 7_default/OTC_Submit Form 7_Section A/Page_PERKESO/A10. Negeri")): Object: 'Object Repository/KeatMun/Form 7_default/OTC_Submit Form 7_Section A/Page_PERKESO/A10. Negeri' is clicked on

2019-02-20 19:27:49 - [MESSAGE][PASSED] - Object: 'Object Repository/KeatMun/Form 7_default/OTC_Submit Form 7_Section A/Page_PERKESO/A10. Negeri' is clicked on

2019-02-20 19:27:49 - [TEST_STEP][PASSED] - click(findTestObject("KeatMun/Form 7_default/OTC_Submit Form 7_Section A/Page_PERKESO/A10. JOHOR")): Object: 'Object Repository/KeatMun/Form 7_default/OTC_Submit Form 7_Section A/Page_PERKESO/A10. JOHOR' is clicked on

2019-02-20 19:27:51 - [MESSAGE][PASSED] - Object: 'Object Repository/KeatMun/Form 7_default/OTC_Submit Form 7_Section A/Page_PERKESO/A10. JOHOR' is clicked on

2019-02-20 19:27:51 - [TEST_STEP][PASSED] - delay(2): Delayed 2 second(s)

2019-02-20 19:27:53 - [MESSAGE][PASSED] - Delayed 2 second(s)

2019-02-20 19:27:53 - [TEST_STEP][PASSED] - click(findTestObject("KeatMun/Form 7_default/OTC_Submit Form 7_Section A/Page_PERKESO/A11. --Sila Pilih--")): Object: 'Object Repository/KeatMun/Form 7_default/OTC_Submit Form 7_Section A/Page_PERKESO/A11. --Sila Pilih--' is clicked on

2019-02-20 19:27:55 - [MESSAGE][PASSED] - Object: 'Object Repository/KeatMun/Form 7_default/OTC_Submit Form 7_Section A/Page_PERKESO/A11. --Sila Pilih--' is clicked on

2019-02-20 19:27:55 - [TEST_STEP][PASSED] - setText(findTestObject("KeatMun/Form 7_default/OTC_Submit Form 7_Section A/Page_PERKESO/A11. Done_select2-search__fie (1)"), "jo"): Text 'jo' is set on object 'Object Repository/KeatMun/Form 7_default/OTC_Submit Form 7_Section A/Page_PERKESO/A11. Done_select2-search__fie (1)'

2019-02-20 19:28:00 - [MESSAGE][PASSED] - Text 'jo' is set on object 'Object Repository/KeatMun/Form 7_default/OTC_Submit Form 7_Section A/Page_PERKESO/A11. Done_select2-search__fie (1)'

2019-02-20 19:28:00 - [TEST_STEP][PASSED] - setText(findTestObject("KeatMun/Form 7_default/OTC_Submit Form 7_Section A/Page_PERKESO/A11. concat(id(  select2-city"), "jo"): Text 'jo' is set on object 'Object Repository/KeatMun/Form 7_default/OTC_Submit Form 7_Section A/Page_PERKESO/A11. concat(id(  select2-city'

2019-02-20 19:28:04 - [MESSAGE][PASSED] - Text 'jo' is set on object 'Object Repository/KeatMun/Form 7_default/OTC_Submit Form 7_Section A/Page_PERKESO/A11. concat(id(  select2-city'

2019-02-20 19:28:04 - [TEST_STEP][PASSED] - click(findTestObject("KeatMun/Form 7_default/OTC_Submit Form 7_Section A/Page_PERKESO/A11. JOHOR BAHRU")): Object: 'Object Repository/KeatMun/Form 7_default/OTC_Submit Form 7_Section A/Page_PERKESO/A11. JOHOR BAHRU' is clicked on

2019-02-20 19:28:06 - [MESSAGE][PASSED] - Object: 'Object Repository/KeatMun/Form 7_default/OTC_Submit Form 7_Section A/Page_PERKESO/A11. JOHOR BAHRU' is clicked on

2019-02-20 19:28:06 - [TEST_STEP][PASSED] - delay(2): Delayed 2 second(s)

2019-02-20 19:28:08 - [MESSAGE][PASSED] - Delayed 2 second(s)

2019-02-20 19:28:08 - [TEST_STEP][PASSED] - click(findTestObject("KeatMun/Form 7_default/OTC_Submit Form 7_Section A/Page_PERKESO/A12. --Sila Isikan--")): Object: 'Object Repository/KeatMun/Form 7_default/OTC_Submit Form 7_Section A/Page_PERKESO/A12. --Sila Isikan--' is clicked on

2019-02-20 19:28:10 - [MESSAGE][PASSED] - Object: 'Object Repository/KeatMun/Form 7_default/OTC_Submit Form 7_Section A/Page_PERKESO/A12. --Sila Isikan--' is clicked on

2019-02-20 19:28:10 - [TEST_STEP][PASSED] - setText(findTestObject("KeatMun/Form 7_default/OTC_Submit Form 7_Section A/Page_PERKESO/A11. Done_select2-search__fie"), "84"): Text '84' is set on object 'Object Repository/KeatMun/Form 7_default/OTC_Submit Form 7_Section A/Page_PERKESO/A11. Done_select2-search__fie'

2019-02-20 19:28:14 - [MESSAGE][PASSED] - Text '84' is set on object 'Object Repository/KeatMun/Form 7_default/OTC_Submit Form 7_Section A/Page_PERKESO/A11. Done_select2-search__fie'

2019-02-20 19:28:14 - [TEST_STEP][PASSED] - click(findTestObject("KeatMun/Form 7_default/OTC_Submit Form 7_Section A/Page_PERKESO/A12. 84000")): Object: 'Object Repository/KeatMun/Form 7_default/OTC_Submit Form 7_Section A/Page_PERKESO/A12. 84000' is clicked on

2019-02-20 19:28:16 - [MESSAGE][PASSED] - Object: 'Object Repository/KeatMun/Form 7_default/OTC_Submit Form 7_Section A/Page_PERKESO/A12. 84000' is clicked on

2019-02-20 19:28:16 - [TEST_STEP][PASSED] - delay(2): Delayed 2 second(s)

2019-02-20 19:28:18 - [MESSAGE][PASSED] - Delayed 2 second(s)

2019-02-20 19:28:18 - [TEST_STEP][PASSED] - setText(findTestObject("KeatMun/Form 7_default/OTC_Submit Form 7_Section A/Page_PERKESO/A13. mobileContact1"), "1234567890"): Text '1234567890' is set on object 'Object Repository/KeatMun/Form 7_default/OTC_Submit Form 7_Section A/Page_PERKESO/A13. mobileContact1'

2019-02-20 19:28:23 - [MESSAGE][PASSED] - Text '1234567890' is set on object 'Object Repository/KeatMun/Form 7_default/OTC_Submit Form 7_Section A/Page_PERKESO/A13. mobileContact1'

2019-02-20 19:28:23 - [TEST_STEP][PASSED] - delay(2): Delayed 2 second(s)

2019-02-20 19:28:25 - [MESSAGE][PASSED] - Delayed 2 second(s)

2019-02-20 19:28:25 - [TEST_STEP][PASSED] - click(findTestObject("KeatMun/Form 7_default/OTC_Submit Form 7_Section A/Page_PERKESO/A14. Halaman Seterusnya")): Object: 'Object Repository/KeatMun/Form 7_default/OTC_Submit Form 7_Section A/Page_PERKESO/A14. Halaman Seterusnya' is clicked on

2019-02-20 19:28:27 - [MESSAGE][PASSED] - Object: 'Object Repository/KeatMun/Form 7_default/OTC_Submit Form 7_Section A/Page_PERKESO/A14. Halaman Seterusnya' is clicked on

2019-02-20 19:28:27 - [TEST_STEP][PASSED] - delay(2): Delayed 2 second(s)

2019-02-20 19:28:29 - [MESSAGE][PASSED] - Delayed 2 second(s)

2019-02-20 19:28:29 - [MESSAGE][PASSED] - Call Test Case 'Test Cases/All TC/Arranged/3. Unit/EI/Form 7_default/OTC_Submit Form 7_Section A' successfully

2019-02-20 19:28:29 - [TEST_STEP][PASSED] - callTestCase(findTestCase("All TC/Arranged/3. Unit/EI/Form 7_default/OTC_Submit Form 7_Section B"), [:], STOP_ON_FAILURE): Call Test Case 'Test Cases/All TC/Arranged/3. Unit/EI/Form 7_default/OTC_Submit Form 7_Section B' successfully

2019-02-20 19:28:29 - [TEST_CASE][PASSED] - Test Cases/All TC/Arranged/3. Unit/EI/Form 7_default/OTC_Submit Form 7_Section B: Test Cases/All TC/Arranged/3. Unit/EI/Form 7_default/OTC_Submit Form 7_Section B

2019-02-20 19:28:29 - [TEST_STEP][PASSED] - delay(3): Delayed 3 second(s)

2019-02-20 19:28:32 - [MESSAGE][PASSED] - Delayed 3 second(s)

2019-02-20 19:28:32 - [TEST_STEP][PASSED] - click(findTestObject("KeatMun/Form 7_default/OTC_Submit Form 7_Section B/Page_PERKESO/B1. Jawatan")): Object: 'Object Repository/KeatMun/Form 7_default/OTC_Submit Form 7_Section B/Page_PERKESO/B1. Jawatan' is clicked on

2019-02-20 19:28:34 - [MESSAGE][PASSED] - Object: 'Object Repository/KeatMun/Form 7_default/OTC_Submit Form 7_Section B/Page_PERKESO/B1. Jawatan' is clicked on

2019-02-20 19:28:34 - [TEST_STEP][PASSED] - setText(findTestObject("KeatMun/Form 7_default/OTC_Submit Form 7_Section B/Page_PERKESO/B1. concat(id(  select2-posi"), "re"): Text 're' is set on object 'Object Repository/KeatMun/Form 7_default/OTC_Submit Form 7_Section B/Page_PERKESO/B1. concat(id(  select2-posi'

2019-02-20 19:28:38 - [MESSAGE][PASSED] - Text 're' is set on object 'Object Repository/KeatMun/Form 7_default/OTC_Submit Form 7_Section B/Page_PERKESO/B1. concat(id(  select2-posi'

2019-02-20 19:28:38 - [TEST_STEP][PASSED] - setText(findTestObject("KeatMun/Form 7_default/OTC_Submit Form 7_Section B/Page_PERKESO/B1. Done_select2-search__fie"), "re"): Text 're' is set on object 'Object Repository/KeatMun/Form 7_default/OTC_Submit Form 7_Section B/Page_PERKESO/B1. Done_select2-search__fie'

2019-02-20 19:28:42 - [MESSAGE][PASSED] - Text 're' is set on object 'Object Repository/KeatMun/Form 7_default/OTC_Submit Form 7_Section B/Page_PERKESO/B1. Done_select2-search__fie'

2019-02-20 19:28:42 - [TEST_STEP][PASSED] - click(findTestObject("KeatMun/Form 7_default/OTC_Submit Form 7_Section B/Page_PERKESO/B1. Arkitek Reka Bentuk")): Object: 'Object Repository/KeatMun/Form 7_default/OTC_Submit Form 7_Section B/Page_PERKESO/B1. Arkitek Reka Bentuk' is clicked on

2019-02-20 19:28:45 - [MESSAGE][PASSED] - Object: 'Object Repository/KeatMun/Form 7_default/OTC_Submit Form 7_Section B/Page_PERKESO/B1. Arkitek Reka Bentuk' is clicked on

2019-02-20 19:28:45 - [TEST_STEP][PASSED] - delay(2): Delayed 2 second(s)

2019-02-20 19:28:47 - [MESSAGE][PASSED] - Delayed 2 second(s)

2019-02-20 19:28:47 - [TEST_STEP][PASSED] - setText(findTestObject("KeatMun/Form 7_default/OTC_Submit Form 7_Section B/Page_PERKESO/B2. lastEmploymentStartDtSt"), "10/01/2019"): Text '10/01/2019' is set on object 'Object Repository/KeatMun/Form 7_default/OTC_Submit Form 7_Section B/Page_PERKESO/B2. lastEmploymentStartDtSt'

2019-02-20 19:28:51 - [MESSAGE][PASSED] - Text '10/01/2019' is set on object 'Object Repository/KeatMun/Form 7_default/OTC_Submit Form 7_Section B/Page_PERKESO/B2. lastEmploymentStartDtSt'

2019-02-20 19:28:51 - [TEST_STEP][PASSED] - delay(2): Delayed 2 second(s)

2019-02-20 19:28:53 - [MESSAGE][PASSED] - Delayed 2 second(s)

2019-02-20 19:28:53 - [TEST_STEP][PASSED] - click(findTestObject("KeatMun/Form 7_default/OTC_Submit Form 7_Section B/Page_PERKESO/B4. Status Perkejaan")): Object: 'Object Repository/KeatMun/Form 7_default/OTC_Submit Form 7_Section B/Page_PERKESO/B4. Status Perkejaan' is clicked on

2019-02-20 19:28:55 - [MESSAGE][PASSED] - Object: 'Object Repository/KeatMun/Form 7_default/OTC_Submit Form 7_Section B/Page_PERKESO/B4. Status Perkejaan' is clicked on

2019-02-20 19:28:55 - [TEST_STEP][PASSED] - click(findTestObject("KeatMun/Form 7_default/OTC_Submit Form 7_Section B/Page_PERKESO/B4. Tetap")): Object: 'Object Repository/KeatMun/Form 7_default/OTC_Submit Form 7_Section B/Page_PERKESO/B4. Tetap' is clicked on

2019-02-20 19:28:57 - [MESSAGE][PASSED] - Object: 'Object Repository/KeatMun/Form 7_default/OTC_Submit Form 7_Section B/Page_PERKESO/B4. Tetap' is clicked on

2019-02-20 19:28:57 - [TEST_STEP][PASSED] - delay(2): Delayed 2 second(s)

2019-02-20 19:28:59 - [MESSAGE][PASSED] - Delayed 2 second(s)

2019-02-20 19:28:59 - [TEST_STEP][PASSED] - setText(findTestObject("KeatMun/Form 7_default/OTC_Submit Form 7_Section B/Page_PERKESO/B5. Gaji (RM)_salary1"), "4000"): Text '4000' is set on object 'Object Repository/KeatMun/Form 7_default/OTC_Submit Form 7_Section B/Page_PERKESO/B5. Gaji (RM)_salary1'

2019-02-20 19:29:03 - [MESSAGE][PASSED] - Text '4000' is set on object 'Object Repository/KeatMun/Form 7_default/OTC_Submit Form 7_Section B/Page_PERKESO/B5. Gaji (RM)_salary1'

2019-02-20 19:29:03 - [TEST_STEP][PASSED] - delay(2): Delayed 2 second(s)

2019-02-20 19:29:05 - [MESSAGE][PASSED] - Delayed 2 second(s)

2019-02-20 19:29:05 - [TEST_STEP][PASSED] - setText(findTestObject("KeatMun/Form 7_default/OTC_Submit Form 7_Section B/Page_PERKESO/B5. Gaji (RM)_salary2"), "4000"): Text '4000' is set on object 'Object Repository/KeatMun/Form 7_default/OTC_Submit Form 7_Section B/Page_PERKESO/B5. Gaji (RM)_salary2'

2019-02-20 19:29:10 - [MESSAGE][PASSED] - Text '4000' is set on object 'Object Repository/KeatMun/Form 7_default/OTC_Submit Form 7_Section B/Page_PERKESO/B5. Gaji (RM)_salary2'

2019-02-20 19:29:10 - [TEST_STEP][PASSED] - delay(2): Delayed 2 second(s)

2019-02-20 19:29:12 - [MESSAGE][PASSED] - Delayed 2 second(s)

2019-02-20 19:29:12 - [TEST_STEP][PASSED] - setText(findTestObject("KeatMun/Form 7_default/OTC_Submit Form 7_Section B/Page_PERKESO/B5. Gaji (RM)_salary3"), "4000"): Text '4000' is set on object 'Object Repository/KeatMun/Form 7_default/OTC_Submit Form 7_Section B/Page_PERKESO/B5. Gaji (RM)_salary3'

2019-02-20 19:29:16 - [MESSAGE][PASSED] - Text '4000' is set on object 'Object Repository/KeatMun/Form 7_default/OTC_Submit Form 7_Section B/Page_PERKESO/B5. Gaji (RM)_salary3'

2019-02-20 19:29:16 - [TEST_STEP][PASSED] - delay(2): Delayed 2 second(s)

2019-02-20 19:29:18 - [MESSAGE][PASSED] - Delayed 2 second(s)

2019-02-20 19:29:18 - [TEST_STEP][PASSED] - setText(findTestObject("KeatMun/Form 7_default/OTC_Submit Form 7_Section B/Page_PERKESO/B5. Gaji (RM)_salary4"), "4000"): Text '4000' is set on object 'Object Repository/KeatMun/Form 7_default/OTC_Submit Form 7_Section B/Page_PERKESO/B5. Gaji (RM)_salary4'

2019-02-20 19:29:22 - [MESSAGE][PASSED] - Text '4000' is set on object 'Object Repository/KeatMun/Form 7_default/OTC_Submit Form 7_Section B/Page_PERKESO/B5. Gaji (RM)_salary4'

2019-02-20 19:29:22 - [TEST_STEP][PASSED] - delay(2): Delayed 2 second(s)

2019-02-20 19:29:24 - [MESSAGE][PASSED] - Delayed 2 second(s)

2019-02-20 19:29:24 - [TEST_STEP][PASSED] - setText(findTestObject("KeatMun/Form 7_default/OTC_Submit Form 7_Section B/Page_PERKESO/B5. Gaji (RM)_salary5"), "4000"): Text '4000' is set on object 'Object Repository/KeatMun/Form 7_default/OTC_Submit Form 7_Section B/Page_PERKESO/B5. Gaji (RM)_salary5'

2019-02-20 19:29:28 - [MESSAGE][PASSED] - Text '4000' is set on object 'Object Repository/KeatMun/Form 7_default/OTC_Submit Form 7_Section B/Page_PERKESO/B5. Gaji (RM)_salary5'

2019-02-20 19:29:28 - [TEST_STEP][PASSED] - delay(2): Delayed 2 second(s)

2019-02-20 19:29:30 - [MESSAGE][PASSED] - Delayed 2 second(s)

2019-02-20 19:29:30 - [TEST_STEP][PASSED] - setText(findTestObject("KeatMun/Form 7_default/OTC_Submit Form 7_Section B/Page_PERKESO/B5. Gaji (RM)_salary6"), "4000"): Text '4000' is set on object 'Object Repository/KeatMun/Form 7_default/OTC_Submit Form 7_Section B/Page_PERKESO/B5. Gaji (RM)_salary6'

2019-02-20 19:29:35 - [MESSAGE][PASSED] - Text '4000' is set on object 'Object Repository/KeatMun/Form 7_default/OTC_Submit Form 7_Section B/Page_PERKESO/B5. Gaji (RM)_salary6'

2019-02-20 19:29:35 - [TEST_STEP][PASSED] - delay(2): Delayed 2 second(s)

2019-02-20 19:29:37 - [MESSAGE][PASSED] - Delayed 2 second(s)

2019-02-20 19:29:37 - [TEST_STEP][PASSED] - click(findTestObject("KeatMun/Form 7_default/OTC_Submit Form 7_Section B/Page_PERKESO/B6. Reason JobLost")): Object: 'Object Repository/KeatMun/Form 7_default/OTC_Submit Form 7_Section B/Page_PERKESO/B6. Reason JobLost' is clicked on

2019-02-20 19:29:39 - [MESSAGE][PASSED] - Object: 'Object Repository/KeatMun/Form 7_default/OTC_Submit Form 7_Section B/Page_PERKESO/B6. Reason JobLost' is clicked on

2019-02-20 19:29:39 - [TEST_STEP][PASSED] - click(findTestObject("KeatMun/Form 7_default/OTC_Submit Form 7_Section B/Page_PERKESO/B6. Bencana alam (cth banjir ke")): Object: 'Object Repository/KeatMun/Form 7_default/OTC_Submit Form 7_Section B/Page_PERKESO/B6. Bencana alam (cth banjir ke' is clicked on

2019-02-20 19:29:41 - [MESSAGE][PASSED] - Object: 'Object Repository/KeatMun/Form 7_default/OTC_Submit Form 7_Section B/Page_PERKESO/B6. Bencana alam (cth banjir ke' is clicked on

2019-02-20 19:29:41 - [TEST_STEP][PASSED] - delay(3): Delayed 3 second(s)

2019-02-20 19:29:44 - [MESSAGE][PASSED] - Delayed 3 second(s)

2019-02-20 19:29:44 - [TEST_STEP][PASSED] - setText(findTestObject("KeatMun/Form 7_default/OTC_Submit Form 7_Section B/Page_PERKESO/B7. AverageWorkingHour"), "8"): Text '8' is set on object 'Object Repository/KeatMun/Form 7_default/OTC_Submit Form 7_Section B/Page_PERKESO/B7. AverageWorkingHour'

2019-02-20 19:29:48 - [MESSAGE][PASSED] - Text '8' is set on object 'Object Repository/KeatMun/Form 7_default/OTC_Submit Form 7_Section B/Page_PERKESO/B7. AverageWorkingHour'

2019-02-20 19:29:48 - [TEST_STEP][PASSED] - delay(2): Delayed 2 second(s)

2019-02-20 19:29:50 - [MESSAGE][PASSED] - Delayed 2 second(s)

2019-02-20 19:29:50 - [TEST_STEP][PASSED] - click(findTestObject("KeatMun/Form 7_default/OTC_Submit Form 7_Section B/Page_PERKESO/B8. Tidak_compensationInd")): Object: 'Object Repository/KeatMun/Form 7_default/OTC_Submit Form 7_Section B/Page_PERKESO/B8. Tidak_compensationInd' is clicked on

2019-02-20 19:29:52 - [MESSAGE][PASSED] - Object: 'Object Repository/KeatMun/Form 7_default/OTC_Submit Form 7_Section B/Page_PERKESO/B8. Tidak_compensationInd' is clicked on

2019-02-20 19:29:52 - [TEST_STEP][PASSED] - delay(1): Delayed 1 second(s)

2019-02-20 19:29:53 - [MESSAGE][PASSED] - Delayed 1 second(s)

2019-02-20 19:29:53 - [TEST_STEP][PASSED] - click(findTestObject("KeatMun/Form 7_default/OTC_Submit Form 7_Section B/Page_PERKESO/B9. Tidak_fileCaseInd")): Object: 'Object Repository/KeatMun/Form 7_default/OTC_Submit Form 7_Section B/Page_PERKESO/B9. Tidak_fileCaseInd' is clicked on

2019-02-20 19:29:55 - [MESSAGE][PASSED] - Object: 'Object Repository/KeatMun/Form 7_default/OTC_Submit Form 7_Section B/Page_PERKESO/B9. Tidak_fileCaseInd' is clicked on

2019-02-20 19:29:55 - [TEST_STEP][PASSED] - delay(1): Delayed 1 second(s)

2019-02-20 19:29:56 - [MESSAGE][PASSED] - Delayed 1 second(s)

2019-02-20 19:29:56 - [TEST_STEP][PASSED] - click(findTestObject("KeatMun/Form 7_default/OTC_Submit Form 7_Section B/Page_PERKESO/B10. Tidak_unregisterCaseInd")): Object: 'Object Repository/KeatMun/Form 7_default/OTC_Submit Form 7_Section B/Page_PERKESO/B10. Tidak_unregisterCaseInd' is clicked on

2019-02-20 19:29:58 - [MESSAGE][PASSED] - Object: 'Object Repository/KeatMun/Form 7_default/OTC_Submit Form 7_Section B/Page_PERKESO/B10. Tidak_unregisterCaseInd' is clicked on

2019-02-20 19:29:58 - [TEST_STEP][PASSED] - delay(2): Delayed 2 second(s)

2019-02-20 19:30:00 - [MESSAGE][PASSED] - Delayed 2 second(s)

2019-02-20 19:30:00 - [TEST_STEP][PASSED] - click(findTestObject("KeatMun/Form 7_default/OTC_Submit Form 7_Section B/Page_PERKESO/B11. Halaman Seterusnya")): Object: 'Object Repository/KeatMun/Form 7_default/OTC_Submit Form 7_Section B/Page_PERKESO/B11. Halaman Seterusnya' is clicked on

2019-02-20 19:30:03 - [MESSAGE][PASSED] - Object: 'Object Repository/KeatMun/Form 7_default/OTC_Submit Form 7_Section B/Page_PERKESO/B11. Halaman Seterusnya' is clicked on

2019-02-20 19:30:03 - [TEST_STEP][PASSED] - delay(3): Delayed 3 second(s)

2019-02-20 19:30:06 - [MESSAGE][PASSED] - Delayed 3 second(s)

2019-02-20 19:30:06 - [MESSAGE][PASSED] - Call Test Case 'Test Cases/All TC/Arranged/3. Unit/EI/Form 7_default/OTC_Submit Form 7_Section B' successfully

2019-02-20 19:30:06 - [TEST_STEP][PASSED] - callTestCase(findTestCase("All TC/Arranged/3. Unit/EI/Form 7_default/OTC_Submit Form 7_Section C"), [:], STOP_ON_FAILURE): Call Test Case 'Test Cases/All TC/Arranged/3. Unit/EI/Form 7_default/OTC_Submit Form 7_Section C' successfully

2019-02-20 19:30:06 - [TEST_CASE][PASSED] - Test Cases/All TC/Arranged/3. Unit/EI/Form 7_default/OTC_Submit Form 7_Section C: Test Cases/All TC/Arranged/3. Unit/EI/Form 7_default/OTC_Submit Form 7_Section C

2019-02-20 19:30:06 - [TEST_STEP][PASSED] - delay(2): Delayed 2 second(s)

2019-02-20 19:30:08 - [MESSAGE][PASSED] - Delayed 2 second(s)

2019-02-20 19:30:08 - [TEST_STEP][PASSED] - setText(findTestObject("KeatMun/Form 7_default/OTC_Submit Form 7_Section C/Page_PERKESO/C4. EmployerInfo"), "qwertyuiop"): Text 'qwertyuiop' is set on object 'Object Repository/KeatMun/Form 7_default/OTC_Submit Form 7_Section C/Page_PERKESO/C4. EmployerInfo'

2019-02-20 19:30:12 - [MESSAGE][PASSED] - Text 'qwertyuiop' is set on object 'Object Repository/KeatMun/Form 7_default/OTC_Submit Form 7_Section C/Page_PERKESO/C4. EmployerInfo'

2019-02-20 19:30:12 - [TEST_STEP][PASSED] - delay(2): Delayed 2 second(s)

2019-02-20 19:30:14 - [MESSAGE][PASSED] - Delayed 2 second(s)

2019-02-20 19:30:14 - [TEST_STEP][PASSED] - click(findTestObject("KeatMun/Form 7_default/OTC_Submit Form 7_Section C/Page_PERKESO/C5. Negeri")): Object: 'Object Repository/KeatMun/Form 7_default/OTC_Submit Form 7_Section C/Page_PERKESO/C5. Negeri' is clicked on

2019-02-20 19:30:16 - [MESSAGE][PASSED] - Object: 'Object Repository/KeatMun/Form 7_default/OTC_Submit Form 7_Section C/Page_PERKESO/C5. Negeri' is clicked on

2019-02-20 19:30:16 - [TEST_STEP][PASSED] - delay(2): Delayed 2 second(s)

2019-02-20 19:30:18 - [MESSAGE][PASSED] - Delayed 2 second(s)

2019-02-20 19:30:18 - [TEST_STEP][PASSED] - click(findTestObject("KeatMun/Form 7_default/OTC_Submit Form 7_Section C/Page_PERKESO/C5. JOHOR")): Object: 'Object Repository/KeatMun/Form 7_default/OTC_Submit Form 7_Section C/Page_PERKESO/C5. JOHOR' is clicked on

2019-02-20 19:30:20 - [MESSAGE][PASSED] - Object: 'Object Repository/KeatMun/Form 7_default/OTC_Submit Form 7_Section C/Page_PERKESO/C5. JOHOR' is clicked on

2019-02-20 19:30:20 - [TEST_STEP][PASSED] - delay(3): Delayed 3 second(s)

2019-02-20 19:30:23 - [MESSAGE][PASSED] - Delayed 3 second(s)

2019-02-20 19:30:23 - [TEST_STEP][PASSED] - click(findTestObject("KeatMun/Form 7_default/OTC_Submit Form 7_Section C/Page_PERKESO/C6. City")): Object: 'Object Repository/KeatMun/Form 7_default/OTC_Submit Form 7_Section C/Page_PERKESO/C6. City' is clicked on

2019-02-20 19:30:25 - [MESSAGE][PASSED] - Object: 'Object Repository/KeatMun/Form 7_default/OTC_Submit Form 7_Section C/Page_PERKESO/C6. City' is clicked on

2019-02-20 19:30:25 - [TEST_STEP][PASSED] - delay(2): Delayed 2 second(s)

2019-02-20 19:30:27 - [MESSAGE][PASSED] - Delayed 2 second(s)

2019-02-20 19:30:27 - [TEST_STEP][PASSED] - setText(findTestObject("KeatMun/Form 7_default/OTC_Submit Form 7_Section C/Page_PERKESO/C6. Done_select2-search__fie"), "jo"): Text 'jo' is set on object 'Object Repository/KeatMun/Form 7_default/OTC_Submit Form 7_Section C/Page_PERKESO/C6. Done_select2-search__fie'

2019-02-20 19:30:32 - [MESSAGE][PASSED] - Text 'jo' is set on object 'Object Repository/KeatMun/Form 7_default/OTC_Submit Form 7_Section C/Page_PERKESO/C6. Done_select2-search__fie'

2019-02-20 19:30:32 - [TEST_STEP][PASSED] - setText(findTestObject("KeatMun/Form 7_default/OTC_Submit Form 7_Section C/Page_PERKESO/C6. Concat(id(  select2-city"), "jo"): Text 'jo' is set on object 'Object Repository/KeatMun/Form 7_default/OTC_Submit Form 7_Section C/Page_PERKESO/C6. Concat(id(  select2-city'

2019-02-20 19:30:36 - [MESSAGE][PASSED] - Text 'jo' is set on object 'Object Repository/KeatMun/Form 7_default/OTC_Submit Form 7_Section C/Page_PERKESO/C6. Concat(id(  select2-city'

2019-02-20 19:30:36 - [TEST_STEP][PASSED] - click(findTestObject("KeatMun/Form 7_default/OTC_Submit Form 7_Section C/Page_PERKESO/C6. JOHOR BAHRU")): Object: 'Object Repository/KeatMun/Form 7_default/OTC_Submit Form 7_Section C/Page_PERKESO/C6. JOHOR BAHRU' is clicked on

2019-02-20 19:30:38 - [MESSAGE][PASSED] - Object: 'Object Repository/KeatMun/Form 7_default/OTC_Submit Form 7_Section C/Page_PERKESO/C6. JOHOR BAHRU' is clicked on

2019-02-20 19:30:38 - [TEST_STEP][PASSED] - delay(3): Delayed 3 second(s)

2019-02-20 19:30:41 - [MESSAGE][PASSED] - Delayed 3 second(s)

2019-02-20 19:30:41 - [TEST_STEP][PASSED] - click(findTestObject("KeatMun/Form 7_default/OTC_Submit Form 7_Section C/Page_PERKESO/C7. --Sila Isikan--")): Object: 'Object Repository/KeatMun/Form 7_default/OTC_Submit Form 7_Section C/Page_PERKESO/C7. --Sila Isikan--' is clicked on

2019-02-20 19:30:43 - [MESSAGE][PASSED] - Object: 'Object Repository/KeatMun/Form 7_default/OTC_Submit Form 7_Section C/Page_PERKESO/C7. --Sila Isikan--' is clicked on

2019-02-20 19:30:43 - [TEST_STEP][PASSED] - delay(2): Delayed 2 second(s)

2019-02-20 19:30:45 - [MESSAGE][PASSED] - Delayed 2 second(s)

2019-02-20 19:30:45 - [TEST_STEP][PASSED] - setText(findTestObject("KeatMun/Form 7_default/OTC_Submit Form 7_Section C/Page_PERKESO/C7. Done_select2-search__fie"), "84"): Text '84' is set on object 'Object Repository/KeatMun/Form 7_default/OTC_Submit Form 7_Section C/Page_PERKESO/C7. Done_select2-search__fie'

2019-02-20 19:30:49 - [MESSAGE][PASSED] - Text '84' is set on object 'Object Repository/KeatMun/Form 7_default/OTC_Submit Form 7_Section C/Page_PERKESO/C7. Done_select2-search__fie'

2019-02-20 19:30:49 - [TEST_STEP][PASSED] - setText(findTestObject("KeatMun/Form 7_default/OTC_Submit Form 7_Section C/Page_PERKESO/C7. Concat(id(  select2-post"), "84"): Text '84' is set on object 'Object Repository/KeatMun/Form 7_default/OTC_Submit Form 7_Section C/Page_PERKESO/C7. Concat(id(  select2-post'

2019-02-20 19:30:53 - [MESSAGE][PASSED] - Text '84' is set on object 'Object Repository/KeatMun/Form 7_default/OTC_Submit Form 7_Section C/Page_PERKESO/C7. Concat(id(  select2-post'

2019-02-20 19:30:53 - [TEST_STEP][PASSED] - click(findTestObject("KeatMun/Form 7_default/OTC_Submit Form 7_Section C/Page_PERKESO/C7. 84000")): Object: 'Object Repository/KeatMun/Form 7_default/OTC_Submit Form 7_Section C/Page_PERKESO/C7. 84000' is clicked on

2019-02-20 19:30:55 - [MESSAGE][PASSED] - Object: 'Object Repository/KeatMun/Form 7_default/OTC_Submit Form 7_Section C/Page_PERKESO/C7. 84000' is clicked on

2019-02-20 19:30:55 - [TEST_STEP][PASSED] - delay(3): Delayed 3 second(s)

2019-02-20 19:30:58 - [MESSAGE][PASSED] - Delayed 3 second(s)

2019-02-20 19:30:58 - [TEST_STEP][PASSED] - click(findTestObject("KeatMun/Form 7_default/OTC_Submit Form 7_Section C/Page_PERKESO/C8. Tidak_employerInfo.emplo")): Object: 'Object Repository/KeatMun/Form 7_default/OTC_Submit Form 7_Section C/Page_PERKESO/C8. Tidak_employerInfo.emplo' is clicked on

2019-02-20 19:31:01 - [MESSAGE][PASSED] - Object: 'Object Repository/KeatMun/Form 7_default/OTC_Submit Form 7_Section C/Page_PERKESO/C8. Tidak_employerInfo.emplo' is clicked on

2019-02-20 19:31:01 - [TEST_STEP][PASSED] - delay(2): Delayed 2 second(s)

2019-02-20 19:31:03 - [MESSAGE][PASSED] - Delayed 2 second(s)

2019-02-20 19:31:03 - [TEST_STEP][PASSED] - setText(findTestObject("KeatMun/Form 7_default/OTC_Submit Form 7_Section C/Page_PERKESO/C9. EmployerName"), "qwertyuiop"): Text 'qwertyuiop' is set on object 'Object Repository/KeatMun/Form 7_default/OTC_Submit Form 7_Section C/Page_PERKESO/C9. EmployerName'

2019-02-20 19:31:07 - [MESSAGE][PASSED] - Text 'qwertyuiop' is set on object 'Object Repository/KeatMun/Form 7_default/OTC_Submit Form 7_Section C/Page_PERKESO/C9. EmployerName'

2019-02-20 19:31:07 - [TEST_STEP][PASSED] - delay(2): Delayed 2 second(s)

2019-02-20 19:31:09 - [MESSAGE][PASSED] - Delayed 2 second(s)

2019-02-20 19:31:09 - [TEST_STEP][PASSED] - setText(findTestObject("KeatMun/Form 7_default/OTC_Submit Form 7_Section C/Page_PERKESO/C10. EmployerIC"), "1234567890"): Text '1234567890' is set on object 'Object Repository/KeatMun/Form 7_default/OTC_Submit Form 7_Section C/Page_PERKESO/C10. EmployerIC'

2019-02-20 19:31:13 - [MESSAGE][PASSED] - Text '1234567890' is set on object 'Object Repository/KeatMun/Form 7_default/OTC_Submit Form 7_Section C/Page_PERKESO/C10. EmployerIC'

2019-02-20 19:31:13 - [TEST_STEP][PASSED] - delay(3): Delayed 3 second(s)

2019-02-20 19:31:16 - [MESSAGE][PASSED] - Delayed 3 second(s)

2019-02-20 19:31:16 - [TEST_STEP][PASSED] - click(findTestObject("KeatMun/Form 7_default/OTC_Submit Form 7_Section C/Page_PERKESO/C11. Halaman Seterusnya")): Object: 'Object Repository/KeatMun/Form 7_default/OTC_Submit Form 7_Section C/Page_PERKESO/C11. Halaman Seterusnya' is clicked on

2019-02-20 19:31:18 - [MESSAGE][PASSED] - Object: 'Object Repository/KeatMun/Form 7_default/OTC_Submit Form 7_Section C/Page_PERKESO/C11. Halaman Seterusnya' is clicked on

2019-02-20 19:31:18 - [TEST_STEP][PASSED] - delay(3): Delayed 3 second(s)

2019-02-20 19:31:21 - [MESSAGE][PASSED] - Delayed 3 second(s)

2019-02-20 19:31:21 - [MESSAGE][PASSED] - Call Test Case 'Test Cases/All TC/Arranged/3. Unit/EI/Form 7_default/OTC_Submit Form 7_Section C' successfully

2019-02-20 19:31:21 - [TEST_STEP][PASSED] - callTestCase(findTestCase("All TC/Arranged/3. Unit/EI/Form 7_default/OTC_Submit Form 7_Section D-E"), [:], STOP_ON_FAILURE): Call Test Case 'Test Cases/All TC/Arranged/3. Unit/EI/Form 7_default/OTC_Submit Form 7_Section D-E' successfully

2019-02-20 19:31:21 - [TEST_CASE][PASSED] - Test Cases/All TC/Arranged/3. Unit/EI/Form 7_default/OTC_Submit Form 7_Section D-E: Test Cases/All TC/Arranged/3. Unit/EI/Form 7_default/OTC_Submit Form 7_Section D-E

2019-02-20 19:31:21 - [TEST_STEP][PASSED] - delay(3): Delayed 3 second(s)

2019-02-20 19:31:24 - [MESSAGE][PASSED] - Delayed 3 second(s)

2019-02-20 19:31:24 - [TEST_STEP][PASSED] - click(findTestObject("KeatMun/Form 7_default/OTC_Submit Form 7_Section D-E/Page_PERKESO/D1. NO_otherActiveEmploye")): Object: 'Object Repository/KeatMun/Form 7_default/OTC_Submit Form 7_Section D-E/Page_PERKESO/D1. NO_otherActiveEmploye' is clicked on

2019-02-20 19:31:27 - [MESSAGE][PASSED] - Object: 'Object Repository/KeatMun/Form 7_default/OTC_Submit Form 7_Section D-E/Page_PERKESO/D1. NO_otherActiveEmploye' is clicked on

2019-02-20 19:31:27 - [TEST_STEP][PASSED] - delay(4): Delayed 4 second(s)

2019-02-20 19:31:31 - [MESSAGE][PASSED] - Delayed 4 second(s)

2019-02-20 19:31:31 - [TEST_STEP][PASSED] - click(findTestObject("KeatMun/Form 7_default/OTC_Submit Form 7_Section D-E/Page_PERKESO/D2. Halaman Seterusnya")): Object: 'Object Repository/KeatMun/Form 7_default/OTC_Submit Form 7_Section D-E/Page_PERKESO/D2. Halaman Seterusnya' is clicked on

2019-02-20 19:31:33 - [MESSAGE][PASSED] - Object: 'Object Repository/KeatMun/Form 7_default/OTC_Submit Form 7_Section D-E/Page_PERKESO/D2. Halaman Seterusnya' is clicked on

2019-02-20 19:31:33 - [TEST_STEP][PASSED] - delay(5): Delayed 5 second(s)

2019-02-20 19:31:38 - [MESSAGE][PASSED] - Delayed 5 second(s)

2019-02-20 19:31:38 - [TEST_STEP][PASSED] - setText(findTestObject("KeatMun/Form 7_default/OTC_Submit Form 7_Section D-E/Page_PERKESO/E1. Input__totalExpYear"), "1"): Text '1' is set on object 'Object Repository/KeatMun/Form 7_default/OTC_Submit Form 7_Section D-E/Page_PERKESO/E1. Input__totalExpYear'

2019-02-20 19:31:42 - [MESSAGE][PASSED] - Text '1' is set on object 'Object Repository/KeatMun/Form 7_default/OTC_Submit Form 7_Section D-E/Page_PERKESO/E1. Input__totalExpYear'

2019-02-20 19:31:42 - [TEST_STEP][PASSED] - delay(2): Delayed 2 second(s)

2019-02-20 19:31:44 - [MESSAGE][PASSED] - Delayed 2 second(s)

2019-02-20 19:31:44 - [TEST_STEP][PASSED] - setText(findTestObject("KeatMun/Form 7_default/OTC_Submit Form 7_Section D-E/Page_PERKESO/E1. Tahun_totalExpMonth"), "1"): Text '1' is set on object 'Object Repository/KeatMun/Form 7_default/OTC_Submit Form 7_Section D-E/Page_PERKESO/E1. Tahun_totalExpMonth'

2019-02-20 19:31:48 - [MESSAGE][PASSED] - Text '1' is set on object 'Object Repository/KeatMun/Form 7_default/OTC_Submit Form 7_Section D-E/Page_PERKESO/E1. Tahun_totalExpMonth'

2019-02-20 19:31:48 - [TEST_STEP][PASSED] - delay(2): Delayed 2 second(s)

2019-02-20 19:31:50 - [MESSAGE][PASSED] - Delayed 2 second(s)

2019-02-20 19:31:50 - [TEST_STEP][PASSED] - click(findTestObject("KeatMun/Form 7_default/OTC_Submit Form 7_Section D-E/Page_PERKESO/E2. Edu-Level")): Object: 'Object Repository/KeatMun/Form 7_default/OTC_Submit Form 7_Section D-E/Page_PERKESO/E2. Edu-Level' is clicked on

2019-02-20 19:31:52 - [MESSAGE][PASSED] - Object: 'Object Repository/KeatMun/Form 7_default/OTC_Submit Form 7_Section D-E/Page_PERKESO/E2. Edu-Level' is clicked on

2019-02-20 19:31:52 - [TEST_STEP][PASSED] - delay(2): Delayed 2 second(s)

2019-02-20 19:31:54 - [MESSAGE][PASSED] - Delayed 2 second(s)

2019-02-20 19:31:54 - [TEST_STEP][PASSED] - click(findTestObject("KeatMun/Form 7_default/OTC_Submit Form 7_Section D-E/Page_PERKESO/E2. PMRPT3")): Object: 'Object Repository/KeatMun/Form 7_default/OTC_Submit Form 7_Section D-E/Page_PERKESO/E2. PMRPT3' is clicked on

2019-02-20 19:31:56 - [MESSAGE][PASSED] - Object: 'Object Repository/KeatMun/Form 7_default/OTC_Submit Form 7_Section D-E/Page_PERKESO/E2. PMRPT3' is clicked on

2019-02-20 19:31:56 - [TEST_STEP][PASSED] - delay(3): Delayed 3 second(s)

2019-02-20 19:31:59 - [MESSAGE][PASSED] - Delayed 3 second(s)

2019-02-20 19:31:59 - [TEST_STEP][PASSED] - click(findTestObject("KeatMun/Form 7_default/OTC_Submit Form 7_Section D-E/Page_PERKESO/E3. Job-Choice")): Object: 'Object Repository/KeatMun/Form 7_default/OTC_Submit Form 7_Section D-E/Page_PERKESO/E3. Job-Choice' is clicked on

2019-02-20 19:32:01 - [MESSAGE][PASSED] - Object: 'Object Repository/KeatMun/Form 7_default/OTC_Submit Form 7_Section D-E/Page_PERKESO/E3. Job-Choice' is clicked on

2019-02-20 19:32:01 - [TEST_STEP][PASSED] - delay(2): Delayed 2 second(s)

2019-02-20 19:32:03 - [MESSAGE][PASSED] - Delayed 2 second(s)

2019-02-20 19:32:03 - [TEST_STEP][PASSED] - setText(findTestObject("KeatMun/Form 7_default/OTC_Submit Form 7_Section D-E/Page_PERKESO/E3. Done_select2-search__fie"), "re"): Text 're' is set on object 'Object Repository/KeatMun/Form 7_default/OTC_Submit Form 7_Section D-E/Page_PERKESO/E3. Done_select2-search__fie'

2019-02-20 19:32:08 - [MESSAGE][PASSED] - Text 're' is set on object 'Object Repository/KeatMun/Form 7_default/OTC_Submit Form 7_Section D-E/Page_PERKESO/E3. Done_select2-search__fie'

2019-02-20 19:32:08 - [TEST_STEP][PASSED] - click(findTestObject("KeatMun/Form 7_default/OTC_Submit Form 7_Section D-E/Page_PERKESO/E3. Arkitek Reka Bentuk")): Object: 'Object Repository/KeatMun/Form 7_default/OTC_Submit Form 7_Section D-E/Page_PERKESO/E3. Arkitek Reka Bentuk' is clicked on

2019-02-20 19:32:10 - [MESSAGE][PASSED] - Object: 'Object Repository/KeatMun/Form 7_default/OTC_Submit Form 7_Section D-E/Page_PERKESO/E3. Arkitek Reka Bentuk' is clicked on

2019-02-20 19:32:10 - [TEST_STEP][PASSED] - delay(2): Delayed 2 second(s)

2019-02-20 19:32:12 - [MESSAGE][PASSED] - Delayed 2 second(s)

2019-02-20 19:32:12 - [TEST_STEP][PASSED] - click(findTestObject("KeatMun/Form 7_default/OTC_Submit Form 7_Section D-E/Page_PERKESO/E4. Job_Location")): Object: 'Object Repository/KeatMun/Form 7_default/OTC_Submit Form 7_Section D-E/Page_PERKESO/E4. Job_Location' is clicked on

2019-02-20 19:32:14 - [MESSAGE][PASSED] - Object: 'Object Repository/KeatMun/Form 7_default/OTC_Submit Form 7_Section D-E/Page_PERKESO/E4. Job_Location' is clicked on

2019-02-20 19:32:14 - [TEST_STEP][PASSED] - delay(2): Delayed 2 second(s)

2019-02-20 19:32:16 - [MESSAGE][PASSED] - Delayed 2 second(s)

2019-02-20 19:32:16 - [TEST_STEP][PASSED] - click(findTestObject("KeatMun/Form 7_default/OTC_Submit Form 7_Section D-E/Page_PERKESO/E4. JOHOR")): Object: 'Object Repository/KeatMun/Form 7_default/OTC_Submit Form 7_Section D-E/Page_PERKESO/E4. JOHOR' is clicked on

2019-02-20 19:32:18 - [MESSAGE][PASSED] - Object: 'Object Repository/KeatMun/Form 7_default/OTC_Submit Form 7_Section D-E/Page_PERKESO/E4. JOHOR' is clicked on

2019-02-20 19:32:18 - [TEST_STEP][PASSED] - delay(2): Delayed 2 second(s)

2019-02-20 19:32:20 - [MESSAGE][PASSED] - Delayed 2 second(s)

2019-02-20 19:32:20 - [TEST_STEP][PASSED] - click(findTestObject("KeatMun/Form 7_default/OTC_Submit Form 7_Section D-E/Page_PERKESO/E7. NO_disability")): Object: 'Object Repository/KeatMun/Form 7_default/OTC_Submit Form 7_Section D-E/Page_PERKESO/E7. NO_disability' is clicked on

2019-02-20 19:32:22 - [MESSAGE][PASSED] - Object: 'Object Repository/KeatMun/Form 7_default/OTC_Submit Form 7_Section D-E/Page_PERKESO/E7. NO_disability' is clicked on

2019-02-20 19:32:22 - [TEST_STEP][PASSED] - delay(2): Delayed 2 second(s)

2019-02-20 19:32:24 - [MESSAGE][PASSED] - Delayed 2 second(s)

2019-02-20 19:32:24 - [TEST_STEP][PASSED] - click(findTestObject("KeatMun/Form 7_default/OTC_Submit Form 7_Section D-E/Page_PERKESO/E8. NO_disabilityApplyInd")): Object: 'Object Repository/KeatMun/Form 7_default/OTC_Submit Form 7_Section D-E/Page_PERKESO/E8. NO_disabilityApplyInd' is clicked on

2019-02-20 19:32:26 - [MESSAGE][PASSED] - Object: 'Object Repository/KeatMun/Form 7_default/OTC_Submit Form 7_Section D-E/Page_PERKESO/E8. NO_disabilityApplyInd' is clicked on

2019-02-20 19:32:26 - [TEST_STEP][PASSED] - delay(2): Delayed 2 second(s)

2019-02-20 19:32:28 - [MESSAGE][PASSED] - Delayed 2 second(s)

2019-02-20 19:32:28 - [TEST_STEP][PASSED] - click(findTestObject("KeatMun/Form 7_default/OTC_Submit Form 7_Section D-E/Page_PERKESO/E9. YES_ReEmployment")): Object: 'Object Repository/KeatMun/Form 7_default/OTC_Submit Form 7_Section D-E/Page_PERKESO/E9. YES_ReEmployment' is clicked on

2019-02-20 19:32:30 - [MESSAGE][PASSED] - Object: 'Object Repository/KeatMun/Form 7_default/OTC_Submit Form 7_Section D-E/Page_PERKESO/E9. YES_ReEmployment' is clicked on

2019-02-20 19:32:30 - [TEST_STEP][PASSED] - delay(2): Delayed 2 second(s)

2019-02-20 19:32:32 - [MESSAGE][PASSED] - Delayed 2 second(s)

2019-02-20 19:32:32 - [TEST_STEP][PASSED] - click(findTestObject("KeatMun/Form 7_default/OTC_Submit Form 7_Section D-E/Page_PERKESO/E10. Halaman Seterusnya")): Object: 'Object Repository/KeatMun/Form 7_default/OTC_Submit Form 7_Section D-E/Page_PERKESO/E10. Halaman Seterusnya' is clicked on

2019-02-20 19:32:35 - [MESSAGE][PASSED] - Object: 'Object Repository/KeatMun/Form 7_default/OTC_Submit Form 7_Section D-E/Page_PERKESO/E10. Halaman Seterusnya' is clicked on

2019-02-20 19:32:35 - [TEST_STEP][PASSED] - delay(3): Delayed 3 second(s)

2019-02-20 19:32:38 - [MESSAGE][PASSED] - Delayed 3 second(s)

2019-02-20 19:32:38 - [MESSAGE][PASSED] - Call Test Case 'Test Cases/All TC/Arranged/3. Unit/EI/Form 7_default/OTC_Submit Form 7_Section D-E' successfully

2019-02-20 19:32:38 - [TEST_STEP][FAILED] - callTestCase(findTestCase("All TC/Arranged/3. Unit/EI/Form 7_default/OTC_Submit Form 7_Section F-G-H - Cheque"), [:], STOP_ON_FAILURE): callTestCase(findTestCase("All TC/Arranged/3. Unit/EI/Form 7_default/OTC_Submit Form 7_Section F-G-H - Cheque"), [:], STOP_ON_FAILURE) FAILED.
Reason:
com.kms.katalon.core.exception.StepFailedException: Unable to click on object 'Object Repository/KeatMun/Form 7_default/OTC_Submit Form 7_Section F-G-H/Page_PERKESO/G2. span_Isteri' (Root cause: com.kms.katalon.core.webui.exception.WebElementNotFoundException: Web element with id: 'Object Repository/KeatMun/Form 7_default/OTC_Submit Form 7_Section F-G-H/Page_PERKESO/G2. span_Isteri' located by 'By.xpath: //span[@id = 'select2-dependentList0dependentRelationId-container' and @title = 'Isteri' and (text() = 'Isteri' or . = 'Isteri')]' not found)
	at com.kms.katalon.core.keyword.internal.KeywordMain.stepFailed(KeywordMain.groovy:36)
	at com.kms.katalon.core.webui.keyword.internal.WebUIKeywordMain.stepFailed(WebUIKeywordMain.groovy:65)
	at com.kms.katalon.core.webui.keyword.internal.WebUIKeywordMain.runKeyword(WebUIKeywordMain.groovy:27)
	at com.kms.katalon.core.webui.keyword.builtin.ClickKeyword.click(ClickKeyword.groovy:86)
	at com.kms.katalon.core.webui.keyword.builtin.ClickKeyword.execute(ClickKeyword.groovy:67)
	at com.kms.katalon.core.keyword.internal.KeywordExecutor.executeKeywordForPlatform(KeywordExecutor.groovy:53)
	at com.kms.katalon.core.webui.keyword.WebUiBuiltInKeywords.click(WebUiBuiltInKeywords.groovy:616)
	at com.kms.katalon.core.webui.keyword.WebUiBuiltInKeywords$click$3.call(Unknown Source)
	at OTC_Submit Form 7_Section F-G-H - Cheque.run(OTC_Submit Form 7_Section F-G-H - Cheque:41)
	at com.kms.katalon.core.main.ScriptEngine.run(ScriptEngine.java:194)
	at com.kms.katalon.core.main.ScriptEngine.runScriptAsRawText(ScriptEngine.java:119)
	at com.kms.katalon.core.main.TestCaseExecutor.runScript(TestCaseExecutor.java:328)
	at com.kms.katalon.core.main.TestCaseExecutor.doExecute(TestCaseExecutor.java:319)
	at com.kms.katalon.core.main.TestCaseExecutor.processExecutionPhase(TestCaseExecutor.java:298)
	at com.kms.katalon.core.main.TestCaseExecutor.accessMainPhase(TestCaseExecutor.java:290)
	at com.kms.katalon.core.main.TestCaseExecutor.execute(TestCaseExecutor.java:224)
	at com.kms.katalon.core.main.TestCaseMain.runTestCase(TestCaseMain.java:106)
	at com.kms.katalon.core.keyword.builtin.CallTestCaseKeyword$_callTestCase_closure1.doCall(CallTestCaseKeyword.groovy:59)
	at com.kms.katalon.core.keyword.builtin.CallTestCaseKeyword$_callTestCase_closure1.call(CallTestCaseKeyword.groovy)
	at com.kms.katalon.core.keyword.internal.KeywordMain.runKeyword(KeywordMain.groovy:54)
	at com.kms.katalon.core.keyword.builtin.CallTestCaseKeyword.callTestCase(CallTestCaseKeyword.groovy:80)
	at com.kms.katalon.core.keyword.builtin.CallTestCaseKeyword.execute(CallTestCaseKeyword.groovy:44)
	at com.kms.katalon.core.keyword.internal.KeywordExecutor.executeKeywordForPlatform(KeywordExecutor.groovy:53)
	at com.kms.katalon.core.keyword.BuiltinKeywords.callTestCase(BuiltinKeywords.groovy:334)
	at OTC_Submit Form 7_End to End - Cheque.run(OTC_Submit Form 7_End to End - Cheque:26)
	at com.kms.katalon.core.main.ScriptEngine.run(ScriptEngine.java:194)
	at com.kms.katalon.core.main.ScriptEngine.runScriptAsRawText(ScriptEngine.java:119)
	at com.kms.katalon.core.main.TestCaseExecutor.runScript(TestCaseExecutor.java:328)
	at com.kms.katalon.core.main.TestCaseExecutor.doExecute(TestCaseExecutor.java:319)
	at com.kms.katalon.core.main.TestCaseExecutor.processExecutionPhase(TestCaseExecutor.java:298)
	at com.kms.katalon.core.main.TestCaseExecutor.accessMainPhase(TestCaseExecutor.java:290)
	at com.kms.katalon.core.main.TestCaseExecutor.execute(TestCaseExecutor.java:224)
	at com.kms.katalon.core.main.TestCaseMain.runTestCase(TestCaseMain.java:106)
	at com.kms.katalon.core.keyword.builtin.CallTestCaseKeyword$_callTestCase_closure1.doCall(CallTestCaseKeyword.groovy:59)
	at com.kms.katalon.core.keyword.builtin.CallTestCaseKeyword$_callTestCase_closure1.call(CallTestCaseKeyword.groovy)
	at com.kms.katalon.core.keyword.internal.KeywordMain.runKeyword(KeywordMain.groovy:54)
	at com.kms.katalon.core.keyword.builtin.CallTestCaseKeyword.callTestCase(CallTestCaseKeyword.groovy:80)
	at com.kms.katalon.core.keyword.builtin.CallTestCaseKeyword.execute(CallTestCaseKeyword.groovy:44)
	at com.kms.katalon.core.keyword.internal.KeywordExecutor.executeKeywordForPlatform(KeywordExecutor.groovy:53)
	at com.kms.katalon.core.keyword.BuiltinKeywords.callTestCase(BuiltinKeywords.groovy:334)
	at Approve Claim - Full - DA Cheque.run(Approve Claim - Full - DA Cheque:16)
	at com.kms.katalon.core.main.ScriptEngine.run(ScriptEngine.java:194)
	at com.kms.katalon.core.main.ScriptEngine.runScriptAsRawText(ScriptEngine.java:119)
	at com.kms.katalon.core.main.TestCaseExecutor.runScript(TestCaseExecutor.java:328)
	at com.kms.katalon.core.main.TestCaseExecutor.doExecute(TestCaseExecutor.java:319)
	at com.kms.katalon.core.main.TestCaseExecutor.processExecutionPhase(TestCaseExecutor.java:298)
	at com.kms.katalon.core.main.TestCaseExecutor.accessMainPhase(TestCaseExecutor.java:290)
	at com.kms.katalon.core.main.TestCaseExecutor.execute(TestCaseExecutor.java:224)
	at com.kms.katalon.core.main.TestSuiteExecutor.accessTestCaseMainPhase(TestSuiteExecutor.java:129)
	at com.kms.katalon.core.main.TestSuiteExecutor.accessTestSuiteMainPhase(TestSuiteExecutor.java:112)
	at com.kms.katalon.core.main.TestSuiteExecutor.execute(TestSuiteExecutor.java:81)
	at com.kms.katalon.core.main.TestCaseMain.startTestSuite(TestCaseMain.java:149)
	at com.kms.katalon.core.main.TestCaseMain$startTestSuite$0.call(Unknown Source)
	at TempTestSuite1550652525208.run(TempTestSuite1550652525208.groovy:36)


2019-02-20 19:32:38 - [TEST_CASE][FAILED] - Test Cases/All TC/Arranged/3. Unit/EI/Form 7_default/OTC_Submit Form 7_Section F-G-H - Cheque: Test Cases/All TC/Arranged/3. Unit/EI/Form 7_default/OTC_Submit Form 7_Section F-G-H - Cheque FAILED.
Reason:
com.kms.katalon.core.exception.StepFailedException: Unable to click on object 'Object Repository/KeatMun/Form 7_default/OTC_Submit Form 7_Section F-G-H/Page_PERKESO/G2. span_Isteri' (Root cause: com.kms.katalon.core.webui.exception.WebElementNotFoundException: Web element with id: 'Object Repository/KeatMun/Form 7_default/OTC_Submit Form 7_Section F-G-H/Page_PERKESO/G2. span_Isteri' located by 'By.xpath: //span[@id = 'select2-dependentList0dependentRelationId-container' and @title = 'Isteri' and (text() = 'Isteri' or . = 'Isteri')]' not found)
	at com.kms.katalon.core.keyword.internal.KeywordMain.stepFailed(KeywordMain.groovy:36)
	at com.kms.katalon.core.webui.keyword.internal.WebUIKeywordMain.stepFailed(WebUIKeywordMain.groovy:65)
	at com.kms.katalon.core.webui.keyword.internal.WebUIKeywordMain.runKeyword(WebUIKeywordMain.groovy:27)
	at com.kms.katalon.core.webui.keyword.builtin.ClickKeyword.click(ClickKeyword.groovy:86)
	at com.kms.katalon.core.webui.keyword.builtin.ClickKeyword.execute(ClickKeyword.groovy:67)
	at com.kms.katalon.core.keyword.internal.KeywordExecutor.executeKeywordForPlatform(KeywordExecutor.groovy:53)
	at com.kms.katalon.core.webui.keyword.WebUiBuiltInKeywords.click(WebUiBuiltInKeywords.groovy:616)
	at com.kms.katalon.core.webui.keyword.WebUiBuiltInKeywords$click$3.call(Unknown Source)
	at OTC_Submit Form 7_Section F-G-H - Cheque.run(OTC_Submit Form 7_Section F-G-H - Cheque:41)
	at com.kms.katalon.core.main.ScriptEngine.run(ScriptEngine.java:194)
	at com.kms.katalon.core.main.ScriptEngine.runScriptAsRawText(ScriptEngine.java:119)
	at com.kms.katalon.core.main.TestCaseExecutor.runScript(TestCaseExecutor.java:328)
	at com.kms.katalon.core.main.TestCaseExecutor.doExecute(TestCaseExecutor.java:319)
	at com.kms.katalon.core.main.TestCaseExecutor.processExecutionPhase(TestCaseExecutor.java:298)
	at com.kms.katalon.core.main.TestCaseExecutor.accessMainPhase(TestCaseExecutor.java:290)
	at com.kms.katalon.core.main.TestCaseExecutor.execute(TestCaseExecutor.java:224)
	at com.kms.katalon.core.main.TestCaseMain.runTestCase(TestCaseMain.java:106)
	at com.kms.katalon.core.keyword.builtin.CallTestCaseKeyword$_callTestCase_closure1.doCall(CallTestCaseKeyword.groovy:59)
	at com.kms.katalon.core.keyword.builtin.CallTestCaseKeyword$_callTestCase_closure1.call(CallTestCaseKeyword.groovy)
	at com.kms.katalon.core.keyword.internal.KeywordMain.runKeyword(KeywordMain.groovy:54)
	at com.kms.katalon.core.keyword.builtin.CallTestCaseKeyword.callTestCase(CallTestCaseKeyword.groovy:80)
	at com.kms.katalon.core.keyword.builtin.CallTestCaseKeyword.execute(CallTestCaseKeyword.groovy:44)
	at com.kms.katalon.core.keyword.internal.KeywordExecutor.executeKeywordForPlatform(KeywordExecutor.groovy:53)
	at com.kms.katalon.core.keyword.BuiltinKeywords.callTestCase(BuiltinKeywords.groovy:334)
	at OTC_Submit Form 7_End to End - Cheque.run(OTC_Submit Form 7_End to End - Cheque:26)
	at com.kms.katalon.core.main.ScriptEngine.run(ScriptEngine.java:194)
	at com.kms.katalon.core.main.ScriptEngine.runScriptAsRawText(ScriptEngine.java:119)
	at com.kms.katalon.core.main.TestCaseExecutor.runScript(TestCaseExecutor.java:328)
	at com.kms.katalon.core.main.TestCaseExecutor.doExecute(TestCaseExecutor.java:319)
	at com.kms.katalon.core.main.TestCaseExecutor.processExecutionPhase(TestCaseExecutor.java:298)
	at com.kms.katalon.core.main.TestCaseExecutor.accessMainPhase(TestCaseExecutor.java:290)
	at com.kms.katalon.core.main.TestCaseExecutor.execute(TestCaseExecutor.java:224)
	at com.kms.katalon.core.main.TestCaseMain.runTestCase(TestCaseMain.java:106)
	at com.kms.katalon.core.keyword.builtin.CallTestCaseKeyword$_callTestCase_closure1.doCall(CallTestCaseKeyword.groovy:59)
	at com.kms.katalon.core.keyword.builtin.CallTestCaseKeyword$_callTestCase_closure1.call(CallTestCaseKeyword.groovy)
	at com.kms.katalon.core.keyword.internal.KeywordMain.runKeyword(KeywordMain.groovy:54)
	at com.kms.katalon.core.keyword.builtin.CallTestCaseKeyword.callTestCase(CallTestCaseKeyword.groovy:80)
	at com.kms.katalon.core.keyword.builtin.CallTestCaseKeyword.execute(CallTestCaseKeyword.groovy:44)
	at com.kms.katalon.core.keyword.internal.KeywordExecutor.executeKeywordForPlatform(KeywordExecutor.groovy:53)
	at com.kms.katalon.core.keyword.BuiltinKeywords.callTestCase(BuiltinKeywords.groovy:334)
	at Approve Claim - Full - DA Cheque.run(Approve Claim - Full - DA Cheque:16)
	at com.kms.katalon.core.main.ScriptEngine.run(ScriptEngine.java:194)
	at com.kms.katalon.core.main.ScriptEngine.runScriptAsRawText(ScriptEngine.java:119)
	at com.kms.katalon.core.main.TestCaseExecutor.runScript(TestCaseExecutor.java:328)
	at com.kms.katalon.core.main.TestCaseExecutor.doExecute(TestCaseExecutor.java:319)
	at com.kms.katalon.core.main.TestCaseExecutor.processExecutionPhase(TestCaseExecutor.java:298)
	at com.kms.katalon.core.main.TestCaseExecutor.accessMainPhase(TestCaseExecutor.java:290)
	at com.kms.katalon.core.main.TestCaseExecutor.execute(TestCaseExecutor.java:224)
	at com.kms.katalon.core.main.TestSuiteExecutor.accessTestCaseMainPhase(TestSuiteExecutor.java:129)
	at com.kms.katalon.core.main.TestSuiteExecutor.accessTestSuiteMainPhase(TestSuiteExecutor.java:112)
	at com.kms.katalon.core.main.TestSuiteExecutor.execute(TestSuiteExecutor.java:81)
	at com.kms.katalon.core.main.TestCaseMain.startTestSuite(TestCaseMain.java:149)
	at com.kms.katalon.core.main.TestCaseMain$startTestSuite$0.call(Unknown Source)
	at TempTestSuite1550652525208.run(TempTestSuite1550652525208.groovy:36)


2019-02-20 19:32:38 - [TEST_STEP][PASSED] - delay(3): Delayed 3 second(s)

2019-02-20 19:32:41 - [MESSAGE][PASSED] - Delayed 3 second(s)

2019-02-20 19:32:41 - [TEST_STEP][PASSED] - click(findTestObject("KeatMun/Form 7_default/OTC_Submit Form 7_Section F-G-H/Page_PERKESO/F1. Bankrup_yes")): Object: 'Object Repository/KeatMun/Form 7_default/OTC_Submit Form 7_Section F-G-H/Page_PERKESO/F1. Bankrup_yes' is clicked on

2019-02-20 19:32:43 - [MESSAGE][PASSED] - Object: 'Object Repository/KeatMun/Form 7_default/OTC_Submit Form 7_Section F-G-H/Page_PERKESO/F1. Bankrup_yes' is clicked on

2019-02-20 19:32:43 - [TEST_STEP][PASSED] - delay(3): Delayed 3 second(s)

2019-02-20 19:32:46 - [MESSAGE][PASSED] - Delayed 3 second(s)

2019-02-20 19:32:46 - [TEST_STEP][PASSED] - click(findTestObject("KeatMun/Form 7_default/OTC_Submit Form 7_Section F-G-H/Page_PERKESO/F2. Next_Page_AfterBankInfo")): Object: 'Object Repository/KeatMun/Form 7_default/OTC_Submit Form 7_Section F-G-H/Page_PERKESO/F2. Next_Page_AfterBankInfo' is clicked on

2019-02-20 19:32:48 - [MESSAGE][PASSED] - Object: 'Object Repository/KeatMun/Form 7_default/OTC_Submit Form 7_Section F-G-H/Page_PERKESO/F2. Next_Page_AfterBankInfo' is clicked on

2019-02-20 19:32:48 - [TEST_STEP][PASSED] - delay(5): Delayed 5 second(s)

2019-02-20 19:32:53 - [MESSAGE][PASSED] - Delayed 5 second(s)

2019-02-20 19:32:53 - [TEST_STEP][PASSED] - setText(findTestObject("KeatMun/Form 7_default/OTC_Submit Form 7_Section F-G-H/Page_PERKESO/G2. Hubungan dengan OB-nama"), "qwertyuiop"): Text 'qwertyuiop' is set on object 'Object Repository/KeatMun/Form 7_default/OTC_Submit Form 7_Section F-G-H/Page_PERKESO/G2. Hubungan dengan OB-nama'

2019-02-20 19:32:57 - [MESSAGE][PASSED] - Text 'qwertyuiop' is set on object 'Object Repository/KeatMun/Form 7_default/OTC_Submit Form 7_Section F-G-H/Page_PERKESO/G2. Hubungan dengan OB-nama'

2019-02-20 19:32:57 - [TEST_STEP][PASSED] - delay(2): Delayed 2 second(s)

2019-02-20 19:32:59 - [MESSAGE][PASSED] - Delayed 2 second(s)

2019-02-20 19:32:59 - [TEST_STEP][PASSED] - setText(findTestObject("KeatMun/Form 7_default/OTC_Submit Form 7_Section F-G-H/Page_PERKESO/G2. Hubungan dengan OB-ic.no"), "111111223333"): Text '111111223333' is set on object 'Object Repository/KeatMun/Form 7_default/OTC_Submit Form 7_Section F-G-H/Page_PERKESO/G2. Hubungan dengan OB-ic.no'

2019-02-20 19:33:03 - [MESSAGE][PASSED] - Text '111111223333' is set on object 'Object Repository/KeatMun/Form 7_default/OTC_Submit Form 7_Section F-G-H/Page_PERKESO/G2. Hubungan dengan OB-ic.no'

2019-02-20 19:33:03 - [TEST_STEP][PASSED] - delay(2): Delayed 2 second(s)

2019-02-20 19:33:05 - [MESSAGE][PASSED] - Delayed 2 second(s)

2019-02-20 19:33:05 - [TEST_STEP][PASSED] - setText(findTestObject("KeatMun/Form 7_default/OTC_Submit Form 7_Section F-G-H/Page_PERKESO/G2. Hubungan dengan OB-DOB"), "10/01/2019"): Text '10/01/2019' is set on object 'Object Repository/KeatMun/Form 7_default/OTC_Submit Form 7_Section F-G-H/Page_PERKESO/G2. Hubungan dengan OB-DOB'

2019-02-20 19:33:10 - [MESSAGE][PASSED] - Text '10/01/2019' is set on object 'Object Repository/KeatMun/Form 7_default/OTC_Submit Form 7_Section F-G-H/Page_PERKESO/G2. Hubungan dengan OB-DOB'

2019-02-20 19:33:10 - [TEST_STEP][PASSED] - delay(3): Delayed 3 second(s)

2019-02-20 19:33:13 - [MESSAGE][PASSED] - Delayed 3 second(s)

2019-02-20 19:33:13 - [TEST_STEP][FAILED] - click(findTestObject("KeatMun/Form 7_default/OTC_Submit Form 7_Section F-G-H/Page_PERKESO/G2. span_Isteri")): click(findTestObject("KeatMun/Form 7_default/OTC_Submit Form 7_Section F-G-H/Page_PERKESO/G2. span_Isteri")) FAILED.
Reason:
com.kms.katalon.core.exception.StepFailedException: Unable to click on object 'Object Repository/KeatMun/Form 7_default/OTC_Submit Form 7_Section F-G-H/Page_PERKESO/G2. span_Isteri' (Root cause: com.kms.katalon.core.webui.exception.WebElementNotFoundException: Web element with id: 'Object Repository/KeatMun/Form 7_default/OTC_Submit Form 7_Section F-G-H/Page_PERKESO/G2. span_Isteri' located by 'By.xpath: //span[@id = 'select2-dependentList0dependentRelationId-container' and @title = 'Isteri' and (text() = 'Isteri' or . = 'Isteri')]' not found)
	at com.kms.katalon.core.keyword.internal.KeywordMain.stepFailed(KeywordMain.groovy:36)
	at com.kms.katalon.core.webui.keyword.internal.WebUIKeywordMain.stepFailed(WebUIKeywordMain.groovy:65)
	at com.kms.katalon.core.webui.keyword.internal.WebUIKeywordMain.runKeyword(WebUIKeywordMain.groovy:27)
	at com.kms.katalon.core.webui.keyword.builtin.ClickKeyword.click(ClickKeyword.groovy:86)
	at com.kms.katalon.core.webui.keyword.builtin.ClickKeyword.execute(ClickKeyword.groovy:67)
	at com.kms.katalon.core.keyword.internal.KeywordExecutor.executeKeywordForPlatform(KeywordExecutor.groovy:53)
	at com.kms.katalon.core.webui.keyword.WebUiBuiltInKeywords.click(WebUiBuiltInKeywords.groovy:616)
	at com.kms.katalon.core.webui.keyword.WebUiBuiltInKeywords$click$3.call(Unknown Source)
	at OTC_Submit Form 7_Section F-G-H - Cheque.run(OTC_Submit Form 7_Section F-G-H - Cheque:41)
	at com.kms.katalon.core.main.ScriptEngine.run(ScriptEngine.java:194)
	at com.kms.katalon.core.main.ScriptEngine.runScriptAsRawText(ScriptEngine.java:119)
	at com.kms.katalon.core.main.TestCaseExecutor.runScript(TestCaseExecutor.java:328)
	at com.kms.katalon.core.main.TestCaseExecutor.doExecute(TestCaseExecutor.java:319)
	at com.kms.katalon.core.main.TestCaseExecutor.processExecutionPhase(TestCaseExecutor.java:298)
	at com.kms.katalon.core.main.TestCaseExecutor.accessMainPhase(TestCaseExecutor.java:290)
	at com.kms.katalon.core.main.TestCaseExecutor.execute(TestCaseExecutor.java:224)
	at com.kms.katalon.core.main.TestCaseMain.runTestCase(TestCaseMain.java:106)
	at com.kms.katalon.core.keyword.builtin.CallTestCaseKeyword$_callTestCase_closure1.doCall(CallTestCaseKeyword.groovy:59)
	at com.kms.katalon.core.keyword.builtin.CallTestCaseKeyword$_callTestCase_closure1.call(CallTestCaseKeyword.groovy)
	at com.kms.katalon.core.keyword.internal.KeywordMain.runKeyword(KeywordMain.groovy:54)
	at com.kms.katalon.core.keyword.builtin.CallTestCaseKeyword.callTestCase(CallTestCaseKeyword.groovy:80)
	at com.kms.katalon.core.keyword.builtin.CallTestCaseKeyword.execute(CallTestCaseKeyword.groovy:44)
	at com.kms.katalon.core.keyword.internal.KeywordExecutor.executeKeywordForPlatform(KeywordExecutor.groovy:53)
	at com.kms.katalon.core.keyword.BuiltinKeywords.callTestCase(BuiltinKeywords.groovy:334)
	at OTC_Submit Form 7_End to End - Cheque.run(OTC_Submit Form 7_End to End - Cheque:26)
	at com.kms.katalon.core.main.ScriptEngine.run(ScriptEngine.java:194)
	at com.kms.katalon.core.main.ScriptEngine.runScriptAsRawText(ScriptEngine.java:119)
	at com.kms.katalon.core.main.TestCaseExecutor.runScript(TestCaseExecutor.java:328)
	at com.kms.katalon.core.main.TestCaseExecutor.doExecute(TestCaseExecutor.java:319)
	at com.kms.katalon.core.main.TestCaseExecutor.processExecutionPhase(TestCaseExecutor.java:298)
	at com.kms.katalon.core.main.TestCaseExecutor.accessMainPhase(TestCaseExecutor.java:290)
	at com.kms.katalon.core.main.TestCaseExecutor.execute(TestCaseExecutor.java:224)
	at com.kms.katalon.core.main.TestCaseMain.runTestCase(TestCaseMain.java:106)
	at com.kms.katalon.core.keyword.builtin.CallTestCaseKeyword$_callTestCase_closure1.doCall(CallTestCaseKeyword.groovy:59)
	at com.kms.katalon.core.keyword.builtin.CallTestCaseKeyword$_callTestCase_closure1.call(CallTestCaseKeyword.groovy)
	at com.kms.katalon.core.keyword.internal.KeywordMain.runKeyword(KeywordMain.groovy:54)
	at com.kms.katalon.core.keyword.builtin.CallTestCaseKeyword.callTestCase(CallTestCaseKeyword.groovy:80)
	at com.kms.katalon.core.keyword.builtin.CallTestCaseKeyword.execute(CallTestCaseKeyword.groovy:44)
	at com.kms.katalon.core.keyword.internal.KeywordExecutor.executeKeywordForPlatform(KeywordExecutor.groovy:53)
	at com.kms.katalon.core.keyword.BuiltinKeywords.callTestCase(BuiltinKeywords.groovy:334)
	at Approve Claim - Full - DA Cheque.run(Approve Claim - Full - DA Cheque:16)
	at com.kms.katalon.core.main.ScriptEngine.run(ScriptEngine.java:194)
	at com.kms.katalon.core.main.ScriptEngine.runScriptAsRawText(ScriptEngine.java:119)
	at com.kms.katalon.core.main.TestCaseExecutor.runScript(TestCaseExecutor.java:328)
	at com.kms.katalon.core.main.TestCaseExecutor.doExecute(TestCaseExecutor.java:319)
	at com.kms.katalon.core.main.TestCaseExecutor.processExecutionPhase(TestCaseExecutor.java:298)
	at com.kms.katalon.core.main.TestCaseExecutor.accessMainPhase(TestCaseExecutor.java:290)
	at com.kms.katalon.core.main.TestCaseExecutor.execute(TestCaseExecutor.java:224)
	at com.kms.katalon.core.main.TestSuiteExecutor.accessTestCaseMainPhase(TestSuiteExecutor.java:129)
	at com.kms.katalon.core.main.TestSuiteExecutor.accessTestSuiteMainPhase(TestSuiteExecutor.java:112)
	at com.kms.katalon.core.main.TestSuiteExecutor.execute(TestSuiteExecutor.java:81)
	at com.kms.katalon.core.main.TestCaseMain.startTestSuite(TestCaseMain.java:149)
	at com.kms.katalon.core.main.TestCaseMain$startTestSuite$0.call(Unknown Source)
	at TempTestSuite1550652525208.run(TempTestSuite1550652525208.groovy:36)


2019-02-20 19:33:43 - [MESSAGE][INFO] - Unable to find the element located by 'By.xpath: //span[@id = 'select2-dependentList0dependentRelationId-container' and @title = 'Isteri' and (text() = 'Isteri' or . = 'Isteri')]'. Please recheck the objects properties to make sure the desired element is located. 

2019-02-20 19:33:45 - [MESSAGE][FAILED] - Unable to click on object 'Object Repository/KeatMun/Form 7_default/OTC_Submit Form 7_Section F-G-H/Page_PERKESO/G2. span_Isteri' (Root cause: com.kms.katalon.core.webui.exception.WebElementNotFoundException: Web element with id: 'Object Repository/KeatMun/Form 7_default/OTC_Submit Form 7_Section F-G-H/Page_PERKESO/G2. span_Isteri' located by 'By.xpath: //span[@id = 'select2-dependentList0dependentRelationId-container' and @title = 'Isteri' and (text() = 'Isteri' or . = 'Isteri')]' not found)
[[ATTACHMENT|C:\\Users\\Admin\\Documents\\GitHub\\PKSKatalon\\PKS-EI-ES\\Reports\\New Test Suite\\20190220_164845\\1550662423567.png]]

2019-02-20 19:33:45 - [MESSAGE][FAILED] - click(findTestObject("KeatMun/Form 7_default/OTC_Submit Form 7_Section F-G-H/Page_PERKESO/G2. span_Isteri")) FAILED.
Reason:
com.kms.katalon.core.exception.StepFailedException: Unable to click on object 'Object Repository/KeatMun/Form 7_default/OTC_Submit Form 7_Section F-G-H/Page_PERKESO/G2. span_Isteri' (Root cause: com.kms.katalon.core.webui.exception.WebElementNotFoundException: Web element with id: 'Object Repository/KeatMun/Form 7_default/OTC_Submit Form 7_Section F-G-H/Page_PERKESO/G2. span_Isteri' located by 'By.xpath: //span[@id = 'select2-dependentList0dependentRelationId-container' and @title = 'Isteri' and (text() = 'Isteri' or . = 'Isteri')]' not found)
	at com.kms.katalon.core.keyword.internal.KeywordMain.stepFailed(KeywordMain.groovy:36)
	at com.kms.katalon.core.webui.keyword.internal.WebUIKeywordMain.stepFailed(WebUIKeywordMain.groovy:65)
	at com.kms.katalon.core.webui.keyword.internal.WebUIKeywordMain.runKeyword(WebUIKeywordMain.groovy:27)
	at com.kms.katalon.core.webui.keyword.builtin.ClickKeyword.click(ClickKeyword.groovy:86)
	at com.kms.katalon.core.webui.keyword.builtin.ClickKeyword.execute(ClickKeyword.groovy:67)
	at com.kms.katalon.core.keyword.internal.KeywordExecutor.executeKeywordForPlatform(KeywordExecutor.groovy:53)
	at com.kms.katalon.core.webui.keyword.WebUiBuiltInKeywords.click(WebUiBuiltInKeywords.groovy:616)
	at com.kms.katalon.core.webui.keyword.WebUiBuiltInKeywords$click$3.call(Unknown Source)
	at OTC_Submit Form 7_Section F-G-H - Cheque.run(OTC_Submit Form 7_Section F-G-H - Cheque:41)
	at com.kms.katalon.core.main.ScriptEngine.run(ScriptEngine.java:194)
	at com.kms.katalon.core.main.ScriptEngine.runScriptAsRawText(ScriptEngine.java:119)
	at com.kms.katalon.core.main.TestCaseExecutor.runScript(TestCaseExecutor.java:328)
	at com.kms.katalon.core.main.TestCaseExecutor.doExecute(TestCaseExecutor.java:319)
	at com.kms.katalon.core.main.TestCaseExecutor.processExecutionPhase(TestCaseExecutor.java:298)
	at com.kms.katalon.core.main.TestCaseExecutor.accessMainPhase(TestCaseExecutor.java:290)
	at com.kms.katalon.core.main.TestCaseExecutor.execute(TestCaseExecutor.java:224)
	at com.kms.katalon.core.main.TestCaseMain.runTestCase(TestCaseMain.java:106)
	at com.kms.katalon.core.keyword.builtin.CallTestCaseKeyword$_callTestCase_closure1.doCall(CallTestCaseKeyword.groovy:59)
	at com.kms.katalon.core.keyword.builtin.CallTestCaseKeyword$_callTestCase_closure1.call(CallTestCaseKeyword.groovy)
	at com.kms.katalon.core.keyword.internal.KeywordMain.runKeyword(KeywordMain.groovy:54)
	at com.kms.katalon.core.keyword.builtin.CallTestCaseKeyword.callTestCase(CallTestCaseKeyword.groovy:80)
	at com.kms.katalon.core.keyword.builtin.CallTestCaseKeyword.execute(CallTestCaseKeyword.groovy:44)
	at com.kms.katalon.core.keyword.internal.KeywordExecutor.executeKeywordForPlatform(KeywordExecutor.groovy:53)
	at com.kms.katalon.core.keyword.BuiltinKeywords.callTestCase(BuiltinKeywords.groovy:334)
	at OTC_Submit Form 7_End to End - Cheque.run(OTC_Submit Form 7_End to End - Cheque:26)
	at com.kms.katalon.core.main.ScriptEngine.run(ScriptEngine.java:194)
	at com.kms.katalon.core.main.ScriptEngine.runScriptAsRawText(ScriptEngine.java:119)
	at com.kms.katalon.core.main.TestCaseExecutor.runScript(TestCaseExecutor.java:328)
	at com.kms.katalon.core.main.TestCaseExecutor.doExecute(TestCaseExecutor.java:319)
	at com.kms.katalon.core.main.TestCaseExecutor.processExecutionPhase(TestCaseExecutor.java:298)
	at com.kms.katalon.core.main.TestCaseExecutor.accessMainPhase(TestCaseExecutor.java:290)
	at com.kms.katalon.core.main.TestCaseExecutor.execute(TestCaseExecutor.java:224)
	at com.kms.katalon.core.main.TestCaseMain.runTestCase(TestCaseMain.java:106)
	at com.kms.katalon.core.keyword.builtin.CallTestCaseKeyword$_callTestCase_closure1.doCall(CallTestCaseKeyword.groovy:59)
	at com.kms.katalon.core.keyword.builtin.CallTestCaseKeyword$_callTestCase_closure1.call(CallTestCaseKeyword.groovy)
	at com.kms.katalon.core.keyword.internal.KeywordMain.runKeyword(KeywordMain.groovy:54)
	at com.kms.katalon.core.keyword.builtin.CallTestCaseKeyword.callTestCase(CallTestCaseKeyword.groovy:80)
	at com.kms.katalon.core.keyword.builtin.CallTestCaseKeyword.execute(CallTestCaseKeyword.groovy:44)
	at com.kms.katalon.core.keyword.internal.KeywordExecutor.executeKeywordForPlatform(KeywordExecutor.groovy:53)
	at com.kms.katalon.core.keyword.BuiltinKeywords.callTestCase(BuiltinKeywords.groovy:334)
	at Approve Claim - Full - DA Cheque.run(Approve Claim - Full - DA Cheque:16)
	at com.kms.katalon.core.main.ScriptEngine.run(ScriptEngine.java:194)
	at com.kms.katalon.core.main.ScriptEngine.runScriptAsRawText(ScriptEngine.java:119)
	at com.kms.katalon.core.main.TestCaseExecutor.runScript(TestCaseExecutor.java:328)
	at com.kms.katalon.core.main.TestCaseExecutor.doExecute(TestCaseExecutor.java:319)
	at com.kms.katalon.core.main.TestCaseExecutor.processExecutionPhase(TestCaseExecutor.java:298)
	at com.kms.katalon.core.main.TestCaseExecutor.accessMainPhase(TestCaseExecutor.java:290)
	at com.kms.katalon.core.main.TestCaseExecutor.execute(TestCaseExecutor.java:224)
	at com.kms.katalon.core.main.TestSuiteExecutor.accessTestCaseMainPhase(TestSuiteExecutor.java:129)
	at com.kms.katalon.core.main.TestSuiteExecutor.accessTestSuiteMainPhase(TestSuiteExecutor.java:112)
	at com.kms.katalon.core.main.TestSuiteExecutor.execute(TestSuiteExecutor.java:81)
	at com.kms.katalon.core.main.TestCaseMain.startTestSuite(TestCaseMain.java:149)
	at com.kms.katalon.core.main.TestCaseMain$startTestSuite$0.call(Unknown Source)
	at TempTestSuite1550652525208.run(TempTestSuite1550652525208.groovy:36)


2019-02-20 19:33:45 - [MESSAGE][FAILED] - Unable to call Test Case 'Test Cases/All TC/Arranged/3. Unit/EI/Form 7_default/OTC_Submit Form 7_Section F-G-H - Cheque' (Root cause: com.kms.katalon.core.exception.StepFailedException: Call Test Case 'Test Cases/All TC/Arranged/3. Unit/EI/Form 7_default/OTC_Submit Form 7_Section F-G-H - Cheque' failed)

2019-02-20 19:33:45 - [MESSAGE][FAILED] - callTestCase(findTestCase("All TC/Arranged/3. Unit/EI/Form 7_default/OTC_Submit Form 7_Section F-G-H - Cheque"), [:], STOP_ON_FAILURE) FAILED.
Reason:
com.kms.katalon.core.exception.StepFailedException: Unable to click on object 'Object Repository/KeatMun/Form 7_default/OTC_Submit Form 7_Section F-G-H/Page_PERKESO/G2. span_Isteri' (Root cause: com.kms.katalon.core.webui.exception.WebElementNotFoundException: Web element with id: 'Object Repository/KeatMun/Form 7_default/OTC_Submit Form 7_Section F-G-H/Page_PERKESO/G2. span_Isteri' located by 'By.xpath: //span[@id = 'select2-dependentList0dependentRelationId-container' and @title = 'Isteri' and (text() = 'Isteri' or . = 'Isteri')]' not found)
	at com.kms.katalon.core.keyword.internal.KeywordMain.stepFailed(KeywordMain.groovy:36)
	at com.kms.katalon.core.webui.keyword.internal.WebUIKeywordMain.stepFailed(WebUIKeywordMain.groovy:65)
	at com.kms.katalon.core.webui.keyword.internal.WebUIKeywordMain.runKeyword(WebUIKeywordMain.groovy:27)
	at com.kms.katalon.core.webui.keyword.builtin.ClickKeyword.click(ClickKeyword.groovy:86)
	at com.kms.katalon.core.webui.keyword.builtin.ClickKeyword.execute(ClickKeyword.groovy:67)
	at com.kms.katalon.core.keyword.internal.KeywordExecutor.executeKeywordForPlatform(KeywordExecutor.groovy:53)
	at com.kms.katalon.core.webui.keyword.WebUiBuiltInKeywords.click(WebUiBuiltInKeywords.groovy:616)
	at com.kms.katalon.core.webui.keyword.WebUiBuiltInKeywords$click$3.call(Unknown Source)
	at OTC_Submit Form 7_Section F-G-H - Cheque.run(OTC_Submit Form 7_Section F-G-H - Cheque:41)
	at com.kms.katalon.core.main.ScriptEngine.run(ScriptEngine.java:194)
	at com.kms.katalon.core.main.ScriptEngine.runScriptAsRawText(ScriptEngine.java:119)
	at com.kms.katalon.core.main.TestCaseExecutor.runScript(TestCaseExecutor.java:328)
	at com.kms.katalon.core.main.TestCaseExecutor.doExecute(TestCaseExecutor.java:319)
	at com.kms.katalon.core.main.TestCaseExecutor.processExecutionPhase(TestCaseExecutor.java:298)
	at com.kms.katalon.core.main.TestCaseExecutor.accessMainPhase(TestCaseExecutor.java:290)
	at com.kms.katalon.core.main.TestCaseExecutor.execute(TestCaseExecutor.java:224)
	at com.kms.katalon.core.main.TestCaseMain.runTestCase(TestCaseMain.java:106)
	at com.kms.katalon.core.keyword.builtin.CallTestCaseKeyword$_callTestCase_closure1.doCall(CallTestCaseKeyword.groovy:59)
	at com.kms.katalon.core.keyword.builtin.CallTestCaseKeyword$_callTestCase_closure1.call(CallTestCaseKeyword.groovy)
	at com.kms.katalon.core.keyword.internal.KeywordMain.runKeyword(KeywordMain.groovy:54)
	at com.kms.katalon.core.keyword.builtin.CallTestCaseKeyword.callTestCase(CallTestCaseKeyword.groovy:80)
	at com.kms.katalon.core.keyword.builtin.CallTestCaseKeyword.execute(CallTestCaseKeyword.groovy:44)
	at com.kms.katalon.core.keyword.internal.KeywordExecutor.executeKeywordForPlatform(KeywordExecutor.groovy:53)
	at com.kms.katalon.core.keyword.BuiltinKeywords.callTestCase(BuiltinKeywords.groovy:334)
	at OTC_Submit Form 7_End to End - Cheque.run(OTC_Submit Form 7_End to End - Cheque:26)
	at com.kms.katalon.core.main.ScriptEngine.run(ScriptEngine.java:194)
	at com.kms.katalon.core.main.ScriptEngine.runScriptAsRawText(ScriptEngine.java:119)
	at com.kms.katalon.core.main.TestCaseExecutor.runScript(TestCaseExecutor.java:328)
	at com.kms.katalon.core.main.TestCaseExecutor.doExecute(TestCaseExecutor.java:319)
	at com.kms.katalon.core.main.TestCaseExecutor.processExecutionPhase(TestCaseExecutor.java:298)
	at com.kms.katalon.core.main.TestCaseExecutor.accessMainPhase(TestCaseExecutor.java:290)
	at com.kms.katalon.core.main.TestCaseExecutor.execute(TestCaseExecutor.java:224)
	at com.kms.katalon.core.main.TestCaseMain.runTestCase(TestCaseMain.java:106)
	at com.kms.katalon.core.keyword.builtin.CallTestCaseKeyword$_callTestCase_closure1.doCall(CallTestCaseKeyword.groovy:59)
	at com.kms.katalon.core.keyword.builtin.CallTestCaseKeyword$_callTestCase_closure1.call(CallTestCaseKeyword.groovy)
	at com.kms.katalon.core.keyword.internal.KeywordMain.runKeyword(KeywordMain.groovy:54)
	at com.kms.katalon.core.keyword.builtin.CallTestCaseKeyword.callTestCase(CallTestCaseKeyword.groovy:80)
	at com.kms.katalon.core.keyword.builtin.CallTestCaseKeyword.execute(CallTestCaseKeyword.groovy:44)
	at com.kms.katalon.core.keyword.internal.KeywordExecutor.executeKeywordForPlatform(KeywordExecutor.groovy:53)
	at com.kms.katalon.core.keyword.BuiltinKeywords.callTestCase(BuiltinKeywords.groovy:334)
	at Approve Claim - Full - DA Cheque.run(Approve Claim - Full - DA Cheque:16)
	at com.kms.katalon.core.main.ScriptEngine.run(ScriptEngine.java:194)
	at com.kms.katalon.core.main.ScriptEngine.runScriptAsRawText(ScriptEngine.java:119)
	at com.kms.katalon.core.main.TestCaseExecutor.runScript(TestCaseExecutor.java:328)
	at com.kms.katalon.core.main.TestCaseExecutor.doExecute(TestCaseExecutor.java:319)
	at com.kms.katalon.core.main.TestCaseExecutor.processExecutionPhase(TestCaseExecutor.java:298)
	at com.kms.katalon.core.main.TestCaseExecutor.accessMainPhase(TestCaseExecutor.java:290)
	at com.kms.katalon.core.main.TestCaseExecutor.execute(TestCaseExecutor.java:224)
	at com.kms.katalon.core.main.TestSuiteExecutor.accessTestCaseMainPhase(TestSuiteExecutor.java:129)
	at com.kms.katalon.core.main.TestSuiteExecutor.accessTestSuiteMainPhase(TestSuiteExecutor.java:112)
	at com.kms.katalon.core.main.TestSuiteExecutor.execute(TestSuiteExecutor.java:81)
	at com.kms.katalon.core.main.TestCaseMain.startTestSuite(TestCaseMain.java:149)
	at com.kms.katalon.core.main.TestCaseMain$startTestSuite$0.call(Unknown Source)
	at TempTestSuite1550652525208.run(TempTestSuite1550652525208.groovy:36)


2019-02-20 19:33:46 - [MESSAGE][FAILED] - Unable to call Test Case 'Test Cases/All TC/Arranged/2. Segment/OTC_Submit Form 7_End to End - Cheque' (Root cause: com.kms.katalon.core.exception.StepFailedException: Call Test Case 'Test Cases/All TC/Arranged/2. Segment/OTC_Submit Form 7_End to End - Cheque' failed)

2019-02-20 19:33:46 - [MESSAGE][FAILED] - callTestCase(findTestCase("All TC/Arranged/2. Segment/OTC_Submit Form 7_End to End - Cheque"), [:], STOP_ON_FAILURE) FAILED.
Reason:
com.kms.katalon.core.exception.StepFailedException: Unable to click on object 'Object Repository/KeatMun/Form 7_default/OTC_Submit Form 7_Section F-G-H/Page_PERKESO/G2. span_Isteri' (Root cause: com.kms.katalon.core.webui.exception.WebElementNotFoundException: Web element with id: 'Object Repository/KeatMun/Form 7_default/OTC_Submit Form 7_Section F-G-H/Page_PERKESO/G2. span_Isteri' located by 'By.xpath: //span[@id = 'select2-dependentList0dependentRelationId-container' and @title = 'Isteri' and (text() = 'Isteri' or . = 'Isteri')]' not found)
	at com.kms.katalon.core.keyword.internal.KeywordMain.stepFailed(KeywordMain.groovy:36)
	at com.kms.katalon.core.webui.keyword.internal.WebUIKeywordMain.stepFailed(WebUIKeywordMain.groovy:65)
	at com.kms.katalon.core.webui.keyword.internal.WebUIKeywordMain.runKeyword(WebUIKeywordMain.groovy:27)
	at com.kms.katalon.core.webui.keyword.builtin.ClickKeyword.click(ClickKeyword.groovy:86)
	at com.kms.katalon.core.webui.keyword.builtin.ClickKeyword.execute(ClickKeyword.groovy:67)
	at com.kms.katalon.core.keyword.internal.KeywordExecutor.executeKeywordForPlatform(KeywordExecutor.groovy:53)
	at com.kms.katalon.core.webui.keyword.WebUiBuiltInKeywords.click(WebUiBuiltInKeywords.groovy:616)
	at com.kms.katalon.core.webui.keyword.WebUiBuiltInKeywords$click$3.call(Unknown Source)
	at OTC_Submit Form 7_Section F-G-H - Cheque.run(OTC_Submit Form 7_Section F-G-H - Cheque:41)
	at com.kms.katalon.core.main.ScriptEngine.run(ScriptEngine.java:194)
	at com.kms.katalon.core.main.ScriptEngine.runScriptAsRawText(ScriptEngine.java:119)
	at com.kms.katalon.core.main.TestCaseExecutor.runScript(TestCaseExecutor.java:328)
	at com.kms.katalon.core.main.TestCaseExecutor.doExecute(TestCaseExecutor.java:319)
	at com.kms.katalon.core.main.TestCaseExecutor.processExecutionPhase(TestCaseExecutor.java:298)
	at com.kms.katalon.core.main.TestCaseExecutor.accessMainPhase(TestCaseExecutor.java:290)
	at com.kms.katalon.core.main.TestCaseExecutor.execute(TestCaseExecutor.java:224)
	at com.kms.katalon.core.main.TestCaseMain.runTestCase(TestCaseMain.java:106)
	at com.kms.katalon.core.keyword.builtin.CallTestCaseKeyword$_callTestCase_closure1.doCall(CallTestCaseKeyword.groovy:59)
	at com.kms.katalon.core.keyword.builtin.CallTestCaseKeyword$_callTestCase_closure1.call(CallTestCaseKeyword.groovy)
	at com.kms.katalon.core.keyword.internal.KeywordMain.runKeyword(KeywordMain.groovy:54)
	at com.kms.katalon.core.keyword.builtin.CallTestCaseKeyword.callTestCase(CallTestCaseKeyword.groovy:80)
	at com.kms.katalon.core.keyword.builtin.CallTestCaseKeyword.execute(CallTestCaseKeyword.groovy:44)
	at com.kms.katalon.core.keyword.internal.KeywordExecutor.executeKeywordForPlatform(KeywordExecutor.groovy:53)
	at com.kms.katalon.core.keyword.BuiltinKeywords.callTestCase(BuiltinKeywords.groovy:334)
	at OTC_Submit Form 7_End to End - Cheque.run(OTC_Submit Form 7_End to End - Cheque:26)
	at com.kms.katalon.core.main.ScriptEngine.run(ScriptEngine.java:194)
	at com.kms.katalon.core.main.ScriptEngine.runScriptAsRawText(ScriptEngine.java:119)
	at com.kms.katalon.core.main.TestCaseExecutor.runScript(TestCaseExecutor.java:328)
	at com.kms.katalon.core.main.TestCaseExecutor.doExecute(TestCaseExecutor.java:319)
	at com.kms.katalon.core.main.TestCaseExecutor.processExecutionPhase(TestCaseExecutor.java:298)
	at com.kms.katalon.core.main.TestCaseExecutor.accessMainPhase(TestCaseExecutor.java:290)
	at com.kms.katalon.core.main.TestCaseExecutor.execute(TestCaseExecutor.java:224)
	at com.kms.katalon.core.main.TestCaseMain.runTestCase(TestCaseMain.java:106)
	at com.kms.katalon.core.keyword.builtin.CallTestCaseKeyword$_callTestCase_closure1.doCall(CallTestCaseKeyword.groovy:59)
	at com.kms.katalon.core.keyword.builtin.CallTestCaseKeyword$_callTestCase_closure1.call(CallTestCaseKeyword.groovy)
	at com.kms.katalon.core.keyword.internal.KeywordMain.runKeyword(KeywordMain.groovy:54)
	at com.kms.katalon.core.keyword.builtin.CallTestCaseKeyword.callTestCase(CallTestCaseKeyword.groovy:80)
	at com.kms.katalon.core.keyword.builtin.CallTestCaseKeyword.execute(CallTestCaseKeyword.groovy:44)
	at com.kms.katalon.core.keyword.internal.KeywordExecutor.executeKeywordForPlatform(KeywordExecutor.groovy:53)
	at com.kms.katalon.core.keyword.BuiltinKeywords.callTestCase(BuiltinKeywords.groovy:334)
	at Approve Claim - Full - DA Cheque.run(Approve Claim - Full - DA Cheque:16)
	at com.kms.katalon.core.main.ScriptEngine.run(ScriptEngine.java:194)
	at com.kms.katalon.core.main.ScriptEngine.runScriptAsRawText(ScriptEngine.java:119)
	at com.kms.katalon.core.main.TestCaseExecutor.runScript(TestCaseExecutor.java:328)
	at com.kms.katalon.core.main.TestCaseExecutor.doExecute(TestCaseExecutor.java:319)
	at com.kms.katalon.core.main.TestCaseExecutor.processExecutionPhase(TestCaseExecutor.java:298)
	at com.kms.katalon.core.main.TestCaseExecutor.accessMainPhase(TestCaseExecutor.java:290)
	at com.kms.katalon.core.main.TestCaseExecutor.execute(TestCaseExecutor.java:224)
	at com.kms.katalon.core.main.TestSuiteExecutor.accessTestCaseMainPhase(TestSuiteExecutor.java:129)
	at com.kms.katalon.core.main.TestSuiteExecutor.accessTestSuiteMainPhase(TestSuiteExecutor.java:112)
	at com.kms.katalon.core.main.TestSuiteExecutor.execute(TestSuiteExecutor.java:81)
	at com.kms.katalon.core.main.TestCaseMain.startTestSuite(TestCaseMain.java:149)
	at com.kms.katalon.core.main.TestCaseMain$startTestSuite$0.call(Unknown Source)
	at TempTestSuite1550652525208.run(TempTestSuite1550652525208.groovy:36)]]></system-out>
         <system-err><![CDATA[2019-02-20 19:23:59 - [TEST_CASE][FAILED] - Test Cases/All TC/Arranged/0. Full Flow/Approve Claim - Full - DA Cheque: Test Cases/All TC/Arranged/0. Full Flow/Approve Claim - Full - DA Cheque FAILED.
Reason:
com.kms.katalon.core.exception.StepFailedException: Unable to click on object 'Object Repository/KeatMun/Form 7_default/OTC_Submit Form 7_Section F-G-H/Page_PERKESO/G2. span_Isteri' (Root cause: com.kms.katalon.core.webui.exception.WebElementNotFoundException: Web element with id: 'Object Repository/KeatMun/Form 7_default/OTC_Submit Form 7_Section F-G-H/Page_PERKESO/G2. span_Isteri' located by 'By.xpath: //span[@id = 'select2-dependentList0dependentRelationId-container' and @title = 'Isteri' and (text() = 'Isteri' or . = 'Isteri')]' not found)
	at com.kms.katalon.core.keyword.internal.KeywordMain.stepFailed(KeywordMain.groovy:36)
	at com.kms.katalon.core.webui.keyword.internal.WebUIKeywordMain.stepFailed(WebUIKeywordMain.groovy:65)
	at com.kms.katalon.core.webui.keyword.internal.WebUIKeywordMain.runKeyword(WebUIKeywordMain.groovy:27)
	at com.kms.katalon.core.webui.keyword.builtin.ClickKeyword.click(ClickKeyword.groovy:86)
	at com.kms.katalon.core.webui.keyword.builtin.ClickKeyword.execute(ClickKeyword.groovy:67)
	at com.kms.katalon.core.keyword.internal.KeywordExecutor.executeKeywordForPlatform(KeywordExecutor.groovy:53)
	at com.kms.katalon.core.webui.keyword.WebUiBuiltInKeywords.click(WebUiBuiltInKeywords.groovy:616)
	at com.kms.katalon.core.webui.keyword.WebUiBuiltInKeywords$click$3.call(Unknown Source)
	at OTC_Submit Form 7_Section F-G-H - Cheque.run(OTC_Submit Form 7_Section F-G-H - Cheque:41)
	at com.kms.katalon.core.main.ScriptEngine.run(ScriptEngine.java:194)
	at com.kms.katalon.core.main.ScriptEngine.runScriptAsRawText(ScriptEngine.java:119)
	at com.kms.katalon.core.main.TestCaseExecutor.runScript(TestCaseExecutor.java:328)
	at com.kms.katalon.core.main.TestCaseExecutor.doExecute(TestCaseExecutor.java:319)
	at com.kms.katalon.core.main.TestCaseExecutor.processExecutionPhase(TestCaseExecutor.java:298)
	at com.kms.katalon.core.main.TestCaseExecutor.accessMainPhase(TestCaseExecutor.java:290)
	at com.kms.katalon.core.main.TestCaseExecutor.execute(TestCaseExecutor.java:224)
	at com.kms.katalon.core.main.TestCaseMain.runTestCase(TestCaseMain.java:106)
	at com.kms.katalon.core.keyword.builtin.CallTestCaseKeyword$_callTestCase_closure1.doCall(CallTestCaseKeyword.groovy:59)
	at com.kms.katalon.core.keyword.builtin.CallTestCaseKeyword$_callTestCase_closure1.call(CallTestCaseKeyword.groovy)
	at com.kms.katalon.core.keyword.internal.KeywordMain.runKeyword(KeywordMain.groovy:54)
	at com.kms.katalon.core.keyword.builtin.CallTestCaseKeyword.callTestCase(CallTestCaseKeyword.groovy:80)
	at com.kms.katalon.core.keyword.builtin.CallTestCaseKeyword.execute(CallTestCaseKeyword.groovy:44)
	at com.kms.katalon.core.keyword.internal.KeywordExecutor.executeKeywordForPlatform(KeywordExecutor.groovy:53)
	at com.kms.katalon.core.keyword.BuiltinKeywords.callTestCase(BuiltinKeywords.groovy:334)
	at OTC_Submit Form 7_End to End - Cheque.run(OTC_Submit Form 7_End to End - Cheque:26)
	at com.kms.katalon.core.main.ScriptEngine.run(ScriptEngine.java:194)
	at com.kms.katalon.core.main.ScriptEngine.runScriptAsRawText(ScriptEngine.java:119)
	at com.kms.katalon.core.main.TestCaseExecutor.runScript(TestCaseExecutor.java:328)
	at com.kms.katalon.core.main.TestCaseExecutor.doExecute(TestCaseExecutor.java:319)
	at com.kms.katalon.core.main.TestCaseExecutor.processExecutionPhase(TestCaseExecutor.java:298)
	at com.kms.katalon.core.main.TestCaseExecutor.accessMainPhase(TestCaseExecutor.java:290)
	at com.kms.katalon.core.main.TestCaseExecutor.execute(TestCaseExecutor.java:224)
	at com.kms.katalon.core.main.TestCaseMain.runTestCase(TestCaseMain.java:106)
	at com.kms.katalon.core.keyword.builtin.CallTestCaseKeyword$_callTestCase_closure1.doCall(CallTestCaseKeyword.groovy:59)
	at com.kms.katalon.core.keyword.builtin.CallTestCaseKeyword$_callTestCase_closure1.call(CallTestCaseKeyword.groovy)
	at com.kms.katalon.core.keyword.internal.KeywordMain.runKeyword(KeywordMain.groovy:54)
	at com.kms.katalon.core.keyword.builtin.CallTestCaseKeyword.callTestCase(CallTestCaseKeyword.groovy:80)
	at com.kms.katalon.core.keyword.builtin.CallTestCaseKeyword.execute(CallTestCaseKeyword.groovy:44)
	at com.kms.katalon.core.keyword.internal.KeywordExecutor.executeKeywordForPlatform(KeywordExecutor.groovy:53)
	at com.kms.katalon.core.keyword.BuiltinKeywords.callTestCase(BuiltinKeywords.groovy:334)
	at Approve Claim - Full - DA Cheque.run(Approve Claim - Full - DA Cheque:16)
	at com.kms.katalon.core.main.ScriptEngine.run(ScriptEngine.java:194)
	at com.kms.katalon.core.main.ScriptEngine.runScriptAsRawText(ScriptEngine.java:119)
	at com.kms.katalon.core.main.TestCaseExecutor.runScript(TestCaseExecutor.java:328)
	at com.kms.katalon.core.main.TestCaseExecutor.doExecute(TestCaseExecutor.java:319)
	at com.kms.katalon.core.main.TestCaseExecutor.processExecutionPhase(TestCaseExecutor.java:298)
	at com.kms.katalon.core.main.TestCaseExecutor.accessMainPhase(TestCaseExecutor.java:290)
	at com.kms.katalon.core.main.TestCaseExecutor.execute(TestCaseExecutor.java:224)
	at com.kms.katalon.core.main.TestSuiteExecutor.accessTestCaseMainPhase(TestSuiteExecutor.java:129)
	at com.kms.katalon.core.main.TestSuiteExecutor.accessTestSuiteMainPhase(TestSuiteExecutor.java:112)
	at com.kms.katalon.core.main.TestSuiteExecutor.execute(TestSuiteExecutor.java:81)
	at com.kms.katalon.core.main.TestCaseMain.startTestSuite(TestCaseMain.java:149)
	at com.kms.katalon.core.main.TestCaseMain$startTestSuite$0.call(Unknown Source)
	at TempTestSuite1550652525208.run(TempTestSuite1550652525208.groovy:36)]]></system-err>
      </testcase>
      <testcase name="Test Cases/All TC/Arranged/0. Full Flow/Approve Claim - Fill Up UJP - by OB" classname="Test Cases/All TC/Arranged/0. Full Flow/Approve Claim - Fill Up UJP - by OB" status="FAILED">
         <failure type="FAILED" message="Test Cases/All TC/Arranged/0. Full Flow/Approve Claim - Fill Up UJP - by OB FAILED.
Reason:
com.kms.katalon.core.exception.StepFailedException: Unable to click on object 'Object Repository/KeatMun/Form 7_default/OTC_Submit Form 7_Section F-G-H/Page_PERKESO/G2. span_Isteri' (Root cause: com.kms.katalon.core.webui.exception.WebElementNotFoundException: Web element with id: 'Object Repository/KeatMun/Form 7_default/OTC_Submit Form 7_Section F-G-H/Page_PERKESO/G2. span_Isteri' located by 'By.xpath: //span[@id = 'select2-dependentList0dependentRelationId-container' and @title = 'Isteri' and (text() = 'Isteri' or . = 'Isteri')]' not found)
	at com.kms.katalon.core.keyword.internal.KeywordMain.stepFailed(KeywordMain.groovy:36)
	at com.kms.katalon.core.webui.keyword.internal.WebUIKeywordMain.stepFailed(WebUIKeywordMain.groovy:65)
	at com.kms.katalon.core.webui.keyword.internal.WebUIKeywordMain.runKeyword(WebUIKeywordMain.groovy:27)
	at com.kms.katalon.core.webui.keyword.builtin.ClickKeyword.click(ClickKeyword.groovy:86)
	at com.kms.katalon.core.webui.keyword.builtin.ClickKeyword.execute(ClickKeyword.groovy:67)
	at com.kms.katalon.core.keyword.internal.KeywordExecutor.executeKeywordForPlatform(KeywordExecutor.groovy:53)
	at com.kms.katalon.core.webui.keyword.WebUiBuiltInKeywords.click(WebUiBuiltInKeywords.groovy:616)
	at com.kms.katalon.core.webui.keyword.WebUiBuiltInKeywords$click$3.call(Unknown Source)
	at OTC_Submit Form 7_Section F-G-H - Cheque.run(OTC_Submit Form 7_Section F-G-H - Cheque:41)
	at com.kms.katalon.core.main.ScriptEngine.run(ScriptEngine.java:194)
	at com.kms.katalon.core.main.ScriptEngine.runScriptAsRawText(ScriptEngine.java:119)
	at com.kms.katalon.core.main.TestCaseExecutor.runScript(TestCaseExecutor.java:328)
	at com.kms.katalon.core.main.TestCaseExecutor.doExecute(TestCaseExecutor.java:319)
	at com.kms.katalon.core.main.TestCaseExecutor.processExecutionPhase(TestCaseExecutor.java:298)
	at com.kms.katalon.core.main.TestCaseExecutor.accessMainPhase(TestCaseExecutor.java:290)
	at com.kms.katalon.core.main.TestCaseExecutor.execute(TestCaseExecutor.java:224)
	at com.kms.katalon.core.main.TestCaseMain.runTestCase(TestCaseMain.java:106)
	at com.kms.katalon.core.keyword.builtin.CallTestCaseKeyword$_callTestCase_closure1.doCall(CallTestCaseKeyword.groovy:59)
	at com.kms.katalon.core.keyword.builtin.CallTestCaseKeyword$_callTestCase_closure1.call(CallTestCaseKeyword.groovy)
	at com.kms.katalon.core.keyword.internal.KeywordMain.runKeyword(KeywordMain.groovy:54)
	at com.kms.katalon.core.keyword.builtin.CallTestCaseKeyword.callTestCase(CallTestCaseKeyword.groovy:80)
	at com.kms.katalon.core.keyword.builtin.CallTestCaseKeyword.execute(CallTestCaseKeyword.groovy:44)
	at com.kms.katalon.core.keyword.internal.KeywordExecutor.executeKeywordForPlatform(KeywordExecutor.groovy:53)
	at com.kms.katalon.core.keyword.BuiltinKeywords.callTestCase(BuiltinKeywords.groovy:334)
	at OTC_Submit Form 7_End to End - Cheque.run(OTC_Submit Form 7_End to End - Cheque:26)
	at com.kms.katalon.core.main.ScriptEngine.run(ScriptEngine.java:194)
	at com.kms.katalon.core.main.ScriptEngine.runScriptAsRawText(ScriptEngine.java:119)
	at com.kms.katalon.core.main.TestCaseExecutor.runScript(TestCaseExecutor.java:328)
	at com.kms.katalon.core.main.TestCaseExecutor.doExecute(TestCaseExecutor.java:319)
	at com.kms.katalon.core.main.TestCaseExecutor.processExecutionPhase(TestCaseExecutor.java:298)
	at com.kms.katalon.core.main.TestCaseExecutor.accessMainPhase(TestCaseExecutor.java:290)
	at com.kms.katalon.core.main.TestCaseExecutor.execute(TestCaseExecutor.java:224)
	at com.kms.katalon.core.main.TestCaseMain.runTestCase(TestCaseMain.java:106)
	at com.kms.katalon.core.keyword.builtin.CallTestCaseKeyword$_callTestCase_closure1.doCall(CallTestCaseKeyword.groovy:59)
	at com.kms.katalon.core.keyword.builtin.CallTestCaseKeyword$_callTestCase_closure1.call(CallTestCaseKeyword.groovy)
	at com.kms.katalon.core.keyword.internal.KeywordMain.runKeyword(KeywordMain.groovy:54)
	at com.kms.katalon.core.keyword.builtin.CallTestCaseKeyword.callTestCase(CallTestCaseKeyword.groovy:80)
	at com.kms.katalon.core.keyword.builtin.CallTestCaseKeyword.execute(CallTestCaseKeyword.groovy:44)
	at com.kms.katalon.core.keyword.internal.KeywordExecutor.executeKeywordForPlatform(KeywordExecutor.groovy:53)
	at com.kms.katalon.core.keyword.BuiltinKeywords.callTestCase(BuiltinKeywords.groovy:334)
	at Approve Claim - Fill Up UJP - by OB.run(Approve Claim - Fill Up UJP - by OB:16)
	at com.kms.katalon.core.main.ScriptEngine.run(ScriptEngine.java:194)
	at com.kms.katalon.core.main.ScriptEngine.runScriptAsRawText(ScriptEngine.java:119)
	at com.kms.katalon.core.main.TestCaseExecutor.runScript(TestCaseExecutor.java:328)
	at com.kms.katalon.core.main.TestCaseExecutor.doExecute(TestCaseExecutor.java:319)
	at com.kms.katalon.core.main.TestCaseExecutor.processExecutionPhase(TestCaseExecutor.java:298)
	at com.kms.katalon.core.main.TestCaseExecutor.accessMainPhase(TestCaseExecutor.java:290)
	at com.kms.katalon.core.main.TestCaseExecutor.execute(TestCaseExecutor.java:224)
	at com.kms.katalon.core.main.TestSuiteExecutor.accessTestCaseMainPhase(TestSuiteExecutor.java:129)
	at com.kms.katalon.core.main.TestSuiteExecutor.accessTestSuiteMainPhase(TestSuiteExecutor.java:112)
	at com.kms.katalon.core.main.TestSuiteExecutor.execute(TestSuiteExecutor.java:81)
	at com.kms.katalon.core.main.TestCaseMain.startTestSuite(TestCaseMain.java:149)
	at com.kms.katalon.core.main.TestCaseMain$startTestSuite$0.call(Unknown Source)
	at TempTestSuite1550652525208.run(TempTestSuite1550652525208.groovy:36)
"/>
         <system-out><![CDATA[2019-02-20 19:33:47 - [TEST_CASE][FAILED] - Test Cases/All TC/Arranged/0. Full Flow/Approve Claim - Fill Up UJP - by OB: Test Cases/All TC/Arranged/0. Full Flow/Approve Claim - Fill Up UJP - by OB FAILED.
Reason:
com.kms.katalon.core.exception.StepFailedException: Unable to click on object 'Object Repository/KeatMun/Form 7_default/OTC_Submit Form 7_Section F-G-H/Page_PERKESO/G2. span_Isteri' (Root cause: com.kms.katalon.core.webui.exception.WebElementNotFoundException: Web element with id: 'Object Repository/KeatMun/Form 7_default/OTC_Submit Form 7_Section F-G-H/Page_PERKESO/G2. span_Isteri' located by 'By.xpath: //span[@id = 'select2-dependentList0dependentRelationId-container' and @title = 'Isteri' and (text() = 'Isteri' or . = 'Isteri')]' not found)
	at com.kms.katalon.core.keyword.internal.KeywordMain.stepFailed(KeywordMain.groovy:36)
	at com.kms.katalon.core.webui.keyword.internal.WebUIKeywordMain.stepFailed(WebUIKeywordMain.groovy:65)
	at com.kms.katalon.core.webui.keyword.internal.WebUIKeywordMain.runKeyword(WebUIKeywordMain.groovy:27)
	at com.kms.katalon.core.webui.keyword.builtin.ClickKeyword.click(ClickKeyword.groovy:86)
	at com.kms.katalon.core.webui.keyword.builtin.ClickKeyword.execute(ClickKeyword.groovy:67)
	at com.kms.katalon.core.keyword.internal.KeywordExecutor.executeKeywordForPlatform(KeywordExecutor.groovy:53)
	at com.kms.katalon.core.webui.keyword.WebUiBuiltInKeywords.click(WebUiBuiltInKeywords.groovy:616)
	at com.kms.katalon.core.webui.keyword.WebUiBuiltInKeywords$click$3.call(Unknown Source)
	at OTC_Submit Form 7_Section F-G-H - Cheque.run(OTC_Submit Form 7_Section F-G-H - Cheque:41)
	at com.kms.katalon.core.main.ScriptEngine.run(ScriptEngine.java:194)
	at com.kms.katalon.core.main.ScriptEngine.runScriptAsRawText(ScriptEngine.java:119)
	at com.kms.katalon.core.main.TestCaseExecutor.runScript(TestCaseExecutor.java:328)
	at com.kms.katalon.core.main.TestCaseExecutor.doExecute(TestCaseExecutor.java:319)
	at com.kms.katalon.core.main.TestCaseExecutor.processExecutionPhase(TestCaseExecutor.java:298)
	at com.kms.katalon.core.main.TestCaseExecutor.accessMainPhase(TestCaseExecutor.java:290)
	at com.kms.katalon.core.main.TestCaseExecutor.execute(TestCaseExecutor.java:224)
	at com.kms.katalon.core.main.TestCaseMain.runTestCase(TestCaseMain.java:106)
	at com.kms.katalon.core.keyword.builtin.CallTestCaseKeyword$_callTestCase_closure1.doCall(CallTestCaseKeyword.groovy:59)
	at com.kms.katalon.core.keyword.builtin.CallTestCaseKeyword$_callTestCase_closure1.call(CallTestCaseKeyword.groovy)
	at com.kms.katalon.core.keyword.internal.KeywordMain.runKeyword(KeywordMain.groovy:54)
	at com.kms.katalon.core.keyword.builtin.CallTestCaseKeyword.callTestCase(CallTestCaseKeyword.groovy:80)
	at com.kms.katalon.core.keyword.builtin.CallTestCaseKeyword.execute(CallTestCaseKeyword.groovy:44)
	at com.kms.katalon.core.keyword.internal.KeywordExecutor.executeKeywordForPlatform(KeywordExecutor.groovy:53)
	at com.kms.katalon.core.keyword.BuiltinKeywords.callTestCase(BuiltinKeywords.groovy:334)
	at OTC_Submit Form 7_End to End - Cheque.run(OTC_Submit Form 7_End to End - Cheque:26)
	at com.kms.katalon.core.main.ScriptEngine.run(ScriptEngine.java:194)
	at com.kms.katalon.core.main.ScriptEngine.runScriptAsRawText(ScriptEngine.java:119)
	at com.kms.katalon.core.main.TestCaseExecutor.runScript(TestCaseExecutor.java:328)
	at com.kms.katalon.core.main.TestCaseExecutor.doExecute(TestCaseExecutor.java:319)
	at com.kms.katalon.core.main.TestCaseExecutor.processExecutionPhase(TestCaseExecutor.java:298)
	at com.kms.katalon.core.main.TestCaseExecutor.accessMainPhase(TestCaseExecutor.java:290)
	at com.kms.katalon.core.main.TestCaseExecutor.execute(TestCaseExecutor.java:224)
	at com.kms.katalon.core.main.TestCaseMain.runTestCase(TestCaseMain.java:106)
	at com.kms.katalon.core.keyword.builtin.CallTestCaseKeyword$_callTestCase_closure1.doCall(CallTestCaseKeyword.groovy:59)
	at com.kms.katalon.core.keyword.builtin.CallTestCaseKeyword$_callTestCase_closure1.call(CallTestCaseKeyword.groovy)
	at com.kms.katalon.core.keyword.internal.KeywordMain.runKeyword(KeywordMain.groovy:54)
	at com.kms.katalon.core.keyword.builtin.CallTestCaseKeyword.callTestCase(CallTestCaseKeyword.groovy:80)
	at com.kms.katalon.core.keyword.builtin.CallTestCaseKeyword.execute(CallTestCaseKeyword.groovy:44)
	at com.kms.katalon.core.keyword.internal.KeywordExecutor.executeKeywordForPlatform(KeywordExecutor.groovy:53)
	at com.kms.katalon.core.keyword.BuiltinKeywords.callTestCase(BuiltinKeywords.groovy:334)
	at Approve Claim - Fill Up UJP - by OB.run(Approve Claim - Fill Up UJP - by OB:16)
	at com.kms.katalon.core.main.ScriptEngine.run(ScriptEngine.java:194)
	at com.kms.katalon.core.main.ScriptEngine.runScriptAsRawText(ScriptEngine.java:119)
	at com.kms.katalon.core.main.TestCaseExecutor.runScript(TestCaseExecutor.java:328)
	at com.kms.katalon.core.main.TestCaseExecutor.doExecute(TestCaseExecutor.java:319)
	at com.kms.katalon.core.main.TestCaseExecutor.processExecutionPhase(TestCaseExecutor.java:298)
	at com.kms.katalon.core.main.TestCaseExecutor.accessMainPhase(TestCaseExecutor.java:290)
	at com.kms.katalon.core.main.TestCaseExecutor.execute(TestCaseExecutor.java:224)
	at com.kms.katalon.core.main.TestSuiteExecutor.accessTestCaseMainPhase(TestSuiteExecutor.java:129)
	at com.kms.katalon.core.main.TestSuiteExecutor.accessTestSuiteMainPhase(TestSuiteExecutor.java:112)
	at com.kms.katalon.core.main.TestSuiteExecutor.execute(TestSuiteExecutor.java:81)
	at com.kms.katalon.core.main.TestCaseMain.startTestSuite(TestCaseMain.java:149)
	at com.kms.katalon.core.main.TestCaseMain$startTestSuite$0.call(Unknown Source)
	at TempTestSuite1550652525208.run(TempTestSuite1550652525208.groovy:36)


2019-02-20 19:33:47 - [TEST_STEP][FAILED] - callTestCase(findTestCase("All TC/Arranged/2. Segment/OTC_Submit Form 7_End to End - Cheque"), [:], STOP_ON_FAILURE): callTestCase(findTestCase("All TC/Arranged/2. Segment/OTC_Submit Form 7_End to End - Cheque"), [:], STOP_ON_FAILURE) FAILED.
Reason:
com.kms.katalon.core.exception.StepFailedException: Unable to click on object 'Object Repository/KeatMun/Form 7_default/OTC_Submit Form 7_Section F-G-H/Page_PERKESO/G2. span_Isteri' (Root cause: com.kms.katalon.core.webui.exception.WebElementNotFoundException: Web element with id: 'Object Repository/KeatMun/Form 7_default/OTC_Submit Form 7_Section F-G-H/Page_PERKESO/G2. span_Isteri' located by 'By.xpath: //span[@id = 'select2-dependentList0dependentRelationId-container' and @title = 'Isteri' and (text() = 'Isteri' or . = 'Isteri')]' not found)
	at com.kms.katalon.core.keyword.internal.KeywordMain.stepFailed(KeywordMain.groovy:36)
	at com.kms.katalon.core.webui.keyword.internal.WebUIKeywordMain.stepFailed(WebUIKeywordMain.groovy:65)
	at com.kms.katalon.core.webui.keyword.internal.WebUIKeywordMain.runKeyword(WebUIKeywordMain.groovy:27)
	at com.kms.katalon.core.webui.keyword.builtin.ClickKeyword.click(ClickKeyword.groovy:86)
	at com.kms.katalon.core.webui.keyword.builtin.ClickKeyword.execute(ClickKeyword.groovy:67)
	at com.kms.katalon.core.keyword.internal.KeywordExecutor.executeKeywordForPlatform(KeywordExecutor.groovy:53)
	at com.kms.katalon.core.webui.keyword.WebUiBuiltInKeywords.click(WebUiBuiltInKeywords.groovy:616)
	at com.kms.katalon.core.webui.keyword.WebUiBuiltInKeywords$click$3.call(Unknown Source)
	at OTC_Submit Form 7_Section F-G-H - Cheque.run(OTC_Submit Form 7_Section F-G-H - Cheque:41)
	at com.kms.katalon.core.main.ScriptEngine.run(ScriptEngine.java:194)
	at com.kms.katalon.core.main.ScriptEngine.runScriptAsRawText(ScriptEngine.java:119)
	at com.kms.katalon.core.main.TestCaseExecutor.runScript(TestCaseExecutor.java:328)
	at com.kms.katalon.core.main.TestCaseExecutor.doExecute(TestCaseExecutor.java:319)
	at com.kms.katalon.core.main.TestCaseExecutor.processExecutionPhase(TestCaseExecutor.java:298)
	at com.kms.katalon.core.main.TestCaseExecutor.accessMainPhase(TestCaseExecutor.java:290)
	at com.kms.katalon.core.main.TestCaseExecutor.execute(TestCaseExecutor.java:224)
	at com.kms.katalon.core.main.TestCaseMain.runTestCase(TestCaseMain.java:106)
	at com.kms.katalon.core.keyword.builtin.CallTestCaseKeyword$_callTestCase_closure1.doCall(CallTestCaseKeyword.groovy:59)
	at com.kms.katalon.core.keyword.builtin.CallTestCaseKeyword$_callTestCase_closure1.call(CallTestCaseKeyword.groovy)
	at com.kms.katalon.core.keyword.internal.KeywordMain.runKeyword(KeywordMain.groovy:54)
	at com.kms.katalon.core.keyword.builtin.CallTestCaseKeyword.callTestCase(CallTestCaseKeyword.groovy:80)
	at com.kms.katalon.core.keyword.builtin.CallTestCaseKeyword.execute(CallTestCaseKeyword.groovy:44)
	at com.kms.katalon.core.keyword.internal.KeywordExecutor.executeKeywordForPlatform(KeywordExecutor.groovy:53)
	at com.kms.katalon.core.keyword.BuiltinKeywords.callTestCase(BuiltinKeywords.groovy:334)
	at OTC_Submit Form 7_End to End - Cheque.run(OTC_Submit Form 7_End to End - Cheque:26)
	at com.kms.katalon.core.main.ScriptEngine.run(ScriptEngine.java:194)
	at com.kms.katalon.core.main.ScriptEngine.runScriptAsRawText(ScriptEngine.java:119)
	at com.kms.katalon.core.main.TestCaseExecutor.runScript(TestCaseExecutor.java:328)
	at com.kms.katalon.core.main.TestCaseExecutor.doExecute(TestCaseExecutor.java:319)
	at com.kms.katalon.core.main.TestCaseExecutor.processExecutionPhase(TestCaseExecutor.java:298)
	at com.kms.katalon.core.main.TestCaseExecutor.accessMainPhase(TestCaseExecutor.java:290)
	at com.kms.katalon.core.main.TestCaseExecutor.execute(TestCaseExecutor.java:224)
	at com.kms.katalon.core.main.TestCaseMain.runTestCase(TestCaseMain.java:106)
	at com.kms.katalon.core.keyword.builtin.CallTestCaseKeyword$_callTestCase_closure1.doCall(CallTestCaseKeyword.groovy:59)
	at com.kms.katalon.core.keyword.builtin.CallTestCaseKeyword$_callTestCase_closure1.call(CallTestCaseKeyword.groovy)
	at com.kms.katalon.core.keyword.internal.KeywordMain.runKeyword(KeywordMain.groovy:54)
	at com.kms.katalon.core.keyword.builtin.CallTestCaseKeyword.callTestCase(CallTestCaseKeyword.groovy:80)
	at com.kms.katalon.core.keyword.builtin.CallTestCaseKeyword.execute(CallTestCaseKeyword.groovy:44)
	at com.kms.katalon.core.keyword.internal.KeywordExecutor.executeKeywordForPlatform(KeywordExecutor.groovy:53)
	at com.kms.katalon.core.keyword.BuiltinKeywords.callTestCase(BuiltinKeywords.groovy:334)
	at Approve Claim - Fill Up UJP - by OB.run(Approve Claim - Fill Up UJP - by OB:16)
	at com.kms.katalon.core.main.ScriptEngine.run(ScriptEngine.java:194)
	at com.kms.katalon.core.main.ScriptEngine.runScriptAsRawText(ScriptEngine.java:119)
	at com.kms.katalon.core.main.TestCaseExecutor.runScript(TestCaseExecutor.java:328)
	at com.kms.katalon.core.main.TestCaseExecutor.doExecute(TestCaseExecutor.java:319)
	at com.kms.katalon.core.main.TestCaseExecutor.processExecutionPhase(TestCaseExecutor.java:298)
	at com.kms.katalon.core.main.TestCaseExecutor.accessMainPhase(TestCaseExecutor.java:290)
	at com.kms.katalon.core.main.TestCaseExecutor.execute(TestCaseExecutor.java:224)
	at com.kms.katalon.core.main.TestSuiteExecutor.accessTestCaseMainPhase(TestSuiteExecutor.java:129)
	at com.kms.katalon.core.main.TestSuiteExecutor.accessTestSuiteMainPhase(TestSuiteExecutor.java:112)
	at com.kms.katalon.core.main.TestSuiteExecutor.execute(TestSuiteExecutor.java:81)
	at com.kms.katalon.core.main.TestCaseMain.startTestSuite(TestCaseMain.java:149)
	at com.kms.katalon.core.main.TestCaseMain$startTestSuite$0.call(Unknown Source)
	at TempTestSuite1550652525208.run(TempTestSuite1550652525208.groovy:36)


2019-02-20 19:33:47 - [TEST_CASE][FAILED] - Test Cases/All TC/Arranged/2. Segment/OTC_Submit Form 7_End to End - Cheque: Test Cases/All TC/Arranged/2. Segment/OTC_Submit Form 7_End to End - Cheque FAILED.
Reason:
com.kms.katalon.core.exception.StepFailedException: Unable to click on object 'Object Repository/KeatMun/Form 7_default/OTC_Submit Form 7_Section F-G-H/Page_PERKESO/G2. span_Isteri' (Root cause: com.kms.katalon.core.webui.exception.WebElementNotFoundException: Web element with id: 'Object Repository/KeatMun/Form 7_default/OTC_Submit Form 7_Section F-G-H/Page_PERKESO/G2. span_Isteri' located by 'By.xpath: //span[@id = 'select2-dependentList0dependentRelationId-container' and @title = 'Isteri' and (text() = 'Isteri' or . = 'Isteri')]' not found)
	at com.kms.katalon.core.keyword.internal.KeywordMain.stepFailed(KeywordMain.groovy:36)
	at com.kms.katalon.core.webui.keyword.internal.WebUIKeywordMain.stepFailed(WebUIKeywordMain.groovy:65)
	at com.kms.katalon.core.webui.keyword.internal.WebUIKeywordMain.runKeyword(WebUIKeywordMain.groovy:27)
	at com.kms.katalon.core.webui.keyword.builtin.ClickKeyword.click(ClickKeyword.groovy:86)
	at com.kms.katalon.core.webui.keyword.builtin.ClickKeyword.execute(ClickKeyword.groovy:67)
	at com.kms.katalon.core.keyword.internal.KeywordExecutor.executeKeywordForPlatform(KeywordExecutor.groovy:53)
	at com.kms.katalon.core.webui.keyword.WebUiBuiltInKeywords.click(WebUiBuiltInKeywords.groovy:616)
	at com.kms.katalon.core.webui.keyword.WebUiBuiltInKeywords$click$3.call(Unknown Source)
	at OTC_Submit Form 7_Section F-G-H - Cheque.run(OTC_Submit Form 7_Section F-G-H - Cheque:41)
	at com.kms.katalon.core.main.ScriptEngine.run(ScriptEngine.java:194)
	at com.kms.katalon.core.main.ScriptEngine.runScriptAsRawText(ScriptEngine.java:119)
	at com.kms.katalon.core.main.TestCaseExecutor.runScript(TestCaseExecutor.java:328)
	at com.kms.katalon.core.main.TestCaseExecutor.doExecute(TestCaseExecutor.java:319)
	at com.kms.katalon.core.main.TestCaseExecutor.processExecutionPhase(TestCaseExecutor.java:298)
	at com.kms.katalon.core.main.TestCaseExecutor.accessMainPhase(TestCaseExecutor.java:290)
	at com.kms.katalon.core.main.TestCaseExecutor.execute(TestCaseExecutor.java:224)
	at com.kms.katalon.core.main.TestCaseMain.runTestCase(TestCaseMain.java:106)
	at com.kms.katalon.core.keyword.builtin.CallTestCaseKeyword$_callTestCase_closure1.doCall(CallTestCaseKeyword.groovy:59)
	at com.kms.katalon.core.keyword.builtin.CallTestCaseKeyword$_callTestCase_closure1.call(CallTestCaseKeyword.groovy)
	at com.kms.katalon.core.keyword.internal.KeywordMain.runKeyword(KeywordMain.groovy:54)
	at com.kms.katalon.core.keyword.builtin.CallTestCaseKeyword.callTestCase(CallTestCaseKeyword.groovy:80)
	at com.kms.katalon.core.keyword.builtin.CallTestCaseKeyword.execute(CallTestCaseKeyword.groovy:44)
	at com.kms.katalon.core.keyword.internal.KeywordExecutor.executeKeywordForPlatform(KeywordExecutor.groovy:53)
	at com.kms.katalon.core.keyword.BuiltinKeywords.callTestCase(BuiltinKeywords.groovy:334)
	at OTC_Submit Form 7_End to End - Cheque.run(OTC_Submit Form 7_End to End - Cheque:26)
	at com.kms.katalon.core.main.ScriptEngine.run(ScriptEngine.java:194)
	at com.kms.katalon.core.main.ScriptEngine.runScriptAsRawText(ScriptEngine.java:119)
	at com.kms.katalon.core.main.TestCaseExecutor.runScript(TestCaseExecutor.java:328)
	at com.kms.katalon.core.main.TestCaseExecutor.doExecute(TestCaseExecutor.java:319)
	at com.kms.katalon.core.main.TestCaseExecutor.processExecutionPhase(TestCaseExecutor.java:298)
	at com.kms.katalon.core.main.TestCaseExecutor.accessMainPhase(TestCaseExecutor.java:290)
	at com.kms.katalon.core.main.TestCaseExecutor.execute(TestCaseExecutor.java:224)
	at com.kms.katalon.core.main.TestCaseMain.runTestCase(TestCaseMain.java:106)
	at com.kms.katalon.core.keyword.builtin.CallTestCaseKeyword$_callTestCase_closure1.doCall(CallTestCaseKeyword.groovy:59)
	at com.kms.katalon.core.keyword.builtin.CallTestCaseKeyword$_callTestCase_closure1.call(CallTestCaseKeyword.groovy)
	at com.kms.katalon.core.keyword.internal.KeywordMain.runKeyword(KeywordMain.groovy:54)
	at com.kms.katalon.core.keyword.builtin.CallTestCaseKeyword.callTestCase(CallTestCaseKeyword.groovy:80)
	at com.kms.katalon.core.keyword.builtin.CallTestCaseKeyword.execute(CallTestCaseKeyword.groovy:44)
	at com.kms.katalon.core.keyword.internal.KeywordExecutor.executeKeywordForPlatform(KeywordExecutor.groovy:53)
	at com.kms.katalon.core.keyword.BuiltinKeywords.callTestCase(BuiltinKeywords.groovy:334)
	at Approve Claim - Fill Up UJP - by OB.run(Approve Claim - Fill Up UJP - by OB:16)
	at com.kms.katalon.core.main.ScriptEngine.run(ScriptEngine.java:194)
	at com.kms.katalon.core.main.ScriptEngine.runScriptAsRawText(ScriptEngine.java:119)
	at com.kms.katalon.core.main.TestCaseExecutor.runScript(TestCaseExecutor.java:328)
	at com.kms.katalon.core.main.TestCaseExecutor.doExecute(TestCaseExecutor.java:319)
	at com.kms.katalon.core.main.TestCaseExecutor.processExecutionPhase(TestCaseExecutor.java:298)
	at com.kms.katalon.core.main.TestCaseExecutor.accessMainPhase(TestCaseExecutor.java:290)
	at com.kms.katalon.core.main.TestCaseExecutor.execute(TestCaseExecutor.java:224)
	at com.kms.katalon.core.main.TestSuiteExecutor.accessTestCaseMainPhase(TestSuiteExecutor.java:129)
	at com.kms.katalon.core.main.TestSuiteExecutor.accessTestSuiteMainPhase(TestSuiteExecutor.java:112)
	at com.kms.katalon.core.main.TestSuiteExecutor.execute(TestSuiteExecutor.java:81)
	at com.kms.katalon.core.main.TestCaseMain.startTestSuite(TestCaseMain.java:149)
	at com.kms.katalon.core.main.TestCaseMain$startTestSuite$0.call(Unknown Source)
	at TempTestSuite1550652525208.run(TempTestSuite1550652525208.groovy:36)


2019-02-20 19:33:47 - [TEST_STEP][PASSED] - callTestCase(findTestCase("All TC/Arranged/3. Unit/EI/Form 7_default/OTC_Application_Reg"), [:], STOP_ON_FAILURE): Call Test Case 'Test Cases/All TC/Arranged/3. Unit/EI/Form 7_default/OTC_Application_Reg' successfully

2019-02-20 19:33:47 - [TEST_CASE][PASSED] - Test Cases/All TC/Arranged/3. Unit/EI/Form 7_default/OTC_Application_Reg: Test Cases/All TC/Arranged/3. Unit/EI/Form 7_default/OTC_Application_Reg

2019-02-20 19:33:47 - [TEST_STEP][PASSED] - openBrowser(""): Browser is opened with url: ''

2019-02-20 19:33:47 - [MESSAGE][WARNING] - A browser is already opened. Closing browser and opening a new one

2019-02-20 19:33:49 - [MESSAGE][INFO] - Starting 'Chrome' driver

2019-02-20 19:33:49 - [MESSAGE][INFO] - User set preference: ['args', '[--start-maximized]']

2019-02-20 19:33:53 - [MESSAGE][PASSED] - Browser is opened with url: ''

2019-02-20 19:33:53 - [TEST_STEP][PASSED] - navigateToUrl(Internal_Login): Navigate to 'http://10.20.24.188/eisportal/user/login' successfully

2019-02-20 19:33:55 - [MESSAGE][PASSED] - Navigate to 'http://10.20.24.188/eisportal/user/login' successfully

2019-02-20 19:33:55 - [TEST_STEP][PASSED] - delay(3): Delayed 3 second(s)

2019-02-20 19:33:58 - [MESSAGE][PASSED] - Delayed 3 second(s)

2019-02-20 19:33:58 - [TEST_STEP][PASSED] - setText(findTestObject("KeatMun/Form 7_default/OTC_Application_Reg/Page_PERKESO/1.username"), "faizal.hamid@perkeso.gov.my"): Text 'faizal.hamid@perkeso.gov.my' is set on object 'Object Repository/KeatMun/Form 7_default/OTC_Application_Reg/Page_PERKESO/1.username'

2019-02-20 19:34:02 - [MESSAGE][PASSED] - Text 'faizal.hamid@perkeso.gov.my' is set on object 'Object Repository/KeatMun/Form 7_default/OTC_Application_Reg/Page_PERKESO/1.username'

2019-02-20 19:34:02 - [TEST_STEP][PASSED] - delay(1): Delayed 1 second(s)

2019-02-20 19:34:03 - [MESSAGE][PASSED] - Delayed 1 second(s)

2019-02-20 19:34:03 - [TEST_STEP][PASSED] - setEncryptedText(findTestObject("KeatMun/Form 7_default/OTC_Application_Reg/Page_PERKESO/2.password"), "CQqwFZlbeC8="): Text ****** has been set on object 'Object Repository/KeatMun/Form 7_default/OTC_Application_Reg/Page_PERKESO/2.password'

2019-02-20 19:34:07 - [MESSAGE][PASSED] - Text ****** has been set on object 'Object Repository/KeatMun/Form 7_default/OTC_Application_Reg/Page_PERKESO/2.password'

2019-02-20 19:34:07 - [TEST_STEP][PASSED] - delay(2): Delayed 2 second(s)

2019-02-20 19:34:09 - [MESSAGE][PASSED] - Delayed 2 second(s)

2019-02-20 19:34:09 - [TEST_STEP][PASSED] - click(findTestObject("KeatMun/Form 7_default/OTC_Application_Reg/Page_PERKESO/3.login button")): Object: 'Object Repository/KeatMun/Form 7_default/OTC_Application_Reg/Page_PERKESO/3.login button' is clicked on

2019-02-20 19:34:12 - [MESSAGE][PASSED] - Object: 'Object Repository/KeatMun/Form 7_default/OTC_Application_Reg/Page_PERKESO/3.login button' is clicked on

2019-02-20 19:34:12 - [TEST_STEP][PASSED] - delay(2): Delayed 2 second(s)

2019-02-20 19:34:14 - [MESSAGE][PASSED] - Delayed 2 second(s)

2019-02-20 19:34:14 - [TEST_STEP][PASSED] - click(findTestObject("KeatMun/Form 7_default/OTC_Application_Reg/Page_PERKESO/4. Permohonan tab")): Object: 'Object Repository/KeatMun/Form 7_default/OTC_Application_Reg/Page_PERKESO/4. Permohonan tab' is clicked on

2019-02-20 19:34:16 - [MESSAGE][PASSED] - Object: 'Object Repository/KeatMun/Form 7_default/OTC_Application_Reg/Page_PERKESO/4. Permohonan tab' is clicked on

2019-02-20 19:34:16 - [TEST_STEP][PASSED] - delay(2): Delayed 2 second(s)

2019-02-20 19:34:18 - [MESSAGE][PASSED] - Delayed 2 second(s)

2019-02-20 19:34:18 - [TEST_STEP][PASSED] - click(findTestObject("KeatMun/Form 7_default/OTC_Application_Reg/Page_PERKESO/5.button_Setuju")): Object: 'Object Repository/KeatMun/Form 7_default/OTC_Application_Reg/Page_PERKESO/5.button_Setuju' is clicked on

2019-02-20 19:34:21 - [MESSAGE][PASSED] - Object: 'Object Repository/KeatMun/Form 7_default/OTC_Application_Reg/Page_PERKESO/5.button_Setuju' is clicked on

2019-02-20 19:34:21 - [TEST_STEP][PASSED] - delay(2): Delayed 2 second(s)

2019-02-20 19:34:23 - [MESSAGE][PASSED] - Delayed 2 second(s)

2019-02-20 19:34:23 - [TEST_STEP][PASSED] - callTestCase(findTestCase("All TC/Arranged/1. Common/IC List Checker"), [:], STOP_ON_FAILURE): Call Test Case 'Test Cases/All TC/Arranged/1. Common/IC List Checker' successfully

2019-02-20 19:34:23 - [TEST_CASE][PASSED] - Test Cases/All TC/Arranged/1. Common/IC List Checker: Test Cases/All TC/Arranged/1. Common/IC List Checker

2019-02-20 19:34:23 - [TEST_STEP][PASSED] - counter = 0: null

2019-02-20 19:34:23 - [TEST_STEP][PASSED] - fis = new java.io.FileInputStream((internal.GlobalVariable.TextFilePathCommon + \IC.xlsx)): null

2019-02-20 19:34:23 - [TEST_STEP][PASSED] - workbook = new org.apache.poi.xssf.usermodel.XSSFWorkbook(fis): null

2019-02-20 19:34:23 - [TEST_STEP][PASSED] - sheet = workbook.getSheet("Sheet1"): null

2019-02-20 19:34:23 - [TEST_STEP][PASSED] - totalRow = sheet.getLastRowNum(): null

2019-02-20 19:34:23 - [TEST_STEP][PASSED] - out.println(totalRow): null

2019-02-20 19:34:23 - [TEST_STEP][PASSED] - row = sheet.getRow(counter): null

2019-02-20 19:34:23 - [TEST_STEP][PASSED] - cell = row.getCell(counter): null

2019-02-20 19:34:23 - [TEST_STEP][PASSED] - a = cell.getStringCellValue(): null

2019-02-20 19:34:23 - [TEST_STEP][PASSED] - IC = a: null

2019-02-20 19:34:23 - [TEST_STEP][PASSED] - out.println(IC): null

2019-02-20 19:34:23 - [TEST_STEP][PASSED] - callTestCase(findTestCase("All TC/Arranged/1. Common/1.2 Setter/Setter IC"), [:], STOP_ON_FAILURE): Call Test Case 'Test Cases/All TC/Arranged/1. Common/1.2 Setter/Setter IC' successfully

2019-02-20 19:34:23 - [TEST_CASE][PASSED] - Test Cases/All TC/Arranged/1. Common/1.2 Setter/Setter IC: Test Cases/All TC/Arranged/1. Common/1.2 Setter/Setter IC

2019-02-20 19:34:23 - [TEST_STEP][PASSED] - RefNoOldFile = new java.io.File((internal.GlobalVariable.TextFilePathCommon + \getIC.txt)): null

2019-02-20 19:34:23 - [TEST_STEP][PASSED] - RefNoOldFile.delete(): null

2019-02-20 19:34:23 - [TEST_STEP][PASSED] - delay(5): Delayed 5 second(s)

2019-02-20 19:34:28 - [MESSAGE][PASSED] - Delayed 5 second(s)

2019-02-20 19:34:28 - [TEST_STEP][PASSED] - RefNo = new java.io.File((internal.GlobalVariable.TextFilePathCommon + \getIC.txt)): null

2019-02-20 19:34:28 - [TEST_STEP][PASSED] - f2 = new java.io.FileWriter(RefNo, false): null

2019-02-20 19:34:28 - [TEST_STEP][PASSED] - f2.write(IC): null

2019-02-20 19:34:28 - [TEST_STEP][PASSED] - f2.close(): null

2019-02-20 19:34:28 - [TEST_STEP][PASSED] - out.println("


" + IC + "


"): null

2019-02-20 19:34:28 - [MESSAGE][PASSED] - Call Test Case 'Test Cases/All TC/Arranged/1. Common/1.2 Setter/Setter IC' successfully

2019-02-20 19:34:28 - [MESSAGE][PASSED] - Call Test Case 'Test Cases/All TC/Arranged/1. Common/IC List Checker' successfully

2019-02-20 19:34:28 - [TEST_STEP][PASSED] - setText(findTestObject("KeatMun/Form 7_default/OTC_Application_Reg/Page_PERKESO/6.No. Kad Pengenalan"), IC): Text '861023436638' is set on object 'Object Repository/KeatMun/Form 7_default/OTC_Application_Reg/Page_PERKESO/6.No. Kad Pengenalan'

2019-02-20 19:34:33 - [MESSAGE][PASSED] - Text '861023436638' is set on object 'Object Repository/KeatMun/Form 7_default/OTC_Application_Reg/Page_PERKESO/6.No. Kad Pengenalan'

2019-02-20 19:34:33 - [TEST_STEP][PASSED] - delay(2): Delayed 2 second(s)

2019-02-20 19:34:35 - [MESSAGE][PASSED] - Delayed 2 second(s)

2019-02-20 19:34:35 - [TEST_STEP][PASSED] - click(findTestObject("KeatMun/Form 7_default/OTC_Application_Reg/Page_PERKESO/7.button_Semak")): Object: 'Object Repository/KeatMun/Form 7_default/OTC_Application_Reg/Page_PERKESO/7.button_Semak' is clicked on

2019-02-20 19:34:37 - [MESSAGE][PASSED] - Object: 'Object Repository/KeatMun/Form 7_default/OTC_Application_Reg/Page_PERKESO/7.button_Semak' is clicked on

2019-02-20 19:34:37 - [TEST_STEP][PASSED] - delay(4): Delayed 4 second(s)

2019-02-20 19:34:41 - [MESSAGE][PASSED] - Delayed 4 second(s)

2019-02-20 19:34:41 - [TEST_STEP][PASSED] - click(findTestObject("KeatMun/Form 7_default/OTC_Application_Reg/Page_PERKESO/8. Nama Majikan Dropdown")): Object: 'Object Repository/KeatMun/Form 7_default/OTC_Application_Reg/Page_PERKESO/8. Nama Majikan Dropdown' is clicked on

2019-02-20 19:34:43 - [MESSAGE][PASSED] - Object: 'Object Repository/KeatMun/Form 7_default/OTC_Application_Reg/Page_PERKESO/8. Nama Majikan Dropdown' is clicked on

2019-02-20 19:34:43 - [TEST_STEP][PASSED] - setText(findTestObject("KeatMun/Form 7_default/OTC_Application_Reg/Page_PERKESO/8. LOE emp"), "pet"): Text 'pet' is set on object 'Object Repository/KeatMun/Form 7_default/OTC_Application_Reg/Page_PERKESO/8. LOE emp'

2019-02-20 19:34:47 - [MESSAGE][PASSED] - Text 'pet' is set on object 'Object Repository/KeatMun/Form 7_default/OTC_Application_Reg/Page_PERKESO/8. LOE emp'

2019-02-20 19:34:47 - [TEST_STEP][PASSED] - click(findTestObject("KeatMun/Form 7_default/OTC_Application_Reg/Page_PERKESO/8. PETRONAS")): Object: 'Object Repository/KeatMun/Form 7_default/OTC_Application_Reg/Page_PERKESO/8. PETRONAS' is clicked on

2019-02-20 19:34:49 - [MESSAGE][PASSED] - Object: 'Object Repository/KeatMun/Form 7_default/OTC_Application_Reg/Page_PERKESO/8. PETRONAS' is clicked on

2019-02-20 19:34:49 - [TEST_STEP][PASSED] - delay(2): Delayed 2 second(s)

2019-02-20 19:34:51 - [MESSAGE][PASSED] - Delayed 2 second(s)

2019-02-20 19:34:51 - [TEST_STEP][PASSED] - setText(findTestObject("KeatMun/Form 7_default/OTC_Application_Reg/Page_PERKESO/9.Tarikh kehilangan pkj"), "10/01/2019"): Text '10/01/2019' is set on object 'Object Repository/KeatMun/Form 7_default/OTC_Application_Reg/Page_PERKESO/9.Tarikh kehilangan pkj'

2019-02-20 19:34:56 - [MESSAGE][PASSED] - Text '10/01/2019' is set on object 'Object Repository/KeatMun/Form 7_default/OTC_Application_Reg/Page_PERKESO/9.Tarikh kehilangan pkj'

2019-02-20 19:34:56 - [TEST_STEP][PASSED] - delay(2): Delayed 2 second(s)

2019-02-20 19:34:58 - [MESSAGE][PASSED] - Delayed 2 second(s)

2019-02-20 19:34:58 - [TEST_STEP][PASSED] - click(findTestObject("KeatMun/Form 7_default/OTC_Application_Reg/Page_PERKESO/9. Date Picker Done Button ")): Object: 'Object Repository/KeatMun/Form 7_default/OTC_Application_Reg/Page_PERKESO/9. Date Picker Done Button ' is clicked on

2019-02-20 19:35:00 - [MESSAGE][PASSED] - Object: 'Object Repository/KeatMun/Form 7_default/OTC_Application_Reg/Page_PERKESO/9. Date Picker Done Button ' is clicked on

2019-02-20 19:35:00 - [TEST_STEP][PASSED] - delay(2): Delayed 2 second(s)

2019-02-20 19:35:02 - [MESSAGE][PASSED] - Delayed 2 second(s)

2019-02-20 19:35:02 - [TEST_STEP][PASSED] - click(findTestObject("KeatMun/Form 7_default/OTC_Application_Reg/Page_PERKESO/10.button_Mohon")): Object: 'Object Repository/KeatMun/Form 7_default/OTC_Application_Reg/Page_PERKESO/10.button_Mohon' is clicked on

2019-02-20 19:35:04 - [MESSAGE][PASSED] - Object: 'Object Repository/KeatMun/Form 7_default/OTC_Application_Reg/Page_PERKESO/10.button_Mohon' is clicked on

2019-02-20 19:35:04 - [TEST_STEP][PASSED] - delay(2): Delayed 2 second(s)

2019-02-20 19:35:06 - [MESSAGE][PASSED] - Delayed 2 second(s)

2019-02-20 19:35:06 - [TEST_STEP][PASSED] - setText(findTestObject("KeatMun/Form 7_default/OTC_Application_Reg/Page_PERKESO/11.Tarikh Terima_stampedDtS"), "10/01/2019"): Text '10/01/2019' is set on object 'Object Repository/KeatMun/Form 7_default/OTC_Application_Reg/Page_PERKESO/11.Tarikh Terima_stampedDtS'

2019-02-20 19:35:10 - [MESSAGE][PASSED] - Text '10/01/2019' is set on object 'Object Repository/KeatMun/Form 7_default/OTC_Application_Reg/Page_PERKESO/11.Tarikh Terima_stampedDtS'

2019-02-20 19:35:10 - [TEST_STEP][PASSED] - delay(2): Delayed 2 second(s)

2019-02-20 19:35:12 - [MESSAGE][PASSED] - Delayed 2 second(s)

2019-02-20 19:35:12 - [TEST_STEP][PASSED] - click(findTestObject("KeatMun/Form 7_default/OTC_Application_Reg/Page_PERKESO/11. Date Picker Done Button")): Object: 'Object Repository/KeatMun/Form 7_default/OTC_Application_Reg/Page_PERKESO/11. Date Picker Done Button' is clicked on

2019-02-20 19:35:14 - [MESSAGE][PASSED] - Object: 'Object Repository/KeatMun/Form 7_default/OTC_Application_Reg/Page_PERKESO/11. Date Picker Done Button' is clicked on

2019-02-20 19:35:14 - [TEST_STEP][PASSED] - delay(2): Delayed 2 second(s)

2019-02-20 19:35:16 - [MESSAGE][PASSED] - Delayed 2 second(s)

2019-02-20 19:35:16 - [TEST_STEP][PASSED] - click(findTestObject("KeatMun/Form 7_default/OTC_Application_Reg/Page_PERKESO/11.button_TERUSKAN")): Object: 'Object Repository/KeatMun/Form 7_default/OTC_Application_Reg/Page_PERKESO/11.button_TERUSKAN' is clicked on

2019-02-20 19:35:18 - [MESSAGE][PASSED] - Object: 'Object Repository/KeatMun/Form 7_default/OTC_Application_Reg/Page_PERKESO/11.button_TERUSKAN' is clicked on

2019-02-20 19:35:18 - [TEST_STEP][PASSED] - delay(2): Delayed 2 second(s)

2019-02-20 19:35:20 - [MESSAGE][PASSED] - Delayed 2 second(s)

2019-02-20 19:35:20 - [TEST_STEP][PASSED] - selectOptionByValue(findTestObject("KeatMun/Form 7_default/OTC_Application_Reg/Page_PERKESO/12.--Sila Pilih--PejabatPKS"), "22", true): All options with value '22' are selected in object 'Object Repository/KeatMun/Form 7_default/OTC_Application_Reg/Page_PERKESO/12.--Sila Pilih--PejabatPKS'  using regular expression

2019-02-20 19:36:51 - [MESSAGE][PASSED] - All options with value '22' are selected in object 'Object Repository/KeatMun/Form 7_default/OTC_Application_Reg/Page_PERKESO/12.--Sila Pilih--PejabatPKS'  using regular expression

2019-02-20 19:36:51 - [TEST_STEP][PASSED] - delay(2): Delayed 2 second(s)

2019-02-20 19:36:53 - [MESSAGE][PASSED] - Delayed 2 second(s)

2019-02-20 19:36:53 - [TEST_STEP][PASSED] - click(findTestObject("KeatMun/Form 7_default/OTC_Application_Reg/Page_PERKESO/13. Halaman Seterusnya")): Object: 'Object Repository/KeatMun/Form 7_default/OTC_Application_Reg/Page_PERKESO/13. Halaman Seterusnya' is clicked on

2019-02-20 19:36:55 - [MESSAGE][PASSED] - Object: 'Object Repository/KeatMun/Form 7_default/OTC_Application_Reg/Page_PERKESO/13. Halaman Seterusnya' is clicked on

2019-02-20 19:36:55 - [MESSAGE][PASSED] - Call Test Case 'Test Cases/All TC/Arranged/3. Unit/EI/Form 7_default/OTC_Application_Reg' successfully

2019-02-20 19:36:55 - [TEST_STEP][PASSED] - callTestCase(findTestCase("All TC/Arranged/3. Unit/EI/Form 7_default/OTC_Submit Form 7_Section A"), [:], STOP_ON_FAILURE): Call Test Case 'Test Cases/All TC/Arranged/3. Unit/EI/Form 7_default/OTC_Submit Form 7_Section A' successfully

2019-02-20 19:36:55 - [TEST_CASE][PASSED] - Test Cases/All TC/Arranged/3. Unit/EI/Form 7_default/OTC_Submit Form 7_Section A: Test Cases/All TC/Arranged/3. Unit/EI/Form 7_default/OTC_Submit Form 7_Section A

2019-02-20 19:36:55 - [TEST_STEP][PASSED] - delay(2): Delayed 2 second(s)

2019-02-20 19:36:57 - [MESSAGE][PASSED] - Delayed 2 second(s)

2019-02-20 19:36:57 - [TEST_STEP][PASSED] - setText(findTestObject("KeatMun/Form 7_default/OTC_Submit Form 7_Section A/Page_PERKESO/A4. EmployeeDob"), "10/01/2019"): Text '10/01/2019' is set on object 'Object Repository/KeatMun/Form 7_default/OTC_Submit Form 7_Section A/Page_PERKESO/A4. EmployeeDob'

2019-02-20 19:37:01 - [MESSAGE][PASSED] - Text '10/01/2019' is set on object 'Object Repository/KeatMun/Form 7_default/OTC_Submit Form 7_Section A/Page_PERKESO/A4. EmployeeDob'

2019-02-20 19:37:01 - [TEST_STEP][PASSED] - delay(2): Delayed 2 second(s)

2019-02-20 19:37:03 - [MESSAGE][PASSED] - Delayed 2 second(s)

2019-02-20 19:37:03 - [TEST_STEP][PASSED] - click(findTestObject("KeatMun/Form 7_default/OTC_Submit Form 7_Section A/Page_PERKESO/A5. Bangsa")): Object: 'Object Repository/KeatMun/Form 7_default/OTC_Submit Form 7_Section A/Page_PERKESO/A5. Bangsa' is clicked on

2019-02-20 19:37:05 - [MESSAGE][PASSED] - Object: 'Object Repository/KeatMun/Form 7_default/OTC_Submit Form 7_Section A/Page_PERKESO/A5. Bangsa' is clicked on

2019-02-20 19:37:05 - [TEST_STEP][PASSED] - click(findTestObject("KeatMun/Form 7_default/OTC_Submit Form 7_Section A/Page_PERKESO/A5. Bumiputera Sabah")): Object: 'Object Repository/KeatMun/Form 7_default/OTC_Submit Form 7_Section A/Page_PERKESO/A5. Bumiputera Sabah' is clicked on

2019-02-20 19:37:07 - [MESSAGE][PASSED] - Object: 'Object Repository/KeatMun/Form 7_default/OTC_Submit Form 7_Section A/Page_PERKESO/A5. Bumiputera Sabah' is clicked on

2019-02-20 19:37:07 - [TEST_STEP][PASSED] - delay(2): Delayed 2 second(s)

2019-02-20 19:37:09 - [MESSAGE][PASSED] - Delayed 2 second(s)

2019-02-20 19:37:09 - [TEST_STEP][PASSED] - click(findTestObject("KeatMun/Form 7_default/OTC_Submit Form 7_Section A/Page_PERKESO/A6. Jantina")): Object: 'Object Repository/KeatMun/Form 7_default/OTC_Submit Form 7_Section A/Page_PERKESO/A6. Jantina' is clicked on

2019-02-20 19:37:12 - [MESSAGE][PASSED] - Object: 'Object Repository/KeatMun/Form 7_default/OTC_Submit Form 7_Section A/Page_PERKESO/A6. Jantina' is clicked on

2019-02-20 19:37:12 - [TEST_STEP][PASSED] - click(findTestObject("KeatMun/Form 7_default/OTC_Submit Form 7_Section A/Page_PERKESO/A6. Lelaki")): Object: 'Object Repository/KeatMun/Form 7_default/OTC_Submit Form 7_Section A/Page_PERKESO/A6. Lelaki' is clicked on

2019-02-20 19:37:14 - [MESSAGE][PASSED] - Object: 'Object Repository/KeatMun/Form 7_default/OTC_Submit Form 7_Section A/Page_PERKESO/A6. Lelaki' is clicked on

2019-02-20 19:37:14 - [TEST_STEP][PASSED] - delay(2): Delayed 2 second(s)

2019-02-20 19:37:16 - [MESSAGE][PASSED] - Delayed 2 second(s)

2019-02-20 19:37:16 - [TEST_STEP][PASSED] - click(findTestObject("KeatMun/Form 7_default/OTC_Submit Form 7_Section A/Page_PERKESO/A7. Kewarganegaraan")): Object: 'Object Repository/KeatMun/Form 7_default/OTC_Submit Form 7_Section A/Page_PERKESO/A7. Kewarganegaraan' is clicked on

2019-02-20 19:37:18 - [MESSAGE][PASSED] - Object: 'Object Repository/KeatMun/Form 7_default/OTC_Submit Form 7_Section A/Page_PERKESO/A7. Kewarganegaraan' is clicked on

2019-02-20 19:37:18 - [TEST_STEP][PASSED] - click(findTestObject("KeatMun/Form 7_default/OTC_Submit Form 7_Section A/Page_PERKESO/A7. Malaysia")): Object: 'Object Repository/KeatMun/Form 7_default/OTC_Submit Form 7_Section A/Page_PERKESO/A7. Malaysia' is clicked on

2019-02-20 19:37:20 - [MESSAGE][PASSED] - Object: 'Object Repository/KeatMun/Form 7_default/OTC_Submit Form 7_Section A/Page_PERKESO/A7. Malaysia' is clicked on

2019-02-20 19:37:20 - [TEST_STEP][PASSED] - delay(2): Delayed 2 second(s)

2019-02-20 19:37:22 - [MESSAGE][PASSED] - Delayed 2 second(s)

2019-02-20 19:37:22 - [TEST_STEP][PASSED] - click(findTestObject("KeatMun/Form 7_default/OTC_Submit Form 7_Section A/Page_PERKESO/A8. Status Perkahwinan")): Object: 'Object Repository/KeatMun/Form 7_default/OTC_Submit Form 7_Section A/Page_PERKESO/A8. Status Perkahwinan' is clicked on

2019-02-20 19:37:24 - [MESSAGE][PASSED] - Object: 'Object Repository/KeatMun/Form 7_default/OTC_Submit Form 7_Section A/Page_PERKESO/A8. Status Perkahwinan' is clicked on

2019-02-20 19:37:24 - [TEST_STEP][PASSED] - click(findTestObject("KeatMun/Form 7_default/OTC_Submit Form 7_Section A/Page_PERKESO/A8. Bujang")): Object: 'Object Repository/KeatMun/Form 7_default/OTC_Submit Form 7_Section A/Page_PERKESO/A8. Bujang' is clicked on

2019-02-20 19:37:26 - [MESSAGE][PASSED] - Object: 'Object Repository/KeatMun/Form 7_default/OTC_Submit Form 7_Section A/Page_PERKESO/A8. Bujang' is clicked on

2019-02-20 19:37:26 - [TEST_STEP][PASSED] - delay(2): Delayed 2 second(s)

2019-02-20 19:37:28 - [MESSAGE][PASSED] - Delayed 2 second(s)

2019-02-20 19:37:28 - [TEST_STEP][PASSED] - setText(findTestObject("KeatMun/Form 7_default/OTC_Submit Form 7_Section A/Page_PERKESO/A9. Address1"), "qwertyuiop"): Text 'qwertyuiop' is set on object 'Object Repository/KeatMun/Form 7_default/OTC_Submit Form 7_Section A/Page_PERKESO/A9. Address1'

2019-02-20 19:37:33 - [MESSAGE][PASSED] - Text 'qwertyuiop' is set on object 'Object Repository/KeatMun/Form 7_default/OTC_Submit Form 7_Section A/Page_PERKESO/A9. Address1'

2019-02-20 19:37:33 - [TEST_STEP][PASSED] - delay(2): Delayed 2 second(s)

2019-02-20 19:37:35 - [MESSAGE][PASSED] - Delayed 2 second(s)

2019-02-20 19:37:35 - [TEST_STEP][PASSED] - click(findTestObject("KeatMun/Form 7_default/OTC_Submit Form 7_Section A/Page_PERKESO/A10. Negeri")): Object: 'Object Repository/KeatMun/Form 7_default/OTC_Submit Form 7_Section A/Page_PERKESO/A10. Negeri' is clicked on

2019-02-20 19:37:37 - [MESSAGE][PASSED] - Object: 'Object Repository/KeatMun/Form 7_default/OTC_Submit Form 7_Section A/Page_PERKESO/A10. Negeri' is clicked on

2019-02-20 19:37:37 - [TEST_STEP][PASSED] - click(findTestObject("KeatMun/Form 7_default/OTC_Submit Form 7_Section A/Page_PERKESO/A10. JOHOR")): Object: 'Object Repository/KeatMun/Form 7_default/OTC_Submit Form 7_Section A/Page_PERKESO/A10. JOHOR' is clicked on

2019-02-20 19:37:39 - [MESSAGE][PASSED] - Object: 'Object Repository/KeatMun/Form 7_default/OTC_Submit Form 7_Section A/Page_PERKESO/A10. JOHOR' is clicked on

2019-02-20 19:37:39 - [TEST_STEP][PASSED] - delay(2): Delayed 2 second(s)

2019-02-20 19:37:41 - [MESSAGE][PASSED] - Delayed 2 second(s)

2019-02-20 19:37:41 - [TEST_STEP][PASSED] - click(findTestObject("KeatMun/Form 7_default/OTC_Submit Form 7_Section A/Page_PERKESO/A11. --Sila Pilih--")): Object: 'Object Repository/KeatMun/Form 7_default/OTC_Submit Form 7_Section A/Page_PERKESO/A11. --Sila Pilih--' is clicked on

2019-02-20 19:37:43 - [MESSAGE][PASSED] - Object: 'Object Repository/KeatMun/Form 7_default/OTC_Submit Form 7_Section A/Page_PERKESO/A11. --Sila Pilih--' is clicked on

2019-02-20 19:37:43 - [TEST_STEP][PASSED] - setText(findTestObject("KeatMun/Form 7_default/OTC_Submit Form 7_Section A/Page_PERKESO/A11. Done_select2-search__fie (1)"), "jo"): Text 'jo' is set on object 'Object Repository/KeatMun/Form 7_default/OTC_Submit Form 7_Section A/Page_PERKESO/A11. Done_select2-search__fie (1)'

2019-02-20 19:37:47 - [MESSAGE][PASSED] - Text 'jo' is set on object 'Object Repository/KeatMun/Form 7_default/OTC_Submit Form 7_Section A/Page_PERKESO/A11. Done_select2-search__fie (1)'

2019-02-20 19:37:47 - [TEST_STEP][PASSED] - setText(findTestObject("KeatMun/Form 7_default/OTC_Submit Form 7_Section A/Page_PERKESO/A11. concat(id(  select2-city"), "jo"): Text 'jo' is set on object 'Object Repository/KeatMun/Form 7_default/OTC_Submit Form 7_Section A/Page_PERKESO/A11. concat(id(  select2-city'

2019-02-20 19:37:51 - [MESSAGE][PASSED] - Text 'jo' is set on object 'Object Repository/KeatMun/Form 7_default/OTC_Submit Form 7_Section A/Page_PERKESO/A11. concat(id(  select2-city'

2019-02-20 19:37:51 - [TEST_STEP][PASSED] - click(findTestObject("KeatMun/Form 7_default/OTC_Submit Form 7_Section A/Page_PERKESO/A11. JOHOR BAHRU")): Object: 'Object Repository/KeatMun/Form 7_default/OTC_Submit Form 7_Section A/Page_PERKESO/A11. JOHOR BAHRU' is clicked on

2019-02-20 19:37:54 - [MESSAGE][PASSED] - Object: 'Object Repository/KeatMun/Form 7_default/OTC_Submit Form 7_Section A/Page_PERKESO/A11. JOHOR BAHRU' is clicked on

2019-02-20 19:37:54 - [TEST_STEP][PASSED] - delay(2): Delayed 2 second(s)

2019-02-20 19:37:56 - [MESSAGE][PASSED] - Delayed 2 second(s)

2019-02-20 19:37:56 - [TEST_STEP][PASSED] - click(findTestObject("KeatMun/Form 7_default/OTC_Submit Form 7_Section A/Page_PERKESO/A12. --Sila Isikan--")): Object: 'Object Repository/KeatMun/Form 7_default/OTC_Submit Form 7_Section A/Page_PERKESO/A12. --Sila Isikan--' is clicked on

2019-02-20 19:37:58 - [MESSAGE][PASSED] - Object: 'Object Repository/KeatMun/Form 7_default/OTC_Submit Form 7_Section A/Page_PERKESO/A12. --Sila Isikan--' is clicked on

2019-02-20 19:37:58 - [TEST_STEP][PASSED] - setText(findTestObject("KeatMun/Form 7_default/OTC_Submit Form 7_Section A/Page_PERKESO/A11. Done_select2-search__fie"), "84"): Text '84' is set on object 'Object Repository/KeatMun/Form 7_default/OTC_Submit Form 7_Section A/Page_PERKESO/A11. Done_select2-search__fie'

2019-02-20 19:38:02 - [MESSAGE][PASSED] - Text '84' is set on object 'Object Repository/KeatMun/Form 7_default/OTC_Submit Form 7_Section A/Page_PERKESO/A11. Done_select2-search__fie'

2019-02-20 19:38:02 - [TEST_STEP][PASSED] - click(findTestObject("KeatMun/Form 7_default/OTC_Submit Form 7_Section A/Page_PERKESO/A12. 84000")): Object: 'Object Repository/KeatMun/Form 7_default/OTC_Submit Form 7_Section A/Page_PERKESO/A12. 84000' is clicked on

2019-02-20 19:38:04 - [MESSAGE][PASSED] - Object: 'Object Repository/KeatMun/Form 7_default/OTC_Submit Form 7_Section A/Page_PERKESO/A12. 84000' is clicked on

2019-02-20 19:38:04 - [TEST_STEP][PASSED] - delay(2): Delayed 2 second(s)

2019-02-20 19:38:06 - [MESSAGE][PASSED] - Delayed 2 second(s)

2019-02-20 19:38:06 - [TEST_STEP][PASSED] - setText(findTestObject("KeatMun/Form 7_default/OTC_Submit Form 7_Section A/Page_PERKESO/A13. mobileContact1"), "1234567890"): Text '1234567890' is set on object 'Object Repository/KeatMun/Form 7_default/OTC_Submit Form 7_Section A/Page_PERKESO/A13. mobileContact1'

2019-02-20 19:38:10 - [MESSAGE][PASSED] - Text '1234567890' is set on object 'Object Repository/KeatMun/Form 7_default/OTC_Submit Form 7_Section A/Page_PERKESO/A13. mobileContact1'

2019-02-20 19:38:10 - [TEST_STEP][PASSED] - delay(2): Delayed 2 second(s)

2019-02-20 19:38:12 - [MESSAGE][PASSED] - Delayed 2 second(s)

2019-02-20 19:38:12 - [TEST_STEP][PASSED] - click(findTestObject("KeatMun/Form 7_default/OTC_Submit Form 7_Section A/Page_PERKESO/A14. Halaman Seterusnya")): Object: 'Object Repository/KeatMun/Form 7_default/OTC_Submit Form 7_Section A/Page_PERKESO/A14. Halaman Seterusnya' is clicked on

2019-02-20 19:38:15 - [MESSAGE][PASSED] - Object: 'Object Repository/KeatMun/Form 7_default/OTC_Submit Form 7_Section A/Page_PERKESO/A14. Halaman Seterusnya' is clicked on

2019-02-20 19:38:15 - [TEST_STEP][PASSED] - delay(2): Delayed 2 second(s)

2019-02-20 19:38:17 - [MESSAGE][PASSED] - Delayed 2 second(s)

2019-02-20 19:38:17 - [MESSAGE][PASSED] - Call Test Case 'Test Cases/All TC/Arranged/3. Unit/EI/Form 7_default/OTC_Submit Form 7_Section A' successfully

2019-02-20 19:38:17 - [TEST_STEP][PASSED] - callTestCase(findTestCase("All TC/Arranged/3. Unit/EI/Form 7_default/OTC_Submit Form 7_Section B"), [:], STOP_ON_FAILURE): Call Test Case 'Test Cases/All TC/Arranged/3. Unit/EI/Form 7_default/OTC_Submit Form 7_Section B' successfully

2019-02-20 19:38:17 - [TEST_CASE][PASSED] - Test Cases/All TC/Arranged/3. Unit/EI/Form 7_default/OTC_Submit Form 7_Section B: Test Cases/All TC/Arranged/3. Unit/EI/Form 7_default/OTC_Submit Form 7_Section B

2019-02-20 19:38:17 - [TEST_STEP][PASSED] - delay(3): Delayed 3 second(s)

2019-02-20 19:38:20 - [MESSAGE][PASSED] - Delayed 3 second(s)

2019-02-20 19:38:20 - [TEST_STEP][PASSED] - click(findTestObject("KeatMun/Form 7_default/OTC_Submit Form 7_Section B/Page_PERKESO/B1. Jawatan")): Object: 'Object Repository/KeatMun/Form 7_default/OTC_Submit Form 7_Section B/Page_PERKESO/B1. Jawatan' is clicked on

2019-02-20 19:38:22 - [MESSAGE][PASSED] - Object: 'Object Repository/KeatMun/Form 7_default/OTC_Submit Form 7_Section B/Page_PERKESO/B1. Jawatan' is clicked on

2019-02-20 19:38:22 - [TEST_STEP][PASSED] - setText(findTestObject("KeatMun/Form 7_default/OTC_Submit Form 7_Section B/Page_PERKESO/B1. concat(id(  select2-posi"), "re"): Text 're' is set on object 'Object Repository/KeatMun/Form 7_default/OTC_Submit Form 7_Section B/Page_PERKESO/B1. concat(id(  select2-posi'

2019-02-20 19:38:26 - [MESSAGE][PASSED] - Text 're' is set on object 'Object Repository/KeatMun/Form 7_default/OTC_Submit Form 7_Section B/Page_PERKESO/B1. concat(id(  select2-posi'

2019-02-20 19:38:26 - [TEST_STEP][PASSED] - setText(findTestObject("KeatMun/Form 7_default/OTC_Submit Form 7_Section B/Page_PERKESO/B1. Done_select2-search__fie"), "re"): Text 're' is set on object 'Object Repository/KeatMun/Form 7_default/OTC_Submit Form 7_Section B/Page_PERKESO/B1. Done_select2-search__fie'

2019-02-20 19:38:30 - [MESSAGE][PASSED] - Text 're' is set on object 'Object Repository/KeatMun/Form 7_default/OTC_Submit Form 7_Section B/Page_PERKESO/B1. Done_select2-search__fie'

2019-02-20 19:38:30 - [TEST_STEP][PASSED] - click(findTestObject("KeatMun/Form 7_default/OTC_Submit Form 7_Section B/Page_PERKESO/B1. Arkitek Reka Bentuk")): Object: 'Object Repository/KeatMun/Form 7_default/OTC_Submit Form 7_Section B/Page_PERKESO/B1. Arkitek Reka Bentuk' is clicked on

2019-02-20 19:38:32 - [MESSAGE][PASSED] - Object: 'Object Repository/KeatMun/Form 7_default/OTC_Submit Form 7_Section B/Page_PERKESO/B1. Arkitek Reka Bentuk' is clicked on

2019-02-20 19:38:32 - [TEST_STEP][PASSED] - delay(2): Delayed 2 second(s)

2019-02-20 19:38:34 - [MESSAGE][PASSED] - Delayed 2 second(s)

2019-02-20 19:38:34 - [TEST_STEP][PASSED] - setText(findTestObject("KeatMun/Form 7_default/OTC_Submit Form 7_Section B/Page_PERKESO/B2. lastEmploymentStartDtSt"), "10/01/2019"): Text '10/01/2019' is set on object 'Object Repository/KeatMun/Form 7_default/OTC_Submit Form 7_Section B/Page_PERKESO/B2. lastEmploymentStartDtSt'

2019-02-20 19:38:39 - [MESSAGE][PASSED] - Text '10/01/2019' is set on object 'Object Repository/KeatMun/Form 7_default/OTC_Submit Form 7_Section B/Page_PERKESO/B2. lastEmploymentStartDtSt'

2019-02-20 19:38:39 - [TEST_STEP][PASSED] - delay(2): Delayed 2 second(s)

2019-02-20 19:38:41 - [MESSAGE][PASSED] - Delayed 2 second(s)

2019-02-20 19:38:41 - [TEST_STEP][PASSED] - click(findTestObject("KeatMun/Form 7_default/OTC_Submit Form 7_Section B/Page_PERKESO/B4. Status Perkejaan")): Object: 'Object Repository/KeatMun/Form 7_default/OTC_Submit Form 7_Section B/Page_PERKESO/B4. Status Perkejaan' is clicked on

2019-02-20 19:38:43 - [MESSAGE][PASSED] - Object: 'Object Repository/KeatMun/Form 7_default/OTC_Submit Form 7_Section B/Page_PERKESO/B4. Status Perkejaan' is clicked on

2019-02-20 19:38:43 - [TEST_STEP][PASSED] - click(findTestObject("KeatMun/Form 7_default/OTC_Submit Form 7_Section B/Page_PERKESO/B4. Tetap")): Object: 'Object Repository/KeatMun/Form 7_default/OTC_Submit Form 7_Section B/Page_PERKESO/B4. Tetap' is clicked on

2019-02-20 19:38:45 - [MESSAGE][PASSED] - Object: 'Object Repository/KeatMun/Form 7_default/OTC_Submit Form 7_Section B/Page_PERKESO/B4. Tetap' is clicked on

2019-02-20 19:38:45 - [TEST_STEP][PASSED] - delay(2): Delayed 2 second(s)

2019-02-20 19:38:47 - [MESSAGE][PASSED] - Delayed 2 second(s)

2019-02-20 19:38:47 - [TEST_STEP][PASSED] - setText(findTestObject("KeatMun/Form 7_default/OTC_Submit Form 7_Section B/Page_PERKESO/B5. Gaji (RM)_salary1"), "4000"): Text '4000' is set on object 'Object Repository/KeatMun/Form 7_default/OTC_Submit Form 7_Section B/Page_PERKESO/B5. Gaji (RM)_salary1'

2019-02-20 19:38:51 - [MESSAGE][PASSED] - Text '4000' is set on object 'Object Repository/KeatMun/Form 7_default/OTC_Submit Form 7_Section B/Page_PERKESO/B5. Gaji (RM)_salary1'

2019-02-20 19:38:51 - [TEST_STEP][PASSED] - delay(2): Delayed 2 second(s)

2019-02-20 19:38:53 - [MESSAGE][PASSED] - Delayed 2 second(s)

2019-02-20 19:38:53 - [TEST_STEP][PASSED] - setText(findTestObject("KeatMun/Form 7_default/OTC_Submit Form 7_Section B/Page_PERKESO/B5. Gaji (RM)_salary2"), "4000"): Text '4000' is set on object 'Object Repository/KeatMun/Form 7_default/OTC_Submit Form 7_Section B/Page_PERKESO/B5. Gaji (RM)_salary2'

2019-02-20 19:38:57 - [MESSAGE][PASSED] - Text '4000' is set on object 'Object Repository/KeatMun/Form 7_default/OTC_Submit Form 7_Section B/Page_PERKESO/B5. Gaji (RM)_salary2'

2019-02-20 19:38:57 - [TEST_STEP][PASSED] - delay(2): Delayed 2 second(s)

2019-02-20 19:38:59 - [MESSAGE][PASSED] - Delayed 2 second(s)

2019-02-20 19:38:59 - [TEST_STEP][PASSED] - setText(findTestObject("KeatMun/Form 7_default/OTC_Submit Form 7_Section B/Page_PERKESO/B5. Gaji (RM)_salary3"), "4000"): Text '4000' is set on object 'Object Repository/KeatMun/Form 7_default/OTC_Submit Form 7_Section B/Page_PERKESO/B5. Gaji (RM)_salary3'

2019-02-20 19:39:04 - [MESSAGE][PASSED] - Text '4000' is set on object 'Object Repository/KeatMun/Form 7_default/OTC_Submit Form 7_Section B/Page_PERKESO/B5. Gaji (RM)_salary3'

2019-02-20 19:39:04 - [TEST_STEP][PASSED] - delay(2): Delayed 2 second(s)

2019-02-20 19:39:06 - [MESSAGE][PASSED] - Delayed 2 second(s)

2019-02-20 19:39:06 - [TEST_STEP][PASSED] - setText(findTestObject("KeatMun/Form 7_default/OTC_Submit Form 7_Section B/Page_PERKESO/B5. Gaji (RM)_salary4"), "4000"): Text '4000' is set on object 'Object Repository/KeatMun/Form 7_default/OTC_Submit Form 7_Section B/Page_PERKESO/B5. Gaji (RM)_salary4'

2019-02-20 19:39:10 - [MESSAGE][PASSED] - Text '4000' is set on object 'Object Repository/KeatMun/Form 7_default/OTC_Submit Form 7_Section B/Page_PERKESO/B5. Gaji (RM)_salary4'

2019-02-20 19:39:10 - [TEST_STEP][PASSED] - delay(2): Delayed 2 second(s)

2019-02-20 19:39:12 - [MESSAGE][PASSED] - Delayed 2 second(s)

2019-02-20 19:39:12 - [TEST_STEP][PASSED] - setText(findTestObject("KeatMun/Form 7_default/OTC_Submit Form 7_Section B/Page_PERKESO/B5. Gaji (RM)_salary5"), "4000"): Text '4000' is set on object 'Object Repository/KeatMun/Form 7_default/OTC_Submit Form 7_Section B/Page_PERKESO/B5. Gaji (RM)_salary5'

2019-02-20 19:39:16 - [MESSAGE][PASSED] - Text '4000' is set on object 'Object Repository/KeatMun/Form 7_default/OTC_Submit Form 7_Section B/Page_PERKESO/B5. Gaji (RM)_salary5'

2019-02-20 19:39:16 - [TEST_STEP][PASSED] - delay(2): Delayed 2 second(s)

2019-02-20 19:39:18 - [MESSAGE][PASSED] - Delayed 2 second(s)

2019-02-20 19:39:18 - [TEST_STEP][PASSED] - setText(findTestObject("KeatMun/Form 7_default/OTC_Submit Form 7_Section B/Page_PERKESO/B5. Gaji (RM)_salary6"), "4000"): Text '4000' is set on object 'Object Repository/KeatMun/Form 7_default/OTC_Submit Form 7_Section B/Page_PERKESO/B5. Gaji (RM)_salary6'

2019-02-20 19:39:22 - [MESSAGE][PASSED] - Text '4000' is set on object 'Object Repository/KeatMun/Form 7_default/OTC_Submit Form 7_Section B/Page_PERKESO/B5. Gaji (RM)_salary6'

2019-02-20 19:39:22 - [TEST_STEP][PASSED] - delay(2): Delayed 2 second(s)

2019-02-20 19:39:24 - [MESSAGE][PASSED] - Delayed 2 second(s)

2019-02-20 19:39:24 - [TEST_STEP][PASSED] - click(findTestObject("KeatMun/Form 7_default/OTC_Submit Form 7_Section B/Page_PERKESO/B6. Reason JobLost")): Object: 'Object Repository/KeatMun/Form 7_default/OTC_Submit Form 7_Section B/Page_PERKESO/B6. Reason JobLost' is clicked on

2019-02-20 19:39:26 - [MESSAGE][PASSED] - Object: 'Object Repository/KeatMun/Form 7_default/OTC_Submit Form 7_Section B/Page_PERKESO/B6. Reason JobLost' is clicked on

2019-02-20 19:39:26 - [TEST_STEP][PASSED] - click(findTestObject("KeatMun/Form 7_default/OTC_Submit Form 7_Section B/Page_PERKESO/B6. Bencana alam (cth banjir ke")): Object: 'Object Repository/KeatMun/Form 7_default/OTC_Submit Form 7_Section B/Page_PERKESO/B6. Bencana alam (cth banjir ke' is clicked on

2019-02-20 19:39:28 - [MESSAGE][PASSED] - Object: 'Object Repository/KeatMun/Form 7_default/OTC_Submit Form 7_Section B/Page_PERKESO/B6. Bencana alam (cth banjir ke' is clicked on

2019-02-20 19:39:28 - [TEST_STEP][PASSED] - delay(3): Delayed 3 second(s)

2019-02-20 19:39:31 - [MESSAGE][PASSED] - Delayed 3 second(s)

2019-02-20 19:39:31 - [TEST_STEP][PASSED] - setText(findTestObject("KeatMun/Form 7_default/OTC_Submit Form 7_Section B/Page_PERKESO/B7. AverageWorkingHour"), "8"): Text '8' is set on object 'Object Repository/KeatMun/Form 7_default/OTC_Submit Form 7_Section B/Page_PERKESO/B7. AverageWorkingHour'

2019-02-20 19:39:36 - [MESSAGE][PASSED] - Text '8' is set on object 'Object Repository/KeatMun/Form 7_default/OTC_Submit Form 7_Section B/Page_PERKESO/B7. AverageWorkingHour'

2019-02-20 19:39:36 - [TEST_STEP][PASSED] - delay(2): Delayed 2 second(s)

2019-02-20 19:39:38 - [MESSAGE][PASSED] - Delayed 2 second(s)

2019-02-20 19:39:38 - [TEST_STEP][PASSED] - click(findTestObject("KeatMun/Form 7_default/OTC_Submit Form 7_Section B/Page_PERKESO/B8. Tidak_compensationInd")): Object: 'Object Repository/KeatMun/Form 7_default/OTC_Submit Form 7_Section B/Page_PERKESO/B8. Tidak_compensationInd' is clicked on

2019-02-20 19:39:40 - [MESSAGE][PASSED] - Object: 'Object Repository/KeatMun/Form 7_default/OTC_Submit Form 7_Section B/Page_PERKESO/B8. Tidak_compensationInd' is clicked on

2019-02-20 19:39:40 - [TEST_STEP][PASSED] - delay(1): Delayed 1 second(s)

2019-02-20 19:39:41 - [MESSAGE][PASSED] - Delayed 1 second(s)

2019-02-20 19:39:41 - [TEST_STEP][PASSED] - click(findTestObject("KeatMun/Form 7_default/OTC_Submit Form 7_Section B/Page_PERKESO/B9. Tidak_fileCaseInd")): Object: 'Object Repository/KeatMun/Form 7_default/OTC_Submit Form 7_Section B/Page_PERKESO/B9. Tidak_fileCaseInd' is clicked on

2019-02-20 19:39:43 - [MESSAGE][PASSED] - Object: 'Object Repository/KeatMun/Form 7_default/OTC_Submit Form 7_Section B/Page_PERKESO/B9. Tidak_fileCaseInd' is clicked on

2019-02-20 19:39:43 - [TEST_STEP][PASSED] - delay(1): Delayed 1 second(s)

2019-02-20 19:39:44 - [MESSAGE][PASSED] - Delayed 1 second(s)

2019-02-20 19:39:44 - [TEST_STEP][PASSED] - click(findTestObject("KeatMun/Form 7_default/OTC_Submit Form 7_Section B/Page_PERKESO/B10. Tidak_unregisterCaseInd")): Object: 'Object Repository/KeatMun/Form 7_default/OTC_Submit Form 7_Section B/Page_PERKESO/B10. Tidak_unregisterCaseInd' is clicked on

2019-02-20 19:39:46 - [MESSAGE][PASSED] - Object: 'Object Repository/KeatMun/Form 7_default/OTC_Submit Form 7_Section B/Page_PERKESO/B10. Tidak_unregisterCaseInd' is clicked on

2019-02-20 19:39:46 - [TEST_STEP][PASSED] - delay(2): Delayed 2 second(s)

2019-02-20 19:39:48 - [MESSAGE][PASSED] - Delayed 2 second(s)

2019-02-20 19:39:48 - [TEST_STEP][PASSED] - click(findTestObject("KeatMun/Form 7_default/OTC_Submit Form 7_Section B/Page_PERKESO/B11. Halaman Seterusnya")): Object: 'Object Repository/KeatMun/Form 7_default/OTC_Submit Form 7_Section B/Page_PERKESO/B11. Halaman Seterusnya' is clicked on

2019-02-20 19:39:50 - [MESSAGE][PASSED] - Object: 'Object Repository/KeatMun/Form 7_default/OTC_Submit Form 7_Section B/Page_PERKESO/B11. Halaman Seterusnya' is clicked on

2019-02-20 19:39:50 - [TEST_STEP][PASSED] - delay(3): Delayed 3 second(s)

2019-02-20 19:39:53 - [MESSAGE][PASSED] - Delayed 3 second(s)

2019-02-20 19:39:53 - [MESSAGE][PASSED] - Call Test Case 'Test Cases/All TC/Arranged/3. Unit/EI/Form 7_default/OTC_Submit Form 7_Section B' successfully

2019-02-20 19:39:53 - [TEST_STEP][PASSED] - callTestCase(findTestCase("All TC/Arranged/3. Unit/EI/Form 7_default/OTC_Submit Form 7_Section C"), [:], STOP_ON_FAILURE): Call Test Case 'Test Cases/All TC/Arranged/3. Unit/EI/Form 7_default/OTC_Submit Form 7_Section C' successfully

2019-02-20 19:39:53 - [TEST_CASE][PASSED] - Test Cases/All TC/Arranged/3. Unit/EI/Form 7_default/OTC_Submit Form 7_Section C: Test Cases/All TC/Arranged/3. Unit/EI/Form 7_default/OTC_Submit Form 7_Section C

2019-02-20 19:39:53 - [TEST_STEP][PASSED] - delay(2): Delayed 2 second(s)

2019-02-20 19:39:55 - [MESSAGE][PASSED] - Delayed 2 second(s)

2019-02-20 19:39:55 - [TEST_STEP][PASSED] - setText(findTestObject("KeatMun/Form 7_default/OTC_Submit Form 7_Section C/Page_PERKESO/C4. EmployerInfo"), "qwertyuiop"): Text 'qwertyuiop' is set on object 'Object Repository/KeatMun/Form 7_default/OTC_Submit Form 7_Section C/Page_PERKESO/C4. EmployerInfo'

2019-02-20 19:40:00 - [MESSAGE][PASSED] - Text 'qwertyuiop' is set on object 'Object Repository/KeatMun/Form 7_default/OTC_Submit Form 7_Section C/Page_PERKESO/C4. EmployerInfo'

2019-02-20 19:40:00 - [TEST_STEP][PASSED] - delay(2): Delayed 2 second(s)

2019-02-20 19:40:02 - [MESSAGE][PASSED] - Delayed 2 second(s)

2019-02-20 19:40:02 - [TEST_STEP][PASSED] - click(findTestObject("KeatMun/Form 7_default/OTC_Submit Form 7_Section C/Page_PERKESO/C5. Negeri")): Object: 'Object Repository/KeatMun/Form 7_default/OTC_Submit Form 7_Section C/Page_PERKESO/C5. Negeri' is clicked on

2019-02-20 19:40:04 - [MESSAGE][PASSED] - Object: 'Object Repository/KeatMun/Form 7_default/OTC_Submit Form 7_Section C/Page_PERKESO/C5. Negeri' is clicked on

2019-02-20 19:40:04 - [TEST_STEP][PASSED] - delay(2): Delayed 2 second(s)

2019-02-20 19:40:06 - [MESSAGE][PASSED] - Delayed 2 second(s)

2019-02-20 19:40:06 - [TEST_STEP][PASSED] - click(findTestObject("KeatMun/Form 7_default/OTC_Submit Form 7_Section C/Page_PERKESO/C5. JOHOR")): Object: 'Object Repository/KeatMun/Form 7_default/OTC_Submit Form 7_Section C/Page_PERKESO/C5. JOHOR' is clicked on

2019-02-20 19:40:08 - [MESSAGE][PASSED] - Object: 'Object Repository/KeatMun/Form 7_default/OTC_Submit Form 7_Section C/Page_PERKESO/C5. JOHOR' is clicked on

2019-02-20 19:40:08 - [TEST_STEP][PASSED] - delay(3): Delayed 3 second(s)

2019-02-20 19:40:11 - [MESSAGE][PASSED] - Delayed 3 second(s)

2019-02-20 19:40:11 - [TEST_STEP][PASSED] - click(findTestObject("KeatMun/Form 7_default/OTC_Submit Form 7_Section C/Page_PERKESO/C6. City")): Object: 'Object Repository/KeatMun/Form 7_default/OTC_Submit Form 7_Section C/Page_PERKESO/C6. City' is clicked on

2019-02-20 19:40:13 - [MESSAGE][PASSED] - Object: 'Object Repository/KeatMun/Form 7_default/OTC_Submit Form 7_Section C/Page_PERKESO/C6. City' is clicked on

2019-02-20 19:40:13 - [TEST_STEP][PASSED] - delay(2): Delayed 2 second(s)

2019-02-20 19:40:15 - [MESSAGE][PASSED] - Delayed 2 second(s)

2019-02-20 19:40:15 - [TEST_STEP][PASSED] - setText(findTestObject("KeatMun/Form 7_default/OTC_Submit Form 7_Section C/Page_PERKESO/C6. Done_select2-search__fie"), "jo"): Text 'jo' is set on object 'Object Repository/KeatMun/Form 7_default/OTC_Submit Form 7_Section C/Page_PERKESO/C6. Done_select2-search__fie'

2019-02-20 19:40:19 - [MESSAGE][PASSED] - Text 'jo' is set on object 'Object Repository/KeatMun/Form 7_default/OTC_Submit Form 7_Section C/Page_PERKESO/C6. Done_select2-search__fie'

2019-02-20 19:40:19 - [TEST_STEP][PASSED] - setText(findTestObject("KeatMun/Form 7_default/OTC_Submit Form 7_Section C/Page_PERKESO/C6. Concat(id(  select2-city"), "jo"): Text 'jo' is set on object 'Object Repository/KeatMun/Form 7_default/OTC_Submit Form 7_Section C/Page_PERKESO/C6. Concat(id(  select2-city'

2019-02-20 19:40:23 - [MESSAGE][PASSED] - Text 'jo' is set on object 'Object Repository/KeatMun/Form 7_default/OTC_Submit Form 7_Section C/Page_PERKESO/C6. Concat(id(  select2-city'

2019-02-20 19:40:23 - [TEST_STEP][PASSED] - click(findTestObject("KeatMun/Form 7_default/OTC_Submit Form 7_Section C/Page_PERKESO/C6. JOHOR BAHRU")): Object: 'Object Repository/KeatMun/Form 7_default/OTC_Submit Form 7_Section C/Page_PERKESO/C6. JOHOR BAHRU' is clicked on

2019-02-20 19:40:26 - [MESSAGE][PASSED] - Object: 'Object Repository/KeatMun/Form 7_default/OTC_Submit Form 7_Section C/Page_PERKESO/C6. JOHOR BAHRU' is clicked on

2019-02-20 19:40:26 - [TEST_STEP][PASSED] - delay(3): Delayed 3 second(s)

2019-02-20 19:40:29 - [MESSAGE][PASSED] - Delayed 3 second(s)

2019-02-20 19:40:29 - [TEST_STEP][PASSED] - click(findTestObject("KeatMun/Form 7_default/OTC_Submit Form 7_Section C/Page_PERKESO/C7. --Sila Isikan--")): Object: 'Object Repository/KeatMun/Form 7_default/OTC_Submit Form 7_Section C/Page_PERKESO/C7. --Sila Isikan--' is clicked on

2019-02-20 19:40:31 - [MESSAGE][PASSED] - Object: 'Object Repository/KeatMun/Form 7_default/OTC_Submit Form 7_Section C/Page_PERKESO/C7. --Sila Isikan--' is clicked on

2019-02-20 19:40:31 - [TEST_STEP][PASSED] - delay(2): Delayed 2 second(s)

2019-02-20 19:40:33 - [MESSAGE][PASSED] - Delayed 2 second(s)

2019-02-20 19:40:33 - [TEST_STEP][PASSED] - setText(findTestObject("KeatMun/Form 7_default/OTC_Submit Form 7_Section C/Page_PERKESO/C7. Done_select2-search__fie"), "84"): Text '84' is set on object 'Object Repository/KeatMun/Form 7_default/OTC_Submit Form 7_Section C/Page_PERKESO/C7. Done_select2-search__fie'

2019-02-20 19:40:37 - [MESSAGE][PASSED] - Text '84' is set on object 'Object Repository/KeatMun/Form 7_default/OTC_Submit Form 7_Section C/Page_PERKESO/C7. Done_select2-search__fie'

2019-02-20 19:40:37 - [TEST_STEP][PASSED] - setText(findTestObject("KeatMun/Form 7_default/OTC_Submit Form 7_Section C/Page_PERKESO/C7. Concat(id(  select2-post"), "84"): Text '84' is set on object 'Object Repository/KeatMun/Form 7_default/OTC_Submit Form 7_Section C/Page_PERKESO/C7. Concat(id(  select2-post'

2019-02-20 19:40:41 - [MESSAGE][PASSED] - Text '84' is set on object 'Object Repository/KeatMun/Form 7_default/OTC_Submit Form 7_Section C/Page_PERKESO/C7. Concat(id(  select2-post'

2019-02-20 19:40:41 - [TEST_STEP][PASSED] - click(findTestObject("KeatMun/Form 7_default/OTC_Submit Form 7_Section C/Page_PERKESO/C7. 84000")): Object: 'Object Repository/KeatMun/Form 7_default/OTC_Submit Form 7_Section C/Page_PERKESO/C7. 84000' is clicked on

2019-02-20 19:40:43 - [MESSAGE][PASSED] - Object: 'Object Repository/KeatMun/Form 7_default/OTC_Submit Form 7_Section C/Page_PERKESO/C7. 84000' is clicked on

2019-02-20 19:40:43 - [TEST_STEP][PASSED] - delay(3): Delayed 3 second(s)

2019-02-20 19:40:46 - [MESSAGE][PASSED] - Delayed 3 second(s)

2019-02-20 19:40:46 - [TEST_STEP][PASSED] - click(findTestObject("KeatMun/Form 7_default/OTC_Submit Form 7_Section C/Page_PERKESO/C8. Tidak_employerInfo.emplo")): Object: 'Object Repository/KeatMun/Form 7_default/OTC_Submit Form 7_Section C/Page_PERKESO/C8. Tidak_employerInfo.emplo' is clicked on

2019-02-20 19:40:48 - [MESSAGE][PASSED] - Object: 'Object Repository/KeatMun/Form 7_default/OTC_Submit Form 7_Section C/Page_PERKESO/C8. Tidak_employerInfo.emplo' is clicked on

2019-02-20 19:40:48 - [TEST_STEP][PASSED] - delay(2): Delayed 2 second(s)

2019-02-20 19:40:50 - [MESSAGE][PASSED] - Delayed 2 second(s)

2019-02-20 19:40:50 - [TEST_STEP][PASSED] - setText(findTestObject("KeatMun/Form 7_default/OTC_Submit Form 7_Section C/Page_PERKESO/C9. EmployerName"), "qwertyuiop"): Text 'qwertyuiop' is set on object 'Object Repository/KeatMun/Form 7_default/OTC_Submit Form 7_Section C/Page_PERKESO/C9. EmployerName'

2019-02-20 19:40:55 - [MESSAGE][PASSED] - Text 'qwertyuiop' is set on object 'Object Repository/KeatMun/Form 7_default/OTC_Submit Form 7_Section C/Page_PERKESO/C9. EmployerName'

2019-02-20 19:40:55 - [TEST_STEP][PASSED] - delay(2): Delayed 2 second(s)

2019-02-20 19:40:57 - [MESSAGE][PASSED] - Delayed 2 second(s)

2019-02-20 19:40:57 - [TEST_STEP][PASSED] - setText(findTestObject("KeatMun/Form 7_default/OTC_Submit Form 7_Section C/Page_PERKESO/C10. EmployerIC"), "1234567890"): Text '1234567890' is set on object 'Object Repository/KeatMun/Form 7_default/OTC_Submit Form 7_Section C/Page_PERKESO/C10. EmployerIC'

2019-02-20 19:41:01 - [MESSAGE][PASSED] - Text '1234567890' is set on object 'Object Repository/KeatMun/Form 7_default/OTC_Submit Form 7_Section C/Page_PERKESO/C10. EmployerIC'

2019-02-20 19:41:01 - [TEST_STEP][PASSED] - delay(3): Delayed 3 second(s)

2019-02-20 19:41:04 - [MESSAGE][PASSED] - Delayed 3 second(s)

2019-02-20 19:41:04 - [TEST_STEP][PASSED] - click(findTestObject("KeatMun/Form 7_default/OTC_Submit Form 7_Section C/Page_PERKESO/C11. Halaman Seterusnya")): Object: 'Object Repository/KeatMun/Form 7_default/OTC_Submit Form 7_Section C/Page_PERKESO/C11. Halaman Seterusnya' is clicked on

2019-02-20 19:41:06 - [MESSAGE][PASSED] - Object: 'Object Repository/KeatMun/Form 7_default/OTC_Submit Form 7_Section C/Page_PERKESO/C11. Halaman Seterusnya' is clicked on

2019-02-20 19:41:06 - [TEST_STEP][PASSED] - delay(3): Delayed 3 second(s)

2019-02-20 19:41:09 - [MESSAGE][PASSED] - Delayed 3 second(s)

2019-02-20 19:41:09 - [MESSAGE][PASSED] - Call Test Case 'Test Cases/All TC/Arranged/3. Unit/EI/Form 7_default/OTC_Submit Form 7_Section C' successfully

2019-02-20 19:41:09 - [TEST_STEP][PASSED] - callTestCase(findTestCase("All TC/Arranged/3. Unit/EI/Form 7_default/OTC_Submit Form 7_Section D-E"), [:], STOP_ON_FAILURE): Call Test Case 'Test Cases/All TC/Arranged/3. Unit/EI/Form 7_default/OTC_Submit Form 7_Section D-E' successfully

2019-02-20 19:41:09 - [TEST_CASE][PASSED] - Test Cases/All TC/Arranged/3. Unit/EI/Form 7_default/OTC_Submit Form 7_Section D-E: Test Cases/All TC/Arranged/3. Unit/EI/Form 7_default/OTC_Submit Form 7_Section D-E

2019-02-20 19:41:09 - [TEST_STEP][PASSED] - delay(3): Delayed 3 second(s)

2019-02-20 19:41:12 - [MESSAGE][PASSED] - Delayed 3 second(s)

2019-02-20 19:41:12 - [TEST_STEP][PASSED] - click(findTestObject("KeatMun/Form 7_default/OTC_Submit Form 7_Section D-E/Page_PERKESO/D1. NO_otherActiveEmploye")): Object: 'Object Repository/KeatMun/Form 7_default/OTC_Submit Form 7_Section D-E/Page_PERKESO/D1. NO_otherActiveEmploye' is clicked on

2019-02-20 19:41:14 - [MESSAGE][PASSED] - Object: 'Object Repository/KeatMun/Form 7_default/OTC_Submit Form 7_Section D-E/Page_PERKESO/D1. NO_otherActiveEmploye' is clicked on

2019-02-20 19:41:14 - [TEST_STEP][PASSED] - delay(4): Delayed 4 second(s)

2019-02-20 19:41:18 - [MESSAGE][PASSED] - Delayed 4 second(s)

2019-02-20 19:41:18 - [TEST_STEP][PASSED] - click(findTestObject("KeatMun/Form 7_default/OTC_Submit Form 7_Section D-E/Page_PERKESO/D2. Halaman Seterusnya")): Object: 'Object Repository/KeatMun/Form 7_default/OTC_Submit Form 7_Section D-E/Page_PERKESO/D2. Halaman Seterusnya' is clicked on

2019-02-20 19:41:20 - [MESSAGE][PASSED] - Object: 'Object Repository/KeatMun/Form 7_default/OTC_Submit Form 7_Section D-E/Page_PERKESO/D2. Halaman Seterusnya' is clicked on

2019-02-20 19:41:20 - [TEST_STEP][PASSED] - delay(5): Delayed 5 second(s)

2019-02-20 19:41:25 - [MESSAGE][PASSED] - Delayed 5 second(s)

2019-02-20 19:41:25 - [TEST_STEP][PASSED] - setText(findTestObject("KeatMun/Form 7_default/OTC_Submit Form 7_Section D-E/Page_PERKESO/E1. Input__totalExpYear"), "1"): Text '1' is set on object 'Object Repository/KeatMun/Form 7_default/OTC_Submit Form 7_Section D-E/Page_PERKESO/E1. Input__totalExpYear'

2019-02-20 19:41:30 - [MESSAGE][PASSED] - Text '1' is set on object 'Object Repository/KeatMun/Form 7_default/OTC_Submit Form 7_Section D-E/Page_PERKESO/E1. Input__totalExpYear'

2019-02-20 19:41:30 - [TEST_STEP][PASSED] - delay(2): Delayed 2 second(s)

2019-02-20 19:41:32 - [MESSAGE][PASSED] - Delayed 2 second(s)

2019-02-20 19:41:32 - [TEST_STEP][PASSED] - setText(findTestObject("KeatMun/Form 7_default/OTC_Submit Form 7_Section D-E/Page_PERKESO/E1. Tahun_totalExpMonth"), "1"): Text '1' is set on object 'Object Repository/KeatMun/Form 7_default/OTC_Submit Form 7_Section D-E/Page_PERKESO/E1. Tahun_totalExpMonth'

2019-02-20 19:41:36 - [MESSAGE][PASSED] - Text '1' is set on object 'Object Repository/KeatMun/Form 7_default/OTC_Submit Form 7_Section D-E/Page_PERKESO/E1. Tahun_totalExpMonth'

2019-02-20 19:41:36 - [TEST_STEP][PASSED] - delay(2): Delayed 2 second(s)

2019-02-20 19:41:38 - [MESSAGE][PASSED] - Delayed 2 second(s)

2019-02-20 19:41:38 - [TEST_STEP][PASSED] - click(findTestObject("KeatMun/Form 7_default/OTC_Submit Form 7_Section D-E/Page_PERKESO/E2. Edu-Level")): Object: 'Object Repository/KeatMun/Form 7_default/OTC_Submit Form 7_Section D-E/Page_PERKESO/E2. Edu-Level' is clicked on

2019-02-20 19:41:40 - [MESSAGE][PASSED] - Object: 'Object Repository/KeatMun/Form 7_default/OTC_Submit Form 7_Section D-E/Page_PERKESO/E2. Edu-Level' is clicked on

2019-02-20 19:41:40 - [TEST_STEP][PASSED] - delay(2): Delayed 2 second(s)

2019-02-20 19:41:42 - [MESSAGE][PASSED] - Delayed 2 second(s)

2019-02-20 19:41:42 - [TEST_STEP][PASSED] - click(findTestObject("KeatMun/Form 7_default/OTC_Submit Form 7_Section D-E/Page_PERKESO/E2. PMRPT3")): Object: 'Object Repository/KeatMun/Form 7_default/OTC_Submit Form 7_Section D-E/Page_PERKESO/E2. PMRPT3' is clicked on

2019-02-20 19:41:44 - [MESSAGE][PASSED] - Object: 'Object Repository/KeatMun/Form 7_default/OTC_Submit Form 7_Section D-E/Page_PERKESO/E2. PMRPT3' is clicked on

2019-02-20 19:41:44 - [TEST_STEP][PASSED] - delay(3): Delayed 3 second(s)

2019-02-20 19:41:47 - [MESSAGE][PASSED] - Delayed 3 second(s)

2019-02-20 19:41:47 - [TEST_STEP][PASSED] - click(findTestObject("KeatMun/Form 7_default/OTC_Submit Form 7_Section D-E/Page_PERKESO/E3. Job-Choice")): Object: 'Object Repository/KeatMun/Form 7_default/OTC_Submit Form 7_Section D-E/Page_PERKESO/E3. Job-Choice' is clicked on

2019-02-20 19:41:49 - [MESSAGE][PASSED] - Object: 'Object Repository/KeatMun/Form 7_default/OTC_Submit Form 7_Section D-E/Page_PERKESO/E3. Job-Choice' is clicked on

2019-02-20 19:41:49 - [TEST_STEP][PASSED] - delay(2): Delayed 2 second(s)

2019-02-20 19:41:51 - [MESSAGE][PASSED] - Delayed 2 second(s)

2019-02-20 19:41:51 - [TEST_STEP][PASSED] - setText(findTestObject("KeatMun/Form 7_default/OTC_Submit Form 7_Section D-E/Page_PERKESO/E3. Done_select2-search__fie"), "re"): Text 're' is set on object 'Object Repository/KeatMun/Form 7_default/OTC_Submit Form 7_Section D-E/Page_PERKESO/E3. Done_select2-search__fie'

2019-02-20 19:41:55 - [MESSAGE][PASSED] - Text 're' is set on object 'Object Repository/KeatMun/Form 7_default/OTC_Submit Form 7_Section D-E/Page_PERKESO/E3. Done_select2-search__fie'

2019-02-20 19:41:55 - [TEST_STEP][PASSED] - click(findTestObject("KeatMun/Form 7_default/OTC_Submit Form 7_Section D-E/Page_PERKESO/E3. Arkitek Reka Bentuk")): Object: 'Object Repository/KeatMun/Form 7_default/OTC_Submit Form 7_Section D-E/Page_PERKESO/E3. Arkitek Reka Bentuk' is clicked on

2019-02-20 19:41:57 - [MESSAGE][PASSED] - Object: 'Object Repository/KeatMun/Form 7_default/OTC_Submit Form 7_Section D-E/Page_PERKESO/E3. Arkitek Reka Bentuk' is clicked on

2019-02-20 19:41:57 - [TEST_STEP][PASSED] - delay(2): Delayed 2 second(s)

2019-02-20 19:41:59 - [MESSAGE][PASSED] - Delayed 2 second(s)

2019-02-20 19:41:59 - [TEST_STEP][PASSED] - click(findTestObject("KeatMun/Form 7_default/OTC_Submit Form 7_Section D-E/Page_PERKESO/E4. Job_Location")): Object: 'Object Repository/KeatMun/Form 7_default/OTC_Submit Form 7_Section D-E/Page_PERKESO/E4. Job_Location' is clicked on

2019-02-20 19:42:02 - [MESSAGE][PASSED] - Object: 'Object Repository/KeatMun/Form 7_default/OTC_Submit Form 7_Section D-E/Page_PERKESO/E4. Job_Location' is clicked on

2019-02-20 19:42:02 - [TEST_STEP][PASSED] - delay(2): Delayed 2 second(s)

2019-02-20 19:42:04 - [MESSAGE][PASSED] - Delayed 2 second(s)

2019-02-20 19:42:04 - [TEST_STEP][PASSED] - click(findTestObject("KeatMun/Form 7_default/OTC_Submit Form 7_Section D-E/Page_PERKESO/E4. JOHOR")): Object: 'Object Repository/KeatMun/Form 7_default/OTC_Submit Form 7_Section D-E/Page_PERKESO/E4. JOHOR' is clicked on

2019-02-20 19:42:06 - [MESSAGE][PASSED] - Object: 'Object Repository/KeatMun/Form 7_default/OTC_Submit Form 7_Section D-E/Page_PERKESO/E4. JOHOR' is clicked on

2019-02-20 19:42:06 - [TEST_STEP][PASSED] - delay(2): Delayed 2 second(s)

2019-02-20 19:42:08 - [MESSAGE][PASSED] - Delayed 2 second(s)

2019-02-20 19:42:08 - [TEST_STEP][PASSED] - click(findTestObject("KeatMun/Form 7_default/OTC_Submit Form 7_Section D-E/Page_PERKESO/E7. NO_disability")): Object: 'Object Repository/KeatMun/Form 7_default/OTC_Submit Form 7_Section D-E/Page_PERKESO/E7. NO_disability' is clicked on

2019-02-20 19:42:10 - [MESSAGE][PASSED] - Object: 'Object Repository/KeatMun/Form 7_default/OTC_Submit Form 7_Section D-E/Page_PERKESO/E7. NO_disability' is clicked on

2019-02-20 19:42:10 - [TEST_STEP][PASSED] - delay(2): Delayed 2 second(s)

2019-02-20 19:42:12 - [MESSAGE][PASSED] - Delayed 2 second(s)

2019-02-20 19:42:12 - [TEST_STEP][PASSED] - click(findTestObject("KeatMun/Form 7_default/OTC_Submit Form 7_Section D-E/Page_PERKESO/E8. NO_disabilityApplyInd")): Object: 'Object Repository/KeatMun/Form 7_default/OTC_Submit Form 7_Section D-E/Page_PERKESO/E8. NO_disabilityApplyInd' is clicked on

2019-02-20 19:42:14 - [MESSAGE][PASSED] - Object: 'Object Repository/KeatMun/Form 7_default/OTC_Submit Form 7_Section D-E/Page_PERKESO/E8. NO_disabilityApplyInd' is clicked on

2019-02-20 19:42:14 - [TEST_STEP][PASSED] - delay(2): Delayed 2 second(s)

2019-02-20 19:42:16 - [MESSAGE][PASSED] - Delayed 2 second(s)

2019-02-20 19:42:16 - [TEST_STEP][PASSED] - click(findTestObject("KeatMun/Form 7_default/OTC_Submit Form 7_Section D-E/Page_PERKESO/E9. YES_ReEmployment")): Object: 'Object Repository/KeatMun/Form 7_default/OTC_Submit Form 7_Section D-E/Page_PERKESO/E9. YES_ReEmployment' is clicked on

2019-02-20 19:42:18 - [MESSAGE][PASSED] - Object: 'Object Repository/KeatMun/Form 7_default/OTC_Submit Form 7_Section D-E/Page_PERKESO/E9. YES_ReEmployment' is clicked on

2019-02-20 19:42:18 - [TEST_STEP][PASSED] - delay(2): Delayed 2 second(s)

2019-02-20 19:42:20 - [MESSAGE][PASSED] - Delayed 2 second(s)

2019-02-20 19:42:20 - [TEST_STEP][PASSED] - click(findTestObject("KeatMun/Form 7_default/OTC_Submit Form 7_Section D-E/Page_PERKESO/E10. Halaman Seterusnya")): Object: 'Object Repository/KeatMun/Form 7_default/OTC_Submit Form 7_Section D-E/Page_PERKESO/E10. Halaman Seterusnya' is clicked on

2019-02-20 19:42:22 - [MESSAGE][PASSED] - Object: 'Object Repository/KeatMun/Form 7_default/OTC_Submit Form 7_Section D-E/Page_PERKESO/E10. Halaman Seterusnya' is clicked on

2019-02-20 19:42:22 - [TEST_STEP][PASSED] - delay(3): Delayed 3 second(s)

2019-02-20 19:42:25 - [MESSAGE][PASSED] - Delayed 3 second(s)

2019-02-20 19:42:25 - [MESSAGE][PASSED] - Call Test Case 'Test Cases/All TC/Arranged/3. Unit/EI/Form 7_default/OTC_Submit Form 7_Section D-E' successfully

2019-02-20 19:42:25 - [TEST_STEP][FAILED] - callTestCase(findTestCase("All TC/Arranged/3. Unit/EI/Form 7_default/OTC_Submit Form 7_Section F-G-H - Cheque"), [:], STOP_ON_FAILURE): callTestCase(findTestCase("All TC/Arranged/3. Unit/EI/Form 7_default/OTC_Submit Form 7_Section F-G-H - Cheque"), [:], STOP_ON_FAILURE) FAILED.
Reason:
com.kms.katalon.core.exception.StepFailedException: Unable to click on object 'Object Repository/KeatMun/Form 7_default/OTC_Submit Form 7_Section F-G-H/Page_PERKESO/G2. span_Isteri' (Root cause: com.kms.katalon.core.webui.exception.WebElementNotFoundException: Web element with id: 'Object Repository/KeatMun/Form 7_default/OTC_Submit Form 7_Section F-G-H/Page_PERKESO/G2. span_Isteri' located by 'By.xpath: //span[@id = 'select2-dependentList0dependentRelationId-container' and @title = 'Isteri' and (text() = 'Isteri' or . = 'Isteri')]' not found)
	at com.kms.katalon.core.keyword.internal.KeywordMain.stepFailed(KeywordMain.groovy:36)
	at com.kms.katalon.core.webui.keyword.internal.WebUIKeywordMain.stepFailed(WebUIKeywordMain.groovy:65)
	at com.kms.katalon.core.webui.keyword.internal.WebUIKeywordMain.runKeyword(WebUIKeywordMain.groovy:27)
	at com.kms.katalon.core.webui.keyword.builtin.ClickKeyword.click(ClickKeyword.groovy:86)
	at com.kms.katalon.core.webui.keyword.builtin.ClickKeyword.execute(ClickKeyword.groovy:67)
	at com.kms.katalon.core.keyword.internal.KeywordExecutor.executeKeywordForPlatform(KeywordExecutor.groovy:53)
	at com.kms.katalon.core.webui.keyword.WebUiBuiltInKeywords.click(WebUiBuiltInKeywords.groovy:616)
	at com.kms.katalon.core.webui.keyword.WebUiBuiltInKeywords$click$3.call(Unknown Source)
	at OTC_Submit Form 7_Section F-G-H - Cheque.run(OTC_Submit Form 7_Section F-G-H - Cheque:41)
	at com.kms.katalon.core.main.ScriptEngine.run(ScriptEngine.java:194)
	at com.kms.katalon.core.main.ScriptEngine.runScriptAsRawText(ScriptEngine.java:119)
	at com.kms.katalon.core.main.TestCaseExecutor.runScript(TestCaseExecutor.java:328)
	at com.kms.katalon.core.main.TestCaseExecutor.doExecute(TestCaseExecutor.java:319)
	at com.kms.katalon.core.main.TestCaseExecutor.processExecutionPhase(TestCaseExecutor.java:298)
	at com.kms.katalon.core.main.TestCaseExecutor.accessMainPhase(TestCaseExecutor.java:290)
	at com.kms.katalon.core.main.TestCaseExecutor.execute(TestCaseExecutor.java:224)
	at com.kms.katalon.core.main.TestCaseMain.runTestCase(TestCaseMain.java:106)
	at com.kms.katalon.core.keyword.builtin.CallTestCaseKeyword$_callTestCase_closure1.doCall(CallTestCaseKeyword.groovy:59)
	at com.kms.katalon.core.keyword.builtin.CallTestCaseKeyword$_callTestCase_closure1.call(CallTestCaseKeyword.groovy)
	at com.kms.katalon.core.keyword.internal.KeywordMain.runKeyword(KeywordMain.groovy:54)
	at com.kms.katalon.core.keyword.builtin.CallTestCaseKeyword.callTestCase(CallTestCaseKeyword.groovy:80)
	at com.kms.katalon.core.keyword.builtin.CallTestCaseKeyword.execute(CallTestCaseKeyword.groovy:44)
	at com.kms.katalon.core.keyword.internal.KeywordExecutor.executeKeywordForPlatform(KeywordExecutor.groovy:53)
	at com.kms.katalon.core.keyword.BuiltinKeywords.callTestCase(BuiltinKeywords.groovy:334)
	at OTC_Submit Form 7_End to End - Cheque.run(OTC_Submit Form 7_End to End - Cheque:26)
	at com.kms.katalon.core.main.ScriptEngine.run(ScriptEngine.java:194)
	at com.kms.katalon.core.main.ScriptEngine.runScriptAsRawText(ScriptEngine.java:119)
	at com.kms.katalon.core.main.TestCaseExecutor.runScript(TestCaseExecutor.java:328)
	at com.kms.katalon.core.main.TestCaseExecutor.doExecute(TestCaseExecutor.java:319)
	at com.kms.katalon.core.main.TestCaseExecutor.processExecutionPhase(TestCaseExecutor.java:298)
	at com.kms.katalon.core.main.TestCaseExecutor.accessMainPhase(TestCaseExecutor.java:290)
	at com.kms.katalon.core.main.TestCaseExecutor.execute(TestCaseExecutor.java:224)
	at com.kms.katalon.core.main.TestCaseMain.runTestCase(TestCaseMain.java:106)
	at com.kms.katalon.core.keyword.builtin.CallTestCaseKeyword$_callTestCase_closure1.doCall(CallTestCaseKeyword.groovy:59)
	at com.kms.katalon.core.keyword.builtin.CallTestCaseKeyword$_callTestCase_closure1.call(CallTestCaseKeyword.groovy)
	at com.kms.katalon.core.keyword.internal.KeywordMain.runKeyword(KeywordMain.groovy:54)
	at com.kms.katalon.core.keyword.builtin.CallTestCaseKeyword.callTestCase(CallTestCaseKeyword.groovy:80)
	at com.kms.katalon.core.keyword.builtin.CallTestCaseKeyword.execute(CallTestCaseKeyword.groovy:44)
	at com.kms.katalon.core.keyword.internal.KeywordExecutor.executeKeywordForPlatform(KeywordExecutor.groovy:53)
	at com.kms.katalon.core.keyword.BuiltinKeywords.callTestCase(BuiltinKeywords.groovy:334)
	at Approve Claim - Fill Up UJP - by OB.run(Approve Claim - Fill Up UJP - by OB:16)
	at com.kms.katalon.core.main.ScriptEngine.run(ScriptEngine.java:194)
	at com.kms.katalon.core.main.ScriptEngine.runScriptAsRawText(ScriptEngine.java:119)
	at com.kms.katalon.core.main.TestCaseExecutor.runScript(TestCaseExecutor.java:328)
	at com.kms.katalon.core.main.TestCaseExecutor.doExecute(TestCaseExecutor.java:319)
	at com.kms.katalon.core.main.TestCaseExecutor.processExecutionPhase(TestCaseExecutor.java:298)
	at com.kms.katalon.core.main.TestCaseExecutor.accessMainPhase(TestCaseExecutor.java:290)
	at com.kms.katalon.core.main.TestCaseExecutor.execute(TestCaseExecutor.java:224)
	at com.kms.katalon.core.main.TestSuiteExecutor.accessTestCaseMainPhase(TestSuiteExecutor.java:129)
	at com.kms.katalon.core.main.TestSuiteExecutor.accessTestSuiteMainPhase(TestSuiteExecutor.java:112)
	at com.kms.katalon.core.main.TestSuiteExecutor.execute(TestSuiteExecutor.java:81)
	at com.kms.katalon.core.main.TestCaseMain.startTestSuite(TestCaseMain.java:149)
	at com.kms.katalon.core.main.TestCaseMain$startTestSuite$0.call(Unknown Source)
	at TempTestSuite1550652525208.run(TempTestSuite1550652525208.groovy:36)


2019-02-20 19:42:25 - [TEST_CASE][FAILED] - Test Cases/All TC/Arranged/3. Unit/EI/Form 7_default/OTC_Submit Form 7_Section F-G-H - Cheque: Test Cases/All TC/Arranged/3. Unit/EI/Form 7_default/OTC_Submit Form 7_Section F-G-H - Cheque FAILED.
Reason:
com.kms.katalon.core.exception.StepFailedException: Unable to click on object 'Object Repository/KeatMun/Form 7_default/OTC_Submit Form 7_Section F-G-H/Page_PERKESO/G2. span_Isteri' (Root cause: com.kms.katalon.core.webui.exception.WebElementNotFoundException: Web element with id: 'Object Repository/KeatMun/Form 7_default/OTC_Submit Form 7_Section F-G-H/Page_PERKESO/G2. span_Isteri' located by 'By.xpath: //span[@id = 'select2-dependentList0dependentRelationId-container' and @title = 'Isteri' and (text() = 'Isteri' or . = 'Isteri')]' not found)
	at com.kms.katalon.core.keyword.internal.KeywordMain.stepFailed(KeywordMain.groovy:36)
	at com.kms.katalon.core.webui.keyword.internal.WebUIKeywordMain.stepFailed(WebUIKeywordMain.groovy:65)
	at com.kms.katalon.core.webui.keyword.internal.WebUIKeywordMain.runKeyword(WebUIKeywordMain.groovy:27)
	at com.kms.katalon.core.webui.keyword.builtin.ClickKeyword.click(ClickKeyword.groovy:86)
	at com.kms.katalon.core.webui.keyword.builtin.ClickKeyword.execute(ClickKeyword.groovy:67)
	at com.kms.katalon.core.keyword.internal.KeywordExecutor.executeKeywordForPlatform(KeywordExecutor.groovy:53)
	at com.kms.katalon.core.webui.keyword.WebUiBuiltInKeywords.click(WebUiBuiltInKeywords.groovy:616)
	at com.kms.katalon.core.webui.keyword.WebUiBuiltInKeywords$click$3.call(Unknown Source)
	at OTC_Submit Form 7_Section F-G-H - Cheque.run(OTC_Submit Form 7_Section F-G-H - Cheque:41)
	at com.kms.katalon.core.main.ScriptEngine.run(ScriptEngine.java:194)
	at com.kms.katalon.core.main.ScriptEngine.runScriptAsRawText(ScriptEngine.java:119)
	at com.kms.katalon.core.main.TestCaseExecutor.runScript(TestCaseExecutor.java:328)
	at com.kms.katalon.core.main.TestCaseExecutor.doExecute(TestCaseExecutor.java:319)
	at com.kms.katalon.core.main.TestCaseExecutor.processExecutionPhase(TestCaseExecutor.java:298)
	at com.kms.katalon.core.main.TestCaseExecutor.accessMainPhase(TestCaseExecutor.java:290)
	at com.kms.katalon.core.main.TestCaseExecutor.execute(TestCaseExecutor.java:224)
	at com.kms.katalon.core.main.TestCaseMain.runTestCase(TestCaseMain.java:106)
	at com.kms.katalon.core.keyword.builtin.CallTestCaseKeyword$_callTestCase_closure1.doCall(CallTestCaseKeyword.groovy:59)
	at com.kms.katalon.core.keyword.builtin.CallTestCaseKeyword$_callTestCase_closure1.call(CallTestCaseKeyword.groovy)
	at com.kms.katalon.core.keyword.internal.KeywordMain.runKeyword(KeywordMain.groovy:54)
	at com.kms.katalon.core.keyword.builtin.CallTestCaseKeyword.callTestCase(CallTestCaseKeyword.groovy:80)
	at com.kms.katalon.core.keyword.builtin.CallTestCaseKeyword.execute(CallTestCaseKeyword.groovy:44)
	at com.kms.katalon.core.keyword.internal.KeywordExecutor.executeKeywordForPlatform(KeywordExecutor.groovy:53)
	at com.kms.katalon.core.keyword.BuiltinKeywords.callTestCase(BuiltinKeywords.groovy:334)
	at OTC_Submit Form 7_End to End - Cheque.run(OTC_Submit Form 7_End to End - Cheque:26)
	at com.kms.katalon.core.main.ScriptEngine.run(ScriptEngine.java:194)
	at com.kms.katalon.core.main.ScriptEngine.runScriptAsRawText(ScriptEngine.java:119)
	at com.kms.katalon.core.main.TestCaseExecutor.runScript(TestCaseExecutor.java:328)
	at com.kms.katalon.core.main.TestCaseExecutor.doExecute(TestCaseExecutor.java:319)
	at com.kms.katalon.core.main.TestCaseExecutor.processExecutionPhase(TestCaseExecutor.java:298)
	at com.kms.katalon.core.main.TestCaseExecutor.accessMainPhase(TestCaseExecutor.java:290)
	at com.kms.katalon.core.main.TestCaseExecutor.execute(TestCaseExecutor.java:224)
	at com.kms.katalon.core.main.TestCaseMain.runTestCase(TestCaseMain.java:106)
	at com.kms.katalon.core.keyword.builtin.CallTestCaseKeyword$_callTestCase_closure1.doCall(CallTestCaseKeyword.groovy:59)
	at com.kms.katalon.core.keyword.builtin.CallTestCaseKeyword$_callTestCase_closure1.call(CallTestCaseKeyword.groovy)
	at com.kms.katalon.core.keyword.internal.KeywordMain.runKeyword(KeywordMain.groovy:54)
	at com.kms.katalon.core.keyword.builtin.CallTestCaseKeyword.callTestCase(CallTestCaseKeyword.groovy:80)
	at com.kms.katalon.core.keyword.builtin.CallTestCaseKeyword.execute(CallTestCaseKeyword.groovy:44)
	at com.kms.katalon.core.keyword.internal.KeywordExecutor.executeKeywordForPlatform(KeywordExecutor.groovy:53)
	at com.kms.katalon.core.keyword.BuiltinKeywords.callTestCase(BuiltinKeywords.groovy:334)
	at Approve Claim - Fill Up UJP - by OB.run(Approve Claim - Fill Up UJP - by OB:16)
	at com.kms.katalon.core.main.ScriptEngine.run(ScriptEngine.java:194)
	at com.kms.katalon.core.main.ScriptEngine.runScriptAsRawText(ScriptEngine.java:119)
	at com.kms.katalon.core.main.TestCaseExecutor.runScript(TestCaseExecutor.java:328)
	at com.kms.katalon.core.main.TestCaseExecutor.doExecute(TestCaseExecutor.java:319)
	at com.kms.katalon.core.main.TestCaseExecutor.processExecutionPhase(TestCaseExecutor.java:298)
	at com.kms.katalon.core.main.TestCaseExecutor.accessMainPhase(TestCaseExecutor.java:290)
	at com.kms.katalon.core.main.TestCaseExecutor.execute(TestCaseExecutor.java:224)
	at com.kms.katalon.core.main.TestSuiteExecutor.accessTestCaseMainPhase(TestSuiteExecutor.java:129)
	at com.kms.katalon.core.main.TestSuiteExecutor.accessTestSuiteMainPhase(TestSuiteExecutor.java:112)
	at com.kms.katalon.core.main.TestSuiteExecutor.execute(TestSuiteExecutor.java:81)
	at com.kms.katalon.core.main.TestCaseMain.startTestSuite(TestCaseMain.java:149)
	at com.kms.katalon.core.main.TestCaseMain$startTestSuite$0.call(Unknown Source)
	at TempTestSuite1550652525208.run(TempTestSuite1550652525208.groovy:36)


2019-02-20 19:42:25 - [TEST_STEP][PASSED] - delay(3): Delayed 3 second(s)

2019-02-20 19:42:28 - [MESSAGE][PASSED] - Delayed 3 second(s)

2019-02-20 19:42:28 - [TEST_STEP][PASSED] - click(findTestObject("KeatMun/Form 7_default/OTC_Submit Form 7_Section F-G-H/Page_PERKESO/F1. Bankrup_yes")): Object: 'Object Repository/KeatMun/Form 7_default/OTC_Submit Form 7_Section F-G-H/Page_PERKESO/F1. Bankrup_yes' is clicked on

2019-02-20 19:42:31 - [MESSAGE][PASSED] - Object: 'Object Repository/KeatMun/Form 7_default/OTC_Submit Form 7_Section F-G-H/Page_PERKESO/F1. Bankrup_yes' is clicked on

2019-02-20 19:42:31 - [TEST_STEP][PASSED] - delay(3): Delayed 3 second(s)

2019-02-20 19:42:34 - [MESSAGE][PASSED] - Delayed 3 second(s)

2019-02-20 19:42:34 - [TEST_STEP][PASSED] - click(findTestObject("KeatMun/Form 7_default/OTC_Submit Form 7_Section F-G-H/Page_PERKESO/F2. Next_Page_AfterBankInfo")): Object: 'Object Repository/KeatMun/Form 7_default/OTC_Submit Form 7_Section F-G-H/Page_PERKESO/F2. Next_Page_AfterBankInfo' is clicked on

2019-02-20 19:42:36 - [MESSAGE][PASSED] - Object: 'Object Repository/KeatMun/Form 7_default/OTC_Submit Form 7_Section F-G-H/Page_PERKESO/F2. Next_Page_AfterBankInfo' is clicked on

2019-02-20 19:42:36 - [TEST_STEP][PASSED] - delay(5): Delayed 5 second(s)

2019-02-20 19:42:41 - [MESSAGE][PASSED] - Delayed 5 second(s)

2019-02-20 19:42:41 - [TEST_STEP][PASSED] - setText(findTestObject("KeatMun/Form 7_default/OTC_Submit Form 7_Section F-G-H/Page_PERKESO/G2. Hubungan dengan OB-nama"), "qwertyuiop"): Text 'qwertyuiop' is set on object 'Object Repository/KeatMun/Form 7_default/OTC_Submit Form 7_Section F-G-H/Page_PERKESO/G2. Hubungan dengan OB-nama'

2019-02-20 19:42:45 - [MESSAGE][PASSED] - Text 'qwertyuiop' is set on object 'Object Repository/KeatMun/Form 7_default/OTC_Submit Form 7_Section F-G-H/Page_PERKESO/G2. Hubungan dengan OB-nama'

2019-02-20 19:42:45 - [TEST_STEP][PASSED] - delay(2): Delayed 2 second(s)

2019-02-20 19:42:47 - [MESSAGE][PASSED] - Delayed 2 second(s)

2019-02-20 19:42:47 - [TEST_STEP][PASSED] - setText(findTestObject("KeatMun/Form 7_default/OTC_Submit Form 7_Section F-G-H/Page_PERKESO/G2. Hubungan dengan OB-ic.no"), "111111223333"): Text '111111223333' is set on object 'Object Repository/KeatMun/Form 7_default/OTC_Submit Form 7_Section F-G-H/Page_PERKESO/G2. Hubungan dengan OB-ic.no'

2019-02-20 19:42:51 - [MESSAGE][PASSED] - Text '111111223333' is set on object 'Object Repository/KeatMun/Form 7_default/OTC_Submit Form 7_Section F-G-H/Page_PERKESO/G2. Hubungan dengan OB-ic.no'

2019-02-20 19:42:51 - [TEST_STEP][PASSED] - delay(2): Delayed 2 second(s)

2019-02-20 19:42:53 - [MESSAGE][PASSED] - Delayed 2 second(s)

2019-02-20 19:42:53 - [TEST_STEP][PASSED] - setText(findTestObject("KeatMun/Form 7_default/OTC_Submit Form 7_Section F-G-H/Page_PERKESO/G2. Hubungan dengan OB-DOB"), "10/01/2019"): Text '10/01/2019' is set on object 'Object Repository/KeatMun/Form 7_default/OTC_Submit Form 7_Section F-G-H/Page_PERKESO/G2. Hubungan dengan OB-DOB'

2019-02-20 19:42:57 - [MESSAGE][PASSED] - Text '10/01/2019' is set on object 'Object Repository/KeatMun/Form 7_default/OTC_Submit Form 7_Section F-G-H/Page_PERKESO/G2. Hubungan dengan OB-DOB'

2019-02-20 19:42:57 - [TEST_STEP][PASSED] - delay(3): Delayed 3 second(s)

2019-02-20 19:43:00 - [MESSAGE][PASSED] - Delayed 3 second(s)

2019-02-20 19:43:00 - [TEST_STEP][FAILED] - click(findTestObject("KeatMun/Form 7_default/OTC_Submit Form 7_Section F-G-H/Page_PERKESO/G2. span_Isteri")): click(findTestObject("KeatMun/Form 7_default/OTC_Submit Form 7_Section F-G-H/Page_PERKESO/G2. span_Isteri")) FAILED.
Reason:
com.kms.katalon.core.exception.StepFailedException: Unable to click on object 'Object Repository/KeatMun/Form 7_default/OTC_Submit Form 7_Section F-G-H/Page_PERKESO/G2. span_Isteri' (Root cause: com.kms.katalon.core.webui.exception.WebElementNotFoundException: Web element with id: 'Object Repository/KeatMun/Form 7_default/OTC_Submit Form 7_Section F-G-H/Page_PERKESO/G2. span_Isteri' located by 'By.xpath: //span[@id = 'select2-dependentList0dependentRelationId-container' and @title = 'Isteri' and (text() = 'Isteri' or . = 'Isteri')]' not found)
	at com.kms.katalon.core.keyword.internal.KeywordMain.stepFailed(KeywordMain.groovy:36)
	at com.kms.katalon.core.webui.keyword.internal.WebUIKeywordMain.stepFailed(WebUIKeywordMain.groovy:65)
	at com.kms.katalon.core.webui.keyword.internal.WebUIKeywordMain.runKeyword(WebUIKeywordMain.groovy:27)
	at com.kms.katalon.core.webui.keyword.builtin.ClickKeyword.click(ClickKeyword.groovy:86)
	at com.kms.katalon.core.webui.keyword.builtin.ClickKeyword.execute(ClickKeyword.groovy:67)
	at com.kms.katalon.core.keyword.internal.KeywordExecutor.executeKeywordForPlatform(KeywordExecutor.groovy:53)
	at com.kms.katalon.core.webui.keyword.WebUiBuiltInKeywords.click(WebUiBuiltInKeywords.groovy:616)
	at com.kms.katalon.core.webui.keyword.WebUiBuiltInKeywords$click$3.call(Unknown Source)
	at OTC_Submit Form 7_Section F-G-H - Cheque.run(OTC_Submit Form 7_Section F-G-H - Cheque:41)
	at com.kms.katalon.core.main.ScriptEngine.run(ScriptEngine.java:194)
	at com.kms.katalon.core.main.ScriptEngine.runScriptAsRawText(ScriptEngine.java:119)
	at com.kms.katalon.core.main.TestCaseExecutor.runScript(TestCaseExecutor.java:328)
	at com.kms.katalon.core.main.TestCaseExecutor.doExecute(TestCaseExecutor.java:319)
	at com.kms.katalon.core.main.TestCaseExecutor.processExecutionPhase(TestCaseExecutor.java:298)
	at com.kms.katalon.core.main.TestCaseExecutor.accessMainPhase(TestCaseExecutor.java:290)
	at com.kms.katalon.core.main.TestCaseExecutor.execute(TestCaseExecutor.java:224)
	at com.kms.katalon.core.main.TestCaseMain.runTestCase(TestCaseMain.java:106)
	at com.kms.katalon.core.keyword.builtin.CallTestCaseKeyword$_callTestCase_closure1.doCall(CallTestCaseKeyword.groovy:59)
	at com.kms.katalon.core.keyword.builtin.CallTestCaseKeyword$_callTestCase_closure1.call(CallTestCaseKeyword.groovy)
	at com.kms.katalon.core.keyword.internal.KeywordMain.runKeyword(KeywordMain.groovy:54)
	at com.kms.katalon.core.keyword.builtin.CallTestCaseKeyword.callTestCase(CallTestCaseKeyword.groovy:80)
	at com.kms.katalon.core.keyword.builtin.CallTestCaseKeyword.execute(CallTestCaseKeyword.groovy:44)
	at com.kms.katalon.core.keyword.internal.KeywordExecutor.executeKeywordForPlatform(KeywordExecutor.groovy:53)
	at com.kms.katalon.core.keyword.BuiltinKeywords.callTestCase(BuiltinKeywords.groovy:334)
	at OTC_Submit Form 7_End to End - Cheque.run(OTC_Submit Form 7_End to End - Cheque:26)
	at com.kms.katalon.core.main.ScriptEngine.run(ScriptEngine.java:194)
	at com.kms.katalon.core.main.ScriptEngine.runScriptAsRawText(ScriptEngine.java:119)
	at com.kms.katalon.core.main.TestCaseExecutor.runScript(TestCaseExecutor.java:328)
	at com.kms.katalon.core.main.TestCaseExecutor.doExecute(TestCaseExecutor.java:319)
	at com.kms.katalon.core.main.TestCaseExecutor.processExecutionPhase(TestCaseExecutor.java:298)
	at com.kms.katalon.core.main.TestCaseExecutor.accessMainPhase(TestCaseExecutor.java:290)
	at com.kms.katalon.core.main.TestCaseExecutor.execute(TestCaseExecutor.java:224)
	at com.kms.katalon.core.main.TestCaseMain.runTestCase(TestCaseMain.java:106)
	at com.kms.katalon.core.keyword.builtin.CallTestCaseKeyword$_callTestCase_closure1.doCall(CallTestCaseKeyword.groovy:59)
	at com.kms.katalon.core.keyword.builtin.CallTestCaseKeyword$_callTestCase_closure1.call(CallTestCaseKeyword.groovy)
	at com.kms.katalon.core.keyword.internal.KeywordMain.runKeyword(KeywordMain.groovy:54)
	at com.kms.katalon.core.keyword.builtin.CallTestCaseKeyword.callTestCase(CallTestCaseKeyword.groovy:80)
	at com.kms.katalon.core.keyword.builtin.CallTestCaseKeyword.execute(CallTestCaseKeyword.groovy:44)
	at com.kms.katalon.core.keyword.internal.KeywordExecutor.executeKeywordForPlatform(KeywordExecutor.groovy:53)
	at com.kms.katalon.core.keyword.BuiltinKeywords.callTestCase(BuiltinKeywords.groovy:334)
	at Approve Claim - Fill Up UJP - by OB.run(Approve Claim - Fill Up UJP - by OB:16)
	at com.kms.katalon.core.main.ScriptEngine.run(ScriptEngine.java:194)
	at com.kms.katalon.core.main.ScriptEngine.runScriptAsRawText(ScriptEngine.java:119)
	at com.kms.katalon.core.main.TestCaseExecutor.runScript(TestCaseExecutor.java:328)
	at com.kms.katalon.core.main.TestCaseExecutor.doExecute(TestCaseExecutor.java:319)
	at com.kms.katalon.core.main.TestCaseExecutor.processExecutionPhase(TestCaseExecutor.java:298)
	at com.kms.katalon.core.main.TestCaseExecutor.accessMainPhase(TestCaseExecutor.java:290)
	at com.kms.katalon.core.main.TestCaseExecutor.execute(TestCaseExecutor.java:224)
	at com.kms.katalon.core.main.TestSuiteExecutor.accessTestCaseMainPhase(TestSuiteExecutor.java:129)
	at com.kms.katalon.core.main.TestSuiteExecutor.accessTestSuiteMainPhase(TestSuiteExecutor.java:112)
	at com.kms.katalon.core.main.TestSuiteExecutor.execute(TestSuiteExecutor.java:81)
	at com.kms.katalon.core.main.TestCaseMain.startTestSuite(TestCaseMain.java:149)
	at com.kms.katalon.core.main.TestCaseMain$startTestSuite$0.call(Unknown Source)
	at TempTestSuite1550652525208.run(TempTestSuite1550652525208.groovy:36)


2019-02-20 19:43:31 - [MESSAGE][INFO] - Unable to find the element located by 'By.xpath: //span[@id = 'select2-dependentList0dependentRelationId-container' and @title = 'Isteri' and (text() = 'Isteri' or . = 'Isteri')]'. Please recheck the objects properties to make sure the desired element is located. 

2019-02-20 19:43:33 - [MESSAGE][FAILED] - Unable to click on object 'Object Repository/KeatMun/Form 7_default/OTC_Submit Form 7_Section F-G-H/Page_PERKESO/G2. span_Isteri' (Root cause: com.kms.katalon.core.webui.exception.WebElementNotFoundException: Web element with id: 'Object Repository/KeatMun/Form 7_default/OTC_Submit Form 7_Section F-G-H/Page_PERKESO/G2. span_Isteri' located by 'By.xpath: //span[@id = 'select2-dependentList0dependentRelationId-container' and @title = 'Isteri' and (text() = 'Isteri' or . = 'Isteri')]' not found)
[[ATTACHMENT|C:\\Users\\Admin\\Documents\\GitHub\\PKSKatalon\\PKS-EI-ES\\Reports\\New Test Suite\\20190220_164845\\1550663011330.png]]

2019-02-20 19:43:33 - [MESSAGE][FAILED] - click(findTestObject("KeatMun/Form 7_default/OTC_Submit Form 7_Section F-G-H/Page_PERKESO/G2. span_Isteri")) FAILED.
Reason:
com.kms.katalon.core.exception.StepFailedException: Unable to click on object 'Object Repository/KeatMun/Form 7_default/OTC_Submit Form 7_Section F-G-H/Page_PERKESO/G2. span_Isteri' (Root cause: com.kms.katalon.core.webui.exception.WebElementNotFoundException: Web element with id: 'Object Repository/KeatMun/Form 7_default/OTC_Submit Form 7_Section F-G-H/Page_PERKESO/G2. span_Isteri' located by 'By.xpath: //span[@id = 'select2-dependentList0dependentRelationId-container' and @title = 'Isteri' and (text() = 'Isteri' or . = 'Isteri')]' not found)
	at com.kms.katalon.core.keyword.internal.KeywordMain.stepFailed(KeywordMain.groovy:36)
	at com.kms.katalon.core.webui.keyword.internal.WebUIKeywordMain.stepFailed(WebUIKeywordMain.groovy:65)
	at com.kms.katalon.core.webui.keyword.internal.WebUIKeywordMain.runKeyword(WebUIKeywordMain.groovy:27)
	at com.kms.katalon.core.webui.keyword.builtin.ClickKeyword.click(ClickKeyword.groovy:86)
	at com.kms.katalon.core.webui.keyword.builtin.ClickKeyword.execute(ClickKeyword.groovy:67)
	at com.kms.katalon.core.keyword.internal.KeywordExecutor.executeKeywordForPlatform(KeywordExecutor.groovy:53)
	at com.kms.katalon.core.webui.keyword.WebUiBuiltInKeywords.click(WebUiBuiltInKeywords.groovy:616)
	at com.kms.katalon.core.webui.keyword.WebUiBuiltInKeywords$click$3.call(Unknown Source)
	at OTC_Submit Form 7_Section F-G-H - Cheque.run(OTC_Submit Form 7_Section F-G-H - Cheque:41)
	at com.kms.katalon.core.main.ScriptEngine.run(ScriptEngine.java:194)
	at com.kms.katalon.core.main.ScriptEngine.runScriptAsRawText(ScriptEngine.java:119)
	at com.kms.katalon.core.main.TestCaseExecutor.runScript(TestCaseExecutor.java:328)
	at com.kms.katalon.core.main.TestCaseExecutor.doExecute(TestCaseExecutor.java:319)
	at com.kms.katalon.core.main.TestCaseExecutor.processExecutionPhase(TestCaseExecutor.java:298)
	at com.kms.katalon.core.main.TestCaseExecutor.accessMainPhase(TestCaseExecutor.java:290)
	at com.kms.katalon.core.main.TestCaseExecutor.execute(TestCaseExecutor.java:224)
	at com.kms.katalon.core.main.TestCaseMain.runTestCase(TestCaseMain.java:106)
	at com.kms.katalon.core.keyword.builtin.CallTestCaseKeyword$_callTestCase_closure1.doCall(CallTestCaseKeyword.groovy:59)
	at com.kms.katalon.core.keyword.builtin.CallTestCaseKeyword$_callTestCase_closure1.call(CallTestCaseKeyword.groovy)
	at com.kms.katalon.core.keyword.internal.KeywordMain.runKeyword(KeywordMain.groovy:54)
	at com.kms.katalon.core.keyword.builtin.CallTestCaseKeyword.callTestCase(CallTestCaseKeyword.groovy:80)
	at com.kms.katalon.core.keyword.builtin.CallTestCaseKeyword.execute(CallTestCaseKeyword.groovy:44)
	at com.kms.katalon.core.keyword.internal.KeywordExecutor.executeKeywordForPlatform(KeywordExecutor.groovy:53)
	at com.kms.katalon.core.keyword.BuiltinKeywords.callTestCase(BuiltinKeywords.groovy:334)
	at OTC_Submit Form 7_End to End - Cheque.run(OTC_Submit Form 7_End to End - Cheque:26)
	at com.kms.katalon.core.main.ScriptEngine.run(ScriptEngine.java:194)
	at com.kms.katalon.core.main.ScriptEngine.runScriptAsRawText(ScriptEngine.java:119)
	at com.kms.katalon.core.main.TestCaseExecutor.runScript(TestCaseExecutor.java:328)
	at com.kms.katalon.core.main.TestCaseExecutor.doExecute(TestCaseExecutor.java:319)
	at com.kms.katalon.core.main.TestCaseExecutor.processExecutionPhase(TestCaseExecutor.java:298)
	at com.kms.katalon.core.main.TestCaseExecutor.accessMainPhase(TestCaseExecutor.java:290)
	at com.kms.katalon.core.main.TestCaseExecutor.execute(TestCaseExecutor.java:224)
	at com.kms.katalon.core.main.TestCaseMain.runTestCase(TestCaseMain.java:106)
	at com.kms.katalon.core.keyword.builtin.CallTestCaseKeyword$_callTestCase_closure1.doCall(CallTestCaseKeyword.groovy:59)
	at com.kms.katalon.core.keyword.builtin.CallTestCaseKeyword$_callTestCase_closure1.call(CallTestCaseKeyword.groovy)
	at com.kms.katalon.core.keyword.internal.KeywordMain.runKeyword(KeywordMain.groovy:54)
	at com.kms.katalon.core.keyword.builtin.CallTestCaseKeyword.callTestCase(CallTestCaseKeyword.groovy:80)
	at com.kms.katalon.core.keyword.builtin.CallTestCaseKeyword.execute(CallTestCaseKeyword.groovy:44)
	at com.kms.katalon.core.keyword.internal.KeywordExecutor.executeKeywordForPlatform(KeywordExecutor.groovy:53)
	at com.kms.katalon.core.keyword.BuiltinKeywords.callTestCase(BuiltinKeywords.groovy:334)
	at Approve Claim - Fill Up UJP - by OB.run(Approve Claim - Fill Up UJP - by OB:16)
	at com.kms.katalon.core.main.ScriptEngine.run(ScriptEngine.java:194)
	at com.kms.katalon.core.main.ScriptEngine.runScriptAsRawText(ScriptEngine.java:119)
	at com.kms.katalon.core.main.TestCaseExecutor.runScript(TestCaseExecutor.java:328)
	at com.kms.katalon.core.main.TestCaseExecutor.doExecute(TestCaseExecutor.java:319)
	at com.kms.katalon.core.main.TestCaseExecutor.processExecutionPhase(TestCaseExecutor.java:298)
	at com.kms.katalon.core.main.TestCaseExecutor.accessMainPhase(TestCaseExecutor.java:290)
	at com.kms.katalon.core.main.TestCaseExecutor.execute(TestCaseExecutor.java:224)
	at com.kms.katalon.core.main.TestSuiteExecutor.accessTestCaseMainPhase(TestSuiteExecutor.java:129)
	at com.kms.katalon.core.main.TestSuiteExecutor.accessTestSuiteMainPhase(TestSuiteExecutor.java:112)
	at com.kms.katalon.core.main.TestSuiteExecutor.execute(TestSuiteExecutor.java:81)
	at com.kms.katalon.core.main.TestCaseMain.startTestSuite(TestCaseMain.java:149)
	at com.kms.katalon.core.main.TestCaseMain$startTestSuite$0.call(Unknown Source)
	at TempTestSuite1550652525208.run(TempTestSuite1550652525208.groovy:36)


2019-02-20 19:43:33 - [MESSAGE][FAILED] - Unable to call Test Case 'Test Cases/All TC/Arranged/3. Unit/EI/Form 7_default/OTC_Submit Form 7_Section F-G-H - Cheque' (Root cause: com.kms.katalon.core.exception.StepFailedException: Call Test Case 'Test Cases/All TC/Arranged/3. Unit/EI/Form 7_default/OTC_Submit Form 7_Section F-G-H - Cheque' failed)

2019-02-20 19:43:33 - [MESSAGE][FAILED] - callTestCase(findTestCase("All TC/Arranged/3. Unit/EI/Form 7_default/OTC_Submit Form 7_Section F-G-H - Cheque"), [:], STOP_ON_FAILURE) FAILED.
Reason:
com.kms.katalon.core.exception.StepFailedException: Unable to click on object 'Object Repository/KeatMun/Form 7_default/OTC_Submit Form 7_Section F-G-H/Page_PERKESO/G2. span_Isteri' (Root cause: com.kms.katalon.core.webui.exception.WebElementNotFoundException: Web element with id: 'Object Repository/KeatMun/Form 7_default/OTC_Submit Form 7_Section F-G-H/Page_PERKESO/G2. span_Isteri' located by 'By.xpath: //span[@id = 'select2-dependentList0dependentRelationId-container' and @title = 'Isteri' and (text() = 'Isteri' or . = 'Isteri')]' not found)
	at com.kms.katalon.core.keyword.internal.KeywordMain.stepFailed(KeywordMain.groovy:36)
	at com.kms.katalon.core.webui.keyword.internal.WebUIKeywordMain.stepFailed(WebUIKeywordMain.groovy:65)
	at com.kms.katalon.core.webui.keyword.internal.WebUIKeywordMain.runKeyword(WebUIKeywordMain.groovy:27)
	at com.kms.katalon.core.webui.keyword.builtin.ClickKeyword.click(ClickKeyword.groovy:86)
	at com.kms.katalon.core.webui.keyword.builtin.ClickKeyword.execute(ClickKeyword.groovy:67)
	at com.kms.katalon.core.keyword.internal.KeywordExecutor.executeKeywordForPlatform(KeywordExecutor.groovy:53)
	at com.kms.katalon.core.webui.keyword.WebUiBuiltInKeywords.click(WebUiBuiltInKeywords.groovy:616)
	at com.kms.katalon.core.webui.keyword.WebUiBuiltInKeywords$click$3.call(Unknown Source)
	at OTC_Submit Form 7_Section F-G-H - Cheque.run(OTC_Submit Form 7_Section F-G-H - Cheque:41)
	at com.kms.katalon.core.main.ScriptEngine.run(ScriptEngine.java:194)
	at com.kms.katalon.core.main.ScriptEngine.runScriptAsRawText(ScriptEngine.java:119)
	at com.kms.katalon.core.main.TestCaseExecutor.runScript(TestCaseExecutor.java:328)
	at com.kms.katalon.core.main.TestCaseExecutor.doExecute(TestCaseExecutor.java:319)
	at com.kms.katalon.core.main.TestCaseExecutor.processExecutionPhase(TestCaseExecutor.java:298)
	at com.kms.katalon.core.main.TestCaseExecutor.accessMainPhase(TestCaseExecutor.java:290)
	at com.kms.katalon.core.main.TestCaseExecutor.execute(TestCaseExecutor.java:224)
	at com.kms.katalon.core.main.TestCaseMain.runTestCase(TestCaseMain.java:106)
	at com.kms.katalon.core.keyword.builtin.CallTestCaseKeyword$_callTestCase_closure1.doCall(CallTestCaseKeyword.groovy:59)
	at com.kms.katalon.core.keyword.builtin.CallTestCaseKeyword$_callTestCase_closure1.call(CallTestCaseKeyword.groovy)
	at com.kms.katalon.core.keyword.internal.KeywordMain.runKeyword(KeywordMain.groovy:54)
	at com.kms.katalon.core.keyword.builtin.CallTestCaseKeyword.callTestCase(CallTestCaseKeyword.groovy:80)
	at com.kms.katalon.core.keyword.builtin.CallTestCaseKeyword.execute(CallTestCaseKeyword.groovy:44)
	at com.kms.katalon.core.keyword.internal.KeywordExecutor.executeKeywordForPlatform(KeywordExecutor.groovy:53)
	at com.kms.katalon.core.keyword.BuiltinKeywords.callTestCase(BuiltinKeywords.groovy:334)
	at OTC_Submit Form 7_End to End - Cheque.run(OTC_Submit Form 7_End to End - Cheque:26)
	at com.kms.katalon.core.main.ScriptEngine.run(ScriptEngine.java:194)
	at com.kms.katalon.core.main.ScriptEngine.runScriptAsRawText(ScriptEngine.java:119)
	at com.kms.katalon.core.main.TestCaseExecutor.runScript(TestCaseExecutor.java:328)
	at com.kms.katalon.core.main.TestCaseExecutor.doExecute(TestCaseExecutor.java:319)
	at com.kms.katalon.core.main.TestCaseExecutor.processExecutionPhase(TestCaseExecutor.java:298)
	at com.kms.katalon.core.main.TestCaseExecutor.accessMainPhase(TestCaseExecutor.java:290)
	at com.kms.katalon.core.main.TestCaseExecutor.execute(TestCaseExecutor.java:224)
	at com.kms.katalon.core.main.TestCaseMain.runTestCase(TestCaseMain.java:106)
	at com.kms.katalon.core.keyword.builtin.CallTestCaseKeyword$_callTestCase_closure1.doCall(CallTestCaseKeyword.groovy:59)
	at com.kms.katalon.core.keyword.builtin.CallTestCaseKeyword$_callTestCase_closure1.call(CallTestCaseKeyword.groovy)
	at com.kms.katalon.core.keyword.internal.KeywordMain.runKeyword(KeywordMain.groovy:54)
	at com.kms.katalon.core.keyword.builtin.CallTestCaseKeyword.callTestCase(CallTestCaseKeyword.groovy:80)
	at com.kms.katalon.core.keyword.builtin.CallTestCaseKeyword.execute(CallTestCaseKeyword.groovy:44)
	at com.kms.katalon.core.keyword.internal.KeywordExecutor.executeKeywordForPlatform(KeywordExecutor.groovy:53)
	at com.kms.katalon.core.keyword.BuiltinKeywords.callTestCase(BuiltinKeywords.groovy:334)
	at Approve Claim - Fill Up UJP - by OB.run(Approve Claim - Fill Up UJP - by OB:16)
	at com.kms.katalon.core.main.ScriptEngine.run(ScriptEngine.java:194)
	at com.kms.katalon.core.main.ScriptEngine.runScriptAsRawText(ScriptEngine.java:119)
	at com.kms.katalon.core.main.TestCaseExecutor.runScript(TestCaseExecutor.java:328)
	at com.kms.katalon.core.main.TestCaseExecutor.doExecute(TestCaseExecutor.java:319)
	at com.kms.katalon.core.main.TestCaseExecutor.processExecutionPhase(TestCaseExecutor.java:298)
	at com.kms.katalon.core.main.TestCaseExecutor.accessMainPhase(TestCaseExecutor.java:290)
	at com.kms.katalon.core.main.TestCaseExecutor.execute(TestCaseExecutor.java:224)
	at com.kms.katalon.core.main.TestSuiteExecutor.accessTestCaseMainPhase(TestSuiteExecutor.java:129)
	at com.kms.katalon.core.main.TestSuiteExecutor.accessTestSuiteMainPhase(TestSuiteExecutor.java:112)
	at com.kms.katalon.core.main.TestSuiteExecutor.execute(TestSuiteExecutor.java:81)
	at com.kms.katalon.core.main.TestCaseMain.startTestSuite(TestCaseMain.java:149)
	at com.kms.katalon.core.main.TestCaseMain$startTestSuite$0.call(Unknown Source)
	at TempTestSuite1550652525208.run(TempTestSuite1550652525208.groovy:36)


2019-02-20 19:43:34 - [MESSAGE][FAILED] - Unable to call Test Case 'Test Cases/All TC/Arranged/2. Segment/OTC_Submit Form 7_End to End - Cheque' (Root cause: com.kms.katalon.core.exception.StepFailedException: Call Test Case 'Test Cases/All TC/Arranged/2. Segment/OTC_Submit Form 7_End to End - Cheque' failed)

2019-02-20 19:43:34 - [MESSAGE][FAILED] - callTestCase(findTestCase("All TC/Arranged/2. Segment/OTC_Submit Form 7_End to End - Cheque"), [:], STOP_ON_FAILURE) FAILED.
Reason:
com.kms.katalon.core.exception.StepFailedException: Unable to click on object 'Object Repository/KeatMun/Form 7_default/OTC_Submit Form 7_Section F-G-H/Page_PERKESO/G2. span_Isteri' (Root cause: com.kms.katalon.core.webui.exception.WebElementNotFoundException: Web element with id: 'Object Repository/KeatMun/Form 7_default/OTC_Submit Form 7_Section F-G-H/Page_PERKESO/G2. span_Isteri' located by 'By.xpath: //span[@id = 'select2-dependentList0dependentRelationId-container' and @title = 'Isteri' and (text() = 'Isteri' or . = 'Isteri')]' not found)
	at com.kms.katalon.core.keyword.internal.KeywordMain.stepFailed(KeywordMain.groovy:36)
	at com.kms.katalon.core.webui.keyword.internal.WebUIKeywordMain.stepFailed(WebUIKeywordMain.groovy:65)
	at com.kms.katalon.core.webui.keyword.internal.WebUIKeywordMain.runKeyword(WebUIKeywordMain.groovy:27)
	at com.kms.katalon.core.webui.keyword.builtin.ClickKeyword.click(ClickKeyword.groovy:86)
	at com.kms.katalon.core.webui.keyword.builtin.ClickKeyword.execute(ClickKeyword.groovy:67)
	at com.kms.katalon.core.keyword.internal.KeywordExecutor.executeKeywordForPlatform(KeywordExecutor.groovy:53)
	at com.kms.katalon.core.webui.keyword.WebUiBuiltInKeywords.click(WebUiBuiltInKeywords.groovy:616)
	at com.kms.katalon.core.webui.keyword.WebUiBuiltInKeywords$click$3.call(Unknown Source)
	at OTC_Submit Form 7_Section F-G-H - Cheque.run(OTC_Submit Form 7_Section F-G-H - Cheque:41)
	at com.kms.katalon.core.main.ScriptEngine.run(ScriptEngine.java:194)
	at com.kms.katalon.core.main.ScriptEngine.runScriptAsRawText(ScriptEngine.java:119)
	at com.kms.katalon.core.main.TestCaseExecutor.runScript(TestCaseExecutor.java:328)
	at com.kms.katalon.core.main.TestCaseExecutor.doExecute(TestCaseExecutor.java:319)
	at com.kms.katalon.core.main.TestCaseExecutor.processExecutionPhase(TestCaseExecutor.java:298)
	at com.kms.katalon.core.main.TestCaseExecutor.accessMainPhase(TestCaseExecutor.java:290)
	at com.kms.katalon.core.main.TestCaseExecutor.execute(TestCaseExecutor.java:224)
	at com.kms.katalon.core.main.TestCaseMain.runTestCase(TestCaseMain.java:106)
	at com.kms.katalon.core.keyword.builtin.CallTestCaseKeyword$_callTestCase_closure1.doCall(CallTestCaseKeyword.groovy:59)
	at com.kms.katalon.core.keyword.builtin.CallTestCaseKeyword$_callTestCase_closure1.call(CallTestCaseKeyword.groovy)
	at com.kms.katalon.core.keyword.internal.KeywordMain.runKeyword(KeywordMain.groovy:54)
	at com.kms.katalon.core.keyword.builtin.CallTestCaseKeyword.callTestCase(CallTestCaseKeyword.groovy:80)
	at com.kms.katalon.core.keyword.builtin.CallTestCaseKeyword.execute(CallTestCaseKeyword.groovy:44)
	at com.kms.katalon.core.keyword.internal.KeywordExecutor.executeKeywordForPlatform(KeywordExecutor.groovy:53)
	at com.kms.katalon.core.keyword.BuiltinKeywords.callTestCase(BuiltinKeywords.groovy:334)
	at OTC_Submit Form 7_End to End - Cheque.run(OTC_Submit Form 7_End to End - Cheque:26)
	at com.kms.katalon.core.main.ScriptEngine.run(ScriptEngine.java:194)
	at com.kms.katalon.core.main.ScriptEngine.runScriptAsRawText(ScriptEngine.java:119)
	at com.kms.katalon.core.main.TestCaseExecutor.runScript(TestCaseExecutor.java:328)
	at com.kms.katalon.core.main.TestCaseExecutor.doExecute(TestCaseExecutor.java:319)
	at com.kms.katalon.core.main.TestCaseExecutor.processExecutionPhase(TestCaseExecutor.java:298)
	at com.kms.katalon.core.main.TestCaseExecutor.accessMainPhase(TestCaseExecutor.java:290)
	at com.kms.katalon.core.main.TestCaseExecutor.execute(TestCaseExecutor.java:224)
	at com.kms.katalon.core.main.TestCaseMain.runTestCase(TestCaseMain.java:106)
	at com.kms.katalon.core.keyword.builtin.CallTestCaseKeyword$_callTestCase_closure1.doCall(CallTestCaseKeyword.groovy:59)
	at com.kms.katalon.core.keyword.builtin.CallTestCaseKeyword$_callTestCase_closure1.call(CallTestCaseKeyword.groovy)
	at com.kms.katalon.core.keyword.internal.KeywordMain.runKeyword(KeywordMain.groovy:54)
	at com.kms.katalon.core.keyword.builtin.CallTestCaseKeyword.callTestCase(CallTestCaseKeyword.groovy:80)
	at com.kms.katalon.core.keyword.builtin.CallTestCaseKeyword.execute(CallTestCaseKeyword.groovy:44)
	at com.kms.katalon.core.keyword.internal.KeywordExecutor.executeKeywordForPlatform(KeywordExecutor.groovy:53)
	at com.kms.katalon.core.keyword.BuiltinKeywords.callTestCase(BuiltinKeywords.groovy:334)
	at Approve Claim - Fill Up UJP - by OB.run(Approve Claim - Fill Up UJP - by OB:16)
	at com.kms.katalon.core.main.ScriptEngine.run(ScriptEngine.java:194)
	at com.kms.katalon.core.main.ScriptEngine.runScriptAsRawText(ScriptEngine.java:119)
	at com.kms.katalon.core.main.TestCaseExecutor.runScript(TestCaseExecutor.java:328)
	at com.kms.katalon.core.main.TestCaseExecutor.doExecute(TestCaseExecutor.java:319)
	at com.kms.katalon.core.main.TestCaseExecutor.processExecutionPhase(TestCaseExecutor.java:298)
	at com.kms.katalon.core.main.TestCaseExecutor.accessMainPhase(TestCaseExecutor.java:290)
	at com.kms.katalon.core.main.TestCaseExecutor.execute(TestCaseExecutor.java:224)
	at com.kms.katalon.core.main.TestSuiteExecutor.accessTestCaseMainPhase(TestSuiteExecutor.java:129)
	at com.kms.katalon.core.main.TestSuiteExecutor.accessTestSuiteMainPhase(TestSuiteExecutor.java:112)
	at com.kms.katalon.core.main.TestSuiteExecutor.execute(TestSuiteExecutor.java:81)
	at com.kms.katalon.core.main.TestCaseMain.startTestSuite(TestCaseMain.java:149)
	at com.kms.katalon.core.main.TestCaseMain$startTestSuite$0.call(Unknown Source)
	at TempTestSuite1550652525208.run(TempTestSuite1550652525208.groovy:36)]]></system-out>
         <system-err><![CDATA[2019-02-20 19:33:47 - [TEST_CASE][FAILED] - Test Cases/All TC/Arranged/0. Full Flow/Approve Claim - Fill Up UJP - by OB: Test Cases/All TC/Arranged/0. Full Flow/Approve Claim - Fill Up UJP - by OB FAILED.
Reason:
com.kms.katalon.core.exception.StepFailedException: Unable to click on object 'Object Repository/KeatMun/Form 7_default/OTC_Submit Form 7_Section F-G-H/Page_PERKESO/G2. span_Isteri' (Root cause: com.kms.katalon.core.webui.exception.WebElementNotFoundException: Web element with id: 'Object Repository/KeatMun/Form 7_default/OTC_Submit Form 7_Section F-G-H/Page_PERKESO/G2. span_Isteri' located by 'By.xpath: //span[@id = 'select2-dependentList0dependentRelationId-container' and @title = 'Isteri' and (text() = 'Isteri' or . = 'Isteri')]' not found)
	at com.kms.katalon.core.keyword.internal.KeywordMain.stepFailed(KeywordMain.groovy:36)
	at com.kms.katalon.core.webui.keyword.internal.WebUIKeywordMain.stepFailed(WebUIKeywordMain.groovy:65)
	at com.kms.katalon.core.webui.keyword.internal.WebUIKeywordMain.runKeyword(WebUIKeywordMain.groovy:27)
	at com.kms.katalon.core.webui.keyword.builtin.ClickKeyword.click(ClickKeyword.groovy:86)
	at com.kms.katalon.core.webui.keyword.builtin.ClickKeyword.execute(ClickKeyword.groovy:67)
	at com.kms.katalon.core.keyword.internal.KeywordExecutor.executeKeywordForPlatform(KeywordExecutor.groovy:53)
	at com.kms.katalon.core.webui.keyword.WebUiBuiltInKeywords.click(WebUiBuiltInKeywords.groovy:616)
	at com.kms.katalon.core.webui.keyword.WebUiBuiltInKeywords$click$3.call(Unknown Source)
	at OTC_Submit Form 7_Section F-G-H - Cheque.run(OTC_Submit Form 7_Section F-G-H - Cheque:41)
	at com.kms.katalon.core.main.ScriptEngine.run(ScriptEngine.java:194)
	at com.kms.katalon.core.main.ScriptEngine.runScriptAsRawText(ScriptEngine.java:119)
	at com.kms.katalon.core.main.TestCaseExecutor.runScript(TestCaseExecutor.java:328)
	at com.kms.katalon.core.main.TestCaseExecutor.doExecute(TestCaseExecutor.java:319)
	at com.kms.katalon.core.main.TestCaseExecutor.processExecutionPhase(TestCaseExecutor.java:298)
	at com.kms.katalon.core.main.TestCaseExecutor.accessMainPhase(TestCaseExecutor.java:290)
	at com.kms.katalon.core.main.TestCaseExecutor.execute(TestCaseExecutor.java:224)
	at com.kms.katalon.core.main.TestCaseMain.runTestCase(TestCaseMain.java:106)
	at com.kms.katalon.core.keyword.builtin.CallTestCaseKeyword$_callTestCase_closure1.doCall(CallTestCaseKeyword.groovy:59)
	at com.kms.katalon.core.keyword.builtin.CallTestCaseKeyword$_callTestCase_closure1.call(CallTestCaseKeyword.groovy)
	at com.kms.katalon.core.keyword.internal.KeywordMain.runKeyword(KeywordMain.groovy:54)
	at com.kms.katalon.core.keyword.builtin.CallTestCaseKeyword.callTestCase(CallTestCaseKeyword.groovy:80)
	at com.kms.katalon.core.keyword.builtin.CallTestCaseKeyword.execute(CallTestCaseKeyword.groovy:44)
	at com.kms.katalon.core.keyword.internal.KeywordExecutor.executeKeywordForPlatform(KeywordExecutor.groovy:53)
	at com.kms.katalon.core.keyword.BuiltinKeywords.callTestCase(BuiltinKeywords.groovy:334)
	at OTC_Submit Form 7_End to End - Cheque.run(OTC_Submit Form 7_End to End - Cheque:26)
	at com.kms.katalon.core.main.ScriptEngine.run(ScriptEngine.java:194)
	at com.kms.katalon.core.main.ScriptEngine.runScriptAsRawText(ScriptEngine.java:119)
	at com.kms.katalon.core.main.TestCaseExecutor.runScript(TestCaseExecutor.java:328)
	at com.kms.katalon.core.main.TestCaseExecutor.doExecute(TestCaseExecutor.java:319)
	at com.kms.katalon.core.main.TestCaseExecutor.processExecutionPhase(TestCaseExecutor.java:298)
	at com.kms.katalon.core.main.TestCaseExecutor.accessMainPhase(TestCaseExecutor.java:290)
	at com.kms.katalon.core.main.TestCaseExecutor.execute(TestCaseExecutor.java:224)
	at com.kms.katalon.core.main.TestCaseMain.runTestCase(TestCaseMain.java:106)
	at com.kms.katalon.core.keyword.builtin.CallTestCaseKeyword$_callTestCase_closure1.doCall(CallTestCaseKeyword.groovy:59)
	at com.kms.katalon.core.keyword.builtin.CallTestCaseKeyword$_callTestCase_closure1.call(CallTestCaseKeyword.groovy)
	at com.kms.katalon.core.keyword.internal.KeywordMain.runKeyword(KeywordMain.groovy:54)
	at com.kms.katalon.core.keyword.builtin.CallTestCaseKeyword.callTestCase(CallTestCaseKeyword.groovy:80)
	at com.kms.katalon.core.keyword.builtin.CallTestCaseKeyword.execute(CallTestCaseKeyword.groovy:44)
	at com.kms.katalon.core.keyword.internal.KeywordExecutor.executeKeywordForPlatform(KeywordExecutor.groovy:53)
	at com.kms.katalon.core.keyword.BuiltinKeywords.callTestCase(BuiltinKeywords.groovy:334)
	at Approve Claim - Fill Up UJP - by OB.run(Approve Claim - Fill Up UJP - by OB:16)
	at com.kms.katalon.core.main.ScriptEngine.run(ScriptEngine.java:194)
	at com.kms.katalon.core.main.ScriptEngine.runScriptAsRawText(ScriptEngine.java:119)
	at com.kms.katalon.core.main.TestCaseExecutor.runScript(TestCaseExecutor.java:328)
	at com.kms.katalon.core.main.TestCaseExecutor.doExecute(TestCaseExecutor.java:319)
	at com.kms.katalon.core.main.TestCaseExecutor.processExecutionPhase(TestCaseExecutor.java:298)
	at com.kms.katalon.core.main.TestCaseExecutor.accessMainPhase(TestCaseExecutor.java:290)
	at com.kms.katalon.core.main.TestCaseExecutor.execute(TestCaseExecutor.java:224)
	at com.kms.katalon.core.main.TestSuiteExecutor.accessTestCaseMainPhase(TestSuiteExecutor.java:129)
	at com.kms.katalon.core.main.TestSuiteExecutor.accessTestSuiteMainPhase(TestSuiteExecutor.java:112)
	at com.kms.katalon.core.main.TestSuiteExecutor.execute(TestSuiteExecutor.java:81)
	at com.kms.katalon.core.main.TestCaseMain.startTestSuite(TestCaseMain.java:149)
	at com.kms.katalon.core.main.TestCaseMain$startTestSuite$0.call(Unknown Source)
	at TempTestSuite1550652525208.run(TempTestSuite1550652525208.groovy:36)]]></system-err>
      </testcase>
      <testcase name="Test Cases/All TC/Arranged/0. Full Flow/Approve Claim - Fill Up UJP - by Internal User" classname="Test Cases/All TC/Arranged/0. Full Flow/Approve Claim - Fill Up UJP - by Internal User" status="FAILED">
         <failure type="FAILED" message="Test Cases/All TC/Arranged/0. Full Flow/Approve Claim - Fill Up UJP - by Internal User FAILED.
Reason:
com.kms.katalon.core.exception.StepFailedException: Unable to click on object 'Object Repository/KeatMun/Form 7_default/OTC_Submit Form 7_Section F-G-H/Page_PERKESO/G2. span_Isteri' (Root cause: com.kms.katalon.core.webui.exception.WebElementNotFoundException: Web element with id: 'Object Repository/KeatMun/Form 7_default/OTC_Submit Form 7_Section F-G-H/Page_PERKESO/G2. span_Isteri' located by 'By.xpath: //span[@id = 'select2-dependentList0dependentRelationId-container' and @title = 'Isteri' and (text() = 'Isteri' or . = 'Isteri')]' not found)
	at com.kms.katalon.core.keyword.internal.KeywordMain.stepFailed(KeywordMain.groovy:36)
	at com.kms.katalon.core.webui.keyword.internal.WebUIKeywordMain.stepFailed(WebUIKeywordMain.groovy:65)
	at com.kms.katalon.core.webui.keyword.internal.WebUIKeywordMain.runKeyword(WebUIKeywordMain.groovy:27)
	at com.kms.katalon.core.webui.keyword.builtin.ClickKeyword.click(ClickKeyword.groovy:86)
	at com.kms.katalon.core.webui.keyword.builtin.ClickKeyword.execute(ClickKeyword.groovy:67)
	at com.kms.katalon.core.keyword.internal.KeywordExecutor.executeKeywordForPlatform(KeywordExecutor.groovy:53)
	at com.kms.katalon.core.webui.keyword.WebUiBuiltInKeywords.click(WebUiBuiltInKeywords.groovy:616)
	at com.kms.katalon.core.webui.keyword.WebUiBuiltInKeywords$click$3.call(Unknown Source)
	at OTC_Submit Form 7_Section F-G-H - Cheque.run(OTC_Submit Form 7_Section F-G-H - Cheque:41)
	at com.kms.katalon.core.main.ScriptEngine.run(ScriptEngine.java:194)
	at com.kms.katalon.core.main.ScriptEngine.runScriptAsRawText(ScriptEngine.java:119)
	at com.kms.katalon.core.main.TestCaseExecutor.runScript(TestCaseExecutor.java:328)
	at com.kms.katalon.core.main.TestCaseExecutor.doExecute(TestCaseExecutor.java:319)
	at com.kms.katalon.core.main.TestCaseExecutor.processExecutionPhase(TestCaseExecutor.java:298)
	at com.kms.katalon.core.main.TestCaseExecutor.accessMainPhase(TestCaseExecutor.java:290)
	at com.kms.katalon.core.main.TestCaseExecutor.execute(TestCaseExecutor.java:224)
	at com.kms.katalon.core.main.TestCaseMain.runTestCase(TestCaseMain.java:106)
	at com.kms.katalon.core.keyword.builtin.CallTestCaseKeyword$_callTestCase_closure1.doCall(CallTestCaseKeyword.groovy:59)
	at com.kms.katalon.core.keyword.builtin.CallTestCaseKeyword$_callTestCase_closure1.call(CallTestCaseKeyword.groovy)
	at com.kms.katalon.core.keyword.internal.KeywordMain.runKeyword(KeywordMain.groovy:54)
	at com.kms.katalon.core.keyword.builtin.CallTestCaseKeyword.callTestCase(CallTestCaseKeyword.groovy:80)
	at com.kms.katalon.core.keyword.builtin.CallTestCaseKeyword.execute(CallTestCaseKeyword.groovy:44)
	at com.kms.katalon.core.keyword.internal.KeywordExecutor.executeKeywordForPlatform(KeywordExecutor.groovy:53)
	at com.kms.katalon.core.keyword.BuiltinKeywords.callTestCase(BuiltinKeywords.groovy:334)
	at OTC_Submit Form 7_End to End - Cheque.run(OTC_Submit Form 7_End to End - Cheque:26)
	at com.kms.katalon.core.main.ScriptEngine.run(ScriptEngine.java:194)
	at com.kms.katalon.core.main.ScriptEngine.runScriptAsRawText(ScriptEngine.java:119)
	at com.kms.katalon.core.main.TestCaseExecutor.runScript(TestCaseExecutor.java:328)
	at com.kms.katalon.core.main.TestCaseExecutor.doExecute(TestCaseExecutor.java:319)
	at com.kms.katalon.core.main.TestCaseExecutor.processExecutionPhase(TestCaseExecutor.java:298)
	at com.kms.katalon.core.main.TestCaseExecutor.accessMainPhase(TestCaseExecutor.java:290)
	at com.kms.katalon.core.main.TestCaseExecutor.execute(TestCaseExecutor.java:224)
	at com.kms.katalon.core.main.TestCaseMain.runTestCase(TestCaseMain.java:106)
	at com.kms.katalon.core.keyword.builtin.CallTestCaseKeyword$_callTestCase_closure1.doCall(CallTestCaseKeyword.groovy:59)
	at com.kms.katalon.core.keyword.builtin.CallTestCaseKeyword$_callTestCase_closure1.call(CallTestCaseKeyword.groovy)
	at com.kms.katalon.core.keyword.internal.KeywordMain.runKeyword(KeywordMain.groovy:54)
	at com.kms.katalon.core.keyword.builtin.CallTestCaseKeyword.callTestCase(CallTestCaseKeyword.groovy:80)
	at com.kms.katalon.core.keyword.builtin.CallTestCaseKeyword.execute(CallTestCaseKeyword.groovy:44)
	at com.kms.katalon.core.keyword.internal.KeywordExecutor.executeKeywordForPlatform(KeywordExecutor.groovy:53)
	at com.kms.katalon.core.keyword.BuiltinKeywords.callTestCase(BuiltinKeywords.groovy:334)
	at Approve Claim - Fill Up UJP - by Internal User.run(Approve Claim - Fill Up UJP - by Internal User:16)
	at com.kms.katalon.core.main.ScriptEngine.run(ScriptEngine.java:194)
	at com.kms.katalon.core.main.ScriptEngine.runScriptAsRawText(ScriptEngine.java:119)
	at com.kms.katalon.core.main.TestCaseExecutor.runScript(TestCaseExecutor.java:328)
	at com.kms.katalon.core.main.TestCaseExecutor.doExecute(TestCaseExecutor.java:319)
	at com.kms.katalon.core.main.TestCaseExecutor.processExecutionPhase(TestCaseExecutor.java:298)
	at com.kms.katalon.core.main.TestCaseExecutor.accessMainPhase(TestCaseExecutor.java:290)
	at com.kms.katalon.core.main.TestCaseExecutor.execute(TestCaseExecutor.java:224)
	at com.kms.katalon.core.main.TestSuiteExecutor.accessTestCaseMainPhase(TestSuiteExecutor.java:129)
	at com.kms.katalon.core.main.TestSuiteExecutor.accessTestSuiteMainPhase(TestSuiteExecutor.java:112)
	at com.kms.katalon.core.main.TestSuiteExecutor.execute(TestSuiteExecutor.java:81)
	at com.kms.katalon.core.main.TestCaseMain.startTestSuite(TestCaseMain.java:149)
	at com.kms.katalon.core.main.TestCaseMain$startTestSuite$0.call(Unknown Source)
	at TempTestSuite1550652525208.run(TempTestSuite1550652525208.groovy:36)
"/>
         <system-out><![CDATA[2019-02-20 19:43:35 - [TEST_CASE][FAILED] - Test Cases/All TC/Arranged/0. Full Flow/Approve Claim - Fill Up UJP - by Internal User: Test Cases/All TC/Arranged/0. Full Flow/Approve Claim - Fill Up UJP - by Internal User FAILED.
Reason:
com.kms.katalon.core.exception.StepFailedException: Unable to click on object 'Object Repository/KeatMun/Form 7_default/OTC_Submit Form 7_Section F-G-H/Page_PERKESO/G2. span_Isteri' (Root cause: com.kms.katalon.core.webui.exception.WebElementNotFoundException: Web element with id: 'Object Repository/KeatMun/Form 7_default/OTC_Submit Form 7_Section F-G-H/Page_PERKESO/G2. span_Isteri' located by 'By.xpath: //span[@id = 'select2-dependentList0dependentRelationId-container' and @title = 'Isteri' and (text() = 'Isteri' or . = 'Isteri')]' not found)
	at com.kms.katalon.core.keyword.internal.KeywordMain.stepFailed(KeywordMain.groovy:36)
	at com.kms.katalon.core.webui.keyword.internal.WebUIKeywordMain.stepFailed(WebUIKeywordMain.groovy:65)
	at com.kms.katalon.core.webui.keyword.internal.WebUIKeywordMain.runKeyword(WebUIKeywordMain.groovy:27)
	at com.kms.katalon.core.webui.keyword.builtin.ClickKeyword.click(ClickKeyword.groovy:86)
	at com.kms.katalon.core.webui.keyword.builtin.ClickKeyword.execute(ClickKeyword.groovy:67)
	at com.kms.katalon.core.keyword.internal.KeywordExecutor.executeKeywordForPlatform(KeywordExecutor.groovy:53)
	at com.kms.katalon.core.webui.keyword.WebUiBuiltInKeywords.click(WebUiBuiltInKeywords.groovy:616)
	at com.kms.katalon.core.webui.keyword.WebUiBuiltInKeywords$click$3.call(Unknown Source)
	at OTC_Submit Form 7_Section F-G-H - Cheque.run(OTC_Submit Form 7_Section F-G-H - Cheque:41)
	at com.kms.katalon.core.main.ScriptEngine.run(ScriptEngine.java:194)
	at com.kms.katalon.core.main.ScriptEngine.runScriptAsRawText(ScriptEngine.java:119)
	at com.kms.katalon.core.main.TestCaseExecutor.runScript(TestCaseExecutor.java:328)
	at com.kms.katalon.core.main.TestCaseExecutor.doExecute(TestCaseExecutor.java:319)
	at com.kms.katalon.core.main.TestCaseExecutor.processExecutionPhase(TestCaseExecutor.java:298)
	at com.kms.katalon.core.main.TestCaseExecutor.accessMainPhase(TestCaseExecutor.java:290)
	at com.kms.katalon.core.main.TestCaseExecutor.execute(TestCaseExecutor.java:224)
	at com.kms.katalon.core.main.TestCaseMain.runTestCase(TestCaseMain.java:106)
	at com.kms.katalon.core.keyword.builtin.CallTestCaseKeyword$_callTestCase_closure1.doCall(CallTestCaseKeyword.groovy:59)
	at com.kms.katalon.core.keyword.builtin.CallTestCaseKeyword$_callTestCase_closure1.call(CallTestCaseKeyword.groovy)
	at com.kms.katalon.core.keyword.internal.KeywordMain.runKeyword(KeywordMain.groovy:54)
	at com.kms.katalon.core.keyword.builtin.CallTestCaseKeyword.callTestCase(CallTestCaseKeyword.groovy:80)
	at com.kms.katalon.core.keyword.builtin.CallTestCaseKeyword.execute(CallTestCaseKeyword.groovy:44)
	at com.kms.katalon.core.keyword.internal.KeywordExecutor.executeKeywordForPlatform(KeywordExecutor.groovy:53)
	at com.kms.katalon.core.keyword.BuiltinKeywords.callTestCase(BuiltinKeywords.groovy:334)
	at OTC_Submit Form 7_End to End - Cheque.run(OTC_Submit Form 7_End to End - Cheque:26)
	at com.kms.katalon.core.main.ScriptEngine.run(ScriptEngine.java:194)
	at com.kms.katalon.core.main.ScriptEngine.runScriptAsRawText(ScriptEngine.java:119)
	at com.kms.katalon.core.main.TestCaseExecutor.runScript(TestCaseExecutor.java:328)
	at com.kms.katalon.core.main.TestCaseExecutor.doExecute(TestCaseExecutor.java:319)
	at com.kms.katalon.core.main.TestCaseExecutor.processExecutionPhase(TestCaseExecutor.java:298)
	at com.kms.katalon.core.main.TestCaseExecutor.accessMainPhase(TestCaseExecutor.java:290)
	at com.kms.katalon.core.main.TestCaseExecutor.execute(TestCaseExecutor.java:224)
	at com.kms.katalon.core.main.TestCaseMain.runTestCase(TestCaseMain.java:106)
	at com.kms.katalon.core.keyword.builtin.CallTestCaseKeyword$_callTestCase_closure1.doCall(CallTestCaseKeyword.groovy:59)
	at com.kms.katalon.core.keyword.builtin.CallTestCaseKeyword$_callTestCase_closure1.call(CallTestCaseKeyword.groovy)
	at com.kms.katalon.core.keyword.internal.KeywordMain.runKeyword(KeywordMain.groovy:54)
	at com.kms.katalon.core.keyword.builtin.CallTestCaseKeyword.callTestCase(CallTestCaseKeyword.groovy:80)
	at com.kms.katalon.core.keyword.builtin.CallTestCaseKeyword.execute(CallTestCaseKeyword.groovy:44)
	at com.kms.katalon.core.keyword.internal.KeywordExecutor.executeKeywordForPlatform(KeywordExecutor.groovy:53)
	at com.kms.katalon.core.keyword.BuiltinKeywords.callTestCase(BuiltinKeywords.groovy:334)
	at Approve Claim - Fill Up UJP - by Internal User.run(Approve Claim - Fill Up UJP - by Internal User:16)
	at com.kms.katalon.core.main.ScriptEngine.run(ScriptEngine.java:194)
	at com.kms.katalon.core.main.ScriptEngine.runScriptAsRawText(ScriptEngine.java:119)
	at com.kms.katalon.core.main.TestCaseExecutor.runScript(TestCaseExecutor.java:328)
	at com.kms.katalon.core.main.TestCaseExecutor.doExecute(TestCaseExecutor.java:319)
	at com.kms.katalon.core.main.TestCaseExecutor.processExecutionPhase(TestCaseExecutor.java:298)
	at com.kms.katalon.core.main.TestCaseExecutor.accessMainPhase(TestCaseExecutor.java:290)
	at com.kms.katalon.core.main.TestCaseExecutor.execute(TestCaseExecutor.java:224)
	at com.kms.katalon.core.main.TestSuiteExecutor.accessTestCaseMainPhase(TestSuiteExecutor.java:129)
	at com.kms.katalon.core.main.TestSuiteExecutor.accessTestSuiteMainPhase(TestSuiteExecutor.java:112)
	at com.kms.katalon.core.main.TestSuiteExecutor.execute(TestSuiteExecutor.java:81)
	at com.kms.katalon.core.main.TestCaseMain.startTestSuite(TestCaseMain.java:149)
	at com.kms.katalon.core.main.TestCaseMain$startTestSuite$0.call(Unknown Source)
	at TempTestSuite1550652525208.run(TempTestSuite1550652525208.groovy:36)


2019-02-20 19:43:35 - [TEST_STEP][FAILED] - callTestCase(findTestCase("All TC/Arranged/2. Segment/OTC_Submit Form 7_End to End - Cheque"), [:], STOP_ON_FAILURE): callTestCase(findTestCase("All TC/Arranged/2. Segment/OTC_Submit Form 7_End to End - Cheque"), [:], STOP_ON_FAILURE) FAILED.
Reason:
com.kms.katalon.core.exception.StepFailedException: Unable to click on object 'Object Repository/KeatMun/Form 7_default/OTC_Submit Form 7_Section F-G-H/Page_PERKESO/G2. span_Isteri' (Root cause: com.kms.katalon.core.webui.exception.WebElementNotFoundException: Web element with id: 'Object Repository/KeatMun/Form 7_default/OTC_Submit Form 7_Section F-G-H/Page_PERKESO/G2. span_Isteri' located by 'By.xpath: //span[@id = 'select2-dependentList0dependentRelationId-container' and @title = 'Isteri' and (text() = 'Isteri' or . = 'Isteri')]' not found)
	at com.kms.katalon.core.keyword.internal.KeywordMain.stepFailed(KeywordMain.groovy:36)
	at com.kms.katalon.core.webui.keyword.internal.WebUIKeywordMain.stepFailed(WebUIKeywordMain.groovy:65)
	at com.kms.katalon.core.webui.keyword.internal.WebUIKeywordMain.runKeyword(WebUIKeywordMain.groovy:27)
	at com.kms.katalon.core.webui.keyword.builtin.ClickKeyword.click(ClickKeyword.groovy:86)
	at com.kms.katalon.core.webui.keyword.builtin.ClickKeyword.execute(ClickKeyword.groovy:67)
	at com.kms.katalon.core.keyword.internal.KeywordExecutor.executeKeywordForPlatform(KeywordExecutor.groovy:53)
	at com.kms.katalon.core.webui.keyword.WebUiBuiltInKeywords.click(WebUiBuiltInKeywords.groovy:616)
	at com.kms.katalon.core.webui.keyword.WebUiBuiltInKeywords$click$3.call(Unknown Source)
	at OTC_Submit Form 7_Section F-G-H - Cheque.run(OTC_Submit Form 7_Section F-G-H - Cheque:41)
	at com.kms.katalon.core.main.ScriptEngine.run(ScriptEngine.java:194)
	at com.kms.katalon.core.main.ScriptEngine.runScriptAsRawText(ScriptEngine.java:119)
	at com.kms.katalon.core.main.TestCaseExecutor.runScript(TestCaseExecutor.java:328)
	at com.kms.katalon.core.main.TestCaseExecutor.doExecute(TestCaseExecutor.java:319)
	at com.kms.katalon.core.main.TestCaseExecutor.processExecutionPhase(TestCaseExecutor.java:298)
	at com.kms.katalon.core.main.TestCaseExecutor.accessMainPhase(TestCaseExecutor.java:290)
	at com.kms.katalon.core.main.TestCaseExecutor.execute(TestCaseExecutor.java:224)
	at com.kms.katalon.core.main.TestCaseMain.runTestCase(TestCaseMain.java:106)
	at com.kms.katalon.core.keyword.builtin.CallTestCaseKeyword$_callTestCase_closure1.doCall(CallTestCaseKeyword.groovy:59)
	at com.kms.katalon.core.keyword.builtin.CallTestCaseKeyword$_callTestCase_closure1.call(CallTestCaseKeyword.groovy)
	at com.kms.katalon.core.keyword.internal.KeywordMain.runKeyword(KeywordMain.groovy:54)
	at com.kms.katalon.core.keyword.builtin.CallTestCaseKeyword.callTestCase(CallTestCaseKeyword.groovy:80)
	at com.kms.katalon.core.keyword.builtin.CallTestCaseKeyword.execute(CallTestCaseKeyword.groovy:44)
	at com.kms.katalon.core.keyword.internal.KeywordExecutor.executeKeywordForPlatform(KeywordExecutor.groovy:53)
	at com.kms.katalon.core.keyword.BuiltinKeywords.callTestCase(BuiltinKeywords.groovy:334)
	at OTC_Submit Form 7_End to End - Cheque.run(OTC_Submit Form 7_End to End - Cheque:26)
	at com.kms.katalon.core.main.ScriptEngine.run(ScriptEngine.java:194)
	at com.kms.katalon.core.main.ScriptEngine.runScriptAsRawText(ScriptEngine.java:119)
	at com.kms.katalon.core.main.TestCaseExecutor.runScript(TestCaseExecutor.java:328)
	at com.kms.katalon.core.main.TestCaseExecutor.doExecute(TestCaseExecutor.java:319)
	at com.kms.katalon.core.main.TestCaseExecutor.processExecutionPhase(TestCaseExecutor.java:298)
	at com.kms.katalon.core.main.TestCaseExecutor.accessMainPhase(TestCaseExecutor.java:290)
	at com.kms.katalon.core.main.TestCaseExecutor.execute(TestCaseExecutor.java:224)
	at com.kms.katalon.core.main.TestCaseMain.runTestCase(TestCaseMain.java:106)
	at com.kms.katalon.core.keyword.builtin.CallTestCaseKeyword$_callTestCase_closure1.doCall(CallTestCaseKeyword.groovy:59)
	at com.kms.katalon.core.keyword.builtin.CallTestCaseKeyword$_callTestCase_closure1.call(CallTestCaseKeyword.groovy)
	at com.kms.katalon.core.keyword.internal.KeywordMain.runKeyword(KeywordMain.groovy:54)
	at com.kms.katalon.core.keyword.builtin.CallTestCaseKeyword.callTestCase(CallTestCaseKeyword.groovy:80)
	at com.kms.katalon.core.keyword.builtin.CallTestCaseKeyword.execute(CallTestCaseKeyword.groovy:44)
	at com.kms.katalon.core.keyword.internal.KeywordExecutor.executeKeywordForPlatform(KeywordExecutor.groovy:53)
	at com.kms.katalon.core.keyword.BuiltinKeywords.callTestCase(BuiltinKeywords.groovy:334)
	at Approve Claim - Fill Up UJP - by Internal User.run(Approve Claim - Fill Up UJP - by Internal User:16)
	at com.kms.katalon.core.main.ScriptEngine.run(ScriptEngine.java:194)
	at com.kms.katalon.core.main.ScriptEngine.runScriptAsRawText(ScriptEngine.java:119)
	at com.kms.katalon.core.main.TestCaseExecutor.runScript(TestCaseExecutor.java:328)
	at com.kms.katalon.core.main.TestCaseExecutor.doExecute(TestCaseExecutor.java:319)
	at com.kms.katalon.core.main.TestCaseExecutor.processExecutionPhase(TestCaseExecutor.java:298)
	at com.kms.katalon.core.main.TestCaseExecutor.accessMainPhase(TestCaseExecutor.java:290)
	at com.kms.katalon.core.main.TestCaseExecutor.execute(TestCaseExecutor.java:224)
	at com.kms.katalon.core.main.TestSuiteExecutor.accessTestCaseMainPhase(TestSuiteExecutor.java:129)
	at com.kms.katalon.core.main.TestSuiteExecutor.accessTestSuiteMainPhase(TestSuiteExecutor.java:112)
	at com.kms.katalon.core.main.TestSuiteExecutor.execute(TestSuiteExecutor.java:81)
	at com.kms.katalon.core.main.TestCaseMain.startTestSuite(TestCaseMain.java:149)
	at com.kms.katalon.core.main.TestCaseMain$startTestSuite$0.call(Unknown Source)
	at TempTestSuite1550652525208.run(TempTestSuite1550652525208.groovy:36)


2019-02-20 19:43:35 - [TEST_CASE][FAILED] - Test Cases/All TC/Arranged/2. Segment/OTC_Submit Form 7_End to End - Cheque: Test Cases/All TC/Arranged/2. Segment/OTC_Submit Form 7_End to End - Cheque FAILED.
Reason:
com.kms.katalon.core.exception.StepFailedException: Unable to click on object 'Object Repository/KeatMun/Form 7_default/OTC_Submit Form 7_Section F-G-H/Page_PERKESO/G2. span_Isteri' (Root cause: com.kms.katalon.core.webui.exception.WebElementNotFoundException: Web element with id: 'Object Repository/KeatMun/Form 7_default/OTC_Submit Form 7_Section F-G-H/Page_PERKESO/G2. span_Isteri' located by 'By.xpath: //span[@id = 'select2-dependentList0dependentRelationId-container' and @title = 'Isteri' and (text() = 'Isteri' or . = 'Isteri')]' not found)
	at com.kms.katalon.core.keyword.internal.KeywordMain.stepFailed(KeywordMain.groovy:36)
	at com.kms.katalon.core.webui.keyword.internal.WebUIKeywordMain.stepFailed(WebUIKeywordMain.groovy:65)
	at com.kms.katalon.core.webui.keyword.internal.WebUIKeywordMain.runKeyword(WebUIKeywordMain.groovy:27)
	at com.kms.katalon.core.webui.keyword.builtin.ClickKeyword.click(ClickKeyword.groovy:86)
	at com.kms.katalon.core.webui.keyword.builtin.ClickKeyword.execute(ClickKeyword.groovy:67)
	at com.kms.katalon.core.keyword.internal.KeywordExecutor.executeKeywordForPlatform(KeywordExecutor.groovy:53)
	at com.kms.katalon.core.webui.keyword.WebUiBuiltInKeywords.click(WebUiBuiltInKeywords.groovy:616)
	at com.kms.katalon.core.webui.keyword.WebUiBuiltInKeywords$click$3.call(Unknown Source)
	at OTC_Submit Form 7_Section F-G-H - Cheque.run(OTC_Submit Form 7_Section F-G-H - Cheque:41)
	at com.kms.katalon.core.main.ScriptEngine.run(ScriptEngine.java:194)
	at com.kms.katalon.core.main.ScriptEngine.runScriptAsRawText(ScriptEngine.java:119)
	at com.kms.katalon.core.main.TestCaseExecutor.runScript(TestCaseExecutor.java:328)
	at com.kms.katalon.core.main.TestCaseExecutor.doExecute(TestCaseExecutor.java:319)
	at com.kms.katalon.core.main.TestCaseExecutor.processExecutionPhase(TestCaseExecutor.java:298)
	at com.kms.katalon.core.main.TestCaseExecutor.accessMainPhase(TestCaseExecutor.java:290)
	at com.kms.katalon.core.main.TestCaseExecutor.execute(TestCaseExecutor.java:224)
	at com.kms.katalon.core.main.TestCaseMain.runTestCase(TestCaseMain.java:106)
	at com.kms.katalon.core.keyword.builtin.CallTestCaseKeyword$_callTestCase_closure1.doCall(CallTestCaseKeyword.groovy:59)
	at com.kms.katalon.core.keyword.builtin.CallTestCaseKeyword$_callTestCase_closure1.call(CallTestCaseKeyword.groovy)
	at com.kms.katalon.core.keyword.internal.KeywordMain.runKeyword(KeywordMain.groovy:54)
	at com.kms.katalon.core.keyword.builtin.CallTestCaseKeyword.callTestCase(CallTestCaseKeyword.groovy:80)
	at com.kms.katalon.core.keyword.builtin.CallTestCaseKeyword.execute(CallTestCaseKeyword.groovy:44)
	at com.kms.katalon.core.keyword.internal.KeywordExecutor.executeKeywordForPlatform(KeywordExecutor.groovy:53)
	at com.kms.katalon.core.keyword.BuiltinKeywords.callTestCase(BuiltinKeywords.groovy:334)
	at OTC_Submit Form 7_End to End - Cheque.run(OTC_Submit Form 7_End to End - Cheque:26)
	at com.kms.katalon.core.main.ScriptEngine.run(ScriptEngine.java:194)
	at com.kms.katalon.core.main.ScriptEngine.runScriptAsRawText(ScriptEngine.java:119)
	at com.kms.katalon.core.main.TestCaseExecutor.runScript(TestCaseExecutor.java:328)
	at com.kms.katalon.core.main.TestCaseExecutor.doExecute(TestCaseExecutor.java:319)
	at com.kms.katalon.core.main.TestCaseExecutor.processExecutionPhase(TestCaseExecutor.java:298)
	at com.kms.katalon.core.main.TestCaseExecutor.accessMainPhase(TestCaseExecutor.java:290)
	at com.kms.katalon.core.main.TestCaseExecutor.execute(TestCaseExecutor.java:224)
	at com.kms.katalon.core.main.TestCaseMain.runTestCase(TestCaseMain.java:106)
	at com.kms.katalon.core.keyword.builtin.CallTestCaseKeyword$_callTestCase_closure1.doCall(CallTestCaseKeyword.groovy:59)
	at com.kms.katalon.core.keyword.builtin.CallTestCaseKeyword$_callTestCase_closure1.call(CallTestCaseKeyword.groovy)
	at com.kms.katalon.core.keyword.internal.KeywordMain.runKeyword(KeywordMain.groovy:54)
	at com.kms.katalon.core.keyword.builtin.CallTestCaseKeyword.callTestCase(CallTestCaseKeyword.groovy:80)
	at com.kms.katalon.core.keyword.builtin.CallTestCaseKeyword.execute(CallTestCaseKeyword.groovy:44)
	at com.kms.katalon.core.keyword.internal.KeywordExecutor.executeKeywordForPlatform(KeywordExecutor.groovy:53)
	at com.kms.katalon.core.keyword.BuiltinKeywords.callTestCase(BuiltinKeywords.groovy:334)
	at Approve Claim - Fill Up UJP - by Internal User.run(Approve Claim - Fill Up UJP - by Internal User:16)
	at com.kms.katalon.core.main.ScriptEngine.run(ScriptEngine.java:194)
	at com.kms.katalon.core.main.ScriptEngine.runScriptAsRawText(ScriptEngine.java:119)
	at com.kms.katalon.core.main.TestCaseExecutor.runScript(TestCaseExecutor.java:328)
	at com.kms.katalon.core.main.TestCaseExecutor.doExecute(TestCaseExecutor.java:319)
	at com.kms.katalon.core.main.TestCaseExecutor.processExecutionPhase(TestCaseExecutor.java:298)
	at com.kms.katalon.core.main.TestCaseExecutor.accessMainPhase(TestCaseExecutor.java:290)
	at com.kms.katalon.core.main.TestCaseExecutor.execute(TestCaseExecutor.java:224)
	at com.kms.katalon.core.main.TestSuiteExecutor.accessTestCaseMainPhase(TestSuiteExecutor.java:129)
	at com.kms.katalon.core.main.TestSuiteExecutor.accessTestSuiteMainPhase(TestSuiteExecutor.java:112)
	at com.kms.katalon.core.main.TestSuiteExecutor.execute(TestSuiteExecutor.java:81)
	at com.kms.katalon.core.main.TestCaseMain.startTestSuite(TestCaseMain.java:149)
	at com.kms.katalon.core.main.TestCaseMain$startTestSuite$0.call(Unknown Source)
	at TempTestSuite1550652525208.run(TempTestSuite1550652525208.groovy:36)


2019-02-20 19:43:35 - [TEST_STEP][PASSED] - callTestCase(findTestCase("All TC/Arranged/3. Unit/EI/Form 7_default/OTC_Application_Reg"), [:], STOP_ON_FAILURE): Call Test Case 'Test Cases/All TC/Arranged/3. Unit/EI/Form 7_default/OTC_Application_Reg' successfully

2019-02-20 19:43:35 - [TEST_CASE][PASSED] - Test Cases/All TC/Arranged/3. Unit/EI/Form 7_default/OTC_Application_Reg: Test Cases/All TC/Arranged/3. Unit/EI/Form 7_default/OTC_Application_Reg

2019-02-20 19:43:35 - [TEST_STEP][PASSED] - openBrowser(""): Browser is opened with url: ''

2019-02-20 19:43:35 - [MESSAGE][WARNING] - A browser is already opened. Closing browser and opening a new one

2019-02-20 19:43:37 - [MESSAGE][INFO] - Starting 'Chrome' driver

2019-02-20 19:43:37 - [MESSAGE][INFO] - User set preference: ['args', '[--start-maximized]']

2019-02-20 19:43:41 - [MESSAGE][PASSED] - Browser is opened with url: ''

2019-02-20 19:43:41 - [TEST_STEP][PASSED] - navigateToUrl(Internal_Login): Navigate to 'http://10.20.24.188/eisportal/user/login' successfully

2019-02-20 19:43:43 - [MESSAGE][PASSED] - Navigate to 'http://10.20.24.188/eisportal/user/login' successfully

2019-02-20 19:43:43 - [TEST_STEP][PASSED] - delay(3): Delayed 3 second(s)

2019-02-20 19:43:46 - [MESSAGE][PASSED] - Delayed 3 second(s)

2019-02-20 19:43:46 - [TEST_STEP][PASSED] - setText(findTestObject("KeatMun/Form 7_default/OTC_Application_Reg/Page_PERKESO/1.username"), "faizal.hamid@perkeso.gov.my"): Text 'faizal.hamid@perkeso.gov.my' is set on object 'Object Repository/KeatMun/Form 7_default/OTC_Application_Reg/Page_PERKESO/1.username'

2019-02-20 19:43:50 - [MESSAGE][PASSED] - Text 'faizal.hamid@perkeso.gov.my' is set on object 'Object Repository/KeatMun/Form 7_default/OTC_Application_Reg/Page_PERKESO/1.username'

2019-02-20 19:43:50 - [TEST_STEP][PASSED] - delay(1): Delayed 1 second(s)

2019-02-20 19:43:51 - [MESSAGE][PASSED] - Delayed 1 second(s)

2019-02-20 19:43:51 - [TEST_STEP][PASSED] - setEncryptedText(findTestObject("KeatMun/Form 7_default/OTC_Application_Reg/Page_PERKESO/2.password"), "CQqwFZlbeC8="): Text ****** has been set on object 'Object Repository/KeatMun/Form 7_default/OTC_Application_Reg/Page_PERKESO/2.password'

2019-02-20 19:43:54 - [MESSAGE][PASSED] - Text ****** has been set on object 'Object Repository/KeatMun/Form 7_default/OTC_Application_Reg/Page_PERKESO/2.password'

2019-02-20 19:43:54 - [TEST_STEP][PASSED] - delay(2): Delayed 2 second(s)

2019-02-20 19:43:56 - [MESSAGE][PASSED] - Delayed 2 second(s)

2019-02-20 19:43:56 - [TEST_STEP][PASSED] - click(findTestObject("KeatMun/Form 7_default/OTC_Application_Reg/Page_PERKESO/3.login button")): Object: 'Object Repository/KeatMun/Form 7_default/OTC_Application_Reg/Page_PERKESO/3.login button' is clicked on

2019-02-20 19:44:00 - [MESSAGE][PASSED] - Object: 'Object Repository/KeatMun/Form 7_default/OTC_Application_Reg/Page_PERKESO/3.login button' is clicked on

2019-02-20 19:44:00 - [TEST_STEP][PASSED] - delay(2): Delayed 2 second(s)

2019-02-20 19:44:02 - [MESSAGE][PASSED] - Delayed 2 second(s)

2019-02-20 19:44:02 - [TEST_STEP][PASSED] - click(findTestObject("KeatMun/Form 7_default/OTC_Application_Reg/Page_PERKESO/4. Permohonan tab")): Object: 'Object Repository/KeatMun/Form 7_default/OTC_Application_Reg/Page_PERKESO/4. Permohonan tab' is clicked on

2019-02-20 19:44:04 - [MESSAGE][PASSED] - Object: 'Object Repository/KeatMun/Form 7_default/OTC_Application_Reg/Page_PERKESO/4. Permohonan tab' is clicked on

2019-02-20 19:44:04 - [TEST_STEP][PASSED] - delay(2): Delayed 2 second(s)

2019-02-20 19:44:06 - [MESSAGE][PASSED] - Delayed 2 second(s)

2019-02-20 19:44:06 - [TEST_STEP][PASSED] - click(findTestObject("KeatMun/Form 7_default/OTC_Application_Reg/Page_PERKESO/5.button_Setuju")): Object: 'Object Repository/KeatMun/Form 7_default/OTC_Application_Reg/Page_PERKESO/5.button_Setuju' is clicked on

2019-02-20 19:44:09 - [MESSAGE][PASSED] - Object: 'Object Repository/KeatMun/Form 7_default/OTC_Application_Reg/Page_PERKESO/5.button_Setuju' is clicked on

2019-02-20 19:44:09 - [TEST_STEP][PASSED] - delay(2): Delayed 2 second(s)

2019-02-20 19:44:11 - [MESSAGE][PASSED] - Delayed 2 second(s)

2019-02-20 19:44:11 - [TEST_STEP][PASSED] - callTestCase(findTestCase("All TC/Arranged/1. Common/IC List Checker"), [:], STOP_ON_FAILURE): Call Test Case 'Test Cases/All TC/Arranged/1. Common/IC List Checker' successfully

2019-02-20 19:44:11 - [TEST_CASE][PASSED] - Test Cases/All TC/Arranged/1. Common/IC List Checker: Test Cases/All TC/Arranged/1. Common/IC List Checker

2019-02-20 19:44:11 - [TEST_STEP][PASSED] - counter = 0: null

2019-02-20 19:44:11 - [TEST_STEP][PASSED] - fis = new java.io.FileInputStream((internal.GlobalVariable.TextFilePathCommon + \IC.xlsx)): null

2019-02-20 19:44:11 - [TEST_STEP][PASSED] - workbook = new org.apache.poi.xssf.usermodel.XSSFWorkbook(fis): null

2019-02-20 19:44:11 - [TEST_STEP][PASSED] - sheet = workbook.getSheet("Sheet1"): null

2019-02-20 19:44:11 - [TEST_STEP][PASSED] - totalRow = sheet.getLastRowNum(): null

2019-02-20 19:44:11 - [TEST_STEP][PASSED] - out.println(totalRow): null

2019-02-20 19:44:11 - [TEST_STEP][PASSED] - row = sheet.getRow(counter): null

2019-02-20 19:44:11 - [TEST_STEP][PASSED] - cell = row.getCell(counter): null

2019-02-20 19:44:11 - [TEST_STEP][PASSED] - a = cell.getStringCellValue(): null

2019-02-20 19:44:11 - [TEST_STEP][PASSED] - IC = a: null

2019-02-20 19:44:11 - [TEST_STEP][PASSED] - out.println(IC): null

2019-02-20 19:44:11 - [TEST_STEP][PASSED] - callTestCase(findTestCase("All TC/Arranged/1. Common/1.2 Setter/Setter IC"), [:], STOP_ON_FAILURE): Call Test Case 'Test Cases/All TC/Arranged/1. Common/1.2 Setter/Setter IC' successfully

2019-02-20 19:44:11 - [TEST_CASE][PASSED] - Test Cases/All TC/Arranged/1. Common/1.2 Setter/Setter IC: Test Cases/All TC/Arranged/1. Common/1.2 Setter/Setter IC

2019-02-20 19:44:11 - [TEST_STEP][PASSED] - RefNoOldFile = new java.io.File((internal.GlobalVariable.TextFilePathCommon + \getIC.txt)): null

2019-02-20 19:44:11 - [TEST_STEP][PASSED] - RefNoOldFile.delete(): null

2019-02-20 19:44:11 - [TEST_STEP][PASSED] - delay(5): Delayed 5 second(s)

2019-02-20 19:44:16 - [MESSAGE][PASSED] - Delayed 5 second(s)

2019-02-20 19:44:16 - [TEST_STEP][PASSED] - RefNo = new java.io.File((internal.GlobalVariable.TextFilePathCommon + \getIC.txt)): null

2019-02-20 19:44:16 - [TEST_STEP][PASSED] - f2 = new java.io.FileWriter(RefNo, false): null

2019-02-20 19:44:16 - [TEST_STEP][PASSED] - f2.write(IC): null

2019-02-20 19:44:16 - [TEST_STEP][PASSED] - f2.close(): null

2019-02-20 19:44:16 - [TEST_STEP][PASSED] - out.println("


" + IC + "


"): null

2019-02-20 19:44:16 - [MESSAGE][PASSED] - Call Test Case 'Test Cases/All TC/Arranged/1. Common/1.2 Setter/Setter IC' successfully

2019-02-20 19:44:16 - [MESSAGE][PASSED] - Call Test Case 'Test Cases/All TC/Arranged/1. Common/IC List Checker' successfully

2019-02-20 19:44:16 - [TEST_STEP][PASSED] - setText(findTestObject("KeatMun/Form 7_default/OTC_Application_Reg/Page_PERKESO/6.No. Kad Pengenalan"), IC): Text '861023436638' is set on object 'Object Repository/KeatMun/Form 7_default/OTC_Application_Reg/Page_PERKESO/6.No. Kad Pengenalan'

2019-02-20 19:44:21 - [MESSAGE][PASSED] - Text '861023436638' is set on object 'Object Repository/KeatMun/Form 7_default/OTC_Application_Reg/Page_PERKESO/6.No. Kad Pengenalan'

2019-02-20 19:44:21 - [TEST_STEP][PASSED] - delay(2): Delayed 2 second(s)

2019-02-20 19:44:23 - [MESSAGE][PASSED] - Delayed 2 second(s)

2019-02-20 19:44:23 - [TEST_STEP][PASSED] - click(findTestObject("KeatMun/Form 7_default/OTC_Application_Reg/Page_PERKESO/7.button_Semak")): Object: 'Object Repository/KeatMun/Form 7_default/OTC_Application_Reg/Page_PERKESO/7.button_Semak' is clicked on

2019-02-20 19:44:25 - [MESSAGE][PASSED] - Object: 'Object Repository/KeatMun/Form 7_default/OTC_Application_Reg/Page_PERKESO/7.button_Semak' is clicked on

2019-02-20 19:44:25 - [TEST_STEP][PASSED] - delay(4): Delayed 4 second(s)

2019-02-20 19:44:29 - [MESSAGE][PASSED] - Delayed 4 second(s)

2019-02-20 19:44:29 - [TEST_STEP][PASSED] - click(findTestObject("KeatMun/Form 7_default/OTC_Application_Reg/Page_PERKESO/8. Nama Majikan Dropdown")): Object: 'Object Repository/KeatMun/Form 7_default/OTC_Application_Reg/Page_PERKESO/8. Nama Majikan Dropdown' is clicked on

2019-02-20 19:44:31 - [MESSAGE][PASSED] - Object: 'Object Repository/KeatMun/Form 7_default/OTC_Application_Reg/Page_PERKESO/8. Nama Majikan Dropdown' is clicked on

2019-02-20 19:44:31 - [TEST_STEP][PASSED] - setText(findTestObject("KeatMun/Form 7_default/OTC_Application_Reg/Page_PERKESO/8. LOE emp"), "pet"): Text 'pet' is set on object 'Object Repository/KeatMun/Form 7_default/OTC_Application_Reg/Page_PERKESO/8. LOE emp'

2019-02-20 19:44:35 - [MESSAGE][PASSED] - Text 'pet' is set on object 'Object Repository/KeatMun/Form 7_default/OTC_Application_Reg/Page_PERKESO/8. LOE emp'

2019-02-20 19:44:35 - [TEST_STEP][PASSED] - click(findTestObject("KeatMun/Form 7_default/OTC_Application_Reg/Page_PERKESO/8. PETRONAS")): Object: 'Object Repository/KeatMun/Form 7_default/OTC_Application_Reg/Page_PERKESO/8. PETRONAS' is clicked on

2019-02-20 19:44:37 - [MESSAGE][PASSED] - Object: 'Object Repository/KeatMun/Form 7_default/OTC_Application_Reg/Page_PERKESO/8. PETRONAS' is clicked on

2019-02-20 19:44:37 - [TEST_STEP][PASSED] - delay(2): Delayed 2 second(s)

2019-02-20 19:44:39 - [MESSAGE][PASSED] - Delayed 2 second(s)

2019-02-20 19:44:39 - [TEST_STEP][PASSED] - setText(findTestObject("KeatMun/Form 7_default/OTC_Application_Reg/Page_PERKESO/9.Tarikh kehilangan pkj"), "10/01/2019"): Text '10/01/2019' is set on object 'Object Repository/KeatMun/Form 7_default/OTC_Application_Reg/Page_PERKESO/9.Tarikh kehilangan pkj'

2019-02-20 19:44:43 - [MESSAGE][PASSED] - Text '10/01/2019' is set on object 'Object Repository/KeatMun/Form 7_default/OTC_Application_Reg/Page_PERKESO/9.Tarikh kehilangan pkj'

2019-02-20 19:44:43 - [TEST_STEP][PASSED] - delay(2): Delayed 2 second(s)

2019-02-20 19:44:45 - [MESSAGE][PASSED] - Delayed 2 second(s)

2019-02-20 19:44:45 - [TEST_STEP][PASSED] - click(findTestObject("KeatMun/Form 7_default/OTC_Application_Reg/Page_PERKESO/9. Date Picker Done Button ")): Object: 'Object Repository/KeatMun/Form 7_default/OTC_Application_Reg/Page_PERKESO/9. Date Picker Done Button ' is clicked on

2019-02-20 19:44:48 - [MESSAGE][PASSED] - Object: 'Object Repository/KeatMun/Form 7_default/OTC_Application_Reg/Page_PERKESO/9. Date Picker Done Button ' is clicked on

2019-02-20 19:44:48 - [TEST_STEP][PASSED] - delay(2): Delayed 2 second(s)

2019-02-20 19:44:50 - [MESSAGE][PASSED] - Delayed 2 second(s)

2019-02-20 19:44:50 - [TEST_STEP][PASSED] - click(findTestObject("KeatMun/Form 7_default/OTC_Application_Reg/Page_PERKESO/10.button_Mohon")): Object: 'Object Repository/KeatMun/Form 7_default/OTC_Application_Reg/Page_PERKESO/10.button_Mohon' is clicked on

2019-02-20 19:44:52 - [MESSAGE][PASSED] - Object: 'Object Repository/KeatMun/Form 7_default/OTC_Application_Reg/Page_PERKESO/10.button_Mohon' is clicked on

2019-02-20 19:44:52 - [TEST_STEP][PASSED] - delay(2): Delayed 2 second(s)

2019-02-20 19:44:54 - [MESSAGE][PASSED] - Delayed 2 second(s)

2019-02-20 19:44:54 - [TEST_STEP][PASSED] - setText(findTestObject("KeatMun/Form 7_default/OTC_Application_Reg/Page_PERKESO/11.Tarikh Terima_stampedDtS"), "10/01/2019"): Text '10/01/2019' is set on object 'Object Repository/KeatMun/Form 7_default/OTC_Application_Reg/Page_PERKESO/11.Tarikh Terima_stampedDtS'

2019-02-20 19:44:58 - [MESSAGE][PASSED] - Text '10/01/2019' is set on object 'Object Repository/KeatMun/Form 7_default/OTC_Application_Reg/Page_PERKESO/11.Tarikh Terima_stampedDtS'

2019-02-20 19:44:58 - [TEST_STEP][PASSED] - delay(2): Delayed 2 second(s)

2019-02-20 19:45:00 - [MESSAGE][PASSED] - Delayed 2 second(s)

2019-02-20 19:45:00 - [TEST_STEP][PASSED] - click(findTestObject("KeatMun/Form 7_default/OTC_Application_Reg/Page_PERKESO/11. Date Picker Done Button")): Object: 'Object Repository/KeatMun/Form 7_default/OTC_Application_Reg/Page_PERKESO/11. Date Picker Done Button' is clicked on

2019-02-20 19:45:02 - [MESSAGE][PASSED] - Object: 'Object Repository/KeatMun/Form 7_default/OTC_Application_Reg/Page_PERKESO/11. Date Picker Done Button' is clicked on

2019-02-20 19:45:02 - [TEST_STEP][PASSED] - delay(2): Delayed 2 second(s)

2019-02-20 19:45:04 - [MESSAGE][PASSED] - Delayed 2 second(s)

2019-02-20 19:45:04 - [TEST_STEP][PASSED] - click(findTestObject("KeatMun/Form 7_default/OTC_Application_Reg/Page_PERKESO/11.button_TERUSKAN")): Object: 'Object Repository/KeatMun/Form 7_default/OTC_Application_Reg/Page_PERKESO/11.button_TERUSKAN' is clicked on

2019-02-20 19:45:06 - [MESSAGE][PASSED] - Object: 'Object Repository/KeatMun/Form 7_default/OTC_Application_Reg/Page_PERKESO/11.button_TERUSKAN' is clicked on

2019-02-20 19:45:06 - [TEST_STEP][PASSED] - delay(2): Delayed 2 second(s)

2019-02-20 19:45:08 - [MESSAGE][PASSED] - Delayed 2 second(s)

2019-02-20 19:45:08 - [TEST_STEP][PASSED] - selectOptionByValue(findTestObject("KeatMun/Form 7_default/OTC_Application_Reg/Page_PERKESO/12.--Sila Pilih--PejabatPKS"), "22", true): All options with value '22' are selected in object 'Object Repository/KeatMun/Form 7_default/OTC_Application_Reg/Page_PERKESO/12.--Sila Pilih--PejabatPKS'  using regular expression

2019-02-20 19:46:38 - [MESSAGE][PASSED] - All options with value '22' are selected in object 'Object Repository/KeatMun/Form 7_default/OTC_Application_Reg/Page_PERKESO/12.--Sila Pilih--PejabatPKS'  using regular expression

2019-02-20 19:46:38 - [TEST_STEP][PASSED] - delay(2): Delayed 2 second(s)

2019-02-20 19:46:40 - [MESSAGE][PASSED] - Delayed 2 second(s)

2019-02-20 19:46:40 - [TEST_STEP][PASSED] - click(findTestObject("KeatMun/Form 7_default/OTC_Application_Reg/Page_PERKESO/13. Halaman Seterusnya")): Object: 'Object Repository/KeatMun/Form 7_default/OTC_Application_Reg/Page_PERKESO/13. Halaman Seterusnya' is clicked on

2019-02-20 19:46:43 - [MESSAGE][PASSED] - Object: 'Object Repository/KeatMun/Form 7_default/OTC_Application_Reg/Page_PERKESO/13. Halaman Seterusnya' is clicked on

2019-02-20 19:46:43 - [MESSAGE][PASSED] - Call Test Case 'Test Cases/All TC/Arranged/3. Unit/EI/Form 7_default/OTC_Application_Reg' successfully

2019-02-20 19:46:43 - [TEST_STEP][PASSED] - callTestCase(findTestCase("All TC/Arranged/3. Unit/EI/Form 7_default/OTC_Submit Form 7_Section A"), [:], STOP_ON_FAILURE): Call Test Case 'Test Cases/All TC/Arranged/3. Unit/EI/Form 7_default/OTC_Submit Form 7_Section A' successfully

2019-02-20 19:46:43 - [TEST_CASE][PASSED] - Test Cases/All TC/Arranged/3. Unit/EI/Form 7_default/OTC_Submit Form 7_Section A: Test Cases/All TC/Arranged/3. Unit/EI/Form 7_default/OTC_Submit Form 7_Section A

2019-02-20 19:46:43 - [TEST_STEP][PASSED] - delay(2): Delayed 2 second(s)

2019-02-20 19:46:45 - [MESSAGE][PASSED] - Delayed 2 second(s)

2019-02-20 19:46:45 - [TEST_STEP][PASSED] - setText(findTestObject("KeatMun/Form 7_default/OTC_Submit Form 7_Section A/Page_PERKESO/A4. EmployeeDob"), "10/01/2019"): Text '10/01/2019' is set on object 'Object Repository/KeatMun/Form 7_default/OTC_Submit Form 7_Section A/Page_PERKESO/A4. EmployeeDob'

2019-02-20 19:46:49 - [MESSAGE][PASSED] - Text '10/01/2019' is set on object 'Object Repository/KeatMun/Form 7_default/OTC_Submit Form 7_Section A/Page_PERKESO/A4. EmployeeDob'

2019-02-20 19:46:49 - [TEST_STEP][PASSED] - delay(2): Delayed 2 second(s)

2019-02-20 19:46:51 - [MESSAGE][PASSED] - Delayed 2 second(s)

2019-02-20 19:46:51 - [TEST_STEP][PASSED] - click(findTestObject("KeatMun/Form 7_default/OTC_Submit Form 7_Section A/Page_PERKESO/A5. Bangsa")): Object: 'Object Repository/KeatMun/Form 7_default/OTC_Submit Form 7_Section A/Page_PERKESO/A5. Bangsa' is clicked on

2019-02-20 19:46:53 - [MESSAGE][PASSED] - Object: 'Object Repository/KeatMun/Form 7_default/OTC_Submit Form 7_Section A/Page_PERKESO/A5. Bangsa' is clicked on

2019-02-20 19:46:53 - [TEST_STEP][PASSED] - click(findTestObject("KeatMun/Form 7_default/OTC_Submit Form 7_Section A/Page_PERKESO/A5. Bumiputera Sabah")): Object: 'Object Repository/KeatMun/Form 7_default/OTC_Submit Form 7_Section A/Page_PERKESO/A5. Bumiputera Sabah' is clicked on

2019-02-20 19:46:55 - [MESSAGE][PASSED] - Object: 'Object Repository/KeatMun/Form 7_default/OTC_Submit Form 7_Section A/Page_PERKESO/A5. Bumiputera Sabah' is clicked on

2019-02-20 19:46:55 - [TEST_STEP][PASSED] - delay(2): Delayed 2 second(s)

2019-02-20 19:46:57 - [MESSAGE][PASSED] - Delayed 2 second(s)

2019-02-20 19:46:57 - [TEST_STEP][PASSED] - click(findTestObject("KeatMun/Form 7_default/OTC_Submit Form 7_Section A/Page_PERKESO/A6. Jantina")): Object: 'Object Repository/KeatMun/Form 7_default/OTC_Submit Form 7_Section A/Page_PERKESO/A6. Jantina' is clicked on

2019-02-20 19:46:59 - [MESSAGE][PASSED] - Object: 'Object Repository/KeatMun/Form 7_default/OTC_Submit Form 7_Section A/Page_PERKESO/A6. Jantina' is clicked on

2019-02-20 19:46:59 - [TEST_STEP][PASSED] - click(findTestObject("KeatMun/Form 7_default/OTC_Submit Form 7_Section A/Page_PERKESO/A6. Lelaki")): Object: 'Object Repository/KeatMun/Form 7_default/OTC_Submit Form 7_Section A/Page_PERKESO/A6. Lelaki' is clicked on

2019-02-20 19:47:02 - [MESSAGE][PASSED] - Object: 'Object Repository/KeatMun/Form 7_default/OTC_Submit Form 7_Section A/Page_PERKESO/A6. Lelaki' is clicked on

2019-02-20 19:47:02 - [TEST_STEP][PASSED] - delay(2): Delayed 2 second(s)

2019-02-20 19:47:04 - [MESSAGE][PASSED] - Delayed 2 second(s)

2019-02-20 19:47:04 - [TEST_STEP][PASSED] - click(findTestObject("KeatMun/Form 7_default/OTC_Submit Form 7_Section A/Page_PERKESO/A7. Kewarganegaraan")): Object: 'Object Repository/KeatMun/Form 7_default/OTC_Submit Form 7_Section A/Page_PERKESO/A7. Kewarganegaraan' is clicked on

2019-02-20 19:47:06 - [MESSAGE][PASSED] - Object: 'Object Repository/KeatMun/Form 7_default/OTC_Submit Form 7_Section A/Page_PERKESO/A7. Kewarganegaraan' is clicked on

2019-02-20 19:47:06 - [TEST_STEP][PASSED] - click(findTestObject("KeatMun/Form 7_default/OTC_Submit Form 7_Section A/Page_PERKESO/A7. Malaysia")): Object: 'Object Repository/KeatMun/Form 7_default/OTC_Submit Form 7_Section A/Page_PERKESO/A7. Malaysia' is clicked on

2019-02-20 19:47:08 - [MESSAGE][PASSED] - Object: 'Object Repository/KeatMun/Form 7_default/OTC_Submit Form 7_Section A/Page_PERKESO/A7. Malaysia' is clicked on

2019-02-20 19:47:08 - [TEST_STEP][PASSED] - delay(2): Delayed 2 second(s)

2019-02-20 19:47:10 - [MESSAGE][PASSED] - Delayed 2 second(s)

2019-02-20 19:47:10 - [TEST_STEP][PASSED] - click(findTestObject("KeatMun/Form 7_default/OTC_Submit Form 7_Section A/Page_PERKESO/A8. Status Perkahwinan")): Object: 'Object Repository/KeatMun/Form 7_default/OTC_Submit Form 7_Section A/Page_PERKESO/A8. Status Perkahwinan' is clicked on

2019-02-20 19:47:12 - [MESSAGE][PASSED] - Object: 'Object Repository/KeatMun/Form 7_default/OTC_Submit Form 7_Section A/Page_PERKESO/A8. Status Perkahwinan' is clicked on

2019-02-20 19:47:12 - [TEST_STEP][PASSED] - click(findTestObject("KeatMun/Form 7_default/OTC_Submit Form 7_Section A/Page_PERKESO/A8. Bujang")): Object: 'Object Repository/KeatMun/Form 7_default/OTC_Submit Form 7_Section A/Page_PERKESO/A8. Bujang' is clicked on

2019-02-20 19:47:14 - [MESSAGE][PASSED] - Object: 'Object Repository/KeatMun/Form 7_default/OTC_Submit Form 7_Section A/Page_PERKESO/A8. Bujang' is clicked on

2019-02-20 19:47:14 - [TEST_STEP][PASSED] - delay(2): Delayed 2 second(s)

2019-02-20 19:47:16 - [MESSAGE][PASSED] - Delayed 2 second(s)

2019-02-20 19:47:16 - [TEST_STEP][PASSED] - setText(findTestObject("KeatMun/Form 7_default/OTC_Submit Form 7_Section A/Page_PERKESO/A9. Address1"), "qwertyuiop"): Text 'qwertyuiop' is set on object 'Object Repository/KeatMun/Form 7_default/OTC_Submit Form 7_Section A/Page_PERKESO/A9. Address1'

2019-02-20 19:47:20 - [MESSAGE][PASSED] - Text 'qwertyuiop' is set on object 'Object Repository/KeatMun/Form 7_default/OTC_Submit Form 7_Section A/Page_PERKESO/A9. Address1'

2019-02-20 19:47:20 - [TEST_STEP][PASSED] - delay(2): Delayed 2 second(s)

2019-02-20 19:47:22 - [MESSAGE][PASSED] - Delayed 2 second(s)

2019-02-20 19:47:22 - [TEST_STEP][PASSED] - click(findTestObject("KeatMun/Form 7_default/OTC_Submit Form 7_Section A/Page_PERKESO/A10. Negeri")): Object: 'Object Repository/KeatMun/Form 7_default/OTC_Submit Form 7_Section A/Page_PERKESO/A10. Negeri' is clicked on

2019-02-20 19:47:25 - [MESSAGE][PASSED] - Object: 'Object Repository/KeatMun/Form 7_default/OTC_Submit Form 7_Section A/Page_PERKESO/A10. Negeri' is clicked on

2019-02-20 19:47:25 - [TEST_STEP][PASSED] - click(findTestObject("KeatMun/Form 7_default/OTC_Submit Form 7_Section A/Page_PERKESO/A10. JOHOR")): Object: 'Object Repository/KeatMun/Form 7_default/OTC_Submit Form 7_Section A/Page_PERKESO/A10. JOHOR' is clicked on

2019-02-20 19:47:27 - [MESSAGE][PASSED] - Object: 'Object Repository/KeatMun/Form 7_default/OTC_Submit Form 7_Section A/Page_PERKESO/A10. JOHOR' is clicked on

2019-02-20 19:47:27 - [TEST_STEP][PASSED] - delay(2): Delayed 2 second(s)

2019-02-20 19:47:29 - [MESSAGE][PASSED] - Delayed 2 second(s)

2019-02-20 19:47:29 - [TEST_STEP][PASSED] - click(findTestObject("KeatMun/Form 7_default/OTC_Submit Form 7_Section A/Page_PERKESO/A11. --Sila Pilih--")): Object: 'Object Repository/KeatMun/Form 7_default/OTC_Submit Form 7_Section A/Page_PERKESO/A11. --Sila Pilih--' is clicked on

2019-02-20 19:47:31 - [MESSAGE][PASSED] - Object: 'Object Repository/KeatMun/Form 7_default/OTC_Submit Form 7_Section A/Page_PERKESO/A11. --Sila Pilih--' is clicked on

2019-02-20 19:47:31 - [TEST_STEP][PASSED] - setText(findTestObject("KeatMun/Form 7_default/OTC_Submit Form 7_Section A/Page_PERKESO/A11. Done_select2-search__fie (1)"), "jo"): Text 'jo' is set on object 'Object Repository/KeatMun/Form 7_default/OTC_Submit Form 7_Section A/Page_PERKESO/A11. Done_select2-search__fie (1)'

2019-02-20 19:47:35 - [MESSAGE][PASSED] - Text 'jo' is set on object 'Object Repository/KeatMun/Form 7_default/OTC_Submit Form 7_Section A/Page_PERKESO/A11. Done_select2-search__fie (1)'

2019-02-20 19:47:35 - [TEST_STEP][PASSED] - setText(findTestObject("KeatMun/Form 7_default/OTC_Submit Form 7_Section A/Page_PERKESO/A11. concat(id(  select2-city"), "jo"): Text 'jo' is set on object 'Object Repository/KeatMun/Form 7_default/OTC_Submit Form 7_Section A/Page_PERKESO/A11. concat(id(  select2-city'

2019-02-20 19:47:39 - [MESSAGE][PASSED] - Text 'jo' is set on object 'Object Repository/KeatMun/Form 7_default/OTC_Submit Form 7_Section A/Page_PERKESO/A11. concat(id(  select2-city'

2019-02-20 19:47:39 - [TEST_STEP][PASSED] - click(findTestObject("KeatMun/Form 7_default/OTC_Submit Form 7_Section A/Page_PERKESO/A11. JOHOR BAHRU")): Object: 'Object Repository/KeatMun/Form 7_default/OTC_Submit Form 7_Section A/Page_PERKESO/A11. JOHOR BAHRU' is clicked on

2019-02-20 19:47:41 - [MESSAGE][PASSED] - Object: 'Object Repository/KeatMun/Form 7_default/OTC_Submit Form 7_Section A/Page_PERKESO/A11. JOHOR BAHRU' is clicked on

2019-02-20 19:47:41 - [TEST_STEP][PASSED] - delay(2): Delayed 2 second(s)

2019-02-20 19:47:43 - [MESSAGE][PASSED] - Delayed 2 second(s)

2019-02-20 19:47:43 - [TEST_STEP][PASSED] - click(findTestObject("KeatMun/Form 7_default/OTC_Submit Form 7_Section A/Page_PERKESO/A12. --Sila Isikan--")): Object: 'Object Repository/KeatMun/Form 7_default/OTC_Submit Form 7_Section A/Page_PERKESO/A12. --Sila Isikan--' is clicked on

2019-02-20 19:47:45 - [MESSAGE][PASSED] - Object: 'Object Repository/KeatMun/Form 7_default/OTC_Submit Form 7_Section A/Page_PERKESO/A12. --Sila Isikan--' is clicked on

2019-02-20 19:47:45 - [TEST_STEP][PASSED] - setText(findTestObject("KeatMun/Form 7_default/OTC_Submit Form 7_Section A/Page_PERKESO/A11. Done_select2-search__fie"), "84"): Text '84' is set on object 'Object Repository/KeatMun/Form 7_default/OTC_Submit Form 7_Section A/Page_PERKESO/A11. Done_select2-search__fie'

2019-02-20 19:47:50 - [MESSAGE][PASSED] - Text '84' is set on object 'Object Repository/KeatMun/Form 7_default/OTC_Submit Form 7_Section A/Page_PERKESO/A11. Done_select2-search__fie'

2019-02-20 19:47:50 - [TEST_STEP][PASSED] - click(findTestObject("KeatMun/Form 7_default/OTC_Submit Form 7_Section A/Page_PERKESO/A12. 84000")): Object: 'Object Repository/KeatMun/Form 7_default/OTC_Submit Form 7_Section A/Page_PERKESO/A12. 84000' is clicked on

2019-02-20 19:47:52 - [MESSAGE][PASSED] - Object: 'Object Repository/KeatMun/Form 7_default/OTC_Submit Form 7_Section A/Page_PERKESO/A12. 84000' is clicked on

2019-02-20 19:47:52 - [TEST_STEP][PASSED] - delay(2): Delayed 2 second(s)

2019-02-20 19:47:54 - [MESSAGE][PASSED] - Delayed 2 second(s)

2019-02-20 19:47:54 - [TEST_STEP][PASSED] - setText(findTestObject("KeatMun/Form 7_default/OTC_Submit Form 7_Section A/Page_PERKESO/A13. mobileContact1"), "1234567890"): Text '1234567890' is set on object 'Object Repository/KeatMun/Form 7_default/OTC_Submit Form 7_Section A/Page_PERKESO/A13. mobileContact1'

2019-02-20 19:47:58 - [MESSAGE][PASSED] - Text '1234567890' is set on object 'Object Repository/KeatMun/Form 7_default/OTC_Submit Form 7_Section A/Page_PERKESO/A13. mobileContact1'

2019-02-20 19:47:58 - [TEST_STEP][PASSED] - delay(2): Delayed 2 second(s)

2019-02-20 19:48:00 - [MESSAGE][PASSED] - Delayed 2 second(s)

2019-02-20 19:48:00 - [TEST_STEP][PASSED] - click(findTestObject("KeatMun/Form 7_default/OTC_Submit Form 7_Section A/Page_PERKESO/A14. Halaman Seterusnya")): Object: 'Object Repository/KeatMun/Form 7_default/OTC_Submit Form 7_Section A/Page_PERKESO/A14. Halaman Seterusnya' is clicked on

2019-02-20 19:48:02 - [MESSAGE][PASSED] - Object: 'Object Repository/KeatMun/Form 7_default/OTC_Submit Form 7_Section A/Page_PERKESO/A14. Halaman Seterusnya' is clicked on

2019-02-20 19:48:02 - [TEST_STEP][PASSED] - delay(2): Delayed 2 second(s)

2019-02-20 19:48:04 - [MESSAGE][PASSED] - Delayed 2 second(s)

2019-02-20 19:48:04 - [MESSAGE][PASSED] - Call Test Case 'Test Cases/All TC/Arranged/3. Unit/EI/Form 7_default/OTC_Submit Form 7_Section A' successfully

2019-02-20 19:48:04 - [TEST_STEP][PASSED] - callTestCase(findTestCase("All TC/Arranged/3. Unit/EI/Form 7_default/OTC_Submit Form 7_Section B"), [:], STOP_ON_FAILURE): Call Test Case 'Test Cases/All TC/Arranged/3. Unit/EI/Form 7_default/OTC_Submit Form 7_Section B' successfully

2019-02-20 19:48:04 - [TEST_CASE][PASSED] - Test Cases/All TC/Arranged/3. Unit/EI/Form 7_default/OTC_Submit Form 7_Section B: Test Cases/All TC/Arranged/3. Unit/EI/Form 7_default/OTC_Submit Form 7_Section B

2019-02-20 19:48:04 - [TEST_STEP][PASSED] - delay(3): Delayed 3 second(s)

2019-02-20 19:48:07 - [MESSAGE][PASSED] - Delayed 3 second(s)

2019-02-20 19:48:07 - [TEST_STEP][PASSED] - click(findTestObject("KeatMun/Form 7_default/OTC_Submit Form 7_Section B/Page_PERKESO/B1. Jawatan")): Object: 'Object Repository/KeatMun/Form 7_default/OTC_Submit Form 7_Section B/Page_PERKESO/B1. Jawatan' is clicked on

2019-02-20 19:48:10 - [MESSAGE][PASSED] - Object: 'Object Repository/KeatMun/Form 7_default/OTC_Submit Form 7_Section B/Page_PERKESO/B1. Jawatan' is clicked on

2019-02-20 19:48:10 - [TEST_STEP][PASSED] - setText(findTestObject("KeatMun/Form 7_default/OTC_Submit Form 7_Section B/Page_PERKESO/B1. concat(id(  select2-posi"), "re"): Text 're' is set on object 'Object Repository/KeatMun/Form 7_default/OTC_Submit Form 7_Section B/Page_PERKESO/B1. concat(id(  select2-posi'

2019-02-20 19:48:14 - [MESSAGE][PASSED] - Text 're' is set on object 'Object Repository/KeatMun/Form 7_default/OTC_Submit Form 7_Section B/Page_PERKESO/B1. concat(id(  select2-posi'

2019-02-20 19:48:14 - [TEST_STEP][PASSED] - setText(findTestObject("KeatMun/Form 7_default/OTC_Submit Form 7_Section B/Page_PERKESO/B1. Done_select2-search__fie"), "re"): Text 're' is set on object 'Object Repository/KeatMun/Form 7_default/OTC_Submit Form 7_Section B/Page_PERKESO/B1. Done_select2-search__fie'

2019-02-20 19:48:18 - [MESSAGE][PASSED] - Text 're' is set on object 'Object Repository/KeatMun/Form 7_default/OTC_Submit Form 7_Section B/Page_PERKESO/B1. Done_select2-search__fie'

2019-02-20 19:48:18 - [TEST_STEP][PASSED] - click(findTestObject("KeatMun/Form 7_default/OTC_Submit Form 7_Section B/Page_PERKESO/B1. Arkitek Reka Bentuk")): Object: 'Object Repository/KeatMun/Form 7_default/OTC_Submit Form 7_Section B/Page_PERKESO/B1. Arkitek Reka Bentuk' is clicked on

2019-02-20 19:48:20 - [MESSAGE][PASSED] - Object: 'Object Repository/KeatMun/Form 7_default/OTC_Submit Form 7_Section B/Page_PERKESO/B1. Arkitek Reka Bentuk' is clicked on

2019-02-20 19:48:20 - [TEST_STEP][PASSED] - delay(2): Delayed 2 second(s)

2019-02-20 19:48:22 - [MESSAGE][PASSED] - Delayed 2 second(s)

2019-02-20 19:48:22 - [TEST_STEP][PASSED] - setText(findTestObject("KeatMun/Form 7_default/OTC_Submit Form 7_Section B/Page_PERKESO/B2. lastEmploymentStartDtSt"), "10/01/2019"): Text '10/01/2019' is set on object 'Object Repository/KeatMun/Form 7_default/OTC_Submit Form 7_Section B/Page_PERKESO/B2. lastEmploymentStartDtSt'

2019-02-20 19:48:26 - [MESSAGE][PASSED] - Text '10/01/2019' is set on object 'Object Repository/KeatMun/Form 7_default/OTC_Submit Form 7_Section B/Page_PERKESO/B2. lastEmploymentStartDtSt'

2019-02-20 19:48:26 - [TEST_STEP][PASSED] - delay(2): Delayed 2 second(s)

2019-02-20 19:48:28 - [MESSAGE][PASSED] - Delayed 2 second(s)

2019-02-20 19:48:28 - [TEST_STEP][PASSED] - click(findTestObject("KeatMun/Form 7_default/OTC_Submit Form 7_Section B/Page_PERKESO/B4. Status Perkejaan")): Object: 'Object Repository/KeatMun/Form 7_default/OTC_Submit Form 7_Section B/Page_PERKESO/B4. Status Perkejaan' is clicked on

2019-02-20 19:48:31 - [MESSAGE][PASSED] - Object: 'Object Repository/KeatMun/Form 7_default/OTC_Submit Form 7_Section B/Page_PERKESO/B4. Status Perkejaan' is clicked on

2019-02-20 19:48:31 - [TEST_STEP][PASSED] - click(findTestObject("KeatMun/Form 7_default/OTC_Submit Form 7_Section B/Page_PERKESO/B4. Tetap")): Object: 'Object Repository/KeatMun/Form 7_default/OTC_Submit Form 7_Section B/Page_PERKESO/B4. Tetap' is clicked on

2019-02-20 19:48:33 - [MESSAGE][PASSED] - Object: 'Object Repository/KeatMun/Form 7_default/OTC_Submit Form 7_Section B/Page_PERKESO/B4. Tetap' is clicked on

2019-02-20 19:48:33 - [TEST_STEP][PASSED] - delay(2): Delayed 2 second(s)

2019-02-20 19:48:35 - [MESSAGE][PASSED] - Delayed 2 second(s)

2019-02-20 19:48:35 - [TEST_STEP][PASSED] - setText(findTestObject("KeatMun/Form 7_default/OTC_Submit Form 7_Section B/Page_PERKESO/B5. Gaji (RM)_salary1"), "4000"): Text '4000' is set on object 'Object Repository/KeatMun/Form 7_default/OTC_Submit Form 7_Section B/Page_PERKESO/B5. Gaji (RM)_salary1'

2019-02-20 19:48:39 - [MESSAGE][PASSED] - Text '4000' is set on object 'Object Repository/KeatMun/Form 7_default/OTC_Submit Form 7_Section B/Page_PERKESO/B5. Gaji (RM)_salary1'

2019-02-20 19:48:39 - [TEST_STEP][PASSED] - delay(2): Delayed 2 second(s)

2019-02-20 19:48:41 - [MESSAGE][PASSED] - Delayed 2 second(s)

2019-02-20 19:48:41 - [TEST_STEP][PASSED] - setText(findTestObject("KeatMun/Form 7_default/OTC_Submit Form 7_Section B/Page_PERKESO/B5. Gaji (RM)_salary2"), "4000"): Text '4000' is set on object 'Object Repository/KeatMun/Form 7_default/OTC_Submit Form 7_Section B/Page_PERKESO/B5. Gaji (RM)_salary2'

2019-02-20 19:48:45 - [MESSAGE][PASSED] - Text '4000' is set on object 'Object Repository/KeatMun/Form 7_default/OTC_Submit Form 7_Section B/Page_PERKESO/B5. Gaji (RM)_salary2'

2019-02-20 19:48:45 - [TEST_STEP][PASSED] - delay(2): Delayed 2 second(s)

2019-02-20 19:48:47 - [MESSAGE][PASSED] - Delayed 2 second(s)

2019-02-20 19:48:47 - [TEST_STEP][PASSED] - setText(findTestObject("KeatMun/Form 7_default/OTC_Submit Form 7_Section B/Page_PERKESO/B5. Gaji (RM)_salary3"), "4000"): Text '4000' is set on object 'Object Repository/KeatMun/Form 7_default/OTC_Submit Form 7_Section B/Page_PERKESO/B5. Gaji (RM)_salary3'

2019-02-20 19:48:51 - [MESSAGE][PASSED] - Text '4000' is set on object 'Object Repository/KeatMun/Form 7_default/OTC_Submit Form 7_Section B/Page_PERKESO/B5. Gaji (RM)_salary3'

2019-02-20 19:48:51 - [TEST_STEP][PASSED] - delay(2): Delayed 2 second(s)

2019-02-20 19:48:53 - [MESSAGE][PASSED] - Delayed 2 second(s)

2019-02-20 19:48:53 - [TEST_STEP][PASSED] - setText(findTestObject("KeatMun/Form 7_default/OTC_Submit Form 7_Section B/Page_PERKESO/B5. Gaji (RM)_salary4"), "4000"): Text '4000' is set on object 'Object Repository/KeatMun/Form 7_default/OTC_Submit Form 7_Section B/Page_PERKESO/B5. Gaji (RM)_salary4'

2019-02-20 19:48:57 - [MESSAGE][PASSED] - Text '4000' is set on object 'Object Repository/KeatMun/Form 7_default/OTC_Submit Form 7_Section B/Page_PERKESO/B5. Gaji (RM)_salary4'

2019-02-20 19:48:57 - [TEST_STEP][PASSED] - delay(2): Delayed 2 second(s)

2019-02-20 19:48:59 - [MESSAGE][PASSED] - Delayed 2 second(s)

2019-02-20 19:48:59 - [TEST_STEP][PASSED] - setText(findTestObject("KeatMun/Form 7_default/OTC_Submit Form 7_Section B/Page_PERKESO/B5. Gaji (RM)_salary5"), "4000"): Text '4000' is set on object 'Object Repository/KeatMun/Form 7_default/OTC_Submit Form 7_Section B/Page_PERKESO/B5. Gaji (RM)_salary5'

2019-02-20 19:49:04 - [MESSAGE][PASSED] - Text '4000' is set on object 'Object Repository/KeatMun/Form 7_default/OTC_Submit Form 7_Section B/Page_PERKESO/B5. Gaji (RM)_salary5'

2019-02-20 19:49:04 - [TEST_STEP][PASSED] - delay(2): Delayed 2 second(s)

2019-02-20 19:49:06 - [MESSAGE][PASSED] - Delayed 2 second(s)

2019-02-20 19:49:06 - [TEST_STEP][PASSED] - setText(findTestObject("KeatMun/Form 7_default/OTC_Submit Form 7_Section B/Page_PERKESO/B5. Gaji (RM)_salary6"), "4000"): Text '4000' is set on object 'Object Repository/KeatMun/Form 7_default/OTC_Submit Form 7_Section B/Page_PERKESO/B5. Gaji (RM)_salary6'

2019-02-20 19:49:10 - [MESSAGE][PASSED] - Text '4000' is set on object 'Object Repository/KeatMun/Form 7_default/OTC_Submit Form 7_Section B/Page_PERKESO/B5. Gaji (RM)_salary6'

2019-02-20 19:49:10 - [TEST_STEP][PASSED] - delay(2): Delayed 2 second(s)

2019-02-20 19:49:12 - [MESSAGE][PASSED] - Delayed 2 second(s)

2019-02-20 19:49:12 - [TEST_STEP][PASSED] - click(findTestObject("KeatMun/Form 7_default/OTC_Submit Form 7_Section B/Page_PERKESO/B6. Reason JobLost")): Object: 'Object Repository/KeatMun/Form 7_default/OTC_Submit Form 7_Section B/Page_PERKESO/B6. Reason JobLost' is clicked on

2019-02-20 19:49:14 - [MESSAGE][PASSED] - Object: 'Object Repository/KeatMun/Form 7_default/OTC_Submit Form 7_Section B/Page_PERKESO/B6. Reason JobLost' is clicked on

2019-02-20 19:49:14 - [TEST_STEP][PASSED] - click(findTestObject("KeatMun/Form 7_default/OTC_Submit Form 7_Section B/Page_PERKESO/B6. Bencana alam (cth banjir ke")): Object: 'Object Repository/KeatMun/Form 7_default/OTC_Submit Form 7_Section B/Page_PERKESO/B6. Bencana alam (cth banjir ke' is clicked on

2019-02-20 19:49:16 - [MESSAGE][PASSED] - Object: 'Object Repository/KeatMun/Form 7_default/OTC_Submit Form 7_Section B/Page_PERKESO/B6. Bencana alam (cth banjir ke' is clicked on

2019-02-20 19:49:16 - [TEST_STEP][PASSED] - delay(3): Delayed 3 second(s)

2019-02-20 19:49:19 - [MESSAGE][PASSED] - Delayed 3 second(s)

2019-02-20 19:49:19 - [TEST_STEP][PASSED] - setText(findTestObject("KeatMun/Form 7_default/OTC_Submit Form 7_Section B/Page_PERKESO/B7. AverageWorkingHour"), "8"): Text '8' is set on object 'Object Repository/KeatMun/Form 7_default/OTC_Submit Form 7_Section B/Page_PERKESO/B7. AverageWorkingHour'

2019-02-20 19:49:23 - [MESSAGE][PASSED] - Text '8' is set on object 'Object Repository/KeatMun/Form 7_default/OTC_Submit Form 7_Section B/Page_PERKESO/B7. AverageWorkingHour'

2019-02-20 19:49:23 - [TEST_STEP][PASSED] - delay(2): Delayed 2 second(s)

2019-02-20 19:49:25 - [MESSAGE][PASSED] - Delayed 2 second(s)

2019-02-20 19:49:25 - [TEST_STEP][PASSED] - click(findTestObject("KeatMun/Form 7_default/OTC_Submit Form 7_Section B/Page_PERKESO/B8. Tidak_compensationInd")): Object: 'Object Repository/KeatMun/Form 7_default/OTC_Submit Form 7_Section B/Page_PERKESO/B8. Tidak_compensationInd' is clicked on

2019-02-20 19:49:28 - [MESSAGE][PASSED] - Object: 'Object Repository/KeatMun/Form 7_default/OTC_Submit Form 7_Section B/Page_PERKESO/B8. Tidak_compensationInd' is clicked on

2019-02-20 19:49:28 - [TEST_STEP][PASSED] - delay(1): Delayed 1 second(s)

2019-02-20 19:49:29 - [MESSAGE][PASSED] - Delayed 1 second(s)

2019-02-20 19:49:29 - [TEST_STEP][PASSED] - click(findTestObject("KeatMun/Form 7_default/OTC_Submit Form 7_Section B/Page_PERKESO/B9. Tidak_fileCaseInd")): Object: 'Object Repository/KeatMun/Form 7_default/OTC_Submit Form 7_Section B/Page_PERKESO/B9. Tidak_fileCaseInd' is clicked on

2019-02-20 19:49:31 - [MESSAGE][PASSED] - Object: 'Object Repository/KeatMun/Form 7_default/OTC_Submit Form 7_Section B/Page_PERKESO/B9. Tidak_fileCaseInd' is clicked on

2019-02-20 19:49:31 - [TEST_STEP][PASSED] - delay(1): Delayed 1 second(s)

2019-02-20 19:49:32 - [MESSAGE][PASSED] - Delayed 1 second(s)

2019-02-20 19:49:32 - [TEST_STEP][PASSED] - click(findTestObject("KeatMun/Form 7_default/OTC_Submit Form 7_Section B/Page_PERKESO/B10. Tidak_unregisterCaseInd")): Object: 'Object Repository/KeatMun/Form 7_default/OTC_Submit Form 7_Section B/Page_PERKESO/B10. Tidak_unregisterCaseInd' is clicked on

2019-02-20 19:49:34 - [MESSAGE][PASSED] - Object: 'Object Repository/KeatMun/Form 7_default/OTC_Submit Form 7_Section B/Page_PERKESO/B10. Tidak_unregisterCaseInd' is clicked on

2019-02-20 19:49:34 - [TEST_STEP][PASSED] - delay(2): Delayed 2 second(s)

2019-02-20 19:49:36 - [MESSAGE][PASSED] - Delayed 2 second(s)

2019-02-20 19:49:36 - [TEST_STEP][PASSED] - click(findTestObject("KeatMun/Form 7_default/OTC_Submit Form 7_Section B/Page_PERKESO/B11. Halaman Seterusnya")): Object: 'Object Repository/KeatMun/Form 7_default/OTC_Submit Form 7_Section B/Page_PERKESO/B11. Halaman Seterusnya' is clicked on

2019-02-20 19:49:38 - [MESSAGE][PASSED] - Object: 'Object Repository/KeatMun/Form 7_default/OTC_Submit Form 7_Section B/Page_PERKESO/B11. Halaman Seterusnya' is clicked on

2019-02-20 19:49:38 - [TEST_STEP][PASSED] - delay(3): Delayed 3 second(s)

2019-02-20 19:49:41 - [MESSAGE][PASSED] - Delayed 3 second(s)

2019-02-20 19:49:41 - [MESSAGE][PASSED] - Call Test Case 'Test Cases/All TC/Arranged/3. Unit/EI/Form 7_default/OTC_Submit Form 7_Section B' successfully

2019-02-20 19:49:41 - [TEST_STEP][PASSED] - callTestCase(findTestCase("All TC/Arranged/3. Unit/EI/Form 7_default/OTC_Submit Form 7_Section C"), [:], STOP_ON_FAILURE): Call Test Case 'Test Cases/All TC/Arranged/3. Unit/EI/Form 7_default/OTC_Submit Form 7_Section C' successfully

2019-02-20 19:49:41 - [TEST_CASE][PASSED] - Test Cases/All TC/Arranged/3. Unit/EI/Form 7_default/OTC_Submit Form 7_Section C: Test Cases/All TC/Arranged/3. Unit/EI/Form 7_default/OTC_Submit Form 7_Section C

2019-02-20 19:49:41 - [TEST_STEP][PASSED] - delay(2): Delayed 2 second(s)

2019-02-20 19:49:43 - [MESSAGE][PASSED] - Delayed 2 second(s)

2019-02-20 19:49:43 - [TEST_STEP][PASSED] - setText(findTestObject("KeatMun/Form 7_default/OTC_Submit Form 7_Section C/Page_PERKESO/C4. EmployerInfo"), "qwertyuiop"): Text 'qwertyuiop' is set on object 'Object Repository/KeatMun/Form 7_default/OTC_Submit Form 7_Section C/Page_PERKESO/C4. EmployerInfo'

2019-02-20 19:49:47 - [MESSAGE][PASSED] - Text 'qwertyuiop' is set on object 'Object Repository/KeatMun/Form 7_default/OTC_Submit Form 7_Section C/Page_PERKESO/C4. EmployerInfo'

2019-02-20 19:49:47 - [TEST_STEP][PASSED] - delay(2): Delayed 2 second(s)

2019-02-20 19:49:49 - [MESSAGE][PASSED] - Delayed 2 second(s)

2019-02-20 19:49:49 - [TEST_STEP][PASSED] - click(findTestObject("KeatMun/Form 7_default/OTC_Submit Form 7_Section C/Page_PERKESO/C5. Negeri")): Object: 'Object Repository/KeatMun/Form 7_default/OTC_Submit Form 7_Section C/Page_PERKESO/C5. Negeri' is clicked on

2019-02-20 19:49:51 - [MESSAGE][PASSED] - Object: 'Object Repository/KeatMun/Form 7_default/OTC_Submit Form 7_Section C/Page_PERKESO/C5. Negeri' is clicked on

2019-02-20 19:49:51 - [TEST_STEP][PASSED] - delay(2): Delayed 2 second(s)

2019-02-20 19:49:53 - [MESSAGE][PASSED] - Delayed 2 second(s)

2019-02-20 19:49:53 - [TEST_STEP][PASSED] - click(findTestObject("KeatMun/Form 7_default/OTC_Submit Form 7_Section C/Page_PERKESO/C5. JOHOR")): Object: 'Object Repository/KeatMun/Form 7_default/OTC_Submit Form 7_Section C/Page_PERKESO/C5. JOHOR' is clicked on

2019-02-20 19:49:56 - [MESSAGE][PASSED] - Object: 'Object Repository/KeatMun/Form 7_default/OTC_Submit Form 7_Section C/Page_PERKESO/C5. JOHOR' is clicked on

2019-02-20 19:49:56 - [TEST_STEP][PASSED] - delay(3): Delayed 3 second(s)

2019-02-20 19:49:59 - [MESSAGE][PASSED] - Delayed 3 second(s)

2019-02-20 19:49:59 - [TEST_STEP][PASSED] - click(findTestObject("KeatMun/Form 7_default/OTC_Submit Form 7_Section C/Page_PERKESO/C6. City")): Object: 'Object Repository/KeatMun/Form 7_default/OTC_Submit Form 7_Section C/Page_PERKESO/C6. City' is clicked on

2019-02-20 19:50:01 - [MESSAGE][PASSED] - Object: 'Object Repository/KeatMun/Form 7_default/OTC_Submit Form 7_Section C/Page_PERKESO/C6. City' is clicked on

2019-02-20 19:50:01 - [TEST_STEP][PASSED] - delay(2): Delayed 2 second(s)

2019-02-20 19:50:03 - [MESSAGE][PASSED] - Delayed 2 second(s)

2019-02-20 19:50:03 - [TEST_STEP][PASSED] - setText(findTestObject("KeatMun/Form 7_default/OTC_Submit Form 7_Section C/Page_PERKESO/C6. Done_select2-search__fie"), "jo"): Text 'jo' is set on object 'Object Repository/KeatMun/Form 7_default/OTC_Submit Form 7_Section C/Page_PERKESO/C6. Done_select2-search__fie'

2019-02-20 19:50:07 - [MESSAGE][PASSED] - Text 'jo' is set on object 'Object Repository/KeatMun/Form 7_default/OTC_Submit Form 7_Section C/Page_PERKESO/C6. Done_select2-search__fie'

2019-02-20 19:50:07 - [TEST_STEP][PASSED] - setText(findTestObject("KeatMun/Form 7_default/OTC_Submit Form 7_Section C/Page_PERKESO/C6. Concat(id(  select2-city"), "jo"): Text 'jo' is set on object 'Object Repository/KeatMun/Form 7_default/OTC_Submit Form 7_Section C/Page_PERKESO/C6. Concat(id(  select2-city'

2019-02-20 19:50:11 - [MESSAGE][PASSED] - Text 'jo' is set on object 'Object Repository/KeatMun/Form 7_default/OTC_Submit Form 7_Section C/Page_PERKESO/C6. Concat(id(  select2-city'

2019-02-20 19:50:11 - [TEST_STEP][PASSED] - click(findTestObject("KeatMun/Form 7_default/OTC_Submit Form 7_Section C/Page_PERKESO/C6. JOHOR BAHRU")): Object: 'Object Repository/KeatMun/Form 7_default/OTC_Submit Form 7_Section C/Page_PERKESO/C6. JOHOR BAHRU' is clicked on

2019-02-20 19:50:13 - [MESSAGE][PASSED] - Object: 'Object Repository/KeatMun/Form 7_default/OTC_Submit Form 7_Section C/Page_PERKESO/C6. JOHOR BAHRU' is clicked on

2019-02-20 19:50:13 - [TEST_STEP][PASSED] - delay(3): Delayed 3 second(s)

2019-02-20 19:50:16 - [MESSAGE][PASSED] - Delayed 3 second(s)

2019-02-20 19:50:16 - [TEST_STEP][PASSED] - click(findTestObject("KeatMun/Form 7_default/OTC_Submit Form 7_Section C/Page_PERKESO/C7. --Sila Isikan--")): Object: 'Object Repository/KeatMun/Form 7_default/OTC_Submit Form 7_Section C/Page_PERKESO/C7. --Sila Isikan--' is clicked on

2019-02-20 19:50:18 - [MESSAGE][PASSED] - Object: 'Object Repository/KeatMun/Form 7_default/OTC_Submit Form 7_Section C/Page_PERKESO/C7. --Sila Isikan--' is clicked on

2019-02-20 19:50:18 - [TEST_STEP][PASSED] - delay(2): Delayed 2 second(s)

2019-02-20 19:50:20 - [MESSAGE][PASSED] - Delayed 2 second(s)

2019-02-20 19:50:20 - [TEST_STEP][PASSED] - setText(findTestObject("KeatMun/Form 7_default/OTC_Submit Form 7_Section C/Page_PERKESO/C7. Done_select2-search__fie"), "84"): Text '84' is set on object 'Object Repository/KeatMun/Form 7_default/OTC_Submit Form 7_Section C/Page_PERKESO/C7. Done_select2-search__fie'

2019-02-20 19:50:25 - [MESSAGE][PASSED] - Text '84' is set on object 'Object Repository/KeatMun/Form 7_default/OTC_Submit Form 7_Section C/Page_PERKESO/C7. Done_select2-search__fie'

2019-02-20 19:50:25 - [TEST_STEP][PASSED] - setText(findTestObject("KeatMun/Form 7_default/OTC_Submit Form 7_Section C/Page_PERKESO/C7. Concat(id(  select2-post"), "84"): Text '84' is set on object 'Object Repository/KeatMun/Form 7_default/OTC_Submit Form 7_Section C/Page_PERKESO/C7. Concat(id(  select2-post'

2019-02-20 19:50:29 - [MESSAGE][PASSED] - Text '84' is set on object 'Object Repository/KeatMun/Form 7_default/OTC_Submit Form 7_Section C/Page_PERKESO/C7. Concat(id(  select2-post'

2019-02-20 19:50:29 - [TEST_STEP][PASSED] - click(findTestObject("KeatMun/Form 7_default/OTC_Submit Form 7_Section C/Page_PERKESO/C7. 84000")): Object: 'Object Repository/KeatMun/Form 7_default/OTC_Submit Form 7_Section C/Page_PERKESO/C7. 84000' is clicked on

2019-02-20 19:50:31 - [MESSAGE][PASSED] - Object: 'Object Repository/KeatMun/Form 7_default/OTC_Submit Form 7_Section C/Page_PERKESO/C7. 84000' is clicked on

2019-02-20 19:50:31 - [TEST_STEP][PASSED] - delay(3): Delayed 3 second(s)

2019-02-20 19:50:34 - [MESSAGE][PASSED] - Delayed 3 second(s)

2019-02-20 19:50:34 - [TEST_STEP][PASSED] - click(findTestObject("KeatMun/Form 7_default/OTC_Submit Form 7_Section C/Page_PERKESO/C8. Tidak_employerInfo.emplo")): Object: 'Object Repository/KeatMun/Form 7_default/OTC_Submit Form 7_Section C/Page_PERKESO/C8. Tidak_employerInfo.emplo' is clicked on

2019-02-20 19:50:36 - [MESSAGE][PASSED] - Object: 'Object Repository/KeatMun/Form 7_default/OTC_Submit Form 7_Section C/Page_PERKESO/C8. Tidak_employerInfo.emplo' is clicked on

2019-02-20 19:50:36 - [TEST_STEP][PASSED] - delay(2): Delayed 2 second(s)

2019-02-20 19:50:38 - [MESSAGE][PASSED] - Delayed 2 second(s)

2019-02-20 19:50:38 - [TEST_STEP][PASSED] - setText(findTestObject("KeatMun/Form 7_default/OTC_Submit Form 7_Section C/Page_PERKESO/C9. EmployerName"), "qwertyuiop"): Text 'qwertyuiop' is set on object 'Object Repository/KeatMun/Form 7_default/OTC_Submit Form 7_Section C/Page_PERKESO/C9. EmployerName'

2019-02-20 19:50:42 - [MESSAGE][PASSED] - Text 'qwertyuiop' is set on object 'Object Repository/KeatMun/Form 7_default/OTC_Submit Form 7_Section C/Page_PERKESO/C9. EmployerName'

2019-02-20 19:50:42 - [TEST_STEP][PASSED] - delay(2): Delayed 2 second(s)

2019-02-20 19:50:44 - [MESSAGE][PASSED] - Delayed 2 second(s)

2019-02-20 19:50:44 - [TEST_STEP][PASSED] - setText(findTestObject("KeatMun/Form 7_default/OTC_Submit Form 7_Section C/Page_PERKESO/C10. EmployerIC"), "1234567890"): Text '1234567890' is set on object 'Object Repository/KeatMun/Form 7_default/OTC_Submit Form 7_Section C/Page_PERKESO/C10. EmployerIC'

2019-02-20 19:50:49 - [MESSAGE][PASSED] - Text '1234567890' is set on object 'Object Repository/KeatMun/Form 7_default/OTC_Submit Form 7_Section C/Page_PERKESO/C10. EmployerIC'

2019-02-20 19:50:49 - [TEST_STEP][PASSED] - delay(3): Delayed 3 second(s)

2019-02-20 19:50:52 - [MESSAGE][PASSED] - Delayed 3 second(s)

2019-02-20 19:50:52 - [TEST_STEP][PASSED] - click(findTestObject("KeatMun/Form 7_default/OTC_Submit Form 7_Section C/Page_PERKESO/C11. Halaman Seterusnya")): Object: 'Object Repository/KeatMun/Form 7_default/OTC_Submit Form 7_Section C/Page_PERKESO/C11. Halaman Seterusnya' is clicked on

2019-02-20 19:50:54 - [MESSAGE][PASSED] - Object: 'Object Repository/KeatMun/Form 7_default/OTC_Submit Form 7_Section C/Page_PERKESO/C11. Halaman Seterusnya' is clicked on

2019-02-20 19:50:54 - [TEST_STEP][PASSED] - delay(3): Delayed 3 second(s)

2019-02-20 19:50:57 - [MESSAGE][PASSED] - Delayed 3 second(s)

2019-02-20 19:50:57 - [MESSAGE][PASSED] - Call Test Case 'Test Cases/All TC/Arranged/3. Unit/EI/Form 7_default/OTC_Submit Form 7_Section C' successfully

2019-02-20 19:50:57 - [TEST_STEP][PASSED] - callTestCase(findTestCase("All TC/Arranged/3. Unit/EI/Form 7_default/OTC_Submit Form 7_Section D-E"), [:], STOP_ON_FAILURE): Call Test Case 'Test Cases/All TC/Arranged/3. Unit/EI/Form 7_default/OTC_Submit Form 7_Section D-E' successfully

2019-02-20 19:50:57 - [TEST_CASE][PASSED] - Test Cases/All TC/Arranged/3. Unit/EI/Form 7_default/OTC_Submit Form 7_Section D-E: Test Cases/All TC/Arranged/3. Unit/EI/Form 7_default/OTC_Submit Form 7_Section D-E

2019-02-20 19:50:57 - [TEST_STEP][PASSED] - delay(3): Delayed 3 second(s)

2019-02-20 19:51:00 - [MESSAGE][PASSED] - Delayed 3 second(s)

2019-02-20 19:51:00 - [TEST_STEP][PASSED] - click(findTestObject("KeatMun/Form 7_default/OTC_Submit Form 7_Section D-E/Page_PERKESO/D1. NO_otherActiveEmploye")): Object: 'Object Repository/KeatMun/Form 7_default/OTC_Submit Form 7_Section D-E/Page_PERKESO/D1. NO_otherActiveEmploye' is clicked on

2019-02-20 19:51:02 - [MESSAGE][PASSED] - Object: 'Object Repository/KeatMun/Form 7_default/OTC_Submit Form 7_Section D-E/Page_PERKESO/D1. NO_otherActiveEmploye' is clicked on

2019-02-20 19:51:02 - [TEST_STEP][PASSED] - delay(4): Delayed 4 second(s)

2019-02-20 19:51:06 - [MESSAGE][PASSED] - Delayed 4 second(s)

2019-02-20 19:51:06 - [TEST_STEP][PASSED] - click(findTestObject("KeatMun/Form 7_default/OTC_Submit Form 7_Section D-E/Page_PERKESO/D2. Halaman Seterusnya")): Object: 'Object Repository/KeatMun/Form 7_default/OTC_Submit Form 7_Section D-E/Page_PERKESO/D2. Halaman Seterusnya' is clicked on

2019-02-20 19:51:08 - [MESSAGE][PASSED] - Object: 'Object Repository/KeatMun/Form 7_default/OTC_Submit Form 7_Section D-E/Page_PERKESO/D2. Halaman Seterusnya' is clicked on

2019-02-20 19:51:08 - [TEST_STEP][PASSED] - delay(5): Delayed 5 second(s)

2019-02-20 19:51:13 - [MESSAGE][PASSED] - Delayed 5 second(s)

2019-02-20 19:51:13 - [TEST_STEP][PASSED] - setText(findTestObject("KeatMun/Form 7_default/OTC_Submit Form 7_Section D-E/Page_PERKESO/E1. Input__totalExpYear"), "1"): Text '1' is set on object 'Object Repository/KeatMun/Form 7_default/OTC_Submit Form 7_Section D-E/Page_PERKESO/E1. Input__totalExpYear'

2019-02-20 19:51:17 - [MESSAGE][PASSED] - Text '1' is set on object 'Object Repository/KeatMun/Form 7_default/OTC_Submit Form 7_Section D-E/Page_PERKESO/E1. Input__totalExpYear'

2019-02-20 19:51:17 - [TEST_STEP][PASSED] - delay(2): Delayed 2 second(s)

2019-02-20 19:51:19 - [MESSAGE][PASSED] - Delayed 2 second(s)

2019-02-20 19:51:19 - [TEST_STEP][PASSED] - setText(findTestObject("KeatMun/Form 7_default/OTC_Submit Form 7_Section D-E/Page_PERKESO/E1. Tahun_totalExpMonth"), "1"): Text '1' is set on object 'Object Repository/KeatMun/Form 7_default/OTC_Submit Form 7_Section D-E/Page_PERKESO/E1. Tahun_totalExpMonth'

2019-02-20 19:51:23 - [MESSAGE][PASSED] - Text '1' is set on object 'Object Repository/KeatMun/Form 7_default/OTC_Submit Form 7_Section D-E/Page_PERKESO/E1. Tahun_totalExpMonth'

2019-02-20 19:51:23 - [TEST_STEP][PASSED] - delay(2): Delayed 2 second(s)

2019-02-20 19:51:25 - [MESSAGE][PASSED] - Delayed 2 second(s)

2019-02-20 19:51:25 - [TEST_STEP][PASSED] - click(findTestObject("KeatMun/Form 7_default/OTC_Submit Form 7_Section D-E/Page_PERKESO/E2. Edu-Level")): Object: 'Object Repository/KeatMun/Form 7_default/OTC_Submit Form 7_Section D-E/Page_PERKESO/E2. Edu-Level' is clicked on

2019-02-20 19:51:28 - [MESSAGE][PASSED] - Object: 'Object Repository/KeatMun/Form 7_default/OTC_Submit Form 7_Section D-E/Page_PERKESO/E2. Edu-Level' is clicked on

2019-02-20 19:51:28 - [TEST_STEP][PASSED] - delay(2): Delayed 2 second(s)

2019-02-20 19:51:30 - [MESSAGE][PASSED] - Delayed 2 second(s)

2019-02-20 19:51:30 - [TEST_STEP][PASSED] - click(findTestObject("KeatMun/Form 7_default/OTC_Submit Form 7_Section D-E/Page_PERKESO/E2. PMRPT3")): Object: 'Object Repository/KeatMun/Form 7_default/OTC_Submit Form 7_Section D-E/Page_PERKESO/E2. PMRPT3' is clicked on

2019-02-20 19:51:32 - [MESSAGE][PASSED] - Object: 'Object Repository/KeatMun/Form 7_default/OTC_Submit Form 7_Section D-E/Page_PERKESO/E2. PMRPT3' is clicked on

2019-02-20 19:51:32 - [TEST_STEP][PASSED] - delay(3): Delayed 3 second(s)

2019-02-20 19:51:35 - [MESSAGE][PASSED] - Delayed 3 second(s)

2019-02-20 19:51:35 - [TEST_STEP][PASSED] - click(findTestObject("KeatMun/Form 7_default/OTC_Submit Form 7_Section D-E/Page_PERKESO/E3. Job-Choice")): Object: 'Object Repository/KeatMun/Form 7_default/OTC_Submit Form 7_Section D-E/Page_PERKESO/E3. Job-Choice' is clicked on

2019-02-20 19:51:37 - [MESSAGE][PASSED] - Object: 'Object Repository/KeatMun/Form 7_default/OTC_Submit Form 7_Section D-E/Page_PERKESO/E3. Job-Choice' is clicked on

2019-02-20 19:51:37 - [TEST_STEP][PASSED] - delay(2): Delayed 2 second(s)

2019-02-20 19:51:39 - [MESSAGE][PASSED] - Delayed 2 second(s)

2019-02-20 19:51:39 - [TEST_STEP][PASSED] - setText(findTestObject("KeatMun/Form 7_default/OTC_Submit Form 7_Section D-E/Page_PERKESO/E3. Done_select2-search__fie"), "re"): Text 're' is set on object 'Object Repository/KeatMun/Form 7_default/OTC_Submit Form 7_Section D-E/Page_PERKESO/E3. Done_select2-search__fie'

2019-02-20 19:51:43 - [MESSAGE][PASSED] - Text 're' is set on object 'Object Repository/KeatMun/Form 7_default/OTC_Submit Form 7_Section D-E/Page_PERKESO/E3. Done_select2-search__fie'

2019-02-20 19:51:43 - [TEST_STEP][PASSED] - click(findTestObject("KeatMun/Form 7_default/OTC_Submit Form 7_Section D-E/Page_PERKESO/E3. Arkitek Reka Bentuk")): Object: 'Object Repository/KeatMun/Form 7_default/OTC_Submit Form 7_Section D-E/Page_PERKESO/E3. Arkitek Reka Bentuk' is clicked on

2019-02-20 19:51:45 - [MESSAGE][PASSED] - Object: 'Object Repository/KeatMun/Form 7_default/OTC_Submit Form 7_Section D-E/Page_PERKESO/E3. Arkitek Reka Bentuk' is clicked on

2019-02-20 19:51:45 - [TEST_STEP][PASSED] - delay(2): Delayed 2 second(s)

2019-02-20 19:51:47 - [MESSAGE][PASSED] - Delayed 2 second(s)

2019-02-20 19:51:47 - [TEST_STEP][PASSED] - click(findTestObject("KeatMun/Form 7_default/OTC_Submit Form 7_Section D-E/Page_PERKESO/E4. Job_Location")): Object: 'Object Repository/KeatMun/Form 7_default/OTC_Submit Form 7_Section D-E/Page_PERKESO/E4. Job_Location' is clicked on

2019-02-20 19:51:49 - [MESSAGE][PASSED] - Object: 'Object Repository/KeatMun/Form 7_default/OTC_Submit Form 7_Section D-E/Page_PERKESO/E4. Job_Location' is clicked on

2019-02-20 19:51:49 - [TEST_STEP][PASSED] - delay(2): Delayed 2 second(s)

2019-02-20 19:51:51 - [MESSAGE][PASSED] - Delayed 2 second(s)

2019-02-20 19:51:51 - [TEST_STEP][PASSED] - click(findTestObject("KeatMun/Form 7_default/OTC_Submit Form 7_Section D-E/Page_PERKESO/E4. JOHOR")): Object: 'Object Repository/KeatMun/Form 7_default/OTC_Submit Form 7_Section D-E/Page_PERKESO/E4. JOHOR' is clicked on

2019-02-20 19:51:53 - [MESSAGE][PASSED] - Object: 'Object Repository/KeatMun/Form 7_default/OTC_Submit Form 7_Section D-E/Page_PERKESO/E4. JOHOR' is clicked on

2019-02-20 19:51:53 - [TEST_STEP][PASSED] - delay(2): Delayed 2 second(s)

2019-02-20 19:51:55 - [MESSAGE][PASSED] - Delayed 2 second(s)

2019-02-20 19:51:55 - [TEST_STEP][PASSED] - click(findTestObject("KeatMun/Form 7_default/OTC_Submit Form 7_Section D-E/Page_PERKESO/E7. NO_disability")): Object: 'Object Repository/KeatMun/Form 7_default/OTC_Submit Form 7_Section D-E/Page_PERKESO/E7. NO_disability' is clicked on

2019-02-20 19:51:58 - [MESSAGE][PASSED] - Object: 'Object Repository/KeatMun/Form 7_default/OTC_Submit Form 7_Section D-E/Page_PERKESO/E7. NO_disability' is clicked on

2019-02-20 19:51:58 - [TEST_STEP][PASSED] - delay(2): Delayed 2 second(s)

2019-02-20 19:52:00 - [MESSAGE][PASSED] - Delayed 2 second(s)

2019-02-20 19:52:00 - [TEST_STEP][PASSED] - click(findTestObject("KeatMun/Form 7_default/OTC_Submit Form 7_Section D-E/Page_PERKESO/E8. NO_disabilityApplyInd")): Object: 'Object Repository/KeatMun/Form 7_default/OTC_Submit Form 7_Section D-E/Page_PERKESO/E8. NO_disabilityApplyInd' is clicked on

2019-02-20 19:52:02 - [MESSAGE][PASSED] - Object: 'Object Repository/KeatMun/Form 7_default/OTC_Submit Form 7_Section D-E/Page_PERKESO/E8. NO_disabilityApplyInd' is clicked on

2019-02-20 19:52:02 - [TEST_STEP][PASSED] - delay(2): Delayed 2 second(s)

2019-02-20 19:52:04 - [MESSAGE][PASSED] - Delayed 2 second(s)

2019-02-20 19:52:04 - [TEST_STEP][PASSED] - click(findTestObject("KeatMun/Form 7_default/OTC_Submit Form 7_Section D-E/Page_PERKESO/E9. YES_ReEmployment")): Object: 'Object Repository/KeatMun/Form 7_default/OTC_Submit Form 7_Section D-E/Page_PERKESO/E9. YES_ReEmployment' is clicked on

2019-02-20 19:52:06 - [MESSAGE][PASSED] - Object: 'Object Repository/KeatMun/Form 7_default/OTC_Submit Form 7_Section D-E/Page_PERKESO/E9. YES_ReEmployment' is clicked on

2019-02-20 19:52:06 - [TEST_STEP][PASSED] - delay(2): Delayed 2 second(s)

2019-02-20 19:52:08 - [MESSAGE][PASSED] - Delayed 2 second(s)

2019-02-20 19:52:08 - [TEST_STEP][PASSED] - click(findTestObject("KeatMun/Form 7_default/OTC_Submit Form 7_Section D-E/Page_PERKESO/E10. Halaman Seterusnya")): Object: 'Object Repository/KeatMun/Form 7_default/OTC_Submit Form 7_Section D-E/Page_PERKESO/E10. Halaman Seterusnya' is clicked on

2019-02-20 19:52:10 - [MESSAGE][PASSED] - Object: 'Object Repository/KeatMun/Form 7_default/OTC_Submit Form 7_Section D-E/Page_PERKESO/E10. Halaman Seterusnya' is clicked on

2019-02-20 19:52:10 - [TEST_STEP][PASSED] - delay(3): Delayed 3 second(s)

2019-02-20 19:52:13 - [MESSAGE][PASSED] - Delayed 3 second(s)

2019-02-20 19:52:13 - [MESSAGE][PASSED] - Call Test Case 'Test Cases/All TC/Arranged/3. Unit/EI/Form 7_default/OTC_Submit Form 7_Section D-E' successfully

2019-02-20 19:52:13 - [TEST_STEP][FAILED] - callTestCase(findTestCase("All TC/Arranged/3. Unit/EI/Form 7_default/OTC_Submit Form 7_Section F-G-H - Cheque"), [:], STOP_ON_FAILURE): callTestCase(findTestCase("All TC/Arranged/3. Unit/EI/Form 7_default/OTC_Submit Form 7_Section F-G-H - Cheque"), [:], STOP_ON_FAILURE) FAILED.
Reason:
com.kms.katalon.core.exception.StepFailedException: Unable to click on object 'Object Repository/KeatMun/Form 7_default/OTC_Submit Form 7_Section F-G-H/Page_PERKESO/G2. span_Isteri' (Root cause: com.kms.katalon.core.webui.exception.WebElementNotFoundException: Web element with id: 'Object Repository/KeatMun/Form 7_default/OTC_Submit Form 7_Section F-G-H/Page_PERKESO/G2. span_Isteri' located by 'By.xpath: //span[@id = 'select2-dependentList0dependentRelationId-container' and @title = 'Isteri' and (text() = 'Isteri' or . = 'Isteri')]' not found)
	at com.kms.katalon.core.keyword.internal.KeywordMain.stepFailed(KeywordMain.groovy:36)
	at com.kms.katalon.core.webui.keyword.internal.WebUIKeywordMain.stepFailed(WebUIKeywordMain.groovy:65)
	at com.kms.katalon.core.webui.keyword.internal.WebUIKeywordMain.runKeyword(WebUIKeywordMain.groovy:27)
	at com.kms.katalon.core.webui.keyword.builtin.ClickKeyword.click(ClickKeyword.groovy:86)
	at com.kms.katalon.core.webui.keyword.builtin.ClickKeyword.execute(ClickKeyword.groovy:67)
	at com.kms.katalon.core.keyword.internal.KeywordExecutor.executeKeywordForPlatform(KeywordExecutor.groovy:53)
	at com.kms.katalon.core.webui.keyword.WebUiBuiltInKeywords.click(WebUiBuiltInKeywords.groovy:616)
	at com.kms.katalon.core.webui.keyword.WebUiBuiltInKeywords$click$3.call(Unknown Source)
	at OTC_Submit Form 7_Section F-G-H - Cheque.run(OTC_Submit Form 7_Section F-G-H - Cheque:41)
	at com.kms.katalon.core.main.ScriptEngine.run(ScriptEngine.java:194)
	at com.kms.katalon.core.main.ScriptEngine.runScriptAsRawText(ScriptEngine.java:119)
	at com.kms.katalon.core.main.TestCaseExecutor.runScript(TestCaseExecutor.java:328)
	at com.kms.katalon.core.main.TestCaseExecutor.doExecute(TestCaseExecutor.java:319)
	at com.kms.katalon.core.main.TestCaseExecutor.processExecutionPhase(TestCaseExecutor.java:298)
	at com.kms.katalon.core.main.TestCaseExecutor.accessMainPhase(TestCaseExecutor.java:290)
	at com.kms.katalon.core.main.TestCaseExecutor.execute(TestCaseExecutor.java:224)
	at com.kms.katalon.core.main.TestCaseMain.runTestCase(TestCaseMain.java:106)
	at com.kms.katalon.core.keyword.builtin.CallTestCaseKeyword$_callTestCase_closure1.doCall(CallTestCaseKeyword.groovy:59)
	at com.kms.katalon.core.keyword.builtin.CallTestCaseKeyword$_callTestCase_closure1.call(CallTestCaseKeyword.groovy)
	at com.kms.katalon.core.keyword.internal.KeywordMain.runKeyword(KeywordMain.groovy:54)
	at com.kms.katalon.core.keyword.builtin.CallTestCaseKeyword.callTestCase(CallTestCaseKeyword.groovy:80)
	at com.kms.katalon.core.keyword.builtin.CallTestCaseKeyword.execute(CallTestCaseKeyword.groovy:44)
	at com.kms.katalon.core.keyword.internal.KeywordExecutor.executeKeywordForPlatform(KeywordExecutor.groovy:53)
	at com.kms.katalon.core.keyword.BuiltinKeywords.callTestCase(BuiltinKeywords.groovy:334)
	at OTC_Submit Form 7_End to End - Cheque.run(OTC_Submit Form 7_End to End - Cheque:26)
	at com.kms.katalon.core.main.ScriptEngine.run(ScriptEngine.java:194)
	at com.kms.katalon.core.main.ScriptEngine.runScriptAsRawText(ScriptEngine.java:119)
	at com.kms.katalon.core.main.TestCaseExecutor.runScript(TestCaseExecutor.java:328)
	at com.kms.katalon.core.main.TestCaseExecutor.doExecute(TestCaseExecutor.java:319)
	at com.kms.katalon.core.main.TestCaseExecutor.processExecutionPhase(TestCaseExecutor.java:298)
	at com.kms.katalon.core.main.TestCaseExecutor.accessMainPhase(TestCaseExecutor.java:290)
	at com.kms.katalon.core.main.TestCaseExecutor.execute(TestCaseExecutor.java:224)
	at com.kms.katalon.core.main.TestCaseMain.runTestCase(TestCaseMain.java:106)
	at com.kms.katalon.core.keyword.builtin.CallTestCaseKeyword$_callTestCase_closure1.doCall(CallTestCaseKeyword.groovy:59)
	at com.kms.katalon.core.keyword.builtin.CallTestCaseKeyword$_callTestCase_closure1.call(CallTestCaseKeyword.groovy)
	at com.kms.katalon.core.keyword.internal.KeywordMain.runKeyword(KeywordMain.groovy:54)
	at com.kms.katalon.core.keyword.builtin.CallTestCaseKeyword.callTestCase(CallTestCaseKeyword.groovy:80)
	at com.kms.katalon.core.keyword.builtin.CallTestCaseKeyword.execute(CallTestCaseKeyword.groovy:44)
	at com.kms.katalon.core.keyword.internal.KeywordExecutor.executeKeywordForPlatform(KeywordExecutor.groovy:53)
	at com.kms.katalon.core.keyword.BuiltinKeywords.callTestCase(BuiltinKeywords.groovy:334)
	at Approve Claim - Fill Up UJP - by Internal User.run(Approve Claim - Fill Up UJP - by Internal User:16)
	at com.kms.katalon.core.main.ScriptEngine.run(ScriptEngine.java:194)
	at com.kms.katalon.core.main.ScriptEngine.runScriptAsRawText(ScriptEngine.java:119)
	at com.kms.katalon.core.main.TestCaseExecutor.runScript(TestCaseExecutor.java:328)
	at com.kms.katalon.core.main.TestCaseExecutor.doExecute(TestCaseExecutor.java:319)
	at com.kms.katalon.core.main.TestCaseExecutor.processExecutionPhase(TestCaseExecutor.java:298)
	at com.kms.katalon.core.main.TestCaseExecutor.accessMainPhase(TestCaseExecutor.java:290)
	at com.kms.katalon.core.main.TestCaseExecutor.execute(TestCaseExecutor.java:224)
	at com.kms.katalon.core.main.TestSuiteExecutor.accessTestCaseMainPhase(TestSuiteExecutor.java:129)
	at com.kms.katalon.core.main.TestSuiteExecutor.accessTestSuiteMainPhase(TestSuiteExecutor.java:112)
	at com.kms.katalon.core.main.TestSuiteExecutor.execute(TestSuiteExecutor.java:81)
	at com.kms.katalon.core.main.TestCaseMain.startTestSuite(TestCaseMain.java:149)
	at com.kms.katalon.core.main.TestCaseMain$startTestSuite$0.call(Unknown Source)
	at TempTestSuite1550652525208.run(TempTestSuite1550652525208.groovy:36)


2019-02-20 19:52:13 - [TEST_CASE][FAILED] - Test Cases/All TC/Arranged/3. Unit/EI/Form 7_default/OTC_Submit Form 7_Section F-G-H - Cheque: Test Cases/All TC/Arranged/3. Unit/EI/Form 7_default/OTC_Submit Form 7_Section F-G-H - Cheque FAILED.
Reason:
com.kms.katalon.core.exception.StepFailedException: Unable to click on object 'Object Repository/KeatMun/Form 7_default/OTC_Submit Form 7_Section F-G-H/Page_PERKESO/G2. span_Isteri' (Root cause: com.kms.katalon.core.webui.exception.WebElementNotFoundException: Web element with id: 'Object Repository/KeatMun/Form 7_default/OTC_Submit Form 7_Section F-G-H/Page_PERKESO/G2. span_Isteri' located by 'By.xpath: //span[@id = 'select2-dependentList0dependentRelationId-container' and @title = 'Isteri' and (text() = 'Isteri' or . = 'Isteri')]' not found)
	at com.kms.katalon.core.keyword.internal.KeywordMain.stepFailed(KeywordMain.groovy:36)
	at com.kms.katalon.core.webui.keyword.internal.WebUIKeywordMain.stepFailed(WebUIKeywordMain.groovy:65)
	at com.kms.katalon.core.webui.keyword.internal.WebUIKeywordMain.runKeyword(WebUIKeywordMain.groovy:27)
	at com.kms.katalon.core.webui.keyword.builtin.ClickKeyword.click(ClickKeyword.groovy:86)
	at com.kms.katalon.core.webui.keyword.builtin.ClickKeyword.execute(ClickKeyword.groovy:67)
	at com.kms.katalon.core.keyword.internal.KeywordExecutor.executeKeywordForPlatform(KeywordExecutor.groovy:53)
	at com.kms.katalon.core.webui.keyword.WebUiBuiltInKeywords.click(WebUiBuiltInKeywords.groovy:616)
	at com.kms.katalon.core.webui.keyword.WebUiBuiltInKeywords$click$3.call(Unknown Source)
	at OTC_Submit Form 7_Section F-G-H - Cheque.run(OTC_Submit Form 7_Section F-G-H - Cheque:41)
	at com.kms.katalon.core.main.ScriptEngine.run(ScriptEngine.java:194)
	at com.kms.katalon.core.main.ScriptEngine.runScriptAsRawText(ScriptEngine.java:119)
	at com.kms.katalon.core.main.TestCaseExecutor.runScript(TestCaseExecutor.java:328)
	at com.kms.katalon.core.main.TestCaseExecutor.doExecute(TestCaseExecutor.java:319)
	at com.kms.katalon.core.main.TestCaseExecutor.processExecutionPhase(TestCaseExecutor.java:298)
	at com.kms.katalon.core.main.TestCaseExecutor.accessMainPhase(TestCaseExecutor.java:290)
	at com.kms.katalon.core.main.TestCaseExecutor.execute(TestCaseExecutor.java:224)
	at com.kms.katalon.core.main.TestCaseMain.runTestCase(TestCaseMain.java:106)
	at com.kms.katalon.core.keyword.builtin.CallTestCaseKeyword$_callTestCase_closure1.doCall(CallTestCaseKeyword.groovy:59)
	at com.kms.katalon.core.keyword.builtin.CallTestCaseKeyword$_callTestCase_closure1.call(CallTestCaseKeyword.groovy)
	at com.kms.katalon.core.keyword.internal.KeywordMain.runKeyword(KeywordMain.groovy:54)
	at com.kms.katalon.core.keyword.builtin.CallTestCaseKeyword.callTestCase(CallTestCaseKeyword.groovy:80)
	at com.kms.katalon.core.keyword.builtin.CallTestCaseKeyword.execute(CallTestCaseKeyword.groovy:44)
	at com.kms.katalon.core.keyword.internal.KeywordExecutor.executeKeywordForPlatform(KeywordExecutor.groovy:53)
	at com.kms.katalon.core.keyword.BuiltinKeywords.callTestCase(BuiltinKeywords.groovy:334)
	at OTC_Submit Form 7_End to End - Cheque.run(OTC_Submit Form 7_End to End - Cheque:26)
	at com.kms.katalon.core.main.ScriptEngine.run(ScriptEngine.java:194)
	at com.kms.katalon.core.main.ScriptEngine.runScriptAsRawText(ScriptEngine.java:119)
	at com.kms.katalon.core.main.TestCaseExecutor.runScript(TestCaseExecutor.java:328)
	at com.kms.katalon.core.main.TestCaseExecutor.doExecute(TestCaseExecutor.java:319)
	at com.kms.katalon.core.main.TestCaseExecutor.processExecutionPhase(TestCaseExecutor.java:298)
	at com.kms.katalon.core.main.TestCaseExecutor.accessMainPhase(TestCaseExecutor.java:290)
	at com.kms.katalon.core.main.TestCaseExecutor.execute(TestCaseExecutor.java:224)
	at com.kms.katalon.core.main.TestCaseMain.runTestCase(TestCaseMain.java:106)
	at com.kms.katalon.core.keyword.builtin.CallTestCaseKeyword$_callTestCase_closure1.doCall(CallTestCaseKeyword.groovy:59)
	at com.kms.katalon.core.keyword.builtin.CallTestCaseKeyword$_callTestCase_closure1.call(CallTestCaseKeyword.groovy)
	at com.kms.katalon.core.keyword.internal.KeywordMain.runKeyword(KeywordMain.groovy:54)
	at com.kms.katalon.core.keyword.builtin.CallTestCaseKeyword.callTestCase(CallTestCaseKeyword.groovy:80)
	at com.kms.katalon.core.keyword.builtin.CallTestCaseKeyword.execute(CallTestCaseKeyword.groovy:44)
	at com.kms.katalon.core.keyword.internal.KeywordExecutor.executeKeywordForPlatform(KeywordExecutor.groovy:53)
	at com.kms.katalon.core.keyword.BuiltinKeywords.callTestCase(BuiltinKeywords.groovy:334)
	at Approve Claim - Fill Up UJP - by Internal User.run(Approve Claim - Fill Up UJP - by Internal User:16)
	at com.kms.katalon.core.main.ScriptEngine.run(ScriptEngine.java:194)
	at com.kms.katalon.core.main.ScriptEngine.runScriptAsRawText(ScriptEngine.java:119)
	at com.kms.katalon.core.main.TestCaseExecutor.runScript(TestCaseExecutor.java:328)
	at com.kms.katalon.core.main.TestCaseExecutor.doExecute(TestCaseExecutor.java:319)
	at com.kms.katalon.core.main.TestCaseExecutor.processExecutionPhase(TestCaseExecutor.java:298)
	at com.kms.katalon.core.main.TestCaseExecutor.accessMainPhase(TestCaseExecutor.java:290)
	at com.kms.katalon.core.main.TestCaseExecutor.execute(TestCaseExecutor.java:224)
	at com.kms.katalon.core.main.TestSuiteExecutor.accessTestCaseMainPhase(TestSuiteExecutor.java:129)
	at com.kms.katalon.core.main.TestSuiteExecutor.accessTestSuiteMainPhase(TestSuiteExecutor.java:112)
	at com.kms.katalon.core.main.TestSuiteExecutor.execute(TestSuiteExecutor.java:81)
	at com.kms.katalon.core.main.TestCaseMain.startTestSuite(TestCaseMain.java:149)
	at com.kms.katalon.core.main.TestCaseMain$startTestSuite$0.call(Unknown Source)
	at TempTestSuite1550652525208.run(TempTestSuite1550652525208.groovy:36)


2019-02-20 19:52:13 - [TEST_STEP][PASSED] - delay(3): Delayed 3 second(s)

2019-02-20 19:52:16 - [MESSAGE][PASSED] - Delayed 3 second(s)

2019-02-20 19:52:16 - [TEST_STEP][PASSED] - click(findTestObject("KeatMun/Form 7_default/OTC_Submit Form 7_Section F-G-H/Page_PERKESO/F1. Bankrup_yes")): Object: 'Object Repository/KeatMun/Form 7_default/OTC_Submit Form 7_Section F-G-H/Page_PERKESO/F1. Bankrup_yes' is clicked on

2019-02-20 19:52:18 - [MESSAGE][PASSED] - Object: 'Object Repository/KeatMun/Form 7_default/OTC_Submit Form 7_Section F-G-H/Page_PERKESO/F1. Bankrup_yes' is clicked on

2019-02-20 19:52:18 - [TEST_STEP][PASSED] - delay(3): Delayed 3 second(s)

2019-02-20 19:52:21 - [MESSAGE][PASSED] - Delayed 3 second(s)

2019-02-20 19:52:21 - [TEST_STEP][PASSED] - click(findTestObject("KeatMun/Form 7_default/OTC_Submit Form 7_Section F-G-H/Page_PERKESO/F2. Next_Page_AfterBankInfo")): Object: 'Object Repository/KeatMun/Form 7_default/OTC_Submit Form 7_Section F-G-H/Page_PERKESO/F2. Next_Page_AfterBankInfo' is clicked on

2019-02-20 19:52:23 - [MESSAGE][PASSED] - Object: 'Object Repository/KeatMun/Form 7_default/OTC_Submit Form 7_Section F-G-H/Page_PERKESO/F2. Next_Page_AfterBankInfo' is clicked on

2019-02-20 19:52:23 - [TEST_STEP][PASSED] - delay(5): Delayed 5 second(s)

2019-02-20 19:52:28 - [MESSAGE][PASSED] - Delayed 5 second(s)

2019-02-20 19:52:28 - [TEST_STEP][PASSED] - setText(findTestObject("KeatMun/Form 7_default/OTC_Submit Form 7_Section F-G-H/Page_PERKESO/G2. Hubungan dengan OB-nama"), "qwertyuiop"): Text 'qwertyuiop' is set on object 'Object Repository/KeatMun/Form 7_default/OTC_Submit Form 7_Section F-G-H/Page_PERKESO/G2. Hubungan dengan OB-nama'

2019-02-20 19:52:33 - [MESSAGE][PASSED] - Text 'qwertyuiop' is set on object 'Object Repository/KeatMun/Form 7_default/OTC_Submit Form 7_Section F-G-H/Page_PERKESO/G2. Hubungan dengan OB-nama'

2019-02-20 19:52:33 - [TEST_STEP][PASSED] - delay(2): Delayed 2 second(s)

2019-02-20 19:52:35 - [MESSAGE][PASSED] - Delayed 2 second(s)

2019-02-20 19:52:35 - [TEST_STEP][PASSED] - setText(findTestObject("KeatMun/Form 7_default/OTC_Submit Form 7_Section F-G-H/Page_PERKESO/G2. Hubungan dengan OB-ic.no"), "111111223333"): Text '111111223333' is set on object 'Object Repository/KeatMun/Form 7_default/OTC_Submit Form 7_Section F-G-H/Page_PERKESO/G2. Hubungan dengan OB-ic.no'

2019-02-20 19:52:39 - [MESSAGE][PASSED] - Text '111111223333' is set on object 'Object Repository/KeatMun/Form 7_default/OTC_Submit Form 7_Section F-G-H/Page_PERKESO/G2. Hubungan dengan OB-ic.no'

2019-02-20 19:52:39 - [TEST_STEP][PASSED] - delay(2): Delayed 2 second(s)

2019-02-20 19:52:41 - [MESSAGE][PASSED] - Delayed 2 second(s)

2019-02-20 19:52:41 - [TEST_STEP][PASSED] - setText(findTestObject("KeatMun/Form 7_default/OTC_Submit Form 7_Section F-G-H/Page_PERKESO/G2. Hubungan dengan OB-DOB"), "10/01/2019"): Text '10/01/2019' is set on object 'Object Repository/KeatMun/Form 7_default/OTC_Submit Form 7_Section F-G-H/Page_PERKESO/G2. Hubungan dengan OB-DOB'

2019-02-20 19:52:45 - [MESSAGE][PASSED] - Text '10/01/2019' is set on object 'Object Repository/KeatMun/Form 7_default/OTC_Submit Form 7_Section F-G-H/Page_PERKESO/G2. Hubungan dengan OB-DOB'

2019-02-20 19:52:45 - [TEST_STEP][PASSED] - delay(3): Delayed 3 second(s)

2019-02-20 19:52:48 - [MESSAGE][PASSED] - Delayed 3 second(s)

2019-02-20 19:52:48 - [TEST_STEP][FAILED] - click(findTestObject("KeatMun/Form 7_default/OTC_Submit Form 7_Section F-G-H/Page_PERKESO/G2. span_Isteri")): click(findTestObject("KeatMun/Form 7_default/OTC_Submit Form 7_Section F-G-H/Page_PERKESO/G2. span_Isteri")) FAILED.
Reason:
com.kms.katalon.core.exception.StepFailedException: Unable to click on object 'Object Repository/KeatMun/Form 7_default/OTC_Submit Form 7_Section F-G-H/Page_PERKESO/G2. span_Isteri' (Root cause: com.kms.katalon.core.webui.exception.WebElementNotFoundException: Web element with id: 'Object Repository/KeatMun/Form 7_default/OTC_Submit Form 7_Section F-G-H/Page_PERKESO/G2. span_Isteri' located by 'By.xpath: //span[@id = 'select2-dependentList0dependentRelationId-container' and @title = 'Isteri' and (text() = 'Isteri' or . = 'Isteri')]' not found)
	at com.kms.katalon.core.keyword.internal.KeywordMain.stepFailed(KeywordMain.groovy:36)
	at com.kms.katalon.core.webui.keyword.internal.WebUIKeywordMain.stepFailed(WebUIKeywordMain.groovy:65)
	at com.kms.katalon.core.webui.keyword.internal.WebUIKeywordMain.runKeyword(WebUIKeywordMain.groovy:27)
	at com.kms.katalon.core.webui.keyword.builtin.ClickKeyword.click(ClickKeyword.groovy:86)
	at com.kms.katalon.core.webui.keyword.builtin.ClickKeyword.execute(ClickKeyword.groovy:67)
	at com.kms.katalon.core.keyword.internal.KeywordExecutor.executeKeywordForPlatform(KeywordExecutor.groovy:53)
	at com.kms.katalon.core.webui.keyword.WebUiBuiltInKeywords.click(WebUiBuiltInKeywords.groovy:616)
	at com.kms.katalon.core.webui.keyword.WebUiBuiltInKeywords$click$3.call(Unknown Source)
	at OTC_Submit Form 7_Section F-G-H - Cheque.run(OTC_Submit Form 7_Section F-G-H - Cheque:41)
	at com.kms.katalon.core.main.ScriptEngine.run(ScriptEngine.java:194)
	at com.kms.katalon.core.main.ScriptEngine.runScriptAsRawText(ScriptEngine.java:119)
	at com.kms.katalon.core.main.TestCaseExecutor.runScript(TestCaseExecutor.java:328)
	at com.kms.katalon.core.main.TestCaseExecutor.doExecute(TestCaseExecutor.java:319)
	at com.kms.katalon.core.main.TestCaseExecutor.processExecutionPhase(TestCaseExecutor.java:298)
	at com.kms.katalon.core.main.TestCaseExecutor.accessMainPhase(TestCaseExecutor.java:290)
	at com.kms.katalon.core.main.TestCaseExecutor.execute(TestCaseExecutor.java:224)
	at com.kms.katalon.core.main.TestCaseMain.runTestCase(TestCaseMain.java:106)
	at com.kms.katalon.core.keyword.builtin.CallTestCaseKeyword$_callTestCase_closure1.doCall(CallTestCaseKeyword.groovy:59)
	at com.kms.katalon.core.keyword.builtin.CallTestCaseKeyword$_callTestCase_closure1.call(CallTestCaseKeyword.groovy)
	at com.kms.katalon.core.keyword.internal.KeywordMain.runKeyword(KeywordMain.groovy:54)
	at com.kms.katalon.core.keyword.builtin.CallTestCaseKeyword.callTestCase(CallTestCaseKeyword.groovy:80)
	at com.kms.katalon.core.keyword.builtin.CallTestCaseKeyword.execute(CallTestCaseKeyword.groovy:44)
	at com.kms.katalon.core.keyword.internal.KeywordExecutor.executeKeywordForPlatform(KeywordExecutor.groovy:53)
	at com.kms.katalon.core.keyword.BuiltinKeywords.callTestCase(BuiltinKeywords.groovy:334)
	at OTC_Submit Form 7_End to End - Cheque.run(OTC_Submit Form 7_End to End - Cheque:26)
	at com.kms.katalon.core.main.ScriptEngine.run(ScriptEngine.java:194)
	at com.kms.katalon.core.main.ScriptEngine.runScriptAsRawText(ScriptEngine.java:119)
	at com.kms.katalon.core.main.TestCaseExecutor.runScript(TestCaseExecutor.java:328)
	at com.kms.katalon.core.main.TestCaseExecutor.doExecute(TestCaseExecutor.java:319)
	at com.kms.katalon.core.main.TestCaseExecutor.processExecutionPhase(TestCaseExecutor.java:298)
	at com.kms.katalon.core.main.TestCaseExecutor.accessMainPhase(TestCaseExecutor.java:290)
	at com.kms.katalon.core.main.TestCaseExecutor.execute(TestCaseExecutor.java:224)
	at com.kms.katalon.core.main.TestCaseMain.runTestCase(TestCaseMain.java:106)
	at com.kms.katalon.core.keyword.builtin.CallTestCaseKeyword$_callTestCase_closure1.doCall(CallTestCaseKeyword.groovy:59)
	at com.kms.katalon.core.keyword.builtin.CallTestCaseKeyword$_callTestCase_closure1.call(CallTestCaseKeyword.groovy)
	at com.kms.katalon.core.keyword.internal.KeywordMain.runKeyword(KeywordMain.groovy:54)
	at com.kms.katalon.core.keyword.builtin.CallTestCaseKeyword.callTestCase(CallTestCaseKeyword.groovy:80)
	at com.kms.katalon.core.keyword.builtin.CallTestCaseKeyword.execute(CallTestCaseKeyword.groovy:44)
	at com.kms.katalon.core.keyword.internal.KeywordExecutor.executeKeywordForPlatform(KeywordExecutor.groovy:53)
	at com.kms.katalon.core.keyword.BuiltinKeywords.callTestCase(BuiltinKeywords.groovy:334)
	at Approve Claim - Fill Up UJP - by Internal User.run(Approve Claim - Fill Up UJP - by Internal User:16)
	at com.kms.katalon.core.main.ScriptEngine.run(ScriptEngine.java:194)
	at com.kms.katalon.core.main.ScriptEngine.runScriptAsRawText(ScriptEngine.java:119)
	at com.kms.katalon.core.main.TestCaseExecutor.runScript(TestCaseExecutor.java:328)
	at com.kms.katalon.core.main.TestCaseExecutor.doExecute(TestCaseExecutor.java:319)
	at com.kms.katalon.core.main.TestCaseExecutor.processExecutionPhase(TestCaseExecutor.java:298)
	at com.kms.katalon.core.main.TestCaseExecutor.accessMainPhase(TestCaseExecutor.java:290)
	at com.kms.katalon.core.main.TestCaseExecutor.execute(TestCaseExecutor.java:224)
	at com.kms.katalon.core.main.TestSuiteExecutor.accessTestCaseMainPhase(TestSuiteExecutor.java:129)
	at com.kms.katalon.core.main.TestSuiteExecutor.accessTestSuiteMainPhase(TestSuiteExecutor.java:112)
	at com.kms.katalon.core.main.TestSuiteExecutor.execute(TestSuiteExecutor.java:81)
	at com.kms.katalon.core.main.TestCaseMain.startTestSuite(TestCaseMain.java:149)
	at com.kms.katalon.core.main.TestCaseMain$startTestSuite$0.call(Unknown Source)
	at TempTestSuite1550652525208.run(TempTestSuite1550652525208.groovy:36)


2019-02-20 19:53:18 - [MESSAGE][INFO] - Unable to find the element located by 'By.xpath: //span[@id = 'select2-dependentList0dependentRelationId-container' and @title = 'Isteri' and (text() = 'Isteri' or . = 'Isteri')]'. Please recheck the objects properties to make sure the desired element is located. 

2019-02-20 19:53:20 - [MESSAGE][FAILED] - Unable to click on object 'Object Repository/KeatMun/Form 7_default/OTC_Submit Form 7_Section F-G-H/Page_PERKESO/G2. span_Isteri' (Root cause: com.kms.katalon.core.webui.exception.WebElementNotFoundException: Web element with id: 'Object Repository/KeatMun/Form 7_default/OTC_Submit Form 7_Section F-G-H/Page_PERKESO/G2. span_Isteri' located by 'By.xpath: //span[@id = 'select2-dependentList0dependentRelationId-container' and @title = 'Isteri' and (text() = 'Isteri' or . = 'Isteri')]' not found)
[[ATTACHMENT|C:\\Users\\Admin\\Documents\\GitHub\\PKSKatalon\\PKS-EI-ES\\Reports\\New Test Suite\\20190220_164845\\1550663598962.png]]

2019-02-20 19:53:20 - [MESSAGE][FAILED] - click(findTestObject("KeatMun/Form 7_default/OTC_Submit Form 7_Section F-G-H/Page_PERKESO/G2. span_Isteri")) FAILED.
Reason:
com.kms.katalon.core.exception.StepFailedException: Unable to click on object 'Object Repository/KeatMun/Form 7_default/OTC_Submit Form 7_Section F-G-H/Page_PERKESO/G2. span_Isteri' (Root cause: com.kms.katalon.core.webui.exception.WebElementNotFoundException: Web element with id: 'Object Repository/KeatMun/Form 7_default/OTC_Submit Form 7_Section F-G-H/Page_PERKESO/G2. span_Isteri' located by 'By.xpath: //span[@id = 'select2-dependentList0dependentRelationId-container' and @title = 'Isteri' and (text() = 'Isteri' or . = 'Isteri')]' not found)
	at com.kms.katalon.core.keyword.internal.KeywordMain.stepFailed(KeywordMain.groovy:36)
	at com.kms.katalon.core.webui.keyword.internal.WebUIKeywordMain.stepFailed(WebUIKeywordMain.groovy:65)
	at com.kms.katalon.core.webui.keyword.internal.WebUIKeywordMain.runKeyword(WebUIKeywordMain.groovy:27)
	at com.kms.katalon.core.webui.keyword.builtin.ClickKeyword.click(ClickKeyword.groovy:86)
	at com.kms.katalon.core.webui.keyword.builtin.ClickKeyword.execute(ClickKeyword.groovy:67)
	at com.kms.katalon.core.keyword.internal.KeywordExecutor.executeKeywordForPlatform(KeywordExecutor.groovy:53)
	at com.kms.katalon.core.webui.keyword.WebUiBuiltInKeywords.click(WebUiBuiltInKeywords.groovy:616)
	at com.kms.katalon.core.webui.keyword.WebUiBuiltInKeywords$click$3.call(Unknown Source)
	at OTC_Submit Form 7_Section F-G-H - Cheque.run(OTC_Submit Form 7_Section F-G-H - Cheque:41)
	at com.kms.katalon.core.main.ScriptEngine.run(ScriptEngine.java:194)
	at com.kms.katalon.core.main.ScriptEngine.runScriptAsRawText(ScriptEngine.java:119)
	at com.kms.katalon.core.main.TestCaseExecutor.runScript(TestCaseExecutor.java:328)
	at com.kms.katalon.core.main.TestCaseExecutor.doExecute(TestCaseExecutor.java:319)
	at com.kms.katalon.core.main.TestCaseExecutor.processExecutionPhase(TestCaseExecutor.java:298)
	at com.kms.katalon.core.main.TestCaseExecutor.accessMainPhase(TestCaseExecutor.java:290)
	at com.kms.katalon.core.main.TestCaseExecutor.execute(TestCaseExecutor.java:224)
	at com.kms.katalon.core.main.TestCaseMain.runTestCase(TestCaseMain.java:106)
	at com.kms.katalon.core.keyword.builtin.CallTestCaseKeyword$_callTestCase_closure1.doCall(CallTestCaseKeyword.groovy:59)
	at com.kms.katalon.core.keyword.builtin.CallTestCaseKeyword$_callTestCase_closure1.call(CallTestCaseKeyword.groovy)
	at com.kms.katalon.core.keyword.internal.KeywordMain.runKeyword(KeywordMain.groovy:54)
	at com.kms.katalon.core.keyword.builtin.CallTestCaseKeyword.callTestCase(CallTestCaseKeyword.groovy:80)
	at com.kms.katalon.core.keyword.builtin.CallTestCaseKeyword.execute(CallTestCaseKeyword.groovy:44)
	at com.kms.katalon.core.keyword.internal.KeywordExecutor.executeKeywordForPlatform(KeywordExecutor.groovy:53)
	at com.kms.katalon.core.keyword.BuiltinKeywords.callTestCase(BuiltinKeywords.groovy:334)
	at OTC_Submit Form 7_End to End - Cheque.run(OTC_Submit Form 7_End to End - Cheque:26)
	at com.kms.katalon.core.main.ScriptEngine.run(ScriptEngine.java:194)
	at com.kms.katalon.core.main.ScriptEngine.runScriptAsRawText(ScriptEngine.java:119)
	at com.kms.katalon.core.main.TestCaseExecutor.runScript(TestCaseExecutor.java:328)
	at com.kms.katalon.core.main.TestCaseExecutor.doExecute(TestCaseExecutor.java:319)
	at com.kms.katalon.core.main.TestCaseExecutor.processExecutionPhase(TestCaseExecutor.java:298)
	at com.kms.katalon.core.main.TestCaseExecutor.accessMainPhase(TestCaseExecutor.java:290)
	at com.kms.katalon.core.main.TestCaseExecutor.execute(TestCaseExecutor.java:224)
	at com.kms.katalon.core.main.TestCaseMain.runTestCase(TestCaseMain.java:106)
	at com.kms.katalon.core.keyword.builtin.CallTestCaseKeyword$_callTestCase_closure1.doCall(CallTestCaseKeyword.groovy:59)
	at com.kms.katalon.core.keyword.builtin.CallTestCaseKeyword$_callTestCase_closure1.call(CallTestCaseKeyword.groovy)
	at com.kms.katalon.core.keyword.internal.KeywordMain.runKeyword(KeywordMain.groovy:54)
	at com.kms.katalon.core.keyword.builtin.CallTestCaseKeyword.callTestCase(CallTestCaseKeyword.groovy:80)
	at com.kms.katalon.core.keyword.builtin.CallTestCaseKeyword.execute(CallTestCaseKeyword.groovy:44)
	at com.kms.katalon.core.keyword.internal.KeywordExecutor.executeKeywordForPlatform(KeywordExecutor.groovy:53)
	at com.kms.katalon.core.keyword.BuiltinKeywords.callTestCase(BuiltinKeywords.groovy:334)
	at Approve Claim - Fill Up UJP - by Internal User.run(Approve Claim - Fill Up UJP - by Internal User:16)
	at com.kms.katalon.core.main.ScriptEngine.run(ScriptEngine.java:194)
	at com.kms.katalon.core.main.ScriptEngine.runScriptAsRawText(ScriptEngine.java:119)
	at com.kms.katalon.core.main.TestCaseExecutor.runScript(TestCaseExecutor.java:328)
	at com.kms.katalon.core.main.TestCaseExecutor.doExecute(TestCaseExecutor.java:319)
	at com.kms.katalon.core.main.TestCaseExecutor.processExecutionPhase(TestCaseExecutor.java:298)
	at com.kms.katalon.core.main.TestCaseExecutor.accessMainPhase(TestCaseExecutor.java:290)
	at com.kms.katalon.core.main.TestCaseExecutor.execute(TestCaseExecutor.java:224)
	at com.kms.katalon.core.main.TestSuiteExecutor.accessTestCaseMainPhase(TestSuiteExecutor.java:129)
	at com.kms.katalon.core.main.TestSuiteExecutor.accessTestSuiteMainPhase(TestSuiteExecutor.java:112)
	at com.kms.katalon.core.main.TestSuiteExecutor.execute(TestSuiteExecutor.java:81)
	at com.kms.katalon.core.main.TestCaseMain.startTestSuite(TestCaseMain.java:149)
	at com.kms.katalon.core.main.TestCaseMain$startTestSuite$0.call(Unknown Source)
	at TempTestSuite1550652525208.run(TempTestSuite1550652525208.groovy:36)


2019-02-20 19:53:20 - [MESSAGE][FAILED] - Unable to call Test Case 'Test Cases/All TC/Arranged/3. Unit/EI/Form 7_default/OTC_Submit Form 7_Section F-G-H - Cheque' (Root cause: com.kms.katalon.core.exception.StepFailedException: Call Test Case 'Test Cases/All TC/Arranged/3. Unit/EI/Form 7_default/OTC_Submit Form 7_Section F-G-H - Cheque' failed)

2019-02-20 19:53:21 - [MESSAGE][FAILED] - callTestCase(findTestCase("All TC/Arranged/3. Unit/EI/Form 7_default/OTC_Submit Form 7_Section F-G-H - Cheque"), [:], STOP_ON_FAILURE) FAILED.
Reason:
com.kms.katalon.core.exception.StepFailedException: Unable to click on object 'Object Repository/KeatMun/Form 7_default/OTC_Submit Form 7_Section F-G-H/Page_PERKESO/G2. span_Isteri' (Root cause: com.kms.katalon.core.webui.exception.WebElementNotFoundException: Web element with id: 'Object Repository/KeatMun/Form 7_default/OTC_Submit Form 7_Section F-G-H/Page_PERKESO/G2. span_Isteri' located by 'By.xpath: //span[@id = 'select2-dependentList0dependentRelationId-container' and @title = 'Isteri' and (text() = 'Isteri' or . = 'Isteri')]' not found)
	at com.kms.katalon.core.keyword.internal.KeywordMain.stepFailed(KeywordMain.groovy:36)
	at com.kms.katalon.core.webui.keyword.internal.WebUIKeywordMain.stepFailed(WebUIKeywordMain.groovy:65)
	at com.kms.katalon.core.webui.keyword.internal.WebUIKeywordMain.runKeyword(WebUIKeywordMain.groovy:27)
	at com.kms.katalon.core.webui.keyword.builtin.ClickKeyword.click(ClickKeyword.groovy:86)
	at com.kms.katalon.core.webui.keyword.builtin.ClickKeyword.execute(ClickKeyword.groovy:67)
	at com.kms.katalon.core.keyword.internal.KeywordExecutor.executeKeywordForPlatform(KeywordExecutor.groovy:53)
	at com.kms.katalon.core.webui.keyword.WebUiBuiltInKeywords.click(WebUiBuiltInKeywords.groovy:616)
	at com.kms.katalon.core.webui.keyword.WebUiBuiltInKeywords$click$3.call(Unknown Source)
	at OTC_Submit Form 7_Section F-G-H - Cheque.run(OTC_Submit Form 7_Section F-G-H - Cheque:41)
	at com.kms.katalon.core.main.ScriptEngine.run(ScriptEngine.java:194)
	at com.kms.katalon.core.main.ScriptEngine.runScriptAsRawText(ScriptEngine.java:119)
	at com.kms.katalon.core.main.TestCaseExecutor.runScript(TestCaseExecutor.java:328)
	at com.kms.katalon.core.main.TestCaseExecutor.doExecute(TestCaseExecutor.java:319)
	at com.kms.katalon.core.main.TestCaseExecutor.processExecutionPhase(TestCaseExecutor.java:298)
	at com.kms.katalon.core.main.TestCaseExecutor.accessMainPhase(TestCaseExecutor.java:290)
	at com.kms.katalon.core.main.TestCaseExecutor.execute(TestCaseExecutor.java:224)
	at com.kms.katalon.core.main.TestCaseMain.runTestCase(TestCaseMain.java:106)
	at com.kms.katalon.core.keyword.builtin.CallTestCaseKeyword$_callTestCase_closure1.doCall(CallTestCaseKeyword.groovy:59)
	at com.kms.katalon.core.keyword.builtin.CallTestCaseKeyword$_callTestCase_closure1.call(CallTestCaseKeyword.groovy)
	at com.kms.katalon.core.keyword.internal.KeywordMain.runKeyword(KeywordMain.groovy:54)
	at com.kms.katalon.core.keyword.builtin.CallTestCaseKeyword.callTestCase(CallTestCaseKeyword.groovy:80)
	at com.kms.katalon.core.keyword.builtin.CallTestCaseKeyword.execute(CallTestCaseKeyword.groovy:44)
	at com.kms.katalon.core.keyword.internal.KeywordExecutor.executeKeywordForPlatform(KeywordExecutor.groovy:53)
	at com.kms.katalon.core.keyword.BuiltinKeywords.callTestCase(BuiltinKeywords.groovy:334)
	at OTC_Submit Form 7_End to End - Cheque.run(OTC_Submit Form 7_End to End - Cheque:26)
	at com.kms.katalon.core.main.ScriptEngine.run(ScriptEngine.java:194)
	at com.kms.katalon.core.main.ScriptEngine.runScriptAsRawText(ScriptEngine.java:119)
	at com.kms.katalon.core.main.TestCaseExecutor.runScript(TestCaseExecutor.java:328)
	at com.kms.katalon.core.main.TestCaseExecutor.doExecute(TestCaseExecutor.java:319)
	at com.kms.katalon.core.main.TestCaseExecutor.processExecutionPhase(TestCaseExecutor.java:298)
	at com.kms.katalon.core.main.TestCaseExecutor.accessMainPhase(TestCaseExecutor.java:290)
	at com.kms.katalon.core.main.TestCaseExecutor.execute(TestCaseExecutor.java:224)
	at com.kms.katalon.core.main.TestCaseMain.runTestCase(TestCaseMain.java:106)
	at com.kms.katalon.core.keyword.builtin.CallTestCaseKeyword$_callTestCase_closure1.doCall(CallTestCaseKeyword.groovy:59)
	at com.kms.katalon.core.keyword.builtin.CallTestCaseKeyword$_callTestCase_closure1.call(CallTestCaseKeyword.groovy)
	at com.kms.katalon.core.keyword.internal.KeywordMain.runKeyword(KeywordMain.groovy:54)
	at com.kms.katalon.core.keyword.builtin.CallTestCaseKeyword.callTestCase(CallTestCaseKeyword.groovy:80)
	at com.kms.katalon.core.keyword.builtin.CallTestCaseKeyword.execute(CallTestCaseKeyword.groovy:44)
	at com.kms.katalon.core.keyword.internal.KeywordExecutor.executeKeywordForPlatform(KeywordExecutor.groovy:53)
	at com.kms.katalon.core.keyword.BuiltinKeywords.callTestCase(BuiltinKeywords.groovy:334)
	at Approve Claim - Fill Up UJP - by Internal User.run(Approve Claim - Fill Up UJP - by Internal User:16)
	at com.kms.katalon.core.main.ScriptEngine.run(ScriptEngine.java:194)
	at com.kms.katalon.core.main.ScriptEngine.runScriptAsRawText(ScriptEngine.java:119)
	at com.kms.katalon.core.main.TestCaseExecutor.runScript(TestCaseExecutor.java:328)
	at com.kms.katalon.core.main.TestCaseExecutor.doExecute(TestCaseExecutor.java:319)
	at com.kms.katalon.core.main.TestCaseExecutor.processExecutionPhase(TestCaseExecutor.java:298)
	at com.kms.katalon.core.main.TestCaseExecutor.accessMainPhase(TestCaseExecutor.java:290)
	at com.kms.katalon.core.main.TestCaseExecutor.execute(TestCaseExecutor.java:224)
	at com.kms.katalon.core.main.TestSuiteExecutor.accessTestCaseMainPhase(TestSuiteExecutor.java:129)
	at com.kms.katalon.core.main.TestSuiteExecutor.accessTestSuiteMainPhase(TestSuiteExecutor.java:112)
	at com.kms.katalon.core.main.TestSuiteExecutor.execute(TestSuiteExecutor.java:81)
	at com.kms.katalon.core.main.TestCaseMain.startTestSuite(TestCaseMain.java:149)
	at com.kms.katalon.core.main.TestCaseMain$startTestSuite$0.call(Unknown Source)
	at TempTestSuite1550652525208.run(TempTestSuite1550652525208.groovy:36)


2019-02-20 19:53:21 - [MESSAGE][FAILED] - Unable to call Test Case 'Test Cases/All TC/Arranged/2. Segment/OTC_Submit Form 7_End to End - Cheque' (Root cause: com.kms.katalon.core.exception.StepFailedException: Call Test Case 'Test Cases/All TC/Arranged/2. Segment/OTC_Submit Form 7_End to End - Cheque' failed)

2019-02-20 19:53:21 - [MESSAGE][FAILED] - callTestCase(findTestCase("All TC/Arranged/2. Segment/OTC_Submit Form 7_End to End - Cheque"), [:], STOP_ON_FAILURE) FAILED.
Reason:
com.kms.katalon.core.exception.StepFailedException: Unable to click on object 'Object Repository/KeatMun/Form 7_default/OTC_Submit Form 7_Section F-G-H/Page_PERKESO/G2. span_Isteri' (Root cause: com.kms.katalon.core.webui.exception.WebElementNotFoundException: Web element with id: 'Object Repository/KeatMun/Form 7_default/OTC_Submit Form 7_Section F-G-H/Page_PERKESO/G2. span_Isteri' located by 'By.xpath: //span[@id = 'select2-dependentList0dependentRelationId-container' and @title = 'Isteri' and (text() = 'Isteri' or . = 'Isteri')]' not found)
	at com.kms.katalon.core.keyword.internal.KeywordMain.stepFailed(KeywordMain.groovy:36)
	at com.kms.katalon.core.webui.keyword.internal.WebUIKeywordMain.stepFailed(WebUIKeywordMain.groovy:65)
	at com.kms.katalon.core.webui.keyword.internal.WebUIKeywordMain.runKeyword(WebUIKeywordMain.groovy:27)
	at com.kms.katalon.core.webui.keyword.builtin.ClickKeyword.click(ClickKeyword.groovy:86)
	at com.kms.katalon.core.webui.keyword.builtin.ClickKeyword.execute(ClickKeyword.groovy:67)
	at com.kms.katalon.core.keyword.internal.KeywordExecutor.executeKeywordForPlatform(KeywordExecutor.groovy:53)
	at com.kms.katalon.core.webui.keyword.WebUiBuiltInKeywords.click(WebUiBuiltInKeywords.groovy:616)
	at com.kms.katalon.core.webui.keyword.WebUiBuiltInKeywords$click$3.call(Unknown Source)
	at OTC_Submit Form 7_Section F-G-H - Cheque.run(OTC_Submit Form 7_Section F-G-H - Cheque:41)
	at com.kms.katalon.core.main.ScriptEngine.run(ScriptEngine.java:194)
	at com.kms.katalon.core.main.ScriptEngine.runScriptAsRawText(ScriptEngine.java:119)
	at com.kms.katalon.core.main.TestCaseExecutor.runScript(TestCaseExecutor.java:328)
	at com.kms.katalon.core.main.TestCaseExecutor.doExecute(TestCaseExecutor.java:319)
	at com.kms.katalon.core.main.TestCaseExecutor.processExecutionPhase(TestCaseExecutor.java:298)
	at com.kms.katalon.core.main.TestCaseExecutor.accessMainPhase(TestCaseExecutor.java:290)
	at com.kms.katalon.core.main.TestCaseExecutor.execute(TestCaseExecutor.java:224)
	at com.kms.katalon.core.main.TestCaseMain.runTestCase(TestCaseMain.java:106)
	at com.kms.katalon.core.keyword.builtin.CallTestCaseKeyword$_callTestCase_closure1.doCall(CallTestCaseKeyword.groovy:59)
	at com.kms.katalon.core.keyword.builtin.CallTestCaseKeyword$_callTestCase_closure1.call(CallTestCaseKeyword.groovy)
	at com.kms.katalon.core.keyword.internal.KeywordMain.runKeyword(KeywordMain.groovy:54)
	at com.kms.katalon.core.keyword.builtin.CallTestCaseKeyword.callTestCase(CallTestCaseKeyword.groovy:80)
	at com.kms.katalon.core.keyword.builtin.CallTestCaseKeyword.execute(CallTestCaseKeyword.groovy:44)
	at com.kms.katalon.core.keyword.internal.KeywordExecutor.executeKeywordForPlatform(KeywordExecutor.groovy:53)
	at com.kms.katalon.core.keyword.BuiltinKeywords.callTestCase(BuiltinKeywords.groovy:334)
	at OTC_Submit Form 7_End to End - Cheque.run(OTC_Submit Form 7_End to End - Cheque:26)
	at com.kms.katalon.core.main.ScriptEngine.run(ScriptEngine.java:194)
	at com.kms.katalon.core.main.ScriptEngine.runScriptAsRawText(ScriptEngine.java:119)
	at com.kms.katalon.core.main.TestCaseExecutor.runScript(TestCaseExecutor.java:328)
	at com.kms.katalon.core.main.TestCaseExecutor.doExecute(TestCaseExecutor.java:319)
	at com.kms.katalon.core.main.TestCaseExecutor.processExecutionPhase(TestCaseExecutor.java:298)
	at com.kms.katalon.core.main.TestCaseExecutor.accessMainPhase(TestCaseExecutor.java:290)
	at com.kms.katalon.core.main.TestCaseExecutor.execute(TestCaseExecutor.java:224)
	at com.kms.katalon.core.main.TestCaseMain.runTestCase(TestCaseMain.java:106)
	at com.kms.katalon.core.keyword.builtin.CallTestCaseKeyword$_callTestCase_closure1.doCall(CallTestCaseKeyword.groovy:59)
	at com.kms.katalon.core.keyword.builtin.CallTestCaseKeyword$_callTestCase_closure1.call(CallTestCaseKeyword.groovy)
	at com.kms.katalon.core.keyword.internal.KeywordMain.runKeyword(KeywordMain.groovy:54)
	at com.kms.katalon.core.keyword.builtin.CallTestCaseKeyword.callTestCase(CallTestCaseKeyword.groovy:80)
	at com.kms.katalon.core.keyword.builtin.CallTestCaseKeyword.execute(CallTestCaseKeyword.groovy:44)
	at com.kms.katalon.core.keyword.internal.KeywordExecutor.executeKeywordForPlatform(KeywordExecutor.groovy:53)
	at com.kms.katalon.core.keyword.BuiltinKeywords.callTestCase(BuiltinKeywords.groovy:334)
	at Approve Claim - Fill Up UJP - by Internal User.run(Approve Claim - Fill Up UJP - by Internal User:16)
	at com.kms.katalon.core.main.ScriptEngine.run(ScriptEngine.java:194)
	at com.kms.katalon.core.main.ScriptEngine.runScriptAsRawText(ScriptEngine.java:119)
	at com.kms.katalon.core.main.TestCaseExecutor.runScript(TestCaseExecutor.java:328)
	at com.kms.katalon.core.main.TestCaseExecutor.doExecute(TestCaseExecutor.java:319)
	at com.kms.katalon.core.main.TestCaseExecutor.processExecutionPhase(TestCaseExecutor.java:298)
	at com.kms.katalon.core.main.TestCaseExecutor.accessMainPhase(TestCaseExecutor.java:290)
	at com.kms.katalon.core.main.TestCaseExecutor.execute(TestCaseExecutor.java:224)
	at com.kms.katalon.core.main.TestSuiteExecutor.accessTestCaseMainPhase(TestSuiteExecutor.java:129)
	at com.kms.katalon.core.main.TestSuiteExecutor.accessTestSuiteMainPhase(TestSuiteExecutor.java:112)
	at com.kms.katalon.core.main.TestSuiteExecutor.execute(TestSuiteExecutor.java:81)
	at com.kms.katalon.core.main.TestCaseMain.startTestSuite(TestCaseMain.java:149)
	at com.kms.katalon.core.main.TestCaseMain$startTestSuite$0.call(Unknown Source)
	at TempTestSuite1550652525208.run(TempTestSuite1550652525208.groovy:36)]]></system-out>
         <system-err><![CDATA[2019-02-20 19:43:35 - [TEST_CASE][FAILED] - Test Cases/All TC/Arranged/0. Full Flow/Approve Claim - Fill Up UJP - by Internal User: Test Cases/All TC/Arranged/0. Full Flow/Approve Claim - Fill Up UJP - by Internal User FAILED.
Reason:
com.kms.katalon.core.exception.StepFailedException: Unable to click on object 'Object Repository/KeatMun/Form 7_default/OTC_Submit Form 7_Section F-G-H/Page_PERKESO/G2. span_Isteri' (Root cause: com.kms.katalon.core.webui.exception.WebElementNotFoundException: Web element with id: 'Object Repository/KeatMun/Form 7_default/OTC_Submit Form 7_Section F-G-H/Page_PERKESO/G2. span_Isteri' located by 'By.xpath: //span[@id = 'select2-dependentList0dependentRelationId-container' and @title = 'Isteri' and (text() = 'Isteri' or . = 'Isteri')]' not found)
	at com.kms.katalon.core.keyword.internal.KeywordMain.stepFailed(KeywordMain.groovy:36)
	at com.kms.katalon.core.webui.keyword.internal.WebUIKeywordMain.stepFailed(WebUIKeywordMain.groovy:65)
	at com.kms.katalon.core.webui.keyword.internal.WebUIKeywordMain.runKeyword(WebUIKeywordMain.groovy:27)
	at com.kms.katalon.core.webui.keyword.builtin.ClickKeyword.click(ClickKeyword.groovy:86)
	at com.kms.katalon.core.webui.keyword.builtin.ClickKeyword.execute(ClickKeyword.groovy:67)
	at com.kms.katalon.core.keyword.internal.KeywordExecutor.executeKeywordForPlatform(KeywordExecutor.groovy:53)
	at com.kms.katalon.core.webui.keyword.WebUiBuiltInKeywords.click(WebUiBuiltInKeywords.groovy:616)
	at com.kms.katalon.core.webui.keyword.WebUiBuiltInKeywords$click$3.call(Unknown Source)
	at OTC_Submit Form 7_Section F-G-H - Cheque.run(OTC_Submit Form 7_Section F-G-H - Cheque:41)
	at com.kms.katalon.core.main.ScriptEngine.run(ScriptEngine.java:194)
	at com.kms.katalon.core.main.ScriptEngine.runScriptAsRawText(ScriptEngine.java:119)
	at com.kms.katalon.core.main.TestCaseExecutor.runScript(TestCaseExecutor.java:328)
	at com.kms.katalon.core.main.TestCaseExecutor.doExecute(TestCaseExecutor.java:319)
	at com.kms.katalon.core.main.TestCaseExecutor.processExecutionPhase(TestCaseExecutor.java:298)
	at com.kms.katalon.core.main.TestCaseExecutor.accessMainPhase(TestCaseExecutor.java:290)
	at com.kms.katalon.core.main.TestCaseExecutor.execute(TestCaseExecutor.java:224)
	at com.kms.katalon.core.main.TestCaseMain.runTestCase(TestCaseMain.java:106)
	at com.kms.katalon.core.keyword.builtin.CallTestCaseKeyword$_callTestCase_closure1.doCall(CallTestCaseKeyword.groovy:59)
	at com.kms.katalon.core.keyword.builtin.CallTestCaseKeyword$_callTestCase_closure1.call(CallTestCaseKeyword.groovy)
	at com.kms.katalon.core.keyword.internal.KeywordMain.runKeyword(KeywordMain.groovy:54)
	at com.kms.katalon.core.keyword.builtin.CallTestCaseKeyword.callTestCase(CallTestCaseKeyword.groovy:80)
	at com.kms.katalon.core.keyword.builtin.CallTestCaseKeyword.execute(CallTestCaseKeyword.groovy:44)
	at com.kms.katalon.core.keyword.internal.KeywordExecutor.executeKeywordForPlatform(KeywordExecutor.groovy:53)
	at com.kms.katalon.core.keyword.BuiltinKeywords.callTestCase(BuiltinKeywords.groovy:334)
	at OTC_Submit Form 7_End to End - Cheque.run(OTC_Submit Form 7_End to End - Cheque:26)
	at com.kms.katalon.core.main.ScriptEngine.run(ScriptEngine.java:194)
	at com.kms.katalon.core.main.ScriptEngine.runScriptAsRawText(ScriptEngine.java:119)
	at com.kms.katalon.core.main.TestCaseExecutor.runScript(TestCaseExecutor.java:328)
	at com.kms.katalon.core.main.TestCaseExecutor.doExecute(TestCaseExecutor.java:319)
	at com.kms.katalon.core.main.TestCaseExecutor.processExecutionPhase(TestCaseExecutor.java:298)
	at com.kms.katalon.core.main.TestCaseExecutor.accessMainPhase(TestCaseExecutor.java:290)
	at com.kms.katalon.core.main.TestCaseExecutor.execute(TestCaseExecutor.java:224)
	at com.kms.katalon.core.main.TestCaseMain.runTestCase(TestCaseMain.java:106)
	at com.kms.katalon.core.keyword.builtin.CallTestCaseKeyword$_callTestCase_closure1.doCall(CallTestCaseKeyword.groovy:59)
	at com.kms.katalon.core.keyword.builtin.CallTestCaseKeyword$_callTestCase_closure1.call(CallTestCaseKeyword.groovy)
	at com.kms.katalon.core.keyword.internal.KeywordMain.runKeyword(KeywordMain.groovy:54)
	at com.kms.katalon.core.keyword.builtin.CallTestCaseKeyword.callTestCase(CallTestCaseKeyword.groovy:80)
	at com.kms.katalon.core.keyword.builtin.CallTestCaseKeyword.execute(CallTestCaseKeyword.groovy:44)
	at com.kms.katalon.core.keyword.internal.KeywordExecutor.executeKeywordForPlatform(KeywordExecutor.groovy:53)
	at com.kms.katalon.core.keyword.BuiltinKeywords.callTestCase(BuiltinKeywords.groovy:334)
	at Approve Claim - Fill Up UJP - by Internal User.run(Approve Claim - Fill Up UJP - by Internal User:16)
	at com.kms.katalon.core.main.ScriptEngine.run(ScriptEngine.java:194)
	at com.kms.katalon.core.main.ScriptEngine.runScriptAsRawText(ScriptEngine.java:119)
	at com.kms.katalon.core.main.TestCaseExecutor.runScript(TestCaseExecutor.java:328)
	at com.kms.katalon.core.main.TestCaseExecutor.doExecute(TestCaseExecutor.java:319)
	at com.kms.katalon.core.main.TestCaseExecutor.processExecutionPhase(TestCaseExecutor.java:298)
	at com.kms.katalon.core.main.TestCaseExecutor.accessMainPhase(TestCaseExecutor.java:290)
	at com.kms.katalon.core.main.TestCaseExecutor.execute(TestCaseExecutor.java:224)
	at com.kms.katalon.core.main.TestSuiteExecutor.accessTestCaseMainPhase(TestSuiteExecutor.java:129)
	at com.kms.katalon.core.main.TestSuiteExecutor.accessTestSuiteMainPhase(TestSuiteExecutor.java:112)
	at com.kms.katalon.core.main.TestSuiteExecutor.execute(TestSuiteExecutor.java:81)
	at com.kms.katalon.core.main.TestCaseMain.startTestSuite(TestCaseMain.java:149)
	at com.kms.katalon.core.main.TestCaseMain$startTestSuite$0.call(Unknown Source)
	at TempTestSuite1550652525208.run(TempTestSuite1550652525208.groovy:36)]]></system-err>
      </testcase>
      <testcase name="Test Cases/All TC/Arranged/0. Full Flow/Approve Application - RIA" classname="Test Cases/All TC/Arranged/0. Full Flow/Approve Application - RIA" status="FAILED">
         <failure type="FAILED" message="Test Cases/All TC/Arranged/0. Full Flow/Approve Application - RIA FAILED.
Reason:
com.kms.katalon.core.exception.StepFailedException: Unable to click on object 'Object Repository/KeatMun/Form 7_default/OTC_Submit Form 7_Section F-G-H/Page_PERKESO/G2. span_Isteri' (Root cause: com.kms.katalon.core.webui.exception.WebElementNotFoundException: Web element with id: 'Object Repository/KeatMun/Form 7_default/OTC_Submit Form 7_Section F-G-H/Page_PERKESO/G2. span_Isteri' located by 'By.xpath: //span[@id = 'select2-dependentList0dependentRelationId-container' and @title = 'Isteri' and (text() = 'Isteri' or . = 'Isteri')]' not found)
	at com.kms.katalon.core.keyword.internal.KeywordMain.stepFailed(KeywordMain.groovy:36)
	at com.kms.katalon.core.webui.keyword.internal.WebUIKeywordMain.stepFailed(WebUIKeywordMain.groovy:65)
	at com.kms.katalon.core.webui.keyword.internal.WebUIKeywordMain.runKeyword(WebUIKeywordMain.groovy:27)
	at com.kms.katalon.core.webui.keyword.builtin.ClickKeyword.click(ClickKeyword.groovy:86)
	at com.kms.katalon.core.webui.keyword.builtin.ClickKeyword.execute(ClickKeyword.groovy:67)
	at com.kms.katalon.core.keyword.internal.KeywordExecutor.executeKeywordForPlatform(KeywordExecutor.groovy:53)
	at com.kms.katalon.core.webui.keyword.WebUiBuiltInKeywords.click(WebUiBuiltInKeywords.groovy:616)
	at com.kms.katalon.core.webui.keyword.WebUiBuiltInKeywords$click$3.call(Unknown Source)
	at OTC_Submit Form 7_Section F-G-H - Cheque.run(OTC_Submit Form 7_Section F-G-H - Cheque:41)
	at com.kms.katalon.core.main.ScriptEngine.run(ScriptEngine.java:194)
	at com.kms.katalon.core.main.ScriptEngine.runScriptAsRawText(ScriptEngine.java:119)
	at com.kms.katalon.core.main.TestCaseExecutor.runScript(TestCaseExecutor.java:328)
	at com.kms.katalon.core.main.TestCaseExecutor.doExecute(TestCaseExecutor.java:319)
	at com.kms.katalon.core.main.TestCaseExecutor.processExecutionPhase(TestCaseExecutor.java:298)
	at com.kms.katalon.core.main.TestCaseExecutor.accessMainPhase(TestCaseExecutor.java:290)
	at com.kms.katalon.core.main.TestCaseExecutor.execute(TestCaseExecutor.java:224)
	at com.kms.katalon.core.main.TestCaseMain.runTestCase(TestCaseMain.java:106)
	at com.kms.katalon.core.keyword.builtin.CallTestCaseKeyword$_callTestCase_closure1.doCall(CallTestCaseKeyword.groovy:59)
	at com.kms.katalon.core.keyword.builtin.CallTestCaseKeyword$_callTestCase_closure1.call(CallTestCaseKeyword.groovy)
	at com.kms.katalon.core.keyword.internal.KeywordMain.runKeyword(KeywordMain.groovy:54)
	at com.kms.katalon.core.keyword.builtin.CallTestCaseKeyword.callTestCase(CallTestCaseKeyword.groovy:80)
	at com.kms.katalon.core.keyword.builtin.CallTestCaseKeyword.execute(CallTestCaseKeyword.groovy:44)
	at com.kms.katalon.core.keyword.internal.KeywordExecutor.executeKeywordForPlatform(KeywordExecutor.groovy:53)
	at com.kms.katalon.core.keyword.BuiltinKeywords.callTestCase(BuiltinKeywords.groovy:334)
	at OTC_Submit Form 7_End to End - Cheque.run(OTC_Submit Form 7_End to End - Cheque:26)
	at com.kms.katalon.core.main.ScriptEngine.run(ScriptEngine.java:194)
	at com.kms.katalon.core.main.ScriptEngine.runScriptAsRawText(ScriptEngine.java:119)
	at com.kms.katalon.core.main.TestCaseExecutor.runScript(TestCaseExecutor.java:328)
	at com.kms.katalon.core.main.TestCaseExecutor.doExecute(TestCaseExecutor.java:319)
	at com.kms.katalon.core.main.TestCaseExecutor.processExecutionPhase(TestCaseExecutor.java:298)
	at com.kms.katalon.core.main.TestCaseExecutor.accessMainPhase(TestCaseExecutor.java:290)
	at com.kms.katalon.core.main.TestCaseExecutor.execute(TestCaseExecutor.java:224)
	at com.kms.katalon.core.main.TestCaseMain.runTestCase(TestCaseMain.java:106)
	at com.kms.katalon.core.keyword.builtin.CallTestCaseKeyword$_callTestCase_closure1.doCall(CallTestCaseKeyword.groovy:59)
	at com.kms.katalon.core.keyword.builtin.CallTestCaseKeyword$_callTestCase_closure1.call(CallTestCaseKeyword.groovy)
	at com.kms.katalon.core.keyword.internal.KeywordMain.runKeyword(KeywordMain.groovy:54)
	at com.kms.katalon.core.keyword.builtin.CallTestCaseKeyword.callTestCase(CallTestCaseKeyword.groovy:80)
	at com.kms.katalon.core.keyword.builtin.CallTestCaseKeyword.execute(CallTestCaseKeyword.groovy:44)
	at com.kms.katalon.core.keyword.internal.KeywordExecutor.executeKeywordForPlatform(KeywordExecutor.groovy:53)
	at com.kms.katalon.core.keyword.BuiltinKeywords.callTestCase(BuiltinKeywords.groovy:334)
	at Approve Application - RIA.run(Approve Application - RIA:16)
	at com.kms.katalon.core.main.ScriptEngine.run(ScriptEngine.java:194)
	at com.kms.katalon.core.main.ScriptEngine.runScriptAsRawText(ScriptEngine.java:119)
	at com.kms.katalon.core.main.TestCaseExecutor.runScript(TestCaseExecutor.java:328)
	at com.kms.katalon.core.main.TestCaseExecutor.doExecute(TestCaseExecutor.java:319)
	at com.kms.katalon.core.main.TestCaseExecutor.processExecutionPhase(TestCaseExecutor.java:298)
	at com.kms.katalon.core.main.TestCaseExecutor.accessMainPhase(TestCaseExecutor.java:290)
	at com.kms.katalon.core.main.TestCaseExecutor.execute(TestCaseExecutor.java:224)
	at com.kms.katalon.core.main.TestSuiteExecutor.accessTestCaseMainPhase(TestSuiteExecutor.java:129)
	at com.kms.katalon.core.main.TestSuiteExecutor.accessTestSuiteMainPhase(TestSuiteExecutor.java:112)
	at com.kms.katalon.core.main.TestSuiteExecutor.execute(TestSuiteExecutor.java:81)
	at com.kms.katalon.core.main.TestCaseMain.startTestSuite(TestCaseMain.java:149)
	at com.kms.katalon.core.main.TestCaseMain$startTestSuite$0.call(Unknown Source)
	at TempTestSuite1550652525208.run(TempTestSuite1550652525208.groovy:36)
"/>
         <system-out><![CDATA[2019-02-20 19:53:22 - [TEST_CASE][FAILED] - Test Cases/All TC/Arranged/0. Full Flow/Approve Application - RIA: Test Cases/All TC/Arranged/0. Full Flow/Approve Application - RIA FAILED.
Reason:
com.kms.katalon.core.exception.StepFailedException: Unable to click on object 'Object Repository/KeatMun/Form 7_default/OTC_Submit Form 7_Section F-G-H/Page_PERKESO/G2. span_Isteri' (Root cause: com.kms.katalon.core.webui.exception.WebElementNotFoundException: Web element with id: 'Object Repository/KeatMun/Form 7_default/OTC_Submit Form 7_Section F-G-H/Page_PERKESO/G2. span_Isteri' located by 'By.xpath: //span[@id = 'select2-dependentList0dependentRelationId-container' and @title = 'Isteri' and (text() = 'Isteri' or . = 'Isteri')]' not found)
	at com.kms.katalon.core.keyword.internal.KeywordMain.stepFailed(KeywordMain.groovy:36)
	at com.kms.katalon.core.webui.keyword.internal.WebUIKeywordMain.stepFailed(WebUIKeywordMain.groovy:65)
	at com.kms.katalon.core.webui.keyword.internal.WebUIKeywordMain.runKeyword(WebUIKeywordMain.groovy:27)
	at com.kms.katalon.core.webui.keyword.builtin.ClickKeyword.click(ClickKeyword.groovy:86)
	at com.kms.katalon.core.webui.keyword.builtin.ClickKeyword.execute(ClickKeyword.groovy:67)
	at com.kms.katalon.core.keyword.internal.KeywordExecutor.executeKeywordForPlatform(KeywordExecutor.groovy:53)
	at com.kms.katalon.core.webui.keyword.WebUiBuiltInKeywords.click(WebUiBuiltInKeywords.groovy:616)
	at com.kms.katalon.core.webui.keyword.WebUiBuiltInKeywords$click$3.call(Unknown Source)
	at OTC_Submit Form 7_Section F-G-H - Cheque.run(OTC_Submit Form 7_Section F-G-H - Cheque:41)
	at com.kms.katalon.core.main.ScriptEngine.run(ScriptEngine.java:194)
	at com.kms.katalon.core.main.ScriptEngine.runScriptAsRawText(ScriptEngine.java:119)
	at com.kms.katalon.core.main.TestCaseExecutor.runScript(TestCaseExecutor.java:328)
	at com.kms.katalon.core.main.TestCaseExecutor.doExecute(TestCaseExecutor.java:319)
	at com.kms.katalon.core.main.TestCaseExecutor.processExecutionPhase(TestCaseExecutor.java:298)
	at com.kms.katalon.core.main.TestCaseExecutor.accessMainPhase(TestCaseExecutor.java:290)
	at com.kms.katalon.core.main.TestCaseExecutor.execute(TestCaseExecutor.java:224)
	at com.kms.katalon.core.main.TestCaseMain.runTestCase(TestCaseMain.java:106)
	at com.kms.katalon.core.keyword.builtin.CallTestCaseKeyword$_callTestCase_closure1.doCall(CallTestCaseKeyword.groovy:59)
	at com.kms.katalon.core.keyword.builtin.CallTestCaseKeyword$_callTestCase_closure1.call(CallTestCaseKeyword.groovy)
	at com.kms.katalon.core.keyword.internal.KeywordMain.runKeyword(KeywordMain.groovy:54)
	at com.kms.katalon.core.keyword.builtin.CallTestCaseKeyword.callTestCase(CallTestCaseKeyword.groovy:80)
	at com.kms.katalon.core.keyword.builtin.CallTestCaseKeyword.execute(CallTestCaseKeyword.groovy:44)
	at com.kms.katalon.core.keyword.internal.KeywordExecutor.executeKeywordForPlatform(KeywordExecutor.groovy:53)
	at com.kms.katalon.core.keyword.BuiltinKeywords.callTestCase(BuiltinKeywords.groovy:334)
	at OTC_Submit Form 7_End to End - Cheque.run(OTC_Submit Form 7_End to End - Cheque:26)
	at com.kms.katalon.core.main.ScriptEngine.run(ScriptEngine.java:194)
	at com.kms.katalon.core.main.ScriptEngine.runScriptAsRawText(ScriptEngine.java:119)
	at com.kms.katalon.core.main.TestCaseExecutor.runScript(TestCaseExecutor.java:328)
	at com.kms.katalon.core.main.TestCaseExecutor.doExecute(TestCaseExecutor.java:319)
	at com.kms.katalon.core.main.TestCaseExecutor.processExecutionPhase(TestCaseExecutor.java:298)
	at com.kms.katalon.core.main.TestCaseExecutor.accessMainPhase(TestCaseExecutor.java:290)
	at com.kms.katalon.core.main.TestCaseExecutor.execute(TestCaseExecutor.java:224)
	at com.kms.katalon.core.main.TestCaseMain.runTestCase(TestCaseMain.java:106)
	at com.kms.katalon.core.keyword.builtin.CallTestCaseKeyword$_callTestCase_closure1.doCall(CallTestCaseKeyword.groovy:59)
	at com.kms.katalon.core.keyword.builtin.CallTestCaseKeyword$_callTestCase_closure1.call(CallTestCaseKeyword.groovy)
	at com.kms.katalon.core.keyword.internal.KeywordMain.runKeyword(KeywordMain.groovy:54)
	at com.kms.katalon.core.keyword.builtin.CallTestCaseKeyword.callTestCase(CallTestCaseKeyword.groovy:80)
	at com.kms.katalon.core.keyword.builtin.CallTestCaseKeyword.execute(CallTestCaseKeyword.groovy:44)
	at com.kms.katalon.core.keyword.internal.KeywordExecutor.executeKeywordForPlatform(KeywordExecutor.groovy:53)
	at com.kms.katalon.core.keyword.BuiltinKeywords.callTestCase(BuiltinKeywords.groovy:334)
	at Approve Application - RIA.run(Approve Application - RIA:16)
	at com.kms.katalon.core.main.ScriptEngine.run(ScriptEngine.java:194)
	at com.kms.katalon.core.main.ScriptEngine.runScriptAsRawText(ScriptEngine.java:119)
	at com.kms.katalon.core.main.TestCaseExecutor.runScript(TestCaseExecutor.java:328)
	at com.kms.katalon.core.main.TestCaseExecutor.doExecute(TestCaseExecutor.java:319)
	at com.kms.katalon.core.main.TestCaseExecutor.processExecutionPhase(TestCaseExecutor.java:298)
	at com.kms.katalon.core.main.TestCaseExecutor.accessMainPhase(TestCaseExecutor.java:290)
	at com.kms.katalon.core.main.TestCaseExecutor.execute(TestCaseExecutor.java:224)
	at com.kms.katalon.core.main.TestSuiteExecutor.accessTestCaseMainPhase(TestSuiteExecutor.java:129)
	at com.kms.katalon.core.main.TestSuiteExecutor.accessTestSuiteMainPhase(TestSuiteExecutor.java:112)
	at com.kms.katalon.core.main.TestSuiteExecutor.execute(TestSuiteExecutor.java:81)
	at com.kms.katalon.core.main.TestCaseMain.startTestSuite(TestCaseMain.java:149)
	at com.kms.katalon.core.main.TestCaseMain$startTestSuite$0.call(Unknown Source)
	at TempTestSuite1550652525208.run(TempTestSuite1550652525208.groovy:36)


2019-02-20 19:53:22 - [TEST_STEP][FAILED] - callTestCase(findTestCase("All TC/Arranged/2. Segment/OTC_Submit Form 7_End to End - Cheque"), [:], STOP_ON_FAILURE): callTestCase(findTestCase("All TC/Arranged/2. Segment/OTC_Submit Form 7_End to End - Cheque"), [:], STOP_ON_FAILURE) FAILED.
Reason:
com.kms.katalon.core.exception.StepFailedException: Unable to click on object 'Object Repository/KeatMun/Form 7_default/OTC_Submit Form 7_Section F-G-H/Page_PERKESO/G2. span_Isteri' (Root cause: com.kms.katalon.core.webui.exception.WebElementNotFoundException: Web element with id: 'Object Repository/KeatMun/Form 7_default/OTC_Submit Form 7_Section F-G-H/Page_PERKESO/G2. span_Isteri' located by 'By.xpath: //span[@id = 'select2-dependentList0dependentRelationId-container' and @title = 'Isteri' and (text() = 'Isteri' or . = 'Isteri')]' not found)
	at com.kms.katalon.core.keyword.internal.KeywordMain.stepFailed(KeywordMain.groovy:36)
	at com.kms.katalon.core.webui.keyword.internal.WebUIKeywordMain.stepFailed(WebUIKeywordMain.groovy:65)
	at com.kms.katalon.core.webui.keyword.internal.WebUIKeywordMain.runKeyword(WebUIKeywordMain.groovy:27)
	at com.kms.katalon.core.webui.keyword.builtin.ClickKeyword.click(ClickKeyword.groovy:86)
	at com.kms.katalon.core.webui.keyword.builtin.ClickKeyword.execute(ClickKeyword.groovy:67)
	at com.kms.katalon.core.keyword.internal.KeywordExecutor.executeKeywordForPlatform(KeywordExecutor.groovy:53)
	at com.kms.katalon.core.webui.keyword.WebUiBuiltInKeywords.click(WebUiBuiltInKeywords.groovy:616)
	at com.kms.katalon.core.webui.keyword.WebUiBuiltInKeywords$click$3.call(Unknown Source)
	at OTC_Submit Form 7_Section F-G-H - Cheque.run(OTC_Submit Form 7_Section F-G-H - Cheque:41)
	at com.kms.katalon.core.main.ScriptEngine.run(ScriptEngine.java:194)
	at com.kms.katalon.core.main.ScriptEngine.runScriptAsRawText(ScriptEngine.java:119)
	at com.kms.katalon.core.main.TestCaseExecutor.runScript(TestCaseExecutor.java:328)
	at com.kms.katalon.core.main.TestCaseExecutor.doExecute(TestCaseExecutor.java:319)
	at com.kms.katalon.core.main.TestCaseExecutor.processExecutionPhase(TestCaseExecutor.java:298)
	at com.kms.katalon.core.main.TestCaseExecutor.accessMainPhase(TestCaseExecutor.java:290)
	at com.kms.katalon.core.main.TestCaseExecutor.execute(TestCaseExecutor.java:224)
	at com.kms.katalon.core.main.TestCaseMain.runTestCase(TestCaseMain.java:106)
	at com.kms.katalon.core.keyword.builtin.CallTestCaseKeyword$_callTestCase_closure1.doCall(CallTestCaseKeyword.groovy:59)
	at com.kms.katalon.core.keyword.builtin.CallTestCaseKeyword$_callTestCase_closure1.call(CallTestCaseKeyword.groovy)
	at com.kms.katalon.core.keyword.internal.KeywordMain.runKeyword(KeywordMain.groovy:54)
	at com.kms.katalon.core.keyword.builtin.CallTestCaseKeyword.callTestCase(CallTestCaseKeyword.groovy:80)
	at com.kms.katalon.core.keyword.builtin.CallTestCaseKeyword.execute(CallTestCaseKeyword.groovy:44)
	at com.kms.katalon.core.keyword.internal.KeywordExecutor.executeKeywordForPlatform(KeywordExecutor.groovy:53)
	at com.kms.katalon.core.keyword.BuiltinKeywords.callTestCase(BuiltinKeywords.groovy:334)
	at OTC_Submit Form 7_End to End - Cheque.run(OTC_Submit Form 7_End to End - Cheque:26)
	at com.kms.katalon.core.main.ScriptEngine.run(ScriptEngine.java:194)
	at com.kms.katalon.core.main.ScriptEngine.runScriptAsRawText(ScriptEngine.java:119)
	at com.kms.katalon.core.main.TestCaseExecutor.runScript(TestCaseExecutor.java:328)
	at com.kms.katalon.core.main.TestCaseExecutor.doExecute(TestCaseExecutor.java:319)
	at com.kms.katalon.core.main.TestCaseExecutor.processExecutionPhase(TestCaseExecutor.java:298)
	at com.kms.katalon.core.main.TestCaseExecutor.accessMainPhase(TestCaseExecutor.java:290)
	at com.kms.katalon.core.main.TestCaseExecutor.execute(TestCaseExecutor.java:224)
	at com.kms.katalon.core.main.TestCaseMain.runTestCase(TestCaseMain.java:106)
	at com.kms.katalon.core.keyword.builtin.CallTestCaseKeyword$_callTestCase_closure1.doCall(CallTestCaseKeyword.groovy:59)
	at com.kms.katalon.core.keyword.builtin.CallTestCaseKeyword$_callTestCase_closure1.call(CallTestCaseKeyword.groovy)
	at com.kms.katalon.core.keyword.internal.KeywordMain.runKeyword(KeywordMain.groovy:54)
	at com.kms.katalon.core.keyword.builtin.CallTestCaseKeyword.callTestCase(CallTestCaseKeyword.groovy:80)
	at com.kms.katalon.core.keyword.builtin.CallTestCaseKeyword.execute(CallTestCaseKeyword.groovy:44)
	at com.kms.katalon.core.keyword.internal.KeywordExecutor.executeKeywordForPlatform(KeywordExecutor.groovy:53)
	at com.kms.katalon.core.keyword.BuiltinKeywords.callTestCase(BuiltinKeywords.groovy:334)
	at Approve Application - RIA.run(Approve Application - RIA:16)
	at com.kms.katalon.core.main.ScriptEngine.run(ScriptEngine.java:194)
	at com.kms.katalon.core.main.ScriptEngine.runScriptAsRawText(ScriptEngine.java:119)
	at com.kms.katalon.core.main.TestCaseExecutor.runScript(TestCaseExecutor.java:328)
	at com.kms.katalon.core.main.TestCaseExecutor.doExecute(TestCaseExecutor.java:319)
	at com.kms.katalon.core.main.TestCaseExecutor.processExecutionPhase(TestCaseExecutor.java:298)
	at com.kms.katalon.core.main.TestCaseExecutor.accessMainPhase(TestCaseExecutor.java:290)
	at com.kms.katalon.core.main.TestCaseExecutor.execute(TestCaseExecutor.java:224)
	at com.kms.katalon.core.main.TestSuiteExecutor.accessTestCaseMainPhase(TestSuiteExecutor.java:129)
	at com.kms.katalon.core.main.TestSuiteExecutor.accessTestSuiteMainPhase(TestSuiteExecutor.java:112)
	at com.kms.katalon.core.main.TestSuiteExecutor.execute(TestSuiteExecutor.java:81)
	at com.kms.katalon.core.main.TestCaseMain.startTestSuite(TestCaseMain.java:149)
	at com.kms.katalon.core.main.TestCaseMain$startTestSuite$0.call(Unknown Source)
	at TempTestSuite1550652525208.run(TempTestSuite1550652525208.groovy:36)


2019-02-20 19:53:22 - [TEST_CASE][FAILED] - Test Cases/All TC/Arranged/2. Segment/OTC_Submit Form 7_End to End - Cheque: Test Cases/All TC/Arranged/2. Segment/OTC_Submit Form 7_End to End - Cheque FAILED.
Reason:
com.kms.katalon.core.exception.StepFailedException: Unable to click on object 'Object Repository/KeatMun/Form 7_default/OTC_Submit Form 7_Section F-G-H/Page_PERKESO/G2. span_Isteri' (Root cause: com.kms.katalon.core.webui.exception.WebElementNotFoundException: Web element with id: 'Object Repository/KeatMun/Form 7_default/OTC_Submit Form 7_Section F-G-H/Page_PERKESO/G2. span_Isteri' located by 'By.xpath: //span[@id = 'select2-dependentList0dependentRelationId-container' and @title = 'Isteri' and (text() = 'Isteri' or . = 'Isteri')]' not found)
	at com.kms.katalon.core.keyword.internal.KeywordMain.stepFailed(KeywordMain.groovy:36)
	at com.kms.katalon.core.webui.keyword.internal.WebUIKeywordMain.stepFailed(WebUIKeywordMain.groovy:65)
	at com.kms.katalon.core.webui.keyword.internal.WebUIKeywordMain.runKeyword(WebUIKeywordMain.groovy:27)
	at com.kms.katalon.core.webui.keyword.builtin.ClickKeyword.click(ClickKeyword.groovy:86)
	at com.kms.katalon.core.webui.keyword.builtin.ClickKeyword.execute(ClickKeyword.groovy:67)
	at com.kms.katalon.core.keyword.internal.KeywordExecutor.executeKeywordForPlatform(KeywordExecutor.groovy:53)
	at com.kms.katalon.core.webui.keyword.WebUiBuiltInKeywords.click(WebUiBuiltInKeywords.groovy:616)
	at com.kms.katalon.core.webui.keyword.WebUiBuiltInKeywords$click$3.call(Unknown Source)
	at OTC_Submit Form 7_Section F-G-H - Cheque.run(OTC_Submit Form 7_Section F-G-H - Cheque:41)
	at com.kms.katalon.core.main.ScriptEngine.run(ScriptEngine.java:194)
	at com.kms.katalon.core.main.ScriptEngine.runScriptAsRawText(ScriptEngine.java:119)
	at com.kms.katalon.core.main.TestCaseExecutor.runScript(TestCaseExecutor.java:328)
	at com.kms.katalon.core.main.TestCaseExecutor.doExecute(TestCaseExecutor.java:319)
	at com.kms.katalon.core.main.TestCaseExecutor.processExecutionPhase(TestCaseExecutor.java:298)
	at com.kms.katalon.core.main.TestCaseExecutor.accessMainPhase(TestCaseExecutor.java:290)
	at com.kms.katalon.core.main.TestCaseExecutor.execute(TestCaseExecutor.java:224)
	at com.kms.katalon.core.main.TestCaseMain.runTestCase(TestCaseMain.java:106)
	at com.kms.katalon.core.keyword.builtin.CallTestCaseKeyword$_callTestCase_closure1.doCall(CallTestCaseKeyword.groovy:59)
	at com.kms.katalon.core.keyword.builtin.CallTestCaseKeyword$_callTestCase_closure1.call(CallTestCaseKeyword.groovy)
	at com.kms.katalon.core.keyword.internal.KeywordMain.runKeyword(KeywordMain.groovy:54)
	at com.kms.katalon.core.keyword.builtin.CallTestCaseKeyword.callTestCase(CallTestCaseKeyword.groovy:80)
	at com.kms.katalon.core.keyword.builtin.CallTestCaseKeyword.execute(CallTestCaseKeyword.groovy:44)
	at com.kms.katalon.core.keyword.internal.KeywordExecutor.executeKeywordForPlatform(KeywordExecutor.groovy:53)
	at com.kms.katalon.core.keyword.BuiltinKeywords.callTestCase(BuiltinKeywords.groovy:334)
	at OTC_Submit Form 7_End to End - Cheque.run(OTC_Submit Form 7_End to End - Cheque:26)
	at com.kms.katalon.core.main.ScriptEngine.run(ScriptEngine.java:194)
	at com.kms.katalon.core.main.ScriptEngine.runScriptAsRawText(ScriptEngine.java:119)
	at com.kms.katalon.core.main.TestCaseExecutor.runScript(TestCaseExecutor.java:328)
	at com.kms.katalon.core.main.TestCaseExecutor.doExecute(TestCaseExecutor.java:319)
	at com.kms.katalon.core.main.TestCaseExecutor.processExecutionPhase(TestCaseExecutor.java:298)
	at com.kms.katalon.core.main.TestCaseExecutor.accessMainPhase(TestCaseExecutor.java:290)
	at com.kms.katalon.core.main.TestCaseExecutor.execute(TestCaseExecutor.java:224)
	at com.kms.katalon.core.main.TestCaseMain.runTestCase(TestCaseMain.java:106)
	at com.kms.katalon.core.keyword.builtin.CallTestCaseKeyword$_callTestCase_closure1.doCall(CallTestCaseKeyword.groovy:59)
	at com.kms.katalon.core.keyword.builtin.CallTestCaseKeyword$_callTestCase_closure1.call(CallTestCaseKeyword.groovy)
	at com.kms.katalon.core.keyword.internal.KeywordMain.runKeyword(KeywordMain.groovy:54)
	at com.kms.katalon.core.keyword.builtin.CallTestCaseKeyword.callTestCase(CallTestCaseKeyword.groovy:80)
	at com.kms.katalon.core.keyword.builtin.CallTestCaseKeyword.execute(CallTestCaseKeyword.groovy:44)
	at com.kms.katalon.core.keyword.internal.KeywordExecutor.executeKeywordForPlatform(KeywordExecutor.groovy:53)
	at com.kms.katalon.core.keyword.BuiltinKeywords.callTestCase(BuiltinKeywords.groovy:334)
	at Approve Application - RIA.run(Approve Application - RIA:16)
	at com.kms.katalon.core.main.ScriptEngine.run(ScriptEngine.java:194)
	at com.kms.katalon.core.main.ScriptEngine.runScriptAsRawText(ScriptEngine.java:119)
	at com.kms.katalon.core.main.TestCaseExecutor.runScript(TestCaseExecutor.java:328)
	at com.kms.katalon.core.main.TestCaseExecutor.doExecute(TestCaseExecutor.java:319)
	at com.kms.katalon.core.main.TestCaseExecutor.processExecutionPhase(TestCaseExecutor.java:298)
	at com.kms.katalon.core.main.TestCaseExecutor.accessMainPhase(TestCaseExecutor.java:290)
	at com.kms.katalon.core.main.TestCaseExecutor.execute(TestCaseExecutor.java:224)
	at com.kms.katalon.core.main.TestSuiteExecutor.accessTestCaseMainPhase(TestSuiteExecutor.java:129)
	at com.kms.katalon.core.main.TestSuiteExecutor.accessTestSuiteMainPhase(TestSuiteExecutor.java:112)
	at com.kms.katalon.core.main.TestSuiteExecutor.execute(TestSuiteExecutor.java:81)
	at com.kms.katalon.core.main.TestCaseMain.startTestSuite(TestCaseMain.java:149)
	at com.kms.katalon.core.main.TestCaseMain$startTestSuite$0.call(Unknown Source)
	at TempTestSuite1550652525208.run(TempTestSuite1550652525208.groovy:36)


2019-02-20 19:53:22 - [TEST_STEP][PASSED] - callTestCase(findTestCase("All TC/Arranged/3. Unit/EI/Form 7_default/OTC_Application_Reg"), [:], STOP_ON_FAILURE): Call Test Case 'Test Cases/All TC/Arranged/3. Unit/EI/Form 7_default/OTC_Application_Reg' successfully

2019-02-20 19:53:22 - [TEST_CASE][PASSED] - Test Cases/All TC/Arranged/3. Unit/EI/Form 7_default/OTC_Application_Reg: Test Cases/All TC/Arranged/3. Unit/EI/Form 7_default/OTC_Application_Reg

2019-02-20 19:53:22 - [TEST_STEP][PASSED] - openBrowser(""): Browser is opened with url: ''

2019-02-20 19:53:22 - [MESSAGE][WARNING] - A browser is already opened. Closing browser and opening a new one

2019-02-20 19:53:24 - [MESSAGE][INFO] - Starting 'Chrome' driver

2019-02-20 19:53:24 - [MESSAGE][INFO] - User set preference: ['args', '[--start-maximized]']

2019-02-20 19:53:28 - [MESSAGE][PASSED] - Browser is opened with url: ''

2019-02-20 19:53:28 - [TEST_STEP][PASSED] - navigateToUrl(Internal_Login): Navigate to 'http://10.20.24.188/eisportal/user/login' successfully

2019-02-20 19:53:30 - [MESSAGE][PASSED] - Navigate to 'http://10.20.24.188/eisportal/user/login' successfully

2019-02-20 19:53:30 - [TEST_STEP][PASSED] - delay(3): Delayed 3 second(s)

2019-02-20 19:53:33 - [MESSAGE][PASSED] - Delayed 3 second(s)

2019-02-20 19:53:33 - [TEST_STEP][PASSED] - setText(findTestObject("KeatMun/Form 7_default/OTC_Application_Reg/Page_PERKESO/1.username"), "faizal.hamid@perkeso.gov.my"): Text 'faizal.hamid@perkeso.gov.my' is set on object 'Object Repository/KeatMun/Form 7_default/OTC_Application_Reg/Page_PERKESO/1.username'

2019-02-20 19:53:37 - [MESSAGE][PASSED] - Text 'faizal.hamid@perkeso.gov.my' is set on object 'Object Repository/KeatMun/Form 7_default/OTC_Application_Reg/Page_PERKESO/1.username'

2019-02-20 19:53:37 - [TEST_STEP][PASSED] - delay(1): Delayed 1 second(s)

2019-02-20 19:53:38 - [MESSAGE][PASSED] - Delayed 1 second(s)

2019-02-20 19:53:38 - [TEST_STEP][PASSED] - setEncryptedText(findTestObject("KeatMun/Form 7_default/OTC_Application_Reg/Page_PERKESO/2.password"), "CQqwFZlbeC8="): Text ****** has been set on object 'Object Repository/KeatMun/Form 7_default/OTC_Application_Reg/Page_PERKESO/2.password'

2019-02-20 19:53:41 - [MESSAGE][PASSED] - Text ****** has been set on object 'Object Repository/KeatMun/Form 7_default/OTC_Application_Reg/Page_PERKESO/2.password'

2019-02-20 19:53:41 - [TEST_STEP][PASSED] - delay(2): Delayed 2 second(s)

2019-02-20 19:53:43 - [MESSAGE][PASSED] - Delayed 2 second(s)

2019-02-20 19:53:43 - [TEST_STEP][PASSED] - click(findTestObject("KeatMun/Form 7_default/OTC_Application_Reg/Page_PERKESO/3.login button")): Object: 'Object Repository/KeatMun/Form 7_default/OTC_Application_Reg/Page_PERKESO/3.login button' is clicked on

2019-02-20 19:53:47 - [MESSAGE][PASSED] - Object: 'Object Repository/KeatMun/Form 7_default/OTC_Application_Reg/Page_PERKESO/3.login button' is clicked on

2019-02-20 19:53:47 - [TEST_STEP][PASSED] - delay(2): Delayed 2 second(s)

2019-02-20 19:53:49 - [MESSAGE][PASSED] - Delayed 2 second(s)

2019-02-20 19:53:49 - [TEST_STEP][PASSED] - click(findTestObject("KeatMun/Form 7_default/OTC_Application_Reg/Page_PERKESO/4. Permohonan tab")): Object: 'Object Repository/KeatMun/Form 7_default/OTC_Application_Reg/Page_PERKESO/4. Permohonan tab' is clicked on

2019-02-20 19:53:51 - [MESSAGE][PASSED] - Object: 'Object Repository/KeatMun/Form 7_default/OTC_Application_Reg/Page_PERKESO/4. Permohonan tab' is clicked on

2019-02-20 19:53:51 - [TEST_STEP][PASSED] - delay(2): Delayed 2 second(s)

2019-02-20 19:53:53 - [MESSAGE][PASSED] - Delayed 2 second(s)

2019-02-20 19:53:53 - [TEST_STEP][PASSED] - click(findTestObject("KeatMun/Form 7_default/OTC_Application_Reg/Page_PERKESO/5.button_Setuju")): Object: 'Object Repository/KeatMun/Form 7_default/OTC_Application_Reg/Page_PERKESO/5.button_Setuju' is clicked on

2019-02-20 19:53:56 - [MESSAGE][PASSED] - Object: 'Object Repository/KeatMun/Form 7_default/OTC_Application_Reg/Page_PERKESO/5.button_Setuju' is clicked on

2019-02-20 19:53:56 - [TEST_STEP][PASSED] - delay(2): Delayed 2 second(s)

2019-02-20 19:53:58 - [MESSAGE][PASSED] - Delayed 2 second(s)

2019-02-20 19:53:58 - [TEST_STEP][PASSED] - callTestCase(findTestCase("All TC/Arranged/1. Common/IC List Checker"), [:], STOP_ON_FAILURE): Call Test Case 'Test Cases/All TC/Arranged/1. Common/IC List Checker' successfully

2019-02-20 19:53:58 - [TEST_CASE][PASSED] - Test Cases/All TC/Arranged/1. Common/IC List Checker: Test Cases/All TC/Arranged/1. Common/IC List Checker

2019-02-20 19:53:58 - [TEST_STEP][PASSED] - counter = 0: null

2019-02-20 19:53:58 - [TEST_STEP][PASSED] - fis = new java.io.FileInputStream((internal.GlobalVariable.TextFilePathCommon + \IC.xlsx)): null

2019-02-20 19:53:58 - [TEST_STEP][PASSED] - workbook = new org.apache.poi.xssf.usermodel.XSSFWorkbook(fis): null

2019-02-20 19:53:58 - [TEST_STEP][PASSED] - sheet = workbook.getSheet("Sheet1"): null

2019-02-20 19:53:58 - [TEST_STEP][PASSED] - totalRow = sheet.getLastRowNum(): null

2019-02-20 19:53:58 - [TEST_STEP][PASSED] - out.println(totalRow): null

2019-02-20 19:53:58 - [TEST_STEP][PASSED] - row = sheet.getRow(counter): null

2019-02-20 19:53:58 - [TEST_STEP][PASSED] - cell = row.getCell(counter): null

2019-02-20 19:53:58 - [TEST_STEP][PASSED] - a = cell.getStringCellValue(): null

2019-02-20 19:53:58 - [TEST_STEP][PASSED] - IC = a: null

2019-02-20 19:53:58 - [TEST_STEP][PASSED] - out.println(IC): null

2019-02-20 19:53:58 - [TEST_STEP][PASSED] - callTestCase(findTestCase("All TC/Arranged/1. Common/1.2 Setter/Setter IC"), [:], STOP_ON_FAILURE): Call Test Case 'Test Cases/All TC/Arranged/1. Common/1.2 Setter/Setter IC' successfully

2019-02-20 19:53:58 - [TEST_CASE][PASSED] - Test Cases/All TC/Arranged/1. Common/1.2 Setter/Setter IC: Test Cases/All TC/Arranged/1. Common/1.2 Setter/Setter IC

2019-02-20 19:53:58 - [TEST_STEP][PASSED] - RefNoOldFile = new java.io.File((internal.GlobalVariable.TextFilePathCommon + \getIC.txt)): null

2019-02-20 19:53:58 - [TEST_STEP][PASSED] - RefNoOldFile.delete(): null

2019-02-20 19:53:58 - [TEST_STEP][PASSED] - delay(5): Delayed 5 second(s)

2019-02-20 19:54:03 - [MESSAGE][PASSED] - Delayed 5 second(s)

2019-02-20 19:54:03 - [TEST_STEP][PASSED] - RefNo = new java.io.File((internal.GlobalVariable.TextFilePathCommon + \getIC.txt)): null

2019-02-20 19:54:03 - [TEST_STEP][PASSED] - f2 = new java.io.FileWriter(RefNo, false): null

2019-02-20 19:54:03 - [TEST_STEP][PASSED] - f2.write(IC): null

2019-02-20 19:54:03 - [TEST_STEP][PASSED] - f2.close(): null

2019-02-20 19:54:03 - [TEST_STEP][PASSED] - out.println("


" + IC + "


"): null

2019-02-20 19:54:03 - [MESSAGE][PASSED] - Call Test Case 'Test Cases/All TC/Arranged/1. Common/1.2 Setter/Setter IC' successfully

2019-02-20 19:54:03 - [MESSAGE][PASSED] - Call Test Case 'Test Cases/All TC/Arranged/1. Common/IC List Checker' successfully

2019-02-20 19:54:03 - [TEST_STEP][PASSED] - setText(findTestObject("KeatMun/Form 7_default/OTC_Application_Reg/Page_PERKESO/6.No. Kad Pengenalan"), IC): Text '861023436638' is set on object 'Object Repository/KeatMun/Form 7_default/OTC_Application_Reg/Page_PERKESO/6.No. Kad Pengenalan'

2019-02-20 19:54:08 - [MESSAGE][PASSED] - Text '861023436638' is set on object 'Object Repository/KeatMun/Form 7_default/OTC_Application_Reg/Page_PERKESO/6.No. Kad Pengenalan'

2019-02-20 19:54:08 - [TEST_STEP][PASSED] - delay(2): Delayed 2 second(s)

2019-02-20 19:54:10 - [MESSAGE][PASSED] - Delayed 2 second(s)

2019-02-20 19:54:10 - [TEST_STEP][PASSED] - click(findTestObject("KeatMun/Form 7_default/OTC_Application_Reg/Page_PERKESO/7.button_Semak")): Object: 'Object Repository/KeatMun/Form 7_default/OTC_Application_Reg/Page_PERKESO/7.button_Semak' is clicked on

2019-02-20 19:54:12 - [MESSAGE][PASSED] - Object: 'Object Repository/KeatMun/Form 7_default/OTC_Application_Reg/Page_PERKESO/7.button_Semak' is clicked on

2019-02-20 19:54:12 - [TEST_STEP][PASSED] - delay(4): Delayed 4 second(s)

2019-02-20 19:54:16 - [MESSAGE][PASSED] - Delayed 4 second(s)

2019-02-20 19:54:16 - [TEST_STEP][PASSED] - click(findTestObject("KeatMun/Form 7_default/OTC_Application_Reg/Page_PERKESO/8. Nama Majikan Dropdown")): Object: 'Object Repository/KeatMun/Form 7_default/OTC_Application_Reg/Page_PERKESO/8. Nama Majikan Dropdown' is clicked on

2019-02-20 19:54:18 - [MESSAGE][PASSED] - Object: 'Object Repository/KeatMun/Form 7_default/OTC_Application_Reg/Page_PERKESO/8. Nama Majikan Dropdown' is clicked on

2019-02-20 19:54:18 - [TEST_STEP][PASSED] - setText(findTestObject("KeatMun/Form 7_default/OTC_Application_Reg/Page_PERKESO/8. LOE emp"), "pet"): Text 'pet' is set on object 'Object Repository/KeatMun/Form 7_default/OTC_Application_Reg/Page_PERKESO/8. LOE emp'

2019-02-20 19:54:22 - [MESSAGE][PASSED] - Text 'pet' is set on object 'Object Repository/KeatMun/Form 7_default/OTC_Application_Reg/Page_PERKESO/8. LOE emp'

2019-02-20 19:54:22 - [TEST_STEP][PASSED] - click(findTestObject("KeatMun/Form 7_default/OTC_Application_Reg/Page_PERKESO/8. PETRONAS")): Object: 'Object Repository/KeatMun/Form 7_default/OTC_Application_Reg/Page_PERKESO/8. PETRONAS' is clicked on

2019-02-20 19:54:24 - [MESSAGE][PASSED] - Object: 'Object Repository/KeatMun/Form 7_default/OTC_Application_Reg/Page_PERKESO/8. PETRONAS' is clicked on

2019-02-20 19:54:24 - [TEST_STEP][PASSED] - delay(2): Delayed 2 second(s)

2019-02-20 19:54:26 - [MESSAGE][PASSED] - Delayed 2 second(s)

2019-02-20 19:54:26 - [TEST_STEP][PASSED] - setText(findTestObject("KeatMun/Form 7_default/OTC_Application_Reg/Page_PERKESO/9.Tarikh kehilangan pkj"), "10/01/2019"): Text '10/01/2019' is set on object 'Object Repository/KeatMun/Form 7_default/OTC_Application_Reg/Page_PERKESO/9.Tarikh kehilangan pkj'

2019-02-20 19:54:31 - [MESSAGE][PASSED] - Text '10/01/2019' is set on object 'Object Repository/KeatMun/Form 7_default/OTC_Application_Reg/Page_PERKESO/9.Tarikh kehilangan pkj'

2019-02-20 19:54:31 - [TEST_STEP][PASSED] - delay(2): Delayed 2 second(s)

2019-02-20 19:54:33 - [MESSAGE][PASSED] - Delayed 2 second(s)

2019-02-20 19:54:33 - [TEST_STEP][PASSED] - click(findTestObject("KeatMun/Form 7_default/OTC_Application_Reg/Page_PERKESO/9. Date Picker Done Button ")): Object: 'Object Repository/KeatMun/Form 7_default/OTC_Application_Reg/Page_PERKESO/9. Date Picker Done Button ' is clicked on

2019-02-20 19:54:35 - [MESSAGE][PASSED] - Object: 'Object Repository/KeatMun/Form 7_default/OTC_Application_Reg/Page_PERKESO/9. Date Picker Done Button ' is clicked on

2019-02-20 19:54:35 - [TEST_STEP][PASSED] - delay(2): Delayed 2 second(s)

2019-02-20 19:54:37 - [MESSAGE][PASSED] - Delayed 2 second(s)

2019-02-20 19:54:37 - [TEST_STEP][PASSED] - click(findTestObject("KeatMun/Form 7_default/OTC_Application_Reg/Page_PERKESO/10.button_Mohon")): Object: 'Object Repository/KeatMun/Form 7_default/OTC_Application_Reg/Page_PERKESO/10.button_Mohon' is clicked on

2019-02-20 19:54:39 - [MESSAGE][PASSED] - Object: 'Object Repository/KeatMun/Form 7_default/OTC_Application_Reg/Page_PERKESO/10.button_Mohon' is clicked on

2019-02-20 19:54:39 - [TEST_STEP][PASSED] - delay(2): Delayed 2 second(s)

2019-02-20 19:54:41 - [MESSAGE][PASSED] - Delayed 2 second(s)

2019-02-20 19:54:41 - [TEST_STEP][PASSED] - setText(findTestObject("KeatMun/Form 7_default/OTC_Application_Reg/Page_PERKESO/11.Tarikh Terima_stampedDtS"), "10/01/2019"): Text '10/01/2019' is set on object 'Object Repository/KeatMun/Form 7_default/OTC_Application_Reg/Page_PERKESO/11.Tarikh Terima_stampedDtS'

2019-02-20 19:54:45 - [MESSAGE][PASSED] - Text '10/01/2019' is set on object 'Object Repository/KeatMun/Form 7_default/OTC_Application_Reg/Page_PERKESO/11.Tarikh Terima_stampedDtS'

2019-02-20 19:54:45 - [TEST_STEP][PASSED] - delay(2): Delayed 2 second(s)

2019-02-20 19:54:47 - [MESSAGE][PASSED] - Delayed 2 second(s)

2019-02-20 19:54:47 - [TEST_STEP][PASSED] - click(findTestObject("KeatMun/Form 7_default/OTC_Application_Reg/Page_PERKESO/11. Date Picker Done Button")): Object: 'Object Repository/KeatMun/Form 7_default/OTC_Application_Reg/Page_PERKESO/11. Date Picker Done Button' is clicked on

2019-02-20 19:54:49 - [MESSAGE][PASSED] - Object: 'Object Repository/KeatMun/Form 7_default/OTC_Application_Reg/Page_PERKESO/11. Date Picker Done Button' is clicked on

2019-02-20 19:54:49 - [TEST_STEP][PASSED] - delay(2): Delayed 2 second(s)

2019-02-20 19:54:51 - [MESSAGE][PASSED] - Delayed 2 second(s)

2019-02-20 19:54:51 - [TEST_STEP][PASSED] - click(findTestObject("KeatMun/Form 7_default/OTC_Application_Reg/Page_PERKESO/11.button_TERUSKAN")): Object: 'Object Repository/KeatMun/Form 7_default/OTC_Application_Reg/Page_PERKESO/11.button_TERUSKAN' is clicked on

2019-02-20 19:54:53 - [MESSAGE][PASSED] - Object: 'Object Repository/KeatMun/Form 7_default/OTC_Application_Reg/Page_PERKESO/11.button_TERUSKAN' is clicked on

2019-02-20 19:54:53 - [TEST_STEP][PASSED] - delay(2): Delayed 2 second(s)

2019-02-20 19:54:55 - [MESSAGE][PASSED] - Delayed 2 second(s)

2019-02-20 19:54:55 - [TEST_STEP][PASSED] - selectOptionByValue(findTestObject("KeatMun/Form 7_default/OTC_Application_Reg/Page_PERKESO/12.--Sila Pilih--PejabatPKS"), "22", true): All options with value '22' are selected in object 'Object Repository/KeatMun/Form 7_default/OTC_Application_Reg/Page_PERKESO/12.--Sila Pilih--PejabatPKS'  using regular expression

2019-02-20 19:56:25 - [MESSAGE][PASSED] - All options with value '22' are selected in object 'Object Repository/KeatMun/Form 7_default/OTC_Application_Reg/Page_PERKESO/12.--Sila Pilih--PejabatPKS'  using regular expression

2019-02-20 19:56:25 - [TEST_STEP][PASSED] - delay(2): Delayed 2 second(s)

2019-02-20 19:56:27 - [MESSAGE][PASSED] - Delayed 2 second(s)

2019-02-20 19:56:27 - [TEST_STEP][PASSED] - click(findTestObject("KeatMun/Form 7_default/OTC_Application_Reg/Page_PERKESO/13. Halaman Seterusnya")): Object: 'Object Repository/KeatMun/Form 7_default/OTC_Application_Reg/Page_PERKESO/13. Halaman Seterusnya' is clicked on

2019-02-20 19:56:30 - [MESSAGE][PASSED] - Object: 'Object Repository/KeatMun/Form 7_default/OTC_Application_Reg/Page_PERKESO/13. Halaman Seterusnya' is clicked on

2019-02-20 19:56:30 - [MESSAGE][PASSED] - Call Test Case 'Test Cases/All TC/Arranged/3. Unit/EI/Form 7_default/OTC_Application_Reg' successfully

2019-02-20 19:56:30 - [TEST_STEP][PASSED] - callTestCase(findTestCase("All TC/Arranged/3. Unit/EI/Form 7_default/OTC_Submit Form 7_Section A"), [:], STOP_ON_FAILURE): Call Test Case 'Test Cases/All TC/Arranged/3. Unit/EI/Form 7_default/OTC_Submit Form 7_Section A' successfully

2019-02-20 19:56:30 - [TEST_CASE][PASSED] - Test Cases/All TC/Arranged/3. Unit/EI/Form 7_default/OTC_Submit Form 7_Section A: Test Cases/All TC/Arranged/3. Unit/EI/Form 7_default/OTC_Submit Form 7_Section A

2019-02-20 19:56:30 - [TEST_STEP][PASSED] - delay(2): Delayed 2 second(s)

2019-02-20 19:56:32 - [MESSAGE][PASSED] - Delayed 2 second(s)

2019-02-20 19:56:32 - [TEST_STEP][PASSED] - setText(findTestObject("KeatMun/Form 7_default/OTC_Submit Form 7_Section A/Page_PERKESO/A4. EmployeeDob"), "10/01/2019"): Text '10/01/2019' is set on object 'Object Repository/KeatMun/Form 7_default/OTC_Submit Form 7_Section A/Page_PERKESO/A4. EmployeeDob'

2019-02-20 19:56:36 - [MESSAGE][PASSED] - Text '10/01/2019' is set on object 'Object Repository/KeatMun/Form 7_default/OTC_Submit Form 7_Section A/Page_PERKESO/A4. EmployeeDob'

2019-02-20 19:56:36 - [TEST_STEP][PASSED] - delay(2): Delayed 2 second(s)

2019-02-20 19:56:38 - [MESSAGE][PASSED] - Delayed 2 second(s)

2019-02-20 19:56:38 - [TEST_STEP][PASSED] - click(findTestObject("KeatMun/Form 7_default/OTC_Submit Form 7_Section A/Page_PERKESO/A5. Bangsa")): Object: 'Object Repository/KeatMun/Form 7_default/OTC_Submit Form 7_Section A/Page_PERKESO/A5. Bangsa' is clicked on

2019-02-20 19:56:40 - [MESSAGE][PASSED] - Object: 'Object Repository/KeatMun/Form 7_default/OTC_Submit Form 7_Section A/Page_PERKESO/A5. Bangsa' is clicked on

2019-02-20 19:56:40 - [TEST_STEP][PASSED] - click(findTestObject("KeatMun/Form 7_default/OTC_Submit Form 7_Section A/Page_PERKESO/A5. Bumiputera Sabah")): Object: 'Object Repository/KeatMun/Form 7_default/OTC_Submit Form 7_Section A/Page_PERKESO/A5. Bumiputera Sabah' is clicked on

2019-02-20 19:56:42 - [MESSAGE][PASSED] - Object: 'Object Repository/KeatMun/Form 7_default/OTC_Submit Form 7_Section A/Page_PERKESO/A5. Bumiputera Sabah' is clicked on

2019-02-20 19:56:42 - [TEST_STEP][PASSED] - delay(2): Delayed 2 second(s)

2019-02-20 19:56:44 - [MESSAGE][PASSED] - Delayed 2 second(s)

2019-02-20 19:56:44 - [TEST_STEP][PASSED] - click(findTestObject("KeatMun/Form 7_default/OTC_Submit Form 7_Section A/Page_PERKESO/A6. Jantina")): Object: 'Object Repository/KeatMun/Form 7_default/OTC_Submit Form 7_Section A/Page_PERKESO/A6. Jantina' is clicked on

2019-02-20 19:56:46 - [MESSAGE][PASSED] - Object: 'Object Repository/KeatMun/Form 7_default/OTC_Submit Form 7_Section A/Page_PERKESO/A6. Jantina' is clicked on

2019-02-20 19:56:46 - [TEST_STEP][PASSED] - click(findTestObject("KeatMun/Form 7_default/OTC_Submit Form 7_Section A/Page_PERKESO/A6. Lelaki")): Object: 'Object Repository/KeatMun/Form 7_default/OTC_Submit Form 7_Section A/Page_PERKESO/A6. Lelaki' is clicked on

2019-02-20 19:56:49 - [MESSAGE][PASSED] - Object: 'Object Repository/KeatMun/Form 7_default/OTC_Submit Form 7_Section A/Page_PERKESO/A6. Lelaki' is clicked on

2019-02-20 19:56:49 - [TEST_STEP][PASSED] - delay(2): Delayed 2 second(s)

2019-02-20 19:56:51 - [MESSAGE][PASSED] - Delayed 2 second(s)

2019-02-20 19:56:51 - [TEST_STEP][PASSED] - click(findTestObject("KeatMun/Form 7_default/OTC_Submit Form 7_Section A/Page_PERKESO/A7. Kewarganegaraan")): Object: 'Object Repository/KeatMun/Form 7_default/OTC_Submit Form 7_Section A/Page_PERKESO/A7. Kewarganegaraan' is clicked on

2019-02-20 19:56:53 - [MESSAGE][PASSED] - Object: 'Object Repository/KeatMun/Form 7_default/OTC_Submit Form 7_Section A/Page_PERKESO/A7. Kewarganegaraan' is clicked on

2019-02-20 19:56:53 - [TEST_STEP][PASSED] - click(findTestObject("KeatMun/Form 7_default/OTC_Submit Form 7_Section A/Page_PERKESO/A7. Malaysia")): Object: 'Object Repository/KeatMun/Form 7_default/OTC_Submit Form 7_Section A/Page_PERKESO/A7. Malaysia' is clicked on

2019-02-20 19:56:55 - [MESSAGE][PASSED] - Object: 'Object Repository/KeatMun/Form 7_default/OTC_Submit Form 7_Section A/Page_PERKESO/A7. Malaysia' is clicked on

2019-02-20 19:56:55 - [TEST_STEP][PASSED] - delay(2): Delayed 2 second(s)

2019-02-20 19:56:57 - [MESSAGE][PASSED] - Delayed 2 second(s)

2019-02-20 19:56:57 - [TEST_STEP][PASSED] - click(findTestObject("KeatMun/Form 7_default/OTC_Submit Form 7_Section A/Page_PERKESO/A8. Status Perkahwinan")): Object: 'Object Repository/KeatMun/Form 7_default/OTC_Submit Form 7_Section A/Page_PERKESO/A8. Status Perkahwinan' is clicked on

2019-02-20 19:56:59 - [MESSAGE][PASSED] - Object: 'Object Repository/KeatMun/Form 7_default/OTC_Submit Form 7_Section A/Page_PERKESO/A8. Status Perkahwinan' is clicked on

2019-02-20 19:56:59 - [TEST_STEP][PASSED] - click(findTestObject("KeatMun/Form 7_default/OTC_Submit Form 7_Section A/Page_PERKESO/A8. Bujang")): Object: 'Object Repository/KeatMun/Form 7_default/OTC_Submit Form 7_Section A/Page_PERKESO/A8. Bujang' is clicked on

2019-02-20 19:57:01 - [MESSAGE][PASSED] - Object: 'Object Repository/KeatMun/Form 7_default/OTC_Submit Form 7_Section A/Page_PERKESO/A8. Bujang' is clicked on

2019-02-20 19:57:01 - [TEST_STEP][PASSED] - delay(2): Delayed 2 second(s)

2019-02-20 19:57:03 - [MESSAGE][PASSED] - Delayed 2 second(s)

2019-02-20 19:57:03 - [TEST_STEP][PASSED] - setText(findTestObject("KeatMun/Form 7_default/OTC_Submit Form 7_Section A/Page_PERKESO/A9. Address1"), "qwertyuiop"): Text 'qwertyuiop' is set on object 'Object Repository/KeatMun/Form 7_default/OTC_Submit Form 7_Section A/Page_PERKESO/A9. Address1'

2019-02-20 19:57:07 - [MESSAGE][PASSED] - Text 'qwertyuiop' is set on object 'Object Repository/KeatMun/Form 7_default/OTC_Submit Form 7_Section A/Page_PERKESO/A9. Address1'

2019-02-20 19:57:07 - [TEST_STEP][PASSED] - delay(2): Delayed 2 second(s)

2019-02-20 19:57:09 - [MESSAGE][PASSED] - Delayed 2 second(s)

2019-02-20 19:57:09 - [TEST_STEP][PASSED] - click(findTestObject("KeatMun/Form 7_default/OTC_Submit Form 7_Section A/Page_PERKESO/A10. Negeri")): Object: 'Object Repository/KeatMun/Form 7_default/OTC_Submit Form 7_Section A/Page_PERKESO/A10. Negeri' is clicked on

2019-02-20 19:57:12 - [MESSAGE][PASSED] - Object: 'Object Repository/KeatMun/Form 7_default/OTC_Submit Form 7_Section A/Page_PERKESO/A10. Negeri' is clicked on

2019-02-20 19:57:12 - [TEST_STEP][PASSED] - click(findTestObject("KeatMun/Form 7_default/OTC_Submit Form 7_Section A/Page_PERKESO/A10. JOHOR")): Object: 'Object Repository/KeatMun/Form 7_default/OTC_Submit Form 7_Section A/Page_PERKESO/A10. JOHOR' is clicked on

2019-02-20 19:57:14 - [MESSAGE][PASSED] - Object: 'Object Repository/KeatMun/Form 7_default/OTC_Submit Form 7_Section A/Page_PERKESO/A10. JOHOR' is clicked on

2019-02-20 19:57:14 - [TEST_STEP][PASSED] - delay(2): Delayed 2 second(s)

2019-02-20 19:57:16 - [MESSAGE][PASSED] - Delayed 2 second(s)

2019-02-20 19:57:16 - [TEST_STEP][PASSED] - click(findTestObject("KeatMun/Form 7_default/OTC_Submit Form 7_Section A/Page_PERKESO/A11. --Sila Pilih--")): Object: 'Object Repository/KeatMun/Form 7_default/OTC_Submit Form 7_Section A/Page_PERKESO/A11. --Sila Pilih--' is clicked on

2019-02-20 19:57:18 - [MESSAGE][PASSED] - Object: 'Object Repository/KeatMun/Form 7_default/OTC_Submit Form 7_Section A/Page_PERKESO/A11. --Sila Pilih--' is clicked on

2019-02-20 19:57:18 - [TEST_STEP][PASSED] - setText(findTestObject("KeatMun/Form 7_default/OTC_Submit Form 7_Section A/Page_PERKESO/A11. Done_select2-search__fie (1)"), "jo"): Text 'jo' is set on object 'Object Repository/KeatMun/Form 7_default/OTC_Submit Form 7_Section A/Page_PERKESO/A11. Done_select2-search__fie (1)'

2019-02-20 19:57:22 - [MESSAGE][PASSED] - Text 'jo' is set on object 'Object Repository/KeatMun/Form 7_default/OTC_Submit Form 7_Section A/Page_PERKESO/A11. Done_select2-search__fie (1)'

2019-02-20 19:57:22 - [TEST_STEP][PASSED] - setText(findTestObject("KeatMun/Form 7_default/OTC_Submit Form 7_Section A/Page_PERKESO/A11. concat(id(  select2-city"), "jo"): Text 'jo' is set on object 'Object Repository/KeatMun/Form 7_default/OTC_Submit Form 7_Section A/Page_PERKESO/A11. concat(id(  select2-city'

2019-02-20 19:57:26 - [MESSAGE][PASSED] - Text 'jo' is set on object 'Object Repository/KeatMun/Form 7_default/OTC_Submit Form 7_Section A/Page_PERKESO/A11. concat(id(  select2-city'

2019-02-20 19:57:26 - [TEST_STEP][PASSED] - click(findTestObject("KeatMun/Form 7_default/OTC_Submit Form 7_Section A/Page_PERKESO/A11. JOHOR BAHRU")): Object: 'Object Repository/KeatMun/Form 7_default/OTC_Submit Form 7_Section A/Page_PERKESO/A11. JOHOR BAHRU' is clicked on

2019-02-20 19:57:28 - [MESSAGE][PASSED] - Object: 'Object Repository/KeatMun/Form 7_default/OTC_Submit Form 7_Section A/Page_PERKESO/A11. JOHOR BAHRU' is clicked on

2019-02-20 19:57:28 - [TEST_STEP][PASSED] - delay(2): Delayed 2 second(s)

2019-02-20 19:57:30 - [MESSAGE][PASSED] - Delayed 2 second(s)

2019-02-20 19:57:30 - [TEST_STEP][PASSED] - click(findTestObject("KeatMun/Form 7_default/OTC_Submit Form 7_Section A/Page_PERKESO/A12. --Sila Isikan--")): Object: 'Object Repository/KeatMun/Form 7_default/OTC_Submit Form 7_Section A/Page_PERKESO/A12. --Sila Isikan--' is clicked on

2019-02-20 19:57:33 - [MESSAGE][PASSED] - Object: 'Object Repository/KeatMun/Form 7_default/OTC_Submit Form 7_Section A/Page_PERKESO/A12. --Sila Isikan--' is clicked on

2019-02-20 19:57:33 - [TEST_STEP][PASSED] - setText(findTestObject("KeatMun/Form 7_default/OTC_Submit Form 7_Section A/Page_PERKESO/A11. Done_select2-search__fie"), "84"): Text '84' is set on object 'Object Repository/KeatMun/Form 7_default/OTC_Submit Form 7_Section A/Page_PERKESO/A11. Done_select2-search__fie'

2019-02-20 19:57:37 - [MESSAGE][PASSED] - Text '84' is set on object 'Object Repository/KeatMun/Form 7_default/OTC_Submit Form 7_Section A/Page_PERKESO/A11. Done_select2-search__fie'

2019-02-20 19:57:37 - [TEST_STEP][PASSED] - click(findTestObject("KeatMun/Form 7_default/OTC_Submit Form 7_Section A/Page_PERKESO/A12. 84000")): Object: 'Object Repository/KeatMun/Form 7_default/OTC_Submit Form 7_Section A/Page_PERKESO/A12. 84000' is clicked on

2019-02-20 19:57:39 - [MESSAGE][PASSED] - Object: 'Object Repository/KeatMun/Form 7_default/OTC_Submit Form 7_Section A/Page_PERKESO/A12. 84000' is clicked on

2019-02-20 19:57:39 - [TEST_STEP][PASSED] - delay(2): Delayed 2 second(s)

2019-02-20 19:57:41 - [MESSAGE][PASSED] - Delayed 2 second(s)

2019-02-20 19:57:41 - [TEST_STEP][PASSED] - setText(findTestObject("KeatMun/Form 7_default/OTC_Submit Form 7_Section A/Page_PERKESO/A13. mobileContact1"), "1234567890"): Text '1234567890' is set on object 'Object Repository/KeatMun/Form 7_default/OTC_Submit Form 7_Section A/Page_PERKESO/A13. mobileContact1'

2019-02-20 19:57:45 - [MESSAGE][PASSED] - Text '1234567890' is set on object 'Object Repository/KeatMun/Form 7_default/OTC_Submit Form 7_Section A/Page_PERKESO/A13. mobileContact1'

2019-02-20 19:57:45 - [TEST_STEP][PASSED] - delay(2): Delayed 2 second(s)

2019-02-20 19:57:47 - [MESSAGE][PASSED] - Delayed 2 second(s)

2019-02-20 19:57:47 - [TEST_STEP][PASSED] - click(findTestObject("KeatMun/Form 7_default/OTC_Submit Form 7_Section A/Page_PERKESO/A14. Halaman Seterusnya")): Object: 'Object Repository/KeatMun/Form 7_default/OTC_Submit Form 7_Section A/Page_PERKESO/A14. Halaman Seterusnya' is clicked on

2019-02-20 19:57:49 - [MESSAGE][PASSED] - Object: 'Object Repository/KeatMun/Form 7_default/OTC_Submit Form 7_Section A/Page_PERKESO/A14. Halaman Seterusnya' is clicked on

2019-02-20 19:57:49 - [TEST_STEP][PASSED] - delay(2): Delayed 2 second(s)

2019-02-20 19:57:51 - [MESSAGE][PASSED] - Delayed 2 second(s)

2019-02-20 19:57:51 - [MESSAGE][PASSED] - Call Test Case 'Test Cases/All TC/Arranged/3. Unit/EI/Form 7_default/OTC_Submit Form 7_Section A' successfully

2019-02-20 19:57:51 - [TEST_STEP][PASSED] - callTestCase(findTestCase("All TC/Arranged/3. Unit/EI/Form 7_default/OTC_Submit Form 7_Section B"), [:], STOP_ON_FAILURE): Call Test Case 'Test Cases/All TC/Arranged/3. Unit/EI/Form 7_default/OTC_Submit Form 7_Section B' successfully

2019-02-20 19:57:51 - [TEST_CASE][PASSED] - Test Cases/All TC/Arranged/3. Unit/EI/Form 7_default/OTC_Submit Form 7_Section B: Test Cases/All TC/Arranged/3. Unit/EI/Form 7_default/OTC_Submit Form 7_Section B

2019-02-20 19:57:51 - [TEST_STEP][PASSED] - delay(3): Delayed 3 second(s)

2019-02-20 19:57:54 - [MESSAGE][PASSED] - Delayed 3 second(s)

2019-02-20 19:57:54 - [TEST_STEP][PASSED] - click(findTestObject("KeatMun/Form 7_default/OTC_Submit Form 7_Section B/Page_PERKESO/B1. Jawatan")): Object: 'Object Repository/KeatMun/Form 7_default/OTC_Submit Form 7_Section B/Page_PERKESO/B1. Jawatan' is clicked on

2019-02-20 19:57:57 - [MESSAGE][PASSED] - Object: 'Object Repository/KeatMun/Form 7_default/OTC_Submit Form 7_Section B/Page_PERKESO/B1. Jawatan' is clicked on

2019-02-20 19:57:57 - [TEST_STEP][PASSED] - setText(findTestObject("KeatMun/Form 7_default/OTC_Submit Form 7_Section B/Page_PERKESO/B1. concat(id(  select2-posi"), "re"): Text 're' is set on object 'Object Repository/KeatMun/Form 7_default/OTC_Submit Form 7_Section B/Page_PERKESO/B1. concat(id(  select2-posi'

2019-02-20 19:58:01 - [MESSAGE][PASSED] - Text 're' is set on object 'Object Repository/KeatMun/Form 7_default/OTC_Submit Form 7_Section B/Page_PERKESO/B1. concat(id(  select2-posi'

2019-02-20 19:58:01 - [TEST_STEP][PASSED] - setText(findTestObject("KeatMun/Form 7_default/OTC_Submit Form 7_Section B/Page_PERKESO/B1. Done_select2-search__fie"), "re"): Text 're' is set on object 'Object Repository/KeatMun/Form 7_default/OTC_Submit Form 7_Section B/Page_PERKESO/B1. Done_select2-search__fie'

2019-02-20 19:58:05 - [MESSAGE][PASSED] - Text 're' is set on object 'Object Repository/KeatMun/Form 7_default/OTC_Submit Form 7_Section B/Page_PERKESO/B1. Done_select2-search__fie'

2019-02-20 19:58:05 - [TEST_STEP][PASSED] - click(findTestObject("KeatMun/Form 7_default/OTC_Submit Form 7_Section B/Page_PERKESO/B1. Arkitek Reka Bentuk")): Object: 'Object Repository/KeatMun/Form 7_default/OTC_Submit Form 7_Section B/Page_PERKESO/B1. Arkitek Reka Bentuk' is clicked on

2019-02-20 19:58:07 - [MESSAGE][PASSED] - Object: 'Object Repository/KeatMun/Form 7_default/OTC_Submit Form 7_Section B/Page_PERKESO/B1. Arkitek Reka Bentuk' is clicked on

2019-02-20 19:58:07 - [TEST_STEP][PASSED] - delay(2): Delayed 2 second(s)

2019-02-20 19:58:09 - [MESSAGE][PASSED] - Delayed 2 second(s)

2019-02-20 19:58:09 - [TEST_STEP][PASSED] - setText(findTestObject("KeatMun/Form 7_default/OTC_Submit Form 7_Section B/Page_PERKESO/B2. lastEmploymentStartDtSt"), "10/01/2019"): Text '10/01/2019' is set on object 'Object Repository/KeatMun/Form 7_default/OTC_Submit Form 7_Section B/Page_PERKESO/B2. lastEmploymentStartDtSt'

2019-02-20 19:58:13 - [MESSAGE][PASSED] - Text '10/01/2019' is set on object 'Object Repository/KeatMun/Form 7_default/OTC_Submit Form 7_Section B/Page_PERKESO/B2. lastEmploymentStartDtSt'

2019-02-20 19:58:13 - [TEST_STEP][PASSED] - delay(2): Delayed 2 second(s)

2019-02-20 19:58:15 - [MESSAGE][PASSED] - Delayed 2 second(s)

2019-02-20 19:58:15 - [TEST_STEP][PASSED] - click(findTestObject("KeatMun/Form 7_default/OTC_Submit Form 7_Section B/Page_PERKESO/B4. Status Perkejaan")): Object: 'Object Repository/KeatMun/Form 7_default/OTC_Submit Form 7_Section B/Page_PERKESO/B4. Status Perkejaan' is clicked on

2019-02-20 19:58:17 - [MESSAGE][PASSED] - Object: 'Object Repository/KeatMun/Form 7_default/OTC_Submit Form 7_Section B/Page_PERKESO/B4. Status Perkejaan' is clicked on

2019-02-20 19:58:17 - [TEST_STEP][PASSED] - click(findTestObject("KeatMun/Form 7_default/OTC_Submit Form 7_Section B/Page_PERKESO/B4. Tetap")): Object: 'Object Repository/KeatMun/Form 7_default/OTC_Submit Form 7_Section B/Page_PERKESO/B4. Tetap' is clicked on

2019-02-20 19:58:20 - [MESSAGE][PASSED] - Object: 'Object Repository/KeatMun/Form 7_default/OTC_Submit Form 7_Section B/Page_PERKESO/B4. Tetap' is clicked on

2019-02-20 19:58:20 - [TEST_STEP][PASSED] - delay(2): Delayed 2 second(s)

2019-02-20 19:58:22 - [MESSAGE][PASSED] - Delayed 2 second(s)

2019-02-20 19:58:22 - [TEST_STEP][PASSED] - setText(findTestObject("KeatMun/Form 7_default/OTC_Submit Form 7_Section B/Page_PERKESO/B5. Gaji (RM)_salary1"), "4000"): Text '4000' is set on object 'Object Repository/KeatMun/Form 7_default/OTC_Submit Form 7_Section B/Page_PERKESO/B5. Gaji (RM)_salary1'

2019-02-20 19:58:26 - [MESSAGE][PASSED] - Text '4000' is set on object 'Object Repository/KeatMun/Form 7_default/OTC_Submit Form 7_Section B/Page_PERKESO/B5. Gaji (RM)_salary1'

2019-02-20 19:58:26 - [TEST_STEP][PASSED] - delay(2): Delayed 2 second(s)

2019-02-20 19:58:28 - [MESSAGE][PASSED] - Delayed 2 second(s)

2019-02-20 19:58:28 - [TEST_STEP][PASSED] - setText(findTestObject("KeatMun/Form 7_default/OTC_Submit Form 7_Section B/Page_PERKESO/B5. Gaji (RM)_salary2"), "4000"): Text '4000' is set on object 'Object Repository/KeatMun/Form 7_default/OTC_Submit Form 7_Section B/Page_PERKESO/B5. Gaji (RM)_salary2'

2019-02-20 19:58:32 - [MESSAGE][PASSED] - Text '4000' is set on object 'Object Repository/KeatMun/Form 7_default/OTC_Submit Form 7_Section B/Page_PERKESO/B5. Gaji (RM)_salary2'

2019-02-20 19:58:32 - [TEST_STEP][PASSED] - delay(2): Delayed 2 second(s)

2019-02-20 19:58:34 - [MESSAGE][PASSED] - Delayed 2 second(s)

2019-02-20 19:58:34 - [TEST_STEP][PASSED] - setText(findTestObject("KeatMun/Form 7_default/OTC_Submit Form 7_Section B/Page_PERKESO/B5. Gaji (RM)_salary3"), "4000"): Text '4000' is set on object 'Object Repository/KeatMun/Form 7_default/OTC_Submit Form 7_Section B/Page_PERKESO/B5. Gaji (RM)_salary3'

2019-02-20 19:58:38 - [MESSAGE][PASSED] - Text '4000' is set on object 'Object Repository/KeatMun/Form 7_default/OTC_Submit Form 7_Section B/Page_PERKESO/B5. Gaji (RM)_salary3'

2019-02-20 19:58:38 - [TEST_STEP][PASSED] - delay(2): Delayed 2 second(s)

2019-02-20 19:58:40 - [MESSAGE][PASSED] - Delayed 2 second(s)

2019-02-20 19:58:40 - [TEST_STEP][PASSED] - setText(findTestObject("KeatMun/Form 7_default/OTC_Submit Form 7_Section B/Page_PERKESO/B5. Gaji (RM)_salary4"), "4000"): Text '4000' is set on object 'Object Repository/KeatMun/Form 7_default/OTC_Submit Form 7_Section B/Page_PERKESO/B5. Gaji (RM)_salary4'

2019-02-20 19:58:44 - [MESSAGE][PASSED] - Text '4000' is set on object 'Object Repository/KeatMun/Form 7_default/OTC_Submit Form 7_Section B/Page_PERKESO/B5. Gaji (RM)_salary4'

2019-02-20 19:58:44 - [TEST_STEP][PASSED] - delay(2): Delayed 2 second(s)

2019-02-20 19:58:46 - [MESSAGE][PASSED] - Delayed 2 second(s)

2019-02-20 19:58:46 - [TEST_STEP][PASSED] - setText(findTestObject("KeatMun/Form 7_default/OTC_Submit Form 7_Section B/Page_PERKESO/B5. Gaji (RM)_salary5"), "4000"): Text '4000' is set on object 'Object Repository/KeatMun/Form 7_default/OTC_Submit Form 7_Section B/Page_PERKESO/B5. Gaji (RM)_salary5'

2019-02-20 19:58:51 - [MESSAGE][PASSED] - Text '4000' is set on object 'Object Repository/KeatMun/Form 7_default/OTC_Submit Form 7_Section B/Page_PERKESO/B5. Gaji (RM)_salary5'

2019-02-20 19:58:51 - [TEST_STEP][PASSED] - delay(2): Delayed 2 second(s)

2019-02-20 19:58:53 - [MESSAGE][PASSED] - Delayed 2 second(s)

2019-02-20 19:58:53 - [TEST_STEP][PASSED] - setText(findTestObject("KeatMun/Form 7_default/OTC_Submit Form 7_Section B/Page_PERKESO/B5. Gaji (RM)_salary6"), "4000"): Text '4000' is set on object 'Object Repository/KeatMun/Form 7_default/OTC_Submit Form 7_Section B/Page_PERKESO/B5. Gaji (RM)_salary6'

2019-02-20 19:58:57 - [MESSAGE][PASSED] - Text '4000' is set on object 'Object Repository/KeatMun/Form 7_default/OTC_Submit Form 7_Section B/Page_PERKESO/B5. Gaji (RM)_salary6'

2019-02-20 19:58:57 - [TEST_STEP][PASSED] - delay(2): Delayed 2 second(s)

2019-02-20 19:58:59 - [MESSAGE][PASSED] - Delayed 2 second(s)

2019-02-20 19:58:59 - [TEST_STEP][PASSED] - click(findTestObject("KeatMun/Form 7_default/OTC_Submit Form 7_Section B/Page_PERKESO/B6. Reason JobLost")): Object: 'Object Repository/KeatMun/Form 7_default/OTC_Submit Form 7_Section B/Page_PERKESO/B6. Reason JobLost' is clicked on

2019-02-20 19:59:01 - [MESSAGE][PASSED] - Object: 'Object Repository/KeatMun/Form 7_default/OTC_Submit Form 7_Section B/Page_PERKESO/B6. Reason JobLost' is clicked on

2019-02-20 19:59:01 - [TEST_STEP][PASSED] - click(findTestObject("KeatMun/Form 7_default/OTC_Submit Form 7_Section B/Page_PERKESO/B6. Bencana alam (cth banjir ke")): Object: 'Object Repository/KeatMun/Form 7_default/OTC_Submit Form 7_Section B/Page_PERKESO/B6. Bencana alam (cth banjir ke' is clicked on

2019-02-20 19:59:03 - [MESSAGE][PASSED] - Object: 'Object Repository/KeatMun/Form 7_default/OTC_Submit Form 7_Section B/Page_PERKESO/B6. Bencana alam (cth banjir ke' is clicked on

2019-02-20 19:59:03 - [TEST_STEP][PASSED] - delay(3): Delayed 3 second(s)

2019-02-20 19:59:06 - [MESSAGE][PASSED] - Delayed 3 second(s)

2019-02-20 19:59:06 - [TEST_STEP][PASSED] - setText(findTestObject("KeatMun/Form 7_default/OTC_Submit Form 7_Section B/Page_PERKESO/B7. AverageWorkingHour"), "8"): Text '8' is set on object 'Object Repository/KeatMun/Form 7_default/OTC_Submit Form 7_Section B/Page_PERKESO/B7. AverageWorkingHour'

2019-02-20 19:59:10 - [MESSAGE][PASSED] - Text '8' is set on object 'Object Repository/KeatMun/Form 7_default/OTC_Submit Form 7_Section B/Page_PERKESO/B7. AverageWorkingHour'

2019-02-20 19:59:10 - [TEST_STEP][PASSED] - delay(2): Delayed 2 second(s)

2019-02-20 19:59:12 - [MESSAGE][PASSED] - Delayed 2 second(s)

2019-02-20 19:59:12 - [TEST_STEP][PASSED] - click(findTestObject("KeatMun/Form 7_default/OTC_Submit Form 7_Section B/Page_PERKESO/B8. Tidak_compensationInd")): Object: 'Object Repository/KeatMun/Form 7_default/OTC_Submit Form 7_Section B/Page_PERKESO/B8. Tidak_compensationInd' is clicked on

2019-02-20 19:59:14 - [MESSAGE][PASSED] - Object: 'Object Repository/KeatMun/Form 7_default/OTC_Submit Form 7_Section B/Page_PERKESO/B8. Tidak_compensationInd' is clicked on

2019-02-20 19:59:14 - [TEST_STEP][PASSED] - delay(1): Delayed 1 second(s)

2019-02-20 19:59:15 - [MESSAGE][PASSED] - Delayed 1 second(s)

2019-02-20 19:59:15 - [TEST_STEP][PASSED] - click(findTestObject("KeatMun/Form 7_default/OTC_Submit Form 7_Section B/Page_PERKESO/B9. Tidak_fileCaseInd")): Object: 'Object Repository/KeatMun/Form 7_default/OTC_Submit Form 7_Section B/Page_PERKESO/B9. Tidak_fileCaseInd' is clicked on

2019-02-20 19:59:18 - [MESSAGE][PASSED] - Object: 'Object Repository/KeatMun/Form 7_default/OTC_Submit Form 7_Section B/Page_PERKESO/B9. Tidak_fileCaseInd' is clicked on

2019-02-20 19:59:18 - [TEST_STEP][PASSED] - delay(1): Delayed 1 second(s)

2019-02-20 19:59:19 - [MESSAGE][PASSED] - Delayed 1 second(s)

2019-02-20 19:59:19 - [TEST_STEP][PASSED] - click(findTestObject("KeatMun/Form 7_default/OTC_Submit Form 7_Section B/Page_PERKESO/B10. Tidak_unregisterCaseInd")): Object: 'Object Repository/KeatMun/Form 7_default/OTC_Submit Form 7_Section B/Page_PERKESO/B10. Tidak_unregisterCaseInd' is clicked on

2019-02-20 19:59:21 - [MESSAGE][PASSED] - Object: 'Object Repository/KeatMun/Form 7_default/OTC_Submit Form 7_Section B/Page_PERKESO/B10. Tidak_unregisterCaseInd' is clicked on

2019-02-20 19:59:21 - [TEST_STEP][PASSED] - delay(2): Delayed 2 second(s)

2019-02-20 19:59:23 - [MESSAGE][PASSED] - Delayed 2 second(s)

2019-02-20 19:59:23 - [TEST_STEP][PASSED] - click(findTestObject("KeatMun/Form 7_default/OTC_Submit Form 7_Section B/Page_PERKESO/B11. Halaman Seterusnya")): Object: 'Object Repository/KeatMun/Form 7_default/OTC_Submit Form 7_Section B/Page_PERKESO/B11. Halaman Seterusnya' is clicked on

2019-02-20 19:59:25 - [MESSAGE][PASSED] - Object: 'Object Repository/KeatMun/Form 7_default/OTC_Submit Form 7_Section B/Page_PERKESO/B11. Halaman Seterusnya' is clicked on

2019-02-20 19:59:25 - [TEST_STEP][PASSED] - delay(3): Delayed 3 second(s)

2019-02-20 19:59:28 - [MESSAGE][PASSED] - Delayed 3 second(s)

2019-02-20 19:59:28 - [MESSAGE][PASSED] - Call Test Case 'Test Cases/All TC/Arranged/3. Unit/EI/Form 7_default/OTC_Submit Form 7_Section B' successfully

2019-02-20 19:59:28 - [TEST_STEP][PASSED] - callTestCase(findTestCase("All TC/Arranged/3. Unit/EI/Form 7_default/OTC_Submit Form 7_Section C"), [:], STOP_ON_FAILURE): Call Test Case 'Test Cases/All TC/Arranged/3. Unit/EI/Form 7_default/OTC_Submit Form 7_Section C' successfully

2019-02-20 19:59:28 - [TEST_CASE][PASSED] - Test Cases/All TC/Arranged/3. Unit/EI/Form 7_default/OTC_Submit Form 7_Section C: Test Cases/All TC/Arranged/3. Unit/EI/Form 7_default/OTC_Submit Form 7_Section C

2019-02-20 19:59:28 - [TEST_STEP][PASSED] - delay(2): Delayed 2 second(s)

2019-02-20 19:59:30 - [MESSAGE][PASSED] - Delayed 2 second(s)

2019-02-20 19:59:30 - [TEST_STEP][PASSED] - setText(findTestObject("KeatMun/Form 7_default/OTC_Submit Form 7_Section C/Page_PERKESO/C4. EmployerInfo"), "qwertyuiop"): Text 'qwertyuiop' is set on object 'Object Repository/KeatMun/Form 7_default/OTC_Submit Form 7_Section C/Page_PERKESO/C4. EmployerInfo'

2019-02-20 19:59:34 - [MESSAGE][PASSED] - Text 'qwertyuiop' is set on object 'Object Repository/KeatMun/Form 7_default/OTC_Submit Form 7_Section C/Page_PERKESO/C4. EmployerInfo'

2019-02-20 19:59:34 - [TEST_STEP][PASSED] - delay(2): Delayed 2 second(s)

2019-02-20 19:59:36 - [MESSAGE][PASSED] - Delayed 2 second(s)

2019-02-20 19:59:36 - [TEST_STEP][PASSED] - click(findTestObject("KeatMun/Form 7_default/OTC_Submit Form 7_Section C/Page_PERKESO/C5. Negeri")): Object: 'Object Repository/KeatMun/Form 7_default/OTC_Submit Form 7_Section C/Page_PERKESO/C5. Negeri' is clicked on

2019-02-20 19:59:38 - [MESSAGE][PASSED] - Object: 'Object Repository/KeatMun/Form 7_default/OTC_Submit Form 7_Section C/Page_PERKESO/C5. Negeri' is clicked on

2019-02-20 19:59:38 - [TEST_STEP][PASSED] - delay(2): Delayed 2 second(s)

2019-02-20 19:59:40 - [MESSAGE][PASSED] - Delayed 2 second(s)

2019-02-20 19:59:40 - [TEST_STEP][PASSED] - click(findTestObject("KeatMun/Form 7_default/OTC_Submit Form 7_Section C/Page_PERKESO/C5. JOHOR")): Object: 'Object Repository/KeatMun/Form 7_default/OTC_Submit Form 7_Section C/Page_PERKESO/C5. JOHOR' is clicked on

2019-02-20 19:59:43 - [MESSAGE][PASSED] - Object: 'Object Repository/KeatMun/Form 7_default/OTC_Submit Form 7_Section C/Page_PERKESO/C5. JOHOR' is clicked on

2019-02-20 19:59:43 - [TEST_STEP][PASSED] - delay(3): Delayed 3 second(s)

2019-02-20 19:59:46 - [MESSAGE][PASSED] - Delayed 3 second(s)

2019-02-20 19:59:46 - [TEST_STEP][PASSED] - click(findTestObject("KeatMun/Form 7_default/OTC_Submit Form 7_Section C/Page_PERKESO/C6. City")): Object: 'Object Repository/KeatMun/Form 7_default/OTC_Submit Form 7_Section C/Page_PERKESO/C6. City' is clicked on

2019-02-20 19:59:48 - [MESSAGE][PASSED] - Object: 'Object Repository/KeatMun/Form 7_default/OTC_Submit Form 7_Section C/Page_PERKESO/C6. City' is clicked on

2019-02-20 19:59:48 - [TEST_STEP][PASSED] - delay(2): Delayed 2 second(s)

2019-02-20 19:59:50 - [MESSAGE][PASSED] - Delayed 2 second(s)

2019-02-20 19:59:50 - [TEST_STEP][PASSED] - setText(findTestObject("KeatMun/Form 7_default/OTC_Submit Form 7_Section C/Page_PERKESO/C6. Done_select2-search__fie"), "jo"): Text 'jo' is set on object 'Object Repository/KeatMun/Form 7_default/OTC_Submit Form 7_Section C/Page_PERKESO/C6. Done_select2-search__fie'

2019-02-20 19:59:54 - [MESSAGE][PASSED] - Text 'jo' is set on object 'Object Repository/KeatMun/Form 7_default/OTC_Submit Form 7_Section C/Page_PERKESO/C6. Done_select2-search__fie'

2019-02-20 19:59:54 - [TEST_STEP][PASSED] - setText(findTestObject("KeatMun/Form 7_default/OTC_Submit Form 7_Section C/Page_PERKESO/C6. Concat(id(  select2-city"), "jo"): Text 'jo' is set on object 'Object Repository/KeatMun/Form 7_default/OTC_Submit Form 7_Section C/Page_PERKESO/C6. Concat(id(  select2-city'

2019-02-20 19:59:58 - [MESSAGE][PASSED] - Text 'jo' is set on object 'Object Repository/KeatMun/Form 7_default/OTC_Submit Form 7_Section C/Page_PERKESO/C6. Concat(id(  select2-city'

2019-02-20 19:59:58 - [TEST_STEP][PASSED] - click(findTestObject("KeatMun/Form 7_default/OTC_Submit Form 7_Section C/Page_PERKESO/C6. JOHOR BAHRU")): Object: 'Object Repository/KeatMun/Form 7_default/OTC_Submit Form 7_Section C/Page_PERKESO/C6. JOHOR BAHRU' is clicked on

2019-02-20 20:00:00 - [MESSAGE][PASSED] - Object: 'Object Repository/KeatMun/Form 7_default/OTC_Submit Form 7_Section C/Page_PERKESO/C6. JOHOR BAHRU' is clicked on

2019-02-20 20:00:00 - [TEST_STEP][PASSED] - delay(3): Delayed 3 second(s)

2019-02-20 20:00:03 - [MESSAGE][PASSED] - Delayed 3 second(s)

2019-02-20 20:00:03 - [TEST_STEP][PASSED] - click(findTestObject("KeatMun/Form 7_default/OTC_Submit Form 7_Section C/Page_PERKESO/C7. --Sila Isikan--")): Object: 'Object Repository/KeatMun/Form 7_default/OTC_Submit Form 7_Section C/Page_PERKESO/C7. --Sila Isikan--' is clicked on

2019-02-20 20:00:05 - [MESSAGE][PASSED] - Object: 'Object Repository/KeatMun/Form 7_default/OTC_Submit Form 7_Section C/Page_PERKESO/C7. --Sila Isikan--' is clicked on

2019-02-20 20:00:05 - [TEST_STEP][PASSED] - delay(2): Delayed 2 second(s)

2019-02-20 20:00:07 - [MESSAGE][PASSED] - Delayed 2 second(s)

2019-02-20 20:00:07 - [TEST_STEP][PASSED] - setText(findTestObject("KeatMun/Form 7_default/OTC_Submit Form 7_Section C/Page_PERKESO/C7. Done_select2-search__fie"), "84"): Text '84' is set on object 'Object Repository/KeatMun/Form 7_default/OTC_Submit Form 7_Section C/Page_PERKESO/C7. Done_select2-search__fie'

2019-02-20 20:00:12 - [MESSAGE][PASSED] - Text '84' is set on object 'Object Repository/KeatMun/Form 7_default/OTC_Submit Form 7_Section C/Page_PERKESO/C7. Done_select2-search__fie'

2019-02-20 20:00:12 - [TEST_STEP][PASSED] - setText(findTestObject("KeatMun/Form 7_default/OTC_Submit Form 7_Section C/Page_PERKESO/C7. Concat(id(  select2-post"), "84"): Text '84' is set on object 'Object Repository/KeatMun/Form 7_default/OTC_Submit Form 7_Section C/Page_PERKESO/C7. Concat(id(  select2-post'

2019-02-20 20:00:16 - [MESSAGE][PASSED] - Text '84' is set on object 'Object Repository/KeatMun/Form 7_default/OTC_Submit Form 7_Section C/Page_PERKESO/C7. Concat(id(  select2-post'

2019-02-20 20:00:16 - [TEST_STEP][PASSED] - click(findTestObject("KeatMun/Form 7_default/OTC_Submit Form 7_Section C/Page_PERKESO/C7. 84000")): Object: 'Object Repository/KeatMun/Form 7_default/OTC_Submit Form 7_Section C/Page_PERKESO/C7. 84000' is clicked on

2019-02-20 20:00:18 - [MESSAGE][PASSED] - Object: 'Object Repository/KeatMun/Form 7_default/OTC_Submit Form 7_Section C/Page_PERKESO/C7. 84000' is clicked on

2019-02-20 20:00:18 - [TEST_STEP][PASSED] - delay(3): Delayed 3 second(s)

2019-02-20 20:00:21 - [MESSAGE][PASSED] - Delayed 3 second(s)

2019-02-20 20:00:21 - [TEST_STEP][PASSED] - click(findTestObject("KeatMun/Form 7_default/OTC_Submit Form 7_Section C/Page_PERKESO/C8. Tidak_employerInfo.emplo")): Object: 'Object Repository/KeatMun/Form 7_default/OTC_Submit Form 7_Section C/Page_PERKESO/C8. Tidak_employerInfo.emplo' is clicked on

2019-02-20 20:00:23 - [MESSAGE][PASSED] - Object: 'Object Repository/KeatMun/Form 7_default/OTC_Submit Form 7_Section C/Page_PERKESO/C8. Tidak_employerInfo.emplo' is clicked on

2019-02-20 20:00:23 - [TEST_STEP][PASSED] - delay(2): Delayed 2 second(s)

2019-02-20 20:00:25 - [MESSAGE][PASSED] - Delayed 2 second(s)

2019-02-20 20:00:25 - [TEST_STEP][PASSED] - setText(findTestObject("KeatMun/Form 7_default/OTC_Submit Form 7_Section C/Page_PERKESO/C9. EmployerName"), "qwertyuiop"): Text 'qwertyuiop' is set on object 'Object Repository/KeatMun/Form 7_default/OTC_Submit Form 7_Section C/Page_PERKESO/C9. EmployerName'

2019-02-20 20:00:29 - [MESSAGE][PASSED] - Text 'qwertyuiop' is set on object 'Object Repository/KeatMun/Form 7_default/OTC_Submit Form 7_Section C/Page_PERKESO/C9. EmployerName'

2019-02-20 20:00:29 - [TEST_STEP][PASSED] - delay(2): Delayed 2 second(s)

2019-02-20 20:00:31 - [MESSAGE][PASSED] - Delayed 2 second(s)

2019-02-20 20:00:31 - [TEST_STEP][PASSED] - setText(findTestObject("KeatMun/Form 7_default/OTC_Submit Form 7_Section C/Page_PERKESO/C10. EmployerIC"), "1234567890"): Text '1234567890' is set on object 'Object Repository/KeatMun/Form 7_default/OTC_Submit Form 7_Section C/Page_PERKESO/C10. EmployerIC'

2019-02-20 20:00:36 - [MESSAGE][PASSED] - Text '1234567890' is set on object 'Object Repository/KeatMun/Form 7_default/OTC_Submit Form 7_Section C/Page_PERKESO/C10. EmployerIC'

2019-02-20 20:00:36 - [TEST_STEP][PASSED] - delay(3): Delayed 3 second(s)

2019-02-20 20:00:39 - [MESSAGE][PASSED] - Delayed 3 second(s)

2019-02-20 20:00:39 - [TEST_STEP][PASSED] - click(findTestObject("KeatMun/Form 7_default/OTC_Submit Form 7_Section C/Page_PERKESO/C11. Halaman Seterusnya")): Object: 'Object Repository/KeatMun/Form 7_default/OTC_Submit Form 7_Section C/Page_PERKESO/C11. Halaman Seterusnya' is clicked on

2019-02-20 20:00:41 - [MESSAGE][PASSED] - Object: 'Object Repository/KeatMun/Form 7_default/OTC_Submit Form 7_Section C/Page_PERKESO/C11. Halaman Seterusnya' is clicked on

2019-02-20 20:00:41 - [TEST_STEP][PASSED] - delay(3): Delayed 3 second(s)

2019-02-20 20:00:44 - [MESSAGE][PASSED] - Delayed 3 second(s)

2019-02-20 20:00:44 - [MESSAGE][PASSED] - Call Test Case 'Test Cases/All TC/Arranged/3. Unit/EI/Form 7_default/OTC_Submit Form 7_Section C' successfully

2019-02-20 20:00:44 - [TEST_STEP][PASSED] - callTestCase(findTestCase("All TC/Arranged/3. Unit/EI/Form 7_default/OTC_Submit Form 7_Section D-E"), [:], STOP_ON_FAILURE): Call Test Case 'Test Cases/All TC/Arranged/3. Unit/EI/Form 7_default/OTC_Submit Form 7_Section D-E' successfully

2019-02-20 20:00:44 - [TEST_CASE][PASSED] - Test Cases/All TC/Arranged/3. Unit/EI/Form 7_default/OTC_Submit Form 7_Section D-E: Test Cases/All TC/Arranged/3. Unit/EI/Form 7_default/OTC_Submit Form 7_Section D-E

2019-02-20 20:00:44 - [TEST_STEP][PASSED] - delay(3): Delayed 3 second(s)

2019-02-20 20:00:47 - [MESSAGE][PASSED] - Delayed 3 second(s)

2019-02-20 20:00:47 - [TEST_STEP][PASSED] - click(findTestObject("KeatMun/Form 7_default/OTC_Submit Form 7_Section D-E/Page_PERKESO/D1. NO_otherActiveEmploye")): Object: 'Object Repository/KeatMun/Form 7_default/OTC_Submit Form 7_Section D-E/Page_PERKESO/D1. NO_otherActiveEmploye' is clicked on

2019-02-20 20:00:49 - [MESSAGE][PASSED] - Object: 'Object Repository/KeatMun/Form 7_default/OTC_Submit Form 7_Section D-E/Page_PERKESO/D1. NO_otherActiveEmploye' is clicked on

2019-02-20 20:00:49 - [TEST_STEP][PASSED] - delay(4): Delayed 4 second(s)

2019-02-20 20:00:53 - [MESSAGE][PASSED] - Delayed 4 second(s)

2019-02-20 20:00:53 - [TEST_STEP][PASSED] - click(findTestObject("KeatMun/Form 7_default/OTC_Submit Form 7_Section D-E/Page_PERKESO/D2. Halaman Seterusnya")): Object: 'Object Repository/KeatMun/Form 7_default/OTC_Submit Form 7_Section D-E/Page_PERKESO/D2. Halaman Seterusnya' is clicked on

2019-02-20 20:00:55 - [MESSAGE][PASSED] - Object: 'Object Repository/KeatMun/Form 7_default/OTC_Submit Form 7_Section D-E/Page_PERKESO/D2. Halaman Seterusnya' is clicked on

2019-02-20 20:00:55 - [TEST_STEP][PASSED] - delay(5): Delayed 5 second(s)

2019-02-20 20:01:00 - [MESSAGE][PASSED] - Delayed 5 second(s)

2019-02-20 20:01:00 - [TEST_STEP][PASSED] - setText(findTestObject("KeatMun/Form 7_default/OTC_Submit Form 7_Section D-E/Page_PERKESO/E1. Input__totalExpYear"), "1"): Text '1' is set on object 'Object Repository/KeatMun/Form 7_default/OTC_Submit Form 7_Section D-E/Page_PERKESO/E1. Input__totalExpYear'

2019-02-20 20:01:04 - [MESSAGE][PASSED] - Text '1' is set on object 'Object Repository/KeatMun/Form 7_default/OTC_Submit Form 7_Section D-E/Page_PERKESO/E1. Input__totalExpYear'

2019-02-20 20:01:04 - [TEST_STEP][PASSED] - delay(2): Delayed 2 second(s)

2019-02-20 20:01:06 - [MESSAGE][PASSED] - Delayed 2 second(s)

2019-02-20 20:01:06 - [TEST_STEP][PASSED] - setText(findTestObject("KeatMun/Form 7_default/OTC_Submit Form 7_Section D-E/Page_PERKESO/E1. Tahun_totalExpMonth"), "1"): Text '1' is set on object 'Object Repository/KeatMun/Form 7_default/OTC_Submit Form 7_Section D-E/Page_PERKESO/E1. Tahun_totalExpMonth'

2019-02-20 20:01:10 - [MESSAGE][PASSED] - Text '1' is set on object 'Object Repository/KeatMun/Form 7_default/OTC_Submit Form 7_Section D-E/Page_PERKESO/E1. Tahun_totalExpMonth'

2019-02-20 20:01:10 - [TEST_STEP][PASSED] - delay(2): Delayed 2 second(s)

2019-02-20 20:01:12 - [MESSAGE][PASSED] - Delayed 2 second(s)

2019-02-20 20:01:12 - [TEST_STEP][PASSED] - click(findTestObject("KeatMun/Form 7_default/OTC_Submit Form 7_Section D-E/Page_PERKESO/E2. Edu-Level")): Object: 'Object Repository/KeatMun/Form 7_default/OTC_Submit Form 7_Section D-E/Page_PERKESO/E2. Edu-Level' is clicked on

2019-02-20 20:01:14 - [MESSAGE][PASSED] - Object: 'Object Repository/KeatMun/Form 7_default/OTC_Submit Form 7_Section D-E/Page_PERKESO/E2. Edu-Level' is clicked on

2019-02-20 20:01:14 - [TEST_STEP][PASSED] - delay(2): Delayed 2 second(s)

2019-02-20 20:01:16 - [MESSAGE][PASSED] - Delayed 2 second(s)

2019-02-20 20:01:16 - [TEST_STEP][PASSED] - click(findTestObject("KeatMun/Form 7_default/OTC_Submit Form 7_Section D-E/Page_PERKESO/E2. PMRPT3")): Object: 'Object Repository/KeatMun/Form 7_default/OTC_Submit Form 7_Section D-E/Page_PERKESO/E2. PMRPT3' is clicked on

2019-02-20 20:01:19 - [MESSAGE][PASSED] - Object: 'Object Repository/KeatMun/Form 7_default/OTC_Submit Form 7_Section D-E/Page_PERKESO/E2. PMRPT3' is clicked on

2019-02-20 20:01:19 - [TEST_STEP][PASSED] - delay(3): Delayed 3 second(s)

2019-02-20 20:01:22 - [MESSAGE][PASSED] - Delayed 3 second(s)

2019-02-20 20:01:22 - [TEST_STEP][PASSED] - click(findTestObject("KeatMun/Form 7_default/OTC_Submit Form 7_Section D-E/Page_PERKESO/E3. Job-Choice")): Object: 'Object Repository/KeatMun/Form 7_default/OTC_Submit Form 7_Section D-E/Page_PERKESO/E3. Job-Choice' is clicked on

2019-02-20 20:01:24 - [MESSAGE][PASSED] - Object: 'Object Repository/KeatMun/Form 7_default/OTC_Submit Form 7_Section D-E/Page_PERKESO/E3. Job-Choice' is clicked on

2019-02-20 20:01:24 - [TEST_STEP][PASSED] - delay(2): Delayed 2 second(s)

2019-02-20 20:01:26 - [MESSAGE][PASSED] - Delayed 2 second(s)

2019-02-20 20:01:26 - [TEST_STEP][PASSED] - setText(findTestObject("KeatMun/Form 7_default/OTC_Submit Form 7_Section D-E/Page_PERKESO/E3. Done_select2-search__fie"), "re"): Text 're' is set on object 'Object Repository/KeatMun/Form 7_default/OTC_Submit Form 7_Section D-E/Page_PERKESO/E3. Done_select2-search__fie'

2019-02-20 20:01:30 - [MESSAGE][PASSED] - Text 're' is set on object 'Object Repository/KeatMun/Form 7_default/OTC_Submit Form 7_Section D-E/Page_PERKESO/E3. Done_select2-search__fie'

2019-02-20 20:01:30 - [TEST_STEP][PASSED] - click(findTestObject("KeatMun/Form 7_default/OTC_Submit Form 7_Section D-E/Page_PERKESO/E3. Arkitek Reka Bentuk")): Object: 'Object Repository/KeatMun/Form 7_default/OTC_Submit Form 7_Section D-E/Page_PERKESO/E3. Arkitek Reka Bentuk' is clicked on

2019-02-20 20:01:32 - [MESSAGE][PASSED] - Object: 'Object Repository/KeatMun/Form 7_default/OTC_Submit Form 7_Section D-E/Page_PERKESO/E3. Arkitek Reka Bentuk' is clicked on

2019-02-20 20:01:32 - [TEST_STEP][PASSED] - delay(2): Delayed 2 second(s)

2019-02-20 20:01:34 - [MESSAGE][PASSED] - Delayed 2 second(s)

2019-02-20 20:01:34 - [TEST_STEP][PASSED] - click(findTestObject("KeatMun/Form 7_default/OTC_Submit Form 7_Section D-E/Page_PERKESO/E4. Job_Location")): Object: 'Object Repository/KeatMun/Form 7_default/OTC_Submit Form 7_Section D-E/Page_PERKESO/E4. Job_Location' is clicked on

2019-02-20 20:01:36 - [MESSAGE][PASSED] - Object: 'Object Repository/KeatMun/Form 7_default/OTC_Submit Form 7_Section D-E/Page_PERKESO/E4. Job_Location' is clicked on

2019-02-20 20:01:36 - [TEST_STEP][PASSED] - delay(2): Delayed 2 second(s)

2019-02-20 20:01:38 - [MESSAGE][PASSED] - Delayed 2 second(s)

2019-02-20 20:01:38 - [TEST_STEP][PASSED] - click(findTestObject("KeatMun/Form 7_default/OTC_Submit Form 7_Section D-E/Page_PERKESO/E4. JOHOR")): Object: 'Object Repository/KeatMun/Form 7_default/OTC_Submit Form 7_Section D-E/Page_PERKESO/E4. JOHOR' is clicked on

2019-02-20 20:01:40 - [MESSAGE][PASSED] - Object: 'Object Repository/KeatMun/Form 7_default/OTC_Submit Form 7_Section D-E/Page_PERKESO/E4. JOHOR' is clicked on

2019-02-20 20:01:40 - [TEST_STEP][PASSED] - delay(2): Delayed 2 second(s)

2019-02-20 20:01:42 - [MESSAGE][PASSED] - Delayed 2 second(s)

2019-02-20 20:01:42 - [TEST_STEP][PASSED] - click(findTestObject("KeatMun/Form 7_default/OTC_Submit Form 7_Section D-E/Page_PERKESO/E7. NO_disability")): Object: 'Object Repository/KeatMun/Form 7_default/OTC_Submit Form 7_Section D-E/Page_PERKESO/E7. NO_disability' is clicked on

2019-02-20 20:01:44 - [MESSAGE][PASSED] - Object: 'Object Repository/KeatMun/Form 7_default/OTC_Submit Form 7_Section D-E/Page_PERKESO/E7. NO_disability' is clicked on

2019-02-20 20:01:44 - [TEST_STEP][PASSED] - delay(2): Delayed 2 second(s)

2019-02-20 20:01:46 - [MESSAGE][PASSED] - Delayed 2 second(s)

2019-02-20 20:01:46 - [TEST_STEP][PASSED] - click(findTestObject("KeatMun/Form 7_default/OTC_Submit Form 7_Section D-E/Page_PERKESO/E8. NO_disabilityApplyInd")): Object: 'Object Repository/KeatMun/Form 7_default/OTC_Submit Form 7_Section D-E/Page_PERKESO/E8. NO_disabilityApplyInd' is clicked on

2019-02-20 20:01:49 - [MESSAGE][PASSED] - Object: 'Object Repository/KeatMun/Form 7_default/OTC_Submit Form 7_Section D-E/Page_PERKESO/E8. NO_disabilityApplyInd' is clicked on

2019-02-20 20:01:49 - [TEST_STEP][PASSED] - delay(2): Delayed 2 second(s)

2019-02-20 20:01:51 - [MESSAGE][PASSED] - Delayed 2 second(s)

2019-02-20 20:01:51 - [TEST_STEP][PASSED] - click(findTestObject("KeatMun/Form 7_default/OTC_Submit Form 7_Section D-E/Page_PERKESO/E9. YES_ReEmployment")): Object: 'Object Repository/KeatMun/Form 7_default/OTC_Submit Form 7_Section D-E/Page_PERKESO/E9. YES_ReEmployment' is clicked on

2019-02-20 20:01:53 - [MESSAGE][PASSED] - Object: 'Object Repository/KeatMun/Form 7_default/OTC_Submit Form 7_Section D-E/Page_PERKESO/E9. YES_ReEmployment' is clicked on

2019-02-20 20:01:53 - [TEST_STEP][PASSED] - delay(2): Delayed 2 second(s)

2019-02-20 20:01:55 - [MESSAGE][PASSED] - Delayed 2 second(s)

2019-02-20 20:01:55 - [TEST_STEP][PASSED] - click(findTestObject("KeatMun/Form 7_default/OTC_Submit Form 7_Section D-E/Page_PERKESO/E10. Halaman Seterusnya")): Object: 'Object Repository/KeatMun/Form 7_default/OTC_Submit Form 7_Section D-E/Page_PERKESO/E10. Halaman Seterusnya' is clicked on

2019-02-20 20:01:57 - [MESSAGE][PASSED] - Object: 'Object Repository/KeatMun/Form 7_default/OTC_Submit Form 7_Section D-E/Page_PERKESO/E10. Halaman Seterusnya' is clicked on

2019-02-20 20:01:57 - [TEST_STEP][PASSED] - delay(3): Delayed 3 second(s)

2019-02-20 20:02:00 - [MESSAGE][PASSED] - Delayed 3 second(s)

2019-02-20 20:02:00 - [MESSAGE][PASSED] - Call Test Case 'Test Cases/All TC/Arranged/3. Unit/EI/Form 7_default/OTC_Submit Form 7_Section D-E' successfully

2019-02-20 20:02:00 - [TEST_STEP][FAILED] - callTestCase(findTestCase("All TC/Arranged/3. Unit/EI/Form 7_default/OTC_Submit Form 7_Section F-G-H - Cheque"), [:], STOP_ON_FAILURE): callTestCase(findTestCase("All TC/Arranged/3. Unit/EI/Form 7_default/OTC_Submit Form 7_Section F-G-H - Cheque"), [:], STOP_ON_FAILURE) FAILED.
Reason:
com.kms.katalon.core.exception.StepFailedException: Unable to click on object 'Object Repository/KeatMun/Form 7_default/OTC_Submit Form 7_Section F-G-H/Page_PERKESO/G2. span_Isteri' (Root cause: com.kms.katalon.core.webui.exception.WebElementNotFoundException: Web element with id: 'Object Repository/KeatMun/Form 7_default/OTC_Submit Form 7_Section F-G-H/Page_PERKESO/G2. span_Isteri' located by 'By.xpath: //span[@id = 'select2-dependentList0dependentRelationId-container' and @title = 'Isteri' and (text() = 'Isteri' or . = 'Isteri')]' not found)
	at com.kms.katalon.core.keyword.internal.KeywordMain.stepFailed(KeywordMain.groovy:36)
	at com.kms.katalon.core.webui.keyword.internal.WebUIKeywordMain.stepFailed(WebUIKeywordMain.groovy:65)
	at com.kms.katalon.core.webui.keyword.internal.WebUIKeywordMain.runKeyword(WebUIKeywordMain.groovy:27)
	at com.kms.katalon.core.webui.keyword.builtin.ClickKeyword.click(ClickKeyword.groovy:86)
	at com.kms.katalon.core.webui.keyword.builtin.ClickKeyword.execute(ClickKeyword.groovy:67)
	at com.kms.katalon.core.keyword.internal.KeywordExecutor.executeKeywordForPlatform(KeywordExecutor.groovy:53)
	at com.kms.katalon.core.webui.keyword.WebUiBuiltInKeywords.click(WebUiBuiltInKeywords.groovy:616)
	at com.kms.katalon.core.webui.keyword.WebUiBuiltInKeywords$click$3.call(Unknown Source)
	at OTC_Submit Form 7_Section F-G-H - Cheque.run(OTC_Submit Form 7_Section F-G-H - Cheque:41)
	at com.kms.katalon.core.main.ScriptEngine.run(ScriptEngine.java:194)
	at com.kms.katalon.core.main.ScriptEngine.runScriptAsRawText(ScriptEngine.java:119)
	at com.kms.katalon.core.main.TestCaseExecutor.runScript(TestCaseExecutor.java:328)
	at com.kms.katalon.core.main.TestCaseExecutor.doExecute(TestCaseExecutor.java:319)
	at com.kms.katalon.core.main.TestCaseExecutor.processExecutionPhase(TestCaseExecutor.java:298)
	at com.kms.katalon.core.main.TestCaseExecutor.accessMainPhase(TestCaseExecutor.java:290)
	at com.kms.katalon.core.main.TestCaseExecutor.execute(TestCaseExecutor.java:224)
	at com.kms.katalon.core.main.TestCaseMain.runTestCase(TestCaseMain.java:106)
	at com.kms.katalon.core.keyword.builtin.CallTestCaseKeyword$_callTestCase_closure1.doCall(CallTestCaseKeyword.groovy:59)
	at com.kms.katalon.core.keyword.builtin.CallTestCaseKeyword$_callTestCase_closure1.call(CallTestCaseKeyword.groovy)
	at com.kms.katalon.core.keyword.internal.KeywordMain.runKeyword(KeywordMain.groovy:54)
	at com.kms.katalon.core.keyword.builtin.CallTestCaseKeyword.callTestCase(CallTestCaseKeyword.groovy:80)
	at com.kms.katalon.core.keyword.builtin.CallTestCaseKeyword.execute(CallTestCaseKeyword.groovy:44)
	at com.kms.katalon.core.keyword.internal.KeywordExecutor.executeKeywordForPlatform(KeywordExecutor.groovy:53)
	at com.kms.katalon.core.keyword.BuiltinKeywords.callTestCase(BuiltinKeywords.groovy:334)
	at OTC_Submit Form 7_End to End - Cheque.run(OTC_Submit Form 7_End to End - Cheque:26)
	at com.kms.katalon.core.main.ScriptEngine.run(ScriptEngine.java:194)
	at com.kms.katalon.core.main.ScriptEngine.runScriptAsRawText(ScriptEngine.java:119)
	at com.kms.katalon.core.main.TestCaseExecutor.runScript(TestCaseExecutor.java:328)
	at com.kms.katalon.core.main.TestCaseExecutor.doExecute(TestCaseExecutor.java:319)
	at com.kms.katalon.core.main.TestCaseExecutor.processExecutionPhase(TestCaseExecutor.java:298)
	at com.kms.katalon.core.main.TestCaseExecutor.accessMainPhase(TestCaseExecutor.java:290)
	at com.kms.katalon.core.main.TestCaseExecutor.execute(TestCaseExecutor.java:224)
	at com.kms.katalon.core.main.TestCaseMain.runTestCase(TestCaseMain.java:106)
	at com.kms.katalon.core.keyword.builtin.CallTestCaseKeyword$_callTestCase_closure1.doCall(CallTestCaseKeyword.groovy:59)
	at com.kms.katalon.core.keyword.builtin.CallTestCaseKeyword$_callTestCase_closure1.call(CallTestCaseKeyword.groovy)
	at com.kms.katalon.core.keyword.internal.KeywordMain.runKeyword(KeywordMain.groovy:54)
	at com.kms.katalon.core.keyword.builtin.CallTestCaseKeyword.callTestCase(CallTestCaseKeyword.groovy:80)
	at com.kms.katalon.core.keyword.builtin.CallTestCaseKeyword.execute(CallTestCaseKeyword.groovy:44)
	at com.kms.katalon.core.keyword.internal.KeywordExecutor.executeKeywordForPlatform(KeywordExecutor.groovy:53)
	at com.kms.katalon.core.keyword.BuiltinKeywords.callTestCase(BuiltinKeywords.groovy:334)
	at Approve Application - RIA.run(Approve Application - RIA:16)
	at com.kms.katalon.core.main.ScriptEngine.run(ScriptEngine.java:194)
	at com.kms.katalon.core.main.ScriptEngine.runScriptAsRawText(ScriptEngine.java:119)
	at com.kms.katalon.core.main.TestCaseExecutor.runScript(TestCaseExecutor.java:328)
	at com.kms.katalon.core.main.TestCaseExecutor.doExecute(TestCaseExecutor.java:319)
	at com.kms.katalon.core.main.TestCaseExecutor.processExecutionPhase(TestCaseExecutor.java:298)
	at com.kms.katalon.core.main.TestCaseExecutor.accessMainPhase(TestCaseExecutor.java:290)
	at com.kms.katalon.core.main.TestCaseExecutor.execute(TestCaseExecutor.java:224)
	at com.kms.katalon.core.main.TestSuiteExecutor.accessTestCaseMainPhase(TestSuiteExecutor.java:129)
	at com.kms.katalon.core.main.TestSuiteExecutor.accessTestSuiteMainPhase(TestSuiteExecutor.java:112)
	at com.kms.katalon.core.main.TestSuiteExecutor.execute(TestSuiteExecutor.java:81)
	at com.kms.katalon.core.main.TestCaseMain.startTestSuite(TestCaseMain.java:149)
	at com.kms.katalon.core.main.TestCaseMain$startTestSuite$0.call(Unknown Source)
	at TempTestSuite1550652525208.run(TempTestSuite1550652525208.groovy:36)


2019-02-20 20:02:00 - [TEST_CASE][FAILED] - Test Cases/All TC/Arranged/3. Unit/EI/Form 7_default/OTC_Submit Form 7_Section F-G-H - Cheque: Test Cases/All TC/Arranged/3. Unit/EI/Form 7_default/OTC_Submit Form 7_Section F-G-H - Cheque FAILED.
Reason:
com.kms.katalon.core.exception.StepFailedException: Unable to click on object 'Object Repository/KeatMun/Form 7_default/OTC_Submit Form 7_Section F-G-H/Page_PERKESO/G2. span_Isteri' (Root cause: com.kms.katalon.core.webui.exception.WebElementNotFoundException: Web element with id: 'Object Repository/KeatMun/Form 7_default/OTC_Submit Form 7_Section F-G-H/Page_PERKESO/G2. span_Isteri' located by 'By.xpath: //span[@id = 'select2-dependentList0dependentRelationId-container' and @title = 'Isteri' and (text() = 'Isteri' or . = 'Isteri')]' not found)
	at com.kms.katalon.core.keyword.internal.KeywordMain.stepFailed(KeywordMain.groovy:36)
	at com.kms.katalon.core.webui.keyword.internal.WebUIKeywordMain.stepFailed(WebUIKeywordMain.groovy:65)
	at com.kms.katalon.core.webui.keyword.internal.WebUIKeywordMain.runKeyword(WebUIKeywordMain.groovy:27)
	at com.kms.katalon.core.webui.keyword.builtin.ClickKeyword.click(ClickKeyword.groovy:86)
	at com.kms.katalon.core.webui.keyword.builtin.ClickKeyword.execute(ClickKeyword.groovy:67)
	at com.kms.katalon.core.keyword.internal.KeywordExecutor.executeKeywordForPlatform(KeywordExecutor.groovy:53)
	at com.kms.katalon.core.webui.keyword.WebUiBuiltInKeywords.click(WebUiBuiltInKeywords.groovy:616)
	at com.kms.katalon.core.webui.keyword.WebUiBuiltInKeywords$click$3.call(Unknown Source)
	at OTC_Submit Form 7_Section F-G-H - Cheque.run(OTC_Submit Form 7_Section F-G-H - Cheque:41)
	at com.kms.katalon.core.main.ScriptEngine.run(ScriptEngine.java:194)
	at com.kms.katalon.core.main.ScriptEngine.runScriptAsRawText(ScriptEngine.java:119)
	at com.kms.katalon.core.main.TestCaseExecutor.runScript(TestCaseExecutor.java:328)
	at com.kms.katalon.core.main.TestCaseExecutor.doExecute(TestCaseExecutor.java:319)
	at com.kms.katalon.core.main.TestCaseExecutor.processExecutionPhase(TestCaseExecutor.java:298)
	at com.kms.katalon.core.main.TestCaseExecutor.accessMainPhase(TestCaseExecutor.java:290)
	at com.kms.katalon.core.main.TestCaseExecutor.execute(TestCaseExecutor.java:224)
	at com.kms.katalon.core.main.TestCaseMain.runTestCase(TestCaseMain.java:106)
	at com.kms.katalon.core.keyword.builtin.CallTestCaseKeyword$_callTestCase_closure1.doCall(CallTestCaseKeyword.groovy:59)
	at com.kms.katalon.core.keyword.builtin.CallTestCaseKeyword$_callTestCase_closure1.call(CallTestCaseKeyword.groovy)
	at com.kms.katalon.core.keyword.internal.KeywordMain.runKeyword(KeywordMain.groovy:54)
	at com.kms.katalon.core.keyword.builtin.CallTestCaseKeyword.callTestCase(CallTestCaseKeyword.groovy:80)
	at com.kms.katalon.core.keyword.builtin.CallTestCaseKeyword.execute(CallTestCaseKeyword.groovy:44)
	at com.kms.katalon.core.keyword.internal.KeywordExecutor.executeKeywordForPlatform(KeywordExecutor.groovy:53)
	at com.kms.katalon.core.keyword.BuiltinKeywords.callTestCase(BuiltinKeywords.groovy:334)
	at OTC_Submit Form 7_End to End - Cheque.run(OTC_Submit Form 7_End to End - Cheque:26)
	at com.kms.katalon.core.main.ScriptEngine.run(ScriptEngine.java:194)
	at com.kms.katalon.core.main.ScriptEngine.runScriptAsRawText(ScriptEngine.java:119)
	at com.kms.katalon.core.main.TestCaseExecutor.runScript(TestCaseExecutor.java:328)
	at com.kms.katalon.core.main.TestCaseExecutor.doExecute(TestCaseExecutor.java:319)
	at com.kms.katalon.core.main.TestCaseExecutor.processExecutionPhase(TestCaseExecutor.java:298)
	at com.kms.katalon.core.main.TestCaseExecutor.accessMainPhase(TestCaseExecutor.java:290)
	at com.kms.katalon.core.main.TestCaseExecutor.execute(TestCaseExecutor.java:224)
	at com.kms.katalon.core.main.TestCaseMain.runTestCase(TestCaseMain.java:106)
	at com.kms.katalon.core.keyword.builtin.CallTestCaseKeyword$_callTestCase_closure1.doCall(CallTestCaseKeyword.groovy:59)
	at com.kms.katalon.core.keyword.builtin.CallTestCaseKeyword$_callTestCase_closure1.call(CallTestCaseKeyword.groovy)
	at com.kms.katalon.core.keyword.internal.KeywordMain.runKeyword(KeywordMain.groovy:54)
	at com.kms.katalon.core.keyword.builtin.CallTestCaseKeyword.callTestCase(CallTestCaseKeyword.groovy:80)
	at com.kms.katalon.core.keyword.builtin.CallTestCaseKeyword.execute(CallTestCaseKeyword.groovy:44)
	at com.kms.katalon.core.keyword.internal.KeywordExecutor.executeKeywordForPlatform(KeywordExecutor.groovy:53)
	at com.kms.katalon.core.keyword.BuiltinKeywords.callTestCase(BuiltinKeywords.groovy:334)
	at Approve Application - RIA.run(Approve Application - RIA:16)
	at com.kms.katalon.core.main.ScriptEngine.run(ScriptEngine.java:194)
	at com.kms.katalon.core.main.ScriptEngine.runScriptAsRawText(ScriptEngine.java:119)
	at com.kms.katalon.core.main.TestCaseExecutor.runScript(TestCaseExecutor.java:328)
	at com.kms.katalon.core.main.TestCaseExecutor.doExecute(TestCaseExecutor.java:319)
	at com.kms.katalon.core.main.TestCaseExecutor.processExecutionPhase(TestCaseExecutor.java:298)
	at com.kms.katalon.core.main.TestCaseExecutor.accessMainPhase(TestCaseExecutor.java:290)
	at com.kms.katalon.core.main.TestCaseExecutor.execute(TestCaseExecutor.java:224)
	at com.kms.katalon.core.main.TestSuiteExecutor.accessTestCaseMainPhase(TestSuiteExecutor.java:129)
	at com.kms.katalon.core.main.TestSuiteExecutor.accessTestSuiteMainPhase(TestSuiteExecutor.java:112)
	at com.kms.katalon.core.main.TestSuiteExecutor.execute(TestSuiteExecutor.java:81)
	at com.kms.katalon.core.main.TestCaseMain.startTestSuite(TestCaseMain.java:149)
	at com.kms.katalon.core.main.TestCaseMain$startTestSuite$0.call(Unknown Source)
	at TempTestSuite1550652525208.run(TempTestSuite1550652525208.groovy:36)


2019-02-20 20:02:00 - [TEST_STEP][PASSED] - delay(3): Delayed 3 second(s)

2019-02-20 20:02:03 - [MESSAGE][PASSED] - Delayed 3 second(s)

2019-02-20 20:02:03 - [TEST_STEP][PASSED] - click(findTestObject("KeatMun/Form 7_default/OTC_Submit Form 7_Section F-G-H/Page_PERKESO/F1. Bankrup_yes")): Object: 'Object Repository/KeatMun/Form 7_default/OTC_Submit Form 7_Section F-G-H/Page_PERKESO/F1. Bankrup_yes' is clicked on

2019-02-20 20:02:05 - [MESSAGE][PASSED] - Object: 'Object Repository/KeatMun/Form 7_default/OTC_Submit Form 7_Section F-G-H/Page_PERKESO/F1. Bankrup_yes' is clicked on

2019-02-20 20:02:05 - [TEST_STEP][PASSED] - delay(3): Delayed 3 second(s)

2019-02-20 20:02:08 - [MESSAGE][PASSED] - Delayed 3 second(s)

2019-02-20 20:02:08 - [TEST_STEP][PASSED] - click(findTestObject("KeatMun/Form 7_default/OTC_Submit Form 7_Section F-G-H/Page_PERKESO/F2. Next_Page_AfterBankInfo")): Object: 'Object Repository/KeatMun/Form 7_default/OTC_Submit Form 7_Section F-G-H/Page_PERKESO/F2. Next_Page_AfterBankInfo' is clicked on

2019-02-20 20:02:10 - [MESSAGE][PASSED] - Object: 'Object Repository/KeatMun/Form 7_default/OTC_Submit Form 7_Section F-G-H/Page_PERKESO/F2. Next_Page_AfterBankInfo' is clicked on

2019-02-20 20:02:10 - [TEST_STEP][PASSED] - delay(5): Delayed 5 second(s)

2019-02-20 20:02:15 - [MESSAGE][PASSED] - Delayed 5 second(s)

2019-02-20 20:02:15 - [TEST_STEP][PASSED] - setText(findTestObject("KeatMun/Form 7_default/OTC_Submit Form 7_Section F-G-H/Page_PERKESO/G2. Hubungan dengan OB-nama"), "qwertyuiop"): Text 'qwertyuiop' is set on object 'Object Repository/KeatMun/Form 7_default/OTC_Submit Form 7_Section F-G-H/Page_PERKESO/G2. Hubungan dengan OB-nama'

2019-02-20 20:02:19 - [MESSAGE][PASSED] - Text 'qwertyuiop' is set on object 'Object Repository/KeatMun/Form 7_default/OTC_Submit Form 7_Section F-G-H/Page_PERKESO/G2. Hubungan dengan OB-nama'

2019-02-20 20:02:19 - [TEST_STEP][PASSED] - delay(2): Delayed 2 second(s)

2019-02-20 20:02:21 - [MESSAGE][PASSED] - Delayed 2 second(s)

2019-02-20 20:02:21 - [TEST_STEP][PASSED] - setText(findTestObject("KeatMun/Form 7_default/OTC_Submit Form 7_Section F-G-H/Page_PERKESO/G2. Hubungan dengan OB-ic.no"), "111111223333"): Text '111111223333' is set on object 'Object Repository/KeatMun/Form 7_default/OTC_Submit Form 7_Section F-G-H/Page_PERKESO/G2. Hubungan dengan OB-ic.no'

2019-02-20 20:02:26 - [MESSAGE][PASSED] - Text '111111223333' is set on object 'Object Repository/KeatMun/Form 7_default/OTC_Submit Form 7_Section F-G-H/Page_PERKESO/G2. Hubungan dengan OB-ic.no'

2019-02-20 20:02:26 - [TEST_STEP][PASSED] - delay(2): Delayed 2 second(s)

2019-02-20 20:02:28 - [MESSAGE][PASSED] - Delayed 2 second(s)

2019-02-20 20:02:28 - [TEST_STEP][PASSED] - setText(findTestObject("KeatMun/Form 7_default/OTC_Submit Form 7_Section F-G-H/Page_PERKESO/G2. Hubungan dengan OB-DOB"), "10/01/2019"): Text '10/01/2019' is set on object 'Object Repository/KeatMun/Form 7_default/OTC_Submit Form 7_Section F-G-H/Page_PERKESO/G2. Hubungan dengan OB-DOB'

2019-02-20 20:02:32 - [MESSAGE][PASSED] - Text '10/01/2019' is set on object 'Object Repository/KeatMun/Form 7_default/OTC_Submit Form 7_Section F-G-H/Page_PERKESO/G2. Hubungan dengan OB-DOB'

2019-02-20 20:02:32 - [TEST_STEP][PASSED] - delay(3): Delayed 3 second(s)

2019-02-20 20:02:35 - [MESSAGE][PASSED] - Delayed 3 second(s)

2019-02-20 20:02:35 - [TEST_STEP][FAILED] - click(findTestObject("KeatMun/Form 7_default/OTC_Submit Form 7_Section F-G-H/Page_PERKESO/G2. span_Isteri")): click(findTestObject("KeatMun/Form 7_default/OTC_Submit Form 7_Section F-G-H/Page_PERKESO/G2. span_Isteri")) FAILED.
Reason:
com.kms.katalon.core.exception.StepFailedException: Unable to click on object 'Object Repository/KeatMun/Form 7_default/OTC_Submit Form 7_Section F-G-H/Page_PERKESO/G2. span_Isteri' (Root cause: com.kms.katalon.core.webui.exception.WebElementNotFoundException: Web element with id: 'Object Repository/KeatMun/Form 7_default/OTC_Submit Form 7_Section F-G-H/Page_PERKESO/G2. span_Isteri' located by 'By.xpath: //span[@id = 'select2-dependentList0dependentRelationId-container' and @title = 'Isteri' and (text() = 'Isteri' or . = 'Isteri')]' not found)
	at com.kms.katalon.core.keyword.internal.KeywordMain.stepFailed(KeywordMain.groovy:36)
	at com.kms.katalon.core.webui.keyword.internal.WebUIKeywordMain.stepFailed(WebUIKeywordMain.groovy:65)
	at com.kms.katalon.core.webui.keyword.internal.WebUIKeywordMain.runKeyword(WebUIKeywordMain.groovy:27)
	at com.kms.katalon.core.webui.keyword.builtin.ClickKeyword.click(ClickKeyword.groovy:86)
	at com.kms.katalon.core.webui.keyword.builtin.ClickKeyword.execute(ClickKeyword.groovy:67)
	at com.kms.katalon.core.keyword.internal.KeywordExecutor.executeKeywordForPlatform(KeywordExecutor.groovy:53)
	at com.kms.katalon.core.webui.keyword.WebUiBuiltInKeywords.click(WebUiBuiltInKeywords.groovy:616)
	at com.kms.katalon.core.webui.keyword.WebUiBuiltInKeywords$click$3.call(Unknown Source)
	at OTC_Submit Form 7_Section F-G-H - Cheque.run(OTC_Submit Form 7_Section F-G-H - Cheque:41)
	at com.kms.katalon.core.main.ScriptEngine.run(ScriptEngine.java:194)
	at com.kms.katalon.core.main.ScriptEngine.runScriptAsRawText(ScriptEngine.java:119)
	at com.kms.katalon.core.main.TestCaseExecutor.runScript(TestCaseExecutor.java:328)
	at com.kms.katalon.core.main.TestCaseExecutor.doExecute(TestCaseExecutor.java:319)
	at com.kms.katalon.core.main.TestCaseExecutor.processExecutionPhase(TestCaseExecutor.java:298)
	at com.kms.katalon.core.main.TestCaseExecutor.accessMainPhase(TestCaseExecutor.java:290)
	at com.kms.katalon.core.main.TestCaseExecutor.execute(TestCaseExecutor.java:224)
	at com.kms.katalon.core.main.TestCaseMain.runTestCase(TestCaseMain.java:106)
	at com.kms.katalon.core.keyword.builtin.CallTestCaseKeyword$_callTestCase_closure1.doCall(CallTestCaseKeyword.groovy:59)
	at com.kms.katalon.core.keyword.builtin.CallTestCaseKeyword$_callTestCase_closure1.call(CallTestCaseKeyword.groovy)
	at com.kms.katalon.core.keyword.internal.KeywordMain.runKeyword(KeywordMain.groovy:54)
	at com.kms.katalon.core.keyword.builtin.CallTestCaseKeyword.callTestCase(CallTestCaseKeyword.groovy:80)
	at com.kms.katalon.core.keyword.builtin.CallTestCaseKeyword.execute(CallTestCaseKeyword.groovy:44)
	at com.kms.katalon.core.keyword.internal.KeywordExecutor.executeKeywordForPlatform(KeywordExecutor.groovy:53)
	at com.kms.katalon.core.keyword.BuiltinKeywords.callTestCase(BuiltinKeywords.groovy:334)
	at OTC_Submit Form 7_End to End - Cheque.run(OTC_Submit Form 7_End to End - Cheque:26)
	at com.kms.katalon.core.main.ScriptEngine.run(ScriptEngine.java:194)
	at com.kms.katalon.core.main.ScriptEngine.runScriptAsRawText(ScriptEngine.java:119)
	at com.kms.katalon.core.main.TestCaseExecutor.runScript(TestCaseExecutor.java:328)
	at com.kms.katalon.core.main.TestCaseExecutor.doExecute(TestCaseExecutor.java:319)
	at com.kms.katalon.core.main.TestCaseExecutor.processExecutionPhase(TestCaseExecutor.java:298)
	at com.kms.katalon.core.main.TestCaseExecutor.accessMainPhase(TestCaseExecutor.java:290)
	at com.kms.katalon.core.main.TestCaseExecutor.execute(TestCaseExecutor.java:224)
	at com.kms.katalon.core.main.TestCaseMain.runTestCase(TestCaseMain.java:106)
	at com.kms.katalon.core.keyword.builtin.CallTestCaseKeyword$_callTestCase_closure1.doCall(CallTestCaseKeyword.groovy:59)
	at com.kms.katalon.core.keyword.builtin.CallTestCaseKeyword$_callTestCase_closure1.call(CallTestCaseKeyword.groovy)
	at com.kms.katalon.core.keyword.internal.KeywordMain.runKeyword(KeywordMain.groovy:54)
	at com.kms.katalon.core.keyword.builtin.CallTestCaseKeyword.callTestCase(CallTestCaseKeyword.groovy:80)
	at com.kms.katalon.core.keyword.builtin.CallTestCaseKeyword.execute(CallTestCaseKeyword.groovy:44)
	at com.kms.katalon.core.keyword.internal.KeywordExecutor.executeKeywordForPlatform(KeywordExecutor.groovy:53)
	at com.kms.katalon.core.keyword.BuiltinKeywords.callTestCase(BuiltinKeywords.groovy:334)
	at Approve Application - RIA.run(Approve Application - RIA:16)
	at com.kms.katalon.core.main.ScriptEngine.run(ScriptEngine.java:194)
	at com.kms.katalon.core.main.ScriptEngine.runScriptAsRawText(ScriptEngine.java:119)
	at com.kms.katalon.core.main.TestCaseExecutor.runScript(TestCaseExecutor.java:328)
	at com.kms.katalon.core.main.TestCaseExecutor.doExecute(TestCaseExecutor.java:319)
	at com.kms.katalon.core.main.TestCaseExecutor.processExecutionPhase(TestCaseExecutor.java:298)
	at com.kms.katalon.core.main.TestCaseExecutor.accessMainPhase(TestCaseExecutor.java:290)
	at com.kms.katalon.core.main.TestCaseExecutor.execute(TestCaseExecutor.java:224)
	at com.kms.katalon.core.main.TestSuiteExecutor.accessTestCaseMainPhase(TestSuiteExecutor.java:129)
	at com.kms.katalon.core.main.TestSuiteExecutor.accessTestSuiteMainPhase(TestSuiteExecutor.java:112)
	at com.kms.katalon.core.main.TestSuiteExecutor.execute(TestSuiteExecutor.java:81)
	at com.kms.katalon.core.main.TestCaseMain.startTestSuite(TestCaseMain.java:149)
	at com.kms.katalon.core.main.TestCaseMain$startTestSuite$0.call(Unknown Source)
	at TempTestSuite1550652525208.run(TempTestSuite1550652525208.groovy:36)


2019-02-20 20:03:05 - [MESSAGE][INFO] - Unable to find the element located by 'By.xpath: //span[@id = 'select2-dependentList0dependentRelationId-container' and @title = 'Isteri' and (text() = 'Isteri' or . = 'Isteri')]'. Please recheck the objects properties to make sure the desired element is located. 

2019-02-20 20:03:07 - [MESSAGE][FAILED] - Unable to click on object 'Object Repository/KeatMun/Form 7_default/OTC_Submit Form 7_Section F-G-H/Page_PERKESO/G2. span_Isteri' (Root cause: com.kms.katalon.core.webui.exception.WebElementNotFoundException: Web element with id: 'Object Repository/KeatMun/Form 7_default/OTC_Submit Form 7_Section F-G-H/Page_PERKESO/G2. span_Isteri' located by 'By.xpath: //span[@id = 'select2-dependentList0dependentRelationId-container' and @title = 'Isteri' and (text() = 'Isteri' or . = 'Isteri')]' not found)
[[ATTACHMENT|C:\\Users\\Admin\\Documents\\GitHub\\PKSKatalon\\PKS-EI-ES\\Reports\\New Test Suite\\20190220_164845\\1550664185852.png]]

2019-02-20 20:03:07 - [MESSAGE][FAILED] - click(findTestObject("KeatMun/Form 7_default/OTC_Submit Form 7_Section F-G-H/Page_PERKESO/G2. span_Isteri")) FAILED.
Reason:
com.kms.katalon.core.exception.StepFailedException: Unable to click on object 'Object Repository/KeatMun/Form 7_default/OTC_Submit Form 7_Section F-G-H/Page_PERKESO/G2. span_Isteri' (Root cause: com.kms.katalon.core.webui.exception.WebElementNotFoundException: Web element with id: 'Object Repository/KeatMun/Form 7_default/OTC_Submit Form 7_Section F-G-H/Page_PERKESO/G2. span_Isteri' located by 'By.xpath: //span[@id = 'select2-dependentList0dependentRelationId-container' and @title = 'Isteri' and (text() = 'Isteri' or . = 'Isteri')]' not found)
	at com.kms.katalon.core.keyword.internal.KeywordMain.stepFailed(KeywordMain.groovy:36)
	at com.kms.katalon.core.webui.keyword.internal.WebUIKeywordMain.stepFailed(WebUIKeywordMain.groovy:65)
	at com.kms.katalon.core.webui.keyword.internal.WebUIKeywordMain.runKeyword(WebUIKeywordMain.groovy:27)
	at com.kms.katalon.core.webui.keyword.builtin.ClickKeyword.click(ClickKeyword.groovy:86)
	at com.kms.katalon.core.webui.keyword.builtin.ClickKeyword.execute(ClickKeyword.groovy:67)
	at com.kms.katalon.core.keyword.internal.KeywordExecutor.executeKeywordForPlatform(KeywordExecutor.groovy:53)
	at com.kms.katalon.core.webui.keyword.WebUiBuiltInKeywords.click(WebUiBuiltInKeywords.groovy:616)
	at com.kms.katalon.core.webui.keyword.WebUiBuiltInKeywords$click$3.call(Unknown Source)
	at OTC_Submit Form 7_Section F-G-H - Cheque.run(OTC_Submit Form 7_Section F-G-H - Cheque:41)
	at com.kms.katalon.core.main.ScriptEngine.run(ScriptEngine.java:194)
	at com.kms.katalon.core.main.ScriptEngine.runScriptAsRawText(ScriptEngine.java:119)
	at com.kms.katalon.core.main.TestCaseExecutor.runScript(TestCaseExecutor.java:328)
	at com.kms.katalon.core.main.TestCaseExecutor.doExecute(TestCaseExecutor.java:319)
	at com.kms.katalon.core.main.TestCaseExecutor.processExecutionPhase(TestCaseExecutor.java:298)
	at com.kms.katalon.core.main.TestCaseExecutor.accessMainPhase(TestCaseExecutor.java:290)
	at com.kms.katalon.core.main.TestCaseExecutor.execute(TestCaseExecutor.java:224)
	at com.kms.katalon.core.main.TestCaseMain.runTestCase(TestCaseMain.java:106)
	at com.kms.katalon.core.keyword.builtin.CallTestCaseKeyword$_callTestCase_closure1.doCall(CallTestCaseKeyword.groovy:59)
	at com.kms.katalon.core.keyword.builtin.CallTestCaseKeyword$_callTestCase_closure1.call(CallTestCaseKeyword.groovy)
	at com.kms.katalon.core.keyword.internal.KeywordMain.runKeyword(KeywordMain.groovy:54)
	at com.kms.katalon.core.keyword.builtin.CallTestCaseKeyword.callTestCase(CallTestCaseKeyword.groovy:80)
	at com.kms.katalon.core.keyword.builtin.CallTestCaseKeyword.execute(CallTestCaseKeyword.groovy:44)
	at com.kms.katalon.core.keyword.internal.KeywordExecutor.executeKeywordForPlatform(KeywordExecutor.groovy:53)
	at com.kms.katalon.core.keyword.BuiltinKeywords.callTestCase(BuiltinKeywords.groovy:334)
	at OTC_Submit Form 7_End to End - Cheque.run(OTC_Submit Form 7_End to End - Cheque:26)
	at com.kms.katalon.core.main.ScriptEngine.run(ScriptEngine.java:194)
	at com.kms.katalon.core.main.ScriptEngine.runScriptAsRawText(ScriptEngine.java:119)
	at com.kms.katalon.core.main.TestCaseExecutor.runScript(TestCaseExecutor.java:328)
	at com.kms.katalon.core.main.TestCaseExecutor.doExecute(TestCaseExecutor.java:319)
	at com.kms.katalon.core.main.TestCaseExecutor.processExecutionPhase(TestCaseExecutor.java:298)
	at com.kms.katalon.core.main.TestCaseExecutor.accessMainPhase(TestCaseExecutor.java:290)
	at com.kms.katalon.core.main.TestCaseExecutor.execute(TestCaseExecutor.java:224)
	at com.kms.katalon.core.main.TestCaseMain.runTestCase(TestCaseMain.java:106)
	at com.kms.katalon.core.keyword.builtin.CallTestCaseKeyword$_callTestCase_closure1.doCall(CallTestCaseKeyword.groovy:59)
	at com.kms.katalon.core.keyword.builtin.CallTestCaseKeyword$_callTestCase_closure1.call(CallTestCaseKeyword.groovy)
	at com.kms.katalon.core.keyword.internal.KeywordMain.runKeyword(KeywordMain.groovy:54)
	at com.kms.katalon.core.keyword.builtin.CallTestCaseKeyword.callTestCase(CallTestCaseKeyword.groovy:80)
	at com.kms.katalon.core.keyword.builtin.CallTestCaseKeyword.execute(CallTestCaseKeyword.groovy:44)
	at com.kms.katalon.core.keyword.internal.KeywordExecutor.executeKeywordForPlatform(KeywordExecutor.groovy:53)
	at com.kms.katalon.core.keyword.BuiltinKeywords.callTestCase(BuiltinKeywords.groovy:334)
	at Approve Application - RIA.run(Approve Application - RIA:16)
	at com.kms.katalon.core.main.ScriptEngine.run(ScriptEngine.java:194)
	at com.kms.katalon.core.main.ScriptEngine.runScriptAsRawText(ScriptEngine.java:119)
	at com.kms.katalon.core.main.TestCaseExecutor.runScript(TestCaseExecutor.java:328)
	at com.kms.katalon.core.main.TestCaseExecutor.doExecute(TestCaseExecutor.java:319)
	at com.kms.katalon.core.main.TestCaseExecutor.processExecutionPhase(TestCaseExecutor.java:298)
	at com.kms.katalon.core.main.TestCaseExecutor.accessMainPhase(TestCaseExecutor.java:290)
	at com.kms.katalon.core.main.TestCaseExecutor.execute(TestCaseExecutor.java:224)
	at com.kms.katalon.core.main.TestSuiteExecutor.accessTestCaseMainPhase(TestSuiteExecutor.java:129)
	at com.kms.katalon.core.main.TestSuiteExecutor.accessTestSuiteMainPhase(TestSuiteExecutor.java:112)
	at com.kms.katalon.core.main.TestSuiteExecutor.execute(TestSuiteExecutor.java:81)
	at com.kms.katalon.core.main.TestCaseMain.startTestSuite(TestCaseMain.java:149)
	at com.kms.katalon.core.main.TestCaseMain$startTestSuite$0.call(Unknown Source)
	at TempTestSuite1550652525208.run(TempTestSuite1550652525208.groovy:36)


2019-02-20 20:03:07 - [MESSAGE][FAILED] - Unable to call Test Case 'Test Cases/All TC/Arranged/3. Unit/EI/Form 7_default/OTC_Submit Form 7_Section F-G-H - Cheque' (Root cause: com.kms.katalon.core.exception.StepFailedException: Call Test Case 'Test Cases/All TC/Arranged/3. Unit/EI/Form 7_default/OTC_Submit Form 7_Section F-G-H - Cheque' failed)

2019-02-20 20:03:08 - [MESSAGE][FAILED] - callTestCase(findTestCase("All TC/Arranged/3. Unit/EI/Form 7_default/OTC_Submit Form 7_Section F-G-H - Cheque"), [:], STOP_ON_FAILURE) FAILED.
Reason:
com.kms.katalon.core.exception.StepFailedException: Unable to click on object 'Object Repository/KeatMun/Form 7_default/OTC_Submit Form 7_Section F-G-H/Page_PERKESO/G2. span_Isteri' (Root cause: com.kms.katalon.core.webui.exception.WebElementNotFoundException: Web element with id: 'Object Repository/KeatMun/Form 7_default/OTC_Submit Form 7_Section F-G-H/Page_PERKESO/G2. span_Isteri' located by 'By.xpath: //span[@id = 'select2-dependentList0dependentRelationId-container' and @title = 'Isteri' and (text() = 'Isteri' or . = 'Isteri')]' not found)
	at com.kms.katalon.core.keyword.internal.KeywordMain.stepFailed(KeywordMain.groovy:36)
	at com.kms.katalon.core.webui.keyword.internal.WebUIKeywordMain.stepFailed(WebUIKeywordMain.groovy:65)
	at com.kms.katalon.core.webui.keyword.internal.WebUIKeywordMain.runKeyword(WebUIKeywordMain.groovy:27)
	at com.kms.katalon.core.webui.keyword.builtin.ClickKeyword.click(ClickKeyword.groovy:86)
	at com.kms.katalon.core.webui.keyword.builtin.ClickKeyword.execute(ClickKeyword.groovy:67)
	at com.kms.katalon.core.keyword.internal.KeywordExecutor.executeKeywordForPlatform(KeywordExecutor.groovy:53)
	at com.kms.katalon.core.webui.keyword.WebUiBuiltInKeywords.click(WebUiBuiltInKeywords.groovy:616)
	at com.kms.katalon.core.webui.keyword.WebUiBuiltInKeywords$click$3.call(Unknown Source)
	at OTC_Submit Form 7_Section F-G-H - Cheque.run(OTC_Submit Form 7_Section F-G-H - Cheque:41)
	at com.kms.katalon.core.main.ScriptEngine.run(ScriptEngine.java:194)
	at com.kms.katalon.core.main.ScriptEngine.runScriptAsRawText(ScriptEngine.java:119)
	at com.kms.katalon.core.main.TestCaseExecutor.runScript(TestCaseExecutor.java:328)
	at com.kms.katalon.core.main.TestCaseExecutor.doExecute(TestCaseExecutor.java:319)
	at com.kms.katalon.core.main.TestCaseExecutor.processExecutionPhase(TestCaseExecutor.java:298)
	at com.kms.katalon.core.main.TestCaseExecutor.accessMainPhase(TestCaseExecutor.java:290)
	at com.kms.katalon.core.main.TestCaseExecutor.execute(TestCaseExecutor.java:224)
	at com.kms.katalon.core.main.TestCaseMain.runTestCase(TestCaseMain.java:106)
	at com.kms.katalon.core.keyword.builtin.CallTestCaseKeyword$_callTestCase_closure1.doCall(CallTestCaseKeyword.groovy:59)
	at com.kms.katalon.core.keyword.builtin.CallTestCaseKeyword$_callTestCase_closure1.call(CallTestCaseKeyword.groovy)
	at com.kms.katalon.core.keyword.internal.KeywordMain.runKeyword(KeywordMain.groovy:54)
	at com.kms.katalon.core.keyword.builtin.CallTestCaseKeyword.callTestCase(CallTestCaseKeyword.groovy:80)
	at com.kms.katalon.core.keyword.builtin.CallTestCaseKeyword.execute(CallTestCaseKeyword.groovy:44)
	at com.kms.katalon.core.keyword.internal.KeywordExecutor.executeKeywordForPlatform(KeywordExecutor.groovy:53)
	at com.kms.katalon.core.keyword.BuiltinKeywords.callTestCase(BuiltinKeywords.groovy:334)
	at OTC_Submit Form 7_End to End - Cheque.run(OTC_Submit Form 7_End to End - Cheque:26)
	at com.kms.katalon.core.main.ScriptEngine.run(ScriptEngine.java:194)
	at com.kms.katalon.core.main.ScriptEngine.runScriptAsRawText(ScriptEngine.java:119)
	at com.kms.katalon.core.main.TestCaseExecutor.runScript(TestCaseExecutor.java:328)
	at com.kms.katalon.core.main.TestCaseExecutor.doExecute(TestCaseExecutor.java:319)
	at com.kms.katalon.core.main.TestCaseExecutor.processExecutionPhase(TestCaseExecutor.java:298)
	at com.kms.katalon.core.main.TestCaseExecutor.accessMainPhase(TestCaseExecutor.java:290)
	at com.kms.katalon.core.main.TestCaseExecutor.execute(TestCaseExecutor.java:224)
	at com.kms.katalon.core.main.TestCaseMain.runTestCase(TestCaseMain.java:106)
	at com.kms.katalon.core.keyword.builtin.CallTestCaseKeyword$_callTestCase_closure1.doCall(CallTestCaseKeyword.groovy:59)
	at com.kms.katalon.core.keyword.builtin.CallTestCaseKeyword$_callTestCase_closure1.call(CallTestCaseKeyword.groovy)
	at com.kms.katalon.core.keyword.internal.KeywordMain.runKeyword(KeywordMain.groovy:54)
	at com.kms.katalon.core.keyword.builtin.CallTestCaseKeyword.callTestCase(CallTestCaseKeyword.groovy:80)
	at com.kms.katalon.core.keyword.builtin.CallTestCaseKeyword.execute(CallTestCaseKeyword.groovy:44)
	at com.kms.katalon.core.keyword.internal.KeywordExecutor.executeKeywordForPlatform(KeywordExecutor.groovy:53)
	at com.kms.katalon.core.keyword.BuiltinKeywords.callTestCase(BuiltinKeywords.groovy:334)
	at Approve Application - RIA.run(Approve Application - RIA:16)
	at com.kms.katalon.core.main.ScriptEngine.run(ScriptEngine.java:194)
	at com.kms.katalon.core.main.ScriptEngine.runScriptAsRawText(ScriptEngine.java:119)
	at com.kms.katalon.core.main.TestCaseExecutor.runScript(TestCaseExecutor.java:328)
	at com.kms.katalon.core.main.TestCaseExecutor.doExecute(TestCaseExecutor.java:319)
	at com.kms.katalon.core.main.TestCaseExecutor.processExecutionPhase(TestCaseExecutor.java:298)
	at com.kms.katalon.core.main.TestCaseExecutor.accessMainPhase(TestCaseExecutor.java:290)
	at com.kms.katalon.core.main.TestCaseExecutor.execute(TestCaseExecutor.java:224)
	at com.kms.katalon.core.main.TestSuiteExecutor.accessTestCaseMainPhase(TestSuiteExecutor.java:129)
	at com.kms.katalon.core.main.TestSuiteExecutor.accessTestSuiteMainPhase(TestSuiteExecutor.java:112)
	at com.kms.katalon.core.main.TestSuiteExecutor.execute(TestSuiteExecutor.java:81)
	at com.kms.katalon.core.main.TestCaseMain.startTestSuite(TestCaseMain.java:149)
	at com.kms.katalon.core.main.TestCaseMain$startTestSuite$0.call(Unknown Source)
	at TempTestSuite1550652525208.run(TempTestSuite1550652525208.groovy:36)


2019-02-20 20:03:09 - [MESSAGE][FAILED] - Unable to call Test Case 'Test Cases/All TC/Arranged/2. Segment/OTC_Submit Form 7_End to End - Cheque' (Root cause: com.kms.katalon.core.exception.StepFailedException: Call Test Case 'Test Cases/All TC/Arranged/2. Segment/OTC_Submit Form 7_End to End - Cheque' failed)

2019-02-20 20:03:09 - [MESSAGE][FAILED] - callTestCase(findTestCase("All TC/Arranged/2. Segment/OTC_Submit Form 7_End to End - Cheque"), [:], STOP_ON_FAILURE) FAILED.
Reason:
com.kms.katalon.core.exception.StepFailedException: Unable to click on object 'Object Repository/KeatMun/Form 7_default/OTC_Submit Form 7_Section F-G-H/Page_PERKESO/G2. span_Isteri' (Root cause: com.kms.katalon.core.webui.exception.WebElementNotFoundException: Web element with id: 'Object Repository/KeatMun/Form 7_default/OTC_Submit Form 7_Section F-G-H/Page_PERKESO/G2. span_Isteri' located by 'By.xpath: //span[@id = 'select2-dependentList0dependentRelationId-container' and @title = 'Isteri' and (text() = 'Isteri' or . = 'Isteri')]' not found)
	at com.kms.katalon.core.keyword.internal.KeywordMain.stepFailed(KeywordMain.groovy:36)
	at com.kms.katalon.core.webui.keyword.internal.WebUIKeywordMain.stepFailed(WebUIKeywordMain.groovy:65)
	at com.kms.katalon.core.webui.keyword.internal.WebUIKeywordMain.runKeyword(WebUIKeywordMain.groovy:27)
	at com.kms.katalon.core.webui.keyword.builtin.ClickKeyword.click(ClickKeyword.groovy:86)
	at com.kms.katalon.core.webui.keyword.builtin.ClickKeyword.execute(ClickKeyword.groovy:67)
	at com.kms.katalon.core.keyword.internal.KeywordExecutor.executeKeywordForPlatform(KeywordExecutor.groovy:53)
	at com.kms.katalon.core.webui.keyword.WebUiBuiltInKeywords.click(WebUiBuiltInKeywords.groovy:616)
	at com.kms.katalon.core.webui.keyword.WebUiBuiltInKeywords$click$3.call(Unknown Source)
	at OTC_Submit Form 7_Section F-G-H - Cheque.run(OTC_Submit Form 7_Section F-G-H - Cheque:41)
	at com.kms.katalon.core.main.ScriptEngine.run(ScriptEngine.java:194)
	at com.kms.katalon.core.main.ScriptEngine.runScriptAsRawText(ScriptEngine.java:119)
	at com.kms.katalon.core.main.TestCaseExecutor.runScript(TestCaseExecutor.java:328)
	at com.kms.katalon.core.main.TestCaseExecutor.doExecute(TestCaseExecutor.java:319)
	at com.kms.katalon.core.main.TestCaseExecutor.processExecutionPhase(TestCaseExecutor.java:298)
	at com.kms.katalon.core.main.TestCaseExecutor.accessMainPhase(TestCaseExecutor.java:290)
	at com.kms.katalon.core.main.TestCaseExecutor.execute(TestCaseExecutor.java:224)
	at com.kms.katalon.core.main.TestCaseMain.runTestCase(TestCaseMain.java:106)
	at com.kms.katalon.core.keyword.builtin.CallTestCaseKeyword$_callTestCase_closure1.doCall(CallTestCaseKeyword.groovy:59)
	at com.kms.katalon.core.keyword.builtin.CallTestCaseKeyword$_callTestCase_closure1.call(CallTestCaseKeyword.groovy)
	at com.kms.katalon.core.keyword.internal.KeywordMain.runKeyword(KeywordMain.groovy:54)
	at com.kms.katalon.core.keyword.builtin.CallTestCaseKeyword.callTestCase(CallTestCaseKeyword.groovy:80)
	at com.kms.katalon.core.keyword.builtin.CallTestCaseKeyword.execute(CallTestCaseKeyword.groovy:44)
	at com.kms.katalon.core.keyword.internal.KeywordExecutor.executeKeywordForPlatform(KeywordExecutor.groovy:53)
	at com.kms.katalon.core.keyword.BuiltinKeywords.callTestCase(BuiltinKeywords.groovy:334)
	at OTC_Submit Form 7_End to End - Cheque.run(OTC_Submit Form 7_End to End - Cheque:26)
	at com.kms.katalon.core.main.ScriptEngine.run(ScriptEngine.java:194)
	at com.kms.katalon.core.main.ScriptEngine.runScriptAsRawText(ScriptEngine.java:119)
	at com.kms.katalon.core.main.TestCaseExecutor.runScript(TestCaseExecutor.java:328)
	at com.kms.katalon.core.main.TestCaseExecutor.doExecute(TestCaseExecutor.java:319)
	at com.kms.katalon.core.main.TestCaseExecutor.processExecutionPhase(TestCaseExecutor.java:298)
	at com.kms.katalon.core.main.TestCaseExecutor.accessMainPhase(TestCaseExecutor.java:290)
	at com.kms.katalon.core.main.TestCaseExecutor.execute(TestCaseExecutor.java:224)
	at com.kms.katalon.core.main.TestCaseMain.runTestCase(TestCaseMain.java:106)
	at com.kms.katalon.core.keyword.builtin.CallTestCaseKeyword$_callTestCase_closure1.doCall(CallTestCaseKeyword.groovy:59)
	at com.kms.katalon.core.keyword.builtin.CallTestCaseKeyword$_callTestCase_closure1.call(CallTestCaseKeyword.groovy)
	at com.kms.katalon.core.keyword.internal.KeywordMain.runKeyword(KeywordMain.groovy:54)
	at com.kms.katalon.core.keyword.builtin.CallTestCaseKeyword.callTestCase(CallTestCaseKeyword.groovy:80)
	at com.kms.katalon.core.keyword.builtin.CallTestCaseKeyword.execute(CallTestCaseKeyword.groovy:44)
	at com.kms.katalon.core.keyword.internal.KeywordExecutor.executeKeywordForPlatform(KeywordExecutor.groovy:53)
	at com.kms.katalon.core.keyword.BuiltinKeywords.callTestCase(BuiltinKeywords.groovy:334)
	at Approve Application - RIA.run(Approve Application - RIA:16)
	at com.kms.katalon.core.main.ScriptEngine.run(ScriptEngine.java:194)
	at com.kms.katalon.core.main.ScriptEngine.runScriptAsRawText(ScriptEngine.java:119)
	at com.kms.katalon.core.main.TestCaseExecutor.runScript(TestCaseExecutor.java:328)
	at com.kms.katalon.core.main.TestCaseExecutor.doExecute(TestCaseExecutor.java:319)
	at com.kms.katalon.core.main.TestCaseExecutor.processExecutionPhase(TestCaseExecutor.java:298)
	at com.kms.katalon.core.main.TestCaseExecutor.accessMainPhase(TestCaseExecutor.java:290)
	at com.kms.katalon.core.main.TestCaseExecutor.execute(TestCaseExecutor.java:224)
	at com.kms.katalon.core.main.TestSuiteExecutor.accessTestCaseMainPhase(TestSuiteExecutor.java:129)
	at com.kms.katalon.core.main.TestSuiteExecutor.accessTestSuiteMainPhase(TestSuiteExecutor.java:112)
	at com.kms.katalon.core.main.TestSuiteExecutor.execute(TestSuiteExecutor.java:81)
	at com.kms.katalon.core.main.TestCaseMain.startTestSuite(TestCaseMain.java:149)
	at com.kms.katalon.core.main.TestCaseMain$startTestSuite$0.call(Unknown Source)
	at TempTestSuite1550652525208.run(TempTestSuite1550652525208.groovy:36)]]></system-out>
         <system-err><![CDATA[2019-02-20 19:53:22 - [TEST_CASE][FAILED] - Test Cases/All TC/Arranged/0. Full Flow/Approve Application - RIA: Test Cases/All TC/Arranged/0. Full Flow/Approve Application - RIA FAILED.
Reason:
com.kms.katalon.core.exception.StepFailedException: Unable to click on object 'Object Repository/KeatMun/Form 7_default/OTC_Submit Form 7_Section F-G-H/Page_PERKESO/G2. span_Isteri' (Root cause: com.kms.katalon.core.webui.exception.WebElementNotFoundException: Web element with id: 'Object Repository/KeatMun/Form 7_default/OTC_Submit Form 7_Section F-G-H/Page_PERKESO/G2. span_Isteri' located by 'By.xpath: //span[@id = 'select2-dependentList0dependentRelationId-container' and @title = 'Isteri' and (text() = 'Isteri' or . = 'Isteri')]' not found)
	at com.kms.katalon.core.keyword.internal.KeywordMain.stepFailed(KeywordMain.groovy:36)
	at com.kms.katalon.core.webui.keyword.internal.WebUIKeywordMain.stepFailed(WebUIKeywordMain.groovy:65)
	at com.kms.katalon.core.webui.keyword.internal.WebUIKeywordMain.runKeyword(WebUIKeywordMain.groovy:27)
	at com.kms.katalon.core.webui.keyword.builtin.ClickKeyword.click(ClickKeyword.groovy:86)
	at com.kms.katalon.core.webui.keyword.builtin.ClickKeyword.execute(ClickKeyword.groovy:67)
	at com.kms.katalon.core.keyword.internal.KeywordExecutor.executeKeywordForPlatform(KeywordExecutor.groovy:53)
	at com.kms.katalon.core.webui.keyword.WebUiBuiltInKeywords.click(WebUiBuiltInKeywords.groovy:616)
	at com.kms.katalon.core.webui.keyword.WebUiBuiltInKeywords$click$3.call(Unknown Source)
	at OTC_Submit Form 7_Section F-G-H - Cheque.run(OTC_Submit Form 7_Section F-G-H - Cheque:41)
	at com.kms.katalon.core.main.ScriptEngine.run(ScriptEngine.java:194)
	at com.kms.katalon.core.main.ScriptEngine.runScriptAsRawText(ScriptEngine.java:119)
	at com.kms.katalon.core.main.TestCaseExecutor.runScript(TestCaseExecutor.java:328)
	at com.kms.katalon.core.main.TestCaseExecutor.doExecute(TestCaseExecutor.java:319)
	at com.kms.katalon.core.main.TestCaseExecutor.processExecutionPhase(TestCaseExecutor.java:298)
	at com.kms.katalon.core.main.TestCaseExecutor.accessMainPhase(TestCaseExecutor.java:290)
	at com.kms.katalon.core.main.TestCaseExecutor.execute(TestCaseExecutor.java:224)
	at com.kms.katalon.core.main.TestCaseMain.runTestCase(TestCaseMain.java:106)
	at com.kms.katalon.core.keyword.builtin.CallTestCaseKeyword$_callTestCase_closure1.doCall(CallTestCaseKeyword.groovy:59)
	at com.kms.katalon.core.keyword.builtin.CallTestCaseKeyword$_callTestCase_closure1.call(CallTestCaseKeyword.groovy)
	at com.kms.katalon.core.keyword.internal.KeywordMain.runKeyword(KeywordMain.groovy:54)
	at com.kms.katalon.core.keyword.builtin.CallTestCaseKeyword.callTestCase(CallTestCaseKeyword.groovy:80)
	at com.kms.katalon.core.keyword.builtin.CallTestCaseKeyword.execute(CallTestCaseKeyword.groovy:44)
	at com.kms.katalon.core.keyword.internal.KeywordExecutor.executeKeywordForPlatform(KeywordExecutor.groovy:53)
	at com.kms.katalon.core.keyword.BuiltinKeywords.callTestCase(BuiltinKeywords.groovy:334)
	at OTC_Submit Form 7_End to End - Cheque.run(OTC_Submit Form 7_End to End - Cheque:26)
	at com.kms.katalon.core.main.ScriptEngine.run(ScriptEngine.java:194)
	at com.kms.katalon.core.main.ScriptEngine.runScriptAsRawText(ScriptEngine.java:119)
	at com.kms.katalon.core.main.TestCaseExecutor.runScript(TestCaseExecutor.java:328)
	at com.kms.katalon.core.main.TestCaseExecutor.doExecute(TestCaseExecutor.java:319)
	at com.kms.katalon.core.main.TestCaseExecutor.processExecutionPhase(TestCaseExecutor.java:298)
	at com.kms.katalon.core.main.TestCaseExecutor.accessMainPhase(TestCaseExecutor.java:290)
	at com.kms.katalon.core.main.TestCaseExecutor.execute(TestCaseExecutor.java:224)
	at com.kms.katalon.core.main.TestCaseMain.runTestCase(TestCaseMain.java:106)
	at com.kms.katalon.core.keyword.builtin.CallTestCaseKeyword$_callTestCase_closure1.doCall(CallTestCaseKeyword.groovy:59)
	at com.kms.katalon.core.keyword.builtin.CallTestCaseKeyword$_callTestCase_closure1.call(CallTestCaseKeyword.groovy)
	at com.kms.katalon.core.keyword.internal.KeywordMain.runKeyword(KeywordMain.groovy:54)
	at com.kms.katalon.core.keyword.builtin.CallTestCaseKeyword.callTestCase(CallTestCaseKeyword.groovy:80)
	at com.kms.katalon.core.keyword.builtin.CallTestCaseKeyword.execute(CallTestCaseKeyword.groovy:44)
	at com.kms.katalon.core.keyword.internal.KeywordExecutor.executeKeywordForPlatform(KeywordExecutor.groovy:53)
	at com.kms.katalon.core.keyword.BuiltinKeywords.callTestCase(BuiltinKeywords.groovy:334)
	at Approve Application - RIA.run(Approve Application - RIA:16)
	at com.kms.katalon.core.main.ScriptEngine.run(ScriptEngine.java:194)
	at com.kms.katalon.core.main.ScriptEngine.runScriptAsRawText(ScriptEngine.java:119)
	at com.kms.katalon.core.main.TestCaseExecutor.runScript(TestCaseExecutor.java:328)
	at com.kms.katalon.core.main.TestCaseExecutor.doExecute(TestCaseExecutor.java:319)
	at com.kms.katalon.core.main.TestCaseExecutor.processExecutionPhase(TestCaseExecutor.java:298)
	at com.kms.katalon.core.main.TestCaseExecutor.accessMainPhase(TestCaseExecutor.java:290)
	at com.kms.katalon.core.main.TestCaseExecutor.execute(TestCaseExecutor.java:224)
	at com.kms.katalon.core.main.TestSuiteExecutor.accessTestCaseMainPhase(TestSuiteExecutor.java:129)
	at com.kms.katalon.core.main.TestSuiteExecutor.accessTestSuiteMainPhase(TestSuiteExecutor.java:112)
	at com.kms.katalon.core.main.TestSuiteExecutor.execute(TestSuiteExecutor.java:81)
	at com.kms.katalon.core.main.TestCaseMain.startTestSuite(TestCaseMain.java:149)
	at com.kms.katalon.core.main.TestCaseMain$startTestSuite$0.call(Unknown Source)
	at TempTestSuite1550652525208.run(TempTestSuite1550652525208.groovy:36)]]></system-err>
      </testcase>
      <testcase name="Test Cases/All TC/Arranged/0. Full Flow/Approve Application - JSA" classname="Test Cases/All TC/Arranged/0. Full Flow/Approve Application - JSA" status="FAILED">
         <failure type="FAILED" message="Test Cases/All TC/Arranged/0. Full Flow/Approve Application - JSA FAILED.
Reason:
com.kms.katalon.core.exception.StepFailedException: Unable to click on object 'Object Repository/KeatMun/Form 7_default/OTC_Submit Form 7_Section F-G-H/Page_PERKESO/G2. span_Isteri' (Root cause: com.kms.katalon.core.webui.exception.WebElementNotFoundException: Web element with id: 'Object Repository/KeatMun/Form 7_default/OTC_Submit Form 7_Section F-G-H/Page_PERKESO/G2. span_Isteri' located by 'By.xpath: //span[@id = 'select2-dependentList0dependentRelationId-container' and @title = 'Isteri' and (text() = 'Isteri' or . = 'Isteri')]' not found)
	at com.kms.katalon.core.keyword.internal.KeywordMain.stepFailed(KeywordMain.groovy:36)
	at com.kms.katalon.core.webui.keyword.internal.WebUIKeywordMain.stepFailed(WebUIKeywordMain.groovy:65)
	at com.kms.katalon.core.webui.keyword.internal.WebUIKeywordMain.runKeyword(WebUIKeywordMain.groovy:27)
	at com.kms.katalon.core.webui.keyword.builtin.ClickKeyword.click(ClickKeyword.groovy:86)
	at com.kms.katalon.core.webui.keyword.builtin.ClickKeyword.execute(ClickKeyword.groovy:67)
	at com.kms.katalon.core.keyword.internal.KeywordExecutor.executeKeywordForPlatform(KeywordExecutor.groovy:53)
	at com.kms.katalon.core.webui.keyword.WebUiBuiltInKeywords.click(WebUiBuiltInKeywords.groovy:616)
	at com.kms.katalon.core.webui.keyword.WebUiBuiltInKeywords$click$3.call(Unknown Source)
	at OTC_Submit Form 7_Section F-G-H - Cheque.run(OTC_Submit Form 7_Section F-G-H - Cheque:41)
	at com.kms.katalon.core.main.ScriptEngine.run(ScriptEngine.java:194)
	at com.kms.katalon.core.main.ScriptEngine.runScriptAsRawText(ScriptEngine.java:119)
	at com.kms.katalon.core.main.TestCaseExecutor.runScript(TestCaseExecutor.java:328)
	at com.kms.katalon.core.main.TestCaseExecutor.doExecute(TestCaseExecutor.java:319)
	at com.kms.katalon.core.main.TestCaseExecutor.processExecutionPhase(TestCaseExecutor.java:298)
	at com.kms.katalon.core.main.TestCaseExecutor.accessMainPhase(TestCaseExecutor.java:290)
	at com.kms.katalon.core.main.TestCaseExecutor.execute(TestCaseExecutor.java:224)
	at com.kms.katalon.core.main.TestCaseMain.runTestCase(TestCaseMain.java:106)
	at com.kms.katalon.core.keyword.builtin.CallTestCaseKeyword$_callTestCase_closure1.doCall(CallTestCaseKeyword.groovy:59)
	at com.kms.katalon.core.keyword.builtin.CallTestCaseKeyword$_callTestCase_closure1.call(CallTestCaseKeyword.groovy)
	at com.kms.katalon.core.keyword.internal.KeywordMain.runKeyword(KeywordMain.groovy:54)
	at com.kms.katalon.core.keyword.builtin.CallTestCaseKeyword.callTestCase(CallTestCaseKeyword.groovy:80)
	at com.kms.katalon.core.keyword.builtin.CallTestCaseKeyword.execute(CallTestCaseKeyword.groovy:44)
	at com.kms.katalon.core.keyword.internal.KeywordExecutor.executeKeywordForPlatform(KeywordExecutor.groovy:53)
	at com.kms.katalon.core.keyword.BuiltinKeywords.callTestCase(BuiltinKeywords.groovy:334)
	at OTC_Submit Form 7_End to End - Cheque.run(OTC_Submit Form 7_End to End - Cheque:26)
	at com.kms.katalon.core.main.ScriptEngine.run(ScriptEngine.java:194)
	at com.kms.katalon.core.main.ScriptEngine.runScriptAsRawText(ScriptEngine.java:119)
	at com.kms.katalon.core.main.TestCaseExecutor.runScript(TestCaseExecutor.java:328)
	at com.kms.katalon.core.main.TestCaseExecutor.doExecute(TestCaseExecutor.java:319)
	at com.kms.katalon.core.main.TestCaseExecutor.processExecutionPhase(TestCaseExecutor.java:298)
	at com.kms.katalon.core.main.TestCaseExecutor.accessMainPhase(TestCaseExecutor.java:290)
	at com.kms.katalon.core.main.TestCaseExecutor.execute(TestCaseExecutor.java:224)
	at com.kms.katalon.core.main.TestCaseMain.runTestCase(TestCaseMain.java:106)
	at com.kms.katalon.core.keyword.builtin.CallTestCaseKeyword$_callTestCase_closure1.doCall(CallTestCaseKeyword.groovy:59)
	at com.kms.katalon.core.keyword.builtin.CallTestCaseKeyword$_callTestCase_closure1.call(CallTestCaseKeyword.groovy)
	at com.kms.katalon.core.keyword.internal.KeywordMain.runKeyword(KeywordMain.groovy:54)
	at com.kms.katalon.core.keyword.builtin.CallTestCaseKeyword.callTestCase(CallTestCaseKeyword.groovy:80)
	at com.kms.katalon.core.keyword.builtin.CallTestCaseKeyword.execute(CallTestCaseKeyword.groovy:44)
	at com.kms.katalon.core.keyword.internal.KeywordExecutor.executeKeywordForPlatform(KeywordExecutor.groovy:53)
	at com.kms.katalon.core.keyword.BuiltinKeywords.callTestCase(BuiltinKeywords.groovy:334)
	at Approve Application - JSA.run(Approve Application - JSA:16)
	at com.kms.katalon.core.main.ScriptEngine.run(ScriptEngine.java:194)
	at com.kms.katalon.core.main.ScriptEngine.runScriptAsRawText(ScriptEngine.java:119)
	at com.kms.katalon.core.main.TestCaseExecutor.runScript(TestCaseExecutor.java:328)
	at com.kms.katalon.core.main.TestCaseExecutor.doExecute(TestCaseExecutor.java:319)
	at com.kms.katalon.core.main.TestCaseExecutor.processExecutionPhase(TestCaseExecutor.java:298)
	at com.kms.katalon.core.main.TestCaseExecutor.accessMainPhase(TestCaseExecutor.java:290)
	at com.kms.katalon.core.main.TestCaseExecutor.execute(TestCaseExecutor.java:224)
	at com.kms.katalon.core.main.TestSuiteExecutor.accessTestCaseMainPhase(TestSuiteExecutor.java:129)
	at com.kms.katalon.core.main.TestSuiteExecutor.accessTestSuiteMainPhase(TestSuiteExecutor.java:112)
	at com.kms.katalon.core.main.TestSuiteExecutor.execute(TestSuiteExecutor.java:81)
	at com.kms.katalon.core.main.TestCaseMain.startTestSuite(TestCaseMain.java:149)
	at com.kms.katalon.core.main.TestCaseMain$startTestSuite$0.call(Unknown Source)
	at TempTestSuite1550652525208.run(TempTestSuite1550652525208.groovy:36)
"/>
         <system-out><![CDATA[2019-02-20 20:03:09 - [TEST_CASE][FAILED] - Test Cases/All TC/Arranged/0. Full Flow/Approve Application - JSA: Test Cases/All TC/Arranged/0. Full Flow/Approve Application - JSA FAILED.
Reason:
com.kms.katalon.core.exception.StepFailedException: Unable to click on object 'Object Repository/KeatMun/Form 7_default/OTC_Submit Form 7_Section F-G-H/Page_PERKESO/G2. span_Isteri' (Root cause: com.kms.katalon.core.webui.exception.WebElementNotFoundException: Web element with id: 'Object Repository/KeatMun/Form 7_default/OTC_Submit Form 7_Section F-G-H/Page_PERKESO/G2. span_Isteri' located by 'By.xpath: //span[@id = 'select2-dependentList0dependentRelationId-container' and @title = 'Isteri' and (text() = 'Isteri' or . = 'Isteri')]' not found)
	at com.kms.katalon.core.keyword.internal.KeywordMain.stepFailed(KeywordMain.groovy:36)
	at com.kms.katalon.core.webui.keyword.internal.WebUIKeywordMain.stepFailed(WebUIKeywordMain.groovy:65)
	at com.kms.katalon.core.webui.keyword.internal.WebUIKeywordMain.runKeyword(WebUIKeywordMain.groovy:27)
	at com.kms.katalon.core.webui.keyword.builtin.ClickKeyword.click(ClickKeyword.groovy:86)
	at com.kms.katalon.core.webui.keyword.builtin.ClickKeyword.execute(ClickKeyword.groovy:67)
	at com.kms.katalon.core.keyword.internal.KeywordExecutor.executeKeywordForPlatform(KeywordExecutor.groovy:53)
	at com.kms.katalon.core.webui.keyword.WebUiBuiltInKeywords.click(WebUiBuiltInKeywords.groovy:616)
	at com.kms.katalon.core.webui.keyword.WebUiBuiltInKeywords$click$3.call(Unknown Source)
	at OTC_Submit Form 7_Section F-G-H - Cheque.run(OTC_Submit Form 7_Section F-G-H - Cheque:41)
	at com.kms.katalon.core.main.ScriptEngine.run(ScriptEngine.java:194)
	at com.kms.katalon.core.main.ScriptEngine.runScriptAsRawText(ScriptEngine.java:119)
	at com.kms.katalon.core.main.TestCaseExecutor.runScript(TestCaseExecutor.java:328)
	at com.kms.katalon.core.main.TestCaseExecutor.doExecute(TestCaseExecutor.java:319)
	at com.kms.katalon.core.main.TestCaseExecutor.processExecutionPhase(TestCaseExecutor.java:298)
	at com.kms.katalon.core.main.TestCaseExecutor.accessMainPhase(TestCaseExecutor.java:290)
	at com.kms.katalon.core.main.TestCaseExecutor.execute(TestCaseExecutor.java:224)
	at com.kms.katalon.core.main.TestCaseMain.runTestCase(TestCaseMain.java:106)
	at com.kms.katalon.core.keyword.builtin.CallTestCaseKeyword$_callTestCase_closure1.doCall(CallTestCaseKeyword.groovy:59)
	at com.kms.katalon.core.keyword.builtin.CallTestCaseKeyword$_callTestCase_closure1.call(CallTestCaseKeyword.groovy)
	at com.kms.katalon.core.keyword.internal.KeywordMain.runKeyword(KeywordMain.groovy:54)
	at com.kms.katalon.core.keyword.builtin.CallTestCaseKeyword.callTestCase(CallTestCaseKeyword.groovy:80)
	at com.kms.katalon.core.keyword.builtin.CallTestCaseKeyword.execute(CallTestCaseKeyword.groovy:44)
	at com.kms.katalon.core.keyword.internal.KeywordExecutor.executeKeywordForPlatform(KeywordExecutor.groovy:53)
	at com.kms.katalon.core.keyword.BuiltinKeywords.callTestCase(BuiltinKeywords.groovy:334)
	at OTC_Submit Form 7_End to End - Cheque.run(OTC_Submit Form 7_End to End - Cheque:26)
	at com.kms.katalon.core.main.ScriptEngine.run(ScriptEngine.java:194)
	at com.kms.katalon.core.main.ScriptEngine.runScriptAsRawText(ScriptEngine.java:119)
	at com.kms.katalon.core.main.TestCaseExecutor.runScript(TestCaseExecutor.java:328)
	at com.kms.katalon.core.main.TestCaseExecutor.doExecute(TestCaseExecutor.java:319)
	at com.kms.katalon.core.main.TestCaseExecutor.processExecutionPhase(TestCaseExecutor.java:298)
	at com.kms.katalon.core.main.TestCaseExecutor.accessMainPhase(TestCaseExecutor.java:290)
	at com.kms.katalon.core.main.TestCaseExecutor.execute(TestCaseExecutor.java:224)
	at com.kms.katalon.core.main.TestCaseMain.runTestCase(TestCaseMain.java:106)
	at com.kms.katalon.core.keyword.builtin.CallTestCaseKeyword$_callTestCase_closure1.doCall(CallTestCaseKeyword.groovy:59)
	at com.kms.katalon.core.keyword.builtin.CallTestCaseKeyword$_callTestCase_closure1.call(CallTestCaseKeyword.groovy)
	at com.kms.katalon.core.keyword.internal.KeywordMain.runKeyword(KeywordMain.groovy:54)
	at com.kms.katalon.core.keyword.builtin.CallTestCaseKeyword.callTestCase(CallTestCaseKeyword.groovy:80)
	at com.kms.katalon.core.keyword.builtin.CallTestCaseKeyword.execute(CallTestCaseKeyword.groovy:44)
	at com.kms.katalon.core.keyword.internal.KeywordExecutor.executeKeywordForPlatform(KeywordExecutor.groovy:53)
	at com.kms.katalon.core.keyword.BuiltinKeywords.callTestCase(BuiltinKeywords.groovy:334)
	at Approve Application - JSA.run(Approve Application - JSA:16)
	at com.kms.katalon.core.main.ScriptEngine.run(ScriptEngine.java:194)
	at com.kms.katalon.core.main.ScriptEngine.runScriptAsRawText(ScriptEngine.java:119)
	at com.kms.katalon.core.main.TestCaseExecutor.runScript(TestCaseExecutor.java:328)
	at com.kms.katalon.core.main.TestCaseExecutor.doExecute(TestCaseExecutor.java:319)
	at com.kms.katalon.core.main.TestCaseExecutor.processExecutionPhase(TestCaseExecutor.java:298)
	at com.kms.katalon.core.main.TestCaseExecutor.accessMainPhase(TestCaseExecutor.java:290)
	at com.kms.katalon.core.main.TestCaseExecutor.execute(TestCaseExecutor.java:224)
	at com.kms.katalon.core.main.TestSuiteExecutor.accessTestCaseMainPhase(TestSuiteExecutor.java:129)
	at com.kms.katalon.core.main.TestSuiteExecutor.accessTestSuiteMainPhase(TestSuiteExecutor.java:112)
	at com.kms.katalon.core.main.TestSuiteExecutor.execute(TestSuiteExecutor.java:81)
	at com.kms.katalon.core.main.TestCaseMain.startTestSuite(TestCaseMain.java:149)
	at com.kms.katalon.core.main.TestCaseMain$startTestSuite$0.call(Unknown Source)
	at TempTestSuite1550652525208.run(TempTestSuite1550652525208.groovy:36)


2019-02-20 20:03:10 - [TEST_STEP][FAILED] - callTestCase(findTestCase("All TC/Arranged/2. Segment/OTC_Submit Form 7_End to End - Cheque"), [:], STOP_ON_FAILURE): callTestCase(findTestCase("All TC/Arranged/2. Segment/OTC_Submit Form 7_End to End - Cheque"), [:], STOP_ON_FAILURE) FAILED.
Reason:
com.kms.katalon.core.exception.StepFailedException: Unable to click on object 'Object Repository/KeatMun/Form 7_default/OTC_Submit Form 7_Section F-G-H/Page_PERKESO/G2. span_Isteri' (Root cause: com.kms.katalon.core.webui.exception.WebElementNotFoundException: Web element with id: 'Object Repository/KeatMun/Form 7_default/OTC_Submit Form 7_Section F-G-H/Page_PERKESO/G2. span_Isteri' located by 'By.xpath: //span[@id = 'select2-dependentList0dependentRelationId-container' and @title = 'Isteri' and (text() = 'Isteri' or . = 'Isteri')]' not found)
	at com.kms.katalon.core.keyword.internal.KeywordMain.stepFailed(KeywordMain.groovy:36)
	at com.kms.katalon.core.webui.keyword.internal.WebUIKeywordMain.stepFailed(WebUIKeywordMain.groovy:65)
	at com.kms.katalon.core.webui.keyword.internal.WebUIKeywordMain.runKeyword(WebUIKeywordMain.groovy:27)
	at com.kms.katalon.core.webui.keyword.builtin.ClickKeyword.click(ClickKeyword.groovy:86)
	at com.kms.katalon.core.webui.keyword.builtin.ClickKeyword.execute(ClickKeyword.groovy:67)
	at com.kms.katalon.core.keyword.internal.KeywordExecutor.executeKeywordForPlatform(KeywordExecutor.groovy:53)
	at com.kms.katalon.core.webui.keyword.WebUiBuiltInKeywords.click(WebUiBuiltInKeywords.groovy:616)
	at com.kms.katalon.core.webui.keyword.WebUiBuiltInKeywords$click$3.call(Unknown Source)
	at OTC_Submit Form 7_Section F-G-H - Cheque.run(OTC_Submit Form 7_Section F-G-H - Cheque:41)
	at com.kms.katalon.core.main.ScriptEngine.run(ScriptEngine.java:194)
	at com.kms.katalon.core.main.ScriptEngine.runScriptAsRawText(ScriptEngine.java:119)
	at com.kms.katalon.core.main.TestCaseExecutor.runScript(TestCaseExecutor.java:328)
	at com.kms.katalon.core.main.TestCaseExecutor.doExecute(TestCaseExecutor.java:319)
	at com.kms.katalon.core.main.TestCaseExecutor.processExecutionPhase(TestCaseExecutor.java:298)
	at com.kms.katalon.core.main.TestCaseExecutor.accessMainPhase(TestCaseExecutor.java:290)
	at com.kms.katalon.core.main.TestCaseExecutor.execute(TestCaseExecutor.java:224)
	at com.kms.katalon.core.main.TestCaseMain.runTestCase(TestCaseMain.java:106)
	at com.kms.katalon.core.keyword.builtin.CallTestCaseKeyword$_callTestCase_closure1.doCall(CallTestCaseKeyword.groovy:59)
	at com.kms.katalon.core.keyword.builtin.CallTestCaseKeyword$_callTestCase_closure1.call(CallTestCaseKeyword.groovy)
	at com.kms.katalon.core.keyword.internal.KeywordMain.runKeyword(KeywordMain.groovy:54)
	at com.kms.katalon.core.keyword.builtin.CallTestCaseKeyword.callTestCase(CallTestCaseKeyword.groovy:80)
	at com.kms.katalon.core.keyword.builtin.CallTestCaseKeyword.execute(CallTestCaseKeyword.groovy:44)
	at com.kms.katalon.core.keyword.internal.KeywordExecutor.executeKeywordForPlatform(KeywordExecutor.groovy:53)
	at com.kms.katalon.core.keyword.BuiltinKeywords.callTestCase(BuiltinKeywords.groovy:334)
	at OTC_Submit Form 7_End to End - Cheque.run(OTC_Submit Form 7_End to End - Cheque:26)
	at com.kms.katalon.core.main.ScriptEngine.run(ScriptEngine.java:194)
	at com.kms.katalon.core.main.ScriptEngine.runScriptAsRawText(ScriptEngine.java:119)
	at com.kms.katalon.core.main.TestCaseExecutor.runScript(TestCaseExecutor.java:328)
	at com.kms.katalon.core.main.TestCaseExecutor.doExecute(TestCaseExecutor.java:319)
	at com.kms.katalon.core.main.TestCaseExecutor.processExecutionPhase(TestCaseExecutor.java:298)
	at com.kms.katalon.core.main.TestCaseExecutor.accessMainPhase(TestCaseExecutor.java:290)
	at com.kms.katalon.core.main.TestCaseExecutor.execute(TestCaseExecutor.java:224)
	at com.kms.katalon.core.main.TestCaseMain.runTestCase(TestCaseMain.java:106)
	at com.kms.katalon.core.keyword.builtin.CallTestCaseKeyword$_callTestCase_closure1.doCall(CallTestCaseKeyword.groovy:59)
	at com.kms.katalon.core.keyword.builtin.CallTestCaseKeyword$_callTestCase_closure1.call(CallTestCaseKeyword.groovy)
	at com.kms.katalon.core.keyword.internal.KeywordMain.runKeyword(KeywordMain.groovy:54)
	at com.kms.katalon.core.keyword.builtin.CallTestCaseKeyword.callTestCase(CallTestCaseKeyword.groovy:80)
	at com.kms.katalon.core.keyword.builtin.CallTestCaseKeyword.execute(CallTestCaseKeyword.groovy:44)
	at com.kms.katalon.core.keyword.internal.KeywordExecutor.executeKeywordForPlatform(KeywordExecutor.groovy:53)
	at com.kms.katalon.core.keyword.BuiltinKeywords.callTestCase(BuiltinKeywords.groovy:334)
	at Approve Application - JSA.run(Approve Application - JSA:16)
	at com.kms.katalon.core.main.ScriptEngine.run(ScriptEngine.java:194)
	at com.kms.katalon.core.main.ScriptEngine.runScriptAsRawText(ScriptEngine.java:119)
	at com.kms.katalon.core.main.TestCaseExecutor.runScript(TestCaseExecutor.java:328)
	at com.kms.katalon.core.main.TestCaseExecutor.doExecute(TestCaseExecutor.java:319)
	at com.kms.katalon.core.main.TestCaseExecutor.processExecutionPhase(TestCaseExecutor.java:298)
	at com.kms.katalon.core.main.TestCaseExecutor.accessMainPhase(TestCaseExecutor.java:290)
	at com.kms.katalon.core.main.TestCaseExecutor.execute(TestCaseExecutor.java:224)
	at com.kms.katalon.core.main.TestSuiteExecutor.accessTestCaseMainPhase(TestSuiteExecutor.java:129)
	at com.kms.katalon.core.main.TestSuiteExecutor.accessTestSuiteMainPhase(TestSuiteExecutor.java:112)
	at com.kms.katalon.core.main.TestSuiteExecutor.execute(TestSuiteExecutor.java:81)
	at com.kms.katalon.core.main.TestCaseMain.startTestSuite(TestCaseMain.java:149)
	at com.kms.katalon.core.main.TestCaseMain$startTestSuite$0.call(Unknown Source)
	at TempTestSuite1550652525208.run(TempTestSuite1550652525208.groovy:36)


2019-02-20 20:03:10 - [TEST_CASE][FAILED] - Test Cases/All TC/Arranged/2. Segment/OTC_Submit Form 7_End to End - Cheque: Test Cases/All TC/Arranged/2. Segment/OTC_Submit Form 7_End to End - Cheque FAILED.
Reason:
com.kms.katalon.core.exception.StepFailedException: Unable to click on object 'Object Repository/KeatMun/Form 7_default/OTC_Submit Form 7_Section F-G-H/Page_PERKESO/G2. span_Isteri' (Root cause: com.kms.katalon.core.webui.exception.WebElementNotFoundException: Web element with id: 'Object Repository/KeatMun/Form 7_default/OTC_Submit Form 7_Section F-G-H/Page_PERKESO/G2. span_Isteri' located by 'By.xpath: //span[@id = 'select2-dependentList0dependentRelationId-container' and @title = 'Isteri' and (text() = 'Isteri' or . = 'Isteri')]' not found)
	at com.kms.katalon.core.keyword.internal.KeywordMain.stepFailed(KeywordMain.groovy:36)
	at com.kms.katalon.core.webui.keyword.internal.WebUIKeywordMain.stepFailed(WebUIKeywordMain.groovy:65)
	at com.kms.katalon.core.webui.keyword.internal.WebUIKeywordMain.runKeyword(WebUIKeywordMain.groovy:27)
	at com.kms.katalon.core.webui.keyword.builtin.ClickKeyword.click(ClickKeyword.groovy:86)
	at com.kms.katalon.core.webui.keyword.builtin.ClickKeyword.execute(ClickKeyword.groovy:67)
	at com.kms.katalon.core.keyword.internal.KeywordExecutor.executeKeywordForPlatform(KeywordExecutor.groovy:53)
	at com.kms.katalon.core.webui.keyword.WebUiBuiltInKeywords.click(WebUiBuiltInKeywords.groovy:616)
	at com.kms.katalon.core.webui.keyword.WebUiBuiltInKeywords$click$3.call(Unknown Source)
	at OTC_Submit Form 7_Section F-G-H - Cheque.run(OTC_Submit Form 7_Section F-G-H - Cheque:41)
	at com.kms.katalon.core.main.ScriptEngine.run(ScriptEngine.java:194)
	at com.kms.katalon.core.main.ScriptEngine.runScriptAsRawText(ScriptEngine.java:119)
	at com.kms.katalon.core.main.TestCaseExecutor.runScript(TestCaseExecutor.java:328)
	at com.kms.katalon.core.main.TestCaseExecutor.doExecute(TestCaseExecutor.java:319)
	at com.kms.katalon.core.main.TestCaseExecutor.processExecutionPhase(TestCaseExecutor.java:298)
	at com.kms.katalon.core.main.TestCaseExecutor.accessMainPhase(TestCaseExecutor.java:290)
	at com.kms.katalon.core.main.TestCaseExecutor.execute(TestCaseExecutor.java:224)
	at com.kms.katalon.core.main.TestCaseMain.runTestCase(TestCaseMain.java:106)
	at com.kms.katalon.core.keyword.builtin.CallTestCaseKeyword$_callTestCase_closure1.doCall(CallTestCaseKeyword.groovy:59)
	at com.kms.katalon.core.keyword.builtin.CallTestCaseKeyword$_callTestCase_closure1.call(CallTestCaseKeyword.groovy)
	at com.kms.katalon.core.keyword.internal.KeywordMain.runKeyword(KeywordMain.groovy:54)
	at com.kms.katalon.core.keyword.builtin.CallTestCaseKeyword.callTestCase(CallTestCaseKeyword.groovy:80)
	at com.kms.katalon.core.keyword.builtin.CallTestCaseKeyword.execute(CallTestCaseKeyword.groovy:44)
	at com.kms.katalon.core.keyword.internal.KeywordExecutor.executeKeywordForPlatform(KeywordExecutor.groovy:53)
	at com.kms.katalon.core.keyword.BuiltinKeywords.callTestCase(BuiltinKeywords.groovy:334)
	at OTC_Submit Form 7_End to End - Cheque.run(OTC_Submit Form 7_End to End - Cheque:26)
	at com.kms.katalon.core.main.ScriptEngine.run(ScriptEngine.java:194)
	at com.kms.katalon.core.main.ScriptEngine.runScriptAsRawText(ScriptEngine.java:119)
	at com.kms.katalon.core.main.TestCaseExecutor.runScript(TestCaseExecutor.java:328)
	at com.kms.katalon.core.main.TestCaseExecutor.doExecute(TestCaseExecutor.java:319)
	at com.kms.katalon.core.main.TestCaseExecutor.processExecutionPhase(TestCaseExecutor.java:298)
	at com.kms.katalon.core.main.TestCaseExecutor.accessMainPhase(TestCaseExecutor.java:290)
	at com.kms.katalon.core.main.TestCaseExecutor.execute(TestCaseExecutor.java:224)
	at com.kms.katalon.core.main.TestCaseMain.runTestCase(TestCaseMain.java:106)
	at com.kms.katalon.core.keyword.builtin.CallTestCaseKeyword$_callTestCase_closure1.doCall(CallTestCaseKeyword.groovy:59)
	at com.kms.katalon.core.keyword.builtin.CallTestCaseKeyword$_callTestCase_closure1.call(CallTestCaseKeyword.groovy)
	at com.kms.katalon.core.keyword.internal.KeywordMain.runKeyword(KeywordMain.groovy:54)
	at com.kms.katalon.core.keyword.builtin.CallTestCaseKeyword.callTestCase(CallTestCaseKeyword.groovy:80)
	at com.kms.katalon.core.keyword.builtin.CallTestCaseKeyword.execute(CallTestCaseKeyword.groovy:44)
	at com.kms.katalon.core.keyword.internal.KeywordExecutor.executeKeywordForPlatform(KeywordExecutor.groovy:53)
	at com.kms.katalon.core.keyword.BuiltinKeywords.callTestCase(BuiltinKeywords.groovy:334)
	at Approve Application - JSA.run(Approve Application - JSA:16)
	at com.kms.katalon.core.main.ScriptEngine.run(ScriptEngine.java:194)
	at com.kms.katalon.core.main.ScriptEngine.runScriptAsRawText(ScriptEngine.java:119)
	at com.kms.katalon.core.main.TestCaseExecutor.runScript(TestCaseExecutor.java:328)
	at com.kms.katalon.core.main.TestCaseExecutor.doExecute(TestCaseExecutor.java:319)
	at com.kms.katalon.core.main.TestCaseExecutor.processExecutionPhase(TestCaseExecutor.java:298)
	at com.kms.katalon.core.main.TestCaseExecutor.accessMainPhase(TestCaseExecutor.java:290)
	at com.kms.katalon.core.main.TestCaseExecutor.execute(TestCaseExecutor.java:224)
	at com.kms.katalon.core.main.TestSuiteExecutor.accessTestCaseMainPhase(TestSuiteExecutor.java:129)
	at com.kms.katalon.core.main.TestSuiteExecutor.accessTestSuiteMainPhase(TestSuiteExecutor.java:112)
	at com.kms.katalon.core.main.TestSuiteExecutor.execute(TestSuiteExecutor.java:81)
	at com.kms.katalon.core.main.TestCaseMain.startTestSuite(TestCaseMain.java:149)
	at com.kms.katalon.core.main.TestCaseMain$startTestSuite$0.call(Unknown Source)
	at TempTestSuite1550652525208.run(TempTestSuite1550652525208.groovy:36)


2019-02-20 20:03:10 - [TEST_STEP][PASSED] - callTestCase(findTestCase("All TC/Arranged/3. Unit/EI/Form 7_default/OTC_Application_Reg"), [:], STOP_ON_FAILURE): Call Test Case 'Test Cases/All TC/Arranged/3. Unit/EI/Form 7_default/OTC_Application_Reg' successfully

2019-02-20 20:03:10 - [TEST_CASE][PASSED] - Test Cases/All TC/Arranged/3. Unit/EI/Form 7_default/OTC_Application_Reg: Test Cases/All TC/Arranged/3. Unit/EI/Form 7_default/OTC_Application_Reg

2019-02-20 20:03:10 - [TEST_STEP][PASSED] - openBrowser(""): Browser is opened with url: ''

2019-02-20 20:03:10 - [MESSAGE][WARNING] - A browser is already opened. Closing browser and opening a new one

2019-02-20 20:03:12 - [MESSAGE][INFO] - Starting 'Chrome' driver

2019-02-20 20:03:12 - [MESSAGE][INFO] - User set preference: ['args', '[--start-maximized]']

2019-02-20 20:03:16 - [MESSAGE][PASSED] - Browser is opened with url: ''

2019-02-20 20:03:16 - [TEST_STEP][PASSED] - navigateToUrl(Internal_Login): Navigate to 'http://10.20.24.188/eisportal/user/login' successfully

2019-02-20 20:03:17 - [MESSAGE][PASSED] - Navigate to 'http://10.20.24.188/eisportal/user/login' successfully

2019-02-20 20:03:17 - [TEST_STEP][PASSED] - delay(3): Delayed 3 second(s)

2019-02-20 20:03:20 - [MESSAGE][PASSED] - Delayed 3 second(s)

2019-02-20 20:03:20 - [TEST_STEP][PASSED] - setText(findTestObject("KeatMun/Form 7_default/OTC_Application_Reg/Page_PERKESO/1.username"), "faizal.hamid@perkeso.gov.my"): Text 'faizal.hamid@perkeso.gov.my' is set on object 'Object Repository/KeatMun/Form 7_default/OTC_Application_Reg/Page_PERKESO/1.username'

2019-02-20 20:03:25 - [MESSAGE][PASSED] - Text 'faizal.hamid@perkeso.gov.my' is set on object 'Object Repository/KeatMun/Form 7_default/OTC_Application_Reg/Page_PERKESO/1.username'

2019-02-20 20:03:25 - [TEST_STEP][PASSED] - delay(1): Delayed 1 second(s)

2019-02-20 20:03:26 - [MESSAGE][PASSED] - Delayed 1 second(s)

2019-02-20 20:03:26 - [TEST_STEP][PASSED] - setEncryptedText(findTestObject("KeatMun/Form 7_default/OTC_Application_Reg/Page_PERKESO/2.password"), "CQqwFZlbeC8="): Text ****** has been set on object 'Object Repository/KeatMun/Form 7_default/OTC_Application_Reg/Page_PERKESO/2.password'

2019-02-20 20:03:29 - [MESSAGE][PASSED] - Text ****** has been set on object 'Object Repository/KeatMun/Form 7_default/OTC_Application_Reg/Page_PERKESO/2.password'

2019-02-20 20:03:29 - [TEST_STEP][PASSED] - delay(2): Delayed 2 second(s)

2019-02-20 20:03:31 - [MESSAGE][PASSED] - Delayed 2 second(s)

2019-02-20 20:03:31 - [TEST_STEP][PASSED] - click(findTestObject("KeatMun/Form 7_default/OTC_Application_Reg/Page_PERKESO/3.login button")): Object: 'Object Repository/KeatMun/Form 7_default/OTC_Application_Reg/Page_PERKESO/3.login button' is clicked on

2019-02-20 20:03:34 - [MESSAGE][PASSED] - Object: 'Object Repository/KeatMun/Form 7_default/OTC_Application_Reg/Page_PERKESO/3.login button' is clicked on

2019-02-20 20:03:34 - [TEST_STEP][PASSED] - delay(2): Delayed 2 second(s)

2019-02-20 20:03:36 - [MESSAGE][PASSED] - Delayed 2 second(s)

2019-02-20 20:03:36 - [TEST_STEP][PASSED] - click(findTestObject("KeatMun/Form 7_default/OTC_Application_Reg/Page_PERKESO/4. Permohonan tab")): Object: 'Object Repository/KeatMun/Form 7_default/OTC_Application_Reg/Page_PERKESO/4. Permohonan tab' is clicked on

2019-02-20 20:03:39 - [MESSAGE][PASSED] - Object: 'Object Repository/KeatMun/Form 7_default/OTC_Application_Reg/Page_PERKESO/4. Permohonan tab' is clicked on

2019-02-20 20:03:39 - [TEST_STEP][PASSED] - delay(2): Delayed 2 second(s)

2019-02-20 20:03:41 - [MESSAGE][PASSED] - Delayed 2 second(s)

2019-02-20 20:03:41 - [TEST_STEP][PASSED] - click(findTestObject("KeatMun/Form 7_default/OTC_Application_Reg/Page_PERKESO/5.button_Setuju")): Object: 'Object Repository/KeatMun/Form 7_default/OTC_Application_Reg/Page_PERKESO/5.button_Setuju' is clicked on

2019-02-20 20:03:43 - [MESSAGE][PASSED] - Object: 'Object Repository/KeatMun/Form 7_default/OTC_Application_Reg/Page_PERKESO/5.button_Setuju' is clicked on

2019-02-20 20:03:43 - [TEST_STEP][PASSED] - delay(2): Delayed 2 second(s)

2019-02-20 20:03:45 - [MESSAGE][PASSED] - Delayed 2 second(s)

2019-02-20 20:03:45 - [TEST_STEP][PASSED] - callTestCase(findTestCase("All TC/Arranged/1. Common/IC List Checker"), [:], STOP_ON_FAILURE): Call Test Case 'Test Cases/All TC/Arranged/1. Common/IC List Checker' successfully

2019-02-20 20:03:45 - [TEST_CASE][PASSED] - Test Cases/All TC/Arranged/1. Common/IC List Checker: Test Cases/All TC/Arranged/1. Common/IC List Checker

2019-02-20 20:03:45 - [TEST_STEP][PASSED] - counter = 0: null

2019-02-20 20:03:45 - [TEST_STEP][PASSED] - fis = new java.io.FileInputStream((internal.GlobalVariable.TextFilePathCommon + \IC.xlsx)): null

2019-02-20 20:03:45 - [TEST_STEP][PASSED] - workbook = new org.apache.poi.xssf.usermodel.XSSFWorkbook(fis): null

2019-02-20 20:03:46 - [TEST_STEP][PASSED] - sheet = workbook.getSheet("Sheet1"): null

2019-02-20 20:03:46 - [TEST_STEP][PASSED] - totalRow = sheet.getLastRowNum(): null

2019-02-20 20:03:46 - [TEST_STEP][PASSED] - out.println(totalRow): null

2019-02-20 20:03:46 - [TEST_STEP][PASSED] - row = sheet.getRow(counter): null

2019-02-20 20:03:46 - [TEST_STEP][PASSED] - cell = row.getCell(counter): null

2019-02-20 20:03:46 - [TEST_STEP][PASSED] - a = cell.getStringCellValue(): null

2019-02-20 20:03:46 - [TEST_STEP][PASSED] - IC = a: null

2019-02-20 20:03:46 - [TEST_STEP][PASSED] - out.println(IC): null

2019-02-20 20:03:46 - [TEST_STEP][PASSED] - callTestCase(findTestCase("All TC/Arranged/1. Common/1.2 Setter/Setter IC"), [:], STOP_ON_FAILURE): Call Test Case 'Test Cases/All TC/Arranged/1. Common/1.2 Setter/Setter IC' successfully

2019-02-20 20:03:46 - [TEST_CASE][PASSED] - Test Cases/All TC/Arranged/1. Common/1.2 Setter/Setter IC: Test Cases/All TC/Arranged/1. Common/1.2 Setter/Setter IC

2019-02-20 20:03:46 - [TEST_STEP][PASSED] - RefNoOldFile = new java.io.File((internal.GlobalVariable.TextFilePathCommon + \getIC.txt)): null

2019-02-20 20:03:46 - [TEST_STEP][PASSED] - RefNoOldFile.delete(): null

2019-02-20 20:03:46 - [TEST_STEP][PASSED] - delay(5): Delayed 5 second(s)

2019-02-20 20:03:51 - [MESSAGE][PASSED] - Delayed 5 second(s)

2019-02-20 20:03:51 - [TEST_STEP][PASSED] - RefNo = new java.io.File((internal.GlobalVariable.TextFilePathCommon + \getIC.txt)): null

2019-02-20 20:03:51 - [TEST_STEP][PASSED] - f2 = new java.io.FileWriter(RefNo, false): null

2019-02-20 20:03:51 - [TEST_STEP][PASSED] - f2.write(IC): null

2019-02-20 20:03:51 - [TEST_STEP][PASSED] - f2.close(): null

2019-02-20 20:03:51 - [TEST_STEP][PASSED] - out.println("


" + IC + "


"): null

2019-02-20 20:03:51 - [MESSAGE][PASSED] - Call Test Case 'Test Cases/All TC/Arranged/1. Common/1.2 Setter/Setter IC' successfully

2019-02-20 20:03:51 - [MESSAGE][PASSED] - Call Test Case 'Test Cases/All TC/Arranged/1. Common/IC List Checker' successfully

2019-02-20 20:03:51 - [TEST_STEP][PASSED] - setText(findTestObject("KeatMun/Form 7_default/OTC_Application_Reg/Page_PERKESO/6.No. Kad Pengenalan"), IC): Text '861023436638' is set on object 'Object Repository/KeatMun/Form 7_default/OTC_Application_Reg/Page_PERKESO/6.No. Kad Pengenalan'

2019-02-20 20:03:55 - [MESSAGE][PASSED] - Text '861023436638' is set on object 'Object Repository/KeatMun/Form 7_default/OTC_Application_Reg/Page_PERKESO/6.No. Kad Pengenalan'

2019-02-20 20:03:55 - [TEST_STEP][PASSED] - delay(2): Delayed 2 second(s)

2019-02-20 20:03:57 - [MESSAGE][PASSED] - Delayed 2 second(s)

2019-02-20 20:03:57 - [TEST_STEP][PASSED] - click(findTestObject("KeatMun/Form 7_default/OTC_Application_Reg/Page_PERKESO/7.button_Semak")): Object: 'Object Repository/KeatMun/Form 7_default/OTC_Application_Reg/Page_PERKESO/7.button_Semak' is clicked on

2019-02-20 20:03:59 - [MESSAGE][PASSED] - Object: 'Object Repository/KeatMun/Form 7_default/OTC_Application_Reg/Page_PERKESO/7.button_Semak' is clicked on

2019-02-20 20:03:59 - [TEST_STEP][PASSED] - delay(4): Delayed 4 second(s)

2019-02-20 20:04:03 - [MESSAGE][PASSED] - Delayed 4 second(s)

2019-02-20 20:04:03 - [TEST_STEP][PASSED] - click(findTestObject("KeatMun/Form 7_default/OTC_Application_Reg/Page_PERKESO/8. Nama Majikan Dropdown")): Object: 'Object Repository/KeatMun/Form 7_default/OTC_Application_Reg/Page_PERKESO/8. Nama Majikan Dropdown' is clicked on

2019-02-20 20:04:05 - [MESSAGE][PASSED] - Object: 'Object Repository/KeatMun/Form 7_default/OTC_Application_Reg/Page_PERKESO/8. Nama Majikan Dropdown' is clicked on

2019-02-20 20:04:05 - [TEST_STEP][PASSED] - setText(findTestObject("KeatMun/Form 7_default/OTC_Application_Reg/Page_PERKESO/8. LOE emp"), "pet"): Text 'pet' is set on object 'Object Repository/KeatMun/Form 7_default/OTC_Application_Reg/Page_PERKESO/8. LOE emp'

2019-02-20 20:04:09 - [MESSAGE][PASSED] - Text 'pet' is set on object 'Object Repository/KeatMun/Form 7_default/OTC_Application_Reg/Page_PERKESO/8. LOE emp'

2019-02-20 20:04:09 - [TEST_STEP][PASSED] - click(findTestObject("KeatMun/Form 7_default/OTC_Application_Reg/Page_PERKESO/8. PETRONAS")): Object: 'Object Repository/KeatMun/Form 7_default/OTC_Application_Reg/Page_PERKESO/8. PETRONAS' is clicked on

2019-02-20 20:04:12 - [MESSAGE][PASSED] - Object: 'Object Repository/KeatMun/Form 7_default/OTC_Application_Reg/Page_PERKESO/8. PETRONAS' is clicked on

2019-02-20 20:04:12 - [TEST_STEP][PASSED] - delay(2): Delayed 2 second(s)

2019-02-20 20:04:14 - [MESSAGE][PASSED] - Delayed 2 second(s)

2019-02-20 20:04:14 - [TEST_STEP][PASSED] - setText(findTestObject("KeatMun/Form 7_default/OTC_Application_Reg/Page_PERKESO/9.Tarikh kehilangan pkj"), "10/01/2019"): Text '10/01/2019' is set on object 'Object Repository/KeatMun/Form 7_default/OTC_Application_Reg/Page_PERKESO/9.Tarikh kehilangan pkj'

2019-02-20 20:04:18 - [MESSAGE][PASSED] - Text '10/01/2019' is set on object 'Object Repository/KeatMun/Form 7_default/OTC_Application_Reg/Page_PERKESO/9.Tarikh kehilangan pkj'

2019-02-20 20:04:18 - [TEST_STEP][PASSED] - delay(2): Delayed 2 second(s)

2019-02-20 20:04:20 - [MESSAGE][PASSED] - Delayed 2 second(s)

2019-02-20 20:04:20 - [TEST_STEP][PASSED] - click(findTestObject("KeatMun/Form 7_default/OTC_Application_Reg/Page_PERKESO/9. Date Picker Done Button ")): Object: 'Object Repository/KeatMun/Form 7_default/OTC_Application_Reg/Page_PERKESO/9. Date Picker Done Button ' is clicked on

2019-02-20 20:04:22 - [MESSAGE][PASSED] - Object: 'Object Repository/KeatMun/Form 7_default/OTC_Application_Reg/Page_PERKESO/9. Date Picker Done Button ' is clicked on

2019-02-20 20:04:22 - [TEST_STEP][PASSED] - delay(2): Delayed 2 second(s)

2019-02-20 20:04:24 - [MESSAGE][PASSED] - Delayed 2 second(s)

2019-02-20 20:04:24 - [TEST_STEP][PASSED] - click(findTestObject("KeatMun/Form 7_default/OTC_Application_Reg/Page_PERKESO/10.button_Mohon")): Object: 'Object Repository/KeatMun/Form 7_default/OTC_Application_Reg/Page_PERKESO/10.button_Mohon' is clicked on

2019-02-20 20:04:26 - [MESSAGE][PASSED] - Object: 'Object Repository/KeatMun/Form 7_default/OTC_Application_Reg/Page_PERKESO/10.button_Mohon' is clicked on

2019-02-20 20:04:26 - [TEST_STEP][PASSED] - delay(2): Delayed 2 second(s)

2019-02-20 20:04:28 - [MESSAGE][PASSED] - Delayed 2 second(s)

2019-02-20 20:04:28 - [TEST_STEP][PASSED] - setText(findTestObject("KeatMun/Form 7_default/OTC_Application_Reg/Page_PERKESO/11.Tarikh Terima_stampedDtS"), "10/01/2019"): Text '10/01/2019' is set on object 'Object Repository/KeatMun/Form 7_default/OTC_Application_Reg/Page_PERKESO/11.Tarikh Terima_stampedDtS'

2019-02-20 20:04:32 - [MESSAGE][PASSED] - Text '10/01/2019' is set on object 'Object Repository/KeatMun/Form 7_default/OTC_Application_Reg/Page_PERKESO/11.Tarikh Terima_stampedDtS'

2019-02-20 20:04:32 - [TEST_STEP][PASSED] - delay(2): Delayed 2 second(s)

2019-02-20 20:04:34 - [MESSAGE][PASSED] - Delayed 2 second(s)

2019-02-20 20:04:34 - [TEST_STEP][PASSED] - click(findTestObject("KeatMun/Form 7_default/OTC_Application_Reg/Page_PERKESO/11. Date Picker Done Button")): Object: 'Object Repository/KeatMun/Form 7_default/OTC_Application_Reg/Page_PERKESO/11. Date Picker Done Button' is clicked on

2019-02-20 20:04:37 - [MESSAGE][PASSED] - Object: 'Object Repository/KeatMun/Form 7_default/OTC_Application_Reg/Page_PERKESO/11. Date Picker Done Button' is clicked on

2019-02-20 20:04:37 - [TEST_STEP][PASSED] - delay(2): Delayed 2 second(s)

2019-02-20 20:04:39 - [MESSAGE][PASSED] - Delayed 2 second(s)

2019-02-20 20:04:39 - [TEST_STEP][PASSED] - click(findTestObject("KeatMun/Form 7_default/OTC_Application_Reg/Page_PERKESO/11.button_TERUSKAN")): Object: 'Object Repository/KeatMun/Form 7_default/OTC_Application_Reg/Page_PERKESO/11.button_TERUSKAN' is clicked on

2019-02-20 20:04:41 - [MESSAGE][PASSED] - Object: 'Object Repository/KeatMun/Form 7_default/OTC_Application_Reg/Page_PERKESO/11.button_TERUSKAN' is clicked on

2019-02-20 20:04:41 - [TEST_STEP][PASSED] - delay(2): Delayed 2 second(s)

2019-02-20 20:04:43 - [MESSAGE][PASSED] - Delayed 2 second(s)

2019-02-20 20:04:43 - [TEST_STEP][PASSED] - selectOptionByValue(findTestObject("KeatMun/Form 7_default/OTC_Application_Reg/Page_PERKESO/12.--Sila Pilih--PejabatPKS"), "22", true): All options with value '22' are selected in object 'Object Repository/KeatMun/Form 7_default/OTC_Application_Reg/Page_PERKESO/12.--Sila Pilih--PejabatPKS'  using regular expression

2019-02-20 20:06:13 - [MESSAGE][PASSED] - All options with value '22' are selected in object 'Object Repository/KeatMun/Form 7_default/OTC_Application_Reg/Page_PERKESO/12.--Sila Pilih--PejabatPKS'  using regular expression

2019-02-20 20:06:13 - [TEST_STEP][PASSED] - delay(2): Delayed 2 second(s)

2019-02-20 20:06:15 - [MESSAGE][PASSED] - Delayed 2 second(s)

2019-02-20 20:06:15 - [TEST_STEP][PASSED] - click(findTestObject("KeatMun/Form 7_default/OTC_Application_Reg/Page_PERKESO/13. Halaman Seterusnya")): Object: 'Object Repository/KeatMun/Form 7_default/OTC_Application_Reg/Page_PERKESO/13. Halaman Seterusnya' is clicked on

2019-02-20 20:06:17 - [MESSAGE][PASSED] - Object: 'Object Repository/KeatMun/Form 7_default/OTC_Application_Reg/Page_PERKESO/13. Halaman Seterusnya' is clicked on

2019-02-20 20:06:17 - [MESSAGE][PASSED] - Call Test Case 'Test Cases/All TC/Arranged/3. Unit/EI/Form 7_default/OTC_Application_Reg' successfully

2019-02-20 20:06:17 - [TEST_STEP][PASSED] - callTestCase(findTestCase("All TC/Arranged/3. Unit/EI/Form 7_default/OTC_Submit Form 7_Section A"), [:], STOP_ON_FAILURE): Call Test Case 'Test Cases/All TC/Arranged/3. Unit/EI/Form 7_default/OTC_Submit Form 7_Section A' successfully

2019-02-20 20:06:17 - [TEST_CASE][PASSED] - Test Cases/All TC/Arranged/3. Unit/EI/Form 7_default/OTC_Submit Form 7_Section A: Test Cases/All TC/Arranged/3. Unit/EI/Form 7_default/OTC_Submit Form 7_Section A

2019-02-20 20:06:17 - [TEST_STEP][PASSED] - delay(2): Delayed 2 second(s)

2019-02-20 20:06:19 - [MESSAGE][PASSED] - Delayed 2 second(s)

2019-02-20 20:06:19 - [TEST_STEP][PASSED] - setText(findTestObject("KeatMun/Form 7_default/OTC_Submit Form 7_Section A/Page_PERKESO/A4. EmployeeDob"), "10/01/2019"): Text '10/01/2019' is set on object 'Object Repository/KeatMun/Form 7_default/OTC_Submit Form 7_Section A/Page_PERKESO/A4. EmployeeDob'

2019-02-20 20:06:23 - [MESSAGE][PASSED] - Text '10/01/2019' is set on object 'Object Repository/KeatMun/Form 7_default/OTC_Submit Form 7_Section A/Page_PERKESO/A4. EmployeeDob'

2019-02-20 20:06:23 - [TEST_STEP][PASSED] - delay(2): Delayed 2 second(s)

2019-02-20 20:06:25 - [MESSAGE][PASSED] - Delayed 2 second(s)

2019-02-20 20:06:25 - [TEST_STEP][PASSED] - click(findTestObject("KeatMun/Form 7_default/OTC_Submit Form 7_Section A/Page_PERKESO/A5. Bangsa")): Object: 'Object Repository/KeatMun/Form 7_default/OTC_Submit Form 7_Section A/Page_PERKESO/A5. Bangsa' is clicked on

2019-02-20 20:06:28 - [MESSAGE][PASSED] - Object: 'Object Repository/KeatMun/Form 7_default/OTC_Submit Form 7_Section A/Page_PERKESO/A5. Bangsa' is clicked on

2019-02-20 20:06:28 - [TEST_STEP][PASSED] - click(findTestObject("KeatMun/Form 7_default/OTC_Submit Form 7_Section A/Page_PERKESO/A5. Bumiputera Sabah")): Object: 'Object Repository/KeatMun/Form 7_default/OTC_Submit Form 7_Section A/Page_PERKESO/A5. Bumiputera Sabah' is clicked on

2019-02-20 20:06:30 - [MESSAGE][PASSED] - Object: 'Object Repository/KeatMun/Form 7_default/OTC_Submit Form 7_Section A/Page_PERKESO/A5. Bumiputera Sabah' is clicked on

2019-02-20 20:06:30 - [TEST_STEP][PASSED] - delay(2): Delayed 2 second(s)

2019-02-20 20:06:32 - [MESSAGE][PASSED] - Delayed 2 second(s)

2019-02-20 20:06:32 - [TEST_STEP][PASSED] - click(findTestObject("KeatMun/Form 7_default/OTC_Submit Form 7_Section A/Page_PERKESO/A6. Jantina")): Object: 'Object Repository/KeatMun/Form 7_default/OTC_Submit Form 7_Section A/Page_PERKESO/A6. Jantina' is clicked on

2019-02-20 20:06:34 - [MESSAGE][PASSED] - Object: 'Object Repository/KeatMun/Form 7_default/OTC_Submit Form 7_Section A/Page_PERKESO/A6. Jantina' is clicked on

2019-02-20 20:06:34 - [TEST_STEP][PASSED] - click(findTestObject("KeatMun/Form 7_default/OTC_Submit Form 7_Section A/Page_PERKESO/A6. Lelaki")): Object: 'Object Repository/KeatMun/Form 7_default/OTC_Submit Form 7_Section A/Page_PERKESO/A6. Lelaki' is clicked on

2019-02-20 20:06:36 - [MESSAGE][PASSED] - Object: 'Object Repository/KeatMun/Form 7_default/OTC_Submit Form 7_Section A/Page_PERKESO/A6. Lelaki' is clicked on

2019-02-20 20:06:36 - [TEST_STEP][PASSED] - delay(2): Delayed 2 second(s)

2019-02-20 20:06:38 - [MESSAGE][PASSED] - Delayed 2 second(s)

2019-02-20 20:06:38 - [TEST_STEP][PASSED] - click(findTestObject("KeatMun/Form 7_default/OTC_Submit Form 7_Section A/Page_PERKESO/A7. Kewarganegaraan")): Object: 'Object Repository/KeatMun/Form 7_default/OTC_Submit Form 7_Section A/Page_PERKESO/A7. Kewarganegaraan' is clicked on

2019-02-20 20:06:40 - [MESSAGE][PASSED] - Object: 'Object Repository/KeatMun/Form 7_default/OTC_Submit Form 7_Section A/Page_PERKESO/A7. Kewarganegaraan' is clicked on

2019-02-20 20:06:40 - [TEST_STEP][PASSED] - click(findTestObject("KeatMun/Form 7_default/OTC_Submit Form 7_Section A/Page_PERKESO/A7. Malaysia")): Object: 'Object Repository/KeatMun/Form 7_default/OTC_Submit Form 7_Section A/Page_PERKESO/A7. Malaysia' is clicked on

2019-02-20 20:06:42 - [MESSAGE][PASSED] - Object: 'Object Repository/KeatMun/Form 7_default/OTC_Submit Form 7_Section A/Page_PERKESO/A7. Malaysia' is clicked on

2019-02-20 20:06:42 - [TEST_STEP][PASSED] - delay(2): Delayed 2 second(s)

2019-02-20 20:06:44 - [MESSAGE][PASSED] - Delayed 2 second(s)

2019-02-20 20:06:44 - [TEST_STEP][PASSED] - click(findTestObject("KeatMun/Form 7_default/OTC_Submit Form 7_Section A/Page_PERKESO/A8. Status Perkahwinan")): Object: 'Object Repository/KeatMun/Form 7_default/OTC_Submit Form 7_Section A/Page_PERKESO/A8. Status Perkahwinan' is clicked on

2019-02-20 20:06:46 - [MESSAGE][PASSED] - Object: 'Object Repository/KeatMun/Form 7_default/OTC_Submit Form 7_Section A/Page_PERKESO/A8. Status Perkahwinan' is clicked on

2019-02-20 20:06:46 - [TEST_STEP][PASSED] - click(findTestObject("KeatMun/Form 7_default/OTC_Submit Form 7_Section A/Page_PERKESO/A8. Bujang")): Object: 'Object Repository/KeatMun/Form 7_default/OTC_Submit Form 7_Section A/Page_PERKESO/A8. Bujang' is clicked on

2019-02-20 20:06:49 - [MESSAGE][PASSED] - Object: 'Object Repository/KeatMun/Form 7_default/OTC_Submit Form 7_Section A/Page_PERKESO/A8. Bujang' is clicked on

2019-02-20 20:06:49 - [TEST_STEP][PASSED] - delay(2): Delayed 2 second(s)

2019-02-20 20:06:51 - [MESSAGE][PASSED] - Delayed 2 second(s)

2019-02-20 20:06:51 - [TEST_STEP][PASSED] - setText(findTestObject("KeatMun/Form 7_default/OTC_Submit Form 7_Section A/Page_PERKESO/A9. Address1"), "qwertyuiop"): Text 'qwertyuiop' is set on object 'Object Repository/KeatMun/Form 7_default/OTC_Submit Form 7_Section A/Page_PERKESO/A9. Address1'

2019-02-20 20:06:55 - [MESSAGE][PASSED] - Text 'qwertyuiop' is set on object 'Object Repository/KeatMun/Form 7_default/OTC_Submit Form 7_Section A/Page_PERKESO/A9. Address1'

2019-02-20 20:06:55 - [TEST_STEP][PASSED] - delay(2): Delayed 2 second(s)

2019-02-20 20:06:57 - [MESSAGE][PASSED] - Delayed 2 second(s)

2019-02-20 20:06:57 - [TEST_STEP][PASSED] - click(findTestObject("KeatMun/Form 7_default/OTC_Submit Form 7_Section A/Page_PERKESO/A10. Negeri")): Object: 'Object Repository/KeatMun/Form 7_default/OTC_Submit Form 7_Section A/Page_PERKESO/A10. Negeri' is clicked on

2019-02-20 20:06:59 - [MESSAGE][PASSED] - Object: 'Object Repository/KeatMun/Form 7_default/OTC_Submit Form 7_Section A/Page_PERKESO/A10. Negeri' is clicked on

2019-02-20 20:06:59 - [TEST_STEP][PASSED] - click(findTestObject("KeatMun/Form 7_default/OTC_Submit Form 7_Section A/Page_PERKESO/A10. JOHOR")): Object: 'Object Repository/KeatMun/Form 7_default/OTC_Submit Form 7_Section A/Page_PERKESO/A10. JOHOR' is clicked on

2019-02-20 20:07:01 - [MESSAGE][PASSED] - Object: 'Object Repository/KeatMun/Form 7_default/OTC_Submit Form 7_Section A/Page_PERKESO/A10. JOHOR' is clicked on

2019-02-20 20:07:01 - [TEST_STEP][PASSED] - delay(2): Delayed 2 second(s)

2019-02-20 20:07:03 - [MESSAGE][PASSED] - Delayed 2 second(s)

2019-02-20 20:07:03 - [TEST_STEP][PASSED] - click(findTestObject("KeatMun/Form 7_default/OTC_Submit Form 7_Section A/Page_PERKESO/A11. --Sila Pilih--")): Object: 'Object Repository/KeatMun/Form 7_default/OTC_Submit Form 7_Section A/Page_PERKESO/A11. --Sila Pilih--' is clicked on

2019-02-20 20:07:05 - [MESSAGE][PASSED] - Object: 'Object Repository/KeatMun/Form 7_default/OTC_Submit Form 7_Section A/Page_PERKESO/A11. --Sila Pilih--' is clicked on

2019-02-20 20:07:05 - [TEST_STEP][PASSED] - setText(findTestObject("KeatMun/Form 7_default/OTC_Submit Form 7_Section A/Page_PERKESO/A11. Done_select2-search__fie (1)"), "jo"): Text 'jo' is set on object 'Object Repository/KeatMun/Form 7_default/OTC_Submit Form 7_Section A/Page_PERKESO/A11. Done_select2-search__fie (1)'

2019-02-20 20:07:09 - [MESSAGE][PASSED] - Text 'jo' is set on object 'Object Repository/KeatMun/Form 7_default/OTC_Submit Form 7_Section A/Page_PERKESO/A11. Done_select2-search__fie (1)'

2019-02-20 20:07:09 - [TEST_STEP][PASSED] - setText(findTestObject("KeatMun/Form 7_default/OTC_Submit Form 7_Section A/Page_PERKESO/A11. concat(id(  select2-city"), "jo"): Text 'jo' is set on object 'Object Repository/KeatMun/Form 7_default/OTC_Submit Form 7_Section A/Page_PERKESO/A11. concat(id(  select2-city'

2019-02-20 20:07:14 - [MESSAGE][PASSED] - Text 'jo' is set on object 'Object Repository/KeatMun/Form 7_default/OTC_Submit Form 7_Section A/Page_PERKESO/A11. concat(id(  select2-city'

2019-02-20 20:07:14 - [TEST_STEP][PASSED] - click(findTestObject("KeatMun/Form 7_default/OTC_Submit Form 7_Section A/Page_PERKESO/A11. JOHOR BAHRU")): Object: 'Object Repository/KeatMun/Form 7_default/OTC_Submit Form 7_Section A/Page_PERKESO/A11. JOHOR BAHRU' is clicked on

2019-02-20 20:07:16 - [MESSAGE][PASSED] - Object: 'Object Repository/KeatMun/Form 7_default/OTC_Submit Form 7_Section A/Page_PERKESO/A11. JOHOR BAHRU' is clicked on

2019-02-20 20:07:16 - [TEST_STEP][PASSED] - delay(2): Delayed 2 second(s)

2019-02-20 20:07:18 - [MESSAGE][PASSED] - Delayed 2 second(s)

2019-02-20 20:07:18 - [TEST_STEP][PASSED] - click(findTestObject("KeatMun/Form 7_default/OTC_Submit Form 7_Section A/Page_PERKESO/A12. --Sila Isikan--")): Object: 'Object Repository/KeatMun/Form 7_default/OTC_Submit Form 7_Section A/Page_PERKESO/A12. --Sila Isikan--' is clicked on

2019-02-20 20:07:20 - [MESSAGE][PASSED] - Object: 'Object Repository/KeatMun/Form 7_default/OTC_Submit Form 7_Section A/Page_PERKESO/A12. --Sila Isikan--' is clicked on

2019-02-20 20:07:20 - [TEST_STEP][PASSED] - setText(findTestObject("KeatMun/Form 7_default/OTC_Submit Form 7_Section A/Page_PERKESO/A11. Done_select2-search__fie"), "84"): Text '84' is set on object 'Object Repository/KeatMun/Form 7_default/OTC_Submit Form 7_Section A/Page_PERKESO/A11. Done_select2-search__fie'

2019-02-20 20:07:24 - [MESSAGE][PASSED] - Text '84' is set on object 'Object Repository/KeatMun/Form 7_default/OTC_Submit Form 7_Section A/Page_PERKESO/A11. Done_select2-search__fie'

2019-02-20 20:07:24 - [TEST_STEP][PASSED] - click(findTestObject("KeatMun/Form 7_default/OTC_Submit Form 7_Section A/Page_PERKESO/A12. 84000")): Object: 'Object Repository/KeatMun/Form 7_default/OTC_Submit Form 7_Section A/Page_PERKESO/A12. 84000' is clicked on

2019-02-20 20:07:26 - [MESSAGE][PASSED] - Object: 'Object Repository/KeatMun/Form 7_default/OTC_Submit Form 7_Section A/Page_PERKESO/A12. 84000' is clicked on

2019-02-20 20:07:26 - [TEST_STEP][PASSED] - delay(2): Delayed 2 second(s)

2019-02-20 20:07:28 - [MESSAGE][PASSED] - Delayed 2 second(s)

2019-02-20 20:07:28 - [TEST_STEP][PASSED] - setText(findTestObject("KeatMun/Form 7_default/OTC_Submit Form 7_Section A/Page_PERKESO/A13. mobileContact1"), "1234567890"): Text '1234567890' is set on object 'Object Repository/KeatMun/Form 7_default/OTC_Submit Form 7_Section A/Page_PERKESO/A13. mobileContact1'

2019-02-20 20:07:33 - [MESSAGE][PASSED] - Text '1234567890' is set on object 'Object Repository/KeatMun/Form 7_default/OTC_Submit Form 7_Section A/Page_PERKESO/A13. mobileContact1'

2019-02-20 20:07:33 - [TEST_STEP][PASSED] - delay(2): Delayed 2 second(s)

2019-02-20 20:07:35 - [MESSAGE][PASSED] - Delayed 2 second(s)

2019-02-20 20:07:35 - [TEST_STEP][PASSED] - click(findTestObject("KeatMun/Form 7_default/OTC_Submit Form 7_Section A/Page_PERKESO/A14. Halaman Seterusnya")): Object: 'Object Repository/KeatMun/Form 7_default/OTC_Submit Form 7_Section A/Page_PERKESO/A14. Halaman Seterusnya' is clicked on

2019-02-20 20:07:37 - [MESSAGE][PASSED] - Object: 'Object Repository/KeatMun/Form 7_default/OTC_Submit Form 7_Section A/Page_PERKESO/A14. Halaman Seterusnya' is clicked on

2019-02-20 20:07:37 - [TEST_STEP][PASSED] - delay(2): Delayed 2 second(s)

2019-02-20 20:07:39 - [MESSAGE][PASSED] - Delayed 2 second(s)

2019-02-20 20:07:39 - [MESSAGE][PASSED] - Call Test Case 'Test Cases/All TC/Arranged/3. Unit/EI/Form 7_default/OTC_Submit Form 7_Section A' successfully

2019-02-20 20:07:39 - [TEST_STEP][PASSED] - callTestCase(findTestCase("All TC/Arranged/3. Unit/EI/Form 7_default/OTC_Submit Form 7_Section B"), [:], STOP_ON_FAILURE): Call Test Case 'Test Cases/All TC/Arranged/3. Unit/EI/Form 7_default/OTC_Submit Form 7_Section B' successfully

2019-02-20 20:07:39 - [TEST_CASE][PASSED] - Test Cases/All TC/Arranged/3. Unit/EI/Form 7_default/OTC_Submit Form 7_Section B: Test Cases/All TC/Arranged/3. Unit/EI/Form 7_default/OTC_Submit Form 7_Section B

2019-02-20 20:07:39 - [TEST_STEP][PASSED] - delay(3): Delayed 3 second(s)

2019-02-20 20:07:42 - [MESSAGE][PASSED] - Delayed 3 second(s)

2019-02-20 20:07:42 - [TEST_STEP][PASSED] - click(findTestObject("KeatMun/Form 7_default/OTC_Submit Form 7_Section B/Page_PERKESO/B1. Jawatan")): Object: 'Object Repository/KeatMun/Form 7_default/OTC_Submit Form 7_Section B/Page_PERKESO/B1. Jawatan' is clicked on

2019-02-20 20:07:44 - [MESSAGE][PASSED] - Object: 'Object Repository/KeatMun/Form 7_default/OTC_Submit Form 7_Section B/Page_PERKESO/B1. Jawatan' is clicked on

2019-02-20 20:07:44 - [TEST_STEP][PASSED] - setText(findTestObject("KeatMun/Form 7_default/OTC_Submit Form 7_Section B/Page_PERKESO/B1. concat(id(  select2-posi"), "re"): Text 're' is set on object 'Object Repository/KeatMun/Form 7_default/OTC_Submit Form 7_Section B/Page_PERKESO/B1. concat(id(  select2-posi'

2019-02-20 20:07:48 - [MESSAGE][PASSED] - Text 're' is set on object 'Object Repository/KeatMun/Form 7_default/OTC_Submit Form 7_Section B/Page_PERKESO/B1. concat(id(  select2-posi'

2019-02-20 20:07:48 - [TEST_STEP][PASSED] - setText(findTestObject("KeatMun/Form 7_default/OTC_Submit Form 7_Section B/Page_PERKESO/B1. Done_select2-search__fie"), "re"): Text 're' is set on object 'Object Repository/KeatMun/Form 7_default/OTC_Submit Form 7_Section B/Page_PERKESO/B1. Done_select2-search__fie'

2019-02-20 20:07:52 - [MESSAGE][PASSED] - Text 're' is set on object 'Object Repository/KeatMun/Form 7_default/OTC_Submit Form 7_Section B/Page_PERKESO/B1. Done_select2-search__fie'

2019-02-20 20:07:52 - [TEST_STEP][PASSED] - click(findTestObject("KeatMun/Form 7_default/OTC_Submit Form 7_Section B/Page_PERKESO/B1. Arkitek Reka Bentuk")): Object: 'Object Repository/KeatMun/Form 7_default/OTC_Submit Form 7_Section B/Page_PERKESO/B1. Arkitek Reka Bentuk' is clicked on

2019-02-20 20:07:54 - [MESSAGE][PASSED] - Object: 'Object Repository/KeatMun/Form 7_default/OTC_Submit Form 7_Section B/Page_PERKESO/B1. Arkitek Reka Bentuk' is clicked on

2019-02-20 20:07:54 - [TEST_STEP][PASSED] - delay(2): Delayed 2 second(s)

2019-02-20 20:07:56 - [MESSAGE][PASSED] - Delayed 2 second(s)

2019-02-20 20:07:56 - [TEST_STEP][PASSED] - setText(findTestObject("KeatMun/Form 7_default/OTC_Submit Form 7_Section B/Page_PERKESO/B2. lastEmploymentStartDtSt"), "10/01/2019"): Text '10/01/2019' is set on object 'Object Repository/KeatMun/Form 7_default/OTC_Submit Form 7_Section B/Page_PERKESO/B2. lastEmploymentStartDtSt'

2019-02-20 20:08:01 - [MESSAGE][PASSED] - Text '10/01/2019' is set on object 'Object Repository/KeatMun/Form 7_default/OTC_Submit Form 7_Section B/Page_PERKESO/B2. lastEmploymentStartDtSt'

2019-02-20 20:08:01 - [TEST_STEP][PASSED] - delay(2): Delayed 2 second(s)

2019-02-20 20:08:03 - [MESSAGE][PASSED] - Delayed 2 second(s)

2019-02-20 20:08:03 - [TEST_STEP][PASSED] - click(findTestObject("KeatMun/Form 7_default/OTC_Submit Form 7_Section B/Page_PERKESO/B4. Status Perkejaan")): Object: 'Object Repository/KeatMun/Form 7_default/OTC_Submit Form 7_Section B/Page_PERKESO/B4. Status Perkejaan' is clicked on

2019-02-20 20:08:05 - [MESSAGE][PASSED] - Object: 'Object Repository/KeatMun/Form 7_default/OTC_Submit Form 7_Section B/Page_PERKESO/B4. Status Perkejaan' is clicked on

2019-02-20 20:08:05 - [TEST_STEP][PASSED] - click(findTestObject("KeatMun/Form 7_default/OTC_Submit Form 7_Section B/Page_PERKESO/B4. Tetap")): Object: 'Object Repository/KeatMun/Form 7_default/OTC_Submit Form 7_Section B/Page_PERKESO/B4. Tetap' is clicked on

2019-02-20 20:08:07 - [MESSAGE][PASSED] - Object: 'Object Repository/KeatMun/Form 7_default/OTC_Submit Form 7_Section B/Page_PERKESO/B4. Tetap' is clicked on

2019-02-20 20:08:07 - [TEST_STEP][PASSED] - delay(2): Delayed 2 second(s)

2019-02-20 20:08:09 - [MESSAGE][PASSED] - Delayed 2 second(s)

2019-02-20 20:08:09 - [TEST_STEP][PASSED] - setText(findTestObject("KeatMun/Form 7_default/OTC_Submit Form 7_Section B/Page_PERKESO/B5. Gaji (RM)_salary1"), "4000"): Text '4000' is set on object 'Object Repository/KeatMun/Form 7_default/OTC_Submit Form 7_Section B/Page_PERKESO/B5. Gaji (RM)_salary1'

2019-02-20 20:08:13 - [MESSAGE][PASSED] - Text '4000' is set on object 'Object Repository/KeatMun/Form 7_default/OTC_Submit Form 7_Section B/Page_PERKESO/B5. Gaji (RM)_salary1'

2019-02-20 20:08:13 - [TEST_STEP][PASSED] - delay(2): Delayed 2 second(s)

2019-02-20 20:08:15 - [MESSAGE][PASSED] - Delayed 2 second(s)

2019-02-20 20:08:15 - [TEST_STEP][PASSED] - setText(findTestObject("KeatMun/Form 7_default/OTC_Submit Form 7_Section B/Page_PERKESO/B5. Gaji (RM)_salary2"), "4000"): Text '4000' is set on object 'Object Repository/KeatMun/Form 7_default/OTC_Submit Form 7_Section B/Page_PERKESO/B5. Gaji (RM)_salary2'

2019-02-20 20:08:19 - [MESSAGE][PASSED] - Text '4000' is set on object 'Object Repository/KeatMun/Form 7_default/OTC_Submit Form 7_Section B/Page_PERKESO/B5. Gaji (RM)_salary2'

2019-02-20 20:08:19 - [TEST_STEP][PASSED] - delay(2): Delayed 2 second(s)

2019-02-20 20:08:21 - [MESSAGE][PASSED] - Delayed 2 second(s)

2019-02-20 20:08:21 - [TEST_STEP][PASSED] - setText(findTestObject("KeatMun/Form 7_default/OTC_Submit Form 7_Section B/Page_PERKESO/B5. Gaji (RM)_salary3"), "4000"): Text '4000' is set on object 'Object Repository/KeatMun/Form 7_default/OTC_Submit Form 7_Section B/Page_PERKESO/B5. Gaji (RM)_salary3'

2019-02-20 20:08:26 - [MESSAGE][PASSED] - Text '4000' is set on object 'Object Repository/KeatMun/Form 7_default/OTC_Submit Form 7_Section B/Page_PERKESO/B5. Gaji (RM)_salary3'

2019-02-20 20:08:26 - [TEST_STEP][PASSED] - delay(2): Delayed 2 second(s)

2019-02-20 20:08:28 - [MESSAGE][PASSED] - Delayed 2 second(s)

2019-02-20 20:08:28 - [TEST_STEP][PASSED] - setText(findTestObject("KeatMun/Form 7_default/OTC_Submit Form 7_Section B/Page_PERKESO/B5. Gaji (RM)_salary4"), "4000"): Text '4000' is set on object 'Object Repository/KeatMun/Form 7_default/OTC_Submit Form 7_Section B/Page_PERKESO/B5. Gaji (RM)_salary4'

2019-02-20 20:08:32 - [MESSAGE][PASSED] - Text '4000' is set on object 'Object Repository/KeatMun/Form 7_default/OTC_Submit Form 7_Section B/Page_PERKESO/B5. Gaji (RM)_salary4'

2019-02-20 20:08:32 - [TEST_STEP][PASSED] - delay(2): Delayed 2 second(s)

2019-02-20 20:08:34 - [MESSAGE][PASSED] - Delayed 2 second(s)

2019-02-20 20:08:34 - [TEST_STEP][PASSED] - setText(findTestObject("KeatMun/Form 7_default/OTC_Submit Form 7_Section B/Page_PERKESO/B5. Gaji (RM)_salary5"), "4000"): Text '4000' is set on object 'Object Repository/KeatMun/Form 7_default/OTC_Submit Form 7_Section B/Page_PERKESO/B5. Gaji (RM)_salary5'

2019-02-20 20:08:38 - [MESSAGE][PASSED] - Text '4000' is set on object 'Object Repository/KeatMun/Form 7_default/OTC_Submit Form 7_Section B/Page_PERKESO/B5. Gaji (RM)_salary5'

2019-02-20 20:08:38 - [TEST_STEP][PASSED] - delay(2): Delayed 2 second(s)

2019-02-20 20:08:40 - [MESSAGE][PASSED] - Delayed 2 second(s)

2019-02-20 20:08:40 - [TEST_STEP][PASSED] - setText(findTestObject("KeatMun/Form 7_default/OTC_Submit Form 7_Section B/Page_PERKESO/B5. Gaji (RM)_salary6"), "4000"): Text '4000' is set on object 'Object Repository/KeatMun/Form 7_default/OTC_Submit Form 7_Section B/Page_PERKESO/B5. Gaji (RM)_salary6'

2019-02-20 20:08:44 - [MESSAGE][PASSED] - Text '4000' is set on object 'Object Repository/KeatMun/Form 7_default/OTC_Submit Form 7_Section B/Page_PERKESO/B5. Gaji (RM)_salary6'

2019-02-20 20:08:44 - [TEST_STEP][PASSED] - delay(2): Delayed 2 second(s)

2019-02-20 20:08:46 - [MESSAGE][PASSED] - Delayed 2 second(s)

2019-02-20 20:08:46 - [TEST_STEP][PASSED] - click(findTestObject("KeatMun/Form 7_default/OTC_Submit Form 7_Section B/Page_PERKESO/B6. Reason JobLost")): Object: 'Object Repository/KeatMun/Form 7_default/OTC_Submit Form 7_Section B/Page_PERKESO/B6. Reason JobLost' is clicked on

2019-02-20 20:08:48 - [MESSAGE][PASSED] - Object: 'Object Repository/KeatMun/Form 7_default/OTC_Submit Form 7_Section B/Page_PERKESO/B6. Reason JobLost' is clicked on

2019-02-20 20:08:48 - [TEST_STEP][PASSED] - click(findTestObject("KeatMun/Form 7_default/OTC_Submit Form 7_Section B/Page_PERKESO/B6. Bencana alam (cth banjir ke")): Object: 'Object Repository/KeatMun/Form 7_default/OTC_Submit Form 7_Section B/Page_PERKESO/B6. Bencana alam (cth banjir ke' is clicked on

2019-02-20 20:08:51 - [MESSAGE][PASSED] - Object: 'Object Repository/KeatMun/Form 7_default/OTC_Submit Form 7_Section B/Page_PERKESO/B6. Bencana alam (cth banjir ke' is clicked on

2019-02-20 20:08:51 - [TEST_STEP][PASSED] - delay(3): Delayed 3 second(s)

2019-02-20 20:08:54 - [MESSAGE][PASSED] - Delayed 3 second(s)

2019-02-20 20:08:54 - [TEST_STEP][PASSED] - setText(findTestObject("KeatMun/Form 7_default/OTC_Submit Form 7_Section B/Page_PERKESO/B7. AverageWorkingHour"), "8"): Text '8' is set on object 'Object Repository/KeatMun/Form 7_default/OTC_Submit Form 7_Section B/Page_PERKESO/B7. AverageWorkingHour'

2019-02-20 20:08:58 - [MESSAGE][PASSED] - Text '8' is set on object 'Object Repository/KeatMun/Form 7_default/OTC_Submit Form 7_Section B/Page_PERKESO/B7. AverageWorkingHour'

2019-02-20 20:08:58 - [TEST_STEP][PASSED] - delay(2): Delayed 2 second(s)

2019-02-20 20:09:00 - [MESSAGE][PASSED] - Delayed 2 second(s)

2019-02-20 20:09:00 - [TEST_STEP][PASSED] - click(findTestObject("KeatMun/Form 7_default/OTC_Submit Form 7_Section B/Page_PERKESO/B8. Tidak_compensationInd")): Object: 'Object Repository/KeatMun/Form 7_default/OTC_Submit Form 7_Section B/Page_PERKESO/B8. Tidak_compensationInd' is clicked on

2019-02-20 20:09:02 - [MESSAGE][PASSED] - Object: 'Object Repository/KeatMun/Form 7_default/OTC_Submit Form 7_Section B/Page_PERKESO/B8. Tidak_compensationInd' is clicked on

2019-02-20 20:09:02 - [TEST_STEP][PASSED] - delay(1): Delayed 1 second(s)

2019-02-20 20:09:03 - [MESSAGE][PASSED] - Delayed 1 second(s)

2019-02-20 20:09:03 - [TEST_STEP][PASSED] - click(findTestObject("KeatMun/Form 7_default/OTC_Submit Form 7_Section B/Page_PERKESO/B9. Tidak_fileCaseInd")): Object: 'Object Repository/KeatMun/Form 7_default/OTC_Submit Form 7_Section B/Page_PERKESO/B9. Tidak_fileCaseInd' is clicked on

2019-02-20 20:09:05 - [MESSAGE][PASSED] - Object: 'Object Repository/KeatMun/Form 7_default/OTC_Submit Form 7_Section B/Page_PERKESO/B9. Tidak_fileCaseInd' is clicked on

2019-02-20 20:09:05 - [TEST_STEP][PASSED] - delay(1): Delayed 1 second(s)

2019-02-20 20:09:06 - [MESSAGE][PASSED] - Delayed 1 second(s)

2019-02-20 20:09:06 - [TEST_STEP][PASSED] - click(findTestObject("KeatMun/Form 7_default/OTC_Submit Form 7_Section B/Page_PERKESO/B10. Tidak_unregisterCaseInd")): Object: 'Object Repository/KeatMun/Form 7_default/OTC_Submit Form 7_Section B/Page_PERKESO/B10. Tidak_unregisterCaseInd' is clicked on

2019-02-20 20:09:08 - [MESSAGE][PASSED] - Object: 'Object Repository/KeatMun/Form 7_default/OTC_Submit Form 7_Section B/Page_PERKESO/B10. Tidak_unregisterCaseInd' is clicked on

2019-02-20 20:09:08 - [TEST_STEP][PASSED] - delay(2): Delayed 2 second(s)

2019-02-20 20:09:10 - [MESSAGE][PASSED] - Delayed 2 second(s)

2019-02-20 20:09:10 - [TEST_STEP][PASSED] - click(findTestObject("KeatMun/Form 7_default/OTC_Submit Form 7_Section B/Page_PERKESO/B11. Halaman Seterusnya")): Object: 'Object Repository/KeatMun/Form 7_default/OTC_Submit Form 7_Section B/Page_PERKESO/B11. Halaman Seterusnya' is clicked on

2019-02-20 20:09:12 - [MESSAGE][PASSED] - Object: 'Object Repository/KeatMun/Form 7_default/OTC_Submit Form 7_Section B/Page_PERKESO/B11. Halaman Seterusnya' is clicked on

2019-02-20 20:09:12 - [TEST_STEP][PASSED] - delay(3): Delayed 3 second(s)

2019-02-20 20:09:15 - [MESSAGE][PASSED] - Delayed 3 second(s)

2019-02-20 20:09:15 - [MESSAGE][PASSED] - Call Test Case 'Test Cases/All TC/Arranged/3. Unit/EI/Form 7_default/OTC_Submit Form 7_Section B' successfully

2019-02-20 20:09:15 - [TEST_STEP][PASSED] - callTestCase(findTestCase("All TC/Arranged/3. Unit/EI/Form 7_default/OTC_Submit Form 7_Section C"), [:], STOP_ON_FAILURE): Call Test Case 'Test Cases/All TC/Arranged/3. Unit/EI/Form 7_default/OTC_Submit Form 7_Section C' successfully

2019-02-20 20:09:15 - [TEST_CASE][PASSED] - Test Cases/All TC/Arranged/3. Unit/EI/Form 7_default/OTC_Submit Form 7_Section C: Test Cases/All TC/Arranged/3. Unit/EI/Form 7_default/OTC_Submit Form 7_Section C

2019-02-20 20:09:15 - [TEST_STEP][PASSED] - delay(2): Delayed 2 second(s)

2019-02-20 20:09:17 - [MESSAGE][PASSED] - Delayed 2 second(s)

2019-02-20 20:09:17 - [TEST_STEP][PASSED] - setText(findTestObject("KeatMun/Form 7_default/OTC_Submit Form 7_Section C/Page_PERKESO/C4. EmployerInfo"), "qwertyuiop"): Text 'qwertyuiop' is set on object 'Object Repository/KeatMun/Form 7_default/OTC_Submit Form 7_Section C/Page_PERKESO/C4. EmployerInfo'

2019-02-20 20:09:22 - [MESSAGE][PASSED] - Text 'qwertyuiop' is set on object 'Object Repository/KeatMun/Form 7_default/OTC_Submit Form 7_Section C/Page_PERKESO/C4. EmployerInfo'

2019-02-20 20:09:22 - [TEST_STEP][PASSED] - delay(2): Delayed 2 second(s)

2019-02-20 20:09:24 - [MESSAGE][PASSED] - Delayed 2 second(s)

2019-02-20 20:09:24 - [TEST_STEP][PASSED] - click(findTestObject("KeatMun/Form 7_default/OTC_Submit Form 7_Section C/Page_PERKESO/C5. Negeri")): Object: 'Object Repository/KeatMun/Form 7_default/OTC_Submit Form 7_Section C/Page_PERKESO/C5. Negeri' is clicked on

2019-02-20 20:09:26 - [MESSAGE][PASSED] - Object: 'Object Repository/KeatMun/Form 7_default/OTC_Submit Form 7_Section C/Page_PERKESO/C5. Negeri' is clicked on

2019-02-20 20:09:26 - [TEST_STEP][PASSED] - delay(2): Delayed 2 second(s)

2019-02-20 20:09:28 - [MESSAGE][PASSED] - Delayed 2 second(s)

2019-02-20 20:09:28 - [TEST_STEP][PASSED] - click(findTestObject("KeatMun/Form 7_default/OTC_Submit Form 7_Section C/Page_PERKESO/C5. JOHOR")): Object: 'Object Repository/KeatMun/Form 7_default/OTC_Submit Form 7_Section C/Page_PERKESO/C5. JOHOR' is clicked on

2019-02-20 20:09:30 - [MESSAGE][PASSED] - Object: 'Object Repository/KeatMun/Form 7_default/OTC_Submit Form 7_Section C/Page_PERKESO/C5. JOHOR' is clicked on

2019-02-20 20:09:30 - [TEST_STEP][PASSED] - delay(3): Delayed 3 second(s)

2019-02-20 20:09:33 - [MESSAGE][PASSED] - Delayed 3 second(s)

2019-02-20 20:09:33 - [TEST_STEP][PASSED] - click(findTestObject("KeatMun/Form 7_default/OTC_Submit Form 7_Section C/Page_PERKESO/C6. City")): Object: 'Object Repository/KeatMun/Form 7_default/OTC_Submit Form 7_Section C/Page_PERKESO/C6. City' is clicked on

2019-02-20 20:09:35 - [MESSAGE][PASSED] - Object: 'Object Repository/KeatMun/Form 7_default/OTC_Submit Form 7_Section C/Page_PERKESO/C6. City' is clicked on

2019-02-20 20:09:35 - [TEST_STEP][PASSED] - delay(2): Delayed 2 second(s)

2019-02-20 20:09:37 - [MESSAGE][PASSED] - Delayed 2 second(s)

2019-02-20 20:09:37 - [TEST_STEP][PASSED] - setText(findTestObject("KeatMun/Form 7_default/OTC_Submit Form 7_Section C/Page_PERKESO/C6. Done_select2-search__fie"), "jo"): Text 'jo' is set on object 'Object Repository/KeatMun/Form 7_default/OTC_Submit Form 7_Section C/Page_PERKESO/C6. Done_select2-search__fie'

2019-02-20 20:09:41 - [MESSAGE][PASSED] - Text 'jo' is set on object 'Object Repository/KeatMun/Form 7_default/OTC_Submit Form 7_Section C/Page_PERKESO/C6. Done_select2-search__fie'

2019-02-20 20:09:41 - [TEST_STEP][PASSED] - setText(findTestObject("KeatMun/Form 7_default/OTC_Submit Form 7_Section C/Page_PERKESO/C6. Concat(id(  select2-city"), "jo"): Text 'jo' is set on object 'Object Repository/KeatMun/Form 7_default/OTC_Submit Form 7_Section C/Page_PERKESO/C6. Concat(id(  select2-city'

2019-02-20 20:09:45 - [MESSAGE][PASSED] - Text 'jo' is set on object 'Object Repository/KeatMun/Form 7_default/OTC_Submit Form 7_Section C/Page_PERKESO/C6. Concat(id(  select2-city'

2019-02-20 20:09:45 - [TEST_STEP][PASSED] - click(findTestObject("KeatMun/Form 7_default/OTC_Submit Form 7_Section C/Page_PERKESO/C6. JOHOR BAHRU")): Object: 'Object Repository/KeatMun/Form 7_default/OTC_Submit Form 7_Section C/Page_PERKESO/C6. JOHOR BAHRU' is clicked on

2019-02-20 20:09:48 - [MESSAGE][PASSED] - Object: 'Object Repository/KeatMun/Form 7_default/OTC_Submit Form 7_Section C/Page_PERKESO/C6. JOHOR BAHRU' is clicked on

2019-02-20 20:09:48 - [TEST_STEP][PASSED] - delay(3): Delayed 3 second(s)

2019-02-20 20:09:51 - [MESSAGE][PASSED] - Delayed 3 second(s)

2019-02-20 20:09:51 - [TEST_STEP][PASSED] - click(findTestObject("KeatMun/Form 7_default/OTC_Submit Form 7_Section C/Page_PERKESO/C7. --Sila Isikan--")): Object: 'Object Repository/KeatMun/Form 7_default/OTC_Submit Form 7_Section C/Page_PERKESO/C7. --Sila Isikan--' is clicked on

2019-02-20 20:09:53 - [MESSAGE][PASSED] - Object: 'Object Repository/KeatMun/Form 7_default/OTC_Submit Form 7_Section C/Page_PERKESO/C7. --Sila Isikan--' is clicked on

2019-02-20 20:09:53 - [TEST_STEP][PASSED] - delay(2): Delayed 2 second(s)

2019-02-20 20:09:55 - [MESSAGE][PASSED] - Delayed 2 second(s)

2019-02-20 20:09:55 - [TEST_STEP][PASSED] - setText(findTestObject("KeatMun/Form 7_default/OTC_Submit Form 7_Section C/Page_PERKESO/C7. Done_select2-search__fie"), "84"): Text '84' is set on object 'Object Repository/KeatMun/Form 7_default/OTC_Submit Form 7_Section C/Page_PERKESO/C7. Done_select2-search__fie'

2019-02-20 20:09:59 - [MESSAGE][PASSED] - Text '84' is set on object 'Object Repository/KeatMun/Form 7_default/OTC_Submit Form 7_Section C/Page_PERKESO/C7. Done_select2-search__fie'

2019-02-20 20:09:59 - [TEST_STEP][PASSED] - setText(findTestObject("KeatMun/Form 7_default/OTC_Submit Form 7_Section C/Page_PERKESO/C7. Concat(id(  select2-post"), "84"): Text '84' is set on object 'Object Repository/KeatMun/Form 7_default/OTC_Submit Form 7_Section C/Page_PERKESO/C7. Concat(id(  select2-post'

2019-02-20 20:10:03 - [MESSAGE][PASSED] - Text '84' is set on object 'Object Repository/KeatMun/Form 7_default/OTC_Submit Form 7_Section C/Page_PERKESO/C7. Concat(id(  select2-post'

2019-02-20 20:10:03 - [TEST_STEP][PASSED] - click(findTestObject("KeatMun/Form 7_default/OTC_Submit Form 7_Section C/Page_PERKESO/C7. 84000")): Object: 'Object Repository/KeatMun/Form 7_default/OTC_Submit Form 7_Section C/Page_PERKESO/C7. 84000' is clicked on

2019-02-20 20:10:05 - [MESSAGE][PASSED] - Object: 'Object Repository/KeatMun/Form 7_default/OTC_Submit Form 7_Section C/Page_PERKESO/C7. 84000' is clicked on

2019-02-20 20:10:05 - [TEST_STEP][PASSED] - delay(3): Delayed 3 second(s)

2019-02-20 20:10:08 - [MESSAGE][PASSED] - Delayed 3 second(s)

2019-02-20 20:10:08 - [TEST_STEP][PASSED] - click(findTestObject("KeatMun/Form 7_default/OTC_Submit Form 7_Section C/Page_PERKESO/C8. Tidak_employerInfo.emplo")): Object: 'Object Repository/KeatMun/Form 7_default/OTC_Submit Form 7_Section C/Page_PERKESO/C8. Tidak_employerInfo.emplo' is clicked on

2019-02-20 20:10:10 - [MESSAGE][PASSED] - Object: 'Object Repository/KeatMun/Form 7_default/OTC_Submit Form 7_Section C/Page_PERKESO/C8. Tidak_employerInfo.emplo' is clicked on

2019-02-20 20:10:10 - [TEST_STEP][PASSED] - delay(2): Delayed 2 second(s)

2019-02-20 20:10:12 - [MESSAGE][PASSED] - Delayed 2 second(s)

2019-02-20 20:10:12 - [TEST_STEP][PASSED] - setText(findTestObject("KeatMun/Form 7_default/OTC_Submit Form 7_Section C/Page_PERKESO/C9. EmployerName"), "qwertyuiop"): Text 'qwertyuiop' is set on object 'Object Repository/KeatMun/Form 7_default/OTC_Submit Form 7_Section C/Page_PERKESO/C9. EmployerName'

2019-02-20 20:10:17 - [MESSAGE][PASSED] - Text 'qwertyuiop' is set on object 'Object Repository/KeatMun/Form 7_default/OTC_Submit Form 7_Section C/Page_PERKESO/C9. EmployerName'

2019-02-20 20:10:17 - [TEST_STEP][PASSED] - delay(2): Delayed 2 second(s)

2019-02-20 20:10:19 - [MESSAGE][PASSED] - Delayed 2 second(s)

2019-02-20 20:10:19 - [TEST_STEP][PASSED] - setText(findTestObject("KeatMun/Form 7_default/OTC_Submit Form 7_Section C/Page_PERKESO/C10. EmployerIC"), "1234567890"): Text '1234567890' is set on object 'Object Repository/KeatMun/Form 7_default/OTC_Submit Form 7_Section C/Page_PERKESO/C10. EmployerIC'

2019-02-20 20:10:23 - [MESSAGE][PASSED] - Text '1234567890' is set on object 'Object Repository/KeatMun/Form 7_default/OTC_Submit Form 7_Section C/Page_PERKESO/C10. EmployerIC'

2019-02-20 20:10:23 - [TEST_STEP][PASSED] - delay(3): Delayed 3 second(s)

2019-02-20 20:10:26 - [MESSAGE][PASSED] - Delayed 3 second(s)

2019-02-20 20:10:26 - [TEST_STEP][PASSED] - click(findTestObject("KeatMun/Form 7_default/OTC_Submit Form 7_Section C/Page_PERKESO/C11. Halaman Seterusnya")): Object: 'Object Repository/KeatMun/Form 7_default/OTC_Submit Form 7_Section C/Page_PERKESO/C11. Halaman Seterusnya' is clicked on

2019-02-20 20:10:28 - [MESSAGE][PASSED] - Object: 'Object Repository/KeatMun/Form 7_default/OTC_Submit Form 7_Section C/Page_PERKESO/C11. Halaman Seterusnya' is clicked on

2019-02-20 20:10:28 - [TEST_STEP][PASSED] - delay(3): Delayed 3 second(s)

2019-02-20 20:10:31 - [MESSAGE][PASSED] - Delayed 3 second(s)

2019-02-20 20:10:31 - [MESSAGE][PASSED] - Call Test Case 'Test Cases/All TC/Arranged/3. Unit/EI/Form 7_default/OTC_Submit Form 7_Section C' successfully

2019-02-20 20:10:31 - [TEST_STEP][PASSED] - callTestCase(findTestCase("All TC/Arranged/3. Unit/EI/Form 7_default/OTC_Submit Form 7_Section D-E"), [:], STOP_ON_FAILURE): Call Test Case 'Test Cases/All TC/Arranged/3. Unit/EI/Form 7_default/OTC_Submit Form 7_Section D-E' successfully

2019-02-20 20:10:31 - [TEST_CASE][PASSED] - Test Cases/All TC/Arranged/3. Unit/EI/Form 7_default/OTC_Submit Form 7_Section D-E: Test Cases/All TC/Arranged/3. Unit/EI/Form 7_default/OTC_Submit Form 7_Section D-E

2019-02-20 20:10:31 - [TEST_STEP][PASSED] - delay(3): Delayed 3 second(s)

2019-02-20 20:10:34 - [MESSAGE][PASSED] - Delayed 3 second(s)

2019-02-20 20:10:34 - [TEST_STEP][PASSED] - click(findTestObject("KeatMun/Form 7_default/OTC_Submit Form 7_Section D-E/Page_PERKESO/D1. NO_otherActiveEmploye")): Object: 'Object Repository/KeatMun/Form 7_default/OTC_Submit Form 7_Section D-E/Page_PERKESO/D1. NO_otherActiveEmploye' is clicked on

2019-02-20 20:10:36 - [MESSAGE][PASSED] - Object: 'Object Repository/KeatMun/Form 7_default/OTC_Submit Form 7_Section D-E/Page_PERKESO/D1. NO_otherActiveEmploye' is clicked on

2019-02-20 20:10:36 - [TEST_STEP][PASSED] - delay(4): Delayed 4 second(s)

2019-02-20 20:10:40 - [MESSAGE][PASSED] - Delayed 4 second(s)

2019-02-20 20:10:40 - [TEST_STEP][PASSED] - click(findTestObject("KeatMun/Form 7_default/OTC_Submit Form 7_Section D-E/Page_PERKESO/D2. Halaman Seterusnya")): Object: 'Object Repository/KeatMun/Form 7_default/OTC_Submit Form 7_Section D-E/Page_PERKESO/D2. Halaman Seterusnya' is clicked on

2019-02-20 20:10:42 - [MESSAGE][PASSED] - Object: 'Object Repository/KeatMun/Form 7_default/OTC_Submit Form 7_Section D-E/Page_PERKESO/D2. Halaman Seterusnya' is clicked on

2019-02-20 20:10:42 - [TEST_STEP][PASSED] - delay(5): Delayed 5 second(s)

2019-02-20 20:10:47 - [MESSAGE][PASSED] - Delayed 5 second(s)

2019-02-20 20:10:47 - [TEST_STEP][PASSED] - setText(findTestObject("KeatMun/Form 7_default/OTC_Submit Form 7_Section D-E/Page_PERKESO/E1. Input__totalExpYear"), "1"): Text '1' is set on object 'Object Repository/KeatMun/Form 7_default/OTC_Submit Form 7_Section D-E/Page_PERKESO/E1. Input__totalExpYear'

2019-02-20 20:10:52 - [MESSAGE][PASSED] - Text '1' is set on object 'Object Repository/KeatMun/Form 7_default/OTC_Submit Form 7_Section D-E/Page_PERKESO/E1. Input__totalExpYear'

2019-02-20 20:10:52 - [TEST_STEP][PASSED] - delay(2): Delayed 2 second(s)

2019-02-20 20:10:54 - [MESSAGE][PASSED] - Delayed 2 second(s)

2019-02-20 20:10:54 - [TEST_STEP][PASSED] - setText(findTestObject("KeatMun/Form 7_default/OTC_Submit Form 7_Section D-E/Page_PERKESO/E1. Tahun_totalExpMonth"), "1"): Text '1' is set on object 'Object Repository/KeatMun/Form 7_default/OTC_Submit Form 7_Section D-E/Page_PERKESO/E1. Tahun_totalExpMonth'

2019-02-20 20:10:58 - [MESSAGE][PASSED] - Text '1' is set on object 'Object Repository/KeatMun/Form 7_default/OTC_Submit Form 7_Section D-E/Page_PERKESO/E1. Tahun_totalExpMonth'

2019-02-20 20:10:58 - [TEST_STEP][PASSED] - delay(2): Delayed 2 second(s)

2019-02-20 20:11:00 - [MESSAGE][PASSED] - Delayed 2 second(s)

2019-02-20 20:11:00 - [TEST_STEP][PASSED] - click(findTestObject("KeatMun/Form 7_default/OTC_Submit Form 7_Section D-E/Page_PERKESO/E2. Edu-Level")): Object: 'Object Repository/KeatMun/Form 7_default/OTC_Submit Form 7_Section D-E/Page_PERKESO/E2. Edu-Level' is clicked on

2019-02-20 20:11:02 - [MESSAGE][PASSED] - Object: 'Object Repository/KeatMun/Form 7_default/OTC_Submit Form 7_Section D-E/Page_PERKESO/E2. Edu-Level' is clicked on

2019-02-20 20:11:02 - [TEST_STEP][PASSED] - delay(2): Delayed 2 second(s)

2019-02-20 20:11:04 - [MESSAGE][PASSED] - Delayed 2 second(s)

2019-02-20 20:11:04 - [TEST_STEP][PASSED] - click(findTestObject("KeatMun/Form 7_default/OTC_Submit Form 7_Section D-E/Page_PERKESO/E2. PMRPT3")): Object: 'Object Repository/KeatMun/Form 7_default/OTC_Submit Form 7_Section D-E/Page_PERKESO/E2. PMRPT3' is clicked on

2019-02-20 20:11:06 - [MESSAGE][PASSED] - Object: 'Object Repository/KeatMun/Form 7_default/OTC_Submit Form 7_Section D-E/Page_PERKESO/E2. PMRPT3' is clicked on

2019-02-20 20:11:06 - [TEST_STEP][PASSED] - delay(3): Delayed 3 second(s)

2019-02-20 20:11:09 - [MESSAGE][PASSED] - Delayed 3 second(s)

2019-02-20 20:11:09 - [TEST_STEP][PASSED] - click(findTestObject("KeatMun/Form 7_default/OTC_Submit Form 7_Section D-E/Page_PERKESO/E3. Job-Choice")): Object: 'Object Repository/KeatMun/Form 7_default/OTC_Submit Form 7_Section D-E/Page_PERKESO/E3. Job-Choice' is clicked on

2019-02-20 20:11:11 - [MESSAGE][PASSED] - Object: 'Object Repository/KeatMun/Form 7_default/OTC_Submit Form 7_Section D-E/Page_PERKESO/E3. Job-Choice' is clicked on

2019-02-20 20:11:11 - [TEST_STEP][PASSED] - delay(2): Delayed 2 second(s)

2019-02-20 20:11:13 - [MESSAGE][PASSED] - Delayed 2 second(s)

2019-02-20 20:11:13 - [TEST_STEP][PASSED] - setText(findTestObject("KeatMun/Form 7_default/OTC_Submit Form 7_Section D-E/Page_PERKESO/E3. Done_select2-search__fie"), "re"): Text 're' is set on object 'Object Repository/KeatMun/Form 7_default/OTC_Submit Form 7_Section D-E/Page_PERKESO/E3. Done_select2-search__fie'

2019-02-20 20:11:17 - [MESSAGE][PASSED] - Text 're' is set on object 'Object Repository/KeatMun/Form 7_default/OTC_Submit Form 7_Section D-E/Page_PERKESO/E3. Done_select2-search__fie'

2019-02-20 20:11:17 - [TEST_STEP][PASSED] - click(findTestObject("KeatMun/Form 7_default/OTC_Submit Form 7_Section D-E/Page_PERKESO/E3. Arkitek Reka Bentuk")): Object: 'Object Repository/KeatMun/Form 7_default/OTC_Submit Form 7_Section D-E/Page_PERKESO/E3. Arkitek Reka Bentuk' is clicked on

2019-02-20 20:11:19 - [MESSAGE][PASSED] - Object: 'Object Repository/KeatMun/Form 7_default/OTC_Submit Form 7_Section D-E/Page_PERKESO/E3. Arkitek Reka Bentuk' is clicked on

2019-02-20 20:11:19 - [TEST_STEP][PASSED] - delay(2): Delayed 2 second(s)

2019-02-20 20:11:21 - [MESSAGE][PASSED] - Delayed 2 second(s)

2019-02-20 20:11:21 - [TEST_STEP][PASSED] - click(findTestObject("KeatMun/Form 7_default/OTC_Submit Form 7_Section D-E/Page_PERKESO/E4. Job_Location")): Object: 'Object Repository/KeatMun/Form 7_default/OTC_Submit Form 7_Section D-E/Page_PERKESO/E4. Job_Location' is clicked on

2019-02-20 20:11:24 - [MESSAGE][PASSED] - Object: 'Object Repository/KeatMun/Form 7_default/OTC_Submit Form 7_Section D-E/Page_PERKESO/E4. Job_Location' is clicked on

2019-02-20 20:11:24 - [TEST_STEP][PASSED] - delay(2): Delayed 2 second(s)

2019-02-20 20:11:26 - [MESSAGE][PASSED] - Delayed 2 second(s)

2019-02-20 20:11:26 - [TEST_STEP][PASSED] - click(findTestObject("KeatMun/Form 7_default/OTC_Submit Form 7_Section D-E/Page_PERKESO/E4. JOHOR")): Object: 'Object Repository/KeatMun/Form 7_default/OTC_Submit Form 7_Section D-E/Page_PERKESO/E4. JOHOR' is clicked on

2019-02-20 20:11:28 - [MESSAGE][PASSED] - Object: 'Object Repository/KeatMun/Form 7_default/OTC_Submit Form 7_Section D-E/Page_PERKESO/E4. JOHOR' is clicked on

2019-02-20 20:11:28 - [TEST_STEP][PASSED] - delay(2): Delayed 2 second(s)

2019-02-20 20:11:30 - [MESSAGE][PASSED] - Delayed 2 second(s)

2019-02-20 20:11:30 - [TEST_STEP][PASSED] - click(findTestObject("KeatMun/Form 7_default/OTC_Submit Form 7_Section D-E/Page_PERKESO/E7. NO_disability")): Object: 'Object Repository/KeatMun/Form 7_default/OTC_Submit Form 7_Section D-E/Page_PERKESO/E7. NO_disability' is clicked on

2019-02-20 20:11:32 - [MESSAGE][PASSED] - Object: 'Object Repository/KeatMun/Form 7_default/OTC_Submit Form 7_Section D-E/Page_PERKESO/E7. NO_disability' is clicked on

2019-02-20 20:11:32 - [TEST_STEP][PASSED] - delay(2): Delayed 2 second(s)

2019-02-20 20:11:34 - [MESSAGE][PASSED] - Delayed 2 second(s)

2019-02-20 20:11:34 - [TEST_STEP][PASSED] - click(findTestObject("KeatMun/Form 7_default/OTC_Submit Form 7_Section D-E/Page_PERKESO/E8. NO_disabilityApplyInd")): Object: 'Object Repository/KeatMun/Form 7_default/OTC_Submit Form 7_Section D-E/Page_PERKESO/E8. NO_disabilityApplyInd' is clicked on

2019-02-20 20:11:36 - [MESSAGE][PASSED] - Object: 'Object Repository/KeatMun/Form 7_default/OTC_Submit Form 7_Section D-E/Page_PERKESO/E8. NO_disabilityApplyInd' is clicked on

2019-02-20 20:11:36 - [TEST_STEP][PASSED] - delay(2): Delayed 2 second(s)

2019-02-20 20:11:38 - [MESSAGE][PASSED] - Delayed 2 second(s)

2019-02-20 20:11:38 - [TEST_STEP][PASSED] - click(findTestObject("KeatMun/Form 7_default/OTC_Submit Form 7_Section D-E/Page_PERKESO/E9. YES_ReEmployment")): Object: 'Object Repository/KeatMun/Form 7_default/OTC_Submit Form 7_Section D-E/Page_PERKESO/E9. YES_ReEmployment' is clicked on

2019-02-20 20:11:40 - [MESSAGE][PASSED] - Object: 'Object Repository/KeatMun/Form 7_default/OTC_Submit Form 7_Section D-E/Page_PERKESO/E9. YES_ReEmployment' is clicked on

2019-02-20 20:11:40 - [TEST_STEP][PASSED] - delay(2): Delayed 2 second(s)

2019-02-20 20:11:42 - [MESSAGE][PASSED] - Delayed 2 second(s)

2019-02-20 20:11:42 - [TEST_STEP][PASSED] - click(findTestObject("KeatMun/Form 7_default/OTC_Submit Form 7_Section D-E/Page_PERKESO/E10. Halaman Seterusnya")): Object: 'Object Repository/KeatMun/Form 7_default/OTC_Submit Form 7_Section D-E/Page_PERKESO/E10. Halaman Seterusnya' is clicked on

2019-02-20 20:11:44 - [MESSAGE][PASSED] - Object: 'Object Repository/KeatMun/Form 7_default/OTC_Submit Form 7_Section D-E/Page_PERKESO/E10. Halaman Seterusnya' is clicked on

2019-02-20 20:11:44 - [TEST_STEP][PASSED] - delay(3): Delayed 3 second(s)

2019-02-20 20:11:47 - [MESSAGE][PASSED] - Delayed 3 second(s)

2019-02-20 20:11:47 - [MESSAGE][PASSED] - Call Test Case 'Test Cases/All TC/Arranged/3. Unit/EI/Form 7_default/OTC_Submit Form 7_Section D-E' successfully

2019-02-20 20:11:47 - [TEST_STEP][FAILED] - callTestCase(findTestCase("All TC/Arranged/3. Unit/EI/Form 7_default/OTC_Submit Form 7_Section F-G-H - Cheque"), [:], STOP_ON_FAILURE): callTestCase(findTestCase("All TC/Arranged/3. Unit/EI/Form 7_default/OTC_Submit Form 7_Section F-G-H - Cheque"), [:], STOP_ON_FAILURE) FAILED.
Reason:
com.kms.katalon.core.exception.StepFailedException: Unable to click on object 'Object Repository/KeatMun/Form 7_default/OTC_Submit Form 7_Section F-G-H/Page_PERKESO/G2. span_Isteri' (Root cause: com.kms.katalon.core.webui.exception.WebElementNotFoundException: Web element with id: 'Object Repository/KeatMun/Form 7_default/OTC_Submit Form 7_Section F-G-H/Page_PERKESO/G2. span_Isteri' located by 'By.xpath: //span[@id = 'select2-dependentList0dependentRelationId-container' and @title = 'Isteri' and (text() = 'Isteri' or . = 'Isteri')]' not found)
	at com.kms.katalon.core.keyword.internal.KeywordMain.stepFailed(KeywordMain.groovy:36)
	at com.kms.katalon.core.webui.keyword.internal.WebUIKeywordMain.stepFailed(WebUIKeywordMain.groovy:65)
	at com.kms.katalon.core.webui.keyword.internal.WebUIKeywordMain.runKeyword(WebUIKeywordMain.groovy:27)
	at com.kms.katalon.core.webui.keyword.builtin.ClickKeyword.click(ClickKeyword.groovy:86)
	at com.kms.katalon.core.webui.keyword.builtin.ClickKeyword.execute(ClickKeyword.groovy:67)
	at com.kms.katalon.core.keyword.internal.KeywordExecutor.executeKeywordForPlatform(KeywordExecutor.groovy:53)
	at com.kms.katalon.core.webui.keyword.WebUiBuiltInKeywords.click(WebUiBuiltInKeywords.groovy:616)
	at com.kms.katalon.core.webui.keyword.WebUiBuiltInKeywords$click$3.call(Unknown Source)
	at OTC_Submit Form 7_Section F-G-H - Cheque.run(OTC_Submit Form 7_Section F-G-H - Cheque:41)
	at com.kms.katalon.core.main.ScriptEngine.run(ScriptEngine.java:194)
	at com.kms.katalon.core.main.ScriptEngine.runScriptAsRawText(ScriptEngine.java:119)
	at com.kms.katalon.core.main.TestCaseExecutor.runScript(TestCaseExecutor.java:328)
	at com.kms.katalon.core.main.TestCaseExecutor.doExecute(TestCaseExecutor.java:319)
	at com.kms.katalon.core.main.TestCaseExecutor.processExecutionPhase(TestCaseExecutor.java:298)
	at com.kms.katalon.core.main.TestCaseExecutor.accessMainPhase(TestCaseExecutor.java:290)
	at com.kms.katalon.core.main.TestCaseExecutor.execute(TestCaseExecutor.java:224)
	at com.kms.katalon.core.main.TestCaseMain.runTestCase(TestCaseMain.java:106)
	at com.kms.katalon.core.keyword.builtin.CallTestCaseKeyword$_callTestCase_closure1.doCall(CallTestCaseKeyword.groovy:59)
	at com.kms.katalon.core.keyword.builtin.CallTestCaseKeyword$_callTestCase_closure1.call(CallTestCaseKeyword.groovy)
	at com.kms.katalon.core.keyword.internal.KeywordMain.runKeyword(KeywordMain.groovy:54)
	at com.kms.katalon.core.keyword.builtin.CallTestCaseKeyword.callTestCase(CallTestCaseKeyword.groovy:80)
	at com.kms.katalon.core.keyword.builtin.CallTestCaseKeyword.execute(CallTestCaseKeyword.groovy:44)
	at com.kms.katalon.core.keyword.internal.KeywordExecutor.executeKeywordForPlatform(KeywordExecutor.groovy:53)
	at com.kms.katalon.core.keyword.BuiltinKeywords.callTestCase(BuiltinKeywords.groovy:334)
	at OTC_Submit Form 7_End to End - Cheque.run(OTC_Submit Form 7_End to End - Cheque:26)
	at com.kms.katalon.core.main.ScriptEngine.run(ScriptEngine.java:194)
	at com.kms.katalon.core.main.ScriptEngine.runScriptAsRawText(ScriptEngine.java:119)
	at com.kms.katalon.core.main.TestCaseExecutor.runScript(TestCaseExecutor.java:328)
	at com.kms.katalon.core.main.TestCaseExecutor.doExecute(TestCaseExecutor.java:319)
	at com.kms.katalon.core.main.TestCaseExecutor.processExecutionPhase(TestCaseExecutor.java:298)
	at com.kms.katalon.core.main.TestCaseExecutor.accessMainPhase(TestCaseExecutor.java:290)
	at com.kms.katalon.core.main.TestCaseExecutor.execute(TestCaseExecutor.java:224)
	at com.kms.katalon.core.main.TestCaseMain.runTestCase(TestCaseMain.java:106)
	at com.kms.katalon.core.keyword.builtin.CallTestCaseKeyword$_callTestCase_closure1.doCall(CallTestCaseKeyword.groovy:59)
	at com.kms.katalon.core.keyword.builtin.CallTestCaseKeyword$_callTestCase_closure1.call(CallTestCaseKeyword.groovy)
	at com.kms.katalon.core.keyword.internal.KeywordMain.runKeyword(KeywordMain.groovy:54)
	at com.kms.katalon.core.keyword.builtin.CallTestCaseKeyword.callTestCase(CallTestCaseKeyword.groovy:80)
	at com.kms.katalon.core.keyword.builtin.CallTestCaseKeyword.execute(CallTestCaseKeyword.groovy:44)
	at com.kms.katalon.core.keyword.internal.KeywordExecutor.executeKeywordForPlatform(KeywordExecutor.groovy:53)
	at com.kms.katalon.core.keyword.BuiltinKeywords.callTestCase(BuiltinKeywords.groovy:334)
	at Approve Application - JSA.run(Approve Application - JSA:16)
	at com.kms.katalon.core.main.ScriptEngine.run(ScriptEngine.java:194)
	at com.kms.katalon.core.main.ScriptEngine.runScriptAsRawText(ScriptEngine.java:119)
	at com.kms.katalon.core.main.TestCaseExecutor.runScript(TestCaseExecutor.java:328)
	at com.kms.katalon.core.main.TestCaseExecutor.doExecute(TestCaseExecutor.java:319)
	at com.kms.katalon.core.main.TestCaseExecutor.processExecutionPhase(TestCaseExecutor.java:298)
	at com.kms.katalon.core.main.TestCaseExecutor.accessMainPhase(TestCaseExecutor.java:290)
	at com.kms.katalon.core.main.TestCaseExecutor.execute(TestCaseExecutor.java:224)
	at com.kms.katalon.core.main.TestSuiteExecutor.accessTestCaseMainPhase(TestSuiteExecutor.java:129)
	at com.kms.katalon.core.main.TestSuiteExecutor.accessTestSuiteMainPhase(TestSuiteExecutor.java:112)
	at com.kms.katalon.core.main.TestSuiteExecutor.execute(TestSuiteExecutor.java:81)
	at com.kms.katalon.core.main.TestCaseMain.startTestSuite(TestCaseMain.java:149)
	at com.kms.katalon.core.main.TestCaseMain$startTestSuite$0.call(Unknown Source)
	at TempTestSuite1550652525208.run(TempTestSuite1550652525208.groovy:36)


2019-02-20 20:11:47 - [TEST_CASE][FAILED] - Test Cases/All TC/Arranged/3. Unit/EI/Form 7_default/OTC_Submit Form 7_Section F-G-H - Cheque: Test Cases/All TC/Arranged/3. Unit/EI/Form 7_default/OTC_Submit Form 7_Section F-G-H - Cheque FAILED.
Reason:
com.kms.katalon.core.exception.StepFailedException: Unable to click on object 'Object Repository/KeatMun/Form 7_default/OTC_Submit Form 7_Section F-G-H/Page_PERKESO/G2. span_Isteri' (Root cause: com.kms.katalon.core.webui.exception.WebElementNotFoundException: Web element with id: 'Object Repository/KeatMun/Form 7_default/OTC_Submit Form 7_Section F-G-H/Page_PERKESO/G2. span_Isteri' located by 'By.xpath: //span[@id = 'select2-dependentList0dependentRelationId-container' and @title = 'Isteri' and (text() = 'Isteri' or . = 'Isteri')]' not found)
	at com.kms.katalon.core.keyword.internal.KeywordMain.stepFailed(KeywordMain.groovy:36)
	at com.kms.katalon.core.webui.keyword.internal.WebUIKeywordMain.stepFailed(WebUIKeywordMain.groovy:65)
	at com.kms.katalon.core.webui.keyword.internal.WebUIKeywordMain.runKeyword(WebUIKeywordMain.groovy:27)
	at com.kms.katalon.core.webui.keyword.builtin.ClickKeyword.click(ClickKeyword.groovy:86)
	at com.kms.katalon.core.webui.keyword.builtin.ClickKeyword.execute(ClickKeyword.groovy:67)
	at com.kms.katalon.core.keyword.internal.KeywordExecutor.executeKeywordForPlatform(KeywordExecutor.groovy:53)
	at com.kms.katalon.core.webui.keyword.WebUiBuiltInKeywords.click(WebUiBuiltInKeywords.groovy:616)
	at com.kms.katalon.core.webui.keyword.WebUiBuiltInKeywords$click$3.call(Unknown Source)
	at OTC_Submit Form 7_Section F-G-H - Cheque.run(OTC_Submit Form 7_Section F-G-H - Cheque:41)
	at com.kms.katalon.core.main.ScriptEngine.run(ScriptEngine.java:194)
	at com.kms.katalon.core.main.ScriptEngine.runScriptAsRawText(ScriptEngine.java:119)
	at com.kms.katalon.core.main.TestCaseExecutor.runScript(TestCaseExecutor.java:328)
	at com.kms.katalon.core.main.TestCaseExecutor.doExecute(TestCaseExecutor.java:319)
	at com.kms.katalon.core.main.TestCaseExecutor.processExecutionPhase(TestCaseExecutor.java:298)
	at com.kms.katalon.core.main.TestCaseExecutor.accessMainPhase(TestCaseExecutor.java:290)
	at com.kms.katalon.core.main.TestCaseExecutor.execute(TestCaseExecutor.java:224)
	at com.kms.katalon.core.main.TestCaseMain.runTestCase(TestCaseMain.java:106)
	at com.kms.katalon.core.keyword.builtin.CallTestCaseKeyword$_callTestCase_closure1.doCall(CallTestCaseKeyword.groovy:59)
	at com.kms.katalon.core.keyword.builtin.CallTestCaseKeyword$_callTestCase_closure1.call(CallTestCaseKeyword.groovy)
	at com.kms.katalon.core.keyword.internal.KeywordMain.runKeyword(KeywordMain.groovy:54)
	at com.kms.katalon.core.keyword.builtin.CallTestCaseKeyword.callTestCase(CallTestCaseKeyword.groovy:80)
	at com.kms.katalon.core.keyword.builtin.CallTestCaseKeyword.execute(CallTestCaseKeyword.groovy:44)
	at com.kms.katalon.core.keyword.internal.KeywordExecutor.executeKeywordForPlatform(KeywordExecutor.groovy:53)
	at com.kms.katalon.core.keyword.BuiltinKeywords.callTestCase(BuiltinKeywords.groovy:334)
	at OTC_Submit Form 7_End to End - Cheque.run(OTC_Submit Form 7_End to End - Cheque:26)
	at com.kms.katalon.core.main.ScriptEngine.run(ScriptEngine.java:194)
	at com.kms.katalon.core.main.ScriptEngine.runScriptAsRawText(ScriptEngine.java:119)
	at com.kms.katalon.core.main.TestCaseExecutor.runScript(TestCaseExecutor.java:328)
	at com.kms.katalon.core.main.TestCaseExecutor.doExecute(TestCaseExecutor.java:319)
	at com.kms.katalon.core.main.TestCaseExecutor.processExecutionPhase(TestCaseExecutor.java:298)
	at com.kms.katalon.core.main.TestCaseExecutor.accessMainPhase(TestCaseExecutor.java:290)
	at com.kms.katalon.core.main.TestCaseExecutor.execute(TestCaseExecutor.java:224)
	at com.kms.katalon.core.main.TestCaseMain.runTestCase(TestCaseMain.java:106)
	at com.kms.katalon.core.keyword.builtin.CallTestCaseKeyword$_callTestCase_closure1.doCall(CallTestCaseKeyword.groovy:59)
	at com.kms.katalon.core.keyword.builtin.CallTestCaseKeyword$_callTestCase_closure1.call(CallTestCaseKeyword.groovy)
	at com.kms.katalon.core.keyword.internal.KeywordMain.runKeyword(KeywordMain.groovy:54)
	at com.kms.katalon.core.keyword.builtin.CallTestCaseKeyword.callTestCase(CallTestCaseKeyword.groovy:80)
	at com.kms.katalon.core.keyword.builtin.CallTestCaseKeyword.execute(CallTestCaseKeyword.groovy:44)
	at com.kms.katalon.core.keyword.internal.KeywordExecutor.executeKeywordForPlatform(KeywordExecutor.groovy:53)
	at com.kms.katalon.core.keyword.BuiltinKeywords.callTestCase(BuiltinKeywords.groovy:334)
	at Approve Application - JSA.run(Approve Application - JSA:16)
	at com.kms.katalon.core.main.ScriptEngine.run(ScriptEngine.java:194)
	at com.kms.katalon.core.main.ScriptEngine.runScriptAsRawText(ScriptEngine.java:119)
	at com.kms.katalon.core.main.TestCaseExecutor.runScript(TestCaseExecutor.java:328)
	at com.kms.katalon.core.main.TestCaseExecutor.doExecute(TestCaseExecutor.java:319)
	at com.kms.katalon.core.main.TestCaseExecutor.processExecutionPhase(TestCaseExecutor.java:298)
	at com.kms.katalon.core.main.TestCaseExecutor.accessMainPhase(TestCaseExecutor.java:290)
	at com.kms.katalon.core.main.TestCaseExecutor.execute(TestCaseExecutor.java:224)
	at com.kms.katalon.core.main.TestSuiteExecutor.accessTestCaseMainPhase(TestSuiteExecutor.java:129)
	at com.kms.katalon.core.main.TestSuiteExecutor.accessTestSuiteMainPhase(TestSuiteExecutor.java:112)
	at com.kms.katalon.core.main.TestSuiteExecutor.execute(TestSuiteExecutor.java:81)
	at com.kms.katalon.core.main.TestCaseMain.startTestSuite(TestCaseMain.java:149)
	at com.kms.katalon.core.main.TestCaseMain$startTestSuite$0.call(Unknown Source)
	at TempTestSuite1550652525208.run(TempTestSuite1550652525208.groovy:36)


2019-02-20 20:11:47 - [TEST_STEP][PASSED] - delay(3): Delayed 3 second(s)

2019-02-20 20:11:50 - [MESSAGE][PASSED] - Delayed 3 second(s)

2019-02-20 20:11:50 - [TEST_STEP][PASSED] - click(findTestObject("KeatMun/Form 7_default/OTC_Submit Form 7_Section F-G-H/Page_PERKESO/F1. Bankrup_yes")): Object: 'Object Repository/KeatMun/Form 7_default/OTC_Submit Form 7_Section F-G-H/Page_PERKESO/F1. Bankrup_yes' is clicked on

2019-02-20 20:11:52 - [MESSAGE][PASSED] - Object: 'Object Repository/KeatMun/Form 7_default/OTC_Submit Form 7_Section F-G-H/Page_PERKESO/F1. Bankrup_yes' is clicked on

2019-02-20 20:11:52 - [TEST_STEP][PASSED] - delay(3): Delayed 3 second(s)

2019-02-20 20:11:55 - [MESSAGE][PASSED] - Delayed 3 second(s)

2019-02-20 20:11:55 - [TEST_STEP][PASSED] - click(findTestObject("KeatMun/Form 7_default/OTC_Submit Form 7_Section F-G-H/Page_PERKESO/F2. Next_Page_AfterBankInfo")): Object: 'Object Repository/KeatMun/Form 7_default/OTC_Submit Form 7_Section F-G-H/Page_PERKESO/F2. Next_Page_AfterBankInfo' is clicked on

2019-02-20 20:11:58 - [MESSAGE][PASSED] - Object: 'Object Repository/KeatMun/Form 7_default/OTC_Submit Form 7_Section F-G-H/Page_PERKESO/F2. Next_Page_AfterBankInfo' is clicked on

2019-02-20 20:11:58 - [TEST_STEP][PASSED] - delay(5): Delayed 5 second(s)

2019-02-20 20:12:03 - [MESSAGE][PASSED] - Delayed 5 second(s)

2019-02-20 20:12:03 - [TEST_STEP][PASSED] - setText(findTestObject("KeatMun/Form 7_default/OTC_Submit Form 7_Section F-G-H/Page_PERKESO/G2. Hubungan dengan OB-nama"), "qwertyuiop"): Text 'qwertyuiop' is set on object 'Object Repository/KeatMun/Form 7_default/OTC_Submit Form 7_Section F-G-H/Page_PERKESO/G2. Hubungan dengan OB-nama'

2019-02-20 20:12:07 - [MESSAGE][PASSED] - Text 'qwertyuiop' is set on object 'Object Repository/KeatMun/Form 7_default/OTC_Submit Form 7_Section F-G-H/Page_PERKESO/G2. Hubungan dengan OB-nama'

2019-02-20 20:12:07 - [TEST_STEP][PASSED] - delay(2): Delayed 2 second(s)

2019-02-20 20:12:09 - [MESSAGE][PASSED] - Delayed 2 second(s)

2019-02-20 20:12:09 - [TEST_STEP][PASSED] - setText(findTestObject("KeatMun/Form 7_default/OTC_Submit Form 7_Section F-G-H/Page_PERKESO/G2. Hubungan dengan OB-ic.no"), "111111223333"): Text '111111223333' is set on object 'Object Repository/KeatMun/Form 7_default/OTC_Submit Form 7_Section F-G-H/Page_PERKESO/G2. Hubungan dengan OB-ic.no'

2019-02-20 20:12:13 - [MESSAGE][PASSED] - Text '111111223333' is set on object 'Object Repository/KeatMun/Form 7_default/OTC_Submit Form 7_Section F-G-H/Page_PERKESO/G2. Hubungan dengan OB-ic.no'

2019-02-20 20:12:13 - [TEST_STEP][PASSED] - delay(2): Delayed 2 second(s)

2019-02-20 20:12:15 - [MESSAGE][PASSED] - Delayed 2 second(s)

2019-02-20 20:12:15 - [TEST_STEP][PASSED] - setText(findTestObject("KeatMun/Form 7_default/OTC_Submit Form 7_Section F-G-H/Page_PERKESO/G2. Hubungan dengan OB-DOB"), "10/01/2019"): Text '10/01/2019' is set on object 'Object Repository/KeatMun/Form 7_default/OTC_Submit Form 7_Section F-G-H/Page_PERKESO/G2. Hubungan dengan OB-DOB'

2019-02-20 20:12:19 - [MESSAGE][PASSED] - Text '10/01/2019' is set on object 'Object Repository/KeatMun/Form 7_default/OTC_Submit Form 7_Section F-G-H/Page_PERKESO/G2. Hubungan dengan OB-DOB'

2019-02-20 20:12:19 - [TEST_STEP][PASSED] - delay(3): Delayed 3 second(s)

2019-02-20 20:12:22 - [MESSAGE][PASSED] - Delayed 3 second(s)

2019-02-20 20:12:22 - [TEST_STEP][FAILED] - click(findTestObject("KeatMun/Form 7_default/OTC_Submit Form 7_Section F-G-H/Page_PERKESO/G2. span_Isteri")): click(findTestObject("KeatMun/Form 7_default/OTC_Submit Form 7_Section F-G-H/Page_PERKESO/G2. span_Isteri")) FAILED.
Reason:
com.kms.katalon.core.exception.StepFailedException: Unable to click on object 'Object Repository/KeatMun/Form 7_default/OTC_Submit Form 7_Section F-G-H/Page_PERKESO/G2. span_Isteri' (Root cause: com.kms.katalon.core.webui.exception.WebElementNotFoundException: Web element with id: 'Object Repository/KeatMun/Form 7_default/OTC_Submit Form 7_Section F-G-H/Page_PERKESO/G2. span_Isteri' located by 'By.xpath: //span[@id = 'select2-dependentList0dependentRelationId-container' and @title = 'Isteri' and (text() = 'Isteri' or . = 'Isteri')]' not found)
	at com.kms.katalon.core.keyword.internal.KeywordMain.stepFailed(KeywordMain.groovy:36)
	at com.kms.katalon.core.webui.keyword.internal.WebUIKeywordMain.stepFailed(WebUIKeywordMain.groovy:65)
	at com.kms.katalon.core.webui.keyword.internal.WebUIKeywordMain.runKeyword(WebUIKeywordMain.groovy:27)
	at com.kms.katalon.core.webui.keyword.builtin.ClickKeyword.click(ClickKeyword.groovy:86)
	at com.kms.katalon.core.webui.keyword.builtin.ClickKeyword.execute(ClickKeyword.groovy:67)
	at com.kms.katalon.core.keyword.internal.KeywordExecutor.executeKeywordForPlatform(KeywordExecutor.groovy:53)
	at com.kms.katalon.core.webui.keyword.WebUiBuiltInKeywords.click(WebUiBuiltInKeywords.groovy:616)
	at com.kms.katalon.core.webui.keyword.WebUiBuiltInKeywords$click$3.call(Unknown Source)
	at OTC_Submit Form 7_Section F-G-H - Cheque.run(OTC_Submit Form 7_Section F-G-H - Cheque:41)
	at com.kms.katalon.core.main.ScriptEngine.run(ScriptEngine.java:194)
	at com.kms.katalon.core.main.ScriptEngine.runScriptAsRawText(ScriptEngine.java:119)
	at com.kms.katalon.core.main.TestCaseExecutor.runScript(TestCaseExecutor.java:328)
	at com.kms.katalon.core.main.TestCaseExecutor.doExecute(TestCaseExecutor.java:319)
	at com.kms.katalon.core.main.TestCaseExecutor.processExecutionPhase(TestCaseExecutor.java:298)
	at com.kms.katalon.core.main.TestCaseExecutor.accessMainPhase(TestCaseExecutor.java:290)
	at com.kms.katalon.core.main.TestCaseExecutor.execute(TestCaseExecutor.java:224)
	at com.kms.katalon.core.main.TestCaseMain.runTestCase(TestCaseMain.java:106)
	at com.kms.katalon.core.keyword.builtin.CallTestCaseKeyword$_callTestCase_closure1.doCall(CallTestCaseKeyword.groovy:59)
	at com.kms.katalon.core.keyword.builtin.CallTestCaseKeyword$_callTestCase_closure1.call(CallTestCaseKeyword.groovy)
	at com.kms.katalon.core.keyword.internal.KeywordMain.runKeyword(KeywordMain.groovy:54)
	at com.kms.katalon.core.keyword.builtin.CallTestCaseKeyword.callTestCase(CallTestCaseKeyword.groovy:80)
	at com.kms.katalon.core.keyword.builtin.CallTestCaseKeyword.execute(CallTestCaseKeyword.groovy:44)
	at com.kms.katalon.core.keyword.internal.KeywordExecutor.executeKeywordForPlatform(KeywordExecutor.groovy:53)
	at com.kms.katalon.core.keyword.BuiltinKeywords.callTestCase(BuiltinKeywords.groovy:334)
	at OTC_Submit Form 7_End to End - Cheque.run(OTC_Submit Form 7_End to End - Cheque:26)
	at com.kms.katalon.core.main.ScriptEngine.run(ScriptEngine.java:194)
	at com.kms.katalon.core.main.ScriptEngine.runScriptAsRawText(ScriptEngine.java:119)
	at com.kms.katalon.core.main.TestCaseExecutor.runScript(TestCaseExecutor.java:328)
	at com.kms.katalon.core.main.TestCaseExecutor.doExecute(TestCaseExecutor.java:319)
	at com.kms.katalon.core.main.TestCaseExecutor.processExecutionPhase(TestCaseExecutor.java:298)
	at com.kms.katalon.core.main.TestCaseExecutor.accessMainPhase(TestCaseExecutor.java:290)
	at com.kms.katalon.core.main.TestCaseExecutor.execute(TestCaseExecutor.java:224)
	at com.kms.katalon.core.main.TestCaseMain.runTestCase(TestCaseMain.java:106)
	at com.kms.katalon.core.keyword.builtin.CallTestCaseKeyword$_callTestCase_closure1.doCall(CallTestCaseKeyword.groovy:59)
	at com.kms.katalon.core.keyword.builtin.CallTestCaseKeyword$_callTestCase_closure1.call(CallTestCaseKeyword.groovy)
	at com.kms.katalon.core.keyword.internal.KeywordMain.runKeyword(KeywordMain.groovy:54)
	at com.kms.katalon.core.keyword.builtin.CallTestCaseKeyword.callTestCase(CallTestCaseKeyword.groovy:80)
	at com.kms.katalon.core.keyword.builtin.CallTestCaseKeyword.execute(CallTestCaseKeyword.groovy:44)
	at com.kms.katalon.core.keyword.internal.KeywordExecutor.executeKeywordForPlatform(KeywordExecutor.groovy:53)
	at com.kms.katalon.core.keyword.BuiltinKeywords.callTestCase(BuiltinKeywords.groovy:334)
	at Approve Application - JSA.run(Approve Application - JSA:16)
	at com.kms.katalon.core.main.ScriptEngine.run(ScriptEngine.java:194)
	at com.kms.katalon.core.main.ScriptEngine.runScriptAsRawText(ScriptEngine.java:119)
	at com.kms.katalon.core.main.TestCaseExecutor.runScript(TestCaseExecutor.java:328)
	at com.kms.katalon.core.main.TestCaseExecutor.doExecute(TestCaseExecutor.java:319)
	at com.kms.katalon.core.main.TestCaseExecutor.processExecutionPhase(TestCaseExecutor.java:298)
	at com.kms.katalon.core.main.TestCaseExecutor.accessMainPhase(TestCaseExecutor.java:290)
	at com.kms.katalon.core.main.TestCaseExecutor.execute(TestCaseExecutor.java:224)
	at com.kms.katalon.core.main.TestSuiteExecutor.accessTestCaseMainPhase(TestSuiteExecutor.java:129)
	at com.kms.katalon.core.main.TestSuiteExecutor.accessTestSuiteMainPhase(TestSuiteExecutor.java:112)
	at com.kms.katalon.core.main.TestSuiteExecutor.execute(TestSuiteExecutor.java:81)
	at com.kms.katalon.core.main.TestCaseMain.startTestSuite(TestCaseMain.java:149)
	at com.kms.katalon.core.main.TestCaseMain$startTestSuite$0.call(Unknown Source)
	at TempTestSuite1550652525208.run(TempTestSuite1550652525208.groovy:36)


2019-02-20 20:12:53 - [MESSAGE][INFO] - Unable to find the element located by 'By.xpath: //span[@id = 'select2-dependentList0dependentRelationId-container' and @title = 'Isteri' and (text() = 'Isteri' or . = 'Isteri')]'. Please recheck the objects properties to make sure the desired element is located. 

2019-02-20 20:12:55 - [MESSAGE][FAILED] - Unable to click on object 'Object Repository/KeatMun/Form 7_default/OTC_Submit Form 7_Section F-G-H/Page_PERKESO/G2. span_Isteri' (Root cause: com.kms.katalon.core.webui.exception.WebElementNotFoundException: Web element with id: 'Object Repository/KeatMun/Form 7_default/OTC_Submit Form 7_Section F-G-H/Page_PERKESO/G2. span_Isteri' located by 'By.xpath: //span[@id = 'select2-dependentList0dependentRelationId-container' and @title = 'Isteri' and (text() = 'Isteri' or . = 'Isteri')]' not found)
[[ATTACHMENT|C:\\Users\\Admin\\Documents\\GitHub\\PKSKatalon\\PKS-EI-ES\\Reports\\New Test Suite\\20190220_164845\\1550664773242.png]]

2019-02-20 20:12:55 - [MESSAGE][FAILED] - click(findTestObject("KeatMun/Form 7_default/OTC_Submit Form 7_Section F-G-H/Page_PERKESO/G2. span_Isteri")) FAILED.
Reason:
com.kms.katalon.core.exception.StepFailedException: Unable to click on object 'Object Repository/KeatMun/Form 7_default/OTC_Submit Form 7_Section F-G-H/Page_PERKESO/G2. span_Isteri' (Root cause: com.kms.katalon.core.webui.exception.WebElementNotFoundException: Web element with id: 'Object Repository/KeatMun/Form 7_default/OTC_Submit Form 7_Section F-G-H/Page_PERKESO/G2. span_Isteri' located by 'By.xpath: //span[@id = 'select2-dependentList0dependentRelationId-container' and @title = 'Isteri' and (text() = 'Isteri' or . = 'Isteri')]' not found)
	at com.kms.katalon.core.keyword.internal.KeywordMain.stepFailed(KeywordMain.groovy:36)
	at com.kms.katalon.core.webui.keyword.internal.WebUIKeywordMain.stepFailed(WebUIKeywordMain.groovy:65)
	at com.kms.katalon.core.webui.keyword.internal.WebUIKeywordMain.runKeyword(WebUIKeywordMain.groovy:27)
	at com.kms.katalon.core.webui.keyword.builtin.ClickKeyword.click(ClickKeyword.groovy:86)
	at com.kms.katalon.core.webui.keyword.builtin.ClickKeyword.execute(ClickKeyword.groovy:67)
	at com.kms.katalon.core.keyword.internal.KeywordExecutor.executeKeywordForPlatform(KeywordExecutor.groovy:53)
	at com.kms.katalon.core.webui.keyword.WebUiBuiltInKeywords.click(WebUiBuiltInKeywords.groovy:616)
	at com.kms.katalon.core.webui.keyword.WebUiBuiltInKeywords$click$3.call(Unknown Source)
	at OTC_Submit Form 7_Section F-G-H - Cheque.run(OTC_Submit Form 7_Section F-G-H - Cheque:41)
	at com.kms.katalon.core.main.ScriptEngine.run(ScriptEngine.java:194)
	at com.kms.katalon.core.main.ScriptEngine.runScriptAsRawText(ScriptEngine.java:119)
	at com.kms.katalon.core.main.TestCaseExecutor.runScript(TestCaseExecutor.java:328)
	at com.kms.katalon.core.main.TestCaseExecutor.doExecute(TestCaseExecutor.java:319)
	at com.kms.katalon.core.main.TestCaseExecutor.processExecutionPhase(TestCaseExecutor.java:298)
	at com.kms.katalon.core.main.TestCaseExecutor.accessMainPhase(TestCaseExecutor.java:290)
	at com.kms.katalon.core.main.TestCaseExecutor.execute(TestCaseExecutor.java:224)
	at com.kms.katalon.core.main.TestCaseMain.runTestCase(TestCaseMain.java:106)
	at com.kms.katalon.core.keyword.builtin.CallTestCaseKeyword$_callTestCase_closure1.doCall(CallTestCaseKeyword.groovy:59)
	at com.kms.katalon.core.keyword.builtin.CallTestCaseKeyword$_callTestCase_closure1.call(CallTestCaseKeyword.groovy)
	at com.kms.katalon.core.keyword.internal.KeywordMain.runKeyword(KeywordMain.groovy:54)
	at com.kms.katalon.core.keyword.builtin.CallTestCaseKeyword.callTestCase(CallTestCaseKeyword.groovy:80)
	at com.kms.katalon.core.keyword.builtin.CallTestCaseKeyword.execute(CallTestCaseKeyword.groovy:44)
	at com.kms.katalon.core.keyword.internal.KeywordExecutor.executeKeywordForPlatform(KeywordExecutor.groovy:53)
	at com.kms.katalon.core.keyword.BuiltinKeywords.callTestCase(BuiltinKeywords.groovy:334)
	at OTC_Submit Form 7_End to End - Cheque.run(OTC_Submit Form 7_End to End - Cheque:26)
	at com.kms.katalon.core.main.ScriptEngine.run(ScriptEngine.java:194)
	at com.kms.katalon.core.main.ScriptEngine.runScriptAsRawText(ScriptEngine.java:119)
	at com.kms.katalon.core.main.TestCaseExecutor.runScript(TestCaseExecutor.java:328)
	at com.kms.katalon.core.main.TestCaseExecutor.doExecute(TestCaseExecutor.java:319)
	at com.kms.katalon.core.main.TestCaseExecutor.processExecutionPhase(TestCaseExecutor.java:298)
	at com.kms.katalon.core.main.TestCaseExecutor.accessMainPhase(TestCaseExecutor.java:290)
	at com.kms.katalon.core.main.TestCaseExecutor.execute(TestCaseExecutor.java:224)
	at com.kms.katalon.core.main.TestCaseMain.runTestCase(TestCaseMain.java:106)
	at com.kms.katalon.core.keyword.builtin.CallTestCaseKeyword$_callTestCase_closure1.doCall(CallTestCaseKeyword.groovy:59)
	at com.kms.katalon.core.keyword.builtin.CallTestCaseKeyword$_callTestCase_closure1.call(CallTestCaseKeyword.groovy)
	at com.kms.katalon.core.keyword.internal.KeywordMain.runKeyword(KeywordMain.groovy:54)
	at com.kms.katalon.core.keyword.builtin.CallTestCaseKeyword.callTestCase(CallTestCaseKeyword.groovy:80)
	at com.kms.katalon.core.keyword.builtin.CallTestCaseKeyword.execute(CallTestCaseKeyword.groovy:44)
	at com.kms.katalon.core.keyword.internal.KeywordExecutor.executeKeywordForPlatform(KeywordExecutor.groovy:53)
	at com.kms.katalon.core.keyword.BuiltinKeywords.callTestCase(BuiltinKeywords.groovy:334)
	at Approve Application - JSA.run(Approve Application - JSA:16)
	at com.kms.katalon.core.main.ScriptEngine.run(ScriptEngine.java:194)
	at com.kms.katalon.core.main.ScriptEngine.runScriptAsRawText(ScriptEngine.java:119)
	at com.kms.katalon.core.main.TestCaseExecutor.runScript(TestCaseExecutor.java:328)
	at com.kms.katalon.core.main.TestCaseExecutor.doExecute(TestCaseExecutor.java:319)
	at com.kms.katalon.core.main.TestCaseExecutor.processExecutionPhase(TestCaseExecutor.java:298)
	at com.kms.katalon.core.main.TestCaseExecutor.accessMainPhase(TestCaseExecutor.java:290)
	at com.kms.katalon.core.main.TestCaseExecutor.execute(TestCaseExecutor.java:224)
	at com.kms.katalon.core.main.TestSuiteExecutor.accessTestCaseMainPhase(TestSuiteExecutor.java:129)
	at com.kms.katalon.core.main.TestSuiteExecutor.accessTestSuiteMainPhase(TestSuiteExecutor.java:112)
	at com.kms.katalon.core.main.TestSuiteExecutor.execute(TestSuiteExecutor.java:81)
	at com.kms.katalon.core.main.TestCaseMain.startTestSuite(TestCaseMain.java:149)
	at com.kms.katalon.core.main.TestCaseMain$startTestSuite$0.call(Unknown Source)
	at TempTestSuite1550652525208.run(TempTestSuite1550652525208.groovy:36)


2019-02-20 20:12:55 - [MESSAGE][FAILED] - Unable to call Test Case 'Test Cases/All TC/Arranged/3. Unit/EI/Form 7_default/OTC_Submit Form 7_Section F-G-H - Cheque' (Root cause: com.kms.katalon.core.exception.StepFailedException: Call Test Case 'Test Cases/All TC/Arranged/3. Unit/EI/Form 7_default/OTC_Submit Form 7_Section F-G-H - Cheque' failed)

2019-02-20 20:12:55 - [MESSAGE][FAILED] - callTestCase(findTestCase("All TC/Arranged/3. Unit/EI/Form 7_default/OTC_Submit Form 7_Section F-G-H - Cheque"), [:], STOP_ON_FAILURE) FAILED.
Reason:
com.kms.katalon.core.exception.StepFailedException: Unable to click on object 'Object Repository/KeatMun/Form 7_default/OTC_Submit Form 7_Section F-G-H/Page_PERKESO/G2. span_Isteri' (Root cause: com.kms.katalon.core.webui.exception.WebElementNotFoundException: Web element with id: 'Object Repository/KeatMun/Form 7_default/OTC_Submit Form 7_Section F-G-H/Page_PERKESO/G2. span_Isteri' located by 'By.xpath: //span[@id = 'select2-dependentList0dependentRelationId-container' and @title = 'Isteri' and (text() = 'Isteri' or . = 'Isteri')]' not found)
	at com.kms.katalon.core.keyword.internal.KeywordMain.stepFailed(KeywordMain.groovy:36)
	at com.kms.katalon.core.webui.keyword.internal.WebUIKeywordMain.stepFailed(WebUIKeywordMain.groovy:65)
	at com.kms.katalon.core.webui.keyword.internal.WebUIKeywordMain.runKeyword(WebUIKeywordMain.groovy:27)
	at com.kms.katalon.core.webui.keyword.builtin.ClickKeyword.click(ClickKeyword.groovy:86)
	at com.kms.katalon.core.webui.keyword.builtin.ClickKeyword.execute(ClickKeyword.groovy:67)
	at com.kms.katalon.core.keyword.internal.KeywordExecutor.executeKeywordForPlatform(KeywordExecutor.groovy:53)
	at com.kms.katalon.core.webui.keyword.WebUiBuiltInKeywords.click(WebUiBuiltInKeywords.groovy:616)
	at com.kms.katalon.core.webui.keyword.WebUiBuiltInKeywords$click$3.call(Unknown Source)
	at OTC_Submit Form 7_Section F-G-H - Cheque.run(OTC_Submit Form 7_Section F-G-H - Cheque:41)
	at com.kms.katalon.core.main.ScriptEngine.run(ScriptEngine.java:194)
	at com.kms.katalon.core.main.ScriptEngine.runScriptAsRawText(ScriptEngine.java:119)
	at com.kms.katalon.core.main.TestCaseExecutor.runScript(TestCaseExecutor.java:328)
	at com.kms.katalon.core.main.TestCaseExecutor.doExecute(TestCaseExecutor.java:319)
	at com.kms.katalon.core.main.TestCaseExecutor.processExecutionPhase(TestCaseExecutor.java:298)
	at com.kms.katalon.core.main.TestCaseExecutor.accessMainPhase(TestCaseExecutor.java:290)
	at com.kms.katalon.core.main.TestCaseExecutor.execute(TestCaseExecutor.java:224)
	at com.kms.katalon.core.main.TestCaseMain.runTestCase(TestCaseMain.java:106)
	at com.kms.katalon.core.keyword.builtin.CallTestCaseKeyword$_callTestCase_closure1.doCall(CallTestCaseKeyword.groovy:59)
	at com.kms.katalon.core.keyword.builtin.CallTestCaseKeyword$_callTestCase_closure1.call(CallTestCaseKeyword.groovy)
	at com.kms.katalon.core.keyword.internal.KeywordMain.runKeyword(KeywordMain.groovy:54)
	at com.kms.katalon.core.keyword.builtin.CallTestCaseKeyword.callTestCase(CallTestCaseKeyword.groovy:80)
	at com.kms.katalon.core.keyword.builtin.CallTestCaseKeyword.execute(CallTestCaseKeyword.groovy:44)
	at com.kms.katalon.core.keyword.internal.KeywordExecutor.executeKeywordForPlatform(KeywordExecutor.groovy:53)
	at com.kms.katalon.core.keyword.BuiltinKeywords.callTestCase(BuiltinKeywords.groovy:334)
	at OTC_Submit Form 7_End to End - Cheque.run(OTC_Submit Form 7_End to End - Cheque:26)
	at com.kms.katalon.core.main.ScriptEngine.run(ScriptEngine.java:194)
	at com.kms.katalon.core.main.ScriptEngine.runScriptAsRawText(ScriptEngine.java:119)
	at com.kms.katalon.core.main.TestCaseExecutor.runScript(TestCaseExecutor.java:328)
	at com.kms.katalon.core.main.TestCaseExecutor.doExecute(TestCaseExecutor.java:319)
	at com.kms.katalon.core.main.TestCaseExecutor.processExecutionPhase(TestCaseExecutor.java:298)
	at com.kms.katalon.core.main.TestCaseExecutor.accessMainPhase(TestCaseExecutor.java:290)
	at com.kms.katalon.core.main.TestCaseExecutor.execute(TestCaseExecutor.java:224)
	at com.kms.katalon.core.main.TestCaseMain.runTestCase(TestCaseMain.java:106)
	at com.kms.katalon.core.keyword.builtin.CallTestCaseKeyword$_callTestCase_closure1.doCall(CallTestCaseKeyword.groovy:59)
	at com.kms.katalon.core.keyword.builtin.CallTestCaseKeyword$_callTestCase_closure1.call(CallTestCaseKeyword.groovy)
	at com.kms.katalon.core.keyword.internal.KeywordMain.runKeyword(KeywordMain.groovy:54)
	at com.kms.katalon.core.keyword.builtin.CallTestCaseKeyword.callTestCase(CallTestCaseKeyword.groovy:80)
	at com.kms.katalon.core.keyword.builtin.CallTestCaseKeyword.execute(CallTestCaseKeyword.groovy:44)
	at com.kms.katalon.core.keyword.internal.KeywordExecutor.executeKeywordForPlatform(KeywordExecutor.groovy:53)
	at com.kms.katalon.core.keyword.BuiltinKeywords.callTestCase(BuiltinKeywords.groovy:334)
	at Approve Application - JSA.run(Approve Application - JSA:16)
	at com.kms.katalon.core.main.ScriptEngine.run(ScriptEngine.java:194)
	at com.kms.katalon.core.main.ScriptEngine.runScriptAsRawText(ScriptEngine.java:119)
	at com.kms.katalon.core.main.TestCaseExecutor.runScript(TestCaseExecutor.java:328)
	at com.kms.katalon.core.main.TestCaseExecutor.doExecute(TestCaseExecutor.java:319)
	at com.kms.katalon.core.main.TestCaseExecutor.processExecutionPhase(TestCaseExecutor.java:298)
	at com.kms.katalon.core.main.TestCaseExecutor.accessMainPhase(TestCaseExecutor.java:290)
	at com.kms.katalon.core.main.TestCaseExecutor.execute(TestCaseExecutor.java:224)
	at com.kms.katalon.core.main.TestSuiteExecutor.accessTestCaseMainPhase(TestSuiteExecutor.java:129)
	at com.kms.katalon.core.main.TestSuiteExecutor.accessTestSuiteMainPhase(TestSuiteExecutor.java:112)
	at com.kms.katalon.core.main.TestSuiteExecutor.execute(TestSuiteExecutor.java:81)
	at com.kms.katalon.core.main.TestCaseMain.startTestSuite(TestCaseMain.java:149)
	at com.kms.katalon.core.main.TestCaseMain$startTestSuite$0.call(Unknown Source)
	at TempTestSuite1550652525208.run(TempTestSuite1550652525208.groovy:36)


2019-02-20 20:12:56 - [MESSAGE][FAILED] - Unable to call Test Case 'Test Cases/All TC/Arranged/2. Segment/OTC_Submit Form 7_End to End - Cheque' (Root cause: com.kms.katalon.core.exception.StepFailedException: Call Test Case 'Test Cases/All TC/Arranged/2. Segment/OTC_Submit Form 7_End to End - Cheque' failed)

2019-02-20 20:12:56 - [MESSAGE][FAILED] - callTestCase(findTestCase("All TC/Arranged/2. Segment/OTC_Submit Form 7_End to End - Cheque"), [:], STOP_ON_FAILURE) FAILED.
Reason:
com.kms.katalon.core.exception.StepFailedException: Unable to click on object 'Object Repository/KeatMun/Form 7_default/OTC_Submit Form 7_Section F-G-H/Page_PERKESO/G2. span_Isteri' (Root cause: com.kms.katalon.core.webui.exception.WebElementNotFoundException: Web element with id: 'Object Repository/KeatMun/Form 7_default/OTC_Submit Form 7_Section F-G-H/Page_PERKESO/G2. span_Isteri' located by 'By.xpath: //span[@id = 'select2-dependentList0dependentRelationId-container' and @title = 'Isteri' and (text() = 'Isteri' or . = 'Isteri')]' not found)
	at com.kms.katalon.core.keyword.internal.KeywordMain.stepFailed(KeywordMain.groovy:36)
	at com.kms.katalon.core.webui.keyword.internal.WebUIKeywordMain.stepFailed(WebUIKeywordMain.groovy:65)
	at com.kms.katalon.core.webui.keyword.internal.WebUIKeywordMain.runKeyword(WebUIKeywordMain.groovy:27)
	at com.kms.katalon.core.webui.keyword.builtin.ClickKeyword.click(ClickKeyword.groovy:86)
	at com.kms.katalon.core.webui.keyword.builtin.ClickKeyword.execute(ClickKeyword.groovy:67)
	at com.kms.katalon.core.keyword.internal.KeywordExecutor.executeKeywordForPlatform(KeywordExecutor.groovy:53)
	at com.kms.katalon.core.webui.keyword.WebUiBuiltInKeywords.click(WebUiBuiltInKeywords.groovy:616)
	at com.kms.katalon.core.webui.keyword.WebUiBuiltInKeywords$click$3.call(Unknown Source)
	at OTC_Submit Form 7_Section F-G-H - Cheque.run(OTC_Submit Form 7_Section F-G-H - Cheque:41)
	at com.kms.katalon.core.main.ScriptEngine.run(ScriptEngine.java:194)
	at com.kms.katalon.core.main.ScriptEngine.runScriptAsRawText(ScriptEngine.java:119)
	at com.kms.katalon.core.main.TestCaseExecutor.runScript(TestCaseExecutor.java:328)
	at com.kms.katalon.core.main.TestCaseExecutor.doExecute(TestCaseExecutor.java:319)
	at com.kms.katalon.core.main.TestCaseExecutor.processExecutionPhase(TestCaseExecutor.java:298)
	at com.kms.katalon.core.main.TestCaseExecutor.accessMainPhase(TestCaseExecutor.java:290)
	at com.kms.katalon.core.main.TestCaseExecutor.execute(TestCaseExecutor.java:224)
	at com.kms.katalon.core.main.TestCaseMain.runTestCase(TestCaseMain.java:106)
	at com.kms.katalon.core.keyword.builtin.CallTestCaseKeyword$_callTestCase_closure1.doCall(CallTestCaseKeyword.groovy:59)
	at com.kms.katalon.core.keyword.builtin.CallTestCaseKeyword$_callTestCase_closure1.call(CallTestCaseKeyword.groovy)
	at com.kms.katalon.core.keyword.internal.KeywordMain.runKeyword(KeywordMain.groovy:54)
	at com.kms.katalon.core.keyword.builtin.CallTestCaseKeyword.callTestCase(CallTestCaseKeyword.groovy:80)
	at com.kms.katalon.core.keyword.builtin.CallTestCaseKeyword.execute(CallTestCaseKeyword.groovy:44)
	at com.kms.katalon.core.keyword.internal.KeywordExecutor.executeKeywordForPlatform(KeywordExecutor.groovy:53)
	at com.kms.katalon.core.keyword.BuiltinKeywords.callTestCase(BuiltinKeywords.groovy:334)
	at OTC_Submit Form 7_End to End - Cheque.run(OTC_Submit Form 7_End to End - Cheque:26)
	at com.kms.katalon.core.main.ScriptEngine.run(ScriptEngine.java:194)
	at com.kms.katalon.core.main.ScriptEngine.runScriptAsRawText(ScriptEngine.java:119)
	at com.kms.katalon.core.main.TestCaseExecutor.runScript(TestCaseExecutor.java:328)
	at com.kms.katalon.core.main.TestCaseExecutor.doExecute(TestCaseExecutor.java:319)
	at com.kms.katalon.core.main.TestCaseExecutor.processExecutionPhase(TestCaseExecutor.java:298)
	at com.kms.katalon.core.main.TestCaseExecutor.accessMainPhase(TestCaseExecutor.java:290)
	at com.kms.katalon.core.main.TestCaseExecutor.execute(TestCaseExecutor.java:224)
	at com.kms.katalon.core.main.TestCaseMain.runTestCase(TestCaseMain.java:106)
	at com.kms.katalon.core.keyword.builtin.CallTestCaseKeyword$_callTestCase_closure1.doCall(CallTestCaseKeyword.groovy:59)
	at com.kms.katalon.core.keyword.builtin.CallTestCaseKeyword$_callTestCase_closure1.call(CallTestCaseKeyword.groovy)
	at com.kms.katalon.core.keyword.internal.KeywordMain.runKeyword(KeywordMain.groovy:54)
	at com.kms.katalon.core.keyword.builtin.CallTestCaseKeyword.callTestCase(CallTestCaseKeyword.groovy:80)
	at com.kms.katalon.core.keyword.builtin.CallTestCaseKeyword.execute(CallTestCaseKeyword.groovy:44)
	at com.kms.katalon.core.keyword.internal.KeywordExecutor.executeKeywordForPlatform(KeywordExecutor.groovy:53)
	at com.kms.katalon.core.keyword.BuiltinKeywords.callTestCase(BuiltinKeywords.groovy:334)
	at Approve Application - JSA.run(Approve Application - JSA:16)
	at com.kms.katalon.core.main.ScriptEngine.run(ScriptEngine.java:194)
	at com.kms.katalon.core.main.ScriptEngine.runScriptAsRawText(ScriptEngine.java:119)
	at com.kms.katalon.core.main.TestCaseExecutor.runScript(TestCaseExecutor.java:328)
	at com.kms.katalon.core.main.TestCaseExecutor.doExecute(TestCaseExecutor.java:319)
	at com.kms.katalon.core.main.TestCaseExecutor.processExecutionPhase(TestCaseExecutor.java:298)
	at com.kms.katalon.core.main.TestCaseExecutor.accessMainPhase(TestCaseExecutor.java:290)
	at com.kms.katalon.core.main.TestCaseExecutor.execute(TestCaseExecutor.java:224)
	at com.kms.katalon.core.main.TestSuiteExecutor.accessTestCaseMainPhase(TestSuiteExecutor.java:129)
	at com.kms.katalon.core.main.TestSuiteExecutor.accessTestSuiteMainPhase(TestSuiteExecutor.java:112)
	at com.kms.katalon.core.main.TestSuiteExecutor.execute(TestSuiteExecutor.java:81)
	at com.kms.katalon.core.main.TestCaseMain.startTestSuite(TestCaseMain.java:149)
	at com.kms.katalon.core.main.TestCaseMain$startTestSuite$0.call(Unknown Source)
	at TempTestSuite1550652525208.run(TempTestSuite1550652525208.groovy:36)]]></system-out>
         <system-err><![CDATA[2019-02-20 20:03:09 - [TEST_CASE][FAILED] - Test Cases/All TC/Arranged/0. Full Flow/Approve Application - JSA: Test Cases/All TC/Arranged/0. Full Flow/Approve Application - JSA FAILED.
Reason:
com.kms.katalon.core.exception.StepFailedException: Unable to click on object 'Object Repository/KeatMun/Form 7_default/OTC_Submit Form 7_Section F-G-H/Page_PERKESO/G2. span_Isteri' (Root cause: com.kms.katalon.core.webui.exception.WebElementNotFoundException: Web element with id: 'Object Repository/KeatMun/Form 7_default/OTC_Submit Form 7_Section F-G-H/Page_PERKESO/G2. span_Isteri' located by 'By.xpath: //span[@id = 'select2-dependentList0dependentRelationId-container' and @title = 'Isteri' and (text() = 'Isteri' or . = 'Isteri')]' not found)
	at com.kms.katalon.core.keyword.internal.KeywordMain.stepFailed(KeywordMain.groovy:36)
	at com.kms.katalon.core.webui.keyword.internal.WebUIKeywordMain.stepFailed(WebUIKeywordMain.groovy:65)
	at com.kms.katalon.core.webui.keyword.internal.WebUIKeywordMain.runKeyword(WebUIKeywordMain.groovy:27)
	at com.kms.katalon.core.webui.keyword.builtin.ClickKeyword.click(ClickKeyword.groovy:86)
	at com.kms.katalon.core.webui.keyword.builtin.ClickKeyword.execute(ClickKeyword.groovy:67)
	at com.kms.katalon.core.keyword.internal.KeywordExecutor.executeKeywordForPlatform(KeywordExecutor.groovy:53)
	at com.kms.katalon.core.webui.keyword.WebUiBuiltInKeywords.click(WebUiBuiltInKeywords.groovy:616)
	at com.kms.katalon.core.webui.keyword.WebUiBuiltInKeywords$click$3.call(Unknown Source)
	at OTC_Submit Form 7_Section F-G-H - Cheque.run(OTC_Submit Form 7_Section F-G-H - Cheque:41)
	at com.kms.katalon.core.main.ScriptEngine.run(ScriptEngine.java:194)
	at com.kms.katalon.core.main.ScriptEngine.runScriptAsRawText(ScriptEngine.java:119)
	at com.kms.katalon.core.main.TestCaseExecutor.runScript(TestCaseExecutor.java:328)
	at com.kms.katalon.core.main.TestCaseExecutor.doExecute(TestCaseExecutor.java:319)
	at com.kms.katalon.core.main.TestCaseExecutor.processExecutionPhase(TestCaseExecutor.java:298)
	at com.kms.katalon.core.main.TestCaseExecutor.accessMainPhase(TestCaseExecutor.java:290)
	at com.kms.katalon.core.main.TestCaseExecutor.execute(TestCaseExecutor.java:224)
	at com.kms.katalon.core.main.TestCaseMain.runTestCase(TestCaseMain.java:106)
	at com.kms.katalon.core.keyword.builtin.CallTestCaseKeyword$_callTestCase_closure1.doCall(CallTestCaseKeyword.groovy:59)
	at com.kms.katalon.core.keyword.builtin.CallTestCaseKeyword$_callTestCase_closure1.call(CallTestCaseKeyword.groovy)
	at com.kms.katalon.core.keyword.internal.KeywordMain.runKeyword(KeywordMain.groovy:54)
	at com.kms.katalon.core.keyword.builtin.CallTestCaseKeyword.callTestCase(CallTestCaseKeyword.groovy:80)
	at com.kms.katalon.core.keyword.builtin.CallTestCaseKeyword.execute(CallTestCaseKeyword.groovy:44)
	at com.kms.katalon.core.keyword.internal.KeywordExecutor.executeKeywordForPlatform(KeywordExecutor.groovy:53)
	at com.kms.katalon.core.keyword.BuiltinKeywords.callTestCase(BuiltinKeywords.groovy:334)
	at OTC_Submit Form 7_End to End - Cheque.run(OTC_Submit Form 7_End to End - Cheque:26)
	at com.kms.katalon.core.main.ScriptEngine.run(ScriptEngine.java:194)
	at com.kms.katalon.core.main.ScriptEngine.runScriptAsRawText(ScriptEngine.java:119)
	at com.kms.katalon.core.main.TestCaseExecutor.runScript(TestCaseExecutor.java:328)
	at com.kms.katalon.core.main.TestCaseExecutor.doExecute(TestCaseExecutor.java:319)
	at com.kms.katalon.core.main.TestCaseExecutor.processExecutionPhase(TestCaseExecutor.java:298)
	at com.kms.katalon.core.main.TestCaseExecutor.accessMainPhase(TestCaseExecutor.java:290)
	at com.kms.katalon.core.main.TestCaseExecutor.execute(TestCaseExecutor.java:224)
	at com.kms.katalon.core.main.TestCaseMain.runTestCase(TestCaseMain.java:106)
	at com.kms.katalon.core.keyword.builtin.CallTestCaseKeyword$_callTestCase_closure1.doCall(CallTestCaseKeyword.groovy:59)
	at com.kms.katalon.core.keyword.builtin.CallTestCaseKeyword$_callTestCase_closure1.call(CallTestCaseKeyword.groovy)
	at com.kms.katalon.core.keyword.internal.KeywordMain.runKeyword(KeywordMain.groovy:54)
	at com.kms.katalon.core.keyword.builtin.CallTestCaseKeyword.callTestCase(CallTestCaseKeyword.groovy:80)
	at com.kms.katalon.core.keyword.builtin.CallTestCaseKeyword.execute(CallTestCaseKeyword.groovy:44)
	at com.kms.katalon.core.keyword.internal.KeywordExecutor.executeKeywordForPlatform(KeywordExecutor.groovy:53)
	at com.kms.katalon.core.keyword.BuiltinKeywords.callTestCase(BuiltinKeywords.groovy:334)
	at Approve Application - JSA.run(Approve Application - JSA:16)
	at com.kms.katalon.core.main.ScriptEngine.run(ScriptEngine.java:194)
	at com.kms.katalon.core.main.ScriptEngine.runScriptAsRawText(ScriptEngine.java:119)
	at com.kms.katalon.core.main.TestCaseExecutor.runScript(TestCaseExecutor.java:328)
	at com.kms.katalon.core.main.TestCaseExecutor.doExecute(TestCaseExecutor.java:319)
	at com.kms.katalon.core.main.TestCaseExecutor.processExecutionPhase(TestCaseExecutor.java:298)
	at com.kms.katalon.core.main.TestCaseExecutor.accessMainPhase(TestCaseExecutor.java:290)
	at com.kms.katalon.core.main.TestCaseExecutor.execute(TestCaseExecutor.java:224)
	at com.kms.katalon.core.main.TestSuiteExecutor.accessTestCaseMainPhase(TestSuiteExecutor.java:129)
	at com.kms.katalon.core.main.TestSuiteExecutor.accessTestSuiteMainPhase(TestSuiteExecutor.java:112)
	at com.kms.katalon.core.main.TestSuiteExecutor.execute(TestSuiteExecutor.java:81)
	at com.kms.katalon.core.main.TestCaseMain.startTestSuite(TestCaseMain.java:149)
	at com.kms.katalon.core.main.TestCaseMain$startTestSuite$0.call(Unknown Source)
	at TempTestSuite1550652525208.run(TempTestSuite1550652525208.groovy:36)]]></system-err>
      </testcase>
      <system-out><![CDATA[2019-02-20 16:48:48 - [TEST_SUITE][FAILED] - New Test Suite: Test Cases/All TC/Arranged/0. Full Flow/Submit Form 7 (General) - Case Reassignment Same Branch SEIO FAILED.
Reason:
com.kms.katalon.core.exception.StepFailedException: Unable to click on object 'Object Repository/KinJun/3.0 JSA Application/EIO Internal Login - JSA Application - Approve/Page_PERKESO/Click Workbasket' (Root cause: com.kms.katalon.core.webui.exception.WebElementNotFoundException: Web element with id: 'Object Repository/KinJun/3.0 JSA Application/EIO Internal Login - JSA Application - Approve/Page_PERKESO/Click Workbasket' located by 'By.xpath: //a[@href = '/eisportal/user/internal/taskinbox' and (text() = 'PETI MASUK TUGAS' or . = 'PETI MASUK TUGAS')]' not found)
	at com.kms.katalon.core.keyword.internal.KeywordMain.stepFailed(KeywordMain.groovy:36)
	at com.kms.katalon.core.webui.keyword.internal.WebUIKeywordMain.stepFailed(WebUIKeywordMain.groovy:65)
	at com.kms.katalon.core.webui.keyword.internal.WebUIKeywordMain.runKeyword(WebUIKeywordMain.groovy:27)
	at com.kms.katalon.core.webui.keyword.builtin.ClickKeyword.click(ClickKeyword.groovy:86)
	at com.kms.katalon.core.webui.keyword.builtin.ClickKeyword.execute(ClickKeyword.groovy:67)
	at com.kms.katalon.core.keyword.internal.KeywordExecutor.executeKeywordForPlatform(KeywordExecutor.groovy:53)
	at com.kms.katalon.core.webui.keyword.WebUiBuiltInKeywords.click(WebUiBuiltInKeywords.groovy:616)
	at com.kms.katalon.core.webui.keyword.WebUiBuiltInKeywords$click$3.call(Unknown Source)
	at EIO Internal Login - JSA Application - Approve.run(EIO Internal Login - JSA Application - Approve:32)
	at com.kms.katalon.core.main.ScriptEngine.run(ScriptEngine.java:194)
	at com.kms.katalon.core.main.ScriptEngine.runScriptAsRawText(ScriptEngine.java:119)
	at com.kms.katalon.core.main.TestCaseExecutor.runScript(TestCaseExecutor.java:328)
	at com.kms.katalon.core.main.TestCaseExecutor.doExecute(TestCaseExecutor.java:319)
	at com.kms.katalon.core.main.TestCaseExecutor.processExecutionPhase(TestCaseExecutor.java:298)
	at com.kms.katalon.core.main.TestCaseExecutor.accessMainPhase(TestCaseExecutor.java:290)
	at com.kms.katalon.core.main.TestCaseExecutor.execute(TestCaseExecutor.java:224)
	at com.kms.katalon.core.main.TestCaseMain.runTestCase(TestCaseMain.java:106)
	at com.kms.katalon.core.keyword.builtin.CallTestCaseKeyword$_callTestCase_closure1.doCall(CallTestCaseKeyword.groovy:59)
	at com.kms.katalon.core.keyword.builtin.CallTestCaseKeyword$_callTestCase_closure1.call(CallTestCaseKeyword.groovy)
	at com.kms.katalon.core.keyword.internal.KeywordMain.runKeyword(KeywordMain.groovy:54)
	at com.kms.katalon.core.keyword.builtin.CallTestCaseKeyword.callTestCase(CallTestCaseKeyword.groovy:80)
	at com.kms.katalon.core.keyword.builtin.CallTestCaseKeyword.execute(CallTestCaseKeyword.groovy:44)
	at com.kms.katalon.core.keyword.internal.KeywordExecutor.executeKeywordForPlatform(KeywordExecutor.groovy:53)
	at com.kms.katalon.core.keyword.BuiltinKeywords.callTestCase(BuiltinKeywords.groovy:334)
	at Submit Form 7 (General) - Case Reassignment Same Branch SEIO.run(Submit Form 7 (General) - Case Reassignment Same Branch SEIO:21)
	at com.kms.katalon.core.main.ScriptEngine.run(ScriptEngine.java:194)
	at com.kms.katalon.core.main.ScriptEngine.runScriptAsRawText(ScriptEngine.java:119)
	at com.kms.katalon.core.main.TestCaseExecutor.runScript(TestCaseExecutor.java:328)
	at com.kms.katalon.core.main.TestCaseExecutor.doExecute(TestCaseExecutor.java:319)
	at com.kms.katalon.core.main.TestCaseExecutor.processExecutionPhase(TestCaseExecutor.java:298)
	at com.kms.katalon.core.main.TestCaseExecutor.accessMainPhase(TestCaseExecutor.java:290)
	at com.kms.katalon.core.main.TestCaseExecutor.execute(TestCaseExecutor.java:224)
	at com.kms.katalon.core.main.TestSuiteExecutor.accessTestCaseMainPhase(TestSuiteExecutor.java:129)
	at com.kms.katalon.core.main.TestSuiteExecutor.accessTestSuiteMainPhase(TestSuiteExecutor.java:112)
	at com.kms.katalon.core.main.TestSuiteExecutor.execute(TestSuiteExecutor.java:81)
	at com.kms.katalon.core.main.TestCaseMain.startTestSuite(TestCaseMain.java:149)
	at com.kms.katalon.core.main.TestCaseMain$startTestSuite$0.call(Unknown Source)
	at TempTestSuite1550652525208.run(TempTestSuite1550652525208.groovy:36)]]></system-out>
      <system-err><![CDATA[2019-02-20 16:48:48 - [TEST_SUITE][FAILED] - New Test Suite: Test Cases/All TC/Arranged/0. Full Flow/Submit Form 7 (General) - Case Reassignment Same Branch SEIO FAILED.
Reason:
com.kms.katalon.core.exception.StepFailedException: Unable to click on object 'Object Repository/KinJun/3.0 JSA Application/EIO Internal Login - JSA Application - Approve/Page_PERKESO/Click Workbasket' (Root cause: com.kms.katalon.core.webui.exception.WebElementNotFoundException: Web element with id: 'Object Repository/KinJun/3.0 JSA Application/EIO Internal Login - JSA Application - Approve/Page_PERKESO/Click Workbasket' located by 'By.xpath: //a[@href = '/eisportal/user/internal/taskinbox' and (text() = 'PETI MASUK TUGAS' or . = 'PETI MASUK TUGAS')]' not found)
	at com.kms.katalon.core.keyword.internal.KeywordMain.stepFailed(KeywordMain.groovy:36)
	at com.kms.katalon.core.webui.keyword.internal.WebUIKeywordMain.stepFailed(WebUIKeywordMain.groovy:65)
	at com.kms.katalon.core.webui.keyword.internal.WebUIKeywordMain.runKeyword(WebUIKeywordMain.groovy:27)
	at com.kms.katalon.core.webui.keyword.builtin.ClickKeyword.click(ClickKeyword.groovy:86)
	at com.kms.katalon.core.webui.keyword.builtin.ClickKeyword.execute(ClickKeyword.groovy:67)
	at com.kms.katalon.core.keyword.internal.KeywordExecutor.executeKeywordForPlatform(KeywordExecutor.groovy:53)
	at com.kms.katalon.core.webui.keyword.WebUiBuiltInKeywords.click(WebUiBuiltInKeywords.groovy:616)
	at com.kms.katalon.core.webui.keyword.WebUiBuiltInKeywords$click$3.call(Unknown Source)
	at EIO Internal Login - JSA Application - Approve.run(EIO Internal Login - JSA Application - Approve:32)
	at com.kms.katalon.core.main.ScriptEngine.run(ScriptEngine.java:194)
	at com.kms.katalon.core.main.ScriptEngine.runScriptAsRawText(ScriptEngine.java:119)
	at com.kms.katalon.core.main.TestCaseExecutor.runScript(TestCaseExecutor.java:328)
	at com.kms.katalon.core.main.TestCaseExecutor.doExecute(TestCaseExecutor.java:319)
	at com.kms.katalon.core.main.TestCaseExecutor.processExecutionPhase(TestCaseExecutor.java:298)
	at com.kms.katalon.core.main.TestCaseExecutor.accessMainPhase(TestCaseExecutor.java:290)
	at com.kms.katalon.core.main.TestCaseExecutor.execute(TestCaseExecutor.java:224)
	at com.kms.katalon.core.main.TestCaseMain.runTestCase(TestCaseMain.java:106)
	at com.kms.katalon.core.keyword.builtin.CallTestCaseKeyword$_callTestCase_closure1.doCall(CallTestCaseKeyword.groovy:59)
	at com.kms.katalon.core.keyword.builtin.CallTestCaseKeyword$_callTestCase_closure1.call(CallTestCaseKeyword.groovy)
	at com.kms.katalon.core.keyword.internal.KeywordMain.runKeyword(KeywordMain.groovy:54)
	at com.kms.katalon.core.keyword.builtin.CallTestCaseKeyword.callTestCase(CallTestCaseKeyword.groovy:80)
	at com.kms.katalon.core.keyword.builtin.CallTestCaseKeyword.execute(CallTestCaseKeyword.groovy:44)
	at com.kms.katalon.core.keyword.internal.KeywordExecutor.executeKeywordForPlatform(KeywordExecutor.groovy:53)
	at com.kms.katalon.core.keyword.BuiltinKeywords.callTestCase(BuiltinKeywords.groovy:334)
	at Submit Form 7 (General) - Case Reassignment Same Branch SEIO.run(Submit Form 7 (General) - Case Reassignment Same Branch SEIO:21)
	at com.kms.katalon.core.main.ScriptEngine.run(ScriptEngine.java:194)
	at com.kms.katalon.core.main.ScriptEngine.runScriptAsRawText(ScriptEngine.java:119)
	at com.kms.katalon.core.main.TestCaseExecutor.runScript(TestCaseExecutor.java:328)
	at com.kms.katalon.core.main.TestCaseExecutor.doExecute(TestCaseExecutor.java:319)
	at com.kms.katalon.core.main.TestCaseExecutor.processExecutionPhase(TestCaseExecutor.java:298)
	at com.kms.katalon.core.main.TestCaseExecutor.accessMainPhase(TestCaseExecutor.java:290)
	at com.kms.katalon.core.main.TestCaseExecutor.execute(TestCaseExecutor.java:224)
	at com.kms.katalon.core.main.TestSuiteExecutor.accessTestCaseMainPhase(TestSuiteExecutor.java:129)
	at com.kms.katalon.core.main.TestSuiteExecutor.accessTestSuiteMainPhase(TestSuiteExecutor.java:112)
	at com.kms.katalon.core.main.TestSuiteExecutor.execute(TestSuiteExecutor.java:81)
	at com.kms.katalon.core.main.TestCaseMain.startTestSuite(TestCaseMain.java:149)
	at com.kms.katalon.core.main.TestCaseMain$startTestSuite$0.call(Unknown Source)
	at TempTestSuite1550652525208.run(TempTestSuite1550652525208.groovy:36)]]></system-err>
   </testsuite>
</testsuites>
