<?xml version="1.0" encoding="UTF-8"?>
<testsuites name="New Test Suite" time="6803" tests="15" failures="24" errors="0">
   <testsuite name="New Test Suite" tests="15" failures="24" errors="0" time="6803" timestamp="2019-02-21 16:40:21" hostname="Admin - Win7Test02" id="Test Suites/New Test Suite">
      <properties>
         <property name="deviceName" value=""/>
         <property name="devicePlatform" value=""/>
         <property name="logFolder" value="C:\\Users\\Admin\\Documents\\GitHub\\PKSKatalon\\PKS-EI-ES\\Reports\\New Test Suite\\20190221_164018"/>
         <property name="logFiles" value="C:\\Users\\Admin\\Documents\\GitHub\\PKSKatalon\\PKS-EI-ES\\Reports\\New Test Suite\\20190221_164018\\execution0.log, C:\\Users\\Admin\\Documents\\GitHub\\PKSKatalon\\PKS-EI-ES\\Reports\\New Test Suite\\20190221_164018\\execution1.log"/>
         <property name="attachments" value="C:\\Users\\Admin\\Documents\\GitHub\\PKSKatalon\\PKS-EI-ES\\Reports\\New Test Suite\\20190221_164018\\1550738484333.png, C:\\Users\\Admin\\Documents\\GitHub\\PKSKatalon\\PKS-EI-ES\\Reports\\New Test Suite\\20190221_164018\\1550739059510.png, C:\\Users\\Admin\\Documents\\GitHub\\PKSKatalon\\PKS-EI-ES\\Reports\\New Test Suite\\20190221_164018\\1550739723225.png, C:\\Users\\Admin\\Documents\\GitHub\\PKSKatalon\\PKS-EI-ES\\Reports\\New Test Suite\\20190221_164018\\1550740051768.png, C:\\Users\\Admin\\Documents\\GitHub\\PKSKatalon\\PKS-EI-ES\\Reports\\New Test Suite\\20190221_164018\\1550740605924.png, C:\\Users\\Admin\\Documents\\GitHub\\PKSKatalon\\PKS-EI-ES\\Reports\\New Test Suite\\20190221_164018\\1550740635997.png, C:\\Users\\Admin\\Documents\\GitHub\\PKSKatalon\\PKS-EI-ES\\Reports\\New Test Suite\\20190221_164018\\1550740665612.png, C:\\Users\\Admin\\Documents\\GitHub\\PKSKatalon\\PKS-EI-ES\\Reports\\New Test Suite\\20190221_164018\\1550741060065.png, C:\\Users\\Admin\\Documents\\GitHub\\PKSKatalon\\PKS-EI-ES\\Reports\\New Test Suite\\20190221_164018\\1550741494707.png, C:\\Users\\Admin\\Documents\\GitHub\\PKSKatalon\\PKS-EI-ES\\Reports\\New Test Suite\\20190221_164018\\1550742415709.png, C:\\Users\\Admin\\Documents\\GitHub\\PKSKatalon\\PKS-EI-ES\\Reports\\New Test Suite\\20190221_164018\\1550742837727.png, C:\\Users\\Admin\\Documents\\GitHub\\PKSKatalon\\PKS-EI-ES\\Reports\\New Test Suite\\20190221_164018\\1550743262554.png, C:\\Users\\Admin\\Documents\\GitHub\\PKSKatalon\\PKS-EI-ES\\Reports\\New Test Suite\\20190221_164018\\1550743711178.png, C:\\Users\\Admin\\Documents\\GitHub\\PKSKatalon\\PKS-EI-ES\\Reports\\New Test Suite\\20190221_164018\\1550744159491.png, C:\\Users\\Admin\\Documents\\GitHub\\PKSKatalon\\PKS-EI-ES\\Reports\\New Test Suite\\20190221_164018\\1550744202630.png, C:\\Users\\Admin\\Documents\\GitHub\\PKSKatalon\\PKS-EI-ES\\Reports\\New Test Suite\\20190221_164018\\1550744245789.png, C:\\Users\\Admin\\Documents\\GitHub\\PKSKatalon\\PKS-EI-ES\\Reports\\New Test Suite\\20190221_164018\\1550744288999.png, C:\\Users\\Admin\\Documents\\GitHub\\PKSKatalon\\PKS-EI-ES\\Reports\\New Test Suite\\20190221_164018\\1550744331869.png, C:\\Users\\Admin\\Documents\\GitHub\\PKSKatalon\\PKS-EI-ES\\Reports\\New Test Suite\\20190221_164018\\1550744883713.png"/>
         <property name="hostName" value="Admin - Win7Test02"/>
         <property name="os" value="Windows 7 64bit"/>
         <property name="katalonVersion" value="5.10.1.1"/>
         <property name="browser" value="Chrome 72.0.3626.109"/>
         <property name="hostAddress" value="10.20.3.72"/>
         <property name="sessionId" value="a44c501b3026b3c534fe511cf06d86c7"/>
         <property name="seleniumVersion" value="3.7.1"/>
         <property name="proxyInformation" value="ProxyInformation{proxyOption=NO_PROXY, proxyServerType=HTTP, password=, proxyServerAddress=, proxyServerPort=0}"/>
         <property name="platform" value="Windows 7"/>
      </properties>
      <testcase name="Test Cases/All TC/Arranged/0. Full Flow/Training/Decline/2 VO Search and Decline" classname="Test Cases/All TC/Arranged/0. Full Flow/Training/Decline/2 VO Search and Decline" status="PASSED">
         <system-out><![CDATA[2019-02-21 16:40:22 - [TEST_CASE][PASSED] - Test Cases/All TC/Arranged/0. Full Flow/Training/Decline/2 VO Search and Decline: Test Cases/All TC/Arranged/0. Full Flow/Training/Decline/2 VO Search and Decline

2019-02-21 16:40:22 - [TEST_STEP][PASSED] - callTestCase(findTestCase("All TC/Arranged/3. Unit/ES/VO Login"), [:], STOP_ON_FAILURE): Call Test Case 'Test Cases/All TC/Arranged/3. Unit/ES/VO Login' successfully

2019-02-21 16:40:22 - [TEST_CASE][PASSED] - Test Cases/All TC/Arranged/3. Unit/ES/VO Login: Test Cases/All TC/Arranged/3. Unit/ES/VO Login

2019-02-21 16:40:23 - [TEST_STEP][PASSED] - openBrowser(""): Browser is opened with url: ''

2019-02-21 16:40:23 - [MESSAGE][INFO] - Starting 'Chrome' driver

2019-02-21 16:40:23 - [MESSAGE][INFO] - User set preference: ['args', '[--start-maximized]']

2019-02-21 16:40:23 - [MESSAGE][INFO] - Action delay is set to 0 seconds

2019-02-21 16:40:26 - [MESSAGE][PASSED] - Browser is opened with url: ''

2019-02-21 16:40:26 - [TEST_STEP][PASSED] - navigateToUrl("http://10.20.24.188/eisportal/user/login"): Navigate to 'http://10.20.24.188/eisportal/user/login' successfully

2019-02-21 16:40:37 - [MESSAGE][PASSED] - Navigate to 'http://10.20.24.188/eisportal/user/login' successfully

2019-02-21 16:40:37 - [TEST_STEP][PASSED] - setText(findTestObject("Rizky/ESO Login/input_Terlupa Kata Laluan_j_us"), ""): Text '' is set on object 'Object Repository/Rizky/ESO Login/input_Terlupa Kata Laluan_j_us'

2019-02-21 16:40:39 - [MESSAGE][PASSED] - Text '' is set on object 'Object Repository/Rizky/ESO Login/input_Terlupa Kata Laluan_j_us'

2019-02-21 16:40:39 - [TEST_STEP][PASSED] - setText(findTestObject("Rizky/ESO Login/input_Terlupa Kata Laluan_j_us"), "nuramalina.zukri@perkeso.gov.my"): Text 'nuramalina.zukri@perkeso.gov.my' is set on object 'Object Repository/Rizky/ESO Login/input_Terlupa Kata Laluan_j_us'

2019-02-21 16:40:40 - [MESSAGE][PASSED] - Text 'nuramalina.zukri@perkeso.gov.my' is set on object 'Object Repository/Rizky/ESO Login/input_Terlupa Kata Laluan_j_us'

2019-02-21 16:40:40 - [TEST_STEP][PASSED] - setEncryptedText(findTestObject("Rizky/ESO Login/input_Terlupa Kata Laluan_j_pa"), "CQqwFZlbeC8="): Text ****** has been set on object 'Object Repository/Rizky/ESO Login/input_Terlupa Kata Laluan_j_pa'

2019-02-21 16:40:40 - [MESSAGE][PASSED] - Text ****** has been set on object 'Object Repository/Rizky/ESO Login/input_Terlupa Kata Laluan_j_pa'

2019-02-21 16:40:40 - [TEST_STEP][PASSED] - click(findTestObject("Rizky/ESO Login/input_Terlupa Kata Laluan_logi")): Object: 'Object Repository/Rizky/ESO Login/input_Terlupa Kata Laluan_logi' is clicked on

2019-02-21 16:40:42 - [MESSAGE][PASSED] - Object: 'Object Repository/Rizky/ESO Login/input_Terlupa Kata Laluan_logi' is clicked on

2019-02-21 16:40:42 - [MESSAGE][PASSED] - Call Test Case 'Test Cases/All TC/Arranged/3. Unit/ES/VO Login' successfully

2019-02-21 16:40:42 - [TEST_STEP][PASSED] - delay(2): Delayed 2 second(s)

2019-02-21 16:40:44 - [MESSAGE][PASSED] - Delayed 2 second(s)

2019-02-21 16:40:44 - [TEST_STEP][PASSED] - click(findTestObject("Rizky/VO Search and Aprove/Tindakan")): Object: 'Object Repository/Rizky/VO Search and Aprove/Tindakan' is clicked on

2019-02-21 16:40:44 - [MESSAGE][PASSED] - Object: 'Object Repository/Rizky/VO Search and Aprove/Tindakan' is clicked on

2019-02-21 16:40:44 - [TEST_STEP][PASSED] - click(findTestObject("Rizky/VO Search and Aprove/Tindakan-Kemaskini")): Object: 'Object Repository/Rizky/VO Search and Aprove/Tindakan-Kemaskini' is clicked on

2019-02-21 16:40:46 - [MESSAGE][PASSED] - Object: 'Object Repository/Rizky/VO Search and Aprove/Tindakan-Kemaskini' is clicked on

2019-02-21 16:40:46 - [TEST_STEP][PASSED] - delay(2): Delayed 2 second(s)

2019-02-21 16:40:48 - [MESSAGE][PASSED] - Delayed 2 second(s)

2019-02-21 16:40:48 - [TEST_STEP][PASSED] - click(findTestObject("Rizky/VO Search and Aprove/Jenis Keputusan")): Object: 'Object Repository/Rizky/VO Search and Aprove/Jenis Keputusan' is clicked on

2019-02-21 16:40:49 - [MESSAGE][PASSED] - Object: 'Object Repository/Rizky/VO Search and Aprove/Jenis Keputusan' is clicked on

2019-02-21 16:40:49 - [TEST_STEP][NOT_RUN] - click(findTestObject("Rizky/VO Search and Aprove/Jenis Keputusan-Maklumat Lengkap")): NOT_RUN: click(findTestObject("Rizky/VO Search and Aprove/Jenis Keputusan-Maklumat Lengkap"))

2019-02-21 16:40:49 - [MESSAGE][NOT_RUN] - NOT_RUN: click(findTestObject("Rizky/VO Search and Aprove/Jenis Keputusan-Maklumat Lengkap"))

2019-02-21 16:40:49 - [TEST_STEP][PASSED] - click(findTestObject("Rizky/VO Search and Decline/Jenis Keputusan-Maklumat Tidak Lengkap  Han")): Object: 'Object Repository/Rizky/VO Search and Decline/Jenis Keputusan-Maklumat Tidak Lengkap  Han' is clicked on

2019-02-21 16:40:49 - [MESSAGE][PASSED] - Object: 'Object Repository/Rizky/VO Search and Decline/Jenis Keputusan-Maklumat Tidak Lengkap  Han' is clicked on

2019-02-21 16:40:49 - [TEST_STEP][PASSED] - setText(findTestObject("Rizky/VO Search and Aprove/Catatan Pegawai Vokasional (Ibu Pejabat)"), "abc"): Text 'abc' is set on object 'Object Repository/Rizky/VO Search and Aprove/Catatan Pegawai Vokasional (Ibu Pejabat)'

2019-02-21 16:40:51 - [MESSAGE][PASSED] - Text 'abc' is set on object 'Object Repository/Rizky/VO Search and Aprove/Catatan Pegawai Vokasional (Ibu Pejabat)'

2019-02-21 16:40:51 - [TEST_STEP][PASSED] - delay(2): Delayed 2 second(s)

2019-02-21 16:40:53 - [MESSAGE][PASSED] - Delayed 2 second(s)

2019-02-21 16:40:53 - [TEST_STEP][PASSED] - verifyElementClickable(findTestObject("Rizky/VO Search and Aprove/Hantar")): Object 'Object Repository/Rizky/VO Search and Aprove/Hantar' is clickable

2019-02-21 16:40:53 - [MESSAGE][PASSED] - Object 'Object Repository/Rizky/VO Search and Aprove/Hantar' is clickable]]></system-out>
         <system-err><![CDATA[]]></system-err>
      </testcase>
      <testcase name="Test Cases/All TC/Arranged/0. Full Flow/Training/Decline/1 KU Search and Decline" classname="Test Cases/All TC/Arranged/0. Full Flow/Training/Decline/1 KU Search and Decline" status="PASSED">
         <system-out><![CDATA[2019-02-21 16:40:53 - [TEST_CASE][PASSED] - Test Cases/All TC/Arranged/0. Full Flow/Training/Decline/1 KU Search and Decline: Test Cases/All TC/Arranged/0. Full Flow/Training/Decline/1 KU Search and Decline

2019-02-21 16:40:54 - [TEST_STEP][PASSED] - callTestCase(findTestCase("All TC/Arranged/3. Unit/ES/KU Login"), [:], STOP_ON_FAILURE): Call Test Case 'Test Cases/All TC/Arranged/3. Unit/ES/KU Login' successfully

2019-02-21 16:40:54 - [TEST_CASE][PASSED] - Test Cases/All TC/Arranged/3. Unit/ES/KU Login: Test Cases/All TC/Arranged/3. Unit/ES/KU Login

2019-02-21 16:40:54 - [TEST_STEP][PASSED] - openBrowser(""): Browser is opened with url: ''

2019-02-21 16:40:54 - [MESSAGE][WARNING] - A browser is already opened. Closing browser and opening a new one

2019-02-21 16:40:55 - [MESSAGE][INFO] - Starting 'Chrome' driver

2019-02-21 16:40:55 - [MESSAGE][INFO] - User set preference: ['args', '[--start-maximized]']

2019-02-21 16:40:57 - [MESSAGE][PASSED] - Browser is opened with url: ''

2019-02-21 16:40:57 - [TEST_STEP][PASSED] - navigateToUrl("http://10.20.24.188/eisportal/user/login"): Navigate to 'http://10.20.24.188/eisportal/user/login' successfully

2019-02-21 16:40:57 - [MESSAGE][PASSED] - Navigate to 'http://10.20.24.188/eisportal/user/login' successfully

2019-02-21 16:40:57 - [TEST_STEP][PASSED] - setText(findTestObject("Rizky/ESO Login/input_Terlupa Kata Laluan_j_us"), ""): Text '' is set on object 'Object Repository/Rizky/ESO Login/input_Terlupa Kata Laluan_j_us'

2019-02-21 16:40:58 - [MESSAGE][PASSED] - Text '' is set on object 'Object Repository/Rizky/ESO Login/input_Terlupa Kata Laluan_j_us'

2019-02-21 16:40:58 - [TEST_STEP][PASSED] - setText(findTestObject("Rizky/ESO Login/input_Terlupa Kata Laluan_j_us"), "r.pannir@perkeso.gov.my"): Text 'r.pannir@perkeso.gov.my' is set on object 'Object Repository/Rizky/ESO Login/input_Terlupa Kata Laluan_j_us'

2019-02-21 16:40:58 - [MESSAGE][PASSED] - Text 'r.pannir@perkeso.gov.my' is set on object 'Object Repository/Rizky/ESO Login/input_Terlupa Kata Laluan_j_us'

2019-02-21 16:40:58 - [TEST_STEP][PASSED] - setEncryptedText(findTestObject("Rizky/ESO Login/input_Terlupa Kata Laluan_j_pa"), "CQqwFZlbeC8="): Text ****** has been set on object 'Object Repository/Rizky/ESO Login/input_Terlupa Kata Laluan_j_pa'

2019-02-21 16:40:58 - [MESSAGE][PASSED] - Text ****** has been set on object 'Object Repository/Rizky/ESO Login/input_Terlupa Kata Laluan_j_pa'

2019-02-21 16:40:58 - [TEST_STEP][PASSED] - click(findTestObject("Rizky/ESO Login/input_Terlupa Kata Laluan_logi")): Object: 'Object Repository/Rizky/ESO Login/input_Terlupa Kata Laluan_logi' is clicked on

2019-02-21 16:40:59 - [MESSAGE][PASSED] - Object: 'Object Repository/Rizky/ESO Login/input_Terlupa Kata Laluan_logi' is clicked on

2019-02-21 16:40:59 - [MESSAGE][PASSED] - Call Test Case 'Test Cases/All TC/Arranged/3. Unit/ES/KU Login' successfully

2019-02-21 16:40:59 - [TEST_STEP][PASSED] - click(findTestObject("Rizky/KU Search and Approve/Tindakan")): Object: 'Object Repository/Rizky/KU Search and Approve/Tindakan' is clicked on

2019-02-21 16:40:59 - [MESSAGE][PASSED] - Object: 'Object Repository/Rizky/KU Search and Approve/Tindakan' is clicked on

2019-02-21 16:40:59 - [TEST_STEP][PASSED] - click(findTestObject("Rizky/KU Search and Approve/Tindakan-Kemaskini")): Object: 'Object Repository/Rizky/KU Search and Approve/Tindakan-Kemaskini' is clicked on

2019-02-21 16:41:02 - [MESSAGE][PASSED] - Object: 'Object Repository/Rizky/KU Search and Approve/Tindakan-Kemaskini' is clicked on

2019-02-21 16:41:02 - [TEST_STEP][PASSED] - delay(2): Delayed 2 second(s)

2019-02-21 16:41:04 - [MESSAGE][PASSED] - Delayed 2 second(s)

2019-02-21 16:41:04 - [TEST_STEP][NOT_RUN] - click(findTestObject("Rizky/KU Search and Approve/Jenis Kelulusan")): NOT_RUN: click(findTestObject("Rizky/KU Search and Approve/Jenis Kelulusan"))

2019-02-21 16:41:04 - [MESSAGE][NOT_RUN] - NOT_RUN: click(findTestObject("Rizky/KU Search and Approve/Jenis Kelulusan"))

2019-02-21 16:41:04 - [TEST_STEP][NOT_RUN] - click(findTestObject("Rizky/KU Search and Approve/Jenis Kelulusan-Lulus")): NOT_RUN: click(findTestObject("Rizky/KU Search and Approve/Jenis Kelulusan-Lulus"))

2019-02-21 16:41:04 - [MESSAGE][NOT_RUN] - NOT_RUN: click(findTestObject("Rizky/KU Search and Approve/Jenis Kelulusan-Lulus"))

2019-02-21 16:41:04 - [TEST_STEP][NOT_RUN] - click(findTestObject("Rizky/KU Search and Decline/Jenis Kelulusan-Lain-lain")): NOT_RUN: click(findTestObject("Rizky/KU Search and Decline/Jenis Kelulusan-Lain-lain"))

2019-02-21 16:41:04 - [MESSAGE][NOT_RUN] - NOT_RUN: click(findTestObject("Rizky/KU Search and Decline/Jenis Kelulusan-Lain-lain"))

2019-02-21 16:41:04 - [TEST_STEP][NOT_RUN] - setText(findTestObject("Rizky/KU Search and Approve/Catatan Ketua Unit Vokasional"), "abcd"): NOT_RUN: setText(findTestObject("Rizky/KU Search and Approve/Catatan Ketua Unit Vokasional"), "abcd")

2019-02-21 16:41:04 - [MESSAGE][NOT_RUN] - NOT_RUN: setText(findTestObject("Rizky/KU Search and Approve/Catatan Ketua Unit Vokasional"), "abcd")

2019-02-21 16:41:04 - [TEST_STEP][PASSED] - click(findTestObject("Rizky/KU Search and Approve/Kes Baru")): Object: 'Object Repository/Rizky/KU Search and Approve/Kes Baru' is clicked on

2019-02-21 16:41:04 - [MESSAGE][PASSED] - Object: 'Object Repository/Rizky/KU Search and Approve/Kes Baru' is clicked on

2019-02-21 16:41:04 - [TEST_STEP][PASSED] - click(findTestObject("Rizky/KU Search and Approve/Kes Baru-Sedang Berkursus")): Object: 'Object Repository/Rizky/KU Search and Approve/Kes Baru-Sedang Berkursus' is clicked on

2019-02-21 16:41:04 - [MESSAGE][PASSED] - Object: 'Object Repository/Rizky/KU Search and Approve/Kes Baru-Sedang Berkursus' is clicked on

2019-02-21 16:41:04 - [TEST_STEP][PASSED] - click(findTestObject("Rizky/KU Search and Approve/Tarikh Mula")): Object: 'Object Repository/Rizky/KU Search and Approve/Tarikh Mula' is clicked on

2019-02-21 16:41:05 - [MESSAGE][PASSED] - Object: 'Object Repository/Rizky/KU Search and Approve/Tarikh Mula' is clicked on

2019-02-21 16:41:05 - [TEST_STEP][PASSED] - click(findTestObject("Rizky/KU Search and Approve/Tarikh Mula-18")): Object: 'Object Repository/Rizky/KU Search and Approve/Tarikh Mula-18' is clicked on

2019-02-21 16:41:05 - [MESSAGE][PASSED] - Object: 'Object Repository/Rizky/KU Search and Approve/Tarikh Mula-18' is clicked on

2019-02-21 16:41:05 - [TEST_STEP][PASSED] - delay(2): Delayed 2 second(s)

2019-02-21 16:41:07 - [MESSAGE][PASSED] - Delayed 2 second(s)

2019-02-21 16:41:07 - [TEST_STEP][NOT_RUN] - click(findTestObject("Rizky/KU Search and Approve/Tarikh Mula-Done")): NOT_RUN: click(findTestObject("Rizky/KU Search and Approve/Tarikh Mula-Done"))

2019-02-21 16:41:07 - [MESSAGE][NOT_RUN] - NOT_RUN: click(findTestObject("Rizky/KU Search and Approve/Tarikh Mula-Done"))

2019-02-21 16:41:07 - [TEST_STEP][PASSED] - delay(2): Delayed 2 second(s)

2019-02-21 16:41:09 - [MESSAGE][PASSED] - Delayed 2 second(s)

2019-02-21 16:41:09 - [TEST_STEP][PASSED] - click(findTestObject("Rizky/KU Search and Approve/Tarikh Tamat")): Object: 'Object Repository/Rizky/KU Search and Approve/Tarikh Tamat' is clicked on

2019-02-21 16:41:09 - [MESSAGE][PASSED] - Object: 'Object Repository/Rizky/KU Search and Approve/Tarikh Tamat' is clicked on

2019-02-21 16:41:09 - [TEST_STEP][PASSED] - click(findTestObject("Rizky/KU Search and Approve/Tarikh Tamat-19")): Object: 'Object Repository/Rizky/KU Search and Approve/Tarikh Tamat-19' is clicked on

2019-02-21 16:41:10 - [MESSAGE][PASSED] - Object: 'Object Repository/Rizky/KU Search and Approve/Tarikh Tamat-19' is clicked on

2019-02-21 16:41:10 - [TEST_STEP][PASSED] - delay(2): Delayed 2 second(s)

2019-02-21 16:41:12 - [MESSAGE][PASSED] - Delayed 2 second(s)

2019-02-21 16:41:12 - [TEST_STEP][NOT_RUN] - click(findTestObject("Rizky/KU Search and Approve/Tarikh Tamat-Done")): NOT_RUN: click(findTestObject("Rizky/KU Search and Approve/Tarikh Tamat-Done"))

2019-02-21 16:41:12 - [MESSAGE][NOT_RUN] - NOT_RUN: click(findTestObject("Rizky/KU Search and Approve/Tarikh Tamat-Done"))

2019-02-21 16:41:12 - [TEST_STEP][PASSED] - verifyElementClickable(findTestObject("Rizky/KU Search and Approve/Hantar")): Object 'Object Repository/Rizky/KU Search and Approve/Hantar' is clickable

2019-02-21 16:41:12 - [MESSAGE][PASSED] - Object 'Object Repository/Rizky/KU Search and Approve/Hantar' is clickable]]></system-out>
         <system-err><![CDATA[]]></system-err>
      </testcase>
      <testcase name="Test Cases/All TC/Arranged/0. Full Flow/Training/Approve/IP Apply" classname="Test Cases/All TC/Arranged/0. Full Flow/Training/Approve/IP Apply" status="FAILED">
         <failure type="FAILED" message="Test Cases/All TC/Arranged/0. Full Flow/Training/Approve/IP Apply FAILED.
Reason:
com.kms.katalon.core.exception.StepFailedException: Unable to click on object 'Object Repository/Rizky/IP Apply/Permohonan Latihan-Latihan' (Root cause: org.openqa.selenium.WebDriverException: unknown error: Element &lt;a href=&quot;/eisportal/insured/user/training/ipAppTrainingInfo&quot;>...&lt;/a> is not clickable at point (1023, 139). Other element would receive the click: &lt;ul class=&quot;dropdown-menu first-level-menu dropdownhover-bottom animated fadeIn&quot;>...&lt;/ul>
  (Session info: chrome=72.0.3626.109)
  (Driver info: chromedriver=2.43.600210 (68dcf5eebde37173d4027fa8635e332711d2874a),platform=Windows NT 6.1.7601 SP1 x86_64) (WARNING: The server did not provide any stacktrace information)
Command duration or timeout: 0 milliseconds
Build info: version: '3.7.1', revision: '8a0099a', time: '2017-11-06T21:07:36.161Z'
System info: host: 'WIN7TEST02', ip: '10.20.3.72', os.name: 'Windows 7', os.arch: 'amd64', os.version: '6.1', java.version: '1.8.0_181'
Driver info: com.kms.katalon.selenium.driver.CChromeDriver
Capabilities {acceptInsecureCerts: false, acceptSslCerts: false, applicationCacheEnabled: false, browserConnectionEnabled: false, browserName: chrome, chrome: {chromedriverVersion: 2.43.600210 (68dcf5eebde371..., userDataDir: C:\Users\Admin\AppData\Loca...}, cssSelectorsEnabled: true, databaseEnabled: false, goog:chromeOptions: {debuggerAddress: localhost:60448}, handlesAlerts: true, hasTouchScreen: false, javascriptEnabled: true, locationContextEnabled: true, mobileEmulationEnabled: false, nativeEvents: true, networkConnectionEnabled: false, pageLoadStrategy: normal, platform: XP, platformName: XP, rotatable: false, setWindowRect: true, takesHeapSnapshot: true, takesScreenshot: true, unexpectedAlertBehaviour: , unhandledPromptBehavior: , version: 72.0.3626.109, webStorageEnabled: true}
Session ID: 4f484683fde752dea48cf2989420d4bb)
	at com.kms.katalon.core.keyword.internal.KeywordMain.stepFailed(KeywordMain.groovy:36)
	at com.kms.katalon.core.webui.keyword.internal.WebUIKeywordMain.stepFailed(WebUIKeywordMain.groovy:65)
	at com.kms.katalon.core.webui.keyword.internal.WebUIKeywordMain.runKeyword(WebUIKeywordMain.groovy:27)
	at com.kms.katalon.core.webui.keyword.builtin.ClickKeyword.click(ClickKeyword.groovy:86)
	at com.kms.katalon.core.webui.keyword.builtin.ClickKeyword.execute(ClickKeyword.groovy:67)
	at com.kms.katalon.core.keyword.internal.KeywordExecutor.executeKeywordForPlatform(KeywordExecutor.groovy:53)
	at com.kms.katalon.core.webui.keyword.WebUiBuiltInKeywords.click(WebUiBuiltInKeywords.groovy:616)
	at com.kms.katalon.core.webui.keyword.WebUiBuiltInKeywords$click$3.call(Unknown Source)
	at IP Apply.run(IP Apply:20)
	at com.kms.katalon.core.main.ScriptEngine.run(ScriptEngine.java:194)
	at com.kms.katalon.core.main.ScriptEngine.runScriptAsRawText(ScriptEngine.java:119)
	at com.kms.katalon.core.main.TestCaseExecutor.runScript(TestCaseExecutor.java:328)
	at com.kms.katalon.core.main.TestCaseExecutor.doExecute(TestCaseExecutor.java:319)
	at com.kms.katalon.core.main.TestCaseExecutor.processExecutionPhase(TestCaseExecutor.java:298)
	at com.kms.katalon.core.main.TestCaseExecutor.accessMainPhase(TestCaseExecutor.java:290)
	at com.kms.katalon.core.main.TestCaseExecutor.execute(TestCaseExecutor.java:224)
	at com.kms.katalon.core.main.TestSuiteExecutor.accessTestCaseMainPhase(TestSuiteExecutor.java:129)
	at com.kms.katalon.core.main.TestSuiteExecutor.accessTestSuiteMainPhase(TestSuiteExecutor.java:112)
	at com.kms.katalon.core.main.TestSuiteExecutor.execute(TestSuiteExecutor.java:81)
	at com.kms.katalon.core.main.TestCaseMain.startTestSuite(TestCaseMain.java:149)
	at com.kms.katalon.core.main.TestCaseMain$startTestSuite$0.call(Unknown Source)
	at TempTestSuite1550738418733.run(TempTestSuite1550738418733.groovy:36)
"/>
         <system-out><![CDATA[2019-02-21 16:41:12 - [TEST_CASE][FAILED] - Test Cases/All TC/Arranged/0. Full Flow/Training/Approve/IP Apply: Test Cases/All TC/Arranged/0. Full Flow/Training/Approve/IP Apply FAILED.
Reason:
com.kms.katalon.core.exception.StepFailedException: Unable to click on object 'Object Repository/Rizky/IP Apply/Permohonan Latihan-Latihan' (Root cause: org.openqa.selenium.WebDriverException: unknown error: Element <a href="/eisportal/insured/user/training/ipAppTrainingInfo">...</a> is not clickable at point (1023, 139). Other element would receive the click: <ul class="dropdown-menu first-level-menu dropdownhover-bottom animated fadeIn">...</ul>
  (Session info: chrome=72.0.3626.109)
  (Driver info: chromedriver=2.43.600210 (68dcf5eebde37173d4027fa8635e332711d2874a),platform=Windows NT 6.1.7601 SP1 x86_64) (WARNING: The server did not provide any stacktrace information)
Command duration or timeout: 0 milliseconds
Build info: version: '3.7.1', revision: '8a0099a', time: '2017-11-06T21:07:36.161Z'
System info: host: 'WIN7TEST02', ip: '10.20.3.72', os.name: 'Windows 7', os.arch: 'amd64', os.version: '6.1', java.version: '1.8.0_181'
Driver info: com.kms.katalon.selenium.driver.CChromeDriver
Capabilities {acceptInsecureCerts: false, acceptSslCerts: false, applicationCacheEnabled: false, browserConnectionEnabled: false, browserName: chrome, chrome: {chromedriverVersion: 2.43.600210 (68dcf5eebde371..., userDataDir: C:\Users\Admin\AppData\Loca...}, cssSelectorsEnabled: true, databaseEnabled: false, goog:chromeOptions: {debuggerAddress: localhost:60448}, handlesAlerts: true, hasTouchScreen: false, javascriptEnabled: true, locationContextEnabled: true, mobileEmulationEnabled: false, nativeEvents: true, networkConnectionEnabled: false, pageLoadStrategy: normal, platform: XP, platformName: XP, rotatable: false, setWindowRect: true, takesHeapSnapshot: true, takesScreenshot: true, unexpectedAlertBehaviour: , unhandledPromptBehavior: , version: 72.0.3626.109, webStorageEnabled: true}
Session ID: 4f484683fde752dea48cf2989420d4bb)
	at com.kms.katalon.core.keyword.internal.KeywordMain.stepFailed(KeywordMain.groovy:36)
	at com.kms.katalon.core.webui.keyword.internal.WebUIKeywordMain.stepFailed(WebUIKeywordMain.groovy:65)
	at com.kms.katalon.core.webui.keyword.internal.WebUIKeywordMain.runKeyword(WebUIKeywordMain.groovy:27)
	at com.kms.katalon.core.webui.keyword.builtin.ClickKeyword.click(ClickKeyword.groovy:86)
	at com.kms.katalon.core.webui.keyword.builtin.ClickKeyword.execute(ClickKeyword.groovy:67)
	at com.kms.katalon.core.keyword.internal.KeywordExecutor.executeKeywordForPlatform(KeywordExecutor.groovy:53)
	at com.kms.katalon.core.webui.keyword.WebUiBuiltInKeywords.click(WebUiBuiltInKeywords.groovy:616)
	at com.kms.katalon.core.webui.keyword.WebUiBuiltInKeywords$click$3.call(Unknown Source)
	at IP Apply.run(IP Apply:20)
	at com.kms.katalon.core.main.ScriptEngine.run(ScriptEngine.java:194)
	at com.kms.katalon.core.main.ScriptEngine.runScriptAsRawText(ScriptEngine.java:119)
	at com.kms.katalon.core.main.TestCaseExecutor.runScript(TestCaseExecutor.java:328)
	at com.kms.katalon.core.main.TestCaseExecutor.doExecute(TestCaseExecutor.java:319)
	at com.kms.katalon.core.main.TestCaseExecutor.processExecutionPhase(TestCaseExecutor.java:298)
	at com.kms.katalon.core.main.TestCaseExecutor.accessMainPhase(TestCaseExecutor.java:290)
	at com.kms.katalon.core.main.TestCaseExecutor.execute(TestCaseExecutor.java:224)
	at com.kms.katalon.core.main.TestSuiteExecutor.accessTestCaseMainPhase(TestSuiteExecutor.java:129)
	at com.kms.katalon.core.main.TestSuiteExecutor.accessTestSuiteMainPhase(TestSuiteExecutor.java:112)
	at com.kms.katalon.core.main.TestSuiteExecutor.execute(TestSuiteExecutor.java:81)
	at com.kms.katalon.core.main.TestCaseMain.startTestSuite(TestCaseMain.java:149)
	at com.kms.katalon.core.main.TestCaseMain$startTestSuite$0.call(Unknown Source)
	at TempTestSuite1550738418733.run(TempTestSuite1550738418733.groovy:36)


2019-02-21 16:41:12 - [TEST_STEP][PASSED] - callTestCase(findTestCase("All TC/Arranged/3. Unit/ES/IP Login"), [:], STOP_ON_FAILURE): Call Test Case 'Test Cases/All TC/Arranged/3. Unit/ES/IP Login' successfully

2019-02-21 16:41:12 - [TEST_CASE][PASSED] - Test Cases/All TC/Arranged/3. Unit/ES/IP Login: Test Cases/All TC/Arranged/3. Unit/ES/IP Login

2019-02-21 16:41:12 - [TEST_STEP][PASSED] - openBrowser(""): Browser is opened with url: ''

2019-02-21 16:41:12 - [MESSAGE][WARNING] - A browser is already opened. Closing browser and opening a new one

2019-02-21 16:41:13 - [MESSAGE][INFO] - Starting 'Chrome' driver

2019-02-21 16:41:13 - [MESSAGE][INFO] - User set preference: ['args', '[--start-maximized]']

2019-02-21 16:41:15 - [MESSAGE][PASSED] - Browser is opened with url: ''

2019-02-21 16:41:15 - [TEST_STEP][PASSED] - navigateToUrl(Public_Login): Navigate to 'http://10.20.24.188/eisportal/insured/login' successfully

2019-02-21 16:41:16 - [MESSAGE][PASSED] - Navigate to 'http://10.20.24.188/eisportal/insured/login' successfully

2019-02-21 16:41:16 - [TEST_STEP][PASSED] - setText(findTestObject("Rizky/IP Login/No Kad Pengenalan"), "950000140001"): Text '950000140001' is set on object 'Object Repository/Rizky/IP Login/No Kad Pengenalan'

2019-02-21 16:41:19 - [MESSAGE][PASSED] - Text '950000140001' is set on object 'Object Repository/Rizky/IP Login/No Kad Pengenalan'

2019-02-21 16:41:19 - [TEST_STEP][PASSED] - setEncryptedText(findTestObject("Rizky/IP Login/Kata Laluan"), "uBrzCyAcdaX+ojywdEz8Ig=="): Text ****** has been set on object 'Object Repository/Rizky/IP Login/Kata Laluan'

2019-02-21 16:41:22 - [MESSAGE][PASSED] - Text ****** has been set on object 'Object Repository/Rizky/IP Login/Kata Laluan'

2019-02-21 16:41:22 - [TEST_STEP][PASSED] - click(findTestObject("Rizky/IP Login/Log Masuk")): Object: 'Object Repository/Rizky/IP Login/Log Masuk' is clicked on

2019-02-21 16:41:23 - [MESSAGE][PASSED] - Object: 'Object Repository/Rizky/IP Login/Log Masuk' is clicked on

2019-02-21 16:41:23 - [MESSAGE][PASSED] - Call Test Case 'Test Cases/All TC/Arranged/3. Unit/ES/IP Login' successfully

2019-02-21 16:41:24 - [TEST_STEP][PASSED] - mouseOver(findTestObject("Rizky/IP Apply/Permohonan Latihan")): Object: 'Object Repository/Rizky/IP Apply/Permohonan Latihan' is hovered

2019-02-21 16:41:24 - [MESSAGE][PASSED] - Object: 'Object Repository/Rizky/IP Apply/Permohonan Latihan' is hovered

2019-02-21 16:41:24 - [TEST_STEP][FAILED] - click(findTestObject("Rizky/IP Apply/Permohonan Latihan-Latihan")): click(findTestObject("Rizky/IP Apply/Permohonan Latihan-Latihan")) FAILED.
Reason:
com.kms.katalon.core.exception.StepFailedException: Unable to click on object 'Object Repository/Rizky/IP Apply/Permohonan Latihan-Latihan' (Root cause: org.openqa.selenium.WebDriverException: unknown error: Element <a href="/eisportal/insured/user/training/ipAppTrainingInfo">...</a> is not clickable at point (1023, 139). Other element would receive the click: <ul class="dropdown-menu first-level-menu dropdownhover-bottom animated fadeIn">...</ul>
  (Session info: chrome=72.0.3626.109)
  (Driver info: chromedriver=2.43.600210 (68dcf5eebde37173d4027fa8635e332711d2874a),platform=Windows NT 6.1.7601 SP1 x86_64) (WARNING: The server did not provide any stacktrace information)
Command duration or timeout: 0 milliseconds
Build info: version: '3.7.1', revision: '8a0099a', time: '2017-11-06T21:07:36.161Z'
System info: host: 'WIN7TEST02', ip: '10.20.3.72', os.name: 'Windows 7', os.arch: 'amd64', os.version: '6.1', java.version: '1.8.0_181'
Driver info: com.kms.katalon.selenium.driver.CChromeDriver
Capabilities {acceptInsecureCerts: false, acceptSslCerts: false, applicationCacheEnabled: false, browserConnectionEnabled: false, browserName: chrome, chrome: {chromedriverVersion: 2.43.600210 (68dcf5eebde371..., userDataDir: C:\Users\Admin\AppData\Loca...}, cssSelectorsEnabled: true, databaseEnabled: false, goog:chromeOptions: {debuggerAddress: localhost:60448}, handlesAlerts: true, hasTouchScreen: false, javascriptEnabled: true, locationContextEnabled: true, mobileEmulationEnabled: false, nativeEvents: true, networkConnectionEnabled: false, pageLoadStrategy: normal, platform: XP, platformName: XP, rotatable: false, setWindowRect: true, takesHeapSnapshot: true, takesScreenshot: true, unexpectedAlertBehaviour: , unhandledPromptBehavior: , version: 72.0.3626.109, webStorageEnabled: true}
Session ID: 4f484683fde752dea48cf2989420d4bb)
	at com.kms.katalon.core.keyword.internal.KeywordMain.stepFailed(KeywordMain.groovy:36)
	at com.kms.katalon.core.webui.keyword.internal.WebUIKeywordMain.stepFailed(WebUIKeywordMain.groovy:65)
	at com.kms.katalon.core.webui.keyword.internal.WebUIKeywordMain.runKeyword(WebUIKeywordMain.groovy:27)
	at com.kms.katalon.core.webui.keyword.builtin.ClickKeyword.click(ClickKeyword.groovy:86)
	at com.kms.katalon.core.webui.keyword.builtin.ClickKeyword.execute(ClickKeyword.groovy:67)
	at com.kms.katalon.core.keyword.internal.KeywordExecutor.executeKeywordForPlatform(KeywordExecutor.groovy:53)
	at com.kms.katalon.core.webui.keyword.WebUiBuiltInKeywords.click(WebUiBuiltInKeywords.groovy:616)
	at com.kms.katalon.core.webui.keyword.WebUiBuiltInKeywords$click$3.call(Unknown Source)
	at IP Apply.run(IP Apply:20)
	at com.kms.katalon.core.main.ScriptEngine.run(ScriptEngine.java:194)
	at com.kms.katalon.core.main.ScriptEngine.runScriptAsRawText(ScriptEngine.java:119)
	at com.kms.katalon.core.main.TestCaseExecutor.runScript(TestCaseExecutor.java:328)
	at com.kms.katalon.core.main.TestCaseExecutor.doExecute(TestCaseExecutor.java:319)
	at com.kms.katalon.core.main.TestCaseExecutor.processExecutionPhase(TestCaseExecutor.java:298)
	at com.kms.katalon.core.main.TestCaseExecutor.accessMainPhase(TestCaseExecutor.java:290)
	at com.kms.katalon.core.main.TestCaseExecutor.execute(TestCaseExecutor.java:224)
	at com.kms.katalon.core.main.TestSuiteExecutor.accessTestCaseMainPhase(TestSuiteExecutor.java:129)
	at com.kms.katalon.core.main.TestSuiteExecutor.accessTestSuiteMainPhase(TestSuiteExecutor.java:112)
	at com.kms.katalon.core.main.TestSuiteExecutor.execute(TestSuiteExecutor.java:81)
	at com.kms.katalon.core.main.TestCaseMain.startTestSuite(TestCaseMain.java:149)
	at com.kms.katalon.core.main.TestCaseMain$startTestSuite$0.call(Unknown Source)
	at TempTestSuite1550738418733.run(TempTestSuite1550738418733.groovy:36)


2019-02-21 16:41:24 - [MESSAGE][FAILED] - Unable to click on object 'Object Repository/Rizky/IP Apply/Permohonan Latihan-Latihan' (Root cause: org.openqa.selenium.WebDriverException: unknown error: Element <a href="/eisportal/insured/user/training/ipAppTrainingInfo">...</a> is not clickable at point (1023, 139). Other element would receive the click: <ul class="dropdown-menu first-level-menu dropdownhover-bottom animated fadeIn">...</ul>
  (Session info: chrome=72.0.3626.109)
  (Driver info: chromedriver=2.43.600210 (68dcf5eebde37173d4027fa8635e332711d2874a),platform=Windows NT 6.1.7601 SP1 x86_64) (WARNING: The server did not provide any stacktrace information)
Command duration or timeout: 0 milliseconds
Build info: version: '3.7.1', revision: '8a0099a', time: '2017-11-06T21:07:36.161Z'
System info: host: 'WIN7TEST02', ip: '10.20.3.72', os.name: 'Windows 7', os.arch: 'amd64', os.version: '6.1', java.version: '1.8.0_181'
Driver info: com.kms.katalon.selenium.driver.CChromeDriver
Capabilities {acceptInsecureCerts: false, acceptSslCerts: false, applicationCacheEnabled: false, browserConnectionEnabled: false, browserName: chrome, chrome: {chromedriverVersion: 2.43.600210 (68dcf5eebde371..., userDataDir: C:\Users\Admin\AppData\Loca...}, cssSelectorsEnabled: true, databaseEnabled: false, goog:chromeOptions: {debuggerAddress: localhost:60448}, handlesAlerts: true, hasTouchScreen: false, javascriptEnabled: true, locationContextEnabled: true, mobileEmulationEnabled: false, nativeEvents: true, networkConnectionEnabled: false, pageLoadStrategy: normal, platform: XP, platformName: XP, rotatable: false, setWindowRect: true, takesHeapSnapshot: true, takesScreenshot: true, unexpectedAlertBehaviour: , unhandledPromptBehavior: , version: 72.0.3626.109, webStorageEnabled: true}
Session ID: 4f484683fde752dea48cf2989420d4bb)
[[ATTACHMENT|C:\\Users\\Admin\\Documents\\GitHub\\PKSKatalon\\PKS-EI-ES\\Reports\\New Test Suite\\20190221_164018\\1550738484333.png]]

2019-02-21 16:41:24 - [MESSAGE][FAILED] - click(findTestObject("Rizky/IP Apply/Permohonan Latihan-Latihan")) FAILED.
Reason:
com.kms.katalon.core.exception.StepFailedException: Unable to click on object 'Object Repository/Rizky/IP Apply/Permohonan Latihan-Latihan' (Root cause: org.openqa.selenium.WebDriverException: unknown error: Element <a href="/eisportal/insured/user/training/ipAppTrainingInfo">...</a> is not clickable at point (1023, 139). Other element would receive the click: <ul class="dropdown-menu first-level-menu dropdownhover-bottom animated fadeIn">...</ul>
  (Session info: chrome=72.0.3626.109)
  (Driver info: chromedriver=2.43.600210 (68dcf5eebde37173d4027fa8635e332711d2874a),platform=Windows NT 6.1.7601 SP1 x86_64) (WARNING: The server did not provide any stacktrace information)
Command duration or timeout: 0 milliseconds
Build info: version: '3.7.1', revision: '8a0099a', time: '2017-11-06T21:07:36.161Z'
System info: host: 'WIN7TEST02', ip: '10.20.3.72', os.name: 'Windows 7', os.arch: 'amd64', os.version: '6.1', java.version: '1.8.0_181'
Driver info: com.kms.katalon.selenium.driver.CChromeDriver
Capabilities {acceptInsecureCerts: false, acceptSslCerts: false, applicationCacheEnabled: false, browserConnectionEnabled: false, browserName: chrome, chrome: {chromedriverVersion: 2.43.600210 (68dcf5eebde371..., userDataDir: C:\Users\Admin\AppData\Loca...}, cssSelectorsEnabled: true, databaseEnabled: false, goog:chromeOptions: {debuggerAddress: localhost:60448}, handlesAlerts: true, hasTouchScreen: false, javascriptEnabled: true, locationContextEnabled: true, mobileEmulationEnabled: false, nativeEvents: true, networkConnectionEnabled: false, pageLoadStrategy: normal, platform: XP, platformName: XP, rotatable: false, setWindowRect: true, takesHeapSnapshot: true, takesScreenshot: true, unexpectedAlertBehaviour: , unhandledPromptBehavior: , version: 72.0.3626.109, webStorageEnabled: true}
Session ID: 4f484683fde752dea48cf2989420d4bb)
	at com.kms.katalon.core.keyword.internal.KeywordMain.stepFailed(KeywordMain.groovy:36)
	at com.kms.katalon.core.webui.keyword.internal.WebUIKeywordMain.stepFailed(WebUIKeywordMain.groovy:65)
	at com.kms.katalon.core.webui.keyword.internal.WebUIKeywordMain.runKeyword(WebUIKeywordMain.groovy:27)
	at com.kms.katalon.core.webui.keyword.builtin.ClickKeyword.click(ClickKeyword.groovy:86)
	at com.kms.katalon.core.webui.keyword.builtin.ClickKeyword.execute(ClickKeyword.groovy:67)
	at com.kms.katalon.core.keyword.internal.KeywordExecutor.executeKeywordForPlatform(KeywordExecutor.groovy:53)
	at com.kms.katalon.core.webui.keyword.WebUiBuiltInKeywords.click(WebUiBuiltInKeywords.groovy:616)
	at com.kms.katalon.core.webui.keyword.WebUiBuiltInKeywords$click$3.call(Unknown Source)
	at IP Apply.run(IP Apply:20)
	at com.kms.katalon.core.main.ScriptEngine.run(ScriptEngine.java:194)
	at com.kms.katalon.core.main.ScriptEngine.runScriptAsRawText(ScriptEngine.java:119)
	at com.kms.katalon.core.main.TestCaseExecutor.runScript(TestCaseExecutor.java:328)
	at com.kms.katalon.core.main.TestCaseExecutor.doExecute(TestCaseExecutor.java:319)
	at com.kms.katalon.core.main.TestCaseExecutor.processExecutionPhase(TestCaseExecutor.java:298)
	at com.kms.katalon.core.main.TestCaseExecutor.accessMainPhase(TestCaseExecutor.java:290)
	at com.kms.katalon.core.main.TestCaseExecutor.execute(TestCaseExecutor.java:224)
	at com.kms.katalon.core.main.TestSuiteExecutor.accessTestCaseMainPhase(TestSuiteExecutor.java:129)
	at com.kms.katalon.core.main.TestSuiteExecutor.accessTestSuiteMainPhase(TestSuiteExecutor.java:112)
	at com.kms.katalon.core.main.TestSuiteExecutor.execute(TestSuiteExecutor.java:81)
	at com.kms.katalon.core.main.TestCaseMain.startTestSuite(TestCaseMain.java:149)
	at com.kms.katalon.core.main.TestCaseMain$startTestSuite$0.call(Unknown Source)
	at TempTestSuite1550738418733.run(TempTestSuite1550738418733.groovy:36)]]></system-out>
         <system-err><![CDATA[2019-02-21 16:41:12 - [TEST_CASE][FAILED] - Test Cases/All TC/Arranged/0. Full Flow/Training/Approve/IP Apply: Test Cases/All TC/Arranged/0. Full Flow/Training/Approve/IP Apply FAILED.
Reason:
com.kms.katalon.core.exception.StepFailedException: Unable to click on object 'Object Repository/Rizky/IP Apply/Permohonan Latihan-Latihan' (Root cause: org.openqa.selenium.WebDriverException: unknown error: Element <a href="/eisportal/insured/user/training/ipAppTrainingInfo">...</a> is not clickable at point (1023, 139). Other element would receive the click: <ul class="dropdown-menu first-level-menu dropdownhover-bottom animated fadeIn">...</ul>
  (Session info: chrome=72.0.3626.109)
  (Driver info: chromedriver=2.43.600210 (68dcf5eebde37173d4027fa8635e332711d2874a),platform=Windows NT 6.1.7601 SP1 x86_64) (WARNING: The server did not provide any stacktrace information)
Command duration or timeout: 0 milliseconds
Build info: version: '3.7.1', revision: '8a0099a', time: '2017-11-06T21:07:36.161Z'
System info: host: 'WIN7TEST02', ip: '10.20.3.72', os.name: 'Windows 7', os.arch: 'amd64', os.version: '6.1', java.version: '1.8.0_181'
Driver info: com.kms.katalon.selenium.driver.CChromeDriver
Capabilities {acceptInsecureCerts: false, acceptSslCerts: false, applicationCacheEnabled: false, browserConnectionEnabled: false, browserName: chrome, chrome: {chromedriverVersion: 2.43.600210 (68dcf5eebde371..., userDataDir: C:\Users\Admin\AppData\Loca...}, cssSelectorsEnabled: true, databaseEnabled: false, goog:chromeOptions: {debuggerAddress: localhost:60448}, handlesAlerts: true, hasTouchScreen: false, javascriptEnabled: true, locationContextEnabled: true, mobileEmulationEnabled: false, nativeEvents: true, networkConnectionEnabled: false, pageLoadStrategy: normal, platform: XP, platformName: XP, rotatable: false, setWindowRect: true, takesHeapSnapshot: true, takesScreenshot: true, unexpectedAlertBehaviour: , unhandledPromptBehavior: , version: 72.0.3626.109, webStorageEnabled: true}
Session ID: 4f484683fde752dea48cf2989420d4bb)
	at com.kms.katalon.core.keyword.internal.KeywordMain.stepFailed(KeywordMain.groovy:36)
	at com.kms.katalon.core.webui.keyword.internal.WebUIKeywordMain.stepFailed(WebUIKeywordMain.groovy:65)
	at com.kms.katalon.core.webui.keyword.internal.WebUIKeywordMain.runKeyword(WebUIKeywordMain.groovy:27)
	at com.kms.katalon.core.webui.keyword.builtin.ClickKeyword.click(ClickKeyword.groovy:86)
	at com.kms.katalon.core.webui.keyword.builtin.ClickKeyword.execute(ClickKeyword.groovy:67)
	at com.kms.katalon.core.keyword.internal.KeywordExecutor.executeKeywordForPlatform(KeywordExecutor.groovy:53)
	at com.kms.katalon.core.webui.keyword.WebUiBuiltInKeywords.click(WebUiBuiltInKeywords.groovy:616)
	at com.kms.katalon.core.webui.keyword.WebUiBuiltInKeywords$click$3.call(Unknown Source)
	at IP Apply.run(IP Apply:20)
	at com.kms.katalon.core.main.ScriptEngine.run(ScriptEngine.java:194)
	at com.kms.katalon.core.main.ScriptEngine.runScriptAsRawText(ScriptEngine.java:119)
	at com.kms.katalon.core.main.TestCaseExecutor.runScript(TestCaseExecutor.java:328)
	at com.kms.katalon.core.main.TestCaseExecutor.doExecute(TestCaseExecutor.java:319)
	at com.kms.katalon.core.main.TestCaseExecutor.processExecutionPhase(TestCaseExecutor.java:298)
	at com.kms.katalon.core.main.TestCaseExecutor.accessMainPhase(TestCaseExecutor.java:290)
	at com.kms.katalon.core.main.TestCaseExecutor.execute(TestCaseExecutor.java:224)
	at com.kms.katalon.core.main.TestSuiteExecutor.accessTestCaseMainPhase(TestSuiteExecutor.java:129)
	at com.kms.katalon.core.main.TestSuiteExecutor.accessTestSuiteMainPhase(TestSuiteExecutor.java:112)
	at com.kms.katalon.core.main.TestSuiteExecutor.execute(TestSuiteExecutor.java:81)
	at com.kms.katalon.core.main.TestCaseMain.startTestSuite(TestCaseMain.java:149)
	at com.kms.katalon.core.main.TestCaseMain$startTestSuite$0.call(Unknown Source)
	at TempTestSuite1550738418733.run(TempTestSuite1550738418733.groovy:36)]]></system-err>
      </testcase>
      <testcase name="Test Cases/All TC/Arranged/0. Full Flow/Training/Approve/6 KU Search and update date" classname="Test Cases/All TC/Arranged/0. Full Flow/Training/Approve/6 KU Search and update date" status="PASSED">
         <system-out><![CDATA[2019-02-21 16:41:24 - [TEST_CASE][PASSED] - Test Cases/All TC/Arranged/0. Full Flow/Training/Approve/6 KU Search and update date: Test Cases/All TC/Arranged/0. Full Flow/Training/Approve/6 KU Search and update date

2019-02-21 16:41:25 - [TEST_STEP][PASSED] - callTestCase(findTestCase("All TC/Arranged/3. Unit/ES/KU Login"), [:], STOP_ON_FAILURE): Call Test Case 'Test Cases/All TC/Arranged/3. Unit/ES/KU Login' successfully

2019-02-21 16:41:25 - [TEST_CASE][PASSED] - Test Cases/All TC/Arranged/3. Unit/ES/KU Login: Test Cases/All TC/Arranged/3. Unit/ES/KU Login

2019-02-21 16:41:25 - [TEST_STEP][PASSED] - openBrowser(""): Browser is opened with url: ''

2019-02-21 16:41:25 - [MESSAGE][WARNING] - A browser is already opened. Closing browser and opening a new one

2019-02-21 16:41:26 - [MESSAGE][INFO] - Starting 'Chrome' driver

2019-02-21 16:41:26 - [MESSAGE][INFO] - User set preference: ['args', '[--start-maximized]']

2019-02-21 16:41:28 - [MESSAGE][PASSED] - Browser is opened with url: ''

2019-02-21 16:41:28 - [TEST_STEP][PASSED] - navigateToUrl("http://10.20.24.188/eisportal/user/login"): Navigate to 'http://10.20.24.188/eisportal/user/login' successfully

2019-02-21 16:41:29 - [MESSAGE][PASSED] - Navigate to 'http://10.20.24.188/eisportal/user/login' successfully

2019-02-21 16:41:29 - [TEST_STEP][PASSED] - setText(findTestObject("Rizky/ESO Login/input_Terlupa Kata Laluan_j_us"), ""): Text '' is set on object 'Object Repository/Rizky/ESO Login/input_Terlupa Kata Laluan_j_us'

2019-02-21 16:41:29 - [MESSAGE][PASSED] - Text '' is set on object 'Object Repository/Rizky/ESO Login/input_Terlupa Kata Laluan_j_us'

2019-02-21 16:41:29 - [TEST_STEP][PASSED] - setText(findTestObject("Rizky/ESO Login/input_Terlupa Kata Laluan_j_us"), "r.pannir@perkeso.gov.my"): Text 'r.pannir@perkeso.gov.my' is set on object 'Object Repository/Rizky/ESO Login/input_Terlupa Kata Laluan_j_us'

2019-02-21 16:41:30 - [MESSAGE][PASSED] - Text 'r.pannir@perkeso.gov.my' is set on object 'Object Repository/Rizky/ESO Login/input_Terlupa Kata Laluan_j_us'

2019-02-21 16:41:30 - [TEST_STEP][PASSED] - setEncryptedText(findTestObject("Rizky/ESO Login/input_Terlupa Kata Laluan_j_pa"), "CQqwFZlbeC8="): Text ****** has been set on object 'Object Repository/Rizky/ESO Login/input_Terlupa Kata Laluan_j_pa'

2019-02-21 16:41:30 - [MESSAGE][PASSED] - Text ****** has been set on object 'Object Repository/Rizky/ESO Login/input_Terlupa Kata Laluan_j_pa'

2019-02-21 16:41:30 - [TEST_STEP][PASSED] - click(findTestObject("Rizky/ESO Login/input_Terlupa Kata Laluan_logi")): Object: 'Object Repository/Rizky/ESO Login/input_Terlupa Kata Laluan_logi' is clicked on

2019-02-21 16:41:31 - [MESSAGE][PASSED] - Object: 'Object Repository/Rizky/ESO Login/input_Terlupa Kata Laluan_logi' is clicked on

2019-02-21 16:41:31 - [MESSAGE][PASSED] - Call Test Case 'Test Cases/All TC/Arranged/3. Unit/ES/KU Login' successfully

2019-02-21 16:41:31 - [TEST_STEP][PASSED] - click(findTestObject("Rizky/KU Search and update date/Tindakan")): Object: 'Object Repository/Rizky/KU Search and update date/Tindakan' is clicked on

2019-02-21 16:41:31 - [MESSAGE][PASSED] - Object: 'Object Repository/Rizky/KU Search and update date/Tindakan' is clicked on

2019-02-21 16:41:31 - [TEST_STEP][PASSED] - click(findTestObject("Rizky/KU Search and update date/Tindakan-Kemaskini")): Object: 'Object Repository/Rizky/KU Search and update date/Tindakan-Kemaskini' is clicked on

2019-02-21 16:41:32 - [MESSAGE][PASSED] - Object: 'Object Repository/Rizky/KU Search and update date/Tindakan-Kemaskini' is clicked on

2019-02-21 16:41:32 - [TEST_STEP][PASSED] - delay(2): Delayed 2 second(s)

2019-02-21 16:41:34 - [MESSAGE][PASSED] - Delayed 2 second(s)

2019-02-21 16:41:34 - [TEST_STEP][PASSED] - click(findTestObject("Rizky/KU Search and update date/Tarikh Mula")): Object: 'Object Repository/Rizky/KU Search and update date/Tarikh Mula' is clicked on

2019-02-21 16:41:35 - [MESSAGE][PASSED] - Object: 'Object Repository/Rizky/KU Search and update date/Tarikh Mula' is clicked on

2019-02-21 16:41:35 - [TEST_STEP][PASSED] - click(findTestObject("Rizky/KU Search and update date/Tarikh Mula-18")): Object: 'Object Repository/Rizky/KU Search and update date/Tarikh Mula-18' is clicked on

2019-02-21 16:41:35 - [MESSAGE][PASSED] - Object: 'Object Repository/Rizky/KU Search and update date/Tarikh Mula-18' is clicked on

2019-02-21 16:41:35 - [TEST_STEP][NOT_RUN] - click(findTestObject("Rizky/KU Search and update date/Tarikh Mula-Done")): NOT_RUN: click(findTestObject("Rizky/KU Search and update date/Tarikh Mula-Done"))

2019-02-21 16:41:35 - [MESSAGE][NOT_RUN] - NOT_RUN: click(findTestObject("Rizky/KU Search and update date/Tarikh Mula-Done"))

2019-02-21 16:41:35 - [TEST_STEP][PASSED] - click(findTestObject("Rizky/KU Search and update date/Tarikh Tamat")): Object: 'Object Repository/Rizky/KU Search and update date/Tarikh Tamat' is clicked on

2019-02-21 16:41:35 - [MESSAGE][PASSED] - Object: 'Object Repository/Rizky/KU Search and update date/Tarikh Tamat' is clicked on

2019-02-21 16:41:35 - [TEST_STEP][PASSED] - click(findTestObject("Rizky/KU Search and update date/Tarikh Tamat-19")): Object: 'Object Repository/Rizky/KU Search and update date/Tarikh Tamat-19' is clicked on

2019-02-21 16:41:36 - [MESSAGE][PASSED] - Object: 'Object Repository/Rizky/KU Search and update date/Tarikh Tamat-19' is clicked on

2019-02-21 16:41:36 - [TEST_STEP][NOT_RUN] - click(findTestObject("Rizky/KU Search and update date/Tarikh Tamat-Done")): NOT_RUN: click(findTestObject("Rizky/KU Search and update date/Tarikh Tamat-Done"))

2019-02-21 16:41:36 - [MESSAGE][NOT_RUN] - NOT_RUN: click(findTestObject("Rizky/KU Search and update date/Tarikh Tamat-Done"))

2019-02-21 16:41:36 - [TEST_STEP][PASSED] - verifyElementClickable(findTestObject("Rizky/KU Search and update date/Hantar")): Object 'Object Repository/Rizky/KU Search and update date/Hantar' is clickable

2019-02-21 16:41:36 - [MESSAGE][PASSED] - Object 'Object Repository/Rizky/KU Search and update date/Hantar' is clickable]]></system-out>
         <system-err><![CDATA[]]></system-err>
      </testcase>
      <testcase name="Test Cases/All TC/Arranged/0. Full Flow/Training/Approve/5 KU Search and change status to ongoing" classname="Test Cases/All TC/Arranged/0. Full Flow/Training/Approve/5 KU Search and change status to ongoing" status="PASSED">
         <system-out><![CDATA[2019-02-21 16:41:36 - [TEST_CASE][PASSED] - Test Cases/All TC/Arranged/0. Full Flow/Training/Approve/5 KU Search and change status to ongoing: Test Cases/All TC/Arranged/0. Full Flow/Training/Approve/5 KU Search and change status to ongoing

2019-02-21 16:41:36 - [TEST_STEP][PASSED] - callTestCase(findTestCase("All TC/Arranged/3. Unit/ES/KU Login"), [:], STOP_ON_FAILURE): Call Test Case 'Test Cases/All TC/Arranged/3. Unit/ES/KU Login' successfully

2019-02-21 16:41:36 - [TEST_CASE][PASSED] - Test Cases/All TC/Arranged/3. Unit/ES/KU Login: Test Cases/All TC/Arranged/3. Unit/ES/KU Login

2019-02-21 16:41:36 - [TEST_STEP][PASSED] - openBrowser(""): Browser is opened with url: ''

2019-02-21 16:41:36 - [MESSAGE][WARNING] - A browser is already opened. Closing browser and opening a new one

2019-02-21 16:41:37 - [MESSAGE][INFO] - Starting 'Chrome' driver

2019-02-21 16:41:37 - [MESSAGE][INFO] - User set preference: ['args', '[--start-maximized]']

2019-02-21 16:41:39 - [MESSAGE][PASSED] - Browser is opened with url: ''

2019-02-21 16:41:39 - [TEST_STEP][PASSED] - navigateToUrl("http://10.20.24.188/eisportal/user/login"): Navigate to 'http://10.20.24.188/eisportal/user/login' successfully

2019-02-21 16:41:40 - [MESSAGE][PASSED] - Navigate to 'http://10.20.24.188/eisportal/user/login' successfully

2019-02-21 16:41:40 - [TEST_STEP][PASSED] - setText(findTestObject("Rizky/ESO Login/input_Terlupa Kata Laluan_j_us"), ""): Text '' is set on object 'Object Repository/Rizky/ESO Login/input_Terlupa Kata Laluan_j_us'

2019-02-21 16:41:40 - [MESSAGE][PASSED] - Text '' is set on object 'Object Repository/Rizky/ESO Login/input_Terlupa Kata Laluan_j_us'

2019-02-21 16:41:40 - [TEST_STEP][PASSED] - setText(findTestObject("Rizky/ESO Login/input_Terlupa Kata Laluan_j_us"), "r.pannir@perkeso.gov.my"): Text 'r.pannir@perkeso.gov.my' is set on object 'Object Repository/Rizky/ESO Login/input_Terlupa Kata Laluan_j_us'

2019-02-21 16:41:40 - [MESSAGE][PASSED] - Text 'r.pannir@perkeso.gov.my' is set on object 'Object Repository/Rizky/ESO Login/input_Terlupa Kata Laluan_j_us'

2019-02-21 16:41:40 - [TEST_STEP][PASSED] - setEncryptedText(findTestObject("Rizky/ESO Login/input_Terlupa Kata Laluan_j_pa"), "CQqwFZlbeC8="): Text ****** has been set on object 'Object Repository/Rizky/ESO Login/input_Terlupa Kata Laluan_j_pa'

2019-02-21 16:41:40 - [MESSAGE][PASSED] - Text ****** has been set on object 'Object Repository/Rizky/ESO Login/input_Terlupa Kata Laluan_j_pa'

2019-02-21 16:41:40 - [TEST_STEP][PASSED] - click(findTestObject("Rizky/ESO Login/input_Terlupa Kata Laluan_logi")): Object: 'Object Repository/Rizky/ESO Login/input_Terlupa Kata Laluan_logi' is clicked on

2019-02-21 16:41:42 - [MESSAGE][PASSED] - Object: 'Object Repository/Rizky/ESO Login/input_Terlupa Kata Laluan_logi' is clicked on

2019-02-21 16:41:42 - [MESSAGE][PASSED] - Call Test Case 'Test Cases/All TC/Arranged/3. Unit/ES/KU Login' successfully

2019-02-21 16:41:42 - [TEST_STEP][PASSED] - click(findTestObject("Rizky/KU Search and change status to ongoing/Tindakan")): Object: 'Object Repository/Rizky/KU Search and change status to ongoing/Tindakan' is clicked on

2019-02-21 16:41:42 - [MESSAGE][PASSED] - Object: 'Object Repository/Rizky/KU Search and change status to ongoing/Tindakan' is clicked on

2019-02-21 16:41:42 - [TEST_STEP][PASSED] - click(findTestObject("Rizky/KU Search and change status to ongoing/Tindakan-Kemaskini")): Object: 'Object Repository/Rizky/KU Search and change status to ongoing/Tindakan-Kemaskini' is clicked on

2019-02-21 16:41:43 - [MESSAGE][PASSED] - Object: 'Object Repository/Rizky/KU Search and change status to ongoing/Tindakan-Kemaskini' is clicked on

2019-02-21 16:41:43 - [TEST_STEP][PASSED] - delay(2): Delayed 2 second(s)

2019-02-21 16:41:45 - [MESSAGE][PASSED] - Delayed 2 second(s)

2019-02-21 16:41:45 - [TEST_STEP][PASSED] - click(findTestObject("Rizky/KU Search and change status to ongoing/Kes Baru")): Object: 'Object Repository/Rizky/KU Search and change status to ongoing/Kes Baru' is clicked on

2019-02-21 16:41:45 - [MESSAGE][PASSED] - Object: 'Object Repository/Rizky/KU Search and change status to ongoing/Kes Baru' is clicked on

2019-02-21 16:41:45 - [TEST_STEP][PASSED] - click(findTestObject("Rizky/KU Search and change status to ongoing/Kes Baru-Sedang Berkursus")): Object: 'Object Repository/Rizky/KU Search and change status to ongoing/Kes Baru-Sedang Berkursus' is clicked on

2019-02-21 16:41:46 - [MESSAGE][PASSED] - Object: 'Object Repository/Rizky/KU Search and change status to ongoing/Kes Baru-Sedang Berkursus' is clicked on

2019-02-21 16:41:46 - [TEST_STEP][PASSED] - verifyElementClickable(findTestObject("Rizky/KU Search and change status to ongoing/Hantar")): Object 'Object Repository/Rizky/KU Search and change status to ongoing/Hantar' is clickable

2019-02-21 16:41:46 - [MESSAGE][PASSED] - Object 'Object Repository/Rizky/KU Search and change status to ongoing/Hantar' is clickable]]></system-out>
         <system-err><![CDATA[]]></system-err>
      </testcase>
      <testcase name="Test Cases/All TC/Arranged/0. Full Flow/Training/Approve/4 KU Search and Approve" classname="Test Cases/All TC/Arranged/0. Full Flow/Training/Approve/4 KU Search and Approve" status="PASSED">
         <system-out><![CDATA[2019-02-21 16:41:46 - [TEST_CASE][PASSED] - Test Cases/All TC/Arranged/0. Full Flow/Training/Approve/4 KU Search and Approve: Test Cases/All TC/Arranged/0. Full Flow/Training/Approve/4 KU Search and Approve

2019-02-21 16:41:46 - [TEST_STEP][PASSED] - callTestCase(findTestCase("All TC/Arranged/3. Unit/ES/KU Login"), [:], STOP_ON_FAILURE): Call Test Case 'Test Cases/All TC/Arranged/3. Unit/ES/KU Login' successfully

2019-02-21 16:41:46 - [TEST_CASE][PASSED] - Test Cases/All TC/Arranged/3. Unit/ES/KU Login: Test Cases/All TC/Arranged/3. Unit/ES/KU Login

2019-02-21 16:41:46 - [TEST_STEP][PASSED] - openBrowser(""): Browser is opened with url: ''

2019-02-21 16:41:46 - [MESSAGE][WARNING] - A browser is already opened. Closing browser and opening a new one

2019-02-21 16:41:47 - [MESSAGE][INFO] - Starting 'Chrome' driver

2019-02-21 16:41:47 - [MESSAGE][INFO] - User set preference: ['args', '[--start-maximized]']

2019-02-21 16:41:49 - [MESSAGE][PASSED] - Browser is opened with url: ''

2019-02-21 16:41:49 - [TEST_STEP][PASSED] - navigateToUrl("http://10.20.24.188/eisportal/user/login"): Navigate to 'http://10.20.24.188/eisportal/user/login' successfully

2019-02-21 16:41:50 - [MESSAGE][PASSED] - Navigate to 'http://10.20.24.188/eisportal/user/login' successfully

2019-02-21 16:41:50 - [TEST_STEP][PASSED] - setText(findTestObject("Rizky/ESO Login/input_Terlupa Kata Laluan_j_us"), ""): Text '' is set on object 'Object Repository/Rizky/ESO Login/input_Terlupa Kata Laluan_j_us'

2019-02-21 16:41:50 - [MESSAGE][PASSED] - Text '' is set on object 'Object Repository/Rizky/ESO Login/input_Terlupa Kata Laluan_j_us'

2019-02-21 16:41:50 - [TEST_STEP][PASSED] - setText(findTestObject("Rizky/ESO Login/input_Terlupa Kata Laluan_j_us"), "r.pannir@perkeso.gov.my"): Text 'r.pannir@perkeso.gov.my' is set on object 'Object Repository/Rizky/ESO Login/input_Terlupa Kata Laluan_j_us'

2019-02-21 16:41:50 - [MESSAGE][PASSED] - Text 'r.pannir@perkeso.gov.my' is set on object 'Object Repository/Rizky/ESO Login/input_Terlupa Kata Laluan_j_us'

2019-02-21 16:41:50 - [TEST_STEP][PASSED] - setEncryptedText(findTestObject("Rizky/ESO Login/input_Terlupa Kata Laluan_j_pa"), "CQqwFZlbeC8="): Text ****** has been set on object 'Object Repository/Rizky/ESO Login/input_Terlupa Kata Laluan_j_pa'

2019-02-21 16:41:50 - [MESSAGE][PASSED] - Text ****** has been set on object 'Object Repository/Rizky/ESO Login/input_Terlupa Kata Laluan_j_pa'

2019-02-21 16:41:50 - [TEST_STEP][PASSED] - click(findTestObject("Rizky/ESO Login/input_Terlupa Kata Laluan_logi")): Object: 'Object Repository/Rizky/ESO Login/input_Terlupa Kata Laluan_logi' is clicked on

2019-02-21 16:41:52 - [MESSAGE][PASSED] - Object: 'Object Repository/Rizky/ESO Login/input_Terlupa Kata Laluan_logi' is clicked on

2019-02-21 16:41:52 - [MESSAGE][PASSED] - Call Test Case 'Test Cases/All TC/Arranged/3. Unit/ES/KU Login' successfully

2019-02-21 16:41:52 - [TEST_STEP][PASSED] - click(findTestObject("Rizky/KU Search and Approve/Tindakan")): Object: 'Object Repository/Rizky/KU Search and Approve/Tindakan' is clicked on

2019-02-21 16:41:52 - [MESSAGE][PASSED] - Object: 'Object Repository/Rizky/KU Search and Approve/Tindakan' is clicked on

2019-02-21 16:41:52 - [TEST_STEP][PASSED] - click(findTestObject("Rizky/KU Search and Approve/Tindakan-Kemaskini")): Object: 'Object Repository/Rizky/KU Search and Approve/Tindakan-Kemaskini' is clicked on

2019-02-21 16:41:53 - [MESSAGE][PASSED] - Object: 'Object Repository/Rizky/KU Search and Approve/Tindakan-Kemaskini' is clicked on

2019-02-21 16:41:53 - [TEST_STEP][PASSED] - delay(2): Delayed 2 second(s)

2019-02-21 16:41:55 - [MESSAGE][PASSED] - Delayed 2 second(s)

2019-02-21 16:41:55 - [TEST_STEP][NOT_RUN] - click(findTestObject("Rizky/KU Search and Approve/Jenis Kelulusan")): NOT_RUN: click(findTestObject("Rizky/KU Search and Approve/Jenis Kelulusan"))

2019-02-21 16:41:55 - [MESSAGE][NOT_RUN] - NOT_RUN: click(findTestObject("Rizky/KU Search and Approve/Jenis Kelulusan"))

2019-02-21 16:41:55 - [TEST_STEP][NOT_RUN] - click(findTestObject("Rizky/KU Search and Approve/Jenis Kelulusan-Lulus")): NOT_RUN: click(findTestObject("Rizky/KU Search and Approve/Jenis Kelulusan-Lulus"))

2019-02-21 16:41:55 - [MESSAGE][NOT_RUN] - NOT_RUN: click(findTestObject("Rizky/KU Search and Approve/Jenis Kelulusan-Lulus"))

2019-02-21 16:41:55 - [TEST_STEP][NOT_RUN] - setText(findTestObject("Rizky/KU Search and Approve/Catatan Ketua Unit Vokasional"), "abcd"): NOT_RUN: setText(findTestObject("Rizky/KU Search and Approve/Catatan Ketua Unit Vokasional"), "abcd")

2019-02-21 16:41:55 - [MESSAGE][NOT_RUN] - NOT_RUN: setText(findTestObject("Rizky/KU Search and Approve/Catatan Ketua Unit Vokasional"), "abcd")

2019-02-21 16:41:55 - [TEST_STEP][PASSED] - click(findTestObject("Rizky/KU Search and Approve/Kes Baru")): Object: 'Object Repository/Rizky/KU Search and Approve/Kes Baru' is clicked on

2019-02-21 16:41:55 - [MESSAGE][PASSED] - Object: 'Object Repository/Rizky/KU Search and Approve/Kes Baru' is clicked on

2019-02-21 16:41:55 - [TEST_STEP][PASSED] - click(findTestObject("Rizky/KU Search and Approve/Kes Baru-Sedang Berkursus")): Object: 'Object Repository/Rizky/KU Search and Approve/Kes Baru-Sedang Berkursus' is clicked on

2019-02-21 16:41:55 - [MESSAGE][PASSED] - Object: 'Object Repository/Rizky/KU Search and Approve/Kes Baru-Sedang Berkursus' is clicked on

2019-02-21 16:41:55 - [TEST_STEP][PASSED] - click(findTestObject("Rizky/KU Search and Approve/Tarikh Mula")): Object: 'Object Repository/Rizky/KU Search and Approve/Tarikh Mula' is clicked on

2019-02-21 16:41:56 - [MESSAGE][PASSED] - Object: 'Object Repository/Rizky/KU Search and Approve/Tarikh Mula' is clicked on

2019-02-21 16:41:56 - [TEST_STEP][PASSED] - click(findTestObject("Rizky/KU Search and Approve/Tarikh Mula-18")): Object: 'Object Repository/Rizky/KU Search and Approve/Tarikh Mula-18' is clicked on

2019-02-21 16:41:56 - [MESSAGE][PASSED] - Object: 'Object Repository/Rizky/KU Search and Approve/Tarikh Mula-18' is clicked on

2019-02-21 16:41:56 - [TEST_STEP][NOT_RUN] - click(findTestObject("Rizky/KU Search and Approve/Tarikh Mula-Done")): NOT_RUN: click(findTestObject("Rizky/KU Search and Approve/Tarikh Mula-Done"))

2019-02-21 16:41:56 - [MESSAGE][NOT_RUN] - NOT_RUN: click(findTestObject("Rizky/KU Search and Approve/Tarikh Mula-Done"))

2019-02-21 16:41:56 - [TEST_STEP][PASSED] - click(findTestObject("Rizky/KU Search and Approve/Tarikh Tamat")): Object: 'Object Repository/Rizky/KU Search and Approve/Tarikh Tamat' is clicked on

2019-02-21 16:41:56 - [MESSAGE][PASSED] - Object: 'Object Repository/Rizky/KU Search and Approve/Tarikh Tamat' is clicked on

2019-02-21 16:41:56 - [TEST_STEP][PASSED] - click(findTestObject("Rizky/KU Search and Approve/Tarikh Tamat-19")): Object: 'Object Repository/Rizky/KU Search and Approve/Tarikh Tamat-19' is clicked on

2019-02-21 16:41:57 - [MESSAGE][PASSED] - Object: 'Object Repository/Rizky/KU Search and Approve/Tarikh Tamat-19' is clicked on

2019-02-21 16:41:57 - [TEST_STEP][NOT_RUN] - click(findTestObject("Rizky/KU Search and Approve/Tarikh Tamat-Done")): NOT_RUN: click(findTestObject("Rizky/KU Search and Approve/Tarikh Tamat-Done"))

2019-02-21 16:41:57 - [MESSAGE][NOT_RUN] - NOT_RUN: click(findTestObject("Rizky/KU Search and Approve/Tarikh Tamat-Done"))

2019-02-21 16:41:57 - [TEST_STEP][PASSED] - verifyElementClickable(findTestObject("Rizky/KU Search and Approve/Hantar")): Object 'Object Repository/Rizky/KU Search and Approve/Hantar' is clickable

2019-02-21 16:41:57 - [MESSAGE][PASSED] - Object 'Object Repository/Rizky/KU Search and Approve/Hantar' is clickable]]></system-out>
         <system-err><![CDATA[]]></system-err>
      </testcase>
      <testcase name="Test Cases/All TC/Arranged/0. Full Flow/Training/Approve/3v2 VO Seach and Reject" classname="Test Cases/All TC/Arranged/0. Full Flow/Training/Approve/3v2 VO Seach and Reject" status="PASSED">
         <system-out><![CDATA[2019-02-21 16:41:57 - [TEST_CASE][PASSED] - Test Cases/All TC/Arranged/0. Full Flow/Training/Approve/3v2 VO Seach and Reject: Test Cases/All TC/Arranged/0. Full Flow/Training/Approve/3v2 VO Seach and Reject

2019-02-21 16:41:57 - [TEST_STEP][PASSED] - callTestCase(findTestCase("All TC/Arranged/3. Unit/ES/VO Login"), [:], STOP_ON_FAILURE): Call Test Case 'Test Cases/All TC/Arranged/3. Unit/ES/VO Login' successfully

2019-02-21 16:41:57 - [TEST_CASE][PASSED] - Test Cases/All TC/Arranged/3. Unit/ES/VO Login: Test Cases/All TC/Arranged/3. Unit/ES/VO Login

2019-02-21 16:41:57 - [TEST_STEP][PASSED] - openBrowser(""): Browser is opened with url: ''

2019-02-21 16:41:57 - [MESSAGE][WARNING] - A browser is already opened. Closing browser and opening a new one

2019-02-21 16:41:58 - [MESSAGE][INFO] - Starting 'Chrome' driver

2019-02-21 16:41:58 - [MESSAGE][INFO] - User set preference: ['args', '[--start-maximized]']

2019-02-21 16:42:00 - [MESSAGE][PASSED] - Browser is opened with url: ''

2019-02-21 16:42:00 - [TEST_STEP][PASSED] - navigateToUrl("http://10.20.24.188/eisportal/user/login"): Navigate to 'http://10.20.24.188/eisportal/user/login' successfully

2019-02-21 16:42:01 - [MESSAGE][PASSED] - Navigate to 'http://10.20.24.188/eisportal/user/login' successfully

2019-02-21 16:42:01 - [TEST_STEP][PASSED] - setText(findTestObject("Rizky/ESO Login/input_Terlupa Kata Laluan_j_us"), ""): Text '' is set on object 'Object Repository/Rizky/ESO Login/input_Terlupa Kata Laluan_j_us'

2019-02-21 16:42:01 - [MESSAGE][PASSED] - Text '' is set on object 'Object Repository/Rizky/ESO Login/input_Terlupa Kata Laluan_j_us'

2019-02-21 16:42:01 - [TEST_STEP][PASSED] - setText(findTestObject("Rizky/ESO Login/input_Terlupa Kata Laluan_j_us"), "nuramalina.zukri@perkeso.gov.my"): Text 'nuramalina.zukri@perkeso.gov.my' is set on object 'Object Repository/Rizky/ESO Login/input_Terlupa Kata Laluan_j_us'

2019-02-21 16:42:02 - [MESSAGE][PASSED] - Text 'nuramalina.zukri@perkeso.gov.my' is set on object 'Object Repository/Rizky/ESO Login/input_Terlupa Kata Laluan_j_us'

2019-02-21 16:42:02 - [TEST_STEP][PASSED] - setEncryptedText(findTestObject("Rizky/ESO Login/input_Terlupa Kata Laluan_j_pa"), "CQqwFZlbeC8="): Text ****** has been set on object 'Object Repository/Rizky/ESO Login/input_Terlupa Kata Laluan_j_pa'

2019-02-21 16:42:03 - [MESSAGE][PASSED] - Text ****** has been set on object 'Object Repository/Rizky/ESO Login/input_Terlupa Kata Laluan_j_pa'

2019-02-21 16:42:03 - [TEST_STEP][PASSED] - click(findTestObject("Rizky/ESO Login/input_Terlupa Kata Laluan_logi")): Object: 'Object Repository/Rizky/ESO Login/input_Terlupa Kata Laluan_logi' is clicked on

2019-02-21 16:42:04 - [MESSAGE][PASSED] - Object: 'Object Repository/Rizky/ESO Login/input_Terlupa Kata Laluan_logi' is clicked on

2019-02-21 16:42:04 - [MESSAGE][PASSED] - Call Test Case 'Test Cases/All TC/Arranged/3. Unit/ES/VO Login' successfully

2019-02-21 16:42:04 - [TEST_STEP][PASSED] - delay(2): Delayed 2 second(s)

2019-02-21 16:42:06 - [MESSAGE][PASSED] - Delayed 2 second(s)

2019-02-21 16:42:06 - [TEST_STEP][PASSED] - click(findTestObject("Rizky/VO Search and Reject/Tindakan")): Object: 'Object Repository/Rizky/VO Search and Reject/Tindakan' is clicked on

2019-02-21 16:42:06 - [MESSAGE][PASSED] - Object: 'Object Repository/Rizky/VO Search and Reject/Tindakan' is clicked on

2019-02-21 16:42:06 - [TEST_STEP][PASSED] - click(findTestObject("Rizky/VO Search and Reject/Tindakan-Kemaskini")): Object: 'Object Repository/Rizky/VO Search and Reject/Tindakan-Kemaskini' is clicked on

2019-02-21 16:42:07 - [MESSAGE][PASSED] - Object: 'Object Repository/Rizky/VO Search and Reject/Tindakan-Kemaskini' is clicked on

2019-02-21 16:42:07 - [TEST_STEP][PASSED] - delay(2): Delayed 2 second(s)

2019-02-21 16:42:09 - [MESSAGE][PASSED] - Delayed 2 second(s)

2019-02-21 16:42:09 - [TEST_STEP][PASSED] - click(findTestObject("Rizky/VO Search and Reject/Jenis Keputusan")): Object: 'Object Repository/Rizky/VO Search and Reject/Jenis Keputusan' is clicked on

2019-02-21 16:42:09 - [MESSAGE][PASSED] - Object: 'Object Repository/Rizky/VO Search and Reject/Jenis Keputusan' is clicked on

2019-02-21 16:42:09 - [TEST_STEP][PASSED] - click(findTestObject("Rizky/VO Search and Reject/Jenis Keputusan-Maklumat Tidak Lengkap  Han")): Object: 'Object Repository/Rizky/VO Search and Reject/Jenis Keputusan-Maklumat Tidak Lengkap  Han' is clicked on

2019-02-21 16:42:10 - [MESSAGE][PASSED] - Object: 'Object Repository/Rizky/VO Search and Reject/Jenis Keputusan-Maklumat Tidak Lengkap  Han' is clicked on

2019-02-21 16:42:10 - [TEST_STEP][PASSED] - setText(findTestObject("Rizky/VO Search and Reject/Catatan Pegawai Vokasional (Ibu Pejabat)"), "abc"): Text 'abc' is set on object 'Object Repository/Rizky/VO Search and Reject/Catatan Pegawai Vokasional (Ibu Pejabat)'

2019-02-21 16:42:10 - [MESSAGE][PASSED] - Text 'abc' is set on object 'Object Repository/Rizky/VO Search and Reject/Catatan Pegawai Vokasional (Ibu Pejabat)'

2019-02-21 16:42:10 - [TEST_STEP][PASSED] - delay(2): Delayed 2 second(s)

2019-02-21 16:42:12 - [MESSAGE][PASSED] - Delayed 2 second(s)

2019-02-21 16:42:12 - [TEST_STEP][PASSED] - verifyElementClickable(findTestObject("Rizky/VO Search and Reject/Hantar")): Object 'Object Repository/Rizky/VO Search and Reject/Hantar' is clickable

2019-02-21 16:42:12 - [MESSAGE][PASSED] - Object 'Object Repository/Rizky/VO Search and Reject/Hantar' is clickable]]></system-out>
         <system-err><![CDATA[]]></system-err>
      </testcase>
      <testcase name="Test Cases/All TC/Arranged/0. Full Flow/Training/Approve/3 VO Seach and Approve" classname="Test Cases/All TC/Arranged/0. Full Flow/Training/Approve/3 VO Seach and Approve" status="PASSED">
         <system-out><![CDATA[2019-02-21 16:42:12 - [TEST_CASE][PASSED] - Test Cases/All TC/Arranged/0. Full Flow/Training/Approve/3 VO Seach and Approve: Test Cases/All TC/Arranged/0. Full Flow/Training/Approve/3 VO Seach and Approve

2019-02-21 16:42:12 - [TEST_STEP][PASSED] - callTestCase(findTestCase("All TC/Arranged/3. Unit/ES/VO Login"), [:], STOP_ON_FAILURE): Call Test Case 'Test Cases/All TC/Arranged/3. Unit/ES/VO Login' successfully

2019-02-21 16:42:12 - [TEST_CASE][PASSED] - Test Cases/All TC/Arranged/3. Unit/ES/VO Login: Test Cases/All TC/Arranged/3. Unit/ES/VO Login

2019-02-21 16:42:12 - [TEST_STEP][PASSED] - openBrowser(""): Browser is opened with url: ''

2019-02-21 16:42:12 - [MESSAGE][WARNING] - A browser is already opened. Closing browser and opening a new one

2019-02-21 16:42:13 - [MESSAGE][INFO] - Starting 'Chrome' driver

2019-02-21 16:42:13 - [MESSAGE][INFO] - User set preference: ['args', '[--start-maximized]']

2019-02-21 16:42:15 - [MESSAGE][PASSED] - Browser is opened with url: ''

2019-02-21 16:42:15 - [TEST_STEP][PASSED] - navigateToUrl("http://10.20.24.188/eisportal/user/login"): Navigate to 'http://10.20.24.188/eisportal/user/login' successfully

2019-02-21 16:42:16 - [MESSAGE][PASSED] - Navigate to 'http://10.20.24.188/eisportal/user/login' successfully

2019-02-21 16:42:16 - [TEST_STEP][PASSED] - setText(findTestObject("Rizky/ESO Login/input_Terlupa Kata Laluan_j_us"), ""): Text '' is set on object 'Object Repository/Rizky/ESO Login/input_Terlupa Kata Laluan_j_us'

2019-02-21 16:42:16 - [MESSAGE][PASSED] - Text '' is set on object 'Object Repository/Rizky/ESO Login/input_Terlupa Kata Laluan_j_us'

2019-02-21 16:42:16 - [TEST_STEP][PASSED] - setText(findTestObject("Rizky/ESO Login/input_Terlupa Kata Laluan_j_us"), "nuramalina.zukri@perkeso.gov.my"): Text 'nuramalina.zukri@perkeso.gov.my' is set on object 'Object Repository/Rizky/ESO Login/input_Terlupa Kata Laluan_j_us'

2019-02-21 16:42:17 - [MESSAGE][PASSED] - Text 'nuramalina.zukri@perkeso.gov.my' is set on object 'Object Repository/Rizky/ESO Login/input_Terlupa Kata Laluan_j_us'

2019-02-21 16:42:17 - [TEST_STEP][PASSED] - setEncryptedText(findTestObject("Rizky/ESO Login/input_Terlupa Kata Laluan_j_pa"), "CQqwFZlbeC8="): Text ****** has been set on object 'Object Repository/Rizky/ESO Login/input_Terlupa Kata Laluan_j_pa'

2019-02-21 16:42:17 - [MESSAGE][PASSED] - Text ****** has been set on object 'Object Repository/Rizky/ESO Login/input_Terlupa Kata Laluan_j_pa'

2019-02-21 16:42:17 - [TEST_STEP][PASSED] - click(findTestObject("Rizky/ESO Login/input_Terlupa Kata Laluan_logi")): Object: 'Object Repository/Rizky/ESO Login/input_Terlupa Kata Laluan_logi' is clicked on

2019-02-21 16:42:18 - [MESSAGE][PASSED] - Object: 'Object Repository/Rizky/ESO Login/input_Terlupa Kata Laluan_logi' is clicked on

2019-02-21 16:42:18 - [MESSAGE][PASSED] - Call Test Case 'Test Cases/All TC/Arranged/3. Unit/ES/VO Login' successfully

2019-02-21 16:42:18 - [TEST_STEP][PASSED] - delay(2): Delayed 2 second(s)

2019-02-21 16:42:20 - [MESSAGE][PASSED] - Delayed 2 second(s)

2019-02-21 16:42:20 - [TEST_STEP][PASSED] - click(findTestObject("Rizky/VO Search and Aprove/Tindakan")): Object: 'Object Repository/Rizky/VO Search and Aprove/Tindakan' is clicked on

2019-02-21 16:42:20 - [MESSAGE][PASSED] - Object: 'Object Repository/Rizky/VO Search and Aprove/Tindakan' is clicked on

2019-02-21 16:42:20 - [TEST_STEP][PASSED] - click(findTestObject("Rizky/VO Search and Aprove/Tindakan-Kemaskini")): Object: 'Object Repository/Rizky/VO Search and Aprove/Tindakan-Kemaskini' is clicked on

2019-02-21 16:42:21 - [MESSAGE][PASSED] - Object: 'Object Repository/Rizky/VO Search and Aprove/Tindakan-Kemaskini' is clicked on

2019-02-21 16:42:21 - [TEST_STEP][PASSED] - delay(2): Delayed 2 second(s)

2019-02-21 16:42:23 - [MESSAGE][PASSED] - Delayed 2 second(s)

2019-02-21 16:42:23 - [TEST_STEP][PASSED] - click(findTestObject("Rizky/VO Search and Aprove/Jenis Keputusan")): Object: 'Object Repository/Rizky/VO Search and Aprove/Jenis Keputusan' is clicked on

2019-02-21 16:42:24 - [MESSAGE][PASSED] - Object: 'Object Repository/Rizky/VO Search and Aprove/Jenis Keputusan' is clicked on

2019-02-21 16:42:24 - [TEST_STEP][PASSED] - click(findTestObject("Rizky/VO Search and Aprove/Jenis Keputusan-Maklumat Lengkap")): Object: 'Object Repository/Rizky/VO Search and Aprove/Jenis Keputusan-Maklumat Lengkap' is clicked on

2019-02-21 16:42:24 - [MESSAGE][PASSED] - Object: 'Object Repository/Rizky/VO Search and Aprove/Jenis Keputusan-Maklumat Lengkap' is clicked on

2019-02-21 16:42:24 - [TEST_STEP][PASSED] - setText(findTestObject("Rizky/VO Search and Aprove/Catatan Pegawai Vokasional (Ibu Pejabat)"), "abc"): Text 'abc' is set on object 'Object Repository/Rizky/VO Search and Aprove/Catatan Pegawai Vokasional (Ibu Pejabat)'

2019-02-21 16:42:24 - [MESSAGE][PASSED] - Text 'abc' is set on object 'Object Repository/Rizky/VO Search and Aprove/Catatan Pegawai Vokasional (Ibu Pejabat)'

2019-02-21 16:42:24 - [TEST_STEP][PASSED] - delay(2): Delayed 2 second(s)

2019-02-21 16:42:26 - [MESSAGE][PASSED] - Delayed 2 second(s)

2019-02-21 16:42:26 - [TEST_STEP][PASSED] - verifyElementClickable(findTestObject("Rizky/VO Search and Aprove/Hantar")): Object 'Object Repository/Rizky/VO Search and Aprove/Hantar' is clickable

2019-02-21 16:42:26 - [MESSAGE][PASSED] - Object 'Object Repository/Rizky/VO Search and Aprove/Hantar' is clickable]]></system-out>
         <system-err><![CDATA[]]></system-err>
      </testcase>
      <testcase name="Test Cases/All TC/Arranged/0. Full Flow/Training/Approve/2v2 SEO Search and Reject" classname="Test Cases/All TC/Arranged/0. Full Flow/Training/Approve/2v2 SEO Search and Reject" status="PASSED">
         <system-out><![CDATA[2019-02-21 16:42:26 - [TEST_CASE][PASSED] - Test Cases/All TC/Arranged/0. Full Flow/Training/Approve/2v2 SEO Search and Reject: Test Cases/All TC/Arranged/0. Full Flow/Training/Approve/2v2 SEO Search and Reject

2019-02-21 16:42:26 - [TEST_STEP][PASSED] - callTestCase(findTestCase("All TC/Arranged/3. Unit/ES/SEO Login"), [:], STOP_ON_FAILURE): Call Test Case 'Test Cases/All TC/Arranged/3. Unit/ES/SEO Login' successfully

2019-02-21 16:42:27 - [TEST_CASE][PASSED] - Test Cases/All TC/Arranged/3. Unit/ES/SEO Login: Test Cases/All TC/Arranged/3. Unit/ES/SEO Login

2019-02-21 16:42:27 - [TEST_STEP][PASSED] - openBrowser(""): Browser is opened with url: ''

2019-02-21 16:42:27 - [MESSAGE][WARNING] - A browser is already opened. Closing browser and opening a new one

2019-02-21 16:42:27 - [MESSAGE][INFO] - Starting 'Chrome' driver

2019-02-21 16:42:27 - [MESSAGE][INFO] - User set preference: ['args', '[--start-maximized]']

2019-02-21 16:42:30 - [MESSAGE][PASSED] - Browser is opened with url: ''

2019-02-21 16:42:30 - [TEST_STEP][PASSED] - navigateToUrl("http://10.20.24.188/eisportal/user/login"): Navigate to 'http://10.20.24.188/eisportal/user/login' successfully

2019-02-21 16:42:30 - [MESSAGE][PASSED] - Navigate to 'http://10.20.24.188/eisportal/user/login' successfully

2019-02-21 16:42:30 - [TEST_STEP][PASSED] - setText(findTestObject("Rizky/ESO Login/input_Terlupa Kata Laluan_j_us"), ""): Text '' is set on object 'Object Repository/Rizky/ESO Login/input_Terlupa Kata Laluan_j_us'

2019-02-21 16:42:31 - [MESSAGE][PASSED] - Text '' is set on object 'Object Repository/Rizky/ESO Login/input_Terlupa Kata Laluan_j_us'

2019-02-21 16:42:31 - [TEST_STEP][PASSED] - setText(findTestObject("Rizky/ESO Login/input_Terlupa Kata Laluan_j_us"), "klseo5@perkeso.gov.my"): Text 'klseo5@perkeso.gov.my' is set on object 'Object Repository/Rizky/ESO Login/input_Terlupa Kata Laluan_j_us'

2019-02-21 16:42:31 - [MESSAGE][PASSED] - Text 'klseo5@perkeso.gov.my' is set on object 'Object Repository/Rizky/ESO Login/input_Terlupa Kata Laluan_j_us'

2019-02-21 16:42:31 - [TEST_STEP][PASSED] - setEncryptedText(findTestObject("Rizky/ESO Login/input_Terlupa Kata Laluan_j_pa"), "CQqwFZlbeC8="): Text ****** has been set on object 'Object Repository/Rizky/ESO Login/input_Terlupa Kata Laluan_j_pa'

2019-02-21 16:42:31 - [MESSAGE][PASSED] - Text ****** has been set on object 'Object Repository/Rizky/ESO Login/input_Terlupa Kata Laluan_j_pa'

2019-02-21 16:42:31 - [TEST_STEP][PASSED] - click(findTestObject("Rizky/ESO Login/input_Terlupa Kata Laluan_logi")): Object: 'Object Repository/Rizky/ESO Login/input_Terlupa Kata Laluan_logi' is clicked on

2019-02-21 16:42:32 - [MESSAGE][PASSED] - Object: 'Object Repository/Rizky/ESO Login/input_Terlupa Kata Laluan_logi' is clicked on

2019-02-21 16:42:32 - [MESSAGE][PASSED] - Call Test Case 'Test Cases/All TC/Arranged/3. Unit/ES/SEO Login' successfully

2019-02-21 16:42:32 - [TEST_STEP][PASSED] - click(findTestObject("Rizky/SEO Search and Reject/LATIHAN")): Object: 'Object Repository/Rizky/SEO Search and Reject/LATIHAN' is clicked on

2019-02-21 16:42:33 - [MESSAGE][PASSED] - Object: 'Object Repository/Rizky/SEO Search and Reject/LATIHAN' is clicked on

2019-02-21 16:42:33 - [TEST_STEP][PASSED] - click(findTestObject("Rizky/SEO Search and Reject/Tindakan")): Object: 'Object Repository/Rizky/SEO Search and Reject/Tindakan' is clicked on

2019-02-21 16:42:33 - [MESSAGE][PASSED] - Object: 'Object Repository/Rizky/SEO Search and Reject/Tindakan' is clicked on

2019-02-21 16:42:33 - [TEST_STEP][PASSED] - click(findTestObject("Rizky/SEO Search and Reject/Kemaskini")): Object: 'Object Repository/Rizky/SEO Search and Reject/Kemaskini' is clicked on

2019-02-21 16:42:34 - [MESSAGE][PASSED] - Object: 'Object Repository/Rizky/SEO Search and Reject/Kemaskini' is clicked on

2019-02-21 16:42:34 - [TEST_STEP][PASSED] - delay(2): Delayed 2 second(s)

2019-02-21 16:42:36 - [MESSAGE][PASSED] - Delayed 2 second(s)

2019-02-21 16:42:36 - [TEST_STEP][PASSED] - click(findTestObject("Rizky/SEO Search and Reject/Jenis Pengesyoran")): Object: 'Object Repository/Rizky/SEO Search and Reject/Jenis Pengesyoran' is clicked on

2019-02-21 16:42:37 - [MESSAGE][PASSED] - Object: 'Object Repository/Rizky/SEO Search and Reject/Jenis Pengesyoran' is clicked on

2019-02-21 16:42:37 - [TEST_STEP][PASSED] - click(findTestObject("Rizky/SEO Search and Reject/Jenis Pengesyoran-Lain-lain  Hantar Semula")): Object: 'Object Repository/Rizky/SEO Search and Reject/Jenis Pengesyoran-Lain-lain  Hantar Semula' is clicked on

2019-02-21 16:42:37 - [MESSAGE][PASSED] - Object: 'Object Repository/Rizky/SEO Search and Reject/Jenis Pengesyoran-Lain-lain  Hantar Semula' is clicked on

2019-02-21 16:42:37 - [TEST_STEP][PASSED] - setText(findTestObject("Rizky/SEO Search and Reject/Jika Pilih Lain Sila Nyatakan"), "lain lain"): Text 'lain lain' is set on object 'Object Repository/Rizky/SEO Search and Reject/Jika Pilih Lain Sila Nyatakan'

2019-02-21 16:42:37 - [MESSAGE][PASSED] - Text 'lain lain' is set on object 'Object Repository/Rizky/SEO Search and Reject/Jika Pilih Lain Sila Nyatakan'

2019-02-21 16:42:37 - [TEST_STEP][PASSED] - setText(findTestObject("Rizky/SEO Search and Reject/Catatan Negeri Pegawai Pekerjaan Kanan  Catatan Pegawai Negeri Pekerjaan Kanan"), "abc"): Text 'abc' is set on object 'Object Repository/Rizky/SEO Search and Reject/Catatan Negeri Pegawai Pekerjaan Kanan  Catatan Pegawai Negeri Pekerjaan Kanan'

2019-02-21 16:42:37 - [MESSAGE][PASSED] - Text 'abc' is set on object 'Object Repository/Rizky/SEO Search and Reject/Catatan Negeri Pegawai Pekerjaan Kanan  Catatan Pegawai Negeri Pekerjaan Kanan'

2019-02-21 16:42:37 - [TEST_STEP][PASSED] - verifyElementClickable(findTestObject("Rizky/SEO Search and Reject/Hantar")): Object 'Object Repository/Rizky/SEO Search and Reject/Hantar' is clickable

2019-02-21 16:42:37 - [MESSAGE][PASSED] - Object 'Object Repository/Rizky/SEO Search and Reject/Hantar' is clickable]]></system-out>
         <system-err><![CDATA[]]></system-err>
      </testcase>
      <testcase name="Test Cases/All TC/Arranged/0. Full Flow/Training/Approve/2 SEO Seach and Approve" classname="Test Cases/All TC/Arranged/0. Full Flow/Training/Approve/2 SEO Seach and Approve" status="PASSED">
         <system-out><![CDATA[2019-02-21 16:42:37 - [TEST_CASE][PASSED] - Test Cases/All TC/Arranged/0. Full Flow/Training/Approve/2 SEO Seach and Approve: Test Cases/All TC/Arranged/0. Full Flow/Training/Approve/2 SEO Seach and Approve

2019-02-21 16:42:38 - [TEST_STEP][PASSED] - callTestCase(findTestCase("All TC/Arranged/3. Unit/ES/SEO Login"), [:], STOP_ON_FAILURE): Call Test Case 'Test Cases/All TC/Arranged/3. Unit/ES/SEO Login' successfully

2019-02-21 16:42:38 - [TEST_CASE][PASSED] - Test Cases/All TC/Arranged/3. Unit/ES/SEO Login: Test Cases/All TC/Arranged/3. Unit/ES/SEO Login

2019-02-21 16:42:38 - [TEST_STEP][PASSED] - openBrowser(""): Browser is opened with url: ''

2019-02-21 16:42:38 - [MESSAGE][WARNING] - A browser is already opened. Closing browser and opening a new one

2019-02-21 16:42:38 - [MESSAGE][INFO] - Starting 'Chrome' driver

2019-02-21 16:42:38 - [MESSAGE][INFO] - User set preference: ['args', '[--start-maximized]']

2019-02-21 16:42:41 - [MESSAGE][PASSED] - Browser is opened with url: ''

2019-02-21 16:42:41 - [TEST_STEP][PASSED] - navigateToUrl("http://10.20.24.188/eisportal/user/login"): Navigate to 'http://10.20.24.188/eisportal/user/login' successfully

2019-02-21 16:42:41 - [MESSAGE][PASSED] - Navigate to 'http://10.20.24.188/eisportal/user/login' successfully

2019-02-21 16:42:41 - [TEST_STEP][PASSED] - setText(findTestObject("Rizky/ESO Login/input_Terlupa Kata Laluan_j_us"), ""): Text '' is set on object 'Object Repository/Rizky/ESO Login/input_Terlupa Kata Laluan_j_us'

2019-02-21 16:42:41 - [MESSAGE][PASSED] - Text '' is set on object 'Object Repository/Rizky/ESO Login/input_Terlupa Kata Laluan_j_us'

2019-02-21 16:42:41 - [TEST_STEP][PASSED] - setText(findTestObject("Rizky/ESO Login/input_Terlupa Kata Laluan_j_us"), "klseo5@perkeso.gov.my"): Text 'klseo5@perkeso.gov.my' is set on object 'Object Repository/Rizky/ESO Login/input_Terlupa Kata Laluan_j_us'

2019-02-21 16:42:42 - [MESSAGE][PASSED] - Text 'klseo5@perkeso.gov.my' is set on object 'Object Repository/Rizky/ESO Login/input_Terlupa Kata Laluan_j_us'

2019-02-21 16:42:42 - [TEST_STEP][PASSED] - setEncryptedText(findTestObject("Rizky/ESO Login/input_Terlupa Kata Laluan_j_pa"), "CQqwFZlbeC8="): Text ****** has been set on object 'Object Repository/Rizky/ESO Login/input_Terlupa Kata Laluan_j_pa'

2019-02-21 16:42:42 - [MESSAGE][PASSED] - Text ****** has been set on object 'Object Repository/Rizky/ESO Login/input_Terlupa Kata Laluan_j_pa'

2019-02-21 16:42:42 - [TEST_STEP][PASSED] - click(findTestObject("Rizky/ESO Login/input_Terlupa Kata Laluan_logi")): Object: 'Object Repository/Rizky/ESO Login/input_Terlupa Kata Laluan_logi' is clicked on

2019-02-21 16:42:43 - [MESSAGE][PASSED] - Object: 'Object Repository/Rizky/ESO Login/input_Terlupa Kata Laluan_logi' is clicked on

2019-02-21 16:42:43 - [MESSAGE][PASSED] - Call Test Case 'Test Cases/All TC/Arranged/3. Unit/ES/SEO Login' successfully

2019-02-21 16:42:43 - [TEST_STEP][PASSED] - click(findTestObject("Rizky/SEO Search and Approve/LATIHAN")): Object: 'Object Repository/Rizky/SEO Search and Approve/LATIHAN' is clicked on

2019-02-21 16:42:44 - [MESSAGE][PASSED] - Object: 'Object Repository/Rizky/SEO Search and Approve/LATIHAN' is clicked on

2019-02-21 16:42:44 - [TEST_STEP][PASSED] - click(findTestObject("Rizky/SEO Search and Approve/Tindakan")): Object: 'Object Repository/Rizky/SEO Search and Approve/Tindakan' is clicked on

2019-02-21 16:42:44 - [MESSAGE][PASSED] - Object: 'Object Repository/Rizky/SEO Search and Approve/Tindakan' is clicked on

2019-02-21 16:42:44 - [TEST_STEP][PASSED] - click(findTestObject("Rizky/SEO Search and Approve/Kemaskini")): Object: 'Object Repository/Rizky/SEO Search and Approve/Kemaskini' is clicked on

2019-02-21 16:42:45 - [MESSAGE][PASSED] - Object: 'Object Repository/Rizky/SEO Search and Approve/Kemaskini' is clicked on

2019-02-21 16:42:45 - [TEST_STEP][PASSED] - delay(2): Delayed 2 second(s)

2019-02-21 16:42:47 - [MESSAGE][PASSED] - Delayed 2 second(s)

2019-02-21 16:42:47 - [TEST_STEP][PASSED] - click(findTestObject("Rizky/SEO Search and Approve/Jenis Pengesyoran")): Object: 'Object Repository/Rizky/SEO Search and Approve/Jenis Pengesyoran' is clicked on

2019-02-21 16:42:47 - [MESSAGE][PASSED] - Object: 'Object Repository/Rizky/SEO Search and Approve/Jenis Pengesyoran' is clicked on

2019-02-21 16:42:47 - [TEST_STEP][PASSED] - click(findTestObject("Rizky/SEO Search and Approve/Jenis Pengesyoran-Memerlukan Latihan")): Object: 'Object Repository/Rizky/SEO Search and Approve/Jenis Pengesyoran-Memerlukan Latihan' is clicked on

2019-02-21 16:42:48 - [MESSAGE][PASSED] - Object: 'Object Repository/Rizky/SEO Search and Approve/Jenis Pengesyoran-Memerlukan Latihan' is clicked on

2019-02-21 16:42:48 - [TEST_STEP][PASSED] - setText(findTestObject("Rizky/SEO Search and Approve/Catatan Negeri Pegawai Pekerjaan Kanan  Catatan Pegawai Negeri Pekerjaan Kanan"), "abc"): Text 'abc' is set on object 'Object Repository/Rizky/SEO Search and Approve/Catatan Negeri Pegawai Pekerjaan Kanan  Catatan Pegawai Negeri Pekerjaan Kanan'

2019-02-21 16:42:48 - [MESSAGE][PASSED] - Text 'abc' is set on object 'Object Repository/Rizky/SEO Search and Approve/Catatan Negeri Pegawai Pekerjaan Kanan  Catatan Pegawai Negeri Pekerjaan Kanan'

2019-02-21 16:42:48 - [TEST_STEP][PASSED] - verifyElementClickable(findTestObject("Rizky/SEO Search and Approve/Hantar")): Object 'Object Repository/Rizky/SEO Search and Approve/Hantar' is clickable

2019-02-21 16:42:48 - [MESSAGE][PASSED] - Object 'Object Repository/Rizky/SEO Search and Approve/Hantar' is clickable]]></system-out>
         <system-err><![CDATA[]]></system-err>
      </testcase>
      <testcase name="Test Cases/All TC/Arranged/0. Full Flow/Training/Approve/1 ESO Apply and Approve" classname="Test Cases/All TC/Arranged/0. Full Flow/Training/Approve/1 ESO Apply and Approve" status="PASSED">
         <system-out><![CDATA[2019-02-21 16:42:48 - [TEST_CASE][PASSED] - Test Cases/All TC/Arranged/0. Full Flow/Training/Approve/1 ESO Apply and Approve: Test Cases/All TC/Arranged/0. Full Flow/Training/Approve/1 ESO Apply and Approve

2019-02-21 16:42:48 - [TEST_STEP][PASSED] - callTestCase(findTestCase("All TC/Arranged/3. Unit/ES/ESO Login (1)"), [:], STOP_ON_FAILURE): Call Test Case 'Test Cases/All TC/Arranged/3. Unit/ES/ESO Login (1)' successfully

2019-02-21 16:42:48 - [TEST_CASE][PASSED] - Test Cases/All TC/Arranged/3. Unit/ES/ESO Login (1): Test Cases/All TC/Arranged/3. Unit/ES/ESO Login (1)

2019-02-21 16:42:49 - [TEST_STEP][PASSED] - openBrowser(""): Browser is opened with url: ''

2019-02-21 16:42:49 - [MESSAGE][WARNING] - A browser is already opened. Closing browser and opening a new one

2019-02-21 16:42:49 - [MESSAGE][INFO] - Starting 'Chrome' driver

2019-02-21 16:42:49 - [MESSAGE][INFO] - User set preference: ['args', '[--start-maximized]']

2019-02-21 16:42:51 - [MESSAGE][PASSED] - Browser is opened with url: ''

2019-02-21 16:42:51 - [TEST_STEP][PASSED] - navigateToUrl("http://10.20.24.188/eisportal/user/login"): Navigate to 'http://10.20.24.188/eisportal/user/login' successfully

2019-02-21 16:42:52 - [MESSAGE][PASSED] - Navigate to 'http://10.20.24.188/eisportal/user/login' successfully

2019-02-21 16:42:52 - [TEST_STEP][PASSED] - setText(findTestObject("Rizky/ESO Login/input_Terlupa Kata Laluan_j_us"), ""): Text '' is set on object 'Object Repository/Rizky/ESO Login/input_Terlupa Kata Laluan_j_us'

2019-02-21 16:42:53 - [MESSAGE][PASSED] - Text '' is set on object 'Object Repository/Rizky/ESO Login/input_Terlupa Kata Laluan_j_us'

2019-02-21 16:42:53 - [TEST_STEP][PASSED] - setText(findTestObject("Rizky/ESO Login/input_Terlupa Kata Laluan_j_us"), "athirah.zulkifli@perkeso.gov.my"): Text 'athirah.zulkifli@perkeso.gov.my' is set on object 'Object Repository/Rizky/ESO Login/input_Terlupa Kata Laluan_j_us'

2019-02-21 16:42:53 - [MESSAGE][PASSED] - Text 'athirah.zulkifli@perkeso.gov.my' is set on object 'Object Repository/Rizky/ESO Login/input_Terlupa Kata Laluan_j_us'

2019-02-21 16:42:53 - [TEST_STEP][PASSED] - setEncryptedText(findTestObject("Rizky/ESO Login/input_Terlupa Kata Laluan_j_pa"), "CQqwFZlbeC8="): Text ****** has been set on object 'Object Repository/Rizky/ESO Login/input_Terlupa Kata Laluan_j_pa'

2019-02-21 16:42:53 - [MESSAGE][PASSED] - Text ****** has been set on object 'Object Repository/Rizky/ESO Login/input_Terlupa Kata Laluan_j_pa'

2019-02-21 16:42:53 - [TEST_STEP][PASSED] - click(findTestObject("Rizky/ESO Login/input_Terlupa Kata Laluan_logi")): Object: 'Object Repository/Rizky/ESO Login/input_Terlupa Kata Laluan_logi' is clicked on

2019-02-21 16:42:54 - [MESSAGE][PASSED] - Object: 'Object Repository/Rizky/ESO Login/input_Terlupa Kata Laluan_logi' is clicked on

2019-02-21 16:42:54 - [MESSAGE][PASSED] - Call Test Case 'Test Cases/All TC/Arranged/3. Unit/ES/ESO Login (1)' successfully

2019-02-21 16:42:54 - [TEST_STEP][PASSED] - callTestCase(findTestCase("All TC/Arranged/3. Unit/ES/1-1 ESO Apply"), [:], STOP_ON_FAILURE): Call Test Case 'Test Cases/All TC/Arranged/3. Unit/ES/1-1 ESO Apply' successfully

2019-02-21 16:42:54 - [TEST_CASE][PASSED] - Test Cases/All TC/Arranged/3. Unit/ES/1-1 ESO Apply: Test Cases/All TC/Arranged/3. Unit/ES/1-1 ESO Apply

2019-02-21 16:42:55 - [TEST_STEP][PASSED] - mouseOver(findTestObject("Rizky/ESO Apply/a_PERMOHONAN")): Object: 'Object Repository/Rizky/ESO Apply/a_PERMOHONAN' is hovered

2019-02-21 16:42:55 - [MESSAGE][PASSED] - Object: 'Object Repository/Rizky/ESO Apply/a_PERMOHONAN' is hovered

2019-02-21 16:42:55 - [TEST_STEP][PASSED] - delay(2): Delayed 2 second(s)

2019-02-21 16:42:57 - [MESSAGE][PASSED] - Delayed 2 second(s)

2019-02-21 16:42:57 - [TEST_STEP][PASSED] - click(findTestObject("Rizky/ESO Apply/a_Latihan")): Object: 'Object Repository/Rizky/ESO Apply/a_Latihan' is clicked on

2019-02-21 16:42:57 - [MESSAGE][PASSED] - Object: 'Object Repository/Rizky/ESO Apply/a_Latihan' is clicked on

2019-02-21 16:42:57 - [TEST_STEP][PASSED] - delay(2): Delayed 2 second(s)

2019-02-21 16:42:59 - [MESSAGE][PASSED] - Delayed 2 second(s)

2019-02-21 16:42:59 - [TEST_STEP][PASSED] - setText(findTestObject("Rizky/ESO Apply/Cari dengan MyKad"), "950000140001"): Text '950000140001' is set on object 'Object Repository/Rizky/ESO Apply/Cari dengan MyKad'

2019-02-21 16:43:00 - [MESSAGE][PASSED] - Text '950000140001' is set on object 'Object Repository/Rizky/ESO Apply/Cari dengan MyKad'

2019-02-21 16:43:00 - [TEST_STEP][PASSED] - click(findTestObject("Rizky/ESO Apply/Cari")): Object: 'Object Repository/Rizky/ESO Apply/Cari' is clicked on

2019-02-21 16:43:00 - [MESSAGE][PASSED] - Object: 'Object Repository/Rizky/ESO Apply/Cari' is clicked on

2019-02-21 16:43:00 - [TEST_STEP][PASSED] - delay(2): Delayed 2 second(s)

2019-02-21 16:43:02 - [MESSAGE][PASSED] - Delayed 2 second(s)

2019-02-21 16:43:02 - [TEST_STEP][PASSED] - click(findTestObject("Rizky/ESO Apply/ID Kes")): Object: 'Object Repository/Rizky/ESO Apply/ID Kes' is clicked on

2019-02-21 16:43:02 - [MESSAGE][PASSED] - Object: 'Object Repository/Rizky/ESO Apply/ID Kes' is clicked on

2019-02-21 16:43:02 - [TEST_STEP][PASSED] - click(findTestObject("Rizky/ESO Apply/ID KES-SIPE1119060000003")): Object: 'Object Repository/Rizky/ESO Apply/ID KES-SIPE1119060000003' is clicked on

2019-02-21 16:43:02 - [MESSAGE][PASSED] - Object: 'Object Repository/Rizky/ESO Apply/ID KES-SIPE1119060000003' is clicked on

2019-02-21 16:43:02 - [TEST_STEP][PASSED] - delay(1): Delayed 1 second(s)

2019-02-21 16:43:03 - [MESSAGE][PASSED] - Delayed 1 second(s)

2019-02-21 16:43:03 - [TEST_STEP][PASSED] - setText(findTestObject("Rizky/ESO Apply/Jawatan Terakhir"), "1"): Text '1' is set on object 'Object Repository/Rizky/ESO Apply/Jawatan Terakhir'

2019-02-21 16:43:04 - [MESSAGE][PASSED] - Text '1' is set on object 'Object Repository/Rizky/ESO Apply/Jawatan Terakhir'

2019-02-21 16:43:04 - [TEST_STEP][PASSED] - setText(findTestObject("Rizky/ESO Apply/Gaji Terakhir"), "1"): Text '1' is set on object 'Object Repository/Rizky/ESO Apply/Gaji Terakhir'

2019-02-21 16:43:04 - [MESSAGE][PASSED] - Text '1' is set on object 'Object Repository/Rizky/ESO Apply/Gaji Terakhir'

2019-02-21 16:43:04 - [TEST_STEP][PASSED] - click(findTestObject("Rizky/IP Apply/Ujian Psikometrik -")): Object: 'Object Repository/Rizky/IP Apply/Ujian Psikometrik -' is clicked on

2019-02-21 16:43:04 - [MESSAGE][PASSED] - Object: 'Object Repository/Rizky/IP Apply/Ujian Psikometrik -' is clicked on

2019-02-21 16:43:04 - [TEST_STEP][PASSED] - click(findTestObject("Rizky/IP Apply/Ujian Psikometrik - Realistic")): Object: 'Object Repository/Rizky/IP Apply/Ujian Psikometrik - Realistic' is clicked on

2019-02-21 16:43:05 - [MESSAGE][PASSED] - Object: 'Object Repository/Rizky/IP Apply/Ujian Psikometrik - Realistic' is clicked on

2019-02-21 16:43:05 - [TEST_STEP][PASSED] - click(findTestObject("Rizky/ESO Apply/Institut")): Object: 'Object Repository/Rizky/ESO Apply/Institut' is clicked on

2019-02-21 16:43:05 - [MESSAGE][PASSED] - Object: 'Object Repository/Rizky/ESO Apply/Institut' is clicked on

2019-02-21 16:43:05 - [TEST_STEP][PASSED] - click(findTestObject("Rizky/ESO Apply/Institut-NIOSH HQ (BANGI)")): Object: 'Object Repository/Rizky/ESO Apply/Institut-NIOSH HQ (BANGI)' is clicked on

2019-02-21 16:43:06 - [MESSAGE][PASSED] - Object: 'Object Repository/Rizky/ESO Apply/Institut-NIOSH HQ (BANGI)' is clicked on

2019-02-21 16:43:06 - [TEST_STEP][PASSED] - delay(3): Delayed 3 second(s)

2019-02-21 16:43:09 - [MESSAGE][PASSED] - Delayed 3 second(s)

2019-02-21 16:43:09 - [TEST_STEP][PASSED] - click(findTestObject("Rizky/ESO Apply/Nama Kursus")): Object: 'Object Repository/Rizky/ESO Apply/Nama Kursus' is clicked on

2019-02-21 16:43:09 - [MESSAGE][PASSED] - Object: 'Object Repository/Rizky/ESO Apply/Nama Kursus' is clicked on

2019-02-21 16:43:09 - [TEST_STEP][PASSED] - click(findTestObject("Rizky/ESO Apply/Nama Kursus-Safety and Health Officer (")): Object: 'Object Repository/Rizky/ESO Apply/Nama Kursus-Safety and Health Officer (' is clicked on

2019-02-21 16:43:09 - [MESSAGE][PASSED] - Object: 'Object Repository/Rizky/ESO Apply/Nama Kursus-Safety and Health Officer (' is clicked on

2019-02-21 16:43:09 - [TEST_STEP][PASSED] - click(findTestObject("Rizky/ESO Apply/Hantar")): Object: 'Object Repository/Rizky/ESO Apply/Hantar' is clicked on

2019-02-21 16:43:09 - [MESSAGE][PASSED] - Object: 'Object Repository/Rizky/ESO Apply/Hantar' is clicked on

2019-02-21 16:43:09 - [MESSAGE][PASSED] - Call Test Case 'Test Cases/All TC/Arranged/3. Unit/ES/1-1 ESO Apply' successfully

2019-02-21 16:43:09 - [TEST_STEP][PASSED] - callTestCase(findTestCase("All TC/Arranged/3. Unit/ES/1-2 ESO Approve"), [:], STOP_ON_FAILURE): Call Test Case 'Test Cases/All TC/Arranged/3. Unit/ES/1-2 ESO Approve' successfully

2019-02-21 16:43:09 - [TEST_CASE][PASSED] - Test Cases/All TC/Arranged/3. Unit/ES/1-2 ESO Approve: Test Cases/All TC/Arranged/3. Unit/ES/1-2 ESO Approve

2019-02-21 16:43:10 - [TEST_STEP][PASSED] - delay(2): Delayed 2 second(s)

2019-02-21 16:43:12 - [MESSAGE][PASSED] - Delayed 2 second(s)

2019-02-21 16:43:12 - [TEST_STEP][PASSED] - click(findTestObject("Rizky/ESO Approve/Tab-LATIHAN")): Object: 'Object Repository/Rizky/ESO Approve/Tab-LATIHAN' is clicked on

2019-02-21 16:43:12 - [MESSAGE][PASSED] - Object: 'Object Repository/Rizky/ESO Approve/Tab-LATIHAN' is clicked on

2019-02-21 16:43:12 - [TEST_STEP][PASSED] - delay(2): Delayed 2 second(s)

2019-02-21 16:43:14 - [MESSAGE][PASSED] - Delayed 2 second(s)

2019-02-21 16:43:14 - [TEST_STEP][PASSED] - click(findTestObject("Rizky/ESO Approve/Tindakan")): Object: 'Object Repository/Rizky/ESO Approve/Tindakan' is clicked on

2019-02-21 16:43:14 - [MESSAGE][PASSED] - Object: 'Object Repository/Rizky/ESO Approve/Tindakan' is clicked on

2019-02-21 16:43:14 - [TEST_STEP][PASSED] - delay(2): Delayed 2 second(s)

2019-02-21 16:43:16 - [MESSAGE][PASSED] - Delayed 2 second(s)

2019-02-21 16:43:16 - [TEST_STEP][PASSED] - click(findTestObject("Rizky/ESO Approve/Kemaskini")): Object: 'Object Repository/Rizky/ESO Approve/Kemaskini' is clicked on

2019-02-21 16:43:18 - [MESSAGE][PASSED] - Object: 'Object Repository/Rizky/ESO Approve/Kemaskini' is clicked on

2019-02-21 16:43:18 - [TEST_STEP][PASSED] - click(findTestObject("Rizky/ESO Approve/Jenis Pengesyoran")): Object: 'Object Repository/Rizky/ESO Approve/Jenis Pengesyoran' is clicked on

2019-02-21 16:43:18 - [MESSAGE][PASSED] - Object: 'Object Repository/Rizky/ESO Approve/Jenis Pengesyoran' is clicked on

2019-02-21 16:43:18 - [TEST_STEP][PASSED] - click(findTestObject("Rizky/ESO Approve/Jenis Pengesyoran-Syor Latihan")): Object: 'Object Repository/Rizky/ESO Approve/Jenis Pengesyoran-Syor Latihan' is clicked on

2019-02-21 16:43:18 - [MESSAGE][PASSED] - Object: 'Object Repository/Rizky/ESO Approve/Jenis Pengesyoran-Syor Latihan' is clicked on

2019-02-21 16:43:18 - [TEST_STEP][PASSED] - setText(findTestObject("Rizky/ESO Approve/Catatan Pegawai Penempatan Pekerjaan"), "def"): Text 'def' is set on object 'Object Repository/Rizky/ESO Approve/Catatan Pegawai Penempatan Pekerjaan'

2019-02-21 16:43:18 - [MESSAGE][PASSED] - Text 'def' is set on object 'Object Repository/Rizky/ESO Approve/Catatan Pegawai Penempatan Pekerjaan'

2019-02-21 16:43:18 - [TEST_STEP][PASSED] - click(findTestObject("Rizky/ESO Approve/Hantar")): Object: 'Object Repository/Rizky/ESO Approve/Hantar' is clicked on

2019-02-21 16:43:18 - [MESSAGE][PASSED] - Object: 'Object Repository/Rizky/ESO Approve/Hantar' is clicked on

2019-02-21 16:43:18 - [MESSAGE][PASSED] - Call Test Case 'Test Cases/All TC/Arranged/3. Unit/ES/1-2 ESO Approve' successfully]]></system-out>
         <system-err><![CDATA[]]></system-err>
      </testcase>
      <testcase name="Test Cases/All TC/Arranged/0. Full Flow/Submit Form 7 (General) - Case Reassignment Same Branch SEIO" classname="Test Cases/All TC/Arranged/0. Full Flow/Submit Form 7 (General) - Case Reassignment Same Branch SEIO" status="FAILED">
         <failure type="FAILED" message="Test Cases/All TC/Arranged/0. Full Flow/Submit Form 7 (General) - Case Reassignment Same Branch SEIO FAILED.
Reason:
com.kms.katalon.core.exception.StepFailedException: Unable to click on object 'Object Repository/KinJun/3.0 JSA Application/EIO Internal Login - JSA Application - Approve/Page_PERKESO/Click Workbasket' (Root cause: com.kms.katalon.core.webui.exception.WebElementNotFoundException: Web element with id: 'Object Repository/KinJun/3.0 JSA Application/EIO Internal Login - JSA Application - Approve/Page_PERKESO/Click Workbasket' located by 'By.xpath: //a[@href = '/eisportal/user/internal/taskinbox' and (text() = 'PETI MASUK TUGAS' or . = 'PETI MASUK TUGAS')]' not found)
	at com.kms.katalon.core.keyword.internal.KeywordMain.stepFailed(KeywordMain.groovy:36)
	at com.kms.katalon.core.webui.keyword.internal.WebUIKeywordMain.stepFailed(WebUIKeywordMain.groovy:65)
	at com.kms.katalon.core.webui.keyword.internal.WebUIKeywordMain.runKeyword(WebUIKeywordMain.groovy:27)
	at com.kms.katalon.core.webui.keyword.builtin.ClickKeyword.click(ClickKeyword.groovy:86)
	at com.kms.katalon.core.webui.keyword.builtin.ClickKeyword.execute(ClickKeyword.groovy:67)
	at com.kms.katalon.core.keyword.internal.KeywordExecutor.executeKeywordForPlatform(KeywordExecutor.groovy:53)
	at com.kms.katalon.core.webui.keyword.WebUiBuiltInKeywords.click(WebUiBuiltInKeywords.groovy:616)
	at com.kms.katalon.core.webui.keyword.WebUiBuiltInKeywords$click$3.call(Unknown Source)
	at EIO Internal Login - JSA Application - Approve.run(EIO Internal Login - JSA Application - Approve:32)
	at com.kms.katalon.core.main.ScriptEngine.run(ScriptEngine.java:194)
	at com.kms.katalon.core.main.ScriptEngine.runScriptAsRawText(ScriptEngine.java:119)
	at com.kms.katalon.core.main.TestCaseExecutor.runScript(TestCaseExecutor.java:328)
	at com.kms.katalon.core.main.TestCaseExecutor.doExecute(TestCaseExecutor.java:319)
	at com.kms.katalon.core.main.TestCaseExecutor.processExecutionPhase(TestCaseExecutor.java:298)
	at com.kms.katalon.core.main.TestCaseExecutor.accessMainPhase(TestCaseExecutor.java:290)
	at com.kms.katalon.core.main.TestCaseExecutor.execute(TestCaseExecutor.java:224)
	at com.kms.katalon.core.main.TestCaseMain.runTestCase(TestCaseMain.java:106)
	at com.kms.katalon.core.keyword.builtin.CallTestCaseKeyword$_callTestCase_closure1.doCall(CallTestCaseKeyword.groovy:59)
	at com.kms.katalon.core.keyword.builtin.CallTestCaseKeyword$_callTestCase_closure1.call(CallTestCaseKeyword.groovy)
	at com.kms.katalon.core.keyword.internal.KeywordMain.runKeyword(KeywordMain.groovy:54)
	at com.kms.katalon.core.keyword.builtin.CallTestCaseKeyword.callTestCase(CallTestCaseKeyword.groovy:80)
	at com.kms.katalon.core.keyword.builtin.CallTestCaseKeyword.execute(CallTestCaseKeyword.groovy:44)
	at com.kms.katalon.core.keyword.internal.KeywordExecutor.executeKeywordForPlatform(KeywordExecutor.groovy:53)
	at com.kms.katalon.core.keyword.BuiltinKeywords.callTestCase(BuiltinKeywords.groovy:334)
	at Submit Form 7 (General) - Case Reassignment Same Branch SEIO.run(Submit Form 7 (General) - Case Reassignment Same Branch SEIO:22)
	at com.kms.katalon.core.main.ScriptEngine.run(ScriptEngine.java:194)
	at com.kms.katalon.core.main.ScriptEngine.runScriptAsRawText(ScriptEngine.java:119)
	at com.kms.katalon.core.main.TestCaseExecutor.runScript(TestCaseExecutor.java:328)
	at com.kms.katalon.core.main.TestCaseExecutor.doExecute(TestCaseExecutor.java:319)
	at com.kms.katalon.core.main.TestCaseExecutor.processExecutionPhase(TestCaseExecutor.java:298)
	at com.kms.katalon.core.main.TestCaseExecutor.accessMainPhase(TestCaseExecutor.java:290)
	at com.kms.katalon.core.main.TestCaseExecutor.execute(TestCaseExecutor.java:224)
	at com.kms.katalon.core.main.TestSuiteExecutor.accessTestCaseMainPhase(TestSuiteExecutor.java:129)
	at com.kms.katalon.core.main.TestSuiteExecutor.accessTestSuiteMainPhase(TestSuiteExecutor.java:112)
	at com.kms.katalon.core.main.TestSuiteExecutor.execute(TestSuiteExecutor.java:81)
	at com.kms.katalon.core.main.TestCaseMain.startTestSuite(TestCaseMain.java:149)
	at com.kms.katalon.core.main.TestCaseMain$startTestSuite$0.call(Unknown Source)
	at TempTestSuite1550738418733.run(TempTestSuite1550738418733.groovy:36)
"/>
         <system-out><![CDATA[2019-02-21 16:43:19 - [TEST_CASE][FAILED] - Test Cases/All TC/Arranged/0. Full Flow/Submit Form 7 (General) - Case Reassignment Same Branch SEIO: Test Cases/All TC/Arranged/0. Full Flow/Submit Form 7 (General) - Case Reassignment Same Branch SEIO FAILED.
Reason:
com.kms.katalon.core.exception.StepFailedException: Unable to click on object 'Object Repository/KinJun/3.0 JSA Application/EIO Internal Login - JSA Application - Approve/Page_PERKESO/Click Workbasket' (Root cause: com.kms.katalon.core.webui.exception.WebElementNotFoundException: Web element with id: 'Object Repository/KinJun/3.0 JSA Application/EIO Internal Login - JSA Application - Approve/Page_PERKESO/Click Workbasket' located by 'By.xpath: //a[@href = '/eisportal/user/internal/taskinbox' and (text() = 'PETI MASUK TUGAS' or . = 'PETI MASUK TUGAS')]' not found)
	at com.kms.katalon.core.keyword.internal.KeywordMain.stepFailed(KeywordMain.groovy:36)
	at com.kms.katalon.core.webui.keyword.internal.WebUIKeywordMain.stepFailed(WebUIKeywordMain.groovy:65)
	at com.kms.katalon.core.webui.keyword.internal.WebUIKeywordMain.runKeyword(WebUIKeywordMain.groovy:27)
	at com.kms.katalon.core.webui.keyword.builtin.ClickKeyword.click(ClickKeyword.groovy:86)
	at com.kms.katalon.core.webui.keyword.builtin.ClickKeyword.execute(ClickKeyword.groovy:67)
	at com.kms.katalon.core.keyword.internal.KeywordExecutor.executeKeywordForPlatform(KeywordExecutor.groovy:53)
	at com.kms.katalon.core.webui.keyword.WebUiBuiltInKeywords.click(WebUiBuiltInKeywords.groovy:616)
	at com.kms.katalon.core.webui.keyword.WebUiBuiltInKeywords$click$3.call(Unknown Source)
	at EIO Internal Login - JSA Application - Approve.run(EIO Internal Login - JSA Application - Approve:32)
	at com.kms.katalon.core.main.ScriptEngine.run(ScriptEngine.java:194)
	at com.kms.katalon.core.main.ScriptEngine.runScriptAsRawText(ScriptEngine.java:119)
	at com.kms.katalon.core.main.TestCaseExecutor.runScript(TestCaseExecutor.java:328)
	at com.kms.katalon.core.main.TestCaseExecutor.doExecute(TestCaseExecutor.java:319)
	at com.kms.katalon.core.main.TestCaseExecutor.processExecutionPhase(TestCaseExecutor.java:298)
	at com.kms.katalon.core.main.TestCaseExecutor.accessMainPhase(TestCaseExecutor.java:290)
	at com.kms.katalon.core.main.TestCaseExecutor.execute(TestCaseExecutor.java:224)
	at com.kms.katalon.core.main.TestCaseMain.runTestCase(TestCaseMain.java:106)
	at com.kms.katalon.core.keyword.builtin.CallTestCaseKeyword$_callTestCase_closure1.doCall(CallTestCaseKeyword.groovy:59)
	at com.kms.katalon.core.keyword.builtin.CallTestCaseKeyword$_callTestCase_closure1.call(CallTestCaseKeyword.groovy)
	at com.kms.katalon.core.keyword.internal.KeywordMain.runKeyword(KeywordMain.groovy:54)
	at com.kms.katalon.core.keyword.builtin.CallTestCaseKeyword.callTestCase(CallTestCaseKeyword.groovy:80)
	at com.kms.katalon.core.keyword.builtin.CallTestCaseKeyword.execute(CallTestCaseKeyword.groovy:44)
	at com.kms.katalon.core.keyword.internal.KeywordExecutor.executeKeywordForPlatform(KeywordExecutor.groovy:53)
	at com.kms.katalon.core.keyword.BuiltinKeywords.callTestCase(BuiltinKeywords.groovy:334)
	at Submit Form 7 (General) - Case Reassignment Same Branch SEIO.run(Submit Form 7 (General) - Case Reassignment Same Branch SEIO:22)
	at com.kms.katalon.core.main.ScriptEngine.run(ScriptEngine.java:194)
	at com.kms.katalon.core.main.ScriptEngine.runScriptAsRawText(ScriptEngine.java:119)
	at com.kms.katalon.core.main.TestCaseExecutor.runScript(TestCaseExecutor.java:328)
	at com.kms.katalon.core.main.TestCaseExecutor.doExecute(TestCaseExecutor.java:319)
	at com.kms.katalon.core.main.TestCaseExecutor.processExecutionPhase(TestCaseExecutor.java:298)
	at com.kms.katalon.core.main.TestCaseExecutor.accessMainPhase(TestCaseExecutor.java:290)
	at com.kms.katalon.core.main.TestCaseExecutor.execute(TestCaseExecutor.java:224)
	at com.kms.katalon.core.main.TestSuiteExecutor.accessTestCaseMainPhase(TestSuiteExecutor.java:129)
	at com.kms.katalon.core.main.TestSuiteExecutor.accessTestSuiteMainPhase(TestSuiteExecutor.java:112)
	at com.kms.katalon.core.main.TestSuiteExecutor.execute(TestSuiteExecutor.java:81)
	at com.kms.katalon.core.main.TestCaseMain.startTestSuite(TestCaseMain.java:149)
	at com.kms.katalon.core.main.TestCaseMain$startTestSuite$0.call(Unknown Source)
	at TempTestSuite1550738418733.run(TempTestSuite1550738418733.groovy:36)


2019-02-21 16:43:19 - [TEST_STEP][PASSED] - callTestCase(findTestCase("All TC/Arranged/2. Segment/GN_Submit Form 7_End to End"), [:], STOP_ON_FAILURE): Call Test Case 'Test Cases/All TC/Arranged/2. Segment/GN_Submit Form 7_End to End' successfully

2019-02-21 16:43:19 - [TEST_CASE][PASSED] - Test Cases/All TC/Arranged/2. Segment/GN_Submit Form 7_End to End: Test Cases/All TC/Arranged/2. Segment/GN_Submit Form 7_End to End

2019-02-21 16:43:19 - [TEST_STEP][PASSED] - callTestCase(findTestCase("All TC/Arranged/3. Unit/EI/GN submit form 7/GN_Application_Reg"), [:], STOP_ON_FAILURE): Call Test Case 'Test Cases/All TC/Arranged/3. Unit/EI/GN submit form 7/GN_Application_Reg' successfully

2019-02-21 16:43:19 - [TEST_CASE][PASSED] - Test Cases/All TC/Arranged/3. Unit/EI/GN submit form 7/GN_Application_Reg: Test Cases/All TC/Arranged/3. Unit/EI/GN submit form 7/GN_Application_Reg

2019-02-21 16:43:19 - [TEST_STEP][PASSED] - openBrowser(""): Browser is opened with url: ''

2019-02-21 16:43:19 - [MESSAGE][WARNING] - A browser is already opened. Closing browser and opening a new one

2019-02-21 16:43:20 - [MESSAGE][INFO] - Starting 'Chrome' driver

2019-02-21 16:43:20 - [MESSAGE][INFO] - User set preference: ['args', '[--start-maximized]']

2019-02-21 16:43:23 - [MESSAGE][PASSED] - Browser is opened with url: ''

2019-02-21 16:43:23 - [TEST_STEP][PASSED] - navigateToUrl(General_Login): Navigate to 'http://10.20.24.188/eisportal/insured/appl/instruction' successfully

2019-02-21 16:43:23 - [MESSAGE][PASSED] - Navigate to 'http://10.20.24.188/eisportal/insured/appl/instruction' successfully

2019-02-21 16:43:23 - [TEST_STEP][PASSED] - click(findTestObject("ZhiHao/General_User_Submit_form 7/GN_Application_Reg/Page_PERKESO/button_Setuju")): Object: 'Object Repository/ZhiHao/General_User_Submit_form 7/GN_Application_Reg/Page_PERKESO/button_Setuju' is clicked on

2019-02-21 16:43:24 - [MESSAGE][PASSED] - Object: 'Object Repository/ZhiHao/General_User_Submit_form 7/GN_Application_Reg/Page_PERKESO/button_Setuju' is clicked on

2019-02-21 16:43:24 - [TEST_STEP][PASSED] - callTestCase(findTestCase("All TC/Arranged/1. Common/IC List Checker"), [:], STOP_ON_FAILURE): Call Test Case 'Test Cases/All TC/Arranged/1. Common/IC List Checker' successfully

2019-02-21 16:43:24 - [TEST_CASE][PASSED] - Test Cases/All TC/Arranged/1. Common/IC List Checker: Test Cases/All TC/Arranged/1. Common/IC List Checker

2019-02-21 16:43:25 - [TEST_STEP][PASSED] - counter = 0: null

2019-02-21 16:43:25 - [TEST_STEP][PASSED] - fis = new java.io.FileInputStream((internal.GlobalVariable.TextFilePathCommon + \IC.xlsx)): null

2019-02-21 16:43:25 - [TEST_STEP][PASSED] - workbook = new org.apache.poi.xssf.usermodel.XSSFWorkbook(fis): null

2019-02-21 16:43:26 - [TEST_STEP][PASSED] - sheet = workbook.getSheet("Sheet1"): null

2019-02-21 16:43:26 - [TEST_STEP][PASSED] - totalRow = sheet.getLastRowNum(): null

2019-02-21 16:43:26 - [TEST_STEP][PASSED] - out.println(totalRow): null

2019-02-21 16:43:26 - [TEST_STEP][PASSED] - row = sheet.getRow(counter): null

2019-02-21 16:43:26 - [TEST_STEP][PASSED] - cell = row.getCell(counter): null

2019-02-21 16:43:26 - [TEST_STEP][PASSED] - a = cell.getStringCellValue(): null

2019-02-21 16:43:26 - [TEST_STEP][PASSED] - IC = a: null

2019-02-21 16:43:26 - [TEST_STEP][PASSED] - out.println(IC): null

2019-02-21 16:43:26 - [TEST_STEP][PASSED] - callTestCase(findTestCase("All TC/Arranged/1. Common/1.2 Setter/Setter IC"), [:], STOP_ON_FAILURE): Call Test Case 'Test Cases/All TC/Arranged/1. Common/1.2 Setter/Setter IC' successfully

2019-02-21 16:43:26 - [TEST_CASE][PASSED] - Test Cases/All TC/Arranged/1. Common/1.2 Setter/Setter IC: Test Cases/All TC/Arranged/1. Common/1.2 Setter/Setter IC

2019-02-21 16:43:27 - [TEST_STEP][PASSED] - RefNoOldFile = new java.io.File((internal.GlobalVariable.TextFilePathCommon + \getIC.txt)): null

2019-02-21 16:43:27 - [TEST_STEP][PASSED] - RefNoOldFile.delete(): null

2019-02-21 16:43:27 - [TEST_STEP][PASSED] - delay(5): Delayed 5 second(s)

2019-02-21 16:43:32 - [MESSAGE][PASSED] - Delayed 5 second(s)

2019-02-21 16:43:32 - [TEST_STEP][PASSED] - RefNo = new java.io.File((internal.GlobalVariable.TextFilePathCommon + \getIC.txt)): null

2019-02-21 16:43:32 - [TEST_STEP][PASSED] - f2 = new java.io.FileWriter(RefNo, false): null

2019-02-21 16:43:32 - [TEST_STEP][PASSED] - f2.write(IC): null

2019-02-21 16:43:32 - [TEST_STEP][PASSED] - f2.close(): null

2019-02-21 16:43:32 - [TEST_STEP][PASSED] - out.println("


" + IC + "


"): null

2019-02-21 16:43:32 - [MESSAGE][PASSED] - Call Test Case 'Test Cases/All TC/Arranged/1. Common/1.2 Setter/Setter IC' successfully

2019-02-21 16:43:32 - [MESSAGE][PASSED] - Call Test Case 'Test Cases/All TC/Arranged/1. Common/IC List Checker' successfully

2019-02-21 16:43:32 - [TEST_STEP][PASSED] - setText(findTestObject("ZhiHao/General_User_Submit_form 7/GN_Application_Reg/Page_PERKESO/input_No. Kad Pengenalan"), IC): Text '881129566076' is set on object 'Object Repository/ZhiHao/General_User_Submit_form 7/GN_Application_Reg/Page_PERKESO/input_No. Kad Pengenalan'

2019-02-21 16:43:32 - [MESSAGE][PASSED] - Text '881129566076' is set on object 'Object Repository/ZhiHao/General_User_Submit_form 7/GN_Application_Reg/Page_PERKESO/input_No. Kad Pengenalan'

2019-02-21 16:43:32 - [TEST_STEP][PASSED] - click(findTestObject("ZhiHao/General_User_Submit_form 7/GN_Application_Reg/Page_PERKESO/button_Semak")): Object: 'Object Repository/ZhiHao/General_User_Submit_form 7/GN_Application_Reg/Page_PERKESO/button_Semak' is clicked on

2019-02-21 16:43:32 - [MESSAGE][PASSED] - Object: 'Object Repository/ZhiHao/General_User_Submit_form 7/GN_Application_Reg/Page_PERKESO/button_Semak' is clicked on

2019-02-21 16:43:32 - [TEST_STEP][PASSED] - delay(3): Delayed 3 second(s)

2019-02-21 16:43:35 - [MESSAGE][PASSED] - Delayed 3 second(s)

2019-02-21 16:43:35 - [TEST_STEP][PASSED] - click(findTestObject("ZhiHao/General_User_Submit_form 7/GN_Application_Reg/Page_PERKESO/span_Nama Majikan")): Object: 'Object Repository/ZhiHao/General_User_Submit_form 7/GN_Application_Reg/Page_PERKESO/span_Nama Majikan' is clicked on

2019-02-21 16:43:36 - [MESSAGE][PASSED] - Object: 'Object Repository/ZhiHao/General_User_Submit_form 7/GN_Application_Reg/Page_PERKESO/span_Nama Majikan' is clicked on

2019-02-21 16:43:36 - [TEST_STEP][PASSED] - delay(3): Delayed 3 second(s)

2019-02-21 16:43:39 - [MESSAGE][PASSED] - Delayed 3 second(s)

2019-02-21 16:43:39 - [TEST_STEP][PASSED] - setText(findTestObject("ZhiHao/General_User_Submit_form 7/GN_Application_Reg/Page_PERKESO/input_Nama Majikan"), "pet"): Text 'pet' is set on object 'Object Repository/ZhiHao/General_User_Submit_form 7/GN_Application_Reg/Page_PERKESO/input_Nama Majikan'

2019-02-21 16:43:39 - [MESSAGE][PASSED] - Text 'pet' is set on object 'Object Repository/ZhiHao/General_User_Submit_form 7/GN_Application_Reg/Page_PERKESO/input_Nama Majikan'

2019-02-21 16:43:39 - [TEST_STEP][PASSED] - delay(3): Delayed 3 second(s)

2019-02-21 16:43:42 - [MESSAGE][PASSED] - Delayed 3 second(s)

2019-02-21 16:43:42 - [TEST_STEP][PASSED] - click(findTestObject("ZhiHao/General_User_Submit_form 7/GN_Application_Reg/Page_PERKESO/select_PETRONAS")): Object: 'Object Repository/ZhiHao/General_User_Submit_form 7/GN_Application_Reg/Page_PERKESO/select_PETRONAS' is clicked on

2019-02-21 16:43:42 - [MESSAGE][PASSED] - Object: 'Object Repository/ZhiHao/General_User_Submit_form 7/GN_Application_Reg/Page_PERKESO/select_PETRONAS' is clicked on

2019-02-21 16:43:42 - [TEST_STEP][PASSED] - delay(3): Delayed 3 second(s)

2019-02-21 16:43:45 - [MESSAGE][PASSED] - Delayed 3 second(s)

2019-02-21 16:43:45 - [TEST_STEP][PASSED] - click(findTestObject("ZhiHao/General_User_Submit_form 7/GN_Application_Reg/Page_PERKESO/input_Tarikh kehilangan pekerjaan")): Object: 'Object Repository/ZhiHao/General_User_Submit_form 7/GN_Application_Reg/Page_PERKESO/input_Tarikh kehilangan pekerjaan' is clicked on

2019-02-21 16:43:45 - [MESSAGE][PASSED] - Object: 'Object Repository/ZhiHao/General_User_Submit_form 7/GN_Application_Reg/Page_PERKESO/input_Tarikh kehilangan pekerjaan' is clicked on

2019-02-21 16:43:45 - [TEST_STEP][PASSED] - click(findTestObject("ZhiHao/General_User_Submit_form 7/GN_Application_Reg/Page_PERKESO/select_loe_date")): Object: 'Object Repository/ZhiHao/General_User_Submit_form 7/GN_Application_Reg/Page_PERKESO/select_loe_date' is clicked on

2019-02-21 16:43:45 - [MESSAGE][PASSED] - Object: 'Object Repository/ZhiHao/General_User_Submit_form 7/GN_Application_Reg/Page_PERKESO/select_loe_date' is clicked on

2019-02-21 16:43:45 - [TEST_STEP][PASSED] - click(findTestObject("ZhiHao/General_User_Submit_form 7/GN_Application_Reg/Page_PERKESO/button_Mohon")): Object: 'Object Repository/ZhiHao/General_User_Submit_form 7/GN_Application_Reg/Page_PERKESO/button_Mohon' is clicked on

2019-02-21 16:43:46 - [MESSAGE][PASSED] - Object: 'Object Repository/ZhiHao/General_User_Submit_form 7/GN_Application_Reg/Page_PERKESO/button_Mohon' is clicked on

2019-02-21 16:43:46 - [TEST_STEP][PASSED] - delay(3): Delayed 3 second(s)

2019-02-21 16:43:49 - [MESSAGE][PASSED] - Delayed 3 second(s)

2019-02-21 16:43:49 - [TEST_STEP][PASSED] - click(findTestObject("ZhiHao/General_User_Submit_form 7/GN_Application_Reg/Page_PERKESO/select_pejabat_perkeso")): Object: 'Object Repository/ZhiHao/General_User_Submit_form 7/GN_Application_Reg/Page_PERKESO/select_pejabat_perkeso' is clicked on

2019-02-21 16:43:49 - [MESSAGE][PASSED] - Object: 'Object Repository/ZhiHao/General_User_Submit_form 7/GN_Application_Reg/Page_PERKESO/select_pejabat_perkeso' is clicked on

2019-02-21 16:43:49 - [TEST_STEP][PASSED] - selectOptionByValue(findTestObject("ZhiHao/General_User_Submit_form 7/GN_Application_Reg/Page_PERKESO/select_pejabat_perkeso"), "22", true): All options with value '22' are selected in object 'Object Repository/ZhiHao/General_User_Submit_form 7/GN_Application_Reg/Page_PERKESO/select_pejabat_perkeso'  using regular expression

2019-02-21 16:43:50 - [MESSAGE][PASSED] - All options with value '22' are selected in object 'Object Repository/ZhiHao/General_User_Submit_form 7/GN_Application_Reg/Page_PERKESO/select_pejabat_perkeso'  using regular expression

2019-02-21 16:43:50 - [TEST_STEP][PASSED] - click(findTestObject("ZhiHao/General_User_Submit_form 7/GN_Application_Reg/Page_PERKESO/button_Halaman Seterus")): Object: 'Object Repository/ZhiHao/General_User_Submit_form 7/GN_Application_Reg/Page_PERKESO/button_Halaman Seterus' is clicked on

2019-02-21 16:43:50 - [MESSAGE][PASSED] - Object: 'Object Repository/ZhiHao/General_User_Submit_form 7/GN_Application_Reg/Page_PERKESO/button_Halaman Seterus' is clicked on

2019-02-21 16:43:50 - [TEST_STEP][PASSED] - delay(5): Delayed 5 second(s)

2019-02-21 16:43:55 - [MESSAGE][PASSED] - Delayed 5 second(s)

2019-02-21 16:43:55 - [MESSAGE][PASSED] - Call Test Case 'Test Cases/All TC/Arranged/3. Unit/EI/GN submit form 7/GN_Application_Reg' successfully

2019-02-21 16:43:55 - [TEST_STEP][PASSED] - callTestCase(findTestCase("All TC/Arranged/3. Unit/EI/GN submit form 7/GN_Submit Form 7_Section A"), [:], STOP_ON_FAILURE): Call Test Case 'Test Cases/All TC/Arranged/3. Unit/EI/GN submit form 7/GN_Submit Form 7_Section A' successfully

2019-02-21 16:43:55 - [TEST_CASE][PASSED] - Test Cases/All TC/Arranged/3. Unit/EI/GN submit form 7/GN_Submit Form 7_Section A: Test Cases/All TC/Arranged/3. Unit/EI/GN submit form 7/GN_Submit Form 7_Section A

2019-02-21 16:43:55 - [TEST_STEP][PASSED] - setText(findTestObject("ZhiHao/General_User_Submit_form 7/GN_Submit Form 7_Section A/Page_PERKESO/input__employeeDob_A4"), "11/12/1987"): Text '11/12/1987' is set on object 'Object Repository/ZhiHao/General_User_Submit_form 7/GN_Submit Form 7_Section A/Page_PERKESO/input__employeeDob_A4'

2019-02-21 16:43:56 - [MESSAGE][PASSED] - Text '11/12/1987' is set on object 'Object Repository/ZhiHao/General_User_Submit_form 7/GN_Submit Form 7_Section A/Page_PERKESO/input__employeeDob_A4'

2019-02-21 16:43:56 - [TEST_STEP][PASSED] - click(findTestObject("ZhiHao/General_User_Submit_form 7/GN_Submit Form 7_Section A/Page_PERKESO/button_Done_A4")): Object: 'Object Repository/ZhiHao/General_User_Submit_form 7/GN_Submit Form 7_Section A/Page_PERKESO/button_Done_A4' is clicked on

2019-02-21 16:43:56 - [MESSAGE][PASSED] - Object: 'Object Repository/ZhiHao/General_User_Submit_form 7/GN_Submit Form 7_Section A/Page_PERKESO/button_Done_A4' is clicked on

2019-02-21 16:43:56 - [TEST_STEP][PASSED] - click(findTestObject("ZhiHao/General_User_Submit_form 7/GN_Submit Form 7_Section A/Page_PERKESO/span_A5")): Object: 'Object Repository/ZhiHao/General_User_Submit_form 7/GN_Submit Form 7_Section A/Page_PERKESO/span_A5' is clicked on

2019-02-21 16:43:56 - [MESSAGE][PASSED] - Object: 'Object Repository/ZhiHao/General_User_Submit_form 7/GN_Submit Form 7_Section A/Page_PERKESO/span_A5' is clicked on

2019-02-21 16:43:56 - [TEST_STEP][PASSED] - click(findTestObject("ZhiHao/General_User_Submit_form 7/GN_Submit Form 7_Section A/Page_PERKESO/select_Bumiputera Sabah_A5")): Object: 'Object Repository/ZhiHao/General_User_Submit_form 7/GN_Submit Form 7_Section A/Page_PERKESO/select_Bumiputera Sabah_A5' is clicked on

2019-02-21 16:43:56 - [MESSAGE][PASSED] - Object: 'Object Repository/ZhiHao/General_User_Submit_form 7/GN_Submit Form 7_Section A/Page_PERKESO/select_Bumiputera Sabah_A5' is clicked on

2019-02-21 16:43:56 - [TEST_STEP][PASSED] - click(findTestObject("ZhiHao/General_User_Submit_form 7/GN_Submit Form 7_Section A/Page_PERKESO/span_A6")): Object: 'Object Repository/ZhiHao/General_User_Submit_form 7/GN_Submit Form 7_Section A/Page_PERKESO/span_A6' is clicked on

2019-02-21 16:43:57 - [MESSAGE][PASSED] - Object: 'Object Repository/ZhiHao/General_User_Submit_form 7/GN_Submit Form 7_Section A/Page_PERKESO/span_A6' is clicked on

2019-02-21 16:43:57 - [TEST_STEP][PASSED] - click(findTestObject("ZhiHao/General_User_Submit_form 7/GN_Submit Form 7_Section A/Page_PERKESO/select_Lelaki_A6")): Object: 'Object Repository/ZhiHao/General_User_Submit_form 7/GN_Submit Form 7_Section A/Page_PERKESO/select_Lelaki_A6' is clicked on

2019-02-21 16:43:57 - [MESSAGE][PASSED] - Object: 'Object Repository/ZhiHao/General_User_Submit_form 7/GN_Submit Form 7_Section A/Page_PERKESO/select_Lelaki_A6' is clicked on

2019-02-21 16:43:57 - [TEST_STEP][PASSED] - click(findTestObject("ZhiHao/General_User_Submit_form 7/GN_Submit Form 7_Section A/Page_PERKESO/span_A7")): Object: 'Object Repository/ZhiHao/General_User_Submit_form 7/GN_Submit Form 7_Section A/Page_PERKESO/span_A7' is clicked on

2019-02-21 16:43:57 - [MESSAGE][PASSED] - Object: 'Object Repository/ZhiHao/General_User_Submit_form 7/GN_Submit Form 7_Section A/Page_PERKESO/span_A7' is clicked on

2019-02-21 16:43:57 - [TEST_STEP][PASSED] - click(findTestObject("ZhiHao/General_User_Submit_form 7/GN_Submit Form 7_Section A/Page_PERKESO/select_Malaysia_A7")): Object: 'Object Repository/ZhiHao/General_User_Submit_form 7/GN_Submit Form 7_Section A/Page_PERKESO/select_Malaysia_A7' is clicked on

2019-02-21 16:43:57 - [MESSAGE][PASSED] - Object: 'Object Repository/ZhiHao/General_User_Submit_form 7/GN_Submit Form 7_Section A/Page_PERKESO/select_Malaysia_A7' is clicked on

2019-02-21 16:43:57 - [TEST_STEP][PASSED] - click(findTestObject("ZhiHao/General_User_Submit_form 7/GN_Submit Form 7_Section A/Page_PERKESO/span_A8")): Object: 'Object Repository/ZhiHao/General_User_Submit_form 7/GN_Submit Form 7_Section A/Page_PERKESO/span_A8' is clicked on

2019-02-21 16:43:57 - [MESSAGE][PASSED] - Object: 'Object Repository/ZhiHao/General_User_Submit_form 7/GN_Submit Form 7_Section A/Page_PERKESO/span_A8' is clicked on

2019-02-21 16:43:57 - [TEST_STEP][PASSED] - click(findTestObject("ZhiHao/General_User_Submit_form 7/GN_Submit Form 7_Section A/Page_PERKESO/select_Berkahwin_A8")): Object: 'Object Repository/ZhiHao/General_User_Submit_form 7/GN_Submit Form 7_Section A/Page_PERKESO/select_Berkahwin_A8' is clicked on

2019-02-21 16:43:57 - [MESSAGE][PASSED] - Object: 'Object Repository/ZhiHao/General_User_Submit_form 7/GN_Submit Form 7_Section A/Page_PERKESO/select_Berkahwin_A8' is clicked on

2019-02-21 16:43:57 - [TEST_STEP][PASSED] - setText(findTestObject("ZhiHao/General_User_Submit_form 7/GN_Submit Form 7_Section A/Page_PERKESO/input__address1_A9"), "NO1, taman jaya"): Text 'NO1, taman jaya' is set on object 'Object Repository/ZhiHao/General_User_Submit_form 7/GN_Submit Form 7_Section A/Page_PERKESO/input__address1_A9'

2019-02-21 16:43:58 - [MESSAGE][PASSED] - Text 'NO1, taman jaya' is set on object 'Object Repository/ZhiHao/General_User_Submit_form 7/GN_Submit Form 7_Section A/Page_PERKESO/input__address1_A9'

2019-02-21 16:43:58 - [TEST_STEP][PASSED] - click(findTestObject("ZhiHao/General_User_Submit_form 7/GN_Submit Form 7_Section A/Page_PERKESO/span_A10")): Object: 'Object Repository/ZhiHao/General_User_Submit_form 7/GN_Submit Form 7_Section A/Page_PERKESO/span_A10' is clicked on

2019-02-21 16:43:58 - [MESSAGE][PASSED] - Object: 'Object Repository/ZhiHao/General_User_Submit_form 7/GN_Submit Form 7_Section A/Page_PERKESO/span_A10' is clicked on

2019-02-21 16:43:58 - [TEST_STEP][PASSED] - delay(3): Delayed 3 second(s)

2019-02-21 16:44:01 - [MESSAGE][PASSED] - Delayed 3 second(s)

2019-02-21 16:44:01 - [TEST_STEP][PASSED] - click(findTestObject("ZhiHao/General_User_Submit_form 7/GN_Submit Form 7_Section A/Page_PERKESO/select_JOHOR_A10")): Object: 'Object Repository/ZhiHao/General_User_Submit_form 7/GN_Submit Form 7_Section A/Page_PERKESO/select_JOHOR_A10' is clicked on

2019-02-21 16:44:01 - [MESSAGE][PASSED] - Object: 'Object Repository/ZhiHao/General_User_Submit_form 7/GN_Submit Form 7_Section A/Page_PERKESO/select_JOHOR_A10' is clicked on

2019-02-21 16:44:01 - [TEST_STEP][PASSED] - delay(3): Delayed 3 second(s)

2019-02-21 16:44:04 - [MESSAGE][PASSED] - Delayed 3 second(s)

2019-02-21 16:44:04 - [TEST_STEP][PASSED] - click(findTestObject("ZhiHao/General_User_Submit_form 7/GN_Submit Form 7_Section A/Page_PERKESO/span_A11")): Object: 'Object Repository/ZhiHao/General_User_Submit_form 7/GN_Submit Form 7_Section A/Page_PERKESO/span_A11' is clicked on

2019-02-21 16:44:04 - [MESSAGE][PASSED] - Object: 'Object Repository/ZhiHao/General_User_Submit_form 7/GN_Submit Form 7_Section A/Page_PERKESO/span_A11' is clicked on

2019-02-21 16:44:04 - [TEST_STEP][PASSED] - delay(3): Delayed 3 second(s)

2019-02-21 16:44:07 - [MESSAGE][PASSED] - Delayed 3 second(s)

2019-02-21 16:44:07 - [TEST_STEP][PASSED] - setText(findTestObject("ZhiHao/General_User_Submit_form 7/GN_Submit Form 7_Section A/Page_PERKESO/input_Search Bandar_A11 (1)"), "jo"): Text 'jo' is set on object 'Object Repository/ZhiHao/General_User_Submit_form 7/GN_Submit Form 7_Section A/Page_PERKESO/input_Search Bandar_A11 (1)'

2019-02-21 16:44:08 - [MESSAGE][PASSED] - Text 'jo' is set on object 'Object Repository/ZhiHao/General_User_Submit_form 7/GN_Submit Form 7_Section A/Page_PERKESO/input_Search Bandar_A11 (1)'

2019-02-21 16:44:08 - [TEST_STEP][PASSED] - delay(3): Delayed 3 second(s)

2019-02-21 16:44:11 - [MESSAGE][PASSED] - Delayed 3 second(s)

2019-02-21 16:44:11 - [TEST_STEP][PASSED] - setText(findTestObject("ZhiHao/General_User_Submit_form 7/GN_Submit Form 7_Section A/Page_PERKESO/input_Search Bandar_A11 (2)"), "jo"): Text 'jo' is set on object 'Object Repository/ZhiHao/General_User_Submit_form 7/GN_Submit Form 7_Section A/Page_PERKESO/input_Search Bandar_A11 (2)'

2019-02-21 16:44:11 - [MESSAGE][PASSED] - Text 'jo' is set on object 'Object Repository/ZhiHao/General_User_Submit_form 7/GN_Submit Form 7_Section A/Page_PERKESO/input_Search Bandar_A11 (2)'

2019-02-21 16:44:11 - [TEST_STEP][PASSED] - delay(3): Delayed 3 second(s)

2019-02-21 16:44:14 - [MESSAGE][PASSED] - Delayed 3 second(s)

2019-02-21 16:44:14 - [TEST_STEP][PASSED] - click(findTestObject("ZhiHao/General_User_Submit_form 7/GN_Submit Form 7_Section A/Page_PERKESO/select_JOHOR BAHRU_A11")): Object: 'Object Repository/ZhiHao/General_User_Submit_form 7/GN_Submit Form 7_Section A/Page_PERKESO/select_JOHOR BAHRU_A11' is clicked on

2019-02-21 16:44:14 - [MESSAGE][PASSED] - Object: 'Object Repository/ZhiHao/General_User_Submit_form 7/GN_Submit Form 7_Section A/Page_PERKESO/select_JOHOR BAHRU_A11' is clicked on

2019-02-21 16:44:14 - [TEST_STEP][PASSED] - delay(5): Delayed 5 second(s)

2019-02-21 16:44:19 - [MESSAGE][PASSED] - Delayed 5 second(s)

2019-02-21 16:44:19 - [TEST_STEP][PASSED] - click(findTestObject("ZhiHao/General_User_Submit_form 7/GN_Submit Form 7_Section A/Page_PERKESO/span_A12")): Object: 'Object Repository/ZhiHao/General_User_Submit_form 7/GN_Submit Form 7_Section A/Page_PERKESO/span_A12' is clicked on

2019-02-21 16:44:19 - [MESSAGE][PASSED] - Object: 'Object Repository/ZhiHao/General_User_Submit_form 7/GN_Submit Form 7_Section A/Page_PERKESO/span_A12' is clicked on

2019-02-21 16:44:19 - [TEST_STEP][PASSED] - setText(findTestObject("ZhiHao/General_User_Submit_form 7/GN_Submit Form 7_Section A/Page_PERKESO/input_Search Postcode_A12"), "80"): Text '80' is set on object 'Object Repository/ZhiHao/General_User_Submit_form 7/GN_Submit Form 7_Section A/Page_PERKESO/input_Search Postcode_A12'

2019-02-21 16:44:19 - [MESSAGE][PASSED] - Text '80' is set on object 'Object Repository/ZhiHao/General_User_Submit_form 7/GN_Submit Form 7_Section A/Page_PERKESO/input_Search Postcode_A12'

2019-02-21 16:44:19 - [TEST_STEP][PASSED] - delay(3): Delayed 3 second(s)

2019-02-21 16:44:22 - [MESSAGE][PASSED] - Delayed 3 second(s)

2019-02-21 16:44:22 - [TEST_STEP][PASSED] - click(findTestObject("ZhiHao/General_User_Submit_form 7/GN_Submit Form 7_Section A/Page_PERKESO/select_80000_A12")): Object: 'Object Repository/ZhiHao/General_User_Submit_form 7/GN_Submit Form 7_Section A/Page_PERKESO/select_80000_A12' is clicked on

2019-02-21 16:44:23 - [MESSAGE][PASSED] - Object: 'Object Repository/ZhiHao/General_User_Submit_form 7/GN_Submit Form 7_Section A/Page_PERKESO/select_80000_A12' is clicked on

2019-02-21 16:44:23 - [TEST_STEP][PASSED] - delay(3): Delayed 3 second(s)

2019-02-21 16:44:26 - [MESSAGE][PASSED] - Delayed 3 second(s)

2019-02-21 16:44:26 - [TEST_STEP][PASSED] - setText(findTestObject("ZhiHao/General_User_Submit_form 7/GN_Submit Form 7_Section A/Page_PERKESO/input__mobileContact1_A13"), "0122837465"): Text '0122837465' is set on object 'Object Repository/ZhiHao/General_User_Submit_form 7/GN_Submit Form 7_Section A/Page_PERKESO/input__mobileContact1_A13'

2019-02-21 16:44:26 - [MESSAGE][PASSED] - Text '0122837465' is set on object 'Object Repository/ZhiHao/General_User_Submit_form 7/GN_Submit Form 7_Section A/Page_PERKESO/input__mobileContact1_A13'

2019-02-21 16:44:26 - [TEST_STEP][PASSED] - click(findTestObject("ZhiHao/General_User_Submit_form 7/GN_Submit Form 7_Section A/Page_PERKESO/button_Halaman Seterus")): Object: 'Object Repository/ZhiHao/General_User_Submit_form 7/GN_Submit Form 7_Section A/Page_PERKESO/button_Halaman Seterus' is clicked on

2019-02-21 16:44:26 - [MESSAGE][PASSED] - Object: 'Object Repository/ZhiHao/General_User_Submit_form 7/GN_Submit Form 7_Section A/Page_PERKESO/button_Halaman Seterus' is clicked on

2019-02-21 16:44:26 - [TEST_STEP][PASSED] - delay(5): Delayed 5 second(s)

2019-02-21 16:44:31 - [MESSAGE][PASSED] - Delayed 5 second(s)

2019-02-21 16:44:31 - [MESSAGE][PASSED] - Call Test Case 'Test Cases/All TC/Arranged/3. Unit/EI/GN submit form 7/GN_Submit Form 7_Section A' successfully

2019-02-21 16:44:31 - [TEST_STEP][PASSED] - callTestCase(findTestCase("All TC/Arranged/3. Unit/EI/GN submit form 7/GN_Submit Form 7_Section B"), [:], STOP_ON_FAILURE): Call Test Case 'Test Cases/All TC/Arranged/3. Unit/EI/GN submit form 7/GN_Submit Form 7_Section B' successfully

2019-02-21 16:44:31 - [TEST_CASE][PASSED] - Test Cases/All TC/Arranged/3. Unit/EI/GN submit form 7/GN_Submit Form 7_Section B: Test Cases/All TC/Arranged/3. Unit/EI/GN submit form 7/GN_Submit Form 7_Section B

2019-02-21 16:44:31 - [TEST_STEP][PASSED] - delay(2): Delayed 2 second(s)

2019-02-21 16:44:33 - [MESSAGE][PASSED] - Delayed 2 second(s)

2019-02-21 16:44:33 - [TEST_STEP][PASSED] - click(findTestObject("ZhiHao/General_User_Submit_form 7/GN_Submit Form 7_Section B/Page_PERKESO/span_B1")): Object: 'Object Repository/ZhiHao/General_User_Submit_form 7/GN_Submit Form 7_Section B/Page_PERKESO/span_B1' is clicked on

2019-02-21 16:44:34 - [MESSAGE][PASSED] - Object: 'Object Repository/ZhiHao/General_User_Submit_form 7/GN_Submit Form 7_Section B/Page_PERKESO/span_B1' is clicked on

2019-02-21 16:44:34 - [TEST_STEP][PASSED] - setText(findTestObject("ZhiHao/General_User_Submit_form 7/GN_Submit Form 7_Section B/Page_PERKESO/input_Search Jawatan_B1 (1)"), "of"): Text 'of' is set on object 'Object Repository/ZhiHao/General_User_Submit_form 7/GN_Submit Form 7_Section B/Page_PERKESO/input_Search Jawatan_B1 (1)'

2019-02-21 16:44:34 - [MESSAGE][PASSED] - Text 'of' is set on object 'Object Repository/ZhiHao/General_User_Submit_form 7/GN_Submit Form 7_Section B/Page_PERKESO/input_Search Jawatan_B1 (1)'

2019-02-21 16:44:34 - [TEST_STEP][PASSED] - setText(findTestObject("ZhiHao/General_User_Submit_form 7/GN_Submit Form 7_Section B/Page_PERKESO/input_Search Jawatan_B1 (2)"), "of"): Text 'of' is set on object 'Object Repository/ZhiHao/General_User_Submit_form 7/GN_Submit Form 7_Section B/Page_PERKESO/input_Search Jawatan_B1 (2)'

2019-02-21 16:44:34 - [MESSAGE][PASSED] - Text 'of' is set on object 'Object Repository/ZhiHao/General_User_Submit_form 7/GN_Submit Form 7_Section B/Page_PERKESO/input_Search Jawatan_B1 (2)'

2019-02-21 16:44:34 - [TEST_STEP][PASSED] - click(findTestObject("ZhiHao/General_User_Submit_form 7/GN_Submit Form 7_Section B/Page_PERKESO/select_Ahli Geofizik Kanan_B1")): Object: 'Object Repository/ZhiHao/General_User_Submit_form 7/GN_Submit Form 7_Section B/Page_PERKESO/select_Ahli Geofizik Kanan_B1' is clicked on

2019-02-21 16:44:34 - [MESSAGE][PASSED] - Object: 'Object Repository/ZhiHao/General_User_Submit_form 7/GN_Submit Form 7_Section B/Page_PERKESO/select_Ahli Geofizik Kanan_B1' is clicked on

2019-02-21 16:44:34 - [TEST_STEP][PASSED] - click(findTestObject("ZhiHao/General_User_Submit_form 7/GN_Submit Form 7_Section B/Page_PERKESO/input__lastEmploymentStartDate_B2")): Object: 'Object Repository/ZhiHao/General_User_Submit_form 7/GN_Submit Form 7_Section B/Page_PERKESO/input__lastEmploymentStartDate_B2' is clicked on

2019-02-21 16:44:34 - [MESSAGE][PASSED] - Object: 'Object Repository/ZhiHao/General_User_Submit_form 7/GN_Submit Form 7_Section B/Page_PERKESO/input__lastEmploymentStartDate_B2' is clicked on

2019-02-21 16:44:34 - [TEST_STEP][PASSED] - setText(findTestObject("ZhiHao/General_User_Submit_form 7/GN_Submit Form 7_Section B/Page_PERKESO/input__lastEmploymentStartDate_B2"), "1/1/2010"): Text '1/1/2010' is set on object 'Object Repository/ZhiHao/General_User_Submit_form 7/GN_Submit Form 7_Section B/Page_PERKESO/input__lastEmploymentStartDate_B2'

2019-02-21 16:44:35 - [MESSAGE][PASSED] - Text '1/1/2010' is set on object 'Object Repository/ZhiHao/General_User_Submit_form 7/GN_Submit Form 7_Section B/Page_PERKESO/input__lastEmploymentStartDate_B2'

2019-02-21 16:44:35 - [TEST_STEP][PASSED] - click(findTestObject("ZhiHao/General_User_Submit_form 7/GN_Submit Form 7_Section B/Page_PERKESO/button_Done_B2")): Object: 'Object Repository/ZhiHao/General_User_Submit_form 7/GN_Submit Form 7_Section B/Page_PERKESO/button_Done_B2' is clicked on

2019-02-21 16:44:35 - [MESSAGE][PASSED] - Object: 'Object Repository/ZhiHao/General_User_Submit_form 7/GN_Submit Form 7_Section B/Page_PERKESO/button_Done_B2' is clicked on

2019-02-21 16:44:35 - [TEST_STEP][PASSED] - click(findTestObject("ZhiHao/General_User_Submit_form 7/GN_Submit Form 7_Section B/Page_PERKESO/span_B4")): Object: 'Object Repository/ZhiHao/General_User_Submit_form 7/GN_Submit Form 7_Section B/Page_PERKESO/span_B4' is clicked on

2019-02-21 16:44:35 - [MESSAGE][PASSED] - Object: 'Object Repository/ZhiHao/General_User_Submit_form 7/GN_Submit Form 7_Section B/Page_PERKESO/span_B4' is clicked on

2019-02-21 16:44:35 - [TEST_STEP][PASSED] - click(findTestObject("ZhiHao/General_User_Submit_form 7/GN_Submit Form 7_Section B/Page_PERKESO/select_Tetap_B4")): Object: 'Object Repository/ZhiHao/General_User_Submit_form 7/GN_Submit Form 7_Section B/Page_PERKESO/select_Tetap_B4' is clicked on

2019-02-21 16:44:35 - [MESSAGE][PASSED] - Object: 'Object Repository/ZhiHao/General_User_Submit_form 7/GN_Submit Form 7_Section B/Page_PERKESO/select_Tetap_B4' is clicked on

2019-02-21 16:44:35 - [TEST_STEP][PASSED] - setText(findTestObject("ZhiHao/General_User_Submit_form 7/GN_Submit Form 7_Section B/Page_PERKESO/input_Gaji (RM)_B5"), "3000"): Text '3000' is set on object 'Object Repository/ZhiHao/General_User_Submit_form 7/GN_Submit Form 7_Section B/Page_PERKESO/input_Gaji (RM)_B5'

2019-02-21 16:44:35 - [MESSAGE][PASSED] - Text '3000' is set on object 'Object Repository/ZhiHao/General_User_Submit_form 7/GN_Submit Form 7_Section B/Page_PERKESO/input_Gaji (RM)_B5'

2019-02-21 16:44:35 - [TEST_STEP][PASSED] - setText(findTestObject("ZhiHao/General_User_Submit_form 7/GN_Submit Form 7_Section B/Page_PERKESO/input_Gaji (RM)_B5(2)"), "3000"): Text '3000' is set on object 'Object Repository/ZhiHao/General_User_Submit_form 7/GN_Submit Form 7_Section B/Page_PERKESO/input_Gaji (RM)_B5(2)'

2019-02-21 16:44:36 - [MESSAGE][PASSED] - Text '3000' is set on object 'Object Repository/ZhiHao/General_User_Submit_form 7/GN_Submit Form 7_Section B/Page_PERKESO/input_Gaji (RM)_B5(2)'

2019-02-21 16:44:36 - [TEST_STEP][PASSED] - setText(findTestObject("ZhiHao/General_User_Submit_form 7/GN_Submit Form 7_Section B/Page_PERKESO/input_Gaji (RM)_B5(3)"), "3000"): Text '3000' is set on object 'Object Repository/ZhiHao/General_User_Submit_form 7/GN_Submit Form 7_Section B/Page_PERKESO/input_Gaji (RM)_B5(3)'

2019-02-21 16:44:36 - [MESSAGE][PASSED] - Text '3000' is set on object 'Object Repository/ZhiHao/General_User_Submit_form 7/GN_Submit Form 7_Section B/Page_PERKESO/input_Gaji (RM)_B5(3)'

2019-02-21 16:44:36 - [TEST_STEP][PASSED] - setText(findTestObject("ZhiHao/General_User_Submit_form 7/GN_Submit Form 7_Section B/Page_PERKESO/input_Gaji (RM)_B5(4)"), "3000"): Text '3000' is set on object 'Object Repository/ZhiHao/General_User_Submit_form 7/GN_Submit Form 7_Section B/Page_PERKESO/input_Gaji (RM)_B5(4)'

2019-02-21 16:44:36 - [MESSAGE][PASSED] - Text '3000' is set on object 'Object Repository/ZhiHao/General_User_Submit_form 7/GN_Submit Form 7_Section B/Page_PERKESO/input_Gaji (RM)_B5(4)'

2019-02-21 16:44:36 - [TEST_STEP][PASSED] - setText(findTestObject("ZhiHao/General_User_Submit_form 7/GN_Submit Form 7_Section B/Page_PERKESO/input_Gaji (RM)_B5(5)"), "3000"): Text '3000' is set on object 'Object Repository/ZhiHao/General_User_Submit_form 7/GN_Submit Form 7_Section B/Page_PERKESO/input_Gaji (RM)_B5(5)'

2019-02-21 16:44:36 - [MESSAGE][PASSED] - Text '3000' is set on object 'Object Repository/ZhiHao/General_User_Submit_form 7/GN_Submit Form 7_Section B/Page_PERKESO/input_Gaji (RM)_B5(5)'

2019-02-21 16:44:36 - [TEST_STEP][PASSED] - setText(findTestObject("ZhiHao/General_User_Submit_form 7/GN_Submit Form 7_Section B/Page_PERKESO/input_Gaji (RM)_B5(6)"), "3000"): Text '3000' is set on object 'Object Repository/ZhiHao/General_User_Submit_form 7/GN_Submit Form 7_Section B/Page_PERKESO/input_Gaji (RM)_B5(6)'

2019-02-21 16:44:37 - [MESSAGE][PASSED] - Text '3000' is set on object 'Object Repository/ZhiHao/General_User_Submit_form 7/GN_Submit Form 7_Section B/Page_PERKESO/input_Gaji (RM)_B5(6)'

2019-02-21 16:44:37 - [TEST_STEP][PASSED] - setText(findTestObject("ZhiHao/General_User_Submit_form 7/GN_Submit Form 7_Section B/Page_PERKESO/input_Gaji (RM)_B5(7)"), "3000"): Text '3000' is set on object 'Object Repository/ZhiHao/General_User_Submit_form 7/GN_Submit Form 7_Section B/Page_PERKESO/input_Gaji (RM)_B5(7)'

2019-02-21 16:44:37 - [MESSAGE][PASSED] - Text '3000' is set on object 'Object Repository/ZhiHao/General_User_Submit_form 7/GN_Submit Form 7_Section B/Page_PERKESO/input_Gaji (RM)_B5(7)'

2019-02-21 16:44:37 - [TEST_STEP][PASSED] - setText(findTestObject("ZhiHao/General_User_Submit_form 7/GN_Submit Form 7_Section B/Page_PERKESO/input_Gaji (RM)_B5(8)"), "3000"): Text '3000' is set on object 'Object Repository/ZhiHao/General_User_Submit_form 7/GN_Submit Form 7_Section B/Page_PERKESO/input_Gaji (RM)_B5(8)'

2019-02-21 16:44:37 - [MESSAGE][PASSED] - Text '3000' is set on object 'Object Repository/ZhiHao/General_User_Submit_form 7/GN_Submit Form 7_Section B/Page_PERKESO/input_Gaji (RM)_B5(8)'

2019-02-21 16:44:37 - [TEST_STEP][PASSED] - click(findTestObject("ZhiHao/General_User_Submit_form 7/GN_Submit Form 7_Section B/Page_PERKESO/span_B6")): Object: 'Object Repository/ZhiHao/General_User_Submit_form 7/GN_Submit Form 7_Section B/Page_PERKESO/span_B6' is clicked on

2019-02-21 16:44:37 - [MESSAGE][PASSED] - Object: 'Object Repository/ZhiHao/General_User_Submit_form 7/GN_Submit Form 7_Section B/Page_PERKESO/span_B6' is clicked on

2019-02-21 16:44:37 - [TEST_STEP][PASSED] - click(findTestObject("ZhiHao/General_User_Submit_form 7/GN_Submit Form 7_Section B/Page_PERKESO/select_Diberhentikan tanpa sebab_B6")): Object: 'Object Repository/ZhiHao/General_User_Submit_form 7/GN_Submit Form 7_Section B/Page_PERKESO/select_Diberhentikan tanpa sebab_B6' is clicked on

2019-02-21 16:44:37 - [MESSAGE][PASSED] - Object: 'Object Repository/ZhiHao/General_User_Submit_form 7/GN_Submit Form 7_Section B/Page_PERKESO/select_Diberhentikan tanpa sebab_B6' is clicked on

2019-02-21 16:44:37 - [TEST_STEP][PASSED] - delay(2): Delayed 2 second(s)

2019-02-21 16:44:39 - [MESSAGE][PASSED] - Delayed 2 second(s)

2019-02-21 16:44:39 - [TEST_STEP][PASSED] - click(findTestObject("ZhiHao/General_User_Submit_form 7/GN_Submit Form 7_Section B/Page_PERKESO/input__averageWorkingHour_B7")): Object: 'Object Repository/ZhiHao/General_User_Submit_form 7/GN_Submit Form 7_Section B/Page_PERKESO/input__averageWorkingHour_B7' is clicked on

2019-02-21 16:44:39 - [MESSAGE][PASSED] - Object: 'Object Repository/ZhiHao/General_User_Submit_form 7/GN_Submit Form 7_Section B/Page_PERKESO/input__averageWorkingHour_B7' is clicked on

2019-02-21 16:44:39 - [TEST_STEP][PASSED] - setText(findTestObject("ZhiHao/General_User_Submit_form 7/GN_Submit Form 7_Section B/Page_PERKESO/input__averageWorkingHour_B7"), "33"): Text '33' is set on object 'Object Repository/ZhiHao/General_User_Submit_form 7/GN_Submit Form 7_Section B/Page_PERKESO/input__averageWorkingHour_B7'

2019-02-21 16:44:40 - [MESSAGE][PASSED] - Text '33' is set on object 'Object Repository/ZhiHao/General_User_Submit_form 7/GN_Submit Form 7_Section B/Page_PERKESO/input__averageWorkingHour_B7'

2019-02-21 16:44:40 - [TEST_STEP][PASSED] - click(findTestObject("ZhiHao/General_User_Submit_form 7/GN_Submit Form 7_Section B/Page_PERKESO/input_Tidak_B9")): Object: 'Object Repository/ZhiHao/General_User_Submit_form 7/GN_Submit Form 7_Section B/Page_PERKESO/input_Tidak_B9' is clicked on

2019-02-21 16:44:40 - [MESSAGE][PASSED] - Object: 'Object Repository/ZhiHao/General_User_Submit_form 7/GN_Submit Form 7_Section B/Page_PERKESO/input_Tidak_B9' is clicked on

2019-02-21 16:44:40 - [TEST_STEP][PASSED] - click(findTestObject("ZhiHao/General_User_Submit_form 7/GN_Submit Form 7_Section B/Page_PERKESO/input_Tidak_B10")): Object: 'Object Repository/ZhiHao/General_User_Submit_form 7/GN_Submit Form 7_Section B/Page_PERKESO/input_Tidak_B10' is clicked on

2019-02-21 16:44:40 - [MESSAGE][PASSED] - Object: 'Object Repository/ZhiHao/General_User_Submit_form 7/GN_Submit Form 7_Section B/Page_PERKESO/input_Tidak_B10' is clicked on

2019-02-21 16:44:40 - [TEST_STEP][PASSED] - click(findTestObject("ZhiHao/General_User_Submit_form 7/GN_Submit Form 7_Section B/Page_PERKESO/button_Halaman Seterus")): Object: 'Object Repository/ZhiHao/General_User_Submit_form 7/GN_Submit Form 7_Section B/Page_PERKESO/button_Halaman Seterus' is clicked on

2019-02-21 16:44:40 - [MESSAGE][PASSED] - Object: 'Object Repository/ZhiHao/General_User_Submit_form 7/GN_Submit Form 7_Section B/Page_PERKESO/button_Halaman Seterus' is clicked on

2019-02-21 16:44:40 - [TEST_STEP][PASSED] - delay(3): Delayed 3 second(s)

2019-02-21 16:44:43 - [MESSAGE][PASSED] - Delayed 3 second(s)

2019-02-21 16:44:43 - [MESSAGE][PASSED] - Call Test Case 'Test Cases/All TC/Arranged/3. Unit/EI/GN submit form 7/GN_Submit Form 7_Section B' successfully

2019-02-21 16:44:43 - [TEST_STEP][PASSED] - callTestCase(findTestCase("All TC/Arranged/3. Unit/EI/GN submit form 7/GN_Submit Form 7_Section C-D"), [:], STOP_ON_FAILURE): Call Test Case 'Test Cases/All TC/Arranged/3. Unit/EI/GN submit form 7/GN_Submit Form 7_Section C-D' successfully

2019-02-21 16:44:43 - [TEST_CASE][PASSED] - Test Cases/All TC/Arranged/3. Unit/EI/GN submit form 7/GN_Submit Form 7_Section C-D: Test Cases/All TC/Arranged/3. Unit/EI/GN submit form 7/GN_Submit Form 7_Section C-D

2019-02-21 16:44:43 - [TEST_STEP][PASSED] - click(findTestObject("ZhiHao/General_User_Submit_form 7/GN_Submit Form 7_Section C-D/Page_PERKESO/input__employer address_C4")): Object: 'Object Repository/ZhiHao/General_User_Submit_form 7/GN_Submit Form 7_Section C-D/Page_PERKESO/input__employer address_C4' is clicked on

2019-02-21 16:44:44 - [MESSAGE][PASSED] - Object: 'Object Repository/ZhiHao/General_User_Submit_form 7/GN_Submit Form 7_Section C-D/Page_PERKESO/input__employer address_C4' is clicked on

2019-02-21 16:44:44 - [TEST_STEP][PASSED] - setText(findTestObject("ZhiHao/General_User_Submit_form 7/GN_Submit Form 7_Section C-D/Page_PERKESO/input__employer address_C4"), "11, hahaha"): Text '11, hahaha' is set on object 'Object Repository/ZhiHao/General_User_Submit_form 7/GN_Submit Form 7_Section C-D/Page_PERKESO/input__employer address_C4'

2019-02-21 16:44:44 - [MESSAGE][PASSED] - Text '11, hahaha' is set on object 'Object Repository/ZhiHao/General_User_Submit_form 7/GN_Submit Form 7_Section C-D/Page_PERKESO/input__employer address_C4'

2019-02-21 16:44:44 - [TEST_STEP][PASSED] - click(findTestObject("ZhiHao/General_User_Submit_form 7/GN_Submit Form 7_Section C-D/Page_PERKESO/span_C5")): Object: 'Object Repository/ZhiHao/General_User_Submit_form 7/GN_Submit Form 7_Section C-D/Page_PERKESO/span_C5' is clicked on

2019-02-21 16:44:44 - [MESSAGE][PASSED] - Object: 'Object Repository/ZhiHao/General_User_Submit_form 7/GN_Submit Form 7_Section C-D/Page_PERKESO/span_C5' is clicked on

2019-02-21 16:44:44 - [TEST_STEP][PASSED] - delay(2): Delayed 2 second(s)

2019-02-21 16:44:46 - [MESSAGE][PASSED] - Delayed 2 second(s)

2019-02-21 16:44:46 - [TEST_STEP][PASSED] - click(findTestObject("ZhiHao/General_User_Submit_form 7/GN_Submit Form 7_Section C-D/Page_PERKESO/select_JOHOR_C5")): Object: 'Object Repository/ZhiHao/General_User_Submit_form 7/GN_Submit Form 7_Section C-D/Page_PERKESO/select_JOHOR_C5' is clicked on

2019-02-21 16:44:46 - [MESSAGE][PASSED] - Object: 'Object Repository/ZhiHao/General_User_Submit_form 7/GN_Submit Form 7_Section C-D/Page_PERKESO/select_JOHOR_C5' is clicked on

2019-02-21 16:44:46 - [TEST_STEP][PASSED] - delay(2): Delayed 2 second(s)

2019-02-21 16:44:48 - [MESSAGE][PASSED] - Delayed 2 second(s)

2019-02-21 16:44:48 - [TEST_STEP][PASSED] - click(findTestObject("ZhiHao/General_User_Submit_form 7/GN_Submit Form 7_Section C-D/Page_PERKESO/span_C6")): Object: 'Object Repository/ZhiHao/General_User_Submit_form 7/GN_Submit Form 7_Section C-D/Page_PERKESO/span_C6' is clicked on

2019-02-21 16:44:48 - [MESSAGE][PASSED] - Object: 'Object Repository/ZhiHao/General_User_Submit_form 7/GN_Submit Form 7_Section C-D/Page_PERKESO/span_C6' is clicked on

2019-02-21 16:44:48 - [TEST_STEP][PASSED] - delay(2): Delayed 2 second(s)

2019-02-21 16:44:50 - [MESSAGE][PASSED] - Delayed 2 second(s)

2019-02-21 16:44:50 - [TEST_STEP][PASSED] - setText(findTestObject("ZhiHao/General_User_Submit_form 7/GN_Submit Form 7_Section C-D/Page_PERKESO/input_Done_select2-search__fie_C6_C7"), "jo"): Text 'jo' is set on object 'Object Repository/ZhiHao/General_User_Submit_form 7/GN_Submit Form 7_Section C-D/Page_PERKESO/input_Done_select2-search__fie_C6_C7'

2019-02-21 16:44:51 - [MESSAGE][PASSED] - Text 'jo' is set on object 'Object Repository/ZhiHao/General_User_Submit_form 7/GN_Submit Form 7_Section C-D/Page_PERKESO/input_Done_select2-search__fie_C6_C7'

2019-02-21 16:44:51 - [TEST_STEP][PASSED] - delay(2): Delayed 2 second(s)

2019-02-21 16:44:53 - [MESSAGE][PASSED] - Delayed 2 second(s)

2019-02-21 16:44:53 - [TEST_STEP][PASSED] - setText(findTestObject("ZhiHao/General_User_Submit_form 7/GN_Submit Form 7_Section C-D/Page_PERKESO/input_Search Bandar_C6"), "jo"): Text 'jo' is set on object 'Object Repository/ZhiHao/General_User_Submit_form 7/GN_Submit Form 7_Section C-D/Page_PERKESO/input_Search Bandar_C6'

2019-02-21 16:44:53 - [MESSAGE][PASSED] - Text 'jo' is set on object 'Object Repository/ZhiHao/General_User_Submit_form 7/GN_Submit Form 7_Section C-D/Page_PERKESO/input_Search Bandar_C6'

2019-02-21 16:44:53 - [TEST_STEP][PASSED] - delay(2): Delayed 2 second(s)

2019-02-21 16:44:55 - [MESSAGE][PASSED] - Delayed 2 second(s)

2019-02-21 16:44:55 - [TEST_STEP][PASSED] - click(findTestObject("ZhiHao/General_User_Submit_form 7/GN_Submit Form 7_Section C-D/Page_PERKESO/select_JOHOR BAHRU_C6")): Object: 'Object Repository/ZhiHao/General_User_Submit_form 7/GN_Submit Form 7_Section C-D/Page_PERKESO/select_JOHOR BAHRU_C6' is clicked on

2019-02-21 16:44:55 - [MESSAGE][PASSED] - Object: 'Object Repository/ZhiHao/General_User_Submit_form 7/GN_Submit Form 7_Section C-D/Page_PERKESO/select_JOHOR BAHRU_C6' is clicked on

2019-02-21 16:44:55 - [TEST_STEP][PASSED] - delay(2): Delayed 2 second(s)

2019-02-21 16:44:57 - [MESSAGE][PASSED] - Delayed 2 second(s)

2019-02-21 16:44:57 - [TEST_STEP][PASSED] - click(findTestObject("ZhiHao/General_User_Submit_form 7/GN_Submit Form 7_Section C-D/Page_PERKESO/span_C7")): Object: 'Object Repository/ZhiHao/General_User_Submit_form 7/GN_Submit Form 7_Section C-D/Page_PERKESO/span_C7' is clicked on

2019-02-21 16:44:57 - [MESSAGE][PASSED] - Object: 'Object Repository/ZhiHao/General_User_Submit_form 7/GN_Submit Form 7_Section C-D/Page_PERKESO/span_C7' is clicked on

2019-02-21 16:44:57 - [TEST_STEP][PASSED] - delay(2): Delayed 2 second(s)

2019-02-21 16:44:59 - [MESSAGE][PASSED] - Delayed 2 second(s)

2019-02-21 16:44:59 - [TEST_STEP][PASSED] - setText(findTestObject("ZhiHao/General_User_Submit_form 7/GN_Submit Form 7_Section C-D/Page_PERKESO/input_Done_select2-search__fie_C6_C7"), "80"): Text '80' is set on object 'Object Repository/ZhiHao/General_User_Submit_form 7/GN_Submit Form 7_Section C-D/Page_PERKESO/input_Done_select2-search__fie_C6_C7'

2019-02-21 16:44:59 - [MESSAGE][PASSED] - Text '80' is set on object 'Object Repository/ZhiHao/General_User_Submit_form 7/GN_Submit Form 7_Section C-D/Page_PERKESO/input_Done_select2-search__fie_C6_C7'

2019-02-21 16:44:59 - [TEST_STEP][PASSED] - delay(2): Delayed 2 second(s)

2019-02-21 16:45:01 - [MESSAGE][PASSED] - Delayed 2 second(s)

2019-02-21 16:45:01 - [TEST_STEP][PASSED] - setText(findTestObject("ZhiHao/General_User_Submit_form 7/GN_Submit Form 7_Section C-D/Page_PERKESO/input_Search Postcode_C7"), "80"): Text '80' is set on object 'Object Repository/ZhiHao/General_User_Submit_form 7/GN_Submit Form 7_Section C-D/Page_PERKESO/input_Search Postcode_C7'

2019-02-21 16:45:02 - [MESSAGE][PASSED] - Text '80' is set on object 'Object Repository/ZhiHao/General_User_Submit_form 7/GN_Submit Form 7_Section C-D/Page_PERKESO/input_Search Postcode_C7'

2019-02-21 16:45:02 - [TEST_STEP][PASSED] - delay(2): Delayed 2 second(s)

2019-02-21 16:45:04 - [MESSAGE][PASSED] - Delayed 2 second(s)

2019-02-21 16:45:04 - [TEST_STEP][PASSED] - click(findTestObject("ZhiHao/General_User_Submit_form 7/GN_Submit Form 7_Section C-D/Page_PERKESO/select_80000_C7")): Object: 'Object Repository/ZhiHao/General_User_Submit_form 7/GN_Submit Form 7_Section C-D/Page_PERKESO/select_80000_C7' is clicked on

2019-02-21 16:45:04 - [MESSAGE][PASSED] - Object: 'Object Repository/ZhiHao/General_User_Submit_form 7/GN_Submit Form 7_Section C-D/Page_PERKESO/select_80000_C7' is clicked on

2019-02-21 16:45:04 - [TEST_STEP][PASSED] - click(findTestObject("ZhiHao/General_User_Submit_form 7/GN_Submit Form 7_Section C-D/Page_PERKESO/input_Tidak_C8")): Object: 'Object Repository/ZhiHao/General_User_Submit_form 7/GN_Submit Form 7_Section C-D/Page_PERKESO/input_Tidak_C8' is clicked on

2019-02-21 16:45:04 - [MESSAGE][PASSED] - Object: 'Object Repository/ZhiHao/General_User_Submit_form 7/GN_Submit Form 7_Section C-D/Page_PERKESO/input_Tidak_C8' is clicked on

2019-02-21 16:45:04 - [TEST_STEP][PASSED] - click(findTestObject("ZhiHao/General_User_Submit_form 7/GN_Submit Form 7_Section C-D/Page_PERKESO/input__employerInfo_C9")): Object: 'Object Repository/ZhiHao/General_User_Submit_form 7/GN_Submit Form 7_Section C-D/Page_PERKESO/input__employerInfo_C9' is clicked on

2019-02-21 16:45:04 - [MESSAGE][PASSED] - Object: 'Object Repository/ZhiHao/General_User_Submit_form 7/GN_Submit Form 7_Section C-D/Page_PERKESO/input__employerInfo_C9' is clicked on

2019-02-21 16:45:04 - [TEST_STEP][PASSED] - setText(findTestObject("ZhiHao/General_User_Submit_form 7/GN_Submit Form 7_Section C-D/Page_PERKESO/input__employerInfo_C9"), "riki"): Text 'riki' is set on object 'Object Repository/ZhiHao/General_User_Submit_form 7/GN_Submit Form 7_Section C-D/Page_PERKESO/input__employerInfo_C9'

2019-02-21 16:45:04 - [MESSAGE][PASSED] - Text 'riki' is set on object 'Object Repository/ZhiHao/General_User_Submit_form 7/GN_Submit Form 7_Section C-D/Page_PERKESO/input__employerInfo_C9'

2019-02-21 16:45:04 - [TEST_STEP][PASSED] - click(findTestObject("ZhiHao/General_User_Submit_form 7/GN_Submit Form 7_Section C-D/Page_PERKESO/input__employerInfo_contact_C10")): Object: 'Object Repository/ZhiHao/General_User_Submit_form 7/GN_Submit Form 7_Section C-D/Page_PERKESO/input__employerInfo_contact_C10' is clicked on

2019-02-21 16:45:04 - [MESSAGE][PASSED] - Object: 'Object Repository/ZhiHao/General_User_Submit_form 7/GN_Submit Form 7_Section C-D/Page_PERKESO/input__employerInfo_contact_C10' is clicked on

2019-02-21 16:45:04 - [TEST_STEP][PASSED] - setText(findTestObject("ZhiHao/General_User_Submit_form 7/GN_Submit Form 7_Section C-D/Page_PERKESO/input__employerInfo_contact_C10(2)"), "01988838746"): Text '01988838746' is set on object 'Object Repository/ZhiHao/General_User_Submit_form 7/GN_Submit Form 7_Section C-D/Page_PERKESO/input__employerInfo_contact_C10(2)'

2019-02-21 16:45:05 - [MESSAGE][PASSED] - Text '01988838746' is set on object 'Object Repository/ZhiHao/General_User_Submit_form 7/GN_Submit Form 7_Section C-D/Page_PERKESO/input__employerInfo_contact_C10(2)'

2019-02-21 16:45:05 - [TEST_STEP][PASSED] - click(findTestObject("ZhiHao/General_User_Submit_form 7/GN_Submit Form 7_Section C-D/Page_PERKESO/button_Halaman Seterus")): Object: 'Object Repository/ZhiHao/General_User_Submit_form 7/GN_Submit Form 7_Section C-D/Page_PERKESO/button_Halaman Seterus' is clicked on

2019-02-21 16:45:05 - [MESSAGE][PASSED] - Object: 'Object Repository/ZhiHao/General_User_Submit_form 7/GN_Submit Form 7_Section C-D/Page_PERKESO/button_Halaman Seterus' is clicked on

2019-02-21 16:45:05 - [TEST_STEP][PASSED] - delay(5): Delayed 5 second(s)

2019-02-21 16:45:10 - [MESSAGE][PASSED] - Delayed 5 second(s)

2019-02-21 16:45:10 - [TEST_STEP][PASSED] - click(findTestObject("ZhiHao/General_User_Submit_form 7/GN_Submit Form 7_Section C-D/Page_PERKESO/button_Halaman Seterus (section D)")): Object: 'Object Repository/ZhiHao/General_User_Submit_form 7/GN_Submit Form 7_Section C-D/Page_PERKESO/button_Halaman Seterus (section D)' is clicked on

2019-02-21 16:45:10 - [MESSAGE][PASSED] - Object: 'Object Repository/ZhiHao/General_User_Submit_form 7/GN_Submit Form 7_Section C-D/Page_PERKESO/button_Halaman Seterus (section D)' is clicked on

2019-02-21 16:45:10 - [TEST_STEP][PASSED] - delay(5): Delayed 5 second(s)

2019-02-21 16:45:15 - [MESSAGE][PASSED] - Delayed 5 second(s)

2019-02-21 16:45:15 - [MESSAGE][PASSED] - Call Test Case 'Test Cases/All TC/Arranged/3. Unit/EI/GN submit form 7/GN_Submit Form 7_Section C-D' successfully

2019-02-21 16:45:15 - [TEST_STEP][PASSED] - callTestCase(findTestCase("All TC/Arranged/3. Unit/EI/GN submit form 7/GN_Submit Form 7_Section E"), [:], STOP_ON_FAILURE): Call Test Case 'Test Cases/All TC/Arranged/3. Unit/EI/GN submit form 7/GN_Submit Form 7_Section E' successfully

2019-02-21 16:45:15 - [TEST_CASE][PASSED] - Test Cases/All TC/Arranged/3. Unit/EI/GN submit form 7/GN_Submit Form 7_Section E: Test Cases/All TC/Arranged/3. Unit/EI/GN submit form 7/GN_Submit Form 7_Section E

2019-02-21 16:45:15 - [TEST_STEP][PASSED] - click(findTestObject("ZhiHao/General_User_Submit_form 7/GN_Submit Form 7_Section E/Page_PERKESO/input__totalExpYear_E1")): Object: 'Object Repository/ZhiHao/General_User_Submit_form 7/GN_Submit Form 7_Section E/Page_PERKESO/input__totalExpYear_E1' is clicked on

2019-02-21 16:45:16 - [MESSAGE][PASSED] - Object: 'Object Repository/ZhiHao/General_User_Submit_form 7/GN_Submit Form 7_Section E/Page_PERKESO/input__totalExpYear_E1' is clicked on

2019-02-21 16:45:16 - [TEST_STEP][PASSED] - setText(findTestObject("ZhiHao/General_User_Submit_form 7/GN_Submit Form 7_Section E/Page_PERKESO/input__totalExpYear_E1"), "1"): Text '1' is set on object 'Object Repository/ZhiHao/General_User_Submit_form 7/GN_Submit Form 7_Section E/Page_PERKESO/input__totalExpYear_E1'

2019-02-21 16:45:16 - [MESSAGE][PASSED] - Text '1' is set on object 'Object Repository/ZhiHao/General_User_Submit_form 7/GN_Submit Form 7_Section E/Page_PERKESO/input__totalExpYear_E1'

2019-02-21 16:45:16 - [TEST_STEP][PASSED] - delay(2): Delayed 2 second(s)

2019-02-21 16:45:18 - [MESSAGE][PASSED] - Delayed 2 second(s)

2019-02-21 16:45:18 - [TEST_STEP][PASSED] - click(findTestObject("ZhiHao/General_User_Submit_form 7/GN_Submit Form 7_Section E/Page_PERKESO/input_Tahun_totalExpMonth_E1")): Object: 'Object Repository/ZhiHao/General_User_Submit_form 7/GN_Submit Form 7_Section E/Page_PERKESO/input_Tahun_totalExpMonth_E1' is clicked on

2019-02-21 16:45:18 - [MESSAGE][PASSED] - Object: 'Object Repository/ZhiHao/General_User_Submit_form 7/GN_Submit Form 7_Section E/Page_PERKESO/input_Tahun_totalExpMonth_E1' is clicked on

2019-02-21 16:45:18 - [TEST_STEP][PASSED] - setText(findTestObject("ZhiHao/General_User_Submit_form 7/GN_Submit Form 7_Section E/Page_PERKESO/input_Tahun_totalExpMonth_E1"), "1"): Text '1' is set on object 'Object Repository/ZhiHao/General_User_Submit_form 7/GN_Submit Form 7_Section E/Page_PERKESO/input_Tahun_totalExpMonth_E1'

2019-02-21 16:45:18 - [MESSAGE][PASSED] - Text '1' is set on object 'Object Repository/ZhiHao/General_User_Submit_form 7/GN_Submit Form 7_Section E/Page_PERKESO/input_Tahun_totalExpMonth_E1'

2019-02-21 16:45:18 - [TEST_STEP][PASSED] - click(findTestObject("ZhiHao/General_User_Submit_form 7/GN_Submit Form 7_Section E/Page_PERKESO/span_E2")): Object: 'Object Repository/ZhiHao/General_User_Submit_form 7/GN_Submit Form 7_Section E/Page_PERKESO/span_E2' is clicked on

2019-02-21 16:45:18 - [MESSAGE][PASSED] - Object: 'Object Repository/ZhiHao/General_User_Submit_form 7/GN_Submit Form 7_Section E/Page_PERKESO/span_E2' is clicked on

2019-02-21 16:45:18 - [TEST_STEP][PASSED] - click(findTestObject("ZhiHao/General_User_Submit_form 7/GN_Submit Form 7_Section E/Page_PERKESO/select_PMRPT3_E2")): Object: 'Object Repository/ZhiHao/General_User_Submit_form 7/GN_Submit Form 7_Section E/Page_PERKESO/select_PMRPT3_E2' is clicked on

2019-02-21 16:45:18 - [MESSAGE][PASSED] - Object: 'Object Repository/ZhiHao/General_User_Submit_form 7/GN_Submit Form 7_Section E/Page_PERKESO/select_PMRPT3_E2' is clicked on

2019-02-21 16:45:18 - [TEST_STEP][PASSED] - delay(2): Delayed 2 second(s)

2019-02-21 16:45:20 - [MESSAGE][PASSED] - Delayed 2 second(s)

2019-02-21 16:45:20 - [TEST_STEP][PASSED] - click(findTestObject("ZhiHao/General_User_Submit_form 7/GN_Submit Form 7_Section E/Page_PERKESO/span_E3")): Object: 'Object Repository/ZhiHao/General_User_Submit_form 7/GN_Submit Form 7_Section E/Page_PERKESO/span_E3' is clicked on

2019-02-21 16:45:21 - [MESSAGE][PASSED] - Object: 'Object Repository/ZhiHao/General_User_Submit_form 7/GN_Submit Form 7_Section E/Page_PERKESO/span_E3' is clicked on

2019-02-21 16:45:21 - [TEST_STEP][PASSED] - setText(findTestObject("ZhiHao/General_User_Submit_form 7/GN_Submit Form 7_Section E/Page_PERKESO/input_concat(id( select2-pref_E3"), "of"): Text 'of' is set on object 'Object Repository/ZhiHao/General_User_Submit_form 7/GN_Submit Form 7_Section E/Page_PERKESO/input_concat(id( select2-pref_E3'

2019-02-21 16:45:21 - [MESSAGE][PASSED] - Text 'of' is set on object 'Object Repository/ZhiHao/General_User_Submit_form 7/GN_Submit Form 7_Section E/Page_PERKESO/input_concat(id( select2-pref_E3'

2019-02-21 16:45:21 - [TEST_STEP][PASSED] - setText(findTestObject("ZhiHao/General_User_Submit_form 7/GN_Submit Form 7_Section E/Page_PERKESO/input_Done_select2-search__fie_E3"), "of"): Text 'of' is set on object 'Object Repository/ZhiHao/General_User_Submit_form 7/GN_Submit Form 7_Section E/Page_PERKESO/input_Done_select2-search__fie_E3'

2019-02-21 16:45:21 - [MESSAGE][PASSED] - Text 'of' is set on object 'Object Repository/ZhiHao/General_User_Submit_form 7/GN_Submit Form 7_Section E/Page_PERKESO/input_Done_select2-search__fie_E3'

2019-02-21 16:45:21 - [TEST_STEP][PASSED] - click(findTestObject("ZhiHao/General_User_Submit_form 7/GN_Submit Form 7_Section E/Page_PERKESO/select_Associate Director of Finan_E3")): Object: 'Object Repository/ZhiHao/General_User_Submit_form 7/GN_Submit Form 7_Section E/Page_PERKESO/select_Associate Director of Finan_E3' is clicked on

2019-02-21 16:45:21 - [MESSAGE][PASSED] - Object: 'Object Repository/ZhiHao/General_User_Submit_form 7/GN_Submit Form 7_Section E/Page_PERKESO/select_Associate Director of Finan_E3' is clicked on

2019-02-21 16:45:21 - [TEST_STEP][PASSED] - click(findTestObject("ZhiHao/General_User_Submit_form 7/GN_Submit Form 7_Section E/Page_PERKESO/span_E4")): Object: 'Object Repository/ZhiHao/General_User_Submit_form 7/GN_Submit Form 7_Section E/Page_PERKESO/span_E4' is clicked on

2019-02-21 16:45:21 - [MESSAGE][PASSED] - Object: 'Object Repository/ZhiHao/General_User_Submit_form 7/GN_Submit Form 7_Section E/Page_PERKESO/span_E4' is clicked on

2019-02-21 16:45:21 - [TEST_STEP][PASSED] - click(findTestObject("ZhiHao/General_User_Submit_form 7/GN_Submit Form 7_Section E/Page_PERKESO/select_JOHOR_E4")): Object: 'Object Repository/ZhiHao/General_User_Submit_form 7/GN_Submit Form 7_Section E/Page_PERKESO/select_JOHOR_E4' is clicked on

2019-02-21 16:45:21 - [MESSAGE][PASSED] - Object: 'Object Repository/ZhiHao/General_User_Submit_form 7/GN_Submit Form 7_Section E/Page_PERKESO/select_JOHOR_E4' is clicked on

2019-02-21 16:45:21 - [TEST_STEP][PASSED] - click(findTestObject("ZhiHao/General_User_Submit_form 7/GN_Submit Form 7_Section E/Page_PERKESO/input_Tidak_E7")): Object: 'Object Repository/ZhiHao/General_User_Submit_form 7/GN_Submit Form 7_Section E/Page_PERKESO/input_Tidak_E7' is clicked on

2019-02-21 16:45:21 - [MESSAGE][PASSED] - Object: 'Object Repository/ZhiHao/General_User_Submit_form 7/GN_Submit Form 7_Section E/Page_PERKESO/input_Tidak_E7' is clicked on

2019-02-21 16:45:21 - [TEST_STEP][PASSED] - click(findTestObject("ZhiHao/General_User_Submit_form 7/GN_Submit Form 7_Section E/Page_PERKESO/button_Halaman Seterus")): Object: 'Object Repository/ZhiHao/General_User_Submit_form 7/GN_Submit Form 7_Section E/Page_PERKESO/button_Halaman Seterus' is clicked on

2019-02-21 16:45:22 - [MESSAGE][PASSED] - Object: 'Object Repository/ZhiHao/General_User_Submit_form 7/GN_Submit Form 7_Section E/Page_PERKESO/button_Halaman Seterus' is clicked on

2019-02-21 16:45:22 - [TEST_STEP][PASSED] - delay(5): Delayed 5 second(s)

2019-02-21 16:45:27 - [MESSAGE][PASSED] - Delayed 5 second(s)

2019-02-21 16:45:27 - [MESSAGE][PASSED] - Call Test Case 'Test Cases/All TC/Arranged/3. Unit/EI/GN submit form 7/GN_Submit Form 7_Section E' successfully

2019-02-21 16:45:27 - [TEST_STEP][PASSED] - callTestCase(findTestCase("All TC/Arranged/3. Unit/EI/GN submit form 7/GN_Submit Form 7_Section F"), [:], STOP_ON_FAILURE): Call Test Case 'Test Cases/All TC/Arranged/3. Unit/EI/GN submit form 7/GN_Submit Form 7_Section F' successfully

2019-02-21 16:45:27 - [TEST_CASE][PASSED] - Test Cases/All TC/Arranged/3. Unit/EI/GN submit form 7/GN_Submit Form 7_Section F: Test Cases/All TC/Arranged/3. Unit/EI/GN submit form 7/GN_Submit Form 7_Section F

2019-02-21 16:45:27 - [TEST_STEP][PASSED] - delay(2): Delayed 2 second(s)

2019-02-21 16:45:29 - [MESSAGE][PASSED] - Delayed 2 second(s)

2019-02-21 16:45:29 - [TEST_STEP][PASSED] - click(findTestObject("ZhiHao/General_User_Submit_form 7/GN_Submit Form 7_Section F/Page_PERKESO/input_Tidak_F1")): Object: 'Object Repository/ZhiHao/General_User_Submit_form 7/GN_Submit Form 7_Section F/Page_PERKESO/input_Tidak_F1' is clicked on

2019-02-21 16:45:29 - [MESSAGE][PASSED] - Object: 'Object Repository/ZhiHao/General_User_Submit_form 7/GN_Submit Form 7_Section F/Page_PERKESO/input_Tidak_F1' is clicked on

2019-02-21 16:45:29 - [TEST_STEP][PASSED] - click(findTestObject("ZhiHao/General_User_Submit_form 7/GN_Submit Form 7_Section F/Page_PERKESO/span_F2")): Object: 'Object Repository/ZhiHao/General_User_Submit_form 7/GN_Submit Form 7_Section F/Page_PERKESO/span_F2' is clicked on

2019-02-21 16:45:29 - [MESSAGE][PASSED] - Object: 'Object Repository/ZhiHao/General_User_Submit_form 7/GN_Submit Form 7_Section F/Page_PERKESO/span_F2' is clicked on

2019-02-21 16:45:29 - [TEST_STEP][PASSED] - click(findTestObject("ZhiHao/General_User_Submit_form 7/GN_Submit Form 7_Section F/Page_PERKESO/select_ALLIANCE BANK BERHAD_F2")): Object: 'Object Repository/ZhiHao/General_User_Submit_form 7/GN_Submit Form 7_Section F/Page_PERKESO/select_ALLIANCE BANK BERHAD_F2' is clicked on

2019-02-21 16:45:30 - [MESSAGE][PASSED] - Object: 'Object Repository/ZhiHao/General_User_Submit_form 7/GN_Submit Form 7_Section F/Page_PERKESO/select_ALLIANCE BANK BERHAD_F2' is clicked on

2019-02-21 16:45:30 - [TEST_STEP][PASSED] - click(findTestObject("ZhiHao/General_User_Submit_form 7/GN_Submit Form 7_Section F/Page_PERKESO/input_Nombor akaun bank_F3")): Object: 'Object Repository/ZhiHao/General_User_Submit_form 7/GN_Submit Form 7_Section F/Page_PERKESO/input_Nombor akaun bank_F3' is clicked on

2019-02-21 16:45:30 - [MESSAGE][PASSED] - Object: 'Object Repository/ZhiHao/General_User_Submit_form 7/GN_Submit Form 7_Section F/Page_PERKESO/input_Nombor akaun bank_F3' is clicked on

2019-02-21 16:45:30 - [TEST_STEP][PASSED] - setText(findTestObject("ZhiHao/General_User_Submit_form 7/GN_Submit Form 7_Section F/Page_PERKESO/input_Nombor akaun bank_F3"), "556677"): Text '556677' is set on object 'Object Repository/ZhiHao/General_User_Submit_form 7/GN_Submit Form 7_Section F/Page_PERKESO/input_Nombor akaun bank_F3'

2019-02-21 16:45:30 - [MESSAGE][PASSED] - Text '556677' is set on object 'Object Repository/ZhiHao/General_User_Submit_form 7/GN_Submit Form 7_Section F/Page_PERKESO/input_Nombor akaun bank_F3'

2019-02-21 16:45:30 - [TEST_STEP][PASSED] - click(findTestObject("ZhiHao/General_User_Submit_form 7/GN_Submit Form 7_Section F/Page_PERKESO/button_Halaman Seterus")): Object: 'Object Repository/ZhiHao/General_User_Submit_form 7/GN_Submit Form 7_Section F/Page_PERKESO/button_Halaman Seterus' is clicked on

2019-02-21 16:45:30 - [MESSAGE][PASSED] - Object: 'Object Repository/ZhiHao/General_User_Submit_form 7/GN_Submit Form 7_Section F/Page_PERKESO/button_Halaman Seterus' is clicked on

2019-02-21 16:45:30 - [TEST_STEP][PASSED] - delay(3): Delayed 3 second(s)

2019-02-21 16:45:33 - [MESSAGE][PASSED] - Delayed 3 second(s)

2019-02-21 16:45:33 - [MESSAGE][PASSED] - Call Test Case 'Test Cases/All TC/Arranged/3. Unit/EI/GN submit form 7/GN_Submit Form 7_Section F' successfully

2019-02-21 16:45:33 - [TEST_STEP][PASSED] - callTestCase(findTestCase("All TC/Arranged/3. Unit/EI/GN submit form 7/GN_Submit Form 7_Section G"), [:], STOP_ON_FAILURE): Call Test Case 'Test Cases/All TC/Arranged/3. Unit/EI/GN submit form 7/GN_Submit Form 7_Section G' successfully

2019-02-21 16:45:33 - [TEST_CASE][PASSED] - Test Cases/All TC/Arranged/3. Unit/EI/GN submit form 7/GN_Submit Form 7_Section G: Test Cases/All TC/Arranged/3. Unit/EI/GN submit form 7/GN_Submit Form 7_Section G

2019-02-21 16:45:33 - [TEST_STEP][PASSED] - delay(2): Delayed 2 second(s)

2019-02-21 16:45:35 - [MESSAGE][PASSED] - Delayed 2 second(s)

2019-02-21 16:45:35 - [TEST_STEP][PASSED] - click(findTestObject("ZhiHao/General_User_Submit_form 7/GN_Submit Form 7_Section G/Page_PERKESO/input_Name Waris_G2")): Object: 'Object Repository/ZhiHao/General_User_Submit_form 7/GN_Submit Form 7_Section G/Page_PERKESO/input_Name Waris_G2' is clicked on

2019-02-21 16:45:36 - [MESSAGE][PASSED] - Object: 'Object Repository/ZhiHao/General_User_Submit_form 7/GN_Submit Form 7_Section G/Page_PERKESO/input_Name Waris_G2' is clicked on

2019-02-21 16:45:36 - [TEST_STEP][PASSED] - setText(findTestObject("ZhiHao/General_User_Submit_form 7/GN_Submit Form 7_Section G/Page_PERKESO/input_Name Waris_G2"), "qwertyuiop"): Text 'qwertyuiop' is set on object 'Object Repository/ZhiHao/General_User_Submit_form 7/GN_Submit Form 7_Section G/Page_PERKESO/input_Name Waris_G2'

2019-02-21 16:45:36 - [MESSAGE][PASSED] - Text 'qwertyuiop' is set on object 'Object Repository/ZhiHao/General_User_Submit_form 7/GN_Submit Form 7_Section G/Page_PERKESO/input_Name Waris_G2'

2019-02-21 16:45:36 - [TEST_STEP][PASSED] - delay(2): Delayed 2 second(s)

2019-02-21 16:45:38 - [MESSAGE][PASSED] - Delayed 2 second(s)

2019-02-21 16:45:38 - [TEST_STEP][PASSED] - click(findTestObject("ZhiHao/General_User_Submit_form 7/GN_Submit Form 7_Section G/Page_PERKESO/click_Kad Pengenalan_G2")): Object: 'Object Repository/ZhiHao/General_User_Submit_form 7/GN_Submit Form 7_Section G/Page_PERKESO/click_Kad Pengenalan_G2' is clicked on

2019-02-21 16:45:38 - [MESSAGE][PASSED] - Object: 'Object Repository/ZhiHao/General_User_Submit_form 7/GN_Submit Form 7_Section G/Page_PERKESO/click_Kad Pengenalan_G2' is clicked on

2019-02-21 16:45:38 - [TEST_STEP][PASSED] - setText(findTestObject("ZhiHao/General_User_Submit_form 7/GN_Submit Form 7_Section G/Page_PERKESO/input_Kad Pengenalan_G2"), "111111223333"): Text '111111223333' is set on object 'Object Repository/ZhiHao/General_User_Submit_form 7/GN_Submit Form 7_Section G/Page_PERKESO/input_Kad Pengenalan_G2'

2019-02-21 16:45:38 - [MESSAGE][PASSED] - Text '111111223333' is set on object 'Object Repository/ZhiHao/General_User_Submit_form 7/GN_Submit Form 7_Section G/Page_PERKESO/input_Kad Pengenalan_G2'

2019-02-21 16:45:38 - [TEST_STEP][PASSED] - delay(2): Delayed 2 second(s)

2019-02-21 16:45:40 - [MESSAGE][PASSED] - Delayed 2 second(s)

2019-02-21 16:45:40 - [TEST_STEP][PASSED] - click(findTestObject("ZhiHao/General_User_Submit_form 7/GN_Submit Form 7_Section G/Page_PERKESO/click_Tarikh Kelahiran_G2")): Object: 'Object Repository/ZhiHao/General_User_Submit_form 7/GN_Submit Form 7_Section G/Page_PERKESO/click_Tarikh Kelahiran_G2' is clicked on

2019-02-21 16:45:40 - [MESSAGE][PASSED] - Object: 'Object Repository/ZhiHao/General_User_Submit_form 7/GN_Submit Form 7_Section G/Page_PERKESO/click_Tarikh Kelahiran_G2' is clicked on

2019-02-21 16:45:40 - [TEST_STEP][PASSED] - setText(findTestObject("ZhiHao/General_User_Submit_form 7/GN_Submit Form 7_Section G/Page_PERKESO/input_Tarikh Kelahiran_G2"), "1/1/1977"): Text '1/1/1977' is set on object 'Object Repository/ZhiHao/General_User_Submit_form 7/GN_Submit Form 7_Section G/Page_PERKESO/input_Tarikh Kelahiran_G2'

2019-02-21 16:45:41 - [MESSAGE][PASSED] - Text '1/1/1977' is set on object 'Object Repository/ZhiHao/General_User_Submit_form 7/GN_Submit Form 7_Section G/Page_PERKESO/input_Tarikh Kelahiran_G2'

2019-02-21 16:45:41 - [TEST_STEP][PASSED] - click(findTestObject("ZhiHao/General_User_Submit_form 7/GN_Submit Form 7_Section G/Page_PERKESO/click_button_Done")): Object: 'Object Repository/ZhiHao/General_User_Submit_form 7/GN_Submit Form 7_Section G/Page_PERKESO/click_button_Done' is clicked on

2019-02-21 16:45:41 - [MESSAGE][PASSED] - Object: 'Object Repository/ZhiHao/General_User_Submit_form 7/GN_Submit Form 7_Section G/Page_PERKESO/click_button_Done' is clicked on

2019-02-21 16:45:41 - [TEST_STEP][PASSED] - delay(2): Delayed 2 second(s)

2019-02-21 16:45:43 - [MESSAGE][PASSED] - Delayed 2 second(s)

2019-02-21 16:45:43 - [TEST_STEP][PASSED] - click(findTestObject("ZhiHao/General_User_Submit_form 7/GN_Submit Form 7_Section G/Page_PERKESO/span_Isteri_G2")): Object: 'Object Repository/ZhiHao/General_User_Submit_form 7/GN_Submit Form 7_Section G/Page_PERKESO/span_Isteri_G2' is clicked on

2019-02-21 16:45:43 - [MESSAGE][PASSED] - Object: 'Object Repository/ZhiHao/General_User_Submit_form 7/GN_Submit Form 7_Section G/Page_PERKESO/span_Isteri_G2' is clicked on

2019-02-21 16:45:43 - [TEST_STEP][PASSED] - delay(1): Delayed 1 second(s)

2019-02-21 16:45:44 - [MESSAGE][PASSED] - Delayed 1 second(s)

2019-02-21 16:45:44 - [TEST_STEP][PASSED] - click(findTestObject("ZhiHao/General_User_Submit_form 7/GN_Submit Form 7_Section G/Page_PERKESO/select_Adik-beradik_G2")): Object: 'Object Repository/ZhiHao/General_User_Submit_form 7/GN_Submit Form 7_Section G/Page_PERKESO/select_Adik-beradik_G2' is clicked on

2019-02-21 16:45:44 - [MESSAGE][PASSED] - Object: 'Object Repository/ZhiHao/General_User_Submit_form 7/GN_Submit Form 7_Section G/Page_PERKESO/select_Adik-beradik_G2' is clicked on

2019-02-21 16:45:44 - [TEST_STEP][PASSED] - delay(2): Delayed 2 second(s)

2019-02-21 16:45:46 - [MESSAGE][PASSED] - Delayed 2 second(s)

2019-02-21 16:45:46 - [TEST_STEP][PASSED] - click(findTestObject("ZhiHao/General_User_Submit_form 7/GN_Submit Form 7_Section G/Page_PERKESO/button_Halaman Seterus")): Object: 'Object Repository/ZhiHao/General_User_Submit_form 7/GN_Submit Form 7_Section G/Page_PERKESO/button_Halaman Seterus' is clicked on

2019-02-21 16:45:46 - [MESSAGE][PASSED] - Object: 'Object Repository/ZhiHao/General_User_Submit_form 7/GN_Submit Form 7_Section G/Page_PERKESO/button_Halaman Seterus' is clicked on

2019-02-21 16:45:46 - [TEST_STEP][PASSED] - delay(5): Delayed 5 second(s)

2019-02-21 16:45:51 - [MESSAGE][PASSED] - Delayed 5 second(s)

2019-02-21 16:45:51 - [MESSAGE][PASSED] - Call Test Case 'Test Cases/All TC/Arranged/3. Unit/EI/GN submit form 7/GN_Submit Form 7_Section G' successfully

2019-02-21 16:45:51 - [TEST_STEP][PASSED] - callTestCase(findTestCase("All TC/Arranged/3. Unit/EI/GN submit form 7/GN_Submit Form 7_Section H"), [:], STOP_ON_FAILURE): Call Test Case 'Test Cases/All TC/Arranged/3. Unit/EI/GN submit form 7/GN_Submit Form 7_Section H' successfully

2019-02-21 16:45:51 - [TEST_CASE][PASSED] - Test Cases/All TC/Arranged/3. Unit/EI/GN submit form 7/GN_Submit Form 7_Section H: Test Cases/All TC/Arranged/3. Unit/EI/GN submit form 7/GN_Submit Form 7_Section H

2019-02-21 16:45:52 - [TEST_STEP][PASSED] - delay(3): Delayed 3 second(s)

2019-02-21 16:45:55 - [MESSAGE][PASSED] - Delayed 3 second(s)

2019-02-21 16:45:55 - [TEST_STEP][PASSED] - click(findTestObject("ZhiHao/General_User_Submit_form 7/GN_Submit Form 7_Section H/Page_PERKESO/Tick_H1")): Object: 'Object Repository/ZhiHao/General_User_Submit_form 7/GN_Submit Form 7_Section H/Page_PERKESO/Tick_H1' is clicked on

2019-02-21 16:45:55 - [MESSAGE][PASSED] - Object: 'Object Repository/ZhiHao/General_User_Submit_form 7/GN_Submit Form 7_Section H/Page_PERKESO/Tick_H1' is clicked on

2019-02-21 16:45:55 - [TEST_STEP][PASSED] - click(findTestObject("ZhiHao/General_User_Submit_form 7/GN_Submit Form 7_Section H/Page_PERKESO/Tick_H4")): Object: 'Object Repository/ZhiHao/General_User_Submit_form 7/GN_Submit Form 7_Section H/Page_PERKESO/Tick_H4' is clicked on

2019-02-21 16:45:55 - [MESSAGE][PASSED] - Object: 'Object Repository/ZhiHao/General_User_Submit_form 7/GN_Submit Form 7_Section H/Page_PERKESO/Tick_H4' is clicked on

2019-02-21 16:45:55 - [TEST_STEP][PASSED] - click(findTestObject("ZhiHao/General_User_Submit_form 7/GN_Submit Form 7_Section H/Page_PERKESO/Tick_H5")): Object: 'Object Repository/ZhiHao/General_User_Submit_form 7/GN_Submit Form 7_Section H/Page_PERKESO/Tick_H5' is clicked on

2019-02-21 16:45:55 - [MESSAGE][PASSED] - Object: 'Object Repository/ZhiHao/General_User_Submit_form 7/GN_Submit Form 7_Section H/Page_PERKESO/Tick_H5' is clicked on

2019-02-21 16:45:55 - [TEST_STEP][PASSED] - click(findTestObject("ZhiHao/General_User_Submit_form 7/GN_Submit Form 7_Section H/Page_PERKESO/click_upload button_I")): Object: 'Object Repository/ZhiHao/General_User_Submit_form 7/GN_Submit Form 7_Section H/Page_PERKESO/click_upload button_I' is clicked on

2019-02-21 16:45:55 - [MESSAGE][PASSED] - Object: 'Object Repository/ZhiHao/General_User_Submit_form 7/GN_Submit Form 7_Section H/Page_PERKESO/click_upload button_I' is clicked on

2019-02-21 16:45:55 - [TEST_STEP][PASSED] - delay(2): Delayed 2 second(s)

2019-02-21 16:45:57 - [MESSAGE][PASSED] - Delayed 2 second(s)

2019-02-21 16:45:57 - [TEST_STEP][PASSED] - sendKeys(findTestObject("ZhiHao/General_User_Submit_form 7/GN_Submit Form 7_Section H/Page_PERKESO/click_choose file button_I"), TextFilePathCommon + "\UploadDoc.txt"): Keys 'C:\Users\Admin\Documents\GitHub\PKSKatalon\PKS-EI-ES\Common Zone\UploadDoc.txt' sent to object: 'Object Repository/ZhiHao/General_User_Submit_form 7/GN_Submit Form 7_Section H/Page_PERKESO/click_choose file button_I'

2019-02-21 16:45:57 - [MESSAGE][PASSED] - Keys 'C:\Users\Admin\Documents\GitHub\PKSKatalon\PKS-EI-ES\Common Zone\UploadDoc.txt' sent to object: 'Object Repository/ZhiHao/General_User_Submit_form 7/GN_Submit Form 7_Section H/Page_PERKESO/click_choose file button_I'

2019-02-21 16:45:57 - [TEST_STEP][PASSED] - delay(2): Delayed 2 second(s)

2019-02-21 16:45:59 - [MESSAGE][PASSED] - Delayed 2 second(s)

2019-02-21 16:45:59 - [TEST_STEP][PASSED] - click(findTestObject("ZhiHao/General_User_Submit_form 7/GN_Submit Form 7_Section H/Page_PERKESO/click_button_Tambah Dokumen_I")): Object: 'Object Repository/ZhiHao/General_User_Submit_form 7/GN_Submit Form 7_Section H/Page_PERKESO/click_button_Tambah Dokumen_I' is clicked on

2019-02-21 16:46:00 - [MESSAGE][PASSED] - Object: 'Object Repository/ZhiHao/General_User_Submit_form 7/GN_Submit Form 7_Section H/Page_PERKESO/click_button_Tambah Dokumen_I' is clicked on

2019-02-21 16:46:00 - [TEST_STEP][PASSED] - delay(3): Delayed 3 second(s)

2019-02-21 16:46:03 - [MESSAGE][PASSED] - Delayed 3 second(s)

2019-02-21 16:46:03 - [TEST_STEP][PASSED] - acceptAlert(): Alert accepted

2019-02-21 16:46:03 - [MESSAGE][PASSED] - Alert accepted

2019-02-21 16:46:03 - [TEST_STEP][PASSED] - delay(5): Delayed 5 second(s)

2019-02-21 16:46:08 - [MESSAGE][PASSED] - Delayed 5 second(s)

2019-02-21 16:46:08 - [TEST_STEP][PASSED] - click(findTestObject("ZhiHao/General_User_Submit_form 7/GN_Submit Form 7_Section H/Page_PERKESO/click_upload button_I (2)")): Object: 'Object Repository/ZhiHao/General_User_Submit_form 7/GN_Submit Form 7_Section H/Page_PERKESO/click_upload button_I (2)' is clicked on

2019-02-21 16:46:08 - [MESSAGE][PASSED] - Object: 'Object Repository/ZhiHao/General_User_Submit_form 7/GN_Submit Form 7_Section H/Page_PERKESO/click_upload button_I (2)' is clicked on

2019-02-21 16:46:08 - [TEST_STEP][PASSED] - delay(3): Delayed 3 second(s)

2019-02-21 16:46:11 - [MESSAGE][PASSED] - Delayed 3 second(s)

2019-02-21 16:46:11 - [TEST_STEP][PASSED] - click(findTestObject("ZhiHao/General_User_Submit_form 7/GN_Submit Form 7_Section H/Page_PERKESO/input_Ya_optradio_I")): Object: 'Object Repository/ZhiHao/General_User_Submit_form 7/GN_Submit Form 7_Section H/Page_PERKESO/input_Ya_optradio_I' is clicked on

2019-02-21 16:46:11 - [MESSAGE][PASSED] - Object: 'Object Repository/ZhiHao/General_User_Submit_form 7/GN_Submit Form 7_Section H/Page_PERKESO/input_Ya_optradio_I' is clicked on

2019-02-21 16:46:11 - [TEST_STEP][PASSED] - delay(3): Delayed 3 second(s)

2019-02-21 16:46:14 - [MESSAGE][PASSED] - Delayed 3 second(s)

2019-02-21 16:46:14 - [TEST_STEP][PASSED] - sendKeys(findTestObject("ZhiHao/General_User_Submit_form 7/GN_Submit Form 7_Section H/Page_PERKESO/click_choose file button_I"), TextFilePathCommon + "\UploadDoc.txt"): Keys 'C:\Users\Admin\Documents\GitHub\PKSKatalon\PKS-EI-ES\Common Zone\UploadDoc.txt' sent to object: 'Object Repository/ZhiHao/General_User_Submit_form 7/GN_Submit Form 7_Section H/Page_PERKESO/click_choose file button_I'

2019-02-21 16:46:14 - [MESSAGE][PASSED] - Keys 'C:\Users\Admin\Documents\GitHub\PKSKatalon\PKS-EI-ES\Common Zone\UploadDoc.txt' sent to object: 'Object Repository/ZhiHao/General_User_Submit_form 7/GN_Submit Form 7_Section H/Page_PERKESO/click_choose file button_I'

2019-02-21 16:46:14 - [TEST_STEP][PASSED] - delay(3): Delayed 3 second(s)

2019-02-21 16:46:17 - [MESSAGE][PASSED] - Delayed 3 second(s)

2019-02-21 16:46:17 - [TEST_STEP][PASSED] - click(findTestObject("ZhiHao/General_User_Submit_form 7/GN_Submit Form 7_Section H/Page_PERKESO/click_button_Tambah Dokumen_I")): Object: 'Object Repository/ZhiHao/General_User_Submit_form 7/GN_Submit Form 7_Section H/Page_PERKESO/click_button_Tambah Dokumen_I' is clicked on

2019-02-21 16:46:17 - [MESSAGE][PASSED] - Object: 'Object Repository/ZhiHao/General_User_Submit_form 7/GN_Submit Form 7_Section H/Page_PERKESO/click_button_Tambah Dokumen_I' is clicked on

2019-02-21 16:46:17 - [TEST_STEP][PASSED] - delay(3): Delayed 3 second(s)

2019-02-21 16:46:20 - [MESSAGE][PASSED] - Delayed 3 second(s)

2019-02-21 16:46:20 - [TEST_STEP][PASSED] - acceptAlert(): Alert accepted

2019-02-21 16:46:20 - [MESSAGE][PASSED] - Alert accepted

2019-02-21 16:46:20 - [TEST_STEP][PASSED] - delay(5): Delayed 5 second(s)

2019-02-21 16:46:25 - [MESSAGE][PASSED] - Delayed 5 second(s)

2019-02-21 16:46:25 - [TEST_STEP][PASSED] - click(findTestObject("ZhiHao/General_User_Submit_form 7/GN_Submit Form 7_Section H/Page_PERKESO/click_upload button_I (3)")): Object: 'Object Repository/ZhiHao/General_User_Submit_form 7/GN_Submit Form 7_Section H/Page_PERKESO/click_upload button_I (3)' is clicked on

2019-02-21 16:46:25 - [MESSAGE][PASSED] - Object: 'Object Repository/ZhiHao/General_User_Submit_form 7/GN_Submit Form 7_Section H/Page_PERKESO/click_upload button_I (3)' is clicked on

2019-02-21 16:46:25 - [TEST_STEP][PASSED] - delay(3): Delayed 3 second(s)

2019-02-21 16:46:28 - [MESSAGE][PASSED] - Delayed 3 second(s)

2019-02-21 16:46:28 - [TEST_STEP][PASSED] - click(findTestObject("ZhiHao/General_User_Submit_form 7/GN_Submit Form 7_Section H/Page_PERKESO/input_Ya_optradio_I")): Object: 'Object Repository/ZhiHao/General_User_Submit_form 7/GN_Submit Form 7_Section H/Page_PERKESO/input_Ya_optradio_I' is clicked on

2019-02-21 16:46:29 - [MESSAGE][PASSED] - Object: 'Object Repository/ZhiHao/General_User_Submit_form 7/GN_Submit Form 7_Section H/Page_PERKESO/input_Ya_optradio_I' is clicked on

2019-02-21 16:46:29 - [TEST_STEP][PASSED] - delay(3): Delayed 3 second(s)

2019-02-21 16:46:32 - [MESSAGE][PASSED] - Delayed 3 second(s)

2019-02-21 16:46:32 - [TEST_STEP][PASSED] - sendKeys(findTestObject("ZhiHao/General_User_Submit_form 7/GN_Submit Form 7_Section H/Page_PERKESO/click_choose file button_I"), TextFilePathCommon + "\UploadDoc.txt"): Keys 'C:\Users\Admin\Documents\GitHub\PKSKatalon\PKS-EI-ES\Common Zone\UploadDoc.txt' sent to object: 'Object Repository/ZhiHao/General_User_Submit_form 7/GN_Submit Form 7_Section H/Page_PERKESO/click_choose file button_I'

2019-02-21 16:46:32 - [MESSAGE][PASSED] - Keys 'C:\Users\Admin\Documents\GitHub\PKSKatalon\PKS-EI-ES\Common Zone\UploadDoc.txt' sent to object: 'Object Repository/ZhiHao/General_User_Submit_form 7/GN_Submit Form 7_Section H/Page_PERKESO/click_choose file button_I'

2019-02-21 16:46:32 - [TEST_STEP][PASSED] - delay(3): Delayed 3 second(s)

2019-02-21 16:46:35 - [MESSAGE][PASSED] - Delayed 3 second(s)

2019-02-21 16:46:35 - [TEST_STEP][PASSED] - click(findTestObject("ZhiHao/General_User_Submit_form 7/GN_Submit Form 7_Section H/Page_PERKESO/click_button_Tambah Dokumen_I")): Object: 'Object Repository/ZhiHao/General_User_Submit_form 7/GN_Submit Form 7_Section H/Page_PERKESO/click_button_Tambah Dokumen_I' is clicked on

2019-02-21 16:46:35 - [MESSAGE][PASSED] - Object: 'Object Repository/ZhiHao/General_User_Submit_form 7/GN_Submit Form 7_Section H/Page_PERKESO/click_button_Tambah Dokumen_I' is clicked on

2019-02-21 16:46:35 - [TEST_STEP][PASSED] - delay(3): Delayed 3 second(s)

2019-02-21 16:46:38 - [MESSAGE][PASSED] - Delayed 3 second(s)

2019-02-21 16:46:38 - [TEST_STEP][PASSED] - acceptAlert(): Alert accepted

2019-02-21 16:46:38 - [MESSAGE][PASSED] - Alert accepted

2019-02-21 16:46:38 - [TEST_STEP][PASSED] - delay(5): Delayed 5 second(s)

2019-02-21 16:46:43 - [MESSAGE][PASSED] - Delayed 5 second(s)

2019-02-21 16:46:43 - [TEST_STEP][PASSED] - click(findTestObject("ZhiHao/General_User_Submit_form 7/GN_Submit Form 7_Section H/Page_PERKESO/click_upload button_I (4)")): Object: 'Object Repository/ZhiHao/General_User_Submit_form 7/GN_Submit Form 7_Section H/Page_PERKESO/click_upload button_I (4)' is clicked on

2019-02-21 16:46:43 - [MESSAGE][PASSED] - Object: 'Object Repository/ZhiHao/General_User_Submit_form 7/GN_Submit Form 7_Section H/Page_PERKESO/click_upload button_I (4)' is clicked on

2019-02-21 16:46:43 - [TEST_STEP][PASSED] - delay(3): Delayed 3 second(s)

2019-02-21 16:46:46 - [MESSAGE][PASSED] - Delayed 3 second(s)

2019-02-21 16:46:46 - [TEST_STEP][PASSED] - click(findTestObject("ZhiHao/General_User_Submit_form 7/GN_Submit Form 7_Section H/Page_PERKESO/Page_PERKESO/input_Tidak_optradio")): Object: 'Object Repository/ZhiHao/General_User_Submit_form 7/GN_Submit Form 7_Section H/Page_PERKESO/Page_PERKESO/input_Tidak_optradio' is clicked on

2019-02-21 16:46:46 - [MESSAGE][PASSED] - Object: 'Object Repository/ZhiHao/General_User_Submit_form 7/GN_Submit Form 7_Section H/Page_PERKESO/Page_PERKESO/input_Tidak_optradio' is clicked on

2019-02-21 16:46:46 - [TEST_STEP][PASSED] - delay(3): Delayed 3 second(s)

2019-02-21 16:46:49 - [MESSAGE][PASSED] - Delayed 3 second(s)

2019-02-21 16:46:49 - [TEST_STEP][PASSED] - setText(findTestObject("ZhiHao/General_User_Submit_form 7/GN_Submit Form 7_Section H/Page_PERKESO/input_Maklumat Account"), "test"): Text 'test' is set on object 'Object Repository/ZhiHao/General_User_Submit_form 7/GN_Submit Form 7_Section H/Page_PERKESO/input_Maklumat Account'

2019-02-21 16:46:49 - [MESSAGE][PASSED] - Text 'test' is set on object 'Object Repository/ZhiHao/General_User_Submit_form 7/GN_Submit Form 7_Section H/Page_PERKESO/input_Maklumat Account'

2019-02-21 16:46:49 - [TEST_STEP][PASSED] - delay(3): Delayed 3 second(s)

2019-02-21 16:46:52 - [MESSAGE][PASSED] - Delayed 3 second(s)

2019-02-21 16:46:52 - [TEST_STEP][PASSED] - setText(findTestObject("ZhiHao/General_User_Submit_form 7/GN_Submit Form 7_Section H/Page_PERKESO/input_Kenyataan Pemohon"), "testing"): Text 'testing' is set on object 'Object Repository/ZhiHao/General_User_Submit_form 7/GN_Submit Form 7_Section H/Page_PERKESO/input_Kenyataan Pemohon'

2019-02-21 16:46:53 - [MESSAGE][PASSED] - Text 'testing' is set on object 'Object Repository/ZhiHao/General_User_Submit_form 7/GN_Submit Form 7_Section H/Page_PERKESO/input_Kenyataan Pemohon'

2019-02-21 16:46:53 - [TEST_STEP][PASSED] - delay(3): Delayed 3 second(s)

2019-02-21 16:46:56 - [MESSAGE][PASSED] - Delayed 3 second(s)

2019-02-21 16:46:56 - [TEST_STEP][PASSED] - click(findTestObject("ZhiHao/General_User_Submit_form 7/GN_Submit Form 7_Section H/Page_PERKESO/click_button_Hantar")): Object: 'Object Repository/ZhiHao/General_User_Submit_form 7/GN_Submit Form 7_Section H/Page_PERKESO/click_button_Hantar' is clicked on

2019-02-21 16:46:56 - [MESSAGE][PASSED] - Object: 'Object Repository/ZhiHao/General_User_Submit_form 7/GN_Submit Form 7_Section H/Page_PERKESO/click_button_Hantar' is clicked on

2019-02-21 16:46:56 - [TEST_STEP][PASSED] - delay(3): Delayed 3 second(s)

2019-02-21 16:46:59 - [MESSAGE][PASSED] - Delayed 3 second(s)

2019-02-21 16:46:59 - [TEST_STEP][PASSED] - acceptAlert(): Alert accepted

2019-02-21 16:46:59 - [MESSAGE][PASSED] - Alert accepted

2019-02-21 16:46:59 - [TEST_STEP][PASSED] - delay(3): Delayed 3 second(s)

2019-02-21 16:47:02 - [MESSAGE][PASSED] - Delayed 3 second(s)

2019-02-21 16:47:02 - [TEST_STEP][PASSED] - click(findTestObject("ZhiHao/General_User_Submit_form 7/GN_Submit Form 7_Section H/Page_PERKESO/click_button_Hantar (1)")): Object: 'Object Repository/ZhiHao/General_User_Submit_form 7/GN_Submit Form 7_Section H/Page_PERKESO/click_button_Hantar (1)' is clicked on

2019-02-21 16:47:02 - [MESSAGE][PASSED] - Object: 'Object Repository/ZhiHao/General_User_Submit_form 7/GN_Submit Form 7_Section H/Page_PERKESO/click_button_Hantar (1)' is clicked on

2019-02-21 16:47:02 - [TEST_STEP][PASSED] - delay(3, STOP_ON_FAILURE): Delayed 3 second(s)

2019-02-21 16:47:05 - [MESSAGE][PASSED] - Delayed 3 second(s)

2019-02-21 16:47:05 - [TEST_STEP][PASSED] - IC = getText(findTestObject("ZhiHao/General_User_Submit_form 7/GN_Submit Form 7_Section H/Page_PERKESO/strong_821210105280 (1)")): Text of object 'Object Repository/ZhiHao/General_User_Submit_form 7/GN_Submit Form 7_Section H/Page_PERKESO/strong_821210105280 (1)' is: '881129566076'

2019-02-21 16:47:05 - [MESSAGE][PASSED] - Text of object 'Object Repository/ZhiHao/General_User_Submit_form 7/GN_Submit Form 7_Section H/Page_PERKESO/strong_821210105280 (1)' is: '881129566076'

2019-02-21 16:47:05 - [TEST_STEP][PASSED] - callTestCase(findTestCase("All TC/Arranged/1. Common/1.2 Setter/Setter IC"), [:], STOP_ON_FAILURE): Call Test Case 'Test Cases/All TC/Arranged/1. Common/1.2 Setter/Setter IC' successfully

2019-02-21 16:47:05 - [TEST_CASE][PASSED] - Test Cases/All TC/Arranged/1. Common/1.2 Setter/Setter IC: Test Cases/All TC/Arranged/1. Common/1.2 Setter/Setter IC

2019-02-21 16:47:05 - [TEST_STEP][PASSED] - RefNoOldFile = new java.io.File((internal.GlobalVariable.TextFilePathCommon + \getIC.txt)): null

2019-02-21 16:47:05 - [TEST_STEP][PASSED] - RefNoOldFile.delete(): null

2019-02-21 16:47:05 - [TEST_STEP][PASSED] - delay(5): Delayed 5 second(s)

2019-02-21 16:47:10 - [MESSAGE][PASSED] - Delayed 5 second(s)

2019-02-21 16:47:10 - [TEST_STEP][PASSED] - RefNo = new java.io.File((internal.GlobalVariable.TextFilePathCommon + \getIC.txt)): null

2019-02-21 16:47:10 - [TEST_STEP][PASSED] - f2 = new java.io.FileWriter(RefNo, false): null

2019-02-21 16:47:10 - [TEST_STEP][PASSED] - f2.write(IC): null

2019-02-21 16:47:10 - [TEST_STEP][PASSED] - f2.close(): null

2019-02-21 16:47:10 - [TEST_STEP][PASSED] - out.println("


" + IC + "


"): null

2019-02-21 16:47:10 - [MESSAGE][PASSED] - Call Test Case 'Test Cases/All TC/Arranged/1. Common/1.2 Setter/Setter IC' successfully

2019-02-21 16:47:10 - [TEST_STEP][PASSED] - Password = getText(findTestObject("ZhiHao/General_User_Submit_form 7/GN_Submit Form 7_Section H/Page_PERKESO/strong_k76N7BsG (1)")): Text of object 'Object Repository/ZhiHao/General_User_Submit_form 7/GN_Submit Form 7_Section H/Page_PERKESO/strong_k76N7BsG (1)' is: 'VtIA9ekB'

2019-02-21 16:47:10 - [MESSAGE][PASSED] - Text of object 'Object Repository/ZhiHao/General_User_Submit_form 7/GN_Submit Form 7_Section H/Page_PERKESO/strong_k76N7BsG (1)' is: 'VtIA9ekB'

2019-02-21 16:47:10 - [TEST_STEP][PASSED] - callTestCase(findTestCase("All TC/Arranged/1. Common/1.2 Setter/Setter Password"), [:], STOP_ON_FAILURE): Call Test Case 'Test Cases/All TC/Arranged/1. Common/1.2 Setter/Setter Password' successfully

2019-02-21 16:47:11 - [TEST_CASE][PASSED] - Test Cases/All TC/Arranged/1. Common/1.2 Setter/Setter Password: Test Cases/All TC/Arranged/1. Common/1.2 Setter/Setter Password

2019-02-21 16:47:11 - [TEST_STEP][PASSED] - RefNoOldFile = new java.io.File((internal.GlobalVariable.TextFilePathCommon + \getPassword.txt)): null

2019-02-21 16:47:11 - [TEST_STEP][PASSED] - RefNoOldFile.delete(): null

2019-02-21 16:47:11 - [TEST_STEP][PASSED] - delay(5): Delayed 5 second(s)

2019-02-21 16:47:16 - [MESSAGE][PASSED] - Delayed 5 second(s)

2019-02-21 16:47:16 - [TEST_STEP][PASSED] - RefNo = new java.io.File((internal.GlobalVariable.TextFilePathCommon + \getPassword.txt)): null

2019-02-21 16:47:16 - [TEST_STEP][PASSED] - f2 = new java.io.FileWriter(RefNo, false): null

2019-02-21 16:47:16 - [TEST_STEP][PASSED] - f2.write(Password): null

2019-02-21 16:47:16 - [TEST_STEP][PASSED] - f2.close(): null

2019-02-21 16:47:16 - [TEST_STEP][PASSED] - out.println("


" + Password + "


"): null

2019-02-21 16:47:16 - [MESSAGE][PASSED] - Call Test Case 'Test Cases/All TC/Arranged/1. Common/1.2 Setter/Setter Password' successfully

2019-02-21 16:47:16 - [TEST_STEP][PASSED] - CaseID = getText(findTestObject("ZhiHao/General_User_Submit_form 7/GN_Submit Form 7_Section H/Page_PERKESO/strong_SIPE1119060000038 (1)")): Text of object 'Object Repository/ZhiHao/General_User_Submit_form 7/GN_Submit Form 7_Section H/Page_PERKESO/strong_SIPE1119060000038 (1)' is: 'SIPE1119070000028'

2019-02-21 16:47:16 - [MESSAGE][PASSED] - Text of object 'Object Repository/ZhiHao/General_User_Submit_form 7/GN_Submit Form 7_Section H/Page_PERKESO/strong_SIPE1119060000038 (1)' is: 'SIPE1119070000028'

2019-02-21 16:47:16 - [TEST_STEP][PASSED] - callTestCase(findTestCase("All TC/Arranged/1. Common/1.2 Setter/Setter Case ID"), [:], STOP_ON_FAILURE): Call Test Case 'Test Cases/All TC/Arranged/1. Common/1.2 Setter/Setter Case ID' successfully

2019-02-21 16:47:16 - [TEST_CASE][PASSED] - Test Cases/All TC/Arranged/1. Common/1.2 Setter/Setter Case ID: Test Cases/All TC/Arranged/1. Common/1.2 Setter/Setter Case ID

2019-02-21 16:47:16 - [TEST_STEP][PASSED] - RefNoOldFile = new java.io.File((internal.GlobalVariable.TextFilePathCommon + \getCaseID.txt)): null

2019-02-21 16:47:16 - [TEST_STEP][PASSED] - RefNoOldFile.delete(): null

2019-02-21 16:47:16 - [TEST_STEP][PASSED] - delay(5): Delayed 5 second(s)

2019-02-21 16:47:21 - [MESSAGE][PASSED] - Delayed 5 second(s)

2019-02-21 16:47:21 - [TEST_STEP][PASSED] - RefNo = new java.io.File((internal.GlobalVariable.TextFilePathCommon + \getCaseID.txt)): null

2019-02-21 16:47:21 - [TEST_STEP][PASSED] - f2 = new java.io.FileWriter(RefNo, false): null

2019-02-21 16:47:21 - [TEST_STEP][PASSED] - f2.write(CaseID): null

2019-02-21 16:47:21 - [TEST_STEP][PASSED] - f2.close(): null

2019-02-21 16:47:21 - [TEST_STEP][PASSED] - out.println("


" + CaseID + "


"): null

2019-02-21 16:47:21 - [MESSAGE][PASSED] - Call Test Case 'Test Cases/All TC/Arranged/1. Common/1.2 Setter/Setter Case ID' successfully

2019-02-21 16:47:21 - [MESSAGE][PASSED] - Call Test Case 'Test Cases/All TC/Arranged/3. Unit/EI/GN submit form 7/GN_Submit Form 7_Section H' successfully

2019-02-21 16:47:21 - [TEST_STEP][NOT_RUN] - callTestCase(findTestCase("All TC/Arranged/2. Segment/2.8 OTC_Semakan/OTC_Semakan(By IC)"), [:], STOP_ON_FAILURE): NOT_RUN: callTestCase(findTestCase("All TC/Arranged/2. Segment/2.8 OTC_Semakan/OTC_Semakan(By IC)"), [:], STOP_ON_FAILURE)

2019-02-21 16:47:21 - [MESSAGE][NOT_RUN] - NOT_RUN: callTestCase(findTestCase("All TC/Arranged/2. Segment/2.8 OTC_Semakan/OTC_Semakan(By IC)"), [:], STOP_ON_FAILURE)

2019-02-21 16:47:21 - [MESSAGE][PASSED] - Call Test Case 'Test Cases/All TC/Arranged/2. Segment/GN_Submit Form 7_End to End' successfully

2019-02-21 16:47:21 - [TEST_STEP][PASSED] - callTestCase(findTestCase("All TC/Arranged/2. Segment/2.8 OTC_Semakan/OTC_Semakan(By IC)"), [:], STOP_ON_FAILURE): Call Test Case 'Test Cases/All TC/Arranged/2. Segment/2.8 OTC_Semakan/OTC_Semakan(By IC)' successfully

2019-02-21 16:47:21 - [TEST_CASE][PASSED] - Test Cases/All TC/Arranged/2. Segment/2.8 OTC_Semakan/OTC_Semakan(By IC): Test Cases/All TC/Arranged/2. Segment/2.8 OTC_Semakan/OTC_Semakan(By IC)

2019-02-21 16:47:22 - [TEST_STEP][PASSED] - openBrowser(""): Browser is opened with url: ''

2019-02-21 16:47:22 - [MESSAGE][WARNING] - A browser is already opened. Closing browser and opening a new one

2019-02-21 16:47:22 - [MESSAGE][INFO] - Starting 'Chrome' driver

2019-02-21 16:47:22 - [MESSAGE][INFO] - User set preference: ['args', '[--start-maximized]']

2019-02-21 16:47:25 - [MESSAGE][PASSED] - Browser is opened with url: ''

2019-02-21 16:47:25 - [TEST_STEP][PASSED] - navigateToUrl(Internal_Login): Navigate to 'http://10.20.24.188/eisportal/user/login' successfully

2019-02-21 16:47:25 - [MESSAGE][PASSED] - Navigate to 'http://10.20.24.188/eisportal/user/login' successfully

2019-02-21 16:47:25 - [TEST_STEP][PASSED] - setText(findTestObject("ZhiHao/OTC_Semakan/OTC_Semakan(by IC)/Page_PERKESO/input_username"), "dalilah.taib@perkeso.gov.my"): Text 'dalilah.taib@perkeso.gov.my' is set on object 'Object Repository/ZhiHao/OTC_Semakan/OTC_Semakan(by IC)/Page_PERKESO/input_username'

2019-02-21 16:47:26 - [MESSAGE][PASSED] - Text 'dalilah.taib@perkeso.gov.my' is set on object 'Object Repository/ZhiHao/OTC_Semakan/OTC_Semakan(by IC)/Page_PERKESO/input_username'

2019-02-21 16:47:26 - [TEST_STEP][PASSED] - setEncryptedText(findTestObject("ZhiHao/OTC_Semakan/OTC_Semakan(by IC)/Page_PERKESO/input_password"), "CQqwFZlbeC8="): Text ****** has been set on object 'Object Repository/ZhiHao/OTC_Semakan/OTC_Semakan(by IC)/Page_PERKESO/input_password'

2019-02-21 16:47:26 - [MESSAGE][PASSED] - Text ****** has been set on object 'Object Repository/ZhiHao/OTC_Semakan/OTC_Semakan(by IC)/Page_PERKESO/input_password'

2019-02-21 16:47:26 - [TEST_STEP][PASSED] - click(findTestObject("ZhiHao/OTC_Semakan/OTC_Semakan(by IC)/Page_PERKESO/click_login")): Object: 'Object Repository/ZhiHao/OTC_Semakan/OTC_Semakan(by IC)/Page_PERKESO/click_login' is clicked on

2019-02-21 16:47:27 - [MESSAGE][PASSED] - Object: 'Object Repository/ZhiHao/OTC_Semakan/OTC_Semakan(by IC)/Page_PERKESO/click_login' is clicked on

2019-02-21 16:47:27 - [TEST_STEP][PASSED] - callTestCase(findTestCase("All TC/Arranged/1. Common/1.1 Getter/Getter IC"), [:], STOP_ON_FAILURE): Call Test Case 'Test Cases/All TC/Arranged/1. Common/1.1 Getter/Getter IC' successfully

2019-02-21 16:47:27 - [TEST_CASE][PASSED] - Test Cases/All TC/Arranged/1. Common/1.1 Getter/Getter IC: Test Cases/All TC/Arranged/1. Common/1.1 Getter/Getter IC

2019-02-21 16:47:27 - [TEST_STEP][PASSED] - try: null

2019-02-21 16:47:27 - [TEST_STEP][PASSED] - RefNo = new java.io.File((internal.GlobalVariable.TextFilePathCommon + \getIC.txt)): null

2019-02-21 16:47:27 - [TEST_STEP][PASSED] - bufferread = new java.io.BufferedReader(new java.io.FileReader(RefNo)): null

2019-02-21 16:47:27 - [TEST_STEP][PASSED] - readedVal = bufferread.readLine(): null

2019-02-21 16:47:27 - [TEST_STEP][PASSED] - out.println(IC): null

2019-02-21 16:47:27 - [TEST_STEP][PASSED] - out.println(readedVal): null

2019-02-21 16:47:27 - [TEST_STEP][PASSED] - IC = "": null

2019-02-21 16:47:27 - [TEST_STEP][PASSED] - IC = readedVal: null

2019-02-21 16:47:27 - [MESSAGE][PASSED] - Call Test Case 'Test Cases/All TC/Arranged/1. Common/1.1 Getter/Getter IC' successfully

2019-02-21 16:47:27 - [TEST_STEP][PASSED] - setText(findTestObject("ZhiHao/OTC_Semakan/OTC_Semakan(by IC)/Page_PERKESO/input_(Baru)_nric"), IC): Text '881129566076' is set on object 'Object Repository/ZhiHao/OTC_Semakan/OTC_Semakan(by IC)/Page_PERKESO/input_(Baru)_nric'

2019-02-21 16:47:28 - [MESSAGE][PASSED] - Text '881129566076' is set on object 'Object Repository/ZhiHao/OTC_Semakan/OTC_Semakan(by IC)/Page_PERKESO/input_(Baru)_nric'

2019-02-21 16:47:28 - [TEST_STEP][PASSED] - click(findTestObject("ZhiHao/OTC_Semakan/OTC_Semakan(by IC)/Page_PERKESO/button_Semak")): Object: 'Object Repository/ZhiHao/OTC_Semakan/OTC_Semakan(by IC)/Page_PERKESO/button_Semak' is clicked on

2019-02-21 16:47:28 - [MESSAGE][PASSED] - Object: 'Object Repository/ZhiHao/OTC_Semakan/OTC_Semakan(by IC)/Page_PERKESO/button_Semak' is clicked on

2019-02-21 16:47:28 - [TEST_STEP][PASSED] - UserName = getText(findTestObject("ZhiHao/OTC_Semakan/OTC_Semakan(by IC)/Page_PERKESO/td_JHEIO3")): Text of object 'Object Repository/ZhiHao/OTC_Semakan/OTC_Semakan(by IC)/Page_PERKESO/td_JHEIO3' is: 'Pejabat PERKESO Negeri Johor'

2019-02-21 16:47:28 - [MESSAGE][PASSED] - Text of object 'Object Repository/ZhiHao/OTC_Semakan/OTC_Semakan(by IC)/Page_PERKESO/td_JHEIO3' is: 'Pejabat PERKESO Negeri Johor'

2019-02-21 16:47:28 - [TEST_STEP][PASSED] - callTestCase(findTestCase("All TC/Arranged/1. Common/1.2 Setter/Setter UserName"), [:], STOP_ON_FAILURE): Call Test Case 'Test Cases/All TC/Arranged/1. Common/1.2 Setter/Setter UserName' successfully

2019-02-21 16:47:28 - [TEST_CASE][PASSED] - Test Cases/All TC/Arranged/1. Common/1.2 Setter/Setter UserName: Test Cases/All TC/Arranged/1. Common/1.2 Setter/Setter UserName

2019-02-21 16:47:29 - [TEST_STEP][PASSED] - RefNoOldFile = new java.io.File((internal.GlobalVariable.TextFilePathCommon + \getUser.txt)): null

2019-02-21 16:47:29 - [TEST_STEP][PASSED] - RefNoOldFile.delete(): null

2019-02-21 16:47:29 - [TEST_STEP][PASSED] - delay(5): Delayed 5 second(s)

2019-02-21 16:47:34 - [MESSAGE][PASSED] - Delayed 5 second(s)

2019-02-21 16:47:34 - [TEST_STEP][PASSED] - RefNo = new java.io.File((internal.GlobalVariable.TextFilePathCommon + \getUser.txt)): null

2019-02-21 16:47:34 - [TEST_STEP][PASSED] - f2 = new java.io.FileWriter(RefNo, false): null

2019-02-21 16:47:34 - [TEST_STEP][PASSED] - f2.write(UserName): null

2019-02-21 16:47:34 - [TEST_STEP][PASSED] - f2.close(): null

2019-02-21 16:47:34 - [TEST_STEP][PASSED] - out.println("


" + UserName + "


"): null

2019-02-21 16:47:34 - [MESSAGE][PASSED] - Call Test Case 'Test Cases/All TC/Arranged/1. Common/1.2 Setter/Setter UserName' successfully

2019-02-21 16:47:34 - [TEST_STEP][PASSED] - callTestCase(findTestCase("All TC/Arranged/1. Common/IC List Remover"), [:], STOP_ON_FAILURE): Call Test Case 'Test Cases/All TC/Arranged/1. Common/IC List Remover' successfully

2019-02-21 16:47:34 - [TEST_CASE][PASSED] - Test Cases/All TC/Arranged/1. Common/IC List Remover: Test Cases/All TC/Arranged/1. Common/IC List Remover

2019-02-21 16:47:34 - [TEST_STEP][PASSED] - counter = 0: null

2019-02-21 16:47:34 - [TEST_STEP][PASSED] - fis = new java.io.FileInputStream((internal.GlobalVariable.TextFilePathCommon + /IC.xlsx)): null

2019-02-21 16:47:34 - [TEST_STEP][PASSED] - workbook = new org.apache.poi.xssf.usermodel.XSSFWorkbook(fis): null

2019-02-21 16:47:34 - [TEST_STEP][PASSED] - sheet = workbook.getSheet("Sheet1"): null

2019-02-21 16:47:34 - [TEST_STEP][PASSED] - totalRow = sheet.getLastRowNum(): null

2019-02-21 16:47:34 - [TEST_STEP][PASSED] - out.println(totalRow): null

2019-02-21 16:47:34 - [TEST_STEP][PASSED] - row = sheet.getRow(counter): null

2019-02-21 16:47:34 - [TEST_STEP][PASSED] - cell = row.getCell(counter): null

2019-02-21 16:47:34 - [TEST_STEP][PASSED] - out.println("removing this value : " + cell.getStringCellValue()): null

2019-02-21 16:47:34 - [TEST_STEP][PASSED] - sheet.removeRow(sheet.getRow(counter)): null

2019-02-21 16:47:34 - [TEST_STEP][PASSED] - sheet.shiftRows(counter + 1, totalRow, -1): null

2019-02-21 16:47:34 - [TEST_STEP][PASSED] - fos = new java.io.FileOutputStream((internal.GlobalVariable.TextFilePathCommon + /IC.xlsx)): null

2019-02-21 16:47:34 - [TEST_STEP][PASSED] - workbook.write(fos): null

2019-02-21 16:47:35 - [TEST_STEP][PASSED] - fos.close(): null

2019-02-21 16:47:35 - [MESSAGE][PASSED] - Call Test Case 'Test Cases/All TC/Arranged/1. Common/IC List Remover' successfully

2019-02-21 16:47:35 - [MESSAGE][PASSED] - Call Test Case 'Test Cases/All TC/Arranged/2. Segment/2.8 OTC_Semakan/OTC_Semakan(By IC)' successfully

2019-02-21 16:47:35 - [TEST_STEP][PASSED] - callTestCase(findTestCase("All TC/Arranged/1. Common/IC List Remover"), [:], STOP_ON_FAILURE): Call Test Case 'Test Cases/All TC/Arranged/1. Common/IC List Remover' successfully

2019-02-21 16:47:35 - [TEST_CASE][PASSED] - Test Cases/All TC/Arranged/1. Common/IC List Remover: Test Cases/All TC/Arranged/1. Common/IC List Remover

2019-02-21 16:47:35 - [TEST_STEP][PASSED] - counter = 0: null

2019-02-21 16:47:35 - [TEST_STEP][PASSED] - fis = new java.io.FileInputStream((internal.GlobalVariable.TextFilePathCommon + /IC.xlsx)): null

2019-02-21 16:47:35 - [TEST_STEP][PASSED] - workbook = new org.apache.poi.xssf.usermodel.XSSFWorkbook(fis): null

2019-02-21 16:47:35 - [TEST_STEP][PASSED] - sheet = workbook.getSheet("Sheet1"): null

2019-02-21 16:47:35 - [TEST_STEP][PASSED] - totalRow = sheet.getLastRowNum(): null

2019-02-21 16:47:35 - [TEST_STEP][PASSED] - out.println(totalRow): null

2019-02-21 16:47:35 - [TEST_STEP][PASSED] - row = sheet.getRow(counter): null

2019-02-21 16:47:35 - [TEST_STEP][PASSED] - cell = row.getCell(counter): null

2019-02-21 16:47:35 - [TEST_STEP][PASSED] - out.println("removing this value : " + cell.getStringCellValue()): null

2019-02-21 16:47:35 - [TEST_STEP][PASSED] - sheet.removeRow(sheet.getRow(counter)): null

2019-02-21 16:47:35 - [TEST_STEP][PASSED] - sheet.shiftRows(counter + 1, totalRow, -1): null

2019-02-21 16:47:35 - [TEST_STEP][PASSED] - fos = new java.io.FileOutputStream((internal.GlobalVariable.TextFilePathCommon + /IC.xlsx)): null

2019-02-21 16:47:35 - [TEST_STEP][PASSED] - workbook.write(fos): null

2019-02-21 16:47:35 - [TEST_STEP][PASSED] - fos.close(): null

2019-02-21 16:47:35 - [MESSAGE][PASSED] - Call Test Case 'Test Cases/All TC/Arranged/1. Common/IC List Remover' successfully

2019-02-21 16:47:35 - [TEST_STEP][FAILED] - callTestCase(findTestCase("All TC/Arranged/2. Segment/2.3 JSA Application/EIO Internal Login - JSA Application - Approve"), [:], STOP_ON_FAILURE): callTestCase(findTestCase("All TC/Arranged/2. Segment/2.3 JSA Application/EIO Internal Login - JSA Application - Approve"), [:], STOP_ON_FAILURE) FAILED.
Reason:
com.kms.katalon.core.exception.StepFailedException: Unable to click on object 'Object Repository/KinJun/3.0 JSA Application/EIO Internal Login - JSA Application - Approve/Page_PERKESO/Click Workbasket' (Root cause: com.kms.katalon.core.webui.exception.WebElementNotFoundException: Web element with id: 'Object Repository/KinJun/3.0 JSA Application/EIO Internal Login - JSA Application - Approve/Page_PERKESO/Click Workbasket' located by 'By.xpath: //a[@href = '/eisportal/user/internal/taskinbox' and (text() = 'PETI MASUK TUGAS' or . = 'PETI MASUK TUGAS')]' not found)
	at com.kms.katalon.core.keyword.internal.KeywordMain.stepFailed(KeywordMain.groovy:36)
	at com.kms.katalon.core.webui.keyword.internal.WebUIKeywordMain.stepFailed(WebUIKeywordMain.groovy:65)
	at com.kms.katalon.core.webui.keyword.internal.WebUIKeywordMain.runKeyword(WebUIKeywordMain.groovy:27)
	at com.kms.katalon.core.webui.keyword.builtin.ClickKeyword.click(ClickKeyword.groovy:86)
	at com.kms.katalon.core.webui.keyword.builtin.ClickKeyword.execute(ClickKeyword.groovy:67)
	at com.kms.katalon.core.keyword.internal.KeywordExecutor.executeKeywordForPlatform(KeywordExecutor.groovy:53)
	at com.kms.katalon.core.webui.keyword.WebUiBuiltInKeywords.click(WebUiBuiltInKeywords.groovy:616)
	at com.kms.katalon.core.webui.keyword.WebUiBuiltInKeywords$click$3.call(Unknown Source)
	at EIO Internal Login - JSA Application - Approve.run(EIO Internal Login - JSA Application - Approve:32)
	at com.kms.katalon.core.main.ScriptEngine.run(ScriptEngine.java:194)
	at com.kms.katalon.core.main.ScriptEngine.runScriptAsRawText(ScriptEngine.java:119)
	at com.kms.katalon.core.main.TestCaseExecutor.runScript(TestCaseExecutor.java:328)
	at com.kms.katalon.core.main.TestCaseExecutor.doExecute(TestCaseExecutor.java:319)
	at com.kms.katalon.core.main.TestCaseExecutor.processExecutionPhase(TestCaseExecutor.java:298)
	at com.kms.katalon.core.main.TestCaseExecutor.accessMainPhase(TestCaseExecutor.java:290)
	at com.kms.katalon.core.main.TestCaseExecutor.execute(TestCaseExecutor.java:224)
	at com.kms.katalon.core.main.TestCaseMain.runTestCase(TestCaseMain.java:106)
	at com.kms.katalon.core.keyword.builtin.CallTestCaseKeyword$_callTestCase_closure1.doCall(CallTestCaseKeyword.groovy:59)
	at com.kms.katalon.core.keyword.builtin.CallTestCaseKeyword$_callTestCase_closure1.call(CallTestCaseKeyword.groovy)
	at com.kms.katalon.core.keyword.internal.KeywordMain.runKeyword(KeywordMain.groovy:54)
	at com.kms.katalon.core.keyword.builtin.CallTestCaseKeyword.callTestCase(CallTestCaseKeyword.groovy:80)
	at com.kms.katalon.core.keyword.builtin.CallTestCaseKeyword.execute(CallTestCaseKeyword.groovy:44)
	at com.kms.katalon.core.keyword.internal.KeywordExecutor.executeKeywordForPlatform(KeywordExecutor.groovy:53)
	at com.kms.katalon.core.keyword.BuiltinKeywords.callTestCase(BuiltinKeywords.groovy:334)
	at Submit Form 7 (General) - Case Reassignment Same Branch SEIO.run(Submit Form 7 (General) - Case Reassignment Same Branch SEIO:22)
	at com.kms.katalon.core.main.ScriptEngine.run(ScriptEngine.java:194)
	at com.kms.katalon.core.main.ScriptEngine.runScriptAsRawText(ScriptEngine.java:119)
	at com.kms.katalon.core.main.TestCaseExecutor.runScript(TestCaseExecutor.java:328)
	at com.kms.katalon.core.main.TestCaseExecutor.doExecute(TestCaseExecutor.java:319)
	at com.kms.katalon.core.main.TestCaseExecutor.processExecutionPhase(TestCaseExecutor.java:298)
	at com.kms.katalon.core.main.TestCaseExecutor.accessMainPhase(TestCaseExecutor.java:290)
	at com.kms.katalon.core.main.TestCaseExecutor.execute(TestCaseExecutor.java:224)
	at com.kms.katalon.core.main.TestSuiteExecutor.accessTestCaseMainPhase(TestSuiteExecutor.java:129)
	at com.kms.katalon.core.main.TestSuiteExecutor.accessTestSuiteMainPhase(TestSuiteExecutor.java:112)
	at com.kms.katalon.core.main.TestSuiteExecutor.execute(TestSuiteExecutor.java:81)
	at com.kms.katalon.core.main.TestCaseMain.startTestSuite(TestCaseMain.java:149)
	at com.kms.katalon.core.main.TestCaseMain$startTestSuite$0.call(Unknown Source)
	at TempTestSuite1550738418733.run(TempTestSuite1550738418733.groovy:36)


2019-02-21 16:47:35 - [TEST_CASE][FAILED] - Test Cases/All TC/Arranged/2. Segment/2.3 JSA Application/EIO Internal Login - JSA Application - Approve: Test Cases/All TC/Arranged/2. Segment/2.3 JSA Application/EIO Internal Login - JSA Application - Approve FAILED.
Reason:
com.kms.katalon.core.exception.StepFailedException: Unable to click on object 'Object Repository/KinJun/3.0 JSA Application/EIO Internal Login - JSA Application - Approve/Page_PERKESO/Click Workbasket' (Root cause: com.kms.katalon.core.webui.exception.WebElementNotFoundException: Web element with id: 'Object Repository/KinJun/3.0 JSA Application/EIO Internal Login - JSA Application - Approve/Page_PERKESO/Click Workbasket' located by 'By.xpath: //a[@href = '/eisportal/user/internal/taskinbox' and (text() = 'PETI MASUK TUGAS' or . = 'PETI MASUK TUGAS')]' not found)
	at com.kms.katalon.core.keyword.internal.KeywordMain.stepFailed(KeywordMain.groovy:36)
	at com.kms.katalon.core.webui.keyword.internal.WebUIKeywordMain.stepFailed(WebUIKeywordMain.groovy:65)
	at com.kms.katalon.core.webui.keyword.internal.WebUIKeywordMain.runKeyword(WebUIKeywordMain.groovy:27)
	at com.kms.katalon.core.webui.keyword.builtin.ClickKeyword.click(ClickKeyword.groovy:86)
	at com.kms.katalon.core.webui.keyword.builtin.ClickKeyword.execute(ClickKeyword.groovy:67)
	at com.kms.katalon.core.keyword.internal.KeywordExecutor.executeKeywordForPlatform(KeywordExecutor.groovy:53)
	at com.kms.katalon.core.webui.keyword.WebUiBuiltInKeywords.click(WebUiBuiltInKeywords.groovy:616)
	at com.kms.katalon.core.webui.keyword.WebUiBuiltInKeywords$click$3.call(Unknown Source)
	at EIO Internal Login - JSA Application - Approve.run(EIO Internal Login - JSA Application - Approve:32)
	at com.kms.katalon.core.main.ScriptEngine.run(ScriptEngine.java:194)
	at com.kms.katalon.core.main.ScriptEngine.runScriptAsRawText(ScriptEngine.java:119)
	at com.kms.katalon.core.main.TestCaseExecutor.runScript(TestCaseExecutor.java:328)
	at com.kms.katalon.core.main.TestCaseExecutor.doExecute(TestCaseExecutor.java:319)
	at com.kms.katalon.core.main.TestCaseExecutor.processExecutionPhase(TestCaseExecutor.java:298)
	at com.kms.katalon.core.main.TestCaseExecutor.accessMainPhase(TestCaseExecutor.java:290)
	at com.kms.katalon.core.main.TestCaseExecutor.execute(TestCaseExecutor.java:224)
	at com.kms.katalon.core.main.TestCaseMain.runTestCase(TestCaseMain.java:106)
	at com.kms.katalon.core.keyword.builtin.CallTestCaseKeyword$_callTestCase_closure1.doCall(CallTestCaseKeyword.groovy:59)
	at com.kms.katalon.core.keyword.builtin.CallTestCaseKeyword$_callTestCase_closure1.call(CallTestCaseKeyword.groovy)
	at com.kms.katalon.core.keyword.internal.KeywordMain.runKeyword(KeywordMain.groovy:54)
	at com.kms.katalon.core.keyword.builtin.CallTestCaseKeyword.callTestCase(CallTestCaseKeyword.groovy:80)
	at com.kms.katalon.core.keyword.builtin.CallTestCaseKeyword.execute(CallTestCaseKeyword.groovy:44)
	at com.kms.katalon.core.keyword.internal.KeywordExecutor.executeKeywordForPlatform(KeywordExecutor.groovy:53)
	at com.kms.katalon.core.keyword.BuiltinKeywords.callTestCase(BuiltinKeywords.groovy:334)
	at Submit Form 7 (General) - Case Reassignment Same Branch SEIO.run(Submit Form 7 (General) - Case Reassignment Same Branch SEIO:22)
	at com.kms.katalon.core.main.ScriptEngine.run(ScriptEngine.java:194)
	at com.kms.katalon.core.main.ScriptEngine.runScriptAsRawText(ScriptEngine.java:119)
	at com.kms.katalon.core.main.TestCaseExecutor.runScript(TestCaseExecutor.java:328)
	at com.kms.katalon.core.main.TestCaseExecutor.doExecute(TestCaseExecutor.java:319)
	at com.kms.katalon.core.main.TestCaseExecutor.processExecutionPhase(TestCaseExecutor.java:298)
	at com.kms.katalon.core.main.TestCaseExecutor.accessMainPhase(TestCaseExecutor.java:290)
	at com.kms.katalon.core.main.TestCaseExecutor.execute(TestCaseExecutor.java:224)
	at com.kms.katalon.core.main.TestSuiteExecutor.accessTestCaseMainPhase(TestSuiteExecutor.java:129)
	at com.kms.katalon.core.main.TestSuiteExecutor.accessTestSuiteMainPhase(TestSuiteExecutor.java:112)
	at com.kms.katalon.core.main.TestSuiteExecutor.execute(TestSuiteExecutor.java:81)
	at com.kms.katalon.core.main.TestCaseMain.startTestSuite(TestCaseMain.java:149)
	at com.kms.katalon.core.main.TestCaseMain$startTestSuite$0.call(Unknown Source)
	at TempTestSuite1550738418733.run(TempTestSuite1550738418733.groovy:36)


2019-02-21 16:47:36 - [TEST_STEP][PASSED] - openBrowser(""): Browser is opened with url: ''

2019-02-21 16:47:36 - [MESSAGE][WARNING] - A browser is already opened. Closing browser and opening a new one

2019-02-21 16:47:36 - [MESSAGE][INFO] - Starting 'Chrome' driver

2019-02-21 16:47:36 - [MESSAGE][INFO] - User set preference: ['args', '[--start-maximized]']

2019-02-21 16:47:38 - [MESSAGE][PASSED] - Browser is opened with url: ''

2019-02-21 16:47:38 - [TEST_STEP][PASSED] - navigateToUrl(Internal_Login): Navigate to 'http://10.20.24.188/eisportal/user/login' successfully

2019-02-21 16:47:39 - [MESSAGE][PASSED] - Navigate to 'http://10.20.24.188/eisportal/user/login' successfully

2019-02-21 16:47:39 - [TEST_STEP][PASSED] - callTestCase(findTestCase("All TC/Arranged/1. Common/Internal Email Finder"), [:], STOP_ON_FAILURE): Call Test Case 'Test Cases/All TC/Arranged/1. Common/Internal Email Finder' successfully

2019-02-21 16:47:39 - [TEST_CASE][PASSED] - Test Cases/All TC/Arranged/1. Common/Internal Email Finder: Test Cases/All TC/Arranged/1. Common/Internal Email Finder

2019-02-21 16:47:39 - [TEST_STEP][PASSED] - callTestCase(findTestCase("All TC/Arranged/1. Common/1.1 Getter/Getter UserName"), [:], CONTINUE_ON_FAILURE): Call Test Case 'Test Cases/All TC/Arranged/1. Common/1.1 Getter/Getter UserName' successfully

2019-02-21 16:47:40 - [TEST_CASE][PASSED] - Test Cases/All TC/Arranged/1. Common/1.1 Getter/Getter UserName: Test Cases/All TC/Arranged/1. Common/1.1 Getter/Getter UserName

2019-02-21 16:47:40 - [TEST_STEP][PASSED] - try: null

2019-02-21 16:47:40 - [TEST_STEP][PASSED] - RefNo = new java.io.File((internal.GlobalVariable.TextFilePathCommon + \getUser.txt)): null

2019-02-21 16:47:40 - [TEST_STEP][PASSED] - bufferread = new java.io.BufferedReader(new java.io.FileReader(RefNo)): null

2019-02-21 16:47:40 - [TEST_STEP][PASSED] - readedVal = bufferread.readLine(): null

2019-02-21 16:47:40 - [TEST_STEP][PASSED] - out.println(UserName): null

2019-02-21 16:47:40 - [TEST_STEP][PASSED] - out.println(readedVal): null

2019-02-21 16:47:40 - [TEST_STEP][PASSED] - UserName = "": null

2019-02-21 16:47:40 - [TEST_STEP][PASSED] - UserName = readedVal: null

2019-02-21 16:47:40 - [MESSAGE][PASSED] - Call Test Case 'Test Cases/All TC/Arranged/1. Common/1.1 Getter/Getter UserName' successfully

2019-02-21 16:47:40 - [TEST_STEP][PASSED] - StrA = UserName: null

2019-02-21 16:47:40 - [TEST_STEP][PASSED] - StrB = <not implemented yet for class: org.codehaus.groovy.ast.expr.EmptyExpression>: null

2019-02-21 16:47:40 - [TEST_STEP][PASSED] - Counter = 1: null

2019-02-21 16:47:40 - [TEST_STEP][PASSED] - while (!(StrB.equals(StrA)) && !(Counter > findTestData("Internal User List").getRowNumbers())): null

2019-02-21 16:47:40 - [TEST_STEP][PASSED] - StrB = findTestData("Internal User List").getValue(2, Counter): null

2019-02-21 16:47:40 - [TEST_STEP][PASSED] - if (StrB.equals(StrA)): null

2019-02-21 16:47:40 - [TEST_STEP][PASSED] - (Counter++): null

2019-02-21 16:47:40 - [TEST_STEP][PASSED] - StrB = findTestData("Internal User List").getValue(2, Counter): null

2019-02-21 16:47:40 - [TEST_STEP][PASSED] - if (StrB.equals(StrA)): null

2019-02-21 16:47:40 - [TEST_STEP][PASSED] - (Counter++): null

2019-02-21 16:47:40 - [TEST_STEP][PASSED] - StrB = findTestData("Internal User List").getValue(2, Counter): null

2019-02-21 16:47:40 - [TEST_STEP][PASSED] - if (StrB.equals(StrA)): null

2019-02-21 16:47:40 - [TEST_STEP][PASSED] - (Counter++): null

2019-02-21 16:47:40 - [TEST_STEP][PASSED] - StrB = findTestData("Internal User List").getValue(2, Counter): null

2019-02-21 16:47:40 - [TEST_STEP][PASSED] - if (StrB.equals(StrA)): null

2019-02-21 16:47:40 - [TEST_STEP][PASSED] - (Counter++): null

2019-02-21 16:47:40 - [TEST_STEP][PASSED] - StrB = findTestData("Internal User List").getValue(2, Counter): null

2019-02-21 16:47:40 - [TEST_STEP][PASSED] - if (StrB.equals(StrA)): null

2019-02-21 16:47:40 - [TEST_STEP][PASSED] - (Counter++): null

2019-02-21 16:47:40 - [TEST_STEP][PASSED] - StrB = findTestData("Internal User List").getValue(2, Counter): null

2019-02-21 16:47:40 - [TEST_STEP][PASSED] - if (StrB.equals(StrA)): null

2019-02-21 16:47:40 - [TEST_STEP][PASSED] - (Counter++): null

2019-02-21 16:47:40 - [TEST_STEP][PASSED] - StrB = findTestData("Internal User List").getValue(2, Counter): null

2019-02-21 16:47:41 - [TEST_STEP][PASSED] - if (StrB.equals(StrA)): null

2019-02-21 16:47:41 - [TEST_STEP][PASSED] - (Counter++): null

2019-02-21 16:47:41 - [TEST_STEP][PASSED] - StrB = findTestData("Internal User List").getValue(2, Counter): null

2019-02-21 16:47:41 - [TEST_STEP][PASSED] - if (StrB.equals(StrA)): null

2019-02-21 16:47:41 - [TEST_STEP][PASSED] - (Counter++): null

2019-02-21 16:47:41 - [TEST_STEP][PASSED] - StrB = findTestData("Internal User List").getValue(2, Counter): null

2019-02-21 16:47:41 - [TEST_STEP][PASSED] - if (StrB.equals(StrA)): null

2019-02-21 16:47:41 - [TEST_STEP][PASSED] - (Counter++): null

2019-02-21 16:47:41 - [TEST_STEP][PASSED] - StrB = findTestData("Internal User List").getValue(2, Counter): null

2019-02-21 16:47:41 - [TEST_STEP][PASSED] - if (StrB.equals(StrA)): null

2019-02-21 16:47:41 - [TEST_STEP][PASSED] - (Counter++): null

2019-02-21 16:47:41 - [TEST_STEP][PASSED] - StrB = findTestData("Internal User List").getValue(2, Counter): null

2019-02-21 16:47:41 - [TEST_STEP][PASSED] - if (StrB.equals(StrA)): null

2019-02-21 16:47:41 - [TEST_STEP][PASSED] - (Counter++): null

2019-02-21 16:47:41 - [TEST_STEP][PASSED] - StrB = findTestData("Internal User List").getValue(2, Counter): null

2019-02-21 16:47:41 - [TEST_STEP][PASSED] - if (StrB.equals(StrA)): null

2019-02-21 16:47:41 - [TEST_STEP][PASSED] - (Counter++): null

2019-02-21 16:47:41 - [TEST_STEP][PASSED] - StrB = findTestData("Internal User List").getValue(2, Counter): null

2019-02-21 16:47:41 - [TEST_STEP][PASSED] - if (StrB.equals(StrA)): null

2019-02-21 16:47:41 - [TEST_STEP][PASSED] - (Counter++): null

2019-02-21 16:47:41 - [TEST_STEP][PASSED] - StrB = findTestData("Internal User List").getValue(2, Counter): null

2019-02-21 16:47:41 - [TEST_STEP][PASSED] - if (StrB.equals(StrA)): null

2019-02-21 16:47:42 - [TEST_STEP][PASSED] - (Counter++): null

2019-02-21 16:47:42 - [TEST_STEP][PASSED] - StrB = findTestData("Internal User List").getValue(2, Counter): null

2019-02-21 16:47:42 - [TEST_STEP][PASSED] - if (StrB.equals(StrA)): null

2019-02-21 16:47:42 - [TEST_STEP][PASSED] - (Counter++): null

2019-02-21 16:47:42 - [TEST_STEP][PASSED] - StrB = findTestData("Internal User List").getValue(2, Counter): null

2019-02-21 16:47:42 - [TEST_STEP][PASSED] - if (StrB.equals(StrA)): null

2019-02-21 16:47:42 - [TEST_STEP][PASSED] - (Counter++): null

2019-02-21 16:47:42 - [TEST_STEP][PASSED] - StrB = findTestData("Internal User List").getValue(2, Counter): null

2019-02-21 16:47:42 - [TEST_STEP][PASSED] - if (StrB.equals(StrA)): null

2019-02-21 16:47:42 - [TEST_STEP][PASSED] - (Counter++): null

2019-02-21 16:47:43 - [TEST_STEP][PASSED] - StrB = findTestData("Internal User List").getValue(2, Counter): null

2019-02-21 16:47:43 - [TEST_STEP][PASSED] - if (StrB.equals(StrA)): null

2019-02-21 16:47:43 - [TEST_STEP][PASSED] - (Counter++): null

2019-02-21 16:47:43 - [TEST_STEP][PASSED] - StrB = findTestData("Internal User List").getValue(2, Counter): null

2019-02-21 16:47:43 - [TEST_STEP][PASSED] - if (StrB.equals(StrA)): null

2019-02-21 16:47:43 - [TEST_STEP][PASSED] - (Counter++): null

2019-02-21 16:47:43 - [TEST_STEP][PASSED] - StrB = findTestData("Internal User List").getValue(2, Counter): null

2019-02-21 16:47:43 - [TEST_STEP][PASSED] - if (StrB.equals(StrA)): null

2019-02-21 16:47:43 - [TEST_STEP][PASSED] - (Counter++): null

2019-02-21 16:47:43 - [TEST_STEP][PASSED] - StrB = findTestData("Internal User List").getValue(2, Counter): null

2019-02-21 16:47:43 - [TEST_STEP][PASSED] - if (StrB.equals(StrA)): null

2019-02-21 16:47:43 - [TEST_STEP][PASSED] - (Counter++): null

2019-02-21 16:47:43 - [TEST_STEP][PASSED] - StrB = findTestData("Internal User List").getValue(2, Counter): null

2019-02-21 16:47:43 - [TEST_STEP][PASSED] - if (StrB.equals(StrA)): null

2019-02-21 16:47:43 - [TEST_STEP][PASSED] - (Counter++): null

2019-02-21 16:47:43 - [TEST_STEP][PASSED] - StrB = findTestData("Internal User List").getValue(2, Counter): null

2019-02-21 16:47:43 - [TEST_STEP][PASSED] - if (StrB.equals(StrA)): null

2019-02-21 16:47:43 - [TEST_STEP][PASSED] - (Counter++): null

2019-02-21 16:47:43 - [TEST_STEP][PASSED] - StrB = findTestData("Internal User List").getValue(2, Counter): null

2019-02-21 16:47:43 - [TEST_STEP][PASSED] - if (StrB.equals(StrA)): null

2019-02-21 16:47:44 - [TEST_STEP][PASSED] - (Counter++): null

2019-02-21 16:47:44 - [TEST_STEP][PASSED] - StrB = findTestData("Internal User List").getValue(2, Counter): null

2019-02-21 16:47:44 - [TEST_STEP][PASSED] - if (StrB.equals(StrA)): null

2019-02-21 16:47:44 - [TEST_STEP][PASSED] - (Counter++): null

2019-02-21 16:47:44 - [TEST_STEP][PASSED] - StrB = findTestData("Internal User List").getValue(2, Counter): null

2019-02-21 16:47:44 - [TEST_STEP][PASSED] - if (StrB.equals(StrA)): null

2019-02-21 16:47:44 - [TEST_STEP][PASSED] - (Counter++): null

2019-02-21 16:47:44 - [TEST_STEP][PASSED] - StrB = findTestData("Internal User List").getValue(2, Counter): null

2019-02-21 16:47:44 - [TEST_STEP][PASSED] - if (StrB.equals(StrA)): null

2019-02-21 16:47:44 - [TEST_STEP][PASSED] - (Counter++): null

2019-02-21 16:47:45 - [TEST_STEP][PASSED] - StrB = findTestData("Internal User List").getValue(2, Counter): null

2019-02-21 16:47:45 - [TEST_STEP][PASSED] - if (StrB.equals(StrA)): null

2019-02-21 16:47:45 - [TEST_STEP][PASSED] - (Counter++): null

2019-02-21 16:47:45 - [TEST_STEP][PASSED] - StrB = findTestData("Internal User List").getValue(2, Counter): null

2019-02-21 16:47:45 - [TEST_STEP][PASSED] - if (StrB.equals(StrA)): null

2019-02-21 16:47:45 - [TEST_STEP][PASSED] - (Counter++): null

2019-02-21 16:47:45 - [TEST_STEP][PASSED] - StrB = findTestData("Internal User List").getValue(2, Counter): null

2019-02-21 16:47:45 - [TEST_STEP][PASSED] - if (StrB.equals(StrA)): null

2019-02-21 16:47:45 - [TEST_STEP][PASSED] - (Counter++): null

2019-02-21 16:47:45 - [TEST_STEP][PASSED] - StrB = findTestData("Internal User List").getValue(2, Counter): null

2019-02-21 16:47:45 - [TEST_STEP][PASSED] - if (StrB.equals(StrA)): null

2019-02-21 16:47:45 - [TEST_STEP][PASSED] - (Counter++): null

2019-02-21 16:47:45 - [TEST_STEP][PASSED] - StrB = findTestData("Internal User List").getValue(2, Counter): null

2019-02-21 16:47:45 - [TEST_STEP][PASSED] - if (StrB.equals(StrA)): null

2019-02-21 16:47:45 - [TEST_STEP][PASSED] - (Counter++): null

2019-02-21 16:47:45 - [TEST_STEP][PASSED] - StrB = findTestData("Internal User List").getValue(2, Counter): null

2019-02-21 16:47:45 - [TEST_STEP][PASSED] - if (StrB.equals(StrA)): null

2019-02-21 16:47:45 - [TEST_STEP][PASSED] - (Counter++): null

2019-02-21 16:47:46 - [TEST_STEP][PASSED] - StrB = findTestData("Internal User List").getValue(2, Counter): null

2019-02-21 16:47:46 - [TEST_STEP][PASSED] - if (StrB.equals(StrA)): null

2019-02-21 16:47:46 - [TEST_STEP][PASSED] - (Counter++): null

2019-02-21 16:47:46 - [TEST_STEP][PASSED] - StrB = findTestData("Internal User List").getValue(2, Counter): null

2019-02-21 16:47:46 - [TEST_STEP][PASSED] - if (StrB.equals(StrA)): null

2019-02-21 16:47:46 - [TEST_STEP][PASSED] - (Counter++): null

2019-02-21 16:47:46 - [TEST_STEP][PASSED] - StrB = findTestData("Internal User List").getValue(2, Counter): null

2019-02-21 16:47:46 - [TEST_STEP][PASSED] - if (StrB.equals(StrA)): null

2019-02-21 16:47:46 - [TEST_STEP][PASSED] - (Counter++): null

2019-02-21 16:47:46 - [TEST_STEP][PASSED] - StrB = findTestData("Internal User List").getValue(2, Counter): null

2019-02-21 16:47:46 - [TEST_STEP][PASSED] - if (StrB.equals(StrA)): null

2019-02-21 16:47:46 - [TEST_STEP][PASSED] - (Counter++): null

2019-02-21 16:47:46 - [TEST_STEP][PASSED] - StrB = findTestData("Internal User List").getValue(2, Counter): null

2019-02-21 16:47:47 - [TEST_STEP][PASSED] - if (StrB.equals(StrA)): null

2019-02-21 16:47:47 - [TEST_STEP][PASSED] - (Counter++): null

2019-02-21 16:47:47 - [TEST_STEP][PASSED] - StrB = findTestData("Internal User List").getValue(2, Counter): null

2019-02-21 16:47:47 - [TEST_STEP][PASSED] - if (StrB.equals(StrA)): null

2019-02-21 16:47:47 - [TEST_STEP][PASSED] - (Counter++): null

2019-02-21 16:47:47 - [TEST_STEP][PASSED] - StrB = findTestData("Internal User List").getValue(2, Counter): null

2019-02-21 16:47:47 - [TEST_STEP][PASSED] - if (StrB.equals(StrA)): null

2019-02-21 16:47:47 - [TEST_STEP][PASSED] - (Counter++): null

2019-02-21 16:47:47 - [TEST_STEP][PASSED] - StrB = findTestData("Internal User List").getValue(2, Counter): null

2019-02-21 16:47:47 - [TEST_STEP][PASSED] - if (StrB.equals(StrA)): null

2019-02-21 16:47:48 - [TEST_STEP][PASSED] - (Counter++): null

2019-02-21 16:47:48 - [TEST_STEP][PASSED] - StrB = findTestData("Internal User List").getValue(2, Counter): null

2019-02-21 16:47:48 - [TEST_STEP][PASSED] - if (StrB.equals(StrA)): null

2019-02-21 16:47:48 - [TEST_STEP][PASSED] - (Counter++): null

2019-02-21 16:47:48 - [TEST_STEP][PASSED] - StrB = findTestData("Internal User List").getValue(2, Counter): null

2019-02-21 16:47:48 - [TEST_STEP][PASSED] - if (StrB.equals(StrA)): null

2019-02-21 16:47:48 - [TEST_STEP][PASSED] - (Counter++): null

2019-02-21 16:47:48 - [TEST_STEP][PASSED] - StrB = findTestData("Internal User List").getValue(2, Counter): null

2019-02-21 16:47:48 - [TEST_STEP][PASSED] - if (StrB.equals(StrA)): null

2019-02-21 16:47:48 - [TEST_STEP][PASSED] - (Counter++): null

2019-02-21 16:47:48 - [TEST_STEP][PASSED] - StrB = findTestData("Internal User List").getValue(2, Counter): null

2019-02-21 16:47:49 - [TEST_STEP][PASSED] - if (StrB.equals(StrA)): null

2019-02-21 16:47:49 - [TEST_STEP][PASSED] - (Counter++): null

2019-02-21 16:47:49 - [TEST_STEP][PASSED] - StrB = findTestData("Internal User List").getValue(2, Counter): null

2019-02-21 16:47:49 - [TEST_STEP][PASSED] - if (StrB.equals(StrA)): null

2019-02-21 16:47:49 - [TEST_STEP][PASSED] - (Counter++): null

2019-02-21 16:47:49 - [TEST_STEP][PASSED] - StrB = findTestData("Internal User List").getValue(2, Counter): null

2019-02-21 16:47:49 - [TEST_STEP][PASSED] - if (StrB.equals(StrA)): null

2019-02-21 16:47:49 - [TEST_STEP][PASSED] - (Counter++): null

2019-02-21 16:47:49 - [TEST_STEP][PASSED] - StrB = findTestData("Internal User List").getValue(2, Counter): null

2019-02-21 16:47:49 - [TEST_STEP][PASSED] - if (StrB.equals(StrA)): null

2019-02-21 16:47:49 - [TEST_STEP][PASSED] - (Counter++): null

2019-02-21 16:47:49 - [TEST_STEP][PASSED] - StrB = findTestData("Internal User List").getValue(2, Counter): null

2019-02-21 16:47:50 - [TEST_STEP][PASSED] - if (StrB.equals(StrA)): null

2019-02-21 16:47:50 - [TEST_STEP][PASSED] - (Counter++): null

2019-02-21 16:47:50 - [TEST_STEP][PASSED] - StrB = findTestData("Internal User List").getValue(2, Counter): null

2019-02-21 16:47:50 - [TEST_STEP][PASSED] - if (StrB.equals(StrA)): null

2019-02-21 16:47:50 - [TEST_STEP][PASSED] - (Counter++): null

2019-02-21 16:47:50 - [TEST_STEP][PASSED] - StrB = findTestData("Internal User List").getValue(2, Counter): null

2019-02-21 16:47:50 - [TEST_STEP][PASSED] - if (StrB.equals(StrA)): null

2019-02-21 16:47:50 - [TEST_STEP][PASSED] - (Counter++): null

2019-02-21 16:47:50 - [TEST_STEP][PASSED] - StrB = findTestData("Internal User List").getValue(2, Counter): null

2019-02-21 16:47:50 - [TEST_STEP][PASSED] - if (StrB.equals(StrA)): null

2019-02-21 16:47:50 - [TEST_STEP][PASSED] - (Counter++): null

2019-02-21 16:47:50 - [TEST_STEP][PASSED] - StrB = findTestData("Internal User List").getValue(2, Counter): null

2019-02-21 16:47:51 - [TEST_STEP][PASSED] - if (StrB.equals(StrA)): null

2019-02-21 16:47:51 - [TEST_STEP][PASSED] - (Counter++): null

2019-02-21 16:47:51 - [TEST_STEP][PASSED] - StrB = findTestData("Internal User List").getValue(2, Counter): null

2019-02-21 16:47:51 - [TEST_STEP][PASSED] - if (StrB.equals(StrA)): null

2019-02-21 16:47:51 - [TEST_STEP][PASSED] - (Counter++): null

2019-02-21 16:47:51 - [TEST_STEP][PASSED] - StrB = findTestData("Internal User List").getValue(2, Counter): null

2019-02-21 16:47:51 - [TEST_STEP][PASSED] - if (StrB.equals(StrA)): null

2019-02-21 16:47:51 - [TEST_STEP][PASSED] - (Counter++): null

2019-02-21 16:47:51 - [TEST_STEP][PASSED] - StrB = findTestData("Internal User List").getValue(2, Counter): null

2019-02-21 16:47:51 - [TEST_STEP][PASSED] - if (StrB.equals(StrA)): null

2019-02-21 16:47:51 - [TEST_STEP][PASSED] - (Counter++): null

2019-02-21 16:47:51 - [TEST_STEP][PASSED] - StrB = findTestData("Internal User List").getValue(2, Counter): null

2019-02-21 16:47:51 - [TEST_STEP][PASSED] - if (StrB.equals(StrA)): null

2019-02-21 16:47:51 - [TEST_STEP][PASSED] - (Counter++): null

2019-02-21 16:47:51 - [TEST_STEP][PASSED] - StrB = findTestData("Internal User List").getValue(2, Counter): null

2019-02-21 16:47:51 - [TEST_STEP][PASSED] - if (StrB.equals(StrA)): null

2019-02-21 16:47:51 - [TEST_STEP][PASSED] - (Counter++): null

2019-02-21 16:47:52 - [TEST_STEP][PASSED] - StrB = findTestData("Internal User List").getValue(2, Counter): null

2019-02-21 16:47:52 - [TEST_STEP][PASSED] - if (StrB.equals(StrA)): null

2019-02-21 16:47:52 - [TEST_STEP][PASSED] - (Counter++): null

2019-02-21 16:47:52 - [TEST_STEP][PASSED] - StrB = findTestData("Internal User List").getValue(2, Counter): null

2019-02-21 16:47:52 - [TEST_STEP][PASSED] - if (StrB.equals(StrA)): null

2019-02-21 16:47:52 - [TEST_STEP][PASSED] - (Counter++): null

2019-02-21 16:47:52 - [TEST_STEP][PASSED] - StrB = findTestData("Internal User List").getValue(2, Counter): null

2019-02-21 16:47:52 - [TEST_STEP][PASSED] - if (StrB.equals(StrA)): null

2019-02-21 16:47:52 - [TEST_STEP][PASSED] - (Counter++): null

2019-02-21 16:47:52 - [TEST_STEP][PASSED] - StrB = findTestData("Internal User List").getValue(2, Counter): null

2019-02-21 16:47:53 - [TEST_STEP][PASSED] - if (StrB.equals(StrA)): null

2019-02-21 16:47:53 - [TEST_STEP][PASSED] - (Counter++): null

2019-02-21 16:47:53 - [TEST_STEP][PASSED] - StrB = findTestData("Internal User List").getValue(2, Counter): null

2019-02-21 16:47:53 - [TEST_STEP][PASSED] - if (StrB.equals(StrA)): null

2019-02-21 16:47:53 - [TEST_STEP][PASSED] - (Counter++): null

2019-02-21 16:47:53 - [TEST_STEP][PASSED] - StrB = findTestData("Internal User List").getValue(2, Counter): null

2019-02-21 16:47:53 - [TEST_STEP][PASSED] - if (StrB.equals(StrA)): null

2019-02-21 16:47:53 - [TEST_STEP][PASSED] - (Counter++): null

2019-02-21 16:47:53 - [TEST_STEP][PASSED] - StrB = findTestData("Internal User List").getValue(2, Counter): null

2019-02-21 16:47:53 - [TEST_STEP][PASSED] - if (StrB.equals(StrA)): null

2019-02-21 16:47:54 - [TEST_STEP][PASSED] - (Counter++): null

2019-02-21 16:47:54 - [TEST_STEP][PASSED] - StrB = findTestData("Internal User List").getValue(2, Counter): null

2019-02-21 16:47:54 - [TEST_STEP][PASSED] - if (StrB.equals(StrA)): null

2019-02-21 16:47:54 - [TEST_STEP][PASSED] - (Counter++): null

2019-02-21 16:47:54 - [TEST_STEP][PASSED] - StrB = findTestData("Internal User List").getValue(2, Counter): null

2019-02-21 16:47:54 - [TEST_STEP][PASSED] - if (StrB.equals(StrA)): null

2019-02-21 16:47:54 - [TEST_STEP][PASSED] - (Counter++): null

2019-02-21 16:47:54 - [TEST_STEP][PASSED] - StrB = findTestData("Internal User List").getValue(2, Counter): null

2019-02-21 16:47:54 - [TEST_STEP][PASSED] - if (StrB.equals(StrA)): null

2019-02-21 16:47:54 - [TEST_STEP][PASSED] - (Counter++): null

2019-02-21 16:47:55 - [TEST_STEP][PASSED] - StrB = findTestData("Internal User List").getValue(2, Counter): null

2019-02-21 16:47:55 - [TEST_STEP][PASSED] - if (StrB.equals(StrA)): null

2019-02-21 16:47:55 - [TEST_STEP][PASSED] - (Counter++): null

2019-02-21 16:47:55 - [TEST_STEP][PASSED] - StrB = findTestData("Internal User List").getValue(2, Counter): null

2019-02-21 16:47:55 - [TEST_STEP][PASSED] - if (StrB.equals(StrA)): null

2019-02-21 16:47:55 - [TEST_STEP][PASSED] - (Counter++): null

2019-02-21 16:47:55 - [TEST_STEP][PASSED] - StrB = findTestData("Internal User List").getValue(2, Counter): null

2019-02-21 16:47:55 - [TEST_STEP][PASSED] - if (StrB.equals(StrA)): null

2019-02-21 16:47:55 - [TEST_STEP][PASSED] - (Counter++): null

2019-02-21 16:47:55 - [TEST_STEP][PASSED] - StrB = findTestData("Internal User List").getValue(2, Counter): null

2019-02-21 16:47:55 - [TEST_STEP][PASSED] - if (StrB.equals(StrA)): null

2019-02-21 16:47:56 - [TEST_STEP][PASSED] - (Counter++): null

2019-02-21 16:47:56 - [TEST_STEP][PASSED] - StrB = findTestData("Internal User List").getValue(2, Counter): null

2019-02-21 16:47:56 - [TEST_STEP][PASSED] - if (StrB.equals(StrA)): null

2019-02-21 16:47:56 - [TEST_STEP][PASSED] - (Counter++): null

2019-02-21 16:47:56 - [TEST_STEP][PASSED] - StrB = findTestData("Internal User List").getValue(2, Counter): null

2019-02-21 16:47:56 - [TEST_STEP][PASSED] - if (StrB.equals(StrA)): null

2019-02-21 16:47:56 - [TEST_STEP][PASSED] - (Counter++): null

2019-02-21 16:47:56 - [TEST_STEP][PASSED] - StrB = findTestData("Internal User List").getValue(2, Counter): null

2019-02-21 16:47:56 - [TEST_STEP][PASSED] - if (StrB.equals(StrA)): null

2019-02-21 16:47:56 - [TEST_STEP][PASSED] - (Counter++): null

2019-02-21 16:47:57 - [TEST_STEP][PASSED] - StrB = findTestData("Internal User List").getValue(2, Counter): null

2019-02-21 16:47:57 - [TEST_STEP][PASSED] - if (StrB.equals(StrA)): null

2019-02-21 16:47:57 - [TEST_STEP][PASSED] - (Counter++): null

2019-02-21 16:47:57 - [TEST_STEP][PASSED] - StrB = findTestData("Internal User List").getValue(2, Counter): null

2019-02-21 16:47:57 - [TEST_STEP][PASSED] - if (StrB.equals(StrA)): null

2019-02-21 16:47:57 - [TEST_STEP][PASSED] - (Counter++): null

2019-02-21 16:47:57 - [TEST_STEP][PASSED] - StrB = findTestData("Internal User List").getValue(2, Counter): null

2019-02-21 16:47:57 - [TEST_STEP][PASSED] - if (StrB.equals(StrA)): null

2019-02-21 16:47:57 - [TEST_STEP][PASSED] - (Counter++): null

2019-02-21 16:47:57 - [TEST_STEP][PASSED] - StrB = findTestData("Internal User List").getValue(2, Counter): null

2019-02-21 16:47:58 - [TEST_STEP][PASSED] - if (StrB.equals(StrA)): null

2019-02-21 16:47:58 - [TEST_STEP][PASSED] - (Counter++): null

2019-02-21 16:47:58 - [TEST_STEP][PASSED] - StrB = findTestData("Internal User List").getValue(2, Counter): null

2019-02-21 16:47:58 - [TEST_STEP][PASSED] - if (StrB.equals(StrA)): null

2019-02-21 16:47:58 - [TEST_STEP][PASSED] - (Counter++): null

2019-02-21 16:47:58 - [TEST_STEP][PASSED] - StrB = findTestData("Internal User List").getValue(2, Counter): null

2019-02-21 16:47:58 - [TEST_STEP][PASSED] - if (StrB.equals(StrA)): null

2019-02-21 16:47:58 - [TEST_STEP][PASSED] - (Counter++): null

2019-02-21 16:47:58 - [TEST_STEP][PASSED] - StrB = findTestData("Internal User List").getValue(2, Counter): null

2019-02-21 16:47:58 - [TEST_STEP][PASSED] - if (StrB.equals(StrA)): null

2019-02-21 16:47:59 - [TEST_STEP][PASSED] - (Counter++): null

2019-02-21 16:47:59 - [TEST_STEP][PASSED] - StrB = findTestData("Internal User List").getValue(2, Counter): null

2019-02-21 16:48:00 - [TEST_STEP][PASSED] - if (StrB.equals(StrA)): null

2019-02-21 16:48:00 - [TEST_STEP][PASSED] - (Counter++): null

2019-02-21 16:48:00 - [TEST_STEP][PASSED] - StrB = findTestData("Internal User List").getValue(2, Counter): null

2019-02-21 16:48:00 - [TEST_STEP][PASSED] - if (StrB.equals(StrA)): null

2019-02-21 16:48:00 - [TEST_STEP][PASSED] - (Counter++): null

2019-02-21 16:48:00 - [TEST_STEP][PASSED] - StrB = findTestData("Internal User List").getValue(2, Counter): null

2019-02-21 16:48:00 - [TEST_STEP][PASSED] - if (StrB.equals(StrA)): null

2019-02-21 16:48:00 - [TEST_STEP][PASSED] - (Counter++): null

2019-02-21 16:48:00 - [TEST_STEP][PASSED] - StrB = findTestData("Internal User List").getValue(2, Counter): null

2019-02-21 16:48:00 - [TEST_STEP][PASSED] - if (StrB.equals(StrA)): null

2019-02-21 16:48:00 - [TEST_STEP][PASSED] - (Counter++): null

2019-02-21 16:48:00 - [TEST_STEP][PASSED] - StrB = findTestData("Internal User List").getValue(2, Counter): null

2019-02-21 16:48:01 - [TEST_STEP][PASSED] - if (StrB.equals(StrA)): null

2019-02-21 16:48:01 - [TEST_STEP][PASSED] - (Counter++): null

2019-02-21 16:48:01 - [TEST_STEP][PASSED] - StrB = findTestData("Internal User List").getValue(2, Counter): null

2019-02-21 16:48:01 - [TEST_STEP][PASSED] - if (StrB.equals(StrA)): null

2019-02-21 16:48:01 - [TEST_STEP][PASSED] - (Counter++): null

2019-02-21 16:48:01 - [TEST_STEP][PASSED] - StrB = findTestData("Internal User List").getValue(2, Counter): null

2019-02-21 16:48:01 - [TEST_STEP][PASSED] - if (StrB.equals(StrA)): null

2019-02-21 16:48:02 - [TEST_STEP][PASSED] - (Counter++): null

2019-02-21 16:48:02 - [TEST_STEP][PASSED] - StrB = findTestData("Internal User List").getValue(2, Counter): null

2019-02-21 16:48:02 - [TEST_STEP][PASSED] - if (StrB.equals(StrA)): null

2019-02-21 16:48:02 - [TEST_STEP][PASSED] - (Counter++): null

2019-02-21 16:48:02 - [TEST_STEP][PASSED] - StrB = findTestData("Internal User List").getValue(2, Counter): null

2019-02-21 16:48:02 - [TEST_STEP][PASSED] - if (StrB.equals(StrA)): null

2019-02-21 16:48:02 - [TEST_STEP][PASSED] - (Counter++): null

2019-02-21 16:48:02 - [TEST_STEP][PASSED] - StrB = findTestData("Internal User List").getValue(2, Counter): null

2019-02-21 16:48:02 - [TEST_STEP][PASSED] - if (StrB.equals(StrA)): null

2019-02-21 16:48:02 - [TEST_STEP][PASSED] - (Counter++): null

2019-02-21 16:48:03 - [TEST_STEP][PASSED] - StrB = findTestData("Internal User List").getValue(2, Counter): null

2019-02-21 16:48:03 - [TEST_STEP][PASSED] - if (StrB.equals(StrA)): null

2019-02-21 16:48:03 - [TEST_STEP][PASSED] - (Counter++): null

2019-02-21 16:48:03 - [TEST_STEP][PASSED] - StrB = findTestData("Internal User List").getValue(2, Counter): null

2019-02-21 16:48:03 - [TEST_STEP][PASSED] - if (StrB.equals(StrA)): null

2019-02-21 16:48:03 - [TEST_STEP][PASSED] - (Counter++): null

2019-02-21 16:48:03 - [TEST_STEP][PASSED] - StrB = findTestData("Internal User List").getValue(2, Counter): null

2019-02-21 16:48:03 - [TEST_STEP][PASSED] - if (StrB.equals(StrA)): null

2019-02-21 16:48:03 - [TEST_STEP][PASSED] - (Counter++): null

2019-02-21 16:48:03 - [TEST_STEP][PASSED] - StrB = findTestData("Internal User List").getValue(2, Counter): null

2019-02-21 16:48:04 - [TEST_STEP][PASSED] - if (StrB.equals(StrA)): null

2019-02-21 16:48:04 - [TEST_STEP][PASSED] - (Counter++): null

2019-02-21 16:48:04 - [TEST_STEP][PASSED] - StrB = findTestData("Internal User List").getValue(2, Counter): null

2019-02-21 16:48:04 - [TEST_STEP][PASSED] - if (StrB.equals(StrA)): null

2019-02-21 16:48:04 - [TEST_STEP][PASSED] - (Counter++): null

2019-02-21 16:48:04 - [TEST_STEP][PASSED] - StrB = findTestData("Internal User List").getValue(2, Counter): null

2019-02-21 16:48:04 - [TEST_STEP][PASSED] - if (StrB.equals(StrA)): null

2019-02-21 16:48:04 - [TEST_STEP][PASSED] - (Counter++): null

2019-02-21 16:48:04 - [TEST_STEP][PASSED] - StrB = findTestData("Internal User List").getValue(2, Counter): null

2019-02-21 16:48:04 - [TEST_STEP][PASSED] - if (StrB.equals(StrA)): null

2019-02-21 16:48:04 - [TEST_STEP][PASSED] - (Counter++): null

2019-02-21 16:48:05 - [TEST_STEP][PASSED] - StrB = findTestData("Internal User List").getValue(2, Counter): null

2019-02-21 16:48:05 - [TEST_STEP][PASSED] - if (StrB.equals(StrA)): null

2019-02-21 16:48:05 - [TEST_STEP][PASSED] - (Counter++): null

2019-02-21 16:48:05 - [TEST_STEP][PASSED] - StrB = findTestData("Internal User List").getValue(2, Counter): null

2019-02-21 16:48:05 - [TEST_STEP][PASSED] - if (StrB.equals(StrA)): null

2019-02-21 16:48:05 - [TEST_STEP][PASSED] - (Counter++): null

2019-02-21 16:48:05 - [TEST_STEP][PASSED] - StrB = findTestData("Internal User List").getValue(2, Counter): null

2019-02-21 16:48:05 - [TEST_STEP][PASSED] - if (StrB.equals(StrA)): null

2019-02-21 16:48:05 - [TEST_STEP][PASSED] - (Counter++): null

2019-02-21 16:48:05 - [TEST_STEP][PASSED] - StrB = findTestData("Internal User List").getValue(2, Counter): null

2019-02-21 16:48:06 - [TEST_STEP][PASSED] - if (StrB.equals(StrA)): null

2019-02-21 16:48:06 - [TEST_STEP][PASSED] - (Counter++): null

2019-02-21 16:48:06 - [TEST_STEP][PASSED] - StrB = findTestData("Internal User List").getValue(2, Counter): null

2019-02-21 16:48:06 - [TEST_STEP][PASSED] - if (StrB.equals(StrA)): null

2019-02-21 16:48:06 - [TEST_STEP][PASSED] - (Counter++): null

2019-02-21 16:48:07 - [TEST_STEP][PASSED] - StrB = findTestData("Internal User List").getValue(2, Counter): null

2019-02-21 16:48:07 - [TEST_STEP][PASSED] - if (StrB.equals(StrA)): null

2019-02-21 16:48:07 - [TEST_STEP][PASSED] - (Counter++): null

2019-02-21 16:48:07 - [TEST_STEP][PASSED] - StrB = findTestData("Internal User List").getValue(2, Counter): null

2019-02-21 16:48:07 - [TEST_STEP][PASSED] - if (StrB.equals(StrA)): null

2019-02-21 16:48:07 - [TEST_STEP][PASSED] - (Counter++): null

2019-02-21 16:48:08 - [TEST_STEP][PASSED] - StrB = findTestData("Internal User List").getValue(2, Counter): null

2019-02-21 16:48:08 - [TEST_STEP][PASSED] - if (StrB.equals(StrA)): null

2019-02-21 16:48:08 - [TEST_STEP][PASSED] - (Counter++): null

2019-02-21 16:48:08 - [TEST_STEP][PASSED] - StrB = findTestData("Internal User List").getValue(2, Counter): null

2019-02-21 16:48:08 - [TEST_STEP][PASSED] - if (StrB.equals(StrA)): null

2019-02-21 16:48:08 - [TEST_STEP][PASSED] - (Counter++): null

2019-02-21 16:48:08 - [TEST_STEP][PASSED] - StrB = findTestData("Internal User List").getValue(2, Counter): null

2019-02-21 16:48:08 - [TEST_STEP][PASSED] - if (StrB.equals(StrA)): null

2019-02-21 16:48:08 - [TEST_STEP][PASSED] - (Counter++): null

2019-02-21 16:48:09 - [TEST_STEP][PASSED] - StrB = findTestData("Internal User List").getValue(2, Counter): null

2019-02-21 16:48:09 - [TEST_STEP][PASSED] - if (StrB.equals(StrA)): null

2019-02-21 16:48:09 - [TEST_STEP][PASSED] - (Counter++): null

2019-02-21 16:48:09 - [TEST_STEP][PASSED] - StrB = findTestData("Internal User List").getValue(2, Counter): null

2019-02-21 16:48:09 - [TEST_STEP][PASSED] - if (StrB.equals(StrA)): null

2019-02-21 16:48:09 - [TEST_STEP][PASSED] - (Counter++): null

2019-02-21 16:48:09 - [TEST_STEP][PASSED] - StrB = findTestData("Internal User List").getValue(2, Counter): null

2019-02-21 16:48:09 - [TEST_STEP][PASSED] - if (StrB.equals(StrA)): null

2019-02-21 16:48:09 - [TEST_STEP][PASSED] - (Counter++): null

2019-02-21 16:48:09 - [TEST_STEP][PASSED] - StrB = findTestData("Internal User List").getValue(2, Counter): null

2019-02-21 16:48:09 - [TEST_STEP][PASSED] - if (StrB.equals(StrA)): null

2019-02-21 16:48:10 - [TEST_STEP][PASSED] - (Counter++): null

2019-02-21 16:48:10 - [TEST_STEP][PASSED] - StrB = findTestData("Internal User List").getValue(2, Counter): null

2019-02-21 16:48:10 - [TEST_STEP][PASSED] - if (StrB.equals(StrA)): null

2019-02-21 16:48:10 - [TEST_STEP][PASSED] - (Counter++): null

2019-02-21 16:48:10 - [TEST_STEP][PASSED] - StrB = findTestData("Internal User List").getValue(2, Counter): null

2019-02-21 16:48:10 - [TEST_STEP][PASSED] - if (StrB.equals(StrA)): null

2019-02-21 16:48:10 - [TEST_STEP][PASSED] - (Counter++): null

2019-02-21 16:48:10 - [TEST_STEP][PASSED] - StrB = findTestData("Internal User List").getValue(2, Counter): null

2019-02-21 16:48:10 - [TEST_STEP][PASSED] - if (StrB.equals(StrA)): null

2019-02-21 16:48:10 - [TEST_STEP][PASSED] - (Counter++): null

2019-02-21 16:48:11 - [TEST_STEP][PASSED] - StrB = findTestData("Internal User List").getValue(2, Counter): null

2019-02-21 16:48:11 - [TEST_STEP][PASSED] - if (StrB.equals(StrA)): null

2019-02-21 16:48:11 - [TEST_STEP][PASSED] - (Counter++): null

2019-02-21 16:48:11 - [TEST_STEP][PASSED] - StrB = findTestData("Internal User List").getValue(2, Counter): null

2019-02-21 16:48:11 - [TEST_STEP][PASSED] - if (StrB.equals(StrA)): null

2019-02-21 16:48:11 - [TEST_STEP][PASSED] - (Counter++): null

2019-02-21 16:48:11 - [TEST_STEP][PASSED] - StrB = findTestData("Internal User List").getValue(2, Counter): null

2019-02-21 16:48:11 - [TEST_STEP][PASSED] - if (StrB.equals(StrA)): null

2019-02-21 16:48:11 - [TEST_STEP][PASSED] - (Counter++): null

2019-02-21 16:48:11 - [TEST_STEP][PASSED] - StrB = findTestData("Internal User List").getValue(2, Counter): null

2019-02-21 16:48:13 - [TEST_STEP][PASSED] - if (StrB.equals(StrA)): null

2019-02-21 16:48:13 - [TEST_STEP][PASSED] - (Counter++): null

2019-02-21 16:48:13 - [TEST_STEP][PASSED] - StrB = findTestData("Internal User List").getValue(2, Counter): null

2019-02-21 16:48:13 - [TEST_STEP][PASSED] - if (StrB.equals(StrA)): null

2019-02-21 16:48:13 - [TEST_STEP][PASSED] - (Counter++): null

2019-02-21 16:48:13 - [TEST_STEP][PASSED] - StrB = findTestData("Internal User List").getValue(2, Counter): null

2019-02-21 16:48:13 - [TEST_STEP][PASSED] - if (StrB.equals(StrA)): null

2019-02-21 16:48:13 - [TEST_STEP][PASSED] - (Counter++): null

2019-02-21 16:48:13 - [TEST_STEP][PASSED] - StrB = findTestData("Internal User List").getValue(2, Counter): null

2019-02-21 16:48:13 - [TEST_STEP][PASSED] - if (StrB.equals(StrA)): null

2019-02-21 16:48:14 - [TEST_STEP][PASSED] - (Counter++): null

2019-02-21 16:48:14 - [TEST_STEP][PASSED] - StrB = findTestData("Internal User List").getValue(2, Counter): null

2019-02-21 16:48:14 - [TEST_STEP][PASSED] - if (StrB.equals(StrA)): null

2019-02-21 16:48:14 - [TEST_STEP][PASSED] - (Counter++): null

2019-02-21 16:48:14 - [TEST_STEP][PASSED] - StrB = findTestData("Internal User List").getValue(2, Counter): null

2019-02-21 16:48:14 - [TEST_STEP][PASSED] - if (StrB.equals(StrA)): null

2019-02-21 16:48:14 - [TEST_STEP][PASSED] - (Counter++): null

2019-02-21 16:48:14 - [TEST_STEP][PASSED] - StrB = findTestData("Internal User List").getValue(2, Counter): null

2019-02-21 16:48:14 - [TEST_STEP][PASSED] - if (StrB.equals(StrA)): null

2019-02-21 16:48:14 - [TEST_STEP][PASSED] - (Counter++): null

2019-02-21 16:48:14 - [TEST_STEP][PASSED] - StrB = findTestData("Internal User List").getValue(2, Counter): null

2019-02-21 16:48:15 - [TEST_STEP][PASSED] - if (StrB.equals(StrA)): null

2019-02-21 16:48:15 - [TEST_STEP][PASSED] - (Counter++): null

2019-02-21 16:48:15 - [TEST_STEP][PASSED] - StrB = findTestData("Internal User List").getValue(2, Counter): null

2019-02-21 16:48:15 - [TEST_STEP][PASSED] - if (StrB.equals(StrA)): null

2019-02-21 16:48:15 - [TEST_STEP][PASSED] - (Counter++): null

2019-02-21 16:48:15 - [TEST_STEP][PASSED] - StrB = findTestData("Internal User List").getValue(2, Counter): null

2019-02-21 16:48:15 - [TEST_STEP][PASSED] - if (StrB.equals(StrA)): null

2019-02-21 16:48:15 - [TEST_STEP][PASSED] - (Counter++): null

2019-02-21 16:48:15 - [TEST_STEP][PASSED] - StrB = findTestData("Internal User List").getValue(2, Counter): null

2019-02-21 16:48:15 - [TEST_STEP][PASSED] - if (StrB.equals(StrA)): null

2019-02-21 16:48:17 - [TEST_STEP][PASSED] - (Counter++): null

2019-02-21 16:48:17 - [TEST_STEP][PASSED] - StrB = findTestData("Internal User List").getValue(2, Counter): null

2019-02-21 16:48:17 - [TEST_STEP][PASSED] - if (StrB.equals(StrA)): null

2019-02-21 16:48:17 - [TEST_STEP][PASSED] - (Counter++): null

2019-02-21 16:48:17 - [TEST_STEP][PASSED] - StrB = findTestData("Internal User List").getValue(2, Counter): null

2019-02-21 16:48:17 - [TEST_STEP][PASSED] - if (StrB.equals(StrA)): null

2019-02-21 16:48:17 - [TEST_STEP][PASSED] - (Counter++): null

2019-02-21 16:48:17 - [TEST_STEP][PASSED] - StrB = findTestData("Internal User List").getValue(2, Counter): null

2019-02-21 16:48:17 - [TEST_STEP][PASSED] - if (StrB.equals(StrA)): null

2019-02-21 16:48:17 - [TEST_STEP][PASSED] - (Counter++): null

2019-02-21 16:48:18 - [TEST_STEP][PASSED] - StrB = findTestData("Internal User List").getValue(2, Counter): null

2019-02-21 16:48:18 - [TEST_STEP][PASSED] - if (StrB.equals(StrA)): null

2019-02-21 16:48:18 - [TEST_STEP][PASSED] - (Counter++): null

2019-02-21 16:48:18 - [TEST_STEP][PASSED] - StrB = findTestData("Internal User List").getValue(2, Counter): null

2019-02-21 16:48:18 - [TEST_STEP][PASSED] - if (StrB.equals(StrA)): null

2019-02-21 16:48:18 - [TEST_STEP][PASSED] - (Counter++): null

2019-02-21 16:48:18 - [TEST_STEP][PASSED] - StrB = findTestData("Internal User List").getValue(2, Counter): null

2019-02-21 16:48:18 - [TEST_STEP][PASSED] - if (StrB.equals(StrA)): null

2019-02-21 16:48:18 - [TEST_STEP][PASSED] - (Counter++): null

2019-02-21 16:48:18 - [TEST_STEP][PASSED] - StrB = findTestData("Internal User List").getValue(2, Counter): null

2019-02-21 16:48:19 - [TEST_STEP][PASSED] - if (StrB.equals(StrA)): null

2019-02-21 16:48:19 - [TEST_STEP][PASSED] - (Counter++): null

2019-02-21 16:48:19 - [TEST_STEP][PASSED] - StrB = findTestData("Internal User List").getValue(2, Counter): null

2019-02-21 16:48:19 - [TEST_STEP][PASSED] - if (StrB.equals(StrA)): null

2019-02-21 16:48:19 - [TEST_STEP][PASSED] - (Counter++): null

2019-02-21 16:48:19 - [TEST_STEP][PASSED] - StrB = findTestData("Internal User List").getValue(2, Counter): null

2019-02-21 16:48:19 - [TEST_STEP][PASSED] - if (StrB.equals(StrA)): null

2019-02-21 16:48:19 - [TEST_STEP][PASSED] - (Counter++): null

2019-02-21 16:48:19 - [TEST_STEP][PASSED] - StrB = findTestData("Internal User List").getValue(2, Counter): null

2019-02-21 16:48:19 - [TEST_STEP][PASSED] - if (StrB.equals(StrA)): null

2019-02-21 16:48:19 - [TEST_STEP][PASSED] - (Counter++): null

2019-02-21 16:48:20 - [TEST_STEP][PASSED] - StrB = findTestData("Internal User List").getValue(2, Counter): null

2019-02-21 16:48:20 - [TEST_STEP][PASSED] - if (StrB.equals(StrA)): null

2019-02-21 16:48:20 - [TEST_STEP][PASSED] - (Counter++): null

2019-02-21 16:48:20 - [TEST_STEP][PASSED] - StrB = findTestData("Internal User List").getValue(2, Counter): null

2019-02-21 16:48:20 - [TEST_STEP][PASSED] - if (StrB.equals(StrA)): null

2019-02-21 16:48:20 - [TEST_STEP][PASSED] - (Counter++): null

2019-02-21 16:48:20 - [TEST_STEP][PASSED] - StrB = findTestData("Internal User List").getValue(2, Counter): null

2019-02-21 16:48:20 - [TEST_STEP][PASSED] - if (StrB.equals(StrA)): null

2019-02-21 16:48:20 - [TEST_STEP][PASSED] - (Counter++): null

2019-02-21 16:48:20 - [TEST_STEP][PASSED] - StrB = findTestData("Internal User List").getValue(2, Counter): null

2019-02-21 16:48:22 - [TEST_STEP][PASSED] - if (StrB.equals(StrA)): null

2019-02-21 16:48:22 - [TEST_STEP][PASSED] - (Counter++): null

2019-02-21 16:48:22 - [TEST_STEP][PASSED] - StrB = findTestData("Internal User List").getValue(2, Counter): null

2019-02-21 16:48:22 - [TEST_STEP][PASSED] - if (StrB.equals(StrA)): null

2019-02-21 16:48:22 - [TEST_STEP][PASSED] - (Counter++): null

2019-02-21 16:48:22 - [TEST_STEP][PASSED] - StrB = findTestData("Internal User List").getValue(2, Counter): null

2019-02-21 16:48:22 - [TEST_STEP][PASSED] - if (StrB.equals(StrA)): null

2019-02-21 16:48:22 - [TEST_STEP][PASSED] - (Counter++): null

2019-02-21 16:48:22 - [TEST_STEP][PASSED] - StrB = findTestData("Internal User List").getValue(2, Counter): null

2019-02-21 16:48:22 - [TEST_STEP][PASSED] - if (StrB.equals(StrA)): null

2019-02-21 16:48:24 - [TEST_STEP][PASSED] - (Counter++): null

2019-02-21 16:48:24 - [TEST_STEP][PASSED] - StrB = findTestData("Internal User List").getValue(2, Counter): null

2019-02-21 16:48:24 - [TEST_STEP][PASSED] - if (StrB.equals(StrA)): null

2019-02-21 16:48:24 - [TEST_STEP][PASSED] - (Counter++): null

2019-02-21 16:48:24 - [TEST_STEP][PASSED] - StrB = findTestData("Internal User List").getValue(2, Counter): null

2019-02-21 16:48:24 - [TEST_STEP][PASSED] - if (StrB.equals(StrA)): null

2019-02-21 16:48:24 - [TEST_STEP][PASSED] - (Counter++): null

2019-02-21 16:48:24 - [TEST_STEP][PASSED] - StrB = findTestData("Internal User List").getValue(2, Counter): null

2019-02-21 16:48:24 - [TEST_STEP][PASSED] - if (StrB.equals(StrA)): null

2019-02-21 16:48:24 - [TEST_STEP][PASSED] - (Counter++): null

2019-02-21 16:48:26 - [TEST_STEP][PASSED] - StrB = findTestData("Internal User List").getValue(2, Counter): null

2019-02-21 16:48:26 - [TEST_STEP][PASSED] - if (StrB.equals(StrA)): null

2019-02-21 16:48:26 - [TEST_STEP][PASSED] - (Counter++): null

2019-02-21 16:48:26 - [TEST_STEP][PASSED] - StrB = findTestData("Internal User List").getValue(2, Counter): null

2019-02-21 16:48:26 - [TEST_STEP][PASSED] - if (StrB.equals(StrA)): null

2019-02-21 16:48:26 - [TEST_STEP][PASSED] - (Counter++): null

2019-02-21 16:48:26 - [TEST_STEP][PASSED] - StrB = findTestData("Internal User List").getValue(2, Counter): null

2019-02-21 16:48:26 - [TEST_STEP][PASSED] - if (StrB.equals(StrA)): null

2019-02-21 16:48:26 - [TEST_STEP][PASSED] - (Counter++): null

2019-02-21 16:48:26 - [TEST_STEP][PASSED] - StrB = findTestData("Internal User List").getValue(2, Counter): null

2019-02-21 16:48:26 - [TEST_STEP][PASSED] - if (StrB.equals(StrA)): null

2019-02-21 16:48:27 - [TEST_STEP][PASSED] - (Counter++): null

2019-02-21 16:48:27 - [TEST_STEP][PASSED] - StrB = findTestData("Internal User List").getValue(2, Counter): null

2019-02-21 16:48:27 - [TEST_STEP][PASSED] - if (StrB.equals(StrA)): null

2019-02-21 16:48:27 - [TEST_STEP][PASSED] - (Counter++): null

2019-02-21 16:48:27 - [TEST_STEP][PASSED] - StrB = findTestData("Internal User List").getValue(2, Counter): null

2019-02-21 16:48:27 - [TEST_STEP][PASSED] - if (StrB.equals(StrA)): null

2019-02-21 16:48:27 - [TEST_STEP][PASSED] - (Counter++): null

2019-02-21 16:48:27 - [TEST_STEP][PASSED] - StrB = findTestData("Internal User List").getValue(2, Counter): null

2019-02-21 16:48:27 - [TEST_STEP][PASSED] - if (StrB.equals(StrA)): null

2019-02-21 16:48:27 - [TEST_STEP][PASSED] - (Counter++): null

2019-02-21 16:48:29 - [TEST_STEP][PASSED] - StrB = findTestData("Internal User List").getValue(2, Counter): null

2019-02-21 16:48:29 - [TEST_STEP][PASSED] - if (StrB.equals(StrA)): null

2019-02-21 16:48:29 - [TEST_STEP][PASSED] - (Counter++): null

2019-02-21 16:48:29 - [TEST_STEP][PASSED] - StrB = findTestData("Internal User List").getValue(2, Counter): null

2019-02-21 16:48:29 - [TEST_STEP][PASSED] - if (StrB.equals(StrA)): null

2019-02-21 16:48:29 - [TEST_STEP][PASSED] - (Counter++): null

2019-02-21 16:48:29 - [TEST_STEP][PASSED] - StrB = findTestData("Internal User List").getValue(2, Counter): null

2019-02-21 16:48:29 - [TEST_STEP][PASSED] - if (StrB.equals(StrA)): null

2019-02-21 16:48:29 - [TEST_STEP][PASSED] - (Counter++): null

2019-02-21 16:48:29 - [TEST_STEP][PASSED] - StrB = findTestData("Internal User List").getValue(2, Counter): null

2019-02-21 16:48:31 - [TEST_STEP][PASSED] - if (StrB.equals(StrA)): null

2019-02-21 16:48:31 - [TEST_STEP][PASSED] - (Counter++): null

2019-02-21 16:48:31 - [TEST_STEP][PASSED] - StrB = findTestData("Internal User List").getValue(2, Counter): null

2019-02-21 16:48:31 - [TEST_STEP][PASSED] - if (StrB.equals(StrA)): null

2019-02-21 16:48:31 - [TEST_STEP][PASSED] - (Counter++): null

2019-02-21 16:48:31 - [TEST_STEP][PASSED] - StrB = findTestData("Internal User List").getValue(2, Counter): null

2019-02-21 16:48:31 - [TEST_STEP][PASSED] - if (StrB.equals(StrA)): null

2019-02-21 16:48:31 - [TEST_STEP][PASSED] - (Counter++): null

2019-02-21 16:48:31 - [TEST_STEP][PASSED] - StrB = findTestData("Internal User List").getValue(2, Counter): null

2019-02-21 16:48:31 - [TEST_STEP][PASSED] - if (StrB.equals(StrA)): null

2019-02-21 16:48:32 - [TEST_STEP][PASSED] - (Counter++): null

2019-02-21 16:48:32 - [TEST_STEP][PASSED] - StrB = findTestData("Internal User List").getValue(2, Counter): null

2019-02-21 16:48:32 - [TEST_STEP][PASSED] - if (StrB.equals(StrA)): null

2019-02-21 16:48:32 - [TEST_STEP][PASSED] - (Counter++): null

2019-02-21 16:48:32 - [TEST_STEP][PASSED] - StrB = findTestData("Internal User List").getValue(2, Counter): null

2019-02-21 16:48:32 - [TEST_STEP][PASSED] - if (StrB.equals(StrA)): null

2019-02-21 16:48:32 - [TEST_STEP][PASSED] - (Counter++): null

2019-02-21 16:48:32 - [TEST_STEP][PASSED] - StrB = findTestData("Internal User List").getValue(2, Counter): null

2019-02-21 16:48:33 - [TEST_STEP][PASSED] - if (StrB.equals(StrA)): null

2019-02-21 16:48:33 - [TEST_STEP][PASSED] - (Counter++): null

2019-02-21 16:48:34 - [TEST_STEP][PASSED] - StrB = findTestData("Internal User List").getValue(2, Counter): null

2019-02-21 16:48:34 - [TEST_STEP][PASSED] - if (StrB.equals(StrA)): null

2019-02-21 16:48:34 - [TEST_STEP][PASSED] - (Counter++): null

2019-02-21 16:48:34 - [TEST_STEP][PASSED] - StrB = findTestData("Internal User List").getValue(2, Counter): null

2019-02-21 16:48:34 - [TEST_STEP][PASSED] - if (StrB.equals(StrA)): null

2019-02-21 16:48:34 - [TEST_STEP][PASSED] - (Counter++): null

2019-02-21 16:48:34 - [TEST_STEP][PASSED] - StrB = findTestData("Internal User List").getValue(2, Counter): null

2019-02-21 16:48:34 - [TEST_STEP][PASSED] - if (StrB.equals(StrA)): null

2019-02-21 16:48:34 - [TEST_STEP][PASSED] - (Counter++): null

2019-02-21 16:48:34 - [TEST_STEP][PASSED] - StrB = findTestData("Internal User List").getValue(2, Counter): null

2019-02-21 16:48:34 - [TEST_STEP][PASSED] - if (StrB.equals(StrA)): null

2019-02-21 16:48:35 - [TEST_STEP][PASSED] - (Counter++): null

2019-02-21 16:48:35 - [TEST_STEP][PASSED] - StrB = findTestData("Internal User List").getValue(2, Counter): null

2019-02-21 16:48:35 - [TEST_STEP][PASSED] - if (StrB.equals(StrA)): null

2019-02-21 16:48:35 - [TEST_STEP][PASSED] - (Counter++): null

2019-02-21 16:48:35 - [TEST_STEP][PASSED] - StrB = findTestData("Internal User List").getValue(2, Counter): null

2019-02-21 16:48:36 - [TEST_STEP][PASSED] - if (StrB.equals(StrA)): null

2019-02-21 16:48:36 - [TEST_STEP][PASSED] - (Counter++): null

2019-02-21 16:48:36 - [TEST_STEP][PASSED] - StrB = findTestData("Internal User List").getValue(2, Counter): null

2019-02-21 16:48:36 - [TEST_STEP][PASSED] - if (StrB.equals(StrA)): null

2019-02-21 16:48:36 - [TEST_STEP][PASSED] - (Counter++): null

2019-02-21 16:48:37 - [TEST_STEP][PASSED] - StrB = findTestData("Internal User List").getValue(2, Counter): null

2019-02-21 16:48:37 - [TEST_STEP][PASSED] - if (StrB.equals(StrA)): null

2019-02-21 16:48:37 - [TEST_STEP][PASSED] - (Counter++): null

2019-02-21 16:48:37 - [TEST_STEP][PASSED] - StrB = findTestData("Internal User List").getValue(2, Counter): null

2019-02-21 16:48:37 - [TEST_STEP][PASSED] - if (StrB.equals(StrA)): null

2019-02-21 16:48:37 - [TEST_STEP][PASSED] - (Counter++): null

2019-02-21 16:48:37 - [TEST_STEP][PASSED] - StrB = findTestData("Internal User List").getValue(2, Counter): null

2019-02-21 16:48:37 - [TEST_STEP][PASSED] - if (StrB.equals(StrA)): null

2019-02-21 16:48:37 - [TEST_STEP][PASSED] - (Counter++): null

2019-02-21 16:48:37 - [TEST_STEP][PASSED] - StrB = findTestData("Internal User List").getValue(2, Counter): null

2019-02-21 16:48:38 - [TEST_STEP][PASSED] - if (StrB.equals(StrA)): null

2019-02-21 16:48:38 - [TEST_STEP][PASSED] - (Counter++): null

2019-02-21 16:48:38 - [TEST_STEP][PASSED] - StrB = findTestData("Internal User List").getValue(2, Counter): null

2019-02-21 16:48:38 - [TEST_STEP][PASSED] - if (StrB.equals(StrA)): null

2019-02-21 16:48:38 - [TEST_STEP][PASSED] - (Counter++): null

2019-02-21 16:48:38 - [TEST_STEP][PASSED] - StrB = findTestData("Internal User List").getValue(2, Counter): null

2019-02-21 16:48:38 - [TEST_STEP][PASSED] - if (StrB.equals(StrA)): null

2019-02-21 16:48:38 - [TEST_STEP][PASSED] - (Counter++): null

2019-02-21 16:48:38 - [TEST_STEP][PASSED] - StrB = findTestData("Internal User List").getValue(2, Counter): null

2019-02-21 16:48:38 - [TEST_STEP][PASSED] - if (StrB.equals(StrA)): null

2019-02-21 16:48:40 - [TEST_STEP][PASSED] - (Counter++): null

2019-02-21 16:48:40 - [TEST_STEP][PASSED] - StrB = findTestData("Internal User List").getValue(2, Counter): null

2019-02-21 16:48:40 - [TEST_STEP][PASSED] - if (StrB.equals(StrA)): null

2019-02-21 16:48:40 - [TEST_STEP][PASSED] - (Counter++): null

2019-02-21 16:48:40 - [TEST_STEP][PASSED] - StrB = findTestData("Internal User List").getValue(2, Counter): null

2019-02-21 16:48:40 - [TEST_STEP][PASSED] - if (StrB.equals(StrA)): null

2019-02-21 16:48:40 - [TEST_STEP][PASSED] - (Counter++): null

2019-02-21 16:48:40 - [TEST_STEP][PASSED] - StrB = findTestData("Internal User List").getValue(2, Counter): null

2019-02-21 16:48:40 - [TEST_STEP][PASSED] - if (StrB.equals(StrA)): null

2019-02-21 16:48:40 - [TEST_STEP][PASSED] - (Counter++): null

2019-02-21 16:48:40 - [TEST_STEP][PASSED] - StrB = findTestData("Internal User List").getValue(2, Counter): null

2019-02-21 16:48:42 - [TEST_STEP][PASSED] - if (StrB.equals(StrA)): null

2019-02-21 16:48:42 - [TEST_STEP][PASSED] - (Counter++): null

2019-02-21 16:48:42 - [TEST_STEP][PASSED] - StrB = findTestData("Internal User List").getValue(2, Counter): null

2019-02-21 16:48:42 - [TEST_STEP][PASSED] - if (StrB.equals(StrA)): null

2019-02-21 16:48:42 - [TEST_STEP][PASSED] - (Counter++): null

2019-02-21 16:48:42 - [TEST_STEP][PASSED] - StrB = findTestData("Internal User List").getValue(2, Counter): null

2019-02-21 16:48:42 - [TEST_STEP][PASSED] - if (StrB.equals(StrA)): null

2019-02-21 16:48:42 - [TEST_STEP][PASSED] - (Counter++): null

2019-02-21 16:48:42 - [TEST_STEP][PASSED] - StrB = findTestData("Internal User List").getValue(2, Counter): null

2019-02-21 16:48:42 - [TEST_STEP][PASSED] - if (StrB.equals(StrA)): null

2019-02-21 16:48:43 - [TEST_STEP][PASSED] - (Counter++): null

2019-02-21 16:48:43 - [TEST_STEP][PASSED] - StrB = findTestData("Internal User List").getValue(2, Counter): null

2019-02-21 16:48:44 - [TEST_STEP][PASSED] - if (StrB.equals(StrA)): null

2019-02-21 16:48:44 - [TEST_STEP][PASSED] - (Counter++): null

2019-02-21 16:48:44 - [TEST_STEP][PASSED] - StrB = findTestData("Internal User List").getValue(2, Counter): null

2019-02-21 16:48:44 - [TEST_STEP][PASSED] - if (StrB.equals(StrA)): null

2019-02-21 16:48:44 - [TEST_STEP][PASSED] - (Counter++): null

2019-02-21 16:48:44 - [TEST_STEP][PASSED] - StrB = findTestData("Internal User List").getValue(2, Counter): null

2019-02-21 16:48:44 - [TEST_STEP][PASSED] - if (StrB.equals(StrA)): null

2019-02-21 16:48:44 - [TEST_STEP][PASSED] - (Counter++): null

2019-02-21 16:48:45 - [TEST_STEP][PASSED] - StrB = findTestData("Internal User List").getValue(2, Counter): null

2019-02-21 16:48:45 - [TEST_STEP][PASSED] - if (StrB.equals(StrA)): null

2019-02-21 16:48:45 - [TEST_STEP][PASSED] - (Counter++): null

2019-02-21 16:48:45 - [TEST_STEP][PASSED] - StrB = findTestData("Internal User List").getValue(2, Counter): null

2019-02-21 16:48:45 - [TEST_STEP][PASSED] - if (StrB.equals(StrA)): null

2019-02-21 16:48:45 - [TEST_STEP][PASSED] - (Counter++): null

2019-02-21 16:48:45 - [TEST_STEP][PASSED] - StrB = findTestData("Internal User List").getValue(2, Counter): null

2019-02-21 16:48:45 - [TEST_STEP][PASSED] - if (StrB.equals(StrA)): null

2019-02-21 16:48:45 - [TEST_STEP][PASSED] - (Counter++): null

2019-02-21 16:48:45 - [TEST_STEP][PASSED] - StrB = findTestData("Internal User List").getValue(2, Counter): null

2019-02-21 16:48:47 - [TEST_STEP][PASSED] - if (StrB.equals(StrA)): null

2019-02-21 16:48:47 - [TEST_STEP][PASSED] - (Counter++): null

2019-02-21 16:48:47 - [TEST_STEP][PASSED] - StrB = findTestData("Internal User List").getValue(2, Counter): null

2019-02-21 16:48:47 - [TEST_STEP][PASSED] - if (StrB.equals(StrA)): null

2019-02-21 16:48:47 - [TEST_STEP][PASSED] - (Counter++): null

2019-02-21 16:48:47 - [TEST_STEP][PASSED] - StrB = findTestData("Internal User List").getValue(2, Counter): null

2019-02-21 16:48:47 - [TEST_STEP][PASSED] - if (StrB.equals(StrA)): null

2019-02-21 16:48:47 - [TEST_STEP][PASSED] - (Counter++): null

2019-02-21 16:48:47 - [TEST_STEP][PASSED] - StrB = findTestData("Internal User List").getValue(2, Counter): null

2019-02-21 16:48:47 - [TEST_STEP][PASSED] - if (StrB.equals(StrA)): null

2019-02-21 16:48:47 - [TEST_STEP][PASSED] - (Counter++): null

2019-02-21 16:48:48 - [TEST_STEP][PASSED] - StrB = findTestData("Internal User List").getValue(2, Counter): null

2019-02-21 16:48:49 - [TEST_STEP][PASSED] - if (StrB.equals(StrA)): null

2019-02-21 16:48:49 - [TEST_STEP][PASSED] - (Counter++): null

2019-02-21 16:48:49 - [TEST_STEP][PASSED] - StrB = findTestData("Internal User List").getValue(2, Counter): null

2019-02-21 16:48:49 - [TEST_STEP][PASSED] - if (StrB.equals(StrA)): null

2019-02-21 16:48:49 - [TEST_STEP][PASSED] - (Counter++): null

2019-02-21 16:48:49 - [TEST_STEP][PASSED] - StrB = findTestData("Internal User List").getValue(2, Counter): null

2019-02-21 16:48:49 - [TEST_STEP][PASSED] - if (StrB.equals(StrA)): null

2019-02-21 16:48:49 - [TEST_STEP][PASSED] - (Counter++): null

2019-02-21 16:48:49 - [TEST_STEP][PASSED] - StrB = findTestData("Internal User List").getValue(2, Counter): null

2019-02-21 16:48:50 - [TEST_STEP][PASSED] - if (StrB.equals(StrA)): null

2019-02-21 16:48:50 - [TEST_STEP][PASSED] - (Counter++): null

2019-02-21 16:48:50 - [TEST_STEP][PASSED] - StrB = findTestData("Internal User List").getValue(2, Counter): null

2019-02-21 16:48:50 - [TEST_STEP][PASSED] - if (StrB.equals(StrA)): null

2019-02-21 16:48:50 - [TEST_STEP][PASSED] - (Counter++): null

2019-02-21 16:48:50 - [TEST_STEP][PASSED] - StrB = findTestData("Internal User List").getValue(2, Counter): null

2019-02-21 16:48:50 - [TEST_STEP][PASSED] - if (StrB.equals(StrA)): null

2019-02-21 16:48:50 - [TEST_STEP][PASSED] - (Counter++): null

2019-02-21 16:48:50 - [TEST_STEP][PASSED] - StrB = findTestData("Internal User List").getValue(2, Counter): null

2019-02-21 16:48:50 - [TEST_STEP][PASSED] - if (StrB.equals(StrA)): null

2019-02-21 16:48:52 - [TEST_STEP][PASSED] - (Counter++): null

2019-02-21 16:48:52 - [TEST_STEP][PASSED] - StrB = findTestData("Internal User List").getValue(2, Counter): null

2019-02-21 16:48:52 - [TEST_STEP][PASSED] - if (StrB.equals(StrA)): null

2019-02-21 16:48:52 - [TEST_STEP][PASSED] - (Counter++): null

2019-02-21 16:48:52 - [TEST_STEP][PASSED] - StrB = findTestData("Internal User List").getValue(2, Counter): null

2019-02-21 16:48:52 - [TEST_STEP][PASSED] - if (StrB.equals(StrA)): null

2019-02-21 16:48:52 - [TEST_STEP][PASSED] - (Counter++): null

2019-02-21 16:48:52 - [TEST_STEP][PASSED] - StrB = findTestData("Internal User List").getValue(2, Counter): null

2019-02-21 16:48:52 - [TEST_STEP][PASSED] - if (StrB.equals(StrA)): null

2019-02-21 16:48:52 - [TEST_STEP][PASSED] - (Counter++): null

2019-02-21 16:48:54 - [TEST_STEP][PASSED] - StrB = findTestData("Internal User List").getValue(2, Counter): null

2019-02-21 16:48:54 - [TEST_STEP][PASSED] - if (StrB.equals(StrA)): null

2019-02-21 16:48:54 - [TEST_STEP][PASSED] - (Counter++): null

2019-02-21 16:48:54 - [TEST_STEP][PASSED] - StrB = findTestData("Internal User List").getValue(2, Counter): null

2019-02-21 16:48:54 - [TEST_STEP][PASSED] - if (StrB.equals(StrA)): null

2019-02-21 16:48:54 - [TEST_STEP][PASSED] - (Counter++): null

2019-02-21 16:48:54 - [TEST_STEP][PASSED] - StrB = findTestData("Internal User List").getValue(2, Counter): null

2019-02-21 16:48:54 - [TEST_STEP][PASSED] - if (StrB.equals(StrA)): null

2019-02-21 16:48:54 - [TEST_STEP][PASSED] - (Counter++): null

2019-02-21 16:48:54 - [TEST_STEP][PASSED] - StrB = findTestData("Internal User List").getValue(2, Counter): null

2019-02-21 16:48:54 - [TEST_STEP][PASSED] - if (StrB.equals(StrA)): null

2019-02-21 16:48:56 - [TEST_STEP][PASSED] - (Counter++): null

2019-02-21 16:48:56 - [TEST_STEP][PASSED] - StrB = findTestData("Internal User List").getValue(2, Counter): null

2019-02-21 16:48:56 - [TEST_STEP][PASSED] - if (StrB.equals(StrA)): null

2019-02-21 16:48:56 - [TEST_STEP][PASSED] - (Counter++): null

2019-02-21 16:48:56 - [TEST_STEP][PASSED] - StrB = findTestData("Internal User List").getValue(2, Counter): null

2019-02-21 16:48:56 - [TEST_STEP][PASSED] - if (StrB.equals(StrA)): null

2019-02-21 16:48:56 - [TEST_STEP][PASSED] - (Counter++): null

2019-02-21 16:48:56 - [TEST_STEP][PASSED] - StrB = findTestData("Internal User List").getValue(2, Counter): null

2019-02-21 16:48:56 - [TEST_STEP][PASSED] - if (StrB.equals(StrA)): null

2019-02-21 16:48:56 - [TEST_STEP][PASSED] - (Counter++): null

2019-02-21 16:48:59 - [TEST_STEP][PASSED] - StrB = findTestData("Internal User List").getValue(2, Counter): null

2019-02-21 16:48:59 - [TEST_STEP][PASSED] - if (StrB.equals(StrA)): null

2019-02-21 16:48:59 - [TEST_STEP][PASSED] - (Counter++): null

2019-02-21 16:48:59 - [TEST_STEP][PASSED] - StrB = findTestData("Internal User List").getValue(2, Counter): null

2019-02-21 16:48:59 - [TEST_STEP][PASSED] - if (StrB.equals(StrA)): null

2019-02-21 16:48:59 - [TEST_STEP][PASSED] - (Counter++): null

2019-02-21 16:48:59 - [TEST_STEP][PASSED] - StrB = findTestData("Internal User List").getValue(2, Counter): null

2019-02-21 16:48:59 - [TEST_STEP][PASSED] - if (StrB.equals(StrA)): null

2019-02-21 16:48:59 - [TEST_STEP][PASSED] - (Counter++): null

2019-02-21 16:48:59 - [TEST_STEP][PASSED] - StrB = findTestData("Internal User List").getValue(2, Counter): null

2019-02-21 16:49:00 - [TEST_STEP][PASSED] - if (StrB.equals(StrA)): null

2019-02-21 16:49:00 - [TEST_STEP][PASSED] - (Counter++): null

2019-02-21 16:49:00 - [TEST_STEP][PASSED] - StrB = findTestData("Internal User List").getValue(2, Counter): null

2019-02-21 16:49:00 - [TEST_STEP][PASSED] - if (StrB.equals(StrA)): null

2019-02-21 16:49:00 - [TEST_STEP][PASSED] - (Counter++): null

2019-02-21 16:49:00 - [TEST_STEP][PASSED] - StrB = findTestData("Internal User List").getValue(2, Counter): null

2019-02-21 16:49:00 - [TEST_STEP][PASSED] - if (StrB.equals(StrA)): null

2019-02-21 16:49:00 - [TEST_STEP][PASSED] - (Counter++): null

2019-02-21 16:49:00 - [TEST_STEP][PASSED] - StrB = findTestData("Internal User List").getValue(2, Counter): null

2019-02-21 16:49:00 - [TEST_STEP][PASSED] - if (StrB.equals(StrA)): null

2019-02-21 16:49:02 - [TEST_STEP][PASSED] - (Counter++): null

2019-02-21 16:49:02 - [TEST_STEP][PASSED] - StrB = findTestData("Internal User List").getValue(2, Counter): null

2019-02-21 16:49:02 - [TEST_STEP][PASSED] - if (StrB.equals(StrA)): null

2019-02-21 16:49:02 - [TEST_STEP][PASSED] - (Counter++): null

2019-02-21 16:49:02 - [TEST_STEP][PASSED] - StrB = findTestData("Internal User List").getValue(2, Counter): null

2019-02-21 16:49:02 - [TEST_STEP][PASSED] - if (StrB.equals(StrA)): null

2019-02-21 16:49:02 - [TEST_STEP][PASSED] - (Counter++): null

2019-02-21 16:49:02 - [TEST_STEP][PASSED] - StrB = findTestData("Internal User List").getValue(2, Counter): null

2019-02-21 16:49:02 - [TEST_STEP][PASSED] - if (StrB.equals(StrA)): null

2019-02-21 16:49:02 - [TEST_STEP][PASSED] - (Counter++): null

2019-02-21 16:49:02 - [TEST_STEP][PASSED] - StrB = findTestData("Internal User List").getValue(2, Counter): null

2019-02-21 16:49:04 - [TEST_STEP][PASSED] - if (StrB.equals(StrA)): null

2019-02-21 16:49:04 - [TEST_STEP][PASSED] - (Counter++): null

2019-02-21 16:49:04 - [TEST_STEP][PASSED] - StrB = findTestData("Internal User List").getValue(2, Counter): null

2019-02-21 16:49:04 - [TEST_STEP][PASSED] - if (StrB.equals(StrA)): null

2019-02-21 16:49:04 - [TEST_STEP][PASSED] - (Counter++): null

2019-02-21 16:49:04 - [TEST_STEP][PASSED] - StrB = findTestData("Internal User List").getValue(2, Counter): null

2019-02-21 16:49:04 - [TEST_STEP][PASSED] - if (StrB.equals(StrA)): null

2019-02-21 16:49:04 - [TEST_STEP][PASSED] - (Counter++): null

2019-02-21 16:49:04 - [TEST_STEP][PASSED] - StrB = findTestData("Internal User List").getValue(2, Counter): null

2019-02-21 16:49:04 - [TEST_STEP][PASSED] - if (StrB.equals(StrA)): null

2019-02-21 16:49:06 - [TEST_STEP][PASSED] - (Counter++): null

2019-02-21 16:49:06 - [TEST_STEP][PASSED] - StrB = findTestData("Internal User List").getValue(2, Counter): null

2019-02-21 16:49:07 - [TEST_STEP][PASSED] - if (StrB.equals(StrA)): null

2019-02-21 16:49:07 - [TEST_STEP][PASSED] - (Counter++): null

2019-02-21 16:49:07 - [TEST_STEP][PASSED] - StrB = findTestData("Internal User List").getValue(2, Counter): null

2019-02-21 16:49:07 - [TEST_STEP][PASSED] - if (StrB.equals(StrA)): null

2019-02-21 16:49:07 - [TEST_STEP][PASSED] - (Counter++): null

2019-02-21 16:49:07 - [TEST_STEP][PASSED] - StrB = findTestData("Internal User List").getValue(2, Counter): null

2019-02-21 16:49:07 - [TEST_STEP][PASSED] - if (StrB.equals(StrA)): null

2019-02-21 16:49:07 - [TEST_STEP][PASSED] - (Counter++): null

2019-02-21 16:49:09 - [TEST_STEP][PASSED] - StrB = findTestData("Internal User List").getValue(2, Counter): null

2019-02-21 16:49:09 - [TEST_STEP][PASSED] - if (StrB.equals(StrA)): null

2019-02-21 16:49:09 - [TEST_STEP][PASSED] - (Counter++): null

2019-02-21 16:49:09 - [TEST_STEP][PASSED] - StrB = findTestData("Internal User List").getValue(2, Counter): null

2019-02-21 16:49:09 - [TEST_STEP][PASSED] - if (StrB.equals(StrA)): null

2019-02-21 16:49:09 - [TEST_STEP][PASSED] - (Counter++): null

2019-02-21 16:49:09 - [TEST_STEP][PASSED] - StrB = findTestData("Internal User List").getValue(2, Counter): null

2019-02-21 16:49:09 - [TEST_STEP][PASSED] - if (StrB.equals(StrA)): null

2019-02-21 16:49:09 - [TEST_STEP][PASSED] - (Counter++): null

2019-02-21 16:49:09 - [TEST_STEP][PASSED] - StrB = findTestData("Internal User List").getValue(2, Counter): null

2019-02-21 16:49:12 - [TEST_STEP][PASSED] - if (StrB.equals(StrA)): null

2019-02-21 16:49:12 - [TEST_STEP][PASSED] - (Counter++): null

2019-02-21 16:49:12 - [TEST_STEP][PASSED] - StrB = findTestData("Internal User List").getValue(2, Counter): null

2019-02-21 16:49:12 - [TEST_STEP][PASSED] - if (StrB.equals(StrA)): null

2019-02-21 16:49:12 - [TEST_STEP][PASSED] - (Counter++): null

2019-02-21 16:49:12 - [TEST_STEP][PASSED] - StrB = findTestData("Internal User List").getValue(2, Counter): null

2019-02-21 16:49:13 - [TEST_STEP][PASSED] - if (StrB.equals(StrA)): null

2019-02-21 16:49:13 - [TEST_STEP][PASSED] - (Counter++): null

2019-02-21 16:49:13 - [TEST_STEP][PASSED] - StrB = findTestData("Internal User List").getValue(2, Counter): null

2019-02-21 16:49:13 - [TEST_STEP][PASSED] - if (StrB.equals(StrA)): null

2019-02-21 16:49:13 - [TEST_STEP][PASSED] - (Counter++): null

2019-02-21 16:49:14 - [TEST_STEP][PASSED] - StrB = findTestData("Internal User List").getValue(2, Counter): null

2019-02-21 16:49:14 - [TEST_STEP][PASSED] - if (StrB.equals(StrA)): null

2019-02-21 16:49:14 - [TEST_STEP][PASSED] - (Counter++): null

2019-02-21 16:49:14 - [TEST_STEP][PASSED] - StrB = findTestData("Internal User List").getValue(2, Counter): null

2019-02-21 16:49:14 - [TEST_STEP][PASSED] - if (StrB.equals(StrA)): null

2019-02-21 16:49:14 - [TEST_STEP][PASSED] - (Counter++): null

2019-02-21 16:49:14 - [TEST_STEP][PASSED] - StrB = findTestData("Internal User List").getValue(2, Counter): null

2019-02-21 16:49:14 - [TEST_STEP][PASSED] - if (StrB.equals(StrA)): null

2019-02-21 16:49:14 - [TEST_STEP][PASSED] - (Counter++): null

2019-02-21 16:49:14 - [TEST_STEP][PASSED] - StrB = findTestData("Internal User List").getValue(2, Counter): null

2019-02-21 16:49:17 - [TEST_STEP][PASSED] - if (StrB.equals(StrA)): null

2019-02-21 16:49:17 - [TEST_STEP][PASSED] - (Counter++): null

2019-02-21 16:49:17 - [TEST_STEP][PASSED] - StrB = findTestData("Internal User List").getValue(2, Counter): null

2019-02-21 16:49:17 - [TEST_STEP][PASSED] - if (StrB.equals(StrA)): null

2019-02-21 16:49:17 - [TEST_STEP][PASSED] - (Counter++): null

2019-02-21 16:49:17 - [TEST_STEP][PASSED] - StrB = findTestData("Internal User List").getValue(2, Counter): null

2019-02-21 16:49:17 - [TEST_STEP][PASSED] - if (StrB.equals(StrA)): null

2019-02-21 16:49:17 - [TEST_STEP][PASSED] - (Counter++): null

2019-02-21 16:49:17 - [TEST_STEP][PASSED] - StrB = findTestData("Internal User List").getValue(2, Counter): null

2019-02-21 16:49:17 - [TEST_STEP][PASSED] - if (StrB.equals(StrA)): null

2019-02-21 16:49:18 - [TEST_STEP][PASSED] - (Counter++): null

2019-02-21 16:49:18 - [TEST_STEP][PASSED] - StrB = findTestData("Internal User List").getValue(2, Counter): null

2019-02-21 16:49:18 - [TEST_STEP][PASSED] - if (StrB.equals(StrA)): null

2019-02-21 16:49:18 - [TEST_STEP][PASSED] - (Counter++): null

2019-02-21 16:49:18 - [TEST_STEP][PASSED] - StrB = findTestData("Internal User List").getValue(2, Counter): null

2019-02-21 16:49:18 - [TEST_STEP][PASSED] - if (StrB.equals(StrA)): null

2019-02-21 16:49:18 - [TEST_STEP][PASSED] - (Counter++): null

2019-02-21 16:49:18 - [TEST_STEP][PASSED] - StrB = findTestData("Internal User List").getValue(2, Counter): null

2019-02-21 16:49:19 - [TEST_STEP][PASSED] - if (StrB.equals(StrA)): null

2019-02-21 16:49:19 - [TEST_STEP][PASSED] - (Counter++): null

2019-02-21 16:49:20 - [TEST_STEP][PASSED] - StrB = findTestData("Internal User List").getValue(2, Counter): null

2019-02-21 16:49:20 - [TEST_STEP][PASSED] - if (StrB.equals(StrA)): null

2019-02-21 16:49:20 - [TEST_STEP][PASSED] - (Counter++): null

2019-02-21 16:49:20 - [TEST_STEP][PASSED] - StrB = findTestData("Internal User List").getValue(2, Counter): null

2019-02-21 16:49:20 - [TEST_STEP][PASSED] - if (StrB.equals(StrA)): null

2019-02-21 16:49:20 - [TEST_STEP][PASSED] - (Counter++): null

2019-02-21 16:49:20 - [TEST_STEP][PASSED] - StrB = findTestData("Internal User List").getValue(2, Counter): null

2019-02-21 16:49:20 - [TEST_STEP][PASSED] - if (StrB.equals(StrA)): null

2019-02-21 16:49:20 - [TEST_STEP][PASSED] - (Counter++): null

2019-02-21 16:49:20 - [TEST_STEP][PASSED] - StrB = findTestData("Internal User List").getValue(2, Counter): null

2019-02-21 16:49:20 - [TEST_STEP][PASSED] - if (StrB.equals(StrA)): null

2019-02-21 16:49:22 - [TEST_STEP][PASSED] - (Counter++): null

2019-02-21 16:49:22 - [TEST_STEP][PASSED] - StrB = findTestData("Internal User List").getValue(2, Counter): null

2019-02-21 16:49:22 - [TEST_STEP][PASSED] - if (StrB.equals(StrA)): null

2019-02-21 16:49:22 - [TEST_STEP][PASSED] - (Counter++): null

2019-02-21 16:49:22 - [TEST_STEP][PASSED] - StrB = findTestData("Internal User List").getValue(2, Counter): null

2019-02-21 16:49:22 - [TEST_STEP][PASSED] - if (StrB.equals(StrA)): null

2019-02-21 16:49:22 - [TEST_STEP][PASSED] - (Counter++): null

2019-02-21 16:49:22 - [TEST_STEP][PASSED] - StrB = findTestData("Internal User List").getValue(2, Counter): null

2019-02-21 16:49:22 - [TEST_STEP][PASSED] - if (StrB.equals(StrA)): null

2019-02-21 16:49:22 - [TEST_STEP][PASSED] - (Counter++): null

2019-02-21 16:49:23 - [TEST_STEP][PASSED] - StrB = findTestData("Internal User List").getValue(2, Counter): null

2019-02-21 16:49:23 - [TEST_STEP][PASSED] - if (StrB.equals(StrA)): null

2019-02-21 16:49:23 - [TEST_STEP][PASSED] - (Counter++): null

2019-02-21 16:49:23 - [TEST_STEP][PASSED] - StrB = findTestData("Internal User List").getValue(2, Counter): null

2019-02-21 16:49:23 - [TEST_STEP][PASSED] - if (StrB.equals(StrA)): null

2019-02-21 16:49:23 - [TEST_STEP][PASSED] - (Counter++): null

2019-02-21 16:49:23 - [TEST_STEP][PASSED] - StrB = findTestData("Internal User List").getValue(2, Counter): null

2019-02-21 16:49:23 - [TEST_STEP][PASSED] - if (StrB.equals(StrA)): null

2019-02-21 16:49:23 - [TEST_STEP][PASSED] - (Counter++): null

2019-02-21 16:49:23 - [TEST_STEP][PASSED] - StrB = findTestData("Internal User List").getValue(2, Counter): null

2019-02-21 16:49:24 - [TEST_STEP][PASSED] - if (StrB.equals(StrA)): null

2019-02-21 16:49:24 - [TEST_STEP][PASSED] - (Counter++): null

2019-02-21 16:49:24 - [TEST_STEP][PASSED] - StrB = findTestData("Internal User List").getValue(2, Counter): null

2019-02-21 16:49:24 - [TEST_STEP][PASSED] - if (StrB.equals(StrA)): null

2019-02-21 16:49:24 - [TEST_STEP][PASSED] - (Counter++): null

2019-02-21 16:49:24 - [TEST_STEP][PASSED] - StrB = findTestData("Internal User List").getValue(2, Counter): null

2019-02-21 16:49:24 - [TEST_STEP][PASSED] - if (StrB.equals(StrA)): null

2019-02-21 16:49:24 - [TEST_STEP][PASSED] - (Counter++): null

2019-02-21 16:49:24 - [TEST_STEP][PASSED] - StrB = findTestData("Internal User List").getValue(2, Counter): null

2019-02-21 16:49:24 - [TEST_STEP][PASSED] - if (StrB.equals(StrA)): null

2019-02-21 16:49:25 - [TEST_STEP][PASSED] - (Counter++): null

2019-02-21 16:49:26 - [TEST_STEP][PASSED] - StrB = findTestData("Internal User List").getValue(2, Counter): null

2019-02-21 16:49:26 - [TEST_STEP][PASSED] - if (StrB.equals(StrA)): null

2019-02-21 16:49:26 - [TEST_STEP][PASSED] - (Counter++): null

2019-02-21 16:49:26 - [TEST_STEP][PASSED] - StrB = findTestData("Internal User List").getValue(2, Counter): null

2019-02-21 16:49:26 - [TEST_STEP][PASSED] - if (StrB.equals(StrA)): null

2019-02-21 16:49:26 - [TEST_STEP][PASSED] - (Counter++): null

2019-02-21 16:49:26 - [TEST_STEP][PASSED] - StrB = findTestData("Internal User List").getValue(2, Counter): null

2019-02-21 16:49:26 - [TEST_STEP][PASSED] - if (StrB.equals(StrA)): null

2019-02-21 16:49:26 - [TEST_STEP][PASSED] - (Counter++): null

2019-02-21 16:49:26 - [TEST_STEP][PASSED] - StrB = findTestData("Internal User List").getValue(2, Counter): null

2019-02-21 16:49:27 - [TEST_STEP][PASSED] - if (StrB.equals(StrA)): null

2019-02-21 16:49:27 - [TEST_STEP][PASSED] - (Counter++): null

2019-02-21 16:49:27 - [TEST_STEP][PASSED] - StrB = findTestData("Internal User List").getValue(2, Counter): null

2019-02-21 16:49:27 - [TEST_STEP][PASSED] - if (StrB.equals(StrA)): null

2019-02-21 16:49:27 - [TEST_STEP][PASSED] - (Counter++): null

2019-02-21 16:49:27 - [TEST_STEP][PASSED] - StrB = findTestData("Internal User List").getValue(2, Counter): null

2019-02-21 16:49:27 - [TEST_STEP][PASSED] - if (StrB.equals(StrA)): null

2019-02-21 16:49:27 - [TEST_STEP][PASSED] - (Counter++): null

2019-02-21 16:49:27 - [TEST_STEP][PASSED] - StrB = findTestData("Internal User List").getValue(2, Counter): null

2019-02-21 16:49:27 - [TEST_STEP][PASSED] - if (StrB.equals(StrA)): null

2019-02-21 16:49:28 - [TEST_STEP][PASSED] - (Counter++): null

2019-02-21 16:49:28 - [TEST_STEP][PASSED] - StrB = findTestData("Internal User List").getValue(2, Counter): null

2019-02-21 16:49:28 - [TEST_STEP][PASSED] - if (StrB.equals(StrA)): null

2019-02-21 16:49:28 - [TEST_STEP][PASSED] - (Counter++): null

2019-02-21 16:49:28 - [TEST_STEP][PASSED] - StrB = findTestData("Internal User List").getValue(2, Counter): null

2019-02-21 16:49:28 - [TEST_STEP][PASSED] - if (StrB.equals(StrA)): null

2019-02-21 16:49:28 - [TEST_STEP][PASSED] - (Counter++): null

2019-02-21 16:49:28 - [TEST_STEP][PASSED] - StrB = findTestData("Internal User List").getValue(2, Counter): null

2019-02-21 16:49:28 - [TEST_STEP][PASSED] - if (StrB.equals(StrA)): null

2019-02-21 16:49:28 - [TEST_STEP][PASSED] - (Counter++): null

2019-02-21 16:49:29 - [TEST_STEP][PASSED] - StrB = findTestData("Internal User List").getValue(2, Counter): null

2019-02-21 16:49:29 - [TEST_STEP][PASSED] - if (StrB.equals(StrA)): null

2019-02-21 16:49:29 - [TEST_STEP][PASSED] - (Counter++): null

2019-02-21 16:49:29 - [TEST_STEP][PASSED] - StrB = findTestData("Internal User List").getValue(2, Counter): null

2019-02-21 16:49:29 - [TEST_STEP][PASSED] - if (StrB.equals(StrA)): null

2019-02-21 16:49:29 - [TEST_STEP][PASSED] - (Counter++): null

2019-02-21 16:49:29 - [TEST_STEP][PASSED] - StrB = findTestData("Internal User List").getValue(2, Counter): null

2019-02-21 16:49:29 - [TEST_STEP][PASSED] - if (StrB.equals(StrA)): null

2019-02-21 16:49:29 - [TEST_STEP][PASSED] - (Counter++): null

2019-02-21 16:49:30 - [TEST_STEP][PASSED] - StrB = findTestData("Internal User List").getValue(2, Counter): null

2019-02-21 16:49:30 - [TEST_STEP][PASSED] - if (StrB.equals(StrA)): null

2019-02-21 16:49:30 - [TEST_STEP][PASSED] - (Counter++): null

2019-02-21 16:49:30 - [TEST_STEP][PASSED] - StrB = findTestData("Internal User List").getValue(2, Counter): null

2019-02-21 16:49:30 - [TEST_STEP][PASSED] - if (StrB.equals(StrA)): null

2019-02-21 16:49:30 - [TEST_STEP][PASSED] - (Counter++): null

2019-02-21 16:49:30 - [TEST_STEP][PASSED] - StrB = findTestData("Internal User List").getValue(2, Counter): null

2019-02-21 16:49:30 - [TEST_STEP][PASSED] - if (StrB.equals(StrA)): null

2019-02-21 16:49:30 - [TEST_STEP][PASSED] - (Counter++): null

2019-02-21 16:49:30 - [TEST_STEP][PASSED] - StrB = findTestData("Internal User List").getValue(2, Counter): null

2019-02-21 16:49:30 - [TEST_STEP][PASSED] - if (StrB.equals(StrA)): null

2019-02-21 16:49:30 - [TEST_STEP][PASSED] - (Counter++): null

2019-02-21 16:49:32 - [TEST_STEP][PASSED] - StrB = findTestData("Internal User List").getValue(2, Counter): null

2019-02-21 16:49:32 - [TEST_STEP][PASSED] - if (StrB.equals(StrA)): null

2019-02-21 16:49:32 - [TEST_STEP][PASSED] - (Counter++): null

2019-02-21 16:49:32 - [TEST_STEP][PASSED] - StrB = findTestData("Internal User List").getValue(2, Counter): null

2019-02-21 16:49:32 - [TEST_STEP][PASSED] - if (StrB.equals(StrA)): null

2019-02-21 16:49:32 - [TEST_STEP][PASSED] - (Counter++): null

2019-02-21 16:49:32 - [TEST_STEP][PASSED] - StrB = findTestData("Internal User List").getValue(2, Counter): null

2019-02-21 16:49:32 - [TEST_STEP][PASSED] - if (StrB.equals(StrA)): null

2019-02-21 16:49:32 - [TEST_STEP][PASSED] - (Counter++): null

2019-02-21 16:49:32 - [TEST_STEP][PASSED] - StrB = findTestData("Internal User List").getValue(2, Counter): null

2019-02-21 16:49:33 - [TEST_STEP][PASSED] - if (StrB.equals(StrA)): null

2019-02-21 16:49:33 - [TEST_STEP][PASSED] - (Counter++): null

2019-02-21 16:49:33 - [TEST_STEP][PASSED] - StrB = findTestData("Internal User List").getValue(2, Counter): null

2019-02-21 16:49:33 - [TEST_STEP][PASSED] - if (StrB.equals(StrA)): null

2019-02-21 16:49:33 - [TEST_STEP][PASSED] - (Counter++): null

2019-02-21 16:49:33 - [TEST_STEP][PASSED] - StrB = findTestData("Internal User List").getValue(2, Counter): null

2019-02-21 16:49:33 - [TEST_STEP][PASSED] - if (StrB.equals(StrA)): null

2019-02-21 16:49:33 - [TEST_STEP][PASSED] - (Counter++): null

2019-02-21 16:49:33 - [TEST_STEP][PASSED] - StrB = findTestData("Internal User List").getValue(2, Counter): null

2019-02-21 16:49:33 - [TEST_STEP][PASSED] - if (StrB.equals(StrA)): null

2019-02-21 16:49:34 - [TEST_STEP][PASSED] - (Counter++): null

2019-02-21 16:49:34 - [TEST_STEP][PASSED] - StrB = findTestData("Internal User List").getValue(2, Counter): null

2019-02-21 16:49:34 - [TEST_STEP][PASSED] - if (StrB.equals(StrA)): null

2019-02-21 16:49:34 - [TEST_STEP][PASSED] - (Counter++): null

2019-02-21 16:49:34 - [TEST_STEP][PASSED] - StrB = findTestData("Internal User List").getValue(2, Counter): null

2019-02-21 16:49:34 - [TEST_STEP][PASSED] - if (StrB.equals(StrA)): null

2019-02-21 16:49:34 - [TEST_STEP][PASSED] - (Counter++): null

2019-02-21 16:49:35 - [TEST_STEP][PASSED] - StrB = findTestData("Internal User List").getValue(2, Counter): null

2019-02-21 16:49:35 - [TEST_STEP][PASSED] - if (StrB.equals(StrA)): null

2019-02-21 16:49:35 - [TEST_STEP][PASSED] - (Counter++): null

2019-02-21 16:49:36 - [TEST_STEP][PASSED] - StrB = findTestData("Internal User List").getValue(2, Counter): null

2019-02-21 16:49:36 - [TEST_STEP][PASSED] - if (StrB.equals(StrA)): null

2019-02-21 16:49:36 - [TEST_STEP][PASSED] - (Counter++): null

2019-02-21 16:49:36 - [TEST_STEP][PASSED] - StrB = findTestData("Internal User List").getValue(2, Counter): null

2019-02-21 16:49:36 - [TEST_STEP][PASSED] - if (StrB.equals(StrA)): null

2019-02-21 16:49:36 - [TEST_STEP][PASSED] - (Counter++): null

2019-02-21 16:49:36 - [TEST_STEP][PASSED] - StrB = findTestData("Internal User List").getValue(2, Counter): null

2019-02-21 16:49:36 - [TEST_STEP][PASSED] - if (StrB.equals(StrA)): null

2019-02-21 16:49:36 - [TEST_STEP][PASSED] - (Counter++): null

2019-02-21 16:49:36 - [TEST_STEP][PASSED] - StrB = findTestData("Internal User List").getValue(2, Counter): null

2019-02-21 16:49:36 - [TEST_STEP][PASSED] - if (StrB.equals(StrA)): null

2019-02-21 16:49:38 - [TEST_STEP][PASSED] - (Counter++): null

2019-02-21 16:49:38 - [TEST_STEP][PASSED] - StrB = findTestData("Internal User List").getValue(2, Counter): null

2019-02-21 16:49:38 - [TEST_STEP][PASSED] - if (StrB.equals(StrA)): null

2019-02-21 16:49:38 - [TEST_STEP][PASSED] - (Counter++): null

2019-02-21 16:49:38 - [TEST_STEP][PASSED] - StrB = findTestData("Internal User List").getValue(2, Counter): null

2019-02-21 16:49:38 - [TEST_STEP][PASSED] - if (StrB.equals(StrA)): null

2019-02-21 16:49:38 - [TEST_STEP][PASSED] - (Counter++): null

2019-02-21 16:49:38 - [TEST_STEP][PASSED] - StrB = findTestData("Internal User List").getValue(2, Counter): null

2019-02-21 16:49:38 - [TEST_STEP][PASSED] - if (StrB.equals(StrA)): null

2019-02-21 16:49:38 - [TEST_STEP][PASSED] - (Counter++): null

2019-02-21 16:49:39 - [TEST_STEP][PASSED] - StrB = findTestData("Internal User List").getValue(2, Counter): null

2019-02-21 16:49:39 - [TEST_STEP][PASSED] - if (StrB.equals(StrA)): null

2019-02-21 16:49:39 - [TEST_STEP][PASSED] - (Counter++): null

2019-02-21 16:49:39 - [TEST_STEP][PASSED] - StrB = findTestData("Internal User List").getValue(2, Counter): null

2019-02-21 16:49:39 - [TEST_STEP][PASSED] - if (StrB.equals(StrA)): null

2019-02-21 16:49:39 - [TEST_STEP][PASSED] - (Counter++): null

2019-02-21 16:49:39 - [TEST_STEP][PASSED] - StrB = findTestData("Internal User List").getValue(2, Counter): null

2019-02-21 16:49:39 - [TEST_STEP][PASSED] - if (StrB.equals(StrA)): null

2019-02-21 16:49:39 - [TEST_STEP][PASSED] - (Counter++): null

2019-02-21 16:49:39 - [TEST_STEP][PASSED] - StrB = findTestData("Internal User List").getValue(2, Counter): null

2019-02-21 16:49:40 - [TEST_STEP][PASSED] - if (StrB.equals(StrA)): null

2019-02-21 16:49:40 - [TEST_STEP][PASSED] - (Counter++): null

2019-02-21 16:49:40 - [TEST_STEP][PASSED] - StrB = findTestData("Internal User List").getValue(2, Counter): null

2019-02-21 16:49:40 - [TEST_STEP][PASSED] - if (StrB.equals(StrA)): null

2019-02-21 16:49:40 - [TEST_STEP][PASSED] - (Counter++): null

2019-02-21 16:49:40 - [TEST_STEP][PASSED] - StrB = findTestData("Internal User List").getValue(2, Counter): null

2019-02-21 16:49:40 - [TEST_STEP][PASSED] - if (StrB.equals(StrA)): null

2019-02-21 16:49:40 - [TEST_STEP][PASSED] - (Counter++): null

2019-02-21 16:49:40 - [TEST_STEP][PASSED] - StrB = findTestData("Internal User List").getValue(2, Counter): null

2019-02-21 16:49:40 - [TEST_STEP][PASSED] - if (StrB.equals(StrA)): null

2019-02-21 16:49:41 - [TEST_STEP][PASSED] - (Counter++): null

2019-02-21 16:49:42 - [TEST_STEP][PASSED] - StrB = findTestData("Internal User List").getValue(2, Counter): null

2019-02-21 16:49:42 - [TEST_STEP][PASSED] - if (StrB.equals(StrA)): null

2019-02-21 16:49:42 - [TEST_STEP][PASSED] - (Counter++): null

2019-02-21 16:49:42 - [TEST_STEP][PASSED] - StrB = findTestData("Internal User List").getValue(2, Counter): null

2019-02-21 16:49:42 - [TEST_STEP][PASSED] - if (StrB.equals(StrA)): null

2019-02-21 16:49:42 - [TEST_STEP][PASSED] - (Counter++): null

2019-02-21 16:49:42 - [TEST_STEP][PASSED] - StrB = findTestData("Internal User List").getValue(2, Counter): null

2019-02-21 16:49:42 - [TEST_STEP][PASSED] - if (StrB.equals(StrA)): null

2019-02-21 16:49:42 - [TEST_STEP][PASSED] - (Counter++): null

2019-02-21 16:49:44 - [TEST_STEP][PASSED] - StrB = findTestData("Internal User List").getValue(2, Counter): null

2019-02-21 16:49:44 - [TEST_STEP][PASSED] - if (StrB.equals(StrA)): null

2019-02-21 16:49:44 - [TEST_STEP][PASSED] - (Counter++): null

2019-02-21 16:49:44 - [TEST_STEP][PASSED] - StrB = findTestData("Internal User List").getValue(2, Counter): null

2019-02-21 16:49:44 - [TEST_STEP][PASSED] - if (StrB.equals(StrA)): null

2019-02-21 16:49:44 - [TEST_STEP][PASSED] - (Counter++): null

2019-02-21 16:49:44 - [TEST_STEP][PASSED] - StrB = findTestData("Internal User List").getValue(2, Counter): null

2019-02-21 16:49:44 - [TEST_STEP][PASSED] - if (StrB.equals(StrA)): null

2019-02-21 16:49:44 - [TEST_STEP][PASSED] - (Counter++): null

2019-02-21 16:49:44 - [TEST_STEP][PASSED] - StrB = findTestData("Internal User List").getValue(2, Counter): null

2019-02-21 16:49:44 - [TEST_STEP][PASSED] - if (StrB.equals(StrA)): null

2019-02-21 16:49:45 - [TEST_STEP][PASSED] - (Counter++): null

2019-02-21 16:49:45 - [TEST_STEP][PASSED] - StrB = findTestData("Internal User List").getValue(2, Counter): null

2019-02-21 16:49:45 - [TEST_STEP][PASSED] - if (StrB.equals(StrA)): null

2019-02-21 16:49:45 - [TEST_STEP][PASSED] - (Counter++): null

2019-02-21 16:49:45 - [TEST_STEP][PASSED] - StrB = findTestData("Internal User List").getValue(2, Counter): null

2019-02-21 16:49:45 - [TEST_STEP][PASSED] - if (StrB.equals(StrA)): null

2019-02-21 16:49:45 - [TEST_STEP][PASSED] - (Counter++): null

2019-02-21 16:49:45 - [TEST_STEP][PASSED] - StrB = findTestData("Internal User List").getValue(2, Counter): null

2019-02-21 16:49:45 - [TEST_STEP][PASSED] - if (StrB.equals(StrA)): null

2019-02-21 16:49:45 - [TEST_STEP][PASSED] - (Counter++): null

2019-02-21 16:49:45 - [TEST_STEP][PASSED] - StrB = findTestData("Internal User List").getValue(2, Counter): null

2019-02-21 16:49:45 - [TEST_STEP][PASSED] - if (StrB.equals(StrA)): null

2019-02-21 16:49:45 - [TEST_STEP][PASSED] - (Counter++): null

2019-02-21 16:49:45 - [TEST_STEP][PASSED] - StrB = findTestData("Internal User List").getValue(2, Counter): null

2019-02-21 16:49:45 - [TEST_STEP][PASSED] - if (StrB.equals(StrA)): null

2019-02-21 16:49:45 - [TEST_STEP][PASSED] - (Counter++): null

2019-02-21 16:49:45 - [TEST_STEP][PASSED] - StrB = findTestData("Internal User List").getValue(2, Counter): null

2019-02-21 16:49:45 - [TEST_STEP][PASSED] - if (StrB.equals(StrA)): null

2019-02-21 16:49:45 - [TEST_STEP][PASSED] - (Counter++): null

2019-02-21 16:49:46 - [TEST_STEP][PASSED] - StrB = findTestData("Internal User List").getValue(2, Counter): null

2019-02-21 16:49:46 - [TEST_STEP][PASSED] - if (StrB.equals(StrA)): null

2019-02-21 16:49:46 - [TEST_STEP][PASSED] - (Counter++): null

2019-02-21 16:49:46 - [TEST_STEP][PASSED] - StrB = findTestData("Internal User List").getValue(2, Counter): null

2019-02-21 16:49:46 - [TEST_STEP][PASSED] - if (StrB.equals(StrA)): null

2019-02-21 16:49:46 - [TEST_STEP][PASSED] - (Counter++): null

2019-02-21 16:49:46 - [TEST_STEP][PASSED] - StrB = findTestData("Internal User List").getValue(2, Counter): null

2019-02-21 16:49:46 - [TEST_STEP][PASSED] - if (StrB.equals(StrA)): null

2019-02-21 16:49:46 - [TEST_STEP][PASSED] - (Counter++): null

2019-02-21 16:49:46 - [TEST_STEP][PASSED] - StrB = findTestData("Internal User List").getValue(2, Counter): null

2019-02-21 16:49:46 - [TEST_STEP][PASSED] - if (StrB.equals(StrA)): null

2019-02-21 16:49:47 - [TEST_STEP][PASSED] - (Counter++): null

2019-02-21 16:49:47 - [TEST_STEP][PASSED] - StrB = findTestData("Internal User List").getValue(2, Counter): null

2019-02-21 16:49:47 - [TEST_STEP][PASSED] - if (StrB.equals(StrA)): null

2019-02-21 16:49:47 - [TEST_STEP][PASSED] - (Counter++): null

2019-02-21 16:49:47 - [TEST_STEP][PASSED] - StrB = findTestData("Internal User List").getValue(2, Counter): null

2019-02-21 16:49:47 - [TEST_STEP][PASSED] - if (StrB.equals(StrA)): null

2019-02-21 16:49:47 - [TEST_STEP][PASSED] - (Counter++): null

2019-02-21 16:49:47 - [TEST_STEP][PASSED] - StrB = findTestData("Internal User List").getValue(2, Counter): null

2019-02-21 16:49:47 - [TEST_STEP][PASSED] - if (StrB.equals(StrA)): null

2019-02-21 16:49:47 - [TEST_STEP][PASSED] - (Counter++): null

2019-02-21 16:49:47 - [TEST_STEP][PASSED] - StrB = findTestData("Internal User List").getValue(2, Counter): null

2019-02-21 16:49:47 - [TEST_STEP][PASSED] - if (StrB.equals(StrA)): null

2019-02-21 16:49:47 - [TEST_STEP][PASSED] - (Counter++): null

2019-02-21 16:49:47 - [TEST_STEP][PASSED] - StrB = findTestData("Internal User List").getValue(2, Counter): null

2019-02-21 16:49:47 - [TEST_STEP][PASSED] - if (StrB.equals(StrA)): null

2019-02-21 16:49:47 - [TEST_STEP][PASSED] - (Counter++): null

2019-02-21 16:49:47 - [TEST_STEP][PASSED] - StrB = findTestData("Internal User List").getValue(2, Counter): null

2019-02-21 16:49:48 - [TEST_STEP][PASSED] - if (StrB.equals(StrA)): null

2019-02-21 16:49:48 - [TEST_STEP][PASSED] - (Counter++): null

2019-02-21 16:49:48 - [TEST_STEP][PASSED] - StrB = findTestData("Internal User List").getValue(2, Counter): null

2019-02-21 16:49:48 - [TEST_STEP][PASSED] - if (StrB.equals(StrA)): null

2019-02-21 16:49:48 - [TEST_STEP][PASSED] - (Counter++): null

2019-02-21 16:49:48 - [TEST_STEP][PASSED] - StrB = findTestData("Internal User List").getValue(2, Counter): null

2019-02-21 16:49:48 - [TEST_STEP][PASSED] - if (StrB.equals(StrA)): null

2019-02-21 16:49:48 - [TEST_STEP][PASSED] - (Counter++): null

2019-02-21 16:49:48 - [TEST_STEP][PASSED] - StrB = findTestData("Internal User List").getValue(2, Counter): null

2019-02-21 16:49:48 - [TEST_STEP][PASSED] - if (StrB.equals(StrA)): null

2019-02-21 16:49:48 - [TEST_STEP][PASSED] - (Counter++): null

2019-02-21 16:49:48 - [TEST_STEP][PASSED] - StrB = findTestData("Internal User List").getValue(2, Counter): null

2019-02-21 16:49:48 - [TEST_STEP][PASSED] - if (StrB.equals(StrA)): null

2019-02-21 16:49:48 - [TEST_STEP][PASSED] - (Counter++): null

2019-02-21 16:49:49 - [TEST_STEP][PASSED] - StrB = findTestData("Internal User List").getValue(2, Counter): null

2019-02-21 16:49:49 - [TEST_STEP][PASSED] - if (StrB.equals(StrA)): null

2019-02-21 16:49:49 - [TEST_STEP][PASSED] - (Counter++): null

2019-02-21 16:49:49 - [TEST_STEP][PASSED] - StrB = findTestData("Internal User List").getValue(2, Counter): null

2019-02-21 16:49:49 - [TEST_STEP][PASSED] - if (StrB.equals(StrA)): null

2019-02-21 16:49:49 - [TEST_STEP][PASSED] - (Counter++): null

2019-02-21 16:49:49 - [TEST_STEP][PASSED] - StrB = findTestData("Internal User List").getValue(2, Counter): null

2019-02-21 16:49:49 - [TEST_STEP][PASSED] - if (StrB.equals(StrA)): null

2019-02-21 16:49:49 - [TEST_STEP][PASSED] - (Counter++): null

2019-02-21 16:49:49 - [TEST_STEP][PASSED] - StrB = findTestData("Internal User List").getValue(2, Counter): null

2019-02-21 16:49:50 - [TEST_STEP][PASSED] - if (StrB.equals(StrA)): null

2019-02-21 16:49:50 - [TEST_STEP][PASSED] - (Counter++): null

2019-02-21 16:49:50 - [TEST_STEP][PASSED] - StrB = findTestData("Internal User List").getValue(2, Counter): null

2019-02-21 16:49:50 - [TEST_STEP][PASSED] - if (StrB.equals(StrA)): null

2019-02-21 16:49:50 - [TEST_STEP][PASSED] - (Counter++): null

2019-02-21 16:49:50 - [TEST_STEP][PASSED] - StrB = findTestData("Internal User List").getValue(2, Counter): null

2019-02-21 16:49:50 - [TEST_STEP][PASSED] - if (StrB.equals(StrA)): null

2019-02-21 16:49:50 - [TEST_STEP][PASSED] - (Counter++): null

2019-02-21 16:49:50 - [TEST_STEP][PASSED] - StrB = findTestData("Internal User List").getValue(2, Counter): null

2019-02-21 16:49:50 - [TEST_STEP][PASSED] - if (StrB.equals(StrA)): null

2019-02-21 16:49:50 - [TEST_STEP][PASSED] - (Counter++): null

2019-02-21 16:49:50 - [TEST_STEP][PASSED] - StrB = findTestData("Internal User List").getValue(2, Counter): null

2019-02-21 16:49:50 - [TEST_STEP][PASSED] - if (StrB.equals(StrA)): null

2019-02-21 16:49:50 - [TEST_STEP][PASSED] - (Counter++): null

2019-02-21 16:49:50 - [TEST_STEP][PASSED] - StrB = findTestData("Internal User List").getValue(2, Counter): null

2019-02-21 16:49:50 - [TEST_STEP][PASSED] - if (StrB.equals(StrA)): null

2019-02-21 16:49:50 - [TEST_STEP][PASSED] - (Counter++): null

2019-02-21 16:49:50 - [TEST_STEP][PASSED] - StrB = findTestData("Internal User List").getValue(2, Counter): null

2019-02-21 16:49:50 - [TEST_STEP][PASSED] - if (StrB.equals(StrA)): null

2019-02-21 16:49:50 - [TEST_STEP][PASSED] - (Counter++): null

2019-02-21 16:49:51 - [TEST_STEP][PASSED] - StrB = findTestData("Internal User List").getValue(2, Counter): null

2019-02-21 16:49:51 - [TEST_STEP][PASSED] - if (StrB.equals(StrA)): null

2019-02-21 16:49:51 - [TEST_STEP][PASSED] - (Counter++): null

2019-02-21 16:49:51 - [TEST_STEP][PASSED] - StrB = findTestData("Internal User List").getValue(2, Counter): null

2019-02-21 16:49:51 - [TEST_STEP][PASSED] - if (StrB.equals(StrA)): null

2019-02-21 16:49:51 - [TEST_STEP][PASSED] - (Counter++): null

2019-02-21 16:49:51 - [TEST_STEP][PASSED] - StrB = findTestData("Internal User List").getValue(2, Counter): null

2019-02-21 16:49:51 - [TEST_STEP][PASSED] - if (StrB.equals(StrA)): null

2019-02-21 16:49:51 - [TEST_STEP][PASSED] - (Counter++): null

2019-02-21 16:49:51 - [TEST_STEP][PASSED] - StrB = findTestData("Internal User List").getValue(2, Counter): null

2019-02-21 16:49:51 - [TEST_STEP][PASSED] - if (StrB.equals(StrA)): null

2019-02-21 16:49:52 - [TEST_STEP][PASSED] - (Counter++): null

2019-02-21 16:49:52 - [TEST_STEP][PASSED] - StrB = findTestData("Internal User List").getValue(2, Counter): null

2019-02-21 16:49:52 - [TEST_STEP][PASSED] - if (StrB.equals(StrA)): null

2019-02-21 16:49:52 - [TEST_STEP][PASSED] - (Counter++): null

2019-02-21 16:49:52 - [TEST_STEP][PASSED] - StrB = findTestData("Internal User List").getValue(2, Counter): null

2019-02-21 16:49:52 - [TEST_STEP][PASSED] - if (StrB.equals(StrA)): null

2019-02-21 16:49:52 - [TEST_STEP][PASSED] - (Counter++): null

2019-02-21 16:49:52 - [TEST_STEP][PASSED] - StrB = findTestData("Internal User List").getValue(2, Counter): null

2019-02-21 16:49:52 - [TEST_STEP][PASSED] - if (StrB.equals(StrA)): null

2019-02-21 16:49:52 - [TEST_STEP][PASSED] - (Counter++): null

2019-02-21 16:49:52 - [TEST_STEP][PASSED] - StrB = findTestData("Internal User List").getValue(2, Counter): null

2019-02-21 16:49:52 - [TEST_STEP][PASSED] - if (StrB.equals(StrA)): null

2019-02-21 16:49:52 - [TEST_STEP][PASSED] - (Counter++): null

2019-02-21 16:49:52 - [TEST_STEP][PASSED] - StrB = findTestData("Internal User List").getValue(2, Counter): null

2019-02-21 16:49:52 - [TEST_STEP][PASSED] - if (StrB.equals(StrA)): null

2019-02-21 16:49:52 - [TEST_STEP][PASSED] - (Counter++): null

2019-02-21 16:49:53 - [TEST_STEP][PASSED] - StrB = findTestData("Internal User List").getValue(2, Counter): null

2019-02-21 16:49:53 - [TEST_STEP][PASSED] - if (StrB.equals(StrA)): null

2019-02-21 16:49:53 - [TEST_STEP][PASSED] - (Counter++): null

2019-02-21 16:49:53 - [TEST_STEP][PASSED] - StrB = findTestData("Internal User List").getValue(2, Counter): null

2019-02-21 16:49:53 - [TEST_STEP][PASSED] - if (StrB.equals(StrA)): null

2019-02-21 16:49:53 - [TEST_STEP][PASSED] - (Counter++): null

2019-02-21 16:49:53 - [TEST_STEP][PASSED] - StrB = findTestData("Internal User List").getValue(2, Counter): null

2019-02-21 16:49:53 - [TEST_STEP][PASSED] - if (StrB.equals(StrA)): null

2019-02-21 16:49:53 - [TEST_STEP][PASSED] - (Counter++): null

2019-02-21 16:49:53 - [TEST_STEP][PASSED] - StrB = findTestData("Internal User List").getValue(2, Counter): null

2019-02-21 16:49:53 - [TEST_STEP][PASSED] - if (StrB.equals(StrA)): null

2019-02-21 16:49:53 - [TEST_STEP][PASSED] - (Counter++): null

2019-02-21 16:49:53 - [TEST_STEP][PASSED] - StrB = findTestData("Internal User List").getValue(2, Counter): null

2019-02-21 16:49:53 - [TEST_STEP][PASSED] - if (StrB.equals(StrA)): null

2019-02-21 16:49:53 - [TEST_STEP][PASSED] - (Counter++): null

2019-02-21 16:49:54 - [TEST_STEP][PASSED] - StrB = findTestData("Internal User List").getValue(2, Counter): null

2019-02-21 16:49:54 - [TEST_STEP][PASSED] - if (StrB.equals(StrA)): null

2019-02-21 16:49:54 - [TEST_STEP][PASSED] - (Counter++): null

2019-02-21 16:49:54 - [TEST_STEP][PASSED] - StrB = findTestData("Internal User List").getValue(2, Counter): null

2019-02-21 16:49:54 - [TEST_STEP][PASSED] - if (StrB.equals(StrA)): null

2019-02-21 16:49:54 - [TEST_STEP][PASSED] - (Counter++): null

2019-02-21 16:49:54 - [TEST_STEP][PASSED] - StrB = findTestData("Internal User List").getValue(2, Counter): null

2019-02-21 16:49:54 - [TEST_STEP][PASSED] - if (StrB.equals(StrA)): null

2019-02-21 16:49:54 - [TEST_STEP][PASSED] - (Counter++): null

2019-02-21 16:49:54 - [TEST_STEP][PASSED] - StrB = findTestData("Internal User List").getValue(2, Counter): null

2019-02-21 16:49:54 - [TEST_STEP][PASSED] - if (StrB.equals(StrA)): null

2019-02-21 16:49:54 - [TEST_STEP][PASSED] - (Counter++): null

2019-02-21 16:49:54 - [TEST_STEP][PASSED] - StrB = findTestData("Internal User List").getValue(2, Counter): null

2019-02-21 16:49:54 - [TEST_STEP][PASSED] - if (StrB.equals(StrA)): null

2019-02-21 16:49:54 - [TEST_STEP][PASSED] - (Counter++): null

2019-02-21 16:49:54 - [TEST_STEP][PASSED] - StrB = findTestData("Internal User List").getValue(2, Counter): null

2019-02-21 16:49:54 - [TEST_STEP][PASSED] - if (StrB.equals(StrA)): null

2019-02-21 16:49:54 - [TEST_STEP][PASSED] - (Counter++): null

2019-02-21 16:49:54 - [TEST_STEP][PASSED] - StrB = findTestData("Internal User List").getValue(2, Counter): null

2019-02-21 16:49:54 - [TEST_STEP][PASSED] - if (StrB.equals(StrA)): null

2019-02-21 16:49:55 - [TEST_STEP][PASSED] - (Counter++): null

2019-02-21 16:49:55 - [TEST_STEP][PASSED] - StrB = findTestData("Internal User List").getValue(2, Counter): null

2019-02-21 16:49:55 - [TEST_STEP][PASSED] - if (StrB.equals(StrA)): null

2019-02-21 16:49:55 - [TEST_STEP][PASSED] - (Counter++): null

2019-02-21 16:49:55 - [TEST_STEP][PASSED] - StrB = findTestData("Internal User List").getValue(2, Counter): null

2019-02-21 16:49:55 - [TEST_STEP][PASSED] - if (StrB.equals(StrA)): null

2019-02-21 16:49:55 - [TEST_STEP][PASSED] - (Counter++): null

2019-02-21 16:49:55 - [TEST_STEP][PASSED] - StrB = findTestData("Internal User List").getValue(2, Counter): null

2019-02-21 16:49:55 - [TEST_STEP][PASSED] - if (StrB.equals(StrA)): null

2019-02-21 16:49:55 - [TEST_STEP][PASSED] - (Counter++): null

2019-02-21 16:49:55 - [TEST_STEP][PASSED] - StrB = findTestData("Internal User List").getValue(2, Counter): null

2019-02-21 16:49:57 - [TEST_STEP][PASSED] - if (StrB.equals(StrA)): null

2019-02-21 16:49:57 - [TEST_STEP][PASSED] - (Counter++): null

2019-02-21 16:49:57 - [TEST_STEP][PASSED] - StrB = findTestData("Internal User List").getValue(2, Counter): null

2019-02-21 16:49:57 - [TEST_STEP][PASSED] - if (StrB.equals(StrA)): null

2019-02-21 16:49:57 - [TEST_STEP][PASSED] - (Counter++): null

2019-02-21 16:49:57 - [TEST_STEP][PASSED] - StrB = findTestData("Internal User List").getValue(2, Counter): null

2019-02-21 16:49:57 - [TEST_STEP][PASSED] - if (StrB.equals(StrA)): null

2019-02-21 16:49:57 - [TEST_STEP][PASSED] - (Counter++): null

2019-02-21 16:49:57 - [TEST_STEP][PASSED] - StrB = findTestData("Internal User List").getValue(2, Counter): null

2019-02-21 16:49:57 - [TEST_STEP][PASSED] - if (StrB.equals(StrA)): null

2019-02-21 16:49:58 - [TEST_STEP][PASSED] - (Counter++): null

2019-02-21 16:49:58 - [TEST_STEP][PASSED] - StrB = findTestData("Internal User List").getValue(2, Counter): null

2019-02-21 16:49:58 - [TEST_STEP][PASSED] - if (StrB.equals(StrA)): null

2019-02-21 16:49:58 - [TEST_STEP][PASSED] - (Counter++): null

2019-02-21 16:49:58 - [TEST_STEP][PASSED] - StrB = findTestData("Internal User List").getValue(2, Counter): null

2019-02-21 16:49:58 - [TEST_STEP][PASSED] - if (StrB.equals(StrA)): null

2019-02-21 16:49:58 - [TEST_STEP][PASSED] - (Counter++): null

2019-02-21 16:49:58 - [TEST_STEP][PASSED] - StrB = findTestData("Internal User List").getValue(2, Counter): null

2019-02-21 16:49:58 - [TEST_STEP][PASSED] - if (StrB.equals(StrA)): null

2019-02-21 16:49:58 - [TEST_STEP][PASSED] - (Counter++): null

2019-02-21 16:49:59 - [TEST_STEP][PASSED] - StrB = findTestData("Internal User List").getValue(2, Counter): null

2019-02-21 16:49:59 - [TEST_STEP][PASSED] - if (StrB.equals(StrA)): null

2019-02-21 16:49:59 - [TEST_STEP][PASSED] - (Counter++): null

2019-02-21 16:49:59 - [TEST_STEP][PASSED] - StrB = findTestData("Internal User List").getValue(2, Counter): null

2019-02-21 16:49:59 - [TEST_STEP][PASSED] - if (StrB.equals(StrA)): null

2019-02-21 16:49:59 - [TEST_STEP][PASSED] - (Counter++): null

2019-02-21 16:49:59 - [TEST_STEP][PASSED] - StrB = findTestData("Internal User List").getValue(2, Counter): null

2019-02-21 16:49:59 - [TEST_STEP][PASSED] - if (StrB.equals(StrA)): null

2019-02-21 16:49:59 - [TEST_STEP][PASSED] - (Counter++): null

2019-02-21 16:49:59 - [TEST_STEP][PASSED] - StrB = findTestData("Internal User List").getValue(2, Counter): null

2019-02-21 16:50:01 - [TEST_STEP][PASSED] - if (StrB.equals(StrA)): null

2019-02-21 16:50:01 - [TEST_STEP][PASSED] - (Counter++): null

2019-02-21 16:50:01 - [TEST_STEP][PASSED] - StrB = findTestData("Internal User List").getValue(2, Counter): null

2019-02-21 16:50:01 - [TEST_STEP][PASSED] - if (StrB.equals(StrA)): null

2019-02-21 16:50:01 - [TEST_STEP][PASSED] - (Counter++): null

2019-02-21 16:50:01 - [TEST_STEP][PASSED] - StrB = findTestData("Internal User List").getValue(2, Counter): null

2019-02-21 16:50:01 - [TEST_STEP][PASSED] - if (StrB.equals(StrA)): null

2019-02-21 16:50:01 - [TEST_STEP][PASSED] - (Counter++): null

2019-02-21 16:50:01 - [TEST_STEP][PASSED] - StrB = findTestData("Internal User List").getValue(2, Counter): null

2019-02-21 16:50:02 - [TEST_STEP][PASSED] - if (StrB.equals(StrA)): null

2019-02-21 16:50:02 - [TEST_STEP][PASSED] - (Counter++): null

2019-02-21 16:50:03 - [TEST_STEP][PASSED] - StrB = findTestData("Internal User List").getValue(2, Counter): null

2019-02-21 16:50:03 - [TEST_STEP][PASSED] - if (StrB.equals(StrA)): null

2019-02-21 16:50:03 - [TEST_STEP][PASSED] - (Counter++): null

2019-02-21 16:50:03 - [TEST_STEP][PASSED] - StrB = findTestData("Internal User List").getValue(2, Counter): null

2019-02-21 16:50:03 - [TEST_STEP][PASSED] - if (StrB.equals(StrA)): null

2019-02-21 16:50:03 - [TEST_STEP][PASSED] - (Counter++): null

2019-02-21 16:50:03 - [TEST_STEP][PASSED] - StrB = findTestData("Internal User List").getValue(2, Counter): null

2019-02-21 16:50:03 - [TEST_STEP][PASSED] - if (StrB.equals(StrA)): null

2019-02-21 16:50:03 - [TEST_STEP][PASSED] - (Counter++): null

2019-02-21 16:50:03 - [TEST_STEP][PASSED] - StrB = findTestData("Internal User List").getValue(2, Counter): null

2019-02-21 16:50:04 - [TEST_STEP][PASSED] - if (StrB.equals(StrA)): null

2019-02-21 16:50:04 - [TEST_STEP][PASSED] - (Counter++): null

2019-02-21 16:50:04 - [TEST_STEP][PASSED] - StrB = findTestData("Internal User List").getValue(2, Counter): null

2019-02-21 16:50:04 - [TEST_STEP][PASSED] - if (StrB.equals(StrA)): null

2019-02-21 16:50:04 - [TEST_STEP][PASSED] - (Counter++): null

2019-02-21 16:50:04 - [TEST_STEP][PASSED] - StrB = findTestData("Internal User List").getValue(2, Counter): null

2019-02-21 16:50:04 - [TEST_STEP][PASSED] - if (StrB.equals(StrA)): null

2019-02-21 16:50:04 - [TEST_STEP][PASSED] - (Counter++): null

2019-02-21 16:50:04 - [TEST_STEP][PASSED] - StrB = findTestData("Internal User List").getValue(2, Counter): null

2019-02-21 16:50:04 - [TEST_STEP][PASSED] - if (StrB.equals(StrA)): null

2019-02-21 16:50:04 - [TEST_STEP][PASSED] - (Counter++): null

2019-02-21 16:50:04 - [TEST_STEP][PASSED] - StrB = findTestData("Internal User List").getValue(2, Counter): null

2019-02-21 16:50:04 - [TEST_STEP][PASSED] - if (StrB.equals(StrA)): null

2019-02-21 16:50:04 - [TEST_STEP][PASSED] - (Counter++): null

2019-02-21 16:50:04 - [TEST_STEP][PASSED] - StrB = findTestData("Internal User List").getValue(2, Counter): null

2019-02-21 16:50:04 - [TEST_STEP][PASSED] - if (StrB.equals(StrA)): null

2019-02-21 16:50:04 - [TEST_STEP][PASSED] - (Counter++): null

2019-02-21 16:50:04 - [TEST_STEP][PASSED] - StrB = findTestData("Internal User List").getValue(2, Counter): null

2019-02-21 16:50:04 - [TEST_STEP][PASSED] - if (StrB.equals(StrA)): null

2019-02-21 16:50:04 - [TEST_STEP][PASSED] - (Counter++): null

2019-02-21 16:50:05 - [TEST_STEP][PASSED] - StrB = findTestData("Internal User List").getValue(2, Counter): null

2019-02-21 16:50:05 - [TEST_STEP][PASSED] - if (StrB.equals(StrA)): null

2019-02-21 16:50:05 - [TEST_STEP][PASSED] - (Counter++): null

2019-02-21 16:50:05 - [TEST_STEP][PASSED] - StrB = findTestData("Internal User List").getValue(2, Counter): null

2019-02-21 16:50:05 - [TEST_STEP][PASSED] - if (StrB.equals(StrA)): null

2019-02-21 16:50:05 - [TEST_STEP][PASSED] - (Counter++): null

2019-02-21 16:50:05 - [TEST_STEP][PASSED] - StrB = findTestData("Internal User List").getValue(2, Counter): null

2019-02-21 16:50:05 - [TEST_STEP][PASSED] - if (StrB.equals(StrA)): null

2019-02-21 16:50:05 - [TEST_STEP][PASSED] - (Counter++): null

2019-02-21 16:50:05 - [TEST_STEP][PASSED] - StrB = findTestData("Internal User List").getValue(2, Counter): null

2019-02-21 16:50:05 - [TEST_STEP][PASSED] - if (StrB.equals(StrA)): null

2019-02-21 16:50:06 - [TEST_STEP][PASSED] - (Counter++): null

2019-02-21 16:50:06 - [TEST_STEP][PASSED] - StrB = findTestData("Internal User List").getValue(2, Counter): null

2019-02-21 16:50:06 - [TEST_STEP][PASSED] - if (StrB.equals(StrA)): null

2019-02-21 16:50:06 - [TEST_STEP][PASSED] - (Counter++): null

2019-02-21 16:50:06 - [TEST_STEP][PASSED] - StrB = findTestData("Internal User List").getValue(2, Counter): null

2019-02-21 16:50:06 - [TEST_STEP][PASSED] - if (StrB.equals(StrA)): null

2019-02-21 16:50:06 - [TEST_STEP][PASSED] - (Counter++): null

2019-02-21 16:50:06 - [TEST_STEP][PASSED] - StrB = findTestData("Internal User List").getValue(2, Counter): null

2019-02-21 16:50:06 - [TEST_STEP][PASSED] - if (StrB.equals(StrA)): null

2019-02-21 16:50:06 - [TEST_STEP][PASSED] - (Counter++): null

2019-02-21 16:50:07 - [TEST_STEP][PASSED] - StrB = findTestData("Internal User List").getValue(2, Counter): null

2019-02-21 16:50:07 - [TEST_STEP][PASSED] - if (StrB.equals(StrA)): null

2019-02-21 16:50:07 - [TEST_STEP][PASSED] - (Counter++): null

2019-02-21 16:50:07 - [TEST_STEP][PASSED] - StrB = findTestData("Internal User List").getValue(2, Counter): null

2019-02-21 16:50:07 - [TEST_STEP][PASSED] - if (StrB.equals(StrA)): null

2019-02-21 16:50:07 - [TEST_STEP][PASSED] - (Counter++): null

2019-02-21 16:50:07 - [TEST_STEP][PASSED] - StrB = findTestData("Internal User List").getValue(2, Counter): null

2019-02-21 16:50:07 - [TEST_STEP][PASSED] - if (StrB.equals(StrA)): null

2019-02-21 16:50:07 - [TEST_STEP][PASSED] - (Counter++): null

2019-02-21 16:50:07 - [TEST_STEP][PASSED] - StrB = findTestData("Internal User List").getValue(2, Counter): null

2019-02-21 16:50:08 - [TEST_STEP][PASSED] - if (StrB.equals(StrA)): null

2019-02-21 16:50:08 - [TEST_STEP][PASSED] - (Counter++): null

2019-02-21 16:50:08 - [TEST_STEP][PASSED] - StrB = findTestData("Internal User List").getValue(2, Counter): null

2019-02-21 16:50:08 - [TEST_STEP][PASSED] - if (StrB.equals(StrA)): null

2019-02-21 16:50:08 - [TEST_STEP][PASSED] - (Counter++): null

2019-02-21 16:50:08 - [TEST_STEP][PASSED] - StrB = findTestData("Internal User List").getValue(2, Counter): null

2019-02-21 16:50:08 - [TEST_STEP][PASSED] - if (StrB.equals(StrA)): null

2019-02-21 16:50:08 - [TEST_STEP][PASSED] - (Counter++): null

2019-02-21 16:50:08 - [TEST_STEP][PASSED] - StrB = findTestData("Internal User List").getValue(2, Counter): null

2019-02-21 16:50:08 - [TEST_STEP][PASSED] - if (StrB.equals(StrA)): null

2019-02-21 16:50:09 - [TEST_STEP][PASSED] - (Counter++): null

2019-02-21 16:50:09 - [TEST_STEP][PASSED] - StrB = findTestData("Internal User List").getValue(2, Counter): null

2019-02-21 16:50:09 - [TEST_STEP][PASSED] - if (StrB.equals(StrA)): null

2019-02-21 16:50:09 - [TEST_STEP][PASSED] - (Counter++): null

2019-02-21 16:50:09 - [TEST_STEP][PASSED] - StrB = findTestData("Internal User List").getValue(2, Counter): null

2019-02-21 16:50:09 - [TEST_STEP][PASSED] - if (StrB.equals(StrA)): null

2019-02-21 16:50:09 - [TEST_STEP][PASSED] - (Counter++): null

2019-02-21 16:50:09 - [TEST_STEP][PASSED] - StrB = findTestData("Internal User List").getValue(2, Counter): null

2019-02-21 16:50:09 - [TEST_STEP][PASSED] - if (StrB.equals(StrA)): null

2019-02-21 16:50:09 - [TEST_STEP][PASSED] - (Counter++): null

2019-02-21 16:50:09 - [TEST_STEP][PASSED] - StrB = findTestData("Internal User List").getValue(2, Counter): null

2019-02-21 16:50:10 - [TEST_STEP][PASSED] - if (StrB.equals(StrA)): null

2019-02-21 16:50:10 - [TEST_STEP][PASSED] - (Counter++): null

2019-02-21 16:50:10 - [TEST_STEP][PASSED] - StrB = findTestData("Internal User List").getValue(2, Counter): null

2019-02-21 16:50:10 - [TEST_STEP][PASSED] - if (StrB.equals(StrA)): null

2019-02-21 16:50:10 - [TEST_STEP][PASSED] - (Counter++): null

2019-02-21 16:50:10 - [TEST_STEP][PASSED] - StrB = findTestData("Internal User List").getValue(2, Counter): null

2019-02-21 16:50:10 - [TEST_STEP][PASSED] - if (StrB.equals(StrA)): null

2019-02-21 16:50:10 - [TEST_STEP][PASSED] - (Counter++): null

2019-02-21 16:50:10 - [TEST_STEP][PASSED] - StrB = findTestData("Internal User List").getValue(2, Counter): null

2019-02-21 16:50:10 - [TEST_STEP][PASSED] - if (StrB.equals(StrA)): null

2019-02-21 16:50:10 - [TEST_STEP][PASSED] - (Counter++): null

2019-02-21 16:50:10 - [TEST_STEP][PASSED] - StrB = findTestData("Internal User List").getValue(2, Counter): null

2019-02-21 16:50:10 - [TEST_STEP][PASSED] - if (StrB.equals(StrA)): null

2019-02-21 16:50:10 - [TEST_STEP][PASSED] - (Counter++): null

2019-02-21 16:50:10 - [TEST_STEP][PASSED] - StrB = findTestData("Internal User List").getValue(2, Counter): null

2019-02-21 16:50:10 - [TEST_STEP][PASSED] - if (StrB.equals(StrA)): null

2019-02-21 16:50:10 - [TEST_STEP][PASSED] - (Counter++): null

2019-02-21 16:50:10 - [TEST_STEP][PASSED] - StrB = findTestData("Internal User List").getValue(2, Counter): null

2019-02-21 16:50:10 - [TEST_STEP][PASSED] - if (StrB.equals(StrA)): null

2019-02-21 16:50:10 - [TEST_STEP][PASSED] - (Counter++): null

2019-02-21 16:50:11 - [TEST_STEP][PASSED] - StrB = findTestData("Internal User List").getValue(2, Counter): null

2019-02-21 16:50:11 - [TEST_STEP][PASSED] - if (StrB.equals(StrA)): null

2019-02-21 16:50:11 - [TEST_STEP][PASSED] - (Counter++): null

2019-02-21 16:50:11 - [TEST_STEP][PASSED] - StrB = findTestData("Internal User List").getValue(2, Counter): null

2019-02-21 16:50:11 - [TEST_STEP][PASSED] - if (StrB.equals(StrA)): null

2019-02-21 16:50:11 - [TEST_STEP][PASSED] - (Counter++): null

2019-02-21 16:50:11 - [TEST_STEP][PASSED] - StrB = findTestData("Internal User List").getValue(2, Counter): null

2019-02-21 16:50:11 - [TEST_STEP][PASSED] - if (StrB.equals(StrA)): null

2019-02-21 16:50:11 - [TEST_STEP][PASSED] - (Counter++): null

2019-02-21 16:50:11 - [TEST_STEP][PASSED] - StrB = findTestData("Internal User List").getValue(2, Counter): null

2019-02-21 16:50:12 - [TEST_STEP][PASSED] - if (StrB.equals(StrA)): null

2019-02-21 16:50:12 - [TEST_STEP][PASSED] - (Counter++): null

2019-02-21 16:50:12 - [TEST_STEP][PASSED] - StrB = findTestData("Internal User List").getValue(2, Counter): null

2019-02-21 16:50:12 - [TEST_STEP][PASSED] - if (StrB.equals(StrA)): null

2019-02-21 16:50:12 - [TEST_STEP][PASSED] - (Counter++): null

2019-02-21 16:50:12 - [TEST_STEP][PASSED] - StrB = findTestData("Internal User List").getValue(2, Counter): null

2019-02-21 16:50:12 - [TEST_STEP][PASSED] - if (StrB.equals(StrA)): null

2019-02-21 16:50:12 - [TEST_STEP][PASSED] - (Counter++): null

2019-02-21 16:50:12 - [TEST_STEP][PASSED] - StrB = findTestData("Internal User List").getValue(2, Counter): null

2019-02-21 16:50:12 - [TEST_STEP][PASSED] - if (StrB.equals(StrA)): null

2019-02-21 16:50:12 - [TEST_STEP][PASSED] - (Counter++): null

2019-02-21 16:50:12 - [TEST_STEP][PASSED] - StrB = findTestData("Internal User List").getValue(2, Counter): null

2019-02-21 16:50:12 - [TEST_STEP][PASSED] - if (StrB.equals(StrA)): null

2019-02-21 16:50:12 - [TEST_STEP][PASSED] - (Counter++): null

2019-02-21 16:50:12 - [TEST_STEP][PASSED] - StrB = findTestData("Internal User List").getValue(2, Counter): null

2019-02-21 16:50:12 - [TEST_STEP][PASSED] - if (StrB.equals(StrA)): null

2019-02-21 16:50:12 - [TEST_STEP][PASSED] - (Counter++): null

2019-02-21 16:50:12 - [TEST_STEP][PASSED] - StrB = findTestData("Internal User List").getValue(2, Counter): null

2019-02-21 16:50:12 - [TEST_STEP][PASSED] - if (StrB.equals(StrA)): null

2019-02-21 16:50:12 - [TEST_STEP][PASSED] - (Counter++): null

2019-02-21 16:50:12 - [TEST_STEP][PASSED] - StrB = findTestData("Internal User List").getValue(2, Counter): null

2019-02-21 16:50:13 - [TEST_STEP][PASSED] - if (StrB.equals(StrA)): null

2019-02-21 16:50:13 - [TEST_STEP][PASSED] - (Counter++): null

2019-02-21 16:50:13 - [TEST_STEP][PASSED] - StrB = findTestData("Internal User List").getValue(2, Counter): null

2019-02-21 16:50:13 - [TEST_STEP][PASSED] - if (StrB.equals(StrA)): null

2019-02-21 16:50:13 - [TEST_STEP][PASSED] - (Counter++): null

2019-02-21 16:50:13 - [TEST_STEP][PASSED] - StrB = findTestData("Internal User List").getValue(2, Counter): null

2019-02-21 16:50:13 - [TEST_STEP][PASSED] - if (StrB.equals(StrA)): null

2019-02-21 16:50:13 - [TEST_STEP][PASSED] - (Counter++): null

2019-02-21 16:50:13 - [TEST_STEP][PASSED] - StrB = findTestData("Internal User List").getValue(2, Counter): null

2019-02-21 16:50:13 - [TEST_STEP][PASSED] - if (StrB.equals(StrA)): null

2019-02-21 16:50:13 - [TEST_STEP][PASSED] - (Counter++): null

2019-02-21 16:50:14 - [TEST_STEP][PASSED] - StrB = findTestData("Internal User List").getValue(2, Counter): null

2019-02-21 16:50:14 - [TEST_STEP][PASSED] - if (StrB.equals(StrA)): null

2019-02-21 16:50:14 - [TEST_STEP][PASSED] - (Counter++): null

2019-02-21 16:50:14 - [TEST_STEP][PASSED] - StrB = findTestData("Internal User List").getValue(2, Counter): null

2019-02-21 16:50:14 - [TEST_STEP][PASSED] - if (StrB.equals(StrA)): null

2019-02-21 16:50:14 - [TEST_STEP][PASSED] - (Counter++): null

2019-02-21 16:50:14 - [TEST_STEP][PASSED] - StrB = findTestData("Internal User List").getValue(2, Counter): null

2019-02-21 16:50:14 - [TEST_STEP][PASSED] - if (StrB.equals(StrA)): null

2019-02-21 16:50:14 - [TEST_STEP][PASSED] - (Counter++): null

2019-02-21 16:50:14 - [TEST_STEP][PASSED] - StrB = findTestData("Internal User List").getValue(2, Counter): null

2019-02-21 16:50:14 - [TEST_STEP][PASSED] - if (StrB.equals(StrA)): null

2019-02-21 16:50:14 - [TEST_STEP][PASSED] - (Counter++): null

2019-02-21 16:50:14 - [TEST_STEP][PASSED] - StrB = findTestData("Internal User List").getValue(2, Counter): null

2019-02-21 16:50:14 - [TEST_STEP][PASSED] - if (StrB.equals(StrA)): null

2019-02-21 16:50:14 - [TEST_STEP][PASSED] - (Counter++): null

2019-02-21 16:50:14 - [TEST_STEP][PASSED] - StrB = findTestData("Internal User List").getValue(2, Counter): null

2019-02-21 16:50:14 - [TEST_STEP][PASSED] - if (StrB.equals(StrA)): null

2019-02-21 16:50:14 - [TEST_STEP][PASSED] - (Counter++): null

2019-02-21 16:50:14 - [TEST_STEP][PASSED] - StrB = findTestData("Internal User List").getValue(2, Counter): null

2019-02-21 16:50:14 - [TEST_STEP][PASSED] - if (StrB.equals(StrA)): null

2019-02-21 16:50:15 - [TEST_STEP][PASSED] - (Counter++): null

2019-02-21 16:50:15 - [TEST_STEP][PASSED] - StrB = findTestData("Internal User List").getValue(2, Counter): null

2019-02-21 16:50:15 - [TEST_STEP][PASSED] - if (StrB.equals(StrA)): null

2019-02-21 16:50:15 - [TEST_STEP][PASSED] - (Counter++): null

2019-02-21 16:50:15 - [TEST_STEP][PASSED] - StrB = findTestData("Internal User List").getValue(2, Counter): null

2019-02-21 16:50:15 - [TEST_STEP][PASSED] - if (StrB.equals(StrA)): null

2019-02-21 16:50:15 - [TEST_STEP][PASSED] - (Counter++): null

2019-02-21 16:50:15 - [TEST_STEP][PASSED] - StrB = findTestData("Internal User List").getValue(2, Counter): null

2019-02-21 16:50:15 - [TEST_STEP][PASSED] - if (StrB.equals(StrA)): null

2019-02-21 16:50:15 - [TEST_STEP][PASSED] - (Counter++): null

2019-02-21 16:50:16 - [TEST_STEP][PASSED] - StrB = findTestData("Internal User List").getValue(2, Counter): null

2019-02-21 16:50:16 - [TEST_STEP][PASSED] - if (StrB.equals(StrA)): null

2019-02-21 16:50:16 - [TEST_STEP][PASSED] - (Counter++): null

2019-02-21 16:50:16 - [TEST_STEP][PASSED] - StrB = findTestData("Internal User List").getValue(2, Counter): null

2019-02-21 16:50:16 - [TEST_STEP][PASSED] - if (StrB.equals(StrA)): null

2019-02-21 16:50:16 - [TEST_STEP][PASSED] - (Counter++): null

2019-02-21 16:50:17 - [TEST_STEP][PASSED] - StrB = findTestData("Internal User List").getValue(2, Counter): null

2019-02-21 16:50:17 - [TEST_STEP][PASSED] - if (StrB.equals(StrA)): null

2019-02-21 16:50:17 - [TEST_STEP][PASSED] - (Counter++): null

2019-02-21 16:50:17 - [TEST_STEP][PASSED] - StrB = findTestData("Internal User List").getValue(2, Counter): null

2019-02-21 16:50:17 - [TEST_STEP][PASSED] - if (StrB.equals(StrA)): null

2019-02-21 16:50:17 - [TEST_STEP][PASSED] - (Counter++): null

2019-02-21 16:50:18 - [TEST_STEP][PASSED] - StrB = findTestData("Internal User List").getValue(2, Counter): null

2019-02-21 16:50:18 - [TEST_STEP][PASSED] - if (StrB.equals(StrA)): null

2019-02-21 16:50:18 - [TEST_STEP][PASSED] - (Counter++): null

2019-02-21 16:50:18 - [TEST_STEP][PASSED] - StrB = findTestData("Internal User List").getValue(2, Counter): null

2019-02-21 16:50:18 - [TEST_STEP][PASSED] - if (StrB.equals(StrA)): null

2019-02-21 16:50:18 - [TEST_STEP][PASSED] - (Counter++): null

2019-02-21 16:50:18 - [TEST_STEP][PASSED] - StrB = findTestData("Internal User List").getValue(2, Counter): null

2019-02-21 16:50:18 - [TEST_STEP][PASSED] - if (StrB.equals(StrA)): null

2019-02-21 16:50:18 - [TEST_STEP][PASSED] - (Counter++): null

2019-02-21 16:50:18 - [TEST_STEP][PASSED] - StrB = findTestData("Internal User List").getValue(2, Counter): null

2019-02-21 16:50:18 - [TEST_STEP][PASSED] - if (StrB.equals(StrA)): null

2019-02-21 16:50:18 - [TEST_STEP][PASSED] - (Counter++): null

2019-02-21 16:50:18 - [TEST_STEP][PASSED] - StrB = findTestData("Internal User List").getValue(2, Counter): null

2019-02-21 16:50:18 - [TEST_STEP][PASSED] - if (StrB.equals(StrA)): null

2019-02-21 16:50:18 - [TEST_STEP][PASSED] - (Counter++): null

2019-02-21 16:50:18 - [TEST_STEP][PASSED] - StrB = findTestData("Internal User List").getValue(2, Counter): null

2019-02-21 16:50:19 - [TEST_STEP][PASSED] - if (StrB.equals(StrA)): null

2019-02-21 16:50:19 - [TEST_STEP][PASSED] - (Counter++): null

2019-02-21 16:50:19 - [TEST_STEP][PASSED] - StrB = findTestData("Internal User List").getValue(2, Counter): null

2019-02-21 16:50:19 - [TEST_STEP][PASSED] - if (StrB.equals(StrA)): null

2019-02-21 16:50:19 - [TEST_STEP][PASSED] - (Counter++): null

2019-02-21 16:50:19 - [TEST_STEP][PASSED] - StrB = findTestData("Internal User List").getValue(2, Counter): null

2019-02-21 16:50:19 - [TEST_STEP][PASSED] - if (StrB.equals(StrA)): null

2019-02-21 16:50:19 - [TEST_STEP][PASSED] - (Counter++): null

2019-02-21 16:50:19 - [TEST_STEP][PASSED] - StrB = findTestData("Internal User List").getValue(2, Counter): null

2019-02-21 16:50:19 - [TEST_STEP][PASSED] - if (StrB.equals(StrA)): null

2019-02-21 16:50:19 - [TEST_STEP][PASSED] - (Counter++): null

2019-02-21 16:50:19 - [TEST_STEP][PASSED] - StrB = findTestData("Internal User List").getValue(2, Counter): null

2019-02-21 16:50:19 - [TEST_STEP][PASSED] - if (StrB.equals(StrA)): null

2019-02-21 16:50:20 - [TEST_STEP][PASSED] - (Counter++): null

2019-02-21 16:50:20 - [TEST_STEP][PASSED] - StrB = findTestData("Internal User List").getValue(2, Counter): null

2019-02-21 16:50:20 - [TEST_STEP][PASSED] - if (StrB.equals(StrA)): null

2019-02-21 16:50:20 - [TEST_STEP][PASSED] - (Counter++): null

2019-02-21 16:50:20 - [TEST_STEP][PASSED] - StrB = findTestData("Internal User List").getValue(2, Counter): null

2019-02-21 16:50:20 - [TEST_STEP][PASSED] - if (StrB.equals(StrA)): null

2019-02-21 16:50:20 - [TEST_STEP][PASSED] - (Counter++): null

2019-02-21 16:50:20 - [TEST_STEP][PASSED] - StrB = findTestData("Internal User List").getValue(2, Counter): null

2019-02-21 16:50:20 - [TEST_STEP][PASSED] - if (StrB.equals(StrA)): null

2019-02-21 16:50:20 - [TEST_STEP][PASSED] - (Counter++): null

2019-02-21 16:50:21 - [TEST_STEP][PASSED] - StrB = findTestData("Internal User List").getValue(2, Counter): null

2019-02-21 16:50:21 - [TEST_STEP][PASSED] - if (StrB.equals(StrA)): null

2019-02-21 16:50:21 - [TEST_STEP][PASSED] - (Counter++): null

2019-02-21 16:50:21 - [TEST_STEP][PASSED] - StrB = findTestData("Internal User List").getValue(2, Counter): null

2019-02-21 16:50:21 - [TEST_STEP][PASSED] - if (StrB.equals(StrA)): null

2019-02-21 16:50:21 - [TEST_STEP][PASSED] - (Counter++): null

2019-02-21 16:50:21 - [TEST_STEP][PASSED] - StrB = findTestData("Internal User List").getValue(2, Counter): null

2019-02-21 16:50:21 - [TEST_STEP][PASSED] - if (StrB.equals(StrA)): null

2019-02-21 16:50:21 - [TEST_STEP][PASSED] - (Counter++): null

2019-02-21 16:50:21 - [TEST_STEP][PASSED] - StrB = findTestData("Internal User List").getValue(2, Counter): null

2019-02-21 16:50:21 - [TEST_STEP][PASSED] - if (StrB.equals(StrA)): null

2019-02-21 16:50:21 - [TEST_STEP][PASSED] - (Counter++): null

2019-02-21 16:50:21 - [TEST_STEP][PASSED] - StrB = findTestData("Internal User List").getValue(2, Counter): null

2019-02-21 16:50:21 - [TEST_STEP][PASSED] - if (StrB.equals(StrA)): null

2019-02-21 16:50:21 - [TEST_STEP][PASSED] - (Counter++): null

2019-02-21 16:50:21 - [TEST_STEP][PASSED] - StrB = findTestData("Internal User List").getValue(2, Counter): null

2019-02-21 16:50:21 - [TEST_STEP][PASSED] - if (StrB.equals(StrA)): null

2019-02-21 16:50:21 - [TEST_STEP][PASSED] - (Counter++): null

2019-02-21 16:50:21 - [TEST_STEP][PASSED] - StrB = findTestData("Internal User List").getValue(2, Counter): null

2019-02-21 16:50:21 - [TEST_STEP][PASSED] - if (StrB.equals(StrA)): null

2019-02-21 16:50:22 - [TEST_STEP][PASSED] - (Counter++): null

2019-02-21 16:50:22 - [TEST_STEP][PASSED] - StrB = findTestData("Internal User List").getValue(2, Counter): null

2019-02-21 16:50:22 - [TEST_STEP][PASSED] - if (StrB.equals(StrA)): null

2019-02-21 16:50:22 - [TEST_STEP][PASSED] - (Counter++): null

2019-02-21 16:50:22 - [TEST_STEP][PASSED] - StrB = findTestData("Internal User List").getValue(2, Counter): null

2019-02-21 16:50:22 - [TEST_STEP][PASSED] - if (StrB.equals(StrA)): null

2019-02-21 16:50:22 - [TEST_STEP][PASSED] - (Counter++): null

2019-02-21 16:50:22 - [TEST_STEP][PASSED] - StrB = findTestData("Internal User List").getValue(2, Counter): null

2019-02-21 16:50:22 - [TEST_STEP][PASSED] - if (StrB.equals(StrA)): null

2019-02-21 16:50:22 - [TEST_STEP][PASSED] - (Counter++): null

2019-02-21 16:50:22 - [TEST_STEP][PASSED] - StrB = findTestData("Internal User List").getValue(2, Counter): null

2019-02-21 16:50:22 - [TEST_STEP][PASSED] - if (StrB.equals(StrA)): null

2019-02-21 16:50:22 - [TEST_STEP][PASSED] - (Counter++): null

2019-02-21 16:50:23 - [TEST_STEP][PASSED] - StrB = findTestData("Internal User List").getValue(2, Counter): null

2019-02-21 16:50:23 - [TEST_STEP][PASSED] - if (StrB.equals(StrA)): null

2019-02-21 16:50:23 - [TEST_STEP][PASSED] - (Counter++): null

2019-02-21 16:50:23 - [TEST_STEP][PASSED] - StrB = findTestData("Internal User List").getValue(2, Counter): null

2019-02-21 16:50:23 - [TEST_STEP][PASSED] - if (StrB.equals(StrA)): null

2019-02-21 16:50:23 - [TEST_STEP][PASSED] - (Counter++): null

2019-02-21 16:50:23 - [TEST_STEP][PASSED] - StrB = findTestData("Internal User List").getValue(2, Counter): null

2019-02-21 16:50:23 - [TEST_STEP][PASSED] - if (StrB.equals(StrA)): null

2019-02-21 16:50:23 - [TEST_STEP][PASSED] - (Counter++): null

2019-02-21 16:50:23 - [TEST_STEP][PASSED] - StrB = findTestData("Internal User List").getValue(2, Counter): null

2019-02-21 16:50:23 - [TEST_STEP][PASSED] - if (StrB.equals(StrA)): null

2019-02-21 16:50:23 - [TEST_STEP][PASSED] - (Counter++): null

2019-02-21 16:50:23 - [TEST_STEP][PASSED] - StrB = findTestData("Internal User List").getValue(2, Counter): null

2019-02-21 16:50:23 - [TEST_STEP][PASSED] - if (StrB.equals(StrA)): null

2019-02-21 16:50:23 - [TEST_STEP][PASSED] - (Counter++): null

2019-02-21 16:50:23 - [TEST_STEP][PASSED] - StrB = findTestData("Internal User List").getValue(2, Counter): null

2019-02-21 16:50:23 - [TEST_STEP][PASSED] - if (StrB.equals(StrA)): null

2019-02-21 16:50:23 - [TEST_STEP][PASSED] - (Counter++): null

2019-02-21 16:50:24 - [TEST_STEP][PASSED] - StrB = findTestData("Internal User List").getValue(2, Counter): null

2019-02-21 16:50:24 - [TEST_STEP][PASSED] - if (StrB.equals(StrA)): null

2019-02-21 16:50:24 - [TEST_STEP][PASSED] - (Counter++): null

2019-02-21 16:50:24 - [MESSAGE][PASSED] - Call Test Case 'Test Cases/All TC/Arranged/1. Common/Internal Email Finder' successfully

2019-02-21 16:50:24 - [TEST_STEP][PASSED] - setText(findTestObject("KinJun/3.0 JSA Application/EIO Internal Login - JSA Application - Approve/Page_PERKESO/Input username"), InternalEmail): Text '' is set on object 'Object Repository/KinJun/3.0 JSA Application/EIO Internal Login - JSA Application - Approve/Page_PERKESO/Input username'

2019-02-21 16:50:24 - [MESSAGE][PASSED] - Text '' is set on object 'Object Repository/KinJun/3.0 JSA Application/EIO Internal Login - JSA Application - Approve/Page_PERKESO/Input username'

2019-02-21 16:50:24 - [TEST_STEP][PASSED] - setEncryptedText(findTestObject("KinJun/3.0 JSA Application/EIO Internal Login - JSA Application - Approve/Page_PERKESO/Input password"), "CQqwFZlbeC8="): Text ****** has been set on object 'Object Repository/KinJun/3.0 JSA Application/EIO Internal Login - JSA Application - Approve/Page_PERKESO/Input password'

2019-02-21 16:50:24 - [MESSAGE][PASSED] - Text ****** has been set on object 'Object Repository/KinJun/3.0 JSA Application/EIO Internal Login - JSA Application - Approve/Page_PERKESO/Input password'

2019-02-21 16:50:24 - [TEST_STEP][PASSED] - click(findTestObject("KinJun/3.0 JSA Application/EIO Internal Login - JSA Application - Approve/Page_PERKESO/btn Login")): Object: 'Object Repository/KinJun/3.0 JSA Application/EIO Internal Login - JSA Application - Approve/Page_PERKESO/btn Login' is clicked on

2019-02-21 16:50:25 - [MESSAGE][PASSED] - Object: 'Object Repository/KinJun/3.0 JSA Application/EIO Internal Login - JSA Application - Approve/Page_PERKESO/btn Login' is clicked on

2019-02-21 16:50:25 - [TEST_STEP][PASSED] - delay(3): Delayed 3 second(s)

2019-02-21 16:50:28 - [MESSAGE][PASSED] - Delayed 3 second(s)

2019-02-21 16:50:28 - [TEST_STEP][FAILED] - click(findTestObject("KinJun/3.0 JSA Application/EIO Internal Login - JSA Application - Approve/Page_PERKESO/Click Workbasket")): click(findTestObject("KinJun/3.0 JSA Application/EIO Internal Login - JSA Application - Approve/Page_PERKESO/Click Workbasket")) FAILED.
Reason:
com.kms.katalon.core.exception.StepFailedException: Unable to click on object 'Object Repository/KinJun/3.0 JSA Application/EIO Internal Login - JSA Application - Approve/Page_PERKESO/Click Workbasket' (Root cause: com.kms.katalon.core.webui.exception.WebElementNotFoundException: Web element with id: 'Object Repository/KinJun/3.0 JSA Application/EIO Internal Login - JSA Application - Approve/Page_PERKESO/Click Workbasket' located by 'By.xpath: //a[@href = '/eisportal/user/internal/taskinbox' and (text() = 'PETI MASUK TUGAS' or . = 'PETI MASUK TUGAS')]' not found)
	at com.kms.katalon.core.keyword.internal.KeywordMain.stepFailed(KeywordMain.groovy:36)
	at com.kms.katalon.core.webui.keyword.internal.WebUIKeywordMain.stepFailed(WebUIKeywordMain.groovy:65)
	at com.kms.katalon.core.webui.keyword.internal.WebUIKeywordMain.runKeyword(WebUIKeywordMain.groovy:27)
	at com.kms.katalon.core.webui.keyword.builtin.ClickKeyword.click(ClickKeyword.groovy:86)
	at com.kms.katalon.core.webui.keyword.builtin.ClickKeyword.execute(ClickKeyword.groovy:67)
	at com.kms.katalon.core.keyword.internal.KeywordExecutor.executeKeywordForPlatform(KeywordExecutor.groovy:53)
	at com.kms.katalon.core.webui.keyword.WebUiBuiltInKeywords.click(WebUiBuiltInKeywords.groovy:616)
	at com.kms.katalon.core.webui.keyword.WebUiBuiltInKeywords$click$3.call(Unknown Source)
	at EIO Internal Login - JSA Application - Approve.run(EIO Internal Login - JSA Application - Approve:32)
	at com.kms.katalon.core.main.ScriptEngine.run(ScriptEngine.java:194)
	at com.kms.katalon.core.main.ScriptEngine.runScriptAsRawText(ScriptEngine.java:119)
	at com.kms.katalon.core.main.TestCaseExecutor.runScript(TestCaseExecutor.java:328)
	at com.kms.katalon.core.main.TestCaseExecutor.doExecute(TestCaseExecutor.java:319)
	at com.kms.katalon.core.main.TestCaseExecutor.processExecutionPhase(TestCaseExecutor.java:298)
	at com.kms.katalon.core.main.TestCaseExecutor.accessMainPhase(TestCaseExecutor.java:290)
	at com.kms.katalon.core.main.TestCaseExecutor.execute(TestCaseExecutor.java:224)
	at com.kms.katalon.core.main.TestCaseMain.runTestCase(TestCaseMain.java:106)
	at com.kms.katalon.core.keyword.builtin.CallTestCaseKeyword$_callTestCase_closure1.doCall(CallTestCaseKeyword.groovy:59)
	at com.kms.katalon.core.keyword.builtin.CallTestCaseKeyword$_callTestCase_closure1.call(CallTestCaseKeyword.groovy)
	at com.kms.katalon.core.keyword.internal.KeywordMain.runKeyword(KeywordMain.groovy:54)
	at com.kms.katalon.core.keyword.builtin.CallTestCaseKeyword.callTestCase(CallTestCaseKeyword.groovy:80)
	at com.kms.katalon.core.keyword.builtin.CallTestCaseKeyword.execute(CallTestCaseKeyword.groovy:44)
	at com.kms.katalon.core.keyword.internal.KeywordExecutor.executeKeywordForPlatform(KeywordExecutor.groovy:53)
	at com.kms.katalon.core.keyword.BuiltinKeywords.callTestCase(BuiltinKeywords.groovy:334)
	at Submit Form 7 (General) - Case Reassignment Same Branch SEIO.run(Submit Form 7 (General) - Case Reassignment Same Branch SEIO:22)
	at com.kms.katalon.core.main.ScriptEngine.run(ScriptEngine.java:194)
	at com.kms.katalon.core.main.ScriptEngine.runScriptAsRawText(ScriptEngine.java:119)
	at com.kms.katalon.core.main.TestCaseExecutor.runScript(TestCaseExecutor.java:328)
	at com.kms.katalon.core.main.TestCaseExecutor.doExecute(TestCaseExecutor.java:319)
	at com.kms.katalon.core.main.TestCaseExecutor.processExecutionPhase(TestCaseExecutor.java:298)
	at com.kms.katalon.core.main.TestCaseExecutor.accessMainPhase(TestCaseExecutor.java:290)
	at com.kms.katalon.core.main.TestCaseExecutor.execute(TestCaseExecutor.java:224)
	at com.kms.katalon.core.main.TestSuiteExecutor.accessTestCaseMainPhase(TestSuiteExecutor.java:129)
	at com.kms.katalon.core.main.TestSuiteExecutor.accessTestSuiteMainPhase(TestSuiteExecutor.java:112)
	at com.kms.katalon.core.main.TestSuiteExecutor.execute(TestSuiteExecutor.java:81)
	at com.kms.katalon.core.main.TestCaseMain.startTestSuite(TestCaseMain.java:149)
	at com.kms.katalon.core.main.TestCaseMain$startTestSuite$0.call(Unknown Source)
	at TempTestSuite1550738418733.run(TempTestSuite1550738418733.groovy:36)


2019-02-21 16:50:59 - [MESSAGE][INFO] - Unable to find the element located by 'By.xpath: //a[@href = '/eisportal/user/internal/taskinbox' and (text() = 'PETI MASUK TUGAS' or . = 'PETI MASUK TUGAS')]'. Please recheck the objects properties to make sure the desired element is located. 

2019-02-21 16:51:00 - [MESSAGE][FAILED] - Unable to click on object 'Object Repository/KinJun/3.0 JSA Application/EIO Internal Login - JSA Application - Approve/Page_PERKESO/Click Workbasket' (Root cause: com.kms.katalon.core.webui.exception.WebElementNotFoundException: Web element with id: 'Object Repository/KinJun/3.0 JSA Application/EIO Internal Login - JSA Application - Approve/Page_PERKESO/Click Workbasket' located by 'By.xpath: //a[@href = '/eisportal/user/internal/taskinbox' and (text() = 'PETI MASUK TUGAS' or . = 'PETI MASUK TUGAS')]' not found)
[[ATTACHMENT|C:\\Users\\Admin\\Documents\\GitHub\\PKSKatalon\\PKS-EI-ES\\Reports\\New Test Suite\\20190221_164018\\1550739059510.png]]

2019-02-21 16:51:00 - [MESSAGE][FAILED] - click(findTestObject("KinJun/3.0 JSA Application/EIO Internal Login - JSA Application - Approve/Page_PERKESO/Click Workbasket")) FAILED.
Reason:
com.kms.katalon.core.exception.StepFailedException: Unable to click on object 'Object Repository/KinJun/3.0 JSA Application/EIO Internal Login - JSA Application - Approve/Page_PERKESO/Click Workbasket' (Root cause: com.kms.katalon.core.webui.exception.WebElementNotFoundException: Web element with id: 'Object Repository/KinJun/3.0 JSA Application/EIO Internal Login - JSA Application - Approve/Page_PERKESO/Click Workbasket' located by 'By.xpath: //a[@href = '/eisportal/user/internal/taskinbox' and (text() = 'PETI MASUK TUGAS' or . = 'PETI MASUK TUGAS')]' not found)
	at com.kms.katalon.core.keyword.internal.KeywordMain.stepFailed(KeywordMain.groovy:36)
	at com.kms.katalon.core.webui.keyword.internal.WebUIKeywordMain.stepFailed(WebUIKeywordMain.groovy:65)
	at com.kms.katalon.core.webui.keyword.internal.WebUIKeywordMain.runKeyword(WebUIKeywordMain.groovy:27)
	at com.kms.katalon.core.webui.keyword.builtin.ClickKeyword.click(ClickKeyword.groovy:86)
	at com.kms.katalon.core.webui.keyword.builtin.ClickKeyword.execute(ClickKeyword.groovy:67)
	at com.kms.katalon.core.keyword.internal.KeywordExecutor.executeKeywordForPlatform(KeywordExecutor.groovy:53)
	at com.kms.katalon.core.webui.keyword.WebUiBuiltInKeywords.click(WebUiBuiltInKeywords.groovy:616)
	at com.kms.katalon.core.webui.keyword.WebUiBuiltInKeywords$click$3.call(Unknown Source)
	at EIO Internal Login - JSA Application - Approve.run(EIO Internal Login - JSA Application - Approve:32)
	at com.kms.katalon.core.main.ScriptEngine.run(ScriptEngine.java:194)
	at com.kms.katalon.core.main.ScriptEngine.runScriptAsRawText(ScriptEngine.java:119)
	at com.kms.katalon.core.main.TestCaseExecutor.runScript(TestCaseExecutor.java:328)
	at com.kms.katalon.core.main.TestCaseExecutor.doExecute(TestCaseExecutor.java:319)
	at com.kms.katalon.core.main.TestCaseExecutor.processExecutionPhase(TestCaseExecutor.java:298)
	at com.kms.katalon.core.main.TestCaseExecutor.accessMainPhase(TestCaseExecutor.java:290)
	at com.kms.katalon.core.main.TestCaseExecutor.execute(TestCaseExecutor.java:224)
	at com.kms.katalon.core.main.TestCaseMain.runTestCase(TestCaseMain.java:106)
	at com.kms.katalon.core.keyword.builtin.CallTestCaseKeyword$_callTestCase_closure1.doCall(CallTestCaseKeyword.groovy:59)
	at com.kms.katalon.core.keyword.builtin.CallTestCaseKeyword$_callTestCase_closure1.call(CallTestCaseKeyword.groovy)
	at com.kms.katalon.core.keyword.internal.KeywordMain.runKeyword(KeywordMain.groovy:54)
	at com.kms.katalon.core.keyword.builtin.CallTestCaseKeyword.callTestCase(CallTestCaseKeyword.groovy:80)
	at com.kms.katalon.core.keyword.builtin.CallTestCaseKeyword.execute(CallTestCaseKeyword.groovy:44)
	at com.kms.katalon.core.keyword.internal.KeywordExecutor.executeKeywordForPlatform(KeywordExecutor.groovy:53)
	at com.kms.katalon.core.keyword.BuiltinKeywords.callTestCase(BuiltinKeywords.groovy:334)
	at Submit Form 7 (General) - Case Reassignment Same Branch SEIO.run(Submit Form 7 (General) - Case Reassignment Same Branch SEIO:22)
	at com.kms.katalon.core.main.ScriptEngine.run(ScriptEngine.java:194)
	at com.kms.katalon.core.main.ScriptEngine.runScriptAsRawText(ScriptEngine.java:119)
	at com.kms.katalon.core.main.TestCaseExecutor.runScript(TestCaseExecutor.java:328)
	at com.kms.katalon.core.main.TestCaseExecutor.doExecute(TestCaseExecutor.java:319)
	at com.kms.katalon.core.main.TestCaseExecutor.processExecutionPhase(TestCaseExecutor.java:298)
	at com.kms.katalon.core.main.TestCaseExecutor.accessMainPhase(TestCaseExecutor.java:290)
	at com.kms.katalon.core.main.TestCaseExecutor.execute(TestCaseExecutor.java:224)
	at com.kms.katalon.core.main.TestSuiteExecutor.accessTestCaseMainPhase(TestSuiteExecutor.java:129)
	at com.kms.katalon.core.main.TestSuiteExecutor.accessTestSuiteMainPhase(TestSuiteExecutor.java:112)
	at com.kms.katalon.core.main.TestSuiteExecutor.execute(TestSuiteExecutor.java:81)
	at com.kms.katalon.core.main.TestCaseMain.startTestSuite(TestCaseMain.java:149)
	at com.kms.katalon.core.main.TestCaseMain$startTestSuite$0.call(Unknown Source)
	at TempTestSuite1550738418733.run(TempTestSuite1550738418733.groovy:36)


2019-02-21 16:51:00 - [MESSAGE][FAILED] - Unable to call Test Case 'Test Cases/All TC/Arranged/2. Segment/2.3 JSA Application/EIO Internal Login - JSA Application - Approve' (Root cause: com.kms.katalon.core.exception.StepFailedException: Call Test Case 'Test Cases/All TC/Arranged/2. Segment/2.3 JSA Application/EIO Internal Login - JSA Application - Approve' failed)

2019-02-21 16:51:00 - [MESSAGE][FAILED] - callTestCase(findTestCase("All TC/Arranged/2. Segment/2.3 JSA Application/EIO Internal Login - JSA Application - Approve"), [:], STOP_ON_FAILURE) FAILED.
Reason:
com.kms.katalon.core.exception.StepFailedException: Unable to click on object 'Object Repository/KinJun/3.0 JSA Application/EIO Internal Login - JSA Application - Approve/Page_PERKESO/Click Workbasket' (Root cause: com.kms.katalon.core.webui.exception.WebElementNotFoundException: Web element with id: 'Object Repository/KinJun/3.0 JSA Application/EIO Internal Login - JSA Application - Approve/Page_PERKESO/Click Workbasket' located by 'By.xpath: //a[@href = '/eisportal/user/internal/taskinbox' and (text() = 'PETI MASUK TUGAS' or . = 'PETI MASUK TUGAS')]' not found)
	at com.kms.katalon.core.keyword.internal.KeywordMain.stepFailed(KeywordMain.groovy:36)
	at com.kms.katalon.core.webui.keyword.internal.WebUIKeywordMain.stepFailed(WebUIKeywordMain.groovy:65)
	at com.kms.katalon.core.webui.keyword.internal.WebUIKeywordMain.runKeyword(WebUIKeywordMain.groovy:27)
	at com.kms.katalon.core.webui.keyword.builtin.ClickKeyword.click(ClickKeyword.groovy:86)
	at com.kms.katalon.core.webui.keyword.builtin.ClickKeyword.execute(ClickKeyword.groovy:67)
	at com.kms.katalon.core.keyword.internal.KeywordExecutor.executeKeywordForPlatform(KeywordExecutor.groovy:53)
	at com.kms.katalon.core.webui.keyword.WebUiBuiltInKeywords.click(WebUiBuiltInKeywords.groovy:616)
	at com.kms.katalon.core.webui.keyword.WebUiBuiltInKeywords$click$3.call(Unknown Source)
	at EIO Internal Login - JSA Application - Approve.run(EIO Internal Login - JSA Application - Approve:32)
	at com.kms.katalon.core.main.ScriptEngine.run(ScriptEngine.java:194)
	at com.kms.katalon.core.main.ScriptEngine.runScriptAsRawText(ScriptEngine.java:119)
	at com.kms.katalon.core.main.TestCaseExecutor.runScript(TestCaseExecutor.java:328)
	at com.kms.katalon.core.main.TestCaseExecutor.doExecute(TestCaseExecutor.java:319)
	at com.kms.katalon.core.main.TestCaseExecutor.processExecutionPhase(TestCaseExecutor.java:298)
	at com.kms.katalon.core.main.TestCaseExecutor.accessMainPhase(TestCaseExecutor.java:290)
	at com.kms.katalon.core.main.TestCaseExecutor.execute(TestCaseExecutor.java:224)
	at com.kms.katalon.core.main.TestCaseMain.runTestCase(TestCaseMain.java:106)
	at com.kms.katalon.core.keyword.builtin.CallTestCaseKeyword$_callTestCase_closure1.doCall(CallTestCaseKeyword.groovy:59)
	at com.kms.katalon.core.keyword.builtin.CallTestCaseKeyword$_callTestCase_closure1.call(CallTestCaseKeyword.groovy)
	at com.kms.katalon.core.keyword.internal.KeywordMain.runKeyword(KeywordMain.groovy:54)
	at com.kms.katalon.core.keyword.builtin.CallTestCaseKeyword.callTestCase(CallTestCaseKeyword.groovy:80)
	at com.kms.katalon.core.keyword.builtin.CallTestCaseKeyword.execute(CallTestCaseKeyword.groovy:44)
	at com.kms.katalon.core.keyword.internal.KeywordExecutor.executeKeywordForPlatform(KeywordExecutor.groovy:53)
	at com.kms.katalon.core.keyword.BuiltinKeywords.callTestCase(BuiltinKeywords.groovy:334)
	at Submit Form 7 (General) - Case Reassignment Same Branch SEIO.run(Submit Form 7 (General) - Case Reassignment Same Branch SEIO:22)
	at com.kms.katalon.core.main.ScriptEngine.run(ScriptEngine.java:194)
	at com.kms.katalon.core.main.ScriptEngine.runScriptAsRawText(ScriptEngine.java:119)
	at com.kms.katalon.core.main.TestCaseExecutor.runScript(TestCaseExecutor.java:328)
	at com.kms.katalon.core.main.TestCaseExecutor.doExecute(TestCaseExecutor.java:319)
	at com.kms.katalon.core.main.TestCaseExecutor.processExecutionPhase(TestCaseExecutor.java:298)
	at com.kms.katalon.core.main.TestCaseExecutor.accessMainPhase(TestCaseExecutor.java:290)
	at com.kms.katalon.core.main.TestCaseExecutor.execute(TestCaseExecutor.java:224)
	at com.kms.katalon.core.main.TestSuiteExecutor.accessTestCaseMainPhase(TestSuiteExecutor.java:129)
	at com.kms.katalon.core.main.TestSuiteExecutor.accessTestSuiteMainPhase(TestSuiteExecutor.java:112)
	at com.kms.katalon.core.main.TestSuiteExecutor.execute(TestSuiteExecutor.java:81)
	at com.kms.katalon.core.main.TestCaseMain.startTestSuite(TestCaseMain.java:149)
	at com.kms.katalon.core.main.TestCaseMain$startTestSuite$0.call(Unknown Source)
	at TempTestSuite1550738418733.run(TempTestSuite1550738418733.groovy:36)]]></system-out>
         <system-err><![CDATA[2019-02-21 16:43:19 - [TEST_CASE][FAILED] - Test Cases/All TC/Arranged/0. Full Flow/Submit Form 7 (General) - Case Reassignment Same Branch SEIO: Test Cases/All TC/Arranged/0. Full Flow/Submit Form 7 (General) - Case Reassignment Same Branch SEIO FAILED.
Reason:
com.kms.katalon.core.exception.StepFailedException: Unable to click on object 'Object Repository/KinJun/3.0 JSA Application/EIO Internal Login - JSA Application - Approve/Page_PERKESO/Click Workbasket' (Root cause: com.kms.katalon.core.webui.exception.WebElementNotFoundException: Web element with id: 'Object Repository/KinJun/3.0 JSA Application/EIO Internal Login - JSA Application - Approve/Page_PERKESO/Click Workbasket' located by 'By.xpath: //a[@href = '/eisportal/user/internal/taskinbox' and (text() = 'PETI MASUK TUGAS' or . = 'PETI MASUK TUGAS')]' not found)
	at com.kms.katalon.core.keyword.internal.KeywordMain.stepFailed(KeywordMain.groovy:36)
	at com.kms.katalon.core.webui.keyword.internal.WebUIKeywordMain.stepFailed(WebUIKeywordMain.groovy:65)
	at com.kms.katalon.core.webui.keyword.internal.WebUIKeywordMain.runKeyword(WebUIKeywordMain.groovy:27)
	at com.kms.katalon.core.webui.keyword.builtin.ClickKeyword.click(ClickKeyword.groovy:86)
	at com.kms.katalon.core.webui.keyword.builtin.ClickKeyword.execute(ClickKeyword.groovy:67)
	at com.kms.katalon.core.keyword.internal.KeywordExecutor.executeKeywordForPlatform(KeywordExecutor.groovy:53)
	at com.kms.katalon.core.webui.keyword.WebUiBuiltInKeywords.click(WebUiBuiltInKeywords.groovy:616)
	at com.kms.katalon.core.webui.keyword.WebUiBuiltInKeywords$click$3.call(Unknown Source)
	at EIO Internal Login - JSA Application - Approve.run(EIO Internal Login - JSA Application - Approve:32)
	at com.kms.katalon.core.main.ScriptEngine.run(ScriptEngine.java:194)
	at com.kms.katalon.core.main.ScriptEngine.runScriptAsRawText(ScriptEngine.java:119)
	at com.kms.katalon.core.main.TestCaseExecutor.runScript(TestCaseExecutor.java:328)
	at com.kms.katalon.core.main.TestCaseExecutor.doExecute(TestCaseExecutor.java:319)
	at com.kms.katalon.core.main.TestCaseExecutor.processExecutionPhase(TestCaseExecutor.java:298)
	at com.kms.katalon.core.main.TestCaseExecutor.accessMainPhase(TestCaseExecutor.java:290)
	at com.kms.katalon.core.main.TestCaseExecutor.execute(TestCaseExecutor.java:224)
	at com.kms.katalon.core.main.TestCaseMain.runTestCase(TestCaseMain.java:106)
	at com.kms.katalon.core.keyword.builtin.CallTestCaseKeyword$_callTestCase_closure1.doCall(CallTestCaseKeyword.groovy:59)
	at com.kms.katalon.core.keyword.builtin.CallTestCaseKeyword$_callTestCase_closure1.call(CallTestCaseKeyword.groovy)
	at com.kms.katalon.core.keyword.internal.KeywordMain.runKeyword(KeywordMain.groovy:54)
	at com.kms.katalon.core.keyword.builtin.CallTestCaseKeyword.callTestCase(CallTestCaseKeyword.groovy:80)
	at com.kms.katalon.core.keyword.builtin.CallTestCaseKeyword.execute(CallTestCaseKeyword.groovy:44)
	at com.kms.katalon.core.keyword.internal.KeywordExecutor.executeKeywordForPlatform(KeywordExecutor.groovy:53)
	at com.kms.katalon.core.keyword.BuiltinKeywords.callTestCase(BuiltinKeywords.groovy:334)
	at Submit Form 7 (General) - Case Reassignment Same Branch SEIO.run(Submit Form 7 (General) - Case Reassignment Same Branch SEIO:22)
	at com.kms.katalon.core.main.ScriptEngine.run(ScriptEngine.java:194)
	at com.kms.katalon.core.main.ScriptEngine.runScriptAsRawText(ScriptEngine.java:119)
	at com.kms.katalon.core.main.TestCaseExecutor.runScript(TestCaseExecutor.java:328)
	at com.kms.katalon.core.main.TestCaseExecutor.doExecute(TestCaseExecutor.java:319)
	at com.kms.katalon.core.main.TestCaseExecutor.processExecutionPhase(TestCaseExecutor.java:298)
	at com.kms.katalon.core.main.TestCaseExecutor.accessMainPhase(TestCaseExecutor.java:290)
	at com.kms.katalon.core.main.TestCaseExecutor.execute(TestCaseExecutor.java:224)
	at com.kms.katalon.core.main.TestSuiteExecutor.accessTestCaseMainPhase(TestSuiteExecutor.java:129)
	at com.kms.katalon.core.main.TestSuiteExecutor.accessTestSuiteMainPhase(TestSuiteExecutor.java:112)
	at com.kms.katalon.core.main.TestSuiteExecutor.execute(TestSuiteExecutor.java:81)
	at com.kms.katalon.core.main.TestCaseMain.startTestSuite(TestCaseMain.java:149)
	at com.kms.katalon.core.main.TestCaseMain$startTestSuite$0.call(Unknown Source)
	at TempTestSuite1550738418733.run(TempTestSuite1550738418733.groovy:36)]]></system-err>
      </testcase>
      <testcase name="Test Cases/All TC/Arranged/0. Full Flow/Submit Form 7 (General) - Case Reassignment Same Branch EIO" classname="Test Cases/All TC/Arranged/0. Full Flow/Submit Form 7 (General) - Case Reassignment Same Branch EIO" status="PASSED">
         <system-out><![CDATA[2019-02-21 16:51:01 - [TEST_CASE][PASSED] - Test Cases/All TC/Arranged/0. Full Flow/Submit Form 7 (General) - Case Reassignment Same Branch EIO: Test Cases/All TC/Arranged/0. Full Flow/Submit Form 7 (General) - Case Reassignment Same Branch EIO

2019-02-21 16:51:01 - [TEST_STEP][PASSED] - callTestCase(findTestCase("All TC/Arranged/2. Segment/GN_Submit Form 7_End to End"), [:], STOP_ON_FAILURE): Call Test Case 'Test Cases/All TC/Arranged/2. Segment/GN_Submit Form 7_End to End' successfully

2019-02-21 16:51:01 - [TEST_CASE][PASSED] - Test Cases/All TC/Arranged/2. Segment/GN_Submit Form 7_End to End: Test Cases/All TC/Arranged/2. Segment/GN_Submit Form 7_End to End

2019-02-21 16:51:01 - [TEST_STEP][PASSED] - callTestCase(findTestCase("All TC/Arranged/3. Unit/EI/GN submit form 7/GN_Application_Reg"), [:], STOP_ON_FAILURE): Call Test Case 'Test Cases/All TC/Arranged/3. Unit/EI/GN submit form 7/GN_Application_Reg' successfully

2019-02-21 16:51:01 - [TEST_CASE][PASSED] - Test Cases/All TC/Arranged/3. Unit/EI/GN submit form 7/GN_Application_Reg: Test Cases/All TC/Arranged/3. Unit/EI/GN submit form 7/GN_Application_Reg

2019-02-21 16:51:01 - [TEST_STEP][PASSED] - openBrowser(""): Browser is opened with url: ''

2019-02-21 16:51:01 - [MESSAGE][WARNING] - A browser is already opened. Closing browser and opening a new one

2019-02-21 16:51:02 - [MESSAGE][INFO] - Starting 'Chrome' driver

2019-02-21 16:51:02 - [MESSAGE][INFO] - User set preference: ['args', '[--start-maximized]']

2019-02-21 16:51:04 - [MESSAGE][PASSED] - Browser is opened with url: ''

2019-02-21 16:51:04 - [TEST_STEP][PASSED] - navigateToUrl(General_Login): Navigate to 'http://10.20.24.188/eisportal/insured/appl/instruction' successfully

2019-02-21 16:51:05 - [MESSAGE][PASSED] - Navigate to 'http://10.20.24.188/eisportal/insured/appl/instruction' successfully

2019-02-21 16:51:05 - [TEST_STEP][PASSED] - click(findTestObject("ZhiHao/General_User_Submit_form 7/GN_Application_Reg/Page_PERKESO/button_Setuju")): Object: 'Object Repository/ZhiHao/General_User_Submit_form 7/GN_Application_Reg/Page_PERKESO/button_Setuju' is clicked on

2019-02-21 16:51:06 - [MESSAGE][PASSED] - Object: 'Object Repository/ZhiHao/General_User_Submit_form 7/GN_Application_Reg/Page_PERKESO/button_Setuju' is clicked on

2019-02-21 16:51:06 - [TEST_STEP][PASSED] - callTestCase(findTestCase("All TC/Arranged/1. Common/IC List Checker"), [:], STOP_ON_FAILURE): Call Test Case 'Test Cases/All TC/Arranged/1. Common/IC List Checker' successfully

2019-02-21 16:51:06 - [TEST_CASE][PASSED] - Test Cases/All TC/Arranged/1. Common/IC List Checker: Test Cases/All TC/Arranged/1. Common/IC List Checker

2019-02-21 16:51:06 - [TEST_STEP][PASSED] - counter = 0: null

2019-02-21 16:51:06 - [TEST_STEP][PASSED] - fis = new java.io.FileInputStream((internal.GlobalVariable.TextFilePathCommon + \IC.xlsx)): null

2019-02-21 16:51:06 - [TEST_STEP][PASSED] - workbook = new org.apache.poi.xssf.usermodel.XSSFWorkbook(fis): null

2019-02-21 16:51:06 - [TEST_STEP][PASSED] - sheet = workbook.getSheet("Sheet1"): null

2019-02-21 16:51:06 - [TEST_STEP][PASSED] - totalRow = sheet.getLastRowNum(): null

2019-02-21 16:51:06 - [TEST_STEP][PASSED] - out.println(totalRow): null

2019-02-21 16:51:06 - [TEST_STEP][PASSED] - row = sheet.getRow(counter): null

2019-02-21 16:51:06 - [TEST_STEP][PASSED] - cell = row.getCell(counter): null

2019-02-21 16:51:06 - [TEST_STEP][PASSED] - a = cell.getStringCellValue(): null

2019-02-21 16:51:06 - [TEST_STEP][PASSED] - IC = a: null

2019-02-21 16:51:06 - [TEST_STEP][PASSED] - out.println(IC): null

2019-02-21 16:51:06 - [TEST_STEP][PASSED] - callTestCase(findTestCase("All TC/Arranged/1. Common/1.2 Setter/Setter IC"), [:], STOP_ON_FAILURE): Call Test Case 'Test Cases/All TC/Arranged/1. Common/1.2 Setter/Setter IC' successfully

2019-02-21 16:51:06 - [TEST_CASE][PASSED] - Test Cases/All TC/Arranged/1. Common/1.2 Setter/Setter IC: Test Cases/All TC/Arranged/1. Common/1.2 Setter/Setter IC

2019-02-21 16:51:06 - [TEST_STEP][PASSED] - RefNoOldFile = new java.io.File((internal.GlobalVariable.TextFilePathCommon + \getIC.txt)): null

2019-02-21 16:51:06 - [TEST_STEP][PASSED] - RefNoOldFile.delete(): null

2019-02-21 16:51:06 - [TEST_STEP][PASSED] - delay(5): Delayed 5 second(s)

2019-02-21 16:51:11 - [MESSAGE][PASSED] - Delayed 5 second(s)

2019-02-21 16:51:11 - [TEST_STEP][PASSED] - RefNo = new java.io.File((internal.GlobalVariable.TextFilePathCommon + \getIC.txt)): null

2019-02-21 16:51:11 - [TEST_STEP][PASSED] - f2 = new java.io.FileWriter(RefNo, false): null

2019-02-21 16:51:11 - [TEST_STEP][PASSED] - f2.write(IC): null

2019-02-21 16:51:11 - [TEST_STEP][PASSED] - f2.close(): null

2019-02-21 16:51:11 - [TEST_STEP][PASSED] - out.println("


" + IC + "


"): null

2019-02-21 16:51:11 - [MESSAGE][PASSED] - Call Test Case 'Test Cases/All TC/Arranged/1. Common/1.2 Setter/Setter IC' successfully

2019-02-21 16:51:11 - [MESSAGE][PASSED] - Call Test Case 'Test Cases/All TC/Arranged/1. Common/IC List Checker' successfully

2019-02-21 16:51:11 - [TEST_STEP][PASSED] - setText(findTestObject("ZhiHao/General_User_Submit_form 7/GN_Application_Reg/Page_PERKESO/input_No. Kad Pengenalan"), IC): Text '900130085094' is set on object 'Object Repository/ZhiHao/General_User_Submit_form 7/GN_Application_Reg/Page_PERKESO/input_No. Kad Pengenalan'

2019-02-21 16:51:11 - [MESSAGE][PASSED] - Text '900130085094' is set on object 'Object Repository/ZhiHao/General_User_Submit_form 7/GN_Application_Reg/Page_PERKESO/input_No. Kad Pengenalan'

2019-02-21 16:51:11 - [TEST_STEP][PASSED] - click(findTestObject("ZhiHao/General_User_Submit_form 7/GN_Application_Reg/Page_PERKESO/button_Semak")): Object: 'Object Repository/ZhiHao/General_User_Submit_form 7/GN_Application_Reg/Page_PERKESO/button_Semak' is clicked on

2019-02-21 16:51:11 - [MESSAGE][PASSED] - Object: 'Object Repository/ZhiHao/General_User_Submit_form 7/GN_Application_Reg/Page_PERKESO/button_Semak' is clicked on

2019-02-21 16:51:11 - [TEST_STEP][PASSED] - delay(3): Delayed 3 second(s)

2019-02-21 16:51:14 - [MESSAGE][PASSED] - Delayed 3 second(s)

2019-02-21 16:51:14 - [TEST_STEP][PASSED] - click(findTestObject("ZhiHao/General_User_Submit_form 7/GN_Application_Reg/Page_PERKESO/span_Nama Majikan")): Object: 'Object Repository/ZhiHao/General_User_Submit_form 7/GN_Application_Reg/Page_PERKESO/span_Nama Majikan' is clicked on

2019-02-21 16:51:15 - [MESSAGE][PASSED] - Object: 'Object Repository/ZhiHao/General_User_Submit_form 7/GN_Application_Reg/Page_PERKESO/span_Nama Majikan' is clicked on

2019-02-21 16:51:15 - [TEST_STEP][PASSED] - delay(3): Delayed 3 second(s)

2019-02-21 16:51:18 - [MESSAGE][PASSED] - Delayed 3 second(s)

2019-02-21 16:51:18 - [TEST_STEP][PASSED] - setText(findTestObject("ZhiHao/General_User_Submit_form 7/GN_Application_Reg/Page_PERKESO/input_Nama Majikan"), "pet"): Text 'pet' is set on object 'Object Repository/ZhiHao/General_User_Submit_form 7/GN_Application_Reg/Page_PERKESO/input_Nama Majikan'

2019-02-21 16:51:18 - [MESSAGE][PASSED] - Text 'pet' is set on object 'Object Repository/ZhiHao/General_User_Submit_form 7/GN_Application_Reg/Page_PERKESO/input_Nama Majikan'

2019-02-21 16:51:18 - [TEST_STEP][PASSED] - delay(3): Delayed 3 second(s)

2019-02-21 16:51:21 - [MESSAGE][PASSED] - Delayed 3 second(s)

2019-02-21 16:51:21 - [TEST_STEP][PASSED] - click(findTestObject("ZhiHao/General_User_Submit_form 7/GN_Application_Reg/Page_PERKESO/select_PETRONAS")): Object: 'Object Repository/ZhiHao/General_User_Submit_form 7/GN_Application_Reg/Page_PERKESO/select_PETRONAS' is clicked on

2019-02-21 16:51:21 - [MESSAGE][PASSED] - Object: 'Object Repository/ZhiHao/General_User_Submit_form 7/GN_Application_Reg/Page_PERKESO/select_PETRONAS' is clicked on

2019-02-21 16:51:21 - [TEST_STEP][PASSED] - delay(3): Delayed 3 second(s)

2019-02-21 16:51:24 - [MESSAGE][PASSED] - Delayed 3 second(s)

2019-02-21 16:51:24 - [TEST_STEP][PASSED] - click(findTestObject("ZhiHao/General_User_Submit_form 7/GN_Application_Reg/Page_PERKESO/input_Tarikh kehilangan pekerjaan")): Object: 'Object Repository/ZhiHao/General_User_Submit_form 7/GN_Application_Reg/Page_PERKESO/input_Tarikh kehilangan pekerjaan' is clicked on

2019-02-21 16:51:24 - [MESSAGE][PASSED] - Object: 'Object Repository/ZhiHao/General_User_Submit_form 7/GN_Application_Reg/Page_PERKESO/input_Tarikh kehilangan pekerjaan' is clicked on

2019-02-21 16:51:24 - [TEST_STEP][PASSED] - click(findTestObject("ZhiHao/General_User_Submit_form 7/GN_Application_Reg/Page_PERKESO/select_loe_date")): Object: 'Object Repository/ZhiHao/General_User_Submit_form 7/GN_Application_Reg/Page_PERKESO/select_loe_date' is clicked on

2019-02-21 16:51:24 - [MESSAGE][PASSED] - Object: 'Object Repository/ZhiHao/General_User_Submit_form 7/GN_Application_Reg/Page_PERKESO/select_loe_date' is clicked on

2019-02-21 16:51:24 - [TEST_STEP][PASSED] - click(findTestObject("ZhiHao/General_User_Submit_form 7/GN_Application_Reg/Page_PERKESO/button_Mohon")): Object: 'Object Repository/ZhiHao/General_User_Submit_form 7/GN_Application_Reg/Page_PERKESO/button_Mohon' is clicked on

2019-02-21 16:51:25 - [MESSAGE][PASSED] - Object: 'Object Repository/ZhiHao/General_User_Submit_form 7/GN_Application_Reg/Page_PERKESO/button_Mohon' is clicked on

2019-02-21 16:51:25 - [TEST_STEP][PASSED] - delay(3): Delayed 3 second(s)

2019-02-21 16:51:28 - [MESSAGE][PASSED] - Delayed 3 second(s)

2019-02-21 16:51:28 - [TEST_STEP][PASSED] - click(findTestObject("ZhiHao/General_User_Submit_form 7/GN_Application_Reg/Page_PERKESO/select_pejabat_perkeso")): Object: 'Object Repository/ZhiHao/General_User_Submit_form 7/GN_Application_Reg/Page_PERKESO/select_pejabat_perkeso' is clicked on

2019-02-21 16:51:28 - [MESSAGE][PASSED] - Object: 'Object Repository/ZhiHao/General_User_Submit_form 7/GN_Application_Reg/Page_PERKESO/select_pejabat_perkeso' is clicked on

2019-02-21 16:51:28 - [TEST_STEP][PASSED] - selectOptionByValue(findTestObject("ZhiHao/General_User_Submit_form 7/GN_Application_Reg/Page_PERKESO/select_pejabat_perkeso"), "22", true): All options with value '22' are selected in object 'Object Repository/ZhiHao/General_User_Submit_form 7/GN_Application_Reg/Page_PERKESO/select_pejabat_perkeso'  using regular expression

2019-02-21 16:51:29 - [MESSAGE][PASSED] - All options with value '22' are selected in object 'Object Repository/ZhiHao/General_User_Submit_form 7/GN_Application_Reg/Page_PERKESO/select_pejabat_perkeso'  using regular expression

2019-02-21 16:51:29 - [TEST_STEP][PASSED] - click(findTestObject("ZhiHao/General_User_Submit_form 7/GN_Application_Reg/Page_PERKESO/button_Halaman Seterus")): Object: 'Object Repository/ZhiHao/General_User_Submit_form 7/GN_Application_Reg/Page_PERKESO/button_Halaman Seterus' is clicked on

2019-02-21 16:51:29 - [MESSAGE][PASSED] - Object: 'Object Repository/ZhiHao/General_User_Submit_form 7/GN_Application_Reg/Page_PERKESO/button_Halaman Seterus' is clicked on

2019-02-21 16:51:29 - [TEST_STEP][PASSED] - delay(5): Delayed 5 second(s)

2019-02-21 16:51:34 - [MESSAGE][PASSED] - Delayed 5 second(s)

2019-02-21 16:51:34 - [MESSAGE][PASSED] - Call Test Case 'Test Cases/All TC/Arranged/3. Unit/EI/GN submit form 7/GN_Application_Reg' successfully

2019-02-21 16:51:34 - [TEST_STEP][PASSED] - callTestCase(findTestCase("All TC/Arranged/3. Unit/EI/GN submit form 7/GN_Submit Form 7_Section A"), [:], STOP_ON_FAILURE): Call Test Case 'Test Cases/All TC/Arranged/3. Unit/EI/GN submit form 7/GN_Submit Form 7_Section A' successfully

2019-02-21 16:51:34 - [TEST_CASE][PASSED] - Test Cases/All TC/Arranged/3. Unit/EI/GN submit form 7/GN_Submit Form 7_Section A: Test Cases/All TC/Arranged/3. Unit/EI/GN submit form 7/GN_Submit Form 7_Section A

2019-02-21 16:51:34 - [TEST_STEP][PASSED] - setText(findTestObject("ZhiHao/General_User_Submit_form 7/GN_Submit Form 7_Section A/Page_PERKESO/input__employeeDob_A4"), "11/12/1987"): Text '11/12/1987' is set on object 'Object Repository/ZhiHao/General_User_Submit_form 7/GN_Submit Form 7_Section A/Page_PERKESO/input__employeeDob_A4'

2019-02-21 16:51:34 - [MESSAGE][PASSED] - Text '11/12/1987' is set on object 'Object Repository/ZhiHao/General_User_Submit_form 7/GN_Submit Form 7_Section A/Page_PERKESO/input__employeeDob_A4'

2019-02-21 16:51:34 - [TEST_STEP][PASSED] - click(findTestObject("ZhiHao/General_User_Submit_form 7/GN_Submit Form 7_Section A/Page_PERKESO/button_Done_A4")): Object: 'Object Repository/ZhiHao/General_User_Submit_form 7/GN_Submit Form 7_Section A/Page_PERKESO/button_Done_A4' is clicked on

2019-02-21 16:51:35 - [MESSAGE][PASSED] - Object: 'Object Repository/ZhiHao/General_User_Submit_form 7/GN_Submit Form 7_Section A/Page_PERKESO/button_Done_A4' is clicked on

2019-02-21 16:51:35 - [TEST_STEP][PASSED] - click(findTestObject("ZhiHao/General_User_Submit_form 7/GN_Submit Form 7_Section A/Page_PERKESO/span_A5")): Object: 'Object Repository/ZhiHao/General_User_Submit_form 7/GN_Submit Form 7_Section A/Page_PERKESO/span_A5' is clicked on

2019-02-21 16:51:35 - [MESSAGE][PASSED] - Object: 'Object Repository/ZhiHao/General_User_Submit_form 7/GN_Submit Form 7_Section A/Page_PERKESO/span_A5' is clicked on

2019-02-21 16:51:35 - [TEST_STEP][PASSED] - click(findTestObject("ZhiHao/General_User_Submit_form 7/GN_Submit Form 7_Section A/Page_PERKESO/select_Bumiputera Sabah_A5")): Object: 'Object Repository/ZhiHao/General_User_Submit_form 7/GN_Submit Form 7_Section A/Page_PERKESO/select_Bumiputera Sabah_A5' is clicked on

2019-02-21 16:51:35 - [MESSAGE][PASSED] - Object: 'Object Repository/ZhiHao/General_User_Submit_form 7/GN_Submit Form 7_Section A/Page_PERKESO/select_Bumiputera Sabah_A5' is clicked on

2019-02-21 16:51:35 - [TEST_STEP][PASSED] - click(findTestObject("ZhiHao/General_User_Submit_form 7/GN_Submit Form 7_Section A/Page_PERKESO/span_A6")): Object: 'Object Repository/ZhiHao/General_User_Submit_form 7/GN_Submit Form 7_Section A/Page_PERKESO/span_A6' is clicked on

2019-02-21 16:51:35 - [MESSAGE][PASSED] - Object: 'Object Repository/ZhiHao/General_User_Submit_form 7/GN_Submit Form 7_Section A/Page_PERKESO/span_A6' is clicked on

2019-02-21 16:51:35 - [TEST_STEP][PASSED] - click(findTestObject("ZhiHao/General_User_Submit_form 7/GN_Submit Form 7_Section A/Page_PERKESO/select_Lelaki_A6")): Object: 'Object Repository/ZhiHao/General_User_Submit_form 7/GN_Submit Form 7_Section A/Page_PERKESO/select_Lelaki_A6' is clicked on

2019-02-21 16:51:35 - [MESSAGE][PASSED] - Object: 'Object Repository/ZhiHao/General_User_Submit_form 7/GN_Submit Form 7_Section A/Page_PERKESO/select_Lelaki_A6' is clicked on

2019-02-21 16:51:35 - [TEST_STEP][PASSED] - click(findTestObject("ZhiHao/General_User_Submit_form 7/GN_Submit Form 7_Section A/Page_PERKESO/span_A7")): Object: 'Object Repository/ZhiHao/General_User_Submit_form 7/GN_Submit Form 7_Section A/Page_PERKESO/span_A7' is clicked on

2019-02-21 16:51:35 - [MESSAGE][PASSED] - Object: 'Object Repository/ZhiHao/General_User_Submit_form 7/GN_Submit Form 7_Section A/Page_PERKESO/span_A7' is clicked on

2019-02-21 16:51:35 - [TEST_STEP][PASSED] - click(findTestObject("ZhiHao/General_User_Submit_form 7/GN_Submit Form 7_Section A/Page_PERKESO/select_Malaysia_A7")): Object: 'Object Repository/ZhiHao/General_User_Submit_form 7/GN_Submit Form 7_Section A/Page_PERKESO/select_Malaysia_A7' is clicked on

2019-02-21 16:51:36 - [MESSAGE][PASSED] - Object: 'Object Repository/ZhiHao/General_User_Submit_form 7/GN_Submit Form 7_Section A/Page_PERKESO/select_Malaysia_A7' is clicked on

2019-02-21 16:51:36 - [TEST_STEP][PASSED] - click(findTestObject("ZhiHao/General_User_Submit_form 7/GN_Submit Form 7_Section A/Page_PERKESO/span_A8")): Object: 'Object Repository/ZhiHao/General_User_Submit_form 7/GN_Submit Form 7_Section A/Page_PERKESO/span_A8' is clicked on

2019-02-21 16:51:36 - [MESSAGE][PASSED] - Object: 'Object Repository/ZhiHao/General_User_Submit_form 7/GN_Submit Form 7_Section A/Page_PERKESO/span_A8' is clicked on

2019-02-21 16:51:36 - [TEST_STEP][PASSED] - click(findTestObject("ZhiHao/General_User_Submit_form 7/GN_Submit Form 7_Section A/Page_PERKESO/select_Berkahwin_A8")): Object: 'Object Repository/ZhiHao/General_User_Submit_form 7/GN_Submit Form 7_Section A/Page_PERKESO/select_Berkahwin_A8' is clicked on

2019-02-21 16:51:36 - [MESSAGE][PASSED] - Object: 'Object Repository/ZhiHao/General_User_Submit_form 7/GN_Submit Form 7_Section A/Page_PERKESO/select_Berkahwin_A8' is clicked on

2019-02-21 16:51:36 - [TEST_STEP][PASSED] - setText(findTestObject("ZhiHao/General_User_Submit_form 7/GN_Submit Form 7_Section A/Page_PERKESO/input__address1_A9"), "NO1, taman jaya"): Text 'NO1, taman jaya' is set on object 'Object Repository/ZhiHao/General_User_Submit_form 7/GN_Submit Form 7_Section A/Page_PERKESO/input__address1_A9'

2019-02-21 16:51:36 - [MESSAGE][PASSED] - Text 'NO1, taman jaya' is set on object 'Object Repository/ZhiHao/General_User_Submit_form 7/GN_Submit Form 7_Section A/Page_PERKESO/input__address1_A9'

2019-02-21 16:51:36 - [TEST_STEP][PASSED] - click(findTestObject("ZhiHao/General_User_Submit_form 7/GN_Submit Form 7_Section A/Page_PERKESO/span_A10")): Object: 'Object Repository/ZhiHao/General_User_Submit_form 7/GN_Submit Form 7_Section A/Page_PERKESO/span_A10' is clicked on

2019-02-21 16:51:36 - [MESSAGE][PASSED] - Object: 'Object Repository/ZhiHao/General_User_Submit_form 7/GN_Submit Form 7_Section A/Page_PERKESO/span_A10' is clicked on

2019-02-21 16:51:36 - [TEST_STEP][PASSED] - delay(3): Delayed 3 second(s)

2019-02-21 16:51:39 - [MESSAGE][PASSED] - Delayed 3 second(s)

2019-02-21 16:51:39 - [TEST_STEP][PASSED] - click(findTestObject("ZhiHao/General_User_Submit_form 7/GN_Submit Form 7_Section A/Page_PERKESO/select_JOHOR_A10")): Object: 'Object Repository/ZhiHao/General_User_Submit_form 7/GN_Submit Form 7_Section A/Page_PERKESO/select_JOHOR_A10' is clicked on

2019-02-21 16:51:40 - [MESSAGE][PASSED] - Object: 'Object Repository/ZhiHao/General_User_Submit_form 7/GN_Submit Form 7_Section A/Page_PERKESO/select_JOHOR_A10' is clicked on

2019-02-21 16:51:40 - [TEST_STEP][PASSED] - delay(3): Delayed 3 second(s)

2019-02-21 16:51:43 - [MESSAGE][PASSED] - Delayed 3 second(s)

2019-02-21 16:51:43 - [TEST_STEP][PASSED] - click(findTestObject("ZhiHao/General_User_Submit_form 7/GN_Submit Form 7_Section A/Page_PERKESO/span_A11")): Object: 'Object Repository/ZhiHao/General_User_Submit_form 7/GN_Submit Form 7_Section A/Page_PERKESO/span_A11' is clicked on

2019-02-21 16:51:43 - [MESSAGE][PASSED] - Object: 'Object Repository/ZhiHao/General_User_Submit_form 7/GN_Submit Form 7_Section A/Page_PERKESO/span_A11' is clicked on

2019-02-21 16:51:43 - [TEST_STEP][PASSED] - delay(3): Delayed 3 second(s)

2019-02-21 16:51:46 - [MESSAGE][PASSED] - Delayed 3 second(s)

2019-02-21 16:51:46 - [TEST_STEP][PASSED] - setText(findTestObject("ZhiHao/General_User_Submit_form 7/GN_Submit Form 7_Section A/Page_PERKESO/input_Search Bandar_A11 (1)"), "jo"): Text 'jo' is set on object 'Object Repository/ZhiHao/General_User_Submit_form 7/GN_Submit Form 7_Section A/Page_PERKESO/input_Search Bandar_A11 (1)'

2019-02-21 16:51:46 - [MESSAGE][PASSED] - Text 'jo' is set on object 'Object Repository/ZhiHao/General_User_Submit_form 7/GN_Submit Form 7_Section A/Page_PERKESO/input_Search Bandar_A11 (1)'

2019-02-21 16:51:46 - [TEST_STEP][PASSED] - delay(3): Delayed 3 second(s)

2019-02-21 16:51:49 - [MESSAGE][PASSED] - Delayed 3 second(s)

2019-02-21 16:51:49 - [TEST_STEP][PASSED] - setText(findTestObject("ZhiHao/General_User_Submit_form 7/GN_Submit Form 7_Section A/Page_PERKESO/input_Search Bandar_A11 (2)"), "jo"): Text 'jo' is set on object 'Object Repository/ZhiHao/General_User_Submit_form 7/GN_Submit Form 7_Section A/Page_PERKESO/input_Search Bandar_A11 (2)'

2019-02-21 16:51:49 - [MESSAGE][PASSED] - Text 'jo' is set on object 'Object Repository/ZhiHao/General_User_Submit_form 7/GN_Submit Form 7_Section A/Page_PERKESO/input_Search Bandar_A11 (2)'

2019-02-21 16:51:49 - [TEST_STEP][PASSED] - delay(3): Delayed 3 second(s)

2019-02-21 16:51:52 - [MESSAGE][PASSED] - Delayed 3 second(s)

2019-02-21 16:51:52 - [TEST_STEP][PASSED] - click(findTestObject("ZhiHao/General_User_Submit_form 7/GN_Submit Form 7_Section A/Page_PERKESO/select_JOHOR BAHRU_A11")): Object: 'Object Repository/ZhiHao/General_User_Submit_form 7/GN_Submit Form 7_Section A/Page_PERKESO/select_JOHOR BAHRU_A11' is clicked on

2019-02-21 16:51:52 - [MESSAGE][PASSED] - Object: 'Object Repository/ZhiHao/General_User_Submit_form 7/GN_Submit Form 7_Section A/Page_PERKESO/select_JOHOR BAHRU_A11' is clicked on

2019-02-21 16:51:52 - [TEST_STEP][PASSED] - delay(5): Delayed 5 second(s)

2019-02-21 16:51:57 - [MESSAGE][PASSED] - Delayed 5 second(s)

2019-02-21 16:51:57 - [TEST_STEP][PASSED] - click(findTestObject("ZhiHao/General_User_Submit_form 7/GN_Submit Form 7_Section A/Page_PERKESO/span_A12")): Object: 'Object Repository/ZhiHao/General_User_Submit_form 7/GN_Submit Form 7_Section A/Page_PERKESO/span_A12' is clicked on

2019-02-21 16:51:58 - [MESSAGE][PASSED] - Object: 'Object Repository/ZhiHao/General_User_Submit_form 7/GN_Submit Form 7_Section A/Page_PERKESO/span_A12' is clicked on

2019-02-21 16:51:58 - [TEST_STEP][PASSED] - setText(findTestObject("ZhiHao/General_User_Submit_form 7/GN_Submit Form 7_Section A/Page_PERKESO/input_Search Postcode_A12"), "80"): Text '80' is set on object 'Object Repository/ZhiHao/General_User_Submit_form 7/GN_Submit Form 7_Section A/Page_PERKESO/input_Search Postcode_A12'

2019-02-21 16:51:58 - [MESSAGE][PASSED] - Text '80' is set on object 'Object Repository/ZhiHao/General_User_Submit_form 7/GN_Submit Form 7_Section A/Page_PERKESO/input_Search Postcode_A12'

2019-02-21 16:51:58 - [TEST_STEP][PASSED] - delay(3): Delayed 3 second(s)

2019-02-21 16:52:01 - [MESSAGE][PASSED] - Delayed 3 second(s)

2019-02-21 16:52:01 - [TEST_STEP][PASSED] - click(findTestObject("ZhiHao/General_User_Submit_form 7/GN_Submit Form 7_Section A/Page_PERKESO/select_80000_A12")): Object: 'Object Repository/ZhiHao/General_User_Submit_form 7/GN_Submit Form 7_Section A/Page_PERKESO/select_80000_A12' is clicked on

2019-02-21 16:52:01 - [MESSAGE][PASSED] - Object: 'Object Repository/ZhiHao/General_User_Submit_form 7/GN_Submit Form 7_Section A/Page_PERKESO/select_80000_A12' is clicked on

2019-02-21 16:52:01 - [TEST_STEP][PASSED] - delay(3): Delayed 3 second(s)

2019-02-21 16:52:04 - [MESSAGE][PASSED] - Delayed 3 second(s)

2019-02-21 16:52:04 - [TEST_STEP][PASSED] - setText(findTestObject("ZhiHao/General_User_Submit_form 7/GN_Submit Form 7_Section A/Page_PERKESO/input__mobileContact1_A13"), "0122837465"): Text '0122837465' is set on object 'Object Repository/ZhiHao/General_User_Submit_form 7/GN_Submit Form 7_Section A/Page_PERKESO/input__mobileContact1_A13'

2019-02-21 16:52:04 - [MESSAGE][PASSED] - Text '0122837465' is set on object 'Object Repository/ZhiHao/General_User_Submit_form 7/GN_Submit Form 7_Section A/Page_PERKESO/input__mobileContact1_A13'

2019-02-21 16:52:04 - [TEST_STEP][PASSED] - click(findTestObject("ZhiHao/General_User_Submit_form 7/GN_Submit Form 7_Section A/Page_PERKESO/button_Halaman Seterus")): Object: 'Object Repository/ZhiHao/General_User_Submit_form 7/GN_Submit Form 7_Section A/Page_PERKESO/button_Halaman Seterus' is clicked on

2019-02-21 16:52:05 - [MESSAGE][PASSED] - Object: 'Object Repository/ZhiHao/General_User_Submit_form 7/GN_Submit Form 7_Section A/Page_PERKESO/button_Halaman Seterus' is clicked on

2019-02-21 16:52:05 - [TEST_STEP][PASSED] - delay(5): Delayed 5 second(s)

2019-02-21 16:52:10 - [MESSAGE][PASSED] - Delayed 5 second(s)

2019-02-21 16:52:10 - [MESSAGE][PASSED] - Call Test Case 'Test Cases/All TC/Arranged/3. Unit/EI/GN submit form 7/GN_Submit Form 7_Section A' successfully

2019-02-21 16:52:10 - [TEST_STEP][PASSED] - callTestCase(findTestCase("All TC/Arranged/3. Unit/EI/GN submit form 7/GN_Submit Form 7_Section B"), [:], STOP_ON_FAILURE): Call Test Case 'Test Cases/All TC/Arranged/3. Unit/EI/GN submit form 7/GN_Submit Form 7_Section B' successfully

2019-02-21 16:52:10 - [TEST_CASE][PASSED] - Test Cases/All TC/Arranged/3. Unit/EI/GN submit form 7/GN_Submit Form 7_Section B: Test Cases/All TC/Arranged/3. Unit/EI/GN submit form 7/GN_Submit Form 7_Section B

2019-02-21 16:52:10 - [TEST_STEP][PASSED] - delay(2): Delayed 2 second(s)

2019-02-21 16:52:12 - [MESSAGE][PASSED] - Delayed 2 second(s)

2019-02-21 16:52:12 - [TEST_STEP][PASSED] - click(findTestObject("ZhiHao/General_User_Submit_form 7/GN_Submit Form 7_Section B/Page_PERKESO/span_B1")): Object: 'Object Repository/ZhiHao/General_User_Submit_form 7/GN_Submit Form 7_Section B/Page_PERKESO/span_B1' is clicked on

2019-02-21 16:52:12 - [MESSAGE][PASSED] - Object: 'Object Repository/ZhiHao/General_User_Submit_form 7/GN_Submit Form 7_Section B/Page_PERKESO/span_B1' is clicked on

2019-02-21 16:52:12 - [TEST_STEP][PASSED] - setText(findTestObject("ZhiHao/General_User_Submit_form 7/GN_Submit Form 7_Section B/Page_PERKESO/input_Search Jawatan_B1 (1)"), "of"): Text 'of' is set on object 'Object Repository/ZhiHao/General_User_Submit_form 7/GN_Submit Form 7_Section B/Page_PERKESO/input_Search Jawatan_B1 (1)'

2019-02-21 16:52:12 - [MESSAGE][PASSED] - Text 'of' is set on object 'Object Repository/ZhiHao/General_User_Submit_form 7/GN_Submit Form 7_Section B/Page_PERKESO/input_Search Jawatan_B1 (1)'

2019-02-21 16:52:12 - [TEST_STEP][PASSED] - setText(findTestObject("ZhiHao/General_User_Submit_form 7/GN_Submit Form 7_Section B/Page_PERKESO/input_Search Jawatan_B1 (2)"), "of"): Text 'of' is set on object 'Object Repository/ZhiHao/General_User_Submit_form 7/GN_Submit Form 7_Section B/Page_PERKESO/input_Search Jawatan_B1 (2)'

2019-02-21 16:52:12 - [MESSAGE][PASSED] - Text 'of' is set on object 'Object Repository/ZhiHao/General_User_Submit_form 7/GN_Submit Form 7_Section B/Page_PERKESO/input_Search Jawatan_B1 (2)'

2019-02-21 16:52:12 - [TEST_STEP][PASSED] - click(findTestObject("ZhiHao/General_User_Submit_form 7/GN_Submit Form 7_Section B/Page_PERKESO/select_Ahli Geofizik Kanan_B1")): Object: 'Object Repository/ZhiHao/General_User_Submit_form 7/GN_Submit Form 7_Section B/Page_PERKESO/select_Ahli Geofizik Kanan_B1' is clicked on

2019-02-21 16:52:16 - [MESSAGE][PASSED] - Object: 'Object Repository/ZhiHao/General_User_Submit_form 7/GN_Submit Form 7_Section B/Page_PERKESO/select_Ahli Geofizik Kanan_B1' is clicked on

2019-02-21 16:52:16 - [TEST_STEP][PASSED] - click(findTestObject("ZhiHao/General_User_Submit_form 7/GN_Submit Form 7_Section B/Page_PERKESO/input__lastEmploymentStartDate_B2")): Object: 'Object Repository/ZhiHao/General_User_Submit_form 7/GN_Submit Form 7_Section B/Page_PERKESO/input__lastEmploymentStartDate_B2' is clicked on

2019-02-21 16:52:16 - [MESSAGE][PASSED] - Object: 'Object Repository/ZhiHao/General_User_Submit_form 7/GN_Submit Form 7_Section B/Page_PERKESO/input__lastEmploymentStartDate_B2' is clicked on

2019-02-21 16:52:16 - [TEST_STEP][PASSED] - setText(findTestObject("ZhiHao/General_User_Submit_form 7/GN_Submit Form 7_Section B/Page_PERKESO/input__lastEmploymentStartDate_B2"), "1/1/2010"): Text '1/1/2010' is set on object 'Object Repository/ZhiHao/General_User_Submit_form 7/GN_Submit Form 7_Section B/Page_PERKESO/input__lastEmploymentStartDate_B2'

2019-02-21 16:52:17 - [MESSAGE][PASSED] - Text '1/1/2010' is set on object 'Object Repository/ZhiHao/General_User_Submit_form 7/GN_Submit Form 7_Section B/Page_PERKESO/input__lastEmploymentStartDate_B2'

2019-02-21 16:52:17 - [TEST_STEP][PASSED] - click(findTestObject("ZhiHao/General_User_Submit_form 7/GN_Submit Form 7_Section B/Page_PERKESO/button_Done_B2")): Object: 'Object Repository/ZhiHao/General_User_Submit_form 7/GN_Submit Form 7_Section B/Page_PERKESO/button_Done_B2' is clicked on

2019-02-21 16:52:17 - [MESSAGE][PASSED] - Object: 'Object Repository/ZhiHao/General_User_Submit_form 7/GN_Submit Form 7_Section B/Page_PERKESO/button_Done_B2' is clicked on

2019-02-21 16:52:17 - [TEST_STEP][PASSED] - click(findTestObject("ZhiHao/General_User_Submit_form 7/GN_Submit Form 7_Section B/Page_PERKESO/span_B4")): Object: 'Object Repository/ZhiHao/General_User_Submit_form 7/GN_Submit Form 7_Section B/Page_PERKESO/span_B4' is clicked on

2019-02-21 16:52:17 - [MESSAGE][PASSED] - Object: 'Object Repository/ZhiHao/General_User_Submit_form 7/GN_Submit Form 7_Section B/Page_PERKESO/span_B4' is clicked on

2019-02-21 16:52:17 - [TEST_STEP][PASSED] - click(findTestObject("ZhiHao/General_User_Submit_form 7/GN_Submit Form 7_Section B/Page_PERKESO/select_Tetap_B4")): Object: 'Object Repository/ZhiHao/General_User_Submit_form 7/GN_Submit Form 7_Section B/Page_PERKESO/select_Tetap_B4' is clicked on

2019-02-21 16:52:18 - [MESSAGE][PASSED] - Object: 'Object Repository/ZhiHao/General_User_Submit_form 7/GN_Submit Form 7_Section B/Page_PERKESO/select_Tetap_B4' is clicked on

2019-02-21 16:52:18 - [TEST_STEP][PASSED] - setText(findTestObject("ZhiHao/General_User_Submit_form 7/GN_Submit Form 7_Section B/Page_PERKESO/input_Gaji (RM)_B5"), "3000"): Text '3000' is set on object 'Object Repository/ZhiHao/General_User_Submit_form 7/GN_Submit Form 7_Section B/Page_PERKESO/input_Gaji (RM)_B5'

2019-02-21 16:52:18 - [MESSAGE][PASSED] - Text '3000' is set on object 'Object Repository/ZhiHao/General_User_Submit_form 7/GN_Submit Form 7_Section B/Page_PERKESO/input_Gaji (RM)_B5'

2019-02-21 16:52:18 - [TEST_STEP][PASSED] - setText(findTestObject("ZhiHao/General_User_Submit_form 7/GN_Submit Form 7_Section B/Page_PERKESO/input_Gaji (RM)_B5(2)"), "3000"): Text '3000' is set on object 'Object Repository/ZhiHao/General_User_Submit_form 7/GN_Submit Form 7_Section B/Page_PERKESO/input_Gaji (RM)_B5(2)'

2019-02-21 16:52:19 - [MESSAGE][PASSED] - Text '3000' is set on object 'Object Repository/ZhiHao/General_User_Submit_form 7/GN_Submit Form 7_Section B/Page_PERKESO/input_Gaji (RM)_B5(2)'

2019-02-21 16:52:19 - [TEST_STEP][PASSED] - setText(findTestObject("ZhiHao/General_User_Submit_form 7/GN_Submit Form 7_Section B/Page_PERKESO/input_Gaji (RM)_B5(3)"), "3000"): Text '3000' is set on object 'Object Repository/ZhiHao/General_User_Submit_form 7/GN_Submit Form 7_Section B/Page_PERKESO/input_Gaji (RM)_B5(3)'

2019-02-21 16:52:19 - [MESSAGE][PASSED] - Text '3000' is set on object 'Object Repository/ZhiHao/General_User_Submit_form 7/GN_Submit Form 7_Section B/Page_PERKESO/input_Gaji (RM)_B5(3)'

2019-02-21 16:52:19 - [TEST_STEP][PASSED] - setText(findTestObject("ZhiHao/General_User_Submit_form 7/GN_Submit Form 7_Section B/Page_PERKESO/input_Gaji (RM)_B5(4)"), "3000"): Text '3000' is set on object 'Object Repository/ZhiHao/General_User_Submit_form 7/GN_Submit Form 7_Section B/Page_PERKESO/input_Gaji (RM)_B5(4)'

2019-02-21 16:52:19 - [MESSAGE][PASSED] - Text '3000' is set on object 'Object Repository/ZhiHao/General_User_Submit_form 7/GN_Submit Form 7_Section B/Page_PERKESO/input_Gaji (RM)_B5(4)'

2019-02-21 16:52:19 - [TEST_STEP][PASSED] - setText(findTestObject("ZhiHao/General_User_Submit_form 7/GN_Submit Form 7_Section B/Page_PERKESO/input_Gaji (RM)_B5(5)"), "3000"): Text '3000' is set on object 'Object Repository/ZhiHao/General_User_Submit_form 7/GN_Submit Form 7_Section B/Page_PERKESO/input_Gaji (RM)_B5(5)'

2019-02-21 16:52:19 - [MESSAGE][PASSED] - Text '3000' is set on object 'Object Repository/ZhiHao/General_User_Submit_form 7/GN_Submit Form 7_Section B/Page_PERKESO/input_Gaji (RM)_B5(5)'

2019-02-21 16:52:19 - [TEST_STEP][PASSED] - setText(findTestObject("ZhiHao/General_User_Submit_form 7/GN_Submit Form 7_Section B/Page_PERKESO/input_Gaji (RM)_B5(6)"), "3000"): Text '3000' is set on object 'Object Repository/ZhiHao/General_User_Submit_form 7/GN_Submit Form 7_Section B/Page_PERKESO/input_Gaji (RM)_B5(6)'

2019-02-21 16:52:19 - [MESSAGE][PASSED] - Text '3000' is set on object 'Object Repository/ZhiHao/General_User_Submit_form 7/GN_Submit Form 7_Section B/Page_PERKESO/input_Gaji (RM)_B5(6)'

2019-02-21 16:52:19 - [TEST_STEP][PASSED] - setText(findTestObject("ZhiHao/General_User_Submit_form 7/GN_Submit Form 7_Section B/Page_PERKESO/input_Gaji (RM)_B5(7)"), "3000"): Text '3000' is set on object 'Object Repository/ZhiHao/General_User_Submit_form 7/GN_Submit Form 7_Section B/Page_PERKESO/input_Gaji (RM)_B5(7)'

2019-02-21 16:52:20 - [MESSAGE][PASSED] - Text '3000' is set on object 'Object Repository/ZhiHao/General_User_Submit_form 7/GN_Submit Form 7_Section B/Page_PERKESO/input_Gaji (RM)_B5(7)'

2019-02-21 16:52:20 - [TEST_STEP][PASSED] - setText(findTestObject("ZhiHao/General_User_Submit_form 7/GN_Submit Form 7_Section B/Page_PERKESO/input_Gaji (RM)_B5(8)"), "3000"): Text '3000' is set on object 'Object Repository/ZhiHao/General_User_Submit_form 7/GN_Submit Form 7_Section B/Page_PERKESO/input_Gaji (RM)_B5(8)'

2019-02-21 16:52:20 - [MESSAGE][PASSED] - Text '3000' is set on object 'Object Repository/ZhiHao/General_User_Submit_form 7/GN_Submit Form 7_Section B/Page_PERKESO/input_Gaji (RM)_B5(8)'

2019-02-21 16:52:20 - [TEST_STEP][PASSED] - click(findTestObject("ZhiHao/General_User_Submit_form 7/GN_Submit Form 7_Section B/Page_PERKESO/span_B6")): Object: 'Object Repository/ZhiHao/General_User_Submit_form 7/GN_Submit Form 7_Section B/Page_PERKESO/span_B6' is clicked on

2019-02-21 16:52:20 - [MESSAGE][PASSED] - Object: 'Object Repository/ZhiHao/General_User_Submit_form 7/GN_Submit Form 7_Section B/Page_PERKESO/span_B6' is clicked on

2019-02-21 16:52:20 - [TEST_STEP][PASSED] - click(findTestObject("ZhiHao/General_User_Submit_form 7/GN_Submit Form 7_Section B/Page_PERKESO/select_Diberhentikan tanpa sebab_B6")): Object: 'Object Repository/ZhiHao/General_User_Submit_form 7/GN_Submit Form 7_Section B/Page_PERKESO/select_Diberhentikan tanpa sebab_B6' is clicked on

2019-02-21 16:52:20 - [MESSAGE][PASSED] - Object: 'Object Repository/ZhiHao/General_User_Submit_form 7/GN_Submit Form 7_Section B/Page_PERKESO/select_Diberhentikan tanpa sebab_B6' is clicked on

2019-02-21 16:52:20 - [TEST_STEP][PASSED] - delay(2): Delayed 2 second(s)

2019-02-21 16:52:22 - [MESSAGE][PASSED] - Delayed 2 second(s)

2019-02-21 16:52:22 - [TEST_STEP][PASSED] - click(findTestObject("ZhiHao/General_User_Submit_form 7/GN_Submit Form 7_Section B/Page_PERKESO/input__averageWorkingHour_B7")): Object: 'Object Repository/ZhiHao/General_User_Submit_form 7/GN_Submit Form 7_Section B/Page_PERKESO/input__averageWorkingHour_B7' is clicked on

2019-02-21 16:52:22 - [MESSAGE][PASSED] - Object: 'Object Repository/ZhiHao/General_User_Submit_form 7/GN_Submit Form 7_Section B/Page_PERKESO/input__averageWorkingHour_B7' is clicked on

2019-02-21 16:52:22 - [TEST_STEP][PASSED] - setText(findTestObject("ZhiHao/General_User_Submit_form 7/GN_Submit Form 7_Section B/Page_PERKESO/input__averageWorkingHour_B7"), "33"): Text '33' is set on object 'Object Repository/ZhiHao/General_User_Submit_form 7/GN_Submit Form 7_Section B/Page_PERKESO/input__averageWorkingHour_B7'

2019-02-21 16:52:22 - [MESSAGE][PASSED] - Text '33' is set on object 'Object Repository/ZhiHao/General_User_Submit_form 7/GN_Submit Form 7_Section B/Page_PERKESO/input__averageWorkingHour_B7'

2019-02-21 16:52:22 - [TEST_STEP][PASSED] - click(findTestObject("ZhiHao/General_User_Submit_form 7/GN_Submit Form 7_Section B/Page_PERKESO/input_Tidak_B9")): Object: 'Object Repository/ZhiHao/General_User_Submit_form 7/GN_Submit Form 7_Section B/Page_PERKESO/input_Tidak_B9' is clicked on

2019-02-21 16:52:23 - [MESSAGE][PASSED] - Object: 'Object Repository/ZhiHao/General_User_Submit_form 7/GN_Submit Form 7_Section B/Page_PERKESO/input_Tidak_B9' is clicked on

2019-02-21 16:52:23 - [TEST_STEP][PASSED] - click(findTestObject("ZhiHao/General_User_Submit_form 7/GN_Submit Form 7_Section B/Page_PERKESO/input_Tidak_B10")): Object: 'Object Repository/ZhiHao/General_User_Submit_form 7/GN_Submit Form 7_Section B/Page_PERKESO/input_Tidak_B10' is clicked on

2019-02-21 16:52:23 - [MESSAGE][PASSED] - Object: 'Object Repository/ZhiHao/General_User_Submit_form 7/GN_Submit Form 7_Section B/Page_PERKESO/input_Tidak_B10' is clicked on

2019-02-21 16:52:23 - [TEST_STEP][PASSED] - click(findTestObject("ZhiHao/General_User_Submit_form 7/GN_Submit Form 7_Section B/Page_PERKESO/button_Halaman Seterus")): Object: 'Object Repository/ZhiHao/General_User_Submit_form 7/GN_Submit Form 7_Section B/Page_PERKESO/button_Halaman Seterus' is clicked on

2019-02-21 16:52:23 - [MESSAGE][PASSED] - Object: 'Object Repository/ZhiHao/General_User_Submit_form 7/GN_Submit Form 7_Section B/Page_PERKESO/button_Halaman Seterus' is clicked on

2019-02-21 16:52:23 - [TEST_STEP][PASSED] - delay(3): Delayed 3 second(s)

2019-02-21 16:52:26 - [MESSAGE][PASSED] - Delayed 3 second(s)

2019-02-21 16:52:26 - [MESSAGE][PASSED] - Call Test Case 'Test Cases/All TC/Arranged/3. Unit/EI/GN submit form 7/GN_Submit Form 7_Section B' successfully

2019-02-21 16:52:26 - [TEST_STEP][PASSED] - callTestCase(findTestCase("All TC/Arranged/3. Unit/EI/GN submit form 7/GN_Submit Form 7_Section C-D"), [:], STOP_ON_FAILURE): Call Test Case 'Test Cases/All TC/Arranged/3. Unit/EI/GN submit form 7/GN_Submit Form 7_Section C-D' successfully

2019-02-21 16:52:26 - [TEST_CASE][PASSED] - Test Cases/All TC/Arranged/3. Unit/EI/GN submit form 7/GN_Submit Form 7_Section C-D: Test Cases/All TC/Arranged/3. Unit/EI/GN submit form 7/GN_Submit Form 7_Section C-D

2019-02-21 16:52:26 - [TEST_STEP][PASSED] - click(findTestObject("ZhiHao/General_User_Submit_form 7/GN_Submit Form 7_Section C-D/Page_PERKESO/input__employer address_C4")): Object: 'Object Repository/ZhiHao/General_User_Submit_form 7/GN_Submit Form 7_Section C-D/Page_PERKESO/input__employer address_C4' is clicked on

2019-02-21 16:52:28 - [MESSAGE][PASSED] - Object: 'Object Repository/ZhiHao/General_User_Submit_form 7/GN_Submit Form 7_Section C-D/Page_PERKESO/input__employer address_C4' is clicked on

2019-02-21 16:52:28 - [TEST_STEP][PASSED] - setText(findTestObject("ZhiHao/General_User_Submit_form 7/GN_Submit Form 7_Section C-D/Page_PERKESO/input__employer address_C4"), "11, hahaha"): Text '11, hahaha' is set on object 'Object Repository/ZhiHao/General_User_Submit_form 7/GN_Submit Form 7_Section C-D/Page_PERKESO/input__employer address_C4'

2019-02-21 16:52:29 - [MESSAGE][PASSED] - Text '11, hahaha' is set on object 'Object Repository/ZhiHao/General_User_Submit_form 7/GN_Submit Form 7_Section C-D/Page_PERKESO/input__employer address_C4'

2019-02-21 16:52:29 - [TEST_STEP][PASSED] - click(findTestObject("ZhiHao/General_User_Submit_form 7/GN_Submit Form 7_Section C-D/Page_PERKESO/span_C5")): Object: 'Object Repository/ZhiHao/General_User_Submit_form 7/GN_Submit Form 7_Section C-D/Page_PERKESO/span_C5' is clicked on

2019-02-21 16:52:29 - [MESSAGE][PASSED] - Object: 'Object Repository/ZhiHao/General_User_Submit_form 7/GN_Submit Form 7_Section C-D/Page_PERKESO/span_C5' is clicked on

2019-02-21 16:52:29 - [TEST_STEP][PASSED] - delay(2): Delayed 2 second(s)

2019-02-21 16:52:31 - [MESSAGE][PASSED] - Delayed 2 second(s)

2019-02-21 16:52:31 - [TEST_STEP][PASSED] - click(findTestObject("ZhiHao/General_User_Submit_form 7/GN_Submit Form 7_Section C-D/Page_PERKESO/select_JOHOR_C5")): Object: 'Object Repository/ZhiHao/General_User_Submit_form 7/GN_Submit Form 7_Section C-D/Page_PERKESO/select_JOHOR_C5' is clicked on

2019-02-21 16:52:31 - [MESSAGE][PASSED] - Object: 'Object Repository/ZhiHao/General_User_Submit_form 7/GN_Submit Form 7_Section C-D/Page_PERKESO/select_JOHOR_C5' is clicked on

2019-02-21 16:52:31 - [TEST_STEP][PASSED] - delay(2): Delayed 2 second(s)

2019-02-21 16:52:33 - [MESSAGE][PASSED] - Delayed 2 second(s)

2019-02-21 16:52:33 - [TEST_STEP][PASSED] - click(findTestObject("ZhiHao/General_User_Submit_form 7/GN_Submit Form 7_Section C-D/Page_PERKESO/span_C6")): Object: 'Object Repository/ZhiHao/General_User_Submit_form 7/GN_Submit Form 7_Section C-D/Page_PERKESO/span_C6' is clicked on

2019-02-21 16:52:33 - [MESSAGE][PASSED] - Object: 'Object Repository/ZhiHao/General_User_Submit_form 7/GN_Submit Form 7_Section C-D/Page_PERKESO/span_C6' is clicked on

2019-02-21 16:52:33 - [TEST_STEP][PASSED] - delay(2): Delayed 2 second(s)

2019-02-21 16:52:35 - [MESSAGE][PASSED] - Delayed 2 second(s)

2019-02-21 16:52:35 - [TEST_STEP][PASSED] - setText(findTestObject("ZhiHao/General_User_Submit_form 7/GN_Submit Form 7_Section C-D/Page_PERKESO/input_Done_select2-search__fie_C6_C7"), "jo"): Text 'jo' is set on object 'Object Repository/ZhiHao/General_User_Submit_form 7/GN_Submit Form 7_Section C-D/Page_PERKESO/input_Done_select2-search__fie_C6_C7'

2019-02-21 16:52:35 - [MESSAGE][PASSED] - Text 'jo' is set on object 'Object Repository/ZhiHao/General_User_Submit_form 7/GN_Submit Form 7_Section C-D/Page_PERKESO/input_Done_select2-search__fie_C6_C7'

2019-02-21 16:52:35 - [TEST_STEP][PASSED] - delay(2): Delayed 2 second(s)

2019-02-21 16:52:37 - [MESSAGE][PASSED] - Delayed 2 second(s)

2019-02-21 16:52:37 - [TEST_STEP][PASSED] - setText(findTestObject("ZhiHao/General_User_Submit_form 7/GN_Submit Form 7_Section C-D/Page_PERKESO/input_Search Bandar_C6"), "jo"): Text 'jo' is set on object 'Object Repository/ZhiHao/General_User_Submit_form 7/GN_Submit Form 7_Section C-D/Page_PERKESO/input_Search Bandar_C6'

2019-02-21 16:52:38 - [MESSAGE][PASSED] - Text 'jo' is set on object 'Object Repository/ZhiHao/General_User_Submit_form 7/GN_Submit Form 7_Section C-D/Page_PERKESO/input_Search Bandar_C6'

2019-02-21 16:52:38 - [TEST_STEP][PASSED] - delay(2): Delayed 2 second(s)

2019-02-21 16:52:40 - [MESSAGE][PASSED] - Delayed 2 second(s)

2019-02-21 16:52:40 - [TEST_STEP][PASSED] - click(findTestObject("ZhiHao/General_User_Submit_form 7/GN_Submit Form 7_Section C-D/Page_PERKESO/select_JOHOR BAHRU_C6")): Object: 'Object Repository/ZhiHao/General_User_Submit_form 7/GN_Submit Form 7_Section C-D/Page_PERKESO/select_JOHOR BAHRU_C6' is clicked on

2019-02-21 16:52:40 - [MESSAGE][PASSED] - Object: 'Object Repository/ZhiHao/General_User_Submit_form 7/GN_Submit Form 7_Section C-D/Page_PERKESO/select_JOHOR BAHRU_C6' is clicked on

2019-02-21 16:52:40 - [TEST_STEP][PASSED] - delay(2): Delayed 2 second(s)

2019-02-21 16:52:42 - [MESSAGE][PASSED] - Delayed 2 second(s)

2019-02-21 16:52:42 - [TEST_STEP][PASSED] - click(findTestObject("ZhiHao/General_User_Submit_form 7/GN_Submit Form 7_Section C-D/Page_PERKESO/span_C7")): Object: 'Object Repository/ZhiHao/General_User_Submit_form 7/GN_Submit Form 7_Section C-D/Page_PERKESO/span_C7' is clicked on

2019-02-21 16:52:43 - [MESSAGE][PASSED] - Object: 'Object Repository/ZhiHao/General_User_Submit_form 7/GN_Submit Form 7_Section C-D/Page_PERKESO/span_C7' is clicked on

2019-02-21 16:52:43 - [TEST_STEP][PASSED] - delay(2): Delayed 2 second(s)

2019-02-21 16:52:45 - [MESSAGE][PASSED] - Delayed 2 second(s)

2019-02-21 16:52:45 - [TEST_STEP][PASSED] - setText(findTestObject("ZhiHao/General_User_Submit_form 7/GN_Submit Form 7_Section C-D/Page_PERKESO/input_Done_select2-search__fie_C6_C7"), "80"): Text '80' is set on object 'Object Repository/ZhiHao/General_User_Submit_form 7/GN_Submit Form 7_Section C-D/Page_PERKESO/input_Done_select2-search__fie_C6_C7'

2019-02-21 16:52:46 - [MESSAGE][PASSED] - Text '80' is set on object 'Object Repository/ZhiHao/General_User_Submit_form 7/GN_Submit Form 7_Section C-D/Page_PERKESO/input_Done_select2-search__fie_C6_C7'

2019-02-21 16:52:46 - [TEST_STEP][PASSED] - delay(2): Delayed 2 second(s)

2019-02-21 16:52:48 - [MESSAGE][PASSED] - Delayed 2 second(s)

2019-02-21 16:52:48 - [TEST_STEP][PASSED] - setText(findTestObject("ZhiHao/General_User_Submit_form 7/GN_Submit Form 7_Section C-D/Page_PERKESO/input_Search Postcode_C7"), "80"): Text '80' is set on object 'Object Repository/ZhiHao/General_User_Submit_form 7/GN_Submit Form 7_Section C-D/Page_PERKESO/input_Search Postcode_C7'

2019-02-21 16:52:48 - [MESSAGE][PASSED] - Text '80' is set on object 'Object Repository/ZhiHao/General_User_Submit_form 7/GN_Submit Form 7_Section C-D/Page_PERKESO/input_Search Postcode_C7'

2019-02-21 16:52:48 - [TEST_STEP][PASSED] - delay(2): Delayed 2 second(s)

2019-02-21 16:52:50 - [MESSAGE][PASSED] - Delayed 2 second(s)

2019-02-21 16:52:50 - [TEST_STEP][PASSED] - click(findTestObject("ZhiHao/General_User_Submit_form 7/GN_Submit Form 7_Section C-D/Page_PERKESO/select_80000_C7")): Object: 'Object Repository/ZhiHao/General_User_Submit_form 7/GN_Submit Form 7_Section C-D/Page_PERKESO/select_80000_C7' is clicked on

2019-02-21 16:52:50 - [MESSAGE][PASSED] - Object: 'Object Repository/ZhiHao/General_User_Submit_form 7/GN_Submit Form 7_Section C-D/Page_PERKESO/select_80000_C7' is clicked on

2019-02-21 16:52:50 - [TEST_STEP][PASSED] - click(findTestObject("ZhiHao/General_User_Submit_form 7/GN_Submit Form 7_Section C-D/Page_PERKESO/input_Tidak_C8")): Object: 'Object Repository/ZhiHao/General_User_Submit_form 7/GN_Submit Form 7_Section C-D/Page_PERKESO/input_Tidak_C8' is clicked on

2019-02-21 16:52:51 - [MESSAGE][PASSED] - Object: 'Object Repository/ZhiHao/General_User_Submit_form 7/GN_Submit Form 7_Section C-D/Page_PERKESO/input_Tidak_C8' is clicked on

2019-02-21 16:52:51 - [TEST_STEP][PASSED] - click(findTestObject("ZhiHao/General_User_Submit_form 7/GN_Submit Form 7_Section C-D/Page_PERKESO/input__employerInfo_C9")): Object: 'Object Repository/ZhiHao/General_User_Submit_form 7/GN_Submit Form 7_Section C-D/Page_PERKESO/input__employerInfo_C9' is clicked on

2019-02-21 16:52:51 - [MESSAGE][PASSED] - Object: 'Object Repository/ZhiHao/General_User_Submit_form 7/GN_Submit Form 7_Section C-D/Page_PERKESO/input__employerInfo_C9' is clicked on

2019-02-21 16:52:51 - [TEST_STEP][PASSED] - setText(findTestObject("ZhiHao/General_User_Submit_form 7/GN_Submit Form 7_Section C-D/Page_PERKESO/input__employerInfo_C9"), "riki"): Text 'riki' is set on object 'Object Repository/ZhiHao/General_User_Submit_form 7/GN_Submit Form 7_Section C-D/Page_PERKESO/input__employerInfo_C9'

2019-02-21 16:52:51 - [MESSAGE][PASSED] - Text 'riki' is set on object 'Object Repository/ZhiHao/General_User_Submit_form 7/GN_Submit Form 7_Section C-D/Page_PERKESO/input__employerInfo_C9'

2019-02-21 16:52:51 - [TEST_STEP][PASSED] - click(findTestObject("ZhiHao/General_User_Submit_form 7/GN_Submit Form 7_Section C-D/Page_PERKESO/input__employerInfo_contact_C10")): Object: 'Object Repository/ZhiHao/General_User_Submit_form 7/GN_Submit Form 7_Section C-D/Page_PERKESO/input__employerInfo_contact_C10' is clicked on

2019-02-21 16:52:51 - [MESSAGE][PASSED] - Object: 'Object Repository/ZhiHao/General_User_Submit_form 7/GN_Submit Form 7_Section C-D/Page_PERKESO/input__employerInfo_contact_C10' is clicked on

2019-02-21 16:52:51 - [TEST_STEP][PASSED] - setText(findTestObject("ZhiHao/General_User_Submit_form 7/GN_Submit Form 7_Section C-D/Page_PERKESO/input__employerInfo_contact_C10(2)"), "01988838746"): Text '01988838746' is set on object 'Object Repository/ZhiHao/General_User_Submit_form 7/GN_Submit Form 7_Section C-D/Page_PERKESO/input__employerInfo_contact_C10(2)'

2019-02-21 16:52:51 - [MESSAGE][PASSED] - Text '01988838746' is set on object 'Object Repository/ZhiHao/General_User_Submit_form 7/GN_Submit Form 7_Section C-D/Page_PERKESO/input__employerInfo_contact_C10(2)'

2019-02-21 16:52:51 - [TEST_STEP][PASSED] - click(findTestObject("ZhiHao/General_User_Submit_form 7/GN_Submit Form 7_Section C-D/Page_PERKESO/button_Halaman Seterus")): Object: 'Object Repository/ZhiHao/General_User_Submit_form 7/GN_Submit Form 7_Section C-D/Page_PERKESO/button_Halaman Seterus' is clicked on

2019-02-21 16:52:51 - [MESSAGE][PASSED] - Object: 'Object Repository/ZhiHao/General_User_Submit_form 7/GN_Submit Form 7_Section C-D/Page_PERKESO/button_Halaman Seterus' is clicked on

2019-02-21 16:52:51 - [TEST_STEP][PASSED] - delay(5): Delayed 5 second(s)

2019-02-21 16:52:56 - [MESSAGE][PASSED] - Delayed 5 second(s)

2019-02-21 16:52:56 - [TEST_STEP][PASSED] - click(findTestObject("ZhiHao/General_User_Submit_form 7/GN_Submit Form 7_Section C-D/Page_PERKESO/button_Halaman Seterus (section D)")): Object: 'Object Repository/ZhiHao/General_User_Submit_form 7/GN_Submit Form 7_Section C-D/Page_PERKESO/button_Halaman Seterus (section D)' is clicked on

2019-02-21 16:52:57 - [MESSAGE][PASSED] - Object: 'Object Repository/ZhiHao/General_User_Submit_form 7/GN_Submit Form 7_Section C-D/Page_PERKESO/button_Halaman Seterus (section D)' is clicked on

2019-02-21 16:52:57 - [TEST_STEP][PASSED] - delay(5): Delayed 5 second(s)

2019-02-21 16:53:02 - [MESSAGE][PASSED] - Delayed 5 second(s)

2019-02-21 16:53:02 - [MESSAGE][PASSED] - Call Test Case 'Test Cases/All TC/Arranged/3. Unit/EI/GN submit form 7/GN_Submit Form 7_Section C-D' successfully

2019-02-21 16:53:02 - [TEST_STEP][PASSED] - callTestCase(findTestCase("All TC/Arranged/3. Unit/EI/GN submit form 7/GN_Submit Form 7_Section E"), [:], STOP_ON_FAILURE): Call Test Case 'Test Cases/All TC/Arranged/3. Unit/EI/GN submit form 7/GN_Submit Form 7_Section E' successfully

2019-02-21 16:53:02 - [TEST_CASE][PASSED] - Test Cases/All TC/Arranged/3. Unit/EI/GN submit form 7/GN_Submit Form 7_Section E: Test Cases/All TC/Arranged/3. Unit/EI/GN submit form 7/GN_Submit Form 7_Section E

2019-02-21 16:53:02 - [TEST_STEP][PASSED] - click(findTestObject("ZhiHao/General_User_Submit_form 7/GN_Submit Form 7_Section E/Page_PERKESO/input__totalExpYear_E1")): Object: 'Object Repository/ZhiHao/General_User_Submit_form 7/GN_Submit Form 7_Section E/Page_PERKESO/input__totalExpYear_E1' is clicked on

2019-02-21 16:53:02 - [MESSAGE][PASSED] - Object: 'Object Repository/ZhiHao/General_User_Submit_form 7/GN_Submit Form 7_Section E/Page_PERKESO/input__totalExpYear_E1' is clicked on

2019-02-21 16:53:02 - [TEST_STEP][PASSED] - setText(findTestObject("ZhiHao/General_User_Submit_form 7/GN_Submit Form 7_Section E/Page_PERKESO/input__totalExpYear_E1"), "1"): Text '1' is set on object 'Object Repository/ZhiHao/General_User_Submit_form 7/GN_Submit Form 7_Section E/Page_PERKESO/input__totalExpYear_E1'

2019-02-21 16:53:02 - [MESSAGE][PASSED] - Text '1' is set on object 'Object Repository/ZhiHao/General_User_Submit_form 7/GN_Submit Form 7_Section E/Page_PERKESO/input__totalExpYear_E1'

2019-02-21 16:53:02 - [TEST_STEP][PASSED] - delay(2): Delayed 2 second(s)

2019-02-21 16:53:04 - [MESSAGE][PASSED] - Delayed 2 second(s)

2019-02-21 16:53:04 - [TEST_STEP][PASSED] - click(findTestObject("ZhiHao/General_User_Submit_form 7/GN_Submit Form 7_Section E/Page_PERKESO/input_Tahun_totalExpMonth_E1")): Object: 'Object Repository/ZhiHao/General_User_Submit_form 7/GN_Submit Form 7_Section E/Page_PERKESO/input_Tahun_totalExpMonth_E1' is clicked on

2019-02-21 16:53:04 - [MESSAGE][PASSED] - Object: 'Object Repository/ZhiHao/General_User_Submit_form 7/GN_Submit Form 7_Section E/Page_PERKESO/input_Tahun_totalExpMonth_E1' is clicked on

2019-02-21 16:53:04 - [TEST_STEP][PASSED] - setText(findTestObject("ZhiHao/General_User_Submit_form 7/GN_Submit Form 7_Section E/Page_PERKESO/input_Tahun_totalExpMonth_E1"), "1"): Text '1' is set on object 'Object Repository/ZhiHao/General_User_Submit_form 7/GN_Submit Form 7_Section E/Page_PERKESO/input_Tahun_totalExpMonth_E1'

2019-02-21 16:53:04 - [MESSAGE][PASSED] - Text '1' is set on object 'Object Repository/ZhiHao/General_User_Submit_form 7/GN_Submit Form 7_Section E/Page_PERKESO/input_Tahun_totalExpMonth_E1'

2019-02-21 16:53:04 - [TEST_STEP][PASSED] - click(findTestObject("ZhiHao/General_User_Submit_form 7/GN_Submit Form 7_Section E/Page_PERKESO/span_E2")): Object: 'Object Repository/ZhiHao/General_User_Submit_form 7/GN_Submit Form 7_Section E/Page_PERKESO/span_E2' is clicked on

2019-02-21 16:53:04 - [MESSAGE][PASSED] - Object: 'Object Repository/ZhiHao/General_User_Submit_form 7/GN_Submit Form 7_Section E/Page_PERKESO/span_E2' is clicked on

2019-02-21 16:53:04 - [TEST_STEP][PASSED] - click(findTestObject("ZhiHao/General_User_Submit_form 7/GN_Submit Form 7_Section E/Page_PERKESO/select_PMRPT3_E2")): Object: 'Object Repository/ZhiHao/General_User_Submit_form 7/GN_Submit Form 7_Section E/Page_PERKESO/select_PMRPT3_E2' is clicked on

2019-02-21 16:53:05 - [MESSAGE][PASSED] - Object: 'Object Repository/ZhiHao/General_User_Submit_form 7/GN_Submit Form 7_Section E/Page_PERKESO/select_PMRPT3_E2' is clicked on

2019-02-21 16:53:05 - [TEST_STEP][PASSED] - delay(2): Delayed 2 second(s)

2019-02-21 16:53:07 - [MESSAGE][PASSED] - Delayed 2 second(s)

2019-02-21 16:53:07 - [TEST_STEP][PASSED] - click(findTestObject("ZhiHao/General_User_Submit_form 7/GN_Submit Form 7_Section E/Page_PERKESO/span_E3")): Object: 'Object Repository/ZhiHao/General_User_Submit_form 7/GN_Submit Form 7_Section E/Page_PERKESO/span_E3' is clicked on

2019-02-21 16:53:07 - [MESSAGE][PASSED] - Object: 'Object Repository/ZhiHao/General_User_Submit_form 7/GN_Submit Form 7_Section E/Page_PERKESO/span_E3' is clicked on

2019-02-21 16:53:07 - [TEST_STEP][PASSED] - setText(findTestObject("ZhiHao/General_User_Submit_form 7/GN_Submit Form 7_Section E/Page_PERKESO/input_concat(id( select2-pref_E3"), "of"): Text 'of' is set on object 'Object Repository/ZhiHao/General_User_Submit_form 7/GN_Submit Form 7_Section E/Page_PERKESO/input_concat(id( select2-pref_E3'

2019-02-21 16:53:07 - [MESSAGE][PASSED] - Text 'of' is set on object 'Object Repository/ZhiHao/General_User_Submit_form 7/GN_Submit Form 7_Section E/Page_PERKESO/input_concat(id( select2-pref_E3'

2019-02-21 16:53:07 - [TEST_STEP][PASSED] - setText(findTestObject("ZhiHao/General_User_Submit_form 7/GN_Submit Form 7_Section E/Page_PERKESO/input_Done_select2-search__fie_E3"), "of"): Text 'of' is set on object 'Object Repository/ZhiHao/General_User_Submit_form 7/GN_Submit Form 7_Section E/Page_PERKESO/input_Done_select2-search__fie_E3'

2019-02-21 16:53:08 - [MESSAGE][PASSED] - Text 'of' is set on object 'Object Repository/ZhiHao/General_User_Submit_form 7/GN_Submit Form 7_Section E/Page_PERKESO/input_Done_select2-search__fie_E3'

2019-02-21 16:53:08 - [TEST_STEP][PASSED] - click(findTestObject("ZhiHao/General_User_Submit_form 7/GN_Submit Form 7_Section E/Page_PERKESO/select_Associate Director of Finan_E3")): Object: 'Object Repository/ZhiHao/General_User_Submit_form 7/GN_Submit Form 7_Section E/Page_PERKESO/select_Associate Director of Finan_E3' is clicked on

2019-02-21 16:53:08 - [MESSAGE][PASSED] - Object: 'Object Repository/ZhiHao/General_User_Submit_form 7/GN_Submit Form 7_Section E/Page_PERKESO/select_Associate Director of Finan_E3' is clicked on

2019-02-21 16:53:08 - [TEST_STEP][PASSED] - click(findTestObject("ZhiHao/General_User_Submit_form 7/GN_Submit Form 7_Section E/Page_PERKESO/span_E4")): Object: 'Object Repository/ZhiHao/General_User_Submit_form 7/GN_Submit Form 7_Section E/Page_PERKESO/span_E4' is clicked on

2019-02-21 16:53:08 - [MESSAGE][PASSED] - Object: 'Object Repository/ZhiHao/General_User_Submit_form 7/GN_Submit Form 7_Section E/Page_PERKESO/span_E4' is clicked on

2019-02-21 16:53:08 - [TEST_STEP][PASSED] - click(findTestObject("ZhiHao/General_User_Submit_form 7/GN_Submit Form 7_Section E/Page_PERKESO/select_JOHOR_E4")): Object: 'Object Repository/ZhiHao/General_User_Submit_form 7/GN_Submit Form 7_Section E/Page_PERKESO/select_JOHOR_E4' is clicked on

2019-02-21 16:53:08 - [MESSAGE][PASSED] - Object: 'Object Repository/ZhiHao/General_User_Submit_form 7/GN_Submit Form 7_Section E/Page_PERKESO/select_JOHOR_E4' is clicked on

2019-02-21 16:53:08 - [TEST_STEP][PASSED] - click(findTestObject("ZhiHao/General_User_Submit_form 7/GN_Submit Form 7_Section E/Page_PERKESO/input_Tidak_E7")): Object: 'Object Repository/ZhiHao/General_User_Submit_form 7/GN_Submit Form 7_Section E/Page_PERKESO/input_Tidak_E7' is clicked on

2019-02-21 16:53:08 - [MESSAGE][PASSED] - Object: 'Object Repository/ZhiHao/General_User_Submit_form 7/GN_Submit Form 7_Section E/Page_PERKESO/input_Tidak_E7' is clicked on

2019-02-21 16:53:08 - [TEST_STEP][PASSED] - click(findTestObject("ZhiHao/General_User_Submit_form 7/GN_Submit Form 7_Section E/Page_PERKESO/button_Halaman Seterus")): Object: 'Object Repository/ZhiHao/General_User_Submit_form 7/GN_Submit Form 7_Section E/Page_PERKESO/button_Halaman Seterus' is clicked on

2019-02-21 16:53:08 - [MESSAGE][PASSED] - Object: 'Object Repository/ZhiHao/General_User_Submit_form 7/GN_Submit Form 7_Section E/Page_PERKESO/button_Halaman Seterus' is clicked on

2019-02-21 16:53:08 - [TEST_STEP][PASSED] - delay(5): Delayed 5 second(s)

2019-02-21 16:53:13 - [MESSAGE][PASSED] - Delayed 5 second(s)

2019-02-21 16:53:13 - [MESSAGE][PASSED] - Call Test Case 'Test Cases/All TC/Arranged/3. Unit/EI/GN submit form 7/GN_Submit Form 7_Section E' successfully

2019-02-21 16:53:13 - [TEST_STEP][PASSED] - callTestCase(findTestCase("All TC/Arranged/3. Unit/EI/GN submit form 7/GN_Submit Form 7_Section F"), [:], STOP_ON_FAILURE): Call Test Case 'Test Cases/All TC/Arranged/3. Unit/EI/GN submit form 7/GN_Submit Form 7_Section F' successfully

2019-02-21 16:53:13 - [TEST_CASE][PASSED] - Test Cases/All TC/Arranged/3. Unit/EI/GN submit form 7/GN_Submit Form 7_Section F: Test Cases/All TC/Arranged/3. Unit/EI/GN submit form 7/GN_Submit Form 7_Section F

2019-02-21 16:53:13 - [TEST_STEP][PASSED] - delay(2): Delayed 2 second(s)

2019-02-21 16:53:15 - [MESSAGE][PASSED] - Delayed 2 second(s)

2019-02-21 16:53:15 - [TEST_STEP][PASSED] - click(findTestObject("ZhiHao/General_User_Submit_form 7/GN_Submit Form 7_Section F/Page_PERKESO/input_Tidak_F1")): Object: 'Object Repository/ZhiHao/General_User_Submit_form 7/GN_Submit Form 7_Section F/Page_PERKESO/input_Tidak_F1' is clicked on

2019-02-21 16:53:16 - [MESSAGE][PASSED] - Object: 'Object Repository/ZhiHao/General_User_Submit_form 7/GN_Submit Form 7_Section F/Page_PERKESO/input_Tidak_F1' is clicked on

2019-02-21 16:53:16 - [TEST_STEP][PASSED] - click(findTestObject("ZhiHao/General_User_Submit_form 7/GN_Submit Form 7_Section F/Page_PERKESO/span_F2")): Object: 'Object Repository/ZhiHao/General_User_Submit_form 7/GN_Submit Form 7_Section F/Page_PERKESO/span_F2' is clicked on

2019-02-21 16:53:16 - [MESSAGE][PASSED] - Object: 'Object Repository/ZhiHao/General_User_Submit_form 7/GN_Submit Form 7_Section F/Page_PERKESO/span_F2' is clicked on

2019-02-21 16:53:16 - [TEST_STEP][PASSED] - click(findTestObject("ZhiHao/General_User_Submit_form 7/GN_Submit Form 7_Section F/Page_PERKESO/select_ALLIANCE BANK BERHAD_F2")): Object: 'Object Repository/ZhiHao/General_User_Submit_form 7/GN_Submit Form 7_Section F/Page_PERKESO/select_ALLIANCE BANK BERHAD_F2' is clicked on

2019-02-21 16:53:16 - [MESSAGE][PASSED] - Object: 'Object Repository/ZhiHao/General_User_Submit_form 7/GN_Submit Form 7_Section F/Page_PERKESO/select_ALLIANCE BANK BERHAD_F2' is clicked on

2019-02-21 16:53:16 - [TEST_STEP][PASSED] - click(findTestObject("ZhiHao/General_User_Submit_form 7/GN_Submit Form 7_Section F/Page_PERKESO/input_Nombor akaun bank_F3")): Object: 'Object Repository/ZhiHao/General_User_Submit_form 7/GN_Submit Form 7_Section F/Page_PERKESO/input_Nombor akaun bank_F3' is clicked on

2019-02-21 16:53:16 - [MESSAGE][PASSED] - Object: 'Object Repository/ZhiHao/General_User_Submit_form 7/GN_Submit Form 7_Section F/Page_PERKESO/input_Nombor akaun bank_F3' is clicked on

2019-02-21 16:53:16 - [TEST_STEP][PASSED] - setText(findTestObject("ZhiHao/General_User_Submit_form 7/GN_Submit Form 7_Section F/Page_PERKESO/input_Nombor akaun bank_F3"), "556677"): Text '556677' is set on object 'Object Repository/ZhiHao/General_User_Submit_form 7/GN_Submit Form 7_Section F/Page_PERKESO/input_Nombor akaun bank_F3'

2019-02-21 16:53:16 - [MESSAGE][PASSED] - Text '556677' is set on object 'Object Repository/ZhiHao/General_User_Submit_form 7/GN_Submit Form 7_Section F/Page_PERKESO/input_Nombor akaun bank_F3'

2019-02-21 16:53:16 - [TEST_STEP][PASSED] - click(findTestObject("ZhiHao/General_User_Submit_form 7/GN_Submit Form 7_Section F/Page_PERKESO/button_Halaman Seterus")): Object: 'Object Repository/ZhiHao/General_User_Submit_form 7/GN_Submit Form 7_Section F/Page_PERKESO/button_Halaman Seterus' is clicked on

2019-02-21 16:53:16 - [MESSAGE][PASSED] - Object: 'Object Repository/ZhiHao/General_User_Submit_form 7/GN_Submit Form 7_Section F/Page_PERKESO/button_Halaman Seterus' is clicked on

2019-02-21 16:53:16 - [TEST_STEP][PASSED] - delay(3): Delayed 3 second(s)

2019-02-21 16:53:19 - [MESSAGE][PASSED] - Delayed 3 second(s)

2019-02-21 16:53:19 - [MESSAGE][PASSED] - Call Test Case 'Test Cases/All TC/Arranged/3. Unit/EI/GN submit form 7/GN_Submit Form 7_Section F' successfully

2019-02-21 16:53:19 - [TEST_STEP][PASSED] - callTestCase(findTestCase("All TC/Arranged/3. Unit/EI/GN submit form 7/GN_Submit Form 7_Section G"), [:], STOP_ON_FAILURE): Call Test Case 'Test Cases/All TC/Arranged/3. Unit/EI/GN submit form 7/GN_Submit Form 7_Section G' successfully

2019-02-21 16:53:20 - [TEST_CASE][PASSED] - Test Cases/All TC/Arranged/3. Unit/EI/GN submit form 7/GN_Submit Form 7_Section G: Test Cases/All TC/Arranged/3. Unit/EI/GN submit form 7/GN_Submit Form 7_Section G

2019-02-21 16:53:20 - [TEST_STEP][PASSED] - delay(2): Delayed 2 second(s)

2019-02-21 16:53:22 - [MESSAGE][PASSED] - Delayed 2 second(s)

2019-02-21 16:53:22 - [TEST_STEP][PASSED] - click(findTestObject("ZhiHao/General_User_Submit_form 7/GN_Submit Form 7_Section G/Page_PERKESO/input_Name Waris_G2")): Object: 'Object Repository/ZhiHao/General_User_Submit_form 7/GN_Submit Form 7_Section G/Page_PERKESO/input_Name Waris_G2' is clicked on

2019-02-21 16:53:22 - [MESSAGE][PASSED] - Object: 'Object Repository/ZhiHao/General_User_Submit_form 7/GN_Submit Form 7_Section G/Page_PERKESO/input_Name Waris_G2' is clicked on

2019-02-21 16:53:22 - [TEST_STEP][PASSED] - setText(findTestObject("ZhiHao/General_User_Submit_form 7/GN_Submit Form 7_Section G/Page_PERKESO/input_Name Waris_G2"), "qwertyuiop"): Text 'qwertyuiop' is set on object 'Object Repository/ZhiHao/General_User_Submit_form 7/GN_Submit Form 7_Section G/Page_PERKESO/input_Name Waris_G2'

2019-02-21 16:53:22 - [MESSAGE][PASSED] - Text 'qwertyuiop' is set on object 'Object Repository/ZhiHao/General_User_Submit_form 7/GN_Submit Form 7_Section G/Page_PERKESO/input_Name Waris_G2'

2019-02-21 16:53:22 - [TEST_STEP][PASSED] - delay(2): Delayed 2 second(s)

2019-02-21 16:53:24 - [MESSAGE][PASSED] - Delayed 2 second(s)

2019-02-21 16:53:24 - [TEST_STEP][PASSED] - click(findTestObject("ZhiHao/General_User_Submit_form 7/GN_Submit Form 7_Section G/Page_PERKESO/click_Kad Pengenalan_G2")): Object: 'Object Repository/ZhiHao/General_User_Submit_form 7/GN_Submit Form 7_Section G/Page_PERKESO/click_Kad Pengenalan_G2' is clicked on

2019-02-21 16:53:24 - [MESSAGE][PASSED] - Object: 'Object Repository/ZhiHao/General_User_Submit_form 7/GN_Submit Form 7_Section G/Page_PERKESO/click_Kad Pengenalan_G2' is clicked on

2019-02-21 16:53:24 - [TEST_STEP][PASSED] - setText(findTestObject("ZhiHao/General_User_Submit_form 7/GN_Submit Form 7_Section G/Page_PERKESO/input_Kad Pengenalan_G2"), "111111223333"): Text '111111223333' is set on object 'Object Repository/ZhiHao/General_User_Submit_form 7/GN_Submit Form 7_Section G/Page_PERKESO/input_Kad Pengenalan_G2'

2019-02-21 16:53:24 - [MESSAGE][PASSED] - Text '111111223333' is set on object 'Object Repository/ZhiHao/General_User_Submit_form 7/GN_Submit Form 7_Section G/Page_PERKESO/input_Kad Pengenalan_G2'

2019-02-21 16:53:24 - [TEST_STEP][PASSED] - delay(2): Delayed 2 second(s)

2019-02-21 16:53:26 - [MESSAGE][PASSED] - Delayed 2 second(s)

2019-02-21 16:53:26 - [TEST_STEP][PASSED] - click(findTestObject("ZhiHao/General_User_Submit_form 7/GN_Submit Form 7_Section G/Page_PERKESO/click_Tarikh Kelahiran_G2")): Object: 'Object Repository/ZhiHao/General_User_Submit_form 7/GN_Submit Form 7_Section G/Page_PERKESO/click_Tarikh Kelahiran_G2' is clicked on

2019-02-21 16:53:26 - [MESSAGE][PASSED] - Object: 'Object Repository/ZhiHao/General_User_Submit_form 7/GN_Submit Form 7_Section G/Page_PERKESO/click_Tarikh Kelahiran_G2' is clicked on

2019-02-21 16:53:26 - [TEST_STEP][PASSED] - setText(findTestObject("ZhiHao/General_User_Submit_form 7/GN_Submit Form 7_Section G/Page_PERKESO/input_Tarikh Kelahiran_G2"), "1/1/1977"): Text '1/1/1977' is set on object 'Object Repository/ZhiHao/General_User_Submit_form 7/GN_Submit Form 7_Section G/Page_PERKESO/input_Tarikh Kelahiran_G2'

2019-02-21 16:53:27 - [MESSAGE][PASSED] - Text '1/1/1977' is set on object 'Object Repository/ZhiHao/General_User_Submit_form 7/GN_Submit Form 7_Section G/Page_PERKESO/input_Tarikh Kelahiran_G2'

2019-02-21 16:53:27 - [TEST_STEP][PASSED] - click(findTestObject("ZhiHao/General_User_Submit_form 7/GN_Submit Form 7_Section G/Page_PERKESO/click_button_Done")): Object: 'Object Repository/ZhiHao/General_User_Submit_form 7/GN_Submit Form 7_Section G/Page_PERKESO/click_button_Done' is clicked on

2019-02-21 16:53:27 - [MESSAGE][PASSED] - Object: 'Object Repository/ZhiHao/General_User_Submit_form 7/GN_Submit Form 7_Section G/Page_PERKESO/click_button_Done' is clicked on

2019-02-21 16:53:27 - [TEST_STEP][PASSED] - delay(2): Delayed 2 second(s)

2019-02-21 16:53:29 - [MESSAGE][PASSED] - Delayed 2 second(s)

2019-02-21 16:53:29 - [TEST_STEP][PASSED] - click(findTestObject("ZhiHao/General_User_Submit_form 7/GN_Submit Form 7_Section G/Page_PERKESO/span_Isteri_G2")): Object: 'Object Repository/ZhiHao/General_User_Submit_form 7/GN_Submit Form 7_Section G/Page_PERKESO/span_Isteri_G2' is clicked on

2019-02-21 16:53:29 - [MESSAGE][PASSED] - Object: 'Object Repository/ZhiHao/General_User_Submit_form 7/GN_Submit Form 7_Section G/Page_PERKESO/span_Isteri_G2' is clicked on

2019-02-21 16:53:29 - [TEST_STEP][PASSED] - delay(1): Delayed 1 second(s)

2019-02-21 16:53:30 - [MESSAGE][PASSED] - Delayed 1 second(s)

2019-02-21 16:53:30 - [TEST_STEP][PASSED] - click(findTestObject("ZhiHao/General_User_Submit_form 7/GN_Submit Form 7_Section G/Page_PERKESO/select_Adik-beradik_G2")): Object: 'Object Repository/ZhiHao/General_User_Submit_form 7/GN_Submit Form 7_Section G/Page_PERKESO/select_Adik-beradik_G2' is clicked on

2019-02-21 16:53:30 - [MESSAGE][PASSED] - Object: 'Object Repository/ZhiHao/General_User_Submit_form 7/GN_Submit Form 7_Section G/Page_PERKESO/select_Adik-beradik_G2' is clicked on

2019-02-21 16:53:30 - [TEST_STEP][PASSED] - delay(2): Delayed 2 second(s)

2019-02-21 16:53:32 - [MESSAGE][PASSED] - Delayed 2 second(s)

2019-02-21 16:53:32 - [TEST_STEP][PASSED] - click(findTestObject("ZhiHao/General_User_Submit_form 7/GN_Submit Form 7_Section G/Page_PERKESO/button_Halaman Seterus")): Object: 'Object Repository/ZhiHao/General_User_Submit_form 7/GN_Submit Form 7_Section G/Page_PERKESO/button_Halaman Seterus' is clicked on

2019-02-21 16:53:32 - [MESSAGE][PASSED] - Object: 'Object Repository/ZhiHao/General_User_Submit_form 7/GN_Submit Form 7_Section G/Page_PERKESO/button_Halaman Seterus' is clicked on

2019-02-21 16:53:32 - [TEST_STEP][PASSED] - delay(5): Delayed 5 second(s)

2019-02-21 16:53:37 - [MESSAGE][PASSED] - Delayed 5 second(s)

2019-02-21 16:53:37 - [MESSAGE][PASSED] - Call Test Case 'Test Cases/All TC/Arranged/3. Unit/EI/GN submit form 7/GN_Submit Form 7_Section G' successfully

2019-02-21 16:53:37 - [TEST_STEP][PASSED] - callTestCase(findTestCase("All TC/Arranged/3. Unit/EI/GN submit form 7/GN_Submit Form 7_Section H"), [:], STOP_ON_FAILURE): Call Test Case 'Test Cases/All TC/Arranged/3. Unit/EI/GN submit form 7/GN_Submit Form 7_Section H' successfully

2019-02-21 16:53:37 - [TEST_CASE][PASSED] - Test Cases/All TC/Arranged/3. Unit/EI/GN submit form 7/GN_Submit Form 7_Section H: Test Cases/All TC/Arranged/3. Unit/EI/GN submit form 7/GN_Submit Form 7_Section H

2019-02-21 16:53:37 - [TEST_STEP][PASSED] - delay(3): Delayed 3 second(s)

2019-02-21 16:53:40 - [MESSAGE][PASSED] - Delayed 3 second(s)

2019-02-21 16:53:40 - [TEST_STEP][PASSED] - click(findTestObject("ZhiHao/General_User_Submit_form 7/GN_Submit Form 7_Section H/Page_PERKESO/Tick_H1")): Object: 'Object Repository/ZhiHao/General_User_Submit_form 7/GN_Submit Form 7_Section H/Page_PERKESO/Tick_H1' is clicked on

2019-02-21 16:53:41 - [MESSAGE][PASSED] - Object: 'Object Repository/ZhiHao/General_User_Submit_form 7/GN_Submit Form 7_Section H/Page_PERKESO/Tick_H1' is clicked on

2019-02-21 16:53:41 - [TEST_STEP][PASSED] - click(findTestObject("ZhiHao/General_User_Submit_form 7/GN_Submit Form 7_Section H/Page_PERKESO/Tick_H4")): Object: 'Object Repository/ZhiHao/General_User_Submit_form 7/GN_Submit Form 7_Section H/Page_PERKESO/Tick_H4' is clicked on

2019-02-21 16:53:41 - [MESSAGE][PASSED] - Object: 'Object Repository/ZhiHao/General_User_Submit_form 7/GN_Submit Form 7_Section H/Page_PERKESO/Tick_H4' is clicked on

2019-02-21 16:53:41 - [TEST_STEP][PASSED] - click(findTestObject("ZhiHao/General_User_Submit_form 7/GN_Submit Form 7_Section H/Page_PERKESO/Tick_H5")): Object: 'Object Repository/ZhiHao/General_User_Submit_form 7/GN_Submit Form 7_Section H/Page_PERKESO/Tick_H5' is clicked on

2019-02-21 16:53:41 - [MESSAGE][PASSED] - Object: 'Object Repository/ZhiHao/General_User_Submit_form 7/GN_Submit Form 7_Section H/Page_PERKESO/Tick_H5' is clicked on

2019-02-21 16:53:41 - [TEST_STEP][PASSED] - click(findTestObject("ZhiHao/General_User_Submit_form 7/GN_Submit Form 7_Section H/Page_PERKESO/click_upload button_I")): Object: 'Object Repository/ZhiHao/General_User_Submit_form 7/GN_Submit Form 7_Section H/Page_PERKESO/click_upload button_I' is clicked on

2019-02-21 16:53:41 - [MESSAGE][PASSED] - Object: 'Object Repository/ZhiHao/General_User_Submit_form 7/GN_Submit Form 7_Section H/Page_PERKESO/click_upload button_I' is clicked on

2019-02-21 16:53:41 - [TEST_STEP][PASSED] - delay(2): Delayed 2 second(s)

2019-02-21 16:53:43 - [MESSAGE][PASSED] - Delayed 2 second(s)

2019-02-21 16:53:43 - [TEST_STEP][PASSED] - sendKeys(findTestObject("ZhiHao/General_User_Submit_form 7/GN_Submit Form 7_Section H/Page_PERKESO/click_choose file button_I"), TextFilePathCommon + "\UploadDoc.txt"): Keys 'C:\Users\Admin\Documents\GitHub\PKSKatalon\PKS-EI-ES\Common Zone\UploadDoc.txt' sent to object: 'Object Repository/ZhiHao/General_User_Submit_form 7/GN_Submit Form 7_Section H/Page_PERKESO/click_choose file button_I'

2019-02-21 16:53:43 - [MESSAGE][PASSED] - Keys 'C:\Users\Admin\Documents\GitHub\PKSKatalon\PKS-EI-ES\Common Zone\UploadDoc.txt' sent to object: 'Object Repository/ZhiHao/General_User_Submit_form 7/GN_Submit Form 7_Section H/Page_PERKESO/click_choose file button_I'

2019-02-21 16:53:43 - [TEST_STEP][PASSED] - delay(2): Delayed 2 second(s)

2019-02-21 16:53:45 - [MESSAGE][PASSED] - Delayed 2 second(s)

2019-02-21 16:53:45 - [TEST_STEP][PASSED] - click(findTestObject("ZhiHao/General_User_Submit_form 7/GN_Submit Form 7_Section H/Page_PERKESO/click_button_Tambah Dokumen_I")): Object: 'Object Repository/ZhiHao/General_User_Submit_form 7/GN_Submit Form 7_Section H/Page_PERKESO/click_button_Tambah Dokumen_I' is clicked on

2019-02-21 16:53:45 - [MESSAGE][PASSED] - Object: 'Object Repository/ZhiHao/General_User_Submit_form 7/GN_Submit Form 7_Section H/Page_PERKESO/click_button_Tambah Dokumen_I' is clicked on

2019-02-21 16:53:45 - [TEST_STEP][PASSED] - delay(3): Delayed 3 second(s)

2019-02-21 16:53:48 - [MESSAGE][PASSED] - Delayed 3 second(s)

2019-02-21 16:53:48 - [TEST_STEP][PASSED] - acceptAlert(): Alert accepted

2019-02-21 16:53:48 - [MESSAGE][PASSED] - Alert accepted

2019-02-21 16:53:48 - [TEST_STEP][PASSED] - delay(5): Delayed 5 second(s)

2019-02-21 16:53:53 - [MESSAGE][PASSED] - Delayed 5 second(s)

2019-02-21 16:53:53 - [TEST_STEP][PASSED] - click(findTestObject("ZhiHao/General_User_Submit_form 7/GN_Submit Form 7_Section H/Page_PERKESO/click_upload button_I (2)")): Object: 'Object Repository/ZhiHao/General_User_Submit_form 7/GN_Submit Form 7_Section H/Page_PERKESO/click_upload button_I (2)' is clicked on

2019-02-21 16:53:53 - [MESSAGE][PASSED] - Object: 'Object Repository/ZhiHao/General_User_Submit_form 7/GN_Submit Form 7_Section H/Page_PERKESO/click_upload button_I (2)' is clicked on

2019-02-21 16:53:53 - [TEST_STEP][PASSED] - delay(3): Delayed 3 second(s)

2019-02-21 16:53:56 - [MESSAGE][PASSED] - Delayed 3 second(s)

2019-02-21 16:53:56 - [TEST_STEP][PASSED] - click(findTestObject("ZhiHao/General_User_Submit_form 7/GN_Submit Form 7_Section H/Page_PERKESO/input_Ya_optradio_I")): Object: 'Object Repository/ZhiHao/General_User_Submit_form 7/GN_Submit Form 7_Section H/Page_PERKESO/input_Ya_optradio_I' is clicked on

2019-02-21 16:53:57 - [MESSAGE][PASSED] - Object: 'Object Repository/ZhiHao/General_User_Submit_form 7/GN_Submit Form 7_Section H/Page_PERKESO/input_Ya_optradio_I' is clicked on

2019-02-21 16:53:57 - [TEST_STEP][PASSED] - delay(3): Delayed 3 second(s)

2019-02-21 16:54:00 - [MESSAGE][PASSED] - Delayed 3 second(s)

2019-02-21 16:54:00 - [TEST_STEP][PASSED] - sendKeys(findTestObject("ZhiHao/General_User_Submit_form 7/GN_Submit Form 7_Section H/Page_PERKESO/click_choose file button_I"), TextFilePathCommon + "\UploadDoc.txt"): Keys 'C:\Users\Admin\Documents\GitHub\PKSKatalon\PKS-EI-ES\Common Zone\UploadDoc.txt' sent to object: 'Object Repository/ZhiHao/General_User_Submit_form 7/GN_Submit Form 7_Section H/Page_PERKESO/click_choose file button_I'

2019-02-21 16:54:00 - [MESSAGE][PASSED] - Keys 'C:\Users\Admin\Documents\GitHub\PKSKatalon\PKS-EI-ES\Common Zone\UploadDoc.txt' sent to object: 'Object Repository/ZhiHao/General_User_Submit_form 7/GN_Submit Form 7_Section H/Page_PERKESO/click_choose file button_I'

2019-02-21 16:54:00 - [TEST_STEP][PASSED] - delay(3): Delayed 3 second(s)

2019-02-21 16:54:03 - [MESSAGE][PASSED] - Delayed 3 second(s)

2019-02-21 16:54:03 - [TEST_STEP][PASSED] - click(findTestObject("ZhiHao/General_User_Submit_form 7/GN_Submit Form 7_Section H/Page_PERKESO/click_button_Tambah Dokumen_I")): Object: 'Object Repository/ZhiHao/General_User_Submit_form 7/GN_Submit Form 7_Section H/Page_PERKESO/click_button_Tambah Dokumen_I' is clicked on

2019-02-21 16:54:03 - [MESSAGE][PASSED] - Object: 'Object Repository/ZhiHao/General_User_Submit_form 7/GN_Submit Form 7_Section H/Page_PERKESO/click_button_Tambah Dokumen_I' is clicked on

2019-02-21 16:54:03 - [TEST_STEP][PASSED] - delay(3): Delayed 3 second(s)

2019-02-21 16:54:06 - [MESSAGE][PASSED] - Delayed 3 second(s)

2019-02-21 16:54:06 - [TEST_STEP][PASSED] - acceptAlert(): Alert accepted

2019-02-21 16:54:06 - [MESSAGE][PASSED] - Alert accepted

2019-02-21 16:54:06 - [TEST_STEP][PASSED] - delay(5): Delayed 5 second(s)

2019-02-21 16:54:11 - [MESSAGE][PASSED] - Delayed 5 second(s)

2019-02-21 16:54:11 - [TEST_STEP][PASSED] - click(findTestObject("ZhiHao/General_User_Submit_form 7/GN_Submit Form 7_Section H/Page_PERKESO/click_upload button_I (3)")): Object: 'Object Repository/ZhiHao/General_User_Submit_form 7/GN_Submit Form 7_Section H/Page_PERKESO/click_upload button_I (3)' is clicked on

2019-02-21 16:54:11 - [MESSAGE][PASSED] - Object: 'Object Repository/ZhiHao/General_User_Submit_form 7/GN_Submit Form 7_Section H/Page_PERKESO/click_upload button_I (3)' is clicked on

2019-02-21 16:54:11 - [TEST_STEP][PASSED] - delay(3): Delayed 3 second(s)

2019-02-21 16:54:14 - [MESSAGE][PASSED] - Delayed 3 second(s)

2019-02-21 16:54:14 - [TEST_STEP][PASSED] - click(findTestObject("ZhiHao/General_User_Submit_form 7/GN_Submit Form 7_Section H/Page_PERKESO/input_Ya_optradio_I")): Object: 'Object Repository/ZhiHao/General_User_Submit_form 7/GN_Submit Form 7_Section H/Page_PERKESO/input_Ya_optradio_I' is clicked on

2019-02-21 16:54:14 - [MESSAGE][PASSED] - Object: 'Object Repository/ZhiHao/General_User_Submit_form 7/GN_Submit Form 7_Section H/Page_PERKESO/input_Ya_optradio_I' is clicked on

2019-02-21 16:54:14 - [TEST_STEP][PASSED] - delay(3): Delayed 3 second(s)

2019-02-21 16:54:17 - [MESSAGE][PASSED] - Delayed 3 second(s)

2019-02-21 16:54:17 - [TEST_STEP][PASSED] - sendKeys(findTestObject("ZhiHao/General_User_Submit_form 7/GN_Submit Form 7_Section H/Page_PERKESO/click_choose file button_I"), TextFilePathCommon + "\UploadDoc.txt"): Keys 'C:\Users\Admin\Documents\GitHub\PKSKatalon\PKS-EI-ES\Common Zone\UploadDoc.txt' sent to object: 'Object Repository/ZhiHao/General_User_Submit_form 7/GN_Submit Form 7_Section H/Page_PERKESO/click_choose file button_I'

2019-02-21 16:54:17 - [MESSAGE][PASSED] - Keys 'C:\Users\Admin\Documents\GitHub\PKSKatalon\PKS-EI-ES\Common Zone\UploadDoc.txt' sent to object: 'Object Repository/ZhiHao/General_User_Submit_form 7/GN_Submit Form 7_Section H/Page_PERKESO/click_choose file button_I'

2019-02-21 16:54:17 - [TEST_STEP][PASSED] - delay(3): Delayed 3 second(s)

2019-02-21 16:54:20 - [MESSAGE][PASSED] - Delayed 3 second(s)

2019-02-21 16:54:20 - [TEST_STEP][PASSED] - click(findTestObject("ZhiHao/General_User_Submit_form 7/GN_Submit Form 7_Section H/Page_PERKESO/click_button_Tambah Dokumen_I")): Object: 'Object Repository/ZhiHao/General_User_Submit_form 7/GN_Submit Form 7_Section H/Page_PERKESO/click_button_Tambah Dokumen_I' is clicked on

2019-02-21 16:54:20 - [MESSAGE][PASSED] - Object: 'Object Repository/ZhiHao/General_User_Submit_form 7/GN_Submit Form 7_Section H/Page_PERKESO/click_button_Tambah Dokumen_I' is clicked on

2019-02-21 16:54:20 - [TEST_STEP][PASSED] - delay(3): Delayed 3 second(s)

2019-02-21 16:54:23 - [MESSAGE][PASSED] - Delayed 3 second(s)

2019-02-21 16:54:23 - [TEST_STEP][PASSED] - acceptAlert(): Alert accepted

2019-02-21 16:54:23 - [MESSAGE][PASSED] - Alert accepted

2019-02-21 16:54:23 - [TEST_STEP][PASSED] - delay(5): Delayed 5 second(s)

2019-02-21 16:54:28 - [MESSAGE][PASSED] - Delayed 5 second(s)

2019-02-21 16:54:28 - [TEST_STEP][PASSED] - click(findTestObject("ZhiHao/General_User_Submit_form 7/GN_Submit Form 7_Section H/Page_PERKESO/click_upload button_I (4)")): Object: 'Object Repository/ZhiHao/General_User_Submit_form 7/GN_Submit Form 7_Section H/Page_PERKESO/click_upload button_I (4)' is clicked on

2019-02-21 16:54:29 - [MESSAGE][PASSED] - Object: 'Object Repository/ZhiHao/General_User_Submit_form 7/GN_Submit Form 7_Section H/Page_PERKESO/click_upload button_I (4)' is clicked on

2019-02-21 16:54:29 - [TEST_STEP][PASSED] - delay(3): Delayed 3 second(s)

2019-02-21 16:54:32 - [MESSAGE][PASSED] - Delayed 3 second(s)

2019-02-21 16:54:32 - [TEST_STEP][PASSED] - click(findTestObject("ZhiHao/General_User_Submit_form 7/GN_Submit Form 7_Section H/Page_PERKESO/Page_PERKESO/input_Tidak_optradio")): Object: 'Object Repository/ZhiHao/General_User_Submit_form 7/GN_Submit Form 7_Section H/Page_PERKESO/Page_PERKESO/input_Tidak_optradio' is clicked on

2019-02-21 16:54:32 - [MESSAGE][PASSED] - Object: 'Object Repository/ZhiHao/General_User_Submit_form 7/GN_Submit Form 7_Section H/Page_PERKESO/Page_PERKESO/input_Tidak_optradio' is clicked on

2019-02-21 16:54:32 - [TEST_STEP][PASSED] - delay(3): Delayed 3 second(s)

2019-02-21 16:54:35 - [MESSAGE][PASSED] - Delayed 3 second(s)

2019-02-21 16:54:35 - [TEST_STEP][PASSED] - setText(findTestObject("ZhiHao/General_User_Submit_form 7/GN_Submit Form 7_Section H/Page_PERKESO/input_Maklumat Account"), "test"): Text 'test' is set on object 'Object Repository/ZhiHao/General_User_Submit_form 7/GN_Submit Form 7_Section H/Page_PERKESO/input_Maklumat Account'

2019-02-21 16:54:35 - [MESSAGE][PASSED] - Text 'test' is set on object 'Object Repository/ZhiHao/General_User_Submit_form 7/GN_Submit Form 7_Section H/Page_PERKESO/input_Maklumat Account'

2019-02-21 16:54:35 - [TEST_STEP][PASSED] - delay(3): Delayed 3 second(s)

2019-02-21 16:54:38 - [MESSAGE][PASSED] - Delayed 3 second(s)

2019-02-21 16:54:38 - [TEST_STEP][PASSED] - setText(findTestObject("ZhiHao/General_User_Submit_form 7/GN_Submit Form 7_Section H/Page_PERKESO/input_Kenyataan Pemohon"), "testing"): Text 'testing' is set on object 'Object Repository/ZhiHao/General_User_Submit_form 7/GN_Submit Form 7_Section H/Page_PERKESO/input_Kenyataan Pemohon'

2019-02-21 16:54:38 - [MESSAGE][PASSED] - Text 'testing' is set on object 'Object Repository/ZhiHao/General_User_Submit_form 7/GN_Submit Form 7_Section H/Page_PERKESO/input_Kenyataan Pemohon'

2019-02-21 16:54:38 - [TEST_STEP][PASSED] - delay(3): Delayed 3 second(s)

2019-02-21 16:54:41 - [MESSAGE][PASSED] - Delayed 3 second(s)

2019-02-21 16:54:41 - [TEST_STEP][PASSED] - click(findTestObject("ZhiHao/General_User_Submit_form 7/GN_Submit Form 7_Section H/Page_PERKESO/click_button_Hantar")): Object: 'Object Repository/ZhiHao/General_User_Submit_form 7/GN_Submit Form 7_Section H/Page_PERKESO/click_button_Hantar' is clicked on

2019-02-21 16:54:42 - [MESSAGE][PASSED] - Object: 'Object Repository/ZhiHao/General_User_Submit_form 7/GN_Submit Form 7_Section H/Page_PERKESO/click_button_Hantar' is clicked on

2019-02-21 16:54:42 - [TEST_STEP][PASSED] - delay(3): Delayed 3 second(s)

2019-02-21 16:54:45 - [MESSAGE][PASSED] - Delayed 3 second(s)

2019-02-21 16:54:45 - [TEST_STEP][PASSED] - acceptAlert(): Alert accepted

2019-02-21 16:54:45 - [MESSAGE][PASSED] - Alert accepted

2019-02-21 16:54:45 - [TEST_STEP][PASSED] - delay(3): Delayed 3 second(s)

2019-02-21 16:54:48 - [MESSAGE][PASSED] - Delayed 3 second(s)

2019-02-21 16:54:48 - [TEST_STEP][PASSED] - click(findTestObject("ZhiHao/General_User_Submit_form 7/GN_Submit Form 7_Section H/Page_PERKESO/click_button_Hantar (1)")): Object: 'Object Repository/ZhiHao/General_User_Submit_form 7/GN_Submit Form 7_Section H/Page_PERKESO/click_button_Hantar (1)' is clicked on

2019-02-21 16:54:48 - [MESSAGE][PASSED] - Object: 'Object Repository/ZhiHao/General_User_Submit_form 7/GN_Submit Form 7_Section H/Page_PERKESO/click_button_Hantar (1)' is clicked on

2019-02-21 16:54:48 - [TEST_STEP][PASSED] - delay(3, STOP_ON_FAILURE): Delayed 3 second(s)

2019-02-21 16:54:51 - [MESSAGE][PASSED] - Delayed 3 second(s)

2019-02-21 16:54:51 - [TEST_STEP][PASSED] - IC = getText(findTestObject("ZhiHao/General_User_Submit_form 7/GN_Submit Form 7_Section H/Page_PERKESO/strong_821210105280 (1)")): Text of object 'Object Repository/ZhiHao/General_User_Submit_form 7/GN_Submit Form 7_Section H/Page_PERKESO/strong_821210105280 (1)' is: '900130085094'

2019-02-21 16:54:51 - [MESSAGE][PASSED] - Text of object 'Object Repository/ZhiHao/General_User_Submit_form 7/GN_Submit Form 7_Section H/Page_PERKESO/strong_821210105280 (1)' is: '900130085094'

2019-02-21 16:54:51 - [TEST_STEP][PASSED] - callTestCase(findTestCase("All TC/Arranged/1. Common/1.2 Setter/Setter IC"), [:], STOP_ON_FAILURE): Call Test Case 'Test Cases/All TC/Arranged/1. Common/1.2 Setter/Setter IC' successfully

2019-02-21 16:54:51 - [TEST_CASE][PASSED] - Test Cases/All TC/Arranged/1. Common/1.2 Setter/Setter IC: Test Cases/All TC/Arranged/1. Common/1.2 Setter/Setter IC

2019-02-21 16:54:51 - [TEST_STEP][PASSED] - RefNoOldFile = new java.io.File((internal.GlobalVariable.TextFilePathCommon + \getIC.txt)): null

2019-02-21 16:54:51 - [TEST_STEP][PASSED] - RefNoOldFile.delete(): null

2019-02-21 16:54:51 - [TEST_STEP][PASSED] - delay(5): Delayed 5 second(s)

2019-02-21 16:54:56 - [MESSAGE][PASSED] - Delayed 5 second(s)

2019-02-21 16:54:56 - [TEST_STEP][PASSED] - RefNo = new java.io.File((internal.GlobalVariable.TextFilePathCommon + \getIC.txt)): null

2019-02-21 16:54:56 - [TEST_STEP][PASSED] - f2 = new java.io.FileWriter(RefNo, false): null

2019-02-21 16:54:56 - [TEST_STEP][PASSED] - f2.write(IC): null

2019-02-21 16:54:56 - [TEST_STEP][PASSED] - f2.close(): null

2019-02-21 16:54:56 - [TEST_STEP][PASSED] - out.println("


" + IC + "


"): null

2019-02-21 16:54:56 - [MESSAGE][PASSED] - Call Test Case 'Test Cases/All TC/Arranged/1. Common/1.2 Setter/Setter IC' successfully

2019-02-21 16:54:56 - [TEST_STEP][PASSED] - Password = getText(findTestObject("ZhiHao/General_User_Submit_form 7/GN_Submit Form 7_Section H/Page_PERKESO/strong_k76N7BsG (1)")): Text of object 'Object Repository/ZhiHao/General_User_Submit_form 7/GN_Submit Form 7_Section H/Page_PERKESO/strong_k76N7BsG (1)' is: 'wi3KChtt'

2019-02-21 16:54:56 - [MESSAGE][PASSED] - Text of object 'Object Repository/ZhiHao/General_User_Submit_form 7/GN_Submit Form 7_Section H/Page_PERKESO/strong_k76N7BsG (1)' is: 'wi3KChtt'

2019-02-21 16:54:56 - [TEST_STEP][PASSED] - callTestCase(findTestCase("All TC/Arranged/1. Common/1.2 Setter/Setter Password"), [:], STOP_ON_FAILURE): Call Test Case 'Test Cases/All TC/Arranged/1. Common/1.2 Setter/Setter Password' successfully

2019-02-21 16:54:56 - [TEST_CASE][PASSED] - Test Cases/All TC/Arranged/1. Common/1.2 Setter/Setter Password: Test Cases/All TC/Arranged/1. Common/1.2 Setter/Setter Password

2019-02-21 16:54:56 - [TEST_STEP][PASSED] - RefNoOldFile = new java.io.File((internal.GlobalVariable.TextFilePathCommon + \getPassword.txt)): null

2019-02-21 16:54:56 - [TEST_STEP][PASSED] - RefNoOldFile.delete(): null

2019-02-21 16:54:56 - [TEST_STEP][PASSED] - delay(5): Delayed 5 second(s)

2019-02-21 16:55:01 - [MESSAGE][PASSED] - Delayed 5 second(s)

2019-02-21 16:55:01 - [TEST_STEP][PASSED] - RefNo = new java.io.File((internal.GlobalVariable.TextFilePathCommon + \getPassword.txt)): null

2019-02-21 16:55:01 - [TEST_STEP][PASSED] - f2 = new java.io.FileWriter(RefNo, false): null

2019-02-21 16:55:01 - [TEST_STEP][PASSED] - f2.write(Password): null

2019-02-21 16:55:01 - [TEST_STEP][PASSED] - f2.close(): null

2019-02-21 16:55:01 - [TEST_STEP][PASSED] - out.println("


" + Password + "


"): null

2019-02-21 16:55:01 - [MESSAGE][PASSED] - Call Test Case 'Test Cases/All TC/Arranged/1. Common/1.2 Setter/Setter Password' successfully

2019-02-21 16:55:01 - [TEST_STEP][PASSED] - CaseID = getText(findTestObject("ZhiHao/General_User_Submit_form 7/GN_Submit Form 7_Section H/Page_PERKESO/strong_SIPE1119060000038 (1)")): Text of object 'Object Repository/ZhiHao/General_User_Submit_form 7/GN_Submit Form 7_Section H/Page_PERKESO/strong_SIPE1119060000038 (1)' is: 'SIPE1119070000029'

2019-02-21 16:55:01 - [MESSAGE][PASSED] - Text of object 'Object Repository/ZhiHao/General_User_Submit_form 7/GN_Submit Form 7_Section H/Page_PERKESO/strong_SIPE1119060000038 (1)' is: 'SIPE1119070000029'

2019-02-21 16:55:01 - [TEST_STEP][PASSED] - callTestCase(findTestCase("All TC/Arranged/1. Common/1.2 Setter/Setter Case ID"), [:], STOP_ON_FAILURE): Call Test Case 'Test Cases/All TC/Arranged/1. Common/1.2 Setter/Setter Case ID' successfully

2019-02-21 16:55:01 - [TEST_CASE][PASSED] - Test Cases/All TC/Arranged/1. Common/1.2 Setter/Setter Case ID: Test Cases/All TC/Arranged/1. Common/1.2 Setter/Setter Case ID

2019-02-21 16:55:01 - [TEST_STEP][PASSED] - RefNoOldFile = new java.io.File((internal.GlobalVariable.TextFilePathCommon + \getCaseID.txt)): null

2019-02-21 16:55:01 - [TEST_STEP][PASSED] - RefNoOldFile.delete(): null

2019-02-21 16:55:01 - [TEST_STEP][PASSED] - delay(5): Delayed 5 second(s)

2019-02-21 16:55:06 - [MESSAGE][PASSED] - Delayed 5 second(s)

2019-02-21 16:55:06 - [TEST_STEP][PASSED] - RefNo = new java.io.File((internal.GlobalVariable.TextFilePathCommon + \getCaseID.txt)): null

2019-02-21 16:55:06 - [TEST_STEP][PASSED] - f2 = new java.io.FileWriter(RefNo, false): null

2019-02-21 16:55:06 - [TEST_STEP][PASSED] - f2.write(CaseID): null

2019-02-21 16:55:06 - [TEST_STEP][PASSED] - f2.close(): null

2019-02-21 16:55:06 - [TEST_STEP][PASSED] - out.println("


" + CaseID + "


"): null

2019-02-21 16:55:06 - [MESSAGE][PASSED] - Call Test Case 'Test Cases/All TC/Arranged/1. Common/1.2 Setter/Setter Case ID' successfully

2019-02-21 16:55:06 - [MESSAGE][PASSED] - Call Test Case 'Test Cases/All TC/Arranged/3. Unit/EI/GN submit form 7/GN_Submit Form 7_Section H' successfully

2019-02-21 16:55:06 - [TEST_STEP][NOT_RUN] - callTestCase(findTestCase("All TC/Arranged/2. Segment/2.8 OTC_Semakan/OTC_Semakan(By IC)"), [:], STOP_ON_FAILURE): NOT_RUN: callTestCase(findTestCase("All TC/Arranged/2. Segment/2.8 OTC_Semakan/OTC_Semakan(By IC)"), [:], STOP_ON_FAILURE)

2019-02-21 16:55:06 - [MESSAGE][NOT_RUN] - NOT_RUN: callTestCase(findTestCase("All TC/Arranged/2. Segment/2.8 OTC_Semakan/OTC_Semakan(By IC)"), [:], STOP_ON_FAILURE)

2019-02-21 16:55:06 - [MESSAGE][PASSED] - Call Test Case 'Test Cases/All TC/Arranged/2. Segment/GN_Submit Form 7_End to End' successfully

2019-02-21 16:55:06 - [TEST_STEP][PASSED] - callTestCase(findTestCase("All TC/Arranged/2. Segment/2.8 OTC_Semakan/OTC_Semakan(By IC)"), [:], STOP_ON_FAILURE): Call Test Case 'Test Cases/All TC/Arranged/2. Segment/2.8 OTC_Semakan/OTC_Semakan(By IC)' successfully

2019-02-21 16:55:06 - [TEST_CASE][PASSED] - Test Cases/All TC/Arranged/2. Segment/2.8 OTC_Semakan/OTC_Semakan(By IC): Test Cases/All TC/Arranged/2. Segment/2.8 OTC_Semakan/OTC_Semakan(By IC)

2019-02-21 16:55:06 - [TEST_STEP][PASSED] - openBrowser(""): Browser is opened with url: ''

2019-02-21 16:55:06 - [MESSAGE][WARNING] - A browser is already opened. Closing browser and opening a new one

2019-02-21 16:55:07 - [MESSAGE][INFO] - Starting 'Chrome' driver

2019-02-21 16:55:07 - [MESSAGE][INFO] - User set preference: ['args', '[--start-maximized]']

2019-02-21 16:55:09 - [MESSAGE][PASSED] - Browser is opened with url: ''

2019-02-21 16:55:09 - [TEST_STEP][PASSED] - navigateToUrl(Internal_Login): Navigate to 'http://10.20.24.188/eisportal/user/login' successfully

2019-02-21 16:55:10 - [MESSAGE][PASSED] - Navigate to 'http://10.20.24.188/eisportal/user/login' successfully

2019-02-21 16:55:10 - [TEST_STEP][PASSED] - setText(findTestObject("ZhiHao/OTC_Semakan/OTC_Semakan(by IC)/Page_PERKESO/input_username"), "dalilah.taib@perkeso.gov.my"): Text 'dalilah.taib@perkeso.gov.my' is set on object 'Object Repository/ZhiHao/OTC_Semakan/OTC_Semakan(by IC)/Page_PERKESO/input_username'

2019-02-21 16:55:11 - [MESSAGE][PASSED] - Text 'dalilah.taib@perkeso.gov.my' is set on object 'Object Repository/ZhiHao/OTC_Semakan/OTC_Semakan(by IC)/Page_PERKESO/input_username'

2019-02-21 16:55:11 - [TEST_STEP][PASSED] - setEncryptedText(findTestObject("ZhiHao/OTC_Semakan/OTC_Semakan(by IC)/Page_PERKESO/input_password"), "CQqwFZlbeC8="): Text ****** has been set on object 'Object Repository/ZhiHao/OTC_Semakan/OTC_Semakan(by IC)/Page_PERKESO/input_password'

2019-02-21 16:55:11 - [MESSAGE][PASSED] - Text ****** has been set on object 'Object Repository/ZhiHao/OTC_Semakan/OTC_Semakan(by IC)/Page_PERKESO/input_password'

2019-02-21 16:55:11 - [TEST_STEP][PASSED] - click(findTestObject("ZhiHao/OTC_Semakan/OTC_Semakan(by IC)/Page_PERKESO/click_login")): Object: 'Object Repository/ZhiHao/OTC_Semakan/OTC_Semakan(by IC)/Page_PERKESO/click_login' is clicked on

2019-02-21 16:55:12 - [MESSAGE][PASSED] - Object: 'Object Repository/ZhiHao/OTC_Semakan/OTC_Semakan(by IC)/Page_PERKESO/click_login' is clicked on

2019-02-21 16:55:12 - [TEST_STEP][PASSED] - callTestCase(findTestCase("All TC/Arranged/1. Common/1.1 Getter/Getter IC"), [:], STOP_ON_FAILURE): Call Test Case 'Test Cases/All TC/Arranged/1. Common/1.1 Getter/Getter IC' successfully

2019-02-21 16:55:12 - [TEST_CASE][PASSED] - Test Cases/All TC/Arranged/1. Common/1.1 Getter/Getter IC: Test Cases/All TC/Arranged/1. Common/1.1 Getter/Getter IC

2019-02-21 16:55:12 - [TEST_STEP][PASSED] - try: null

2019-02-21 16:55:12 - [TEST_STEP][PASSED] - RefNo = new java.io.File((internal.GlobalVariable.TextFilePathCommon + \getIC.txt)): null

2019-02-21 16:55:12 - [TEST_STEP][PASSED] - bufferread = new java.io.BufferedReader(new java.io.FileReader(RefNo)): null

2019-02-21 16:55:12 - [TEST_STEP][PASSED] - readedVal = bufferread.readLine(): null

2019-02-21 16:55:12 - [TEST_STEP][PASSED] - out.println(IC): null

2019-02-21 16:55:12 - [TEST_STEP][PASSED] - out.println(readedVal): null

2019-02-21 16:55:12 - [TEST_STEP][PASSED] - IC = "": null

2019-02-21 16:55:12 - [TEST_STEP][PASSED] - IC = readedVal: null

2019-02-21 16:55:12 - [MESSAGE][PASSED] - Call Test Case 'Test Cases/All TC/Arranged/1. Common/1.1 Getter/Getter IC' successfully

2019-02-21 16:55:12 - [TEST_STEP][PASSED] - setText(findTestObject("ZhiHao/OTC_Semakan/OTC_Semakan(by IC)/Page_PERKESO/input_(Baru)_nric"), IC): Text '900130085094' is set on object 'Object Repository/ZhiHao/OTC_Semakan/OTC_Semakan(by IC)/Page_PERKESO/input_(Baru)_nric'

2019-02-21 16:55:13 - [MESSAGE][PASSED] - Text '900130085094' is set on object 'Object Repository/ZhiHao/OTC_Semakan/OTC_Semakan(by IC)/Page_PERKESO/input_(Baru)_nric'

2019-02-21 16:55:13 - [TEST_STEP][PASSED] - click(findTestObject("ZhiHao/OTC_Semakan/OTC_Semakan(by IC)/Page_PERKESO/button_Semak")): Object: 'Object Repository/ZhiHao/OTC_Semakan/OTC_Semakan(by IC)/Page_PERKESO/button_Semak' is clicked on

2019-02-21 16:55:13 - [MESSAGE][PASSED] - Object: 'Object Repository/ZhiHao/OTC_Semakan/OTC_Semakan(by IC)/Page_PERKESO/button_Semak' is clicked on

2019-02-21 16:55:13 - [TEST_STEP][PASSED] - UserName = getText(findTestObject("ZhiHao/OTC_Semakan/OTC_Semakan(by IC)/Page_PERKESO/td_JHEIO3")): Text of object 'Object Repository/ZhiHao/OTC_Semakan/OTC_Semakan(by IC)/Page_PERKESO/td_JHEIO3' is: 'Pejabat PERKESO Negeri Johor'

2019-02-21 16:55:13 - [MESSAGE][PASSED] - Text of object 'Object Repository/ZhiHao/OTC_Semakan/OTC_Semakan(by IC)/Page_PERKESO/td_JHEIO3' is: 'Pejabat PERKESO Negeri Johor'

2019-02-21 16:55:13 - [TEST_STEP][PASSED] - callTestCase(findTestCase("All TC/Arranged/1. Common/1.2 Setter/Setter UserName"), [:], STOP_ON_FAILURE): Call Test Case 'Test Cases/All TC/Arranged/1. Common/1.2 Setter/Setter UserName' successfully

2019-02-21 16:55:13 - [TEST_CASE][PASSED] - Test Cases/All TC/Arranged/1. Common/1.2 Setter/Setter UserName: Test Cases/All TC/Arranged/1. Common/1.2 Setter/Setter UserName

2019-02-21 16:55:13 - [TEST_STEP][PASSED] - RefNoOldFile = new java.io.File((internal.GlobalVariable.TextFilePathCommon + \getUser.txt)): null

2019-02-21 16:55:13 - [TEST_STEP][PASSED] - RefNoOldFile.delete(): null

2019-02-21 16:55:13 - [TEST_STEP][PASSED] - delay(5): Delayed 5 second(s)

2019-02-21 16:55:18 - [MESSAGE][PASSED] - Delayed 5 second(s)

2019-02-21 16:55:18 - [TEST_STEP][PASSED] - RefNo = new java.io.File((internal.GlobalVariable.TextFilePathCommon + \getUser.txt)): null

2019-02-21 16:55:18 - [TEST_STEP][PASSED] - f2 = new java.io.FileWriter(RefNo, false): null

2019-02-21 16:55:18 - [TEST_STEP][PASSED] - f2.write(UserName): null

2019-02-21 16:55:18 - [TEST_STEP][PASSED] - f2.close(): null

2019-02-21 16:55:18 - [TEST_STEP][PASSED] - out.println("


" + UserName + "


"): null

2019-02-21 16:55:18 - [MESSAGE][PASSED] - Call Test Case 'Test Cases/All TC/Arranged/1. Common/1.2 Setter/Setter UserName' successfully

2019-02-21 16:55:18 - [TEST_STEP][PASSED] - callTestCase(findTestCase("All TC/Arranged/1. Common/IC List Remover"), [:], STOP_ON_FAILURE): Call Test Case 'Test Cases/All TC/Arranged/1. Common/IC List Remover' successfully

2019-02-21 16:55:18 - [TEST_CASE][PASSED] - Test Cases/All TC/Arranged/1. Common/IC List Remover: Test Cases/All TC/Arranged/1. Common/IC List Remover

2019-02-21 16:55:18 - [TEST_STEP][PASSED] - counter = 0: null

2019-02-21 16:55:18 - [TEST_STEP][PASSED] - fis = new java.io.FileInputStream((internal.GlobalVariable.TextFilePathCommon + /IC.xlsx)): null

2019-02-21 16:55:18 - [TEST_STEP][PASSED] - workbook = new org.apache.poi.xssf.usermodel.XSSFWorkbook(fis): null

2019-02-21 16:55:18 - [TEST_STEP][PASSED] - sheet = workbook.getSheet("Sheet1"): null

2019-02-21 16:55:18 - [TEST_STEP][PASSED] - totalRow = sheet.getLastRowNum(): null

2019-02-21 16:55:18 - [TEST_STEP][PASSED] - out.println(totalRow): null

2019-02-21 16:55:18 - [TEST_STEP][PASSED] - row = sheet.getRow(counter): null

2019-02-21 16:55:18 - [TEST_STEP][PASSED] - cell = row.getCell(counter): null

2019-02-21 16:55:18 - [TEST_STEP][PASSED] - out.println("removing this value : " + cell.getStringCellValue()): null

2019-02-21 16:55:18 - [TEST_STEP][PASSED] - sheet.removeRow(sheet.getRow(counter)): null

2019-02-21 16:55:18 - [TEST_STEP][PASSED] - sheet.shiftRows(counter + 1, totalRow, -1): null

2019-02-21 16:55:18 - [TEST_STEP][PASSED] - fos = new java.io.FileOutputStream((internal.GlobalVariable.TextFilePathCommon + /IC.xlsx)): null

2019-02-21 16:55:18 - [TEST_STEP][PASSED] - workbook.write(fos): null

2019-02-21 16:55:19 - [TEST_STEP][PASSED] - fos.close(): null

2019-02-21 16:55:19 - [MESSAGE][PASSED] - Call Test Case 'Test Cases/All TC/Arranged/1. Common/IC List Remover' successfully

2019-02-21 16:55:19 - [MESSAGE][PASSED] - Call Test Case 'Test Cases/All TC/Arranged/2. Segment/2.8 OTC_Semakan/OTC_Semakan(By IC)' successfully

2019-02-21 16:55:19 - [TEST_STEP][PASSED] - callTestCase(findTestCase("All TC/Arranged/1. Common/IC List Remover"), [:], STOP_ON_FAILURE): Call Test Case 'Test Cases/All TC/Arranged/1. Common/IC List Remover' successfully

2019-02-21 16:55:19 - [TEST_CASE][PASSED] - Test Cases/All TC/Arranged/1. Common/IC List Remover: Test Cases/All TC/Arranged/1. Common/IC List Remover

2019-02-21 16:55:19 - [TEST_STEP][PASSED] - counter = 0: null

2019-02-21 16:55:19 - [TEST_STEP][PASSED] - fis = new java.io.FileInputStream((internal.GlobalVariable.TextFilePathCommon + /IC.xlsx)): null

2019-02-21 16:55:19 - [TEST_STEP][PASSED] - workbook = new org.apache.poi.xssf.usermodel.XSSFWorkbook(fis): null

2019-02-21 16:55:19 - [TEST_STEP][PASSED] - sheet = workbook.getSheet("Sheet1"): null

2019-02-21 16:55:19 - [TEST_STEP][PASSED] - totalRow = sheet.getLastRowNum(): null

2019-02-21 16:55:19 - [TEST_STEP][PASSED] - out.println(totalRow): null

2019-02-21 16:55:19 - [TEST_STEP][PASSED] - row = sheet.getRow(counter): null

2019-02-21 16:55:19 - [TEST_STEP][PASSED] - cell = row.getCell(counter): null

2019-02-21 16:55:19 - [TEST_STEP][PASSED] - out.println("removing this value : " + cell.getStringCellValue()): null

2019-02-21 16:55:19 - [TEST_STEP][PASSED] - sheet.removeRow(sheet.getRow(counter)): null

2019-02-21 16:55:19 - [TEST_STEP][PASSED] - sheet.shiftRows(counter + 1, totalRow, -1): null

2019-02-21 16:55:19 - [TEST_STEP][PASSED] - fos = new java.io.FileOutputStream((internal.GlobalVariable.TextFilePathCommon + /IC.xlsx)): null

2019-02-21 16:55:19 - [TEST_STEP][PASSED] - workbook.write(fos): null

2019-02-21 16:55:19 - [TEST_STEP][PASSED] - fos.close(): null

2019-02-21 16:55:19 - [MESSAGE][PASSED] - Call Test Case 'Test Cases/All TC/Arranged/1. Common/IC List Remover' successfully

2019-02-21 16:55:19 - [TEST_STEP][PASSED] - callTestCase(findTestCase("All TC/Arranged/2. Segment/2.7 Case Reassignment/Case_Reassignment_Same Branch/Case reassignment_EIO to EIO_Same Branch"), [:], STOP_ON_FAILURE): Call Test Case 'Test Cases/All TC/Arranged/2. Segment/2.7 Case Reassignment/Case_Reassignment_Same Branch/Case reassignment_EIO to EIO_Same Branch' successfully

2019-02-21 16:55:19 - [TEST_CASE][PASSED] - Test Cases/All TC/Arranged/2. Segment/2.7 Case Reassignment/Case_Reassignment_Same Branch/Case reassignment_EIO to EIO_Same Branch: Test Cases/All TC/Arranged/2. Segment/2.7 Case Reassignment/Case_Reassignment_Same Branch/Case reassignment_EIO to EIO_Same Branch

2019-02-21 16:55:20 - [TEST_STEP][PASSED] - openBrowser(""): Browser is opened with url: ''

2019-02-21 16:55:20 - [MESSAGE][WARNING] - A browser is already opened. Closing browser and opening a new one

2019-02-21 16:55:20 - [MESSAGE][INFO] - Starting 'Chrome' driver

2019-02-21 16:55:20 - [MESSAGE][INFO] - User set preference: ['args', '[--start-maximized]']

2019-02-21 16:55:23 - [MESSAGE][PASSED] - Browser is opened with url: ''

2019-02-21 16:55:23 - [TEST_STEP][PASSED] - navigateToUrl(Internal_Login): Navigate to 'http://10.20.24.188/eisportal/user/login' successfully

2019-02-21 16:55:23 - [MESSAGE][PASSED] - Navigate to 'http://10.20.24.188/eisportal/user/login' successfully

2019-02-21 16:55:23 - [TEST_STEP][PASSED] - setText(findTestObject("ZhiHao/Case_Reassignment_Same Branch/Case reassignment_EIO to EIO_Same Branch/Page_PERKESO/input_username"), "jhseio4@perkeso.gov.my"): Text 'jhseio4@perkeso.gov.my' is set on object 'Object Repository/ZhiHao/Case_Reassignment_Same Branch/Case reassignment_EIO to EIO_Same Branch/Page_PERKESO/input_username'

2019-02-21 16:55:24 - [MESSAGE][PASSED] - Text 'jhseio4@perkeso.gov.my' is set on object 'Object Repository/ZhiHao/Case_Reassignment_Same Branch/Case reassignment_EIO to EIO_Same Branch/Page_PERKESO/input_username'

2019-02-21 16:55:24 - [TEST_STEP][PASSED] - delay(2): Delayed 2 second(s)

2019-02-21 16:55:26 - [MESSAGE][PASSED] - Delayed 2 second(s)

2019-02-21 16:55:26 - [TEST_STEP][PASSED] - setEncryptedText(findTestObject("ZhiHao/Case_Reassignment_Same Branch/Case reassignment_EIO to EIO_Same Branch/Page_PERKESO/input_password"), "CQqwFZlbeC8="): Text ****** has been set on object 'Object Repository/ZhiHao/Case_Reassignment_Same Branch/Case reassignment_EIO to EIO_Same Branch/Page_PERKESO/input_password'

2019-02-21 16:55:26 - [MESSAGE][PASSED] - Text ****** has been set on object 'Object Repository/ZhiHao/Case_Reassignment_Same Branch/Case reassignment_EIO to EIO_Same Branch/Page_PERKESO/input_password'

2019-02-21 16:55:26 - [TEST_STEP][PASSED] - click(findTestObject("ZhiHao/Case_Reassignment_Same Branch/Case reassignment_EIO to EIO_Same Branch/Page_PERKESO/click_login_button")): Object: 'Object Repository/ZhiHao/Case_Reassignment_Same Branch/Case reassignment_EIO to EIO_Same Branch/Page_PERKESO/click_login_button' is clicked on

2019-02-21 16:55:29 - [MESSAGE][PASSED] - Object: 'Object Repository/ZhiHao/Case_Reassignment_Same Branch/Case reassignment_EIO to EIO_Same Branch/Page_PERKESO/click_login_button' is clicked on

2019-02-21 16:55:29 - [TEST_STEP][PASSED] - click(findTestObject("ZhiHao/Case_Reassignment_Same Branch/Case reassignment_EIO to EIO_Same Branch/Page_PERKESO/click_SENARAI KES")): Object: 'Object Repository/ZhiHao/Case_Reassignment_Same Branch/Case reassignment_EIO to EIO_Same Branch/Page_PERKESO/click_SENARAI KES' is clicked on

2019-02-21 16:55:29 - [MESSAGE][PASSED] - Object: 'Object Repository/ZhiHao/Case_Reassignment_Same Branch/Case reassignment_EIO to EIO_Same Branch/Page_PERKESO/click_SENARAI KES' is clicked on

2019-02-21 16:55:29 - [TEST_STEP][PASSED] - click(findTestObject("ZhiHao/Case_Reassignment_Same Branch/Case reassignment_EIO to EIO_Same Branch/Page_PERKESO/click_Carian Kes")): Object: 'Object Repository/ZhiHao/Case_Reassignment_Same Branch/Case reassignment_EIO to EIO_Same Branch/Page_PERKESO/click_Carian Kes' is clicked on

2019-02-21 16:55:30 - [MESSAGE][PASSED] - Object: 'Object Repository/ZhiHao/Case_Reassignment_Same Branch/Case reassignment_EIO to EIO_Same Branch/Page_PERKESO/click_Carian Kes' is clicked on

2019-02-21 16:55:30 - [TEST_STEP][PASSED] - callTestCase(findTestCase("All TC/Arranged/1. Common/1.1 Getter/Getter Case ID"), [:], STOP_ON_FAILURE): Call Test Case 'Test Cases/All TC/Arranged/1. Common/1.1 Getter/Getter Case ID' successfully

2019-02-21 16:55:30 - [TEST_CASE][PASSED] - Test Cases/All TC/Arranged/1. Common/1.1 Getter/Getter Case ID: Test Cases/All TC/Arranged/1. Common/1.1 Getter/Getter Case ID

2019-02-21 16:55:30 - [TEST_STEP][PASSED] - try: null

2019-02-21 16:55:30 - [TEST_STEP][PASSED] - RefNo = new java.io.File((internal.GlobalVariable.TextFilePathCommon + \getCaseID.txt)): null

2019-02-21 16:55:30 - [TEST_STEP][PASSED] - bufferread = new java.io.BufferedReader(new java.io.FileReader(RefNo)): null

2019-02-21 16:55:30 - [TEST_STEP][PASSED] - readedVal = bufferread.readLine(): null

2019-02-21 16:55:30 - [TEST_STEP][PASSED] - out.println(CaseID): null

2019-02-21 16:55:30 - [TEST_STEP][PASSED] - out.println(readedVal): null

2019-02-21 16:55:30 - [TEST_STEP][PASSED] - CaseID = "": null

2019-02-21 16:55:30 - [TEST_STEP][PASSED] - CaseID = readedVal: null

2019-02-21 16:55:30 - [MESSAGE][PASSED] - Call Test Case 'Test Cases/All TC/Arranged/1. Common/1.1 Getter/Getter Case ID' successfully

2019-02-21 16:55:30 - [TEST_STEP][PASSED] - setText(findTestObject("ZhiHao/Case_Reassignment_Same Branch/Case reassignment_EIO to EIO_Same Branch/Page_PERKESO/input_case id"), CaseID): Text 'SIPE1119070000029' is set on object 'Object Repository/ZhiHao/Case_Reassignment_Same Branch/Case reassignment_EIO to EIO_Same Branch/Page_PERKESO/input_case id'

2019-02-21 16:55:31 - [MESSAGE][PASSED] - Text 'SIPE1119070000029' is set on object 'Object Repository/ZhiHao/Case_Reassignment_Same Branch/Case reassignment_EIO to EIO_Same Branch/Page_PERKESO/input_case id'

2019-02-21 16:55:31 - [TEST_STEP][PASSED] - callTestCase(findTestCase("All TC/Arranged/1. Common/1.1 Getter/Getter IC"), [:], STOP_ON_FAILURE): Call Test Case 'Test Cases/All TC/Arranged/1. Common/1.1 Getter/Getter IC' successfully

2019-02-21 16:55:31 - [TEST_CASE][PASSED] - Test Cases/All TC/Arranged/1. Common/1.1 Getter/Getter IC: Test Cases/All TC/Arranged/1. Common/1.1 Getter/Getter IC

2019-02-21 16:55:31 - [TEST_STEP][PASSED] - try: null

2019-02-21 16:55:31 - [TEST_STEP][PASSED] - RefNo = new java.io.File((internal.GlobalVariable.TextFilePathCommon + \getIC.txt)): null

2019-02-21 16:55:31 - [TEST_STEP][PASSED] - bufferread = new java.io.BufferedReader(new java.io.FileReader(RefNo)): null

2019-02-21 16:55:31 - [TEST_STEP][PASSED] - readedVal = bufferread.readLine(): null

2019-02-21 16:55:31 - [TEST_STEP][PASSED] - out.println(IC): null

2019-02-21 16:55:31 - [TEST_STEP][PASSED] - out.println(readedVal): null

2019-02-21 16:55:31 - [TEST_STEP][PASSED] - IC = "": null

2019-02-21 16:55:31 - [TEST_STEP][PASSED] - IC = readedVal: null

2019-02-21 16:55:31 - [MESSAGE][PASSED] - Call Test Case 'Test Cases/All TC/Arranged/1. Common/1.1 Getter/Getter IC' successfully

2019-02-21 16:55:31 - [TEST_STEP][PASSED] - setText(findTestObject("ZhiHao/Case_Reassignment_Same Branch/Case reassignment_EIO to EIO_Same Branch/Page_PERKESO/input_No Kad Pengenalan"), IC): Text '900130085094' is set on object 'Object Repository/ZhiHao/Case_Reassignment_Same Branch/Case reassignment_EIO to EIO_Same Branch/Page_PERKESO/input_No Kad Pengenalan'

2019-02-21 16:55:31 - [MESSAGE][PASSED] - Text '900130085094' is set on object 'Object Repository/ZhiHao/Case_Reassignment_Same Branch/Case reassignment_EIO to EIO_Same Branch/Page_PERKESO/input_No Kad Pengenalan'

2019-02-21 16:55:31 - [TEST_STEP][PASSED] - delay(3): Delayed 3 second(s)

2019-02-21 16:55:34 - [MESSAGE][PASSED] - Delayed 3 second(s)

2019-02-21 16:55:34 - [TEST_STEP][PASSED] - click(findTestObject("ZhiHao/Case_Reassignment_Same Branch/Case reassignment_EIO to EIO_Same Branch/Page_PERKESO/click_button_Cari")): Object: 'Object Repository/ZhiHao/Case_Reassignment_Same Branch/Case reassignment_EIO to EIO_Same Branch/Page_PERKESO/click_button_Cari' is clicked on

2019-02-21 16:55:34 - [MESSAGE][PASSED] - Object: 'Object Repository/ZhiHao/Case_Reassignment_Same Branch/Case reassignment_EIO to EIO_Same Branch/Page_PERKESO/click_button_Cari' is clicked on

2019-02-21 16:55:34 - [TEST_STEP][PASSED] - delay(2): Delayed 2 second(s)

2019-02-21 16:55:36 - [MESSAGE][PASSED] - Delayed 2 second(s)

2019-02-21 16:55:36 - [TEST_STEP][PASSED] - click(findTestObject("ZhiHao/Case_Reassignment_Same Branch/Case reassignment_EIO to EIO_Same Branch/Page_PERKESO/click_button_Tindakan")): Object: 'Object Repository/ZhiHao/Case_Reassignment_Same Branch/Case reassignment_EIO to EIO_Same Branch/Page_PERKESO/click_button_Tindakan' is clicked on

2019-02-21 16:55:36 - [MESSAGE][PASSED] - Object: 'Object Repository/ZhiHao/Case_Reassignment_Same Branch/Case reassignment_EIO to EIO_Same Branch/Page_PERKESO/click_button_Tindakan' is clicked on

2019-02-21 16:55:36 - [TEST_STEP][PASSED] - delay(2): Delayed 2 second(s)

2019-02-21 16:55:38 - [MESSAGE][PASSED] - Delayed 2 second(s)

2019-02-21 16:55:38 - [TEST_STEP][PASSED] - click(findTestObject("ZhiHao/Case_Reassignment_Same Branch/Case reassignment_EIO to EIO_Same Branch/Page_PERKESO/click_Menugas Semula")): Object: 'Object Repository/ZhiHao/Case_Reassignment_Same Branch/Case reassignment_EIO to EIO_Same Branch/Page_PERKESO/click_Menugas Semula' is clicked on

2019-02-21 16:55:39 - [MESSAGE][PASSED] - Object: 'Object Repository/ZhiHao/Case_Reassignment_Same Branch/Case reassignment_EIO to EIO_Same Branch/Page_PERKESO/click_Menugas Semula' is clicked on

2019-02-21 16:55:39 - [TEST_STEP][PASSED] - delay(2): Delayed 2 second(s)

2019-02-21 16:55:41 - [MESSAGE][PASSED] - Delayed 2 second(s)

2019-02-21 16:55:41 - [TEST_STEP][PASSED] - callTestCase(findTestCase("All TC/Arranged/1. Common/1.1 Getter/Getter UserName"), [:], STOP_ON_FAILURE): Call Test Case 'Test Cases/All TC/Arranged/1. Common/1.1 Getter/Getter UserName' successfully

2019-02-21 16:55:41 - [TEST_CASE][PASSED] - Test Cases/All TC/Arranged/1. Common/1.1 Getter/Getter UserName: Test Cases/All TC/Arranged/1. Common/1.1 Getter/Getter UserName

2019-02-21 16:55:41 - [TEST_STEP][PASSED] - try: null

2019-02-21 16:55:41 - [TEST_STEP][PASSED] - RefNo = new java.io.File((internal.GlobalVariable.TextFilePathCommon + \getUser.txt)): null

2019-02-21 16:55:41 - [TEST_STEP][PASSED] - bufferread = new java.io.BufferedReader(new java.io.FileReader(RefNo)): null

2019-02-21 16:55:41 - [TEST_STEP][PASSED] - readedVal = bufferread.readLine(): null

2019-02-21 16:55:41 - [TEST_STEP][PASSED] - out.println(UserName): null

2019-02-21 16:55:41 - [TEST_STEP][PASSED] - out.println(readedVal): null

2019-02-21 16:55:41 - [TEST_STEP][PASSED] - UserName = "": null

2019-02-21 16:55:41 - [TEST_STEP][PASSED] - UserName = readedVal: null

2019-02-21 16:55:41 - [MESSAGE][PASSED] - Call Test Case 'Test Cases/All TC/Arranged/1. Common/1.1 Getter/Getter UserName' successfully

2019-02-21 16:55:41 - [TEST_STEP][PASSED] - StrA = UserName: null

2019-02-21 16:55:41 - [TEST_STEP][PASSED] - StrB = getText(findTestObject("ZhiHao/Case_Reassignment_Same Branch/Case reassignment_EIO to EIO_Same Branch/Page_PERKESO/Get Text_Nama Pegawai")): Text of object 'Object Repository/ZhiHao/Case_Reassignment_Same Branch/Case reassignment_EIO to EIO_Same Branch/Page_PERKESO/Get Text_Nama Pegawai' is: 'AZLINBABDAZIZ'

2019-02-21 16:55:41 - [MESSAGE][PASSED] - Text of object 'Object Repository/ZhiHao/Case_Reassignment_Same Branch/Case reassignment_EIO to EIO_Same Branch/Page_PERKESO/Get Text_Nama Pegawai' is: 'AZLINBABDAZIZ'

2019-02-21 16:55:41 - [TEST_STEP][PASSED] - out.println(StrB): null

2019-02-21 16:55:41 - [TEST_STEP][PASSED] - if (!(StrA == StrB)): Object: 'Object Repository/ZhiHao/Case_Reassignment_Same Branch/Case reassignment_EIO to EIO_Same Branch/Page_PERKESO/input_Jumlah Kes_staffRadio_1' is clicked on

2019-02-21 16:55:41 - [TEST_STEP][PASSED] - click(findTestObject("ZhiHao/Case_Reassignment_Same Branch/Case reassignment_EIO to EIO_Same Branch/Page_PERKESO/input_Jumlah Kes_staffRadio_1")): Object: 'Object Repository/ZhiHao/Case_Reassignment_Same Branch/Case reassignment_EIO to EIO_Same Branch/Page_PERKESO/input_Jumlah Kes_staffRadio_1' is clicked on

2019-02-21 16:55:41 - [MESSAGE][PASSED] - Object: 'Object Repository/ZhiHao/Case_Reassignment_Same Branch/Case reassignment_EIO to EIO_Same Branch/Page_PERKESO/input_Jumlah Kes_staffRadio_1' is clicked on

2019-02-21 16:55:41 - [TEST_STEP][PASSED] - setText(findTestObject("ZhiHao/Case_Reassignment_Same Branch/Case reassignment_EIO to EIO_Same Branch/Page_PERKESO/insert_catatan"), "ok go"): Text 'ok go' is set on object 'Object Repository/ZhiHao/Case_Reassignment_Same Branch/Case reassignment_EIO to EIO_Same Branch/Page_PERKESO/insert_catatan'

2019-02-21 16:55:41 - [MESSAGE][PASSED] - Text 'ok go' is set on object 'Object Repository/ZhiHao/Case_Reassignment_Same Branch/Case reassignment_EIO to EIO_Same Branch/Page_PERKESO/insert_catatan'

2019-02-21 16:55:41 - [TEST_STEP][PASSED] - click(findTestObject("ZhiHao/Case_Reassignment_Same Branch/Case reassignment_EIO to EIO_Same Branch/Page_PERKESO/click_button_Tugaskan")): Object: 'Object Repository/ZhiHao/Case_Reassignment_Same Branch/Case reassignment_EIO to EIO_Same Branch/Page_PERKESO/click_button_Tugaskan' is clicked on

2019-02-21 16:55:41 - [MESSAGE][PASSED] - Object: 'Object Repository/ZhiHao/Case_Reassignment_Same Branch/Case reassignment_EIO to EIO_Same Branch/Page_PERKESO/click_button_Tugaskan' is clicked on

2019-02-21 16:55:41 - [TEST_STEP][PASSED] - delay(3): Delayed 3 second(s)

2019-02-21 16:55:44 - [MESSAGE][PASSED] - Delayed 3 second(s)

2019-02-21 16:55:44 - [MESSAGE][PASSED] - Call Test Case 'Test Cases/All TC/Arranged/2. Segment/2.7 Case Reassignment/Case_Reassignment_Same Branch/Case reassignment_EIO to EIO_Same Branch' successfully]]></system-out>
         <system-err><![CDATA[]]></system-err>
      </testcase>
      <testcase name="Test Cases/All TC/Arranged/0. Full Flow/Submit Form 7 (General) - Case Reassignment Cross Branch SEIO" classname="Test Cases/All TC/Arranged/0. Full Flow/Submit Form 7 (General) - Case Reassignment Cross Branch SEIO" status="FAILED">
         <failure type="FAILED" message="Test Cases/All TC/Arranged/0. Full Flow/Submit Form 7 (General) - Case Reassignment Cross Branch SEIO FAILED.
Reason:
com.kms.katalon.core.exception.StepFailedException: Unable to click on object 'Object Repository/KinJun/3.0 JSA Application/EIO Internal Login - JSA Application - Approve/Page_PERKESO/Click Workbasket' (Root cause: com.kms.katalon.core.webui.exception.WebElementNotFoundException: Web element with id: 'Object Repository/KinJun/3.0 JSA Application/EIO Internal Login - JSA Application - Approve/Page_PERKESO/Click Workbasket' located by 'By.xpath: //a[@href = '/eisportal/user/internal/taskinbox' and (text() = 'PETI MASUK TUGAS' or . = 'PETI MASUK TUGAS')]' not found)
	at com.kms.katalon.core.keyword.internal.KeywordMain.stepFailed(KeywordMain.groovy:36)
	at com.kms.katalon.core.webui.keyword.internal.WebUIKeywordMain.stepFailed(WebUIKeywordMain.groovy:65)
	at com.kms.katalon.core.webui.keyword.internal.WebUIKeywordMain.runKeyword(WebUIKeywordMain.groovy:27)
	at com.kms.katalon.core.webui.keyword.builtin.ClickKeyword.click(ClickKeyword.groovy:86)
	at com.kms.katalon.core.webui.keyword.builtin.ClickKeyword.execute(ClickKeyword.groovy:67)
	at com.kms.katalon.core.keyword.internal.KeywordExecutor.executeKeywordForPlatform(KeywordExecutor.groovy:53)
	at com.kms.katalon.core.webui.keyword.WebUiBuiltInKeywords.click(WebUiBuiltInKeywords.groovy:616)
	at com.kms.katalon.core.webui.keyword.WebUiBuiltInKeywords$click$3.call(Unknown Source)
	at EIO Internal Login - JSA Application - Approve.run(EIO Internal Login - JSA Application - Approve:32)
	at com.kms.katalon.core.main.ScriptEngine.run(ScriptEngine.java:194)
	at com.kms.katalon.core.main.ScriptEngine.runScriptAsRawText(ScriptEngine.java:119)
	at com.kms.katalon.core.main.TestCaseExecutor.runScript(TestCaseExecutor.java:328)
	at com.kms.katalon.core.main.TestCaseExecutor.doExecute(TestCaseExecutor.java:319)
	at com.kms.katalon.core.main.TestCaseExecutor.processExecutionPhase(TestCaseExecutor.java:298)
	at com.kms.katalon.core.main.TestCaseExecutor.accessMainPhase(TestCaseExecutor.java:290)
	at com.kms.katalon.core.main.TestCaseExecutor.execute(TestCaseExecutor.java:224)
	at com.kms.katalon.core.main.TestCaseMain.runTestCase(TestCaseMain.java:106)
	at com.kms.katalon.core.keyword.builtin.CallTestCaseKeyword$_callTestCase_closure1.doCall(CallTestCaseKeyword.groovy:59)
	at com.kms.katalon.core.keyword.builtin.CallTestCaseKeyword$_callTestCase_closure1.call(CallTestCaseKeyword.groovy)
	at com.kms.katalon.core.keyword.internal.KeywordMain.runKeyword(KeywordMain.groovy:54)
	at com.kms.katalon.core.keyword.builtin.CallTestCaseKeyword.callTestCase(CallTestCaseKeyword.groovy:80)
	at com.kms.katalon.core.keyword.builtin.CallTestCaseKeyword.execute(CallTestCaseKeyword.groovy:44)
	at com.kms.katalon.core.keyword.internal.KeywordExecutor.executeKeywordForPlatform(KeywordExecutor.groovy:53)
	at com.kms.katalon.core.keyword.BuiltinKeywords.callTestCase(BuiltinKeywords.groovy:334)
	at Submit Form 7 (General) - Case Reassignment Cross Branch SEIO.run(Submit Form 7 (General) - Case Reassignment Cross Branch SEIO:22)
	at com.kms.katalon.core.main.ScriptEngine.run(ScriptEngine.java:194)
	at com.kms.katalon.core.main.ScriptEngine.runScriptAsRawText(ScriptEngine.java:119)
	at com.kms.katalon.core.main.TestCaseExecutor.runScript(TestCaseExecutor.java:328)
	at com.kms.katalon.core.main.TestCaseExecutor.doExecute(TestCaseExecutor.java:319)
	at com.kms.katalon.core.main.TestCaseExecutor.processExecutionPhase(TestCaseExecutor.java:298)
	at com.kms.katalon.core.main.TestCaseExecutor.accessMainPhase(TestCaseExecutor.java:290)
	at com.kms.katalon.core.main.TestCaseExecutor.execute(TestCaseExecutor.java:224)
	at com.kms.katalon.core.main.TestSuiteExecutor.accessTestCaseMainPhase(TestSuiteExecutor.java:129)
	at com.kms.katalon.core.main.TestSuiteExecutor.accessTestSuiteMainPhase(TestSuiteExecutor.java:112)
	at com.kms.katalon.core.main.TestSuiteExecutor.execute(TestSuiteExecutor.java:81)
	at com.kms.katalon.core.main.TestCaseMain.startTestSuite(TestCaseMain.java:149)
	at com.kms.katalon.core.main.TestCaseMain$startTestSuite$0.call(Unknown Source)
	at TempTestSuite1550738418733.run(TempTestSuite1550738418733.groovy:36)
"/>
         <system-out><![CDATA[2019-02-21 16:55:44 - [TEST_CASE][FAILED] - Test Cases/All TC/Arranged/0. Full Flow/Submit Form 7 (General) - Case Reassignment Cross Branch SEIO: Test Cases/All TC/Arranged/0. Full Flow/Submit Form 7 (General) - Case Reassignment Cross Branch SEIO FAILED.
Reason:
com.kms.katalon.core.exception.StepFailedException: Unable to click on object 'Object Repository/KinJun/3.0 JSA Application/EIO Internal Login - JSA Application - Approve/Page_PERKESO/Click Workbasket' (Root cause: com.kms.katalon.core.webui.exception.WebElementNotFoundException: Web element with id: 'Object Repository/KinJun/3.0 JSA Application/EIO Internal Login - JSA Application - Approve/Page_PERKESO/Click Workbasket' located by 'By.xpath: //a[@href = '/eisportal/user/internal/taskinbox' and (text() = 'PETI MASUK TUGAS' or . = 'PETI MASUK TUGAS')]' not found)
	at com.kms.katalon.core.keyword.internal.KeywordMain.stepFailed(KeywordMain.groovy:36)
	at com.kms.katalon.core.webui.keyword.internal.WebUIKeywordMain.stepFailed(WebUIKeywordMain.groovy:65)
	at com.kms.katalon.core.webui.keyword.internal.WebUIKeywordMain.runKeyword(WebUIKeywordMain.groovy:27)
	at com.kms.katalon.core.webui.keyword.builtin.ClickKeyword.click(ClickKeyword.groovy:86)
	at com.kms.katalon.core.webui.keyword.builtin.ClickKeyword.execute(ClickKeyword.groovy:67)
	at com.kms.katalon.core.keyword.internal.KeywordExecutor.executeKeywordForPlatform(KeywordExecutor.groovy:53)
	at com.kms.katalon.core.webui.keyword.WebUiBuiltInKeywords.click(WebUiBuiltInKeywords.groovy:616)
	at com.kms.katalon.core.webui.keyword.WebUiBuiltInKeywords$click$3.call(Unknown Source)
	at EIO Internal Login - JSA Application - Approve.run(EIO Internal Login - JSA Application - Approve:32)
	at com.kms.katalon.core.main.ScriptEngine.run(ScriptEngine.java:194)
	at com.kms.katalon.core.main.ScriptEngine.runScriptAsRawText(ScriptEngine.java:119)
	at com.kms.katalon.core.main.TestCaseExecutor.runScript(TestCaseExecutor.java:328)
	at com.kms.katalon.core.main.TestCaseExecutor.doExecute(TestCaseExecutor.java:319)
	at com.kms.katalon.core.main.TestCaseExecutor.processExecutionPhase(TestCaseExecutor.java:298)
	at com.kms.katalon.core.main.TestCaseExecutor.accessMainPhase(TestCaseExecutor.java:290)
	at com.kms.katalon.core.main.TestCaseExecutor.execute(TestCaseExecutor.java:224)
	at com.kms.katalon.core.main.TestCaseMain.runTestCase(TestCaseMain.java:106)
	at com.kms.katalon.core.keyword.builtin.CallTestCaseKeyword$_callTestCase_closure1.doCall(CallTestCaseKeyword.groovy:59)
	at com.kms.katalon.core.keyword.builtin.CallTestCaseKeyword$_callTestCase_closure1.call(CallTestCaseKeyword.groovy)
	at com.kms.katalon.core.keyword.internal.KeywordMain.runKeyword(KeywordMain.groovy:54)
	at com.kms.katalon.core.keyword.builtin.CallTestCaseKeyword.callTestCase(CallTestCaseKeyword.groovy:80)
	at com.kms.katalon.core.keyword.builtin.CallTestCaseKeyword.execute(CallTestCaseKeyword.groovy:44)
	at com.kms.katalon.core.keyword.internal.KeywordExecutor.executeKeywordForPlatform(KeywordExecutor.groovy:53)
	at com.kms.katalon.core.keyword.BuiltinKeywords.callTestCase(BuiltinKeywords.groovy:334)
	at Submit Form 7 (General) - Case Reassignment Cross Branch SEIO.run(Submit Form 7 (General) - Case Reassignment Cross Branch SEIO:22)
	at com.kms.katalon.core.main.ScriptEngine.run(ScriptEngine.java:194)
	at com.kms.katalon.core.main.ScriptEngine.runScriptAsRawText(ScriptEngine.java:119)
	at com.kms.katalon.core.main.TestCaseExecutor.runScript(TestCaseExecutor.java:328)
	at com.kms.katalon.core.main.TestCaseExecutor.doExecute(TestCaseExecutor.java:319)
	at com.kms.katalon.core.main.TestCaseExecutor.processExecutionPhase(TestCaseExecutor.java:298)
	at com.kms.katalon.core.main.TestCaseExecutor.accessMainPhase(TestCaseExecutor.java:290)
	at com.kms.katalon.core.main.TestCaseExecutor.execute(TestCaseExecutor.java:224)
	at com.kms.katalon.core.main.TestSuiteExecutor.accessTestCaseMainPhase(TestSuiteExecutor.java:129)
	at com.kms.katalon.core.main.TestSuiteExecutor.accessTestSuiteMainPhase(TestSuiteExecutor.java:112)
	at com.kms.katalon.core.main.TestSuiteExecutor.execute(TestSuiteExecutor.java:81)
	at com.kms.katalon.core.main.TestCaseMain.startTestSuite(TestCaseMain.java:149)
	at com.kms.katalon.core.main.TestCaseMain$startTestSuite$0.call(Unknown Source)
	at TempTestSuite1550738418733.run(TempTestSuite1550738418733.groovy:36)


2019-02-21 16:55:45 - [TEST_STEP][PASSED] - callTestCase(findTestCase("All TC/Arranged/2. Segment/GN_Submit Form 7_End to End"), [:], STOP_ON_FAILURE): Call Test Case 'Test Cases/All TC/Arranged/2. Segment/GN_Submit Form 7_End to End' successfully

2019-02-21 16:55:45 - [TEST_CASE][PASSED] - Test Cases/All TC/Arranged/2. Segment/GN_Submit Form 7_End to End: Test Cases/All TC/Arranged/2. Segment/GN_Submit Form 7_End to End

2019-02-21 16:55:45 - [TEST_STEP][PASSED] - callTestCase(findTestCase("All TC/Arranged/3. Unit/EI/GN submit form 7/GN_Application_Reg"), [:], STOP_ON_FAILURE): Call Test Case 'Test Cases/All TC/Arranged/3. Unit/EI/GN submit form 7/GN_Application_Reg' successfully

2019-02-21 16:55:45 - [TEST_CASE][PASSED] - Test Cases/All TC/Arranged/3. Unit/EI/GN submit form 7/GN_Application_Reg: Test Cases/All TC/Arranged/3. Unit/EI/GN submit form 7/GN_Application_Reg

2019-02-21 16:55:45 - [TEST_STEP][PASSED] - openBrowser(""): Browser is opened with url: ''

2019-02-21 16:55:45 - [MESSAGE][WARNING] - A browser is already opened. Closing browser and opening a new one

2019-02-21 16:55:46 - [MESSAGE][INFO] - Starting 'Chrome' driver

2019-02-21 16:55:46 - [MESSAGE][INFO] - User set preference: ['args', '[--start-maximized]']

2019-02-21 16:55:48 - [MESSAGE][PASSED] - Browser is opened with url: ''

2019-02-21 16:55:48 - [TEST_STEP][PASSED] - navigateToUrl(General_Login): Navigate to 'http://10.20.24.188/eisportal/insured/appl/instruction' successfully

2019-02-21 16:55:49 - [MESSAGE][PASSED] - Navigate to 'http://10.20.24.188/eisportal/insured/appl/instruction' successfully

2019-02-21 16:55:49 - [TEST_STEP][PASSED] - click(findTestObject("ZhiHao/General_User_Submit_form 7/GN_Application_Reg/Page_PERKESO/button_Setuju")): Object: 'Object Repository/ZhiHao/General_User_Submit_form 7/GN_Application_Reg/Page_PERKESO/button_Setuju' is clicked on

2019-02-21 16:55:49 - [MESSAGE][PASSED] - Object: 'Object Repository/ZhiHao/General_User_Submit_form 7/GN_Application_Reg/Page_PERKESO/button_Setuju' is clicked on

2019-02-21 16:55:49 - [TEST_STEP][PASSED] - callTestCase(findTestCase("All TC/Arranged/1. Common/IC List Checker"), [:], STOP_ON_FAILURE): Call Test Case 'Test Cases/All TC/Arranged/1. Common/IC List Checker' successfully

2019-02-21 16:55:49 - [TEST_CASE][PASSED] - Test Cases/All TC/Arranged/1. Common/IC List Checker: Test Cases/All TC/Arranged/1. Common/IC List Checker

2019-02-21 16:55:49 - [TEST_STEP][PASSED] - counter = 0: null

2019-02-21 16:55:49 - [TEST_STEP][PASSED] - fis = new java.io.FileInputStream((internal.GlobalVariable.TextFilePathCommon + \IC.xlsx)): null

2019-02-21 16:55:49 - [TEST_STEP][PASSED] - workbook = new org.apache.poi.xssf.usermodel.XSSFWorkbook(fis): null

2019-02-21 16:55:50 - [TEST_STEP][PASSED] - sheet = workbook.getSheet("Sheet1"): null

2019-02-21 16:55:50 - [TEST_STEP][PASSED] - totalRow = sheet.getLastRowNum(): null

2019-02-21 16:55:50 - [TEST_STEP][PASSED] - out.println(totalRow): null

2019-02-21 16:55:50 - [TEST_STEP][PASSED] - row = sheet.getRow(counter): null

2019-02-21 16:55:50 - [TEST_STEP][PASSED] - cell = row.getCell(counter): null

2019-02-21 16:55:50 - [TEST_STEP][PASSED] - a = cell.getStringCellValue(): null

2019-02-21 16:55:50 - [TEST_STEP][PASSED] - IC = a: null

2019-02-21 16:55:50 - [TEST_STEP][PASSED] - out.println(IC): null

2019-02-21 16:55:50 - [TEST_STEP][PASSED] - callTestCase(findTestCase("All TC/Arranged/1. Common/1.2 Setter/Setter IC"), [:], STOP_ON_FAILURE): Call Test Case 'Test Cases/All TC/Arranged/1. Common/1.2 Setter/Setter IC' successfully

2019-02-21 16:55:50 - [TEST_CASE][PASSED] - Test Cases/All TC/Arranged/1. Common/1.2 Setter/Setter IC: Test Cases/All TC/Arranged/1. Common/1.2 Setter/Setter IC

2019-02-21 16:55:50 - [TEST_STEP][PASSED] - RefNoOldFile = new java.io.File((internal.GlobalVariable.TextFilePathCommon + \getIC.txt)): null

2019-02-21 16:55:50 - [TEST_STEP][PASSED] - RefNoOldFile.delete(): null

2019-02-21 16:55:50 - [TEST_STEP][PASSED] - delay(5): Delayed 5 second(s)

2019-02-21 16:55:55 - [MESSAGE][PASSED] - Delayed 5 second(s)

2019-02-21 16:55:55 - [TEST_STEP][PASSED] - RefNo = new java.io.File((internal.GlobalVariable.TextFilePathCommon + \getIC.txt)): null

2019-02-21 16:55:55 - [TEST_STEP][PASSED] - f2 = new java.io.FileWriter(RefNo, false): null

2019-02-21 16:55:55 - [TEST_STEP][PASSED] - f2.write(IC): null

2019-02-21 16:55:55 - [TEST_STEP][PASSED] - f2.close(): null

2019-02-21 16:55:55 - [TEST_STEP][PASSED] - out.println("


" + IC + "


"): null

2019-02-21 16:55:55 - [MESSAGE][PASSED] - Call Test Case 'Test Cases/All TC/Arranged/1. Common/1.2 Setter/Setter IC' successfully

2019-02-21 16:55:55 - [MESSAGE][PASSED] - Call Test Case 'Test Cases/All TC/Arranged/1. Common/IC List Checker' successfully

2019-02-21 16:55:55 - [TEST_STEP][PASSED] - setText(findTestObject("ZhiHao/General_User_Submit_form 7/GN_Application_Reg/Page_PERKESO/input_No. Kad Pengenalan"), IC): Text '880213665021' is set on object 'Object Repository/ZhiHao/General_User_Submit_form 7/GN_Application_Reg/Page_PERKESO/input_No. Kad Pengenalan'

2019-02-21 16:55:55 - [MESSAGE][PASSED] - Text '880213665021' is set on object 'Object Repository/ZhiHao/General_User_Submit_form 7/GN_Application_Reg/Page_PERKESO/input_No. Kad Pengenalan'

2019-02-21 16:55:55 - [TEST_STEP][PASSED] - click(findTestObject("ZhiHao/General_User_Submit_form 7/GN_Application_Reg/Page_PERKESO/button_Semak")): Object: 'Object Repository/ZhiHao/General_User_Submit_form 7/GN_Application_Reg/Page_PERKESO/button_Semak' is clicked on

2019-02-21 16:55:55 - [MESSAGE][PASSED] - Object: 'Object Repository/ZhiHao/General_User_Submit_form 7/GN_Application_Reg/Page_PERKESO/button_Semak' is clicked on

2019-02-21 16:55:55 - [TEST_STEP][PASSED] - delay(3): Delayed 3 second(s)

2019-02-21 16:55:58 - [MESSAGE][PASSED] - Delayed 3 second(s)

2019-02-21 16:55:58 - [TEST_STEP][PASSED] - click(findTestObject("ZhiHao/General_User_Submit_form 7/GN_Application_Reg/Page_PERKESO/span_Nama Majikan")): Object: 'Object Repository/ZhiHao/General_User_Submit_form 7/GN_Application_Reg/Page_PERKESO/span_Nama Majikan' is clicked on

2019-02-21 16:55:58 - [MESSAGE][PASSED] - Object: 'Object Repository/ZhiHao/General_User_Submit_form 7/GN_Application_Reg/Page_PERKESO/span_Nama Majikan' is clicked on

2019-02-21 16:55:58 - [TEST_STEP][PASSED] - delay(3): Delayed 3 second(s)

2019-02-21 16:56:01 - [MESSAGE][PASSED] - Delayed 3 second(s)

2019-02-21 16:56:01 - [TEST_STEP][PASSED] - setText(findTestObject("ZhiHao/General_User_Submit_form 7/GN_Application_Reg/Page_PERKESO/input_Nama Majikan"), "pet"): Text 'pet' is set on object 'Object Repository/ZhiHao/General_User_Submit_form 7/GN_Application_Reg/Page_PERKESO/input_Nama Majikan'

2019-02-21 16:56:02 - [MESSAGE][PASSED] - Text 'pet' is set on object 'Object Repository/ZhiHao/General_User_Submit_form 7/GN_Application_Reg/Page_PERKESO/input_Nama Majikan'

2019-02-21 16:56:02 - [TEST_STEP][PASSED] - delay(3): Delayed 3 second(s)

2019-02-21 16:56:05 - [MESSAGE][PASSED] - Delayed 3 second(s)

2019-02-21 16:56:05 - [TEST_STEP][PASSED] - click(findTestObject("ZhiHao/General_User_Submit_form 7/GN_Application_Reg/Page_PERKESO/select_PETRONAS")): Object: 'Object Repository/ZhiHao/General_User_Submit_form 7/GN_Application_Reg/Page_PERKESO/select_PETRONAS' is clicked on

2019-02-21 16:56:05 - [MESSAGE][PASSED] - Object: 'Object Repository/ZhiHao/General_User_Submit_form 7/GN_Application_Reg/Page_PERKESO/select_PETRONAS' is clicked on

2019-02-21 16:56:05 - [TEST_STEP][PASSED] - delay(3): Delayed 3 second(s)

2019-02-21 16:56:08 - [MESSAGE][PASSED] - Delayed 3 second(s)

2019-02-21 16:56:08 - [TEST_STEP][PASSED] - click(findTestObject("ZhiHao/General_User_Submit_form 7/GN_Application_Reg/Page_PERKESO/input_Tarikh kehilangan pekerjaan")): Object: 'Object Repository/ZhiHao/General_User_Submit_form 7/GN_Application_Reg/Page_PERKESO/input_Tarikh kehilangan pekerjaan' is clicked on

2019-02-21 16:56:10 - [MESSAGE][PASSED] - Object: 'Object Repository/ZhiHao/General_User_Submit_form 7/GN_Application_Reg/Page_PERKESO/input_Tarikh kehilangan pekerjaan' is clicked on

2019-02-21 16:56:10 - [TEST_STEP][PASSED] - click(findTestObject("ZhiHao/General_User_Submit_form 7/GN_Application_Reg/Page_PERKESO/select_loe_date")): Object: 'Object Repository/ZhiHao/General_User_Submit_form 7/GN_Application_Reg/Page_PERKESO/select_loe_date' is clicked on

2019-02-21 16:56:11 - [MESSAGE][PASSED] - Object: 'Object Repository/ZhiHao/General_User_Submit_form 7/GN_Application_Reg/Page_PERKESO/select_loe_date' is clicked on

2019-02-21 16:56:11 - [TEST_STEP][PASSED] - click(findTestObject("ZhiHao/General_User_Submit_form 7/GN_Application_Reg/Page_PERKESO/button_Mohon")): Object: 'Object Repository/ZhiHao/General_User_Submit_form 7/GN_Application_Reg/Page_PERKESO/button_Mohon' is clicked on

2019-02-21 16:56:11 - [MESSAGE][PASSED] - Object: 'Object Repository/ZhiHao/General_User_Submit_form 7/GN_Application_Reg/Page_PERKESO/button_Mohon' is clicked on

2019-02-21 16:56:11 - [TEST_STEP][PASSED] - delay(3): Delayed 3 second(s)

2019-02-21 16:56:14 - [MESSAGE][PASSED] - Delayed 3 second(s)

2019-02-21 16:56:14 - [TEST_STEP][PASSED] - click(findTestObject("ZhiHao/General_User_Submit_form 7/GN_Application_Reg/Page_PERKESO/select_pejabat_perkeso")): Object: 'Object Repository/ZhiHao/General_User_Submit_form 7/GN_Application_Reg/Page_PERKESO/select_pejabat_perkeso' is clicked on

2019-02-21 16:56:14 - [MESSAGE][PASSED] - Object: 'Object Repository/ZhiHao/General_User_Submit_form 7/GN_Application_Reg/Page_PERKESO/select_pejabat_perkeso' is clicked on

2019-02-21 16:56:14 - [TEST_STEP][PASSED] - selectOptionByValue(findTestObject("ZhiHao/General_User_Submit_form 7/GN_Application_Reg/Page_PERKESO/select_pejabat_perkeso"), "22", true): All options with value '22' are selected in object 'Object Repository/ZhiHao/General_User_Submit_form 7/GN_Application_Reg/Page_PERKESO/select_pejabat_perkeso'  using regular expression

2019-02-21 16:56:16 - [MESSAGE][PASSED] - All options with value '22' are selected in object 'Object Repository/ZhiHao/General_User_Submit_form 7/GN_Application_Reg/Page_PERKESO/select_pejabat_perkeso'  using regular expression

2019-02-21 16:56:16 - [TEST_STEP][PASSED] - click(findTestObject("ZhiHao/General_User_Submit_form 7/GN_Application_Reg/Page_PERKESO/button_Halaman Seterus")): Object: 'Object Repository/ZhiHao/General_User_Submit_form 7/GN_Application_Reg/Page_PERKESO/button_Halaman Seterus' is clicked on

2019-02-21 16:56:16 - [MESSAGE][PASSED] - Object: 'Object Repository/ZhiHao/General_User_Submit_form 7/GN_Application_Reg/Page_PERKESO/button_Halaman Seterus' is clicked on

2019-02-21 16:56:16 - [TEST_STEP][PASSED] - delay(5): Delayed 5 second(s)

2019-02-21 16:56:21 - [MESSAGE][PASSED] - Delayed 5 second(s)

2019-02-21 16:56:21 - [MESSAGE][PASSED] - Call Test Case 'Test Cases/All TC/Arranged/3. Unit/EI/GN submit form 7/GN_Application_Reg' successfully

2019-02-21 16:56:21 - [TEST_STEP][PASSED] - callTestCase(findTestCase("All TC/Arranged/3. Unit/EI/GN submit form 7/GN_Submit Form 7_Section A"), [:], STOP_ON_FAILURE): Call Test Case 'Test Cases/All TC/Arranged/3. Unit/EI/GN submit form 7/GN_Submit Form 7_Section A' successfully

2019-02-21 16:56:21 - [TEST_CASE][PASSED] - Test Cases/All TC/Arranged/3. Unit/EI/GN submit form 7/GN_Submit Form 7_Section A: Test Cases/All TC/Arranged/3. Unit/EI/GN submit form 7/GN_Submit Form 7_Section A

2019-02-21 16:56:21 - [TEST_STEP][PASSED] - setText(findTestObject("ZhiHao/General_User_Submit_form 7/GN_Submit Form 7_Section A/Page_PERKESO/input__employeeDob_A4"), "11/12/1987"): Text '11/12/1987' is set on object 'Object Repository/ZhiHao/General_User_Submit_form 7/GN_Submit Form 7_Section A/Page_PERKESO/input__employeeDob_A4'

2019-02-21 16:56:21 - [MESSAGE][PASSED] - Text '11/12/1987' is set on object 'Object Repository/ZhiHao/General_User_Submit_form 7/GN_Submit Form 7_Section A/Page_PERKESO/input__employeeDob_A4'

2019-02-21 16:56:21 - [TEST_STEP][PASSED] - click(findTestObject("ZhiHao/General_User_Submit_form 7/GN_Submit Form 7_Section A/Page_PERKESO/button_Done_A4")): Object: 'Object Repository/ZhiHao/General_User_Submit_form 7/GN_Submit Form 7_Section A/Page_PERKESO/button_Done_A4' is clicked on

2019-02-21 16:56:21 - [MESSAGE][PASSED] - Object: 'Object Repository/ZhiHao/General_User_Submit_form 7/GN_Submit Form 7_Section A/Page_PERKESO/button_Done_A4' is clicked on

2019-02-21 16:56:21 - [TEST_STEP][PASSED] - click(findTestObject("ZhiHao/General_User_Submit_form 7/GN_Submit Form 7_Section A/Page_PERKESO/span_A5")): Object: 'Object Repository/ZhiHao/General_User_Submit_form 7/GN_Submit Form 7_Section A/Page_PERKESO/span_A5' is clicked on

2019-02-21 16:56:21 - [MESSAGE][PASSED] - Object: 'Object Repository/ZhiHao/General_User_Submit_form 7/GN_Submit Form 7_Section A/Page_PERKESO/span_A5' is clicked on

2019-02-21 16:56:21 - [TEST_STEP][PASSED] - click(findTestObject("ZhiHao/General_User_Submit_form 7/GN_Submit Form 7_Section A/Page_PERKESO/select_Bumiputera Sabah_A5")): Object: 'Object Repository/ZhiHao/General_User_Submit_form 7/GN_Submit Form 7_Section A/Page_PERKESO/select_Bumiputera Sabah_A5' is clicked on

2019-02-21 16:56:22 - [MESSAGE][PASSED] - Object: 'Object Repository/ZhiHao/General_User_Submit_form 7/GN_Submit Form 7_Section A/Page_PERKESO/select_Bumiputera Sabah_A5' is clicked on

2019-02-21 16:56:22 - [TEST_STEP][PASSED] - click(findTestObject("ZhiHao/General_User_Submit_form 7/GN_Submit Form 7_Section A/Page_PERKESO/span_A6")): Object: 'Object Repository/ZhiHao/General_User_Submit_form 7/GN_Submit Form 7_Section A/Page_PERKESO/span_A6' is clicked on

2019-02-21 16:56:22 - [MESSAGE][PASSED] - Object: 'Object Repository/ZhiHao/General_User_Submit_form 7/GN_Submit Form 7_Section A/Page_PERKESO/span_A6' is clicked on

2019-02-21 16:56:22 - [TEST_STEP][PASSED] - click(findTestObject("ZhiHao/General_User_Submit_form 7/GN_Submit Form 7_Section A/Page_PERKESO/select_Lelaki_A6")): Object: 'Object Repository/ZhiHao/General_User_Submit_form 7/GN_Submit Form 7_Section A/Page_PERKESO/select_Lelaki_A6' is clicked on

2019-02-21 16:56:22 - [MESSAGE][PASSED] - Object: 'Object Repository/ZhiHao/General_User_Submit_form 7/GN_Submit Form 7_Section A/Page_PERKESO/select_Lelaki_A6' is clicked on

2019-02-21 16:56:22 - [TEST_STEP][PASSED] - click(findTestObject("ZhiHao/General_User_Submit_form 7/GN_Submit Form 7_Section A/Page_PERKESO/span_A7")): Object: 'Object Repository/ZhiHao/General_User_Submit_form 7/GN_Submit Form 7_Section A/Page_PERKESO/span_A7' is clicked on

2019-02-21 16:56:22 - [MESSAGE][PASSED] - Object: 'Object Repository/ZhiHao/General_User_Submit_form 7/GN_Submit Form 7_Section A/Page_PERKESO/span_A7' is clicked on

2019-02-21 16:56:22 - [TEST_STEP][PASSED] - click(findTestObject("ZhiHao/General_User_Submit_form 7/GN_Submit Form 7_Section A/Page_PERKESO/select_Malaysia_A7")): Object: 'Object Repository/ZhiHao/General_User_Submit_form 7/GN_Submit Form 7_Section A/Page_PERKESO/select_Malaysia_A7' is clicked on

2019-02-21 16:56:22 - [MESSAGE][PASSED] - Object: 'Object Repository/ZhiHao/General_User_Submit_form 7/GN_Submit Form 7_Section A/Page_PERKESO/select_Malaysia_A7' is clicked on

2019-02-21 16:56:22 - [TEST_STEP][PASSED] - click(findTestObject("ZhiHao/General_User_Submit_form 7/GN_Submit Form 7_Section A/Page_PERKESO/span_A8")): Object: 'Object Repository/ZhiHao/General_User_Submit_form 7/GN_Submit Form 7_Section A/Page_PERKESO/span_A8' is clicked on

2019-02-21 16:56:22 - [MESSAGE][PASSED] - Object: 'Object Repository/ZhiHao/General_User_Submit_form 7/GN_Submit Form 7_Section A/Page_PERKESO/span_A8' is clicked on

2019-02-21 16:56:22 - [TEST_STEP][PASSED] - click(findTestObject("ZhiHao/General_User_Submit_form 7/GN_Submit Form 7_Section A/Page_PERKESO/select_Berkahwin_A8")): Object: 'Object Repository/ZhiHao/General_User_Submit_form 7/GN_Submit Form 7_Section A/Page_PERKESO/select_Berkahwin_A8' is clicked on

2019-02-21 16:56:22 - [MESSAGE][PASSED] - Object: 'Object Repository/ZhiHao/General_User_Submit_form 7/GN_Submit Form 7_Section A/Page_PERKESO/select_Berkahwin_A8' is clicked on

2019-02-21 16:56:22 - [TEST_STEP][PASSED] - setText(findTestObject("ZhiHao/General_User_Submit_form 7/GN_Submit Form 7_Section A/Page_PERKESO/input__address1_A9"), "NO1, taman jaya"): Text 'NO1, taman jaya' is set on object 'Object Repository/ZhiHao/General_User_Submit_form 7/GN_Submit Form 7_Section A/Page_PERKESO/input__address1_A9'

2019-02-21 16:56:23 - [MESSAGE][PASSED] - Text 'NO1, taman jaya' is set on object 'Object Repository/ZhiHao/General_User_Submit_form 7/GN_Submit Form 7_Section A/Page_PERKESO/input__address1_A9'

2019-02-21 16:56:23 - [TEST_STEP][PASSED] - click(findTestObject("ZhiHao/General_User_Submit_form 7/GN_Submit Form 7_Section A/Page_PERKESO/span_A10")): Object: 'Object Repository/ZhiHao/General_User_Submit_form 7/GN_Submit Form 7_Section A/Page_PERKESO/span_A10' is clicked on

2019-02-21 16:56:23 - [MESSAGE][PASSED] - Object: 'Object Repository/ZhiHao/General_User_Submit_form 7/GN_Submit Form 7_Section A/Page_PERKESO/span_A10' is clicked on

2019-02-21 16:56:23 - [TEST_STEP][PASSED] - delay(3): Delayed 3 second(s)

2019-02-21 16:56:26 - [MESSAGE][PASSED] - Delayed 3 second(s)

2019-02-21 16:56:26 - [TEST_STEP][PASSED] - click(findTestObject("ZhiHao/General_User_Submit_form 7/GN_Submit Form 7_Section A/Page_PERKESO/select_JOHOR_A10")): Object: 'Object Repository/ZhiHao/General_User_Submit_form 7/GN_Submit Form 7_Section A/Page_PERKESO/select_JOHOR_A10' is clicked on

2019-02-21 16:56:26 - [MESSAGE][PASSED] - Object: 'Object Repository/ZhiHao/General_User_Submit_form 7/GN_Submit Form 7_Section A/Page_PERKESO/select_JOHOR_A10' is clicked on

2019-02-21 16:56:26 - [TEST_STEP][PASSED] - delay(3): Delayed 3 second(s)

2019-02-21 16:56:29 - [MESSAGE][PASSED] - Delayed 3 second(s)

2019-02-21 16:56:29 - [TEST_STEP][PASSED] - click(findTestObject("ZhiHao/General_User_Submit_form 7/GN_Submit Form 7_Section A/Page_PERKESO/span_A11")): Object: 'Object Repository/ZhiHao/General_User_Submit_form 7/GN_Submit Form 7_Section A/Page_PERKESO/span_A11' is clicked on

2019-02-21 16:56:29 - [MESSAGE][PASSED] - Object: 'Object Repository/ZhiHao/General_User_Submit_form 7/GN_Submit Form 7_Section A/Page_PERKESO/span_A11' is clicked on

2019-02-21 16:56:29 - [TEST_STEP][PASSED] - delay(3): Delayed 3 second(s)

2019-02-21 16:56:32 - [MESSAGE][PASSED] - Delayed 3 second(s)

2019-02-21 16:56:32 - [TEST_STEP][PASSED] - setText(findTestObject("ZhiHao/General_User_Submit_form 7/GN_Submit Form 7_Section A/Page_PERKESO/input_Search Bandar_A11 (1)"), "jo"): Text 'jo' is set on object 'Object Repository/ZhiHao/General_User_Submit_form 7/GN_Submit Form 7_Section A/Page_PERKESO/input_Search Bandar_A11 (1)'

2019-02-21 16:56:33 - [MESSAGE][PASSED] - Text 'jo' is set on object 'Object Repository/ZhiHao/General_User_Submit_form 7/GN_Submit Form 7_Section A/Page_PERKESO/input_Search Bandar_A11 (1)'

2019-02-21 16:56:33 - [TEST_STEP][PASSED] - delay(3): Delayed 3 second(s)

2019-02-21 16:56:36 - [MESSAGE][PASSED] - Delayed 3 second(s)

2019-02-21 16:56:36 - [TEST_STEP][PASSED] - setText(findTestObject("ZhiHao/General_User_Submit_form 7/GN_Submit Form 7_Section A/Page_PERKESO/input_Search Bandar_A11 (2)"), "jo"): Text 'jo' is set on object 'Object Repository/ZhiHao/General_User_Submit_form 7/GN_Submit Form 7_Section A/Page_PERKESO/input_Search Bandar_A11 (2)'

2019-02-21 16:56:36 - [MESSAGE][PASSED] - Text 'jo' is set on object 'Object Repository/ZhiHao/General_User_Submit_form 7/GN_Submit Form 7_Section A/Page_PERKESO/input_Search Bandar_A11 (2)'

2019-02-21 16:56:36 - [TEST_STEP][PASSED] - delay(3): Delayed 3 second(s)

2019-02-21 16:56:39 - [MESSAGE][PASSED] - Delayed 3 second(s)

2019-02-21 16:56:39 - [TEST_STEP][PASSED] - click(findTestObject("ZhiHao/General_User_Submit_form 7/GN_Submit Form 7_Section A/Page_PERKESO/select_JOHOR BAHRU_A11")): Object: 'Object Repository/ZhiHao/General_User_Submit_form 7/GN_Submit Form 7_Section A/Page_PERKESO/select_JOHOR BAHRU_A11' is clicked on

2019-02-21 16:56:39 - [MESSAGE][PASSED] - Object: 'Object Repository/ZhiHao/General_User_Submit_form 7/GN_Submit Form 7_Section A/Page_PERKESO/select_JOHOR BAHRU_A11' is clicked on

2019-02-21 16:56:39 - [TEST_STEP][PASSED] - delay(5): Delayed 5 second(s)

2019-02-21 16:56:44 - [MESSAGE][PASSED] - Delayed 5 second(s)

2019-02-21 16:56:44 - [TEST_STEP][PASSED] - click(findTestObject("ZhiHao/General_User_Submit_form 7/GN_Submit Form 7_Section A/Page_PERKESO/span_A12")): Object: 'Object Repository/ZhiHao/General_User_Submit_form 7/GN_Submit Form 7_Section A/Page_PERKESO/span_A12' is clicked on

2019-02-21 16:56:44 - [MESSAGE][PASSED] - Object: 'Object Repository/ZhiHao/General_User_Submit_form 7/GN_Submit Form 7_Section A/Page_PERKESO/span_A12' is clicked on

2019-02-21 16:56:44 - [TEST_STEP][PASSED] - setText(findTestObject("ZhiHao/General_User_Submit_form 7/GN_Submit Form 7_Section A/Page_PERKESO/input_Search Postcode_A12"), "80"): Text '80' is set on object 'Object Repository/ZhiHao/General_User_Submit_form 7/GN_Submit Form 7_Section A/Page_PERKESO/input_Search Postcode_A12'

2019-02-21 16:56:44 - [MESSAGE][PASSED] - Text '80' is set on object 'Object Repository/ZhiHao/General_User_Submit_form 7/GN_Submit Form 7_Section A/Page_PERKESO/input_Search Postcode_A12'

2019-02-21 16:56:44 - [TEST_STEP][PASSED] - delay(3): Delayed 3 second(s)

2019-02-21 16:56:47 - [MESSAGE][PASSED] - Delayed 3 second(s)

2019-02-21 16:56:47 - [TEST_STEP][PASSED] - click(findTestObject("ZhiHao/General_User_Submit_form 7/GN_Submit Form 7_Section A/Page_PERKESO/select_80000_A12")): Object: 'Object Repository/ZhiHao/General_User_Submit_form 7/GN_Submit Form 7_Section A/Page_PERKESO/select_80000_A12' is clicked on

2019-02-21 16:56:47 - [MESSAGE][PASSED] - Object: 'Object Repository/ZhiHao/General_User_Submit_form 7/GN_Submit Form 7_Section A/Page_PERKESO/select_80000_A12' is clicked on

2019-02-21 16:56:47 - [TEST_STEP][PASSED] - delay(3): Delayed 3 second(s)

2019-02-21 16:56:50 - [MESSAGE][PASSED] - Delayed 3 second(s)

2019-02-21 16:56:50 - [TEST_STEP][PASSED] - setText(findTestObject("ZhiHao/General_User_Submit_form 7/GN_Submit Form 7_Section A/Page_PERKESO/input__mobileContact1_A13"), "0122837465"): Text '0122837465' is set on object 'Object Repository/ZhiHao/General_User_Submit_form 7/GN_Submit Form 7_Section A/Page_PERKESO/input__mobileContact1_A13'

2019-02-21 16:56:51 - [MESSAGE][PASSED] - Text '0122837465' is set on object 'Object Repository/ZhiHao/General_User_Submit_form 7/GN_Submit Form 7_Section A/Page_PERKESO/input__mobileContact1_A13'

2019-02-21 16:56:51 - [TEST_STEP][PASSED] - click(findTestObject("ZhiHao/General_User_Submit_form 7/GN_Submit Form 7_Section A/Page_PERKESO/button_Halaman Seterus")): Object: 'Object Repository/ZhiHao/General_User_Submit_form 7/GN_Submit Form 7_Section A/Page_PERKESO/button_Halaman Seterus' is clicked on

2019-02-21 16:56:51 - [MESSAGE][PASSED] - Object: 'Object Repository/ZhiHao/General_User_Submit_form 7/GN_Submit Form 7_Section A/Page_PERKESO/button_Halaman Seterus' is clicked on

2019-02-21 16:56:51 - [TEST_STEP][PASSED] - delay(5): Delayed 5 second(s)

2019-02-21 16:56:56 - [MESSAGE][PASSED] - Delayed 5 second(s)

2019-02-21 16:56:56 - [MESSAGE][PASSED] - Call Test Case 'Test Cases/All TC/Arranged/3. Unit/EI/GN submit form 7/GN_Submit Form 7_Section A' successfully

2019-02-21 16:56:56 - [TEST_STEP][PASSED] - callTestCase(findTestCase("All TC/Arranged/3. Unit/EI/GN submit form 7/GN_Submit Form 7_Section B"), [:], STOP_ON_FAILURE): Call Test Case 'Test Cases/All TC/Arranged/3. Unit/EI/GN submit form 7/GN_Submit Form 7_Section B' successfully

2019-02-21 16:56:56 - [TEST_CASE][PASSED] - Test Cases/All TC/Arranged/3. Unit/EI/GN submit form 7/GN_Submit Form 7_Section B: Test Cases/All TC/Arranged/3. Unit/EI/GN submit form 7/GN_Submit Form 7_Section B

2019-02-21 16:56:56 - [TEST_STEP][PASSED] - delay(2): Delayed 2 second(s)

2019-02-21 16:56:58 - [MESSAGE][PASSED] - Delayed 2 second(s)

2019-02-21 16:56:58 - [TEST_STEP][PASSED] - click(findTestObject("ZhiHao/General_User_Submit_form 7/GN_Submit Form 7_Section B/Page_PERKESO/span_B1")): Object: 'Object Repository/ZhiHao/General_User_Submit_form 7/GN_Submit Form 7_Section B/Page_PERKESO/span_B1' is clicked on

2019-02-21 16:56:58 - [MESSAGE][PASSED] - Object: 'Object Repository/ZhiHao/General_User_Submit_form 7/GN_Submit Form 7_Section B/Page_PERKESO/span_B1' is clicked on

2019-02-21 16:56:58 - [TEST_STEP][PASSED] - setText(findTestObject("ZhiHao/General_User_Submit_form 7/GN_Submit Form 7_Section B/Page_PERKESO/input_Search Jawatan_B1 (1)"), "of"): Text 'of' is set on object 'Object Repository/ZhiHao/General_User_Submit_form 7/GN_Submit Form 7_Section B/Page_PERKESO/input_Search Jawatan_B1 (1)'

2019-02-21 16:56:58 - [MESSAGE][PASSED] - Text 'of' is set on object 'Object Repository/ZhiHao/General_User_Submit_form 7/GN_Submit Form 7_Section B/Page_PERKESO/input_Search Jawatan_B1 (1)'

2019-02-21 16:56:58 - [TEST_STEP][PASSED] - setText(findTestObject("ZhiHao/General_User_Submit_form 7/GN_Submit Form 7_Section B/Page_PERKESO/input_Search Jawatan_B1 (2)"), "of"): Text 'of' is set on object 'Object Repository/ZhiHao/General_User_Submit_form 7/GN_Submit Form 7_Section B/Page_PERKESO/input_Search Jawatan_B1 (2)'

2019-02-21 16:56:59 - [MESSAGE][PASSED] - Text 'of' is set on object 'Object Repository/ZhiHao/General_User_Submit_form 7/GN_Submit Form 7_Section B/Page_PERKESO/input_Search Jawatan_B1 (2)'

2019-02-21 16:56:59 - [TEST_STEP][PASSED] - click(findTestObject("ZhiHao/General_User_Submit_form 7/GN_Submit Form 7_Section B/Page_PERKESO/select_Ahli Geofizik Kanan_B1")): Object: 'Object Repository/ZhiHao/General_User_Submit_form 7/GN_Submit Form 7_Section B/Page_PERKESO/select_Ahli Geofizik Kanan_B1' is clicked on

2019-02-21 16:56:59 - [MESSAGE][PASSED] - Object: 'Object Repository/ZhiHao/General_User_Submit_form 7/GN_Submit Form 7_Section B/Page_PERKESO/select_Ahli Geofizik Kanan_B1' is clicked on

2019-02-21 16:56:59 - [TEST_STEP][PASSED] - click(findTestObject("ZhiHao/General_User_Submit_form 7/GN_Submit Form 7_Section B/Page_PERKESO/input__lastEmploymentStartDate_B2")): Object: 'Object Repository/ZhiHao/General_User_Submit_form 7/GN_Submit Form 7_Section B/Page_PERKESO/input__lastEmploymentStartDate_B2' is clicked on

2019-02-21 16:56:59 - [MESSAGE][PASSED] - Object: 'Object Repository/ZhiHao/General_User_Submit_form 7/GN_Submit Form 7_Section B/Page_PERKESO/input__lastEmploymentStartDate_B2' is clicked on

2019-02-21 16:56:59 - [TEST_STEP][PASSED] - setText(findTestObject("ZhiHao/General_User_Submit_form 7/GN_Submit Form 7_Section B/Page_PERKESO/input__lastEmploymentStartDate_B2"), "1/1/2010"): Text '1/1/2010' is set on object 'Object Repository/ZhiHao/General_User_Submit_form 7/GN_Submit Form 7_Section B/Page_PERKESO/input__lastEmploymentStartDate_B2'

2019-02-21 16:56:59 - [MESSAGE][PASSED] - Text '1/1/2010' is set on object 'Object Repository/ZhiHao/General_User_Submit_form 7/GN_Submit Form 7_Section B/Page_PERKESO/input__lastEmploymentStartDate_B2'

2019-02-21 16:56:59 - [TEST_STEP][PASSED] - click(findTestObject("ZhiHao/General_User_Submit_form 7/GN_Submit Form 7_Section B/Page_PERKESO/button_Done_B2")): Object: 'Object Repository/ZhiHao/General_User_Submit_form 7/GN_Submit Form 7_Section B/Page_PERKESO/button_Done_B2' is clicked on

2019-02-21 16:56:59 - [MESSAGE][PASSED] - Object: 'Object Repository/ZhiHao/General_User_Submit_form 7/GN_Submit Form 7_Section B/Page_PERKESO/button_Done_B2' is clicked on

2019-02-21 16:56:59 - [TEST_STEP][PASSED] - click(findTestObject("ZhiHao/General_User_Submit_form 7/GN_Submit Form 7_Section B/Page_PERKESO/span_B4")): Object: 'Object Repository/ZhiHao/General_User_Submit_form 7/GN_Submit Form 7_Section B/Page_PERKESO/span_B4' is clicked on

2019-02-21 16:56:59 - [MESSAGE][PASSED] - Object: 'Object Repository/ZhiHao/General_User_Submit_form 7/GN_Submit Form 7_Section B/Page_PERKESO/span_B4' is clicked on

2019-02-21 16:56:59 - [TEST_STEP][PASSED] - click(findTestObject("ZhiHao/General_User_Submit_form 7/GN_Submit Form 7_Section B/Page_PERKESO/select_Tetap_B4")): Object: 'Object Repository/ZhiHao/General_User_Submit_form 7/GN_Submit Form 7_Section B/Page_PERKESO/select_Tetap_B4' is clicked on

2019-02-21 16:56:59 - [MESSAGE][PASSED] - Object: 'Object Repository/ZhiHao/General_User_Submit_form 7/GN_Submit Form 7_Section B/Page_PERKESO/select_Tetap_B4' is clicked on

2019-02-21 16:56:59 - [TEST_STEP][PASSED] - setText(findTestObject("ZhiHao/General_User_Submit_form 7/GN_Submit Form 7_Section B/Page_PERKESO/input_Gaji (RM)_B5"), "3000"): Text '3000' is set on object 'Object Repository/ZhiHao/General_User_Submit_form 7/GN_Submit Form 7_Section B/Page_PERKESO/input_Gaji (RM)_B5'

2019-02-21 16:57:00 - [MESSAGE][PASSED] - Text '3000' is set on object 'Object Repository/ZhiHao/General_User_Submit_form 7/GN_Submit Form 7_Section B/Page_PERKESO/input_Gaji (RM)_B5'

2019-02-21 16:57:00 - [TEST_STEP][PASSED] - setText(findTestObject("ZhiHao/General_User_Submit_form 7/GN_Submit Form 7_Section B/Page_PERKESO/input_Gaji (RM)_B5(2)"), "3000"): Text '3000' is set on object 'Object Repository/ZhiHao/General_User_Submit_form 7/GN_Submit Form 7_Section B/Page_PERKESO/input_Gaji (RM)_B5(2)'

2019-02-21 16:57:00 - [MESSAGE][PASSED] - Text '3000' is set on object 'Object Repository/ZhiHao/General_User_Submit_form 7/GN_Submit Form 7_Section B/Page_PERKESO/input_Gaji (RM)_B5(2)'

2019-02-21 16:57:00 - [TEST_STEP][PASSED] - setText(findTestObject("ZhiHao/General_User_Submit_form 7/GN_Submit Form 7_Section B/Page_PERKESO/input_Gaji (RM)_B5(3)"), "3000"): Text '3000' is set on object 'Object Repository/ZhiHao/General_User_Submit_form 7/GN_Submit Form 7_Section B/Page_PERKESO/input_Gaji (RM)_B5(3)'

2019-02-21 16:57:00 - [MESSAGE][PASSED] - Text '3000' is set on object 'Object Repository/ZhiHao/General_User_Submit_form 7/GN_Submit Form 7_Section B/Page_PERKESO/input_Gaji (RM)_B5(3)'

2019-02-21 16:57:00 - [TEST_STEP][PASSED] - setText(findTestObject("ZhiHao/General_User_Submit_form 7/GN_Submit Form 7_Section B/Page_PERKESO/input_Gaji (RM)_B5(4)"), "3000"): Text '3000' is set on object 'Object Repository/ZhiHao/General_User_Submit_form 7/GN_Submit Form 7_Section B/Page_PERKESO/input_Gaji (RM)_B5(4)'

2019-02-21 16:57:00 - [MESSAGE][PASSED] - Text '3000' is set on object 'Object Repository/ZhiHao/General_User_Submit_form 7/GN_Submit Form 7_Section B/Page_PERKESO/input_Gaji (RM)_B5(4)'

2019-02-21 16:57:00 - [TEST_STEP][PASSED] - setText(findTestObject("ZhiHao/General_User_Submit_form 7/GN_Submit Form 7_Section B/Page_PERKESO/input_Gaji (RM)_B5(5)"), "3000"): Text '3000' is set on object 'Object Repository/ZhiHao/General_User_Submit_form 7/GN_Submit Form 7_Section B/Page_PERKESO/input_Gaji (RM)_B5(5)'

2019-02-21 16:57:01 - [MESSAGE][PASSED] - Text '3000' is set on object 'Object Repository/ZhiHao/General_User_Submit_form 7/GN_Submit Form 7_Section B/Page_PERKESO/input_Gaji (RM)_B5(5)'

2019-02-21 16:57:01 - [TEST_STEP][PASSED] - setText(findTestObject("ZhiHao/General_User_Submit_form 7/GN_Submit Form 7_Section B/Page_PERKESO/input_Gaji (RM)_B5(6)"), "3000"): Text '3000' is set on object 'Object Repository/ZhiHao/General_User_Submit_form 7/GN_Submit Form 7_Section B/Page_PERKESO/input_Gaji (RM)_B5(6)'

2019-02-21 16:57:01 - [MESSAGE][PASSED] - Text '3000' is set on object 'Object Repository/ZhiHao/General_User_Submit_form 7/GN_Submit Form 7_Section B/Page_PERKESO/input_Gaji (RM)_B5(6)'

2019-02-21 16:57:01 - [TEST_STEP][PASSED] - setText(findTestObject("ZhiHao/General_User_Submit_form 7/GN_Submit Form 7_Section B/Page_PERKESO/input_Gaji (RM)_B5(7)"), "3000"): Text '3000' is set on object 'Object Repository/ZhiHao/General_User_Submit_form 7/GN_Submit Form 7_Section B/Page_PERKESO/input_Gaji (RM)_B5(7)'

2019-02-21 16:57:01 - [MESSAGE][PASSED] - Text '3000' is set on object 'Object Repository/ZhiHao/General_User_Submit_form 7/GN_Submit Form 7_Section B/Page_PERKESO/input_Gaji (RM)_B5(7)'

2019-02-21 16:57:01 - [TEST_STEP][PASSED] - setText(findTestObject("ZhiHao/General_User_Submit_form 7/GN_Submit Form 7_Section B/Page_PERKESO/input_Gaji (RM)_B5(8)"), "3000"): Text '3000' is set on object 'Object Repository/ZhiHao/General_User_Submit_form 7/GN_Submit Form 7_Section B/Page_PERKESO/input_Gaji (RM)_B5(8)'

2019-02-21 16:57:01 - [MESSAGE][PASSED] - Text '3000' is set on object 'Object Repository/ZhiHao/General_User_Submit_form 7/GN_Submit Form 7_Section B/Page_PERKESO/input_Gaji (RM)_B5(8)'

2019-02-21 16:57:01 - [TEST_STEP][PASSED] - click(findTestObject("ZhiHao/General_User_Submit_form 7/GN_Submit Form 7_Section B/Page_PERKESO/span_B6")): Object: 'Object Repository/ZhiHao/General_User_Submit_form 7/GN_Submit Form 7_Section B/Page_PERKESO/span_B6' is clicked on

2019-02-21 16:57:01 - [MESSAGE][PASSED] - Object: 'Object Repository/ZhiHao/General_User_Submit_form 7/GN_Submit Form 7_Section B/Page_PERKESO/span_B6' is clicked on

2019-02-21 16:57:01 - [TEST_STEP][PASSED] - click(findTestObject("ZhiHao/General_User_Submit_form 7/GN_Submit Form 7_Section B/Page_PERKESO/select_Diberhentikan tanpa sebab_B6")): Object: 'Object Repository/ZhiHao/General_User_Submit_form 7/GN_Submit Form 7_Section B/Page_PERKESO/select_Diberhentikan tanpa sebab_B6' is clicked on

2019-02-21 16:57:01 - [MESSAGE][PASSED] - Object: 'Object Repository/ZhiHao/General_User_Submit_form 7/GN_Submit Form 7_Section B/Page_PERKESO/select_Diberhentikan tanpa sebab_B6' is clicked on

2019-02-21 16:57:01 - [TEST_STEP][PASSED] - delay(2): Delayed 2 second(s)

2019-02-21 16:57:03 - [MESSAGE][PASSED] - Delayed 2 second(s)

2019-02-21 16:57:03 - [TEST_STEP][PASSED] - click(findTestObject("ZhiHao/General_User_Submit_form 7/GN_Submit Form 7_Section B/Page_PERKESO/input__averageWorkingHour_B7")): Object: 'Object Repository/ZhiHao/General_User_Submit_form 7/GN_Submit Form 7_Section B/Page_PERKESO/input__averageWorkingHour_B7' is clicked on

2019-02-21 16:57:04 - [MESSAGE][PASSED] - Object: 'Object Repository/ZhiHao/General_User_Submit_form 7/GN_Submit Form 7_Section B/Page_PERKESO/input__averageWorkingHour_B7' is clicked on

2019-02-21 16:57:04 - [TEST_STEP][PASSED] - setText(findTestObject("ZhiHao/General_User_Submit_form 7/GN_Submit Form 7_Section B/Page_PERKESO/input__averageWorkingHour_B7"), "33"): Text '33' is set on object 'Object Repository/ZhiHao/General_User_Submit_form 7/GN_Submit Form 7_Section B/Page_PERKESO/input__averageWorkingHour_B7'

2019-02-21 16:57:04 - [MESSAGE][PASSED] - Text '33' is set on object 'Object Repository/ZhiHao/General_User_Submit_form 7/GN_Submit Form 7_Section B/Page_PERKESO/input__averageWorkingHour_B7'

2019-02-21 16:57:04 - [TEST_STEP][PASSED] - click(findTestObject("ZhiHao/General_User_Submit_form 7/GN_Submit Form 7_Section B/Page_PERKESO/input_Tidak_B9")): Object: 'Object Repository/ZhiHao/General_User_Submit_form 7/GN_Submit Form 7_Section B/Page_PERKESO/input_Tidak_B9' is clicked on

2019-02-21 16:57:04 - [MESSAGE][PASSED] - Object: 'Object Repository/ZhiHao/General_User_Submit_form 7/GN_Submit Form 7_Section B/Page_PERKESO/input_Tidak_B9' is clicked on

2019-02-21 16:57:04 - [TEST_STEP][PASSED] - click(findTestObject("ZhiHao/General_User_Submit_form 7/GN_Submit Form 7_Section B/Page_PERKESO/input_Tidak_B10")): Object: 'Object Repository/ZhiHao/General_User_Submit_form 7/GN_Submit Form 7_Section B/Page_PERKESO/input_Tidak_B10' is clicked on

2019-02-21 16:57:04 - [MESSAGE][PASSED] - Object: 'Object Repository/ZhiHao/General_User_Submit_form 7/GN_Submit Form 7_Section B/Page_PERKESO/input_Tidak_B10' is clicked on

2019-02-21 16:57:04 - [TEST_STEP][PASSED] - click(findTestObject("ZhiHao/General_User_Submit_form 7/GN_Submit Form 7_Section B/Page_PERKESO/button_Halaman Seterus")): Object: 'Object Repository/ZhiHao/General_User_Submit_form 7/GN_Submit Form 7_Section B/Page_PERKESO/button_Halaman Seterus' is clicked on

2019-02-21 16:57:04 - [MESSAGE][PASSED] - Object: 'Object Repository/ZhiHao/General_User_Submit_form 7/GN_Submit Form 7_Section B/Page_PERKESO/button_Halaman Seterus' is clicked on

2019-02-21 16:57:04 - [TEST_STEP][PASSED] - delay(3): Delayed 3 second(s)

2019-02-21 16:57:07 - [MESSAGE][PASSED] - Delayed 3 second(s)

2019-02-21 16:57:07 - [MESSAGE][PASSED] - Call Test Case 'Test Cases/All TC/Arranged/3. Unit/EI/GN submit form 7/GN_Submit Form 7_Section B' successfully

2019-02-21 16:57:07 - [TEST_STEP][PASSED] - callTestCase(findTestCase("All TC/Arranged/3. Unit/EI/GN submit form 7/GN_Submit Form 7_Section C-D"), [:], STOP_ON_FAILURE): Call Test Case 'Test Cases/All TC/Arranged/3. Unit/EI/GN submit form 7/GN_Submit Form 7_Section C-D' successfully

2019-02-21 16:57:07 - [TEST_CASE][PASSED] - Test Cases/All TC/Arranged/3. Unit/EI/GN submit form 7/GN_Submit Form 7_Section C-D: Test Cases/All TC/Arranged/3. Unit/EI/GN submit form 7/GN_Submit Form 7_Section C-D

2019-02-21 16:57:07 - [TEST_STEP][PASSED] - click(findTestObject("ZhiHao/General_User_Submit_form 7/GN_Submit Form 7_Section C-D/Page_PERKESO/input__employer address_C4")): Object: 'Object Repository/ZhiHao/General_User_Submit_form 7/GN_Submit Form 7_Section C-D/Page_PERKESO/input__employer address_C4' is clicked on

2019-02-21 16:57:07 - [MESSAGE][PASSED] - Object: 'Object Repository/ZhiHao/General_User_Submit_form 7/GN_Submit Form 7_Section C-D/Page_PERKESO/input__employer address_C4' is clicked on

2019-02-21 16:57:07 - [TEST_STEP][PASSED] - setText(findTestObject("ZhiHao/General_User_Submit_form 7/GN_Submit Form 7_Section C-D/Page_PERKESO/input__employer address_C4"), "11, hahaha"): Text '11, hahaha' is set on object 'Object Repository/ZhiHao/General_User_Submit_form 7/GN_Submit Form 7_Section C-D/Page_PERKESO/input__employer address_C4'

2019-02-21 16:57:08 - [MESSAGE][PASSED] - Text '11, hahaha' is set on object 'Object Repository/ZhiHao/General_User_Submit_form 7/GN_Submit Form 7_Section C-D/Page_PERKESO/input__employer address_C4'

2019-02-21 16:57:08 - [TEST_STEP][PASSED] - click(findTestObject("ZhiHao/General_User_Submit_form 7/GN_Submit Form 7_Section C-D/Page_PERKESO/span_C5")): Object: 'Object Repository/ZhiHao/General_User_Submit_form 7/GN_Submit Form 7_Section C-D/Page_PERKESO/span_C5' is clicked on

2019-02-21 16:57:08 - [MESSAGE][PASSED] - Object: 'Object Repository/ZhiHao/General_User_Submit_form 7/GN_Submit Form 7_Section C-D/Page_PERKESO/span_C5' is clicked on

2019-02-21 16:57:08 - [TEST_STEP][PASSED] - delay(2): Delayed 2 second(s)

2019-02-21 16:57:10 - [MESSAGE][PASSED] - Delayed 2 second(s)

2019-02-21 16:57:10 - [TEST_STEP][PASSED] - click(findTestObject("ZhiHao/General_User_Submit_form 7/GN_Submit Form 7_Section C-D/Page_PERKESO/select_JOHOR_C5")): Object: 'Object Repository/ZhiHao/General_User_Submit_form 7/GN_Submit Form 7_Section C-D/Page_PERKESO/select_JOHOR_C5' is clicked on

2019-02-21 16:57:10 - [MESSAGE][PASSED] - Object: 'Object Repository/ZhiHao/General_User_Submit_form 7/GN_Submit Form 7_Section C-D/Page_PERKESO/select_JOHOR_C5' is clicked on

2019-02-21 16:57:10 - [TEST_STEP][PASSED] - delay(2): Delayed 2 second(s)

2019-02-21 16:57:12 - [MESSAGE][PASSED] - Delayed 2 second(s)

2019-02-21 16:57:12 - [TEST_STEP][PASSED] - click(findTestObject("ZhiHao/General_User_Submit_form 7/GN_Submit Form 7_Section C-D/Page_PERKESO/span_C6")): Object: 'Object Repository/ZhiHao/General_User_Submit_form 7/GN_Submit Form 7_Section C-D/Page_PERKESO/span_C6' is clicked on

2019-02-21 16:57:12 - [MESSAGE][PASSED] - Object: 'Object Repository/ZhiHao/General_User_Submit_form 7/GN_Submit Form 7_Section C-D/Page_PERKESO/span_C6' is clicked on

2019-02-21 16:57:12 - [TEST_STEP][PASSED] - delay(2): Delayed 2 second(s)

2019-02-21 16:57:14 - [MESSAGE][PASSED] - Delayed 2 second(s)

2019-02-21 16:57:14 - [TEST_STEP][PASSED] - setText(findTestObject("ZhiHao/General_User_Submit_form 7/GN_Submit Form 7_Section C-D/Page_PERKESO/input_Done_select2-search__fie_C6_C7"), "jo"): Text 'jo' is set on object 'Object Repository/ZhiHao/General_User_Submit_form 7/GN_Submit Form 7_Section C-D/Page_PERKESO/input_Done_select2-search__fie_C6_C7'

2019-02-21 16:57:14 - [MESSAGE][PASSED] - Text 'jo' is set on object 'Object Repository/ZhiHao/General_User_Submit_form 7/GN_Submit Form 7_Section C-D/Page_PERKESO/input_Done_select2-search__fie_C6_C7'

2019-02-21 16:57:14 - [TEST_STEP][PASSED] - delay(2): Delayed 2 second(s)

2019-02-21 16:57:16 - [MESSAGE][PASSED] - Delayed 2 second(s)

2019-02-21 16:57:16 - [TEST_STEP][PASSED] - setText(findTestObject("ZhiHao/General_User_Submit_form 7/GN_Submit Form 7_Section C-D/Page_PERKESO/input_Search Bandar_C6"), "jo"): Text 'jo' is set on object 'Object Repository/ZhiHao/General_User_Submit_form 7/GN_Submit Form 7_Section C-D/Page_PERKESO/input_Search Bandar_C6'

2019-02-21 16:57:17 - [MESSAGE][PASSED] - Text 'jo' is set on object 'Object Repository/ZhiHao/General_User_Submit_form 7/GN_Submit Form 7_Section C-D/Page_PERKESO/input_Search Bandar_C6'

2019-02-21 16:57:17 - [TEST_STEP][PASSED] - delay(2): Delayed 2 second(s)

2019-02-21 16:57:19 - [MESSAGE][PASSED] - Delayed 2 second(s)

2019-02-21 16:57:19 - [TEST_STEP][PASSED] - click(findTestObject("ZhiHao/General_User_Submit_form 7/GN_Submit Form 7_Section C-D/Page_PERKESO/select_JOHOR BAHRU_C6")): Object: 'Object Repository/ZhiHao/General_User_Submit_form 7/GN_Submit Form 7_Section C-D/Page_PERKESO/select_JOHOR BAHRU_C6' is clicked on

2019-02-21 16:57:19 - [MESSAGE][PASSED] - Object: 'Object Repository/ZhiHao/General_User_Submit_form 7/GN_Submit Form 7_Section C-D/Page_PERKESO/select_JOHOR BAHRU_C6' is clicked on

2019-02-21 16:57:19 - [TEST_STEP][PASSED] - delay(2): Delayed 2 second(s)

2019-02-21 16:57:21 - [MESSAGE][PASSED] - Delayed 2 second(s)

2019-02-21 16:57:21 - [TEST_STEP][PASSED] - click(findTestObject("ZhiHao/General_User_Submit_form 7/GN_Submit Form 7_Section C-D/Page_PERKESO/span_C7")): Object: 'Object Repository/ZhiHao/General_User_Submit_form 7/GN_Submit Form 7_Section C-D/Page_PERKESO/span_C7' is clicked on

2019-02-21 16:57:21 - [MESSAGE][PASSED] - Object: 'Object Repository/ZhiHao/General_User_Submit_form 7/GN_Submit Form 7_Section C-D/Page_PERKESO/span_C7' is clicked on

2019-02-21 16:57:21 - [TEST_STEP][PASSED] - delay(2): Delayed 2 second(s)

2019-02-21 16:57:23 - [MESSAGE][PASSED] - Delayed 2 second(s)

2019-02-21 16:57:23 - [TEST_STEP][PASSED] - setText(findTestObject("ZhiHao/General_User_Submit_form 7/GN_Submit Form 7_Section C-D/Page_PERKESO/input_Done_select2-search__fie_C6_C7"), "80"): Text '80' is set on object 'Object Repository/ZhiHao/General_User_Submit_form 7/GN_Submit Form 7_Section C-D/Page_PERKESO/input_Done_select2-search__fie_C6_C7'

2019-02-21 16:57:23 - [MESSAGE][PASSED] - Text '80' is set on object 'Object Repository/ZhiHao/General_User_Submit_form 7/GN_Submit Form 7_Section C-D/Page_PERKESO/input_Done_select2-search__fie_C6_C7'

2019-02-21 16:57:23 - [TEST_STEP][PASSED] - delay(2): Delayed 2 second(s)

2019-02-21 16:57:25 - [MESSAGE][PASSED] - Delayed 2 second(s)

2019-02-21 16:57:25 - [TEST_STEP][PASSED] - setText(findTestObject("ZhiHao/General_User_Submit_form 7/GN_Submit Form 7_Section C-D/Page_PERKESO/input_Search Postcode_C7"), "80"): Text '80' is set on object 'Object Repository/ZhiHao/General_User_Submit_form 7/GN_Submit Form 7_Section C-D/Page_PERKESO/input_Search Postcode_C7'

2019-02-21 16:57:25 - [MESSAGE][PASSED] - Text '80' is set on object 'Object Repository/ZhiHao/General_User_Submit_form 7/GN_Submit Form 7_Section C-D/Page_PERKESO/input_Search Postcode_C7'

2019-02-21 16:57:25 - [TEST_STEP][PASSED] - delay(2): Delayed 2 second(s)

2019-02-21 16:57:27 - [MESSAGE][PASSED] - Delayed 2 second(s)

2019-02-21 16:57:27 - [TEST_STEP][PASSED] - click(findTestObject("ZhiHao/General_User_Submit_form 7/GN_Submit Form 7_Section C-D/Page_PERKESO/select_80000_C7")): Object: 'Object Repository/ZhiHao/General_User_Submit_form 7/GN_Submit Form 7_Section C-D/Page_PERKESO/select_80000_C7' is clicked on

2019-02-21 16:57:27 - [MESSAGE][PASSED] - Object: 'Object Repository/ZhiHao/General_User_Submit_form 7/GN_Submit Form 7_Section C-D/Page_PERKESO/select_80000_C7' is clicked on

2019-02-21 16:57:27 - [TEST_STEP][PASSED] - click(findTestObject("ZhiHao/General_User_Submit_form 7/GN_Submit Form 7_Section C-D/Page_PERKESO/input_Tidak_C8")): Object: 'Object Repository/ZhiHao/General_User_Submit_form 7/GN_Submit Form 7_Section C-D/Page_PERKESO/input_Tidak_C8' is clicked on

2019-02-21 16:57:28 - [MESSAGE][PASSED] - Object: 'Object Repository/ZhiHao/General_User_Submit_form 7/GN_Submit Form 7_Section C-D/Page_PERKESO/input_Tidak_C8' is clicked on

2019-02-21 16:57:28 - [TEST_STEP][PASSED] - click(findTestObject("ZhiHao/General_User_Submit_form 7/GN_Submit Form 7_Section C-D/Page_PERKESO/input__employerInfo_C9")): Object: 'Object Repository/ZhiHao/General_User_Submit_form 7/GN_Submit Form 7_Section C-D/Page_PERKESO/input__employerInfo_C9' is clicked on

2019-02-21 16:57:28 - [MESSAGE][PASSED] - Object: 'Object Repository/ZhiHao/General_User_Submit_form 7/GN_Submit Form 7_Section C-D/Page_PERKESO/input__employerInfo_C9' is clicked on

2019-02-21 16:57:28 - [TEST_STEP][PASSED] - setText(findTestObject("ZhiHao/General_User_Submit_form 7/GN_Submit Form 7_Section C-D/Page_PERKESO/input__employerInfo_C9"), "riki"): Text 'riki' is set on object 'Object Repository/ZhiHao/General_User_Submit_form 7/GN_Submit Form 7_Section C-D/Page_PERKESO/input__employerInfo_C9'

2019-02-21 16:57:28 - [MESSAGE][PASSED] - Text 'riki' is set on object 'Object Repository/ZhiHao/General_User_Submit_form 7/GN_Submit Form 7_Section C-D/Page_PERKESO/input__employerInfo_C9'

2019-02-21 16:57:28 - [TEST_STEP][PASSED] - click(findTestObject("ZhiHao/General_User_Submit_form 7/GN_Submit Form 7_Section C-D/Page_PERKESO/input__employerInfo_contact_C10")): Object: 'Object Repository/ZhiHao/General_User_Submit_form 7/GN_Submit Form 7_Section C-D/Page_PERKESO/input__employerInfo_contact_C10' is clicked on

2019-02-21 16:57:28 - [MESSAGE][PASSED] - Object: 'Object Repository/ZhiHao/General_User_Submit_form 7/GN_Submit Form 7_Section C-D/Page_PERKESO/input__employerInfo_contact_C10' is clicked on

2019-02-21 16:57:28 - [TEST_STEP][PASSED] - setText(findTestObject("ZhiHao/General_User_Submit_form 7/GN_Submit Form 7_Section C-D/Page_PERKESO/input__employerInfo_contact_C10(2)"), "01988838746"): Text '01988838746' is set on object 'Object Repository/ZhiHao/General_User_Submit_form 7/GN_Submit Form 7_Section C-D/Page_PERKESO/input__employerInfo_contact_C10(2)'

2019-02-21 16:57:28 - [MESSAGE][PASSED] - Text '01988838746' is set on object 'Object Repository/ZhiHao/General_User_Submit_form 7/GN_Submit Form 7_Section C-D/Page_PERKESO/input__employerInfo_contact_C10(2)'

2019-02-21 16:57:28 - [TEST_STEP][PASSED] - click(findTestObject("ZhiHao/General_User_Submit_form 7/GN_Submit Form 7_Section C-D/Page_PERKESO/button_Halaman Seterus")): Object: 'Object Repository/ZhiHao/General_User_Submit_form 7/GN_Submit Form 7_Section C-D/Page_PERKESO/button_Halaman Seterus' is clicked on

2019-02-21 16:57:28 - [MESSAGE][PASSED] - Object: 'Object Repository/ZhiHao/General_User_Submit_form 7/GN_Submit Form 7_Section C-D/Page_PERKESO/button_Halaman Seterus' is clicked on

2019-02-21 16:57:28 - [TEST_STEP][PASSED] - delay(5): Delayed 5 second(s)

2019-02-21 16:57:33 - [MESSAGE][PASSED] - Delayed 5 second(s)

2019-02-21 16:57:33 - [TEST_STEP][PASSED] - click(findTestObject("ZhiHao/General_User_Submit_form 7/GN_Submit Form 7_Section C-D/Page_PERKESO/button_Halaman Seterus (section D)")): Object: 'Object Repository/ZhiHao/General_User_Submit_form 7/GN_Submit Form 7_Section C-D/Page_PERKESO/button_Halaman Seterus (section D)' is clicked on

2019-02-21 16:57:34 - [MESSAGE][PASSED] - Object: 'Object Repository/ZhiHao/General_User_Submit_form 7/GN_Submit Form 7_Section C-D/Page_PERKESO/button_Halaman Seterus (section D)' is clicked on

2019-02-21 16:57:34 - [TEST_STEP][PASSED] - delay(5): Delayed 5 second(s)

2019-02-21 16:57:39 - [MESSAGE][PASSED] - Delayed 5 second(s)

2019-02-21 16:57:39 - [MESSAGE][PASSED] - Call Test Case 'Test Cases/All TC/Arranged/3. Unit/EI/GN submit form 7/GN_Submit Form 7_Section C-D' successfully

2019-02-21 16:57:39 - [TEST_STEP][PASSED] - callTestCase(findTestCase("All TC/Arranged/3. Unit/EI/GN submit form 7/GN_Submit Form 7_Section E"), [:], STOP_ON_FAILURE): Call Test Case 'Test Cases/All TC/Arranged/3. Unit/EI/GN submit form 7/GN_Submit Form 7_Section E' successfully

2019-02-21 16:57:39 - [TEST_CASE][PASSED] - Test Cases/All TC/Arranged/3. Unit/EI/GN submit form 7/GN_Submit Form 7_Section E: Test Cases/All TC/Arranged/3. Unit/EI/GN submit form 7/GN_Submit Form 7_Section E

2019-02-21 16:57:39 - [TEST_STEP][PASSED] - click(findTestObject("ZhiHao/General_User_Submit_form 7/GN_Submit Form 7_Section E/Page_PERKESO/input__totalExpYear_E1")): Object: 'Object Repository/ZhiHao/General_User_Submit_form 7/GN_Submit Form 7_Section E/Page_PERKESO/input__totalExpYear_E1' is clicked on

2019-02-21 16:57:39 - [MESSAGE][PASSED] - Object: 'Object Repository/ZhiHao/General_User_Submit_form 7/GN_Submit Form 7_Section E/Page_PERKESO/input__totalExpYear_E1' is clicked on

2019-02-21 16:57:39 - [TEST_STEP][PASSED] - setText(findTestObject("ZhiHao/General_User_Submit_form 7/GN_Submit Form 7_Section E/Page_PERKESO/input__totalExpYear_E1"), "1"): Text '1' is set on object 'Object Repository/ZhiHao/General_User_Submit_form 7/GN_Submit Form 7_Section E/Page_PERKESO/input__totalExpYear_E1'

2019-02-21 16:57:39 - [MESSAGE][PASSED] - Text '1' is set on object 'Object Repository/ZhiHao/General_User_Submit_form 7/GN_Submit Form 7_Section E/Page_PERKESO/input__totalExpYear_E1'

2019-02-21 16:57:39 - [TEST_STEP][PASSED] - delay(2): Delayed 2 second(s)

2019-02-21 16:57:41 - [MESSAGE][PASSED] - Delayed 2 second(s)

2019-02-21 16:57:41 - [TEST_STEP][PASSED] - click(findTestObject("ZhiHao/General_User_Submit_form 7/GN_Submit Form 7_Section E/Page_PERKESO/input_Tahun_totalExpMonth_E1")): Object: 'Object Repository/ZhiHao/General_User_Submit_form 7/GN_Submit Form 7_Section E/Page_PERKESO/input_Tahun_totalExpMonth_E1' is clicked on

2019-02-21 16:57:41 - [MESSAGE][PASSED] - Object: 'Object Repository/ZhiHao/General_User_Submit_form 7/GN_Submit Form 7_Section E/Page_PERKESO/input_Tahun_totalExpMonth_E1' is clicked on

2019-02-21 16:57:41 - [TEST_STEP][PASSED] - setText(findTestObject("ZhiHao/General_User_Submit_form 7/GN_Submit Form 7_Section E/Page_PERKESO/input_Tahun_totalExpMonth_E1"), "1"): Text '1' is set on object 'Object Repository/ZhiHao/General_User_Submit_form 7/GN_Submit Form 7_Section E/Page_PERKESO/input_Tahun_totalExpMonth_E1'

2019-02-21 16:57:41 - [MESSAGE][PASSED] - Text '1' is set on object 'Object Repository/ZhiHao/General_User_Submit_form 7/GN_Submit Form 7_Section E/Page_PERKESO/input_Tahun_totalExpMonth_E1'

2019-02-21 16:57:41 - [TEST_STEP][PASSED] - click(findTestObject("ZhiHao/General_User_Submit_form 7/GN_Submit Form 7_Section E/Page_PERKESO/span_E2")): Object: 'Object Repository/ZhiHao/General_User_Submit_form 7/GN_Submit Form 7_Section E/Page_PERKESO/span_E2' is clicked on

2019-02-21 16:57:41 - [MESSAGE][PASSED] - Object: 'Object Repository/ZhiHao/General_User_Submit_form 7/GN_Submit Form 7_Section E/Page_PERKESO/span_E2' is clicked on

2019-02-21 16:57:41 - [TEST_STEP][PASSED] - click(findTestObject("ZhiHao/General_User_Submit_form 7/GN_Submit Form 7_Section E/Page_PERKESO/select_PMRPT3_E2")): Object: 'Object Repository/ZhiHao/General_User_Submit_form 7/GN_Submit Form 7_Section E/Page_PERKESO/select_PMRPT3_E2' is clicked on

2019-02-21 16:57:42 - [MESSAGE][PASSED] - Object: 'Object Repository/ZhiHao/General_User_Submit_form 7/GN_Submit Form 7_Section E/Page_PERKESO/select_PMRPT3_E2' is clicked on

2019-02-21 16:57:42 - [TEST_STEP][PASSED] - delay(2): Delayed 2 second(s)

2019-02-21 16:57:44 - [MESSAGE][PASSED] - Delayed 2 second(s)

2019-02-21 16:57:44 - [TEST_STEP][PASSED] - click(findTestObject("ZhiHao/General_User_Submit_form 7/GN_Submit Form 7_Section E/Page_PERKESO/span_E3")): Object: 'Object Repository/ZhiHao/General_User_Submit_form 7/GN_Submit Form 7_Section E/Page_PERKESO/span_E3' is clicked on

2019-02-21 16:57:44 - [MESSAGE][PASSED] - Object: 'Object Repository/ZhiHao/General_User_Submit_form 7/GN_Submit Form 7_Section E/Page_PERKESO/span_E3' is clicked on

2019-02-21 16:57:44 - [TEST_STEP][PASSED] - setText(findTestObject("ZhiHao/General_User_Submit_form 7/GN_Submit Form 7_Section E/Page_PERKESO/input_concat(id( select2-pref_E3"), "of"): Text 'of' is set on object 'Object Repository/ZhiHao/General_User_Submit_form 7/GN_Submit Form 7_Section E/Page_PERKESO/input_concat(id( select2-pref_E3'

2019-02-21 16:57:44 - [MESSAGE][PASSED] - Text 'of' is set on object 'Object Repository/ZhiHao/General_User_Submit_form 7/GN_Submit Form 7_Section E/Page_PERKESO/input_concat(id( select2-pref_E3'

2019-02-21 16:57:44 - [TEST_STEP][PASSED] - setText(findTestObject("ZhiHao/General_User_Submit_form 7/GN_Submit Form 7_Section E/Page_PERKESO/input_Done_select2-search__fie_E3"), "of"): Text 'of' is set on object 'Object Repository/ZhiHao/General_User_Submit_form 7/GN_Submit Form 7_Section E/Page_PERKESO/input_Done_select2-search__fie_E3'

2019-02-21 16:57:44 - [MESSAGE][PASSED] - Text 'of' is set on object 'Object Repository/ZhiHao/General_User_Submit_form 7/GN_Submit Form 7_Section E/Page_PERKESO/input_Done_select2-search__fie_E3'

2019-02-21 16:57:44 - [TEST_STEP][PASSED] - click(findTestObject("ZhiHao/General_User_Submit_form 7/GN_Submit Form 7_Section E/Page_PERKESO/select_Associate Director of Finan_E3")): Object: 'Object Repository/ZhiHao/General_User_Submit_form 7/GN_Submit Form 7_Section E/Page_PERKESO/select_Associate Director of Finan_E3' is clicked on

2019-02-21 16:57:44 - [MESSAGE][PASSED] - Object: 'Object Repository/ZhiHao/General_User_Submit_form 7/GN_Submit Form 7_Section E/Page_PERKESO/select_Associate Director of Finan_E3' is clicked on

2019-02-21 16:57:44 - [TEST_STEP][PASSED] - click(findTestObject("ZhiHao/General_User_Submit_form 7/GN_Submit Form 7_Section E/Page_PERKESO/span_E4")): Object: 'Object Repository/ZhiHao/General_User_Submit_form 7/GN_Submit Form 7_Section E/Page_PERKESO/span_E4' is clicked on

2019-02-21 16:57:44 - [MESSAGE][PASSED] - Object: 'Object Repository/ZhiHao/General_User_Submit_form 7/GN_Submit Form 7_Section E/Page_PERKESO/span_E4' is clicked on

2019-02-21 16:57:44 - [TEST_STEP][PASSED] - click(findTestObject("ZhiHao/General_User_Submit_form 7/GN_Submit Form 7_Section E/Page_PERKESO/select_JOHOR_E4")): Object: 'Object Repository/ZhiHao/General_User_Submit_form 7/GN_Submit Form 7_Section E/Page_PERKESO/select_JOHOR_E4' is clicked on

2019-02-21 16:57:44 - [MESSAGE][PASSED] - Object: 'Object Repository/ZhiHao/General_User_Submit_form 7/GN_Submit Form 7_Section E/Page_PERKESO/select_JOHOR_E4' is clicked on

2019-02-21 16:57:44 - [TEST_STEP][PASSED] - click(findTestObject("ZhiHao/General_User_Submit_form 7/GN_Submit Form 7_Section E/Page_PERKESO/input_Tidak_E7")): Object: 'Object Repository/ZhiHao/General_User_Submit_form 7/GN_Submit Form 7_Section E/Page_PERKESO/input_Tidak_E7' is clicked on

2019-02-21 16:57:45 - [MESSAGE][PASSED] - Object: 'Object Repository/ZhiHao/General_User_Submit_form 7/GN_Submit Form 7_Section E/Page_PERKESO/input_Tidak_E7' is clicked on

2019-02-21 16:57:45 - [TEST_STEP][PASSED] - click(findTestObject("ZhiHao/General_User_Submit_form 7/GN_Submit Form 7_Section E/Page_PERKESO/button_Halaman Seterus")): Object: 'Object Repository/ZhiHao/General_User_Submit_form 7/GN_Submit Form 7_Section E/Page_PERKESO/button_Halaman Seterus' is clicked on

2019-02-21 16:57:45 - [MESSAGE][PASSED] - Object: 'Object Repository/ZhiHao/General_User_Submit_form 7/GN_Submit Form 7_Section E/Page_PERKESO/button_Halaman Seterus' is clicked on

2019-02-21 16:57:45 - [TEST_STEP][PASSED] - delay(5): Delayed 5 second(s)

2019-02-21 16:57:50 - [MESSAGE][PASSED] - Delayed 5 second(s)

2019-02-21 16:57:50 - [MESSAGE][PASSED] - Call Test Case 'Test Cases/All TC/Arranged/3. Unit/EI/GN submit form 7/GN_Submit Form 7_Section E' successfully

2019-02-21 16:57:50 - [TEST_STEP][PASSED] - callTestCase(findTestCase("All TC/Arranged/3. Unit/EI/GN submit form 7/GN_Submit Form 7_Section F"), [:], STOP_ON_FAILURE): Call Test Case 'Test Cases/All TC/Arranged/3. Unit/EI/GN submit form 7/GN_Submit Form 7_Section F' successfully

2019-02-21 16:57:50 - [TEST_CASE][PASSED] - Test Cases/All TC/Arranged/3. Unit/EI/GN submit form 7/GN_Submit Form 7_Section F: Test Cases/All TC/Arranged/3. Unit/EI/GN submit form 7/GN_Submit Form 7_Section F

2019-02-21 16:57:50 - [TEST_STEP][PASSED] - delay(2): Delayed 2 second(s)

2019-02-21 16:57:52 - [MESSAGE][PASSED] - Delayed 2 second(s)

2019-02-21 16:57:52 - [TEST_STEP][PASSED] - click(findTestObject("ZhiHao/General_User_Submit_form 7/GN_Submit Form 7_Section F/Page_PERKESO/input_Tidak_F1")): Object: 'Object Repository/ZhiHao/General_User_Submit_form 7/GN_Submit Form 7_Section F/Page_PERKESO/input_Tidak_F1' is clicked on

2019-02-21 16:57:52 - [MESSAGE][PASSED] - Object: 'Object Repository/ZhiHao/General_User_Submit_form 7/GN_Submit Form 7_Section F/Page_PERKESO/input_Tidak_F1' is clicked on

2019-02-21 16:57:52 - [TEST_STEP][PASSED] - click(findTestObject("ZhiHao/General_User_Submit_form 7/GN_Submit Form 7_Section F/Page_PERKESO/span_F2")): Object: 'Object Repository/ZhiHao/General_User_Submit_form 7/GN_Submit Form 7_Section F/Page_PERKESO/span_F2' is clicked on

2019-02-21 16:57:52 - [MESSAGE][PASSED] - Object: 'Object Repository/ZhiHao/General_User_Submit_form 7/GN_Submit Form 7_Section F/Page_PERKESO/span_F2' is clicked on

2019-02-21 16:57:52 - [TEST_STEP][PASSED] - click(findTestObject("ZhiHao/General_User_Submit_form 7/GN_Submit Form 7_Section F/Page_PERKESO/select_ALLIANCE BANK BERHAD_F2")): Object: 'Object Repository/ZhiHao/General_User_Submit_form 7/GN_Submit Form 7_Section F/Page_PERKESO/select_ALLIANCE BANK BERHAD_F2' is clicked on

2019-02-21 16:57:52 - [MESSAGE][PASSED] - Object: 'Object Repository/ZhiHao/General_User_Submit_form 7/GN_Submit Form 7_Section F/Page_PERKESO/select_ALLIANCE BANK BERHAD_F2' is clicked on

2019-02-21 16:57:52 - [TEST_STEP][PASSED] - click(findTestObject("ZhiHao/General_User_Submit_form 7/GN_Submit Form 7_Section F/Page_PERKESO/input_Nombor akaun bank_F3")): Object: 'Object Repository/ZhiHao/General_User_Submit_form 7/GN_Submit Form 7_Section F/Page_PERKESO/input_Nombor akaun bank_F3' is clicked on

2019-02-21 16:57:52 - [MESSAGE][PASSED] - Object: 'Object Repository/ZhiHao/General_User_Submit_form 7/GN_Submit Form 7_Section F/Page_PERKESO/input_Nombor akaun bank_F3' is clicked on

2019-02-21 16:57:52 - [TEST_STEP][PASSED] - setText(findTestObject("ZhiHao/General_User_Submit_form 7/GN_Submit Form 7_Section F/Page_PERKESO/input_Nombor akaun bank_F3"), "556677"): Text '556677' is set on object 'Object Repository/ZhiHao/General_User_Submit_form 7/GN_Submit Form 7_Section F/Page_PERKESO/input_Nombor akaun bank_F3'

2019-02-21 16:57:53 - [MESSAGE][PASSED] - Text '556677' is set on object 'Object Repository/ZhiHao/General_User_Submit_form 7/GN_Submit Form 7_Section F/Page_PERKESO/input_Nombor akaun bank_F3'

2019-02-21 16:57:53 - [TEST_STEP][PASSED] - click(findTestObject("ZhiHao/General_User_Submit_form 7/GN_Submit Form 7_Section F/Page_PERKESO/button_Halaman Seterus")): Object: 'Object Repository/ZhiHao/General_User_Submit_form 7/GN_Submit Form 7_Section F/Page_PERKESO/button_Halaman Seterus' is clicked on

2019-02-21 16:57:53 - [MESSAGE][PASSED] - Object: 'Object Repository/ZhiHao/General_User_Submit_form 7/GN_Submit Form 7_Section F/Page_PERKESO/button_Halaman Seterus' is clicked on

2019-02-21 16:57:53 - [TEST_STEP][PASSED] - delay(3): Delayed 3 second(s)

2019-02-21 16:57:56 - [MESSAGE][PASSED] - Delayed 3 second(s)

2019-02-21 16:57:56 - [MESSAGE][PASSED] - Call Test Case 'Test Cases/All TC/Arranged/3. Unit/EI/GN submit form 7/GN_Submit Form 7_Section F' successfully

2019-02-21 16:57:56 - [TEST_STEP][PASSED] - callTestCase(findTestCase("All TC/Arranged/3. Unit/EI/GN submit form 7/GN_Submit Form 7_Section G"), [:], STOP_ON_FAILURE): Call Test Case 'Test Cases/All TC/Arranged/3. Unit/EI/GN submit form 7/GN_Submit Form 7_Section G' successfully

2019-02-21 16:57:56 - [TEST_CASE][PASSED] - Test Cases/All TC/Arranged/3. Unit/EI/GN submit form 7/GN_Submit Form 7_Section G: Test Cases/All TC/Arranged/3. Unit/EI/GN submit form 7/GN_Submit Form 7_Section G

2019-02-21 16:57:56 - [TEST_STEP][PASSED] - delay(2): Delayed 2 second(s)

2019-02-21 16:57:58 - [MESSAGE][PASSED] - Delayed 2 second(s)

2019-02-21 16:57:58 - [TEST_STEP][PASSED] - click(findTestObject("ZhiHao/General_User_Submit_form 7/GN_Submit Form 7_Section G/Page_PERKESO/input_Name Waris_G2")): Object: 'Object Repository/ZhiHao/General_User_Submit_form 7/GN_Submit Form 7_Section G/Page_PERKESO/input_Name Waris_G2' is clicked on

2019-02-21 16:57:58 - [MESSAGE][PASSED] - Object: 'Object Repository/ZhiHao/General_User_Submit_form 7/GN_Submit Form 7_Section G/Page_PERKESO/input_Name Waris_G2' is clicked on

2019-02-21 16:57:58 - [TEST_STEP][PASSED] - setText(findTestObject("ZhiHao/General_User_Submit_form 7/GN_Submit Form 7_Section G/Page_PERKESO/input_Name Waris_G2"), "qwertyuiop"): Text 'qwertyuiop' is set on object 'Object Repository/ZhiHao/General_User_Submit_form 7/GN_Submit Form 7_Section G/Page_PERKESO/input_Name Waris_G2'

2019-02-21 16:57:58 - [MESSAGE][PASSED] - Text 'qwertyuiop' is set on object 'Object Repository/ZhiHao/General_User_Submit_form 7/GN_Submit Form 7_Section G/Page_PERKESO/input_Name Waris_G2'

2019-02-21 16:57:58 - [TEST_STEP][PASSED] - delay(2): Delayed 2 second(s)

2019-02-21 16:58:00 - [MESSAGE][PASSED] - Delayed 2 second(s)

2019-02-21 16:58:00 - [TEST_STEP][PASSED] - click(findTestObject("ZhiHao/General_User_Submit_form 7/GN_Submit Form 7_Section G/Page_PERKESO/click_Kad Pengenalan_G2")): Object: 'Object Repository/ZhiHao/General_User_Submit_form 7/GN_Submit Form 7_Section G/Page_PERKESO/click_Kad Pengenalan_G2' is clicked on

2019-02-21 16:58:00 - [MESSAGE][PASSED] - Object: 'Object Repository/ZhiHao/General_User_Submit_form 7/GN_Submit Form 7_Section G/Page_PERKESO/click_Kad Pengenalan_G2' is clicked on

2019-02-21 16:58:00 - [TEST_STEP][PASSED] - setText(findTestObject("ZhiHao/General_User_Submit_form 7/GN_Submit Form 7_Section G/Page_PERKESO/input_Kad Pengenalan_G2"), "111111223333"): Text '111111223333' is set on object 'Object Repository/ZhiHao/General_User_Submit_form 7/GN_Submit Form 7_Section G/Page_PERKESO/input_Kad Pengenalan_G2'

2019-02-21 16:58:01 - [MESSAGE][PASSED] - Text '111111223333' is set on object 'Object Repository/ZhiHao/General_User_Submit_form 7/GN_Submit Form 7_Section G/Page_PERKESO/input_Kad Pengenalan_G2'

2019-02-21 16:58:01 - [TEST_STEP][PASSED] - delay(2): Delayed 2 second(s)

2019-02-21 16:58:03 - [MESSAGE][PASSED] - Delayed 2 second(s)

2019-02-21 16:58:03 - [TEST_STEP][PASSED] - click(findTestObject("ZhiHao/General_User_Submit_form 7/GN_Submit Form 7_Section G/Page_PERKESO/click_Tarikh Kelahiran_G2")): Object: 'Object Repository/ZhiHao/General_User_Submit_form 7/GN_Submit Form 7_Section G/Page_PERKESO/click_Tarikh Kelahiran_G2' is clicked on

2019-02-21 16:58:03 - [MESSAGE][PASSED] - Object: 'Object Repository/ZhiHao/General_User_Submit_form 7/GN_Submit Form 7_Section G/Page_PERKESO/click_Tarikh Kelahiran_G2' is clicked on

2019-02-21 16:58:03 - [TEST_STEP][PASSED] - setText(findTestObject("ZhiHao/General_User_Submit_form 7/GN_Submit Form 7_Section G/Page_PERKESO/input_Tarikh Kelahiran_G2"), "1/1/1977"): Text '1/1/1977' is set on object 'Object Repository/ZhiHao/General_User_Submit_form 7/GN_Submit Form 7_Section G/Page_PERKESO/input_Tarikh Kelahiran_G2'

2019-02-21 16:58:03 - [MESSAGE][PASSED] - Text '1/1/1977' is set on object 'Object Repository/ZhiHao/General_User_Submit_form 7/GN_Submit Form 7_Section G/Page_PERKESO/input_Tarikh Kelahiran_G2'

2019-02-21 16:58:03 - [TEST_STEP][PASSED] - click(findTestObject("ZhiHao/General_User_Submit_form 7/GN_Submit Form 7_Section G/Page_PERKESO/click_button_Done")): Object: 'Object Repository/ZhiHao/General_User_Submit_form 7/GN_Submit Form 7_Section G/Page_PERKESO/click_button_Done' is clicked on

2019-02-21 16:58:03 - [MESSAGE][PASSED] - Object: 'Object Repository/ZhiHao/General_User_Submit_form 7/GN_Submit Form 7_Section G/Page_PERKESO/click_button_Done' is clicked on

2019-02-21 16:58:03 - [TEST_STEP][PASSED] - delay(2): Delayed 2 second(s)

2019-02-21 16:58:05 - [MESSAGE][PASSED] - Delayed 2 second(s)

2019-02-21 16:58:05 - [TEST_STEP][PASSED] - click(findTestObject("ZhiHao/General_User_Submit_form 7/GN_Submit Form 7_Section G/Page_PERKESO/span_Isteri_G2")): Object: 'Object Repository/ZhiHao/General_User_Submit_form 7/GN_Submit Form 7_Section G/Page_PERKESO/span_Isteri_G2' is clicked on

2019-02-21 16:58:05 - [MESSAGE][PASSED] - Object: 'Object Repository/ZhiHao/General_User_Submit_form 7/GN_Submit Form 7_Section G/Page_PERKESO/span_Isteri_G2' is clicked on

2019-02-21 16:58:05 - [TEST_STEP][PASSED] - delay(1): Delayed 1 second(s)

2019-02-21 16:58:06 - [MESSAGE][PASSED] - Delayed 1 second(s)

2019-02-21 16:58:06 - [TEST_STEP][PASSED] - click(findTestObject("ZhiHao/General_User_Submit_form 7/GN_Submit Form 7_Section G/Page_PERKESO/select_Adik-beradik_G2")): Object: 'Object Repository/ZhiHao/General_User_Submit_form 7/GN_Submit Form 7_Section G/Page_PERKESO/select_Adik-beradik_G2' is clicked on

2019-02-21 16:58:06 - [MESSAGE][PASSED] - Object: 'Object Repository/ZhiHao/General_User_Submit_form 7/GN_Submit Form 7_Section G/Page_PERKESO/select_Adik-beradik_G2' is clicked on

2019-02-21 16:58:06 - [TEST_STEP][PASSED] - delay(2): Delayed 2 second(s)

2019-02-21 16:58:08 - [MESSAGE][PASSED] - Delayed 2 second(s)

2019-02-21 16:58:08 - [TEST_STEP][PASSED] - click(findTestObject("ZhiHao/General_User_Submit_form 7/GN_Submit Form 7_Section G/Page_PERKESO/button_Halaman Seterus")): Object: 'Object Repository/ZhiHao/General_User_Submit_form 7/GN_Submit Form 7_Section G/Page_PERKESO/button_Halaman Seterus' is clicked on

2019-02-21 16:58:09 - [MESSAGE][PASSED] - Object: 'Object Repository/ZhiHao/General_User_Submit_form 7/GN_Submit Form 7_Section G/Page_PERKESO/button_Halaman Seterus' is clicked on

2019-02-21 16:58:09 - [TEST_STEP][PASSED] - delay(5): Delayed 5 second(s)

2019-02-21 16:58:14 - [MESSAGE][PASSED] - Delayed 5 second(s)

2019-02-21 16:58:14 - [MESSAGE][PASSED] - Call Test Case 'Test Cases/All TC/Arranged/3. Unit/EI/GN submit form 7/GN_Submit Form 7_Section G' successfully

2019-02-21 16:58:14 - [TEST_STEP][PASSED] - callTestCase(findTestCase("All TC/Arranged/3. Unit/EI/GN submit form 7/GN_Submit Form 7_Section H"), [:], STOP_ON_FAILURE): Call Test Case 'Test Cases/All TC/Arranged/3. Unit/EI/GN submit form 7/GN_Submit Form 7_Section H' successfully

2019-02-21 16:58:14 - [TEST_CASE][PASSED] - Test Cases/All TC/Arranged/3. Unit/EI/GN submit form 7/GN_Submit Form 7_Section H: Test Cases/All TC/Arranged/3. Unit/EI/GN submit form 7/GN_Submit Form 7_Section H

2019-02-21 16:58:14 - [TEST_STEP][PASSED] - delay(3): Delayed 3 second(s)

2019-02-21 16:58:17 - [MESSAGE][PASSED] - Delayed 3 second(s)

2019-02-21 16:58:17 - [TEST_STEP][PASSED] - click(findTestObject("ZhiHao/General_User_Submit_form 7/GN_Submit Form 7_Section H/Page_PERKESO/Tick_H1")): Object: 'Object Repository/ZhiHao/General_User_Submit_form 7/GN_Submit Form 7_Section H/Page_PERKESO/Tick_H1' is clicked on

2019-02-21 16:58:18 - [MESSAGE][PASSED] - Object: 'Object Repository/ZhiHao/General_User_Submit_form 7/GN_Submit Form 7_Section H/Page_PERKESO/Tick_H1' is clicked on

2019-02-21 16:58:18 - [TEST_STEP][PASSED] - click(findTestObject("ZhiHao/General_User_Submit_form 7/GN_Submit Form 7_Section H/Page_PERKESO/Tick_H4")): Object: 'Object Repository/ZhiHao/General_User_Submit_form 7/GN_Submit Form 7_Section H/Page_PERKESO/Tick_H4' is clicked on

2019-02-21 16:58:18 - [MESSAGE][PASSED] - Object: 'Object Repository/ZhiHao/General_User_Submit_form 7/GN_Submit Form 7_Section H/Page_PERKESO/Tick_H4' is clicked on

2019-02-21 16:58:18 - [TEST_STEP][PASSED] - click(findTestObject("ZhiHao/General_User_Submit_form 7/GN_Submit Form 7_Section H/Page_PERKESO/Tick_H5")): Object: 'Object Repository/ZhiHao/General_User_Submit_form 7/GN_Submit Form 7_Section H/Page_PERKESO/Tick_H5' is clicked on

2019-02-21 16:58:18 - [MESSAGE][PASSED] - Object: 'Object Repository/ZhiHao/General_User_Submit_form 7/GN_Submit Form 7_Section H/Page_PERKESO/Tick_H5' is clicked on

2019-02-21 16:58:18 - [TEST_STEP][PASSED] - click(findTestObject("ZhiHao/General_User_Submit_form 7/GN_Submit Form 7_Section H/Page_PERKESO/click_upload button_I")): Object: 'Object Repository/ZhiHao/General_User_Submit_form 7/GN_Submit Form 7_Section H/Page_PERKESO/click_upload button_I' is clicked on

2019-02-21 16:58:18 - [MESSAGE][PASSED] - Object: 'Object Repository/ZhiHao/General_User_Submit_form 7/GN_Submit Form 7_Section H/Page_PERKESO/click_upload button_I' is clicked on

2019-02-21 16:58:18 - [TEST_STEP][PASSED] - delay(2): Delayed 2 second(s)

2019-02-21 16:58:20 - [MESSAGE][PASSED] - Delayed 2 second(s)

2019-02-21 16:58:20 - [TEST_STEP][PASSED] - sendKeys(findTestObject("ZhiHao/General_User_Submit_form 7/GN_Submit Form 7_Section H/Page_PERKESO/click_choose file button_I"), TextFilePathCommon + "\UploadDoc.txt"): Keys 'C:\Users\Admin\Documents\GitHub\PKSKatalon\PKS-EI-ES\Common Zone\UploadDoc.txt' sent to object: 'Object Repository/ZhiHao/General_User_Submit_form 7/GN_Submit Form 7_Section H/Page_PERKESO/click_choose file button_I'

2019-02-21 16:58:20 - [MESSAGE][PASSED] - Keys 'C:\Users\Admin\Documents\GitHub\PKSKatalon\PKS-EI-ES\Common Zone\UploadDoc.txt' sent to object: 'Object Repository/ZhiHao/General_User_Submit_form 7/GN_Submit Form 7_Section H/Page_PERKESO/click_choose file button_I'

2019-02-21 16:58:20 - [TEST_STEP][PASSED] - delay(2): Delayed 2 second(s)

2019-02-21 16:58:22 - [MESSAGE][PASSED] - Delayed 2 second(s)

2019-02-21 16:58:22 - [TEST_STEP][PASSED] - click(findTestObject("ZhiHao/General_User_Submit_form 7/GN_Submit Form 7_Section H/Page_PERKESO/click_button_Tambah Dokumen_I")): Object: 'Object Repository/ZhiHao/General_User_Submit_form 7/GN_Submit Form 7_Section H/Page_PERKESO/click_button_Tambah Dokumen_I' is clicked on

2019-02-21 16:58:22 - [MESSAGE][PASSED] - Object: 'Object Repository/ZhiHao/General_User_Submit_form 7/GN_Submit Form 7_Section H/Page_PERKESO/click_button_Tambah Dokumen_I' is clicked on

2019-02-21 16:58:22 - [TEST_STEP][PASSED] - delay(3): Delayed 3 second(s)

2019-02-21 16:58:25 - [MESSAGE][PASSED] - Delayed 3 second(s)

2019-02-21 16:58:25 - [TEST_STEP][PASSED] - acceptAlert(): Alert accepted

2019-02-21 16:58:25 - [MESSAGE][PASSED] - Alert accepted

2019-02-21 16:58:25 - [TEST_STEP][PASSED] - delay(5): Delayed 5 second(s)

2019-02-21 16:58:30 - [MESSAGE][PASSED] - Delayed 5 second(s)

2019-02-21 16:58:30 - [TEST_STEP][PASSED] - click(findTestObject("ZhiHao/General_User_Submit_form 7/GN_Submit Form 7_Section H/Page_PERKESO/click_upload button_I (2)")): Object: 'Object Repository/ZhiHao/General_User_Submit_form 7/GN_Submit Form 7_Section H/Page_PERKESO/click_upload button_I (2)' is clicked on

2019-02-21 16:58:31 - [MESSAGE][PASSED] - Object: 'Object Repository/ZhiHao/General_User_Submit_form 7/GN_Submit Form 7_Section H/Page_PERKESO/click_upload button_I (2)' is clicked on

2019-02-21 16:58:31 - [TEST_STEP][PASSED] - delay(3): Delayed 3 second(s)

2019-02-21 16:58:34 - [MESSAGE][PASSED] - Delayed 3 second(s)

2019-02-21 16:58:34 - [TEST_STEP][PASSED] - click(findTestObject("ZhiHao/General_User_Submit_form 7/GN_Submit Form 7_Section H/Page_PERKESO/input_Ya_optradio_I")): Object: 'Object Repository/ZhiHao/General_User_Submit_form 7/GN_Submit Form 7_Section H/Page_PERKESO/input_Ya_optradio_I' is clicked on

2019-02-21 16:58:34 - [MESSAGE][PASSED] - Object: 'Object Repository/ZhiHao/General_User_Submit_form 7/GN_Submit Form 7_Section H/Page_PERKESO/input_Ya_optradio_I' is clicked on

2019-02-21 16:58:34 - [TEST_STEP][PASSED] - delay(3): Delayed 3 second(s)

2019-02-21 16:58:37 - [MESSAGE][PASSED] - Delayed 3 second(s)

2019-02-21 16:58:37 - [TEST_STEP][PASSED] - sendKeys(findTestObject("ZhiHao/General_User_Submit_form 7/GN_Submit Form 7_Section H/Page_PERKESO/click_choose file button_I"), TextFilePathCommon + "\UploadDoc.txt"): Keys 'C:\Users\Admin\Documents\GitHub\PKSKatalon\PKS-EI-ES\Common Zone\UploadDoc.txt' sent to object: 'Object Repository/ZhiHao/General_User_Submit_form 7/GN_Submit Form 7_Section H/Page_PERKESO/click_choose file button_I'

2019-02-21 16:58:37 - [MESSAGE][PASSED] - Keys 'C:\Users\Admin\Documents\GitHub\PKSKatalon\PKS-EI-ES\Common Zone\UploadDoc.txt' sent to object: 'Object Repository/ZhiHao/General_User_Submit_form 7/GN_Submit Form 7_Section H/Page_PERKESO/click_choose file button_I'

2019-02-21 16:58:37 - [TEST_STEP][PASSED] - delay(3): Delayed 3 second(s)

2019-02-21 16:58:40 - [MESSAGE][PASSED] - Delayed 3 second(s)

2019-02-21 16:58:40 - [TEST_STEP][PASSED] - click(findTestObject("ZhiHao/General_User_Submit_form 7/GN_Submit Form 7_Section H/Page_PERKESO/click_button_Tambah Dokumen_I")): Object: 'Object Repository/ZhiHao/General_User_Submit_form 7/GN_Submit Form 7_Section H/Page_PERKESO/click_button_Tambah Dokumen_I' is clicked on

2019-02-21 16:58:40 - [MESSAGE][PASSED] - Object: 'Object Repository/ZhiHao/General_User_Submit_form 7/GN_Submit Form 7_Section H/Page_PERKESO/click_button_Tambah Dokumen_I' is clicked on

2019-02-21 16:58:40 - [TEST_STEP][PASSED] - delay(3): Delayed 3 second(s)

2019-02-21 16:58:43 - [MESSAGE][PASSED] - Delayed 3 second(s)

2019-02-21 16:58:43 - [TEST_STEP][PASSED] - acceptAlert(): Alert accepted

2019-02-21 16:58:43 - [MESSAGE][PASSED] - Alert accepted

2019-02-21 16:58:43 - [TEST_STEP][PASSED] - delay(5): Delayed 5 second(s)

2019-02-21 16:58:48 - [MESSAGE][PASSED] - Delayed 5 second(s)

2019-02-21 16:58:48 - [TEST_STEP][PASSED] - click(findTestObject("ZhiHao/General_User_Submit_form 7/GN_Submit Form 7_Section H/Page_PERKESO/click_upload button_I (3)")): Object: 'Object Repository/ZhiHao/General_User_Submit_form 7/GN_Submit Form 7_Section H/Page_PERKESO/click_upload button_I (3)' is clicked on

2019-02-21 16:58:48 - [MESSAGE][PASSED] - Object: 'Object Repository/ZhiHao/General_User_Submit_form 7/GN_Submit Form 7_Section H/Page_PERKESO/click_upload button_I (3)' is clicked on

2019-02-21 16:58:48 - [TEST_STEP][PASSED] - delay(3): Delayed 3 second(s)

2019-02-21 16:58:51 - [MESSAGE][PASSED] - Delayed 3 second(s)

2019-02-21 16:58:51 - [TEST_STEP][PASSED] - click(findTestObject("ZhiHao/General_User_Submit_form 7/GN_Submit Form 7_Section H/Page_PERKESO/input_Ya_optradio_I")): Object: 'Object Repository/ZhiHao/General_User_Submit_form 7/GN_Submit Form 7_Section H/Page_PERKESO/input_Ya_optradio_I' is clicked on

2019-02-21 16:58:52 - [MESSAGE][PASSED] - Object: 'Object Repository/ZhiHao/General_User_Submit_form 7/GN_Submit Form 7_Section H/Page_PERKESO/input_Ya_optradio_I' is clicked on

2019-02-21 16:58:52 - [TEST_STEP][PASSED] - delay(3): Delayed 3 second(s)

2019-02-21 16:58:55 - [MESSAGE][PASSED] - Delayed 3 second(s)

2019-02-21 16:58:55 - [TEST_STEP][PASSED] - sendKeys(findTestObject("ZhiHao/General_User_Submit_form 7/GN_Submit Form 7_Section H/Page_PERKESO/click_choose file button_I"), TextFilePathCommon + "\UploadDoc.txt"): Keys 'C:\Users\Admin\Documents\GitHub\PKSKatalon\PKS-EI-ES\Common Zone\UploadDoc.txt' sent to object: 'Object Repository/ZhiHao/General_User_Submit_form 7/GN_Submit Form 7_Section H/Page_PERKESO/click_choose file button_I'

2019-02-21 16:58:55 - [MESSAGE][PASSED] - Keys 'C:\Users\Admin\Documents\GitHub\PKSKatalon\PKS-EI-ES\Common Zone\UploadDoc.txt' sent to object: 'Object Repository/ZhiHao/General_User_Submit_form 7/GN_Submit Form 7_Section H/Page_PERKESO/click_choose file button_I'

2019-02-21 16:58:55 - [TEST_STEP][PASSED] - delay(3): Delayed 3 second(s)

2019-02-21 16:58:58 - [MESSAGE][PASSED] - Delayed 3 second(s)

2019-02-21 16:58:58 - [TEST_STEP][PASSED] - click(findTestObject("ZhiHao/General_User_Submit_form 7/GN_Submit Form 7_Section H/Page_PERKESO/click_button_Tambah Dokumen_I")): Object: 'Object Repository/ZhiHao/General_User_Submit_form 7/GN_Submit Form 7_Section H/Page_PERKESO/click_button_Tambah Dokumen_I' is clicked on

2019-02-21 16:58:58 - [MESSAGE][PASSED] - Object: 'Object Repository/ZhiHao/General_User_Submit_form 7/GN_Submit Form 7_Section H/Page_PERKESO/click_button_Tambah Dokumen_I' is clicked on

2019-02-21 16:58:58 - [TEST_STEP][PASSED] - delay(3): Delayed 3 second(s)

2019-02-21 16:59:01 - [MESSAGE][PASSED] - Delayed 3 second(s)

2019-02-21 16:59:01 - [TEST_STEP][PASSED] - acceptAlert(): Alert accepted

2019-02-21 16:59:01 - [MESSAGE][PASSED] - Alert accepted

2019-02-21 16:59:01 - [TEST_STEP][PASSED] - delay(5): Delayed 5 second(s)

2019-02-21 16:59:06 - [MESSAGE][PASSED] - Delayed 5 second(s)

2019-02-21 16:59:06 - [TEST_STEP][PASSED] - click(findTestObject("ZhiHao/General_User_Submit_form 7/GN_Submit Form 7_Section H/Page_PERKESO/click_upload button_I (4)")): Object: 'Object Repository/ZhiHao/General_User_Submit_form 7/GN_Submit Form 7_Section H/Page_PERKESO/click_upload button_I (4)' is clicked on

2019-02-21 16:59:06 - [MESSAGE][PASSED] - Object: 'Object Repository/ZhiHao/General_User_Submit_form 7/GN_Submit Form 7_Section H/Page_PERKESO/click_upload button_I (4)' is clicked on

2019-02-21 16:59:06 - [TEST_STEP][PASSED] - delay(3): Delayed 3 second(s)

2019-02-21 16:59:09 - [MESSAGE][PASSED] - Delayed 3 second(s)

2019-02-21 16:59:09 - [TEST_STEP][PASSED] - click(findTestObject("ZhiHao/General_User_Submit_form 7/GN_Submit Form 7_Section H/Page_PERKESO/Page_PERKESO/input_Tidak_optradio")): Object: 'Object Repository/ZhiHao/General_User_Submit_form 7/GN_Submit Form 7_Section H/Page_PERKESO/Page_PERKESO/input_Tidak_optradio' is clicked on

2019-02-21 16:59:10 - [MESSAGE][PASSED] - Object: 'Object Repository/ZhiHao/General_User_Submit_form 7/GN_Submit Form 7_Section H/Page_PERKESO/Page_PERKESO/input_Tidak_optradio' is clicked on

2019-02-21 16:59:10 - [TEST_STEP][PASSED] - delay(3): Delayed 3 second(s)

2019-02-21 16:59:13 - [MESSAGE][PASSED] - Delayed 3 second(s)

2019-02-21 16:59:13 - [TEST_STEP][PASSED] - setText(findTestObject("ZhiHao/General_User_Submit_form 7/GN_Submit Form 7_Section H/Page_PERKESO/input_Maklumat Account"), "test"): Text 'test' is set on object 'Object Repository/ZhiHao/General_User_Submit_form 7/GN_Submit Form 7_Section H/Page_PERKESO/input_Maklumat Account'

2019-02-21 16:59:13 - [MESSAGE][PASSED] - Text 'test' is set on object 'Object Repository/ZhiHao/General_User_Submit_form 7/GN_Submit Form 7_Section H/Page_PERKESO/input_Maklumat Account'

2019-02-21 16:59:13 - [TEST_STEP][PASSED] - delay(3): Delayed 3 second(s)

2019-02-21 16:59:16 - [MESSAGE][PASSED] - Delayed 3 second(s)

2019-02-21 16:59:16 - [TEST_STEP][PASSED] - setText(findTestObject("ZhiHao/General_User_Submit_form 7/GN_Submit Form 7_Section H/Page_PERKESO/input_Kenyataan Pemohon"), "testing"): Text 'testing' is set on object 'Object Repository/ZhiHao/General_User_Submit_form 7/GN_Submit Form 7_Section H/Page_PERKESO/input_Kenyataan Pemohon'

2019-02-21 16:59:16 - [MESSAGE][PASSED] - Text 'testing' is set on object 'Object Repository/ZhiHao/General_User_Submit_form 7/GN_Submit Form 7_Section H/Page_PERKESO/input_Kenyataan Pemohon'

2019-02-21 16:59:16 - [TEST_STEP][PASSED] - delay(3): Delayed 3 second(s)

2019-02-21 16:59:19 - [MESSAGE][PASSED] - Delayed 3 second(s)

2019-02-21 16:59:19 - [TEST_STEP][PASSED] - click(findTestObject("ZhiHao/General_User_Submit_form 7/GN_Submit Form 7_Section H/Page_PERKESO/click_button_Hantar")): Object: 'Object Repository/ZhiHao/General_User_Submit_form 7/GN_Submit Form 7_Section H/Page_PERKESO/click_button_Hantar' is clicked on

2019-02-21 16:59:19 - [MESSAGE][PASSED] - Object: 'Object Repository/ZhiHao/General_User_Submit_form 7/GN_Submit Form 7_Section H/Page_PERKESO/click_button_Hantar' is clicked on

2019-02-21 16:59:19 - [TEST_STEP][PASSED] - delay(3): Delayed 3 second(s)

2019-02-21 16:59:22 - [MESSAGE][PASSED] - Delayed 3 second(s)

2019-02-21 16:59:22 - [TEST_STEP][PASSED] - acceptAlert(): Alert accepted

2019-02-21 16:59:22 - [MESSAGE][PASSED] - Alert accepted

2019-02-21 16:59:22 - [TEST_STEP][PASSED] - delay(3): Delayed 3 second(s)

2019-02-21 16:59:25 - [MESSAGE][PASSED] - Delayed 3 second(s)

2019-02-21 16:59:25 - [TEST_STEP][PASSED] - click(findTestObject("ZhiHao/General_User_Submit_form 7/GN_Submit Form 7_Section H/Page_PERKESO/click_button_Hantar (1)")): Object: 'Object Repository/ZhiHao/General_User_Submit_form 7/GN_Submit Form 7_Section H/Page_PERKESO/click_button_Hantar (1)' is clicked on

2019-02-21 16:59:25 - [MESSAGE][PASSED] - Object: 'Object Repository/ZhiHao/General_User_Submit_form 7/GN_Submit Form 7_Section H/Page_PERKESO/click_button_Hantar (1)' is clicked on

2019-02-21 16:59:25 - [TEST_STEP][PASSED] - delay(3, STOP_ON_FAILURE): Delayed 3 second(s)

2019-02-21 16:59:28 - [MESSAGE][PASSED] - Delayed 3 second(s)

2019-02-21 16:59:28 - [TEST_STEP][PASSED] - IC = getText(findTestObject("ZhiHao/General_User_Submit_form 7/GN_Submit Form 7_Section H/Page_PERKESO/strong_821210105280 (1)")): Text of object 'Object Repository/ZhiHao/General_User_Submit_form 7/GN_Submit Form 7_Section H/Page_PERKESO/strong_821210105280 (1)' is: '880213665021'

2019-02-21 16:59:29 - [MESSAGE][PASSED] - Text of object 'Object Repository/ZhiHao/General_User_Submit_form 7/GN_Submit Form 7_Section H/Page_PERKESO/strong_821210105280 (1)' is: '880213665021'

2019-02-21 16:59:29 - [TEST_STEP][PASSED] - callTestCase(findTestCase("All TC/Arranged/1. Common/1.2 Setter/Setter IC"), [:], STOP_ON_FAILURE): Call Test Case 'Test Cases/All TC/Arranged/1. Common/1.2 Setter/Setter IC' successfully

2019-02-21 16:59:29 - [TEST_CASE][PASSED] - Test Cases/All TC/Arranged/1. Common/1.2 Setter/Setter IC: Test Cases/All TC/Arranged/1. Common/1.2 Setter/Setter IC

2019-02-21 16:59:29 - [TEST_STEP][PASSED] - RefNoOldFile = new java.io.File((internal.GlobalVariable.TextFilePathCommon + \getIC.txt)): null

2019-02-21 16:59:29 - [TEST_STEP][PASSED] - RefNoOldFile.delete(): null

2019-02-21 16:59:29 - [TEST_STEP][PASSED] - delay(5): Delayed 5 second(s)

2019-02-21 16:59:34 - [MESSAGE][PASSED] - Delayed 5 second(s)

2019-02-21 16:59:34 - [TEST_STEP][PASSED] - RefNo = new java.io.File((internal.GlobalVariable.TextFilePathCommon + \getIC.txt)): null

2019-02-21 16:59:34 - [TEST_STEP][PASSED] - f2 = new java.io.FileWriter(RefNo, false): null

2019-02-21 16:59:34 - [TEST_STEP][PASSED] - f2.write(IC): null

2019-02-21 16:59:34 - [TEST_STEP][PASSED] - f2.close(): null

2019-02-21 16:59:34 - [TEST_STEP][PASSED] - out.println("


" + IC + "


"): null

2019-02-21 16:59:34 - [MESSAGE][PASSED] - Call Test Case 'Test Cases/All TC/Arranged/1. Common/1.2 Setter/Setter IC' successfully

2019-02-21 16:59:34 - [TEST_STEP][PASSED] - Password = getText(findTestObject("ZhiHao/General_User_Submit_form 7/GN_Submit Form 7_Section H/Page_PERKESO/strong_k76N7BsG (1)")): Text of object 'Object Repository/ZhiHao/General_User_Submit_form 7/GN_Submit Form 7_Section H/Page_PERKESO/strong_k76N7BsG (1)' is: 'm7TE34HZ'

2019-02-21 16:59:34 - [MESSAGE][PASSED] - Text of object 'Object Repository/ZhiHao/General_User_Submit_form 7/GN_Submit Form 7_Section H/Page_PERKESO/strong_k76N7BsG (1)' is: 'm7TE34HZ'

2019-02-21 16:59:34 - [TEST_STEP][PASSED] - callTestCase(findTestCase("All TC/Arranged/1. Common/1.2 Setter/Setter Password"), [:], STOP_ON_FAILURE): Call Test Case 'Test Cases/All TC/Arranged/1. Common/1.2 Setter/Setter Password' successfully

2019-02-21 16:59:34 - [TEST_CASE][PASSED] - Test Cases/All TC/Arranged/1. Common/1.2 Setter/Setter Password: Test Cases/All TC/Arranged/1. Common/1.2 Setter/Setter Password

2019-02-21 16:59:34 - [TEST_STEP][PASSED] - RefNoOldFile = new java.io.File((internal.GlobalVariable.TextFilePathCommon + \getPassword.txt)): null

2019-02-21 16:59:34 - [TEST_STEP][PASSED] - RefNoOldFile.delete(): null

2019-02-21 16:59:34 - [TEST_STEP][PASSED] - delay(5): Delayed 5 second(s)

2019-02-21 16:59:39 - [MESSAGE][PASSED] - Delayed 5 second(s)

2019-02-21 16:59:39 - [TEST_STEP][PASSED] - RefNo = new java.io.File((internal.GlobalVariable.TextFilePathCommon + \getPassword.txt)): null

2019-02-21 16:59:39 - [TEST_STEP][PASSED] - f2 = new java.io.FileWriter(RefNo, false): null

2019-02-21 16:59:39 - [TEST_STEP][PASSED] - f2.write(Password): null

2019-02-21 16:59:39 - [TEST_STEP][PASSED] - f2.close(): null

2019-02-21 16:59:39 - [TEST_STEP][PASSED] - out.println("


" + Password + "


"): null

2019-02-21 16:59:39 - [MESSAGE][PASSED] - Call Test Case 'Test Cases/All TC/Arranged/1. Common/1.2 Setter/Setter Password' successfully

2019-02-21 16:59:39 - [TEST_STEP][PASSED] - CaseID = getText(findTestObject("ZhiHao/General_User_Submit_form 7/GN_Submit Form 7_Section H/Page_PERKESO/strong_SIPE1119060000038 (1)")): Text of object 'Object Repository/ZhiHao/General_User_Submit_form 7/GN_Submit Form 7_Section H/Page_PERKESO/strong_SIPE1119060000038 (1)' is: 'SIPE1119070000030'

2019-02-21 16:59:39 - [MESSAGE][PASSED] - Text of object 'Object Repository/ZhiHao/General_User_Submit_form 7/GN_Submit Form 7_Section H/Page_PERKESO/strong_SIPE1119060000038 (1)' is: 'SIPE1119070000030'

2019-02-21 16:59:39 - [TEST_STEP][PASSED] - callTestCase(findTestCase("All TC/Arranged/1. Common/1.2 Setter/Setter Case ID"), [:], STOP_ON_FAILURE): Call Test Case 'Test Cases/All TC/Arranged/1. Common/1.2 Setter/Setter Case ID' successfully

2019-02-21 16:59:39 - [TEST_CASE][PASSED] - Test Cases/All TC/Arranged/1. Common/1.2 Setter/Setter Case ID: Test Cases/All TC/Arranged/1. Common/1.2 Setter/Setter Case ID

2019-02-21 16:59:39 - [TEST_STEP][PASSED] - RefNoOldFile = new java.io.File((internal.GlobalVariable.TextFilePathCommon + \getCaseID.txt)): null

2019-02-21 16:59:39 - [TEST_STEP][PASSED] - RefNoOldFile.delete(): null

2019-02-21 16:59:39 - [TEST_STEP][PASSED] - delay(5): Delayed 5 second(s)

2019-02-21 16:59:44 - [MESSAGE][PASSED] - Delayed 5 second(s)

2019-02-21 16:59:44 - [TEST_STEP][PASSED] - RefNo = new java.io.File((internal.GlobalVariable.TextFilePathCommon + \getCaseID.txt)): null

2019-02-21 16:59:44 - [TEST_STEP][PASSED] - f2 = new java.io.FileWriter(RefNo, false): null

2019-02-21 16:59:44 - [TEST_STEP][PASSED] - f2.write(CaseID): null

2019-02-21 16:59:44 - [TEST_STEP][PASSED] - f2.close(): null

2019-02-21 16:59:44 - [TEST_STEP][PASSED] - out.println("


" + CaseID + "


"): null

2019-02-21 16:59:44 - [MESSAGE][PASSED] - Call Test Case 'Test Cases/All TC/Arranged/1. Common/1.2 Setter/Setter Case ID' successfully

2019-02-21 16:59:44 - [MESSAGE][PASSED] - Call Test Case 'Test Cases/All TC/Arranged/3. Unit/EI/GN submit form 7/GN_Submit Form 7_Section H' successfully

2019-02-21 16:59:44 - [TEST_STEP][NOT_RUN] - callTestCase(findTestCase("All TC/Arranged/2. Segment/2.8 OTC_Semakan/OTC_Semakan(By IC)"), [:], STOP_ON_FAILURE): NOT_RUN: callTestCase(findTestCase("All TC/Arranged/2. Segment/2.8 OTC_Semakan/OTC_Semakan(By IC)"), [:], STOP_ON_FAILURE)

2019-02-21 16:59:44 - [MESSAGE][NOT_RUN] - NOT_RUN: callTestCase(findTestCase("All TC/Arranged/2. Segment/2.8 OTC_Semakan/OTC_Semakan(By IC)"), [:], STOP_ON_FAILURE)

2019-02-21 16:59:44 - [MESSAGE][PASSED] - Call Test Case 'Test Cases/All TC/Arranged/2. Segment/GN_Submit Form 7_End to End' successfully

2019-02-21 16:59:44 - [TEST_STEP][PASSED] - callTestCase(findTestCase("All TC/Arranged/2. Segment/2.8 OTC_Semakan/OTC_Semakan(by Case ID)"), [:], STOP_ON_FAILURE): Call Test Case 'Test Cases/All TC/Arranged/2. Segment/2.8 OTC_Semakan/OTC_Semakan(by Case ID)' successfully

2019-02-21 16:59:44 - [TEST_CASE][PASSED] - Test Cases/All TC/Arranged/2. Segment/2.8 OTC_Semakan/OTC_Semakan(by Case ID): Test Cases/All TC/Arranged/2. Segment/2.8 OTC_Semakan/OTC_Semakan(by Case ID)

2019-02-21 16:59:44 - [TEST_STEP][PASSED] - openBrowser(""): Browser is opened with url: ''

2019-02-21 16:59:44 - [MESSAGE][WARNING] - A browser is already opened. Closing browser and opening a new one

2019-02-21 16:59:45 - [MESSAGE][INFO] - Starting 'Chrome' driver

2019-02-21 16:59:45 - [MESSAGE][INFO] - User set preference: ['args', '[--start-maximized]']

2019-02-21 16:59:47 - [MESSAGE][PASSED] - Browser is opened with url: ''

2019-02-21 16:59:47 - [TEST_STEP][PASSED] - navigateToUrl(Internal_Login): Navigate to 'http://10.20.24.188/eisportal/user/login' successfully

2019-02-21 16:59:48 - [MESSAGE][PASSED] - Navigate to 'http://10.20.24.188/eisportal/user/login' successfully

2019-02-21 16:59:48 - [TEST_STEP][PASSED] - setText(findTestObject("ZhiHao/OTC_Semakan/OTC_Semakan(by Case ID)/Page_PERKESO/input_username"), "dalilah.taib@perkeso.gov.my"): Text 'dalilah.taib@perkeso.gov.my' is set on object 'Object Repository/ZhiHao/OTC_Semakan/OTC_Semakan(by Case ID)/Page_PERKESO/input_username'

2019-02-21 16:59:50 - [MESSAGE][PASSED] - Text 'dalilah.taib@perkeso.gov.my' is set on object 'Object Repository/ZhiHao/OTC_Semakan/OTC_Semakan(by Case ID)/Page_PERKESO/input_username'

2019-02-21 16:59:50 - [TEST_STEP][PASSED] - setEncryptedText(findTestObject("ZhiHao/OTC_Semakan/OTC_Semakan(by Case ID)/Page_PERKESO/input_password"), "CQqwFZlbeC8="): Text ****** has been set on object 'Object Repository/ZhiHao/OTC_Semakan/OTC_Semakan(by Case ID)/Page_PERKESO/input_password'

2019-02-21 16:59:50 - [MESSAGE][PASSED] - Text ****** has been set on object 'Object Repository/ZhiHao/OTC_Semakan/OTC_Semakan(by Case ID)/Page_PERKESO/input_password'

2019-02-21 16:59:50 - [TEST_STEP][PASSED] - click(findTestObject("ZhiHao/OTC_Semakan/OTC_Semakan(by Case ID)/Page_PERKESO/click_login")): Object: 'Object Repository/ZhiHao/OTC_Semakan/OTC_Semakan(by Case ID)/Page_PERKESO/click_login' is clicked on

2019-02-21 16:59:51 - [MESSAGE][PASSED] - Object: 'Object Repository/ZhiHao/OTC_Semakan/OTC_Semakan(by Case ID)/Page_PERKESO/click_login' is clicked on

2019-02-21 16:59:51 - [TEST_STEP][PASSED] - callTestCase(findTestCase("All TC/Arranged/1. Common/1.1 Getter/Getter Case ID"), [:], STOP_ON_FAILURE): Call Test Case 'Test Cases/All TC/Arranged/1. Common/1.1 Getter/Getter Case ID' successfully

2019-02-21 16:59:51 - [TEST_CASE][PASSED] - Test Cases/All TC/Arranged/1. Common/1.1 Getter/Getter Case ID: Test Cases/All TC/Arranged/1. Common/1.1 Getter/Getter Case ID

2019-02-21 16:59:51 - [TEST_STEP][PASSED] - try: null

2019-02-21 16:59:51 - [TEST_STEP][PASSED] - RefNo = new java.io.File((internal.GlobalVariable.TextFilePathCommon + \getCaseID.txt)): null

2019-02-21 16:59:51 - [TEST_STEP][PASSED] - bufferread = new java.io.BufferedReader(new java.io.FileReader(RefNo)): null

2019-02-21 16:59:51 - [TEST_STEP][PASSED] - readedVal = bufferread.readLine(): null

2019-02-21 16:59:51 - [TEST_STEP][PASSED] - out.println(CaseID): null

2019-02-21 16:59:51 - [TEST_STEP][PASSED] - out.println(readedVal): null

2019-02-21 16:59:51 - [TEST_STEP][PASSED] - CaseID = "": null

2019-02-21 16:59:51 - [TEST_STEP][PASSED] - CaseID = readedVal: null

2019-02-21 16:59:51 - [MESSAGE][PASSED] - Call Test Case 'Test Cases/All TC/Arranged/1. Common/1.1 Getter/Getter Case ID' successfully

2019-02-21 16:59:51 - [TEST_STEP][PASSED] - setText(findTestObject("ZhiHao/OTC_Semakan/OTC_Semakan(by Case ID)/Page_PERKESO/input_ID Kes_caseId"), CaseID): Text 'SIPE1119070000030' is set on object 'Object Repository/ZhiHao/OTC_Semakan/OTC_Semakan(by Case ID)/Page_PERKESO/input_ID Kes_caseId'

2019-02-21 16:59:51 - [MESSAGE][PASSED] - Text 'SIPE1119070000030' is set on object 'Object Repository/ZhiHao/OTC_Semakan/OTC_Semakan(by Case ID)/Page_PERKESO/input_ID Kes_caseId'

2019-02-21 16:59:51 - [TEST_STEP][PASSED] - click(findTestObject("ZhiHao/OTC_Semakan/OTC_Semakan(by Case ID)/Page_PERKESO/button_Semak")): Object: 'Object Repository/ZhiHao/OTC_Semakan/OTC_Semakan(by Case ID)/Page_PERKESO/button_Semak' is clicked on

2019-02-21 16:59:51 - [MESSAGE][PASSED] - Object: 'Object Repository/ZhiHao/OTC_Semakan/OTC_Semakan(by Case ID)/Page_PERKESO/button_Semak' is clicked on

2019-02-21 16:59:51 - [TEST_STEP][PASSED] - UserName = getText(findTestObject("ZhiHao/OTC_Semakan/OTC_Semakan(by Case ID)/Page_PERKESO/td_JHEIO3 (1)")): Text of object 'Object Repository/ZhiHao/OTC_Semakan/OTC_Semakan(by Case ID)/Page_PERKESO/td_JHEIO3 (1)' is: 'Pejabat PERKESO Negeri Johor'

2019-02-21 16:59:52 - [MESSAGE][PASSED] - Text of object 'Object Repository/ZhiHao/OTC_Semakan/OTC_Semakan(by Case ID)/Page_PERKESO/td_JHEIO3 (1)' is: 'Pejabat PERKESO Negeri Johor'

2019-02-21 16:59:52 - [TEST_STEP][PASSED] - callTestCase(findTestCase("All TC/Arranged/1. Common/1.2 Setter/Setter UserName"), [:], STOP_ON_FAILURE): Call Test Case 'Test Cases/All TC/Arranged/1. Common/1.2 Setter/Setter UserName' successfully

2019-02-21 16:59:52 - [TEST_CASE][PASSED] - Test Cases/All TC/Arranged/1. Common/1.2 Setter/Setter UserName: Test Cases/All TC/Arranged/1. Common/1.2 Setter/Setter UserName

2019-02-21 16:59:52 - [TEST_STEP][PASSED] - RefNoOldFile = new java.io.File((internal.GlobalVariable.TextFilePathCommon + \getUser.txt)): null

2019-02-21 16:59:52 - [TEST_STEP][PASSED] - RefNoOldFile.delete(): null

2019-02-21 16:59:52 - [TEST_STEP][PASSED] - delay(5): Delayed 5 second(s)

2019-02-21 16:59:57 - [MESSAGE][PASSED] - Delayed 5 second(s)

2019-02-21 16:59:57 - [TEST_STEP][PASSED] - RefNo = new java.io.File((internal.GlobalVariable.TextFilePathCommon + \getUser.txt)): null

2019-02-21 16:59:57 - [TEST_STEP][PASSED] - f2 = new java.io.FileWriter(RefNo, false): null

2019-02-21 16:59:57 - [TEST_STEP][PASSED] - f2.write(UserName): null

2019-02-21 16:59:57 - [TEST_STEP][PASSED] - f2.close(): null

2019-02-21 16:59:57 - [TEST_STEP][PASSED] - out.println("


" + UserName + "


"): null

2019-02-21 16:59:57 - [MESSAGE][PASSED] - Call Test Case 'Test Cases/All TC/Arranged/1. Common/1.2 Setter/Setter UserName' successfully

2019-02-21 16:59:57 - [TEST_STEP][PASSED] - callTestCase(findTestCase("All TC/Arranged/1. Common/IC List Remover"), [:], STOP_ON_FAILURE): Call Test Case 'Test Cases/All TC/Arranged/1. Common/IC List Remover' successfully

2019-02-21 16:59:57 - [TEST_CASE][PASSED] - Test Cases/All TC/Arranged/1. Common/IC List Remover: Test Cases/All TC/Arranged/1. Common/IC List Remover

2019-02-21 16:59:57 - [TEST_STEP][PASSED] - counter = 0: null

2019-02-21 16:59:57 - [TEST_STEP][PASSED] - fis = new java.io.FileInputStream((internal.GlobalVariable.TextFilePathCommon + /IC.xlsx)): null

2019-02-21 16:59:57 - [TEST_STEP][PASSED] - workbook = new org.apache.poi.xssf.usermodel.XSSFWorkbook(fis): null

2019-02-21 16:59:57 - [TEST_STEP][PASSED] - sheet = workbook.getSheet("Sheet1"): null

2019-02-21 16:59:57 - [TEST_STEP][PASSED] - totalRow = sheet.getLastRowNum(): null

2019-02-21 16:59:57 - [TEST_STEP][PASSED] - out.println(totalRow): null

2019-02-21 16:59:57 - [TEST_STEP][PASSED] - row = sheet.getRow(counter): null

2019-02-21 16:59:57 - [TEST_STEP][PASSED] - cell = row.getCell(counter): null

2019-02-21 16:59:57 - [TEST_STEP][PASSED] - out.println("removing this value : " + cell.getStringCellValue()): null

2019-02-21 16:59:57 - [TEST_STEP][PASSED] - sheet.removeRow(sheet.getRow(counter)): null

2019-02-21 16:59:57 - [TEST_STEP][PASSED] - sheet.shiftRows(counter + 1, totalRow, -1): null

2019-02-21 16:59:57 - [TEST_STEP][PASSED] - fos = new java.io.FileOutputStream((internal.GlobalVariable.TextFilePathCommon + /IC.xlsx)): null

2019-02-21 16:59:57 - [TEST_STEP][PASSED] - workbook.write(fos): null

2019-02-21 16:59:57 - [TEST_STEP][PASSED] - fos.close(): null

2019-02-21 16:59:57 - [MESSAGE][PASSED] - Call Test Case 'Test Cases/All TC/Arranged/1. Common/IC List Remover' successfully

2019-02-21 16:59:57 - [MESSAGE][PASSED] - Call Test Case 'Test Cases/All TC/Arranged/2. Segment/2.8 OTC_Semakan/OTC_Semakan(by Case ID)' successfully

2019-02-21 16:59:57 - [TEST_STEP][PASSED] - callTestCase(findTestCase("All TC/Arranged/1. Common/IC List Remover"), [:], STOP_ON_FAILURE): Call Test Case 'Test Cases/All TC/Arranged/1. Common/IC List Remover' successfully

2019-02-21 16:59:57 - [TEST_CASE][PASSED] - Test Cases/All TC/Arranged/1. Common/IC List Remover: Test Cases/All TC/Arranged/1. Common/IC List Remover

2019-02-21 16:59:57 - [TEST_STEP][PASSED] - counter = 0: null

2019-02-21 16:59:57 - [TEST_STEP][PASSED] - fis = new java.io.FileInputStream((internal.GlobalVariable.TextFilePathCommon + /IC.xlsx)): null

2019-02-21 16:59:57 - [TEST_STEP][PASSED] - workbook = new org.apache.poi.xssf.usermodel.XSSFWorkbook(fis): null

2019-02-21 16:59:58 - [TEST_STEP][PASSED] - sheet = workbook.getSheet("Sheet1"): null

2019-02-21 16:59:58 - [TEST_STEP][PASSED] - totalRow = sheet.getLastRowNum(): null

2019-02-21 16:59:58 - [TEST_STEP][PASSED] - out.println(totalRow): null

2019-02-21 16:59:58 - [TEST_STEP][PASSED] - row = sheet.getRow(counter): null

2019-02-21 16:59:58 - [TEST_STEP][PASSED] - cell = row.getCell(counter): null

2019-02-21 16:59:58 - [TEST_STEP][PASSED] - out.println("removing this value : " + cell.getStringCellValue()): null

2019-02-21 16:59:58 - [TEST_STEP][PASSED] - sheet.removeRow(sheet.getRow(counter)): null

2019-02-21 16:59:58 - [TEST_STEP][PASSED] - sheet.shiftRows(counter + 1, totalRow, -1): null

2019-02-21 16:59:58 - [TEST_STEP][PASSED] - fos = new java.io.FileOutputStream((internal.GlobalVariable.TextFilePathCommon + /IC.xlsx)): null

2019-02-21 16:59:58 - [TEST_STEP][PASSED] - workbook.write(fos): null

2019-02-21 16:59:58 - [TEST_STEP][PASSED] - fos.close(): null

2019-02-21 16:59:58 - [MESSAGE][PASSED] - Call Test Case 'Test Cases/All TC/Arranged/1. Common/IC List Remover' successfully

2019-02-21 16:59:58 - [TEST_STEP][FAILED] - callTestCase(findTestCase("All TC/Arranged/2. Segment/2.3 JSA Application/EIO Internal Login - JSA Application - Approve"), [:], STOP_ON_FAILURE): callTestCase(findTestCase("All TC/Arranged/2. Segment/2.3 JSA Application/EIO Internal Login - JSA Application - Approve"), [:], STOP_ON_FAILURE) FAILED.
Reason:
com.kms.katalon.core.exception.StepFailedException: Unable to click on object 'Object Repository/KinJun/3.0 JSA Application/EIO Internal Login - JSA Application - Approve/Page_PERKESO/Click Workbasket' (Root cause: com.kms.katalon.core.webui.exception.WebElementNotFoundException: Web element with id: 'Object Repository/KinJun/3.0 JSA Application/EIO Internal Login - JSA Application - Approve/Page_PERKESO/Click Workbasket' located by 'By.xpath: //a[@href = '/eisportal/user/internal/taskinbox' and (text() = 'PETI MASUK TUGAS' or . = 'PETI MASUK TUGAS')]' not found)
	at com.kms.katalon.core.keyword.internal.KeywordMain.stepFailed(KeywordMain.groovy:36)
	at com.kms.katalon.core.webui.keyword.internal.WebUIKeywordMain.stepFailed(WebUIKeywordMain.groovy:65)
	at com.kms.katalon.core.webui.keyword.internal.WebUIKeywordMain.runKeyword(WebUIKeywordMain.groovy:27)
	at com.kms.katalon.core.webui.keyword.builtin.ClickKeyword.click(ClickKeyword.groovy:86)
	at com.kms.katalon.core.webui.keyword.builtin.ClickKeyword.execute(ClickKeyword.groovy:67)
	at com.kms.katalon.core.keyword.internal.KeywordExecutor.executeKeywordForPlatform(KeywordExecutor.groovy:53)
	at com.kms.katalon.core.webui.keyword.WebUiBuiltInKeywords.click(WebUiBuiltInKeywords.groovy:616)
	at com.kms.katalon.core.webui.keyword.WebUiBuiltInKeywords$click$3.call(Unknown Source)
	at EIO Internal Login - JSA Application - Approve.run(EIO Internal Login - JSA Application - Approve:32)
	at com.kms.katalon.core.main.ScriptEngine.run(ScriptEngine.java:194)
	at com.kms.katalon.core.main.ScriptEngine.runScriptAsRawText(ScriptEngine.java:119)
	at com.kms.katalon.core.main.TestCaseExecutor.runScript(TestCaseExecutor.java:328)
	at com.kms.katalon.core.main.TestCaseExecutor.doExecute(TestCaseExecutor.java:319)
	at com.kms.katalon.core.main.TestCaseExecutor.processExecutionPhase(TestCaseExecutor.java:298)
	at com.kms.katalon.core.main.TestCaseExecutor.accessMainPhase(TestCaseExecutor.java:290)
	at com.kms.katalon.core.main.TestCaseExecutor.execute(TestCaseExecutor.java:224)
	at com.kms.katalon.core.main.TestCaseMain.runTestCase(TestCaseMain.java:106)
	at com.kms.katalon.core.keyword.builtin.CallTestCaseKeyword$_callTestCase_closure1.doCall(CallTestCaseKeyword.groovy:59)
	at com.kms.katalon.core.keyword.builtin.CallTestCaseKeyword$_callTestCase_closure1.call(CallTestCaseKeyword.groovy)
	at com.kms.katalon.core.keyword.internal.KeywordMain.runKeyword(KeywordMain.groovy:54)
	at com.kms.katalon.core.keyword.builtin.CallTestCaseKeyword.callTestCase(CallTestCaseKeyword.groovy:80)
	at com.kms.katalon.core.keyword.builtin.CallTestCaseKeyword.execute(CallTestCaseKeyword.groovy:44)
	at com.kms.katalon.core.keyword.internal.KeywordExecutor.executeKeywordForPlatform(KeywordExecutor.groovy:53)
	at com.kms.katalon.core.keyword.BuiltinKeywords.callTestCase(BuiltinKeywords.groovy:334)
	at Submit Form 7 (General) - Case Reassignment Cross Branch SEIO.run(Submit Form 7 (General) - Case Reassignment Cross Branch SEIO:22)
	at com.kms.katalon.core.main.ScriptEngine.run(ScriptEngine.java:194)
	at com.kms.katalon.core.main.ScriptEngine.runScriptAsRawText(ScriptEngine.java:119)
	at com.kms.katalon.core.main.TestCaseExecutor.runScript(TestCaseExecutor.java:328)
	at com.kms.katalon.core.main.TestCaseExecutor.doExecute(TestCaseExecutor.java:319)
	at com.kms.katalon.core.main.TestCaseExecutor.processExecutionPhase(TestCaseExecutor.java:298)
	at com.kms.katalon.core.main.TestCaseExecutor.accessMainPhase(TestCaseExecutor.java:290)
	at com.kms.katalon.core.main.TestCaseExecutor.execute(TestCaseExecutor.java:224)
	at com.kms.katalon.core.main.TestSuiteExecutor.accessTestCaseMainPhase(TestSuiteExecutor.java:129)
	at com.kms.katalon.core.main.TestSuiteExecutor.accessTestSuiteMainPhase(TestSuiteExecutor.java:112)
	at com.kms.katalon.core.main.TestSuiteExecutor.execute(TestSuiteExecutor.java:81)
	at com.kms.katalon.core.main.TestCaseMain.startTestSuite(TestCaseMain.java:149)
	at com.kms.katalon.core.main.TestCaseMain$startTestSuite$0.call(Unknown Source)
	at TempTestSuite1550738418733.run(TempTestSuite1550738418733.groovy:36)


2019-02-21 16:59:58 - [TEST_CASE][FAILED] - Test Cases/All TC/Arranged/2. Segment/2.3 JSA Application/EIO Internal Login - JSA Application - Approve: Test Cases/All TC/Arranged/2. Segment/2.3 JSA Application/EIO Internal Login - JSA Application - Approve FAILED.
Reason:
com.kms.katalon.core.exception.StepFailedException: Unable to click on object 'Object Repository/KinJun/3.0 JSA Application/EIO Internal Login - JSA Application - Approve/Page_PERKESO/Click Workbasket' (Root cause: com.kms.katalon.core.webui.exception.WebElementNotFoundException: Web element with id: 'Object Repository/KinJun/3.0 JSA Application/EIO Internal Login - JSA Application - Approve/Page_PERKESO/Click Workbasket' located by 'By.xpath: //a[@href = '/eisportal/user/internal/taskinbox' and (text() = 'PETI MASUK TUGAS' or . = 'PETI MASUK TUGAS')]' not found)
	at com.kms.katalon.core.keyword.internal.KeywordMain.stepFailed(KeywordMain.groovy:36)
	at com.kms.katalon.core.webui.keyword.internal.WebUIKeywordMain.stepFailed(WebUIKeywordMain.groovy:65)
	at com.kms.katalon.core.webui.keyword.internal.WebUIKeywordMain.runKeyword(WebUIKeywordMain.groovy:27)
	at com.kms.katalon.core.webui.keyword.builtin.ClickKeyword.click(ClickKeyword.groovy:86)
	at com.kms.katalon.core.webui.keyword.builtin.ClickKeyword.execute(ClickKeyword.groovy:67)
	at com.kms.katalon.core.keyword.internal.KeywordExecutor.executeKeywordForPlatform(KeywordExecutor.groovy:53)
	at com.kms.katalon.core.webui.keyword.WebUiBuiltInKeywords.click(WebUiBuiltInKeywords.groovy:616)
	at com.kms.katalon.core.webui.keyword.WebUiBuiltInKeywords$click$3.call(Unknown Source)
	at EIO Internal Login - JSA Application - Approve.run(EIO Internal Login - JSA Application - Approve:32)
	at com.kms.katalon.core.main.ScriptEngine.run(ScriptEngine.java:194)
	at com.kms.katalon.core.main.ScriptEngine.runScriptAsRawText(ScriptEngine.java:119)
	at com.kms.katalon.core.main.TestCaseExecutor.runScript(TestCaseExecutor.java:328)
	at com.kms.katalon.core.main.TestCaseExecutor.doExecute(TestCaseExecutor.java:319)
	at com.kms.katalon.core.main.TestCaseExecutor.processExecutionPhase(TestCaseExecutor.java:298)
	at com.kms.katalon.core.main.TestCaseExecutor.accessMainPhase(TestCaseExecutor.java:290)
	at com.kms.katalon.core.main.TestCaseExecutor.execute(TestCaseExecutor.java:224)
	at com.kms.katalon.core.main.TestCaseMain.runTestCase(TestCaseMain.java:106)
	at com.kms.katalon.core.keyword.builtin.CallTestCaseKeyword$_callTestCase_closure1.doCall(CallTestCaseKeyword.groovy:59)
	at com.kms.katalon.core.keyword.builtin.CallTestCaseKeyword$_callTestCase_closure1.call(CallTestCaseKeyword.groovy)
	at com.kms.katalon.core.keyword.internal.KeywordMain.runKeyword(KeywordMain.groovy:54)
	at com.kms.katalon.core.keyword.builtin.CallTestCaseKeyword.callTestCase(CallTestCaseKeyword.groovy:80)
	at com.kms.katalon.core.keyword.builtin.CallTestCaseKeyword.execute(CallTestCaseKeyword.groovy:44)
	at com.kms.katalon.core.keyword.internal.KeywordExecutor.executeKeywordForPlatform(KeywordExecutor.groovy:53)
	at com.kms.katalon.core.keyword.BuiltinKeywords.callTestCase(BuiltinKeywords.groovy:334)
	at Submit Form 7 (General) - Case Reassignment Cross Branch SEIO.run(Submit Form 7 (General) - Case Reassignment Cross Branch SEIO:22)
	at com.kms.katalon.core.main.ScriptEngine.run(ScriptEngine.java:194)
	at com.kms.katalon.core.main.ScriptEngine.runScriptAsRawText(ScriptEngine.java:119)
	at com.kms.katalon.core.main.TestCaseExecutor.runScript(TestCaseExecutor.java:328)
	at com.kms.katalon.core.main.TestCaseExecutor.doExecute(TestCaseExecutor.java:319)
	at com.kms.katalon.core.main.TestCaseExecutor.processExecutionPhase(TestCaseExecutor.java:298)
	at com.kms.katalon.core.main.TestCaseExecutor.accessMainPhase(TestCaseExecutor.java:290)
	at com.kms.katalon.core.main.TestCaseExecutor.execute(TestCaseExecutor.java:224)
	at com.kms.katalon.core.main.TestSuiteExecutor.accessTestCaseMainPhase(TestSuiteExecutor.java:129)
	at com.kms.katalon.core.main.TestSuiteExecutor.accessTestSuiteMainPhase(TestSuiteExecutor.java:112)
	at com.kms.katalon.core.main.TestSuiteExecutor.execute(TestSuiteExecutor.java:81)
	at com.kms.katalon.core.main.TestCaseMain.startTestSuite(TestCaseMain.java:149)
	at com.kms.katalon.core.main.TestCaseMain$startTestSuite$0.call(Unknown Source)
	at TempTestSuite1550738418733.run(TempTestSuite1550738418733.groovy:36)


2019-02-21 16:59:58 - [TEST_STEP][PASSED] - openBrowser(""): Browser is opened with url: ''

2019-02-21 16:59:58 - [MESSAGE][WARNING] - A browser is already opened. Closing browser and opening a new one

2019-02-21 16:59:59 - [MESSAGE][INFO] - Starting 'Chrome' driver

2019-02-21 16:59:59 - [MESSAGE][INFO] - User set preference: ['args', '[--start-maximized]']

2019-02-21 17:00:01 - [MESSAGE][PASSED] - Browser is opened with url: ''

2019-02-21 17:00:01 - [TEST_STEP][PASSED] - navigateToUrl(Internal_Login): Navigate to 'http://10.20.24.188/eisportal/user/login' successfully

2019-02-21 17:00:02 - [MESSAGE][PASSED] - Navigate to 'http://10.20.24.188/eisportal/user/login' successfully

2019-02-21 17:00:02 - [TEST_STEP][PASSED] - callTestCase(findTestCase("All TC/Arranged/1. Common/Internal Email Finder"), [:], STOP_ON_FAILURE): Call Test Case 'Test Cases/All TC/Arranged/1. Common/Internal Email Finder' successfully

2019-02-21 17:00:02 - [TEST_CASE][PASSED] - Test Cases/All TC/Arranged/1. Common/Internal Email Finder: Test Cases/All TC/Arranged/1. Common/Internal Email Finder

2019-02-21 17:00:02 - [TEST_STEP][PASSED] - callTestCase(findTestCase("All TC/Arranged/1. Common/1.1 Getter/Getter UserName"), [:], CONTINUE_ON_FAILURE): Call Test Case 'Test Cases/All TC/Arranged/1. Common/1.1 Getter/Getter UserName' successfully

2019-02-21 17:00:02 - [TEST_CASE][PASSED] - Test Cases/All TC/Arranged/1. Common/1.1 Getter/Getter UserName: Test Cases/All TC/Arranged/1. Common/1.1 Getter/Getter UserName

2019-02-21 17:00:02 - [TEST_STEP][PASSED] - try: null

2019-02-21 17:00:02 - [TEST_STEP][PASSED] - RefNo = new java.io.File((internal.GlobalVariable.TextFilePathCommon + \getUser.txt)): null

2019-02-21 17:00:02 - [TEST_STEP][PASSED] - bufferread = new java.io.BufferedReader(new java.io.FileReader(RefNo)): null

2019-02-21 17:00:02 - [TEST_STEP][PASSED] - readedVal = bufferread.readLine(): null

2019-02-21 17:00:02 - [TEST_STEP][PASSED] - out.println(UserName): null

2019-02-21 17:00:02 - [TEST_STEP][PASSED] - out.println(readedVal): null

2019-02-21 17:00:02 - [TEST_STEP][PASSED] - UserName = "": null

2019-02-21 17:00:02 - [TEST_STEP][PASSED] - UserName = readedVal: null

2019-02-21 17:00:02 - [MESSAGE][PASSED] - Call Test Case 'Test Cases/All TC/Arranged/1. Common/1.1 Getter/Getter UserName' successfully

2019-02-21 17:00:02 - [TEST_STEP][PASSED] - StrA = UserName: null

2019-02-21 17:00:02 - [TEST_STEP][PASSED] - StrB = <not implemented yet for class: org.codehaus.groovy.ast.expr.EmptyExpression>: null

2019-02-21 17:00:02 - [TEST_STEP][PASSED] - Counter = 1: null

2019-02-21 17:00:02 - [TEST_STEP][PASSED] - while (!(StrB.equals(StrA)) && !(Counter > findTestData("Internal User List").getRowNumbers())): null

2019-02-21 17:00:02 - [TEST_STEP][PASSED] - StrB = findTestData("Internal User List").getValue(2, Counter): null

2019-02-21 17:00:02 - [TEST_STEP][PASSED] - if (StrB.equals(StrA)): null

2019-02-21 17:00:02 - [TEST_STEP][PASSED] - (Counter++): null

2019-02-21 17:00:02 - [TEST_STEP][PASSED] - StrB = findTestData("Internal User List").getValue(2, Counter): null

2019-02-21 17:00:02 - [TEST_STEP][PASSED] - if (StrB.equals(StrA)): null

2019-02-21 17:00:02 - [TEST_STEP][PASSED] - (Counter++): null

2019-02-21 17:00:02 - [TEST_STEP][PASSED] - StrB = findTestData("Internal User List").getValue(2, Counter): null

2019-02-21 17:00:02 - [TEST_STEP][PASSED] - if (StrB.equals(StrA)): null

2019-02-21 17:00:02 - [TEST_STEP][PASSED] - (Counter++): null

2019-02-21 17:00:02 - [TEST_STEP][PASSED] - StrB = findTestData("Internal User List").getValue(2, Counter): null

2019-02-21 17:00:02 - [TEST_STEP][PASSED] - if (StrB.equals(StrA)): null

2019-02-21 17:00:02 - [TEST_STEP][PASSED] - (Counter++): null

2019-02-21 17:00:02 - [TEST_STEP][PASSED] - StrB = findTestData("Internal User List").getValue(2, Counter): null

2019-02-21 17:00:02 - [TEST_STEP][PASSED] - if (StrB.equals(StrA)): null

2019-02-21 17:00:02 - [TEST_STEP][PASSED] - (Counter++): null

2019-02-21 17:00:02 - [TEST_STEP][PASSED] - StrB = findTestData("Internal User List").getValue(2, Counter): null

2019-02-21 17:00:02 - [TEST_STEP][PASSED] - if (StrB.equals(StrA)): null

2019-02-21 17:00:02 - [TEST_STEP][PASSED] - (Counter++): null

2019-02-21 17:00:02 - [TEST_STEP][PASSED] - StrB = findTestData("Internal User List").getValue(2, Counter): null

2019-02-21 17:00:02 - [TEST_STEP][PASSED] - if (StrB.equals(StrA)): null

2019-02-21 17:00:02 - [TEST_STEP][PASSED] - (Counter++): null

2019-02-21 17:00:02 - [TEST_STEP][PASSED] - StrB = findTestData("Internal User List").getValue(2, Counter): null

2019-02-21 17:00:02 - [TEST_STEP][PASSED] - if (StrB.equals(StrA)): null

2019-02-21 17:00:02 - [TEST_STEP][PASSED] - (Counter++): null

2019-02-21 17:00:03 - [TEST_STEP][PASSED] - StrB = findTestData("Internal User List").getValue(2, Counter): null

2019-02-21 17:00:03 - [TEST_STEP][PASSED] - if (StrB.equals(StrA)): null

2019-02-21 17:00:03 - [TEST_STEP][PASSED] - (Counter++): null

2019-02-21 17:00:03 - [TEST_STEP][PASSED] - StrB = findTestData("Internal User List").getValue(2, Counter): null

2019-02-21 17:00:03 - [TEST_STEP][PASSED] - if (StrB.equals(StrA)): null

2019-02-21 17:00:03 - [TEST_STEP][PASSED] - (Counter++): null

2019-02-21 17:00:03 - [TEST_STEP][PASSED] - StrB = findTestData("Internal User List").getValue(2, Counter): null

2019-02-21 17:00:03 - [TEST_STEP][PASSED] - if (StrB.equals(StrA)): null

2019-02-21 17:00:03 - [TEST_STEP][PASSED] - (Counter++): null

2019-02-21 17:00:03 - [TEST_STEP][PASSED] - StrB = findTestData("Internal User List").getValue(2, Counter): null

2019-02-21 17:00:03 - [TEST_STEP][PASSED] - if (StrB.equals(StrA)): null

2019-02-21 17:00:03 - [TEST_STEP][PASSED] - (Counter++): null

2019-02-21 17:00:03 - [TEST_STEP][PASSED] - StrB = findTestData("Internal User List").getValue(2, Counter): null

2019-02-21 17:00:03 - [TEST_STEP][PASSED] - if (StrB.equals(StrA)): null

2019-02-21 17:00:03 - [TEST_STEP][PASSED] - (Counter++): null

2019-02-21 17:00:03 - [TEST_STEP][PASSED] - StrB = findTestData("Internal User List").getValue(2, Counter): null

2019-02-21 17:00:03 - [TEST_STEP][PASSED] - if (StrB.equals(StrA)): null

2019-02-21 17:00:03 - [TEST_STEP][PASSED] - (Counter++): null

2019-02-21 17:00:03 - [TEST_STEP][PASSED] - StrB = findTestData("Internal User List").getValue(2, Counter): null

2019-02-21 17:00:03 - [TEST_STEP][PASSED] - if (StrB.equals(StrA)): null

2019-02-21 17:00:03 - [TEST_STEP][PASSED] - (Counter++): null

2019-02-21 17:00:03 - [TEST_STEP][PASSED] - StrB = findTestData("Internal User List").getValue(2, Counter): null

2019-02-21 17:00:03 - [TEST_STEP][PASSED] - if (StrB.equals(StrA)): null

2019-02-21 17:00:03 - [TEST_STEP][PASSED] - (Counter++): null

2019-02-21 17:00:03 - [TEST_STEP][PASSED] - StrB = findTestData("Internal User List").getValue(2, Counter): null

2019-02-21 17:00:04 - [TEST_STEP][PASSED] - if (StrB.equals(StrA)): null

2019-02-21 17:00:04 - [TEST_STEP][PASSED] - (Counter++): null

2019-02-21 17:00:04 - [TEST_STEP][PASSED] - StrB = findTestData("Internal User List").getValue(2, Counter): null

2019-02-21 17:00:04 - [TEST_STEP][PASSED] - if (StrB.equals(StrA)): null

2019-02-21 17:00:04 - [TEST_STEP][PASSED] - (Counter++): null

2019-02-21 17:00:04 - [TEST_STEP][PASSED] - StrB = findTestData("Internal User List").getValue(2, Counter): null

2019-02-21 17:00:04 - [TEST_STEP][PASSED] - if (StrB.equals(StrA)): null

2019-02-21 17:00:04 - [TEST_STEP][PASSED] - (Counter++): null

2019-02-21 17:00:04 - [TEST_STEP][PASSED] - StrB = findTestData("Internal User List").getValue(2, Counter): null

2019-02-21 17:00:04 - [TEST_STEP][PASSED] - if (StrB.equals(StrA)): null

2019-02-21 17:00:04 - [TEST_STEP][PASSED] - (Counter++): null

2019-02-21 17:00:04 - [TEST_STEP][PASSED] - StrB = findTestData("Internal User List").getValue(2, Counter): null

2019-02-21 17:00:04 - [TEST_STEP][PASSED] - if (StrB.equals(StrA)): null

2019-02-21 17:00:04 - [TEST_STEP][PASSED] - (Counter++): null

2019-02-21 17:00:04 - [TEST_STEP][PASSED] - StrB = findTestData("Internal User List").getValue(2, Counter): null

2019-02-21 17:00:04 - [TEST_STEP][PASSED] - if (StrB.equals(StrA)): null

2019-02-21 17:00:04 - [TEST_STEP][PASSED] - (Counter++): null

2019-02-21 17:00:04 - [TEST_STEP][PASSED] - StrB = findTestData("Internal User List").getValue(2, Counter): null

2019-02-21 17:00:04 - [TEST_STEP][PASSED] - if (StrB.equals(StrA)): null

2019-02-21 17:00:04 - [TEST_STEP][PASSED] - (Counter++): null

2019-02-21 17:00:05 - [TEST_STEP][PASSED] - StrB = findTestData("Internal User List").getValue(2, Counter): null

2019-02-21 17:00:05 - [TEST_STEP][PASSED] - if (StrB.equals(StrA)): null

2019-02-21 17:00:05 - [TEST_STEP][PASSED] - (Counter++): null

2019-02-21 17:00:05 - [TEST_STEP][PASSED] - StrB = findTestData("Internal User List").getValue(2, Counter): null

2019-02-21 17:00:05 - [TEST_STEP][PASSED] - if (StrB.equals(StrA)): null

2019-02-21 17:00:05 - [TEST_STEP][PASSED] - (Counter++): null

2019-02-21 17:00:05 - [TEST_STEP][PASSED] - StrB = findTestData("Internal User List").getValue(2, Counter): null

2019-02-21 17:00:05 - [TEST_STEP][PASSED] - if (StrB.equals(StrA)): null

2019-02-21 17:00:05 - [TEST_STEP][PASSED] - (Counter++): null

2019-02-21 17:00:05 - [TEST_STEP][PASSED] - StrB = findTestData("Internal User List").getValue(2, Counter): null

2019-02-21 17:00:05 - [TEST_STEP][PASSED] - if (StrB.equals(StrA)): null

2019-02-21 17:00:05 - [TEST_STEP][PASSED] - (Counter++): null

2019-02-21 17:00:05 - [TEST_STEP][PASSED] - StrB = findTestData("Internal User List").getValue(2, Counter): null

2019-02-21 17:00:05 - [TEST_STEP][PASSED] - if (StrB.equals(StrA)): null

2019-02-21 17:00:05 - [TEST_STEP][PASSED] - (Counter++): null

2019-02-21 17:00:05 - [TEST_STEP][PASSED] - StrB = findTestData("Internal User List").getValue(2, Counter): null

2019-02-21 17:00:05 - [TEST_STEP][PASSED] - if (StrB.equals(StrA)): null

2019-02-21 17:00:05 - [TEST_STEP][PASSED] - (Counter++): null

2019-02-21 17:00:05 - [TEST_STEP][PASSED] - StrB = findTestData("Internal User List").getValue(2, Counter): null

2019-02-21 17:00:05 - [TEST_STEP][PASSED] - if (StrB.equals(StrA)): null

2019-02-21 17:00:05 - [TEST_STEP][PASSED] - (Counter++): null

2019-02-21 17:00:06 - [TEST_STEP][PASSED] - StrB = findTestData("Internal User List").getValue(2, Counter): null

2019-02-21 17:00:06 - [TEST_STEP][PASSED] - if (StrB.equals(StrA)): null

2019-02-21 17:00:06 - [TEST_STEP][PASSED] - (Counter++): null

2019-02-21 17:00:06 - [TEST_STEP][PASSED] - StrB = findTestData("Internal User List").getValue(2, Counter): null

2019-02-21 17:00:06 - [TEST_STEP][PASSED] - if (StrB.equals(StrA)): null

2019-02-21 17:00:06 - [TEST_STEP][PASSED] - (Counter++): null

2019-02-21 17:00:06 - [TEST_STEP][PASSED] - StrB = findTestData("Internal User List").getValue(2, Counter): null

2019-02-21 17:00:06 - [TEST_STEP][PASSED] - if (StrB.equals(StrA)): null

2019-02-21 17:00:06 - [TEST_STEP][PASSED] - (Counter++): null

2019-02-21 17:00:06 - [TEST_STEP][PASSED] - StrB = findTestData("Internal User List").getValue(2, Counter): null

2019-02-21 17:00:06 - [TEST_STEP][PASSED] - if (StrB.equals(StrA)): null

2019-02-21 17:00:06 - [TEST_STEP][PASSED] - (Counter++): null

2019-02-21 17:00:06 - [TEST_STEP][PASSED] - StrB = findTestData("Internal User List").getValue(2, Counter): null

2019-02-21 17:00:06 - [TEST_STEP][PASSED] - if (StrB.equals(StrA)): null

2019-02-21 17:00:06 - [TEST_STEP][PASSED] - (Counter++): null

2019-02-21 17:00:06 - [TEST_STEP][PASSED] - StrB = findTestData("Internal User List").getValue(2, Counter): null

2019-02-21 17:00:06 - [TEST_STEP][PASSED] - if (StrB.equals(StrA)): null

2019-02-21 17:00:06 - [TEST_STEP][PASSED] - (Counter++): null

2019-02-21 17:00:06 - [TEST_STEP][PASSED] - StrB = findTestData("Internal User List").getValue(2, Counter): null

2019-02-21 17:00:06 - [TEST_STEP][PASSED] - if (StrB.equals(StrA)): null

2019-02-21 17:00:07 - [TEST_STEP][PASSED] - (Counter++): null

2019-02-21 17:00:07 - [TEST_STEP][PASSED] - StrB = findTestData("Internal User List").getValue(2, Counter): null

2019-02-21 17:00:07 - [TEST_STEP][PASSED] - if (StrB.equals(StrA)): null

2019-02-21 17:00:07 - [TEST_STEP][PASSED] - (Counter++): null

2019-02-21 17:00:07 - [TEST_STEP][PASSED] - StrB = findTestData("Internal User List").getValue(2, Counter): null

2019-02-21 17:00:07 - [TEST_STEP][PASSED] - if (StrB.equals(StrA)): null

2019-02-21 17:00:07 - [TEST_STEP][PASSED] - (Counter++): null

2019-02-21 17:00:07 - [TEST_STEP][PASSED] - StrB = findTestData("Internal User List").getValue(2, Counter): null

2019-02-21 17:00:07 - [TEST_STEP][PASSED] - if (StrB.equals(StrA)): null

2019-02-21 17:00:07 - [TEST_STEP][PASSED] - (Counter++): null

2019-02-21 17:00:07 - [TEST_STEP][PASSED] - StrB = findTestData("Internal User List").getValue(2, Counter): null

2019-02-21 17:00:07 - [TEST_STEP][PASSED] - if (StrB.equals(StrA)): null

2019-02-21 17:00:07 - [TEST_STEP][PASSED] - (Counter++): null

2019-02-21 17:00:07 - [TEST_STEP][PASSED] - StrB = findTestData("Internal User List").getValue(2, Counter): null

2019-02-21 17:00:07 - [TEST_STEP][PASSED] - if (StrB.equals(StrA)): null

2019-02-21 17:00:07 - [TEST_STEP][PASSED] - (Counter++): null

2019-02-21 17:00:07 - [TEST_STEP][PASSED] - StrB = findTestData("Internal User List").getValue(2, Counter): null

2019-02-21 17:00:07 - [TEST_STEP][PASSED] - if (StrB.equals(StrA)): null

2019-02-21 17:00:07 - [TEST_STEP][PASSED] - (Counter++): null

2019-02-21 17:00:07 - [TEST_STEP][PASSED] - StrB = findTestData("Internal User List").getValue(2, Counter): null

2019-02-21 17:00:08 - [TEST_STEP][PASSED] - if (StrB.equals(StrA)): null

2019-02-21 17:00:08 - [TEST_STEP][PASSED] - (Counter++): null

2019-02-21 17:00:08 - [TEST_STEP][PASSED] - StrB = findTestData("Internal User List").getValue(2, Counter): null

2019-02-21 17:00:08 - [TEST_STEP][PASSED] - if (StrB.equals(StrA)): null

2019-02-21 17:00:08 - [TEST_STEP][PASSED] - (Counter++): null

2019-02-21 17:00:08 - [TEST_STEP][PASSED] - StrB = findTestData("Internal User List").getValue(2, Counter): null

2019-02-21 17:00:08 - [TEST_STEP][PASSED] - if (StrB.equals(StrA)): null

2019-02-21 17:00:08 - [TEST_STEP][PASSED] - (Counter++): null

2019-02-21 17:00:08 - [TEST_STEP][PASSED] - StrB = findTestData("Internal User List").getValue(2, Counter): null

2019-02-21 17:00:08 - [TEST_STEP][PASSED] - if (StrB.equals(StrA)): null

2019-02-21 17:00:08 - [TEST_STEP][PASSED] - (Counter++): null

2019-02-21 17:00:08 - [TEST_STEP][PASSED] - StrB = findTestData("Internal User List").getValue(2, Counter): null

2019-02-21 17:00:08 - [TEST_STEP][PASSED] - if (StrB.equals(StrA)): null

2019-02-21 17:00:08 - [TEST_STEP][PASSED] - (Counter++): null

2019-02-21 17:00:08 - [TEST_STEP][PASSED] - StrB = findTestData("Internal User List").getValue(2, Counter): null

2019-02-21 17:00:08 - [TEST_STEP][PASSED] - if (StrB.equals(StrA)): null

2019-02-21 17:00:08 - [TEST_STEP][PASSED] - (Counter++): null

2019-02-21 17:00:08 - [TEST_STEP][PASSED] - StrB = findTestData("Internal User List").getValue(2, Counter): null

2019-02-21 17:00:08 - [TEST_STEP][PASSED] - if (StrB.equals(StrA)): null

2019-02-21 17:00:08 - [TEST_STEP][PASSED] - (Counter++): null

2019-02-21 17:00:08 - [TEST_STEP][PASSED] - StrB = findTestData("Internal User List").getValue(2, Counter): null

2019-02-21 17:00:09 - [TEST_STEP][PASSED] - if (StrB.equals(StrA)): null

2019-02-21 17:00:09 - [TEST_STEP][PASSED] - (Counter++): null

2019-02-21 17:00:09 - [TEST_STEP][PASSED] - StrB = findTestData("Internal User List").getValue(2, Counter): null

2019-02-21 17:00:09 - [TEST_STEP][PASSED] - if (StrB.equals(StrA)): null

2019-02-21 17:00:09 - [TEST_STEP][PASSED] - (Counter++): null

2019-02-21 17:00:09 - [TEST_STEP][PASSED] - StrB = findTestData("Internal User List").getValue(2, Counter): null

2019-02-21 17:00:09 - [TEST_STEP][PASSED] - if (StrB.equals(StrA)): null

2019-02-21 17:00:09 - [TEST_STEP][PASSED] - (Counter++): null

2019-02-21 17:00:09 - [TEST_STEP][PASSED] - StrB = findTestData("Internal User List").getValue(2, Counter): null

2019-02-21 17:00:09 - [TEST_STEP][PASSED] - if (StrB.equals(StrA)): null

2019-02-21 17:00:09 - [TEST_STEP][PASSED] - (Counter++): null

2019-02-21 17:00:09 - [TEST_STEP][PASSED] - StrB = findTestData("Internal User List").getValue(2, Counter): null

2019-02-21 17:00:09 - [TEST_STEP][PASSED] - if (StrB.equals(StrA)): null

2019-02-21 17:00:09 - [TEST_STEP][PASSED] - (Counter++): null

2019-02-21 17:00:09 - [TEST_STEP][PASSED] - StrB = findTestData("Internal User List").getValue(2, Counter): null

2019-02-21 17:00:09 - [TEST_STEP][PASSED] - if (StrB.equals(StrA)): null

2019-02-21 17:00:09 - [TEST_STEP][PASSED] - (Counter++): null

2019-02-21 17:00:09 - [TEST_STEP][PASSED] - StrB = findTestData("Internal User List").getValue(2, Counter): null

2019-02-21 17:00:09 - [TEST_STEP][PASSED] - if (StrB.equals(StrA)): null

2019-02-21 17:00:09 - [TEST_STEP][PASSED] - (Counter++): null

2019-02-21 17:00:10 - [TEST_STEP][PASSED] - StrB = findTestData("Internal User List").getValue(2, Counter): null

2019-02-21 17:00:10 - [TEST_STEP][PASSED] - if (StrB.equals(StrA)): null

2019-02-21 17:00:10 - [TEST_STEP][PASSED] - (Counter++): null

2019-02-21 17:00:10 - [TEST_STEP][PASSED] - StrB = findTestData("Internal User List").getValue(2, Counter): null

2019-02-21 17:00:10 - [TEST_STEP][PASSED] - if (StrB.equals(StrA)): null

2019-02-21 17:00:10 - [TEST_STEP][PASSED] - (Counter++): null

2019-02-21 17:00:10 - [TEST_STEP][PASSED] - StrB = findTestData("Internal User List").getValue(2, Counter): null

2019-02-21 17:00:10 - [TEST_STEP][PASSED] - if (StrB.equals(StrA)): null

2019-02-21 17:00:10 - [TEST_STEP][PASSED] - (Counter++): null

2019-02-21 17:00:10 - [TEST_STEP][PASSED] - StrB = findTestData("Internal User List").getValue(2, Counter): null

2019-02-21 17:00:10 - [TEST_STEP][PASSED] - if (StrB.equals(StrA)): null

2019-02-21 17:00:10 - [TEST_STEP][PASSED] - (Counter++): null

2019-02-21 17:00:10 - [TEST_STEP][PASSED] - StrB = findTestData("Internal User List").getValue(2, Counter): null

2019-02-21 17:00:10 - [TEST_STEP][PASSED] - if (StrB.equals(StrA)): null

2019-02-21 17:00:10 - [TEST_STEP][PASSED] - (Counter++): null

2019-02-21 17:00:10 - [TEST_STEP][PASSED] - StrB = findTestData("Internal User List").getValue(2, Counter): null

2019-02-21 17:00:10 - [TEST_STEP][PASSED] - if (StrB.equals(StrA)): null

2019-02-21 17:00:10 - [TEST_STEP][PASSED] - (Counter++): null

2019-02-21 17:00:10 - [TEST_STEP][PASSED] - StrB = findTestData("Internal User List").getValue(2, Counter): null

2019-02-21 17:00:10 - [TEST_STEP][PASSED] - if (StrB.equals(StrA)): null

2019-02-21 17:00:10 - [TEST_STEP][PASSED] - (Counter++): null

2019-02-21 17:00:11 - [TEST_STEP][PASSED] - StrB = findTestData("Internal User List").getValue(2, Counter): null

2019-02-21 17:00:11 - [TEST_STEP][PASSED] - if (StrB.equals(StrA)): null

2019-02-21 17:00:11 - [TEST_STEP][PASSED] - (Counter++): null

2019-02-21 17:00:11 - [TEST_STEP][PASSED] - StrB = findTestData("Internal User List").getValue(2, Counter): null

2019-02-21 17:00:11 - [TEST_STEP][PASSED] - if (StrB.equals(StrA)): null

2019-02-21 17:00:11 - [TEST_STEP][PASSED] - (Counter++): null

2019-02-21 17:00:11 - [TEST_STEP][PASSED] - StrB = findTestData("Internal User List").getValue(2, Counter): null

2019-02-21 17:00:11 - [TEST_STEP][PASSED] - if (StrB.equals(StrA)): null

2019-02-21 17:00:11 - [TEST_STEP][PASSED] - (Counter++): null

2019-02-21 17:00:11 - [TEST_STEP][PASSED] - StrB = findTestData("Internal User List").getValue(2, Counter): null

2019-02-21 17:00:11 - [TEST_STEP][PASSED] - if (StrB.equals(StrA)): null

2019-02-21 17:00:11 - [TEST_STEP][PASSED] - (Counter++): null

2019-02-21 17:00:11 - [TEST_STEP][PASSED] - StrB = findTestData("Internal User List").getValue(2, Counter): null

2019-02-21 17:00:11 - [TEST_STEP][PASSED] - if (StrB.equals(StrA)): null

2019-02-21 17:00:11 - [TEST_STEP][PASSED] - (Counter++): null

2019-02-21 17:00:11 - [TEST_STEP][PASSED] - StrB = findTestData("Internal User List").getValue(2, Counter): null

2019-02-21 17:00:11 - [TEST_STEP][PASSED] - if (StrB.equals(StrA)): null

2019-02-21 17:00:11 - [TEST_STEP][PASSED] - (Counter++): null

2019-02-21 17:00:11 - [TEST_STEP][PASSED] - StrB = findTestData("Internal User List").getValue(2, Counter): null

2019-02-21 17:00:11 - [TEST_STEP][PASSED] - if (StrB.equals(StrA)): null

2019-02-21 17:00:12 - [TEST_STEP][PASSED] - (Counter++): null

2019-02-21 17:00:12 - [TEST_STEP][PASSED] - StrB = findTestData("Internal User List").getValue(2, Counter): null

2019-02-21 17:00:12 - [TEST_STEP][PASSED] - if (StrB.equals(StrA)): null

2019-02-21 17:00:12 - [TEST_STEP][PASSED] - (Counter++): null

2019-02-21 17:00:12 - [TEST_STEP][PASSED] - StrB = findTestData("Internal User List").getValue(2, Counter): null

2019-02-21 17:00:12 - [TEST_STEP][PASSED] - if (StrB.equals(StrA)): null

2019-02-21 17:00:12 - [TEST_STEP][PASSED] - (Counter++): null

2019-02-21 17:00:12 - [TEST_STEP][PASSED] - StrB = findTestData("Internal User List").getValue(2, Counter): null

2019-02-21 17:00:12 - [TEST_STEP][PASSED] - if (StrB.equals(StrA)): null

2019-02-21 17:00:12 - [TEST_STEP][PASSED] - (Counter++): null

2019-02-21 17:00:12 - [TEST_STEP][PASSED] - StrB = findTestData("Internal User List").getValue(2, Counter): null

2019-02-21 17:00:12 - [TEST_STEP][PASSED] - if (StrB.equals(StrA)): null

2019-02-21 17:00:12 - [TEST_STEP][PASSED] - (Counter++): null

2019-02-21 17:00:12 - [TEST_STEP][PASSED] - StrB = findTestData("Internal User List").getValue(2, Counter): null

2019-02-21 17:00:12 - [TEST_STEP][PASSED] - if (StrB.equals(StrA)): null

2019-02-21 17:00:12 - [TEST_STEP][PASSED] - (Counter++): null

2019-02-21 17:00:12 - [TEST_STEP][PASSED] - StrB = findTestData("Internal User List").getValue(2, Counter): null

2019-02-21 17:00:12 - [TEST_STEP][PASSED] - if (StrB.equals(StrA)): null

2019-02-21 17:00:12 - [TEST_STEP][PASSED] - (Counter++): null

2019-02-21 17:00:12 - [TEST_STEP][PASSED] - StrB = findTestData("Internal User List").getValue(2, Counter): null

2019-02-21 17:00:12 - [TEST_STEP][PASSED] - if (StrB.equals(StrA)): null

2019-02-21 17:00:13 - [TEST_STEP][PASSED] - (Counter++): null

2019-02-21 17:00:13 - [TEST_STEP][PASSED] - StrB = findTestData("Internal User List").getValue(2, Counter): null

2019-02-21 17:00:13 - [TEST_STEP][PASSED] - if (StrB.equals(StrA)): null

2019-02-21 17:00:13 - [TEST_STEP][PASSED] - (Counter++): null

2019-02-21 17:00:13 - [TEST_STEP][PASSED] - StrB = findTestData("Internal User List").getValue(2, Counter): null

2019-02-21 17:00:13 - [TEST_STEP][PASSED] - if (StrB.equals(StrA)): null

2019-02-21 17:00:13 - [TEST_STEP][PASSED] - (Counter++): null

2019-02-21 17:00:13 - [TEST_STEP][PASSED] - StrB = findTestData("Internal User List").getValue(2, Counter): null

2019-02-21 17:00:13 - [TEST_STEP][PASSED] - if (StrB.equals(StrA)): null

2019-02-21 17:00:13 - [TEST_STEP][PASSED] - (Counter++): null

2019-02-21 17:00:13 - [TEST_STEP][PASSED] - StrB = findTestData("Internal User List").getValue(2, Counter): null

2019-02-21 17:00:13 - [TEST_STEP][PASSED] - if (StrB.equals(StrA)): null

2019-02-21 17:00:13 - [TEST_STEP][PASSED] - (Counter++): null

2019-02-21 17:00:13 - [TEST_STEP][PASSED] - StrB = findTestData("Internal User List").getValue(2, Counter): null

2019-02-21 17:00:13 - [TEST_STEP][PASSED] - if (StrB.equals(StrA)): null

2019-02-21 17:00:13 - [TEST_STEP][PASSED] - (Counter++): null

2019-02-21 17:00:13 - [TEST_STEP][PASSED] - StrB = findTestData("Internal User List").getValue(2, Counter): null

2019-02-21 17:00:13 - [TEST_STEP][PASSED] - if (StrB.equals(StrA)): null

2019-02-21 17:00:13 - [TEST_STEP][PASSED] - (Counter++): null

2019-02-21 17:00:13 - [TEST_STEP][PASSED] - StrB = findTestData("Internal User List").getValue(2, Counter): null

2019-02-21 17:00:14 - [TEST_STEP][PASSED] - if (StrB.equals(StrA)): null

2019-02-21 17:00:14 - [TEST_STEP][PASSED] - (Counter++): null

2019-02-21 17:00:14 - [TEST_STEP][PASSED] - StrB = findTestData("Internal User List").getValue(2, Counter): null

2019-02-21 17:00:14 - [TEST_STEP][PASSED] - if (StrB.equals(StrA)): null

2019-02-21 17:00:14 - [TEST_STEP][PASSED] - (Counter++): null

2019-02-21 17:00:14 - [TEST_STEP][PASSED] - StrB = findTestData("Internal User List").getValue(2, Counter): null

2019-02-21 17:00:14 - [TEST_STEP][PASSED] - if (StrB.equals(StrA)): null

2019-02-21 17:00:14 - [TEST_STEP][PASSED] - (Counter++): null

2019-02-21 17:00:14 - [TEST_STEP][PASSED] - StrB = findTestData("Internal User List").getValue(2, Counter): null

2019-02-21 17:00:14 - [TEST_STEP][PASSED] - if (StrB.equals(StrA)): null

2019-02-21 17:00:14 - [TEST_STEP][PASSED] - (Counter++): null

2019-02-21 17:00:14 - [TEST_STEP][PASSED] - StrB = findTestData("Internal User List").getValue(2, Counter): null

2019-02-21 17:00:14 - [TEST_STEP][PASSED] - if (StrB.equals(StrA)): null

2019-02-21 17:00:14 - [TEST_STEP][PASSED] - (Counter++): null

2019-02-21 17:00:14 - [TEST_STEP][PASSED] - StrB = findTestData("Internal User List").getValue(2, Counter): null

2019-02-21 17:00:14 - [TEST_STEP][PASSED] - if (StrB.equals(StrA)): null

2019-02-21 17:00:14 - [TEST_STEP][PASSED] - (Counter++): null

2019-02-21 17:00:14 - [TEST_STEP][PASSED] - StrB = findTestData("Internal User List").getValue(2, Counter): null

2019-02-21 17:00:14 - [TEST_STEP][PASSED] - if (StrB.equals(StrA)): null

2019-02-21 17:00:14 - [TEST_STEP][PASSED] - (Counter++): null

2019-02-21 17:00:15 - [TEST_STEP][PASSED] - StrB = findTestData("Internal User List").getValue(2, Counter): null

2019-02-21 17:00:15 - [TEST_STEP][PASSED] - if (StrB.equals(StrA)): null

2019-02-21 17:00:15 - [TEST_STEP][PASSED] - (Counter++): null

2019-02-21 17:00:15 - [TEST_STEP][PASSED] - StrB = findTestData("Internal User List").getValue(2, Counter): null

2019-02-21 17:00:15 - [TEST_STEP][PASSED] - if (StrB.equals(StrA)): null

2019-02-21 17:00:15 - [TEST_STEP][PASSED] - (Counter++): null

2019-02-21 17:00:15 - [TEST_STEP][PASSED] - StrB = findTestData("Internal User List").getValue(2, Counter): null

2019-02-21 17:00:15 - [TEST_STEP][PASSED] - if (StrB.equals(StrA)): null

2019-02-21 17:00:15 - [TEST_STEP][PASSED] - (Counter++): null

2019-02-21 17:00:15 - [TEST_STEP][PASSED] - StrB = findTestData("Internal User List").getValue(2, Counter): null

2019-02-21 17:00:15 - [TEST_STEP][PASSED] - if (StrB.equals(StrA)): null

2019-02-21 17:00:15 - [TEST_STEP][PASSED] - (Counter++): null

2019-02-21 17:00:15 - [TEST_STEP][PASSED] - StrB = findTestData("Internal User List").getValue(2, Counter): null

2019-02-21 17:00:15 - [TEST_STEP][PASSED] - if (StrB.equals(StrA)): null

2019-02-21 17:00:15 - [TEST_STEP][PASSED] - (Counter++): null

2019-02-21 17:00:15 - [TEST_STEP][PASSED] - StrB = findTestData("Internal User List").getValue(2, Counter): null

2019-02-21 17:00:15 - [TEST_STEP][PASSED] - if (StrB.equals(StrA)): null

2019-02-21 17:00:15 - [TEST_STEP][PASSED] - (Counter++): null

2019-02-21 17:00:15 - [TEST_STEP][PASSED] - StrB = findTestData("Internal User List").getValue(2, Counter): null

2019-02-21 17:00:15 - [TEST_STEP][PASSED] - if (StrB.equals(StrA)): null

2019-02-21 17:00:15 - [TEST_STEP][PASSED] - (Counter++): null

2019-02-21 17:00:16 - [TEST_STEP][PASSED] - StrB = findTestData("Internal User List").getValue(2, Counter): null

2019-02-21 17:00:16 - [TEST_STEP][PASSED] - if (StrB.equals(StrA)): null

2019-02-21 17:00:16 - [TEST_STEP][PASSED] - (Counter++): null

2019-02-21 17:00:16 - [TEST_STEP][PASSED] - StrB = findTestData("Internal User List").getValue(2, Counter): null

2019-02-21 17:00:16 - [TEST_STEP][PASSED] - if (StrB.equals(StrA)): null

2019-02-21 17:00:16 - [TEST_STEP][PASSED] - (Counter++): null

2019-02-21 17:00:16 - [TEST_STEP][PASSED] - StrB = findTestData("Internal User List").getValue(2, Counter): null

2019-02-21 17:00:16 - [TEST_STEP][PASSED] - if (StrB.equals(StrA)): null

2019-02-21 17:00:16 - [TEST_STEP][PASSED] - (Counter++): null

2019-02-21 17:00:16 - [TEST_STEP][PASSED] - StrB = findTestData("Internal User List").getValue(2, Counter): null

2019-02-21 17:00:16 - [TEST_STEP][PASSED] - if (StrB.equals(StrA)): null

2019-02-21 17:00:16 - [TEST_STEP][PASSED] - (Counter++): null

2019-02-21 17:00:16 - [TEST_STEP][PASSED] - StrB = findTestData("Internal User List").getValue(2, Counter): null

2019-02-21 17:00:16 - [TEST_STEP][PASSED] - if (StrB.equals(StrA)): null

2019-02-21 17:00:16 - [TEST_STEP][PASSED] - (Counter++): null

2019-02-21 17:00:16 - [TEST_STEP][PASSED] - StrB = findTestData("Internal User List").getValue(2, Counter): null

2019-02-21 17:00:16 - [TEST_STEP][PASSED] - if (StrB.equals(StrA)): null

2019-02-21 17:00:16 - [TEST_STEP][PASSED] - (Counter++): null

2019-02-21 17:00:16 - [TEST_STEP][PASSED] - StrB = findTestData("Internal User List").getValue(2, Counter): null

2019-02-21 17:00:16 - [TEST_STEP][PASSED] - if (StrB.equals(StrA)): null

2019-02-21 17:00:17 - [TEST_STEP][PASSED] - (Counter++): null

2019-02-21 17:00:17 - [TEST_STEP][PASSED] - StrB = findTestData("Internal User List").getValue(2, Counter): null

2019-02-21 17:00:17 - [TEST_STEP][PASSED] - if (StrB.equals(StrA)): null

2019-02-21 17:00:17 - [TEST_STEP][PASSED] - (Counter++): null

2019-02-21 17:00:17 - [TEST_STEP][PASSED] - StrB = findTestData("Internal User List").getValue(2, Counter): null

2019-02-21 17:00:17 - [TEST_STEP][PASSED] - if (StrB.equals(StrA)): null

2019-02-21 17:00:17 - [TEST_STEP][PASSED] - (Counter++): null

2019-02-21 17:00:17 - [TEST_STEP][PASSED] - StrB = findTestData("Internal User List").getValue(2, Counter): null

2019-02-21 17:00:17 - [TEST_STEP][PASSED] - if (StrB.equals(StrA)): null

2019-02-21 17:00:17 - [TEST_STEP][PASSED] - (Counter++): null

2019-02-21 17:00:17 - [TEST_STEP][PASSED] - StrB = findTestData("Internal User List").getValue(2, Counter): null

2019-02-21 17:00:17 - [TEST_STEP][PASSED] - if (StrB.equals(StrA)): null

2019-02-21 17:00:17 - [TEST_STEP][PASSED] - (Counter++): null

2019-02-21 17:00:17 - [TEST_STEP][PASSED] - StrB = findTestData("Internal User List").getValue(2, Counter): null

2019-02-21 17:00:17 - [TEST_STEP][PASSED] - if (StrB.equals(StrA)): null

2019-02-21 17:00:17 - [TEST_STEP][PASSED] - (Counter++): null

2019-02-21 17:00:17 - [TEST_STEP][PASSED] - StrB = findTestData("Internal User List").getValue(2, Counter): null

2019-02-21 17:00:17 - [TEST_STEP][PASSED] - if (StrB.equals(StrA)): null

2019-02-21 17:00:17 - [TEST_STEP][PASSED] - (Counter++): null

2019-02-21 17:00:17 - [TEST_STEP][PASSED] - StrB = findTestData("Internal User List").getValue(2, Counter): null

2019-02-21 17:00:17 - [TEST_STEP][PASSED] - if (StrB.equals(StrA)): null

2019-02-21 17:00:18 - [TEST_STEP][PASSED] - (Counter++): null

2019-02-21 17:00:18 - [TEST_STEP][PASSED] - StrB = findTestData("Internal User List").getValue(2, Counter): null

2019-02-21 17:00:18 - [TEST_STEP][PASSED] - if (StrB.equals(StrA)): null

2019-02-21 17:00:18 - [TEST_STEP][PASSED] - (Counter++): null

2019-02-21 17:00:18 - [TEST_STEP][PASSED] - StrB = findTestData("Internal User List").getValue(2, Counter): null

2019-02-21 17:00:18 - [TEST_STEP][PASSED] - if (StrB.equals(StrA)): null

2019-02-21 17:00:18 - [TEST_STEP][PASSED] - (Counter++): null

2019-02-21 17:00:18 - [TEST_STEP][PASSED] - StrB = findTestData("Internal User List").getValue(2, Counter): null

2019-02-21 17:00:18 - [TEST_STEP][PASSED] - if (StrB.equals(StrA)): null

2019-02-21 17:00:18 - [TEST_STEP][PASSED] - (Counter++): null

2019-02-21 17:00:18 - [TEST_STEP][PASSED] - StrB = findTestData("Internal User List").getValue(2, Counter): null

2019-02-21 17:00:18 - [TEST_STEP][PASSED] - if (StrB.equals(StrA)): null

2019-02-21 17:00:18 - [TEST_STEP][PASSED] - (Counter++): null

2019-02-21 17:00:18 - [TEST_STEP][PASSED] - StrB = findTestData("Internal User List").getValue(2, Counter): null

2019-02-21 17:00:18 - [TEST_STEP][PASSED] - if (StrB.equals(StrA)): null

2019-02-21 17:00:18 - [TEST_STEP][PASSED] - (Counter++): null

2019-02-21 17:00:18 - [TEST_STEP][PASSED] - StrB = findTestData("Internal User List").getValue(2, Counter): null

2019-02-21 17:00:18 - [TEST_STEP][PASSED] - if (StrB.equals(StrA)): null

2019-02-21 17:00:18 - [TEST_STEP][PASSED] - (Counter++): null

2019-02-21 17:00:18 - [TEST_STEP][PASSED] - StrB = findTestData("Internal User List").getValue(2, Counter): null

2019-02-21 17:00:19 - [TEST_STEP][PASSED] - if (StrB.equals(StrA)): null

2019-02-21 17:00:19 - [TEST_STEP][PASSED] - (Counter++): null

2019-02-21 17:00:19 - [TEST_STEP][PASSED] - StrB = findTestData("Internal User List").getValue(2, Counter): null

2019-02-21 17:00:19 - [TEST_STEP][PASSED] - if (StrB.equals(StrA)): null

2019-02-21 17:00:19 - [TEST_STEP][PASSED] - (Counter++): null

2019-02-21 17:00:19 - [TEST_STEP][PASSED] - StrB = findTestData("Internal User List").getValue(2, Counter): null

2019-02-21 17:00:19 - [TEST_STEP][PASSED] - if (StrB.equals(StrA)): null

2019-02-21 17:00:19 - [TEST_STEP][PASSED] - (Counter++): null

2019-02-21 17:00:19 - [TEST_STEP][PASSED] - StrB = findTestData("Internal User List").getValue(2, Counter): null

2019-02-21 17:00:19 - [TEST_STEP][PASSED] - if (StrB.equals(StrA)): null

2019-02-21 17:00:19 - [TEST_STEP][PASSED] - (Counter++): null

2019-02-21 17:00:19 - [TEST_STEP][PASSED] - StrB = findTestData("Internal User List").getValue(2, Counter): null

2019-02-21 17:00:19 - [TEST_STEP][PASSED] - if (StrB.equals(StrA)): null

2019-02-21 17:00:19 - [TEST_STEP][PASSED] - (Counter++): null

2019-02-21 17:00:19 - [TEST_STEP][PASSED] - StrB = findTestData("Internal User List").getValue(2, Counter): null

2019-02-21 17:00:19 - [TEST_STEP][PASSED] - if (StrB.equals(StrA)): null

2019-02-21 17:00:19 - [TEST_STEP][PASSED] - (Counter++): null

2019-02-21 17:00:19 - [TEST_STEP][PASSED] - StrB = findTestData("Internal User List").getValue(2, Counter): null

2019-02-21 17:00:19 - [TEST_STEP][PASSED] - if (StrB.equals(StrA)): null

2019-02-21 17:00:19 - [TEST_STEP][PASSED] - (Counter++): null

2019-02-21 17:00:19 - [TEST_STEP][PASSED] - StrB = findTestData("Internal User List").getValue(2, Counter): null

2019-02-21 17:00:20 - [TEST_STEP][PASSED] - if (StrB.equals(StrA)): null

2019-02-21 17:00:20 - [TEST_STEP][PASSED] - (Counter++): null

2019-02-21 17:00:20 - [TEST_STEP][PASSED] - StrB = findTestData("Internal User List").getValue(2, Counter): null

2019-02-21 17:00:20 - [TEST_STEP][PASSED] - if (StrB.equals(StrA)): null

2019-02-21 17:00:20 - [TEST_STEP][PASSED] - (Counter++): null

2019-02-21 17:00:20 - [TEST_STEP][PASSED] - StrB = findTestData("Internal User List").getValue(2, Counter): null

2019-02-21 17:00:20 - [TEST_STEP][PASSED] - if (StrB.equals(StrA)): null

2019-02-21 17:00:20 - [TEST_STEP][PASSED] - (Counter++): null

2019-02-21 17:00:20 - [TEST_STEP][PASSED] - StrB = findTestData("Internal User List").getValue(2, Counter): null

2019-02-21 17:00:20 - [TEST_STEP][PASSED] - if (StrB.equals(StrA)): null

2019-02-21 17:00:20 - [TEST_STEP][PASSED] - (Counter++): null

2019-02-21 17:00:20 - [TEST_STEP][PASSED] - StrB = findTestData("Internal User List").getValue(2, Counter): null

2019-02-21 17:00:20 - [TEST_STEP][PASSED] - if (StrB.equals(StrA)): null

2019-02-21 17:00:20 - [TEST_STEP][PASSED] - (Counter++): null

2019-02-21 17:00:20 - [TEST_STEP][PASSED] - StrB = findTestData("Internal User List").getValue(2, Counter): null

2019-02-21 17:00:20 - [TEST_STEP][PASSED] - if (StrB.equals(StrA)): null

2019-02-21 17:00:20 - [TEST_STEP][PASSED] - (Counter++): null

2019-02-21 17:00:20 - [TEST_STEP][PASSED] - StrB = findTestData("Internal User List").getValue(2, Counter): null

2019-02-21 17:00:20 - [TEST_STEP][PASSED] - if (StrB.equals(StrA)): null

2019-02-21 17:00:20 - [TEST_STEP][PASSED] - (Counter++): null

2019-02-21 17:00:21 - [TEST_STEP][PASSED] - StrB = findTestData("Internal User List").getValue(2, Counter): null

2019-02-21 17:00:21 - [TEST_STEP][PASSED] - if (StrB.equals(StrA)): null

2019-02-21 17:00:21 - [TEST_STEP][PASSED] - (Counter++): null

2019-02-21 17:00:21 - [TEST_STEP][PASSED] - StrB = findTestData("Internal User List").getValue(2, Counter): null

2019-02-21 17:00:21 - [TEST_STEP][PASSED] - if (StrB.equals(StrA)): null

2019-02-21 17:00:21 - [TEST_STEP][PASSED] - (Counter++): null

2019-02-21 17:00:21 - [TEST_STEP][PASSED] - StrB = findTestData("Internal User List").getValue(2, Counter): null

2019-02-21 17:00:21 - [TEST_STEP][PASSED] - if (StrB.equals(StrA)): null

2019-02-21 17:00:21 - [TEST_STEP][PASSED] - (Counter++): null

2019-02-21 17:00:21 - [TEST_STEP][PASSED] - StrB = findTestData("Internal User List").getValue(2, Counter): null

2019-02-21 17:00:21 - [TEST_STEP][PASSED] - if (StrB.equals(StrA)): null

2019-02-21 17:00:21 - [TEST_STEP][PASSED] - (Counter++): null

2019-02-21 17:00:21 - [TEST_STEP][PASSED] - StrB = findTestData("Internal User List").getValue(2, Counter): null

2019-02-21 17:00:21 - [TEST_STEP][PASSED] - if (StrB.equals(StrA)): null

2019-02-21 17:00:21 - [TEST_STEP][PASSED] - (Counter++): null

2019-02-21 17:00:21 - [TEST_STEP][PASSED] - StrB = findTestData("Internal User List").getValue(2, Counter): null

2019-02-21 17:00:21 - [TEST_STEP][PASSED] - if (StrB.equals(StrA)): null

2019-02-21 17:00:21 - [TEST_STEP][PASSED] - (Counter++): null

2019-02-21 17:00:21 - [TEST_STEP][PASSED] - StrB = findTestData("Internal User List").getValue(2, Counter): null

2019-02-21 17:00:21 - [TEST_STEP][PASSED] - if (StrB.equals(StrA)): null

2019-02-21 17:00:21 - [TEST_STEP][PASSED] - (Counter++): null

2019-02-21 17:00:22 - [TEST_STEP][PASSED] - StrB = findTestData("Internal User List").getValue(2, Counter): null

2019-02-21 17:00:22 - [TEST_STEP][PASSED] - if (StrB.equals(StrA)): null

2019-02-21 17:00:22 - [TEST_STEP][PASSED] - (Counter++): null

2019-02-21 17:00:22 - [TEST_STEP][PASSED] - StrB = findTestData("Internal User List").getValue(2, Counter): null

2019-02-21 17:00:22 - [TEST_STEP][PASSED] - if (StrB.equals(StrA)): null

2019-02-21 17:00:22 - [TEST_STEP][PASSED] - (Counter++): null

2019-02-21 17:00:22 - [TEST_STEP][PASSED] - StrB = findTestData("Internal User List").getValue(2, Counter): null

2019-02-21 17:00:22 - [TEST_STEP][PASSED] - if (StrB.equals(StrA)): null

2019-02-21 17:00:22 - [TEST_STEP][PASSED] - (Counter++): null

2019-02-21 17:00:22 - [TEST_STEP][PASSED] - StrB = findTestData("Internal User List").getValue(2, Counter): null

2019-02-21 17:00:22 - [TEST_STEP][PASSED] - if (StrB.equals(StrA)): null

2019-02-21 17:00:22 - [TEST_STEP][PASSED] - (Counter++): null

2019-02-21 17:00:22 - [TEST_STEP][PASSED] - StrB = findTestData("Internal User List").getValue(2, Counter): null

2019-02-21 17:00:22 - [TEST_STEP][PASSED] - if (StrB.equals(StrA)): null

2019-02-21 17:00:22 - [TEST_STEP][PASSED] - (Counter++): null

2019-02-21 17:00:22 - [TEST_STEP][PASSED] - StrB = findTestData("Internal User List").getValue(2, Counter): null

2019-02-21 17:00:22 - [TEST_STEP][PASSED] - if (StrB.equals(StrA)): null

2019-02-21 17:00:22 - [TEST_STEP][PASSED] - (Counter++): null

2019-02-21 17:00:22 - [TEST_STEP][PASSED] - StrB = findTestData("Internal User List").getValue(2, Counter): null

2019-02-21 17:00:22 - [TEST_STEP][PASSED] - if (StrB.equals(StrA)): null

2019-02-21 17:00:23 - [TEST_STEP][PASSED] - (Counter++): null

2019-02-21 17:00:23 - [TEST_STEP][PASSED] - StrB = findTestData("Internal User List").getValue(2, Counter): null

2019-02-21 17:00:23 - [TEST_STEP][PASSED] - if (StrB.equals(StrA)): null

2019-02-21 17:00:23 - [TEST_STEP][PASSED] - (Counter++): null

2019-02-21 17:00:23 - [TEST_STEP][PASSED] - StrB = findTestData("Internal User List").getValue(2, Counter): null

2019-02-21 17:00:23 - [TEST_STEP][PASSED] - if (StrB.equals(StrA)): null

2019-02-21 17:00:23 - [TEST_STEP][PASSED] - (Counter++): null

2019-02-21 17:00:23 - [TEST_STEP][PASSED] - StrB = findTestData("Internal User List").getValue(2, Counter): null

2019-02-21 17:00:23 - [TEST_STEP][PASSED] - if (StrB.equals(StrA)): null

2019-02-21 17:00:23 - [TEST_STEP][PASSED] - (Counter++): null

2019-02-21 17:00:23 - [TEST_STEP][PASSED] - StrB = findTestData("Internal User List").getValue(2, Counter): null

2019-02-21 17:00:23 - [TEST_STEP][PASSED] - if (StrB.equals(StrA)): null

2019-02-21 17:00:23 - [TEST_STEP][PASSED] - (Counter++): null

2019-02-21 17:00:23 - [TEST_STEP][PASSED] - StrB = findTestData("Internal User List").getValue(2, Counter): null

2019-02-21 17:00:23 - [TEST_STEP][PASSED] - if (StrB.equals(StrA)): null

2019-02-21 17:00:23 - [TEST_STEP][PASSED] - (Counter++): null

2019-02-21 17:00:23 - [TEST_STEP][PASSED] - StrB = findTestData("Internal User List").getValue(2, Counter): null

2019-02-21 17:00:23 - [TEST_STEP][PASSED] - if (StrB.equals(StrA)): null

2019-02-21 17:00:23 - [TEST_STEP][PASSED] - (Counter++): null

2019-02-21 17:00:23 - [TEST_STEP][PASSED] - StrB = findTestData("Internal User List").getValue(2, Counter): null

2019-02-21 17:00:24 - [TEST_STEP][PASSED] - if (StrB.equals(StrA)): null

2019-02-21 17:00:24 - [TEST_STEP][PASSED] - (Counter++): null

2019-02-21 17:00:24 - [TEST_STEP][PASSED] - StrB = findTestData("Internal User List").getValue(2, Counter): null

2019-02-21 17:00:24 - [TEST_STEP][PASSED] - if (StrB.equals(StrA)): null

2019-02-21 17:00:24 - [TEST_STEP][PASSED] - (Counter++): null

2019-02-21 17:00:24 - [TEST_STEP][PASSED] - StrB = findTestData("Internal User List").getValue(2, Counter): null

2019-02-21 17:00:24 - [TEST_STEP][PASSED] - if (StrB.equals(StrA)): null

2019-02-21 17:00:24 - [TEST_STEP][PASSED] - (Counter++): null

2019-02-21 17:00:24 - [TEST_STEP][PASSED] - StrB = findTestData("Internal User List").getValue(2, Counter): null

2019-02-21 17:00:24 - [TEST_STEP][PASSED] - if (StrB.equals(StrA)): null

2019-02-21 17:00:24 - [TEST_STEP][PASSED] - (Counter++): null

2019-02-21 17:00:24 - [TEST_STEP][PASSED] - StrB = findTestData("Internal User List").getValue(2, Counter): null

2019-02-21 17:00:24 - [TEST_STEP][PASSED] - if (StrB.equals(StrA)): null

2019-02-21 17:00:24 - [TEST_STEP][PASSED] - (Counter++): null

2019-02-21 17:00:24 - [TEST_STEP][PASSED] - StrB = findTestData("Internal User List").getValue(2, Counter): null

2019-02-21 17:00:24 - [TEST_STEP][PASSED] - if (StrB.equals(StrA)): null

2019-02-21 17:00:24 - [TEST_STEP][PASSED] - (Counter++): null

2019-02-21 17:00:24 - [TEST_STEP][PASSED] - StrB = findTestData("Internal User List").getValue(2, Counter): null

2019-02-21 17:00:24 - [TEST_STEP][PASSED] - if (StrB.equals(StrA)): null

2019-02-21 17:00:24 - [TEST_STEP][PASSED] - (Counter++): null

2019-02-21 17:00:25 - [TEST_STEP][PASSED] - StrB = findTestData("Internal User List").getValue(2, Counter): null

2019-02-21 17:00:25 - [TEST_STEP][PASSED] - if (StrB.equals(StrA)): null

2019-02-21 17:00:25 - [TEST_STEP][PASSED] - (Counter++): null

2019-02-21 17:00:25 - [TEST_STEP][PASSED] - StrB = findTestData("Internal User List").getValue(2, Counter): null

2019-02-21 17:00:25 - [TEST_STEP][PASSED] - if (StrB.equals(StrA)): null

2019-02-21 17:00:25 - [TEST_STEP][PASSED] - (Counter++): null

2019-02-21 17:00:25 - [TEST_STEP][PASSED] - StrB = findTestData("Internal User List").getValue(2, Counter): null

2019-02-21 17:00:25 - [TEST_STEP][PASSED] - if (StrB.equals(StrA)): null

2019-02-21 17:00:25 - [TEST_STEP][PASSED] - (Counter++): null

2019-02-21 17:00:25 - [TEST_STEP][PASSED] - StrB = findTestData("Internal User List").getValue(2, Counter): null

2019-02-21 17:00:25 - [TEST_STEP][PASSED] - if (StrB.equals(StrA)): null

2019-02-21 17:00:25 - [TEST_STEP][PASSED] - (Counter++): null

2019-02-21 17:00:25 - [TEST_STEP][PASSED] - StrB = findTestData("Internal User List").getValue(2, Counter): null

2019-02-21 17:00:25 - [TEST_STEP][PASSED] - if (StrB.equals(StrA)): null

2019-02-21 17:00:25 - [TEST_STEP][PASSED] - (Counter++): null

2019-02-21 17:00:25 - [TEST_STEP][PASSED] - StrB = findTestData("Internal User List").getValue(2, Counter): null

2019-02-21 17:00:25 - [TEST_STEP][PASSED] - if (StrB.equals(StrA)): null

2019-02-21 17:00:25 - [TEST_STEP][PASSED] - (Counter++): null

2019-02-21 17:00:26 - [TEST_STEP][PASSED] - StrB = findTestData("Internal User List").getValue(2, Counter): null

2019-02-21 17:00:26 - [TEST_STEP][PASSED] - if (StrB.equals(StrA)): null

2019-02-21 17:00:26 - [TEST_STEP][PASSED] - (Counter++): null

2019-02-21 17:00:26 - [TEST_STEP][PASSED] - StrB = findTestData("Internal User List").getValue(2, Counter): null

2019-02-21 17:00:26 - [TEST_STEP][PASSED] - if (StrB.equals(StrA)): null

2019-02-21 17:00:26 - [TEST_STEP][PASSED] - (Counter++): null

2019-02-21 17:00:26 - [TEST_STEP][PASSED] - StrB = findTestData("Internal User List").getValue(2, Counter): null

2019-02-21 17:00:26 - [TEST_STEP][PASSED] - if (StrB.equals(StrA)): null

2019-02-21 17:00:26 - [TEST_STEP][PASSED] - (Counter++): null

2019-02-21 17:00:26 - [TEST_STEP][PASSED] - StrB = findTestData("Internal User List").getValue(2, Counter): null

2019-02-21 17:00:26 - [TEST_STEP][PASSED] - if (StrB.equals(StrA)): null

2019-02-21 17:00:26 - [TEST_STEP][PASSED] - (Counter++): null

2019-02-21 17:00:26 - [TEST_STEP][PASSED] - StrB = findTestData("Internal User List").getValue(2, Counter): null

2019-02-21 17:00:26 - [TEST_STEP][PASSED] - if (StrB.equals(StrA)): null

2019-02-21 17:00:26 - [TEST_STEP][PASSED] - (Counter++): null

2019-02-21 17:00:26 - [TEST_STEP][PASSED] - StrB = findTestData("Internal User List").getValue(2, Counter): null

2019-02-21 17:00:26 - [TEST_STEP][PASSED] - if (StrB.equals(StrA)): null

2019-02-21 17:00:26 - [TEST_STEP][PASSED] - (Counter++): null

2019-02-21 17:00:26 - [TEST_STEP][PASSED] - StrB = findTestData("Internal User List").getValue(2, Counter): null

2019-02-21 17:00:26 - [TEST_STEP][PASSED] - if (StrB.equals(StrA)): null

2019-02-21 17:00:26 - [TEST_STEP][PASSED] - (Counter++): null

2019-02-21 17:00:27 - [TEST_STEP][PASSED] - StrB = findTestData("Internal User List").getValue(2, Counter): null

2019-02-21 17:00:27 - [TEST_STEP][PASSED] - if (StrB.equals(StrA)): null

2019-02-21 17:00:27 - [TEST_STEP][PASSED] - (Counter++): null

2019-02-21 17:00:27 - [TEST_STEP][PASSED] - StrB = findTestData("Internal User List").getValue(2, Counter): null

2019-02-21 17:00:27 - [TEST_STEP][PASSED] - if (StrB.equals(StrA)): null

2019-02-21 17:00:27 - [TEST_STEP][PASSED] - (Counter++): null

2019-02-21 17:00:27 - [TEST_STEP][PASSED] - StrB = findTestData("Internal User List").getValue(2, Counter): null

2019-02-21 17:00:27 - [TEST_STEP][PASSED] - if (StrB.equals(StrA)): null

2019-02-21 17:00:27 - [TEST_STEP][PASSED] - (Counter++): null

2019-02-21 17:00:27 - [TEST_STEP][PASSED] - StrB = findTestData("Internal User List").getValue(2, Counter): null

2019-02-21 17:00:27 - [TEST_STEP][PASSED] - if (StrB.equals(StrA)): null

2019-02-21 17:00:27 - [TEST_STEP][PASSED] - (Counter++): null

2019-02-21 17:00:27 - [TEST_STEP][PASSED] - StrB = findTestData("Internal User List").getValue(2, Counter): null

2019-02-21 17:00:27 - [TEST_STEP][PASSED] - if (StrB.equals(StrA)): null

2019-02-21 17:00:27 - [TEST_STEP][PASSED] - (Counter++): null

2019-02-21 17:00:27 - [TEST_STEP][PASSED] - StrB = findTestData("Internal User List").getValue(2, Counter): null

2019-02-21 17:00:27 - [TEST_STEP][PASSED] - if (StrB.equals(StrA)): null

2019-02-21 17:00:27 - [TEST_STEP][PASSED] - (Counter++): null

2019-02-21 17:00:28 - [TEST_STEP][PASSED] - StrB = findTestData("Internal User List").getValue(2, Counter): null

2019-02-21 17:00:28 - [TEST_STEP][PASSED] - if (StrB.equals(StrA)): null

2019-02-21 17:00:28 - [TEST_STEP][PASSED] - (Counter++): null

2019-02-21 17:00:28 - [TEST_STEP][PASSED] - StrB = findTestData("Internal User List").getValue(2, Counter): null

2019-02-21 17:00:28 - [TEST_STEP][PASSED] - if (StrB.equals(StrA)): null

2019-02-21 17:00:28 - [TEST_STEP][PASSED] - (Counter++): null

2019-02-21 17:00:28 - [TEST_STEP][PASSED] - StrB = findTestData("Internal User List").getValue(2, Counter): null

2019-02-21 17:00:28 - [TEST_STEP][PASSED] - if (StrB.equals(StrA)): null

2019-02-21 17:00:28 - [TEST_STEP][PASSED] - (Counter++): null

2019-02-21 17:00:28 - [TEST_STEP][PASSED] - StrB = findTestData("Internal User List").getValue(2, Counter): null

2019-02-21 17:00:28 - [TEST_STEP][PASSED] - if (StrB.equals(StrA)): null

2019-02-21 17:00:28 - [TEST_STEP][PASSED] - (Counter++): null

2019-02-21 17:00:28 - [TEST_STEP][PASSED] - StrB = findTestData("Internal User List").getValue(2, Counter): null

2019-02-21 17:00:28 - [TEST_STEP][PASSED] - if (StrB.equals(StrA)): null

2019-02-21 17:00:28 - [TEST_STEP][PASSED] - (Counter++): null

2019-02-21 17:00:28 - [TEST_STEP][PASSED] - StrB = findTestData("Internal User List").getValue(2, Counter): null

2019-02-21 17:00:28 - [TEST_STEP][PASSED] - if (StrB.equals(StrA)): null

2019-02-21 17:00:28 - [TEST_STEP][PASSED] - (Counter++): null

2019-02-21 17:00:28 - [TEST_STEP][PASSED] - StrB = findTestData("Internal User List").getValue(2, Counter): null

2019-02-21 17:00:29 - [TEST_STEP][PASSED] - if (StrB.equals(StrA)): null

2019-02-21 17:00:29 - [TEST_STEP][PASSED] - (Counter++): null

2019-02-21 17:00:29 - [TEST_STEP][PASSED] - StrB = findTestData("Internal User List").getValue(2, Counter): null

2019-02-21 17:00:29 - [TEST_STEP][PASSED] - if (StrB.equals(StrA)): null

2019-02-21 17:00:29 - [TEST_STEP][PASSED] - (Counter++): null

2019-02-21 17:00:29 - [TEST_STEP][PASSED] - StrB = findTestData("Internal User List").getValue(2, Counter): null

2019-02-21 17:00:29 - [TEST_STEP][PASSED] - if (StrB.equals(StrA)): null

2019-02-21 17:00:29 - [TEST_STEP][PASSED] - (Counter++): null

2019-02-21 17:00:29 - [TEST_STEP][PASSED] - StrB = findTestData("Internal User List").getValue(2, Counter): null

2019-02-21 17:00:29 - [TEST_STEP][PASSED] - if (StrB.equals(StrA)): null

2019-02-21 17:00:29 - [TEST_STEP][PASSED] - (Counter++): null

2019-02-21 17:00:29 - [TEST_STEP][PASSED] - StrB = findTestData("Internal User List").getValue(2, Counter): null

2019-02-21 17:00:29 - [TEST_STEP][PASSED] - if (StrB.equals(StrA)): null

2019-02-21 17:00:29 - [TEST_STEP][PASSED] - (Counter++): null

2019-02-21 17:00:29 - [TEST_STEP][PASSED] - StrB = findTestData("Internal User List").getValue(2, Counter): null

2019-02-21 17:00:29 - [TEST_STEP][PASSED] - if (StrB.equals(StrA)): null

2019-02-21 17:00:29 - [TEST_STEP][PASSED] - (Counter++): null

2019-02-21 17:00:30 - [TEST_STEP][PASSED] - StrB = findTestData("Internal User List").getValue(2, Counter): null

2019-02-21 17:00:30 - [TEST_STEP][PASSED] - if (StrB.equals(StrA)): null

2019-02-21 17:00:30 - [TEST_STEP][PASSED] - (Counter++): null

2019-02-21 17:00:30 - [TEST_STEP][PASSED] - StrB = findTestData("Internal User List").getValue(2, Counter): null

2019-02-21 17:00:30 - [TEST_STEP][PASSED] - if (StrB.equals(StrA)): null

2019-02-21 17:00:30 - [TEST_STEP][PASSED] - (Counter++): null

2019-02-21 17:00:30 - [TEST_STEP][PASSED] - StrB = findTestData("Internal User List").getValue(2, Counter): null

2019-02-21 17:00:30 - [TEST_STEP][PASSED] - if (StrB.equals(StrA)): null

2019-02-21 17:00:30 - [TEST_STEP][PASSED] - (Counter++): null

2019-02-21 17:00:30 - [TEST_STEP][PASSED] - StrB = findTestData("Internal User List").getValue(2, Counter): null

2019-02-21 17:00:30 - [TEST_STEP][PASSED] - if (StrB.equals(StrA)): null

2019-02-21 17:00:30 - [TEST_STEP][PASSED] - (Counter++): null

2019-02-21 17:00:30 - [TEST_STEP][PASSED] - StrB = findTestData("Internal User List").getValue(2, Counter): null

2019-02-21 17:00:30 - [TEST_STEP][PASSED] - if (StrB.equals(StrA)): null

2019-02-21 17:00:30 - [TEST_STEP][PASSED] - (Counter++): null

2019-02-21 17:00:30 - [TEST_STEP][PASSED] - StrB = findTestData("Internal User List").getValue(2, Counter): null

2019-02-21 17:00:30 - [TEST_STEP][PASSED] - if (StrB.equals(StrA)): null

2019-02-21 17:00:30 - [TEST_STEP][PASSED] - (Counter++): null

2019-02-21 17:00:30 - [TEST_STEP][PASSED] - StrB = findTestData("Internal User List").getValue(2, Counter): null

2019-02-21 17:00:30 - [TEST_STEP][PASSED] - if (StrB.equals(StrA)): null

2019-02-21 17:00:31 - [TEST_STEP][PASSED] - (Counter++): null

2019-02-21 17:00:31 - [TEST_STEP][PASSED] - StrB = findTestData("Internal User List").getValue(2, Counter): null

2019-02-21 17:00:31 - [TEST_STEP][PASSED] - if (StrB.equals(StrA)): null

2019-02-21 17:00:31 - [TEST_STEP][PASSED] - (Counter++): null

2019-02-21 17:00:31 - [TEST_STEP][PASSED] - StrB = findTestData("Internal User List").getValue(2, Counter): null

2019-02-21 17:00:31 - [TEST_STEP][PASSED] - if (StrB.equals(StrA)): null

2019-02-21 17:00:31 - [TEST_STEP][PASSED] - (Counter++): null

2019-02-21 17:00:31 - [TEST_STEP][PASSED] - StrB = findTestData("Internal User List").getValue(2, Counter): null

2019-02-21 17:00:31 - [TEST_STEP][PASSED] - if (StrB.equals(StrA)): null

2019-02-21 17:00:31 - [TEST_STEP][PASSED] - (Counter++): null

2019-02-21 17:00:31 - [TEST_STEP][PASSED] - StrB = findTestData("Internal User List").getValue(2, Counter): null

2019-02-21 17:00:31 - [TEST_STEP][PASSED] - if (StrB.equals(StrA)): null

2019-02-21 17:00:31 - [TEST_STEP][PASSED] - (Counter++): null

2019-02-21 17:00:31 - [TEST_STEP][PASSED] - StrB = findTestData("Internal User List").getValue(2, Counter): null

2019-02-21 17:00:31 - [TEST_STEP][PASSED] - if (StrB.equals(StrA)): null

2019-02-21 17:00:31 - [TEST_STEP][PASSED] - (Counter++): null

2019-02-21 17:00:31 - [TEST_STEP][PASSED] - StrB = findTestData("Internal User List").getValue(2, Counter): null

2019-02-21 17:00:31 - [TEST_STEP][PASSED] - if (StrB.equals(StrA)): null

2019-02-21 17:00:31 - [TEST_STEP][PASSED] - (Counter++): null

2019-02-21 17:00:31 - [TEST_STEP][PASSED] - StrB = findTestData("Internal User List").getValue(2, Counter): null

2019-02-21 17:00:31 - [TEST_STEP][PASSED] - if (StrB.equals(StrA)): null

2019-02-21 17:00:32 - [TEST_STEP][PASSED] - (Counter++): null

2019-02-21 17:00:32 - [TEST_STEP][PASSED] - StrB = findTestData("Internal User List").getValue(2, Counter): null

2019-02-21 17:00:32 - [TEST_STEP][PASSED] - if (StrB.equals(StrA)): null

2019-02-21 17:00:32 - [TEST_STEP][PASSED] - (Counter++): null

2019-02-21 17:00:32 - [TEST_STEP][PASSED] - StrB = findTestData("Internal User List").getValue(2, Counter): null

2019-02-21 17:00:32 - [TEST_STEP][PASSED] - if (StrB.equals(StrA)): null

2019-02-21 17:00:32 - [TEST_STEP][PASSED] - (Counter++): null

2019-02-21 17:00:32 - [TEST_STEP][PASSED] - StrB = findTestData("Internal User List").getValue(2, Counter): null

2019-02-21 17:00:32 - [TEST_STEP][PASSED] - if (StrB.equals(StrA)): null

2019-02-21 17:00:32 - [TEST_STEP][PASSED] - (Counter++): null

2019-02-21 17:00:32 - [TEST_STEP][PASSED] - StrB = findTestData("Internal User List").getValue(2, Counter): null

2019-02-21 17:00:32 - [TEST_STEP][PASSED] - if (StrB.equals(StrA)): null

2019-02-21 17:00:32 - [TEST_STEP][PASSED] - (Counter++): null

2019-02-21 17:00:32 - [TEST_STEP][PASSED] - StrB = findTestData("Internal User List").getValue(2, Counter): null

2019-02-21 17:00:32 - [TEST_STEP][PASSED] - if (StrB.equals(StrA)): null

2019-02-21 17:00:32 - [TEST_STEP][PASSED] - (Counter++): null

2019-02-21 17:00:32 - [TEST_STEP][PASSED] - StrB = findTestData("Internal User List").getValue(2, Counter): null

2019-02-21 17:00:32 - [TEST_STEP][PASSED] - if (StrB.equals(StrA)): null

2019-02-21 17:00:32 - [TEST_STEP][PASSED] - (Counter++): null

2019-02-21 17:00:32 - [TEST_STEP][PASSED] - StrB = findTestData("Internal User List").getValue(2, Counter): null

2019-02-21 17:00:33 - [TEST_STEP][PASSED] - if (StrB.equals(StrA)): null

2019-02-21 17:00:33 - [TEST_STEP][PASSED] - (Counter++): null

2019-02-21 17:00:33 - [TEST_STEP][PASSED] - StrB = findTestData("Internal User List").getValue(2, Counter): null

2019-02-21 17:00:33 - [TEST_STEP][PASSED] - if (StrB.equals(StrA)): null

2019-02-21 17:00:33 - [TEST_STEP][PASSED] - (Counter++): null

2019-02-21 17:00:33 - [TEST_STEP][PASSED] - StrB = findTestData("Internal User List").getValue(2, Counter): null

2019-02-21 17:00:33 - [TEST_STEP][PASSED] - if (StrB.equals(StrA)): null

2019-02-21 17:00:33 - [TEST_STEP][PASSED] - (Counter++): null

2019-02-21 17:00:33 - [TEST_STEP][PASSED] - StrB = findTestData("Internal User List").getValue(2, Counter): null

2019-02-21 17:00:33 - [TEST_STEP][PASSED] - if (StrB.equals(StrA)): null

2019-02-21 17:00:33 - [TEST_STEP][PASSED] - (Counter++): null

2019-02-21 17:00:33 - [TEST_STEP][PASSED] - StrB = findTestData("Internal User List").getValue(2, Counter): null

2019-02-21 17:00:33 - [TEST_STEP][PASSED] - if (StrB.equals(StrA)): null

2019-02-21 17:00:33 - [TEST_STEP][PASSED] - (Counter++): null

2019-02-21 17:00:33 - [TEST_STEP][PASSED] - StrB = findTestData("Internal User List").getValue(2, Counter): null

2019-02-21 17:00:33 - [TEST_STEP][PASSED] - if (StrB.equals(StrA)): null

2019-02-21 17:00:33 - [TEST_STEP][PASSED] - (Counter++): null

2019-02-21 17:00:33 - [TEST_STEP][PASSED] - StrB = findTestData("Internal User List").getValue(2, Counter): null

2019-02-21 17:00:33 - [TEST_STEP][PASSED] - if (StrB.equals(StrA)): null

2019-02-21 17:00:33 - [TEST_STEP][PASSED] - (Counter++): null

2019-02-21 17:00:33 - [TEST_STEP][PASSED] - StrB = findTestData("Internal User List").getValue(2, Counter): null

2019-02-21 17:00:34 - [TEST_STEP][PASSED] - if (StrB.equals(StrA)): null

2019-02-21 17:00:34 - [TEST_STEP][PASSED] - (Counter++): null

2019-02-21 17:00:34 - [TEST_STEP][PASSED] - StrB = findTestData("Internal User List").getValue(2, Counter): null

2019-02-21 17:00:34 - [TEST_STEP][PASSED] - if (StrB.equals(StrA)): null

2019-02-21 17:00:34 - [TEST_STEP][PASSED] - (Counter++): null

2019-02-21 17:00:34 - [TEST_STEP][PASSED] - StrB = findTestData("Internal User List").getValue(2, Counter): null

2019-02-21 17:00:34 - [TEST_STEP][PASSED] - if (StrB.equals(StrA)): null

2019-02-21 17:00:34 - [TEST_STEP][PASSED] - (Counter++): null

2019-02-21 17:00:34 - [TEST_STEP][PASSED] - StrB = findTestData("Internal User List").getValue(2, Counter): null

2019-02-21 17:00:34 - [TEST_STEP][PASSED] - if (StrB.equals(StrA)): null

2019-02-21 17:00:34 - [TEST_STEP][PASSED] - (Counter++): null

2019-02-21 17:00:34 - [TEST_STEP][PASSED] - StrB = findTestData("Internal User List").getValue(2, Counter): null

2019-02-21 17:00:34 - [TEST_STEP][PASSED] - if (StrB.equals(StrA)): null

2019-02-21 17:00:34 - [TEST_STEP][PASSED] - (Counter++): null

2019-02-21 17:00:34 - [TEST_STEP][PASSED] - StrB = findTestData("Internal User List").getValue(2, Counter): null

2019-02-21 17:00:34 - [TEST_STEP][PASSED] - if (StrB.equals(StrA)): null

2019-02-21 17:00:34 - [TEST_STEP][PASSED] - (Counter++): null

2019-02-21 17:00:34 - [TEST_STEP][PASSED] - StrB = findTestData("Internal User List").getValue(2, Counter): null

2019-02-21 17:00:34 - [TEST_STEP][PASSED] - if (StrB.equals(StrA)): null

2019-02-21 17:00:34 - [TEST_STEP][PASSED] - (Counter++): null

2019-02-21 17:00:35 - [TEST_STEP][PASSED] - StrB = findTestData("Internal User List").getValue(2, Counter): null

2019-02-21 17:00:35 - [TEST_STEP][PASSED] - if (StrB.equals(StrA)): null

2019-02-21 17:00:35 - [TEST_STEP][PASSED] - (Counter++): null

2019-02-21 17:00:35 - [TEST_STEP][PASSED] - StrB = findTestData("Internal User List").getValue(2, Counter): null

2019-02-21 17:00:35 - [TEST_STEP][PASSED] - if (StrB.equals(StrA)): null

2019-02-21 17:00:35 - [TEST_STEP][PASSED] - (Counter++): null

2019-02-21 17:00:35 - [TEST_STEP][PASSED] - StrB = findTestData("Internal User List").getValue(2, Counter): null

2019-02-21 17:00:35 - [TEST_STEP][PASSED] - if (StrB.equals(StrA)): null

2019-02-21 17:00:35 - [TEST_STEP][PASSED] - (Counter++): null

2019-02-21 17:00:35 - [TEST_STEP][PASSED] - StrB = findTestData("Internal User List").getValue(2, Counter): null

2019-02-21 17:00:35 - [TEST_STEP][PASSED] - if (StrB.equals(StrA)): null

2019-02-21 17:00:35 - [TEST_STEP][PASSED] - (Counter++): null

2019-02-21 17:00:35 - [TEST_STEP][PASSED] - StrB = findTestData("Internal User List").getValue(2, Counter): null

2019-02-21 17:00:35 - [TEST_STEP][PASSED] - if (StrB.equals(StrA)): null

2019-02-21 17:00:35 - [TEST_STEP][PASSED] - (Counter++): null

2019-02-21 17:00:35 - [TEST_STEP][PASSED] - StrB = findTestData("Internal User List").getValue(2, Counter): null

2019-02-21 17:00:35 - [TEST_STEP][PASSED] - if (StrB.equals(StrA)): null

2019-02-21 17:00:35 - [TEST_STEP][PASSED] - (Counter++): null

2019-02-21 17:00:35 - [TEST_STEP][PASSED] - StrB = findTestData("Internal User List").getValue(2, Counter): null

2019-02-21 17:00:35 - [TEST_STEP][PASSED] - if (StrB.equals(StrA)): null

2019-02-21 17:00:36 - [TEST_STEP][PASSED] - (Counter++): null

2019-02-21 17:00:36 - [TEST_STEP][PASSED] - StrB = findTestData("Internal User List").getValue(2, Counter): null

2019-02-21 17:00:36 - [TEST_STEP][PASSED] - if (StrB.equals(StrA)): null

2019-02-21 17:00:36 - [TEST_STEP][PASSED] - (Counter++): null

2019-02-21 17:00:36 - [TEST_STEP][PASSED] - StrB = findTestData("Internal User List").getValue(2, Counter): null

2019-02-21 17:00:36 - [TEST_STEP][PASSED] - if (StrB.equals(StrA)): null

2019-02-21 17:00:36 - [TEST_STEP][PASSED] - (Counter++): null

2019-02-21 17:00:36 - [TEST_STEP][PASSED] - StrB = findTestData("Internal User List").getValue(2, Counter): null

2019-02-21 17:00:36 - [TEST_STEP][PASSED] - if (StrB.equals(StrA)): null

2019-02-21 17:00:36 - [TEST_STEP][PASSED] - (Counter++): null

2019-02-21 17:00:36 - [TEST_STEP][PASSED] - StrB = findTestData("Internal User List").getValue(2, Counter): null

2019-02-21 17:00:36 - [TEST_STEP][PASSED] - if (StrB.equals(StrA)): null

2019-02-21 17:00:36 - [TEST_STEP][PASSED] - (Counter++): null

2019-02-21 17:00:36 - [TEST_STEP][PASSED] - StrB = findTestData("Internal User List").getValue(2, Counter): null

2019-02-21 17:00:36 - [TEST_STEP][PASSED] - if (StrB.equals(StrA)): null

2019-02-21 17:00:36 - [TEST_STEP][PASSED] - (Counter++): null

2019-02-21 17:00:36 - [TEST_STEP][PASSED] - StrB = findTestData("Internal User List").getValue(2, Counter): null

2019-02-21 17:00:36 - [TEST_STEP][PASSED] - if (StrB.equals(StrA)): null

2019-02-21 17:00:36 - [TEST_STEP][PASSED] - (Counter++): null

2019-02-21 17:00:36 - [TEST_STEP][PASSED] - StrB = findTestData("Internal User List").getValue(2, Counter): null

2019-02-21 17:00:36 - [TEST_STEP][PASSED] - if (StrB.equals(StrA)): null

2019-02-21 17:00:37 - [TEST_STEP][PASSED] - (Counter++): null

2019-02-21 17:00:37 - [TEST_STEP][PASSED] - StrB = findTestData("Internal User List").getValue(2, Counter): null

2019-02-21 17:00:37 - [TEST_STEP][PASSED] - if (StrB.equals(StrA)): null

2019-02-21 17:00:37 - [TEST_STEP][PASSED] - (Counter++): null

2019-02-21 17:00:37 - [TEST_STEP][PASSED] - StrB = findTestData("Internal User List").getValue(2, Counter): null

2019-02-21 17:00:37 - [TEST_STEP][PASSED] - if (StrB.equals(StrA)): null

2019-02-21 17:00:37 - [TEST_STEP][PASSED] - (Counter++): null

2019-02-21 17:00:37 - [TEST_STEP][PASSED] - StrB = findTestData("Internal User List").getValue(2, Counter): null

2019-02-21 17:00:37 - [TEST_STEP][PASSED] - if (StrB.equals(StrA)): null

2019-02-21 17:00:37 - [TEST_STEP][PASSED] - (Counter++): null

2019-02-21 17:00:37 - [TEST_STEP][PASSED] - StrB = findTestData("Internal User List").getValue(2, Counter): null

2019-02-21 17:00:37 - [TEST_STEP][PASSED] - if (StrB.equals(StrA)): null

2019-02-21 17:00:37 - [TEST_STEP][PASSED] - (Counter++): null

2019-02-21 17:00:37 - [TEST_STEP][PASSED] - StrB = findTestData("Internal User List").getValue(2, Counter): null

2019-02-21 17:00:37 - [TEST_STEP][PASSED] - if (StrB.equals(StrA)): null

2019-02-21 17:00:37 - [TEST_STEP][PASSED] - (Counter++): null

2019-02-21 17:00:37 - [TEST_STEP][PASSED] - StrB = findTestData("Internal User List").getValue(2, Counter): null

2019-02-21 17:00:37 - [TEST_STEP][PASSED] - if (StrB.equals(StrA)): null

2019-02-21 17:00:37 - [TEST_STEP][PASSED] - (Counter++): null

2019-02-21 17:00:37 - [TEST_STEP][PASSED] - StrB = findTestData("Internal User List").getValue(2, Counter): null

2019-02-21 17:00:38 - [TEST_STEP][PASSED] - if (StrB.equals(StrA)): null

2019-02-21 17:00:38 - [TEST_STEP][PASSED] - (Counter++): null

2019-02-21 17:00:38 - [TEST_STEP][PASSED] - StrB = findTestData("Internal User List").getValue(2, Counter): null

2019-02-21 17:00:38 - [TEST_STEP][PASSED] - if (StrB.equals(StrA)): null

2019-02-21 17:00:38 - [TEST_STEP][PASSED] - (Counter++): null

2019-02-21 17:00:38 - [TEST_STEP][PASSED] - StrB = findTestData("Internal User List").getValue(2, Counter): null

2019-02-21 17:00:38 - [TEST_STEP][PASSED] - if (StrB.equals(StrA)): null

2019-02-21 17:00:38 - [TEST_STEP][PASSED] - (Counter++): null

2019-02-21 17:00:38 - [TEST_STEP][PASSED] - StrB = findTestData("Internal User List").getValue(2, Counter): null

2019-02-21 17:00:38 - [TEST_STEP][PASSED] - if (StrB.equals(StrA)): null

2019-02-21 17:00:38 - [TEST_STEP][PASSED] - (Counter++): null

2019-02-21 17:00:38 - [TEST_STEP][PASSED] - StrB = findTestData("Internal User List").getValue(2, Counter): null

2019-02-21 17:00:38 - [TEST_STEP][PASSED] - if (StrB.equals(StrA)): null

2019-02-21 17:00:38 - [TEST_STEP][PASSED] - (Counter++): null

2019-02-21 17:00:38 - [TEST_STEP][PASSED] - StrB = findTestData("Internal User List").getValue(2, Counter): null

2019-02-21 17:00:38 - [TEST_STEP][PASSED] - if (StrB.equals(StrA)): null

2019-02-21 17:00:38 - [TEST_STEP][PASSED] - (Counter++): null

2019-02-21 17:00:38 - [TEST_STEP][PASSED] - StrB = findTestData("Internal User List").getValue(2, Counter): null

2019-02-21 17:00:39 - [TEST_STEP][PASSED] - if (StrB.equals(StrA)): null

2019-02-21 17:00:39 - [TEST_STEP][PASSED] - (Counter++): null

2019-02-21 17:00:39 - [TEST_STEP][PASSED] - StrB = findTestData("Internal User List").getValue(2, Counter): null

2019-02-21 17:00:39 - [TEST_STEP][PASSED] - if (StrB.equals(StrA)): null

2019-02-21 17:00:39 - [TEST_STEP][PASSED] - (Counter++): null

2019-02-21 17:00:39 - [TEST_STEP][PASSED] - StrB = findTestData("Internal User List").getValue(2, Counter): null

2019-02-21 17:00:39 - [TEST_STEP][PASSED] - if (StrB.equals(StrA)): null

2019-02-21 17:00:39 - [TEST_STEP][PASSED] - (Counter++): null

2019-02-21 17:00:39 - [TEST_STEP][PASSED] - StrB = findTestData("Internal User List").getValue(2, Counter): null

2019-02-21 17:00:39 - [TEST_STEP][PASSED] - if (StrB.equals(StrA)): null

2019-02-21 17:00:39 - [TEST_STEP][PASSED] - (Counter++): null

2019-02-21 17:00:39 - [TEST_STEP][PASSED] - StrB = findTestData("Internal User List").getValue(2, Counter): null

2019-02-21 17:00:39 - [TEST_STEP][PASSED] - if (StrB.equals(StrA)): null

2019-02-21 17:00:39 - [TEST_STEP][PASSED] - (Counter++): null

2019-02-21 17:00:39 - [TEST_STEP][PASSED] - StrB = findTestData("Internal User List").getValue(2, Counter): null

2019-02-21 17:00:39 - [TEST_STEP][PASSED] - if (StrB.equals(StrA)): null

2019-02-21 17:00:39 - [TEST_STEP][PASSED] - (Counter++): null

2019-02-21 17:00:40 - [TEST_STEP][PASSED] - StrB = findTestData("Internal User List").getValue(2, Counter): null

2019-02-21 17:00:40 - [TEST_STEP][PASSED] - if (StrB.equals(StrA)): null

2019-02-21 17:00:40 - [TEST_STEP][PASSED] - (Counter++): null

2019-02-21 17:00:40 - [TEST_STEP][PASSED] - StrB = findTestData("Internal User List").getValue(2, Counter): null

2019-02-21 17:00:40 - [TEST_STEP][PASSED] - if (StrB.equals(StrA)): null

2019-02-21 17:00:40 - [TEST_STEP][PASSED] - (Counter++): null

2019-02-21 17:00:40 - [TEST_STEP][PASSED] - StrB = findTestData("Internal User List").getValue(2, Counter): null

2019-02-21 17:00:40 - [TEST_STEP][PASSED] - if (StrB.equals(StrA)): null

2019-02-21 17:00:40 - [TEST_STEP][PASSED] - (Counter++): null

2019-02-21 17:00:40 - [TEST_STEP][PASSED] - StrB = findTestData("Internal User List").getValue(2, Counter): null

2019-02-21 17:00:40 - [TEST_STEP][PASSED] - if (StrB.equals(StrA)): null

2019-02-21 17:00:40 - [TEST_STEP][PASSED] - (Counter++): null

2019-02-21 17:00:40 - [TEST_STEP][PASSED] - StrB = findTestData("Internal User List").getValue(2, Counter): null

2019-02-21 17:00:40 - [TEST_STEP][PASSED] - if (StrB.equals(StrA)): null

2019-02-21 17:00:40 - [TEST_STEP][PASSED] - (Counter++): null

2019-02-21 17:00:40 - [TEST_STEP][PASSED] - StrB = findTestData("Internal User List").getValue(2, Counter): null

2019-02-21 17:00:40 - [TEST_STEP][PASSED] - if (StrB.equals(StrA)): null

2019-02-21 17:00:40 - [TEST_STEP][PASSED] - (Counter++): null

2019-02-21 17:00:40 - [TEST_STEP][PASSED] - StrB = findTestData("Internal User List").getValue(2, Counter): null

2019-02-21 17:00:40 - [TEST_STEP][PASSED] - if (StrB.equals(StrA)): null

2019-02-21 17:00:40 - [TEST_STEP][PASSED] - (Counter++): null

2019-02-21 17:00:40 - [TEST_STEP][PASSED] - StrB = findTestData("Internal User List").getValue(2, Counter): null

2019-02-21 17:00:41 - [TEST_STEP][PASSED] - if (StrB.equals(StrA)): null

2019-02-21 17:00:41 - [TEST_STEP][PASSED] - (Counter++): null

2019-02-21 17:00:41 - [TEST_STEP][PASSED] - StrB = findTestData("Internal User List").getValue(2, Counter): null

2019-02-21 17:00:41 - [TEST_STEP][PASSED] - if (StrB.equals(StrA)): null

2019-02-21 17:00:41 - [TEST_STEP][PASSED] - (Counter++): null

2019-02-21 17:00:41 - [TEST_STEP][PASSED] - StrB = findTestData("Internal User List").getValue(2, Counter): null

2019-02-21 17:00:41 - [TEST_STEP][PASSED] - if (StrB.equals(StrA)): null

2019-02-21 17:00:41 - [TEST_STEP][PASSED] - (Counter++): null

2019-02-21 17:00:41 - [TEST_STEP][PASSED] - StrB = findTestData("Internal User List").getValue(2, Counter): null

2019-02-21 17:00:41 - [TEST_STEP][PASSED] - if (StrB.equals(StrA)): null

2019-02-21 17:00:41 - [TEST_STEP][PASSED] - (Counter++): null

2019-02-21 17:00:41 - [TEST_STEP][PASSED] - StrB = findTestData("Internal User List").getValue(2, Counter): null

2019-02-21 17:00:41 - [TEST_STEP][PASSED] - if (StrB.equals(StrA)): null

2019-02-21 17:00:41 - [TEST_STEP][PASSED] - (Counter++): null

2019-02-21 17:00:41 - [TEST_STEP][PASSED] - StrB = findTestData("Internal User List").getValue(2, Counter): null

2019-02-21 17:00:41 - [TEST_STEP][PASSED] - if (StrB.equals(StrA)): null

2019-02-21 17:00:41 - [TEST_STEP][PASSED] - (Counter++): null

2019-02-21 17:00:42 - [TEST_STEP][PASSED] - StrB = findTestData("Internal User List").getValue(2, Counter): null

2019-02-21 17:00:42 - [TEST_STEP][PASSED] - if (StrB.equals(StrA)): null

2019-02-21 17:00:42 - [TEST_STEP][PASSED] - (Counter++): null

2019-02-21 17:00:42 - [TEST_STEP][PASSED] - StrB = findTestData("Internal User List").getValue(2, Counter): null

2019-02-21 17:00:42 - [TEST_STEP][PASSED] - if (StrB.equals(StrA)): null

2019-02-21 17:00:42 - [TEST_STEP][PASSED] - (Counter++): null

2019-02-21 17:00:42 - [TEST_STEP][PASSED] - StrB = findTestData("Internal User List").getValue(2, Counter): null

2019-02-21 17:00:42 - [TEST_STEP][PASSED] - if (StrB.equals(StrA)): null

2019-02-21 17:00:42 - [TEST_STEP][PASSED] - (Counter++): null

2019-02-21 17:00:42 - [TEST_STEP][PASSED] - StrB = findTestData("Internal User List").getValue(2, Counter): null

2019-02-21 17:00:42 - [TEST_STEP][PASSED] - if (StrB.equals(StrA)): null

2019-02-21 17:00:42 - [TEST_STEP][PASSED] - (Counter++): null

2019-02-21 17:00:42 - [TEST_STEP][PASSED] - StrB = findTestData("Internal User List").getValue(2, Counter): null

2019-02-21 17:00:42 - [TEST_STEP][PASSED] - if (StrB.equals(StrA)): null

2019-02-21 17:00:42 - [TEST_STEP][PASSED] - (Counter++): null

2019-02-21 17:00:42 - [TEST_STEP][PASSED] - StrB = findTestData("Internal User List").getValue(2, Counter): null

2019-02-21 17:00:42 - [TEST_STEP][PASSED] - if (StrB.equals(StrA)): null

2019-02-21 17:00:42 - [TEST_STEP][PASSED] - (Counter++): null

2019-02-21 17:00:42 - [TEST_STEP][PASSED] - StrB = findTestData("Internal User List").getValue(2, Counter): null

2019-02-21 17:00:42 - [TEST_STEP][PASSED] - if (StrB.equals(StrA)): null

2019-02-21 17:00:42 - [TEST_STEP][PASSED] - (Counter++): null

2019-02-21 17:00:43 - [TEST_STEP][PASSED] - StrB = findTestData("Internal User List").getValue(2, Counter): null

2019-02-21 17:00:43 - [TEST_STEP][PASSED] - if (StrB.equals(StrA)): null

2019-02-21 17:00:43 - [TEST_STEP][PASSED] - (Counter++): null

2019-02-21 17:00:43 - [TEST_STEP][PASSED] - StrB = findTestData("Internal User List").getValue(2, Counter): null

2019-02-21 17:00:43 - [TEST_STEP][PASSED] - if (StrB.equals(StrA)): null

2019-02-21 17:00:43 - [TEST_STEP][PASSED] - (Counter++): null

2019-02-21 17:00:43 - [TEST_STEP][PASSED] - StrB = findTestData("Internal User List").getValue(2, Counter): null

2019-02-21 17:00:43 - [TEST_STEP][PASSED] - if (StrB.equals(StrA)): null

2019-02-21 17:00:43 - [TEST_STEP][PASSED] - (Counter++): null

2019-02-21 17:00:43 - [TEST_STEP][PASSED] - StrB = findTestData("Internal User List").getValue(2, Counter): null

2019-02-21 17:00:43 - [TEST_STEP][PASSED] - if (StrB.equals(StrA)): null

2019-02-21 17:00:43 - [TEST_STEP][PASSED] - (Counter++): null

2019-02-21 17:00:43 - [TEST_STEP][PASSED] - StrB = findTestData("Internal User List").getValue(2, Counter): null

2019-02-21 17:00:43 - [TEST_STEP][PASSED] - if (StrB.equals(StrA)): null

2019-02-21 17:00:43 - [TEST_STEP][PASSED] - (Counter++): null

2019-02-21 17:00:43 - [TEST_STEP][PASSED] - StrB = findTestData("Internal User List").getValue(2, Counter): null

2019-02-21 17:00:43 - [TEST_STEP][PASSED] - if (StrB.equals(StrA)): null

2019-02-21 17:00:43 - [TEST_STEP][PASSED] - (Counter++): null

2019-02-21 17:00:44 - [TEST_STEP][PASSED] - StrB = findTestData("Internal User List").getValue(2, Counter): null

2019-02-21 17:00:44 - [TEST_STEP][PASSED] - if (StrB.equals(StrA)): null

2019-02-21 17:00:44 - [TEST_STEP][PASSED] - (Counter++): null

2019-02-21 17:00:44 - [TEST_STEP][PASSED] - StrB = findTestData("Internal User List").getValue(2, Counter): null

2019-02-21 17:00:44 - [TEST_STEP][PASSED] - if (StrB.equals(StrA)): null

2019-02-21 17:00:44 - [TEST_STEP][PASSED] - (Counter++): null

2019-02-21 17:00:44 - [TEST_STEP][PASSED] - StrB = findTestData("Internal User List").getValue(2, Counter): null

2019-02-21 17:00:44 - [TEST_STEP][PASSED] - if (StrB.equals(StrA)): null

2019-02-21 17:00:44 - [TEST_STEP][PASSED] - (Counter++): null

2019-02-21 17:00:44 - [TEST_STEP][PASSED] - StrB = findTestData("Internal User List").getValue(2, Counter): null

2019-02-21 17:00:44 - [TEST_STEP][PASSED] - if (StrB.equals(StrA)): null

2019-02-21 17:00:44 - [TEST_STEP][PASSED] - (Counter++): null

2019-02-21 17:00:44 - [TEST_STEP][PASSED] - StrB = findTestData("Internal User List").getValue(2, Counter): null

2019-02-21 17:00:44 - [TEST_STEP][PASSED] - if (StrB.equals(StrA)): null

2019-02-21 17:00:44 - [TEST_STEP][PASSED] - (Counter++): null

2019-02-21 17:00:44 - [TEST_STEP][PASSED] - StrB = findTestData("Internal User List").getValue(2, Counter): null

2019-02-21 17:00:44 - [TEST_STEP][PASSED] - if (StrB.equals(StrA)): null

2019-02-21 17:00:44 - [TEST_STEP][PASSED] - (Counter++): null

2019-02-21 17:00:44 - [TEST_STEP][PASSED] - StrB = findTestData("Internal User List").getValue(2, Counter): null

2019-02-21 17:00:44 - [TEST_STEP][PASSED] - if (StrB.equals(StrA)): null

2019-02-21 17:00:45 - [TEST_STEP][PASSED] - (Counter++): null

2019-02-21 17:00:45 - [TEST_STEP][PASSED] - StrB = findTestData("Internal User List").getValue(2, Counter): null

2019-02-21 17:00:45 - [TEST_STEP][PASSED] - if (StrB.equals(StrA)): null

2019-02-21 17:00:45 - [TEST_STEP][PASSED] - (Counter++): null

2019-02-21 17:00:45 - [TEST_STEP][PASSED] - StrB = findTestData("Internal User List").getValue(2, Counter): null

2019-02-21 17:00:45 - [TEST_STEP][PASSED] - if (StrB.equals(StrA)): null

2019-02-21 17:00:45 - [TEST_STEP][PASSED] - (Counter++): null

2019-02-21 17:00:45 - [TEST_STEP][PASSED] - StrB = findTestData("Internal User List").getValue(2, Counter): null

2019-02-21 17:00:45 - [TEST_STEP][PASSED] - if (StrB.equals(StrA)): null

2019-02-21 17:00:45 - [TEST_STEP][PASSED] - (Counter++): null

2019-02-21 17:00:45 - [TEST_STEP][PASSED] - StrB = findTestData("Internal User List").getValue(2, Counter): null

2019-02-21 17:00:45 - [TEST_STEP][PASSED] - if (StrB.equals(StrA)): null

2019-02-21 17:00:45 - [TEST_STEP][PASSED] - (Counter++): null

2019-02-21 17:00:45 - [TEST_STEP][PASSED] - StrB = findTestData("Internal User List").getValue(2, Counter): null

2019-02-21 17:00:45 - [TEST_STEP][PASSED] - if (StrB.equals(StrA)): null

2019-02-21 17:00:45 - [TEST_STEP][PASSED] - (Counter++): null

2019-02-21 17:00:45 - [TEST_STEP][PASSED] - StrB = findTestData("Internal User List").getValue(2, Counter): null

2019-02-21 17:00:45 - [TEST_STEP][PASSED] - if (StrB.equals(StrA)): null

2019-02-21 17:00:45 - [TEST_STEP][PASSED] - (Counter++): null

2019-02-21 17:00:45 - [TEST_STEP][PASSED] - StrB = findTestData("Internal User List").getValue(2, Counter): null

2019-02-21 17:00:45 - [TEST_STEP][PASSED] - if (StrB.equals(StrA)): null

2019-02-21 17:00:46 - [TEST_STEP][PASSED] - (Counter++): null

2019-02-21 17:00:46 - [TEST_STEP][PASSED] - StrB = findTestData("Internal User List").getValue(2, Counter): null

2019-02-21 17:00:46 - [TEST_STEP][PASSED] - if (StrB.equals(StrA)): null

2019-02-21 17:00:46 - [TEST_STEP][PASSED] - (Counter++): null

2019-02-21 17:00:46 - [TEST_STEP][PASSED] - StrB = findTestData("Internal User List").getValue(2, Counter): null

2019-02-21 17:00:46 - [TEST_STEP][PASSED] - if (StrB.equals(StrA)): null

2019-02-21 17:00:46 - [TEST_STEP][PASSED] - (Counter++): null

2019-02-21 17:00:46 - [TEST_STEP][PASSED] - StrB = findTestData("Internal User List").getValue(2, Counter): null

2019-02-21 17:00:46 - [TEST_STEP][PASSED] - if (StrB.equals(StrA)): null

2019-02-21 17:00:46 - [TEST_STEP][PASSED] - (Counter++): null

2019-02-21 17:00:46 - [TEST_STEP][PASSED] - StrB = findTestData("Internal User List").getValue(2, Counter): null

2019-02-21 17:00:46 - [TEST_STEP][PASSED] - if (StrB.equals(StrA)): null

2019-02-21 17:00:46 - [TEST_STEP][PASSED] - (Counter++): null

2019-02-21 17:00:46 - [TEST_STEP][PASSED] - StrB = findTestData("Internal User List").getValue(2, Counter): null

2019-02-21 17:00:46 - [TEST_STEP][PASSED] - if (StrB.equals(StrA)): null

2019-02-21 17:00:46 - [TEST_STEP][PASSED] - (Counter++): null

2019-02-21 17:00:46 - [TEST_STEP][PASSED] - StrB = findTestData("Internal User List").getValue(2, Counter): null

2019-02-21 17:00:46 - [TEST_STEP][PASSED] - if (StrB.equals(StrA)): null

2019-02-21 17:00:46 - [TEST_STEP][PASSED] - (Counter++): null

2019-02-21 17:00:46 - [TEST_STEP][PASSED] - StrB = findTestData("Internal User List").getValue(2, Counter): null

2019-02-21 17:00:47 - [TEST_STEP][PASSED] - if (StrB.equals(StrA)): null

2019-02-21 17:00:47 - [TEST_STEP][PASSED] - (Counter++): null

2019-02-21 17:00:47 - [TEST_STEP][PASSED] - StrB = findTestData("Internal User List").getValue(2, Counter): null

2019-02-21 17:00:47 - [TEST_STEP][PASSED] - if (StrB.equals(StrA)): null

2019-02-21 17:00:47 - [TEST_STEP][PASSED] - (Counter++): null

2019-02-21 17:00:47 - [TEST_STEP][PASSED] - StrB = findTestData("Internal User List").getValue(2, Counter): null

2019-02-21 17:00:47 - [TEST_STEP][PASSED] - if (StrB.equals(StrA)): null

2019-02-21 17:00:47 - [TEST_STEP][PASSED] - (Counter++): null

2019-02-21 17:00:47 - [TEST_STEP][PASSED] - StrB = findTestData("Internal User List").getValue(2, Counter): null

2019-02-21 17:00:47 - [TEST_STEP][PASSED] - if (StrB.equals(StrA)): null

2019-02-21 17:00:47 - [TEST_STEP][PASSED] - (Counter++): null

2019-02-21 17:00:47 - [TEST_STEP][PASSED] - StrB = findTestData("Internal User List").getValue(2, Counter): null

2019-02-21 17:00:47 - [TEST_STEP][PASSED] - if (StrB.equals(StrA)): null

2019-02-21 17:00:47 - [TEST_STEP][PASSED] - (Counter++): null

2019-02-21 17:00:47 - [TEST_STEP][PASSED] - StrB = findTestData("Internal User List").getValue(2, Counter): null

2019-02-21 17:00:47 - [TEST_STEP][PASSED] - if (StrB.equals(StrA)): null

2019-02-21 17:00:47 - [TEST_STEP][PASSED] - (Counter++): null

2019-02-21 17:00:48 - [TEST_STEP][PASSED] - StrB = findTestData("Internal User List").getValue(2, Counter): null

2019-02-21 17:00:48 - [TEST_STEP][PASSED] - if (StrB.equals(StrA)): null

2019-02-21 17:00:48 - [TEST_STEP][PASSED] - (Counter++): null

2019-02-21 17:00:48 - [TEST_STEP][PASSED] - StrB = findTestData("Internal User List").getValue(2, Counter): null

2019-02-21 17:00:48 - [TEST_STEP][PASSED] - if (StrB.equals(StrA)): null

2019-02-21 17:00:48 - [TEST_STEP][PASSED] - (Counter++): null

2019-02-21 17:00:48 - [TEST_STEP][PASSED] - StrB = findTestData("Internal User List").getValue(2, Counter): null

2019-02-21 17:00:48 - [TEST_STEP][PASSED] - if (StrB.equals(StrA)): null

2019-02-21 17:00:48 - [TEST_STEP][PASSED] - (Counter++): null

2019-02-21 17:00:48 - [TEST_STEP][PASSED] - StrB = findTestData("Internal User List").getValue(2, Counter): null

2019-02-21 17:00:48 - [TEST_STEP][PASSED] - if (StrB.equals(StrA)): null

2019-02-21 17:00:48 - [TEST_STEP][PASSED] - (Counter++): null

2019-02-21 17:00:48 - [TEST_STEP][PASSED] - StrB = findTestData("Internal User List").getValue(2, Counter): null

2019-02-21 17:00:48 - [TEST_STEP][PASSED] - if (StrB.equals(StrA)): null

2019-02-21 17:00:49 - [TEST_STEP][PASSED] - (Counter++): null

2019-02-21 17:00:49 - [TEST_STEP][PASSED] - StrB = findTestData("Internal User List").getValue(2, Counter): null

2019-02-21 17:00:49 - [TEST_STEP][PASSED] - if (StrB.equals(StrA)): null

2019-02-21 17:00:49 - [TEST_STEP][PASSED] - (Counter++): null

2019-02-21 17:00:49 - [TEST_STEP][PASSED] - StrB = findTestData("Internal User List").getValue(2, Counter): null

2019-02-21 17:00:49 - [TEST_STEP][PASSED] - if (StrB.equals(StrA)): null

2019-02-21 17:00:49 - [TEST_STEP][PASSED] - (Counter++): null

2019-02-21 17:00:49 - [TEST_STEP][PASSED] - StrB = findTestData("Internal User List").getValue(2, Counter): null

2019-02-21 17:00:49 - [TEST_STEP][PASSED] - if (StrB.equals(StrA)): null

2019-02-21 17:00:49 - [TEST_STEP][PASSED] - (Counter++): null

2019-02-21 17:00:49 - [TEST_STEP][PASSED] - StrB = findTestData("Internal User List").getValue(2, Counter): null

2019-02-21 17:00:49 - [TEST_STEP][PASSED] - if (StrB.equals(StrA)): null

2019-02-21 17:00:49 - [TEST_STEP][PASSED] - (Counter++): null

2019-02-21 17:00:49 - [TEST_STEP][PASSED] - StrB = findTestData("Internal User List").getValue(2, Counter): null

2019-02-21 17:00:49 - [TEST_STEP][PASSED] - if (StrB.equals(StrA)): null

2019-02-21 17:00:49 - [TEST_STEP][PASSED] - (Counter++): null

2019-02-21 17:00:49 - [TEST_STEP][PASSED] - StrB = findTestData("Internal User List").getValue(2, Counter): null

2019-02-21 17:00:49 - [TEST_STEP][PASSED] - if (StrB.equals(StrA)): null

2019-02-21 17:00:49 - [TEST_STEP][PASSED] - (Counter++): null

2019-02-21 17:00:49 - [TEST_STEP][PASSED] - StrB = findTestData("Internal User List").getValue(2, Counter): null

2019-02-21 17:00:50 - [TEST_STEP][PASSED] - if (StrB.equals(StrA)): null

2019-02-21 17:00:50 - [TEST_STEP][PASSED] - (Counter++): null

2019-02-21 17:00:50 - [TEST_STEP][PASSED] - StrB = findTestData("Internal User List").getValue(2, Counter): null

2019-02-21 17:00:50 - [TEST_STEP][PASSED] - if (StrB.equals(StrA)): null

2019-02-21 17:00:50 - [TEST_STEP][PASSED] - (Counter++): null

2019-02-21 17:00:50 - [TEST_STEP][PASSED] - StrB = findTestData("Internal User List").getValue(2, Counter): null

2019-02-21 17:00:50 - [TEST_STEP][PASSED] - if (StrB.equals(StrA)): null

2019-02-21 17:00:50 - [TEST_STEP][PASSED] - (Counter++): null

2019-02-21 17:00:50 - [TEST_STEP][PASSED] - StrB = findTestData("Internal User List").getValue(2, Counter): null

2019-02-21 17:00:50 - [TEST_STEP][PASSED] - if (StrB.equals(StrA)): null

2019-02-21 17:00:50 - [TEST_STEP][PASSED] - (Counter++): null

2019-02-21 17:00:51 - [TEST_STEP][PASSED] - StrB = findTestData("Internal User List").getValue(2, Counter): null

2019-02-21 17:00:51 - [TEST_STEP][PASSED] - if (StrB.equals(StrA)): null

2019-02-21 17:00:51 - [TEST_STEP][PASSED] - (Counter++): null

2019-02-21 17:00:51 - [TEST_STEP][PASSED] - StrB = findTestData("Internal User List").getValue(2, Counter): null

2019-02-21 17:00:51 - [TEST_STEP][PASSED] - if (StrB.equals(StrA)): null

2019-02-21 17:00:51 - [TEST_STEP][PASSED] - (Counter++): null

2019-02-21 17:00:51 - [TEST_STEP][PASSED] - StrB = findTestData("Internal User List").getValue(2, Counter): null

2019-02-21 17:00:51 - [TEST_STEP][PASSED] - if (StrB.equals(StrA)): null

2019-02-21 17:00:51 - [TEST_STEP][PASSED] - (Counter++): null

2019-02-21 17:00:51 - [TEST_STEP][PASSED] - StrB = findTestData("Internal User List").getValue(2, Counter): null

2019-02-21 17:00:51 - [TEST_STEP][PASSED] - if (StrB.equals(StrA)): null

2019-02-21 17:00:51 - [TEST_STEP][PASSED] - (Counter++): null

2019-02-21 17:00:51 - [TEST_STEP][PASSED] - StrB = findTestData("Internal User List").getValue(2, Counter): null

2019-02-21 17:00:51 - [TEST_STEP][PASSED] - if (StrB.equals(StrA)): null

2019-02-21 17:00:51 - [TEST_STEP][PASSED] - (Counter++): null

2019-02-21 17:00:51 - [TEST_STEP][PASSED] - StrB = findTestData("Internal User List").getValue(2, Counter): null

2019-02-21 17:00:51 - [TEST_STEP][PASSED] - if (StrB.equals(StrA)): null

2019-02-21 17:00:51 - [TEST_STEP][PASSED] - (Counter++): null

2019-02-21 17:00:51 - [TEST_STEP][PASSED] - StrB = findTestData("Internal User List").getValue(2, Counter): null

2019-02-21 17:00:51 - [TEST_STEP][PASSED] - if (StrB.equals(StrA)): null

2019-02-21 17:00:52 - [TEST_STEP][PASSED] - (Counter++): null

2019-02-21 17:00:52 - [TEST_STEP][PASSED] - StrB = findTestData("Internal User List").getValue(2, Counter): null

2019-02-21 17:00:52 - [TEST_STEP][PASSED] - if (StrB.equals(StrA)): null

2019-02-21 17:00:52 - [TEST_STEP][PASSED] - (Counter++): null

2019-02-21 17:00:52 - [TEST_STEP][PASSED] - StrB = findTestData("Internal User List").getValue(2, Counter): null

2019-02-21 17:00:52 - [TEST_STEP][PASSED] - if (StrB.equals(StrA)): null

2019-02-21 17:00:52 - [TEST_STEP][PASSED] - (Counter++): null

2019-02-21 17:00:52 - [TEST_STEP][PASSED] - StrB = findTestData("Internal User List").getValue(2, Counter): null

2019-02-21 17:00:52 - [TEST_STEP][PASSED] - if (StrB.equals(StrA)): null

2019-02-21 17:00:52 - [TEST_STEP][PASSED] - (Counter++): null

2019-02-21 17:00:52 - [TEST_STEP][PASSED] - StrB = findTestData("Internal User List").getValue(2, Counter): null

2019-02-21 17:00:53 - [TEST_STEP][PASSED] - if (StrB.equals(StrA)): null

2019-02-21 17:00:53 - [TEST_STEP][PASSED] - (Counter++): null

2019-02-21 17:00:53 - [TEST_STEP][PASSED] - StrB = findTestData("Internal User List").getValue(2, Counter): null

2019-02-21 17:00:53 - [TEST_STEP][PASSED] - if (StrB.equals(StrA)): null

2019-02-21 17:00:53 - [TEST_STEP][PASSED] - (Counter++): null

2019-02-21 17:00:53 - [TEST_STEP][PASSED] - StrB = findTestData("Internal User List").getValue(2, Counter): null

2019-02-21 17:00:53 - [TEST_STEP][PASSED] - if (StrB.equals(StrA)): null

2019-02-21 17:00:53 - [TEST_STEP][PASSED] - (Counter++): null

2019-02-21 17:00:53 - [TEST_STEP][PASSED] - StrB = findTestData("Internal User List").getValue(2, Counter): null

2019-02-21 17:00:53 - [TEST_STEP][PASSED] - if (StrB.equals(StrA)): null

2019-02-21 17:00:53 - [TEST_STEP][PASSED] - (Counter++): null

2019-02-21 17:00:53 - [TEST_STEP][PASSED] - StrB = findTestData("Internal User List").getValue(2, Counter): null

2019-02-21 17:00:53 - [TEST_STEP][PASSED] - if (StrB.equals(StrA)): null

2019-02-21 17:00:53 - [TEST_STEP][PASSED] - (Counter++): null

2019-02-21 17:00:53 - [TEST_STEP][PASSED] - StrB = findTestData("Internal User List").getValue(2, Counter): null

2019-02-21 17:00:53 - [TEST_STEP][PASSED] - if (StrB.equals(StrA)): null

2019-02-21 17:00:53 - [TEST_STEP][PASSED] - (Counter++): null

2019-02-21 17:00:53 - [TEST_STEP][PASSED] - StrB = findTestData("Internal User List").getValue(2, Counter): null

2019-02-21 17:00:53 - [TEST_STEP][PASSED] - if (StrB.equals(StrA)): null

2019-02-21 17:00:54 - [TEST_STEP][PASSED] - (Counter++): null

2019-02-21 17:00:54 - [TEST_STEP][PASSED] - StrB = findTestData("Internal User List").getValue(2, Counter): null

2019-02-21 17:00:54 - [TEST_STEP][PASSED] - if (StrB.equals(StrA)): null

2019-02-21 17:00:54 - [TEST_STEP][PASSED] - (Counter++): null

2019-02-21 17:00:54 - [TEST_STEP][PASSED] - StrB = findTestData("Internal User List").getValue(2, Counter): null

2019-02-21 17:00:54 - [TEST_STEP][PASSED] - if (StrB.equals(StrA)): null

2019-02-21 17:00:54 - [TEST_STEP][PASSED] - (Counter++): null

2019-02-21 17:00:54 - [TEST_STEP][PASSED] - StrB = findTestData("Internal User List").getValue(2, Counter): null

2019-02-21 17:00:54 - [TEST_STEP][PASSED] - if (StrB.equals(StrA)): null

2019-02-21 17:00:54 - [TEST_STEP][PASSED] - (Counter++): null

2019-02-21 17:00:54 - [TEST_STEP][PASSED] - StrB = findTestData("Internal User List").getValue(2, Counter): null

2019-02-21 17:00:55 - [TEST_STEP][PASSED] - if (StrB.equals(StrA)): null

2019-02-21 17:00:55 - [TEST_STEP][PASSED] - (Counter++): null

2019-02-21 17:00:55 - [TEST_STEP][PASSED] - StrB = findTestData("Internal User List").getValue(2, Counter): null

2019-02-21 17:00:55 - [TEST_STEP][PASSED] - if (StrB.equals(StrA)): null

2019-02-21 17:00:55 - [TEST_STEP][PASSED] - (Counter++): null

2019-02-21 17:00:55 - [TEST_STEP][PASSED] - StrB = findTestData("Internal User List").getValue(2, Counter): null

2019-02-21 17:00:55 - [TEST_STEP][PASSED] - if (StrB.equals(StrA)): null

2019-02-21 17:00:55 - [TEST_STEP][PASSED] - (Counter++): null

2019-02-21 17:00:55 - [TEST_STEP][PASSED] - StrB = findTestData("Internal User List").getValue(2, Counter): null

2019-02-21 17:00:55 - [TEST_STEP][PASSED] - if (StrB.equals(StrA)): null

2019-02-21 17:00:55 - [TEST_STEP][PASSED] - (Counter++): null

2019-02-21 17:00:55 - [TEST_STEP][PASSED] - StrB = findTestData("Internal User List").getValue(2, Counter): null

2019-02-21 17:00:55 - [TEST_STEP][PASSED] - if (StrB.equals(StrA)): null

2019-02-21 17:00:55 - [TEST_STEP][PASSED] - (Counter++): null

2019-02-21 17:00:55 - [TEST_STEP][PASSED] - StrB = findTestData("Internal User List").getValue(2, Counter): null

2019-02-21 17:00:55 - [TEST_STEP][PASSED] - if (StrB.equals(StrA)): null

2019-02-21 17:00:55 - [TEST_STEP][PASSED] - (Counter++): null

2019-02-21 17:00:55 - [TEST_STEP][PASSED] - StrB = findTestData("Internal User List").getValue(2, Counter): null

2019-02-21 17:00:55 - [TEST_STEP][PASSED] - if (StrB.equals(StrA)): null

2019-02-21 17:00:55 - [TEST_STEP][PASSED] - (Counter++): null

2019-02-21 17:00:56 - [TEST_STEP][PASSED] - StrB = findTestData("Internal User List").getValue(2, Counter): null

2019-02-21 17:00:56 - [TEST_STEP][PASSED] - if (StrB.equals(StrA)): null

2019-02-21 17:00:56 - [TEST_STEP][PASSED] - (Counter++): null

2019-02-21 17:00:56 - [TEST_STEP][PASSED] - StrB = findTestData("Internal User List").getValue(2, Counter): null

2019-02-21 17:00:56 - [TEST_STEP][PASSED] - if (StrB.equals(StrA)): null

2019-02-21 17:00:56 - [TEST_STEP][PASSED] - (Counter++): null

2019-02-21 17:00:56 - [TEST_STEP][PASSED] - StrB = findTestData("Internal User List").getValue(2, Counter): null

2019-02-21 17:00:56 - [TEST_STEP][PASSED] - if (StrB.equals(StrA)): null

2019-02-21 17:00:56 - [TEST_STEP][PASSED] - (Counter++): null

2019-02-21 17:00:56 - [TEST_STEP][PASSED] - StrB = findTestData("Internal User List").getValue(2, Counter): null

2019-02-21 17:00:57 - [TEST_STEP][PASSED] - if (StrB.equals(StrA)): null

2019-02-21 17:00:57 - [TEST_STEP][PASSED] - (Counter++): null

2019-02-21 17:00:57 - [TEST_STEP][PASSED] - StrB = findTestData("Internal User List").getValue(2, Counter): null

2019-02-21 17:00:57 - [TEST_STEP][PASSED] - if (StrB.equals(StrA)): null

2019-02-21 17:00:57 - [TEST_STEP][PASSED] - (Counter++): null

2019-02-21 17:00:57 - [TEST_STEP][PASSED] - StrB = findTestData("Internal User List").getValue(2, Counter): null

2019-02-21 17:00:57 - [TEST_STEP][PASSED] - if (StrB.equals(StrA)): null

2019-02-21 17:00:57 - [TEST_STEP][PASSED] - (Counter++): null

2019-02-21 17:00:57 - [TEST_STEP][PASSED] - StrB = findTestData("Internal User List").getValue(2, Counter): null

2019-02-21 17:00:57 - [TEST_STEP][PASSED] - if (StrB.equals(StrA)): null

2019-02-21 17:00:57 - [TEST_STEP][PASSED] - (Counter++): null

2019-02-21 17:00:58 - [TEST_STEP][PASSED] - StrB = findTestData("Internal User List").getValue(2, Counter): null

2019-02-21 17:00:58 - [TEST_STEP][PASSED] - if (StrB.equals(StrA)): null

2019-02-21 17:00:58 - [TEST_STEP][PASSED] - (Counter++): null

2019-02-21 17:00:58 - [TEST_STEP][PASSED] - StrB = findTestData("Internal User List").getValue(2, Counter): null

2019-02-21 17:00:58 - [TEST_STEP][PASSED] - if (StrB.equals(StrA)): null

2019-02-21 17:00:58 - [TEST_STEP][PASSED] - (Counter++): null

2019-02-21 17:00:58 - [TEST_STEP][PASSED] - StrB = findTestData("Internal User List").getValue(2, Counter): null

2019-02-21 17:00:58 - [TEST_STEP][PASSED] - if (StrB.equals(StrA)): null

2019-02-21 17:00:58 - [TEST_STEP][PASSED] - (Counter++): null

2019-02-21 17:00:58 - [TEST_STEP][PASSED] - StrB = findTestData("Internal User List").getValue(2, Counter): null

2019-02-21 17:00:59 - [TEST_STEP][PASSED] - if (StrB.equals(StrA)): null

2019-02-21 17:00:59 - [TEST_STEP][PASSED] - (Counter++): null

2019-02-21 17:00:59 - [TEST_STEP][PASSED] - StrB = findTestData("Internal User List").getValue(2, Counter): null

2019-02-21 17:00:59 - [TEST_STEP][PASSED] - if (StrB.equals(StrA)): null

2019-02-21 17:00:59 - [TEST_STEP][PASSED] - (Counter++): null

2019-02-21 17:00:59 - [TEST_STEP][PASSED] - StrB = findTestData("Internal User List").getValue(2, Counter): null

2019-02-21 17:00:59 - [TEST_STEP][PASSED] - if (StrB.equals(StrA)): null

2019-02-21 17:00:59 - [TEST_STEP][PASSED] - (Counter++): null

2019-02-21 17:00:59 - [TEST_STEP][PASSED] - StrB = findTestData("Internal User List").getValue(2, Counter): null

2019-02-21 17:00:59 - [TEST_STEP][PASSED] - if (StrB.equals(StrA)): null

2019-02-21 17:01:01 - [TEST_STEP][PASSED] - (Counter++): null

2019-02-21 17:01:01 - [TEST_STEP][PASSED] - StrB = findTestData("Internal User List").getValue(2, Counter): null

2019-02-21 17:01:01 - [TEST_STEP][PASSED] - if (StrB.equals(StrA)): null

2019-02-21 17:01:01 - [TEST_STEP][PASSED] - (Counter++): null

2019-02-21 17:01:01 - [TEST_STEP][PASSED] - StrB = findTestData("Internal User List").getValue(2, Counter): null

2019-02-21 17:01:01 - [TEST_STEP][PASSED] - if (StrB.equals(StrA)): null

2019-02-21 17:01:01 - [TEST_STEP][PASSED] - (Counter++): null

2019-02-21 17:01:01 - [TEST_STEP][PASSED] - StrB = findTestData("Internal User List").getValue(2, Counter): null

2019-02-21 17:01:01 - [TEST_STEP][PASSED] - if (StrB.equals(StrA)): null

2019-02-21 17:01:01 - [TEST_STEP][PASSED] - (Counter++): null

2019-02-21 17:01:01 - [TEST_STEP][PASSED] - StrB = findTestData("Internal User List").getValue(2, Counter): null

2019-02-21 17:01:01 - [TEST_STEP][PASSED] - if (StrB.equals(StrA)): null

2019-02-21 17:01:01 - [TEST_STEP][PASSED] - (Counter++): null

2019-02-21 17:01:01 - [TEST_STEP][PASSED] - StrB = findTestData("Internal User List").getValue(2, Counter): null

2019-02-21 17:01:01 - [TEST_STEP][PASSED] - if (StrB.equals(StrA)): null

2019-02-21 17:01:01 - [TEST_STEP][PASSED] - (Counter++): null

2019-02-21 17:01:01 - [TEST_STEP][PASSED] - StrB = findTestData("Internal User List").getValue(2, Counter): null

2019-02-21 17:01:01 - [TEST_STEP][PASSED] - if (StrB.equals(StrA)): null

2019-02-21 17:01:01 - [TEST_STEP][PASSED] - (Counter++): null

2019-02-21 17:01:01 - [TEST_STEP][PASSED] - StrB = findTestData("Internal User List").getValue(2, Counter): null

2019-02-21 17:01:02 - [TEST_STEP][PASSED] - if (StrB.equals(StrA)): null

2019-02-21 17:01:02 - [TEST_STEP][PASSED] - (Counter++): null

2019-02-21 17:01:02 - [TEST_STEP][PASSED] - StrB = findTestData("Internal User List").getValue(2, Counter): null

2019-02-21 17:01:02 - [TEST_STEP][PASSED] - if (StrB.equals(StrA)): null

2019-02-21 17:01:02 - [TEST_STEP][PASSED] - (Counter++): null

2019-02-21 17:01:02 - [TEST_STEP][PASSED] - StrB = findTestData("Internal User List").getValue(2, Counter): null

2019-02-21 17:01:02 - [TEST_STEP][PASSED] - if (StrB.equals(StrA)): null

2019-02-21 17:01:02 - [TEST_STEP][PASSED] - (Counter++): null

2019-02-21 17:01:02 - [TEST_STEP][PASSED] - StrB = findTestData("Internal User List").getValue(2, Counter): null

2019-02-21 17:01:02 - [TEST_STEP][PASSED] - if (StrB.equals(StrA)): null

2019-02-21 17:01:02 - [TEST_STEP][PASSED] - (Counter++): null

2019-02-21 17:01:03 - [TEST_STEP][PASSED] - StrB = findTestData("Internal User List").getValue(2, Counter): null

2019-02-21 17:01:03 - [TEST_STEP][PASSED] - if (StrB.equals(StrA)): null

2019-02-21 17:01:03 - [TEST_STEP][PASSED] - (Counter++): null

2019-02-21 17:01:03 - [TEST_STEP][PASSED] - StrB = findTestData("Internal User List").getValue(2, Counter): null

2019-02-21 17:01:03 - [TEST_STEP][PASSED] - if (StrB.equals(StrA)): null

2019-02-21 17:01:03 - [TEST_STEP][PASSED] - (Counter++): null

2019-02-21 17:01:03 - [TEST_STEP][PASSED] - StrB = findTestData("Internal User List").getValue(2, Counter): null

2019-02-21 17:01:03 - [TEST_STEP][PASSED] - if (StrB.equals(StrA)): null

2019-02-21 17:01:03 - [TEST_STEP][PASSED] - (Counter++): null

2019-02-21 17:01:03 - [TEST_STEP][PASSED] - StrB = findTestData("Internal User List").getValue(2, Counter): null

2019-02-21 17:01:05 - [TEST_STEP][PASSED] - if (StrB.equals(StrA)): null

2019-02-21 17:01:05 - [TEST_STEP][PASSED] - (Counter++): null

2019-02-21 17:01:05 - [TEST_STEP][PASSED] - StrB = findTestData("Internal User List").getValue(2, Counter): null

2019-02-21 17:01:05 - [TEST_STEP][PASSED] - if (StrB.equals(StrA)): null

2019-02-21 17:01:05 - [TEST_STEP][PASSED] - (Counter++): null

2019-02-21 17:01:05 - [TEST_STEP][PASSED] - StrB = findTestData("Internal User List").getValue(2, Counter): null

2019-02-21 17:01:05 - [TEST_STEP][PASSED] - if (StrB.equals(StrA)): null

2019-02-21 17:01:05 - [TEST_STEP][PASSED] - (Counter++): null

2019-02-21 17:01:05 - [TEST_STEP][PASSED] - StrB = findTestData("Internal User List").getValue(2, Counter): null

2019-02-21 17:01:05 - [TEST_STEP][PASSED] - if (StrB.equals(StrA)): null

2019-02-21 17:01:05 - [TEST_STEP][PASSED] - (Counter++): null

2019-02-21 17:01:05 - [TEST_STEP][PASSED] - StrB = findTestData("Internal User List").getValue(2, Counter): null

2019-02-21 17:01:05 - [TEST_STEP][PASSED] - if (StrB.equals(StrA)): null

2019-02-21 17:01:05 - [TEST_STEP][PASSED] - (Counter++): null

2019-02-21 17:01:05 - [TEST_STEP][PASSED] - StrB = findTestData("Internal User List").getValue(2, Counter): null

2019-02-21 17:01:05 - [TEST_STEP][PASSED] - if (StrB.equals(StrA)): null

2019-02-21 17:01:05 - [TEST_STEP][PASSED] - (Counter++): null

2019-02-21 17:01:05 - [TEST_STEP][PASSED] - StrB = findTestData("Internal User List").getValue(2, Counter): null

2019-02-21 17:01:06 - [TEST_STEP][PASSED] - if (StrB.equals(StrA)): null

2019-02-21 17:01:06 - [TEST_STEP][PASSED] - (Counter++): null

2019-02-21 17:01:06 - [TEST_STEP][PASSED] - StrB = findTestData("Internal User List").getValue(2, Counter): null

2019-02-21 17:01:06 - [TEST_STEP][PASSED] - if (StrB.equals(StrA)): null

2019-02-21 17:01:06 - [TEST_STEP][PASSED] - (Counter++): null

2019-02-21 17:01:06 - [TEST_STEP][PASSED] - StrB = findTestData("Internal User List").getValue(2, Counter): null

2019-02-21 17:01:06 - [TEST_STEP][PASSED] - if (StrB.equals(StrA)): null

2019-02-21 17:01:06 - [TEST_STEP][PASSED] - (Counter++): null

2019-02-21 17:01:06 - [TEST_STEP][PASSED] - StrB = findTestData("Internal User List").getValue(2, Counter): null

2019-02-21 17:01:06 - [TEST_STEP][PASSED] - if (StrB.equals(StrA)): null

2019-02-21 17:01:06 - [TEST_STEP][PASSED] - (Counter++): null

2019-02-21 17:01:06 - [TEST_STEP][PASSED] - StrB = findTestData("Internal User List").getValue(2, Counter): null

2019-02-21 17:01:06 - [TEST_STEP][PASSED] - if (StrB.equals(StrA)): null

2019-02-21 17:01:07 - [TEST_STEP][PASSED] - (Counter++): null

2019-02-21 17:01:07 - [TEST_STEP][PASSED] - StrB = findTestData("Internal User List").getValue(2, Counter): null

2019-02-21 17:01:07 - [TEST_STEP][PASSED] - if (StrB.equals(StrA)): null

2019-02-21 17:01:07 - [TEST_STEP][PASSED] - (Counter++): null

2019-02-21 17:01:07 - [TEST_STEP][PASSED] - StrB = findTestData("Internal User List").getValue(2, Counter): null

2019-02-21 17:01:07 - [TEST_STEP][PASSED] - if (StrB.equals(StrA)): null

2019-02-21 17:01:07 - [TEST_STEP][PASSED] - (Counter++): null

2019-02-21 17:01:07 - [TEST_STEP][PASSED] - StrB = findTestData("Internal User List").getValue(2, Counter): null

2019-02-21 17:01:07 - [TEST_STEP][PASSED] - if (StrB.equals(StrA)): null

2019-02-21 17:01:07 - [TEST_STEP][PASSED] - (Counter++): null

2019-02-21 17:01:08 - [TEST_STEP][PASSED] - StrB = findTestData("Internal User List").getValue(2, Counter): null

2019-02-21 17:01:08 - [TEST_STEP][PASSED] - if (StrB.equals(StrA)): null

2019-02-21 17:01:08 - [TEST_STEP][PASSED] - (Counter++): null

2019-02-21 17:01:08 - [TEST_STEP][PASSED] - StrB = findTestData("Internal User List").getValue(2, Counter): null

2019-02-21 17:01:08 - [TEST_STEP][PASSED] - if (StrB.equals(StrA)): null

2019-02-21 17:01:08 - [TEST_STEP][PASSED] - (Counter++): null

2019-02-21 17:01:08 - [TEST_STEP][PASSED] - StrB = findTestData("Internal User List").getValue(2, Counter): null

2019-02-21 17:01:08 - [TEST_STEP][PASSED] - if (StrB.equals(StrA)): null

2019-02-21 17:01:08 - [TEST_STEP][PASSED] - (Counter++): null

2019-02-21 17:01:08 - [TEST_STEP][PASSED] - StrB = findTestData("Internal User List").getValue(2, Counter): null

2019-02-21 17:01:08 - [TEST_STEP][PASSED] - if (StrB.equals(StrA)): null

2019-02-21 17:01:08 - [TEST_STEP][PASSED] - (Counter++): null

2019-02-21 17:01:08 - [TEST_STEP][PASSED] - StrB = findTestData("Internal User List").getValue(2, Counter): null

2019-02-21 17:01:08 - [TEST_STEP][PASSED] - if (StrB.equals(StrA)): null

2019-02-21 17:01:08 - [TEST_STEP][PASSED] - (Counter++): null

2019-02-21 17:01:08 - [TEST_STEP][PASSED] - StrB = findTestData("Internal User List").getValue(2, Counter): null

2019-02-21 17:01:08 - [TEST_STEP][PASSED] - if (StrB.equals(StrA)): null

2019-02-21 17:01:08 - [TEST_STEP][PASSED] - (Counter++): null

2019-02-21 17:01:08 - [TEST_STEP][PASSED] - StrB = findTestData("Internal User List").getValue(2, Counter): null

2019-02-21 17:01:08 - [TEST_STEP][PASSED] - if (StrB.equals(StrA)): null

2019-02-21 17:01:09 - [TEST_STEP][PASSED] - (Counter++): null

2019-02-21 17:01:09 - [TEST_STEP][PASSED] - StrB = findTestData("Internal User List").getValue(2, Counter): null

2019-02-21 17:01:09 - [TEST_STEP][PASSED] - if (StrB.equals(StrA)): null

2019-02-21 17:01:09 - [TEST_STEP][PASSED] - (Counter++): null

2019-02-21 17:01:09 - [TEST_STEP][PASSED] - StrB = findTestData("Internal User List").getValue(2, Counter): null

2019-02-21 17:01:09 - [TEST_STEP][PASSED] - if (StrB.equals(StrA)): null

2019-02-21 17:01:09 - [TEST_STEP][PASSED] - (Counter++): null

2019-02-21 17:01:09 - [TEST_STEP][PASSED] - StrB = findTestData("Internal User List").getValue(2, Counter): null

2019-02-21 17:01:09 - [TEST_STEP][PASSED] - if (StrB.equals(StrA)): null

2019-02-21 17:01:09 - [TEST_STEP][PASSED] - (Counter++): null

2019-02-21 17:01:10 - [TEST_STEP][PASSED] - StrB = findTestData("Internal User List").getValue(2, Counter): null

2019-02-21 17:01:10 - [TEST_STEP][PASSED] - if (StrB.equals(StrA)): null

2019-02-21 17:01:10 - [TEST_STEP][PASSED] - (Counter++): null

2019-02-21 17:01:10 - [TEST_STEP][PASSED] - StrB = findTestData("Internal User List").getValue(2, Counter): null

2019-02-21 17:01:10 - [TEST_STEP][PASSED] - if (StrB.equals(StrA)): null

2019-02-21 17:01:10 - [TEST_STEP][PASSED] - (Counter++): null

2019-02-21 17:01:10 - [TEST_STEP][PASSED] - StrB = findTestData("Internal User List").getValue(2, Counter): null

2019-02-21 17:01:10 - [TEST_STEP][PASSED] - if (StrB.equals(StrA)): null

2019-02-21 17:01:10 - [TEST_STEP][PASSED] - (Counter++): null

2019-02-21 17:01:10 - [TEST_STEP][PASSED] - StrB = findTestData("Internal User List").getValue(2, Counter): null

2019-02-21 17:01:10 - [TEST_STEP][PASSED] - if (StrB.equals(StrA)): null

2019-02-21 17:01:11 - [TEST_STEP][PASSED] - (Counter++): null

2019-02-21 17:01:11 - [TEST_STEP][PASSED] - StrB = findTestData("Internal User List").getValue(2, Counter): null

2019-02-21 17:01:11 - [TEST_STEP][PASSED] - if (StrB.equals(StrA)): null

2019-02-21 17:01:11 - [TEST_STEP][PASSED] - (Counter++): null

2019-02-21 17:01:11 - [TEST_STEP][PASSED] - StrB = findTestData("Internal User List").getValue(2, Counter): null

2019-02-21 17:01:11 - [TEST_STEP][PASSED] - if (StrB.equals(StrA)): null

2019-02-21 17:01:11 - [TEST_STEP][PASSED] - (Counter++): null

2019-02-21 17:01:11 - [TEST_STEP][PASSED] - StrB = findTestData("Internal User List").getValue(2, Counter): null

2019-02-21 17:01:11 - [TEST_STEP][PASSED] - if (StrB.equals(StrA)): null

2019-02-21 17:01:11 - [TEST_STEP][PASSED] - (Counter++): null

2019-02-21 17:01:11 - [TEST_STEP][PASSED] - StrB = findTestData("Internal User List").getValue(2, Counter): null

2019-02-21 17:01:11 - [TEST_STEP][PASSED] - if (StrB.equals(StrA)): null

2019-02-21 17:01:11 - [TEST_STEP][PASSED] - (Counter++): null

2019-02-21 17:01:12 - [TEST_STEP][PASSED] - StrB = findTestData("Internal User List").getValue(2, Counter): null

2019-02-21 17:01:12 - [TEST_STEP][PASSED] - if (StrB.equals(StrA)): null

2019-02-21 17:01:12 - [TEST_STEP][PASSED] - (Counter++): null

2019-02-21 17:01:12 - [TEST_STEP][PASSED] - StrB = findTestData("Internal User List").getValue(2, Counter): null

2019-02-21 17:01:12 - [TEST_STEP][PASSED] - if (StrB.equals(StrA)): null

2019-02-21 17:01:12 - [TEST_STEP][PASSED] - (Counter++): null

2019-02-21 17:01:12 - [TEST_STEP][PASSED] - StrB = findTestData("Internal User List").getValue(2, Counter): null

2019-02-21 17:01:12 - [TEST_STEP][PASSED] - if (StrB.equals(StrA)): null

2019-02-21 17:01:12 - [TEST_STEP][PASSED] - (Counter++): null

2019-02-21 17:01:12 - [TEST_STEP][PASSED] - StrB = findTestData("Internal User List").getValue(2, Counter): null

2019-02-21 17:01:12 - [TEST_STEP][PASSED] - if (StrB.equals(StrA)): null

2019-02-21 17:01:12 - [TEST_STEP][PASSED] - (Counter++): null

2019-02-21 17:01:12 - [TEST_STEP][PASSED] - StrB = findTestData("Internal User List").getValue(2, Counter): null

2019-02-21 17:01:12 - [TEST_STEP][PASSED] - if (StrB.equals(StrA)): null

2019-02-21 17:01:12 - [TEST_STEP][PASSED] - (Counter++): null

2019-02-21 17:01:12 - [TEST_STEP][PASSED] - StrB = findTestData("Internal User List").getValue(2, Counter): null

2019-02-21 17:01:12 - [TEST_STEP][PASSED] - if (StrB.equals(StrA)): null

2019-02-21 17:01:13 - [TEST_STEP][PASSED] - (Counter++): null

2019-02-21 17:01:13 - [TEST_STEP][PASSED] - StrB = findTestData("Internal User List").getValue(2, Counter): null

2019-02-21 17:01:13 - [TEST_STEP][PASSED] - if (StrB.equals(StrA)): null

2019-02-21 17:01:13 - [TEST_STEP][PASSED] - (Counter++): null

2019-02-21 17:01:13 - [TEST_STEP][PASSED] - StrB = findTestData("Internal User List").getValue(2, Counter): null

2019-02-21 17:01:13 - [TEST_STEP][PASSED] - if (StrB.equals(StrA)): null

2019-02-21 17:01:13 - [TEST_STEP][PASSED] - (Counter++): null

2019-02-21 17:01:13 - [TEST_STEP][PASSED] - StrB = findTestData("Internal User List").getValue(2, Counter): null

2019-02-21 17:01:13 - [TEST_STEP][PASSED] - if (StrB.equals(StrA)): null

2019-02-21 17:01:13 - [TEST_STEP][PASSED] - (Counter++): null

2019-02-21 17:01:14 - [TEST_STEP][PASSED] - StrB = findTestData("Internal User List").getValue(2, Counter): null

2019-02-21 17:01:14 - [TEST_STEP][PASSED] - if (StrB.equals(StrA)): null

2019-02-21 17:01:14 - [TEST_STEP][PASSED] - (Counter++): null

2019-02-21 17:01:14 - [TEST_STEP][PASSED] - StrB = findTestData("Internal User List").getValue(2, Counter): null

2019-02-21 17:01:14 - [TEST_STEP][PASSED] - if (StrB.equals(StrA)): null

2019-02-21 17:01:14 - [TEST_STEP][PASSED] - (Counter++): null

2019-02-21 17:01:14 - [TEST_STEP][PASSED] - StrB = findTestData("Internal User List").getValue(2, Counter): null

2019-02-21 17:01:14 - [TEST_STEP][PASSED] - if (StrB.equals(StrA)): null

2019-02-21 17:01:14 - [TEST_STEP][PASSED] - (Counter++): null

2019-02-21 17:01:14 - [TEST_STEP][PASSED] - StrB = findTestData("Internal User List").getValue(2, Counter): null

2019-02-21 17:01:14 - [TEST_STEP][PASSED] - if (StrB.equals(StrA)): null

2019-02-21 17:01:14 - [TEST_STEP][PASSED] - (Counter++): null

2019-02-21 17:01:14 - [TEST_STEP][PASSED] - StrB = findTestData("Internal User List").getValue(2, Counter): null

2019-02-21 17:01:14 - [TEST_STEP][PASSED] - if (StrB.equals(StrA)): null

2019-02-21 17:01:14 - [TEST_STEP][PASSED] - (Counter++): null

2019-02-21 17:01:14 - [TEST_STEP][PASSED] - StrB = findTestData("Internal User List").getValue(2, Counter): null

2019-02-21 17:01:14 - [TEST_STEP][PASSED] - if (StrB.equals(StrA)): null

2019-02-21 17:01:14 - [TEST_STEP][PASSED] - (Counter++): null

2019-02-21 17:01:14 - [TEST_STEP][PASSED] - StrB = findTestData("Internal User List").getValue(2, Counter): null

2019-02-21 17:01:15 - [TEST_STEP][PASSED] - if (StrB.equals(StrA)): null

2019-02-21 17:01:15 - [TEST_STEP][PASSED] - (Counter++): null

2019-02-21 17:01:15 - [TEST_STEP][PASSED] - StrB = findTestData("Internal User List").getValue(2, Counter): null

2019-02-21 17:01:15 - [TEST_STEP][PASSED] - if (StrB.equals(StrA)): null

2019-02-21 17:01:15 - [TEST_STEP][PASSED] - (Counter++): null

2019-02-21 17:01:15 - [TEST_STEP][PASSED] - StrB = findTestData("Internal User List").getValue(2, Counter): null

2019-02-21 17:01:15 - [TEST_STEP][PASSED] - if (StrB.equals(StrA)): null

2019-02-21 17:01:15 - [TEST_STEP][PASSED] - (Counter++): null

2019-02-21 17:01:15 - [TEST_STEP][PASSED] - StrB = findTestData("Internal User List").getValue(2, Counter): null

2019-02-21 17:01:15 - [TEST_STEP][PASSED] - if (StrB.equals(StrA)): null

2019-02-21 17:01:15 - [TEST_STEP][PASSED] - (Counter++): null

2019-02-21 17:01:15 - [TEST_STEP][PASSED] - StrB = findTestData("Internal User List").getValue(2, Counter): null

2019-02-21 17:01:16 - [TEST_STEP][PASSED] - if (StrB.equals(StrA)): null

2019-02-21 17:01:16 - [TEST_STEP][PASSED] - (Counter++): null

2019-02-21 17:01:16 - [TEST_STEP][PASSED] - StrB = findTestData("Internal User List").getValue(2, Counter): null

2019-02-21 17:01:16 - [TEST_STEP][PASSED] - if (StrB.equals(StrA)): null

2019-02-21 17:01:16 - [TEST_STEP][PASSED] - (Counter++): null

2019-02-21 17:01:16 - [TEST_STEP][PASSED] - StrB = findTestData("Internal User List").getValue(2, Counter): null

2019-02-21 17:01:16 - [TEST_STEP][PASSED] - if (StrB.equals(StrA)): null

2019-02-21 17:01:16 - [TEST_STEP][PASSED] - (Counter++): null

2019-02-21 17:01:16 - [TEST_STEP][PASSED] - StrB = findTestData("Internal User List").getValue(2, Counter): null

2019-02-21 17:01:16 - [TEST_STEP][PASSED] - if (StrB.equals(StrA)): null

2019-02-21 17:01:16 - [TEST_STEP][PASSED] - (Counter++): null

2019-02-21 17:01:16 - [TEST_STEP][PASSED] - StrB = findTestData("Internal User List").getValue(2, Counter): null

2019-02-21 17:01:16 - [TEST_STEP][PASSED] - if (StrB.equals(StrA)): null

2019-02-21 17:01:16 - [TEST_STEP][PASSED] - (Counter++): null

2019-02-21 17:01:16 - [TEST_STEP][PASSED] - StrB = findTestData("Internal User List").getValue(2, Counter): null

2019-02-21 17:01:16 - [TEST_STEP][PASSED] - if (StrB.equals(StrA)): null

2019-02-21 17:01:16 - [TEST_STEP][PASSED] - (Counter++): null

2019-02-21 17:01:16 - [TEST_STEP][PASSED] - StrB = findTestData("Internal User List").getValue(2, Counter): null

2019-02-21 17:01:17 - [TEST_STEP][PASSED] - if (StrB.equals(StrA)): null

2019-02-21 17:01:17 - [TEST_STEP][PASSED] - (Counter++): null

2019-02-21 17:01:17 - [TEST_STEP][PASSED] - StrB = findTestData("Internal User List").getValue(2, Counter): null

2019-02-21 17:01:17 - [TEST_STEP][PASSED] - if (StrB.equals(StrA)): null

2019-02-21 17:01:17 - [TEST_STEP][PASSED] - (Counter++): null

2019-02-21 17:01:17 - [TEST_STEP][PASSED] - StrB = findTestData("Internal User List").getValue(2, Counter): null

2019-02-21 17:01:17 - [TEST_STEP][PASSED] - if (StrB.equals(StrA)): null

2019-02-21 17:01:17 - [TEST_STEP][PASSED] - (Counter++): null

2019-02-21 17:01:18 - [TEST_STEP][PASSED] - StrB = findTestData("Internal User List").getValue(2, Counter): null

2019-02-21 17:01:18 - [TEST_STEP][PASSED] - if (StrB.equals(StrA)): null

2019-02-21 17:01:18 - [TEST_STEP][PASSED] - (Counter++): null

2019-02-21 17:01:18 - [TEST_STEP][PASSED] - StrB = findTestData("Internal User List").getValue(2, Counter): null

2019-02-21 17:01:18 - [TEST_STEP][PASSED] - if (StrB.equals(StrA)): null

2019-02-21 17:01:18 - [TEST_STEP][PASSED] - (Counter++): null

2019-02-21 17:01:18 - [TEST_STEP][PASSED] - StrB = findTestData("Internal User List").getValue(2, Counter): null

2019-02-21 17:01:18 - [TEST_STEP][PASSED] - if (StrB.equals(StrA)): null

2019-02-21 17:01:18 - [TEST_STEP][PASSED] - (Counter++): null

2019-02-21 17:01:18 - [TEST_STEP][PASSED] - StrB = findTestData("Internal User List").getValue(2, Counter): null

2019-02-21 17:01:18 - [TEST_STEP][PASSED] - if (StrB.equals(StrA)): null

2019-02-21 17:01:18 - [TEST_STEP][PASSED] - (Counter++): null

2019-02-21 17:01:18 - [TEST_STEP][PASSED] - StrB = findTestData("Internal User List").getValue(2, Counter): null

2019-02-21 17:01:18 - [TEST_STEP][PASSED] - if (StrB.equals(StrA)): null

2019-02-21 17:01:18 - [TEST_STEP][PASSED] - (Counter++): null

2019-02-21 17:01:19 - [TEST_STEP][PASSED] - StrB = findTestData("Internal User List").getValue(2, Counter): null

2019-02-21 17:01:19 - [TEST_STEP][PASSED] - if (StrB.equals(StrA)): null

2019-02-21 17:01:19 - [TEST_STEP][PASSED] - (Counter++): null

2019-02-21 17:01:19 - [TEST_STEP][PASSED] - StrB = findTestData("Internal User List").getValue(2, Counter): null

2019-02-21 17:01:19 - [TEST_STEP][PASSED] - if (StrB.equals(StrA)): null

2019-02-21 17:01:19 - [TEST_STEP][PASSED] - (Counter++): null

2019-02-21 17:01:19 - [TEST_STEP][PASSED] - StrB = findTestData("Internal User List").getValue(2, Counter): null

2019-02-21 17:01:19 - [TEST_STEP][PASSED] - if (StrB.equals(StrA)): null

2019-02-21 17:01:19 - [TEST_STEP][PASSED] - (Counter++): null

2019-02-21 17:01:19 - [TEST_STEP][PASSED] - StrB = findTestData("Internal User List").getValue(2, Counter): null

2019-02-21 17:01:19 - [TEST_STEP][PASSED] - if (StrB.equals(StrA)): null

2019-02-21 17:01:19 - [TEST_STEP][PASSED] - (Counter++): null

2019-02-21 17:01:19 - [TEST_STEP][PASSED] - StrB = findTestData("Internal User List").getValue(2, Counter): null

2019-02-21 17:01:19 - [TEST_STEP][PASSED] - if (StrB.equals(StrA)): null

2019-02-21 17:01:19 - [TEST_STEP][PASSED] - (Counter++): null

2019-02-21 17:01:20 - [TEST_STEP][PASSED] - StrB = findTestData("Internal User List").getValue(2, Counter): null

2019-02-21 17:01:20 - [TEST_STEP][PASSED] - if (StrB.equals(StrA)): null

2019-02-21 17:01:20 - [TEST_STEP][PASSED] - (Counter++): null

2019-02-21 17:01:20 - [TEST_STEP][PASSED] - StrB = findTestData("Internal User List").getValue(2, Counter): null

2019-02-21 17:01:20 - [TEST_STEP][PASSED] - if (StrB.equals(StrA)): null

2019-02-21 17:01:21 - [TEST_STEP][PASSED] - (Counter++): null

2019-02-21 17:01:21 - [TEST_STEP][PASSED] - StrB = findTestData("Internal User List").getValue(2, Counter): null

2019-02-21 17:01:21 - [TEST_STEP][PASSED] - if (StrB.equals(StrA)): null

2019-02-21 17:01:21 - [TEST_STEP][PASSED] - (Counter++): null

2019-02-21 17:01:21 - [TEST_STEP][PASSED] - StrB = findTestData("Internal User List").getValue(2, Counter): null

2019-02-21 17:01:21 - [TEST_STEP][PASSED] - if (StrB.equals(StrA)): null

2019-02-21 17:01:21 - [TEST_STEP][PASSED] - (Counter++): null

2019-02-21 17:01:21 - [TEST_STEP][PASSED] - StrB = findTestData("Internal User List").getValue(2, Counter): null

2019-02-21 17:01:21 - [TEST_STEP][PASSED] - if (StrB.equals(StrA)): null

2019-02-21 17:01:21 - [TEST_STEP][PASSED] - (Counter++): null

2019-02-21 17:01:21 - [TEST_STEP][PASSED] - StrB = findTestData("Internal User List").getValue(2, Counter): null

2019-02-21 17:01:21 - [TEST_STEP][PASSED] - if (StrB.equals(StrA)): null

2019-02-21 17:01:21 - [TEST_STEP][PASSED] - (Counter++): null

2019-02-21 17:01:21 - [TEST_STEP][PASSED] - StrB = findTestData("Internal User List").getValue(2, Counter): null

2019-02-21 17:01:21 - [TEST_STEP][PASSED] - if (StrB.equals(StrA)): null

2019-02-21 17:01:21 - [TEST_STEP][PASSED] - (Counter++): null

2019-02-21 17:01:22 - [TEST_STEP][PASSED] - StrB = findTestData("Internal User List").getValue(2, Counter): null

2019-02-21 17:01:22 - [TEST_STEP][PASSED] - if (StrB.equals(StrA)): null

2019-02-21 17:01:22 - [TEST_STEP][PASSED] - (Counter++): null

2019-02-21 17:01:22 - [TEST_STEP][PASSED] - StrB = findTestData("Internal User List").getValue(2, Counter): null

2019-02-21 17:01:22 - [TEST_STEP][PASSED] - if (StrB.equals(StrA)): null

2019-02-21 17:01:22 - [TEST_STEP][PASSED] - (Counter++): null

2019-02-21 17:01:22 - [TEST_STEP][PASSED] - StrB = findTestData("Internal User List").getValue(2, Counter): null

2019-02-21 17:01:22 - [TEST_STEP][PASSED] - if (StrB.equals(StrA)): null

2019-02-21 17:01:22 - [TEST_STEP][PASSED] - (Counter++): null

2019-02-21 17:01:22 - [TEST_STEP][PASSED] - StrB = findTestData("Internal User List").getValue(2, Counter): null

2019-02-21 17:01:22 - [TEST_STEP][PASSED] - if (StrB.equals(StrA)): null

2019-02-21 17:01:22 - [TEST_STEP][PASSED] - (Counter++): null

2019-02-21 17:01:22 - [TEST_STEP][PASSED] - StrB = findTestData("Internal User List").getValue(2, Counter): null

2019-02-21 17:01:22 - [TEST_STEP][PASSED] - if (StrB.equals(StrA)): null

2019-02-21 17:01:22 - [TEST_STEP][PASSED] - (Counter++): null

2019-02-21 17:01:24 - [TEST_STEP][PASSED] - StrB = findTestData("Internal User List").getValue(2, Counter): null

2019-02-21 17:01:24 - [TEST_STEP][PASSED] - if (StrB.equals(StrA)): null

2019-02-21 17:01:24 - [TEST_STEP][PASSED] - (Counter++): null

2019-02-21 17:01:24 - [TEST_STEP][PASSED] - StrB = findTestData("Internal User List").getValue(2, Counter): null

2019-02-21 17:01:24 - [TEST_STEP][PASSED] - if (StrB.equals(StrA)): null

2019-02-21 17:01:24 - [TEST_STEP][PASSED] - (Counter++): null

2019-02-21 17:01:24 - [TEST_STEP][PASSED] - StrB = findTestData("Internal User List").getValue(2, Counter): null

2019-02-21 17:01:24 - [TEST_STEP][PASSED] - if (StrB.equals(StrA)): null

2019-02-21 17:01:24 - [TEST_STEP][PASSED] - (Counter++): null

2019-02-21 17:01:24 - [TEST_STEP][PASSED] - StrB = findTestData("Internal User List").getValue(2, Counter): null

2019-02-21 17:01:24 - [TEST_STEP][PASSED] - if (StrB.equals(StrA)): null

2019-02-21 17:01:24 - [TEST_STEP][PASSED] - (Counter++): null

2019-02-21 17:01:24 - [TEST_STEP][PASSED] - StrB = findTestData("Internal User List").getValue(2, Counter): null

2019-02-21 17:01:24 - [TEST_STEP][PASSED] - if (StrB.equals(StrA)): null

2019-02-21 17:01:24 - [TEST_STEP][PASSED] - (Counter++): null

2019-02-21 17:01:24 - [TEST_STEP][PASSED] - StrB = findTestData("Internal User List").getValue(2, Counter): null

2019-02-21 17:01:25 - [TEST_STEP][PASSED] - if (StrB.equals(StrA)): null

2019-02-21 17:01:25 - [TEST_STEP][PASSED] - (Counter++): null

2019-02-21 17:01:25 - [TEST_STEP][PASSED] - StrB = findTestData("Internal User List").getValue(2, Counter): null

2019-02-21 17:01:25 - [TEST_STEP][PASSED] - if (StrB.equals(StrA)): null

2019-02-21 17:01:25 - [TEST_STEP][PASSED] - (Counter++): null

2019-02-21 17:01:25 - [TEST_STEP][PASSED] - StrB = findTestData("Internal User List").getValue(2, Counter): null

2019-02-21 17:01:25 - [TEST_STEP][PASSED] - if (StrB.equals(StrA)): null

2019-02-21 17:01:25 - [TEST_STEP][PASSED] - (Counter++): null

2019-02-21 17:01:25 - [TEST_STEP][PASSED] - StrB = findTestData("Internal User List").getValue(2, Counter): null

2019-02-21 17:01:25 - [TEST_STEP][PASSED] - if (StrB.equals(StrA)): null

2019-02-21 17:01:25 - [TEST_STEP][PASSED] - (Counter++): null

2019-02-21 17:01:25 - [TEST_STEP][PASSED] - StrB = findTestData("Internal User List").getValue(2, Counter): null

2019-02-21 17:01:25 - [TEST_STEP][PASSED] - if (StrB.equals(StrA)): null

2019-02-21 17:01:25 - [TEST_STEP][PASSED] - (Counter++): null

2019-02-21 17:01:25 - [TEST_STEP][PASSED] - StrB = findTestData("Internal User List").getValue(2, Counter): null

2019-02-21 17:01:26 - [TEST_STEP][PASSED] - if (StrB.equals(StrA)): null

2019-02-21 17:01:26 - [TEST_STEP][PASSED] - (Counter++): null

2019-02-21 17:01:26 - [TEST_STEP][PASSED] - StrB = findTestData("Internal User List").getValue(2, Counter): null

2019-02-21 17:01:26 - [TEST_STEP][PASSED] - if (StrB.equals(StrA)): null

2019-02-21 17:01:26 - [TEST_STEP][PASSED] - (Counter++): null

2019-02-21 17:01:26 - [TEST_STEP][PASSED] - StrB = findTestData("Internal User List").getValue(2, Counter): null

2019-02-21 17:01:26 - [TEST_STEP][PASSED] - if (StrB.equals(StrA)): null

2019-02-21 17:01:26 - [TEST_STEP][PASSED] - (Counter++): null

2019-02-21 17:01:26 - [MESSAGE][PASSED] - Call Test Case 'Test Cases/All TC/Arranged/1. Common/Internal Email Finder' successfully

2019-02-21 17:01:27 - [TEST_STEP][PASSED] - setText(findTestObject("KinJun/3.0 JSA Application/EIO Internal Login - JSA Application - Approve/Page_PERKESO/Input username"), InternalEmail): Text '' is set on object 'Object Repository/KinJun/3.0 JSA Application/EIO Internal Login - JSA Application - Approve/Page_PERKESO/Input username'

2019-02-21 17:01:27 - [MESSAGE][PASSED] - Text '' is set on object 'Object Repository/KinJun/3.0 JSA Application/EIO Internal Login - JSA Application - Approve/Page_PERKESO/Input username'

2019-02-21 17:01:27 - [TEST_STEP][PASSED] - setEncryptedText(findTestObject("KinJun/3.0 JSA Application/EIO Internal Login - JSA Application - Approve/Page_PERKESO/Input password"), "CQqwFZlbeC8="): Text ****** has been set on object 'Object Repository/KinJun/3.0 JSA Application/EIO Internal Login - JSA Application - Approve/Page_PERKESO/Input password'

2019-02-21 17:01:27 - [MESSAGE][PASSED] - Text ****** has been set on object 'Object Repository/KinJun/3.0 JSA Application/EIO Internal Login - JSA Application - Approve/Page_PERKESO/Input password'

2019-02-21 17:01:27 - [TEST_STEP][PASSED] - click(findTestObject("KinJun/3.0 JSA Application/EIO Internal Login - JSA Application - Approve/Page_PERKESO/btn Login")): Object: 'Object Repository/KinJun/3.0 JSA Application/EIO Internal Login - JSA Application - Approve/Page_PERKESO/btn Login' is clicked on

2019-02-21 17:01:28 - [MESSAGE][PASSED] - Object: 'Object Repository/KinJun/3.0 JSA Application/EIO Internal Login - JSA Application - Approve/Page_PERKESO/btn Login' is clicked on

2019-02-21 17:01:28 - [TEST_STEP][PASSED] - delay(3): Delayed 3 second(s)

2019-02-21 17:01:31 - [MESSAGE][PASSED] - Delayed 3 second(s)

2019-02-21 17:01:31 - [TEST_STEP][FAILED] - click(findTestObject("KinJun/3.0 JSA Application/EIO Internal Login - JSA Application - Approve/Page_PERKESO/Click Workbasket")): click(findTestObject("KinJun/3.0 JSA Application/EIO Internal Login - JSA Application - Approve/Page_PERKESO/Click Workbasket")) FAILED.
Reason:
com.kms.katalon.core.exception.StepFailedException: Unable to click on object 'Object Repository/KinJun/3.0 JSA Application/EIO Internal Login - JSA Application - Approve/Page_PERKESO/Click Workbasket' (Root cause: com.kms.katalon.core.webui.exception.WebElementNotFoundException: Web element with id: 'Object Repository/KinJun/3.0 JSA Application/EIO Internal Login - JSA Application - Approve/Page_PERKESO/Click Workbasket' located by 'By.xpath: //a[@href = '/eisportal/user/internal/taskinbox' and (text() = 'PETI MASUK TUGAS' or . = 'PETI MASUK TUGAS')]' not found)
	at com.kms.katalon.core.keyword.internal.KeywordMain.stepFailed(KeywordMain.groovy:36)
	at com.kms.katalon.core.webui.keyword.internal.WebUIKeywordMain.stepFailed(WebUIKeywordMain.groovy:65)
	at com.kms.katalon.core.webui.keyword.internal.WebUIKeywordMain.runKeyword(WebUIKeywordMain.groovy:27)
	at com.kms.katalon.core.webui.keyword.builtin.ClickKeyword.click(ClickKeyword.groovy:86)
	at com.kms.katalon.core.webui.keyword.builtin.ClickKeyword.execute(ClickKeyword.groovy:67)
	at com.kms.katalon.core.keyword.internal.KeywordExecutor.executeKeywordForPlatform(KeywordExecutor.groovy:53)
	at com.kms.katalon.core.webui.keyword.WebUiBuiltInKeywords.click(WebUiBuiltInKeywords.groovy:616)
	at com.kms.katalon.core.webui.keyword.WebUiBuiltInKeywords$click$3.call(Unknown Source)
	at EIO Internal Login - JSA Application - Approve.run(EIO Internal Login - JSA Application - Approve:32)
	at com.kms.katalon.core.main.ScriptEngine.run(ScriptEngine.java:194)
	at com.kms.katalon.core.main.ScriptEngine.runScriptAsRawText(ScriptEngine.java:119)
	at com.kms.katalon.core.main.TestCaseExecutor.runScript(TestCaseExecutor.java:328)
	at com.kms.katalon.core.main.TestCaseExecutor.doExecute(TestCaseExecutor.java:319)
	at com.kms.katalon.core.main.TestCaseExecutor.processExecutionPhase(TestCaseExecutor.java:298)
	at com.kms.katalon.core.main.TestCaseExecutor.accessMainPhase(TestCaseExecutor.java:290)
	at com.kms.katalon.core.main.TestCaseExecutor.execute(TestCaseExecutor.java:224)
	at com.kms.katalon.core.main.TestCaseMain.runTestCase(TestCaseMain.java:106)
	at com.kms.katalon.core.keyword.builtin.CallTestCaseKeyword$_callTestCase_closure1.doCall(CallTestCaseKeyword.groovy:59)
	at com.kms.katalon.core.keyword.builtin.CallTestCaseKeyword$_callTestCase_closure1.call(CallTestCaseKeyword.groovy)
	at com.kms.katalon.core.keyword.internal.KeywordMain.runKeyword(KeywordMain.groovy:54)
	at com.kms.katalon.core.keyword.builtin.CallTestCaseKeyword.callTestCase(CallTestCaseKeyword.groovy:80)
	at com.kms.katalon.core.keyword.builtin.CallTestCaseKeyword.execute(CallTestCaseKeyword.groovy:44)
	at com.kms.katalon.core.keyword.internal.KeywordExecutor.executeKeywordForPlatform(KeywordExecutor.groovy:53)
	at com.kms.katalon.core.keyword.BuiltinKeywords.callTestCase(BuiltinKeywords.groovy:334)
	at Submit Form 7 (General) - Case Reassignment Cross Branch SEIO.run(Submit Form 7 (General) - Case Reassignment Cross Branch SEIO:22)
	at com.kms.katalon.core.main.ScriptEngine.run(ScriptEngine.java:194)
	at com.kms.katalon.core.main.ScriptEngine.runScriptAsRawText(ScriptEngine.java:119)
	at com.kms.katalon.core.main.TestCaseExecutor.runScript(TestCaseExecutor.java:328)
	at com.kms.katalon.core.main.TestCaseExecutor.doExecute(TestCaseExecutor.java:319)
	at com.kms.katalon.core.main.TestCaseExecutor.processExecutionPhase(TestCaseExecutor.java:298)
	at com.kms.katalon.core.main.TestCaseExecutor.accessMainPhase(TestCaseExecutor.java:290)
	at com.kms.katalon.core.main.TestCaseExecutor.execute(TestCaseExecutor.java:224)
	at com.kms.katalon.core.main.TestSuiteExecutor.accessTestCaseMainPhase(TestSuiteExecutor.java:129)
	at com.kms.katalon.core.main.TestSuiteExecutor.accessTestSuiteMainPhase(TestSuiteExecutor.java:112)
	at com.kms.katalon.core.main.TestSuiteExecutor.execute(TestSuiteExecutor.java:81)
	at com.kms.katalon.core.main.TestCaseMain.startTestSuite(TestCaseMain.java:149)
	at com.kms.katalon.core.main.TestCaseMain$startTestSuite$0.call(Unknown Source)
	at TempTestSuite1550738418733.run(TempTestSuite1550738418733.groovy:36)


2019-02-21 17:02:03 - [MESSAGE][INFO] - Unable to find the element located by 'By.xpath: //a[@href = '/eisportal/user/internal/taskinbox' and (text() = 'PETI MASUK TUGAS' or . = 'PETI MASUK TUGAS')]'. Please recheck the objects properties to make sure the desired element is located. 

2019-02-21 17:02:03 - [MESSAGE][FAILED] - Unable to click on object 'Object Repository/KinJun/3.0 JSA Application/EIO Internal Login - JSA Application - Approve/Page_PERKESO/Click Workbasket' (Root cause: com.kms.katalon.core.webui.exception.WebElementNotFoundException: Web element with id: 'Object Repository/KinJun/3.0 JSA Application/EIO Internal Login - JSA Application - Approve/Page_PERKESO/Click Workbasket' located by 'By.xpath: //a[@href = '/eisportal/user/internal/taskinbox' and (text() = 'PETI MASUK TUGAS' or . = 'PETI MASUK TUGAS')]' not found)
[[ATTACHMENT|C:\\Users\\Admin\\Documents\\GitHub\\PKSKatalon\\PKS-EI-ES\\Reports\\New Test Suite\\20190221_164018\\1550739723225.png]]

2019-02-21 17:02:03 - [MESSAGE][FAILED] - click(findTestObject("KinJun/3.0 JSA Application/EIO Internal Login - JSA Application - Approve/Page_PERKESO/Click Workbasket")) FAILED.
Reason:
com.kms.katalon.core.exception.StepFailedException: Unable to click on object 'Object Repository/KinJun/3.0 JSA Application/EIO Internal Login - JSA Application - Approve/Page_PERKESO/Click Workbasket' (Root cause: com.kms.katalon.core.webui.exception.WebElementNotFoundException: Web element with id: 'Object Repository/KinJun/3.0 JSA Application/EIO Internal Login - JSA Application - Approve/Page_PERKESO/Click Workbasket' located by 'By.xpath: //a[@href = '/eisportal/user/internal/taskinbox' and (text() = 'PETI MASUK TUGAS' or . = 'PETI MASUK TUGAS')]' not found)
	at com.kms.katalon.core.keyword.internal.KeywordMain.stepFailed(KeywordMain.groovy:36)
	at com.kms.katalon.core.webui.keyword.internal.WebUIKeywordMain.stepFailed(WebUIKeywordMain.groovy:65)
	at com.kms.katalon.core.webui.keyword.internal.WebUIKeywordMain.runKeyword(WebUIKeywordMain.groovy:27)
	at com.kms.katalon.core.webui.keyword.builtin.ClickKeyword.click(ClickKeyword.groovy:86)
	at com.kms.katalon.core.webui.keyword.builtin.ClickKeyword.execute(ClickKeyword.groovy:67)
	at com.kms.katalon.core.keyword.internal.KeywordExecutor.executeKeywordForPlatform(KeywordExecutor.groovy:53)
	at com.kms.katalon.core.webui.keyword.WebUiBuiltInKeywords.click(WebUiBuiltInKeywords.groovy:616)
	at com.kms.katalon.core.webui.keyword.WebUiBuiltInKeywords$click$3.call(Unknown Source)
	at EIO Internal Login - JSA Application - Approve.run(EIO Internal Login - JSA Application - Approve:32)
	at com.kms.katalon.core.main.ScriptEngine.run(ScriptEngine.java:194)
	at com.kms.katalon.core.main.ScriptEngine.runScriptAsRawText(ScriptEngine.java:119)
	at com.kms.katalon.core.main.TestCaseExecutor.runScript(TestCaseExecutor.java:328)
	at com.kms.katalon.core.main.TestCaseExecutor.doExecute(TestCaseExecutor.java:319)
	at com.kms.katalon.core.main.TestCaseExecutor.processExecutionPhase(TestCaseExecutor.java:298)
	at com.kms.katalon.core.main.TestCaseExecutor.accessMainPhase(TestCaseExecutor.java:290)
	at com.kms.katalon.core.main.TestCaseExecutor.execute(TestCaseExecutor.java:224)
	at com.kms.katalon.core.main.TestCaseMain.runTestCase(TestCaseMain.java:106)
	at com.kms.katalon.core.keyword.builtin.CallTestCaseKeyword$_callTestCase_closure1.doCall(CallTestCaseKeyword.groovy:59)
	at com.kms.katalon.core.keyword.builtin.CallTestCaseKeyword$_callTestCase_closure1.call(CallTestCaseKeyword.groovy)
	at com.kms.katalon.core.keyword.internal.KeywordMain.runKeyword(KeywordMain.groovy:54)
	at com.kms.katalon.core.keyword.builtin.CallTestCaseKeyword.callTestCase(CallTestCaseKeyword.groovy:80)
	at com.kms.katalon.core.keyword.builtin.CallTestCaseKeyword.execute(CallTestCaseKeyword.groovy:44)
	at com.kms.katalon.core.keyword.internal.KeywordExecutor.executeKeywordForPlatform(KeywordExecutor.groovy:53)
	at com.kms.katalon.core.keyword.BuiltinKeywords.callTestCase(BuiltinKeywords.groovy:334)
	at Submit Form 7 (General) - Case Reassignment Cross Branch SEIO.run(Submit Form 7 (General) - Case Reassignment Cross Branch SEIO:22)
	at com.kms.katalon.core.main.ScriptEngine.run(ScriptEngine.java:194)
	at com.kms.katalon.core.main.ScriptEngine.runScriptAsRawText(ScriptEngine.java:119)
	at com.kms.katalon.core.main.TestCaseExecutor.runScript(TestCaseExecutor.java:328)
	at com.kms.katalon.core.main.TestCaseExecutor.doExecute(TestCaseExecutor.java:319)
	at com.kms.katalon.core.main.TestCaseExecutor.processExecutionPhase(TestCaseExecutor.java:298)
	at com.kms.katalon.core.main.TestCaseExecutor.accessMainPhase(TestCaseExecutor.java:290)
	at com.kms.katalon.core.main.TestCaseExecutor.execute(TestCaseExecutor.java:224)
	at com.kms.katalon.core.main.TestSuiteExecutor.accessTestCaseMainPhase(TestSuiteExecutor.java:129)
	at com.kms.katalon.core.main.TestSuiteExecutor.accessTestSuiteMainPhase(TestSuiteExecutor.java:112)
	at com.kms.katalon.core.main.TestSuiteExecutor.execute(TestSuiteExecutor.java:81)
	at com.kms.katalon.core.main.TestCaseMain.startTestSuite(TestCaseMain.java:149)
	at com.kms.katalon.core.main.TestCaseMain$startTestSuite$0.call(Unknown Source)
	at TempTestSuite1550738418733.run(TempTestSuite1550738418733.groovy:36)


2019-02-21 17:02:03 - [MESSAGE][FAILED] - Unable to call Test Case 'Test Cases/All TC/Arranged/2. Segment/2.3 JSA Application/EIO Internal Login - JSA Application - Approve' (Root cause: com.kms.katalon.core.exception.StepFailedException: Call Test Case 'Test Cases/All TC/Arranged/2. Segment/2.3 JSA Application/EIO Internal Login - JSA Application - Approve' failed)

2019-02-21 17:02:03 - [MESSAGE][FAILED] - callTestCase(findTestCase("All TC/Arranged/2. Segment/2.3 JSA Application/EIO Internal Login - JSA Application - Approve"), [:], STOP_ON_FAILURE) FAILED.
Reason:
com.kms.katalon.core.exception.StepFailedException: Unable to click on object 'Object Repository/KinJun/3.0 JSA Application/EIO Internal Login - JSA Application - Approve/Page_PERKESO/Click Workbasket' (Root cause: com.kms.katalon.core.webui.exception.WebElementNotFoundException: Web element with id: 'Object Repository/KinJun/3.0 JSA Application/EIO Internal Login - JSA Application - Approve/Page_PERKESO/Click Workbasket' located by 'By.xpath: //a[@href = '/eisportal/user/internal/taskinbox' and (text() = 'PETI MASUK TUGAS' or . = 'PETI MASUK TUGAS')]' not found)
	at com.kms.katalon.core.keyword.internal.KeywordMain.stepFailed(KeywordMain.groovy:36)
	at com.kms.katalon.core.webui.keyword.internal.WebUIKeywordMain.stepFailed(WebUIKeywordMain.groovy:65)
	at com.kms.katalon.core.webui.keyword.internal.WebUIKeywordMain.runKeyword(WebUIKeywordMain.groovy:27)
	at com.kms.katalon.core.webui.keyword.builtin.ClickKeyword.click(ClickKeyword.groovy:86)
	at com.kms.katalon.core.webui.keyword.builtin.ClickKeyword.execute(ClickKeyword.groovy:67)
	at com.kms.katalon.core.keyword.internal.KeywordExecutor.executeKeywordForPlatform(KeywordExecutor.groovy:53)
	at com.kms.katalon.core.webui.keyword.WebUiBuiltInKeywords.click(WebUiBuiltInKeywords.groovy:616)
	at com.kms.katalon.core.webui.keyword.WebUiBuiltInKeywords$click$3.call(Unknown Source)
	at EIO Internal Login - JSA Application - Approve.run(EIO Internal Login - JSA Application - Approve:32)
	at com.kms.katalon.core.main.ScriptEngine.run(ScriptEngine.java:194)
	at com.kms.katalon.core.main.ScriptEngine.runScriptAsRawText(ScriptEngine.java:119)
	at com.kms.katalon.core.main.TestCaseExecutor.runScript(TestCaseExecutor.java:328)
	at com.kms.katalon.core.main.TestCaseExecutor.doExecute(TestCaseExecutor.java:319)
	at com.kms.katalon.core.main.TestCaseExecutor.processExecutionPhase(TestCaseExecutor.java:298)
	at com.kms.katalon.core.main.TestCaseExecutor.accessMainPhase(TestCaseExecutor.java:290)
	at com.kms.katalon.core.main.TestCaseExecutor.execute(TestCaseExecutor.java:224)
	at com.kms.katalon.core.main.TestCaseMain.runTestCase(TestCaseMain.java:106)
	at com.kms.katalon.core.keyword.builtin.CallTestCaseKeyword$_callTestCase_closure1.doCall(CallTestCaseKeyword.groovy:59)
	at com.kms.katalon.core.keyword.builtin.CallTestCaseKeyword$_callTestCase_closure1.call(CallTestCaseKeyword.groovy)
	at com.kms.katalon.core.keyword.internal.KeywordMain.runKeyword(KeywordMain.groovy:54)
	at com.kms.katalon.core.keyword.builtin.CallTestCaseKeyword.callTestCase(CallTestCaseKeyword.groovy:80)
	at com.kms.katalon.core.keyword.builtin.CallTestCaseKeyword.execute(CallTestCaseKeyword.groovy:44)
	at com.kms.katalon.core.keyword.internal.KeywordExecutor.executeKeywordForPlatform(KeywordExecutor.groovy:53)
	at com.kms.katalon.core.keyword.BuiltinKeywords.callTestCase(BuiltinKeywords.groovy:334)
	at Submit Form 7 (General) - Case Reassignment Cross Branch SEIO.run(Submit Form 7 (General) - Case Reassignment Cross Branch SEIO:22)
	at com.kms.katalon.core.main.ScriptEngine.run(ScriptEngine.java:194)
	at com.kms.katalon.core.main.ScriptEngine.runScriptAsRawText(ScriptEngine.java:119)
	at com.kms.katalon.core.main.TestCaseExecutor.runScript(TestCaseExecutor.java:328)
	at com.kms.katalon.core.main.TestCaseExecutor.doExecute(TestCaseExecutor.java:319)
	at com.kms.katalon.core.main.TestCaseExecutor.processExecutionPhase(TestCaseExecutor.java:298)
	at com.kms.katalon.core.main.TestCaseExecutor.accessMainPhase(TestCaseExecutor.java:290)
	at com.kms.katalon.core.main.TestCaseExecutor.execute(TestCaseExecutor.java:224)
	at com.kms.katalon.core.main.TestSuiteExecutor.accessTestCaseMainPhase(TestSuiteExecutor.java:129)
	at com.kms.katalon.core.main.TestSuiteExecutor.accessTestSuiteMainPhase(TestSuiteExecutor.java:112)
	at com.kms.katalon.core.main.TestSuiteExecutor.execute(TestSuiteExecutor.java:81)
	at com.kms.katalon.core.main.TestCaseMain.startTestSuite(TestCaseMain.java:149)
	at com.kms.katalon.core.main.TestCaseMain$startTestSuite$0.call(Unknown Source)
	at TempTestSuite1550738418733.run(TempTestSuite1550738418733.groovy:36)]]></system-out>
         <system-err><![CDATA[2019-02-21 16:55:44 - [TEST_CASE][FAILED] - Test Cases/All TC/Arranged/0. Full Flow/Submit Form 7 (General) - Case Reassignment Cross Branch SEIO: Test Cases/All TC/Arranged/0. Full Flow/Submit Form 7 (General) - Case Reassignment Cross Branch SEIO FAILED.
Reason:
com.kms.katalon.core.exception.StepFailedException: Unable to click on object 'Object Repository/KinJun/3.0 JSA Application/EIO Internal Login - JSA Application - Approve/Page_PERKESO/Click Workbasket' (Root cause: com.kms.katalon.core.webui.exception.WebElementNotFoundException: Web element with id: 'Object Repository/KinJun/3.0 JSA Application/EIO Internal Login - JSA Application - Approve/Page_PERKESO/Click Workbasket' located by 'By.xpath: //a[@href = '/eisportal/user/internal/taskinbox' and (text() = 'PETI MASUK TUGAS' or . = 'PETI MASUK TUGAS')]' not found)
	at com.kms.katalon.core.keyword.internal.KeywordMain.stepFailed(KeywordMain.groovy:36)
	at com.kms.katalon.core.webui.keyword.internal.WebUIKeywordMain.stepFailed(WebUIKeywordMain.groovy:65)
	at com.kms.katalon.core.webui.keyword.internal.WebUIKeywordMain.runKeyword(WebUIKeywordMain.groovy:27)
	at com.kms.katalon.core.webui.keyword.builtin.ClickKeyword.click(ClickKeyword.groovy:86)
	at com.kms.katalon.core.webui.keyword.builtin.ClickKeyword.execute(ClickKeyword.groovy:67)
	at com.kms.katalon.core.keyword.internal.KeywordExecutor.executeKeywordForPlatform(KeywordExecutor.groovy:53)
	at com.kms.katalon.core.webui.keyword.WebUiBuiltInKeywords.click(WebUiBuiltInKeywords.groovy:616)
	at com.kms.katalon.core.webui.keyword.WebUiBuiltInKeywords$click$3.call(Unknown Source)
	at EIO Internal Login - JSA Application - Approve.run(EIO Internal Login - JSA Application - Approve:32)
	at com.kms.katalon.core.main.ScriptEngine.run(ScriptEngine.java:194)
	at com.kms.katalon.core.main.ScriptEngine.runScriptAsRawText(ScriptEngine.java:119)
	at com.kms.katalon.core.main.TestCaseExecutor.runScript(TestCaseExecutor.java:328)
	at com.kms.katalon.core.main.TestCaseExecutor.doExecute(TestCaseExecutor.java:319)
	at com.kms.katalon.core.main.TestCaseExecutor.processExecutionPhase(TestCaseExecutor.java:298)
	at com.kms.katalon.core.main.TestCaseExecutor.accessMainPhase(TestCaseExecutor.java:290)
	at com.kms.katalon.core.main.TestCaseExecutor.execute(TestCaseExecutor.java:224)
	at com.kms.katalon.core.main.TestCaseMain.runTestCase(TestCaseMain.java:106)
	at com.kms.katalon.core.keyword.builtin.CallTestCaseKeyword$_callTestCase_closure1.doCall(CallTestCaseKeyword.groovy:59)
	at com.kms.katalon.core.keyword.builtin.CallTestCaseKeyword$_callTestCase_closure1.call(CallTestCaseKeyword.groovy)
	at com.kms.katalon.core.keyword.internal.KeywordMain.runKeyword(KeywordMain.groovy:54)
	at com.kms.katalon.core.keyword.builtin.CallTestCaseKeyword.callTestCase(CallTestCaseKeyword.groovy:80)
	at com.kms.katalon.core.keyword.builtin.CallTestCaseKeyword.execute(CallTestCaseKeyword.groovy:44)
	at com.kms.katalon.core.keyword.internal.KeywordExecutor.executeKeywordForPlatform(KeywordExecutor.groovy:53)
	at com.kms.katalon.core.keyword.BuiltinKeywords.callTestCase(BuiltinKeywords.groovy:334)
	at Submit Form 7 (General) - Case Reassignment Cross Branch SEIO.run(Submit Form 7 (General) - Case Reassignment Cross Branch SEIO:22)
	at com.kms.katalon.core.main.ScriptEngine.run(ScriptEngine.java:194)
	at com.kms.katalon.core.main.ScriptEngine.runScriptAsRawText(ScriptEngine.java:119)
	at com.kms.katalon.core.main.TestCaseExecutor.runScript(TestCaseExecutor.java:328)
	at com.kms.katalon.core.main.TestCaseExecutor.doExecute(TestCaseExecutor.java:319)
	at com.kms.katalon.core.main.TestCaseExecutor.processExecutionPhase(TestCaseExecutor.java:298)
	at com.kms.katalon.core.main.TestCaseExecutor.accessMainPhase(TestCaseExecutor.java:290)
	at com.kms.katalon.core.main.TestCaseExecutor.execute(TestCaseExecutor.java:224)
	at com.kms.katalon.core.main.TestSuiteExecutor.accessTestCaseMainPhase(TestSuiteExecutor.java:129)
	at com.kms.katalon.core.main.TestSuiteExecutor.accessTestSuiteMainPhase(TestSuiteExecutor.java:112)
	at com.kms.katalon.core.main.TestSuiteExecutor.execute(TestSuiteExecutor.java:81)
	at com.kms.katalon.core.main.TestCaseMain.startTestSuite(TestCaseMain.java:149)
	at com.kms.katalon.core.main.TestCaseMain$startTestSuite$0.call(Unknown Source)
	at TempTestSuite1550738418733.run(TempTestSuite1550738418733.groovy:36)]]></system-err>
      </testcase>
      <testcase name="Test Cases/All TC/Arranged/0. Full Flow/Submit Form 7 (General) - Case Reassignment Cross Branch EIO" classname="Test Cases/All TC/Arranged/0. Full Flow/Submit Form 7 (General) - Case Reassignment Cross Branch EIO" status="FAILED">
         <failure type="FAILED" message="Test Cases/All TC/Arranged/0. Full Flow/Submit Form 7 (General) - Case Reassignment Cross Branch EIO FAILED.
Reason:
com.kms.katalon.core.exception.StepFailedException: Unable to click on object 'Object Repository/ZhiHao/Case_Reassignment_Cross Branch/Case reassignment_EIO to SEIO to SEIO to EIO_Cross Branch/Page_PERKESO/click_Log Out' (Root cause: com.kms.katalon.core.webui.exception.WebElementNotFoundException: Web element with id: 'Object Repository/ZhiHao/Case_Reassignment_Cross Branch/Case reassignment_EIO to SEIO to SEIO to EIO_Cross Branch/Page_PERKESO/click_Log Out' located by 'By.xpath: //a[@href = 'javascript:logoutFormSubmit()' and (text() = 'Log Out' or . = 'Log Out')]' not found)
	at com.kms.katalon.core.keyword.internal.KeywordMain.stepFailed(KeywordMain.groovy:36)
	at com.kms.katalon.core.webui.keyword.internal.WebUIKeywordMain.stepFailed(WebUIKeywordMain.groovy:65)
	at com.kms.katalon.core.webui.keyword.internal.WebUIKeywordMain.runKeyword(WebUIKeywordMain.groovy:27)
	at com.kms.katalon.core.webui.keyword.builtin.ClickKeyword.click(ClickKeyword.groovy:86)
	at com.kms.katalon.core.webui.keyword.builtin.ClickKeyword.execute(ClickKeyword.groovy:67)
	at com.kms.katalon.core.keyword.internal.KeywordExecutor.executeKeywordForPlatform(KeywordExecutor.groovy:53)
	at com.kms.katalon.core.webui.keyword.WebUiBuiltInKeywords.click(WebUiBuiltInKeywords.groovy:616)
	at com.kms.katalon.core.webui.keyword.WebUiBuiltInKeywords$click$3.call(Unknown Source)
	at Case reassignment_EIO to SEIO to SEIO to EIO_Cross Branch.run(Case reassignment_EIO to SEIO to SEIO to EIO_Cross Branch:98)
	at com.kms.katalon.core.main.ScriptEngine.run(ScriptEngine.java:194)
	at com.kms.katalon.core.main.ScriptEngine.runScriptAsRawText(ScriptEngine.java:119)
	at com.kms.katalon.core.main.TestCaseExecutor.runScript(TestCaseExecutor.java:328)
	at com.kms.katalon.core.main.TestCaseExecutor.doExecute(TestCaseExecutor.java:319)
	at com.kms.katalon.core.main.TestCaseExecutor.processExecutionPhase(TestCaseExecutor.java:298)
	at com.kms.katalon.core.main.TestCaseExecutor.accessMainPhase(TestCaseExecutor.java:290)
	at com.kms.katalon.core.main.TestCaseExecutor.execute(TestCaseExecutor.java:224)
	at com.kms.katalon.core.main.TestCaseMain.runTestCase(TestCaseMain.java:106)
	at com.kms.katalon.core.keyword.builtin.CallTestCaseKeyword$_callTestCase_closure1.doCall(CallTestCaseKeyword.groovy:59)
	at com.kms.katalon.core.keyword.builtin.CallTestCaseKeyword$_callTestCase_closure1.call(CallTestCaseKeyword.groovy)
	at com.kms.katalon.core.keyword.internal.KeywordMain.runKeyword(KeywordMain.groovy:54)
	at com.kms.katalon.core.keyword.builtin.CallTestCaseKeyword.callTestCase(CallTestCaseKeyword.groovy:80)
	at com.kms.katalon.core.keyword.builtin.CallTestCaseKeyword.execute(CallTestCaseKeyword.groovy:44)
	at com.kms.katalon.core.keyword.internal.KeywordExecutor.executeKeywordForPlatform(KeywordExecutor.groovy:53)
	at com.kms.katalon.core.keyword.BuiltinKeywords.callTestCase(BuiltinKeywords.groovy:334)
	at Submit Form 7 (General) - Case Reassignment Cross Branch EIO.run(Submit Form 7 (General) - Case Reassignment Cross Branch EIO:22)
	at com.kms.katalon.core.main.ScriptEngine.run(ScriptEngine.java:194)
	at com.kms.katalon.core.main.ScriptEngine.runScriptAsRawText(ScriptEngine.java:119)
	at com.kms.katalon.core.main.TestCaseExecutor.runScript(TestCaseExecutor.java:328)
	at com.kms.katalon.core.main.TestCaseExecutor.doExecute(TestCaseExecutor.java:319)
	at com.kms.katalon.core.main.TestCaseExecutor.processExecutionPhase(TestCaseExecutor.java:298)
	at com.kms.katalon.core.main.TestCaseExecutor.accessMainPhase(TestCaseExecutor.java:290)
	at com.kms.katalon.core.main.TestCaseExecutor.execute(TestCaseExecutor.java:224)
	at com.kms.katalon.core.main.TestSuiteExecutor.accessTestCaseMainPhase(TestSuiteExecutor.java:129)
	at com.kms.katalon.core.main.TestSuiteExecutor.accessTestSuiteMainPhase(TestSuiteExecutor.java:112)
	at com.kms.katalon.core.main.TestSuiteExecutor.execute(TestSuiteExecutor.java:81)
	at com.kms.katalon.core.main.TestCaseMain.startTestSuite(TestCaseMain.java:149)
	at com.kms.katalon.core.main.TestCaseMain$startTestSuite$0.call(Unknown Source)
	at TempTestSuite1550738418733.run(TempTestSuite1550738418733.groovy:36)
"/>
         <system-out><![CDATA[2019-02-21 17:02:04 - [TEST_CASE][FAILED] - Test Cases/All TC/Arranged/0. Full Flow/Submit Form 7 (General) - Case Reassignment Cross Branch EIO: Test Cases/All TC/Arranged/0. Full Flow/Submit Form 7 (General) - Case Reassignment Cross Branch EIO FAILED.
Reason:
com.kms.katalon.core.exception.StepFailedException: Unable to click on object 'Object Repository/ZhiHao/Case_Reassignment_Cross Branch/Case reassignment_EIO to SEIO to SEIO to EIO_Cross Branch/Page_PERKESO/click_Log Out' (Root cause: com.kms.katalon.core.webui.exception.WebElementNotFoundException: Web element with id: 'Object Repository/ZhiHao/Case_Reassignment_Cross Branch/Case reassignment_EIO to SEIO to SEIO to EIO_Cross Branch/Page_PERKESO/click_Log Out' located by 'By.xpath: //a[@href = 'javascript:logoutFormSubmit()' and (text() = 'Log Out' or . = 'Log Out')]' not found)
	at com.kms.katalon.core.keyword.internal.KeywordMain.stepFailed(KeywordMain.groovy:36)
	at com.kms.katalon.core.webui.keyword.internal.WebUIKeywordMain.stepFailed(WebUIKeywordMain.groovy:65)
	at com.kms.katalon.core.webui.keyword.internal.WebUIKeywordMain.runKeyword(WebUIKeywordMain.groovy:27)
	at com.kms.katalon.core.webui.keyword.builtin.ClickKeyword.click(ClickKeyword.groovy:86)
	at com.kms.katalon.core.webui.keyword.builtin.ClickKeyword.execute(ClickKeyword.groovy:67)
	at com.kms.katalon.core.keyword.internal.KeywordExecutor.executeKeywordForPlatform(KeywordExecutor.groovy:53)
	at com.kms.katalon.core.webui.keyword.WebUiBuiltInKeywords.click(WebUiBuiltInKeywords.groovy:616)
	at com.kms.katalon.core.webui.keyword.WebUiBuiltInKeywords$click$3.call(Unknown Source)
	at Case reassignment_EIO to SEIO to SEIO to EIO_Cross Branch.run(Case reassignment_EIO to SEIO to SEIO to EIO_Cross Branch:98)
	at com.kms.katalon.core.main.ScriptEngine.run(ScriptEngine.java:194)
	at com.kms.katalon.core.main.ScriptEngine.runScriptAsRawText(ScriptEngine.java:119)
	at com.kms.katalon.core.main.TestCaseExecutor.runScript(TestCaseExecutor.java:328)
	at com.kms.katalon.core.main.TestCaseExecutor.doExecute(TestCaseExecutor.java:319)
	at com.kms.katalon.core.main.TestCaseExecutor.processExecutionPhase(TestCaseExecutor.java:298)
	at com.kms.katalon.core.main.TestCaseExecutor.accessMainPhase(TestCaseExecutor.java:290)
	at com.kms.katalon.core.main.TestCaseExecutor.execute(TestCaseExecutor.java:224)
	at com.kms.katalon.core.main.TestCaseMain.runTestCase(TestCaseMain.java:106)
	at com.kms.katalon.core.keyword.builtin.CallTestCaseKeyword$_callTestCase_closure1.doCall(CallTestCaseKeyword.groovy:59)
	at com.kms.katalon.core.keyword.builtin.CallTestCaseKeyword$_callTestCase_closure1.call(CallTestCaseKeyword.groovy)
	at com.kms.katalon.core.keyword.internal.KeywordMain.runKeyword(KeywordMain.groovy:54)
	at com.kms.katalon.core.keyword.builtin.CallTestCaseKeyword.callTestCase(CallTestCaseKeyword.groovy:80)
	at com.kms.katalon.core.keyword.builtin.CallTestCaseKeyword.execute(CallTestCaseKeyword.groovy:44)
	at com.kms.katalon.core.keyword.internal.KeywordExecutor.executeKeywordForPlatform(KeywordExecutor.groovy:53)
	at com.kms.katalon.core.keyword.BuiltinKeywords.callTestCase(BuiltinKeywords.groovy:334)
	at Submit Form 7 (General) - Case Reassignment Cross Branch EIO.run(Submit Form 7 (General) - Case Reassignment Cross Branch EIO:22)
	at com.kms.katalon.core.main.ScriptEngine.run(ScriptEngine.java:194)
	at com.kms.katalon.core.main.ScriptEngine.runScriptAsRawText(ScriptEngine.java:119)
	at com.kms.katalon.core.main.TestCaseExecutor.runScript(TestCaseExecutor.java:328)
	at com.kms.katalon.core.main.TestCaseExecutor.doExecute(TestCaseExecutor.java:319)
	at com.kms.katalon.core.main.TestCaseExecutor.processExecutionPhase(TestCaseExecutor.java:298)
	at com.kms.katalon.core.main.TestCaseExecutor.accessMainPhase(TestCaseExecutor.java:290)
	at com.kms.katalon.core.main.TestCaseExecutor.execute(TestCaseExecutor.java:224)
	at com.kms.katalon.core.main.TestSuiteExecutor.accessTestCaseMainPhase(TestSuiteExecutor.java:129)
	at com.kms.katalon.core.main.TestSuiteExecutor.accessTestSuiteMainPhase(TestSuiteExecutor.java:112)
	at com.kms.katalon.core.main.TestSuiteExecutor.execute(TestSuiteExecutor.java:81)
	at com.kms.katalon.core.main.TestCaseMain.startTestSuite(TestCaseMain.java:149)
	at com.kms.katalon.core.main.TestCaseMain$startTestSuite$0.call(Unknown Source)
	at TempTestSuite1550738418733.run(TempTestSuite1550738418733.groovy:36)


2019-02-21 17:02:04 - [TEST_STEP][PASSED] - callTestCase(findTestCase("All TC/Arranged/2. Segment/GN_Submit Form 7_End to End"), [:], STOP_ON_FAILURE): Call Test Case 'Test Cases/All TC/Arranged/2. Segment/GN_Submit Form 7_End to End' successfully

2019-02-21 17:02:04 - [TEST_CASE][PASSED] - Test Cases/All TC/Arranged/2. Segment/GN_Submit Form 7_End to End: Test Cases/All TC/Arranged/2. Segment/GN_Submit Form 7_End to End

2019-02-21 17:02:04 - [TEST_STEP][PASSED] - callTestCase(findTestCase("All TC/Arranged/3. Unit/EI/GN submit form 7/GN_Application_Reg"), [:], STOP_ON_FAILURE): Call Test Case 'Test Cases/All TC/Arranged/3. Unit/EI/GN submit form 7/GN_Application_Reg' successfully

2019-02-21 17:02:04 - [TEST_CASE][PASSED] - Test Cases/All TC/Arranged/3. Unit/EI/GN submit form 7/GN_Application_Reg: Test Cases/All TC/Arranged/3. Unit/EI/GN submit form 7/GN_Application_Reg

2019-02-21 17:02:04 - [TEST_STEP][PASSED] - openBrowser(""): Browser is opened with url: ''

2019-02-21 17:02:04 - [MESSAGE][WARNING] - A browser is already opened. Closing browser and opening a new one

2019-02-21 17:02:05 - [MESSAGE][INFO] - Starting 'Chrome' driver

2019-02-21 17:02:05 - [MESSAGE][INFO] - User set preference: ['args', '[--start-maximized]']

2019-02-21 17:02:08 - [MESSAGE][PASSED] - Browser is opened with url: ''

2019-02-21 17:02:08 - [TEST_STEP][PASSED] - navigateToUrl(General_Login): Navigate to 'http://10.20.24.188/eisportal/insured/appl/instruction' successfully

2019-02-21 17:02:08 - [MESSAGE][PASSED] - Navigate to 'http://10.20.24.188/eisportal/insured/appl/instruction' successfully

2019-02-21 17:02:08 - [TEST_STEP][PASSED] - click(findTestObject("ZhiHao/General_User_Submit_form 7/GN_Application_Reg/Page_PERKESO/button_Setuju")): Object: 'Object Repository/ZhiHao/General_User_Submit_form 7/GN_Application_Reg/Page_PERKESO/button_Setuju' is clicked on

2019-02-21 17:02:10 - [MESSAGE][PASSED] - Object: 'Object Repository/ZhiHao/General_User_Submit_form 7/GN_Application_Reg/Page_PERKESO/button_Setuju' is clicked on

2019-02-21 17:02:10 - [TEST_STEP][PASSED] - callTestCase(findTestCase("All TC/Arranged/1. Common/IC List Checker"), [:], STOP_ON_FAILURE): Call Test Case 'Test Cases/All TC/Arranged/1. Common/IC List Checker' successfully

2019-02-21 17:02:10 - [TEST_CASE][PASSED] - Test Cases/All TC/Arranged/1. Common/IC List Checker: Test Cases/All TC/Arranged/1. Common/IC List Checker

2019-02-21 17:02:10 - [TEST_STEP][PASSED] - counter = 0: null

2019-02-21 17:02:10 - [TEST_STEP][PASSED] - fis = new java.io.FileInputStream((internal.GlobalVariable.TextFilePathCommon + \IC.xlsx)): null

2019-02-21 17:02:10 - [TEST_STEP][PASSED] - workbook = new org.apache.poi.xssf.usermodel.XSSFWorkbook(fis): null

2019-02-21 17:02:10 - [TEST_STEP][PASSED] - sheet = workbook.getSheet("Sheet1"): null

2019-02-21 17:02:10 - [TEST_STEP][PASSED] - totalRow = sheet.getLastRowNum(): null

2019-02-21 17:02:10 - [TEST_STEP][PASSED] - out.println(totalRow): null

2019-02-21 17:02:10 - [TEST_STEP][PASSED] - row = sheet.getRow(counter): null

2019-02-21 17:02:10 - [TEST_STEP][PASSED] - cell = row.getCell(counter): null

2019-02-21 17:02:10 - [TEST_STEP][PASSED] - a = cell.getStringCellValue(): null

2019-02-21 17:02:10 - [TEST_STEP][PASSED] - IC = a: null

2019-02-21 17:02:10 - [TEST_STEP][PASSED] - out.println(IC): null

2019-02-21 17:02:10 - [TEST_STEP][PASSED] - callTestCase(findTestCase("All TC/Arranged/1. Common/1.2 Setter/Setter IC"), [:], STOP_ON_FAILURE): Call Test Case 'Test Cases/All TC/Arranged/1. Common/1.2 Setter/Setter IC' successfully

2019-02-21 17:02:10 - [TEST_CASE][PASSED] - Test Cases/All TC/Arranged/1. Common/1.2 Setter/Setter IC: Test Cases/All TC/Arranged/1. Common/1.2 Setter/Setter IC

2019-02-21 17:02:10 - [TEST_STEP][PASSED] - RefNoOldFile = new java.io.File((internal.GlobalVariable.TextFilePathCommon + \getIC.txt)): null

2019-02-21 17:02:10 - [TEST_STEP][PASSED] - RefNoOldFile.delete(): null

2019-02-21 17:02:10 - [TEST_STEP][PASSED] - delay(5): Delayed 5 second(s)

2019-02-21 17:02:15 - [MESSAGE][PASSED] - Delayed 5 second(s)

2019-02-21 17:02:15 - [TEST_STEP][PASSED] - RefNo = new java.io.File((internal.GlobalVariable.TextFilePathCommon + \getIC.txt)): null

2019-02-21 17:02:15 - [TEST_STEP][PASSED] - f2 = new java.io.FileWriter(RefNo, false): null

2019-02-21 17:02:15 - [TEST_STEP][PASSED] - f2.write(IC): null

2019-02-21 17:02:15 - [TEST_STEP][PASSED] - f2.close(): null

2019-02-21 17:02:15 - [TEST_STEP][PASSED] - out.println("


" + IC + "


"): null

2019-02-21 17:02:15 - [MESSAGE][PASSED] - Call Test Case 'Test Cases/All TC/Arranged/1. Common/1.2 Setter/Setter IC' successfully

2019-02-21 17:02:15 - [MESSAGE][PASSED] - Call Test Case 'Test Cases/All TC/Arranged/1. Common/IC List Checker' successfully

2019-02-21 17:02:15 - [TEST_STEP][PASSED] - setText(findTestObject("ZhiHao/General_User_Submit_form 7/GN_Application_Reg/Page_PERKESO/input_No. Kad Pengenalan"), IC): Text '781007145435' is set on object 'Object Repository/ZhiHao/General_User_Submit_form 7/GN_Application_Reg/Page_PERKESO/input_No. Kad Pengenalan'

2019-02-21 17:02:16 - [MESSAGE][PASSED] - Text '781007145435' is set on object 'Object Repository/ZhiHao/General_User_Submit_form 7/GN_Application_Reg/Page_PERKESO/input_No. Kad Pengenalan'

2019-02-21 17:02:16 - [TEST_STEP][PASSED] - click(findTestObject("ZhiHao/General_User_Submit_form 7/GN_Application_Reg/Page_PERKESO/button_Semak")): Object: 'Object Repository/ZhiHao/General_User_Submit_form 7/GN_Application_Reg/Page_PERKESO/button_Semak' is clicked on

2019-02-21 17:02:16 - [MESSAGE][PASSED] - Object: 'Object Repository/ZhiHao/General_User_Submit_form 7/GN_Application_Reg/Page_PERKESO/button_Semak' is clicked on

2019-02-21 17:02:16 - [TEST_STEP][PASSED] - delay(3): Delayed 3 second(s)

2019-02-21 17:02:19 - [MESSAGE][PASSED] - Delayed 3 second(s)

2019-02-21 17:02:19 - [TEST_STEP][PASSED] - click(findTestObject("ZhiHao/General_User_Submit_form 7/GN_Application_Reg/Page_PERKESO/span_Nama Majikan")): Object: 'Object Repository/ZhiHao/General_User_Submit_form 7/GN_Application_Reg/Page_PERKESO/span_Nama Majikan' is clicked on

2019-02-21 17:02:19 - [MESSAGE][PASSED] - Object: 'Object Repository/ZhiHao/General_User_Submit_form 7/GN_Application_Reg/Page_PERKESO/span_Nama Majikan' is clicked on

2019-02-21 17:02:19 - [TEST_STEP][PASSED] - delay(3): Delayed 3 second(s)

2019-02-21 17:02:22 - [MESSAGE][PASSED] - Delayed 3 second(s)

2019-02-21 17:02:22 - [TEST_STEP][PASSED] - setText(findTestObject("ZhiHao/General_User_Submit_form 7/GN_Application_Reg/Page_PERKESO/input_Nama Majikan"), "pet"): Text 'pet' is set on object 'Object Repository/ZhiHao/General_User_Submit_form 7/GN_Application_Reg/Page_PERKESO/input_Nama Majikan'

2019-02-21 17:02:22 - [MESSAGE][PASSED] - Text 'pet' is set on object 'Object Repository/ZhiHao/General_User_Submit_form 7/GN_Application_Reg/Page_PERKESO/input_Nama Majikan'

2019-02-21 17:02:22 - [TEST_STEP][PASSED] - delay(3): Delayed 3 second(s)

2019-02-21 17:02:25 - [MESSAGE][PASSED] - Delayed 3 second(s)

2019-02-21 17:02:25 - [TEST_STEP][PASSED] - click(findTestObject("ZhiHao/General_User_Submit_form 7/GN_Application_Reg/Page_PERKESO/select_PETRONAS")): Object: 'Object Repository/ZhiHao/General_User_Submit_form 7/GN_Application_Reg/Page_PERKESO/select_PETRONAS' is clicked on

2019-02-21 17:02:25 - [MESSAGE][PASSED] - Object: 'Object Repository/ZhiHao/General_User_Submit_form 7/GN_Application_Reg/Page_PERKESO/select_PETRONAS' is clicked on

2019-02-21 17:02:25 - [TEST_STEP][PASSED] - delay(3): Delayed 3 second(s)

2019-02-21 17:02:28 - [MESSAGE][PASSED] - Delayed 3 second(s)

2019-02-21 17:02:28 - [TEST_STEP][PASSED] - click(findTestObject("ZhiHao/General_User_Submit_form 7/GN_Application_Reg/Page_PERKESO/input_Tarikh kehilangan pekerjaan")): Object: 'Object Repository/ZhiHao/General_User_Submit_form 7/GN_Application_Reg/Page_PERKESO/input_Tarikh kehilangan pekerjaan' is clicked on

2019-02-21 17:02:29 - [MESSAGE][PASSED] - Object: 'Object Repository/ZhiHao/General_User_Submit_form 7/GN_Application_Reg/Page_PERKESO/input_Tarikh kehilangan pekerjaan' is clicked on

2019-02-21 17:02:29 - [TEST_STEP][PASSED] - click(findTestObject("ZhiHao/General_User_Submit_form 7/GN_Application_Reg/Page_PERKESO/select_loe_date")): Object: 'Object Repository/ZhiHao/General_User_Submit_form 7/GN_Application_Reg/Page_PERKESO/select_loe_date' is clicked on

2019-02-21 17:02:29 - [MESSAGE][PASSED] - Object: 'Object Repository/ZhiHao/General_User_Submit_form 7/GN_Application_Reg/Page_PERKESO/select_loe_date' is clicked on

2019-02-21 17:02:29 - [TEST_STEP][PASSED] - click(findTestObject("ZhiHao/General_User_Submit_form 7/GN_Application_Reg/Page_PERKESO/button_Mohon")): Object: 'Object Repository/ZhiHao/General_User_Submit_form 7/GN_Application_Reg/Page_PERKESO/button_Mohon' is clicked on

2019-02-21 17:02:29 - [MESSAGE][PASSED] - Object: 'Object Repository/ZhiHao/General_User_Submit_form 7/GN_Application_Reg/Page_PERKESO/button_Mohon' is clicked on

2019-02-21 17:02:29 - [TEST_STEP][PASSED] - delay(3): Delayed 3 second(s)

2019-02-21 17:02:32 - [MESSAGE][PASSED] - Delayed 3 second(s)

2019-02-21 17:02:32 - [TEST_STEP][PASSED] - click(findTestObject("ZhiHao/General_User_Submit_form 7/GN_Application_Reg/Page_PERKESO/select_pejabat_perkeso")): Object: 'Object Repository/ZhiHao/General_User_Submit_form 7/GN_Application_Reg/Page_PERKESO/select_pejabat_perkeso' is clicked on

2019-02-21 17:02:32 - [MESSAGE][PASSED] - Object: 'Object Repository/ZhiHao/General_User_Submit_form 7/GN_Application_Reg/Page_PERKESO/select_pejabat_perkeso' is clicked on

2019-02-21 17:02:32 - [TEST_STEP][PASSED] - selectOptionByValue(findTestObject("ZhiHao/General_User_Submit_form 7/GN_Application_Reg/Page_PERKESO/select_pejabat_perkeso"), "22", true): All options with value '22' are selected in object 'Object Repository/ZhiHao/General_User_Submit_form 7/GN_Application_Reg/Page_PERKESO/select_pejabat_perkeso'  using regular expression

2019-02-21 17:02:33 - [MESSAGE][PASSED] - All options with value '22' are selected in object 'Object Repository/ZhiHao/General_User_Submit_form 7/GN_Application_Reg/Page_PERKESO/select_pejabat_perkeso'  using regular expression

2019-02-21 17:02:33 - [TEST_STEP][PASSED] - click(findTestObject("ZhiHao/General_User_Submit_form 7/GN_Application_Reg/Page_PERKESO/button_Halaman Seterus")): Object: 'Object Repository/ZhiHao/General_User_Submit_form 7/GN_Application_Reg/Page_PERKESO/button_Halaman Seterus' is clicked on

2019-02-21 17:02:34 - [MESSAGE][PASSED] - Object: 'Object Repository/ZhiHao/General_User_Submit_form 7/GN_Application_Reg/Page_PERKESO/button_Halaman Seterus' is clicked on

2019-02-21 17:02:34 - [TEST_STEP][PASSED] - delay(5): Delayed 5 second(s)

2019-02-21 17:02:39 - [MESSAGE][PASSED] - Delayed 5 second(s)

2019-02-21 17:02:39 - [MESSAGE][PASSED] - Call Test Case 'Test Cases/All TC/Arranged/3. Unit/EI/GN submit form 7/GN_Application_Reg' successfully

2019-02-21 17:02:39 - [TEST_STEP][PASSED] - callTestCase(findTestCase("All TC/Arranged/3. Unit/EI/GN submit form 7/GN_Submit Form 7_Section A"), [:], STOP_ON_FAILURE): Call Test Case 'Test Cases/All TC/Arranged/3. Unit/EI/GN submit form 7/GN_Submit Form 7_Section A' successfully

2019-02-21 17:02:39 - [TEST_CASE][PASSED] - Test Cases/All TC/Arranged/3. Unit/EI/GN submit form 7/GN_Submit Form 7_Section A: Test Cases/All TC/Arranged/3. Unit/EI/GN submit form 7/GN_Submit Form 7_Section A

2019-02-21 17:02:39 - [TEST_STEP][PASSED] - setText(findTestObject("ZhiHao/General_User_Submit_form 7/GN_Submit Form 7_Section A/Page_PERKESO/input__employeeDob_A4"), "11/12/1987"): Text '11/12/1987' is set on object 'Object Repository/ZhiHao/General_User_Submit_form 7/GN_Submit Form 7_Section A/Page_PERKESO/input__employeeDob_A4'

2019-02-21 17:02:39 - [MESSAGE][PASSED] - Text '11/12/1987' is set on object 'Object Repository/ZhiHao/General_User_Submit_form 7/GN_Submit Form 7_Section A/Page_PERKESO/input__employeeDob_A4'

2019-02-21 17:02:39 - [TEST_STEP][PASSED] - click(findTestObject("ZhiHao/General_User_Submit_form 7/GN_Submit Form 7_Section A/Page_PERKESO/button_Done_A4")): Object: 'Object Repository/ZhiHao/General_User_Submit_form 7/GN_Submit Form 7_Section A/Page_PERKESO/button_Done_A4' is clicked on

2019-02-21 17:02:39 - [MESSAGE][PASSED] - Object: 'Object Repository/ZhiHao/General_User_Submit_form 7/GN_Submit Form 7_Section A/Page_PERKESO/button_Done_A4' is clicked on

2019-02-21 17:02:39 - [TEST_STEP][PASSED] - click(findTestObject("ZhiHao/General_User_Submit_form 7/GN_Submit Form 7_Section A/Page_PERKESO/span_A5")): Object: 'Object Repository/ZhiHao/General_User_Submit_form 7/GN_Submit Form 7_Section A/Page_PERKESO/span_A5' is clicked on

2019-02-21 17:02:39 - [MESSAGE][PASSED] - Object: 'Object Repository/ZhiHao/General_User_Submit_form 7/GN_Submit Form 7_Section A/Page_PERKESO/span_A5' is clicked on

2019-02-21 17:02:39 - [TEST_STEP][PASSED] - click(findTestObject("ZhiHao/General_User_Submit_form 7/GN_Submit Form 7_Section A/Page_PERKESO/select_Bumiputera Sabah_A5")): Object: 'Object Repository/ZhiHao/General_User_Submit_form 7/GN_Submit Form 7_Section A/Page_PERKESO/select_Bumiputera Sabah_A5' is clicked on

2019-02-21 17:02:40 - [MESSAGE][PASSED] - Object: 'Object Repository/ZhiHao/General_User_Submit_form 7/GN_Submit Form 7_Section A/Page_PERKESO/select_Bumiputera Sabah_A5' is clicked on

2019-02-21 17:02:40 - [TEST_STEP][PASSED] - click(findTestObject("ZhiHao/General_User_Submit_form 7/GN_Submit Form 7_Section A/Page_PERKESO/span_A6")): Object: 'Object Repository/ZhiHao/General_User_Submit_form 7/GN_Submit Form 7_Section A/Page_PERKESO/span_A6' is clicked on

2019-02-21 17:02:40 - [MESSAGE][PASSED] - Object: 'Object Repository/ZhiHao/General_User_Submit_form 7/GN_Submit Form 7_Section A/Page_PERKESO/span_A6' is clicked on

2019-02-21 17:02:40 - [TEST_STEP][PASSED] - click(findTestObject("ZhiHao/General_User_Submit_form 7/GN_Submit Form 7_Section A/Page_PERKESO/select_Lelaki_A6")): Object: 'Object Repository/ZhiHao/General_User_Submit_form 7/GN_Submit Form 7_Section A/Page_PERKESO/select_Lelaki_A6' is clicked on

2019-02-21 17:02:40 - [MESSAGE][PASSED] - Object: 'Object Repository/ZhiHao/General_User_Submit_form 7/GN_Submit Form 7_Section A/Page_PERKESO/select_Lelaki_A6' is clicked on

2019-02-21 17:02:40 - [TEST_STEP][PASSED] - click(findTestObject("ZhiHao/General_User_Submit_form 7/GN_Submit Form 7_Section A/Page_PERKESO/span_A7")): Object: 'Object Repository/ZhiHao/General_User_Submit_form 7/GN_Submit Form 7_Section A/Page_PERKESO/span_A7' is clicked on

2019-02-21 17:02:40 - [MESSAGE][PASSED] - Object: 'Object Repository/ZhiHao/General_User_Submit_form 7/GN_Submit Form 7_Section A/Page_PERKESO/span_A7' is clicked on

2019-02-21 17:02:40 - [TEST_STEP][PASSED] - click(findTestObject("ZhiHao/General_User_Submit_form 7/GN_Submit Form 7_Section A/Page_PERKESO/select_Malaysia_A7")): Object: 'Object Repository/ZhiHao/General_User_Submit_form 7/GN_Submit Form 7_Section A/Page_PERKESO/select_Malaysia_A7' is clicked on

2019-02-21 17:02:40 - [MESSAGE][PASSED] - Object: 'Object Repository/ZhiHao/General_User_Submit_form 7/GN_Submit Form 7_Section A/Page_PERKESO/select_Malaysia_A7' is clicked on

2019-02-21 17:02:40 - [TEST_STEP][PASSED] - click(findTestObject("ZhiHao/General_User_Submit_form 7/GN_Submit Form 7_Section A/Page_PERKESO/span_A8")): Object: 'Object Repository/ZhiHao/General_User_Submit_form 7/GN_Submit Form 7_Section A/Page_PERKESO/span_A8' is clicked on

2019-02-21 17:02:40 - [MESSAGE][PASSED] - Object: 'Object Repository/ZhiHao/General_User_Submit_form 7/GN_Submit Form 7_Section A/Page_PERKESO/span_A8' is clicked on

2019-02-21 17:02:40 - [TEST_STEP][PASSED] - click(findTestObject("ZhiHao/General_User_Submit_form 7/GN_Submit Form 7_Section A/Page_PERKESO/select_Berkahwin_A8")): Object: 'Object Repository/ZhiHao/General_User_Submit_form 7/GN_Submit Form 7_Section A/Page_PERKESO/select_Berkahwin_A8' is clicked on

2019-02-21 17:02:40 - [MESSAGE][PASSED] - Object: 'Object Repository/ZhiHao/General_User_Submit_form 7/GN_Submit Form 7_Section A/Page_PERKESO/select_Berkahwin_A8' is clicked on

2019-02-21 17:02:40 - [TEST_STEP][PASSED] - setText(findTestObject("ZhiHao/General_User_Submit_form 7/GN_Submit Form 7_Section A/Page_PERKESO/input__address1_A9"), "NO1, taman jaya"): Text 'NO1, taman jaya' is set on object 'Object Repository/ZhiHao/General_User_Submit_form 7/GN_Submit Form 7_Section A/Page_PERKESO/input__address1_A9'

2019-02-21 17:02:41 - [MESSAGE][PASSED] - Text 'NO1, taman jaya' is set on object 'Object Repository/ZhiHao/General_User_Submit_form 7/GN_Submit Form 7_Section A/Page_PERKESO/input__address1_A9'

2019-02-21 17:02:41 - [TEST_STEP][PASSED] - click(findTestObject("ZhiHao/General_User_Submit_form 7/GN_Submit Form 7_Section A/Page_PERKESO/span_A10")): Object: 'Object Repository/ZhiHao/General_User_Submit_form 7/GN_Submit Form 7_Section A/Page_PERKESO/span_A10' is clicked on

2019-02-21 17:02:41 - [MESSAGE][PASSED] - Object: 'Object Repository/ZhiHao/General_User_Submit_form 7/GN_Submit Form 7_Section A/Page_PERKESO/span_A10' is clicked on

2019-02-21 17:02:41 - [TEST_STEP][PASSED] - delay(3): Delayed 3 second(s)

2019-02-21 17:02:44 - [MESSAGE][PASSED] - Delayed 3 second(s)

2019-02-21 17:02:44 - [TEST_STEP][PASSED] - click(findTestObject("ZhiHao/General_User_Submit_form 7/GN_Submit Form 7_Section A/Page_PERKESO/select_JOHOR_A10")): Object: 'Object Repository/ZhiHao/General_User_Submit_form 7/GN_Submit Form 7_Section A/Page_PERKESO/select_JOHOR_A10' is clicked on

2019-02-21 17:02:44 - [MESSAGE][PASSED] - Object: 'Object Repository/ZhiHao/General_User_Submit_form 7/GN_Submit Form 7_Section A/Page_PERKESO/select_JOHOR_A10' is clicked on

2019-02-21 17:02:44 - [TEST_STEP][PASSED] - delay(3): Delayed 3 second(s)

2019-02-21 17:02:47 - [MESSAGE][PASSED] - Delayed 3 second(s)

2019-02-21 17:02:47 - [TEST_STEP][PASSED] - click(findTestObject("ZhiHao/General_User_Submit_form 7/GN_Submit Form 7_Section A/Page_PERKESO/span_A11")): Object: 'Object Repository/ZhiHao/General_User_Submit_form 7/GN_Submit Form 7_Section A/Page_PERKESO/span_A11' is clicked on

2019-02-21 17:02:47 - [MESSAGE][PASSED] - Object: 'Object Repository/ZhiHao/General_User_Submit_form 7/GN_Submit Form 7_Section A/Page_PERKESO/span_A11' is clicked on

2019-02-21 17:02:47 - [TEST_STEP][PASSED] - delay(3): Delayed 3 second(s)

2019-02-21 17:02:50 - [MESSAGE][PASSED] - Delayed 3 second(s)

2019-02-21 17:02:50 - [TEST_STEP][PASSED] - setText(findTestObject("ZhiHao/General_User_Submit_form 7/GN_Submit Form 7_Section A/Page_PERKESO/input_Search Bandar_A11 (1)"), "jo"): Text 'jo' is set on object 'Object Repository/ZhiHao/General_User_Submit_form 7/GN_Submit Form 7_Section A/Page_PERKESO/input_Search Bandar_A11 (1)'

2019-02-21 17:02:51 - [MESSAGE][PASSED] - Text 'jo' is set on object 'Object Repository/ZhiHao/General_User_Submit_form 7/GN_Submit Form 7_Section A/Page_PERKESO/input_Search Bandar_A11 (1)'

2019-02-21 17:02:51 - [TEST_STEP][PASSED] - delay(3): Delayed 3 second(s)

2019-02-21 17:02:54 - [MESSAGE][PASSED] - Delayed 3 second(s)

2019-02-21 17:02:54 - [TEST_STEP][PASSED] - setText(findTestObject("ZhiHao/General_User_Submit_form 7/GN_Submit Form 7_Section A/Page_PERKESO/input_Search Bandar_A11 (2)"), "jo"): Text 'jo' is set on object 'Object Repository/ZhiHao/General_User_Submit_form 7/GN_Submit Form 7_Section A/Page_PERKESO/input_Search Bandar_A11 (2)'

2019-02-21 17:02:54 - [MESSAGE][PASSED] - Text 'jo' is set on object 'Object Repository/ZhiHao/General_User_Submit_form 7/GN_Submit Form 7_Section A/Page_PERKESO/input_Search Bandar_A11 (2)'

2019-02-21 17:02:54 - [TEST_STEP][PASSED] - delay(3): Delayed 3 second(s)

2019-02-21 17:02:57 - [MESSAGE][PASSED] - Delayed 3 second(s)

2019-02-21 17:02:57 - [TEST_STEP][PASSED] - click(findTestObject("ZhiHao/General_User_Submit_form 7/GN_Submit Form 7_Section A/Page_PERKESO/select_JOHOR BAHRU_A11")): Object: 'Object Repository/ZhiHao/General_User_Submit_form 7/GN_Submit Form 7_Section A/Page_PERKESO/select_JOHOR BAHRU_A11' is clicked on

2019-02-21 17:02:57 - [MESSAGE][PASSED] - Object: 'Object Repository/ZhiHao/General_User_Submit_form 7/GN_Submit Form 7_Section A/Page_PERKESO/select_JOHOR BAHRU_A11' is clicked on

2019-02-21 17:02:57 - [TEST_STEP][PASSED] - delay(5): Delayed 5 second(s)

2019-02-21 17:03:02 - [MESSAGE][PASSED] - Delayed 5 second(s)

2019-02-21 17:03:02 - [TEST_STEP][PASSED] - click(findTestObject("ZhiHao/General_User_Submit_form 7/GN_Submit Form 7_Section A/Page_PERKESO/span_A12")): Object: 'Object Repository/ZhiHao/General_User_Submit_form 7/GN_Submit Form 7_Section A/Page_PERKESO/span_A12' is clicked on

2019-02-21 17:03:02 - [MESSAGE][PASSED] - Object: 'Object Repository/ZhiHao/General_User_Submit_form 7/GN_Submit Form 7_Section A/Page_PERKESO/span_A12' is clicked on

2019-02-21 17:03:02 - [TEST_STEP][PASSED] - setText(findTestObject("ZhiHao/General_User_Submit_form 7/GN_Submit Form 7_Section A/Page_PERKESO/input_Search Postcode_A12"), "80"): Text '80' is set on object 'Object Repository/ZhiHao/General_User_Submit_form 7/GN_Submit Form 7_Section A/Page_PERKESO/input_Search Postcode_A12'

2019-02-21 17:03:02 - [MESSAGE][PASSED] - Text '80' is set on object 'Object Repository/ZhiHao/General_User_Submit_form 7/GN_Submit Form 7_Section A/Page_PERKESO/input_Search Postcode_A12'

2019-02-21 17:03:02 - [TEST_STEP][PASSED] - delay(3): Delayed 3 second(s)

2019-02-21 17:03:05 - [MESSAGE][PASSED] - Delayed 3 second(s)

2019-02-21 17:03:05 - [TEST_STEP][PASSED] - click(findTestObject("ZhiHao/General_User_Submit_form 7/GN_Submit Form 7_Section A/Page_PERKESO/select_80000_A12")): Object: 'Object Repository/ZhiHao/General_User_Submit_form 7/GN_Submit Form 7_Section A/Page_PERKESO/select_80000_A12' is clicked on

2019-02-21 17:03:06 - [MESSAGE][PASSED] - Object: 'Object Repository/ZhiHao/General_User_Submit_form 7/GN_Submit Form 7_Section A/Page_PERKESO/select_80000_A12' is clicked on

2019-02-21 17:03:06 - [TEST_STEP][PASSED] - delay(3): Delayed 3 second(s)

2019-02-21 17:03:09 - [MESSAGE][PASSED] - Delayed 3 second(s)

2019-02-21 17:03:09 - [TEST_STEP][PASSED] - setText(findTestObject("ZhiHao/General_User_Submit_form 7/GN_Submit Form 7_Section A/Page_PERKESO/input__mobileContact1_A13"), "0122837465"): Text '0122837465' is set on object 'Object Repository/ZhiHao/General_User_Submit_form 7/GN_Submit Form 7_Section A/Page_PERKESO/input__mobileContact1_A13'

2019-02-21 17:03:09 - [MESSAGE][PASSED] - Text '0122837465' is set on object 'Object Repository/ZhiHao/General_User_Submit_form 7/GN_Submit Form 7_Section A/Page_PERKESO/input__mobileContact1_A13'

2019-02-21 17:03:09 - [TEST_STEP][PASSED] - click(findTestObject("ZhiHao/General_User_Submit_form 7/GN_Submit Form 7_Section A/Page_PERKESO/button_Halaman Seterus")): Object: 'Object Repository/ZhiHao/General_User_Submit_form 7/GN_Submit Form 7_Section A/Page_PERKESO/button_Halaman Seterus' is clicked on

2019-02-21 17:03:09 - [MESSAGE][PASSED] - Object: 'Object Repository/ZhiHao/General_User_Submit_form 7/GN_Submit Form 7_Section A/Page_PERKESO/button_Halaman Seterus' is clicked on

2019-02-21 17:03:09 - [TEST_STEP][PASSED] - delay(5): Delayed 5 second(s)

2019-02-21 17:03:14 - [MESSAGE][PASSED] - Delayed 5 second(s)

2019-02-21 17:03:14 - [MESSAGE][PASSED] - Call Test Case 'Test Cases/All TC/Arranged/3. Unit/EI/GN submit form 7/GN_Submit Form 7_Section A' successfully

2019-02-21 17:03:14 - [TEST_STEP][PASSED] - callTestCase(findTestCase("All TC/Arranged/3. Unit/EI/GN submit form 7/GN_Submit Form 7_Section B"), [:], STOP_ON_FAILURE): Call Test Case 'Test Cases/All TC/Arranged/3. Unit/EI/GN submit form 7/GN_Submit Form 7_Section B' successfully

2019-02-21 17:03:14 - [TEST_CASE][PASSED] - Test Cases/All TC/Arranged/3. Unit/EI/GN submit form 7/GN_Submit Form 7_Section B: Test Cases/All TC/Arranged/3. Unit/EI/GN submit form 7/GN_Submit Form 7_Section B

2019-02-21 17:03:14 - [TEST_STEP][PASSED] - delay(2): Delayed 2 second(s)

2019-02-21 17:03:16 - [MESSAGE][PASSED] - Delayed 2 second(s)

2019-02-21 17:03:16 - [TEST_STEP][PASSED] - click(findTestObject("ZhiHao/General_User_Submit_form 7/GN_Submit Form 7_Section B/Page_PERKESO/span_B1")): Object: 'Object Repository/ZhiHao/General_User_Submit_form 7/GN_Submit Form 7_Section B/Page_PERKESO/span_B1' is clicked on

2019-02-21 17:03:17 - [MESSAGE][PASSED] - Object: 'Object Repository/ZhiHao/General_User_Submit_form 7/GN_Submit Form 7_Section B/Page_PERKESO/span_B1' is clicked on

2019-02-21 17:03:17 - [TEST_STEP][PASSED] - setText(findTestObject("ZhiHao/General_User_Submit_form 7/GN_Submit Form 7_Section B/Page_PERKESO/input_Search Jawatan_B1 (1)"), "of"): Text 'of' is set on object 'Object Repository/ZhiHao/General_User_Submit_form 7/GN_Submit Form 7_Section B/Page_PERKESO/input_Search Jawatan_B1 (1)'

2019-02-21 17:03:17 - [MESSAGE][PASSED] - Text 'of' is set on object 'Object Repository/ZhiHao/General_User_Submit_form 7/GN_Submit Form 7_Section B/Page_PERKESO/input_Search Jawatan_B1 (1)'

2019-02-21 17:03:17 - [TEST_STEP][PASSED] - setText(findTestObject("ZhiHao/General_User_Submit_form 7/GN_Submit Form 7_Section B/Page_PERKESO/input_Search Jawatan_B1 (2)"), "of"): Text 'of' is set on object 'Object Repository/ZhiHao/General_User_Submit_form 7/GN_Submit Form 7_Section B/Page_PERKESO/input_Search Jawatan_B1 (2)'

2019-02-21 17:03:17 - [MESSAGE][PASSED] - Text 'of' is set on object 'Object Repository/ZhiHao/General_User_Submit_form 7/GN_Submit Form 7_Section B/Page_PERKESO/input_Search Jawatan_B1 (2)'

2019-02-21 17:03:17 - [TEST_STEP][PASSED] - click(findTestObject("ZhiHao/General_User_Submit_form 7/GN_Submit Form 7_Section B/Page_PERKESO/select_Ahli Geofizik Kanan_B1")): Object: 'Object Repository/ZhiHao/General_User_Submit_form 7/GN_Submit Form 7_Section B/Page_PERKESO/select_Ahli Geofizik Kanan_B1' is clicked on

2019-02-21 17:03:17 - [MESSAGE][PASSED] - Object: 'Object Repository/ZhiHao/General_User_Submit_form 7/GN_Submit Form 7_Section B/Page_PERKESO/select_Ahli Geofizik Kanan_B1' is clicked on

2019-02-21 17:03:17 - [TEST_STEP][PASSED] - click(findTestObject("ZhiHao/General_User_Submit_form 7/GN_Submit Form 7_Section B/Page_PERKESO/input__lastEmploymentStartDate_B2")): Object: 'Object Repository/ZhiHao/General_User_Submit_form 7/GN_Submit Form 7_Section B/Page_PERKESO/input__lastEmploymentStartDate_B2' is clicked on

2019-02-21 17:03:17 - [MESSAGE][PASSED] - Object: 'Object Repository/ZhiHao/General_User_Submit_form 7/GN_Submit Form 7_Section B/Page_PERKESO/input__lastEmploymentStartDate_B2' is clicked on

2019-02-21 17:03:17 - [TEST_STEP][PASSED] - setText(findTestObject("ZhiHao/General_User_Submit_form 7/GN_Submit Form 7_Section B/Page_PERKESO/input__lastEmploymentStartDate_B2"), "1/1/2010"): Text '1/1/2010' is set on object 'Object Repository/ZhiHao/General_User_Submit_form 7/GN_Submit Form 7_Section B/Page_PERKESO/input__lastEmploymentStartDate_B2'

2019-02-21 17:03:18 - [MESSAGE][PASSED] - Text '1/1/2010' is set on object 'Object Repository/ZhiHao/General_User_Submit_form 7/GN_Submit Form 7_Section B/Page_PERKESO/input__lastEmploymentStartDate_B2'

2019-02-21 17:03:18 - [TEST_STEP][PASSED] - click(findTestObject("ZhiHao/General_User_Submit_form 7/GN_Submit Form 7_Section B/Page_PERKESO/button_Done_B2")): Object: 'Object Repository/ZhiHao/General_User_Submit_form 7/GN_Submit Form 7_Section B/Page_PERKESO/button_Done_B2' is clicked on

2019-02-21 17:03:18 - [MESSAGE][PASSED] - Object: 'Object Repository/ZhiHao/General_User_Submit_form 7/GN_Submit Form 7_Section B/Page_PERKESO/button_Done_B2' is clicked on

2019-02-21 17:03:18 - [TEST_STEP][PASSED] - click(findTestObject("ZhiHao/General_User_Submit_form 7/GN_Submit Form 7_Section B/Page_PERKESO/span_B4")): Object: 'Object Repository/ZhiHao/General_User_Submit_form 7/GN_Submit Form 7_Section B/Page_PERKESO/span_B4' is clicked on

2019-02-21 17:03:18 - [MESSAGE][PASSED] - Object: 'Object Repository/ZhiHao/General_User_Submit_form 7/GN_Submit Form 7_Section B/Page_PERKESO/span_B4' is clicked on

2019-02-21 17:03:18 - [TEST_STEP][PASSED] - click(findTestObject("ZhiHao/General_User_Submit_form 7/GN_Submit Form 7_Section B/Page_PERKESO/select_Tetap_B4")): Object: 'Object Repository/ZhiHao/General_User_Submit_form 7/GN_Submit Form 7_Section B/Page_PERKESO/select_Tetap_B4' is clicked on

2019-02-21 17:03:18 - [MESSAGE][PASSED] - Object: 'Object Repository/ZhiHao/General_User_Submit_form 7/GN_Submit Form 7_Section B/Page_PERKESO/select_Tetap_B4' is clicked on

2019-02-21 17:03:18 - [TEST_STEP][PASSED] - setText(findTestObject("ZhiHao/General_User_Submit_form 7/GN_Submit Form 7_Section B/Page_PERKESO/input_Gaji (RM)_B5"), "3000"): Text '3000' is set on object 'Object Repository/ZhiHao/General_User_Submit_form 7/GN_Submit Form 7_Section B/Page_PERKESO/input_Gaji (RM)_B5'

2019-02-21 17:03:19 - [MESSAGE][PASSED] - Text '3000' is set on object 'Object Repository/ZhiHao/General_User_Submit_form 7/GN_Submit Form 7_Section B/Page_PERKESO/input_Gaji (RM)_B5'

2019-02-21 17:03:19 - [TEST_STEP][PASSED] - setText(findTestObject("ZhiHao/General_User_Submit_form 7/GN_Submit Form 7_Section B/Page_PERKESO/input_Gaji (RM)_B5(2)"), "3000"): Text '3000' is set on object 'Object Repository/ZhiHao/General_User_Submit_form 7/GN_Submit Form 7_Section B/Page_PERKESO/input_Gaji (RM)_B5(2)'

2019-02-21 17:03:19 - [MESSAGE][PASSED] - Text '3000' is set on object 'Object Repository/ZhiHao/General_User_Submit_form 7/GN_Submit Form 7_Section B/Page_PERKESO/input_Gaji (RM)_B5(2)'

2019-02-21 17:03:19 - [TEST_STEP][PASSED] - setText(findTestObject("ZhiHao/General_User_Submit_form 7/GN_Submit Form 7_Section B/Page_PERKESO/input_Gaji (RM)_B5(3)"), "3000"): Text '3000' is set on object 'Object Repository/ZhiHao/General_User_Submit_form 7/GN_Submit Form 7_Section B/Page_PERKESO/input_Gaji (RM)_B5(3)'

2019-02-21 17:03:19 - [MESSAGE][PASSED] - Text '3000' is set on object 'Object Repository/ZhiHao/General_User_Submit_form 7/GN_Submit Form 7_Section B/Page_PERKESO/input_Gaji (RM)_B5(3)'

2019-02-21 17:03:19 - [TEST_STEP][PASSED] - setText(findTestObject("ZhiHao/General_User_Submit_form 7/GN_Submit Form 7_Section B/Page_PERKESO/input_Gaji (RM)_B5(4)"), "3000"): Text '3000' is set on object 'Object Repository/ZhiHao/General_User_Submit_form 7/GN_Submit Form 7_Section B/Page_PERKESO/input_Gaji (RM)_B5(4)'

2019-02-21 17:03:19 - [MESSAGE][PASSED] - Text '3000' is set on object 'Object Repository/ZhiHao/General_User_Submit_form 7/GN_Submit Form 7_Section B/Page_PERKESO/input_Gaji (RM)_B5(4)'

2019-02-21 17:03:19 - [TEST_STEP][PASSED] - setText(findTestObject("ZhiHao/General_User_Submit_form 7/GN_Submit Form 7_Section B/Page_PERKESO/input_Gaji (RM)_B5(5)"), "3000"): Text '3000' is set on object 'Object Repository/ZhiHao/General_User_Submit_form 7/GN_Submit Form 7_Section B/Page_PERKESO/input_Gaji (RM)_B5(5)'

2019-02-21 17:03:19 - [MESSAGE][PASSED] - Text '3000' is set on object 'Object Repository/ZhiHao/General_User_Submit_form 7/GN_Submit Form 7_Section B/Page_PERKESO/input_Gaji (RM)_B5(5)'

2019-02-21 17:03:19 - [TEST_STEP][PASSED] - setText(findTestObject("ZhiHao/General_User_Submit_form 7/GN_Submit Form 7_Section B/Page_PERKESO/input_Gaji (RM)_B5(6)"), "3000"): Text '3000' is set on object 'Object Repository/ZhiHao/General_User_Submit_form 7/GN_Submit Form 7_Section B/Page_PERKESO/input_Gaji (RM)_B5(6)'

2019-02-21 17:03:20 - [MESSAGE][PASSED] - Text '3000' is set on object 'Object Repository/ZhiHao/General_User_Submit_form 7/GN_Submit Form 7_Section B/Page_PERKESO/input_Gaji (RM)_B5(6)'

2019-02-21 17:03:20 - [TEST_STEP][PASSED] - setText(findTestObject("ZhiHao/General_User_Submit_form 7/GN_Submit Form 7_Section B/Page_PERKESO/input_Gaji (RM)_B5(7)"), "3000"): Text '3000' is set on object 'Object Repository/ZhiHao/General_User_Submit_form 7/GN_Submit Form 7_Section B/Page_PERKESO/input_Gaji (RM)_B5(7)'

2019-02-21 17:03:20 - [MESSAGE][PASSED] - Text '3000' is set on object 'Object Repository/ZhiHao/General_User_Submit_form 7/GN_Submit Form 7_Section B/Page_PERKESO/input_Gaji (RM)_B5(7)'

2019-02-21 17:03:20 - [TEST_STEP][PASSED] - setText(findTestObject("ZhiHao/General_User_Submit_form 7/GN_Submit Form 7_Section B/Page_PERKESO/input_Gaji (RM)_B5(8)"), "3000"): Text '3000' is set on object 'Object Repository/ZhiHao/General_User_Submit_form 7/GN_Submit Form 7_Section B/Page_PERKESO/input_Gaji (RM)_B5(8)'

2019-02-21 17:03:20 - [MESSAGE][PASSED] - Text '3000' is set on object 'Object Repository/ZhiHao/General_User_Submit_form 7/GN_Submit Form 7_Section B/Page_PERKESO/input_Gaji (RM)_B5(8)'

2019-02-21 17:03:20 - [TEST_STEP][PASSED] - click(findTestObject("ZhiHao/General_User_Submit_form 7/GN_Submit Form 7_Section B/Page_PERKESO/span_B6")): Object: 'Object Repository/ZhiHao/General_User_Submit_form 7/GN_Submit Form 7_Section B/Page_PERKESO/span_B6' is clicked on

2019-02-21 17:03:20 - [MESSAGE][PASSED] - Object: 'Object Repository/ZhiHao/General_User_Submit_form 7/GN_Submit Form 7_Section B/Page_PERKESO/span_B6' is clicked on

2019-02-21 17:03:20 - [TEST_STEP][PASSED] - click(findTestObject("ZhiHao/General_User_Submit_form 7/GN_Submit Form 7_Section B/Page_PERKESO/select_Diberhentikan tanpa sebab_B6")): Object: 'Object Repository/ZhiHao/General_User_Submit_form 7/GN_Submit Form 7_Section B/Page_PERKESO/select_Diberhentikan tanpa sebab_B6' is clicked on

2019-02-21 17:03:21 - [MESSAGE][PASSED] - Object: 'Object Repository/ZhiHao/General_User_Submit_form 7/GN_Submit Form 7_Section B/Page_PERKESO/select_Diberhentikan tanpa sebab_B6' is clicked on

2019-02-21 17:03:21 - [TEST_STEP][PASSED] - delay(2): Delayed 2 second(s)

2019-02-21 17:03:23 - [MESSAGE][PASSED] - Delayed 2 second(s)

2019-02-21 17:03:23 - [TEST_STEP][PASSED] - click(findTestObject("ZhiHao/General_User_Submit_form 7/GN_Submit Form 7_Section B/Page_PERKESO/input__averageWorkingHour_B7")): Object: 'Object Repository/ZhiHao/General_User_Submit_form 7/GN_Submit Form 7_Section B/Page_PERKESO/input__averageWorkingHour_B7' is clicked on

2019-02-21 17:03:23 - [MESSAGE][PASSED] - Object: 'Object Repository/ZhiHao/General_User_Submit_form 7/GN_Submit Form 7_Section B/Page_PERKESO/input__averageWorkingHour_B7' is clicked on

2019-02-21 17:03:23 - [TEST_STEP][PASSED] - setText(findTestObject("ZhiHao/General_User_Submit_form 7/GN_Submit Form 7_Section B/Page_PERKESO/input__averageWorkingHour_B7"), "33"): Text '33' is set on object 'Object Repository/ZhiHao/General_User_Submit_form 7/GN_Submit Form 7_Section B/Page_PERKESO/input__averageWorkingHour_B7'

2019-02-21 17:03:23 - [MESSAGE][PASSED] - Text '33' is set on object 'Object Repository/ZhiHao/General_User_Submit_form 7/GN_Submit Form 7_Section B/Page_PERKESO/input__averageWorkingHour_B7'

2019-02-21 17:03:23 - [TEST_STEP][PASSED] - click(findTestObject("ZhiHao/General_User_Submit_form 7/GN_Submit Form 7_Section B/Page_PERKESO/input_Tidak_B9")): Object: 'Object Repository/ZhiHao/General_User_Submit_form 7/GN_Submit Form 7_Section B/Page_PERKESO/input_Tidak_B9' is clicked on

2019-02-21 17:03:23 - [MESSAGE][PASSED] - Object: 'Object Repository/ZhiHao/General_User_Submit_form 7/GN_Submit Form 7_Section B/Page_PERKESO/input_Tidak_B9' is clicked on

2019-02-21 17:03:23 - [TEST_STEP][PASSED] - click(findTestObject("ZhiHao/General_User_Submit_form 7/GN_Submit Form 7_Section B/Page_PERKESO/input_Tidak_B10")): Object: 'Object Repository/ZhiHao/General_User_Submit_form 7/GN_Submit Form 7_Section B/Page_PERKESO/input_Tidak_B10' is clicked on

2019-02-21 17:03:23 - [MESSAGE][PASSED] - Object: 'Object Repository/ZhiHao/General_User_Submit_form 7/GN_Submit Form 7_Section B/Page_PERKESO/input_Tidak_B10' is clicked on

2019-02-21 17:03:23 - [TEST_STEP][PASSED] - click(findTestObject("ZhiHao/General_User_Submit_form 7/GN_Submit Form 7_Section B/Page_PERKESO/button_Halaman Seterus")): Object: 'Object Repository/ZhiHao/General_User_Submit_form 7/GN_Submit Form 7_Section B/Page_PERKESO/button_Halaman Seterus' is clicked on

2019-02-21 17:03:24 - [MESSAGE][PASSED] - Object: 'Object Repository/ZhiHao/General_User_Submit_form 7/GN_Submit Form 7_Section B/Page_PERKESO/button_Halaman Seterus' is clicked on

2019-02-21 17:03:24 - [TEST_STEP][PASSED] - delay(3): Delayed 3 second(s)

2019-02-21 17:03:27 - [MESSAGE][PASSED] - Delayed 3 second(s)

2019-02-21 17:03:27 - [MESSAGE][PASSED] - Call Test Case 'Test Cases/All TC/Arranged/3. Unit/EI/GN submit form 7/GN_Submit Form 7_Section B' successfully

2019-02-21 17:03:27 - [TEST_STEP][PASSED] - callTestCase(findTestCase("All TC/Arranged/3. Unit/EI/GN submit form 7/GN_Submit Form 7_Section C-D"), [:], STOP_ON_FAILURE): Call Test Case 'Test Cases/All TC/Arranged/3. Unit/EI/GN submit form 7/GN_Submit Form 7_Section C-D' successfully

2019-02-21 17:03:27 - [TEST_CASE][PASSED] - Test Cases/All TC/Arranged/3. Unit/EI/GN submit form 7/GN_Submit Form 7_Section C-D: Test Cases/All TC/Arranged/3. Unit/EI/GN submit form 7/GN_Submit Form 7_Section C-D

2019-02-21 17:03:27 - [TEST_STEP][PASSED] - click(findTestObject("ZhiHao/General_User_Submit_form 7/GN_Submit Form 7_Section C-D/Page_PERKESO/input__employer address_C4")): Object: 'Object Repository/ZhiHao/General_User_Submit_form 7/GN_Submit Form 7_Section C-D/Page_PERKESO/input__employer address_C4' is clicked on

2019-02-21 17:03:27 - [MESSAGE][PASSED] - Object: 'Object Repository/ZhiHao/General_User_Submit_form 7/GN_Submit Form 7_Section C-D/Page_PERKESO/input__employer address_C4' is clicked on

2019-02-21 17:03:27 - [TEST_STEP][PASSED] - setText(findTestObject("ZhiHao/General_User_Submit_form 7/GN_Submit Form 7_Section C-D/Page_PERKESO/input__employer address_C4"), "11, hahaha"): Text '11, hahaha' is set on object 'Object Repository/ZhiHao/General_User_Submit_form 7/GN_Submit Form 7_Section C-D/Page_PERKESO/input__employer address_C4'

2019-02-21 17:03:27 - [MESSAGE][PASSED] - Text '11, hahaha' is set on object 'Object Repository/ZhiHao/General_User_Submit_form 7/GN_Submit Form 7_Section C-D/Page_PERKESO/input__employer address_C4'

2019-02-21 17:03:27 - [TEST_STEP][PASSED] - click(findTestObject("ZhiHao/General_User_Submit_form 7/GN_Submit Form 7_Section C-D/Page_PERKESO/span_C5")): Object: 'Object Repository/ZhiHao/General_User_Submit_form 7/GN_Submit Form 7_Section C-D/Page_PERKESO/span_C5' is clicked on

2019-02-21 17:03:27 - [MESSAGE][PASSED] - Object: 'Object Repository/ZhiHao/General_User_Submit_form 7/GN_Submit Form 7_Section C-D/Page_PERKESO/span_C5' is clicked on

2019-02-21 17:03:27 - [TEST_STEP][PASSED] - delay(2): Delayed 2 second(s)

2019-02-21 17:03:29 - [MESSAGE][PASSED] - Delayed 2 second(s)

2019-02-21 17:03:29 - [TEST_STEP][PASSED] - click(findTestObject("ZhiHao/General_User_Submit_form 7/GN_Submit Form 7_Section C-D/Page_PERKESO/select_JOHOR_C5")): Object: 'Object Repository/ZhiHao/General_User_Submit_form 7/GN_Submit Form 7_Section C-D/Page_PERKESO/select_JOHOR_C5' is clicked on

2019-02-21 17:03:29 - [MESSAGE][PASSED] - Object: 'Object Repository/ZhiHao/General_User_Submit_form 7/GN_Submit Form 7_Section C-D/Page_PERKESO/select_JOHOR_C5' is clicked on

2019-02-21 17:03:29 - [TEST_STEP][PASSED] - delay(2): Delayed 2 second(s)

2019-02-21 17:03:31 - [MESSAGE][PASSED] - Delayed 2 second(s)

2019-02-21 17:03:31 - [TEST_STEP][PASSED] - click(findTestObject("ZhiHao/General_User_Submit_form 7/GN_Submit Form 7_Section C-D/Page_PERKESO/span_C6")): Object: 'Object Repository/ZhiHao/General_User_Submit_form 7/GN_Submit Form 7_Section C-D/Page_PERKESO/span_C6' is clicked on

2019-02-21 17:03:32 - [MESSAGE][PASSED] - Object: 'Object Repository/ZhiHao/General_User_Submit_form 7/GN_Submit Form 7_Section C-D/Page_PERKESO/span_C6' is clicked on

2019-02-21 17:03:32 - [TEST_STEP][PASSED] - delay(2): Delayed 2 second(s)

2019-02-21 17:03:34 - [MESSAGE][PASSED] - Delayed 2 second(s)

2019-02-21 17:03:34 - [TEST_STEP][PASSED] - setText(findTestObject("ZhiHao/General_User_Submit_form 7/GN_Submit Form 7_Section C-D/Page_PERKESO/input_Done_select2-search__fie_C6_C7"), "jo"): Text 'jo' is set on object 'Object Repository/ZhiHao/General_User_Submit_form 7/GN_Submit Form 7_Section C-D/Page_PERKESO/input_Done_select2-search__fie_C6_C7'

2019-02-21 17:03:34 - [MESSAGE][PASSED] - Text 'jo' is set on object 'Object Repository/ZhiHao/General_User_Submit_form 7/GN_Submit Form 7_Section C-D/Page_PERKESO/input_Done_select2-search__fie_C6_C7'

2019-02-21 17:03:34 - [TEST_STEP][PASSED] - delay(2): Delayed 2 second(s)

2019-02-21 17:03:36 - [MESSAGE][PASSED] - Delayed 2 second(s)

2019-02-21 17:03:36 - [TEST_STEP][PASSED] - setText(findTestObject("ZhiHao/General_User_Submit_form 7/GN_Submit Form 7_Section C-D/Page_PERKESO/input_Search Bandar_C6"), "jo"): Text 'jo' is set on object 'Object Repository/ZhiHao/General_User_Submit_form 7/GN_Submit Form 7_Section C-D/Page_PERKESO/input_Search Bandar_C6'

2019-02-21 17:03:37 - [MESSAGE][PASSED] - Text 'jo' is set on object 'Object Repository/ZhiHao/General_User_Submit_form 7/GN_Submit Form 7_Section C-D/Page_PERKESO/input_Search Bandar_C6'

2019-02-21 17:03:37 - [TEST_STEP][PASSED] - delay(2): Delayed 2 second(s)

2019-02-21 17:03:39 - [MESSAGE][PASSED] - Delayed 2 second(s)

2019-02-21 17:03:39 - [TEST_STEP][PASSED] - click(findTestObject("ZhiHao/General_User_Submit_form 7/GN_Submit Form 7_Section C-D/Page_PERKESO/select_JOHOR BAHRU_C6")): Object: 'Object Repository/ZhiHao/General_User_Submit_form 7/GN_Submit Form 7_Section C-D/Page_PERKESO/select_JOHOR BAHRU_C6' is clicked on

2019-02-21 17:03:39 - [MESSAGE][PASSED] - Object: 'Object Repository/ZhiHao/General_User_Submit_form 7/GN_Submit Form 7_Section C-D/Page_PERKESO/select_JOHOR BAHRU_C6' is clicked on

2019-02-21 17:03:39 - [TEST_STEP][PASSED] - delay(2): Delayed 2 second(s)

2019-02-21 17:03:41 - [MESSAGE][PASSED] - Delayed 2 second(s)

2019-02-21 17:03:41 - [TEST_STEP][PASSED] - click(findTestObject("ZhiHao/General_User_Submit_form 7/GN_Submit Form 7_Section C-D/Page_PERKESO/span_C7")): Object: 'Object Repository/ZhiHao/General_User_Submit_form 7/GN_Submit Form 7_Section C-D/Page_PERKESO/span_C7' is clicked on

2019-02-21 17:03:41 - [MESSAGE][PASSED] - Object: 'Object Repository/ZhiHao/General_User_Submit_form 7/GN_Submit Form 7_Section C-D/Page_PERKESO/span_C7' is clicked on

2019-02-21 17:03:41 - [TEST_STEP][PASSED] - delay(2): Delayed 2 second(s)

2019-02-21 17:03:43 - [MESSAGE][PASSED] - Delayed 2 second(s)

2019-02-21 17:03:43 - [TEST_STEP][PASSED] - setText(findTestObject("ZhiHao/General_User_Submit_form 7/GN_Submit Form 7_Section C-D/Page_PERKESO/input_Done_select2-search__fie_C6_C7"), "80"): Text '80' is set on object 'Object Repository/ZhiHao/General_User_Submit_form 7/GN_Submit Form 7_Section C-D/Page_PERKESO/input_Done_select2-search__fie_C6_C7'

2019-02-21 17:03:43 - [MESSAGE][PASSED] - Text '80' is set on object 'Object Repository/ZhiHao/General_User_Submit_form 7/GN_Submit Form 7_Section C-D/Page_PERKESO/input_Done_select2-search__fie_C6_C7'

2019-02-21 17:03:43 - [TEST_STEP][PASSED] - delay(2): Delayed 2 second(s)

2019-02-21 17:03:45 - [MESSAGE][PASSED] - Delayed 2 second(s)

2019-02-21 17:03:45 - [TEST_STEP][PASSED] - setText(findTestObject("ZhiHao/General_User_Submit_form 7/GN_Submit Form 7_Section C-D/Page_PERKESO/input_Search Postcode_C7"), "80"): Text '80' is set on object 'Object Repository/ZhiHao/General_User_Submit_form 7/GN_Submit Form 7_Section C-D/Page_PERKESO/input_Search Postcode_C7'

2019-02-21 17:03:45 - [MESSAGE][PASSED] - Text '80' is set on object 'Object Repository/ZhiHao/General_User_Submit_form 7/GN_Submit Form 7_Section C-D/Page_PERKESO/input_Search Postcode_C7'

2019-02-21 17:03:45 - [TEST_STEP][PASSED] - delay(2): Delayed 2 second(s)

2019-02-21 17:03:47 - [MESSAGE][PASSED] - Delayed 2 second(s)

2019-02-21 17:03:47 - [TEST_STEP][PASSED] - click(findTestObject("ZhiHao/General_User_Submit_form 7/GN_Submit Form 7_Section C-D/Page_PERKESO/select_80000_C7")): Object: 'Object Repository/ZhiHao/General_User_Submit_form 7/GN_Submit Form 7_Section C-D/Page_PERKESO/select_80000_C7' is clicked on

2019-02-21 17:03:48 - [MESSAGE][PASSED] - Object: 'Object Repository/ZhiHao/General_User_Submit_form 7/GN_Submit Form 7_Section C-D/Page_PERKESO/select_80000_C7' is clicked on

2019-02-21 17:03:48 - [TEST_STEP][PASSED] - click(findTestObject("ZhiHao/General_User_Submit_form 7/GN_Submit Form 7_Section C-D/Page_PERKESO/input_Tidak_C8")): Object: 'Object Repository/ZhiHao/General_User_Submit_form 7/GN_Submit Form 7_Section C-D/Page_PERKESO/input_Tidak_C8' is clicked on

2019-02-21 17:03:48 - [MESSAGE][PASSED] - Object: 'Object Repository/ZhiHao/General_User_Submit_form 7/GN_Submit Form 7_Section C-D/Page_PERKESO/input_Tidak_C8' is clicked on

2019-02-21 17:03:48 - [TEST_STEP][PASSED] - click(findTestObject("ZhiHao/General_User_Submit_form 7/GN_Submit Form 7_Section C-D/Page_PERKESO/input__employerInfo_C9")): Object: 'Object Repository/ZhiHao/General_User_Submit_form 7/GN_Submit Form 7_Section C-D/Page_PERKESO/input__employerInfo_C9' is clicked on

2019-02-21 17:03:48 - [MESSAGE][PASSED] - Object: 'Object Repository/ZhiHao/General_User_Submit_form 7/GN_Submit Form 7_Section C-D/Page_PERKESO/input__employerInfo_C9' is clicked on

2019-02-21 17:03:48 - [TEST_STEP][PASSED] - setText(findTestObject("ZhiHao/General_User_Submit_form 7/GN_Submit Form 7_Section C-D/Page_PERKESO/input__employerInfo_C9"), "riki"): Text 'riki' is set on object 'Object Repository/ZhiHao/General_User_Submit_form 7/GN_Submit Form 7_Section C-D/Page_PERKESO/input__employerInfo_C9'

2019-02-21 17:03:48 - [MESSAGE][PASSED] - Text 'riki' is set on object 'Object Repository/ZhiHao/General_User_Submit_form 7/GN_Submit Form 7_Section C-D/Page_PERKESO/input__employerInfo_C9'

2019-02-21 17:03:48 - [TEST_STEP][PASSED] - click(findTestObject("ZhiHao/General_User_Submit_form 7/GN_Submit Form 7_Section C-D/Page_PERKESO/input__employerInfo_contact_C10")): Object: 'Object Repository/ZhiHao/General_User_Submit_form 7/GN_Submit Form 7_Section C-D/Page_PERKESO/input__employerInfo_contact_C10' is clicked on

2019-02-21 17:03:48 - [MESSAGE][PASSED] - Object: 'Object Repository/ZhiHao/General_User_Submit_form 7/GN_Submit Form 7_Section C-D/Page_PERKESO/input__employerInfo_contact_C10' is clicked on

2019-02-21 17:03:48 - [TEST_STEP][PASSED] - setText(findTestObject("ZhiHao/General_User_Submit_form 7/GN_Submit Form 7_Section C-D/Page_PERKESO/input__employerInfo_contact_C10(2)"), "01988838746"): Text '01988838746' is set on object 'Object Repository/ZhiHao/General_User_Submit_form 7/GN_Submit Form 7_Section C-D/Page_PERKESO/input__employerInfo_contact_C10(2)'

2019-02-21 17:03:48 - [MESSAGE][PASSED] - Text '01988838746' is set on object 'Object Repository/ZhiHao/General_User_Submit_form 7/GN_Submit Form 7_Section C-D/Page_PERKESO/input__employerInfo_contact_C10(2)'

2019-02-21 17:03:48 - [TEST_STEP][PASSED] - click(findTestObject("ZhiHao/General_User_Submit_form 7/GN_Submit Form 7_Section C-D/Page_PERKESO/button_Halaman Seterus")): Object: 'Object Repository/ZhiHao/General_User_Submit_form 7/GN_Submit Form 7_Section C-D/Page_PERKESO/button_Halaman Seterus' is clicked on

2019-02-21 17:03:48 - [MESSAGE][PASSED] - Object: 'Object Repository/ZhiHao/General_User_Submit_form 7/GN_Submit Form 7_Section C-D/Page_PERKESO/button_Halaman Seterus' is clicked on

2019-02-21 17:03:48 - [TEST_STEP][PASSED] - delay(5): Delayed 5 second(s)

2019-02-21 17:03:53 - [MESSAGE][PASSED] - Delayed 5 second(s)

2019-02-21 17:03:53 - [TEST_STEP][PASSED] - click(findTestObject("ZhiHao/General_User_Submit_form 7/GN_Submit Form 7_Section C-D/Page_PERKESO/button_Halaman Seterus (section D)")): Object: 'Object Repository/ZhiHao/General_User_Submit_form 7/GN_Submit Form 7_Section C-D/Page_PERKESO/button_Halaman Seterus (section D)' is clicked on

2019-02-21 17:03:54 - [MESSAGE][PASSED] - Object: 'Object Repository/ZhiHao/General_User_Submit_form 7/GN_Submit Form 7_Section C-D/Page_PERKESO/button_Halaman Seterus (section D)' is clicked on

2019-02-21 17:03:54 - [TEST_STEP][PASSED] - delay(5): Delayed 5 second(s)

2019-02-21 17:03:59 - [MESSAGE][PASSED] - Delayed 5 second(s)

2019-02-21 17:03:59 - [MESSAGE][PASSED] - Call Test Case 'Test Cases/All TC/Arranged/3. Unit/EI/GN submit form 7/GN_Submit Form 7_Section C-D' successfully

2019-02-21 17:03:59 - [TEST_STEP][PASSED] - callTestCase(findTestCase("All TC/Arranged/3. Unit/EI/GN submit form 7/GN_Submit Form 7_Section E"), [:], STOP_ON_FAILURE): Call Test Case 'Test Cases/All TC/Arranged/3. Unit/EI/GN submit form 7/GN_Submit Form 7_Section E' successfully

2019-02-21 17:03:59 - [TEST_CASE][PASSED] - Test Cases/All TC/Arranged/3. Unit/EI/GN submit form 7/GN_Submit Form 7_Section E: Test Cases/All TC/Arranged/3. Unit/EI/GN submit form 7/GN_Submit Form 7_Section E

2019-02-21 17:03:59 - [TEST_STEP][PASSED] - click(findTestObject("ZhiHao/General_User_Submit_form 7/GN_Submit Form 7_Section E/Page_PERKESO/input__totalExpYear_E1")): Object: 'Object Repository/ZhiHao/General_User_Submit_form 7/GN_Submit Form 7_Section E/Page_PERKESO/input__totalExpYear_E1' is clicked on

2019-02-21 17:03:59 - [MESSAGE][PASSED] - Object: 'Object Repository/ZhiHao/General_User_Submit_form 7/GN_Submit Form 7_Section E/Page_PERKESO/input__totalExpYear_E1' is clicked on

2019-02-21 17:03:59 - [TEST_STEP][PASSED] - setText(findTestObject("ZhiHao/General_User_Submit_form 7/GN_Submit Form 7_Section E/Page_PERKESO/input__totalExpYear_E1"), "1"): Text '1' is set on object 'Object Repository/ZhiHao/General_User_Submit_form 7/GN_Submit Form 7_Section E/Page_PERKESO/input__totalExpYear_E1'

2019-02-21 17:03:59 - [MESSAGE][PASSED] - Text '1' is set on object 'Object Repository/ZhiHao/General_User_Submit_form 7/GN_Submit Form 7_Section E/Page_PERKESO/input__totalExpYear_E1'

2019-02-21 17:03:59 - [TEST_STEP][PASSED] - delay(2): Delayed 2 second(s)

2019-02-21 17:04:01 - [MESSAGE][PASSED] - Delayed 2 second(s)

2019-02-21 17:04:01 - [TEST_STEP][PASSED] - click(findTestObject("ZhiHao/General_User_Submit_form 7/GN_Submit Form 7_Section E/Page_PERKESO/input_Tahun_totalExpMonth_E1")): Object: 'Object Repository/ZhiHao/General_User_Submit_form 7/GN_Submit Form 7_Section E/Page_PERKESO/input_Tahun_totalExpMonth_E1' is clicked on

2019-02-21 17:04:01 - [MESSAGE][PASSED] - Object: 'Object Repository/ZhiHao/General_User_Submit_form 7/GN_Submit Form 7_Section E/Page_PERKESO/input_Tahun_totalExpMonth_E1' is clicked on

2019-02-21 17:04:01 - [TEST_STEP][PASSED] - setText(findTestObject("ZhiHao/General_User_Submit_form 7/GN_Submit Form 7_Section E/Page_PERKESO/input_Tahun_totalExpMonth_E1"), "1"): Text '1' is set on object 'Object Repository/ZhiHao/General_User_Submit_form 7/GN_Submit Form 7_Section E/Page_PERKESO/input_Tahun_totalExpMonth_E1'

2019-02-21 17:04:01 - [MESSAGE][PASSED] - Text '1' is set on object 'Object Repository/ZhiHao/General_User_Submit_form 7/GN_Submit Form 7_Section E/Page_PERKESO/input_Tahun_totalExpMonth_E1'

2019-02-21 17:04:01 - [TEST_STEP][PASSED] - click(findTestObject("ZhiHao/General_User_Submit_form 7/GN_Submit Form 7_Section E/Page_PERKESO/span_E2")): Object: 'Object Repository/ZhiHao/General_User_Submit_form 7/GN_Submit Form 7_Section E/Page_PERKESO/span_E2' is clicked on

2019-02-21 17:04:01 - [MESSAGE][PASSED] - Object: 'Object Repository/ZhiHao/General_User_Submit_form 7/GN_Submit Form 7_Section E/Page_PERKESO/span_E2' is clicked on

2019-02-21 17:04:01 - [TEST_STEP][PASSED] - click(findTestObject("ZhiHao/General_User_Submit_form 7/GN_Submit Form 7_Section E/Page_PERKESO/select_PMRPT3_E2")): Object: 'Object Repository/ZhiHao/General_User_Submit_form 7/GN_Submit Form 7_Section E/Page_PERKESO/select_PMRPT3_E2' is clicked on

2019-02-21 17:04:02 - [MESSAGE][PASSED] - Object: 'Object Repository/ZhiHao/General_User_Submit_form 7/GN_Submit Form 7_Section E/Page_PERKESO/select_PMRPT3_E2' is clicked on

2019-02-21 17:04:02 - [TEST_STEP][PASSED] - delay(2): Delayed 2 second(s)

2019-02-21 17:04:04 - [MESSAGE][PASSED] - Delayed 2 second(s)

2019-02-21 17:04:04 - [TEST_STEP][PASSED] - click(findTestObject("ZhiHao/General_User_Submit_form 7/GN_Submit Form 7_Section E/Page_PERKESO/span_E3")): Object: 'Object Repository/ZhiHao/General_User_Submit_form 7/GN_Submit Form 7_Section E/Page_PERKESO/span_E3' is clicked on

2019-02-21 17:04:04 - [MESSAGE][PASSED] - Object: 'Object Repository/ZhiHao/General_User_Submit_form 7/GN_Submit Form 7_Section E/Page_PERKESO/span_E3' is clicked on

2019-02-21 17:04:04 - [TEST_STEP][PASSED] - setText(findTestObject("ZhiHao/General_User_Submit_form 7/GN_Submit Form 7_Section E/Page_PERKESO/input_concat(id( select2-pref_E3"), "of"): Text 'of' is set on object 'Object Repository/ZhiHao/General_User_Submit_form 7/GN_Submit Form 7_Section E/Page_PERKESO/input_concat(id( select2-pref_E3'

2019-02-21 17:04:04 - [MESSAGE][PASSED] - Text 'of' is set on object 'Object Repository/ZhiHao/General_User_Submit_form 7/GN_Submit Form 7_Section E/Page_PERKESO/input_concat(id( select2-pref_E3'

2019-02-21 17:04:04 - [TEST_STEP][PASSED] - setText(findTestObject("ZhiHao/General_User_Submit_form 7/GN_Submit Form 7_Section E/Page_PERKESO/input_Done_select2-search__fie_E3"), "of"): Text 'of' is set on object 'Object Repository/ZhiHao/General_User_Submit_form 7/GN_Submit Form 7_Section E/Page_PERKESO/input_Done_select2-search__fie_E3'

2019-02-21 17:04:04 - [MESSAGE][PASSED] - Text 'of' is set on object 'Object Repository/ZhiHao/General_User_Submit_form 7/GN_Submit Form 7_Section E/Page_PERKESO/input_Done_select2-search__fie_E3'

2019-02-21 17:04:04 - [TEST_STEP][PASSED] - click(findTestObject("ZhiHao/General_User_Submit_form 7/GN_Submit Form 7_Section E/Page_PERKESO/select_Associate Director of Finan_E3")): Object: 'Object Repository/ZhiHao/General_User_Submit_form 7/GN_Submit Form 7_Section E/Page_PERKESO/select_Associate Director of Finan_E3' is clicked on

2019-02-21 17:04:04 - [MESSAGE][PASSED] - Object: 'Object Repository/ZhiHao/General_User_Submit_form 7/GN_Submit Form 7_Section E/Page_PERKESO/select_Associate Director of Finan_E3' is clicked on

2019-02-21 17:04:04 - [TEST_STEP][PASSED] - click(findTestObject("ZhiHao/General_User_Submit_form 7/GN_Submit Form 7_Section E/Page_PERKESO/span_E4")): Object: 'Object Repository/ZhiHao/General_User_Submit_form 7/GN_Submit Form 7_Section E/Page_PERKESO/span_E4' is clicked on

2019-02-21 17:04:05 - [MESSAGE][PASSED] - Object: 'Object Repository/ZhiHao/General_User_Submit_form 7/GN_Submit Form 7_Section E/Page_PERKESO/span_E4' is clicked on

2019-02-21 17:04:05 - [TEST_STEP][PASSED] - click(findTestObject("ZhiHao/General_User_Submit_form 7/GN_Submit Form 7_Section E/Page_PERKESO/select_JOHOR_E4")): Object: 'Object Repository/ZhiHao/General_User_Submit_form 7/GN_Submit Form 7_Section E/Page_PERKESO/select_JOHOR_E4' is clicked on

2019-02-21 17:04:05 - [MESSAGE][PASSED] - Object: 'Object Repository/ZhiHao/General_User_Submit_form 7/GN_Submit Form 7_Section E/Page_PERKESO/select_JOHOR_E4' is clicked on

2019-02-21 17:04:05 - [TEST_STEP][PASSED] - click(findTestObject("ZhiHao/General_User_Submit_form 7/GN_Submit Form 7_Section E/Page_PERKESO/input_Tidak_E7")): Object: 'Object Repository/ZhiHao/General_User_Submit_form 7/GN_Submit Form 7_Section E/Page_PERKESO/input_Tidak_E7' is clicked on

2019-02-21 17:04:05 - [MESSAGE][PASSED] - Object: 'Object Repository/ZhiHao/General_User_Submit_form 7/GN_Submit Form 7_Section E/Page_PERKESO/input_Tidak_E7' is clicked on

2019-02-21 17:04:05 - [TEST_STEP][PASSED] - click(findTestObject("ZhiHao/General_User_Submit_form 7/GN_Submit Form 7_Section E/Page_PERKESO/button_Halaman Seterus")): Object: 'Object Repository/ZhiHao/General_User_Submit_form 7/GN_Submit Form 7_Section E/Page_PERKESO/button_Halaman Seterus' is clicked on

2019-02-21 17:04:05 - [MESSAGE][PASSED] - Object: 'Object Repository/ZhiHao/General_User_Submit_form 7/GN_Submit Form 7_Section E/Page_PERKESO/button_Halaman Seterus' is clicked on

2019-02-21 17:04:05 - [TEST_STEP][PASSED] - delay(5): Delayed 5 second(s)

2019-02-21 17:04:10 - [MESSAGE][PASSED] - Delayed 5 second(s)

2019-02-21 17:04:10 - [MESSAGE][PASSED] - Call Test Case 'Test Cases/All TC/Arranged/3. Unit/EI/GN submit form 7/GN_Submit Form 7_Section E' successfully

2019-02-21 17:04:10 - [TEST_STEP][PASSED] - callTestCase(findTestCase("All TC/Arranged/3. Unit/EI/GN submit form 7/GN_Submit Form 7_Section F"), [:], STOP_ON_FAILURE): Call Test Case 'Test Cases/All TC/Arranged/3. Unit/EI/GN submit form 7/GN_Submit Form 7_Section F' successfully

2019-02-21 17:04:10 - [TEST_CASE][PASSED] - Test Cases/All TC/Arranged/3. Unit/EI/GN submit form 7/GN_Submit Form 7_Section F: Test Cases/All TC/Arranged/3. Unit/EI/GN submit form 7/GN_Submit Form 7_Section F

2019-02-21 17:04:10 - [TEST_STEP][PASSED] - delay(2): Delayed 2 second(s)

2019-02-21 17:04:12 - [MESSAGE][PASSED] - Delayed 2 second(s)

2019-02-21 17:04:12 - [TEST_STEP][PASSED] - click(findTestObject("ZhiHao/General_User_Submit_form 7/GN_Submit Form 7_Section F/Page_PERKESO/input_Tidak_F1")): Object: 'Object Repository/ZhiHao/General_User_Submit_form 7/GN_Submit Form 7_Section F/Page_PERKESO/input_Tidak_F1' is clicked on

2019-02-21 17:04:12 - [MESSAGE][PASSED] - Object: 'Object Repository/ZhiHao/General_User_Submit_form 7/GN_Submit Form 7_Section F/Page_PERKESO/input_Tidak_F1' is clicked on

2019-02-21 17:04:12 - [TEST_STEP][PASSED] - click(findTestObject("ZhiHao/General_User_Submit_form 7/GN_Submit Form 7_Section F/Page_PERKESO/span_F2")): Object: 'Object Repository/ZhiHao/General_User_Submit_form 7/GN_Submit Form 7_Section F/Page_PERKESO/span_F2' is clicked on

2019-02-21 17:04:13 - [MESSAGE][PASSED] - Object: 'Object Repository/ZhiHao/General_User_Submit_form 7/GN_Submit Form 7_Section F/Page_PERKESO/span_F2' is clicked on

2019-02-21 17:04:13 - [TEST_STEP][PASSED] - click(findTestObject("ZhiHao/General_User_Submit_form 7/GN_Submit Form 7_Section F/Page_PERKESO/select_ALLIANCE BANK BERHAD_F2")): Object: 'Object Repository/ZhiHao/General_User_Submit_form 7/GN_Submit Form 7_Section F/Page_PERKESO/select_ALLIANCE BANK BERHAD_F2' is clicked on

2019-02-21 17:04:13 - [MESSAGE][PASSED] - Object: 'Object Repository/ZhiHao/General_User_Submit_form 7/GN_Submit Form 7_Section F/Page_PERKESO/select_ALLIANCE BANK BERHAD_F2' is clicked on

2019-02-21 17:04:13 - [TEST_STEP][PASSED] - click(findTestObject("ZhiHao/General_User_Submit_form 7/GN_Submit Form 7_Section F/Page_PERKESO/input_Nombor akaun bank_F3")): Object: 'Object Repository/ZhiHao/General_User_Submit_form 7/GN_Submit Form 7_Section F/Page_PERKESO/input_Nombor akaun bank_F3' is clicked on

2019-02-21 17:04:13 - [MESSAGE][PASSED] - Object: 'Object Repository/ZhiHao/General_User_Submit_form 7/GN_Submit Form 7_Section F/Page_PERKESO/input_Nombor akaun bank_F3' is clicked on

2019-02-21 17:04:13 - [TEST_STEP][PASSED] - setText(findTestObject("ZhiHao/General_User_Submit_form 7/GN_Submit Form 7_Section F/Page_PERKESO/input_Nombor akaun bank_F3"), "556677"): Text '556677' is set on object 'Object Repository/ZhiHao/General_User_Submit_form 7/GN_Submit Form 7_Section F/Page_PERKESO/input_Nombor akaun bank_F3'

2019-02-21 17:04:14 - [MESSAGE][PASSED] - Text '556677' is set on object 'Object Repository/ZhiHao/General_User_Submit_form 7/GN_Submit Form 7_Section F/Page_PERKESO/input_Nombor akaun bank_F3'

2019-02-21 17:04:14 - [TEST_STEP][PASSED] - click(findTestObject("ZhiHao/General_User_Submit_form 7/GN_Submit Form 7_Section F/Page_PERKESO/button_Halaman Seterus")): Object: 'Object Repository/ZhiHao/General_User_Submit_form 7/GN_Submit Form 7_Section F/Page_PERKESO/button_Halaman Seterus' is clicked on

2019-02-21 17:04:14 - [MESSAGE][PASSED] - Object: 'Object Repository/ZhiHao/General_User_Submit_form 7/GN_Submit Form 7_Section F/Page_PERKESO/button_Halaman Seterus' is clicked on

2019-02-21 17:04:14 - [TEST_STEP][PASSED] - delay(3): Delayed 3 second(s)

2019-02-21 17:04:17 - [MESSAGE][PASSED] - Delayed 3 second(s)

2019-02-21 17:04:17 - [MESSAGE][PASSED] - Call Test Case 'Test Cases/All TC/Arranged/3. Unit/EI/GN submit form 7/GN_Submit Form 7_Section F' successfully

2019-02-21 17:04:17 - [TEST_STEP][PASSED] - callTestCase(findTestCase("All TC/Arranged/3. Unit/EI/GN submit form 7/GN_Submit Form 7_Section G"), [:], STOP_ON_FAILURE): Call Test Case 'Test Cases/All TC/Arranged/3. Unit/EI/GN submit form 7/GN_Submit Form 7_Section G' successfully

2019-02-21 17:04:17 - [TEST_CASE][PASSED] - Test Cases/All TC/Arranged/3. Unit/EI/GN submit form 7/GN_Submit Form 7_Section G: Test Cases/All TC/Arranged/3. Unit/EI/GN submit form 7/GN_Submit Form 7_Section G

2019-02-21 17:04:17 - [TEST_STEP][PASSED] - delay(2): Delayed 2 second(s)

2019-02-21 17:04:19 - [MESSAGE][PASSED] - Delayed 2 second(s)

2019-02-21 17:04:19 - [TEST_STEP][PASSED] - click(findTestObject("ZhiHao/General_User_Submit_form 7/GN_Submit Form 7_Section G/Page_PERKESO/input_Name Waris_G2")): Object: 'Object Repository/ZhiHao/General_User_Submit_form 7/GN_Submit Form 7_Section G/Page_PERKESO/input_Name Waris_G2' is clicked on

2019-02-21 17:04:19 - [MESSAGE][PASSED] - Object: 'Object Repository/ZhiHao/General_User_Submit_form 7/GN_Submit Form 7_Section G/Page_PERKESO/input_Name Waris_G2' is clicked on

2019-02-21 17:04:19 - [TEST_STEP][PASSED] - setText(findTestObject("ZhiHao/General_User_Submit_form 7/GN_Submit Form 7_Section G/Page_PERKESO/input_Name Waris_G2"), "qwertyuiop"): Text 'qwertyuiop' is set on object 'Object Repository/ZhiHao/General_User_Submit_form 7/GN_Submit Form 7_Section G/Page_PERKESO/input_Name Waris_G2'

2019-02-21 17:04:19 - [MESSAGE][PASSED] - Text 'qwertyuiop' is set on object 'Object Repository/ZhiHao/General_User_Submit_form 7/GN_Submit Form 7_Section G/Page_PERKESO/input_Name Waris_G2'

2019-02-21 17:04:19 - [TEST_STEP][PASSED] - delay(2): Delayed 2 second(s)

2019-02-21 17:04:21 - [MESSAGE][PASSED] - Delayed 2 second(s)

2019-02-21 17:04:21 - [TEST_STEP][PASSED] - click(findTestObject("ZhiHao/General_User_Submit_form 7/GN_Submit Form 7_Section G/Page_PERKESO/click_Kad Pengenalan_G2")): Object: 'Object Repository/ZhiHao/General_User_Submit_form 7/GN_Submit Form 7_Section G/Page_PERKESO/click_Kad Pengenalan_G2' is clicked on

2019-02-21 17:04:21 - [MESSAGE][PASSED] - Object: 'Object Repository/ZhiHao/General_User_Submit_form 7/GN_Submit Form 7_Section G/Page_PERKESO/click_Kad Pengenalan_G2' is clicked on

2019-02-21 17:04:21 - [TEST_STEP][PASSED] - setText(findTestObject("ZhiHao/General_User_Submit_form 7/GN_Submit Form 7_Section G/Page_PERKESO/input_Kad Pengenalan_G2"), "111111223333"): Text '111111223333' is set on object 'Object Repository/ZhiHao/General_User_Submit_form 7/GN_Submit Form 7_Section G/Page_PERKESO/input_Kad Pengenalan_G2'

2019-02-21 17:04:22 - [MESSAGE][PASSED] - Text '111111223333' is set on object 'Object Repository/ZhiHao/General_User_Submit_form 7/GN_Submit Form 7_Section G/Page_PERKESO/input_Kad Pengenalan_G2'

2019-02-21 17:04:22 - [TEST_STEP][PASSED] - delay(2): Delayed 2 second(s)

2019-02-21 17:04:24 - [MESSAGE][PASSED] - Delayed 2 second(s)

2019-02-21 17:04:24 - [TEST_STEP][PASSED] - click(findTestObject("ZhiHao/General_User_Submit_form 7/GN_Submit Form 7_Section G/Page_PERKESO/click_Tarikh Kelahiran_G2")): Object: 'Object Repository/ZhiHao/General_User_Submit_form 7/GN_Submit Form 7_Section G/Page_PERKESO/click_Tarikh Kelahiran_G2' is clicked on

2019-02-21 17:04:24 - [MESSAGE][PASSED] - Object: 'Object Repository/ZhiHao/General_User_Submit_form 7/GN_Submit Form 7_Section G/Page_PERKESO/click_Tarikh Kelahiran_G2' is clicked on

2019-02-21 17:04:24 - [TEST_STEP][PASSED] - setText(findTestObject("ZhiHao/General_User_Submit_form 7/GN_Submit Form 7_Section G/Page_PERKESO/input_Tarikh Kelahiran_G2"), "1/1/1977"): Text '1/1/1977' is set on object 'Object Repository/ZhiHao/General_User_Submit_form 7/GN_Submit Form 7_Section G/Page_PERKESO/input_Tarikh Kelahiran_G2'

2019-02-21 17:04:24 - [MESSAGE][PASSED] - Text '1/1/1977' is set on object 'Object Repository/ZhiHao/General_User_Submit_form 7/GN_Submit Form 7_Section G/Page_PERKESO/input_Tarikh Kelahiran_G2'

2019-02-21 17:04:24 - [TEST_STEP][PASSED] - click(findTestObject("ZhiHao/General_User_Submit_form 7/GN_Submit Form 7_Section G/Page_PERKESO/click_button_Done")): Object: 'Object Repository/ZhiHao/General_User_Submit_form 7/GN_Submit Form 7_Section G/Page_PERKESO/click_button_Done' is clicked on

2019-02-21 17:04:24 - [MESSAGE][PASSED] - Object: 'Object Repository/ZhiHao/General_User_Submit_form 7/GN_Submit Form 7_Section G/Page_PERKESO/click_button_Done' is clicked on

2019-02-21 17:04:24 - [TEST_STEP][PASSED] - delay(2): Delayed 2 second(s)

2019-02-21 17:04:26 - [MESSAGE][PASSED] - Delayed 2 second(s)

2019-02-21 17:04:26 - [TEST_STEP][PASSED] - click(findTestObject("ZhiHao/General_User_Submit_form 7/GN_Submit Form 7_Section G/Page_PERKESO/span_Isteri_G2")): Object: 'Object Repository/ZhiHao/General_User_Submit_form 7/GN_Submit Form 7_Section G/Page_PERKESO/span_Isteri_G2' is clicked on

2019-02-21 17:04:26 - [MESSAGE][PASSED] - Object: 'Object Repository/ZhiHao/General_User_Submit_form 7/GN_Submit Form 7_Section G/Page_PERKESO/span_Isteri_G2' is clicked on

2019-02-21 17:04:26 - [TEST_STEP][PASSED] - delay(1): Delayed 1 second(s)

2019-02-21 17:04:27 - [MESSAGE][PASSED] - Delayed 1 second(s)

2019-02-21 17:04:27 - [TEST_STEP][PASSED] - click(findTestObject("ZhiHao/General_User_Submit_form 7/GN_Submit Form 7_Section G/Page_PERKESO/select_Adik-beradik_G2")): Object: 'Object Repository/ZhiHao/General_User_Submit_form 7/GN_Submit Form 7_Section G/Page_PERKESO/select_Adik-beradik_G2' is clicked on

2019-02-21 17:04:28 - [MESSAGE][PASSED] - Object: 'Object Repository/ZhiHao/General_User_Submit_form 7/GN_Submit Form 7_Section G/Page_PERKESO/select_Adik-beradik_G2' is clicked on

2019-02-21 17:04:28 - [TEST_STEP][PASSED] - delay(2): Delayed 2 second(s)

2019-02-21 17:04:30 - [MESSAGE][PASSED] - Delayed 2 second(s)

2019-02-21 17:04:30 - [TEST_STEP][PASSED] - click(findTestObject("ZhiHao/General_User_Submit_form 7/GN_Submit Form 7_Section G/Page_PERKESO/button_Halaman Seterus")): Object: 'Object Repository/ZhiHao/General_User_Submit_form 7/GN_Submit Form 7_Section G/Page_PERKESO/button_Halaman Seterus' is clicked on

2019-02-21 17:04:30 - [MESSAGE][PASSED] - Object: 'Object Repository/ZhiHao/General_User_Submit_form 7/GN_Submit Form 7_Section G/Page_PERKESO/button_Halaman Seterus' is clicked on

2019-02-21 17:04:30 - [TEST_STEP][PASSED] - delay(5): Delayed 5 second(s)

2019-02-21 17:04:35 - [MESSAGE][PASSED] - Delayed 5 second(s)

2019-02-21 17:04:35 - [MESSAGE][PASSED] - Call Test Case 'Test Cases/All TC/Arranged/3. Unit/EI/GN submit form 7/GN_Submit Form 7_Section G' successfully

2019-02-21 17:04:35 - [TEST_STEP][PASSED] - callTestCase(findTestCase("All TC/Arranged/3. Unit/EI/GN submit form 7/GN_Submit Form 7_Section H"), [:], STOP_ON_FAILURE): Call Test Case 'Test Cases/All TC/Arranged/3. Unit/EI/GN submit form 7/GN_Submit Form 7_Section H' successfully

2019-02-21 17:04:35 - [TEST_CASE][PASSED] - Test Cases/All TC/Arranged/3. Unit/EI/GN submit form 7/GN_Submit Form 7_Section H: Test Cases/All TC/Arranged/3. Unit/EI/GN submit form 7/GN_Submit Form 7_Section H

2019-02-21 17:04:35 - [TEST_STEP][PASSED] - delay(3): Delayed 3 second(s)

2019-02-21 17:04:38 - [MESSAGE][PASSED] - Delayed 3 second(s)

2019-02-21 17:04:38 - [TEST_STEP][PASSED] - click(findTestObject("ZhiHao/General_User_Submit_form 7/GN_Submit Form 7_Section H/Page_PERKESO/Tick_H1")): Object: 'Object Repository/ZhiHao/General_User_Submit_form 7/GN_Submit Form 7_Section H/Page_PERKESO/Tick_H1' is clicked on

2019-02-21 17:04:38 - [MESSAGE][PASSED] - Object: 'Object Repository/ZhiHao/General_User_Submit_form 7/GN_Submit Form 7_Section H/Page_PERKESO/Tick_H1' is clicked on

2019-02-21 17:04:38 - [TEST_STEP][PASSED] - click(findTestObject("ZhiHao/General_User_Submit_form 7/GN_Submit Form 7_Section H/Page_PERKESO/Tick_H4")): Object: 'Object Repository/ZhiHao/General_User_Submit_form 7/GN_Submit Form 7_Section H/Page_PERKESO/Tick_H4' is clicked on

2019-02-21 17:04:38 - [MESSAGE][PASSED] - Object: 'Object Repository/ZhiHao/General_User_Submit_form 7/GN_Submit Form 7_Section H/Page_PERKESO/Tick_H4' is clicked on

2019-02-21 17:04:38 - [TEST_STEP][PASSED] - click(findTestObject("ZhiHao/General_User_Submit_form 7/GN_Submit Form 7_Section H/Page_PERKESO/Tick_H5")): Object: 'Object Repository/ZhiHao/General_User_Submit_form 7/GN_Submit Form 7_Section H/Page_PERKESO/Tick_H5' is clicked on

2019-02-21 17:04:38 - [MESSAGE][PASSED] - Object: 'Object Repository/ZhiHao/General_User_Submit_form 7/GN_Submit Form 7_Section H/Page_PERKESO/Tick_H5' is clicked on

2019-02-21 17:04:38 - [TEST_STEP][PASSED] - click(findTestObject("ZhiHao/General_User_Submit_form 7/GN_Submit Form 7_Section H/Page_PERKESO/click_upload button_I")): Object: 'Object Repository/ZhiHao/General_User_Submit_form 7/GN_Submit Form 7_Section H/Page_PERKESO/click_upload button_I' is clicked on

2019-02-21 17:04:38 - [MESSAGE][PASSED] - Object: 'Object Repository/ZhiHao/General_User_Submit_form 7/GN_Submit Form 7_Section H/Page_PERKESO/click_upload button_I' is clicked on

2019-02-21 17:04:38 - [TEST_STEP][PASSED] - delay(2): Delayed 2 second(s)

2019-02-21 17:04:40 - [MESSAGE][PASSED] - Delayed 2 second(s)

2019-02-21 17:04:40 - [TEST_STEP][PASSED] - sendKeys(findTestObject("ZhiHao/General_User_Submit_form 7/GN_Submit Form 7_Section H/Page_PERKESO/click_choose file button_I"), TextFilePathCommon + "\UploadDoc.txt"): Keys 'C:\Users\Admin\Documents\GitHub\PKSKatalon\PKS-EI-ES\Common Zone\UploadDoc.txt' sent to object: 'Object Repository/ZhiHao/General_User_Submit_form 7/GN_Submit Form 7_Section H/Page_PERKESO/click_choose file button_I'

2019-02-21 17:04:40 - [MESSAGE][PASSED] - Keys 'C:\Users\Admin\Documents\GitHub\PKSKatalon\PKS-EI-ES\Common Zone\UploadDoc.txt' sent to object: 'Object Repository/ZhiHao/General_User_Submit_form 7/GN_Submit Form 7_Section H/Page_PERKESO/click_choose file button_I'

2019-02-21 17:04:40 - [TEST_STEP][PASSED] - delay(2): Delayed 2 second(s)

2019-02-21 17:04:42 - [MESSAGE][PASSED] - Delayed 2 second(s)

2019-02-21 17:04:42 - [TEST_STEP][PASSED] - click(findTestObject("ZhiHao/General_User_Submit_form 7/GN_Submit Form 7_Section H/Page_PERKESO/click_button_Tambah Dokumen_I")): Object: 'Object Repository/ZhiHao/General_User_Submit_form 7/GN_Submit Form 7_Section H/Page_PERKESO/click_button_Tambah Dokumen_I' is clicked on

2019-02-21 17:04:43 - [MESSAGE][PASSED] - Object: 'Object Repository/ZhiHao/General_User_Submit_form 7/GN_Submit Form 7_Section H/Page_PERKESO/click_button_Tambah Dokumen_I' is clicked on

2019-02-21 17:04:43 - [TEST_STEP][PASSED] - delay(3): Delayed 3 second(s)

2019-02-21 17:04:46 - [MESSAGE][PASSED] - Delayed 3 second(s)

2019-02-21 17:04:46 - [TEST_STEP][PASSED] - acceptAlert(): Alert accepted

2019-02-21 17:04:46 - [MESSAGE][PASSED] - Alert accepted

2019-02-21 17:04:46 - [TEST_STEP][PASSED] - delay(5): Delayed 5 second(s)

2019-02-21 17:04:51 - [MESSAGE][PASSED] - Delayed 5 second(s)

2019-02-21 17:04:51 - [TEST_STEP][PASSED] - click(findTestObject("ZhiHao/General_User_Submit_form 7/GN_Submit Form 7_Section H/Page_PERKESO/click_upload button_I (2)")): Object: 'Object Repository/ZhiHao/General_User_Submit_form 7/GN_Submit Form 7_Section H/Page_PERKESO/click_upload button_I (2)' is clicked on

2019-02-21 17:04:51 - [MESSAGE][PASSED] - Object: 'Object Repository/ZhiHao/General_User_Submit_form 7/GN_Submit Form 7_Section H/Page_PERKESO/click_upload button_I (2)' is clicked on

2019-02-21 17:04:51 - [TEST_STEP][PASSED] - delay(3): Delayed 3 second(s)

2019-02-21 17:04:54 - [MESSAGE][PASSED] - Delayed 3 second(s)

2019-02-21 17:04:54 - [TEST_STEP][PASSED] - click(findTestObject("ZhiHao/General_User_Submit_form 7/GN_Submit Form 7_Section H/Page_PERKESO/input_Ya_optradio_I")): Object: 'Object Repository/ZhiHao/General_User_Submit_form 7/GN_Submit Form 7_Section H/Page_PERKESO/input_Ya_optradio_I' is clicked on

2019-02-21 17:04:54 - [MESSAGE][PASSED] - Object: 'Object Repository/ZhiHao/General_User_Submit_form 7/GN_Submit Form 7_Section H/Page_PERKESO/input_Ya_optradio_I' is clicked on

2019-02-21 17:04:54 - [TEST_STEP][PASSED] - delay(3): Delayed 3 second(s)

2019-02-21 17:04:57 - [MESSAGE][PASSED] - Delayed 3 second(s)

2019-02-21 17:04:57 - [TEST_STEP][PASSED] - sendKeys(findTestObject("ZhiHao/General_User_Submit_form 7/GN_Submit Form 7_Section H/Page_PERKESO/click_choose file button_I"), TextFilePathCommon + "\UploadDoc.txt"): Keys 'C:\Users\Admin\Documents\GitHub\PKSKatalon\PKS-EI-ES\Common Zone\UploadDoc.txt' sent to object: 'Object Repository/ZhiHao/General_User_Submit_form 7/GN_Submit Form 7_Section H/Page_PERKESO/click_choose file button_I'

2019-02-21 17:04:57 - [MESSAGE][PASSED] - Keys 'C:\Users\Admin\Documents\GitHub\PKSKatalon\PKS-EI-ES\Common Zone\UploadDoc.txt' sent to object: 'Object Repository/ZhiHao/General_User_Submit_form 7/GN_Submit Form 7_Section H/Page_PERKESO/click_choose file button_I'

2019-02-21 17:04:57 - [TEST_STEP][PASSED] - delay(3): Delayed 3 second(s)

2019-02-21 17:05:00 - [MESSAGE][PASSED] - Delayed 3 second(s)

2019-02-21 17:05:00 - [TEST_STEP][PASSED] - click(findTestObject("ZhiHao/General_User_Submit_form 7/GN_Submit Form 7_Section H/Page_PERKESO/click_button_Tambah Dokumen_I")): Object: 'Object Repository/ZhiHao/General_User_Submit_form 7/GN_Submit Form 7_Section H/Page_PERKESO/click_button_Tambah Dokumen_I' is clicked on

2019-02-21 17:05:00 - [MESSAGE][PASSED] - Object: 'Object Repository/ZhiHao/General_User_Submit_form 7/GN_Submit Form 7_Section H/Page_PERKESO/click_button_Tambah Dokumen_I' is clicked on

2019-02-21 17:05:00 - [TEST_STEP][PASSED] - delay(3): Delayed 3 second(s)

2019-02-21 17:05:03 - [MESSAGE][PASSED] - Delayed 3 second(s)

2019-02-21 17:05:03 - [TEST_STEP][PASSED] - acceptAlert(): Alert accepted

2019-02-21 17:05:03 - [MESSAGE][PASSED] - Alert accepted

2019-02-21 17:05:03 - [TEST_STEP][PASSED] - delay(5): Delayed 5 second(s)

2019-02-21 17:05:08 - [MESSAGE][PASSED] - Delayed 5 second(s)

2019-02-21 17:05:08 - [TEST_STEP][PASSED] - click(findTestObject("ZhiHao/General_User_Submit_form 7/GN_Submit Form 7_Section H/Page_PERKESO/click_upload button_I (3)")): Object: 'Object Repository/ZhiHao/General_User_Submit_form 7/GN_Submit Form 7_Section H/Page_PERKESO/click_upload button_I (3)' is clicked on

2019-02-21 17:05:08 - [MESSAGE][PASSED] - Object: 'Object Repository/ZhiHao/General_User_Submit_form 7/GN_Submit Form 7_Section H/Page_PERKESO/click_upload button_I (3)' is clicked on

2019-02-21 17:05:08 - [TEST_STEP][PASSED] - delay(3): Delayed 3 second(s)

2019-02-21 17:05:11 - [MESSAGE][PASSED] - Delayed 3 second(s)

2019-02-21 17:05:11 - [TEST_STEP][PASSED] - click(findTestObject("ZhiHao/General_User_Submit_form 7/GN_Submit Form 7_Section H/Page_PERKESO/input_Ya_optradio_I")): Object: 'Object Repository/ZhiHao/General_User_Submit_form 7/GN_Submit Form 7_Section H/Page_PERKESO/input_Ya_optradio_I' is clicked on

2019-02-21 17:05:12 - [MESSAGE][PASSED] - Object: 'Object Repository/ZhiHao/General_User_Submit_form 7/GN_Submit Form 7_Section H/Page_PERKESO/input_Ya_optradio_I' is clicked on

2019-02-21 17:05:12 - [TEST_STEP][PASSED] - delay(3): Delayed 3 second(s)

2019-02-21 17:05:15 - [MESSAGE][PASSED] - Delayed 3 second(s)

2019-02-21 17:05:15 - [TEST_STEP][PASSED] - sendKeys(findTestObject("ZhiHao/General_User_Submit_form 7/GN_Submit Form 7_Section H/Page_PERKESO/click_choose file button_I"), TextFilePathCommon + "\UploadDoc.txt"): Keys 'C:\Users\Admin\Documents\GitHub\PKSKatalon\PKS-EI-ES\Common Zone\UploadDoc.txt' sent to object: 'Object Repository/ZhiHao/General_User_Submit_form 7/GN_Submit Form 7_Section H/Page_PERKESO/click_choose file button_I'

2019-02-21 17:05:15 - [MESSAGE][PASSED] - Keys 'C:\Users\Admin\Documents\GitHub\PKSKatalon\PKS-EI-ES\Common Zone\UploadDoc.txt' sent to object: 'Object Repository/ZhiHao/General_User_Submit_form 7/GN_Submit Form 7_Section H/Page_PERKESO/click_choose file button_I'

2019-02-21 17:05:15 - [TEST_STEP][PASSED] - delay(3): Delayed 3 second(s)

2019-02-21 17:05:18 - [MESSAGE][PASSED] - Delayed 3 second(s)

2019-02-21 17:05:18 - [TEST_STEP][PASSED] - click(findTestObject("ZhiHao/General_User_Submit_form 7/GN_Submit Form 7_Section H/Page_PERKESO/click_button_Tambah Dokumen_I")): Object: 'Object Repository/ZhiHao/General_User_Submit_form 7/GN_Submit Form 7_Section H/Page_PERKESO/click_button_Tambah Dokumen_I' is clicked on

2019-02-21 17:05:18 - [MESSAGE][PASSED] - Object: 'Object Repository/ZhiHao/General_User_Submit_form 7/GN_Submit Form 7_Section H/Page_PERKESO/click_button_Tambah Dokumen_I' is clicked on

2019-02-21 17:05:18 - [TEST_STEP][PASSED] - delay(3): Delayed 3 second(s)

2019-02-21 17:05:21 - [MESSAGE][PASSED] - Delayed 3 second(s)

2019-02-21 17:05:21 - [TEST_STEP][PASSED] - acceptAlert(): Alert accepted

2019-02-21 17:05:21 - [MESSAGE][PASSED] - Alert accepted

2019-02-21 17:05:21 - [TEST_STEP][PASSED] - delay(5): Delayed 5 second(s)

2019-02-21 17:05:26 - [MESSAGE][PASSED] - Delayed 5 second(s)

2019-02-21 17:05:26 - [TEST_STEP][PASSED] - click(findTestObject("ZhiHao/General_User_Submit_form 7/GN_Submit Form 7_Section H/Page_PERKESO/click_upload button_I (4)")): Object: 'Object Repository/ZhiHao/General_User_Submit_form 7/GN_Submit Form 7_Section H/Page_PERKESO/click_upload button_I (4)' is clicked on

2019-02-21 17:05:26 - [MESSAGE][PASSED] - Object: 'Object Repository/ZhiHao/General_User_Submit_form 7/GN_Submit Form 7_Section H/Page_PERKESO/click_upload button_I (4)' is clicked on

2019-02-21 17:05:26 - [TEST_STEP][PASSED] - delay(3): Delayed 3 second(s)

2019-02-21 17:05:29 - [MESSAGE][PASSED] - Delayed 3 second(s)

2019-02-21 17:05:29 - [TEST_STEP][PASSED] - click(findTestObject("ZhiHao/General_User_Submit_form 7/GN_Submit Form 7_Section H/Page_PERKESO/Page_PERKESO/input_Tidak_optradio")): Object: 'Object Repository/ZhiHao/General_User_Submit_form 7/GN_Submit Form 7_Section H/Page_PERKESO/Page_PERKESO/input_Tidak_optradio' is clicked on

2019-02-21 17:05:29 - [MESSAGE][PASSED] - Object: 'Object Repository/ZhiHao/General_User_Submit_form 7/GN_Submit Form 7_Section H/Page_PERKESO/Page_PERKESO/input_Tidak_optradio' is clicked on

2019-02-21 17:05:29 - [TEST_STEP][PASSED] - delay(3): Delayed 3 second(s)

2019-02-21 17:05:32 - [MESSAGE][PASSED] - Delayed 3 second(s)

2019-02-21 17:05:32 - [TEST_STEP][PASSED] - setText(findTestObject("ZhiHao/General_User_Submit_form 7/GN_Submit Form 7_Section H/Page_PERKESO/input_Maklumat Account"), "test"): Text 'test' is set on object 'Object Repository/ZhiHao/General_User_Submit_form 7/GN_Submit Form 7_Section H/Page_PERKESO/input_Maklumat Account'

2019-02-21 17:05:32 - [MESSAGE][PASSED] - Text 'test' is set on object 'Object Repository/ZhiHao/General_User_Submit_form 7/GN_Submit Form 7_Section H/Page_PERKESO/input_Maklumat Account'

2019-02-21 17:05:32 - [TEST_STEP][PASSED] - delay(3): Delayed 3 second(s)

2019-02-21 17:05:35 - [MESSAGE][PASSED] - Delayed 3 second(s)

2019-02-21 17:05:35 - [TEST_STEP][PASSED] - setText(findTestObject("ZhiHao/General_User_Submit_form 7/GN_Submit Form 7_Section H/Page_PERKESO/input_Kenyataan Pemohon"), "testing"): Text 'testing' is set on object 'Object Repository/ZhiHao/General_User_Submit_form 7/GN_Submit Form 7_Section H/Page_PERKESO/input_Kenyataan Pemohon'

2019-02-21 17:05:36 - [MESSAGE][PASSED] - Text 'testing' is set on object 'Object Repository/ZhiHao/General_User_Submit_form 7/GN_Submit Form 7_Section H/Page_PERKESO/input_Kenyataan Pemohon'

2019-02-21 17:05:36 - [TEST_STEP][PASSED] - delay(3): Delayed 3 second(s)

2019-02-21 17:05:39 - [MESSAGE][PASSED] - Delayed 3 second(s)

2019-02-21 17:05:39 - [TEST_STEP][PASSED] - click(findTestObject("ZhiHao/General_User_Submit_form 7/GN_Submit Form 7_Section H/Page_PERKESO/click_button_Hantar")): Object: 'Object Repository/ZhiHao/General_User_Submit_form 7/GN_Submit Form 7_Section H/Page_PERKESO/click_button_Hantar' is clicked on

2019-02-21 17:05:39 - [MESSAGE][PASSED] - Object: 'Object Repository/ZhiHao/General_User_Submit_form 7/GN_Submit Form 7_Section H/Page_PERKESO/click_button_Hantar' is clicked on

2019-02-21 17:05:39 - [TEST_STEP][PASSED] - delay(3): Delayed 3 second(s)

2019-02-21 17:05:42 - [MESSAGE][PASSED] - Delayed 3 second(s)

2019-02-21 17:05:42 - [TEST_STEP][PASSED] - acceptAlert(): Alert accepted

2019-02-21 17:05:42 - [MESSAGE][PASSED] - Alert accepted

2019-02-21 17:05:42 - [TEST_STEP][PASSED] - delay(3): Delayed 3 second(s)

2019-02-21 17:05:45 - [MESSAGE][PASSED] - Delayed 3 second(s)

2019-02-21 17:05:45 - [TEST_STEP][PASSED] - click(findTestObject("ZhiHao/General_User_Submit_form 7/GN_Submit Form 7_Section H/Page_PERKESO/click_button_Hantar (1)")): Object: 'Object Repository/ZhiHao/General_User_Submit_form 7/GN_Submit Form 7_Section H/Page_PERKESO/click_button_Hantar (1)' is clicked on

2019-02-21 17:05:45 - [MESSAGE][PASSED] - Object: 'Object Repository/ZhiHao/General_User_Submit_form 7/GN_Submit Form 7_Section H/Page_PERKESO/click_button_Hantar (1)' is clicked on

2019-02-21 17:05:45 - [TEST_STEP][PASSED] - delay(3, STOP_ON_FAILURE): Delayed 3 second(s)

2019-02-21 17:05:48 - [MESSAGE][PASSED] - Delayed 3 second(s)

2019-02-21 17:05:48 - [TEST_STEP][PASSED] - IC = getText(findTestObject("ZhiHao/General_User_Submit_form 7/GN_Submit Form 7_Section H/Page_PERKESO/strong_821210105280 (1)")): Text of object 'Object Repository/ZhiHao/General_User_Submit_form 7/GN_Submit Form 7_Section H/Page_PERKESO/strong_821210105280 (1)' is: '781007145435'

2019-02-21 17:05:48 - [MESSAGE][PASSED] - Text of object 'Object Repository/ZhiHao/General_User_Submit_form 7/GN_Submit Form 7_Section H/Page_PERKESO/strong_821210105280 (1)' is: '781007145435'

2019-02-21 17:05:48 - [TEST_STEP][PASSED] - callTestCase(findTestCase("All TC/Arranged/1. Common/1.2 Setter/Setter IC"), [:], STOP_ON_FAILURE): Call Test Case 'Test Cases/All TC/Arranged/1. Common/1.2 Setter/Setter IC' successfully

2019-02-21 17:05:48 - [TEST_CASE][PASSED] - Test Cases/All TC/Arranged/1. Common/1.2 Setter/Setter IC: Test Cases/All TC/Arranged/1. Common/1.2 Setter/Setter IC

2019-02-21 17:05:48 - [TEST_STEP][PASSED] - RefNoOldFile = new java.io.File((internal.GlobalVariable.TextFilePathCommon + \getIC.txt)): null

2019-02-21 17:05:48 - [TEST_STEP][PASSED] - RefNoOldFile.delete(): null

2019-02-21 17:05:48 - [TEST_STEP][PASSED] - delay(5): Delayed 5 second(s)

2019-02-21 17:05:53 - [MESSAGE][PASSED] - Delayed 5 second(s)

2019-02-21 17:05:53 - [TEST_STEP][PASSED] - RefNo = new java.io.File((internal.GlobalVariable.TextFilePathCommon + \getIC.txt)): null

2019-02-21 17:05:53 - [TEST_STEP][PASSED] - f2 = new java.io.FileWriter(RefNo, false): null

2019-02-21 17:05:53 - [TEST_STEP][PASSED] - f2.write(IC): null

2019-02-21 17:05:53 - [TEST_STEP][PASSED] - f2.close(): null

2019-02-21 17:05:53 - [TEST_STEP][PASSED] - out.println("


" + IC + "


"): null

2019-02-21 17:05:53 - [MESSAGE][PASSED] - Call Test Case 'Test Cases/All TC/Arranged/1. Common/1.2 Setter/Setter IC' successfully

2019-02-21 17:05:53 - [TEST_STEP][PASSED] - Password = getText(findTestObject("ZhiHao/General_User_Submit_form 7/GN_Submit Form 7_Section H/Page_PERKESO/strong_k76N7BsG (1)")): Text of object 'Object Repository/ZhiHao/General_User_Submit_form 7/GN_Submit Form 7_Section H/Page_PERKESO/strong_k76N7BsG (1)' is: 'zPgBdCfV'

2019-02-21 17:05:53 - [MESSAGE][PASSED] - Text of object 'Object Repository/ZhiHao/General_User_Submit_form 7/GN_Submit Form 7_Section H/Page_PERKESO/strong_k76N7BsG (1)' is: 'zPgBdCfV'

2019-02-21 17:05:53 - [TEST_STEP][PASSED] - callTestCase(findTestCase("All TC/Arranged/1. Common/1.2 Setter/Setter Password"), [:], STOP_ON_FAILURE): Call Test Case 'Test Cases/All TC/Arranged/1. Common/1.2 Setter/Setter Password' successfully

2019-02-21 17:05:54 - [TEST_CASE][PASSED] - Test Cases/All TC/Arranged/1. Common/1.2 Setter/Setter Password: Test Cases/All TC/Arranged/1. Common/1.2 Setter/Setter Password

2019-02-21 17:05:54 - [TEST_STEP][PASSED] - RefNoOldFile = new java.io.File((internal.GlobalVariable.TextFilePathCommon + \getPassword.txt)): null

2019-02-21 17:05:54 - [TEST_STEP][PASSED] - RefNoOldFile.delete(): null

2019-02-21 17:05:54 - [TEST_STEP][PASSED] - delay(5): Delayed 5 second(s)

2019-02-21 17:05:59 - [MESSAGE][PASSED] - Delayed 5 second(s)

2019-02-21 17:05:59 - [TEST_STEP][PASSED] - RefNo = new java.io.File((internal.GlobalVariable.TextFilePathCommon + \getPassword.txt)): null

2019-02-21 17:05:59 - [TEST_STEP][PASSED] - f2 = new java.io.FileWriter(RefNo, false): null

2019-02-21 17:05:59 - [TEST_STEP][PASSED] - f2.write(Password): null

2019-02-21 17:05:59 - [TEST_STEP][PASSED] - f2.close(): null

2019-02-21 17:05:59 - [TEST_STEP][PASSED] - out.println("


" + Password + "


"): null

2019-02-21 17:05:59 - [MESSAGE][PASSED] - Call Test Case 'Test Cases/All TC/Arranged/1. Common/1.2 Setter/Setter Password' successfully

2019-02-21 17:05:59 - [TEST_STEP][PASSED] - CaseID = getText(findTestObject("ZhiHao/General_User_Submit_form 7/GN_Submit Form 7_Section H/Page_PERKESO/strong_SIPE1119060000038 (1)")): Text of object 'Object Repository/ZhiHao/General_User_Submit_form 7/GN_Submit Form 7_Section H/Page_PERKESO/strong_SIPE1119060000038 (1)' is: 'SIPE1119070000031'

2019-02-21 17:05:59 - [MESSAGE][PASSED] - Text of object 'Object Repository/ZhiHao/General_User_Submit_form 7/GN_Submit Form 7_Section H/Page_PERKESO/strong_SIPE1119060000038 (1)' is: 'SIPE1119070000031'

2019-02-21 17:05:59 - [TEST_STEP][PASSED] - callTestCase(findTestCase("All TC/Arranged/1. Common/1.2 Setter/Setter Case ID"), [:], STOP_ON_FAILURE): Call Test Case 'Test Cases/All TC/Arranged/1. Common/1.2 Setter/Setter Case ID' successfully

2019-02-21 17:05:59 - [TEST_CASE][PASSED] - Test Cases/All TC/Arranged/1. Common/1.2 Setter/Setter Case ID: Test Cases/All TC/Arranged/1. Common/1.2 Setter/Setter Case ID

2019-02-21 17:05:59 - [TEST_STEP][PASSED] - RefNoOldFile = new java.io.File((internal.GlobalVariable.TextFilePathCommon + \getCaseID.txt)): null

2019-02-21 17:05:59 - [TEST_STEP][PASSED] - RefNoOldFile.delete(): null

2019-02-21 17:05:59 - [TEST_STEP][PASSED] - delay(5): Delayed 5 second(s)

2019-02-21 17:06:04 - [MESSAGE][PASSED] - Delayed 5 second(s)

2019-02-21 17:06:04 - [TEST_STEP][PASSED] - RefNo = new java.io.File((internal.GlobalVariable.TextFilePathCommon + \getCaseID.txt)): null

2019-02-21 17:06:04 - [TEST_STEP][PASSED] - f2 = new java.io.FileWriter(RefNo, false): null

2019-02-21 17:06:04 - [TEST_STEP][PASSED] - f2.write(CaseID): null

2019-02-21 17:06:04 - [TEST_STEP][PASSED] - f2.close(): null

2019-02-21 17:06:04 - [TEST_STEP][PASSED] - out.println("


" + CaseID + "


"): null

2019-02-21 17:06:04 - [MESSAGE][PASSED] - Call Test Case 'Test Cases/All TC/Arranged/1. Common/1.2 Setter/Setter Case ID' successfully

2019-02-21 17:06:04 - [MESSAGE][PASSED] - Call Test Case 'Test Cases/All TC/Arranged/3. Unit/EI/GN submit form 7/GN_Submit Form 7_Section H' successfully

2019-02-21 17:06:04 - [TEST_STEP][NOT_RUN] - callTestCase(findTestCase("All TC/Arranged/2. Segment/2.8 OTC_Semakan/OTC_Semakan(By IC)"), [:], STOP_ON_FAILURE): NOT_RUN: callTestCase(findTestCase("All TC/Arranged/2. Segment/2.8 OTC_Semakan/OTC_Semakan(By IC)"), [:], STOP_ON_FAILURE)

2019-02-21 17:06:04 - [MESSAGE][NOT_RUN] - NOT_RUN: callTestCase(findTestCase("All TC/Arranged/2. Segment/2.8 OTC_Semakan/OTC_Semakan(By IC)"), [:], STOP_ON_FAILURE)

2019-02-21 17:06:04 - [MESSAGE][PASSED] - Call Test Case 'Test Cases/All TC/Arranged/2. Segment/GN_Submit Form 7_End to End' successfully

2019-02-21 17:06:04 - [TEST_STEP][PASSED] - callTestCase(findTestCase("All TC/Arranged/2. Segment/2.8 OTC_Semakan/OTC_Semakan(by Case ID)"), [:], STOP_ON_FAILURE): Call Test Case 'Test Cases/All TC/Arranged/2. Segment/2.8 OTC_Semakan/OTC_Semakan(by Case ID)' successfully

2019-02-21 17:06:04 - [TEST_CASE][PASSED] - Test Cases/All TC/Arranged/2. Segment/2.8 OTC_Semakan/OTC_Semakan(by Case ID): Test Cases/All TC/Arranged/2. Segment/2.8 OTC_Semakan/OTC_Semakan(by Case ID)

2019-02-21 17:06:04 - [TEST_STEP][PASSED] - openBrowser(""): Browser is opened with url: ''

2019-02-21 17:06:04 - [MESSAGE][WARNING] - A browser is already opened. Closing browser and opening a new one

2019-02-21 17:06:04 - [MESSAGE][INFO] - Starting 'Chrome' driver

2019-02-21 17:06:04 - [MESSAGE][INFO] - User set preference: ['args', '[--start-maximized]']

2019-02-21 17:06:07 - [MESSAGE][PASSED] - Browser is opened with url: ''

2019-02-21 17:06:07 - [TEST_STEP][PASSED] - navigateToUrl(Internal_Login): Navigate to 'http://10.20.24.188/eisportal/user/login' successfully

2019-02-21 17:06:08 - [MESSAGE][PASSED] - Navigate to 'http://10.20.24.188/eisportal/user/login' successfully

2019-02-21 17:06:08 - [TEST_STEP][PASSED] - setText(findTestObject("ZhiHao/OTC_Semakan/OTC_Semakan(by Case ID)/Page_PERKESO/input_username"), "dalilah.taib@perkeso.gov.my"): Text 'dalilah.taib@perkeso.gov.my' is set on object 'Object Repository/ZhiHao/OTC_Semakan/OTC_Semakan(by Case ID)/Page_PERKESO/input_username'

2019-02-21 17:06:08 - [MESSAGE][PASSED] - Text 'dalilah.taib@perkeso.gov.my' is set on object 'Object Repository/ZhiHao/OTC_Semakan/OTC_Semakan(by Case ID)/Page_PERKESO/input_username'

2019-02-21 17:06:08 - [TEST_STEP][PASSED] - setEncryptedText(findTestObject("ZhiHao/OTC_Semakan/OTC_Semakan(by Case ID)/Page_PERKESO/input_password"), "CQqwFZlbeC8="): Text ****** has been set on object 'Object Repository/ZhiHao/OTC_Semakan/OTC_Semakan(by Case ID)/Page_PERKESO/input_password'

2019-02-21 17:06:08 - [MESSAGE][PASSED] - Text ****** has been set on object 'Object Repository/ZhiHao/OTC_Semakan/OTC_Semakan(by Case ID)/Page_PERKESO/input_password'

2019-02-21 17:06:08 - [TEST_STEP][PASSED] - click(findTestObject("ZhiHao/OTC_Semakan/OTC_Semakan(by Case ID)/Page_PERKESO/click_login")): Object: 'Object Repository/ZhiHao/OTC_Semakan/OTC_Semakan(by Case ID)/Page_PERKESO/click_login' is clicked on

2019-02-21 17:06:09 - [MESSAGE][PASSED] - Object: 'Object Repository/ZhiHao/OTC_Semakan/OTC_Semakan(by Case ID)/Page_PERKESO/click_login' is clicked on

2019-02-21 17:06:09 - [TEST_STEP][PASSED] - callTestCase(findTestCase("All TC/Arranged/1. Common/1.1 Getter/Getter Case ID"), [:], STOP_ON_FAILURE): Call Test Case 'Test Cases/All TC/Arranged/1. Common/1.1 Getter/Getter Case ID' successfully

2019-02-21 17:06:10 - [TEST_CASE][PASSED] - Test Cases/All TC/Arranged/1. Common/1.1 Getter/Getter Case ID: Test Cases/All TC/Arranged/1. Common/1.1 Getter/Getter Case ID

2019-02-21 17:06:10 - [TEST_STEP][PASSED] - try: null

2019-02-21 17:06:10 - [TEST_STEP][PASSED] - RefNo = new java.io.File((internal.GlobalVariable.TextFilePathCommon + \getCaseID.txt)): null

2019-02-21 17:06:10 - [TEST_STEP][PASSED] - bufferread = new java.io.BufferedReader(new java.io.FileReader(RefNo)): null

2019-02-21 17:06:10 - [TEST_STEP][PASSED] - readedVal = bufferread.readLine(): null

2019-02-21 17:06:10 - [TEST_STEP][PASSED] - out.println(CaseID): null

2019-02-21 17:06:10 - [TEST_STEP][PASSED] - out.println(readedVal): null

2019-02-21 17:06:10 - [TEST_STEP][PASSED] - CaseID = "": null

2019-02-21 17:06:10 - [TEST_STEP][PASSED] - CaseID = readedVal: null

2019-02-21 17:06:10 - [MESSAGE][PASSED] - Call Test Case 'Test Cases/All TC/Arranged/1. Common/1.1 Getter/Getter Case ID' successfully

2019-02-21 17:06:10 - [TEST_STEP][PASSED] - setText(findTestObject("ZhiHao/OTC_Semakan/OTC_Semakan(by Case ID)/Page_PERKESO/input_ID Kes_caseId"), CaseID): Text 'SIPE1119070000031' is set on object 'Object Repository/ZhiHao/OTC_Semakan/OTC_Semakan(by Case ID)/Page_PERKESO/input_ID Kes_caseId'

2019-02-21 17:06:10 - [MESSAGE][PASSED] - Text 'SIPE1119070000031' is set on object 'Object Repository/ZhiHao/OTC_Semakan/OTC_Semakan(by Case ID)/Page_PERKESO/input_ID Kes_caseId'

2019-02-21 17:06:10 - [TEST_STEP][PASSED] - click(findTestObject("ZhiHao/OTC_Semakan/OTC_Semakan(by Case ID)/Page_PERKESO/button_Semak")): Object: 'Object Repository/ZhiHao/OTC_Semakan/OTC_Semakan(by Case ID)/Page_PERKESO/button_Semak' is clicked on

2019-02-21 17:06:10 - [MESSAGE][PASSED] - Object: 'Object Repository/ZhiHao/OTC_Semakan/OTC_Semakan(by Case ID)/Page_PERKESO/button_Semak' is clicked on

2019-02-21 17:06:10 - [TEST_STEP][PASSED] - UserName = getText(findTestObject("ZhiHao/OTC_Semakan/OTC_Semakan(by Case ID)/Page_PERKESO/td_JHEIO3 (1)")): Text of object 'Object Repository/ZhiHao/OTC_Semakan/OTC_Semakan(by Case ID)/Page_PERKESO/td_JHEIO3 (1)' is: 'Pejabat PERKESO Negeri Johor'

2019-02-21 17:06:10 - [MESSAGE][PASSED] - Text of object 'Object Repository/ZhiHao/OTC_Semakan/OTC_Semakan(by Case ID)/Page_PERKESO/td_JHEIO3 (1)' is: 'Pejabat PERKESO Negeri Johor'

2019-02-21 17:06:10 - [TEST_STEP][PASSED] - callTestCase(findTestCase("All TC/Arranged/1. Common/1.2 Setter/Setter UserName"), [:], STOP_ON_FAILURE): Call Test Case 'Test Cases/All TC/Arranged/1. Common/1.2 Setter/Setter UserName' successfully

2019-02-21 17:06:11 - [TEST_CASE][PASSED] - Test Cases/All TC/Arranged/1. Common/1.2 Setter/Setter UserName: Test Cases/All TC/Arranged/1. Common/1.2 Setter/Setter UserName

2019-02-21 17:06:11 - [TEST_STEP][PASSED] - RefNoOldFile = new java.io.File((internal.GlobalVariable.TextFilePathCommon + \getUser.txt)): null

2019-02-21 17:06:11 - [TEST_STEP][PASSED] - RefNoOldFile.delete(): null

2019-02-21 17:06:11 - [TEST_STEP][PASSED] - delay(5): Delayed 5 second(s)

2019-02-21 17:06:16 - [MESSAGE][PASSED] - Delayed 5 second(s)

2019-02-21 17:06:16 - [TEST_STEP][PASSED] - RefNo = new java.io.File((internal.GlobalVariable.TextFilePathCommon + \getUser.txt)): null

2019-02-21 17:06:16 - [TEST_STEP][PASSED] - f2 = new java.io.FileWriter(RefNo, false): null

2019-02-21 17:06:16 - [TEST_STEP][PASSED] - f2.write(UserName): null

2019-02-21 17:06:16 - [TEST_STEP][PASSED] - f2.close(): null

2019-02-21 17:06:16 - [TEST_STEP][PASSED] - out.println("


" + UserName + "


"): null

2019-02-21 17:06:16 - [MESSAGE][PASSED] - Call Test Case 'Test Cases/All TC/Arranged/1. Common/1.2 Setter/Setter UserName' successfully

2019-02-21 17:06:16 - [TEST_STEP][PASSED] - callTestCase(findTestCase("All TC/Arranged/1. Common/IC List Remover"), [:], STOP_ON_FAILURE): Call Test Case 'Test Cases/All TC/Arranged/1. Common/IC List Remover' successfully

2019-02-21 17:06:16 - [TEST_CASE][PASSED] - Test Cases/All TC/Arranged/1. Common/IC List Remover: Test Cases/All TC/Arranged/1. Common/IC List Remover

2019-02-21 17:06:16 - [TEST_STEP][PASSED] - counter = 0: null

2019-02-21 17:06:16 - [TEST_STEP][PASSED] - fis = new java.io.FileInputStream((internal.GlobalVariable.TextFilePathCommon + /IC.xlsx)): null

2019-02-21 17:06:16 - [TEST_STEP][PASSED] - workbook = new org.apache.poi.xssf.usermodel.XSSFWorkbook(fis): null

2019-02-21 17:06:16 - [TEST_STEP][PASSED] - sheet = workbook.getSheet("Sheet1"): null

2019-02-21 17:06:16 - [TEST_STEP][PASSED] - totalRow = sheet.getLastRowNum(): null

2019-02-21 17:06:16 - [TEST_STEP][PASSED] - out.println(totalRow): null

2019-02-21 17:06:16 - [TEST_STEP][PASSED] - row = sheet.getRow(counter): null

2019-02-21 17:06:16 - [TEST_STEP][PASSED] - cell = row.getCell(counter): null

2019-02-21 17:06:16 - [TEST_STEP][PASSED] - out.println("removing this value : " + cell.getStringCellValue()): null

2019-02-21 17:06:16 - [TEST_STEP][PASSED] - sheet.removeRow(sheet.getRow(counter)): null

2019-02-21 17:06:16 - [TEST_STEP][PASSED] - sheet.shiftRows(counter + 1, totalRow, -1): null

2019-02-21 17:06:16 - [TEST_STEP][PASSED] - fos = new java.io.FileOutputStream((internal.GlobalVariable.TextFilePathCommon + /IC.xlsx)): null

2019-02-21 17:06:16 - [TEST_STEP][PASSED] - workbook.write(fos): null

2019-02-21 17:06:16 - [TEST_STEP][PASSED] - fos.close(): null

2019-02-21 17:06:16 - [MESSAGE][PASSED] - Call Test Case 'Test Cases/All TC/Arranged/1. Common/IC List Remover' successfully

2019-02-21 17:06:16 - [MESSAGE][PASSED] - Call Test Case 'Test Cases/All TC/Arranged/2. Segment/2.8 OTC_Semakan/OTC_Semakan(by Case ID)' successfully

2019-02-21 17:06:16 - [TEST_STEP][PASSED] - callTestCase(findTestCase("All TC/Arranged/1. Common/IC List Remover"), [:], STOP_ON_FAILURE): Call Test Case 'Test Cases/All TC/Arranged/1. Common/IC List Remover' successfully

2019-02-21 17:06:16 - [TEST_CASE][PASSED] - Test Cases/All TC/Arranged/1. Common/IC List Remover: Test Cases/All TC/Arranged/1. Common/IC List Remover

2019-02-21 17:06:16 - [TEST_STEP][PASSED] - counter = 0: null

2019-02-21 17:06:16 - [TEST_STEP][PASSED] - fis = new java.io.FileInputStream((internal.GlobalVariable.TextFilePathCommon + /IC.xlsx)): null

2019-02-21 17:06:16 - [TEST_STEP][PASSED] - workbook = new org.apache.poi.xssf.usermodel.XSSFWorkbook(fis): null

2019-02-21 17:06:16 - [TEST_STEP][PASSED] - sheet = workbook.getSheet("Sheet1"): null

2019-02-21 17:06:16 - [TEST_STEP][PASSED] - totalRow = sheet.getLastRowNum(): null

2019-02-21 17:06:16 - [TEST_STEP][PASSED] - out.println(totalRow): null

2019-02-21 17:06:16 - [TEST_STEP][PASSED] - row = sheet.getRow(counter): null

2019-02-21 17:06:16 - [TEST_STEP][PASSED] - cell = row.getCell(counter): null

2019-02-21 17:06:16 - [TEST_STEP][PASSED] - out.println("removing this value : " + cell.getStringCellValue()): null

2019-02-21 17:06:16 - [TEST_STEP][PASSED] - sheet.removeRow(sheet.getRow(counter)): null

2019-02-21 17:06:16 - [TEST_STEP][PASSED] - sheet.shiftRows(counter + 1, totalRow, -1): null

2019-02-21 17:06:17 - [TEST_STEP][PASSED] - fos = new java.io.FileOutputStream((internal.GlobalVariable.TextFilePathCommon + /IC.xlsx)): null

2019-02-21 17:06:17 - [TEST_STEP][PASSED] - workbook.write(fos): null

2019-02-21 17:06:17 - [TEST_STEP][PASSED] - fos.close(): null

2019-02-21 17:06:17 - [MESSAGE][PASSED] - Call Test Case 'Test Cases/All TC/Arranged/1. Common/IC List Remover' successfully

2019-02-21 17:06:17 - [TEST_STEP][FAILED] - callTestCase(findTestCase("All TC/Arranged/2. Segment/2.7 Case Reassignment/Case_Reassignment_Cross Branch/Case reassignment_EIO to SEIO to SEIO to EIO_Cross Branch"), [:], STOP_ON_FAILURE): callTestCase(findTestCase("All TC/Arranged/2. Segment/2.7 Case Reassignment/Case_Reassignment_Cross Branch/Case reassignment_EIO to SEIO to SEIO to EIO_Cross Branch"), [:], STOP_ON_FAILURE) FAILED.
Reason:
com.kms.katalon.core.exception.StepFailedException: Unable to click on object 'Object Repository/ZhiHao/Case_Reassignment_Cross Branch/Case reassignment_EIO to SEIO to SEIO to EIO_Cross Branch/Page_PERKESO/click_Log Out' (Root cause: com.kms.katalon.core.webui.exception.WebElementNotFoundException: Web element with id: 'Object Repository/ZhiHao/Case_Reassignment_Cross Branch/Case reassignment_EIO to SEIO to SEIO to EIO_Cross Branch/Page_PERKESO/click_Log Out' located by 'By.xpath: //a[@href = 'javascript:logoutFormSubmit()' and (text() = 'Log Out' or . = 'Log Out')]' not found)
	at com.kms.katalon.core.keyword.internal.KeywordMain.stepFailed(KeywordMain.groovy:36)
	at com.kms.katalon.core.webui.keyword.internal.WebUIKeywordMain.stepFailed(WebUIKeywordMain.groovy:65)
	at com.kms.katalon.core.webui.keyword.internal.WebUIKeywordMain.runKeyword(WebUIKeywordMain.groovy:27)
	at com.kms.katalon.core.webui.keyword.builtin.ClickKeyword.click(ClickKeyword.groovy:86)
	at com.kms.katalon.core.webui.keyword.builtin.ClickKeyword.execute(ClickKeyword.groovy:67)
	at com.kms.katalon.core.keyword.internal.KeywordExecutor.executeKeywordForPlatform(KeywordExecutor.groovy:53)
	at com.kms.katalon.core.webui.keyword.WebUiBuiltInKeywords.click(WebUiBuiltInKeywords.groovy:616)
	at com.kms.katalon.core.webui.keyword.WebUiBuiltInKeywords$click$3.call(Unknown Source)
	at Case reassignment_EIO to SEIO to SEIO to EIO_Cross Branch.run(Case reassignment_EIO to SEIO to SEIO to EIO_Cross Branch:98)
	at com.kms.katalon.core.main.ScriptEngine.run(ScriptEngine.java:194)
	at com.kms.katalon.core.main.ScriptEngine.runScriptAsRawText(ScriptEngine.java:119)
	at com.kms.katalon.core.main.TestCaseExecutor.runScript(TestCaseExecutor.java:328)
	at com.kms.katalon.core.main.TestCaseExecutor.doExecute(TestCaseExecutor.java:319)
	at com.kms.katalon.core.main.TestCaseExecutor.processExecutionPhase(TestCaseExecutor.java:298)
	at com.kms.katalon.core.main.TestCaseExecutor.accessMainPhase(TestCaseExecutor.java:290)
	at com.kms.katalon.core.main.TestCaseExecutor.execute(TestCaseExecutor.java:224)
	at com.kms.katalon.core.main.TestCaseMain.runTestCase(TestCaseMain.java:106)
	at com.kms.katalon.core.keyword.builtin.CallTestCaseKeyword$_callTestCase_closure1.doCall(CallTestCaseKeyword.groovy:59)
	at com.kms.katalon.core.keyword.builtin.CallTestCaseKeyword$_callTestCase_closure1.call(CallTestCaseKeyword.groovy)
	at com.kms.katalon.core.keyword.internal.KeywordMain.runKeyword(KeywordMain.groovy:54)
	at com.kms.katalon.core.keyword.builtin.CallTestCaseKeyword.callTestCase(CallTestCaseKeyword.groovy:80)
	at com.kms.katalon.core.keyword.builtin.CallTestCaseKeyword.execute(CallTestCaseKeyword.groovy:44)
	at com.kms.katalon.core.keyword.internal.KeywordExecutor.executeKeywordForPlatform(KeywordExecutor.groovy:53)
	at com.kms.katalon.core.keyword.BuiltinKeywords.callTestCase(BuiltinKeywords.groovy:334)
	at Submit Form 7 (General) - Case Reassignment Cross Branch EIO.run(Submit Form 7 (General) - Case Reassignment Cross Branch EIO:22)
	at com.kms.katalon.core.main.ScriptEngine.run(ScriptEngine.java:194)
	at com.kms.katalon.core.main.ScriptEngine.runScriptAsRawText(ScriptEngine.java:119)
	at com.kms.katalon.core.main.TestCaseExecutor.runScript(TestCaseExecutor.java:328)
	at com.kms.katalon.core.main.TestCaseExecutor.doExecute(TestCaseExecutor.java:319)
	at com.kms.katalon.core.main.TestCaseExecutor.processExecutionPhase(TestCaseExecutor.java:298)
	at com.kms.katalon.core.main.TestCaseExecutor.accessMainPhase(TestCaseExecutor.java:290)
	at com.kms.katalon.core.main.TestCaseExecutor.execute(TestCaseExecutor.java:224)
	at com.kms.katalon.core.main.TestSuiteExecutor.accessTestCaseMainPhase(TestSuiteExecutor.java:129)
	at com.kms.katalon.core.main.TestSuiteExecutor.accessTestSuiteMainPhase(TestSuiteExecutor.java:112)
	at com.kms.katalon.core.main.TestSuiteExecutor.execute(TestSuiteExecutor.java:81)
	at com.kms.katalon.core.main.TestCaseMain.startTestSuite(TestCaseMain.java:149)
	at com.kms.katalon.core.main.TestCaseMain$startTestSuite$0.call(Unknown Source)
	at TempTestSuite1550738418733.run(TempTestSuite1550738418733.groovy:36)


2019-02-21 17:06:17 - [TEST_CASE][FAILED] - Test Cases/All TC/Arranged/2. Segment/2.7 Case Reassignment/Case_Reassignment_Cross Branch/Case reassignment_EIO to SEIO to SEIO to EIO_Cross Branch: Test Cases/All TC/Arranged/2. Segment/2.7 Case Reassignment/Case_Reassignment_Cross Branch/Case reassignment_EIO to SEIO to SEIO to EIO_Cross Branch FAILED.
Reason:
com.kms.katalon.core.exception.StepFailedException: Unable to click on object 'Object Repository/ZhiHao/Case_Reassignment_Cross Branch/Case reassignment_EIO to SEIO to SEIO to EIO_Cross Branch/Page_PERKESO/click_Log Out' (Root cause: com.kms.katalon.core.webui.exception.WebElementNotFoundException: Web element with id: 'Object Repository/ZhiHao/Case_Reassignment_Cross Branch/Case reassignment_EIO to SEIO to SEIO to EIO_Cross Branch/Page_PERKESO/click_Log Out' located by 'By.xpath: //a[@href = 'javascript:logoutFormSubmit()' and (text() = 'Log Out' or . = 'Log Out')]' not found)
	at com.kms.katalon.core.keyword.internal.KeywordMain.stepFailed(KeywordMain.groovy:36)
	at com.kms.katalon.core.webui.keyword.internal.WebUIKeywordMain.stepFailed(WebUIKeywordMain.groovy:65)
	at com.kms.katalon.core.webui.keyword.internal.WebUIKeywordMain.runKeyword(WebUIKeywordMain.groovy:27)
	at com.kms.katalon.core.webui.keyword.builtin.ClickKeyword.click(ClickKeyword.groovy:86)
	at com.kms.katalon.core.webui.keyword.builtin.ClickKeyword.execute(ClickKeyword.groovy:67)
	at com.kms.katalon.core.keyword.internal.KeywordExecutor.executeKeywordForPlatform(KeywordExecutor.groovy:53)
	at com.kms.katalon.core.webui.keyword.WebUiBuiltInKeywords.click(WebUiBuiltInKeywords.groovy:616)
	at com.kms.katalon.core.webui.keyword.WebUiBuiltInKeywords$click$3.call(Unknown Source)
	at Case reassignment_EIO to SEIO to SEIO to EIO_Cross Branch.run(Case reassignment_EIO to SEIO to SEIO to EIO_Cross Branch:98)
	at com.kms.katalon.core.main.ScriptEngine.run(ScriptEngine.java:194)
	at com.kms.katalon.core.main.ScriptEngine.runScriptAsRawText(ScriptEngine.java:119)
	at com.kms.katalon.core.main.TestCaseExecutor.runScript(TestCaseExecutor.java:328)
	at com.kms.katalon.core.main.TestCaseExecutor.doExecute(TestCaseExecutor.java:319)
	at com.kms.katalon.core.main.TestCaseExecutor.processExecutionPhase(TestCaseExecutor.java:298)
	at com.kms.katalon.core.main.TestCaseExecutor.accessMainPhase(TestCaseExecutor.java:290)
	at com.kms.katalon.core.main.TestCaseExecutor.execute(TestCaseExecutor.java:224)
	at com.kms.katalon.core.main.TestCaseMain.runTestCase(TestCaseMain.java:106)
	at com.kms.katalon.core.keyword.builtin.CallTestCaseKeyword$_callTestCase_closure1.doCall(CallTestCaseKeyword.groovy:59)
	at com.kms.katalon.core.keyword.builtin.CallTestCaseKeyword$_callTestCase_closure1.call(CallTestCaseKeyword.groovy)
	at com.kms.katalon.core.keyword.internal.KeywordMain.runKeyword(KeywordMain.groovy:54)
	at com.kms.katalon.core.keyword.builtin.CallTestCaseKeyword.callTestCase(CallTestCaseKeyword.groovy:80)
	at com.kms.katalon.core.keyword.builtin.CallTestCaseKeyword.execute(CallTestCaseKeyword.groovy:44)
	at com.kms.katalon.core.keyword.internal.KeywordExecutor.executeKeywordForPlatform(KeywordExecutor.groovy:53)
	at com.kms.katalon.core.keyword.BuiltinKeywords.callTestCase(BuiltinKeywords.groovy:334)
	at Submit Form 7 (General) - Case Reassignment Cross Branch EIO.run(Submit Form 7 (General) - Case Reassignment Cross Branch EIO:22)
	at com.kms.katalon.core.main.ScriptEngine.run(ScriptEngine.java:194)
	at com.kms.katalon.core.main.ScriptEngine.runScriptAsRawText(ScriptEngine.java:119)
	at com.kms.katalon.core.main.TestCaseExecutor.runScript(TestCaseExecutor.java:328)
	at com.kms.katalon.core.main.TestCaseExecutor.doExecute(TestCaseExecutor.java:319)
	at com.kms.katalon.core.main.TestCaseExecutor.processExecutionPhase(TestCaseExecutor.java:298)
	at com.kms.katalon.core.main.TestCaseExecutor.accessMainPhase(TestCaseExecutor.java:290)
	at com.kms.katalon.core.main.TestCaseExecutor.execute(TestCaseExecutor.java:224)
	at com.kms.katalon.core.main.TestSuiteExecutor.accessTestCaseMainPhase(TestSuiteExecutor.java:129)
	at com.kms.katalon.core.main.TestSuiteExecutor.accessTestSuiteMainPhase(TestSuiteExecutor.java:112)
	at com.kms.katalon.core.main.TestSuiteExecutor.execute(TestSuiteExecutor.java:81)
	at com.kms.katalon.core.main.TestCaseMain.startTestSuite(TestCaseMain.java:149)
	at com.kms.katalon.core.main.TestCaseMain$startTestSuite$0.call(Unknown Source)
	at TempTestSuite1550738418733.run(TempTestSuite1550738418733.groovy:36)


2019-02-21 17:06:17 - [TEST_STEP][PASSED] - openBrowser(""): Browser is opened with url: ''

2019-02-21 17:06:17 - [MESSAGE][WARNING] - A browser is already opened. Closing browser and opening a new one

2019-02-21 17:06:18 - [MESSAGE][INFO] - Starting 'Chrome' driver

2019-02-21 17:06:18 - [MESSAGE][INFO] - User set preference: ['args', '[--start-maximized]']

2019-02-21 17:06:20 - [MESSAGE][PASSED] - Browser is opened with url: ''

2019-02-21 17:06:20 - [TEST_STEP][PASSED] - navigateToUrl(Internal_Login): Navigate to 'http://10.20.24.188/eisportal/user/login' successfully

2019-02-21 17:06:21 - [MESSAGE][PASSED] - Navigate to 'http://10.20.24.188/eisportal/user/login' successfully

2019-02-21 17:06:21 - [TEST_STEP][PASSED] - setText(findTestObject("ZhiHao/Case_Reassignment_Cross Branch/Case reassignment_EIO to SEIO to SEIO to EIO_Cross Branch/Page_PERKESO/input_username"), "jhseio4@perkeso.gov.my"): Text 'jhseio4@perkeso.gov.my' is set on object 'Object Repository/ZhiHao/Case_Reassignment_Cross Branch/Case reassignment_EIO to SEIO to SEIO to EIO_Cross Branch/Page_PERKESO/input_username'

2019-02-21 17:06:21 - [MESSAGE][PASSED] - Text 'jhseio4@perkeso.gov.my' is set on object 'Object Repository/ZhiHao/Case_Reassignment_Cross Branch/Case reassignment_EIO to SEIO to SEIO to EIO_Cross Branch/Page_PERKESO/input_username'

2019-02-21 17:06:21 - [TEST_STEP][PASSED] - delay(2): Delayed 2 second(s)

2019-02-21 17:06:23 - [MESSAGE][PASSED] - Delayed 2 second(s)

2019-02-21 17:06:23 - [TEST_STEP][PASSED] - setEncryptedText(findTestObject("ZhiHao/Case_Reassignment_Cross Branch/Case reassignment_EIO to SEIO to SEIO to EIO_Cross Branch/Page_PERKESO/input_password"), "CQqwFZlbeC8="): Text ****** has been set on object 'Object Repository/ZhiHao/Case_Reassignment_Cross Branch/Case reassignment_EIO to SEIO to SEIO to EIO_Cross Branch/Page_PERKESO/input_password'

2019-02-21 17:06:24 - [MESSAGE][PASSED] - Text ****** has been set on object 'Object Repository/ZhiHao/Case_Reassignment_Cross Branch/Case reassignment_EIO to SEIO to SEIO to EIO_Cross Branch/Page_PERKESO/input_password'

2019-02-21 17:06:24 - [TEST_STEP][PASSED] - click(findTestObject("ZhiHao/Case_Reassignment_Cross Branch/Case reassignment_EIO to SEIO to SEIO to EIO_Cross Branch/Page_PERKESO/click_login_button")): Object: 'Object Repository/ZhiHao/Case_Reassignment_Cross Branch/Case reassignment_EIO to SEIO to SEIO to EIO_Cross Branch/Page_PERKESO/click_login_button' is clicked on

2019-02-21 17:06:25 - [MESSAGE][PASSED] - Object: 'Object Repository/ZhiHao/Case_Reassignment_Cross Branch/Case reassignment_EIO to SEIO to SEIO to EIO_Cross Branch/Page_PERKESO/click_login_button' is clicked on

2019-02-21 17:06:25 - [TEST_STEP][PASSED] - click(findTestObject("ZhiHao/Case_Reassignment_Cross Branch/Case reassignment_EIO to SEIO to SEIO to EIO_Cross Branch/Page_PERKESO/click_SENARAI KES")): Object: 'Object Repository/ZhiHao/Case_Reassignment_Cross Branch/Case reassignment_EIO to SEIO to SEIO to EIO_Cross Branch/Page_PERKESO/click_SENARAI KES' is clicked on

2019-02-21 17:06:26 - [MESSAGE][PASSED] - Object: 'Object Repository/ZhiHao/Case_Reassignment_Cross Branch/Case reassignment_EIO to SEIO to SEIO to EIO_Cross Branch/Page_PERKESO/click_SENARAI KES' is clicked on

2019-02-21 17:06:26 - [TEST_STEP][PASSED] - click(findTestObject("ZhiHao/Case_Reassignment_Cross Branch/Case reassignment_EIO to SEIO to SEIO to EIO_Cross Branch/Page_PERKESO/click_Carian Kes")): Object: 'Object Repository/ZhiHao/Case_Reassignment_Cross Branch/Case reassignment_EIO to SEIO to SEIO to EIO_Cross Branch/Page_PERKESO/click_Carian Kes' is clicked on

2019-02-21 17:06:26 - [MESSAGE][PASSED] - Object: 'Object Repository/ZhiHao/Case_Reassignment_Cross Branch/Case reassignment_EIO to SEIO to SEIO to EIO_Cross Branch/Page_PERKESO/click_Carian Kes' is clicked on

2019-02-21 17:06:26 - [TEST_STEP][PASSED] - callTestCase(findTestCase("All TC/Arranged/1. Common/1.1 Getter/Getter Case ID"), [:], STOP_ON_FAILURE): Call Test Case 'Test Cases/All TC/Arranged/1. Common/1.1 Getter/Getter Case ID' successfully

2019-02-21 17:06:27 - [TEST_CASE][PASSED] - Test Cases/All TC/Arranged/1. Common/1.1 Getter/Getter Case ID: Test Cases/All TC/Arranged/1. Common/1.1 Getter/Getter Case ID

2019-02-21 17:06:27 - [TEST_STEP][PASSED] - try: null

2019-02-21 17:06:27 - [TEST_STEP][PASSED] - RefNo = new java.io.File((internal.GlobalVariable.TextFilePathCommon + \getCaseID.txt)): null

2019-02-21 17:06:27 - [TEST_STEP][PASSED] - bufferread = new java.io.BufferedReader(new java.io.FileReader(RefNo)): null

2019-02-21 17:06:27 - [TEST_STEP][PASSED] - readedVal = bufferread.readLine(): null

2019-02-21 17:06:27 - [TEST_STEP][PASSED] - out.println(CaseID): null

2019-02-21 17:06:27 - [TEST_STEP][PASSED] - out.println(readedVal): null

2019-02-21 17:06:27 - [TEST_STEP][PASSED] - CaseID = "": null

2019-02-21 17:06:27 - [TEST_STEP][PASSED] - CaseID = readedVal: null

2019-02-21 17:06:27 - [MESSAGE][PASSED] - Call Test Case 'Test Cases/All TC/Arranged/1. Common/1.1 Getter/Getter Case ID' successfully

2019-02-21 17:06:27 - [TEST_STEP][PASSED] - setText(findTestObject("ZhiHao/Case_Reassignment_Cross Branch/Case reassignment_EIO to SEIO to SEIO to EIO_Cross Branch/Page_PERKESO/input_case id"), CaseID): Text 'SIPE1119070000031' is set on object 'Object Repository/ZhiHao/Case_Reassignment_Cross Branch/Case reassignment_EIO to SEIO to SEIO to EIO_Cross Branch/Page_PERKESO/input_case id'

2019-02-21 17:06:27 - [MESSAGE][PASSED] - Text 'SIPE1119070000031' is set on object 'Object Repository/ZhiHao/Case_Reassignment_Cross Branch/Case reassignment_EIO to SEIO to SEIO to EIO_Cross Branch/Page_PERKESO/input_case id'

2019-02-21 17:06:27 - [TEST_STEP][PASSED] - callTestCase(findTestCase("All TC/Arranged/1. Common/1.1 Getter/Getter IC"), [:], STOP_ON_FAILURE): Call Test Case 'Test Cases/All TC/Arranged/1. Common/1.1 Getter/Getter IC' successfully

2019-02-21 17:06:27 - [TEST_CASE][PASSED] - Test Cases/All TC/Arranged/1. Common/1.1 Getter/Getter IC: Test Cases/All TC/Arranged/1. Common/1.1 Getter/Getter IC

2019-02-21 17:06:27 - [TEST_STEP][PASSED] - try: null

2019-02-21 17:06:27 - [TEST_STEP][PASSED] - RefNo = new java.io.File((internal.GlobalVariable.TextFilePathCommon + \getIC.txt)): null

2019-02-21 17:06:27 - [TEST_STEP][PASSED] - bufferread = new java.io.BufferedReader(new java.io.FileReader(RefNo)): null

2019-02-21 17:06:27 - [TEST_STEP][PASSED] - readedVal = bufferread.readLine(): null

2019-02-21 17:06:27 - [TEST_STEP][PASSED] - out.println(IC): null

2019-02-21 17:06:27 - [TEST_STEP][PASSED] - out.println(readedVal): null

2019-02-21 17:06:27 - [TEST_STEP][PASSED] - IC = "": null

2019-02-21 17:06:27 - [TEST_STEP][PASSED] - IC = readedVal: null

2019-02-21 17:06:27 - [MESSAGE][PASSED] - Call Test Case 'Test Cases/All TC/Arranged/1. Common/1.1 Getter/Getter IC' successfully

2019-02-21 17:06:27 - [TEST_STEP][PASSED] - setText(findTestObject("ZhiHao/Case_Reassignment_Cross Branch/Case reassignment_EIO to SEIO to SEIO to EIO_Cross Branch/Page_PERKESO/input_No Kad Pengenalan_nric"), IC): Text '781007145435' is set on object 'Object Repository/ZhiHao/Case_Reassignment_Cross Branch/Case reassignment_EIO to SEIO to SEIO to EIO_Cross Branch/Page_PERKESO/input_No Kad Pengenalan_nric'

2019-02-21 17:06:28 - [MESSAGE][PASSED] - Text '781007145435' is set on object 'Object Repository/ZhiHao/Case_Reassignment_Cross Branch/Case reassignment_EIO to SEIO to SEIO to EIO_Cross Branch/Page_PERKESO/input_No Kad Pengenalan_nric'

2019-02-21 17:06:28 - [TEST_STEP][PASSED] - delay(3): Delayed 3 second(s)

2019-02-21 17:06:31 - [MESSAGE][PASSED] - Delayed 3 second(s)

2019-02-21 17:06:31 - [TEST_STEP][PASSED] - click(findTestObject("ZhiHao/Case_Reassignment_Cross Branch/Case reassignment_EIO to SEIO to SEIO to EIO_Cross Branch/Page_PERKESO/click_button_Cari")): Object: 'Object Repository/ZhiHao/Case_Reassignment_Cross Branch/Case reassignment_EIO to SEIO to SEIO to EIO_Cross Branch/Page_PERKESO/click_button_Cari' is clicked on

2019-02-21 17:06:31 - [MESSAGE][PASSED] - Object: 'Object Repository/ZhiHao/Case_Reassignment_Cross Branch/Case reassignment_EIO to SEIO to SEIO to EIO_Cross Branch/Page_PERKESO/click_button_Cari' is clicked on

2019-02-21 17:06:31 - [TEST_STEP][PASSED] - delay(2): Delayed 2 second(s)

2019-02-21 17:06:33 - [MESSAGE][PASSED] - Delayed 2 second(s)

2019-02-21 17:06:33 - [TEST_STEP][PASSED] - click(findTestObject("ZhiHao/Case_Reassignment_Cross Branch/Case reassignment_EIO to SEIO to SEIO to EIO_Cross Branch/Page_PERKESO/click_button_Tindakan")): Object: 'Object Repository/ZhiHao/Case_Reassignment_Cross Branch/Case reassignment_EIO to SEIO to SEIO to EIO_Cross Branch/Page_PERKESO/click_button_Tindakan' is clicked on

2019-02-21 17:06:33 - [MESSAGE][PASSED] - Object: 'Object Repository/ZhiHao/Case_Reassignment_Cross Branch/Case reassignment_EIO to SEIO to SEIO to EIO_Cross Branch/Page_PERKESO/click_button_Tindakan' is clicked on

2019-02-21 17:06:33 - [TEST_STEP][PASSED] - delay(2): Delayed 2 second(s)

2019-02-21 17:06:35 - [MESSAGE][PASSED] - Delayed 2 second(s)

2019-02-21 17:06:35 - [TEST_STEP][PASSED] - click(findTestObject("ZhiHao/Case_Reassignment_Cross Branch/Case reassignment_EIO to SEIO to SEIO to EIO_Cross Branch/Page_PERKESO/click_Menugas Semula")): Object: 'Object Repository/ZhiHao/Case_Reassignment_Cross Branch/Case reassignment_EIO to SEIO to SEIO to EIO_Cross Branch/Page_PERKESO/click_Menugas Semula' is clicked on

2019-02-21 17:06:35 - [MESSAGE][PASSED] - Object: 'Object Repository/ZhiHao/Case_Reassignment_Cross Branch/Case reassignment_EIO to SEIO to SEIO to EIO_Cross Branch/Page_PERKESO/click_Menugas Semula' is clicked on

2019-02-21 17:06:35 - [TEST_STEP][PASSED] - delay(3): Delayed 3 second(s)

2019-02-21 17:06:38 - [MESSAGE][PASSED] - Delayed 3 second(s)

2019-02-21 17:06:38 - [TEST_STEP][PASSED] - click(findTestObject("ZhiHao/Case_Reassignment_Cross Branch/Case reassignment_EIO to SEIO to SEIO to EIO_Cross Branch/Page_PERKESO/span_Current Branch")): Object: 'Object Repository/ZhiHao/Case_Reassignment_Cross Branch/Case reassignment_EIO to SEIO to SEIO to EIO_Cross Branch/Page_PERKESO/span_Current Branch' is clicked on

2019-02-21 17:06:39 - [MESSAGE][PASSED] - Object: 'Object Repository/ZhiHao/Case_Reassignment_Cross Branch/Case reassignment_EIO to SEIO to SEIO to EIO_Cross Branch/Page_PERKESO/span_Current Branch' is clicked on

2019-02-21 17:06:39 - [TEST_STEP][PASSED] - delay(2): Delayed 2 second(s)

2019-02-21 17:06:41 - [MESSAGE][PASSED] - Delayed 2 second(s)

2019-02-21 17:06:41 - [TEST_STEP][PASSED] - click(findTestObject("ZhiHao/Case_Reassignment_Cross Branch/Case reassignment_EIO to SEIO to SEIO to EIO_Cross Branch/Page_PERKESO/select_Pejabat PERKESO Negeri W.P")): Object: 'Object Repository/ZhiHao/Case_Reassignment_Cross Branch/Case reassignment_EIO to SEIO to SEIO to EIO_Cross Branch/Page_PERKESO/select_Pejabat PERKESO Negeri W.P' is clicked on

2019-02-21 17:06:41 - [MESSAGE][PASSED] - Object: 'Object Repository/ZhiHao/Case_Reassignment_Cross Branch/Case reassignment_EIO to SEIO to SEIO to EIO_Cross Branch/Page_PERKESO/select_Pejabat PERKESO Negeri W.P' is clicked on

2019-02-21 17:06:41 - [TEST_STEP][PASSED] - delay(2): Delayed 2 second(s)

2019-02-21 17:06:43 - [MESSAGE][PASSED] - Delayed 2 second(s)

2019-02-21 17:06:43 - [TEST_STEP][PASSED] - click(findTestObject("ZhiHao/Case_Reassignment_Cross Branch/Case reassignment_EIO to SEIO to SEIO to EIO_Cross Branch/Page_PERKESO/click_upload_button")): Object: 'Object Repository/ZhiHao/Case_Reassignment_Cross Branch/Case reassignment_EIO to SEIO to SEIO to EIO_Cross Branch/Page_PERKESO/click_upload_button' is clicked on

2019-02-21 17:06:43 - [MESSAGE][PASSED] - Object: 'Object Repository/ZhiHao/Case_Reassignment_Cross Branch/Case reassignment_EIO to SEIO to SEIO to EIO_Cross Branch/Page_PERKESO/click_upload_button' is clicked on

2019-02-21 17:06:43 - [TEST_STEP][PASSED] - delay(2): Delayed 2 second(s)

2019-02-21 17:06:45 - [MESSAGE][PASSED] - Delayed 2 second(s)

2019-02-21 17:06:45 - [TEST_STEP][PASSED] - sendKeys(findTestObject("ZhiHao/Case_Reassignment_Cross Branch/Case reassignment_EIO to SEIO to SEIO to EIO_Cross Branch/Page_PERKESO/click_choose file_button"), TextFilePathCommon + "\UploadDoc.txt"): Keys 'C:\Users\Admin\Documents\GitHub\PKSKatalon\PKS-EI-ES\Common Zone\UploadDoc.txt' sent to object: 'Object Repository/ZhiHao/Case_Reassignment_Cross Branch/Case reassignment_EIO to SEIO to SEIO to EIO_Cross Branch/Page_PERKESO/click_choose file_button'

2019-02-21 17:06:45 - [MESSAGE][PASSED] - Keys 'C:\Users\Admin\Documents\GitHub\PKSKatalon\PKS-EI-ES\Common Zone\UploadDoc.txt' sent to object: 'Object Repository/ZhiHao/Case_Reassignment_Cross Branch/Case reassignment_EIO to SEIO to SEIO to EIO_Cross Branch/Page_PERKESO/click_choose file_button'

2019-02-21 17:06:45 - [TEST_STEP][PASSED] - delay(2): Delayed 2 second(s)

2019-02-21 17:06:47 - [MESSAGE][PASSED] - Delayed 2 second(s)

2019-02-21 17:06:47 - [TEST_STEP][PASSED] - click(findTestObject("ZhiHao/Case_Reassignment_Cross Branch/Case reassignment_EIO to SEIO to SEIO to EIO_Cross Branch/Page_PERKESO/button_Tambah Dokumen")): Object: 'Object Repository/ZhiHao/Case_Reassignment_Cross Branch/Case reassignment_EIO to SEIO to SEIO to EIO_Cross Branch/Page_PERKESO/button_Tambah Dokumen' is clicked on

2019-02-21 17:06:47 - [MESSAGE][PASSED] - Object: 'Object Repository/ZhiHao/Case_Reassignment_Cross Branch/Case reassignment_EIO to SEIO to SEIO to EIO_Cross Branch/Page_PERKESO/button_Tambah Dokumen' is clicked on

2019-02-21 17:06:47 - [TEST_STEP][PASSED] - delay(2): Delayed 2 second(s)

2019-02-21 17:06:49 - [MESSAGE][PASSED] - Delayed 2 second(s)

2019-02-21 17:06:49 - [TEST_STEP][PASSED] - acceptAlert(): Alert accepted

2019-02-21 17:06:49 - [MESSAGE][PASSED] - Alert accepted

2019-02-21 17:06:49 - [TEST_STEP][PASSED] - delay(2): Delayed 2 second(s)

2019-02-21 17:06:51 - [MESSAGE][PASSED] - Delayed 2 second(s)

2019-02-21 17:06:51 - [TEST_STEP][PASSED] - setText(findTestObject("ZhiHao/Case_Reassignment_Cross Branch/Case reassignment_EIO to SEIO to SEIO to EIO_Cross Branch/Page_PERKESO/insert_catatan"), "ok go"): Text 'ok go' is set on object 'Object Repository/ZhiHao/Case_Reassignment_Cross Branch/Case reassignment_EIO to SEIO to SEIO to EIO_Cross Branch/Page_PERKESO/insert_catatan'

2019-02-21 17:06:52 - [MESSAGE][PASSED] - Text 'ok go' is set on object 'Object Repository/ZhiHao/Case_Reassignment_Cross Branch/Case reassignment_EIO to SEIO to SEIO to EIO_Cross Branch/Page_PERKESO/insert_catatan'

2019-02-21 17:06:52 - [TEST_STEP][PASSED] - delay(3): Delayed 3 second(s)

2019-02-21 17:06:55 - [MESSAGE][PASSED] - Delayed 3 second(s)

2019-02-21 17:06:55 - [TEST_STEP][PASSED] - click(findTestObject("ZhiHao/Case_Reassignment_Cross Branch/Case reassignment_EIO to SEIO to SEIO to EIO_Cross Branch/Page_PERKESO/button_Tugaskan")): Object: 'Object Repository/ZhiHao/Case_Reassignment_Cross Branch/Case reassignment_EIO to SEIO to SEIO to EIO_Cross Branch/Page_PERKESO/button_Tugaskan' is clicked on

2019-02-21 17:06:55 - [MESSAGE][PASSED] - Object: 'Object Repository/ZhiHao/Case_Reassignment_Cross Branch/Case reassignment_EIO to SEIO to SEIO to EIO_Cross Branch/Page_PERKESO/button_Tugaskan' is clicked on

2019-02-21 17:06:55 - [TEST_STEP][PASSED] - delay(2): Delayed 2 second(s)

2019-02-21 17:06:57 - [MESSAGE][PASSED] - Delayed 2 second(s)

2019-02-21 17:06:57 - [TEST_STEP][PASSED] - acceptAlert(): Alert accepted

2019-02-21 17:06:57 - [MESSAGE][PASSED] - Alert accepted

2019-02-21 17:06:57 - [TEST_STEP][PASSED] - delay(3): Delayed 3 second(s)

2019-02-21 17:07:00 - [MESSAGE][PASSED] - Delayed 3 second(s)

2019-02-21 17:07:00 - [TEST_STEP][PASSED] - click(findTestObject("ZhiHao/Case_Reassignment_Cross Branch/Case reassignment_EIO to SEIO to SEIO to EIO_Cross Branch/Page_PERKESO/click_jhseio4perkeso.gov.my")): Object: 'Object Repository/ZhiHao/Case_Reassignment_Cross Branch/Case reassignment_EIO to SEIO to SEIO to EIO_Cross Branch/Page_PERKESO/click_jhseio4perkeso.gov.my' is clicked on

2019-02-21 17:07:00 - [MESSAGE][PASSED] - Object: 'Object Repository/ZhiHao/Case_Reassignment_Cross Branch/Case reassignment_EIO to SEIO to SEIO to EIO_Cross Branch/Page_PERKESO/click_jhseio4perkeso.gov.my' is clicked on

2019-02-21 17:07:00 - [TEST_STEP][FAILED] - click(findTestObject("ZhiHao/Case_Reassignment_Cross Branch/Case reassignment_EIO to SEIO to SEIO to EIO_Cross Branch/Page_PERKESO/click_Log Out")): click(findTestObject("ZhiHao/Case_Reassignment_Cross Branch/Case reassignment_EIO to SEIO to SEIO to EIO_Cross Branch/Page_PERKESO/click_Log Out")) FAILED.
Reason:
com.kms.katalon.core.exception.StepFailedException: Unable to click on object 'Object Repository/ZhiHao/Case_Reassignment_Cross Branch/Case reassignment_EIO to SEIO to SEIO to EIO_Cross Branch/Page_PERKESO/click_Log Out' (Root cause: com.kms.katalon.core.webui.exception.WebElementNotFoundException: Web element with id: 'Object Repository/ZhiHao/Case_Reassignment_Cross Branch/Case reassignment_EIO to SEIO to SEIO to EIO_Cross Branch/Page_PERKESO/click_Log Out' located by 'By.xpath: //a[@href = 'javascript:logoutFormSubmit()' and (text() = 'Log Out' or . = 'Log Out')]' not found)
	at com.kms.katalon.core.keyword.internal.KeywordMain.stepFailed(KeywordMain.groovy:36)
	at com.kms.katalon.core.webui.keyword.internal.WebUIKeywordMain.stepFailed(WebUIKeywordMain.groovy:65)
	at com.kms.katalon.core.webui.keyword.internal.WebUIKeywordMain.runKeyword(WebUIKeywordMain.groovy:27)
	at com.kms.katalon.core.webui.keyword.builtin.ClickKeyword.click(ClickKeyword.groovy:86)
	at com.kms.katalon.core.webui.keyword.builtin.ClickKeyword.execute(ClickKeyword.groovy:67)
	at com.kms.katalon.core.keyword.internal.KeywordExecutor.executeKeywordForPlatform(KeywordExecutor.groovy:53)
	at com.kms.katalon.core.webui.keyword.WebUiBuiltInKeywords.click(WebUiBuiltInKeywords.groovy:616)
	at com.kms.katalon.core.webui.keyword.WebUiBuiltInKeywords$click$3.call(Unknown Source)
	at Case reassignment_EIO to SEIO to SEIO to EIO_Cross Branch.run(Case reassignment_EIO to SEIO to SEIO to EIO_Cross Branch:98)
	at com.kms.katalon.core.main.ScriptEngine.run(ScriptEngine.java:194)
	at com.kms.katalon.core.main.ScriptEngine.runScriptAsRawText(ScriptEngine.java:119)
	at com.kms.katalon.core.main.TestCaseExecutor.runScript(TestCaseExecutor.java:328)
	at com.kms.katalon.core.main.TestCaseExecutor.doExecute(TestCaseExecutor.java:319)
	at com.kms.katalon.core.main.TestCaseExecutor.processExecutionPhase(TestCaseExecutor.java:298)
	at com.kms.katalon.core.main.TestCaseExecutor.accessMainPhase(TestCaseExecutor.java:290)
	at com.kms.katalon.core.main.TestCaseExecutor.execute(TestCaseExecutor.java:224)
	at com.kms.katalon.core.main.TestCaseMain.runTestCase(TestCaseMain.java:106)
	at com.kms.katalon.core.keyword.builtin.CallTestCaseKeyword$_callTestCase_closure1.doCall(CallTestCaseKeyword.groovy:59)
	at com.kms.katalon.core.keyword.builtin.CallTestCaseKeyword$_callTestCase_closure1.call(CallTestCaseKeyword.groovy)
	at com.kms.katalon.core.keyword.internal.KeywordMain.runKeyword(KeywordMain.groovy:54)
	at com.kms.katalon.core.keyword.builtin.CallTestCaseKeyword.callTestCase(CallTestCaseKeyword.groovy:80)
	at com.kms.katalon.core.keyword.builtin.CallTestCaseKeyword.execute(CallTestCaseKeyword.groovy:44)
	at com.kms.katalon.core.keyword.internal.KeywordExecutor.executeKeywordForPlatform(KeywordExecutor.groovy:53)
	at com.kms.katalon.core.keyword.BuiltinKeywords.callTestCase(BuiltinKeywords.groovy:334)
	at Submit Form 7 (General) - Case Reassignment Cross Branch EIO.run(Submit Form 7 (General) - Case Reassignment Cross Branch EIO:22)
	at com.kms.katalon.core.main.ScriptEngine.run(ScriptEngine.java:194)
	at com.kms.katalon.core.main.ScriptEngine.runScriptAsRawText(ScriptEngine.java:119)
	at com.kms.katalon.core.main.TestCaseExecutor.runScript(TestCaseExecutor.java:328)
	at com.kms.katalon.core.main.TestCaseExecutor.doExecute(TestCaseExecutor.java:319)
	at com.kms.katalon.core.main.TestCaseExecutor.processExecutionPhase(TestCaseExecutor.java:298)
	at com.kms.katalon.core.main.TestCaseExecutor.accessMainPhase(TestCaseExecutor.java:290)
	at com.kms.katalon.core.main.TestCaseExecutor.execute(TestCaseExecutor.java:224)
	at com.kms.katalon.core.main.TestSuiteExecutor.accessTestCaseMainPhase(TestSuiteExecutor.java:129)
	at com.kms.katalon.core.main.TestSuiteExecutor.accessTestSuiteMainPhase(TestSuiteExecutor.java:112)
	at com.kms.katalon.core.main.TestSuiteExecutor.execute(TestSuiteExecutor.java:81)
	at com.kms.katalon.core.main.TestCaseMain.startTestSuite(TestCaseMain.java:149)
	at com.kms.katalon.core.main.TestCaseMain$startTestSuite$0.call(Unknown Source)
	at TempTestSuite1550738418733.run(TempTestSuite1550738418733.groovy:36)


2019-02-21 17:07:31 - [MESSAGE][INFO] - Unable to find the element located by 'By.xpath: //a[@href = 'javascript:logoutFormSubmit()' and (text() = 'Log Out' or . = 'Log Out')]'. Please recheck the objects properties to make sure the desired element is located. 

2019-02-21 17:07:32 - [MESSAGE][FAILED] - Unable to click on object 'Object Repository/ZhiHao/Case_Reassignment_Cross Branch/Case reassignment_EIO to SEIO to SEIO to EIO_Cross Branch/Page_PERKESO/click_Log Out' (Root cause: com.kms.katalon.core.webui.exception.WebElementNotFoundException: Web element with id: 'Object Repository/ZhiHao/Case_Reassignment_Cross Branch/Case reassignment_EIO to SEIO to SEIO to EIO_Cross Branch/Page_PERKESO/click_Log Out' located by 'By.xpath: //a[@href = 'javascript:logoutFormSubmit()' and (text() = 'Log Out' or . = 'Log Out')]' not found)
[[ATTACHMENT|C:\\Users\\Admin\\Documents\\GitHub\\PKSKatalon\\PKS-EI-ES\\Reports\\New Test Suite\\20190221_164018\\1550740051768.png]]

2019-02-21 17:07:32 - [MESSAGE][FAILED] - click(findTestObject("ZhiHao/Case_Reassignment_Cross Branch/Case reassignment_EIO to SEIO to SEIO to EIO_Cross Branch/Page_PERKESO/click_Log Out")) FAILED.
Reason:
com.kms.katalon.core.exception.StepFailedException: Unable to click on object 'Object Repository/ZhiHao/Case_Reassignment_Cross Branch/Case reassignment_EIO to SEIO to SEIO to EIO_Cross Branch/Page_PERKESO/click_Log Out' (Root cause: com.kms.katalon.core.webui.exception.WebElementNotFoundException: Web element with id: 'Object Repository/ZhiHao/Case_Reassignment_Cross Branch/Case reassignment_EIO to SEIO to SEIO to EIO_Cross Branch/Page_PERKESO/click_Log Out' located by 'By.xpath: //a[@href = 'javascript:logoutFormSubmit()' and (text() = 'Log Out' or . = 'Log Out')]' not found)
	at com.kms.katalon.core.keyword.internal.KeywordMain.stepFailed(KeywordMain.groovy:36)
	at com.kms.katalon.core.webui.keyword.internal.WebUIKeywordMain.stepFailed(WebUIKeywordMain.groovy:65)
	at com.kms.katalon.core.webui.keyword.internal.WebUIKeywordMain.runKeyword(WebUIKeywordMain.groovy:27)
	at com.kms.katalon.core.webui.keyword.builtin.ClickKeyword.click(ClickKeyword.groovy:86)
	at com.kms.katalon.core.webui.keyword.builtin.ClickKeyword.execute(ClickKeyword.groovy:67)
	at com.kms.katalon.core.keyword.internal.KeywordExecutor.executeKeywordForPlatform(KeywordExecutor.groovy:53)
	at com.kms.katalon.core.webui.keyword.WebUiBuiltInKeywords.click(WebUiBuiltInKeywords.groovy:616)
	at com.kms.katalon.core.webui.keyword.WebUiBuiltInKeywords$click$3.call(Unknown Source)
	at Case reassignment_EIO to SEIO to SEIO to EIO_Cross Branch.run(Case reassignment_EIO to SEIO to SEIO to EIO_Cross Branch:98)
	at com.kms.katalon.core.main.ScriptEngine.run(ScriptEngine.java:194)
	at com.kms.katalon.core.main.ScriptEngine.runScriptAsRawText(ScriptEngine.java:119)
	at com.kms.katalon.core.main.TestCaseExecutor.runScript(TestCaseExecutor.java:328)
	at com.kms.katalon.core.main.TestCaseExecutor.doExecute(TestCaseExecutor.java:319)
	at com.kms.katalon.core.main.TestCaseExecutor.processExecutionPhase(TestCaseExecutor.java:298)
	at com.kms.katalon.core.main.TestCaseExecutor.accessMainPhase(TestCaseExecutor.java:290)
	at com.kms.katalon.core.main.TestCaseExecutor.execute(TestCaseExecutor.java:224)
	at com.kms.katalon.core.main.TestCaseMain.runTestCase(TestCaseMain.java:106)
	at com.kms.katalon.core.keyword.builtin.CallTestCaseKeyword$_callTestCase_closure1.doCall(CallTestCaseKeyword.groovy:59)
	at com.kms.katalon.core.keyword.builtin.CallTestCaseKeyword$_callTestCase_closure1.call(CallTestCaseKeyword.groovy)
	at com.kms.katalon.core.keyword.internal.KeywordMain.runKeyword(KeywordMain.groovy:54)
	at com.kms.katalon.core.keyword.builtin.CallTestCaseKeyword.callTestCase(CallTestCaseKeyword.groovy:80)
	at com.kms.katalon.core.keyword.builtin.CallTestCaseKeyword.execute(CallTestCaseKeyword.groovy:44)
	at com.kms.katalon.core.keyword.internal.KeywordExecutor.executeKeywordForPlatform(KeywordExecutor.groovy:53)
	at com.kms.katalon.core.keyword.BuiltinKeywords.callTestCase(BuiltinKeywords.groovy:334)
	at Submit Form 7 (General) - Case Reassignment Cross Branch EIO.run(Submit Form 7 (General) - Case Reassignment Cross Branch EIO:22)
	at com.kms.katalon.core.main.ScriptEngine.run(ScriptEngine.java:194)
	at com.kms.katalon.core.main.ScriptEngine.runScriptAsRawText(ScriptEngine.java:119)
	at com.kms.katalon.core.main.TestCaseExecutor.runScript(TestCaseExecutor.java:328)
	at com.kms.katalon.core.main.TestCaseExecutor.doExecute(TestCaseExecutor.java:319)
	at com.kms.katalon.core.main.TestCaseExecutor.processExecutionPhase(TestCaseExecutor.java:298)
	at com.kms.katalon.core.main.TestCaseExecutor.accessMainPhase(TestCaseExecutor.java:290)
	at com.kms.katalon.core.main.TestCaseExecutor.execute(TestCaseExecutor.java:224)
	at com.kms.katalon.core.main.TestSuiteExecutor.accessTestCaseMainPhase(TestSuiteExecutor.java:129)
	at com.kms.katalon.core.main.TestSuiteExecutor.accessTestSuiteMainPhase(TestSuiteExecutor.java:112)
	at com.kms.katalon.core.main.TestSuiteExecutor.execute(TestSuiteExecutor.java:81)
	at com.kms.katalon.core.main.TestCaseMain.startTestSuite(TestCaseMain.java:149)
	at com.kms.katalon.core.main.TestCaseMain$startTestSuite$0.call(Unknown Source)
	at TempTestSuite1550738418733.run(TempTestSuite1550738418733.groovy:36)


2019-02-21 17:07:32 - [MESSAGE][FAILED] - Unable to call Test Case 'Test Cases/All TC/Arranged/2. Segment/2.7 Case Reassignment/Case_Reassignment_Cross Branch/Case reassignment_EIO to SEIO to SEIO to EIO_Cross Branch' (Root cause: com.kms.katalon.core.exception.StepFailedException: Call Test Case 'Test Cases/All TC/Arranged/2. Segment/2.7 Case Reassignment/Case_Reassignment_Cross Branch/Case reassignment_EIO to SEIO to SEIO to EIO_Cross Branch' failed)

2019-02-21 17:07:32 - [MESSAGE][FAILED] - callTestCase(findTestCase("All TC/Arranged/2. Segment/2.7 Case Reassignment/Case_Reassignment_Cross Branch/Case reassignment_EIO to SEIO to SEIO to EIO_Cross Branch"), [:], STOP_ON_FAILURE) FAILED.
Reason:
com.kms.katalon.core.exception.StepFailedException: Unable to click on object 'Object Repository/ZhiHao/Case_Reassignment_Cross Branch/Case reassignment_EIO to SEIO to SEIO to EIO_Cross Branch/Page_PERKESO/click_Log Out' (Root cause: com.kms.katalon.core.webui.exception.WebElementNotFoundException: Web element with id: 'Object Repository/ZhiHao/Case_Reassignment_Cross Branch/Case reassignment_EIO to SEIO to SEIO to EIO_Cross Branch/Page_PERKESO/click_Log Out' located by 'By.xpath: //a[@href = 'javascript:logoutFormSubmit()' and (text() = 'Log Out' or . = 'Log Out')]' not found)
	at com.kms.katalon.core.keyword.internal.KeywordMain.stepFailed(KeywordMain.groovy:36)
	at com.kms.katalon.core.webui.keyword.internal.WebUIKeywordMain.stepFailed(WebUIKeywordMain.groovy:65)
	at com.kms.katalon.core.webui.keyword.internal.WebUIKeywordMain.runKeyword(WebUIKeywordMain.groovy:27)
	at com.kms.katalon.core.webui.keyword.builtin.ClickKeyword.click(ClickKeyword.groovy:86)
	at com.kms.katalon.core.webui.keyword.builtin.ClickKeyword.execute(ClickKeyword.groovy:67)
	at com.kms.katalon.core.keyword.internal.KeywordExecutor.executeKeywordForPlatform(KeywordExecutor.groovy:53)
	at com.kms.katalon.core.webui.keyword.WebUiBuiltInKeywords.click(WebUiBuiltInKeywords.groovy:616)
	at com.kms.katalon.core.webui.keyword.WebUiBuiltInKeywords$click$3.call(Unknown Source)
	at Case reassignment_EIO to SEIO to SEIO to EIO_Cross Branch.run(Case reassignment_EIO to SEIO to SEIO to EIO_Cross Branch:98)
	at com.kms.katalon.core.main.ScriptEngine.run(ScriptEngine.java:194)
	at com.kms.katalon.core.main.ScriptEngine.runScriptAsRawText(ScriptEngine.java:119)
	at com.kms.katalon.core.main.TestCaseExecutor.runScript(TestCaseExecutor.java:328)
	at com.kms.katalon.core.main.TestCaseExecutor.doExecute(TestCaseExecutor.java:319)
	at com.kms.katalon.core.main.TestCaseExecutor.processExecutionPhase(TestCaseExecutor.java:298)
	at com.kms.katalon.core.main.TestCaseExecutor.accessMainPhase(TestCaseExecutor.java:290)
	at com.kms.katalon.core.main.TestCaseExecutor.execute(TestCaseExecutor.java:224)
	at com.kms.katalon.core.main.TestCaseMain.runTestCase(TestCaseMain.java:106)
	at com.kms.katalon.core.keyword.builtin.CallTestCaseKeyword$_callTestCase_closure1.doCall(CallTestCaseKeyword.groovy:59)
	at com.kms.katalon.core.keyword.builtin.CallTestCaseKeyword$_callTestCase_closure1.call(CallTestCaseKeyword.groovy)
	at com.kms.katalon.core.keyword.internal.KeywordMain.runKeyword(KeywordMain.groovy:54)
	at com.kms.katalon.core.keyword.builtin.CallTestCaseKeyword.callTestCase(CallTestCaseKeyword.groovy:80)
	at com.kms.katalon.core.keyword.builtin.CallTestCaseKeyword.execute(CallTestCaseKeyword.groovy:44)
	at com.kms.katalon.core.keyword.internal.KeywordExecutor.executeKeywordForPlatform(KeywordExecutor.groovy:53)
	at com.kms.katalon.core.keyword.BuiltinKeywords.callTestCase(BuiltinKeywords.groovy:334)
	at Submit Form 7 (General) - Case Reassignment Cross Branch EIO.run(Submit Form 7 (General) - Case Reassignment Cross Branch EIO:22)
	at com.kms.katalon.core.main.ScriptEngine.run(ScriptEngine.java:194)
	at com.kms.katalon.core.main.ScriptEngine.runScriptAsRawText(ScriptEngine.java:119)
	at com.kms.katalon.core.main.TestCaseExecutor.runScript(TestCaseExecutor.java:328)
	at com.kms.katalon.core.main.TestCaseExecutor.doExecute(TestCaseExecutor.java:319)
	at com.kms.katalon.core.main.TestCaseExecutor.processExecutionPhase(TestCaseExecutor.java:298)
	at com.kms.katalon.core.main.TestCaseExecutor.accessMainPhase(TestCaseExecutor.java:290)
	at com.kms.katalon.core.main.TestCaseExecutor.execute(TestCaseExecutor.java:224)
	at com.kms.katalon.core.main.TestSuiteExecutor.accessTestCaseMainPhase(TestSuiteExecutor.java:129)
	at com.kms.katalon.core.main.TestSuiteExecutor.accessTestSuiteMainPhase(TestSuiteExecutor.java:112)
	at com.kms.katalon.core.main.TestSuiteExecutor.execute(TestSuiteExecutor.java:81)
	at com.kms.katalon.core.main.TestCaseMain.startTestSuite(TestCaseMain.java:149)
	at com.kms.katalon.core.main.TestCaseMain$startTestSuite$0.call(Unknown Source)
	at TempTestSuite1550738418733.run(TempTestSuite1550738418733.groovy:36)]]></system-out>
         <system-err><![CDATA[2019-02-21 17:02:04 - [TEST_CASE][FAILED] - Test Cases/All TC/Arranged/0. Full Flow/Submit Form 7 (General) - Case Reassignment Cross Branch EIO: Test Cases/All TC/Arranged/0. Full Flow/Submit Form 7 (General) - Case Reassignment Cross Branch EIO FAILED.
Reason:
com.kms.katalon.core.exception.StepFailedException: Unable to click on object 'Object Repository/ZhiHao/Case_Reassignment_Cross Branch/Case reassignment_EIO to SEIO to SEIO to EIO_Cross Branch/Page_PERKESO/click_Log Out' (Root cause: com.kms.katalon.core.webui.exception.WebElementNotFoundException: Web element with id: 'Object Repository/ZhiHao/Case_Reassignment_Cross Branch/Case reassignment_EIO to SEIO to SEIO to EIO_Cross Branch/Page_PERKESO/click_Log Out' located by 'By.xpath: //a[@href = 'javascript:logoutFormSubmit()' and (text() = 'Log Out' or . = 'Log Out')]' not found)
	at com.kms.katalon.core.keyword.internal.KeywordMain.stepFailed(KeywordMain.groovy:36)
	at com.kms.katalon.core.webui.keyword.internal.WebUIKeywordMain.stepFailed(WebUIKeywordMain.groovy:65)
	at com.kms.katalon.core.webui.keyword.internal.WebUIKeywordMain.runKeyword(WebUIKeywordMain.groovy:27)
	at com.kms.katalon.core.webui.keyword.builtin.ClickKeyword.click(ClickKeyword.groovy:86)
	at com.kms.katalon.core.webui.keyword.builtin.ClickKeyword.execute(ClickKeyword.groovy:67)
	at com.kms.katalon.core.keyword.internal.KeywordExecutor.executeKeywordForPlatform(KeywordExecutor.groovy:53)
	at com.kms.katalon.core.webui.keyword.WebUiBuiltInKeywords.click(WebUiBuiltInKeywords.groovy:616)
	at com.kms.katalon.core.webui.keyword.WebUiBuiltInKeywords$click$3.call(Unknown Source)
	at Case reassignment_EIO to SEIO to SEIO to EIO_Cross Branch.run(Case reassignment_EIO to SEIO to SEIO to EIO_Cross Branch:98)
	at com.kms.katalon.core.main.ScriptEngine.run(ScriptEngine.java:194)
	at com.kms.katalon.core.main.ScriptEngine.runScriptAsRawText(ScriptEngine.java:119)
	at com.kms.katalon.core.main.TestCaseExecutor.runScript(TestCaseExecutor.java:328)
	at com.kms.katalon.core.main.TestCaseExecutor.doExecute(TestCaseExecutor.java:319)
	at com.kms.katalon.core.main.TestCaseExecutor.processExecutionPhase(TestCaseExecutor.java:298)
	at com.kms.katalon.core.main.TestCaseExecutor.accessMainPhase(TestCaseExecutor.java:290)
	at com.kms.katalon.core.main.TestCaseExecutor.execute(TestCaseExecutor.java:224)
	at com.kms.katalon.core.main.TestCaseMain.runTestCase(TestCaseMain.java:106)
	at com.kms.katalon.core.keyword.builtin.CallTestCaseKeyword$_callTestCase_closure1.doCall(CallTestCaseKeyword.groovy:59)
	at com.kms.katalon.core.keyword.builtin.CallTestCaseKeyword$_callTestCase_closure1.call(CallTestCaseKeyword.groovy)
	at com.kms.katalon.core.keyword.internal.KeywordMain.runKeyword(KeywordMain.groovy:54)
	at com.kms.katalon.core.keyword.builtin.CallTestCaseKeyword.callTestCase(CallTestCaseKeyword.groovy:80)
	at com.kms.katalon.core.keyword.builtin.CallTestCaseKeyword.execute(CallTestCaseKeyword.groovy:44)
	at com.kms.katalon.core.keyword.internal.KeywordExecutor.executeKeywordForPlatform(KeywordExecutor.groovy:53)
	at com.kms.katalon.core.keyword.BuiltinKeywords.callTestCase(BuiltinKeywords.groovy:334)
	at Submit Form 7 (General) - Case Reassignment Cross Branch EIO.run(Submit Form 7 (General) - Case Reassignment Cross Branch EIO:22)
	at com.kms.katalon.core.main.ScriptEngine.run(ScriptEngine.java:194)
	at com.kms.katalon.core.main.ScriptEngine.runScriptAsRawText(ScriptEngine.java:119)
	at com.kms.katalon.core.main.TestCaseExecutor.runScript(TestCaseExecutor.java:328)
	at com.kms.katalon.core.main.TestCaseExecutor.doExecute(TestCaseExecutor.java:319)
	at com.kms.katalon.core.main.TestCaseExecutor.processExecutionPhase(TestCaseExecutor.java:298)
	at com.kms.katalon.core.main.TestCaseExecutor.accessMainPhase(TestCaseExecutor.java:290)
	at com.kms.katalon.core.main.TestCaseExecutor.execute(TestCaseExecutor.java:224)
	at com.kms.katalon.core.main.TestSuiteExecutor.accessTestCaseMainPhase(TestSuiteExecutor.java:129)
	at com.kms.katalon.core.main.TestSuiteExecutor.accessTestSuiteMainPhase(TestSuiteExecutor.java:112)
	at com.kms.katalon.core.main.TestSuiteExecutor.execute(TestSuiteExecutor.java:81)
	at com.kms.katalon.core.main.TestCaseMain.startTestSuite(TestCaseMain.java:149)
	at com.kms.katalon.core.main.TestCaseMain$startTestSuite$0.call(Unknown Source)
	at TempTestSuite1550738418733.run(TempTestSuite1550738418733.groovy:36)]]></system-err>
      </testcase>
      <testcase name="Test Cases/All TC/Arranged/0. Full Flow/Reject Claim - RIA" classname="Test Cases/All TC/Arranged/0. Full Flow/Reject Claim - RIA" status="FAILED">
         <failure type="FAILED" message="Test Cases/All TC/Arranged/0. Full Flow/Reject Claim - RIA FAILED.
Reason:
com.kms.katalon.core.exception.StepFailedException: Unable to set text 'null' of object 'Object Repository/KinJun/4.0 RIA Claim/SEIO Internal Login - RIA Claim - Reject/Page_PERKESO/Input approvalID' (Root cause: java.lang.IllegalArgumentException: Text is null)
	at com.kms.katalon.core.keyword.internal.KeywordMain.stepFailed(KeywordMain.groovy:36)
	at com.kms.katalon.core.webui.keyword.internal.WebUIKeywordMain.stepFailed(WebUIKeywordMain.groovy:65)
	at com.kms.katalon.core.webui.keyword.internal.WebUIKeywordMain.runKeyword(WebUIKeywordMain.groovy:27)
	at com.kms.katalon.core.webui.keyword.builtin.SetTextKeyword.setText(SetTextKeyword.groovy:65)
	at com.kms.katalon.core.webui.keyword.builtin.SetTextKeyword.execute(SetTextKeyword.groovy:37)
	at com.kms.katalon.core.keyword.internal.KeywordExecutor.executeKeywordForPlatform(KeywordExecutor.groovy:53)
	at com.kms.katalon.core.webui.keyword.WebUiBuiltInKeywords.setText(WebUiBuiltInKeywords.groovy:950)
	at com.kms.katalon.core.webui.keyword.WebUiBuiltInKeywords$setText$1.call(Unknown Source)
	at SEIO Internal Login - RIA Claim - Reject.run(SEIO Internal Login - RIA Claim - Reject:46)
	at com.kms.katalon.core.main.ScriptEngine.run(ScriptEngine.java:194)
	at com.kms.katalon.core.main.ScriptEngine.runScriptAsRawText(ScriptEngine.java:119)
	at com.kms.katalon.core.main.TestCaseExecutor.runScript(TestCaseExecutor.java:328)
	at com.kms.katalon.core.main.TestCaseExecutor.doExecute(TestCaseExecutor.java:319)
	at com.kms.katalon.core.main.TestCaseExecutor.processExecutionPhase(TestCaseExecutor.java:298)
	at com.kms.katalon.core.main.TestCaseExecutor.accessMainPhase(TestCaseExecutor.java:290)
	at com.kms.katalon.core.main.TestCaseExecutor.execute(TestCaseExecutor.java:224)
	at com.kms.katalon.core.main.TestCaseMain.runTestCase(TestCaseMain.java:106)
	at com.kms.katalon.core.keyword.builtin.CallTestCaseKeyword$_callTestCase_closure1.doCall(CallTestCaseKeyword.groovy:59)
	at com.kms.katalon.core.keyword.builtin.CallTestCaseKeyword$_callTestCase_closure1.call(CallTestCaseKeyword.groovy)
	at com.kms.katalon.core.keyword.internal.KeywordMain.runKeyword(KeywordMain.groovy:54)
	at com.kms.katalon.core.keyword.builtin.CallTestCaseKeyword.callTestCase(CallTestCaseKeyword.groovy:80)
	at com.kms.katalon.core.keyword.builtin.CallTestCaseKeyword.execute(CallTestCaseKeyword.groovy:44)
	at com.kms.katalon.core.keyword.internal.KeywordExecutor.executeKeywordForPlatform(KeywordExecutor.groovy:53)
	at com.kms.katalon.core.keyword.BuiltinKeywords.callTestCase(BuiltinKeywords.groovy:334)
	at Reject Claim - RIA.run(Reject Claim - RIA:30)
	at com.kms.katalon.core.main.ScriptEngine.run(ScriptEngine.java:194)
	at com.kms.katalon.core.main.ScriptEngine.runScriptAsRawText(ScriptEngine.java:119)
	at com.kms.katalon.core.main.TestCaseExecutor.runScript(TestCaseExecutor.java:328)
	at com.kms.katalon.core.main.TestCaseExecutor.doExecute(TestCaseExecutor.java:319)
	at com.kms.katalon.core.main.TestCaseExecutor.processExecutionPhase(TestCaseExecutor.java:298)
	at com.kms.katalon.core.main.TestCaseExecutor.accessMainPhase(TestCaseExecutor.java:290)
	at com.kms.katalon.core.main.TestCaseExecutor.execute(TestCaseExecutor.java:224)
	at com.kms.katalon.core.main.TestSuiteExecutor.accessTestCaseMainPhase(TestSuiteExecutor.java:129)
	at com.kms.katalon.core.main.TestSuiteExecutor.accessTestSuiteMainPhase(TestSuiteExecutor.java:112)
	at com.kms.katalon.core.main.TestSuiteExecutor.execute(TestSuiteExecutor.java:81)
	at com.kms.katalon.core.main.TestCaseMain.startTestSuite(TestCaseMain.java:149)
	at com.kms.katalon.core.main.TestCaseMain$startTestSuite$0.call(Unknown Source)
	at TempTestSuite1550738418733.run(TempTestSuite1550738418733.groovy:36)
"/>
         <system-out><![CDATA[2019-02-21 17:07:32 - [TEST_CASE][FAILED] - Test Cases/All TC/Arranged/0. Full Flow/Reject Claim - RIA: Test Cases/All TC/Arranged/0. Full Flow/Reject Claim - RIA FAILED.
Reason:
com.kms.katalon.core.exception.StepFailedException: Unable to set text 'null' of object 'Object Repository/KinJun/4.0 RIA Claim/SEIO Internal Login - RIA Claim - Reject/Page_PERKESO/Input approvalID' (Root cause: java.lang.IllegalArgumentException: Text is null)
	at com.kms.katalon.core.keyword.internal.KeywordMain.stepFailed(KeywordMain.groovy:36)
	at com.kms.katalon.core.webui.keyword.internal.WebUIKeywordMain.stepFailed(WebUIKeywordMain.groovy:65)
	at com.kms.katalon.core.webui.keyword.internal.WebUIKeywordMain.runKeyword(WebUIKeywordMain.groovy:27)
	at com.kms.katalon.core.webui.keyword.builtin.SetTextKeyword.setText(SetTextKeyword.groovy:65)
	at com.kms.katalon.core.webui.keyword.builtin.SetTextKeyword.execute(SetTextKeyword.groovy:37)
	at com.kms.katalon.core.keyword.internal.KeywordExecutor.executeKeywordForPlatform(KeywordExecutor.groovy:53)
	at com.kms.katalon.core.webui.keyword.WebUiBuiltInKeywords.setText(WebUiBuiltInKeywords.groovy:950)
	at com.kms.katalon.core.webui.keyword.WebUiBuiltInKeywords$setText$1.call(Unknown Source)
	at SEIO Internal Login - RIA Claim - Reject.run(SEIO Internal Login - RIA Claim - Reject:46)
	at com.kms.katalon.core.main.ScriptEngine.run(ScriptEngine.java:194)
	at com.kms.katalon.core.main.ScriptEngine.runScriptAsRawText(ScriptEngine.java:119)
	at com.kms.katalon.core.main.TestCaseExecutor.runScript(TestCaseExecutor.java:328)
	at com.kms.katalon.core.main.TestCaseExecutor.doExecute(TestCaseExecutor.java:319)
	at com.kms.katalon.core.main.TestCaseExecutor.processExecutionPhase(TestCaseExecutor.java:298)
	at com.kms.katalon.core.main.TestCaseExecutor.accessMainPhase(TestCaseExecutor.java:290)
	at com.kms.katalon.core.main.TestCaseExecutor.execute(TestCaseExecutor.java:224)
	at com.kms.katalon.core.main.TestCaseMain.runTestCase(TestCaseMain.java:106)
	at com.kms.katalon.core.keyword.builtin.CallTestCaseKeyword$_callTestCase_closure1.doCall(CallTestCaseKeyword.groovy:59)
	at com.kms.katalon.core.keyword.builtin.CallTestCaseKeyword$_callTestCase_closure1.call(CallTestCaseKeyword.groovy)
	at com.kms.katalon.core.keyword.internal.KeywordMain.runKeyword(KeywordMain.groovy:54)
	at com.kms.katalon.core.keyword.builtin.CallTestCaseKeyword.callTestCase(CallTestCaseKeyword.groovy:80)
	at com.kms.katalon.core.keyword.builtin.CallTestCaseKeyword.execute(CallTestCaseKeyword.groovy:44)
	at com.kms.katalon.core.keyword.internal.KeywordExecutor.executeKeywordForPlatform(KeywordExecutor.groovy:53)
	at com.kms.katalon.core.keyword.BuiltinKeywords.callTestCase(BuiltinKeywords.groovy:334)
	at Reject Claim - RIA.run(Reject Claim - RIA:30)
	at com.kms.katalon.core.main.ScriptEngine.run(ScriptEngine.java:194)
	at com.kms.katalon.core.main.ScriptEngine.runScriptAsRawText(ScriptEngine.java:119)
	at com.kms.katalon.core.main.TestCaseExecutor.runScript(TestCaseExecutor.java:328)
	at com.kms.katalon.core.main.TestCaseExecutor.doExecute(TestCaseExecutor.java:319)
	at com.kms.katalon.core.main.TestCaseExecutor.processExecutionPhase(TestCaseExecutor.java:298)
	at com.kms.katalon.core.main.TestCaseExecutor.accessMainPhase(TestCaseExecutor.java:290)
	at com.kms.katalon.core.main.TestCaseExecutor.execute(TestCaseExecutor.java:224)
	at com.kms.katalon.core.main.TestSuiteExecutor.accessTestCaseMainPhase(TestSuiteExecutor.java:129)
	at com.kms.katalon.core.main.TestSuiteExecutor.accessTestSuiteMainPhase(TestSuiteExecutor.java:112)
	at com.kms.katalon.core.main.TestSuiteExecutor.execute(TestSuiteExecutor.java:81)
	at com.kms.katalon.core.main.TestCaseMain.startTestSuite(TestCaseMain.java:149)
	at com.kms.katalon.core.main.TestCaseMain$startTestSuite$0.call(Unknown Source)
	at TempTestSuite1550738418733.run(TempTestSuite1550738418733.groovy:36)


2019-02-21 17:07:33 - [TEST_STEP][PASSED] - callTestCase(findTestCase("All TC/Arranged/2. Segment/OTC_Submit Form 7_End to End - EFT"), [:], STOP_ON_FAILURE): Call Test Case 'Test Cases/All TC/Arranged/2. Segment/OTC_Submit Form 7_End to End - EFT' successfully

2019-02-21 17:07:33 - [TEST_CASE][PASSED] - Test Cases/All TC/Arranged/2. Segment/OTC_Submit Form 7_End to End - EFT: Test Cases/All TC/Arranged/2. Segment/OTC_Submit Form 7_End to End - EFT

2019-02-21 17:07:33 - [TEST_STEP][PASSED] - callTestCase(findTestCase("All TC/Arranged/3. Unit/EI/Form 7_default/OTC_Application_Reg"), [:], STOP_ON_FAILURE): Call Test Case 'Test Cases/All TC/Arranged/3. Unit/EI/Form 7_default/OTC_Application_Reg' successfully

2019-02-21 17:07:33 - [TEST_CASE][PASSED] - Test Cases/All TC/Arranged/3. Unit/EI/Form 7_default/OTC_Application_Reg: Test Cases/All TC/Arranged/3. Unit/EI/Form 7_default/OTC_Application_Reg

2019-02-21 17:07:34 - [TEST_STEP][PASSED] - openBrowser(""): Browser is opened with url: ''

2019-02-21 17:07:34 - [MESSAGE][WARNING] - A browser is already opened. Closing browser and opening a new one

2019-02-21 17:07:34 - [MESSAGE][INFO] - Starting 'Chrome' driver

2019-02-21 17:07:34 - [MESSAGE][INFO] - User set preference: ['args', '[--start-maximized]']

2019-02-21 17:07:37 - [MESSAGE][PASSED] - Browser is opened with url: ''

2019-02-21 17:07:37 - [TEST_STEP][PASSED] - navigateToUrl(Internal_Login): Navigate to 'http://10.20.24.188/eisportal/user/login' successfully

2019-02-21 17:07:37 - [MESSAGE][PASSED] - Navigate to 'http://10.20.24.188/eisportal/user/login' successfully

2019-02-21 17:07:37 - [TEST_STEP][PASSED] - delay(3): Delayed 3 second(s)

2019-02-21 17:07:40 - [MESSAGE][PASSED] - Delayed 3 second(s)

2019-02-21 17:07:40 - [TEST_STEP][PASSED] - setText(findTestObject("KeatMun/Form 7_default/OTC_Application_Reg/Page_PERKESO/1.username"), "faizal.hamid@perkeso.gov.my"): Text 'faizal.hamid@perkeso.gov.my' is set on object 'Object Repository/KeatMun/Form 7_default/OTC_Application_Reg/Page_PERKESO/1.username'

2019-02-21 17:07:41 - [MESSAGE][PASSED] - Text 'faizal.hamid@perkeso.gov.my' is set on object 'Object Repository/KeatMun/Form 7_default/OTC_Application_Reg/Page_PERKESO/1.username'

2019-02-21 17:07:41 - [TEST_STEP][PASSED] - delay(1): Delayed 1 second(s)

2019-02-21 17:07:42 - [MESSAGE][PASSED] - Delayed 1 second(s)

2019-02-21 17:07:42 - [TEST_STEP][PASSED] - setEncryptedText(findTestObject("KeatMun/Form 7_default/OTC_Application_Reg/Page_PERKESO/2.password"), "CQqwFZlbeC8="): Text ****** has been set on object 'Object Repository/KeatMun/Form 7_default/OTC_Application_Reg/Page_PERKESO/2.password'

2019-02-21 17:07:42 - [MESSAGE][PASSED] - Text ****** has been set on object 'Object Repository/KeatMun/Form 7_default/OTC_Application_Reg/Page_PERKESO/2.password'

2019-02-21 17:07:42 - [TEST_STEP][PASSED] - delay(2): Delayed 2 second(s)

2019-02-21 17:07:44 - [MESSAGE][PASSED] - Delayed 2 second(s)

2019-02-21 17:07:44 - [TEST_STEP][PASSED] - click(findTestObject("KeatMun/Form 7_default/OTC_Application_Reg/Page_PERKESO/3.login button")): Object: 'Object Repository/KeatMun/Form 7_default/OTC_Application_Reg/Page_PERKESO/3.login button' is clicked on

2019-02-21 17:07:45 - [MESSAGE][PASSED] - Object: 'Object Repository/KeatMun/Form 7_default/OTC_Application_Reg/Page_PERKESO/3.login button' is clicked on

2019-02-21 17:07:45 - [TEST_STEP][PASSED] - delay(2): Delayed 2 second(s)

2019-02-21 17:07:47 - [MESSAGE][PASSED] - Delayed 2 second(s)

2019-02-21 17:07:47 - [TEST_STEP][PASSED] - click(findTestObject("KeatMun/Form 7_default/OTC_Application_Reg/Page_PERKESO/4. Permohonan tab")): Object: 'Object Repository/KeatMun/Form 7_default/OTC_Application_Reg/Page_PERKESO/4. Permohonan tab' is clicked on

2019-02-21 17:07:48 - [MESSAGE][PASSED] - Object: 'Object Repository/KeatMun/Form 7_default/OTC_Application_Reg/Page_PERKESO/4. Permohonan tab' is clicked on

2019-02-21 17:07:48 - [TEST_STEP][PASSED] - delay(2): Delayed 2 second(s)

2019-02-21 17:07:50 - [MESSAGE][PASSED] - Delayed 2 second(s)

2019-02-21 17:07:50 - [TEST_STEP][PASSED] - click(findTestObject("KeatMun/Form 7_default/OTC_Application_Reg/Page_PERKESO/5.button_Setuju")): Object: 'Object Repository/KeatMun/Form 7_default/OTC_Application_Reg/Page_PERKESO/5.button_Setuju' is clicked on

2019-02-21 17:07:50 - [MESSAGE][PASSED] - Object: 'Object Repository/KeatMun/Form 7_default/OTC_Application_Reg/Page_PERKESO/5.button_Setuju' is clicked on

2019-02-21 17:07:50 - [TEST_STEP][PASSED] - delay(2): Delayed 2 second(s)

2019-02-21 17:07:52 - [MESSAGE][PASSED] - Delayed 2 second(s)

2019-02-21 17:07:52 - [TEST_STEP][PASSED] - callTestCase(findTestCase("All TC/Arranged/1. Common/IC List Checker"), [:], STOP_ON_FAILURE): Call Test Case 'Test Cases/All TC/Arranged/1. Common/IC List Checker' successfully

2019-02-21 17:07:52 - [TEST_CASE][PASSED] - Test Cases/All TC/Arranged/1. Common/IC List Checker: Test Cases/All TC/Arranged/1. Common/IC List Checker

2019-02-21 17:07:52 - [TEST_STEP][PASSED] - counter = 0: null

2019-02-21 17:07:52 - [TEST_STEP][PASSED] - fis = new java.io.FileInputStream((internal.GlobalVariable.TextFilePathCommon + \IC.xlsx)): null

2019-02-21 17:07:52 - [TEST_STEP][PASSED] - workbook = new org.apache.poi.xssf.usermodel.XSSFWorkbook(fis): null

2019-02-21 17:07:53 - [TEST_STEP][PASSED] - sheet = workbook.getSheet("Sheet1"): null

2019-02-21 17:07:53 - [TEST_STEP][PASSED] - totalRow = sheet.getLastRowNum(): null

2019-02-21 17:07:53 - [TEST_STEP][PASSED] - out.println(totalRow): null

2019-02-21 17:07:53 - [TEST_STEP][PASSED] - row = sheet.getRow(counter): null

2019-02-21 17:07:53 - [TEST_STEP][PASSED] - cell = row.getCell(counter): null

2019-02-21 17:07:53 - [TEST_STEP][PASSED] - a = cell.getStringCellValue(): null

2019-02-21 17:07:53 - [TEST_STEP][PASSED] - IC = a: null

2019-02-21 17:07:53 - [TEST_STEP][PASSED] - out.println(IC): null

2019-02-21 17:07:53 - [TEST_STEP][PASSED] - callTestCase(findTestCase("All TC/Arranged/1. Common/1.2 Setter/Setter IC"), [:], STOP_ON_FAILURE): Call Test Case 'Test Cases/All TC/Arranged/1. Common/1.2 Setter/Setter IC' successfully

2019-02-21 17:07:53 - [TEST_CASE][PASSED] - Test Cases/All TC/Arranged/1. Common/1.2 Setter/Setter IC: Test Cases/All TC/Arranged/1. Common/1.2 Setter/Setter IC

2019-02-21 17:07:53 - [TEST_STEP][PASSED] - RefNoOldFile = new java.io.File((internal.GlobalVariable.TextFilePathCommon + \getIC.txt)): null

2019-02-21 17:07:53 - [TEST_STEP][PASSED] - RefNoOldFile.delete(): null

2019-02-21 17:07:53 - [TEST_STEP][PASSED] - delay(5): Delayed 5 second(s)

2019-02-21 17:07:58 - [MESSAGE][PASSED] - Delayed 5 second(s)

2019-02-21 17:07:58 - [TEST_STEP][PASSED] - RefNo = new java.io.File((internal.GlobalVariable.TextFilePathCommon + \getIC.txt)): null

2019-02-21 17:07:58 - [TEST_STEP][PASSED] - f2 = new java.io.FileWriter(RefNo, false): null

2019-02-21 17:07:58 - [TEST_STEP][PASSED] - f2.write(IC): null

2019-02-21 17:07:58 - [TEST_STEP][PASSED] - f2.close(): null

2019-02-21 17:07:58 - [TEST_STEP][PASSED] - out.println("


" + IC + "


"): null

2019-02-21 17:07:58 - [MESSAGE][PASSED] - Call Test Case 'Test Cases/All TC/Arranged/1. Common/1.2 Setter/Setter IC' successfully

2019-02-21 17:07:58 - [MESSAGE][PASSED] - Call Test Case 'Test Cases/All TC/Arranged/1. Common/IC List Checker' successfully

2019-02-21 17:07:58 - [TEST_STEP][PASSED] - setText(findTestObject("KeatMun/Form 7_default/OTC_Application_Reg/Page_PERKESO/6.No. Kad Pengenalan"), IC): Text '710628015707' is set on object 'Object Repository/KeatMun/Form 7_default/OTC_Application_Reg/Page_PERKESO/6.No. Kad Pengenalan'

2019-02-21 17:07:58 - [MESSAGE][PASSED] - Text '710628015707' is set on object 'Object Repository/KeatMun/Form 7_default/OTC_Application_Reg/Page_PERKESO/6.No. Kad Pengenalan'

2019-02-21 17:07:58 - [TEST_STEP][PASSED] - delay(2): Delayed 2 second(s)

2019-02-21 17:08:00 - [MESSAGE][PASSED] - Delayed 2 second(s)

2019-02-21 17:08:00 - [TEST_STEP][PASSED] - click(findTestObject("KeatMun/Form 7_default/OTC_Application_Reg/Page_PERKESO/7.button_Semak")): Object: 'Object Repository/KeatMun/Form 7_default/OTC_Application_Reg/Page_PERKESO/7.button_Semak' is clicked on

2019-02-21 17:08:00 - [MESSAGE][PASSED] - Object: 'Object Repository/KeatMun/Form 7_default/OTC_Application_Reg/Page_PERKESO/7.button_Semak' is clicked on

2019-02-21 17:08:00 - [TEST_STEP][PASSED] - delay(4): Delayed 4 second(s)

2019-02-21 17:08:04 - [MESSAGE][PASSED] - Delayed 4 second(s)

2019-02-21 17:08:04 - [TEST_STEP][PASSED] - click(findTestObject("KeatMun/Form 7_default/OTC_Application_Reg/Page_PERKESO/8. Nama Majikan Dropdown")): Object: 'Object Repository/KeatMun/Form 7_default/OTC_Application_Reg/Page_PERKESO/8. Nama Majikan Dropdown' is clicked on

2019-02-21 17:08:04 - [MESSAGE][PASSED] - Object: 'Object Repository/KeatMun/Form 7_default/OTC_Application_Reg/Page_PERKESO/8. Nama Majikan Dropdown' is clicked on

2019-02-21 17:08:04 - [TEST_STEP][PASSED] - setText(findTestObject("KeatMun/Form 7_default/OTC_Application_Reg/Page_PERKESO/8. LOE emp"), "pet"): Text 'pet' is set on object 'Object Repository/KeatMun/Form 7_default/OTC_Application_Reg/Page_PERKESO/8. LOE emp'

2019-02-21 17:08:05 - [MESSAGE][PASSED] - Text 'pet' is set on object 'Object Repository/KeatMun/Form 7_default/OTC_Application_Reg/Page_PERKESO/8. LOE emp'

2019-02-21 17:08:05 - [TEST_STEP][PASSED] - click(findTestObject("KeatMun/Form 7_default/OTC_Application_Reg/Page_PERKESO/8. PETRONAS")): Object: 'Object Repository/KeatMun/Form 7_default/OTC_Application_Reg/Page_PERKESO/8. PETRONAS' is clicked on

2019-02-21 17:08:05 - [MESSAGE][PASSED] - Object: 'Object Repository/KeatMun/Form 7_default/OTC_Application_Reg/Page_PERKESO/8. PETRONAS' is clicked on

2019-02-21 17:08:05 - [TEST_STEP][PASSED] - delay(2): Delayed 2 second(s)

2019-02-21 17:08:07 - [MESSAGE][PASSED] - Delayed 2 second(s)

2019-02-21 17:08:07 - [TEST_STEP][PASSED] - TodayDate = new java.util.Date(): null

2019-02-21 17:08:07 - [TEST_STEP][PASSED] - CurrentDateNoFilter = new java.text.SimpleDateFormat(): null

2019-02-21 17:08:07 - [TEST_STEP][PASSED] - CurrentDateNoFilter.applyPattern("dd/MM/yyyy"): null

2019-02-21 17:08:07 - [TEST_STEP][PASSED] - CurrentDate = CurrentDateNoFilter.format(TodayDate): null

2019-02-21 17:08:07 - [TEST_STEP][PASSED] - out.println(CurrentDate): null

2019-02-21 17:08:07 - [TEST_STEP][PASSED] - date = CurrentDate: null

2019-02-21 17:08:07 - [TEST_STEP][PASSED] - setText(findTestObject("KeatMun/Form 7_default/OTC_Application_Reg/Page_PERKESO/9.Tarikh kehilangan pkj"), date): Text '21/02/2019' is set on object 'Object Repository/KeatMun/Form 7_default/OTC_Application_Reg/Page_PERKESO/9.Tarikh kehilangan pkj'

2019-02-21 17:08:07 - [MESSAGE][PASSED] - Text '21/02/2019' is set on object 'Object Repository/KeatMun/Form 7_default/OTC_Application_Reg/Page_PERKESO/9.Tarikh kehilangan pkj'

2019-02-21 17:08:07 - [TEST_STEP][PASSED] - delay(2): Delayed 2 second(s)

2019-02-21 17:08:09 - [MESSAGE][PASSED] - Delayed 2 second(s)

2019-02-21 17:08:09 - [TEST_STEP][PASSED] - click(findTestObject("KeatMun/Form 7_default/OTC_Application_Reg/Page_PERKESO/9. Date Picker Done Button ")): Object: 'Object Repository/KeatMun/Form 7_default/OTC_Application_Reg/Page_PERKESO/9. Date Picker Done Button ' is clicked on

2019-02-21 17:08:09 - [MESSAGE][PASSED] - Object: 'Object Repository/KeatMun/Form 7_default/OTC_Application_Reg/Page_PERKESO/9. Date Picker Done Button ' is clicked on

2019-02-21 17:08:09 - [TEST_STEP][PASSED] - delay(2): Delayed 2 second(s)

2019-02-21 17:08:11 - [MESSAGE][PASSED] - Delayed 2 second(s)

2019-02-21 17:08:11 - [TEST_STEP][PASSED] - click(findTestObject("KeatMun/Form 7_default/OTC_Application_Reg/Page_PERKESO/10.button_Mohon")): Object: 'Object Repository/KeatMun/Form 7_default/OTC_Application_Reg/Page_PERKESO/10.button_Mohon' is clicked on

2019-02-21 17:08:11 - [MESSAGE][PASSED] - Object: 'Object Repository/KeatMun/Form 7_default/OTC_Application_Reg/Page_PERKESO/10.button_Mohon' is clicked on

2019-02-21 17:08:11 - [TEST_STEP][PASSED] - delay(2): Delayed 2 second(s)

2019-02-21 17:08:13 - [MESSAGE][PASSED] - Delayed 2 second(s)

2019-02-21 17:08:13 - [TEST_STEP][PASSED] - setText(findTestObject("KeatMun/Form 7_default/OTC_Application_Reg/Page_PERKESO/11.Tarikh Terima_stampedDtS"), "10/01/2019"): Text '10/01/2019' is set on object 'Object Repository/KeatMun/Form 7_default/OTC_Application_Reg/Page_PERKESO/11.Tarikh Terima_stampedDtS'

2019-02-21 17:08:14 - [MESSAGE][PASSED] - Text '10/01/2019' is set on object 'Object Repository/KeatMun/Form 7_default/OTC_Application_Reg/Page_PERKESO/11.Tarikh Terima_stampedDtS'

2019-02-21 17:08:14 - [TEST_STEP][PASSED] - delay(2): Delayed 2 second(s)

2019-02-21 17:08:16 - [MESSAGE][PASSED] - Delayed 2 second(s)

2019-02-21 17:08:16 - [TEST_STEP][PASSED] - click(findTestObject("KeatMun/Form 7_default/OTC_Application_Reg/Page_PERKESO/11. Date Picker Done Button")): Object: 'Object Repository/KeatMun/Form 7_default/OTC_Application_Reg/Page_PERKESO/11. Date Picker Done Button' is clicked on

2019-02-21 17:08:16 - [MESSAGE][PASSED] - Object: 'Object Repository/KeatMun/Form 7_default/OTC_Application_Reg/Page_PERKESO/11. Date Picker Done Button' is clicked on

2019-02-21 17:08:16 - [TEST_STEP][PASSED] - delay(2): Delayed 2 second(s)

2019-02-21 17:08:18 - [MESSAGE][PASSED] - Delayed 2 second(s)

2019-02-21 17:08:18 - [TEST_STEP][PASSED] - click(findTestObject("KeatMun/Form 7_default/OTC_Application_Reg/Page_PERKESO/11.button_TERUSKAN")): Object: 'Object Repository/KeatMun/Form 7_default/OTC_Application_Reg/Page_PERKESO/11.button_TERUSKAN' is clicked on

2019-02-21 17:08:22 - [MESSAGE][PASSED] - Object: 'Object Repository/KeatMun/Form 7_default/OTC_Application_Reg/Page_PERKESO/11.button_TERUSKAN' is clicked on

2019-02-21 17:08:22 - [TEST_STEP][PASSED] - delay(2): Delayed 2 second(s)

2019-02-21 17:08:24 - [MESSAGE][PASSED] - Delayed 2 second(s)

2019-02-21 17:08:24 - [TEST_STEP][PASSED] - selectOptionByValue(findTestObject("KeatMun/Form 7_default/OTC_Application_Reg/Page_PERKESO/12.--Sila Pilih--PejabatPKS"), "22", true): All options with value '22' are selected in object 'Object Repository/KeatMun/Form 7_default/OTC_Application_Reg/Page_PERKESO/12.--Sila Pilih--PejabatPKS'  using regular expression

2019-02-21 17:08:25 - [MESSAGE][PASSED] - All options with value '22' are selected in object 'Object Repository/KeatMun/Form 7_default/OTC_Application_Reg/Page_PERKESO/12.--Sila Pilih--PejabatPKS'  using regular expression

2019-02-21 17:08:25 - [TEST_STEP][PASSED] - delay(2): Delayed 2 second(s)

2019-02-21 17:08:27 - [MESSAGE][PASSED] - Delayed 2 second(s)

2019-02-21 17:08:27 - [TEST_STEP][PASSED] - click(findTestObject("KeatMun/Form 7_default/OTC_Application_Reg/Page_PERKESO/13. Halaman Seterusnya")): Object: 'Object Repository/KeatMun/Form 7_default/OTC_Application_Reg/Page_PERKESO/13. Halaman Seterusnya' is clicked on

2019-02-21 17:08:27 - [MESSAGE][PASSED] - Object: 'Object Repository/KeatMun/Form 7_default/OTC_Application_Reg/Page_PERKESO/13. Halaman Seterusnya' is clicked on

2019-02-21 17:08:27 - [MESSAGE][PASSED] - Call Test Case 'Test Cases/All TC/Arranged/3. Unit/EI/Form 7_default/OTC_Application_Reg' successfully

2019-02-21 17:08:27 - [TEST_STEP][PASSED] - callTestCase(findTestCase("All TC/Arranged/3. Unit/EI/Form 7_default/OTC_Submit Form 7_Section A"), [:], STOP_ON_FAILURE): Call Test Case 'Test Cases/All TC/Arranged/3. Unit/EI/Form 7_default/OTC_Submit Form 7_Section A' successfully

2019-02-21 17:08:27 - [TEST_CASE][PASSED] - Test Cases/All TC/Arranged/3. Unit/EI/Form 7_default/OTC_Submit Form 7_Section A: Test Cases/All TC/Arranged/3. Unit/EI/Form 7_default/OTC_Submit Form 7_Section A

2019-02-21 17:08:27 - [TEST_STEP][PASSED] - delay(2): Delayed 2 second(s)

2019-02-21 17:08:29 - [MESSAGE][PASSED] - Delayed 2 second(s)

2019-02-21 17:08:29 - [TEST_STEP][PASSED] - setText(findTestObject("KeatMun/Form 7_default/OTC_Submit Form 7_Section A/Page_PERKESO/A4. EmployeeDob"), "10/01/2019"): Text '10/01/2019' is set on object 'Object Repository/KeatMun/Form 7_default/OTC_Submit Form 7_Section A/Page_PERKESO/A4. EmployeeDob'

2019-02-21 17:08:31 - [MESSAGE][PASSED] - Text '10/01/2019' is set on object 'Object Repository/KeatMun/Form 7_default/OTC_Submit Form 7_Section A/Page_PERKESO/A4. EmployeeDob'

2019-02-21 17:08:31 - [TEST_STEP][PASSED] - delay(2): Delayed 2 second(s)

2019-02-21 17:08:33 - [MESSAGE][PASSED] - Delayed 2 second(s)

2019-02-21 17:08:33 - [TEST_STEP][PASSED] - click(findTestObject("KeatMun/Form 7_default/OTC_Submit Form 7_Section A/Page_PERKESO/A5. Bangsa")): Object: 'Object Repository/KeatMun/Form 7_default/OTC_Submit Form 7_Section A/Page_PERKESO/A5. Bangsa' is clicked on

2019-02-21 17:08:33 - [MESSAGE][PASSED] - Object: 'Object Repository/KeatMun/Form 7_default/OTC_Submit Form 7_Section A/Page_PERKESO/A5. Bangsa' is clicked on

2019-02-21 17:08:33 - [TEST_STEP][PASSED] - click(findTestObject("KeatMun/Form 7_default/OTC_Submit Form 7_Section A/Page_PERKESO/A5. Bumiputera Sabah")): Object: 'Object Repository/KeatMun/Form 7_default/OTC_Submit Form 7_Section A/Page_PERKESO/A5. Bumiputera Sabah' is clicked on

2019-02-21 17:08:33 - [MESSAGE][PASSED] - Object: 'Object Repository/KeatMun/Form 7_default/OTC_Submit Form 7_Section A/Page_PERKESO/A5. Bumiputera Sabah' is clicked on

2019-02-21 17:08:33 - [TEST_STEP][PASSED] - delay(2): Delayed 2 second(s)

2019-02-21 17:08:35 - [MESSAGE][PASSED] - Delayed 2 second(s)

2019-02-21 17:08:35 - [TEST_STEP][PASSED] - click(findTestObject("KeatMun/Form 7_default/OTC_Submit Form 7_Section A/Page_PERKESO/A6. Jantina")): Object: 'Object Repository/KeatMun/Form 7_default/OTC_Submit Form 7_Section A/Page_PERKESO/A6. Jantina' is clicked on

2019-02-21 17:08:35 - [MESSAGE][PASSED] - Object: 'Object Repository/KeatMun/Form 7_default/OTC_Submit Form 7_Section A/Page_PERKESO/A6. Jantina' is clicked on

2019-02-21 17:08:35 - [TEST_STEP][PASSED] - click(findTestObject("KeatMun/Form 7_default/OTC_Submit Form 7_Section A/Page_PERKESO/A6. Lelaki")): Object: 'Object Repository/KeatMun/Form 7_default/OTC_Submit Form 7_Section A/Page_PERKESO/A6. Lelaki' is clicked on

2019-02-21 17:08:35 - [MESSAGE][PASSED] - Object: 'Object Repository/KeatMun/Form 7_default/OTC_Submit Form 7_Section A/Page_PERKESO/A6. Lelaki' is clicked on

2019-02-21 17:08:35 - [TEST_STEP][PASSED] - delay(2): Delayed 2 second(s)

2019-02-21 17:08:37 - [MESSAGE][PASSED] - Delayed 2 second(s)

2019-02-21 17:08:37 - [TEST_STEP][PASSED] - click(findTestObject("KeatMun/Form 7_default/OTC_Submit Form 7_Section A/Page_PERKESO/A7. Kewarganegaraan")): Object: 'Object Repository/KeatMun/Form 7_default/OTC_Submit Form 7_Section A/Page_PERKESO/A7. Kewarganegaraan' is clicked on

2019-02-21 17:08:38 - [MESSAGE][PASSED] - Object: 'Object Repository/KeatMun/Form 7_default/OTC_Submit Form 7_Section A/Page_PERKESO/A7. Kewarganegaraan' is clicked on

2019-02-21 17:08:38 - [TEST_STEP][PASSED] - click(findTestObject("KeatMun/Form 7_default/OTC_Submit Form 7_Section A/Page_PERKESO/A7. Malaysia")): Object: 'Object Repository/KeatMun/Form 7_default/OTC_Submit Form 7_Section A/Page_PERKESO/A7. Malaysia' is clicked on

2019-02-21 17:08:38 - [MESSAGE][PASSED] - Object: 'Object Repository/KeatMun/Form 7_default/OTC_Submit Form 7_Section A/Page_PERKESO/A7. Malaysia' is clicked on

2019-02-21 17:08:38 - [TEST_STEP][PASSED] - delay(2): Delayed 2 second(s)

2019-02-21 17:08:40 - [MESSAGE][PASSED] - Delayed 2 second(s)

2019-02-21 17:08:40 - [TEST_STEP][PASSED] - click(findTestObject("KeatMun/Form 7_default/OTC_Submit Form 7_Section A/Page_PERKESO/A8. Status Perkahwinan")): Object: 'Object Repository/KeatMun/Form 7_default/OTC_Submit Form 7_Section A/Page_PERKESO/A8. Status Perkahwinan' is clicked on

2019-02-21 17:08:40 - [MESSAGE][PASSED] - Object: 'Object Repository/KeatMun/Form 7_default/OTC_Submit Form 7_Section A/Page_PERKESO/A8. Status Perkahwinan' is clicked on

2019-02-21 17:08:40 - [TEST_STEP][PASSED] - click(findTestObject("KeatMun/Form 7_default/OTC_Submit Form 7_Section A/Page_PERKESO/A8. Bujang")): Object: 'Object Repository/KeatMun/Form 7_default/OTC_Submit Form 7_Section A/Page_PERKESO/A8. Bujang' is clicked on

2019-02-21 17:08:40 - [MESSAGE][PASSED] - Object: 'Object Repository/KeatMun/Form 7_default/OTC_Submit Form 7_Section A/Page_PERKESO/A8. Bujang' is clicked on

2019-02-21 17:08:40 - [TEST_STEP][PASSED] - delay(2): Delayed 2 second(s)

2019-02-21 17:08:42 - [MESSAGE][PASSED] - Delayed 2 second(s)

2019-02-21 17:08:42 - [TEST_STEP][PASSED] - setText(findTestObject("KeatMun/Form 7_default/OTC_Submit Form 7_Section A/Page_PERKESO/A9. Address1"), "qwertyuiop"): Text 'qwertyuiop' is set on object 'Object Repository/KeatMun/Form 7_default/OTC_Submit Form 7_Section A/Page_PERKESO/A9. Address1'

2019-02-21 17:08:42 - [MESSAGE][PASSED] - Text 'qwertyuiop' is set on object 'Object Repository/KeatMun/Form 7_default/OTC_Submit Form 7_Section A/Page_PERKESO/A9. Address1'

2019-02-21 17:08:42 - [TEST_STEP][PASSED] - delay(2): Delayed 2 second(s)

2019-02-21 17:08:44 - [MESSAGE][PASSED] - Delayed 2 second(s)

2019-02-21 17:08:44 - [TEST_STEP][PASSED] - click(findTestObject("KeatMun/Form 7_default/OTC_Submit Form 7_Section A/Page_PERKESO/A10. Negeri")): Object: 'Object Repository/KeatMun/Form 7_default/OTC_Submit Form 7_Section A/Page_PERKESO/A10. Negeri' is clicked on

2019-02-21 17:08:45 - [MESSAGE][PASSED] - Object: 'Object Repository/KeatMun/Form 7_default/OTC_Submit Form 7_Section A/Page_PERKESO/A10. Negeri' is clicked on

2019-02-21 17:08:45 - [TEST_STEP][PASSED] - click(findTestObject("KeatMun/Form 7_default/OTC_Submit Form 7_Section A/Page_PERKESO/A10. JOHOR")): Object: 'Object Repository/KeatMun/Form 7_default/OTC_Submit Form 7_Section A/Page_PERKESO/A10. JOHOR' is clicked on

2019-02-21 17:08:45 - [MESSAGE][PASSED] - Object: 'Object Repository/KeatMun/Form 7_default/OTC_Submit Form 7_Section A/Page_PERKESO/A10. JOHOR' is clicked on

2019-02-21 17:08:45 - [TEST_STEP][PASSED] - delay(2): Delayed 2 second(s)

2019-02-21 17:08:47 - [MESSAGE][PASSED] - Delayed 2 second(s)

2019-02-21 17:08:47 - [TEST_STEP][PASSED] - click(findTestObject("KeatMun/Form 7_default/OTC_Submit Form 7_Section A/Page_PERKESO/A11. --Sila Pilih--")): Object: 'Object Repository/KeatMun/Form 7_default/OTC_Submit Form 7_Section A/Page_PERKESO/A11. --Sila Pilih--' is clicked on

2019-02-21 17:08:47 - [MESSAGE][PASSED] - Object: 'Object Repository/KeatMun/Form 7_default/OTC_Submit Form 7_Section A/Page_PERKESO/A11. --Sila Pilih--' is clicked on

2019-02-21 17:08:47 - [TEST_STEP][PASSED] - setText(findTestObject("KeatMun/Form 7_default/OTC_Submit Form 7_Section A/Page_PERKESO/A11. Done_select2-search__fie (1)"), "jo"): Text 'jo' is set on object 'Object Repository/KeatMun/Form 7_default/OTC_Submit Form 7_Section A/Page_PERKESO/A11. Done_select2-search__fie (1)'

2019-02-21 17:08:47 - [MESSAGE][PASSED] - Text 'jo' is set on object 'Object Repository/KeatMun/Form 7_default/OTC_Submit Form 7_Section A/Page_PERKESO/A11. Done_select2-search__fie (1)'

2019-02-21 17:08:47 - [TEST_STEP][PASSED] - setText(findTestObject("KeatMun/Form 7_default/OTC_Submit Form 7_Section A/Page_PERKESO/A11. concat(id(  select2-city"), "jo"): Text 'jo' is set on object 'Object Repository/KeatMun/Form 7_default/OTC_Submit Form 7_Section A/Page_PERKESO/A11. concat(id(  select2-city'

2019-02-21 17:08:47 - [MESSAGE][PASSED] - Text 'jo' is set on object 'Object Repository/KeatMun/Form 7_default/OTC_Submit Form 7_Section A/Page_PERKESO/A11. concat(id(  select2-city'

2019-02-21 17:08:47 - [TEST_STEP][PASSED] - click(findTestObject("KeatMun/Form 7_default/OTC_Submit Form 7_Section A/Page_PERKESO/A11. JOHOR BAHRU")): Object: 'Object Repository/KeatMun/Form 7_default/OTC_Submit Form 7_Section A/Page_PERKESO/A11. JOHOR BAHRU' is clicked on

2019-02-21 17:08:48 - [MESSAGE][PASSED] - Object: 'Object Repository/KeatMun/Form 7_default/OTC_Submit Form 7_Section A/Page_PERKESO/A11. JOHOR BAHRU' is clicked on

2019-02-21 17:08:48 - [TEST_STEP][PASSED] - delay(2): Delayed 2 second(s)

2019-02-21 17:08:50 - [MESSAGE][PASSED] - Delayed 2 second(s)

2019-02-21 17:08:50 - [TEST_STEP][PASSED] - click(findTestObject("KeatMun/Form 7_default/OTC_Submit Form 7_Section A/Page_PERKESO/A12. --Sila Isikan--")): Object: 'Object Repository/KeatMun/Form 7_default/OTC_Submit Form 7_Section A/Page_PERKESO/A12. --Sila Isikan--' is clicked on

2019-02-21 17:08:50 - [MESSAGE][PASSED] - Object: 'Object Repository/KeatMun/Form 7_default/OTC_Submit Form 7_Section A/Page_PERKESO/A12. --Sila Isikan--' is clicked on

2019-02-21 17:08:50 - [TEST_STEP][PASSED] - setText(findTestObject("KeatMun/Form 7_default/OTC_Submit Form 7_Section A/Page_PERKESO/A11. Done_select2-search__fie"), "84"): Text '84' is set on object 'Object Repository/KeatMun/Form 7_default/OTC_Submit Form 7_Section A/Page_PERKESO/A11. Done_select2-search__fie'

2019-02-21 17:08:50 - [MESSAGE][PASSED] - Text '84' is set on object 'Object Repository/KeatMun/Form 7_default/OTC_Submit Form 7_Section A/Page_PERKESO/A11. Done_select2-search__fie'

2019-02-21 17:08:50 - [TEST_STEP][PASSED] - click(findTestObject("KeatMun/Form 7_default/OTC_Submit Form 7_Section A/Page_PERKESO/A12. 84000")): Object: 'Object Repository/KeatMun/Form 7_default/OTC_Submit Form 7_Section A/Page_PERKESO/A12. 84000' is clicked on

2019-02-21 17:08:50 - [MESSAGE][PASSED] - Object: 'Object Repository/KeatMun/Form 7_default/OTC_Submit Form 7_Section A/Page_PERKESO/A12. 84000' is clicked on

2019-02-21 17:08:50 - [TEST_STEP][PASSED] - delay(2): Delayed 2 second(s)

2019-02-21 17:08:52 - [MESSAGE][PASSED] - Delayed 2 second(s)

2019-02-21 17:08:52 - [TEST_STEP][PASSED] - setText(findTestObject("KeatMun/Form 7_default/OTC_Submit Form 7_Section A/Page_PERKESO/A13. mobileContact1"), "1234567890"): Text '1234567890' is set on object 'Object Repository/KeatMun/Form 7_default/OTC_Submit Form 7_Section A/Page_PERKESO/A13. mobileContact1'

2019-02-21 17:08:53 - [MESSAGE][PASSED] - Text '1234567890' is set on object 'Object Repository/KeatMun/Form 7_default/OTC_Submit Form 7_Section A/Page_PERKESO/A13. mobileContact1'

2019-02-21 17:08:53 - [TEST_STEP][PASSED] - delay(2): Delayed 2 second(s)

2019-02-21 17:08:55 - [MESSAGE][PASSED] - Delayed 2 second(s)

2019-02-21 17:08:55 - [TEST_STEP][PASSED] - click(findTestObject("KeatMun/Form 7_default/OTC_Submit Form 7_Section A/Page_PERKESO/A14. Halaman Seterusnya")): Object: 'Object Repository/KeatMun/Form 7_default/OTC_Submit Form 7_Section A/Page_PERKESO/A14. Halaman Seterusnya' is clicked on

2019-02-21 17:08:55 - [MESSAGE][PASSED] - Object: 'Object Repository/KeatMun/Form 7_default/OTC_Submit Form 7_Section A/Page_PERKESO/A14. Halaman Seterusnya' is clicked on

2019-02-21 17:08:55 - [TEST_STEP][PASSED] - delay(2): Delayed 2 second(s)

2019-02-21 17:08:57 - [MESSAGE][PASSED] - Delayed 2 second(s)

2019-02-21 17:08:57 - [MESSAGE][PASSED] - Call Test Case 'Test Cases/All TC/Arranged/3. Unit/EI/Form 7_default/OTC_Submit Form 7_Section A' successfully

2019-02-21 17:08:57 - [TEST_STEP][PASSED] - callTestCase(findTestCase("All TC/Arranged/3. Unit/EI/Form 7_default/OTC_Submit Form 7_Section B"), [:], STOP_ON_FAILURE): Call Test Case 'Test Cases/All TC/Arranged/3. Unit/EI/Form 7_default/OTC_Submit Form 7_Section B' successfully

2019-02-21 17:08:57 - [TEST_CASE][PASSED] - Test Cases/All TC/Arranged/3. Unit/EI/Form 7_default/OTC_Submit Form 7_Section B: Test Cases/All TC/Arranged/3. Unit/EI/Form 7_default/OTC_Submit Form 7_Section B

2019-02-21 17:08:57 - [TEST_STEP][PASSED] - delay(3): Delayed 3 second(s)

2019-02-21 17:09:00 - [MESSAGE][PASSED] - Delayed 3 second(s)

2019-02-21 17:09:00 - [TEST_STEP][PASSED] - click(findTestObject("KeatMun/Form 7_default/OTC_Submit Form 7_Section B/Page_PERKESO/B1. Jawatan")): Object: 'Object Repository/KeatMun/Form 7_default/OTC_Submit Form 7_Section B/Page_PERKESO/B1. Jawatan' is clicked on

2019-02-21 17:09:00 - [MESSAGE][PASSED] - Object: 'Object Repository/KeatMun/Form 7_default/OTC_Submit Form 7_Section B/Page_PERKESO/B1. Jawatan' is clicked on

2019-02-21 17:09:00 - [TEST_STEP][PASSED] - setText(findTestObject("KeatMun/Form 7_default/OTC_Submit Form 7_Section B/Page_PERKESO/B1. concat(id(  select2-posi"), "re"): Text 're' is set on object 'Object Repository/KeatMun/Form 7_default/OTC_Submit Form 7_Section B/Page_PERKESO/B1. concat(id(  select2-posi'

2019-02-21 17:09:00 - [MESSAGE][PASSED] - Text 're' is set on object 'Object Repository/KeatMun/Form 7_default/OTC_Submit Form 7_Section B/Page_PERKESO/B1. concat(id(  select2-posi'

2019-02-21 17:09:00 - [TEST_STEP][PASSED] - setText(findTestObject("KeatMun/Form 7_default/OTC_Submit Form 7_Section B/Page_PERKESO/B1. Done_select2-search__fie"), "re"): Text 're' is set on object 'Object Repository/KeatMun/Form 7_default/OTC_Submit Form 7_Section B/Page_PERKESO/B1. Done_select2-search__fie'

2019-02-21 17:09:01 - [MESSAGE][PASSED] - Text 're' is set on object 'Object Repository/KeatMun/Form 7_default/OTC_Submit Form 7_Section B/Page_PERKESO/B1. Done_select2-search__fie'

2019-02-21 17:09:01 - [TEST_STEP][PASSED] - click(findTestObject("KeatMun/Form 7_default/OTC_Submit Form 7_Section B/Page_PERKESO/B1. Arkitek Reka Bentuk")): Object: 'Object Repository/KeatMun/Form 7_default/OTC_Submit Form 7_Section B/Page_PERKESO/B1. Arkitek Reka Bentuk' is clicked on

2019-02-21 17:09:01 - [MESSAGE][PASSED] - Object: 'Object Repository/KeatMun/Form 7_default/OTC_Submit Form 7_Section B/Page_PERKESO/B1. Arkitek Reka Bentuk' is clicked on

2019-02-21 17:09:01 - [TEST_STEP][PASSED] - delay(2): Delayed 2 second(s)

2019-02-21 17:09:03 - [MESSAGE][PASSED] - Delayed 2 second(s)

2019-02-21 17:09:03 - [TEST_STEP][PASSED] - setText(findTestObject("KeatMun/Form 7_default/OTC_Submit Form 7_Section B/Page_PERKESO/B2. lastEmploymentStartDtSt"), "10/01/2019"): Text '10/01/2019' is set on object 'Object Repository/KeatMun/Form 7_default/OTC_Submit Form 7_Section B/Page_PERKESO/B2. lastEmploymentStartDtSt'

2019-02-21 17:09:03 - [MESSAGE][PASSED] - Text '10/01/2019' is set on object 'Object Repository/KeatMun/Form 7_default/OTC_Submit Form 7_Section B/Page_PERKESO/B2. lastEmploymentStartDtSt'

2019-02-21 17:09:03 - [TEST_STEP][PASSED] - delay(2): Delayed 2 second(s)

2019-02-21 17:09:05 - [MESSAGE][PASSED] - Delayed 2 second(s)

2019-02-21 17:09:05 - [TEST_STEP][PASSED] - click(findTestObject("KeatMun/Form 7_default/OTC_Submit Form 7_Section B/Page_PERKESO/B4. Status Perkejaan")): Object: 'Object Repository/KeatMun/Form 7_default/OTC_Submit Form 7_Section B/Page_PERKESO/B4. Status Perkejaan' is clicked on

2019-02-21 17:09:05 - [MESSAGE][PASSED] - Object: 'Object Repository/KeatMun/Form 7_default/OTC_Submit Form 7_Section B/Page_PERKESO/B4. Status Perkejaan' is clicked on

2019-02-21 17:09:05 - [TEST_STEP][PASSED] - click(findTestObject("KeatMun/Form 7_default/OTC_Submit Form 7_Section B/Page_PERKESO/B4. Tetap")): Object: 'Object Repository/KeatMun/Form 7_default/OTC_Submit Form 7_Section B/Page_PERKESO/B4. Tetap' is clicked on

2019-02-21 17:09:06 - [MESSAGE][PASSED] - Object: 'Object Repository/KeatMun/Form 7_default/OTC_Submit Form 7_Section B/Page_PERKESO/B4. Tetap' is clicked on

2019-02-21 17:09:06 - [TEST_STEP][PASSED] - delay(2): Delayed 2 second(s)

2019-02-21 17:09:08 - [MESSAGE][PASSED] - Delayed 2 second(s)

2019-02-21 17:09:08 - [TEST_STEP][PASSED] - setText(findTestObject("KeatMun/Form 7_default/OTC_Submit Form 7_Section B/Page_PERKESO/B5. Gaji (RM)_salary1"), "4000"): Text '4000' is set on object 'Object Repository/KeatMun/Form 7_default/OTC_Submit Form 7_Section B/Page_PERKESO/B5. Gaji (RM)_salary1'

2019-02-21 17:09:08 - [MESSAGE][PASSED] - Text '4000' is set on object 'Object Repository/KeatMun/Form 7_default/OTC_Submit Form 7_Section B/Page_PERKESO/B5. Gaji (RM)_salary1'

2019-02-21 17:09:08 - [TEST_STEP][PASSED] - delay(2): Delayed 2 second(s)

2019-02-21 17:09:10 - [MESSAGE][PASSED] - Delayed 2 second(s)

2019-02-21 17:09:10 - [TEST_STEP][PASSED] - setText(findTestObject("KeatMun/Form 7_default/OTC_Submit Form 7_Section B/Page_PERKESO/B5. Gaji (RM)_salary2"), "4000"): Text '4000' is set on object 'Object Repository/KeatMun/Form 7_default/OTC_Submit Form 7_Section B/Page_PERKESO/B5. Gaji (RM)_salary2'

2019-02-21 17:09:10 - [MESSAGE][PASSED] - Text '4000' is set on object 'Object Repository/KeatMun/Form 7_default/OTC_Submit Form 7_Section B/Page_PERKESO/B5. Gaji (RM)_salary2'

2019-02-21 17:09:10 - [TEST_STEP][PASSED] - delay(2): Delayed 2 second(s)

2019-02-21 17:09:12 - [MESSAGE][PASSED] - Delayed 2 second(s)

2019-02-21 17:09:12 - [TEST_STEP][PASSED] - setText(findTestObject("KeatMun/Form 7_default/OTC_Submit Form 7_Section B/Page_PERKESO/B5. Gaji (RM)_salary3"), "4000"): Text '4000' is set on object 'Object Repository/KeatMun/Form 7_default/OTC_Submit Form 7_Section B/Page_PERKESO/B5. Gaji (RM)_salary3'

2019-02-21 17:09:12 - [MESSAGE][PASSED] - Text '4000' is set on object 'Object Repository/KeatMun/Form 7_default/OTC_Submit Form 7_Section B/Page_PERKESO/B5. Gaji (RM)_salary3'

2019-02-21 17:09:12 - [TEST_STEP][PASSED] - delay(2): Delayed 2 second(s)

2019-02-21 17:09:14 - [MESSAGE][PASSED] - Delayed 2 second(s)

2019-02-21 17:09:14 - [TEST_STEP][PASSED] - setText(findTestObject("KeatMun/Form 7_default/OTC_Submit Form 7_Section B/Page_PERKESO/B5. Gaji (RM)_salary4"), "4000"): Text '4000' is set on object 'Object Repository/KeatMun/Form 7_default/OTC_Submit Form 7_Section B/Page_PERKESO/B5. Gaji (RM)_salary4'

2019-02-21 17:09:15 - [MESSAGE][PASSED] - Text '4000' is set on object 'Object Repository/KeatMun/Form 7_default/OTC_Submit Form 7_Section B/Page_PERKESO/B5. Gaji (RM)_salary4'

2019-02-21 17:09:15 - [TEST_STEP][PASSED] - delay(2): Delayed 2 second(s)

2019-02-21 17:09:17 - [MESSAGE][PASSED] - Delayed 2 second(s)

2019-02-21 17:09:17 - [TEST_STEP][PASSED] - setText(findTestObject("KeatMun/Form 7_default/OTC_Submit Form 7_Section B/Page_PERKESO/B5. Gaji (RM)_salary5"), "4000"): Text '4000' is set on object 'Object Repository/KeatMun/Form 7_default/OTC_Submit Form 7_Section B/Page_PERKESO/B5. Gaji (RM)_salary5'

2019-02-21 17:09:17 - [MESSAGE][PASSED] - Text '4000' is set on object 'Object Repository/KeatMun/Form 7_default/OTC_Submit Form 7_Section B/Page_PERKESO/B5. Gaji (RM)_salary5'

2019-02-21 17:09:17 - [TEST_STEP][PASSED] - delay(2): Delayed 2 second(s)

2019-02-21 17:09:19 - [MESSAGE][PASSED] - Delayed 2 second(s)

2019-02-21 17:09:19 - [TEST_STEP][PASSED] - setText(findTestObject("KeatMun/Form 7_default/OTC_Submit Form 7_Section B/Page_PERKESO/B5. Gaji (RM)_salary6"), "4000"): Text '4000' is set on object 'Object Repository/KeatMun/Form 7_default/OTC_Submit Form 7_Section B/Page_PERKESO/B5. Gaji (RM)_salary6'

2019-02-21 17:09:19 - [MESSAGE][PASSED] - Text '4000' is set on object 'Object Repository/KeatMun/Form 7_default/OTC_Submit Form 7_Section B/Page_PERKESO/B5. Gaji (RM)_salary6'

2019-02-21 17:09:19 - [TEST_STEP][PASSED] - delay(2): Delayed 2 second(s)

2019-02-21 17:09:21 - [MESSAGE][PASSED] - Delayed 2 second(s)

2019-02-21 17:09:21 - [TEST_STEP][PASSED] - click(findTestObject("KeatMun/Form 7_default/OTC_Submit Form 7_Section B/Page_PERKESO/B6. Reason JobLost")): Object: 'Object Repository/KeatMun/Form 7_default/OTC_Submit Form 7_Section B/Page_PERKESO/B6. Reason JobLost' is clicked on

2019-02-21 17:09:21 - [MESSAGE][PASSED] - Object: 'Object Repository/KeatMun/Form 7_default/OTC_Submit Form 7_Section B/Page_PERKESO/B6. Reason JobLost' is clicked on

2019-02-21 17:09:21 - [TEST_STEP][PASSED] - click(findTestObject("KeatMun/Form 7_default/OTC_Submit Form 7_Section B/Page_PERKESO/B6. Bencana alam (cth banjir ke")): Object: 'Object Repository/KeatMun/Form 7_default/OTC_Submit Form 7_Section B/Page_PERKESO/B6. Bencana alam (cth banjir ke' is clicked on

2019-02-21 17:09:21 - [MESSAGE][PASSED] - Object: 'Object Repository/KeatMun/Form 7_default/OTC_Submit Form 7_Section B/Page_PERKESO/B6. Bencana alam (cth banjir ke' is clicked on

2019-02-21 17:09:21 - [TEST_STEP][PASSED] - delay(3): Delayed 3 second(s)

2019-02-21 17:09:24 - [MESSAGE][PASSED] - Delayed 3 second(s)

2019-02-21 17:09:24 - [TEST_STEP][PASSED] - setText(findTestObject("KeatMun/Form 7_default/OTC_Submit Form 7_Section B/Page_PERKESO/B7. AverageWorkingHour"), "8"): Text '8' is set on object 'Object Repository/KeatMun/Form 7_default/OTC_Submit Form 7_Section B/Page_PERKESO/B7. AverageWorkingHour'

2019-02-21 17:09:25 - [MESSAGE][PASSED] - Text '8' is set on object 'Object Repository/KeatMun/Form 7_default/OTC_Submit Form 7_Section B/Page_PERKESO/B7. AverageWorkingHour'

2019-02-21 17:09:25 - [TEST_STEP][PASSED] - delay(2): Delayed 2 second(s)

2019-02-21 17:09:27 - [MESSAGE][PASSED] - Delayed 2 second(s)

2019-02-21 17:09:27 - [TEST_STEP][PASSED] - click(findTestObject("KeatMun/Form 7_default/OTC_Submit Form 7_Section B/Page_PERKESO/B8. Tidak_compensationInd")): Object: 'Object Repository/KeatMun/Form 7_default/OTC_Submit Form 7_Section B/Page_PERKESO/B8. Tidak_compensationInd' is clicked on

2019-02-21 17:09:27 - [MESSAGE][PASSED] - Object: 'Object Repository/KeatMun/Form 7_default/OTC_Submit Form 7_Section B/Page_PERKESO/B8. Tidak_compensationInd' is clicked on

2019-02-21 17:09:27 - [TEST_STEP][PASSED] - delay(1): Delayed 1 second(s)

2019-02-21 17:09:28 - [MESSAGE][PASSED] - Delayed 1 second(s)

2019-02-21 17:09:28 - [TEST_STEP][PASSED] - click(findTestObject("KeatMun/Form 7_default/OTC_Submit Form 7_Section B/Page_PERKESO/B9. Tidak_fileCaseInd")): Object: 'Object Repository/KeatMun/Form 7_default/OTC_Submit Form 7_Section B/Page_PERKESO/B9. Tidak_fileCaseInd' is clicked on

2019-02-21 17:09:28 - [MESSAGE][PASSED] - Object: 'Object Repository/KeatMun/Form 7_default/OTC_Submit Form 7_Section B/Page_PERKESO/B9. Tidak_fileCaseInd' is clicked on

2019-02-21 17:09:28 - [TEST_STEP][PASSED] - delay(1): Delayed 1 second(s)

2019-02-21 17:09:29 - [MESSAGE][PASSED] - Delayed 1 second(s)

2019-02-21 17:09:29 - [TEST_STEP][PASSED] - click(findTestObject("KeatMun/Form 7_default/OTC_Submit Form 7_Section B/Page_PERKESO/B10. Tidak_unregisterCaseInd")): Object: 'Object Repository/KeatMun/Form 7_default/OTC_Submit Form 7_Section B/Page_PERKESO/B10. Tidak_unregisterCaseInd' is clicked on

2019-02-21 17:09:29 - [MESSAGE][PASSED] - Object: 'Object Repository/KeatMun/Form 7_default/OTC_Submit Form 7_Section B/Page_PERKESO/B10. Tidak_unregisterCaseInd' is clicked on

2019-02-21 17:09:29 - [TEST_STEP][PASSED] - delay(2): Delayed 2 second(s)

2019-02-21 17:09:31 - [MESSAGE][PASSED] - Delayed 2 second(s)

2019-02-21 17:09:31 - [TEST_STEP][PASSED] - click(findTestObject("KeatMun/Form 7_default/OTC_Submit Form 7_Section B/Page_PERKESO/B11. Halaman Seterusnya")): Object: 'Object Repository/KeatMun/Form 7_default/OTC_Submit Form 7_Section B/Page_PERKESO/B11. Halaman Seterusnya' is clicked on

2019-02-21 17:09:31 - [MESSAGE][PASSED] - Object: 'Object Repository/KeatMun/Form 7_default/OTC_Submit Form 7_Section B/Page_PERKESO/B11. Halaman Seterusnya' is clicked on

2019-02-21 17:09:31 - [TEST_STEP][PASSED] - delay(3): Delayed 3 second(s)

2019-02-21 17:09:34 - [MESSAGE][PASSED] - Delayed 3 second(s)

2019-02-21 17:09:34 - [MESSAGE][PASSED] - Call Test Case 'Test Cases/All TC/Arranged/3. Unit/EI/Form 7_default/OTC_Submit Form 7_Section B' successfully

2019-02-21 17:09:34 - [TEST_STEP][PASSED] - callTestCase(findTestCase("All TC/Arranged/3. Unit/EI/Form 7_default/OTC_Submit Form 7_Section C"), [:], STOP_ON_FAILURE): Call Test Case 'Test Cases/All TC/Arranged/3. Unit/EI/Form 7_default/OTC_Submit Form 7_Section C' successfully

2019-02-21 17:09:34 - [TEST_CASE][PASSED] - Test Cases/All TC/Arranged/3. Unit/EI/Form 7_default/OTC_Submit Form 7_Section C: Test Cases/All TC/Arranged/3. Unit/EI/Form 7_default/OTC_Submit Form 7_Section C

2019-02-21 17:09:35 - [TEST_STEP][PASSED] - delay(2): Delayed 2 second(s)

2019-02-21 17:09:37 - [MESSAGE][PASSED] - Delayed 2 second(s)

2019-02-21 17:09:37 - [TEST_STEP][PASSED] - setText(findTestObject("KeatMun/Form 7_default/OTC_Submit Form 7_Section C/Page_PERKESO/C4. EmployerInfo"), "qwertyuiop"): Text 'qwertyuiop' is set on object 'Object Repository/KeatMun/Form 7_default/OTC_Submit Form 7_Section C/Page_PERKESO/C4. EmployerInfo'

2019-02-21 17:09:37 - [MESSAGE][PASSED] - Text 'qwertyuiop' is set on object 'Object Repository/KeatMun/Form 7_default/OTC_Submit Form 7_Section C/Page_PERKESO/C4. EmployerInfo'

2019-02-21 17:09:37 - [TEST_STEP][PASSED] - delay(2): Delayed 2 second(s)

2019-02-21 17:09:39 - [MESSAGE][PASSED] - Delayed 2 second(s)

2019-02-21 17:09:39 - [TEST_STEP][PASSED] - click(findTestObject("KeatMun/Form 7_default/OTC_Submit Form 7_Section C/Page_PERKESO/C5. Negeri")): Object: 'Object Repository/KeatMun/Form 7_default/OTC_Submit Form 7_Section C/Page_PERKESO/C5. Negeri' is clicked on

2019-02-21 17:09:39 - [MESSAGE][PASSED] - Object: 'Object Repository/KeatMun/Form 7_default/OTC_Submit Form 7_Section C/Page_PERKESO/C5. Negeri' is clicked on

2019-02-21 17:09:39 - [TEST_STEP][PASSED] - delay(2): Delayed 2 second(s)

2019-02-21 17:09:41 - [MESSAGE][PASSED] - Delayed 2 second(s)

2019-02-21 17:09:41 - [TEST_STEP][PASSED] - click(findTestObject("KeatMun/Form 7_default/OTC_Submit Form 7_Section C/Page_PERKESO/C5. JOHOR")): Object: 'Object Repository/KeatMun/Form 7_default/OTC_Submit Form 7_Section C/Page_PERKESO/C5. JOHOR' is clicked on

2019-02-21 17:09:41 - [MESSAGE][PASSED] - Object: 'Object Repository/KeatMun/Form 7_default/OTC_Submit Form 7_Section C/Page_PERKESO/C5. JOHOR' is clicked on

2019-02-21 17:09:41 - [TEST_STEP][PASSED] - delay(3): Delayed 3 second(s)

2019-02-21 17:09:44 - [MESSAGE][PASSED] - Delayed 3 second(s)

2019-02-21 17:09:44 - [TEST_STEP][PASSED] - click(findTestObject("KeatMun/Form 7_default/OTC_Submit Form 7_Section C/Page_PERKESO/C6. City")): Object: 'Object Repository/KeatMun/Form 7_default/OTC_Submit Form 7_Section C/Page_PERKESO/C6. City' is clicked on

2019-02-21 17:09:45 - [MESSAGE][PASSED] - Object: 'Object Repository/KeatMun/Form 7_default/OTC_Submit Form 7_Section C/Page_PERKESO/C6. City' is clicked on

2019-02-21 17:09:45 - [TEST_STEP][PASSED] - delay(2): Delayed 2 second(s)

2019-02-21 17:09:47 - [MESSAGE][PASSED] - Delayed 2 second(s)

2019-02-21 17:09:47 - [TEST_STEP][PASSED] - setText(findTestObject("KeatMun/Form 7_default/OTC_Submit Form 7_Section C/Page_PERKESO/C6. Done_select2-search__fie"), "jo"): Text 'jo' is set on object 'Object Repository/KeatMun/Form 7_default/OTC_Submit Form 7_Section C/Page_PERKESO/C6. Done_select2-search__fie'

2019-02-21 17:09:47 - [MESSAGE][PASSED] - Text 'jo' is set on object 'Object Repository/KeatMun/Form 7_default/OTC_Submit Form 7_Section C/Page_PERKESO/C6. Done_select2-search__fie'

2019-02-21 17:09:47 - [TEST_STEP][PASSED] - setText(findTestObject("KeatMun/Form 7_default/OTC_Submit Form 7_Section C/Page_PERKESO/C6. Concat(id(  select2-city"), "jo"): Text 'jo' is set on object 'Object Repository/KeatMun/Form 7_default/OTC_Submit Form 7_Section C/Page_PERKESO/C6. Concat(id(  select2-city'

2019-02-21 17:09:47 - [MESSAGE][PASSED] - Text 'jo' is set on object 'Object Repository/KeatMun/Form 7_default/OTC_Submit Form 7_Section C/Page_PERKESO/C6. Concat(id(  select2-city'

2019-02-21 17:09:47 - [TEST_STEP][PASSED] - click(findTestObject("KeatMun/Form 7_default/OTC_Submit Form 7_Section C/Page_PERKESO/C6. JOHOR BAHRU")): Object: 'Object Repository/KeatMun/Form 7_default/OTC_Submit Form 7_Section C/Page_PERKESO/C6. JOHOR BAHRU' is clicked on

2019-02-21 17:09:47 - [MESSAGE][PASSED] - Object: 'Object Repository/KeatMun/Form 7_default/OTC_Submit Form 7_Section C/Page_PERKESO/C6. JOHOR BAHRU' is clicked on

2019-02-21 17:09:47 - [TEST_STEP][PASSED] - delay(3): Delayed 3 second(s)

2019-02-21 17:09:50 - [MESSAGE][PASSED] - Delayed 3 second(s)

2019-02-21 17:09:50 - [TEST_STEP][PASSED] - click(findTestObject("KeatMun/Form 7_default/OTC_Submit Form 7_Section C/Page_PERKESO/C7. --Sila Isikan--")): Object: 'Object Repository/KeatMun/Form 7_default/OTC_Submit Form 7_Section C/Page_PERKESO/C7. --Sila Isikan--' is clicked on

2019-02-21 17:09:50 - [MESSAGE][PASSED] - Object: 'Object Repository/KeatMun/Form 7_default/OTC_Submit Form 7_Section C/Page_PERKESO/C7. --Sila Isikan--' is clicked on

2019-02-21 17:09:50 - [TEST_STEP][PASSED] - delay(2): Delayed 2 second(s)

2019-02-21 17:09:52 - [MESSAGE][PASSED] - Delayed 2 second(s)

2019-02-21 17:09:52 - [TEST_STEP][PASSED] - setText(findTestObject("KeatMun/Form 7_default/OTC_Submit Form 7_Section C/Page_PERKESO/C7. Done_select2-search__fie"), "84"): Text '84' is set on object 'Object Repository/KeatMun/Form 7_default/OTC_Submit Form 7_Section C/Page_PERKESO/C7. Done_select2-search__fie'

2019-02-21 17:09:53 - [MESSAGE][PASSED] - Text '84' is set on object 'Object Repository/KeatMun/Form 7_default/OTC_Submit Form 7_Section C/Page_PERKESO/C7. Done_select2-search__fie'

2019-02-21 17:09:53 - [TEST_STEP][PASSED] - setText(findTestObject("KeatMun/Form 7_default/OTC_Submit Form 7_Section C/Page_PERKESO/C7. Concat(id(  select2-post"), "84"): Text '84' is set on object 'Object Repository/KeatMun/Form 7_default/OTC_Submit Form 7_Section C/Page_PERKESO/C7. Concat(id(  select2-post'

2019-02-21 17:09:53 - [MESSAGE][PASSED] - Text '84' is set on object 'Object Repository/KeatMun/Form 7_default/OTC_Submit Form 7_Section C/Page_PERKESO/C7. Concat(id(  select2-post'

2019-02-21 17:09:53 - [TEST_STEP][PASSED] - click(findTestObject("KeatMun/Form 7_default/OTC_Submit Form 7_Section C/Page_PERKESO/C7. 84000")): Object: 'Object Repository/KeatMun/Form 7_default/OTC_Submit Form 7_Section C/Page_PERKESO/C7. 84000' is clicked on

2019-02-21 17:09:53 - [MESSAGE][PASSED] - Object: 'Object Repository/KeatMun/Form 7_default/OTC_Submit Form 7_Section C/Page_PERKESO/C7. 84000' is clicked on

2019-02-21 17:09:53 - [TEST_STEP][PASSED] - delay(3): Delayed 3 second(s)

2019-02-21 17:09:56 - [MESSAGE][PASSED] - Delayed 3 second(s)

2019-02-21 17:09:56 - [TEST_STEP][PASSED] - click(findTestObject("KeatMun/Form 7_default/OTC_Submit Form 7_Section C/Page_PERKESO/C8. Tidak_employerInfo.emplo")): Object: 'Object Repository/KeatMun/Form 7_default/OTC_Submit Form 7_Section C/Page_PERKESO/C8. Tidak_employerInfo.emplo' is clicked on

2019-02-21 17:09:56 - [MESSAGE][PASSED] - Object: 'Object Repository/KeatMun/Form 7_default/OTC_Submit Form 7_Section C/Page_PERKESO/C8. Tidak_employerInfo.emplo' is clicked on

2019-02-21 17:09:56 - [TEST_STEP][PASSED] - delay(2): Delayed 2 second(s)

2019-02-21 17:09:58 - [MESSAGE][PASSED] - Delayed 2 second(s)

2019-02-21 17:09:58 - [TEST_STEP][PASSED] - setText(findTestObject("KeatMun/Form 7_default/OTC_Submit Form 7_Section C/Page_PERKESO/C9. EmployerName"), "qwertyuiop"): Text 'qwertyuiop' is set on object 'Object Repository/KeatMun/Form 7_default/OTC_Submit Form 7_Section C/Page_PERKESO/C9. EmployerName'

2019-02-21 17:09:58 - [MESSAGE][PASSED] - Text 'qwertyuiop' is set on object 'Object Repository/KeatMun/Form 7_default/OTC_Submit Form 7_Section C/Page_PERKESO/C9. EmployerName'

2019-02-21 17:09:58 - [TEST_STEP][PASSED] - delay(2): Delayed 2 second(s)

2019-02-21 17:10:00 - [MESSAGE][PASSED] - Delayed 2 second(s)

2019-02-21 17:10:00 - [TEST_STEP][PASSED] - setText(findTestObject("KeatMun/Form 7_default/OTC_Submit Form 7_Section C/Page_PERKESO/C10. EmployerIC"), "1234567890"): Text '1234567890' is set on object 'Object Repository/KeatMun/Form 7_default/OTC_Submit Form 7_Section C/Page_PERKESO/C10. EmployerIC'

2019-02-21 17:10:01 - [MESSAGE][PASSED] - Text '1234567890' is set on object 'Object Repository/KeatMun/Form 7_default/OTC_Submit Form 7_Section C/Page_PERKESO/C10. EmployerIC'

2019-02-21 17:10:01 - [TEST_STEP][PASSED] - delay(3): Delayed 3 second(s)

2019-02-21 17:10:04 - [MESSAGE][PASSED] - Delayed 3 second(s)

2019-02-21 17:10:04 - [TEST_STEP][PASSED] - click(findTestObject("KeatMun/Form 7_default/OTC_Submit Form 7_Section C/Page_PERKESO/C11. Halaman Seterusnya")): Object: 'Object Repository/KeatMun/Form 7_default/OTC_Submit Form 7_Section C/Page_PERKESO/C11. Halaman Seterusnya' is clicked on

2019-02-21 17:10:04 - [MESSAGE][PASSED] - Object: 'Object Repository/KeatMun/Form 7_default/OTC_Submit Form 7_Section C/Page_PERKESO/C11. Halaman Seterusnya' is clicked on

2019-02-21 17:10:04 - [TEST_STEP][PASSED] - delay(3): Delayed 3 second(s)

2019-02-21 17:10:07 - [MESSAGE][PASSED] - Delayed 3 second(s)

2019-02-21 17:10:07 - [MESSAGE][PASSED] - Call Test Case 'Test Cases/All TC/Arranged/3. Unit/EI/Form 7_default/OTC_Submit Form 7_Section C' successfully

2019-02-21 17:10:07 - [TEST_STEP][PASSED] - callTestCase(findTestCase("All TC/Arranged/3. Unit/EI/Form 7_default/OTC_Submit Form 7_Section D-E"), [:], STOP_ON_FAILURE): Call Test Case 'Test Cases/All TC/Arranged/3. Unit/EI/Form 7_default/OTC_Submit Form 7_Section D-E' successfully

2019-02-21 17:10:07 - [TEST_CASE][PASSED] - Test Cases/All TC/Arranged/3. Unit/EI/Form 7_default/OTC_Submit Form 7_Section D-E: Test Cases/All TC/Arranged/3. Unit/EI/Form 7_default/OTC_Submit Form 7_Section D-E

2019-02-21 17:10:07 - [TEST_STEP][PASSED] - delay(3): Delayed 3 second(s)

2019-02-21 17:10:10 - [MESSAGE][PASSED] - Delayed 3 second(s)

2019-02-21 17:10:10 - [TEST_STEP][PASSED] - click(findTestObject("KeatMun/Form 7_default/OTC_Submit Form 7_Section D-E/Page_PERKESO/D1. NO_otherActiveEmploye")): Object: 'Object Repository/KeatMun/Form 7_default/OTC_Submit Form 7_Section D-E/Page_PERKESO/D1. NO_otherActiveEmploye' is clicked on

2019-02-21 17:10:10 - [MESSAGE][PASSED] - Object: 'Object Repository/KeatMun/Form 7_default/OTC_Submit Form 7_Section D-E/Page_PERKESO/D1. NO_otherActiveEmploye' is clicked on

2019-02-21 17:10:10 - [TEST_STEP][PASSED] - delay(4): Delayed 4 second(s)

2019-02-21 17:10:14 - [MESSAGE][PASSED] - Delayed 4 second(s)

2019-02-21 17:10:14 - [TEST_STEP][PASSED] - click(findTestObject("KeatMun/Form 7_default/OTC_Submit Form 7_Section D-E/Page_PERKESO/D2. Halaman Seterusnya")): Object: 'Object Repository/KeatMun/Form 7_default/OTC_Submit Form 7_Section D-E/Page_PERKESO/D2. Halaman Seterusnya' is clicked on

2019-02-21 17:10:14 - [MESSAGE][PASSED] - Object: 'Object Repository/KeatMun/Form 7_default/OTC_Submit Form 7_Section D-E/Page_PERKESO/D2. Halaman Seterusnya' is clicked on

2019-02-21 17:10:14 - [TEST_STEP][PASSED] - delay(5): Delayed 5 second(s)

2019-02-21 17:10:19 - [MESSAGE][PASSED] - Delayed 5 second(s)

2019-02-21 17:10:19 - [TEST_STEP][PASSED] - setText(findTestObject("KeatMun/Form 7_default/OTC_Submit Form 7_Section D-E/Page_PERKESO/E1. Input__totalExpYear"), "1"): Text '1' is set on object 'Object Repository/KeatMun/Form 7_default/OTC_Submit Form 7_Section D-E/Page_PERKESO/E1. Input__totalExpYear'

2019-02-21 17:10:20 - [MESSAGE][PASSED] - Text '1' is set on object 'Object Repository/KeatMun/Form 7_default/OTC_Submit Form 7_Section D-E/Page_PERKESO/E1. Input__totalExpYear'

2019-02-21 17:10:20 - [TEST_STEP][PASSED] - delay(2): Delayed 2 second(s)

2019-02-21 17:10:22 - [MESSAGE][PASSED] - Delayed 2 second(s)

2019-02-21 17:10:22 - [TEST_STEP][PASSED] - setText(findTestObject("KeatMun/Form 7_default/OTC_Submit Form 7_Section D-E/Page_PERKESO/E1. Tahun_totalExpMonth"), "1"): Text '1' is set on object 'Object Repository/KeatMun/Form 7_default/OTC_Submit Form 7_Section D-E/Page_PERKESO/E1. Tahun_totalExpMonth'

2019-02-21 17:10:22 - [MESSAGE][PASSED] - Text '1' is set on object 'Object Repository/KeatMun/Form 7_default/OTC_Submit Form 7_Section D-E/Page_PERKESO/E1. Tahun_totalExpMonth'

2019-02-21 17:10:22 - [TEST_STEP][PASSED] - delay(2): Delayed 2 second(s)

2019-02-21 17:10:24 - [MESSAGE][PASSED] - Delayed 2 second(s)

2019-02-21 17:10:24 - [TEST_STEP][PASSED] - click(findTestObject("KeatMun/Form 7_default/OTC_Submit Form 7_Section D-E/Page_PERKESO/E2. Edu-Level")): Object: 'Object Repository/KeatMun/Form 7_default/OTC_Submit Form 7_Section D-E/Page_PERKESO/E2. Edu-Level' is clicked on

2019-02-21 17:10:24 - [MESSAGE][PASSED] - Object: 'Object Repository/KeatMun/Form 7_default/OTC_Submit Form 7_Section D-E/Page_PERKESO/E2. Edu-Level' is clicked on

2019-02-21 17:10:24 - [TEST_STEP][PASSED] - delay(2): Delayed 2 second(s)

2019-02-21 17:10:26 - [MESSAGE][PASSED] - Delayed 2 second(s)

2019-02-21 17:10:26 - [TEST_STEP][PASSED] - click(findTestObject("KeatMun/Form 7_default/OTC_Submit Form 7_Section D-E/Page_PERKESO/E2. PMRPT3")): Object: 'Object Repository/KeatMun/Form 7_default/OTC_Submit Form 7_Section D-E/Page_PERKESO/E2. PMRPT3' is clicked on

2019-02-21 17:10:26 - [MESSAGE][PASSED] - Object: 'Object Repository/KeatMun/Form 7_default/OTC_Submit Form 7_Section D-E/Page_PERKESO/E2. PMRPT3' is clicked on

2019-02-21 17:10:26 - [TEST_STEP][PASSED] - delay(3): Delayed 3 second(s)

2019-02-21 17:10:29 - [MESSAGE][PASSED] - Delayed 3 second(s)

2019-02-21 17:10:29 - [TEST_STEP][PASSED] - click(findTestObject("KeatMun/Form 7_default/OTC_Submit Form 7_Section D-E/Page_PERKESO/E3. Job-Choice")): Object: 'Object Repository/KeatMun/Form 7_default/OTC_Submit Form 7_Section D-E/Page_PERKESO/E3. Job-Choice' is clicked on

2019-02-21 17:10:29 - [MESSAGE][PASSED] - Object: 'Object Repository/KeatMun/Form 7_default/OTC_Submit Form 7_Section D-E/Page_PERKESO/E3. Job-Choice' is clicked on

2019-02-21 17:10:29 - [TEST_STEP][PASSED] - delay(2): Delayed 2 second(s)

2019-02-21 17:10:31 - [MESSAGE][PASSED] - Delayed 2 second(s)

2019-02-21 17:10:31 - [TEST_STEP][PASSED] - setText(findTestObject("KeatMun/Form 7_default/OTC_Submit Form 7_Section D-E/Page_PERKESO/E3. Done_select2-search__fie"), "re"): Text 're' is set on object 'Object Repository/KeatMun/Form 7_default/OTC_Submit Form 7_Section D-E/Page_PERKESO/E3. Done_select2-search__fie'

2019-02-21 17:10:32 - [MESSAGE][PASSED] - Text 're' is set on object 'Object Repository/KeatMun/Form 7_default/OTC_Submit Form 7_Section D-E/Page_PERKESO/E3. Done_select2-search__fie'

2019-02-21 17:10:32 - [TEST_STEP][PASSED] - click(findTestObject("KeatMun/Form 7_default/OTC_Submit Form 7_Section D-E/Page_PERKESO/E3. Arkitek Reka Bentuk")): Object: 'Object Repository/KeatMun/Form 7_default/OTC_Submit Form 7_Section D-E/Page_PERKESO/E3. Arkitek Reka Bentuk' is clicked on

2019-02-21 17:10:32 - [MESSAGE][PASSED] - Object: 'Object Repository/KeatMun/Form 7_default/OTC_Submit Form 7_Section D-E/Page_PERKESO/E3. Arkitek Reka Bentuk' is clicked on

2019-02-21 17:10:32 - [TEST_STEP][PASSED] - delay(2): Delayed 2 second(s)

2019-02-21 17:10:34 - [MESSAGE][PASSED] - Delayed 2 second(s)

2019-02-21 17:10:34 - [TEST_STEP][PASSED] - click(findTestObject("KeatMun/Form 7_default/OTC_Submit Form 7_Section D-E/Page_PERKESO/E4. Job_Location")): Object: 'Object Repository/KeatMun/Form 7_default/OTC_Submit Form 7_Section D-E/Page_PERKESO/E4. Job_Location' is clicked on

2019-02-21 17:10:34 - [MESSAGE][PASSED] - Object: 'Object Repository/KeatMun/Form 7_default/OTC_Submit Form 7_Section D-E/Page_PERKESO/E4. Job_Location' is clicked on

2019-02-21 17:10:34 - [TEST_STEP][PASSED] - delay(2): Delayed 2 second(s)

2019-02-21 17:10:36 - [MESSAGE][PASSED] - Delayed 2 second(s)

2019-02-21 17:10:36 - [TEST_STEP][PASSED] - click(findTestObject("KeatMun/Form 7_default/OTC_Submit Form 7_Section D-E/Page_PERKESO/E4. JOHOR")): Object: 'Object Repository/KeatMun/Form 7_default/OTC_Submit Form 7_Section D-E/Page_PERKESO/E4. JOHOR' is clicked on

2019-02-21 17:10:36 - [MESSAGE][PASSED] - Object: 'Object Repository/KeatMun/Form 7_default/OTC_Submit Form 7_Section D-E/Page_PERKESO/E4. JOHOR' is clicked on

2019-02-21 17:10:36 - [TEST_STEP][PASSED] - delay(2): Delayed 2 second(s)

2019-02-21 17:10:38 - [MESSAGE][PASSED] - Delayed 2 second(s)

2019-02-21 17:10:38 - [TEST_STEP][PASSED] - click(findTestObject("KeatMun/Form 7_default/OTC_Submit Form 7_Section D-E/Page_PERKESO/E7. NO_disability")): Object: 'Object Repository/KeatMun/Form 7_default/OTC_Submit Form 7_Section D-E/Page_PERKESO/E7. NO_disability' is clicked on

2019-02-21 17:10:38 - [MESSAGE][PASSED] - Object: 'Object Repository/KeatMun/Form 7_default/OTC_Submit Form 7_Section D-E/Page_PERKESO/E7. NO_disability' is clicked on

2019-02-21 17:10:38 - [TEST_STEP][PASSED] - delay(2): Delayed 2 second(s)

2019-02-21 17:10:40 - [MESSAGE][PASSED] - Delayed 2 second(s)

2019-02-21 17:10:40 - [TEST_STEP][PASSED] - click(findTestObject("KeatMun/Form 7_default/OTC_Submit Form 7_Section D-E/Page_PERKESO/E8. NO_disabilityApplyInd")): Object: 'Object Repository/KeatMun/Form 7_default/OTC_Submit Form 7_Section D-E/Page_PERKESO/E8. NO_disabilityApplyInd' is clicked on

2019-02-21 17:10:40 - [MESSAGE][PASSED] - Object: 'Object Repository/KeatMun/Form 7_default/OTC_Submit Form 7_Section D-E/Page_PERKESO/E8. NO_disabilityApplyInd' is clicked on

2019-02-21 17:10:40 - [TEST_STEP][PASSED] - delay(2): Delayed 2 second(s)

2019-02-21 17:10:42 - [MESSAGE][PASSED] - Delayed 2 second(s)

2019-02-21 17:10:42 - [TEST_STEP][PASSED] - click(findTestObject("KeatMun/Form 7_default/OTC_Submit Form 7_Section D-E/Page_PERKESO/E9. YES_ReEmployment")): Object: 'Object Repository/KeatMun/Form 7_default/OTC_Submit Form 7_Section D-E/Page_PERKESO/E9. YES_ReEmployment' is clicked on

2019-02-21 17:10:43 - [MESSAGE][PASSED] - Object: 'Object Repository/KeatMun/Form 7_default/OTC_Submit Form 7_Section D-E/Page_PERKESO/E9. YES_ReEmployment' is clicked on

2019-02-21 17:10:43 - [TEST_STEP][PASSED] - delay(2): Delayed 2 second(s)

2019-02-21 17:10:45 - [MESSAGE][PASSED] - Delayed 2 second(s)

2019-02-21 17:10:45 - [TEST_STEP][PASSED] - click(findTestObject("KeatMun/Form 7_default/OTC_Submit Form 7_Section D-E/Page_PERKESO/E10. Halaman Seterusnya")): Object: 'Object Repository/KeatMun/Form 7_default/OTC_Submit Form 7_Section D-E/Page_PERKESO/E10. Halaman Seterusnya' is clicked on

2019-02-21 17:10:45 - [MESSAGE][PASSED] - Object: 'Object Repository/KeatMun/Form 7_default/OTC_Submit Form 7_Section D-E/Page_PERKESO/E10. Halaman Seterusnya' is clicked on

2019-02-21 17:10:45 - [TEST_STEP][PASSED] - delay(3): Delayed 3 second(s)

2019-02-21 17:10:48 - [MESSAGE][PASSED] - Delayed 3 second(s)

2019-02-21 17:10:48 - [MESSAGE][PASSED] - Call Test Case 'Test Cases/All TC/Arranged/3. Unit/EI/Form 7_default/OTC_Submit Form 7_Section D-E' successfully

2019-02-21 17:10:48 - [TEST_STEP][PASSED] - callTestCase(findTestCase("All TC/Arranged/3. Unit/EI/Form 7_default/OTC_Submit Form 7_Section F-G-H - EFT"), [:], STOP_ON_FAILURE): Call Test Case 'Test Cases/All TC/Arranged/3. Unit/EI/Form 7_default/OTC_Submit Form 7_Section F-G-H - EFT' successfully

2019-02-21 17:10:48 - [TEST_CASE][PASSED] - Test Cases/All TC/Arranged/3. Unit/EI/Form 7_default/OTC_Submit Form 7_Section F-G-H - EFT: Test Cases/All TC/Arranged/3. Unit/EI/Form 7_default/OTC_Submit Form 7_Section F-G-H - EFT

2019-02-21 17:10:48 - [TEST_STEP][PASSED] - delay(3): Delayed 3 second(s)

2019-02-21 17:10:51 - [MESSAGE][PASSED] - Delayed 3 second(s)

2019-02-21 17:10:51 - [TEST_STEP][PASSED] - click(findTestObject("KeatMun/Form 7_default/OTC_Submit Form 7_Section F-G-H/Page_PERKESO/F1. Tidak_bankrupt")): Object: 'Object Repository/KeatMun/Form 7_default/OTC_Submit Form 7_Section F-G-H/Page_PERKESO/F1. Tidak_bankrupt' is clicked on

2019-02-21 17:10:51 - [MESSAGE][PASSED] - Object: 'Object Repository/KeatMun/Form 7_default/OTC_Submit Form 7_Section F-G-H/Page_PERKESO/F1. Tidak_bankrupt' is clicked on

2019-02-21 17:10:51 - [TEST_STEP][PASSED] - delay(2): Delayed 2 second(s)

2019-02-21 17:10:53 - [MESSAGE][PASSED] - Delayed 2 second(s)

2019-02-21 17:10:53 - [TEST_STEP][PASSED] - click(findTestObject("KeatMun/Form 7_default/OTC_Submit Form 7_Section F-G-H/Page_PERKESO/F2. Bank Name")): Object: 'Object Repository/KeatMun/Form 7_default/OTC_Submit Form 7_Section F-G-H/Page_PERKESO/F2. Bank Name' is clicked on

2019-02-21 17:10:54 - [MESSAGE][PASSED] - Object: 'Object Repository/KeatMun/Form 7_default/OTC_Submit Form 7_Section F-G-H/Page_PERKESO/F2. Bank Name' is clicked on

2019-02-21 17:10:54 - [TEST_STEP][PASSED] - delay(2): Delayed 2 second(s)

2019-02-21 17:10:56 - [MESSAGE][PASSED] - Delayed 2 second(s)

2019-02-21 17:10:56 - [TEST_STEP][PASSED] - click(findTestObject("KeatMun/Form 7_default/OTC_Submit Form 7_Section F-G-H/Page_PERKESO/F2. AFFIN BANK BERHAD")): Object: 'Object Repository/KeatMun/Form 7_default/OTC_Submit Form 7_Section F-G-H/Page_PERKESO/F2. AFFIN BANK BERHAD' is clicked on

2019-02-21 17:10:56 - [MESSAGE][PASSED] - Object: 'Object Repository/KeatMun/Form 7_default/OTC_Submit Form 7_Section F-G-H/Page_PERKESO/F2. AFFIN BANK BERHAD' is clicked on

2019-02-21 17:10:56 - [TEST_STEP][PASSED] - delay(2): Delayed 2 second(s)

2019-02-21 17:10:58 - [MESSAGE][PASSED] - Delayed 2 second(s)

2019-02-21 17:10:58 - [TEST_STEP][PASSED] - setText(findTestObject("KeatMun/Form 7_default/OTC_Submit Form 7_Section F-G-H/Page_PERKESO/F3. Nombor akaun bank"), "1234567890"): Text '1234567890' is set on object 'Object Repository/KeatMun/Form 7_default/OTC_Submit Form 7_Section F-G-H/Page_PERKESO/F3. Nombor akaun bank'

2019-02-21 17:10:58 - [MESSAGE][PASSED] - Text '1234567890' is set on object 'Object Repository/KeatMun/Form 7_default/OTC_Submit Form 7_Section F-G-H/Page_PERKESO/F3. Nombor akaun bank'

2019-02-21 17:10:58 - [TEST_STEP][PASSED] - delay(2): Delayed 2 second(s)

2019-02-21 17:11:00 - [MESSAGE][PASSED] - Delayed 2 second(s)

2019-02-21 17:11:00 - [TEST_STEP][PASSED] - click(findTestObject("KeatMun/Form 7_default/OTC_Submit Form 7_Section F-G-H/Page_PERKESO/F4. Halaman Seterusnya")): Object: 'Object Repository/KeatMun/Form 7_default/OTC_Submit Form 7_Section F-G-H/Page_PERKESO/F4. Halaman Seterusnya' is clicked on

2019-02-21 17:11:00 - [MESSAGE][PASSED] - Object: 'Object Repository/KeatMun/Form 7_default/OTC_Submit Form 7_Section F-G-H/Page_PERKESO/F4. Halaman Seterusnya' is clicked on

2019-02-21 17:11:00 - [TEST_STEP][PASSED] - delay(5): Delayed 5 second(s)

2019-02-21 17:11:05 - [MESSAGE][PASSED] - Delayed 5 second(s)

2019-02-21 17:11:05 - [TEST_STEP][PASSED] - setText(findTestObject("KeatMun/Form 7_default/OTC_Submit Form 7_Section F-G-H/Page_PERKESO/G2. Hubungan dengan OB-nama"), "qwertyuiop"): Text 'qwertyuiop' is set on object 'Object Repository/KeatMun/Form 7_default/OTC_Submit Form 7_Section F-G-H/Page_PERKESO/G2. Hubungan dengan OB-nama'

2019-02-21 17:11:05 - [MESSAGE][PASSED] - Text 'qwertyuiop' is set on object 'Object Repository/KeatMun/Form 7_default/OTC_Submit Form 7_Section F-G-H/Page_PERKESO/G2. Hubungan dengan OB-nama'

2019-02-21 17:11:05 - [TEST_STEP][PASSED] - delay(2): Delayed 2 second(s)

2019-02-21 17:11:07 - [MESSAGE][PASSED] - Delayed 2 second(s)

2019-02-21 17:11:07 - [TEST_STEP][PASSED] - setText(findTestObject("KeatMun/Form 7_default/OTC_Submit Form 7_Section F-G-H/Page_PERKESO/G2. Hubungan dengan OB-ic.no"), "111111223333"): Text '111111223333' is set on object 'Object Repository/KeatMun/Form 7_default/OTC_Submit Form 7_Section F-G-H/Page_PERKESO/G2. Hubungan dengan OB-ic.no'

2019-02-21 17:11:08 - [MESSAGE][PASSED] - Text '111111223333' is set on object 'Object Repository/KeatMun/Form 7_default/OTC_Submit Form 7_Section F-G-H/Page_PERKESO/G2. Hubungan dengan OB-ic.no'

2019-02-21 17:11:08 - [TEST_STEP][PASSED] - delay(2): Delayed 2 second(s)

2019-02-21 17:11:10 - [MESSAGE][PASSED] - Delayed 2 second(s)

2019-02-21 17:11:10 - [TEST_STEP][PASSED] - setText(findTestObject("KeatMun/Form 7_default/OTC_Submit Form 7_Section F-G-H/Page_PERKESO/G2. Hubungan dengan OB-DOB"), "10/01/2019"): Text '10/01/2019' is set on object 'Object Repository/KeatMun/Form 7_default/OTC_Submit Form 7_Section F-G-H/Page_PERKESO/G2. Hubungan dengan OB-DOB'

2019-02-21 17:11:10 - [MESSAGE][PASSED] - Text '10/01/2019' is set on object 'Object Repository/KeatMun/Form 7_default/OTC_Submit Form 7_Section F-G-H/Page_PERKESO/G2. Hubungan dengan OB-DOB'

2019-02-21 17:11:10 - [TEST_STEP][PASSED] - delay(3): Delayed 3 second(s)

2019-02-21 17:11:13 - [MESSAGE][PASSED] - Delayed 3 second(s)

2019-02-21 17:11:13 - [TEST_STEP][PASSED] - click(findTestObject("KeatMun/Form 7_default/OTC_Submit Form 7_Section F-G-H/Page_PERKESO/G2. Span_Bapa")): Object: 'Object Repository/KeatMun/Form 7_default/OTC_Submit Form 7_Section F-G-H/Page_PERKESO/G2. Span_Bapa' is clicked on

2019-02-21 17:11:13 - [MESSAGE][PASSED] - Object: 'Object Repository/KeatMun/Form 7_default/OTC_Submit Form 7_Section F-G-H/Page_PERKESO/G2. Span_Bapa' is clicked on

2019-02-21 17:11:13 - [TEST_STEP][PASSED] - delay(3): Delayed 3 second(s)

2019-02-21 17:11:16 - [MESSAGE][PASSED] - Delayed 3 second(s)

2019-02-21 17:11:16 - [TEST_STEP][PASSED] - click(findTestObject("KeatMun/Form 7_default/OTC_Submit Form 7_Section F-G-H/Page_PERKESO/G2. Choose_Isteri")): Object: 'Object Repository/KeatMun/Form 7_default/OTC_Submit Form 7_Section F-G-H/Page_PERKESO/G2. Choose_Isteri' is clicked on

2019-02-21 17:11:16 - [MESSAGE][PASSED] - Object: 'Object Repository/KeatMun/Form 7_default/OTC_Submit Form 7_Section F-G-H/Page_PERKESO/G2. Choose_Isteri' is clicked on

2019-02-21 17:11:16 - [TEST_STEP][PASSED] - delay(3): Delayed 3 second(s)

2019-02-21 17:11:19 - [MESSAGE][PASSED] - Delayed 3 second(s)

2019-02-21 17:11:19 - [TEST_STEP][PASSED] - click(findTestObject("KeatMun/Form 7_default/OTC_Submit Form 7_Section F-G-H/Page_PERKESO/G3. Halaman Seterusnya")): Object: 'Object Repository/KeatMun/Form 7_default/OTC_Submit Form 7_Section F-G-H/Page_PERKESO/G3. Halaman Seterusnya' is clicked on

2019-02-21 17:11:19 - [MESSAGE][PASSED] - Object: 'Object Repository/KeatMun/Form 7_default/OTC_Submit Form 7_Section F-G-H/Page_PERKESO/G3. Halaman Seterusnya' is clicked on

2019-02-21 17:11:19 - [TEST_STEP][PASSED] - delay(5): Delayed 5 second(s)

2019-02-21 17:11:24 - [MESSAGE][PASSED] - Delayed 5 second(s)

2019-02-21 17:11:24 - [TEST_STEP][PASSED] - click(findTestObject("KeatMun/Form 7_default/OTC_Submit Form 7_Section F-G-H/Page_PERKESO/H1. declAckInfoInd")): Object: 'Object Repository/KeatMun/Form 7_default/OTC_Submit Form 7_Section F-G-H/Page_PERKESO/H1. declAckInfoInd' is clicked on

2019-02-21 17:11:25 - [MESSAGE][PASSED] - Object: 'Object Repository/KeatMun/Form 7_default/OTC_Submit Form 7_Section F-G-H/Page_PERKESO/H1. declAckInfoInd' is clicked on

2019-02-21 17:11:25 - [TEST_STEP][PASSED] - delay(2): Delayed 2 second(s)

2019-02-21 17:11:27 - [MESSAGE][PASSED] - Delayed 2 second(s)

2019-02-21 17:11:27 - [TEST_STEP][PASSED] - click(findTestObject("KeatMun/Form 7_default/OTC_Submit Form 7_Section F-G-H/Page_PERKESO/H2. declAckRepayInd")): Object: 'Object Repository/KeatMun/Form 7_default/OTC_Submit Form 7_Section F-G-H/Page_PERKESO/H2. declAckRepayInd' is clicked on

2019-02-21 17:11:27 - [MESSAGE][PASSED] - Object: 'Object Repository/KeatMun/Form 7_default/OTC_Submit Form 7_Section F-G-H/Page_PERKESO/H2. declAckRepayInd' is clicked on

2019-02-21 17:11:27 - [TEST_STEP][PASSED] - delay(2): Delayed 2 second(s)

2019-02-21 17:11:29 - [MESSAGE][PASSED] - Delayed 2 second(s)

2019-02-21 17:11:29 - [TEST_STEP][PASSED] - click(findTestObject("KeatMun/Form 7_default/OTC_Submit Form 7_Section F-G-H/Page_PERKESO/H3. declAckLegalInd")): Object: 'Object Repository/KeatMun/Form 7_default/OTC_Submit Form 7_Section F-G-H/Page_PERKESO/H3. declAckLegalInd' is clicked on

2019-02-21 17:11:29 - [MESSAGE][PASSED] - Object: 'Object Repository/KeatMun/Form 7_default/OTC_Submit Form 7_Section F-G-H/Page_PERKESO/H3. declAckLegalInd' is clicked on

2019-02-21 17:11:29 - [TEST_STEP][PASSED] - delay(2): Delayed 2 second(s)

2019-02-21 17:11:31 - [MESSAGE][PASSED] - Delayed 2 second(s)

2019-02-21 17:11:31 - [TEST_STEP][PASSED] - click(findTestObject("KeatMun/Form 7_default/OTC_Submit Form 7_Section F-G-H/Page_PERKESO/i1. mandatory_document1")): Object: 'Object Repository/KeatMun/Form 7_default/OTC_Submit Form 7_Section F-G-H/Page_PERKESO/i1. mandatory_document1' is clicked on

2019-02-21 17:11:31 - [MESSAGE][PASSED] - Object: 'Object Repository/KeatMun/Form 7_default/OTC_Submit Form 7_Section F-G-H/Page_PERKESO/i1. mandatory_document1' is clicked on

2019-02-21 17:11:31 - [TEST_STEP][PASSED] - delay(3): Delayed 3 second(s)

2019-02-21 17:11:34 - [MESSAGE][PASSED] - Delayed 3 second(s)

2019-02-21 17:11:34 - [TEST_STEP][PASSED] - sendKeys(findTestObject("KeatMun/Form 7_default/OTC_Submit Form 7_Section F-G-H/Page_PERKESO/i1.--Sila Pilih--_singleFil"), TextFilePathCommon + "\UploadDoc.txt"): Keys 'C:\Users\Admin\Documents\GitHub\PKSKatalon\PKS-EI-ES\Common Zone\UploadDoc.txt' sent to object: 'Object Repository/KeatMun/Form 7_default/OTC_Submit Form 7_Section F-G-H/Page_PERKESO/i1.--Sila Pilih--_singleFil'

2019-02-21 17:11:34 - [MESSAGE][PASSED] - Keys 'C:\Users\Admin\Documents\GitHub\PKSKatalon\PKS-EI-ES\Common Zone\UploadDoc.txt' sent to object: 'Object Repository/KeatMun/Form 7_default/OTC_Submit Form 7_Section F-G-H/Page_PERKESO/i1.--Sila Pilih--_singleFil'

2019-02-21 17:11:34 - [TEST_STEP][PASSED] - delay(3): Delayed 3 second(s)

2019-02-21 17:11:37 - [MESSAGE][PASSED] - Delayed 3 second(s)

2019-02-21 17:11:37 - [TEST_STEP][PASSED] - click(findTestObject("KeatMun/Form 7_default/OTC_Submit Form 7_Section F-G-H/Page_PERKESO/i1.Add - Tambah Dokumen (1)")): Object: 'Object Repository/KeatMun/Form 7_default/OTC_Submit Form 7_Section F-G-H/Page_PERKESO/i1.Add - Tambah Dokumen (1)' is clicked on

2019-02-21 17:11:37 - [MESSAGE][PASSED] - Object: 'Object Repository/KeatMun/Form 7_default/OTC_Submit Form 7_Section F-G-H/Page_PERKESO/i1.Add - Tambah Dokumen (1)' is clicked on

2019-02-21 17:11:37 - [TEST_STEP][PASSED] - delay(3): Delayed 3 second(s)

2019-02-21 17:11:40 - [MESSAGE][PASSED] - Delayed 3 second(s)

2019-02-21 17:11:40 - [TEST_STEP][PASSED] - acceptAlert(): Alert accepted

2019-02-21 17:11:40 - [MESSAGE][PASSED] - Alert accepted

2019-02-21 17:11:40 - [TEST_STEP][PASSED] - delay(3): Delayed 3 second(s)

2019-02-21 17:11:43 - [MESSAGE][PASSED] - Delayed 3 second(s)

2019-02-21 17:11:43 - [TEST_STEP][PASSED] - click(findTestObject("KeatMun/Form 7_default/OTC_Submit Form 7_Section F-G-H/Page_PERKESO/i2. mandatory_document2")): Object: 'Object Repository/KeatMun/Form 7_default/OTC_Submit Form 7_Section F-G-H/Page_PERKESO/i2. mandatory_document2' is clicked on

2019-02-21 17:11:44 - [MESSAGE][PASSED] - Object: 'Object Repository/KeatMun/Form 7_default/OTC_Submit Form 7_Section F-G-H/Page_PERKESO/i2. mandatory_document2' is clicked on

2019-02-21 17:11:44 - [TEST_STEP][PASSED] - delay(3): Delayed 3 second(s)

2019-02-21 17:11:47 - [MESSAGE][PASSED] - Delayed 3 second(s)

2019-02-21 17:11:47 - [TEST_STEP][PASSED] - click(findTestObject("KeatMun/Form 7_default/OTC_Submit Form 7_Section F-G-H/Page_PERKESO/i2. input_Ya_optradio")): Object: 'Object Repository/KeatMun/Form 7_default/OTC_Submit Form 7_Section F-G-H/Page_PERKESO/i2. input_Ya_optradio' is clicked on

2019-02-21 17:11:47 - [MESSAGE][PASSED] - Object: 'Object Repository/KeatMun/Form 7_default/OTC_Submit Form 7_Section F-G-H/Page_PERKESO/i2. input_Ya_optradio' is clicked on

2019-02-21 17:11:47 - [TEST_STEP][PASSED] - delay(3): Delayed 3 second(s)

2019-02-21 17:11:50 - [MESSAGE][PASSED] - Delayed 3 second(s)

2019-02-21 17:11:50 - [TEST_STEP][PASSED] - sendKeys(findTestObject("KeatMun/Form 7_default/OTC_Submit Form 7_Section F-G-H/Page_PERKESO/i1.--Sila Pilih--_singleFil"), TextFilePathCommon + "\UploadDoc.txt"): Keys 'C:\Users\Admin\Documents\GitHub\PKSKatalon\PKS-EI-ES\Common Zone\UploadDoc.txt' sent to object: 'Object Repository/KeatMun/Form 7_default/OTC_Submit Form 7_Section F-G-H/Page_PERKESO/i1.--Sila Pilih--_singleFil'

2019-02-21 17:11:50 - [MESSAGE][PASSED] - Keys 'C:\Users\Admin\Documents\GitHub\PKSKatalon\PKS-EI-ES\Common Zone\UploadDoc.txt' sent to object: 'Object Repository/KeatMun/Form 7_default/OTC_Submit Form 7_Section F-G-H/Page_PERKESO/i1.--Sila Pilih--_singleFil'

2019-02-21 17:11:50 - [TEST_STEP][PASSED] - delay(3): Delayed 3 second(s)

2019-02-21 17:11:53 - [MESSAGE][PASSED] - Delayed 3 second(s)

2019-02-21 17:11:53 - [TEST_STEP][PASSED] - click(findTestObject("KeatMun/Form 7_default/OTC_Submit Form 7_Section F-G-H/Page_PERKESO/i2. button_Tambah Dokumen")): Object: 'Object Repository/KeatMun/Form 7_default/OTC_Submit Form 7_Section F-G-H/Page_PERKESO/i2. button_Tambah Dokumen' is clicked on

2019-02-21 17:11:53 - [MESSAGE][PASSED] - Object: 'Object Repository/KeatMun/Form 7_default/OTC_Submit Form 7_Section F-G-H/Page_PERKESO/i2. button_Tambah Dokumen' is clicked on

2019-02-21 17:11:53 - [TEST_STEP][PASSED] - delay(3): Delayed 3 second(s)

2019-02-21 17:11:56 - [MESSAGE][PASSED] - Delayed 3 second(s)

2019-02-21 17:11:56 - [TEST_STEP][PASSED] - acceptAlert(): Alert accepted

2019-02-21 17:11:56 - [MESSAGE][PASSED] - Alert accepted

2019-02-21 17:11:56 - [TEST_STEP][PASSED] - delay(3): Delayed 3 second(s)

2019-02-21 17:11:59 - [MESSAGE][PASSED] - Delayed 3 second(s)

2019-02-21 17:11:59 - [TEST_STEP][PASSED] - click(findTestObject("KeatMun/Form 7_default/OTC_Submit Form 7_Section F-G-H/Page_PERKESO/i3. mandatory_document3")): Object: 'Object Repository/KeatMun/Form 7_default/OTC_Submit Form 7_Section F-G-H/Page_PERKESO/i3. mandatory_document3' is clicked on

2019-02-21 17:11:59 - [MESSAGE][PASSED] - Object: 'Object Repository/KeatMun/Form 7_default/OTC_Submit Form 7_Section F-G-H/Page_PERKESO/i3. mandatory_document3' is clicked on

2019-02-21 17:11:59 - [TEST_STEP][PASSED] - delay(3): Delayed 3 second(s)

2019-02-21 17:12:02 - [MESSAGE][PASSED] - Delayed 3 second(s)

2019-02-21 17:12:02 - [TEST_STEP][PASSED] - click(findTestObject("KeatMun/Form 7_default/OTC_Submit Form 7_Section F-G-H/Page_PERKESO/i2. input_Ya_optradio")): Object: 'Object Repository/KeatMun/Form 7_default/OTC_Submit Form 7_Section F-G-H/Page_PERKESO/i2. input_Ya_optradio' is clicked on

2019-02-21 17:12:02 - [MESSAGE][PASSED] - Object: 'Object Repository/KeatMun/Form 7_default/OTC_Submit Form 7_Section F-G-H/Page_PERKESO/i2. input_Ya_optradio' is clicked on

2019-02-21 17:12:02 - [TEST_STEP][PASSED] - delay(3): Delayed 3 second(s)

2019-02-21 17:12:05 - [MESSAGE][PASSED] - Delayed 3 second(s)

2019-02-21 17:12:05 - [TEST_STEP][PASSED] - sendKeys(findTestObject("KeatMun/Form 7_default/OTC_Submit Form 7_Section F-G-H/Page_PERKESO/i1.--Sila Pilih--_singleFil"), TextFilePathCommon + "\UploadDoc.txt"): Keys 'C:\Users\Admin\Documents\GitHub\PKSKatalon\PKS-EI-ES\Common Zone\UploadDoc.txt' sent to object: 'Object Repository/KeatMun/Form 7_default/OTC_Submit Form 7_Section F-G-H/Page_PERKESO/i1.--Sila Pilih--_singleFil'

2019-02-21 17:12:05 - [MESSAGE][PASSED] - Keys 'C:\Users\Admin\Documents\GitHub\PKSKatalon\PKS-EI-ES\Common Zone\UploadDoc.txt' sent to object: 'Object Repository/KeatMun/Form 7_default/OTC_Submit Form 7_Section F-G-H/Page_PERKESO/i1.--Sila Pilih--_singleFil'

2019-02-21 17:12:05 - [TEST_STEP][PASSED] - delay(3): Delayed 3 second(s)

2019-02-21 17:12:08 - [MESSAGE][PASSED] - Delayed 3 second(s)

2019-02-21 17:12:08 - [TEST_STEP][PASSED] - click(findTestObject("KeatMun/Form 7_default/OTC_Submit Form 7_Section F-G-H/Page_PERKESO/i2. button_Tambah Dokumen")): Object: 'Object Repository/KeatMun/Form 7_default/OTC_Submit Form 7_Section F-G-H/Page_PERKESO/i2. button_Tambah Dokumen' is clicked on

2019-02-21 17:12:09 - [MESSAGE][PASSED] - Object: 'Object Repository/KeatMun/Form 7_default/OTC_Submit Form 7_Section F-G-H/Page_PERKESO/i2. button_Tambah Dokumen' is clicked on

2019-02-21 17:12:09 - [TEST_STEP][PASSED] - delay(3): Delayed 3 second(s)

2019-02-21 17:12:12 - [MESSAGE][PASSED] - Delayed 3 second(s)

2019-02-21 17:12:12 - [TEST_STEP][PASSED] - acceptAlert(): Alert accepted

2019-02-21 17:12:12 - [MESSAGE][PASSED] - Alert accepted

2019-02-21 17:12:12 - [TEST_STEP][PASSED] - delay(3): Delayed 3 second(s)

2019-02-21 17:12:15 - [MESSAGE][PASSED] - Delayed 3 second(s)

2019-02-21 17:12:15 - [TEST_STEP][PASSED] - click(findTestObject("KeatMun/Form 7_default/OTC_Submit Form 7_Section F-G-H/Page_PERKESO/i4. mandatory_document4")): Object: 'Object Repository/KeatMun/Form 7_default/OTC_Submit Form 7_Section F-G-H/Page_PERKESO/i4. mandatory_document4' is clicked on

2019-02-21 17:12:15 - [MESSAGE][PASSED] - Object: 'Object Repository/KeatMun/Form 7_default/OTC_Submit Form 7_Section F-G-H/Page_PERKESO/i4. mandatory_document4' is clicked on

2019-02-21 17:12:15 - [TEST_STEP][PASSED] - delay(3): Delayed 3 second(s)

2019-02-21 17:12:18 - [MESSAGE][PASSED] - Delayed 3 second(s)

2019-02-21 17:12:18 - [TEST_STEP][PASSED] - click(findTestObject("KeatMun/Form 7_default/OTC_Submit Form 7_Section F-G-H/Page_PERKESO/i4. _Ya_optradio")): Object: 'Object Repository/KeatMun/Form 7_default/OTC_Submit Form 7_Section F-G-H/Page_PERKESO/i4. _Ya_optradio' is clicked on

2019-02-21 17:12:18 - [MESSAGE][PASSED] - Object: 'Object Repository/KeatMun/Form 7_default/OTC_Submit Form 7_Section F-G-H/Page_PERKESO/i4. _Ya_optradio' is clicked on

2019-02-21 17:12:18 - [TEST_STEP][PASSED] - delay(3): Delayed 3 second(s)

2019-02-21 17:12:21 - [MESSAGE][PASSED] - Delayed 3 second(s)

2019-02-21 17:12:21 - [TEST_STEP][PASSED] - sendKeys(findTestObject("KeatMun/Form 7_default/OTC_Submit Form 7_Section F-G-H/Page_PERKESO/i1.--Sila Pilih--_singleFil"), TextFilePathCommon + "\UploadDoc.txt"): Keys 'C:\Users\Admin\Documents\GitHub\PKSKatalon\PKS-EI-ES\Common Zone\UploadDoc.txt' sent to object: 'Object Repository/KeatMun/Form 7_default/OTC_Submit Form 7_Section F-G-H/Page_PERKESO/i1.--Sila Pilih--_singleFil'

2019-02-21 17:12:21 - [MESSAGE][PASSED] - Keys 'C:\Users\Admin\Documents\GitHub\PKSKatalon\PKS-EI-ES\Common Zone\UploadDoc.txt' sent to object: 'Object Repository/KeatMun/Form 7_default/OTC_Submit Form 7_Section F-G-H/Page_PERKESO/i1.--Sila Pilih--_singleFil'

2019-02-21 17:12:21 - [TEST_STEP][PASSED] - delay(3): Delayed 3 second(s)

2019-02-21 17:12:24 - [MESSAGE][PASSED] - Delayed 3 second(s)

2019-02-21 17:12:24 - [TEST_STEP][PASSED] - click(findTestObject("KeatMun/Form 7_default/OTC_Submit Form 7_Section F-G-H/Page_PERKESO/i2. button_Tambah Dokumen")): Object: 'Object Repository/KeatMun/Form 7_default/OTC_Submit Form 7_Section F-G-H/Page_PERKESO/i2. button_Tambah Dokumen' is clicked on

2019-02-21 17:12:24 - [MESSAGE][PASSED] - Object: 'Object Repository/KeatMun/Form 7_default/OTC_Submit Form 7_Section F-G-H/Page_PERKESO/i2. button_Tambah Dokumen' is clicked on

2019-02-21 17:12:24 - [TEST_STEP][PASSED] - delay(3): Delayed 3 second(s)

2019-02-21 17:12:27 - [MESSAGE][PASSED] - Delayed 3 second(s)

2019-02-21 17:12:27 - [TEST_STEP][PASSED] - acceptAlert(): Alert accepted

2019-02-21 17:12:27 - [MESSAGE][PASSED] - Alert accepted

2019-02-21 17:12:27 - [TEST_STEP][PASSED] - delay(3): Delayed 3 second(s)

2019-02-21 17:12:30 - [MESSAGE][PASSED] - Delayed 3 second(s)

2019-02-21 17:12:30 - [TEST_STEP][PASSED] - click(findTestObject("KeatMun/Form 7_default/OTC_Submit Form 7_Section F-G-H/Page_PERKESO/button_Hantar")): Object: 'Object Repository/KeatMun/Form 7_default/OTC_Submit Form 7_Section F-G-H/Page_PERKESO/button_Hantar' is clicked on

2019-02-21 17:12:30 - [MESSAGE][PASSED] - Object: 'Object Repository/KeatMun/Form 7_default/OTC_Submit Form 7_Section F-G-H/Page_PERKESO/button_Hantar' is clicked on

2019-02-21 17:12:30 - [TEST_STEP][PASSED] - delay(3): Delayed 3 second(s)

2019-02-21 17:12:33 - [MESSAGE][PASSED] - Delayed 3 second(s)

2019-02-21 17:12:33 - [TEST_STEP][PASSED] - UserName = getText(findTestObject("KeatMun/Form 7_default/OTC_Submit Form 7_Section F-G-H/Page_PERKESO/strong_FAST2")): Text of object 'Object Repository/KeatMun/Form 7_default/OTC_Submit Form 7_Section F-G-H/Page_PERKESO/strong_FAST2' is: 'A RAHMAN BIN ALIF'

2019-02-21 17:12:34 - [MESSAGE][PASSED] - Text of object 'Object Repository/KeatMun/Form 7_default/OTC_Submit Form 7_Section F-G-H/Page_PERKESO/strong_FAST2' is: 'A RAHMAN BIN ALIF'

2019-02-21 17:12:34 - [TEST_STEP][PASSED] - callTestCase(findTestCase("All TC/Arranged/1. Common/1.2 Setter/Setter UserName"), [:], STOP_ON_FAILURE): Call Test Case 'Test Cases/All TC/Arranged/1. Common/1.2 Setter/Setter UserName' successfully

2019-02-21 17:12:34 - [TEST_CASE][PASSED] - Test Cases/All TC/Arranged/1. Common/1.2 Setter/Setter UserName: Test Cases/All TC/Arranged/1. Common/1.2 Setter/Setter UserName

2019-02-21 17:12:34 - [TEST_STEP][PASSED] - RefNoOldFile = new java.io.File((internal.GlobalVariable.TextFilePathCommon + \getUser.txt)): null

2019-02-21 17:12:34 - [TEST_STEP][PASSED] - RefNoOldFile.delete(): null

2019-02-21 17:12:34 - [TEST_STEP][PASSED] - delay(5): Delayed 5 second(s)

2019-02-21 17:12:39 - [MESSAGE][PASSED] - Delayed 5 second(s)

2019-02-21 17:12:39 - [TEST_STEP][PASSED] - RefNo = new java.io.File((internal.GlobalVariable.TextFilePathCommon + \getUser.txt)): null

2019-02-21 17:12:39 - [TEST_STEP][PASSED] - f2 = new java.io.FileWriter(RefNo, false): null

2019-02-21 17:12:39 - [TEST_STEP][PASSED] - f2.write(UserName): null

2019-02-21 17:12:39 - [TEST_STEP][PASSED] - f2.close(): null

2019-02-21 17:12:39 - [TEST_STEP][PASSED] - out.println("


" + UserName + "


"): null

2019-02-21 17:12:39 - [MESSAGE][PASSED] - Call Test Case 'Test Cases/All TC/Arranged/1. Common/1.2 Setter/Setter UserName' successfully

2019-02-21 17:12:39 - [TEST_STEP][PASSED] - IC = getText(findTestObject("KeatMun/Form 7_default/OTC_Submit Form 7_Section F-G-H/Page_PERKESO/strong_950000140051")): Text of object 'Object Repository/KeatMun/Form 7_default/OTC_Submit Form 7_Section F-G-H/Page_PERKESO/strong_950000140051' is: '710628015707'

2019-02-21 17:12:39 - [MESSAGE][PASSED] - Text of object 'Object Repository/KeatMun/Form 7_default/OTC_Submit Form 7_Section F-G-H/Page_PERKESO/strong_950000140051' is: '710628015707'

2019-02-21 17:12:39 - [TEST_STEP][PASSED] - callTestCase(findTestCase("All TC/Arranged/1. Common/1.2 Setter/Setter IC"), [:], STOP_ON_FAILURE): Call Test Case 'Test Cases/All TC/Arranged/1. Common/1.2 Setter/Setter IC' successfully

2019-02-21 17:12:39 - [TEST_CASE][PASSED] - Test Cases/All TC/Arranged/1. Common/1.2 Setter/Setter IC: Test Cases/All TC/Arranged/1. Common/1.2 Setter/Setter IC

2019-02-21 17:12:39 - [TEST_STEP][PASSED] - RefNoOldFile = new java.io.File((internal.GlobalVariable.TextFilePathCommon + \getIC.txt)): null

2019-02-21 17:12:39 - [TEST_STEP][PASSED] - RefNoOldFile.delete(): null

2019-02-21 17:12:39 - [TEST_STEP][PASSED] - delay(5): Delayed 5 second(s)

2019-02-21 17:12:44 - [MESSAGE][PASSED] - Delayed 5 second(s)

2019-02-21 17:12:44 - [TEST_STEP][PASSED] - RefNo = new java.io.File((internal.GlobalVariable.TextFilePathCommon + \getIC.txt)): null

2019-02-21 17:12:44 - [TEST_STEP][PASSED] - f2 = new java.io.FileWriter(RefNo, false): null

2019-02-21 17:12:44 - [TEST_STEP][PASSED] - f2.write(IC): null

2019-02-21 17:12:44 - [TEST_STEP][PASSED] - f2.close(): null

2019-02-21 17:12:44 - [TEST_STEP][PASSED] - out.println("


" + IC + "


"): null

2019-02-21 17:12:44 - [MESSAGE][PASSED] - Call Test Case 'Test Cases/All TC/Arranged/1. Common/1.2 Setter/Setter IC' successfully

2019-02-21 17:12:44 - [TEST_STEP][PASSED] - CaseID = getText(findTestObject("KeatMun/Form 7_default/OTC_Submit Form 7_Section F-G-H/Page_PERKESO/strong_SIPE1119070000004")): Text of object 'Object Repository/KeatMun/Form 7_default/OTC_Submit Form 7_Section F-G-H/Page_PERKESO/strong_SIPE1119070000004' is: 'SIPE1119070000032'

2019-02-21 17:12:44 - [MESSAGE][PASSED] - Text of object 'Object Repository/KeatMun/Form 7_default/OTC_Submit Form 7_Section F-G-H/Page_PERKESO/strong_SIPE1119070000004' is: 'SIPE1119070000032'

2019-02-21 17:12:44 - [TEST_STEP][PASSED] - callTestCase(findTestCase("All TC/Arranged/1. Common/1.2 Setter/Setter Case ID"), [:], STOP_ON_FAILURE): Call Test Case 'Test Cases/All TC/Arranged/1. Common/1.2 Setter/Setter Case ID' successfully

2019-02-21 17:12:44 - [TEST_CASE][PASSED] - Test Cases/All TC/Arranged/1. Common/1.2 Setter/Setter Case ID: Test Cases/All TC/Arranged/1. Common/1.2 Setter/Setter Case ID

2019-02-21 17:12:44 - [TEST_STEP][PASSED] - RefNoOldFile = new java.io.File((internal.GlobalVariable.TextFilePathCommon + \getCaseID.txt)): null

2019-02-21 17:12:44 - [TEST_STEP][PASSED] - RefNoOldFile.delete(): null

2019-02-21 17:12:44 - [TEST_STEP][PASSED] - delay(5): Delayed 5 second(s)

2019-02-21 17:12:49 - [MESSAGE][PASSED] - Delayed 5 second(s)

2019-02-21 17:12:49 - [TEST_STEP][PASSED] - RefNo = new java.io.File((internal.GlobalVariable.TextFilePathCommon + \getCaseID.txt)): null

2019-02-21 17:12:49 - [TEST_STEP][PASSED] - f2 = new java.io.FileWriter(RefNo, false): null

2019-02-21 17:12:49 - [TEST_STEP][PASSED] - f2.write(CaseID): null

2019-02-21 17:12:49 - [TEST_STEP][PASSED] - f2.close(): null

2019-02-21 17:12:49 - [TEST_STEP][PASSED] - out.println("


" + CaseID + "


"): null

2019-02-21 17:12:49 - [MESSAGE][PASSED] - Call Test Case 'Test Cases/All TC/Arranged/1. Common/1.2 Setter/Setter Case ID' successfully

2019-02-21 17:12:49 - [TEST_STEP][PASSED] - Password = getText(findTestObject("KeatMun/Form 7_default/OTC_Submit Form 7_Section F-G-H/Page_PERKESO/strong_OOPQe0i4")): Text of object 'Object Repository/KeatMun/Form 7_default/OTC_Submit Form 7_Section F-G-H/Page_PERKESO/strong_OOPQe0i4' is: 'sIeqrPCj'

2019-02-21 17:12:49 - [MESSAGE][PASSED] - Text of object 'Object Repository/KeatMun/Form 7_default/OTC_Submit Form 7_Section F-G-H/Page_PERKESO/strong_OOPQe0i4' is: 'sIeqrPCj'

2019-02-21 17:12:49 - [TEST_STEP][PASSED] - callTestCase(findTestCase("All TC/Arranged/1. Common/1.2 Setter/Setter Password"), [:], STOP_ON_FAILURE): Call Test Case 'Test Cases/All TC/Arranged/1. Common/1.2 Setter/Setter Password' successfully

2019-02-21 17:12:49 - [TEST_CASE][PASSED] - Test Cases/All TC/Arranged/1. Common/1.2 Setter/Setter Password: Test Cases/All TC/Arranged/1. Common/1.2 Setter/Setter Password

2019-02-21 17:12:49 - [TEST_STEP][PASSED] - RefNoOldFile = new java.io.File((internal.GlobalVariable.TextFilePathCommon + \getPassword.txt)): null

2019-02-21 17:12:49 - [TEST_STEP][PASSED] - RefNoOldFile.delete(): null

2019-02-21 17:12:49 - [TEST_STEP][PASSED] - delay(5): Delayed 5 second(s)

2019-02-21 17:12:54 - [MESSAGE][PASSED] - Delayed 5 second(s)

2019-02-21 17:12:54 - [TEST_STEP][PASSED] - RefNo = new java.io.File((internal.GlobalVariable.TextFilePathCommon + \getPassword.txt)): null

2019-02-21 17:12:54 - [TEST_STEP][PASSED] - f2 = new java.io.FileWriter(RefNo, false): null

2019-02-21 17:12:54 - [TEST_STEP][PASSED] - f2.write(Password): null

2019-02-21 17:12:54 - [TEST_STEP][PASSED] - f2.close(): null

2019-02-21 17:12:54 - [TEST_STEP][PASSED] - out.println("


" + Password + "


"): null

2019-02-21 17:12:54 - [MESSAGE][PASSED] - Call Test Case 'Test Cases/All TC/Arranged/1. Common/1.2 Setter/Setter Password' successfully

2019-02-21 17:12:54 - [MESSAGE][PASSED] - Call Test Case 'Test Cases/All TC/Arranged/3. Unit/EI/Form 7_default/OTC_Submit Form 7_Section F-G-H - EFT' successfully

2019-02-21 17:12:54 - [MESSAGE][PASSED] - Call Test Case 'Test Cases/All TC/Arranged/2. Segment/OTC_Submit Form 7_End to End - EFT' successfully

2019-02-21 17:12:54 - [TEST_STEP][PASSED] - callTestCase(findTestCase("All TC/Arranged/2. Segment/2.2 Check Status/Check Status - Case ID"), [:], STOP_ON_FAILURE): Call Test Case 'Test Cases/All TC/Arranged/2. Segment/2.2 Check Status/Check Status - Case ID' successfully

2019-02-21 17:12:54 - [TEST_CASE][PASSED] - Test Cases/All TC/Arranged/2. Segment/2.2 Check Status/Check Status - Case ID: Test Cases/All TC/Arranged/2. Segment/2.2 Check Status/Check Status - Case ID

2019-02-21 17:12:54 - [TEST_STEP][PASSED] - openBrowser(""): Browser is opened with url: ''

2019-02-21 17:12:54 - [MESSAGE][WARNING] - A browser is already opened. Closing browser and opening a new one

2019-02-21 17:12:55 - [MESSAGE][INFO] - Starting 'Chrome' driver

2019-02-21 17:12:55 - [MESSAGE][INFO] - User set preference: ['args', '[--start-maximized]']

2019-02-21 17:12:57 - [MESSAGE][PASSED] - Browser is opened with url: ''

2019-02-21 17:12:57 - [TEST_STEP][PASSED] - navigateToUrl(Internal_Login): Navigate to 'http://10.20.24.188/eisportal/user/login' successfully

2019-02-21 17:12:58 - [MESSAGE][PASSED] - Navigate to 'http://10.20.24.188/eisportal/user/login' successfully

2019-02-21 17:12:58 - [TEST_STEP][PASSED] - setText(findTestObject("KinJun/2.0 Check Status/Check Status - Case ID/Page_PERKESO/Input Username"), "nadia.harun@perkeso.gov.my"): Text 'nadia.harun@perkeso.gov.my' is set on object 'Object Repository/KinJun/2.0 Check Status/Check Status - Case ID/Page_PERKESO/Input Username'

2019-02-21 17:12:59 - [MESSAGE][PASSED] - Text 'nadia.harun@perkeso.gov.my' is set on object 'Object Repository/KinJun/2.0 Check Status/Check Status - Case ID/Page_PERKESO/Input Username'

2019-02-21 17:12:59 - [TEST_STEP][PASSED] - setEncryptedText(findTestObject("KinJun/2.0 Check Status/Check Status - Case ID/Page_PERKESO/Input Password"), "CQqwFZlbeC8="): Text ****** has been set on object 'Object Repository/KinJun/2.0 Check Status/Check Status - Case ID/Page_PERKESO/Input Password'

2019-02-21 17:12:59 - [MESSAGE][PASSED] - Text ****** has been set on object 'Object Repository/KinJun/2.0 Check Status/Check Status - Case ID/Page_PERKESO/Input Password'

2019-02-21 17:12:59 - [TEST_STEP][PASSED] - click(findTestObject("KinJun/2.0 Check Status/Check Status - Case ID/Page_PERKESO/Btn Login")): Object: 'Object Repository/KinJun/2.0 Check Status/Check Status - Case ID/Page_PERKESO/Btn Login' is clicked on

2019-02-21 17:13:00 - [MESSAGE][PASSED] - Object: 'Object Repository/KinJun/2.0 Check Status/Check Status - Case ID/Page_PERKESO/Btn Login' is clicked on

2019-02-21 17:13:00 - [TEST_STEP][PASSED] - delay(3): Delayed 3 second(s)

2019-02-21 17:13:03 - [MESSAGE][PASSED] - Delayed 3 second(s)

2019-02-21 17:13:03 - [TEST_STEP][PASSED] - callTestCase(findTestCase("All TC/Arranged/1. Common/1.1 Getter/Getter IC"), [:], STOP_ON_FAILURE): Call Test Case 'Test Cases/All TC/Arranged/1. Common/1.1 Getter/Getter IC' successfully

2019-02-21 17:13:04 - [TEST_CASE][PASSED] - Test Cases/All TC/Arranged/1. Common/1.1 Getter/Getter IC: Test Cases/All TC/Arranged/1. Common/1.1 Getter/Getter IC

2019-02-21 17:13:04 - [TEST_STEP][PASSED] - try: null

2019-02-21 17:13:04 - [TEST_STEP][PASSED] - RefNo = new java.io.File((internal.GlobalVariable.TextFilePathCommon + \getIC.txt)): null

2019-02-21 17:13:04 - [TEST_STEP][PASSED] - bufferread = new java.io.BufferedReader(new java.io.FileReader(RefNo)): null

2019-02-21 17:13:04 - [TEST_STEP][PASSED] - readedVal = bufferread.readLine(): null

2019-02-21 17:13:04 - [TEST_STEP][PASSED] - out.println(IC): null

2019-02-21 17:13:04 - [TEST_STEP][PASSED] - out.println(readedVal): null

2019-02-21 17:13:04 - [TEST_STEP][PASSED] - IC = "": null

2019-02-21 17:13:04 - [TEST_STEP][PASSED] - IC = readedVal: null

2019-02-21 17:13:04 - [MESSAGE][PASSED] - Call Test Case 'Test Cases/All TC/Arranged/1. Common/1.1 Getter/Getter IC' successfully

2019-02-21 17:13:04 - [TEST_STEP][PASSED] - setText(findTestObject("KinJun/2.0 Check Status/Check Status - Case ID/Page_PERKESO/Input IC"), IC): Text '710628015707' is set on object 'Object Repository/KinJun/2.0 Check Status/Check Status - Case ID/Page_PERKESO/Input IC'

2019-02-21 17:13:04 - [MESSAGE][PASSED] - Text '710628015707' is set on object 'Object Repository/KinJun/2.0 Check Status/Check Status - Case ID/Page_PERKESO/Input IC'

2019-02-21 17:13:04 - [TEST_STEP][PASSED] - delay(3): Delayed 3 second(s)

2019-02-21 17:13:07 - [MESSAGE][PASSED] - Delayed 3 second(s)

2019-02-21 17:13:07 - [TEST_STEP][PASSED] - click(findTestObject("KinJun/2.0 Check Status/Check Status - Case ID/Page_PERKESO/Btn Check")): Object: 'Object Repository/KinJun/2.0 Check Status/Check Status - Case ID/Page_PERKESO/Btn Check' is clicked on

2019-02-21 17:13:07 - [MESSAGE][PASSED] - Object: 'Object Repository/KinJun/2.0 Check Status/Check Status - Case ID/Page_PERKESO/Btn Check' is clicked on

2019-02-21 17:13:07 - [TEST_STEP][PASSED] - UserName = getText(findTestObject("KinJun/2.0 Check Status/Check Status - Case ID/Page_PERKESO/TD Username")): Text of object 'Object Repository/KinJun/2.0 Check Status/Check Status - Case ID/Page_PERKESO/TD Username' is: 'HAZAHMAHMADTOHA'

2019-02-21 17:13:07 - [MESSAGE][PASSED] - Text of object 'Object Repository/KinJun/2.0 Check Status/Check Status - Case ID/Page_PERKESO/TD Username' is: 'HAZAHMAHMADTOHA'

2019-02-21 17:13:07 - [TEST_STEP][PASSED] - callTestCase(findTestCase("All TC/Arranged/1. Common/1.2 Setter/Setter UserName"), [:], STOP_ON_FAILURE): Call Test Case 'Test Cases/All TC/Arranged/1. Common/1.2 Setter/Setter UserName' successfully

2019-02-21 17:13:07 - [TEST_CASE][PASSED] - Test Cases/All TC/Arranged/1. Common/1.2 Setter/Setter UserName: Test Cases/All TC/Arranged/1. Common/1.2 Setter/Setter UserName

2019-02-21 17:13:07 - [TEST_STEP][PASSED] - RefNoOldFile = new java.io.File((internal.GlobalVariable.TextFilePathCommon + \getUser.txt)): null

2019-02-21 17:13:07 - [TEST_STEP][PASSED] - RefNoOldFile.delete(): null

2019-02-21 17:13:07 - [TEST_STEP][PASSED] - delay(5): Delayed 5 second(s)

2019-02-21 17:13:12 - [MESSAGE][PASSED] - Delayed 5 second(s)

2019-02-21 17:13:12 - [TEST_STEP][PASSED] - RefNo = new java.io.File((internal.GlobalVariable.TextFilePathCommon + \getUser.txt)): null

2019-02-21 17:13:12 - [TEST_STEP][PASSED] - f2 = new java.io.FileWriter(RefNo, false): null

2019-02-21 17:13:12 - [TEST_STEP][PASSED] - f2.write(UserName): null

2019-02-21 17:13:12 - [TEST_STEP][PASSED] - f2.close(): null

2019-02-21 17:13:12 - [TEST_STEP][PASSED] - out.println("


" + UserName + "


"): null

2019-02-21 17:13:12 - [MESSAGE][PASSED] - Call Test Case 'Test Cases/All TC/Arranged/1. Common/1.2 Setter/Setter UserName' successfully

2019-02-21 17:13:12 - [TEST_STEP][PASSED] - click(findTestObject("KinJun/2.0 Check Status/Check Status - Case ID/Page_PERKESO/Click Username")): Object: 'Object Repository/KinJun/2.0 Check Status/Check Status - Case ID/Page_PERKESO/Click Username' is clicked on

2019-02-21 17:13:12 - [MESSAGE][PASSED] - Object: 'Object Repository/KinJun/2.0 Check Status/Check Status - Case ID/Page_PERKESO/Click Username' is clicked on

2019-02-21 17:13:12 - [TEST_STEP][PASSED] - delay(3): Delayed 3 second(s)

2019-02-21 17:13:15 - [MESSAGE][PASSED] - Delayed 3 second(s)

2019-02-21 17:13:15 - [TEST_STEP][PASSED] - click(findTestObject("KinJun/2.0 Check Status/Check Status - Case ID/Page_PERKESO/Log Out")): Object: 'Object Repository/KinJun/2.0 Check Status/Check Status - Case ID/Page_PERKESO/Log Out' is clicked on

2019-02-21 17:13:16 - [MESSAGE][PASSED] - Object: 'Object Repository/KinJun/2.0 Check Status/Check Status - Case ID/Page_PERKESO/Log Out' is clicked on

2019-02-21 17:13:16 - [MESSAGE][PASSED] - Call Test Case 'Test Cases/All TC/Arranged/2. Segment/2.2 Check Status/Check Status - Case ID' successfully

2019-02-21 17:13:16 - [TEST_STEP][PASSED] - callTestCase(findTestCase("All TC/Arranged/1. Common/IC List Remover"), [:], STOP_ON_FAILURE): Call Test Case 'Test Cases/All TC/Arranged/1. Common/IC List Remover' successfully

2019-02-21 17:13:16 - [TEST_CASE][PASSED] - Test Cases/All TC/Arranged/1. Common/IC List Remover: Test Cases/All TC/Arranged/1. Common/IC List Remover

2019-02-21 17:13:16 - [TEST_STEP][PASSED] - counter = 0: null

2019-02-21 17:13:16 - [TEST_STEP][PASSED] - fis = new java.io.FileInputStream((internal.GlobalVariable.TextFilePathCommon + /IC.xlsx)): null

2019-02-21 17:13:16 - [TEST_STEP][PASSED] - workbook = new org.apache.poi.xssf.usermodel.XSSFWorkbook(fis): null

2019-02-21 17:13:16 - [TEST_STEP][PASSED] - sheet = workbook.getSheet("Sheet1"): null

2019-02-21 17:13:16 - [TEST_STEP][PASSED] - totalRow = sheet.getLastRowNum(): null

2019-02-21 17:13:16 - [TEST_STEP][PASSED] - out.println(totalRow): null

2019-02-21 17:13:16 - [TEST_STEP][PASSED] - row = sheet.getRow(counter): null

2019-02-21 17:13:16 - [TEST_STEP][PASSED] - cell = row.getCell(counter): null

2019-02-21 17:13:16 - [TEST_STEP][PASSED] - out.println("removing this value : " + cell.getStringCellValue()): null

2019-02-21 17:13:16 - [TEST_STEP][PASSED] - sheet.removeRow(sheet.getRow(counter)): null

2019-02-21 17:13:16 - [TEST_STEP][PASSED] - sheet.shiftRows(counter + 1, totalRow, -1): null

2019-02-21 17:13:16 - [TEST_STEP][PASSED] - fos = new java.io.FileOutputStream((internal.GlobalVariable.TextFilePathCommon + /IC.xlsx)): null

2019-02-21 17:13:16 - [TEST_STEP][PASSED] - workbook.write(fos): null

2019-02-21 17:13:17 - [TEST_STEP][PASSED] - fos.close(): null

2019-02-21 17:13:17 - [MESSAGE][PASSED] - Call Test Case 'Test Cases/All TC/Arranged/1. Common/IC List Remover' successfully

2019-02-21 17:13:17 - [TEST_STEP][PASSED] - callTestCase(findTestCase("All TC/Arranged/2. Segment/2.31 RIA Application/EIO Internal Login - RIA Application - Approve"), [:], STOP_ON_FAILURE): Call Test Case 'Test Cases/All TC/Arranged/2. Segment/2.31 RIA Application/EIO Internal Login - RIA Application - Approve' successfully

2019-02-21 17:13:17 - [TEST_CASE][PASSED] - Test Cases/All TC/Arranged/2. Segment/2.31 RIA Application/EIO Internal Login - RIA Application - Approve: Test Cases/All TC/Arranged/2. Segment/2.31 RIA Application/EIO Internal Login - RIA Application - Approve

2019-02-21 17:13:17 - [TEST_STEP][PASSED] - openBrowser(""): Browser is opened with url: ''

2019-02-21 17:13:17 - [MESSAGE][WARNING] - A browser is already opened. Closing browser and opening a new one

2019-02-21 17:13:18 - [MESSAGE][INFO] - Starting 'Chrome' driver

2019-02-21 17:13:18 - [MESSAGE][INFO] - User set preference: ['args', '[--start-maximized]']

2019-02-21 17:13:20 - [MESSAGE][PASSED] - Browser is opened with url: ''

2019-02-21 17:13:20 - [TEST_STEP][PASSED] - navigateToUrl(Internal_Login): Navigate to 'http://10.20.24.188/eisportal/user/login' successfully

2019-02-21 17:13:21 - [MESSAGE][PASSED] - Navigate to 'http://10.20.24.188/eisportal/user/login' successfully

2019-02-21 17:13:21 - [TEST_STEP][PASSED] - callTestCase(findTestCase("All TC/Arranged/1. Common/Internal Email Finder"), [:], STOP_ON_FAILURE): Call Test Case 'Test Cases/All TC/Arranged/1. Common/Internal Email Finder' successfully

2019-02-21 17:13:21 - [TEST_CASE][PASSED] - Test Cases/All TC/Arranged/1. Common/Internal Email Finder: Test Cases/All TC/Arranged/1. Common/Internal Email Finder

2019-02-21 17:13:21 - [TEST_STEP][PASSED] - callTestCase(findTestCase("All TC/Arranged/1. Common/1.1 Getter/Getter UserName"), [:], CONTINUE_ON_FAILURE): Call Test Case 'Test Cases/All TC/Arranged/1. Common/1.1 Getter/Getter UserName' successfully

2019-02-21 17:13:21 - [TEST_CASE][PASSED] - Test Cases/All TC/Arranged/1. Common/1.1 Getter/Getter UserName: Test Cases/All TC/Arranged/1. Common/1.1 Getter/Getter UserName

2019-02-21 17:13:21 - [TEST_STEP][PASSED] - try: null

2019-02-21 17:13:21 - [TEST_STEP][PASSED] - RefNo = new java.io.File((internal.GlobalVariable.TextFilePathCommon + \getUser.txt)): null

2019-02-21 17:13:21 - [TEST_STEP][PASSED] - bufferread = new java.io.BufferedReader(new java.io.FileReader(RefNo)): null

2019-02-21 17:13:21 - [TEST_STEP][PASSED] - readedVal = bufferread.readLine(): null

2019-02-21 17:13:21 - [TEST_STEP][PASSED] - out.println(UserName): null

2019-02-21 17:13:21 - [TEST_STEP][PASSED] - out.println(readedVal): null

2019-02-21 17:13:21 - [TEST_STEP][PASSED] - UserName = "": null

2019-02-21 17:13:21 - [TEST_STEP][PASSED] - UserName = readedVal: null

2019-02-21 17:13:21 - [MESSAGE][PASSED] - Call Test Case 'Test Cases/All TC/Arranged/1. Common/1.1 Getter/Getter UserName' successfully

2019-02-21 17:13:21 - [TEST_STEP][PASSED] - StrA = UserName: null

2019-02-21 17:13:21 - [TEST_STEP][PASSED] - StrB = <not implemented yet for class: org.codehaus.groovy.ast.expr.EmptyExpression>: null

2019-02-21 17:13:21 - [TEST_STEP][PASSED] - Counter = 1: null

2019-02-21 17:13:21 - [TEST_STEP][PASSED] - while (!(StrB.equals(StrA)) && !(Counter > findTestData("Internal User List").getRowNumbers())): null

2019-02-21 17:13:21 - [TEST_STEP][PASSED] - StrB = findTestData("Internal User List").getValue(2, Counter): null

2019-02-21 17:13:21 - [TEST_STEP][PASSED] - if (StrB.equals(StrA)): null

2019-02-21 17:13:21 - [TEST_STEP][PASSED] - (Counter++): null

2019-02-21 17:13:21 - [TEST_STEP][PASSED] - StrB = findTestData("Internal User List").getValue(2, Counter): null

2019-02-21 17:13:21 - [TEST_STEP][PASSED] - if (StrB.equals(StrA)): null

2019-02-21 17:13:21 - [TEST_STEP][PASSED] - (Counter++): null

2019-02-21 17:13:21 - [TEST_STEP][PASSED] - StrB = findTestData("Internal User List").getValue(2, Counter): null

2019-02-21 17:13:21 - [TEST_STEP][PASSED] - if (StrB.equals(StrA)): null

2019-02-21 17:13:21 - [TEST_STEP][PASSED] - (Counter++): null

2019-02-21 17:13:21 - [TEST_STEP][PASSED] - StrB = findTestData("Internal User List").getValue(2, Counter): null

2019-02-21 17:13:21 - [TEST_STEP][PASSED] - if (StrB.equals(StrA)): null

2019-02-21 17:13:21 - [TEST_STEP][PASSED] - (Counter++): null

2019-02-21 17:13:21 - [TEST_STEP][PASSED] - StrB = findTestData("Internal User List").getValue(2, Counter): null

2019-02-21 17:13:21 - [TEST_STEP][PASSED] - if (StrB.equals(StrA)): null

2019-02-21 17:13:21 - [TEST_STEP][PASSED] - (Counter++): null

2019-02-21 17:13:21 - [TEST_STEP][PASSED] - StrB = findTestData("Internal User List").getValue(2, Counter): null

2019-02-21 17:13:21 - [TEST_STEP][PASSED] - if (StrB.equals(StrA)): null

2019-02-21 17:13:21 - [TEST_STEP][PASSED] - (Counter++): null

2019-02-21 17:13:21 - [TEST_STEP][PASSED] - StrB = findTestData("Internal User List").getValue(2, Counter): null

2019-02-21 17:13:21 - [TEST_STEP][PASSED] - if (StrB.equals(StrA)): null

2019-02-21 17:13:21 - [TEST_STEP][PASSED] - (Counter++): null

2019-02-21 17:13:21 - [TEST_STEP][PASSED] - StrB = findTestData("Internal User List").getValue(2, Counter): null

2019-02-21 17:13:21 - [TEST_STEP][PASSED] - if (StrB.equals(StrA)): null

2019-02-21 17:13:21 - [TEST_STEP][PASSED] - (Counter++): null

2019-02-21 17:13:21 - [TEST_STEP][PASSED] - StrB = findTestData("Internal User List").getValue(2, Counter): null

2019-02-21 17:13:21 - [TEST_STEP][PASSED] - if (StrB.equals(StrA)): null

2019-02-21 17:13:23 - [TEST_STEP][PASSED] - (Counter++): null

2019-02-21 17:13:24 - [TEST_STEP][PASSED] - StrB = findTestData("Internal User List").getValue(2, Counter): null

2019-02-21 17:13:24 - [TEST_STEP][PASSED] - if (StrB.equals(StrA)): null

2019-02-21 17:13:24 - [TEST_STEP][PASSED] - (Counter++): null

2019-02-21 17:13:24 - [TEST_STEP][PASSED] - StrB = findTestData("Internal User List").getValue(2, Counter): null

2019-02-21 17:13:24 - [TEST_STEP][PASSED] - if (StrB.equals(StrA)): null

2019-02-21 17:13:24 - [TEST_STEP][PASSED] - (Counter++): null

2019-02-21 17:13:24 - [TEST_STEP][PASSED] - StrB = findTestData("Internal User List").getValue(2, Counter): null

2019-02-21 17:13:24 - [TEST_STEP][PASSED] - if (StrB.equals(StrA)): null

2019-02-21 17:13:24 - [TEST_STEP][PASSED] - (Counter++): null

2019-02-21 17:13:24 - [TEST_STEP][PASSED] - StrB = findTestData("Internal User List").getValue(2, Counter): null

2019-02-21 17:13:24 - [TEST_STEP][PASSED] - if (StrB.equals(StrA)): null

2019-02-21 17:13:24 - [TEST_STEP][PASSED] - (Counter++): null

2019-02-21 17:13:24 - [TEST_STEP][PASSED] - StrB = findTestData("Internal User List").getValue(2, Counter): null

2019-02-21 17:13:24 - [TEST_STEP][PASSED] - if (StrB.equals(StrA)): null

2019-02-21 17:13:24 - [TEST_STEP][PASSED] - (Counter++): null

2019-02-21 17:13:24 - [TEST_STEP][PASSED] - StrB = findTestData("Internal User List").getValue(2, Counter): null

2019-02-21 17:13:24 - [TEST_STEP][PASSED] - if (StrB.equals(StrA)): null

2019-02-21 17:13:24 - [TEST_STEP][PASSED] - (Counter++): null

2019-02-21 17:13:24 - [TEST_STEP][PASSED] - StrB = findTestData("Internal User List").getValue(2, Counter): null

2019-02-21 17:13:24 - [TEST_STEP][PASSED] - if (StrB.equals(StrA)): null

2019-02-21 17:13:28 - [TEST_STEP][PASSED] - (Counter++): null

2019-02-21 17:13:28 - [TEST_STEP][PASSED] - StrB = findTestData("Internal User List").getValue(2, Counter): null

2019-02-21 17:13:28 - [TEST_STEP][PASSED] - if (StrB.equals(StrA)): null

2019-02-21 17:13:28 - [TEST_STEP][PASSED] - (Counter++): null

2019-02-21 17:13:28 - [TEST_STEP][PASSED] - StrB = findTestData("Internal User List").getValue(2, Counter): null

2019-02-21 17:13:28 - [TEST_STEP][PASSED] - if (StrB.equals(StrA)): null

2019-02-21 17:13:28 - [TEST_STEP][PASSED] - (Counter++): null

2019-02-21 17:13:28 - [TEST_STEP][PASSED] - StrB = findTestData("Internal User List").getValue(2, Counter): null

2019-02-21 17:13:28 - [TEST_STEP][PASSED] - if (StrB.equals(StrA)): null

2019-02-21 17:13:28 - [TEST_STEP][PASSED] - (Counter++): null

2019-02-21 17:13:29 - [TEST_STEP][PASSED] - StrB = findTestData("Internal User List").getValue(2, Counter): null

2019-02-21 17:13:29 - [TEST_STEP][PASSED] - if (StrB.equals(StrA)): null

2019-02-21 17:13:29 - [TEST_STEP][PASSED] - (Counter++): null

2019-02-21 17:13:29 - [TEST_STEP][PASSED] - StrB = findTestData("Internal User List").getValue(2, Counter): null

2019-02-21 17:13:29 - [TEST_STEP][PASSED] - if (StrB.equals(StrA)): null

2019-02-21 17:13:29 - [TEST_STEP][PASSED] - (Counter++): null

2019-02-21 17:13:29 - [TEST_STEP][PASSED] - StrB = findTestData("Internal User List").getValue(2, Counter): null

2019-02-21 17:13:29 - [TEST_STEP][PASSED] - if (StrB.equals(StrA)): null

2019-02-21 17:13:29 - [TEST_STEP][PASSED] - (Counter++): null

2019-02-21 17:13:29 - [TEST_STEP][PASSED] - StrB = findTestData("Internal User List").getValue(2, Counter): null

2019-02-21 17:13:29 - [TEST_STEP][PASSED] - if (StrB.equals(StrA)): null

2019-02-21 17:13:31 - [TEST_STEP][PASSED] - (Counter++): null

2019-02-21 17:13:31 - [TEST_STEP][PASSED] - StrB = findTestData("Internal User List").getValue(2, Counter): null

2019-02-21 17:13:31 - [TEST_STEP][PASSED] - if (StrB.equals(StrA)): null

2019-02-21 17:13:31 - [TEST_STEP][PASSED] - (Counter++): null

2019-02-21 17:13:31 - [TEST_STEP][PASSED] - StrB = findTestData("Internal User List").getValue(2, Counter): null

2019-02-21 17:13:31 - [TEST_STEP][PASSED] - if (StrB.equals(StrA)): null

2019-02-21 17:13:31 - [TEST_STEP][PASSED] - (Counter++): null

2019-02-21 17:13:31 - [TEST_STEP][PASSED] - StrB = findTestData("Internal User List").getValue(2, Counter): null

2019-02-21 17:13:31 - [TEST_STEP][PASSED] - if (StrB.equals(StrA)): null

2019-02-21 17:13:31 - [TEST_STEP][PASSED] - (Counter++): null

2019-02-21 17:13:32 - [TEST_STEP][PASSED] - StrB = findTestData("Internal User List").getValue(2, Counter): null

2019-02-21 17:13:32 - [TEST_STEP][PASSED] - if (StrB.equals(StrA)): null

2019-02-21 17:13:32 - [TEST_STEP][PASSED] - (Counter++): null

2019-02-21 17:13:33 - [TEST_STEP][PASSED] - StrB = findTestData("Internal User List").getValue(2, Counter): null

2019-02-21 17:13:33 - [TEST_STEP][PASSED] - if (StrB.equals(StrA)): null

2019-02-21 17:13:33 - [TEST_STEP][PASSED] - (Counter++): null

2019-02-21 17:13:33 - [TEST_STEP][PASSED] - StrB = findTestData("Internal User List").getValue(2, Counter): null

2019-02-21 17:13:33 - [TEST_STEP][PASSED] - if (StrB.equals(StrA)): null

2019-02-21 17:13:33 - [TEST_STEP][PASSED] - (Counter++): null

2019-02-21 17:13:33 - [TEST_STEP][PASSED] - StrB = findTestData("Internal User List").getValue(2, Counter): null

2019-02-21 17:13:34 - [TEST_STEP][PASSED] - if (StrB.equals(StrA)): null

2019-02-21 17:13:34 - [TEST_STEP][PASSED] - (Counter++): null

2019-02-21 17:13:34 - [TEST_STEP][PASSED] - StrB = findTestData("Internal User List").getValue(2, Counter): null

2019-02-21 17:13:34 - [TEST_STEP][PASSED] - if (StrB.equals(StrA)): null

2019-02-21 17:13:34 - [TEST_STEP][PASSED] - (Counter++): null

2019-02-21 17:13:34 - [TEST_STEP][PASSED] - StrB = findTestData("Internal User List").getValue(2, Counter): null

2019-02-21 17:13:34 - [TEST_STEP][PASSED] - if (StrB.equals(StrA)): null

2019-02-21 17:13:34 - [TEST_STEP][PASSED] - (Counter++): null

2019-02-21 17:13:34 - [TEST_STEP][PASSED] - StrB = findTestData("Internal User List").getValue(2, Counter): null

2019-02-21 17:13:34 - [TEST_STEP][PASSED] - if (StrB.equals(StrA)): null

2019-02-21 17:13:36 - [TEST_STEP][PASSED] - (Counter++): null

2019-02-21 17:13:36 - [TEST_STEP][PASSED] - StrB = findTestData("Internal User List").getValue(2, Counter): null

2019-02-21 17:13:36 - [TEST_STEP][PASSED] - if (StrB.equals(StrA)): null

2019-02-21 17:13:36 - [TEST_STEP][PASSED] - (Counter++): null

2019-02-21 17:13:36 - [TEST_STEP][PASSED] - StrB = findTestData("Internal User List").getValue(2, Counter): null

2019-02-21 17:13:36 - [TEST_STEP][PASSED] - if (StrB.equals(StrA)): null

2019-02-21 17:13:36 - [TEST_STEP][PASSED] - (Counter++): null

2019-02-21 17:13:36 - [TEST_STEP][PASSED] - StrB = findTestData("Internal User List").getValue(2, Counter): null

2019-02-21 17:13:36 - [TEST_STEP][PASSED] - if (StrB.equals(StrA)): null

2019-02-21 17:13:36 - [TEST_STEP][PASSED] - (Counter++): null

2019-02-21 17:13:37 - [TEST_STEP][PASSED] - StrB = findTestData("Internal User List").getValue(2, Counter): null

2019-02-21 17:13:37 - [TEST_STEP][PASSED] - if (StrB.equals(StrA)): null

2019-02-21 17:13:37 - [TEST_STEP][PASSED] - (Counter++): null

2019-02-21 17:13:37 - [TEST_STEP][PASSED] - StrB = findTestData("Internal User List").getValue(2, Counter): null

2019-02-21 17:13:37 - [TEST_STEP][PASSED] - if (StrB.equals(StrA)): null

2019-02-21 17:13:37 - [TEST_STEP][PASSED] - (Counter++): null

2019-02-21 17:13:37 - [TEST_STEP][PASSED] - StrB = findTestData("Internal User List").getValue(2, Counter): null

2019-02-21 17:13:37 - [TEST_STEP][PASSED] - if (StrB.equals(StrA)): null

2019-02-21 17:13:37 - [TEST_STEP][PASSED] - (Counter++): null

2019-02-21 17:13:37 - [TEST_STEP][PASSED] - StrB = findTestData("Internal User List").getValue(2, Counter): null

2019-02-21 17:13:37 - [TEST_STEP][PASSED] - if (StrB.equals(StrA)): null

2019-02-21 17:13:39 - [TEST_STEP][PASSED] - (Counter++): null

2019-02-21 17:13:39 - [TEST_STEP][PASSED] - StrB = findTestData("Internal User List").getValue(2, Counter): null

2019-02-21 17:13:39 - [TEST_STEP][PASSED] - if (StrB.equals(StrA)): null

2019-02-21 17:13:39 - [TEST_STEP][PASSED] - (Counter++): null

2019-02-21 17:13:39 - [TEST_STEP][PASSED] - StrB = findTestData("Internal User List").getValue(2, Counter): null

2019-02-21 17:13:39 - [TEST_STEP][PASSED] - if (StrB.equals(StrA)): null

2019-02-21 17:13:39 - [TEST_STEP][PASSED] - (Counter++): null

2019-02-21 17:13:39 - [TEST_STEP][PASSED] - StrB = findTestData("Internal User List").getValue(2, Counter): null

2019-02-21 17:13:39 - [TEST_STEP][PASSED] - if (StrB.equals(StrA)): null

2019-02-21 17:13:39 - [TEST_STEP][PASSED] - (Counter++): null

2019-02-21 17:13:41 - [TEST_STEP][PASSED] - StrB = findTestData("Internal User List").getValue(2, Counter): null

2019-02-21 17:13:42 - [TEST_STEP][PASSED] - if (StrB.equals(StrA)): null

2019-02-21 17:13:42 - [TEST_STEP][PASSED] - (Counter++): null

2019-02-21 17:13:42 - [TEST_STEP][PASSED] - StrB = findTestData("Internal User List").getValue(2, Counter): null

2019-02-21 17:13:42 - [TEST_STEP][PASSED] - if (StrB.equals(StrA)): null

2019-02-21 17:13:42 - [TEST_STEP][PASSED] - (Counter++): null

2019-02-21 17:13:42 - [TEST_STEP][PASSED] - StrB = findTestData("Internal User List").getValue(2, Counter): null

2019-02-21 17:13:42 - [TEST_STEP][PASSED] - if (StrB.equals(StrA)): null

2019-02-21 17:13:42 - [TEST_STEP][PASSED] - (Counter++): null

2019-02-21 17:13:42 - [TEST_STEP][PASSED] - StrB = findTestData("Internal User List").getValue(2, Counter): null

2019-02-21 17:13:44 - [TEST_STEP][PASSED] - if (StrB.equals(StrA)): null

2019-02-21 17:13:44 - [TEST_STEP][PASSED] - (Counter++): null

2019-02-21 17:13:44 - [TEST_STEP][PASSED] - StrB = findTestData("Internal User List").getValue(2, Counter): null

2019-02-21 17:13:44 - [TEST_STEP][PASSED] - if (StrB.equals(StrA)): null

2019-02-21 17:13:44 - [TEST_STEP][PASSED] - (Counter++): null

2019-02-21 17:13:44 - [TEST_STEP][PASSED] - StrB = findTestData("Internal User List").getValue(2, Counter): null

2019-02-21 17:13:44 - [TEST_STEP][PASSED] - if (StrB.equals(StrA)): null

2019-02-21 17:13:44 - [TEST_STEP][PASSED] - (Counter++): null

2019-02-21 17:13:44 - [TEST_STEP][PASSED] - StrB = findTestData("Internal User List").getValue(2, Counter): null

2019-02-21 17:13:44 - [TEST_STEP][PASSED] - if (StrB.equals(StrA)): null

2019-02-21 17:13:45 - [TEST_STEP][PASSED] - (Counter++): null

2019-02-21 17:13:45 - [TEST_STEP][PASSED] - StrB = findTestData("Internal User List").getValue(2, Counter): null

2019-02-21 17:13:45 - [TEST_STEP][PASSED] - if (StrB.equals(StrA)): null

2019-02-21 17:13:45 - [TEST_STEP][PASSED] - (Counter++): null

2019-02-21 17:13:45 - [TEST_STEP][PASSED] - StrB = findTestData("Internal User List").getValue(2, Counter): null

2019-02-21 17:13:45 - [TEST_STEP][PASSED] - if (StrB.equals(StrA)): null

2019-02-21 17:13:45 - [TEST_STEP][PASSED] - (Counter++): null

2019-02-21 17:13:45 - [TEST_STEP][PASSED] - StrB = findTestData("Internal User List").getValue(2, Counter): null

2019-02-21 17:13:46 - [TEST_STEP][PASSED] - if (StrB.equals(StrA)): null

2019-02-21 17:13:46 - [TEST_STEP][PASSED] - (Counter++): null

2019-02-21 17:13:46 - [TEST_STEP][PASSED] - StrB = findTestData("Internal User List").getValue(2, Counter): null

2019-02-21 17:13:47 - [TEST_STEP][PASSED] - if (StrB.equals(StrA)): null

2019-02-21 17:13:47 - [TEST_STEP][PASSED] - (Counter++): null

2019-02-21 17:13:47 - [TEST_STEP][PASSED] - StrB = findTestData("Internal User List").getValue(2, Counter): null

2019-02-21 17:13:47 - [TEST_STEP][PASSED] - if (StrB.equals(StrA)): null

2019-02-21 17:13:47 - [TEST_STEP][PASSED] - (Counter++): null

2019-02-21 17:13:47 - [TEST_STEP][PASSED] - StrB = findTestData("Internal User List").getValue(2, Counter): null

2019-02-21 17:13:47 - [TEST_STEP][PASSED] - if (StrB.equals(StrA)): null

2019-02-21 17:13:47 - [TEST_STEP][PASSED] - (Counter++): null

2019-02-21 17:13:47 - [TEST_STEP][PASSED] - StrB = findTestData("Internal User List").getValue(2, Counter): null

2019-02-21 17:13:47 - [TEST_STEP][PASSED] - if (StrB.equals(StrA)): null

2019-02-21 17:13:48 - [TEST_STEP][PASSED] - (Counter++): null

2019-02-21 17:13:48 - [TEST_STEP][PASSED] - StrB = findTestData("Internal User List").getValue(2, Counter): null

2019-02-21 17:13:48 - [TEST_STEP][PASSED] - if (StrB.equals(StrA)): null

2019-02-21 17:13:48 - [TEST_STEP][PASSED] - (Counter++): null

2019-02-21 17:13:48 - [TEST_STEP][PASSED] - StrB = findTestData("Internal User List").getValue(2, Counter): null

2019-02-21 17:13:48 - [TEST_STEP][PASSED] - if (StrB.equals(StrA)): null

2019-02-21 17:13:48 - [TEST_STEP][PASSED] - (Counter++): null

2019-02-21 17:13:48 - [TEST_STEP][PASSED] - StrB = findTestData("Internal User List").getValue(2, Counter): null

2019-02-21 17:13:48 - [TEST_STEP][PASSED] - if (StrB.equals(StrA)): null

2019-02-21 17:13:48 - [TEST_STEP][PASSED] - (Counter++): null

2019-02-21 17:13:49 - [TEST_STEP][PASSED] - StrB = findTestData("Internal User List").getValue(2, Counter): null

2019-02-21 17:13:49 - [TEST_STEP][PASSED] - if (StrB.equals(StrA)): null

2019-02-21 17:13:49 - [TEST_STEP][PASSED] - (Counter++): null

2019-02-21 17:13:49 - [TEST_STEP][PASSED] - StrB = findTestData("Internal User List").getValue(2, Counter): null

2019-02-21 17:13:49 - [TEST_STEP][PASSED] - if (StrB.equals(StrA)): null

2019-02-21 17:13:49 - [TEST_STEP][PASSED] - (Counter++): null

2019-02-21 17:13:49 - [TEST_STEP][PASSED] - StrB = findTestData("Internal User List").getValue(2, Counter): null

2019-02-21 17:13:49 - [TEST_STEP][PASSED] - if (StrB.equals(StrA)): null

2019-02-21 17:13:49 - [TEST_STEP][PASSED] - (Counter++): null

2019-02-21 17:13:49 - [TEST_STEP][PASSED] - StrB = findTestData("Internal User List").getValue(2, Counter): null

2019-02-21 17:13:50 - [TEST_STEP][PASSED] - if (StrB.equals(StrA)): null

2019-02-21 17:13:50 - [TEST_STEP][PASSED] - (Counter++): null

2019-02-21 17:13:50 - [TEST_STEP][PASSED] - StrB = findTestData("Internal User List").getValue(2, Counter): null

2019-02-21 17:13:50 - [TEST_STEP][PASSED] - if (StrB.equals(StrA)): null

2019-02-21 17:13:50 - [TEST_STEP][PASSED] - (Counter++): null

2019-02-21 17:13:50 - [TEST_STEP][PASSED] - StrB = findTestData("Internal User List").getValue(2, Counter): null

2019-02-21 17:13:50 - [TEST_STEP][PASSED] - if (StrB.equals(StrA)): null

2019-02-21 17:13:50 - [TEST_STEP][PASSED] - (Counter++): null

2019-02-21 17:13:50 - [TEST_STEP][PASSED] - StrB = findTestData("Internal User List").getValue(2, Counter): null

2019-02-21 17:13:50 - [TEST_STEP][PASSED] - if (StrB.equals(StrA)): null

2019-02-21 17:13:51 - [TEST_STEP][PASSED] - (Counter++): null

2019-02-21 17:13:51 - [TEST_STEP][PASSED] - StrB = findTestData("Internal User List").getValue(2, Counter): null

2019-02-21 17:13:51 - [TEST_STEP][PASSED] - if (StrB.equals(StrA)): null

2019-02-21 17:13:51 - [TEST_STEP][PASSED] - (Counter++): null

2019-02-21 17:13:51 - [TEST_STEP][PASSED] - StrB = findTestData("Internal User List").getValue(2, Counter): null

2019-02-21 17:13:51 - [TEST_STEP][PASSED] - if (StrB.equals(StrA)): null

2019-02-21 17:13:51 - [TEST_STEP][PASSED] - (Counter++): null

2019-02-21 17:13:51 - [TEST_STEP][PASSED] - StrB = findTestData("Internal User List").getValue(2, Counter): null

2019-02-21 17:13:51 - [TEST_STEP][PASSED] - if (StrB.equals(StrA)): null

2019-02-21 17:13:51 - [TEST_STEP][PASSED] - (Counter++): null

2019-02-21 17:13:51 - [TEST_STEP][PASSED] - StrB = findTestData("Internal User List").getValue(2, Counter): null

2019-02-21 17:13:52 - [TEST_STEP][PASSED] - if (StrB.equals(StrA)): null

2019-02-21 17:13:52 - [TEST_STEP][PASSED] - (Counter++): null

2019-02-21 17:13:52 - [TEST_STEP][PASSED] - StrB = findTestData("Internal User List").getValue(2, Counter): null

2019-02-21 17:13:52 - [TEST_STEP][PASSED] - if (StrB.equals(StrA)): null

2019-02-21 17:13:52 - [TEST_STEP][PASSED] - (Counter++): null

2019-02-21 17:13:52 - [TEST_STEP][PASSED] - StrB = findTestData("Internal User List").getValue(2, Counter): null

2019-02-21 17:13:52 - [TEST_STEP][PASSED] - if (StrB.equals(StrA)): null

2019-02-21 17:13:52 - [TEST_STEP][PASSED] - (Counter++): null

2019-02-21 17:13:52 - [TEST_STEP][PASSED] - StrB = findTestData("Internal User List").getValue(2, Counter): null

2019-02-21 17:13:52 - [TEST_STEP][PASSED] - if (StrB.equals(StrA)): null

2019-02-21 17:13:52 - [TEST_STEP][PASSED] - (Counter++): null

2019-02-21 17:13:52 - [TEST_STEP][PASSED] - StrB = findTestData("Internal User List").getValue(2, Counter): null

2019-02-21 17:13:52 - [TEST_STEP][PASSED] - if (StrB.equals(StrA)): null

2019-02-21 17:13:52 - [TEST_STEP][PASSED] - (Counter++): null

2019-02-21 17:13:52 - [TEST_STEP][PASSED] - StrB = findTestData("Internal User List").getValue(2, Counter): null

2019-02-21 17:13:52 - [TEST_STEP][PASSED] - if (StrB.equals(StrA)): null

2019-02-21 17:13:52 - [TEST_STEP][PASSED] - (Counter++): null

2019-02-21 17:13:52 - [TEST_STEP][PASSED] - StrB = findTestData("Internal User List").getValue(2, Counter): null

2019-02-21 17:13:53 - [TEST_STEP][PASSED] - if (StrB.equals(StrA)): null

2019-02-21 17:13:53 - [TEST_STEP][PASSED] - StrEmail = findTestData("Internal User List").getValue(1, Counter): null

2019-02-21 17:13:53 - [TEST_STEP][PASSED] - InternalEmail = StrEmail: null

2019-02-21 17:13:53 - [TEST_STEP][PASSED] - out.println(StrEmail): null

2019-02-21 17:13:53 - [TEST_STEP][PASSED] - (Counter++): null

2019-02-21 17:13:53 - [MESSAGE][PASSED] - Call Test Case 'Test Cases/All TC/Arranged/1. Common/Internal Email Finder' successfully

2019-02-21 17:13:53 - [TEST_STEP][PASSED] - setText(findTestObject("KinJun/3.1 RIA Application/EIO Internal Login - RIA Application - Approve/Page_PERKESO/Input username"), InternalEmail): Text 'hazah.mahmad@perkeso.gov.my' is set on object 'Object Repository/KinJun/3.1 RIA Application/EIO Internal Login - RIA Application - Approve/Page_PERKESO/Input username'

2019-02-21 17:13:54 - [MESSAGE][PASSED] - Text 'hazah.mahmad@perkeso.gov.my' is set on object 'Object Repository/KinJun/3.1 RIA Application/EIO Internal Login - RIA Application - Approve/Page_PERKESO/Input username'

2019-02-21 17:13:54 - [TEST_STEP][PASSED] - setEncryptedText(findTestObject("KinJun/3.1 RIA Application/EIO Internal Login - RIA Application - Approve/Page_PERKESO/Input password"), "CQqwFZlbeC8="): Text ****** has been set on object 'Object Repository/KinJun/3.1 RIA Application/EIO Internal Login - RIA Application - Approve/Page_PERKESO/Input password'

2019-02-21 17:13:54 - [MESSAGE][PASSED] - Text ****** has been set on object 'Object Repository/KinJun/3.1 RIA Application/EIO Internal Login - RIA Application - Approve/Page_PERKESO/Input password'

2019-02-21 17:13:54 - [TEST_STEP][PASSED] - click(findTestObject("KinJun/3.1 RIA Application/EIO Internal Login - RIA Application - Approve/Page_PERKESO/Btn Login")): Object: 'Object Repository/KinJun/3.1 RIA Application/EIO Internal Login - RIA Application - Approve/Page_PERKESO/Btn Login' is clicked on

2019-02-21 17:13:55 - [MESSAGE][PASSED] - Object: 'Object Repository/KinJun/3.1 RIA Application/EIO Internal Login - RIA Application - Approve/Page_PERKESO/Btn Login' is clicked on

2019-02-21 17:13:55 - [TEST_STEP][PASSED] - delay(3): Delayed 3 second(s)

2019-02-21 17:13:58 - [MESSAGE][PASSED] - Delayed 3 second(s)

2019-02-21 17:13:58 - [TEST_STEP][PASSED] - click(findTestObject("KinJun/3.1 RIA Application/EIO Internal Login - RIA Application - Approve/Page_PERKESO/Click workbasket")): Object: 'Object Repository/KinJun/3.1 RIA Application/EIO Internal Login - RIA Application - Approve/Page_PERKESO/Click workbasket' is clicked on

2019-02-21 17:13:59 - [MESSAGE][PASSED] - Object: 'Object Repository/KinJun/3.1 RIA Application/EIO Internal Login - RIA Application - Approve/Page_PERKESO/Click workbasket' is clicked on

2019-02-21 17:13:59 - [TEST_STEP][PASSED] - delay(3): Delayed 3 second(s)

2019-02-21 17:14:02 - [MESSAGE][PASSED] - Delayed 3 second(s)

2019-02-21 17:14:02 - [TEST_STEP][PASSED] - click(findTestObject("KinJun/3.1 RIA Application/EIO Internal Login - RIA Application - Approve/Page_PERKESO/Click Search Case")): Object: 'Object Repository/KinJun/3.1 RIA Application/EIO Internal Login - RIA Application - Approve/Page_PERKESO/Click Search Case' is clicked on

2019-02-21 17:14:02 - [MESSAGE][PASSED] - Object: 'Object Repository/KinJun/3.1 RIA Application/EIO Internal Login - RIA Application - Approve/Page_PERKESO/Click Search Case' is clicked on

2019-02-21 17:14:02 - [TEST_STEP][PASSED] - callTestCase(findTestCase("All TC/Arranged/1. Common/1.1 Getter/Getter IC"), [:], STOP_ON_FAILURE): Call Test Case 'Test Cases/All TC/Arranged/1. Common/1.1 Getter/Getter IC' successfully

2019-02-21 17:14:02 - [TEST_CASE][PASSED] - Test Cases/All TC/Arranged/1. Common/1.1 Getter/Getter IC: Test Cases/All TC/Arranged/1. Common/1.1 Getter/Getter IC

2019-02-21 17:14:02 - [TEST_STEP][PASSED] - try: null

2019-02-21 17:14:02 - [TEST_STEP][PASSED] - RefNo = new java.io.File((internal.GlobalVariable.TextFilePathCommon + \getIC.txt)): null

2019-02-21 17:14:02 - [TEST_STEP][PASSED] - bufferread = new java.io.BufferedReader(new java.io.FileReader(RefNo)): null

2019-02-21 17:14:02 - [TEST_STEP][PASSED] - readedVal = bufferread.readLine(): null

2019-02-21 17:14:02 - [TEST_STEP][PASSED] - out.println(IC): null

2019-02-21 17:14:02 - [TEST_STEP][PASSED] - out.println(readedVal): null

2019-02-21 17:14:02 - [TEST_STEP][PASSED] - IC = "": null

2019-02-21 17:14:02 - [TEST_STEP][PASSED] - IC = readedVal: null

2019-02-21 17:14:02 - [MESSAGE][PASSED] - Call Test Case 'Test Cases/All TC/Arranged/1. Common/1.1 Getter/Getter IC' successfully

2019-02-21 17:14:02 - [TEST_STEP][PASSED] - setText(findTestObject("KinJun/3.1 RIA Application/EIO Internal Login - RIA Application - Approve/Page_PERKESO/Input IC"), IC): Text '710628015707' is set on object 'Object Repository/KinJun/3.1 RIA Application/EIO Internal Login - RIA Application - Approve/Page_PERKESO/Input IC'

2019-02-21 17:14:03 - [MESSAGE][PASSED] - Text '710628015707' is set on object 'Object Repository/KinJun/3.1 RIA Application/EIO Internal Login - RIA Application - Approve/Page_PERKESO/Input IC'

2019-02-21 17:14:03 - [TEST_STEP][PASSED] - click(findTestObject("KinJun/3.1 RIA Application/EIO Internal Login - RIA Application - Approve/Page_PERKESO/Btn SearchIC")): Object: 'Object Repository/KinJun/3.1 RIA Application/EIO Internal Login - RIA Application - Approve/Page_PERKESO/Btn SearchIC' is clicked on

2019-02-21 17:14:03 - [MESSAGE][PASSED] - Object: 'Object Repository/KinJun/3.1 RIA Application/EIO Internal Login - RIA Application - Approve/Page_PERKESO/Btn SearchIC' is clicked on

2019-02-21 17:14:03 - [TEST_STEP][PASSED] - delay(3): Delayed 3 second(s)

2019-02-21 17:14:06 - [MESSAGE][PASSED] - Delayed 3 second(s)

2019-02-21 17:14:06 - [TEST_STEP][PASSED] - click(findTestObject("KinJun/3.1 RIA Application/EIO Internal Login - RIA Application - Approve/Page_PERKESO/Click CaseID")): Object: 'Object Repository/KinJun/3.1 RIA Application/EIO Internal Login - RIA Application - Approve/Page_PERKESO/Click CaseID' is clicked on

2019-02-21 17:14:07 - [MESSAGE][PASSED] - Object: 'Object Repository/KinJun/3.1 RIA Application/EIO Internal Login - RIA Application - Approve/Page_PERKESO/Click CaseID' is clicked on

2019-02-21 17:14:07 - [TEST_STEP][PASSED] - delay(3): Delayed 3 second(s)

2019-02-21 17:14:10 - [MESSAGE][PASSED] - Delayed 3 second(s)

2019-02-21 17:14:10 - [TEST_STEP][PASSED] - acceptAlert(): Alert accepted

2019-02-21 17:14:10 - [MESSAGE][PASSED] - Alert accepted

2019-02-21 17:14:10 - [TEST_STEP][PASSED] - delay(3): Delayed 3 second(s)

2019-02-21 17:14:13 - [MESSAGE][PASSED] - Delayed 3 second(s)

2019-02-21 17:14:13 - [TEST_STEP][PASSED] - click(findTestObject("KinJun/3.1 RIA Application/EIO Internal Login - RIA Application - Approve/Page_PERKESO/Click EIO minute")): Object: 'Object Repository/KinJun/3.1 RIA Application/EIO Internal Login - RIA Application - Approve/Page_PERKESO/Click EIO minute' is clicked on

2019-02-21 17:14:13 - [MESSAGE][PASSED] - Object: 'Object Repository/KinJun/3.1 RIA Application/EIO Internal Login - RIA Application - Approve/Page_PERKESO/Click EIO minute' is clicked on

2019-02-21 17:14:13 - [TEST_STEP][PASSED] - delay(3): Delayed 3 second(s)

2019-02-21 17:14:16 - [MESSAGE][PASSED] - Delayed 3 second(s)

2019-02-21 17:14:16 - [TEST_STEP][PASSED] - setText(findTestObject("KinJun/3.1 RIA Application/EIO Internal Login - RIA Application - Approve/Page_PERKESO/Input contribution"), "4000"): Text '4000' is set on object 'Object Repository/KinJun/3.1 RIA Application/EIO Internal Login - RIA Application - Approve/Page_PERKESO/Input contribution'

2019-02-21 17:14:16 - [MESSAGE][PASSED] - Text '4000' is set on object 'Object Repository/KinJun/3.1 RIA Application/EIO Internal Login - RIA Application - Approve/Page_PERKESO/Input contribution'

2019-02-21 17:14:16 - [TEST_STEP][PASSED] - delay(3): Delayed 3 second(s)

2019-02-21 17:14:19 - [MESSAGE][PASSED] - Delayed 3 second(s)

2019-02-21 17:14:19 - [TEST_STEP][PASSED] - click(findTestObject("KinJun/3.1 RIA Application/EIO Internal Login - RIA Application - Approve/Page_PERKESO/Span benefit type")): Object: 'Object Repository/KinJun/3.1 RIA Application/EIO Internal Login - RIA Application - Approve/Page_PERKESO/Span benefit type' is clicked on

2019-02-21 17:14:20 - [MESSAGE][PASSED] - Object: 'Object Repository/KinJun/3.1 RIA Application/EIO Internal Login - RIA Application - Approve/Page_PERKESO/Span benefit type' is clicked on

2019-02-21 17:14:20 - [TEST_STEP][PASSED] - click(findTestObject("KinJun/3.1 RIA Application/EIO Internal Login - RIA Application - Approve/Page_PERKESO/DD benefit type")): Object: 'Object Repository/KinJun/3.1 RIA Application/EIO Internal Login - RIA Application - Approve/Page_PERKESO/DD benefit type' is clicked on

2019-02-21 17:14:20 - [MESSAGE][PASSED] - Object: 'Object Repository/KinJun/3.1 RIA Application/EIO Internal Login - RIA Application - Approve/Page_PERKESO/DD benefit type' is clicked on

2019-02-21 17:14:20 - [TEST_STEP][PASSED] - click(findTestObject("KinJun/3.1 RIA Application/EIO Internal Login - RIA Application - Approve/Page_PERKESO/Span LOE")): Object: 'Object Repository/KinJun/3.1 RIA Application/EIO Internal Login - RIA Application - Approve/Page_PERKESO/Span LOE' is clicked on

2019-02-21 17:14:20 - [MESSAGE][PASSED] - Object: 'Object Repository/KinJun/3.1 RIA Application/EIO Internal Login - RIA Application - Approve/Page_PERKESO/Span LOE' is clicked on

2019-02-21 17:14:20 - [TEST_STEP][PASSED] - click(findTestObject("KinJun/3.1 RIA Application/EIO Internal Login - RIA Application - Approve/Page_PERKESO/DD LOE")): Object: 'Object Repository/KinJun/3.1 RIA Application/EIO Internal Login - RIA Application - Approve/Page_PERKESO/DD LOE' is clicked on

2019-02-21 17:14:20 - [MESSAGE][PASSED] - Object: 'Object Repository/KinJun/3.1 RIA Application/EIO Internal Login - RIA Application - Approve/Page_PERKESO/DD LOE' is clicked on

2019-02-21 17:14:20 - [TEST_STEP][PASSED] - setText(findTestObject("KinJun/3.1 RIA Application/EIO Internal Login - RIA Application - Approve/Page_PERKESO/Remarks"), "okay"): Text 'okay' is set on object 'Object Repository/KinJun/3.1 RIA Application/EIO Internal Login - RIA Application - Approve/Page_PERKESO/Remarks'

2019-02-21 17:14:20 - [MESSAGE][PASSED] - Text 'okay' is set on object 'Object Repository/KinJun/3.1 RIA Application/EIO Internal Login - RIA Application - Approve/Page_PERKESO/Remarks'

2019-02-21 17:14:20 - [TEST_STEP][PASSED] - click(findTestObject("KinJun/3.1 RIA Application/EIO Internal Login - RIA Application - Approve/Page_PERKESO/Btn Update")): Object: 'Object Repository/KinJun/3.1 RIA Application/EIO Internal Login - RIA Application - Approve/Page_PERKESO/Btn Update' is clicked on

2019-02-21 17:14:20 - [MESSAGE][PASSED] - Object: 'Object Repository/KinJun/3.1 RIA Application/EIO Internal Login - RIA Application - Approve/Page_PERKESO/Btn Update' is clicked on

2019-02-21 17:14:20 - [TEST_STEP][PASSED] - delay(10): Delayed 10 second(s)

2019-02-21 17:14:30 - [MESSAGE][PASSED] - Delayed 10 second(s)

2019-02-21 17:14:30 - [TEST_STEP][PASSED] - acceptAlert(): Alert accepted

2019-02-21 17:14:30 - [MESSAGE][PASSED] - Alert accepted

2019-02-21 17:14:30 - [TEST_STEP][PASSED] - delay(3): Delayed 3 second(s)

2019-02-21 17:14:33 - [MESSAGE][PASSED] - Delayed 3 second(s)

2019-02-21 17:14:33 - [TEST_STEP][PASSED] - click(findTestObject("KinJun/3.1 RIA Application/EIO Internal Login - RIA Application - Approve/Page_PERKESO/Btn submit")): Object: 'Object Repository/KinJun/3.1 RIA Application/EIO Internal Login - RIA Application - Approve/Page_PERKESO/Btn submit' is clicked on

2019-02-21 17:14:34 - [MESSAGE][PASSED] - Object: 'Object Repository/KinJun/3.1 RIA Application/EIO Internal Login - RIA Application - Approve/Page_PERKESO/Btn submit' is clicked on

2019-02-21 17:14:34 - [TEST_STEP][PASSED] - delay(3): Delayed 3 second(s)

2019-02-21 17:14:37 - [MESSAGE][PASSED] - Delayed 3 second(s)

2019-02-21 17:14:37 - [TEST_STEP][PASSED] - click(findTestObject("KinJun/3.1 RIA Application/EIO Internal Login - RIA Application - Approve/Page_PERKESO/Click username")): Object: 'Object Repository/KinJun/3.1 RIA Application/EIO Internal Login - RIA Application - Approve/Page_PERKESO/Click username' is clicked on

2019-02-21 17:14:37 - [MESSAGE][PASSED] - Object: 'Object Repository/KinJun/3.1 RIA Application/EIO Internal Login - RIA Application - Approve/Page_PERKESO/Click username' is clicked on

2019-02-21 17:14:37 - [TEST_STEP][PASSED] - delay(3): Delayed 3 second(s)

2019-02-21 17:14:40 - [MESSAGE][PASSED] - Delayed 3 second(s)

2019-02-21 17:14:40 - [TEST_STEP][PASSED] - click(findTestObject("KinJun/3.1 RIA Application/EIO Internal Login - RIA Application - Approve/Page_PERKESO/Log Out")): Object: 'Object Repository/KinJun/3.1 RIA Application/EIO Internal Login - RIA Application - Approve/Page_PERKESO/Log Out' is clicked on

2019-02-21 17:14:41 - [MESSAGE][PASSED] - Object: 'Object Repository/KinJun/3.1 RIA Application/EIO Internal Login - RIA Application - Approve/Page_PERKESO/Log Out' is clicked on

2019-02-21 17:14:41 - [TEST_STEP][PASSED] - callTestCase(findTestCase("All TC/Arranged/2. Segment/2.2 Check Status/Check Status - Case ID"), [:], STOP_ON_FAILURE): Call Test Case 'Test Cases/All TC/Arranged/2. Segment/2.2 Check Status/Check Status - Case ID' successfully

2019-02-21 17:14:41 - [TEST_CASE][PASSED] - Test Cases/All TC/Arranged/2. Segment/2.2 Check Status/Check Status - Case ID: Test Cases/All TC/Arranged/2. Segment/2.2 Check Status/Check Status - Case ID

2019-02-21 17:14:41 - [TEST_STEP][PASSED] - openBrowser(""): Browser is opened with url: ''

2019-02-21 17:14:41 - [MESSAGE][WARNING] - A browser is already opened. Closing browser and opening a new one

2019-02-21 17:14:41 - [MESSAGE][INFO] - Starting 'Chrome' driver

2019-02-21 17:14:41 - [MESSAGE][INFO] - User set preference: ['args', '[--start-maximized]']

2019-02-21 17:14:44 - [MESSAGE][PASSED] - Browser is opened with url: ''

2019-02-21 17:14:44 - [TEST_STEP][PASSED] - navigateToUrl(Internal_Login): Navigate to 'http://10.20.24.188/eisportal/user/login' successfully

2019-02-21 17:14:44 - [MESSAGE][PASSED] - Navigate to 'http://10.20.24.188/eisportal/user/login' successfully

2019-02-21 17:14:44 - [TEST_STEP][PASSED] - setText(findTestObject("KinJun/2.0 Check Status/Check Status - Case ID/Page_PERKESO/Input Username"), "nadia.harun@perkeso.gov.my"): Text 'nadia.harun@perkeso.gov.my' is set on object 'Object Repository/KinJun/2.0 Check Status/Check Status - Case ID/Page_PERKESO/Input Username'

2019-02-21 17:14:45 - [MESSAGE][PASSED] - Text 'nadia.harun@perkeso.gov.my' is set on object 'Object Repository/KinJun/2.0 Check Status/Check Status - Case ID/Page_PERKESO/Input Username'

2019-02-21 17:14:45 - [TEST_STEP][PASSED] - setEncryptedText(findTestObject("KinJun/2.0 Check Status/Check Status - Case ID/Page_PERKESO/Input Password"), "CQqwFZlbeC8="): Text ****** has been set on object 'Object Repository/KinJun/2.0 Check Status/Check Status - Case ID/Page_PERKESO/Input Password'

2019-02-21 17:14:47 - [MESSAGE][PASSED] - Text ****** has been set on object 'Object Repository/KinJun/2.0 Check Status/Check Status - Case ID/Page_PERKESO/Input Password'

2019-02-21 17:14:47 - [TEST_STEP][PASSED] - click(findTestObject("KinJun/2.0 Check Status/Check Status - Case ID/Page_PERKESO/Btn Login")): Object: 'Object Repository/KinJun/2.0 Check Status/Check Status - Case ID/Page_PERKESO/Btn Login' is clicked on

2019-02-21 17:14:48 - [MESSAGE][PASSED] - Object: 'Object Repository/KinJun/2.0 Check Status/Check Status - Case ID/Page_PERKESO/Btn Login' is clicked on

2019-02-21 17:14:48 - [TEST_STEP][PASSED] - delay(3): Delayed 3 second(s)

2019-02-21 17:14:51 - [MESSAGE][PASSED] - Delayed 3 second(s)

2019-02-21 17:14:51 - [TEST_STEP][PASSED] - callTestCase(findTestCase("All TC/Arranged/1. Common/1.1 Getter/Getter IC"), [:], STOP_ON_FAILURE): Call Test Case 'Test Cases/All TC/Arranged/1. Common/1.1 Getter/Getter IC' successfully

2019-02-21 17:14:51 - [TEST_CASE][PASSED] - Test Cases/All TC/Arranged/1. Common/1.1 Getter/Getter IC: Test Cases/All TC/Arranged/1. Common/1.1 Getter/Getter IC

2019-02-21 17:14:51 - [TEST_STEP][PASSED] - try: null

2019-02-21 17:14:51 - [TEST_STEP][PASSED] - RefNo = new java.io.File((internal.GlobalVariable.TextFilePathCommon + \getIC.txt)): null

2019-02-21 17:14:51 - [TEST_STEP][PASSED] - bufferread = new java.io.BufferedReader(new java.io.FileReader(RefNo)): null

2019-02-21 17:14:51 - [TEST_STEP][PASSED] - readedVal = bufferread.readLine(): null

2019-02-21 17:14:51 - [TEST_STEP][PASSED] - out.println(IC): null

2019-02-21 17:14:51 - [TEST_STEP][PASSED] - out.println(readedVal): null

2019-02-21 17:14:51 - [TEST_STEP][PASSED] - IC = "": null

2019-02-21 17:14:51 - [TEST_STEP][PASSED] - IC = readedVal: null

2019-02-21 17:14:51 - [MESSAGE][PASSED] - Call Test Case 'Test Cases/All TC/Arranged/1. Common/1.1 Getter/Getter IC' successfully

2019-02-21 17:14:51 - [TEST_STEP][PASSED] - setText(findTestObject("KinJun/2.0 Check Status/Check Status - Case ID/Page_PERKESO/Input IC"), IC): Text '710628015707' is set on object 'Object Repository/KinJun/2.0 Check Status/Check Status - Case ID/Page_PERKESO/Input IC'

2019-02-21 17:14:51 - [MESSAGE][PASSED] - Text '710628015707' is set on object 'Object Repository/KinJun/2.0 Check Status/Check Status - Case ID/Page_PERKESO/Input IC'

2019-02-21 17:14:51 - [TEST_STEP][PASSED] - delay(3): Delayed 3 second(s)

2019-02-21 17:14:54 - [MESSAGE][PASSED] - Delayed 3 second(s)

2019-02-21 17:14:54 - [TEST_STEP][PASSED] - click(findTestObject("KinJun/2.0 Check Status/Check Status - Case ID/Page_PERKESO/Btn Check")): Object: 'Object Repository/KinJun/2.0 Check Status/Check Status - Case ID/Page_PERKESO/Btn Check' is clicked on

2019-02-21 17:14:54 - [MESSAGE][PASSED] - Object: 'Object Repository/KinJun/2.0 Check Status/Check Status - Case ID/Page_PERKESO/Btn Check' is clicked on

2019-02-21 17:14:54 - [TEST_STEP][PASSED] - UserName = getText(findTestObject("KinJun/2.0 Check Status/Check Status - Case ID/Page_PERKESO/TD Username")): Text of object 'Object Repository/KinJun/2.0 Check Status/Check Status - Case ID/Page_PERKESO/TD Username' is: 'JAMALLUDDINMOHAMMAD'

2019-02-21 17:14:54 - [MESSAGE][PASSED] - Text of object 'Object Repository/KinJun/2.0 Check Status/Check Status - Case ID/Page_PERKESO/TD Username' is: 'JAMALLUDDINMOHAMMAD'

2019-02-21 17:14:54 - [TEST_STEP][PASSED] - callTestCase(findTestCase("All TC/Arranged/1. Common/1.2 Setter/Setter UserName"), [:], STOP_ON_FAILURE): Call Test Case 'Test Cases/All TC/Arranged/1. Common/1.2 Setter/Setter UserName' successfully

2019-02-21 17:14:55 - [TEST_CASE][PASSED] - Test Cases/All TC/Arranged/1. Common/1.2 Setter/Setter UserName: Test Cases/All TC/Arranged/1. Common/1.2 Setter/Setter UserName

2019-02-21 17:14:55 - [TEST_STEP][PASSED] - RefNoOldFile = new java.io.File((internal.GlobalVariable.TextFilePathCommon + \getUser.txt)): null

2019-02-21 17:14:55 - [TEST_STEP][PASSED] - RefNoOldFile.delete(): null

2019-02-21 17:14:55 - [TEST_STEP][PASSED] - delay(5): Delayed 5 second(s)

2019-02-21 17:15:00 - [MESSAGE][PASSED] - Delayed 5 second(s)

2019-02-21 17:15:00 - [TEST_STEP][PASSED] - RefNo = new java.io.File((internal.GlobalVariable.TextFilePathCommon + \getUser.txt)): null

2019-02-21 17:15:00 - [TEST_STEP][PASSED] - f2 = new java.io.FileWriter(RefNo, false): null

2019-02-21 17:15:00 - [TEST_STEP][PASSED] - f2.write(UserName): null

2019-02-21 17:15:00 - [TEST_STEP][PASSED] - f2.close(): null

2019-02-21 17:15:00 - [TEST_STEP][PASSED] - out.println("


" + UserName + "


"): null

2019-02-21 17:15:00 - [MESSAGE][PASSED] - Call Test Case 'Test Cases/All TC/Arranged/1. Common/1.2 Setter/Setter UserName' successfully

2019-02-21 17:15:00 - [TEST_STEP][PASSED] - click(findTestObject("KinJun/2.0 Check Status/Check Status - Case ID/Page_PERKESO/Click Username")): Object: 'Object Repository/KinJun/2.0 Check Status/Check Status - Case ID/Page_PERKESO/Click Username' is clicked on

2019-02-21 17:15:00 - [MESSAGE][PASSED] - Object: 'Object Repository/KinJun/2.0 Check Status/Check Status - Case ID/Page_PERKESO/Click Username' is clicked on

2019-02-21 17:15:00 - [TEST_STEP][PASSED] - delay(3): Delayed 3 second(s)

2019-02-21 17:15:03 - [MESSAGE][PASSED] - Delayed 3 second(s)

2019-02-21 17:15:03 - [TEST_STEP][PASSED] - click(findTestObject("KinJun/2.0 Check Status/Check Status - Case ID/Page_PERKESO/Log Out")): Object: 'Object Repository/KinJun/2.0 Check Status/Check Status - Case ID/Page_PERKESO/Log Out' is clicked on

2019-02-21 17:15:03 - [MESSAGE][PASSED] - Object: 'Object Repository/KinJun/2.0 Check Status/Check Status - Case ID/Page_PERKESO/Log Out' is clicked on

2019-02-21 17:15:03 - [MESSAGE][PASSED] - Call Test Case 'Test Cases/All TC/Arranged/2. Segment/2.2 Check Status/Check Status - Case ID' successfully

2019-02-21 17:15:03 - [MESSAGE][PASSED] - Call Test Case 'Test Cases/All TC/Arranged/2. Segment/2.31 RIA Application/EIO Internal Login - RIA Application - Approve' successfully

2019-02-21 17:15:03 - [TEST_STEP][PASSED] - callTestCase(findTestCase("All TC/Arranged/2. Segment/2.31 RIA Application/SEIO Internal Login - RIA Application - Approve"), [:], STOP_ON_FAILURE): Call Test Case 'Test Cases/All TC/Arranged/2. Segment/2.31 RIA Application/SEIO Internal Login - RIA Application - Approve' successfully

2019-02-21 17:15:03 - [TEST_CASE][PASSED] - Test Cases/All TC/Arranged/2. Segment/2.31 RIA Application/SEIO Internal Login - RIA Application - Approve: Test Cases/All TC/Arranged/2. Segment/2.31 RIA Application/SEIO Internal Login - RIA Application - Approve

2019-02-21 17:15:04 - [TEST_STEP][PASSED] - openBrowser(""): Browser is opened with url: ''

2019-02-21 17:15:04 - [MESSAGE][WARNING] - A browser is already opened. Closing browser and opening a new one

2019-02-21 17:15:05 - [MESSAGE][INFO] - Starting 'Chrome' driver

2019-02-21 17:15:05 - [MESSAGE][INFO] - User set preference: ['args', '[--start-maximized]']

2019-02-21 17:15:07 - [MESSAGE][PASSED] - Browser is opened with url: ''

2019-02-21 17:15:07 - [TEST_STEP][PASSED] - navigateToUrl(Internal_Login): Navigate to 'http://10.20.24.188/eisportal/user/login' successfully

2019-02-21 17:15:07 - [MESSAGE][PASSED] - Navigate to 'http://10.20.24.188/eisportal/user/login' successfully

2019-02-21 17:15:07 - [TEST_STEP][PASSED] - callTestCase(findTestCase("All TC/Arranged/1. Common/Internal Email Finder"), [:], STOP_ON_FAILURE): Call Test Case 'Test Cases/All TC/Arranged/1. Common/Internal Email Finder' successfully

2019-02-21 17:15:07 - [TEST_CASE][PASSED] - Test Cases/All TC/Arranged/1. Common/Internal Email Finder: Test Cases/All TC/Arranged/1. Common/Internal Email Finder

2019-02-21 17:15:07 - [TEST_STEP][PASSED] - callTestCase(findTestCase("All TC/Arranged/1. Common/1.1 Getter/Getter UserName"), [:], CONTINUE_ON_FAILURE): Call Test Case 'Test Cases/All TC/Arranged/1. Common/1.1 Getter/Getter UserName' successfully

2019-02-21 17:15:08 - [TEST_CASE][PASSED] - Test Cases/All TC/Arranged/1. Common/1.1 Getter/Getter UserName: Test Cases/All TC/Arranged/1. Common/1.1 Getter/Getter UserName

2019-02-21 17:15:08 - [TEST_STEP][PASSED] - try: null

2019-02-21 17:15:08 - [TEST_STEP][PASSED] - RefNo = new java.io.File((internal.GlobalVariable.TextFilePathCommon + \getUser.txt)): null

2019-02-21 17:15:08 - [TEST_STEP][PASSED] - bufferread = new java.io.BufferedReader(new java.io.FileReader(RefNo)): null

2019-02-21 17:15:08 - [TEST_STEP][PASSED] - readedVal = bufferread.readLine(): null

2019-02-21 17:15:08 - [TEST_STEP][PASSED] - out.println(UserName): null

2019-02-21 17:15:08 - [TEST_STEP][PASSED] - out.println(readedVal): null

2019-02-21 17:15:08 - [TEST_STEP][PASSED] - UserName = "": null

2019-02-21 17:15:08 - [TEST_STEP][PASSED] - UserName = readedVal: null

2019-02-21 17:15:08 - [MESSAGE][PASSED] - Call Test Case 'Test Cases/All TC/Arranged/1. Common/1.1 Getter/Getter UserName' successfully

2019-02-21 17:15:08 - [TEST_STEP][PASSED] - StrA = UserName: null

2019-02-21 17:15:08 - [TEST_STEP][PASSED] - StrB = <not implemented yet for class: org.codehaus.groovy.ast.expr.EmptyExpression>: null

2019-02-21 17:15:08 - [TEST_STEP][PASSED] - Counter = 1: null

2019-02-21 17:15:08 - [TEST_STEP][PASSED] - while (!(StrB.equals(StrA)) && !(Counter > findTestData("Internal User List").getRowNumbers())): null

2019-02-21 17:15:08 - [TEST_STEP][PASSED] - StrB = findTestData("Internal User List").getValue(2, Counter): null

2019-02-21 17:15:08 - [TEST_STEP][PASSED] - if (StrB.equals(StrA)): null

2019-02-21 17:15:08 - [TEST_STEP][PASSED] - (Counter++): null

2019-02-21 17:15:08 - [TEST_STEP][PASSED] - StrB = findTestData("Internal User List").getValue(2, Counter): null

2019-02-21 17:15:08 - [TEST_STEP][PASSED] - if (StrB.equals(StrA)): null

2019-02-21 17:15:08 - [TEST_STEP][PASSED] - (Counter++): null

2019-02-21 17:15:08 - [TEST_STEP][PASSED] - StrB = findTestData("Internal User List").getValue(2, Counter): null

2019-02-21 17:15:08 - [TEST_STEP][PASSED] - if (StrB.equals(StrA)): null

2019-02-21 17:15:08 - [TEST_STEP][PASSED] - (Counter++): null

2019-02-21 17:15:08 - [TEST_STEP][PASSED] - StrB = findTestData("Internal User List").getValue(2, Counter): null

2019-02-21 17:15:08 - [TEST_STEP][PASSED] - if (StrB.equals(StrA)): null

2019-02-21 17:15:08 - [TEST_STEP][PASSED] - (Counter++): null

2019-02-21 17:15:08 - [TEST_STEP][PASSED] - StrB = findTestData("Internal User List").getValue(2, Counter): null

2019-02-21 17:15:08 - [TEST_STEP][PASSED] - if (StrB.equals(StrA)): null

2019-02-21 17:15:08 - [TEST_STEP][PASSED] - (Counter++): null

2019-02-21 17:15:08 - [TEST_STEP][PASSED] - StrB = findTestData("Internal User List").getValue(2, Counter): null

2019-02-21 17:15:08 - [TEST_STEP][PASSED] - if (StrB.equals(StrA)): null

2019-02-21 17:15:08 - [TEST_STEP][PASSED] - (Counter++): null

2019-02-21 17:15:08 - [TEST_STEP][PASSED] - StrB = findTestData("Internal User List").getValue(2, Counter): null

2019-02-21 17:15:08 - [TEST_STEP][PASSED] - if (StrB.equals(StrA)): null

2019-02-21 17:15:08 - [TEST_STEP][PASSED] - (Counter++): null

2019-02-21 17:15:08 - [TEST_STEP][PASSED] - StrB = findTestData("Internal User List").getValue(2, Counter): null

2019-02-21 17:15:08 - [TEST_STEP][PASSED] - if (StrB.equals(StrA)): null

2019-02-21 17:15:08 - [TEST_STEP][PASSED] - (Counter++): null

2019-02-21 17:15:08 - [TEST_STEP][PASSED] - StrB = findTestData("Internal User List").getValue(2, Counter): null

2019-02-21 17:15:08 - [TEST_STEP][PASSED] - if (StrB.equals(StrA)): null

2019-02-21 17:15:09 - [TEST_STEP][PASSED] - (Counter++): null

2019-02-21 17:15:09 - [TEST_STEP][PASSED] - StrB = findTestData("Internal User List").getValue(2, Counter): null

2019-02-21 17:15:09 - [TEST_STEP][PASSED] - if (StrB.equals(StrA)): null

2019-02-21 17:15:09 - [TEST_STEP][PASSED] - (Counter++): null

2019-02-21 17:15:09 - [TEST_STEP][PASSED] - StrB = findTestData("Internal User List").getValue(2, Counter): null

2019-02-21 17:15:09 - [TEST_STEP][PASSED] - if (StrB.equals(StrA)): null

2019-02-21 17:15:09 - [TEST_STEP][PASSED] - (Counter++): null

2019-02-21 17:15:09 - [TEST_STEP][PASSED] - StrB = findTestData("Internal User List").getValue(2, Counter): null

2019-02-21 17:15:09 - [TEST_STEP][PASSED] - if (StrB.equals(StrA)): null

2019-02-21 17:15:09 - [TEST_STEP][PASSED] - (Counter++): null

2019-02-21 17:15:10 - [TEST_STEP][PASSED] - StrB = findTestData("Internal User List").getValue(2, Counter): null

2019-02-21 17:15:10 - [TEST_STEP][PASSED] - if (StrB.equals(StrA)): null

2019-02-21 17:15:10 - [TEST_STEP][PASSED] - (Counter++): null

2019-02-21 17:15:10 - [TEST_STEP][PASSED] - StrB = findTestData("Internal User List").getValue(2, Counter): null

2019-02-21 17:15:10 - [TEST_STEP][PASSED] - if (StrB.equals(StrA)): null

2019-02-21 17:15:10 - [TEST_STEP][PASSED] - (Counter++): null

2019-02-21 17:15:10 - [TEST_STEP][PASSED] - StrB = findTestData("Internal User List").getValue(2, Counter): null

2019-02-21 17:15:10 - [TEST_STEP][PASSED] - if (StrB.equals(StrA)): null

2019-02-21 17:15:10 - [TEST_STEP][PASSED] - (Counter++): null

2019-02-21 17:15:10 - [TEST_STEP][PASSED] - StrB = findTestData("Internal User List").getValue(2, Counter): null

2019-02-21 17:15:10 - [TEST_STEP][PASSED] - if (StrB.equals(StrA)): null

2019-02-21 17:15:10 - [TEST_STEP][PASSED] - (Counter++): null

2019-02-21 17:15:10 - [TEST_STEP][PASSED] - StrB = findTestData("Internal User List").getValue(2, Counter): null

2019-02-21 17:15:10 - [TEST_STEP][PASSED] - if (StrB.equals(StrA)): null

2019-02-21 17:15:10 - [TEST_STEP][PASSED] - (Counter++): null

2019-02-21 17:15:10 - [TEST_STEP][PASSED] - StrB = findTestData("Internal User List").getValue(2, Counter): null

2019-02-21 17:15:10 - [TEST_STEP][PASSED] - if (StrB.equals(StrA)): null

2019-02-21 17:15:10 - [TEST_STEP][PASSED] - (Counter++): null

2019-02-21 17:15:10 - [TEST_STEP][PASSED] - StrB = findTestData("Internal User List").getValue(2, Counter): null

2019-02-21 17:15:10 - [TEST_STEP][PASSED] - if (StrB.equals(StrA)): null

2019-02-21 17:15:10 - [TEST_STEP][PASSED] - (Counter++): null

2019-02-21 17:15:10 - [TEST_STEP][PASSED] - StrB = findTestData("Internal User List").getValue(2, Counter): null

2019-02-21 17:15:10 - [TEST_STEP][PASSED] - if (StrB.equals(StrA)): null

2019-02-21 17:15:10 - [TEST_STEP][PASSED] - (Counter++): null

2019-02-21 17:15:10 - [TEST_STEP][PASSED] - StrB = findTestData("Internal User List").getValue(2, Counter): null

2019-02-21 17:15:10 - [TEST_STEP][PASSED] - if (StrB.equals(StrA)): null

2019-02-21 17:15:10 - [TEST_STEP][PASSED] - (Counter++): null

2019-02-21 17:15:10 - [TEST_STEP][PASSED] - StrB = findTestData("Internal User List").getValue(2, Counter): null

2019-02-21 17:15:10 - [TEST_STEP][PASSED] - if (StrB.equals(StrA)): null

2019-02-21 17:15:10 - [TEST_STEP][PASSED] - (Counter++): null

2019-02-21 17:15:10 - [TEST_STEP][PASSED] - StrB = findTestData("Internal User List").getValue(2, Counter): null

2019-02-21 17:15:10 - [TEST_STEP][PASSED] - if (StrB.equals(StrA)): null

2019-02-21 17:15:10 - [TEST_STEP][PASSED] - (Counter++): null

2019-02-21 17:15:10 - [TEST_STEP][PASSED] - StrB = findTestData("Internal User List").getValue(2, Counter): null

2019-02-21 17:15:10 - [TEST_STEP][PASSED] - if (StrB.equals(StrA)): null

2019-02-21 17:15:10 - [TEST_STEP][PASSED] - (Counter++): null

2019-02-21 17:15:11 - [TEST_STEP][PASSED] - StrB = findTestData("Internal User List").getValue(2, Counter): null

2019-02-21 17:15:11 - [TEST_STEP][PASSED] - if (StrB.equals(StrA)): null

2019-02-21 17:15:11 - [TEST_STEP][PASSED] - (Counter++): null

2019-02-21 17:15:11 - [TEST_STEP][PASSED] - StrB = findTestData("Internal User List").getValue(2, Counter): null

2019-02-21 17:15:11 - [TEST_STEP][PASSED] - if (StrB.equals(StrA)): null

2019-02-21 17:15:11 - [TEST_STEP][PASSED] - (Counter++): null

2019-02-21 17:15:11 - [TEST_STEP][PASSED] - StrB = findTestData("Internal User List").getValue(2, Counter): null

2019-02-21 17:15:11 - [TEST_STEP][PASSED] - if (StrB.equals(StrA)): null

2019-02-21 17:15:11 - [TEST_STEP][PASSED] - (Counter++): null

2019-02-21 17:15:11 - [TEST_STEP][PASSED] - StrB = findTestData("Internal User List").getValue(2, Counter): null

2019-02-21 17:15:11 - [TEST_STEP][PASSED] - if (StrB.equals(StrA)): null

2019-02-21 17:15:11 - [TEST_STEP][PASSED] - (Counter++): null

2019-02-21 17:15:11 - [TEST_STEP][PASSED] - StrB = findTestData("Internal User List").getValue(2, Counter): null

2019-02-21 17:15:11 - [TEST_STEP][PASSED] - if (StrB.equals(StrA)): null

2019-02-21 17:15:11 - [TEST_STEP][PASSED] - (Counter++): null

2019-02-21 17:15:11 - [TEST_STEP][PASSED] - StrB = findTestData("Internal User List").getValue(2, Counter): null

2019-02-21 17:15:11 - [TEST_STEP][PASSED] - if (StrB.equals(StrA)): null

2019-02-21 17:15:11 - [TEST_STEP][PASSED] - (Counter++): null

2019-02-21 17:15:11 - [TEST_STEP][PASSED] - StrB = findTestData("Internal User List").getValue(2, Counter): null

2019-02-21 17:15:11 - [TEST_STEP][PASSED] - if (StrB.equals(StrA)): null

2019-02-21 17:15:11 - [TEST_STEP][PASSED] - (Counter++): null

2019-02-21 17:15:11 - [TEST_STEP][PASSED] - StrB = findTestData("Internal User List").getValue(2, Counter): null

2019-02-21 17:15:11 - [TEST_STEP][PASSED] - if (StrB.equals(StrA)): null

2019-02-21 17:15:11 - [TEST_STEP][PASSED] - (Counter++): null

2019-02-21 17:15:11 - [TEST_STEP][PASSED] - StrB = findTestData("Internal User List").getValue(2, Counter): null

2019-02-21 17:15:11 - [TEST_STEP][PASSED] - if (StrB.equals(StrA)): null

2019-02-21 17:15:12 - [TEST_STEP][PASSED] - (Counter++): null

2019-02-21 17:15:12 - [TEST_STEP][PASSED] - StrB = findTestData("Internal User List").getValue(2, Counter): null

2019-02-21 17:15:12 - [TEST_STEP][PASSED] - if (StrB.equals(StrA)): null

2019-02-21 17:15:12 - [TEST_STEP][PASSED] - (Counter++): null

2019-02-21 17:15:12 - [TEST_STEP][PASSED] - StrB = findTestData("Internal User List").getValue(2, Counter): null

2019-02-21 17:15:12 - [TEST_STEP][PASSED] - if (StrB.equals(StrA)): null

2019-02-21 17:15:12 - [TEST_STEP][PASSED] - (Counter++): null

2019-02-21 17:15:12 - [TEST_STEP][PASSED] - StrB = findTestData("Internal User List").getValue(2, Counter): null

2019-02-21 17:15:12 - [TEST_STEP][PASSED] - if (StrB.equals(StrA)): null

2019-02-21 17:15:12 - [TEST_STEP][PASSED] - (Counter++): null

2019-02-21 17:15:12 - [TEST_STEP][PASSED] - StrB = findTestData("Internal User List").getValue(2, Counter): null

2019-02-21 17:15:12 - [TEST_STEP][PASSED] - if (StrB.equals(StrA)): null

2019-02-21 17:15:12 - [TEST_STEP][PASSED] - (Counter++): null

2019-02-21 17:15:12 - [TEST_STEP][PASSED] - StrB = findTestData("Internal User List").getValue(2, Counter): null

2019-02-21 17:15:12 - [TEST_STEP][PASSED] - if (StrB.equals(StrA)): null

2019-02-21 17:15:12 - [TEST_STEP][PASSED] - (Counter++): null

2019-02-21 17:15:12 - [TEST_STEP][PASSED] - StrB = findTestData("Internal User List").getValue(2, Counter): null

2019-02-21 17:15:12 - [TEST_STEP][PASSED] - if (StrB.equals(StrA)): null

2019-02-21 17:15:12 - [TEST_STEP][PASSED] - (Counter++): null

2019-02-21 17:15:12 - [TEST_STEP][PASSED] - StrB = findTestData("Internal User List").getValue(2, Counter): null

2019-02-21 17:15:13 - [TEST_STEP][PASSED] - if (StrB.equals(StrA)): null

2019-02-21 17:15:13 - [TEST_STEP][PASSED] - (Counter++): null

2019-02-21 17:15:13 - [TEST_STEP][PASSED] - StrB = findTestData("Internal User List").getValue(2, Counter): null

2019-02-21 17:15:13 - [TEST_STEP][PASSED] - if (StrB.equals(StrA)): null

2019-02-21 17:15:13 - [TEST_STEP][PASSED] - (Counter++): null

2019-02-21 17:15:13 - [TEST_STEP][PASSED] - StrB = findTestData("Internal User List").getValue(2, Counter): null

2019-02-21 17:15:13 - [TEST_STEP][PASSED] - if (StrB.equals(StrA)): null

2019-02-21 17:15:13 - [TEST_STEP][PASSED] - (Counter++): null

2019-02-21 17:15:13 - [TEST_STEP][PASSED] - StrB = findTestData("Internal User List").getValue(2, Counter): null

2019-02-21 17:15:13 - [TEST_STEP][PASSED] - if (StrB.equals(StrA)): null

2019-02-21 17:15:13 - [TEST_STEP][PASSED] - (Counter++): null

2019-02-21 17:15:13 - [TEST_STEP][PASSED] - StrB = findTestData("Internal User List").getValue(2, Counter): null

2019-02-21 17:15:13 - [TEST_STEP][PASSED] - if (StrB.equals(StrA)): null

2019-02-21 17:15:13 - [TEST_STEP][PASSED] - (Counter++): null

2019-02-21 17:15:13 - [TEST_STEP][PASSED] - StrB = findTestData("Internal User List").getValue(2, Counter): null

2019-02-21 17:15:13 - [TEST_STEP][PASSED] - if (StrB.equals(StrA)): null

2019-02-21 17:15:13 - [TEST_STEP][PASSED] - (Counter++): null

2019-02-21 17:15:13 - [TEST_STEP][PASSED] - StrB = findTestData("Internal User List").getValue(2, Counter): null

2019-02-21 17:15:13 - [TEST_STEP][PASSED] - if (StrB.equals(StrA)): null

2019-02-21 17:15:13 - [TEST_STEP][PASSED] - (Counter++): null

2019-02-21 17:15:13 - [TEST_STEP][PASSED] - StrB = findTestData("Internal User List").getValue(2, Counter): null

2019-02-21 17:15:14 - [TEST_STEP][PASSED] - if (StrB.equals(StrA)): null

2019-02-21 17:15:14 - [TEST_STEP][PASSED] - (Counter++): null

2019-02-21 17:15:14 - [TEST_STEP][PASSED] - StrB = findTestData("Internal User List").getValue(2, Counter): null

2019-02-21 17:15:14 - [TEST_STEP][PASSED] - if (StrB.equals(StrA)): null

2019-02-21 17:15:14 - [TEST_STEP][PASSED] - (Counter++): null

2019-02-21 17:15:14 - [TEST_STEP][PASSED] - StrB = findTestData("Internal User List").getValue(2, Counter): null

2019-02-21 17:15:14 - [TEST_STEP][PASSED] - if (StrB.equals(StrA)): null

2019-02-21 17:15:14 - [TEST_STEP][PASSED] - (Counter++): null

2019-02-21 17:15:14 - [TEST_STEP][PASSED] - StrB = findTestData("Internal User List").getValue(2, Counter): null

2019-02-21 17:15:14 - [TEST_STEP][PASSED] - if (StrB.equals(StrA)): null

2019-02-21 17:15:14 - [TEST_STEP][PASSED] - (Counter++): null

2019-02-21 17:15:14 - [TEST_STEP][PASSED] - StrB = findTestData("Internal User List").getValue(2, Counter): null

2019-02-21 17:15:14 - [TEST_STEP][PASSED] - if (StrB.equals(StrA)): null

2019-02-21 17:15:14 - [TEST_STEP][PASSED] - (Counter++): null

2019-02-21 17:15:14 - [TEST_STEP][PASSED] - StrB = findTestData("Internal User List").getValue(2, Counter): null

2019-02-21 17:15:14 - [TEST_STEP][PASSED] - if (StrB.equals(StrA)): null

2019-02-21 17:15:14 - [TEST_STEP][PASSED] - (Counter++): null

2019-02-21 17:15:14 - [TEST_STEP][PASSED] - StrB = findTestData("Internal User List").getValue(2, Counter): null

2019-02-21 17:15:14 - [TEST_STEP][PASSED] - if (StrB.equals(StrA)): null

2019-02-21 17:15:14 - [TEST_STEP][PASSED] - (Counter++): null

2019-02-21 17:15:15 - [TEST_STEP][PASSED] - StrB = findTestData("Internal User List").getValue(2, Counter): null

2019-02-21 17:15:15 - [TEST_STEP][PASSED] - if (StrB.equals(StrA)): null

2019-02-21 17:15:15 - [TEST_STEP][PASSED] - (Counter++): null

2019-02-21 17:15:15 - [TEST_STEP][PASSED] - StrB = findTestData("Internal User List").getValue(2, Counter): null

2019-02-21 17:15:15 - [TEST_STEP][PASSED] - if (StrB.equals(StrA)): null

2019-02-21 17:15:15 - [TEST_STEP][PASSED] - (Counter++): null

2019-02-21 17:15:15 - [TEST_STEP][PASSED] - StrB = findTestData("Internal User List").getValue(2, Counter): null

2019-02-21 17:15:15 - [TEST_STEP][PASSED] - if (StrB.equals(StrA)): null

2019-02-21 17:15:15 - [TEST_STEP][PASSED] - (Counter++): null

2019-02-21 17:15:15 - [TEST_STEP][PASSED] - StrB = findTestData("Internal User List").getValue(2, Counter): null

2019-02-21 17:15:15 - [TEST_STEP][PASSED] - if (StrB.equals(StrA)): null

2019-02-21 17:15:15 - [TEST_STEP][PASSED] - (Counter++): null

2019-02-21 17:15:15 - [TEST_STEP][PASSED] - StrB = findTestData("Internal User List").getValue(2, Counter): null

2019-02-21 17:15:15 - [TEST_STEP][PASSED] - if (StrB.equals(StrA)): null

2019-02-21 17:15:15 - [TEST_STEP][PASSED] - (Counter++): null

2019-02-21 17:15:15 - [TEST_STEP][PASSED] - StrB = findTestData("Internal User List").getValue(2, Counter): null

2019-02-21 17:15:15 - [TEST_STEP][PASSED] - if (StrB.equals(StrA)): null

2019-02-21 17:15:15 - [TEST_STEP][PASSED] - (Counter++): null

2019-02-21 17:15:15 - [TEST_STEP][PASSED] - StrB = findTestData("Internal User List").getValue(2, Counter): null

2019-02-21 17:15:15 - [TEST_STEP][PASSED] - if (StrB.equals(StrA)): null

2019-02-21 17:15:15 - [TEST_STEP][PASSED] - (Counter++): null

2019-02-21 17:15:15 - [TEST_STEP][PASSED] - StrB = findTestData("Internal User List").getValue(2, Counter): null

2019-02-21 17:15:16 - [TEST_STEP][PASSED] - if (StrB.equals(StrA)): null

2019-02-21 17:15:16 - [TEST_STEP][PASSED] - (Counter++): null

2019-02-21 17:15:16 - [TEST_STEP][PASSED] - StrB = findTestData("Internal User List").getValue(2, Counter): null

2019-02-21 17:15:16 - [TEST_STEP][PASSED] - if (StrB.equals(StrA)): null

2019-02-21 17:15:16 - [TEST_STEP][PASSED] - (Counter++): null

2019-02-21 17:15:16 - [TEST_STEP][PASSED] - StrB = findTestData("Internal User List").getValue(2, Counter): null

2019-02-21 17:15:16 - [TEST_STEP][PASSED] - if (StrB.equals(StrA)): null

2019-02-21 17:15:16 - [TEST_STEP][PASSED] - (Counter++): null

2019-02-21 17:15:16 - [TEST_STEP][PASSED] - StrB = findTestData("Internal User List").getValue(2, Counter): null

2019-02-21 17:15:16 - [TEST_STEP][PASSED] - if (StrB.equals(StrA)): null

2019-02-21 17:15:16 - [TEST_STEP][PASSED] - (Counter++): null

2019-02-21 17:15:16 - [TEST_STEP][PASSED] - StrB = findTestData("Internal User List").getValue(2, Counter): null

2019-02-21 17:15:16 - [TEST_STEP][PASSED] - if (StrB.equals(StrA)): null

2019-02-21 17:15:16 - [TEST_STEP][PASSED] - (Counter++): null

2019-02-21 17:15:16 - [TEST_STEP][PASSED] - StrB = findTestData("Internal User List").getValue(2, Counter): null

2019-02-21 17:15:16 - [TEST_STEP][PASSED] - if (StrB.equals(StrA)): null

2019-02-21 17:15:16 - [TEST_STEP][PASSED] - (Counter++): null

2019-02-21 17:15:16 - [TEST_STEP][PASSED] - StrB = findTestData("Internal User List").getValue(2, Counter): null

2019-02-21 17:15:16 - [TEST_STEP][PASSED] - if (StrB.equals(StrA)): null

2019-02-21 17:15:16 - [TEST_STEP][PASSED] - (Counter++): null

2019-02-21 17:15:16 - [TEST_STEP][PASSED] - StrB = findTestData("Internal User List").getValue(2, Counter): null

2019-02-21 17:15:16 - [TEST_STEP][PASSED] - if (StrB.equals(StrA)): null

2019-02-21 17:15:16 - [TEST_STEP][PASSED] - (Counter++): null

2019-02-21 17:15:16 - [TEST_STEP][PASSED] - StrB = findTestData("Internal User List").getValue(2, Counter): null

2019-02-21 17:15:16 - [TEST_STEP][PASSED] - if (StrB.equals(StrA)): null

2019-02-21 17:15:16 - [TEST_STEP][PASSED] - (Counter++): null

2019-02-21 17:15:17 - [TEST_STEP][PASSED] - StrB = findTestData("Internal User List").getValue(2, Counter): null

2019-02-21 17:15:17 - [TEST_STEP][PASSED] - if (StrB.equals(StrA)): null

2019-02-21 17:15:17 - [TEST_STEP][PASSED] - (Counter++): null

2019-02-21 17:15:17 - [TEST_STEP][PASSED] - StrB = findTestData("Internal User List").getValue(2, Counter): null

2019-02-21 17:15:17 - [TEST_STEP][PASSED] - if (StrB.equals(StrA)): null

2019-02-21 17:15:17 - [TEST_STEP][PASSED] - (Counter++): null

2019-02-21 17:15:17 - [TEST_STEP][PASSED] - StrB = findTestData("Internal User List").getValue(2, Counter): null

2019-02-21 17:15:17 - [TEST_STEP][PASSED] - if (StrB.equals(StrA)): null

2019-02-21 17:15:17 - [TEST_STEP][PASSED] - (Counter++): null

2019-02-21 17:15:17 - [TEST_STEP][PASSED] - StrB = findTestData("Internal User List").getValue(2, Counter): null

2019-02-21 17:15:17 - [TEST_STEP][PASSED] - if (StrB.equals(StrA)): null

2019-02-21 17:15:17 - [TEST_STEP][PASSED] - (Counter++): null

2019-02-21 17:15:17 - [TEST_STEP][PASSED] - StrB = findTestData("Internal User List").getValue(2, Counter): null

2019-02-21 17:15:17 - [TEST_STEP][PASSED] - if (StrB.equals(StrA)): null

2019-02-21 17:15:17 - [TEST_STEP][PASSED] - (Counter++): null

2019-02-21 17:15:17 - [TEST_STEP][PASSED] - StrB = findTestData("Internal User List").getValue(2, Counter): null

2019-02-21 17:15:17 - [TEST_STEP][PASSED] - if (StrB.equals(StrA)): null

2019-02-21 17:15:17 - [TEST_STEP][PASSED] - (Counter++): null

2019-02-21 17:15:17 - [TEST_STEP][PASSED] - StrB = findTestData("Internal User List").getValue(2, Counter): null

2019-02-21 17:15:17 - [TEST_STEP][PASSED] - if (StrB.equals(StrA)): null

2019-02-21 17:15:17 - [TEST_STEP][PASSED] - (Counter++): null

2019-02-21 17:15:17 - [TEST_STEP][PASSED] - StrB = findTestData("Internal User List").getValue(2, Counter): null

2019-02-21 17:15:17 - [TEST_STEP][PASSED] - if (StrB.equals(StrA)): null

2019-02-21 17:15:17 - [TEST_STEP][PASSED] - (Counter++): null

2019-02-21 17:15:18 - [TEST_STEP][PASSED] - StrB = findTestData("Internal User List").getValue(2, Counter): null

2019-02-21 17:15:18 - [TEST_STEP][PASSED] - if (StrB.equals(StrA)): null

2019-02-21 17:15:18 - [TEST_STEP][PASSED] - (Counter++): null

2019-02-21 17:15:18 - [TEST_STEP][PASSED] - StrB = findTestData("Internal User List").getValue(2, Counter): null

2019-02-21 17:15:18 - [TEST_STEP][PASSED] - if (StrB.equals(StrA)): null

2019-02-21 17:15:18 - [TEST_STEP][PASSED] - (Counter++): null

2019-02-21 17:15:18 - [TEST_STEP][PASSED] - StrB = findTestData("Internal User List").getValue(2, Counter): null

2019-02-21 17:15:18 - [TEST_STEP][PASSED] - if (StrB.equals(StrA)): null

2019-02-21 17:15:18 - [TEST_STEP][PASSED] - (Counter++): null

2019-02-21 17:15:18 - [TEST_STEP][PASSED] - StrB = findTestData("Internal User List").getValue(2, Counter): null

2019-02-21 17:15:18 - [TEST_STEP][PASSED] - if (StrB.equals(StrA)): null

2019-02-21 17:15:18 - [TEST_STEP][PASSED] - (Counter++): null

2019-02-21 17:15:18 - [TEST_STEP][PASSED] - StrB = findTestData("Internal User List").getValue(2, Counter): null

2019-02-21 17:15:18 - [TEST_STEP][PASSED] - if (StrB.equals(StrA)): null

2019-02-21 17:15:18 - [TEST_STEP][PASSED] - (Counter++): null

2019-02-21 17:15:18 - [TEST_STEP][PASSED] - StrB = findTestData("Internal User List").getValue(2, Counter): null

2019-02-21 17:15:18 - [TEST_STEP][PASSED] - if (StrB.equals(StrA)): null

2019-02-21 17:15:18 - [TEST_STEP][PASSED] - (Counter++): null

2019-02-21 17:15:18 - [TEST_STEP][PASSED] - StrB = findTestData("Internal User List").getValue(2, Counter): null

2019-02-21 17:15:18 - [TEST_STEP][PASSED] - if (StrB.equals(StrA)): null

2019-02-21 17:15:19 - [TEST_STEP][PASSED] - (Counter++): null

2019-02-21 17:15:19 - [TEST_STEP][PASSED] - StrB = findTestData("Internal User List").getValue(2, Counter): null

2019-02-21 17:15:19 - [TEST_STEP][PASSED] - if (StrB.equals(StrA)): null

2019-02-21 17:15:19 - [TEST_STEP][PASSED] - (Counter++): null

2019-02-21 17:15:19 - [TEST_STEP][PASSED] - StrB = findTestData("Internal User List").getValue(2, Counter): null

2019-02-21 17:15:19 - [TEST_STEP][PASSED] - if (StrB.equals(StrA)): null

2019-02-21 17:15:19 - [TEST_STEP][PASSED] - (Counter++): null

2019-02-21 17:15:19 - [TEST_STEP][PASSED] - StrB = findTestData("Internal User List").getValue(2, Counter): null

2019-02-21 17:15:19 - [TEST_STEP][PASSED] - if (StrB.equals(StrA)): null

2019-02-21 17:15:19 - [TEST_STEP][PASSED] - (Counter++): null

2019-02-21 17:15:19 - [TEST_STEP][PASSED] - StrB = findTestData("Internal User List").getValue(2, Counter): null

2019-02-21 17:15:19 - [TEST_STEP][PASSED] - if (StrB.equals(StrA)): null

2019-02-21 17:15:19 - [TEST_STEP][PASSED] - (Counter++): null

2019-02-21 17:15:19 - [TEST_STEP][PASSED] - StrB = findTestData("Internal User List").getValue(2, Counter): null

2019-02-21 17:15:19 - [TEST_STEP][PASSED] - if (StrB.equals(StrA)): null

2019-02-21 17:15:19 - [TEST_STEP][PASSED] - (Counter++): null

2019-02-21 17:15:19 - [TEST_STEP][PASSED] - StrB = findTestData("Internal User List").getValue(2, Counter): null

2019-02-21 17:15:19 - [TEST_STEP][PASSED] - if (StrB.equals(StrA)): null

2019-02-21 17:15:19 - [TEST_STEP][PASSED] - (Counter++): null

2019-02-21 17:15:19 - [TEST_STEP][PASSED] - StrB = findTestData("Internal User List").getValue(2, Counter): null

2019-02-21 17:15:19 - [TEST_STEP][PASSED] - if (StrB.equals(StrA)): null

2019-02-21 17:15:20 - [TEST_STEP][PASSED] - (Counter++): null

2019-02-21 17:15:20 - [TEST_STEP][PASSED] - StrB = findTestData("Internal User List").getValue(2, Counter): null

2019-02-21 17:15:20 - [TEST_STEP][PASSED] - if (StrB.equals(StrA)): null

2019-02-21 17:15:20 - [TEST_STEP][PASSED] - (Counter++): null

2019-02-21 17:15:20 - [TEST_STEP][PASSED] - StrB = findTestData("Internal User List").getValue(2, Counter): null

2019-02-21 17:15:20 - [TEST_STEP][PASSED] - if (StrB.equals(StrA)): null

2019-02-21 17:15:20 - [TEST_STEP][PASSED] - (Counter++): null

2019-02-21 17:15:20 - [TEST_STEP][PASSED] - StrB = findTestData("Internal User List").getValue(2, Counter): null

2019-02-21 17:15:20 - [TEST_STEP][PASSED] - if (StrB.equals(StrA)): null

2019-02-21 17:15:20 - [TEST_STEP][PASSED] - (Counter++): null

2019-02-21 17:15:20 - [TEST_STEP][PASSED] - StrB = findTestData("Internal User List").getValue(2, Counter): null

2019-02-21 17:15:20 - [TEST_STEP][PASSED] - if (StrB.equals(StrA)): null

2019-02-21 17:15:20 - [TEST_STEP][PASSED] - (Counter++): null

2019-02-21 17:15:20 - [TEST_STEP][PASSED] - StrB = findTestData("Internal User List").getValue(2, Counter): null

2019-02-21 17:15:20 - [TEST_STEP][PASSED] - if (StrB.equals(StrA)): null

2019-02-21 17:15:20 - [TEST_STEP][PASSED] - (Counter++): null

2019-02-21 17:15:20 - [TEST_STEP][PASSED] - StrB = findTestData("Internal User List").getValue(2, Counter): null

2019-02-21 17:15:20 - [TEST_STEP][PASSED] - if (StrB.equals(StrA)): null

2019-02-21 17:15:20 - [TEST_STEP][PASSED] - (Counter++): null

2019-02-21 17:15:20 - [TEST_STEP][PASSED] - StrB = findTestData("Internal User List").getValue(2, Counter): null

2019-02-21 17:15:20 - [TEST_STEP][PASSED] - if (StrB.equals(StrA)): null

2019-02-21 17:15:20 - [TEST_STEP][PASSED] - (Counter++): null

2019-02-21 17:15:21 - [TEST_STEP][PASSED] - StrB = findTestData("Internal User List").getValue(2, Counter): null

2019-02-21 17:15:21 - [TEST_STEP][PASSED] - if (StrB.equals(StrA)): null

2019-02-21 17:15:21 - [TEST_STEP][PASSED] - StrEmail = findTestData("Internal User List").getValue(1, Counter): null

2019-02-21 17:15:21 - [TEST_STEP][PASSED] - InternalEmail = StrEmail: null

2019-02-21 17:15:21 - [TEST_STEP][PASSED] - out.println(StrEmail): null

2019-02-21 17:15:21 - [TEST_STEP][PASSED] - (Counter++): null

2019-02-21 17:15:21 - [MESSAGE][PASSED] - Call Test Case 'Test Cases/All TC/Arranged/1. Common/Internal Email Finder' successfully

2019-02-21 17:15:21 - [TEST_STEP][PASSED] - setText(findTestObject("KinJun/3.1 RIA Application/SEIO Internal Login - RIA Application - Approve/Page_PERKESO/Input username"), InternalEmail): Text 'jamal.mohammad@perkeso.gov.my' is set on object 'Object Repository/KinJun/3.1 RIA Application/SEIO Internal Login - RIA Application - Approve/Page_PERKESO/Input username'

2019-02-21 17:15:21 - [MESSAGE][PASSED] - Text 'jamal.mohammad@perkeso.gov.my' is set on object 'Object Repository/KinJun/3.1 RIA Application/SEIO Internal Login - RIA Application - Approve/Page_PERKESO/Input username'

2019-02-21 17:15:21 - [TEST_STEP][PASSED] - setEncryptedText(findTestObject("KinJun/3.1 RIA Application/SEIO Internal Login - RIA Application - Approve/Page_PERKESO/Input password"), "CQqwFZlbeC8="): Text ****** has been set on object 'Object Repository/KinJun/3.1 RIA Application/SEIO Internal Login - RIA Application - Approve/Page_PERKESO/Input password'

2019-02-21 17:15:22 - [MESSAGE][PASSED] - Text ****** has been set on object 'Object Repository/KinJun/3.1 RIA Application/SEIO Internal Login - RIA Application - Approve/Page_PERKESO/Input password'

2019-02-21 17:15:22 - [TEST_STEP][PASSED] - click(findTestObject("KinJun/3.1 RIA Application/SEIO Internal Login - RIA Application - Approve/Page_PERKESO/Btn Login")): Object: 'Object Repository/KinJun/3.1 RIA Application/SEIO Internal Login - RIA Application - Approve/Page_PERKESO/Btn Login' is clicked on

2019-02-21 17:15:23 - [MESSAGE][PASSED] - Object: 'Object Repository/KinJun/3.1 RIA Application/SEIO Internal Login - RIA Application - Approve/Page_PERKESO/Btn Login' is clicked on

2019-02-21 17:15:23 - [TEST_STEP][PASSED] - delay(3): Delayed 3 second(s)

2019-02-21 17:15:26 - [MESSAGE][PASSED] - Delayed 3 second(s)

2019-02-21 17:15:26 - [TEST_STEP][PASSED] - click(findTestObject("KinJun/3.1 RIA Application/SEIO Internal Login - RIA Application - Approve/Page_PERKESO/Click workbasket")): Object: 'Object Repository/KinJun/3.1 RIA Application/SEIO Internal Login - RIA Application - Approve/Page_PERKESO/Click workbasket' is clicked on

2019-02-21 17:15:27 - [MESSAGE][PASSED] - Object: 'Object Repository/KinJun/3.1 RIA Application/SEIO Internal Login - RIA Application - Approve/Page_PERKESO/Click workbasket' is clicked on

2019-02-21 17:15:27 - [TEST_STEP][PASSED] - delay(3): Delayed 3 second(s)

2019-02-21 17:15:30 - [MESSAGE][PASSED] - Delayed 3 second(s)

2019-02-21 17:15:30 - [TEST_STEP][PASSED] - click(findTestObject("KinJun/3.1 RIA Application/SEIO Internal Login - RIA Application - Approve/Page_PERKESO/Click SearchCase")): Object: 'Object Repository/KinJun/3.1 RIA Application/SEIO Internal Login - RIA Application - Approve/Page_PERKESO/Click SearchCase' is clicked on

2019-02-21 17:15:30 - [MESSAGE][PASSED] - Object: 'Object Repository/KinJun/3.1 RIA Application/SEIO Internal Login - RIA Application - Approve/Page_PERKESO/Click SearchCase' is clicked on

2019-02-21 17:15:30 - [TEST_STEP][PASSED] - callTestCase(findTestCase("All TC/Arranged/1. Common/1.1 Getter/Getter IC"), [:], STOP_ON_FAILURE): Call Test Case 'Test Cases/All TC/Arranged/1. Common/1.1 Getter/Getter IC' successfully

2019-02-21 17:15:30 - [TEST_CASE][PASSED] - Test Cases/All TC/Arranged/1. Common/1.1 Getter/Getter IC: Test Cases/All TC/Arranged/1. Common/1.1 Getter/Getter IC

2019-02-21 17:15:30 - [TEST_STEP][PASSED] - try: null

2019-02-21 17:15:30 - [TEST_STEP][PASSED] - RefNo = new java.io.File((internal.GlobalVariable.TextFilePathCommon + \getIC.txt)): null

2019-02-21 17:15:30 - [TEST_STEP][PASSED] - bufferread = new java.io.BufferedReader(new java.io.FileReader(RefNo)): null

2019-02-21 17:15:30 - [TEST_STEP][PASSED] - readedVal = bufferread.readLine(): null

2019-02-21 17:15:30 - [TEST_STEP][PASSED] - out.println(IC): null

2019-02-21 17:15:30 - [TEST_STEP][PASSED] - out.println(readedVal): null

2019-02-21 17:15:30 - [TEST_STEP][PASSED] - IC = "": null

2019-02-21 17:15:30 - [TEST_STEP][PASSED] - IC = readedVal: null

2019-02-21 17:15:30 - [MESSAGE][PASSED] - Call Test Case 'Test Cases/All TC/Arranged/1. Common/1.1 Getter/Getter IC' successfully

2019-02-21 17:15:30 - [TEST_STEP][PASSED] - setText(findTestObject("KinJun/3.1 RIA Application/SEIO Internal Login - RIA Application - Approve/Page_PERKESO/Input IC"), IC): Text '710628015707' is set on object 'Object Repository/KinJun/3.1 RIA Application/SEIO Internal Login - RIA Application - Approve/Page_PERKESO/Input IC'

2019-02-21 17:15:31 - [MESSAGE][PASSED] - Text '710628015707' is set on object 'Object Repository/KinJun/3.1 RIA Application/SEIO Internal Login - RIA Application - Approve/Page_PERKESO/Input IC'

2019-02-21 17:15:31 - [TEST_STEP][PASSED] - click(findTestObject("KinJun/3.1 RIA Application/SEIO Internal Login - RIA Application - Approve/Page_PERKESO/Btn searchIC")): Object: 'Object Repository/KinJun/3.1 RIA Application/SEIO Internal Login - RIA Application - Approve/Page_PERKESO/Btn searchIC' is clicked on

2019-02-21 17:15:31 - [MESSAGE][PASSED] - Object: 'Object Repository/KinJun/3.1 RIA Application/SEIO Internal Login - RIA Application - Approve/Page_PERKESO/Btn searchIC' is clicked on

2019-02-21 17:15:31 - [TEST_STEP][PASSED] - delay(3): Delayed 3 second(s)

2019-02-21 17:15:34 - [MESSAGE][PASSED] - Delayed 3 second(s)

2019-02-21 17:15:34 - [TEST_STEP][PASSED] - click(findTestObject("KinJun/3.1 RIA Application/SEIO Internal Login - RIA Application - Approve/Page_PERKESO/Click CaseID")): Object: 'Object Repository/KinJun/3.1 RIA Application/SEIO Internal Login - RIA Application - Approve/Page_PERKESO/Click CaseID' is clicked on

2019-02-21 17:15:35 - [MESSAGE][PASSED] - Object: 'Object Repository/KinJun/3.1 RIA Application/SEIO Internal Login - RIA Application - Approve/Page_PERKESO/Click CaseID' is clicked on

2019-02-21 17:15:35 - [TEST_STEP][PASSED] - delay(3): Delayed 3 second(s)

2019-02-21 17:15:38 - [MESSAGE][PASSED] - Delayed 3 second(s)

2019-02-21 17:15:38 - [TEST_STEP][PASSED] - acceptAlert(): Alert accepted

2019-02-21 17:15:38 - [MESSAGE][PASSED] - Alert accepted

2019-02-21 17:15:38 - [TEST_STEP][PASSED] - delay(3): Delayed 3 second(s)

2019-02-21 17:15:41 - [MESSAGE][PASSED] - Delayed 3 second(s)

2019-02-21 17:15:41 - [TEST_STEP][PASSED] - click(findTestObject("KinJun/3.1 RIA Application/SEIO Internal Login - RIA Application - Approve/Page_PERKESO/Click CQC2")): Object: 'Object Repository/KinJun/3.1 RIA Application/SEIO Internal Login - RIA Application - Approve/Page_PERKESO/Click CQC2' is clicked on

2019-02-21 17:15:41 - [MESSAGE][PASSED] - Object: 'Object Repository/KinJun/3.1 RIA Application/SEIO Internal Login - RIA Application - Approve/Page_PERKESO/Click CQC2' is clicked on

2019-02-21 17:15:41 - [TEST_STEP][PASSED] - delay(3): Delayed 3 second(s)

2019-02-21 17:15:44 - [MESSAGE][PASSED] - Delayed 3 second(s)

2019-02-21 17:15:44 - [TEST_STEP][PASSED] - click(findTestObject("KinJun/3.1 RIA Application/SEIO Internal Login - RIA Application - Approve/Page_PERKESO/Btn Add Contribution")): Object: 'Object Repository/KinJun/3.1 RIA Application/SEIO Internal Login - RIA Application - Approve/Page_PERKESO/Btn Add Contribution' is clicked on

2019-02-21 17:15:44 - [MESSAGE][PASSED] - Object: 'Object Repository/KinJun/3.1 RIA Application/SEIO Internal Login - RIA Application - Approve/Page_PERKESO/Btn Add Contribution' is clicked on

2019-02-21 17:15:44 - [TEST_STEP][PASSED] - delay(3): Delayed 3 second(s)

2019-02-21 17:15:47 - [MESSAGE][PASSED] - Delayed 3 second(s)

2019-02-21 17:15:47 - [TEST_STEP][PASSED] - setText(findTestObject("KinJun/3.1 RIA Application/SEIO Internal Login - RIA Application - Approve/Page_PERKESO/Input AdditionalContribution"), "12"): Text '12' is set on object 'Object Repository/KinJun/3.1 RIA Application/SEIO Internal Login - RIA Application - Approve/Page_PERKESO/Input AdditionalContribution'

2019-02-21 17:15:47 - [MESSAGE][PASSED] - Text '12' is set on object 'Object Repository/KinJun/3.1 RIA Application/SEIO Internal Login - RIA Application - Approve/Page_PERKESO/Input AdditionalContribution'

2019-02-21 17:15:47 - [TEST_STEP][PASSED] - click(findTestObject("KinJun/3.1 RIA Application/SEIO Internal Login - RIA Application - Approve/Page_PERKESO/Btn Confirm")): Object: 'Object Repository/KinJun/3.1 RIA Application/SEIO Internal Login - RIA Application - Approve/Page_PERKESO/Btn Confirm' is clicked on

2019-02-21 17:15:48 - [MESSAGE][PASSED] - Object: 'Object Repository/KinJun/3.1 RIA Application/SEIO Internal Login - RIA Application - Approve/Page_PERKESO/Btn Confirm' is clicked on

2019-02-21 17:15:48 - [TEST_STEP][PASSED] - delay(3): Delayed 3 second(s)

2019-02-21 17:15:51 - [MESSAGE][PASSED] - Delayed 3 second(s)

2019-02-21 17:15:51 - [TEST_STEP][PASSED] - acceptAlert(): Alert accepted

2019-02-21 17:15:51 - [MESSAGE][PASSED] - Alert accepted

2019-02-21 17:15:51 - [TEST_STEP][PASSED] - delay(3): Delayed 3 second(s)

2019-02-21 17:15:54 - [MESSAGE][PASSED] - Delayed 3 second(s)

2019-02-21 17:15:54 - [TEST_STEP][PASSED] - click(findTestObject("KinJun/3.1 RIA Application/SEIO Internal Login - RIA Application - Approve/Page_PERKESO/Click CQC")): Object: 'Object Repository/KinJun/3.1 RIA Application/SEIO Internal Login - RIA Application - Approve/Page_PERKESO/Click CQC' is clicked on

2019-02-21 17:15:54 - [MESSAGE][PASSED] - Object: 'Object Repository/KinJun/3.1 RIA Application/SEIO Internal Login - RIA Application - Approve/Page_PERKESO/Click CQC' is clicked on

2019-02-21 17:15:54 - [TEST_STEP][PASSED] - delay(3): Delayed 3 second(s)

2019-02-21 17:15:57 - [MESSAGE][PASSED] - Delayed 3 second(s)

2019-02-21 17:15:57 - [TEST_STEP][PASSED] - click(findTestObject("KinJun/3.1 RIA Application/SEIO Internal Login - RIA Application - Approve/Page_PERKESO/Tick employer"), OPTIONAL): Object: 'Object Repository/KinJun/3.1 RIA Application/SEIO Internal Login - RIA Application - Approve/Page_PERKESO/Tick employer' is clicked on

2019-02-21 17:15:57 - [MESSAGE][PASSED] - Object: 'Object Repository/KinJun/3.1 RIA Application/SEIO Internal Login - RIA Application - Approve/Page_PERKESO/Tick employer' is clicked on

2019-02-21 17:15:57 - [TEST_STEP][PASSED] - click(findTestObject("KinJun/3.1 RIA Application/SEIO Internal Login - RIA Application - Approve/Page_PERKESO/Btn CheckCQC")): Object: 'Object Repository/KinJun/3.1 RIA Application/SEIO Internal Login - RIA Application - Approve/Page_PERKESO/Btn CheckCQC' is clicked on

2019-02-21 17:15:57 - [MESSAGE][PASSED] - Object: 'Object Repository/KinJun/3.1 RIA Application/SEIO Internal Login - RIA Application - Approve/Page_PERKESO/Btn CheckCQC' is clicked on

2019-02-21 17:15:57 - [TEST_STEP][PASSED] - delay(3): Delayed 3 second(s)

2019-02-21 17:16:00 - [MESSAGE][PASSED] - Delayed 3 second(s)

2019-02-21 17:16:00 - [TEST_STEP][PASSED] - click(findTestObject("KinJun/3.1 RIA Application/SEIO Internal Login - RIA Application - Approve/Page_PERKESO/Btn LockCQC")): Object: 'Object Repository/KinJun/3.1 RIA Application/SEIO Internal Login - RIA Application - Approve/Page_PERKESO/Btn LockCQC' is clicked on

2019-02-21 17:16:00 - [MESSAGE][PASSED] - Object: 'Object Repository/KinJun/3.1 RIA Application/SEIO Internal Login - RIA Application - Approve/Page_PERKESO/Btn LockCQC' is clicked on

2019-02-21 17:16:00 - [TEST_STEP][PASSED] - delay(3): Delayed 3 second(s)

2019-02-21 17:16:03 - [MESSAGE][PASSED] - Delayed 3 second(s)

2019-02-21 17:16:03 - [TEST_STEP][PASSED] - acceptAlert(): Alert accepted

2019-02-21 17:16:03 - [MESSAGE][PASSED] - Alert accepted

2019-02-21 17:16:03 - [TEST_STEP][PASSED] - delay(3): Delayed 3 second(s)

2019-02-21 17:16:06 - [MESSAGE][PASSED] - Delayed 3 second(s)

2019-02-21 17:16:06 - [TEST_STEP][PASSED] - acceptAlert(STOP_ON_FAILURE): Alert accepted

2019-02-21 17:16:06 - [MESSAGE][PASSED] - Alert accepted

2019-02-21 17:16:06 - [TEST_STEP][PASSED] - delay(3): Delayed 3 second(s)

2019-02-21 17:16:09 - [MESSAGE][PASSED] - Delayed 3 second(s)

2019-02-21 17:16:09 - [TEST_STEP][PASSED] - click(findTestObject("KinJun/3.1 RIA Application/SEIO Internal Login - RIA Application - Approve/Page_PERKESO/Btn Approve")): Object: 'Object Repository/KinJun/3.1 RIA Application/SEIO Internal Login - RIA Application - Approve/Page_PERKESO/Btn Approve' is clicked on

2019-02-21 17:16:10 - [MESSAGE][PASSED] - Object: 'Object Repository/KinJun/3.1 RIA Application/SEIO Internal Login - RIA Application - Approve/Page_PERKESO/Btn Approve' is clicked on

2019-02-21 17:16:10 - [TEST_STEP][PASSED] - delay(3): Delayed 3 second(s)

2019-02-21 17:16:13 - [MESSAGE][PASSED] - Delayed 3 second(s)

2019-02-21 17:16:13 - [TEST_STEP][PASSED] - click(findTestObject("KinJun/3.1 RIA Application/SEIO Internal Login - RIA Application - Approve/Page_PERKESO/Click username")): Object: 'Object Repository/KinJun/3.1 RIA Application/SEIO Internal Login - RIA Application - Approve/Page_PERKESO/Click username' is clicked on

2019-02-21 17:16:13 - [MESSAGE][PASSED] - Object: 'Object Repository/KinJun/3.1 RIA Application/SEIO Internal Login - RIA Application - Approve/Page_PERKESO/Click username' is clicked on

2019-02-21 17:16:13 - [TEST_STEP][PASSED] - delay(3): Delayed 3 second(s)

2019-02-21 17:16:16 - [MESSAGE][PASSED] - Delayed 3 second(s)

2019-02-21 17:16:16 - [TEST_STEP][PASSED] - click(findTestObject("KinJun/3.1 RIA Application/SEIO Internal Login - RIA Application - Approve/Page_PERKESO/Log out")): Object: 'Object Repository/KinJun/3.1 RIA Application/SEIO Internal Login - RIA Application - Approve/Page_PERKESO/Log out' is clicked on

2019-02-21 17:16:16 - [MESSAGE][PASSED] - Object: 'Object Repository/KinJun/3.1 RIA Application/SEIO Internal Login - RIA Application - Approve/Page_PERKESO/Log out' is clicked on

2019-02-21 17:16:16 - [MESSAGE][PASSED] - Call Test Case 'Test Cases/All TC/Arranged/2. Segment/2.31 RIA Application/SEIO Internal Login - RIA Application - Approve' successfully

2019-02-21 17:16:16 - [TEST_STEP][PASSED] - callTestCase(findTestCase("All TC/Arranged/2. Segment/2.2 Check Status/Check Status - Approval ID"), [:], STOP_ON_FAILURE): Call Test Case 'Test Cases/All TC/Arranged/2. Segment/2.2 Check Status/Check Status - Approval ID' successfully

2019-02-21 17:16:16 - [TEST_CASE][PASSED] - Test Cases/All TC/Arranged/2. Segment/2.2 Check Status/Check Status - Approval ID: Test Cases/All TC/Arranged/2. Segment/2.2 Check Status/Check Status - Approval ID

2019-02-21 17:16:17 - [TEST_STEP][PASSED] - openBrowser(""): Browser is opened with url: ''

2019-02-21 17:16:17 - [MESSAGE][WARNING] - A browser is already opened. Closing browser and opening a new one

2019-02-21 17:16:17 - [MESSAGE][INFO] - Starting 'Chrome' driver

2019-02-21 17:16:17 - [MESSAGE][INFO] - User set preference: ['args', '[--start-maximized]']

2019-02-21 17:16:20 - [MESSAGE][PASSED] - Browser is opened with url: ''

2019-02-21 17:16:20 - [TEST_STEP][PASSED] - navigateToUrl(Internal_Login): Navigate to 'http://10.20.24.188/eisportal/user/login' successfully

2019-02-21 17:16:20 - [MESSAGE][PASSED] - Navigate to 'http://10.20.24.188/eisportal/user/login' successfully

2019-02-21 17:16:20 - [TEST_STEP][PASSED] - setText(findTestObject("KinJun/2.0 Check Status/Check Status - Approval ID/Page_PERKESO/Input Username"), "nadia.harun@perkeso.gov.my"): Text 'nadia.harun@perkeso.gov.my' is set on object 'Object Repository/KinJun/2.0 Check Status/Check Status - Approval ID/Page_PERKESO/Input Username'

2019-02-21 17:16:21 - [MESSAGE][PASSED] - Text 'nadia.harun@perkeso.gov.my' is set on object 'Object Repository/KinJun/2.0 Check Status/Check Status - Approval ID/Page_PERKESO/Input Username'

2019-02-21 17:16:21 - [TEST_STEP][PASSED] - setEncryptedText(findTestObject("KinJun/2.0 Check Status/Check Status - Approval ID/Page_PERKESO/Input Password"), "CQqwFZlbeC8="): Text ****** has been set on object 'Object Repository/KinJun/2.0 Check Status/Check Status - Approval ID/Page_PERKESO/Input Password'

2019-02-21 17:16:21 - [MESSAGE][PASSED] - Text ****** has been set on object 'Object Repository/KinJun/2.0 Check Status/Check Status - Approval ID/Page_PERKESO/Input Password'

2019-02-21 17:16:21 - [TEST_STEP][PASSED] - click(findTestObject("KinJun/2.0 Check Status/Check Status - Approval ID/Page_PERKESO/Btn Login")): Object: 'Object Repository/KinJun/2.0 Check Status/Check Status - Approval ID/Page_PERKESO/Btn Login' is clicked on

2019-02-21 17:16:22 - [MESSAGE][PASSED] - Object: 'Object Repository/KinJun/2.0 Check Status/Check Status - Approval ID/Page_PERKESO/Btn Login' is clicked on

2019-02-21 17:16:22 - [TEST_STEP][PASSED] - delay(3): Delayed 3 second(s)

2019-02-21 17:16:25 - [MESSAGE][PASSED] - Delayed 3 second(s)

2019-02-21 17:16:25 - [TEST_STEP][PASSED] - callTestCase(findTestCase("All TC/Arranged/1. Common/1.1 Getter/Getter IC"), [:], STOP_ON_FAILURE): Call Test Case 'Test Cases/All TC/Arranged/1. Common/1.1 Getter/Getter IC' successfully

2019-02-21 17:16:25 - [TEST_CASE][PASSED] - Test Cases/All TC/Arranged/1. Common/1.1 Getter/Getter IC: Test Cases/All TC/Arranged/1. Common/1.1 Getter/Getter IC

2019-02-21 17:16:25 - [TEST_STEP][PASSED] - try: null

2019-02-21 17:16:25 - [TEST_STEP][PASSED] - RefNo = new java.io.File((internal.GlobalVariable.TextFilePathCommon + \getIC.txt)): null

2019-02-21 17:16:25 - [TEST_STEP][PASSED] - bufferread = new java.io.BufferedReader(new java.io.FileReader(RefNo)): null

2019-02-21 17:16:25 - [TEST_STEP][PASSED] - readedVal = bufferread.readLine(): null

2019-02-21 17:16:25 - [TEST_STEP][PASSED] - out.println(IC): null

2019-02-21 17:16:25 - [TEST_STEP][PASSED] - out.println(readedVal): null

2019-02-21 17:16:25 - [TEST_STEP][PASSED] - IC = "": null

2019-02-21 17:16:25 - [TEST_STEP][PASSED] - IC = readedVal: null

2019-02-21 17:16:25 - [MESSAGE][PASSED] - Call Test Case 'Test Cases/All TC/Arranged/1. Common/1.1 Getter/Getter IC' successfully

2019-02-21 17:16:25 - [TEST_STEP][PASSED] - setText(findTestObject("KinJun/2.0 Check Status/Check Status - Approval ID/Page_PERKESO/Input IC"), IC): Text '710628015707' is set on object 'Object Repository/KinJun/2.0 Check Status/Check Status - Approval ID/Page_PERKESO/Input IC'

2019-02-21 17:16:25 - [MESSAGE][PASSED] - Text '710628015707' is set on object 'Object Repository/KinJun/2.0 Check Status/Check Status - Approval ID/Page_PERKESO/Input IC'

2019-02-21 17:16:25 - [TEST_STEP][PASSED] - delay(2): Delayed 2 second(s)

2019-02-21 17:16:27 - [MESSAGE][PASSED] - Delayed 2 second(s)

2019-02-21 17:16:27 - [TEST_STEP][PASSED] - click(findTestObject("KinJun/2.0 Check Status/Check Status - Approval ID/Page_PERKESO/Btn Check")): Object: 'Object Repository/KinJun/2.0 Check Status/Check Status - Approval ID/Page_PERKESO/Btn Check' is clicked on

2019-02-21 17:16:28 - [MESSAGE][PASSED] - Object: 'Object Repository/KinJun/2.0 Check Status/Check Status - Approval ID/Page_PERKESO/Btn Check' is clicked on

2019-02-21 17:16:28 - [TEST_STEP][PASSED] - delay(3): Delayed 3 second(s)

2019-02-21 17:16:31 - [MESSAGE][PASSED] - Delayed 3 second(s)

2019-02-21 17:16:31 - [TEST_STEP][PASSED] - click(findTestObject("KinJun/2.0 Check Status/Check Status - Approval ID/Page_PERKESO/CaseID")): Object: 'Object Repository/KinJun/2.0 Check Status/Check Status - Approval ID/Page_PERKESO/CaseID' is clicked on

2019-02-21 17:16:32 - [MESSAGE][PASSED] - Object: 'Object Repository/KinJun/2.0 Check Status/Check Status - Approval ID/Page_PERKESO/CaseID' is clicked on

2019-02-21 17:16:32 - [TEST_STEP][PASSED] - delay(3): Delayed 3 second(s)

2019-02-21 17:16:35 - [MESSAGE][PASSED] - Delayed 3 second(s)

2019-02-21 17:16:35 - [TEST_STEP][PASSED] - callTestCase(findTestCase("All TC/Arranged/1. Common/1.3 Loops/While Loop - Approval ID"), [:], STOP_ON_FAILURE): Call Test Case 'Test Cases/All TC/Arranged/1. Common/1.3 Loops/While Loop - Approval ID' successfully

2019-02-21 17:16:35 - [TEST_CASE][PASSED] - Test Cases/All TC/Arranged/1. Common/1.3 Loops/While Loop - Approval ID: Test Cases/All TC/Arranged/1. Common/1.3 Loops/While Loop - Approval ID

2019-02-21 17:16:35 - [TEST_STEP][PASSED] - tempCaseID = <not implemented yet for class: org.codehaus.groovy.ast.expr.EmptyExpression>: null

2019-02-21 17:16:35 - [TEST_STEP][PASSED] - tempCaseOwner = <not implemented yet for class: org.codehaus.groovy.ast.expr.EmptyExpression>: null

2019-02-21 17:16:35 - [TEST_STEP][PASSED] - caseNum = new com.kms.katalon.core.testobject.TestObject(): null

2019-02-21 17:16:35 - [TEST_STEP][PASSED] - boolVerify = true: null

2019-02-21 17:16:35 - [TEST_STEP][PASSED] - counterF = 1: null

2019-02-21 17:16:35 - [TEST_STEP][PASSED] - while (boolVerify.equals(true)): null

2019-02-21 17:16:35 - [TEST_STEP][PASSED] - strXpathA = "(id("mytable")/tbody[1]/tr[" + counterF + "]/td[1])": null

2019-02-21 17:16:35 - [TEST_STEP][PASSED] - caseNum.addProperty("xpath", EQUALS, strXpathA, true): null

2019-02-21 17:16:35 - [TEST_STEP][PASSED] - boolVerify = verifyElementPresent(caseNum, 10, OPTIONAL): Object '' is present

2019-02-21 17:16:35 - [MESSAGE][PASSED] - Object '' is present

2019-02-21 17:16:35 - [TEST_STEP][PASSED] - if (boolVerify.equals(true)): null

2019-02-21 17:16:35 - [TEST_STEP][PASSED] - tempCaseID = getText(caseNum): Text of object '' is: ''

2019-02-21 17:16:35 - [MESSAGE][PASSED] - Text of object '' is: ''

2019-02-21 17:16:35 - [TEST_STEP][PASSED] - ApprovalID = tempCaseID: null

2019-02-21 17:16:35 - [TEST_STEP][PASSED] - out.println(tempCaseID): null

2019-02-21 17:16:35 - [TEST_STEP][PASSED] - (counterF++): null

2019-02-21 17:16:35 - [TEST_STEP][PASSED] - strXpathA = "(id("mytable")/tbody[1]/tr[" + counterF + "]/td[1])": null

2019-02-21 17:16:35 - [TEST_STEP][PASSED] - caseNum.addProperty("xpath", EQUALS, strXpathA, true): null

2019-02-21 17:16:35 - [TEST_STEP][PASSED] - boolVerify = verifyElementPresent(caseNum, 10, OPTIONAL): com.kms.katalon.core.webui.exception.WebElementNotFoundException: Web element with id: '' located by 'By.xpath: (id("mytable")/tbody[1]/tr[2]/td[1])' not found

2019-02-21 17:16:45 - [MESSAGE][INFO] - Unable to find the element located by 'By.xpath: (id("mytable")/tbody[1]/tr[2]/td[1])'. Please recheck the objects properties to make sure the desired element is located. 

2019-02-21 17:16:46 - [MESSAGE][WARNING] - com.kms.katalon.core.webui.exception.WebElementNotFoundException: Web element with id: '' located by 'By.xpath: (id("mytable")/tbody[1]/tr[2]/td[1])' not found
[[ATTACHMENT|C:\\Users\\Admin\\Documents\\GitHub\\PKSKatalon\\PKS-EI-ES\\Reports\\New Test Suite\\20190221_164018\\1550740605924.png]]

2019-02-21 17:16:46 - [TEST_STEP][PASSED] - if (boolVerify.equals(true)): null

2019-02-21 17:16:46 - [TEST_STEP][PASSED] - (counterF++): null

2019-02-21 17:16:46 - [TEST_STEP][PASSED] - callTestCase(findTestCase("All TC/Arranged/1. Common/1.2 Setter/Setter Approval ID"), [:], STOP_ON_FAILURE): Call Test Case 'Test Cases/All TC/Arranged/1. Common/1.2 Setter/Setter Approval ID' successfully

2019-02-21 17:16:46 - [TEST_CASE][PASSED] - Test Cases/All TC/Arranged/1. Common/1.2 Setter/Setter Approval ID: Test Cases/All TC/Arranged/1. Common/1.2 Setter/Setter Approval ID

2019-02-21 17:16:46 - [TEST_STEP][PASSED] - RefNoOldFile = new java.io.File((internal.GlobalVariable.TextFilePathCommon + \getApprovalID.txt)): null

2019-02-21 17:16:46 - [TEST_STEP][PASSED] - RefNoOldFile.delete(): null

2019-02-21 17:16:46 - [TEST_STEP][PASSED] - delay(5): Delayed 5 second(s)

2019-02-21 17:16:51 - [MESSAGE][PASSED] - Delayed 5 second(s)

2019-02-21 17:16:51 - [TEST_STEP][PASSED] - RefNo = new java.io.File((internal.GlobalVariable.TextFilePathCommon + \getApprovalID.txt)): null

2019-02-21 17:16:51 - [TEST_STEP][PASSED] - f2 = new java.io.FileWriter(RefNo, false): null

2019-02-21 17:16:51 - [TEST_STEP][PASSED] - f2.write(ApprovalID): null

2019-02-21 17:16:51 - [TEST_STEP][PASSED] - f2.close(): null

2019-02-21 17:16:51 - [TEST_STEP][PASSED] - out.println("


" + ApprovalID + "


"): null

2019-02-21 17:16:51 - [MESSAGE][PASSED] - Call Test Case 'Test Cases/All TC/Arranged/1. Common/1.2 Setter/Setter Approval ID' successfully

2019-02-21 17:16:51 - [MESSAGE][PASSED] - Call Test Case 'Test Cases/All TC/Arranged/1. Common/1.3 Loops/While Loop - Approval ID' successfully

2019-02-21 17:16:51 - [TEST_STEP][PASSED] - delay(3): Delayed 3 second(s)

2019-02-21 17:16:54 - [MESSAGE][PASSED] - Delayed 3 second(s)

2019-02-21 17:16:54 - [TEST_STEP][PASSED] - callTestCase(findTestCase("All TC/Arranged/1. Common/1.3 Loops/While Loop - Claim Username"), [:], STOP_ON_FAILURE): Call Test Case 'Test Cases/All TC/Arranged/1. Common/1.3 Loops/While Loop - Claim Username' successfully

2019-02-21 17:16:54 - [TEST_CASE][PASSED] - Test Cases/All TC/Arranged/1. Common/1.3 Loops/While Loop - Claim Username: Test Cases/All TC/Arranged/1. Common/1.3 Loops/While Loop - Claim Username

2019-02-21 17:16:55 - [TEST_STEP][PASSED] - tempCaseID = <not implemented yet for class: org.codehaus.groovy.ast.expr.EmptyExpression>: null

2019-02-21 17:16:55 - [TEST_STEP][PASSED] - tempCaseOwner = <not implemented yet for class: org.codehaus.groovy.ast.expr.EmptyExpression>: null

2019-02-21 17:16:55 - [TEST_STEP][PASSED] - caseNum = new com.kms.katalon.core.testobject.TestObject(): null

2019-02-21 17:16:55 - [TEST_STEP][PASSED] - boolVerify = true: null

2019-02-21 17:16:55 - [TEST_STEP][PASSED] - counterF = 1: null

2019-02-21 17:16:55 - [TEST_STEP][PASSED] - while (boolVerify.equals(true)): null

2019-02-21 17:16:55 - [TEST_STEP][PASSED] - strXpathA = "(id("mytable")/tbody[1]/tr[" + counterF + "]/td[4])": null

2019-02-21 17:16:55 - [TEST_STEP][PASSED] - caseNum.addProperty("xpath", EQUALS, strXpathA, true): null

2019-02-21 17:16:55 - [TEST_STEP][PASSED] - boolVerify = verifyElementPresent(caseNum, 20, OPTIONAL): Object '' is present

2019-02-21 17:16:55 - [MESSAGE][PASSED] - Object '' is present

2019-02-21 17:16:55 - [TEST_STEP][PASSED] - if (boolVerify.equals(true)): null

2019-02-21 17:16:55 - [TEST_STEP][PASSED] - tempCaseID = getText(caseNum): Text of object '' is: ''

2019-02-21 17:16:55 - [MESSAGE][PASSED] - Text of object '' is: ''

2019-02-21 17:16:55 - [TEST_STEP][PASSED] - UserName = tempCaseID: null

2019-02-21 17:16:55 - [TEST_STEP][PASSED] - out.println(tempCaseID): null

2019-02-21 17:16:55 - [TEST_STEP][PASSED] - (counterF++): null

2019-02-21 17:16:55 - [TEST_STEP][PASSED] - strXpathA = "(id("mytable")/tbody[1]/tr[" + counterF + "]/td[4])": null

2019-02-21 17:16:55 - [TEST_STEP][PASSED] - caseNum.addProperty("xpath", EQUALS, strXpathA, true): null

2019-02-21 17:16:55 - [TEST_STEP][PASSED] - boolVerify = verifyElementPresent(caseNum, 20, OPTIONAL): com.kms.katalon.core.webui.exception.WebElementNotFoundException: Web element with id: '' located by 'By.xpath: (id("mytable")/tbody[1]/tr[2]/td[4])' not found

2019-02-21 17:17:15 - [MESSAGE][INFO] - Unable to find the element located by 'By.xpath: (id("mytable")/tbody[1]/tr[2]/td[4])'. Please recheck the objects properties to make sure the desired element is located. 

2019-02-21 17:17:16 - [MESSAGE][WARNING] - com.kms.katalon.core.webui.exception.WebElementNotFoundException: Web element with id: '' located by 'By.xpath: (id("mytable")/tbody[1]/tr[2]/td[4])' not found
[[ATTACHMENT|C:\\Users\\Admin\\Documents\\GitHub\\PKSKatalon\\PKS-EI-ES\\Reports\\New Test Suite\\20190221_164018\\1550740635997.png]]

2019-02-21 17:17:16 - [TEST_STEP][PASSED] - if (boolVerify.equals(true)): null

2019-02-21 17:17:16 - [TEST_STEP][PASSED] - (counterF++): null

2019-02-21 17:17:16 - [TEST_STEP][PASSED] - callTestCase(findTestCase("All TC/Arranged/1. Common/1.2 Setter/Setter UserName"), [:], STOP_ON_FAILURE): Call Test Case 'Test Cases/All TC/Arranged/1. Common/1.2 Setter/Setter UserName' successfully

2019-02-21 17:17:16 - [TEST_CASE][PASSED] - Test Cases/All TC/Arranged/1. Common/1.2 Setter/Setter UserName: Test Cases/All TC/Arranged/1. Common/1.2 Setter/Setter UserName

2019-02-21 17:17:16 - [TEST_STEP][PASSED] - RefNoOldFile = new java.io.File((internal.GlobalVariable.TextFilePathCommon + \getUser.txt)): null

2019-02-21 17:17:16 - [TEST_STEP][PASSED] - RefNoOldFile.delete(): null

2019-02-21 17:17:16 - [TEST_STEP][PASSED] - delay(5): Delayed 5 second(s)

2019-02-21 17:17:21 - [MESSAGE][PASSED] - Delayed 5 second(s)

2019-02-21 17:17:21 - [TEST_STEP][PASSED] - RefNo = new java.io.File((internal.GlobalVariable.TextFilePathCommon + \getUser.txt)): null

2019-02-21 17:17:21 - [TEST_STEP][PASSED] - f2 = new java.io.FileWriter(RefNo, false): null

2019-02-21 17:17:21 - [TEST_STEP][PASSED] - f2.write(UserName): null

2019-02-21 17:17:21 - [TEST_STEP][PASSED] - f2.close(): null

2019-02-21 17:17:21 - [TEST_STEP][PASSED] - out.println("


" + UserName + "


"): null

2019-02-21 17:17:21 - [MESSAGE][PASSED] - Call Test Case 'Test Cases/All TC/Arranged/1. Common/1.2 Setter/Setter UserName' successfully

2019-02-21 17:17:21 - [MESSAGE][PASSED] - Call Test Case 'Test Cases/All TC/Arranged/1. Common/1.3 Loops/While Loop - Claim Username' successfully

2019-02-21 17:17:21 - [TEST_STEP][PASSED] - click(findTestObject("KinJun/2.0 Check Status/Check Status - Approval ID/Page_PERKESO/Click Username")): Object: 'Object Repository/KinJun/2.0 Check Status/Check Status - Approval ID/Page_PERKESO/Click Username' is clicked on

2019-02-21 17:17:21 - [MESSAGE][PASSED] - Object: 'Object Repository/KinJun/2.0 Check Status/Check Status - Approval ID/Page_PERKESO/Click Username' is clicked on

2019-02-21 17:17:21 - [TEST_STEP][PASSED] - delay(3): Delayed 3 second(s)

2019-02-21 17:17:24 - [MESSAGE][PASSED] - Delayed 3 second(s)

2019-02-21 17:17:24 - [TEST_STEP][PASSED] - click(findTestObject("KinJun/2.0 Check Status/Check Status - Approval ID/Page_PERKESO/Log Out")): Object: 'Object Repository/KinJun/2.0 Check Status/Check Status - Approval ID/Page_PERKESO/Log Out' is clicked on

2019-02-21 17:17:25 - [MESSAGE][PASSED] - Object: 'Object Repository/KinJun/2.0 Check Status/Check Status - Approval ID/Page_PERKESO/Log Out' is clicked on

2019-02-21 17:17:25 - [MESSAGE][PASSED] - Call Test Case 'Test Cases/All TC/Arranged/2. Segment/2.2 Check Status/Check Status - Approval ID' successfully

2019-02-21 17:17:25 - [TEST_STEP][FAILED] - callTestCase(findTestCase("All TC/Arranged/2. Segment/2.4  RIA Claim/SEIO Internal Login - RIA Claim - Reject"), [:], STOP_ON_FAILURE): callTestCase(findTestCase("All TC/Arranged/2. Segment/2.4  RIA Claim/SEIO Internal Login - RIA Claim - Reject"), [:], STOP_ON_FAILURE) FAILED.
Reason:
com.kms.katalon.core.exception.StepFailedException: Unable to set text 'null' of object 'Object Repository/KinJun/4.0 RIA Claim/SEIO Internal Login - RIA Claim - Reject/Page_PERKESO/Input approvalID' (Root cause: java.lang.IllegalArgumentException: Text is null)
	at com.kms.katalon.core.keyword.internal.KeywordMain.stepFailed(KeywordMain.groovy:36)
	at com.kms.katalon.core.webui.keyword.internal.WebUIKeywordMain.stepFailed(WebUIKeywordMain.groovy:65)
	at com.kms.katalon.core.webui.keyword.internal.WebUIKeywordMain.runKeyword(WebUIKeywordMain.groovy:27)
	at com.kms.katalon.core.webui.keyword.builtin.SetTextKeyword.setText(SetTextKeyword.groovy:65)
	at com.kms.katalon.core.webui.keyword.builtin.SetTextKeyword.execute(SetTextKeyword.groovy:37)
	at com.kms.katalon.core.keyword.internal.KeywordExecutor.executeKeywordForPlatform(KeywordExecutor.groovy:53)
	at com.kms.katalon.core.webui.keyword.WebUiBuiltInKeywords.setText(WebUiBuiltInKeywords.groovy:950)
	at com.kms.katalon.core.webui.keyword.WebUiBuiltInKeywords$setText$1.call(Unknown Source)
	at SEIO Internal Login - RIA Claim - Reject.run(SEIO Internal Login - RIA Claim - Reject:46)
	at com.kms.katalon.core.main.ScriptEngine.run(ScriptEngine.java:194)
	at com.kms.katalon.core.main.ScriptEngine.runScriptAsRawText(ScriptEngine.java:119)
	at com.kms.katalon.core.main.TestCaseExecutor.runScript(TestCaseExecutor.java:328)
	at com.kms.katalon.core.main.TestCaseExecutor.doExecute(TestCaseExecutor.java:319)
	at com.kms.katalon.core.main.TestCaseExecutor.processExecutionPhase(TestCaseExecutor.java:298)
	at com.kms.katalon.core.main.TestCaseExecutor.accessMainPhase(TestCaseExecutor.java:290)
	at com.kms.katalon.core.main.TestCaseExecutor.execute(TestCaseExecutor.java:224)
	at com.kms.katalon.core.main.TestCaseMain.runTestCase(TestCaseMain.java:106)
	at com.kms.katalon.core.keyword.builtin.CallTestCaseKeyword$_callTestCase_closure1.doCall(CallTestCaseKeyword.groovy:59)
	at com.kms.katalon.core.keyword.builtin.CallTestCaseKeyword$_callTestCase_closure1.call(CallTestCaseKeyword.groovy)
	at com.kms.katalon.core.keyword.internal.KeywordMain.runKeyword(KeywordMain.groovy:54)
	at com.kms.katalon.core.keyword.builtin.CallTestCaseKeyword.callTestCase(CallTestCaseKeyword.groovy:80)
	at com.kms.katalon.core.keyword.builtin.CallTestCaseKeyword.execute(CallTestCaseKeyword.groovy:44)
	at com.kms.katalon.core.keyword.internal.KeywordExecutor.executeKeywordForPlatform(KeywordExecutor.groovy:53)
	at com.kms.katalon.core.keyword.BuiltinKeywords.callTestCase(BuiltinKeywords.groovy:334)
	at Reject Claim - RIA.run(Reject Claim - RIA:30)
	at com.kms.katalon.core.main.ScriptEngine.run(ScriptEngine.java:194)
	at com.kms.katalon.core.main.ScriptEngine.runScriptAsRawText(ScriptEngine.java:119)
	at com.kms.katalon.core.main.TestCaseExecutor.runScript(TestCaseExecutor.java:328)
	at com.kms.katalon.core.main.TestCaseExecutor.doExecute(TestCaseExecutor.java:319)
	at com.kms.katalon.core.main.TestCaseExecutor.processExecutionPhase(TestCaseExecutor.java:298)
	at com.kms.katalon.core.main.TestCaseExecutor.accessMainPhase(TestCaseExecutor.java:290)
	at com.kms.katalon.core.main.TestCaseExecutor.execute(TestCaseExecutor.java:224)
	at com.kms.katalon.core.main.TestSuiteExecutor.accessTestCaseMainPhase(TestSuiteExecutor.java:129)
	at com.kms.katalon.core.main.TestSuiteExecutor.accessTestSuiteMainPhase(TestSuiteExecutor.java:112)
	at com.kms.katalon.core.main.TestSuiteExecutor.execute(TestSuiteExecutor.java:81)
	at com.kms.katalon.core.main.TestCaseMain.startTestSuite(TestCaseMain.java:149)
	at com.kms.katalon.core.main.TestCaseMain$startTestSuite$0.call(Unknown Source)
	at TempTestSuite1550738418733.run(TempTestSuite1550738418733.groovy:36)


2019-02-21 17:17:25 - [TEST_CASE][FAILED] - Test Cases/All TC/Arranged/2. Segment/2.4  RIA Claim/SEIO Internal Login - RIA Claim - Reject: Test Cases/All TC/Arranged/2. Segment/2.4  RIA Claim/SEIO Internal Login - RIA Claim - Reject FAILED.
Reason:
com.kms.katalon.core.exception.StepFailedException: Unable to set text 'null' of object 'Object Repository/KinJun/4.0 RIA Claim/SEIO Internal Login - RIA Claim - Reject/Page_PERKESO/Input approvalID' (Root cause: java.lang.IllegalArgumentException: Text is null)
	at com.kms.katalon.core.keyword.internal.KeywordMain.stepFailed(KeywordMain.groovy:36)
	at com.kms.katalon.core.webui.keyword.internal.WebUIKeywordMain.stepFailed(WebUIKeywordMain.groovy:65)
	at com.kms.katalon.core.webui.keyword.internal.WebUIKeywordMain.runKeyword(WebUIKeywordMain.groovy:27)
	at com.kms.katalon.core.webui.keyword.builtin.SetTextKeyword.setText(SetTextKeyword.groovy:65)
	at com.kms.katalon.core.webui.keyword.builtin.SetTextKeyword.execute(SetTextKeyword.groovy:37)
	at com.kms.katalon.core.keyword.internal.KeywordExecutor.executeKeywordForPlatform(KeywordExecutor.groovy:53)
	at com.kms.katalon.core.webui.keyword.WebUiBuiltInKeywords.setText(WebUiBuiltInKeywords.groovy:950)
	at com.kms.katalon.core.webui.keyword.WebUiBuiltInKeywords$setText$1.call(Unknown Source)
	at SEIO Internal Login - RIA Claim - Reject.run(SEIO Internal Login - RIA Claim - Reject:46)
	at com.kms.katalon.core.main.ScriptEngine.run(ScriptEngine.java:194)
	at com.kms.katalon.core.main.ScriptEngine.runScriptAsRawText(ScriptEngine.java:119)
	at com.kms.katalon.core.main.TestCaseExecutor.runScript(TestCaseExecutor.java:328)
	at com.kms.katalon.core.main.TestCaseExecutor.doExecute(TestCaseExecutor.java:319)
	at com.kms.katalon.core.main.TestCaseExecutor.processExecutionPhase(TestCaseExecutor.java:298)
	at com.kms.katalon.core.main.TestCaseExecutor.accessMainPhase(TestCaseExecutor.java:290)
	at com.kms.katalon.core.main.TestCaseExecutor.execute(TestCaseExecutor.java:224)
	at com.kms.katalon.core.main.TestCaseMain.runTestCase(TestCaseMain.java:106)
	at com.kms.katalon.core.keyword.builtin.CallTestCaseKeyword$_callTestCase_closure1.doCall(CallTestCaseKeyword.groovy:59)
	at com.kms.katalon.core.keyword.builtin.CallTestCaseKeyword$_callTestCase_closure1.call(CallTestCaseKeyword.groovy)
	at com.kms.katalon.core.keyword.internal.KeywordMain.runKeyword(KeywordMain.groovy:54)
	at com.kms.katalon.core.keyword.builtin.CallTestCaseKeyword.callTestCase(CallTestCaseKeyword.groovy:80)
	at com.kms.katalon.core.keyword.builtin.CallTestCaseKeyword.execute(CallTestCaseKeyword.groovy:44)
	at com.kms.katalon.core.keyword.internal.KeywordExecutor.executeKeywordForPlatform(KeywordExecutor.groovy:53)
	at com.kms.katalon.core.keyword.BuiltinKeywords.callTestCase(BuiltinKeywords.groovy:334)
	at Reject Claim - RIA.run(Reject Claim - RIA:30)
	at com.kms.katalon.core.main.ScriptEngine.run(ScriptEngine.java:194)
	at com.kms.katalon.core.main.ScriptEngine.runScriptAsRawText(ScriptEngine.java:119)
	at com.kms.katalon.core.main.TestCaseExecutor.runScript(TestCaseExecutor.java:328)
	at com.kms.katalon.core.main.TestCaseExecutor.doExecute(TestCaseExecutor.java:319)
	at com.kms.katalon.core.main.TestCaseExecutor.processExecutionPhase(TestCaseExecutor.java:298)
	at com.kms.katalon.core.main.TestCaseExecutor.accessMainPhase(TestCaseExecutor.java:290)
	at com.kms.katalon.core.main.TestCaseExecutor.execute(TestCaseExecutor.java:224)
	at com.kms.katalon.core.main.TestSuiteExecutor.accessTestCaseMainPhase(TestSuiteExecutor.java:129)
	at com.kms.katalon.core.main.TestSuiteExecutor.accessTestSuiteMainPhase(TestSuiteExecutor.java:112)
	at com.kms.katalon.core.main.TestSuiteExecutor.execute(TestSuiteExecutor.java:81)
	at com.kms.katalon.core.main.TestCaseMain.startTestSuite(TestCaseMain.java:149)
	at com.kms.katalon.core.main.TestCaseMain$startTestSuite$0.call(Unknown Source)
	at TempTestSuite1550738418733.run(TempTestSuite1550738418733.groovy:36)


2019-02-21 17:17:25 - [TEST_STEP][PASSED] - openBrowser(""): Browser is opened with url: ''

2019-02-21 17:17:25 - [MESSAGE][WARNING] - A browser is already opened. Closing browser and opening a new one

2019-02-21 17:17:26 - [MESSAGE][INFO] - Starting 'Chrome' driver

2019-02-21 17:17:26 - [MESSAGE][INFO] - User set preference: ['args', '[--start-maximized]']

2019-02-21 17:17:28 - [MESSAGE][PASSED] - Browser is opened with url: ''

2019-02-21 17:17:28 - [TEST_STEP][PASSED] - navigateToUrl(Internal_Login): Navigate to 'http://10.20.24.188/eisportal/user/login' successfully

2019-02-21 17:17:29 - [MESSAGE][PASSED] - Navigate to 'http://10.20.24.188/eisportal/user/login' successfully

2019-02-21 17:17:29 - [TEST_STEP][PASSED] - callTestCase(findTestCase("All TC/Arranged/1. Common/Internal Email Finder"), [:], STOP_ON_FAILURE): Call Test Case 'Test Cases/All TC/Arranged/1. Common/Internal Email Finder' successfully

2019-02-21 17:17:29 - [TEST_CASE][PASSED] - Test Cases/All TC/Arranged/1. Common/Internal Email Finder: Test Cases/All TC/Arranged/1. Common/Internal Email Finder

2019-02-21 17:17:29 - [TEST_STEP][PASSED] - callTestCase(findTestCase("All TC/Arranged/1. Common/1.1 Getter/Getter UserName"), [:], CONTINUE_ON_FAILURE): Call Test Case 'Test Cases/All TC/Arranged/1. Common/1.1 Getter/Getter UserName' successfully

2019-02-21 17:17:29 - [TEST_CASE][PASSED] - Test Cases/All TC/Arranged/1. Common/1.1 Getter/Getter UserName: Test Cases/All TC/Arranged/1. Common/1.1 Getter/Getter UserName

2019-02-21 17:17:29 - [TEST_STEP][PASSED] - try: null

2019-02-21 17:17:29 - [TEST_STEP][PASSED] - RefNo = new java.io.File((internal.GlobalVariable.TextFilePathCommon + \getUser.txt)): null

2019-02-21 17:17:29 - [TEST_STEP][PASSED] - bufferread = new java.io.BufferedReader(new java.io.FileReader(RefNo)): null

2019-02-21 17:17:29 - [TEST_STEP][PASSED] - readedVal = bufferread.readLine(): null

2019-02-21 17:17:29 - [TEST_STEP][PASSED] - out.println(UserName): null

2019-02-21 17:17:29 - [TEST_STEP][PASSED] - out.println(readedVal): null

2019-02-21 17:17:29 - [TEST_STEP][PASSED] - UserName = "": null

2019-02-21 17:17:29 - [TEST_STEP][PASSED] - UserName = readedVal: null

2019-02-21 17:17:29 - [MESSAGE][PASSED] - Call Test Case 'Test Cases/All TC/Arranged/1. Common/1.1 Getter/Getter UserName' successfully

2019-02-21 17:17:29 - [TEST_STEP][PASSED] - StrA = UserName: null

2019-02-21 17:17:29 - [TEST_STEP][PASSED] - StrB = <not implemented yet for class: org.codehaus.groovy.ast.expr.EmptyExpression>: null

2019-02-21 17:17:29 - [TEST_STEP][PASSED] - Counter = 1: null

2019-02-21 17:17:29 - [TEST_STEP][PASSED] - while (!(StrB.equals(StrA)) && !(Counter > findTestData("Internal User List").getRowNumbers())): null

2019-02-21 17:17:29 - [MESSAGE][PASSED] - Call Test Case 'Test Cases/All TC/Arranged/1. Common/Internal Email Finder' successfully

2019-02-21 17:17:29 - [TEST_STEP][PASSED] - setText(findTestObject("KinJun/4.0 RIA Claim/SEIO Internal Login - RIA Claim - Reject/Page_PERKESO/Input username"), InternalEmail): Text 'jamal.mohammad@perkeso.gov.my' is set on object 'Object Repository/KinJun/4.0 RIA Claim/SEIO Internal Login - RIA Claim - Reject/Page_PERKESO/Input username'

2019-02-21 17:17:30 - [MESSAGE][PASSED] - Text 'jamal.mohammad@perkeso.gov.my' is set on object 'Object Repository/KinJun/4.0 RIA Claim/SEIO Internal Login - RIA Claim - Reject/Page_PERKESO/Input username'

2019-02-21 17:17:30 - [TEST_STEP][PASSED] - setEncryptedText(findTestObject("KinJun/4.0 RIA Claim/SEIO Internal Login - RIA Claim - Reject/Page_PERKESO/Input password"), "CQqwFZlbeC8="): Text ****** has been set on object 'Object Repository/KinJun/4.0 RIA Claim/SEIO Internal Login - RIA Claim - Reject/Page_PERKESO/Input password'

2019-02-21 17:17:30 - [MESSAGE][PASSED] - Text ****** has been set on object 'Object Repository/KinJun/4.0 RIA Claim/SEIO Internal Login - RIA Claim - Reject/Page_PERKESO/Input password'

2019-02-21 17:17:30 - [TEST_STEP][PASSED] - click(findTestObject("KinJun/4.0 RIA Claim/SEIO Internal Login - RIA Claim - Reject/Page_PERKESO/Btn login")): Object: 'Object Repository/KinJun/4.0 RIA Claim/SEIO Internal Login - RIA Claim - Reject/Page_PERKESO/Btn login' is clicked on

2019-02-21 17:17:31 - [MESSAGE][PASSED] - Object: 'Object Repository/KinJun/4.0 RIA Claim/SEIO Internal Login - RIA Claim - Reject/Page_PERKESO/Btn login' is clicked on

2019-02-21 17:17:31 - [TEST_STEP][PASSED] - delay(3): Delayed 3 second(s)

2019-02-21 17:17:34 - [MESSAGE][PASSED] - Delayed 3 second(s)

2019-02-21 17:17:34 - [TEST_STEP][PASSED] - click(findTestObject("KinJun/4.0 RIA Claim/SEIO Internal Login - RIA Claim - Reject/Page_PERKESO/Click workbasket")): Object: 'Object Repository/KinJun/4.0 RIA Claim/SEIO Internal Login - RIA Claim - Reject/Page_PERKESO/Click workbasket' is clicked on

2019-02-21 17:17:35 - [MESSAGE][PASSED] - Object: 'Object Repository/KinJun/4.0 RIA Claim/SEIO Internal Login - RIA Claim - Reject/Page_PERKESO/Click workbasket' is clicked on

2019-02-21 17:17:35 - [TEST_STEP][PASSED] - delay(3): Delayed 3 second(s)

2019-02-21 17:17:38 - [MESSAGE][PASSED] - Delayed 3 second(s)

2019-02-21 17:17:38 - [TEST_STEP][PASSED] - click(findTestObject("KinJun/4.0 RIA Claim/SEIO Internal Login - RIA Claim - Reject/Page_PERKESO/Click Claim")): Object: 'Object Repository/KinJun/4.0 RIA Claim/SEIO Internal Login - RIA Claim - Reject/Page_PERKESO/Click Claim' is clicked on

2019-02-21 17:17:39 - [MESSAGE][PASSED] - Object: 'Object Repository/KinJun/4.0 RIA Claim/SEIO Internal Login - RIA Claim - Reject/Page_PERKESO/Click Claim' is clicked on

2019-02-21 17:17:39 - [TEST_STEP][PASSED] - delay(3): Delayed 3 second(s)

2019-02-21 17:17:42 - [MESSAGE][PASSED] - Delayed 3 second(s)

2019-02-21 17:17:42 - [TEST_STEP][PASSED] - click(findTestObject("KinJun/4.0 RIA Claim/SEIO Internal Login - RIA Claim - Reject/Page_PERKESO/Click SearchClaim")): Object: 'Object Repository/KinJun/4.0 RIA Claim/SEIO Internal Login - RIA Claim - Reject/Page_PERKESO/Click SearchClaim' is clicked on

2019-02-21 17:17:42 - [MESSAGE][PASSED] - Object: 'Object Repository/KinJun/4.0 RIA Claim/SEIO Internal Login - RIA Claim - Reject/Page_PERKESO/Click SearchClaim' is clicked on

2019-02-21 17:17:42 - [TEST_STEP][PASSED] - delay(3): Delayed 3 second(s)

2019-02-21 17:17:45 - [MESSAGE][PASSED] - Delayed 3 second(s)

2019-02-21 17:17:45 - [TEST_STEP][PASSED] - callTestCase(findTestCase("All TC/Arranged/1. Common/1.1 Getter/Getter Approval ID"), [:], STOP_ON_FAILURE): Call Test Case 'Test Cases/All TC/Arranged/1. Common/1.1 Getter/Getter Approval ID' successfully

2019-02-21 17:17:45 - [TEST_CASE][PASSED] - Test Cases/All TC/Arranged/1. Common/1.1 Getter/Getter Approval ID: Test Cases/All TC/Arranged/1. Common/1.1 Getter/Getter Approval ID

2019-02-21 17:17:45 - [TEST_STEP][PASSED] - try: null

2019-02-21 17:17:45 - [TEST_STEP][PASSED] - RefNo = new java.io.File((internal.GlobalVariable.TextFilePathCommon + \getApprovalID.txt)): null

2019-02-21 17:17:45 - [TEST_STEP][PASSED] - bufferread = new java.io.BufferedReader(new java.io.FileReader(RefNo)): null

2019-02-21 17:17:45 - [TEST_STEP][PASSED] - readedVal = bufferread.readLine(): null

2019-02-21 17:17:45 - [TEST_STEP][PASSED] - out.println(ApprovalID): null

2019-02-21 17:17:45 - [TEST_STEP][PASSED] - out.println(readedVal): null

2019-02-21 17:17:45 - [TEST_STEP][PASSED] - ApprovalID = "": null

2019-02-21 17:17:45 - [TEST_STEP][PASSED] - ApprovalID = readedVal: null

2019-02-21 17:17:45 - [MESSAGE][PASSED] - Call Test Case 'Test Cases/All TC/Arranged/1. Common/1.1 Getter/Getter Approval ID' successfully

2019-02-21 17:17:45 - [TEST_STEP][FAILED] - setText(findTestObject("KinJun/4.0 RIA Claim/SEIO Internal Login - RIA Claim - Reject/Page_PERKESO/Input approvalID"), ApprovalID): setText(findTestObject("KinJun/4.0 RIA Claim/SEIO Internal Login - RIA Claim - Reject/Page_PERKESO/Input approvalID"), ApprovalID) FAILED.
Reason:
com.kms.katalon.core.exception.StepFailedException: Unable to set text 'null' of object 'Object Repository/KinJun/4.0 RIA Claim/SEIO Internal Login - RIA Claim - Reject/Page_PERKESO/Input approvalID' (Root cause: java.lang.IllegalArgumentException: Text is null)
	at com.kms.katalon.core.keyword.internal.KeywordMain.stepFailed(KeywordMain.groovy:36)
	at com.kms.katalon.core.webui.keyword.internal.WebUIKeywordMain.stepFailed(WebUIKeywordMain.groovy:65)
	at com.kms.katalon.core.webui.keyword.internal.WebUIKeywordMain.runKeyword(WebUIKeywordMain.groovy:27)
	at com.kms.katalon.core.webui.keyword.builtin.SetTextKeyword.setText(SetTextKeyword.groovy:65)
	at com.kms.katalon.core.webui.keyword.builtin.SetTextKeyword.execute(SetTextKeyword.groovy:37)
	at com.kms.katalon.core.keyword.internal.KeywordExecutor.executeKeywordForPlatform(KeywordExecutor.groovy:53)
	at com.kms.katalon.core.webui.keyword.WebUiBuiltInKeywords.setText(WebUiBuiltInKeywords.groovy:950)
	at com.kms.katalon.core.webui.keyword.WebUiBuiltInKeywords$setText$1.call(Unknown Source)
	at SEIO Internal Login - RIA Claim - Reject.run(SEIO Internal Login - RIA Claim - Reject:46)
	at com.kms.katalon.core.main.ScriptEngine.run(ScriptEngine.java:194)
	at com.kms.katalon.core.main.ScriptEngine.runScriptAsRawText(ScriptEngine.java:119)
	at com.kms.katalon.core.main.TestCaseExecutor.runScript(TestCaseExecutor.java:328)
	at com.kms.katalon.core.main.TestCaseExecutor.doExecute(TestCaseExecutor.java:319)
	at com.kms.katalon.core.main.TestCaseExecutor.processExecutionPhase(TestCaseExecutor.java:298)
	at com.kms.katalon.core.main.TestCaseExecutor.accessMainPhase(TestCaseExecutor.java:290)
	at com.kms.katalon.core.main.TestCaseExecutor.execute(TestCaseExecutor.java:224)
	at com.kms.katalon.core.main.TestCaseMain.runTestCase(TestCaseMain.java:106)
	at com.kms.katalon.core.keyword.builtin.CallTestCaseKeyword$_callTestCase_closure1.doCall(CallTestCaseKeyword.groovy:59)
	at com.kms.katalon.core.keyword.builtin.CallTestCaseKeyword$_callTestCase_closure1.call(CallTestCaseKeyword.groovy)
	at com.kms.katalon.core.keyword.internal.KeywordMain.runKeyword(KeywordMain.groovy:54)
	at com.kms.katalon.core.keyword.builtin.CallTestCaseKeyword.callTestCase(CallTestCaseKeyword.groovy:80)
	at com.kms.katalon.core.keyword.builtin.CallTestCaseKeyword.execute(CallTestCaseKeyword.groovy:44)
	at com.kms.katalon.core.keyword.internal.KeywordExecutor.executeKeywordForPlatform(KeywordExecutor.groovy:53)
	at com.kms.katalon.core.keyword.BuiltinKeywords.callTestCase(BuiltinKeywords.groovy:334)
	at Reject Claim - RIA.run(Reject Claim - RIA:30)
	at com.kms.katalon.core.main.ScriptEngine.run(ScriptEngine.java:194)
	at com.kms.katalon.core.main.ScriptEngine.runScriptAsRawText(ScriptEngine.java:119)
	at com.kms.katalon.core.main.TestCaseExecutor.runScript(TestCaseExecutor.java:328)
	at com.kms.katalon.core.main.TestCaseExecutor.doExecute(TestCaseExecutor.java:319)
	at com.kms.katalon.core.main.TestCaseExecutor.processExecutionPhase(TestCaseExecutor.java:298)
	at com.kms.katalon.core.main.TestCaseExecutor.accessMainPhase(TestCaseExecutor.java:290)
	at com.kms.katalon.core.main.TestCaseExecutor.execute(TestCaseExecutor.java:224)
	at com.kms.katalon.core.main.TestSuiteExecutor.accessTestCaseMainPhase(TestSuiteExecutor.java:129)
	at com.kms.katalon.core.main.TestSuiteExecutor.accessTestSuiteMainPhase(TestSuiteExecutor.java:112)
	at com.kms.katalon.core.main.TestSuiteExecutor.execute(TestSuiteExecutor.java:81)
	at com.kms.katalon.core.main.TestCaseMain.startTestSuite(TestCaseMain.java:149)
	at com.kms.katalon.core.main.TestCaseMain$startTestSuite$0.call(Unknown Source)
	at TempTestSuite1550738418733.run(TempTestSuite1550738418733.groovy:36)


2019-02-21 17:17:46 - [MESSAGE][FAILED] - Unable to set text 'null' of object 'Object Repository/KinJun/4.0 RIA Claim/SEIO Internal Login - RIA Claim - Reject/Page_PERKESO/Input approvalID' (Root cause: java.lang.IllegalArgumentException: Text is null)
[[ATTACHMENT|C:\\Users\\Admin\\Documents\\GitHub\\PKSKatalon\\PKS-EI-ES\\Reports\\New Test Suite\\20190221_164018\\1550740665612.png]]

2019-02-21 17:17:46 - [MESSAGE][FAILED] - setText(findTestObject("KinJun/4.0 RIA Claim/SEIO Internal Login - RIA Claim - Reject/Page_PERKESO/Input approvalID"), ApprovalID) FAILED.
Reason:
com.kms.katalon.core.exception.StepFailedException: Unable to set text 'null' of object 'Object Repository/KinJun/4.0 RIA Claim/SEIO Internal Login - RIA Claim - Reject/Page_PERKESO/Input approvalID' (Root cause: java.lang.IllegalArgumentException: Text is null)
	at com.kms.katalon.core.keyword.internal.KeywordMain.stepFailed(KeywordMain.groovy:36)
	at com.kms.katalon.core.webui.keyword.internal.WebUIKeywordMain.stepFailed(WebUIKeywordMain.groovy:65)
	at com.kms.katalon.core.webui.keyword.internal.WebUIKeywordMain.runKeyword(WebUIKeywordMain.groovy:27)
	at com.kms.katalon.core.webui.keyword.builtin.SetTextKeyword.setText(SetTextKeyword.groovy:65)
	at com.kms.katalon.core.webui.keyword.builtin.SetTextKeyword.execute(SetTextKeyword.groovy:37)
	at com.kms.katalon.core.keyword.internal.KeywordExecutor.executeKeywordForPlatform(KeywordExecutor.groovy:53)
	at com.kms.katalon.core.webui.keyword.WebUiBuiltInKeywords.setText(WebUiBuiltInKeywords.groovy:950)
	at com.kms.katalon.core.webui.keyword.WebUiBuiltInKeywords$setText$1.call(Unknown Source)
	at SEIO Internal Login - RIA Claim - Reject.run(SEIO Internal Login - RIA Claim - Reject:46)
	at com.kms.katalon.core.main.ScriptEngine.run(ScriptEngine.java:194)
	at com.kms.katalon.core.main.ScriptEngine.runScriptAsRawText(ScriptEngine.java:119)
	at com.kms.katalon.core.main.TestCaseExecutor.runScript(TestCaseExecutor.java:328)
	at com.kms.katalon.core.main.TestCaseExecutor.doExecute(TestCaseExecutor.java:319)
	at com.kms.katalon.core.main.TestCaseExecutor.processExecutionPhase(TestCaseExecutor.java:298)
	at com.kms.katalon.core.main.TestCaseExecutor.accessMainPhase(TestCaseExecutor.java:290)
	at com.kms.katalon.core.main.TestCaseExecutor.execute(TestCaseExecutor.java:224)
	at com.kms.katalon.core.main.TestCaseMain.runTestCase(TestCaseMain.java:106)
	at com.kms.katalon.core.keyword.builtin.CallTestCaseKeyword$_callTestCase_closure1.doCall(CallTestCaseKeyword.groovy:59)
	at com.kms.katalon.core.keyword.builtin.CallTestCaseKeyword$_callTestCase_closure1.call(CallTestCaseKeyword.groovy)
	at com.kms.katalon.core.keyword.internal.KeywordMain.runKeyword(KeywordMain.groovy:54)
	at com.kms.katalon.core.keyword.builtin.CallTestCaseKeyword.callTestCase(CallTestCaseKeyword.groovy:80)
	at com.kms.katalon.core.keyword.builtin.CallTestCaseKeyword.execute(CallTestCaseKeyword.groovy:44)
	at com.kms.katalon.core.keyword.internal.KeywordExecutor.executeKeywordForPlatform(KeywordExecutor.groovy:53)
	at com.kms.katalon.core.keyword.BuiltinKeywords.callTestCase(BuiltinKeywords.groovy:334)
	at Reject Claim - RIA.run(Reject Claim - RIA:30)
	at com.kms.katalon.core.main.ScriptEngine.run(ScriptEngine.java:194)
	at com.kms.katalon.core.main.ScriptEngine.runScriptAsRawText(ScriptEngine.java:119)
	at com.kms.katalon.core.main.TestCaseExecutor.runScript(TestCaseExecutor.java:328)
	at com.kms.katalon.core.main.TestCaseExecutor.doExecute(TestCaseExecutor.java:319)
	at com.kms.katalon.core.main.TestCaseExecutor.processExecutionPhase(TestCaseExecutor.java:298)
	at com.kms.katalon.core.main.TestCaseExecutor.accessMainPhase(TestCaseExecutor.java:290)
	at com.kms.katalon.core.main.TestCaseExecutor.execute(TestCaseExecutor.java:224)
	at com.kms.katalon.core.main.TestSuiteExecutor.accessTestCaseMainPhase(TestSuiteExecutor.java:129)
	at com.kms.katalon.core.main.TestSuiteExecutor.accessTestSuiteMainPhase(TestSuiteExecutor.java:112)
	at com.kms.katalon.core.main.TestSuiteExecutor.execute(TestSuiteExecutor.java:81)
	at com.kms.katalon.core.main.TestCaseMain.startTestSuite(TestCaseMain.java:149)
	at com.kms.katalon.core.main.TestCaseMain$startTestSuite$0.call(Unknown Source)
	at TempTestSuite1550738418733.run(TempTestSuite1550738418733.groovy:36)


2019-02-21 17:17:48 - [MESSAGE][FAILED] - Unable to call Test Case 'Test Cases/All TC/Arranged/2. Segment/2.4  RIA Claim/SEIO Internal Login - RIA Claim - Reject' (Root cause: com.kms.katalon.core.exception.StepFailedException: Call Test Case 'Test Cases/All TC/Arranged/2. Segment/2.4  RIA Claim/SEIO Internal Login - RIA Claim - Reject' failed)

2019-02-21 17:17:48 - [MESSAGE][FAILED] - callTestCase(findTestCase("All TC/Arranged/2. Segment/2.4  RIA Claim/SEIO Internal Login - RIA Claim - Reject"), [:], STOP_ON_FAILURE) FAILED.
Reason:
com.kms.katalon.core.exception.StepFailedException: Unable to set text 'null' of object 'Object Repository/KinJun/4.0 RIA Claim/SEIO Internal Login - RIA Claim - Reject/Page_PERKESO/Input approvalID' (Root cause: java.lang.IllegalArgumentException: Text is null)
	at com.kms.katalon.core.keyword.internal.KeywordMain.stepFailed(KeywordMain.groovy:36)
	at com.kms.katalon.core.webui.keyword.internal.WebUIKeywordMain.stepFailed(WebUIKeywordMain.groovy:65)
	at com.kms.katalon.core.webui.keyword.internal.WebUIKeywordMain.runKeyword(WebUIKeywordMain.groovy:27)
	at com.kms.katalon.core.webui.keyword.builtin.SetTextKeyword.setText(SetTextKeyword.groovy:65)
	at com.kms.katalon.core.webui.keyword.builtin.SetTextKeyword.execute(SetTextKeyword.groovy:37)
	at com.kms.katalon.core.keyword.internal.KeywordExecutor.executeKeywordForPlatform(KeywordExecutor.groovy:53)
	at com.kms.katalon.core.webui.keyword.WebUiBuiltInKeywords.setText(WebUiBuiltInKeywords.groovy:950)
	at com.kms.katalon.core.webui.keyword.WebUiBuiltInKeywords$setText$1.call(Unknown Source)
	at SEIO Internal Login - RIA Claim - Reject.run(SEIO Internal Login - RIA Claim - Reject:46)
	at com.kms.katalon.core.main.ScriptEngine.run(ScriptEngine.java:194)
	at com.kms.katalon.core.main.ScriptEngine.runScriptAsRawText(ScriptEngine.java:119)
	at com.kms.katalon.core.main.TestCaseExecutor.runScript(TestCaseExecutor.java:328)
	at com.kms.katalon.core.main.TestCaseExecutor.doExecute(TestCaseExecutor.java:319)
	at com.kms.katalon.core.main.TestCaseExecutor.processExecutionPhase(TestCaseExecutor.java:298)
	at com.kms.katalon.core.main.TestCaseExecutor.accessMainPhase(TestCaseExecutor.java:290)
	at com.kms.katalon.core.main.TestCaseExecutor.execute(TestCaseExecutor.java:224)
	at com.kms.katalon.core.main.TestCaseMain.runTestCase(TestCaseMain.java:106)
	at com.kms.katalon.core.keyword.builtin.CallTestCaseKeyword$_callTestCase_closure1.doCall(CallTestCaseKeyword.groovy:59)
	at com.kms.katalon.core.keyword.builtin.CallTestCaseKeyword$_callTestCase_closure1.call(CallTestCaseKeyword.groovy)
	at com.kms.katalon.core.keyword.internal.KeywordMain.runKeyword(KeywordMain.groovy:54)
	at com.kms.katalon.core.keyword.builtin.CallTestCaseKeyword.callTestCase(CallTestCaseKeyword.groovy:80)
	at com.kms.katalon.core.keyword.builtin.CallTestCaseKeyword.execute(CallTestCaseKeyword.groovy:44)
	at com.kms.katalon.core.keyword.internal.KeywordExecutor.executeKeywordForPlatform(KeywordExecutor.groovy:53)
	at com.kms.katalon.core.keyword.BuiltinKeywords.callTestCase(BuiltinKeywords.groovy:334)
	at Reject Claim - RIA.run(Reject Claim - RIA:30)
	at com.kms.katalon.core.main.ScriptEngine.run(ScriptEngine.java:194)
	at com.kms.katalon.core.main.ScriptEngine.runScriptAsRawText(ScriptEngine.java:119)
	at com.kms.katalon.core.main.TestCaseExecutor.runScript(TestCaseExecutor.java:328)
	at com.kms.katalon.core.main.TestCaseExecutor.doExecute(TestCaseExecutor.java:319)
	at com.kms.katalon.core.main.TestCaseExecutor.processExecutionPhase(TestCaseExecutor.java:298)
	at com.kms.katalon.core.main.TestCaseExecutor.accessMainPhase(TestCaseExecutor.java:290)
	at com.kms.katalon.core.main.TestCaseExecutor.execute(TestCaseExecutor.java:224)
	at com.kms.katalon.core.main.TestSuiteExecutor.accessTestCaseMainPhase(TestSuiteExecutor.java:129)
	at com.kms.katalon.core.main.TestSuiteExecutor.accessTestSuiteMainPhase(TestSuiteExecutor.java:112)
	at com.kms.katalon.core.main.TestSuiteExecutor.execute(TestSuiteExecutor.java:81)
	at com.kms.katalon.core.main.TestCaseMain.startTestSuite(TestCaseMain.java:149)
	at com.kms.katalon.core.main.TestCaseMain$startTestSuite$0.call(Unknown Source)
	at TempTestSuite1550738418733.run(TempTestSuite1550738418733.groovy:36)]]></system-out>
         <system-err><![CDATA[2019-02-21 17:07:32 - [TEST_CASE][FAILED] - Test Cases/All TC/Arranged/0. Full Flow/Reject Claim - RIA: Test Cases/All TC/Arranged/0. Full Flow/Reject Claim - RIA FAILED.
Reason:
com.kms.katalon.core.exception.StepFailedException: Unable to set text 'null' of object 'Object Repository/KinJun/4.0 RIA Claim/SEIO Internal Login - RIA Claim - Reject/Page_PERKESO/Input approvalID' (Root cause: java.lang.IllegalArgumentException: Text is null)
	at com.kms.katalon.core.keyword.internal.KeywordMain.stepFailed(KeywordMain.groovy:36)
	at com.kms.katalon.core.webui.keyword.internal.WebUIKeywordMain.stepFailed(WebUIKeywordMain.groovy:65)
	at com.kms.katalon.core.webui.keyword.internal.WebUIKeywordMain.runKeyword(WebUIKeywordMain.groovy:27)
	at com.kms.katalon.core.webui.keyword.builtin.SetTextKeyword.setText(SetTextKeyword.groovy:65)
	at com.kms.katalon.core.webui.keyword.builtin.SetTextKeyword.execute(SetTextKeyword.groovy:37)
	at com.kms.katalon.core.keyword.internal.KeywordExecutor.executeKeywordForPlatform(KeywordExecutor.groovy:53)
	at com.kms.katalon.core.webui.keyword.WebUiBuiltInKeywords.setText(WebUiBuiltInKeywords.groovy:950)
	at com.kms.katalon.core.webui.keyword.WebUiBuiltInKeywords$setText$1.call(Unknown Source)
	at SEIO Internal Login - RIA Claim - Reject.run(SEIO Internal Login - RIA Claim - Reject:46)
	at com.kms.katalon.core.main.ScriptEngine.run(ScriptEngine.java:194)
	at com.kms.katalon.core.main.ScriptEngine.runScriptAsRawText(ScriptEngine.java:119)
	at com.kms.katalon.core.main.TestCaseExecutor.runScript(TestCaseExecutor.java:328)
	at com.kms.katalon.core.main.TestCaseExecutor.doExecute(TestCaseExecutor.java:319)
	at com.kms.katalon.core.main.TestCaseExecutor.processExecutionPhase(TestCaseExecutor.java:298)
	at com.kms.katalon.core.main.TestCaseExecutor.accessMainPhase(TestCaseExecutor.java:290)
	at com.kms.katalon.core.main.TestCaseExecutor.execute(TestCaseExecutor.java:224)
	at com.kms.katalon.core.main.TestCaseMain.runTestCase(TestCaseMain.java:106)
	at com.kms.katalon.core.keyword.builtin.CallTestCaseKeyword$_callTestCase_closure1.doCall(CallTestCaseKeyword.groovy:59)
	at com.kms.katalon.core.keyword.builtin.CallTestCaseKeyword$_callTestCase_closure1.call(CallTestCaseKeyword.groovy)
	at com.kms.katalon.core.keyword.internal.KeywordMain.runKeyword(KeywordMain.groovy:54)
	at com.kms.katalon.core.keyword.builtin.CallTestCaseKeyword.callTestCase(CallTestCaseKeyword.groovy:80)
	at com.kms.katalon.core.keyword.builtin.CallTestCaseKeyword.execute(CallTestCaseKeyword.groovy:44)
	at com.kms.katalon.core.keyword.internal.KeywordExecutor.executeKeywordForPlatform(KeywordExecutor.groovy:53)
	at com.kms.katalon.core.keyword.BuiltinKeywords.callTestCase(BuiltinKeywords.groovy:334)
	at Reject Claim - RIA.run(Reject Claim - RIA:30)
	at com.kms.katalon.core.main.ScriptEngine.run(ScriptEngine.java:194)
	at com.kms.katalon.core.main.ScriptEngine.runScriptAsRawText(ScriptEngine.java:119)
	at com.kms.katalon.core.main.TestCaseExecutor.runScript(TestCaseExecutor.java:328)
	at com.kms.katalon.core.main.TestCaseExecutor.doExecute(TestCaseExecutor.java:319)
	at com.kms.katalon.core.main.TestCaseExecutor.processExecutionPhase(TestCaseExecutor.java:298)
	at com.kms.katalon.core.main.TestCaseExecutor.accessMainPhase(TestCaseExecutor.java:290)
	at com.kms.katalon.core.main.TestCaseExecutor.execute(TestCaseExecutor.java:224)
	at com.kms.katalon.core.main.TestSuiteExecutor.accessTestCaseMainPhase(TestSuiteExecutor.java:129)
	at com.kms.katalon.core.main.TestSuiteExecutor.accessTestSuiteMainPhase(TestSuiteExecutor.java:112)
	at com.kms.katalon.core.main.TestSuiteExecutor.execute(TestSuiteExecutor.java:81)
	at com.kms.katalon.core.main.TestCaseMain.startTestSuite(TestCaseMain.java:149)
	at com.kms.katalon.core.main.TestCaseMain$startTestSuite$0.call(Unknown Source)
	at TempTestSuite1550738418733.run(TempTestSuite1550738418733.groovy:36)]]></system-err>
      </testcase>
      <testcase name="Test Cases/All TC/Arranged/0. Full Flow/Reject Claim - DA" classname="Test Cases/All TC/Arranged/0. Full Flow/Reject Claim - DA" status="FAILED">
         <failure type="FAILED" message="Test Cases/All TC/Arranged/0. Full Flow/Reject Claim - DA FAILED.
Reason:
com.kms.katalon.core.exception.StepFailedException: Unable to set text '660126015202' of object 'Object Repository/KinJun/3.1 RIA Application/EIO Internal Login - RIA Application - Approve/Page_PERKESO/Input IC' (Root cause: org.openqa.selenium.ElementNotVisibleException: element not interactable
  (Session info: chrome=72.0.3626.109)
  (Driver info: chromedriver=2.43.600210 (68dcf5eebde37173d4027fa8635e332711d2874a),platform=Windows NT 6.1.7601 SP1 x86_64) (WARNING: The server did not provide any stacktrace information)
Command duration or timeout: 0 milliseconds
Build info: version: '3.7.1', revision: '8a0099a', time: '2017-11-06T21:07:36.161Z'
System info: host: 'WIN7TEST02', ip: '10.20.3.72', os.name: 'Windows 7', os.arch: 'amd64', os.version: '6.1', java.version: '1.8.0_181'
Driver info: com.kms.katalon.selenium.driver.CChromeDriver
Capabilities {acceptInsecureCerts: false, acceptSslCerts: false, applicationCacheEnabled: false, browserConnectionEnabled: false, browserName: chrome, chrome: {chromedriverVersion: 2.43.600210 (68dcf5eebde371..., userDataDir: C:\Users\Admin\AppData\Loca...}, cssSelectorsEnabled: true, databaseEnabled: false, goog:chromeOptions: {debuggerAddress: localhost:61376}, handlesAlerts: true, hasTouchScreen: false, javascriptEnabled: true, locationContextEnabled: true, mobileEmulationEnabled: false, nativeEvents: true, networkConnectionEnabled: false, pageLoadStrategy: normal, platform: XP, platformName: XP, rotatable: false, setWindowRect: true, takesHeapSnapshot: true, takesScreenshot: true, unexpectedAlertBehaviour: , unhandledPromptBehavior: , version: 72.0.3626.109, webStorageEnabled: true}
Session ID: 7aef40511af072daf7dcf6f4114fbf1a)
	at com.kms.katalon.core.keyword.internal.KeywordMain.stepFailed(KeywordMain.groovy:36)
	at com.kms.katalon.core.webui.keyword.internal.WebUIKeywordMain.stepFailed(WebUIKeywordMain.groovy:65)
	at com.kms.katalon.core.webui.keyword.internal.WebUIKeywordMain.runKeyword(WebUIKeywordMain.groovy:27)
	at com.kms.katalon.core.webui.keyword.builtin.SetTextKeyword.setText(SetTextKeyword.groovy:65)
	at com.kms.katalon.core.webui.keyword.builtin.SetTextKeyword.execute(SetTextKeyword.groovy:37)
	at com.kms.katalon.core.keyword.internal.KeywordExecutor.executeKeywordForPlatform(KeywordExecutor.groovy:53)
	at com.kms.katalon.core.webui.keyword.WebUiBuiltInKeywords.setText(WebUiBuiltInKeywords.groovy:950)
	at com.kms.katalon.core.webui.keyword.WebUiBuiltInKeywords$setText$1.call(Unknown Source)
	at EIO Internal Login - RIA Application - Approve.run(EIO Internal Login - RIA Application - Approve:40)
	at com.kms.katalon.core.main.ScriptEngine.run(ScriptEngine.java:194)
	at com.kms.katalon.core.main.ScriptEngine.runScriptAsRawText(ScriptEngine.java:119)
	at com.kms.katalon.core.main.TestCaseExecutor.runScript(TestCaseExecutor.java:328)
	at com.kms.katalon.core.main.TestCaseExecutor.doExecute(TestCaseExecutor.java:319)
	at com.kms.katalon.core.main.TestCaseExecutor.processExecutionPhase(TestCaseExecutor.java:298)
	at com.kms.katalon.core.main.TestCaseExecutor.accessMainPhase(TestCaseExecutor.java:290)
	at com.kms.katalon.core.main.TestCaseExecutor.execute(TestCaseExecutor.java:224)
	at com.kms.katalon.core.main.TestCaseMain.runTestCase(TestCaseMain.java:106)
	at com.kms.katalon.core.keyword.builtin.CallTestCaseKeyword$_callTestCase_closure1.doCall(CallTestCaseKeyword.groovy:59)
	at com.kms.katalon.core.keyword.builtin.CallTestCaseKeyword$_callTestCase_closure1.call(CallTestCaseKeyword.groovy)
	at com.kms.katalon.core.keyword.internal.KeywordMain.runKeyword(KeywordMain.groovy:54)
	at com.kms.katalon.core.keyword.builtin.CallTestCaseKeyword.callTestCase(CallTestCaseKeyword.groovy:80)
	at com.kms.katalon.core.keyword.builtin.CallTestCaseKeyword.execute(CallTestCaseKeyword.groovy:44)
	at com.kms.katalon.core.keyword.internal.KeywordExecutor.executeKeywordForPlatform(KeywordExecutor.groovy:53)
	at com.kms.katalon.core.keyword.BuiltinKeywords.callTestCase(BuiltinKeywords.groovy:334)
	at Reject Claim - DA.run(Reject Claim - DA:22)
	at com.kms.katalon.core.main.ScriptEngine.run(ScriptEngine.java:194)
	at com.kms.katalon.core.main.ScriptEngine.runScriptAsRawText(ScriptEngine.java:119)
	at com.kms.katalon.core.main.TestCaseExecutor.runScript(TestCaseExecutor.java:328)
	at com.kms.katalon.core.main.TestCaseExecutor.doExecute(TestCaseExecutor.java:319)
	at com.kms.katalon.core.main.TestCaseExecutor.processExecutionPhase(TestCaseExecutor.java:298)
	at com.kms.katalon.core.main.TestCaseExecutor.accessMainPhase(TestCaseExecutor.java:290)
	at com.kms.katalon.core.main.TestCaseExecutor.execute(TestCaseExecutor.java:224)
	at com.kms.katalon.core.main.TestSuiteExecutor.accessTestCaseMainPhase(TestSuiteExecutor.java:129)
	at com.kms.katalon.core.main.TestSuiteExecutor.accessTestSuiteMainPhase(TestSuiteExecutor.java:112)
	at com.kms.katalon.core.main.TestSuiteExecutor.execute(TestSuiteExecutor.java:81)
	at com.kms.katalon.core.main.TestCaseMain.startTestSuite(TestCaseMain.java:149)
	at com.kms.katalon.core.main.TestCaseMain$startTestSuite$0.call(Unknown Source)
	at TempTestSuite1550738418733.run(TempTestSuite1550738418733.groovy:36)
"/>
         <system-out><![CDATA[2019-02-21 17:17:49 - [TEST_CASE][FAILED] - Test Cases/All TC/Arranged/0. Full Flow/Reject Claim - DA: Test Cases/All TC/Arranged/0. Full Flow/Reject Claim - DA FAILED.
Reason:
com.kms.katalon.core.exception.StepFailedException: Unable to set text '660126015202' of object 'Object Repository/KinJun/3.1 RIA Application/EIO Internal Login - RIA Application - Approve/Page_PERKESO/Input IC' (Root cause: org.openqa.selenium.ElementNotVisibleException: element not interactable
  (Session info: chrome=72.0.3626.109)
  (Driver info: chromedriver=2.43.600210 (68dcf5eebde37173d4027fa8635e332711d2874a),platform=Windows NT 6.1.7601 SP1 x86_64) (WARNING: The server did not provide any stacktrace information)
Command duration or timeout: 0 milliseconds
Build info: version: '3.7.1', revision: '8a0099a', time: '2017-11-06T21:07:36.161Z'
System info: host: 'WIN7TEST02', ip: '10.20.3.72', os.name: 'Windows 7', os.arch: 'amd64', os.version: '6.1', java.version: '1.8.0_181'
Driver info: com.kms.katalon.selenium.driver.CChromeDriver
Capabilities {acceptInsecureCerts: false, acceptSslCerts: false, applicationCacheEnabled: false, browserConnectionEnabled: false, browserName: chrome, chrome: {chromedriverVersion: 2.43.600210 (68dcf5eebde371..., userDataDir: C:\Users\Admin\AppData\Loca...}, cssSelectorsEnabled: true, databaseEnabled: false, goog:chromeOptions: {debuggerAddress: localhost:61376}, handlesAlerts: true, hasTouchScreen: false, javascriptEnabled: true, locationContextEnabled: true, mobileEmulationEnabled: false, nativeEvents: true, networkConnectionEnabled: false, pageLoadStrategy: normal, platform: XP, platformName: XP, rotatable: false, setWindowRect: true, takesHeapSnapshot: true, takesScreenshot: true, unexpectedAlertBehaviour: , unhandledPromptBehavior: , version: 72.0.3626.109, webStorageEnabled: true}
Session ID: 7aef40511af072daf7dcf6f4114fbf1a)
	at com.kms.katalon.core.keyword.internal.KeywordMain.stepFailed(KeywordMain.groovy:36)
	at com.kms.katalon.core.webui.keyword.internal.WebUIKeywordMain.stepFailed(WebUIKeywordMain.groovy:65)
	at com.kms.katalon.core.webui.keyword.internal.WebUIKeywordMain.runKeyword(WebUIKeywordMain.groovy:27)
	at com.kms.katalon.core.webui.keyword.builtin.SetTextKeyword.setText(SetTextKeyword.groovy:65)
	at com.kms.katalon.core.webui.keyword.builtin.SetTextKeyword.execute(SetTextKeyword.groovy:37)
	at com.kms.katalon.core.keyword.internal.KeywordExecutor.executeKeywordForPlatform(KeywordExecutor.groovy:53)
	at com.kms.katalon.core.webui.keyword.WebUiBuiltInKeywords.setText(WebUiBuiltInKeywords.groovy:950)
	at com.kms.katalon.core.webui.keyword.WebUiBuiltInKeywords$setText$1.call(Unknown Source)
	at EIO Internal Login - RIA Application - Approve.run(EIO Internal Login - RIA Application - Approve:40)
	at com.kms.katalon.core.main.ScriptEngine.run(ScriptEngine.java:194)
	at com.kms.katalon.core.main.ScriptEngine.runScriptAsRawText(ScriptEngine.java:119)
	at com.kms.katalon.core.main.TestCaseExecutor.runScript(TestCaseExecutor.java:328)
	at com.kms.katalon.core.main.TestCaseExecutor.doExecute(TestCaseExecutor.java:319)
	at com.kms.katalon.core.main.TestCaseExecutor.processExecutionPhase(TestCaseExecutor.java:298)
	at com.kms.katalon.core.main.TestCaseExecutor.accessMainPhase(TestCaseExecutor.java:290)
	at com.kms.katalon.core.main.TestCaseExecutor.execute(TestCaseExecutor.java:224)
	at com.kms.katalon.core.main.TestCaseMain.runTestCase(TestCaseMain.java:106)
	at com.kms.katalon.core.keyword.builtin.CallTestCaseKeyword$_callTestCase_closure1.doCall(CallTestCaseKeyword.groovy:59)
	at com.kms.katalon.core.keyword.builtin.CallTestCaseKeyword$_callTestCase_closure1.call(CallTestCaseKeyword.groovy)
	at com.kms.katalon.core.keyword.internal.KeywordMain.runKeyword(KeywordMain.groovy:54)
	at com.kms.katalon.core.keyword.builtin.CallTestCaseKeyword.callTestCase(CallTestCaseKeyword.groovy:80)
	at com.kms.katalon.core.keyword.builtin.CallTestCaseKeyword.execute(CallTestCaseKeyword.groovy:44)
	at com.kms.katalon.core.keyword.internal.KeywordExecutor.executeKeywordForPlatform(KeywordExecutor.groovy:53)
	at com.kms.katalon.core.keyword.BuiltinKeywords.callTestCase(BuiltinKeywords.groovy:334)
	at Reject Claim - DA.run(Reject Claim - DA:22)
	at com.kms.katalon.core.main.ScriptEngine.run(ScriptEngine.java:194)
	at com.kms.katalon.core.main.ScriptEngine.runScriptAsRawText(ScriptEngine.java:119)
	at com.kms.katalon.core.main.TestCaseExecutor.runScript(TestCaseExecutor.java:328)
	at com.kms.katalon.core.main.TestCaseExecutor.doExecute(TestCaseExecutor.java:319)
	at com.kms.katalon.core.main.TestCaseExecutor.processExecutionPhase(TestCaseExecutor.java:298)
	at com.kms.katalon.core.main.TestCaseExecutor.accessMainPhase(TestCaseExecutor.java:290)
	at com.kms.katalon.core.main.TestCaseExecutor.execute(TestCaseExecutor.java:224)
	at com.kms.katalon.core.main.TestSuiteExecutor.accessTestCaseMainPhase(TestSuiteExecutor.java:129)
	at com.kms.katalon.core.main.TestSuiteExecutor.accessTestSuiteMainPhase(TestSuiteExecutor.java:112)
	at com.kms.katalon.core.main.TestSuiteExecutor.execute(TestSuiteExecutor.java:81)
	at com.kms.katalon.core.main.TestCaseMain.startTestSuite(TestCaseMain.java:149)
	at com.kms.katalon.core.main.TestCaseMain$startTestSuite$0.call(Unknown Source)
	at TempTestSuite1550738418733.run(TempTestSuite1550738418733.groovy:36)


2019-02-21 17:17:49 - [TEST_STEP][PASSED] - callTestCase(findTestCase("All TC/Arranged/2. Segment/OTC_Submit Form 7_End to End - EFT"), [:], STOP_ON_FAILURE): Call Test Case 'Test Cases/All TC/Arranged/2. Segment/OTC_Submit Form 7_End to End - EFT' successfully

2019-02-21 17:17:49 - [TEST_CASE][PASSED] - Test Cases/All TC/Arranged/2. Segment/OTC_Submit Form 7_End to End - EFT: Test Cases/All TC/Arranged/2. Segment/OTC_Submit Form 7_End to End - EFT

2019-02-21 17:17:49 - [TEST_STEP][PASSED] - callTestCase(findTestCase("All TC/Arranged/3. Unit/EI/Form 7_default/OTC_Application_Reg"), [:], STOP_ON_FAILURE): Call Test Case 'Test Cases/All TC/Arranged/3. Unit/EI/Form 7_default/OTC_Application_Reg' successfully

2019-02-21 17:17:49 - [TEST_CASE][PASSED] - Test Cases/All TC/Arranged/3. Unit/EI/Form 7_default/OTC_Application_Reg: Test Cases/All TC/Arranged/3. Unit/EI/Form 7_default/OTC_Application_Reg

2019-02-21 17:17:49 - [TEST_STEP][PASSED] - openBrowser(""): Browser is opened with url: ''

2019-02-21 17:17:49 - [MESSAGE][WARNING] - A browser is already opened. Closing browser and opening a new one

2019-02-21 17:17:50 - [MESSAGE][INFO] - Starting 'Chrome' driver

2019-02-21 17:17:50 - [MESSAGE][INFO] - User set preference: ['args', '[--start-maximized]']

2019-02-21 17:17:52 - [MESSAGE][PASSED] - Browser is opened with url: ''

2019-02-21 17:17:52 - [TEST_STEP][PASSED] - navigateToUrl(Internal_Login): Navigate to 'http://10.20.24.188/eisportal/user/login' successfully

2019-02-21 17:17:53 - [MESSAGE][PASSED] - Navigate to 'http://10.20.24.188/eisportal/user/login' successfully

2019-02-21 17:17:53 - [TEST_STEP][PASSED] - delay(3): Delayed 3 second(s)

2019-02-21 17:17:56 - [MESSAGE][PASSED] - Delayed 3 second(s)

2019-02-21 17:17:56 - [TEST_STEP][PASSED] - setText(findTestObject("KeatMun/Form 7_default/OTC_Application_Reg/Page_PERKESO/1.username"), "faizal.hamid@perkeso.gov.my"): Text 'faizal.hamid@perkeso.gov.my' is set on object 'Object Repository/KeatMun/Form 7_default/OTC_Application_Reg/Page_PERKESO/1.username'

2019-02-21 17:17:56 - [MESSAGE][PASSED] - Text 'faizal.hamid@perkeso.gov.my' is set on object 'Object Repository/KeatMun/Form 7_default/OTC_Application_Reg/Page_PERKESO/1.username'

2019-02-21 17:17:56 - [TEST_STEP][PASSED] - delay(1): Delayed 1 second(s)

2019-02-21 17:17:57 - [MESSAGE][PASSED] - Delayed 1 second(s)

2019-02-21 17:17:57 - [TEST_STEP][PASSED] - setEncryptedText(findTestObject("KeatMun/Form 7_default/OTC_Application_Reg/Page_PERKESO/2.password"), "CQqwFZlbeC8="): Text ****** has been set on object 'Object Repository/KeatMun/Form 7_default/OTC_Application_Reg/Page_PERKESO/2.password'

2019-02-21 17:17:58 - [MESSAGE][PASSED] - Text ****** has been set on object 'Object Repository/KeatMun/Form 7_default/OTC_Application_Reg/Page_PERKESO/2.password'

2019-02-21 17:17:58 - [TEST_STEP][PASSED] - delay(2): Delayed 2 second(s)

2019-02-21 17:18:00 - [MESSAGE][PASSED] - Delayed 2 second(s)

2019-02-21 17:18:00 - [TEST_STEP][PASSED] - click(findTestObject("KeatMun/Form 7_default/OTC_Application_Reg/Page_PERKESO/3.login button")): Object: 'Object Repository/KeatMun/Form 7_default/OTC_Application_Reg/Page_PERKESO/3.login button' is clicked on

2019-02-21 17:18:01 - [MESSAGE][PASSED] - Object: 'Object Repository/KeatMun/Form 7_default/OTC_Application_Reg/Page_PERKESO/3.login button' is clicked on

2019-02-21 17:18:01 - [TEST_STEP][PASSED] - delay(2): Delayed 2 second(s)

2019-02-21 17:18:03 - [MESSAGE][PASSED] - Delayed 2 second(s)

2019-02-21 17:18:03 - [TEST_STEP][PASSED] - click(findTestObject("KeatMun/Form 7_default/OTC_Application_Reg/Page_PERKESO/4. Permohonan tab")): Object: 'Object Repository/KeatMun/Form 7_default/OTC_Application_Reg/Page_PERKESO/4. Permohonan tab' is clicked on

2019-02-21 17:18:03 - [MESSAGE][PASSED] - Object: 'Object Repository/KeatMun/Form 7_default/OTC_Application_Reg/Page_PERKESO/4. Permohonan tab' is clicked on

2019-02-21 17:18:03 - [TEST_STEP][PASSED] - delay(2): Delayed 2 second(s)

2019-02-21 17:18:05 - [MESSAGE][PASSED] - Delayed 2 second(s)

2019-02-21 17:18:05 - [TEST_STEP][PASSED] - click(findTestObject("KeatMun/Form 7_default/OTC_Application_Reg/Page_PERKESO/5.button_Setuju")): Object: 'Object Repository/KeatMun/Form 7_default/OTC_Application_Reg/Page_PERKESO/5.button_Setuju' is clicked on

2019-02-21 17:18:06 - [MESSAGE][PASSED] - Object: 'Object Repository/KeatMun/Form 7_default/OTC_Application_Reg/Page_PERKESO/5.button_Setuju' is clicked on

2019-02-21 17:18:06 - [TEST_STEP][PASSED] - delay(2): Delayed 2 second(s)

2019-02-21 17:18:08 - [MESSAGE][PASSED] - Delayed 2 second(s)

2019-02-21 17:18:08 - [TEST_STEP][PASSED] - callTestCase(findTestCase("All TC/Arranged/1. Common/IC List Checker"), [:], STOP_ON_FAILURE): Call Test Case 'Test Cases/All TC/Arranged/1. Common/IC List Checker' successfully

2019-02-21 17:18:08 - [TEST_CASE][PASSED] - Test Cases/All TC/Arranged/1. Common/IC List Checker: Test Cases/All TC/Arranged/1. Common/IC List Checker

2019-02-21 17:18:08 - [TEST_STEP][PASSED] - counter = 0: null

2019-02-21 17:18:08 - [TEST_STEP][PASSED] - fis = new java.io.FileInputStream((internal.GlobalVariable.TextFilePathCommon + \IC.xlsx)): null

2019-02-21 17:18:08 - [TEST_STEP][PASSED] - workbook = new org.apache.poi.xssf.usermodel.XSSFWorkbook(fis): null

2019-02-21 17:18:09 - [TEST_STEP][PASSED] - sheet = workbook.getSheet("Sheet1"): null

2019-02-21 17:18:09 - [TEST_STEP][PASSED] - totalRow = sheet.getLastRowNum(): null

2019-02-21 17:18:09 - [TEST_STEP][PASSED] - out.println(totalRow): null

2019-02-21 17:18:09 - [TEST_STEP][PASSED] - row = sheet.getRow(counter): null

2019-02-21 17:18:09 - [TEST_STEP][PASSED] - cell = row.getCell(counter): null

2019-02-21 17:18:09 - [TEST_STEP][PASSED] - a = cell.getStringCellValue(): null

2019-02-21 17:18:09 - [TEST_STEP][PASSED] - IC = a: null

2019-02-21 17:18:09 - [TEST_STEP][PASSED] - out.println(IC): null

2019-02-21 17:18:09 - [TEST_STEP][PASSED] - callTestCase(findTestCase("All TC/Arranged/1. Common/1.2 Setter/Setter IC"), [:], STOP_ON_FAILURE): Call Test Case 'Test Cases/All TC/Arranged/1. Common/1.2 Setter/Setter IC' successfully

2019-02-21 17:18:09 - [TEST_CASE][PASSED] - Test Cases/All TC/Arranged/1. Common/1.2 Setter/Setter IC: Test Cases/All TC/Arranged/1. Common/1.2 Setter/Setter IC

2019-02-21 17:18:09 - [TEST_STEP][PASSED] - RefNoOldFile = new java.io.File((internal.GlobalVariable.TextFilePathCommon + \getIC.txt)): null

2019-02-21 17:18:09 - [TEST_STEP][PASSED] - RefNoOldFile.delete(): null

2019-02-21 17:18:09 - [TEST_STEP][PASSED] - delay(5): Delayed 5 second(s)

2019-02-21 17:18:14 - [MESSAGE][PASSED] - Delayed 5 second(s)

2019-02-21 17:18:14 - [TEST_STEP][PASSED] - RefNo = new java.io.File((internal.GlobalVariable.TextFilePathCommon + \getIC.txt)): null

2019-02-21 17:18:14 - [TEST_STEP][PASSED] - f2 = new java.io.FileWriter(RefNo, false): null

2019-02-21 17:18:14 - [TEST_STEP][PASSED] - f2.write(IC): null

2019-02-21 17:18:14 - [TEST_STEP][PASSED] - f2.close(): null

2019-02-21 17:18:14 - [TEST_STEP][PASSED] - out.println("


" + IC + "


"): null

2019-02-21 17:18:14 - [MESSAGE][PASSED] - Call Test Case 'Test Cases/All TC/Arranged/1. Common/1.2 Setter/Setter IC' successfully

2019-02-21 17:18:14 - [MESSAGE][PASSED] - Call Test Case 'Test Cases/All TC/Arranged/1. Common/IC List Checker' successfully

2019-02-21 17:18:14 - [TEST_STEP][PASSED] - setText(findTestObject("KeatMun/Form 7_default/OTC_Application_Reg/Page_PERKESO/6.No. Kad Pengenalan"), IC): Text '660126015202' is set on object 'Object Repository/KeatMun/Form 7_default/OTC_Application_Reg/Page_PERKESO/6.No. Kad Pengenalan'

2019-02-21 17:18:14 - [MESSAGE][PASSED] - Text '660126015202' is set on object 'Object Repository/KeatMun/Form 7_default/OTC_Application_Reg/Page_PERKESO/6.No. Kad Pengenalan'

2019-02-21 17:18:14 - [TEST_STEP][PASSED] - delay(2): Delayed 2 second(s)

2019-02-21 17:18:16 - [MESSAGE][PASSED] - Delayed 2 second(s)

2019-02-21 17:18:16 - [TEST_STEP][PASSED] - click(findTestObject("KeatMun/Form 7_default/OTC_Application_Reg/Page_PERKESO/7.button_Semak")): Object: 'Object Repository/KeatMun/Form 7_default/OTC_Application_Reg/Page_PERKESO/7.button_Semak' is clicked on

2019-02-21 17:18:16 - [MESSAGE][PASSED] - Object: 'Object Repository/KeatMun/Form 7_default/OTC_Application_Reg/Page_PERKESO/7.button_Semak' is clicked on

2019-02-21 17:18:16 - [TEST_STEP][PASSED] - delay(4): Delayed 4 second(s)

2019-02-21 17:18:20 - [MESSAGE][PASSED] - Delayed 4 second(s)

2019-02-21 17:18:20 - [TEST_STEP][PASSED] - click(findTestObject("KeatMun/Form 7_default/OTC_Application_Reg/Page_PERKESO/8. Nama Majikan Dropdown")): Object: 'Object Repository/KeatMun/Form 7_default/OTC_Application_Reg/Page_PERKESO/8. Nama Majikan Dropdown' is clicked on

2019-02-21 17:18:20 - [MESSAGE][PASSED] - Object: 'Object Repository/KeatMun/Form 7_default/OTC_Application_Reg/Page_PERKESO/8. Nama Majikan Dropdown' is clicked on

2019-02-21 17:18:20 - [TEST_STEP][PASSED] - setText(findTestObject("KeatMun/Form 7_default/OTC_Application_Reg/Page_PERKESO/8. LOE emp"), "pet"): Text 'pet' is set on object 'Object Repository/KeatMun/Form 7_default/OTC_Application_Reg/Page_PERKESO/8. LOE emp'

2019-02-21 17:18:21 - [MESSAGE][PASSED] - Text 'pet' is set on object 'Object Repository/KeatMun/Form 7_default/OTC_Application_Reg/Page_PERKESO/8. LOE emp'

2019-02-21 17:18:21 - [TEST_STEP][PASSED] - click(findTestObject("KeatMun/Form 7_default/OTC_Application_Reg/Page_PERKESO/8. PETRONAS")): Object: 'Object Repository/KeatMun/Form 7_default/OTC_Application_Reg/Page_PERKESO/8. PETRONAS' is clicked on

2019-02-21 17:18:21 - [MESSAGE][PASSED] - Object: 'Object Repository/KeatMun/Form 7_default/OTC_Application_Reg/Page_PERKESO/8. PETRONAS' is clicked on

2019-02-21 17:18:21 - [TEST_STEP][PASSED] - delay(2): Delayed 2 second(s)

2019-02-21 17:18:23 - [MESSAGE][PASSED] - Delayed 2 second(s)

2019-02-21 17:18:23 - [TEST_STEP][PASSED] - TodayDate = new java.util.Date(): null

2019-02-21 17:18:23 - [TEST_STEP][PASSED] - CurrentDateNoFilter = new java.text.SimpleDateFormat(): null

2019-02-21 17:18:23 - [TEST_STEP][PASSED] - CurrentDateNoFilter.applyPattern("dd/MM/yyyy"): null

2019-02-21 17:18:23 - [TEST_STEP][PASSED] - CurrentDate = CurrentDateNoFilter.format(TodayDate): null

2019-02-21 17:18:23 - [TEST_STEP][PASSED] - out.println(CurrentDate): null

2019-02-21 17:18:23 - [TEST_STEP][PASSED] - date = CurrentDate: null

2019-02-21 17:18:23 - [TEST_STEP][PASSED] - setText(findTestObject("KeatMun/Form 7_default/OTC_Application_Reg/Page_PERKESO/9.Tarikh kehilangan pkj"), date): Text '21/02/2019' is set on object 'Object Repository/KeatMun/Form 7_default/OTC_Application_Reg/Page_PERKESO/9.Tarikh kehilangan pkj'

2019-02-21 17:18:23 - [MESSAGE][PASSED] - Text '21/02/2019' is set on object 'Object Repository/KeatMun/Form 7_default/OTC_Application_Reg/Page_PERKESO/9.Tarikh kehilangan pkj'

2019-02-21 17:18:23 - [TEST_STEP][PASSED] - delay(2): Delayed 2 second(s)

2019-02-21 17:18:25 - [MESSAGE][PASSED] - Delayed 2 second(s)

2019-02-21 17:18:25 - [TEST_STEP][PASSED] - click(findTestObject("KeatMun/Form 7_default/OTC_Application_Reg/Page_PERKESO/9. Date Picker Done Button ")): Object: 'Object Repository/KeatMun/Form 7_default/OTC_Application_Reg/Page_PERKESO/9. Date Picker Done Button ' is clicked on

2019-02-21 17:18:25 - [MESSAGE][PASSED] - Object: 'Object Repository/KeatMun/Form 7_default/OTC_Application_Reg/Page_PERKESO/9. Date Picker Done Button ' is clicked on

2019-02-21 17:18:25 - [TEST_STEP][PASSED] - delay(2): Delayed 2 second(s)

2019-02-21 17:18:27 - [MESSAGE][PASSED] - Delayed 2 second(s)

2019-02-21 17:18:27 - [TEST_STEP][PASSED] - click(findTestObject("KeatMun/Form 7_default/OTC_Application_Reg/Page_PERKESO/10.button_Mohon")): Object: 'Object Repository/KeatMun/Form 7_default/OTC_Application_Reg/Page_PERKESO/10.button_Mohon' is clicked on

2019-02-21 17:18:27 - [MESSAGE][PASSED] - Object: 'Object Repository/KeatMun/Form 7_default/OTC_Application_Reg/Page_PERKESO/10.button_Mohon' is clicked on

2019-02-21 17:18:27 - [TEST_STEP][PASSED] - delay(2): Delayed 2 second(s)

2019-02-21 17:18:29 - [MESSAGE][PASSED] - Delayed 2 second(s)

2019-02-21 17:18:29 - [TEST_STEP][PASSED] - setText(findTestObject("KeatMun/Form 7_default/OTC_Application_Reg/Page_PERKESO/11.Tarikh Terima_stampedDtS"), "10/01/2019"): Text '10/01/2019' is set on object 'Object Repository/KeatMun/Form 7_default/OTC_Application_Reg/Page_PERKESO/11.Tarikh Terima_stampedDtS'

2019-02-21 17:18:30 - [MESSAGE][PASSED] - Text '10/01/2019' is set on object 'Object Repository/KeatMun/Form 7_default/OTC_Application_Reg/Page_PERKESO/11.Tarikh Terima_stampedDtS'

2019-02-21 17:18:30 - [TEST_STEP][PASSED] - delay(2): Delayed 2 second(s)

2019-02-21 17:18:32 - [MESSAGE][PASSED] - Delayed 2 second(s)

2019-02-21 17:18:32 - [TEST_STEP][PASSED] - click(findTestObject("KeatMun/Form 7_default/OTC_Application_Reg/Page_PERKESO/11. Date Picker Done Button")): Object: 'Object Repository/KeatMun/Form 7_default/OTC_Application_Reg/Page_PERKESO/11. Date Picker Done Button' is clicked on

2019-02-21 17:18:32 - [MESSAGE][PASSED] - Object: 'Object Repository/KeatMun/Form 7_default/OTC_Application_Reg/Page_PERKESO/11. Date Picker Done Button' is clicked on

2019-02-21 17:18:32 - [TEST_STEP][PASSED] - delay(2): Delayed 2 second(s)

2019-02-21 17:18:34 - [MESSAGE][PASSED] - Delayed 2 second(s)

2019-02-21 17:18:34 - [TEST_STEP][PASSED] - click(findTestObject("KeatMun/Form 7_default/OTC_Application_Reg/Page_PERKESO/11.button_TERUSKAN")): Object: 'Object Repository/KeatMun/Form 7_default/OTC_Application_Reg/Page_PERKESO/11.button_TERUSKAN' is clicked on

2019-02-21 17:18:35 - [MESSAGE][PASSED] - Object: 'Object Repository/KeatMun/Form 7_default/OTC_Application_Reg/Page_PERKESO/11.button_TERUSKAN' is clicked on

2019-02-21 17:18:35 - [TEST_STEP][PASSED] - delay(2): Delayed 2 second(s)

2019-02-21 17:18:37 - [MESSAGE][PASSED] - Delayed 2 second(s)

2019-02-21 17:18:37 - [TEST_STEP][PASSED] - selectOptionByValue(findTestObject("KeatMun/Form 7_default/OTC_Application_Reg/Page_PERKESO/12.--Sila Pilih--PejabatPKS"), "22", true): All options with value '22' are selected in object 'Object Repository/KeatMun/Form 7_default/OTC_Application_Reg/Page_PERKESO/12.--Sila Pilih--PejabatPKS'  using regular expression

2019-02-21 17:18:39 - [MESSAGE][PASSED] - All options with value '22' are selected in object 'Object Repository/KeatMun/Form 7_default/OTC_Application_Reg/Page_PERKESO/12.--Sila Pilih--PejabatPKS'  using regular expression

2019-02-21 17:18:39 - [TEST_STEP][PASSED] - delay(2): Delayed 2 second(s)

2019-02-21 17:18:41 - [MESSAGE][PASSED] - Delayed 2 second(s)

2019-02-21 17:18:41 - [TEST_STEP][PASSED] - click(findTestObject("KeatMun/Form 7_default/OTC_Application_Reg/Page_PERKESO/13. Halaman Seterusnya")): Object: 'Object Repository/KeatMun/Form 7_default/OTC_Application_Reg/Page_PERKESO/13. Halaman Seterusnya' is clicked on

2019-02-21 17:18:42 - [MESSAGE][PASSED] - Object: 'Object Repository/KeatMun/Form 7_default/OTC_Application_Reg/Page_PERKESO/13. Halaman Seterusnya' is clicked on

2019-02-21 17:18:42 - [MESSAGE][PASSED] - Call Test Case 'Test Cases/All TC/Arranged/3. Unit/EI/Form 7_default/OTC_Application_Reg' successfully

2019-02-21 17:18:42 - [TEST_STEP][PASSED] - callTestCase(findTestCase("All TC/Arranged/3. Unit/EI/Form 7_default/OTC_Submit Form 7_Section A"), [:], STOP_ON_FAILURE): Call Test Case 'Test Cases/All TC/Arranged/3. Unit/EI/Form 7_default/OTC_Submit Form 7_Section A' successfully

2019-02-21 17:18:42 - [TEST_CASE][PASSED] - Test Cases/All TC/Arranged/3. Unit/EI/Form 7_default/OTC_Submit Form 7_Section A: Test Cases/All TC/Arranged/3. Unit/EI/Form 7_default/OTC_Submit Form 7_Section A

2019-02-21 17:18:42 - [TEST_STEP][PASSED] - delay(2): Delayed 2 second(s)

2019-02-21 17:18:44 - [MESSAGE][PASSED] - Delayed 2 second(s)

2019-02-21 17:18:44 - [TEST_STEP][PASSED] - setText(findTestObject("KeatMun/Form 7_default/OTC_Submit Form 7_Section A/Page_PERKESO/A4. EmployeeDob"), "10/01/2019"): Text '10/01/2019' is set on object 'Object Repository/KeatMun/Form 7_default/OTC_Submit Form 7_Section A/Page_PERKESO/A4. EmployeeDob'

2019-02-21 17:18:44 - [MESSAGE][PASSED] - Text '10/01/2019' is set on object 'Object Repository/KeatMun/Form 7_default/OTC_Submit Form 7_Section A/Page_PERKESO/A4. EmployeeDob'

2019-02-21 17:18:44 - [TEST_STEP][PASSED] - delay(2): Delayed 2 second(s)

2019-02-21 17:18:46 - [MESSAGE][PASSED] - Delayed 2 second(s)

2019-02-21 17:18:46 - [TEST_STEP][PASSED] - click(findTestObject("KeatMun/Form 7_default/OTC_Submit Form 7_Section A/Page_PERKESO/A5. Bangsa")): Object: 'Object Repository/KeatMun/Form 7_default/OTC_Submit Form 7_Section A/Page_PERKESO/A5. Bangsa' is clicked on

2019-02-21 17:18:47 - [MESSAGE][PASSED] - Object: 'Object Repository/KeatMun/Form 7_default/OTC_Submit Form 7_Section A/Page_PERKESO/A5. Bangsa' is clicked on

2019-02-21 17:18:47 - [TEST_STEP][PASSED] - click(findTestObject("KeatMun/Form 7_default/OTC_Submit Form 7_Section A/Page_PERKESO/A5. Bumiputera Sabah")): Object: 'Object Repository/KeatMun/Form 7_default/OTC_Submit Form 7_Section A/Page_PERKESO/A5. Bumiputera Sabah' is clicked on

2019-02-21 17:18:47 - [MESSAGE][PASSED] - Object: 'Object Repository/KeatMun/Form 7_default/OTC_Submit Form 7_Section A/Page_PERKESO/A5. Bumiputera Sabah' is clicked on

2019-02-21 17:18:47 - [TEST_STEP][PASSED] - delay(2): Delayed 2 second(s)

2019-02-21 17:18:49 - [MESSAGE][PASSED] - Delayed 2 second(s)

2019-02-21 17:18:49 - [TEST_STEP][PASSED] - click(findTestObject("KeatMun/Form 7_default/OTC_Submit Form 7_Section A/Page_PERKESO/A6. Jantina")): Object: 'Object Repository/KeatMun/Form 7_default/OTC_Submit Form 7_Section A/Page_PERKESO/A6. Jantina' is clicked on

2019-02-21 17:18:49 - [MESSAGE][PASSED] - Object: 'Object Repository/KeatMun/Form 7_default/OTC_Submit Form 7_Section A/Page_PERKESO/A6. Jantina' is clicked on

2019-02-21 17:18:49 - [TEST_STEP][PASSED] - click(findTestObject("KeatMun/Form 7_default/OTC_Submit Form 7_Section A/Page_PERKESO/A6. Lelaki")): Object: 'Object Repository/KeatMun/Form 7_default/OTC_Submit Form 7_Section A/Page_PERKESO/A6. Lelaki' is clicked on

2019-02-21 17:18:49 - [MESSAGE][PASSED] - Object: 'Object Repository/KeatMun/Form 7_default/OTC_Submit Form 7_Section A/Page_PERKESO/A6. Lelaki' is clicked on

2019-02-21 17:18:49 - [TEST_STEP][PASSED] - delay(2): Delayed 2 second(s)

2019-02-21 17:18:51 - [MESSAGE][PASSED] - Delayed 2 second(s)

2019-02-21 17:18:51 - [TEST_STEP][PASSED] - click(findTestObject("KeatMun/Form 7_default/OTC_Submit Form 7_Section A/Page_PERKESO/A7. Kewarganegaraan")): Object: 'Object Repository/KeatMun/Form 7_default/OTC_Submit Form 7_Section A/Page_PERKESO/A7. Kewarganegaraan' is clicked on

2019-02-21 17:18:51 - [MESSAGE][PASSED] - Object: 'Object Repository/KeatMun/Form 7_default/OTC_Submit Form 7_Section A/Page_PERKESO/A7. Kewarganegaraan' is clicked on

2019-02-21 17:18:51 - [TEST_STEP][PASSED] - click(findTestObject("KeatMun/Form 7_default/OTC_Submit Form 7_Section A/Page_PERKESO/A7. Malaysia")): Object: 'Object Repository/KeatMun/Form 7_default/OTC_Submit Form 7_Section A/Page_PERKESO/A7. Malaysia' is clicked on

2019-02-21 17:18:52 - [MESSAGE][PASSED] - Object: 'Object Repository/KeatMun/Form 7_default/OTC_Submit Form 7_Section A/Page_PERKESO/A7. Malaysia' is clicked on

2019-02-21 17:18:52 - [TEST_STEP][PASSED] - delay(2): Delayed 2 second(s)

2019-02-21 17:18:54 - [MESSAGE][PASSED] - Delayed 2 second(s)

2019-02-21 17:18:54 - [TEST_STEP][PASSED] - click(findTestObject("KeatMun/Form 7_default/OTC_Submit Form 7_Section A/Page_PERKESO/A8. Status Perkahwinan")): Object: 'Object Repository/KeatMun/Form 7_default/OTC_Submit Form 7_Section A/Page_PERKESO/A8. Status Perkahwinan' is clicked on

2019-02-21 17:18:54 - [MESSAGE][PASSED] - Object: 'Object Repository/KeatMun/Form 7_default/OTC_Submit Form 7_Section A/Page_PERKESO/A8. Status Perkahwinan' is clicked on

2019-02-21 17:18:54 - [TEST_STEP][PASSED] - click(findTestObject("KeatMun/Form 7_default/OTC_Submit Form 7_Section A/Page_PERKESO/A8. Bujang")): Object: 'Object Repository/KeatMun/Form 7_default/OTC_Submit Form 7_Section A/Page_PERKESO/A8. Bujang' is clicked on

2019-02-21 17:18:54 - [MESSAGE][PASSED] - Object: 'Object Repository/KeatMun/Form 7_default/OTC_Submit Form 7_Section A/Page_PERKESO/A8. Bujang' is clicked on

2019-02-21 17:18:54 - [TEST_STEP][PASSED] - delay(2): Delayed 2 second(s)

2019-02-21 17:18:56 - [MESSAGE][PASSED] - Delayed 2 second(s)

2019-02-21 17:18:56 - [TEST_STEP][PASSED] - setText(findTestObject("KeatMun/Form 7_default/OTC_Submit Form 7_Section A/Page_PERKESO/A9. Address1"), "qwertyuiop"): Text 'qwertyuiop' is set on object 'Object Repository/KeatMun/Form 7_default/OTC_Submit Form 7_Section A/Page_PERKESO/A9. Address1'

2019-02-21 17:18:56 - [MESSAGE][PASSED] - Text 'qwertyuiop' is set on object 'Object Repository/KeatMun/Form 7_default/OTC_Submit Form 7_Section A/Page_PERKESO/A9. Address1'

2019-02-21 17:18:56 - [TEST_STEP][PASSED] - delay(2): Delayed 2 second(s)

2019-02-21 17:18:58 - [MESSAGE][PASSED] - Delayed 2 second(s)

2019-02-21 17:18:58 - [TEST_STEP][PASSED] - click(findTestObject("KeatMun/Form 7_default/OTC_Submit Form 7_Section A/Page_PERKESO/A10. Negeri")): Object: 'Object Repository/KeatMun/Form 7_default/OTC_Submit Form 7_Section A/Page_PERKESO/A10. Negeri' is clicked on

2019-02-21 17:18:58 - [MESSAGE][PASSED] - Object: 'Object Repository/KeatMun/Form 7_default/OTC_Submit Form 7_Section A/Page_PERKESO/A10. Negeri' is clicked on

2019-02-21 17:18:58 - [TEST_STEP][PASSED] - click(findTestObject("KeatMun/Form 7_default/OTC_Submit Form 7_Section A/Page_PERKESO/A10. JOHOR")): Object: 'Object Repository/KeatMun/Form 7_default/OTC_Submit Form 7_Section A/Page_PERKESO/A10. JOHOR' is clicked on

2019-02-21 17:18:58 - [MESSAGE][PASSED] - Object: 'Object Repository/KeatMun/Form 7_default/OTC_Submit Form 7_Section A/Page_PERKESO/A10. JOHOR' is clicked on

2019-02-21 17:18:58 - [TEST_STEP][PASSED] - delay(2): Delayed 2 second(s)

2019-02-21 17:19:00 - [MESSAGE][PASSED] - Delayed 2 second(s)

2019-02-21 17:19:00 - [TEST_STEP][PASSED] - click(findTestObject("KeatMun/Form 7_default/OTC_Submit Form 7_Section A/Page_PERKESO/A11. --Sila Pilih--")): Object: 'Object Repository/KeatMun/Form 7_default/OTC_Submit Form 7_Section A/Page_PERKESO/A11. --Sila Pilih--' is clicked on

2019-02-21 17:19:01 - [MESSAGE][PASSED] - Object: 'Object Repository/KeatMun/Form 7_default/OTC_Submit Form 7_Section A/Page_PERKESO/A11. --Sila Pilih--' is clicked on

2019-02-21 17:19:01 - [TEST_STEP][PASSED] - setText(findTestObject("KeatMun/Form 7_default/OTC_Submit Form 7_Section A/Page_PERKESO/A11. Done_select2-search__fie (1)"), "jo"): Text 'jo' is set on object 'Object Repository/KeatMun/Form 7_default/OTC_Submit Form 7_Section A/Page_PERKESO/A11. Done_select2-search__fie (1)'

2019-02-21 17:19:01 - [MESSAGE][PASSED] - Text 'jo' is set on object 'Object Repository/KeatMun/Form 7_default/OTC_Submit Form 7_Section A/Page_PERKESO/A11. Done_select2-search__fie (1)'

2019-02-21 17:19:01 - [TEST_STEP][PASSED] - setText(findTestObject("KeatMun/Form 7_default/OTC_Submit Form 7_Section A/Page_PERKESO/A11. concat(id(  select2-city"), "jo"): Text 'jo' is set on object 'Object Repository/KeatMun/Form 7_default/OTC_Submit Form 7_Section A/Page_PERKESO/A11. concat(id(  select2-city'

2019-02-21 17:19:01 - [MESSAGE][PASSED] - Text 'jo' is set on object 'Object Repository/KeatMun/Form 7_default/OTC_Submit Form 7_Section A/Page_PERKESO/A11. concat(id(  select2-city'

2019-02-21 17:19:01 - [TEST_STEP][PASSED] - click(findTestObject("KeatMun/Form 7_default/OTC_Submit Form 7_Section A/Page_PERKESO/A11. JOHOR BAHRU")): Object: 'Object Repository/KeatMun/Form 7_default/OTC_Submit Form 7_Section A/Page_PERKESO/A11. JOHOR BAHRU' is clicked on

2019-02-21 17:19:01 - [MESSAGE][PASSED] - Object: 'Object Repository/KeatMun/Form 7_default/OTC_Submit Form 7_Section A/Page_PERKESO/A11. JOHOR BAHRU' is clicked on

2019-02-21 17:19:01 - [TEST_STEP][PASSED] - delay(2): Delayed 2 second(s)

2019-02-21 17:19:03 - [MESSAGE][PASSED] - Delayed 2 second(s)

2019-02-21 17:19:03 - [TEST_STEP][PASSED] - click(findTestObject("KeatMun/Form 7_default/OTC_Submit Form 7_Section A/Page_PERKESO/A12. --Sila Isikan--")): Object: 'Object Repository/KeatMun/Form 7_default/OTC_Submit Form 7_Section A/Page_PERKESO/A12. --Sila Isikan--' is clicked on

2019-02-21 17:19:04 - [MESSAGE][PASSED] - Object: 'Object Repository/KeatMun/Form 7_default/OTC_Submit Form 7_Section A/Page_PERKESO/A12. --Sila Isikan--' is clicked on

2019-02-21 17:19:04 - [TEST_STEP][PASSED] - setText(findTestObject("KeatMun/Form 7_default/OTC_Submit Form 7_Section A/Page_PERKESO/A11. Done_select2-search__fie"), "84"): Text '84' is set on object 'Object Repository/KeatMun/Form 7_default/OTC_Submit Form 7_Section A/Page_PERKESO/A11. Done_select2-search__fie'

2019-02-21 17:19:04 - [MESSAGE][PASSED] - Text '84' is set on object 'Object Repository/KeatMun/Form 7_default/OTC_Submit Form 7_Section A/Page_PERKESO/A11. Done_select2-search__fie'

2019-02-21 17:19:04 - [TEST_STEP][PASSED] - click(findTestObject("KeatMun/Form 7_default/OTC_Submit Form 7_Section A/Page_PERKESO/A12. 84000")): Object: 'Object Repository/KeatMun/Form 7_default/OTC_Submit Form 7_Section A/Page_PERKESO/A12. 84000' is clicked on

2019-02-21 17:19:04 - [MESSAGE][PASSED] - Object: 'Object Repository/KeatMun/Form 7_default/OTC_Submit Form 7_Section A/Page_PERKESO/A12. 84000' is clicked on

2019-02-21 17:19:04 - [TEST_STEP][PASSED] - delay(2): Delayed 2 second(s)

2019-02-21 17:19:06 - [MESSAGE][PASSED] - Delayed 2 second(s)

2019-02-21 17:19:06 - [TEST_STEP][PASSED] - setText(findTestObject("KeatMun/Form 7_default/OTC_Submit Form 7_Section A/Page_PERKESO/A13. mobileContact1"), "1234567890"): Text '1234567890' is set on object 'Object Repository/KeatMun/Form 7_default/OTC_Submit Form 7_Section A/Page_PERKESO/A13. mobileContact1'

2019-02-21 17:19:06 - [MESSAGE][PASSED] - Text '1234567890' is set on object 'Object Repository/KeatMun/Form 7_default/OTC_Submit Form 7_Section A/Page_PERKESO/A13. mobileContact1'

2019-02-21 17:19:06 - [TEST_STEP][PASSED] - delay(2): Delayed 2 second(s)

2019-02-21 17:19:08 - [MESSAGE][PASSED] - Delayed 2 second(s)

2019-02-21 17:19:08 - [TEST_STEP][PASSED] - click(findTestObject("KeatMun/Form 7_default/OTC_Submit Form 7_Section A/Page_PERKESO/A14. Halaman Seterusnya")): Object: 'Object Repository/KeatMun/Form 7_default/OTC_Submit Form 7_Section A/Page_PERKESO/A14. Halaman Seterusnya' is clicked on

2019-02-21 17:19:08 - [MESSAGE][PASSED] - Object: 'Object Repository/KeatMun/Form 7_default/OTC_Submit Form 7_Section A/Page_PERKESO/A14. Halaman Seterusnya' is clicked on

2019-02-21 17:19:08 - [TEST_STEP][PASSED] - delay(2): Delayed 2 second(s)

2019-02-21 17:19:10 - [MESSAGE][PASSED] - Delayed 2 second(s)

2019-02-21 17:19:10 - [MESSAGE][PASSED] - Call Test Case 'Test Cases/All TC/Arranged/3. Unit/EI/Form 7_default/OTC_Submit Form 7_Section A' successfully

2019-02-21 17:19:10 - [TEST_STEP][PASSED] - callTestCase(findTestCase("All TC/Arranged/3. Unit/EI/Form 7_default/OTC_Submit Form 7_Section B"), [:], STOP_ON_FAILURE): Call Test Case 'Test Cases/All TC/Arranged/3. Unit/EI/Form 7_default/OTC_Submit Form 7_Section B' successfully

2019-02-21 17:19:10 - [TEST_CASE][PASSED] - Test Cases/All TC/Arranged/3. Unit/EI/Form 7_default/OTC_Submit Form 7_Section B: Test Cases/All TC/Arranged/3. Unit/EI/Form 7_default/OTC_Submit Form 7_Section B

2019-02-21 17:19:10 - [TEST_STEP][PASSED] - delay(3): Delayed 3 second(s)

2019-02-21 17:19:13 - [MESSAGE][PASSED] - Delayed 3 second(s)

2019-02-21 17:19:13 - [TEST_STEP][PASSED] - click(findTestObject("KeatMun/Form 7_default/OTC_Submit Form 7_Section B/Page_PERKESO/B1. Jawatan")): Object: 'Object Repository/KeatMun/Form 7_default/OTC_Submit Form 7_Section B/Page_PERKESO/B1. Jawatan' is clicked on

2019-02-21 17:19:14 - [MESSAGE][PASSED] - Object: 'Object Repository/KeatMun/Form 7_default/OTC_Submit Form 7_Section B/Page_PERKESO/B1. Jawatan' is clicked on

2019-02-21 17:19:14 - [TEST_STEP][PASSED] - setText(findTestObject("KeatMun/Form 7_default/OTC_Submit Form 7_Section B/Page_PERKESO/B1. concat(id(  select2-posi"), "re"): Text 're' is set on object 'Object Repository/KeatMun/Form 7_default/OTC_Submit Form 7_Section B/Page_PERKESO/B1. concat(id(  select2-posi'

2019-02-21 17:19:14 - [MESSAGE][PASSED] - Text 're' is set on object 'Object Repository/KeatMun/Form 7_default/OTC_Submit Form 7_Section B/Page_PERKESO/B1. concat(id(  select2-posi'

2019-02-21 17:19:14 - [TEST_STEP][PASSED] - setText(findTestObject("KeatMun/Form 7_default/OTC_Submit Form 7_Section B/Page_PERKESO/B1. Done_select2-search__fie"), "re"): Text 're' is set on object 'Object Repository/KeatMun/Form 7_default/OTC_Submit Form 7_Section B/Page_PERKESO/B1. Done_select2-search__fie'

2019-02-21 17:19:14 - [MESSAGE][PASSED] - Text 're' is set on object 'Object Repository/KeatMun/Form 7_default/OTC_Submit Form 7_Section B/Page_PERKESO/B1. Done_select2-search__fie'

2019-02-21 17:19:14 - [TEST_STEP][PASSED] - click(findTestObject("KeatMun/Form 7_default/OTC_Submit Form 7_Section B/Page_PERKESO/B1. Arkitek Reka Bentuk")): Object: 'Object Repository/KeatMun/Form 7_default/OTC_Submit Form 7_Section B/Page_PERKESO/B1. Arkitek Reka Bentuk' is clicked on

2019-02-21 17:19:14 - [MESSAGE][PASSED] - Object: 'Object Repository/KeatMun/Form 7_default/OTC_Submit Form 7_Section B/Page_PERKESO/B1. Arkitek Reka Bentuk' is clicked on

2019-02-21 17:19:14 - [TEST_STEP][PASSED] - delay(2): Delayed 2 second(s)

2019-02-21 17:19:16 - [MESSAGE][PASSED] - Delayed 2 second(s)

2019-02-21 17:19:16 - [TEST_STEP][PASSED] - setText(findTestObject("KeatMun/Form 7_default/OTC_Submit Form 7_Section B/Page_PERKESO/B2. lastEmploymentStartDtSt"), "10/01/2019"): Text '10/01/2019' is set on object 'Object Repository/KeatMun/Form 7_default/OTC_Submit Form 7_Section B/Page_PERKESO/B2. lastEmploymentStartDtSt'

2019-02-21 17:19:16 - [MESSAGE][PASSED] - Text '10/01/2019' is set on object 'Object Repository/KeatMun/Form 7_default/OTC_Submit Form 7_Section B/Page_PERKESO/B2. lastEmploymentStartDtSt'

2019-02-21 17:19:16 - [TEST_STEP][PASSED] - delay(2): Delayed 2 second(s)

2019-02-21 17:19:18 - [MESSAGE][PASSED] - Delayed 2 second(s)

2019-02-21 17:19:18 - [TEST_STEP][PASSED] - click(findTestObject("KeatMun/Form 7_default/OTC_Submit Form 7_Section B/Page_PERKESO/B4. Status Perkejaan")): Object: 'Object Repository/KeatMun/Form 7_default/OTC_Submit Form 7_Section B/Page_PERKESO/B4. Status Perkejaan' is clicked on

2019-02-21 17:19:19 - [MESSAGE][PASSED] - Object: 'Object Repository/KeatMun/Form 7_default/OTC_Submit Form 7_Section B/Page_PERKESO/B4. Status Perkejaan' is clicked on

2019-02-21 17:19:19 - [TEST_STEP][PASSED] - click(findTestObject("KeatMun/Form 7_default/OTC_Submit Form 7_Section B/Page_PERKESO/B4. Tetap")): Object: 'Object Repository/KeatMun/Form 7_default/OTC_Submit Form 7_Section B/Page_PERKESO/B4. Tetap' is clicked on

2019-02-21 17:19:19 - [MESSAGE][PASSED] - Object: 'Object Repository/KeatMun/Form 7_default/OTC_Submit Form 7_Section B/Page_PERKESO/B4. Tetap' is clicked on

2019-02-21 17:19:19 - [TEST_STEP][PASSED] - delay(2): Delayed 2 second(s)

2019-02-21 17:19:21 - [MESSAGE][PASSED] - Delayed 2 second(s)

2019-02-21 17:19:21 - [TEST_STEP][PASSED] - setText(findTestObject("KeatMun/Form 7_default/OTC_Submit Form 7_Section B/Page_PERKESO/B5. Gaji (RM)_salary1"), "4000"): Text '4000' is set on object 'Object Repository/KeatMun/Form 7_default/OTC_Submit Form 7_Section B/Page_PERKESO/B5. Gaji (RM)_salary1'

2019-02-21 17:19:21 - [MESSAGE][PASSED] - Text '4000' is set on object 'Object Repository/KeatMun/Form 7_default/OTC_Submit Form 7_Section B/Page_PERKESO/B5. Gaji (RM)_salary1'

2019-02-21 17:19:21 - [TEST_STEP][PASSED] - delay(2): Delayed 2 second(s)

2019-02-21 17:19:23 - [MESSAGE][PASSED] - Delayed 2 second(s)

2019-02-21 17:19:23 - [TEST_STEP][PASSED] - setText(findTestObject("KeatMun/Form 7_default/OTC_Submit Form 7_Section B/Page_PERKESO/B5. Gaji (RM)_salary2"), "4000"): Text '4000' is set on object 'Object Repository/KeatMun/Form 7_default/OTC_Submit Form 7_Section B/Page_PERKESO/B5. Gaji (RM)_salary2'

2019-02-21 17:19:23 - [MESSAGE][PASSED] - Text '4000' is set on object 'Object Repository/KeatMun/Form 7_default/OTC_Submit Form 7_Section B/Page_PERKESO/B5. Gaji (RM)_salary2'

2019-02-21 17:19:23 - [TEST_STEP][PASSED] - delay(2): Delayed 2 second(s)

2019-02-21 17:19:25 - [MESSAGE][PASSED] - Delayed 2 second(s)

2019-02-21 17:19:25 - [TEST_STEP][PASSED] - setText(findTestObject("KeatMun/Form 7_default/OTC_Submit Form 7_Section B/Page_PERKESO/B5. Gaji (RM)_salary3"), "4000"): Text '4000' is set on object 'Object Repository/KeatMun/Form 7_default/OTC_Submit Form 7_Section B/Page_PERKESO/B5. Gaji (RM)_salary3'

2019-02-21 17:19:25 - [MESSAGE][PASSED] - Text '4000' is set on object 'Object Repository/KeatMun/Form 7_default/OTC_Submit Form 7_Section B/Page_PERKESO/B5. Gaji (RM)_salary3'

2019-02-21 17:19:25 - [TEST_STEP][PASSED] - delay(2): Delayed 2 second(s)

2019-02-21 17:19:27 - [MESSAGE][PASSED] - Delayed 2 second(s)

2019-02-21 17:19:27 - [TEST_STEP][PASSED] - setText(findTestObject("KeatMun/Form 7_default/OTC_Submit Form 7_Section B/Page_PERKESO/B5. Gaji (RM)_salary4"), "4000"): Text '4000' is set on object 'Object Repository/KeatMun/Form 7_default/OTC_Submit Form 7_Section B/Page_PERKESO/B5. Gaji (RM)_salary4'

2019-02-21 17:19:28 - [MESSAGE][PASSED] - Text '4000' is set on object 'Object Repository/KeatMun/Form 7_default/OTC_Submit Form 7_Section B/Page_PERKESO/B5. Gaji (RM)_salary4'

2019-02-21 17:19:28 - [TEST_STEP][PASSED] - delay(2): Delayed 2 second(s)

2019-02-21 17:19:30 - [MESSAGE][PASSED] - Delayed 2 second(s)

2019-02-21 17:19:30 - [TEST_STEP][PASSED] - setText(findTestObject("KeatMun/Form 7_default/OTC_Submit Form 7_Section B/Page_PERKESO/B5. Gaji (RM)_salary5"), "4000"): Text '4000' is set on object 'Object Repository/KeatMun/Form 7_default/OTC_Submit Form 7_Section B/Page_PERKESO/B5. Gaji (RM)_salary5'

2019-02-21 17:19:30 - [MESSAGE][PASSED] - Text '4000' is set on object 'Object Repository/KeatMun/Form 7_default/OTC_Submit Form 7_Section B/Page_PERKESO/B5. Gaji (RM)_salary5'

2019-02-21 17:19:30 - [TEST_STEP][PASSED] - delay(2): Delayed 2 second(s)

2019-02-21 17:19:32 - [MESSAGE][PASSED] - Delayed 2 second(s)

2019-02-21 17:19:32 - [TEST_STEP][PASSED] - setText(findTestObject("KeatMun/Form 7_default/OTC_Submit Form 7_Section B/Page_PERKESO/B5. Gaji (RM)_salary6"), "4000"): Text '4000' is set on object 'Object Repository/KeatMun/Form 7_default/OTC_Submit Form 7_Section B/Page_PERKESO/B5. Gaji (RM)_salary6'

2019-02-21 17:19:32 - [MESSAGE][PASSED] - Text '4000' is set on object 'Object Repository/KeatMun/Form 7_default/OTC_Submit Form 7_Section B/Page_PERKESO/B5. Gaji (RM)_salary6'

2019-02-21 17:19:32 - [TEST_STEP][PASSED] - delay(2): Delayed 2 second(s)

2019-02-21 17:19:34 - [MESSAGE][PASSED] - Delayed 2 second(s)

2019-02-21 17:19:34 - [TEST_STEP][PASSED] - click(findTestObject("KeatMun/Form 7_default/OTC_Submit Form 7_Section B/Page_PERKESO/B6. Reason JobLost")): Object: 'Object Repository/KeatMun/Form 7_default/OTC_Submit Form 7_Section B/Page_PERKESO/B6. Reason JobLost' is clicked on

2019-02-21 17:19:34 - [MESSAGE][PASSED] - Object: 'Object Repository/KeatMun/Form 7_default/OTC_Submit Form 7_Section B/Page_PERKESO/B6. Reason JobLost' is clicked on

2019-02-21 17:19:34 - [TEST_STEP][PASSED] - click(findTestObject("KeatMun/Form 7_default/OTC_Submit Form 7_Section B/Page_PERKESO/B6. Bencana alam (cth banjir ke")): Object: 'Object Repository/KeatMun/Form 7_default/OTC_Submit Form 7_Section B/Page_PERKESO/B6. Bencana alam (cth banjir ke' is clicked on

2019-02-21 17:19:35 - [MESSAGE][PASSED] - Object: 'Object Repository/KeatMun/Form 7_default/OTC_Submit Form 7_Section B/Page_PERKESO/B6. Bencana alam (cth banjir ke' is clicked on

2019-02-21 17:19:35 - [TEST_STEP][PASSED] - delay(3): Delayed 3 second(s)

2019-02-21 17:19:38 - [MESSAGE][PASSED] - Delayed 3 second(s)

2019-02-21 17:19:38 - [TEST_STEP][PASSED] - setText(findTestObject("KeatMun/Form 7_default/OTC_Submit Form 7_Section B/Page_PERKESO/B7. AverageWorkingHour"), "8"): Text '8' is set on object 'Object Repository/KeatMun/Form 7_default/OTC_Submit Form 7_Section B/Page_PERKESO/B7. AverageWorkingHour'

2019-02-21 17:19:38 - [MESSAGE][PASSED] - Text '8' is set on object 'Object Repository/KeatMun/Form 7_default/OTC_Submit Form 7_Section B/Page_PERKESO/B7. AverageWorkingHour'

2019-02-21 17:19:38 - [TEST_STEP][PASSED] - delay(2): Delayed 2 second(s)

2019-02-21 17:19:40 - [MESSAGE][PASSED] - Delayed 2 second(s)

2019-02-21 17:19:40 - [TEST_STEP][PASSED] - click(findTestObject("KeatMun/Form 7_default/OTC_Submit Form 7_Section B/Page_PERKESO/B8. Tidak_compensationInd")): Object: 'Object Repository/KeatMun/Form 7_default/OTC_Submit Form 7_Section B/Page_PERKESO/B8. Tidak_compensationInd' is clicked on

2019-02-21 17:19:40 - [MESSAGE][PASSED] - Object: 'Object Repository/KeatMun/Form 7_default/OTC_Submit Form 7_Section B/Page_PERKESO/B8. Tidak_compensationInd' is clicked on

2019-02-21 17:19:40 - [TEST_STEP][PASSED] - delay(1): Delayed 1 second(s)

2019-02-21 17:19:41 - [MESSAGE][PASSED] - Delayed 1 second(s)

2019-02-21 17:19:41 - [TEST_STEP][PASSED] - click(findTestObject("KeatMun/Form 7_default/OTC_Submit Form 7_Section B/Page_PERKESO/B9. Tidak_fileCaseInd")): Object: 'Object Repository/KeatMun/Form 7_default/OTC_Submit Form 7_Section B/Page_PERKESO/B9. Tidak_fileCaseInd' is clicked on

2019-02-21 17:19:41 - [MESSAGE][PASSED] - Object: 'Object Repository/KeatMun/Form 7_default/OTC_Submit Form 7_Section B/Page_PERKESO/B9. Tidak_fileCaseInd' is clicked on

2019-02-21 17:19:41 - [TEST_STEP][PASSED] - delay(1): Delayed 1 second(s)

2019-02-21 17:19:42 - [MESSAGE][PASSED] - Delayed 1 second(s)

2019-02-21 17:19:42 - [TEST_STEP][PASSED] - click(findTestObject("KeatMun/Form 7_default/OTC_Submit Form 7_Section B/Page_PERKESO/B10. Tidak_unregisterCaseInd")): Object: 'Object Repository/KeatMun/Form 7_default/OTC_Submit Form 7_Section B/Page_PERKESO/B10. Tidak_unregisterCaseInd' is clicked on

2019-02-21 17:19:42 - [MESSAGE][PASSED] - Object: 'Object Repository/KeatMun/Form 7_default/OTC_Submit Form 7_Section B/Page_PERKESO/B10. Tidak_unregisterCaseInd' is clicked on

2019-02-21 17:19:42 - [TEST_STEP][PASSED] - delay(2): Delayed 2 second(s)

2019-02-21 17:19:44 - [MESSAGE][PASSED] - Delayed 2 second(s)

2019-02-21 17:19:44 - [TEST_STEP][PASSED] - click(findTestObject("KeatMun/Form 7_default/OTC_Submit Form 7_Section B/Page_PERKESO/B11. Halaman Seterusnya")): Object: 'Object Repository/KeatMun/Form 7_default/OTC_Submit Form 7_Section B/Page_PERKESO/B11. Halaman Seterusnya' is clicked on

2019-02-21 17:19:44 - [MESSAGE][PASSED] - Object: 'Object Repository/KeatMun/Form 7_default/OTC_Submit Form 7_Section B/Page_PERKESO/B11. Halaman Seterusnya' is clicked on

2019-02-21 17:19:44 - [TEST_STEP][PASSED] - delay(3): Delayed 3 second(s)

2019-02-21 17:19:47 - [MESSAGE][PASSED] - Delayed 3 second(s)

2019-02-21 17:19:47 - [MESSAGE][PASSED] - Call Test Case 'Test Cases/All TC/Arranged/3. Unit/EI/Form 7_default/OTC_Submit Form 7_Section B' successfully

2019-02-21 17:19:47 - [TEST_STEP][PASSED] - callTestCase(findTestCase("All TC/Arranged/3. Unit/EI/Form 7_default/OTC_Submit Form 7_Section C"), [:], STOP_ON_FAILURE): Call Test Case 'Test Cases/All TC/Arranged/3. Unit/EI/Form 7_default/OTC_Submit Form 7_Section C' successfully

2019-02-21 17:19:47 - [TEST_CASE][PASSED] - Test Cases/All TC/Arranged/3. Unit/EI/Form 7_default/OTC_Submit Form 7_Section C: Test Cases/All TC/Arranged/3. Unit/EI/Form 7_default/OTC_Submit Form 7_Section C

2019-02-21 17:19:47 - [TEST_STEP][PASSED] - delay(2): Delayed 2 second(s)

2019-02-21 17:19:49 - [MESSAGE][PASSED] - Delayed 2 second(s)

2019-02-21 17:19:49 - [TEST_STEP][PASSED] - setText(findTestObject("KeatMun/Form 7_default/OTC_Submit Form 7_Section C/Page_PERKESO/C4. EmployerInfo"), "qwertyuiop"): Text 'qwertyuiop' is set on object 'Object Repository/KeatMun/Form 7_default/OTC_Submit Form 7_Section C/Page_PERKESO/C4. EmployerInfo'

2019-02-21 17:19:50 - [MESSAGE][PASSED] - Text 'qwertyuiop' is set on object 'Object Repository/KeatMun/Form 7_default/OTC_Submit Form 7_Section C/Page_PERKESO/C4. EmployerInfo'

2019-02-21 17:19:50 - [TEST_STEP][PASSED] - delay(2): Delayed 2 second(s)

2019-02-21 17:19:52 - [MESSAGE][PASSED] - Delayed 2 second(s)

2019-02-21 17:19:52 - [TEST_STEP][PASSED] - click(findTestObject("KeatMun/Form 7_default/OTC_Submit Form 7_Section C/Page_PERKESO/C5. Negeri")): Object: 'Object Repository/KeatMun/Form 7_default/OTC_Submit Form 7_Section C/Page_PERKESO/C5. Negeri' is clicked on

2019-02-21 17:19:52 - [MESSAGE][PASSED] - Object: 'Object Repository/KeatMun/Form 7_default/OTC_Submit Form 7_Section C/Page_PERKESO/C5. Negeri' is clicked on

2019-02-21 17:19:52 - [TEST_STEP][PASSED] - delay(2): Delayed 2 second(s)

2019-02-21 17:19:54 - [MESSAGE][PASSED] - Delayed 2 second(s)

2019-02-21 17:19:54 - [TEST_STEP][PASSED] - click(findTestObject("KeatMun/Form 7_default/OTC_Submit Form 7_Section C/Page_PERKESO/C5. JOHOR")): Object: 'Object Repository/KeatMun/Form 7_default/OTC_Submit Form 7_Section C/Page_PERKESO/C5. JOHOR' is clicked on

2019-02-21 17:19:54 - [MESSAGE][PASSED] - Object: 'Object Repository/KeatMun/Form 7_default/OTC_Submit Form 7_Section C/Page_PERKESO/C5. JOHOR' is clicked on

2019-02-21 17:19:54 - [TEST_STEP][PASSED] - delay(3): Delayed 3 second(s)

2019-02-21 17:19:57 - [MESSAGE][PASSED] - Delayed 3 second(s)

2019-02-21 17:19:57 - [TEST_STEP][PASSED] - click(findTestObject("KeatMun/Form 7_default/OTC_Submit Form 7_Section C/Page_PERKESO/C6. City")): Object: 'Object Repository/KeatMun/Form 7_default/OTC_Submit Form 7_Section C/Page_PERKESO/C6. City' is clicked on

2019-02-21 17:19:57 - [MESSAGE][PASSED] - Object: 'Object Repository/KeatMun/Form 7_default/OTC_Submit Form 7_Section C/Page_PERKESO/C6. City' is clicked on

2019-02-21 17:19:57 - [TEST_STEP][PASSED] - delay(2): Delayed 2 second(s)

2019-02-21 17:19:59 - [MESSAGE][PASSED] - Delayed 2 second(s)

2019-02-21 17:19:59 - [TEST_STEP][PASSED] - setText(findTestObject("KeatMun/Form 7_default/OTC_Submit Form 7_Section C/Page_PERKESO/C6. Done_select2-search__fie"), "jo"): Text 'jo' is set on object 'Object Repository/KeatMun/Form 7_default/OTC_Submit Form 7_Section C/Page_PERKESO/C6. Done_select2-search__fie'

2019-02-21 17:20:00 - [MESSAGE][PASSED] - Text 'jo' is set on object 'Object Repository/KeatMun/Form 7_default/OTC_Submit Form 7_Section C/Page_PERKESO/C6. Done_select2-search__fie'

2019-02-21 17:20:00 - [TEST_STEP][PASSED] - setText(findTestObject("KeatMun/Form 7_default/OTC_Submit Form 7_Section C/Page_PERKESO/C6. Concat(id(  select2-city"), "jo"): Text 'jo' is set on object 'Object Repository/KeatMun/Form 7_default/OTC_Submit Form 7_Section C/Page_PERKESO/C6. Concat(id(  select2-city'

2019-02-21 17:20:00 - [MESSAGE][PASSED] - Text 'jo' is set on object 'Object Repository/KeatMun/Form 7_default/OTC_Submit Form 7_Section C/Page_PERKESO/C6. Concat(id(  select2-city'

2019-02-21 17:20:00 - [TEST_STEP][PASSED] - click(findTestObject("KeatMun/Form 7_default/OTC_Submit Form 7_Section C/Page_PERKESO/C6. JOHOR BAHRU")): Object: 'Object Repository/KeatMun/Form 7_default/OTC_Submit Form 7_Section C/Page_PERKESO/C6. JOHOR BAHRU' is clicked on

2019-02-21 17:20:00 - [MESSAGE][PASSED] - Object: 'Object Repository/KeatMun/Form 7_default/OTC_Submit Form 7_Section C/Page_PERKESO/C6. JOHOR BAHRU' is clicked on

2019-02-21 17:20:00 - [TEST_STEP][PASSED] - delay(3): Delayed 3 second(s)

2019-02-21 17:20:03 - [MESSAGE][PASSED] - Delayed 3 second(s)

2019-02-21 17:20:03 - [TEST_STEP][PASSED] - click(findTestObject("KeatMun/Form 7_default/OTC_Submit Form 7_Section C/Page_PERKESO/C7. --Sila Isikan--")): Object: 'Object Repository/KeatMun/Form 7_default/OTC_Submit Form 7_Section C/Page_PERKESO/C7. --Sila Isikan--' is clicked on

2019-02-21 17:20:03 - [MESSAGE][PASSED] - Object: 'Object Repository/KeatMun/Form 7_default/OTC_Submit Form 7_Section C/Page_PERKESO/C7. --Sila Isikan--' is clicked on

2019-02-21 17:20:03 - [TEST_STEP][PASSED] - delay(2): Delayed 2 second(s)

2019-02-21 17:20:05 - [MESSAGE][PASSED] - Delayed 2 second(s)

2019-02-21 17:20:05 - [TEST_STEP][PASSED] - setText(findTestObject("KeatMun/Form 7_default/OTC_Submit Form 7_Section C/Page_PERKESO/C7. Done_select2-search__fie"), "84"): Text '84' is set on object 'Object Repository/KeatMun/Form 7_default/OTC_Submit Form 7_Section C/Page_PERKESO/C7. Done_select2-search__fie'

2019-02-21 17:20:05 - [MESSAGE][PASSED] - Text '84' is set on object 'Object Repository/KeatMun/Form 7_default/OTC_Submit Form 7_Section C/Page_PERKESO/C7. Done_select2-search__fie'

2019-02-21 17:20:05 - [TEST_STEP][PASSED] - setText(findTestObject("KeatMun/Form 7_default/OTC_Submit Form 7_Section C/Page_PERKESO/C7. Concat(id(  select2-post"), "84"): Text '84' is set on object 'Object Repository/KeatMun/Form 7_default/OTC_Submit Form 7_Section C/Page_PERKESO/C7. Concat(id(  select2-post'

2019-02-21 17:20:06 - [MESSAGE][PASSED] - Text '84' is set on object 'Object Repository/KeatMun/Form 7_default/OTC_Submit Form 7_Section C/Page_PERKESO/C7. Concat(id(  select2-post'

2019-02-21 17:20:06 - [TEST_STEP][PASSED] - click(findTestObject("KeatMun/Form 7_default/OTC_Submit Form 7_Section C/Page_PERKESO/C7. 84000")): Object: 'Object Repository/KeatMun/Form 7_default/OTC_Submit Form 7_Section C/Page_PERKESO/C7. 84000' is clicked on

2019-02-21 17:20:06 - [MESSAGE][PASSED] - Object: 'Object Repository/KeatMun/Form 7_default/OTC_Submit Form 7_Section C/Page_PERKESO/C7. 84000' is clicked on

2019-02-21 17:20:06 - [TEST_STEP][PASSED] - delay(3): Delayed 3 second(s)

2019-02-21 17:20:09 - [MESSAGE][PASSED] - Delayed 3 second(s)

2019-02-21 17:20:09 - [TEST_STEP][PASSED] - click(findTestObject("KeatMun/Form 7_default/OTC_Submit Form 7_Section C/Page_PERKESO/C8. Tidak_employerInfo.emplo")): Object: 'Object Repository/KeatMun/Form 7_default/OTC_Submit Form 7_Section C/Page_PERKESO/C8. Tidak_employerInfo.emplo' is clicked on

2019-02-21 17:20:09 - [MESSAGE][PASSED] - Object: 'Object Repository/KeatMun/Form 7_default/OTC_Submit Form 7_Section C/Page_PERKESO/C8. Tidak_employerInfo.emplo' is clicked on

2019-02-21 17:20:09 - [TEST_STEP][PASSED] - delay(2): Delayed 2 second(s)

2019-02-21 17:20:11 - [MESSAGE][PASSED] - Delayed 2 second(s)

2019-02-21 17:20:11 - [TEST_STEP][PASSED] - setText(findTestObject("KeatMun/Form 7_default/OTC_Submit Form 7_Section C/Page_PERKESO/C9. EmployerName"), "qwertyuiop"): Text 'qwertyuiop' is set on object 'Object Repository/KeatMun/Form 7_default/OTC_Submit Form 7_Section C/Page_PERKESO/C9. EmployerName'

2019-02-21 17:20:11 - [MESSAGE][PASSED] - Text 'qwertyuiop' is set on object 'Object Repository/KeatMun/Form 7_default/OTC_Submit Form 7_Section C/Page_PERKESO/C9. EmployerName'

2019-02-21 17:20:11 - [TEST_STEP][PASSED] - delay(2): Delayed 2 second(s)

2019-02-21 17:20:13 - [MESSAGE][PASSED] - Delayed 2 second(s)

2019-02-21 17:20:13 - [TEST_STEP][PASSED] - setText(findTestObject("KeatMun/Form 7_default/OTC_Submit Form 7_Section C/Page_PERKESO/C10. EmployerIC"), "1234567890"): Text '1234567890' is set on object 'Object Repository/KeatMun/Form 7_default/OTC_Submit Form 7_Section C/Page_PERKESO/C10. EmployerIC'

2019-02-21 17:20:13 - [MESSAGE][PASSED] - Text '1234567890' is set on object 'Object Repository/KeatMun/Form 7_default/OTC_Submit Form 7_Section C/Page_PERKESO/C10. EmployerIC'

2019-02-21 17:20:13 - [TEST_STEP][PASSED] - delay(3): Delayed 3 second(s)

2019-02-21 17:20:16 - [MESSAGE][PASSED] - Delayed 3 second(s)

2019-02-21 17:20:16 - [TEST_STEP][PASSED] - click(findTestObject("KeatMun/Form 7_default/OTC_Submit Form 7_Section C/Page_PERKESO/C11. Halaman Seterusnya")): Object: 'Object Repository/KeatMun/Form 7_default/OTC_Submit Form 7_Section C/Page_PERKESO/C11. Halaman Seterusnya' is clicked on

2019-02-21 17:20:17 - [MESSAGE][PASSED] - Object: 'Object Repository/KeatMun/Form 7_default/OTC_Submit Form 7_Section C/Page_PERKESO/C11. Halaman Seterusnya' is clicked on

2019-02-21 17:20:17 - [TEST_STEP][PASSED] - delay(3): Delayed 3 second(s)

2019-02-21 17:20:20 - [MESSAGE][PASSED] - Delayed 3 second(s)

2019-02-21 17:20:20 - [MESSAGE][PASSED] - Call Test Case 'Test Cases/All TC/Arranged/3. Unit/EI/Form 7_default/OTC_Submit Form 7_Section C' successfully

2019-02-21 17:20:20 - [TEST_STEP][PASSED] - callTestCase(findTestCase("All TC/Arranged/3. Unit/EI/Form 7_default/OTC_Submit Form 7_Section D-E"), [:], STOP_ON_FAILURE): Call Test Case 'Test Cases/All TC/Arranged/3. Unit/EI/Form 7_default/OTC_Submit Form 7_Section D-E' successfully

2019-02-21 17:20:20 - [TEST_CASE][PASSED] - Test Cases/All TC/Arranged/3. Unit/EI/Form 7_default/OTC_Submit Form 7_Section D-E: Test Cases/All TC/Arranged/3. Unit/EI/Form 7_default/OTC_Submit Form 7_Section D-E

2019-02-21 17:20:20 - [TEST_STEP][PASSED] - delay(3): Delayed 3 second(s)

2019-02-21 17:20:23 - [MESSAGE][PASSED] - Delayed 3 second(s)

2019-02-21 17:20:23 - [TEST_STEP][PASSED] - click(findTestObject("KeatMun/Form 7_default/OTC_Submit Form 7_Section D-E/Page_PERKESO/D1. NO_otherActiveEmploye")): Object: 'Object Repository/KeatMun/Form 7_default/OTC_Submit Form 7_Section D-E/Page_PERKESO/D1. NO_otherActiveEmploye' is clicked on

2019-02-21 17:20:23 - [MESSAGE][PASSED] - Object: 'Object Repository/KeatMun/Form 7_default/OTC_Submit Form 7_Section D-E/Page_PERKESO/D1. NO_otherActiveEmploye' is clicked on

2019-02-21 17:20:23 - [TEST_STEP][PASSED] - delay(4): Delayed 4 second(s)

2019-02-21 17:20:27 - [MESSAGE][PASSED] - Delayed 4 second(s)

2019-02-21 17:20:27 - [TEST_STEP][PASSED] - click(findTestObject("KeatMun/Form 7_default/OTC_Submit Form 7_Section D-E/Page_PERKESO/D2. Halaman Seterusnya")): Object: 'Object Repository/KeatMun/Form 7_default/OTC_Submit Form 7_Section D-E/Page_PERKESO/D2. Halaman Seterusnya' is clicked on

2019-02-21 17:20:27 - [MESSAGE][PASSED] - Object: 'Object Repository/KeatMun/Form 7_default/OTC_Submit Form 7_Section D-E/Page_PERKESO/D2. Halaman Seterusnya' is clicked on

2019-02-21 17:20:27 - [TEST_STEP][PASSED] - delay(5): Delayed 5 second(s)

2019-02-21 17:20:32 - [MESSAGE][PASSED] - Delayed 5 second(s)

2019-02-21 17:20:32 - [TEST_STEP][PASSED] - setText(findTestObject("KeatMun/Form 7_default/OTC_Submit Form 7_Section D-E/Page_PERKESO/E1. Input__totalExpYear"), "1"): Text '1' is set on object 'Object Repository/KeatMun/Form 7_default/OTC_Submit Form 7_Section D-E/Page_PERKESO/E1. Input__totalExpYear'

2019-02-21 17:20:32 - [MESSAGE][PASSED] - Text '1' is set on object 'Object Repository/KeatMun/Form 7_default/OTC_Submit Form 7_Section D-E/Page_PERKESO/E1. Input__totalExpYear'

2019-02-21 17:20:32 - [TEST_STEP][PASSED] - delay(2): Delayed 2 second(s)

2019-02-21 17:20:34 - [MESSAGE][PASSED] - Delayed 2 second(s)

2019-02-21 17:20:34 - [TEST_STEP][PASSED] - setText(findTestObject("KeatMun/Form 7_default/OTC_Submit Form 7_Section D-E/Page_PERKESO/E1. Tahun_totalExpMonth"), "1"): Text '1' is set on object 'Object Repository/KeatMun/Form 7_default/OTC_Submit Form 7_Section D-E/Page_PERKESO/E1. Tahun_totalExpMonth'

2019-02-21 17:20:34 - [MESSAGE][PASSED] - Text '1' is set on object 'Object Repository/KeatMun/Form 7_default/OTC_Submit Form 7_Section D-E/Page_PERKESO/E1. Tahun_totalExpMonth'

2019-02-21 17:20:34 - [TEST_STEP][PASSED] - delay(2): Delayed 2 second(s)

2019-02-21 17:20:36 - [MESSAGE][PASSED] - Delayed 2 second(s)

2019-02-21 17:20:36 - [TEST_STEP][PASSED] - click(findTestObject("KeatMun/Form 7_default/OTC_Submit Form 7_Section D-E/Page_PERKESO/E2. Edu-Level")): Object: 'Object Repository/KeatMun/Form 7_default/OTC_Submit Form 7_Section D-E/Page_PERKESO/E2. Edu-Level' is clicked on

2019-02-21 17:20:37 - [MESSAGE][PASSED] - Object: 'Object Repository/KeatMun/Form 7_default/OTC_Submit Form 7_Section D-E/Page_PERKESO/E2. Edu-Level' is clicked on

2019-02-21 17:20:37 - [TEST_STEP][PASSED] - delay(2): Delayed 2 second(s)

2019-02-21 17:20:39 - [MESSAGE][PASSED] - Delayed 2 second(s)

2019-02-21 17:20:39 - [TEST_STEP][PASSED] - click(findTestObject("KeatMun/Form 7_default/OTC_Submit Form 7_Section D-E/Page_PERKESO/E2. PMRPT3")): Object: 'Object Repository/KeatMun/Form 7_default/OTC_Submit Form 7_Section D-E/Page_PERKESO/E2. PMRPT3' is clicked on

2019-02-21 17:20:39 - [MESSAGE][PASSED] - Object: 'Object Repository/KeatMun/Form 7_default/OTC_Submit Form 7_Section D-E/Page_PERKESO/E2. PMRPT3' is clicked on

2019-02-21 17:20:39 - [TEST_STEP][PASSED] - delay(3): Delayed 3 second(s)

2019-02-21 17:20:42 - [MESSAGE][PASSED] - Delayed 3 second(s)

2019-02-21 17:20:42 - [TEST_STEP][PASSED] - click(findTestObject("KeatMun/Form 7_default/OTC_Submit Form 7_Section D-E/Page_PERKESO/E3. Job-Choice")): Object: 'Object Repository/KeatMun/Form 7_default/OTC_Submit Form 7_Section D-E/Page_PERKESO/E3. Job-Choice' is clicked on

2019-02-21 17:20:42 - [MESSAGE][PASSED] - Object: 'Object Repository/KeatMun/Form 7_default/OTC_Submit Form 7_Section D-E/Page_PERKESO/E3. Job-Choice' is clicked on

2019-02-21 17:20:42 - [TEST_STEP][PASSED] - delay(2): Delayed 2 second(s)

2019-02-21 17:20:44 - [MESSAGE][PASSED] - Delayed 2 second(s)

2019-02-21 17:20:44 - [TEST_STEP][PASSED] - setText(findTestObject("KeatMun/Form 7_default/OTC_Submit Form 7_Section D-E/Page_PERKESO/E3. Done_select2-search__fie"), "re"): Text 're' is set on object 'Object Repository/KeatMun/Form 7_default/OTC_Submit Form 7_Section D-E/Page_PERKESO/E3. Done_select2-search__fie'

2019-02-21 17:20:44 - [MESSAGE][PASSED] - Text 're' is set on object 'Object Repository/KeatMun/Form 7_default/OTC_Submit Form 7_Section D-E/Page_PERKESO/E3. Done_select2-search__fie'

2019-02-21 17:20:44 - [TEST_STEP][PASSED] - click(findTestObject("KeatMun/Form 7_default/OTC_Submit Form 7_Section D-E/Page_PERKESO/E3. Arkitek Reka Bentuk")): Object: 'Object Repository/KeatMun/Form 7_default/OTC_Submit Form 7_Section D-E/Page_PERKESO/E3. Arkitek Reka Bentuk' is clicked on

2019-02-21 17:20:44 - [MESSAGE][PASSED] - Object: 'Object Repository/KeatMun/Form 7_default/OTC_Submit Form 7_Section D-E/Page_PERKESO/E3. Arkitek Reka Bentuk' is clicked on

2019-02-21 17:20:44 - [TEST_STEP][PASSED] - delay(2): Delayed 2 second(s)

2019-02-21 17:20:46 - [MESSAGE][PASSED] - Delayed 2 second(s)

2019-02-21 17:20:46 - [TEST_STEP][PASSED] - click(findTestObject("KeatMun/Form 7_default/OTC_Submit Form 7_Section D-E/Page_PERKESO/E4. Job_Location")): Object: 'Object Repository/KeatMun/Form 7_default/OTC_Submit Form 7_Section D-E/Page_PERKESO/E4. Job_Location' is clicked on

2019-02-21 17:20:46 - [MESSAGE][PASSED] - Object: 'Object Repository/KeatMun/Form 7_default/OTC_Submit Form 7_Section D-E/Page_PERKESO/E4. Job_Location' is clicked on

2019-02-21 17:20:46 - [TEST_STEP][PASSED] - delay(2): Delayed 2 second(s)

2019-02-21 17:20:48 - [MESSAGE][PASSED] - Delayed 2 second(s)

2019-02-21 17:20:48 - [TEST_STEP][PASSED] - click(findTestObject("KeatMun/Form 7_default/OTC_Submit Form 7_Section D-E/Page_PERKESO/E4. JOHOR")): Object: 'Object Repository/KeatMun/Form 7_default/OTC_Submit Form 7_Section D-E/Page_PERKESO/E4. JOHOR' is clicked on

2019-02-21 17:20:49 - [MESSAGE][PASSED] - Object: 'Object Repository/KeatMun/Form 7_default/OTC_Submit Form 7_Section D-E/Page_PERKESO/E4. JOHOR' is clicked on

2019-02-21 17:20:49 - [TEST_STEP][PASSED] - delay(2): Delayed 2 second(s)

2019-02-21 17:20:51 - [MESSAGE][PASSED] - Delayed 2 second(s)

2019-02-21 17:20:51 - [TEST_STEP][PASSED] - click(findTestObject("KeatMun/Form 7_default/OTC_Submit Form 7_Section D-E/Page_PERKESO/E7. NO_disability")): Object: 'Object Repository/KeatMun/Form 7_default/OTC_Submit Form 7_Section D-E/Page_PERKESO/E7. NO_disability' is clicked on

2019-02-21 17:20:51 - [MESSAGE][PASSED] - Object: 'Object Repository/KeatMun/Form 7_default/OTC_Submit Form 7_Section D-E/Page_PERKESO/E7. NO_disability' is clicked on

2019-02-21 17:20:51 - [TEST_STEP][PASSED] - delay(2): Delayed 2 second(s)

2019-02-21 17:20:53 - [MESSAGE][PASSED] - Delayed 2 second(s)

2019-02-21 17:20:53 - [TEST_STEP][PASSED] - click(findTestObject("KeatMun/Form 7_default/OTC_Submit Form 7_Section D-E/Page_PERKESO/E8. NO_disabilityApplyInd")): Object: 'Object Repository/KeatMun/Form 7_default/OTC_Submit Form 7_Section D-E/Page_PERKESO/E8. NO_disabilityApplyInd' is clicked on

2019-02-21 17:20:53 - [MESSAGE][PASSED] - Object: 'Object Repository/KeatMun/Form 7_default/OTC_Submit Form 7_Section D-E/Page_PERKESO/E8. NO_disabilityApplyInd' is clicked on

2019-02-21 17:20:53 - [TEST_STEP][PASSED] - delay(2): Delayed 2 second(s)

2019-02-21 17:20:55 - [MESSAGE][PASSED] - Delayed 2 second(s)

2019-02-21 17:20:55 - [TEST_STEP][PASSED] - click(findTestObject("KeatMun/Form 7_default/OTC_Submit Form 7_Section D-E/Page_PERKESO/E9. YES_ReEmployment")): Object: 'Object Repository/KeatMun/Form 7_default/OTC_Submit Form 7_Section D-E/Page_PERKESO/E9. YES_ReEmployment' is clicked on

2019-02-21 17:20:55 - [MESSAGE][PASSED] - Object: 'Object Repository/KeatMun/Form 7_default/OTC_Submit Form 7_Section D-E/Page_PERKESO/E9. YES_ReEmployment' is clicked on

2019-02-21 17:20:55 - [TEST_STEP][PASSED] - delay(2): Delayed 2 second(s)

2019-02-21 17:20:57 - [MESSAGE][PASSED] - Delayed 2 second(s)

2019-02-21 17:20:57 - [TEST_STEP][PASSED] - click(findTestObject("KeatMun/Form 7_default/OTC_Submit Form 7_Section D-E/Page_PERKESO/E10. Halaman Seterusnya")): Object: 'Object Repository/KeatMun/Form 7_default/OTC_Submit Form 7_Section D-E/Page_PERKESO/E10. Halaman Seterusnya' is clicked on

2019-02-21 17:20:57 - [MESSAGE][PASSED] - Object: 'Object Repository/KeatMun/Form 7_default/OTC_Submit Form 7_Section D-E/Page_PERKESO/E10. Halaman Seterusnya' is clicked on

2019-02-21 17:20:57 - [TEST_STEP][PASSED] - delay(3): Delayed 3 second(s)

2019-02-21 17:21:00 - [MESSAGE][PASSED] - Delayed 3 second(s)

2019-02-21 17:21:00 - [MESSAGE][PASSED] - Call Test Case 'Test Cases/All TC/Arranged/3. Unit/EI/Form 7_default/OTC_Submit Form 7_Section D-E' successfully

2019-02-21 17:21:00 - [TEST_STEP][PASSED] - callTestCase(findTestCase("All TC/Arranged/3. Unit/EI/Form 7_default/OTC_Submit Form 7_Section F-G-H - EFT"), [:], STOP_ON_FAILURE): Call Test Case 'Test Cases/All TC/Arranged/3. Unit/EI/Form 7_default/OTC_Submit Form 7_Section F-G-H - EFT' successfully

2019-02-21 17:21:00 - [TEST_CASE][PASSED] - Test Cases/All TC/Arranged/3. Unit/EI/Form 7_default/OTC_Submit Form 7_Section F-G-H - EFT: Test Cases/All TC/Arranged/3. Unit/EI/Form 7_default/OTC_Submit Form 7_Section F-G-H - EFT

2019-02-21 17:21:00 - [TEST_STEP][PASSED] - delay(3): Delayed 3 second(s)

2019-02-21 17:21:03 - [MESSAGE][PASSED] - Delayed 3 second(s)

2019-02-21 17:21:03 - [TEST_STEP][PASSED] - click(findTestObject("KeatMun/Form 7_default/OTC_Submit Form 7_Section F-G-H/Page_PERKESO/F1. Tidak_bankrupt")): Object: 'Object Repository/KeatMun/Form 7_default/OTC_Submit Form 7_Section F-G-H/Page_PERKESO/F1. Tidak_bankrupt' is clicked on

2019-02-21 17:21:04 - [MESSAGE][PASSED] - Object: 'Object Repository/KeatMun/Form 7_default/OTC_Submit Form 7_Section F-G-H/Page_PERKESO/F1. Tidak_bankrupt' is clicked on

2019-02-21 17:21:04 - [TEST_STEP][PASSED] - delay(2): Delayed 2 second(s)

2019-02-21 17:21:06 - [MESSAGE][PASSED] - Delayed 2 second(s)

2019-02-21 17:21:06 - [TEST_STEP][PASSED] - click(findTestObject("KeatMun/Form 7_default/OTC_Submit Form 7_Section F-G-H/Page_PERKESO/F2. Bank Name")): Object: 'Object Repository/KeatMun/Form 7_default/OTC_Submit Form 7_Section F-G-H/Page_PERKESO/F2. Bank Name' is clicked on

2019-02-21 17:21:06 - [MESSAGE][PASSED] - Object: 'Object Repository/KeatMun/Form 7_default/OTC_Submit Form 7_Section F-G-H/Page_PERKESO/F2. Bank Name' is clicked on

2019-02-21 17:21:06 - [TEST_STEP][PASSED] - delay(2): Delayed 2 second(s)

2019-02-21 17:21:08 - [MESSAGE][PASSED] - Delayed 2 second(s)

2019-02-21 17:21:08 - [TEST_STEP][PASSED] - click(findTestObject("KeatMun/Form 7_default/OTC_Submit Form 7_Section F-G-H/Page_PERKESO/F2. AFFIN BANK BERHAD")): Object: 'Object Repository/KeatMun/Form 7_default/OTC_Submit Form 7_Section F-G-H/Page_PERKESO/F2. AFFIN BANK BERHAD' is clicked on

2019-02-21 17:21:08 - [MESSAGE][PASSED] - Object: 'Object Repository/KeatMun/Form 7_default/OTC_Submit Form 7_Section F-G-H/Page_PERKESO/F2. AFFIN BANK BERHAD' is clicked on

2019-02-21 17:21:08 - [TEST_STEP][PASSED] - delay(2): Delayed 2 second(s)

2019-02-21 17:21:10 - [MESSAGE][PASSED] - Delayed 2 second(s)

2019-02-21 17:21:10 - [TEST_STEP][PASSED] - setText(findTestObject("KeatMun/Form 7_default/OTC_Submit Form 7_Section F-G-H/Page_PERKESO/F3. Nombor akaun bank"), "1234567890"): Text '1234567890' is set on object 'Object Repository/KeatMun/Form 7_default/OTC_Submit Form 7_Section F-G-H/Page_PERKESO/F3. Nombor akaun bank'

2019-02-21 17:21:10 - [MESSAGE][PASSED] - Text '1234567890' is set on object 'Object Repository/KeatMun/Form 7_default/OTC_Submit Form 7_Section F-G-H/Page_PERKESO/F3. Nombor akaun bank'

2019-02-21 17:21:10 - [TEST_STEP][PASSED] - delay(2): Delayed 2 second(s)

2019-02-21 17:21:12 - [MESSAGE][PASSED] - Delayed 2 second(s)

2019-02-21 17:21:12 - [TEST_STEP][PASSED] - click(findTestObject("KeatMun/Form 7_default/OTC_Submit Form 7_Section F-G-H/Page_PERKESO/F4. Halaman Seterusnya")): Object: 'Object Repository/KeatMun/Form 7_default/OTC_Submit Form 7_Section F-G-H/Page_PERKESO/F4. Halaman Seterusnya' is clicked on

2019-02-21 17:21:12 - [MESSAGE][PASSED] - Object: 'Object Repository/KeatMun/Form 7_default/OTC_Submit Form 7_Section F-G-H/Page_PERKESO/F4. Halaman Seterusnya' is clicked on

2019-02-21 17:21:12 - [TEST_STEP][PASSED] - delay(5): Delayed 5 second(s)

2019-02-21 17:21:17 - [MESSAGE][PASSED] - Delayed 5 second(s)

2019-02-21 17:21:17 - [TEST_STEP][PASSED] - setText(findTestObject("KeatMun/Form 7_default/OTC_Submit Form 7_Section F-G-H/Page_PERKESO/G2. Hubungan dengan OB-nama"), "qwertyuiop"): Text 'qwertyuiop' is set on object 'Object Repository/KeatMun/Form 7_default/OTC_Submit Form 7_Section F-G-H/Page_PERKESO/G2. Hubungan dengan OB-nama'

2019-02-21 17:21:18 - [MESSAGE][PASSED] - Text 'qwertyuiop' is set on object 'Object Repository/KeatMun/Form 7_default/OTC_Submit Form 7_Section F-G-H/Page_PERKESO/G2. Hubungan dengan OB-nama'

2019-02-21 17:21:18 - [TEST_STEP][PASSED] - delay(2): Delayed 2 second(s)

2019-02-21 17:21:20 - [MESSAGE][PASSED] - Delayed 2 second(s)

2019-02-21 17:21:20 - [TEST_STEP][PASSED] - setText(findTestObject("KeatMun/Form 7_default/OTC_Submit Form 7_Section F-G-H/Page_PERKESO/G2. Hubungan dengan OB-ic.no"), "111111223333"): Text '111111223333' is set on object 'Object Repository/KeatMun/Form 7_default/OTC_Submit Form 7_Section F-G-H/Page_PERKESO/G2. Hubungan dengan OB-ic.no'

2019-02-21 17:21:20 - [MESSAGE][PASSED] - Text '111111223333' is set on object 'Object Repository/KeatMun/Form 7_default/OTC_Submit Form 7_Section F-G-H/Page_PERKESO/G2. Hubungan dengan OB-ic.no'

2019-02-21 17:21:20 - [TEST_STEP][PASSED] - delay(2): Delayed 2 second(s)

2019-02-21 17:21:22 - [MESSAGE][PASSED] - Delayed 2 second(s)

2019-02-21 17:21:22 - [TEST_STEP][PASSED] - setText(findTestObject("KeatMun/Form 7_default/OTC_Submit Form 7_Section F-G-H/Page_PERKESO/G2. Hubungan dengan OB-DOB"), "10/01/2019"): Text '10/01/2019' is set on object 'Object Repository/KeatMun/Form 7_default/OTC_Submit Form 7_Section F-G-H/Page_PERKESO/G2. Hubungan dengan OB-DOB'

2019-02-21 17:21:22 - [MESSAGE][PASSED] - Text '10/01/2019' is set on object 'Object Repository/KeatMun/Form 7_default/OTC_Submit Form 7_Section F-G-H/Page_PERKESO/G2. Hubungan dengan OB-DOB'

2019-02-21 17:21:22 - [TEST_STEP][PASSED] - delay(3): Delayed 3 second(s)

2019-02-21 17:21:25 - [MESSAGE][PASSED] - Delayed 3 second(s)

2019-02-21 17:21:25 - [TEST_STEP][PASSED] - click(findTestObject("KeatMun/Form 7_default/OTC_Submit Form 7_Section F-G-H/Page_PERKESO/G2. Span_Bapa")): Object: 'Object Repository/KeatMun/Form 7_default/OTC_Submit Form 7_Section F-G-H/Page_PERKESO/G2. Span_Bapa' is clicked on

2019-02-21 17:21:25 - [MESSAGE][PASSED] - Object: 'Object Repository/KeatMun/Form 7_default/OTC_Submit Form 7_Section F-G-H/Page_PERKESO/G2. Span_Bapa' is clicked on

2019-02-21 17:21:25 - [TEST_STEP][PASSED] - delay(3): Delayed 3 second(s)

2019-02-21 17:21:28 - [MESSAGE][PASSED] - Delayed 3 second(s)

2019-02-21 17:21:28 - [TEST_STEP][PASSED] - click(findTestObject("KeatMun/Form 7_default/OTC_Submit Form 7_Section F-G-H/Page_PERKESO/G2. Choose_Isteri")): Object: 'Object Repository/KeatMun/Form 7_default/OTC_Submit Form 7_Section F-G-H/Page_PERKESO/G2. Choose_Isteri' is clicked on

2019-02-21 17:21:28 - [MESSAGE][PASSED] - Object: 'Object Repository/KeatMun/Form 7_default/OTC_Submit Form 7_Section F-G-H/Page_PERKESO/G2. Choose_Isteri' is clicked on

2019-02-21 17:21:28 - [TEST_STEP][PASSED] - delay(3): Delayed 3 second(s)

2019-02-21 17:21:31 - [MESSAGE][PASSED] - Delayed 3 second(s)

2019-02-21 17:21:31 - [TEST_STEP][PASSED] - click(findTestObject("KeatMun/Form 7_default/OTC_Submit Form 7_Section F-G-H/Page_PERKESO/G3. Halaman Seterusnya")): Object: 'Object Repository/KeatMun/Form 7_default/OTC_Submit Form 7_Section F-G-H/Page_PERKESO/G3. Halaman Seterusnya' is clicked on

2019-02-21 17:21:32 - [MESSAGE][PASSED] - Object: 'Object Repository/KeatMun/Form 7_default/OTC_Submit Form 7_Section F-G-H/Page_PERKESO/G3. Halaman Seterusnya' is clicked on

2019-02-21 17:21:32 - [TEST_STEP][PASSED] - delay(5): Delayed 5 second(s)

2019-02-21 17:21:37 - [MESSAGE][PASSED] - Delayed 5 second(s)

2019-02-21 17:21:37 - [TEST_STEP][PASSED] - click(findTestObject("KeatMun/Form 7_default/OTC_Submit Form 7_Section F-G-H/Page_PERKESO/H1. declAckInfoInd")): Object: 'Object Repository/KeatMun/Form 7_default/OTC_Submit Form 7_Section F-G-H/Page_PERKESO/H1. declAckInfoInd' is clicked on

2019-02-21 17:21:37 - [MESSAGE][PASSED] - Object: 'Object Repository/KeatMun/Form 7_default/OTC_Submit Form 7_Section F-G-H/Page_PERKESO/H1. declAckInfoInd' is clicked on

2019-02-21 17:21:37 - [TEST_STEP][PASSED] - delay(2): Delayed 2 second(s)

2019-02-21 17:21:39 - [MESSAGE][PASSED] - Delayed 2 second(s)

2019-02-21 17:21:39 - [TEST_STEP][PASSED] - click(findTestObject("KeatMun/Form 7_default/OTC_Submit Form 7_Section F-G-H/Page_PERKESO/H2. declAckRepayInd")): Object: 'Object Repository/KeatMun/Form 7_default/OTC_Submit Form 7_Section F-G-H/Page_PERKESO/H2. declAckRepayInd' is clicked on

2019-02-21 17:21:39 - [MESSAGE][PASSED] - Object: 'Object Repository/KeatMun/Form 7_default/OTC_Submit Form 7_Section F-G-H/Page_PERKESO/H2. declAckRepayInd' is clicked on

2019-02-21 17:21:39 - [TEST_STEP][PASSED] - delay(2): Delayed 2 second(s)

2019-02-21 17:21:41 - [MESSAGE][PASSED] - Delayed 2 second(s)

2019-02-21 17:21:41 - [TEST_STEP][PASSED] - click(findTestObject("KeatMun/Form 7_default/OTC_Submit Form 7_Section F-G-H/Page_PERKESO/H3. declAckLegalInd")): Object: 'Object Repository/KeatMun/Form 7_default/OTC_Submit Form 7_Section F-G-H/Page_PERKESO/H3. declAckLegalInd' is clicked on

2019-02-21 17:21:41 - [MESSAGE][PASSED] - Object: 'Object Repository/KeatMun/Form 7_default/OTC_Submit Form 7_Section F-G-H/Page_PERKESO/H3. declAckLegalInd' is clicked on

2019-02-21 17:21:41 - [TEST_STEP][PASSED] - delay(2): Delayed 2 second(s)

2019-02-21 17:21:43 - [MESSAGE][PASSED] - Delayed 2 second(s)

2019-02-21 17:21:43 - [TEST_STEP][PASSED] - click(findTestObject("KeatMun/Form 7_default/OTC_Submit Form 7_Section F-G-H/Page_PERKESO/i1. mandatory_document1")): Object: 'Object Repository/KeatMun/Form 7_default/OTC_Submit Form 7_Section F-G-H/Page_PERKESO/i1. mandatory_document1' is clicked on

2019-02-21 17:21:43 - [MESSAGE][PASSED] - Object: 'Object Repository/KeatMun/Form 7_default/OTC_Submit Form 7_Section F-G-H/Page_PERKESO/i1. mandatory_document1' is clicked on

2019-02-21 17:21:43 - [TEST_STEP][PASSED] - delay(3): Delayed 3 second(s)

2019-02-21 17:21:46 - [MESSAGE][PASSED] - Delayed 3 second(s)

2019-02-21 17:21:46 - [TEST_STEP][PASSED] - sendKeys(findTestObject("KeatMun/Form 7_default/OTC_Submit Form 7_Section F-G-H/Page_PERKESO/i1.--Sila Pilih--_singleFil"), TextFilePathCommon + "\UploadDoc.txt"): Keys 'C:\Users\Admin\Documents\GitHub\PKSKatalon\PKS-EI-ES\Common Zone\UploadDoc.txt' sent to object: 'Object Repository/KeatMun/Form 7_default/OTC_Submit Form 7_Section F-G-H/Page_PERKESO/i1.--Sila Pilih--_singleFil'

2019-02-21 17:21:46 - [MESSAGE][PASSED] - Keys 'C:\Users\Admin\Documents\GitHub\PKSKatalon\PKS-EI-ES\Common Zone\UploadDoc.txt' sent to object: 'Object Repository/KeatMun/Form 7_default/OTC_Submit Form 7_Section F-G-H/Page_PERKESO/i1.--Sila Pilih--_singleFil'

2019-02-21 17:21:46 - [TEST_STEP][PASSED] - delay(3): Delayed 3 second(s)

2019-02-21 17:21:49 - [MESSAGE][PASSED] - Delayed 3 second(s)

2019-02-21 17:21:49 - [TEST_STEP][PASSED] - click(findTestObject("KeatMun/Form 7_default/OTC_Submit Form 7_Section F-G-H/Page_PERKESO/i1.Add - Tambah Dokumen (1)")): Object: 'Object Repository/KeatMun/Form 7_default/OTC_Submit Form 7_Section F-G-H/Page_PERKESO/i1.Add - Tambah Dokumen (1)' is clicked on

2019-02-21 17:21:50 - [MESSAGE][PASSED] - Object: 'Object Repository/KeatMun/Form 7_default/OTC_Submit Form 7_Section F-G-H/Page_PERKESO/i1.Add - Tambah Dokumen (1)' is clicked on

2019-02-21 17:21:50 - [TEST_STEP][PASSED] - delay(3): Delayed 3 second(s)

2019-02-21 17:21:53 - [MESSAGE][PASSED] - Delayed 3 second(s)

2019-02-21 17:21:53 - [TEST_STEP][PASSED] - acceptAlert(): Alert accepted

2019-02-21 17:21:53 - [MESSAGE][PASSED] - Alert accepted

2019-02-21 17:21:53 - [TEST_STEP][PASSED] - delay(3): Delayed 3 second(s)

2019-02-21 17:21:56 - [MESSAGE][PASSED] - Delayed 3 second(s)

2019-02-21 17:21:56 - [TEST_STEP][PASSED] - click(findTestObject("KeatMun/Form 7_default/OTC_Submit Form 7_Section F-G-H/Page_PERKESO/i2. mandatory_document2")): Object: 'Object Repository/KeatMun/Form 7_default/OTC_Submit Form 7_Section F-G-H/Page_PERKESO/i2. mandatory_document2' is clicked on

2019-02-21 17:21:56 - [MESSAGE][PASSED] - Object: 'Object Repository/KeatMun/Form 7_default/OTC_Submit Form 7_Section F-G-H/Page_PERKESO/i2. mandatory_document2' is clicked on

2019-02-21 17:21:56 - [TEST_STEP][PASSED] - delay(3): Delayed 3 second(s)

2019-02-21 17:21:59 - [MESSAGE][PASSED] - Delayed 3 second(s)

2019-02-21 17:21:59 - [TEST_STEP][PASSED] - click(findTestObject("KeatMun/Form 7_default/OTC_Submit Form 7_Section F-G-H/Page_PERKESO/i2. input_Ya_optradio")): Object: 'Object Repository/KeatMun/Form 7_default/OTC_Submit Form 7_Section F-G-H/Page_PERKESO/i2. input_Ya_optradio' is clicked on

2019-02-21 17:21:59 - [MESSAGE][PASSED] - Object: 'Object Repository/KeatMun/Form 7_default/OTC_Submit Form 7_Section F-G-H/Page_PERKESO/i2. input_Ya_optradio' is clicked on

2019-02-21 17:21:59 - [TEST_STEP][PASSED] - delay(3): Delayed 3 second(s)

2019-02-21 17:22:02 - [MESSAGE][PASSED] - Delayed 3 second(s)

2019-02-21 17:22:02 - [TEST_STEP][PASSED] - sendKeys(findTestObject("KeatMun/Form 7_default/OTC_Submit Form 7_Section F-G-H/Page_PERKESO/i1.--Sila Pilih--_singleFil"), TextFilePathCommon + "\UploadDoc.txt"): Keys 'C:\Users\Admin\Documents\GitHub\PKSKatalon\PKS-EI-ES\Common Zone\UploadDoc.txt' sent to object: 'Object Repository/KeatMun/Form 7_default/OTC_Submit Form 7_Section F-G-H/Page_PERKESO/i1.--Sila Pilih--_singleFil'

2019-02-21 17:22:02 - [MESSAGE][PASSED] - Keys 'C:\Users\Admin\Documents\GitHub\PKSKatalon\PKS-EI-ES\Common Zone\UploadDoc.txt' sent to object: 'Object Repository/KeatMun/Form 7_default/OTC_Submit Form 7_Section F-G-H/Page_PERKESO/i1.--Sila Pilih--_singleFil'

2019-02-21 17:22:02 - [TEST_STEP][PASSED] - delay(3): Delayed 3 second(s)

2019-02-21 17:22:05 - [MESSAGE][PASSED] - Delayed 3 second(s)

2019-02-21 17:22:05 - [TEST_STEP][PASSED] - click(findTestObject("KeatMun/Form 7_default/OTC_Submit Form 7_Section F-G-H/Page_PERKESO/i2. button_Tambah Dokumen")): Object: 'Object Repository/KeatMun/Form 7_default/OTC_Submit Form 7_Section F-G-H/Page_PERKESO/i2. button_Tambah Dokumen' is clicked on

2019-02-21 17:22:05 - [MESSAGE][PASSED] - Object: 'Object Repository/KeatMun/Form 7_default/OTC_Submit Form 7_Section F-G-H/Page_PERKESO/i2. button_Tambah Dokumen' is clicked on

2019-02-21 17:22:05 - [TEST_STEP][PASSED] - delay(3): Delayed 3 second(s)

2019-02-21 17:22:08 - [MESSAGE][PASSED] - Delayed 3 second(s)

2019-02-21 17:22:08 - [TEST_STEP][PASSED] - acceptAlert(): Alert accepted

2019-02-21 17:22:08 - [MESSAGE][PASSED] - Alert accepted

2019-02-21 17:22:08 - [TEST_STEP][PASSED] - delay(3): Delayed 3 second(s)

2019-02-21 17:22:11 - [MESSAGE][PASSED] - Delayed 3 second(s)

2019-02-21 17:22:11 - [TEST_STEP][PASSED] - click(findTestObject("KeatMun/Form 7_default/OTC_Submit Form 7_Section F-G-H/Page_PERKESO/i3. mandatory_document3")): Object: 'Object Repository/KeatMun/Form 7_default/OTC_Submit Form 7_Section F-G-H/Page_PERKESO/i3. mandatory_document3' is clicked on

2019-02-21 17:22:11 - [MESSAGE][PASSED] - Object: 'Object Repository/KeatMun/Form 7_default/OTC_Submit Form 7_Section F-G-H/Page_PERKESO/i3. mandatory_document3' is clicked on

2019-02-21 17:22:11 - [TEST_STEP][PASSED] - delay(3): Delayed 3 second(s)

2019-02-21 17:22:14 - [MESSAGE][PASSED] - Delayed 3 second(s)

2019-02-21 17:22:14 - [TEST_STEP][PASSED] - click(findTestObject("KeatMun/Form 7_default/OTC_Submit Form 7_Section F-G-H/Page_PERKESO/i2. input_Ya_optradio")): Object: 'Object Repository/KeatMun/Form 7_default/OTC_Submit Form 7_Section F-G-H/Page_PERKESO/i2. input_Ya_optradio' is clicked on

2019-02-21 17:22:14 - [MESSAGE][PASSED] - Object: 'Object Repository/KeatMun/Form 7_default/OTC_Submit Form 7_Section F-G-H/Page_PERKESO/i2. input_Ya_optradio' is clicked on

2019-02-21 17:22:14 - [TEST_STEP][PASSED] - delay(3): Delayed 3 second(s)

2019-02-21 17:22:17 - [MESSAGE][PASSED] - Delayed 3 second(s)

2019-02-21 17:22:17 - [TEST_STEP][PASSED] - sendKeys(findTestObject("KeatMun/Form 7_default/OTC_Submit Form 7_Section F-G-H/Page_PERKESO/i1.--Sila Pilih--_singleFil"), TextFilePathCommon + "\UploadDoc.txt"): Keys 'C:\Users\Admin\Documents\GitHub\PKSKatalon\PKS-EI-ES\Common Zone\UploadDoc.txt' sent to object: 'Object Repository/KeatMun/Form 7_default/OTC_Submit Form 7_Section F-G-H/Page_PERKESO/i1.--Sila Pilih--_singleFil'

2019-02-21 17:22:18 - [MESSAGE][PASSED] - Keys 'C:\Users\Admin\Documents\GitHub\PKSKatalon\PKS-EI-ES\Common Zone\UploadDoc.txt' sent to object: 'Object Repository/KeatMun/Form 7_default/OTC_Submit Form 7_Section F-G-H/Page_PERKESO/i1.--Sila Pilih--_singleFil'

2019-02-21 17:22:18 - [TEST_STEP][PASSED] - delay(3): Delayed 3 second(s)

2019-02-21 17:22:21 - [MESSAGE][PASSED] - Delayed 3 second(s)

2019-02-21 17:22:21 - [TEST_STEP][PASSED] - click(findTestObject("KeatMun/Form 7_default/OTC_Submit Form 7_Section F-G-H/Page_PERKESO/i2. button_Tambah Dokumen")): Object: 'Object Repository/KeatMun/Form 7_default/OTC_Submit Form 7_Section F-G-H/Page_PERKESO/i2. button_Tambah Dokumen' is clicked on

2019-02-21 17:22:21 - [MESSAGE][PASSED] - Object: 'Object Repository/KeatMun/Form 7_default/OTC_Submit Form 7_Section F-G-H/Page_PERKESO/i2. button_Tambah Dokumen' is clicked on

2019-02-21 17:22:21 - [TEST_STEP][PASSED] - delay(3): Delayed 3 second(s)

2019-02-21 17:22:24 - [MESSAGE][PASSED] - Delayed 3 second(s)

2019-02-21 17:22:24 - [TEST_STEP][PASSED] - acceptAlert(): Alert accepted

2019-02-21 17:22:24 - [MESSAGE][PASSED] - Alert accepted

2019-02-21 17:22:24 - [TEST_STEP][PASSED] - delay(3): Delayed 3 second(s)

2019-02-21 17:22:27 - [MESSAGE][PASSED] - Delayed 3 second(s)

2019-02-21 17:22:27 - [TEST_STEP][PASSED] - click(findTestObject("KeatMun/Form 7_default/OTC_Submit Form 7_Section F-G-H/Page_PERKESO/i4. mandatory_document4")): Object: 'Object Repository/KeatMun/Form 7_default/OTC_Submit Form 7_Section F-G-H/Page_PERKESO/i4. mandatory_document4' is clicked on

2019-02-21 17:22:27 - [MESSAGE][PASSED] - Object: 'Object Repository/KeatMun/Form 7_default/OTC_Submit Form 7_Section F-G-H/Page_PERKESO/i4. mandatory_document4' is clicked on

2019-02-21 17:22:27 - [TEST_STEP][PASSED] - delay(3): Delayed 3 second(s)

2019-02-21 17:22:30 - [MESSAGE][PASSED] - Delayed 3 second(s)

2019-02-21 17:22:30 - [TEST_STEP][PASSED] - click(findTestObject("KeatMun/Form 7_default/OTC_Submit Form 7_Section F-G-H/Page_PERKESO/i4. _Ya_optradio")): Object: 'Object Repository/KeatMun/Form 7_default/OTC_Submit Form 7_Section F-G-H/Page_PERKESO/i4. _Ya_optradio' is clicked on

2019-02-21 17:22:30 - [MESSAGE][PASSED] - Object: 'Object Repository/KeatMun/Form 7_default/OTC_Submit Form 7_Section F-G-H/Page_PERKESO/i4. _Ya_optradio' is clicked on

2019-02-21 17:22:30 - [TEST_STEP][PASSED] - delay(3): Delayed 3 second(s)

2019-02-21 17:22:33 - [MESSAGE][PASSED] - Delayed 3 second(s)

2019-02-21 17:22:33 - [TEST_STEP][PASSED] - sendKeys(findTestObject("KeatMun/Form 7_default/OTC_Submit Form 7_Section F-G-H/Page_PERKESO/i1.--Sila Pilih--_singleFil"), TextFilePathCommon + "\UploadDoc.txt"): Keys 'C:\Users\Admin\Documents\GitHub\PKSKatalon\PKS-EI-ES\Common Zone\UploadDoc.txt' sent to object: 'Object Repository/KeatMun/Form 7_default/OTC_Submit Form 7_Section F-G-H/Page_PERKESO/i1.--Sila Pilih--_singleFil'

2019-02-21 17:22:33 - [MESSAGE][PASSED] - Keys 'C:\Users\Admin\Documents\GitHub\PKSKatalon\PKS-EI-ES\Common Zone\UploadDoc.txt' sent to object: 'Object Repository/KeatMun/Form 7_default/OTC_Submit Form 7_Section F-G-H/Page_PERKESO/i1.--Sila Pilih--_singleFil'

2019-02-21 17:22:33 - [TEST_STEP][PASSED] - delay(3): Delayed 3 second(s)

2019-02-21 17:22:36 - [MESSAGE][PASSED] - Delayed 3 second(s)

2019-02-21 17:22:36 - [TEST_STEP][PASSED] - click(findTestObject("KeatMun/Form 7_default/OTC_Submit Form 7_Section F-G-H/Page_PERKESO/i2. button_Tambah Dokumen")): Object: 'Object Repository/KeatMun/Form 7_default/OTC_Submit Form 7_Section F-G-H/Page_PERKESO/i2. button_Tambah Dokumen' is clicked on

2019-02-21 17:22:36 - [MESSAGE][PASSED] - Object: 'Object Repository/KeatMun/Form 7_default/OTC_Submit Form 7_Section F-G-H/Page_PERKESO/i2. button_Tambah Dokumen' is clicked on

2019-02-21 17:22:36 - [TEST_STEP][PASSED] - delay(3): Delayed 3 second(s)

2019-02-21 17:22:39 - [MESSAGE][PASSED] - Delayed 3 second(s)

2019-02-21 17:22:39 - [TEST_STEP][PASSED] - acceptAlert(): Alert accepted

2019-02-21 17:22:39 - [MESSAGE][PASSED] - Alert accepted

2019-02-21 17:22:39 - [TEST_STEP][PASSED] - delay(3): Delayed 3 second(s)

2019-02-21 17:22:42 - [MESSAGE][PASSED] - Delayed 3 second(s)

2019-02-21 17:22:42 - [TEST_STEP][PASSED] - click(findTestObject("KeatMun/Form 7_default/OTC_Submit Form 7_Section F-G-H/Page_PERKESO/button_Hantar")): Object: 'Object Repository/KeatMun/Form 7_default/OTC_Submit Form 7_Section F-G-H/Page_PERKESO/button_Hantar' is clicked on

2019-02-21 17:22:42 - [MESSAGE][PASSED] - Object: 'Object Repository/KeatMun/Form 7_default/OTC_Submit Form 7_Section F-G-H/Page_PERKESO/button_Hantar' is clicked on

2019-02-21 17:22:42 - [TEST_STEP][PASSED] - delay(3): Delayed 3 second(s)

2019-02-21 17:22:45 - [MESSAGE][PASSED] - Delayed 3 second(s)

2019-02-21 17:22:45 - [TEST_STEP][PASSED] - UserName = getText(findTestObject("KeatMun/Form 7_default/OTC_Submit Form 7_Section F-G-H/Page_PERKESO/strong_FAST2")): Text of object 'Object Repository/KeatMun/Form 7_default/OTC_Submit Form 7_Section F-G-H/Page_PERKESO/strong_FAST2' is: 'A'EDAH BINTI ABU BAKAR'

2019-02-21 17:22:46 - [MESSAGE][PASSED] - Text of object 'Object Repository/KeatMun/Form 7_default/OTC_Submit Form 7_Section F-G-H/Page_PERKESO/strong_FAST2' is: 'A'EDAH BINTI ABU BAKAR'

2019-02-21 17:22:46 - [TEST_STEP][PASSED] - callTestCase(findTestCase("All TC/Arranged/1. Common/1.2 Setter/Setter UserName"), [:], STOP_ON_FAILURE): Call Test Case 'Test Cases/All TC/Arranged/1. Common/1.2 Setter/Setter UserName' successfully

2019-02-21 17:22:46 - [TEST_CASE][PASSED] - Test Cases/All TC/Arranged/1. Common/1.2 Setter/Setter UserName: Test Cases/All TC/Arranged/1. Common/1.2 Setter/Setter UserName

2019-02-21 17:22:46 - [TEST_STEP][PASSED] - RefNoOldFile = new java.io.File((internal.GlobalVariable.TextFilePathCommon + \getUser.txt)): null

2019-02-21 17:22:46 - [TEST_STEP][PASSED] - RefNoOldFile.delete(): null

2019-02-21 17:22:46 - [TEST_STEP][PASSED] - delay(5): Delayed 5 second(s)

2019-02-21 17:22:51 - [MESSAGE][PASSED] - Delayed 5 second(s)

2019-02-21 17:22:51 - [TEST_STEP][PASSED] - RefNo = new java.io.File((internal.GlobalVariable.TextFilePathCommon + \getUser.txt)): null

2019-02-21 17:22:51 - [TEST_STEP][PASSED] - f2 = new java.io.FileWriter(RefNo, false): null

2019-02-21 17:22:51 - [TEST_STEP][PASSED] - f2.write(UserName): null

2019-02-21 17:22:51 - [TEST_STEP][PASSED] - f2.close(): null

2019-02-21 17:22:51 - [TEST_STEP][PASSED] - out.println("


" + UserName + "


"): null

2019-02-21 17:22:51 - [MESSAGE][PASSED] - Call Test Case 'Test Cases/All TC/Arranged/1. Common/1.2 Setter/Setter UserName' successfully

2019-02-21 17:22:51 - [TEST_STEP][PASSED] - IC = getText(findTestObject("KeatMun/Form 7_default/OTC_Submit Form 7_Section F-G-H/Page_PERKESO/strong_950000140051")): Text of object 'Object Repository/KeatMun/Form 7_default/OTC_Submit Form 7_Section F-G-H/Page_PERKESO/strong_950000140051' is: '660126015202'

2019-02-21 17:22:51 - [MESSAGE][PASSED] - Text of object 'Object Repository/KeatMun/Form 7_default/OTC_Submit Form 7_Section F-G-H/Page_PERKESO/strong_950000140051' is: '660126015202'

2019-02-21 17:22:51 - [TEST_STEP][PASSED] - callTestCase(findTestCase("All TC/Arranged/1. Common/1.2 Setter/Setter IC"), [:], STOP_ON_FAILURE): Call Test Case 'Test Cases/All TC/Arranged/1. Common/1.2 Setter/Setter IC' successfully

2019-02-21 17:22:51 - [TEST_CASE][PASSED] - Test Cases/All TC/Arranged/1. Common/1.2 Setter/Setter IC: Test Cases/All TC/Arranged/1. Common/1.2 Setter/Setter IC

2019-02-21 17:22:51 - [TEST_STEP][PASSED] - RefNoOldFile = new java.io.File((internal.GlobalVariable.TextFilePathCommon + \getIC.txt)): null

2019-02-21 17:22:51 - [TEST_STEP][PASSED] - RefNoOldFile.delete(): null

2019-02-21 17:22:51 - [TEST_STEP][PASSED] - delay(5): Delayed 5 second(s)

2019-02-21 17:22:56 - [MESSAGE][PASSED] - Delayed 5 second(s)

2019-02-21 17:22:56 - [TEST_STEP][PASSED] - RefNo = new java.io.File((internal.GlobalVariable.TextFilePathCommon + \getIC.txt)): null

2019-02-21 17:22:56 - [TEST_STEP][PASSED] - f2 = new java.io.FileWriter(RefNo, false): null

2019-02-21 17:22:56 - [TEST_STEP][PASSED] - f2.write(IC): null

2019-02-21 17:22:56 - [TEST_STEP][PASSED] - f2.close(): null

2019-02-21 17:22:56 - [TEST_STEP][PASSED] - out.println("


" + IC + "


"): null

2019-02-21 17:22:56 - [MESSAGE][PASSED] - Call Test Case 'Test Cases/All TC/Arranged/1. Common/1.2 Setter/Setter IC' successfully

2019-02-21 17:22:56 - [TEST_STEP][PASSED] - CaseID = getText(findTestObject("KeatMun/Form 7_default/OTC_Submit Form 7_Section F-G-H/Page_PERKESO/strong_SIPE1119070000004")): Text of object 'Object Repository/KeatMun/Form 7_default/OTC_Submit Form 7_Section F-G-H/Page_PERKESO/strong_SIPE1119070000004' is: 'SIPE1119070000033'

2019-02-21 17:22:56 - [MESSAGE][PASSED] - Text of object 'Object Repository/KeatMun/Form 7_default/OTC_Submit Form 7_Section F-G-H/Page_PERKESO/strong_SIPE1119070000004' is: 'SIPE1119070000033'

2019-02-21 17:22:56 - [TEST_STEP][PASSED] - callTestCase(findTestCase("All TC/Arranged/1. Common/1.2 Setter/Setter Case ID"), [:], STOP_ON_FAILURE): Call Test Case 'Test Cases/All TC/Arranged/1. Common/1.2 Setter/Setter Case ID' successfully

2019-02-21 17:22:56 - [TEST_CASE][PASSED] - Test Cases/All TC/Arranged/1. Common/1.2 Setter/Setter Case ID: Test Cases/All TC/Arranged/1. Common/1.2 Setter/Setter Case ID

2019-02-21 17:22:56 - [TEST_STEP][PASSED] - RefNoOldFile = new java.io.File((internal.GlobalVariable.TextFilePathCommon + \getCaseID.txt)): null

2019-02-21 17:22:56 - [TEST_STEP][PASSED] - RefNoOldFile.delete(): null

2019-02-21 17:22:56 - [TEST_STEP][PASSED] - delay(5): Delayed 5 second(s)

2019-02-21 17:23:01 - [MESSAGE][PASSED] - Delayed 5 second(s)

2019-02-21 17:23:01 - [TEST_STEP][PASSED] - RefNo = new java.io.File((internal.GlobalVariable.TextFilePathCommon + \getCaseID.txt)): null

2019-02-21 17:23:01 - [TEST_STEP][PASSED] - f2 = new java.io.FileWriter(RefNo, false): null

2019-02-21 17:23:01 - [TEST_STEP][PASSED] - f2.write(CaseID): null

2019-02-21 17:23:01 - [TEST_STEP][PASSED] - f2.close(): null

2019-02-21 17:23:01 - [TEST_STEP][PASSED] - out.println("


" + CaseID + "


"): null

2019-02-21 17:23:01 - [MESSAGE][PASSED] - Call Test Case 'Test Cases/All TC/Arranged/1. Common/1.2 Setter/Setter Case ID' successfully

2019-02-21 17:23:01 - [TEST_STEP][PASSED] - Password = getText(findTestObject("KeatMun/Form 7_default/OTC_Submit Form 7_Section F-G-H/Page_PERKESO/strong_OOPQe0i4")): Text of object 'Object Repository/KeatMun/Form 7_default/OTC_Submit Form 7_Section F-G-H/Page_PERKESO/strong_OOPQe0i4' is: 'PEGOKufL'

2019-02-21 17:23:01 - [MESSAGE][PASSED] - Text of object 'Object Repository/KeatMun/Form 7_default/OTC_Submit Form 7_Section F-G-H/Page_PERKESO/strong_OOPQe0i4' is: 'PEGOKufL'

2019-02-21 17:23:01 - [TEST_STEP][PASSED] - callTestCase(findTestCase("All TC/Arranged/1. Common/1.2 Setter/Setter Password"), [:], STOP_ON_FAILURE): Call Test Case 'Test Cases/All TC/Arranged/1. Common/1.2 Setter/Setter Password' successfully

2019-02-21 17:23:01 - [TEST_CASE][PASSED] - Test Cases/All TC/Arranged/1. Common/1.2 Setter/Setter Password: Test Cases/All TC/Arranged/1. Common/1.2 Setter/Setter Password

2019-02-21 17:23:01 - [TEST_STEP][PASSED] - RefNoOldFile = new java.io.File((internal.GlobalVariable.TextFilePathCommon + \getPassword.txt)): null

2019-02-21 17:23:01 - [TEST_STEP][PASSED] - RefNoOldFile.delete(): null

2019-02-21 17:23:01 - [TEST_STEP][PASSED] - delay(5): Delayed 5 second(s)

2019-02-21 17:23:06 - [MESSAGE][PASSED] - Delayed 5 second(s)

2019-02-21 17:23:06 - [TEST_STEP][PASSED] - RefNo = new java.io.File((internal.GlobalVariable.TextFilePathCommon + \getPassword.txt)): null

2019-02-21 17:23:06 - [TEST_STEP][PASSED] - f2 = new java.io.FileWriter(RefNo, false): null

2019-02-21 17:23:06 - [TEST_STEP][PASSED] - f2.write(Password): null

2019-02-21 17:23:06 - [TEST_STEP][PASSED] - f2.close(): null

2019-02-21 17:23:06 - [TEST_STEP][PASSED] - out.println("


" + Password + "


"): null

2019-02-21 17:23:06 - [MESSAGE][PASSED] - Call Test Case 'Test Cases/All TC/Arranged/1. Common/1.2 Setter/Setter Password' successfully

2019-02-21 17:23:06 - [MESSAGE][PASSED] - Call Test Case 'Test Cases/All TC/Arranged/3. Unit/EI/Form 7_default/OTC_Submit Form 7_Section F-G-H - EFT' successfully

2019-02-21 17:23:06 - [MESSAGE][PASSED] - Call Test Case 'Test Cases/All TC/Arranged/2. Segment/OTC_Submit Form 7_End to End - EFT' successfully

2019-02-21 17:23:06 - [TEST_STEP][PASSED] - callTestCase(findTestCase("All TC/Arranged/2. Segment/2.2 Check Status/Check Status - Case ID"), [:], STOP_ON_FAILURE): Call Test Case 'Test Cases/All TC/Arranged/2. Segment/2.2 Check Status/Check Status - Case ID' successfully

2019-02-21 17:23:06 - [TEST_CASE][PASSED] - Test Cases/All TC/Arranged/2. Segment/2.2 Check Status/Check Status - Case ID: Test Cases/All TC/Arranged/2. Segment/2.2 Check Status/Check Status - Case ID

2019-02-21 17:23:06 - [TEST_STEP][PASSED] - openBrowser(""): Browser is opened with url: ''

2019-02-21 17:23:06 - [MESSAGE][WARNING] - A browser is already opened. Closing browser and opening a new one

2019-02-21 17:23:07 - [MESSAGE][INFO] - Starting 'Chrome' driver

2019-02-21 17:23:07 - [MESSAGE][INFO] - User set preference: ['args', '[--start-maximized]']

2019-02-21 17:23:09 - [MESSAGE][PASSED] - Browser is opened with url: ''

2019-02-21 17:23:09 - [TEST_STEP][PASSED] - navigateToUrl(Internal_Login): Navigate to 'http://10.20.24.188/eisportal/user/login' successfully

2019-02-21 17:23:10 - [MESSAGE][PASSED] - Navigate to 'http://10.20.24.188/eisportal/user/login' successfully

2019-02-21 17:23:10 - [TEST_STEP][PASSED] - setText(findTestObject("KinJun/2.0 Check Status/Check Status - Case ID/Page_PERKESO/Input Username"), "nadia.harun@perkeso.gov.my"): Text 'nadia.harun@perkeso.gov.my' is set on object 'Object Repository/KinJun/2.0 Check Status/Check Status - Case ID/Page_PERKESO/Input Username'

2019-02-21 17:23:10 - [MESSAGE][PASSED] - Text 'nadia.harun@perkeso.gov.my' is set on object 'Object Repository/KinJun/2.0 Check Status/Check Status - Case ID/Page_PERKESO/Input Username'

2019-02-21 17:23:10 - [TEST_STEP][PASSED] - setEncryptedText(findTestObject("KinJun/2.0 Check Status/Check Status - Case ID/Page_PERKESO/Input Password"), "CQqwFZlbeC8="): Text ****** has been set on object 'Object Repository/KinJun/2.0 Check Status/Check Status - Case ID/Page_PERKESO/Input Password'

2019-02-21 17:23:10 - [MESSAGE][PASSED] - Text ****** has been set on object 'Object Repository/KinJun/2.0 Check Status/Check Status - Case ID/Page_PERKESO/Input Password'

2019-02-21 17:23:10 - [TEST_STEP][PASSED] - click(findTestObject("KinJun/2.0 Check Status/Check Status - Case ID/Page_PERKESO/Btn Login")): Object: 'Object Repository/KinJun/2.0 Check Status/Check Status - Case ID/Page_PERKESO/Btn Login' is clicked on

2019-02-21 17:23:11 - [MESSAGE][PASSED] - Object: 'Object Repository/KinJun/2.0 Check Status/Check Status - Case ID/Page_PERKESO/Btn Login' is clicked on

2019-02-21 17:23:11 - [TEST_STEP][PASSED] - delay(3): Delayed 3 second(s)

2019-02-21 17:23:14 - [MESSAGE][PASSED] - Delayed 3 second(s)

2019-02-21 17:23:14 - [TEST_STEP][PASSED] - callTestCase(findTestCase("All TC/Arranged/1. Common/1.1 Getter/Getter IC"), [:], STOP_ON_FAILURE): Call Test Case 'Test Cases/All TC/Arranged/1. Common/1.1 Getter/Getter IC' successfully

2019-02-21 17:23:15 - [TEST_CASE][PASSED] - Test Cases/All TC/Arranged/1. Common/1.1 Getter/Getter IC: Test Cases/All TC/Arranged/1. Common/1.1 Getter/Getter IC

2019-02-21 17:23:15 - [TEST_STEP][PASSED] - try: null

2019-02-21 17:23:15 - [TEST_STEP][PASSED] - RefNo = new java.io.File((internal.GlobalVariable.TextFilePathCommon + \getIC.txt)): null

2019-02-21 17:23:15 - [TEST_STEP][PASSED] - bufferread = new java.io.BufferedReader(new java.io.FileReader(RefNo)): null

2019-02-21 17:23:15 - [TEST_STEP][PASSED] - readedVal = bufferread.readLine(): null

2019-02-21 17:23:15 - [TEST_STEP][PASSED] - out.println(IC): null

2019-02-21 17:23:15 - [TEST_STEP][PASSED] - out.println(readedVal): null

2019-02-21 17:23:15 - [TEST_STEP][PASSED] - IC = "": null

2019-02-21 17:23:15 - [TEST_STEP][PASSED] - IC = readedVal: null

2019-02-21 17:23:15 - [MESSAGE][PASSED] - Call Test Case 'Test Cases/All TC/Arranged/1. Common/1.1 Getter/Getter IC' successfully

2019-02-21 17:23:15 - [TEST_STEP][PASSED] - setText(findTestObject("KinJun/2.0 Check Status/Check Status - Case ID/Page_PERKESO/Input IC"), IC): Text '660126015202' is set on object 'Object Repository/KinJun/2.0 Check Status/Check Status - Case ID/Page_PERKESO/Input IC'

2019-02-21 17:23:15 - [MESSAGE][PASSED] - Text '660126015202' is set on object 'Object Repository/KinJun/2.0 Check Status/Check Status - Case ID/Page_PERKESO/Input IC'

2019-02-21 17:23:15 - [TEST_STEP][PASSED] - delay(3): Delayed 3 second(s)

2019-02-21 17:23:18 - [MESSAGE][PASSED] - Delayed 3 second(s)

2019-02-21 17:23:18 - [TEST_STEP][PASSED] - click(findTestObject("KinJun/2.0 Check Status/Check Status - Case ID/Page_PERKESO/Btn Check")): Object: 'Object Repository/KinJun/2.0 Check Status/Check Status - Case ID/Page_PERKESO/Btn Check' is clicked on

2019-02-21 17:23:18 - [MESSAGE][PASSED] - Object: 'Object Repository/KinJun/2.0 Check Status/Check Status - Case ID/Page_PERKESO/Btn Check' is clicked on

2019-02-21 17:23:18 - [TEST_STEP][PASSED] - UserName = getText(findTestObject("KinJun/2.0 Check Status/Check Status - Case ID/Page_PERKESO/TD Username")): Text of object 'Object Repository/KinJun/2.0 Check Status/Check Status - Case ID/Page_PERKESO/TD Username' is: 'JHEIO3'

2019-02-21 17:23:20 - [MESSAGE][PASSED] - Text of object 'Object Repository/KinJun/2.0 Check Status/Check Status - Case ID/Page_PERKESO/TD Username' is: 'JHEIO3'

2019-02-21 17:23:20 - [TEST_STEP][PASSED] - callTestCase(findTestCase("All TC/Arranged/1. Common/1.2 Setter/Setter UserName"), [:], STOP_ON_FAILURE): Call Test Case 'Test Cases/All TC/Arranged/1. Common/1.2 Setter/Setter UserName' successfully

2019-02-21 17:23:20 - [TEST_CASE][PASSED] - Test Cases/All TC/Arranged/1. Common/1.2 Setter/Setter UserName: Test Cases/All TC/Arranged/1. Common/1.2 Setter/Setter UserName

2019-02-21 17:23:20 - [TEST_STEP][PASSED] - RefNoOldFile = new java.io.File((internal.GlobalVariable.TextFilePathCommon + \getUser.txt)): null

2019-02-21 17:23:20 - [TEST_STEP][PASSED] - RefNoOldFile.delete(): null

2019-02-21 17:23:20 - [TEST_STEP][PASSED] - delay(5): Delayed 5 second(s)

2019-02-21 17:23:25 - [MESSAGE][PASSED] - Delayed 5 second(s)

2019-02-21 17:23:25 - [TEST_STEP][PASSED] - RefNo = new java.io.File((internal.GlobalVariable.TextFilePathCommon + \getUser.txt)): null

2019-02-21 17:23:25 - [TEST_STEP][PASSED] - f2 = new java.io.FileWriter(RefNo, false): null

2019-02-21 17:23:25 - [TEST_STEP][PASSED] - f2.write(UserName): null

2019-02-21 17:23:25 - [TEST_STEP][PASSED] - f2.close(): null

2019-02-21 17:23:25 - [TEST_STEP][PASSED] - out.println("


" + UserName + "


"): null

2019-02-21 17:23:25 - [MESSAGE][PASSED] - Call Test Case 'Test Cases/All TC/Arranged/1. Common/1.2 Setter/Setter UserName' successfully

2019-02-21 17:23:25 - [TEST_STEP][PASSED] - click(findTestObject("KinJun/2.0 Check Status/Check Status - Case ID/Page_PERKESO/Click Username")): Object: 'Object Repository/KinJun/2.0 Check Status/Check Status - Case ID/Page_PERKESO/Click Username' is clicked on

2019-02-21 17:23:25 - [MESSAGE][PASSED] - Object: 'Object Repository/KinJun/2.0 Check Status/Check Status - Case ID/Page_PERKESO/Click Username' is clicked on

2019-02-21 17:23:25 - [TEST_STEP][PASSED] - delay(3): Delayed 3 second(s)

2019-02-21 17:23:28 - [MESSAGE][PASSED] - Delayed 3 second(s)

2019-02-21 17:23:28 - [TEST_STEP][PASSED] - click(findTestObject("KinJun/2.0 Check Status/Check Status - Case ID/Page_PERKESO/Log Out")): Object: 'Object Repository/KinJun/2.0 Check Status/Check Status - Case ID/Page_PERKESO/Log Out' is clicked on

2019-02-21 17:23:29 - [MESSAGE][PASSED] - Object: 'Object Repository/KinJun/2.0 Check Status/Check Status - Case ID/Page_PERKESO/Log Out' is clicked on

2019-02-21 17:23:29 - [MESSAGE][PASSED] - Call Test Case 'Test Cases/All TC/Arranged/2. Segment/2.2 Check Status/Check Status - Case ID' successfully

2019-02-21 17:23:29 - [TEST_STEP][PASSED] - callTestCase(findTestCase("All TC/Arranged/1. Common/IC List Remover"), [:], STOP_ON_FAILURE): Call Test Case 'Test Cases/All TC/Arranged/1. Common/IC List Remover' successfully

2019-02-21 17:23:29 - [TEST_CASE][PASSED] - Test Cases/All TC/Arranged/1. Common/IC List Remover: Test Cases/All TC/Arranged/1. Common/IC List Remover

2019-02-21 17:23:29 - [TEST_STEP][PASSED] - counter = 0: null

2019-02-21 17:23:29 - [TEST_STEP][PASSED] - fis = new java.io.FileInputStream((internal.GlobalVariable.TextFilePathCommon + /IC.xlsx)): null

2019-02-21 17:23:29 - [TEST_STEP][PASSED] - workbook = new org.apache.poi.xssf.usermodel.XSSFWorkbook(fis): null

2019-02-21 17:23:29 - [TEST_STEP][PASSED] - sheet = workbook.getSheet("Sheet1"): null

2019-02-21 17:23:29 - [TEST_STEP][PASSED] - totalRow = sheet.getLastRowNum(): null

2019-02-21 17:23:29 - [TEST_STEP][PASSED] - out.println(totalRow): null

2019-02-21 17:23:29 - [TEST_STEP][PASSED] - row = sheet.getRow(counter): null

2019-02-21 17:23:29 - [TEST_STEP][PASSED] - cell = row.getCell(counter): null

2019-02-21 17:23:29 - [TEST_STEP][PASSED] - out.println("removing this value : " + cell.getStringCellValue()): null

2019-02-21 17:23:29 - [TEST_STEP][PASSED] - sheet.removeRow(sheet.getRow(counter)): null

2019-02-21 17:23:29 - [TEST_STEP][PASSED] - sheet.shiftRows(counter + 1, totalRow, -1): null

2019-02-21 17:23:29 - [TEST_STEP][PASSED] - fos = new java.io.FileOutputStream((internal.GlobalVariable.TextFilePathCommon + /IC.xlsx)): null

2019-02-21 17:23:29 - [TEST_STEP][PASSED] - workbook.write(fos): null

2019-02-21 17:23:30 - [TEST_STEP][PASSED] - fos.close(): null

2019-02-21 17:23:30 - [MESSAGE][PASSED] - Call Test Case 'Test Cases/All TC/Arranged/1. Common/IC List Remover' successfully

2019-02-21 17:23:30 - [TEST_STEP][FAILED] - callTestCase(findTestCase("All TC/Arranged/2. Segment/2.31 RIA Application/EIO Internal Login - RIA Application - Approve"), [:], STOP_ON_FAILURE): callTestCase(findTestCase("All TC/Arranged/2. Segment/2.31 RIA Application/EIO Internal Login - RIA Application - Approve"), [:], STOP_ON_FAILURE) FAILED.
Reason:
com.kms.katalon.core.exception.StepFailedException: Unable to set text '660126015202' of object 'Object Repository/KinJun/3.1 RIA Application/EIO Internal Login - RIA Application - Approve/Page_PERKESO/Input IC' (Root cause: org.openqa.selenium.ElementNotVisibleException: element not interactable
  (Session info: chrome=72.0.3626.109)
  (Driver info: chromedriver=2.43.600210 (68dcf5eebde37173d4027fa8635e332711d2874a),platform=Windows NT 6.1.7601 SP1 x86_64) (WARNING: The server did not provide any stacktrace information)
Command duration or timeout: 0 milliseconds
Build info: version: '3.7.1', revision: '8a0099a', time: '2017-11-06T21:07:36.161Z'
System info: host: 'WIN7TEST02', ip: '10.20.3.72', os.name: 'Windows 7', os.arch: 'amd64', os.version: '6.1', java.version: '1.8.0_181'
Driver info: com.kms.katalon.selenium.driver.CChromeDriver
Capabilities {acceptInsecureCerts: false, acceptSslCerts: false, applicationCacheEnabled: false, browserConnectionEnabled: false, browserName: chrome, chrome: {chromedriverVersion: 2.43.600210 (68dcf5eebde371..., userDataDir: C:\Users\Admin\AppData\Loca...}, cssSelectorsEnabled: true, databaseEnabled: false, goog:chromeOptions: {debuggerAddress: localhost:61376}, handlesAlerts: true, hasTouchScreen: false, javascriptEnabled: true, locationContextEnabled: true, mobileEmulationEnabled: false, nativeEvents: true, networkConnectionEnabled: false, pageLoadStrategy: normal, platform: XP, platformName: XP, rotatable: false, setWindowRect: true, takesHeapSnapshot: true, takesScreenshot: true, unexpectedAlertBehaviour: , unhandledPromptBehavior: , version: 72.0.3626.109, webStorageEnabled: true}
Session ID: 7aef40511af072daf7dcf6f4114fbf1a)
	at com.kms.katalon.core.keyword.internal.KeywordMain.stepFailed(KeywordMain.groovy:36)
	at com.kms.katalon.core.webui.keyword.internal.WebUIKeywordMain.stepFailed(WebUIKeywordMain.groovy:65)
	at com.kms.katalon.core.webui.keyword.internal.WebUIKeywordMain.runKeyword(WebUIKeywordMain.groovy:27)
	at com.kms.katalon.core.webui.keyword.builtin.SetTextKeyword.setText(SetTextKeyword.groovy:65)
	at com.kms.katalon.core.webui.keyword.builtin.SetTextKeyword.execute(SetTextKeyword.groovy:37)
	at com.kms.katalon.core.keyword.internal.KeywordExecutor.executeKeywordForPlatform(KeywordExecutor.groovy:53)
	at com.kms.katalon.core.webui.keyword.WebUiBuiltInKeywords.setText(WebUiBuiltInKeywords.groovy:950)
	at com.kms.katalon.core.webui.keyword.WebUiBuiltInKeywords$setText$1.call(Unknown Source)
	at EIO Internal Login - RIA Application - Approve.run(EIO Internal Login - RIA Application - Approve:40)
	at com.kms.katalon.core.main.ScriptEngine.run(ScriptEngine.java:194)
	at com.kms.katalon.core.main.ScriptEngine.runScriptAsRawText(ScriptEngine.java:119)
	at com.kms.katalon.core.main.TestCaseExecutor.runScript(TestCaseExecutor.java:328)
	at com.kms.katalon.core.main.TestCaseExecutor.doExecute(TestCaseExecutor.java:319)
	at com.kms.katalon.core.main.TestCaseExecutor.processExecutionPhase(TestCaseExecutor.java:298)
	at com.kms.katalon.core.main.TestCaseExecutor.accessMainPhase(TestCaseExecutor.java:290)
	at com.kms.katalon.core.main.TestCaseExecutor.execute(TestCaseExecutor.java:224)
	at com.kms.katalon.core.main.TestCaseMain.runTestCase(TestCaseMain.java:106)
	at com.kms.katalon.core.keyword.builtin.CallTestCaseKeyword$_callTestCase_closure1.doCall(CallTestCaseKeyword.groovy:59)
	at com.kms.katalon.core.keyword.builtin.CallTestCaseKeyword$_callTestCase_closure1.call(CallTestCaseKeyword.groovy)
	at com.kms.katalon.core.keyword.internal.KeywordMain.runKeyword(KeywordMain.groovy:54)
	at com.kms.katalon.core.keyword.builtin.CallTestCaseKeyword.callTestCase(CallTestCaseKeyword.groovy:80)
	at com.kms.katalon.core.keyword.builtin.CallTestCaseKeyword.execute(CallTestCaseKeyword.groovy:44)
	at com.kms.katalon.core.keyword.internal.KeywordExecutor.executeKeywordForPlatform(KeywordExecutor.groovy:53)
	at com.kms.katalon.core.keyword.BuiltinKeywords.callTestCase(BuiltinKeywords.groovy:334)
	at Reject Claim - DA.run(Reject Claim - DA:22)
	at com.kms.katalon.core.main.ScriptEngine.run(ScriptEngine.java:194)
	at com.kms.katalon.core.main.ScriptEngine.runScriptAsRawText(ScriptEngine.java:119)
	at com.kms.katalon.core.main.TestCaseExecutor.runScript(TestCaseExecutor.java:328)
	at com.kms.katalon.core.main.TestCaseExecutor.doExecute(TestCaseExecutor.java:319)
	at com.kms.katalon.core.main.TestCaseExecutor.processExecutionPhase(TestCaseExecutor.java:298)
	at com.kms.katalon.core.main.TestCaseExecutor.accessMainPhase(TestCaseExecutor.java:290)
	at com.kms.katalon.core.main.TestCaseExecutor.execute(TestCaseExecutor.java:224)
	at com.kms.katalon.core.main.TestSuiteExecutor.accessTestCaseMainPhase(TestSuiteExecutor.java:129)
	at com.kms.katalon.core.main.TestSuiteExecutor.accessTestSuiteMainPhase(TestSuiteExecutor.java:112)
	at com.kms.katalon.core.main.TestSuiteExecutor.execute(TestSuiteExecutor.java:81)
	at com.kms.katalon.core.main.TestCaseMain.startTestSuite(TestCaseMain.java:149)
	at com.kms.katalon.core.main.TestCaseMain$startTestSuite$0.call(Unknown Source)
	at TempTestSuite1550738418733.run(TempTestSuite1550738418733.groovy:36)


2019-02-21 17:23:30 - [TEST_CASE][FAILED] - Test Cases/All TC/Arranged/2. Segment/2.31 RIA Application/EIO Internal Login - RIA Application - Approve: Test Cases/All TC/Arranged/2. Segment/2.31 RIA Application/EIO Internal Login - RIA Application - Approve FAILED.
Reason:
com.kms.katalon.core.exception.StepFailedException: Unable to set text '660126015202' of object 'Object Repository/KinJun/3.1 RIA Application/EIO Internal Login - RIA Application - Approve/Page_PERKESO/Input IC' (Root cause: org.openqa.selenium.ElementNotVisibleException: element not interactable
  (Session info: chrome=72.0.3626.109)
  (Driver info: chromedriver=2.43.600210 (68dcf5eebde37173d4027fa8635e332711d2874a),platform=Windows NT 6.1.7601 SP1 x86_64) (WARNING: The server did not provide any stacktrace information)
Command duration or timeout: 0 milliseconds
Build info: version: '3.7.1', revision: '8a0099a', time: '2017-11-06T21:07:36.161Z'
System info: host: 'WIN7TEST02', ip: '10.20.3.72', os.name: 'Windows 7', os.arch: 'amd64', os.version: '6.1', java.version: '1.8.0_181'
Driver info: com.kms.katalon.selenium.driver.CChromeDriver
Capabilities {acceptInsecureCerts: false, acceptSslCerts: false, applicationCacheEnabled: false, browserConnectionEnabled: false, browserName: chrome, chrome: {chromedriverVersion: 2.43.600210 (68dcf5eebde371..., userDataDir: C:\Users\Admin\AppData\Loca...}, cssSelectorsEnabled: true, databaseEnabled: false, goog:chromeOptions: {debuggerAddress: localhost:61376}, handlesAlerts: true, hasTouchScreen: false, javascriptEnabled: true, locationContextEnabled: true, mobileEmulationEnabled: false, nativeEvents: true, networkConnectionEnabled: false, pageLoadStrategy: normal, platform: XP, platformName: XP, rotatable: false, setWindowRect: true, takesHeapSnapshot: true, takesScreenshot: true, unexpectedAlertBehaviour: , unhandledPromptBehavior: , version: 72.0.3626.109, webStorageEnabled: true}
Session ID: 7aef40511af072daf7dcf6f4114fbf1a)
	at com.kms.katalon.core.keyword.internal.KeywordMain.stepFailed(KeywordMain.groovy:36)
	at com.kms.katalon.core.webui.keyword.internal.WebUIKeywordMain.stepFailed(WebUIKeywordMain.groovy:65)
	at com.kms.katalon.core.webui.keyword.internal.WebUIKeywordMain.runKeyword(WebUIKeywordMain.groovy:27)
	at com.kms.katalon.core.webui.keyword.builtin.SetTextKeyword.setText(SetTextKeyword.groovy:65)
	at com.kms.katalon.core.webui.keyword.builtin.SetTextKeyword.execute(SetTextKeyword.groovy:37)
	at com.kms.katalon.core.keyword.internal.KeywordExecutor.executeKeywordForPlatform(KeywordExecutor.groovy:53)
	at com.kms.katalon.core.webui.keyword.WebUiBuiltInKeywords.setText(WebUiBuiltInKeywords.groovy:950)
	at com.kms.katalon.core.webui.keyword.WebUiBuiltInKeywords$setText$1.call(Unknown Source)
	at EIO Internal Login - RIA Application - Approve.run(EIO Internal Login - RIA Application - Approve:40)
	at com.kms.katalon.core.main.ScriptEngine.run(ScriptEngine.java:194)
	at com.kms.katalon.core.main.ScriptEngine.runScriptAsRawText(ScriptEngine.java:119)
	at com.kms.katalon.core.main.TestCaseExecutor.runScript(TestCaseExecutor.java:328)
	at com.kms.katalon.core.main.TestCaseExecutor.doExecute(TestCaseExecutor.java:319)
	at com.kms.katalon.core.main.TestCaseExecutor.processExecutionPhase(TestCaseExecutor.java:298)
	at com.kms.katalon.core.main.TestCaseExecutor.accessMainPhase(TestCaseExecutor.java:290)
	at com.kms.katalon.core.main.TestCaseExecutor.execute(TestCaseExecutor.java:224)
	at com.kms.katalon.core.main.TestCaseMain.runTestCase(TestCaseMain.java:106)
	at com.kms.katalon.core.keyword.builtin.CallTestCaseKeyword$_callTestCase_closure1.doCall(CallTestCaseKeyword.groovy:59)
	at com.kms.katalon.core.keyword.builtin.CallTestCaseKeyword$_callTestCase_closure1.call(CallTestCaseKeyword.groovy)
	at com.kms.katalon.core.keyword.internal.KeywordMain.runKeyword(KeywordMain.groovy:54)
	at com.kms.katalon.core.keyword.builtin.CallTestCaseKeyword.callTestCase(CallTestCaseKeyword.groovy:80)
	at com.kms.katalon.core.keyword.builtin.CallTestCaseKeyword.execute(CallTestCaseKeyword.groovy:44)
	at com.kms.katalon.core.keyword.internal.KeywordExecutor.executeKeywordForPlatform(KeywordExecutor.groovy:53)
	at com.kms.katalon.core.keyword.BuiltinKeywords.callTestCase(BuiltinKeywords.groovy:334)
	at Reject Claim - DA.run(Reject Claim - DA:22)
	at com.kms.katalon.core.main.ScriptEngine.run(ScriptEngine.java:194)
	at com.kms.katalon.core.main.ScriptEngine.runScriptAsRawText(ScriptEngine.java:119)
	at com.kms.katalon.core.main.TestCaseExecutor.runScript(TestCaseExecutor.java:328)
	at com.kms.katalon.core.main.TestCaseExecutor.doExecute(TestCaseExecutor.java:319)
	at com.kms.katalon.core.main.TestCaseExecutor.processExecutionPhase(TestCaseExecutor.java:298)
	at com.kms.katalon.core.main.TestCaseExecutor.accessMainPhase(TestCaseExecutor.java:290)
	at com.kms.katalon.core.main.TestCaseExecutor.execute(TestCaseExecutor.java:224)
	at com.kms.katalon.core.main.TestSuiteExecutor.accessTestCaseMainPhase(TestSuiteExecutor.java:129)
	at com.kms.katalon.core.main.TestSuiteExecutor.accessTestSuiteMainPhase(TestSuiteExecutor.java:112)
	at com.kms.katalon.core.main.TestSuiteExecutor.execute(TestSuiteExecutor.java:81)
	at com.kms.katalon.core.main.TestCaseMain.startTestSuite(TestCaseMain.java:149)
	at com.kms.katalon.core.main.TestCaseMain$startTestSuite$0.call(Unknown Source)
	at TempTestSuite1550738418733.run(TempTestSuite1550738418733.groovy:36)


2019-02-21 17:23:30 - [TEST_STEP][PASSED] - openBrowser(""): Browser is opened with url: ''

2019-02-21 17:23:30 - [MESSAGE][WARNING] - A browser is already opened. Closing browser and opening a new one

2019-02-21 17:23:30 - [MESSAGE][INFO] - Starting 'Chrome' driver

2019-02-21 17:23:30 - [MESSAGE][INFO] - User set preference: ['args', '[--start-maximized]']

2019-02-21 17:23:33 - [MESSAGE][PASSED] - Browser is opened with url: ''

2019-02-21 17:23:33 - [TEST_STEP][PASSED] - navigateToUrl(Internal_Login): Navigate to 'http://10.20.24.188/eisportal/user/login' successfully

2019-02-21 17:23:33 - [MESSAGE][PASSED] - Navigate to 'http://10.20.24.188/eisportal/user/login' successfully

2019-02-21 17:23:33 - [TEST_STEP][PASSED] - callTestCase(findTestCase("All TC/Arranged/1. Common/Internal Email Finder"), [:], STOP_ON_FAILURE): Call Test Case 'Test Cases/All TC/Arranged/1. Common/Internal Email Finder' successfully

2019-02-21 17:23:33 - [TEST_CASE][PASSED] - Test Cases/All TC/Arranged/1. Common/Internal Email Finder: Test Cases/All TC/Arranged/1. Common/Internal Email Finder

2019-02-21 17:23:33 - [TEST_STEP][PASSED] - callTestCase(findTestCase("All TC/Arranged/1. Common/1.1 Getter/Getter UserName"), [:], CONTINUE_ON_FAILURE): Call Test Case 'Test Cases/All TC/Arranged/1. Common/1.1 Getter/Getter UserName' successfully

2019-02-21 17:23:33 - [TEST_CASE][PASSED] - Test Cases/All TC/Arranged/1. Common/1.1 Getter/Getter UserName: Test Cases/All TC/Arranged/1. Common/1.1 Getter/Getter UserName

2019-02-21 17:23:33 - [TEST_STEP][PASSED] - try: null

2019-02-21 17:23:33 - [TEST_STEP][PASSED] - RefNo = new java.io.File((internal.GlobalVariable.TextFilePathCommon + \getUser.txt)): null

2019-02-21 17:23:33 - [TEST_STEP][PASSED] - bufferread = new java.io.BufferedReader(new java.io.FileReader(RefNo)): null

2019-02-21 17:23:33 - [TEST_STEP][PASSED] - readedVal = bufferread.readLine(): null

2019-02-21 17:23:33 - [TEST_STEP][PASSED] - out.println(UserName): null

2019-02-21 17:23:33 - [TEST_STEP][PASSED] - out.println(readedVal): null

2019-02-21 17:23:33 - [TEST_STEP][PASSED] - UserName = "": null

2019-02-21 17:23:33 - [TEST_STEP][PASSED] - UserName = readedVal: null

2019-02-21 17:23:33 - [MESSAGE][PASSED] - Call Test Case 'Test Cases/All TC/Arranged/1. Common/1.1 Getter/Getter UserName' successfully

2019-02-21 17:23:33 - [TEST_STEP][PASSED] - StrA = UserName: null

2019-02-21 17:23:33 - [TEST_STEP][PASSED] - StrB = <not implemented yet for class: org.codehaus.groovy.ast.expr.EmptyExpression>: null

2019-02-21 17:23:33 - [TEST_STEP][PASSED] - Counter = 1: null

2019-02-21 17:23:33 - [TEST_STEP][PASSED] - while (!(StrB.equals(StrA)) && !(Counter > findTestData("Internal User List").getRowNumbers())): null

2019-02-21 17:23:33 - [TEST_STEP][PASSED] - StrB = findTestData("Internal User List").getValue(2, Counter): null

2019-02-21 17:23:33 - [TEST_STEP][PASSED] - if (StrB.equals(StrA)): null

2019-02-21 17:23:33 - [TEST_STEP][PASSED] - (Counter++): null

2019-02-21 17:23:34 - [TEST_STEP][PASSED] - StrB = findTestData("Internal User List").getValue(2, Counter): null

2019-02-21 17:23:34 - [TEST_STEP][PASSED] - if (StrB.equals(StrA)): null

2019-02-21 17:23:34 - [TEST_STEP][PASSED] - (Counter++): null

2019-02-21 17:23:34 - [TEST_STEP][PASSED] - StrB = findTestData("Internal User List").getValue(2, Counter): null

2019-02-21 17:23:34 - [TEST_STEP][PASSED] - if (StrB.equals(StrA)): null

2019-02-21 17:23:34 - [TEST_STEP][PASSED] - (Counter++): null

2019-02-21 17:23:34 - [TEST_STEP][PASSED] - StrB = findTestData("Internal User List").getValue(2, Counter): null

2019-02-21 17:23:34 - [TEST_STEP][PASSED] - if (StrB.equals(StrA)): null

2019-02-21 17:23:34 - [TEST_STEP][PASSED] - (Counter++): null

2019-02-21 17:23:34 - [TEST_STEP][PASSED] - StrB = findTestData("Internal User List").getValue(2, Counter): null

2019-02-21 17:23:34 - [TEST_STEP][PASSED] - if (StrB.equals(StrA)): null

2019-02-21 17:23:34 - [TEST_STEP][PASSED] - (Counter++): null

2019-02-21 17:23:34 - [TEST_STEP][PASSED] - StrB = findTestData("Internal User List").getValue(2, Counter): null

2019-02-21 17:23:34 - [TEST_STEP][PASSED] - if (StrB.equals(StrA)): null

2019-02-21 17:23:34 - [TEST_STEP][PASSED] - (Counter++): null

2019-02-21 17:23:34 - [TEST_STEP][PASSED] - StrB = findTestData("Internal User List").getValue(2, Counter): null

2019-02-21 17:23:34 - [TEST_STEP][PASSED] - if (StrB.equals(StrA)): null

2019-02-21 17:23:34 - [TEST_STEP][PASSED] - (Counter++): null

2019-02-21 17:23:34 - [TEST_STEP][PASSED] - StrB = findTestData("Internal User List").getValue(2, Counter): null

2019-02-21 17:23:34 - [TEST_STEP][PASSED] - if (StrB.equals(StrA)): null

2019-02-21 17:23:34 - [TEST_STEP][PASSED] - (Counter++): null

2019-02-21 17:23:34 - [TEST_STEP][PASSED] - StrB = findTestData("Internal User List").getValue(2, Counter): null

2019-02-21 17:23:34 - [TEST_STEP][PASSED] - if (StrB.equals(StrA)): null

2019-02-21 17:23:35 - [TEST_STEP][PASSED] - (Counter++): null

2019-02-21 17:23:37 - [TEST_STEP][PASSED] - StrB = findTestData("Internal User List").getValue(2, Counter): null

2019-02-21 17:23:37 - [TEST_STEP][PASSED] - if (StrB.equals(StrA)): null

2019-02-21 17:23:37 - [TEST_STEP][PASSED] - (Counter++): null

2019-02-21 17:23:37 - [TEST_STEP][PASSED] - StrB = findTestData("Internal User List").getValue(2, Counter): null

2019-02-21 17:23:37 - [TEST_STEP][PASSED] - if (StrB.equals(StrA)): null

2019-02-21 17:23:37 - [TEST_STEP][PASSED] - (Counter++): null

2019-02-21 17:23:37 - [TEST_STEP][PASSED] - StrB = findTestData("Internal User List").getValue(2, Counter): null

2019-02-21 17:23:37 - [TEST_STEP][PASSED] - if (StrB.equals(StrA)): null

2019-02-21 17:23:37 - [TEST_STEP][PASSED] - (Counter++): null

2019-02-21 17:23:37 - [TEST_STEP][PASSED] - StrB = findTestData("Internal User List").getValue(2, Counter): null

2019-02-21 17:23:37 - [TEST_STEP][PASSED] - if (StrB.equals(StrA)): null

2019-02-21 17:23:37 - [TEST_STEP][PASSED] - (Counter++): null

2019-02-21 17:23:37 - [TEST_STEP][PASSED] - StrB = findTestData("Internal User List").getValue(2, Counter): null

2019-02-21 17:23:37 - [TEST_STEP][PASSED] - if (StrB.equals(StrA)): null

2019-02-21 17:23:37 - [TEST_STEP][PASSED] - (Counter++): null

2019-02-21 17:23:37 - [TEST_STEP][PASSED] - StrB = findTestData("Internal User List").getValue(2, Counter): null

2019-02-21 17:23:37 - [TEST_STEP][PASSED] - if (StrB.equals(StrA)): null

2019-02-21 17:23:37 - [TEST_STEP][PASSED] - (Counter++): null

2019-02-21 17:23:37 - [TEST_STEP][PASSED] - StrB = findTestData("Internal User List").getValue(2, Counter): null

2019-02-21 17:23:37 - [TEST_STEP][PASSED] - if (StrB.equals(StrA)): null

2019-02-21 17:23:37 - [TEST_STEP][PASSED] - (Counter++): null

2019-02-21 17:23:39 - [TEST_STEP][PASSED] - StrB = findTestData("Internal User List").getValue(2, Counter): null

2019-02-21 17:23:39 - [TEST_STEP][PASSED] - if (StrB.equals(StrA)): null

2019-02-21 17:23:39 - [TEST_STEP][PASSED] - (Counter++): null

2019-02-21 17:23:39 - [TEST_STEP][PASSED] - StrB = findTestData("Internal User List").getValue(2, Counter): null

2019-02-21 17:23:39 - [TEST_STEP][PASSED] - if (StrB.equals(StrA)): null

2019-02-21 17:23:39 - [TEST_STEP][PASSED] - (Counter++): null

2019-02-21 17:23:39 - [TEST_STEP][PASSED] - StrB = findTestData("Internal User List").getValue(2, Counter): null

2019-02-21 17:23:39 - [TEST_STEP][PASSED] - if (StrB.equals(StrA)): null

2019-02-21 17:23:39 - [TEST_STEP][PASSED] - (Counter++): null

2019-02-21 17:23:39 - [TEST_STEP][PASSED] - StrB = findTestData("Internal User List").getValue(2, Counter): null

2019-02-21 17:23:40 - [TEST_STEP][PASSED] - if (StrB.equals(StrA)): null

2019-02-21 17:23:40 - [TEST_STEP][PASSED] - (Counter++): null

2019-02-21 17:23:40 - [TEST_STEP][PASSED] - StrB = findTestData("Internal User List").getValue(2, Counter): null

2019-02-21 17:23:40 - [TEST_STEP][PASSED] - if (StrB.equals(StrA)): null

2019-02-21 17:23:40 - [TEST_STEP][PASSED] - (Counter++): null

2019-02-21 17:23:40 - [TEST_STEP][PASSED] - StrB = findTestData("Internal User List").getValue(2, Counter): null

2019-02-21 17:23:40 - [TEST_STEP][PASSED] - if (StrB.equals(StrA)): null

2019-02-21 17:23:40 - [TEST_STEP][PASSED] - (Counter++): null

2019-02-21 17:23:40 - [TEST_STEP][PASSED] - StrB = findTestData("Internal User List").getValue(2, Counter): null

2019-02-21 17:23:40 - [TEST_STEP][PASSED] - if (StrB.equals(StrA)): null

2019-02-21 17:23:41 - [TEST_STEP][PASSED] - (Counter++): null

2019-02-21 17:23:41 - [TEST_STEP][PASSED] - StrB = findTestData("Internal User List").getValue(2, Counter): null

2019-02-21 17:23:41 - [TEST_STEP][PASSED] - if (StrB.equals(StrA)): null

2019-02-21 17:23:41 - [TEST_STEP][PASSED] - (Counter++): null

2019-02-21 17:23:41 - [TEST_STEP][PASSED] - StrB = findTestData("Internal User List").getValue(2, Counter): null

2019-02-21 17:23:41 - [TEST_STEP][PASSED] - if (StrB.equals(StrA)): null

2019-02-21 17:23:41 - [TEST_STEP][PASSED] - (Counter++): null

2019-02-21 17:23:41 - [TEST_STEP][PASSED] - StrB = findTestData("Internal User List").getValue(2, Counter): null

2019-02-21 17:23:41 - [TEST_STEP][PASSED] - if (StrB.equals(StrA)): null

2019-02-21 17:23:41 - [TEST_STEP][PASSED] - (Counter++): null

2019-02-21 17:23:42 - [TEST_STEP][PASSED] - StrB = findTestData("Internal User List").getValue(2, Counter): null

2019-02-21 17:23:42 - [TEST_STEP][PASSED] - if (StrB.equals(StrA)): null

2019-02-21 17:23:42 - [TEST_STEP][PASSED] - (Counter++): null

2019-02-21 17:23:42 - [TEST_STEP][PASSED] - StrB = findTestData("Internal User List").getValue(2, Counter): null

2019-02-21 17:23:42 - [TEST_STEP][PASSED] - if (StrB.equals(StrA)): null

2019-02-21 17:23:42 - [TEST_STEP][PASSED] - (Counter++): null

2019-02-21 17:23:42 - [TEST_STEP][PASSED] - StrB = findTestData("Internal User List").getValue(2, Counter): null

2019-02-21 17:23:42 - [TEST_STEP][PASSED] - if (StrB.equals(StrA)): null

2019-02-21 17:23:42 - [TEST_STEP][PASSED] - (Counter++): null

2019-02-21 17:23:42 - [TEST_STEP][PASSED] - StrB = findTestData("Internal User List").getValue(2, Counter): null

2019-02-21 17:23:43 - [TEST_STEP][PASSED] - if (StrB.equals(StrA)): null

2019-02-21 17:23:43 - [TEST_STEP][PASSED] - (Counter++): null

2019-02-21 17:23:43 - [TEST_STEP][PASSED] - StrB = findTestData("Internal User List").getValue(2, Counter): null

2019-02-21 17:23:43 - [TEST_STEP][PASSED] - if (StrB.equals(StrA)): null

2019-02-21 17:23:43 - [TEST_STEP][PASSED] - (Counter++): null

2019-02-21 17:23:43 - [TEST_STEP][PASSED] - StrB = findTestData("Internal User List").getValue(2, Counter): null

2019-02-21 17:23:43 - [TEST_STEP][PASSED] - if (StrB.equals(StrA)): null

2019-02-21 17:23:43 - [TEST_STEP][PASSED] - (Counter++): null

2019-02-21 17:23:43 - [TEST_STEP][PASSED] - StrB = findTestData("Internal User List").getValue(2, Counter): null

2019-02-21 17:23:43 - [TEST_STEP][PASSED] - if (StrB.equals(StrA)): null

2019-02-21 17:23:43 - [TEST_STEP][PASSED] - (Counter++): null

2019-02-21 17:23:45 - [TEST_STEP][PASSED] - StrB = findTestData("Internal User List").getValue(2, Counter): null

2019-02-21 17:23:45 - [TEST_STEP][PASSED] - if (StrB.equals(StrA)): null

2019-02-21 17:23:45 - [TEST_STEP][PASSED] - (Counter++): null

2019-02-21 17:23:45 - [TEST_STEP][PASSED] - StrB = findTestData("Internal User List").getValue(2, Counter): null

2019-02-21 17:23:45 - [TEST_STEP][PASSED] - if (StrB.equals(StrA)): null

2019-02-21 17:23:45 - [TEST_STEP][PASSED] - (Counter++): null

2019-02-21 17:23:45 - [TEST_STEP][PASSED] - StrB = findTestData("Internal User List").getValue(2, Counter): null

2019-02-21 17:23:45 - [TEST_STEP][PASSED] - if (StrB.equals(StrA)): null

2019-02-21 17:23:45 - [TEST_STEP][PASSED] - (Counter++): null

2019-02-21 17:23:45 - [TEST_STEP][PASSED] - StrB = findTestData("Internal User List").getValue(2, Counter): null

2019-02-21 17:23:46 - [TEST_STEP][PASSED] - if (StrB.equals(StrA)): null

2019-02-21 17:23:46 - [TEST_STEP][PASSED] - (Counter++): null

2019-02-21 17:23:46 - [TEST_STEP][PASSED] - StrB = findTestData("Internal User List").getValue(2, Counter): null

2019-02-21 17:23:46 - [TEST_STEP][PASSED] - if (StrB.equals(StrA)): null

2019-02-21 17:23:46 - [TEST_STEP][PASSED] - (Counter++): null

2019-02-21 17:23:46 - [TEST_STEP][PASSED] - StrB = findTestData("Internal User List").getValue(2, Counter): null

2019-02-21 17:23:46 - [TEST_STEP][PASSED] - if (StrB.equals(StrA)): null

2019-02-21 17:23:46 - [TEST_STEP][PASSED] - (Counter++): null

2019-02-21 17:23:46 - [TEST_STEP][PASSED] - StrB = findTestData("Internal User List").getValue(2, Counter): null

2019-02-21 17:23:46 - [TEST_STEP][PASSED] - if (StrB.equals(StrA)): null

2019-02-21 17:23:47 - [TEST_STEP][PASSED] - (Counter++): null

2019-02-21 17:23:47 - [TEST_STEP][PASSED] - StrB = findTestData("Internal User List").getValue(2, Counter): null

2019-02-21 17:23:47 - [TEST_STEP][PASSED] - if (StrB.equals(StrA)): null

2019-02-21 17:23:47 - [TEST_STEP][PASSED] - (Counter++): null

2019-02-21 17:23:47 - [TEST_STEP][PASSED] - StrB = findTestData("Internal User List").getValue(2, Counter): null

2019-02-21 17:23:47 - [TEST_STEP][PASSED] - if (StrB.equals(StrA)): null

2019-02-21 17:23:47 - [TEST_STEP][PASSED] - (Counter++): null

2019-02-21 17:23:47 - [TEST_STEP][PASSED] - StrB = findTestData("Internal User List").getValue(2, Counter): null

2019-02-21 17:23:47 - [TEST_STEP][PASSED] - if (StrB.equals(StrA)): null

2019-02-21 17:23:47 - [TEST_STEP][PASSED] - (Counter++): null

2019-02-21 17:23:48 - [TEST_STEP][PASSED] - StrB = findTestData("Internal User List").getValue(2, Counter): null

2019-02-21 17:23:48 - [TEST_STEP][PASSED] - if (StrB.equals(StrA)): null

2019-02-21 17:23:48 - [TEST_STEP][PASSED] - (Counter++): null

2019-02-21 17:23:48 - [TEST_STEP][PASSED] - StrB = findTestData("Internal User List").getValue(2, Counter): null

2019-02-21 17:23:48 - [TEST_STEP][PASSED] - if (StrB.equals(StrA)): null

2019-02-21 17:23:48 - [TEST_STEP][PASSED] - (Counter++): null

2019-02-21 17:23:48 - [TEST_STEP][PASSED] - StrB = findTestData("Internal User List").getValue(2, Counter): null

2019-02-21 17:23:48 - [TEST_STEP][PASSED] - if (StrB.equals(StrA)): null

2019-02-21 17:23:48 - [TEST_STEP][PASSED] - (Counter++): null

2019-02-21 17:23:48 - [TEST_STEP][PASSED] - StrB = findTestData("Internal User List").getValue(2, Counter): null

2019-02-21 17:23:48 - [TEST_STEP][PASSED] - if (StrB.equals(StrA)): null

2019-02-21 17:23:48 - [TEST_STEP][PASSED] - (Counter++): null

2019-02-21 17:23:48 - [TEST_STEP][PASSED] - StrB = findTestData("Internal User List").getValue(2, Counter): null

2019-02-21 17:23:48 - [TEST_STEP][PASSED] - if (StrB.equals(StrA)): null

2019-02-21 17:23:48 - [TEST_STEP][PASSED] - (Counter++): null

2019-02-21 17:23:48 - [TEST_STEP][PASSED] - StrB = findTestData("Internal User List").getValue(2, Counter): null

2019-02-21 17:23:48 - [TEST_STEP][PASSED] - if (StrB.equals(StrA)): null

2019-02-21 17:23:48 - [TEST_STEP][PASSED] - (Counter++): null

2019-02-21 17:23:48 - [TEST_STEP][PASSED] - StrB = findTestData("Internal User List").getValue(2, Counter): null

2019-02-21 17:23:48 - [TEST_STEP][PASSED] - if (StrB.equals(StrA)): null

2019-02-21 17:23:48 - [TEST_STEP][PASSED] - (Counter++): null

2019-02-21 17:23:49 - [TEST_STEP][PASSED] - StrB = findTestData("Internal User List").getValue(2, Counter): null

2019-02-21 17:23:49 - [TEST_STEP][PASSED] - if (StrB.equals(StrA)): null

2019-02-21 17:23:49 - [TEST_STEP][PASSED] - (Counter++): null

2019-02-21 17:23:49 - [TEST_STEP][PASSED] - StrB = findTestData("Internal User List").getValue(2, Counter): null

2019-02-21 17:23:49 - [TEST_STEP][PASSED] - if (StrB.equals(StrA)): null

2019-02-21 17:23:49 - [TEST_STEP][PASSED] - (Counter++): null

2019-02-21 17:23:49 - [TEST_STEP][PASSED] - StrB = findTestData("Internal User List").getValue(2, Counter): null

2019-02-21 17:23:49 - [TEST_STEP][PASSED] - if (StrB.equals(StrA)): null

2019-02-21 17:23:49 - [TEST_STEP][PASSED] - (Counter++): null

2019-02-21 17:23:49 - [TEST_STEP][PASSED] - StrB = findTestData("Internal User List").getValue(2, Counter): null

2019-02-21 17:23:50 - [TEST_STEP][PASSED] - if (StrB.equals(StrA)): null

2019-02-21 17:23:50 - [TEST_STEP][PASSED] - (Counter++): null

2019-02-21 17:23:50 - [TEST_STEP][PASSED] - StrB = findTestData("Internal User List").getValue(2, Counter): null

2019-02-21 17:23:50 - [TEST_STEP][PASSED] - if (StrB.equals(StrA)): null

2019-02-21 17:23:50 - [TEST_STEP][PASSED] - (Counter++): null

2019-02-21 17:23:50 - [TEST_STEP][PASSED] - StrB = findTestData("Internal User List").getValue(2, Counter): null

2019-02-21 17:23:50 - [TEST_STEP][PASSED] - if (StrB.equals(StrA)): null

2019-02-21 17:23:50 - [TEST_STEP][PASSED] - (Counter++): null

2019-02-21 17:23:50 - [TEST_STEP][PASSED] - StrB = findTestData("Internal User List").getValue(2, Counter): null

2019-02-21 17:23:50 - [TEST_STEP][PASSED] - if (StrB.equals(StrA)): null

2019-02-21 17:23:51 - [TEST_STEP][PASSED] - (Counter++): null

2019-02-21 17:23:51 - [TEST_STEP][PASSED] - StrB = findTestData("Internal User List").getValue(2, Counter): null

2019-02-21 17:23:51 - [TEST_STEP][PASSED] - if (StrB.equals(StrA)): null

2019-02-21 17:23:51 - [TEST_STEP][PASSED] - (Counter++): null

2019-02-21 17:23:51 - [TEST_STEP][PASSED] - StrB = findTestData("Internal User List").getValue(2, Counter): null

2019-02-21 17:23:51 - [TEST_STEP][PASSED] - if (StrB.equals(StrA)): null

2019-02-21 17:23:51 - [TEST_STEP][PASSED] - (Counter++): null

2019-02-21 17:23:51 - [TEST_STEP][PASSED] - StrB = findTestData("Internal User List").getValue(2, Counter): null

2019-02-21 17:23:51 - [TEST_STEP][PASSED] - if (StrB.equals(StrA)): null

2019-02-21 17:23:51 - [TEST_STEP][PASSED] - (Counter++): null

2019-02-21 17:23:51 - [TEST_STEP][PASSED] - StrB = findTestData("Internal User List").getValue(2, Counter): null

2019-02-21 17:23:51 - [TEST_STEP][PASSED] - if (StrB.equals(StrA)): null

2019-02-21 17:23:51 - [TEST_STEP][PASSED] - (Counter++): null

2019-02-21 17:23:51 - [TEST_STEP][PASSED] - StrB = findTestData("Internal User List").getValue(2, Counter): null

2019-02-21 17:23:51 - [TEST_STEP][PASSED] - if (StrB.equals(StrA)): null

2019-02-21 17:23:51 - [TEST_STEP][PASSED] - (Counter++): null

2019-02-21 17:23:51 - [TEST_STEP][PASSED] - StrB = findTestData("Internal User List").getValue(2, Counter): null

2019-02-21 17:23:52 - [TEST_STEP][PASSED] - if (StrB.equals(StrA)): null

2019-02-21 17:23:52 - [TEST_STEP][PASSED] - (Counter++): null

2019-02-21 17:23:52 - [TEST_STEP][PASSED] - StrB = findTestData("Internal User List").getValue(2, Counter): null

2019-02-21 17:23:52 - [TEST_STEP][PASSED] - if (StrB.equals(StrA)): null

2019-02-21 17:23:52 - [TEST_STEP][PASSED] - (Counter++): null

2019-02-21 17:23:53 - [TEST_STEP][PASSED] - StrB = findTestData("Internal User List").getValue(2, Counter): null

2019-02-21 17:23:53 - [TEST_STEP][PASSED] - if (StrB.equals(StrA)): null

2019-02-21 17:23:53 - [TEST_STEP][PASSED] - (Counter++): null

2019-02-21 17:23:53 - [TEST_STEP][PASSED] - StrB = findTestData("Internal User List").getValue(2, Counter): null

2019-02-21 17:23:53 - [TEST_STEP][PASSED] - if (StrB.equals(StrA)): null

2019-02-21 17:23:53 - [TEST_STEP][PASSED] - (Counter++): null

2019-02-21 17:23:53 - [TEST_STEP][PASSED] - StrB = findTestData("Internal User List").getValue(2, Counter): null

2019-02-21 17:23:53 - [TEST_STEP][PASSED] - if (StrB.equals(StrA)): null

2019-02-21 17:23:53 - [TEST_STEP][PASSED] - (Counter++): null

2019-02-21 17:23:53 - [TEST_STEP][PASSED] - StrB = findTestData("Internal User List").getValue(2, Counter): null

2019-02-21 17:23:53 - [TEST_STEP][PASSED] - if (StrB.equals(StrA)): null

2019-02-21 17:23:53 - [TEST_STEP][PASSED] - (Counter++): null

2019-02-21 17:23:54 - [TEST_STEP][PASSED] - StrB = findTestData("Internal User List").getValue(2, Counter): null

2019-02-21 17:23:54 - [TEST_STEP][PASSED] - if (StrB.equals(StrA)): null

2019-02-21 17:23:54 - [TEST_STEP][PASSED] - (Counter++): null

2019-02-21 17:23:54 - [TEST_STEP][PASSED] - StrB = findTestData("Internal User List").getValue(2, Counter): null

2019-02-21 17:23:54 - [TEST_STEP][PASSED] - if (StrB.equals(StrA)): null

2019-02-21 17:23:54 - [TEST_STEP][PASSED] - (Counter++): null

2019-02-21 17:23:54 - [TEST_STEP][PASSED] - StrB = findTestData("Internal User List").getValue(2, Counter): null

2019-02-21 17:23:54 - [TEST_STEP][PASSED] - if (StrB.equals(StrA)): null

2019-02-21 17:23:54 - [TEST_STEP][PASSED] - (Counter++): null

2019-02-21 17:23:54 - [TEST_STEP][PASSED] - StrB = findTestData("Internal User List").getValue(2, Counter): null

2019-02-21 17:23:54 - [TEST_STEP][PASSED] - if (StrB.equals(StrA)): null

2019-02-21 17:23:54 - [TEST_STEP][PASSED] - (Counter++): null

2019-02-21 17:23:54 - [TEST_STEP][PASSED] - StrB = findTestData("Internal User List").getValue(2, Counter): null

2019-02-21 17:23:54 - [TEST_STEP][PASSED] - if (StrB.equals(StrA)): null

2019-02-21 17:23:54 - [TEST_STEP][PASSED] - (Counter++): null

2019-02-21 17:23:54 - [TEST_STEP][PASSED] - StrB = findTestData("Internal User List").getValue(2, Counter): null

2019-02-21 17:23:54 - [TEST_STEP][PASSED] - if (StrB.equals(StrA)): null

2019-02-21 17:23:55 - [TEST_STEP][PASSED] - (Counter++): null

2019-02-21 17:23:55 - [TEST_STEP][PASSED] - StrB = findTestData("Internal User List").getValue(2, Counter): null

2019-02-21 17:23:55 - [TEST_STEP][PASSED] - if (StrB.equals(StrA)): null

2019-02-21 17:23:55 - [TEST_STEP][PASSED] - (Counter++): null

2019-02-21 17:23:55 - [TEST_STEP][PASSED] - StrB = findTestData("Internal User List").getValue(2, Counter): null

2019-02-21 17:23:55 - [TEST_STEP][PASSED] - if (StrB.equals(StrA)): null

2019-02-21 17:23:55 - [TEST_STEP][PASSED] - (Counter++): null

2019-02-21 17:23:55 - [TEST_STEP][PASSED] - StrB = findTestData("Internal User List").getValue(2, Counter): null

2019-02-21 17:23:55 - [TEST_STEP][PASSED] - if (StrB.equals(StrA)): null

2019-02-21 17:23:55 - [TEST_STEP][PASSED] - (Counter++): null

2019-02-21 17:23:55 - [TEST_STEP][PASSED] - StrB = findTestData("Internal User List").getValue(2, Counter): null

2019-02-21 17:23:55 - [TEST_STEP][PASSED] - if (StrB.equals(StrA)): null

2019-02-21 17:23:55 - [TEST_STEP][PASSED] - (Counter++): null

2019-02-21 17:23:55 - [TEST_STEP][PASSED] - StrB = findTestData("Internal User List").getValue(2, Counter): null

2019-02-21 17:23:55 - [TEST_STEP][PASSED] - if (StrB.equals(StrA)): null

2019-02-21 17:23:55 - [TEST_STEP][PASSED] - (Counter++): null

2019-02-21 17:23:55 - [TEST_STEP][PASSED] - StrB = findTestData("Internal User List").getValue(2, Counter): null

2019-02-21 17:23:56 - [TEST_STEP][PASSED] - if (StrB.equals(StrA)): null

2019-02-21 17:23:56 - [TEST_STEP][PASSED] - (Counter++): null

2019-02-21 17:23:56 - [TEST_STEP][PASSED] - StrB = findTestData("Internal User List").getValue(2, Counter): null

2019-02-21 17:23:56 - [TEST_STEP][PASSED] - if (StrB.equals(StrA)): null

2019-02-21 17:23:56 - [TEST_STEP][PASSED] - (Counter++): null

2019-02-21 17:23:56 - [TEST_STEP][PASSED] - StrB = findTestData("Internal User List").getValue(2, Counter): null

2019-02-21 17:23:56 - [TEST_STEP][PASSED] - if (StrB.equals(StrA)): null

2019-02-21 17:23:56 - [TEST_STEP][PASSED] - (Counter++): null

2019-02-21 17:23:56 - [TEST_STEP][PASSED] - StrB = findTestData("Internal User List").getValue(2, Counter): null

2019-02-21 17:23:56 - [TEST_STEP][PASSED] - if (StrB.equals(StrA)): null

2019-02-21 17:23:56 - [TEST_STEP][PASSED] - (Counter++): null

2019-02-21 17:23:56 - [TEST_STEP][PASSED] - StrB = findTestData("Internal User List").getValue(2, Counter): null

2019-02-21 17:23:56 - [TEST_STEP][PASSED] - if (StrB.equals(StrA)): null

2019-02-21 17:23:56 - [TEST_STEP][PASSED] - (Counter++): null

2019-02-21 17:23:57 - [TEST_STEP][PASSED] - StrB = findTestData("Internal User List").getValue(2, Counter): null

2019-02-21 17:23:57 - [TEST_STEP][PASSED] - if (StrB.equals(StrA)): null

2019-02-21 17:23:57 - [TEST_STEP][PASSED] - (Counter++): null

2019-02-21 17:23:57 - [TEST_STEP][PASSED] - StrB = findTestData("Internal User List").getValue(2, Counter): null

2019-02-21 17:23:57 - [TEST_STEP][PASSED] - if (StrB.equals(StrA)): null

2019-02-21 17:23:57 - [TEST_STEP][PASSED] - (Counter++): null

2019-02-21 17:23:57 - [TEST_STEP][PASSED] - StrB = findTestData("Internal User List").getValue(2, Counter): null

2019-02-21 17:23:57 - [TEST_STEP][PASSED] - if (StrB.equals(StrA)): null

2019-02-21 17:23:57 - [TEST_STEP][PASSED] - (Counter++): null

2019-02-21 17:23:57 - [TEST_STEP][PASSED] - StrB = findTestData("Internal User List").getValue(2, Counter): null

2019-02-21 17:23:57 - [TEST_STEP][PASSED] - if (StrB.equals(StrA)): null

2019-02-21 17:23:57 - [TEST_STEP][PASSED] - (Counter++): null

2019-02-21 17:23:57 - [TEST_STEP][PASSED] - StrB = findTestData("Internal User List").getValue(2, Counter): null

2019-02-21 17:23:57 - [TEST_STEP][PASSED] - if (StrB.equals(StrA)): null

2019-02-21 17:23:57 - [TEST_STEP][PASSED] - (Counter++): null

2019-02-21 17:23:57 - [TEST_STEP][PASSED] - StrB = findTestData("Internal User List").getValue(2, Counter): null

2019-02-21 17:23:57 - [TEST_STEP][PASSED] - if (StrB.equals(StrA)): null

2019-02-21 17:23:57 - [TEST_STEP][PASSED] - (Counter++): null

2019-02-21 17:23:57 - [TEST_STEP][PASSED] - StrB = findTestData("Internal User List").getValue(2, Counter): null

2019-02-21 17:23:57 - [TEST_STEP][PASSED] - if (StrB.equals(StrA)): null

2019-02-21 17:23:58 - [TEST_STEP][PASSED] - (Counter++): null

2019-02-21 17:23:58 - [TEST_STEP][PASSED] - StrB = findTestData("Internal User List").getValue(2, Counter): null

2019-02-21 17:23:58 - [TEST_STEP][PASSED] - if (StrB.equals(StrA)): null

2019-02-21 17:23:58 - [TEST_STEP][PASSED] - (Counter++): null

2019-02-21 17:23:58 - [TEST_STEP][PASSED] - StrB = findTestData("Internal User List").getValue(2, Counter): null

2019-02-21 17:23:58 - [TEST_STEP][PASSED] - if (StrB.equals(StrA)): null

2019-02-21 17:23:58 - [TEST_STEP][PASSED] - (Counter++): null

2019-02-21 17:23:58 - [TEST_STEP][PASSED] - StrB = findTestData("Internal User List").getValue(2, Counter): null

2019-02-21 17:23:58 - [TEST_STEP][PASSED] - if (StrB.equals(StrA)): null

2019-02-21 17:23:58 - [TEST_STEP][PASSED] - (Counter++): null

2019-02-21 17:23:58 - [TEST_STEP][PASSED] - StrB = findTestData("Internal User List").getValue(2, Counter): null

2019-02-21 17:23:58 - [TEST_STEP][PASSED] - if (StrB.equals(StrA)): null

2019-02-21 17:23:58 - [TEST_STEP][PASSED] - (Counter++): null

2019-02-21 17:23:58 - [TEST_STEP][PASSED] - StrB = findTestData("Internal User List").getValue(2, Counter): null

2019-02-21 17:23:58 - [TEST_STEP][PASSED] - if (StrB.equals(StrA)): null

2019-02-21 17:23:58 - [TEST_STEP][PASSED] - (Counter++): null

2019-02-21 17:23:58 - [TEST_STEP][PASSED] - StrB = findTestData("Internal User List").getValue(2, Counter): null

2019-02-21 17:23:58 - [TEST_STEP][PASSED] - if (StrB.equals(StrA)): null

2019-02-21 17:23:58 - [TEST_STEP][PASSED] - (Counter++): null

2019-02-21 17:23:58 - [TEST_STEP][PASSED] - StrB = findTestData("Internal User List").getValue(2, Counter): null

2019-02-21 17:23:59 - [TEST_STEP][PASSED] - if (StrB.equals(StrA)): null

2019-02-21 17:23:59 - [TEST_STEP][PASSED] - (Counter++): null

2019-02-21 17:23:59 - [TEST_STEP][PASSED] - StrB = findTestData("Internal User List").getValue(2, Counter): null

2019-02-21 17:23:59 - [TEST_STEP][PASSED] - if (StrB.equals(StrA)): null

2019-02-21 17:23:59 - [TEST_STEP][PASSED] - (Counter++): null

2019-02-21 17:23:59 - [TEST_STEP][PASSED] - StrB = findTestData("Internal User List").getValue(2, Counter): null

2019-02-21 17:23:59 - [TEST_STEP][PASSED] - if (StrB.equals(StrA)): null

2019-02-21 17:23:59 - [TEST_STEP][PASSED] - (Counter++): null

2019-02-21 17:23:59 - [TEST_STEP][PASSED] - StrB = findTestData("Internal User List").getValue(2, Counter): null

2019-02-21 17:23:59 - [TEST_STEP][PASSED] - if (StrB.equals(StrA)): null

2019-02-21 17:23:59 - [TEST_STEP][PASSED] - (Counter++): null

2019-02-21 17:24:00 - [TEST_STEP][PASSED] - StrB = findTestData("Internal User List").getValue(2, Counter): null

2019-02-21 17:24:00 - [TEST_STEP][PASSED] - if (StrB.equals(StrA)): null

2019-02-21 17:24:00 - [TEST_STEP][PASSED] - StrEmail = findTestData("Internal User List").getValue(1, Counter): null

2019-02-21 17:24:00 - [TEST_STEP][PASSED] - InternalEmail = StrEmail: null

2019-02-21 17:24:00 - [TEST_STEP][PASSED] - out.println(StrEmail): null

2019-02-21 17:24:00 - [TEST_STEP][PASSED] - (Counter++): null

2019-02-21 17:24:00 - [MESSAGE][PASSED] - Call Test Case 'Test Cases/All TC/Arranged/1. Common/Internal Email Finder' successfully

2019-02-21 17:24:00 - [TEST_STEP][PASSED] - setText(findTestObject("KinJun/3.1 RIA Application/EIO Internal Login - RIA Application - Approve/Page_PERKESO/Input username"), InternalEmail): Text 'jheio3@perkeso.gov.my' is set on object 'Object Repository/KinJun/3.1 RIA Application/EIO Internal Login - RIA Application - Approve/Page_PERKESO/Input username'

2019-02-21 17:24:01 - [MESSAGE][PASSED] - Text 'jheio3@perkeso.gov.my' is set on object 'Object Repository/KinJun/3.1 RIA Application/EIO Internal Login - RIA Application - Approve/Page_PERKESO/Input username'

2019-02-21 17:24:01 - [TEST_STEP][PASSED] - setEncryptedText(findTestObject("KinJun/3.1 RIA Application/EIO Internal Login - RIA Application - Approve/Page_PERKESO/Input password"), "CQqwFZlbeC8="): Text ****** has been set on object 'Object Repository/KinJun/3.1 RIA Application/EIO Internal Login - RIA Application - Approve/Page_PERKESO/Input password'

2019-02-21 17:24:01 - [MESSAGE][PASSED] - Text ****** has been set on object 'Object Repository/KinJun/3.1 RIA Application/EIO Internal Login - RIA Application - Approve/Page_PERKESO/Input password'

2019-02-21 17:24:01 - [TEST_STEP][PASSED] - click(findTestObject("KinJun/3.1 RIA Application/EIO Internal Login - RIA Application - Approve/Page_PERKESO/Btn Login")): Object: 'Object Repository/KinJun/3.1 RIA Application/EIO Internal Login - RIA Application - Approve/Page_PERKESO/Btn Login' is clicked on

2019-02-21 17:24:02 - [MESSAGE][PASSED] - Object: 'Object Repository/KinJun/3.1 RIA Application/EIO Internal Login - RIA Application - Approve/Page_PERKESO/Btn Login' is clicked on

2019-02-21 17:24:02 - [TEST_STEP][PASSED] - delay(3): Delayed 3 second(s)

2019-02-21 17:24:05 - [MESSAGE][PASSED] - Delayed 3 second(s)

2019-02-21 17:24:05 - [TEST_STEP][PASSED] - click(findTestObject("KinJun/3.1 RIA Application/EIO Internal Login - RIA Application - Approve/Page_PERKESO/Click workbasket")): Object: 'Object Repository/KinJun/3.1 RIA Application/EIO Internal Login - RIA Application - Approve/Page_PERKESO/Click workbasket' is clicked on

2019-02-21 17:24:11 - [MESSAGE][PASSED] - Object: 'Object Repository/KinJun/3.1 RIA Application/EIO Internal Login - RIA Application - Approve/Page_PERKESO/Click workbasket' is clicked on

2019-02-21 17:24:11 - [TEST_STEP][PASSED] - delay(3): Delayed 3 second(s)

2019-02-21 17:24:14 - [MESSAGE][PASSED] - Delayed 3 second(s)

2019-02-21 17:24:14 - [TEST_STEP][PASSED] - click(findTestObject("KinJun/3.1 RIA Application/EIO Internal Login - RIA Application - Approve/Page_PERKESO/Click Search Case")): Object: 'Object Repository/KinJun/3.1 RIA Application/EIO Internal Login - RIA Application - Approve/Page_PERKESO/Click Search Case' is clicked on

2019-02-21 17:24:19 - [MESSAGE][PASSED] - Object: 'Object Repository/KinJun/3.1 RIA Application/EIO Internal Login - RIA Application - Approve/Page_PERKESO/Click Search Case' is clicked on

2019-02-21 17:24:19 - [TEST_STEP][PASSED] - callTestCase(findTestCase("All TC/Arranged/1. Common/1.1 Getter/Getter IC"), [:], STOP_ON_FAILURE): Call Test Case 'Test Cases/All TC/Arranged/1. Common/1.1 Getter/Getter IC' successfully

2019-02-21 17:24:19 - [TEST_CASE][PASSED] - Test Cases/All TC/Arranged/1. Common/1.1 Getter/Getter IC: Test Cases/All TC/Arranged/1. Common/1.1 Getter/Getter IC

2019-02-21 17:24:20 - [TEST_STEP][PASSED] - try: null

2019-02-21 17:24:20 - [TEST_STEP][PASSED] - RefNo = new java.io.File((internal.GlobalVariable.TextFilePathCommon + \getIC.txt)): null

2019-02-21 17:24:20 - [TEST_STEP][PASSED] - bufferread = new java.io.BufferedReader(new java.io.FileReader(RefNo)): null

2019-02-21 17:24:20 - [TEST_STEP][PASSED] - readedVal = bufferread.readLine(): null

2019-02-21 17:24:20 - [TEST_STEP][PASSED] - out.println(IC): null

2019-02-21 17:24:20 - [TEST_STEP][PASSED] - out.println(readedVal): null

2019-02-21 17:24:20 - [TEST_STEP][PASSED] - IC = "": null

2019-02-21 17:24:20 - [TEST_STEP][PASSED] - IC = readedVal: null

2019-02-21 17:24:20 - [MESSAGE][PASSED] - Call Test Case 'Test Cases/All TC/Arranged/1. Common/1.1 Getter/Getter IC' successfully

2019-02-21 17:24:20 - [TEST_STEP][FAILED] - setText(findTestObject("KinJun/3.1 RIA Application/EIO Internal Login - RIA Application - Approve/Page_PERKESO/Input IC"), IC): setText(findTestObject("KinJun/3.1 RIA Application/EIO Internal Login - RIA Application - Approve/Page_PERKESO/Input IC"), IC) FAILED.
Reason:
com.kms.katalon.core.exception.StepFailedException: Unable to set text '660126015202' of object 'Object Repository/KinJun/3.1 RIA Application/EIO Internal Login - RIA Application - Approve/Page_PERKESO/Input IC' (Root cause: org.openqa.selenium.ElementNotVisibleException: element not interactable
  (Session info: chrome=72.0.3626.109)
  (Driver info: chromedriver=2.43.600210 (68dcf5eebde37173d4027fa8635e332711d2874a),platform=Windows NT 6.1.7601 SP1 x86_64) (WARNING: The server did not provide any stacktrace information)
Command duration or timeout: 0 milliseconds
Build info: version: '3.7.1', revision: '8a0099a', time: '2017-11-06T21:07:36.161Z'
System info: host: 'WIN7TEST02', ip: '10.20.3.72', os.name: 'Windows 7', os.arch: 'amd64', os.version: '6.1', java.version: '1.8.0_181'
Driver info: com.kms.katalon.selenium.driver.CChromeDriver
Capabilities {acceptInsecureCerts: false, acceptSslCerts: false, applicationCacheEnabled: false, browserConnectionEnabled: false, browserName: chrome, chrome: {chromedriverVersion: 2.43.600210 (68dcf5eebde371..., userDataDir: C:\Users\Admin\AppData\Loca...}, cssSelectorsEnabled: true, databaseEnabled: false, goog:chromeOptions: {debuggerAddress: localhost:61376}, handlesAlerts: true, hasTouchScreen: false, javascriptEnabled: true, locationContextEnabled: true, mobileEmulationEnabled: false, nativeEvents: true, networkConnectionEnabled: false, pageLoadStrategy: normal, platform: XP, platformName: XP, rotatable: false, setWindowRect: true, takesHeapSnapshot: true, takesScreenshot: true, unexpectedAlertBehaviour: , unhandledPromptBehavior: , version: 72.0.3626.109, webStorageEnabled: true}
Session ID: 7aef40511af072daf7dcf6f4114fbf1a)
	at com.kms.katalon.core.keyword.internal.KeywordMain.stepFailed(KeywordMain.groovy:36)
	at com.kms.katalon.core.webui.keyword.internal.WebUIKeywordMain.stepFailed(WebUIKeywordMain.groovy:65)
	at com.kms.katalon.core.webui.keyword.internal.WebUIKeywordMain.runKeyword(WebUIKeywordMain.groovy:27)
	at com.kms.katalon.core.webui.keyword.builtin.SetTextKeyword.setText(SetTextKeyword.groovy:65)
	at com.kms.katalon.core.webui.keyword.builtin.SetTextKeyword.execute(SetTextKeyword.groovy:37)
	at com.kms.katalon.core.keyword.internal.KeywordExecutor.executeKeywordForPlatform(KeywordExecutor.groovy:53)
	at com.kms.katalon.core.webui.keyword.WebUiBuiltInKeywords.setText(WebUiBuiltInKeywords.groovy:950)
	at com.kms.katalon.core.webui.keyword.WebUiBuiltInKeywords$setText$1.call(Unknown Source)
	at EIO Internal Login - RIA Application - Approve.run(EIO Internal Login - RIA Application - Approve:40)
	at com.kms.katalon.core.main.ScriptEngine.run(ScriptEngine.java:194)
	at com.kms.katalon.core.main.ScriptEngine.runScriptAsRawText(ScriptEngine.java:119)
	at com.kms.katalon.core.main.TestCaseExecutor.runScript(TestCaseExecutor.java:328)
	at com.kms.katalon.core.main.TestCaseExecutor.doExecute(TestCaseExecutor.java:319)
	at com.kms.katalon.core.main.TestCaseExecutor.processExecutionPhase(TestCaseExecutor.java:298)
	at com.kms.katalon.core.main.TestCaseExecutor.accessMainPhase(TestCaseExecutor.java:290)
	at com.kms.katalon.core.main.TestCaseExecutor.execute(TestCaseExecutor.java:224)
	at com.kms.katalon.core.main.TestCaseMain.runTestCase(TestCaseMain.java:106)
	at com.kms.katalon.core.keyword.builtin.CallTestCaseKeyword$_callTestCase_closure1.doCall(CallTestCaseKeyword.groovy:59)
	at com.kms.katalon.core.keyword.builtin.CallTestCaseKeyword$_callTestCase_closure1.call(CallTestCaseKeyword.groovy)
	at com.kms.katalon.core.keyword.internal.KeywordMain.runKeyword(KeywordMain.groovy:54)
	at com.kms.katalon.core.keyword.builtin.CallTestCaseKeyword.callTestCase(CallTestCaseKeyword.groovy:80)
	at com.kms.katalon.core.keyword.builtin.CallTestCaseKeyword.execute(CallTestCaseKeyword.groovy:44)
	at com.kms.katalon.core.keyword.internal.KeywordExecutor.executeKeywordForPlatform(KeywordExecutor.groovy:53)
	at com.kms.katalon.core.keyword.BuiltinKeywords.callTestCase(BuiltinKeywords.groovy:334)
	at Reject Claim - DA.run(Reject Claim - DA:22)
	at com.kms.katalon.core.main.ScriptEngine.run(ScriptEngine.java:194)
	at com.kms.katalon.core.main.ScriptEngine.runScriptAsRawText(ScriptEngine.java:119)
	at com.kms.katalon.core.main.TestCaseExecutor.runScript(TestCaseExecutor.java:328)
	at com.kms.katalon.core.main.TestCaseExecutor.doExecute(TestCaseExecutor.java:319)
	at com.kms.katalon.core.main.TestCaseExecutor.processExecutionPhase(TestCaseExecutor.java:298)
	at com.kms.katalon.core.main.TestCaseExecutor.accessMainPhase(TestCaseExecutor.java:290)
	at com.kms.katalon.core.main.TestCaseExecutor.execute(TestCaseExecutor.java:224)
	at com.kms.katalon.core.main.TestSuiteExecutor.accessTestCaseMainPhase(TestSuiteExecutor.java:129)
	at com.kms.katalon.core.main.TestSuiteExecutor.accessTestSuiteMainPhase(TestSuiteExecutor.java:112)
	at com.kms.katalon.core.main.TestSuiteExecutor.execute(TestSuiteExecutor.java:81)
	at com.kms.katalon.core.main.TestCaseMain.startTestSuite(TestCaseMain.java:149)
	at com.kms.katalon.core.main.TestCaseMain$startTestSuite$0.call(Unknown Source)
	at TempTestSuite1550738418733.run(TempTestSuite1550738418733.groovy:36)


2019-02-21 17:24:20 - [MESSAGE][FAILED] - Unable to set text '660126015202' of object 'Object Repository/KinJun/3.1 RIA Application/EIO Internal Login - RIA Application - Approve/Page_PERKESO/Input IC' (Root cause: org.openqa.selenium.ElementNotVisibleException: element not interactable
  (Session info: chrome=72.0.3626.109)
  (Driver info: chromedriver=2.43.600210 (68dcf5eebde37173d4027fa8635e332711d2874a),platform=Windows NT 6.1.7601 SP1 x86_64) (WARNING: The server did not provide any stacktrace information)
Command duration or timeout: 0 milliseconds
Build info: version: '3.7.1', revision: '8a0099a', time: '2017-11-06T21:07:36.161Z'
System info: host: 'WIN7TEST02', ip: '10.20.3.72', os.name: 'Windows 7', os.arch: 'amd64', os.version: '6.1', java.version: '1.8.0_181'
Driver info: com.kms.katalon.selenium.driver.CChromeDriver
Capabilities {acceptInsecureCerts: false, acceptSslCerts: false, applicationCacheEnabled: false, browserConnectionEnabled: false, browserName: chrome, chrome: {chromedriverVersion: 2.43.600210 (68dcf5eebde371..., userDataDir: C:\Users\Admin\AppData\Loca...}, cssSelectorsEnabled: true, databaseEnabled: false, goog:chromeOptions: {debuggerAddress: localhost:61376}, handlesAlerts: true, hasTouchScreen: false, javascriptEnabled: true, locationContextEnabled: true, mobileEmulationEnabled: false, nativeEvents: true, networkConnectionEnabled: false, pageLoadStrategy: normal, platform: XP, platformName: XP, rotatable: false, setWindowRect: true, takesHeapSnapshot: true, takesScreenshot: true, unexpectedAlertBehaviour: , unhandledPromptBehavior: , version: 72.0.3626.109, webStorageEnabled: true}
Session ID: 7aef40511af072daf7dcf6f4114fbf1a)
[[ATTACHMENT|C:\\Users\\Admin\\Documents\\GitHub\\PKSKatalon\\PKS-EI-ES\\Reports\\New Test Suite\\20190221_164018\\1550741060065.png]]

2019-02-21 17:24:20 - [MESSAGE][FAILED] - setText(findTestObject("KinJun/3.1 RIA Application/EIO Internal Login - RIA Application - Approve/Page_PERKESO/Input IC"), IC) FAILED.
Reason:
com.kms.katalon.core.exception.StepFailedException: Unable to set text '660126015202' of object 'Object Repository/KinJun/3.1 RIA Application/EIO Internal Login - RIA Application - Approve/Page_PERKESO/Input IC' (Root cause: org.openqa.selenium.ElementNotVisibleException: element not interactable
  (Session info: chrome=72.0.3626.109)
  (Driver info: chromedriver=2.43.600210 (68dcf5eebde37173d4027fa8635e332711d2874a),platform=Windows NT 6.1.7601 SP1 x86_64) (WARNING: The server did not provide any stacktrace information)
Command duration or timeout: 0 milliseconds
Build info: version: '3.7.1', revision: '8a0099a', time: '2017-11-06T21:07:36.161Z'
System info: host: 'WIN7TEST02', ip: '10.20.3.72', os.name: 'Windows 7', os.arch: 'amd64', os.version: '6.1', java.version: '1.8.0_181'
Driver info: com.kms.katalon.selenium.driver.CChromeDriver
Capabilities {acceptInsecureCerts: false, acceptSslCerts: false, applicationCacheEnabled: false, browserConnectionEnabled: false, browserName: chrome, chrome: {chromedriverVersion: 2.43.600210 (68dcf5eebde371..., userDataDir: C:\Users\Admin\AppData\Loca...}, cssSelectorsEnabled: true, databaseEnabled: false, goog:chromeOptions: {debuggerAddress: localhost:61376}, handlesAlerts: true, hasTouchScreen: false, javascriptEnabled: true, locationContextEnabled: true, mobileEmulationEnabled: false, nativeEvents: true, networkConnectionEnabled: false, pageLoadStrategy: normal, platform: XP, platformName: XP, rotatable: false, setWindowRect: true, takesHeapSnapshot: true, takesScreenshot: true, unexpectedAlertBehaviour: , unhandledPromptBehavior: , version: 72.0.3626.109, webStorageEnabled: true}
Session ID: 7aef40511af072daf7dcf6f4114fbf1a)
	at com.kms.katalon.core.keyword.internal.KeywordMain.stepFailed(KeywordMain.groovy:36)
	at com.kms.katalon.core.webui.keyword.internal.WebUIKeywordMain.stepFailed(WebUIKeywordMain.groovy:65)
	at com.kms.katalon.core.webui.keyword.internal.WebUIKeywordMain.runKeyword(WebUIKeywordMain.groovy:27)
	at com.kms.katalon.core.webui.keyword.builtin.SetTextKeyword.setText(SetTextKeyword.groovy:65)
	at com.kms.katalon.core.webui.keyword.builtin.SetTextKeyword.execute(SetTextKeyword.groovy:37)
	at com.kms.katalon.core.keyword.internal.KeywordExecutor.executeKeywordForPlatform(KeywordExecutor.groovy:53)
	at com.kms.katalon.core.webui.keyword.WebUiBuiltInKeywords.setText(WebUiBuiltInKeywords.groovy:950)
	at com.kms.katalon.core.webui.keyword.WebUiBuiltInKeywords$setText$1.call(Unknown Source)
	at EIO Internal Login - RIA Application - Approve.run(EIO Internal Login - RIA Application - Approve:40)
	at com.kms.katalon.core.main.ScriptEngine.run(ScriptEngine.java:194)
	at com.kms.katalon.core.main.ScriptEngine.runScriptAsRawText(ScriptEngine.java:119)
	at com.kms.katalon.core.main.TestCaseExecutor.runScript(TestCaseExecutor.java:328)
	at com.kms.katalon.core.main.TestCaseExecutor.doExecute(TestCaseExecutor.java:319)
	at com.kms.katalon.core.main.TestCaseExecutor.processExecutionPhase(TestCaseExecutor.java:298)
	at com.kms.katalon.core.main.TestCaseExecutor.accessMainPhase(TestCaseExecutor.java:290)
	at com.kms.katalon.core.main.TestCaseExecutor.execute(TestCaseExecutor.java:224)
	at com.kms.katalon.core.main.TestCaseMain.runTestCase(TestCaseMain.java:106)
	at com.kms.katalon.core.keyword.builtin.CallTestCaseKeyword$_callTestCase_closure1.doCall(CallTestCaseKeyword.groovy:59)
	at com.kms.katalon.core.keyword.builtin.CallTestCaseKeyword$_callTestCase_closure1.call(CallTestCaseKeyword.groovy)
	at com.kms.katalon.core.keyword.internal.KeywordMain.runKeyword(KeywordMain.groovy:54)
	at com.kms.katalon.core.keyword.builtin.CallTestCaseKeyword.callTestCase(CallTestCaseKeyword.groovy:80)
	at com.kms.katalon.core.keyword.builtin.CallTestCaseKeyword.execute(CallTestCaseKeyword.groovy:44)
	at com.kms.katalon.core.keyword.internal.KeywordExecutor.executeKeywordForPlatform(KeywordExecutor.groovy:53)
	at com.kms.katalon.core.keyword.BuiltinKeywords.callTestCase(BuiltinKeywords.groovy:334)
	at Reject Claim - DA.run(Reject Claim - DA:22)
	at com.kms.katalon.core.main.ScriptEngine.run(ScriptEngine.java:194)
	at com.kms.katalon.core.main.ScriptEngine.runScriptAsRawText(ScriptEngine.java:119)
	at com.kms.katalon.core.main.TestCaseExecutor.runScript(TestCaseExecutor.java:328)
	at com.kms.katalon.core.main.TestCaseExecutor.doExecute(TestCaseExecutor.java:319)
	at com.kms.katalon.core.main.TestCaseExecutor.processExecutionPhase(TestCaseExecutor.java:298)
	at com.kms.katalon.core.main.TestCaseExecutor.accessMainPhase(TestCaseExecutor.java:290)
	at com.kms.katalon.core.main.TestCaseExecutor.execute(TestCaseExecutor.java:224)
	at com.kms.katalon.core.main.TestSuiteExecutor.accessTestCaseMainPhase(TestSuiteExecutor.java:129)
	at com.kms.katalon.core.main.TestSuiteExecutor.accessTestSuiteMainPhase(TestSuiteExecutor.java:112)
	at com.kms.katalon.core.main.TestSuiteExecutor.execute(TestSuiteExecutor.java:81)
	at com.kms.katalon.core.main.TestCaseMain.startTestSuite(TestCaseMain.java:149)
	at com.kms.katalon.core.main.TestCaseMain$startTestSuite$0.call(Unknown Source)
	at TempTestSuite1550738418733.run(TempTestSuite1550738418733.groovy:36)


2019-02-21 17:24:20 - [MESSAGE][FAILED] - Unable to call Test Case 'Test Cases/All TC/Arranged/2. Segment/2.31 RIA Application/EIO Internal Login - RIA Application - Approve' (Root cause: com.kms.katalon.core.exception.StepFailedException: Call Test Case 'Test Cases/All TC/Arranged/2. Segment/2.31 RIA Application/EIO Internal Login - RIA Application - Approve' failed)

2019-02-21 17:24:20 - [MESSAGE][FAILED] - callTestCase(findTestCase("All TC/Arranged/2. Segment/2.31 RIA Application/EIO Internal Login - RIA Application - Approve"), [:], STOP_ON_FAILURE) FAILED.
Reason:
com.kms.katalon.core.exception.StepFailedException: Unable to set text '660126015202' of object 'Object Repository/KinJun/3.1 RIA Application/EIO Internal Login - RIA Application - Approve/Page_PERKESO/Input IC' (Root cause: org.openqa.selenium.ElementNotVisibleException: element not interactable
  (Session info: chrome=72.0.3626.109)
  (Driver info: chromedriver=2.43.600210 (68dcf5eebde37173d4027fa8635e332711d2874a),platform=Windows NT 6.1.7601 SP1 x86_64) (WARNING: The server did not provide any stacktrace information)
Command duration or timeout: 0 milliseconds
Build info: version: '3.7.1', revision: '8a0099a', time: '2017-11-06T21:07:36.161Z'
System info: host: 'WIN7TEST02', ip: '10.20.3.72', os.name: 'Windows 7', os.arch: 'amd64', os.version: '6.1', java.version: '1.8.0_181'
Driver info: com.kms.katalon.selenium.driver.CChromeDriver
Capabilities {acceptInsecureCerts: false, acceptSslCerts: false, applicationCacheEnabled: false, browserConnectionEnabled: false, browserName: chrome, chrome: {chromedriverVersion: 2.43.600210 (68dcf5eebde371..., userDataDir: C:\Users\Admin\AppData\Loca...}, cssSelectorsEnabled: true, databaseEnabled: false, goog:chromeOptions: {debuggerAddress: localhost:61376}, handlesAlerts: true, hasTouchScreen: false, javascriptEnabled: true, locationContextEnabled: true, mobileEmulationEnabled: false, nativeEvents: true, networkConnectionEnabled: false, pageLoadStrategy: normal, platform: XP, platformName: XP, rotatable: false, setWindowRect: true, takesHeapSnapshot: true, takesScreenshot: true, unexpectedAlertBehaviour: , unhandledPromptBehavior: , version: 72.0.3626.109, webStorageEnabled: true}
Session ID: 7aef40511af072daf7dcf6f4114fbf1a)
	at com.kms.katalon.core.keyword.internal.KeywordMain.stepFailed(KeywordMain.groovy:36)
	at com.kms.katalon.core.webui.keyword.internal.WebUIKeywordMain.stepFailed(WebUIKeywordMain.groovy:65)
	at com.kms.katalon.core.webui.keyword.internal.WebUIKeywordMain.runKeyword(WebUIKeywordMain.groovy:27)
	at com.kms.katalon.core.webui.keyword.builtin.SetTextKeyword.setText(SetTextKeyword.groovy:65)
	at com.kms.katalon.core.webui.keyword.builtin.SetTextKeyword.execute(SetTextKeyword.groovy:37)
	at com.kms.katalon.core.keyword.internal.KeywordExecutor.executeKeywordForPlatform(KeywordExecutor.groovy:53)
	at com.kms.katalon.core.webui.keyword.WebUiBuiltInKeywords.setText(WebUiBuiltInKeywords.groovy:950)
	at com.kms.katalon.core.webui.keyword.WebUiBuiltInKeywords$setText$1.call(Unknown Source)
	at EIO Internal Login - RIA Application - Approve.run(EIO Internal Login - RIA Application - Approve:40)
	at com.kms.katalon.core.main.ScriptEngine.run(ScriptEngine.java:194)
	at com.kms.katalon.core.main.ScriptEngine.runScriptAsRawText(ScriptEngine.java:119)
	at com.kms.katalon.core.main.TestCaseExecutor.runScript(TestCaseExecutor.java:328)
	at com.kms.katalon.core.main.TestCaseExecutor.doExecute(TestCaseExecutor.java:319)
	at com.kms.katalon.core.main.TestCaseExecutor.processExecutionPhase(TestCaseExecutor.java:298)
	at com.kms.katalon.core.main.TestCaseExecutor.accessMainPhase(TestCaseExecutor.java:290)
	at com.kms.katalon.core.main.TestCaseExecutor.execute(TestCaseExecutor.java:224)
	at com.kms.katalon.core.main.TestCaseMain.runTestCase(TestCaseMain.java:106)
	at com.kms.katalon.core.keyword.builtin.CallTestCaseKeyword$_callTestCase_closure1.doCall(CallTestCaseKeyword.groovy:59)
	at com.kms.katalon.core.keyword.builtin.CallTestCaseKeyword$_callTestCase_closure1.call(CallTestCaseKeyword.groovy)
	at com.kms.katalon.core.keyword.internal.KeywordMain.runKeyword(KeywordMain.groovy:54)
	at com.kms.katalon.core.keyword.builtin.CallTestCaseKeyword.callTestCase(CallTestCaseKeyword.groovy:80)
	at com.kms.katalon.core.keyword.builtin.CallTestCaseKeyword.execute(CallTestCaseKeyword.groovy:44)
	at com.kms.katalon.core.keyword.internal.KeywordExecutor.executeKeywordForPlatform(KeywordExecutor.groovy:53)
	at com.kms.katalon.core.keyword.BuiltinKeywords.callTestCase(BuiltinKeywords.groovy:334)
	at Reject Claim - DA.run(Reject Claim - DA:22)
	at com.kms.katalon.core.main.ScriptEngine.run(ScriptEngine.java:194)
	at com.kms.katalon.core.main.ScriptEngine.runScriptAsRawText(ScriptEngine.java:119)
	at com.kms.katalon.core.main.TestCaseExecutor.runScript(TestCaseExecutor.java:328)
	at com.kms.katalon.core.main.TestCaseExecutor.doExecute(TestCaseExecutor.java:319)
	at com.kms.katalon.core.main.TestCaseExecutor.processExecutionPhase(TestCaseExecutor.java:298)
	at com.kms.katalon.core.main.TestCaseExecutor.accessMainPhase(TestCaseExecutor.java:290)
	at com.kms.katalon.core.main.TestCaseExecutor.execute(TestCaseExecutor.java:224)
	at com.kms.katalon.core.main.TestSuiteExecutor.accessTestCaseMainPhase(TestSuiteExecutor.java:129)
	at com.kms.katalon.core.main.TestSuiteExecutor.accessTestSuiteMainPhase(TestSuiteExecutor.java:112)
	at com.kms.katalon.core.main.TestSuiteExecutor.execute(TestSuiteExecutor.java:81)
	at com.kms.katalon.core.main.TestCaseMain.startTestSuite(TestCaseMain.java:149)
	at com.kms.katalon.core.main.TestCaseMain$startTestSuite$0.call(Unknown Source)
	at TempTestSuite1550738418733.run(TempTestSuite1550738418733.groovy:36)]]></system-out>
         <system-err><![CDATA[2019-02-21 17:17:49 - [TEST_CASE][FAILED] - Test Cases/All TC/Arranged/0. Full Flow/Reject Claim - DA: Test Cases/All TC/Arranged/0. Full Flow/Reject Claim - DA FAILED.
Reason:
com.kms.katalon.core.exception.StepFailedException: Unable to set text '660126015202' of object 'Object Repository/KinJun/3.1 RIA Application/EIO Internal Login - RIA Application - Approve/Page_PERKESO/Input IC' (Root cause: org.openqa.selenium.ElementNotVisibleException: element not interactable
  (Session info: chrome=72.0.3626.109)
  (Driver info: chromedriver=2.43.600210 (68dcf5eebde37173d4027fa8635e332711d2874a),platform=Windows NT 6.1.7601 SP1 x86_64) (WARNING: The server did not provide any stacktrace information)
Command duration or timeout: 0 milliseconds
Build info: version: '3.7.1', revision: '8a0099a', time: '2017-11-06T21:07:36.161Z'
System info: host: 'WIN7TEST02', ip: '10.20.3.72', os.name: 'Windows 7', os.arch: 'amd64', os.version: '6.1', java.version: '1.8.0_181'
Driver info: com.kms.katalon.selenium.driver.CChromeDriver
Capabilities {acceptInsecureCerts: false, acceptSslCerts: false, applicationCacheEnabled: false, browserConnectionEnabled: false, browserName: chrome, chrome: {chromedriverVersion: 2.43.600210 (68dcf5eebde371..., userDataDir: C:\Users\Admin\AppData\Loca...}, cssSelectorsEnabled: true, databaseEnabled: false, goog:chromeOptions: {debuggerAddress: localhost:61376}, handlesAlerts: true, hasTouchScreen: false, javascriptEnabled: true, locationContextEnabled: true, mobileEmulationEnabled: false, nativeEvents: true, networkConnectionEnabled: false, pageLoadStrategy: normal, platform: XP, platformName: XP, rotatable: false, setWindowRect: true, takesHeapSnapshot: true, takesScreenshot: true, unexpectedAlertBehaviour: , unhandledPromptBehavior: , version: 72.0.3626.109, webStorageEnabled: true}
Session ID: 7aef40511af072daf7dcf6f4114fbf1a)
	at com.kms.katalon.core.keyword.internal.KeywordMain.stepFailed(KeywordMain.groovy:36)
	at com.kms.katalon.core.webui.keyword.internal.WebUIKeywordMain.stepFailed(WebUIKeywordMain.groovy:65)
	at com.kms.katalon.core.webui.keyword.internal.WebUIKeywordMain.runKeyword(WebUIKeywordMain.groovy:27)
	at com.kms.katalon.core.webui.keyword.builtin.SetTextKeyword.setText(SetTextKeyword.groovy:65)
	at com.kms.katalon.core.webui.keyword.builtin.SetTextKeyword.execute(SetTextKeyword.groovy:37)
	at com.kms.katalon.core.keyword.internal.KeywordExecutor.executeKeywordForPlatform(KeywordExecutor.groovy:53)
	at com.kms.katalon.core.webui.keyword.WebUiBuiltInKeywords.setText(WebUiBuiltInKeywords.groovy:950)
	at com.kms.katalon.core.webui.keyword.WebUiBuiltInKeywords$setText$1.call(Unknown Source)
	at EIO Internal Login - RIA Application - Approve.run(EIO Internal Login - RIA Application - Approve:40)
	at com.kms.katalon.core.main.ScriptEngine.run(ScriptEngine.java:194)
	at com.kms.katalon.core.main.ScriptEngine.runScriptAsRawText(ScriptEngine.java:119)
	at com.kms.katalon.core.main.TestCaseExecutor.runScript(TestCaseExecutor.java:328)
	at com.kms.katalon.core.main.TestCaseExecutor.doExecute(TestCaseExecutor.java:319)
	at com.kms.katalon.core.main.TestCaseExecutor.processExecutionPhase(TestCaseExecutor.java:298)
	at com.kms.katalon.core.main.TestCaseExecutor.accessMainPhase(TestCaseExecutor.java:290)
	at com.kms.katalon.core.main.TestCaseExecutor.execute(TestCaseExecutor.java:224)
	at com.kms.katalon.core.main.TestCaseMain.runTestCase(TestCaseMain.java:106)
	at com.kms.katalon.core.keyword.builtin.CallTestCaseKeyword$_callTestCase_closure1.doCall(CallTestCaseKeyword.groovy:59)
	at com.kms.katalon.core.keyword.builtin.CallTestCaseKeyword$_callTestCase_closure1.call(CallTestCaseKeyword.groovy)
	at com.kms.katalon.core.keyword.internal.KeywordMain.runKeyword(KeywordMain.groovy:54)
	at com.kms.katalon.core.keyword.builtin.CallTestCaseKeyword.callTestCase(CallTestCaseKeyword.groovy:80)
	at com.kms.katalon.core.keyword.builtin.CallTestCaseKeyword.execute(CallTestCaseKeyword.groovy:44)
	at com.kms.katalon.core.keyword.internal.KeywordExecutor.executeKeywordForPlatform(KeywordExecutor.groovy:53)
	at com.kms.katalon.core.keyword.BuiltinKeywords.callTestCase(BuiltinKeywords.groovy:334)
	at Reject Claim - DA.run(Reject Claim - DA:22)
	at com.kms.katalon.core.main.ScriptEngine.run(ScriptEngine.java:194)
	at com.kms.katalon.core.main.ScriptEngine.runScriptAsRawText(ScriptEngine.java:119)
	at com.kms.katalon.core.main.TestCaseExecutor.runScript(TestCaseExecutor.java:328)
	at com.kms.katalon.core.main.TestCaseExecutor.doExecute(TestCaseExecutor.java:319)
	at com.kms.katalon.core.main.TestCaseExecutor.processExecutionPhase(TestCaseExecutor.java:298)
	at com.kms.katalon.core.main.TestCaseExecutor.accessMainPhase(TestCaseExecutor.java:290)
	at com.kms.katalon.core.main.TestCaseExecutor.execute(TestCaseExecutor.java:224)
	at com.kms.katalon.core.main.TestSuiteExecutor.accessTestCaseMainPhase(TestSuiteExecutor.java:129)
	at com.kms.katalon.core.main.TestSuiteExecutor.accessTestSuiteMainPhase(TestSuiteExecutor.java:112)
	at com.kms.katalon.core.main.TestSuiteExecutor.execute(TestSuiteExecutor.java:81)
	at com.kms.katalon.core.main.TestCaseMain.startTestSuite(TestCaseMain.java:149)
	at com.kms.katalon.core.main.TestCaseMain$startTestSuite$0.call(Unknown Source)
	at TempTestSuite1550738418733.run(TempTestSuite1550738418733.groovy:36)]]></system-err>
      </testcase>
      <testcase name="Test Cases/All TC/Arranged/0. Full Flow/Reject Application - RIA" classname="Test Cases/All TC/Arranged/0. Full Flow/Reject Application - RIA" status="FAILED">
         <failure type="FAILED" message="Test Cases/All TC/Arranged/0. Full Flow/Reject Application - RIA FAILED.
Reason:
com.kms.katalon.core.exception.StepFailedException: Unable to click on object 'Object Repository/KinJun/3.1 RIA Application/EIO Internal Login - RIA Application - Reject/Page_PERKESO/Log Out' (Root cause: com.kms.katalon.core.webui.exception.WebElementNotFoundException: Web element with id: 'Object Repository/KinJun/3.1 RIA Application/EIO Internal Login - RIA Application - Reject/Page_PERKESO/Log Out' located by 'By.xpath: //a[@href = 'javascript:logoutFormSubmit()' and (text() = 'Log Out' or . = 'Log Out')]' not found)
	at com.kms.katalon.core.keyword.internal.KeywordMain.stepFailed(KeywordMain.groovy:36)
	at com.kms.katalon.core.webui.keyword.internal.WebUIKeywordMain.stepFailed(WebUIKeywordMain.groovy:65)
	at com.kms.katalon.core.webui.keyword.internal.WebUIKeywordMain.runKeyword(WebUIKeywordMain.groovy:27)
	at com.kms.katalon.core.webui.keyword.builtin.ClickKeyword.click(ClickKeyword.groovy:86)
	at com.kms.katalon.core.webui.keyword.builtin.ClickKeyword.execute(ClickKeyword.groovy:67)
	at com.kms.katalon.core.keyword.internal.KeywordExecutor.executeKeywordForPlatform(KeywordExecutor.groovy:53)
	at com.kms.katalon.core.webui.keyword.WebUiBuiltInKeywords.click(WebUiBuiltInKeywords.groovy:616)
	at com.kms.katalon.core.webui.keyword.WebUiBuiltInKeywords$click$3.call(Unknown Source)
	at EIO Internal Login - RIA Application - Reject.run(EIO Internal Login - RIA Application - Reject:91)
	at com.kms.katalon.core.main.ScriptEngine.run(ScriptEngine.java:194)
	at com.kms.katalon.core.main.ScriptEngine.runScriptAsRawText(ScriptEngine.java:119)
	at com.kms.katalon.core.main.TestCaseExecutor.runScript(TestCaseExecutor.java:328)
	at com.kms.katalon.core.main.TestCaseExecutor.doExecute(TestCaseExecutor.java:319)
	at com.kms.katalon.core.main.TestCaseExecutor.processExecutionPhase(TestCaseExecutor.java:298)
	at com.kms.katalon.core.main.TestCaseExecutor.accessMainPhase(TestCaseExecutor.java:290)
	at com.kms.katalon.core.main.TestCaseExecutor.execute(TestCaseExecutor.java:224)
	at com.kms.katalon.core.main.TestCaseMain.runTestCase(TestCaseMain.java:106)
	at com.kms.katalon.core.keyword.builtin.CallTestCaseKeyword$_callTestCase_closure1.doCall(CallTestCaseKeyword.groovy:59)
	at com.kms.katalon.core.keyword.builtin.CallTestCaseKeyword$_callTestCase_closure1.call(CallTestCaseKeyword.groovy)
	at com.kms.katalon.core.keyword.internal.KeywordMain.runKeyword(KeywordMain.groovy:54)
	at com.kms.katalon.core.keyword.builtin.CallTestCaseKeyword.callTestCase(CallTestCaseKeyword.groovy:80)
	at com.kms.katalon.core.keyword.builtin.CallTestCaseKeyword.execute(CallTestCaseKeyword.groovy:44)
	at com.kms.katalon.core.keyword.internal.KeywordExecutor.executeKeywordForPlatform(KeywordExecutor.groovy:53)
	at com.kms.katalon.core.keyword.BuiltinKeywords.callTestCase(BuiltinKeywords.groovy:334)
	at Reject Application - RIA.run(Reject Application - RIA:22)
	at com.kms.katalon.core.main.ScriptEngine.run(ScriptEngine.java:194)
	at com.kms.katalon.core.main.ScriptEngine.runScriptAsRawText(ScriptEngine.java:119)
	at com.kms.katalon.core.main.TestCaseExecutor.runScript(TestCaseExecutor.java:328)
	at com.kms.katalon.core.main.TestCaseExecutor.doExecute(TestCaseExecutor.java:319)
	at com.kms.katalon.core.main.TestCaseExecutor.processExecutionPhase(TestCaseExecutor.java:298)
	at com.kms.katalon.core.main.TestCaseExecutor.accessMainPhase(TestCaseExecutor.java:290)
	at com.kms.katalon.core.main.TestCaseExecutor.execute(TestCaseExecutor.java:224)
	at com.kms.katalon.core.main.TestSuiteExecutor.accessTestCaseMainPhase(TestSuiteExecutor.java:129)
	at com.kms.katalon.core.main.TestSuiteExecutor.accessTestSuiteMainPhase(TestSuiteExecutor.java:112)
	at com.kms.katalon.core.main.TestSuiteExecutor.execute(TestSuiteExecutor.java:81)
	at com.kms.katalon.core.main.TestCaseMain.startTestSuite(TestCaseMain.java:149)
	at com.kms.katalon.core.main.TestCaseMain$startTestSuite$0.call(Unknown Source)
	at TempTestSuite1550738418733.run(TempTestSuite1550738418733.groovy:36)
"/>
         <system-out><![CDATA[2019-02-21 17:24:22 - [TEST_CASE][FAILED] - Test Cases/All TC/Arranged/0. Full Flow/Reject Application - RIA: Test Cases/All TC/Arranged/0. Full Flow/Reject Application - RIA FAILED.
Reason:
com.kms.katalon.core.exception.StepFailedException: Unable to click on object 'Object Repository/KinJun/3.1 RIA Application/EIO Internal Login - RIA Application - Reject/Page_PERKESO/Log Out' (Root cause: com.kms.katalon.core.webui.exception.WebElementNotFoundException: Web element with id: 'Object Repository/KinJun/3.1 RIA Application/EIO Internal Login - RIA Application - Reject/Page_PERKESO/Log Out' located by 'By.xpath: //a[@href = 'javascript:logoutFormSubmit()' and (text() = 'Log Out' or . = 'Log Out')]' not found)
	at com.kms.katalon.core.keyword.internal.KeywordMain.stepFailed(KeywordMain.groovy:36)
	at com.kms.katalon.core.webui.keyword.internal.WebUIKeywordMain.stepFailed(WebUIKeywordMain.groovy:65)
	at com.kms.katalon.core.webui.keyword.internal.WebUIKeywordMain.runKeyword(WebUIKeywordMain.groovy:27)
	at com.kms.katalon.core.webui.keyword.builtin.ClickKeyword.click(ClickKeyword.groovy:86)
	at com.kms.katalon.core.webui.keyword.builtin.ClickKeyword.execute(ClickKeyword.groovy:67)
	at com.kms.katalon.core.keyword.internal.KeywordExecutor.executeKeywordForPlatform(KeywordExecutor.groovy:53)
	at com.kms.katalon.core.webui.keyword.WebUiBuiltInKeywords.click(WebUiBuiltInKeywords.groovy:616)
	at com.kms.katalon.core.webui.keyword.WebUiBuiltInKeywords$click$3.call(Unknown Source)
	at EIO Internal Login - RIA Application - Reject.run(EIO Internal Login - RIA Application - Reject:91)
	at com.kms.katalon.core.main.ScriptEngine.run(ScriptEngine.java:194)
	at com.kms.katalon.core.main.ScriptEngine.runScriptAsRawText(ScriptEngine.java:119)
	at com.kms.katalon.core.main.TestCaseExecutor.runScript(TestCaseExecutor.java:328)
	at com.kms.katalon.core.main.TestCaseExecutor.doExecute(TestCaseExecutor.java:319)
	at com.kms.katalon.core.main.TestCaseExecutor.processExecutionPhase(TestCaseExecutor.java:298)
	at com.kms.katalon.core.main.TestCaseExecutor.accessMainPhase(TestCaseExecutor.java:290)
	at com.kms.katalon.core.main.TestCaseExecutor.execute(TestCaseExecutor.java:224)
	at com.kms.katalon.core.main.TestCaseMain.runTestCase(TestCaseMain.java:106)
	at com.kms.katalon.core.keyword.builtin.CallTestCaseKeyword$_callTestCase_closure1.doCall(CallTestCaseKeyword.groovy:59)
	at com.kms.katalon.core.keyword.builtin.CallTestCaseKeyword$_callTestCase_closure1.call(CallTestCaseKeyword.groovy)
	at com.kms.katalon.core.keyword.internal.KeywordMain.runKeyword(KeywordMain.groovy:54)
	at com.kms.katalon.core.keyword.builtin.CallTestCaseKeyword.callTestCase(CallTestCaseKeyword.groovy:80)
	at com.kms.katalon.core.keyword.builtin.CallTestCaseKeyword.execute(CallTestCaseKeyword.groovy:44)
	at com.kms.katalon.core.keyword.internal.KeywordExecutor.executeKeywordForPlatform(KeywordExecutor.groovy:53)
	at com.kms.katalon.core.keyword.BuiltinKeywords.callTestCase(BuiltinKeywords.groovy:334)
	at Reject Application - RIA.run(Reject Application - RIA:22)
	at com.kms.katalon.core.main.ScriptEngine.run(ScriptEngine.java:194)
	at com.kms.katalon.core.main.ScriptEngine.runScriptAsRawText(ScriptEngine.java:119)
	at com.kms.katalon.core.main.TestCaseExecutor.runScript(TestCaseExecutor.java:328)
	at com.kms.katalon.core.main.TestCaseExecutor.doExecute(TestCaseExecutor.java:319)
	at com.kms.katalon.core.main.TestCaseExecutor.processExecutionPhase(TestCaseExecutor.java:298)
	at com.kms.katalon.core.main.TestCaseExecutor.accessMainPhase(TestCaseExecutor.java:290)
	at com.kms.katalon.core.main.TestCaseExecutor.execute(TestCaseExecutor.java:224)
	at com.kms.katalon.core.main.TestSuiteExecutor.accessTestCaseMainPhase(TestSuiteExecutor.java:129)
	at com.kms.katalon.core.main.TestSuiteExecutor.accessTestSuiteMainPhase(TestSuiteExecutor.java:112)
	at com.kms.katalon.core.main.TestSuiteExecutor.execute(TestSuiteExecutor.java:81)
	at com.kms.katalon.core.main.TestCaseMain.startTestSuite(TestCaseMain.java:149)
	at com.kms.katalon.core.main.TestCaseMain$startTestSuite$0.call(Unknown Source)
	at TempTestSuite1550738418733.run(TempTestSuite1550738418733.groovy:36)


2019-02-21 17:24:22 - [TEST_STEP][PASSED] - callTestCase(findTestCase("All TC/Arranged/2. Segment/OTC_Submit Form 7_End to End - EFT"), [:], STOP_ON_FAILURE): Call Test Case 'Test Cases/All TC/Arranged/2. Segment/OTC_Submit Form 7_End to End - EFT' successfully

2019-02-21 17:24:22 - [TEST_CASE][PASSED] - Test Cases/All TC/Arranged/2. Segment/OTC_Submit Form 7_End to End - EFT: Test Cases/All TC/Arranged/2. Segment/OTC_Submit Form 7_End to End - EFT

2019-02-21 17:24:22 - [TEST_STEP][PASSED] - callTestCase(findTestCase("All TC/Arranged/3. Unit/EI/Form 7_default/OTC_Application_Reg"), [:], STOP_ON_FAILURE): Call Test Case 'Test Cases/All TC/Arranged/3. Unit/EI/Form 7_default/OTC_Application_Reg' successfully

2019-02-21 17:24:22 - [TEST_CASE][PASSED] - Test Cases/All TC/Arranged/3. Unit/EI/Form 7_default/OTC_Application_Reg: Test Cases/All TC/Arranged/3. Unit/EI/Form 7_default/OTC_Application_Reg

2019-02-21 17:24:22 - [TEST_STEP][PASSED] - openBrowser(""): Browser is opened with url: ''

2019-02-21 17:24:22 - [MESSAGE][WARNING] - A browser is already opened. Closing browser and opening a new one

2019-02-21 17:24:23 - [MESSAGE][INFO] - Starting 'Chrome' driver

2019-02-21 17:24:23 - [MESSAGE][INFO] - User set preference: ['args', '[--start-maximized]']

2019-02-21 17:24:25 - [MESSAGE][PASSED] - Browser is opened with url: ''

2019-02-21 17:24:25 - [TEST_STEP][PASSED] - navigateToUrl(Internal_Login): Navigate to 'http://10.20.24.188/eisportal/user/login' successfully

2019-02-21 17:24:25 - [MESSAGE][PASSED] - Navigate to 'http://10.20.24.188/eisportal/user/login' successfully

2019-02-21 17:24:25 - [TEST_STEP][PASSED] - delay(3): Delayed 3 second(s)

2019-02-21 17:24:28 - [MESSAGE][PASSED] - Delayed 3 second(s)

2019-02-21 17:24:28 - [TEST_STEP][PASSED] - setText(findTestObject("KeatMun/Form 7_default/OTC_Application_Reg/Page_PERKESO/1.username"), "faizal.hamid@perkeso.gov.my"): Text 'faizal.hamid@perkeso.gov.my' is set on object 'Object Repository/KeatMun/Form 7_default/OTC_Application_Reg/Page_PERKESO/1.username'

2019-02-21 17:24:29 - [MESSAGE][PASSED] - Text 'faizal.hamid@perkeso.gov.my' is set on object 'Object Repository/KeatMun/Form 7_default/OTC_Application_Reg/Page_PERKESO/1.username'

2019-02-21 17:24:29 - [TEST_STEP][PASSED] - delay(1): Delayed 1 second(s)

2019-02-21 17:24:30 - [MESSAGE][PASSED] - Delayed 1 second(s)

2019-02-21 17:24:30 - [TEST_STEP][PASSED] - setEncryptedText(findTestObject("KeatMun/Form 7_default/OTC_Application_Reg/Page_PERKESO/2.password"), "CQqwFZlbeC8="): Text ****** has been set on object 'Object Repository/KeatMun/Form 7_default/OTC_Application_Reg/Page_PERKESO/2.password'

2019-02-21 17:24:30 - [MESSAGE][PASSED] - Text ****** has been set on object 'Object Repository/KeatMun/Form 7_default/OTC_Application_Reg/Page_PERKESO/2.password'

2019-02-21 17:24:30 - [TEST_STEP][PASSED] - delay(2): Delayed 2 second(s)

2019-02-21 17:24:32 - [MESSAGE][PASSED] - Delayed 2 second(s)

2019-02-21 17:24:32 - [TEST_STEP][PASSED] - click(findTestObject("KeatMun/Form 7_default/OTC_Application_Reg/Page_PERKESO/3.login button")): Object: 'Object Repository/KeatMun/Form 7_default/OTC_Application_Reg/Page_PERKESO/3.login button' is clicked on

2019-02-21 17:24:33 - [MESSAGE][PASSED] - Object: 'Object Repository/KeatMun/Form 7_default/OTC_Application_Reg/Page_PERKESO/3.login button' is clicked on

2019-02-21 17:24:33 - [TEST_STEP][PASSED] - delay(2): Delayed 2 second(s)

2019-02-21 17:24:35 - [MESSAGE][PASSED] - Delayed 2 second(s)

2019-02-21 17:24:35 - [TEST_STEP][PASSED] - click(findTestObject("KeatMun/Form 7_default/OTC_Application_Reg/Page_PERKESO/4. Permohonan tab")): Object: 'Object Repository/KeatMun/Form 7_default/OTC_Application_Reg/Page_PERKESO/4. Permohonan tab' is clicked on

2019-02-21 17:24:36 - [MESSAGE][PASSED] - Object: 'Object Repository/KeatMun/Form 7_default/OTC_Application_Reg/Page_PERKESO/4. Permohonan tab' is clicked on

2019-02-21 17:24:36 - [TEST_STEP][PASSED] - delay(2): Delayed 2 second(s)

2019-02-21 17:24:38 - [MESSAGE][PASSED] - Delayed 2 second(s)

2019-02-21 17:24:38 - [TEST_STEP][PASSED] - click(findTestObject("KeatMun/Form 7_default/OTC_Application_Reg/Page_PERKESO/5.button_Setuju")): Object: 'Object Repository/KeatMun/Form 7_default/OTC_Application_Reg/Page_PERKESO/5.button_Setuju' is clicked on

2019-02-21 17:24:38 - [MESSAGE][PASSED] - Object: 'Object Repository/KeatMun/Form 7_default/OTC_Application_Reg/Page_PERKESO/5.button_Setuju' is clicked on

2019-02-21 17:24:38 - [TEST_STEP][PASSED] - delay(2): Delayed 2 second(s)

2019-02-21 17:24:40 - [MESSAGE][PASSED] - Delayed 2 second(s)

2019-02-21 17:24:40 - [TEST_STEP][PASSED] - callTestCase(findTestCase("All TC/Arranged/1. Common/IC List Checker"), [:], STOP_ON_FAILURE): Call Test Case 'Test Cases/All TC/Arranged/1. Common/IC List Checker' successfully

2019-02-21 17:24:40 - [TEST_CASE][PASSED] - Test Cases/All TC/Arranged/1. Common/IC List Checker: Test Cases/All TC/Arranged/1. Common/IC List Checker

2019-02-21 17:24:40 - [TEST_STEP][PASSED] - counter = 0: null

2019-02-21 17:24:40 - [TEST_STEP][PASSED] - fis = new java.io.FileInputStream((internal.GlobalVariable.TextFilePathCommon + \IC.xlsx)): null

2019-02-21 17:24:40 - [TEST_STEP][PASSED] - workbook = new org.apache.poi.xssf.usermodel.XSSFWorkbook(fis): null

2019-02-21 17:24:41 - [TEST_STEP][PASSED] - sheet = workbook.getSheet("Sheet1"): null

2019-02-21 17:24:41 - [TEST_STEP][PASSED] - totalRow = sheet.getLastRowNum(): null

2019-02-21 17:24:41 - [TEST_STEP][PASSED] - out.println(totalRow): null

2019-02-21 17:24:41 - [TEST_STEP][PASSED] - row = sheet.getRow(counter): null

2019-02-21 17:24:41 - [TEST_STEP][PASSED] - cell = row.getCell(counter): null

2019-02-21 17:24:41 - [TEST_STEP][PASSED] - a = cell.getStringCellValue(): null

2019-02-21 17:24:41 - [TEST_STEP][PASSED] - IC = a: null

2019-02-21 17:24:41 - [TEST_STEP][PASSED] - out.println(IC): null

2019-02-21 17:24:41 - [TEST_STEP][PASSED] - callTestCase(findTestCase("All TC/Arranged/1. Common/1.2 Setter/Setter IC"), [:], STOP_ON_FAILURE): Call Test Case 'Test Cases/All TC/Arranged/1. Common/1.2 Setter/Setter IC' successfully

2019-02-21 17:24:41 - [TEST_CASE][PASSED] - Test Cases/All TC/Arranged/1. Common/1.2 Setter/Setter IC: Test Cases/All TC/Arranged/1. Common/1.2 Setter/Setter IC

2019-02-21 17:24:41 - [TEST_STEP][PASSED] - RefNoOldFile = new java.io.File((internal.GlobalVariable.TextFilePathCommon + \getIC.txt)): null

2019-02-21 17:24:41 - [TEST_STEP][PASSED] - RefNoOldFile.delete(): null

2019-02-21 17:24:41 - [TEST_STEP][PASSED] - delay(5): Delayed 5 second(s)

2019-02-21 17:24:46 - [MESSAGE][PASSED] - Delayed 5 second(s)

2019-02-21 17:24:46 - [TEST_STEP][PASSED] - RefNo = new java.io.File((internal.GlobalVariable.TextFilePathCommon + \getIC.txt)): null

2019-02-21 17:24:46 - [TEST_STEP][PASSED] - f2 = new java.io.FileWriter(RefNo, false): null

2019-02-21 17:24:46 - [TEST_STEP][PASSED] - f2.write(IC): null

2019-02-21 17:24:46 - [TEST_STEP][PASSED] - f2.close(): null

2019-02-21 17:24:46 - [TEST_STEP][PASSED] - out.println("


" + IC + "


"): null

2019-02-21 17:24:46 - [MESSAGE][PASSED] - Call Test Case 'Test Cases/All TC/Arranged/1. Common/1.2 Setter/Setter IC' successfully

2019-02-21 17:24:46 - [MESSAGE][PASSED] - Call Test Case 'Test Cases/All TC/Arranged/1. Common/IC List Checker' successfully

2019-02-21 17:24:46 - [TEST_STEP][PASSED] - setText(findTestObject("KeatMun/Form 7_default/OTC_Application_Reg/Page_PERKESO/6.No. Kad Pengenalan"), IC): Text '711225105227' is set on object 'Object Repository/KeatMun/Form 7_default/OTC_Application_Reg/Page_PERKESO/6.No. Kad Pengenalan'

2019-02-21 17:24:46 - [MESSAGE][PASSED] - Text '711225105227' is set on object 'Object Repository/KeatMun/Form 7_default/OTC_Application_Reg/Page_PERKESO/6.No. Kad Pengenalan'

2019-02-21 17:24:46 - [TEST_STEP][PASSED] - delay(2): Delayed 2 second(s)

2019-02-21 17:24:48 - [MESSAGE][PASSED] - Delayed 2 second(s)

2019-02-21 17:24:48 - [TEST_STEP][PASSED] - click(findTestObject("KeatMun/Form 7_default/OTC_Application_Reg/Page_PERKESO/7.button_Semak")): Object: 'Object Repository/KeatMun/Form 7_default/OTC_Application_Reg/Page_PERKESO/7.button_Semak' is clicked on

2019-02-21 17:24:48 - [MESSAGE][PASSED] - Object: 'Object Repository/KeatMun/Form 7_default/OTC_Application_Reg/Page_PERKESO/7.button_Semak' is clicked on

2019-02-21 17:24:48 - [TEST_STEP][PASSED] - delay(4): Delayed 4 second(s)

2019-02-21 17:24:52 - [MESSAGE][PASSED] - Delayed 4 second(s)

2019-02-21 17:24:52 - [TEST_STEP][PASSED] - click(findTestObject("KeatMun/Form 7_default/OTC_Application_Reg/Page_PERKESO/8. Nama Majikan Dropdown")): Object: 'Object Repository/KeatMun/Form 7_default/OTC_Application_Reg/Page_PERKESO/8. Nama Majikan Dropdown' is clicked on

2019-02-21 17:24:53 - [MESSAGE][PASSED] - Object: 'Object Repository/KeatMun/Form 7_default/OTC_Application_Reg/Page_PERKESO/8. Nama Majikan Dropdown' is clicked on

2019-02-21 17:24:53 - [TEST_STEP][PASSED] - setText(findTestObject("KeatMun/Form 7_default/OTC_Application_Reg/Page_PERKESO/8. LOE emp"), "pet"): Text 'pet' is set on object 'Object Repository/KeatMun/Form 7_default/OTC_Application_Reg/Page_PERKESO/8. LOE emp'

2019-02-21 17:24:53 - [MESSAGE][PASSED] - Text 'pet' is set on object 'Object Repository/KeatMun/Form 7_default/OTC_Application_Reg/Page_PERKESO/8. LOE emp'

2019-02-21 17:24:53 - [TEST_STEP][PASSED] - click(findTestObject("KeatMun/Form 7_default/OTC_Application_Reg/Page_PERKESO/8. PETRONAS")): Object: 'Object Repository/KeatMun/Form 7_default/OTC_Application_Reg/Page_PERKESO/8. PETRONAS' is clicked on

2019-02-21 17:24:53 - [MESSAGE][PASSED] - Object: 'Object Repository/KeatMun/Form 7_default/OTC_Application_Reg/Page_PERKESO/8. PETRONAS' is clicked on

2019-02-21 17:24:53 - [TEST_STEP][PASSED] - delay(2): Delayed 2 second(s)

2019-02-21 17:24:55 - [MESSAGE][PASSED] - Delayed 2 second(s)

2019-02-21 17:24:55 - [TEST_STEP][PASSED] - TodayDate = new java.util.Date(): null

2019-02-21 17:24:55 - [TEST_STEP][PASSED] - CurrentDateNoFilter = new java.text.SimpleDateFormat(): null

2019-02-21 17:24:55 - [TEST_STEP][PASSED] - CurrentDateNoFilter.applyPattern("dd/MM/yyyy"): null

2019-02-21 17:24:55 - [TEST_STEP][PASSED] - CurrentDate = CurrentDateNoFilter.format(TodayDate): null

2019-02-21 17:24:55 - [TEST_STEP][PASSED] - out.println(CurrentDate): null

2019-02-21 17:24:55 - [TEST_STEP][PASSED] - date = CurrentDate: null

2019-02-21 17:24:55 - [TEST_STEP][PASSED] - setText(findTestObject("KeatMun/Form 7_default/OTC_Application_Reg/Page_PERKESO/9.Tarikh kehilangan pkj"), date): Text '21/02/2019' is set on object 'Object Repository/KeatMun/Form 7_default/OTC_Application_Reg/Page_PERKESO/9.Tarikh kehilangan pkj'

2019-02-21 17:24:55 - [MESSAGE][PASSED] - Text '21/02/2019' is set on object 'Object Repository/KeatMun/Form 7_default/OTC_Application_Reg/Page_PERKESO/9.Tarikh kehilangan pkj'

2019-02-21 17:24:55 - [TEST_STEP][PASSED] - delay(2): Delayed 2 second(s)

2019-02-21 17:24:57 - [MESSAGE][PASSED] - Delayed 2 second(s)

2019-02-21 17:24:57 - [TEST_STEP][PASSED] - click(findTestObject("KeatMun/Form 7_default/OTC_Application_Reg/Page_PERKESO/9. Date Picker Done Button ")): Object: 'Object Repository/KeatMun/Form 7_default/OTC_Application_Reg/Page_PERKESO/9. Date Picker Done Button ' is clicked on

2019-02-21 17:24:57 - [MESSAGE][PASSED] - Object: 'Object Repository/KeatMun/Form 7_default/OTC_Application_Reg/Page_PERKESO/9. Date Picker Done Button ' is clicked on

2019-02-21 17:24:57 - [TEST_STEP][PASSED] - delay(2): Delayed 2 second(s)

2019-02-21 17:24:59 - [MESSAGE][PASSED] - Delayed 2 second(s)

2019-02-21 17:24:59 - [TEST_STEP][PASSED] - click(findTestObject("KeatMun/Form 7_default/OTC_Application_Reg/Page_PERKESO/10.button_Mohon")): Object: 'Object Repository/KeatMun/Form 7_default/OTC_Application_Reg/Page_PERKESO/10.button_Mohon' is clicked on

2019-02-21 17:25:00 - [MESSAGE][PASSED] - Object: 'Object Repository/KeatMun/Form 7_default/OTC_Application_Reg/Page_PERKESO/10.button_Mohon' is clicked on

2019-02-21 17:25:00 - [TEST_STEP][PASSED] - delay(2): Delayed 2 second(s)

2019-02-21 17:25:02 - [MESSAGE][PASSED] - Delayed 2 second(s)

2019-02-21 17:25:02 - [TEST_STEP][PASSED] - setText(findTestObject("KeatMun/Form 7_default/OTC_Application_Reg/Page_PERKESO/11.Tarikh Terima_stampedDtS"), "10/01/2019"): Text '10/01/2019' is set on object 'Object Repository/KeatMun/Form 7_default/OTC_Application_Reg/Page_PERKESO/11.Tarikh Terima_stampedDtS'

2019-02-21 17:25:02 - [MESSAGE][PASSED] - Text '10/01/2019' is set on object 'Object Repository/KeatMun/Form 7_default/OTC_Application_Reg/Page_PERKESO/11.Tarikh Terima_stampedDtS'

2019-02-21 17:25:02 - [TEST_STEP][PASSED] - delay(2): Delayed 2 second(s)

2019-02-21 17:25:04 - [MESSAGE][PASSED] - Delayed 2 second(s)

2019-02-21 17:25:04 - [TEST_STEP][PASSED] - click(findTestObject("KeatMun/Form 7_default/OTC_Application_Reg/Page_PERKESO/11. Date Picker Done Button")): Object: 'Object Repository/KeatMun/Form 7_default/OTC_Application_Reg/Page_PERKESO/11. Date Picker Done Button' is clicked on

2019-02-21 17:25:04 - [MESSAGE][PASSED] - Object: 'Object Repository/KeatMun/Form 7_default/OTC_Application_Reg/Page_PERKESO/11. Date Picker Done Button' is clicked on

2019-02-21 17:25:04 - [TEST_STEP][PASSED] - delay(2): Delayed 2 second(s)

2019-02-21 17:25:06 - [MESSAGE][PASSED] - Delayed 2 second(s)

2019-02-21 17:25:06 - [TEST_STEP][PASSED] - click(findTestObject("KeatMun/Form 7_default/OTC_Application_Reg/Page_PERKESO/11.button_TERUSKAN")): Object: 'Object Repository/KeatMun/Form 7_default/OTC_Application_Reg/Page_PERKESO/11.button_TERUSKAN' is clicked on

2019-02-21 17:25:06 - [MESSAGE][PASSED] - Object: 'Object Repository/KeatMun/Form 7_default/OTC_Application_Reg/Page_PERKESO/11.button_TERUSKAN' is clicked on

2019-02-21 17:25:06 - [TEST_STEP][PASSED] - delay(2): Delayed 2 second(s)

2019-02-21 17:25:08 - [MESSAGE][PASSED] - Delayed 2 second(s)

2019-02-21 17:25:08 - [TEST_STEP][PASSED] - selectOptionByValue(findTestObject("KeatMun/Form 7_default/OTC_Application_Reg/Page_PERKESO/12.--Sila Pilih--PejabatPKS"), "22", true): All options with value '22' are selected in object 'Object Repository/KeatMun/Form 7_default/OTC_Application_Reg/Page_PERKESO/12.--Sila Pilih--PejabatPKS'  using regular expression

2019-02-21 17:25:09 - [MESSAGE][PASSED] - All options with value '22' are selected in object 'Object Repository/KeatMun/Form 7_default/OTC_Application_Reg/Page_PERKESO/12.--Sila Pilih--PejabatPKS'  using regular expression

2019-02-21 17:25:09 - [TEST_STEP][PASSED] - delay(2): Delayed 2 second(s)

2019-02-21 17:25:11 - [MESSAGE][PASSED] - Delayed 2 second(s)

2019-02-21 17:25:11 - [TEST_STEP][PASSED] - click(findTestObject("KeatMun/Form 7_default/OTC_Application_Reg/Page_PERKESO/13. Halaman Seterusnya")): Object: 'Object Repository/KeatMun/Form 7_default/OTC_Application_Reg/Page_PERKESO/13. Halaman Seterusnya' is clicked on

2019-02-21 17:25:11 - [MESSAGE][PASSED] - Object: 'Object Repository/KeatMun/Form 7_default/OTC_Application_Reg/Page_PERKESO/13. Halaman Seterusnya' is clicked on

2019-02-21 17:25:11 - [MESSAGE][PASSED] - Call Test Case 'Test Cases/All TC/Arranged/3. Unit/EI/Form 7_default/OTC_Application_Reg' successfully

2019-02-21 17:25:11 - [TEST_STEP][PASSED] - callTestCase(findTestCase("All TC/Arranged/3. Unit/EI/Form 7_default/OTC_Submit Form 7_Section A"), [:], STOP_ON_FAILURE): Call Test Case 'Test Cases/All TC/Arranged/3. Unit/EI/Form 7_default/OTC_Submit Form 7_Section A' successfully

2019-02-21 17:25:12 - [TEST_CASE][PASSED] - Test Cases/All TC/Arranged/3. Unit/EI/Form 7_default/OTC_Submit Form 7_Section A: Test Cases/All TC/Arranged/3. Unit/EI/Form 7_default/OTC_Submit Form 7_Section A

2019-02-21 17:25:12 - [TEST_STEP][PASSED] - delay(2): Delayed 2 second(s)

2019-02-21 17:25:14 - [MESSAGE][PASSED] - Delayed 2 second(s)

2019-02-21 17:25:14 - [TEST_STEP][PASSED] - setText(findTestObject("KeatMun/Form 7_default/OTC_Submit Form 7_Section A/Page_PERKESO/A4. EmployeeDob"), "10/01/2019"): Text '10/01/2019' is set on object 'Object Repository/KeatMun/Form 7_default/OTC_Submit Form 7_Section A/Page_PERKESO/A4. EmployeeDob'

2019-02-21 17:25:14 - [MESSAGE][PASSED] - Text '10/01/2019' is set on object 'Object Repository/KeatMun/Form 7_default/OTC_Submit Form 7_Section A/Page_PERKESO/A4. EmployeeDob'

2019-02-21 17:25:14 - [TEST_STEP][PASSED] - delay(2): Delayed 2 second(s)

2019-02-21 17:25:16 - [MESSAGE][PASSED] - Delayed 2 second(s)

2019-02-21 17:25:16 - [TEST_STEP][PASSED] - click(findTestObject("KeatMun/Form 7_default/OTC_Submit Form 7_Section A/Page_PERKESO/A5. Bangsa")): Object: 'Object Repository/KeatMun/Form 7_default/OTC_Submit Form 7_Section A/Page_PERKESO/A5. Bangsa' is clicked on

2019-02-21 17:25:16 - [MESSAGE][PASSED] - Object: 'Object Repository/KeatMun/Form 7_default/OTC_Submit Form 7_Section A/Page_PERKESO/A5. Bangsa' is clicked on

2019-02-21 17:25:16 - [TEST_STEP][PASSED] - click(findTestObject("KeatMun/Form 7_default/OTC_Submit Form 7_Section A/Page_PERKESO/A5. Bumiputera Sabah")): Object: 'Object Repository/KeatMun/Form 7_default/OTC_Submit Form 7_Section A/Page_PERKESO/A5. Bumiputera Sabah' is clicked on

2019-02-21 17:25:16 - [MESSAGE][PASSED] - Object: 'Object Repository/KeatMun/Form 7_default/OTC_Submit Form 7_Section A/Page_PERKESO/A5. Bumiputera Sabah' is clicked on

2019-02-21 17:25:16 - [TEST_STEP][PASSED] - delay(2): Delayed 2 second(s)

2019-02-21 17:25:18 - [MESSAGE][PASSED] - Delayed 2 second(s)

2019-02-21 17:25:18 - [TEST_STEP][PASSED] - click(findTestObject("KeatMun/Form 7_default/OTC_Submit Form 7_Section A/Page_PERKESO/A6. Jantina")): Object: 'Object Repository/KeatMun/Form 7_default/OTC_Submit Form 7_Section A/Page_PERKESO/A6. Jantina' is clicked on

2019-02-21 17:25:18 - [MESSAGE][PASSED] - Object: 'Object Repository/KeatMun/Form 7_default/OTC_Submit Form 7_Section A/Page_PERKESO/A6. Jantina' is clicked on

2019-02-21 17:25:18 - [TEST_STEP][PASSED] - click(findTestObject("KeatMun/Form 7_default/OTC_Submit Form 7_Section A/Page_PERKESO/A6. Lelaki")): Object: 'Object Repository/KeatMun/Form 7_default/OTC_Submit Form 7_Section A/Page_PERKESO/A6. Lelaki' is clicked on

2019-02-21 17:25:19 - [MESSAGE][PASSED] - Object: 'Object Repository/KeatMun/Form 7_default/OTC_Submit Form 7_Section A/Page_PERKESO/A6. Lelaki' is clicked on

2019-02-21 17:25:19 - [TEST_STEP][PASSED] - delay(2): Delayed 2 second(s)

2019-02-21 17:25:21 - [MESSAGE][PASSED] - Delayed 2 second(s)

2019-02-21 17:25:21 - [TEST_STEP][PASSED] - click(findTestObject("KeatMun/Form 7_default/OTC_Submit Form 7_Section A/Page_PERKESO/A7. Kewarganegaraan")): Object: 'Object Repository/KeatMun/Form 7_default/OTC_Submit Form 7_Section A/Page_PERKESO/A7. Kewarganegaraan' is clicked on

2019-02-21 17:25:21 - [MESSAGE][PASSED] - Object: 'Object Repository/KeatMun/Form 7_default/OTC_Submit Form 7_Section A/Page_PERKESO/A7. Kewarganegaraan' is clicked on

2019-02-21 17:25:21 - [TEST_STEP][PASSED] - click(findTestObject("KeatMun/Form 7_default/OTC_Submit Form 7_Section A/Page_PERKESO/A7. Malaysia")): Object: 'Object Repository/KeatMun/Form 7_default/OTC_Submit Form 7_Section A/Page_PERKESO/A7. Malaysia' is clicked on

2019-02-21 17:25:21 - [MESSAGE][PASSED] - Object: 'Object Repository/KeatMun/Form 7_default/OTC_Submit Form 7_Section A/Page_PERKESO/A7. Malaysia' is clicked on

2019-02-21 17:25:21 - [TEST_STEP][PASSED] - delay(2): Delayed 2 second(s)

2019-02-21 17:25:23 - [MESSAGE][PASSED] - Delayed 2 second(s)

2019-02-21 17:25:23 - [TEST_STEP][PASSED] - click(findTestObject("KeatMun/Form 7_default/OTC_Submit Form 7_Section A/Page_PERKESO/A8. Status Perkahwinan")): Object: 'Object Repository/KeatMun/Form 7_default/OTC_Submit Form 7_Section A/Page_PERKESO/A8. Status Perkahwinan' is clicked on

2019-02-21 17:25:23 - [MESSAGE][PASSED] - Object: 'Object Repository/KeatMun/Form 7_default/OTC_Submit Form 7_Section A/Page_PERKESO/A8. Status Perkahwinan' is clicked on

2019-02-21 17:25:23 - [TEST_STEP][PASSED] - click(findTestObject("KeatMun/Form 7_default/OTC_Submit Form 7_Section A/Page_PERKESO/A8. Bujang")): Object: 'Object Repository/KeatMun/Form 7_default/OTC_Submit Form 7_Section A/Page_PERKESO/A8. Bujang' is clicked on

2019-02-21 17:25:23 - [MESSAGE][PASSED] - Object: 'Object Repository/KeatMun/Form 7_default/OTC_Submit Form 7_Section A/Page_PERKESO/A8. Bujang' is clicked on

2019-02-21 17:25:23 - [TEST_STEP][PASSED] - delay(2): Delayed 2 second(s)

2019-02-21 17:25:25 - [MESSAGE][PASSED] - Delayed 2 second(s)

2019-02-21 17:25:25 - [TEST_STEP][PASSED] - setText(findTestObject("KeatMun/Form 7_default/OTC_Submit Form 7_Section A/Page_PERKESO/A9. Address1"), "qwertyuiop"): Text 'qwertyuiop' is set on object 'Object Repository/KeatMun/Form 7_default/OTC_Submit Form 7_Section A/Page_PERKESO/A9. Address1'

2019-02-21 17:25:26 - [MESSAGE][PASSED] - Text 'qwertyuiop' is set on object 'Object Repository/KeatMun/Form 7_default/OTC_Submit Form 7_Section A/Page_PERKESO/A9. Address1'

2019-02-21 17:25:26 - [TEST_STEP][PASSED] - delay(2): Delayed 2 second(s)

2019-02-21 17:25:28 - [MESSAGE][PASSED] - Delayed 2 second(s)

2019-02-21 17:25:28 - [TEST_STEP][PASSED] - click(findTestObject("KeatMun/Form 7_default/OTC_Submit Form 7_Section A/Page_PERKESO/A10. Negeri")): Object: 'Object Repository/KeatMun/Form 7_default/OTC_Submit Form 7_Section A/Page_PERKESO/A10. Negeri' is clicked on

2019-02-21 17:25:28 - [MESSAGE][PASSED] - Object: 'Object Repository/KeatMun/Form 7_default/OTC_Submit Form 7_Section A/Page_PERKESO/A10. Negeri' is clicked on

2019-02-21 17:25:28 - [TEST_STEP][PASSED] - click(findTestObject("KeatMun/Form 7_default/OTC_Submit Form 7_Section A/Page_PERKESO/A10. JOHOR")): Object: 'Object Repository/KeatMun/Form 7_default/OTC_Submit Form 7_Section A/Page_PERKESO/A10. JOHOR' is clicked on

2019-02-21 17:25:28 - [MESSAGE][PASSED] - Object: 'Object Repository/KeatMun/Form 7_default/OTC_Submit Form 7_Section A/Page_PERKESO/A10. JOHOR' is clicked on

2019-02-21 17:25:28 - [TEST_STEP][PASSED] - delay(2): Delayed 2 second(s)

2019-02-21 17:25:30 - [MESSAGE][PASSED] - Delayed 2 second(s)

2019-02-21 17:25:30 - [TEST_STEP][PASSED] - click(findTestObject("KeatMun/Form 7_default/OTC_Submit Form 7_Section A/Page_PERKESO/A11. --Sila Pilih--")): Object: 'Object Repository/KeatMun/Form 7_default/OTC_Submit Form 7_Section A/Page_PERKESO/A11. --Sila Pilih--' is clicked on

2019-02-21 17:25:30 - [MESSAGE][PASSED] - Object: 'Object Repository/KeatMun/Form 7_default/OTC_Submit Form 7_Section A/Page_PERKESO/A11. --Sila Pilih--' is clicked on

2019-02-21 17:25:30 - [TEST_STEP][PASSED] - setText(findTestObject("KeatMun/Form 7_default/OTC_Submit Form 7_Section A/Page_PERKESO/A11. Done_select2-search__fie (1)"), "jo"): Text 'jo' is set on object 'Object Repository/KeatMun/Form 7_default/OTC_Submit Form 7_Section A/Page_PERKESO/A11. Done_select2-search__fie (1)'

2019-02-21 17:25:30 - [MESSAGE][PASSED] - Text 'jo' is set on object 'Object Repository/KeatMun/Form 7_default/OTC_Submit Form 7_Section A/Page_PERKESO/A11. Done_select2-search__fie (1)'

2019-02-21 17:25:30 - [TEST_STEP][PASSED] - setText(findTestObject("KeatMun/Form 7_default/OTC_Submit Form 7_Section A/Page_PERKESO/A11. concat(id(  select2-city"), "jo"): Text 'jo' is set on object 'Object Repository/KeatMun/Form 7_default/OTC_Submit Form 7_Section A/Page_PERKESO/A11. concat(id(  select2-city'

2019-02-21 17:25:31 - [MESSAGE][PASSED] - Text 'jo' is set on object 'Object Repository/KeatMun/Form 7_default/OTC_Submit Form 7_Section A/Page_PERKESO/A11. concat(id(  select2-city'

2019-02-21 17:25:31 - [TEST_STEP][PASSED] - click(findTestObject("KeatMun/Form 7_default/OTC_Submit Form 7_Section A/Page_PERKESO/A11. JOHOR BAHRU")): Object: 'Object Repository/KeatMun/Form 7_default/OTC_Submit Form 7_Section A/Page_PERKESO/A11. JOHOR BAHRU' is clicked on

2019-02-21 17:25:31 - [MESSAGE][PASSED] - Object: 'Object Repository/KeatMun/Form 7_default/OTC_Submit Form 7_Section A/Page_PERKESO/A11. JOHOR BAHRU' is clicked on

2019-02-21 17:25:31 - [TEST_STEP][PASSED] - delay(2): Delayed 2 second(s)

2019-02-21 17:25:33 - [MESSAGE][PASSED] - Delayed 2 second(s)

2019-02-21 17:25:33 - [TEST_STEP][PASSED] - click(findTestObject("KeatMun/Form 7_default/OTC_Submit Form 7_Section A/Page_PERKESO/A12. --Sila Isikan--")): Object: 'Object Repository/KeatMun/Form 7_default/OTC_Submit Form 7_Section A/Page_PERKESO/A12. --Sila Isikan--' is clicked on

2019-02-21 17:25:33 - [MESSAGE][PASSED] - Object: 'Object Repository/KeatMun/Form 7_default/OTC_Submit Form 7_Section A/Page_PERKESO/A12. --Sila Isikan--' is clicked on

2019-02-21 17:25:33 - [TEST_STEP][PASSED] - setText(findTestObject("KeatMun/Form 7_default/OTC_Submit Form 7_Section A/Page_PERKESO/A11. Done_select2-search__fie"), "84"): Text '84' is set on object 'Object Repository/KeatMun/Form 7_default/OTC_Submit Form 7_Section A/Page_PERKESO/A11. Done_select2-search__fie'

2019-02-21 17:25:33 - [MESSAGE][PASSED] - Text '84' is set on object 'Object Repository/KeatMun/Form 7_default/OTC_Submit Form 7_Section A/Page_PERKESO/A11. Done_select2-search__fie'

2019-02-21 17:25:33 - [TEST_STEP][PASSED] - click(findTestObject("KeatMun/Form 7_default/OTC_Submit Form 7_Section A/Page_PERKESO/A12. 84000")): Object: 'Object Repository/KeatMun/Form 7_default/OTC_Submit Form 7_Section A/Page_PERKESO/A12. 84000' is clicked on

2019-02-21 17:25:33 - [MESSAGE][PASSED] - Object: 'Object Repository/KeatMun/Form 7_default/OTC_Submit Form 7_Section A/Page_PERKESO/A12. 84000' is clicked on

2019-02-21 17:25:33 - [TEST_STEP][PASSED] - delay(2): Delayed 2 second(s)

2019-02-21 17:25:35 - [MESSAGE][PASSED] - Delayed 2 second(s)

2019-02-21 17:25:35 - [TEST_STEP][PASSED] - setText(findTestObject("KeatMun/Form 7_default/OTC_Submit Form 7_Section A/Page_PERKESO/A13. mobileContact1"), "1234567890"): Text '1234567890' is set on object 'Object Repository/KeatMun/Form 7_default/OTC_Submit Form 7_Section A/Page_PERKESO/A13. mobileContact1'

2019-02-21 17:25:36 - [MESSAGE][PASSED] - Text '1234567890' is set on object 'Object Repository/KeatMun/Form 7_default/OTC_Submit Form 7_Section A/Page_PERKESO/A13. mobileContact1'

2019-02-21 17:25:36 - [TEST_STEP][PASSED] - delay(2): Delayed 2 second(s)

2019-02-21 17:25:38 - [MESSAGE][PASSED] - Delayed 2 second(s)

2019-02-21 17:25:38 - [TEST_STEP][PASSED] - click(findTestObject("KeatMun/Form 7_default/OTC_Submit Form 7_Section A/Page_PERKESO/A14. Halaman Seterusnya")): Object: 'Object Repository/KeatMun/Form 7_default/OTC_Submit Form 7_Section A/Page_PERKESO/A14. Halaman Seterusnya' is clicked on

2019-02-21 17:25:38 - [MESSAGE][PASSED] - Object: 'Object Repository/KeatMun/Form 7_default/OTC_Submit Form 7_Section A/Page_PERKESO/A14. Halaman Seterusnya' is clicked on

2019-02-21 17:25:38 - [TEST_STEP][PASSED] - delay(2): Delayed 2 second(s)

2019-02-21 17:25:40 - [MESSAGE][PASSED] - Delayed 2 second(s)

2019-02-21 17:25:40 - [MESSAGE][PASSED] - Call Test Case 'Test Cases/All TC/Arranged/3. Unit/EI/Form 7_default/OTC_Submit Form 7_Section A' successfully

2019-02-21 17:25:40 - [TEST_STEP][PASSED] - callTestCase(findTestCase("All TC/Arranged/3. Unit/EI/Form 7_default/OTC_Submit Form 7_Section B"), [:], STOP_ON_FAILURE): Call Test Case 'Test Cases/All TC/Arranged/3. Unit/EI/Form 7_default/OTC_Submit Form 7_Section B' successfully

2019-02-21 17:25:40 - [TEST_CASE][PASSED] - Test Cases/All TC/Arranged/3. Unit/EI/Form 7_default/OTC_Submit Form 7_Section B: Test Cases/All TC/Arranged/3. Unit/EI/Form 7_default/OTC_Submit Form 7_Section B

2019-02-21 17:25:40 - [TEST_STEP][PASSED] - delay(3): Delayed 3 second(s)

2019-02-21 17:25:43 - [MESSAGE][PASSED] - Delayed 3 second(s)

2019-02-21 17:25:43 - [TEST_STEP][PASSED] - click(findTestObject("KeatMun/Form 7_default/OTC_Submit Form 7_Section B/Page_PERKESO/B1. Jawatan")): Object: 'Object Repository/KeatMun/Form 7_default/OTC_Submit Form 7_Section B/Page_PERKESO/B1. Jawatan' is clicked on

2019-02-21 17:25:43 - [MESSAGE][PASSED] - Object: 'Object Repository/KeatMun/Form 7_default/OTC_Submit Form 7_Section B/Page_PERKESO/B1. Jawatan' is clicked on

2019-02-21 17:25:43 - [TEST_STEP][PASSED] - setText(findTestObject("KeatMun/Form 7_default/OTC_Submit Form 7_Section B/Page_PERKESO/B1. concat(id(  select2-posi"), "re"): Text 're' is set on object 'Object Repository/KeatMun/Form 7_default/OTC_Submit Form 7_Section B/Page_PERKESO/B1. concat(id(  select2-posi'

2019-02-21 17:25:43 - [MESSAGE][PASSED] - Text 're' is set on object 'Object Repository/KeatMun/Form 7_default/OTC_Submit Form 7_Section B/Page_PERKESO/B1. concat(id(  select2-posi'

2019-02-21 17:25:43 - [TEST_STEP][PASSED] - setText(findTestObject("KeatMun/Form 7_default/OTC_Submit Form 7_Section B/Page_PERKESO/B1. Done_select2-search__fie"), "re"): Text 're' is set on object 'Object Repository/KeatMun/Form 7_default/OTC_Submit Form 7_Section B/Page_PERKESO/B1. Done_select2-search__fie'

2019-02-21 17:25:44 - [MESSAGE][PASSED] - Text 're' is set on object 'Object Repository/KeatMun/Form 7_default/OTC_Submit Form 7_Section B/Page_PERKESO/B1. Done_select2-search__fie'

2019-02-21 17:25:44 - [TEST_STEP][PASSED] - click(findTestObject("KeatMun/Form 7_default/OTC_Submit Form 7_Section B/Page_PERKESO/B1. Arkitek Reka Bentuk")): Object: 'Object Repository/KeatMun/Form 7_default/OTC_Submit Form 7_Section B/Page_PERKESO/B1. Arkitek Reka Bentuk' is clicked on

2019-02-21 17:25:44 - [MESSAGE][PASSED] - Object: 'Object Repository/KeatMun/Form 7_default/OTC_Submit Form 7_Section B/Page_PERKESO/B1. Arkitek Reka Bentuk' is clicked on

2019-02-21 17:25:44 - [TEST_STEP][PASSED] - delay(2): Delayed 2 second(s)

2019-02-21 17:25:46 - [MESSAGE][PASSED] - Delayed 2 second(s)

2019-02-21 17:25:46 - [TEST_STEP][PASSED] - setText(findTestObject("KeatMun/Form 7_default/OTC_Submit Form 7_Section B/Page_PERKESO/B2. lastEmploymentStartDtSt"), "10/01/2019"): Text '10/01/2019' is set on object 'Object Repository/KeatMun/Form 7_default/OTC_Submit Form 7_Section B/Page_PERKESO/B2. lastEmploymentStartDtSt'

2019-02-21 17:25:46 - [MESSAGE][PASSED] - Text '10/01/2019' is set on object 'Object Repository/KeatMun/Form 7_default/OTC_Submit Form 7_Section B/Page_PERKESO/B2. lastEmploymentStartDtSt'

2019-02-21 17:25:46 - [TEST_STEP][PASSED] - delay(2): Delayed 2 second(s)

2019-02-21 17:25:48 - [MESSAGE][PASSED] - Delayed 2 second(s)

2019-02-21 17:25:48 - [TEST_STEP][PASSED] - click(findTestObject("KeatMun/Form 7_default/OTC_Submit Form 7_Section B/Page_PERKESO/B4. Status Perkejaan")): Object: 'Object Repository/KeatMun/Form 7_default/OTC_Submit Form 7_Section B/Page_PERKESO/B4. Status Perkejaan' is clicked on

2019-02-21 17:25:48 - [MESSAGE][PASSED] - Object: 'Object Repository/KeatMun/Form 7_default/OTC_Submit Form 7_Section B/Page_PERKESO/B4. Status Perkejaan' is clicked on

2019-02-21 17:25:48 - [TEST_STEP][PASSED] - click(findTestObject("KeatMun/Form 7_default/OTC_Submit Form 7_Section B/Page_PERKESO/B4. Tetap")): Object: 'Object Repository/KeatMun/Form 7_default/OTC_Submit Form 7_Section B/Page_PERKESO/B4. Tetap' is clicked on

2019-02-21 17:25:49 - [MESSAGE][PASSED] - Object: 'Object Repository/KeatMun/Form 7_default/OTC_Submit Form 7_Section B/Page_PERKESO/B4. Tetap' is clicked on

2019-02-21 17:25:49 - [TEST_STEP][PASSED] - delay(2): Delayed 2 second(s)

2019-02-21 17:25:51 - [MESSAGE][PASSED] - Delayed 2 second(s)

2019-02-21 17:25:51 - [TEST_STEP][PASSED] - setText(findTestObject("KeatMun/Form 7_default/OTC_Submit Form 7_Section B/Page_PERKESO/B5. Gaji (RM)_salary1"), "4000"): Text '4000' is set on object 'Object Repository/KeatMun/Form 7_default/OTC_Submit Form 7_Section B/Page_PERKESO/B5. Gaji (RM)_salary1'

2019-02-21 17:25:51 - [MESSAGE][PASSED] - Text '4000' is set on object 'Object Repository/KeatMun/Form 7_default/OTC_Submit Form 7_Section B/Page_PERKESO/B5. Gaji (RM)_salary1'

2019-02-21 17:25:51 - [TEST_STEP][PASSED] - delay(2): Delayed 2 second(s)

2019-02-21 17:25:53 - [MESSAGE][PASSED] - Delayed 2 second(s)

2019-02-21 17:25:53 - [TEST_STEP][PASSED] - setText(findTestObject("KeatMun/Form 7_default/OTC_Submit Form 7_Section B/Page_PERKESO/B5. Gaji (RM)_salary2"), "4000"): Text '4000' is set on object 'Object Repository/KeatMun/Form 7_default/OTC_Submit Form 7_Section B/Page_PERKESO/B5. Gaji (RM)_salary2'

2019-02-21 17:25:53 - [MESSAGE][PASSED] - Text '4000' is set on object 'Object Repository/KeatMun/Form 7_default/OTC_Submit Form 7_Section B/Page_PERKESO/B5. Gaji (RM)_salary2'

2019-02-21 17:25:53 - [TEST_STEP][PASSED] - delay(2): Delayed 2 second(s)

2019-02-21 17:25:55 - [MESSAGE][PASSED] - Delayed 2 second(s)

2019-02-21 17:25:55 - [TEST_STEP][PASSED] - setText(findTestObject("KeatMun/Form 7_default/OTC_Submit Form 7_Section B/Page_PERKESO/B5. Gaji (RM)_salary3"), "4000"): Text '4000' is set on object 'Object Repository/KeatMun/Form 7_default/OTC_Submit Form 7_Section B/Page_PERKESO/B5. Gaji (RM)_salary3'

2019-02-21 17:25:55 - [MESSAGE][PASSED] - Text '4000' is set on object 'Object Repository/KeatMun/Form 7_default/OTC_Submit Form 7_Section B/Page_PERKESO/B5. Gaji (RM)_salary3'

2019-02-21 17:25:55 - [TEST_STEP][PASSED] - delay(2): Delayed 2 second(s)

2019-02-21 17:25:57 - [MESSAGE][PASSED] - Delayed 2 second(s)

2019-02-21 17:25:57 - [TEST_STEP][PASSED] - setText(findTestObject("KeatMun/Form 7_default/OTC_Submit Form 7_Section B/Page_PERKESO/B5. Gaji (RM)_salary4"), "4000"): Text '4000' is set on object 'Object Repository/KeatMun/Form 7_default/OTC_Submit Form 7_Section B/Page_PERKESO/B5. Gaji (RM)_salary4'

2019-02-21 17:25:57 - [MESSAGE][PASSED] - Text '4000' is set on object 'Object Repository/KeatMun/Form 7_default/OTC_Submit Form 7_Section B/Page_PERKESO/B5. Gaji (RM)_salary4'

2019-02-21 17:25:57 - [TEST_STEP][PASSED] - delay(2): Delayed 2 second(s)

2019-02-21 17:25:59 - [MESSAGE][PASSED] - Delayed 2 second(s)

2019-02-21 17:26:00 - [TEST_STEP][PASSED] - setText(findTestObject("KeatMun/Form 7_default/OTC_Submit Form 7_Section B/Page_PERKESO/B5. Gaji (RM)_salary5"), "4000"): Text '4000' is set on object 'Object Repository/KeatMun/Form 7_default/OTC_Submit Form 7_Section B/Page_PERKESO/B5. Gaji (RM)_salary5'

2019-02-21 17:26:00 - [MESSAGE][PASSED] - Text '4000' is set on object 'Object Repository/KeatMun/Form 7_default/OTC_Submit Form 7_Section B/Page_PERKESO/B5. Gaji (RM)_salary5'

2019-02-21 17:26:00 - [TEST_STEP][PASSED] - delay(2): Delayed 2 second(s)

2019-02-21 17:26:02 - [MESSAGE][PASSED] - Delayed 2 second(s)

2019-02-21 17:26:02 - [TEST_STEP][PASSED] - setText(findTestObject("KeatMun/Form 7_default/OTC_Submit Form 7_Section B/Page_PERKESO/B5. Gaji (RM)_salary6"), "4000"): Text '4000' is set on object 'Object Repository/KeatMun/Form 7_default/OTC_Submit Form 7_Section B/Page_PERKESO/B5. Gaji (RM)_salary6'

2019-02-21 17:26:02 - [MESSAGE][PASSED] - Text '4000' is set on object 'Object Repository/KeatMun/Form 7_default/OTC_Submit Form 7_Section B/Page_PERKESO/B5. Gaji (RM)_salary6'

2019-02-21 17:26:02 - [TEST_STEP][PASSED] - delay(2): Delayed 2 second(s)

2019-02-21 17:26:04 - [MESSAGE][PASSED] - Delayed 2 second(s)

2019-02-21 17:26:04 - [TEST_STEP][PASSED] - click(findTestObject("KeatMun/Form 7_default/OTC_Submit Form 7_Section B/Page_PERKESO/B6. Reason JobLost")): Object: 'Object Repository/KeatMun/Form 7_default/OTC_Submit Form 7_Section B/Page_PERKESO/B6. Reason JobLost' is clicked on

2019-02-21 17:26:04 - [MESSAGE][PASSED] - Object: 'Object Repository/KeatMun/Form 7_default/OTC_Submit Form 7_Section B/Page_PERKESO/B6. Reason JobLost' is clicked on

2019-02-21 17:26:04 - [TEST_STEP][PASSED] - click(findTestObject("KeatMun/Form 7_default/OTC_Submit Form 7_Section B/Page_PERKESO/B6. Bencana alam (cth banjir ke")): Object: 'Object Repository/KeatMun/Form 7_default/OTC_Submit Form 7_Section B/Page_PERKESO/B6. Bencana alam (cth banjir ke' is clicked on

2019-02-21 17:26:04 - [MESSAGE][PASSED] - Object: 'Object Repository/KeatMun/Form 7_default/OTC_Submit Form 7_Section B/Page_PERKESO/B6. Bencana alam (cth banjir ke' is clicked on

2019-02-21 17:26:04 - [TEST_STEP][PASSED] - delay(3): Delayed 3 second(s)

2019-02-21 17:26:07 - [MESSAGE][PASSED] - Delayed 3 second(s)

2019-02-21 17:26:07 - [TEST_STEP][PASSED] - setText(findTestObject("KeatMun/Form 7_default/OTC_Submit Form 7_Section B/Page_PERKESO/B7. AverageWorkingHour"), "8"): Text '8' is set on object 'Object Repository/KeatMun/Form 7_default/OTC_Submit Form 7_Section B/Page_PERKESO/B7. AverageWorkingHour'

2019-02-21 17:26:08 - [MESSAGE][PASSED] - Text '8' is set on object 'Object Repository/KeatMun/Form 7_default/OTC_Submit Form 7_Section B/Page_PERKESO/B7. AverageWorkingHour'

2019-02-21 17:26:08 - [TEST_STEP][PASSED] - delay(2): Delayed 2 second(s)

2019-02-21 17:26:10 - [MESSAGE][PASSED] - Delayed 2 second(s)

2019-02-21 17:26:10 - [TEST_STEP][PASSED] - click(findTestObject("KeatMun/Form 7_default/OTC_Submit Form 7_Section B/Page_PERKESO/B8. Tidak_compensationInd")): Object: 'Object Repository/KeatMun/Form 7_default/OTC_Submit Form 7_Section B/Page_PERKESO/B8. Tidak_compensationInd' is clicked on

2019-02-21 17:26:10 - [MESSAGE][PASSED] - Object: 'Object Repository/KeatMun/Form 7_default/OTC_Submit Form 7_Section B/Page_PERKESO/B8. Tidak_compensationInd' is clicked on

2019-02-21 17:26:10 - [TEST_STEP][PASSED] - delay(1): Delayed 1 second(s)

2019-02-21 17:26:11 - [MESSAGE][PASSED] - Delayed 1 second(s)

2019-02-21 17:26:11 - [TEST_STEP][PASSED] - click(findTestObject("KeatMun/Form 7_default/OTC_Submit Form 7_Section B/Page_PERKESO/B9. Tidak_fileCaseInd")): Object: 'Object Repository/KeatMun/Form 7_default/OTC_Submit Form 7_Section B/Page_PERKESO/B9. Tidak_fileCaseInd' is clicked on

2019-02-21 17:26:11 - [MESSAGE][PASSED] - Object: 'Object Repository/KeatMun/Form 7_default/OTC_Submit Form 7_Section B/Page_PERKESO/B9. Tidak_fileCaseInd' is clicked on

2019-02-21 17:26:11 - [TEST_STEP][PASSED] - delay(1): Delayed 1 second(s)

2019-02-21 17:26:12 - [MESSAGE][PASSED] - Delayed 1 second(s)

2019-02-21 17:26:12 - [TEST_STEP][PASSED] - click(findTestObject("KeatMun/Form 7_default/OTC_Submit Form 7_Section B/Page_PERKESO/B10. Tidak_unregisterCaseInd")): Object: 'Object Repository/KeatMun/Form 7_default/OTC_Submit Form 7_Section B/Page_PERKESO/B10. Tidak_unregisterCaseInd' is clicked on

2019-02-21 17:26:12 - [MESSAGE][PASSED] - Object: 'Object Repository/KeatMun/Form 7_default/OTC_Submit Form 7_Section B/Page_PERKESO/B10. Tidak_unregisterCaseInd' is clicked on

2019-02-21 17:26:12 - [TEST_STEP][PASSED] - delay(2): Delayed 2 second(s)

2019-02-21 17:26:14 - [MESSAGE][PASSED] - Delayed 2 second(s)

2019-02-21 17:26:14 - [TEST_STEP][PASSED] - click(findTestObject("KeatMun/Form 7_default/OTC_Submit Form 7_Section B/Page_PERKESO/B11. Halaman Seterusnya")): Object: 'Object Repository/KeatMun/Form 7_default/OTC_Submit Form 7_Section B/Page_PERKESO/B11. Halaman Seterusnya' is clicked on

2019-02-21 17:26:14 - [MESSAGE][PASSED] - Object: 'Object Repository/KeatMun/Form 7_default/OTC_Submit Form 7_Section B/Page_PERKESO/B11. Halaman Seterusnya' is clicked on

2019-02-21 17:26:14 - [TEST_STEP][PASSED] - delay(3): Delayed 3 second(s)

2019-02-21 17:26:17 - [MESSAGE][PASSED] - Delayed 3 second(s)

2019-02-21 17:26:17 - [MESSAGE][PASSED] - Call Test Case 'Test Cases/All TC/Arranged/3. Unit/EI/Form 7_default/OTC_Submit Form 7_Section B' successfully

2019-02-21 17:26:17 - [TEST_STEP][PASSED] - callTestCase(findTestCase("All TC/Arranged/3. Unit/EI/Form 7_default/OTC_Submit Form 7_Section C"), [:], STOP_ON_FAILURE): Call Test Case 'Test Cases/All TC/Arranged/3. Unit/EI/Form 7_default/OTC_Submit Form 7_Section C' successfully

2019-02-21 17:26:17 - [TEST_CASE][PASSED] - Test Cases/All TC/Arranged/3. Unit/EI/Form 7_default/OTC_Submit Form 7_Section C: Test Cases/All TC/Arranged/3. Unit/EI/Form 7_default/OTC_Submit Form 7_Section C

2019-02-21 17:26:17 - [TEST_STEP][PASSED] - delay(2): Delayed 2 second(s)

2019-02-21 17:26:19 - [MESSAGE][PASSED] - Delayed 2 second(s)

2019-02-21 17:26:19 - [TEST_STEP][PASSED] - setText(findTestObject("KeatMun/Form 7_default/OTC_Submit Form 7_Section C/Page_PERKESO/C4. EmployerInfo"), "qwertyuiop"): Text 'qwertyuiop' is set on object 'Object Repository/KeatMun/Form 7_default/OTC_Submit Form 7_Section C/Page_PERKESO/C4. EmployerInfo'

2019-02-21 17:26:20 - [MESSAGE][PASSED] - Text 'qwertyuiop' is set on object 'Object Repository/KeatMun/Form 7_default/OTC_Submit Form 7_Section C/Page_PERKESO/C4. EmployerInfo'

2019-02-21 17:26:20 - [TEST_STEP][PASSED] - delay(2): Delayed 2 second(s)

2019-02-21 17:26:22 - [MESSAGE][PASSED] - Delayed 2 second(s)

2019-02-21 17:26:22 - [TEST_STEP][PASSED] - click(findTestObject("KeatMun/Form 7_default/OTC_Submit Form 7_Section C/Page_PERKESO/C5. Negeri")): Object: 'Object Repository/KeatMun/Form 7_default/OTC_Submit Form 7_Section C/Page_PERKESO/C5. Negeri' is clicked on

2019-02-21 17:26:22 - [MESSAGE][PASSED] - Object: 'Object Repository/KeatMun/Form 7_default/OTC_Submit Form 7_Section C/Page_PERKESO/C5. Negeri' is clicked on

2019-02-21 17:26:22 - [TEST_STEP][PASSED] - delay(2): Delayed 2 second(s)

2019-02-21 17:26:24 - [MESSAGE][PASSED] - Delayed 2 second(s)

2019-02-21 17:26:24 - [TEST_STEP][PASSED] - click(findTestObject("KeatMun/Form 7_default/OTC_Submit Form 7_Section C/Page_PERKESO/C5. JOHOR")): Object: 'Object Repository/KeatMun/Form 7_default/OTC_Submit Form 7_Section C/Page_PERKESO/C5. JOHOR' is clicked on

2019-02-21 17:26:24 - [MESSAGE][PASSED] - Object: 'Object Repository/KeatMun/Form 7_default/OTC_Submit Form 7_Section C/Page_PERKESO/C5. JOHOR' is clicked on

2019-02-21 17:26:24 - [TEST_STEP][PASSED] - delay(3): Delayed 3 second(s)

2019-02-21 17:26:27 - [MESSAGE][PASSED] - Delayed 3 second(s)

2019-02-21 17:26:27 - [TEST_STEP][PASSED] - click(findTestObject("KeatMun/Form 7_default/OTC_Submit Form 7_Section C/Page_PERKESO/C6. City")): Object: 'Object Repository/KeatMun/Form 7_default/OTC_Submit Form 7_Section C/Page_PERKESO/C6. City' is clicked on

2019-02-21 17:26:27 - [MESSAGE][PASSED] - Object: 'Object Repository/KeatMun/Form 7_default/OTC_Submit Form 7_Section C/Page_PERKESO/C6. City' is clicked on

2019-02-21 17:26:27 - [TEST_STEP][PASSED] - delay(2): Delayed 2 second(s)

2019-02-21 17:26:29 - [MESSAGE][PASSED] - Delayed 2 second(s)

2019-02-21 17:26:29 - [TEST_STEP][PASSED] - setText(findTestObject("KeatMun/Form 7_default/OTC_Submit Form 7_Section C/Page_PERKESO/C6. Done_select2-search__fie"), "jo"): Text 'jo' is set on object 'Object Repository/KeatMun/Form 7_default/OTC_Submit Form 7_Section C/Page_PERKESO/C6. Done_select2-search__fie'

2019-02-21 17:26:30 - [MESSAGE][PASSED] - Text 'jo' is set on object 'Object Repository/KeatMun/Form 7_default/OTC_Submit Form 7_Section C/Page_PERKESO/C6. Done_select2-search__fie'

2019-02-21 17:26:30 - [TEST_STEP][PASSED] - setText(findTestObject("KeatMun/Form 7_default/OTC_Submit Form 7_Section C/Page_PERKESO/C6. Concat(id(  select2-city"), "jo"): Text 'jo' is set on object 'Object Repository/KeatMun/Form 7_default/OTC_Submit Form 7_Section C/Page_PERKESO/C6. Concat(id(  select2-city'

2019-02-21 17:26:30 - [MESSAGE][PASSED] - Text 'jo' is set on object 'Object Repository/KeatMun/Form 7_default/OTC_Submit Form 7_Section C/Page_PERKESO/C6. Concat(id(  select2-city'

2019-02-21 17:26:30 - [TEST_STEP][PASSED] - click(findTestObject("KeatMun/Form 7_default/OTC_Submit Form 7_Section C/Page_PERKESO/C6. JOHOR BAHRU")): Object: 'Object Repository/KeatMun/Form 7_default/OTC_Submit Form 7_Section C/Page_PERKESO/C6. JOHOR BAHRU' is clicked on

2019-02-21 17:26:30 - [MESSAGE][PASSED] - Object: 'Object Repository/KeatMun/Form 7_default/OTC_Submit Form 7_Section C/Page_PERKESO/C6. JOHOR BAHRU' is clicked on

2019-02-21 17:26:30 - [TEST_STEP][PASSED] - delay(3): Delayed 3 second(s)

2019-02-21 17:26:33 - [MESSAGE][PASSED] - Delayed 3 second(s)

2019-02-21 17:26:33 - [TEST_STEP][PASSED] - click(findTestObject("KeatMun/Form 7_default/OTC_Submit Form 7_Section C/Page_PERKESO/C7. --Sila Isikan--")): Object: 'Object Repository/KeatMun/Form 7_default/OTC_Submit Form 7_Section C/Page_PERKESO/C7. --Sila Isikan--' is clicked on

2019-02-21 17:26:33 - [MESSAGE][PASSED] - Object: 'Object Repository/KeatMun/Form 7_default/OTC_Submit Form 7_Section C/Page_PERKESO/C7. --Sila Isikan--' is clicked on

2019-02-21 17:26:33 - [TEST_STEP][PASSED] - delay(2): Delayed 2 second(s)

2019-02-21 17:26:35 - [MESSAGE][PASSED] - Delayed 2 second(s)

2019-02-21 17:26:35 - [TEST_STEP][PASSED] - setText(findTestObject("KeatMun/Form 7_default/OTC_Submit Form 7_Section C/Page_PERKESO/C7. Done_select2-search__fie"), "84"): Text '84' is set on object 'Object Repository/KeatMun/Form 7_default/OTC_Submit Form 7_Section C/Page_PERKESO/C7. Done_select2-search__fie'

2019-02-21 17:26:35 - [MESSAGE][PASSED] - Text '84' is set on object 'Object Repository/KeatMun/Form 7_default/OTC_Submit Form 7_Section C/Page_PERKESO/C7. Done_select2-search__fie'

2019-02-21 17:26:35 - [TEST_STEP][PASSED] - setText(findTestObject("KeatMun/Form 7_default/OTC_Submit Form 7_Section C/Page_PERKESO/C7. Concat(id(  select2-post"), "84"): Text '84' is set on object 'Object Repository/KeatMun/Form 7_default/OTC_Submit Form 7_Section C/Page_PERKESO/C7. Concat(id(  select2-post'

2019-02-21 17:26:35 - [MESSAGE][PASSED] - Text '84' is set on object 'Object Repository/KeatMun/Form 7_default/OTC_Submit Form 7_Section C/Page_PERKESO/C7. Concat(id(  select2-post'

2019-02-21 17:26:35 - [TEST_STEP][PASSED] - click(findTestObject("KeatMun/Form 7_default/OTC_Submit Form 7_Section C/Page_PERKESO/C7. 84000")): Object: 'Object Repository/KeatMun/Form 7_default/OTC_Submit Form 7_Section C/Page_PERKESO/C7. 84000' is clicked on

2019-02-21 17:26:36 - [MESSAGE][PASSED] - Object: 'Object Repository/KeatMun/Form 7_default/OTC_Submit Form 7_Section C/Page_PERKESO/C7. 84000' is clicked on

2019-02-21 17:26:36 - [TEST_STEP][PASSED] - delay(3): Delayed 3 second(s)

2019-02-21 17:26:39 - [MESSAGE][PASSED] - Delayed 3 second(s)

2019-02-21 17:26:39 - [TEST_STEP][PASSED] - click(findTestObject("KeatMun/Form 7_default/OTC_Submit Form 7_Section C/Page_PERKESO/C8. Tidak_employerInfo.emplo")): Object: 'Object Repository/KeatMun/Form 7_default/OTC_Submit Form 7_Section C/Page_PERKESO/C8. Tidak_employerInfo.emplo' is clicked on

2019-02-21 17:26:39 - [MESSAGE][PASSED] - Object: 'Object Repository/KeatMun/Form 7_default/OTC_Submit Form 7_Section C/Page_PERKESO/C8. Tidak_employerInfo.emplo' is clicked on

2019-02-21 17:26:39 - [TEST_STEP][PASSED] - delay(2): Delayed 2 second(s)

2019-02-21 17:26:41 - [MESSAGE][PASSED] - Delayed 2 second(s)

2019-02-21 17:26:41 - [TEST_STEP][PASSED] - setText(findTestObject("KeatMun/Form 7_default/OTC_Submit Form 7_Section C/Page_PERKESO/C9. EmployerName"), "qwertyuiop"): Text 'qwertyuiop' is set on object 'Object Repository/KeatMun/Form 7_default/OTC_Submit Form 7_Section C/Page_PERKESO/C9. EmployerName'

2019-02-21 17:26:41 - [MESSAGE][PASSED] - Text 'qwertyuiop' is set on object 'Object Repository/KeatMun/Form 7_default/OTC_Submit Form 7_Section C/Page_PERKESO/C9. EmployerName'

2019-02-21 17:26:41 - [TEST_STEP][PASSED] - delay(2): Delayed 2 second(s)

2019-02-21 17:26:43 - [MESSAGE][PASSED] - Delayed 2 second(s)

2019-02-21 17:26:43 - [TEST_STEP][PASSED] - setText(findTestObject("KeatMun/Form 7_default/OTC_Submit Form 7_Section C/Page_PERKESO/C10. EmployerIC"), "1234567890"): Text '1234567890' is set on object 'Object Repository/KeatMun/Form 7_default/OTC_Submit Form 7_Section C/Page_PERKESO/C10. EmployerIC'

2019-02-21 17:26:44 - [MESSAGE][PASSED] - Text '1234567890' is set on object 'Object Repository/KeatMun/Form 7_default/OTC_Submit Form 7_Section C/Page_PERKESO/C10. EmployerIC'

2019-02-21 17:26:44 - [TEST_STEP][PASSED] - delay(3): Delayed 3 second(s)

2019-02-21 17:26:47 - [MESSAGE][PASSED] - Delayed 3 second(s)

2019-02-21 17:26:47 - [TEST_STEP][PASSED] - click(findTestObject("KeatMun/Form 7_default/OTC_Submit Form 7_Section C/Page_PERKESO/C11. Halaman Seterusnya")): Object: 'Object Repository/KeatMun/Form 7_default/OTC_Submit Form 7_Section C/Page_PERKESO/C11. Halaman Seterusnya' is clicked on

2019-02-21 17:26:47 - [MESSAGE][PASSED] - Object: 'Object Repository/KeatMun/Form 7_default/OTC_Submit Form 7_Section C/Page_PERKESO/C11. Halaman Seterusnya' is clicked on

2019-02-21 17:26:47 - [TEST_STEP][PASSED] - delay(3): Delayed 3 second(s)

2019-02-21 17:26:50 - [MESSAGE][PASSED] - Delayed 3 second(s)

2019-02-21 17:26:50 - [MESSAGE][PASSED] - Call Test Case 'Test Cases/All TC/Arranged/3. Unit/EI/Form 7_default/OTC_Submit Form 7_Section C' successfully

2019-02-21 17:26:50 - [TEST_STEP][PASSED] - callTestCase(findTestCase("All TC/Arranged/3. Unit/EI/Form 7_default/OTC_Submit Form 7_Section D-E"), [:], STOP_ON_FAILURE): Call Test Case 'Test Cases/All TC/Arranged/3. Unit/EI/Form 7_default/OTC_Submit Form 7_Section D-E' successfully

2019-02-21 17:26:50 - [TEST_CASE][PASSED] - Test Cases/All TC/Arranged/3. Unit/EI/Form 7_default/OTC_Submit Form 7_Section D-E: Test Cases/All TC/Arranged/3. Unit/EI/Form 7_default/OTC_Submit Form 7_Section D-E

2019-02-21 17:26:50 - [TEST_STEP][PASSED] - delay(3): Delayed 3 second(s)

2019-02-21 17:26:53 - [MESSAGE][PASSED] - Delayed 3 second(s)

2019-02-21 17:26:53 - [TEST_STEP][PASSED] - click(findTestObject("KeatMun/Form 7_default/OTC_Submit Form 7_Section D-E/Page_PERKESO/D1. NO_otherActiveEmploye")): Object: 'Object Repository/KeatMun/Form 7_default/OTC_Submit Form 7_Section D-E/Page_PERKESO/D1. NO_otherActiveEmploye' is clicked on

2019-02-21 17:26:53 - [MESSAGE][PASSED] - Object: 'Object Repository/KeatMun/Form 7_default/OTC_Submit Form 7_Section D-E/Page_PERKESO/D1. NO_otherActiveEmploye' is clicked on

2019-02-21 17:26:53 - [TEST_STEP][PASSED] - delay(4): Delayed 4 second(s)

2019-02-21 17:26:57 - [MESSAGE][PASSED] - Delayed 4 second(s)

2019-02-21 17:26:57 - [TEST_STEP][PASSED] - click(findTestObject("KeatMun/Form 7_default/OTC_Submit Form 7_Section D-E/Page_PERKESO/D2. Halaman Seterusnya")): Object: 'Object Repository/KeatMun/Form 7_default/OTC_Submit Form 7_Section D-E/Page_PERKESO/D2. Halaman Seterusnya' is clicked on

2019-02-21 17:26:57 - [MESSAGE][PASSED] - Object: 'Object Repository/KeatMun/Form 7_default/OTC_Submit Form 7_Section D-E/Page_PERKESO/D2. Halaman Seterusnya' is clicked on

2019-02-21 17:26:57 - [TEST_STEP][PASSED] - delay(5): Delayed 5 second(s)

2019-02-21 17:27:02 - [MESSAGE][PASSED] - Delayed 5 second(s)

2019-02-21 17:27:02 - [TEST_STEP][PASSED] - setText(findTestObject("KeatMun/Form 7_default/OTC_Submit Form 7_Section D-E/Page_PERKESO/E1. Input__totalExpYear"), "1"): Text '1' is set on object 'Object Repository/KeatMun/Form 7_default/OTC_Submit Form 7_Section D-E/Page_PERKESO/E1. Input__totalExpYear'

2019-02-21 17:27:02 - [MESSAGE][PASSED] - Text '1' is set on object 'Object Repository/KeatMun/Form 7_default/OTC_Submit Form 7_Section D-E/Page_PERKESO/E1. Input__totalExpYear'

2019-02-21 17:27:02 - [TEST_STEP][PASSED] - delay(2): Delayed 2 second(s)

2019-02-21 17:27:04 - [MESSAGE][PASSED] - Delayed 2 second(s)

2019-02-21 17:27:04 - [TEST_STEP][PASSED] - setText(findTestObject("KeatMun/Form 7_default/OTC_Submit Form 7_Section D-E/Page_PERKESO/E1. Tahun_totalExpMonth"), "1"): Text '1' is set on object 'Object Repository/KeatMun/Form 7_default/OTC_Submit Form 7_Section D-E/Page_PERKESO/E1. Tahun_totalExpMonth'

2019-02-21 17:27:05 - [MESSAGE][PASSED] - Text '1' is set on object 'Object Repository/KeatMun/Form 7_default/OTC_Submit Form 7_Section D-E/Page_PERKESO/E1. Tahun_totalExpMonth'

2019-02-21 17:27:05 - [TEST_STEP][PASSED] - delay(2): Delayed 2 second(s)

2019-02-21 17:27:07 - [MESSAGE][PASSED] - Delayed 2 second(s)

2019-02-21 17:27:07 - [TEST_STEP][PASSED] - click(findTestObject("KeatMun/Form 7_default/OTC_Submit Form 7_Section D-E/Page_PERKESO/E2. Edu-Level")): Object: 'Object Repository/KeatMun/Form 7_default/OTC_Submit Form 7_Section D-E/Page_PERKESO/E2. Edu-Level' is clicked on

2019-02-21 17:27:07 - [MESSAGE][PASSED] - Object: 'Object Repository/KeatMun/Form 7_default/OTC_Submit Form 7_Section D-E/Page_PERKESO/E2. Edu-Level' is clicked on

2019-02-21 17:27:07 - [TEST_STEP][PASSED] - delay(2): Delayed 2 second(s)

2019-02-21 17:27:09 - [MESSAGE][PASSED] - Delayed 2 second(s)

2019-02-21 17:27:09 - [TEST_STEP][PASSED] - click(findTestObject("KeatMun/Form 7_default/OTC_Submit Form 7_Section D-E/Page_PERKESO/E2. PMRPT3")): Object: 'Object Repository/KeatMun/Form 7_default/OTC_Submit Form 7_Section D-E/Page_PERKESO/E2. PMRPT3' is clicked on

2019-02-21 17:27:09 - [MESSAGE][PASSED] - Object: 'Object Repository/KeatMun/Form 7_default/OTC_Submit Form 7_Section D-E/Page_PERKESO/E2. PMRPT3' is clicked on

2019-02-21 17:27:09 - [TEST_STEP][PASSED] - delay(3): Delayed 3 second(s)

2019-02-21 17:27:12 - [MESSAGE][PASSED] - Delayed 3 second(s)

2019-02-21 17:27:12 - [TEST_STEP][PASSED] - click(findTestObject("KeatMun/Form 7_default/OTC_Submit Form 7_Section D-E/Page_PERKESO/E3. Job-Choice")): Object: 'Object Repository/KeatMun/Form 7_default/OTC_Submit Form 7_Section D-E/Page_PERKESO/E3. Job-Choice' is clicked on

2019-02-21 17:27:12 - [MESSAGE][PASSED] - Object: 'Object Repository/KeatMun/Form 7_default/OTC_Submit Form 7_Section D-E/Page_PERKESO/E3. Job-Choice' is clicked on

2019-02-21 17:27:12 - [TEST_STEP][PASSED] - delay(2): Delayed 2 second(s)

2019-02-21 17:27:14 - [MESSAGE][PASSED] - Delayed 2 second(s)

2019-02-21 17:27:14 - [TEST_STEP][PASSED] - setText(findTestObject("KeatMun/Form 7_default/OTC_Submit Form 7_Section D-E/Page_PERKESO/E3. Done_select2-search__fie"), "re"): Text 're' is set on object 'Object Repository/KeatMun/Form 7_default/OTC_Submit Form 7_Section D-E/Page_PERKESO/E3. Done_select2-search__fie'

2019-02-21 17:27:14 - [MESSAGE][PASSED] - Text 're' is set on object 'Object Repository/KeatMun/Form 7_default/OTC_Submit Form 7_Section D-E/Page_PERKESO/E3. Done_select2-search__fie'

2019-02-21 17:27:14 - [TEST_STEP][PASSED] - click(findTestObject("KeatMun/Form 7_default/OTC_Submit Form 7_Section D-E/Page_PERKESO/E3. Arkitek Reka Bentuk")): Object: 'Object Repository/KeatMun/Form 7_default/OTC_Submit Form 7_Section D-E/Page_PERKESO/E3. Arkitek Reka Bentuk' is clicked on

2019-02-21 17:27:15 - [MESSAGE][PASSED] - Object: 'Object Repository/KeatMun/Form 7_default/OTC_Submit Form 7_Section D-E/Page_PERKESO/E3. Arkitek Reka Bentuk' is clicked on

2019-02-21 17:27:15 - [TEST_STEP][PASSED] - delay(2): Delayed 2 second(s)

2019-02-21 17:27:17 - [MESSAGE][PASSED] - Delayed 2 second(s)

2019-02-21 17:27:17 - [TEST_STEP][PASSED] - click(findTestObject("KeatMun/Form 7_default/OTC_Submit Form 7_Section D-E/Page_PERKESO/E4. Job_Location")): Object: 'Object Repository/KeatMun/Form 7_default/OTC_Submit Form 7_Section D-E/Page_PERKESO/E4. Job_Location' is clicked on

2019-02-21 17:27:17 - [MESSAGE][PASSED] - Object: 'Object Repository/KeatMun/Form 7_default/OTC_Submit Form 7_Section D-E/Page_PERKESO/E4. Job_Location' is clicked on

2019-02-21 17:27:17 - [TEST_STEP][PASSED] - delay(2): Delayed 2 second(s)

2019-02-21 17:27:19 - [MESSAGE][PASSED] - Delayed 2 second(s)

2019-02-21 17:27:19 - [TEST_STEP][PASSED] - click(findTestObject("KeatMun/Form 7_default/OTC_Submit Form 7_Section D-E/Page_PERKESO/E4. JOHOR")): Object: 'Object Repository/KeatMun/Form 7_default/OTC_Submit Form 7_Section D-E/Page_PERKESO/E4. JOHOR' is clicked on

2019-02-21 17:27:19 - [MESSAGE][PASSED] - Object: 'Object Repository/KeatMun/Form 7_default/OTC_Submit Form 7_Section D-E/Page_PERKESO/E4. JOHOR' is clicked on

2019-02-21 17:27:19 - [TEST_STEP][PASSED] - delay(2): Delayed 2 second(s)

2019-02-21 17:27:21 - [MESSAGE][PASSED] - Delayed 2 second(s)

2019-02-21 17:27:21 - [TEST_STEP][PASSED] - click(findTestObject("KeatMun/Form 7_default/OTC_Submit Form 7_Section D-E/Page_PERKESO/E7. NO_disability")): Object: 'Object Repository/KeatMun/Form 7_default/OTC_Submit Form 7_Section D-E/Page_PERKESO/E7. NO_disability' is clicked on

2019-02-21 17:27:21 - [MESSAGE][PASSED] - Object: 'Object Repository/KeatMun/Form 7_default/OTC_Submit Form 7_Section D-E/Page_PERKESO/E7. NO_disability' is clicked on

2019-02-21 17:27:21 - [TEST_STEP][PASSED] - delay(2): Delayed 2 second(s)

2019-02-21 17:27:23 - [MESSAGE][PASSED] - Delayed 2 second(s)

2019-02-21 17:27:23 - [TEST_STEP][PASSED] - click(findTestObject("KeatMun/Form 7_default/OTC_Submit Form 7_Section D-E/Page_PERKESO/E8. NO_disabilityApplyInd")): Object: 'Object Repository/KeatMun/Form 7_default/OTC_Submit Form 7_Section D-E/Page_PERKESO/E8. NO_disabilityApplyInd' is clicked on

2019-02-21 17:27:23 - [MESSAGE][PASSED] - Object: 'Object Repository/KeatMun/Form 7_default/OTC_Submit Form 7_Section D-E/Page_PERKESO/E8. NO_disabilityApplyInd' is clicked on

2019-02-21 17:27:23 - [TEST_STEP][PASSED] - delay(2): Delayed 2 second(s)

2019-02-21 17:27:25 - [MESSAGE][PASSED] - Delayed 2 second(s)

2019-02-21 17:27:25 - [TEST_STEP][PASSED] - click(findTestObject("KeatMun/Form 7_default/OTC_Submit Form 7_Section D-E/Page_PERKESO/E9. YES_ReEmployment")): Object: 'Object Repository/KeatMun/Form 7_default/OTC_Submit Form 7_Section D-E/Page_PERKESO/E9. YES_ReEmployment' is clicked on

2019-02-21 17:27:25 - [MESSAGE][PASSED] - Object: 'Object Repository/KeatMun/Form 7_default/OTC_Submit Form 7_Section D-E/Page_PERKESO/E9. YES_ReEmployment' is clicked on

2019-02-21 17:27:25 - [TEST_STEP][PASSED] - delay(2): Delayed 2 second(s)

2019-02-21 17:27:27 - [MESSAGE][PASSED] - Delayed 2 second(s)

2019-02-21 17:27:27 - [TEST_STEP][PASSED] - click(findTestObject("KeatMun/Form 7_default/OTC_Submit Form 7_Section D-E/Page_PERKESO/E10. Halaman Seterusnya")): Object: 'Object Repository/KeatMun/Form 7_default/OTC_Submit Form 7_Section D-E/Page_PERKESO/E10. Halaman Seterusnya' is clicked on

2019-02-21 17:27:28 - [MESSAGE][PASSED] - Object: 'Object Repository/KeatMun/Form 7_default/OTC_Submit Form 7_Section D-E/Page_PERKESO/E10. Halaman Seterusnya' is clicked on

2019-02-21 17:27:28 - [TEST_STEP][PASSED] - delay(3): Delayed 3 second(s)

2019-02-21 17:27:31 - [MESSAGE][PASSED] - Delayed 3 second(s)

2019-02-21 17:27:31 - [MESSAGE][PASSED] - Call Test Case 'Test Cases/All TC/Arranged/3. Unit/EI/Form 7_default/OTC_Submit Form 7_Section D-E' successfully

2019-02-21 17:27:31 - [TEST_STEP][PASSED] - callTestCase(findTestCase("All TC/Arranged/3. Unit/EI/Form 7_default/OTC_Submit Form 7_Section F-G-H - EFT"), [:], STOP_ON_FAILURE): Call Test Case 'Test Cases/All TC/Arranged/3. Unit/EI/Form 7_default/OTC_Submit Form 7_Section F-G-H - EFT' successfully

2019-02-21 17:27:31 - [TEST_CASE][PASSED] - Test Cases/All TC/Arranged/3. Unit/EI/Form 7_default/OTC_Submit Form 7_Section F-G-H - EFT: Test Cases/All TC/Arranged/3. Unit/EI/Form 7_default/OTC_Submit Form 7_Section F-G-H - EFT

2019-02-21 17:27:31 - [TEST_STEP][PASSED] - delay(3): Delayed 3 second(s)

2019-02-21 17:27:34 - [MESSAGE][PASSED] - Delayed 3 second(s)

2019-02-21 17:27:34 - [TEST_STEP][PASSED] - click(findTestObject("KeatMun/Form 7_default/OTC_Submit Form 7_Section F-G-H/Page_PERKESO/F1. Tidak_bankrupt")): Object: 'Object Repository/KeatMun/Form 7_default/OTC_Submit Form 7_Section F-G-H/Page_PERKESO/F1. Tidak_bankrupt' is clicked on

2019-02-21 17:27:34 - [MESSAGE][PASSED] - Object: 'Object Repository/KeatMun/Form 7_default/OTC_Submit Form 7_Section F-G-H/Page_PERKESO/F1. Tidak_bankrupt' is clicked on

2019-02-21 17:27:34 - [TEST_STEP][PASSED] - delay(2): Delayed 2 second(s)

2019-02-21 17:27:36 - [MESSAGE][PASSED] - Delayed 2 second(s)

2019-02-21 17:27:36 - [TEST_STEP][PASSED] - click(findTestObject("KeatMun/Form 7_default/OTC_Submit Form 7_Section F-G-H/Page_PERKESO/F2. Bank Name")): Object: 'Object Repository/KeatMun/Form 7_default/OTC_Submit Form 7_Section F-G-H/Page_PERKESO/F2. Bank Name' is clicked on

2019-02-21 17:27:36 - [MESSAGE][PASSED] - Object: 'Object Repository/KeatMun/Form 7_default/OTC_Submit Form 7_Section F-G-H/Page_PERKESO/F2. Bank Name' is clicked on

2019-02-21 17:27:36 - [TEST_STEP][PASSED] - delay(2): Delayed 2 second(s)

2019-02-21 17:27:38 - [MESSAGE][PASSED] - Delayed 2 second(s)

2019-02-21 17:27:38 - [TEST_STEP][PASSED] - click(findTestObject("KeatMun/Form 7_default/OTC_Submit Form 7_Section F-G-H/Page_PERKESO/F2. AFFIN BANK BERHAD")): Object: 'Object Repository/KeatMun/Form 7_default/OTC_Submit Form 7_Section F-G-H/Page_PERKESO/F2. AFFIN BANK BERHAD' is clicked on

2019-02-21 17:27:38 - [MESSAGE][PASSED] - Object: 'Object Repository/KeatMun/Form 7_default/OTC_Submit Form 7_Section F-G-H/Page_PERKESO/F2. AFFIN BANK BERHAD' is clicked on

2019-02-21 17:27:38 - [TEST_STEP][PASSED] - delay(2): Delayed 2 second(s)

2019-02-21 17:27:40 - [MESSAGE][PASSED] - Delayed 2 second(s)

2019-02-21 17:27:40 - [TEST_STEP][PASSED] - setText(findTestObject("KeatMun/Form 7_default/OTC_Submit Form 7_Section F-G-H/Page_PERKESO/F3. Nombor akaun bank"), "1234567890"): Text '1234567890' is set on object 'Object Repository/KeatMun/Form 7_default/OTC_Submit Form 7_Section F-G-H/Page_PERKESO/F3. Nombor akaun bank'

2019-02-21 17:27:41 - [MESSAGE][PASSED] - Text '1234567890' is set on object 'Object Repository/KeatMun/Form 7_default/OTC_Submit Form 7_Section F-G-H/Page_PERKESO/F3. Nombor akaun bank'

2019-02-21 17:27:41 - [TEST_STEP][PASSED] - delay(2): Delayed 2 second(s)

2019-02-21 17:27:43 - [MESSAGE][PASSED] - Delayed 2 second(s)

2019-02-21 17:27:43 - [TEST_STEP][PASSED] - click(findTestObject("KeatMun/Form 7_default/OTC_Submit Form 7_Section F-G-H/Page_PERKESO/F4. Halaman Seterusnya")): Object: 'Object Repository/KeatMun/Form 7_default/OTC_Submit Form 7_Section F-G-H/Page_PERKESO/F4. Halaman Seterusnya' is clicked on

2019-02-21 17:27:43 - [MESSAGE][PASSED] - Object: 'Object Repository/KeatMun/Form 7_default/OTC_Submit Form 7_Section F-G-H/Page_PERKESO/F4. Halaman Seterusnya' is clicked on

2019-02-21 17:27:43 - [TEST_STEP][PASSED] - delay(5): Delayed 5 second(s)

2019-02-21 17:27:48 - [MESSAGE][PASSED] - Delayed 5 second(s)

2019-02-21 17:27:48 - [TEST_STEP][PASSED] - setText(findTestObject("KeatMun/Form 7_default/OTC_Submit Form 7_Section F-G-H/Page_PERKESO/G2. Hubungan dengan OB-nama"), "qwertyuiop"): Text 'qwertyuiop' is set on object 'Object Repository/KeatMun/Form 7_default/OTC_Submit Form 7_Section F-G-H/Page_PERKESO/G2. Hubungan dengan OB-nama'

2019-02-21 17:27:48 - [MESSAGE][PASSED] - Text 'qwertyuiop' is set on object 'Object Repository/KeatMun/Form 7_default/OTC_Submit Form 7_Section F-G-H/Page_PERKESO/G2. Hubungan dengan OB-nama'

2019-02-21 17:27:48 - [TEST_STEP][PASSED] - delay(2): Delayed 2 second(s)

2019-02-21 17:27:50 - [MESSAGE][PASSED] - Delayed 2 second(s)

2019-02-21 17:27:50 - [TEST_STEP][PASSED] - setText(findTestObject("KeatMun/Form 7_default/OTC_Submit Form 7_Section F-G-H/Page_PERKESO/G2. Hubungan dengan OB-ic.no"), "111111223333"): Text '111111223333' is set on object 'Object Repository/KeatMun/Form 7_default/OTC_Submit Form 7_Section F-G-H/Page_PERKESO/G2. Hubungan dengan OB-ic.no'

2019-02-21 17:27:50 - [MESSAGE][PASSED] - Text '111111223333' is set on object 'Object Repository/KeatMun/Form 7_default/OTC_Submit Form 7_Section F-G-H/Page_PERKESO/G2. Hubungan dengan OB-ic.no'

2019-02-21 17:27:50 - [TEST_STEP][PASSED] - delay(2): Delayed 2 second(s)

2019-02-21 17:27:52 - [MESSAGE][PASSED] - Delayed 2 second(s)

2019-02-21 17:27:52 - [TEST_STEP][PASSED] - setText(findTestObject("KeatMun/Form 7_default/OTC_Submit Form 7_Section F-G-H/Page_PERKESO/G2. Hubungan dengan OB-DOB"), "10/01/2019"): Text '10/01/2019' is set on object 'Object Repository/KeatMun/Form 7_default/OTC_Submit Form 7_Section F-G-H/Page_PERKESO/G2. Hubungan dengan OB-DOB'

2019-02-21 17:27:53 - [MESSAGE][PASSED] - Text '10/01/2019' is set on object 'Object Repository/KeatMun/Form 7_default/OTC_Submit Form 7_Section F-G-H/Page_PERKESO/G2. Hubungan dengan OB-DOB'

2019-02-21 17:27:53 - [TEST_STEP][PASSED] - delay(3): Delayed 3 second(s)

2019-02-21 17:27:56 - [MESSAGE][PASSED] - Delayed 3 second(s)

2019-02-21 17:27:56 - [TEST_STEP][PASSED] - click(findTestObject("KeatMun/Form 7_default/OTC_Submit Form 7_Section F-G-H/Page_PERKESO/G2. Span_Bapa")): Object: 'Object Repository/KeatMun/Form 7_default/OTC_Submit Form 7_Section F-G-H/Page_PERKESO/G2. Span_Bapa' is clicked on

2019-02-21 17:27:56 - [MESSAGE][PASSED] - Object: 'Object Repository/KeatMun/Form 7_default/OTC_Submit Form 7_Section F-G-H/Page_PERKESO/G2. Span_Bapa' is clicked on

2019-02-21 17:27:56 - [TEST_STEP][PASSED] - delay(3): Delayed 3 second(s)

2019-02-21 17:27:59 - [MESSAGE][PASSED] - Delayed 3 second(s)

2019-02-21 17:27:59 - [TEST_STEP][PASSED] - click(findTestObject("KeatMun/Form 7_default/OTC_Submit Form 7_Section F-G-H/Page_PERKESO/G2. Choose_Isteri")): Object: 'Object Repository/KeatMun/Form 7_default/OTC_Submit Form 7_Section F-G-H/Page_PERKESO/G2. Choose_Isteri' is clicked on

2019-02-21 17:27:59 - [MESSAGE][PASSED] - Object: 'Object Repository/KeatMun/Form 7_default/OTC_Submit Form 7_Section F-G-H/Page_PERKESO/G2. Choose_Isteri' is clicked on

2019-02-21 17:27:59 - [TEST_STEP][PASSED] - delay(3): Delayed 3 second(s)

2019-02-21 17:28:02 - [MESSAGE][PASSED] - Delayed 3 second(s)

2019-02-21 17:28:02 - [TEST_STEP][PASSED] - click(findTestObject("KeatMun/Form 7_default/OTC_Submit Form 7_Section F-G-H/Page_PERKESO/G3. Halaman Seterusnya")): Object: 'Object Repository/KeatMun/Form 7_default/OTC_Submit Form 7_Section F-G-H/Page_PERKESO/G3. Halaman Seterusnya' is clicked on

2019-02-21 17:28:02 - [MESSAGE][PASSED] - Object: 'Object Repository/KeatMun/Form 7_default/OTC_Submit Form 7_Section F-G-H/Page_PERKESO/G3. Halaman Seterusnya' is clicked on

2019-02-21 17:28:02 - [TEST_STEP][PASSED] - delay(5): Delayed 5 second(s)

2019-02-21 17:28:07 - [MESSAGE][PASSED] - Delayed 5 second(s)

2019-02-21 17:28:07 - [TEST_STEP][PASSED] - click(findTestObject("KeatMun/Form 7_default/OTC_Submit Form 7_Section F-G-H/Page_PERKESO/H1. declAckInfoInd")): Object: 'Object Repository/KeatMun/Form 7_default/OTC_Submit Form 7_Section F-G-H/Page_PERKESO/H1. declAckInfoInd' is clicked on

2019-02-21 17:28:08 - [MESSAGE][PASSED] - Object: 'Object Repository/KeatMun/Form 7_default/OTC_Submit Form 7_Section F-G-H/Page_PERKESO/H1. declAckInfoInd' is clicked on

2019-02-21 17:28:08 - [TEST_STEP][PASSED] - delay(2): Delayed 2 second(s)

2019-02-21 17:28:10 - [MESSAGE][PASSED] - Delayed 2 second(s)

2019-02-21 17:28:10 - [TEST_STEP][PASSED] - click(findTestObject("KeatMun/Form 7_default/OTC_Submit Form 7_Section F-G-H/Page_PERKESO/H2. declAckRepayInd")): Object: 'Object Repository/KeatMun/Form 7_default/OTC_Submit Form 7_Section F-G-H/Page_PERKESO/H2. declAckRepayInd' is clicked on

2019-02-21 17:28:10 - [MESSAGE][PASSED] - Object: 'Object Repository/KeatMun/Form 7_default/OTC_Submit Form 7_Section F-G-H/Page_PERKESO/H2. declAckRepayInd' is clicked on

2019-02-21 17:28:10 - [TEST_STEP][PASSED] - delay(2): Delayed 2 second(s)

2019-02-21 17:28:12 - [MESSAGE][PASSED] - Delayed 2 second(s)

2019-02-21 17:28:12 - [TEST_STEP][PASSED] - click(findTestObject("KeatMun/Form 7_default/OTC_Submit Form 7_Section F-G-H/Page_PERKESO/H3. declAckLegalInd")): Object: 'Object Repository/KeatMun/Form 7_default/OTC_Submit Form 7_Section F-G-H/Page_PERKESO/H3. declAckLegalInd' is clicked on

2019-02-21 17:28:12 - [MESSAGE][PASSED] - Object: 'Object Repository/KeatMun/Form 7_default/OTC_Submit Form 7_Section F-G-H/Page_PERKESO/H3. declAckLegalInd' is clicked on

2019-02-21 17:28:12 - [TEST_STEP][PASSED] - delay(2): Delayed 2 second(s)

2019-02-21 17:28:14 - [MESSAGE][PASSED] - Delayed 2 second(s)

2019-02-21 17:28:14 - [TEST_STEP][PASSED] - click(findTestObject("KeatMun/Form 7_default/OTC_Submit Form 7_Section F-G-H/Page_PERKESO/i1. mandatory_document1")): Object: 'Object Repository/KeatMun/Form 7_default/OTC_Submit Form 7_Section F-G-H/Page_PERKESO/i1. mandatory_document1' is clicked on

2019-02-21 17:28:14 - [MESSAGE][PASSED] - Object: 'Object Repository/KeatMun/Form 7_default/OTC_Submit Form 7_Section F-G-H/Page_PERKESO/i1. mandatory_document1' is clicked on

2019-02-21 17:28:14 - [TEST_STEP][PASSED] - delay(3): Delayed 3 second(s)

2019-02-21 17:28:17 - [MESSAGE][PASSED] - Delayed 3 second(s)

2019-02-21 17:28:17 - [TEST_STEP][PASSED] - sendKeys(findTestObject("KeatMun/Form 7_default/OTC_Submit Form 7_Section F-G-H/Page_PERKESO/i1.--Sila Pilih--_singleFil"), TextFilePathCommon + "\UploadDoc.txt"): Keys 'C:\Users\Admin\Documents\GitHub\PKSKatalon\PKS-EI-ES\Common Zone\UploadDoc.txt' sent to object: 'Object Repository/KeatMun/Form 7_default/OTC_Submit Form 7_Section F-G-H/Page_PERKESO/i1.--Sila Pilih--_singleFil'

2019-02-21 17:28:17 - [MESSAGE][PASSED] - Keys 'C:\Users\Admin\Documents\GitHub\PKSKatalon\PKS-EI-ES\Common Zone\UploadDoc.txt' sent to object: 'Object Repository/KeatMun/Form 7_default/OTC_Submit Form 7_Section F-G-H/Page_PERKESO/i1.--Sila Pilih--_singleFil'

2019-02-21 17:28:17 - [TEST_STEP][PASSED] - delay(3): Delayed 3 second(s)

2019-02-21 17:28:20 - [MESSAGE][PASSED] - Delayed 3 second(s)

2019-02-21 17:28:20 - [TEST_STEP][PASSED] - click(findTestObject("KeatMun/Form 7_default/OTC_Submit Form 7_Section F-G-H/Page_PERKESO/i1.Add - Tambah Dokumen (1)")): Object: 'Object Repository/KeatMun/Form 7_default/OTC_Submit Form 7_Section F-G-H/Page_PERKESO/i1.Add - Tambah Dokumen (1)' is clicked on

2019-02-21 17:28:20 - [MESSAGE][PASSED] - Object: 'Object Repository/KeatMun/Form 7_default/OTC_Submit Form 7_Section F-G-H/Page_PERKESO/i1.Add - Tambah Dokumen (1)' is clicked on

2019-02-21 17:28:20 - [TEST_STEP][PASSED] - delay(3): Delayed 3 second(s)

2019-02-21 17:28:23 - [MESSAGE][PASSED] - Delayed 3 second(s)

2019-02-21 17:28:23 - [TEST_STEP][PASSED] - acceptAlert(): Alert accepted

2019-02-21 17:28:23 - [MESSAGE][PASSED] - Alert accepted

2019-02-21 17:28:23 - [TEST_STEP][PASSED] - delay(3): Delayed 3 second(s)

2019-02-21 17:28:26 - [MESSAGE][PASSED] - Delayed 3 second(s)

2019-02-21 17:28:26 - [TEST_STEP][PASSED] - click(findTestObject("KeatMun/Form 7_default/OTC_Submit Form 7_Section F-G-H/Page_PERKESO/i2. mandatory_document2")): Object: 'Object Repository/KeatMun/Form 7_default/OTC_Submit Form 7_Section F-G-H/Page_PERKESO/i2. mandatory_document2' is clicked on

2019-02-21 17:28:27 - [MESSAGE][PASSED] - Object: 'Object Repository/KeatMun/Form 7_default/OTC_Submit Form 7_Section F-G-H/Page_PERKESO/i2. mandatory_document2' is clicked on

2019-02-21 17:28:27 - [TEST_STEP][PASSED] - delay(3): Delayed 3 second(s)

2019-02-21 17:28:30 - [MESSAGE][PASSED] - Delayed 3 second(s)

2019-02-21 17:28:30 - [TEST_STEP][PASSED] - click(findTestObject("KeatMun/Form 7_default/OTC_Submit Form 7_Section F-G-H/Page_PERKESO/i2. input_Ya_optradio")): Object: 'Object Repository/KeatMun/Form 7_default/OTC_Submit Form 7_Section F-G-H/Page_PERKESO/i2. input_Ya_optradio' is clicked on

2019-02-21 17:28:30 - [MESSAGE][PASSED] - Object: 'Object Repository/KeatMun/Form 7_default/OTC_Submit Form 7_Section F-G-H/Page_PERKESO/i2. input_Ya_optradio' is clicked on

2019-02-21 17:28:30 - [TEST_STEP][PASSED] - delay(3): Delayed 3 second(s)

2019-02-21 17:28:33 - [MESSAGE][PASSED] - Delayed 3 second(s)

2019-02-21 17:28:33 - [TEST_STEP][PASSED] - sendKeys(findTestObject("KeatMun/Form 7_default/OTC_Submit Form 7_Section F-G-H/Page_PERKESO/i1.--Sila Pilih--_singleFil"), TextFilePathCommon + "\UploadDoc.txt"): Keys 'C:\Users\Admin\Documents\GitHub\PKSKatalon\PKS-EI-ES\Common Zone\UploadDoc.txt' sent to object: 'Object Repository/KeatMun/Form 7_default/OTC_Submit Form 7_Section F-G-H/Page_PERKESO/i1.--Sila Pilih--_singleFil'

2019-02-21 17:28:33 - [MESSAGE][PASSED] - Keys 'C:\Users\Admin\Documents\GitHub\PKSKatalon\PKS-EI-ES\Common Zone\UploadDoc.txt' sent to object: 'Object Repository/KeatMun/Form 7_default/OTC_Submit Form 7_Section F-G-H/Page_PERKESO/i1.--Sila Pilih--_singleFil'

2019-02-21 17:28:33 - [TEST_STEP][PASSED] - delay(3): Delayed 3 second(s)

2019-02-21 17:28:36 - [MESSAGE][PASSED] - Delayed 3 second(s)

2019-02-21 17:28:36 - [TEST_STEP][PASSED] - click(findTestObject("KeatMun/Form 7_default/OTC_Submit Form 7_Section F-G-H/Page_PERKESO/i2. button_Tambah Dokumen")): Object: 'Object Repository/KeatMun/Form 7_default/OTC_Submit Form 7_Section F-G-H/Page_PERKESO/i2. button_Tambah Dokumen' is clicked on

2019-02-21 17:28:36 - [MESSAGE][PASSED] - Object: 'Object Repository/KeatMun/Form 7_default/OTC_Submit Form 7_Section F-G-H/Page_PERKESO/i2. button_Tambah Dokumen' is clicked on

2019-02-21 17:28:36 - [TEST_STEP][PASSED] - delay(3): Delayed 3 second(s)

2019-02-21 17:28:39 - [MESSAGE][PASSED] - Delayed 3 second(s)

2019-02-21 17:28:39 - [TEST_STEP][PASSED] - acceptAlert(): Alert accepted

2019-02-21 17:28:39 - [MESSAGE][PASSED] - Alert accepted

2019-02-21 17:28:39 - [TEST_STEP][PASSED] - delay(3): Delayed 3 second(s)

2019-02-21 17:28:42 - [MESSAGE][PASSED] - Delayed 3 second(s)

2019-02-21 17:28:42 - [TEST_STEP][PASSED] - click(findTestObject("KeatMun/Form 7_default/OTC_Submit Form 7_Section F-G-H/Page_PERKESO/i3. mandatory_document3")): Object: 'Object Repository/KeatMun/Form 7_default/OTC_Submit Form 7_Section F-G-H/Page_PERKESO/i3. mandatory_document3' is clicked on

2019-02-21 17:28:42 - [MESSAGE][PASSED] - Object: 'Object Repository/KeatMun/Form 7_default/OTC_Submit Form 7_Section F-G-H/Page_PERKESO/i3. mandatory_document3' is clicked on

2019-02-21 17:28:42 - [TEST_STEP][PASSED] - delay(3): Delayed 3 second(s)

2019-02-21 17:28:45 - [MESSAGE][PASSED] - Delayed 3 second(s)

2019-02-21 17:28:45 - [TEST_STEP][PASSED] - click(findTestObject("KeatMun/Form 7_default/OTC_Submit Form 7_Section F-G-H/Page_PERKESO/i2. input_Ya_optradio")): Object: 'Object Repository/KeatMun/Form 7_default/OTC_Submit Form 7_Section F-G-H/Page_PERKESO/i2. input_Ya_optradio' is clicked on

2019-02-21 17:28:45 - [MESSAGE][PASSED] - Object: 'Object Repository/KeatMun/Form 7_default/OTC_Submit Form 7_Section F-G-H/Page_PERKESO/i2. input_Ya_optradio' is clicked on

2019-02-21 17:28:45 - [TEST_STEP][PASSED] - delay(3): Delayed 3 second(s)

2019-02-21 17:28:48 - [MESSAGE][PASSED] - Delayed 3 second(s)

2019-02-21 17:28:48 - [TEST_STEP][PASSED] - sendKeys(findTestObject("KeatMun/Form 7_default/OTC_Submit Form 7_Section F-G-H/Page_PERKESO/i1.--Sila Pilih--_singleFil"), TextFilePathCommon + "\UploadDoc.txt"): Keys 'C:\Users\Admin\Documents\GitHub\PKSKatalon\PKS-EI-ES\Common Zone\UploadDoc.txt' sent to object: 'Object Repository/KeatMun/Form 7_default/OTC_Submit Form 7_Section F-G-H/Page_PERKESO/i1.--Sila Pilih--_singleFil'

2019-02-21 17:28:49 - [MESSAGE][PASSED] - Keys 'C:\Users\Admin\Documents\GitHub\PKSKatalon\PKS-EI-ES\Common Zone\UploadDoc.txt' sent to object: 'Object Repository/KeatMun/Form 7_default/OTC_Submit Form 7_Section F-G-H/Page_PERKESO/i1.--Sila Pilih--_singleFil'

2019-02-21 17:28:49 - [TEST_STEP][PASSED] - delay(3): Delayed 3 second(s)

2019-02-21 17:28:52 - [MESSAGE][PASSED] - Delayed 3 second(s)

2019-02-21 17:28:52 - [TEST_STEP][PASSED] - click(findTestObject("KeatMun/Form 7_default/OTC_Submit Form 7_Section F-G-H/Page_PERKESO/i2. button_Tambah Dokumen")): Object: 'Object Repository/KeatMun/Form 7_default/OTC_Submit Form 7_Section F-G-H/Page_PERKESO/i2. button_Tambah Dokumen' is clicked on

2019-02-21 17:28:52 - [MESSAGE][PASSED] - Object: 'Object Repository/KeatMun/Form 7_default/OTC_Submit Form 7_Section F-G-H/Page_PERKESO/i2. button_Tambah Dokumen' is clicked on

2019-02-21 17:28:52 - [TEST_STEP][PASSED] - delay(3): Delayed 3 second(s)

2019-02-21 17:28:55 - [MESSAGE][PASSED] - Delayed 3 second(s)

2019-02-21 17:28:55 - [TEST_STEP][PASSED] - acceptAlert(): Alert accepted

2019-02-21 17:28:55 - [MESSAGE][PASSED] - Alert accepted

2019-02-21 17:28:55 - [TEST_STEP][PASSED] - delay(3): Delayed 3 second(s)

2019-02-21 17:28:58 - [MESSAGE][PASSED] - Delayed 3 second(s)

2019-02-21 17:28:58 - [TEST_STEP][PASSED] - click(findTestObject("KeatMun/Form 7_default/OTC_Submit Form 7_Section F-G-H/Page_PERKESO/i4. mandatory_document4")): Object: 'Object Repository/KeatMun/Form 7_default/OTC_Submit Form 7_Section F-G-H/Page_PERKESO/i4. mandatory_document4' is clicked on

2019-02-21 17:28:58 - [MESSAGE][PASSED] - Object: 'Object Repository/KeatMun/Form 7_default/OTC_Submit Form 7_Section F-G-H/Page_PERKESO/i4. mandatory_document4' is clicked on

2019-02-21 17:28:58 - [TEST_STEP][PASSED] - delay(3): Delayed 3 second(s)

2019-02-21 17:29:01 - [MESSAGE][PASSED] - Delayed 3 second(s)

2019-02-21 17:29:01 - [TEST_STEP][PASSED] - click(findTestObject("KeatMun/Form 7_default/OTC_Submit Form 7_Section F-G-H/Page_PERKESO/i4. _Ya_optradio")): Object: 'Object Repository/KeatMun/Form 7_default/OTC_Submit Form 7_Section F-G-H/Page_PERKESO/i4. _Ya_optradio' is clicked on

2019-02-21 17:29:01 - [MESSAGE][PASSED] - Object: 'Object Repository/KeatMun/Form 7_default/OTC_Submit Form 7_Section F-G-H/Page_PERKESO/i4. _Ya_optradio' is clicked on

2019-02-21 17:29:01 - [TEST_STEP][PASSED] - delay(3): Delayed 3 second(s)

2019-02-21 17:29:04 - [MESSAGE][PASSED] - Delayed 3 second(s)

2019-02-21 17:29:04 - [TEST_STEP][PASSED] - sendKeys(findTestObject("KeatMun/Form 7_default/OTC_Submit Form 7_Section F-G-H/Page_PERKESO/i1.--Sila Pilih--_singleFil"), TextFilePathCommon + "\UploadDoc.txt"): Keys 'C:\Users\Admin\Documents\GitHub\PKSKatalon\PKS-EI-ES\Common Zone\UploadDoc.txt' sent to object: 'Object Repository/KeatMun/Form 7_default/OTC_Submit Form 7_Section F-G-H/Page_PERKESO/i1.--Sila Pilih--_singleFil'

2019-02-21 17:29:04 - [MESSAGE][PASSED] - Keys 'C:\Users\Admin\Documents\GitHub\PKSKatalon\PKS-EI-ES\Common Zone\UploadDoc.txt' sent to object: 'Object Repository/KeatMun/Form 7_default/OTC_Submit Form 7_Section F-G-H/Page_PERKESO/i1.--Sila Pilih--_singleFil'

2019-02-21 17:29:04 - [TEST_STEP][PASSED] - delay(3): Delayed 3 second(s)

2019-02-21 17:29:07 - [MESSAGE][PASSED] - Delayed 3 second(s)

2019-02-21 17:29:07 - [TEST_STEP][PASSED] - click(findTestObject("KeatMun/Form 7_default/OTC_Submit Form 7_Section F-G-H/Page_PERKESO/i2. button_Tambah Dokumen")): Object: 'Object Repository/KeatMun/Form 7_default/OTC_Submit Form 7_Section F-G-H/Page_PERKESO/i2. button_Tambah Dokumen' is clicked on

2019-02-21 17:29:07 - [MESSAGE][PASSED] - Object: 'Object Repository/KeatMun/Form 7_default/OTC_Submit Form 7_Section F-G-H/Page_PERKESO/i2. button_Tambah Dokumen' is clicked on

2019-02-21 17:29:07 - [TEST_STEP][PASSED] - delay(3): Delayed 3 second(s)

2019-02-21 17:29:10 - [MESSAGE][PASSED] - Delayed 3 second(s)

2019-02-21 17:29:10 - [TEST_STEP][PASSED] - acceptAlert(): Alert accepted

2019-02-21 17:29:10 - [MESSAGE][PASSED] - Alert accepted

2019-02-21 17:29:10 - [TEST_STEP][PASSED] - delay(3): Delayed 3 second(s)

2019-02-21 17:29:13 - [MESSAGE][PASSED] - Delayed 3 second(s)

2019-02-21 17:29:13 - [TEST_STEP][PASSED] - click(findTestObject("KeatMun/Form 7_default/OTC_Submit Form 7_Section F-G-H/Page_PERKESO/button_Hantar")): Object: 'Object Repository/KeatMun/Form 7_default/OTC_Submit Form 7_Section F-G-H/Page_PERKESO/button_Hantar' is clicked on

2019-02-21 17:29:13 - [MESSAGE][PASSED] - Object: 'Object Repository/KeatMun/Form 7_default/OTC_Submit Form 7_Section F-G-H/Page_PERKESO/button_Hantar' is clicked on

2019-02-21 17:29:13 - [TEST_STEP][PASSED] - delay(3): Delayed 3 second(s)

2019-02-21 17:29:16 - [MESSAGE][PASSED] - Delayed 3 second(s)

2019-02-21 17:29:16 - [TEST_STEP][PASSED] - UserName = getText(findTestObject("KeatMun/Form 7_default/OTC_Submit Form 7_Section F-G-H/Page_PERKESO/strong_FAST2")): Text of object 'Object Repository/KeatMun/Form 7_default/OTC_Submit Form 7_Section F-G-H/Page_PERKESO/strong_FAST2' is: 'A.FAIZAL BIN MOHAMED'

2019-02-21 17:29:17 - [MESSAGE][PASSED] - Text of object 'Object Repository/KeatMun/Form 7_default/OTC_Submit Form 7_Section F-G-H/Page_PERKESO/strong_FAST2' is: 'A.FAIZAL BIN MOHAMED'

2019-02-21 17:29:17 - [TEST_STEP][PASSED] - callTestCase(findTestCase("All TC/Arranged/1. Common/1.2 Setter/Setter UserName"), [:], STOP_ON_FAILURE): Call Test Case 'Test Cases/All TC/Arranged/1. Common/1.2 Setter/Setter UserName' successfully

2019-02-21 17:29:17 - [TEST_CASE][PASSED] - Test Cases/All TC/Arranged/1. Common/1.2 Setter/Setter UserName: Test Cases/All TC/Arranged/1. Common/1.2 Setter/Setter UserName

2019-02-21 17:29:17 - [TEST_STEP][PASSED] - RefNoOldFile = new java.io.File((internal.GlobalVariable.TextFilePathCommon + \getUser.txt)): null

2019-02-21 17:29:17 - [TEST_STEP][PASSED] - RefNoOldFile.delete(): null

2019-02-21 17:29:17 - [TEST_STEP][PASSED] - delay(5): Delayed 5 second(s)

2019-02-21 17:29:22 - [MESSAGE][PASSED] - Delayed 5 second(s)

2019-02-21 17:29:22 - [TEST_STEP][PASSED] - RefNo = new java.io.File((internal.GlobalVariable.TextFilePathCommon + \getUser.txt)): null

2019-02-21 17:29:22 - [TEST_STEP][PASSED] - f2 = new java.io.FileWriter(RefNo, false): null

2019-02-21 17:29:22 - [TEST_STEP][PASSED] - f2.write(UserName): null

2019-02-21 17:29:22 - [TEST_STEP][PASSED] - f2.close(): null

2019-02-21 17:29:22 - [TEST_STEP][PASSED] - out.println("


" + UserName + "


"): null

2019-02-21 17:29:22 - [MESSAGE][PASSED] - Call Test Case 'Test Cases/All TC/Arranged/1. Common/1.2 Setter/Setter UserName' successfully

2019-02-21 17:29:22 - [TEST_STEP][PASSED] - IC = getText(findTestObject("KeatMun/Form 7_default/OTC_Submit Form 7_Section F-G-H/Page_PERKESO/strong_950000140051")): Text of object 'Object Repository/KeatMun/Form 7_default/OTC_Submit Form 7_Section F-G-H/Page_PERKESO/strong_950000140051' is: '711225105227'

2019-02-21 17:29:22 - [MESSAGE][PASSED] - Text of object 'Object Repository/KeatMun/Form 7_default/OTC_Submit Form 7_Section F-G-H/Page_PERKESO/strong_950000140051' is: '711225105227'

2019-02-21 17:29:22 - [TEST_STEP][PASSED] - callTestCase(findTestCase("All TC/Arranged/1. Common/1.2 Setter/Setter IC"), [:], STOP_ON_FAILURE): Call Test Case 'Test Cases/All TC/Arranged/1. Common/1.2 Setter/Setter IC' successfully

2019-02-21 17:29:22 - [TEST_CASE][PASSED] - Test Cases/All TC/Arranged/1. Common/1.2 Setter/Setter IC: Test Cases/All TC/Arranged/1. Common/1.2 Setter/Setter IC

2019-02-21 17:29:22 - [TEST_STEP][PASSED] - RefNoOldFile = new java.io.File((internal.GlobalVariable.TextFilePathCommon + \getIC.txt)): null

2019-02-21 17:29:22 - [TEST_STEP][PASSED] - RefNoOldFile.delete(): null

2019-02-21 17:29:22 - [TEST_STEP][PASSED] - delay(5): Delayed 5 second(s)

2019-02-21 17:29:27 - [MESSAGE][PASSED] - Delayed 5 second(s)

2019-02-21 17:29:27 - [TEST_STEP][PASSED] - RefNo = new java.io.File((internal.GlobalVariable.TextFilePathCommon + \getIC.txt)): null

2019-02-21 17:29:27 - [TEST_STEP][PASSED] - f2 = new java.io.FileWriter(RefNo, false): null

2019-02-21 17:29:27 - [TEST_STEP][PASSED] - f2.write(IC): null

2019-02-21 17:29:27 - [TEST_STEP][PASSED] - f2.close(): null

2019-02-21 17:29:27 - [TEST_STEP][PASSED] - out.println("


" + IC + "


"): null

2019-02-21 17:29:27 - [MESSAGE][PASSED] - Call Test Case 'Test Cases/All TC/Arranged/1. Common/1.2 Setter/Setter IC' successfully

2019-02-21 17:29:27 - [TEST_STEP][PASSED] - CaseID = getText(findTestObject("KeatMun/Form 7_default/OTC_Submit Form 7_Section F-G-H/Page_PERKESO/strong_SIPE1119070000004")): Text of object 'Object Repository/KeatMun/Form 7_default/OTC_Submit Form 7_Section F-G-H/Page_PERKESO/strong_SIPE1119070000004' is: 'SIPE1119070000034'

2019-02-21 17:29:27 - [MESSAGE][PASSED] - Text of object 'Object Repository/KeatMun/Form 7_default/OTC_Submit Form 7_Section F-G-H/Page_PERKESO/strong_SIPE1119070000004' is: 'SIPE1119070000034'

2019-02-21 17:29:27 - [TEST_STEP][PASSED] - callTestCase(findTestCase("All TC/Arranged/1. Common/1.2 Setter/Setter Case ID"), [:], STOP_ON_FAILURE): Call Test Case 'Test Cases/All TC/Arranged/1. Common/1.2 Setter/Setter Case ID' successfully

2019-02-21 17:29:27 - [TEST_CASE][PASSED] - Test Cases/All TC/Arranged/1. Common/1.2 Setter/Setter Case ID: Test Cases/All TC/Arranged/1. Common/1.2 Setter/Setter Case ID

2019-02-21 17:29:27 - [TEST_STEP][PASSED] - RefNoOldFile = new java.io.File((internal.GlobalVariable.TextFilePathCommon + \getCaseID.txt)): null

2019-02-21 17:29:27 - [TEST_STEP][PASSED] - RefNoOldFile.delete(): null

2019-02-21 17:29:27 - [TEST_STEP][PASSED] - delay(5): Delayed 5 second(s)

2019-02-21 17:29:32 - [MESSAGE][PASSED] - Delayed 5 second(s)

2019-02-21 17:29:32 - [TEST_STEP][PASSED] - RefNo = new java.io.File((internal.GlobalVariable.TextFilePathCommon + \getCaseID.txt)): null

2019-02-21 17:29:32 - [TEST_STEP][PASSED] - f2 = new java.io.FileWriter(RefNo, false): null

2019-02-21 17:29:32 - [TEST_STEP][PASSED] - f2.write(CaseID): null

2019-02-21 17:29:32 - [TEST_STEP][PASSED] - f2.close(): null

2019-02-21 17:29:32 - [TEST_STEP][PASSED] - out.println("


" + CaseID + "


"): null

2019-02-21 17:29:32 - [MESSAGE][PASSED] - Call Test Case 'Test Cases/All TC/Arranged/1. Common/1.2 Setter/Setter Case ID' successfully

2019-02-21 17:29:32 - [TEST_STEP][PASSED] - Password = getText(findTestObject("KeatMun/Form 7_default/OTC_Submit Form 7_Section F-G-H/Page_PERKESO/strong_OOPQe0i4")): Text of object 'Object Repository/KeatMun/Form 7_default/OTC_Submit Form 7_Section F-G-H/Page_PERKESO/strong_OOPQe0i4' is: 'v5r2Rsu0'

2019-02-21 17:29:32 - [MESSAGE][PASSED] - Text of object 'Object Repository/KeatMun/Form 7_default/OTC_Submit Form 7_Section F-G-H/Page_PERKESO/strong_OOPQe0i4' is: 'v5r2Rsu0'

2019-02-21 17:29:32 - [TEST_STEP][PASSED] - callTestCase(findTestCase("All TC/Arranged/1. Common/1.2 Setter/Setter Password"), [:], STOP_ON_FAILURE): Call Test Case 'Test Cases/All TC/Arranged/1. Common/1.2 Setter/Setter Password' successfully

2019-02-21 17:29:32 - [TEST_CASE][PASSED] - Test Cases/All TC/Arranged/1. Common/1.2 Setter/Setter Password: Test Cases/All TC/Arranged/1. Common/1.2 Setter/Setter Password

2019-02-21 17:29:32 - [TEST_STEP][PASSED] - RefNoOldFile = new java.io.File((internal.GlobalVariable.TextFilePathCommon + \getPassword.txt)): null

2019-02-21 17:29:32 - [TEST_STEP][PASSED] - RefNoOldFile.delete(): null

2019-02-21 17:29:32 - [TEST_STEP][PASSED] - delay(5): Delayed 5 second(s)

2019-02-21 17:29:37 - [MESSAGE][PASSED] - Delayed 5 second(s)

2019-02-21 17:29:37 - [TEST_STEP][PASSED] - RefNo = new java.io.File((internal.GlobalVariable.TextFilePathCommon + \getPassword.txt)): null

2019-02-21 17:29:37 - [TEST_STEP][PASSED] - f2 = new java.io.FileWriter(RefNo, false): null

2019-02-21 17:29:37 - [TEST_STEP][PASSED] - f2.write(Password): null

2019-02-21 17:29:37 - [TEST_STEP][PASSED] - f2.close(): null

2019-02-21 17:29:37 - [TEST_STEP][PASSED] - out.println("


" + Password + "


"): null

2019-02-21 17:29:37 - [MESSAGE][PASSED] - Call Test Case 'Test Cases/All TC/Arranged/1. Common/1.2 Setter/Setter Password' successfully

2019-02-21 17:29:37 - [MESSAGE][PASSED] - Call Test Case 'Test Cases/All TC/Arranged/3. Unit/EI/Form 7_default/OTC_Submit Form 7_Section F-G-H - EFT' successfully

2019-02-21 17:29:37 - [MESSAGE][PASSED] - Call Test Case 'Test Cases/All TC/Arranged/2. Segment/OTC_Submit Form 7_End to End - EFT' successfully

2019-02-21 17:29:37 - [TEST_STEP][PASSED] - callTestCase(findTestCase("All TC/Arranged/2. Segment/2.2 Check Status/Check Status - Case ID"), [:], STOP_ON_FAILURE): Call Test Case 'Test Cases/All TC/Arranged/2. Segment/2.2 Check Status/Check Status - Case ID' successfully

2019-02-21 17:29:37 - [TEST_CASE][PASSED] - Test Cases/All TC/Arranged/2. Segment/2.2 Check Status/Check Status - Case ID: Test Cases/All TC/Arranged/2. Segment/2.2 Check Status/Check Status - Case ID

2019-02-21 17:29:37 - [TEST_STEP][PASSED] - openBrowser(""): Browser is opened with url: ''

2019-02-21 17:29:37 - [MESSAGE][WARNING] - A browser is already opened. Closing browser and opening a new one

2019-02-21 17:29:38 - [MESSAGE][INFO] - Starting 'Chrome' driver

2019-02-21 17:29:38 - [MESSAGE][INFO] - User set preference: ['args', '[--start-maximized]']

2019-02-21 17:29:40 - [MESSAGE][PASSED] - Browser is opened with url: ''

2019-02-21 17:29:40 - [TEST_STEP][PASSED] - navigateToUrl(Internal_Login): Navigate to 'http://10.20.24.188/eisportal/user/login' successfully

2019-02-21 17:29:41 - [MESSAGE][PASSED] - Navigate to 'http://10.20.24.188/eisportal/user/login' successfully

2019-02-21 17:29:41 - [TEST_STEP][PASSED] - setText(findTestObject("KinJun/2.0 Check Status/Check Status - Case ID/Page_PERKESO/Input Username"), "nadia.harun@perkeso.gov.my"): Text 'nadia.harun@perkeso.gov.my' is set on object 'Object Repository/KinJun/2.0 Check Status/Check Status - Case ID/Page_PERKESO/Input Username'

2019-02-21 17:29:42 - [MESSAGE][PASSED] - Text 'nadia.harun@perkeso.gov.my' is set on object 'Object Repository/KinJun/2.0 Check Status/Check Status - Case ID/Page_PERKESO/Input Username'

2019-02-21 17:29:42 - [TEST_STEP][PASSED] - setEncryptedText(findTestObject("KinJun/2.0 Check Status/Check Status - Case ID/Page_PERKESO/Input Password"), "CQqwFZlbeC8="): Text ****** has been set on object 'Object Repository/KinJun/2.0 Check Status/Check Status - Case ID/Page_PERKESO/Input Password'

2019-02-21 17:29:43 - [MESSAGE][PASSED] - Text ****** has been set on object 'Object Repository/KinJun/2.0 Check Status/Check Status - Case ID/Page_PERKESO/Input Password'

2019-02-21 17:29:43 - [TEST_STEP][PASSED] - click(findTestObject("KinJun/2.0 Check Status/Check Status - Case ID/Page_PERKESO/Btn Login")): Object: 'Object Repository/KinJun/2.0 Check Status/Check Status - Case ID/Page_PERKESO/Btn Login' is clicked on

2019-02-21 17:29:44 - [MESSAGE][PASSED] - Object: 'Object Repository/KinJun/2.0 Check Status/Check Status - Case ID/Page_PERKESO/Btn Login' is clicked on

2019-02-21 17:29:44 - [TEST_STEP][PASSED] - delay(3): Delayed 3 second(s)

2019-02-21 17:29:47 - [MESSAGE][PASSED] - Delayed 3 second(s)

2019-02-21 17:29:47 - [TEST_STEP][PASSED] - callTestCase(findTestCase("All TC/Arranged/1. Common/1.1 Getter/Getter IC"), [:], STOP_ON_FAILURE): Call Test Case 'Test Cases/All TC/Arranged/1. Common/1.1 Getter/Getter IC' successfully

2019-02-21 17:29:47 - [TEST_CASE][PASSED] - Test Cases/All TC/Arranged/1. Common/1.1 Getter/Getter IC: Test Cases/All TC/Arranged/1. Common/1.1 Getter/Getter IC

2019-02-21 17:29:47 - [TEST_STEP][PASSED] - try: null

2019-02-21 17:29:47 - [TEST_STEP][PASSED] - RefNo = new java.io.File((internal.GlobalVariable.TextFilePathCommon + \getIC.txt)): null

2019-02-21 17:29:47 - [TEST_STEP][PASSED] - bufferread = new java.io.BufferedReader(new java.io.FileReader(RefNo)): null

2019-02-21 17:29:47 - [TEST_STEP][PASSED] - readedVal = bufferread.readLine(): null

2019-02-21 17:29:47 - [TEST_STEP][PASSED] - out.println(IC): null

2019-02-21 17:29:47 - [TEST_STEP][PASSED] - out.println(readedVal): null

2019-02-21 17:29:47 - [TEST_STEP][PASSED] - IC = "": null

2019-02-21 17:29:47 - [TEST_STEP][PASSED] - IC = readedVal: null

2019-02-21 17:29:47 - [MESSAGE][PASSED] - Call Test Case 'Test Cases/All TC/Arranged/1. Common/1.1 Getter/Getter IC' successfully

2019-02-21 17:29:47 - [TEST_STEP][PASSED] - setText(findTestObject("KinJun/2.0 Check Status/Check Status - Case ID/Page_PERKESO/Input IC"), IC): Text '711225105227' is set on object 'Object Repository/KinJun/2.0 Check Status/Check Status - Case ID/Page_PERKESO/Input IC'

2019-02-21 17:29:47 - [MESSAGE][PASSED] - Text '711225105227' is set on object 'Object Repository/KinJun/2.0 Check Status/Check Status - Case ID/Page_PERKESO/Input IC'

2019-02-21 17:29:47 - [TEST_STEP][PASSED] - delay(3): Delayed 3 second(s)

2019-02-21 17:29:50 - [MESSAGE][PASSED] - Delayed 3 second(s)

2019-02-21 17:29:50 - [TEST_STEP][PASSED] - click(findTestObject("KinJun/2.0 Check Status/Check Status - Case ID/Page_PERKESO/Btn Check")): Object: 'Object Repository/KinJun/2.0 Check Status/Check Status - Case ID/Page_PERKESO/Btn Check' is clicked on

2019-02-21 17:29:50 - [MESSAGE][PASSED] - Object: 'Object Repository/KinJun/2.0 Check Status/Check Status - Case ID/Page_PERKESO/Btn Check' is clicked on

2019-02-21 17:29:50 - [TEST_STEP][PASSED] - UserName = getText(findTestObject("KinJun/2.0 Check Status/Check Status - Case ID/Page_PERKESO/TD Username")): Text of object 'Object Repository/KinJun/2.0 Check Status/Check Status - Case ID/Page_PERKESO/TD Username' is: 'JHEIO4'

2019-02-21 17:29:50 - [MESSAGE][PASSED] - Text of object 'Object Repository/KinJun/2.0 Check Status/Check Status - Case ID/Page_PERKESO/TD Username' is: 'JHEIO4'

2019-02-21 17:29:50 - [TEST_STEP][PASSED] - callTestCase(findTestCase("All TC/Arranged/1. Common/1.2 Setter/Setter UserName"), [:], STOP_ON_FAILURE): Call Test Case 'Test Cases/All TC/Arranged/1. Common/1.2 Setter/Setter UserName' successfully

2019-02-21 17:29:51 - [TEST_CASE][PASSED] - Test Cases/All TC/Arranged/1. Common/1.2 Setter/Setter UserName: Test Cases/All TC/Arranged/1. Common/1.2 Setter/Setter UserName

2019-02-21 17:29:51 - [TEST_STEP][PASSED] - RefNoOldFile = new java.io.File((internal.GlobalVariable.TextFilePathCommon + \getUser.txt)): null

2019-02-21 17:29:51 - [TEST_STEP][PASSED] - RefNoOldFile.delete(): null

2019-02-21 17:29:51 - [TEST_STEP][PASSED] - delay(5): Delayed 5 second(s)

2019-02-21 17:29:56 - [MESSAGE][PASSED] - Delayed 5 second(s)

2019-02-21 17:29:56 - [TEST_STEP][PASSED] - RefNo = new java.io.File((internal.GlobalVariable.TextFilePathCommon + \getUser.txt)): null

2019-02-21 17:29:56 - [TEST_STEP][PASSED] - f2 = new java.io.FileWriter(RefNo, false): null

2019-02-21 17:29:56 - [TEST_STEP][PASSED] - f2.write(UserName): null

2019-02-21 17:29:56 - [TEST_STEP][PASSED] - f2.close(): null

2019-02-21 17:29:56 - [TEST_STEP][PASSED] - out.println("


" + UserName + "


"): null

2019-02-21 17:29:56 - [MESSAGE][PASSED] - Call Test Case 'Test Cases/All TC/Arranged/1. Common/1.2 Setter/Setter UserName' successfully

2019-02-21 17:29:56 - [TEST_STEP][PASSED] - click(findTestObject("KinJun/2.0 Check Status/Check Status - Case ID/Page_PERKESO/Click Username")): Object: 'Object Repository/KinJun/2.0 Check Status/Check Status - Case ID/Page_PERKESO/Click Username' is clicked on

2019-02-21 17:29:56 - [MESSAGE][PASSED] - Object: 'Object Repository/KinJun/2.0 Check Status/Check Status - Case ID/Page_PERKESO/Click Username' is clicked on

2019-02-21 17:29:56 - [TEST_STEP][PASSED] - delay(3): Delayed 3 second(s)

2019-02-21 17:29:59 - [MESSAGE][PASSED] - Delayed 3 second(s)

2019-02-21 17:29:59 - [TEST_STEP][PASSED] - click(findTestObject("KinJun/2.0 Check Status/Check Status - Case ID/Page_PERKESO/Log Out")): Object: 'Object Repository/KinJun/2.0 Check Status/Check Status - Case ID/Page_PERKESO/Log Out' is clicked on

2019-02-21 17:29:59 - [MESSAGE][PASSED] - Object: 'Object Repository/KinJun/2.0 Check Status/Check Status - Case ID/Page_PERKESO/Log Out' is clicked on

2019-02-21 17:29:59 - [MESSAGE][PASSED] - Call Test Case 'Test Cases/All TC/Arranged/2. Segment/2.2 Check Status/Check Status - Case ID' successfully

2019-02-21 17:29:59 - [TEST_STEP][PASSED] - callTestCase(findTestCase("All TC/Arranged/1. Common/IC List Remover"), [:], STOP_ON_FAILURE): Call Test Case 'Test Cases/All TC/Arranged/1. Common/IC List Remover' successfully

2019-02-21 17:30:00 - [TEST_CASE][PASSED] - Test Cases/All TC/Arranged/1. Common/IC List Remover: Test Cases/All TC/Arranged/1. Common/IC List Remover

2019-02-21 17:30:00 - [TEST_STEP][PASSED] - counter = 0: null

2019-02-21 17:30:00 - [TEST_STEP][PASSED] - fis = new java.io.FileInputStream((internal.GlobalVariable.TextFilePathCommon + /IC.xlsx)): null

2019-02-21 17:30:00 - [TEST_STEP][PASSED] - workbook = new org.apache.poi.xssf.usermodel.XSSFWorkbook(fis): null

2019-02-21 17:30:00 - [TEST_STEP][PASSED] - sheet = workbook.getSheet("Sheet1"): null

2019-02-21 17:30:00 - [TEST_STEP][PASSED] - totalRow = sheet.getLastRowNum(): null

2019-02-21 17:30:00 - [TEST_STEP][PASSED] - out.println(totalRow): null

2019-02-21 17:30:00 - [TEST_STEP][PASSED] - row = sheet.getRow(counter): null

2019-02-21 17:30:00 - [TEST_STEP][PASSED] - cell = row.getCell(counter): null

2019-02-21 17:30:00 - [TEST_STEP][PASSED] - out.println("removing this value : " + cell.getStringCellValue()): null

2019-02-21 17:30:00 - [TEST_STEP][PASSED] - sheet.removeRow(sheet.getRow(counter)): null

2019-02-21 17:30:00 - [TEST_STEP][PASSED] - sheet.shiftRows(counter + 1, totalRow, -1): null

2019-02-21 17:30:00 - [TEST_STEP][PASSED] - fos = new java.io.FileOutputStream((internal.GlobalVariable.TextFilePathCommon + /IC.xlsx)): null

2019-02-21 17:30:00 - [TEST_STEP][PASSED] - workbook.write(fos): null

2019-02-21 17:30:00 - [TEST_STEP][PASSED] - fos.close(): null

2019-02-21 17:30:00 - [MESSAGE][PASSED] - Call Test Case 'Test Cases/All TC/Arranged/1. Common/IC List Remover' successfully

2019-02-21 17:30:00 - [TEST_STEP][FAILED] - callTestCase(findTestCase("All TC/Arranged/2. Segment/2.31 RIA Application/EIO Internal Login - RIA Application - Reject"), [:], STOP_ON_FAILURE): callTestCase(findTestCase("All TC/Arranged/2. Segment/2.31 RIA Application/EIO Internal Login - RIA Application - Reject"), [:], STOP_ON_FAILURE) FAILED.
Reason:
com.kms.katalon.core.exception.StepFailedException: Unable to click on object 'Object Repository/KinJun/3.1 RIA Application/EIO Internal Login - RIA Application - Reject/Page_PERKESO/Log Out' (Root cause: com.kms.katalon.core.webui.exception.WebElementNotFoundException: Web element with id: 'Object Repository/KinJun/3.1 RIA Application/EIO Internal Login - RIA Application - Reject/Page_PERKESO/Log Out' located by 'By.xpath: //a[@href = 'javascript:logoutFormSubmit()' and (text() = 'Log Out' or . = 'Log Out')]' not found)
	at com.kms.katalon.core.keyword.internal.KeywordMain.stepFailed(KeywordMain.groovy:36)
	at com.kms.katalon.core.webui.keyword.internal.WebUIKeywordMain.stepFailed(WebUIKeywordMain.groovy:65)
	at com.kms.katalon.core.webui.keyword.internal.WebUIKeywordMain.runKeyword(WebUIKeywordMain.groovy:27)
	at com.kms.katalon.core.webui.keyword.builtin.ClickKeyword.click(ClickKeyword.groovy:86)
	at com.kms.katalon.core.webui.keyword.builtin.ClickKeyword.execute(ClickKeyword.groovy:67)
	at com.kms.katalon.core.keyword.internal.KeywordExecutor.executeKeywordForPlatform(KeywordExecutor.groovy:53)
	at com.kms.katalon.core.webui.keyword.WebUiBuiltInKeywords.click(WebUiBuiltInKeywords.groovy:616)
	at com.kms.katalon.core.webui.keyword.WebUiBuiltInKeywords$click$3.call(Unknown Source)
	at EIO Internal Login - RIA Application - Reject.run(EIO Internal Login - RIA Application - Reject:91)
	at com.kms.katalon.core.main.ScriptEngine.run(ScriptEngine.java:194)
	at com.kms.katalon.core.main.ScriptEngine.runScriptAsRawText(ScriptEngine.java:119)
	at com.kms.katalon.core.main.TestCaseExecutor.runScript(TestCaseExecutor.java:328)
	at com.kms.katalon.core.main.TestCaseExecutor.doExecute(TestCaseExecutor.java:319)
	at com.kms.katalon.core.main.TestCaseExecutor.processExecutionPhase(TestCaseExecutor.java:298)
	at com.kms.katalon.core.main.TestCaseExecutor.accessMainPhase(TestCaseExecutor.java:290)
	at com.kms.katalon.core.main.TestCaseExecutor.execute(TestCaseExecutor.java:224)
	at com.kms.katalon.core.main.TestCaseMain.runTestCase(TestCaseMain.java:106)
	at com.kms.katalon.core.keyword.builtin.CallTestCaseKeyword$_callTestCase_closure1.doCall(CallTestCaseKeyword.groovy:59)
	at com.kms.katalon.core.keyword.builtin.CallTestCaseKeyword$_callTestCase_closure1.call(CallTestCaseKeyword.groovy)
	at com.kms.katalon.core.keyword.internal.KeywordMain.runKeyword(KeywordMain.groovy:54)
	at com.kms.katalon.core.keyword.builtin.CallTestCaseKeyword.callTestCase(CallTestCaseKeyword.groovy:80)
	at com.kms.katalon.core.keyword.builtin.CallTestCaseKeyword.execute(CallTestCaseKeyword.groovy:44)
	at com.kms.katalon.core.keyword.internal.KeywordExecutor.executeKeywordForPlatform(KeywordExecutor.groovy:53)
	at com.kms.katalon.core.keyword.BuiltinKeywords.callTestCase(BuiltinKeywords.groovy:334)
	at Reject Application - RIA.run(Reject Application - RIA:22)
	at com.kms.katalon.core.main.ScriptEngine.run(ScriptEngine.java:194)
	at com.kms.katalon.core.main.ScriptEngine.runScriptAsRawText(ScriptEngine.java:119)
	at com.kms.katalon.core.main.TestCaseExecutor.runScript(TestCaseExecutor.java:328)
	at com.kms.katalon.core.main.TestCaseExecutor.doExecute(TestCaseExecutor.java:319)
	at com.kms.katalon.core.main.TestCaseExecutor.processExecutionPhase(TestCaseExecutor.java:298)
	at com.kms.katalon.core.main.TestCaseExecutor.accessMainPhase(TestCaseExecutor.java:290)
	at com.kms.katalon.core.main.TestCaseExecutor.execute(TestCaseExecutor.java:224)
	at com.kms.katalon.core.main.TestSuiteExecutor.accessTestCaseMainPhase(TestSuiteExecutor.java:129)
	at com.kms.katalon.core.main.TestSuiteExecutor.accessTestSuiteMainPhase(TestSuiteExecutor.java:112)
	at com.kms.katalon.core.main.TestSuiteExecutor.execute(TestSuiteExecutor.java:81)
	at com.kms.katalon.core.main.TestCaseMain.startTestSuite(TestCaseMain.java:149)
	at com.kms.katalon.core.main.TestCaseMain$startTestSuite$0.call(Unknown Source)
	at TempTestSuite1550738418733.run(TempTestSuite1550738418733.groovy:36)


2019-02-21 17:30:00 - [TEST_CASE][FAILED] - Test Cases/All TC/Arranged/2. Segment/2.31 RIA Application/EIO Internal Login - RIA Application - Reject: Test Cases/All TC/Arranged/2. Segment/2.31 RIA Application/EIO Internal Login - RIA Application - Reject FAILED.
Reason:
com.kms.katalon.core.exception.StepFailedException: Unable to click on object 'Object Repository/KinJun/3.1 RIA Application/EIO Internal Login - RIA Application - Reject/Page_PERKESO/Log Out' (Root cause: com.kms.katalon.core.webui.exception.WebElementNotFoundException: Web element with id: 'Object Repository/KinJun/3.1 RIA Application/EIO Internal Login - RIA Application - Reject/Page_PERKESO/Log Out' located by 'By.xpath: //a[@href = 'javascript:logoutFormSubmit()' and (text() = 'Log Out' or . = 'Log Out')]' not found)
	at com.kms.katalon.core.keyword.internal.KeywordMain.stepFailed(KeywordMain.groovy:36)
	at com.kms.katalon.core.webui.keyword.internal.WebUIKeywordMain.stepFailed(WebUIKeywordMain.groovy:65)
	at com.kms.katalon.core.webui.keyword.internal.WebUIKeywordMain.runKeyword(WebUIKeywordMain.groovy:27)
	at com.kms.katalon.core.webui.keyword.builtin.ClickKeyword.click(ClickKeyword.groovy:86)
	at com.kms.katalon.core.webui.keyword.builtin.ClickKeyword.execute(ClickKeyword.groovy:67)
	at com.kms.katalon.core.keyword.internal.KeywordExecutor.executeKeywordForPlatform(KeywordExecutor.groovy:53)
	at com.kms.katalon.core.webui.keyword.WebUiBuiltInKeywords.click(WebUiBuiltInKeywords.groovy:616)
	at com.kms.katalon.core.webui.keyword.WebUiBuiltInKeywords$click$3.call(Unknown Source)
	at EIO Internal Login - RIA Application - Reject.run(EIO Internal Login - RIA Application - Reject:91)
	at com.kms.katalon.core.main.ScriptEngine.run(ScriptEngine.java:194)
	at com.kms.katalon.core.main.ScriptEngine.runScriptAsRawText(ScriptEngine.java:119)
	at com.kms.katalon.core.main.TestCaseExecutor.runScript(TestCaseExecutor.java:328)
	at com.kms.katalon.core.main.TestCaseExecutor.doExecute(TestCaseExecutor.java:319)
	at com.kms.katalon.core.main.TestCaseExecutor.processExecutionPhase(TestCaseExecutor.java:298)
	at com.kms.katalon.core.main.TestCaseExecutor.accessMainPhase(TestCaseExecutor.java:290)
	at com.kms.katalon.core.main.TestCaseExecutor.execute(TestCaseExecutor.java:224)
	at com.kms.katalon.core.main.TestCaseMain.runTestCase(TestCaseMain.java:106)
	at com.kms.katalon.core.keyword.builtin.CallTestCaseKeyword$_callTestCase_closure1.doCall(CallTestCaseKeyword.groovy:59)
	at com.kms.katalon.core.keyword.builtin.CallTestCaseKeyword$_callTestCase_closure1.call(CallTestCaseKeyword.groovy)
	at com.kms.katalon.core.keyword.internal.KeywordMain.runKeyword(KeywordMain.groovy:54)
	at com.kms.katalon.core.keyword.builtin.CallTestCaseKeyword.callTestCase(CallTestCaseKeyword.groovy:80)
	at com.kms.katalon.core.keyword.builtin.CallTestCaseKeyword.execute(CallTestCaseKeyword.groovy:44)
	at com.kms.katalon.core.keyword.internal.KeywordExecutor.executeKeywordForPlatform(KeywordExecutor.groovy:53)
	at com.kms.katalon.core.keyword.BuiltinKeywords.callTestCase(BuiltinKeywords.groovy:334)
	at Reject Application - RIA.run(Reject Application - RIA:22)
	at com.kms.katalon.core.main.ScriptEngine.run(ScriptEngine.java:194)
	at com.kms.katalon.core.main.ScriptEngine.runScriptAsRawText(ScriptEngine.java:119)
	at com.kms.katalon.core.main.TestCaseExecutor.runScript(TestCaseExecutor.java:328)
	at com.kms.katalon.core.main.TestCaseExecutor.doExecute(TestCaseExecutor.java:319)
	at com.kms.katalon.core.main.TestCaseExecutor.processExecutionPhase(TestCaseExecutor.java:298)
	at com.kms.katalon.core.main.TestCaseExecutor.accessMainPhase(TestCaseExecutor.java:290)
	at com.kms.katalon.core.main.TestCaseExecutor.execute(TestCaseExecutor.java:224)
	at com.kms.katalon.core.main.TestSuiteExecutor.accessTestCaseMainPhase(TestSuiteExecutor.java:129)
	at com.kms.katalon.core.main.TestSuiteExecutor.accessTestSuiteMainPhase(TestSuiteExecutor.java:112)
	at com.kms.katalon.core.main.TestSuiteExecutor.execute(TestSuiteExecutor.java:81)
	at com.kms.katalon.core.main.TestCaseMain.startTestSuite(TestCaseMain.java:149)
	at com.kms.katalon.core.main.TestCaseMain$startTestSuite$0.call(Unknown Source)
	at TempTestSuite1550738418733.run(TempTestSuite1550738418733.groovy:36)


2019-02-21 17:30:00 - [TEST_STEP][PASSED] - openBrowser(""): Browser is opened with url: ''

2019-02-21 17:30:00 - [MESSAGE][WARNING] - A browser is already opened. Closing browser and opening a new one

2019-02-21 17:30:01 - [MESSAGE][INFO] - Starting 'Chrome' driver

2019-02-21 17:30:01 - [MESSAGE][INFO] - User set preference: ['args', '[--start-maximized]']

2019-02-21 17:30:03 - [MESSAGE][PASSED] - Browser is opened with url: ''

2019-02-21 17:30:03 - [TEST_STEP][PASSED] - navigateToUrl(Internal_Login): Navigate to 'http://10.20.24.188/eisportal/user/login' successfully

2019-02-21 17:30:04 - [MESSAGE][PASSED] - Navigate to 'http://10.20.24.188/eisportal/user/login' successfully

2019-02-21 17:30:04 - [TEST_STEP][PASSED] - callTestCase(findTestCase("All TC/Arranged/1. Common/Internal Email Finder"), [:], STOP_ON_FAILURE): Call Test Case 'Test Cases/All TC/Arranged/1. Common/Internal Email Finder' successfully

2019-02-21 17:30:04 - [TEST_CASE][PASSED] - Test Cases/All TC/Arranged/1. Common/Internal Email Finder: Test Cases/All TC/Arranged/1. Common/Internal Email Finder

2019-02-21 17:30:04 - [TEST_STEP][PASSED] - callTestCase(findTestCase("All TC/Arranged/1. Common/1.1 Getter/Getter UserName"), [:], CONTINUE_ON_FAILURE): Call Test Case 'Test Cases/All TC/Arranged/1. Common/1.1 Getter/Getter UserName' successfully

2019-02-21 17:30:04 - [TEST_CASE][PASSED] - Test Cases/All TC/Arranged/1. Common/1.1 Getter/Getter UserName: Test Cases/All TC/Arranged/1. Common/1.1 Getter/Getter UserName

2019-02-21 17:30:04 - [TEST_STEP][PASSED] - try: null

2019-02-21 17:30:04 - [TEST_STEP][PASSED] - RefNo = new java.io.File((internal.GlobalVariable.TextFilePathCommon + \getUser.txt)): null

2019-02-21 17:30:04 - [TEST_STEP][PASSED] - bufferread = new java.io.BufferedReader(new java.io.FileReader(RefNo)): null

2019-02-21 17:30:04 - [TEST_STEP][PASSED] - readedVal = bufferread.readLine(): null

2019-02-21 17:30:04 - [TEST_STEP][PASSED] - out.println(UserName): null

2019-02-21 17:30:04 - [TEST_STEP][PASSED] - out.println(readedVal): null

2019-02-21 17:30:04 - [TEST_STEP][PASSED] - UserName = "": null

2019-02-21 17:30:04 - [TEST_STEP][PASSED] - UserName = readedVal: null

2019-02-21 17:30:04 - [MESSAGE][PASSED] - Call Test Case 'Test Cases/All TC/Arranged/1. Common/1.1 Getter/Getter UserName' successfully

2019-02-21 17:30:04 - [TEST_STEP][PASSED] - StrA = UserName: null

2019-02-21 17:30:04 - [TEST_STEP][PASSED] - StrB = <not implemented yet for class: org.codehaus.groovy.ast.expr.EmptyExpression>: null

2019-02-21 17:30:04 - [TEST_STEP][PASSED] - Counter = 1: null

2019-02-21 17:30:04 - [TEST_STEP][PASSED] - while (!(StrB.equals(StrA)) && !(Counter > findTestData("Internal User List").getRowNumbers())): null

2019-02-21 17:30:04 - [TEST_STEP][PASSED] - StrB = findTestData("Internal User List").getValue(2, Counter): null

2019-02-21 17:30:04 - [TEST_STEP][PASSED] - if (StrB.equals(StrA)): null

2019-02-21 17:30:04 - [TEST_STEP][PASSED] - (Counter++): null

2019-02-21 17:30:04 - [TEST_STEP][PASSED] - StrB = findTestData("Internal User List").getValue(2, Counter): null

2019-02-21 17:30:04 - [TEST_STEP][PASSED] - if (StrB.equals(StrA)): null

2019-02-21 17:30:04 - [TEST_STEP][PASSED] - (Counter++): null

2019-02-21 17:30:04 - [TEST_STEP][PASSED] - StrB = findTestData("Internal User List").getValue(2, Counter): null

2019-02-21 17:30:04 - [TEST_STEP][PASSED] - if (StrB.equals(StrA)): null

2019-02-21 17:30:04 - [TEST_STEP][PASSED] - (Counter++): null

2019-02-21 17:30:04 - [TEST_STEP][PASSED] - StrB = findTestData("Internal User List").getValue(2, Counter): null

2019-02-21 17:30:04 - [TEST_STEP][PASSED] - if (StrB.equals(StrA)): null

2019-02-21 17:30:04 - [TEST_STEP][PASSED] - (Counter++): null

2019-02-21 17:30:04 - [TEST_STEP][PASSED] - StrB = findTestData("Internal User List").getValue(2, Counter): null

2019-02-21 17:30:04 - [TEST_STEP][PASSED] - if (StrB.equals(StrA)): null

2019-02-21 17:30:04 - [TEST_STEP][PASSED] - (Counter++): null

2019-02-21 17:30:04 - [TEST_STEP][PASSED] - StrB = findTestData("Internal User List").getValue(2, Counter): null

2019-02-21 17:30:04 - [TEST_STEP][PASSED] - if (StrB.equals(StrA)): null

2019-02-21 17:30:04 - [TEST_STEP][PASSED] - (Counter++): null

2019-02-21 17:30:04 - [TEST_STEP][PASSED] - StrB = findTestData("Internal User List").getValue(2, Counter): null

2019-02-21 17:30:05 - [TEST_STEP][PASSED] - if (StrB.equals(StrA)): null

2019-02-21 17:30:05 - [TEST_STEP][PASSED] - (Counter++): null

2019-02-21 17:30:05 - [TEST_STEP][PASSED] - StrB = findTestData("Internal User List").getValue(2, Counter): null

2019-02-21 17:30:05 - [TEST_STEP][PASSED] - if (StrB.equals(StrA)): null

2019-02-21 17:30:05 - [TEST_STEP][PASSED] - (Counter++): null

2019-02-21 17:30:05 - [TEST_STEP][PASSED] - StrB = findTestData("Internal User List").getValue(2, Counter): null

2019-02-21 17:30:05 - [TEST_STEP][PASSED] - if (StrB.equals(StrA)): null

2019-02-21 17:30:05 - [TEST_STEP][PASSED] - (Counter++): null

2019-02-21 17:30:05 - [TEST_STEP][PASSED] - StrB = findTestData("Internal User List").getValue(2, Counter): null

2019-02-21 17:30:05 - [TEST_STEP][PASSED] - if (StrB.equals(StrA)): null

2019-02-21 17:30:05 - [TEST_STEP][PASSED] - (Counter++): null

2019-02-21 17:30:05 - [TEST_STEP][PASSED] - StrB = findTestData("Internal User List").getValue(2, Counter): null

2019-02-21 17:30:05 - [TEST_STEP][PASSED] - if (StrB.equals(StrA)): null

2019-02-21 17:30:05 - [TEST_STEP][PASSED] - (Counter++): null

2019-02-21 17:30:05 - [TEST_STEP][PASSED] - StrB = findTestData("Internal User List").getValue(2, Counter): null

2019-02-21 17:30:05 - [TEST_STEP][PASSED] - if (StrB.equals(StrA)): null

2019-02-21 17:30:05 - [TEST_STEP][PASSED] - (Counter++): null

2019-02-21 17:30:05 - [TEST_STEP][PASSED] - StrB = findTestData("Internal User List").getValue(2, Counter): null

2019-02-21 17:30:05 - [TEST_STEP][PASSED] - if (StrB.equals(StrA)): null

2019-02-21 17:30:05 - [TEST_STEP][PASSED] - (Counter++): null

2019-02-21 17:30:05 - [TEST_STEP][PASSED] - StrB = findTestData("Internal User List").getValue(2, Counter): null

2019-02-21 17:30:06 - [TEST_STEP][PASSED] - if (StrB.equals(StrA)): null

2019-02-21 17:30:06 - [TEST_STEP][PASSED] - (Counter++): null

2019-02-21 17:30:06 - [TEST_STEP][PASSED] - StrB = findTestData("Internal User List").getValue(2, Counter): null

2019-02-21 17:30:06 - [TEST_STEP][PASSED] - if (StrB.equals(StrA)): null

2019-02-21 17:30:06 - [TEST_STEP][PASSED] - (Counter++): null

2019-02-21 17:30:06 - [TEST_STEP][PASSED] - StrB = findTestData("Internal User List").getValue(2, Counter): null

2019-02-21 17:30:06 - [TEST_STEP][PASSED] - if (StrB.equals(StrA)): null

2019-02-21 17:30:06 - [TEST_STEP][PASSED] - (Counter++): null

2019-02-21 17:30:06 - [TEST_STEP][PASSED] - StrB = findTestData("Internal User List").getValue(2, Counter): null

2019-02-21 17:30:06 - [TEST_STEP][PASSED] - if (StrB.equals(StrA)): null

2019-02-21 17:30:06 - [TEST_STEP][PASSED] - (Counter++): null

2019-02-21 17:30:06 - [TEST_STEP][PASSED] - StrB = findTestData("Internal User List").getValue(2, Counter): null

2019-02-21 17:30:06 - [TEST_STEP][PASSED] - if (StrB.equals(StrA)): null

2019-02-21 17:30:06 - [TEST_STEP][PASSED] - (Counter++): null

2019-02-21 17:30:06 - [TEST_STEP][PASSED] - StrB = findTestData("Internal User List").getValue(2, Counter): null

2019-02-21 17:30:06 - [TEST_STEP][PASSED] - if (StrB.equals(StrA)): null

2019-02-21 17:30:06 - [TEST_STEP][PASSED] - (Counter++): null

2019-02-21 17:30:06 - [TEST_STEP][PASSED] - StrB = findTestData("Internal User List").getValue(2, Counter): null

2019-02-21 17:30:07 - [TEST_STEP][PASSED] - if (StrB.equals(StrA)): null

2019-02-21 17:30:07 - [TEST_STEP][PASSED] - (Counter++): null

2019-02-21 17:30:07 - [TEST_STEP][PASSED] - StrB = findTestData("Internal User List").getValue(2, Counter): null

2019-02-21 17:30:07 - [TEST_STEP][PASSED] - if (StrB.equals(StrA)): null

2019-02-21 17:30:07 - [TEST_STEP][PASSED] - (Counter++): null

2019-02-21 17:30:07 - [TEST_STEP][PASSED] - StrB = findTestData("Internal User List").getValue(2, Counter): null

2019-02-21 17:30:07 - [TEST_STEP][PASSED] - if (StrB.equals(StrA)): null

2019-02-21 17:30:07 - [TEST_STEP][PASSED] - (Counter++): null

2019-02-21 17:30:07 - [TEST_STEP][PASSED] - StrB = findTestData("Internal User List").getValue(2, Counter): null

2019-02-21 17:30:07 - [TEST_STEP][PASSED] - if (StrB.equals(StrA)): null

2019-02-21 17:30:07 - [TEST_STEP][PASSED] - (Counter++): null

2019-02-21 17:30:07 - [TEST_STEP][PASSED] - StrB = findTestData("Internal User List").getValue(2, Counter): null

2019-02-21 17:30:07 - [TEST_STEP][PASSED] - if (StrB.equals(StrA)): null

2019-02-21 17:30:07 - [TEST_STEP][PASSED] - (Counter++): null

2019-02-21 17:30:07 - [TEST_STEP][PASSED] - StrB = findTestData("Internal User List").getValue(2, Counter): null

2019-02-21 17:30:07 - [TEST_STEP][PASSED] - if (StrB.equals(StrA)): null

2019-02-21 17:30:07 - [TEST_STEP][PASSED] - (Counter++): null

2019-02-21 17:30:07 - [TEST_STEP][PASSED] - StrB = findTestData("Internal User List").getValue(2, Counter): null

2019-02-21 17:30:07 - [TEST_STEP][PASSED] - if (StrB.equals(StrA)): null

2019-02-21 17:30:08 - [TEST_STEP][PASSED] - (Counter++): null

2019-02-21 17:30:08 - [TEST_STEP][PASSED] - StrB = findTestData("Internal User List").getValue(2, Counter): null

2019-02-21 17:30:08 - [TEST_STEP][PASSED] - if (StrB.equals(StrA)): null

2019-02-21 17:30:08 - [TEST_STEP][PASSED] - (Counter++): null

2019-02-21 17:30:08 - [TEST_STEP][PASSED] - StrB = findTestData("Internal User List").getValue(2, Counter): null

2019-02-21 17:30:08 - [TEST_STEP][PASSED] - if (StrB.equals(StrA)): null

2019-02-21 17:30:08 - [TEST_STEP][PASSED] - (Counter++): null

2019-02-21 17:30:08 - [TEST_STEP][PASSED] - StrB = findTestData("Internal User List").getValue(2, Counter): null

2019-02-21 17:30:08 - [TEST_STEP][PASSED] - if (StrB.equals(StrA)): null

2019-02-21 17:30:08 - [TEST_STEP][PASSED] - (Counter++): null

2019-02-21 17:30:08 - [TEST_STEP][PASSED] - StrB = findTestData("Internal User List").getValue(2, Counter): null

2019-02-21 17:30:08 - [TEST_STEP][PASSED] - if (StrB.equals(StrA)): null

2019-02-21 17:30:08 - [TEST_STEP][PASSED] - (Counter++): null

2019-02-21 17:30:08 - [TEST_STEP][PASSED] - StrB = findTestData("Internal User List").getValue(2, Counter): null

2019-02-21 17:30:08 - [TEST_STEP][PASSED] - if (StrB.equals(StrA)): null

2019-02-21 17:30:08 - [TEST_STEP][PASSED] - (Counter++): null

2019-02-21 17:30:08 - [TEST_STEP][PASSED] - StrB = findTestData("Internal User List").getValue(2, Counter): null

2019-02-21 17:30:08 - [TEST_STEP][PASSED] - if (StrB.equals(StrA)): null

2019-02-21 17:30:08 - [TEST_STEP][PASSED] - (Counter++): null

2019-02-21 17:30:08 - [TEST_STEP][PASSED] - StrB = findTestData("Internal User List").getValue(2, Counter): null

2019-02-21 17:30:08 - [TEST_STEP][PASSED] - if (StrB.equals(StrA)): null

2019-02-21 17:30:09 - [TEST_STEP][PASSED] - (Counter++): null

2019-02-21 17:30:09 - [TEST_STEP][PASSED] - StrB = findTestData("Internal User List").getValue(2, Counter): null

2019-02-21 17:30:09 - [TEST_STEP][PASSED] - if (StrB.equals(StrA)): null

2019-02-21 17:30:09 - [TEST_STEP][PASSED] - (Counter++): null

2019-02-21 17:30:09 - [TEST_STEP][PASSED] - StrB = findTestData("Internal User List").getValue(2, Counter): null

2019-02-21 17:30:09 - [TEST_STEP][PASSED] - if (StrB.equals(StrA)): null

2019-02-21 17:30:09 - [TEST_STEP][PASSED] - (Counter++): null

2019-02-21 17:30:09 - [TEST_STEP][PASSED] - StrB = findTestData("Internal User List").getValue(2, Counter): null

2019-02-21 17:30:09 - [TEST_STEP][PASSED] - if (StrB.equals(StrA)): null

2019-02-21 17:30:09 - [TEST_STEP][PASSED] - (Counter++): null

2019-02-21 17:30:09 - [TEST_STEP][PASSED] - StrB = findTestData("Internal User List").getValue(2, Counter): null

2019-02-21 17:30:09 - [TEST_STEP][PASSED] - if (StrB.equals(StrA)): null

2019-02-21 17:30:09 - [TEST_STEP][PASSED] - (Counter++): null

2019-02-21 17:30:09 - [TEST_STEP][PASSED] - StrB = findTestData("Internal User List").getValue(2, Counter): null

2019-02-21 17:30:09 - [TEST_STEP][PASSED] - if (StrB.equals(StrA)): null

2019-02-21 17:30:09 - [TEST_STEP][PASSED] - (Counter++): null

2019-02-21 17:30:09 - [TEST_STEP][PASSED] - StrB = findTestData("Internal User List").getValue(2, Counter): null

2019-02-21 17:30:09 - [TEST_STEP][PASSED] - if (StrB.equals(StrA)): null

2019-02-21 17:30:09 - [TEST_STEP][PASSED] - (Counter++): null

2019-02-21 17:30:09 - [TEST_STEP][PASSED] - StrB = findTestData("Internal User List").getValue(2, Counter): null

2019-02-21 17:30:10 - [TEST_STEP][PASSED] - if (StrB.equals(StrA)): null

2019-02-21 17:30:10 - [TEST_STEP][PASSED] - (Counter++): null

2019-02-21 17:30:10 - [TEST_STEP][PASSED] - StrB = findTestData("Internal User List").getValue(2, Counter): null

2019-02-21 17:30:10 - [TEST_STEP][PASSED] - if (StrB.equals(StrA)): null

2019-02-21 17:30:10 - [TEST_STEP][PASSED] - (Counter++): null

2019-02-21 17:30:10 - [TEST_STEP][PASSED] - StrB = findTestData("Internal User List").getValue(2, Counter): null

2019-02-21 17:30:10 - [TEST_STEP][PASSED] - if (StrB.equals(StrA)): null

2019-02-21 17:30:10 - [TEST_STEP][PASSED] - (Counter++): null

2019-02-21 17:30:10 - [TEST_STEP][PASSED] - StrB = findTestData("Internal User List").getValue(2, Counter): null

2019-02-21 17:30:10 - [TEST_STEP][PASSED] - if (StrB.equals(StrA)): null

2019-02-21 17:30:10 - [TEST_STEP][PASSED] - (Counter++): null

2019-02-21 17:30:10 - [TEST_STEP][PASSED] - StrB = findTestData("Internal User List").getValue(2, Counter): null

2019-02-21 17:30:10 - [TEST_STEP][PASSED] - if (StrB.equals(StrA)): null

2019-02-21 17:30:10 - [TEST_STEP][PASSED] - (Counter++): null

2019-02-21 17:30:10 - [TEST_STEP][PASSED] - StrB = findTestData("Internal User List").getValue(2, Counter): null

2019-02-21 17:30:11 - [TEST_STEP][PASSED] - if (StrB.equals(StrA)): null

2019-02-21 17:30:11 - [TEST_STEP][PASSED] - (Counter++): null

2019-02-21 17:30:11 - [TEST_STEP][PASSED] - StrB = findTestData("Internal User List").getValue(2, Counter): null

2019-02-21 17:30:11 - [TEST_STEP][PASSED] - if (StrB.equals(StrA)): null

2019-02-21 17:30:11 - [TEST_STEP][PASSED] - (Counter++): null

2019-02-21 17:30:11 - [TEST_STEP][PASSED] - StrB = findTestData("Internal User List").getValue(2, Counter): null

2019-02-21 17:30:11 - [TEST_STEP][PASSED] - if (StrB.equals(StrA)): null

2019-02-21 17:30:11 - [TEST_STEP][PASSED] - (Counter++): null

2019-02-21 17:30:11 - [TEST_STEP][PASSED] - StrB = findTestData("Internal User List").getValue(2, Counter): null

2019-02-21 17:30:11 - [TEST_STEP][PASSED] - if (StrB.equals(StrA)): null

2019-02-21 17:30:11 - [TEST_STEP][PASSED] - (Counter++): null

2019-02-21 17:30:11 - [TEST_STEP][PASSED] - StrB = findTestData("Internal User List").getValue(2, Counter): null

2019-02-21 17:30:11 - [TEST_STEP][PASSED] - if (StrB.equals(StrA)): null

2019-02-21 17:30:11 - [TEST_STEP][PASSED] - (Counter++): null

2019-02-21 17:30:11 - [TEST_STEP][PASSED] - StrB = findTestData("Internal User List").getValue(2, Counter): null

2019-02-21 17:30:11 - [TEST_STEP][PASSED] - if (StrB.equals(StrA)): null

2019-02-21 17:30:12 - [TEST_STEP][PASSED] - (Counter++): null

2019-02-21 17:30:12 - [TEST_STEP][PASSED] - StrB = findTestData("Internal User List").getValue(2, Counter): null

2019-02-21 17:30:12 - [TEST_STEP][PASSED] - if (StrB.equals(StrA)): null

2019-02-21 17:30:12 - [TEST_STEP][PASSED] - (Counter++): null

2019-02-21 17:30:12 - [TEST_STEP][PASSED] - StrB = findTestData("Internal User List").getValue(2, Counter): null

2019-02-21 17:30:12 - [TEST_STEP][PASSED] - if (StrB.equals(StrA)): null

2019-02-21 17:30:12 - [TEST_STEP][PASSED] - (Counter++): null

2019-02-21 17:30:12 - [TEST_STEP][PASSED] - StrB = findTestData("Internal User List").getValue(2, Counter): null

2019-02-21 17:30:12 - [TEST_STEP][PASSED] - if (StrB.equals(StrA)): null

2019-02-21 17:30:12 - [TEST_STEP][PASSED] - (Counter++): null

2019-02-21 17:30:12 - [TEST_STEP][PASSED] - StrB = findTestData("Internal User List").getValue(2, Counter): null

2019-02-21 17:30:12 - [TEST_STEP][PASSED] - if (StrB.equals(StrA)): null

2019-02-21 17:30:12 - [TEST_STEP][PASSED] - (Counter++): null

2019-02-21 17:30:12 - [TEST_STEP][PASSED] - StrB = findTestData("Internal User List").getValue(2, Counter): null

2019-02-21 17:30:12 - [TEST_STEP][PASSED] - if (StrB.equals(StrA)): null

2019-02-21 17:30:12 - [TEST_STEP][PASSED] - (Counter++): null

2019-02-21 17:30:12 - [TEST_STEP][PASSED] - StrB = findTestData("Internal User List").getValue(2, Counter): null

2019-02-21 17:30:12 - [TEST_STEP][PASSED] - if (StrB.equals(StrA)): null

2019-02-21 17:30:12 - [TEST_STEP][PASSED] - (Counter++): null

2019-02-21 17:30:12 - [TEST_STEP][PASSED] - StrB = findTestData("Internal User List").getValue(2, Counter): null

2019-02-21 17:30:13 - [TEST_STEP][PASSED] - if (StrB.equals(StrA)): null

2019-02-21 17:30:13 - [TEST_STEP][PASSED] - (Counter++): null

2019-02-21 17:30:13 - [TEST_STEP][PASSED] - StrB = findTestData("Internal User List").getValue(2, Counter): null

2019-02-21 17:30:13 - [TEST_STEP][PASSED] - if (StrB.equals(StrA)): null

2019-02-21 17:30:13 - [TEST_STEP][PASSED] - (Counter++): null

2019-02-21 17:30:13 - [TEST_STEP][PASSED] - StrB = findTestData("Internal User List").getValue(2, Counter): null

2019-02-21 17:30:13 - [TEST_STEP][PASSED] - if (StrB.equals(StrA)): null

2019-02-21 17:30:13 - [TEST_STEP][PASSED] - (Counter++): null

2019-02-21 17:30:13 - [TEST_STEP][PASSED] - StrB = findTestData("Internal User List").getValue(2, Counter): null

2019-02-21 17:30:13 - [TEST_STEP][PASSED] - if (StrB.equals(StrA)): null

2019-02-21 17:30:13 - [TEST_STEP][PASSED] - (Counter++): null

2019-02-21 17:30:13 - [TEST_STEP][PASSED] - StrB = findTestData("Internal User List").getValue(2, Counter): null

2019-02-21 17:30:13 - [TEST_STEP][PASSED] - if (StrB.equals(StrA)): null

2019-02-21 17:30:13 - [TEST_STEP][PASSED] - (Counter++): null

2019-02-21 17:30:13 - [TEST_STEP][PASSED] - StrB = findTestData("Internal User List").getValue(2, Counter): null

2019-02-21 17:30:14 - [TEST_STEP][PASSED] - if (StrB.equals(StrA)): null

2019-02-21 17:30:14 - [TEST_STEP][PASSED] - (Counter++): null

2019-02-21 17:30:14 - [TEST_STEP][PASSED] - StrB = findTestData("Internal User List").getValue(2, Counter): null

2019-02-21 17:30:14 - [TEST_STEP][PASSED] - if (StrB.equals(StrA)): null

2019-02-21 17:30:14 - [TEST_STEP][PASSED] - (Counter++): null

2019-02-21 17:30:14 - [TEST_STEP][PASSED] - StrB = findTestData("Internal User List").getValue(2, Counter): null

2019-02-21 17:30:14 - [TEST_STEP][PASSED] - if (StrB.equals(StrA)): null

2019-02-21 17:30:14 - [TEST_STEP][PASSED] - (Counter++): null

2019-02-21 17:30:14 - [TEST_STEP][PASSED] - StrB = findTestData("Internal User List").getValue(2, Counter): null

2019-02-21 17:30:14 - [TEST_STEP][PASSED] - if (StrB.equals(StrA)): null

2019-02-21 17:30:14 - [TEST_STEP][PASSED] - (Counter++): null

2019-02-21 17:30:14 - [TEST_STEP][PASSED] - StrB = findTestData("Internal User List").getValue(2, Counter): null

2019-02-21 17:30:14 - [TEST_STEP][PASSED] - if (StrB.equals(StrA)): null

2019-02-21 17:30:14 - [TEST_STEP][PASSED] - (Counter++): null

2019-02-21 17:30:14 - [TEST_STEP][PASSED] - StrB = findTestData("Internal User List").getValue(2, Counter): null

2019-02-21 17:30:14 - [TEST_STEP][PASSED] - if (StrB.equals(StrA)): null

2019-02-21 17:30:15 - [TEST_STEP][PASSED] - (Counter++): null

2019-02-21 17:30:15 - [TEST_STEP][PASSED] - StrB = findTestData("Internal User List").getValue(2, Counter): null

2019-02-21 17:30:15 - [TEST_STEP][PASSED] - if (StrB.equals(StrA)): null

2019-02-21 17:30:15 - [TEST_STEP][PASSED] - (Counter++): null

2019-02-21 17:30:15 - [TEST_STEP][PASSED] - StrB = findTestData("Internal User List").getValue(2, Counter): null

2019-02-21 17:30:15 - [TEST_STEP][PASSED] - if (StrB.equals(StrA)): null

2019-02-21 17:30:15 - [TEST_STEP][PASSED] - (Counter++): null

2019-02-21 17:30:15 - [TEST_STEP][PASSED] - StrB = findTestData("Internal User List").getValue(2, Counter): null

2019-02-21 17:30:15 - [TEST_STEP][PASSED] - if (StrB.equals(StrA)): null

2019-02-21 17:30:15 - [TEST_STEP][PASSED] - (Counter++): null

2019-02-21 17:30:15 - [TEST_STEP][PASSED] - StrB = findTestData("Internal User List").getValue(2, Counter): null

2019-02-21 17:30:15 - [TEST_STEP][PASSED] - if (StrB.equals(StrA)): null

2019-02-21 17:30:15 - [TEST_STEP][PASSED] - (Counter++): null

2019-02-21 17:30:15 - [TEST_STEP][PASSED] - StrB = findTestData("Internal User List").getValue(2, Counter): null

2019-02-21 17:30:15 - [TEST_STEP][PASSED] - if (StrB.equals(StrA)): null

2019-02-21 17:30:15 - [TEST_STEP][PASSED] - (Counter++): null

2019-02-21 17:30:15 - [TEST_STEP][PASSED] - StrB = findTestData("Internal User List").getValue(2, Counter): null

2019-02-21 17:30:15 - [TEST_STEP][PASSED] - if (StrB.equals(StrA)): null

2019-02-21 17:30:15 - [TEST_STEP][PASSED] - (Counter++): null

2019-02-21 17:30:15 - [TEST_STEP][PASSED] - StrB = findTestData("Internal User List").getValue(2, Counter): null

2019-02-21 17:30:16 - [TEST_STEP][PASSED] - if (StrB.equals(StrA)): null

2019-02-21 17:30:16 - [TEST_STEP][PASSED] - (Counter++): null

2019-02-21 17:30:16 - [TEST_STEP][PASSED] - StrB = findTestData("Internal User List").getValue(2, Counter): null

2019-02-21 17:30:16 - [TEST_STEP][PASSED] - if (StrB.equals(StrA)): null

2019-02-21 17:30:16 - [TEST_STEP][PASSED] - (Counter++): null

2019-02-21 17:30:16 - [TEST_STEP][PASSED] - StrB = findTestData("Internal User List").getValue(2, Counter): null

2019-02-21 17:30:16 - [TEST_STEP][PASSED] - if (StrB.equals(StrA)): null

2019-02-21 17:30:16 - [TEST_STEP][PASSED] - (Counter++): null

2019-02-21 17:30:16 - [TEST_STEP][PASSED] - StrB = findTestData("Internal User List").getValue(2, Counter): null

2019-02-21 17:30:16 - [TEST_STEP][PASSED] - if (StrB.equals(StrA)): null

2019-02-21 17:30:16 - [TEST_STEP][PASSED] - (Counter++): null

2019-02-21 17:30:16 - [TEST_STEP][PASSED] - StrB = findTestData("Internal User List").getValue(2, Counter): null

2019-02-21 17:30:16 - [TEST_STEP][PASSED] - if (StrB.equals(StrA)): null

2019-02-21 17:30:16 - [TEST_STEP][PASSED] - (Counter++): null

2019-02-21 17:30:16 - [TEST_STEP][PASSED] - StrB = findTestData("Internal User List").getValue(2, Counter): null

2019-02-21 17:30:17 - [TEST_STEP][PASSED] - if (StrB.equals(StrA)): null

2019-02-21 17:30:17 - [TEST_STEP][PASSED] - (Counter++): null

2019-02-21 17:30:17 - [TEST_STEP][PASSED] - StrB = findTestData("Internal User List").getValue(2, Counter): null

2019-02-21 17:30:17 - [TEST_STEP][PASSED] - if (StrB.equals(StrA)): null

2019-02-21 17:30:17 - [TEST_STEP][PASSED] - (Counter++): null

2019-02-21 17:30:17 - [TEST_STEP][PASSED] - StrB = findTestData("Internal User List").getValue(2, Counter): null

2019-02-21 17:30:17 - [TEST_STEP][PASSED] - if (StrB.equals(StrA)): null

2019-02-21 17:30:17 - [TEST_STEP][PASSED] - (Counter++): null

2019-02-21 17:30:17 - [TEST_STEP][PASSED] - StrB = findTestData("Internal User List").getValue(2, Counter): null

2019-02-21 17:30:17 - [TEST_STEP][PASSED] - if (StrB.equals(StrA)): null

2019-02-21 17:30:17 - [TEST_STEP][PASSED] - (Counter++): null

2019-02-21 17:30:17 - [TEST_STEP][PASSED] - StrB = findTestData("Internal User List").getValue(2, Counter): null

2019-02-21 17:30:17 - [TEST_STEP][PASSED] - if (StrB.equals(StrA)): null

2019-02-21 17:30:17 - [TEST_STEP][PASSED] - (Counter++): null

2019-02-21 17:30:17 - [TEST_STEP][PASSED] - StrB = findTestData("Internal User List").getValue(2, Counter): null

2019-02-21 17:30:17 - [TEST_STEP][PASSED] - if (StrB.equals(StrA)): null

2019-02-21 17:30:18 - [TEST_STEP][PASSED] - (Counter++): null

2019-02-21 17:30:18 - [TEST_STEP][PASSED] - StrB = findTestData("Internal User List").getValue(2, Counter): null

2019-02-21 17:30:18 - [TEST_STEP][PASSED] - if (StrB.equals(StrA)): null

2019-02-21 17:30:18 - [TEST_STEP][PASSED] - (Counter++): null

2019-02-21 17:30:18 - [TEST_STEP][PASSED] - StrB = findTestData("Internal User List").getValue(2, Counter): null

2019-02-21 17:30:18 - [TEST_STEP][PASSED] - if (StrB.equals(StrA)): null

2019-02-21 17:30:18 - [TEST_STEP][PASSED] - (Counter++): null

2019-02-21 17:30:18 - [TEST_STEP][PASSED] - StrB = findTestData("Internal User List").getValue(2, Counter): null

2019-02-21 17:30:18 - [TEST_STEP][PASSED] - if (StrB.equals(StrA)): null

2019-02-21 17:30:18 - [TEST_STEP][PASSED] - (Counter++): null

2019-02-21 17:30:18 - [TEST_STEP][PASSED] - StrB = findTestData("Internal User List").getValue(2, Counter): null

2019-02-21 17:30:18 - [TEST_STEP][PASSED] - if (StrB.equals(StrA)): null

2019-02-21 17:30:18 - [TEST_STEP][PASSED] - (Counter++): null

2019-02-21 17:30:18 - [TEST_STEP][PASSED] - StrB = findTestData("Internal User List").getValue(2, Counter): null

2019-02-21 17:30:18 - [TEST_STEP][PASSED] - if (StrB.equals(StrA)): null

2019-02-21 17:30:18 - [TEST_STEP][PASSED] - (Counter++): null

2019-02-21 17:30:18 - [TEST_STEP][PASSED] - StrB = findTestData("Internal User List").getValue(2, Counter): null

2019-02-21 17:30:18 - [TEST_STEP][PASSED] - if (StrB.equals(StrA)): null

2019-02-21 17:30:18 - [TEST_STEP][PASSED] - (Counter++): null

2019-02-21 17:30:18 - [TEST_STEP][PASSED] - StrB = findTestData("Internal User List").getValue(2, Counter): null

2019-02-21 17:30:18 - [TEST_STEP][PASSED] - if (StrB.equals(StrA)): null

2019-02-21 17:30:19 - [TEST_STEP][PASSED] - (Counter++): null

2019-02-21 17:30:19 - [TEST_STEP][PASSED] - StrB = findTestData("Internal User List").getValue(2, Counter): null

2019-02-21 17:30:19 - [TEST_STEP][PASSED] - if (StrB.equals(StrA)): null

2019-02-21 17:30:19 - [TEST_STEP][PASSED] - (Counter++): null

2019-02-21 17:30:19 - [TEST_STEP][PASSED] - StrB = findTestData("Internal User List").getValue(2, Counter): null

2019-02-21 17:30:19 - [TEST_STEP][PASSED] - if (StrB.equals(StrA)): null

2019-02-21 17:30:19 - [TEST_STEP][PASSED] - (Counter++): null

2019-02-21 17:30:19 - [TEST_STEP][PASSED] - StrB = findTestData("Internal User List").getValue(2, Counter): null

2019-02-21 17:30:19 - [TEST_STEP][PASSED] - if (StrB.equals(StrA)): null

2019-02-21 17:30:19 - [TEST_STEP][PASSED] - (Counter++): null

2019-02-21 17:30:19 - [TEST_STEP][PASSED] - StrB = findTestData("Internal User List").getValue(2, Counter): null

2019-02-21 17:30:19 - [TEST_STEP][PASSED] - if (StrB.equals(StrA)): null

2019-02-21 17:30:19 - [TEST_STEP][PASSED] - (Counter++): null

2019-02-21 17:30:19 - [TEST_STEP][PASSED] - StrB = findTestData("Internal User List").getValue(2, Counter): null

2019-02-21 17:30:19 - [TEST_STEP][PASSED] - if (StrB.equals(StrA)): null

2019-02-21 17:30:19 - [TEST_STEP][PASSED] - (Counter++): null

2019-02-21 17:30:20 - [TEST_STEP][PASSED] - StrB = findTestData("Internal User List").getValue(2, Counter): null

2019-02-21 17:30:20 - [TEST_STEP][PASSED] - if (StrB.equals(StrA)): null

2019-02-21 17:30:20 - [TEST_STEP][PASSED] - (Counter++): null

2019-02-21 17:30:20 - [TEST_STEP][PASSED] - StrB = findTestData("Internal User List").getValue(2, Counter): null

2019-02-21 17:30:20 - [TEST_STEP][PASSED] - if (StrB.equals(StrA)): null

2019-02-21 17:30:20 - [TEST_STEP][PASSED] - (Counter++): null

2019-02-21 17:30:20 - [TEST_STEP][PASSED] - StrB = findTestData("Internal User List").getValue(2, Counter): null

2019-02-21 17:30:20 - [TEST_STEP][PASSED] - if (StrB.equals(StrA)): null

2019-02-21 17:30:20 - [TEST_STEP][PASSED] - (Counter++): null

2019-02-21 17:30:20 - [TEST_STEP][PASSED] - StrB = findTestData("Internal User List").getValue(2, Counter): null

2019-02-21 17:30:20 - [TEST_STEP][PASSED] - if (StrB.equals(StrA)): null

2019-02-21 17:30:20 - [TEST_STEP][PASSED] - (Counter++): null

2019-02-21 17:30:20 - [TEST_STEP][PASSED] - StrB = findTestData("Internal User List").getValue(2, Counter): null

2019-02-21 17:30:20 - [TEST_STEP][PASSED] - if (StrB.equals(StrA)): null

2019-02-21 17:30:21 - [TEST_STEP][PASSED] - (Counter++): null

2019-02-21 17:30:21 - [TEST_STEP][PASSED] - StrB = findTestData("Internal User List").getValue(2, Counter): null

2019-02-21 17:30:21 - [TEST_STEP][PASSED] - if (StrB.equals(StrA)): null

2019-02-21 17:30:21 - [TEST_STEP][PASSED] - (Counter++): null

2019-02-21 17:30:21 - [TEST_STEP][PASSED] - StrB = findTestData("Internal User List").getValue(2, Counter): null

2019-02-21 17:30:21 - [TEST_STEP][PASSED] - if (StrB.equals(StrA)): null

2019-02-21 17:30:21 - [TEST_STEP][PASSED] - StrEmail = findTestData("Internal User List").getValue(1, Counter): null

2019-02-21 17:30:21 - [TEST_STEP][PASSED] - InternalEmail = StrEmail: null

2019-02-21 17:30:21 - [TEST_STEP][PASSED] - out.println(StrEmail): null

2019-02-21 17:30:21 - [TEST_STEP][PASSED] - (Counter++): null

2019-02-21 17:30:21 - [MESSAGE][PASSED] - Call Test Case 'Test Cases/All TC/Arranged/1. Common/Internal Email Finder' successfully

2019-02-21 17:30:21 - [TEST_STEP][PASSED] - setText(findTestObject("KinJun/3.1 RIA Application/EIO Internal Login - RIA Application - Reject/Page_PERKESO/Input username"), InternalEmail): Text 'jheio4@perkeso.gov.my' is set on object 'Object Repository/KinJun/3.1 RIA Application/EIO Internal Login - RIA Application - Reject/Page_PERKESO/Input username'

2019-02-21 17:30:22 - [MESSAGE][PASSED] - Text 'jheio4@perkeso.gov.my' is set on object 'Object Repository/KinJun/3.1 RIA Application/EIO Internal Login - RIA Application - Reject/Page_PERKESO/Input username'

2019-02-21 17:30:22 - [TEST_STEP][PASSED] - setEncryptedText(findTestObject("KinJun/3.1 RIA Application/EIO Internal Login - RIA Application - Reject/Page_PERKESO/Input password"), "CQqwFZlbeC8="): Text ****** has been set on object 'Object Repository/KinJun/3.1 RIA Application/EIO Internal Login - RIA Application - Reject/Page_PERKESO/Input password'

2019-02-21 17:30:22 - [MESSAGE][PASSED] - Text ****** has been set on object 'Object Repository/KinJun/3.1 RIA Application/EIO Internal Login - RIA Application - Reject/Page_PERKESO/Input password'

2019-02-21 17:30:22 - [TEST_STEP][PASSED] - click(findTestObject("KinJun/3.1 RIA Application/EIO Internal Login - RIA Application - Reject/Page_PERKESO/Btn Login")): Object: 'Object Repository/KinJun/3.1 RIA Application/EIO Internal Login - RIA Application - Reject/Page_PERKESO/Btn Login' is clicked on

2019-02-21 17:30:23 - [MESSAGE][PASSED] - Object: 'Object Repository/KinJun/3.1 RIA Application/EIO Internal Login - RIA Application - Reject/Page_PERKESO/Btn Login' is clicked on

2019-02-21 17:30:23 - [TEST_STEP][PASSED] - delay(3): Delayed 3 second(s)

2019-02-21 17:30:26 - [MESSAGE][PASSED] - Delayed 3 second(s)

2019-02-21 17:30:26 - [TEST_STEP][PASSED] - click(findTestObject("KinJun/3.1 RIA Application/EIO Internal Login - RIA Application - Reject/Page_PERKESO/Click workbasket")): Object: 'Object Repository/KinJun/3.1 RIA Application/EIO Internal Login - RIA Application - Reject/Page_PERKESO/Click workbasket' is clicked on

2019-02-21 17:30:27 - [MESSAGE][PASSED] - Object: 'Object Repository/KinJun/3.1 RIA Application/EIO Internal Login - RIA Application - Reject/Page_PERKESO/Click workbasket' is clicked on

2019-02-21 17:30:27 - [TEST_STEP][PASSED] - delay(3): Delayed 3 second(s)

2019-02-21 17:30:30 - [MESSAGE][PASSED] - Delayed 3 second(s)

2019-02-21 17:30:30 - [TEST_STEP][PASSED] - click(findTestObject("KinJun/3.1 RIA Application/EIO Internal Login - RIA Application - Reject/Page_PERKESO/Click SearchCase")): Object: 'Object Repository/KinJun/3.1 RIA Application/EIO Internal Login - RIA Application - Reject/Page_PERKESO/Click SearchCase' is clicked on

2019-02-21 17:30:30 - [MESSAGE][PASSED] - Object: 'Object Repository/KinJun/3.1 RIA Application/EIO Internal Login - RIA Application - Reject/Page_PERKESO/Click SearchCase' is clicked on

2019-02-21 17:30:30 - [TEST_STEP][PASSED] - callTestCase(findTestCase("All TC/Arranged/1. Common/1.1 Getter/Getter IC"), [:], STOP_ON_FAILURE): Call Test Case 'Test Cases/All TC/Arranged/1. Common/1.1 Getter/Getter IC' successfully

2019-02-21 17:30:30 - [TEST_CASE][PASSED] - Test Cases/All TC/Arranged/1. Common/1.1 Getter/Getter IC: Test Cases/All TC/Arranged/1. Common/1.1 Getter/Getter IC

2019-02-21 17:30:30 - [TEST_STEP][PASSED] - try: null

2019-02-21 17:30:30 - [TEST_STEP][PASSED] - RefNo = new java.io.File((internal.GlobalVariable.TextFilePathCommon + \getIC.txt)): null

2019-02-21 17:30:30 - [TEST_STEP][PASSED] - bufferread = new java.io.BufferedReader(new java.io.FileReader(RefNo)): null

2019-02-21 17:30:30 - [TEST_STEP][PASSED] - readedVal = bufferread.readLine(): null

2019-02-21 17:30:30 - [TEST_STEP][PASSED] - out.println(IC): null

2019-02-21 17:30:30 - [TEST_STEP][PASSED] - out.println(readedVal): null

2019-02-21 17:30:30 - [TEST_STEP][PASSED] - IC = "": null

2019-02-21 17:30:30 - [TEST_STEP][PASSED] - IC = readedVal: null

2019-02-21 17:30:30 - [MESSAGE][PASSED] - Call Test Case 'Test Cases/All TC/Arranged/1. Common/1.1 Getter/Getter IC' successfully

2019-02-21 17:30:30 - [TEST_STEP][PASSED] - setText(findTestObject("KinJun/3.1 RIA Application/EIO Internal Login - RIA Application - Reject/Page_PERKESO/Input IC"), IC): Text '711225105227' is set on object 'Object Repository/KinJun/3.1 RIA Application/EIO Internal Login - RIA Application - Reject/Page_PERKESO/Input IC'

2019-02-21 17:30:31 - [MESSAGE][PASSED] - Text '711225105227' is set on object 'Object Repository/KinJun/3.1 RIA Application/EIO Internal Login - RIA Application - Reject/Page_PERKESO/Input IC'

2019-02-21 17:30:31 - [TEST_STEP][PASSED] - click(findTestObject("KinJun/3.1 RIA Application/EIO Internal Login - RIA Application - Reject/Page_PERKESO/Btn SearchIC")): Object: 'Object Repository/KinJun/3.1 RIA Application/EIO Internal Login - RIA Application - Reject/Page_PERKESO/Btn SearchIC' is clicked on

2019-02-21 17:30:31 - [MESSAGE][PASSED] - Object: 'Object Repository/KinJun/3.1 RIA Application/EIO Internal Login - RIA Application - Reject/Page_PERKESO/Btn SearchIC' is clicked on

2019-02-21 17:30:31 - [TEST_STEP][PASSED] - delay(3): Delayed 3 second(s)

2019-02-21 17:30:34 - [MESSAGE][PASSED] - Delayed 3 second(s)

2019-02-21 17:30:34 - [TEST_STEP][PASSED] - click(findTestObject("KinJun/3.1 RIA Application/EIO Internal Login - RIA Application - Reject/Page_PERKESO/Click CaseID")): Object: 'Object Repository/KinJun/3.1 RIA Application/EIO Internal Login - RIA Application - Reject/Page_PERKESO/Click CaseID' is clicked on

2019-02-21 17:30:35 - [MESSAGE][PASSED] - Object: 'Object Repository/KinJun/3.1 RIA Application/EIO Internal Login - RIA Application - Reject/Page_PERKESO/Click CaseID' is clicked on

2019-02-21 17:30:35 - [TEST_STEP][PASSED] - delay(3): Delayed 3 second(s)

2019-02-21 17:30:38 - [MESSAGE][PASSED] - Delayed 3 second(s)

2019-02-21 17:30:38 - [TEST_STEP][PASSED] - acceptAlert(): Alert accepted

2019-02-21 17:30:38 - [MESSAGE][PASSED] - Alert accepted

2019-02-21 17:30:38 - [TEST_STEP][PASSED] - delay(3): Delayed 3 second(s)

2019-02-21 17:30:41 - [MESSAGE][PASSED] - Delayed 3 second(s)

2019-02-21 17:30:41 - [TEST_STEP][PASSED] - click(findTestObject("KinJun/3.1 RIA Application/EIO Internal Login - RIA Application - Reject/Page_PERKESO/Click EIO minute")): Object: 'Object Repository/KinJun/3.1 RIA Application/EIO Internal Login - RIA Application - Reject/Page_PERKESO/Click EIO minute' is clicked on

2019-02-21 17:30:41 - [MESSAGE][PASSED] - Object: 'Object Repository/KinJun/3.1 RIA Application/EIO Internal Login - RIA Application - Reject/Page_PERKESO/Click EIO minute' is clicked on

2019-02-21 17:30:41 - [TEST_STEP][PASSED] - delay(3): Delayed 3 second(s)

2019-02-21 17:30:44 - [MESSAGE][PASSED] - Delayed 3 second(s)

2019-02-21 17:30:44 - [TEST_STEP][PASSED] - setText(findTestObject("KinJun/3.1 RIA Application/EIO Internal Login - RIA Application - Reject/Page_PERKESO/Input Contribution"), "4000"): Text '4000' is set on object 'Object Repository/KinJun/3.1 RIA Application/EIO Internal Login - RIA Application - Reject/Page_PERKESO/Input Contribution'

2019-02-21 17:30:45 - [MESSAGE][PASSED] - Text '4000' is set on object 'Object Repository/KinJun/3.1 RIA Application/EIO Internal Login - RIA Application - Reject/Page_PERKESO/Input Contribution'

2019-02-21 17:30:45 - [TEST_STEP][PASSED] - delay(3): Delayed 3 second(s)

2019-02-21 17:30:48 - [MESSAGE][PASSED] - Delayed 3 second(s)

2019-02-21 17:30:48 - [TEST_STEP][PASSED] - click(findTestObject("KinJun/3.1 RIA Application/EIO Internal Login - RIA Application - Reject/Page_PERKESO/Span benefit type")): Object: 'Object Repository/KinJun/3.1 RIA Application/EIO Internal Login - RIA Application - Reject/Page_PERKESO/Span benefit type' is clicked on

2019-02-21 17:30:48 - [MESSAGE][PASSED] - Object: 'Object Repository/KinJun/3.1 RIA Application/EIO Internal Login - RIA Application - Reject/Page_PERKESO/Span benefit type' is clicked on

2019-02-21 17:30:48 - [TEST_STEP][PASSED] - click(findTestObject("KinJun/3.1 RIA Application/EIO Internal Login - RIA Application - Reject/Page_PERKESO/DD benefits type")): Object: 'Object Repository/KinJun/3.1 RIA Application/EIO Internal Login - RIA Application - Reject/Page_PERKESO/DD benefits type' is clicked on

2019-02-21 17:30:48 - [MESSAGE][PASSED] - Object: 'Object Repository/KinJun/3.1 RIA Application/EIO Internal Login - RIA Application - Reject/Page_PERKESO/DD benefits type' is clicked on

2019-02-21 17:30:48 - [TEST_STEP][PASSED] - click(findTestObject("KinJun/3.1 RIA Application/EIO Internal Login - RIA Application - Reject/Page_PERKESO/Span LOE")): Object: 'Object Repository/KinJun/3.1 RIA Application/EIO Internal Login - RIA Application - Reject/Page_PERKESO/Span LOE' is clicked on

2019-02-21 17:30:48 - [MESSAGE][PASSED] - Object: 'Object Repository/KinJun/3.1 RIA Application/EIO Internal Login - RIA Application - Reject/Page_PERKESO/Span LOE' is clicked on

2019-02-21 17:30:48 - [TEST_STEP][PASSED] - click(findTestObject("KinJun/3.1 RIA Application/EIO Internal Login - RIA Application - Reject/Page_PERKESO/DD LOE")): Object: 'Object Repository/KinJun/3.1 RIA Application/EIO Internal Login - RIA Application - Reject/Page_PERKESO/DD LOE' is clicked on

2019-02-21 17:30:48 - [MESSAGE][PASSED] - Object: 'Object Repository/KinJun/3.1 RIA Application/EIO Internal Login - RIA Application - Reject/Page_PERKESO/DD LOE' is clicked on

2019-02-21 17:30:48 - [TEST_STEP][PASSED] - setText(findTestObject("KinJun/3.1 RIA Application/EIO Internal Login - RIA Application - Reject/Page_PERKESO/Remarks"), "okay"): Text 'okay' is set on object 'Object Repository/KinJun/3.1 RIA Application/EIO Internal Login - RIA Application - Reject/Page_PERKESO/Remarks'

2019-02-21 17:30:49 - [MESSAGE][PASSED] - Text 'okay' is set on object 'Object Repository/KinJun/3.1 RIA Application/EIO Internal Login - RIA Application - Reject/Page_PERKESO/Remarks'

2019-02-21 17:30:49 - [TEST_STEP][PASSED] - click(findTestObject("KinJun/3.1 RIA Application/EIO Internal Login - RIA Application - Reject/Page_PERKESO/Btn Update")): Object: 'Object Repository/KinJun/3.1 RIA Application/EIO Internal Login - RIA Application - Reject/Page_PERKESO/Btn Update' is clicked on

2019-02-21 17:30:49 - [MESSAGE][PASSED] - Object: 'Object Repository/KinJun/3.1 RIA Application/EIO Internal Login - RIA Application - Reject/Page_PERKESO/Btn Update' is clicked on

2019-02-21 17:30:49 - [TEST_STEP][PASSED] - delay(5): Delayed 5 second(s)

2019-02-21 17:30:54 - [MESSAGE][PASSED] - Delayed 5 second(s)

2019-02-21 17:30:54 - [TEST_STEP][PASSED] - acceptAlert(): Alert accepted

2019-02-21 17:30:54 - [MESSAGE][PASSED] - Alert accepted

2019-02-21 17:30:54 - [TEST_STEP][PASSED] - delay(3): Delayed 3 second(s)

2019-02-21 17:30:57 - [MESSAGE][PASSED] - Delayed 3 second(s)

2019-02-21 17:30:57 - [TEST_STEP][PASSED] - click(findTestObject("KinJun/3.1 RIA Application/EIO Internal Login - RIA Application - Reject/Page_PERKESO/Btn Submit")): Object: 'Object Repository/KinJun/3.1 RIA Application/EIO Internal Login - RIA Application - Reject/Page_PERKESO/Btn Submit' is clicked on

2019-02-21 17:30:57 - [MESSAGE][PASSED] - Object: 'Object Repository/KinJun/3.1 RIA Application/EIO Internal Login - RIA Application - Reject/Page_PERKESO/Btn Submit' is clicked on

2019-02-21 17:30:57 - [TEST_STEP][PASSED] - delay(3): Delayed 3 second(s)

2019-02-21 17:31:00 - [MESSAGE][PASSED] - Delayed 3 second(s)

2019-02-21 17:31:00 - [TEST_STEP][PASSED] - click(findTestObject("KinJun/3.1 RIA Application/EIO Internal Login - RIA Application - Reject/Page_PERKESO/Click username")): Object: 'Object Repository/KinJun/3.1 RIA Application/EIO Internal Login - RIA Application - Reject/Page_PERKESO/Click username' is clicked on

2019-02-21 17:31:00 - [MESSAGE][PASSED] - Object: 'Object Repository/KinJun/3.1 RIA Application/EIO Internal Login - RIA Application - Reject/Page_PERKESO/Click username' is clicked on

2019-02-21 17:31:00 - [TEST_STEP][PASSED] - delay(3): Delayed 3 second(s)

2019-02-21 17:31:03 - [MESSAGE][PASSED] - Delayed 3 second(s)

2019-02-21 17:31:03 - [TEST_STEP][FAILED] - click(findTestObject("KinJun/3.1 RIA Application/EIO Internal Login - RIA Application - Reject/Page_PERKESO/Log Out")): click(findTestObject("KinJun/3.1 RIA Application/EIO Internal Login - RIA Application - Reject/Page_PERKESO/Log Out")) FAILED.
Reason:
com.kms.katalon.core.exception.StepFailedException: Unable to click on object 'Object Repository/KinJun/3.1 RIA Application/EIO Internal Login - RIA Application - Reject/Page_PERKESO/Log Out' (Root cause: com.kms.katalon.core.webui.exception.WebElementNotFoundException: Web element with id: 'Object Repository/KinJun/3.1 RIA Application/EIO Internal Login - RIA Application - Reject/Page_PERKESO/Log Out' located by 'By.xpath: //a[@href = 'javascript:logoutFormSubmit()' and (text() = 'Log Out' or . = 'Log Out')]' not found)
	at com.kms.katalon.core.keyword.internal.KeywordMain.stepFailed(KeywordMain.groovy:36)
	at com.kms.katalon.core.webui.keyword.internal.WebUIKeywordMain.stepFailed(WebUIKeywordMain.groovy:65)
	at com.kms.katalon.core.webui.keyword.internal.WebUIKeywordMain.runKeyword(WebUIKeywordMain.groovy:27)
	at com.kms.katalon.core.webui.keyword.builtin.ClickKeyword.click(ClickKeyword.groovy:86)
	at com.kms.katalon.core.webui.keyword.builtin.ClickKeyword.execute(ClickKeyword.groovy:67)
	at com.kms.katalon.core.keyword.internal.KeywordExecutor.executeKeywordForPlatform(KeywordExecutor.groovy:53)
	at com.kms.katalon.core.webui.keyword.WebUiBuiltInKeywords.click(WebUiBuiltInKeywords.groovy:616)
	at com.kms.katalon.core.webui.keyword.WebUiBuiltInKeywords$click$3.call(Unknown Source)
	at EIO Internal Login - RIA Application - Reject.run(EIO Internal Login - RIA Application - Reject:91)
	at com.kms.katalon.core.main.ScriptEngine.run(ScriptEngine.java:194)
	at com.kms.katalon.core.main.ScriptEngine.runScriptAsRawText(ScriptEngine.java:119)
	at com.kms.katalon.core.main.TestCaseExecutor.runScript(TestCaseExecutor.java:328)
	at com.kms.katalon.core.main.TestCaseExecutor.doExecute(TestCaseExecutor.java:319)
	at com.kms.katalon.core.main.TestCaseExecutor.processExecutionPhase(TestCaseExecutor.java:298)
	at com.kms.katalon.core.main.TestCaseExecutor.accessMainPhase(TestCaseExecutor.java:290)
	at com.kms.katalon.core.main.TestCaseExecutor.execute(TestCaseExecutor.java:224)
	at com.kms.katalon.core.main.TestCaseMain.runTestCase(TestCaseMain.java:106)
	at com.kms.katalon.core.keyword.builtin.CallTestCaseKeyword$_callTestCase_closure1.doCall(CallTestCaseKeyword.groovy:59)
	at com.kms.katalon.core.keyword.builtin.CallTestCaseKeyword$_callTestCase_closure1.call(CallTestCaseKeyword.groovy)
	at com.kms.katalon.core.keyword.internal.KeywordMain.runKeyword(KeywordMain.groovy:54)
	at com.kms.katalon.core.keyword.builtin.CallTestCaseKeyword.callTestCase(CallTestCaseKeyword.groovy:80)
	at com.kms.katalon.core.keyword.builtin.CallTestCaseKeyword.execute(CallTestCaseKeyword.groovy:44)
	at com.kms.katalon.core.keyword.internal.KeywordExecutor.executeKeywordForPlatform(KeywordExecutor.groovy:53)
	at com.kms.katalon.core.keyword.BuiltinKeywords.callTestCase(BuiltinKeywords.groovy:334)
	at Reject Application - RIA.run(Reject Application - RIA:22)
	at com.kms.katalon.core.main.ScriptEngine.run(ScriptEngine.java:194)
	at com.kms.katalon.core.main.ScriptEngine.runScriptAsRawText(ScriptEngine.java:119)
	at com.kms.katalon.core.main.TestCaseExecutor.runScript(TestCaseExecutor.java:328)
	at com.kms.katalon.core.main.TestCaseExecutor.doExecute(TestCaseExecutor.java:319)
	at com.kms.katalon.core.main.TestCaseExecutor.processExecutionPhase(TestCaseExecutor.java:298)
	at com.kms.katalon.core.main.TestCaseExecutor.accessMainPhase(TestCaseExecutor.java:290)
	at com.kms.katalon.core.main.TestCaseExecutor.execute(TestCaseExecutor.java:224)
	at com.kms.katalon.core.main.TestSuiteExecutor.accessTestCaseMainPhase(TestSuiteExecutor.java:129)
	at com.kms.katalon.core.main.TestSuiteExecutor.accessTestSuiteMainPhase(TestSuiteExecutor.java:112)
	at com.kms.katalon.core.main.TestSuiteExecutor.execute(TestSuiteExecutor.java:81)
	at com.kms.katalon.core.main.TestCaseMain.startTestSuite(TestCaseMain.java:149)
	at com.kms.katalon.core.main.TestCaseMain$startTestSuite$0.call(Unknown Source)
	at TempTestSuite1550738418733.run(TempTestSuite1550738418733.groovy:36)


2019-02-21 17:31:34 - [MESSAGE][INFO] - Unable to find the element located by 'By.xpath: //a[@href = 'javascript:logoutFormSubmit()' and (text() = 'Log Out' or . = 'Log Out')]'. Please recheck the objects properties to make sure the desired element is located. 

2019-02-21 17:31:35 - [MESSAGE][FAILED] - Unable to click on object 'Object Repository/KinJun/3.1 RIA Application/EIO Internal Login - RIA Application - Reject/Page_PERKESO/Log Out' (Root cause: com.kms.katalon.core.webui.exception.WebElementNotFoundException: Web element with id: 'Object Repository/KinJun/3.1 RIA Application/EIO Internal Login - RIA Application - Reject/Page_PERKESO/Log Out' located by 'By.xpath: //a[@href = 'javascript:logoutFormSubmit()' and (text() = 'Log Out' or . = 'Log Out')]' not found)
[[ATTACHMENT|C:\\Users\\Admin\\Documents\\GitHub\\PKSKatalon\\PKS-EI-ES\\Reports\\New Test Suite\\20190221_164018\\1550741494707.png]]

2019-02-21 17:31:35 - [MESSAGE][FAILED] - click(findTestObject("KinJun/3.1 RIA Application/EIO Internal Login - RIA Application - Reject/Page_PERKESO/Log Out")) FAILED.
Reason:
com.kms.katalon.core.exception.StepFailedException: Unable to click on object 'Object Repository/KinJun/3.1 RIA Application/EIO Internal Login - RIA Application - Reject/Page_PERKESO/Log Out' (Root cause: com.kms.katalon.core.webui.exception.WebElementNotFoundException: Web element with id: 'Object Repository/KinJun/3.1 RIA Application/EIO Internal Login - RIA Application - Reject/Page_PERKESO/Log Out' located by 'By.xpath: //a[@href = 'javascript:logoutFormSubmit()' and (text() = 'Log Out' or . = 'Log Out')]' not found)
	at com.kms.katalon.core.keyword.internal.KeywordMain.stepFailed(KeywordMain.groovy:36)
	at com.kms.katalon.core.webui.keyword.internal.WebUIKeywordMain.stepFailed(WebUIKeywordMain.groovy:65)
	at com.kms.katalon.core.webui.keyword.internal.WebUIKeywordMain.runKeyword(WebUIKeywordMain.groovy:27)
	at com.kms.katalon.core.webui.keyword.builtin.ClickKeyword.click(ClickKeyword.groovy:86)
	at com.kms.katalon.core.webui.keyword.builtin.ClickKeyword.execute(ClickKeyword.groovy:67)
	at com.kms.katalon.core.keyword.internal.KeywordExecutor.executeKeywordForPlatform(KeywordExecutor.groovy:53)
	at com.kms.katalon.core.webui.keyword.WebUiBuiltInKeywords.click(WebUiBuiltInKeywords.groovy:616)
	at com.kms.katalon.core.webui.keyword.WebUiBuiltInKeywords$click$3.call(Unknown Source)
	at EIO Internal Login - RIA Application - Reject.run(EIO Internal Login - RIA Application - Reject:91)
	at com.kms.katalon.core.main.ScriptEngine.run(ScriptEngine.java:194)
	at com.kms.katalon.core.main.ScriptEngine.runScriptAsRawText(ScriptEngine.java:119)
	at com.kms.katalon.core.main.TestCaseExecutor.runScript(TestCaseExecutor.java:328)
	at com.kms.katalon.core.main.TestCaseExecutor.doExecute(TestCaseExecutor.java:319)
	at com.kms.katalon.core.main.TestCaseExecutor.processExecutionPhase(TestCaseExecutor.java:298)
	at com.kms.katalon.core.main.TestCaseExecutor.accessMainPhase(TestCaseExecutor.java:290)
	at com.kms.katalon.core.main.TestCaseExecutor.execute(TestCaseExecutor.java:224)
	at com.kms.katalon.core.main.TestCaseMain.runTestCase(TestCaseMain.java:106)
	at com.kms.katalon.core.keyword.builtin.CallTestCaseKeyword$_callTestCase_closure1.doCall(CallTestCaseKeyword.groovy:59)
	at com.kms.katalon.core.keyword.builtin.CallTestCaseKeyword$_callTestCase_closure1.call(CallTestCaseKeyword.groovy)
	at com.kms.katalon.core.keyword.internal.KeywordMain.runKeyword(KeywordMain.groovy:54)
	at com.kms.katalon.core.keyword.builtin.CallTestCaseKeyword.callTestCase(CallTestCaseKeyword.groovy:80)
	at com.kms.katalon.core.keyword.builtin.CallTestCaseKeyword.execute(CallTestCaseKeyword.groovy:44)
	at com.kms.katalon.core.keyword.internal.KeywordExecutor.executeKeywordForPlatform(KeywordExecutor.groovy:53)
	at com.kms.katalon.core.keyword.BuiltinKeywords.callTestCase(BuiltinKeywords.groovy:334)
	at Reject Application - RIA.run(Reject Application - RIA:22)
	at com.kms.katalon.core.main.ScriptEngine.run(ScriptEngine.java:194)
	at com.kms.katalon.core.main.ScriptEngine.runScriptAsRawText(ScriptEngine.java:119)
	at com.kms.katalon.core.main.TestCaseExecutor.runScript(TestCaseExecutor.java:328)
	at com.kms.katalon.core.main.TestCaseExecutor.doExecute(TestCaseExecutor.java:319)
	at com.kms.katalon.core.main.TestCaseExecutor.processExecutionPhase(TestCaseExecutor.java:298)
	at com.kms.katalon.core.main.TestCaseExecutor.accessMainPhase(TestCaseExecutor.java:290)
	at com.kms.katalon.core.main.TestCaseExecutor.execute(TestCaseExecutor.java:224)
	at com.kms.katalon.core.main.TestSuiteExecutor.accessTestCaseMainPhase(TestSuiteExecutor.java:129)
	at com.kms.katalon.core.main.TestSuiteExecutor.accessTestSuiteMainPhase(TestSuiteExecutor.java:112)
	at com.kms.katalon.core.main.TestSuiteExecutor.execute(TestSuiteExecutor.java:81)
	at com.kms.katalon.core.main.TestCaseMain.startTestSuite(TestCaseMain.java:149)
	at com.kms.katalon.core.main.TestCaseMain$startTestSuite$0.call(Unknown Source)
	at TempTestSuite1550738418733.run(TempTestSuite1550738418733.groovy:36)


2019-02-21 17:31:35 - [MESSAGE][FAILED] - Unable to call Test Case 'Test Cases/All TC/Arranged/2. Segment/2.31 RIA Application/EIO Internal Login - RIA Application - Reject' (Root cause: com.kms.katalon.core.exception.StepFailedException: Call Test Case 'Test Cases/All TC/Arranged/2. Segment/2.31 RIA Application/EIO Internal Login - RIA Application - Reject' failed)

2019-02-21 17:31:35 - [MESSAGE][FAILED] - callTestCase(findTestCase("All TC/Arranged/2. Segment/2.31 RIA Application/EIO Internal Login - RIA Application - Reject"), [:], STOP_ON_FAILURE) FAILED.
Reason:
com.kms.katalon.core.exception.StepFailedException: Unable to click on object 'Object Repository/KinJun/3.1 RIA Application/EIO Internal Login - RIA Application - Reject/Page_PERKESO/Log Out' (Root cause: com.kms.katalon.core.webui.exception.WebElementNotFoundException: Web element with id: 'Object Repository/KinJun/3.1 RIA Application/EIO Internal Login - RIA Application - Reject/Page_PERKESO/Log Out' located by 'By.xpath: //a[@href = 'javascript:logoutFormSubmit()' and (text() = 'Log Out' or . = 'Log Out')]' not found)
	at com.kms.katalon.core.keyword.internal.KeywordMain.stepFailed(KeywordMain.groovy:36)
	at com.kms.katalon.core.webui.keyword.internal.WebUIKeywordMain.stepFailed(WebUIKeywordMain.groovy:65)
	at com.kms.katalon.core.webui.keyword.internal.WebUIKeywordMain.runKeyword(WebUIKeywordMain.groovy:27)
	at com.kms.katalon.core.webui.keyword.builtin.ClickKeyword.click(ClickKeyword.groovy:86)
	at com.kms.katalon.core.webui.keyword.builtin.ClickKeyword.execute(ClickKeyword.groovy:67)
	at com.kms.katalon.core.keyword.internal.KeywordExecutor.executeKeywordForPlatform(KeywordExecutor.groovy:53)
	at com.kms.katalon.core.webui.keyword.WebUiBuiltInKeywords.click(WebUiBuiltInKeywords.groovy:616)
	at com.kms.katalon.core.webui.keyword.WebUiBuiltInKeywords$click$3.call(Unknown Source)
	at EIO Internal Login - RIA Application - Reject.run(EIO Internal Login - RIA Application - Reject:91)
	at com.kms.katalon.core.main.ScriptEngine.run(ScriptEngine.java:194)
	at com.kms.katalon.core.main.ScriptEngine.runScriptAsRawText(ScriptEngine.java:119)
	at com.kms.katalon.core.main.TestCaseExecutor.runScript(TestCaseExecutor.java:328)
	at com.kms.katalon.core.main.TestCaseExecutor.doExecute(TestCaseExecutor.java:319)
	at com.kms.katalon.core.main.TestCaseExecutor.processExecutionPhase(TestCaseExecutor.java:298)
	at com.kms.katalon.core.main.TestCaseExecutor.accessMainPhase(TestCaseExecutor.java:290)
	at com.kms.katalon.core.main.TestCaseExecutor.execute(TestCaseExecutor.java:224)
	at com.kms.katalon.core.main.TestCaseMain.runTestCase(TestCaseMain.java:106)
	at com.kms.katalon.core.keyword.builtin.CallTestCaseKeyword$_callTestCase_closure1.doCall(CallTestCaseKeyword.groovy:59)
	at com.kms.katalon.core.keyword.builtin.CallTestCaseKeyword$_callTestCase_closure1.call(CallTestCaseKeyword.groovy)
	at com.kms.katalon.core.keyword.internal.KeywordMain.runKeyword(KeywordMain.groovy:54)
	at com.kms.katalon.core.keyword.builtin.CallTestCaseKeyword.callTestCase(CallTestCaseKeyword.groovy:80)
	at com.kms.katalon.core.keyword.builtin.CallTestCaseKeyword.execute(CallTestCaseKeyword.groovy:44)
	at com.kms.katalon.core.keyword.internal.KeywordExecutor.executeKeywordForPlatform(KeywordExecutor.groovy:53)
	at com.kms.katalon.core.keyword.BuiltinKeywords.callTestCase(BuiltinKeywords.groovy:334)
	at Reject Application - RIA.run(Reject Application - RIA:22)
	at com.kms.katalon.core.main.ScriptEngine.run(ScriptEngine.java:194)
	at com.kms.katalon.core.main.ScriptEngine.runScriptAsRawText(ScriptEngine.java:119)
	at com.kms.katalon.core.main.TestCaseExecutor.runScript(TestCaseExecutor.java:328)
	at com.kms.katalon.core.main.TestCaseExecutor.doExecute(TestCaseExecutor.java:319)
	at com.kms.katalon.core.main.TestCaseExecutor.processExecutionPhase(TestCaseExecutor.java:298)
	at com.kms.katalon.core.main.TestCaseExecutor.accessMainPhase(TestCaseExecutor.java:290)
	at com.kms.katalon.core.main.TestCaseExecutor.execute(TestCaseExecutor.java:224)
	at com.kms.katalon.core.main.TestSuiteExecutor.accessTestCaseMainPhase(TestSuiteExecutor.java:129)
	at com.kms.katalon.core.main.TestSuiteExecutor.accessTestSuiteMainPhase(TestSuiteExecutor.java:112)
	at com.kms.katalon.core.main.TestSuiteExecutor.execute(TestSuiteExecutor.java:81)
	at com.kms.katalon.core.main.TestCaseMain.startTestSuite(TestCaseMain.java:149)
	at com.kms.katalon.core.main.TestCaseMain$startTestSuite$0.call(Unknown Source)
	at TempTestSuite1550738418733.run(TempTestSuite1550738418733.groovy:36)]]></system-out>
         <system-err><![CDATA[2019-02-21 17:24:22 - [TEST_CASE][FAILED] - Test Cases/All TC/Arranged/0. Full Flow/Reject Application - RIA: Test Cases/All TC/Arranged/0. Full Flow/Reject Application - RIA FAILED.
Reason:
com.kms.katalon.core.exception.StepFailedException: Unable to click on object 'Object Repository/KinJun/3.1 RIA Application/EIO Internal Login - RIA Application - Reject/Page_PERKESO/Log Out' (Root cause: com.kms.katalon.core.webui.exception.WebElementNotFoundException: Web element with id: 'Object Repository/KinJun/3.1 RIA Application/EIO Internal Login - RIA Application - Reject/Page_PERKESO/Log Out' located by 'By.xpath: //a[@href = 'javascript:logoutFormSubmit()' and (text() = 'Log Out' or . = 'Log Out')]' not found)
	at com.kms.katalon.core.keyword.internal.KeywordMain.stepFailed(KeywordMain.groovy:36)
	at com.kms.katalon.core.webui.keyword.internal.WebUIKeywordMain.stepFailed(WebUIKeywordMain.groovy:65)
	at com.kms.katalon.core.webui.keyword.internal.WebUIKeywordMain.runKeyword(WebUIKeywordMain.groovy:27)
	at com.kms.katalon.core.webui.keyword.builtin.ClickKeyword.click(ClickKeyword.groovy:86)
	at com.kms.katalon.core.webui.keyword.builtin.ClickKeyword.execute(ClickKeyword.groovy:67)
	at com.kms.katalon.core.keyword.internal.KeywordExecutor.executeKeywordForPlatform(KeywordExecutor.groovy:53)
	at com.kms.katalon.core.webui.keyword.WebUiBuiltInKeywords.click(WebUiBuiltInKeywords.groovy:616)
	at com.kms.katalon.core.webui.keyword.WebUiBuiltInKeywords$click$3.call(Unknown Source)
	at EIO Internal Login - RIA Application - Reject.run(EIO Internal Login - RIA Application - Reject:91)
	at com.kms.katalon.core.main.ScriptEngine.run(ScriptEngine.java:194)
	at com.kms.katalon.core.main.ScriptEngine.runScriptAsRawText(ScriptEngine.java:119)
	at com.kms.katalon.core.main.TestCaseExecutor.runScript(TestCaseExecutor.java:328)
	at com.kms.katalon.core.main.TestCaseExecutor.doExecute(TestCaseExecutor.java:319)
	at com.kms.katalon.core.main.TestCaseExecutor.processExecutionPhase(TestCaseExecutor.java:298)
	at com.kms.katalon.core.main.TestCaseExecutor.accessMainPhase(TestCaseExecutor.java:290)
	at com.kms.katalon.core.main.TestCaseExecutor.execute(TestCaseExecutor.java:224)
	at com.kms.katalon.core.main.TestCaseMain.runTestCase(TestCaseMain.java:106)
	at com.kms.katalon.core.keyword.builtin.CallTestCaseKeyword$_callTestCase_closure1.doCall(CallTestCaseKeyword.groovy:59)
	at com.kms.katalon.core.keyword.builtin.CallTestCaseKeyword$_callTestCase_closure1.call(CallTestCaseKeyword.groovy)
	at com.kms.katalon.core.keyword.internal.KeywordMain.runKeyword(KeywordMain.groovy:54)
	at com.kms.katalon.core.keyword.builtin.CallTestCaseKeyword.callTestCase(CallTestCaseKeyword.groovy:80)
	at com.kms.katalon.core.keyword.builtin.CallTestCaseKeyword.execute(CallTestCaseKeyword.groovy:44)
	at com.kms.katalon.core.keyword.internal.KeywordExecutor.executeKeywordForPlatform(KeywordExecutor.groovy:53)
	at com.kms.katalon.core.keyword.BuiltinKeywords.callTestCase(BuiltinKeywords.groovy:334)
	at Reject Application - RIA.run(Reject Application - RIA:22)
	at com.kms.katalon.core.main.ScriptEngine.run(ScriptEngine.java:194)
	at com.kms.katalon.core.main.ScriptEngine.runScriptAsRawText(ScriptEngine.java:119)
	at com.kms.katalon.core.main.TestCaseExecutor.runScript(TestCaseExecutor.java:328)
	at com.kms.katalon.core.main.TestCaseExecutor.doExecute(TestCaseExecutor.java:319)
	at com.kms.katalon.core.main.TestCaseExecutor.processExecutionPhase(TestCaseExecutor.java:298)
	at com.kms.katalon.core.main.TestCaseExecutor.accessMainPhase(TestCaseExecutor.java:290)
	at com.kms.katalon.core.main.TestCaseExecutor.execute(TestCaseExecutor.java:224)
	at com.kms.katalon.core.main.TestSuiteExecutor.accessTestCaseMainPhase(TestSuiteExecutor.java:129)
	at com.kms.katalon.core.main.TestSuiteExecutor.accessTestSuiteMainPhase(TestSuiteExecutor.java:112)
	at com.kms.katalon.core.main.TestSuiteExecutor.execute(TestSuiteExecutor.java:81)
	at com.kms.katalon.core.main.TestCaseMain.startTestSuite(TestCaseMain.java:149)
	at com.kms.katalon.core.main.TestCaseMain$startTestSuite$0.call(Unknown Source)
	at TempTestSuite1550738418733.run(TempTestSuite1550738418733.groovy:36)]]></system-err>
      </testcase>
      <testcase name="Test Cases/All TC/Arranged/0. Full Flow/Reject Application - JSA" classname="Test Cases/All TC/Arranged/0. Full Flow/Reject Application - JSA" status="PASSED">
         <system-out><![CDATA[2019-02-21 17:31:36 - [TEST_CASE][PASSED] - Test Cases/All TC/Arranged/0. Full Flow/Reject Application - JSA: Test Cases/All TC/Arranged/0. Full Flow/Reject Application - JSA

2019-02-21 17:31:36 - [TEST_STEP][PASSED] - callTestCase(findTestCase("All TC/Arranged/2. Segment/OTC_Submit Form 7_End to End - EFT"), [:], STOP_ON_FAILURE): Call Test Case 'Test Cases/All TC/Arranged/2. Segment/OTC_Submit Form 7_End to End - EFT' successfully

2019-02-21 17:31:36 - [TEST_CASE][PASSED] - Test Cases/All TC/Arranged/2. Segment/OTC_Submit Form 7_End to End - EFT: Test Cases/All TC/Arranged/2. Segment/OTC_Submit Form 7_End to End - EFT

2019-02-21 17:31:36 - [TEST_STEP][PASSED] - callTestCase(findTestCase("All TC/Arranged/3. Unit/EI/Form 7_default/OTC_Application_Reg"), [:], STOP_ON_FAILURE): Call Test Case 'Test Cases/All TC/Arranged/3. Unit/EI/Form 7_default/OTC_Application_Reg' successfully

2019-02-21 17:31:36 - [TEST_CASE][PASSED] - Test Cases/All TC/Arranged/3. Unit/EI/Form 7_default/OTC_Application_Reg: Test Cases/All TC/Arranged/3. Unit/EI/Form 7_default/OTC_Application_Reg

2019-02-21 17:31:36 - [TEST_STEP][PASSED] - openBrowser(""): Browser is opened with url: ''

2019-02-21 17:31:36 - [MESSAGE][WARNING] - A browser is already opened. Closing browser and opening a new one

2019-02-21 17:31:37 - [MESSAGE][INFO] - Starting 'Chrome' driver

2019-02-21 17:31:37 - [MESSAGE][INFO] - User set preference: ['args', '[--start-maximized]']

2019-02-21 17:31:39 - [MESSAGE][PASSED] - Browser is opened with url: ''

2019-02-21 17:31:39 - [TEST_STEP][PASSED] - navigateToUrl(Internal_Login): Navigate to 'http://10.20.24.188/eisportal/user/login' successfully

2019-02-21 17:31:40 - [MESSAGE][PASSED] - Navigate to 'http://10.20.24.188/eisportal/user/login' successfully

2019-02-21 17:31:40 - [TEST_STEP][PASSED] - delay(3): Delayed 3 second(s)

2019-02-21 17:31:43 - [MESSAGE][PASSED] - Delayed 3 second(s)

2019-02-21 17:31:43 - [TEST_STEP][PASSED] - setText(findTestObject("KeatMun/Form 7_default/OTC_Application_Reg/Page_PERKESO/1.username"), "faizal.hamid@perkeso.gov.my"): Text 'faizal.hamid@perkeso.gov.my' is set on object 'Object Repository/KeatMun/Form 7_default/OTC_Application_Reg/Page_PERKESO/1.username'

2019-02-21 17:31:43 - [MESSAGE][PASSED] - Text 'faizal.hamid@perkeso.gov.my' is set on object 'Object Repository/KeatMun/Form 7_default/OTC_Application_Reg/Page_PERKESO/1.username'

2019-02-21 17:31:43 - [TEST_STEP][PASSED] - delay(1): Delayed 1 second(s)

2019-02-21 17:31:44 - [MESSAGE][PASSED] - Delayed 1 second(s)

2019-02-21 17:31:44 - [TEST_STEP][PASSED] - setEncryptedText(findTestObject("KeatMun/Form 7_default/OTC_Application_Reg/Page_PERKESO/2.password"), "CQqwFZlbeC8="): Text ****** has been set on object 'Object Repository/KeatMun/Form 7_default/OTC_Application_Reg/Page_PERKESO/2.password'

2019-02-21 17:31:45 - [MESSAGE][PASSED] - Text ****** has been set on object 'Object Repository/KeatMun/Form 7_default/OTC_Application_Reg/Page_PERKESO/2.password'

2019-02-21 17:31:45 - [TEST_STEP][PASSED] - delay(2): Delayed 2 second(s)

2019-02-21 17:31:47 - [MESSAGE][PASSED] - Delayed 2 second(s)

2019-02-21 17:31:47 - [TEST_STEP][PASSED] - click(findTestObject("KeatMun/Form 7_default/OTC_Application_Reg/Page_PERKESO/3.login button")): Object: 'Object Repository/KeatMun/Form 7_default/OTC_Application_Reg/Page_PERKESO/3.login button' is clicked on

2019-02-21 17:31:48 - [MESSAGE][PASSED] - Object: 'Object Repository/KeatMun/Form 7_default/OTC_Application_Reg/Page_PERKESO/3.login button' is clicked on

2019-02-21 17:31:48 - [TEST_STEP][PASSED] - delay(2): Delayed 2 second(s)

2019-02-21 17:31:50 - [MESSAGE][PASSED] - Delayed 2 second(s)

2019-02-21 17:31:50 - [TEST_STEP][PASSED] - click(findTestObject("KeatMun/Form 7_default/OTC_Application_Reg/Page_PERKESO/4. Permohonan tab")): Object: 'Object Repository/KeatMun/Form 7_default/OTC_Application_Reg/Page_PERKESO/4. Permohonan tab' is clicked on

2019-02-21 17:31:50 - [MESSAGE][PASSED] - Object: 'Object Repository/KeatMun/Form 7_default/OTC_Application_Reg/Page_PERKESO/4. Permohonan tab' is clicked on

2019-02-21 17:31:50 - [TEST_STEP][PASSED] - delay(2): Delayed 2 second(s)

2019-02-21 17:31:52 - [MESSAGE][PASSED] - Delayed 2 second(s)

2019-02-21 17:31:52 - [TEST_STEP][PASSED] - click(findTestObject("KeatMun/Form 7_default/OTC_Application_Reg/Page_PERKESO/5.button_Setuju")): Object: 'Object Repository/KeatMun/Form 7_default/OTC_Application_Reg/Page_PERKESO/5.button_Setuju' is clicked on

2019-02-21 17:31:53 - [MESSAGE][PASSED] - Object: 'Object Repository/KeatMun/Form 7_default/OTC_Application_Reg/Page_PERKESO/5.button_Setuju' is clicked on

2019-02-21 17:31:53 - [TEST_STEP][PASSED] - delay(2): Delayed 2 second(s)

2019-02-21 17:31:55 - [MESSAGE][PASSED] - Delayed 2 second(s)

2019-02-21 17:31:55 - [TEST_STEP][PASSED] - callTestCase(findTestCase("All TC/Arranged/1. Common/IC List Checker"), [:], STOP_ON_FAILURE): Call Test Case 'Test Cases/All TC/Arranged/1. Common/IC List Checker' successfully

2019-02-21 17:31:55 - [TEST_CASE][PASSED] - Test Cases/All TC/Arranged/1. Common/IC List Checker: Test Cases/All TC/Arranged/1. Common/IC List Checker

2019-02-21 17:31:55 - [TEST_STEP][PASSED] - counter = 0: null

2019-02-21 17:31:55 - [TEST_STEP][PASSED] - fis = new java.io.FileInputStream((internal.GlobalVariable.TextFilePathCommon + \IC.xlsx)): null

2019-02-21 17:31:55 - [TEST_STEP][PASSED] - workbook = new org.apache.poi.xssf.usermodel.XSSFWorkbook(fis): null

2019-02-21 17:31:55 - [TEST_STEP][PASSED] - sheet = workbook.getSheet("Sheet1"): null

2019-02-21 17:31:55 - [TEST_STEP][PASSED] - totalRow = sheet.getLastRowNum(): null

2019-02-21 17:31:55 - [TEST_STEP][PASSED] - out.println(totalRow): null

2019-02-21 17:31:55 - [TEST_STEP][PASSED] - row = sheet.getRow(counter): null

2019-02-21 17:31:55 - [TEST_STEP][PASSED] - cell = row.getCell(counter): null

2019-02-21 17:31:55 - [TEST_STEP][PASSED] - a = cell.getStringCellValue(): null

2019-02-21 17:31:55 - [TEST_STEP][PASSED] - IC = a: null

2019-02-21 17:31:55 - [TEST_STEP][PASSED] - out.println(IC): null

2019-02-21 17:31:55 - [TEST_STEP][PASSED] - callTestCase(findTestCase("All TC/Arranged/1. Common/1.2 Setter/Setter IC"), [:], STOP_ON_FAILURE): Call Test Case 'Test Cases/All TC/Arranged/1. Common/1.2 Setter/Setter IC' successfully

2019-02-21 17:31:55 - [TEST_CASE][PASSED] - Test Cases/All TC/Arranged/1. Common/1.2 Setter/Setter IC: Test Cases/All TC/Arranged/1. Common/1.2 Setter/Setter IC

2019-02-21 17:31:55 - [TEST_STEP][PASSED] - RefNoOldFile = new java.io.File((internal.GlobalVariable.TextFilePathCommon + \getIC.txt)): null

2019-02-21 17:31:55 - [TEST_STEP][PASSED] - RefNoOldFile.delete(): null

2019-02-21 17:31:55 - [TEST_STEP][PASSED] - delay(5): Delayed 5 second(s)

2019-02-21 17:32:00 - [MESSAGE][PASSED] - Delayed 5 second(s)

2019-02-21 17:32:00 - [TEST_STEP][PASSED] - RefNo = new java.io.File((internal.GlobalVariable.TextFilePathCommon + \getIC.txt)): null

2019-02-21 17:32:00 - [TEST_STEP][PASSED] - f2 = new java.io.FileWriter(RefNo, false): null

2019-02-21 17:32:00 - [TEST_STEP][PASSED] - f2.write(IC): null

2019-02-21 17:32:00 - [TEST_STEP][PASSED] - f2.close(): null

2019-02-21 17:32:00 - [TEST_STEP][PASSED] - out.println("


" + IC + "


"): null

2019-02-21 17:32:00 - [MESSAGE][PASSED] - Call Test Case 'Test Cases/All TC/Arranged/1. Common/1.2 Setter/Setter IC' successfully

2019-02-21 17:32:00 - [MESSAGE][PASSED] - Call Test Case 'Test Cases/All TC/Arranged/1. Common/IC List Checker' successfully

2019-02-21 17:32:00 - [TEST_STEP][PASSED] - setText(findTestObject("KeatMun/Form 7_default/OTC_Application_Reg/Page_PERKESO/6.No. Kad Pengenalan"), IC): Text '811124125577' is set on object 'Object Repository/KeatMun/Form 7_default/OTC_Application_Reg/Page_PERKESO/6.No. Kad Pengenalan'

2019-02-21 17:32:01 - [MESSAGE][PASSED] - Text '811124125577' is set on object 'Object Repository/KeatMun/Form 7_default/OTC_Application_Reg/Page_PERKESO/6.No. Kad Pengenalan'

2019-02-21 17:32:01 - [TEST_STEP][PASSED] - delay(2): Delayed 2 second(s)

2019-02-21 17:32:03 - [MESSAGE][PASSED] - Delayed 2 second(s)

2019-02-21 17:32:03 - [TEST_STEP][PASSED] - click(findTestObject("KeatMun/Form 7_default/OTC_Application_Reg/Page_PERKESO/7.button_Semak")): Object: 'Object Repository/KeatMun/Form 7_default/OTC_Application_Reg/Page_PERKESO/7.button_Semak' is clicked on

2019-02-21 17:32:03 - [MESSAGE][PASSED] - Object: 'Object Repository/KeatMun/Form 7_default/OTC_Application_Reg/Page_PERKESO/7.button_Semak' is clicked on

2019-02-21 17:32:03 - [TEST_STEP][PASSED] - delay(4): Delayed 4 second(s)

2019-02-21 17:32:07 - [MESSAGE][PASSED] - Delayed 4 second(s)

2019-02-21 17:32:07 - [TEST_STEP][PASSED] - click(findTestObject("KeatMun/Form 7_default/OTC_Application_Reg/Page_PERKESO/8. Nama Majikan Dropdown")): Object: 'Object Repository/KeatMun/Form 7_default/OTC_Application_Reg/Page_PERKESO/8. Nama Majikan Dropdown' is clicked on

2019-02-21 17:32:07 - [MESSAGE][PASSED] - Object: 'Object Repository/KeatMun/Form 7_default/OTC_Application_Reg/Page_PERKESO/8. Nama Majikan Dropdown' is clicked on

2019-02-21 17:32:07 - [TEST_STEP][PASSED] - setText(findTestObject("KeatMun/Form 7_default/OTC_Application_Reg/Page_PERKESO/8. LOE emp"), "pet"): Text 'pet' is set on object 'Object Repository/KeatMun/Form 7_default/OTC_Application_Reg/Page_PERKESO/8. LOE emp'

2019-02-21 17:32:07 - [MESSAGE][PASSED] - Text 'pet' is set on object 'Object Repository/KeatMun/Form 7_default/OTC_Application_Reg/Page_PERKESO/8. LOE emp'

2019-02-21 17:32:07 - [TEST_STEP][PASSED] - click(findTestObject("KeatMun/Form 7_default/OTC_Application_Reg/Page_PERKESO/8. PETRONAS")): Object: 'Object Repository/KeatMun/Form 7_default/OTC_Application_Reg/Page_PERKESO/8. PETRONAS' is clicked on

2019-02-21 17:32:07 - [MESSAGE][PASSED] - Object: 'Object Repository/KeatMun/Form 7_default/OTC_Application_Reg/Page_PERKESO/8. PETRONAS' is clicked on

2019-02-21 17:32:07 - [TEST_STEP][PASSED] - delay(2): Delayed 2 second(s)

2019-02-21 17:32:09 - [MESSAGE][PASSED] - Delayed 2 second(s)

2019-02-21 17:32:09 - [TEST_STEP][PASSED] - TodayDate = new java.util.Date(): null

2019-02-21 17:32:09 - [TEST_STEP][PASSED] - CurrentDateNoFilter = new java.text.SimpleDateFormat(): null

2019-02-21 17:32:09 - [TEST_STEP][PASSED] - CurrentDateNoFilter.applyPattern("dd/MM/yyyy"): null

2019-02-21 17:32:09 - [TEST_STEP][PASSED] - CurrentDate = CurrentDateNoFilter.format(TodayDate): null

2019-02-21 17:32:09 - [TEST_STEP][PASSED] - out.println(CurrentDate): null

2019-02-21 17:32:09 - [TEST_STEP][PASSED] - date = CurrentDate: null

2019-02-21 17:32:09 - [TEST_STEP][PASSED] - setText(findTestObject("KeatMun/Form 7_default/OTC_Application_Reg/Page_PERKESO/9.Tarikh kehilangan pkj"), date): Text '21/02/2019' is set on object 'Object Repository/KeatMun/Form 7_default/OTC_Application_Reg/Page_PERKESO/9.Tarikh kehilangan pkj'

2019-02-21 17:32:10 - [MESSAGE][PASSED] - Text '21/02/2019' is set on object 'Object Repository/KeatMun/Form 7_default/OTC_Application_Reg/Page_PERKESO/9.Tarikh kehilangan pkj'

2019-02-21 17:32:10 - [TEST_STEP][PASSED] - delay(2): Delayed 2 second(s)

2019-02-21 17:32:12 - [MESSAGE][PASSED] - Delayed 2 second(s)

2019-02-21 17:32:12 - [TEST_STEP][PASSED] - click(findTestObject("KeatMun/Form 7_default/OTC_Application_Reg/Page_PERKESO/9. Date Picker Done Button ")): Object: 'Object Repository/KeatMun/Form 7_default/OTC_Application_Reg/Page_PERKESO/9. Date Picker Done Button ' is clicked on

2019-02-21 17:32:12 - [MESSAGE][PASSED] - Object: 'Object Repository/KeatMun/Form 7_default/OTC_Application_Reg/Page_PERKESO/9. Date Picker Done Button ' is clicked on

2019-02-21 17:32:12 - [TEST_STEP][PASSED] - delay(2): Delayed 2 second(s)

2019-02-21 17:32:14 - [MESSAGE][PASSED] - Delayed 2 second(s)

2019-02-21 17:32:14 - [TEST_STEP][PASSED] - click(findTestObject("KeatMun/Form 7_default/OTC_Application_Reg/Page_PERKESO/10.button_Mohon")): Object: 'Object Repository/KeatMun/Form 7_default/OTC_Application_Reg/Page_PERKESO/10.button_Mohon' is clicked on

2019-02-21 17:32:14 - [MESSAGE][PASSED] - Object: 'Object Repository/KeatMun/Form 7_default/OTC_Application_Reg/Page_PERKESO/10.button_Mohon' is clicked on

2019-02-21 17:32:14 - [TEST_STEP][PASSED] - delay(2): Delayed 2 second(s)

2019-02-21 17:32:16 - [MESSAGE][PASSED] - Delayed 2 second(s)

2019-02-21 17:32:16 - [TEST_STEP][PASSED] - setText(findTestObject("KeatMun/Form 7_default/OTC_Application_Reg/Page_PERKESO/11.Tarikh Terima_stampedDtS"), "10/01/2019"): Text '10/01/2019' is set on object 'Object Repository/KeatMun/Form 7_default/OTC_Application_Reg/Page_PERKESO/11.Tarikh Terima_stampedDtS'

2019-02-21 17:32:16 - [MESSAGE][PASSED] - Text '10/01/2019' is set on object 'Object Repository/KeatMun/Form 7_default/OTC_Application_Reg/Page_PERKESO/11.Tarikh Terima_stampedDtS'

2019-02-21 17:32:16 - [TEST_STEP][PASSED] - delay(2): Delayed 2 second(s)

2019-02-21 17:32:18 - [MESSAGE][PASSED] - Delayed 2 second(s)

2019-02-21 17:32:18 - [TEST_STEP][PASSED] - click(findTestObject("KeatMun/Form 7_default/OTC_Application_Reg/Page_PERKESO/11. Date Picker Done Button")): Object: 'Object Repository/KeatMun/Form 7_default/OTC_Application_Reg/Page_PERKESO/11. Date Picker Done Button' is clicked on

2019-02-21 17:32:18 - [MESSAGE][PASSED] - Object: 'Object Repository/KeatMun/Form 7_default/OTC_Application_Reg/Page_PERKESO/11. Date Picker Done Button' is clicked on

2019-02-21 17:32:18 - [TEST_STEP][PASSED] - delay(2): Delayed 2 second(s)

2019-02-21 17:32:20 - [MESSAGE][PASSED] - Delayed 2 second(s)

2019-02-21 17:32:20 - [TEST_STEP][PASSED] - click(findTestObject("KeatMun/Form 7_default/OTC_Application_Reg/Page_PERKESO/11.button_TERUSKAN")): Object: 'Object Repository/KeatMun/Form 7_default/OTC_Application_Reg/Page_PERKESO/11.button_TERUSKAN' is clicked on

2019-02-21 17:32:21 - [MESSAGE][PASSED] - Object: 'Object Repository/KeatMun/Form 7_default/OTC_Application_Reg/Page_PERKESO/11.button_TERUSKAN' is clicked on

2019-02-21 17:32:21 - [TEST_STEP][PASSED] - delay(2): Delayed 2 second(s)

2019-02-21 17:32:23 - [MESSAGE][PASSED] - Delayed 2 second(s)

2019-02-21 17:32:23 - [TEST_STEP][PASSED] - selectOptionByValue(findTestObject("KeatMun/Form 7_default/OTC_Application_Reg/Page_PERKESO/12.--Sila Pilih--PejabatPKS"), "22", true): All options with value '22' are selected in object 'Object Repository/KeatMun/Form 7_default/OTC_Application_Reg/Page_PERKESO/12.--Sila Pilih--PejabatPKS'  using regular expression

2019-02-21 17:32:24 - [MESSAGE][PASSED] - All options with value '22' are selected in object 'Object Repository/KeatMun/Form 7_default/OTC_Application_Reg/Page_PERKESO/12.--Sila Pilih--PejabatPKS'  using regular expression

2019-02-21 17:32:24 - [TEST_STEP][PASSED] - delay(2): Delayed 2 second(s)

2019-02-21 17:32:26 - [MESSAGE][PASSED] - Delayed 2 second(s)

2019-02-21 17:32:26 - [TEST_STEP][PASSED] - click(findTestObject("KeatMun/Form 7_default/OTC_Application_Reg/Page_PERKESO/13. Halaman Seterusnya")): Object: 'Object Repository/KeatMun/Form 7_default/OTC_Application_Reg/Page_PERKESO/13. Halaman Seterusnya' is clicked on

2019-02-21 17:32:26 - [MESSAGE][PASSED] - Object: 'Object Repository/KeatMun/Form 7_default/OTC_Application_Reg/Page_PERKESO/13. Halaman Seterusnya' is clicked on

2019-02-21 17:32:26 - [MESSAGE][PASSED] - Call Test Case 'Test Cases/All TC/Arranged/3. Unit/EI/Form 7_default/OTC_Application_Reg' successfully

2019-02-21 17:32:26 - [TEST_STEP][PASSED] - callTestCase(findTestCase("All TC/Arranged/3. Unit/EI/Form 7_default/OTC_Submit Form 7_Section A"), [:], STOP_ON_FAILURE): Call Test Case 'Test Cases/All TC/Arranged/3. Unit/EI/Form 7_default/OTC_Submit Form 7_Section A' successfully

2019-02-21 17:32:26 - [TEST_CASE][PASSED] - Test Cases/All TC/Arranged/3. Unit/EI/Form 7_default/OTC_Submit Form 7_Section A: Test Cases/All TC/Arranged/3. Unit/EI/Form 7_default/OTC_Submit Form 7_Section A

2019-02-21 17:32:26 - [TEST_STEP][PASSED] - delay(2): Delayed 2 second(s)

2019-02-21 17:32:28 - [MESSAGE][PASSED] - Delayed 2 second(s)

2019-02-21 17:32:28 - [TEST_STEP][PASSED] - setText(findTestObject("KeatMun/Form 7_default/OTC_Submit Form 7_Section A/Page_PERKESO/A4. EmployeeDob"), "10/01/2019"): Text '10/01/2019' is set on object 'Object Repository/KeatMun/Form 7_default/OTC_Submit Form 7_Section A/Page_PERKESO/A4. EmployeeDob'

2019-02-21 17:32:28 - [MESSAGE][PASSED] - Text '10/01/2019' is set on object 'Object Repository/KeatMun/Form 7_default/OTC_Submit Form 7_Section A/Page_PERKESO/A4. EmployeeDob'

2019-02-21 17:32:28 - [TEST_STEP][PASSED] - delay(2): Delayed 2 second(s)

2019-02-21 17:32:30 - [MESSAGE][PASSED] - Delayed 2 second(s)

2019-02-21 17:32:30 - [TEST_STEP][PASSED] - click(findTestObject("KeatMun/Form 7_default/OTC_Submit Form 7_Section A/Page_PERKESO/A5. Bangsa")): Object: 'Object Repository/KeatMun/Form 7_default/OTC_Submit Form 7_Section A/Page_PERKESO/A5. Bangsa' is clicked on

2019-02-21 17:32:31 - [MESSAGE][PASSED] - Object: 'Object Repository/KeatMun/Form 7_default/OTC_Submit Form 7_Section A/Page_PERKESO/A5. Bangsa' is clicked on

2019-02-21 17:32:31 - [TEST_STEP][PASSED] - click(findTestObject("KeatMun/Form 7_default/OTC_Submit Form 7_Section A/Page_PERKESO/A5. Bumiputera Sabah")): Object: 'Object Repository/KeatMun/Form 7_default/OTC_Submit Form 7_Section A/Page_PERKESO/A5. Bumiputera Sabah' is clicked on

2019-02-21 17:32:31 - [MESSAGE][PASSED] - Object: 'Object Repository/KeatMun/Form 7_default/OTC_Submit Form 7_Section A/Page_PERKESO/A5. Bumiputera Sabah' is clicked on

2019-02-21 17:32:31 - [TEST_STEP][PASSED] - delay(2): Delayed 2 second(s)

2019-02-21 17:32:33 - [MESSAGE][PASSED] - Delayed 2 second(s)

2019-02-21 17:32:33 - [TEST_STEP][PASSED] - click(findTestObject("KeatMun/Form 7_default/OTC_Submit Form 7_Section A/Page_PERKESO/A6. Jantina")): Object: 'Object Repository/KeatMun/Form 7_default/OTC_Submit Form 7_Section A/Page_PERKESO/A6. Jantina' is clicked on

2019-02-21 17:32:33 - [MESSAGE][PASSED] - Object: 'Object Repository/KeatMun/Form 7_default/OTC_Submit Form 7_Section A/Page_PERKESO/A6. Jantina' is clicked on

2019-02-21 17:32:33 - [TEST_STEP][PASSED] - click(findTestObject("KeatMun/Form 7_default/OTC_Submit Form 7_Section A/Page_PERKESO/A6. Lelaki")): Object: 'Object Repository/KeatMun/Form 7_default/OTC_Submit Form 7_Section A/Page_PERKESO/A6. Lelaki' is clicked on

2019-02-21 17:32:33 - [MESSAGE][PASSED] - Object: 'Object Repository/KeatMun/Form 7_default/OTC_Submit Form 7_Section A/Page_PERKESO/A6. Lelaki' is clicked on

2019-02-21 17:32:33 - [TEST_STEP][PASSED] - delay(2): Delayed 2 second(s)

2019-02-21 17:32:35 - [MESSAGE][PASSED] - Delayed 2 second(s)

2019-02-21 17:32:35 - [TEST_STEP][PASSED] - click(findTestObject("KeatMun/Form 7_default/OTC_Submit Form 7_Section A/Page_PERKESO/A7. Kewarganegaraan")): Object: 'Object Repository/KeatMun/Form 7_default/OTC_Submit Form 7_Section A/Page_PERKESO/A7. Kewarganegaraan' is clicked on

2019-02-21 17:32:35 - [MESSAGE][PASSED] - Object: 'Object Repository/KeatMun/Form 7_default/OTC_Submit Form 7_Section A/Page_PERKESO/A7. Kewarganegaraan' is clicked on

2019-02-21 17:32:35 - [TEST_STEP][PASSED] - click(findTestObject("KeatMun/Form 7_default/OTC_Submit Form 7_Section A/Page_PERKESO/A7. Malaysia")): Object: 'Object Repository/KeatMun/Form 7_default/OTC_Submit Form 7_Section A/Page_PERKESO/A7. Malaysia' is clicked on

2019-02-21 17:32:35 - [MESSAGE][PASSED] - Object: 'Object Repository/KeatMun/Form 7_default/OTC_Submit Form 7_Section A/Page_PERKESO/A7. Malaysia' is clicked on

2019-02-21 17:32:36 - [TEST_STEP][PASSED] - delay(2): Delayed 2 second(s)

2019-02-21 17:32:38 - [MESSAGE][PASSED] - Delayed 2 second(s)

2019-02-21 17:32:38 - [TEST_STEP][PASSED] - click(findTestObject("KeatMun/Form 7_default/OTC_Submit Form 7_Section A/Page_PERKESO/A8. Status Perkahwinan")): Object: 'Object Repository/KeatMun/Form 7_default/OTC_Submit Form 7_Section A/Page_PERKESO/A8. Status Perkahwinan' is clicked on

2019-02-21 17:32:38 - [MESSAGE][PASSED] - Object: 'Object Repository/KeatMun/Form 7_default/OTC_Submit Form 7_Section A/Page_PERKESO/A8. Status Perkahwinan' is clicked on

2019-02-21 17:32:38 - [TEST_STEP][PASSED] - click(findTestObject("KeatMun/Form 7_default/OTC_Submit Form 7_Section A/Page_PERKESO/A8. Bujang")): Object: 'Object Repository/KeatMun/Form 7_default/OTC_Submit Form 7_Section A/Page_PERKESO/A8. Bujang' is clicked on

2019-02-21 17:32:38 - [MESSAGE][PASSED] - Object: 'Object Repository/KeatMun/Form 7_default/OTC_Submit Form 7_Section A/Page_PERKESO/A8. Bujang' is clicked on

2019-02-21 17:32:38 - [TEST_STEP][PASSED] - delay(2): Delayed 2 second(s)

2019-02-21 17:32:40 - [MESSAGE][PASSED] - Delayed 2 second(s)

2019-02-21 17:32:40 - [TEST_STEP][PASSED] - setText(findTestObject("KeatMun/Form 7_default/OTC_Submit Form 7_Section A/Page_PERKESO/A9. Address1"), "qwertyuiop"): Text 'qwertyuiop' is set on object 'Object Repository/KeatMun/Form 7_default/OTC_Submit Form 7_Section A/Page_PERKESO/A9. Address1'

2019-02-21 17:32:40 - [MESSAGE][PASSED] - Text 'qwertyuiop' is set on object 'Object Repository/KeatMun/Form 7_default/OTC_Submit Form 7_Section A/Page_PERKESO/A9. Address1'

2019-02-21 17:32:40 - [TEST_STEP][PASSED] - delay(2): Delayed 2 second(s)

2019-02-21 17:32:42 - [MESSAGE][PASSED] - Delayed 2 second(s)

2019-02-21 17:32:42 - [TEST_STEP][PASSED] - click(findTestObject("KeatMun/Form 7_default/OTC_Submit Form 7_Section A/Page_PERKESO/A10. Negeri")): Object: 'Object Repository/KeatMun/Form 7_default/OTC_Submit Form 7_Section A/Page_PERKESO/A10. Negeri' is clicked on

2019-02-21 17:32:42 - [MESSAGE][PASSED] - Object: 'Object Repository/KeatMun/Form 7_default/OTC_Submit Form 7_Section A/Page_PERKESO/A10. Negeri' is clicked on

2019-02-21 17:32:42 - [TEST_STEP][PASSED] - click(findTestObject("KeatMun/Form 7_default/OTC_Submit Form 7_Section A/Page_PERKESO/A10. JOHOR")): Object: 'Object Repository/KeatMun/Form 7_default/OTC_Submit Form 7_Section A/Page_PERKESO/A10. JOHOR' is clicked on

2019-02-21 17:32:42 - [MESSAGE][PASSED] - Object: 'Object Repository/KeatMun/Form 7_default/OTC_Submit Form 7_Section A/Page_PERKESO/A10. JOHOR' is clicked on

2019-02-21 17:32:42 - [TEST_STEP][PASSED] - delay(2): Delayed 2 second(s)

2019-02-21 17:32:44 - [MESSAGE][PASSED] - Delayed 2 second(s)

2019-02-21 17:32:44 - [TEST_STEP][PASSED] - click(findTestObject("KeatMun/Form 7_default/OTC_Submit Form 7_Section A/Page_PERKESO/A11. --Sila Pilih--")): Object: 'Object Repository/KeatMun/Form 7_default/OTC_Submit Form 7_Section A/Page_PERKESO/A11. --Sila Pilih--' is clicked on

2019-02-21 17:32:45 - [MESSAGE][PASSED] - Object: 'Object Repository/KeatMun/Form 7_default/OTC_Submit Form 7_Section A/Page_PERKESO/A11. --Sila Pilih--' is clicked on

2019-02-21 17:32:45 - [TEST_STEP][PASSED] - setText(findTestObject("KeatMun/Form 7_default/OTC_Submit Form 7_Section A/Page_PERKESO/A11. Done_select2-search__fie (1)"), "jo"): Text 'jo' is set on object 'Object Repository/KeatMun/Form 7_default/OTC_Submit Form 7_Section A/Page_PERKESO/A11. Done_select2-search__fie (1)'

2019-02-21 17:32:45 - [MESSAGE][PASSED] - Text 'jo' is set on object 'Object Repository/KeatMun/Form 7_default/OTC_Submit Form 7_Section A/Page_PERKESO/A11. Done_select2-search__fie (1)'

2019-02-21 17:32:45 - [TEST_STEP][PASSED] - setText(findTestObject("KeatMun/Form 7_default/OTC_Submit Form 7_Section A/Page_PERKESO/A11. concat(id(  select2-city"), "jo"): Text 'jo' is set on object 'Object Repository/KeatMun/Form 7_default/OTC_Submit Form 7_Section A/Page_PERKESO/A11. concat(id(  select2-city'

2019-02-21 17:32:45 - [MESSAGE][PASSED] - Text 'jo' is set on object 'Object Repository/KeatMun/Form 7_default/OTC_Submit Form 7_Section A/Page_PERKESO/A11. concat(id(  select2-city'

2019-02-21 17:32:45 - [TEST_STEP][PASSED] - click(findTestObject("KeatMun/Form 7_default/OTC_Submit Form 7_Section A/Page_PERKESO/A11. JOHOR BAHRU")): Object: 'Object Repository/KeatMun/Form 7_default/OTC_Submit Form 7_Section A/Page_PERKESO/A11. JOHOR BAHRU' is clicked on

2019-02-21 17:32:45 - [MESSAGE][PASSED] - Object: 'Object Repository/KeatMun/Form 7_default/OTC_Submit Form 7_Section A/Page_PERKESO/A11. JOHOR BAHRU' is clicked on

2019-02-21 17:32:45 - [TEST_STEP][PASSED] - delay(2): Delayed 2 second(s)

2019-02-21 17:32:47 - [MESSAGE][PASSED] - Delayed 2 second(s)

2019-02-21 17:32:47 - [TEST_STEP][PASSED] - click(findTestObject("KeatMun/Form 7_default/OTC_Submit Form 7_Section A/Page_PERKESO/A12. --Sila Isikan--")): Object: 'Object Repository/KeatMun/Form 7_default/OTC_Submit Form 7_Section A/Page_PERKESO/A12. --Sila Isikan--' is clicked on

2019-02-21 17:32:47 - [MESSAGE][PASSED] - Object: 'Object Repository/KeatMun/Form 7_default/OTC_Submit Form 7_Section A/Page_PERKESO/A12. --Sila Isikan--' is clicked on

2019-02-21 17:32:47 - [TEST_STEP][PASSED] - setText(findTestObject("KeatMun/Form 7_default/OTC_Submit Form 7_Section A/Page_PERKESO/A11. Done_select2-search__fie"), "84"): Text '84' is set on object 'Object Repository/KeatMun/Form 7_default/OTC_Submit Form 7_Section A/Page_PERKESO/A11. Done_select2-search__fie'

2019-02-21 17:32:48 - [MESSAGE][PASSED] - Text '84' is set on object 'Object Repository/KeatMun/Form 7_default/OTC_Submit Form 7_Section A/Page_PERKESO/A11. Done_select2-search__fie'

2019-02-21 17:32:48 - [TEST_STEP][PASSED] - click(findTestObject("KeatMun/Form 7_default/OTC_Submit Form 7_Section A/Page_PERKESO/A12. 84000")): Object: 'Object Repository/KeatMun/Form 7_default/OTC_Submit Form 7_Section A/Page_PERKESO/A12. 84000' is clicked on

2019-02-21 17:32:48 - [MESSAGE][PASSED] - Object: 'Object Repository/KeatMun/Form 7_default/OTC_Submit Form 7_Section A/Page_PERKESO/A12. 84000' is clicked on

2019-02-21 17:32:48 - [TEST_STEP][PASSED] - delay(2): Delayed 2 second(s)

2019-02-21 17:32:50 - [MESSAGE][PASSED] - Delayed 2 second(s)

2019-02-21 17:32:50 - [TEST_STEP][PASSED] - setText(findTestObject("KeatMun/Form 7_default/OTC_Submit Form 7_Section A/Page_PERKESO/A13. mobileContact1"), "1234567890"): Text '1234567890' is set on object 'Object Repository/KeatMun/Form 7_default/OTC_Submit Form 7_Section A/Page_PERKESO/A13. mobileContact1'

2019-02-21 17:32:50 - [MESSAGE][PASSED] - Text '1234567890' is set on object 'Object Repository/KeatMun/Form 7_default/OTC_Submit Form 7_Section A/Page_PERKESO/A13. mobileContact1'

2019-02-21 17:32:50 - [TEST_STEP][PASSED] - delay(2): Delayed 2 second(s)

2019-02-21 17:32:52 - [MESSAGE][PASSED] - Delayed 2 second(s)

2019-02-21 17:32:52 - [TEST_STEP][PASSED] - click(findTestObject("KeatMun/Form 7_default/OTC_Submit Form 7_Section A/Page_PERKESO/A14. Halaman Seterusnya")): Object: 'Object Repository/KeatMun/Form 7_default/OTC_Submit Form 7_Section A/Page_PERKESO/A14. Halaman Seterusnya' is clicked on

2019-02-21 17:32:52 - [MESSAGE][PASSED] - Object: 'Object Repository/KeatMun/Form 7_default/OTC_Submit Form 7_Section A/Page_PERKESO/A14. Halaman Seterusnya' is clicked on

2019-02-21 17:32:52 - [TEST_STEP][PASSED] - delay(2): Delayed 2 second(s)

2019-02-21 17:32:54 - [MESSAGE][PASSED] - Delayed 2 second(s)

2019-02-21 17:32:54 - [MESSAGE][PASSED] - Call Test Case 'Test Cases/All TC/Arranged/3. Unit/EI/Form 7_default/OTC_Submit Form 7_Section A' successfully

2019-02-21 17:32:54 - [TEST_STEP][PASSED] - callTestCase(findTestCase("All TC/Arranged/3. Unit/EI/Form 7_default/OTC_Submit Form 7_Section B"), [:], STOP_ON_FAILURE): Call Test Case 'Test Cases/All TC/Arranged/3. Unit/EI/Form 7_default/OTC_Submit Form 7_Section B' successfully

2019-02-21 17:32:54 - [TEST_CASE][PASSED] - Test Cases/All TC/Arranged/3. Unit/EI/Form 7_default/OTC_Submit Form 7_Section B: Test Cases/All TC/Arranged/3. Unit/EI/Form 7_default/OTC_Submit Form 7_Section B

2019-02-21 17:32:54 - [TEST_STEP][PASSED] - delay(3): Delayed 3 second(s)

2019-02-21 17:32:57 - [MESSAGE][PASSED] - Delayed 3 second(s)

2019-02-21 17:32:57 - [TEST_STEP][PASSED] - click(findTestObject("KeatMun/Form 7_default/OTC_Submit Form 7_Section B/Page_PERKESO/B1. Jawatan")): Object: 'Object Repository/KeatMun/Form 7_default/OTC_Submit Form 7_Section B/Page_PERKESO/B1. Jawatan' is clicked on

2019-02-21 17:32:58 - [MESSAGE][PASSED] - Object: 'Object Repository/KeatMun/Form 7_default/OTC_Submit Form 7_Section B/Page_PERKESO/B1. Jawatan' is clicked on

2019-02-21 17:32:58 - [TEST_STEP][PASSED] - setText(findTestObject("KeatMun/Form 7_default/OTC_Submit Form 7_Section B/Page_PERKESO/B1. concat(id(  select2-posi"), "re"): Text 're' is set on object 'Object Repository/KeatMun/Form 7_default/OTC_Submit Form 7_Section B/Page_PERKESO/B1. concat(id(  select2-posi'

2019-02-21 17:32:58 - [MESSAGE][PASSED] - Text 're' is set on object 'Object Repository/KeatMun/Form 7_default/OTC_Submit Form 7_Section B/Page_PERKESO/B1. concat(id(  select2-posi'

2019-02-21 17:32:58 - [TEST_STEP][PASSED] - setText(findTestObject("KeatMun/Form 7_default/OTC_Submit Form 7_Section B/Page_PERKESO/B1. Done_select2-search__fie"), "re"): Text 're' is set on object 'Object Repository/KeatMun/Form 7_default/OTC_Submit Form 7_Section B/Page_PERKESO/B1. Done_select2-search__fie'

2019-02-21 17:32:58 - [MESSAGE][PASSED] - Text 're' is set on object 'Object Repository/KeatMun/Form 7_default/OTC_Submit Form 7_Section B/Page_PERKESO/B1. Done_select2-search__fie'

2019-02-21 17:32:58 - [TEST_STEP][PASSED] - click(findTestObject("KeatMun/Form 7_default/OTC_Submit Form 7_Section B/Page_PERKESO/B1. Arkitek Reka Bentuk")): Object: 'Object Repository/KeatMun/Form 7_default/OTC_Submit Form 7_Section B/Page_PERKESO/B1. Arkitek Reka Bentuk' is clicked on

2019-02-21 17:32:58 - [MESSAGE][PASSED] - Object: 'Object Repository/KeatMun/Form 7_default/OTC_Submit Form 7_Section B/Page_PERKESO/B1. Arkitek Reka Bentuk' is clicked on

2019-02-21 17:32:58 - [TEST_STEP][PASSED] - delay(2): Delayed 2 second(s)

2019-02-21 17:33:00 - [MESSAGE][PASSED] - Delayed 2 second(s)

2019-02-21 17:33:00 - [TEST_STEP][PASSED] - setText(findTestObject("KeatMun/Form 7_default/OTC_Submit Form 7_Section B/Page_PERKESO/B2. lastEmploymentStartDtSt"), "10/01/2019"): Text '10/01/2019' is set on object 'Object Repository/KeatMun/Form 7_default/OTC_Submit Form 7_Section B/Page_PERKESO/B2. lastEmploymentStartDtSt'

2019-02-21 17:33:00 - [MESSAGE][PASSED] - Text '10/01/2019' is set on object 'Object Repository/KeatMun/Form 7_default/OTC_Submit Form 7_Section B/Page_PERKESO/B2. lastEmploymentStartDtSt'

2019-02-21 17:33:00 - [TEST_STEP][PASSED] - delay(2): Delayed 2 second(s)

2019-02-21 17:33:02 - [MESSAGE][PASSED] - Delayed 2 second(s)

2019-02-21 17:33:02 - [TEST_STEP][PASSED] - click(findTestObject("KeatMun/Form 7_default/OTC_Submit Form 7_Section B/Page_PERKESO/B4. Status Perkejaan")): Object: 'Object Repository/KeatMun/Form 7_default/OTC_Submit Form 7_Section B/Page_PERKESO/B4. Status Perkejaan' is clicked on

2019-02-21 17:33:03 - [MESSAGE][PASSED] - Object: 'Object Repository/KeatMun/Form 7_default/OTC_Submit Form 7_Section B/Page_PERKESO/B4. Status Perkejaan' is clicked on

2019-02-21 17:33:03 - [TEST_STEP][PASSED] - click(findTestObject("KeatMun/Form 7_default/OTC_Submit Form 7_Section B/Page_PERKESO/B4. Tetap")): Object: 'Object Repository/KeatMun/Form 7_default/OTC_Submit Form 7_Section B/Page_PERKESO/B4. Tetap' is clicked on

2019-02-21 17:33:03 - [MESSAGE][PASSED] - Object: 'Object Repository/KeatMun/Form 7_default/OTC_Submit Form 7_Section B/Page_PERKESO/B4. Tetap' is clicked on

2019-02-21 17:33:03 - [TEST_STEP][PASSED] - delay(2): Delayed 2 second(s)

2019-02-21 17:33:05 - [MESSAGE][PASSED] - Delayed 2 second(s)

2019-02-21 17:33:05 - [TEST_STEP][PASSED] - setText(findTestObject("KeatMun/Form 7_default/OTC_Submit Form 7_Section B/Page_PERKESO/B5. Gaji (RM)_salary1"), "4000"): Text '4000' is set on object 'Object Repository/KeatMun/Form 7_default/OTC_Submit Form 7_Section B/Page_PERKESO/B5. Gaji (RM)_salary1'

2019-02-21 17:33:05 - [MESSAGE][PASSED] - Text '4000' is set on object 'Object Repository/KeatMun/Form 7_default/OTC_Submit Form 7_Section B/Page_PERKESO/B5. Gaji (RM)_salary1'

2019-02-21 17:33:05 - [TEST_STEP][PASSED] - delay(2): Delayed 2 second(s)

2019-02-21 17:33:07 - [MESSAGE][PASSED] - Delayed 2 second(s)

2019-02-21 17:33:07 - [TEST_STEP][PASSED] - setText(findTestObject("KeatMun/Form 7_default/OTC_Submit Form 7_Section B/Page_PERKESO/B5. Gaji (RM)_salary2"), "4000"): Text '4000' is set on object 'Object Repository/KeatMun/Form 7_default/OTC_Submit Form 7_Section B/Page_PERKESO/B5. Gaji (RM)_salary2'

2019-02-21 17:33:07 - [MESSAGE][PASSED] - Text '4000' is set on object 'Object Repository/KeatMun/Form 7_default/OTC_Submit Form 7_Section B/Page_PERKESO/B5. Gaji (RM)_salary2'

2019-02-21 17:33:07 - [TEST_STEP][PASSED] - delay(2): Delayed 2 second(s)

2019-02-21 17:33:09 - [MESSAGE][PASSED] - Delayed 2 second(s)

2019-02-21 17:33:09 - [TEST_STEP][PASSED] - setText(findTestObject("KeatMun/Form 7_default/OTC_Submit Form 7_Section B/Page_PERKESO/B5. Gaji (RM)_salary3"), "4000"): Text '4000' is set on object 'Object Repository/KeatMun/Form 7_default/OTC_Submit Form 7_Section B/Page_PERKESO/B5. Gaji (RM)_salary3'

2019-02-21 17:33:09 - [MESSAGE][PASSED] - Text '4000' is set on object 'Object Repository/KeatMun/Form 7_default/OTC_Submit Form 7_Section B/Page_PERKESO/B5. Gaji (RM)_salary3'

2019-02-21 17:33:09 - [TEST_STEP][PASSED] - delay(2): Delayed 2 second(s)

2019-02-21 17:33:11 - [MESSAGE][PASSED] - Delayed 2 second(s)

2019-02-21 17:33:11 - [TEST_STEP][PASSED] - setText(findTestObject("KeatMun/Form 7_default/OTC_Submit Form 7_Section B/Page_PERKESO/B5. Gaji (RM)_salary4"), "4000"): Text '4000' is set on object 'Object Repository/KeatMun/Form 7_default/OTC_Submit Form 7_Section B/Page_PERKESO/B5. Gaji (RM)_salary4'

2019-02-21 17:33:12 - [MESSAGE][PASSED] - Text '4000' is set on object 'Object Repository/KeatMun/Form 7_default/OTC_Submit Form 7_Section B/Page_PERKESO/B5. Gaji (RM)_salary4'

2019-02-21 17:33:12 - [TEST_STEP][PASSED] - delay(2): Delayed 2 second(s)

2019-02-21 17:33:14 - [MESSAGE][PASSED] - Delayed 2 second(s)

2019-02-21 17:33:14 - [TEST_STEP][PASSED] - setText(findTestObject("KeatMun/Form 7_default/OTC_Submit Form 7_Section B/Page_PERKESO/B5. Gaji (RM)_salary5"), "4000"): Text '4000' is set on object 'Object Repository/KeatMun/Form 7_default/OTC_Submit Form 7_Section B/Page_PERKESO/B5. Gaji (RM)_salary5'

2019-02-21 17:33:14 - [MESSAGE][PASSED] - Text '4000' is set on object 'Object Repository/KeatMun/Form 7_default/OTC_Submit Form 7_Section B/Page_PERKESO/B5. Gaji (RM)_salary5'

2019-02-21 17:33:14 - [TEST_STEP][PASSED] - delay(2): Delayed 2 second(s)

2019-02-21 17:33:16 - [MESSAGE][PASSED] - Delayed 2 second(s)

2019-02-21 17:33:16 - [TEST_STEP][PASSED] - setText(findTestObject("KeatMun/Form 7_default/OTC_Submit Form 7_Section B/Page_PERKESO/B5. Gaji (RM)_salary6"), "4000"): Text '4000' is set on object 'Object Repository/KeatMun/Form 7_default/OTC_Submit Form 7_Section B/Page_PERKESO/B5. Gaji (RM)_salary6'

2019-02-21 17:33:16 - [MESSAGE][PASSED] - Text '4000' is set on object 'Object Repository/KeatMun/Form 7_default/OTC_Submit Form 7_Section B/Page_PERKESO/B5. Gaji (RM)_salary6'

2019-02-21 17:33:16 - [TEST_STEP][PASSED] - delay(2): Delayed 2 second(s)

2019-02-21 17:33:18 - [MESSAGE][PASSED] - Delayed 2 second(s)

2019-02-21 17:33:18 - [TEST_STEP][PASSED] - click(findTestObject("KeatMun/Form 7_default/OTC_Submit Form 7_Section B/Page_PERKESO/B6. Reason JobLost")): Object: 'Object Repository/KeatMun/Form 7_default/OTC_Submit Form 7_Section B/Page_PERKESO/B6. Reason JobLost' is clicked on

2019-02-21 17:33:18 - [MESSAGE][PASSED] - Object: 'Object Repository/KeatMun/Form 7_default/OTC_Submit Form 7_Section B/Page_PERKESO/B6. Reason JobLost' is clicked on

2019-02-21 17:33:18 - [TEST_STEP][PASSED] - click(findTestObject("KeatMun/Form 7_default/OTC_Submit Form 7_Section B/Page_PERKESO/B6. Bencana alam (cth banjir ke")): Object: 'Object Repository/KeatMun/Form 7_default/OTC_Submit Form 7_Section B/Page_PERKESO/B6. Bencana alam (cth banjir ke' is clicked on

2019-02-21 17:33:18 - [MESSAGE][PASSED] - Object: 'Object Repository/KeatMun/Form 7_default/OTC_Submit Form 7_Section B/Page_PERKESO/B6. Bencana alam (cth banjir ke' is clicked on

2019-02-21 17:33:18 - [TEST_STEP][PASSED] - delay(3): Delayed 3 second(s)

2019-02-21 17:33:21 - [MESSAGE][PASSED] - Delayed 3 second(s)

2019-02-21 17:33:21 - [TEST_STEP][PASSED] - setText(findTestObject("KeatMun/Form 7_default/OTC_Submit Form 7_Section B/Page_PERKESO/B7. AverageWorkingHour"), "8"): Text '8' is set on object 'Object Repository/KeatMun/Form 7_default/OTC_Submit Form 7_Section B/Page_PERKESO/B7. AverageWorkingHour'

2019-02-21 17:33:22 - [MESSAGE][PASSED] - Text '8' is set on object 'Object Repository/KeatMun/Form 7_default/OTC_Submit Form 7_Section B/Page_PERKESO/B7. AverageWorkingHour'

2019-02-21 17:33:22 - [TEST_STEP][PASSED] - delay(2): Delayed 2 second(s)

2019-02-21 17:33:24 - [MESSAGE][PASSED] - Delayed 2 second(s)

2019-02-21 17:33:24 - [TEST_STEP][PASSED] - click(findTestObject("KeatMun/Form 7_default/OTC_Submit Form 7_Section B/Page_PERKESO/B8. Tidak_compensationInd")): Object: 'Object Repository/KeatMun/Form 7_default/OTC_Submit Form 7_Section B/Page_PERKESO/B8. Tidak_compensationInd' is clicked on

2019-02-21 17:33:24 - [MESSAGE][PASSED] - Object: 'Object Repository/KeatMun/Form 7_default/OTC_Submit Form 7_Section B/Page_PERKESO/B8. Tidak_compensationInd' is clicked on

2019-02-21 17:33:24 - [TEST_STEP][PASSED] - delay(1): Delayed 1 second(s)

2019-02-21 17:33:25 - [MESSAGE][PASSED] - Delayed 1 second(s)

2019-02-21 17:33:25 - [TEST_STEP][PASSED] - click(findTestObject("KeatMun/Form 7_default/OTC_Submit Form 7_Section B/Page_PERKESO/B9. Tidak_fileCaseInd")): Object: 'Object Repository/KeatMun/Form 7_default/OTC_Submit Form 7_Section B/Page_PERKESO/B9. Tidak_fileCaseInd' is clicked on

2019-02-21 17:33:25 - [MESSAGE][PASSED] - Object: 'Object Repository/KeatMun/Form 7_default/OTC_Submit Form 7_Section B/Page_PERKESO/B9. Tidak_fileCaseInd' is clicked on

2019-02-21 17:33:25 - [TEST_STEP][PASSED] - delay(1): Delayed 1 second(s)

2019-02-21 17:33:26 - [MESSAGE][PASSED] - Delayed 1 second(s)

2019-02-21 17:33:26 - [TEST_STEP][PASSED] - click(findTestObject("KeatMun/Form 7_default/OTC_Submit Form 7_Section B/Page_PERKESO/B10. Tidak_unregisterCaseInd")): Object: 'Object Repository/KeatMun/Form 7_default/OTC_Submit Form 7_Section B/Page_PERKESO/B10. Tidak_unregisterCaseInd' is clicked on

2019-02-21 17:33:26 - [MESSAGE][PASSED] - Object: 'Object Repository/KeatMun/Form 7_default/OTC_Submit Form 7_Section B/Page_PERKESO/B10. Tidak_unregisterCaseInd' is clicked on

2019-02-21 17:33:26 - [TEST_STEP][PASSED] - delay(2): Delayed 2 second(s)

2019-02-21 17:33:28 - [MESSAGE][PASSED] - Delayed 2 second(s)

2019-02-21 17:33:28 - [TEST_STEP][PASSED] - click(findTestObject("KeatMun/Form 7_default/OTC_Submit Form 7_Section B/Page_PERKESO/B11. Halaman Seterusnya")): Object: 'Object Repository/KeatMun/Form 7_default/OTC_Submit Form 7_Section B/Page_PERKESO/B11. Halaman Seterusnya' is clicked on

2019-02-21 17:33:28 - [MESSAGE][PASSED] - Object: 'Object Repository/KeatMun/Form 7_default/OTC_Submit Form 7_Section B/Page_PERKESO/B11. Halaman Seterusnya' is clicked on

2019-02-21 17:33:28 - [TEST_STEP][PASSED] - delay(3): Delayed 3 second(s)

2019-02-21 17:33:31 - [MESSAGE][PASSED] - Delayed 3 second(s)

2019-02-21 17:33:31 - [MESSAGE][PASSED] - Call Test Case 'Test Cases/All TC/Arranged/3. Unit/EI/Form 7_default/OTC_Submit Form 7_Section B' successfully

2019-02-21 17:33:31 - [TEST_STEP][PASSED] - callTestCase(findTestCase("All TC/Arranged/3. Unit/EI/Form 7_default/OTC_Submit Form 7_Section C"), [:], STOP_ON_FAILURE): Call Test Case 'Test Cases/All TC/Arranged/3. Unit/EI/Form 7_default/OTC_Submit Form 7_Section C' successfully

2019-02-21 17:33:31 - [TEST_CASE][PASSED] - Test Cases/All TC/Arranged/3. Unit/EI/Form 7_default/OTC_Submit Form 7_Section C: Test Cases/All TC/Arranged/3. Unit/EI/Form 7_default/OTC_Submit Form 7_Section C

2019-02-21 17:33:31 - [TEST_STEP][PASSED] - delay(2): Delayed 2 second(s)

2019-02-21 17:33:33 - [MESSAGE][PASSED] - Delayed 2 second(s)

2019-02-21 17:33:33 - [TEST_STEP][PASSED] - setText(findTestObject("KeatMun/Form 7_default/OTC_Submit Form 7_Section C/Page_PERKESO/C4. EmployerInfo"), "qwertyuiop"): Text 'qwertyuiop' is set on object 'Object Repository/KeatMun/Form 7_default/OTC_Submit Form 7_Section C/Page_PERKESO/C4. EmployerInfo'

2019-02-21 17:33:34 - [MESSAGE][PASSED] - Text 'qwertyuiop' is set on object 'Object Repository/KeatMun/Form 7_default/OTC_Submit Form 7_Section C/Page_PERKESO/C4. EmployerInfo'

2019-02-21 17:33:34 - [TEST_STEP][PASSED] - delay(2): Delayed 2 second(s)

2019-02-21 17:33:36 - [MESSAGE][PASSED] - Delayed 2 second(s)

2019-02-21 17:33:36 - [TEST_STEP][PASSED] - click(findTestObject("KeatMun/Form 7_default/OTC_Submit Form 7_Section C/Page_PERKESO/C5. Negeri")): Object: 'Object Repository/KeatMun/Form 7_default/OTC_Submit Form 7_Section C/Page_PERKESO/C5. Negeri' is clicked on

2019-02-21 17:33:36 - [MESSAGE][PASSED] - Object: 'Object Repository/KeatMun/Form 7_default/OTC_Submit Form 7_Section C/Page_PERKESO/C5. Negeri' is clicked on

2019-02-21 17:33:36 - [TEST_STEP][PASSED] - delay(2): Delayed 2 second(s)

2019-02-21 17:33:38 - [MESSAGE][PASSED] - Delayed 2 second(s)

2019-02-21 17:33:38 - [TEST_STEP][PASSED] - click(findTestObject("KeatMun/Form 7_default/OTC_Submit Form 7_Section C/Page_PERKESO/C5. JOHOR")): Object: 'Object Repository/KeatMun/Form 7_default/OTC_Submit Form 7_Section C/Page_PERKESO/C5. JOHOR' is clicked on

2019-02-21 17:33:38 - [MESSAGE][PASSED] - Object: 'Object Repository/KeatMun/Form 7_default/OTC_Submit Form 7_Section C/Page_PERKESO/C5. JOHOR' is clicked on

2019-02-21 17:33:38 - [TEST_STEP][PASSED] - delay(3): Delayed 3 second(s)

2019-02-21 17:33:41 - [MESSAGE][PASSED] - Delayed 3 second(s)

2019-02-21 17:33:41 - [TEST_STEP][PASSED] - click(findTestObject("KeatMun/Form 7_default/OTC_Submit Form 7_Section C/Page_PERKESO/C6. City")): Object: 'Object Repository/KeatMun/Form 7_default/OTC_Submit Form 7_Section C/Page_PERKESO/C6. City' is clicked on

2019-02-21 17:33:41 - [MESSAGE][PASSED] - Object: 'Object Repository/KeatMun/Form 7_default/OTC_Submit Form 7_Section C/Page_PERKESO/C6. City' is clicked on

2019-02-21 17:33:41 - [TEST_STEP][PASSED] - delay(2): Delayed 2 second(s)

2019-02-21 17:33:43 - [MESSAGE][PASSED] - Delayed 2 second(s)

2019-02-21 17:33:43 - [TEST_STEP][PASSED] - setText(findTestObject("KeatMun/Form 7_default/OTC_Submit Form 7_Section C/Page_PERKESO/C6. Done_select2-search__fie"), "jo"): Text 'jo' is set on object 'Object Repository/KeatMun/Form 7_default/OTC_Submit Form 7_Section C/Page_PERKESO/C6. Done_select2-search__fie'

2019-02-21 17:33:43 - [MESSAGE][PASSED] - Text 'jo' is set on object 'Object Repository/KeatMun/Form 7_default/OTC_Submit Form 7_Section C/Page_PERKESO/C6. Done_select2-search__fie'

2019-02-21 17:33:43 - [TEST_STEP][PASSED] - setText(findTestObject("KeatMun/Form 7_default/OTC_Submit Form 7_Section C/Page_PERKESO/C6. Concat(id(  select2-city"), "jo"): Text 'jo' is set on object 'Object Repository/KeatMun/Form 7_default/OTC_Submit Form 7_Section C/Page_PERKESO/C6. Concat(id(  select2-city'

2019-02-21 17:33:44 - [MESSAGE][PASSED] - Text 'jo' is set on object 'Object Repository/KeatMun/Form 7_default/OTC_Submit Form 7_Section C/Page_PERKESO/C6. Concat(id(  select2-city'

2019-02-21 17:33:44 - [TEST_STEP][PASSED] - click(findTestObject("KeatMun/Form 7_default/OTC_Submit Form 7_Section C/Page_PERKESO/C6. JOHOR BAHRU")): Object: 'Object Repository/KeatMun/Form 7_default/OTC_Submit Form 7_Section C/Page_PERKESO/C6. JOHOR BAHRU' is clicked on

2019-02-21 17:33:44 - [MESSAGE][PASSED] - Object: 'Object Repository/KeatMun/Form 7_default/OTC_Submit Form 7_Section C/Page_PERKESO/C6. JOHOR BAHRU' is clicked on

2019-02-21 17:33:44 - [TEST_STEP][PASSED] - delay(3): Delayed 3 second(s)

2019-02-21 17:33:47 - [MESSAGE][PASSED] - Delayed 3 second(s)

2019-02-21 17:33:47 - [TEST_STEP][PASSED] - click(findTestObject("KeatMun/Form 7_default/OTC_Submit Form 7_Section C/Page_PERKESO/C7. --Sila Isikan--")): Object: 'Object Repository/KeatMun/Form 7_default/OTC_Submit Form 7_Section C/Page_PERKESO/C7. --Sila Isikan--' is clicked on

2019-02-21 17:33:47 - [MESSAGE][PASSED] - Object: 'Object Repository/KeatMun/Form 7_default/OTC_Submit Form 7_Section C/Page_PERKESO/C7. --Sila Isikan--' is clicked on

2019-02-21 17:33:47 - [TEST_STEP][PASSED] - delay(2): Delayed 2 second(s)

2019-02-21 17:33:49 - [MESSAGE][PASSED] - Delayed 2 second(s)

2019-02-21 17:33:49 - [TEST_STEP][PASSED] - setText(findTestObject("KeatMun/Form 7_default/OTC_Submit Form 7_Section C/Page_PERKESO/C7. Done_select2-search__fie"), "84"): Text '84' is set on object 'Object Repository/KeatMun/Form 7_default/OTC_Submit Form 7_Section C/Page_PERKESO/C7. Done_select2-search__fie'

2019-02-21 17:33:49 - [MESSAGE][PASSED] - Text '84' is set on object 'Object Repository/KeatMun/Form 7_default/OTC_Submit Form 7_Section C/Page_PERKESO/C7. Done_select2-search__fie'

2019-02-21 17:33:49 - [TEST_STEP][PASSED] - setText(findTestObject("KeatMun/Form 7_default/OTC_Submit Form 7_Section C/Page_PERKESO/C7. Concat(id(  select2-post"), "84"): Text '84' is set on object 'Object Repository/KeatMun/Form 7_default/OTC_Submit Form 7_Section C/Page_PERKESO/C7. Concat(id(  select2-post'

2019-02-21 17:33:49 - [MESSAGE][PASSED] - Text '84' is set on object 'Object Repository/KeatMun/Form 7_default/OTC_Submit Form 7_Section C/Page_PERKESO/C7. Concat(id(  select2-post'

2019-02-21 17:33:49 - [TEST_STEP][PASSED] - click(findTestObject("KeatMun/Form 7_default/OTC_Submit Form 7_Section C/Page_PERKESO/C7. 84000")): Object: 'Object Repository/KeatMun/Form 7_default/OTC_Submit Form 7_Section C/Page_PERKESO/C7. 84000' is clicked on

2019-02-21 17:33:49 - [MESSAGE][PASSED] - Object: 'Object Repository/KeatMun/Form 7_default/OTC_Submit Form 7_Section C/Page_PERKESO/C7. 84000' is clicked on

2019-02-21 17:33:49 - [TEST_STEP][PASSED] - delay(3): Delayed 3 second(s)

2019-02-21 17:33:52 - [MESSAGE][PASSED] - Delayed 3 second(s)

2019-02-21 17:33:52 - [TEST_STEP][PASSED] - click(findTestObject("KeatMun/Form 7_default/OTC_Submit Form 7_Section C/Page_PERKESO/C8. Tidak_employerInfo.emplo")): Object: 'Object Repository/KeatMun/Form 7_default/OTC_Submit Form 7_Section C/Page_PERKESO/C8. Tidak_employerInfo.emplo' is clicked on

2019-02-21 17:33:53 - [MESSAGE][PASSED] - Object: 'Object Repository/KeatMun/Form 7_default/OTC_Submit Form 7_Section C/Page_PERKESO/C8. Tidak_employerInfo.emplo' is clicked on

2019-02-21 17:33:53 - [TEST_STEP][PASSED] - delay(2): Delayed 2 second(s)

2019-02-21 17:33:55 - [MESSAGE][PASSED] - Delayed 2 second(s)

2019-02-21 17:33:55 - [TEST_STEP][PASSED] - setText(findTestObject("KeatMun/Form 7_default/OTC_Submit Form 7_Section C/Page_PERKESO/C9. EmployerName"), "qwertyuiop"): Text 'qwertyuiop' is set on object 'Object Repository/KeatMun/Form 7_default/OTC_Submit Form 7_Section C/Page_PERKESO/C9. EmployerName'

2019-02-21 17:33:55 - [MESSAGE][PASSED] - Text 'qwertyuiop' is set on object 'Object Repository/KeatMun/Form 7_default/OTC_Submit Form 7_Section C/Page_PERKESO/C9. EmployerName'

2019-02-21 17:33:55 - [TEST_STEP][PASSED] - delay(2): Delayed 2 second(s)

2019-02-21 17:33:57 - [MESSAGE][PASSED] - Delayed 2 second(s)

2019-02-21 17:33:57 - [TEST_STEP][PASSED] - setText(findTestObject("KeatMun/Form 7_default/OTC_Submit Form 7_Section C/Page_PERKESO/C10. EmployerIC"), "1234567890"): Text '1234567890' is set on object 'Object Repository/KeatMun/Form 7_default/OTC_Submit Form 7_Section C/Page_PERKESO/C10. EmployerIC'

2019-02-21 17:33:57 - [MESSAGE][PASSED] - Text '1234567890' is set on object 'Object Repository/KeatMun/Form 7_default/OTC_Submit Form 7_Section C/Page_PERKESO/C10. EmployerIC'

2019-02-21 17:33:57 - [TEST_STEP][PASSED] - delay(3): Delayed 3 second(s)

2019-02-21 17:34:00 - [MESSAGE][PASSED] - Delayed 3 second(s)

2019-02-21 17:34:00 - [TEST_STEP][PASSED] - click(findTestObject("KeatMun/Form 7_default/OTC_Submit Form 7_Section C/Page_PERKESO/C11. Halaman Seterusnya")): Object: 'Object Repository/KeatMun/Form 7_default/OTC_Submit Form 7_Section C/Page_PERKESO/C11. Halaman Seterusnya' is clicked on

2019-02-21 17:34:00 - [MESSAGE][PASSED] - Object: 'Object Repository/KeatMun/Form 7_default/OTC_Submit Form 7_Section C/Page_PERKESO/C11. Halaman Seterusnya' is clicked on

2019-02-21 17:34:00 - [TEST_STEP][PASSED] - delay(3): Delayed 3 second(s)

2019-02-21 17:34:03 - [MESSAGE][PASSED] - Delayed 3 second(s)

2019-02-21 17:34:03 - [MESSAGE][PASSED] - Call Test Case 'Test Cases/All TC/Arranged/3. Unit/EI/Form 7_default/OTC_Submit Form 7_Section C' successfully

2019-02-21 17:34:03 - [TEST_STEP][PASSED] - callTestCase(findTestCase("All TC/Arranged/3. Unit/EI/Form 7_default/OTC_Submit Form 7_Section D-E"), [:], STOP_ON_FAILURE): Call Test Case 'Test Cases/All TC/Arranged/3. Unit/EI/Form 7_default/OTC_Submit Form 7_Section D-E' successfully

2019-02-21 17:34:03 - [TEST_CASE][PASSED] - Test Cases/All TC/Arranged/3. Unit/EI/Form 7_default/OTC_Submit Form 7_Section D-E: Test Cases/All TC/Arranged/3. Unit/EI/Form 7_default/OTC_Submit Form 7_Section D-E

2019-02-21 17:34:03 - [TEST_STEP][PASSED] - delay(3): Delayed 3 second(s)

2019-02-21 17:34:06 - [MESSAGE][PASSED] - Delayed 3 second(s)

2019-02-21 17:34:06 - [TEST_STEP][PASSED] - click(findTestObject("KeatMun/Form 7_default/OTC_Submit Form 7_Section D-E/Page_PERKESO/D1. NO_otherActiveEmploye")): Object: 'Object Repository/KeatMun/Form 7_default/OTC_Submit Form 7_Section D-E/Page_PERKESO/D1. NO_otherActiveEmploye' is clicked on

2019-02-21 17:34:07 - [MESSAGE][PASSED] - Object: 'Object Repository/KeatMun/Form 7_default/OTC_Submit Form 7_Section D-E/Page_PERKESO/D1. NO_otherActiveEmploye' is clicked on

2019-02-21 17:34:07 - [TEST_STEP][PASSED] - delay(4): Delayed 4 second(s)

2019-02-21 17:34:11 - [MESSAGE][PASSED] - Delayed 4 second(s)

2019-02-21 17:34:11 - [TEST_STEP][PASSED] - click(findTestObject("KeatMun/Form 7_default/OTC_Submit Form 7_Section D-E/Page_PERKESO/D2. Halaman Seterusnya")): Object: 'Object Repository/KeatMun/Form 7_default/OTC_Submit Form 7_Section D-E/Page_PERKESO/D2. Halaman Seterusnya' is clicked on

2019-02-21 17:34:11 - [MESSAGE][PASSED] - Object: 'Object Repository/KeatMun/Form 7_default/OTC_Submit Form 7_Section D-E/Page_PERKESO/D2. Halaman Seterusnya' is clicked on

2019-02-21 17:34:11 - [TEST_STEP][PASSED] - delay(5): Delayed 5 second(s)

2019-02-21 17:34:16 - [MESSAGE][PASSED] - Delayed 5 second(s)

2019-02-21 17:34:16 - [TEST_STEP][PASSED] - setText(findTestObject("KeatMun/Form 7_default/OTC_Submit Form 7_Section D-E/Page_PERKESO/E1. Input__totalExpYear"), "1"): Text '1' is set on object 'Object Repository/KeatMun/Form 7_default/OTC_Submit Form 7_Section D-E/Page_PERKESO/E1. Input__totalExpYear'

2019-02-21 17:34:16 - [MESSAGE][PASSED] - Text '1' is set on object 'Object Repository/KeatMun/Form 7_default/OTC_Submit Form 7_Section D-E/Page_PERKESO/E1. Input__totalExpYear'

2019-02-21 17:34:16 - [TEST_STEP][PASSED] - delay(2): Delayed 2 second(s)

2019-02-21 17:34:18 - [MESSAGE][PASSED] - Delayed 2 second(s)

2019-02-21 17:34:18 - [TEST_STEP][PASSED] - setText(findTestObject("KeatMun/Form 7_default/OTC_Submit Form 7_Section D-E/Page_PERKESO/E1. Tahun_totalExpMonth"), "1"): Text '1' is set on object 'Object Repository/KeatMun/Form 7_default/OTC_Submit Form 7_Section D-E/Page_PERKESO/E1. Tahun_totalExpMonth'

2019-02-21 17:34:18 - [MESSAGE][PASSED] - Text '1' is set on object 'Object Repository/KeatMun/Form 7_default/OTC_Submit Form 7_Section D-E/Page_PERKESO/E1. Tahun_totalExpMonth'

2019-02-21 17:34:18 - [TEST_STEP][PASSED] - delay(2): Delayed 2 second(s)

2019-02-21 17:34:20 - [MESSAGE][PASSED] - Delayed 2 second(s)

2019-02-21 17:34:20 - [TEST_STEP][PASSED] - click(findTestObject("KeatMun/Form 7_default/OTC_Submit Form 7_Section D-E/Page_PERKESO/E2. Edu-Level")): Object: 'Object Repository/KeatMun/Form 7_default/OTC_Submit Form 7_Section D-E/Page_PERKESO/E2. Edu-Level' is clicked on

2019-02-21 17:34:20 - [MESSAGE][PASSED] - Object: 'Object Repository/KeatMun/Form 7_default/OTC_Submit Form 7_Section D-E/Page_PERKESO/E2. Edu-Level' is clicked on

2019-02-21 17:34:20 - [TEST_STEP][PASSED] - delay(2): Delayed 2 second(s)

2019-02-21 17:34:22 - [MESSAGE][PASSED] - Delayed 2 second(s)

2019-02-21 17:34:22 - [TEST_STEP][PASSED] - click(findTestObject("KeatMun/Form 7_default/OTC_Submit Form 7_Section D-E/Page_PERKESO/E2. PMRPT3")): Object: 'Object Repository/KeatMun/Form 7_default/OTC_Submit Form 7_Section D-E/Page_PERKESO/E2. PMRPT3' is clicked on

2019-02-21 17:34:22 - [MESSAGE][PASSED] - Object: 'Object Repository/KeatMun/Form 7_default/OTC_Submit Form 7_Section D-E/Page_PERKESO/E2. PMRPT3' is clicked on

2019-02-21 17:34:22 - [TEST_STEP][PASSED] - delay(3): Delayed 3 second(s)

2019-02-21 17:34:25 - [MESSAGE][PASSED] - Delayed 3 second(s)

2019-02-21 17:34:25 - [TEST_STEP][PASSED] - click(findTestObject("KeatMun/Form 7_default/OTC_Submit Form 7_Section D-E/Page_PERKESO/E3. Job-Choice")): Object: 'Object Repository/KeatMun/Form 7_default/OTC_Submit Form 7_Section D-E/Page_PERKESO/E3. Job-Choice' is clicked on

2019-02-21 17:34:26 - [MESSAGE][PASSED] - Object: 'Object Repository/KeatMun/Form 7_default/OTC_Submit Form 7_Section D-E/Page_PERKESO/E3. Job-Choice' is clicked on

2019-02-21 17:34:26 - [TEST_STEP][PASSED] - delay(2): Delayed 2 second(s)

2019-02-21 17:34:28 - [MESSAGE][PASSED] - Delayed 2 second(s)

2019-02-21 17:34:28 - [TEST_STEP][PASSED] - setText(findTestObject("KeatMun/Form 7_default/OTC_Submit Form 7_Section D-E/Page_PERKESO/E3. Done_select2-search__fie"), "re"): Text 're' is set on object 'Object Repository/KeatMun/Form 7_default/OTC_Submit Form 7_Section D-E/Page_PERKESO/E3. Done_select2-search__fie'

2019-02-21 17:34:28 - [MESSAGE][PASSED] - Text 're' is set on object 'Object Repository/KeatMun/Form 7_default/OTC_Submit Form 7_Section D-E/Page_PERKESO/E3. Done_select2-search__fie'

2019-02-21 17:34:28 - [TEST_STEP][PASSED] - click(findTestObject("KeatMun/Form 7_default/OTC_Submit Form 7_Section D-E/Page_PERKESO/E3. Arkitek Reka Bentuk")): Object: 'Object Repository/KeatMun/Form 7_default/OTC_Submit Form 7_Section D-E/Page_PERKESO/E3. Arkitek Reka Bentuk' is clicked on

2019-02-21 17:34:28 - [MESSAGE][PASSED] - Object: 'Object Repository/KeatMun/Form 7_default/OTC_Submit Form 7_Section D-E/Page_PERKESO/E3. Arkitek Reka Bentuk' is clicked on

2019-02-21 17:34:28 - [TEST_STEP][PASSED] - delay(2): Delayed 2 second(s)

2019-02-21 17:34:30 - [MESSAGE][PASSED] - Delayed 2 second(s)

2019-02-21 17:34:30 - [TEST_STEP][PASSED] - click(findTestObject("KeatMun/Form 7_default/OTC_Submit Form 7_Section D-E/Page_PERKESO/E4. Job_Location")): Object: 'Object Repository/KeatMun/Form 7_default/OTC_Submit Form 7_Section D-E/Page_PERKESO/E4. Job_Location' is clicked on

2019-02-21 17:34:30 - [MESSAGE][PASSED] - Object: 'Object Repository/KeatMun/Form 7_default/OTC_Submit Form 7_Section D-E/Page_PERKESO/E4. Job_Location' is clicked on

2019-02-21 17:34:30 - [TEST_STEP][PASSED] - delay(2): Delayed 2 second(s)

2019-02-21 17:34:32 - [MESSAGE][PASSED] - Delayed 2 second(s)

2019-02-21 17:34:32 - [TEST_STEP][PASSED] - click(findTestObject("KeatMun/Form 7_default/OTC_Submit Form 7_Section D-E/Page_PERKESO/E4. JOHOR")): Object: 'Object Repository/KeatMun/Form 7_default/OTC_Submit Form 7_Section D-E/Page_PERKESO/E4. JOHOR' is clicked on

2019-02-21 17:34:32 - [MESSAGE][PASSED] - Object: 'Object Repository/KeatMun/Form 7_default/OTC_Submit Form 7_Section D-E/Page_PERKESO/E4. JOHOR' is clicked on

2019-02-21 17:34:32 - [TEST_STEP][PASSED] - delay(2): Delayed 2 second(s)

2019-02-21 17:34:34 - [MESSAGE][PASSED] - Delayed 2 second(s)

2019-02-21 17:34:34 - [TEST_STEP][PASSED] - click(findTestObject("KeatMun/Form 7_default/OTC_Submit Form 7_Section D-E/Page_PERKESO/E7. NO_disability")): Object: 'Object Repository/KeatMun/Form 7_default/OTC_Submit Form 7_Section D-E/Page_PERKESO/E7. NO_disability' is clicked on

2019-02-21 17:34:35 - [MESSAGE][PASSED] - Object: 'Object Repository/KeatMun/Form 7_default/OTC_Submit Form 7_Section D-E/Page_PERKESO/E7. NO_disability' is clicked on

2019-02-21 17:34:35 - [TEST_STEP][PASSED] - delay(2): Delayed 2 second(s)

2019-02-21 17:34:37 - [MESSAGE][PASSED] - Delayed 2 second(s)

2019-02-21 17:34:37 - [TEST_STEP][PASSED] - click(findTestObject("KeatMun/Form 7_default/OTC_Submit Form 7_Section D-E/Page_PERKESO/E8. NO_disabilityApplyInd")): Object: 'Object Repository/KeatMun/Form 7_default/OTC_Submit Form 7_Section D-E/Page_PERKESO/E8. NO_disabilityApplyInd' is clicked on

2019-02-21 17:34:37 - [MESSAGE][PASSED] - Object: 'Object Repository/KeatMun/Form 7_default/OTC_Submit Form 7_Section D-E/Page_PERKESO/E8. NO_disabilityApplyInd' is clicked on

2019-02-21 17:34:37 - [TEST_STEP][PASSED] - delay(2): Delayed 2 second(s)

2019-02-21 17:34:39 - [MESSAGE][PASSED] - Delayed 2 second(s)

2019-02-21 17:34:39 - [TEST_STEP][PASSED] - click(findTestObject("KeatMun/Form 7_default/OTC_Submit Form 7_Section D-E/Page_PERKESO/E9. YES_ReEmployment")): Object: 'Object Repository/KeatMun/Form 7_default/OTC_Submit Form 7_Section D-E/Page_PERKESO/E9. YES_ReEmployment' is clicked on

2019-02-21 17:34:39 - [MESSAGE][PASSED] - Object: 'Object Repository/KeatMun/Form 7_default/OTC_Submit Form 7_Section D-E/Page_PERKESO/E9. YES_ReEmployment' is clicked on

2019-02-21 17:34:39 - [TEST_STEP][PASSED] - delay(2): Delayed 2 second(s)

2019-02-21 17:34:41 - [MESSAGE][PASSED] - Delayed 2 second(s)

2019-02-21 17:34:41 - [TEST_STEP][PASSED] - click(findTestObject("KeatMun/Form 7_default/OTC_Submit Form 7_Section D-E/Page_PERKESO/E10. Halaman Seterusnya")): Object: 'Object Repository/KeatMun/Form 7_default/OTC_Submit Form 7_Section D-E/Page_PERKESO/E10. Halaman Seterusnya' is clicked on

2019-02-21 17:34:41 - [MESSAGE][PASSED] - Object: 'Object Repository/KeatMun/Form 7_default/OTC_Submit Form 7_Section D-E/Page_PERKESO/E10. Halaman Seterusnya' is clicked on

2019-02-21 17:34:41 - [TEST_STEP][PASSED] - delay(3): Delayed 3 second(s)

2019-02-21 17:34:44 - [MESSAGE][PASSED] - Delayed 3 second(s)

2019-02-21 17:34:44 - [MESSAGE][PASSED] - Call Test Case 'Test Cases/All TC/Arranged/3. Unit/EI/Form 7_default/OTC_Submit Form 7_Section D-E' successfully

2019-02-21 17:34:44 - [TEST_STEP][PASSED] - callTestCase(findTestCase("All TC/Arranged/3. Unit/EI/Form 7_default/OTC_Submit Form 7_Section F-G-H - EFT"), [:], STOP_ON_FAILURE): Call Test Case 'Test Cases/All TC/Arranged/3. Unit/EI/Form 7_default/OTC_Submit Form 7_Section F-G-H - EFT' successfully

2019-02-21 17:34:44 - [TEST_CASE][PASSED] - Test Cases/All TC/Arranged/3. Unit/EI/Form 7_default/OTC_Submit Form 7_Section F-G-H - EFT: Test Cases/All TC/Arranged/3. Unit/EI/Form 7_default/OTC_Submit Form 7_Section F-G-H - EFT

2019-02-21 17:34:44 - [TEST_STEP][PASSED] - delay(3): Delayed 3 second(s)

2019-02-21 17:34:47 - [MESSAGE][PASSED] - Delayed 3 second(s)

2019-02-21 17:34:47 - [TEST_STEP][PASSED] - click(findTestObject("KeatMun/Form 7_default/OTC_Submit Form 7_Section F-G-H/Page_PERKESO/F1. Tidak_bankrupt")): Object: 'Object Repository/KeatMun/Form 7_default/OTC_Submit Form 7_Section F-G-H/Page_PERKESO/F1. Tidak_bankrupt' is clicked on

2019-02-21 17:34:47 - [MESSAGE][PASSED] - Object: 'Object Repository/KeatMun/Form 7_default/OTC_Submit Form 7_Section F-G-H/Page_PERKESO/F1. Tidak_bankrupt' is clicked on

2019-02-21 17:34:47 - [TEST_STEP][PASSED] - delay(2): Delayed 2 second(s)

2019-02-21 17:34:49 - [MESSAGE][PASSED] - Delayed 2 second(s)

2019-02-21 17:34:49 - [TEST_STEP][PASSED] - click(findTestObject("KeatMun/Form 7_default/OTC_Submit Form 7_Section F-G-H/Page_PERKESO/F2. Bank Name")): Object: 'Object Repository/KeatMun/Form 7_default/OTC_Submit Form 7_Section F-G-H/Page_PERKESO/F2. Bank Name' is clicked on

2019-02-21 17:34:49 - [MESSAGE][PASSED] - Object: 'Object Repository/KeatMun/Form 7_default/OTC_Submit Form 7_Section F-G-H/Page_PERKESO/F2. Bank Name' is clicked on

2019-02-21 17:34:49 - [TEST_STEP][PASSED] - delay(2): Delayed 2 second(s)

2019-02-21 17:34:51 - [MESSAGE][PASSED] - Delayed 2 second(s)

2019-02-21 17:34:51 - [TEST_STEP][PASSED] - click(findTestObject("KeatMun/Form 7_default/OTC_Submit Form 7_Section F-G-H/Page_PERKESO/F2. AFFIN BANK BERHAD")): Object: 'Object Repository/KeatMun/Form 7_default/OTC_Submit Form 7_Section F-G-H/Page_PERKESO/F2. AFFIN BANK BERHAD' is clicked on

2019-02-21 17:34:52 - [MESSAGE][PASSED] - Object: 'Object Repository/KeatMun/Form 7_default/OTC_Submit Form 7_Section F-G-H/Page_PERKESO/F2. AFFIN BANK BERHAD' is clicked on

2019-02-21 17:34:52 - [TEST_STEP][PASSED] - delay(2): Delayed 2 second(s)

2019-02-21 17:34:54 - [MESSAGE][PASSED] - Delayed 2 second(s)

2019-02-21 17:34:54 - [TEST_STEP][PASSED] - setText(findTestObject("KeatMun/Form 7_default/OTC_Submit Form 7_Section F-G-H/Page_PERKESO/F3. Nombor akaun bank"), "1234567890"): Text '1234567890' is set on object 'Object Repository/KeatMun/Form 7_default/OTC_Submit Form 7_Section F-G-H/Page_PERKESO/F3. Nombor akaun bank'

2019-02-21 17:34:54 - [MESSAGE][PASSED] - Text '1234567890' is set on object 'Object Repository/KeatMun/Form 7_default/OTC_Submit Form 7_Section F-G-H/Page_PERKESO/F3. Nombor akaun bank'

2019-02-21 17:34:54 - [TEST_STEP][PASSED] - delay(2): Delayed 2 second(s)

2019-02-21 17:34:56 - [MESSAGE][PASSED] - Delayed 2 second(s)

2019-02-21 17:34:56 - [TEST_STEP][PASSED] - click(findTestObject("KeatMun/Form 7_default/OTC_Submit Form 7_Section F-G-H/Page_PERKESO/F4. Halaman Seterusnya")): Object: 'Object Repository/KeatMun/Form 7_default/OTC_Submit Form 7_Section F-G-H/Page_PERKESO/F4. Halaman Seterusnya' is clicked on

2019-02-21 17:34:56 - [MESSAGE][PASSED] - Object: 'Object Repository/KeatMun/Form 7_default/OTC_Submit Form 7_Section F-G-H/Page_PERKESO/F4. Halaman Seterusnya' is clicked on

2019-02-21 17:34:56 - [TEST_STEP][PASSED] - delay(5): Delayed 5 second(s)

2019-02-21 17:35:01 - [MESSAGE][PASSED] - Delayed 5 second(s)

2019-02-21 17:35:01 - [TEST_STEP][PASSED] - setText(findTestObject("KeatMun/Form 7_default/OTC_Submit Form 7_Section F-G-H/Page_PERKESO/G2. Hubungan dengan OB-nama"), "qwertyuiop"): Text 'qwertyuiop' is set on object 'Object Repository/KeatMun/Form 7_default/OTC_Submit Form 7_Section F-G-H/Page_PERKESO/G2. Hubungan dengan OB-nama'

2019-02-21 17:35:01 - [MESSAGE][PASSED] - Text 'qwertyuiop' is set on object 'Object Repository/KeatMun/Form 7_default/OTC_Submit Form 7_Section F-G-H/Page_PERKESO/G2. Hubungan dengan OB-nama'

2019-02-21 17:35:01 - [TEST_STEP][PASSED] - delay(2): Delayed 2 second(s)

2019-02-21 17:35:03 - [MESSAGE][PASSED] - Delayed 2 second(s)

2019-02-21 17:35:03 - [TEST_STEP][PASSED] - setText(findTestObject("KeatMun/Form 7_default/OTC_Submit Form 7_Section F-G-H/Page_PERKESO/G2. Hubungan dengan OB-ic.no"), "111111223333"): Text '111111223333' is set on object 'Object Repository/KeatMun/Form 7_default/OTC_Submit Form 7_Section F-G-H/Page_PERKESO/G2. Hubungan dengan OB-ic.no'

2019-02-21 17:35:04 - [MESSAGE][PASSED] - Text '111111223333' is set on object 'Object Repository/KeatMun/Form 7_default/OTC_Submit Form 7_Section F-G-H/Page_PERKESO/G2. Hubungan dengan OB-ic.no'

2019-02-21 17:35:04 - [TEST_STEP][PASSED] - delay(2): Delayed 2 second(s)

2019-02-21 17:35:06 - [MESSAGE][PASSED] - Delayed 2 second(s)

2019-02-21 17:35:06 - [TEST_STEP][PASSED] - setText(findTestObject("KeatMun/Form 7_default/OTC_Submit Form 7_Section F-G-H/Page_PERKESO/G2. Hubungan dengan OB-DOB"), "10/01/2019"): Text '10/01/2019' is set on object 'Object Repository/KeatMun/Form 7_default/OTC_Submit Form 7_Section F-G-H/Page_PERKESO/G2. Hubungan dengan OB-DOB'

2019-02-21 17:35:06 - [MESSAGE][PASSED] - Text '10/01/2019' is set on object 'Object Repository/KeatMun/Form 7_default/OTC_Submit Form 7_Section F-G-H/Page_PERKESO/G2. Hubungan dengan OB-DOB'

2019-02-21 17:35:06 - [TEST_STEP][PASSED] - delay(3): Delayed 3 second(s)

2019-02-21 17:35:09 - [MESSAGE][PASSED] - Delayed 3 second(s)

2019-02-21 17:35:09 - [TEST_STEP][PASSED] - click(findTestObject("KeatMun/Form 7_default/OTC_Submit Form 7_Section F-G-H/Page_PERKESO/G2. Span_Bapa")): Object: 'Object Repository/KeatMun/Form 7_default/OTC_Submit Form 7_Section F-G-H/Page_PERKESO/G2. Span_Bapa' is clicked on

2019-02-21 17:35:09 - [MESSAGE][PASSED] - Object: 'Object Repository/KeatMun/Form 7_default/OTC_Submit Form 7_Section F-G-H/Page_PERKESO/G2. Span_Bapa' is clicked on

2019-02-21 17:35:09 - [TEST_STEP][PASSED] - delay(3): Delayed 3 second(s)

2019-02-21 17:35:12 - [MESSAGE][PASSED] - Delayed 3 second(s)

2019-02-21 17:35:12 - [TEST_STEP][PASSED] - click(findTestObject("KeatMun/Form 7_default/OTC_Submit Form 7_Section F-G-H/Page_PERKESO/G2. Choose_Isteri")): Object: 'Object Repository/KeatMun/Form 7_default/OTC_Submit Form 7_Section F-G-H/Page_PERKESO/G2. Choose_Isteri' is clicked on

2019-02-21 17:35:12 - [MESSAGE][PASSED] - Object: 'Object Repository/KeatMun/Form 7_default/OTC_Submit Form 7_Section F-G-H/Page_PERKESO/G2. Choose_Isteri' is clicked on

2019-02-21 17:35:12 - [TEST_STEP][PASSED] - delay(3): Delayed 3 second(s)

2019-02-21 17:35:15 - [MESSAGE][PASSED] - Delayed 3 second(s)

2019-02-21 17:35:15 - [TEST_STEP][PASSED] - click(findTestObject("KeatMun/Form 7_default/OTC_Submit Form 7_Section F-G-H/Page_PERKESO/G3. Halaman Seterusnya")): Object: 'Object Repository/KeatMun/Form 7_default/OTC_Submit Form 7_Section F-G-H/Page_PERKESO/G3. Halaman Seterusnya' is clicked on

2019-02-21 17:35:15 - [MESSAGE][PASSED] - Object: 'Object Repository/KeatMun/Form 7_default/OTC_Submit Form 7_Section F-G-H/Page_PERKESO/G3. Halaman Seterusnya' is clicked on

2019-02-21 17:35:15 - [TEST_STEP][PASSED] - delay(5): Delayed 5 second(s)

2019-02-21 17:35:20 - [MESSAGE][PASSED] - Delayed 5 second(s)

2019-02-21 17:35:20 - [TEST_STEP][PASSED] - click(findTestObject("KeatMun/Form 7_default/OTC_Submit Form 7_Section F-G-H/Page_PERKESO/H1. declAckInfoInd")): Object: 'Object Repository/KeatMun/Form 7_default/OTC_Submit Form 7_Section F-G-H/Page_PERKESO/H1. declAckInfoInd' is clicked on

2019-02-21 17:35:20 - [MESSAGE][PASSED] - Object: 'Object Repository/KeatMun/Form 7_default/OTC_Submit Form 7_Section F-G-H/Page_PERKESO/H1. declAckInfoInd' is clicked on

2019-02-21 17:35:20 - [TEST_STEP][PASSED] - delay(2): Delayed 2 second(s)

2019-02-21 17:35:22 - [MESSAGE][PASSED] - Delayed 2 second(s)

2019-02-21 17:35:22 - [TEST_STEP][PASSED] - click(findTestObject("KeatMun/Form 7_default/OTC_Submit Form 7_Section F-G-H/Page_PERKESO/H2. declAckRepayInd")): Object: 'Object Repository/KeatMun/Form 7_default/OTC_Submit Form 7_Section F-G-H/Page_PERKESO/H2. declAckRepayInd' is clicked on

2019-02-21 17:35:23 - [MESSAGE][PASSED] - Object: 'Object Repository/KeatMun/Form 7_default/OTC_Submit Form 7_Section F-G-H/Page_PERKESO/H2. declAckRepayInd' is clicked on

2019-02-21 17:35:23 - [TEST_STEP][PASSED] - delay(2): Delayed 2 second(s)

2019-02-21 17:35:25 - [MESSAGE][PASSED] - Delayed 2 second(s)

2019-02-21 17:35:25 - [TEST_STEP][PASSED] - click(findTestObject("KeatMun/Form 7_default/OTC_Submit Form 7_Section F-G-H/Page_PERKESO/H3. declAckLegalInd")): Object: 'Object Repository/KeatMun/Form 7_default/OTC_Submit Form 7_Section F-G-H/Page_PERKESO/H3. declAckLegalInd' is clicked on

2019-02-21 17:35:25 - [MESSAGE][PASSED] - Object: 'Object Repository/KeatMun/Form 7_default/OTC_Submit Form 7_Section F-G-H/Page_PERKESO/H3. declAckLegalInd' is clicked on

2019-02-21 17:35:25 - [TEST_STEP][PASSED] - delay(2): Delayed 2 second(s)

2019-02-21 17:35:27 - [MESSAGE][PASSED] - Delayed 2 second(s)

2019-02-21 17:35:27 - [TEST_STEP][PASSED] - click(findTestObject("KeatMun/Form 7_default/OTC_Submit Form 7_Section F-G-H/Page_PERKESO/i1. mandatory_document1")): Object: 'Object Repository/KeatMun/Form 7_default/OTC_Submit Form 7_Section F-G-H/Page_PERKESO/i1. mandatory_document1' is clicked on

2019-02-21 17:35:27 - [MESSAGE][PASSED] - Object: 'Object Repository/KeatMun/Form 7_default/OTC_Submit Form 7_Section F-G-H/Page_PERKESO/i1. mandatory_document1' is clicked on

2019-02-21 17:35:27 - [TEST_STEP][PASSED] - delay(3): Delayed 3 second(s)

2019-02-21 17:35:30 - [MESSAGE][PASSED] - Delayed 3 second(s)

2019-02-21 17:35:30 - [TEST_STEP][PASSED] - sendKeys(findTestObject("KeatMun/Form 7_default/OTC_Submit Form 7_Section F-G-H/Page_PERKESO/i1.--Sila Pilih--_singleFil"), TextFilePathCommon + "\UploadDoc.txt"): Keys 'C:\Users\Admin\Documents\GitHub\PKSKatalon\PKS-EI-ES\Common Zone\UploadDoc.txt' sent to object: 'Object Repository/KeatMun/Form 7_default/OTC_Submit Form 7_Section F-G-H/Page_PERKESO/i1.--Sila Pilih--_singleFil'

2019-02-21 17:35:30 - [MESSAGE][PASSED] - Keys 'C:\Users\Admin\Documents\GitHub\PKSKatalon\PKS-EI-ES\Common Zone\UploadDoc.txt' sent to object: 'Object Repository/KeatMun/Form 7_default/OTC_Submit Form 7_Section F-G-H/Page_PERKESO/i1.--Sila Pilih--_singleFil'

2019-02-21 17:35:30 - [TEST_STEP][PASSED] - delay(3): Delayed 3 second(s)

2019-02-21 17:35:33 - [MESSAGE][PASSED] - Delayed 3 second(s)

2019-02-21 17:35:33 - [TEST_STEP][PASSED] - click(findTestObject("KeatMun/Form 7_default/OTC_Submit Form 7_Section F-G-H/Page_PERKESO/i1.Add - Tambah Dokumen (1)")): Object: 'Object Repository/KeatMun/Form 7_default/OTC_Submit Form 7_Section F-G-H/Page_PERKESO/i1.Add - Tambah Dokumen (1)' is clicked on

2019-02-21 17:35:33 - [MESSAGE][PASSED] - Object: 'Object Repository/KeatMun/Form 7_default/OTC_Submit Form 7_Section F-G-H/Page_PERKESO/i1.Add - Tambah Dokumen (1)' is clicked on

2019-02-21 17:35:33 - [TEST_STEP][PASSED] - delay(3): Delayed 3 second(s)

2019-02-21 17:35:36 - [MESSAGE][PASSED] - Delayed 3 second(s)

2019-02-21 17:35:36 - [TEST_STEP][PASSED] - acceptAlert(): Alert accepted

2019-02-21 17:35:36 - [MESSAGE][PASSED] - Alert accepted

2019-02-21 17:35:36 - [TEST_STEP][PASSED] - delay(3): Delayed 3 second(s)

2019-02-21 17:35:39 - [MESSAGE][PASSED] - Delayed 3 second(s)

2019-02-21 17:35:39 - [TEST_STEP][PASSED] - click(findTestObject("KeatMun/Form 7_default/OTC_Submit Form 7_Section F-G-H/Page_PERKESO/i2. mandatory_document2")): Object: 'Object Repository/KeatMun/Form 7_default/OTC_Submit Form 7_Section F-G-H/Page_PERKESO/i2. mandatory_document2' is clicked on

2019-02-21 17:35:39 - [MESSAGE][PASSED] - Object: 'Object Repository/KeatMun/Form 7_default/OTC_Submit Form 7_Section F-G-H/Page_PERKESO/i2. mandatory_document2' is clicked on

2019-02-21 17:35:39 - [TEST_STEP][PASSED] - delay(3): Delayed 3 second(s)

2019-02-21 17:35:42 - [MESSAGE][PASSED] - Delayed 3 second(s)

2019-02-21 17:35:42 - [TEST_STEP][PASSED] - click(findTestObject("KeatMun/Form 7_default/OTC_Submit Form 7_Section F-G-H/Page_PERKESO/i2. input_Ya_optradio")): Object: 'Object Repository/KeatMun/Form 7_default/OTC_Submit Form 7_Section F-G-H/Page_PERKESO/i2. input_Ya_optradio' is clicked on

2019-02-21 17:35:43 - [MESSAGE][PASSED] - Object: 'Object Repository/KeatMun/Form 7_default/OTC_Submit Form 7_Section F-G-H/Page_PERKESO/i2. input_Ya_optradio' is clicked on

2019-02-21 17:35:43 - [TEST_STEP][PASSED] - delay(3): Delayed 3 second(s)

2019-02-21 17:35:46 - [MESSAGE][PASSED] - Delayed 3 second(s)

2019-02-21 17:35:46 - [TEST_STEP][PASSED] - sendKeys(findTestObject("KeatMun/Form 7_default/OTC_Submit Form 7_Section F-G-H/Page_PERKESO/i1.--Sila Pilih--_singleFil"), TextFilePathCommon + "\UploadDoc.txt"): Keys 'C:\Users\Admin\Documents\GitHub\PKSKatalon\PKS-EI-ES\Common Zone\UploadDoc.txt' sent to object: 'Object Repository/KeatMun/Form 7_default/OTC_Submit Form 7_Section F-G-H/Page_PERKESO/i1.--Sila Pilih--_singleFil'

2019-02-21 17:35:46 - [MESSAGE][PASSED] - Keys 'C:\Users\Admin\Documents\GitHub\PKSKatalon\PKS-EI-ES\Common Zone\UploadDoc.txt' sent to object: 'Object Repository/KeatMun/Form 7_default/OTC_Submit Form 7_Section F-G-H/Page_PERKESO/i1.--Sila Pilih--_singleFil'

2019-02-21 17:35:46 - [TEST_STEP][PASSED] - delay(3): Delayed 3 second(s)

2019-02-21 17:35:49 - [MESSAGE][PASSED] - Delayed 3 second(s)

2019-02-21 17:35:49 - [TEST_STEP][PASSED] - click(findTestObject("KeatMun/Form 7_default/OTC_Submit Form 7_Section F-G-H/Page_PERKESO/i2. button_Tambah Dokumen")): Object: 'Object Repository/KeatMun/Form 7_default/OTC_Submit Form 7_Section F-G-H/Page_PERKESO/i2. button_Tambah Dokumen' is clicked on

2019-02-21 17:35:49 - [MESSAGE][PASSED] - Object: 'Object Repository/KeatMun/Form 7_default/OTC_Submit Form 7_Section F-G-H/Page_PERKESO/i2. button_Tambah Dokumen' is clicked on

2019-02-21 17:35:49 - [TEST_STEP][PASSED] - delay(3): Delayed 3 second(s)

2019-02-21 17:35:52 - [MESSAGE][PASSED] - Delayed 3 second(s)

2019-02-21 17:35:52 - [TEST_STEP][PASSED] - acceptAlert(): Alert accepted

2019-02-21 17:35:52 - [MESSAGE][PASSED] - Alert accepted

2019-02-21 17:35:52 - [TEST_STEP][PASSED] - delay(3): Delayed 3 second(s)

2019-02-21 17:35:55 - [MESSAGE][PASSED] - Delayed 3 second(s)

2019-02-21 17:35:55 - [TEST_STEP][PASSED] - click(findTestObject("KeatMun/Form 7_default/OTC_Submit Form 7_Section F-G-H/Page_PERKESO/i3. mandatory_document3")): Object: 'Object Repository/KeatMun/Form 7_default/OTC_Submit Form 7_Section F-G-H/Page_PERKESO/i3. mandatory_document3' is clicked on

2019-02-21 17:35:55 - [MESSAGE][PASSED] - Object: 'Object Repository/KeatMun/Form 7_default/OTC_Submit Form 7_Section F-G-H/Page_PERKESO/i3. mandatory_document3' is clicked on

2019-02-21 17:35:55 - [TEST_STEP][PASSED] - delay(3): Delayed 3 second(s)

2019-02-21 17:35:58 - [MESSAGE][PASSED] - Delayed 3 second(s)

2019-02-21 17:35:58 - [TEST_STEP][PASSED] - click(findTestObject("KeatMun/Form 7_default/OTC_Submit Form 7_Section F-G-H/Page_PERKESO/i2. input_Ya_optradio")): Object: 'Object Repository/KeatMun/Form 7_default/OTC_Submit Form 7_Section F-G-H/Page_PERKESO/i2. input_Ya_optradio' is clicked on

2019-02-21 17:35:58 - [MESSAGE][PASSED] - Object: 'Object Repository/KeatMun/Form 7_default/OTC_Submit Form 7_Section F-G-H/Page_PERKESO/i2. input_Ya_optradio' is clicked on

2019-02-21 17:35:58 - [TEST_STEP][PASSED] - delay(3): Delayed 3 second(s)

2019-02-21 17:36:01 - [MESSAGE][PASSED] - Delayed 3 second(s)

2019-02-21 17:36:01 - [TEST_STEP][PASSED] - sendKeys(findTestObject("KeatMun/Form 7_default/OTC_Submit Form 7_Section F-G-H/Page_PERKESO/i1.--Sila Pilih--_singleFil"), TextFilePathCommon + "\UploadDoc.txt"): Keys 'C:\Users\Admin\Documents\GitHub\PKSKatalon\PKS-EI-ES\Common Zone\UploadDoc.txt' sent to object: 'Object Repository/KeatMun/Form 7_default/OTC_Submit Form 7_Section F-G-H/Page_PERKESO/i1.--Sila Pilih--_singleFil'

2019-02-21 17:36:01 - [MESSAGE][PASSED] - Keys 'C:\Users\Admin\Documents\GitHub\PKSKatalon\PKS-EI-ES\Common Zone\UploadDoc.txt' sent to object: 'Object Repository/KeatMun/Form 7_default/OTC_Submit Form 7_Section F-G-H/Page_PERKESO/i1.--Sila Pilih--_singleFil'

2019-02-21 17:36:01 - [TEST_STEP][PASSED] - delay(3): Delayed 3 second(s)

2019-02-21 17:36:04 - [MESSAGE][PASSED] - Delayed 3 second(s)

2019-02-21 17:36:04 - [TEST_STEP][PASSED] - click(findTestObject("KeatMun/Form 7_default/OTC_Submit Form 7_Section F-G-H/Page_PERKESO/i2. button_Tambah Dokumen")): Object: 'Object Repository/KeatMun/Form 7_default/OTC_Submit Form 7_Section F-G-H/Page_PERKESO/i2. button_Tambah Dokumen' is clicked on

2019-02-21 17:36:04 - [MESSAGE][PASSED] - Object: 'Object Repository/KeatMun/Form 7_default/OTC_Submit Form 7_Section F-G-H/Page_PERKESO/i2. button_Tambah Dokumen' is clicked on

2019-02-21 17:36:04 - [TEST_STEP][PASSED] - delay(3): Delayed 3 second(s)

2019-02-21 17:36:07 - [MESSAGE][PASSED] - Delayed 3 second(s)

2019-02-21 17:36:07 - [TEST_STEP][PASSED] - acceptAlert(): Alert accepted

2019-02-21 17:36:07 - [MESSAGE][PASSED] - Alert accepted

2019-02-21 17:36:07 - [TEST_STEP][PASSED] - delay(3): Delayed 3 second(s)

2019-02-21 17:36:10 - [MESSAGE][PASSED] - Delayed 3 second(s)

2019-02-21 17:36:10 - [TEST_STEP][PASSED] - click(findTestObject("KeatMun/Form 7_default/OTC_Submit Form 7_Section F-G-H/Page_PERKESO/i4. mandatory_document4")): Object: 'Object Repository/KeatMun/Form 7_default/OTC_Submit Form 7_Section F-G-H/Page_PERKESO/i4. mandatory_document4' is clicked on

2019-02-21 17:36:11 - [MESSAGE][PASSED] - Object: 'Object Repository/KeatMun/Form 7_default/OTC_Submit Form 7_Section F-G-H/Page_PERKESO/i4. mandatory_document4' is clicked on

2019-02-21 17:36:11 - [TEST_STEP][PASSED] - delay(3): Delayed 3 second(s)

2019-02-21 17:36:14 - [MESSAGE][PASSED] - Delayed 3 second(s)

2019-02-21 17:36:14 - [TEST_STEP][PASSED] - click(findTestObject("KeatMun/Form 7_default/OTC_Submit Form 7_Section F-G-H/Page_PERKESO/i4. _Ya_optradio")): Object: 'Object Repository/KeatMun/Form 7_default/OTC_Submit Form 7_Section F-G-H/Page_PERKESO/i4. _Ya_optradio' is clicked on

2019-02-21 17:36:14 - [MESSAGE][PASSED] - Object: 'Object Repository/KeatMun/Form 7_default/OTC_Submit Form 7_Section F-G-H/Page_PERKESO/i4. _Ya_optradio' is clicked on

2019-02-21 17:36:14 - [TEST_STEP][PASSED] - delay(3): Delayed 3 second(s)

2019-02-21 17:36:17 - [MESSAGE][PASSED] - Delayed 3 second(s)

2019-02-21 17:36:17 - [TEST_STEP][PASSED] - sendKeys(findTestObject("KeatMun/Form 7_default/OTC_Submit Form 7_Section F-G-H/Page_PERKESO/i1.--Sila Pilih--_singleFil"), TextFilePathCommon + "\UploadDoc.txt"): Keys 'C:\Users\Admin\Documents\GitHub\PKSKatalon\PKS-EI-ES\Common Zone\UploadDoc.txt' sent to object: 'Object Repository/KeatMun/Form 7_default/OTC_Submit Form 7_Section F-G-H/Page_PERKESO/i1.--Sila Pilih--_singleFil'

2019-02-21 17:36:17 - [MESSAGE][PASSED] - Keys 'C:\Users\Admin\Documents\GitHub\PKSKatalon\PKS-EI-ES\Common Zone\UploadDoc.txt' sent to object: 'Object Repository/KeatMun/Form 7_default/OTC_Submit Form 7_Section F-G-H/Page_PERKESO/i1.--Sila Pilih--_singleFil'

2019-02-21 17:36:17 - [TEST_STEP][PASSED] - delay(3): Delayed 3 second(s)

2019-02-21 17:36:20 - [MESSAGE][PASSED] - Delayed 3 second(s)

2019-02-21 17:36:20 - [TEST_STEP][PASSED] - click(findTestObject("KeatMun/Form 7_default/OTC_Submit Form 7_Section F-G-H/Page_PERKESO/i2. button_Tambah Dokumen")): Object: 'Object Repository/KeatMun/Form 7_default/OTC_Submit Form 7_Section F-G-H/Page_PERKESO/i2. button_Tambah Dokumen' is clicked on

2019-02-21 17:36:20 - [MESSAGE][PASSED] - Object: 'Object Repository/KeatMun/Form 7_default/OTC_Submit Form 7_Section F-G-H/Page_PERKESO/i2. button_Tambah Dokumen' is clicked on

2019-02-21 17:36:20 - [TEST_STEP][PASSED] - delay(3): Delayed 3 second(s)

2019-02-21 17:36:23 - [MESSAGE][PASSED] - Delayed 3 second(s)

2019-02-21 17:36:23 - [TEST_STEP][PASSED] - acceptAlert(): Alert accepted

2019-02-21 17:36:23 - [MESSAGE][PASSED] - Alert accepted

2019-02-21 17:36:23 - [TEST_STEP][PASSED] - delay(3): Delayed 3 second(s)

2019-02-21 17:36:26 - [MESSAGE][PASSED] - Delayed 3 second(s)

2019-02-21 17:36:26 - [TEST_STEP][PASSED] - click(findTestObject("KeatMun/Form 7_default/OTC_Submit Form 7_Section F-G-H/Page_PERKESO/button_Hantar")): Object: 'Object Repository/KeatMun/Form 7_default/OTC_Submit Form 7_Section F-G-H/Page_PERKESO/button_Hantar' is clicked on

2019-02-21 17:36:26 - [MESSAGE][PASSED] - Object: 'Object Repository/KeatMun/Form 7_default/OTC_Submit Form 7_Section F-G-H/Page_PERKESO/button_Hantar' is clicked on

2019-02-21 17:36:26 - [TEST_STEP][PASSED] - delay(3): Delayed 3 second(s)

2019-02-21 17:36:29 - [MESSAGE][PASSED] - Delayed 3 second(s)

2019-02-21 17:36:29 - [TEST_STEP][PASSED] - UserName = getText(findTestObject("KeatMun/Form 7_default/OTC_Submit Form 7_Section F-G-H/Page_PERKESO/strong_FAST2")): Text of object 'Object Repository/KeatMun/Form 7_default/OTC_Submit Form 7_Section F-G-H/Page_PERKESO/strong_FAST2' is: 'A.K.MOHD FAZUAH BIN LATIP'

2019-02-21 17:36:29 - [MESSAGE][PASSED] - Text of object 'Object Repository/KeatMun/Form 7_default/OTC_Submit Form 7_Section F-G-H/Page_PERKESO/strong_FAST2' is: 'A.K.MOHD FAZUAH BIN LATIP'

2019-02-21 17:36:29 - [TEST_STEP][PASSED] - callTestCase(findTestCase("All TC/Arranged/1. Common/1.2 Setter/Setter UserName"), [:], STOP_ON_FAILURE): Call Test Case 'Test Cases/All TC/Arranged/1. Common/1.2 Setter/Setter UserName' successfully

2019-02-21 17:36:29 - [TEST_CASE][PASSED] - Test Cases/All TC/Arranged/1. Common/1.2 Setter/Setter UserName: Test Cases/All TC/Arranged/1. Common/1.2 Setter/Setter UserName

2019-02-21 17:36:29 - [TEST_STEP][PASSED] - RefNoOldFile = new java.io.File((internal.GlobalVariable.TextFilePathCommon + \getUser.txt)): null

2019-02-21 17:36:29 - [TEST_STEP][PASSED] - RefNoOldFile.delete(): null

2019-02-21 17:36:29 - [TEST_STEP][PASSED] - delay(5): Delayed 5 second(s)

2019-02-21 17:36:34 - [MESSAGE][PASSED] - Delayed 5 second(s)

2019-02-21 17:36:34 - [TEST_STEP][PASSED] - RefNo = new java.io.File((internal.GlobalVariable.TextFilePathCommon + \getUser.txt)): null

2019-02-21 17:36:34 - [TEST_STEP][PASSED] - f2 = new java.io.FileWriter(RefNo, false): null

2019-02-21 17:36:34 - [TEST_STEP][PASSED] - f2.write(UserName): null

2019-02-21 17:36:34 - [TEST_STEP][PASSED] - f2.close(): null

2019-02-21 17:36:34 - [TEST_STEP][PASSED] - out.println("


" + UserName + "


"): null

2019-02-21 17:36:34 - [MESSAGE][PASSED] - Call Test Case 'Test Cases/All TC/Arranged/1. Common/1.2 Setter/Setter UserName' successfully

2019-02-21 17:36:34 - [TEST_STEP][PASSED] - IC = getText(findTestObject("KeatMun/Form 7_default/OTC_Submit Form 7_Section F-G-H/Page_PERKESO/strong_950000140051")): Text of object 'Object Repository/KeatMun/Form 7_default/OTC_Submit Form 7_Section F-G-H/Page_PERKESO/strong_950000140051' is: '811124125577'

2019-02-21 17:36:34 - [MESSAGE][PASSED] - Text of object 'Object Repository/KeatMun/Form 7_default/OTC_Submit Form 7_Section F-G-H/Page_PERKESO/strong_950000140051' is: '811124125577'

2019-02-21 17:36:34 - [TEST_STEP][PASSED] - callTestCase(findTestCase("All TC/Arranged/1. Common/1.2 Setter/Setter IC"), [:], STOP_ON_FAILURE): Call Test Case 'Test Cases/All TC/Arranged/1. Common/1.2 Setter/Setter IC' successfully

2019-02-21 17:36:35 - [TEST_CASE][PASSED] - Test Cases/All TC/Arranged/1. Common/1.2 Setter/Setter IC: Test Cases/All TC/Arranged/1. Common/1.2 Setter/Setter IC

2019-02-21 17:36:35 - [TEST_STEP][PASSED] - RefNoOldFile = new java.io.File((internal.GlobalVariable.TextFilePathCommon + \getIC.txt)): null

2019-02-21 17:36:35 - [TEST_STEP][PASSED] - RefNoOldFile.delete(): null

2019-02-21 17:36:35 - [TEST_STEP][PASSED] - delay(5): Delayed 5 second(s)

2019-02-21 17:36:40 - [MESSAGE][PASSED] - Delayed 5 second(s)

2019-02-21 17:36:40 - [TEST_STEP][PASSED] - RefNo = new java.io.File((internal.GlobalVariable.TextFilePathCommon + \getIC.txt)): null

2019-02-21 17:36:40 - [TEST_STEP][PASSED] - f2 = new java.io.FileWriter(RefNo, false): null

2019-02-21 17:36:40 - [TEST_STEP][PASSED] - f2.write(IC): null

2019-02-21 17:36:40 - [TEST_STEP][PASSED] - f2.close(): null

2019-02-21 17:36:40 - [TEST_STEP][PASSED] - out.println("


" + IC + "


"): null

2019-02-21 17:36:40 - [MESSAGE][PASSED] - Call Test Case 'Test Cases/All TC/Arranged/1. Common/1.2 Setter/Setter IC' successfully

2019-02-21 17:36:40 - [TEST_STEP][PASSED] - CaseID = getText(findTestObject("KeatMun/Form 7_default/OTC_Submit Form 7_Section F-G-H/Page_PERKESO/strong_SIPE1119070000004")): Text of object 'Object Repository/KeatMun/Form 7_default/OTC_Submit Form 7_Section F-G-H/Page_PERKESO/strong_SIPE1119070000004' is: 'SIPE1119070000035'

2019-02-21 17:36:40 - [MESSAGE][PASSED] - Text of object 'Object Repository/KeatMun/Form 7_default/OTC_Submit Form 7_Section F-G-H/Page_PERKESO/strong_SIPE1119070000004' is: 'SIPE1119070000035'

2019-02-21 17:36:40 - [TEST_STEP][PASSED] - callTestCase(findTestCase("All TC/Arranged/1. Common/1.2 Setter/Setter Case ID"), [:], STOP_ON_FAILURE): Call Test Case 'Test Cases/All TC/Arranged/1. Common/1.2 Setter/Setter Case ID' successfully

2019-02-21 17:36:40 - [TEST_CASE][PASSED] - Test Cases/All TC/Arranged/1. Common/1.2 Setter/Setter Case ID: Test Cases/All TC/Arranged/1. Common/1.2 Setter/Setter Case ID

2019-02-21 17:36:40 - [TEST_STEP][PASSED] - RefNoOldFile = new java.io.File((internal.GlobalVariable.TextFilePathCommon + \getCaseID.txt)): null

2019-02-21 17:36:40 - [TEST_STEP][PASSED] - RefNoOldFile.delete(): null

2019-02-21 17:36:40 - [TEST_STEP][PASSED] - delay(5): Delayed 5 second(s)

2019-02-21 17:36:45 - [MESSAGE][PASSED] - Delayed 5 second(s)

2019-02-21 17:36:45 - [TEST_STEP][PASSED] - RefNo = new java.io.File((internal.GlobalVariable.TextFilePathCommon + \getCaseID.txt)): null

2019-02-21 17:36:45 - [TEST_STEP][PASSED] - f2 = new java.io.FileWriter(RefNo, false): null

2019-02-21 17:36:45 - [TEST_STEP][PASSED] - f2.write(CaseID): null

2019-02-21 17:36:45 - [TEST_STEP][PASSED] - f2.close(): null

2019-02-21 17:36:45 - [TEST_STEP][PASSED] - out.println("


" + CaseID + "


"): null

2019-02-21 17:36:45 - [MESSAGE][PASSED] - Call Test Case 'Test Cases/All TC/Arranged/1. Common/1.2 Setter/Setter Case ID' successfully

2019-02-21 17:36:45 - [TEST_STEP][PASSED] - Password = getText(findTestObject("KeatMun/Form 7_default/OTC_Submit Form 7_Section F-G-H/Page_PERKESO/strong_OOPQe0i4")): Text of object 'Object Repository/KeatMun/Form 7_default/OTC_Submit Form 7_Section F-G-H/Page_PERKESO/strong_OOPQe0i4' is: 'qYiGNOlE'

2019-02-21 17:36:45 - [MESSAGE][PASSED] - Text of object 'Object Repository/KeatMun/Form 7_default/OTC_Submit Form 7_Section F-G-H/Page_PERKESO/strong_OOPQe0i4' is: 'qYiGNOlE'

2019-02-21 17:36:45 - [TEST_STEP][PASSED] - callTestCase(findTestCase("All TC/Arranged/1. Common/1.2 Setter/Setter Password"), [:], STOP_ON_FAILURE): Call Test Case 'Test Cases/All TC/Arranged/1. Common/1.2 Setter/Setter Password' successfully

2019-02-21 17:36:45 - [TEST_CASE][PASSED] - Test Cases/All TC/Arranged/1. Common/1.2 Setter/Setter Password: Test Cases/All TC/Arranged/1. Common/1.2 Setter/Setter Password

2019-02-21 17:36:45 - [TEST_STEP][PASSED] - RefNoOldFile = new java.io.File((internal.GlobalVariable.TextFilePathCommon + \getPassword.txt)): null

2019-02-21 17:36:45 - [TEST_STEP][PASSED] - RefNoOldFile.delete(): null

2019-02-21 17:36:45 - [TEST_STEP][PASSED] - delay(5): Delayed 5 second(s)

2019-02-21 17:36:50 - [MESSAGE][PASSED] - Delayed 5 second(s)

2019-02-21 17:36:50 - [TEST_STEP][PASSED] - RefNo = new java.io.File((internal.GlobalVariable.TextFilePathCommon + \getPassword.txt)): null

2019-02-21 17:36:50 - [TEST_STEP][PASSED] - f2 = new java.io.FileWriter(RefNo, false): null

2019-02-21 17:36:50 - [TEST_STEP][PASSED] - f2.write(Password): null

2019-02-21 17:36:50 - [TEST_STEP][PASSED] - f2.close(): null

2019-02-21 17:36:50 - [TEST_STEP][PASSED] - out.println("


" + Password + "


"): null

2019-02-21 17:36:50 - [MESSAGE][PASSED] - Call Test Case 'Test Cases/All TC/Arranged/1. Common/1.2 Setter/Setter Password' successfully

2019-02-21 17:36:50 - [MESSAGE][PASSED] - Call Test Case 'Test Cases/All TC/Arranged/3. Unit/EI/Form 7_default/OTC_Submit Form 7_Section F-G-H - EFT' successfully

2019-02-21 17:36:50 - [MESSAGE][PASSED] - Call Test Case 'Test Cases/All TC/Arranged/2. Segment/OTC_Submit Form 7_End to End - EFT' successfully

2019-02-21 17:36:50 - [TEST_STEP][PASSED] - callTestCase(findTestCase("All TC/Arranged/2. Segment/2.2 Check Status/Check Status - Case ID"), [:], STOP_ON_FAILURE): Call Test Case 'Test Cases/All TC/Arranged/2. Segment/2.2 Check Status/Check Status - Case ID' successfully

2019-02-21 17:36:50 - [TEST_CASE][PASSED] - Test Cases/All TC/Arranged/2. Segment/2.2 Check Status/Check Status - Case ID: Test Cases/All TC/Arranged/2. Segment/2.2 Check Status/Check Status - Case ID

2019-02-21 17:36:50 - [TEST_STEP][PASSED] - openBrowser(""): Browser is opened with url: ''

2019-02-21 17:36:50 - [MESSAGE][WARNING] - A browser is already opened. Closing browser and opening a new one

2019-02-21 17:36:51 - [MESSAGE][INFO] - Starting 'Chrome' driver

2019-02-21 17:36:51 - [MESSAGE][INFO] - User set preference: ['args', '[--start-maximized]']

2019-02-21 17:36:53 - [MESSAGE][PASSED] - Browser is opened with url: ''

2019-02-21 17:36:53 - [TEST_STEP][PASSED] - navigateToUrl(Internal_Login): Navigate to 'http://10.20.24.188/eisportal/user/login' successfully

2019-02-21 17:36:54 - [MESSAGE][PASSED] - Navigate to 'http://10.20.24.188/eisportal/user/login' successfully

2019-02-21 17:36:54 - [TEST_STEP][PASSED] - setText(findTestObject("KinJun/2.0 Check Status/Check Status - Case ID/Page_PERKESO/Input Username"), "nadia.harun@perkeso.gov.my"): Text 'nadia.harun@perkeso.gov.my' is set on object 'Object Repository/KinJun/2.0 Check Status/Check Status - Case ID/Page_PERKESO/Input Username'

2019-02-21 17:36:54 - [MESSAGE][PASSED] - Text 'nadia.harun@perkeso.gov.my' is set on object 'Object Repository/KinJun/2.0 Check Status/Check Status - Case ID/Page_PERKESO/Input Username'

2019-02-21 17:36:54 - [TEST_STEP][PASSED] - setEncryptedText(findTestObject("KinJun/2.0 Check Status/Check Status - Case ID/Page_PERKESO/Input Password"), "CQqwFZlbeC8="): Text ****** has been set on object 'Object Repository/KinJun/2.0 Check Status/Check Status - Case ID/Page_PERKESO/Input Password'

2019-02-21 17:36:54 - [MESSAGE][PASSED] - Text ****** has been set on object 'Object Repository/KinJun/2.0 Check Status/Check Status - Case ID/Page_PERKESO/Input Password'

2019-02-21 17:36:54 - [TEST_STEP][PASSED] - click(findTestObject("KinJun/2.0 Check Status/Check Status - Case ID/Page_PERKESO/Btn Login")): Object: 'Object Repository/KinJun/2.0 Check Status/Check Status - Case ID/Page_PERKESO/Btn Login' is clicked on

2019-02-21 17:36:55 - [MESSAGE][PASSED] - Object: 'Object Repository/KinJun/2.0 Check Status/Check Status - Case ID/Page_PERKESO/Btn Login' is clicked on

2019-02-21 17:36:55 - [TEST_STEP][PASSED] - delay(3): Delayed 3 second(s)

2019-02-21 17:36:58 - [MESSAGE][PASSED] - Delayed 3 second(s)

2019-02-21 17:36:58 - [TEST_STEP][PASSED] - callTestCase(findTestCase("All TC/Arranged/1. Common/1.1 Getter/Getter IC"), [:], STOP_ON_FAILURE): Call Test Case 'Test Cases/All TC/Arranged/1. Common/1.1 Getter/Getter IC' successfully

2019-02-21 17:36:58 - [TEST_CASE][PASSED] - Test Cases/All TC/Arranged/1. Common/1.1 Getter/Getter IC: Test Cases/All TC/Arranged/1. Common/1.1 Getter/Getter IC

2019-02-21 17:36:58 - [TEST_STEP][PASSED] - try: null

2019-02-21 17:36:58 - [TEST_STEP][PASSED] - RefNo = new java.io.File((internal.GlobalVariable.TextFilePathCommon + \getIC.txt)): null

2019-02-21 17:36:58 - [TEST_STEP][PASSED] - bufferread = new java.io.BufferedReader(new java.io.FileReader(RefNo)): null

2019-02-21 17:36:58 - [TEST_STEP][PASSED] - readedVal = bufferread.readLine(): null

2019-02-21 17:36:58 - [TEST_STEP][PASSED] - out.println(IC): null

2019-02-21 17:36:58 - [TEST_STEP][PASSED] - out.println(readedVal): null

2019-02-21 17:36:58 - [TEST_STEP][PASSED] - IC = "": null

2019-02-21 17:36:58 - [TEST_STEP][PASSED] - IC = readedVal: null

2019-02-21 17:36:58 - [MESSAGE][PASSED] - Call Test Case 'Test Cases/All TC/Arranged/1. Common/1.1 Getter/Getter IC' successfully

2019-02-21 17:36:58 - [TEST_STEP][PASSED] - setText(findTestObject("KinJun/2.0 Check Status/Check Status - Case ID/Page_PERKESO/Input IC"), IC): Text '811124125577' is set on object 'Object Repository/KinJun/2.0 Check Status/Check Status - Case ID/Page_PERKESO/Input IC'

2019-02-21 17:36:58 - [MESSAGE][PASSED] - Text '811124125577' is set on object 'Object Repository/KinJun/2.0 Check Status/Check Status - Case ID/Page_PERKESO/Input IC'

2019-02-21 17:36:58 - [TEST_STEP][PASSED] - delay(3): Delayed 3 second(s)

2019-02-21 17:37:01 - [MESSAGE][PASSED] - Delayed 3 second(s)

2019-02-21 17:37:01 - [TEST_STEP][PASSED] - click(findTestObject("KinJun/2.0 Check Status/Check Status - Case ID/Page_PERKESO/Btn Check")): Object: 'Object Repository/KinJun/2.0 Check Status/Check Status - Case ID/Page_PERKESO/Btn Check' is clicked on

2019-02-21 17:37:02 - [MESSAGE][PASSED] - Object: 'Object Repository/KinJun/2.0 Check Status/Check Status - Case ID/Page_PERKESO/Btn Check' is clicked on

2019-02-21 17:37:02 - [TEST_STEP][PASSED] - UserName = getText(findTestObject("KinJun/2.0 Check Status/Check Status - Case ID/Page_PERKESO/TD Username")): Text of object 'Object Repository/KinJun/2.0 Check Status/Check Status - Case ID/Page_PERKESO/TD Username' is: 'JHEIO5'

2019-02-21 17:37:02 - [MESSAGE][PASSED] - Text of object 'Object Repository/KinJun/2.0 Check Status/Check Status - Case ID/Page_PERKESO/TD Username' is: 'JHEIO5'

2019-02-21 17:37:02 - [TEST_STEP][PASSED] - callTestCase(findTestCase("All TC/Arranged/1. Common/1.2 Setter/Setter UserName"), [:], STOP_ON_FAILURE): Call Test Case 'Test Cases/All TC/Arranged/1. Common/1.2 Setter/Setter UserName' successfully

2019-02-21 17:37:02 - [TEST_CASE][PASSED] - Test Cases/All TC/Arranged/1. Common/1.2 Setter/Setter UserName: Test Cases/All TC/Arranged/1. Common/1.2 Setter/Setter UserName

2019-02-21 17:37:02 - [TEST_STEP][PASSED] - RefNoOldFile = new java.io.File((internal.GlobalVariable.TextFilePathCommon + \getUser.txt)): null

2019-02-21 17:37:02 - [TEST_STEP][PASSED] - RefNoOldFile.delete(): null

2019-02-21 17:37:02 - [TEST_STEP][PASSED] - delay(5): Delayed 5 second(s)

2019-02-21 17:37:07 - [MESSAGE][PASSED] - Delayed 5 second(s)

2019-02-21 17:37:07 - [TEST_STEP][PASSED] - RefNo = new java.io.File((internal.GlobalVariable.TextFilePathCommon + \getUser.txt)): null

2019-02-21 17:37:07 - [TEST_STEP][PASSED] - f2 = new java.io.FileWriter(RefNo, false): null

2019-02-21 17:37:07 - [TEST_STEP][PASSED] - f2.write(UserName): null

2019-02-21 17:37:07 - [TEST_STEP][PASSED] - f2.close(): null

2019-02-21 17:37:07 - [TEST_STEP][PASSED] - out.println("


" + UserName + "


"): null

2019-02-21 17:37:07 - [MESSAGE][PASSED] - Call Test Case 'Test Cases/All TC/Arranged/1. Common/1.2 Setter/Setter UserName' successfully

2019-02-21 17:37:07 - [TEST_STEP][PASSED] - click(findTestObject("KinJun/2.0 Check Status/Check Status - Case ID/Page_PERKESO/Click Username")): Object: 'Object Repository/KinJun/2.0 Check Status/Check Status - Case ID/Page_PERKESO/Click Username' is clicked on

2019-02-21 17:37:07 - [MESSAGE][PASSED] - Object: 'Object Repository/KinJun/2.0 Check Status/Check Status - Case ID/Page_PERKESO/Click Username' is clicked on

2019-02-21 17:37:07 - [TEST_STEP][PASSED] - delay(3): Delayed 3 second(s)

2019-02-21 17:37:10 - [MESSAGE][PASSED] - Delayed 3 second(s)

2019-02-21 17:37:10 - [TEST_STEP][PASSED] - click(findTestObject("KinJun/2.0 Check Status/Check Status - Case ID/Page_PERKESO/Log Out")): Object: 'Object Repository/KinJun/2.0 Check Status/Check Status - Case ID/Page_PERKESO/Log Out' is clicked on

2019-02-21 17:37:11 - [MESSAGE][PASSED] - Object: 'Object Repository/KinJun/2.0 Check Status/Check Status - Case ID/Page_PERKESO/Log Out' is clicked on

2019-02-21 17:37:11 - [MESSAGE][PASSED] - Call Test Case 'Test Cases/All TC/Arranged/2. Segment/2.2 Check Status/Check Status - Case ID' successfully

2019-02-21 17:37:11 - [TEST_STEP][PASSED] - callTestCase(findTestCase("All TC/Arranged/1. Common/IC List Remover"), [:], STOP_ON_FAILURE): Call Test Case 'Test Cases/All TC/Arranged/1. Common/IC List Remover' successfully

2019-02-21 17:37:11 - [TEST_CASE][PASSED] - Test Cases/All TC/Arranged/1. Common/IC List Remover: Test Cases/All TC/Arranged/1. Common/IC List Remover

2019-02-21 17:37:11 - [TEST_STEP][PASSED] - counter = 0: null

2019-02-21 17:37:11 - [TEST_STEP][PASSED] - fis = new java.io.FileInputStream((internal.GlobalVariable.TextFilePathCommon + /IC.xlsx)): null

2019-02-21 17:37:11 - [TEST_STEP][PASSED] - workbook = new org.apache.poi.xssf.usermodel.XSSFWorkbook(fis): null

2019-02-21 17:37:11 - [TEST_STEP][PASSED] - sheet = workbook.getSheet("Sheet1"): null

2019-02-21 17:37:11 - [TEST_STEP][PASSED] - totalRow = sheet.getLastRowNum(): null

2019-02-21 17:37:11 - [TEST_STEP][PASSED] - out.println(totalRow): null

2019-02-21 17:37:11 - [TEST_STEP][PASSED] - row = sheet.getRow(counter): null

2019-02-21 17:37:11 - [TEST_STEP][PASSED] - cell = row.getCell(counter): null

2019-02-21 17:37:11 - [TEST_STEP][PASSED] - out.println("removing this value : " + cell.getStringCellValue()): null

2019-02-21 17:37:11 - [TEST_STEP][PASSED] - sheet.removeRow(sheet.getRow(counter)): null

2019-02-21 17:37:11 - [TEST_STEP][PASSED] - sheet.shiftRows(counter + 1, totalRow, -1): null

2019-02-21 17:37:11 - [TEST_STEP][PASSED] - fos = new java.io.FileOutputStream((internal.GlobalVariable.TextFilePathCommon + /IC.xlsx)): null

2019-02-21 17:37:11 - [TEST_STEP][PASSED] - workbook.write(fos): null

2019-02-21 17:37:11 - [TEST_STEP][PASSED] - fos.close(): null

2019-02-21 17:37:11 - [MESSAGE][PASSED] - Call Test Case 'Test Cases/All TC/Arranged/1. Common/IC List Remover' successfully

2019-02-21 17:37:11 - [TEST_STEP][PASSED] - callTestCase(findTestCase("All TC/Arranged/2. Segment/2.3 JSA Application/EIO Internal Login - JSA Application - Reject"), [:], STOP_ON_FAILURE): Call Test Case 'Test Cases/All TC/Arranged/2. Segment/2.3 JSA Application/EIO Internal Login - JSA Application - Reject' successfully

2019-02-21 17:37:11 - [TEST_CASE][PASSED] - Test Cases/All TC/Arranged/2. Segment/2.3 JSA Application/EIO Internal Login - JSA Application - Reject: Test Cases/All TC/Arranged/2. Segment/2.3 JSA Application/EIO Internal Login - JSA Application - Reject

2019-02-21 17:37:12 - [TEST_STEP][PASSED] - openBrowser(""): Browser is opened with url: ''

2019-02-21 17:37:12 - [MESSAGE][WARNING] - A browser is already opened. Closing browser and opening a new one

2019-02-21 17:37:12 - [MESSAGE][INFO] - Starting 'Chrome' driver

2019-02-21 17:37:12 - [MESSAGE][INFO] - User set preference: ['args', '[--start-maximized]']

2019-02-21 17:37:14 - [MESSAGE][PASSED] - Browser is opened with url: ''

2019-02-21 17:37:14 - [TEST_STEP][PASSED] - navigateToUrl(Internal_Login): Navigate to 'http://10.20.24.188/eisportal/user/login' successfully

2019-02-21 17:37:15 - [MESSAGE][PASSED] - Navigate to 'http://10.20.24.188/eisportal/user/login' successfully

2019-02-21 17:37:15 - [TEST_STEP][PASSED] - callTestCase(findTestCase("All TC/Arranged/1. Common/Internal Email Finder"), [:], STOP_ON_FAILURE): Call Test Case 'Test Cases/All TC/Arranged/1. Common/Internal Email Finder' successfully

2019-02-21 17:37:15 - [TEST_CASE][PASSED] - Test Cases/All TC/Arranged/1. Common/Internal Email Finder: Test Cases/All TC/Arranged/1. Common/Internal Email Finder

2019-02-21 17:37:15 - [TEST_STEP][PASSED] - callTestCase(findTestCase("All TC/Arranged/1. Common/1.1 Getter/Getter UserName"), [:], CONTINUE_ON_FAILURE): Call Test Case 'Test Cases/All TC/Arranged/1. Common/1.1 Getter/Getter UserName' successfully

2019-02-21 17:37:15 - [TEST_CASE][PASSED] - Test Cases/All TC/Arranged/1. Common/1.1 Getter/Getter UserName: Test Cases/All TC/Arranged/1. Common/1.1 Getter/Getter UserName

2019-02-21 17:37:15 - [TEST_STEP][PASSED] - try: null

2019-02-21 17:37:15 - [TEST_STEP][PASSED] - RefNo = new java.io.File((internal.GlobalVariable.TextFilePathCommon + \getUser.txt)): null

2019-02-21 17:37:15 - [TEST_STEP][PASSED] - bufferread = new java.io.BufferedReader(new java.io.FileReader(RefNo)): null

2019-02-21 17:37:15 - [TEST_STEP][PASSED] - readedVal = bufferread.readLine(): null

2019-02-21 17:37:15 - [TEST_STEP][PASSED] - out.println(UserName): null

2019-02-21 17:37:15 - [TEST_STEP][PASSED] - out.println(readedVal): null

2019-02-21 17:37:15 - [TEST_STEP][PASSED] - UserName = "": null

2019-02-21 17:37:15 - [TEST_STEP][PASSED] - UserName = readedVal: null

2019-02-21 17:37:15 - [MESSAGE][PASSED] - Call Test Case 'Test Cases/All TC/Arranged/1. Common/1.1 Getter/Getter UserName' successfully

2019-02-21 17:37:15 - [TEST_STEP][PASSED] - StrA = UserName: null

2019-02-21 17:37:15 - [TEST_STEP][PASSED] - StrB = <not implemented yet for class: org.codehaus.groovy.ast.expr.EmptyExpression>: null

2019-02-21 17:37:15 - [TEST_STEP][PASSED] - Counter = 1: null

2019-02-21 17:37:15 - [TEST_STEP][PASSED] - while (!(StrB.equals(StrA)) && !(Counter > findTestData("Internal User List").getRowNumbers())): null

2019-02-21 17:37:15 - [TEST_STEP][PASSED] - StrB = findTestData("Internal User List").getValue(2, Counter): null

2019-02-21 17:37:15 - [TEST_STEP][PASSED] - if (StrB.equals(StrA)): null

2019-02-21 17:37:15 - [TEST_STEP][PASSED] - (Counter++): null

2019-02-21 17:37:15 - [TEST_STEP][PASSED] - StrB = findTestData("Internal User List").getValue(2, Counter): null

2019-02-21 17:37:15 - [TEST_STEP][PASSED] - if (StrB.equals(StrA)): null

2019-02-21 17:37:15 - [TEST_STEP][PASSED] - (Counter++): null

2019-02-21 17:37:15 - [TEST_STEP][PASSED] - StrB = findTestData("Internal User List").getValue(2, Counter): null

2019-02-21 17:37:15 - [TEST_STEP][PASSED] - if (StrB.equals(StrA)): null

2019-02-21 17:37:15 - [TEST_STEP][PASSED] - (Counter++): null

2019-02-21 17:37:15 - [TEST_STEP][PASSED] - StrB = findTestData("Internal User List").getValue(2, Counter): null

2019-02-21 17:37:16 - [TEST_STEP][PASSED] - if (StrB.equals(StrA)): null

2019-02-21 17:37:16 - [TEST_STEP][PASSED] - (Counter++): null

2019-02-21 17:37:16 - [TEST_STEP][PASSED] - StrB = findTestData("Internal User List").getValue(2, Counter): null

2019-02-21 17:37:16 - [TEST_STEP][PASSED] - if (StrB.equals(StrA)): null

2019-02-21 17:37:16 - [TEST_STEP][PASSED] - (Counter++): null

2019-02-21 17:37:16 - [TEST_STEP][PASSED] - StrB = findTestData("Internal User List").getValue(2, Counter): null

2019-02-21 17:37:16 - [TEST_STEP][PASSED] - if (StrB.equals(StrA)): null

2019-02-21 17:37:16 - [TEST_STEP][PASSED] - (Counter++): null

2019-02-21 17:37:16 - [TEST_STEP][PASSED] - StrB = findTestData("Internal User List").getValue(2, Counter): null

2019-02-21 17:37:16 - [TEST_STEP][PASSED] - if (StrB.equals(StrA)): null

2019-02-21 17:37:16 - [TEST_STEP][PASSED] - (Counter++): null

2019-02-21 17:37:16 - [TEST_STEP][PASSED] - StrB = findTestData("Internal User List").getValue(2, Counter): null

2019-02-21 17:37:16 - [TEST_STEP][PASSED] - if (StrB.equals(StrA)): null

2019-02-21 17:37:16 - [TEST_STEP][PASSED] - (Counter++): null

2019-02-21 17:37:16 - [TEST_STEP][PASSED] - StrB = findTestData("Internal User List").getValue(2, Counter): null

2019-02-21 17:37:16 - [TEST_STEP][PASSED] - if (StrB.equals(StrA)): null

2019-02-21 17:37:16 - [TEST_STEP][PASSED] - (Counter++): null

2019-02-21 17:37:16 - [TEST_STEP][PASSED] - StrB = findTestData("Internal User List").getValue(2, Counter): null

2019-02-21 17:37:17 - [TEST_STEP][PASSED] - if (StrB.equals(StrA)): null

2019-02-21 17:37:17 - [TEST_STEP][PASSED] - (Counter++): null

2019-02-21 17:37:17 - [TEST_STEP][PASSED] - StrB = findTestData("Internal User List").getValue(2, Counter): null

2019-02-21 17:37:17 - [TEST_STEP][PASSED] - if (StrB.equals(StrA)): null

2019-02-21 17:37:17 - [TEST_STEP][PASSED] - (Counter++): null

2019-02-21 17:37:17 - [TEST_STEP][PASSED] - StrB = findTestData("Internal User List").getValue(2, Counter): null

2019-02-21 17:37:17 - [TEST_STEP][PASSED] - if (StrB.equals(StrA)): null

2019-02-21 17:37:17 - [TEST_STEP][PASSED] - (Counter++): null

2019-02-21 17:37:17 - [TEST_STEP][PASSED] - StrB = findTestData("Internal User List").getValue(2, Counter): null

2019-02-21 17:37:17 - [TEST_STEP][PASSED] - if (StrB.equals(StrA)): null

2019-02-21 17:37:17 - [TEST_STEP][PASSED] - (Counter++): null

2019-02-21 17:37:17 - [TEST_STEP][PASSED] - StrB = findTestData("Internal User List").getValue(2, Counter): null

2019-02-21 17:37:17 - [TEST_STEP][PASSED] - if (StrB.equals(StrA)): null

2019-02-21 17:37:17 - [TEST_STEP][PASSED] - (Counter++): null

2019-02-21 17:37:17 - [TEST_STEP][PASSED] - StrB = findTestData("Internal User List").getValue(2, Counter): null

2019-02-21 17:37:17 - [TEST_STEP][PASSED] - if (StrB.equals(StrA)): null

2019-02-21 17:37:17 - [TEST_STEP][PASSED] - (Counter++): null

2019-02-21 17:37:17 - [TEST_STEP][PASSED] - StrB = findTestData("Internal User List").getValue(2, Counter): null

2019-02-21 17:37:17 - [TEST_STEP][PASSED] - if (StrB.equals(StrA)): null

2019-02-21 17:37:17 - [TEST_STEP][PASSED] - (Counter++): null

2019-02-21 17:37:17 - [TEST_STEP][PASSED] - StrB = findTestData("Internal User List").getValue(2, Counter): null

2019-02-21 17:37:17 - [TEST_STEP][PASSED] - if (StrB.equals(StrA)): null

2019-02-21 17:37:17 - [TEST_STEP][PASSED] - (Counter++): null

2019-02-21 17:37:17 - [TEST_STEP][PASSED] - StrB = findTestData("Internal User List").getValue(2, Counter): null

2019-02-21 17:37:17 - [TEST_STEP][PASSED] - if (StrB.equals(StrA)): null

2019-02-21 17:37:17 - [TEST_STEP][PASSED] - (Counter++): null

2019-02-21 17:37:18 - [TEST_STEP][PASSED] - StrB = findTestData("Internal User List").getValue(2, Counter): null

2019-02-21 17:37:18 - [TEST_STEP][PASSED] - if (StrB.equals(StrA)): null

2019-02-21 17:37:18 - [TEST_STEP][PASSED] - (Counter++): null

2019-02-21 17:37:18 - [TEST_STEP][PASSED] - StrB = findTestData("Internal User List").getValue(2, Counter): null

2019-02-21 17:37:18 - [TEST_STEP][PASSED] - if (StrB.equals(StrA)): null

2019-02-21 17:37:18 - [TEST_STEP][PASSED] - (Counter++): null

2019-02-21 17:37:18 - [TEST_STEP][PASSED] - StrB = findTestData("Internal User List").getValue(2, Counter): null

2019-02-21 17:37:18 - [TEST_STEP][PASSED] - if (StrB.equals(StrA)): null

2019-02-21 17:37:18 - [TEST_STEP][PASSED] - (Counter++): null

2019-02-21 17:37:18 - [TEST_STEP][PASSED] - StrB = findTestData("Internal User List").getValue(2, Counter): null

2019-02-21 17:37:18 - [TEST_STEP][PASSED] - if (StrB.equals(StrA)): null

2019-02-21 17:37:18 - [TEST_STEP][PASSED] - (Counter++): null

2019-02-21 17:37:18 - [TEST_STEP][PASSED] - StrB = findTestData("Internal User List").getValue(2, Counter): null

2019-02-21 17:37:18 - [TEST_STEP][PASSED] - if (StrB.equals(StrA)): null

2019-02-21 17:37:18 - [TEST_STEP][PASSED] - (Counter++): null

2019-02-21 17:37:19 - [TEST_STEP][PASSED] - StrB = findTestData("Internal User List").getValue(2, Counter): null

2019-02-21 17:37:19 - [TEST_STEP][PASSED] - if (StrB.equals(StrA)): null

2019-02-21 17:37:19 - [TEST_STEP][PASSED] - (Counter++): null

2019-02-21 17:37:19 - [TEST_STEP][PASSED] - StrB = findTestData("Internal User List").getValue(2, Counter): null

2019-02-21 17:37:19 - [TEST_STEP][PASSED] - if (StrB.equals(StrA)): null

2019-02-21 17:37:19 - [TEST_STEP][PASSED] - (Counter++): null

2019-02-21 17:37:19 - [TEST_STEP][PASSED] - StrB = findTestData("Internal User List").getValue(2, Counter): null

2019-02-21 17:37:19 - [TEST_STEP][PASSED] - if (StrB.equals(StrA)): null

2019-02-21 17:37:19 - [TEST_STEP][PASSED] - (Counter++): null

2019-02-21 17:37:19 - [TEST_STEP][PASSED] - StrB = findTestData("Internal User List").getValue(2, Counter): null

2019-02-21 17:37:19 - [TEST_STEP][PASSED] - if (StrB.equals(StrA)): null

2019-02-21 17:37:19 - [TEST_STEP][PASSED] - (Counter++): null

2019-02-21 17:37:19 - [TEST_STEP][PASSED] - StrB = findTestData("Internal User List").getValue(2, Counter): null

2019-02-21 17:37:19 - [TEST_STEP][PASSED] - if (StrB.equals(StrA)): null

2019-02-21 17:37:19 - [TEST_STEP][PASSED] - (Counter++): null

2019-02-21 17:37:19 - [TEST_STEP][PASSED] - StrB = findTestData("Internal User List").getValue(2, Counter): null

2019-02-21 17:37:19 - [TEST_STEP][PASSED] - if (StrB.equals(StrA)): null

2019-02-21 17:37:19 - [TEST_STEP][PASSED] - (Counter++): null

2019-02-21 17:37:19 - [TEST_STEP][PASSED] - StrB = findTestData("Internal User List").getValue(2, Counter): null

2019-02-21 17:37:19 - [TEST_STEP][PASSED] - if (StrB.equals(StrA)): null

2019-02-21 17:37:20 - [TEST_STEP][PASSED] - (Counter++): null

2019-02-21 17:37:20 - [TEST_STEP][PASSED] - StrB = findTestData("Internal User List").getValue(2, Counter): null

2019-02-21 17:37:20 - [TEST_STEP][PASSED] - if (StrB.equals(StrA)): null

2019-02-21 17:37:20 - [TEST_STEP][PASSED] - (Counter++): null

2019-02-21 17:37:20 - [TEST_STEP][PASSED] - StrB = findTestData("Internal User List").getValue(2, Counter): null

2019-02-21 17:37:20 - [TEST_STEP][PASSED] - if (StrB.equals(StrA)): null

2019-02-21 17:37:20 - [TEST_STEP][PASSED] - (Counter++): null

2019-02-21 17:37:20 - [TEST_STEP][PASSED] - StrB = findTestData("Internal User List").getValue(2, Counter): null

2019-02-21 17:37:20 - [TEST_STEP][PASSED] - if (StrB.equals(StrA)): null

2019-02-21 17:37:20 - [TEST_STEP][PASSED] - (Counter++): null

2019-02-21 17:37:20 - [TEST_STEP][PASSED] - StrB = findTestData("Internal User List").getValue(2, Counter): null

2019-02-21 17:37:20 - [TEST_STEP][PASSED] - if (StrB.equals(StrA)): null

2019-02-21 17:37:20 - [TEST_STEP][PASSED] - (Counter++): null

2019-02-21 17:37:21 - [TEST_STEP][PASSED] - StrB = findTestData("Internal User List").getValue(2, Counter): null

2019-02-21 17:37:21 - [TEST_STEP][PASSED] - if (StrB.equals(StrA)): null

2019-02-21 17:37:21 - [TEST_STEP][PASSED] - (Counter++): null

2019-02-21 17:37:21 - [TEST_STEP][PASSED] - StrB = findTestData("Internal User List").getValue(2, Counter): null

2019-02-21 17:37:21 - [TEST_STEP][PASSED] - if (StrB.equals(StrA)): null

2019-02-21 17:37:21 - [TEST_STEP][PASSED] - (Counter++): null

2019-02-21 17:37:21 - [TEST_STEP][PASSED] - StrB = findTestData("Internal User List").getValue(2, Counter): null

2019-02-21 17:37:21 - [TEST_STEP][PASSED] - if (StrB.equals(StrA)): null

2019-02-21 17:37:21 - [TEST_STEP][PASSED] - (Counter++): null

2019-02-21 17:37:21 - [TEST_STEP][PASSED] - StrB = findTestData("Internal User List").getValue(2, Counter): null

2019-02-21 17:37:21 - [TEST_STEP][PASSED] - if (StrB.equals(StrA)): null

2019-02-21 17:37:21 - [TEST_STEP][PASSED] - (Counter++): null

2019-02-21 17:37:21 - [TEST_STEP][PASSED] - StrB = findTestData("Internal User List").getValue(2, Counter): null

2019-02-21 17:37:21 - [TEST_STEP][PASSED] - if (StrB.equals(StrA)): null

2019-02-21 17:37:21 - [TEST_STEP][PASSED] - (Counter++): null

2019-02-21 17:37:21 - [TEST_STEP][PASSED] - StrB = findTestData("Internal User List").getValue(2, Counter): null

2019-02-21 17:37:21 - [TEST_STEP][PASSED] - if (StrB.equals(StrA)): null

2019-02-21 17:37:21 - [TEST_STEP][PASSED] - (Counter++): null

2019-02-21 17:37:22 - [TEST_STEP][PASSED] - StrB = findTestData("Internal User List").getValue(2, Counter): null

2019-02-21 17:37:22 - [TEST_STEP][PASSED] - if (StrB.equals(StrA)): null

2019-02-21 17:37:22 - [TEST_STEP][PASSED] - (Counter++): null

2019-02-21 17:37:22 - [TEST_STEP][PASSED] - StrB = findTestData("Internal User List").getValue(2, Counter): null

2019-02-21 17:37:22 - [TEST_STEP][PASSED] - if (StrB.equals(StrA)): null

2019-02-21 17:37:22 - [TEST_STEP][PASSED] - (Counter++): null

2019-02-21 17:37:22 - [TEST_STEP][PASSED] - StrB = findTestData("Internal User List").getValue(2, Counter): null

2019-02-21 17:37:22 - [TEST_STEP][PASSED] - if (StrB.equals(StrA)): null

2019-02-21 17:37:22 - [TEST_STEP][PASSED] - (Counter++): null

2019-02-21 17:37:22 - [TEST_STEP][PASSED] - StrB = findTestData("Internal User List").getValue(2, Counter): null

2019-02-21 17:37:22 - [TEST_STEP][PASSED] - if (StrB.equals(StrA)): null

2019-02-21 17:37:22 - [TEST_STEP][PASSED] - (Counter++): null

2019-02-21 17:37:22 - [TEST_STEP][PASSED] - StrB = findTestData("Internal User List").getValue(2, Counter): null

2019-02-21 17:37:22 - [TEST_STEP][PASSED] - if (StrB.equals(StrA)): null

2019-02-21 17:37:22 - [TEST_STEP][PASSED] - (Counter++): null

2019-02-21 17:37:22 - [TEST_STEP][PASSED] - StrB = findTestData("Internal User List").getValue(2, Counter): null

2019-02-21 17:37:22 - [TEST_STEP][PASSED] - if (StrB.equals(StrA)): null

2019-02-21 17:37:22 - [TEST_STEP][PASSED] - (Counter++): null

2019-02-21 17:37:22 - [TEST_STEP][PASSED] - StrB = findTestData("Internal User List").getValue(2, Counter): null

2019-02-21 17:37:22 - [TEST_STEP][PASSED] - if (StrB.equals(StrA)): null

2019-02-21 17:37:23 - [TEST_STEP][PASSED] - (Counter++): null

2019-02-21 17:37:23 - [TEST_STEP][PASSED] - StrB = findTestData("Internal User List").getValue(2, Counter): null

2019-02-21 17:37:23 - [TEST_STEP][PASSED] - if (StrB.equals(StrA)): null

2019-02-21 17:37:23 - [TEST_STEP][PASSED] - (Counter++): null

2019-02-21 17:37:23 - [TEST_STEP][PASSED] - StrB = findTestData("Internal User List").getValue(2, Counter): null

2019-02-21 17:37:23 - [TEST_STEP][PASSED] - if (StrB.equals(StrA)): null

2019-02-21 17:37:23 - [TEST_STEP][PASSED] - (Counter++): null

2019-02-21 17:37:23 - [TEST_STEP][PASSED] - StrB = findTestData("Internal User List").getValue(2, Counter): null

2019-02-21 17:37:23 - [TEST_STEP][PASSED] - if (StrB.equals(StrA)): null

2019-02-21 17:37:23 - [TEST_STEP][PASSED] - (Counter++): null

2019-02-21 17:37:23 - [TEST_STEP][PASSED] - StrB = findTestData("Internal User List").getValue(2, Counter): null

2019-02-21 17:37:24 - [TEST_STEP][PASSED] - if (StrB.equals(StrA)): null

2019-02-21 17:37:24 - [TEST_STEP][PASSED] - (Counter++): null

2019-02-21 17:37:24 - [TEST_STEP][PASSED] - StrB = findTestData("Internal User List").getValue(2, Counter): null

2019-02-21 17:37:24 - [TEST_STEP][PASSED] - if (StrB.equals(StrA)): null

2019-02-21 17:37:24 - [TEST_STEP][PASSED] - (Counter++): null

2019-02-21 17:37:24 - [TEST_STEP][PASSED] - StrB = findTestData("Internal User List").getValue(2, Counter): null

2019-02-21 17:37:24 - [TEST_STEP][PASSED] - if (StrB.equals(StrA)): null

2019-02-21 17:37:24 - [TEST_STEP][PASSED] - (Counter++): null

2019-02-21 17:37:24 - [TEST_STEP][PASSED] - StrB = findTestData("Internal User List").getValue(2, Counter): null

2019-02-21 17:37:24 - [TEST_STEP][PASSED] - if (StrB.equals(StrA)): null

2019-02-21 17:37:24 - [TEST_STEP][PASSED] - (Counter++): null

2019-02-21 17:37:24 - [TEST_STEP][PASSED] - StrB = findTestData("Internal User List").getValue(2, Counter): null

2019-02-21 17:37:24 - [TEST_STEP][PASSED] - if (StrB.equals(StrA)): null

2019-02-21 17:37:24 - [TEST_STEP][PASSED] - (Counter++): null

2019-02-21 17:37:24 - [TEST_STEP][PASSED] - StrB = findTestData("Internal User List").getValue(2, Counter): null

2019-02-21 17:37:24 - [TEST_STEP][PASSED] - if (StrB.equals(StrA)): null

2019-02-21 17:37:24 - [TEST_STEP][PASSED] - (Counter++): null

2019-02-21 17:37:24 - [TEST_STEP][PASSED] - StrB = findTestData("Internal User List").getValue(2, Counter): null

2019-02-21 17:37:24 - [TEST_STEP][PASSED] - if (StrB.equals(StrA)): null

2019-02-21 17:37:24 - [TEST_STEP][PASSED] - (Counter++): null

2019-02-21 17:37:25 - [TEST_STEP][PASSED] - StrB = findTestData("Internal User List").getValue(2, Counter): null

2019-02-21 17:37:25 - [TEST_STEP][PASSED] - if (StrB.equals(StrA)): null

2019-02-21 17:37:25 - [TEST_STEP][PASSED] - (Counter++): null

2019-02-21 17:37:25 - [TEST_STEP][PASSED] - StrB = findTestData("Internal User List").getValue(2, Counter): null

2019-02-21 17:37:25 - [TEST_STEP][PASSED] - if (StrB.equals(StrA)): null

2019-02-21 17:37:25 - [TEST_STEP][PASSED] - (Counter++): null

2019-02-21 17:37:25 - [TEST_STEP][PASSED] - StrB = findTestData("Internal User List").getValue(2, Counter): null

2019-02-21 17:37:25 - [TEST_STEP][PASSED] - if (StrB.equals(StrA)): null

2019-02-21 17:37:25 - [TEST_STEP][PASSED] - (Counter++): null

2019-02-21 17:37:25 - [TEST_STEP][PASSED] - StrB = findTestData("Internal User List").getValue(2, Counter): null

2019-02-21 17:37:25 - [TEST_STEP][PASSED] - if (StrB.equals(StrA)): null

2019-02-21 17:37:25 - [TEST_STEP][PASSED] - (Counter++): null

2019-02-21 17:37:25 - [TEST_STEP][PASSED] - StrB = findTestData("Internal User List").getValue(2, Counter): null

2019-02-21 17:37:25 - [TEST_STEP][PASSED] - if (StrB.equals(StrA)): null

2019-02-21 17:37:25 - [TEST_STEP][PASSED] - (Counter++): null

2019-02-21 17:37:25 - [TEST_STEP][PASSED] - StrB = findTestData("Internal User List").getValue(2, Counter): null

2019-02-21 17:37:25 - [TEST_STEP][PASSED] - if (StrB.equals(StrA)): null

2019-02-21 17:37:25 - [TEST_STEP][PASSED] - (Counter++): null

2019-02-21 17:37:25 - [TEST_STEP][PASSED] - StrB = findTestData("Internal User List").getValue(2, Counter): null

2019-02-21 17:37:25 - [TEST_STEP][PASSED] - if (StrB.equals(StrA)): null

2019-02-21 17:37:26 - [TEST_STEP][PASSED] - (Counter++): null

2019-02-21 17:37:26 - [TEST_STEP][PASSED] - StrB = findTestData("Internal User List").getValue(2, Counter): null

2019-02-21 17:37:26 - [TEST_STEP][PASSED] - if (StrB.equals(StrA)): null

2019-02-21 17:37:26 - [TEST_STEP][PASSED] - (Counter++): null

2019-02-21 17:37:26 - [TEST_STEP][PASSED] - StrB = findTestData("Internal User List").getValue(2, Counter): null

2019-02-21 17:37:26 - [TEST_STEP][PASSED] - if (StrB.equals(StrA)): null

2019-02-21 17:37:26 - [TEST_STEP][PASSED] - (Counter++): null

2019-02-21 17:37:26 - [TEST_STEP][PASSED] - StrB = findTestData("Internal User List").getValue(2, Counter): null

2019-02-21 17:37:26 - [TEST_STEP][PASSED] - if (StrB.equals(StrA)): null

2019-02-21 17:37:26 - [TEST_STEP][PASSED] - (Counter++): null

2019-02-21 17:37:26 - [TEST_STEP][PASSED] - StrB = findTestData("Internal User List").getValue(2, Counter): null

2019-02-21 17:37:27 - [TEST_STEP][PASSED] - if (StrB.equals(StrA)): null

2019-02-21 17:37:27 - [TEST_STEP][PASSED] - (Counter++): null

2019-02-21 17:37:27 - [TEST_STEP][PASSED] - StrB = findTestData("Internal User List").getValue(2, Counter): null

2019-02-21 17:37:27 - [TEST_STEP][PASSED] - if (StrB.equals(StrA)): null

2019-02-21 17:37:27 - [TEST_STEP][PASSED] - (Counter++): null

2019-02-21 17:37:27 - [TEST_STEP][PASSED] - StrB = findTestData("Internal User List").getValue(2, Counter): null

2019-02-21 17:37:27 - [TEST_STEP][PASSED] - if (StrB.equals(StrA)): null

2019-02-21 17:37:27 - [TEST_STEP][PASSED] - (Counter++): null

2019-02-21 17:37:27 - [TEST_STEP][PASSED] - StrB = findTestData("Internal User List").getValue(2, Counter): null

2019-02-21 17:37:27 - [TEST_STEP][PASSED] - if (StrB.equals(StrA)): null

2019-02-21 17:37:27 - [TEST_STEP][PASSED] - (Counter++): null

2019-02-21 17:37:27 - [TEST_STEP][PASSED] - StrB = findTestData("Internal User List").getValue(2, Counter): null

2019-02-21 17:37:27 - [TEST_STEP][PASSED] - if (StrB.equals(StrA)): null

2019-02-21 17:37:27 - [TEST_STEP][PASSED] - (Counter++): null

2019-02-21 17:37:27 - [TEST_STEP][PASSED] - StrB = findTestData("Internal User List").getValue(2, Counter): null

2019-02-21 17:37:27 - [TEST_STEP][PASSED] - if (StrB.equals(StrA)): null

2019-02-21 17:37:27 - [TEST_STEP][PASSED] - (Counter++): null

2019-02-21 17:37:27 - [TEST_STEP][PASSED] - StrB = findTestData("Internal User List").getValue(2, Counter): null

2019-02-21 17:37:27 - [TEST_STEP][PASSED] - if (StrB.equals(StrA)): null

2019-02-21 17:37:27 - [TEST_STEP][PASSED] - (Counter++): null

2019-02-21 17:37:28 - [TEST_STEP][PASSED] - StrB = findTestData("Internal User List").getValue(2, Counter): null

2019-02-21 17:37:28 - [TEST_STEP][PASSED] - if (StrB.equals(StrA)): null

2019-02-21 17:37:28 - [TEST_STEP][PASSED] - (Counter++): null

2019-02-21 17:37:28 - [TEST_STEP][PASSED] - StrB = findTestData("Internal User List").getValue(2, Counter): null

2019-02-21 17:37:28 - [TEST_STEP][PASSED] - if (StrB.equals(StrA)): null

2019-02-21 17:37:28 - [TEST_STEP][PASSED] - (Counter++): null

2019-02-21 17:37:28 - [TEST_STEP][PASSED] - StrB = findTestData("Internal User List").getValue(2, Counter): null

2019-02-21 17:37:28 - [TEST_STEP][PASSED] - if (StrB.equals(StrA)): null

2019-02-21 17:37:28 - [TEST_STEP][PASSED] - (Counter++): null

2019-02-21 17:37:28 - [TEST_STEP][PASSED] - StrB = findTestData("Internal User List").getValue(2, Counter): null

2019-02-21 17:37:28 - [TEST_STEP][PASSED] - if (StrB.equals(StrA)): null

2019-02-21 17:37:28 - [TEST_STEP][PASSED] - (Counter++): null

2019-02-21 17:37:28 - [TEST_STEP][PASSED] - StrB = findTestData("Internal User List").getValue(2, Counter): null

2019-02-21 17:37:28 - [TEST_STEP][PASSED] - if (StrB.equals(StrA)): null

2019-02-21 17:37:28 - [TEST_STEP][PASSED] - (Counter++): null

2019-02-21 17:37:28 - [TEST_STEP][PASSED] - StrB = findTestData("Internal User List").getValue(2, Counter): null

2019-02-21 17:37:28 - [TEST_STEP][PASSED] - if (StrB.equals(StrA)): null

2019-02-21 17:37:28 - [TEST_STEP][PASSED] - (Counter++): null

2019-02-21 17:37:29 - [TEST_STEP][PASSED] - StrB = findTestData("Internal User List").getValue(2, Counter): null

2019-02-21 17:37:29 - [TEST_STEP][PASSED] - if (StrB.equals(StrA)): null

2019-02-21 17:37:29 - [TEST_STEP][PASSED] - (Counter++): null

2019-02-21 17:37:29 - [TEST_STEP][PASSED] - StrB = findTestData("Internal User List").getValue(2, Counter): null

2019-02-21 17:37:29 - [TEST_STEP][PASSED] - if (StrB.equals(StrA)): null

2019-02-21 17:37:29 - [TEST_STEP][PASSED] - (Counter++): null

2019-02-21 17:37:29 - [TEST_STEP][PASSED] - StrB = findTestData("Internal User List").getValue(2, Counter): null

2019-02-21 17:37:29 - [TEST_STEP][PASSED] - if (StrB.equals(StrA)): null

2019-02-21 17:37:29 - [TEST_STEP][PASSED] - (Counter++): null

2019-02-21 17:37:29 - [TEST_STEP][PASSED] - StrB = findTestData("Internal User List").getValue(2, Counter): null

2019-02-21 17:37:29 - [TEST_STEP][PASSED] - if (StrB.equals(StrA)): null

2019-02-21 17:37:29 - [TEST_STEP][PASSED] - (Counter++): null

2019-02-21 17:37:29 - [TEST_STEP][PASSED] - StrB = findTestData("Internal User List").getValue(2, Counter): null

2019-02-21 17:37:30 - [TEST_STEP][PASSED] - if (StrB.equals(StrA)): null

2019-02-21 17:37:30 - [TEST_STEP][PASSED] - (Counter++): null

2019-02-21 17:37:30 - [TEST_STEP][PASSED] - StrB = findTestData("Internal User List").getValue(2, Counter): null

2019-02-21 17:37:30 - [TEST_STEP][PASSED] - if (StrB.equals(StrA)): null

2019-02-21 17:37:30 - [TEST_STEP][PASSED] - (Counter++): null

2019-02-21 17:37:30 - [TEST_STEP][PASSED] - StrB = findTestData("Internal User List").getValue(2, Counter): null

2019-02-21 17:37:30 - [TEST_STEP][PASSED] - if (StrB.equals(StrA)): null

2019-02-21 17:37:30 - [TEST_STEP][PASSED] - (Counter++): null

2019-02-21 17:37:30 - [TEST_STEP][PASSED] - StrB = findTestData("Internal User List").getValue(2, Counter): null

2019-02-21 17:37:30 - [TEST_STEP][PASSED] - if (StrB.equals(StrA)): null

2019-02-21 17:37:30 - [TEST_STEP][PASSED] - (Counter++): null

2019-02-21 17:37:30 - [TEST_STEP][PASSED] - StrB = findTestData("Internal User List").getValue(2, Counter): null

2019-02-21 17:37:30 - [TEST_STEP][PASSED] - if (StrB.equals(StrA)): null

2019-02-21 17:37:30 - [TEST_STEP][PASSED] - (Counter++): null

2019-02-21 17:37:30 - [TEST_STEP][PASSED] - StrB = findTestData("Internal User List").getValue(2, Counter): null

2019-02-21 17:37:30 - [TEST_STEP][PASSED] - if (StrB.equals(StrA)): null

2019-02-21 17:37:30 - [TEST_STEP][PASSED] - (Counter++): null

2019-02-21 17:37:30 - [TEST_STEP][PASSED] - StrB = findTestData("Internal User List").getValue(2, Counter): null

2019-02-21 17:37:30 - [TEST_STEP][PASSED] - if (StrB.equals(StrA)): null

2019-02-21 17:37:30 - [TEST_STEP][PASSED] - (Counter++): null

2019-02-21 17:37:31 - [TEST_STEP][PASSED] - StrB = findTestData("Internal User List").getValue(2, Counter): null

2019-02-21 17:37:31 - [TEST_STEP][PASSED] - if (StrB.equals(StrA)): null

2019-02-21 17:37:31 - [TEST_STEP][PASSED] - (Counter++): null

2019-02-21 17:37:31 - [TEST_STEP][PASSED] - StrB = findTestData("Internal User List").getValue(2, Counter): null

2019-02-21 17:37:31 - [TEST_STEP][PASSED] - if (StrB.equals(StrA)): null

2019-02-21 17:37:31 - [TEST_STEP][PASSED] - (Counter++): null

2019-02-21 17:37:31 - [TEST_STEP][PASSED] - StrB = findTestData("Internal User List").getValue(2, Counter): null

2019-02-21 17:37:31 - [TEST_STEP][PASSED] - if (StrB.equals(StrA)): null

2019-02-21 17:37:31 - [TEST_STEP][PASSED] - (Counter++): null

2019-02-21 17:37:31 - [TEST_STEP][PASSED] - StrB = findTestData("Internal User List").getValue(2, Counter): null

2019-02-21 17:37:31 - [TEST_STEP][PASSED] - if (StrB.equals(StrA)): null

2019-02-21 17:37:31 - [TEST_STEP][PASSED] - (Counter++): null

2019-02-21 17:37:31 - [TEST_STEP][PASSED] - StrB = findTestData("Internal User List").getValue(2, Counter): null

2019-02-21 17:37:31 - [TEST_STEP][PASSED] - if (StrB.equals(StrA)): null

2019-02-21 17:37:31 - [TEST_STEP][PASSED] - (Counter++): null

2019-02-21 17:37:31 - [TEST_STEP][PASSED] - StrB = findTestData("Internal User List").getValue(2, Counter): null

2019-02-21 17:37:32 - [TEST_STEP][PASSED] - if (StrB.equals(StrA)): null

2019-02-21 17:37:32 - [TEST_STEP][PASSED] - (Counter++): null

2019-02-21 17:37:32 - [TEST_STEP][PASSED] - StrB = findTestData("Internal User List").getValue(2, Counter): null

2019-02-21 17:37:32 - [TEST_STEP][PASSED] - if (StrB.equals(StrA)): null

2019-02-21 17:37:32 - [TEST_STEP][PASSED] - (Counter++): null

2019-02-21 17:37:32 - [TEST_STEP][PASSED] - StrB = findTestData("Internal User List").getValue(2, Counter): null

2019-02-21 17:37:32 - [TEST_STEP][PASSED] - if (StrB.equals(StrA)): null

2019-02-21 17:37:32 - [TEST_STEP][PASSED] - (Counter++): null

2019-02-21 17:37:32 - [TEST_STEP][PASSED] - StrB = findTestData("Internal User List").getValue(2, Counter): null

2019-02-21 17:37:32 - [TEST_STEP][PASSED] - if (StrB.equals(StrA)): null

2019-02-21 17:37:32 - [TEST_STEP][PASSED] - (Counter++): null

2019-02-21 17:37:32 - [TEST_STEP][PASSED] - StrB = findTestData("Internal User List").getValue(2, Counter): null

2019-02-21 17:37:32 - [TEST_STEP][PASSED] - if (StrB.equals(StrA)): null

2019-02-21 17:37:32 - [TEST_STEP][PASSED] - (Counter++): null

2019-02-21 17:37:32 - [TEST_STEP][PASSED] - StrB = findTestData("Internal User List").getValue(2, Counter): null

2019-02-21 17:37:33 - [TEST_STEP][PASSED] - if (StrB.equals(StrA)): null

2019-02-21 17:37:33 - [TEST_STEP][PASSED] - (Counter++): null

2019-02-21 17:37:33 - [TEST_STEP][PASSED] - StrB = findTestData("Internal User List").getValue(2, Counter): null

2019-02-21 17:37:33 - [TEST_STEP][PASSED] - if (StrB.equals(StrA)): null

2019-02-21 17:37:33 - [TEST_STEP][PASSED] - (Counter++): null

2019-02-21 17:37:33 - [TEST_STEP][PASSED] - StrB = findTestData("Internal User List").getValue(2, Counter): null

2019-02-21 17:37:33 - [TEST_STEP][PASSED] - if (StrB.equals(StrA)): null

2019-02-21 17:37:33 - [TEST_STEP][PASSED] - StrEmail = findTestData("Internal User List").getValue(1, Counter): null

2019-02-21 17:37:33 - [TEST_STEP][PASSED] - InternalEmail = StrEmail: null

2019-02-21 17:37:33 - [TEST_STEP][PASSED] - out.println(StrEmail): null

2019-02-21 17:37:33 - [TEST_STEP][PASSED] - (Counter++): null

2019-02-21 17:37:33 - [MESSAGE][PASSED] - Call Test Case 'Test Cases/All TC/Arranged/1. Common/Internal Email Finder' successfully

2019-02-21 17:37:33 - [TEST_STEP][PASSED] - setText(findTestObject("KinJun/3.0 JSA Application/EIO Internal Login - JSA Application - Reject/Page_PERKESO/Input Username"), InternalEmail): Text 'jheio5@perkeso.gov.my' is set on object 'Object Repository/KinJun/3.0 JSA Application/EIO Internal Login - JSA Application - Reject/Page_PERKESO/Input Username'

2019-02-21 17:37:34 - [MESSAGE][PASSED] - Text 'jheio5@perkeso.gov.my' is set on object 'Object Repository/KinJun/3.0 JSA Application/EIO Internal Login - JSA Application - Reject/Page_PERKESO/Input Username'

2019-02-21 17:37:34 - [TEST_STEP][PASSED] - setEncryptedText(findTestObject("KinJun/3.0 JSA Application/EIO Internal Login - JSA Application - Reject/Page_PERKESO/Input Password"), "CQqwFZlbeC8="): Text ****** has been set on object 'Object Repository/KinJun/3.0 JSA Application/EIO Internal Login - JSA Application - Reject/Page_PERKESO/Input Password'

2019-02-21 17:37:34 - [MESSAGE][PASSED] - Text ****** has been set on object 'Object Repository/KinJun/3.0 JSA Application/EIO Internal Login - JSA Application - Reject/Page_PERKESO/Input Password'

2019-02-21 17:37:34 - [TEST_STEP][PASSED] - click(findTestObject("KinJun/3.0 JSA Application/EIO Internal Login - JSA Application - Reject/Page_PERKESO/Btn Login")): Object: 'Object Repository/KinJun/3.0 JSA Application/EIO Internal Login - JSA Application - Reject/Page_PERKESO/Btn Login' is clicked on

2019-02-21 17:37:35 - [MESSAGE][PASSED] - Object: 'Object Repository/KinJun/3.0 JSA Application/EIO Internal Login - JSA Application - Reject/Page_PERKESO/Btn Login' is clicked on

2019-02-21 17:37:35 - [TEST_STEP][PASSED] - delay(3): Delayed 3 second(s)

2019-02-21 17:37:38 - [MESSAGE][PASSED] - Delayed 3 second(s)

2019-02-21 17:37:38 - [TEST_STEP][PASSED] - click(findTestObject("KinJun/3.0 JSA Application/EIO Internal Login - JSA Application - Reject/Page_PERKESO/Click workbasket")): Object: 'Object Repository/KinJun/3.0 JSA Application/EIO Internal Login - JSA Application - Reject/Page_PERKESO/Click workbasket' is clicked on

2019-02-21 17:37:39 - [MESSAGE][PASSED] - Object: 'Object Repository/KinJun/3.0 JSA Application/EIO Internal Login - JSA Application - Reject/Page_PERKESO/Click workbasket' is clicked on

2019-02-21 17:37:39 - [TEST_STEP][PASSED] - delay(3): Delayed 3 second(s)

2019-02-21 17:37:42 - [MESSAGE][PASSED] - Delayed 3 second(s)

2019-02-21 17:37:42 - [TEST_STEP][PASSED] - click(findTestObject("KinJun/3.0 JSA Application/EIO Internal Login - JSA Application - Reject/Page_PERKESO/Click Search Case")): Object: 'Object Repository/KinJun/3.0 JSA Application/EIO Internal Login - JSA Application - Reject/Page_PERKESO/Click Search Case' is clicked on

2019-02-21 17:37:42 - [MESSAGE][PASSED] - Object: 'Object Repository/KinJun/3.0 JSA Application/EIO Internal Login - JSA Application - Reject/Page_PERKESO/Click Search Case' is clicked on

2019-02-21 17:37:42 - [TEST_STEP][PASSED] - callTestCase(findTestCase("All TC/Arranged/1. Common/1.1 Getter/Getter IC"), [:], STOP_ON_FAILURE): Call Test Case 'Test Cases/All TC/Arranged/1. Common/1.1 Getter/Getter IC' successfully

2019-02-21 17:37:42 - [TEST_CASE][PASSED] - Test Cases/All TC/Arranged/1. Common/1.1 Getter/Getter IC: Test Cases/All TC/Arranged/1. Common/1.1 Getter/Getter IC

2019-02-21 17:37:42 - [TEST_STEP][PASSED] - try: null

2019-02-21 17:37:42 - [TEST_STEP][PASSED] - RefNo = new java.io.File((internal.GlobalVariable.TextFilePathCommon + \getIC.txt)): null

2019-02-21 17:37:42 - [TEST_STEP][PASSED] - bufferread = new java.io.BufferedReader(new java.io.FileReader(RefNo)): null

2019-02-21 17:37:42 - [TEST_STEP][PASSED] - readedVal = bufferread.readLine(): null

2019-02-21 17:37:42 - [TEST_STEP][PASSED] - out.println(IC): null

2019-02-21 17:37:42 - [TEST_STEP][PASSED] - out.println(readedVal): null

2019-02-21 17:37:42 - [TEST_STEP][PASSED] - IC = "": null

2019-02-21 17:37:42 - [TEST_STEP][PASSED] - IC = readedVal: null

2019-02-21 17:37:42 - [MESSAGE][PASSED] - Call Test Case 'Test Cases/All TC/Arranged/1. Common/1.1 Getter/Getter IC' successfully

2019-02-21 17:37:42 - [TEST_STEP][PASSED] - setText(findTestObject("KinJun/3.0 JSA Application/EIO Internal Login - JSA Application - Reject/Page_PERKESO/Input IC"), IC): Text '811124125577' is set on object 'Object Repository/KinJun/3.0 JSA Application/EIO Internal Login - JSA Application - Reject/Page_PERKESO/Input IC'

2019-02-21 17:37:43 - [MESSAGE][PASSED] - Text '811124125577' is set on object 'Object Repository/KinJun/3.0 JSA Application/EIO Internal Login - JSA Application - Reject/Page_PERKESO/Input IC'

2019-02-21 17:37:43 - [TEST_STEP][PASSED] - click(findTestObject("KinJun/3.0 JSA Application/EIO Internal Login - JSA Application - Reject/Page_PERKESO/Btn SearchIC")): Object: 'Object Repository/KinJun/3.0 JSA Application/EIO Internal Login - JSA Application - Reject/Page_PERKESO/Btn SearchIC' is clicked on

2019-02-21 17:37:43 - [MESSAGE][PASSED] - Object: 'Object Repository/KinJun/3.0 JSA Application/EIO Internal Login - JSA Application - Reject/Page_PERKESO/Btn SearchIC' is clicked on

2019-02-21 17:37:43 - [TEST_STEP][PASSED] - delay(3): Delayed 3 second(s)

2019-02-21 17:37:46 - [MESSAGE][PASSED] - Delayed 3 second(s)

2019-02-21 17:37:46 - [TEST_STEP][PASSED] - click(findTestObject("KinJun/3.0 JSA Application/EIO Internal Login - JSA Application - Reject/Page_PERKESO/Click CaseID")): Object: 'Object Repository/KinJun/3.0 JSA Application/EIO Internal Login - JSA Application - Reject/Page_PERKESO/Click CaseID' is clicked on

2019-02-21 17:37:47 - [MESSAGE][PASSED] - Object: 'Object Repository/KinJun/3.0 JSA Application/EIO Internal Login - JSA Application - Reject/Page_PERKESO/Click CaseID' is clicked on

2019-02-21 17:37:47 - [TEST_STEP][PASSED] - delay(3): Delayed 3 second(s)

2019-02-21 17:37:50 - [MESSAGE][PASSED] - Delayed 3 second(s)

2019-02-21 17:37:50 - [TEST_STEP][PASSED] - acceptAlert(): Alert accepted

2019-02-21 17:37:50 - [MESSAGE][PASSED] - Alert accepted

2019-02-21 17:37:50 - [TEST_STEP][PASSED] - delay(3): Delayed 3 second(s)

2019-02-21 17:37:53 - [MESSAGE][PASSED] - Delayed 3 second(s)

2019-02-21 17:37:53 - [TEST_STEP][PASSED] - click(findTestObject("KinJun/3.0 JSA Application/EIO Internal Login - JSA Application - Reject/Page_PERKESO/Click EIO minute")): Object: 'Object Repository/KinJun/3.0 JSA Application/EIO Internal Login - JSA Application - Reject/Page_PERKESO/Click EIO minute' is clicked on

2019-02-21 17:37:53 - [MESSAGE][PASSED] - Object: 'Object Repository/KinJun/3.0 JSA Application/EIO Internal Login - JSA Application - Reject/Page_PERKESO/Click EIO minute' is clicked on

2019-02-21 17:37:53 - [TEST_STEP][PASSED] - delay(3): Delayed 3 second(s)

2019-02-21 17:37:56 - [MESSAGE][PASSED] - Delayed 3 second(s)

2019-02-21 17:37:56 - [TEST_STEP][PASSED] - setText(findTestObject("KinJun/3.0 JSA Application/EIO Internal Login - JSA Application - Reject/Page_PERKESO/Input Salary"), "4000"): Text '4000' is set on object 'Object Repository/KinJun/3.0 JSA Application/EIO Internal Login - JSA Application - Reject/Page_PERKESO/Input Salary'

2019-02-21 17:37:56 - [MESSAGE][PASSED] - Text '4000' is set on object 'Object Repository/KinJun/3.0 JSA Application/EIO Internal Login - JSA Application - Reject/Page_PERKESO/Input Salary'

2019-02-21 17:37:56 - [TEST_STEP][PASSED] - delay(3): Delayed 3 second(s)

2019-02-21 17:37:59 - [MESSAGE][PASSED] - Delayed 3 second(s)

2019-02-21 17:37:59 - [TEST_STEP][PASSED] - click(findTestObject("KinJun/3.0 JSA Application/EIO Internal Login - JSA Application - Reject/Page_PERKESO/Span benefits type")): Object: 'Object Repository/KinJun/3.0 JSA Application/EIO Internal Login - JSA Application - Reject/Page_PERKESO/Span benefits type' is clicked on

2019-02-21 17:37:59 - [MESSAGE][PASSED] - Object: 'Object Repository/KinJun/3.0 JSA Application/EIO Internal Login - JSA Application - Reject/Page_PERKESO/Span benefits type' is clicked on

2019-02-21 17:37:59 - [TEST_STEP][PASSED] - click(findTestObject("KinJun/3.0 JSA Application/EIO Internal Login - JSA Application - Reject/Page_PERKESO/DD benefits type")): Object: 'Object Repository/KinJun/3.0 JSA Application/EIO Internal Login - JSA Application - Reject/Page_PERKESO/DD benefits type' is clicked on

2019-02-21 17:38:00 - [MESSAGE][PASSED] - Object: 'Object Repository/KinJun/3.0 JSA Application/EIO Internal Login - JSA Application - Reject/Page_PERKESO/DD benefits type' is clicked on

2019-02-21 17:38:00 - [TEST_STEP][PASSED] - click(findTestObject("KinJun/3.0 JSA Application/EIO Internal Login - JSA Application - Reject/Page_PERKESO/Span LOE")): Object: 'Object Repository/KinJun/3.0 JSA Application/EIO Internal Login - JSA Application - Reject/Page_PERKESO/Span LOE' is clicked on

2019-02-21 17:38:00 - [MESSAGE][PASSED] - Object: 'Object Repository/KinJun/3.0 JSA Application/EIO Internal Login - JSA Application - Reject/Page_PERKESO/Span LOE' is clicked on

2019-02-21 17:38:00 - [TEST_STEP][PASSED] - click(findTestObject("KinJun/3.0 JSA Application/EIO Internal Login - JSA Application - Reject/Page_PERKESO/DD Loe")): Object: 'Object Repository/KinJun/3.0 JSA Application/EIO Internal Login - JSA Application - Reject/Page_PERKESO/DD Loe' is clicked on

2019-02-21 17:38:00 - [MESSAGE][PASSED] - Object: 'Object Repository/KinJun/3.0 JSA Application/EIO Internal Login - JSA Application - Reject/Page_PERKESO/DD Loe' is clicked on

2019-02-21 17:38:00 - [TEST_STEP][PASSED] - setText(findTestObject("KinJun/3.0 JSA Application/EIO Internal Login - JSA Application - Reject/Page_PERKESO/Remarks"), "okay"): Text 'okay' is set on object 'Object Repository/KinJun/3.0 JSA Application/EIO Internal Login - JSA Application - Reject/Page_PERKESO/Remarks'

2019-02-21 17:38:00 - [MESSAGE][PASSED] - Text 'okay' is set on object 'Object Repository/KinJun/3.0 JSA Application/EIO Internal Login - JSA Application - Reject/Page_PERKESO/Remarks'

2019-02-21 17:38:00 - [TEST_STEP][PASSED] - click(findTestObject("KinJun/3.0 JSA Application/EIO Internal Login - JSA Application - Reject/Page_PERKESO/Btn Update")): Object: 'Object Repository/KinJun/3.0 JSA Application/EIO Internal Login - JSA Application - Reject/Page_PERKESO/Btn Update' is clicked on

2019-02-21 17:38:00 - [MESSAGE][PASSED] - Object: 'Object Repository/KinJun/3.0 JSA Application/EIO Internal Login - JSA Application - Reject/Page_PERKESO/Btn Update' is clicked on

2019-02-21 17:38:00 - [TEST_STEP][PASSED] - delay(3): Delayed 3 second(s)

2019-02-21 17:38:03 - [MESSAGE][PASSED] - Delayed 3 second(s)

2019-02-21 17:38:03 - [TEST_STEP][PASSED] - acceptAlert(): Alert accepted

2019-02-21 17:38:03 - [MESSAGE][PASSED] - Alert accepted

2019-02-21 17:38:03 - [TEST_STEP][PASSED] - delay(3): Delayed 3 second(s)

2019-02-21 17:38:06 - [MESSAGE][PASSED] - Delayed 3 second(s)

2019-02-21 17:38:06 - [TEST_STEP][PASSED] - click(findTestObject("KinJun/3.0 JSA Application/EIO Internal Login - JSA Application - Reject/Page_PERKESO/Btn Submit")): Object: 'Object Repository/KinJun/3.0 JSA Application/EIO Internal Login - JSA Application - Reject/Page_PERKESO/Btn Submit' is clicked on

2019-02-21 17:38:06 - [MESSAGE][PASSED] - Object: 'Object Repository/KinJun/3.0 JSA Application/EIO Internal Login - JSA Application - Reject/Page_PERKESO/Btn Submit' is clicked on

2019-02-21 17:38:06 - [TEST_STEP][PASSED] - delay(3): Delayed 3 second(s)

2019-02-21 17:38:09 - [MESSAGE][PASSED] - Delayed 3 second(s)

2019-02-21 17:38:09 - [TEST_STEP][PASSED] - click(findTestObject("KinJun/3.0 JSA Application/EIO Internal Login - JSA Application - Approve/Page_PERKESO/Click Username")): Object: 'Object Repository/KinJun/3.0 JSA Application/EIO Internal Login - JSA Application - Approve/Page_PERKESO/Click Username' is clicked on

2019-02-21 17:38:09 - [MESSAGE][PASSED] - Object: 'Object Repository/KinJun/3.0 JSA Application/EIO Internal Login - JSA Application - Approve/Page_PERKESO/Click Username' is clicked on

2019-02-21 17:38:09 - [TEST_STEP][PASSED] - delay(3): Delayed 3 second(s)

2019-02-21 17:38:12 - [MESSAGE][PASSED] - Delayed 3 second(s)

2019-02-21 17:38:12 - [TEST_STEP][PASSED] - click(findTestObject("KinJun/3.0 JSA Application/EIO Internal Login - JSA Application - Approve/Page_PERKESO/Log Out")): Object: 'Object Repository/KinJun/3.0 JSA Application/EIO Internal Login - JSA Application - Approve/Page_PERKESO/Log Out' is clicked on

2019-02-21 17:38:13 - [MESSAGE][PASSED] - Object: 'Object Repository/KinJun/3.0 JSA Application/EIO Internal Login - JSA Application - Approve/Page_PERKESO/Log Out' is clicked on

2019-02-21 17:38:13 - [TEST_STEP][PASSED] - callTestCase(findTestCase("All TC/Arranged/2. Segment/2.2 Check Status/Check Status - Case ID"), [:], STOP_ON_FAILURE): Call Test Case 'Test Cases/All TC/Arranged/2. Segment/2.2 Check Status/Check Status - Case ID' successfully

2019-02-21 17:38:13 - [TEST_CASE][PASSED] - Test Cases/All TC/Arranged/2. Segment/2.2 Check Status/Check Status - Case ID: Test Cases/All TC/Arranged/2. Segment/2.2 Check Status/Check Status - Case ID

2019-02-21 17:38:13 - [TEST_STEP][PASSED] - openBrowser(""): Browser is opened with url: ''

2019-02-21 17:38:13 - [MESSAGE][WARNING] - A browser is already opened. Closing browser and opening a new one

2019-02-21 17:38:14 - [MESSAGE][INFO] - Starting 'Chrome' driver

2019-02-21 17:38:14 - [MESSAGE][INFO] - User set preference: ['args', '[--start-maximized]']

2019-02-21 17:38:16 - [MESSAGE][PASSED] - Browser is opened with url: ''

2019-02-21 17:38:16 - [TEST_STEP][PASSED] - navigateToUrl(Internal_Login): Navigate to 'http://10.20.24.188/eisportal/user/login' successfully

2019-02-21 17:38:17 - [MESSAGE][PASSED] - Navigate to 'http://10.20.24.188/eisportal/user/login' successfully

2019-02-21 17:38:17 - [TEST_STEP][PASSED] - setText(findTestObject("KinJun/2.0 Check Status/Check Status - Case ID/Page_PERKESO/Input Username"), "nadia.harun@perkeso.gov.my"): Text 'nadia.harun@perkeso.gov.my' is set on object 'Object Repository/KinJun/2.0 Check Status/Check Status - Case ID/Page_PERKESO/Input Username'

2019-02-21 17:38:17 - [MESSAGE][PASSED] - Text 'nadia.harun@perkeso.gov.my' is set on object 'Object Repository/KinJun/2.0 Check Status/Check Status - Case ID/Page_PERKESO/Input Username'

2019-02-21 17:38:17 - [TEST_STEP][PASSED] - setEncryptedText(findTestObject("KinJun/2.0 Check Status/Check Status - Case ID/Page_PERKESO/Input Password"), "CQqwFZlbeC8="): Text ****** has been set on object 'Object Repository/KinJun/2.0 Check Status/Check Status - Case ID/Page_PERKESO/Input Password'

2019-02-21 17:38:17 - [MESSAGE][PASSED] - Text ****** has been set on object 'Object Repository/KinJun/2.0 Check Status/Check Status - Case ID/Page_PERKESO/Input Password'

2019-02-21 17:38:17 - [TEST_STEP][PASSED] - click(findTestObject("KinJun/2.0 Check Status/Check Status - Case ID/Page_PERKESO/Btn Login")): Object: 'Object Repository/KinJun/2.0 Check Status/Check Status - Case ID/Page_PERKESO/Btn Login' is clicked on

2019-02-21 17:38:18 - [MESSAGE][PASSED] - Object: 'Object Repository/KinJun/2.0 Check Status/Check Status - Case ID/Page_PERKESO/Btn Login' is clicked on

2019-02-21 17:38:18 - [TEST_STEP][PASSED] - delay(3): Delayed 3 second(s)

2019-02-21 17:38:21 - [MESSAGE][PASSED] - Delayed 3 second(s)

2019-02-21 17:38:21 - [TEST_STEP][PASSED] - callTestCase(findTestCase("All TC/Arranged/1. Common/1.1 Getter/Getter IC"), [:], STOP_ON_FAILURE): Call Test Case 'Test Cases/All TC/Arranged/1. Common/1.1 Getter/Getter IC' successfully

2019-02-21 17:38:21 - [TEST_CASE][PASSED] - Test Cases/All TC/Arranged/1. Common/1.1 Getter/Getter IC: Test Cases/All TC/Arranged/1. Common/1.1 Getter/Getter IC

2019-02-21 17:38:21 - [TEST_STEP][PASSED] - try: null

2019-02-21 17:38:21 - [TEST_STEP][PASSED] - RefNo = new java.io.File((internal.GlobalVariable.TextFilePathCommon + \getIC.txt)): null

2019-02-21 17:38:21 - [TEST_STEP][PASSED] - bufferread = new java.io.BufferedReader(new java.io.FileReader(RefNo)): null

2019-02-21 17:38:21 - [TEST_STEP][PASSED] - readedVal = bufferread.readLine(): null

2019-02-21 17:38:21 - [TEST_STEP][PASSED] - out.println(IC): null

2019-02-21 17:38:21 - [TEST_STEP][PASSED] - out.println(readedVal): null

2019-02-21 17:38:21 - [TEST_STEP][PASSED] - IC = "": null

2019-02-21 17:38:21 - [TEST_STEP][PASSED] - IC = readedVal: null

2019-02-21 17:38:21 - [MESSAGE][PASSED] - Call Test Case 'Test Cases/All TC/Arranged/1. Common/1.1 Getter/Getter IC' successfully

2019-02-21 17:38:21 - [TEST_STEP][PASSED] - setText(findTestObject("KinJun/2.0 Check Status/Check Status - Case ID/Page_PERKESO/Input IC"), IC): Text '811124125577' is set on object 'Object Repository/KinJun/2.0 Check Status/Check Status - Case ID/Page_PERKESO/Input IC'

2019-02-21 17:38:22 - [MESSAGE][PASSED] - Text '811124125577' is set on object 'Object Repository/KinJun/2.0 Check Status/Check Status - Case ID/Page_PERKESO/Input IC'

2019-02-21 17:38:22 - [TEST_STEP][PASSED] - delay(3): Delayed 3 second(s)

2019-02-21 17:38:25 - [MESSAGE][PASSED] - Delayed 3 second(s)

2019-02-21 17:38:25 - [TEST_STEP][PASSED] - click(findTestObject("KinJun/2.0 Check Status/Check Status - Case ID/Page_PERKESO/Btn Check")): Object: 'Object Repository/KinJun/2.0 Check Status/Check Status - Case ID/Page_PERKESO/Btn Check' is clicked on

2019-02-21 17:38:25 - [MESSAGE][PASSED] - Object: 'Object Repository/KinJun/2.0 Check Status/Check Status - Case ID/Page_PERKESO/Btn Check' is clicked on

2019-02-21 17:38:25 - [TEST_STEP][PASSED] - UserName = getText(findTestObject("KinJun/2.0 Check Status/Check Status - Case ID/Page_PERKESO/TD Username")): Text of object 'Object Repository/KinJun/2.0 Check Status/Check Status - Case ID/Page_PERKESO/TD Username' is: 'JHSEIO5'

2019-02-21 17:38:25 - [MESSAGE][PASSED] - Text of object 'Object Repository/KinJun/2.0 Check Status/Check Status - Case ID/Page_PERKESO/TD Username' is: 'JHSEIO5'

2019-02-21 17:38:25 - [TEST_STEP][PASSED] - callTestCase(findTestCase("All TC/Arranged/1. Common/1.2 Setter/Setter UserName"), [:], STOP_ON_FAILURE): Call Test Case 'Test Cases/All TC/Arranged/1. Common/1.2 Setter/Setter UserName' successfully

2019-02-21 17:38:25 - [TEST_CASE][PASSED] - Test Cases/All TC/Arranged/1. Common/1.2 Setter/Setter UserName: Test Cases/All TC/Arranged/1. Common/1.2 Setter/Setter UserName

2019-02-21 17:38:25 - [TEST_STEP][PASSED] - RefNoOldFile = new java.io.File((internal.GlobalVariable.TextFilePathCommon + \getUser.txt)): null

2019-02-21 17:38:25 - [TEST_STEP][PASSED] - RefNoOldFile.delete(): null

2019-02-21 17:38:25 - [TEST_STEP][PASSED] - delay(5): Delayed 5 second(s)

2019-02-21 17:38:30 - [MESSAGE][PASSED] - Delayed 5 second(s)

2019-02-21 17:38:30 - [TEST_STEP][PASSED] - RefNo = new java.io.File((internal.GlobalVariable.TextFilePathCommon + \getUser.txt)): null

2019-02-21 17:38:30 - [TEST_STEP][PASSED] - f2 = new java.io.FileWriter(RefNo, false): null

2019-02-21 17:38:30 - [TEST_STEP][PASSED] - f2.write(UserName): null

2019-02-21 17:38:30 - [TEST_STEP][PASSED] - f2.close(): null

2019-02-21 17:38:30 - [TEST_STEP][PASSED] - out.println("


" + UserName + "


"): null

2019-02-21 17:38:30 - [MESSAGE][PASSED] - Call Test Case 'Test Cases/All TC/Arranged/1. Common/1.2 Setter/Setter UserName' successfully

2019-02-21 17:38:30 - [TEST_STEP][PASSED] - click(findTestObject("KinJun/2.0 Check Status/Check Status - Case ID/Page_PERKESO/Click Username")): Object: 'Object Repository/KinJun/2.0 Check Status/Check Status - Case ID/Page_PERKESO/Click Username' is clicked on

2019-02-21 17:38:31 - [MESSAGE][PASSED] - Object: 'Object Repository/KinJun/2.0 Check Status/Check Status - Case ID/Page_PERKESO/Click Username' is clicked on

2019-02-21 17:38:31 - [TEST_STEP][PASSED] - delay(3): Delayed 3 second(s)

2019-02-21 17:38:34 - [MESSAGE][PASSED] - Delayed 3 second(s)

2019-02-21 17:38:34 - [TEST_STEP][PASSED] - click(findTestObject("KinJun/2.0 Check Status/Check Status - Case ID/Page_PERKESO/Log Out")): Object: 'Object Repository/KinJun/2.0 Check Status/Check Status - Case ID/Page_PERKESO/Log Out' is clicked on

2019-02-21 17:38:34 - [MESSAGE][PASSED] - Object: 'Object Repository/KinJun/2.0 Check Status/Check Status - Case ID/Page_PERKESO/Log Out' is clicked on

2019-02-21 17:38:34 - [MESSAGE][PASSED] - Call Test Case 'Test Cases/All TC/Arranged/2. Segment/2.2 Check Status/Check Status - Case ID' successfully

2019-02-21 17:38:34 - [MESSAGE][PASSED] - Call Test Case 'Test Cases/All TC/Arranged/2. Segment/2.3 JSA Application/EIO Internal Login - JSA Application - Reject' successfully

2019-02-21 17:38:34 - [TEST_STEP][PASSED] - callTestCase(findTestCase("All TC/Arranged/2. Segment/2.3 JSA Application/SEIO Internal Login - JSA Application - Reject"), [:], STOP_ON_FAILURE): Call Test Case 'Test Cases/All TC/Arranged/2. Segment/2.3 JSA Application/SEIO Internal Login - JSA Application - Reject' successfully

2019-02-21 17:38:34 - [TEST_CASE][PASSED] - Test Cases/All TC/Arranged/2. Segment/2.3 JSA Application/SEIO Internal Login - JSA Application - Reject: Test Cases/All TC/Arranged/2. Segment/2.3 JSA Application/SEIO Internal Login - JSA Application - Reject

2019-02-21 17:38:35 - [TEST_STEP][PASSED] - openBrowser(""): Browser is opened with url: ''

2019-02-21 17:38:35 - [MESSAGE][WARNING] - A browser is already opened. Closing browser and opening a new one

2019-02-21 17:38:35 - [MESSAGE][INFO] - Starting 'Chrome' driver

2019-02-21 17:38:35 - [MESSAGE][INFO] - User set preference: ['args', '[--start-maximized]']

2019-02-21 17:38:37 - [MESSAGE][PASSED] - Browser is opened with url: ''

2019-02-21 17:38:37 - [TEST_STEP][PASSED] - navigateToUrl(Internal_Login): Navigate to 'http://10.20.24.188/eisportal/user/login' successfully

2019-02-21 17:38:38 - [MESSAGE][PASSED] - Navigate to 'http://10.20.24.188/eisportal/user/login' successfully

2019-02-21 17:38:38 - [TEST_STEP][PASSED] - callTestCase(findTestCase("All TC/Arranged/1. Common/Internal Email Finder"), [:], STOP_ON_FAILURE): Call Test Case 'Test Cases/All TC/Arranged/1. Common/Internal Email Finder' successfully

2019-02-21 17:38:38 - [TEST_CASE][PASSED] - Test Cases/All TC/Arranged/1. Common/Internal Email Finder: Test Cases/All TC/Arranged/1. Common/Internal Email Finder

2019-02-21 17:38:38 - [TEST_STEP][PASSED] - callTestCase(findTestCase("All TC/Arranged/1. Common/1.1 Getter/Getter UserName"), [:], CONTINUE_ON_FAILURE): Call Test Case 'Test Cases/All TC/Arranged/1. Common/1.1 Getter/Getter UserName' successfully

2019-02-21 17:38:38 - [TEST_CASE][PASSED] - Test Cases/All TC/Arranged/1. Common/1.1 Getter/Getter UserName: Test Cases/All TC/Arranged/1. Common/1.1 Getter/Getter UserName

2019-02-21 17:38:38 - [TEST_STEP][PASSED] - try: null

2019-02-21 17:38:38 - [TEST_STEP][PASSED] - RefNo = new java.io.File((internal.GlobalVariable.TextFilePathCommon + \getUser.txt)): null

2019-02-21 17:38:38 - [TEST_STEP][PASSED] - bufferread = new java.io.BufferedReader(new java.io.FileReader(RefNo)): null

2019-02-21 17:38:38 - [TEST_STEP][PASSED] - readedVal = bufferread.readLine(): null

2019-02-21 17:38:38 - [TEST_STEP][PASSED] - out.println(UserName): null

2019-02-21 17:38:38 - [TEST_STEP][PASSED] - out.println(readedVal): null

2019-02-21 17:38:38 - [TEST_STEP][PASSED] - UserName = "": null

2019-02-21 17:38:38 - [TEST_STEP][PASSED] - UserName = readedVal: null

2019-02-21 17:38:38 - [MESSAGE][PASSED] - Call Test Case 'Test Cases/All TC/Arranged/1. Common/1.1 Getter/Getter UserName' successfully

2019-02-21 17:38:38 - [TEST_STEP][PASSED] - StrA = UserName: null

2019-02-21 17:38:38 - [TEST_STEP][PASSED] - StrB = <not implemented yet for class: org.codehaus.groovy.ast.expr.EmptyExpression>: null

2019-02-21 17:38:38 - [TEST_STEP][PASSED] - Counter = 1: null

2019-02-21 17:38:38 - [TEST_STEP][PASSED] - while (!(StrB.equals(StrA)) && !(Counter > findTestData("Internal User List").getRowNumbers())): null

2019-02-21 17:38:38 - [TEST_STEP][PASSED] - StrB = findTestData("Internal User List").getValue(2, Counter): null

2019-02-21 17:38:38 - [TEST_STEP][PASSED] - if (StrB.equals(StrA)): null

2019-02-21 17:38:38 - [TEST_STEP][PASSED] - (Counter++): null

2019-02-21 17:38:38 - [TEST_STEP][PASSED] - StrB = findTestData("Internal User List").getValue(2, Counter): null

2019-02-21 17:38:38 - [TEST_STEP][PASSED] - if (StrB.equals(StrA)): null

2019-02-21 17:38:38 - [TEST_STEP][PASSED] - (Counter++): null

2019-02-21 17:38:38 - [TEST_STEP][PASSED] - StrB = findTestData("Internal User List").getValue(2, Counter): null

2019-02-21 17:38:38 - [TEST_STEP][PASSED] - if (StrB.equals(StrA)): null

2019-02-21 17:38:38 - [TEST_STEP][PASSED] - (Counter++): null

2019-02-21 17:38:38 - [TEST_STEP][PASSED] - StrB = findTestData("Internal User List").getValue(2, Counter): null

2019-02-21 17:38:38 - [TEST_STEP][PASSED] - if (StrB.equals(StrA)): null

2019-02-21 17:38:38 - [TEST_STEP][PASSED] - (Counter++): null

2019-02-21 17:38:38 - [TEST_STEP][PASSED] - StrB = findTestData("Internal User List").getValue(2, Counter): null

2019-02-21 17:38:38 - [TEST_STEP][PASSED] - if (StrB.equals(StrA)): null

2019-02-21 17:38:38 - [TEST_STEP][PASSED] - (Counter++): null

2019-02-21 17:38:38 - [TEST_STEP][PASSED] - StrB = findTestData("Internal User List").getValue(2, Counter): null

2019-02-21 17:38:39 - [TEST_STEP][PASSED] - if (StrB.equals(StrA)): null

2019-02-21 17:38:39 - [TEST_STEP][PASSED] - (Counter++): null

2019-02-21 17:38:39 - [TEST_STEP][PASSED] - StrB = findTestData("Internal User List").getValue(2, Counter): null

2019-02-21 17:38:39 - [TEST_STEP][PASSED] - if (StrB.equals(StrA)): null

2019-02-21 17:38:39 - [TEST_STEP][PASSED] - (Counter++): null

2019-02-21 17:38:39 - [TEST_STEP][PASSED] - StrB = findTestData("Internal User List").getValue(2, Counter): null

2019-02-21 17:38:39 - [TEST_STEP][PASSED] - if (StrB.equals(StrA)): null

2019-02-21 17:38:39 - [TEST_STEP][PASSED] - (Counter++): null

2019-02-21 17:38:39 - [TEST_STEP][PASSED] - StrB = findTestData("Internal User List").getValue(2, Counter): null

2019-02-21 17:38:39 - [TEST_STEP][PASSED] - if (StrB.equals(StrA)): null

2019-02-21 17:38:39 - [TEST_STEP][PASSED] - (Counter++): null

2019-02-21 17:38:39 - [TEST_STEP][PASSED] - StrB = findTestData("Internal User List").getValue(2, Counter): null

2019-02-21 17:38:40 - [TEST_STEP][PASSED] - if (StrB.equals(StrA)): null

2019-02-21 17:38:40 - [TEST_STEP][PASSED] - (Counter++): null

2019-02-21 17:38:40 - [TEST_STEP][PASSED] - StrB = findTestData("Internal User List").getValue(2, Counter): null

2019-02-21 17:38:40 - [TEST_STEP][PASSED] - if (StrB.equals(StrA)): null

2019-02-21 17:38:40 - [TEST_STEP][PASSED] - (Counter++): null

2019-02-21 17:38:40 - [TEST_STEP][PASSED] - StrB = findTestData("Internal User List").getValue(2, Counter): null

2019-02-21 17:38:40 - [TEST_STEP][PASSED] - if (StrB.equals(StrA)): null

2019-02-21 17:38:40 - [TEST_STEP][PASSED] - (Counter++): null

2019-02-21 17:38:40 - [TEST_STEP][PASSED] - StrB = findTestData("Internal User List").getValue(2, Counter): null

2019-02-21 17:38:40 - [TEST_STEP][PASSED] - if (StrB.equals(StrA)): null

2019-02-21 17:38:40 - [TEST_STEP][PASSED] - (Counter++): null

2019-02-21 17:38:40 - [TEST_STEP][PASSED] - StrB = findTestData("Internal User List").getValue(2, Counter): null

2019-02-21 17:38:40 - [TEST_STEP][PASSED] - if (StrB.equals(StrA)): null

2019-02-21 17:38:40 - [TEST_STEP][PASSED] - (Counter++): null

2019-02-21 17:38:40 - [TEST_STEP][PASSED] - StrB = findTestData("Internal User List").getValue(2, Counter): null

2019-02-21 17:38:40 - [TEST_STEP][PASSED] - if (StrB.equals(StrA)): null

2019-02-21 17:38:40 - [TEST_STEP][PASSED] - (Counter++): null

2019-02-21 17:38:40 - [TEST_STEP][PASSED] - StrB = findTestData("Internal User List").getValue(2, Counter): null

2019-02-21 17:38:40 - [TEST_STEP][PASSED] - if (StrB.equals(StrA)): null

2019-02-21 17:38:40 - [TEST_STEP][PASSED] - (Counter++): null

2019-02-21 17:38:40 - [TEST_STEP][PASSED] - StrB = findTestData("Internal User List").getValue(2, Counter): null

2019-02-21 17:38:40 - [TEST_STEP][PASSED] - if (StrB.equals(StrA)): null

2019-02-21 17:38:40 - [TEST_STEP][PASSED] - (Counter++): null

2019-02-21 17:38:40 - [TEST_STEP][PASSED] - StrB = findTestData("Internal User List").getValue(2, Counter): null

2019-02-21 17:38:41 - [TEST_STEP][PASSED] - if (StrB.equals(StrA)): null

2019-02-21 17:38:41 - [TEST_STEP][PASSED] - (Counter++): null

2019-02-21 17:38:41 - [TEST_STEP][PASSED] - StrB = findTestData("Internal User List").getValue(2, Counter): null

2019-02-21 17:38:41 - [TEST_STEP][PASSED] - if (StrB.equals(StrA)): null

2019-02-21 17:38:41 - [TEST_STEP][PASSED] - (Counter++): null

2019-02-21 17:38:41 - [TEST_STEP][PASSED] - StrB = findTestData("Internal User List").getValue(2, Counter): null

2019-02-21 17:38:41 - [TEST_STEP][PASSED] - if (StrB.equals(StrA)): null

2019-02-21 17:38:41 - [TEST_STEP][PASSED] - (Counter++): null

2019-02-21 17:38:41 - [TEST_STEP][PASSED] - StrB = findTestData("Internal User List").getValue(2, Counter): null

2019-02-21 17:38:41 - [TEST_STEP][PASSED] - if (StrB.equals(StrA)): null

2019-02-21 17:38:41 - [TEST_STEP][PASSED] - (Counter++): null

2019-02-21 17:38:41 - [TEST_STEP][PASSED] - StrB = findTestData("Internal User List").getValue(2, Counter): null

2019-02-21 17:38:41 - [TEST_STEP][PASSED] - if (StrB.equals(StrA)): null

2019-02-21 17:38:41 - [TEST_STEP][PASSED] - (Counter++): null

2019-02-21 17:38:41 - [TEST_STEP][PASSED] - StrB = findTestData("Internal User List").getValue(2, Counter): null

2019-02-21 17:38:41 - [TEST_STEP][PASSED] - if (StrB.equals(StrA)): null

2019-02-21 17:38:41 - [TEST_STEP][PASSED] - (Counter++): null

2019-02-21 17:38:41 - [TEST_STEP][PASSED] - StrB = findTestData("Internal User List").getValue(2, Counter): null

2019-02-21 17:38:41 - [TEST_STEP][PASSED] - if (StrB.equals(StrA)): null

2019-02-21 17:38:41 - [TEST_STEP][PASSED] - (Counter++): null

2019-02-21 17:38:41 - [TEST_STEP][PASSED] - StrB = findTestData("Internal User List").getValue(2, Counter): null

2019-02-21 17:38:41 - [TEST_STEP][PASSED] - if (StrB.equals(StrA)): null

2019-02-21 17:38:41 - [TEST_STEP][PASSED] - (Counter++): null

2019-02-21 17:38:42 - [TEST_STEP][PASSED] - StrB = findTestData("Internal User List").getValue(2, Counter): null

2019-02-21 17:38:42 - [TEST_STEP][PASSED] - if (StrB.equals(StrA)): null

2019-02-21 17:38:42 - [TEST_STEP][PASSED] - (Counter++): null

2019-02-21 17:38:42 - [TEST_STEP][PASSED] - StrB = findTestData("Internal User List").getValue(2, Counter): null

2019-02-21 17:38:42 - [TEST_STEP][PASSED] - if (StrB.equals(StrA)): null

2019-02-21 17:38:42 - [TEST_STEP][PASSED] - (Counter++): null

2019-02-21 17:38:42 - [TEST_STEP][PASSED] - StrB = findTestData("Internal User List").getValue(2, Counter): null

2019-02-21 17:38:42 - [TEST_STEP][PASSED] - if (StrB.equals(StrA)): null

2019-02-21 17:38:42 - [TEST_STEP][PASSED] - (Counter++): null

2019-02-21 17:38:42 - [TEST_STEP][PASSED] - StrB = findTestData("Internal User List").getValue(2, Counter): null

2019-02-21 17:38:42 - [TEST_STEP][PASSED] - if (StrB.equals(StrA)): null

2019-02-21 17:38:42 - [TEST_STEP][PASSED] - (Counter++): null

2019-02-21 17:38:42 - [TEST_STEP][PASSED] - StrB = findTestData("Internal User List").getValue(2, Counter): null

2019-02-21 17:38:42 - [TEST_STEP][PASSED] - if (StrB.equals(StrA)): null

2019-02-21 17:38:42 - [TEST_STEP][PASSED] - (Counter++): null

2019-02-21 17:38:43 - [TEST_STEP][PASSED] - StrB = findTestData("Internal User List").getValue(2, Counter): null

2019-02-21 17:38:43 - [TEST_STEP][PASSED] - if (StrB.equals(StrA)): null

2019-02-21 17:38:43 - [TEST_STEP][PASSED] - (Counter++): null

2019-02-21 17:38:43 - [TEST_STEP][PASSED] - StrB = findTestData("Internal User List").getValue(2, Counter): null

2019-02-21 17:38:43 - [TEST_STEP][PASSED] - if (StrB.equals(StrA)): null

2019-02-21 17:38:43 - [TEST_STEP][PASSED] - (Counter++): null

2019-02-21 17:38:43 - [TEST_STEP][PASSED] - StrB = findTestData("Internal User List").getValue(2, Counter): null

2019-02-21 17:38:43 - [TEST_STEP][PASSED] - if (StrB.equals(StrA)): null

2019-02-21 17:38:43 - [TEST_STEP][PASSED] - (Counter++): null

2019-02-21 17:38:43 - [TEST_STEP][PASSED] - StrB = findTestData("Internal User List").getValue(2, Counter): null

2019-02-21 17:38:43 - [TEST_STEP][PASSED] - if (StrB.equals(StrA)): null

2019-02-21 17:38:43 - [TEST_STEP][PASSED] - (Counter++): null

2019-02-21 17:38:43 - [TEST_STEP][PASSED] - StrB = findTestData("Internal User List").getValue(2, Counter): null

2019-02-21 17:38:43 - [TEST_STEP][PASSED] - if (StrB.equals(StrA)): null

2019-02-21 17:38:43 - [TEST_STEP][PASSED] - (Counter++): null

2019-02-21 17:38:43 - [TEST_STEP][PASSED] - StrB = findTestData("Internal User List").getValue(2, Counter): null

2019-02-21 17:38:43 - [TEST_STEP][PASSED] - if (StrB.equals(StrA)): null

2019-02-21 17:38:43 - [TEST_STEP][PASSED] - (Counter++): null

2019-02-21 17:38:43 - [TEST_STEP][PASSED] - StrB = findTestData("Internal User List").getValue(2, Counter): null

2019-02-21 17:38:44 - [TEST_STEP][PASSED] - if (StrB.equals(StrA)): null

2019-02-21 17:38:44 - [TEST_STEP][PASSED] - (Counter++): null

2019-02-21 17:38:44 - [TEST_STEP][PASSED] - StrB = findTestData("Internal User List").getValue(2, Counter): null

2019-02-21 17:38:44 - [TEST_STEP][PASSED] - if (StrB.equals(StrA)): null

2019-02-21 17:38:44 - [TEST_STEP][PASSED] - (Counter++): null

2019-02-21 17:38:44 - [TEST_STEP][PASSED] - StrB = findTestData("Internal User List").getValue(2, Counter): null

2019-02-21 17:38:44 - [TEST_STEP][PASSED] - if (StrB.equals(StrA)): null

2019-02-21 17:38:44 - [TEST_STEP][PASSED] - (Counter++): null

2019-02-21 17:38:44 - [TEST_STEP][PASSED] - StrB = findTestData("Internal User List").getValue(2, Counter): null

2019-02-21 17:38:44 - [TEST_STEP][PASSED] - if (StrB.equals(StrA)): null

2019-02-21 17:38:44 - [TEST_STEP][PASSED] - (Counter++): null

2019-02-21 17:38:44 - [TEST_STEP][PASSED] - StrB = findTestData("Internal User List").getValue(2, Counter): null

2019-02-21 17:38:45 - [TEST_STEP][PASSED] - if (StrB.equals(StrA)): null

2019-02-21 17:38:45 - [TEST_STEP][PASSED] - (Counter++): null

2019-02-21 17:38:45 - [TEST_STEP][PASSED] - StrB = findTestData("Internal User List").getValue(2, Counter): null

2019-02-21 17:38:45 - [TEST_STEP][PASSED] - if (StrB.equals(StrA)): null

2019-02-21 17:38:45 - [TEST_STEP][PASSED] - (Counter++): null

2019-02-21 17:38:45 - [TEST_STEP][PASSED] - StrB = findTestData("Internal User List").getValue(2, Counter): null

2019-02-21 17:38:45 - [TEST_STEP][PASSED] - if (StrB.equals(StrA)): null

2019-02-21 17:38:45 - [TEST_STEP][PASSED] - (Counter++): null

2019-02-21 17:38:45 - [TEST_STEP][PASSED] - StrB = findTestData("Internal User List").getValue(2, Counter): null

2019-02-21 17:38:45 - [TEST_STEP][PASSED] - if (StrB.equals(StrA)): null

2019-02-21 17:38:45 - [TEST_STEP][PASSED] - (Counter++): null

2019-02-21 17:38:45 - [TEST_STEP][PASSED] - StrB = findTestData("Internal User List").getValue(2, Counter): null

2019-02-21 17:38:45 - [TEST_STEP][PASSED] - if (StrB.equals(StrA)): null

2019-02-21 17:38:45 - [TEST_STEP][PASSED] - (Counter++): null

2019-02-21 17:38:45 - [TEST_STEP][PASSED] - StrB = findTestData("Internal User List").getValue(2, Counter): null

2019-02-21 17:38:45 - [TEST_STEP][PASSED] - if (StrB.equals(StrA)): null

2019-02-21 17:38:45 - [TEST_STEP][PASSED] - (Counter++): null

2019-02-21 17:38:45 - [TEST_STEP][PASSED] - StrB = findTestData("Internal User List").getValue(2, Counter): null

2019-02-21 17:38:45 - [TEST_STEP][PASSED] - if (StrB.equals(StrA)): null

2019-02-21 17:38:45 - [TEST_STEP][PASSED] - (Counter++): null

2019-02-21 17:38:46 - [TEST_STEP][PASSED] - StrB = findTestData("Internal User List").getValue(2, Counter): null

2019-02-21 17:38:46 - [TEST_STEP][PASSED] - if (StrB.equals(StrA)): null

2019-02-21 17:38:46 - [TEST_STEP][PASSED] - (Counter++): null

2019-02-21 17:38:46 - [TEST_STEP][PASSED] - StrB = findTestData("Internal User List").getValue(2, Counter): null

2019-02-21 17:38:46 - [TEST_STEP][PASSED] - if (StrB.equals(StrA)): null

2019-02-21 17:38:46 - [TEST_STEP][PASSED] - (Counter++): null

2019-02-21 17:38:46 - [TEST_STEP][PASSED] - StrB = findTestData("Internal User List").getValue(2, Counter): null

2019-02-21 17:38:46 - [TEST_STEP][PASSED] - if (StrB.equals(StrA)): null

2019-02-21 17:38:46 - [TEST_STEP][PASSED] - (Counter++): null

2019-02-21 17:38:46 - [TEST_STEP][PASSED] - StrB = findTestData("Internal User List").getValue(2, Counter): null

2019-02-21 17:38:46 - [TEST_STEP][PASSED] - if (StrB.equals(StrA)): null

2019-02-21 17:38:46 - [TEST_STEP][PASSED] - (Counter++): null

2019-02-21 17:38:46 - [TEST_STEP][PASSED] - StrB = findTestData("Internal User List").getValue(2, Counter): null

2019-02-21 17:38:46 - [TEST_STEP][PASSED] - if (StrB.equals(StrA)): null

2019-02-21 17:38:46 - [TEST_STEP][PASSED] - (Counter++): null

2019-02-21 17:38:47 - [TEST_STEP][PASSED] - StrB = findTestData("Internal User List").getValue(2, Counter): null

2019-02-21 17:38:47 - [TEST_STEP][PASSED] - if (StrB.equals(StrA)): null

2019-02-21 17:38:47 - [TEST_STEP][PASSED] - (Counter++): null

2019-02-21 17:38:47 - [TEST_STEP][PASSED] - StrB = findTestData("Internal User List").getValue(2, Counter): null

2019-02-21 17:38:47 - [TEST_STEP][PASSED] - if (StrB.equals(StrA)): null

2019-02-21 17:38:47 - [TEST_STEP][PASSED] - (Counter++): null

2019-02-21 17:38:47 - [TEST_STEP][PASSED] - StrB = findTestData("Internal User List").getValue(2, Counter): null

2019-02-21 17:38:47 - [TEST_STEP][PASSED] - if (StrB.equals(StrA)): null

2019-02-21 17:38:47 - [TEST_STEP][PASSED] - (Counter++): null

2019-02-21 17:38:47 - [TEST_STEP][PASSED] - StrB = findTestData("Internal User List").getValue(2, Counter): null

2019-02-21 17:38:47 - [TEST_STEP][PASSED] - if (StrB.equals(StrA)): null

2019-02-21 17:38:47 - [TEST_STEP][PASSED] - (Counter++): null

2019-02-21 17:38:47 - [TEST_STEP][PASSED] - StrB = findTestData("Internal User List").getValue(2, Counter): null

2019-02-21 17:38:47 - [TEST_STEP][PASSED] - if (StrB.equals(StrA)): null

2019-02-21 17:38:47 - [TEST_STEP][PASSED] - (Counter++): null

2019-02-21 17:38:47 - [TEST_STEP][PASSED] - StrB = findTestData("Internal User List").getValue(2, Counter): null

2019-02-21 17:38:48 - [TEST_STEP][PASSED] - if (StrB.equals(StrA)): null

2019-02-21 17:38:48 - [TEST_STEP][PASSED] - (Counter++): null

2019-02-21 17:38:48 - [TEST_STEP][PASSED] - StrB = findTestData("Internal User List").getValue(2, Counter): null

2019-02-21 17:38:48 - [TEST_STEP][PASSED] - if (StrB.equals(StrA)): null

2019-02-21 17:38:48 - [TEST_STEP][PASSED] - (Counter++): null

2019-02-21 17:38:48 - [TEST_STEP][PASSED] - StrB = findTestData("Internal User List").getValue(2, Counter): null

2019-02-21 17:38:48 - [TEST_STEP][PASSED] - if (StrB.equals(StrA)): null

2019-02-21 17:38:48 - [TEST_STEP][PASSED] - (Counter++): null

2019-02-21 17:38:48 - [TEST_STEP][PASSED] - StrB = findTestData("Internal User List").getValue(2, Counter): null

2019-02-21 17:38:48 - [TEST_STEP][PASSED] - if (StrB.equals(StrA)): null

2019-02-21 17:38:48 - [TEST_STEP][PASSED] - (Counter++): null

2019-02-21 17:38:48 - [TEST_STEP][PASSED] - StrB = findTestData("Internal User List").getValue(2, Counter): null

2019-02-21 17:38:48 - [TEST_STEP][PASSED] - if (StrB.equals(StrA)): null

2019-02-21 17:38:48 - [TEST_STEP][PASSED] - (Counter++): null

2019-02-21 17:38:48 - [TEST_STEP][PASSED] - StrB = findTestData("Internal User List").getValue(2, Counter): null

2019-02-21 17:38:48 - [TEST_STEP][PASSED] - if (StrB.equals(StrA)): null

2019-02-21 17:38:48 - [TEST_STEP][PASSED] - (Counter++): null

2019-02-21 17:38:48 - [TEST_STEP][PASSED] - StrB = findTestData("Internal User List").getValue(2, Counter): null

2019-02-21 17:38:48 - [TEST_STEP][PASSED] - if (StrB.equals(StrA)): null

2019-02-21 17:38:48 - [TEST_STEP][PASSED] - (Counter++): null

2019-02-21 17:38:48 - [TEST_STEP][PASSED] - StrB = findTestData("Internal User List").getValue(2, Counter): null

2019-02-21 17:38:49 - [TEST_STEP][PASSED] - if (StrB.equals(StrA)): null

2019-02-21 17:38:49 - [TEST_STEP][PASSED] - (Counter++): null

2019-02-21 17:38:49 - [TEST_STEP][PASSED] - StrB = findTestData("Internal User List").getValue(2, Counter): null

2019-02-21 17:38:49 - [TEST_STEP][PASSED] - if (StrB.equals(StrA)): null

2019-02-21 17:38:49 - [TEST_STEP][PASSED] - (Counter++): null

2019-02-21 17:38:49 - [TEST_STEP][PASSED] - StrB = findTestData("Internal User List").getValue(2, Counter): null

2019-02-21 17:38:49 - [TEST_STEP][PASSED] - if (StrB.equals(StrA)): null

2019-02-21 17:38:49 - [TEST_STEP][PASSED] - (Counter++): null

2019-02-21 17:38:49 - [TEST_STEP][PASSED] - StrB = findTestData("Internal User List").getValue(2, Counter): null

2019-02-21 17:38:49 - [TEST_STEP][PASSED] - if (StrB.equals(StrA)): null

2019-02-21 17:38:49 - [TEST_STEP][PASSED] - (Counter++): null

2019-02-21 17:38:49 - [TEST_STEP][PASSED] - StrB = findTestData("Internal User List").getValue(2, Counter): null

2019-02-21 17:38:49 - [TEST_STEP][PASSED] - if (StrB.equals(StrA)): null

2019-02-21 17:38:49 - [TEST_STEP][PASSED] - (Counter++): null

2019-02-21 17:38:50 - [TEST_STEP][PASSED] - StrB = findTestData("Internal User List").getValue(2, Counter): null

2019-02-21 17:38:50 - [TEST_STEP][PASSED] - if (StrB.equals(StrA)): null

2019-02-21 17:38:50 - [TEST_STEP][PASSED] - (Counter++): null

2019-02-21 17:38:50 - [TEST_STEP][PASSED] - StrB = findTestData("Internal User List").getValue(2, Counter): null

2019-02-21 17:38:50 - [TEST_STEP][PASSED] - if (StrB.equals(StrA)): null

2019-02-21 17:38:50 - [TEST_STEP][PASSED] - (Counter++): null

2019-02-21 17:38:50 - [TEST_STEP][PASSED] - StrB = findTestData("Internal User List").getValue(2, Counter): null

2019-02-21 17:38:50 - [TEST_STEP][PASSED] - if (StrB.equals(StrA)): null

2019-02-21 17:38:50 - [TEST_STEP][PASSED] - (Counter++): null

2019-02-21 17:38:50 - [TEST_STEP][PASSED] - StrB = findTestData("Internal User List").getValue(2, Counter): null

2019-02-21 17:38:50 - [TEST_STEP][PASSED] - if (StrB.equals(StrA)): null

2019-02-21 17:38:50 - [TEST_STEP][PASSED] - (Counter++): null

2019-02-21 17:38:50 - [TEST_STEP][PASSED] - StrB = findTestData("Internal User List").getValue(2, Counter): null

2019-02-21 17:38:50 - [TEST_STEP][PASSED] - if (StrB.equals(StrA)): null

2019-02-21 17:38:50 - [TEST_STEP][PASSED] - (Counter++): null

2019-02-21 17:38:50 - [TEST_STEP][PASSED] - StrB = findTestData("Internal User List").getValue(2, Counter): null

2019-02-21 17:38:51 - [TEST_STEP][PASSED] - if (StrB.equals(StrA)): null

2019-02-21 17:38:51 - [TEST_STEP][PASSED] - (Counter++): null

2019-02-21 17:38:51 - [TEST_STEP][PASSED] - StrB = findTestData("Internal User List").getValue(2, Counter): null

2019-02-21 17:38:51 - [TEST_STEP][PASSED] - if (StrB.equals(StrA)): null

2019-02-21 17:38:51 - [TEST_STEP][PASSED] - (Counter++): null

2019-02-21 17:38:51 - [TEST_STEP][PASSED] - StrB = findTestData("Internal User List").getValue(2, Counter): null

2019-02-21 17:38:51 - [TEST_STEP][PASSED] - if (StrB.equals(StrA)): null

2019-02-21 17:38:51 - [TEST_STEP][PASSED] - (Counter++): null

2019-02-21 17:38:51 - [TEST_STEP][PASSED] - StrB = findTestData("Internal User List").getValue(2, Counter): null

2019-02-21 17:38:51 - [TEST_STEP][PASSED] - if (StrB.equals(StrA)): null

2019-02-21 17:38:51 - [TEST_STEP][PASSED] - (Counter++): null

2019-02-21 17:38:51 - [TEST_STEP][PASSED] - StrB = findTestData("Internal User List").getValue(2, Counter): null

2019-02-21 17:38:51 - [TEST_STEP][PASSED] - if (StrB.equals(StrA)): null

2019-02-21 17:38:51 - [TEST_STEP][PASSED] - (Counter++): null

2019-02-21 17:38:51 - [TEST_STEP][PASSED] - StrB = findTestData("Internal User List").getValue(2, Counter): null

2019-02-21 17:38:51 - [TEST_STEP][PASSED] - if (StrB.equals(StrA)): null

2019-02-21 17:38:51 - [TEST_STEP][PASSED] - (Counter++): null

2019-02-21 17:38:51 - [TEST_STEP][PASSED] - StrB = findTestData("Internal User List").getValue(2, Counter): null

2019-02-21 17:38:51 - [TEST_STEP][PASSED] - if (StrB.equals(StrA)): null

2019-02-21 17:38:51 - [TEST_STEP][PASSED] - (Counter++): null

2019-02-21 17:38:51 - [TEST_STEP][PASSED] - StrB = findTestData("Internal User List").getValue(2, Counter): null

2019-02-21 17:38:52 - [TEST_STEP][PASSED] - if (StrB.equals(StrA)): null

2019-02-21 17:38:52 - [TEST_STEP][PASSED] - (Counter++): null

2019-02-21 17:38:52 - [TEST_STEP][PASSED] - StrB = findTestData("Internal User List").getValue(2, Counter): null

2019-02-21 17:38:52 - [TEST_STEP][PASSED] - if (StrB.equals(StrA)): null

2019-02-21 17:38:52 - [TEST_STEP][PASSED] - (Counter++): null

2019-02-21 17:38:52 - [TEST_STEP][PASSED] - StrB = findTestData("Internal User List").getValue(2, Counter): null

2019-02-21 17:38:52 - [TEST_STEP][PASSED] - if (StrB.equals(StrA)): null

2019-02-21 17:38:52 - [TEST_STEP][PASSED] - (Counter++): null

2019-02-21 17:38:52 - [TEST_STEP][PASSED] - StrB = findTestData("Internal User List").getValue(2, Counter): null

2019-02-21 17:38:52 - [TEST_STEP][PASSED] - if (StrB.equals(StrA)): null

2019-02-21 17:38:52 - [TEST_STEP][PASSED] - (Counter++): null

2019-02-21 17:38:53 - [TEST_STEP][PASSED] - StrB = findTestData("Internal User List").getValue(2, Counter): null

2019-02-21 17:38:53 - [TEST_STEP][PASSED] - if (StrB.equals(StrA)): null

2019-02-21 17:38:53 - [TEST_STEP][PASSED] - (Counter++): null

2019-02-21 17:38:53 - [TEST_STEP][PASSED] - StrB = findTestData("Internal User List").getValue(2, Counter): null

2019-02-21 17:38:53 - [TEST_STEP][PASSED] - if (StrB.equals(StrA)): null

2019-02-21 17:38:53 - [TEST_STEP][PASSED] - (Counter++): null

2019-02-21 17:38:53 - [TEST_STEP][PASSED] - StrB = findTestData("Internal User List").getValue(2, Counter): null

2019-02-21 17:38:53 - [TEST_STEP][PASSED] - if (StrB.equals(StrA)): null

2019-02-21 17:38:53 - [TEST_STEP][PASSED] - (Counter++): null

2019-02-21 17:38:53 - [TEST_STEP][PASSED] - StrB = findTestData("Internal User List").getValue(2, Counter): null

2019-02-21 17:38:53 - [TEST_STEP][PASSED] - if (StrB.equals(StrA)): null

2019-02-21 17:38:53 - [TEST_STEP][PASSED] - (Counter++): null

2019-02-21 17:38:53 - [TEST_STEP][PASSED] - StrB = findTestData("Internal User List").getValue(2, Counter): null

2019-02-21 17:38:53 - [TEST_STEP][PASSED] - if (StrB.equals(StrA)): null

2019-02-21 17:38:53 - [TEST_STEP][PASSED] - (Counter++): null

2019-02-21 17:38:53 - [TEST_STEP][PASSED] - StrB = findTestData("Internal User List").getValue(2, Counter): null

2019-02-21 17:38:53 - [TEST_STEP][PASSED] - if (StrB.equals(StrA)): null

2019-02-21 17:38:53 - [TEST_STEP][PASSED] - (Counter++): null

2019-02-21 17:38:53 - [TEST_STEP][PASSED] - StrB = findTestData("Internal User List").getValue(2, Counter): null

2019-02-21 17:38:54 - [TEST_STEP][PASSED] - if (StrB.equals(StrA)): null

2019-02-21 17:38:54 - [TEST_STEP][PASSED] - (Counter++): null

2019-02-21 17:38:54 - [TEST_STEP][PASSED] - StrB = findTestData("Internal User List").getValue(2, Counter): null

2019-02-21 17:38:54 - [TEST_STEP][PASSED] - if (StrB.equals(StrA)): null

2019-02-21 17:38:54 - [TEST_STEP][PASSED] - (Counter++): null

2019-02-21 17:38:54 - [TEST_STEP][PASSED] - StrB = findTestData("Internal User List").getValue(2, Counter): null

2019-02-21 17:38:54 - [TEST_STEP][PASSED] - if (StrB.equals(StrA)): null

2019-02-21 17:38:54 - [TEST_STEP][PASSED] - (Counter++): null

2019-02-21 17:38:54 - [TEST_STEP][PASSED] - StrB = findTestData("Internal User List").getValue(2, Counter): null

2019-02-21 17:38:54 - [TEST_STEP][PASSED] - if (StrB.equals(StrA)): null

2019-02-21 17:38:54 - [TEST_STEP][PASSED] - (Counter++): null

2019-02-21 17:38:54 - [TEST_STEP][PASSED] - StrB = findTestData("Internal User List").getValue(2, Counter): null

2019-02-21 17:38:54 - [TEST_STEP][PASSED] - if (StrB.equals(StrA)): null

2019-02-21 17:38:54 - [TEST_STEP][PASSED] - (Counter++): null

2019-02-21 17:38:54 - [TEST_STEP][PASSED] - StrB = findTestData("Internal User List").getValue(2, Counter): null

2019-02-21 17:38:54 - [TEST_STEP][PASSED] - if (StrB.equals(StrA)): null

2019-02-21 17:38:54 - [TEST_STEP][PASSED] - (Counter++): null

2019-02-21 17:38:54 - [TEST_STEP][PASSED] - StrB = findTestData("Internal User List").getValue(2, Counter): null

2019-02-21 17:38:54 - [TEST_STEP][PASSED] - if (StrB.equals(StrA)): null

2019-02-21 17:38:54 - [TEST_STEP][PASSED] - (Counter++): null

2019-02-21 17:38:55 - [TEST_STEP][PASSED] - StrB = findTestData("Internal User List").getValue(2, Counter): null

2019-02-21 17:38:55 - [TEST_STEP][PASSED] - if (StrB.equals(StrA)): null

2019-02-21 17:38:55 - [TEST_STEP][PASSED] - (Counter++): null

2019-02-21 17:38:55 - [TEST_STEP][PASSED] - StrB = findTestData("Internal User List").getValue(2, Counter): null

2019-02-21 17:38:55 - [TEST_STEP][PASSED] - if (StrB.equals(StrA)): null

2019-02-21 17:38:55 - [TEST_STEP][PASSED] - (Counter++): null

2019-02-21 17:38:55 - [TEST_STEP][PASSED] - StrB = findTestData("Internal User List").getValue(2, Counter): null

2019-02-21 17:38:55 - [TEST_STEP][PASSED] - if (StrB.equals(StrA)): null

2019-02-21 17:38:55 - [TEST_STEP][PASSED] - (Counter++): null

2019-02-21 17:38:55 - [TEST_STEP][PASSED] - StrB = findTestData("Internal User List").getValue(2, Counter): null

2019-02-21 17:38:55 - [TEST_STEP][PASSED] - if (StrB.equals(StrA)): null

2019-02-21 17:38:55 - [TEST_STEP][PASSED] - (Counter++): null

2019-02-21 17:38:56 - [TEST_STEP][PASSED] - StrB = findTestData("Internal User List").getValue(2, Counter): null

2019-02-21 17:38:56 - [TEST_STEP][PASSED] - if (StrB.equals(StrA)): null

2019-02-21 17:38:56 - [TEST_STEP][PASSED] - (Counter++): null

2019-02-21 17:38:56 - [TEST_STEP][PASSED] - StrB = findTestData("Internal User List").getValue(2, Counter): null

2019-02-21 17:38:56 - [TEST_STEP][PASSED] - if (StrB.equals(StrA)): null

2019-02-21 17:38:56 - [TEST_STEP][PASSED] - (Counter++): null

2019-02-21 17:38:56 - [TEST_STEP][PASSED] - StrB = findTestData("Internal User List").getValue(2, Counter): null

2019-02-21 17:38:56 - [TEST_STEP][PASSED] - if (StrB.equals(StrA)): null

2019-02-21 17:38:56 - [TEST_STEP][PASSED] - (Counter++): null

2019-02-21 17:38:56 - [TEST_STEP][PASSED] - StrB = findTestData("Internal User List").getValue(2, Counter): null

2019-02-21 17:38:56 - [TEST_STEP][PASSED] - if (StrB.equals(StrA)): null

2019-02-21 17:38:56 - [TEST_STEP][PASSED] - (Counter++): null

2019-02-21 17:38:56 - [TEST_STEP][PASSED] - StrB = findTestData("Internal User List").getValue(2, Counter): null

2019-02-21 17:38:56 - [TEST_STEP][PASSED] - if (StrB.equals(StrA)): null

2019-02-21 17:38:56 - [TEST_STEP][PASSED] - StrEmail = findTestData("Internal User List").getValue(1, Counter): null

2019-02-21 17:38:56 - [TEST_STEP][PASSED] - InternalEmail = StrEmail: null

2019-02-21 17:38:56 - [TEST_STEP][PASSED] - out.println(StrEmail): null

2019-02-21 17:38:56 - [TEST_STEP][PASSED] - (Counter++): null

2019-02-21 17:38:57 - [MESSAGE][PASSED] - Call Test Case 'Test Cases/All TC/Arranged/1. Common/Internal Email Finder' successfully

2019-02-21 17:38:57 - [TEST_STEP][PASSED] - setText(findTestObject("KinJun/3.0 JSA Application/SEIO Internal Login - JSA Application - Reject/Page_PERKESO/Input username"), InternalEmail): Text 'jhseio5@perkeso.gov.my' is set on object 'Object Repository/KinJun/3.0 JSA Application/SEIO Internal Login - JSA Application - Reject/Page_PERKESO/Input username'

2019-02-21 17:38:57 - [MESSAGE][PASSED] - Text 'jhseio5@perkeso.gov.my' is set on object 'Object Repository/KinJun/3.0 JSA Application/SEIO Internal Login - JSA Application - Reject/Page_PERKESO/Input username'

2019-02-21 17:38:57 - [TEST_STEP][PASSED] - setEncryptedText(findTestObject("KinJun/3.0 JSA Application/SEIO Internal Login - JSA Application - Reject/Page_PERKESO/Input password"), "CQqwFZlbeC8="): Text ****** has been set on object 'Object Repository/KinJun/3.0 JSA Application/SEIO Internal Login - JSA Application - Reject/Page_PERKESO/Input password'

2019-02-21 17:38:57 - [MESSAGE][PASSED] - Text ****** has been set on object 'Object Repository/KinJun/3.0 JSA Application/SEIO Internal Login - JSA Application - Reject/Page_PERKESO/Input password'

2019-02-21 17:38:57 - [TEST_STEP][PASSED] - click(findTestObject("KinJun/3.0 JSA Application/SEIO Internal Login - JSA Application - Reject/Page_PERKESO/Btn Login")): Object: 'Object Repository/KinJun/3.0 JSA Application/SEIO Internal Login - JSA Application - Reject/Page_PERKESO/Btn Login' is clicked on

2019-02-21 17:38:58 - [MESSAGE][PASSED] - Object: 'Object Repository/KinJun/3.0 JSA Application/SEIO Internal Login - JSA Application - Reject/Page_PERKESO/Btn Login' is clicked on

2019-02-21 17:38:58 - [TEST_STEP][PASSED] - delay(3): Delayed 3 second(s)

2019-02-21 17:39:01 - [MESSAGE][PASSED] - Delayed 3 second(s)

2019-02-21 17:39:01 - [TEST_STEP][PASSED] - click(findTestObject("KinJun/3.0 JSA Application/SEIO Internal Login - JSA Application - Reject/Page_PERKESO/Click workbasket")): Object: 'Object Repository/KinJun/3.0 JSA Application/SEIO Internal Login - JSA Application - Reject/Page_PERKESO/Click workbasket' is clicked on

2019-02-21 17:39:02 - [MESSAGE][PASSED] - Object: 'Object Repository/KinJun/3.0 JSA Application/SEIO Internal Login - JSA Application - Reject/Page_PERKESO/Click workbasket' is clicked on

2019-02-21 17:39:02 - [TEST_STEP][PASSED] - delay(3): Delayed 3 second(s)

2019-02-21 17:39:05 - [MESSAGE][PASSED] - Delayed 3 second(s)

2019-02-21 17:39:05 - [TEST_STEP][PASSED] - click(findTestObject("KinJun/3.0 JSA Application/SEIO Internal Login - JSA Application - Reject/Page_PERKESO/Click Search Case")): Object: 'Object Repository/KinJun/3.0 JSA Application/SEIO Internal Login - JSA Application - Reject/Page_PERKESO/Click Search Case' is clicked on

2019-02-21 17:39:05 - [MESSAGE][PASSED] - Object: 'Object Repository/KinJun/3.0 JSA Application/SEIO Internal Login - JSA Application - Reject/Page_PERKESO/Click Search Case' is clicked on

2019-02-21 17:39:05 - [TEST_STEP][PASSED] - callTestCase(findTestCase("All TC/Arranged/1. Common/1.1 Getter/Getter IC"), [:], STOP_ON_FAILURE): Call Test Case 'Test Cases/All TC/Arranged/1. Common/1.1 Getter/Getter IC' successfully

2019-02-21 17:39:06 - [TEST_CASE][PASSED] - Test Cases/All TC/Arranged/1. Common/1.1 Getter/Getter IC: Test Cases/All TC/Arranged/1. Common/1.1 Getter/Getter IC

2019-02-21 17:39:06 - [TEST_STEP][PASSED] - try: null

2019-02-21 17:39:06 - [TEST_STEP][PASSED] - RefNo = new java.io.File((internal.GlobalVariable.TextFilePathCommon + \getIC.txt)): null

2019-02-21 17:39:06 - [TEST_STEP][PASSED] - bufferread = new java.io.BufferedReader(new java.io.FileReader(RefNo)): null

2019-02-21 17:39:06 - [TEST_STEP][PASSED] - readedVal = bufferread.readLine(): null

2019-02-21 17:39:06 - [TEST_STEP][PASSED] - out.println(IC): null

2019-02-21 17:39:06 - [TEST_STEP][PASSED] - out.println(readedVal): null

2019-02-21 17:39:06 - [TEST_STEP][PASSED] - IC = "": null

2019-02-21 17:39:06 - [TEST_STEP][PASSED] - IC = readedVal: null

2019-02-21 17:39:06 - [MESSAGE][PASSED] - Call Test Case 'Test Cases/All TC/Arranged/1. Common/1.1 Getter/Getter IC' successfully

2019-02-21 17:39:06 - [TEST_STEP][PASSED] - setText(findTestObject("KinJun/3.0 JSA Application/SEIO Internal Login - JSA Application - Reject/Page_PERKESO/Input IC"), IC): Text '811124125577' is set on object 'Object Repository/KinJun/3.0 JSA Application/SEIO Internal Login - JSA Application - Reject/Page_PERKESO/Input IC'

2019-02-21 17:39:06 - [MESSAGE][PASSED] - Text '811124125577' is set on object 'Object Repository/KinJun/3.0 JSA Application/SEIO Internal Login - JSA Application - Reject/Page_PERKESO/Input IC'

2019-02-21 17:39:06 - [TEST_STEP][PASSED] - click(findTestObject("KinJun/3.0 JSA Application/SEIO Internal Login - JSA Application - Reject/Page_PERKESO/Btn SearchIC")): Object: 'Object Repository/KinJun/3.0 JSA Application/SEIO Internal Login - JSA Application - Reject/Page_PERKESO/Btn SearchIC' is clicked on

2019-02-21 17:39:06 - [MESSAGE][PASSED] - Object: 'Object Repository/KinJun/3.0 JSA Application/SEIO Internal Login - JSA Application - Reject/Page_PERKESO/Btn SearchIC' is clicked on

2019-02-21 17:39:06 - [TEST_STEP][PASSED] - delay(3): Delayed 3 second(s)

2019-02-21 17:39:09 - [MESSAGE][PASSED] - Delayed 3 second(s)

2019-02-21 17:39:09 - [TEST_STEP][PASSED] - click(findTestObject("KinJun/3.0 JSA Application/SEIO Internal Login - JSA Application - Reject/Page_PERKESO/Click CaseID")): Object: 'Object Repository/KinJun/3.0 JSA Application/SEIO Internal Login - JSA Application - Reject/Page_PERKESO/Click CaseID' is clicked on

2019-02-21 17:39:10 - [MESSAGE][PASSED] - Object: 'Object Repository/KinJun/3.0 JSA Application/SEIO Internal Login - JSA Application - Reject/Page_PERKESO/Click CaseID' is clicked on

2019-02-21 17:39:10 - [TEST_STEP][PASSED] - delay(3): Delayed 3 second(s)

2019-02-21 17:39:13 - [MESSAGE][PASSED] - Delayed 3 second(s)

2019-02-21 17:39:13 - [TEST_STEP][PASSED] - acceptAlert(): Alert accepted

2019-02-21 17:39:13 - [MESSAGE][PASSED] - Alert accepted

2019-02-21 17:39:13 - [TEST_STEP][PASSED] - delay(3): Delayed 3 second(s)

2019-02-21 17:39:16 - [MESSAGE][PASSED] - Delayed 3 second(s)

2019-02-21 17:39:16 - [TEST_STEP][PASSED] - click(findTestObject("KinJun/3.0 JSA Application/SEIO Internal Login - JSA Application - Reject/Page_PERKESO/Btn Reject")): Object: 'Object Repository/KinJun/3.0 JSA Application/SEIO Internal Login - JSA Application - Reject/Page_PERKESO/Btn Reject' is clicked on

2019-02-21 17:39:16 - [MESSAGE][PASSED] - Object: 'Object Repository/KinJun/3.0 JSA Application/SEIO Internal Login - JSA Application - Reject/Page_PERKESO/Btn Reject' is clicked on

2019-02-21 17:39:16 - [TEST_STEP][PASSED] - delay(3): Delayed 3 second(s)

2019-02-21 17:39:19 - [MESSAGE][PASSED] - Delayed 3 second(s)

2019-02-21 17:39:19 - [TEST_STEP][PASSED] - click(findTestObject("KinJun/3.0 JSA Application/SEIO Internal Login - JSA Application - Reject/Page_PERKESO/Span reject reason")): Object: 'Object Repository/KinJun/3.0 JSA Application/SEIO Internal Login - JSA Application - Reject/Page_PERKESO/Span reject reason' is clicked on

2019-02-21 17:39:19 - [MESSAGE][PASSED] - Object: 'Object Repository/KinJun/3.0 JSA Application/SEIO Internal Login - JSA Application - Reject/Page_PERKESO/Span reject reason' is clicked on

2019-02-21 17:39:19 - [TEST_STEP][PASSED] - delay(5): Delayed 5 second(s)

2019-02-21 17:39:24 - [MESSAGE][PASSED] - Delayed 5 second(s)

2019-02-21 17:39:24 - [TEST_STEP][PASSED] - click(findTestObject("KinJun/3.0 JSA Application/SEIO Internal Login - JSA Application - Reject/Page_PERKESO/DD reject reason")): Object: 'Object Repository/KinJun/3.0 JSA Application/SEIO Internal Login - JSA Application - Reject/Page_PERKESO/DD reject reason' is clicked on

2019-02-21 17:39:25 - [MESSAGE][PASSED] - Object: 'Object Repository/KinJun/3.0 JSA Application/SEIO Internal Login - JSA Application - Reject/Page_PERKESO/DD reject reason' is clicked on

2019-02-21 17:39:25 - [TEST_STEP][PASSED] - click(findTestObject("KinJun/3.0 JSA Application/SEIO Internal Login - JSA Application - Reject/Page_PERKESO/Btn Confirm")): Object: 'Object Repository/KinJun/3.0 JSA Application/SEIO Internal Login - JSA Application - Reject/Page_PERKESO/Btn Confirm' is clicked on

2019-02-21 17:39:25 - [MESSAGE][PASSED] - Object: 'Object Repository/KinJun/3.0 JSA Application/SEIO Internal Login - JSA Application - Reject/Page_PERKESO/Btn Confirm' is clicked on

2019-02-21 17:39:25 - [TEST_STEP][PASSED] - delay(3): Delayed 3 second(s)

2019-02-21 17:39:28 - [MESSAGE][PASSED] - Delayed 3 second(s)

2019-02-21 17:39:28 - [TEST_STEP][PASSED] - click(findTestObject("KinJun/3.0 JSA Application/SEIO Internal Login - JSA Application - Reject/Page_PERKESO/Click username")): Object: 'Object Repository/KinJun/3.0 JSA Application/SEIO Internal Login - JSA Application - Reject/Page_PERKESO/Click username' is clicked on

2019-02-21 17:39:28 - [MESSAGE][PASSED] - Object: 'Object Repository/KinJun/3.0 JSA Application/SEIO Internal Login - JSA Application - Reject/Page_PERKESO/Click username' is clicked on

2019-02-21 17:39:28 - [TEST_STEP][PASSED] - delay(3): Delayed 3 second(s)

2019-02-21 17:39:31 - [MESSAGE][PASSED] - Delayed 3 second(s)

2019-02-21 17:39:31 - [TEST_STEP][PASSED] - click(findTestObject("KinJun/3.0 JSA Application/SEIO Internal Login - JSA Application - Reject/Page_PERKESO/Log out")): Object: 'Object Repository/KinJun/3.0 JSA Application/SEIO Internal Login - JSA Application - Reject/Page_PERKESO/Log out' is clicked on

2019-02-21 17:39:31 - [MESSAGE][PASSED] - Object: 'Object Repository/KinJun/3.0 JSA Application/SEIO Internal Login - JSA Application - Reject/Page_PERKESO/Log out' is clicked on

2019-02-21 17:39:31 - [MESSAGE][PASSED] - Call Test Case 'Test Cases/All TC/Arranged/2. Segment/2.3 JSA Application/SEIO Internal Login - JSA Application - Reject' successfully]]></system-out>
         <system-err><![CDATA[]]></system-err>
      </testcase>
      <testcase name="Test Cases/All TC/Arranged/0. Full Flow/Query/Same branch - SEIO" classname="Test Cases/All TC/Arranged/0. Full Flow/Query/Same branch - SEIO" status="FAILED">
         <failure type="FAILED" message="Test Cases/All TC/Arranged/0. Full Flow/Query/Same branch - SEIO FAILED.
Reason:
com.kms.katalon.core.exception.StepFailedException: Unable to click on object 'Object Repository/KinJun/6.0 Query/6.1 Same branch - SEIO/Page_PERKESO/Click username' (Root cause: com.kms.katalon.core.webui.exception.WebElementNotFoundException: Web element with id: 'Object Repository/KinJun/6.0 Query/6.1 Same branch - SEIO/Page_PERKESO/Click username' located by 'By.xpath: id(&quot;bg2&quot;)/header[1]/div[@class=&quot;container-fluid&quot;]/div[@class=&quot;row&quot;]/div[@class=&quot;col-md-2&quot;]/ul[@class=&quot;nav navbar-nav navbar-right&quot;]/li[@class=&quot;dropdown&quot;]/a[@class=&quot;dropdown-toggle&quot;][count(. | //a[@href = '#']) = count(//a[@href = '#'])]' not found)
	at com.kms.katalon.core.keyword.internal.KeywordMain.stepFailed(KeywordMain.groovy:36)
	at com.kms.katalon.core.webui.keyword.internal.WebUIKeywordMain.stepFailed(WebUIKeywordMain.groovy:65)
	at com.kms.katalon.core.webui.keyword.internal.WebUIKeywordMain.runKeyword(WebUIKeywordMain.groovy:27)
	at com.kms.katalon.core.webui.keyword.builtin.ClickKeyword.click(ClickKeyword.groovy:86)
	at com.kms.katalon.core.webui.keyword.builtin.ClickKeyword.execute(ClickKeyword.groovy:67)
	at com.kms.katalon.core.keyword.internal.KeywordExecutor.executeKeywordForPlatform(KeywordExecutor.groovy:53)
	at com.kms.katalon.core.webui.keyword.WebUiBuiltInKeywords.click(WebUiBuiltInKeywords.groovy:616)
	at com.kms.katalon.core.webui.keyword.WebUiBuiltInKeywords$click$3.call(Unknown Source)
	at 6.1 Same Branch - SEIO.run(6.1 Same Branch - SEIO:86)
	at com.kms.katalon.core.main.ScriptEngine.run(ScriptEngine.java:194)
	at com.kms.katalon.core.main.ScriptEngine.runScriptAsRawText(ScriptEngine.java:119)
	at com.kms.katalon.core.main.TestCaseExecutor.runScript(TestCaseExecutor.java:328)
	at com.kms.katalon.core.main.TestCaseExecutor.doExecute(TestCaseExecutor.java:319)
	at com.kms.katalon.core.main.TestCaseExecutor.processExecutionPhase(TestCaseExecutor.java:298)
	at com.kms.katalon.core.main.TestCaseExecutor.accessMainPhase(TestCaseExecutor.java:290)
	at com.kms.katalon.core.main.TestCaseExecutor.execute(TestCaseExecutor.java:224)
	at com.kms.katalon.core.main.TestCaseMain.runTestCase(TestCaseMain.java:106)
	at com.kms.katalon.core.keyword.builtin.CallTestCaseKeyword$_callTestCase_closure1.doCall(CallTestCaseKeyword.groovy:59)
	at com.kms.katalon.core.keyword.builtin.CallTestCaseKeyword$_callTestCase_closure1.call(CallTestCaseKeyword.groovy)
	at com.kms.katalon.core.keyword.internal.KeywordMain.runKeyword(KeywordMain.groovy:54)
	at com.kms.katalon.core.keyword.builtin.CallTestCaseKeyword.callTestCase(CallTestCaseKeyword.groovy:80)
	at com.kms.katalon.core.keyword.builtin.CallTestCaseKeyword.execute(CallTestCaseKeyword.groovy:44)
	at com.kms.katalon.core.keyword.internal.KeywordExecutor.executeKeywordForPlatform(KeywordExecutor.groovy:53)
	at com.kms.katalon.core.keyword.BuiltinKeywords.callTestCase(BuiltinKeywords.groovy:334)
	at Same branch - SEIO.run(Same branch - SEIO:22)
	at com.kms.katalon.core.main.ScriptEngine.run(ScriptEngine.java:194)
	at com.kms.katalon.core.main.ScriptEngine.runScriptAsRawText(ScriptEngine.java:119)
	at com.kms.katalon.core.main.TestCaseExecutor.runScript(TestCaseExecutor.java:328)
	at com.kms.katalon.core.main.TestCaseExecutor.doExecute(TestCaseExecutor.java:319)
	at com.kms.katalon.core.main.TestCaseExecutor.processExecutionPhase(TestCaseExecutor.java:298)
	at com.kms.katalon.core.main.TestCaseExecutor.accessMainPhase(TestCaseExecutor.java:290)
	at com.kms.katalon.core.main.TestCaseExecutor.execute(TestCaseExecutor.java:224)
	at com.kms.katalon.core.main.TestSuiteExecutor.accessTestCaseMainPhase(TestSuiteExecutor.java:129)
	at com.kms.katalon.core.main.TestSuiteExecutor.accessTestSuiteMainPhase(TestSuiteExecutor.java:112)
	at com.kms.katalon.core.main.TestSuiteExecutor.execute(TestSuiteExecutor.java:81)
	at com.kms.katalon.core.main.TestCaseMain.startTestSuite(TestCaseMain.java:149)
	at com.kms.katalon.core.main.TestCaseMain$startTestSuite$0.call(Unknown Source)
	at TempTestSuite1550738418733.run(TempTestSuite1550738418733.groovy:36)
"/>
         <system-out><![CDATA[2019-02-21 17:39:31 - [TEST_CASE][FAILED] - Test Cases/All TC/Arranged/0. Full Flow/Query/Same branch - SEIO: Test Cases/All TC/Arranged/0. Full Flow/Query/Same branch - SEIO FAILED.
Reason:
com.kms.katalon.core.exception.StepFailedException: Unable to click on object 'Object Repository/KinJun/6.0 Query/6.1 Same branch - SEIO/Page_PERKESO/Click username' (Root cause: com.kms.katalon.core.webui.exception.WebElementNotFoundException: Web element with id: 'Object Repository/KinJun/6.0 Query/6.1 Same branch - SEIO/Page_PERKESO/Click username' located by 'By.xpath: id("bg2")/header[1]/div[@class="container-fluid"]/div[@class="row"]/div[@class="col-md-2"]/ul[@class="nav navbar-nav navbar-right"]/li[@class="dropdown"]/a[@class="dropdown-toggle"][count(. | //a[@href = '#']) = count(//a[@href = '#'])]' not found)
	at com.kms.katalon.core.keyword.internal.KeywordMain.stepFailed(KeywordMain.groovy:36)
	at com.kms.katalon.core.webui.keyword.internal.WebUIKeywordMain.stepFailed(WebUIKeywordMain.groovy:65)
	at com.kms.katalon.core.webui.keyword.internal.WebUIKeywordMain.runKeyword(WebUIKeywordMain.groovy:27)
	at com.kms.katalon.core.webui.keyword.builtin.ClickKeyword.click(ClickKeyword.groovy:86)
	at com.kms.katalon.core.webui.keyword.builtin.ClickKeyword.execute(ClickKeyword.groovy:67)
	at com.kms.katalon.core.keyword.internal.KeywordExecutor.executeKeywordForPlatform(KeywordExecutor.groovy:53)
	at com.kms.katalon.core.webui.keyword.WebUiBuiltInKeywords.click(WebUiBuiltInKeywords.groovy:616)
	at com.kms.katalon.core.webui.keyword.WebUiBuiltInKeywords$click$3.call(Unknown Source)
	at 6.1 Same Branch - SEIO.run(6.1 Same Branch - SEIO:86)
	at com.kms.katalon.core.main.ScriptEngine.run(ScriptEngine.java:194)
	at com.kms.katalon.core.main.ScriptEngine.runScriptAsRawText(ScriptEngine.java:119)
	at com.kms.katalon.core.main.TestCaseExecutor.runScript(TestCaseExecutor.java:328)
	at com.kms.katalon.core.main.TestCaseExecutor.doExecute(TestCaseExecutor.java:319)
	at com.kms.katalon.core.main.TestCaseExecutor.processExecutionPhase(TestCaseExecutor.java:298)
	at com.kms.katalon.core.main.TestCaseExecutor.accessMainPhase(TestCaseExecutor.java:290)
	at com.kms.katalon.core.main.TestCaseExecutor.execute(TestCaseExecutor.java:224)
	at com.kms.katalon.core.main.TestCaseMain.runTestCase(TestCaseMain.java:106)
	at com.kms.katalon.core.keyword.builtin.CallTestCaseKeyword$_callTestCase_closure1.doCall(CallTestCaseKeyword.groovy:59)
	at com.kms.katalon.core.keyword.builtin.CallTestCaseKeyword$_callTestCase_closure1.call(CallTestCaseKeyword.groovy)
	at com.kms.katalon.core.keyword.internal.KeywordMain.runKeyword(KeywordMain.groovy:54)
	at com.kms.katalon.core.keyword.builtin.CallTestCaseKeyword.callTestCase(CallTestCaseKeyword.groovy:80)
	at com.kms.katalon.core.keyword.builtin.CallTestCaseKeyword.execute(CallTestCaseKeyword.groovy:44)
	at com.kms.katalon.core.keyword.internal.KeywordExecutor.executeKeywordForPlatform(KeywordExecutor.groovy:53)
	at com.kms.katalon.core.keyword.BuiltinKeywords.callTestCase(BuiltinKeywords.groovy:334)
	at Same branch - SEIO.run(Same branch - SEIO:22)
	at com.kms.katalon.core.main.ScriptEngine.run(ScriptEngine.java:194)
	at com.kms.katalon.core.main.ScriptEngine.runScriptAsRawText(ScriptEngine.java:119)
	at com.kms.katalon.core.main.TestCaseExecutor.runScript(TestCaseExecutor.java:328)
	at com.kms.katalon.core.main.TestCaseExecutor.doExecute(TestCaseExecutor.java:319)
	at com.kms.katalon.core.main.TestCaseExecutor.processExecutionPhase(TestCaseExecutor.java:298)
	at com.kms.katalon.core.main.TestCaseExecutor.accessMainPhase(TestCaseExecutor.java:290)
	at com.kms.katalon.core.main.TestCaseExecutor.execute(TestCaseExecutor.java:224)
	at com.kms.katalon.core.main.TestSuiteExecutor.accessTestCaseMainPhase(TestSuiteExecutor.java:129)
	at com.kms.katalon.core.main.TestSuiteExecutor.accessTestSuiteMainPhase(TestSuiteExecutor.java:112)
	at com.kms.katalon.core.main.TestSuiteExecutor.execute(TestSuiteExecutor.java:81)
	at com.kms.katalon.core.main.TestCaseMain.startTestSuite(TestCaseMain.java:149)
	at com.kms.katalon.core.main.TestCaseMain$startTestSuite$0.call(Unknown Source)
	at TempTestSuite1550738418733.run(TempTestSuite1550738418733.groovy:36)


2019-02-21 17:39:32 - [TEST_STEP][PASSED] - callTestCase(findTestCase("All TC/Arranged/2. Segment/OTC_Submit Form 7_End to End - Cheque"), [:], STOP_ON_FAILURE): Call Test Case 'Test Cases/All TC/Arranged/2. Segment/OTC_Submit Form 7_End to End - Cheque' successfully

2019-02-21 17:39:32 - [TEST_CASE][PASSED] - Test Cases/All TC/Arranged/2. Segment/OTC_Submit Form 7_End to End - Cheque: Test Cases/All TC/Arranged/2. Segment/OTC_Submit Form 7_End to End - Cheque

2019-02-21 17:39:32 - [TEST_STEP][PASSED] - callTestCase(findTestCase("All TC/Arranged/3. Unit/EI/Form 7_default/OTC_Application_Reg"), [:], STOP_ON_FAILURE): Call Test Case 'Test Cases/All TC/Arranged/3. Unit/EI/Form 7_default/OTC_Application_Reg' successfully

2019-02-21 17:39:32 - [TEST_CASE][PASSED] - Test Cases/All TC/Arranged/3. Unit/EI/Form 7_default/OTC_Application_Reg: Test Cases/All TC/Arranged/3. Unit/EI/Form 7_default/OTC_Application_Reg

2019-02-21 17:39:32 - [TEST_STEP][PASSED] - openBrowser(""): Browser is opened with url: ''

2019-02-21 17:39:32 - [MESSAGE][WARNING] - A browser is already opened. Closing browser and opening a new one

2019-02-21 17:39:33 - [MESSAGE][INFO] - Starting 'Chrome' driver

2019-02-21 17:39:33 - [MESSAGE][INFO] - User set preference: ['args', '[--start-maximized]']

2019-02-21 17:39:35 - [MESSAGE][PASSED] - Browser is opened with url: ''

2019-02-21 17:39:35 - [TEST_STEP][PASSED] - navigateToUrl(Internal_Login): Navigate to 'http://10.20.24.188/eisportal/user/login' successfully

2019-02-21 17:39:36 - [MESSAGE][PASSED] - Navigate to 'http://10.20.24.188/eisportal/user/login' successfully

2019-02-21 17:39:36 - [TEST_STEP][PASSED] - delay(3): Delayed 3 second(s)

2019-02-21 17:39:39 - [MESSAGE][PASSED] - Delayed 3 second(s)

2019-02-21 17:39:39 - [TEST_STEP][PASSED] - setText(findTestObject("KeatMun/Form 7_default/OTC_Application_Reg/Page_PERKESO/1.username"), "faizal.hamid@perkeso.gov.my"): Text 'faizal.hamid@perkeso.gov.my' is set on object 'Object Repository/KeatMun/Form 7_default/OTC_Application_Reg/Page_PERKESO/1.username'

2019-02-21 17:39:39 - [MESSAGE][PASSED] - Text 'faizal.hamid@perkeso.gov.my' is set on object 'Object Repository/KeatMun/Form 7_default/OTC_Application_Reg/Page_PERKESO/1.username'

2019-02-21 17:39:39 - [TEST_STEP][PASSED] - delay(1): Delayed 1 second(s)

2019-02-21 17:39:40 - [MESSAGE][PASSED] - Delayed 1 second(s)

2019-02-21 17:39:40 - [TEST_STEP][PASSED] - setEncryptedText(findTestObject("KeatMun/Form 7_default/OTC_Application_Reg/Page_PERKESO/2.password"), "CQqwFZlbeC8="): Text ****** has been set on object 'Object Repository/KeatMun/Form 7_default/OTC_Application_Reg/Page_PERKESO/2.password'

2019-02-21 17:39:40 - [MESSAGE][PASSED] - Text ****** has been set on object 'Object Repository/KeatMun/Form 7_default/OTC_Application_Reg/Page_PERKESO/2.password'

2019-02-21 17:39:40 - [TEST_STEP][PASSED] - delay(2): Delayed 2 second(s)

2019-02-21 17:39:42 - [MESSAGE][PASSED] - Delayed 2 second(s)

2019-02-21 17:39:42 - [TEST_STEP][PASSED] - click(findTestObject("KeatMun/Form 7_default/OTC_Application_Reg/Page_PERKESO/3.login button")): Object: 'Object Repository/KeatMun/Form 7_default/OTC_Application_Reg/Page_PERKESO/3.login button' is clicked on

2019-02-21 17:39:43 - [MESSAGE][PASSED] - Object: 'Object Repository/KeatMun/Form 7_default/OTC_Application_Reg/Page_PERKESO/3.login button' is clicked on

2019-02-21 17:39:43 - [TEST_STEP][PASSED] - delay(2): Delayed 2 second(s)

2019-02-21 17:39:45 - [MESSAGE][PASSED] - Delayed 2 second(s)

2019-02-21 17:39:45 - [TEST_STEP][PASSED] - click(findTestObject("KeatMun/Form 7_default/OTC_Application_Reg/Page_PERKESO/4. Permohonan tab")): Object: 'Object Repository/KeatMun/Form 7_default/OTC_Application_Reg/Page_PERKESO/4. Permohonan tab' is clicked on

2019-02-21 17:39:46 - [MESSAGE][PASSED] - Object: 'Object Repository/KeatMun/Form 7_default/OTC_Application_Reg/Page_PERKESO/4. Permohonan tab' is clicked on

2019-02-21 17:39:46 - [TEST_STEP][PASSED] - delay(2): Delayed 2 second(s)

2019-02-21 17:39:48 - [MESSAGE][PASSED] - Delayed 2 second(s)

2019-02-21 17:39:48 - [TEST_STEP][PASSED] - click(findTestObject("KeatMun/Form 7_default/OTC_Application_Reg/Page_PERKESO/5.button_Setuju")): Object: 'Object Repository/KeatMun/Form 7_default/OTC_Application_Reg/Page_PERKESO/5.button_Setuju' is clicked on

2019-02-21 17:39:49 - [MESSAGE][PASSED] - Object: 'Object Repository/KeatMun/Form 7_default/OTC_Application_Reg/Page_PERKESO/5.button_Setuju' is clicked on

2019-02-21 17:39:49 - [TEST_STEP][PASSED] - delay(2): Delayed 2 second(s)

2019-02-21 17:39:51 - [MESSAGE][PASSED] - Delayed 2 second(s)

2019-02-21 17:39:51 - [TEST_STEP][PASSED] - callTestCase(findTestCase("All TC/Arranged/1. Common/IC List Checker"), [:], STOP_ON_FAILURE): Call Test Case 'Test Cases/All TC/Arranged/1. Common/IC List Checker' successfully

2019-02-21 17:39:51 - [TEST_CASE][PASSED] - Test Cases/All TC/Arranged/1. Common/IC List Checker: Test Cases/All TC/Arranged/1. Common/IC List Checker

2019-02-21 17:39:51 - [TEST_STEP][PASSED] - counter = 0: null

2019-02-21 17:39:51 - [TEST_STEP][PASSED] - fis = new java.io.FileInputStream((internal.GlobalVariable.TextFilePathCommon + \IC.xlsx)): null

2019-02-21 17:39:51 - [TEST_STEP][PASSED] - workbook = new org.apache.poi.xssf.usermodel.XSSFWorkbook(fis): null

2019-02-21 17:39:51 - [TEST_STEP][PASSED] - sheet = workbook.getSheet("Sheet1"): null

2019-02-21 17:39:51 - [TEST_STEP][PASSED] - totalRow = sheet.getLastRowNum(): null

2019-02-21 17:39:51 - [TEST_STEP][PASSED] - out.println(totalRow): null

2019-02-21 17:39:51 - [TEST_STEP][PASSED] - row = sheet.getRow(counter): null

2019-02-21 17:39:51 - [TEST_STEP][PASSED] - cell = row.getCell(counter): null

2019-02-21 17:39:51 - [TEST_STEP][PASSED] - a = cell.getStringCellValue(): null

2019-02-21 17:39:51 - [TEST_STEP][PASSED] - IC = a: null

2019-02-21 17:39:51 - [TEST_STEP][PASSED] - out.println(IC): null

2019-02-21 17:39:51 - [TEST_STEP][PASSED] - callTestCase(findTestCase("All TC/Arranged/1. Common/1.2 Setter/Setter IC"), [:], STOP_ON_FAILURE): Call Test Case 'Test Cases/All TC/Arranged/1. Common/1.2 Setter/Setter IC' successfully

2019-02-21 17:39:51 - [TEST_CASE][PASSED] - Test Cases/All TC/Arranged/1. Common/1.2 Setter/Setter IC: Test Cases/All TC/Arranged/1. Common/1.2 Setter/Setter IC

2019-02-21 17:39:51 - [TEST_STEP][PASSED] - RefNoOldFile = new java.io.File((internal.GlobalVariable.TextFilePathCommon + \getIC.txt)): null

2019-02-21 17:39:51 - [TEST_STEP][PASSED] - RefNoOldFile.delete(): null

2019-02-21 17:39:51 - [TEST_STEP][PASSED] - delay(5): Delayed 5 second(s)

2019-02-21 17:39:56 - [MESSAGE][PASSED] - Delayed 5 second(s)

2019-02-21 17:39:56 - [TEST_STEP][PASSED] - RefNo = new java.io.File((internal.GlobalVariable.TextFilePathCommon + \getIC.txt)): null

2019-02-21 17:39:56 - [TEST_STEP][PASSED] - f2 = new java.io.FileWriter(RefNo, false): null

2019-02-21 17:39:56 - [TEST_STEP][PASSED] - f2.write(IC): null

2019-02-21 17:39:56 - [TEST_STEP][PASSED] - f2.close(): null

2019-02-21 17:39:56 - [TEST_STEP][PASSED] - out.println("


" + IC + "


"): null

2019-02-21 17:39:56 - [MESSAGE][PASSED] - Call Test Case 'Test Cases/All TC/Arranged/1. Common/1.2 Setter/Setter IC' successfully

2019-02-21 17:39:56 - [MESSAGE][PASSED] - Call Test Case 'Test Cases/All TC/Arranged/1. Common/IC List Checker' successfully

2019-02-21 17:39:56 - [TEST_STEP][PASSED] - setText(findTestObject("KeatMun/Form 7_default/OTC_Application_Reg/Page_PERKESO/6.No. Kad Pengenalan"), IC): Text '770424125853' is set on object 'Object Repository/KeatMun/Form 7_default/OTC_Application_Reg/Page_PERKESO/6.No. Kad Pengenalan'

2019-02-21 17:39:56 - [MESSAGE][PASSED] - Text '770424125853' is set on object 'Object Repository/KeatMun/Form 7_default/OTC_Application_Reg/Page_PERKESO/6.No. Kad Pengenalan'

2019-02-21 17:39:56 - [TEST_STEP][PASSED] - delay(2): Delayed 2 second(s)

2019-02-21 17:39:58 - [MESSAGE][PASSED] - Delayed 2 second(s)

2019-02-21 17:39:58 - [TEST_STEP][PASSED] - click(findTestObject("KeatMun/Form 7_default/OTC_Application_Reg/Page_PERKESO/7.button_Semak")): Object: 'Object Repository/KeatMun/Form 7_default/OTC_Application_Reg/Page_PERKESO/7.button_Semak' is clicked on

2019-02-21 17:39:59 - [MESSAGE][PASSED] - Object: 'Object Repository/KeatMun/Form 7_default/OTC_Application_Reg/Page_PERKESO/7.button_Semak' is clicked on

2019-02-21 17:39:59 - [TEST_STEP][PASSED] - delay(4): Delayed 4 second(s)

2019-02-21 17:40:03 - [MESSAGE][PASSED] - Delayed 4 second(s)

2019-02-21 17:40:03 - [TEST_STEP][PASSED] - click(findTestObject("KeatMun/Form 7_default/OTC_Application_Reg/Page_PERKESO/8. Nama Majikan Dropdown")): Object: 'Object Repository/KeatMun/Form 7_default/OTC_Application_Reg/Page_PERKESO/8. Nama Majikan Dropdown' is clicked on

2019-02-21 17:40:03 - [MESSAGE][PASSED] - Object: 'Object Repository/KeatMun/Form 7_default/OTC_Application_Reg/Page_PERKESO/8. Nama Majikan Dropdown' is clicked on

2019-02-21 17:40:03 - [TEST_STEP][PASSED] - setText(findTestObject("KeatMun/Form 7_default/OTC_Application_Reg/Page_PERKESO/8. LOE emp"), "pet"): Text 'pet' is set on object 'Object Repository/KeatMun/Form 7_default/OTC_Application_Reg/Page_PERKESO/8. LOE emp'

2019-02-21 17:40:03 - [MESSAGE][PASSED] - Text 'pet' is set on object 'Object Repository/KeatMun/Form 7_default/OTC_Application_Reg/Page_PERKESO/8. LOE emp'

2019-02-21 17:40:03 - [TEST_STEP][PASSED] - click(findTestObject("KeatMun/Form 7_default/OTC_Application_Reg/Page_PERKESO/8. PETRONAS")): Object: 'Object Repository/KeatMun/Form 7_default/OTC_Application_Reg/Page_PERKESO/8. PETRONAS' is clicked on

2019-02-21 17:40:03 - [MESSAGE][PASSED] - Object: 'Object Repository/KeatMun/Form 7_default/OTC_Application_Reg/Page_PERKESO/8. PETRONAS' is clicked on

2019-02-21 17:40:03 - [TEST_STEP][PASSED] - delay(2): Delayed 2 second(s)

2019-02-21 17:40:05 - [MESSAGE][PASSED] - Delayed 2 second(s)

2019-02-21 17:40:05 - [TEST_STEP][PASSED] - TodayDate = new java.util.Date(): null

2019-02-21 17:40:05 - [TEST_STEP][PASSED] - CurrentDateNoFilter = new java.text.SimpleDateFormat(): null

2019-02-21 17:40:05 - [TEST_STEP][PASSED] - CurrentDateNoFilter.applyPattern("dd/MM/yyyy"): null

2019-02-21 17:40:05 - [TEST_STEP][PASSED] - CurrentDate = CurrentDateNoFilter.format(TodayDate): null

2019-02-21 17:40:05 - [TEST_STEP][PASSED] - out.println(CurrentDate): null

2019-02-21 17:40:05 - [TEST_STEP][PASSED] - date = CurrentDate: null

2019-02-21 17:40:05 - [TEST_STEP][PASSED] - setText(findTestObject("KeatMun/Form 7_default/OTC_Application_Reg/Page_PERKESO/9.Tarikh kehilangan pkj"), date): Text '21/02/2019' is set on object 'Object Repository/KeatMun/Form 7_default/OTC_Application_Reg/Page_PERKESO/9.Tarikh kehilangan pkj'

2019-02-21 17:40:05 - [MESSAGE][PASSED] - Text '21/02/2019' is set on object 'Object Repository/KeatMun/Form 7_default/OTC_Application_Reg/Page_PERKESO/9.Tarikh kehilangan pkj'

2019-02-21 17:40:05 - [TEST_STEP][PASSED] - delay(2): Delayed 2 second(s)

2019-02-21 17:40:07 - [MESSAGE][PASSED] - Delayed 2 second(s)

2019-02-21 17:40:07 - [TEST_STEP][PASSED] - click(findTestObject("KeatMun/Form 7_default/OTC_Application_Reg/Page_PERKESO/9. Date Picker Done Button ")): Object: 'Object Repository/KeatMun/Form 7_default/OTC_Application_Reg/Page_PERKESO/9. Date Picker Done Button ' is clicked on

2019-02-21 17:40:08 - [MESSAGE][PASSED] - Object: 'Object Repository/KeatMun/Form 7_default/OTC_Application_Reg/Page_PERKESO/9. Date Picker Done Button ' is clicked on

2019-02-21 17:40:08 - [TEST_STEP][PASSED] - delay(2): Delayed 2 second(s)

2019-02-21 17:40:10 - [MESSAGE][PASSED] - Delayed 2 second(s)

2019-02-21 17:40:10 - [TEST_STEP][PASSED] - click(findTestObject("KeatMun/Form 7_default/OTC_Application_Reg/Page_PERKESO/10.button_Mohon")): Object: 'Object Repository/KeatMun/Form 7_default/OTC_Application_Reg/Page_PERKESO/10.button_Mohon' is clicked on

2019-02-21 17:40:10 - [MESSAGE][PASSED] - Object: 'Object Repository/KeatMun/Form 7_default/OTC_Application_Reg/Page_PERKESO/10.button_Mohon' is clicked on

2019-02-21 17:40:10 - [TEST_STEP][PASSED] - delay(2): Delayed 2 second(s)

2019-02-21 17:40:12 - [MESSAGE][PASSED] - Delayed 2 second(s)

2019-02-21 17:40:12 - [TEST_STEP][PASSED] - setText(findTestObject("KeatMun/Form 7_default/OTC_Application_Reg/Page_PERKESO/11.Tarikh Terima_stampedDtS"), "10/01/2019"): Text '10/01/2019' is set on object 'Object Repository/KeatMun/Form 7_default/OTC_Application_Reg/Page_PERKESO/11.Tarikh Terima_stampedDtS'

2019-02-21 17:40:12 - [MESSAGE][PASSED] - Text '10/01/2019' is set on object 'Object Repository/KeatMun/Form 7_default/OTC_Application_Reg/Page_PERKESO/11.Tarikh Terima_stampedDtS'

2019-02-21 17:40:12 - [TEST_STEP][PASSED] - delay(2): Delayed 2 second(s)

2019-02-21 17:40:14 - [MESSAGE][PASSED] - Delayed 2 second(s)

2019-02-21 17:40:14 - [TEST_STEP][PASSED] - click(findTestObject("KeatMun/Form 7_default/OTC_Application_Reg/Page_PERKESO/11. Date Picker Done Button")): Object: 'Object Repository/KeatMun/Form 7_default/OTC_Application_Reg/Page_PERKESO/11. Date Picker Done Button' is clicked on

2019-02-21 17:40:14 - [MESSAGE][PASSED] - Object: 'Object Repository/KeatMun/Form 7_default/OTC_Application_Reg/Page_PERKESO/11. Date Picker Done Button' is clicked on

2019-02-21 17:40:14 - [TEST_STEP][PASSED] - delay(2): Delayed 2 second(s)

2019-02-21 17:40:16 - [MESSAGE][PASSED] - Delayed 2 second(s)

2019-02-21 17:40:16 - [TEST_STEP][PASSED] - click(findTestObject("KeatMun/Form 7_default/OTC_Application_Reg/Page_PERKESO/11.button_TERUSKAN")): Object: 'Object Repository/KeatMun/Form 7_default/OTC_Application_Reg/Page_PERKESO/11.button_TERUSKAN' is clicked on

2019-02-21 17:40:16 - [MESSAGE][PASSED] - Object: 'Object Repository/KeatMun/Form 7_default/OTC_Application_Reg/Page_PERKESO/11.button_TERUSKAN' is clicked on

2019-02-21 17:40:16 - [TEST_STEP][PASSED] - delay(2): Delayed 2 second(s)

2019-02-21 17:40:18 - [MESSAGE][PASSED] - Delayed 2 second(s)

2019-02-21 17:40:18 - [TEST_STEP][PASSED] - selectOptionByValue(findTestObject("KeatMun/Form 7_default/OTC_Application_Reg/Page_PERKESO/12.--Sila Pilih--PejabatPKS"), "22", true): All options with value '22' are selected in object 'Object Repository/KeatMun/Form 7_default/OTC_Application_Reg/Page_PERKESO/12.--Sila Pilih--PejabatPKS'  using regular expression

2019-02-21 17:40:19 - [MESSAGE][PASSED] - All options with value '22' are selected in object 'Object Repository/KeatMun/Form 7_default/OTC_Application_Reg/Page_PERKESO/12.--Sila Pilih--PejabatPKS'  using regular expression

2019-02-21 17:40:19 - [TEST_STEP][PASSED] - delay(2): Delayed 2 second(s)

2019-02-21 17:40:21 - [MESSAGE][PASSED] - Delayed 2 second(s)

2019-02-21 17:40:21 - [TEST_STEP][PASSED] - click(findTestObject("KeatMun/Form 7_default/OTC_Application_Reg/Page_PERKESO/13. Halaman Seterusnya")): Object: 'Object Repository/KeatMun/Form 7_default/OTC_Application_Reg/Page_PERKESO/13. Halaman Seterusnya' is clicked on

2019-02-21 17:40:22 - [MESSAGE][PASSED] - Object: 'Object Repository/KeatMun/Form 7_default/OTC_Application_Reg/Page_PERKESO/13. Halaman Seterusnya' is clicked on

2019-02-21 17:40:22 - [MESSAGE][PASSED] - Call Test Case 'Test Cases/All TC/Arranged/3. Unit/EI/Form 7_default/OTC_Application_Reg' successfully

2019-02-21 17:40:22 - [TEST_STEP][PASSED] - callTestCase(findTestCase("All TC/Arranged/3. Unit/EI/Form 7_default/OTC_Submit Form 7_Section A"), [:], STOP_ON_FAILURE): Call Test Case 'Test Cases/All TC/Arranged/3. Unit/EI/Form 7_default/OTC_Submit Form 7_Section A' successfully

2019-02-21 17:40:22 - [TEST_CASE][PASSED] - Test Cases/All TC/Arranged/3. Unit/EI/Form 7_default/OTC_Submit Form 7_Section A: Test Cases/All TC/Arranged/3. Unit/EI/Form 7_default/OTC_Submit Form 7_Section A

2019-02-21 17:40:22 - [TEST_STEP][PASSED] - delay(2): Delayed 2 second(s)

2019-02-21 17:40:24 - [MESSAGE][PASSED] - Delayed 2 second(s)

2019-02-21 17:40:24 - [TEST_STEP][PASSED] - setText(findTestObject("KeatMun/Form 7_default/OTC_Submit Form 7_Section A/Page_PERKESO/A4. EmployeeDob"), "10/01/2019"): Text '10/01/2019' is set on object 'Object Repository/KeatMun/Form 7_default/OTC_Submit Form 7_Section A/Page_PERKESO/A4. EmployeeDob'

2019-02-21 17:40:24 - [MESSAGE][PASSED] - Text '10/01/2019' is set on object 'Object Repository/KeatMun/Form 7_default/OTC_Submit Form 7_Section A/Page_PERKESO/A4. EmployeeDob'

2019-02-21 17:40:24 - [TEST_STEP][PASSED] - delay(2): Delayed 2 second(s)

2019-02-21 17:40:26 - [MESSAGE][PASSED] - Delayed 2 second(s)

2019-02-21 17:40:26 - [TEST_STEP][PASSED] - click(findTestObject("KeatMun/Form 7_default/OTC_Submit Form 7_Section A/Page_PERKESO/A5. Bangsa")): Object: 'Object Repository/KeatMun/Form 7_default/OTC_Submit Form 7_Section A/Page_PERKESO/A5. Bangsa' is clicked on

2019-02-21 17:40:26 - [MESSAGE][PASSED] - Object: 'Object Repository/KeatMun/Form 7_default/OTC_Submit Form 7_Section A/Page_PERKESO/A5. Bangsa' is clicked on

2019-02-21 17:40:26 - [TEST_STEP][PASSED] - click(findTestObject("KeatMun/Form 7_default/OTC_Submit Form 7_Section A/Page_PERKESO/A5. Bumiputera Sabah")): Object: 'Object Repository/KeatMun/Form 7_default/OTC_Submit Form 7_Section A/Page_PERKESO/A5. Bumiputera Sabah' is clicked on

2019-02-21 17:40:26 - [MESSAGE][PASSED] - Object: 'Object Repository/KeatMun/Form 7_default/OTC_Submit Form 7_Section A/Page_PERKESO/A5. Bumiputera Sabah' is clicked on

2019-02-21 17:40:26 - [TEST_STEP][PASSED] - delay(2): Delayed 2 second(s)

2019-02-21 17:40:28 - [MESSAGE][PASSED] - Delayed 2 second(s)

2019-02-21 17:40:28 - [TEST_STEP][PASSED] - click(findTestObject("KeatMun/Form 7_default/OTC_Submit Form 7_Section A/Page_PERKESO/A6. Jantina")): Object: 'Object Repository/KeatMun/Form 7_default/OTC_Submit Form 7_Section A/Page_PERKESO/A6. Jantina' is clicked on

2019-02-21 17:40:28 - [MESSAGE][PASSED] - Object: 'Object Repository/KeatMun/Form 7_default/OTC_Submit Form 7_Section A/Page_PERKESO/A6. Jantina' is clicked on

2019-02-21 17:40:28 - [TEST_STEP][PASSED] - click(findTestObject("KeatMun/Form 7_default/OTC_Submit Form 7_Section A/Page_PERKESO/A6. Lelaki")): Object: 'Object Repository/KeatMun/Form 7_default/OTC_Submit Form 7_Section A/Page_PERKESO/A6. Lelaki' is clicked on

2019-02-21 17:40:29 - [MESSAGE][PASSED] - Object: 'Object Repository/KeatMun/Form 7_default/OTC_Submit Form 7_Section A/Page_PERKESO/A6. Lelaki' is clicked on

2019-02-21 17:40:29 - [TEST_STEP][PASSED] - delay(2): Delayed 2 second(s)

2019-02-21 17:40:31 - [MESSAGE][PASSED] - Delayed 2 second(s)

2019-02-21 17:40:31 - [TEST_STEP][PASSED] - click(findTestObject("KeatMun/Form 7_default/OTC_Submit Form 7_Section A/Page_PERKESO/A7. Kewarganegaraan")): Object: 'Object Repository/KeatMun/Form 7_default/OTC_Submit Form 7_Section A/Page_PERKESO/A7. Kewarganegaraan' is clicked on

2019-02-21 17:40:31 - [MESSAGE][PASSED] - Object: 'Object Repository/KeatMun/Form 7_default/OTC_Submit Form 7_Section A/Page_PERKESO/A7. Kewarganegaraan' is clicked on

2019-02-21 17:40:31 - [TEST_STEP][PASSED] - click(findTestObject("KeatMun/Form 7_default/OTC_Submit Form 7_Section A/Page_PERKESO/A7. Malaysia")): Object: 'Object Repository/KeatMun/Form 7_default/OTC_Submit Form 7_Section A/Page_PERKESO/A7. Malaysia' is clicked on

2019-02-21 17:40:31 - [MESSAGE][PASSED] - Object: 'Object Repository/KeatMun/Form 7_default/OTC_Submit Form 7_Section A/Page_PERKESO/A7. Malaysia' is clicked on

2019-02-21 17:40:31 - [TEST_STEP][PASSED] - delay(2): Delayed 2 second(s)

2019-02-21 17:40:33 - [MESSAGE][PASSED] - Delayed 2 second(s)

2019-02-21 17:40:33 - [TEST_STEP][PASSED] - click(findTestObject("KeatMun/Form 7_default/OTC_Submit Form 7_Section A/Page_PERKESO/A8. Status Perkahwinan")): Object: 'Object Repository/KeatMun/Form 7_default/OTC_Submit Form 7_Section A/Page_PERKESO/A8. Status Perkahwinan' is clicked on

2019-02-21 17:40:33 - [MESSAGE][PASSED] - Object: 'Object Repository/KeatMun/Form 7_default/OTC_Submit Form 7_Section A/Page_PERKESO/A8. Status Perkahwinan' is clicked on

2019-02-21 17:40:33 - [TEST_STEP][PASSED] - click(findTestObject("KeatMun/Form 7_default/OTC_Submit Form 7_Section A/Page_PERKESO/A8. Bujang")): Object: 'Object Repository/KeatMun/Form 7_default/OTC_Submit Form 7_Section A/Page_PERKESO/A8. Bujang' is clicked on

2019-02-21 17:40:33 - [MESSAGE][PASSED] - Object: 'Object Repository/KeatMun/Form 7_default/OTC_Submit Form 7_Section A/Page_PERKESO/A8. Bujang' is clicked on

2019-02-21 17:40:33 - [TEST_STEP][PASSED] - delay(2): Delayed 2 second(s)

2019-02-21 17:40:35 - [MESSAGE][PASSED] - Delayed 2 second(s)

2019-02-21 17:40:35 - [TEST_STEP][PASSED] - setText(findTestObject("KeatMun/Form 7_default/OTC_Submit Form 7_Section A/Page_PERKESO/A9. Address1"), "qwertyuiop"): Text 'qwertyuiop' is set on object 'Object Repository/KeatMun/Form 7_default/OTC_Submit Form 7_Section A/Page_PERKESO/A9. Address1'

2019-02-21 17:40:36 - [MESSAGE][PASSED] - Text 'qwertyuiop' is set on object 'Object Repository/KeatMun/Form 7_default/OTC_Submit Form 7_Section A/Page_PERKESO/A9. Address1'

2019-02-21 17:40:36 - [TEST_STEP][PASSED] - delay(2): Delayed 2 second(s)

2019-02-21 17:40:38 - [MESSAGE][PASSED] - Delayed 2 second(s)

2019-02-21 17:40:38 - [TEST_STEP][PASSED] - click(findTestObject("KeatMun/Form 7_default/OTC_Submit Form 7_Section A/Page_PERKESO/A10. Negeri")): Object: 'Object Repository/KeatMun/Form 7_default/OTC_Submit Form 7_Section A/Page_PERKESO/A10. Negeri' is clicked on

2019-02-21 17:40:38 - [MESSAGE][PASSED] - Object: 'Object Repository/KeatMun/Form 7_default/OTC_Submit Form 7_Section A/Page_PERKESO/A10. Negeri' is clicked on

2019-02-21 17:40:38 - [TEST_STEP][PASSED] - click(findTestObject("KeatMun/Form 7_default/OTC_Submit Form 7_Section A/Page_PERKESO/A10. JOHOR")): Object: 'Object Repository/KeatMun/Form 7_default/OTC_Submit Form 7_Section A/Page_PERKESO/A10. JOHOR' is clicked on

2019-02-21 17:40:38 - [MESSAGE][PASSED] - Object: 'Object Repository/KeatMun/Form 7_default/OTC_Submit Form 7_Section A/Page_PERKESO/A10. JOHOR' is clicked on

2019-02-21 17:40:38 - [TEST_STEP][PASSED] - delay(2): Delayed 2 second(s)

2019-02-21 17:40:40 - [MESSAGE][PASSED] - Delayed 2 second(s)

2019-02-21 17:40:40 - [TEST_STEP][PASSED] - click(findTestObject("KeatMun/Form 7_default/OTC_Submit Form 7_Section A/Page_PERKESO/A11. --Sila Pilih--")): Object: 'Object Repository/KeatMun/Form 7_default/OTC_Submit Form 7_Section A/Page_PERKESO/A11. --Sila Pilih--' is clicked on

2019-02-21 17:40:40 - [MESSAGE][PASSED] - Object: 'Object Repository/KeatMun/Form 7_default/OTC_Submit Form 7_Section A/Page_PERKESO/A11. --Sila Pilih--' is clicked on

2019-02-21 17:40:40 - [TEST_STEP][PASSED] - setText(findTestObject("KeatMun/Form 7_default/OTC_Submit Form 7_Section A/Page_PERKESO/A11. Done_select2-search__fie (1)"), "jo"): Text 'jo' is set on object 'Object Repository/KeatMun/Form 7_default/OTC_Submit Form 7_Section A/Page_PERKESO/A11. Done_select2-search__fie (1)'

2019-02-21 17:40:40 - [MESSAGE][PASSED] - Text 'jo' is set on object 'Object Repository/KeatMun/Form 7_default/OTC_Submit Form 7_Section A/Page_PERKESO/A11. Done_select2-search__fie (1)'

2019-02-21 17:40:40 - [TEST_STEP][PASSED] - setText(findTestObject("KeatMun/Form 7_default/OTC_Submit Form 7_Section A/Page_PERKESO/A11. concat(id(  select2-city"), "jo"): Text 'jo' is set on object 'Object Repository/KeatMun/Form 7_default/OTC_Submit Form 7_Section A/Page_PERKESO/A11. concat(id(  select2-city'

2019-02-21 17:40:40 - [MESSAGE][PASSED] - Text 'jo' is set on object 'Object Repository/KeatMun/Form 7_default/OTC_Submit Form 7_Section A/Page_PERKESO/A11. concat(id(  select2-city'

2019-02-21 17:40:40 - [TEST_STEP][PASSED] - click(findTestObject("KeatMun/Form 7_default/OTC_Submit Form 7_Section A/Page_PERKESO/A11. JOHOR BAHRU")): Object: 'Object Repository/KeatMun/Form 7_default/OTC_Submit Form 7_Section A/Page_PERKESO/A11. JOHOR BAHRU' is clicked on

2019-02-21 17:40:41 - [MESSAGE][PASSED] - Object: 'Object Repository/KeatMun/Form 7_default/OTC_Submit Form 7_Section A/Page_PERKESO/A11. JOHOR BAHRU' is clicked on

2019-02-21 17:40:41 - [TEST_STEP][PASSED] - delay(2): Delayed 2 second(s)

2019-02-21 17:40:43 - [MESSAGE][PASSED] - Delayed 2 second(s)

2019-02-21 17:40:43 - [TEST_STEP][PASSED] - click(findTestObject("KeatMun/Form 7_default/OTC_Submit Form 7_Section A/Page_PERKESO/A12. --Sila Isikan--")): Object: 'Object Repository/KeatMun/Form 7_default/OTC_Submit Form 7_Section A/Page_PERKESO/A12. --Sila Isikan--' is clicked on

2019-02-21 17:40:43 - [MESSAGE][PASSED] - Object: 'Object Repository/KeatMun/Form 7_default/OTC_Submit Form 7_Section A/Page_PERKESO/A12. --Sila Isikan--' is clicked on

2019-02-21 17:40:43 - [TEST_STEP][PASSED] - setText(findTestObject("KeatMun/Form 7_default/OTC_Submit Form 7_Section A/Page_PERKESO/A11. Done_select2-search__fie"), "84"): Text '84' is set on object 'Object Repository/KeatMun/Form 7_default/OTC_Submit Form 7_Section A/Page_PERKESO/A11. Done_select2-search__fie'

2019-02-21 17:40:43 - [MESSAGE][PASSED] - Text '84' is set on object 'Object Repository/KeatMun/Form 7_default/OTC_Submit Form 7_Section A/Page_PERKESO/A11. Done_select2-search__fie'

2019-02-21 17:40:43 - [TEST_STEP][PASSED] - click(findTestObject("KeatMun/Form 7_default/OTC_Submit Form 7_Section A/Page_PERKESO/A12. 84000")): Object: 'Object Repository/KeatMun/Form 7_default/OTC_Submit Form 7_Section A/Page_PERKESO/A12. 84000' is clicked on

2019-02-21 17:40:43 - [MESSAGE][PASSED] - Object: 'Object Repository/KeatMun/Form 7_default/OTC_Submit Form 7_Section A/Page_PERKESO/A12. 84000' is clicked on

2019-02-21 17:40:43 - [TEST_STEP][PASSED] - delay(2): Delayed 2 second(s)

2019-02-21 17:40:45 - [MESSAGE][PASSED] - Delayed 2 second(s)

2019-02-21 17:40:45 - [TEST_STEP][PASSED] - setText(findTestObject("KeatMun/Form 7_default/OTC_Submit Form 7_Section A/Page_PERKESO/A13. mobileContact1"), "1234567890"): Text '1234567890' is set on object 'Object Repository/KeatMun/Form 7_default/OTC_Submit Form 7_Section A/Page_PERKESO/A13. mobileContact1'

2019-02-21 17:40:45 - [MESSAGE][PASSED] - Text '1234567890' is set on object 'Object Repository/KeatMun/Form 7_default/OTC_Submit Form 7_Section A/Page_PERKESO/A13. mobileContact1'

2019-02-21 17:40:45 - [TEST_STEP][PASSED] - delay(2): Delayed 2 second(s)

2019-02-21 17:40:47 - [MESSAGE][PASSED] - Delayed 2 second(s)

2019-02-21 17:40:47 - [TEST_STEP][PASSED] - click(findTestObject("KeatMun/Form 7_default/OTC_Submit Form 7_Section A/Page_PERKESO/A14. Halaman Seterusnya")): Object: 'Object Repository/KeatMun/Form 7_default/OTC_Submit Form 7_Section A/Page_PERKESO/A14. Halaman Seterusnya' is clicked on

2019-02-21 17:40:48 - [MESSAGE][PASSED] - Object: 'Object Repository/KeatMun/Form 7_default/OTC_Submit Form 7_Section A/Page_PERKESO/A14. Halaman Seterusnya' is clicked on

2019-02-21 17:40:48 - [TEST_STEP][PASSED] - delay(2): Delayed 2 second(s)

2019-02-21 17:40:50 - [MESSAGE][PASSED] - Delayed 2 second(s)

2019-02-21 17:40:50 - [MESSAGE][PASSED] - Call Test Case 'Test Cases/All TC/Arranged/3. Unit/EI/Form 7_default/OTC_Submit Form 7_Section A' successfully

2019-02-21 17:40:50 - [TEST_STEP][PASSED] - callTestCase(findTestCase("All TC/Arranged/3. Unit/EI/Form 7_default/OTC_Submit Form 7_Section B"), [:], STOP_ON_FAILURE): Call Test Case 'Test Cases/All TC/Arranged/3. Unit/EI/Form 7_default/OTC_Submit Form 7_Section B' successfully

2019-02-21 17:40:50 - [TEST_CASE][PASSED] - Test Cases/All TC/Arranged/3. Unit/EI/Form 7_default/OTC_Submit Form 7_Section B: Test Cases/All TC/Arranged/3. Unit/EI/Form 7_default/OTC_Submit Form 7_Section B

2019-02-21 17:40:50 - [TEST_STEP][PASSED] - delay(3): Delayed 3 second(s)

2019-02-21 17:40:53 - [MESSAGE][PASSED] - Delayed 3 second(s)

2019-02-21 17:40:53 - [TEST_STEP][PASSED] - click(findTestObject("KeatMun/Form 7_default/OTC_Submit Form 7_Section B/Page_PERKESO/B1. Jawatan")): Object: 'Object Repository/KeatMun/Form 7_default/OTC_Submit Form 7_Section B/Page_PERKESO/B1. Jawatan' is clicked on

2019-02-21 17:40:53 - [MESSAGE][PASSED] - Object: 'Object Repository/KeatMun/Form 7_default/OTC_Submit Form 7_Section B/Page_PERKESO/B1. Jawatan' is clicked on

2019-02-21 17:40:53 - [TEST_STEP][PASSED] - setText(findTestObject("KeatMun/Form 7_default/OTC_Submit Form 7_Section B/Page_PERKESO/B1. concat(id(  select2-posi"), "re"): Text 're' is set on object 'Object Repository/KeatMun/Form 7_default/OTC_Submit Form 7_Section B/Page_PERKESO/B1. concat(id(  select2-posi'

2019-02-21 17:40:53 - [MESSAGE][PASSED] - Text 're' is set on object 'Object Repository/KeatMun/Form 7_default/OTC_Submit Form 7_Section B/Page_PERKESO/B1. concat(id(  select2-posi'

2019-02-21 17:40:53 - [TEST_STEP][PASSED] - setText(findTestObject("KeatMun/Form 7_default/OTC_Submit Form 7_Section B/Page_PERKESO/B1. Done_select2-search__fie"), "re"): Text 're' is set on object 'Object Repository/KeatMun/Form 7_default/OTC_Submit Form 7_Section B/Page_PERKESO/B1. Done_select2-search__fie'

2019-02-21 17:40:53 - [MESSAGE][PASSED] - Text 're' is set on object 'Object Repository/KeatMun/Form 7_default/OTC_Submit Form 7_Section B/Page_PERKESO/B1. Done_select2-search__fie'

2019-02-21 17:40:53 - [TEST_STEP][PASSED] - click(findTestObject("KeatMun/Form 7_default/OTC_Submit Form 7_Section B/Page_PERKESO/B1. Arkitek Reka Bentuk")): Object: 'Object Repository/KeatMun/Form 7_default/OTC_Submit Form 7_Section B/Page_PERKESO/B1. Arkitek Reka Bentuk' is clicked on

2019-02-21 17:40:53 - [MESSAGE][PASSED] - Object: 'Object Repository/KeatMun/Form 7_default/OTC_Submit Form 7_Section B/Page_PERKESO/B1. Arkitek Reka Bentuk' is clicked on

2019-02-21 17:40:53 - [TEST_STEP][PASSED] - delay(2): Delayed 2 second(s)

2019-02-21 17:40:55 - [MESSAGE][PASSED] - Delayed 2 second(s)

2019-02-21 17:40:55 - [TEST_STEP][PASSED] - setText(findTestObject("KeatMun/Form 7_default/OTC_Submit Form 7_Section B/Page_PERKESO/B2. lastEmploymentStartDtSt"), "10/01/2019"): Text '10/01/2019' is set on object 'Object Repository/KeatMun/Form 7_default/OTC_Submit Form 7_Section B/Page_PERKESO/B2. lastEmploymentStartDtSt'

2019-02-21 17:40:56 - [MESSAGE][PASSED] - Text '10/01/2019' is set on object 'Object Repository/KeatMun/Form 7_default/OTC_Submit Form 7_Section B/Page_PERKESO/B2. lastEmploymentStartDtSt'

2019-02-21 17:40:56 - [TEST_STEP][PASSED] - delay(2): Delayed 2 second(s)

2019-02-21 17:40:58 - [MESSAGE][PASSED] - Delayed 2 second(s)

2019-02-21 17:40:58 - [TEST_STEP][PASSED] - click(findTestObject("KeatMun/Form 7_default/OTC_Submit Form 7_Section B/Page_PERKESO/B4. Status Perkejaan")): Object: 'Object Repository/KeatMun/Form 7_default/OTC_Submit Form 7_Section B/Page_PERKESO/B4. Status Perkejaan' is clicked on

2019-02-21 17:40:58 - [MESSAGE][PASSED] - Object: 'Object Repository/KeatMun/Form 7_default/OTC_Submit Form 7_Section B/Page_PERKESO/B4. Status Perkejaan' is clicked on

2019-02-21 17:40:58 - [TEST_STEP][PASSED] - click(findTestObject("KeatMun/Form 7_default/OTC_Submit Form 7_Section B/Page_PERKESO/B4. Tetap")): Object: 'Object Repository/KeatMun/Form 7_default/OTC_Submit Form 7_Section B/Page_PERKESO/B4. Tetap' is clicked on

2019-02-21 17:40:58 - [MESSAGE][PASSED] - Object: 'Object Repository/KeatMun/Form 7_default/OTC_Submit Form 7_Section B/Page_PERKESO/B4. Tetap' is clicked on

2019-02-21 17:40:58 - [TEST_STEP][PASSED] - delay(2): Delayed 2 second(s)

2019-02-21 17:41:00 - [MESSAGE][PASSED] - Delayed 2 second(s)

2019-02-21 17:41:00 - [TEST_STEP][PASSED] - setText(findTestObject("KeatMun/Form 7_default/OTC_Submit Form 7_Section B/Page_PERKESO/B5. Gaji (RM)_salary1"), "4000"): Text '4000' is set on object 'Object Repository/KeatMun/Form 7_default/OTC_Submit Form 7_Section B/Page_PERKESO/B5. Gaji (RM)_salary1'

2019-02-21 17:41:00 - [MESSAGE][PASSED] - Text '4000' is set on object 'Object Repository/KeatMun/Form 7_default/OTC_Submit Form 7_Section B/Page_PERKESO/B5. Gaji (RM)_salary1'

2019-02-21 17:41:00 - [TEST_STEP][PASSED] - delay(2): Delayed 2 second(s)

2019-02-21 17:41:02 - [MESSAGE][PASSED] - Delayed 2 second(s)

2019-02-21 17:41:02 - [TEST_STEP][PASSED] - setText(findTestObject("KeatMun/Form 7_default/OTC_Submit Form 7_Section B/Page_PERKESO/B5. Gaji (RM)_salary2"), "4000"): Text '4000' is set on object 'Object Repository/KeatMun/Form 7_default/OTC_Submit Form 7_Section B/Page_PERKESO/B5. Gaji (RM)_salary2'

2019-02-21 17:41:02 - [MESSAGE][PASSED] - Text '4000' is set on object 'Object Repository/KeatMun/Form 7_default/OTC_Submit Form 7_Section B/Page_PERKESO/B5. Gaji (RM)_salary2'

2019-02-21 17:41:02 - [TEST_STEP][PASSED] - delay(2): Delayed 2 second(s)

2019-02-21 17:41:04 - [MESSAGE][PASSED] - Delayed 2 second(s)

2019-02-21 17:41:04 - [TEST_STEP][PASSED] - setText(findTestObject("KeatMun/Form 7_default/OTC_Submit Form 7_Section B/Page_PERKESO/B5. Gaji (RM)_salary3"), "4000"): Text '4000' is set on object 'Object Repository/KeatMun/Form 7_default/OTC_Submit Form 7_Section B/Page_PERKESO/B5. Gaji (RM)_salary3'

2019-02-21 17:41:05 - [MESSAGE][PASSED] - Text '4000' is set on object 'Object Repository/KeatMun/Form 7_default/OTC_Submit Form 7_Section B/Page_PERKESO/B5. Gaji (RM)_salary3'

2019-02-21 17:41:05 - [TEST_STEP][PASSED] - delay(2): Delayed 2 second(s)

2019-02-21 17:41:07 - [MESSAGE][PASSED] - Delayed 2 second(s)

2019-02-21 17:41:07 - [TEST_STEP][PASSED] - setText(findTestObject("KeatMun/Form 7_default/OTC_Submit Form 7_Section B/Page_PERKESO/B5. Gaji (RM)_salary4"), "4000"): Text '4000' is set on object 'Object Repository/KeatMun/Form 7_default/OTC_Submit Form 7_Section B/Page_PERKESO/B5. Gaji (RM)_salary4'

2019-02-21 17:41:07 - [MESSAGE][PASSED] - Text '4000' is set on object 'Object Repository/KeatMun/Form 7_default/OTC_Submit Form 7_Section B/Page_PERKESO/B5. Gaji (RM)_salary4'

2019-02-21 17:41:07 - [TEST_STEP][PASSED] - delay(2): Delayed 2 second(s)

2019-02-21 17:41:09 - [MESSAGE][PASSED] - Delayed 2 second(s)

2019-02-21 17:41:09 - [TEST_STEP][PASSED] - setText(findTestObject("KeatMun/Form 7_default/OTC_Submit Form 7_Section B/Page_PERKESO/B5. Gaji (RM)_salary5"), "4000"): Text '4000' is set on object 'Object Repository/KeatMun/Form 7_default/OTC_Submit Form 7_Section B/Page_PERKESO/B5. Gaji (RM)_salary5'

2019-02-21 17:41:09 - [MESSAGE][PASSED] - Text '4000' is set on object 'Object Repository/KeatMun/Form 7_default/OTC_Submit Form 7_Section B/Page_PERKESO/B5. Gaji (RM)_salary5'

2019-02-21 17:41:09 - [TEST_STEP][PASSED] - delay(2): Delayed 2 second(s)

2019-02-21 17:41:11 - [MESSAGE][PASSED] - Delayed 2 second(s)

2019-02-21 17:41:11 - [TEST_STEP][PASSED] - setText(findTestObject("KeatMun/Form 7_default/OTC_Submit Form 7_Section B/Page_PERKESO/B5. Gaji (RM)_salary6"), "4000"): Text '4000' is set on object 'Object Repository/KeatMun/Form 7_default/OTC_Submit Form 7_Section B/Page_PERKESO/B5. Gaji (RM)_salary6'

2019-02-21 17:41:11 - [MESSAGE][PASSED] - Text '4000' is set on object 'Object Repository/KeatMun/Form 7_default/OTC_Submit Form 7_Section B/Page_PERKESO/B5. Gaji (RM)_salary6'

2019-02-21 17:41:11 - [TEST_STEP][PASSED] - delay(2): Delayed 2 second(s)

2019-02-21 17:41:13 - [MESSAGE][PASSED] - Delayed 2 second(s)

2019-02-21 17:41:13 - [TEST_STEP][PASSED] - click(findTestObject("KeatMun/Form 7_default/OTC_Submit Form 7_Section B/Page_PERKESO/B6. Reason JobLost")): Object: 'Object Repository/KeatMun/Form 7_default/OTC_Submit Form 7_Section B/Page_PERKESO/B6. Reason JobLost' is clicked on

2019-02-21 17:41:14 - [MESSAGE][PASSED] - Object: 'Object Repository/KeatMun/Form 7_default/OTC_Submit Form 7_Section B/Page_PERKESO/B6. Reason JobLost' is clicked on

2019-02-21 17:41:14 - [TEST_STEP][PASSED] - click(findTestObject("KeatMun/Form 7_default/OTC_Submit Form 7_Section B/Page_PERKESO/B6. Bencana alam (cth banjir ke")): Object: 'Object Repository/KeatMun/Form 7_default/OTC_Submit Form 7_Section B/Page_PERKESO/B6. Bencana alam (cth banjir ke' is clicked on

2019-02-21 17:41:14 - [MESSAGE][PASSED] - Object: 'Object Repository/KeatMun/Form 7_default/OTC_Submit Form 7_Section B/Page_PERKESO/B6. Bencana alam (cth banjir ke' is clicked on

2019-02-21 17:41:14 - [TEST_STEP][PASSED] - delay(3): Delayed 3 second(s)

2019-02-21 17:41:17 - [MESSAGE][PASSED] - Delayed 3 second(s)

2019-02-21 17:41:17 - [TEST_STEP][PASSED] - setText(findTestObject("KeatMun/Form 7_default/OTC_Submit Form 7_Section B/Page_PERKESO/B7. AverageWorkingHour"), "8"): Text '8' is set on object 'Object Repository/KeatMun/Form 7_default/OTC_Submit Form 7_Section B/Page_PERKESO/B7. AverageWorkingHour'

2019-02-21 17:41:17 - [MESSAGE][PASSED] - Text '8' is set on object 'Object Repository/KeatMun/Form 7_default/OTC_Submit Form 7_Section B/Page_PERKESO/B7. AverageWorkingHour'

2019-02-21 17:41:17 - [TEST_STEP][PASSED] - delay(2): Delayed 2 second(s)

2019-02-21 17:41:19 - [MESSAGE][PASSED] - Delayed 2 second(s)

2019-02-21 17:41:19 - [TEST_STEP][PASSED] - click(findTestObject("KeatMun/Form 7_default/OTC_Submit Form 7_Section B/Page_PERKESO/B8. Tidak_compensationInd")): Object: 'Object Repository/KeatMun/Form 7_default/OTC_Submit Form 7_Section B/Page_PERKESO/B8. Tidak_compensationInd' is clicked on

2019-02-21 17:41:19 - [MESSAGE][PASSED] - Object: 'Object Repository/KeatMun/Form 7_default/OTC_Submit Form 7_Section B/Page_PERKESO/B8. Tidak_compensationInd' is clicked on

2019-02-21 17:41:19 - [TEST_STEP][PASSED] - delay(1): Delayed 1 second(s)

2019-02-21 17:41:20 - [MESSAGE][PASSED] - Delayed 1 second(s)

2019-02-21 17:41:20 - [TEST_STEP][PASSED] - click(findTestObject("KeatMun/Form 7_default/OTC_Submit Form 7_Section B/Page_PERKESO/B9. Tidak_fileCaseInd")): Object: 'Object Repository/KeatMun/Form 7_default/OTC_Submit Form 7_Section B/Page_PERKESO/B9. Tidak_fileCaseInd' is clicked on

2019-02-21 17:41:20 - [MESSAGE][PASSED] - Object: 'Object Repository/KeatMun/Form 7_default/OTC_Submit Form 7_Section B/Page_PERKESO/B9. Tidak_fileCaseInd' is clicked on

2019-02-21 17:41:20 - [TEST_STEP][PASSED] - delay(1): Delayed 1 second(s)

2019-02-21 17:41:21 - [MESSAGE][PASSED] - Delayed 1 second(s)

2019-02-21 17:41:21 - [TEST_STEP][PASSED] - click(findTestObject("KeatMun/Form 7_default/OTC_Submit Form 7_Section B/Page_PERKESO/B10. Tidak_unregisterCaseInd")): Object: 'Object Repository/KeatMun/Form 7_default/OTC_Submit Form 7_Section B/Page_PERKESO/B10. Tidak_unregisterCaseInd' is clicked on

2019-02-21 17:41:21 - [MESSAGE][PASSED] - Object: 'Object Repository/KeatMun/Form 7_default/OTC_Submit Form 7_Section B/Page_PERKESO/B10. Tidak_unregisterCaseInd' is clicked on

2019-02-21 17:41:21 - [TEST_STEP][PASSED] - delay(2): Delayed 2 second(s)

2019-02-21 17:41:23 - [MESSAGE][PASSED] - Delayed 2 second(s)

2019-02-21 17:41:23 - [TEST_STEP][PASSED] - click(findTestObject("KeatMun/Form 7_default/OTC_Submit Form 7_Section B/Page_PERKESO/B11. Halaman Seterusnya")): Object: 'Object Repository/KeatMun/Form 7_default/OTC_Submit Form 7_Section B/Page_PERKESO/B11. Halaman Seterusnya' is clicked on

2019-02-21 17:41:24 - [MESSAGE][PASSED] - Object: 'Object Repository/KeatMun/Form 7_default/OTC_Submit Form 7_Section B/Page_PERKESO/B11. Halaman Seterusnya' is clicked on

2019-02-21 17:41:24 - [TEST_STEP][PASSED] - delay(3): Delayed 3 second(s)

2019-02-21 17:41:27 - [MESSAGE][PASSED] - Delayed 3 second(s)

2019-02-21 17:41:27 - [MESSAGE][PASSED] - Call Test Case 'Test Cases/All TC/Arranged/3. Unit/EI/Form 7_default/OTC_Submit Form 7_Section B' successfully

2019-02-21 17:41:27 - [TEST_STEP][PASSED] - callTestCase(findTestCase("All TC/Arranged/3. Unit/EI/Form 7_default/OTC_Submit Form 7_Section C"), [:], STOP_ON_FAILURE): Call Test Case 'Test Cases/All TC/Arranged/3. Unit/EI/Form 7_default/OTC_Submit Form 7_Section C' successfully

2019-02-21 17:41:27 - [TEST_CASE][PASSED] - Test Cases/All TC/Arranged/3. Unit/EI/Form 7_default/OTC_Submit Form 7_Section C: Test Cases/All TC/Arranged/3. Unit/EI/Form 7_default/OTC_Submit Form 7_Section C

2019-02-21 17:41:27 - [TEST_STEP][PASSED] - delay(2): Delayed 2 second(s)

2019-02-21 17:41:29 - [MESSAGE][PASSED] - Delayed 2 second(s)

2019-02-21 17:41:29 - [TEST_STEP][PASSED] - setText(findTestObject("KeatMun/Form 7_default/OTC_Submit Form 7_Section C/Page_PERKESO/C4. EmployerInfo"), "qwertyuiop"): Text 'qwertyuiop' is set on object 'Object Repository/KeatMun/Form 7_default/OTC_Submit Form 7_Section C/Page_PERKESO/C4. EmployerInfo'

2019-02-21 17:41:29 - [MESSAGE][PASSED] - Text 'qwertyuiop' is set on object 'Object Repository/KeatMun/Form 7_default/OTC_Submit Form 7_Section C/Page_PERKESO/C4. EmployerInfo'

2019-02-21 17:41:29 - [TEST_STEP][PASSED] - delay(2): Delayed 2 second(s)

2019-02-21 17:41:31 - [MESSAGE][PASSED] - Delayed 2 second(s)

2019-02-21 17:41:31 - [TEST_STEP][PASSED] - click(findTestObject("KeatMun/Form 7_default/OTC_Submit Form 7_Section C/Page_PERKESO/C5. Negeri")): Object: 'Object Repository/KeatMun/Form 7_default/OTC_Submit Form 7_Section C/Page_PERKESO/C5. Negeri' is clicked on

2019-02-21 17:41:31 - [MESSAGE][PASSED] - Object: 'Object Repository/KeatMun/Form 7_default/OTC_Submit Form 7_Section C/Page_PERKESO/C5. Negeri' is clicked on

2019-02-21 17:41:31 - [TEST_STEP][PASSED] - delay(2): Delayed 2 second(s)

2019-02-21 17:41:33 - [MESSAGE][PASSED] - Delayed 2 second(s)

2019-02-21 17:41:33 - [TEST_STEP][PASSED] - click(findTestObject("KeatMun/Form 7_default/OTC_Submit Form 7_Section C/Page_PERKESO/C5. JOHOR")): Object: 'Object Repository/KeatMun/Form 7_default/OTC_Submit Form 7_Section C/Page_PERKESO/C5. JOHOR' is clicked on

2019-02-21 17:41:33 - [MESSAGE][PASSED] - Object: 'Object Repository/KeatMun/Form 7_default/OTC_Submit Form 7_Section C/Page_PERKESO/C5. JOHOR' is clicked on

2019-02-21 17:41:33 - [TEST_STEP][PASSED] - delay(3): Delayed 3 second(s)

2019-02-21 17:41:36 - [MESSAGE][PASSED] - Delayed 3 second(s)

2019-02-21 17:41:36 - [TEST_STEP][PASSED] - click(findTestObject("KeatMun/Form 7_default/OTC_Submit Form 7_Section C/Page_PERKESO/C6. City")): Object: 'Object Repository/KeatMun/Form 7_default/OTC_Submit Form 7_Section C/Page_PERKESO/C6. City' is clicked on

2019-02-21 17:41:36 - [MESSAGE][PASSED] - Object: 'Object Repository/KeatMun/Form 7_default/OTC_Submit Form 7_Section C/Page_PERKESO/C6. City' is clicked on

2019-02-21 17:41:36 - [TEST_STEP][PASSED] - delay(2): Delayed 2 second(s)

2019-02-21 17:41:38 - [MESSAGE][PASSED] - Delayed 2 second(s)

2019-02-21 17:41:38 - [TEST_STEP][PASSED] - setText(findTestObject("KeatMun/Form 7_default/OTC_Submit Form 7_Section C/Page_PERKESO/C6. Done_select2-search__fie"), "jo"): Text 'jo' is set on object 'Object Repository/KeatMun/Form 7_default/OTC_Submit Form 7_Section C/Page_PERKESO/C6. Done_select2-search__fie'

2019-02-21 17:41:39 - [MESSAGE][PASSED] - Text 'jo' is set on object 'Object Repository/KeatMun/Form 7_default/OTC_Submit Form 7_Section C/Page_PERKESO/C6. Done_select2-search__fie'

2019-02-21 17:41:39 - [TEST_STEP][PASSED] - setText(findTestObject("KeatMun/Form 7_default/OTC_Submit Form 7_Section C/Page_PERKESO/C6. Concat(id(  select2-city"), "jo"): Text 'jo' is set on object 'Object Repository/KeatMun/Form 7_default/OTC_Submit Form 7_Section C/Page_PERKESO/C6. Concat(id(  select2-city'

2019-02-21 17:41:39 - [MESSAGE][PASSED] - Text 'jo' is set on object 'Object Repository/KeatMun/Form 7_default/OTC_Submit Form 7_Section C/Page_PERKESO/C6. Concat(id(  select2-city'

2019-02-21 17:41:39 - [TEST_STEP][PASSED] - click(findTestObject("KeatMun/Form 7_default/OTC_Submit Form 7_Section C/Page_PERKESO/C6. JOHOR BAHRU")): Object: 'Object Repository/KeatMun/Form 7_default/OTC_Submit Form 7_Section C/Page_PERKESO/C6. JOHOR BAHRU' is clicked on

2019-02-21 17:41:39 - [MESSAGE][PASSED] - Object: 'Object Repository/KeatMun/Form 7_default/OTC_Submit Form 7_Section C/Page_PERKESO/C6. JOHOR BAHRU' is clicked on

2019-02-21 17:41:39 - [TEST_STEP][PASSED] - delay(3): Delayed 3 second(s)

2019-02-21 17:41:42 - [MESSAGE][PASSED] - Delayed 3 second(s)

2019-02-21 17:41:42 - [TEST_STEP][PASSED] - click(findTestObject("KeatMun/Form 7_default/OTC_Submit Form 7_Section C/Page_PERKESO/C7. --Sila Isikan--")): Object: 'Object Repository/KeatMun/Form 7_default/OTC_Submit Form 7_Section C/Page_PERKESO/C7. --Sila Isikan--' is clicked on

2019-02-21 17:41:42 - [MESSAGE][PASSED] - Object: 'Object Repository/KeatMun/Form 7_default/OTC_Submit Form 7_Section C/Page_PERKESO/C7. --Sila Isikan--' is clicked on

2019-02-21 17:41:42 - [TEST_STEP][PASSED] - delay(2): Delayed 2 second(s)

2019-02-21 17:41:44 - [MESSAGE][PASSED] - Delayed 2 second(s)

2019-02-21 17:41:44 - [TEST_STEP][PASSED] - setText(findTestObject("KeatMun/Form 7_default/OTC_Submit Form 7_Section C/Page_PERKESO/C7. Done_select2-search__fie"), "84"): Text '84' is set on object 'Object Repository/KeatMun/Form 7_default/OTC_Submit Form 7_Section C/Page_PERKESO/C7. Done_select2-search__fie'

2019-02-21 17:41:44 - [MESSAGE][PASSED] - Text '84' is set on object 'Object Repository/KeatMun/Form 7_default/OTC_Submit Form 7_Section C/Page_PERKESO/C7. Done_select2-search__fie'

2019-02-21 17:41:44 - [TEST_STEP][PASSED] - setText(findTestObject("KeatMun/Form 7_default/OTC_Submit Form 7_Section C/Page_PERKESO/C7. Concat(id(  select2-post"), "84"): Text '84' is set on object 'Object Repository/KeatMun/Form 7_default/OTC_Submit Form 7_Section C/Page_PERKESO/C7. Concat(id(  select2-post'

2019-02-21 17:41:45 - [MESSAGE][PASSED] - Text '84' is set on object 'Object Repository/KeatMun/Form 7_default/OTC_Submit Form 7_Section C/Page_PERKESO/C7. Concat(id(  select2-post'

2019-02-21 17:41:45 - [TEST_STEP][PASSED] - click(findTestObject("KeatMun/Form 7_default/OTC_Submit Form 7_Section C/Page_PERKESO/C7. 84000")): Object: 'Object Repository/KeatMun/Form 7_default/OTC_Submit Form 7_Section C/Page_PERKESO/C7. 84000' is clicked on

2019-02-21 17:41:45 - [MESSAGE][PASSED] - Object: 'Object Repository/KeatMun/Form 7_default/OTC_Submit Form 7_Section C/Page_PERKESO/C7. 84000' is clicked on

2019-02-21 17:41:45 - [TEST_STEP][PASSED] - delay(3): Delayed 3 second(s)

2019-02-21 17:41:48 - [MESSAGE][PASSED] - Delayed 3 second(s)

2019-02-21 17:41:48 - [TEST_STEP][PASSED] - click(findTestObject("KeatMun/Form 7_default/OTC_Submit Form 7_Section C/Page_PERKESO/C8. Tidak_employerInfo.emplo")): Object: 'Object Repository/KeatMun/Form 7_default/OTC_Submit Form 7_Section C/Page_PERKESO/C8. Tidak_employerInfo.emplo' is clicked on

2019-02-21 17:41:48 - [MESSAGE][PASSED] - Object: 'Object Repository/KeatMun/Form 7_default/OTC_Submit Form 7_Section C/Page_PERKESO/C8. Tidak_employerInfo.emplo' is clicked on

2019-02-21 17:41:48 - [TEST_STEP][PASSED] - delay(2): Delayed 2 second(s)

2019-02-21 17:41:50 - [MESSAGE][PASSED] - Delayed 2 second(s)

2019-02-21 17:41:50 - [TEST_STEP][PASSED] - setText(findTestObject("KeatMun/Form 7_default/OTC_Submit Form 7_Section C/Page_PERKESO/C9. EmployerName"), "qwertyuiop"): Text 'qwertyuiop' is set on object 'Object Repository/KeatMun/Form 7_default/OTC_Submit Form 7_Section C/Page_PERKESO/C9. EmployerName'

2019-02-21 17:41:50 - [MESSAGE][PASSED] - Text 'qwertyuiop' is set on object 'Object Repository/KeatMun/Form 7_default/OTC_Submit Form 7_Section C/Page_PERKESO/C9. EmployerName'

2019-02-21 17:41:50 - [TEST_STEP][PASSED] - delay(2): Delayed 2 second(s)

2019-02-21 17:41:52 - [MESSAGE][PASSED] - Delayed 2 second(s)

2019-02-21 17:41:52 - [TEST_STEP][PASSED] - setText(findTestObject("KeatMun/Form 7_default/OTC_Submit Form 7_Section C/Page_PERKESO/C10. EmployerIC"), "1234567890"): Text '1234567890' is set on object 'Object Repository/KeatMun/Form 7_default/OTC_Submit Form 7_Section C/Page_PERKESO/C10. EmployerIC'

2019-02-21 17:41:52 - [MESSAGE][PASSED] - Text '1234567890' is set on object 'Object Repository/KeatMun/Form 7_default/OTC_Submit Form 7_Section C/Page_PERKESO/C10. EmployerIC'

2019-02-21 17:41:52 - [TEST_STEP][PASSED] - delay(3): Delayed 3 second(s)

2019-02-21 17:41:55 - [MESSAGE][PASSED] - Delayed 3 second(s)

2019-02-21 17:41:55 - [TEST_STEP][PASSED] - click(findTestObject("KeatMun/Form 7_default/OTC_Submit Form 7_Section C/Page_PERKESO/C11. Halaman Seterusnya")): Object: 'Object Repository/KeatMun/Form 7_default/OTC_Submit Form 7_Section C/Page_PERKESO/C11. Halaman Seterusnya' is clicked on

2019-02-21 17:41:56 - [MESSAGE][PASSED] - Object: 'Object Repository/KeatMun/Form 7_default/OTC_Submit Form 7_Section C/Page_PERKESO/C11. Halaman Seterusnya' is clicked on

2019-02-21 17:41:56 - [TEST_STEP][PASSED] - delay(3): Delayed 3 second(s)

2019-02-21 17:41:59 - [MESSAGE][PASSED] - Delayed 3 second(s)

2019-02-21 17:41:59 - [MESSAGE][PASSED] - Call Test Case 'Test Cases/All TC/Arranged/3. Unit/EI/Form 7_default/OTC_Submit Form 7_Section C' successfully

2019-02-21 17:41:59 - [TEST_STEP][PASSED] - callTestCase(findTestCase("All TC/Arranged/3. Unit/EI/Form 7_default/OTC_Submit Form 7_Section D-E"), [:], STOP_ON_FAILURE): Call Test Case 'Test Cases/All TC/Arranged/3. Unit/EI/Form 7_default/OTC_Submit Form 7_Section D-E' successfully

2019-02-21 17:41:59 - [TEST_CASE][PASSED] - Test Cases/All TC/Arranged/3. Unit/EI/Form 7_default/OTC_Submit Form 7_Section D-E: Test Cases/All TC/Arranged/3. Unit/EI/Form 7_default/OTC_Submit Form 7_Section D-E

2019-02-21 17:41:59 - [TEST_STEP][PASSED] - delay(3): Delayed 3 second(s)

2019-02-21 17:42:02 - [MESSAGE][PASSED] - Delayed 3 second(s)

2019-02-21 17:42:02 - [TEST_STEP][PASSED] - click(findTestObject("KeatMun/Form 7_default/OTC_Submit Form 7_Section D-E/Page_PERKESO/D1. NO_otherActiveEmploye")): Object: 'Object Repository/KeatMun/Form 7_default/OTC_Submit Form 7_Section D-E/Page_PERKESO/D1. NO_otherActiveEmploye' is clicked on

2019-02-21 17:42:02 - [MESSAGE][PASSED] - Object: 'Object Repository/KeatMun/Form 7_default/OTC_Submit Form 7_Section D-E/Page_PERKESO/D1. NO_otherActiveEmploye' is clicked on

2019-02-21 17:42:02 - [TEST_STEP][PASSED] - delay(4): Delayed 4 second(s)

2019-02-21 17:42:06 - [MESSAGE][PASSED] - Delayed 4 second(s)

2019-02-21 17:42:06 - [TEST_STEP][PASSED] - click(findTestObject("KeatMun/Form 7_default/OTC_Submit Form 7_Section D-E/Page_PERKESO/D2. Halaman Seterusnya")): Object: 'Object Repository/KeatMun/Form 7_default/OTC_Submit Form 7_Section D-E/Page_PERKESO/D2. Halaman Seterusnya' is clicked on

2019-02-21 17:42:06 - [MESSAGE][PASSED] - Object: 'Object Repository/KeatMun/Form 7_default/OTC_Submit Form 7_Section D-E/Page_PERKESO/D2. Halaman Seterusnya' is clicked on

2019-02-21 17:42:06 - [TEST_STEP][PASSED] - delay(5): Delayed 5 second(s)

2019-02-21 17:42:11 - [MESSAGE][PASSED] - Delayed 5 second(s)

2019-02-21 17:42:11 - [TEST_STEP][PASSED] - setText(findTestObject("KeatMun/Form 7_default/OTC_Submit Form 7_Section D-E/Page_PERKESO/E1. Input__totalExpYear"), "1"): Text '1' is set on object 'Object Repository/KeatMun/Form 7_default/OTC_Submit Form 7_Section D-E/Page_PERKESO/E1. Input__totalExpYear'

2019-02-21 17:42:11 - [MESSAGE][PASSED] - Text '1' is set on object 'Object Repository/KeatMun/Form 7_default/OTC_Submit Form 7_Section D-E/Page_PERKESO/E1. Input__totalExpYear'

2019-02-21 17:42:11 - [TEST_STEP][PASSED] - delay(2): Delayed 2 second(s)

2019-02-21 17:42:13 - [MESSAGE][PASSED] - Delayed 2 second(s)

2019-02-21 17:42:13 - [TEST_STEP][PASSED] - setText(findTestObject("KeatMun/Form 7_default/OTC_Submit Form 7_Section D-E/Page_PERKESO/E1. Tahun_totalExpMonth"), "1"): Text '1' is set on object 'Object Repository/KeatMun/Form 7_default/OTC_Submit Form 7_Section D-E/Page_PERKESO/E1. Tahun_totalExpMonth'

2019-02-21 17:42:13 - [MESSAGE][PASSED] - Text '1' is set on object 'Object Repository/KeatMun/Form 7_default/OTC_Submit Form 7_Section D-E/Page_PERKESO/E1. Tahun_totalExpMonth'

2019-02-21 17:42:13 - [TEST_STEP][PASSED] - delay(2): Delayed 2 second(s)

2019-02-21 17:42:15 - [MESSAGE][PASSED] - Delayed 2 second(s)

2019-02-21 17:42:15 - [TEST_STEP][PASSED] - click(findTestObject("KeatMun/Form 7_default/OTC_Submit Form 7_Section D-E/Page_PERKESO/E2. Edu-Level")): Object: 'Object Repository/KeatMun/Form 7_default/OTC_Submit Form 7_Section D-E/Page_PERKESO/E2. Edu-Level' is clicked on

2019-02-21 17:42:16 - [MESSAGE][PASSED] - Object: 'Object Repository/KeatMun/Form 7_default/OTC_Submit Form 7_Section D-E/Page_PERKESO/E2. Edu-Level' is clicked on

2019-02-21 17:42:16 - [TEST_STEP][PASSED] - delay(2): Delayed 2 second(s)

2019-02-21 17:42:18 - [MESSAGE][PASSED] - Delayed 2 second(s)

2019-02-21 17:42:18 - [TEST_STEP][PASSED] - click(findTestObject("KeatMun/Form 7_default/OTC_Submit Form 7_Section D-E/Page_PERKESO/E2. PMRPT3")): Object: 'Object Repository/KeatMun/Form 7_default/OTC_Submit Form 7_Section D-E/Page_PERKESO/E2. PMRPT3' is clicked on

2019-02-21 17:42:18 - [MESSAGE][PASSED] - Object: 'Object Repository/KeatMun/Form 7_default/OTC_Submit Form 7_Section D-E/Page_PERKESO/E2. PMRPT3' is clicked on

2019-02-21 17:42:18 - [TEST_STEP][PASSED] - delay(3): Delayed 3 second(s)

2019-02-21 17:42:21 - [MESSAGE][PASSED] - Delayed 3 second(s)

2019-02-21 17:42:21 - [TEST_STEP][PASSED] - click(findTestObject("KeatMun/Form 7_default/OTC_Submit Form 7_Section D-E/Page_PERKESO/E3. Job-Choice")): Object: 'Object Repository/KeatMun/Form 7_default/OTC_Submit Form 7_Section D-E/Page_PERKESO/E3. Job-Choice' is clicked on

2019-02-21 17:42:21 - [MESSAGE][PASSED] - Object: 'Object Repository/KeatMun/Form 7_default/OTC_Submit Form 7_Section D-E/Page_PERKESO/E3. Job-Choice' is clicked on

2019-02-21 17:42:21 - [TEST_STEP][PASSED] - delay(2): Delayed 2 second(s)

2019-02-21 17:42:23 - [MESSAGE][PASSED] - Delayed 2 second(s)

2019-02-21 17:42:23 - [TEST_STEP][PASSED] - setText(findTestObject("KeatMun/Form 7_default/OTC_Submit Form 7_Section D-E/Page_PERKESO/E3. Done_select2-search__fie"), "re"): Text 're' is set on object 'Object Repository/KeatMun/Form 7_default/OTC_Submit Form 7_Section D-E/Page_PERKESO/E3. Done_select2-search__fie'

2019-02-21 17:42:23 - [MESSAGE][PASSED] - Text 're' is set on object 'Object Repository/KeatMun/Form 7_default/OTC_Submit Form 7_Section D-E/Page_PERKESO/E3. Done_select2-search__fie'

2019-02-21 17:42:23 - [TEST_STEP][PASSED] - click(findTestObject("KeatMun/Form 7_default/OTC_Submit Form 7_Section D-E/Page_PERKESO/E3. Arkitek Reka Bentuk")): Object: 'Object Repository/KeatMun/Form 7_default/OTC_Submit Form 7_Section D-E/Page_PERKESO/E3. Arkitek Reka Bentuk' is clicked on

2019-02-21 17:42:23 - [MESSAGE][PASSED] - Object: 'Object Repository/KeatMun/Form 7_default/OTC_Submit Form 7_Section D-E/Page_PERKESO/E3. Arkitek Reka Bentuk' is clicked on

2019-02-21 17:42:23 - [TEST_STEP][PASSED] - delay(2): Delayed 2 second(s)

2019-02-21 17:42:25 - [MESSAGE][PASSED] - Delayed 2 second(s)

2019-02-21 17:42:25 - [TEST_STEP][PASSED] - click(findTestObject("KeatMun/Form 7_default/OTC_Submit Form 7_Section D-E/Page_PERKESO/E4. Job_Location")): Object: 'Object Repository/KeatMun/Form 7_default/OTC_Submit Form 7_Section D-E/Page_PERKESO/E4. Job_Location' is clicked on

2019-02-21 17:42:25 - [MESSAGE][PASSED] - Object: 'Object Repository/KeatMun/Form 7_default/OTC_Submit Form 7_Section D-E/Page_PERKESO/E4. Job_Location' is clicked on

2019-02-21 17:42:25 - [TEST_STEP][PASSED] - delay(2): Delayed 2 second(s)

2019-02-21 17:42:27 - [MESSAGE][PASSED] - Delayed 2 second(s)

2019-02-21 17:42:27 - [TEST_STEP][PASSED] - click(findTestObject("KeatMun/Form 7_default/OTC_Submit Form 7_Section D-E/Page_PERKESO/E4. JOHOR")): Object: 'Object Repository/KeatMun/Form 7_default/OTC_Submit Form 7_Section D-E/Page_PERKESO/E4. JOHOR' is clicked on

2019-02-21 17:42:28 - [MESSAGE][PASSED] - Object: 'Object Repository/KeatMun/Form 7_default/OTC_Submit Form 7_Section D-E/Page_PERKESO/E4. JOHOR' is clicked on

2019-02-21 17:42:28 - [TEST_STEP][PASSED] - delay(2): Delayed 2 second(s)

2019-02-21 17:42:30 - [MESSAGE][PASSED] - Delayed 2 second(s)

2019-02-21 17:42:30 - [TEST_STEP][PASSED] - click(findTestObject("KeatMun/Form 7_default/OTC_Submit Form 7_Section D-E/Page_PERKESO/E7. NO_disability")): Object: 'Object Repository/KeatMun/Form 7_default/OTC_Submit Form 7_Section D-E/Page_PERKESO/E7. NO_disability' is clicked on

2019-02-21 17:42:30 - [MESSAGE][PASSED] - Object: 'Object Repository/KeatMun/Form 7_default/OTC_Submit Form 7_Section D-E/Page_PERKESO/E7. NO_disability' is clicked on

2019-02-21 17:42:30 - [TEST_STEP][PASSED] - delay(2): Delayed 2 second(s)

2019-02-21 17:42:32 - [MESSAGE][PASSED] - Delayed 2 second(s)

2019-02-21 17:42:32 - [TEST_STEP][PASSED] - click(findTestObject("KeatMun/Form 7_default/OTC_Submit Form 7_Section D-E/Page_PERKESO/E8. NO_disabilityApplyInd")): Object: 'Object Repository/KeatMun/Form 7_default/OTC_Submit Form 7_Section D-E/Page_PERKESO/E8. NO_disabilityApplyInd' is clicked on

2019-02-21 17:42:32 - [MESSAGE][PASSED] - Object: 'Object Repository/KeatMun/Form 7_default/OTC_Submit Form 7_Section D-E/Page_PERKESO/E8. NO_disabilityApplyInd' is clicked on

2019-02-21 17:42:32 - [TEST_STEP][PASSED] - delay(2): Delayed 2 second(s)

2019-02-21 17:42:34 - [MESSAGE][PASSED] - Delayed 2 second(s)

2019-02-21 17:42:34 - [TEST_STEP][PASSED] - click(findTestObject("KeatMun/Form 7_default/OTC_Submit Form 7_Section D-E/Page_PERKESO/E9. YES_ReEmployment")): Object: 'Object Repository/KeatMun/Form 7_default/OTC_Submit Form 7_Section D-E/Page_PERKESO/E9. YES_ReEmployment' is clicked on

2019-02-21 17:42:34 - [MESSAGE][PASSED] - Object: 'Object Repository/KeatMun/Form 7_default/OTC_Submit Form 7_Section D-E/Page_PERKESO/E9. YES_ReEmployment' is clicked on

2019-02-21 17:42:34 - [TEST_STEP][PASSED] - delay(2): Delayed 2 second(s)

2019-02-21 17:42:36 - [MESSAGE][PASSED] - Delayed 2 second(s)

2019-02-21 17:42:36 - [TEST_STEP][PASSED] - click(findTestObject("KeatMun/Form 7_default/OTC_Submit Form 7_Section D-E/Page_PERKESO/E10. Halaman Seterusnya")): Object: 'Object Repository/KeatMun/Form 7_default/OTC_Submit Form 7_Section D-E/Page_PERKESO/E10. Halaman Seterusnya' is clicked on

2019-02-21 17:42:36 - [MESSAGE][PASSED] - Object: 'Object Repository/KeatMun/Form 7_default/OTC_Submit Form 7_Section D-E/Page_PERKESO/E10. Halaman Seterusnya' is clicked on

2019-02-21 17:42:36 - [TEST_STEP][PASSED] - delay(3): Delayed 3 second(s)

2019-02-21 17:42:39 - [MESSAGE][PASSED] - Delayed 3 second(s)

2019-02-21 17:42:39 - [MESSAGE][PASSED] - Call Test Case 'Test Cases/All TC/Arranged/3. Unit/EI/Form 7_default/OTC_Submit Form 7_Section D-E' successfully

2019-02-21 17:42:39 - [TEST_STEP][PASSED] - callTestCase(findTestCase("All TC/Arranged/3. Unit/EI/Form 7_default/OTC_Submit Form 7_Section F-G-H - Cheque"), [:], STOP_ON_FAILURE): Call Test Case 'Test Cases/All TC/Arranged/3. Unit/EI/Form 7_default/OTC_Submit Form 7_Section F-G-H - Cheque' successfully

2019-02-21 17:42:39 - [TEST_CASE][PASSED] - Test Cases/All TC/Arranged/3. Unit/EI/Form 7_default/OTC_Submit Form 7_Section F-G-H - Cheque: Test Cases/All TC/Arranged/3. Unit/EI/Form 7_default/OTC_Submit Form 7_Section F-G-H - Cheque

2019-02-21 17:42:40 - [TEST_STEP][PASSED] - delay(3): Delayed 3 second(s)

2019-02-21 17:42:43 - [MESSAGE][PASSED] - Delayed 3 second(s)

2019-02-21 17:42:43 - [TEST_STEP][PASSED] - click(findTestObject("KeatMun/Form 7_default/OTC_Submit Form 7_Section F-G-H/Page_PERKESO/F1. Bankrup_yes")): Object: 'Object Repository/KeatMun/Form 7_default/OTC_Submit Form 7_Section F-G-H/Page_PERKESO/F1. Bankrup_yes' is clicked on

2019-02-21 17:42:43 - [MESSAGE][PASSED] - Object: 'Object Repository/KeatMun/Form 7_default/OTC_Submit Form 7_Section F-G-H/Page_PERKESO/F1. Bankrup_yes' is clicked on

2019-02-21 17:42:43 - [TEST_STEP][PASSED] - delay(3): Delayed 3 second(s)

2019-02-21 17:42:46 - [MESSAGE][PASSED] - Delayed 3 second(s)

2019-02-21 17:42:46 - [TEST_STEP][PASSED] - click(findTestObject("KeatMun/Form 7_default/OTC_Submit Form 7_Section F-G-H/Page_PERKESO/F2. Next_Page_AfterBankInfo")): Object: 'Object Repository/KeatMun/Form 7_default/OTC_Submit Form 7_Section F-G-H/Page_PERKESO/F2. Next_Page_AfterBankInfo' is clicked on

2019-02-21 17:42:46 - [MESSAGE][PASSED] - Object: 'Object Repository/KeatMun/Form 7_default/OTC_Submit Form 7_Section F-G-H/Page_PERKESO/F2. Next_Page_AfterBankInfo' is clicked on

2019-02-21 17:42:46 - [TEST_STEP][PASSED] - delay(5): Delayed 5 second(s)

2019-02-21 17:42:51 - [MESSAGE][PASSED] - Delayed 5 second(s)

2019-02-21 17:42:51 - [TEST_STEP][PASSED] - setText(findTestObject("KeatMun/Form 7_default/OTC_Submit Form 7_Section F-G-H/Page_PERKESO/G2. Hubungan dengan OB-nama"), "qwertyuiop"): Text 'qwertyuiop' is set on object 'Object Repository/KeatMun/Form 7_default/OTC_Submit Form 7_Section F-G-H/Page_PERKESO/G2. Hubungan dengan OB-nama'

2019-02-21 17:42:51 - [MESSAGE][PASSED] - Text 'qwertyuiop' is set on object 'Object Repository/KeatMun/Form 7_default/OTC_Submit Form 7_Section F-G-H/Page_PERKESO/G2. Hubungan dengan OB-nama'

2019-02-21 17:42:51 - [TEST_STEP][PASSED] - delay(2): Delayed 2 second(s)

2019-02-21 17:42:53 - [MESSAGE][PASSED] - Delayed 2 second(s)

2019-02-21 17:42:53 - [TEST_STEP][PASSED] - setText(findTestObject("KeatMun/Form 7_default/OTC_Submit Form 7_Section F-G-H/Page_PERKESO/G2. Hubungan dengan OB-ic.no"), "111111223333"): Text '111111223333' is set on object 'Object Repository/KeatMun/Form 7_default/OTC_Submit Form 7_Section F-G-H/Page_PERKESO/G2. Hubungan dengan OB-ic.no'

2019-02-21 17:42:53 - [MESSAGE][PASSED] - Text '111111223333' is set on object 'Object Repository/KeatMun/Form 7_default/OTC_Submit Form 7_Section F-G-H/Page_PERKESO/G2. Hubungan dengan OB-ic.no'

2019-02-21 17:42:53 - [TEST_STEP][PASSED] - delay(2): Delayed 2 second(s)

2019-02-21 17:42:55 - [MESSAGE][PASSED] - Delayed 2 second(s)

2019-02-21 17:42:55 - [TEST_STEP][PASSED] - setText(findTestObject("KeatMun/Form 7_default/OTC_Submit Form 7_Section F-G-H/Page_PERKESO/G2. Hubungan dengan OB-DOB"), "10/01/2019"): Text '10/01/2019' is set on object 'Object Repository/KeatMun/Form 7_default/OTC_Submit Form 7_Section F-G-H/Page_PERKESO/G2. Hubungan dengan OB-DOB'

2019-02-21 17:42:56 - [MESSAGE][PASSED] - Text '10/01/2019' is set on object 'Object Repository/KeatMun/Form 7_default/OTC_Submit Form 7_Section F-G-H/Page_PERKESO/G2. Hubungan dengan OB-DOB'

2019-02-21 17:42:56 - [TEST_STEP][PASSED] - delay(3): Delayed 3 second(s)

2019-02-21 17:42:59 - [MESSAGE][PASSED] - Delayed 3 second(s)

2019-02-21 17:42:59 - [TEST_STEP][PASSED] - click(findTestObject("KeatMun/Form 7_default/OTC_Submit Form 7_Section F-G-H/Page_PERKESO/G2. Span_Bapa")): Object: 'Object Repository/KeatMun/Form 7_default/OTC_Submit Form 7_Section F-G-H/Page_PERKESO/G2. Span_Bapa' is clicked on

2019-02-21 17:42:59 - [MESSAGE][PASSED] - Object: 'Object Repository/KeatMun/Form 7_default/OTC_Submit Form 7_Section F-G-H/Page_PERKESO/G2. Span_Bapa' is clicked on

2019-02-21 17:42:59 - [TEST_STEP][PASSED] - delay(3): Delayed 3 second(s)

2019-02-21 17:43:02 - [MESSAGE][PASSED] - Delayed 3 second(s)

2019-02-21 17:43:02 - [TEST_STEP][PASSED] - click(findTestObject("KeatMun/Form 7_default/OTC_Submit Form 7_Section F-G-H/Page_PERKESO/G2. Choose_Isteri")): Object: 'Object Repository/KeatMun/Form 7_default/OTC_Submit Form 7_Section F-G-H/Page_PERKESO/G2. Choose_Isteri' is clicked on

2019-02-21 17:43:02 - [MESSAGE][PASSED] - Object: 'Object Repository/KeatMun/Form 7_default/OTC_Submit Form 7_Section F-G-H/Page_PERKESO/G2. Choose_Isteri' is clicked on

2019-02-21 17:43:02 - [TEST_STEP][PASSED] - delay(3): Delayed 3 second(s)

2019-02-21 17:43:05 - [MESSAGE][PASSED] - Delayed 3 second(s)

2019-02-21 17:43:05 - [TEST_STEP][PASSED] - click(findTestObject("KeatMun/Form 7_default/OTC_Submit Form 7_Section F-G-H/Page_PERKESO/G3. Halaman Seterusnya")): Object: 'Object Repository/KeatMun/Form 7_default/OTC_Submit Form 7_Section F-G-H/Page_PERKESO/G3. Halaman Seterusnya' is clicked on

2019-02-21 17:43:05 - [MESSAGE][PASSED] - Object: 'Object Repository/KeatMun/Form 7_default/OTC_Submit Form 7_Section F-G-H/Page_PERKESO/G3. Halaman Seterusnya' is clicked on

2019-02-21 17:43:05 - [TEST_STEP][PASSED] - delay(5): Delayed 5 second(s)

2019-02-21 17:43:10 - [MESSAGE][PASSED] - Delayed 5 second(s)

2019-02-21 17:43:10 - [TEST_STEP][PASSED] - click(findTestObject("KeatMun/Form 7_default/OTC_Submit Form 7_Section F-G-H/Page_PERKESO/H1. declAckInfoInd")): Object: 'Object Repository/KeatMun/Form 7_default/OTC_Submit Form 7_Section F-G-H/Page_PERKESO/H1. declAckInfoInd' is clicked on

2019-02-21 17:43:10 - [MESSAGE][PASSED] - Object: 'Object Repository/KeatMun/Form 7_default/OTC_Submit Form 7_Section F-G-H/Page_PERKESO/H1. declAckInfoInd' is clicked on

2019-02-21 17:43:10 - [TEST_STEP][PASSED] - delay(2): Delayed 2 second(s)

2019-02-21 17:43:12 - [MESSAGE][PASSED] - Delayed 2 second(s)

2019-02-21 17:43:12 - [TEST_STEP][PASSED] - click(findTestObject("KeatMun/Form 7_default/OTC_Submit Form 7_Section F-G-H/Page_PERKESO/H2. declAckRepayInd")): Object: 'Object Repository/KeatMun/Form 7_default/OTC_Submit Form 7_Section F-G-H/Page_PERKESO/H2. declAckRepayInd' is clicked on

2019-02-21 17:43:13 - [MESSAGE][PASSED] - Object: 'Object Repository/KeatMun/Form 7_default/OTC_Submit Form 7_Section F-G-H/Page_PERKESO/H2. declAckRepayInd' is clicked on

2019-02-21 17:43:13 - [TEST_STEP][PASSED] - delay(2): Delayed 2 second(s)

2019-02-21 17:43:15 - [MESSAGE][PASSED] - Delayed 2 second(s)

2019-02-21 17:43:15 - [TEST_STEP][PASSED] - click(findTestObject("KeatMun/Form 7_default/OTC_Submit Form 7_Section F-G-H/Page_PERKESO/H3. declAckLegalInd")): Object: 'Object Repository/KeatMun/Form 7_default/OTC_Submit Form 7_Section F-G-H/Page_PERKESO/H3. declAckLegalInd' is clicked on

2019-02-21 17:43:15 - [MESSAGE][PASSED] - Object: 'Object Repository/KeatMun/Form 7_default/OTC_Submit Form 7_Section F-G-H/Page_PERKESO/H3. declAckLegalInd' is clicked on

2019-02-21 17:43:15 - [TEST_STEP][PASSED] - delay(2): Delayed 2 second(s)

2019-02-21 17:43:17 - [MESSAGE][PASSED] - Delayed 2 second(s)

2019-02-21 17:43:17 - [TEST_STEP][PASSED] - click(findTestObject("KeatMun/Form 7_default/OTC_Submit Form 7_Section F-G-H/Page_PERKESO/i1. mandatory_document1")): Object: 'Object Repository/KeatMun/Form 7_default/OTC_Submit Form 7_Section F-G-H/Page_PERKESO/i1. mandatory_document1' is clicked on

2019-02-21 17:43:17 - [MESSAGE][PASSED] - Object: 'Object Repository/KeatMun/Form 7_default/OTC_Submit Form 7_Section F-G-H/Page_PERKESO/i1. mandatory_document1' is clicked on

2019-02-21 17:43:17 - [TEST_STEP][PASSED] - delay(3): Delayed 3 second(s)

2019-02-21 17:43:20 - [MESSAGE][PASSED] - Delayed 3 second(s)

2019-02-21 17:43:20 - [TEST_STEP][PASSED] - sendKeys(findTestObject("KeatMun/Form 7_default/OTC_Submit Form 7_Section F-G-H/Page_PERKESO/i1.--Sila Pilih--_singleFil"), TextFilePathCommon + "\UploadDoc.txt"): Keys 'C:\Users\Admin\Documents\GitHub\PKSKatalon\PKS-EI-ES\Common Zone\UploadDoc.txt' sent to object: 'Object Repository/KeatMun/Form 7_default/OTC_Submit Form 7_Section F-G-H/Page_PERKESO/i1.--Sila Pilih--_singleFil'

2019-02-21 17:43:20 - [MESSAGE][PASSED] - Keys 'C:\Users\Admin\Documents\GitHub\PKSKatalon\PKS-EI-ES\Common Zone\UploadDoc.txt' sent to object: 'Object Repository/KeatMun/Form 7_default/OTC_Submit Form 7_Section F-G-H/Page_PERKESO/i1.--Sila Pilih--_singleFil'

2019-02-21 17:43:20 - [TEST_STEP][PASSED] - delay(3): Delayed 3 second(s)

2019-02-21 17:43:23 - [MESSAGE][PASSED] - Delayed 3 second(s)

2019-02-21 17:43:23 - [TEST_STEP][PASSED] - click(findTestObject("KeatMun/Form 7_default/OTC_Submit Form 7_Section F-G-H/Page_PERKESO/i1.Add - Tambah Dokumen (1)")): Object: 'Object Repository/KeatMun/Form 7_default/OTC_Submit Form 7_Section F-G-H/Page_PERKESO/i1.Add - Tambah Dokumen (1)' is clicked on

2019-02-21 17:43:23 - [MESSAGE][PASSED] - Object: 'Object Repository/KeatMun/Form 7_default/OTC_Submit Form 7_Section F-G-H/Page_PERKESO/i1.Add - Tambah Dokumen (1)' is clicked on

2019-02-21 17:43:23 - [TEST_STEP][PASSED] - delay(3): Delayed 3 second(s)

2019-02-21 17:43:26 - [MESSAGE][PASSED] - Delayed 3 second(s)

2019-02-21 17:43:26 - [TEST_STEP][PASSED] - acceptAlert(): Alert accepted

2019-02-21 17:43:26 - [MESSAGE][PASSED] - Alert accepted

2019-02-21 17:43:26 - [TEST_STEP][PASSED] - delay(3): Delayed 3 second(s)

2019-02-21 17:43:29 - [MESSAGE][PASSED] - Delayed 3 second(s)

2019-02-21 17:43:29 - [TEST_STEP][PASSED] - click(findTestObject("KeatMun/Form 7_default/OTC_Submit Form 7_Section F-G-H/Page_PERKESO/i2. mandatory_document2")): Object: 'Object Repository/KeatMun/Form 7_default/OTC_Submit Form 7_Section F-G-H/Page_PERKESO/i2. mandatory_document2' is clicked on

2019-02-21 17:43:29 - [MESSAGE][PASSED] - Object: 'Object Repository/KeatMun/Form 7_default/OTC_Submit Form 7_Section F-G-H/Page_PERKESO/i2. mandatory_document2' is clicked on

2019-02-21 17:43:29 - [TEST_STEP][PASSED] - delay(3): Delayed 3 second(s)

2019-02-21 17:43:32 - [MESSAGE][PASSED] - Delayed 3 second(s)

2019-02-21 17:43:32 - [TEST_STEP][PASSED] - click(findTestObject("KeatMun/Form 7_default/OTC_Submit Form 7_Section F-G-H/Page_PERKESO/i2. input_Ya_optradio")): Object: 'Object Repository/KeatMun/Form 7_default/OTC_Submit Form 7_Section F-G-H/Page_PERKESO/i2. input_Ya_optradio' is clicked on

2019-02-21 17:43:33 - [MESSAGE][PASSED] - Object: 'Object Repository/KeatMun/Form 7_default/OTC_Submit Form 7_Section F-G-H/Page_PERKESO/i2. input_Ya_optradio' is clicked on

2019-02-21 17:43:33 - [TEST_STEP][PASSED] - delay(3): Delayed 3 second(s)

2019-02-21 17:43:36 - [MESSAGE][PASSED] - Delayed 3 second(s)

2019-02-21 17:43:36 - [TEST_STEP][PASSED] - sendKeys(findTestObject("KeatMun/Form 7_default/OTC_Submit Form 7_Section F-G-H/Page_PERKESO/i1.--Sila Pilih--_singleFil"), TextFilePathCommon + "\UploadDoc.txt"): Keys 'C:\Users\Admin\Documents\GitHub\PKSKatalon\PKS-EI-ES\Common Zone\UploadDoc.txt' sent to object: 'Object Repository/KeatMun/Form 7_default/OTC_Submit Form 7_Section F-G-H/Page_PERKESO/i1.--Sila Pilih--_singleFil'

2019-02-21 17:43:36 - [MESSAGE][PASSED] - Keys 'C:\Users\Admin\Documents\GitHub\PKSKatalon\PKS-EI-ES\Common Zone\UploadDoc.txt' sent to object: 'Object Repository/KeatMun/Form 7_default/OTC_Submit Form 7_Section F-G-H/Page_PERKESO/i1.--Sila Pilih--_singleFil'

2019-02-21 17:43:36 - [TEST_STEP][PASSED] - delay(3): Delayed 3 second(s)

2019-02-21 17:43:39 - [MESSAGE][PASSED] - Delayed 3 second(s)

2019-02-21 17:43:39 - [TEST_STEP][PASSED] - click(findTestObject("KeatMun/Form 7_default/OTC_Submit Form 7_Section F-G-H/Page_PERKESO/i2. button_Tambah Dokumen")): Object: 'Object Repository/KeatMun/Form 7_default/OTC_Submit Form 7_Section F-G-H/Page_PERKESO/i2. button_Tambah Dokumen' is clicked on

2019-02-21 17:43:39 - [MESSAGE][PASSED] - Object: 'Object Repository/KeatMun/Form 7_default/OTC_Submit Form 7_Section F-G-H/Page_PERKESO/i2. button_Tambah Dokumen' is clicked on

2019-02-21 17:43:39 - [TEST_STEP][PASSED] - delay(3): Delayed 3 second(s)

2019-02-21 17:43:42 - [MESSAGE][PASSED] - Delayed 3 second(s)

2019-02-21 17:43:42 - [TEST_STEP][PASSED] - acceptAlert(): Alert accepted

2019-02-21 17:43:42 - [MESSAGE][PASSED] - Alert accepted

2019-02-21 17:43:42 - [TEST_STEP][PASSED] - delay(3): Delayed 3 second(s)

2019-02-21 17:43:45 - [MESSAGE][PASSED] - Delayed 3 second(s)

2019-02-21 17:43:45 - [TEST_STEP][PASSED] - click(findTestObject("KeatMun/Form 7_default/OTC_Submit Form 7_Section F-G-H/Page_PERKESO/i3. mandatory_document3")): Object: 'Object Repository/KeatMun/Form 7_default/OTC_Submit Form 7_Section F-G-H/Page_PERKESO/i3. mandatory_document3' is clicked on

2019-02-21 17:43:45 - [MESSAGE][PASSED] - Object: 'Object Repository/KeatMun/Form 7_default/OTC_Submit Form 7_Section F-G-H/Page_PERKESO/i3. mandatory_document3' is clicked on

2019-02-21 17:43:45 - [TEST_STEP][PASSED] - delay(3): Delayed 3 second(s)

2019-02-21 17:43:48 - [MESSAGE][PASSED] - Delayed 3 second(s)

2019-02-21 17:43:48 - [TEST_STEP][PASSED] - click(findTestObject("KeatMun/Form 7_default/OTC_Submit Form 7_Section F-G-H/Page_PERKESO/i2. input_Ya_optradio")): Object: 'Object Repository/KeatMun/Form 7_default/OTC_Submit Form 7_Section F-G-H/Page_PERKESO/i2. input_Ya_optradio' is clicked on

2019-02-21 17:43:48 - [MESSAGE][PASSED] - Object: 'Object Repository/KeatMun/Form 7_default/OTC_Submit Form 7_Section F-G-H/Page_PERKESO/i2. input_Ya_optradio' is clicked on

2019-02-21 17:43:48 - [TEST_STEP][PASSED] - delay(3): Delayed 3 second(s)

2019-02-21 17:43:51 - [MESSAGE][PASSED] - Delayed 3 second(s)

2019-02-21 17:43:51 - [TEST_STEP][PASSED] - sendKeys(findTestObject("KeatMun/Form 7_default/OTC_Submit Form 7_Section F-G-H/Page_PERKESO/i1.--Sila Pilih--_singleFil"), TextFilePathCommon + "\UploadDoc.txt"): Keys 'C:\Users\Admin\Documents\GitHub\PKSKatalon\PKS-EI-ES\Common Zone\UploadDoc.txt' sent to object: 'Object Repository/KeatMun/Form 7_default/OTC_Submit Form 7_Section F-G-H/Page_PERKESO/i1.--Sila Pilih--_singleFil'

2019-02-21 17:43:51 - [MESSAGE][PASSED] - Keys 'C:\Users\Admin\Documents\GitHub\PKSKatalon\PKS-EI-ES\Common Zone\UploadDoc.txt' sent to object: 'Object Repository/KeatMun/Form 7_default/OTC_Submit Form 7_Section F-G-H/Page_PERKESO/i1.--Sila Pilih--_singleFil'

2019-02-21 17:43:51 - [TEST_STEP][PASSED] - delay(3): Delayed 3 second(s)

2019-02-21 17:43:54 - [MESSAGE][PASSED] - Delayed 3 second(s)

2019-02-21 17:43:54 - [TEST_STEP][PASSED] - click(findTestObject("KeatMun/Form 7_default/OTC_Submit Form 7_Section F-G-H/Page_PERKESO/i2. button_Tambah Dokumen")): Object: 'Object Repository/KeatMun/Form 7_default/OTC_Submit Form 7_Section F-G-H/Page_PERKESO/i2. button_Tambah Dokumen' is clicked on

2019-02-21 17:43:54 - [MESSAGE][PASSED] - Object: 'Object Repository/KeatMun/Form 7_default/OTC_Submit Form 7_Section F-G-H/Page_PERKESO/i2. button_Tambah Dokumen' is clicked on

2019-02-21 17:43:54 - [TEST_STEP][PASSED] - delay(3): Delayed 3 second(s)

2019-02-21 17:43:57 - [MESSAGE][PASSED] - Delayed 3 second(s)

2019-02-21 17:43:57 - [TEST_STEP][PASSED] - acceptAlert(): Alert accepted

2019-02-21 17:43:57 - [MESSAGE][PASSED] - Alert accepted

2019-02-21 17:43:57 - [TEST_STEP][PASSED] - delay(3): Delayed 3 second(s)

2019-02-21 17:44:00 - [MESSAGE][PASSED] - Delayed 3 second(s)

2019-02-21 17:44:00 - [TEST_STEP][PASSED] - click(findTestObject("KeatMun/Form 7_default/OTC_Submit Form 7_Section F-G-H/Page_PERKESO/i4. mandatory_document4")): Object: 'Object Repository/KeatMun/Form 7_default/OTC_Submit Form 7_Section F-G-H/Page_PERKESO/i4. mandatory_document4' is clicked on

2019-02-21 17:44:01 - [MESSAGE][PASSED] - Object: 'Object Repository/KeatMun/Form 7_default/OTC_Submit Form 7_Section F-G-H/Page_PERKESO/i4. mandatory_document4' is clicked on

2019-02-21 17:44:01 - [TEST_STEP][PASSED] - delay(3): Delayed 3 second(s)

2019-02-21 17:44:04 - [MESSAGE][PASSED] - Delayed 3 second(s)

2019-02-21 17:44:04 - [TEST_STEP][PASSED] - click(findTestObject("KeatMun/Form 7_default/OTC_Submit Form 7_Section F-G-H/Page_PERKESO/i4. _Ya_optradio")): Object: 'Object Repository/KeatMun/Form 7_default/OTC_Submit Form 7_Section F-G-H/Page_PERKESO/i4. _Ya_optradio' is clicked on

2019-02-21 17:44:04 - [MESSAGE][PASSED] - Object: 'Object Repository/KeatMun/Form 7_default/OTC_Submit Form 7_Section F-G-H/Page_PERKESO/i4. _Ya_optradio' is clicked on

2019-02-21 17:44:04 - [TEST_STEP][PASSED] - delay(3): Delayed 3 second(s)

2019-02-21 17:44:07 - [MESSAGE][PASSED] - Delayed 3 second(s)

2019-02-21 17:44:07 - [TEST_STEP][PASSED] - sendKeys(findTestObject("KeatMun/Form 7_default/OTC_Submit Form 7_Section F-G-H/Page_PERKESO/i1.--Sila Pilih--_singleFil"), TextFilePathCommon + "\UploadDoc.txt"): Keys 'C:\Users\Admin\Documents\GitHub\PKSKatalon\PKS-EI-ES\Common Zone\UploadDoc.txt' sent to object: 'Object Repository/KeatMun/Form 7_default/OTC_Submit Form 7_Section F-G-H/Page_PERKESO/i1.--Sila Pilih--_singleFil'

2019-02-21 17:44:07 - [MESSAGE][PASSED] - Keys 'C:\Users\Admin\Documents\GitHub\PKSKatalon\PKS-EI-ES\Common Zone\UploadDoc.txt' sent to object: 'Object Repository/KeatMun/Form 7_default/OTC_Submit Form 7_Section F-G-H/Page_PERKESO/i1.--Sila Pilih--_singleFil'

2019-02-21 17:44:07 - [TEST_STEP][PASSED] - delay(3): Delayed 3 second(s)

2019-02-21 17:44:10 - [MESSAGE][PASSED] - Delayed 3 second(s)

2019-02-21 17:44:10 - [TEST_STEP][PASSED] - click(findTestObject("KeatMun/Form 7_default/OTC_Submit Form 7_Section F-G-H/Page_PERKESO/i2. button_Tambah Dokumen")): Object: 'Object Repository/KeatMun/Form 7_default/OTC_Submit Form 7_Section F-G-H/Page_PERKESO/i2. button_Tambah Dokumen' is clicked on

2019-02-21 17:44:10 - [MESSAGE][PASSED] - Object: 'Object Repository/KeatMun/Form 7_default/OTC_Submit Form 7_Section F-G-H/Page_PERKESO/i2. button_Tambah Dokumen' is clicked on

2019-02-21 17:44:10 - [TEST_STEP][PASSED] - delay(3): Delayed 3 second(s)

2019-02-21 17:44:13 - [MESSAGE][PASSED] - Delayed 3 second(s)

2019-02-21 17:44:13 - [TEST_STEP][PASSED] - acceptAlert(): Alert accepted

2019-02-21 17:44:13 - [MESSAGE][PASSED] - Alert accepted

2019-02-21 17:44:13 - [TEST_STEP][PASSED] - delay(3): Delayed 3 second(s)

2019-02-21 17:44:16 - [MESSAGE][PASSED] - Delayed 3 second(s)

2019-02-21 17:44:16 - [TEST_STEP][PASSED] - click(findTestObject("KeatMun/Form 7_default/OTC_Submit Form 7_Section F-G-H/Page_PERKESO/button_Hantar")): Object: 'Object Repository/KeatMun/Form 7_default/OTC_Submit Form 7_Section F-G-H/Page_PERKESO/button_Hantar' is clicked on

2019-02-21 17:44:16 - [MESSAGE][PASSED] - Object: 'Object Repository/KeatMun/Form 7_default/OTC_Submit Form 7_Section F-G-H/Page_PERKESO/button_Hantar' is clicked on

2019-02-21 17:44:16 - [TEST_STEP][PASSED] - delay(3): Delayed 3 second(s)

2019-02-21 17:44:19 - [MESSAGE][PASSED] - Delayed 3 second(s)

2019-02-21 17:44:19 - [TEST_STEP][PASSED] - UserName = getText(findTestObject("KeatMun/Form 7_default/OTC_Submit Form 7_Section F-G-H/Page_PERKESO/strong_FAST2")): Text of object 'Object Repository/KeatMun/Form 7_default/OTC_Submit Form 7_Section F-G-H/Page_PERKESO/strong_FAST2' is: 'A.K.ZAMLI BIN PG.DARUN'

2019-02-21 17:44:19 - [MESSAGE][PASSED] - Text of object 'Object Repository/KeatMun/Form 7_default/OTC_Submit Form 7_Section F-G-H/Page_PERKESO/strong_FAST2' is: 'A.K.ZAMLI BIN PG.DARUN'

2019-02-21 17:44:19 - [TEST_STEP][PASSED] - callTestCase(findTestCase("All TC/Arranged/1. Common/1.2 Setter/Setter UserName"), [:], STOP_ON_FAILURE): Call Test Case 'Test Cases/All TC/Arranged/1. Common/1.2 Setter/Setter UserName' successfully

2019-02-21 17:44:19 - [TEST_CASE][PASSED] - Test Cases/All TC/Arranged/1. Common/1.2 Setter/Setter UserName: Test Cases/All TC/Arranged/1. Common/1.2 Setter/Setter UserName

2019-02-21 17:44:19 - [TEST_STEP][PASSED] - RefNoOldFile = new java.io.File((internal.GlobalVariable.TextFilePathCommon + \getUser.txt)): null

2019-02-21 17:44:19 - [TEST_STEP][PASSED] - RefNoOldFile.delete(): null

2019-02-21 17:44:19 - [TEST_STEP][PASSED] - delay(5): Delayed 5 second(s)

2019-02-21 17:44:24 - [MESSAGE][PASSED] - Delayed 5 second(s)

2019-02-21 17:44:24 - [TEST_STEP][PASSED] - RefNo = new java.io.File((internal.GlobalVariable.TextFilePathCommon + \getUser.txt)): null

2019-02-21 17:44:24 - [TEST_STEP][PASSED] - f2 = new java.io.FileWriter(RefNo, false): null

2019-02-21 17:44:24 - [TEST_STEP][PASSED] - f2.write(UserName): null

2019-02-21 17:44:24 - [TEST_STEP][PASSED] - f2.close(): null

2019-02-21 17:44:24 - [TEST_STEP][PASSED] - out.println("


" + UserName + "


"): null

2019-02-21 17:44:24 - [MESSAGE][PASSED] - Call Test Case 'Test Cases/All TC/Arranged/1. Common/1.2 Setter/Setter UserName' successfully

2019-02-21 17:44:24 - [TEST_STEP][PASSED] - IC = getText(findTestObject("KeatMun/Form 7_default/OTC_Submit Form 7_Section F-G-H/Page_PERKESO/strong_950000140051")): Text of object 'Object Repository/KeatMun/Form 7_default/OTC_Submit Form 7_Section F-G-H/Page_PERKESO/strong_950000140051' is: '770424125853'

2019-02-21 17:44:24 - [MESSAGE][PASSED] - Text of object 'Object Repository/KeatMun/Form 7_default/OTC_Submit Form 7_Section F-G-H/Page_PERKESO/strong_950000140051' is: '770424125853'

2019-02-21 17:44:24 - [TEST_STEP][PASSED] - callTestCase(findTestCase("All TC/Arranged/1. Common/1.2 Setter/Setter IC"), [:], STOP_ON_FAILURE): Call Test Case 'Test Cases/All TC/Arranged/1. Common/1.2 Setter/Setter IC' successfully

2019-02-21 17:44:24 - [TEST_CASE][PASSED] - Test Cases/All TC/Arranged/1. Common/1.2 Setter/Setter IC: Test Cases/All TC/Arranged/1. Common/1.2 Setter/Setter IC

2019-02-21 17:44:24 - [TEST_STEP][PASSED] - RefNoOldFile = new java.io.File((internal.GlobalVariable.TextFilePathCommon + \getIC.txt)): null

2019-02-21 17:44:24 - [TEST_STEP][PASSED] - RefNoOldFile.delete(): null

2019-02-21 17:44:24 - [TEST_STEP][PASSED] - delay(5): Delayed 5 second(s)

2019-02-21 17:44:29 - [MESSAGE][PASSED] - Delayed 5 second(s)

2019-02-21 17:44:29 - [TEST_STEP][PASSED] - RefNo = new java.io.File((internal.GlobalVariable.TextFilePathCommon + \getIC.txt)): null

2019-02-21 17:44:29 - [TEST_STEP][PASSED] - f2 = new java.io.FileWriter(RefNo, false): null

2019-02-21 17:44:29 - [TEST_STEP][PASSED] - f2.write(IC): null

2019-02-21 17:44:29 - [TEST_STEP][PASSED] - f2.close(): null

2019-02-21 17:44:29 - [TEST_STEP][PASSED] - out.println("


" + IC + "


"): null

2019-02-21 17:44:29 - [MESSAGE][PASSED] - Call Test Case 'Test Cases/All TC/Arranged/1. Common/1.2 Setter/Setter IC' successfully

2019-02-21 17:44:29 - [TEST_STEP][PASSED] - CaseID = getText(findTestObject("KeatMun/Form 7_default/OTC_Submit Form 7_Section F-G-H/Page_PERKESO/strong_SIPE1119070000004")): Text of object 'Object Repository/KeatMun/Form 7_default/OTC_Submit Form 7_Section F-G-H/Page_PERKESO/strong_SIPE1119070000004' is: 'SIPE1119070000036'

2019-02-21 17:44:30 - [MESSAGE][PASSED] - Text of object 'Object Repository/KeatMun/Form 7_default/OTC_Submit Form 7_Section F-G-H/Page_PERKESO/strong_SIPE1119070000004' is: 'SIPE1119070000036'

2019-02-21 17:44:30 - [TEST_STEP][PASSED] - callTestCase(findTestCase("All TC/Arranged/1. Common/1.2 Setter/Setter Case ID"), [:], STOP_ON_FAILURE): Call Test Case 'Test Cases/All TC/Arranged/1. Common/1.2 Setter/Setter Case ID' successfully

2019-02-21 17:44:30 - [TEST_CASE][PASSED] - Test Cases/All TC/Arranged/1. Common/1.2 Setter/Setter Case ID: Test Cases/All TC/Arranged/1. Common/1.2 Setter/Setter Case ID

2019-02-21 17:44:30 - [TEST_STEP][PASSED] - RefNoOldFile = new java.io.File((internal.GlobalVariable.TextFilePathCommon + \getCaseID.txt)): null

2019-02-21 17:44:30 - [TEST_STEP][PASSED] - RefNoOldFile.delete(): null

2019-02-21 17:44:30 - [TEST_STEP][PASSED] - delay(5): Delayed 5 second(s)

2019-02-21 17:44:35 - [MESSAGE][PASSED] - Delayed 5 second(s)

2019-02-21 17:44:35 - [TEST_STEP][PASSED] - RefNo = new java.io.File((internal.GlobalVariable.TextFilePathCommon + \getCaseID.txt)): null

2019-02-21 17:44:35 - [TEST_STEP][PASSED] - f2 = new java.io.FileWriter(RefNo, false): null

2019-02-21 17:44:35 - [TEST_STEP][PASSED] - f2.write(CaseID): null

2019-02-21 17:44:35 - [TEST_STEP][PASSED] - f2.close(): null

2019-02-21 17:44:35 - [TEST_STEP][PASSED] - out.println("


" + CaseID + "


"): null

2019-02-21 17:44:35 - [MESSAGE][PASSED] - Call Test Case 'Test Cases/All TC/Arranged/1. Common/1.2 Setter/Setter Case ID' successfully

2019-02-21 17:44:35 - [TEST_STEP][PASSED] - Password = getText(findTestObject("KeatMun/Form 7_default/OTC_Submit Form 7_Section F-G-H/Page_PERKESO/strong_OOPQe0i4")): Text of object 'Object Repository/KeatMun/Form 7_default/OTC_Submit Form 7_Section F-G-H/Page_PERKESO/strong_OOPQe0i4' is: '3eaUbUxk'

2019-02-21 17:44:35 - [MESSAGE][PASSED] - Text of object 'Object Repository/KeatMun/Form 7_default/OTC_Submit Form 7_Section F-G-H/Page_PERKESO/strong_OOPQe0i4' is: '3eaUbUxk'

2019-02-21 17:44:35 - [TEST_STEP][PASSED] - callTestCase(findTestCase("All TC/Arranged/1. Common/1.2 Setter/Setter Password"), [:], STOP_ON_FAILURE): Call Test Case 'Test Cases/All TC/Arranged/1. Common/1.2 Setter/Setter Password' successfully

2019-02-21 17:44:35 - [TEST_CASE][PASSED] - Test Cases/All TC/Arranged/1. Common/1.2 Setter/Setter Password: Test Cases/All TC/Arranged/1. Common/1.2 Setter/Setter Password

2019-02-21 17:44:35 - [TEST_STEP][PASSED] - RefNoOldFile = new java.io.File((internal.GlobalVariable.TextFilePathCommon + \getPassword.txt)): null

2019-02-21 17:44:35 - [TEST_STEP][PASSED] - RefNoOldFile.delete(): null

2019-02-21 17:44:35 - [TEST_STEP][PASSED] - delay(5): Delayed 5 second(s)

2019-02-21 17:44:40 - [MESSAGE][PASSED] - Delayed 5 second(s)

2019-02-21 17:44:40 - [TEST_STEP][PASSED] - RefNo = new java.io.File((internal.GlobalVariable.TextFilePathCommon + \getPassword.txt)): null

2019-02-21 17:44:40 - [TEST_STEP][PASSED] - f2 = new java.io.FileWriter(RefNo, false): null

2019-02-21 17:44:40 - [TEST_STEP][PASSED] - f2.write(Password): null

2019-02-21 17:44:40 - [TEST_STEP][PASSED] - f2.close(): null

2019-02-21 17:44:40 - [TEST_STEP][PASSED] - out.println("


" + Password + "


"): null

2019-02-21 17:44:40 - [MESSAGE][PASSED] - Call Test Case 'Test Cases/All TC/Arranged/1. Common/1.2 Setter/Setter Password' successfully

2019-02-21 17:44:40 - [MESSAGE][PASSED] - Call Test Case 'Test Cases/All TC/Arranged/3. Unit/EI/Form 7_default/OTC_Submit Form 7_Section F-G-H - Cheque' successfully

2019-02-21 17:44:40 - [MESSAGE][PASSED] - Call Test Case 'Test Cases/All TC/Arranged/2. Segment/OTC_Submit Form 7_End to End - Cheque' successfully

2019-02-21 17:44:40 - [TEST_STEP][PASSED] - callTestCase(findTestCase("All TC/Arranged/2. Segment/2.2 Check Status/Check Status - Case ID"), [:], STOP_ON_FAILURE): Call Test Case 'Test Cases/All TC/Arranged/2. Segment/2.2 Check Status/Check Status - Case ID' successfully

2019-02-21 17:44:40 - [TEST_CASE][PASSED] - Test Cases/All TC/Arranged/2. Segment/2.2 Check Status/Check Status - Case ID: Test Cases/All TC/Arranged/2. Segment/2.2 Check Status/Check Status - Case ID

2019-02-21 17:44:40 - [TEST_STEP][PASSED] - openBrowser(""): Browser is opened with url: ''

2019-02-21 17:44:40 - [MESSAGE][WARNING] - A browser is already opened. Closing browser and opening a new one

2019-02-21 17:44:41 - [MESSAGE][INFO] - Starting 'Chrome' driver

2019-02-21 17:44:41 - [MESSAGE][INFO] - User set preference: ['args', '[--start-maximized]']

2019-02-21 17:44:43 - [MESSAGE][PASSED] - Browser is opened with url: ''

2019-02-21 17:44:43 - [TEST_STEP][PASSED] - navigateToUrl(Internal_Login): Navigate to 'http://10.20.24.188/eisportal/user/login' successfully

2019-02-21 17:44:44 - [MESSAGE][PASSED] - Navigate to 'http://10.20.24.188/eisportal/user/login' successfully

2019-02-21 17:44:44 - [TEST_STEP][PASSED] - setText(findTestObject("KinJun/2.0 Check Status/Check Status - Case ID/Page_PERKESO/Input Username"), "nadia.harun@perkeso.gov.my"): Text 'nadia.harun@perkeso.gov.my' is set on object 'Object Repository/KinJun/2.0 Check Status/Check Status - Case ID/Page_PERKESO/Input Username'

2019-02-21 17:44:44 - [MESSAGE][PASSED] - Text 'nadia.harun@perkeso.gov.my' is set on object 'Object Repository/KinJun/2.0 Check Status/Check Status - Case ID/Page_PERKESO/Input Username'

2019-02-21 17:44:44 - [TEST_STEP][PASSED] - setEncryptedText(findTestObject("KinJun/2.0 Check Status/Check Status - Case ID/Page_PERKESO/Input Password"), "CQqwFZlbeC8="): Text ****** has been set on object 'Object Repository/KinJun/2.0 Check Status/Check Status - Case ID/Page_PERKESO/Input Password'

2019-02-21 17:44:44 - [MESSAGE][PASSED] - Text ****** has been set on object 'Object Repository/KinJun/2.0 Check Status/Check Status - Case ID/Page_PERKESO/Input Password'

2019-02-21 17:44:44 - [TEST_STEP][PASSED] - click(findTestObject("KinJun/2.0 Check Status/Check Status - Case ID/Page_PERKESO/Btn Login")): Object: 'Object Repository/KinJun/2.0 Check Status/Check Status - Case ID/Page_PERKESO/Btn Login' is clicked on

2019-02-21 17:44:45 - [MESSAGE][PASSED] - Object: 'Object Repository/KinJun/2.0 Check Status/Check Status - Case ID/Page_PERKESO/Btn Login' is clicked on

2019-02-21 17:44:45 - [TEST_STEP][PASSED] - delay(3): Delayed 3 second(s)

2019-02-21 17:44:48 - [MESSAGE][PASSED] - Delayed 3 second(s)

2019-02-21 17:44:48 - [TEST_STEP][PASSED] - callTestCase(findTestCase("All TC/Arranged/1. Common/1.1 Getter/Getter IC"), [:], STOP_ON_FAILURE): Call Test Case 'Test Cases/All TC/Arranged/1. Common/1.1 Getter/Getter IC' successfully

2019-02-21 17:44:48 - [TEST_CASE][PASSED] - Test Cases/All TC/Arranged/1. Common/1.1 Getter/Getter IC: Test Cases/All TC/Arranged/1. Common/1.1 Getter/Getter IC

2019-02-21 17:44:48 - [TEST_STEP][PASSED] - try: null

2019-02-21 17:44:48 - [TEST_STEP][PASSED] - RefNo = new java.io.File((internal.GlobalVariable.TextFilePathCommon + \getIC.txt)): null

2019-02-21 17:44:48 - [TEST_STEP][PASSED] - bufferread = new java.io.BufferedReader(new java.io.FileReader(RefNo)): null

2019-02-21 17:44:48 - [TEST_STEP][PASSED] - readedVal = bufferread.readLine(): null

2019-02-21 17:44:48 - [TEST_STEP][PASSED] - out.println(IC): null

2019-02-21 17:44:48 - [TEST_STEP][PASSED] - out.println(readedVal): null

2019-02-21 17:44:48 - [TEST_STEP][PASSED] - IC = "": null

2019-02-21 17:44:48 - [TEST_STEP][PASSED] - IC = readedVal: null

2019-02-21 17:44:48 - [MESSAGE][PASSED] - Call Test Case 'Test Cases/All TC/Arranged/1. Common/1.1 Getter/Getter IC' successfully

2019-02-21 17:44:48 - [TEST_STEP][PASSED] - setText(findTestObject("KinJun/2.0 Check Status/Check Status - Case ID/Page_PERKESO/Input IC"), IC): Text '770424125853' is set on object 'Object Repository/KinJun/2.0 Check Status/Check Status - Case ID/Page_PERKESO/Input IC'

2019-02-21 17:44:48 - [MESSAGE][PASSED] - Text '770424125853' is set on object 'Object Repository/KinJun/2.0 Check Status/Check Status - Case ID/Page_PERKESO/Input IC'

2019-02-21 17:44:48 - [TEST_STEP][PASSED] - delay(3): Delayed 3 second(s)

2019-02-21 17:44:52 - [MESSAGE][PASSED] - Delayed 3 second(s)

2019-02-21 17:44:52 - [TEST_STEP][PASSED] - click(findTestObject("KinJun/2.0 Check Status/Check Status - Case ID/Page_PERKESO/Btn Check")): Object: 'Object Repository/KinJun/2.0 Check Status/Check Status - Case ID/Page_PERKESO/Btn Check' is clicked on

2019-02-21 17:44:52 - [MESSAGE][PASSED] - Object: 'Object Repository/KinJun/2.0 Check Status/Check Status - Case ID/Page_PERKESO/Btn Check' is clicked on

2019-02-21 17:44:52 - [TEST_STEP][PASSED] - UserName = getText(findTestObject("KinJun/2.0 Check Status/Check Status - Case ID/Page_PERKESO/TD Username")): Text of object 'Object Repository/KinJun/2.0 Check Status/Check Status - Case ID/Page_PERKESO/TD Username' is: 'JHEIO2'

2019-02-21 17:44:52 - [MESSAGE][PASSED] - Text of object 'Object Repository/KinJun/2.0 Check Status/Check Status - Case ID/Page_PERKESO/TD Username' is: 'JHEIO2'

2019-02-21 17:44:52 - [TEST_STEP][PASSED] - callTestCase(findTestCase("All TC/Arranged/1. Common/1.2 Setter/Setter UserName"), [:], STOP_ON_FAILURE): Call Test Case 'Test Cases/All TC/Arranged/1. Common/1.2 Setter/Setter UserName' successfully

2019-02-21 17:44:52 - [TEST_CASE][PASSED] - Test Cases/All TC/Arranged/1. Common/1.2 Setter/Setter UserName: Test Cases/All TC/Arranged/1. Common/1.2 Setter/Setter UserName

2019-02-21 17:44:52 - [TEST_STEP][PASSED] - RefNoOldFile = new java.io.File((internal.GlobalVariable.TextFilePathCommon + \getUser.txt)): null

2019-02-21 17:44:52 - [TEST_STEP][PASSED] - RefNoOldFile.delete(): null

2019-02-21 17:44:52 - [TEST_STEP][PASSED] - delay(5): Delayed 5 second(s)

2019-02-21 17:44:57 - [MESSAGE][PASSED] - Delayed 5 second(s)

2019-02-21 17:44:57 - [TEST_STEP][PASSED] - RefNo = new java.io.File((internal.GlobalVariable.TextFilePathCommon + \getUser.txt)): null

2019-02-21 17:44:57 - [TEST_STEP][PASSED] - f2 = new java.io.FileWriter(RefNo, false): null

2019-02-21 17:44:57 - [TEST_STEP][PASSED] - f2.write(UserName): null

2019-02-21 17:44:57 - [TEST_STEP][PASSED] - f2.close(): null

2019-02-21 17:44:57 - [TEST_STEP][PASSED] - out.println("


" + UserName + "


"): null

2019-02-21 17:44:57 - [MESSAGE][PASSED] - Call Test Case 'Test Cases/All TC/Arranged/1. Common/1.2 Setter/Setter UserName' successfully

2019-02-21 17:44:57 - [TEST_STEP][PASSED] - click(findTestObject("KinJun/2.0 Check Status/Check Status - Case ID/Page_PERKESO/Click Username")): Object: 'Object Repository/KinJun/2.0 Check Status/Check Status - Case ID/Page_PERKESO/Click Username' is clicked on

2019-02-21 17:44:57 - [MESSAGE][PASSED] - Object: 'Object Repository/KinJun/2.0 Check Status/Check Status - Case ID/Page_PERKESO/Click Username' is clicked on

2019-02-21 17:44:57 - [TEST_STEP][PASSED] - delay(3): Delayed 3 second(s)

2019-02-21 17:45:00 - [MESSAGE][PASSED] - Delayed 3 second(s)

2019-02-21 17:45:00 - [TEST_STEP][PASSED] - click(findTestObject("KinJun/2.0 Check Status/Check Status - Case ID/Page_PERKESO/Log Out")): Object: 'Object Repository/KinJun/2.0 Check Status/Check Status - Case ID/Page_PERKESO/Log Out' is clicked on

2019-02-21 17:45:01 - [MESSAGE][PASSED] - Object: 'Object Repository/KinJun/2.0 Check Status/Check Status - Case ID/Page_PERKESO/Log Out' is clicked on

2019-02-21 17:45:01 - [MESSAGE][PASSED] - Call Test Case 'Test Cases/All TC/Arranged/2. Segment/2.2 Check Status/Check Status - Case ID' successfully

2019-02-21 17:45:01 - [TEST_STEP][PASSED] - callTestCase(findTestCase("All TC/Arranged/1. Common/IC List Remover"), [:], STOP_ON_FAILURE): Call Test Case 'Test Cases/All TC/Arranged/1. Common/IC List Remover' successfully

2019-02-21 17:45:01 - [TEST_CASE][PASSED] - Test Cases/All TC/Arranged/1. Common/IC List Remover: Test Cases/All TC/Arranged/1. Common/IC List Remover

2019-02-21 17:45:01 - [TEST_STEP][PASSED] - counter = 0: null

2019-02-21 17:45:01 - [TEST_STEP][PASSED] - fis = new java.io.FileInputStream((internal.GlobalVariable.TextFilePathCommon + /IC.xlsx)): null

2019-02-21 17:45:01 - [TEST_STEP][PASSED] - workbook = new org.apache.poi.xssf.usermodel.XSSFWorkbook(fis): null

2019-02-21 17:45:01 - [TEST_STEP][PASSED] - sheet = workbook.getSheet("Sheet1"): null

2019-02-21 17:45:01 - [TEST_STEP][PASSED] - totalRow = sheet.getLastRowNum(): null

2019-02-21 17:45:01 - [TEST_STEP][PASSED] - out.println(totalRow): null

2019-02-21 17:45:01 - [TEST_STEP][PASSED] - row = sheet.getRow(counter): null

2019-02-21 17:45:01 - [TEST_STEP][PASSED] - cell = row.getCell(counter): null

2019-02-21 17:45:01 - [TEST_STEP][PASSED] - out.println("removing this value : " + cell.getStringCellValue()): null

2019-02-21 17:45:01 - [TEST_STEP][PASSED] - sheet.removeRow(sheet.getRow(counter)): null

2019-02-21 17:45:01 - [TEST_STEP][PASSED] - sheet.shiftRows(counter + 1, totalRow, -1): null

2019-02-21 17:45:01 - [TEST_STEP][PASSED] - fos = new java.io.FileOutputStream((internal.GlobalVariable.TextFilePathCommon + /IC.xlsx)): null

2019-02-21 17:45:01 - [TEST_STEP][PASSED] - workbook.write(fos): null

2019-02-21 17:45:01 - [TEST_STEP][PASSED] - fos.close(): null

2019-02-21 17:45:01 - [MESSAGE][PASSED] - Call Test Case 'Test Cases/All TC/Arranged/1. Common/IC List Remover' successfully

2019-02-21 17:45:01 - [TEST_STEP][FAILED] - callTestCase(findTestCase("All TC/Arranged/2. Segment/2.5 Query/6.1 Same Branch - SEIO"), [:], STOP_ON_FAILURE): callTestCase(findTestCase("All TC/Arranged/2. Segment/2.5 Query/6.1 Same Branch - SEIO"), [:], STOP_ON_FAILURE) FAILED.
Reason:
com.kms.katalon.core.exception.StepFailedException: Unable to click on object 'Object Repository/KinJun/6.0 Query/6.1 Same branch - SEIO/Page_PERKESO/Click username' (Root cause: com.kms.katalon.core.webui.exception.WebElementNotFoundException: Web element with id: 'Object Repository/KinJun/6.0 Query/6.1 Same branch - SEIO/Page_PERKESO/Click username' located by 'By.xpath: id("bg2")/header[1]/div[@class="container-fluid"]/div[@class="row"]/div[@class="col-md-2"]/ul[@class="nav navbar-nav navbar-right"]/li[@class="dropdown"]/a[@class="dropdown-toggle"][count(. | //a[@href = '#']) = count(//a[@href = '#'])]' not found)
	at com.kms.katalon.core.keyword.internal.KeywordMain.stepFailed(KeywordMain.groovy:36)
	at com.kms.katalon.core.webui.keyword.internal.WebUIKeywordMain.stepFailed(WebUIKeywordMain.groovy:65)
	at com.kms.katalon.core.webui.keyword.internal.WebUIKeywordMain.runKeyword(WebUIKeywordMain.groovy:27)
	at com.kms.katalon.core.webui.keyword.builtin.ClickKeyword.click(ClickKeyword.groovy:86)
	at com.kms.katalon.core.webui.keyword.builtin.ClickKeyword.execute(ClickKeyword.groovy:67)
	at com.kms.katalon.core.keyword.internal.KeywordExecutor.executeKeywordForPlatform(KeywordExecutor.groovy:53)
	at com.kms.katalon.core.webui.keyword.WebUiBuiltInKeywords.click(WebUiBuiltInKeywords.groovy:616)
	at com.kms.katalon.core.webui.keyword.WebUiBuiltInKeywords$click$3.call(Unknown Source)
	at 6.1 Same Branch - SEIO.run(6.1 Same Branch - SEIO:86)
	at com.kms.katalon.core.main.ScriptEngine.run(ScriptEngine.java:194)
	at com.kms.katalon.core.main.ScriptEngine.runScriptAsRawText(ScriptEngine.java:119)
	at com.kms.katalon.core.main.TestCaseExecutor.runScript(TestCaseExecutor.java:328)
	at com.kms.katalon.core.main.TestCaseExecutor.doExecute(TestCaseExecutor.java:319)
	at com.kms.katalon.core.main.TestCaseExecutor.processExecutionPhase(TestCaseExecutor.java:298)
	at com.kms.katalon.core.main.TestCaseExecutor.accessMainPhase(TestCaseExecutor.java:290)
	at com.kms.katalon.core.main.TestCaseExecutor.execute(TestCaseExecutor.java:224)
	at com.kms.katalon.core.main.TestCaseMain.runTestCase(TestCaseMain.java:106)
	at com.kms.katalon.core.keyword.builtin.CallTestCaseKeyword$_callTestCase_closure1.doCall(CallTestCaseKeyword.groovy:59)
	at com.kms.katalon.core.keyword.builtin.CallTestCaseKeyword$_callTestCase_closure1.call(CallTestCaseKeyword.groovy)
	at com.kms.katalon.core.keyword.internal.KeywordMain.runKeyword(KeywordMain.groovy:54)
	at com.kms.katalon.core.keyword.builtin.CallTestCaseKeyword.callTestCase(CallTestCaseKeyword.groovy:80)
	at com.kms.katalon.core.keyword.builtin.CallTestCaseKeyword.execute(CallTestCaseKeyword.groovy:44)
	at com.kms.katalon.core.keyword.internal.KeywordExecutor.executeKeywordForPlatform(KeywordExecutor.groovy:53)
	at com.kms.katalon.core.keyword.BuiltinKeywords.callTestCase(BuiltinKeywords.groovy:334)
	at Same branch - SEIO.run(Same branch - SEIO:22)
	at com.kms.katalon.core.main.ScriptEngine.run(ScriptEngine.java:194)
	at com.kms.katalon.core.main.ScriptEngine.runScriptAsRawText(ScriptEngine.java:119)
	at com.kms.katalon.core.main.TestCaseExecutor.runScript(TestCaseExecutor.java:328)
	at com.kms.katalon.core.main.TestCaseExecutor.doExecute(TestCaseExecutor.java:319)
	at com.kms.katalon.core.main.TestCaseExecutor.processExecutionPhase(TestCaseExecutor.java:298)
	at com.kms.katalon.core.main.TestCaseExecutor.accessMainPhase(TestCaseExecutor.java:290)
	at com.kms.katalon.core.main.TestCaseExecutor.execute(TestCaseExecutor.java:224)
	at com.kms.katalon.core.main.TestSuiteExecutor.accessTestCaseMainPhase(TestSuiteExecutor.java:129)
	at com.kms.katalon.core.main.TestSuiteExecutor.accessTestSuiteMainPhase(TestSuiteExecutor.java:112)
	at com.kms.katalon.core.main.TestSuiteExecutor.execute(TestSuiteExecutor.java:81)
	at com.kms.katalon.core.main.TestCaseMain.startTestSuite(TestCaseMain.java:149)
	at com.kms.katalon.core.main.TestCaseMain$startTestSuite$0.call(Unknown Source)
	at TempTestSuite1550738418733.run(TempTestSuite1550738418733.groovy:36)


2019-02-21 17:45:01 - [TEST_CASE][FAILED] - Test Cases/All TC/Arranged/2. Segment/2.5 Query/6.1 Same Branch - SEIO: Test Cases/All TC/Arranged/2. Segment/2.5 Query/6.1 Same Branch - SEIO FAILED.
Reason:
com.kms.katalon.core.exception.StepFailedException: Unable to click on object 'Object Repository/KinJun/6.0 Query/6.1 Same branch - SEIO/Page_PERKESO/Click username' (Root cause: com.kms.katalon.core.webui.exception.WebElementNotFoundException: Web element with id: 'Object Repository/KinJun/6.0 Query/6.1 Same branch - SEIO/Page_PERKESO/Click username' located by 'By.xpath: id("bg2")/header[1]/div[@class="container-fluid"]/div[@class="row"]/div[@class="col-md-2"]/ul[@class="nav navbar-nav navbar-right"]/li[@class="dropdown"]/a[@class="dropdown-toggle"][count(. | //a[@href = '#']) = count(//a[@href = '#'])]' not found)
	at com.kms.katalon.core.keyword.internal.KeywordMain.stepFailed(KeywordMain.groovy:36)
	at com.kms.katalon.core.webui.keyword.internal.WebUIKeywordMain.stepFailed(WebUIKeywordMain.groovy:65)
	at com.kms.katalon.core.webui.keyword.internal.WebUIKeywordMain.runKeyword(WebUIKeywordMain.groovy:27)
	at com.kms.katalon.core.webui.keyword.builtin.ClickKeyword.click(ClickKeyword.groovy:86)
	at com.kms.katalon.core.webui.keyword.builtin.ClickKeyword.execute(ClickKeyword.groovy:67)
	at com.kms.katalon.core.keyword.internal.KeywordExecutor.executeKeywordForPlatform(KeywordExecutor.groovy:53)
	at com.kms.katalon.core.webui.keyword.WebUiBuiltInKeywords.click(WebUiBuiltInKeywords.groovy:616)
	at com.kms.katalon.core.webui.keyword.WebUiBuiltInKeywords$click$3.call(Unknown Source)
	at 6.1 Same Branch - SEIO.run(6.1 Same Branch - SEIO:86)
	at com.kms.katalon.core.main.ScriptEngine.run(ScriptEngine.java:194)
	at com.kms.katalon.core.main.ScriptEngine.runScriptAsRawText(ScriptEngine.java:119)
	at com.kms.katalon.core.main.TestCaseExecutor.runScript(TestCaseExecutor.java:328)
	at com.kms.katalon.core.main.TestCaseExecutor.doExecute(TestCaseExecutor.java:319)
	at com.kms.katalon.core.main.TestCaseExecutor.processExecutionPhase(TestCaseExecutor.java:298)
	at com.kms.katalon.core.main.TestCaseExecutor.accessMainPhase(TestCaseExecutor.java:290)
	at com.kms.katalon.core.main.TestCaseExecutor.execute(TestCaseExecutor.java:224)
	at com.kms.katalon.core.main.TestCaseMain.runTestCase(TestCaseMain.java:106)
	at com.kms.katalon.core.keyword.builtin.CallTestCaseKeyword$_callTestCase_closure1.doCall(CallTestCaseKeyword.groovy:59)
	at com.kms.katalon.core.keyword.builtin.CallTestCaseKeyword$_callTestCase_closure1.call(CallTestCaseKeyword.groovy)
	at com.kms.katalon.core.keyword.internal.KeywordMain.runKeyword(KeywordMain.groovy:54)
	at com.kms.katalon.core.keyword.builtin.CallTestCaseKeyword.callTestCase(CallTestCaseKeyword.groovy:80)
	at com.kms.katalon.core.keyword.builtin.CallTestCaseKeyword.execute(CallTestCaseKeyword.groovy:44)
	at com.kms.katalon.core.keyword.internal.KeywordExecutor.executeKeywordForPlatform(KeywordExecutor.groovy:53)
	at com.kms.katalon.core.keyword.BuiltinKeywords.callTestCase(BuiltinKeywords.groovy:334)
	at Same branch - SEIO.run(Same branch - SEIO:22)
	at com.kms.katalon.core.main.ScriptEngine.run(ScriptEngine.java:194)
	at com.kms.katalon.core.main.ScriptEngine.runScriptAsRawText(ScriptEngine.java:119)
	at com.kms.katalon.core.main.TestCaseExecutor.runScript(TestCaseExecutor.java:328)
	at com.kms.katalon.core.main.TestCaseExecutor.doExecute(TestCaseExecutor.java:319)
	at com.kms.katalon.core.main.TestCaseExecutor.processExecutionPhase(TestCaseExecutor.java:298)
	at com.kms.katalon.core.main.TestCaseExecutor.accessMainPhase(TestCaseExecutor.java:290)
	at com.kms.katalon.core.main.TestCaseExecutor.execute(TestCaseExecutor.java:224)
	at com.kms.katalon.core.main.TestSuiteExecutor.accessTestCaseMainPhase(TestSuiteExecutor.java:129)
	at com.kms.katalon.core.main.TestSuiteExecutor.accessTestSuiteMainPhase(TestSuiteExecutor.java:112)
	at com.kms.katalon.core.main.TestSuiteExecutor.execute(TestSuiteExecutor.java:81)
	at com.kms.katalon.core.main.TestCaseMain.startTestSuite(TestCaseMain.java:149)
	at com.kms.katalon.core.main.TestCaseMain$startTestSuite$0.call(Unknown Source)
	at TempTestSuite1550738418733.run(TempTestSuite1550738418733.groovy:36)


2019-02-21 17:45:02 - [TEST_STEP][PASSED] - openBrowser(""): Browser is opened with url: ''

2019-02-21 17:45:02 - [MESSAGE][WARNING] - A browser is already opened. Closing browser and opening a new one

2019-02-21 17:45:02 - [MESSAGE][INFO] - Starting 'Chrome' driver

2019-02-21 17:45:02 - [MESSAGE][INFO] - User set preference: ['args', '[--start-maximized]']

2019-02-21 17:45:04 - [MESSAGE][PASSED] - Browser is opened with url: ''

2019-02-21 17:45:04 - [TEST_STEP][PASSED] - navigateToUrl(Internal_Login): Navigate to 'http://10.20.24.188/eisportal/user/login' successfully

2019-02-21 17:45:05 - [MESSAGE][PASSED] - Navigate to 'http://10.20.24.188/eisportal/user/login' successfully

2019-02-21 17:45:05 - [TEST_STEP][PASSED] - callTestCase(findTestCase("All TC/Arranged/1. Common/Internal Email Finder"), [:], STOP_ON_FAILURE): Call Test Case 'Test Cases/All TC/Arranged/1. Common/Internal Email Finder' successfully

2019-02-21 17:45:05 - [TEST_CASE][PASSED] - Test Cases/All TC/Arranged/1. Common/Internal Email Finder: Test Cases/All TC/Arranged/1. Common/Internal Email Finder

2019-02-21 17:45:05 - [TEST_STEP][PASSED] - callTestCase(findTestCase("All TC/Arranged/1. Common/1.1 Getter/Getter UserName"), [:], CONTINUE_ON_FAILURE): Call Test Case 'Test Cases/All TC/Arranged/1. Common/1.1 Getter/Getter UserName' successfully

2019-02-21 17:45:05 - [TEST_CASE][PASSED] - Test Cases/All TC/Arranged/1. Common/1.1 Getter/Getter UserName: Test Cases/All TC/Arranged/1. Common/1.1 Getter/Getter UserName

2019-02-21 17:45:05 - [TEST_STEP][PASSED] - try: null

2019-02-21 17:45:05 - [TEST_STEP][PASSED] - RefNo = new java.io.File((internal.GlobalVariable.TextFilePathCommon + \getUser.txt)): null

2019-02-21 17:45:05 - [TEST_STEP][PASSED] - bufferread = new java.io.BufferedReader(new java.io.FileReader(RefNo)): null

2019-02-21 17:45:05 - [TEST_STEP][PASSED] - readedVal = bufferread.readLine(): null

2019-02-21 17:45:05 - [TEST_STEP][PASSED] - out.println(UserName): null

2019-02-21 17:45:05 - [TEST_STEP][PASSED] - out.println(readedVal): null

2019-02-21 17:45:05 - [TEST_STEP][PASSED] - UserName = "": null

2019-02-21 17:45:05 - [TEST_STEP][PASSED] - UserName = readedVal: null

2019-02-21 17:45:05 - [MESSAGE][PASSED] - Call Test Case 'Test Cases/All TC/Arranged/1. Common/1.1 Getter/Getter UserName' successfully

2019-02-21 17:45:05 - [TEST_STEP][PASSED] - StrA = UserName: null

2019-02-21 17:45:05 - [TEST_STEP][PASSED] - StrB = <not implemented yet for class: org.codehaus.groovy.ast.expr.EmptyExpression>: null

2019-02-21 17:45:05 - [TEST_STEP][PASSED] - Counter = 1: null

2019-02-21 17:45:05 - [TEST_STEP][PASSED] - while (!(StrB.equals(StrA)) && !(Counter > findTestData("Internal User List").getRowNumbers())): null

2019-02-21 17:45:05 - [TEST_STEP][PASSED] - StrB = findTestData("Internal User List").getValue(2, Counter): null

2019-02-21 17:45:05 - [TEST_STEP][PASSED] - if (StrB.equals(StrA)): null

2019-02-21 17:45:05 - [TEST_STEP][PASSED] - (Counter++): null

2019-02-21 17:45:05 - [TEST_STEP][PASSED] - StrB = findTestData("Internal User List").getValue(2, Counter): null

2019-02-21 17:45:05 - [TEST_STEP][PASSED] - if (StrB.equals(StrA)): null

2019-02-21 17:45:05 - [TEST_STEP][PASSED] - (Counter++): null

2019-02-21 17:45:05 - [TEST_STEP][PASSED] - StrB = findTestData("Internal User List").getValue(2, Counter): null

2019-02-21 17:45:05 - [TEST_STEP][PASSED] - if (StrB.equals(StrA)): null

2019-02-21 17:45:05 - [TEST_STEP][PASSED] - (Counter++): null

2019-02-21 17:45:05 - [TEST_STEP][PASSED] - StrB = findTestData("Internal User List").getValue(2, Counter): null

2019-02-21 17:45:05 - [TEST_STEP][PASSED] - if (StrB.equals(StrA)): null

2019-02-21 17:45:05 - [TEST_STEP][PASSED] - (Counter++): null

2019-02-21 17:45:05 - [TEST_STEP][PASSED] - StrB = findTestData("Internal User List").getValue(2, Counter): null

2019-02-21 17:45:05 - [TEST_STEP][PASSED] - if (StrB.equals(StrA)): null

2019-02-21 17:45:05 - [TEST_STEP][PASSED] - (Counter++): null

2019-02-21 17:45:06 - [TEST_STEP][PASSED] - StrB = findTestData("Internal User List").getValue(2, Counter): null

2019-02-21 17:45:06 - [TEST_STEP][PASSED] - if (StrB.equals(StrA)): null

2019-02-21 17:45:06 - [TEST_STEP][PASSED] - (Counter++): null

2019-02-21 17:45:06 - [TEST_STEP][PASSED] - StrB = findTestData("Internal User List").getValue(2, Counter): null

2019-02-21 17:45:06 - [TEST_STEP][PASSED] - if (StrB.equals(StrA)): null

2019-02-21 17:45:06 - [TEST_STEP][PASSED] - (Counter++): null

2019-02-21 17:45:06 - [TEST_STEP][PASSED] - StrB = findTestData("Internal User List").getValue(2, Counter): null

2019-02-21 17:45:06 - [TEST_STEP][PASSED] - if (StrB.equals(StrA)): null

2019-02-21 17:45:06 - [TEST_STEP][PASSED] - (Counter++): null

2019-02-21 17:45:06 - [TEST_STEP][PASSED] - StrB = findTestData("Internal User List").getValue(2, Counter): null

2019-02-21 17:45:06 - [TEST_STEP][PASSED] - if (StrB.equals(StrA)): null

2019-02-21 17:45:06 - [TEST_STEP][PASSED] - (Counter++): null

2019-02-21 17:45:06 - [TEST_STEP][PASSED] - StrB = findTestData("Internal User List").getValue(2, Counter): null

2019-02-21 17:45:06 - [TEST_STEP][PASSED] - if (StrB.equals(StrA)): null

2019-02-21 17:45:06 - [TEST_STEP][PASSED] - (Counter++): null

2019-02-21 17:45:06 - [TEST_STEP][PASSED] - StrB = findTestData("Internal User List").getValue(2, Counter): null

2019-02-21 17:45:06 - [TEST_STEP][PASSED] - if (StrB.equals(StrA)): null

2019-02-21 17:45:06 - [TEST_STEP][PASSED] - (Counter++): null

2019-02-21 17:45:06 - [TEST_STEP][PASSED] - StrB = findTestData("Internal User List").getValue(2, Counter): null

2019-02-21 17:45:07 - [TEST_STEP][PASSED] - if (StrB.equals(StrA)): null

2019-02-21 17:45:07 - [TEST_STEP][PASSED] - (Counter++): null

2019-02-21 17:45:07 - [TEST_STEP][PASSED] - StrB = findTestData("Internal User List").getValue(2, Counter): null

2019-02-21 17:45:07 - [TEST_STEP][PASSED] - if (StrB.equals(StrA)): null

2019-02-21 17:45:07 - [TEST_STEP][PASSED] - (Counter++): null

2019-02-21 17:45:07 - [TEST_STEP][PASSED] - StrB = findTestData("Internal User List").getValue(2, Counter): null

2019-02-21 17:45:07 - [TEST_STEP][PASSED] - if (StrB.equals(StrA)): null

2019-02-21 17:45:07 - [TEST_STEP][PASSED] - (Counter++): null

2019-02-21 17:45:07 - [TEST_STEP][PASSED] - StrB = findTestData("Internal User List").getValue(2, Counter): null

2019-02-21 17:45:07 - [TEST_STEP][PASSED] - if (StrB.equals(StrA)): null

2019-02-21 17:45:07 - [TEST_STEP][PASSED] - (Counter++): null

2019-02-21 17:45:07 - [TEST_STEP][PASSED] - StrB = findTestData("Internal User List").getValue(2, Counter): null

2019-02-21 17:45:07 - [TEST_STEP][PASSED] - if (StrB.equals(StrA)): null

2019-02-21 17:45:07 - [TEST_STEP][PASSED] - (Counter++): null

2019-02-21 17:45:07 - [TEST_STEP][PASSED] - StrB = findTestData("Internal User List").getValue(2, Counter): null

2019-02-21 17:45:07 - [TEST_STEP][PASSED] - if (StrB.equals(StrA)): null

2019-02-21 17:45:07 - [TEST_STEP][PASSED] - (Counter++): null

2019-02-21 17:45:07 - [TEST_STEP][PASSED] - StrB = findTestData("Internal User List").getValue(2, Counter): null

2019-02-21 17:45:07 - [TEST_STEP][PASSED] - if (StrB.equals(StrA)): null

2019-02-21 17:45:07 - [TEST_STEP][PASSED] - (Counter++): null

2019-02-21 17:45:07 - [TEST_STEP][PASSED] - StrB = findTestData("Internal User List").getValue(2, Counter): null

2019-02-21 17:45:07 - [TEST_STEP][PASSED] - if (StrB.equals(StrA)): null

2019-02-21 17:45:07 - [TEST_STEP][PASSED] - (Counter++): null

2019-02-21 17:45:07 - [TEST_STEP][PASSED] - StrB = findTestData("Internal User List").getValue(2, Counter): null

2019-02-21 17:45:07 - [TEST_STEP][PASSED] - if (StrB.equals(StrA)): null

2019-02-21 17:45:08 - [TEST_STEP][PASSED] - (Counter++): null

2019-02-21 17:45:08 - [TEST_STEP][PASSED] - StrB = findTestData("Internal User List").getValue(2, Counter): null

2019-02-21 17:45:08 - [TEST_STEP][PASSED] - if (StrB.equals(StrA)): null

2019-02-21 17:45:08 - [TEST_STEP][PASSED] - (Counter++): null

2019-02-21 17:45:08 - [TEST_STEP][PASSED] - StrB = findTestData("Internal User List").getValue(2, Counter): null

2019-02-21 17:45:08 - [TEST_STEP][PASSED] - if (StrB.equals(StrA)): null

2019-02-21 17:45:08 - [TEST_STEP][PASSED] - (Counter++): null

2019-02-21 17:45:08 - [TEST_STEP][PASSED] - StrB = findTestData("Internal User List").getValue(2, Counter): null

2019-02-21 17:45:08 - [TEST_STEP][PASSED] - if (StrB.equals(StrA)): null

2019-02-21 17:45:08 - [TEST_STEP][PASSED] - (Counter++): null

2019-02-21 17:45:08 - [TEST_STEP][PASSED] - StrB = findTestData("Internal User List").getValue(2, Counter): null

2019-02-21 17:45:08 - [TEST_STEP][PASSED] - if (StrB.equals(StrA)): null

2019-02-21 17:45:08 - [TEST_STEP][PASSED] - (Counter++): null

2019-02-21 17:45:08 - [TEST_STEP][PASSED] - StrB = findTestData("Internal User List").getValue(2, Counter): null

2019-02-21 17:45:08 - [TEST_STEP][PASSED] - if (StrB.equals(StrA)): null

2019-02-21 17:45:08 - [TEST_STEP][PASSED] - (Counter++): null

2019-02-21 17:45:08 - [TEST_STEP][PASSED] - StrB = findTestData("Internal User List").getValue(2, Counter): null

2019-02-21 17:45:09 - [TEST_STEP][PASSED] - if (StrB.equals(StrA)): null

2019-02-21 17:45:09 - [TEST_STEP][PASSED] - (Counter++): null

2019-02-21 17:45:09 - [TEST_STEP][PASSED] - StrB = findTestData("Internal User List").getValue(2, Counter): null

2019-02-21 17:45:09 - [TEST_STEP][PASSED] - if (StrB.equals(StrA)): null

2019-02-21 17:45:09 - [TEST_STEP][PASSED] - (Counter++): null

2019-02-21 17:45:09 - [TEST_STEP][PASSED] - StrB = findTestData("Internal User List").getValue(2, Counter): null

2019-02-21 17:45:09 - [TEST_STEP][PASSED] - if (StrB.equals(StrA)): null

2019-02-21 17:45:09 - [TEST_STEP][PASSED] - (Counter++): null

2019-02-21 17:45:09 - [TEST_STEP][PASSED] - StrB = findTestData("Internal User List").getValue(2, Counter): null

2019-02-21 17:45:09 - [TEST_STEP][PASSED] - if (StrB.equals(StrA)): null

2019-02-21 17:45:09 - [TEST_STEP][PASSED] - (Counter++): null

2019-02-21 17:45:09 - [TEST_STEP][PASSED] - StrB = findTestData("Internal User List").getValue(2, Counter): null

2019-02-21 17:45:09 - [TEST_STEP][PASSED] - if (StrB.equals(StrA)): null

2019-02-21 17:45:10 - [TEST_STEP][PASSED] - (Counter++): null

2019-02-21 17:45:10 - [TEST_STEP][PASSED] - StrB = findTestData("Internal User List").getValue(2, Counter): null

2019-02-21 17:45:10 - [TEST_STEP][PASSED] - if (StrB.equals(StrA)): null

2019-02-21 17:45:10 - [TEST_STEP][PASSED] - (Counter++): null

2019-02-21 17:45:10 - [TEST_STEP][PASSED] - StrB = findTestData("Internal User List").getValue(2, Counter): null

2019-02-21 17:45:10 - [TEST_STEP][PASSED] - if (StrB.equals(StrA)): null

2019-02-21 17:45:10 - [TEST_STEP][PASSED] - (Counter++): null

2019-02-21 17:45:10 - [TEST_STEP][PASSED] - StrB = findTestData("Internal User List").getValue(2, Counter): null

2019-02-21 17:45:10 - [TEST_STEP][PASSED] - if (StrB.equals(StrA)): null

2019-02-21 17:45:10 - [TEST_STEP][PASSED] - (Counter++): null

2019-02-21 17:45:10 - [TEST_STEP][PASSED] - StrB = findTestData("Internal User List").getValue(2, Counter): null

2019-02-21 17:45:10 - [TEST_STEP][PASSED] - if (StrB.equals(StrA)): null

2019-02-21 17:45:10 - [TEST_STEP][PASSED] - (Counter++): null

2019-02-21 17:45:10 - [TEST_STEP][PASSED] - StrB = findTestData("Internal User List").getValue(2, Counter): null

2019-02-21 17:45:10 - [TEST_STEP][PASSED] - if (StrB.equals(StrA)): null

2019-02-21 17:45:10 - [TEST_STEP][PASSED] - (Counter++): null

2019-02-21 17:45:10 - [TEST_STEP][PASSED] - StrB = findTestData("Internal User List").getValue(2, Counter): null

2019-02-21 17:45:10 - [TEST_STEP][PASSED] - if (StrB.equals(StrA)): null

2019-02-21 17:45:10 - [TEST_STEP][PASSED] - (Counter++): null

2019-02-21 17:45:10 - [TEST_STEP][PASSED] - StrB = findTestData("Internal User List").getValue(2, Counter): null

2019-02-21 17:45:10 - [TEST_STEP][PASSED] - if (StrB.equals(StrA)): null

2019-02-21 17:45:11 - [TEST_STEP][PASSED] - (Counter++): null

2019-02-21 17:45:11 - [TEST_STEP][PASSED] - StrB = findTestData("Internal User List").getValue(2, Counter): null

2019-02-21 17:45:11 - [TEST_STEP][PASSED] - if (StrB.equals(StrA)): null

2019-02-21 17:45:11 - [TEST_STEP][PASSED] - (Counter++): null

2019-02-21 17:45:11 - [TEST_STEP][PASSED] - StrB = findTestData("Internal User List").getValue(2, Counter): null

2019-02-21 17:45:11 - [TEST_STEP][PASSED] - if (StrB.equals(StrA)): null

2019-02-21 17:45:11 - [TEST_STEP][PASSED] - (Counter++): null

2019-02-21 17:45:11 - [TEST_STEP][PASSED] - StrB = findTestData("Internal User List").getValue(2, Counter): null

2019-02-21 17:45:11 - [TEST_STEP][PASSED] - if (StrB.equals(StrA)): null

2019-02-21 17:45:11 - [TEST_STEP][PASSED] - (Counter++): null

2019-02-21 17:45:11 - [TEST_STEP][PASSED] - StrB = findTestData("Internal User List").getValue(2, Counter): null

2019-02-21 17:45:11 - [TEST_STEP][PASSED] - if (StrB.equals(StrA)): null

2019-02-21 17:45:11 - [TEST_STEP][PASSED] - (Counter++): null

2019-02-21 17:45:11 - [TEST_STEP][PASSED] - StrB = findTestData("Internal User List").getValue(2, Counter): null

2019-02-21 17:45:11 - [TEST_STEP][PASSED] - if (StrB.equals(StrA)): null

2019-02-21 17:45:11 - [TEST_STEP][PASSED] - (Counter++): null

2019-02-21 17:45:12 - [TEST_STEP][PASSED] - StrB = findTestData("Internal User List").getValue(2, Counter): null

2019-02-21 17:45:12 - [TEST_STEP][PASSED] - if (StrB.equals(StrA)): null

2019-02-21 17:45:12 - [TEST_STEP][PASSED] - (Counter++): null

2019-02-21 17:45:12 - [TEST_STEP][PASSED] - StrB = findTestData("Internal User List").getValue(2, Counter): null

2019-02-21 17:45:12 - [TEST_STEP][PASSED] - if (StrB.equals(StrA)): null

2019-02-21 17:45:12 - [TEST_STEP][PASSED] - (Counter++): null

2019-02-21 17:45:12 - [TEST_STEP][PASSED] - StrB = findTestData("Internal User List").getValue(2, Counter): null

2019-02-21 17:45:12 - [TEST_STEP][PASSED] - if (StrB.equals(StrA)): null

2019-02-21 17:45:12 - [TEST_STEP][PASSED] - (Counter++): null

2019-02-21 17:45:12 - [TEST_STEP][PASSED] - StrB = findTestData("Internal User List").getValue(2, Counter): null

2019-02-21 17:45:12 - [TEST_STEP][PASSED] - if (StrB.equals(StrA)): null

2019-02-21 17:45:12 - [TEST_STEP][PASSED] - (Counter++): null

2019-02-21 17:45:12 - [TEST_STEP][PASSED] - StrB = findTestData("Internal User List").getValue(2, Counter): null

2019-02-21 17:45:12 - [TEST_STEP][PASSED] - if (StrB.equals(StrA)): null

2019-02-21 17:45:12 - [TEST_STEP][PASSED] - (Counter++): null

2019-02-21 17:45:13 - [TEST_STEP][PASSED] - StrB = findTestData("Internal User List").getValue(2, Counter): null

2019-02-21 17:45:13 - [TEST_STEP][PASSED] - if (StrB.equals(StrA)): null

2019-02-21 17:45:13 - [TEST_STEP][PASSED] - (Counter++): null

2019-02-21 17:45:13 - [TEST_STEP][PASSED] - StrB = findTestData("Internal User List").getValue(2, Counter): null

2019-02-21 17:45:13 - [TEST_STEP][PASSED] - if (StrB.equals(StrA)): null

2019-02-21 17:45:13 - [TEST_STEP][PASSED] - (Counter++): null

2019-02-21 17:45:13 - [TEST_STEP][PASSED] - StrB = findTestData("Internal User List").getValue(2, Counter): null

2019-02-21 17:45:13 - [TEST_STEP][PASSED] - if (StrB.equals(StrA)): null

2019-02-21 17:45:13 - [TEST_STEP][PASSED] - (Counter++): null

2019-02-21 17:45:13 - [TEST_STEP][PASSED] - StrB = findTestData("Internal User List").getValue(2, Counter): null

2019-02-21 17:45:13 - [TEST_STEP][PASSED] - if (StrB.equals(StrA)): null

2019-02-21 17:45:13 - [TEST_STEP][PASSED] - (Counter++): null

2019-02-21 17:45:13 - [TEST_STEP][PASSED] - StrB = findTestData("Internal User List").getValue(2, Counter): null

2019-02-21 17:45:13 - [TEST_STEP][PASSED] - if (StrB.equals(StrA)): null

2019-02-21 17:45:13 - [TEST_STEP][PASSED] - (Counter++): null

2019-02-21 17:45:13 - [TEST_STEP][PASSED] - StrB = findTestData("Internal User List").getValue(2, Counter): null

2019-02-21 17:45:13 - [TEST_STEP][PASSED] - if (StrB.equals(StrA)): null

2019-02-21 17:45:13 - [TEST_STEP][PASSED] - (Counter++): null

2019-02-21 17:45:13 - [TEST_STEP][PASSED] - StrB = findTestData("Internal User List").getValue(2, Counter): null

2019-02-21 17:45:13 - [TEST_STEP][PASSED] - if (StrB.equals(StrA)): null

2019-02-21 17:45:14 - [TEST_STEP][PASSED] - (Counter++): null

2019-02-21 17:45:14 - [TEST_STEP][PASSED] - StrB = findTestData("Internal User List").getValue(2, Counter): null

2019-02-21 17:45:14 - [TEST_STEP][PASSED] - if (StrB.equals(StrA)): null

2019-02-21 17:45:14 - [TEST_STEP][PASSED] - (Counter++): null

2019-02-21 17:45:14 - [TEST_STEP][PASSED] - StrB = findTestData("Internal User List").getValue(2, Counter): null

2019-02-21 17:45:14 - [TEST_STEP][PASSED] - if (StrB.equals(StrA)): null

2019-02-21 17:45:14 - [TEST_STEP][PASSED] - (Counter++): null

2019-02-21 17:45:14 - [TEST_STEP][PASSED] - StrB = findTestData("Internal User List").getValue(2, Counter): null

2019-02-21 17:45:14 - [TEST_STEP][PASSED] - if (StrB.equals(StrA)): null

2019-02-21 17:45:14 - [TEST_STEP][PASSED] - (Counter++): null

2019-02-21 17:45:14 - [TEST_STEP][PASSED] - StrB = findTestData("Internal User List").getValue(2, Counter): null

2019-02-21 17:45:14 - [TEST_STEP][PASSED] - if (StrB.equals(StrA)): null

2019-02-21 17:45:14 - [TEST_STEP][PASSED] - (Counter++): null

2019-02-21 17:45:14 - [TEST_STEP][PASSED] - StrB = findTestData("Internal User List").getValue(2, Counter): null

2019-02-21 17:45:15 - [TEST_STEP][PASSED] - if (StrB.equals(StrA)): null

2019-02-21 17:45:15 - [TEST_STEP][PASSED] - (Counter++): null

2019-02-21 17:45:15 - [TEST_STEP][PASSED] - StrB = findTestData("Internal User List").getValue(2, Counter): null

2019-02-21 17:45:15 - [TEST_STEP][PASSED] - if (StrB.equals(StrA)): null

2019-02-21 17:45:15 - [TEST_STEP][PASSED] - (Counter++): null

2019-02-21 17:45:15 - [TEST_STEP][PASSED] - StrB = findTestData("Internal User List").getValue(2, Counter): null

2019-02-21 17:45:15 - [TEST_STEP][PASSED] - if (StrB.equals(StrA)): null

2019-02-21 17:45:15 - [TEST_STEP][PASSED] - (Counter++): null

2019-02-21 17:45:15 - [TEST_STEP][PASSED] - StrB = findTestData("Internal User List").getValue(2, Counter): null

2019-02-21 17:45:15 - [TEST_STEP][PASSED] - if (StrB.equals(StrA)): null

2019-02-21 17:45:15 - [TEST_STEP][PASSED] - (Counter++): null

2019-02-21 17:45:15 - [TEST_STEP][PASSED] - StrB = findTestData("Internal User List").getValue(2, Counter): null

2019-02-21 17:45:15 - [TEST_STEP][PASSED] - if (StrB.equals(StrA)): null

2019-02-21 17:45:15 - [TEST_STEP][PASSED] - (Counter++): null

2019-02-21 17:45:15 - [TEST_STEP][PASSED] - StrB = findTestData("Internal User List").getValue(2, Counter): null

2019-02-21 17:45:15 - [TEST_STEP][PASSED] - if (StrB.equals(StrA)): null

2019-02-21 17:45:15 - [TEST_STEP][PASSED] - (Counter++): null

2019-02-21 17:45:16 - [TEST_STEP][PASSED] - StrB = findTestData("Internal User List").getValue(2, Counter): null

2019-02-21 17:45:16 - [TEST_STEP][PASSED] - if (StrB.equals(StrA)): null

2019-02-21 17:45:16 - [TEST_STEP][PASSED] - (Counter++): null

2019-02-21 17:45:16 - [TEST_STEP][PASSED] - StrB = findTestData("Internal User List").getValue(2, Counter): null

2019-02-21 17:45:16 - [TEST_STEP][PASSED] - if (StrB.equals(StrA)): null

2019-02-21 17:45:16 - [TEST_STEP][PASSED] - (Counter++): null

2019-02-21 17:45:16 - [TEST_STEP][PASSED] - StrB = findTestData("Internal User List").getValue(2, Counter): null

2019-02-21 17:45:16 - [TEST_STEP][PASSED] - if (StrB.equals(StrA)): null

2019-02-21 17:45:16 - [TEST_STEP][PASSED] - (Counter++): null

2019-02-21 17:45:16 - [TEST_STEP][PASSED] - StrB = findTestData("Internal User List").getValue(2, Counter): null

2019-02-21 17:45:16 - [TEST_STEP][PASSED] - if (StrB.equals(StrA)): null

2019-02-21 17:45:16 - [TEST_STEP][PASSED] - (Counter++): null

2019-02-21 17:45:16 - [TEST_STEP][PASSED] - StrB = findTestData("Internal User List").getValue(2, Counter): null

2019-02-21 17:45:16 - [TEST_STEP][PASSED] - if (StrB.equals(StrA)): null

2019-02-21 17:45:16 - [TEST_STEP][PASSED] - (Counter++): null

2019-02-21 17:45:16 - [TEST_STEP][PASSED] - StrB = findTestData("Internal User List").getValue(2, Counter): null

2019-02-21 17:45:16 - [TEST_STEP][PASSED] - if (StrB.equals(StrA)): null

2019-02-21 17:45:16 - [TEST_STEP][PASSED] - (Counter++): null

2019-02-21 17:45:16 - [TEST_STEP][PASSED] - StrB = findTestData("Internal User List").getValue(2, Counter): null

2019-02-21 17:45:16 - [TEST_STEP][PASSED] - if (StrB.equals(StrA)): null

2019-02-21 17:45:17 - [TEST_STEP][PASSED] - (Counter++): null

2019-02-21 17:45:17 - [TEST_STEP][PASSED] - StrB = findTestData("Internal User List").getValue(2, Counter): null

2019-02-21 17:45:17 - [TEST_STEP][PASSED] - if (StrB.equals(StrA)): null

2019-02-21 17:45:17 - [TEST_STEP][PASSED] - (Counter++): null

2019-02-21 17:45:17 - [TEST_STEP][PASSED] - StrB = findTestData("Internal User List").getValue(2, Counter): null

2019-02-21 17:45:17 - [TEST_STEP][PASSED] - if (StrB.equals(StrA)): null

2019-02-21 17:45:17 - [TEST_STEP][PASSED] - (Counter++): null

2019-02-21 17:45:17 - [TEST_STEP][PASSED] - StrB = findTestData("Internal User List").getValue(2, Counter): null

2019-02-21 17:45:17 - [TEST_STEP][PASSED] - if (StrB.equals(StrA)): null

2019-02-21 17:45:17 - [TEST_STEP][PASSED] - (Counter++): null

2019-02-21 17:45:17 - [TEST_STEP][PASSED] - StrB = findTestData("Internal User List").getValue(2, Counter): null

2019-02-21 17:45:18 - [TEST_STEP][PASSED] - if (StrB.equals(StrA)): null

2019-02-21 17:45:18 - [TEST_STEP][PASSED] - (Counter++): null

2019-02-21 17:45:18 - [TEST_STEP][PASSED] - StrB = findTestData("Internal User List").getValue(2, Counter): null

2019-02-21 17:45:18 - [TEST_STEP][PASSED] - if (StrB.equals(StrA)): null

2019-02-21 17:45:18 - [TEST_STEP][PASSED] - (Counter++): null

2019-02-21 17:45:18 - [TEST_STEP][PASSED] - StrB = findTestData("Internal User List").getValue(2, Counter): null

2019-02-21 17:45:18 - [TEST_STEP][PASSED] - if (StrB.equals(StrA)): null

2019-02-21 17:45:18 - [TEST_STEP][PASSED] - (Counter++): null

2019-02-21 17:45:18 - [TEST_STEP][PASSED] - StrB = findTestData("Internal User List").getValue(2, Counter): null

2019-02-21 17:45:18 - [TEST_STEP][PASSED] - if (StrB.equals(StrA)): null

2019-02-21 17:45:18 - [TEST_STEP][PASSED] - (Counter++): null

2019-02-21 17:45:18 - [TEST_STEP][PASSED] - StrB = findTestData("Internal User List").getValue(2, Counter): null

2019-02-21 17:45:18 - [TEST_STEP][PASSED] - if (StrB.equals(StrA)): null

2019-02-21 17:45:18 - [TEST_STEP][PASSED] - (Counter++): null

2019-02-21 17:45:18 - [TEST_STEP][PASSED] - StrB = findTestData("Internal User List").getValue(2, Counter): null

2019-02-21 17:45:18 - [TEST_STEP][PASSED] - if (StrB.equals(StrA)): null

2019-02-21 17:45:18 - [TEST_STEP][PASSED] - (Counter++): null

2019-02-21 17:45:18 - [TEST_STEP][PASSED] - StrB = findTestData("Internal User List").getValue(2, Counter): null

2019-02-21 17:45:18 - [TEST_STEP][PASSED] - if (StrB.equals(StrA)): null

2019-02-21 17:45:18 - [TEST_STEP][PASSED] - (Counter++): null

2019-02-21 17:45:19 - [TEST_STEP][PASSED] - StrB = findTestData("Internal User List").getValue(2, Counter): null

2019-02-21 17:45:19 - [TEST_STEP][PASSED] - if (StrB.equals(StrA)): null

2019-02-21 17:45:19 - [TEST_STEP][PASSED] - (Counter++): null

2019-02-21 17:45:19 - [TEST_STEP][PASSED] - StrB = findTestData("Internal User List").getValue(2, Counter): null

2019-02-21 17:45:19 - [TEST_STEP][PASSED] - if (StrB.equals(StrA)): null

2019-02-21 17:45:19 - [TEST_STEP][PASSED] - (Counter++): null

2019-02-21 17:45:19 - [TEST_STEP][PASSED] - StrB = findTestData("Internal User List").getValue(2, Counter): null

2019-02-21 17:45:19 - [TEST_STEP][PASSED] - if (StrB.equals(StrA)): null

2019-02-21 17:45:19 - [TEST_STEP][PASSED] - (Counter++): null

2019-02-21 17:45:19 - [TEST_STEP][PASSED] - StrB = findTestData("Internal User List").getValue(2, Counter): null

2019-02-21 17:45:19 - [TEST_STEP][PASSED] - if (StrB.equals(StrA)): null

2019-02-21 17:45:19 - [TEST_STEP][PASSED] - (Counter++): null

2019-02-21 17:45:19 - [TEST_STEP][PASSED] - StrB = findTestData("Internal User List").getValue(2, Counter): null

2019-02-21 17:45:19 - [TEST_STEP][PASSED] - if (StrB.equals(StrA)): null

2019-02-21 17:45:19 - [TEST_STEP][PASSED] - (Counter++): null

2019-02-21 17:45:19 - [TEST_STEP][PASSED] - StrB = findTestData("Internal User List").getValue(2, Counter): null

2019-02-21 17:45:20 - [TEST_STEP][PASSED] - if (StrB.equals(StrA)): null

2019-02-21 17:45:20 - [TEST_STEP][PASSED] - (Counter++): null

2019-02-21 17:45:20 - [TEST_STEP][PASSED] - StrB = findTestData("Internal User List").getValue(2, Counter): null

2019-02-21 17:45:20 - [TEST_STEP][PASSED] - if (StrB.equals(StrA)): null

2019-02-21 17:45:20 - [TEST_STEP][PASSED] - (Counter++): null

2019-02-21 17:45:20 - [TEST_STEP][PASSED] - StrB = findTestData("Internal User List").getValue(2, Counter): null

2019-02-21 17:45:20 - [TEST_STEP][PASSED] - if (StrB.equals(StrA)): null

2019-02-21 17:45:20 - [TEST_STEP][PASSED] - (Counter++): null

2019-02-21 17:45:20 - [TEST_STEP][PASSED] - StrB = findTestData("Internal User List").getValue(2, Counter): null

2019-02-21 17:45:20 - [TEST_STEP][PASSED] - if (StrB.equals(StrA)): null

2019-02-21 17:45:20 - [TEST_STEP][PASSED] - (Counter++): null

2019-02-21 17:45:20 - [TEST_STEP][PASSED] - StrB = findTestData("Internal User List").getValue(2, Counter): null

2019-02-21 17:45:20 - [TEST_STEP][PASSED] - if (StrB.equals(StrA)): null

2019-02-21 17:45:20 - [TEST_STEP][PASSED] - (Counter++): null

2019-02-21 17:45:21 - [TEST_STEP][PASSED] - StrB = findTestData("Internal User List").getValue(2, Counter): null

2019-02-21 17:45:21 - [TEST_STEP][PASSED] - if (StrB.equals(StrA)): null

2019-02-21 17:45:21 - [TEST_STEP][PASSED] - (Counter++): null

2019-02-21 17:45:21 - [TEST_STEP][PASSED] - StrB = findTestData("Internal User List").getValue(2, Counter): null

2019-02-21 17:45:21 - [TEST_STEP][PASSED] - if (StrB.equals(StrA)): null

2019-02-21 17:45:21 - [TEST_STEP][PASSED] - (Counter++): null

2019-02-21 17:45:21 - [TEST_STEP][PASSED] - StrB = findTestData("Internal User List").getValue(2, Counter): null

2019-02-21 17:45:21 - [TEST_STEP][PASSED] - if (StrB.equals(StrA)): null

2019-02-21 17:45:21 - [TEST_STEP][PASSED] - (Counter++): null

2019-02-21 17:45:21 - [TEST_STEP][PASSED] - StrB = findTestData("Internal User List").getValue(2, Counter): null

2019-02-21 17:45:21 - [TEST_STEP][PASSED] - if (StrB.equals(StrA)): null

2019-02-21 17:45:21 - [TEST_STEP][PASSED] - (Counter++): null

2019-02-21 17:45:21 - [TEST_STEP][PASSED] - StrB = findTestData("Internal User List").getValue(2, Counter): null

2019-02-21 17:45:21 - [TEST_STEP][PASSED] - if (StrB.equals(StrA)): null

2019-02-21 17:45:21 - [TEST_STEP][PASSED] - (Counter++): null

2019-02-21 17:45:21 - [TEST_STEP][PASSED] - StrB = findTestData("Internal User List").getValue(2, Counter): null

2019-02-21 17:45:21 - [TEST_STEP][PASSED] - if (StrB.equals(StrA)): null

2019-02-21 17:45:21 - [TEST_STEP][PASSED] - (Counter++): null

2019-02-21 17:45:21 - [TEST_STEP][PASSED] - StrB = findTestData("Internal User List").getValue(2, Counter): null

2019-02-21 17:45:21 - [TEST_STEP][PASSED] - if (StrB.equals(StrA)): null

2019-02-21 17:45:21 - [TEST_STEP][PASSED] - (Counter++): null

2019-02-21 17:45:22 - [TEST_STEP][PASSED] - StrB = findTestData("Internal User List").getValue(2, Counter): null

2019-02-21 17:45:22 - [TEST_STEP][PASSED] - if (StrB.equals(StrA)): null

2019-02-21 17:45:22 - [TEST_STEP][PASSED] - (Counter++): null

2019-02-21 17:45:22 - [TEST_STEP][PASSED] - StrB = findTestData("Internal User List").getValue(2, Counter): null

2019-02-21 17:45:22 - [TEST_STEP][PASSED] - if (StrB.equals(StrA)): null

2019-02-21 17:45:22 - [TEST_STEP][PASSED] - (Counter++): null

2019-02-21 17:45:22 - [TEST_STEP][PASSED] - StrB = findTestData("Internal User List").getValue(2, Counter): null

2019-02-21 17:45:22 - [TEST_STEP][PASSED] - if (StrB.equals(StrA)): null

2019-02-21 17:45:22 - [TEST_STEP][PASSED] - StrEmail = findTestData("Internal User List").getValue(1, Counter): null

2019-02-21 17:45:22 - [TEST_STEP][PASSED] - InternalEmail = StrEmail: null

2019-02-21 17:45:22 - [TEST_STEP][PASSED] - out.println(StrEmail): null

2019-02-21 17:45:22 - [TEST_STEP][PASSED] - (Counter++): null

2019-02-21 17:45:22 - [MESSAGE][PASSED] - Call Test Case 'Test Cases/All TC/Arranged/1. Common/Internal Email Finder' successfully

2019-02-21 17:45:22 - [TEST_STEP][PASSED] - setText(findTestObject("KinJun/6.0 Query/6.1 Same branch - SEIO/Page_PERKESO/Input username"), InternalEmail): Text 'jheio2@perkeso.gov.my' is set on object 'Object Repository/KinJun/6.0 Query/6.1 Same branch - SEIO/Page_PERKESO/Input username'

2019-02-21 17:45:23 - [MESSAGE][PASSED] - Text 'jheio2@perkeso.gov.my' is set on object 'Object Repository/KinJun/6.0 Query/6.1 Same branch - SEIO/Page_PERKESO/Input username'

2019-02-21 17:45:23 - [TEST_STEP][PASSED] - setEncryptedText(findTestObject("KinJun/6.0 Query/6.1 Same branch - SEIO/Page_PERKESO/Input password"), "CQqwFZlbeC8="): Text ****** has been set on object 'Object Repository/KinJun/6.0 Query/6.1 Same branch - SEIO/Page_PERKESO/Input password'

2019-02-21 17:45:23 - [MESSAGE][PASSED] - Text ****** has been set on object 'Object Repository/KinJun/6.0 Query/6.1 Same branch - SEIO/Page_PERKESO/Input password'

2019-02-21 17:45:23 - [TEST_STEP][PASSED] - click(findTestObject("KinJun/6.0 Query/6.1 Same branch - SEIO/Page_PERKESO/Btn login")): Object: 'Object Repository/KinJun/6.0 Query/6.1 Same branch - SEIO/Page_PERKESO/Btn login' is clicked on

2019-02-21 17:45:24 - [MESSAGE][PASSED] - Object: 'Object Repository/KinJun/6.0 Query/6.1 Same branch - SEIO/Page_PERKESO/Btn login' is clicked on

2019-02-21 17:45:24 - [TEST_STEP][PASSED] - delay(3): Delayed 3 second(s)

2019-02-21 17:45:27 - [MESSAGE][PASSED] - Delayed 3 second(s)

2019-02-21 17:45:27 - [TEST_STEP][PASSED] - click(findTestObject("KinJun/6.0 Query/6.1 Same branch - SEIO/Page_PERKESO/Click workbasket")): Object: 'Object Repository/KinJun/6.0 Query/6.1 Same branch - SEIO/Page_PERKESO/Click workbasket' is clicked on

2019-02-21 17:45:28 - [MESSAGE][PASSED] - Object: 'Object Repository/KinJun/6.0 Query/6.1 Same branch - SEIO/Page_PERKESO/Click workbasket' is clicked on

2019-02-21 17:45:28 - [TEST_STEP][PASSED] - delay(3): Delayed 3 second(s)

2019-02-21 17:45:31 - [MESSAGE][PASSED] - Delayed 3 second(s)

2019-02-21 17:45:31 - [TEST_STEP][PASSED] - click(findTestObject("KinJun/6.0 Query/6.1 Same branch - SEIO/Page_PERKESO/Click SearchCase")): Object: 'Object Repository/KinJun/6.0 Query/6.1 Same branch - SEIO/Page_PERKESO/Click SearchCase' is clicked on

2019-02-21 17:45:31 - [MESSAGE][PASSED] - Object: 'Object Repository/KinJun/6.0 Query/6.1 Same branch - SEIO/Page_PERKESO/Click SearchCase' is clicked on

2019-02-21 17:45:31 - [TEST_STEP][PASSED] - callTestCase(findTestCase("All TC/Arranged/1. Common/1.1 Getter/Getter IC"), [:], STOP_ON_FAILURE): Call Test Case 'Test Cases/All TC/Arranged/1. Common/1.1 Getter/Getter IC' successfully

2019-02-21 17:45:31 - [TEST_CASE][PASSED] - Test Cases/All TC/Arranged/1. Common/1.1 Getter/Getter IC: Test Cases/All TC/Arranged/1. Common/1.1 Getter/Getter IC

2019-02-21 17:45:31 - [TEST_STEP][PASSED] - try: null

2019-02-21 17:45:31 - [TEST_STEP][PASSED] - RefNo = new java.io.File((internal.GlobalVariable.TextFilePathCommon + \getIC.txt)): null

2019-02-21 17:45:31 - [TEST_STEP][PASSED] - bufferread = new java.io.BufferedReader(new java.io.FileReader(RefNo)): null

2019-02-21 17:45:31 - [TEST_STEP][PASSED] - readedVal = bufferread.readLine(): null

2019-02-21 17:45:31 - [TEST_STEP][PASSED] - out.println(IC): null

2019-02-21 17:45:31 - [TEST_STEP][PASSED] - out.println(readedVal): null

2019-02-21 17:45:31 - [TEST_STEP][PASSED] - IC = "": null

2019-02-21 17:45:31 - [TEST_STEP][PASSED] - IC = readedVal: null

2019-02-21 17:45:31 - [MESSAGE][PASSED] - Call Test Case 'Test Cases/All TC/Arranged/1. Common/1.1 Getter/Getter IC' successfully

2019-02-21 17:45:31 - [TEST_STEP][PASSED] - setText(findTestObject("KinJun/6.0 Query/6.1 Same branch - SEIO/Page_PERKESO/Input IC"), IC): Text '770424125853' is set on object 'Object Repository/KinJun/6.0 Query/6.1 Same branch - SEIO/Page_PERKESO/Input IC'

2019-02-21 17:45:32 - [MESSAGE][PASSED] - Text '770424125853' is set on object 'Object Repository/KinJun/6.0 Query/6.1 Same branch - SEIO/Page_PERKESO/Input IC'

2019-02-21 17:45:32 - [TEST_STEP][PASSED] - click(findTestObject("KinJun/6.0 Query/6.1 Same branch - SEIO/Page_PERKESO/Btn Search")): Object: 'Object Repository/KinJun/6.0 Query/6.1 Same branch - SEIO/Page_PERKESO/Btn Search' is clicked on

2019-02-21 17:45:32 - [MESSAGE][PASSED] - Object: 'Object Repository/KinJun/6.0 Query/6.1 Same branch - SEIO/Page_PERKESO/Btn Search' is clicked on

2019-02-21 17:45:32 - [TEST_STEP][PASSED] - delay(3): Delayed 3 second(s)

2019-02-21 17:45:35 - [MESSAGE][PASSED] - Delayed 3 second(s)

2019-02-21 17:45:35 - [TEST_STEP][PASSED] - click(findTestObject("KinJun/6.0 Query/6.1 Same branch - SEIO/Page_PERKESO/Click CaseID")): Object: 'Object Repository/KinJun/6.0 Query/6.1 Same branch - SEIO/Page_PERKESO/Click CaseID' is clicked on

2019-02-21 17:45:36 - [MESSAGE][PASSED] - Object: 'Object Repository/KinJun/6.0 Query/6.1 Same branch - SEIO/Page_PERKESO/Click CaseID' is clicked on

2019-02-21 17:45:36 - [TEST_STEP][PASSED] - delay(3): Delayed 3 second(s)

2019-02-21 17:45:39 - [MESSAGE][PASSED] - Delayed 3 second(s)

2019-02-21 17:45:39 - [TEST_STEP][PASSED] - acceptAlert(): Alert accepted

2019-02-21 17:45:39 - [MESSAGE][PASSED] - Alert accepted

2019-02-21 17:45:39 - [TEST_STEP][PASSED] - delay(3): Delayed 3 second(s)

2019-02-21 17:45:42 - [MESSAGE][PASSED] - Delayed 3 second(s)

2019-02-21 17:45:42 - [TEST_STEP][PASSED] - click(findTestObject("KinJun/6.0 Query/6.1 Same branch - SEIO/Page_PERKESO/Btn Query")): Object: 'Object Repository/KinJun/6.0 Query/6.1 Same branch - SEIO/Page_PERKESO/Btn Query' is clicked on

2019-02-21 17:45:42 - [MESSAGE][PASSED] - Object: 'Object Repository/KinJun/6.0 Query/6.1 Same branch - SEIO/Page_PERKESO/Btn Query' is clicked on

2019-02-21 17:45:42 - [TEST_STEP][PASSED] - delay(3): Delayed 3 second(s)

2019-02-21 17:45:45 - [MESSAGE][PASSED] - Delayed 3 second(s)

2019-02-21 17:45:45 - [TEST_STEP][PASSED] - click(findTestObject("KinJun/6.0 Query/6.1 Same branch - SEIO/Page_PERKESO/Span branch")): Object: 'Object Repository/KinJun/6.0 Query/6.1 Same branch - SEIO/Page_PERKESO/Span branch' is clicked on

2019-02-21 17:45:45 - [MESSAGE][PASSED] - Object: 'Object Repository/KinJun/6.0 Query/6.1 Same branch - SEIO/Page_PERKESO/Span branch' is clicked on

2019-02-21 17:45:45 - [TEST_STEP][PASSED] - delay(3): Delayed 3 second(s)

2019-02-21 17:45:48 - [MESSAGE][PASSED] - Delayed 3 second(s)

2019-02-21 17:45:48 - [TEST_STEP][PASSED] - click(findTestObject("KinJun/6.0 Query/6.1 Same branch - SEIO/Page_PERKESO/DD Branch")): Object: 'Object Repository/KinJun/6.0 Query/6.1 Same branch - SEIO/Page_PERKESO/DD Branch' is clicked on

2019-02-21 17:45:48 - [MESSAGE][PASSED] - Object: 'Object Repository/KinJun/6.0 Query/6.1 Same branch - SEIO/Page_PERKESO/DD Branch' is clicked on

2019-02-21 17:45:48 - [TEST_STEP][PASSED] - delay(3): Delayed 3 second(s)

2019-02-21 17:45:51 - [MESSAGE][PASSED] - Delayed 3 second(s)

2019-02-21 17:45:51 - [TEST_STEP][PASSED] - click(findTestObject("KinJun/6.0 Query/6.1 Same branch - SEIO/Page_PERKESO/Span officer")): Object: 'Object Repository/KinJun/6.0 Query/6.1 Same branch - SEIO/Page_PERKESO/Span officer' is clicked on

2019-02-21 17:45:52 - [MESSAGE][PASSED] - Object: 'Object Repository/KinJun/6.0 Query/6.1 Same branch - SEIO/Page_PERKESO/Span officer' is clicked on

2019-02-21 17:45:52 - [TEST_STEP][PASSED] - delay(3): Delayed 3 second(s)

2019-02-21 17:45:55 - [MESSAGE][PASSED] - Delayed 3 second(s)

2019-02-21 17:45:55 - [TEST_STEP][PASSED] - click(findTestObject("KinJun/6.0 Query/6.1 Same branch - SEIO/Page_PERKESO/DD Officer")): Object: 'Object Repository/KinJun/6.0 Query/6.1 Same branch - SEIO/Page_PERKESO/DD Officer' is clicked on

2019-02-21 17:45:55 - [MESSAGE][PASSED] - Object: 'Object Repository/KinJun/6.0 Query/6.1 Same branch - SEIO/Page_PERKESO/DD Officer' is clicked on

2019-02-21 17:45:55 - [TEST_STEP][PASSED] - delay(3): Delayed 3 second(s)

2019-02-21 17:45:58 - [MESSAGE][PASSED] - Delayed 3 second(s)

2019-02-21 17:45:58 - [TEST_STEP][PASSED] - callTestCase(findTestCase("All TC/Arranged/1. Common/1.3 Loops/While Loop - Query"), [:], STOP_ON_FAILURE): Call Test Case 'Test Cases/All TC/Arranged/1. Common/1.3 Loops/While Loop - Query' successfully

2019-02-21 17:45:58 - [TEST_CASE][PASSED] - Test Cases/All TC/Arranged/1. Common/1.3 Loops/While Loop - Query: Test Cases/All TC/Arranged/1. Common/1.3 Loops/While Loop - Query

2019-02-21 17:45:58 - [TEST_STEP][PASSED] - callTestCase(findTestCase("All TC/Arranged/1. Common/1.1 Getter/Getter UserName"), [:], STOP_ON_FAILURE): Call Test Case 'Test Cases/All TC/Arranged/1. Common/1.1 Getter/Getter UserName' successfully

2019-02-21 17:45:58 - [TEST_CASE][PASSED] - Test Cases/All TC/Arranged/1. Common/1.1 Getter/Getter UserName: Test Cases/All TC/Arranged/1. Common/1.1 Getter/Getter UserName

2019-02-21 17:45:58 - [TEST_STEP][PASSED] - try: null

2019-02-21 17:45:58 - [TEST_STEP][PASSED] - RefNo = new java.io.File((internal.GlobalVariable.TextFilePathCommon + \getUser.txt)): null

2019-02-21 17:45:58 - [TEST_STEP][PASSED] - bufferread = new java.io.BufferedReader(new java.io.FileReader(RefNo)): null

2019-02-21 17:45:58 - [TEST_STEP][PASSED] - readedVal = bufferread.readLine(): null

2019-02-21 17:45:58 - [TEST_STEP][PASSED] - out.println(UserName): null

2019-02-21 17:45:58 - [TEST_STEP][PASSED] - out.println(readedVal): null

2019-02-21 17:45:58 - [TEST_STEP][PASSED] - UserName = "": null

2019-02-21 17:45:58 - [TEST_STEP][PASSED] - UserName = readedVal: null

2019-02-21 17:45:58 - [MESSAGE][PASSED] - Call Test Case 'Test Cases/All TC/Arranged/1. Common/1.1 Getter/Getter UserName' successfully

2019-02-21 17:45:58 - [TEST_STEP][PASSED] - callTestCase(findTestCase("All TC/Arranged/1. Common/Internal Email Finder"), [:], STOP_ON_FAILURE): Call Test Case 'Test Cases/All TC/Arranged/1. Common/Internal Email Finder' successfully

2019-02-21 17:45:58 - [TEST_CASE][PASSED] - Test Cases/All TC/Arranged/1. Common/Internal Email Finder: Test Cases/All TC/Arranged/1. Common/Internal Email Finder

2019-02-21 17:45:58 - [TEST_STEP][PASSED] - callTestCase(findTestCase("All TC/Arranged/1. Common/1.1 Getter/Getter UserName"), [:], CONTINUE_ON_FAILURE): Call Test Case 'Test Cases/All TC/Arranged/1. Common/1.1 Getter/Getter UserName' successfully

2019-02-21 17:45:58 - [TEST_CASE][PASSED] - Test Cases/All TC/Arranged/1. Common/1.1 Getter/Getter UserName: Test Cases/All TC/Arranged/1. Common/1.1 Getter/Getter UserName

2019-02-21 17:45:58 - [TEST_STEP][PASSED] - try: null

2019-02-21 17:45:58 - [TEST_STEP][PASSED] - RefNo = new java.io.File((internal.GlobalVariable.TextFilePathCommon + \getUser.txt)): null

2019-02-21 17:45:58 - [TEST_STEP][PASSED] - bufferread = new java.io.BufferedReader(new java.io.FileReader(RefNo)): null

2019-02-21 17:45:58 - [TEST_STEP][PASSED] - readedVal = bufferread.readLine(): null

2019-02-21 17:45:58 - [TEST_STEP][PASSED] - out.println(UserName): null

2019-02-21 17:45:58 - [TEST_STEP][PASSED] - out.println(readedVal): null

2019-02-21 17:45:58 - [TEST_STEP][PASSED] - UserName = "": null

2019-02-21 17:45:58 - [TEST_STEP][PASSED] - UserName = readedVal: null

2019-02-21 17:45:58 - [MESSAGE][PASSED] - Call Test Case 'Test Cases/All TC/Arranged/1. Common/1.1 Getter/Getter UserName' successfully

2019-02-21 17:45:58 - [TEST_STEP][PASSED] - StrA = UserName: null

2019-02-21 17:45:58 - [TEST_STEP][PASSED] - StrB = <not implemented yet for class: org.codehaus.groovy.ast.expr.EmptyExpression>: null

2019-02-21 17:45:58 - [TEST_STEP][PASSED] - Counter = 1: null

2019-02-21 17:45:58 - [TEST_STEP][PASSED] - while (!(StrB.equals(StrA)) && !(Counter > findTestData("Internal User List").getRowNumbers())): null

2019-02-21 17:45:58 - [TEST_STEP][PASSED] - StrB = findTestData("Internal User List").getValue(2, Counter): null

2019-02-21 17:45:58 - [TEST_STEP][PASSED] - if (StrB.equals(StrA)): null

2019-02-21 17:45:58 - [TEST_STEP][PASSED] - (Counter++): null

2019-02-21 17:45:59 - [TEST_STEP][PASSED] - StrB = findTestData("Internal User List").getValue(2, Counter): null

2019-02-21 17:45:59 - [TEST_STEP][PASSED] - if (StrB.equals(StrA)): null

2019-02-21 17:45:59 - [TEST_STEP][PASSED] - (Counter++): null

2019-02-21 17:45:59 - [TEST_STEP][PASSED] - StrB = findTestData("Internal User List").getValue(2, Counter): null

2019-02-21 17:45:59 - [TEST_STEP][PASSED] - if (StrB.equals(StrA)): null

2019-02-21 17:45:59 - [TEST_STEP][PASSED] - (Counter++): null

2019-02-21 17:45:59 - [TEST_STEP][PASSED] - StrB = findTestData("Internal User List").getValue(2, Counter): null

2019-02-21 17:45:59 - [TEST_STEP][PASSED] - if (StrB.equals(StrA)): null

2019-02-21 17:45:59 - [TEST_STEP][PASSED] - (Counter++): null

2019-02-21 17:45:59 - [TEST_STEP][PASSED] - StrB = findTestData("Internal User List").getValue(2, Counter): null

2019-02-21 17:45:59 - [TEST_STEP][PASSED] - if (StrB.equals(StrA)): null

2019-02-21 17:45:59 - [TEST_STEP][PASSED] - (Counter++): null

2019-02-21 17:45:59 - [TEST_STEP][PASSED] - StrB = findTestData("Internal User List").getValue(2, Counter): null

2019-02-21 17:45:59 - [TEST_STEP][PASSED] - if (StrB.equals(StrA)): null

2019-02-21 17:45:59 - [TEST_STEP][PASSED] - (Counter++): null

2019-02-21 17:45:59 - [TEST_STEP][PASSED] - StrB = findTestData("Internal User List").getValue(2, Counter): null

2019-02-21 17:45:59 - [TEST_STEP][PASSED] - if (StrB.equals(StrA)): null

2019-02-21 17:45:59 - [TEST_STEP][PASSED] - (Counter++): null

2019-02-21 17:46:00 - [TEST_STEP][PASSED] - StrB = findTestData("Internal User List").getValue(2, Counter): null

2019-02-21 17:46:00 - [TEST_STEP][PASSED] - if (StrB.equals(StrA)): null

2019-02-21 17:46:00 - [TEST_STEP][PASSED] - (Counter++): null

2019-02-21 17:46:00 - [TEST_STEP][PASSED] - StrB = findTestData("Internal User List").getValue(2, Counter): null

2019-02-21 17:46:00 - [TEST_STEP][PASSED] - if (StrB.equals(StrA)): null

2019-02-21 17:46:00 - [TEST_STEP][PASSED] - (Counter++): null

2019-02-21 17:46:00 - [TEST_STEP][PASSED] - StrB = findTestData("Internal User List").getValue(2, Counter): null

2019-02-21 17:46:00 - [TEST_STEP][PASSED] - if (StrB.equals(StrA)): null

2019-02-21 17:46:00 - [TEST_STEP][PASSED] - (Counter++): null

2019-02-21 17:46:00 - [TEST_STEP][PASSED] - StrB = findTestData("Internal User List").getValue(2, Counter): null

2019-02-21 17:46:00 - [TEST_STEP][PASSED] - if (StrB.equals(StrA)): null

2019-02-21 17:46:00 - [TEST_STEP][PASSED] - (Counter++): null

2019-02-21 17:46:00 - [TEST_STEP][PASSED] - StrB = findTestData("Internal User List").getValue(2, Counter): null

2019-02-21 17:46:00 - [TEST_STEP][PASSED] - if (StrB.equals(StrA)): null

2019-02-21 17:46:00 - [TEST_STEP][PASSED] - (Counter++): null

2019-02-21 17:46:00 - [TEST_STEP][PASSED] - StrB = findTestData("Internal User List").getValue(2, Counter): null

2019-02-21 17:46:00 - [TEST_STEP][PASSED] - if (StrB.equals(StrA)): null

2019-02-21 17:46:00 - [TEST_STEP][PASSED] - (Counter++): null

2019-02-21 17:46:00 - [TEST_STEP][PASSED] - StrB = findTestData("Internal User List").getValue(2, Counter): null

2019-02-21 17:46:00 - [TEST_STEP][PASSED] - if (StrB.equals(StrA)): null

2019-02-21 17:46:00 - [TEST_STEP][PASSED] - (Counter++): null

2019-02-21 17:46:00 - [TEST_STEP][PASSED] - StrB = findTestData("Internal User List").getValue(2, Counter): null

2019-02-21 17:46:00 - [TEST_STEP][PASSED] - if (StrB.equals(StrA)): null

2019-02-21 17:46:00 - [TEST_STEP][PASSED] - (Counter++): null

2019-02-21 17:46:01 - [TEST_STEP][PASSED] - StrB = findTestData("Internal User List").getValue(2, Counter): null

2019-02-21 17:46:01 - [TEST_STEP][PASSED] - if (StrB.equals(StrA)): null

2019-02-21 17:46:01 - [TEST_STEP][PASSED] - (Counter++): null

2019-02-21 17:46:01 - [TEST_STEP][PASSED] - StrB = findTestData("Internal User List").getValue(2, Counter): null

2019-02-21 17:46:01 - [TEST_STEP][PASSED] - if (StrB.equals(StrA)): null

2019-02-21 17:46:01 - [TEST_STEP][PASSED] - (Counter++): null

2019-02-21 17:46:01 - [TEST_STEP][PASSED] - StrB = findTestData("Internal User List").getValue(2, Counter): null

2019-02-21 17:46:01 - [TEST_STEP][PASSED] - if (StrB.equals(StrA)): null

2019-02-21 17:46:01 - [TEST_STEP][PASSED] - (Counter++): null

2019-02-21 17:46:01 - [TEST_STEP][PASSED] - StrB = findTestData("Internal User List").getValue(2, Counter): null

2019-02-21 17:46:01 - [TEST_STEP][PASSED] - if (StrB.equals(StrA)): null

2019-02-21 17:46:02 - [TEST_STEP][PASSED] - (Counter++): null

2019-02-21 17:46:02 - [TEST_STEP][PASSED] - StrB = findTestData("Internal User List").getValue(2, Counter): null

2019-02-21 17:46:02 - [TEST_STEP][PASSED] - if (StrB.equals(StrA)): null

2019-02-21 17:46:02 - [TEST_STEP][PASSED] - (Counter++): null

2019-02-21 17:46:02 - [TEST_STEP][PASSED] - StrB = findTestData("Internal User List").getValue(2, Counter): null

2019-02-21 17:46:02 - [TEST_STEP][PASSED] - if (StrB.equals(StrA)): null

2019-02-21 17:46:02 - [TEST_STEP][PASSED] - (Counter++): null

2019-02-21 17:46:02 - [TEST_STEP][PASSED] - StrB = findTestData("Internal User List").getValue(2, Counter): null

2019-02-21 17:46:02 - [TEST_STEP][PASSED] - if (StrB.equals(StrA)): null

2019-02-21 17:46:02 - [TEST_STEP][PASSED] - (Counter++): null

2019-02-21 17:46:02 - [TEST_STEP][PASSED] - StrB = findTestData("Internal User List").getValue(2, Counter): null

2019-02-21 17:46:02 - [TEST_STEP][PASSED] - if (StrB.equals(StrA)): null

2019-02-21 17:46:02 - [TEST_STEP][PASSED] - (Counter++): null

2019-02-21 17:46:02 - [TEST_STEP][PASSED] - StrB = findTestData("Internal User List").getValue(2, Counter): null

2019-02-21 17:46:02 - [TEST_STEP][PASSED] - if (StrB.equals(StrA)): null

2019-02-21 17:46:02 - [TEST_STEP][PASSED] - (Counter++): null

2019-02-21 17:46:02 - [TEST_STEP][PASSED] - StrB = findTestData("Internal User List").getValue(2, Counter): null

2019-02-21 17:46:02 - [TEST_STEP][PASSED] - if (StrB.equals(StrA)): null

2019-02-21 17:46:02 - [TEST_STEP][PASSED] - (Counter++): null

2019-02-21 17:46:02 - [TEST_STEP][PASSED] - StrB = findTestData("Internal User List").getValue(2, Counter): null

2019-02-21 17:46:03 - [TEST_STEP][PASSED] - if (StrB.equals(StrA)): null

2019-02-21 17:46:03 - [TEST_STEP][PASSED] - (Counter++): null

2019-02-21 17:46:03 - [TEST_STEP][PASSED] - StrB = findTestData("Internal User List").getValue(2, Counter): null

2019-02-21 17:46:03 - [TEST_STEP][PASSED] - if (StrB.equals(StrA)): null

2019-02-21 17:46:03 - [TEST_STEP][PASSED] - (Counter++): null

2019-02-21 17:46:03 - [TEST_STEP][PASSED] - StrB = findTestData("Internal User List").getValue(2, Counter): null

2019-02-21 17:46:03 - [TEST_STEP][PASSED] - if (StrB.equals(StrA)): null

2019-02-21 17:46:03 - [TEST_STEP][PASSED] - (Counter++): null

2019-02-21 17:46:03 - [TEST_STEP][PASSED] - StrB = findTestData("Internal User List").getValue(2, Counter): null

2019-02-21 17:46:03 - [TEST_STEP][PASSED] - if (StrB.equals(StrA)): null

2019-02-21 17:46:03 - [TEST_STEP][PASSED] - (Counter++): null

2019-02-21 17:46:03 - [TEST_STEP][PASSED] - StrB = findTestData("Internal User List").getValue(2, Counter): null

2019-02-21 17:46:03 - [TEST_STEP][PASSED] - if (StrB.equals(StrA)): null

2019-02-21 17:46:03 - [TEST_STEP][PASSED] - (Counter++): null

2019-02-21 17:46:03 - [TEST_STEP][PASSED] - StrB = findTestData("Internal User List").getValue(2, Counter): null

2019-02-21 17:46:03 - [TEST_STEP][PASSED] - if (StrB.equals(StrA)): null

2019-02-21 17:46:03 - [TEST_STEP][PASSED] - (Counter++): null

2019-02-21 17:46:03 - [TEST_STEP][PASSED] - StrB = findTestData("Internal User List").getValue(2, Counter): null

2019-02-21 17:46:03 - [TEST_STEP][PASSED] - if (StrB.equals(StrA)): null

2019-02-21 17:46:03 - [TEST_STEP][PASSED] - (Counter++): null

2019-02-21 17:46:04 - [TEST_STEP][PASSED] - StrB = findTestData("Internal User List").getValue(2, Counter): null

2019-02-21 17:46:04 - [TEST_STEP][PASSED] - if (StrB.equals(StrA)): null

2019-02-21 17:46:04 - [TEST_STEP][PASSED] - (Counter++): null

2019-02-21 17:46:04 - [TEST_STEP][PASSED] - StrB = findTestData("Internal User List").getValue(2, Counter): null

2019-02-21 17:46:04 - [TEST_STEP][PASSED] - if (StrB.equals(StrA)): null

2019-02-21 17:46:04 - [TEST_STEP][PASSED] - (Counter++): null

2019-02-21 17:46:04 - [TEST_STEP][PASSED] - StrB = findTestData("Internal User List").getValue(2, Counter): null

2019-02-21 17:46:04 - [TEST_STEP][PASSED] - if (StrB.equals(StrA)): null

2019-02-21 17:46:04 - [TEST_STEP][PASSED] - (Counter++): null

2019-02-21 17:46:04 - [TEST_STEP][PASSED] - StrB = findTestData("Internal User List").getValue(2, Counter): null

2019-02-21 17:46:04 - [TEST_STEP][PASSED] - if (StrB.equals(StrA)): null

2019-02-21 17:46:04 - [TEST_STEP][PASSED] - (Counter++): null

2019-02-21 17:46:05 - [TEST_STEP][PASSED] - StrB = findTestData("Internal User List").getValue(2, Counter): null

2019-02-21 17:46:05 - [TEST_STEP][PASSED] - if (StrB.equals(StrA)): null

2019-02-21 17:46:05 - [TEST_STEP][PASSED] - (Counter++): null

2019-02-21 17:46:05 - [TEST_STEP][PASSED] - StrB = findTestData("Internal User List").getValue(2, Counter): null

2019-02-21 17:46:05 - [TEST_STEP][PASSED] - if (StrB.equals(StrA)): null

2019-02-21 17:46:05 - [TEST_STEP][PASSED] - (Counter++): null

2019-02-21 17:46:05 - [TEST_STEP][PASSED] - StrB = findTestData("Internal User List").getValue(2, Counter): null

2019-02-21 17:46:05 - [TEST_STEP][PASSED] - if (StrB.equals(StrA)): null

2019-02-21 17:46:05 - [TEST_STEP][PASSED] - (Counter++): null

2019-02-21 17:46:05 - [TEST_STEP][PASSED] - StrB = findTestData("Internal User List").getValue(2, Counter): null

2019-02-21 17:46:05 - [TEST_STEP][PASSED] - if (StrB.equals(StrA)): null

2019-02-21 17:46:05 - [TEST_STEP][PASSED] - (Counter++): null

2019-02-21 17:46:05 - [TEST_STEP][PASSED] - StrB = findTestData("Internal User List").getValue(2, Counter): null

2019-02-21 17:46:05 - [TEST_STEP][PASSED] - if (StrB.equals(StrA)): null

2019-02-21 17:46:05 - [TEST_STEP][PASSED] - (Counter++): null

2019-02-21 17:46:05 - [TEST_STEP][PASSED] - StrB = findTestData("Internal User List").getValue(2, Counter): null

2019-02-21 17:46:05 - [TEST_STEP][PASSED] - if (StrB.equals(StrA)): null

2019-02-21 17:46:05 - [TEST_STEP][PASSED] - (Counter++): null

2019-02-21 17:46:05 - [TEST_STEP][PASSED] - StrB = findTestData("Internal User List").getValue(2, Counter): null

2019-02-21 17:46:06 - [TEST_STEP][PASSED] - if (StrB.equals(StrA)): null

2019-02-21 17:46:06 - [TEST_STEP][PASSED] - (Counter++): null

2019-02-21 17:46:06 - [TEST_STEP][PASSED] - StrB = findTestData("Internal User List").getValue(2, Counter): null

2019-02-21 17:46:06 - [TEST_STEP][PASSED] - if (StrB.equals(StrA)): null

2019-02-21 17:46:06 - [TEST_STEP][PASSED] - (Counter++): null

2019-02-21 17:46:06 - [TEST_STEP][PASSED] - StrB = findTestData("Internal User List").getValue(2, Counter): null

2019-02-21 17:46:06 - [TEST_STEP][PASSED] - if (StrB.equals(StrA)): null

2019-02-21 17:46:06 - [TEST_STEP][PASSED] - (Counter++): null

2019-02-21 17:46:06 - [TEST_STEP][PASSED] - StrB = findTestData("Internal User List").getValue(2, Counter): null

2019-02-21 17:46:06 - [TEST_STEP][PASSED] - if (StrB.equals(StrA)): null

2019-02-21 17:46:06 - [TEST_STEP][PASSED] - (Counter++): null

2019-02-21 17:46:06 - [TEST_STEP][PASSED] - StrB = findTestData("Internal User List").getValue(2, Counter): null

2019-02-21 17:46:06 - [TEST_STEP][PASSED] - if (StrB.equals(StrA)): null

2019-02-21 17:46:06 - [TEST_STEP][PASSED] - (Counter++): null

2019-02-21 17:46:06 - [TEST_STEP][PASSED] - StrB = findTestData("Internal User List").getValue(2, Counter): null

2019-02-21 17:46:06 - [TEST_STEP][PASSED] - if (StrB.equals(StrA)): null

2019-02-21 17:46:06 - [TEST_STEP][PASSED] - (Counter++): null

2019-02-21 17:46:06 - [TEST_STEP][PASSED] - StrB = findTestData("Internal User List").getValue(2, Counter): null

2019-02-21 17:46:06 - [TEST_STEP][PASSED] - if (StrB.equals(StrA)): null

2019-02-21 17:46:06 - [TEST_STEP][PASSED] - (Counter++): null

2019-02-21 17:46:06 - [TEST_STEP][PASSED] - StrB = findTestData("Internal User List").getValue(2, Counter): null

2019-02-21 17:46:07 - [TEST_STEP][PASSED] - if (StrB.equals(StrA)): null

2019-02-21 17:46:07 - [TEST_STEP][PASSED] - (Counter++): null

2019-02-21 17:46:07 - [TEST_STEP][PASSED] - StrB = findTestData("Internal User List").getValue(2, Counter): null

2019-02-21 17:46:07 - [TEST_STEP][PASSED] - if (StrB.equals(StrA)): null

2019-02-21 17:46:07 - [TEST_STEP][PASSED] - (Counter++): null

2019-02-21 17:46:07 - [TEST_STEP][PASSED] - StrB = findTestData("Internal User List").getValue(2, Counter): null

2019-02-21 17:46:07 - [TEST_STEP][PASSED] - if (StrB.equals(StrA)): null

2019-02-21 17:46:07 - [TEST_STEP][PASSED] - (Counter++): null

2019-02-21 17:46:07 - [TEST_STEP][PASSED] - StrB = findTestData("Internal User List").getValue(2, Counter): null

2019-02-21 17:46:07 - [TEST_STEP][PASSED] - if (StrB.equals(StrA)): null

2019-02-21 17:46:07 - [TEST_STEP][PASSED] - (Counter++): null

2019-02-21 17:46:07 - [TEST_STEP][PASSED] - StrB = findTestData("Internal User List").getValue(2, Counter): null

2019-02-21 17:46:08 - [TEST_STEP][PASSED] - if (StrB.equals(StrA)): null

2019-02-21 17:46:08 - [TEST_STEP][PASSED] - (Counter++): null

2019-02-21 17:46:08 - [TEST_STEP][PASSED] - StrB = findTestData("Internal User List").getValue(2, Counter): null

2019-02-21 17:46:08 - [TEST_STEP][PASSED] - if (StrB.equals(StrA)): null

2019-02-21 17:46:08 - [TEST_STEP][PASSED] - (Counter++): null

2019-02-21 17:46:08 - [TEST_STEP][PASSED] - StrB = findTestData("Internal User List").getValue(2, Counter): null

2019-02-21 17:46:08 - [TEST_STEP][PASSED] - if (StrB.equals(StrA)): null

2019-02-21 17:46:08 - [TEST_STEP][PASSED] - (Counter++): null

2019-02-21 17:46:08 - [TEST_STEP][PASSED] - StrB = findTestData("Internal User List").getValue(2, Counter): null

2019-02-21 17:46:08 - [TEST_STEP][PASSED] - if (StrB.equals(StrA)): null

2019-02-21 17:46:08 - [TEST_STEP][PASSED] - (Counter++): null

2019-02-21 17:46:08 - [TEST_STEP][PASSED] - StrB = findTestData("Internal User List").getValue(2, Counter): null

2019-02-21 17:46:08 - [TEST_STEP][PASSED] - if (StrB.equals(StrA)): null

2019-02-21 17:46:08 - [TEST_STEP][PASSED] - (Counter++): null

2019-02-21 17:46:08 - [TEST_STEP][PASSED] - StrB = findTestData("Internal User List").getValue(2, Counter): null

2019-02-21 17:46:08 - [TEST_STEP][PASSED] - if (StrB.equals(StrA)): null

2019-02-21 17:46:08 - [TEST_STEP][PASSED] - (Counter++): null

2019-02-21 17:46:08 - [TEST_STEP][PASSED] - StrB = findTestData("Internal User List").getValue(2, Counter): null

2019-02-21 17:46:08 - [TEST_STEP][PASSED] - if (StrB.equals(StrA)): null

2019-02-21 17:46:09 - [TEST_STEP][PASSED] - (Counter++): null

2019-02-21 17:46:09 - [TEST_STEP][PASSED] - StrB = findTestData("Internal User List").getValue(2, Counter): null

2019-02-21 17:46:09 - [TEST_STEP][PASSED] - if (StrB.equals(StrA)): null

2019-02-21 17:46:09 - [TEST_STEP][PASSED] - (Counter++): null

2019-02-21 17:46:09 - [TEST_STEP][PASSED] - StrB = findTestData("Internal User List").getValue(2, Counter): null

2019-02-21 17:46:09 - [TEST_STEP][PASSED] - if (StrB.equals(StrA)): null

2019-02-21 17:46:09 - [TEST_STEP][PASSED] - (Counter++): null

2019-02-21 17:46:09 - [TEST_STEP][PASSED] - StrB = findTestData("Internal User List").getValue(2, Counter): null

2019-02-21 17:46:09 - [TEST_STEP][PASSED] - if (StrB.equals(StrA)): null

2019-02-21 17:46:09 - [TEST_STEP][PASSED] - (Counter++): null

2019-02-21 17:46:09 - [TEST_STEP][PASSED] - StrB = findTestData("Internal User List").getValue(2, Counter): null

2019-02-21 17:46:09 - [TEST_STEP][PASSED] - if (StrB.equals(StrA)): null

2019-02-21 17:46:09 - [TEST_STEP][PASSED] - (Counter++): null

2019-02-21 17:46:09 - [TEST_STEP][PASSED] - StrB = findTestData("Internal User List").getValue(2, Counter): null

2019-02-21 17:46:09 - [TEST_STEP][PASSED] - if (StrB.equals(StrA)): null

2019-02-21 17:46:09 - [TEST_STEP][PASSED] - (Counter++): null

2019-02-21 17:46:09 - [TEST_STEP][PASSED] - StrB = findTestData("Internal User List").getValue(2, Counter): null

2019-02-21 17:46:09 - [TEST_STEP][PASSED] - if (StrB.equals(StrA)): null

2019-02-21 17:46:09 - [TEST_STEP][PASSED] - (Counter++): null

2019-02-21 17:46:09 - [TEST_STEP][PASSED] - StrB = findTestData("Internal User List").getValue(2, Counter): null

2019-02-21 17:46:10 - [TEST_STEP][PASSED] - if (StrB.equals(StrA)): null

2019-02-21 17:46:10 - [TEST_STEP][PASSED] - (Counter++): null

2019-02-21 17:46:10 - [TEST_STEP][PASSED] - StrB = findTestData("Internal User List").getValue(2, Counter): null

2019-02-21 17:46:10 - [TEST_STEP][PASSED] - if (StrB.equals(StrA)): null

2019-02-21 17:46:10 - [TEST_STEP][PASSED] - (Counter++): null

2019-02-21 17:46:10 - [TEST_STEP][PASSED] - StrB = findTestData("Internal User List").getValue(2, Counter): null

2019-02-21 17:46:10 - [TEST_STEP][PASSED] - if (StrB.equals(StrA)): null

2019-02-21 17:46:10 - [TEST_STEP][PASSED] - (Counter++): null

2019-02-21 17:46:10 - [TEST_STEP][PASSED] - StrB = findTestData("Internal User List").getValue(2, Counter): null

2019-02-21 17:46:10 - [TEST_STEP][PASSED] - if (StrB.equals(StrA)): null

2019-02-21 17:46:10 - [TEST_STEP][PASSED] - (Counter++): null

2019-02-21 17:46:11 - [TEST_STEP][PASSED] - StrB = findTestData("Internal User List").getValue(2, Counter): null

2019-02-21 17:46:11 - [TEST_STEP][PASSED] - if (StrB.equals(StrA)): null

2019-02-21 17:46:11 - [TEST_STEP][PASSED] - (Counter++): null

2019-02-21 17:46:11 - [TEST_STEP][PASSED] - StrB = findTestData("Internal User List").getValue(2, Counter): null

2019-02-21 17:46:11 - [TEST_STEP][PASSED] - if (StrB.equals(StrA)): null

2019-02-21 17:46:11 - [TEST_STEP][PASSED] - (Counter++): null

2019-02-21 17:46:11 - [TEST_STEP][PASSED] - StrB = findTestData("Internal User List").getValue(2, Counter): null

2019-02-21 17:46:11 - [TEST_STEP][PASSED] - if (StrB.equals(StrA)): null

2019-02-21 17:46:11 - [TEST_STEP][PASSED] - (Counter++): null

2019-02-21 17:46:11 - [TEST_STEP][PASSED] - StrB = findTestData("Internal User List").getValue(2, Counter): null

2019-02-21 17:46:11 - [TEST_STEP][PASSED] - if (StrB.equals(StrA)): null

2019-02-21 17:46:11 - [TEST_STEP][PASSED] - (Counter++): null

2019-02-21 17:46:11 - [TEST_STEP][PASSED] - StrB = findTestData("Internal User List").getValue(2, Counter): null

2019-02-21 17:46:11 - [TEST_STEP][PASSED] - if (StrB.equals(StrA)): null

2019-02-21 17:46:11 - [TEST_STEP][PASSED] - (Counter++): null

2019-02-21 17:46:11 - [TEST_STEP][PASSED] - StrB = findTestData("Internal User List").getValue(2, Counter): null

2019-02-21 17:46:11 - [TEST_STEP][PASSED] - if (StrB.equals(StrA)): null

2019-02-21 17:46:11 - [TEST_STEP][PASSED] - (Counter++): null

2019-02-21 17:46:11 - [TEST_STEP][PASSED] - StrB = findTestData("Internal User List").getValue(2, Counter): null

2019-02-21 17:46:11 - [TEST_STEP][PASSED] - if (StrB.equals(StrA)): null

2019-02-21 17:46:12 - [TEST_STEP][PASSED] - (Counter++): null

2019-02-21 17:46:12 - [TEST_STEP][PASSED] - StrB = findTestData("Internal User List").getValue(2, Counter): null

2019-02-21 17:46:12 - [TEST_STEP][PASSED] - if (StrB.equals(StrA)): null

2019-02-21 17:46:12 - [TEST_STEP][PASSED] - (Counter++): null

2019-02-21 17:46:12 - [TEST_STEP][PASSED] - StrB = findTestData("Internal User List").getValue(2, Counter): null

2019-02-21 17:46:12 - [TEST_STEP][PASSED] - if (StrB.equals(StrA)): null

2019-02-21 17:46:12 - [TEST_STEP][PASSED] - (Counter++): null

2019-02-21 17:46:12 - [TEST_STEP][PASSED] - StrB = findTestData("Internal User List").getValue(2, Counter): null

2019-02-21 17:46:12 - [TEST_STEP][PASSED] - if (StrB.equals(StrA)): null

2019-02-21 17:46:12 - [TEST_STEP][PASSED] - (Counter++): null

2019-02-21 17:46:12 - [TEST_STEP][PASSED] - StrB = findTestData("Internal User List").getValue(2, Counter): null

2019-02-21 17:46:12 - [TEST_STEP][PASSED] - if (StrB.equals(StrA)): null

2019-02-21 17:46:12 - [TEST_STEP][PASSED] - (Counter++): null

2019-02-21 17:46:12 - [TEST_STEP][PASSED] - StrB = findTestData("Internal User List").getValue(2, Counter): null

2019-02-21 17:46:12 - [TEST_STEP][PASSED] - if (StrB.equals(StrA)): null

2019-02-21 17:46:12 - [TEST_STEP][PASSED] - (Counter++): null

2019-02-21 17:46:12 - [TEST_STEP][PASSED] - StrB = findTestData("Internal User List").getValue(2, Counter): null

2019-02-21 17:46:12 - [TEST_STEP][PASSED] - if (StrB.equals(StrA)): null

2019-02-21 17:46:12 - [TEST_STEP][PASSED] - (Counter++): null

2019-02-21 17:46:12 - [TEST_STEP][PASSED] - StrB = findTestData("Internal User List").getValue(2, Counter): null

2019-02-21 17:46:13 - [TEST_STEP][PASSED] - if (StrB.equals(StrA)): null

2019-02-21 17:46:13 - [TEST_STEP][PASSED] - (Counter++): null

2019-02-21 17:46:13 - [TEST_STEP][PASSED] - StrB = findTestData("Internal User List").getValue(2, Counter): null

2019-02-21 17:46:13 - [TEST_STEP][PASSED] - if (StrB.equals(StrA)): null

2019-02-21 17:46:13 - [TEST_STEP][PASSED] - (Counter++): null

2019-02-21 17:46:13 - [TEST_STEP][PASSED] - StrB = findTestData("Internal User List").getValue(2, Counter): null

2019-02-21 17:46:13 - [TEST_STEP][PASSED] - if (StrB.equals(StrA)): null

2019-02-21 17:46:13 - [TEST_STEP][PASSED] - (Counter++): null

2019-02-21 17:46:13 - [TEST_STEP][PASSED] - StrB = findTestData("Internal User List").getValue(2, Counter): null

2019-02-21 17:46:13 - [TEST_STEP][PASSED] - if (StrB.equals(StrA)): null

2019-02-21 17:46:13 - [TEST_STEP][PASSED] - (Counter++): null

2019-02-21 17:46:14 - [TEST_STEP][PASSED] - StrB = findTestData("Internal User List").getValue(2, Counter): null

2019-02-21 17:46:14 - [TEST_STEP][PASSED] - if (StrB.equals(StrA)): null

2019-02-21 17:46:14 - [TEST_STEP][PASSED] - (Counter++): null

2019-02-21 17:46:14 - [TEST_STEP][PASSED] - StrB = findTestData("Internal User List").getValue(2, Counter): null

2019-02-21 17:46:14 - [TEST_STEP][PASSED] - if (StrB.equals(StrA)): null

2019-02-21 17:46:14 - [TEST_STEP][PASSED] - (Counter++): null

2019-02-21 17:46:14 - [TEST_STEP][PASSED] - StrB = findTestData("Internal User List").getValue(2, Counter): null

2019-02-21 17:46:14 - [TEST_STEP][PASSED] - if (StrB.equals(StrA)): null

2019-02-21 17:46:14 - [TEST_STEP][PASSED] - (Counter++): null

2019-02-21 17:46:14 - [TEST_STEP][PASSED] - StrB = findTestData("Internal User List").getValue(2, Counter): null

2019-02-21 17:46:14 - [TEST_STEP][PASSED] - if (StrB.equals(StrA)): null

2019-02-21 17:46:14 - [TEST_STEP][PASSED] - (Counter++): null

2019-02-21 17:46:14 - [TEST_STEP][PASSED] - StrB = findTestData("Internal User List").getValue(2, Counter): null

2019-02-21 17:46:14 - [TEST_STEP][PASSED] - if (StrB.equals(StrA)): null

2019-02-21 17:46:14 - [TEST_STEP][PASSED] - (Counter++): null

2019-02-21 17:46:14 - [TEST_STEP][PASSED] - StrB = findTestData("Internal User List").getValue(2, Counter): null

2019-02-21 17:46:14 - [TEST_STEP][PASSED] - if (StrB.equals(StrA)): null

2019-02-21 17:46:14 - [TEST_STEP][PASSED] - (Counter++): null

2019-02-21 17:46:14 - [TEST_STEP][PASSED] - StrB = findTestData("Internal User List").getValue(2, Counter): null

2019-02-21 17:46:14 - [TEST_STEP][PASSED] - if (StrB.equals(StrA)): null

2019-02-21 17:46:15 - [TEST_STEP][PASSED] - (Counter++): null

2019-02-21 17:46:15 - [TEST_STEP][PASSED] - StrB = findTestData("Internal User List").getValue(2, Counter): null

2019-02-21 17:46:15 - [TEST_STEP][PASSED] - if (StrB.equals(StrA)): null

2019-02-21 17:46:15 - [TEST_STEP][PASSED] - (Counter++): null

2019-02-21 17:46:15 - [TEST_STEP][PASSED] - StrB = findTestData("Internal User List").getValue(2, Counter): null

2019-02-21 17:46:15 - [TEST_STEP][PASSED] - if (StrB.equals(StrA)): null

2019-02-21 17:46:15 - [TEST_STEP][PASSED] - (Counter++): null

2019-02-21 17:46:15 - [TEST_STEP][PASSED] - StrB = findTestData("Internal User List").getValue(2, Counter): null

2019-02-21 17:46:15 - [TEST_STEP][PASSED] - if (StrB.equals(StrA)): null

2019-02-21 17:46:15 - [TEST_STEP][PASSED] - (Counter++): null

2019-02-21 17:46:15 - [TEST_STEP][PASSED] - StrB = findTestData("Internal User List").getValue(2, Counter): null

2019-02-21 17:46:15 - [TEST_STEP][PASSED] - if (StrB.equals(StrA)): null

2019-02-21 17:46:15 - [TEST_STEP][PASSED] - (Counter++): null

2019-02-21 17:46:15 - [TEST_STEP][PASSED] - StrB = findTestData("Internal User List").getValue(2, Counter): null

2019-02-21 17:46:16 - [TEST_STEP][PASSED] - if (StrB.equals(StrA)): null

2019-02-21 17:46:16 - [TEST_STEP][PASSED] - (Counter++): null

2019-02-21 17:46:16 - [TEST_STEP][PASSED] - StrB = findTestData("Internal User List").getValue(2, Counter): null

2019-02-21 17:46:16 - [TEST_STEP][PASSED] - if (StrB.equals(StrA)): null

2019-02-21 17:46:16 - [TEST_STEP][PASSED] - (Counter++): null

2019-02-21 17:46:16 - [TEST_STEP][PASSED] - StrB = findTestData("Internal User List").getValue(2, Counter): null

2019-02-21 17:46:16 - [TEST_STEP][PASSED] - if (StrB.equals(StrA)): null

2019-02-21 17:46:16 - [TEST_STEP][PASSED] - StrEmail = findTestData("Internal User List").getValue(1, Counter): null

2019-02-21 17:46:16 - [TEST_STEP][PASSED] - InternalEmail = StrEmail: null

2019-02-21 17:46:16 - [TEST_STEP][PASSED] - out.println(StrEmail): null

2019-02-21 17:46:16 - [TEST_STEP][PASSED] - (Counter++): null

2019-02-21 17:46:16 - [MESSAGE][PASSED] - Call Test Case 'Test Cases/All TC/Arranged/1. Common/Internal Email Finder' successfully

2019-02-21 17:46:16 - [TEST_STEP][PASSED] - tempCaseID = <not implemented yet for class: org.codehaus.groovy.ast.expr.EmptyExpression>: null

2019-02-21 17:46:16 - [TEST_STEP][PASSED] - targetCaseID = InternalEmail: null

2019-02-21 17:46:17 - [TEST_STEP][PASSED] - caseNum = new com.kms.katalon.core.testobject.TestObject(): null

2019-02-21 17:46:17 - [TEST_STEP][PASSED] - boolVerify = true: null

2019-02-21 17:46:17 - [TEST_STEP][PASSED] - counterA = 1: null

2019-02-21 17:46:17 - [TEST_STEP][PASSED] - counterB = 1: null

2019-02-21 17:46:17 - [TEST_STEP][PASSED] - counterF = 1: null

2019-02-21 17:46:17 - [TEST_STEP][PASSED] - while (boolVerify.equals(true)): null

2019-02-21 17:46:17 - [TEST_STEP][PASSED] - strXpathA = "(id("staffListTable")/tbody[1]/tr[@class="odd"]/td[1]/input[1])[" + counterA + "]": null

2019-02-21 17:46:17 - [TEST_STEP][PASSED] - strXpathB = "(id("staffListTable")/tbody[1]/tr[@class="even"]/td[1]/input[1])[" + counterB + "]": null

2019-02-21 17:46:17 - [TEST_STEP][PASSED] - modVal = counterF % 2: null

2019-02-21 17:46:17 - [TEST_STEP][PASSED] - if (modVal.equals(1)): null

2019-02-21 17:46:17 - [TEST_STEP][PASSED] - caseNum.addProperty("xpath", EQUALS, strXpathA, true): null

2019-02-21 17:46:17 - [TEST_STEP][PASSED] - (counterA++): null

2019-02-21 17:46:17 - [TEST_STEP][PASSED] - if (modVal.equals(0)): null

2019-02-21 17:46:17 - [TEST_STEP][PASSED] - boolVerify = verifyElementPresent(caseNum, 30, OPTIONAL): Object '' is present

2019-02-21 17:46:17 - [MESSAGE][PASSED] - Object '' is present

2019-02-21 17:46:17 - [TEST_STEP][PASSED] - if (boolVerify.equals(true)): null

2019-02-21 17:46:17 - [TEST_STEP][PASSED] - tempCaseID = getText(caseNum): Text of object '' is: ''

2019-02-21 17:46:17 - [MESSAGE][PASSED] - Text of object '' is: ''

2019-02-21 17:46:17 - [TEST_STEP][PASSED] - if (!(tempCaseID.equals(targetCaseID))): null

2019-02-21 17:46:17 - [TEST_STEP][PASSED] - click(caseNum): Object: '' is clicked on

2019-02-21 17:46:17 - [MESSAGE][PASSED] - Object: '' is clicked on

2019-02-21 17:46:17 - [TEST_STEP][PASSED] - counterF = 0: null

2019-02-21 17:46:17 - [TEST_STEP][PASSED] - break: null

2019-02-21 17:46:18 - [MESSAGE][PASSED] - Call Test Case 'Test Cases/All TC/Arranged/1. Common/1.3 Loops/While Loop - Query' successfully

2019-02-21 17:46:18 - [TEST_STEP][PASSED] - setText(findTestObject("KinJun/6.0 Query/6.1 Same branch - SEIO/Page_PERKESO/remarks"), "query"): Text 'query' is set on object 'Object Repository/KinJun/6.0 Query/6.1 Same branch - SEIO/Page_PERKESO/remarks'

2019-02-21 17:46:18 - [MESSAGE][PASSED] - Text 'query' is set on object 'Object Repository/KinJun/6.0 Query/6.1 Same branch - SEIO/Page_PERKESO/remarks'

2019-02-21 17:46:18 - [TEST_STEP][PASSED] - delay(3): Delayed 3 second(s)

2019-02-21 17:46:21 - [MESSAGE][PASSED] - Delayed 3 second(s)

2019-02-21 17:46:21 - [TEST_STEP][PASSED] - click(findTestObject("KinJun/6.0 Query/6.1 Same branch - SEIO/Page_PERKESO/Btn Query2")): Object: 'Object Repository/KinJun/6.0 Query/6.1 Same branch - SEIO/Page_PERKESO/Btn Query2' is clicked on

2019-02-21 17:46:21 - [MESSAGE][PASSED] - Object: 'Object Repository/KinJun/6.0 Query/6.1 Same branch - SEIO/Page_PERKESO/Btn Query2' is clicked on

2019-02-21 17:46:21 - [TEST_STEP][PASSED] - delay(3): Delayed 3 second(s)

2019-02-21 17:46:24 - [MESSAGE][PASSED] - Delayed 3 second(s)

2019-02-21 17:46:24 - [TEST_STEP][FAILED] - click(findTestObject("KinJun/6.0 Query/6.1 Same branch - SEIO/Page_PERKESO/Click username")): click(findTestObject("KinJun/6.0 Query/6.1 Same branch - SEIO/Page_PERKESO/Click username")) FAILED.
Reason:
com.kms.katalon.core.exception.StepFailedException: Unable to click on object 'Object Repository/KinJun/6.0 Query/6.1 Same branch - SEIO/Page_PERKESO/Click username' (Root cause: com.kms.katalon.core.webui.exception.WebElementNotFoundException: Web element with id: 'Object Repository/KinJun/6.0 Query/6.1 Same branch - SEIO/Page_PERKESO/Click username' located by 'By.xpath: id("bg2")/header[1]/div[@class="container-fluid"]/div[@class="row"]/div[@class="col-md-2"]/ul[@class="nav navbar-nav navbar-right"]/li[@class="dropdown"]/a[@class="dropdown-toggle"][count(. | //a[@href = '#']) = count(//a[@href = '#'])]' not found)
	at com.kms.katalon.core.keyword.internal.KeywordMain.stepFailed(KeywordMain.groovy:36)
	at com.kms.katalon.core.webui.keyword.internal.WebUIKeywordMain.stepFailed(WebUIKeywordMain.groovy:65)
	at com.kms.katalon.core.webui.keyword.internal.WebUIKeywordMain.runKeyword(WebUIKeywordMain.groovy:27)
	at com.kms.katalon.core.webui.keyword.builtin.ClickKeyword.click(ClickKeyword.groovy:86)
	at com.kms.katalon.core.webui.keyword.builtin.ClickKeyword.execute(ClickKeyword.groovy:67)
	at com.kms.katalon.core.keyword.internal.KeywordExecutor.executeKeywordForPlatform(KeywordExecutor.groovy:53)
	at com.kms.katalon.core.webui.keyword.WebUiBuiltInKeywords.click(WebUiBuiltInKeywords.groovy:616)
	at com.kms.katalon.core.webui.keyword.WebUiBuiltInKeywords$click$3.call(Unknown Source)
	at 6.1 Same Branch - SEIO.run(6.1 Same Branch - SEIO:86)
	at com.kms.katalon.core.main.ScriptEngine.run(ScriptEngine.java:194)
	at com.kms.katalon.core.main.ScriptEngine.runScriptAsRawText(ScriptEngine.java:119)
	at com.kms.katalon.core.main.TestCaseExecutor.runScript(TestCaseExecutor.java:328)
	at com.kms.katalon.core.main.TestCaseExecutor.doExecute(TestCaseExecutor.java:319)
	at com.kms.katalon.core.main.TestCaseExecutor.processExecutionPhase(TestCaseExecutor.java:298)
	at com.kms.katalon.core.main.TestCaseExecutor.accessMainPhase(TestCaseExecutor.java:290)
	at com.kms.katalon.core.main.TestCaseExecutor.execute(TestCaseExecutor.java:224)
	at com.kms.katalon.core.main.TestCaseMain.runTestCase(TestCaseMain.java:106)
	at com.kms.katalon.core.keyword.builtin.CallTestCaseKeyword$_callTestCase_closure1.doCall(CallTestCaseKeyword.groovy:59)
	at com.kms.katalon.core.keyword.builtin.CallTestCaseKeyword$_callTestCase_closure1.call(CallTestCaseKeyword.groovy)
	at com.kms.katalon.core.keyword.internal.KeywordMain.runKeyword(KeywordMain.groovy:54)
	at com.kms.katalon.core.keyword.builtin.CallTestCaseKeyword.callTestCase(CallTestCaseKeyword.groovy:80)
	at com.kms.katalon.core.keyword.builtin.CallTestCaseKeyword.execute(CallTestCaseKeyword.groovy:44)
	at com.kms.katalon.core.keyword.internal.KeywordExecutor.executeKeywordForPlatform(KeywordExecutor.groovy:53)
	at com.kms.katalon.core.keyword.BuiltinKeywords.callTestCase(BuiltinKeywords.groovy:334)
	at Same branch - SEIO.run(Same branch - SEIO:22)
	at com.kms.katalon.core.main.ScriptEngine.run(ScriptEngine.java:194)
	at com.kms.katalon.core.main.ScriptEngine.runScriptAsRawText(ScriptEngine.java:119)
	at com.kms.katalon.core.main.TestCaseExecutor.runScript(TestCaseExecutor.java:328)
	at com.kms.katalon.core.main.TestCaseExecutor.doExecute(TestCaseExecutor.java:319)
	at com.kms.katalon.core.main.TestCaseExecutor.processExecutionPhase(TestCaseExecutor.java:298)
	at com.kms.katalon.core.main.TestCaseExecutor.accessMainPhase(TestCaseExecutor.java:290)
	at com.kms.katalon.core.main.TestCaseExecutor.execute(TestCaseExecutor.java:224)
	at com.kms.katalon.core.main.TestSuiteExecutor.accessTestCaseMainPhase(TestSuiteExecutor.java:129)
	at com.kms.katalon.core.main.TestSuiteExecutor.accessTestSuiteMainPhase(TestSuiteExecutor.java:112)
	at com.kms.katalon.core.main.TestSuiteExecutor.execute(TestSuiteExecutor.java:81)
	at com.kms.katalon.core.main.TestCaseMain.startTestSuite(TestCaseMain.java:149)
	at com.kms.katalon.core.main.TestCaseMain$startTestSuite$0.call(Unknown Source)
	at TempTestSuite1550738418733.run(TempTestSuite1550738418733.groovy:36)


2019-02-21 17:46:55 - [MESSAGE][INFO] - Unable to find the element located by 'By.xpath: id("bg2")/header[1]/div[@class="container-fluid"]/div[@class="row"]/div[@class="col-md-2"]/ul[@class="nav navbar-nav navbar-right"]/li[@class="dropdown"]/a[@class="dropdown-toggle"][count(. | //a[@href = '#']) = count(//a[@href = '#'])]'. Please recheck the objects properties to make sure the desired element is located. 

2019-02-21 17:46:56 - [MESSAGE][FAILED] - Unable to click on object 'Object Repository/KinJun/6.0 Query/6.1 Same branch - SEIO/Page_PERKESO/Click username' (Root cause: com.kms.katalon.core.webui.exception.WebElementNotFoundException: Web element with id: 'Object Repository/KinJun/6.0 Query/6.1 Same branch - SEIO/Page_PERKESO/Click username' located by 'By.xpath: id("bg2")/header[1]/div[@class="container-fluid"]/div[@class="row"]/div[@class="col-md-2"]/ul[@class="nav navbar-nav navbar-right"]/li[@class="dropdown"]/a[@class="dropdown-toggle"][count(. | //a[@href = '#']) = count(//a[@href = '#'])]' not found)
[[ATTACHMENT|C:\\Users\\Admin\\Documents\\GitHub\\PKSKatalon\\PKS-EI-ES\\Reports\\New Test Suite\\20190221_164018\\1550742415709.png]]

2019-02-21 17:46:56 - [MESSAGE][FAILED] - click(findTestObject("KinJun/6.0 Query/6.1 Same branch - SEIO/Page_PERKESO/Click username")) FAILED.
Reason:
com.kms.katalon.core.exception.StepFailedException: Unable to click on object 'Object Repository/KinJun/6.0 Query/6.1 Same branch - SEIO/Page_PERKESO/Click username' (Root cause: com.kms.katalon.core.webui.exception.WebElementNotFoundException: Web element with id: 'Object Repository/KinJun/6.0 Query/6.1 Same branch - SEIO/Page_PERKESO/Click username' located by 'By.xpath: id("bg2")/header[1]/div[@class="container-fluid"]/div[@class="row"]/div[@class="col-md-2"]/ul[@class="nav navbar-nav navbar-right"]/li[@class="dropdown"]/a[@class="dropdown-toggle"][count(. | //a[@href = '#']) = count(//a[@href = '#'])]' not found)
	at com.kms.katalon.core.keyword.internal.KeywordMain.stepFailed(KeywordMain.groovy:36)
	at com.kms.katalon.core.webui.keyword.internal.WebUIKeywordMain.stepFailed(WebUIKeywordMain.groovy:65)
	at com.kms.katalon.core.webui.keyword.internal.WebUIKeywordMain.runKeyword(WebUIKeywordMain.groovy:27)
	at com.kms.katalon.core.webui.keyword.builtin.ClickKeyword.click(ClickKeyword.groovy:86)
	at com.kms.katalon.core.webui.keyword.builtin.ClickKeyword.execute(ClickKeyword.groovy:67)
	at com.kms.katalon.core.keyword.internal.KeywordExecutor.executeKeywordForPlatform(KeywordExecutor.groovy:53)
	at com.kms.katalon.core.webui.keyword.WebUiBuiltInKeywords.click(WebUiBuiltInKeywords.groovy:616)
	at com.kms.katalon.core.webui.keyword.WebUiBuiltInKeywords$click$3.call(Unknown Source)
	at 6.1 Same Branch - SEIO.run(6.1 Same Branch - SEIO:86)
	at com.kms.katalon.core.main.ScriptEngine.run(ScriptEngine.java:194)
	at com.kms.katalon.core.main.ScriptEngine.runScriptAsRawText(ScriptEngine.java:119)
	at com.kms.katalon.core.main.TestCaseExecutor.runScript(TestCaseExecutor.java:328)
	at com.kms.katalon.core.main.TestCaseExecutor.doExecute(TestCaseExecutor.java:319)
	at com.kms.katalon.core.main.TestCaseExecutor.processExecutionPhase(TestCaseExecutor.java:298)
	at com.kms.katalon.core.main.TestCaseExecutor.accessMainPhase(TestCaseExecutor.java:290)
	at com.kms.katalon.core.main.TestCaseExecutor.execute(TestCaseExecutor.java:224)
	at com.kms.katalon.core.main.TestCaseMain.runTestCase(TestCaseMain.java:106)
	at com.kms.katalon.core.keyword.builtin.CallTestCaseKeyword$_callTestCase_closure1.doCall(CallTestCaseKeyword.groovy:59)
	at com.kms.katalon.core.keyword.builtin.CallTestCaseKeyword$_callTestCase_closure1.call(CallTestCaseKeyword.groovy)
	at com.kms.katalon.core.keyword.internal.KeywordMain.runKeyword(KeywordMain.groovy:54)
	at com.kms.katalon.core.keyword.builtin.CallTestCaseKeyword.callTestCase(CallTestCaseKeyword.groovy:80)
	at com.kms.katalon.core.keyword.builtin.CallTestCaseKeyword.execute(CallTestCaseKeyword.groovy:44)
	at com.kms.katalon.core.keyword.internal.KeywordExecutor.executeKeywordForPlatform(KeywordExecutor.groovy:53)
	at com.kms.katalon.core.keyword.BuiltinKeywords.callTestCase(BuiltinKeywords.groovy:334)
	at Same branch - SEIO.run(Same branch - SEIO:22)
	at com.kms.katalon.core.main.ScriptEngine.run(ScriptEngine.java:194)
	at com.kms.katalon.core.main.ScriptEngine.runScriptAsRawText(ScriptEngine.java:119)
	at com.kms.katalon.core.main.TestCaseExecutor.runScript(TestCaseExecutor.java:328)
	at com.kms.katalon.core.main.TestCaseExecutor.doExecute(TestCaseExecutor.java:319)
	at com.kms.katalon.core.main.TestCaseExecutor.processExecutionPhase(TestCaseExecutor.java:298)
	at com.kms.katalon.core.main.TestCaseExecutor.accessMainPhase(TestCaseExecutor.java:290)
	at com.kms.katalon.core.main.TestCaseExecutor.execute(TestCaseExecutor.java:224)
	at com.kms.katalon.core.main.TestSuiteExecutor.accessTestCaseMainPhase(TestSuiteExecutor.java:129)
	at com.kms.katalon.core.main.TestSuiteExecutor.accessTestSuiteMainPhase(TestSuiteExecutor.java:112)
	at com.kms.katalon.core.main.TestSuiteExecutor.execute(TestSuiteExecutor.java:81)
	at com.kms.katalon.core.main.TestCaseMain.startTestSuite(TestCaseMain.java:149)
	at com.kms.katalon.core.main.TestCaseMain$startTestSuite$0.call(Unknown Source)
	at TempTestSuite1550738418733.run(TempTestSuite1550738418733.groovy:36)


2019-02-21 17:46:56 - [MESSAGE][FAILED] - Unable to call Test Case 'Test Cases/All TC/Arranged/2. Segment/2.5 Query/6.1 Same Branch - SEIO' (Root cause: com.kms.katalon.core.exception.StepFailedException: Call Test Case 'Test Cases/All TC/Arranged/2. Segment/2.5 Query/6.1 Same Branch - SEIO' failed)

2019-02-21 17:46:56 - [MESSAGE][FAILED] - callTestCase(findTestCase("All TC/Arranged/2. Segment/2.5 Query/6.1 Same Branch - SEIO"), [:], STOP_ON_FAILURE) FAILED.
Reason:
com.kms.katalon.core.exception.StepFailedException: Unable to click on object 'Object Repository/KinJun/6.0 Query/6.1 Same branch - SEIO/Page_PERKESO/Click username' (Root cause: com.kms.katalon.core.webui.exception.WebElementNotFoundException: Web element with id: 'Object Repository/KinJun/6.0 Query/6.1 Same branch - SEIO/Page_PERKESO/Click username' located by 'By.xpath: id("bg2")/header[1]/div[@class="container-fluid"]/div[@class="row"]/div[@class="col-md-2"]/ul[@class="nav navbar-nav navbar-right"]/li[@class="dropdown"]/a[@class="dropdown-toggle"][count(. | //a[@href = '#']) = count(//a[@href = '#'])]' not found)
	at com.kms.katalon.core.keyword.internal.KeywordMain.stepFailed(KeywordMain.groovy:36)
	at com.kms.katalon.core.webui.keyword.internal.WebUIKeywordMain.stepFailed(WebUIKeywordMain.groovy:65)
	at com.kms.katalon.core.webui.keyword.internal.WebUIKeywordMain.runKeyword(WebUIKeywordMain.groovy:27)
	at com.kms.katalon.core.webui.keyword.builtin.ClickKeyword.click(ClickKeyword.groovy:86)
	at com.kms.katalon.core.webui.keyword.builtin.ClickKeyword.execute(ClickKeyword.groovy:67)
	at com.kms.katalon.core.keyword.internal.KeywordExecutor.executeKeywordForPlatform(KeywordExecutor.groovy:53)
	at com.kms.katalon.core.webui.keyword.WebUiBuiltInKeywords.click(WebUiBuiltInKeywords.groovy:616)
	at com.kms.katalon.core.webui.keyword.WebUiBuiltInKeywords$click$3.call(Unknown Source)
	at 6.1 Same Branch - SEIO.run(6.1 Same Branch - SEIO:86)
	at com.kms.katalon.core.main.ScriptEngine.run(ScriptEngine.java:194)
	at com.kms.katalon.core.main.ScriptEngine.runScriptAsRawText(ScriptEngine.java:119)
	at com.kms.katalon.core.main.TestCaseExecutor.runScript(TestCaseExecutor.java:328)
	at com.kms.katalon.core.main.TestCaseExecutor.doExecute(TestCaseExecutor.java:319)
	at com.kms.katalon.core.main.TestCaseExecutor.processExecutionPhase(TestCaseExecutor.java:298)
	at com.kms.katalon.core.main.TestCaseExecutor.accessMainPhase(TestCaseExecutor.java:290)
	at com.kms.katalon.core.main.TestCaseExecutor.execute(TestCaseExecutor.java:224)
	at com.kms.katalon.core.main.TestCaseMain.runTestCase(TestCaseMain.java:106)
	at com.kms.katalon.core.keyword.builtin.CallTestCaseKeyword$_callTestCase_closure1.doCall(CallTestCaseKeyword.groovy:59)
	at com.kms.katalon.core.keyword.builtin.CallTestCaseKeyword$_callTestCase_closure1.call(CallTestCaseKeyword.groovy)
	at com.kms.katalon.core.keyword.internal.KeywordMain.runKeyword(KeywordMain.groovy:54)
	at com.kms.katalon.core.keyword.builtin.CallTestCaseKeyword.callTestCase(CallTestCaseKeyword.groovy:80)
	at com.kms.katalon.core.keyword.builtin.CallTestCaseKeyword.execute(CallTestCaseKeyword.groovy:44)
	at com.kms.katalon.core.keyword.internal.KeywordExecutor.executeKeywordForPlatform(KeywordExecutor.groovy:53)
	at com.kms.katalon.core.keyword.BuiltinKeywords.callTestCase(BuiltinKeywords.groovy:334)
	at Same branch - SEIO.run(Same branch - SEIO:22)
	at com.kms.katalon.core.main.ScriptEngine.run(ScriptEngine.java:194)
	at com.kms.katalon.core.main.ScriptEngine.runScriptAsRawText(ScriptEngine.java:119)
	at com.kms.katalon.core.main.TestCaseExecutor.runScript(TestCaseExecutor.java:328)
	at com.kms.katalon.core.main.TestCaseExecutor.doExecute(TestCaseExecutor.java:319)
	at com.kms.katalon.core.main.TestCaseExecutor.processExecutionPhase(TestCaseExecutor.java:298)
	at com.kms.katalon.core.main.TestCaseExecutor.accessMainPhase(TestCaseExecutor.java:290)
	at com.kms.katalon.core.main.TestCaseExecutor.execute(TestCaseExecutor.java:224)
	at com.kms.katalon.core.main.TestSuiteExecutor.accessTestCaseMainPhase(TestSuiteExecutor.java:129)
	at com.kms.katalon.core.main.TestSuiteExecutor.accessTestSuiteMainPhase(TestSuiteExecutor.java:112)
	at com.kms.katalon.core.main.TestSuiteExecutor.execute(TestSuiteExecutor.java:81)
	at com.kms.katalon.core.main.TestCaseMain.startTestSuite(TestCaseMain.java:149)
	at com.kms.katalon.core.main.TestCaseMain$startTestSuite$0.call(Unknown Source)
	at TempTestSuite1550738418733.run(TempTestSuite1550738418733.groovy:36)]]></system-out>
         <system-err><![CDATA[2019-02-21 17:39:31 - [TEST_CASE][FAILED] - Test Cases/All TC/Arranged/0. Full Flow/Query/Same branch - SEIO: Test Cases/All TC/Arranged/0. Full Flow/Query/Same branch - SEIO FAILED.
Reason:
com.kms.katalon.core.exception.StepFailedException: Unable to click on object 'Object Repository/KinJun/6.0 Query/6.1 Same branch - SEIO/Page_PERKESO/Click username' (Root cause: com.kms.katalon.core.webui.exception.WebElementNotFoundException: Web element with id: 'Object Repository/KinJun/6.0 Query/6.1 Same branch - SEIO/Page_PERKESO/Click username' located by 'By.xpath: id("bg2")/header[1]/div[@class="container-fluid"]/div[@class="row"]/div[@class="col-md-2"]/ul[@class="nav navbar-nav navbar-right"]/li[@class="dropdown"]/a[@class="dropdown-toggle"][count(. | //a[@href = '#']) = count(//a[@href = '#'])]' not found)
	at com.kms.katalon.core.keyword.internal.KeywordMain.stepFailed(KeywordMain.groovy:36)
	at com.kms.katalon.core.webui.keyword.internal.WebUIKeywordMain.stepFailed(WebUIKeywordMain.groovy:65)
	at com.kms.katalon.core.webui.keyword.internal.WebUIKeywordMain.runKeyword(WebUIKeywordMain.groovy:27)
	at com.kms.katalon.core.webui.keyword.builtin.ClickKeyword.click(ClickKeyword.groovy:86)
	at com.kms.katalon.core.webui.keyword.builtin.ClickKeyword.execute(ClickKeyword.groovy:67)
	at com.kms.katalon.core.keyword.internal.KeywordExecutor.executeKeywordForPlatform(KeywordExecutor.groovy:53)
	at com.kms.katalon.core.webui.keyword.WebUiBuiltInKeywords.click(WebUiBuiltInKeywords.groovy:616)
	at com.kms.katalon.core.webui.keyword.WebUiBuiltInKeywords$click$3.call(Unknown Source)
	at 6.1 Same Branch - SEIO.run(6.1 Same Branch - SEIO:86)
	at com.kms.katalon.core.main.ScriptEngine.run(ScriptEngine.java:194)
	at com.kms.katalon.core.main.ScriptEngine.runScriptAsRawText(ScriptEngine.java:119)
	at com.kms.katalon.core.main.TestCaseExecutor.runScript(TestCaseExecutor.java:328)
	at com.kms.katalon.core.main.TestCaseExecutor.doExecute(TestCaseExecutor.java:319)
	at com.kms.katalon.core.main.TestCaseExecutor.processExecutionPhase(TestCaseExecutor.java:298)
	at com.kms.katalon.core.main.TestCaseExecutor.accessMainPhase(TestCaseExecutor.java:290)
	at com.kms.katalon.core.main.TestCaseExecutor.execute(TestCaseExecutor.java:224)
	at com.kms.katalon.core.main.TestCaseMain.runTestCase(TestCaseMain.java:106)
	at com.kms.katalon.core.keyword.builtin.CallTestCaseKeyword$_callTestCase_closure1.doCall(CallTestCaseKeyword.groovy:59)
	at com.kms.katalon.core.keyword.builtin.CallTestCaseKeyword$_callTestCase_closure1.call(CallTestCaseKeyword.groovy)
	at com.kms.katalon.core.keyword.internal.KeywordMain.runKeyword(KeywordMain.groovy:54)
	at com.kms.katalon.core.keyword.builtin.CallTestCaseKeyword.callTestCase(CallTestCaseKeyword.groovy:80)
	at com.kms.katalon.core.keyword.builtin.CallTestCaseKeyword.execute(CallTestCaseKeyword.groovy:44)
	at com.kms.katalon.core.keyword.internal.KeywordExecutor.executeKeywordForPlatform(KeywordExecutor.groovy:53)
	at com.kms.katalon.core.keyword.BuiltinKeywords.callTestCase(BuiltinKeywords.groovy:334)
	at Same branch - SEIO.run(Same branch - SEIO:22)
	at com.kms.katalon.core.main.ScriptEngine.run(ScriptEngine.java:194)
	at com.kms.katalon.core.main.ScriptEngine.runScriptAsRawText(ScriptEngine.java:119)
	at com.kms.katalon.core.main.TestCaseExecutor.runScript(TestCaseExecutor.java:328)
	at com.kms.katalon.core.main.TestCaseExecutor.doExecute(TestCaseExecutor.java:319)
	at com.kms.katalon.core.main.TestCaseExecutor.processExecutionPhase(TestCaseExecutor.java:298)
	at com.kms.katalon.core.main.TestCaseExecutor.accessMainPhase(TestCaseExecutor.java:290)
	at com.kms.katalon.core.main.TestCaseExecutor.execute(TestCaseExecutor.java:224)
	at com.kms.katalon.core.main.TestSuiteExecutor.accessTestCaseMainPhase(TestSuiteExecutor.java:129)
	at com.kms.katalon.core.main.TestSuiteExecutor.accessTestSuiteMainPhase(TestSuiteExecutor.java:112)
	at com.kms.katalon.core.main.TestSuiteExecutor.execute(TestSuiteExecutor.java:81)
	at com.kms.katalon.core.main.TestCaseMain.startTestSuite(TestCaseMain.java:149)
	at com.kms.katalon.core.main.TestCaseMain$startTestSuite$0.call(Unknown Source)
	at TempTestSuite1550738418733.run(TempTestSuite1550738418733.groovy:36)]]></system-err>
      </testcase>
      <testcase name="Test Cases/All TC/Arranged/0. Full Flow/Query/Same branch - EIO" classname="Test Cases/All TC/Arranged/0. Full Flow/Query/Same branch - EIO" status="FAILED">
         <failure type="FAILED" message="Test Cases/All TC/Arranged/0. Full Flow/Query/Same branch - EIO FAILED.
Reason:
com.kms.katalon.core.exception.StepFailedException: Unable to click on object 'Object Repository/KinJun/6.0 Query/6.2 Same branch - EIO/Page_PERKESO/Click username' (Root cause: com.kms.katalon.core.webui.exception.WebElementNotFoundException: Web element with id: 'Object Repository/KinJun/6.0 Query/6.2 Same branch - EIO/Page_PERKESO/Click username' located by 'By.xpath: id(&quot;bg2&quot;)/header[1]/div[@class=&quot;container-fluid&quot;]/div[@class=&quot;row&quot;]/div[@class=&quot;col-md-2&quot;]/ul[@class=&quot;nav navbar-nav navbar-right&quot;]/li[@class=&quot;dropdown&quot;]/a[@class=&quot;dropdown-toggle&quot;][count(. | //a[@href = '#']) = count(//a[@href = '#'])]' not found)
	at com.kms.katalon.core.keyword.internal.KeywordMain.stepFailed(KeywordMain.groovy:36)
	at com.kms.katalon.core.webui.keyword.internal.WebUIKeywordMain.stepFailed(WebUIKeywordMain.groovy:65)
	at com.kms.katalon.core.webui.keyword.internal.WebUIKeywordMain.runKeyword(WebUIKeywordMain.groovy:27)
	at com.kms.katalon.core.webui.keyword.builtin.ClickKeyword.click(ClickKeyword.groovy:86)
	at com.kms.katalon.core.webui.keyword.builtin.ClickKeyword.execute(ClickKeyword.groovy:67)
	at com.kms.katalon.core.keyword.internal.KeywordExecutor.executeKeywordForPlatform(KeywordExecutor.groovy:53)
	at com.kms.katalon.core.webui.keyword.WebUiBuiltInKeywords.click(WebUiBuiltInKeywords.groovy:616)
	at com.kms.katalon.core.webui.keyword.WebUiBuiltInKeywords$click$3.call(Unknown Source)
	at 6.2 Same Branch - EIO.run(6.2 Same Branch - EIO:83)
	at com.kms.katalon.core.main.ScriptEngine.run(ScriptEngine.java:194)
	at com.kms.katalon.core.main.ScriptEngine.runScriptAsRawText(ScriptEngine.java:119)
	at com.kms.katalon.core.main.TestCaseExecutor.runScript(TestCaseExecutor.java:328)
	at com.kms.katalon.core.main.TestCaseExecutor.doExecute(TestCaseExecutor.java:319)
	at com.kms.katalon.core.main.TestCaseExecutor.processExecutionPhase(TestCaseExecutor.java:298)
	at com.kms.katalon.core.main.TestCaseExecutor.accessMainPhase(TestCaseExecutor.java:290)
	at com.kms.katalon.core.main.TestCaseExecutor.execute(TestCaseExecutor.java:224)
	at com.kms.katalon.core.main.TestCaseMain.runTestCase(TestCaseMain.java:106)
	at com.kms.katalon.core.keyword.builtin.CallTestCaseKeyword$_callTestCase_closure1.doCall(CallTestCaseKeyword.groovy:59)
	at com.kms.katalon.core.keyword.builtin.CallTestCaseKeyword$_callTestCase_closure1.call(CallTestCaseKeyword.groovy)
	at com.kms.katalon.core.keyword.internal.KeywordMain.runKeyword(KeywordMain.groovy:54)
	at com.kms.katalon.core.keyword.builtin.CallTestCaseKeyword.callTestCase(CallTestCaseKeyword.groovy:80)
	at com.kms.katalon.core.keyword.builtin.CallTestCaseKeyword.execute(CallTestCaseKeyword.groovy:44)
	at com.kms.katalon.core.keyword.internal.KeywordExecutor.executeKeywordForPlatform(KeywordExecutor.groovy:53)
	at com.kms.katalon.core.keyword.BuiltinKeywords.callTestCase(BuiltinKeywords.groovy:334)
	at Same branch - EIO.run(Same branch - EIO:22)
	at com.kms.katalon.core.main.ScriptEngine.run(ScriptEngine.java:194)
	at com.kms.katalon.core.main.ScriptEngine.runScriptAsRawText(ScriptEngine.java:119)
	at com.kms.katalon.core.main.TestCaseExecutor.runScript(TestCaseExecutor.java:328)
	at com.kms.katalon.core.main.TestCaseExecutor.doExecute(TestCaseExecutor.java:319)
	at com.kms.katalon.core.main.TestCaseExecutor.processExecutionPhase(TestCaseExecutor.java:298)
	at com.kms.katalon.core.main.TestCaseExecutor.accessMainPhase(TestCaseExecutor.java:290)
	at com.kms.katalon.core.main.TestCaseExecutor.execute(TestCaseExecutor.java:224)
	at com.kms.katalon.core.main.TestSuiteExecutor.accessTestCaseMainPhase(TestSuiteExecutor.java:129)
	at com.kms.katalon.core.main.TestSuiteExecutor.accessTestSuiteMainPhase(TestSuiteExecutor.java:112)
	at com.kms.katalon.core.main.TestSuiteExecutor.execute(TestSuiteExecutor.java:81)
	at com.kms.katalon.core.main.TestCaseMain.startTestSuite(TestCaseMain.java:149)
	at com.kms.katalon.core.main.TestCaseMain$startTestSuite$0.call(Unknown Source)
	at TempTestSuite1550738418733.run(TempTestSuite1550738418733.groovy:36)
"/>
         <system-out><![CDATA[2019-02-21 17:46:57 - [TEST_CASE][FAILED] - Test Cases/All TC/Arranged/0. Full Flow/Query/Same branch - EIO: Test Cases/All TC/Arranged/0. Full Flow/Query/Same branch - EIO FAILED.
Reason:
com.kms.katalon.core.exception.StepFailedException: Unable to click on object 'Object Repository/KinJun/6.0 Query/6.2 Same branch - EIO/Page_PERKESO/Click username' (Root cause: com.kms.katalon.core.webui.exception.WebElementNotFoundException: Web element with id: 'Object Repository/KinJun/6.0 Query/6.2 Same branch - EIO/Page_PERKESO/Click username' located by 'By.xpath: id("bg2")/header[1]/div[@class="container-fluid"]/div[@class="row"]/div[@class="col-md-2"]/ul[@class="nav navbar-nav navbar-right"]/li[@class="dropdown"]/a[@class="dropdown-toggle"][count(. | //a[@href = '#']) = count(//a[@href = '#'])]' not found)
	at com.kms.katalon.core.keyword.internal.KeywordMain.stepFailed(KeywordMain.groovy:36)
	at com.kms.katalon.core.webui.keyword.internal.WebUIKeywordMain.stepFailed(WebUIKeywordMain.groovy:65)
	at com.kms.katalon.core.webui.keyword.internal.WebUIKeywordMain.runKeyword(WebUIKeywordMain.groovy:27)
	at com.kms.katalon.core.webui.keyword.builtin.ClickKeyword.click(ClickKeyword.groovy:86)
	at com.kms.katalon.core.webui.keyword.builtin.ClickKeyword.execute(ClickKeyword.groovy:67)
	at com.kms.katalon.core.keyword.internal.KeywordExecutor.executeKeywordForPlatform(KeywordExecutor.groovy:53)
	at com.kms.katalon.core.webui.keyword.WebUiBuiltInKeywords.click(WebUiBuiltInKeywords.groovy:616)
	at com.kms.katalon.core.webui.keyword.WebUiBuiltInKeywords$click$3.call(Unknown Source)
	at 6.2 Same Branch - EIO.run(6.2 Same Branch - EIO:83)
	at com.kms.katalon.core.main.ScriptEngine.run(ScriptEngine.java:194)
	at com.kms.katalon.core.main.ScriptEngine.runScriptAsRawText(ScriptEngine.java:119)
	at com.kms.katalon.core.main.TestCaseExecutor.runScript(TestCaseExecutor.java:328)
	at com.kms.katalon.core.main.TestCaseExecutor.doExecute(TestCaseExecutor.java:319)
	at com.kms.katalon.core.main.TestCaseExecutor.processExecutionPhase(TestCaseExecutor.java:298)
	at com.kms.katalon.core.main.TestCaseExecutor.accessMainPhase(TestCaseExecutor.java:290)
	at com.kms.katalon.core.main.TestCaseExecutor.execute(TestCaseExecutor.java:224)
	at com.kms.katalon.core.main.TestCaseMain.runTestCase(TestCaseMain.java:106)
	at com.kms.katalon.core.keyword.builtin.CallTestCaseKeyword$_callTestCase_closure1.doCall(CallTestCaseKeyword.groovy:59)
	at com.kms.katalon.core.keyword.builtin.CallTestCaseKeyword$_callTestCase_closure1.call(CallTestCaseKeyword.groovy)
	at com.kms.katalon.core.keyword.internal.KeywordMain.runKeyword(KeywordMain.groovy:54)
	at com.kms.katalon.core.keyword.builtin.CallTestCaseKeyword.callTestCase(CallTestCaseKeyword.groovy:80)
	at com.kms.katalon.core.keyword.builtin.CallTestCaseKeyword.execute(CallTestCaseKeyword.groovy:44)
	at com.kms.katalon.core.keyword.internal.KeywordExecutor.executeKeywordForPlatform(KeywordExecutor.groovy:53)
	at com.kms.katalon.core.keyword.BuiltinKeywords.callTestCase(BuiltinKeywords.groovy:334)
	at Same branch - EIO.run(Same branch - EIO:22)
	at com.kms.katalon.core.main.ScriptEngine.run(ScriptEngine.java:194)
	at com.kms.katalon.core.main.ScriptEngine.runScriptAsRawText(ScriptEngine.java:119)
	at com.kms.katalon.core.main.TestCaseExecutor.runScript(TestCaseExecutor.java:328)
	at com.kms.katalon.core.main.TestCaseExecutor.doExecute(TestCaseExecutor.java:319)
	at com.kms.katalon.core.main.TestCaseExecutor.processExecutionPhase(TestCaseExecutor.java:298)
	at com.kms.katalon.core.main.TestCaseExecutor.accessMainPhase(TestCaseExecutor.java:290)
	at com.kms.katalon.core.main.TestCaseExecutor.execute(TestCaseExecutor.java:224)
	at com.kms.katalon.core.main.TestSuiteExecutor.accessTestCaseMainPhase(TestSuiteExecutor.java:129)
	at com.kms.katalon.core.main.TestSuiteExecutor.accessTestSuiteMainPhase(TestSuiteExecutor.java:112)
	at com.kms.katalon.core.main.TestSuiteExecutor.execute(TestSuiteExecutor.java:81)
	at com.kms.katalon.core.main.TestCaseMain.startTestSuite(TestCaseMain.java:149)
	at com.kms.katalon.core.main.TestCaseMain$startTestSuite$0.call(Unknown Source)
	at TempTestSuite1550738418733.run(TempTestSuite1550738418733.groovy:36)


2019-02-21 17:46:57 - [TEST_STEP][PASSED] - callTestCase(findTestCase("All TC/Arranged/2. Segment/OTC_Submit Form 7_End to End - Cheque"), [:], STOP_ON_FAILURE): Call Test Case 'Test Cases/All TC/Arranged/2. Segment/OTC_Submit Form 7_End to End - Cheque' successfully

2019-02-21 17:46:57 - [TEST_CASE][PASSED] - Test Cases/All TC/Arranged/2. Segment/OTC_Submit Form 7_End to End - Cheque: Test Cases/All TC/Arranged/2. Segment/OTC_Submit Form 7_End to End - Cheque

2019-02-21 17:46:57 - [TEST_STEP][PASSED] - callTestCase(findTestCase("All TC/Arranged/3. Unit/EI/Form 7_default/OTC_Application_Reg"), [:], STOP_ON_FAILURE): Call Test Case 'Test Cases/All TC/Arranged/3. Unit/EI/Form 7_default/OTC_Application_Reg' successfully

2019-02-21 17:46:57 - [TEST_CASE][PASSED] - Test Cases/All TC/Arranged/3. Unit/EI/Form 7_default/OTC_Application_Reg: Test Cases/All TC/Arranged/3. Unit/EI/Form 7_default/OTC_Application_Reg

2019-02-21 17:46:57 - [TEST_STEP][PASSED] - openBrowser(""): Browser is opened with url: ''

2019-02-21 17:46:57 - [MESSAGE][WARNING] - A browser is already opened. Closing browser and opening a new one

2019-02-21 17:46:58 - [MESSAGE][INFO] - Starting 'Chrome' driver

2019-02-21 17:46:58 - [MESSAGE][INFO] - User set preference: ['args', '[--start-maximized]']

2019-02-21 17:47:00 - [MESSAGE][PASSED] - Browser is opened with url: ''

2019-02-21 17:47:00 - [TEST_STEP][PASSED] - navigateToUrl(Internal_Login): Navigate to 'http://10.20.24.188/eisportal/user/login' successfully

2019-02-21 17:47:01 - [MESSAGE][PASSED] - Navigate to 'http://10.20.24.188/eisportal/user/login' successfully

2019-02-21 17:47:01 - [TEST_STEP][PASSED] - delay(3): Delayed 3 second(s)

2019-02-21 17:47:04 - [MESSAGE][PASSED] - Delayed 3 second(s)

2019-02-21 17:47:04 - [TEST_STEP][PASSED] - setText(findTestObject("KeatMun/Form 7_default/OTC_Application_Reg/Page_PERKESO/1.username"), "faizal.hamid@perkeso.gov.my"): Text 'faizal.hamid@perkeso.gov.my' is set on object 'Object Repository/KeatMun/Form 7_default/OTC_Application_Reg/Page_PERKESO/1.username'

2019-02-21 17:47:04 - [MESSAGE][PASSED] - Text 'faizal.hamid@perkeso.gov.my' is set on object 'Object Repository/KeatMun/Form 7_default/OTC_Application_Reg/Page_PERKESO/1.username'

2019-02-21 17:47:04 - [TEST_STEP][PASSED] - delay(1): Delayed 1 second(s)

2019-02-21 17:47:05 - [MESSAGE][PASSED] - Delayed 1 second(s)

2019-02-21 17:47:05 - [TEST_STEP][PASSED] - setEncryptedText(findTestObject("KeatMun/Form 7_default/OTC_Application_Reg/Page_PERKESO/2.password"), "CQqwFZlbeC8="): Text ****** has been set on object 'Object Repository/KeatMun/Form 7_default/OTC_Application_Reg/Page_PERKESO/2.password'

2019-02-21 17:47:05 - [MESSAGE][PASSED] - Text ****** has been set on object 'Object Repository/KeatMun/Form 7_default/OTC_Application_Reg/Page_PERKESO/2.password'

2019-02-21 17:47:05 - [TEST_STEP][PASSED] - delay(2): Delayed 2 second(s)

2019-02-21 17:47:07 - [MESSAGE][PASSED] - Delayed 2 second(s)

2019-02-21 17:47:07 - [TEST_STEP][PASSED] - click(findTestObject("KeatMun/Form 7_default/OTC_Application_Reg/Page_PERKESO/3.login button")): Object: 'Object Repository/KeatMun/Form 7_default/OTC_Application_Reg/Page_PERKESO/3.login button' is clicked on

2019-02-21 17:47:08 - [MESSAGE][PASSED] - Object: 'Object Repository/KeatMun/Form 7_default/OTC_Application_Reg/Page_PERKESO/3.login button' is clicked on

2019-02-21 17:47:08 - [TEST_STEP][PASSED] - delay(2): Delayed 2 second(s)

2019-02-21 17:47:10 - [MESSAGE][PASSED] - Delayed 2 second(s)

2019-02-21 17:47:10 - [TEST_STEP][PASSED] - click(findTestObject("KeatMun/Form 7_default/OTC_Application_Reg/Page_PERKESO/4. Permohonan tab")): Object: 'Object Repository/KeatMun/Form 7_default/OTC_Application_Reg/Page_PERKESO/4. Permohonan tab' is clicked on

2019-02-21 17:47:11 - [MESSAGE][PASSED] - Object: 'Object Repository/KeatMun/Form 7_default/OTC_Application_Reg/Page_PERKESO/4. Permohonan tab' is clicked on

2019-02-21 17:47:11 - [TEST_STEP][PASSED] - delay(2): Delayed 2 second(s)

2019-02-21 17:47:13 - [MESSAGE][PASSED] - Delayed 2 second(s)

2019-02-21 17:47:13 - [TEST_STEP][PASSED] - click(findTestObject("KeatMun/Form 7_default/OTC_Application_Reg/Page_PERKESO/5.button_Setuju")): Object: 'Object Repository/KeatMun/Form 7_default/OTC_Application_Reg/Page_PERKESO/5.button_Setuju' is clicked on

2019-02-21 17:47:14 - [MESSAGE][PASSED] - Object: 'Object Repository/KeatMun/Form 7_default/OTC_Application_Reg/Page_PERKESO/5.button_Setuju' is clicked on

2019-02-21 17:47:14 - [TEST_STEP][PASSED] - delay(2): Delayed 2 second(s)

2019-02-21 17:47:16 - [MESSAGE][PASSED] - Delayed 2 second(s)

2019-02-21 17:47:16 - [TEST_STEP][PASSED] - callTestCase(findTestCase("All TC/Arranged/1. Common/IC List Checker"), [:], STOP_ON_FAILURE): Call Test Case 'Test Cases/All TC/Arranged/1. Common/IC List Checker' successfully

2019-02-21 17:47:16 - [TEST_CASE][PASSED] - Test Cases/All TC/Arranged/1. Common/IC List Checker: Test Cases/All TC/Arranged/1. Common/IC List Checker

2019-02-21 17:47:16 - [TEST_STEP][PASSED] - counter = 0: null

2019-02-21 17:47:16 - [TEST_STEP][PASSED] - fis = new java.io.FileInputStream((internal.GlobalVariable.TextFilePathCommon + \IC.xlsx)): null

2019-02-21 17:47:16 - [TEST_STEP][PASSED] - workbook = new org.apache.poi.xssf.usermodel.XSSFWorkbook(fis): null

2019-02-21 17:47:16 - [TEST_STEP][PASSED] - sheet = workbook.getSheet("Sheet1"): null

2019-02-21 17:47:16 - [TEST_STEP][PASSED] - totalRow = sheet.getLastRowNum(): null

2019-02-21 17:47:16 - [TEST_STEP][PASSED] - out.println(totalRow): null

2019-02-21 17:47:16 - [TEST_STEP][PASSED] - row = sheet.getRow(counter): null

2019-02-21 17:47:16 - [TEST_STEP][PASSED] - cell = row.getCell(counter): null

2019-02-21 17:47:16 - [TEST_STEP][PASSED] - a = cell.getStringCellValue(): null

2019-02-21 17:47:16 - [TEST_STEP][PASSED] - IC = a: null

2019-02-21 17:47:16 - [TEST_STEP][PASSED] - out.println(IC): null

2019-02-21 17:47:16 - [TEST_STEP][PASSED] - callTestCase(findTestCase("All TC/Arranged/1. Common/1.2 Setter/Setter IC"), [:], STOP_ON_FAILURE): Call Test Case 'Test Cases/All TC/Arranged/1. Common/1.2 Setter/Setter IC' successfully

2019-02-21 17:47:16 - [TEST_CASE][PASSED] - Test Cases/All TC/Arranged/1. Common/1.2 Setter/Setter IC: Test Cases/All TC/Arranged/1. Common/1.2 Setter/Setter IC

2019-02-21 17:47:16 - [TEST_STEP][PASSED] - RefNoOldFile = new java.io.File((internal.GlobalVariable.TextFilePathCommon + \getIC.txt)): null

2019-02-21 17:47:16 - [TEST_STEP][PASSED] - RefNoOldFile.delete(): null

2019-02-21 17:47:16 - [TEST_STEP][PASSED] - delay(5): Delayed 5 second(s)

2019-02-21 17:47:21 - [MESSAGE][PASSED] - Delayed 5 second(s)

2019-02-21 17:47:21 - [TEST_STEP][PASSED] - RefNo = new java.io.File((internal.GlobalVariable.TextFilePathCommon + \getIC.txt)): null

2019-02-21 17:47:21 - [TEST_STEP][PASSED] - f2 = new java.io.FileWriter(RefNo, false): null

2019-02-21 17:47:21 - [TEST_STEP][PASSED] - f2.write(IC): null

2019-02-21 17:47:21 - [TEST_STEP][PASSED] - f2.close(): null

2019-02-21 17:47:21 - [TEST_STEP][PASSED] - out.println("


" + IC + "


"): null

2019-02-21 17:47:21 - [MESSAGE][PASSED] - Call Test Case 'Test Cases/All TC/Arranged/1. Common/1.2 Setter/Setter IC' successfully

2019-02-21 17:47:21 - [MESSAGE][PASSED] - Call Test Case 'Test Cases/All TC/Arranged/1. Common/IC List Checker' successfully

2019-02-21 17:47:21 - [TEST_STEP][PASSED] - setText(findTestObject("KeatMun/Form 7_default/OTC_Application_Reg/Page_PERKESO/6.No. Kad Pengenalan"), IC): Text '770730035995' is set on object 'Object Repository/KeatMun/Form 7_default/OTC_Application_Reg/Page_PERKESO/6.No. Kad Pengenalan'

2019-02-21 17:47:21 - [MESSAGE][PASSED] - Text '770730035995' is set on object 'Object Repository/KeatMun/Form 7_default/OTC_Application_Reg/Page_PERKESO/6.No. Kad Pengenalan'

2019-02-21 17:47:21 - [TEST_STEP][PASSED] - delay(2): Delayed 2 second(s)

2019-02-21 17:47:23 - [MESSAGE][PASSED] - Delayed 2 second(s)

2019-02-21 17:47:23 - [TEST_STEP][PASSED] - click(findTestObject("KeatMun/Form 7_default/OTC_Application_Reg/Page_PERKESO/7.button_Semak")): Object: 'Object Repository/KeatMun/Form 7_default/OTC_Application_Reg/Page_PERKESO/7.button_Semak' is clicked on

2019-02-21 17:47:23 - [MESSAGE][PASSED] - Object: 'Object Repository/KeatMun/Form 7_default/OTC_Application_Reg/Page_PERKESO/7.button_Semak' is clicked on

2019-02-21 17:47:23 - [TEST_STEP][PASSED] - delay(4): Delayed 4 second(s)

2019-02-21 17:47:27 - [MESSAGE][PASSED] - Delayed 4 second(s)

2019-02-21 17:47:27 - [TEST_STEP][PASSED] - click(findTestObject("KeatMun/Form 7_default/OTC_Application_Reg/Page_PERKESO/8. Nama Majikan Dropdown")): Object: 'Object Repository/KeatMun/Form 7_default/OTC_Application_Reg/Page_PERKESO/8. Nama Majikan Dropdown' is clicked on

2019-02-21 17:47:28 - [MESSAGE][PASSED] - Object: 'Object Repository/KeatMun/Form 7_default/OTC_Application_Reg/Page_PERKESO/8. Nama Majikan Dropdown' is clicked on

2019-02-21 17:47:28 - [TEST_STEP][PASSED] - setText(findTestObject("KeatMun/Form 7_default/OTC_Application_Reg/Page_PERKESO/8. LOE emp"), "pet"): Text 'pet' is set on object 'Object Repository/KeatMun/Form 7_default/OTC_Application_Reg/Page_PERKESO/8. LOE emp'

2019-02-21 17:47:28 - [MESSAGE][PASSED] - Text 'pet' is set on object 'Object Repository/KeatMun/Form 7_default/OTC_Application_Reg/Page_PERKESO/8. LOE emp'

2019-02-21 17:47:28 - [TEST_STEP][PASSED] - click(findTestObject("KeatMun/Form 7_default/OTC_Application_Reg/Page_PERKESO/8. PETRONAS")): Object: 'Object Repository/KeatMun/Form 7_default/OTC_Application_Reg/Page_PERKESO/8. PETRONAS' is clicked on

2019-02-21 17:47:28 - [MESSAGE][PASSED] - Object: 'Object Repository/KeatMun/Form 7_default/OTC_Application_Reg/Page_PERKESO/8. PETRONAS' is clicked on

2019-02-21 17:47:28 - [TEST_STEP][PASSED] - delay(2): Delayed 2 second(s)

2019-02-21 17:47:30 - [MESSAGE][PASSED] - Delayed 2 second(s)

2019-02-21 17:47:30 - [TEST_STEP][PASSED] - TodayDate = new java.util.Date(): null

2019-02-21 17:47:30 - [TEST_STEP][PASSED] - CurrentDateNoFilter = new java.text.SimpleDateFormat(): null

2019-02-21 17:47:30 - [TEST_STEP][PASSED] - CurrentDateNoFilter.applyPattern("dd/MM/yyyy"): null

2019-02-21 17:47:30 - [TEST_STEP][PASSED] - CurrentDate = CurrentDateNoFilter.format(TodayDate): null

2019-02-21 17:47:30 - [TEST_STEP][PASSED] - out.println(CurrentDate): null

2019-02-21 17:47:30 - [TEST_STEP][PASSED] - date = CurrentDate: null

2019-02-21 17:47:30 - [TEST_STEP][PASSED] - setText(findTestObject("KeatMun/Form 7_default/OTC_Application_Reg/Page_PERKESO/9.Tarikh kehilangan pkj"), date): Text '21/02/2019' is set on object 'Object Repository/KeatMun/Form 7_default/OTC_Application_Reg/Page_PERKESO/9.Tarikh kehilangan pkj'

2019-02-21 17:47:30 - [MESSAGE][PASSED] - Text '21/02/2019' is set on object 'Object Repository/KeatMun/Form 7_default/OTC_Application_Reg/Page_PERKESO/9.Tarikh kehilangan pkj'

2019-02-21 17:47:30 - [TEST_STEP][PASSED] - delay(2): Delayed 2 second(s)

2019-02-21 17:47:32 - [MESSAGE][PASSED] - Delayed 2 second(s)

2019-02-21 17:47:32 - [TEST_STEP][PASSED] - click(findTestObject("KeatMun/Form 7_default/OTC_Application_Reg/Page_PERKESO/9. Date Picker Done Button ")): Object: 'Object Repository/KeatMun/Form 7_default/OTC_Application_Reg/Page_PERKESO/9. Date Picker Done Button ' is clicked on

2019-02-21 17:47:33 - [MESSAGE][PASSED] - Object: 'Object Repository/KeatMun/Form 7_default/OTC_Application_Reg/Page_PERKESO/9. Date Picker Done Button ' is clicked on

2019-02-21 17:47:33 - [TEST_STEP][PASSED] - delay(2): Delayed 2 second(s)

2019-02-21 17:47:35 - [MESSAGE][PASSED] - Delayed 2 second(s)

2019-02-21 17:47:35 - [TEST_STEP][PASSED] - click(findTestObject("KeatMun/Form 7_default/OTC_Application_Reg/Page_PERKESO/10.button_Mohon")): Object: 'Object Repository/KeatMun/Form 7_default/OTC_Application_Reg/Page_PERKESO/10.button_Mohon' is clicked on

2019-02-21 17:47:35 - [MESSAGE][PASSED] - Object: 'Object Repository/KeatMun/Form 7_default/OTC_Application_Reg/Page_PERKESO/10.button_Mohon' is clicked on

2019-02-21 17:47:35 - [TEST_STEP][PASSED] - delay(2): Delayed 2 second(s)

2019-02-21 17:47:37 - [MESSAGE][PASSED] - Delayed 2 second(s)

2019-02-21 17:47:37 - [TEST_STEP][PASSED] - setText(findTestObject("KeatMun/Form 7_default/OTC_Application_Reg/Page_PERKESO/11.Tarikh Terima_stampedDtS"), "10/01/2019"): Text '10/01/2019' is set on object 'Object Repository/KeatMun/Form 7_default/OTC_Application_Reg/Page_PERKESO/11.Tarikh Terima_stampedDtS'

2019-02-21 17:47:37 - [MESSAGE][PASSED] - Text '10/01/2019' is set on object 'Object Repository/KeatMun/Form 7_default/OTC_Application_Reg/Page_PERKESO/11.Tarikh Terima_stampedDtS'

2019-02-21 17:47:37 - [TEST_STEP][PASSED] - delay(2): Delayed 2 second(s)

2019-02-21 17:47:39 - [MESSAGE][PASSED] - Delayed 2 second(s)

2019-02-21 17:47:39 - [TEST_STEP][PASSED] - click(findTestObject("KeatMun/Form 7_default/OTC_Application_Reg/Page_PERKESO/11. Date Picker Done Button")): Object: 'Object Repository/KeatMun/Form 7_default/OTC_Application_Reg/Page_PERKESO/11. Date Picker Done Button' is clicked on

2019-02-21 17:47:39 - [MESSAGE][PASSED] - Object: 'Object Repository/KeatMun/Form 7_default/OTC_Application_Reg/Page_PERKESO/11. Date Picker Done Button' is clicked on

2019-02-21 17:47:39 - [TEST_STEP][PASSED] - delay(2): Delayed 2 second(s)

2019-02-21 17:47:41 - [MESSAGE][PASSED] - Delayed 2 second(s)

2019-02-21 17:47:41 - [TEST_STEP][PASSED] - click(findTestObject("KeatMun/Form 7_default/OTC_Application_Reg/Page_PERKESO/11.button_TERUSKAN")): Object: 'Object Repository/KeatMun/Form 7_default/OTC_Application_Reg/Page_PERKESO/11.button_TERUSKAN' is clicked on

2019-02-21 17:47:41 - [MESSAGE][PASSED] - Object: 'Object Repository/KeatMun/Form 7_default/OTC_Application_Reg/Page_PERKESO/11.button_TERUSKAN' is clicked on

2019-02-21 17:47:41 - [TEST_STEP][PASSED] - delay(2): Delayed 2 second(s)

2019-02-21 17:47:43 - [MESSAGE][PASSED] - Delayed 2 second(s)

2019-02-21 17:47:43 - [TEST_STEP][PASSED] - selectOptionByValue(findTestObject("KeatMun/Form 7_default/OTC_Application_Reg/Page_PERKESO/12.--Sila Pilih--PejabatPKS"), "22", true): All options with value '22' are selected in object 'Object Repository/KeatMun/Form 7_default/OTC_Application_Reg/Page_PERKESO/12.--Sila Pilih--PejabatPKS'  using regular expression

2019-02-21 17:47:44 - [MESSAGE][PASSED] - All options with value '22' are selected in object 'Object Repository/KeatMun/Form 7_default/OTC_Application_Reg/Page_PERKESO/12.--Sila Pilih--PejabatPKS'  using regular expression

2019-02-21 17:47:44 - [TEST_STEP][PASSED] - delay(2): Delayed 2 second(s)

2019-02-21 17:47:46 - [MESSAGE][PASSED] - Delayed 2 second(s)

2019-02-21 17:47:46 - [TEST_STEP][PASSED] - click(findTestObject("KeatMun/Form 7_default/OTC_Application_Reg/Page_PERKESO/13. Halaman Seterusnya")): Object: 'Object Repository/KeatMun/Form 7_default/OTC_Application_Reg/Page_PERKESO/13. Halaman Seterusnya' is clicked on

2019-02-21 17:47:47 - [MESSAGE][PASSED] - Object: 'Object Repository/KeatMun/Form 7_default/OTC_Application_Reg/Page_PERKESO/13. Halaman Seterusnya' is clicked on

2019-02-21 17:47:47 - [MESSAGE][PASSED] - Call Test Case 'Test Cases/All TC/Arranged/3. Unit/EI/Form 7_default/OTC_Application_Reg' successfully

2019-02-21 17:47:47 - [TEST_STEP][PASSED] - callTestCase(findTestCase("All TC/Arranged/3. Unit/EI/Form 7_default/OTC_Submit Form 7_Section A"), [:], STOP_ON_FAILURE): Call Test Case 'Test Cases/All TC/Arranged/3. Unit/EI/Form 7_default/OTC_Submit Form 7_Section A' successfully

2019-02-21 17:47:47 - [TEST_CASE][PASSED] - Test Cases/All TC/Arranged/3. Unit/EI/Form 7_default/OTC_Submit Form 7_Section A: Test Cases/All TC/Arranged/3. Unit/EI/Form 7_default/OTC_Submit Form 7_Section A

2019-02-21 17:47:47 - [TEST_STEP][PASSED] - delay(2): Delayed 2 second(s)

2019-02-21 17:47:49 - [MESSAGE][PASSED] - Delayed 2 second(s)

2019-02-21 17:47:49 - [TEST_STEP][PASSED] - setText(findTestObject("KeatMun/Form 7_default/OTC_Submit Form 7_Section A/Page_PERKESO/A4. EmployeeDob"), "10/01/2019"): Text '10/01/2019' is set on object 'Object Repository/KeatMun/Form 7_default/OTC_Submit Form 7_Section A/Page_PERKESO/A4. EmployeeDob'

2019-02-21 17:47:49 - [MESSAGE][PASSED] - Text '10/01/2019' is set on object 'Object Repository/KeatMun/Form 7_default/OTC_Submit Form 7_Section A/Page_PERKESO/A4. EmployeeDob'

2019-02-21 17:47:49 - [TEST_STEP][PASSED] - delay(2): Delayed 2 second(s)

2019-02-21 17:47:51 - [MESSAGE][PASSED] - Delayed 2 second(s)

2019-02-21 17:47:51 - [TEST_STEP][PASSED] - click(findTestObject("KeatMun/Form 7_default/OTC_Submit Form 7_Section A/Page_PERKESO/A5. Bangsa")): Object: 'Object Repository/KeatMun/Form 7_default/OTC_Submit Form 7_Section A/Page_PERKESO/A5. Bangsa' is clicked on

2019-02-21 17:47:51 - [MESSAGE][PASSED] - Object: 'Object Repository/KeatMun/Form 7_default/OTC_Submit Form 7_Section A/Page_PERKESO/A5. Bangsa' is clicked on

2019-02-21 17:47:51 - [TEST_STEP][PASSED] - click(findTestObject("KeatMun/Form 7_default/OTC_Submit Form 7_Section A/Page_PERKESO/A5. Bumiputera Sabah")): Object: 'Object Repository/KeatMun/Form 7_default/OTC_Submit Form 7_Section A/Page_PERKESO/A5. Bumiputera Sabah' is clicked on

2019-02-21 17:47:51 - [MESSAGE][PASSED] - Object: 'Object Repository/KeatMun/Form 7_default/OTC_Submit Form 7_Section A/Page_PERKESO/A5. Bumiputera Sabah' is clicked on

2019-02-21 17:47:51 - [TEST_STEP][PASSED] - delay(2): Delayed 2 second(s)

2019-02-21 17:47:53 - [MESSAGE][PASSED] - Delayed 2 second(s)

2019-02-21 17:47:53 - [TEST_STEP][PASSED] - click(findTestObject("KeatMun/Form 7_default/OTC_Submit Form 7_Section A/Page_PERKESO/A6. Jantina")): Object: 'Object Repository/KeatMun/Form 7_default/OTC_Submit Form 7_Section A/Page_PERKESO/A6. Jantina' is clicked on

2019-02-21 17:47:53 - [MESSAGE][PASSED] - Object: 'Object Repository/KeatMun/Form 7_default/OTC_Submit Form 7_Section A/Page_PERKESO/A6. Jantina' is clicked on

2019-02-21 17:47:53 - [TEST_STEP][PASSED] - click(findTestObject("KeatMun/Form 7_default/OTC_Submit Form 7_Section A/Page_PERKESO/A6. Lelaki")): Object: 'Object Repository/KeatMun/Form 7_default/OTC_Submit Form 7_Section A/Page_PERKESO/A6. Lelaki' is clicked on

2019-02-21 17:47:54 - [MESSAGE][PASSED] - Object: 'Object Repository/KeatMun/Form 7_default/OTC_Submit Form 7_Section A/Page_PERKESO/A6. Lelaki' is clicked on

2019-02-21 17:47:54 - [TEST_STEP][PASSED] - delay(2): Delayed 2 second(s)

2019-02-21 17:47:56 - [MESSAGE][PASSED] - Delayed 2 second(s)

2019-02-21 17:47:56 - [TEST_STEP][PASSED] - click(findTestObject("KeatMun/Form 7_default/OTC_Submit Form 7_Section A/Page_PERKESO/A7. Kewarganegaraan")): Object: 'Object Repository/KeatMun/Form 7_default/OTC_Submit Form 7_Section A/Page_PERKESO/A7. Kewarganegaraan' is clicked on

2019-02-21 17:47:56 - [MESSAGE][PASSED] - Object: 'Object Repository/KeatMun/Form 7_default/OTC_Submit Form 7_Section A/Page_PERKESO/A7. Kewarganegaraan' is clicked on

2019-02-21 17:47:56 - [TEST_STEP][PASSED] - click(findTestObject("KeatMun/Form 7_default/OTC_Submit Form 7_Section A/Page_PERKESO/A7. Malaysia")): Object: 'Object Repository/KeatMun/Form 7_default/OTC_Submit Form 7_Section A/Page_PERKESO/A7. Malaysia' is clicked on

2019-02-21 17:47:56 - [MESSAGE][PASSED] - Object: 'Object Repository/KeatMun/Form 7_default/OTC_Submit Form 7_Section A/Page_PERKESO/A7. Malaysia' is clicked on

2019-02-21 17:47:56 - [TEST_STEP][PASSED] - delay(2): Delayed 2 second(s)

2019-02-21 17:47:58 - [MESSAGE][PASSED] - Delayed 2 second(s)

2019-02-21 17:47:58 - [TEST_STEP][PASSED] - click(findTestObject("KeatMun/Form 7_default/OTC_Submit Form 7_Section A/Page_PERKESO/A8. Status Perkahwinan")): Object: 'Object Repository/KeatMun/Form 7_default/OTC_Submit Form 7_Section A/Page_PERKESO/A8. Status Perkahwinan' is clicked on

2019-02-21 17:47:58 - [MESSAGE][PASSED] - Object: 'Object Repository/KeatMun/Form 7_default/OTC_Submit Form 7_Section A/Page_PERKESO/A8. Status Perkahwinan' is clicked on

2019-02-21 17:47:58 - [TEST_STEP][PASSED] - click(findTestObject("KeatMun/Form 7_default/OTC_Submit Form 7_Section A/Page_PERKESO/A8. Bujang")): Object: 'Object Repository/KeatMun/Form 7_default/OTC_Submit Form 7_Section A/Page_PERKESO/A8. Bujang' is clicked on

2019-02-21 17:47:58 - [MESSAGE][PASSED] - Object: 'Object Repository/KeatMun/Form 7_default/OTC_Submit Form 7_Section A/Page_PERKESO/A8. Bujang' is clicked on

2019-02-21 17:47:58 - [TEST_STEP][PASSED] - delay(2): Delayed 2 second(s)

2019-02-21 17:48:00 - [MESSAGE][PASSED] - Delayed 2 second(s)

2019-02-21 17:48:00 - [TEST_STEP][PASSED] - setText(findTestObject("KeatMun/Form 7_default/OTC_Submit Form 7_Section A/Page_PERKESO/A9. Address1"), "qwertyuiop"): Text 'qwertyuiop' is set on object 'Object Repository/KeatMun/Form 7_default/OTC_Submit Form 7_Section A/Page_PERKESO/A9. Address1'

2019-02-21 17:48:00 - [MESSAGE][PASSED] - Text 'qwertyuiop' is set on object 'Object Repository/KeatMun/Form 7_default/OTC_Submit Form 7_Section A/Page_PERKESO/A9. Address1'

2019-02-21 17:48:00 - [TEST_STEP][PASSED] - delay(2): Delayed 2 second(s)

2019-02-21 17:48:02 - [MESSAGE][PASSED] - Delayed 2 second(s)

2019-02-21 17:48:02 - [TEST_STEP][PASSED] - click(findTestObject("KeatMun/Form 7_default/OTC_Submit Form 7_Section A/Page_PERKESO/A10. Negeri")): Object: 'Object Repository/KeatMun/Form 7_default/OTC_Submit Form 7_Section A/Page_PERKESO/A10. Negeri' is clicked on

2019-02-21 17:48:03 - [MESSAGE][PASSED] - Object: 'Object Repository/KeatMun/Form 7_default/OTC_Submit Form 7_Section A/Page_PERKESO/A10. Negeri' is clicked on

2019-02-21 17:48:03 - [TEST_STEP][PASSED] - click(findTestObject("KeatMun/Form 7_default/OTC_Submit Form 7_Section A/Page_PERKESO/A10. JOHOR")): Object: 'Object Repository/KeatMun/Form 7_default/OTC_Submit Form 7_Section A/Page_PERKESO/A10. JOHOR' is clicked on

2019-02-21 17:48:03 - [MESSAGE][PASSED] - Object: 'Object Repository/KeatMun/Form 7_default/OTC_Submit Form 7_Section A/Page_PERKESO/A10. JOHOR' is clicked on

2019-02-21 17:48:03 - [TEST_STEP][PASSED] - delay(2): Delayed 2 second(s)

2019-02-21 17:48:05 - [MESSAGE][PASSED] - Delayed 2 second(s)

2019-02-21 17:48:05 - [TEST_STEP][PASSED] - click(findTestObject("KeatMun/Form 7_default/OTC_Submit Form 7_Section A/Page_PERKESO/A11. --Sila Pilih--")): Object: 'Object Repository/KeatMun/Form 7_default/OTC_Submit Form 7_Section A/Page_PERKESO/A11. --Sila Pilih--' is clicked on

2019-02-21 17:48:05 - [MESSAGE][PASSED] - Object: 'Object Repository/KeatMun/Form 7_default/OTC_Submit Form 7_Section A/Page_PERKESO/A11. --Sila Pilih--' is clicked on

2019-02-21 17:48:05 - [TEST_STEP][PASSED] - setText(findTestObject("KeatMun/Form 7_default/OTC_Submit Form 7_Section A/Page_PERKESO/A11. Done_select2-search__fie (1)"), "jo"): Text 'jo' is set on object 'Object Repository/KeatMun/Form 7_default/OTC_Submit Form 7_Section A/Page_PERKESO/A11. Done_select2-search__fie (1)'

2019-02-21 17:48:05 - [MESSAGE][PASSED] - Text 'jo' is set on object 'Object Repository/KeatMun/Form 7_default/OTC_Submit Form 7_Section A/Page_PERKESO/A11. Done_select2-search__fie (1)'

2019-02-21 17:48:05 - [TEST_STEP][PASSED] - setText(findTestObject("KeatMun/Form 7_default/OTC_Submit Form 7_Section A/Page_PERKESO/A11. concat(id(  select2-city"), "jo"): Text 'jo' is set on object 'Object Repository/KeatMun/Form 7_default/OTC_Submit Form 7_Section A/Page_PERKESO/A11. concat(id(  select2-city'

2019-02-21 17:48:05 - [MESSAGE][PASSED] - Text 'jo' is set on object 'Object Repository/KeatMun/Form 7_default/OTC_Submit Form 7_Section A/Page_PERKESO/A11. concat(id(  select2-city'

2019-02-21 17:48:05 - [TEST_STEP][PASSED] - click(findTestObject("KeatMun/Form 7_default/OTC_Submit Form 7_Section A/Page_PERKESO/A11. JOHOR BAHRU")): Object: 'Object Repository/KeatMun/Form 7_default/OTC_Submit Form 7_Section A/Page_PERKESO/A11. JOHOR BAHRU' is clicked on

2019-02-21 17:48:06 - [MESSAGE][PASSED] - Object: 'Object Repository/KeatMun/Form 7_default/OTC_Submit Form 7_Section A/Page_PERKESO/A11. JOHOR BAHRU' is clicked on

2019-02-21 17:48:06 - [TEST_STEP][PASSED] - delay(2): Delayed 2 second(s)

2019-02-21 17:48:08 - [MESSAGE][PASSED] - Delayed 2 second(s)

2019-02-21 17:48:08 - [TEST_STEP][PASSED] - click(findTestObject("KeatMun/Form 7_default/OTC_Submit Form 7_Section A/Page_PERKESO/A12. --Sila Isikan--")): Object: 'Object Repository/KeatMun/Form 7_default/OTC_Submit Form 7_Section A/Page_PERKESO/A12. --Sila Isikan--' is clicked on

2019-02-21 17:48:08 - [MESSAGE][PASSED] - Object: 'Object Repository/KeatMun/Form 7_default/OTC_Submit Form 7_Section A/Page_PERKESO/A12. --Sila Isikan--' is clicked on

2019-02-21 17:48:08 - [TEST_STEP][PASSED] - setText(findTestObject("KeatMun/Form 7_default/OTC_Submit Form 7_Section A/Page_PERKESO/A11. Done_select2-search__fie"), "84"): Text '84' is set on object 'Object Repository/KeatMun/Form 7_default/OTC_Submit Form 7_Section A/Page_PERKESO/A11. Done_select2-search__fie'

2019-02-21 17:48:08 - [MESSAGE][PASSED] - Text '84' is set on object 'Object Repository/KeatMun/Form 7_default/OTC_Submit Form 7_Section A/Page_PERKESO/A11. Done_select2-search__fie'

2019-02-21 17:48:08 - [TEST_STEP][PASSED] - click(findTestObject("KeatMun/Form 7_default/OTC_Submit Form 7_Section A/Page_PERKESO/A12. 84000")): Object: 'Object Repository/KeatMun/Form 7_default/OTC_Submit Form 7_Section A/Page_PERKESO/A12. 84000' is clicked on

2019-02-21 17:48:08 - [MESSAGE][PASSED] - Object: 'Object Repository/KeatMun/Form 7_default/OTC_Submit Form 7_Section A/Page_PERKESO/A12. 84000' is clicked on

2019-02-21 17:48:08 - [TEST_STEP][PASSED] - delay(2): Delayed 2 second(s)

2019-02-21 17:48:10 - [MESSAGE][PASSED] - Delayed 2 second(s)

2019-02-21 17:48:10 - [TEST_STEP][PASSED] - setText(findTestObject("KeatMun/Form 7_default/OTC_Submit Form 7_Section A/Page_PERKESO/A13. mobileContact1"), "1234567890"): Text '1234567890' is set on object 'Object Repository/KeatMun/Form 7_default/OTC_Submit Form 7_Section A/Page_PERKESO/A13. mobileContact1'

2019-02-21 17:48:10 - [MESSAGE][PASSED] - Text '1234567890' is set on object 'Object Repository/KeatMun/Form 7_default/OTC_Submit Form 7_Section A/Page_PERKESO/A13. mobileContact1'

2019-02-21 17:48:10 - [TEST_STEP][PASSED] - delay(2): Delayed 2 second(s)

2019-02-21 17:48:12 - [MESSAGE][PASSED] - Delayed 2 second(s)

2019-02-21 17:48:12 - [TEST_STEP][PASSED] - click(findTestObject("KeatMun/Form 7_default/OTC_Submit Form 7_Section A/Page_PERKESO/A14. Halaman Seterusnya")): Object: 'Object Repository/KeatMun/Form 7_default/OTC_Submit Form 7_Section A/Page_PERKESO/A14. Halaman Seterusnya' is clicked on

2019-02-21 17:48:13 - [MESSAGE][PASSED] - Object: 'Object Repository/KeatMun/Form 7_default/OTC_Submit Form 7_Section A/Page_PERKESO/A14. Halaman Seterusnya' is clicked on

2019-02-21 17:48:13 - [TEST_STEP][PASSED] - delay(2): Delayed 2 second(s)

2019-02-21 17:48:15 - [MESSAGE][PASSED] - Delayed 2 second(s)

2019-02-21 17:48:15 - [MESSAGE][PASSED] - Call Test Case 'Test Cases/All TC/Arranged/3. Unit/EI/Form 7_default/OTC_Submit Form 7_Section A' successfully

2019-02-21 17:48:15 - [TEST_STEP][PASSED] - callTestCase(findTestCase("All TC/Arranged/3. Unit/EI/Form 7_default/OTC_Submit Form 7_Section B"), [:], STOP_ON_FAILURE): Call Test Case 'Test Cases/All TC/Arranged/3. Unit/EI/Form 7_default/OTC_Submit Form 7_Section B' successfully

2019-02-21 17:48:15 - [TEST_CASE][PASSED] - Test Cases/All TC/Arranged/3. Unit/EI/Form 7_default/OTC_Submit Form 7_Section B: Test Cases/All TC/Arranged/3. Unit/EI/Form 7_default/OTC_Submit Form 7_Section B

2019-02-21 17:48:15 - [TEST_STEP][PASSED] - delay(3): Delayed 3 second(s)

2019-02-21 17:48:18 - [MESSAGE][PASSED] - Delayed 3 second(s)

2019-02-21 17:48:18 - [TEST_STEP][PASSED] - click(findTestObject("KeatMun/Form 7_default/OTC_Submit Form 7_Section B/Page_PERKESO/B1. Jawatan")): Object: 'Object Repository/KeatMun/Form 7_default/OTC_Submit Form 7_Section B/Page_PERKESO/B1. Jawatan' is clicked on

2019-02-21 17:48:18 - [MESSAGE][PASSED] - Object: 'Object Repository/KeatMun/Form 7_default/OTC_Submit Form 7_Section B/Page_PERKESO/B1. Jawatan' is clicked on

2019-02-21 17:48:18 - [TEST_STEP][PASSED] - setText(findTestObject("KeatMun/Form 7_default/OTC_Submit Form 7_Section B/Page_PERKESO/B1. concat(id(  select2-posi"), "re"): Text 're' is set on object 'Object Repository/KeatMun/Form 7_default/OTC_Submit Form 7_Section B/Page_PERKESO/B1. concat(id(  select2-posi'

2019-02-21 17:48:18 - [MESSAGE][PASSED] - Text 're' is set on object 'Object Repository/KeatMun/Form 7_default/OTC_Submit Form 7_Section B/Page_PERKESO/B1. concat(id(  select2-posi'

2019-02-21 17:48:18 - [TEST_STEP][PASSED] - setText(findTestObject("KeatMun/Form 7_default/OTC_Submit Form 7_Section B/Page_PERKESO/B1. Done_select2-search__fie"), "re"): Text 're' is set on object 'Object Repository/KeatMun/Form 7_default/OTC_Submit Form 7_Section B/Page_PERKESO/B1. Done_select2-search__fie'

2019-02-21 17:48:18 - [MESSAGE][PASSED] - Text 're' is set on object 'Object Repository/KeatMun/Form 7_default/OTC_Submit Form 7_Section B/Page_PERKESO/B1. Done_select2-search__fie'

2019-02-21 17:48:18 - [TEST_STEP][PASSED] - click(findTestObject("KeatMun/Form 7_default/OTC_Submit Form 7_Section B/Page_PERKESO/B1. Arkitek Reka Bentuk")): Object: 'Object Repository/KeatMun/Form 7_default/OTC_Submit Form 7_Section B/Page_PERKESO/B1. Arkitek Reka Bentuk' is clicked on

2019-02-21 17:48:18 - [MESSAGE][PASSED] - Object: 'Object Repository/KeatMun/Form 7_default/OTC_Submit Form 7_Section B/Page_PERKESO/B1. Arkitek Reka Bentuk' is clicked on

2019-02-21 17:48:18 - [TEST_STEP][PASSED] - delay(2): Delayed 2 second(s)

2019-02-21 17:48:20 - [MESSAGE][PASSED] - Delayed 2 second(s)

2019-02-21 17:48:20 - [TEST_STEP][PASSED] - setText(findTestObject("KeatMun/Form 7_default/OTC_Submit Form 7_Section B/Page_PERKESO/B2. lastEmploymentStartDtSt"), "10/01/2019"): Text '10/01/2019' is set on object 'Object Repository/KeatMun/Form 7_default/OTC_Submit Form 7_Section B/Page_PERKESO/B2. lastEmploymentStartDtSt'

2019-02-21 17:48:21 - [MESSAGE][PASSED] - Text '10/01/2019' is set on object 'Object Repository/KeatMun/Form 7_default/OTC_Submit Form 7_Section B/Page_PERKESO/B2. lastEmploymentStartDtSt'

2019-02-21 17:48:21 - [TEST_STEP][PASSED] - delay(2): Delayed 2 second(s)

2019-02-21 17:48:23 - [MESSAGE][PASSED] - Delayed 2 second(s)

2019-02-21 17:48:23 - [TEST_STEP][PASSED] - click(findTestObject("KeatMun/Form 7_default/OTC_Submit Form 7_Section B/Page_PERKESO/B4. Status Perkejaan")): Object: 'Object Repository/KeatMun/Form 7_default/OTC_Submit Form 7_Section B/Page_PERKESO/B4. Status Perkejaan' is clicked on

2019-02-21 17:48:23 - [MESSAGE][PASSED] - Object: 'Object Repository/KeatMun/Form 7_default/OTC_Submit Form 7_Section B/Page_PERKESO/B4. Status Perkejaan' is clicked on

2019-02-21 17:48:23 - [TEST_STEP][PASSED] - click(findTestObject("KeatMun/Form 7_default/OTC_Submit Form 7_Section B/Page_PERKESO/B4. Tetap")): Object: 'Object Repository/KeatMun/Form 7_default/OTC_Submit Form 7_Section B/Page_PERKESO/B4. Tetap' is clicked on

2019-02-21 17:48:23 - [MESSAGE][PASSED] - Object: 'Object Repository/KeatMun/Form 7_default/OTC_Submit Form 7_Section B/Page_PERKESO/B4. Tetap' is clicked on

2019-02-21 17:48:23 - [TEST_STEP][PASSED] - delay(2): Delayed 2 second(s)

2019-02-21 17:48:25 - [MESSAGE][PASSED] - Delayed 2 second(s)

2019-02-21 17:48:25 - [TEST_STEP][PASSED] - setText(findTestObject("KeatMun/Form 7_default/OTC_Submit Form 7_Section B/Page_PERKESO/B5. Gaji (RM)_salary1"), "4000"): Text '4000' is set on object 'Object Repository/KeatMun/Form 7_default/OTC_Submit Form 7_Section B/Page_PERKESO/B5. Gaji (RM)_salary1'

2019-02-21 17:48:25 - [MESSAGE][PASSED] - Text '4000' is set on object 'Object Repository/KeatMun/Form 7_default/OTC_Submit Form 7_Section B/Page_PERKESO/B5. Gaji (RM)_salary1'

2019-02-21 17:48:25 - [TEST_STEP][PASSED] - delay(2): Delayed 2 second(s)

2019-02-21 17:48:27 - [MESSAGE][PASSED] - Delayed 2 second(s)

2019-02-21 17:48:27 - [TEST_STEP][PASSED] - setText(findTestObject("KeatMun/Form 7_default/OTC_Submit Form 7_Section B/Page_PERKESO/B5. Gaji (RM)_salary2"), "4000"): Text '4000' is set on object 'Object Repository/KeatMun/Form 7_default/OTC_Submit Form 7_Section B/Page_PERKESO/B5. Gaji (RM)_salary2'

2019-02-21 17:48:27 - [MESSAGE][PASSED] - Text '4000' is set on object 'Object Repository/KeatMun/Form 7_default/OTC_Submit Form 7_Section B/Page_PERKESO/B5. Gaji (RM)_salary2'

2019-02-21 17:48:27 - [TEST_STEP][PASSED] - delay(2): Delayed 2 second(s)

2019-02-21 17:48:29 - [MESSAGE][PASSED] - Delayed 2 second(s)

2019-02-21 17:48:29 - [TEST_STEP][PASSED] - setText(findTestObject("KeatMun/Form 7_default/OTC_Submit Form 7_Section B/Page_PERKESO/B5. Gaji (RM)_salary3"), "4000"): Text '4000' is set on object 'Object Repository/KeatMun/Form 7_default/OTC_Submit Form 7_Section B/Page_PERKESO/B5. Gaji (RM)_salary3'

2019-02-21 17:48:30 - [MESSAGE][PASSED] - Text '4000' is set on object 'Object Repository/KeatMun/Form 7_default/OTC_Submit Form 7_Section B/Page_PERKESO/B5. Gaji (RM)_salary3'

2019-02-21 17:48:30 - [TEST_STEP][PASSED] - delay(2): Delayed 2 second(s)

2019-02-21 17:48:32 - [MESSAGE][PASSED] - Delayed 2 second(s)

2019-02-21 17:48:32 - [TEST_STEP][PASSED] - setText(findTestObject("KeatMun/Form 7_default/OTC_Submit Form 7_Section B/Page_PERKESO/B5. Gaji (RM)_salary4"), "4000"): Text '4000' is set on object 'Object Repository/KeatMun/Form 7_default/OTC_Submit Form 7_Section B/Page_PERKESO/B5. Gaji (RM)_salary4'

2019-02-21 17:48:32 - [MESSAGE][PASSED] - Text '4000' is set on object 'Object Repository/KeatMun/Form 7_default/OTC_Submit Form 7_Section B/Page_PERKESO/B5. Gaji (RM)_salary4'

2019-02-21 17:48:32 - [TEST_STEP][PASSED] - delay(2): Delayed 2 second(s)

2019-02-21 17:48:34 - [MESSAGE][PASSED] - Delayed 2 second(s)

2019-02-21 17:48:34 - [TEST_STEP][PASSED] - setText(findTestObject("KeatMun/Form 7_default/OTC_Submit Form 7_Section B/Page_PERKESO/B5. Gaji (RM)_salary5"), "4000"): Text '4000' is set on object 'Object Repository/KeatMun/Form 7_default/OTC_Submit Form 7_Section B/Page_PERKESO/B5. Gaji (RM)_salary5'

2019-02-21 17:48:34 - [MESSAGE][PASSED] - Text '4000' is set on object 'Object Repository/KeatMun/Form 7_default/OTC_Submit Form 7_Section B/Page_PERKESO/B5. Gaji (RM)_salary5'

2019-02-21 17:48:34 - [TEST_STEP][PASSED] - delay(2): Delayed 2 second(s)

2019-02-21 17:48:36 - [MESSAGE][PASSED] - Delayed 2 second(s)

2019-02-21 17:48:36 - [TEST_STEP][PASSED] - setText(findTestObject("KeatMun/Form 7_default/OTC_Submit Form 7_Section B/Page_PERKESO/B5. Gaji (RM)_salary6"), "4000"): Text '4000' is set on object 'Object Repository/KeatMun/Form 7_default/OTC_Submit Form 7_Section B/Page_PERKESO/B5. Gaji (RM)_salary6'

2019-02-21 17:48:36 - [MESSAGE][PASSED] - Text '4000' is set on object 'Object Repository/KeatMun/Form 7_default/OTC_Submit Form 7_Section B/Page_PERKESO/B5. Gaji (RM)_salary6'

2019-02-21 17:48:36 - [TEST_STEP][PASSED] - delay(2): Delayed 2 second(s)

2019-02-21 17:48:38 - [MESSAGE][PASSED] - Delayed 2 second(s)

2019-02-21 17:48:38 - [TEST_STEP][PASSED] - click(findTestObject("KeatMun/Form 7_default/OTC_Submit Form 7_Section B/Page_PERKESO/B6. Reason JobLost")): Object: 'Object Repository/KeatMun/Form 7_default/OTC_Submit Form 7_Section B/Page_PERKESO/B6. Reason JobLost' is clicked on

2019-02-21 17:48:38 - [MESSAGE][PASSED] - Object: 'Object Repository/KeatMun/Form 7_default/OTC_Submit Form 7_Section B/Page_PERKESO/B6. Reason JobLost' is clicked on

2019-02-21 17:48:38 - [TEST_STEP][PASSED] - click(findTestObject("KeatMun/Form 7_default/OTC_Submit Form 7_Section B/Page_PERKESO/B6. Bencana alam (cth banjir ke")): Object: 'Object Repository/KeatMun/Form 7_default/OTC_Submit Form 7_Section B/Page_PERKESO/B6. Bencana alam (cth banjir ke' is clicked on

2019-02-21 17:48:39 - [MESSAGE][PASSED] - Object: 'Object Repository/KeatMun/Form 7_default/OTC_Submit Form 7_Section B/Page_PERKESO/B6. Bencana alam (cth banjir ke' is clicked on

2019-02-21 17:48:39 - [TEST_STEP][PASSED] - delay(3): Delayed 3 second(s)

2019-02-21 17:48:42 - [MESSAGE][PASSED] - Delayed 3 second(s)

2019-02-21 17:48:42 - [TEST_STEP][PASSED] - setText(findTestObject("KeatMun/Form 7_default/OTC_Submit Form 7_Section B/Page_PERKESO/B7. AverageWorkingHour"), "8"): Text '8' is set on object 'Object Repository/KeatMun/Form 7_default/OTC_Submit Form 7_Section B/Page_PERKESO/B7. AverageWorkingHour'

2019-02-21 17:48:42 - [MESSAGE][PASSED] - Text '8' is set on object 'Object Repository/KeatMun/Form 7_default/OTC_Submit Form 7_Section B/Page_PERKESO/B7. AverageWorkingHour'

2019-02-21 17:48:42 - [TEST_STEP][PASSED] - delay(2): Delayed 2 second(s)

2019-02-21 17:48:44 - [MESSAGE][PASSED] - Delayed 2 second(s)

2019-02-21 17:48:44 - [TEST_STEP][PASSED] - click(findTestObject("KeatMun/Form 7_default/OTC_Submit Form 7_Section B/Page_PERKESO/B8. Tidak_compensationInd")): Object: 'Object Repository/KeatMun/Form 7_default/OTC_Submit Form 7_Section B/Page_PERKESO/B8. Tidak_compensationInd' is clicked on

2019-02-21 17:48:44 - [MESSAGE][PASSED] - Object: 'Object Repository/KeatMun/Form 7_default/OTC_Submit Form 7_Section B/Page_PERKESO/B8. Tidak_compensationInd' is clicked on

2019-02-21 17:48:44 - [TEST_STEP][PASSED] - delay(1): Delayed 1 second(s)

2019-02-21 17:48:45 - [MESSAGE][PASSED] - Delayed 1 second(s)

2019-02-21 17:48:45 - [TEST_STEP][PASSED] - click(findTestObject("KeatMun/Form 7_default/OTC_Submit Form 7_Section B/Page_PERKESO/B9. Tidak_fileCaseInd")): Object: 'Object Repository/KeatMun/Form 7_default/OTC_Submit Form 7_Section B/Page_PERKESO/B9. Tidak_fileCaseInd' is clicked on

2019-02-21 17:48:45 - [MESSAGE][PASSED] - Object: 'Object Repository/KeatMun/Form 7_default/OTC_Submit Form 7_Section B/Page_PERKESO/B9. Tidak_fileCaseInd' is clicked on

2019-02-21 17:48:45 - [TEST_STEP][PASSED] - delay(1): Delayed 1 second(s)

2019-02-21 17:48:46 - [MESSAGE][PASSED] - Delayed 1 second(s)

2019-02-21 17:48:46 - [TEST_STEP][PASSED] - click(findTestObject("KeatMun/Form 7_default/OTC_Submit Form 7_Section B/Page_PERKESO/B10. Tidak_unregisterCaseInd")): Object: 'Object Repository/KeatMun/Form 7_default/OTC_Submit Form 7_Section B/Page_PERKESO/B10. Tidak_unregisterCaseInd' is clicked on

2019-02-21 17:48:46 - [MESSAGE][PASSED] - Object: 'Object Repository/KeatMun/Form 7_default/OTC_Submit Form 7_Section B/Page_PERKESO/B10. Tidak_unregisterCaseInd' is clicked on

2019-02-21 17:48:46 - [TEST_STEP][PASSED] - delay(2): Delayed 2 second(s)

2019-02-21 17:48:48 - [MESSAGE][PASSED] - Delayed 2 second(s)

2019-02-21 17:48:48 - [TEST_STEP][PASSED] - click(findTestObject("KeatMun/Form 7_default/OTC_Submit Form 7_Section B/Page_PERKESO/B11. Halaman Seterusnya")): Object: 'Object Repository/KeatMun/Form 7_default/OTC_Submit Form 7_Section B/Page_PERKESO/B11. Halaman Seterusnya' is clicked on

2019-02-21 17:48:48 - [MESSAGE][PASSED] - Object: 'Object Repository/KeatMun/Form 7_default/OTC_Submit Form 7_Section B/Page_PERKESO/B11. Halaman Seterusnya' is clicked on

2019-02-21 17:48:48 - [TEST_STEP][PASSED] - delay(3): Delayed 3 second(s)

2019-02-21 17:48:51 - [MESSAGE][PASSED] - Delayed 3 second(s)

2019-02-21 17:48:51 - [MESSAGE][PASSED] - Call Test Case 'Test Cases/All TC/Arranged/3. Unit/EI/Form 7_default/OTC_Submit Form 7_Section B' successfully

2019-02-21 17:48:51 - [TEST_STEP][PASSED] - callTestCase(findTestCase("All TC/Arranged/3. Unit/EI/Form 7_default/OTC_Submit Form 7_Section C"), [:], STOP_ON_FAILURE): Call Test Case 'Test Cases/All TC/Arranged/3. Unit/EI/Form 7_default/OTC_Submit Form 7_Section C' successfully

2019-02-21 17:48:52 - [TEST_CASE][PASSED] - Test Cases/All TC/Arranged/3. Unit/EI/Form 7_default/OTC_Submit Form 7_Section C: Test Cases/All TC/Arranged/3. Unit/EI/Form 7_default/OTC_Submit Form 7_Section C

2019-02-21 17:48:52 - [TEST_STEP][PASSED] - delay(2): Delayed 2 second(s)

2019-02-21 17:48:54 - [MESSAGE][PASSED] - Delayed 2 second(s)

2019-02-21 17:48:54 - [TEST_STEP][PASSED] - setText(findTestObject("KeatMun/Form 7_default/OTC_Submit Form 7_Section C/Page_PERKESO/C4. EmployerInfo"), "qwertyuiop"): Text 'qwertyuiop' is set on object 'Object Repository/KeatMun/Form 7_default/OTC_Submit Form 7_Section C/Page_PERKESO/C4. EmployerInfo'

2019-02-21 17:48:54 - [MESSAGE][PASSED] - Text 'qwertyuiop' is set on object 'Object Repository/KeatMun/Form 7_default/OTC_Submit Form 7_Section C/Page_PERKESO/C4. EmployerInfo'

2019-02-21 17:48:54 - [TEST_STEP][PASSED] - delay(2): Delayed 2 second(s)

2019-02-21 17:48:56 - [MESSAGE][PASSED] - Delayed 2 second(s)

2019-02-21 17:48:56 - [TEST_STEP][PASSED] - click(findTestObject("KeatMun/Form 7_default/OTC_Submit Form 7_Section C/Page_PERKESO/C5. Negeri")): Object: 'Object Repository/KeatMun/Form 7_default/OTC_Submit Form 7_Section C/Page_PERKESO/C5. Negeri' is clicked on

2019-02-21 17:48:56 - [MESSAGE][PASSED] - Object: 'Object Repository/KeatMun/Form 7_default/OTC_Submit Form 7_Section C/Page_PERKESO/C5. Negeri' is clicked on

2019-02-21 17:48:56 - [TEST_STEP][PASSED] - delay(2): Delayed 2 second(s)

2019-02-21 17:48:58 - [MESSAGE][PASSED] - Delayed 2 second(s)

2019-02-21 17:48:58 - [TEST_STEP][PASSED] - click(findTestObject("KeatMun/Form 7_default/OTC_Submit Form 7_Section C/Page_PERKESO/C5. JOHOR")): Object: 'Object Repository/KeatMun/Form 7_default/OTC_Submit Form 7_Section C/Page_PERKESO/C5. JOHOR' is clicked on

2019-02-21 17:48:58 - [MESSAGE][PASSED] - Object: 'Object Repository/KeatMun/Form 7_default/OTC_Submit Form 7_Section C/Page_PERKESO/C5. JOHOR' is clicked on

2019-02-21 17:48:58 - [TEST_STEP][PASSED] - delay(3): Delayed 3 second(s)

2019-02-21 17:49:01 - [MESSAGE][PASSED] - Delayed 3 second(s)

2019-02-21 17:49:01 - [TEST_STEP][PASSED] - click(findTestObject("KeatMun/Form 7_default/OTC_Submit Form 7_Section C/Page_PERKESO/C6. City")): Object: 'Object Repository/KeatMun/Form 7_default/OTC_Submit Form 7_Section C/Page_PERKESO/C6. City' is clicked on

2019-02-21 17:49:01 - [MESSAGE][PASSED] - Object: 'Object Repository/KeatMun/Form 7_default/OTC_Submit Form 7_Section C/Page_PERKESO/C6. City' is clicked on

2019-02-21 17:49:01 - [TEST_STEP][PASSED] - delay(2): Delayed 2 second(s)

2019-02-21 17:49:03 - [MESSAGE][PASSED] - Delayed 2 second(s)

2019-02-21 17:49:03 - [TEST_STEP][PASSED] - setText(findTestObject("KeatMun/Form 7_default/OTC_Submit Form 7_Section C/Page_PERKESO/C6. Done_select2-search__fie"), "jo"): Text 'jo' is set on object 'Object Repository/KeatMun/Form 7_default/OTC_Submit Form 7_Section C/Page_PERKESO/C6. Done_select2-search__fie'

2019-02-21 17:49:04 - [MESSAGE][PASSED] - Text 'jo' is set on object 'Object Repository/KeatMun/Form 7_default/OTC_Submit Form 7_Section C/Page_PERKESO/C6. Done_select2-search__fie'

2019-02-21 17:49:04 - [TEST_STEP][PASSED] - setText(findTestObject("KeatMun/Form 7_default/OTC_Submit Form 7_Section C/Page_PERKESO/C6. Concat(id(  select2-city"), "jo"): Text 'jo' is set on object 'Object Repository/KeatMun/Form 7_default/OTC_Submit Form 7_Section C/Page_PERKESO/C6. Concat(id(  select2-city'

2019-02-21 17:49:04 - [MESSAGE][PASSED] - Text 'jo' is set on object 'Object Repository/KeatMun/Form 7_default/OTC_Submit Form 7_Section C/Page_PERKESO/C6. Concat(id(  select2-city'

2019-02-21 17:49:04 - [TEST_STEP][PASSED] - click(findTestObject("KeatMun/Form 7_default/OTC_Submit Form 7_Section C/Page_PERKESO/C6. JOHOR BAHRU")): Object: 'Object Repository/KeatMun/Form 7_default/OTC_Submit Form 7_Section C/Page_PERKESO/C6. JOHOR BAHRU' is clicked on

2019-02-21 17:49:04 - [MESSAGE][PASSED] - Object: 'Object Repository/KeatMun/Form 7_default/OTC_Submit Form 7_Section C/Page_PERKESO/C6. JOHOR BAHRU' is clicked on

2019-02-21 17:49:04 - [TEST_STEP][PASSED] - delay(3): Delayed 3 second(s)

2019-02-21 17:49:07 - [MESSAGE][PASSED] - Delayed 3 second(s)

2019-02-21 17:49:07 - [TEST_STEP][PASSED] - click(findTestObject("KeatMun/Form 7_default/OTC_Submit Form 7_Section C/Page_PERKESO/C7. --Sila Isikan--")): Object: 'Object Repository/KeatMun/Form 7_default/OTC_Submit Form 7_Section C/Page_PERKESO/C7. --Sila Isikan--' is clicked on

2019-02-21 17:49:07 - [MESSAGE][PASSED] - Object: 'Object Repository/KeatMun/Form 7_default/OTC_Submit Form 7_Section C/Page_PERKESO/C7. --Sila Isikan--' is clicked on

2019-02-21 17:49:07 - [TEST_STEP][PASSED] - delay(2): Delayed 2 second(s)

2019-02-21 17:49:09 - [MESSAGE][PASSED] - Delayed 2 second(s)

2019-02-21 17:49:09 - [TEST_STEP][PASSED] - setText(findTestObject("KeatMun/Form 7_default/OTC_Submit Form 7_Section C/Page_PERKESO/C7. Done_select2-search__fie"), "84"): Text '84' is set on object 'Object Repository/KeatMun/Form 7_default/OTC_Submit Form 7_Section C/Page_PERKESO/C7. Done_select2-search__fie'

2019-02-21 17:49:09 - [MESSAGE][PASSED] - Text '84' is set on object 'Object Repository/KeatMun/Form 7_default/OTC_Submit Form 7_Section C/Page_PERKESO/C7. Done_select2-search__fie'

2019-02-21 17:49:09 - [TEST_STEP][PASSED] - setText(findTestObject("KeatMun/Form 7_default/OTC_Submit Form 7_Section C/Page_PERKESO/C7. Concat(id(  select2-post"), "84"): Text '84' is set on object 'Object Repository/KeatMun/Form 7_default/OTC_Submit Form 7_Section C/Page_PERKESO/C7. Concat(id(  select2-post'

2019-02-21 17:49:09 - [MESSAGE][PASSED] - Text '84' is set on object 'Object Repository/KeatMun/Form 7_default/OTC_Submit Form 7_Section C/Page_PERKESO/C7. Concat(id(  select2-post'

2019-02-21 17:49:09 - [TEST_STEP][PASSED] - click(findTestObject("KeatMun/Form 7_default/OTC_Submit Form 7_Section C/Page_PERKESO/C7. 84000")): Object: 'Object Repository/KeatMun/Form 7_default/OTC_Submit Form 7_Section C/Page_PERKESO/C7. 84000' is clicked on

2019-02-21 17:49:10 - [MESSAGE][PASSED] - Object: 'Object Repository/KeatMun/Form 7_default/OTC_Submit Form 7_Section C/Page_PERKESO/C7. 84000' is clicked on

2019-02-21 17:49:10 - [TEST_STEP][PASSED] - delay(3): Delayed 3 second(s)

2019-02-21 17:49:13 - [MESSAGE][PASSED] - Delayed 3 second(s)

2019-02-21 17:49:13 - [TEST_STEP][PASSED] - click(findTestObject("KeatMun/Form 7_default/OTC_Submit Form 7_Section C/Page_PERKESO/C8. Tidak_employerInfo.emplo")): Object: 'Object Repository/KeatMun/Form 7_default/OTC_Submit Form 7_Section C/Page_PERKESO/C8. Tidak_employerInfo.emplo' is clicked on

2019-02-21 17:49:13 - [MESSAGE][PASSED] - Object: 'Object Repository/KeatMun/Form 7_default/OTC_Submit Form 7_Section C/Page_PERKESO/C8. Tidak_employerInfo.emplo' is clicked on

2019-02-21 17:49:13 - [TEST_STEP][PASSED] - delay(2): Delayed 2 second(s)

2019-02-21 17:49:15 - [MESSAGE][PASSED] - Delayed 2 second(s)

2019-02-21 17:49:15 - [TEST_STEP][PASSED] - setText(findTestObject("KeatMun/Form 7_default/OTC_Submit Form 7_Section C/Page_PERKESO/C9. EmployerName"), "qwertyuiop"): Text 'qwertyuiop' is set on object 'Object Repository/KeatMun/Form 7_default/OTC_Submit Form 7_Section C/Page_PERKESO/C9. EmployerName'

2019-02-21 17:49:15 - [MESSAGE][PASSED] - Text 'qwertyuiop' is set on object 'Object Repository/KeatMun/Form 7_default/OTC_Submit Form 7_Section C/Page_PERKESO/C9. EmployerName'

2019-02-21 17:49:15 - [TEST_STEP][PASSED] - delay(2): Delayed 2 second(s)

2019-02-21 17:49:17 - [MESSAGE][PASSED] - Delayed 2 second(s)

2019-02-21 17:49:17 - [TEST_STEP][PASSED] - setText(findTestObject("KeatMun/Form 7_default/OTC_Submit Form 7_Section C/Page_PERKESO/C10. EmployerIC"), "1234567890"): Text '1234567890' is set on object 'Object Repository/KeatMun/Form 7_default/OTC_Submit Form 7_Section C/Page_PERKESO/C10. EmployerIC'

2019-02-21 17:49:17 - [MESSAGE][PASSED] - Text '1234567890' is set on object 'Object Repository/KeatMun/Form 7_default/OTC_Submit Form 7_Section C/Page_PERKESO/C10. EmployerIC'

2019-02-21 17:49:17 - [TEST_STEP][PASSED] - delay(3): Delayed 3 second(s)

2019-02-21 17:49:20 - [MESSAGE][PASSED] - Delayed 3 second(s)

2019-02-21 17:49:20 - [TEST_STEP][PASSED] - click(findTestObject("KeatMun/Form 7_default/OTC_Submit Form 7_Section C/Page_PERKESO/C11. Halaman Seterusnya")): Object: 'Object Repository/KeatMun/Form 7_default/OTC_Submit Form 7_Section C/Page_PERKESO/C11. Halaman Seterusnya' is clicked on

2019-02-21 17:49:21 - [MESSAGE][PASSED] - Object: 'Object Repository/KeatMun/Form 7_default/OTC_Submit Form 7_Section C/Page_PERKESO/C11. Halaman Seterusnya' is clicked on

2019-02-21 17:49:21 - [TEST_STEP][PASSED] - delay(3): Delayed 3 second(s)

2019-02-21 17:49:24 - [MESSAGE][PASSED] - Delayed 3 second(s)

2019-02-21 17:49:24 - [MESSAGE][PASSED] - Call Test Case 'Test Cases/All TC/Arranged/3. Unit/EI/Form 7_default/OTC_Submit Form 7_Section C' successfully

2019-02-21 17:49:24 - [TEST_STEP][PASSED] - callTestCase(findTestCase("All TC/Arranged/3. Unit/EI/Form 7_default/OTC_Submit Form 7_Section D-E"), [:], STOP_ON_FAILURE): Call Test Case 'Test Cases/All TC/Arranged/3. Unit/EI/Form 7_default/OTC_Submit Form 7_Section D-E' successfully

2019-02-21 17:49:24 - [TEST_CASE][PASSED] - Test Cases/All TC/Arranged/3. Unit/EI/Form 7_default/OTC_Submit Form 7_Section D-E: Test Cases/All TC/Arranged/3. Unit/EI/Form 7_default/OTC_Submit Form 7_Section D-E

2019-02-21 17:49:24 - [TEST_STEP][PASSED] - delay(3): Delayed 3 second(s)

2019-02-21 17:49:27 - [MESSAGE][PASSED] - Delayed 3 second(s)

2019-02-21 17:49:27 - [TEST_STEP][PASSED] - click(findTestObject("KeatMun/Form 7_default/OTC_Submit Form 7_Section D-E/Page_PERKESO/D1. NO_otherActiveEmploye")): Object: 'Object Repository/KeatMun/Form 7_default/OTC_Submit Form 7_Section D-E/Page_PERKESO/D1. NO_otherActiveEmploye' is clicked on

2019-02-21 17:49:27 - [MESSAGE][PASSED] - Object: 'Object Repository/KeatMun/Form 7_default/OTC_Submit Form 7_Section D-E/Page_PERKESO/D1. NO_otherActiveEmploye' is clicked on

2019-02-21 17:49:27 - [TEST_STEP][PASSED] - delay(4): Delayed 4 second(s)

2019-02-21 17:49:31 - [MESSAGE][PASSED] - Delayed 4 second(s)

2019-02-21 17:49:31 - [TEST_STEP][PASSED] - click(findTestObject("KeatMun/Form 7_default/OTC_Submit Form 7_Section D-E/Page_PERKESO/D2. Halaman Seterusnya")): Object: 'Object Repository/KeatMun/Form 7_default/OTC_Submit Form 7_Section D-E/Page_PERKESO/D2. Halaman Seterusnya' is clicked on

2019-02-21 17:49:31 - [MESSAGE][PASSED] - Object: 'Object Repository/KeatMun/Form 7_default/OTC_Submit Form 7_Section D-E/Page_PERKESO/D2. Halaman Seterusnya' is clicked on

2019-02-21 17:49:31 - [TEST_STEP][PASSED] - delay(5): Delayed 5 second(s)

2019-02-21 17:49:36 - [MESSAGE][PASSED] - Delayed 5 second(s)

2019-02-21 17:49:36 - [TEST_STEP][PASSED] - setText(findTestObject("KeatMun/Form 7_default/OTC_Submit Form 7_Section D-E/Page_PERKESO/E1. Input__totalExpYear"), "1"): Text '1' is set on object 'Object Repository/KeatMun/Form 7_default/OTC_Submit Form 7_Section D-E/Page_PERKESO/E1. Input__totalExpYear'

2019-02-21 17:49:36 - [MESSAGE][PASSED] - Text '1' is set on object 'Object Repository/KeatMun/Form 7_default/OTC_Submit Form 7_Section D-E/Page_PERKESO/E1. Input__totalExpYear'

2019-02-21 17:49:36 - [TEST_STEP][PASSED] - delay(2): Delayed 2 second(s)

2019-02-21 17:49:38 - [MESSAGE][PASSED] - Delayed 2 second(s)

2019-02-21 17:49:38 - [TEST_STEP][PASSED] - setText(findTestObject("KeatMun/Form 7_default/OTC_Submit Form 7_Section D-E/Page_PERKESO/E1. Tahun_totalExpMonth"), "1"): Text '1' is set on object 'Object Repository/KeatMun/Form 7_default/OTC_Submit Form 7_Section D-E/Page_PERKESO/E1. Tahun_totalExpMonth'

2019-02-21 17:49:38 - [MESSAGE][PASSED] - Text '1' is set on object 'Object Repository/KeatMun/Form 7_default/OTC_Submit Form 7_Section D-E/Page_PERKESO/E1. Tahun_totalExpMonth'

2019-02-21 17:49:38 - [TEST_STEP][PASSED] - delay(2): Delayed 2 second(s)

2019-02-21 17:49:40 - [MESSAGE][PASSED] - Delayed 2 second(s)

2019-02-21 17:49:40 - [TEST_STEP][PASSED] - click(findTestObject("KeatMun/Form 7_default/OTC_Submit Form 7_Section D-E/Page_PERKESO/E2. Edu-Level")): Object: 'Object Repository/KeatMun/Form 7_default/OTC_Submit Form 7_Section D-E/Page_PERKESO/E2. Edu-Level' is clicked on

2019-02-21 17:49:41 - [MESSAGE][PASSED] - Object: 'Object Repository/KeatMun/Form 7_default/OTC_Submit Form 7_Section D-E/Page_PERKESO/E2. Edu-Level' is clicked on

2019-02-21 17:49:41 - [TEST_STEP][PASSED] - delay(2): Delayed 2 second(s)

2019-02-21 17:49:43 - [MESSAGE][PASSED] - Delayed 2 second(s)

2019-02-21 17:49:43 - [TEST_STEP][PASSED] - click(findTestObject("KeatMun/Form 7_default/OTC_Submit Form 7_Section D-E/Page_PERKESO/E2. PMRPT3")): Object: 'Object Repository/KeatMun/Form 7_default/OTC_Submit Form 7_Section D-E/Page_PERKESO/E2. PMRPT3' is clicked on

2019-02-21 17:49:43 - [MESSAGE][PASSED] - Object: 'Object Repository/KeatMun/Form 7_default/OTC_Submit Form 7_Section D-E/Page_PERKESO/E2. PMRPT3' is clicked on

2019-02-21 17:49:43 - [TEST_STEP][PASSED] - delay(3): Delayed 3 second(s)

2019-02-21 17:49:46 - [MESSAGE][PASSED] - Delayed 3 second(s)

2019-02-21 17:49:46 - [TEST_STEP][PASSED] - click(findTestObject("KeatMun/Form 7_default/OTC_Submit Form 7_Section D-E/Page_PERKESO/E3. Job-Choice")): Object: 'Object Repository/KeatMun/Form 7_default/OTC_Submit Form 7_Section D-E/Page_PERKESO/E3. Job-Choice' is clicked on

2019-02-21 17:49:46 - [MESSAGE][PASSED] - Object: 'Object Repository/KeatMun/Form 7_default/OTC_Submit Form 7_Section D-E/Page_PERKESO/E3. Job-Choice' is clicked on

2019-02-21 17:49:46 - [TEST_STEP][PASSED] - delay(2): Delayed 2 second(s)

2019-02-21 17:49:48 - [MESSAGE][PASSED] - Delayed 2 second(s)

2019-02-21 17:49:48 - [TEST_STEP][PASSED] - setText(findTestObject("KeatMun/Form 7_default/OTC_Submit Form 7_Section D-E/Page_PERKESO/E3. Done_select2-search__fie"), "re"): Text 're' is set on object 'Object Repository/KeatMun/Form 7_default/OTC_Submit Form 7_Section D-E/Page_PERKESO/E3. Done_select2-search__fie'

2019-02-21 17:49:48 - [MESSAGE][PASSED] - Text 're' is set on object 'Object Repository/KeatMun/Form 7_default/OTC_Submit Form 7_Section D-E/Page_PERKESO/E3. Done_select2-search__fie'

2019-02-21 17:49:48 - [TEST_STEP][PASSED] - click(findTestObject("KeatMun/Form 7_default/OTC_Submit Form 7_Section D-E/Page_PERKESO/E3. Arkitek Reka Bentuk")): Object: 'Object Repository/KeatMun/Form 7_default/OTC_Submit Form 7_Section D-E/Page_PERKESO/E3. Arkitek Reka Bentuk' is clicked on

2019-02-21 17:49:48 - [MESSAGE][PASSED] - Object: 'Object Repository/KeatMun/Form 7_default/OTC_Submit Form 7_Section D-E/Page_PERKESO/E3. Arkitek Reka Bentuk' is clicked on

2019-02-21 17:49:48 - [TEST_STEP][PASSED] - delay(2): Delayed 2 second(s)

2019-02-21 17:49:50 - [MESSAGE][PASSED] - Delayed 2 second(s)

2019-02-21 17:49:50 - [TEST_STEP][PASSED] - click(findTestObject("KeatMun/Form 7_default/OTC_Submit Form 7_Section D-E/Page_PERKESO/E4. Job_Location")): Object: 'Object Repository/KeatMun/Form 7_default/OTC_Submit Form 7_Section D-E/Page_PERKESO/E4. Job_Location' is clicked on

2019-02-21 17:49:50 - [MESSAGE][PASSED] - Object: 'Object Repository/KeatMun/Form 7_default/OTC_Submit Form 7_Section D-E/Page_PERKESO/E4. Job_Location' is clicked on

2019-02-21 17:49:50 - [TEST_STEP][PASSED] - delay(2): Delayed 2 second(s)

2019-02-21 17:49:52 - [MESSAGE][PASSED] - Delayed 2 second(s)

2019-02-21 17:49:52 - [TEST_STEP][PASSED] - click(findTestObject("KeatMun/Form 7_default/OTC_Submit Form 7_Section D-E/Page_PERKESO/E4. JOHOR")): Object: 'Object Repository/KeatMun/Form 7_default/OTC_Submit Form 7_Section D-E/Page_PERKESO/E4. JOHOR' is clicked on

2019-02-21 17:49:53 - [MESSAGE][PASSED] - Object: 'Object Repository/KeatMun/Form 7_default/OTC_Submit Form 7_Section D-E/Page_PERKESO/E4. JOHOR' is clicked on

2019-02-21 17:49:53 - [TEST_STEP][PASSED] - delay(2): Delayed 2 second(s)

2019-02-21 17:49:55 - [MESSAGE][PASSED] - Delayed 2 second(s)

2019-02-21 17:49:55 - [TEST_STEP][PASSED] - click(findTestObject("KeatMun/Form 7_default/OTC_Submit Form 7_Section D-E/Page_PERKESO/E7. NO_disability")): Object: 'Object Repository/KeatMun/Form 7_default/OTC_Submit Form 7_Section D-E/Page_PERKESO/E7. NO_disability' is clicked on

2019-02-21 17:49:55 - [MESSAGE][PASSED] - Object: 'Object Repository/KeatMun/Form 7_default/OTC_Submit Form 7_Section D-E/Page_PERKESO/E7. NO_disability' is clicked on

2019-02-21 17:49:55 - [TEST_STEP][PASSED] - delay(2): Delayed 2 second(s)

2019-02-21 17:49:57 - [MESSAGE][PASSED] - Delayed 2 second(s)

2019-02-21 17:49:57 - [TEST_STEP][PASSED] - click(findTestObject("KeatMun/Form 7_default/OTC_Submit Form 7_Section D-E/Page_PERKESO/E8. NO_disabilityApplyInd")): Object: 'Object Repository/KeatMun/Form 7_default/OTC_Submit Form 7_Section D-E/Page_PERKESO/E8. NO_disabilityApplyInd' is clicked on

2019-02-21 17:49:57 - [MESSAGE][PASSED] - Object: 'Object Repository/KeatMun/Form 7_default/OTC_Submit Form 7_Section D-E/Page_PERKESO/E8. NO_disabilityApplyInd' is clicked on

2019-02-21 17:49:57 - [TEST_STEP][PASSED] - delay(2): Delayed 2 second(s)

2019-02-21 17:49:59 - [MESSAGE][PASSED] - Delayed 2 second(s)

2019-02-21 17:49:59 - [TEST_STEP][PASSED] - click(findTestObject("KeatMun/Form 7_default/OTC_Submit Form 7_Section D-E/Page_PERKESO/E9. YES_ReEmployment")): Object: 'Object Repository/KeatMun/Form 7_default/OTC_Submit Form 7_Section D-E/Page_PERKESO/E9. YES_ReEmployment' is clicked on

2019-02-21 17:49:59 - [MESSAGE][PASSED] - Object: 'Object Repository/KeatMun/Form 7_default/OTC_Submit Form 7_Section D-E/Page_PERKESO/E9. YES_ReEmployment' is clicked on

2019-02-21 17:49:59 - [TEST_STEP][PASSED] - delay(2): Delayed 2 second(s)

2019-02-21 17:50:01 - [MESSAGE][PASSED] - Delayed 2 second(s)

2019-02-21 17:50:01 - [TEST_STEP][PASSED] - click(findTestObject("KeatMun/Form 7_default/OTC_Submit Form 7_Section D-E/Page_PERKESO/E10. Halaman Seterusnya")): Object: 'Object Repository/KeatMun/Form 7_default/OTC_Submit Form 7_Section D-E/Page_PERKESO/E10. Halaman Seterusnya' is clicked on

2019-02-21 17:50:01 - [MESSAGE][PASSED] - Object: 'Object Repository/KeatMun/Form 7_default/OTC_Submit Form 7_Section D-E/Page_PERKESO/E10. Halaman Seterusnya' is clicked on

2019-02-21 17:50:01 - [TEST_STEP][PASSED] - delay(3): Delayed 3 second(s)

2019-02-21 17:50:04 - [MESSAGE][PASSED] - Delayed 3 second(s)

2019-02-21 17:50:04 - [MESSAGE][PASSED] - Call Test Case 'Test Cases/All TC/Arranged/3. Unit/EI/Form 7_default/OTC_Submit Form 7_Section D-E' successfully

2019-02-21 17:50:04 - [TEST_STEP][PASSED] - callTestCase(findTestCase("All TC/Arranged/3. Unit/EI/Form 7_default/OTC_Submit Form 7_Section F-G-H - Cheque"), [:], STOP_ON_FAILURE): Call Test Case 'Test Cases/All TC/Arranged/3. Unit/EI/Form 7_default/OTC_Submit Form 7_Section F-G-H - Cheque' successfully

2019-02-21 17:50:04 - [TEST_CASE][PASSED] - Test Cases/All TC/Arranged/3. Unit/EI/Form 7_default/OTC_Submit Form 7_Section F-G-H - Cheque: Test Cases/All TC/Arranged/3. Unit/EI/Form 7_default/OTC_Submit Form 7_Section F-G-H - Cheque

2019-02-21 17:50:04 - [TEST_STEP][PASSED] - delay(3): Delayed 3 second(s)

2019-02-21 17:50:07 - [MESSAGE][PASSED] - Delayed 3 second(s)

2019-02-21 17:50:07 - [TEST_STEP][PASSED] - click(findTestObject("KeatMun/Form 7_default/OTC_Submit Form 7_Section F-G-H/Page_PERKESO/F1. Bankrup_yes")): Object: 'Object Repository/KeatMun/Form 7_default/OTC_Submit Form 7_Section F-G-H/Page_PERKESO/F1. Bankrup_yes' is clicked on

2019-02-21 17:50:07 - [MESSAGE][PASSED] - Object: 'Object Repository/KeatMun/Form 7_default/OTC_Submit Form 7_Section F-G-H/Page_PERKESO/F1. Bankrup_yes' is clicked on

2019-02-21 17:50:07 - [TEST_STEP][PASSED] - delay(3): Delayed 3 second(s)

2019-02-21 17:50:10 - [MESSAGE][PASSED] - Delayed 3 second(s)

2019-02-21 17:50:10 - [TEST_STEP][PASSED] - click(findTestObject("KeatMun/Form 7_default/OTC_Submit Form 7_Section F-G-H/Page_PERKESO/F2. Next_Page_AfterBankInfo")): Object: 'Object Repository/KeatMun/Form 7_default/OTC_Submit Form 7_Section F-G-H/Page_PERKESO/F2. Next_Page_AfterBankInfo' is clicked on

2019-02-21 17:50:11 - [MESSAGE][PASSED] - Object: 'Object Repository/KeatMun/Form 7_default/OTC_Submit Form 7_Section F-G-H/Page_PERKESO/F2. Next_Page_AfterBankInfo' is clicked on

2019-02-21 17:50:11 - [TEST_STEP][PASSED] - delay(5): Delayed 5 second(s)

2019-02-21 17:50:16 - [MESSAGE][PASSED] - Delayed 5 second(s)

2019-02-21 17:50:16 - [TEST_STEP][PASSED] - setText(findTestObject("KeatMun/Form 7_default/OTC_Submit Form 7_Section F-G-H/Page_PERKESO/G2. Hubungan dengan OB-nama"), "qwertyuiop"): Text 'qwertyuiop' is set on object 'Object Repository/KeatMun/Form 7_default/OTC_Submit Form 7_Section F-G-H/Page_PERKESO/G2. Hubungan dengan OB-nama'

2019-02-21 17:50:16 - [MESSAGE][PASSED] - Text 'qwertyuiop' is set on object 'Object Repository/KeatMun/Form 7_default/OTC_Submit Form 7_Section F-G-H/Page_PERKESO/G2. Hubungan dengan OB-nama'

2019-02-21 17:50:16 - [TEST_STEP][PASSED] - delay(2): Delayed 2 second(s)

2019-02-21 17:50:18 - [MESSAGE][PASSED] - Delayed 2 second(s)

2019-02-21 17:50:18 - [TEST_STEP][PASSED] - setText(findTestObject("KeatMun/Form 7_default/OTC_Submit Form 7_Section F-G-H/Page_PERKESO/G2. Hubungan dengan OB-ic.no"), "111111223333"): Text '111111223333' is set on object 'Object Repository/KeatMun/Form 7_default/OTC_Submit Form 7_Section F-G-H/Page_PERKESO/G2. Hubungan dengan OB-ic.no'

2019-02-21 17:50:18 - [MESSAGE][PASSED] - Text '111111223333' is set on object 'Object Repository/KeatMun/Form 7_default/OTC_Submit Form 7_Section F-G-H/Page_PERKESO/G2. Hubungan dengan OB-ic.no'

2019-02-21 17:50:18 - [TEST_STEP][PASSED] - delay(2): Delayed 2 second(s)

2019-02-21 17:50:20 - [MESSAGE][PASSED] - Delayed 2 second(s)

2019-02-21 17:50:20 - [TEST_STEP][PASSED] - setText(findTestObject("KeatMun/Form 7_default/OTC_Submit Form 7_Section F-G-H/Page_PERKESO/G2. Hubungan dengan OB-DOB"), "10/01/2019"): Text '10/01/2019' is set on object 'Object Repository/KeatMun/Form 7_default/OTC_Submit Form 7_Section F-G-H/Page_PERKESO/G2. Hubungan dengan OB-DOB'

2019-02-21 17:50:20 - [MESSAGE][PASSED] - Text '10/01/2019' is set on object 'Object Repository/KeatMun/Form 7_default/OTC_Submit Form 7_Section F-G-H/Page_PERKESO/G2. Hubungan dengan OB-DOB'

2019-02-21 17:50:20 - [TEST_STEP][PASSED] - delay(3): Delayed 3 second(s)

2019-02-21 17:50:23 - [MESSAGE][PASSED] - Delayed 3 second(s)

2019-02-21 17:50:23 - [TEST_STEP][PASSED] - click(findTestObject("KeatMun/Form 7_default/OTC_Submit Form 7_Section F-G-H/Page_PERKESO/G2. Span_Bapa")): Object: 'Object Repository/KeatMun/Form 7_default/OTC_Submit Form 7_Section F-G-H/Page_PERKESO/G2. Span_Bapa' is clicked on

2019-02-21 17:50:24 - [MESSAGE][PASSED] - Object: 'Object Repository/KeatMun/Form 7_default/OTC_Submit Form 7_Section F-G-H/Page_PERKESO/G2. Span_Bapa' is clicked on

2019-02-21 17:50:24 - [TEST_STEP][PASSED] - delay(3): Delayed 3 second(s)

2019-02-21 17:50:27 - [MESSAGE][PASSED] - Delayed 3 second(s)

2019-02-21 17:50:27 - [TEST_STEP][PASSED] - click(findTestObject("KeatMun/Form 7_default/OTC_Submit Form 7_Section F-G-H/Page_PERKESO/G2. Choose_Isteri")): Object: 'Object Repository/KeatMun/Form 7_default/OTC_Submit Form 7_Section F-G-H/Page_PERKESO/G2. Choose_Isteri' is clicked on

2019-02-21 17:50:27 - [MESSAGE][PASSED] - Object: 'Object Repository/KeatMun/Form 7_default/OTC_Submit Form 7_Section F-G-H/Page_PERKESO/G2. Choose_Isteri' is clicked on

2019-02-21 17:50:27 - [TEST_STEP][PASSED] - delay(3): Delayed 3 second(s)

2019-02-21 17:50:30 - [MESSAGE][PASSED] - Delayed 3 second(s)

2019-02-21 17:50:30 - [TEST_STEP][PASSED] - click(findTestObject("KeatMun/Form 7_default/OTC_Submit Form 7_Section F-G-H/Page_PERKESO/G3. Halaman Seterusnya")): Object: 'Object Repository/KeatMun/Form 7_default/OTC_Submit Form 7_Section F-G-H/Page_PERKESO/G3. Halaman Seterusnya' is clicked on

2019-02-21 17:50:30 - [MESSAGE][PASSED] - Object: 'Object Repository/KeatMun/Form 7_default/OTC_Submit Form 7_Section F-G-H/Page_PERKESO/G3. Halaman Seterusnya' is clicked on

2019-02-21 17:50:30 - [TEST_STEP][PASSED] - delay(5): Delayed 5 second(s)

2019-02-21 17:50:35 - [MESSAGE][PASSED] - Delayed 5 second(s)

2019-02-21 17:50:35 - [TEST_STEP][PASSED] - click(findTestObject("KeatMun/Form 7_default/OTC_Submit Form 7_Section F-G-H/Page_PERKESO/H1. declAckInfoInd")): Object: 'Object Repository/KeatMun/Form 7_default/OTC_Submit Form 7_Section F-G-H/Page_PERKESO/H1. declAckInfoInd' is clicked on

2019-02-21 17:50:35 - [MESSAGE][PASSED] - Object: 'Object Repository/KeatMun/Form 7_default/OTC_Submit Form 7_Section F-G-H/Page_PERKESO/H1. declAckInfoInd' is clicked on

2019-02-21 17:50:35 - [TEST_STEP][PASSED] - delay(2): Delayed 2 second(s)

2019-02-21 17:50:37 - [MESSAGE][PASSED] - Delayed 2 second(s)

2019-02-21 17:50:37 - [TEST_STEP][PASSED] - click(findTestObject("KeatMun/Form 7_default/OTC_Submit Form 7_Section F-G-H/Page_PERKESO/H2. declAckRepayInd")): Object: 'Object Repository/KeatMun/Form 7_default/OTC_Submit Form 7_Section F-G-H/Page_PERKESO/H2. declAckRepayInd' is clicked on

2019-02-21 17:50:37 - [MESSAGE][PASSED] - Object: 'Object Repository/KeatMun/Form 7_default/OTC_Submit Form 7_Section F-G-H/Page_PERKESO/H2. declAckRepayInd' is clicked on

2019-02-21 17:50:37 - [TEST_STEP][PASSED] - delay(2): Delayed 2 second(s)

2019-02-21 17:50:39 - [MESSAGE][PASSED] - Delayed 2 second(s)

2019-02-21 17:50:39 - [TEST_STEP][PASSED] - click(findTestObject("KeatMun/Form 7_default/OTC_Submit Form 7_Section F-G-H/Page_PERKESO/H3. declAckLegalInd")): Object: 'Object Repository/KeatMun/Form 7_default/OTC_Submit Form 7_Section F-G-H/Page_PERKESO/H3. declAckLegalInd' is clicked on

2019-02-21 17:50:39 - [MESSAGE][PASSED] - Object: 'Object Repository/KeatMun/Form 7_default/OTC_Submit Form 7_Section F-G-H/Page_PERKESO/H3. declAckLegalInd' is clicked on

2019-02-21 17:50:39 - [TEST_STEP][PASSED] - delay(2): Delayed 2 second(s)

2019-02-21 17:50:41 - [MESSAGE][PASSED] - Delayed 2 second(s)

2019-02-21 17:50:41 - [TEST_STEP][PASSED] - click(findTestObject("KeatMun/Form 7_default/OTC_Submit Form 7_Section F-G-H/Page_PERKESO/i1. mandatory_document1")): Object: 'Object Repository/KeatMun/Form 7_default/OTC_Submit Form 7_Section F-G-H/Page_PERKESO/i1. mandatory_document1' is clicked on

2019-02-21 17:50:42 - [MESSAGE][PASSED] - Object: 'Object Repository/KeatMun/Form 7_default/OTC_Submit Form 7_Section F-G-H/Page_PERKESO/i1. mandatory_document1' is clicked on

2019-02-21 17:50:42 - [TEST_STEP][PASSED] - delay(3): Delayed 3 second(s)

2019-02-21 17:50:45 - [MESSAGE][PASSED] - Delayed 3 second(s)

2019-02-21 17:50:45 - [TEST_STEP][PASSED] - sendKeys(findTestObject("KeatMun/Form 7_default/OTC_Submit Form 7_Section F-G-H/Page_PERKESO/i1.--Sila Pilih--_singleFil"), TextFilePathCommon + "\UploadDoc.txt"): Keys 'C:\Users\Admin\Documents\GitHub\PKSKatalon\PKS-EI-ES\Common Zone\UploadDoc.txt' sent to object: 'Object Repository/KeatMun/Form 7_default/OTC_Submit Form 7_Section F-G-H/Page_PERKESO/i1.--Sila Pilih--_singleFil'

2019-02-21 17:50:45 - [MESSAGE][PASSED] - Keys 'C:\Users\Admin\Documents\GitHub\PKSKatalon\PKS-EI-ES\Common Zone\UploadDoc.txt' sent to object: 'Object Repository/KeatMun/Form 7_default/OTC_Submit Form 7_Section F-G-H/Page_PERKESO/i1.--Sila Pilih--_singleFil'

2019-02-21 17:50:45 - [TEST_STEP][PASSED] - delay(3): Delayed 3 second(s)

2019-02-21 17:50:48 - [MESSAGE][PASSED] - Delayed 3 second(s)

2019-02-21 17:50:48 - [TEST_STEP][PASSED] - click(findTestObject("KeatMun/Form 7_default/OTC_Submit Form 7_Section F-G-H/Page_PERKESO/i1.Add - Tambah Dokumen (1)")): Object: 'Object Repository/KeatMun/Form 7_default/OTC_Submit Form 7_Section F-G-H/Page_PERKESO/i1.Add - Tambah Dokumen (1)' is clicked on

2019-02-21 17:50:48 - [MESSAGE][PASSED] - Object: 'Object Repository/KeatMun/Form 7_default/OTC_Submit Form 7_Section F-G-H/Page_PERKESO/i1.Add - Tambah Dokumen (1)' is clicked on

2019-02-21 17:50:48 - [TEST_STEP][PASSED] - delay(3): Delayed 3 second(s)

2019-02-21 17:50:51 - [MESSAGE][PASSED] - Delayed 3 second(s)

2019-02-21 17:50:51 - [TEST_STEP][PASSED] - acceptAlert(): Alert accepted

2019-02-21 17:50:51 - [MESSAGE][PASSED] - Alert accepted

2019-02-21 17:50:51 - [TEST_STEP][PASSED] - delay(3): Delayed 3 second(s)

2019-02-21 17:50:54 - [MESSAGE][PASSED] - Delayed 3 second(s)

2019-02-21 17:50:54 - [TEST_STEP][PASSED] - click(findTestObject("KeatMun/Form 7_default/OTC_Submit Form 7_Section F-G-H/Page_PERKESO/i2. mandatory_document2")): Object: 'Object Repository/KeatMun/Form 7_default/OTC_Submit Form 7_Section F-G-H/Page_PERKESO/i2. mandatory_document2' is clicked on

2019-02-21 17:50:54 - [MESSAGE][PASSED] - Object: 'Object Repository/KeatMun/Form 7_default/OTC_Submit Form 7_Section F-G-H/Page_PERKESO/i2. mandatory_document2' is clicked on

2019-02-21 17:50:54 - [TEST_STEP][PASSED] - delay(3): Delayed 3 second(s)

2019-02-21 17:50:57 - [MESSAGE][PASSED] - Delayed 3 second(s)

2019-02-21 17:50:57 - [TEST_STEP][PASSED] - click(findTestObject("KeatMun/Form 7_default/OTC_Submit Form 7_Section F-G-H/Page_PERKESO/i2. input_Ya_optradio")): Object: 'Object Repository/KeatMun/Form 7_default/OTC_Submit Form 7_Section F-G-H/Page_PERKESO/i2. input_Ya_optradio' is clicked on

2019-02-21 17:50:57 - [MESSAGE][PASSED] - Object: 'Object Repository/KeatMun/Form 7_default/OTC_Submit Form 7_Section F-G-H/Page_PERKESO/i2. input_Ya_optradio' is clicked on

2019-02-21 17:50:57 - [TEST_STEP][PASSED] - delay(3): Delayed 3 second(s)

2019-02-21 17:51:00 - [MESSAGE][PASSED] - Delayed 3 second(s)

2019-02-21 17:51:00 - [TEST_STEP][PASSED] - sendKeys(findTestObject("KeatMun/Form 7_default/OTC_Submit Form 7_Section F-G-H/Page_PERKESO/i1.--Sila Pilih--_singleFil"), TextFilePathCommon + "\UploadDoc.txt"): Keys 'C:\Users\Admin\Documents\GitHub\PKSKatalon\PKS-EI-ES\Common Zone\UploadDoc.txt' sent to object: 'Object Repository/KeatMun/Form 7_default/OTC_Submit Form 7_Section F-G-H/Page_PERKESO/i1.--Sila Pilih--_singleFil'

2019-02-21 17:51:00 - [MESSAGE][PASSED] - Keys 'C:\Users\Admin\Documents\GitHub\PKSKatalon\PKS-EI-ES\Common Zone\UploadDoc.txt' sent to object: 'Object Repository/KeatMun/Form 7_default/OTC_Submit Form 7_Section F-G-H/Page_PERKESO/i1.--Sila Pilih--_singleFil'

2019-02-21 17:51:00 - [TEST_STEP][PASSED] - delay(3): Delayed 3 second(s)

2019-02-21 17:51:03 - [MESSAGE][PASSED] - Delayed 3 second(s)

2019-02-21 17:51:03 - [TEST_STEP][PASSED] - click(findTestObject("KeatMun/Form 7_default/OTC_Submit Form 7_Section F-G-H/Page_PERKESO/i2. button_Tambah Dokumen")): Object: 'Object Repository/KeatMun/Form 7_default/OTC_Submit Form 7_Section F-G-H/Page_PERKESO/i2. button_Tambah Dokumen' is clicked on

2019-02-21 17:51:04 - [MESSAGE][PASSED] - Object: 'Object Repository/KeatMun/Form 7_default/OTC_Submit Form 7_Section F-G-H/Page_PERKESO/i2. button_Tambah Dokumen' is clicked on

2019-02-21 17:51:04 - [TEST_STEP][PASSED] - delay(3): Delayed 3 second(s)

2019-02-21 17:51:07 - [MESSAGE][PASSED] - Delayed 3 second(s)

2019-02-21 17:51:07 - [TEST_STEP][PASSED] - acceptAlert(): Alert accepted

2019-02-21 17:51:07 - [MESSAGE][PASSED] - Alert accepted

2019-02-21 17:51:07 - [TEST_STEP][PASSED] - delay(3): Delayed 3 second(s)

2019-02-21 17:51:10 - [MESSAGE][PASSED] - Delayed 3 second(s)

2019-02-21 17:51:10 - [TEST_STEP][PASSED] - click(findTestObject("KeatMun/Form 7_default/OTC_Submit Form 7_Section F-G-H/Page_PERKESO/i3. mandatory_document3")): Object: 'Object Repository/KeatMun/Form 7_default/OTC_Submit Form 7_Section F-G-H/Page_PERKESO/i3. mandatory_document3' is clicked on

2019-02-21 17:51:10 - [MESSAGE][PASSED] - Object: 'Object Repository/KeatMun/Form 7_default/OTC_Submit Form 7_Section F-G-H/Page_PERKESO/i3. mandatory_document3' is clicked on

2019-02-21 17:51:10 - [TEST_STEP][PASSED] - delay(3): Delayed 3 second(s)

2019-02-21 17:51:13 - [MESSAGE][PASSED] - Delayed 3 second(s)

2019-02-21 17:51:13 - [TEST_STEP][PASSED] - click(findTestObject("KeatMun/Form 7_default/OTC_Submit Form 7_Section F-G-H/Page_PERKESO/i2. input_Ya_optradio")): Object: 'Object Repository/KeatMun/Form 7_default/OTC_Submit Form 7_Section F-G-H/Page_PERKESO/i2. input_Ya_optradio' is clicked on

2019-02-21 17:51:13 - [MESSAGE][PASSED] - Object: 'Object Repository/KeatMun/Form 7_default/OTC_Submit Form 7_Section F-G-H/Page_PERKESO/i2. input_Ya_optradio' is clicked on

2019-02-21 17:51:13 - [TEST_STEP][PASSED] - delay(3): Delayed 3 second(s)

2019-02-21 17:51:16 - [MESSAGE][PASSED] - Delayed 3 second(s)

2019-02-21 17:51:16 - [TEST_STEP][PASSED] - sendKeys(findTestObject("KeatMun/Form 7_default/OTC_Submit Form 7_Section F-G-H/Page_PERKESO/i1.--Sila Pilih--_singleFil"), TextFilePathCommon + "\UploadDoc.txt"): Keys 'C:\Users\Admin\Documents\GitHub\PKSKatalon\PKS-EI-ES\Common Zone\UploadDoc.txt' sent to object: 'Object Repository/KeatMun/Form 7_default/OTC_Submit Form 7_Section F-G-H/Page_PERKESO/i1.--Sila Pilih--_singleFil'

2019-02-21 17:51:16 - [MESSAGE][PASSED] - Keys 'C:\Users\Admin\Documents\GitHub\PKSKatalon\PKS-EI-ES\Common Zone\UploadDoc.txt' sent to object: 'Object Repository/KeatMun/Form 7_default/OTC_Submit Form 7_Section F-G-H/Page_PERKESO/i1.--Sila Pilih--_singleFil'

2019-02-21 17:51:16 - [TEST_STEP][PASSED] - delay(3): Delayed 3 second(s)

2019-02-21 17:51:19 - [MESSAGE][PASSED] - Delayed 3 second(s)

2019-02-21 17:51:19 - [TEST_STEP][PASSED] - click(findTestObject("KeatMun/Form 7_default/OTC_Submit Form 7_Section F-G-H/Page_PERKESO/i2. button_Tambah Dokumen")): Object: 'Object Repository/KeatMun/Form 7_default/OTC_Submit Form 7_Section F-G-H/Page_PERKESO/i2. button_Tambah Dokumen' is clicked on

2019-02-21 17:51:19 - [MESSAGE][PASSED] - Object: 'Object Repository/KeatMun/Form 7_default/OTC_Submit Form 7_Section F-G-H/Page_PERKESO/i2. button_Tambah Dokumen' is clicked on

2019-02-21 17:51:19 - [TEST_STEP][PASSED] - delay(3): Delayed 3 second(s)

2019-02-21 17:51:22 - [MESSAGE][PASSED] - Delayed 3 second(s)

2019-02-21 17:51:22 - [TEST_STEP][PASSED] - acceptAlert(): Alert accepted

2019-02-21 17:51:22 - [MESSAGE][PASSED] - Alert accepted

2019-02-21 17:51:22 - [TEST_STEP][PASSED] - delay(3): Delayed 3 second(s)

2019-02-21 17:51:25 - [MESSAGE][PASSED] - Delayed 3 second(s)

2019-02-21 17:51:25 - [TEST_STEP][PASSED] - click(findTestObject("KeatMun/Form 7_default/OTC_Submit Form 7_Section F-G-H/Page_PERKESO/i4. mandatory_document4")): Object: 'Object Repository/KeatMun/Form 7_default/OTC_Submit Form 7_Section F-G-H/Page_PERKESO/i4. mandatory_document4' is clicked on

2019-02-21 17:51:25 - [MESSAGE][PASSED] - Object: 'Object Repository/KeatMun/Form 7_default/OTC_Submit Form 7_Section F-G-H/Page_PERKESO/i4. mandatory_document4' is clicked on

2019-02-21 17:51:25 - [TEST_STEP][PASSED] - delay(3): Delayed 3 second(s)

2019-02-21 17:51:28 - [MESSAGE][PASSED] - Delayed 3 second(s)

2019-02-21 17:51:28 - [TEST_STEP][PASSED] - click(findTestObject("KeatMun/Form 7_default/OTC_Submit Form 7_Section F-G-H/Page_PERKESO/i4. _Ya_optradio")): Object: 'Object Repository/KeatMun/Form 7_default/OTC_Submit Form 7_Section F-G-H/Page_PERKESO/i4. _Ya_optradio' is clicked on

2019-02-21 17:51:28 - [MESSAGE][PASSED] - Object: 'Object Repository/KeatMun/Form 7_default/OTC_Submit Form 7_Section F-G-H/Page_PERKESO/i4. _Ya_optradio' is clicked on

2019-02-21 17:51:28 - [TEST_STEP][PASSED] - delay(3): Delayed 3 second(s)

2019-02-21 17:51:31 - [MESSAGE][PASSED] - Delayed 3 second(s)

2019-02-21 17:51:31 - [TEST_STEP][PASSED] - sendKeys(findTestObject("KeatMun/Form 7_default/OTC_Submit Form 7_Section F-G-H/Page_PERKESO/i1.--Sila Pilih--_singleFil"), TextFilePathCommon + "\UploadDoc.txt"): Keys 'C:\Users\Admin\Documents\GitHub\PKSKatalon\PKS-EI-ES\Common Zone\UploadDoc.txt' sent to object: 'Object Repository/KeatMun/Form 7_default/OTC_Submit Form 7_Section F-G-H/Page_PERKESO/i1.--Sila Pilih--_singleFil'

2019-02-21 17:51:31 - [MESSAGE][PASSED] - Keys 'C:\Users\Admin\Documents\GitHub\PKSKatalon\PKS-EI-ES\Common Zone\UploadDoc.txt' sent to object: 'Object Repository/KeatMun/Form 7_default/OTC_Submit Form 7_Section F-G-H/Page_PERKESO/i1.--Sila Pilih--_singleFil'

2019-02-21 17:51:31 - [TEST_STEP][PASSED] - delay(3): Delayed 3 second(s)

2019-02-21 17:51:34 - [MESSAGE][PASSED] - Delayed 3 second(s)

2019-02-21 17:51:34 - [TEST_STEP][PASSED] - click(findTestObject("KeatMun/Form 7_default/OTC_Submit Form 7_Section F-G-H/Page_PERKESO/i2. button_Tambah Dokumen")): Object: 'Object Repository/KeatMun/Form 7_default/OTC_Submit Form 7_Section F-G-H/Page_PERKESO/i2. button_Tambah Dokumen' is clicked on

2019-02-21 17:51:35 - [MESSAGE][PASSED] - Object: 'Object Repository/KeatMun/Form 7_default/OTC_Submit Form 7_Section F-G-H/Page_PERKESO/i2. button_Tambah Dokumen' is clicked on

2019-02-21 17:51:35 - [TEST_STEP][PASSED] - delay(3): Delayed 3 second(s)

2019-02-21 17:51:38 - [MESSAGE][PASSED] - Delayed 3 second(s)

2019-02-21 17:51:38 - [TEST_STEP][PASSED] - acceptAlert(): Alert accepted

2019-02-21 17:51:38 - [MESSAGE][PASSED] - Alert accepted

2019-02-21 17:51:38 - [TEST_STEP][PASSED] - delay(3): Delayed 3 second(s)

2019-02-21 17:51:41 - [MESSAGE][PASSED] - Delayed 3 second(s)

2019-02-21 17:51:41 - [TEST_STEP][PASSED] - click(findTestObject("KeatMun/Form 7_default/OTC_Submit Form 7_Section F-G-H/Page_PERKESO/button_Hantar")): Object: 'Object Repository/KeatMun/Form 7_default/OTC_Submit Form 7_Section F-G-H/Page_PERKESO/button_Hantar' is clicked on

2019-02-21 17:51:41 - [MESSAGE][PASSED] - Object: 'Object Repository/KeatMun/Form 7_default/OTC_Submit Form 7_Section F-G-H/Page_PERKESO/button_Hantar' is clicked on

2019-02-21 17:51:41 - [TEST_STEP][PASSED] - delay(3): Delayed 3 second(s)

2019-02-21 17:51:44 - [MESSAGE][PASSED] - Delayed 3 second(s)

2019-02-21 17:51:44 - [TEST_STEP][PASSED] - UserName = getText(findTestObject("KeatMun/Form 7_default/OTC_Submit Form 7_Section F-G-H/Page_PERKESO/strong_FAST2")): Text of object 'Object Repository/KeatMun/Form 7_default/OTC_Submit Form 7_Section F-G-H/Page_PERKESO/strong_FAST2' is: 'AADRIN BIN AZLY'

2019-02-21 17:51:44 - [MESSAGE][PASSED] - Text of object 'Object Repository/KeatMun/Form 7_default/OTC_Submit Form 7_Section F-G-H/Page_PERKESO/strong_FAST2' is: 'AADRIN BIN AZLY'

2019-02-21 17:51:44 - [TEST_STEP][PASSED] - callTestCase(findTestCase("All TC/Arranged/1. Common/1.2 Setter/Setter UserName"), [:], STOP_ON_FAILURE): Call Test Case 'Test Cases/All TC/Arranged/1. Common/1.2 Setter/Setter UserName' successfully

2019-02-21 17:51:44 - [TEST_CASE][PASSED] - Test Cases/All TC/Arranged/1. Common/1.2 Setter/Setter UserName: Test Cases/All TC/Arranged/1. Common/1.2 Setter/Setter UserName

2019-02-21 17:51:44 - [TEST_STEP][PASSED] - RefNoOldFile = new java.io.File((internal.GlobalVariable.TextFilePathCommon + \getUser.txt)): null

2019-02-21 17:51:44 - [TEST_STEP][PASSED] - RefNoOldFile.delete(): null

2019-02-21 17:51:44 - [TEST_STEP][PASSED] - delay(5): Delayed 5 second(s)

2019-02-21 17:51:49 - [MESSAGE][PASSED] - Delayed 5 second(s)

2019-02-21 17:51:49 - [TEST_STEP][PASSED] - RefNo = new java.io.File((internal.GlobalVariable.TextFilePathCommon + \getUser.txt)): null

2019-02-21 17:51:49 - [TEST_STEP][PASSED] - f2 = new java.io.FileWriter(RefNo, false): null

2019-02-21 17:51:49 - [TEST_STEP][PASSED] - f2.write(UserName): null

2019-02-21 17:51:49 - [TEST_STEP][PASSED] - f2.close(): null

2019-02-21 17:51:49 - [TEST_STEP][PASSED] - out.println("


" + UserName + "


"): null

2019-02-21 17:51:49 - [MESSAGE][PASSED] - Call Test Case 'Test Cases/All TC/Arranged/1. Common/1.2 Setter/Setter UserName' successfully

2019-02-21 17:51:49 - [TEST_STEP][PASSED] - IC = getText(findTestObject("KeatMun/Form 7_default/OTC_Submit Form 7_Section F-G-H/Page_PERKESO/strong_950000140051")): Text of object 'Object Repository/KeatMun/Form 7_default/OTC_Submit Form 7_Section F-G-H/Page_PERKESO/strong_950000140051' is: '770730035995'

2019-02-21 17:51:49 - [MESSAGE][PASSED] - Text of object 'Object Repository/KeatMun/Form 7_default/OTC_Submit Form 7_Section F-G-H/Page_PERKESO/strong_950000140051' is: '770730035995'

2019-02-21 17:51:49 - [TEST_STEP][PASSED] - callTestCase(findTestCase("All TC/Arranged/1. Common/1.2 Setter/Setter IC"), [:], STOP_ON_FAILURE): Call Test Case 'Test Cases/All TC/Arranged/1. Common/1.2 Setter/Setter IC' successfully

2019-02-21 17:51:49 - [TEST_CASE][PASSED] - Test Cases/All TC/Arranged/1. Common/1.2 Setter/Setter IC: Test Cases/All TC/Arranged/1. Common/1.2 Setter/Setter IC

2019-02-21 17:51:49 - [TEST_STEP][PASSED] - RefNoOldFile = new java.io.File((internal.GlobalVariable.TextFilePathCommon + \getIC.txt)): null

2019-02-21 17:51:49 - [TEST_STEP][PASSED] - RefNoOldFile.delete(): null

2019-02-21 17:51:49 - [TEST_STEP][PASSED] - delay(5): Delayed 5 second(s)

2019-02-21 17:51:54 - [MESSAGE][PASSED] - Delayed 5 second(s)

2019-02-21 17:51:54 - [TEST_STEP][PASSED] - RefNo = new java.io.File((internal.GlobalVariable.TextFilePathCommon + \getIC.txt)): null

2019-02-21 17:51:54 - [TEST_STEP][PASSED] - f2 = new java.io.FileWriter(RefNo, false): null

2019-02-21 17:51:54 - [TEST_STEP][PASSED] - f2.write(IC): null

2019-02-21 17:51:54 - [TEST_STEP][PASSED] - f2.close(): null

2019-02-21 17:51:54 - [TEST_STEP][PASSED] - out.println("


" + IC + "


"): null

2019-02-21 17:51:54 - [MESSAGE][PASSED] - Call Test Case 'Test Cases/All TC/Arranged/1. Common/1.2 Setter/Setter IC' successfully

2019-02-21 17:51:54 - [TEST_STEP][PASSED] - CaseID = getText(findTestObject("KeatMun/Form 7_default/OTC_Submit Form 7_Section F-G-H/Page_PERKESO/strong_SIPE1119070000004")): Text of object 'Object Repository/KeatMun/Form 7_default/OTC_Submit Form 7_Section F-G-H/Page_PERKESO/strong_SIPE1119070000004' is: 'SIPE1119070000037'

2019-02-21 17:51:54 - [MESSAGE][PASSED] - Text of object 'Object Repository/KeatMun/Form 7_default/OTC_Submit Form 7_Section F-G-H/Page_PERKESO/strong_SIPE1119070000004' is: 'SIPE1119070000037'

2019-02-21 17:51:54 - [TEST_STEP][PASSED] - callTestCase(findTestCase("All TC/Arranged/1. Common/1.2 Setter/Setter Case ID"), [:], STOP_ON_FAILURE): Call Test Case 'Test Cases/All TC/Arranged/1. Common/1.2 Setter/Setter Case ID' successfully

2019-02-21 17:51:54 - [TEST_CASE][PASSED] - Test Cases/All TC/Arranged/1. Common/1.2 Setter/Setter Case ID: Test Cases/All TC/Arranged/1. Common/1.2 Setter/Setter Case ID

2019-02-21 17:51:54 - [TEST_STEP][PASSED] - RefNoOldFile = new java.io.File((internal.GlobalVariable.TextFilePathCommon + \getCaseID.txt)): null

2019-02-21 17:51:54 - [TEST_STEP][PASSED] - RefNoOldFile.delete(): null

2019-02-21 17:51:54 - [TEST_STEP][PASSED] - delay(5): Delayed 5 second(s)

2019-02-21 17:51:59 - [MESSAGE][PASSED] - Delayed 5 second(s)

2019-02-21 17:51:59 - [TEST_STEP][PASSED] - RefNo = new java.io.File((internal.GlobalVariable.TextFilePathCommon + \getCaseID.txt)): null

2019-02-21 17:51:59 - [TEST_STEP][PASSED] - f2 = new java.io.FileWriter(RefNo, false): null

2019-02-21 17:51:59 - [TEST_STEP][PASSED] - f2.write(CaseID): null

2019-02-21 17:51:59 - [TEST_STEP][PASSED] - f2.close(): null

2019-02-21 17:51:59 - [TEST_STEP][PASSED] - out.println("


" + CaseID + "


"): null

2019-02-21 17:51:59 - [MESSAGE][PASSED] - Call Test Case 'Test Cases/All TC/Arranged/1. Common/1.2 Setter/Setter Case ID' successfully

2019-02-21 17:51:59 - [TEST_STEP][PASSED] - Password = getText(findTestObject("KeatMun/Form 7_default/OTC_Submit Form 7_Section F-G-H/Page_PERKESO/strong_OOPQe0i4")): Text of object 'Object Repository/KeatMun/Form 7_default/OTC_Submit Form 7_Section F-G-H/Page_PERKESO/strong_OOPQe0i4' is: '8ecNfCyd'

2019-02-21 17:51:59 - [MESSAGE][PASSED] - Text of object 'Object Repository/KeatMun/Form 7_default/OTC_Submit Form 7_Section F-G-H/Page_PERKESO/strong_OOPQe0i4' is: '8ecNfCyd'

2019-02-21 17:51:59 - [TEST_STEP][PASSED] - callTestCase(findTestCase("All TC/Arranged/1. Common/1.2 Setter/Setter Password"), [:], STOP_ON_FAILURE): Call Test Case 'Test Cases/All TC/Arranged/1. Common/1.2 Setter/Setter Password' successfully

2019-02-21 17:51:59 - [TEST_CASE][PASSED] - Test Cases/All TC/Arranged/1. Common/1.2 Setter/Setter Password: Test Cases/All TC/Arranged/1. Common/1.2 Setter/Setter Password

2019-02-21 17:51:59 - [TEST_STEP][PASSED] - RefNoOldFile = new java.io.File((internal.GlobalVariable.TextFilePathCommon + \getPassword.txt)): null

2019-02-21 17:51:59 - [TEST_STEP][PASSED] - RefNoOldFile.delete(): null

2019-02-21 17:51:59 - [TEST_STEP][PASSED] - delay(5): Delayed 5 second(s)

2019-02-21 17:52:04 - [MESSAGE][PASSED] - Delayed 5 second(s)

2019-02-21 17:52:04 - [TEST_STEP][PASSED] - RefNo = new java.io.File((internal.GlobalVariable.TextFilePathCommon + \getPassword.txt)): null

2019-02-21 17:52:04 - [TEST_STEP][PASSED] - f2 = new java.io.FileWriter(RefNo, false): null

2019-02-21 17:52:04 - [TEST_STEP][PASSED] - f2.write(Password): null

2019-02-21 17:52:04 - [TEST_STEP][PASSED] - f2.close(): null

2019-02-21 17:52:04 - [TEST_STEP][PASSED] - out.println("


" + Password + "


"): null

2019-02-21 17:52:04 - [MESSAGE][PASSED] - Call Test Case 'Test Cases/All TC/Arranged/1. Common/1.2 Setter/Setter Password' successfully

2019-02-21 17:52:04 - [MESSAGE][PASSED] - Call Test Case 'Test Cases/All TC/Arranged/3. Unit/EI/Form 7_default/OTC_Submit Form 7_Section F-G-H - Cheque' successfully

2019-02-21 17:52:04 - [MESSAGE][PASSED] - Call Test Case 'Test Cases/All TC/Arranged/2. Segment/OTC_Submit Form 7_End to End - Cheque' successfully

2019-02-21 17:52:04 - [TEST_STEP][PASSED] - callTestCase(findTestCase("All TC/Arranged/2. Segment/2.2 Check Status/Check Status - Case ID"), [:], STOP_ON_FAILURE): Call Test Case 'Test Cases/All TC/Arranged/2. Segment/2.2 Check Status/Check Status - Case ID' successfully

2019-02-21 17:52:05 - [TEST_CASE][PASSED] - Test Cases/All TC/Arranged/2. Segment/2.2 Check Status/Check Status - Case ID: Test Cases/All TC/Arranged/2. Segment/2.2 Check Status/Check Status - Case ID

2019-02-21 17:52:05 - [TEST_STEP][PASSED] - openBrowser(""): Browser is opened with url: ''

2019-02-21 17:52:05 - [MESSAGE][WARNING] - A browser is already opened. Closing browser and opening a new one

2019-02-21 17:52:05 - [MESSAGE][INFO] - Starting 'Chrome' driver

2019-02-21 17:52:05 - [MESSAGE][INFO] - User set preference: ['args', '[--start-maximized]']

2019-02-21 17:52:08 - [MESSAGE][PASSED] - Browser is opened with url: ''

2019-02-21 17:52:08 - [TEST_STEP][PASSED] - navigateToUrl(Internal_Login): Navigate to 'http://10.20.24.188/eisportal/user/login' successfully

2019-02-21 17:52:08 - [MESSAGE][PASSED] - Navigate to 'http://10.20.24.188/eisportal/user/login' successfully

2019-02-21 17:52:08 - [TEST_STEP][PASSED] - setText(findTestObject("KinJun/2.0 Check Status/Check Status - Case ID/Page_PERKESO/Input Username"), "nadia.harun@perkeso.gov.my"): Text 'nadia.harun@perkeso.gov.my' is set on object 'Object Repository/KinJun/2.0 Check Status/Check Status - Case ID/Page_PERKESO/Input Username'

2019-02-21 17:52:09 - [MESSAGE][PASSED] - Text 'nadia.harun@perkeso.gov.my' is set on object 'Object Repository/KinJun/2.0 Check Status/Check Status - Case ID/Page_PERKESO/Input Username'

2019-02-21 17:52:09 - [TEST_STEP][PASSED] - setEncryptedText(findTestObject("KinJun/2.0 Check Status/Check Status - Case ID/Page_PERKESO/Input Password"), "CQqwFZlbeC8="): Text ****** has been set on object 'Object Repository/KinJun/2.0 Check Status/Check Status - Case ID/Page_PERKESO/Input Password'

2019-02-21 17:52:09 - [MESSAGE][PASSED] - Text ****** has been set on object 'Object Repository/KinJun/2.0 Check Status/Check Status - Case ID/Page_PERKESO/Input Password'

2019-02-21 17:52:09 - [TEST_STEP][PASSED] - click(findTestObject("KinJun/2.0 Check Status/Check Status - Case ID/Page_PERKESO/Btn Login")): Object: 'Object Repository/KinJun/2.0 Check Status/Check Status - Case ID/Page_PERKESO/Btn Login' is clicked on

2019-02-21 17:52:10 - [MESSAGE][PASSED] - Object: 'Object Repository/KinJun/2.0 Check Status/Check Status - Case ID/Page_PERKESO/Btn Login' is clicked on

2019-02-21 17:52:10 - [TEST_STEP][PASSED] - delay(3): Delayed 3 second(s)

2019-02-21 17:52:13 - [MESSAGE][PASSED] - Delayed 3 second(s)

2019-02-21 17:52:13 - [TEST_STEP][PASSED] - callTestCase(findTestCase("All TC/Arranged/1. Common/1.1 Getter/Getter IC"), [:], STOP_ON_FAILURE): Call Test Case 'Test Cases/All TC/Arranged/1. Common/1.1 Getter/Getter IC' successfully

2019-02-21 17:52:13 - [TEST_CASE][PASSED] - Test Cases/All TC/Arranged/1. Common/1.1 Getter/Getter IC: Test Cases/All TC/Arranged/1. Common/1.1 Getter/Getter IC

2019-02-21 17:52:13 - [TEST_STEP][PASSED] - try: null

2019-02-21 17:52:13 - [TEST_STEP][PASSED] - RefNo = new java.io.File((internal.GlobalVariable.TextFilePathCommon + \getIC.txt)): null

2019-02-21 17:52:13 - [TEST_STEP][PASSED] - bufferread = new java.io.BufferedReader(new java.io.FileReader(RefNo)): null

2019-02-21 17:52:13 - [TEST_STEP][PASSED] - readedVal = bufferread.readLine(): null

2019-02-21 17:52:13 - [TEST_STEP][PASSED] - out.println(IC): null

2019-02-21 17:52:13 - [TEST_STEP][PASSED] - out.println(readedVal): null

2019-02-21 17:52:13 - [TEST_STEP][PASSED] - IC = "": null

2019-02-21 17:52:13 - [TEST_STEP][PASSED] - IC = readedVal: null

2019-02-21 17:52:13 - [MESSAGE][PASSED] - Call Test Case 'Test Cases/All TC/Arranged/1. Common/1.1 Getter/Getter IC' successfully

2019-02-21 17:52:13 - [TEST_STEP][PASSED] - setText(findTestObject("KinJun/2.0 Check Status/Check Status - Case ID/Page_PERKESO/Input IC"), IC): Text '770730035995' is set on object 'Object Repository/KinJun/2.0 Check Status/Check Status - Case ID/Page_PERKESO/Input IC'

2019-02-21 17:52:13 - [MESSAGE][PASSED] - Text '770730035995' is set on object 'Object Repository/KinJun/2.0 Check Status/Check Status - Case ID/Page_PERKESO/Input IC'

2019-02-21 17:52:13 - [TEST_STEP][PASSED] - delay(3): Delayed 3 second(s)

2019-02-21 17:52:16 - [MESSAGE][PASSED] - Delayed 3 second(s)

2019-02-21 17:52:16 - [TEST_STEP][PASSED] - click(findTestObject("KinJun/2.0 Check Status/Check Status - Case ID/Page_PERKESO/Btn Check")): Object: 'Object Repository/KinJun/2.0 Check Status/Check Status - Case ID/Page_PERKESO/Btn Check' is clicked on

2019-02-21 17:52:16 - [MESSAGE][PASSED] - Object: 'Object Repository/KinJun/2.0 Check Status/Check Status - Case ID/Page_PERKESO/Btn Check' is clicked on

2019-02-21 17:52:16 - [TEST_STEP][PASSED] - UserName = getText(findTestObject("KinJun/2.0 Check Status/Check Status - Case ID/Page_PERKESO/TD Username")): Text of object 'Object Repository/KinJun/2.0 Check Status/Check Status - Case ID/Page_PERKESO/TD Username' is: 'AZLINBABDAZIZ'

2019-02-21 17:52:17 - [MESSAGE][PASSED] - Text of object 'Object Repository/KinJun/2.0 Check Status/Check Status - Case ID/Page_PERKESO/TD Username' is: 'AZLINBABDAZIZ'

2019-02-21 17:52:17 - [TEST_STEP][PASSED] - callTestCase(findTestCase("All TC/Arranged/1. Common/1.2 Setter/Setter UserName"), [:], STOP_ON_FAILURE): Call Test Case 'Test Cases/All TC/Arranged/1. Common/1.2 Setter/Setter UserName' successfully

2019-02-21 17:52:17 - [TEST_CASE][PASSED] - Test Cases/All TC/Arranged/1. Common/1.2 Setter/Setter UserName: Test Cases/All TC/Arranged/1. Common/1.2 Setter/Setter UserName

2019-02-21 17:52:17 - [TEST_STEP][PASSED] - RefNoOldFile = new java.io.File((internal.GlobalVariable.TextFilePathCommon + \getUser.txt)): null

2019-02-21 17:52:17 - [TEST_STEP][PASSED] - RefNoOldFile.delete(): null

2019-02-21 17:52:17 - [TEST_STEP][PASSED] - delay(5): Delayed 5 second(s)

2019-02-21 17:52:22 - [MESSAGE][PASSED] - Delayed 5 second(s)

2019-02-21 17:52:22 - [TEST_STEP][PASSED] - RefNo = new java.io.File((internal.GlobalVariable.TextFilePathCommon + \getUser.txt)): null

2019-02-21 17:52:22 - [TEST_STEP][PASSED] - f2 = new java.io.FileWriter(RefNo, false): null

2019-02-21 17:52:22 - [TEST_STEP][PASSED] - f2.write(UserName): null

2019-02-21 17:52:22 - [TEST_STEP][PASSED] - f2.close(): null

2019-02-21 17:52:22 - [TEST_STEP][PASSED] - out.println("


" + UserName + "


"): null

2019-02-21 17:52:22 - [MESSAGE][PASSED] - Call Test Case 'Test Cases/All TC/Arranged/1. Common/1.2 Setter/Setter UserName' successfully

2019-02-21 17:52:22 - [TEST_STEP][PASSED] - click(findTestObject("KinJun/2.0 Check Status/Check Status - Case ID/Page_PERKESO/Click Username")): Object: 'Object Repository/KinJun/2.0 Check Status/Check Status - Case ID/Page_PERKESO/Click Username' is clicked on

2019-02-21 17:52:22 - [MESSAGE][PASSED] - Object: 'Object Repository/KinJun/2.0 Check Status/Check Status - Case ID/Page_PERKESO/Click Username' is clicked on

2019-02-21 17:52:22 - [TEST_STEP][PASSED] - delay(3): Delayed 3 second(s)

2019-02-21 17:52:25 - [MESSAGE][PASSED] - Delayed 3 second(s)

2019-02-21 17:52:25 - [TEST_STEP][PASSED] - click(findTestObject("KinJun/2.0 Check Status/Check Status - Case ID/Page_PERKESO/Log Out")): Object: 'Object Repository/KinJun/2.0 Check Status/Check Status - Case ID/Page_PERKESO/Log Out' is clicked on

2019-02-21 17:52:26 - [MESSAGE][PASSED] - Object: 'Object Repository/KinJun/2.0 Check Status/Check Status - Case ID/Page_PERKESO/Log Out' is clicked on

2019-02-21 17:52:26 - [MESSAGE][PASSED] - Call Test Case 'Test Cases/All TC/Arranged/2. Segment/2.2 Check Status/Check Status - Case ID' successfully

2019-02-21 17:52:26 - [TEST_STEP][PASSED] - callTestCase(findTestCase("All TC/Arranged/1. Common/IC List Remover"), [:], STOP_ON_FAILURE): Call Test Case 'Test Cases/All TC/Arranged/1. Common/IC List Remover' successfully

2019-02-21 17:52:26 - [TEST_CASE][PASSED] - Test Cases/All TC/Arranged/1. Common/IC List Remover: Test Cases/All TC/Arranged/1. Common/IC List Remover

2019-02-21 17:52:26 - [TEST_STEP][PASSED] - counter = 0: null

2019-02-21 17:52:26 - [TEST_STEP][PASSED] - fis = new java.io.FileInputStream((internal.GlobalVariable.TextFilePathCommon + /IC.xlsx)): null

2019-02-21 17:52:26 - [TEST_STEP][PASSED] - workbook = new org.apache.poi.xssf.usermodel.XSSFWorkbook(fis): null

2019-02-21 17:52:26 - [TEST_STEP][PASSED] - sheet = workbook.getSheet("Sheet1"): null

2019-02-21 17:52:26 - [TEST_STEP][PASSED] - totalRow = sheet.getLastRowNum(): null

2019-02-21 17:52:26 - [TEST_STEP][PASSED] - out.println(totalRow): null

2019-02-21 17:52:26 - [TEST_STEP][PASSED] - row = sheet.getRow(counter): null

2019-02-21 17:52:26 - [TEST_STEP][PASSED] - cell = row.getCell(counter): null

2019-02-21 17:52:26 - [TEST_STEP][PASSED] - out.println("removing this value : " + cell.getStringCellValue()): null

2019-02-21 17:52:26 - [TEST_STEP][PASSED] - sheet.removeRow(sheet.getRow(counter)): null

2019-02-21 17:52:26 - [TEST_STEP][PASSED] - sheet.shiftRows(counter + 1, totalRow, -1): null

2019-02-21 17:52:26 - [TEST_STEP][PASSED] - fos = new java.io.FileOutputStream((internal.GlobalVariable.TextFilePathCommon + /IC.xlsx)): null

2019-02-21 17:52:26 - [TEST_STEP][PASSED] - workbook.write(fos): null

2019-02-21 17:52:26 - [TEST_STEP][PASSED] - fos.close(): null

2019-02-21 17:52:26 - [MESSAGE][PASSED] - Call Test Case 'Test Cases/All TC/Arranged/1. Common/IC List Remover' successfully

2019-02-21 17:52:26 - [TEST_STEP][FAILED] - callTestCase(findTestCase("All TC/Arranged/2. Segment/2.5 Query/6.2 Same Branch - EIO"), [:], STOP_ON_FAILURE): callTestCase(findTestCase("All TC/Arranged/2. Segment/2.5 Query/6.2 Same Branch - EIO"), [:], STOP_ON_FAILURE) FAILED.
Reason:
com.kms.katalon.core.exception.StepFailedException: Unable to click on object 'Object Repository/KinJun/6.0 Query/6.2 Same branch - EIO/Page_PERKESO/Click username' (Root cause: com.kms.katalon.core.webui.exception.WebElementNotFoundException: Web element with id: 'Object Repository/KinJun/6.0 Query/6.2 Same branch - EIO/Page_PERKESO/Click username' located by 'By.xpath: id("bg2")/header[1]/div[@class="container-fluid"]/div[@class="row"]/div[@class="col-md-2"]/ul[@class="nav navbar-nav navbar-right"]/li[@class="dropdown"]/a[@class="dropdown-toggle"][count(. | //a[@href = '#']) = count(//a[@href = '#'])]' not found)
	at com.kms.katalon.core.keyword.internal.KeywordMain.stepFailed(KeywordMain.groovy:36)
	at com.kms.katalon.core.webui.keyword.internal.WebUIKeywordMain.stepFailed(WebUIKeywordMain.groovy:65)
	at com.kms.katalon.core.webui.keyword.internal.WebUIKeywordMain.runKeyword(WebUIKeywordMain.groovy:27)
	at com.kms.katalon.core.webui.keyword.builtin.ClickKeyword.click(ClickKeyword.groovy:86)
	at com.kms.katalon.core.webui.keyword.builtin.ClickKeyword.execute(ClickKeyword.groovy:67)
	at com.kms.katalon.core.keyword.internal.KeywordExecutor.executeKeywordForPlatform(KeywordExecutor.groovy:53)
	at com.kms.katalon.core.webui.keyword.WebUiBuiltInKeywords.click(WebUiBuiltInKeywords.groovy:616)
	at com.kms.katalon.core.webui.keyword.WebUiBuiltInKeywords$click$3.call(Unknown Source)
	at 6.2 Same Branch - EIO.run(6.2 Same Branch - EIO:83)
	at com.kms.katalon.core.main.ScriptEngine.run(ScriptEngine.java:194)
	at com.kms.katalon.core.main.ScriptEngine.runScriptAsRawText(ScriptEngine.java:119)
	at com.kms.katalon.core.main.TestCaseExecutor.runScript(TestCaseExecutor.java:328)
	at com.kms.katalon.core.main.TestCaseExecutor.doExecute(TestCaseExecutor.java:319)
	at com.kms.katalon.core.main.TestCaseExecutor.processExecutionPhase(TestCaseExecutor.java:298)
	at com.kms.katalon.core.main.TestCaseExecutor.accessMainPhase(TestCaseExecutor.java:290)
	at com.kms.katalon.core.main.TestCaseExecutor.execute(TestCaseExecutor.java:224)
	at com.kms.katalon.core.main.TestCaseMain.runTestCase(TestCaseMain.java:106)
	at com.kms.katalon.core.keyword.builtin.CallTestCaseKeyword$_callTestCase_closure1.doCall(CallTestCaseKeyword.groovy:59)
	at com.kms.katalon.core.keyword.builtin.CallTestCaseKeyword$_callTestCase_closure1.call(CallTestCaseKeyword.groovy)
	at com.kms.katalon.core.keyword.internal.KeywordMain.runKeyword(KeywordMain.groovy:54)
	at com.kms.katalon.core.keyword.builtin.CallTestCaseKeyword.callTestCase(CallTestCaseKeyword.groovy:80)
	at com.kms.katalon.core.keyword.builtin.CallTestCaseKeyword.execute(CallTestCaseKeyword.groovy:44)
	at com.kms.katalon.core.keyword.internal.KeywordExecutor.executeKeywordForPlatform(KeywordExecutor.groovy:53)
	at com.kms.katalon.core.keyword.BuiltinKeywords.callTestCase(BuiltinKeywords.groovy:334)
	at Same branch - EIO.run(Same branch - EIO:22)
	at com.kms.katalon.core.main.ScriptEngine.run(ScriptEngine.java:194)
	at com.kms.katalon.core.main.ScriptEngine.runScriptAsRawText(ScriptEngine.java:119)
	at com.kms.katalon.core.main.TestCaseExecutor.runScript(TestCaseExecutor.java:328)
	at com.kms.katalon.core.main.TestCaseExecutor.doExecute(TestCaseExecutor.java:319)
	at com.kms.katalon.core.main.TestCaseExecutor.processExecutionPhase(TestCaseExecutor.java:298)
	at com.kms.katalon.core.main.TestCaseExecutor.accessMainPhase(TestCaseExecutor.java:290)
	at com.kms.katalon.core.main.TestCaseExecutor.execute(TestCaseExecutor.java:224)
	at com.kms.katalon.core.main.TestSuiteExecutor.accessTestCaseMainPhase(TestSuiteExecutor.java:129)
	at com.kms.katalon.core.main.TestSuiteExecutor.accessTestSuiteMainPhase(TestSuiteExecutor.java:112)
	at com.kms.katalon.core.main.TestSuiteExecutor.execute(TestSuiteExecutor.java:81)
	at com.kms.katalon.core.main.TestCaseMain.startTestSuite(TestCaseMain.java:149)
	at com.kms.katalon.core.main.TestCaseMain$startTestSuite$0.call(Unknown Source)
	at TempTestSuite1550738418733.run(TempTestSuite1550738418733.groovy:36)


2019-02-21 17:52:26 - [TEST_CASE][FAILED] - Test Cases/All TC/Arranged/2. Segment/2.5 Query/6.2 Same Branch - EIO: Test Cases/All TC/Arranged/2. Segment/2.5 Query/6.2 Same Branch - EIO FAILED.
Reason:
com.kms.katalon.core.exception.StepFailedException: Unable to click on object 'Object Repository/KinJun/6.0 Query/6.2 Same branch - EIO/Page_PERKESO/Click username' (Root cause: com.kms.katalon.core.webui.exception.WebElementNotFoundException: Web element with id: 'Object Repository/KinJun/6.0 Query/6.2 Same branch - EIO/Page_PERKESO/Click username' located by 'By.xpath: id("bg2")/header[1]/div[@class="container-fluid"]/div[@class="row"]/div[@class="col-md-2"]/ul[@class="nav navbar-nav navbar-right"]/li[@class="dropdown"]/a[@class="dropdown-toggle"][count(. | //a[@href = '#']) = count(//a[@href = '#'])]' not found)
	at com.kms.katalon.core.keyword.internal.KeywordMain.stepFailed(KeywordMain.groovy:36)
	at com.kms.katalon.core.webui.keyword.internal.WebUIKeywordMain.stepFailed(WebUIKeywordMain.groovy:65)
	at com.kms.katalon.core.webui.keyword.internal.WebUIKeywordMain.runKeyword(WebUIKeywordMain.groovy:27)
	at com.kms.katalon.core.webui.keyword.builtin.ClickKeyword.click(ClickKeyword.groovy:86)
	at com.kms.katalon.core.webui.keyword.builtin.ClickKeyword.execute(ClickKeyword.groovy:67)
	at com.kms.katalon.core.keyword.internal.KeywordExecutor.executeKeywordForPlatform(KeywordExecutor.groovy:53)
	at com.kms.katalon.core.webui.keyword.WebUiBuiltInKeywords.click(WebUiBuiltInKeywords.groovy:616)
	at com.kms.katalon.core.webui.keyword.WebUiBuiltInKeywords$click$3.call(Unknown Source)
	at 6.2 Same Branch - EIO.run(6.2 Same Branch - EIO:83)
	at com.kms.katalon.core.main.ScriptEngine.run(ScriptEngine.java:194)
	at com.kms.katalon.core.main.ScriptEngine.runScriptAsRawText(ScriptEngine.java:119)
	at com.kms.katalon.core.main.TestCaseExecutor.runScript(TestCaseExecutor.java:328)
	at com.kms.katalon.core.main.TestCaseExecutor.doExecute(TestCaseExecutor.java:319)
	at com.kms.katalon.core.main.TestCaseExecutor.processExecutionPhase(TestCaseExecutor.java:298)
	at com.kms.katalon.core.main.TestCaseExecutor.accessMainPhase(TestCaseExecutor.java:290)
	at com.kms.katalon.core.main.TestCaseExecutor.execute(TestCaseExecutor.java:224)
	at com.kms.katalon.core.main.TestCaseMain.runTestCase(TestCaseMain.java:106)
	at com.kms.katalon.core.keyword.builtin.CallTestCaseKeyword$_callTestCase_closure1.doCall(CallTestCaseKeyword.groovy:59)
	at com.kms.katalon.core.keyword.builtin.CallTestCaseKeyword$_callTestCase_closure1.call(CallTestCaseKeyword.groovy)
	at com.kms.katalon.core.keyword.internal.KeywordMain.runKeyword(KeywordMain.groovy:54)
	at com.kms.katalon.core.keyword.builtin.CallTestCaseKeyword.callTestCase(CallTestCaseKeyword.groovy:80)
	at com.kms.katalon.core.keyword.builtin.CallTestCaseKeyword.execute(CallTestCaseKeyword.groovy:44)
	at com.kms.katalon.core.keyword.internal.KeywordExecutor.executeKeywordForPlatform(KeywordExecutor.groovy:53)
	at com.kms.katalon.core.keyword.BuiltinKeywords.callTestCase(BuiltinKeywords.groovy:334)
	at Same branch - EIO.run(Same branch - EIO:22)
	at com.kms.katalon.core.main.ScriptEngine.run(ScriptEngine.java:194)
	at com.kms.katalon.core.main.ScriptEngine.runScriptAsRawText(ScriptEngine.java:119)
	at com.kms.katalon.core.main.TestCaseExecutor.runScript(TestCaseExecutor.java:328)
	at com.kms.katalon.core.main.TestCaseExecutor.doExecute(TestCaseExecutor.java:319)
	at com.kms.katalon.core.main.TestCaseExecutor.processExecutionPhase(TestCaseExecutor.java:298)
	at com.kms.katalon.core.main.TestCaseExecutor.accessMainPhase(TestCaseExecutor.java:290)
	at com.kms.katalon.core.main.TestCaseExecutor.execute(TestCaseExecutor.java:224)
	at com.kms.katalon.core.main.TestSuiteExecutor.accessTestCaseMainPhase(TestSuiteExecutor.java:129)
	at com.kms.katalon.core.main.TestSuiteExecutor.accessTestSuiteMainPhase(TestSuiteExecutor.java:112)
	at com.kms.katalon.core.main.TestSuiteExecutor.execute(TestSuiteExecutor.java:81)
	at com.kms.katalon.core.main.TestCaseMain.startTestSuite(TestCaseMain.java:149)
	at com.kms.katalon.core.main.TestCaseMain$startTestSuite$0.call(Unknown Source)
	at TempTestSuite1550738418733.run(TempTestSuite1550738418733.groovy:36)


2019-02-21 17:52:27 - [TEST_STEP][PASSED] - openBrowser(""): Browser is opened with url: ''

2019-02-21 17:52:27 - [MESSAGE][WARNING] - A browser is already opened. Closing browser and opening a new one

2019-02-21 17:52:27 - [MESSAGE][INFO] - Starting 'Chrome' driver

2019-02-21 17:52:27 - [MESSAGE][INFO] - User set preference: ['args', '[--start-maximized]']

2019-02-21 17:52:30 - [MESSAGE][PASSED] - Browser is opened with url: ''

2019-02-21 17:52:30 - [TEST_STEP][PASSED] - navigateToUrl(Internal_Login): Navigate to 'http://10.20.24.188/eisportal/user/login' successfully

2019-02-21 17:52:30 - [MESSAGE][PASSED] - Navigate to 'http://10.20.24.188/eisportal/user/login' successfully

2019-02-21 17:52:30 - [TEST_STEP][PASSED] - callTestCase(findTestCase("All TC/Arranged/1. Common/Internal Email Finder"), [:], STOP_ON_FAILURE): Call Test Case 'Test Cases/All TC/Arranged/1. Common/Internal Email Finder' successfully

2019-02-21 17:52:30 - [TEST_CASE][PASSED] - Test Cases/All TC/Arranged/1. Common/Internal Email Finder: Test Cases/All TC/Arranged/1. Common/Internal Email Finder

2019-02-21 17:52:30 - [TEST_STEP][PASSED] - callTestCase(findTestCase("All TC/Arranged/1. Common/1.1 Getter/Getter UserName"), [:], CONTINUE_ON_FAILURE): Call Test Case 'Test Cases/All TC/Arranged/1. Common/1.1 Getter/Getter UserName' successfully

2019-02-21 17:52:30 - [TEST_CASE][PASSED] - Test Cases/All TC/Arranged/1. Common/1.1 Getter/Getter UserName: Test Cases/All TC/Arranged/1. Common/1.1 Getter/Getter UserName

2019-02-21 17:52:30 - [TEST_STEP][PASSED] - try: null

2019-02-21 17:52:30 - [TEST_STEP][PASSED] - RefNo = new java.io.File((internal.GlobalVariable.TextFilePathCommon + \getUser.txt)): null

2019-02-21 17:52:30 - [TEST_STEP][PASSED] - bufferread = new java.io.BufferedReader(new java.io.FileReader(RefNo)): null

2019-02-21 17:52:30 - [TEST_STEP][PASSED] - readedVal = bufferread.readLine(): null

2019-02-21 17:52:30 - [TEST_STEP][PASSED] - out.println(UserName): null

2019-02-21 17:52:30 - [TEST_STEP][PASSED] - out.println(readedVal): null

2019-02-21 17:52:30 - [TEST_STEP][PASSED] - UserName = "": null

2019-02-21 17:52:30 - [TEST_STEP][PASSED] - UserName = readedVal: null

2019-02-21 17:52:30 - [MESSAGE][PASSED] - Call Test Case 'Test Cases/All TC/Arranged/1. Common/1.1 Getter/Getter UserName' successfully

2019-02-21 17:52:30 - [TEST_STEP][PASSED] - StrA = UserName: null

2019-02-21 17:52:30 - [TEST_STEP][PASSED] - StrB = <not implemented yet for class: org.codehaus.groovy.ast.expr.EmptyExpression>: null

2019-02-21 17:52:30 - [TEST_STEP][PASSED] - Counter = 1: null

2019-02-21 17:52:30 - [TEST_STEP][PASSED] - while (!(StrB.equals(StrA)) && !(Counter > findTestData("Internal User List").getRowNumbers())): null

2019-02-21 17:52:30 - [TEST_STEP][PASSED] - StrB = findTestData("Internal User List").getValue(2, Counter): null

2019-02-21 17:52:30 - [TEST_STEP][PASSED] - if (StrB.equals(StrA)): null

2019-02-21 17:52:30 - [TEST_STEP][PASSED] - (Counter++): null

2019-02-21 17:52:30 - [TEST_STEP][PASSED] - StrB = findTestData("Internal User List").getValue(2, Counter): null

2019-02-21 17:52:30 - [TEST_STEP][PASSED] - if (StrB.equals(StrA)): null

2019-02-21 17:52:30 - [TEST_STEP][PASSED] - (Counter++): null

2019-02-21 17:52:31 - [TEST_STEP][PASSED] - StrB = findTestData("Internal User List").getValue(2, Counter): null

2019-02-21 17:52:31 - [TEST_STEP][PASSED] - if (StrB.equals(StrA)): null

2019-02-21 17:52:31 - [TEST_STEP][PASSED] - (Counter++): null

2019-02-21 17:52:31 - [TEST_STEP][PASSED] - StrB = findTestData("Internal User List").getValue(2, Counter): null

2019-02-21 17:52:31 - [TEST_STEP][PASSED] - if (StrB.equals(StrA)): null

2019-02-21 17:52:31 - [TEST_STEP][PASSED] - (Counter++): null

2019-02-21 17:52:31 - [TEST_STEP][PASSED] - StrB = findTestData("Internal User List").getValue(2, Counter): null

2019-02-21 17:52:31 - [TEST_STEP][PASSED] - if (StrB.equals(StrA)): null

2019-02-21 17:52:31 - [TEST_STEP][PASSED] - (Counter++): null

2019-02-21 17:52:31 - [TEST_STEP][PASSED] - StrB = findTestData("Internal User List").getValue(2, Counter): null

2019-02-21 17:52:31 - [TEST_STEP][PASSED] - if (StrB.equals(StrA)): null

2019-02-21 17:52:31 - [TEST_STEP][PASSED] - (Counter++): null

2019-02-21 17:52:31 - [TEST_STEP][PASSED] - StrB = findTestData("Internal User List").getValue(2, Counter): null

2019-02-21 17:52:31 - [TEST_STEP][PASSED] - if (StrB.equals(StrA)): null

2019-02-21 17:52:31 - [TEST_STEP][PASSED] - (Counter++): null

2019-02-21 17:52:31 - [TEST_STEP][PASSED] - StrB = findTestData("Internal User List").getValue(2, Counter): null

2019-02-21 17:52:31 - [TEST_STEP][PASSED] - if (StrB.equals(StrA)): null

2019-02-21 17:52:31 - [TEST_STEP][PASSED] - (Counter++): null

2019-02-21 17:52:31 - [TEST_STEP][PASSED] - StrB = findTestData("Internal User List").getValue(2, Counter): null

2019-02-21 17:52:31 - [TEST_STEP][PASSED] - if (StrB.equals(StrA)): null

2019-02-21 17:52:31 - [TEST_STEP][PASSED] - (Counter++): null

2019-02-21 17:52:31 - [TEST_STEP][PASSED] - StrB = findTestData("Internal User List").getValue(2, Counter): null

2019-02-21 17:52:31 - [TEST_STEP][PASSED] - if (StrB.equals(StrA)): null

2019-02-21 17:52:32 - [TEST_STEP][PASSED] - (Counter++): null

2019-02-21 17:52:32 - [TEST_STEP][PASSED] - StrB = findTestData("Internal User List").getValue(2, Counter): null

2019-02-21 17:52:32 - [TEST_STEP][PASSED] - if (StrB.equals(StrA)): null

2019-02-21 17:52:32 - [TEST_STEP][PASSED] - (Counter++): null

2019-02-21 17:52:32 - [TEST_STEP][PASSED] - StrB = findTestData("Internal User List").getValue(2, Counter): null

2019-02-21 17:52:32 - [TEST_STEP][PASSED] - if (StrB.equals(StrA)): null

2019-02-21 17:52:32 - [TEST_STEP][PASSED] - (Counter++): null

2019-02-21 17:52:32 - [TEST_STEP][PASSED] - StrB = findTestData("Internal User List").getValue(2, Counter): null

2019-02-21 17:52:32 - [TEST_STEP][PASSED] - if (StrB.equals(StrA)): null

2019-02-21 17:52:32 - [TEST_STEP][PASSED] - (Counter++): null

2019-02-21 17:52:32 - [TEST_STEP][PASSED] - StrB = findTestData("Internal User List").getValue(2, Counter): null

2019-02-21 17:52:32 - [TEST_STEP][PASSED] - if (StrB.equals(StrA)): null

2019-02-21 17:52:32 - [TEST_STEP][PASSED] - (Counter++): null

2019-02-21 17:52:32 - [TEST_STEP][PASSED] - StrB = findTestData("Internal User List").getValue(2, Counter): null

2019-02-21 17:52:33 - [TEST_STEP][PASSED] - if (StrB.equals(StrA)): null

2019-02-21 17:52:33 - [TEST_STEP][PASSED] - (Counter++): null

2019-02-21 17:52:33 - [TEST_STEP][PASSED] - StrB = findTestData("Internal User List").getValue(2, Counter): null

2019-02-21 17:52:33 - [TEST_STEP][PASSED] - if (StrB.equals(StrA)): null

2019-02-21 17:52:33 - [TEST_STEP][PASSED] - (Counter++): null

2019-02-21 17:52:33 - [TEST_STEP][PASSED] - StrB = findTestData("Internal User List").getValue(2, Counter): null

2019-02-21 17:52:33 - [TEST_STEP][PASSED] - if (StrB.equals(StrA)): null

2019-02-21 17:52:33 - [TEST_STEP][PASSED] - (Counter++): null

2019-02-21 17:52:33 - [TEST_STEP][PASSED] - StrB = findTestData("Internal User List").getValue(2, Counter): null

2019-02-21 17:52:33 - [TEST_STEP][PASSED] - if (StrB.equals(StrA)): null

2019-02-21 17:52:33 - [TEST_STEP][PASSED] - (Counter++): null

2019-02-21 17:52:33 - [TEST_STEP][PASSED] - StrB = findTestData("Internal User List").getValue(2, Counter): null

2019-02-21 17:52:33 - [TEST_STEP][PASSED] - if (StrB.equals(StrA)): null

2019-02-21 17:52:33 - [TEST_STEP][PASSED] - (Counter++): null

2019-02-21 17:52:33 - [TEST_STEP][PASSED] - StrB = findTestData("Internal User List").getValue(2, Counter): null

2019-02-21 17:52:33 - [TEST_STEP][PASSED] - if (StrB.equals(StrA)): null

2019-02-21 17:52:33 - [TEST_STEP][PASSED] - (Counter++): null

2019-02-21 17:52:33 - [TEST_STEP][PASSED] - StrB = findTestData("Internal User List").getValue(2, Counter): null

2019-02-21 17:52:33 - [TEST_STEP][PASSED] - if (StrB.equals(StrA)): null

2019-02-21 17:52:33 - [TEST_STEP][PASSED] - (Counter++): null

2019-02-21 17:52:33 - [TEST_STEP][PASSED] - StrB = findTestData("Internal User List").getValue(2, Counter): null

2019-02-21 17:52:33 - [TEST_STEP][PASSED] - if (StrB.equals(StrA)): null

2019-02-21 17:52:33 - [TEST_STEP][PASSED] - (Counter++): null

2019-02-21 17:52:33 - [TEST_STEP][PASSED] - StrB = findTestData("Internal User List").getValue(2, Counter): null

2019-02-21 17:52:33 - [TEST_STEP][PASSED] - if (StrB.equals(StrA)): null

2019-02-21 17:52:33 - [TEST_STEP][PASSED] - (Counter++): null

2019-02-21 17:52:34 - [TEST_STEP][PASSED] - StrB = findTestData("Internal User List").getValue(2, Counter): null

2019-02-21 17:52:34 - [TEST_STEP][PASSED] - if (StrB.equals(StrA)): null

2019-02-21 17:52:34 - [TEST_STEP][PASSED] - (Counter++): null

2019-02-21 17:52:34 - [TEST_STEP][PASSED] - StrB = findTestData("Internal User List").getValue(2, Counter): null

2019-02-21 17:52:34 - [TEST_STEP][PASSED] - if (StrB.equals(StrA)): null

2019-02-21 17:52:34 - [TEST_STEP][PASSED] - (Counter++): null

2019-02-21 17:52:34 - [TEST_STEP][PASSED] - StrB = findTestData("Internal User List").getValue(2, Counter): null

2019-02-21 17:52:34 - [TEST_STEP][PASSED] - if (StrB.equals(StrA)): null

2019-02-21 17:52:34 - [TEST_STEP][PASSED] - (Counter++): null

2019-02-21 17:52:34 - [TEST_STEP][PASSED] - StrB = findTestData("Internal User List").getValue(2, Counter): null

2019-02-21 17:52:34 - [TEST_STEP][PASSED] - if (StrB.equals(StrA)): null

2019-02-21 17:52:34 - [TEST_STEP][PASSED] - (Counter++): null

2019-02-21 17:52:34 - [TEST_STEP][PASSED] - StrB = findTestData("Internal User List").getValue(2, Counter): null

2019-02-21 17:52:34 - [TEST_STEP][PASSED] - if (StrB.equals(StrA)): null

2019-02-21 17:52:34 - [TEST_STEP][PASSED] - (Counter++): null

2019-02-21 17:52:34 - [TEST_STEP][PASSED] - StrB = findTestData("Internal User List").getValue(2, Counter): null

2019-02-21 17:52:34 - [TEST_STEP][PASSED] - if (StrB.equals(StrA)): null

2019-02-21 17:52:34 - [TEST_STEP][PASSED] - (Counter++): null

2019-02-21 17:52:35 - [TEST_STEP][PASSED] - StrB = findTestData("Internal User List").getValue(2, Counter): null

2019-02-21 17:52:35 - [TEST_STEP][PASSED] - if (StrB.equals(StrA)): null

2019-02-21 17:52:35 - [TEST_STEP][PASSED] - (Counter++): null

2019-02-21 17:52:35 - [TEST_STEP][PASSED] - StrB = findTestData("Internal User List").getValue(2, Counter): null

2019-02-21 17:52:35 - [TEST_STEP][PASSED] - if (StrB.equals(StrA)): null

2019-02-21 17:52:35 - [TEST_STEP][PASSED] - (Counter++): null

2019-02-21 17:52:35 - [TEST_STEP][PASSED] - StrB = findTestData("Internal User List").getValue(2, Counter): null

2019-02-21 17:52:35 - [TEST_STEP][PASSED] - if (StrB.equals(StrA)): null

2019-02-21 17:52:35 - [TEST_STEP][PASSED] - (Counter++): null

2019-02-21 17:52:35 - [TEST_STEP][PASSED] - StrB = findTestData("Internal User List").getValue(2, Counter): null

2019-02-21 17:52:35 - [TEST_STEP][PASSED] - if (StrB.equals(StrA)): null

2019-02-21 17:52:35 - [TEST_STEP][PASSED] - (Counter++): null

2019-02-21 17:52:35 - [TEST_STEP][PASSED] - StrB = findTestData("Internal User List").getValue(2, Counter): null

2019-02-21 17:52:36 - [TEST_STEP][PASSED] - if (StrB.equals(StrA)): null

2019-02-21 17:52:36 - [TEST_STEP][PASSED] - (Counter++): null

2019-02-21 17:52:36 - [TEST_STEP][PASSED] - StrB = findTestData("Internal User List").getValue(2, Counter): null

2019-02-21 17:52:36 - [TEST_STEP][PASSED] - if (StrB.equals(StrA)): null

2019-02-21 17:52:36 - [TEST_STEP][PASSED] - StrEmail = findTestData("Internal User List").getValue(1, Counter): null

2019-02-21 17:52:36 - [TEST_STEP][PASSED] - InternalEmail = StrEmail: null

2019-02-21 17:52:36 - [TEST_STEP][PASSED] - out.println(StrEmail): null

2019-02-21 17:52:36 - [TEST_STEP][PASSED] - (Counter++): null

2019-02-21 17:52:36 - [MESSAGE][PASSED] - Call Test Case 'Test Cases/All TC/Arranged/1. Common/Internal Email Finder' successfully

2019-02-21 17:52:36 - [TEST_STEP][PASSED] - setText(findTestObject("KinJun/6.0 Query/6.2 Same branch - EIO/Page_PERKESO/Input username"), InternalEmail): Text 'azlin.aziz@perkeso.gov.my' is set on object 'Object Repository/KinJun/6.0 Query/6.2 Same branch - EIO/Page_PERKESO/Input username'

2019-02-21 17:52:37 - [MESSAGE][PASSED] - Text 'azlin.aziz@perkeso.gov.my' is set on object 'Object Repository/KinJun/6.0 Query/6.2 Same branch - EIO/Page_PERKESO/Input username'

2019-02-21 17:52:37 - [TEST_STEP][PASSED] - setEncryptedText(findTestObject("KinJun/6.0 Query/6.2 Same branch - EIO/Page_PERKESO/Input password"), "CQqwFZlbeC8="): Text ****** has been set on object 'Object Repository/KinJun/6.0 Query/6.2 Same branch - EIO/Page_PERKESO/Input password'

2019-02-21 17:52:37 - [MESSAGE][PASSED] - Text ****** has been set on object 'Object Repository/KinJun/6.0 Query/6.2 Same branch - EIO/Page_PERKESO/Input password'

2019-02-21 17:52:37 - [TEST_STEP][PASSED] - click(findTestObject("KinJun/6.0 Query/6.2 Same branch - EIO/Page_PERKESO/Btn login")): Object: 'Object Repository/KinJun/6.0 Query/6.2 Same branch - EIO/Page_PERKESO/Btn login' is clicked on

2019-02-21 17:52:38 - [MESSAGE][PASSED] - Object: 'Object Repository/KinJun/6.0 Query/6.2 Same branch - EIO/Page_PERKESO/Btn login' is clicked on

2019-02-21 17:52:38 - [TEST_STEP][PASSED] - delay(3): Delayed 3 second(s)

2019-02-21 17:52:41 - [MESSAGE][PASSED] - Delayed 3 second(s)

2019-02-21 17:52:41 - [TEST_STEP][PASSED] - click(findTestObject("KinJun/6.0 Query/6.2 Same branch - EIO/Page_PERKESO/Click workbasket")): Object: 'Object Repository/KinJun/6.0 Query/6.2 Same branch - EIO/Page_PERKESO/Click workbasket' is clicked on

2019-02-21 17:52:42 - [MESSAGE][PASSED] - Object: 'Object Repository/KinJun/6.0 Query/6.2 Same branch - EIO/Page_PERKESO/Click workbasket' is clicked on

2019-02-21 17:52:42 - [TEST_STEP][PASSED] - delay(3): Delayed 3 second(s)

2019-02-21 17:52:45 - [MESSAGE][PASSED] - Delayed 3 second(s)

2019-02-21 17:52:45 - [TEST_STEP][PASSED] - click(findTestObject("KinJun/6.0 Query/6.2 Same branch - EIO/Page_PERKESO/Click SearchCase")): Object: 'Object Repository/KinJun/6.0 Query/6.2 Same branch - EIO/Page_PERKESO/Click SearchCase' is clicked on

2019-02-21 17:52:45 - [MESSAGE][PASSED] - Object: 'Object Repository/KinJun/6.0 Query/6.2 Same branch - EIO/Page_PERKESO/Click SearchCase' is clicked on

2019-02-21 17:52:45 - [TEST_STEP][PASSED] - callTestCase(findTestCase("All TC/Arranged/1. Common/1.1 Getter/Getter IC"), [:], STOP_ON_FAILURE): Call Test Case 'Test Cases/All TC/Arranged/1. Common/1.1 Getter/Getter IC' successfully

2019-02-21 17:52:45 - [TEST_CASE][PASSED] - Test Cases/All TC/Arranged/1. Common/1.1 Getter/Getter IC: Test Cases/All TC/Arranged/1. Common/1.1 Getter/Getter IC

2019-02-21 17:52:45 - [TEST_STEP][PASSED] - try: null

2019-02-21 17:52:45 - [TEST_STEP][PASSED] - RefNo = new java.io.File((internal.GlobalVariable.TextFilePathCommon + \getIC.txt)): null

2019-02-21 17:52:45 - [TEST_STEP][PASSED] - bufferread = new java.io.BufferedReader(new java.io.FileReader(RefNo)): null

2019-02-21 17:52:45 - [TEST_STEP][PASSED] - readedVal = bufferread.readLine(): null

2019-02-21 17:52:45 - [TEST_STEP][PASSED] - out.println(IC): null

2019-02-21 17:52:45 - [TEST_STEP][PASSED] - out.println(readedVal): null

2019-02-21 17:52:45 - [TEST_STEP][PASSED] - IC = "": null

2019-02-21 17:52:45 - [TEST_STEP][PASSED] - IC = readedVal: null

2019-02-21 17:52:45 - [MESSAGE][PASSED] - Call Test Case 'Test Cases/All TC/Arranged/1. Common/1.1 Getter/Getter IC' successfully

2019-02-21 17:52:45 - [TEST_STEP][PASSED] - setText(findTestObject("KinJun/6.0 Query/6.2 Same branch - EIO/Page_PERKESO/Input IC"), IC): Text '770730035995' is set on object 'Object Repository/KinJun/6.0 Query/6.2 Same branch - EIO/Page_PERKESO/Input IC'

2019-02-21 17:52:46 - [MESSAGE][PASSED] - Text '770730035995' is set on object 'Object Repository/KinJun/6.0 Query/6.2 Same branch - EIO/Page_PERKESO/Input IC'

2019-02-21 17:52:46 - [TEST_STEP][PASSED] - click(findTestObject("KinJun/6.0 Query/6.2 Same branch - EIO/Page_PERKESO/Btn Search")): Object: 'Object Repository/KinJun/6.0 Query/6.2 Same branch - EIO/Page_PERKESO/Btn Search' is clicked on

2019-02-21 17:52:46 - [MESSAGE][PASSED] - Object: 'Object Repository/KinJun/6.0 Query/6.2 Same branch - EIO/Page_PERKESO/Btn Search' is clicked on

2019-02-21 17:52:46 - [TEST_STEP][PASSED] - delay(3): Delayed 3 second(s)

2019-02-21 17:52:49 - [MESSAGE][PASSED] - Delayed 3 second(s)

2019-02-21 17:52:49 - [TEST_STEP][PASSED] - click(findTestObject("KinJun/6.0 Query/6.2 Same branch - EIO/Page_PERKESO/Click CaseID")): Object: 'Object Repository/KinJun/6.0 Query/6.2 Same branch - EIO/Page_PERKESO/Click CaseID' is clicked on

2019-02-21 17:52:50 - [MESSAGE][PASSED] - Object: 'Object Repository/KinJun/6.0 Query/6.2 Same branch - EIO/Page_PERKESO/Click CaseID' is clicked on

2019-02-21 17:52:50 - [TEST_STEP][PASSED] - delay(3): Delayed 3 second(s)

2019-02-21 17:52:53 - [MESSAGE][PASSED] - Delayed 3 second(s)

2019-02-21 17:52:53 - [TEST_STEP][PASSED] - acceptAlert(): Alert accepted

2019-02-21 17:52:53 - [MESSAGE][PASSED] - Alert accepted

2019-02-21 17:52:53 - [TEST_STEP][PASSED] - delay(3): Delayed 3 second(s)

2019-02-21 17:52:56 - [MESSAGE][PASSED] - Delayed 3 second(s)

2019-02-21 17:52:56 - [TEST_STEP][PASSED] - click(findTestObject("KinJun/6.0 Query/6.2 Same branch - EIO/Page_PERKESO/Btn Query")): Object: 'Object Repository/KinJun/6.0 Query/6.2 Same branch - EIO/Page_PERKESO/Btn Query' is clicked on

2019-02-21 17:52:56 - [MESSAGE][PASSED] - Object: 'Object Repository/KinJun/6.0 Query/6.2 Same branch - EIO/Page_PERKESO/Btn Query' is clicked on

2019-02-21 17:52:56 - [TEST_STEP][PASSED] - delay(3): Delayed 3 second(s)

2019-02-21 17:52:59 - [MESSAGE][PASSED] - Delayed 3 second(s)

2019-02-21 17:52:59 - [TEST_STEP][PASSED] - click(findTestObject("KinJun/6.0 Query/6.2 Same branch - EIO/Page_PERKESO/Span branch")): Object: 'Object Repository/KinJun/6.0 Query/6.2 Same branch - EIO/Page_PERKESO/Span branch' is clicked on

2019-02-21 17:52:59 - [MESSAGE][PASSED] - Object: 'Object Repository/KinJun/6.0 Query/6.2 Same branch - EIO/Page_PERKESO/Span branch' is clicked on

2019-02-21 17:52:59 - [TEST_STEP][PASSED] - delay(3): Delayed 3 second(s)

2019-02-21 17:53:02 - [MESSAGE][PASSED] - Delayed 3 second(s)

2019-02-21 17:53:02 - [TEST_STEP][PASSED] - click(findTestObject("KinJun/6.0 Query/6.2 Same branch - EIO/Page_PERKESO/DD Branch")): Object: 'Object Repository/KinJun/6.0 Query/6.2 Same branch - EIO/Page_PERKESO/DD Branch' is clicked on

2019-02-21 17:53:02 - [MESSAGE][PASSED] - Object: 'Object Repository/KinJun/6.0 Query/6.2 Same branch - EIO/Page_PERKESO/DD Branch' is clicked on

2019-02-21 17:53:02 - [TEST_STEP][PASSED] - delay(3): Delayed 3 second(s)

2019-02-21 17:53:05 - [MESSAGE][PASSED] - Delayed 3 second(s)

2019-02-21 17:53:05 - [TEST_STEP][PASSED] - click(findTestObject("KinJun/6.0 Query/6.2 Same branch - EIO/Page_PERKESO/Span officer")): Object: 'Object Repository/KinJun/6.0 Query/6.2 Same branch - EIO/Page_PERKESO/Span officer' is clicked on

2019-02-21 17:53:06 - [MESSAGE][PASSED] - Object: 'Object Repository/KinJun/6.0 Query/6.2 Same branch - EIO/Page_PERKESO/Span officer' is clicked on

2019-02-21 17:53:06 - [TEST_STEP][PASSED] - delay(3): Delayed 3 second(s)

2019-02-21 17:53:09 - [MESSAGE][PASSED] - Delayed 3 second(s)

2019-02-21 17:53:09 - [TEST_STEP][PASSED] - click(findTestObject("KinJun/6.0 Query/6.2 Same branch - EIO/Page_PERKESO/DD Officer")): Object: 'Object Repository/KinJun/6.0 Query/6.2 Same branch - EIO/Page_PERKESO/DD Officer' is clicked on

2019-02-21 17:53:09 - [MESSAGE][PASSED] - Object: 'Object Repository/KinJun/6.0 Query/6.2 Same branch - EIO/Page_PERKESO/DD Officer' is clicked on

2019-02-21 17:53:09 - [TEST_STEP][PASSED] - delay(3): Delayed 3 second(s)

2019-02-21 17:53:12 - [MESSAGE][PASSED] - Delayed 3 second(s)

2019-02-21 17:53:12 - [TEST_STEP][PASSED] - callTestCase(findTestCase("All TC/Arranged/1. Common/1.3 Loops/While Loop - Query"), [:], STOP_ON_FAILURE): Call Test Case 'Test Cases/All TC/Arranged/1. Common/1.3 Loops/While Loop - Query' successfully

2019-02-21 17:53:12 - [TEST_CASE][PASSED] - Test Cases/All TC/Arranged/1. Common/1.3 Loops/While Loop - Query: Test Cases/All TC/Arranged/1. Common/1.3 Loops/While Loop - Query

2019-02-21 17:53:12 - [TEST_STEP][PASSED] - callTestCase(findTestCase("All TC/Arranged/1. Common/1.1 Getter/Getter UserName"), [:], STOP_ON_FAILURE): Call Test Case 'Test Cases/All TC/Arranged/1. Common/1.1 Getter/Getter UserName' successfully

2019-02-21 17:53:12 - [TEST_CASE][PASSED] - Test Cases/All TC/Arranged/1. Common/1.1 Getter/Getter UserName: Test Cases/All TC/Arranged/1. Common/1.1 Getter/Getter UserName

2019-02-21 17:53:12 - [TEST_STEP][PASSED] - try: null

2019-02-21 17:53:12 - [TEST_STEP][PASSED] - RefNo = new java.io.File((internal.GlobalVariable.TextFilePathCommon + \getUser.txt)): null

2019-02-21 17:53:12 - [TEST_STEP][PASSED] - bufferread = new java.io.BufferedReader(new java.io.FileReader(RefNo)): null

2019-02-21 17:53:12 - [TEST_STEP][PASSED] - readedVal = bufferread.readLine(): null

2019-02-21 17:53:12 - [TEST_STEP][PASSED] - out.println(UserName): null

2019-02-21 17:53:12 - [TEST_STEP][PASSED] - out.println(readedVal): null

2019-02-21 17:53:12 - [TEST_STEP][PASSED] - UserName = "": null

2019-02-21 17:53:12 - [TEST_STEP][PASSED] - UserName = readedVal: null

2019-02-21 17:53:12 - [MESSAGE][PASSED] - Call Test Case 'Test Cases/All TC/Arranged/1. Common/1.1 Getter/Getter UserName' successfully

2019-02-21 17:53:12 - [TEST_STEP][PASSED] - callTestCase(findTestCase("All TC/Arranged/1. Common/Internal Email Finder"), [:], STOP_ON_FAILURE): Call Test Case 'Test Cases/All TC/Arranged/1. Common/Internal Email Finder' successfully

2019-02-21 17:53:12 - [TEST_CASE][PASSED] - Test Cases/All TC/Arranged/1. Common/Internal Email Finder: Test Cases/All TC/Arranged/1. Common/Internal Email Finder

2019-02-21 17:53:12 - [TEST_STEP][PASSED] - callTestCase(findTestCase("All TC/Arranged/1. Common/1.1 Getter/Getter UserName"), [:], CONTINUE_ON_FAILURE): Call Test Case 'Test Cases/All TC/Arranged/1. Common/1.1 Getter/Getter UserName' successfully

2019-02-21 17:53:12 - [TEST_CASE][PASSED] - Test Cases/All TC/Arranged/1. Common/1.1 Getter/Getter UserName: Test Cases/All TC/Arranged/1. Common/1.1 Getter/Getter UserName

2019-02-21 17:53:12 - [TEST_STEP][PASSED] - try: null

2019-02-21 17:53:12 - [TEST_STEP][PASSED] - RefNo = new java.io.File((internal.GlobalVariable.TextFilePathCommon + \getUser.txt)): null

2019-02-21 17:53:12 - [TEST_STEP][PASSED] - bufferread = new java.io.BufferedReader(new java.io.FileReader(RefNo)): null

2019-02-21 17:53:12 - [TEST_STEP][PASSED] - readedVal = bufferread.readLine(): null

2019-02-21 17:53:12 - [TEST_STEP][PASSED] - out.println(UserName): null

2019-02-21 17:53:12 - [TEST_STEP][PASSED] - out.println(readedVal): null

2019-02-21 17:53:12 - [TEST_STEP][PASSED] - UserName = "": null

2019-02-21 17:53:12 - [TEST_STEP][PASSED] - UserName = readedVal: null

2019-02-21 17:53:12 - [MESSAGE][PASSED] - Call Test Case 'Test Cases/All TC/Arranged/1. Common/1.1 Getter/Getter UserName' successfully

2019-02-21 17:53:12 - [TEST_STEP][PASSED] - StrA = UserName: null

2019-02-21 17:53:12 - [TEST_STEP][PASSED] - StrB = <not implemented yet for class: org.codehaus.groovy.ast.expr.EmptyExpression>: null

2019-02-21 17:53:12 - [TEST_STEP][PASSED] - Counter = 1: null

2019-02-21 17:53:12 - [TEST_STEP][PASSED] - while (!(StrB.equals(StrA)) && !(Counter > findTestData("Internal User List").getRowNumbers())): null

2019-02-21 17:53:12 - [TEST_STEP][PASSED] - StrB = findTestData("Internal User List").getValue(2, Counter): null

2019-02-21 17:53:12 - [TEST_STEP][PASSED] - if (StrB.equals(StrA)): null

2019-02-21 17:53:12 - [TEST_STEP][PASSED] - (Counter++): null

2019-02-21 17:53:12 - [TEST_STEP][PASSED] - StrB = findTestData("Internal User List").getValue(2, Counter): null

2019-02-21 17:53:12 - [TEST_STEP][PASSED] - if (StrB.equals(StrA)): null

2019-02-21 17:53:12 - [TEST_STEP][PASSED] - (Counter++): null

2019-02-21 17:53:13 - [TEST_STEP][PASSED] - StrB = findTestData("Internal User List").getValue(2, Counter): null

2019-02-21 17:53:13 - [TEST_STEP][PASSED] - if (StrB.equals(StrA)): null

2019-02-21 17:53:13 - [TEST_STEP][PASSED] - (Counter++): null

2019-02-21 17:53:13 - [TEST_STEP][PASSED] - StrB = findTestData("Internal User List").getValue(2, Counter): null

2019-02-21 17:53:13 - [TEST_STEP][PASSED] - if (StrB.equals(StrA)): null

2019-02-21 17:53:13 - [TEST_STEP][PASSED] - (Counter++): null

2019-02-21 17:53:13 - [TEST_STEP][PASSED] - StrB = findTestData("Internal User List").getValue(2, Counter): null

2019-02-21 17:53:13 - [TEST_STEP][PASSED] - if (StrB.equals(StrA)): null

2019-02-21 17:53:13 - [TEST_STEP][PASSED] - (Counter++): null

2019-02-21 17:53:13 - [TEST_STEP][PASSED] - StrB = findTestData("Internal User List").getValue(2, Counter): null

2019-02-21 17:53:13 - [TEST_STEP][PASSED] - if (StrB.equals(StrA)): null

2019-02-21 17:53:13 - [TEST_STEP][PASSED] - (Counter++): null

2019-02-21 17:53:13 - [TEST_STEP][PASSED] - StrB = findTestData("Internal User List").getValue(2, Counter): null

2019-02-21 17:53:13 - [TEST_STEP][PASSED] - if (StrB.equals(StrA)): null

2019-02-21 17:53:13 - [TEST_STEP][PASSED] - (Counter++): null

2019-02-21 17:53:13 - [TEST_STEP][PASSED] - StrB = findTestData("Internal User List").getValue(2, Counter): null

2019-02-21 17:53:13 - [TEST_STEP][PASSED] - if (StrB.equals(StrA)): null

2019-02-21 17:53:13 - [TEST_STEP][PASSED] - (Counter++): null

2019-02-21 17:53:13 - [TEST_STEP][PASSED] - StrB = findTestData("Internal User List").getValue(2, Counter): null

2019-02-21 17:53:13 - [TEST_STEP][PASSED] - if (StrB.equals(StrA)): null

2019-02-21 17:53:13 - [TEST_STEP][PASSED] - (Counter++): null

2019-02-21 17:53:13 - [TEST_STEP][PASSED] - StrB = findTestData("Internal User List").getValue(2, Counter): null

2019-02-21 17:53:13 - [TEST_STEP][PASSED] - if (StrB.equals(StrA)): null

2019-02-21 17:53:13 - [TEST_STEP][PASSED] - (Counter++): null

2019-02-21 17:53:13 - [TEST_STEP][PASSED] - StrB = findTestData("Internal User List").getValue(2, Counter): null

2019-02-21 17:53:14 - [TEST_STEP][PASSED] - if (StrB.equals(StrA)): null

2019-02-21 17:53:14 - [TEST_STEP][PASSED] - (Counter++): null

2019-02-21 17:53:14 - [TEST_STEP][PASSED] - StrB = findTestData("Internal User List").getValue(2, Counter): null

2019-02-21 17:53:14 - [TEST_STEP][PASSED] - if (StrB.equals(StrA)): null

2019-02-21 17:53:14 - [TEST_STEP][PASSED] - (Counter++): null

2019-02-21 17:53:14 - [TEST_STEP][PASSED] - StrB = findTestData("Internal User List").getValue(2, Counter): null

2019-02-21 17:53:14 - [TEST_STEP][PASSED] - if (StrB.equals(StrA)): null

2019-02-21 17:53:14 - [TEST_STEP][PASSED] - (Counter++): null

2019-02-21 17:53:14 - [TEST_STEP][PASSED] - StrB = findTestData("Internal User List").getValue(2, Counter): null

2019-02-21 17:53:14 - [TEST_STEP][PASSED] - if (StrB.equals(StrA)): null

2019-02-21 17:53:14 - [TEST_STEP][PASSED] - (Counter++): null

2019-02-21 17:53:14 - [TEST_STEP][PASSED] - StrB = findTestData("Internal User List").getValue(2, Counter): null

2019-02-21 17:53:14 - [TEST_STEP][PASSED] - if (StrB.equals(StrA)): null

2019-02-21 17:53:14 - [TEST_STEP][PASSED] - (Counter++): null

2019-02-21 17:53:14 - [TEST_STEP][PASSED] - StrB = findTestData("Internal User List").getValue(2, Counter): null

2019-02-21 17:53:14 - [TEST_STEP][PASSED] - if (StrB.equals(StrA)): null

2019-02-21 17:53:15 - [TEST_STEP][PASSED] - (Counter++): null

2019-02-21 17:53:15 - [TEST_STEP][PASSED] - StrB = findTestData("Internal User List").getValue(2, Counter): null

2019-02-21 17:53:15 - [TEST_STEP][PASSED] - if (StrB.equals(StrA)): null

2019-02-21 17:53:15 - [TEST_STEP][PASSED] - (Counter++): null

2019-02-21 17:53:15 - [TEST_STEP][PASSED] - StrB = findTestData("Internal User List").getValue(2, Counter): null

2019-02-21 17:53:15 - [TEST_STEP][PASSED] - if (StrB.equals(StrA)): null

2019-02-21 17:53:15 - [TEST_STEP][PASSED] - (Counter++): null

2019-02-21 17:53:15 - [TEST_STEP][PASSED] - StrB = findTestData("Internal User List").getValue(2, Counter): null

2019-02-21 17:53:15 - [TEST_STEP][PASSED] - if (StrB.equals(StrA)): null

2019-02-21 17:53:15 - [TEST_STEP][PASSED] - (Counter++): null

2019-02-21 17:53:15 - [TEST_STEP][PASSED] - StrB = findTestData("Internal User List").getValue(2, Counter): null

2019-02-21 17:53:15 - [TEST_STEP][PASSED] - if (StrB.equals(StrA)): null

2019-02-21 17:53:15 - [TEST_STEP][PASSED] - (Counter++): null

2019-02-21 17:53:15 - [TEST_STEP][PASSED] - StrB = findTestData("Internal User List").getValue(2, Counter): null

2019-02-21 17:53:15 - [TEST_STEP][PASSED] - if (StrB.equals(StrA)): null

2019-02-21 17:53:15 - [TEST_STEP][PASSED] - (Counter++): null

2019-02-21 17:53:15 - [TEST_STEP][PASSED] - StrB = findTestData("Internal User List").getValue(2, Counter): null

2019-02-21 17:53:15 - [TEST_STEP][PASSED] - if (StrB.equals(StrA)): null

2019-02-21 17:53:15 - [TEST_STEP][PASSED] - (Counter++): null

2019-02-21 17:53:15 - [TEST_STEP][PASSED] - StrB = findTestData("Internal User List").getValue(2, Counter): null

2019-02-21 17:53:16 - [TEST_STEP][PASSED] - if (StrB.equals(StrA)): null

2019-02-21 17:53:16 - [TEST_STEP][PASSED] - (Counter++): null

2019-02-21 17:53:16 - [TEST_STEP][PASSED] - StrB = findTestData("Internal User List").getValue(2, Counter): null

2019-02-21 17:53:16 - [TEST_STEP][PASSED] - if (StrB.equals(StrA)): null

2019-02-21 17:53:16 - [TEST_STEP][PASSED] - (Counter++): null

2019-02-21 17:53:16 - [TEST_STEP][PASSED] - StrB = findTestData("Internal User List").getValue(2, Counter): null

2019-02-21 17:53:16 - [TEST_STEP][PASSED] - if (StrB.equals(StrA)): null

2019-02-21 17:53:16 - [TEST_STEP][PASSED] - (Counter++): null

2019-02-21 17:53:16 - [TEST_STEP][PASSED] - StrB = findTestData("Internal User List").getValue(2, Counter): null

2019-02-21 17:53:16 - [TEST_STEP][PASSED] - if (StrB.equals(StrA)): null

2019-02-21 17:53:16 - [TEST_STEP][PASSED] - (Counter++): null

2019-02-21 17:53:16 - [TEST_STEP][PASSED] - StrB = findTestData("Internal User List").getValue(2, Counter): null

2019-02-21 17:53:16 - [TEST_STEP][PASSED] - if (StrB.equals(StrA)): null

2019-02-21 17:53:16 - [TEST_STEP][PASSED] - (Counter++): null

2019-02-21 17:53:16 - [TEST_STEP][PASSED] - StrB = findTestData("Internal User List").getValue(2, Counter): null

2019-02-21 17:53:17 - [TEST_STEP][PASSED] - if (StrB.equals(StrA)): null

2019-02-21 17:53:17 - [TEST_STEP][PASSED] - (Counter++): null

2019-02-21 17:53:17 - [TEST_STEP][PASSED] - StrB = findTestData("Internal User List").getValue(2, Counter): null

2019-02-21 17:53:17 - [TEST_STEP][PASSED] - if (StrB.equals(StrA)): null

2019-02-21 17:53:17 - [TEST_STEP][PASSED] - (Counter++): null

2019-02-21 17:53:17 - [TEST_STEP][PASSED] - StrB = findTestData("Internal User List").getValue(2, Counter): null

2019-02-21 17:53:17 - [TEST_STEP][PASSED] - if (StrB.equals(StrA)): null

2019-02-21 17:53:17 - [TEST_STEP][PASSED] - (Counter++): null

2019-02-21 17:53:17 - [TEST_STEP][PASSED] - StrB = findTestData("Internal User List").getValue(2, Counter): null

2019-02-21 17:53:17 - [TEST_STEP][PASSED] - if (StrB.equals(StrA)): null

2019-02-21 17:53:17 - [TEST_STEP][PASSED] - (Counter++): null

2019-02-21 17:53:17 - [TEST_STEP][PASSED] - StrB = findTestData("Internal User List").getValue(2, Counter): null

2019-02-21 17:53:17 - [TEST_STEP][PASSED] - if (StrB.equals(StrA)): null

2019-02-21 17:53:17 - [TEST_STEP][PASSED] - (Counter++): null

2019-02-21 17:53:17 - [TEST_STEP][PASSED] - StrB = findTestData("Internal User List").getValue(2, Counter): null

2019-02-21 17:53:17 - [TEST_STEP][PASSED] - if (StrB.equals(StrA)): null

2019-02-21 17:53:18 - [TEST_STEP][PASSED] - (Counter++): null

2019-02-21 17:53:18 - [TEST_STEP][PASSED] - StrB = findTestData("Internal User List").getValue(2, Counter): null

2019-02-21 17:53:18 - [TEST_STEP][PASSED] - if (StrB.equals(StrA)): null

2019-02-21 17:53:18 - [TEST_STEP][PASSED] - (Counter++): null

2019-02-21 17:53:18 - [TEST_STEP][PASSED] - StrB = findTestData("Internal User List").getValue(2, Counter): null

2019-02-21 17:53:18 - [TEST_STEP][PASSED] - if (StrB.equals(StrA)): null

2019-02-21 17:53:18 - [TEST_STEP][PASSED] - StrEmail = findTestData("Internal User List").getValue(1, Counter): null

2019-02-21 17:53:18 - [TEST_STEP][PASSED] - InternalEmail = StrEmail: null

2019-02-21 17:53:18 - [TEST_STEP][PASSED] - out.println(StrEmail): null

2019-02-21 17:53:18 - [TEST_STEP][PASSED] - (Counter++): null

2019-02-21 17:53:18 - [MESSAGE][PASSED] - Call Test Case 'Test Cases/All TC/Arranged/1. Common/Internal Email Finder' successfully

2019-02-21 17:53:18 - [TEST_STEP][PASSED] - tempCaseID = <not implemented yet for class: org.codehaus.groovy.ast.expr.EmptyExpression>: null

2019-02-21 17:53:18 - [TEST_STEP][PASSED] - targetCaseID = InternalEmail: null

2019-02-21 17:53:18 - [TEST_STEP][PASSED] - caseNum = new com.kms.katalon.core.testobject.TestObject(): null

2019-02-21 17:53:18 - [TEST_STEP][PASSED] - boolVerify = true: null

2019-02-21 17:53:18 - [TEST_STEP][PASSED] - counterA = 1: null

2019-02-21 17:53:18 - [TEST_STEP][PASSED] - counterB = 1: null

2019-02-21 17:53:18 - [TEST_STEP][PASSED] - counterF = 1: null

2019-02-21 17:53:18 - [TEST_STEP][PASSED] - while (boolVerify.equals(true)): null

2019-02-21 17:53:19 - [TEST_STEP][PASSED] - strXpathA = "(id("staffListTable")/tbody[1]/tr[@class="odd"]/td[1]/input[1])[" + counterA + "]": null

2019-02-21 17:53:19 - [TEST_STEP][PASSED] - strXpathB = "(id("staffListTable")/tbody[1]/tr[@class="even"]/td[1]/input[1])[" + counterB + "]": null

2019-02-21 17:53:19 - [TEST_STEP][PASSED] - modVal = counterF % 2: null

2019-02-21 17:53:19 - [TEST_STEP][PASSED] - if (modVal.equals(1)): null

2019-02-21 17:53:19 - [TEST_STEP][PASSED] - caseNum.addProperty("xpath", EQUALS, strXpathA, true): null

2019-02-21 17:53:19 - [TEST_STEP][PASSED] - (counterA++): null

2019-02-21 17:53:19 - [TEST_STEP][PASSED] - if (modVal.equals(0)): null

2019-02-21 17:53:19 - [TEST_STEP][PASSED] - boolVerify = verifyElementPresent(caseNum, 30, OPTIONAL): Object '' is present

2019-02-21 17:53:19 - [MESSAGE][PASSED] - Object '' is present

2019-02-21 17:53:19 - [TEST_STEP][PASSED] - if (boolVerify.equals(true)): null

2019-02-21 17:53:19 - [TEST_STEP][PASSED] - tempCaseID = getText(caseNum): Text of object '' is: ''

2019-02-21 17:53:19 - [MESSAGE][PASSED] - Text of object '' is: ''

2019-02-21 17:53:19 - [TEST_STEP][PASSED] - if (!(tempCaseID.equals(targetCaseID))): null

2019-02-21 17:53:19 - [TEST_STEP][PASSED] - click(caseNum): Object: '' is clicked on

2019-02-21 17:53:20 - [MESSAGE][PASSED] - Object: '' is clicked on

2019-02-21 17:53:20 - [TEST_STEP][PASSED] - counterF = 0: null

2019-02-21 17:53:20 - [TEST_STEP][PASSED] - break: null

2019-02-21 17:53:20 - [MESSAGE][PASSED] - Call Test Case 'Test Cases/All TC/Arranged/1. Common/1.3 Loops/While Loop - Query' successfully

2019-02-21 17:53:20 - [TEST_STEP][PASSED] - setText(findTestObject("KinJun/6.0 Query/6.2 Same branch - EIO/Page_PERKESO/remarks"), "query"): Text 'query' is set on object 'Object Repository/KinJun/6.0 Query/6.2 Same branch - EIO/Page_PERKESO/remarks'

2019-02-21 17:53:20 - [MESSAGE][PASSED] - Text 'query' is set on object 'Object Repository/KinJun/6.0 Query/6.2 Same branch - EIO/Page_PERKESO/remarks'

2019-02-21 17:53:20 - [TEST_STEP][PASSED] - delay(3): Delayed 3 second(s)

2019-02-21 17:53:23 - [MESSAGE][PASSED] - Delayed 3 second(s)

2019-02-21 17:53:23 - [TEST_STEP][PASSED] - click(findTestObject("KinJun/6.0 Query/6.2 Same branch - EIO/Page_PERKESO/Btn Query2")): Object: 'Object Repository/KinJun/6.0 Query/6.2 Same branch - EIO/Page_PERKESO/Btn Query2' is clicked on

2019-02-21 17:53:23 - [MESSAGE][PASSED] - Object: 'Object Repository/KinJun/6.0 Query/6.2 Same branch - EIO/Page_PERKESO/Btn Query2' is clicked on

2019-02-21 17:53:23 - [TEST_STEP][PASSED] - delay(3): Delayed 3 second(s)

2019-02-21 17:53:26 - [MESSAGE][PASSED] - Delayed 3 second(s)

2019-02-21 17:53:26 - [TEST_STEP][FAILED] - click(findTestObject("KinJun/6.0 Query/6.2 Same branch - EIO/Page_PERKESO/Click username")): click(findTestObject("KinJun/6.0 Query/6.2 Same branch - EIO/Page_PERKESO/Click username")) FAILED.
Reason:
com.kms.katalon.core.exception.StepFailedException: Unable to click on object 'Object Repository/KinJun/6.0 Query/6.2 Same branch - EIO/Page_PERKESO/Click username' (Root cause: com.kms.katalon.core.webui.exception.WebElementNotFoundException: Web element with id: 'Object Repository/KinJun/6.0 Query/6.2 Same branch - EIO/Page_PERKESO/Click username' located by 'By.xpath: id("bg2")/header[1]/div[@class="container-fluid"]/div[@class="row"]/div[@class="col-md-2"]/ul[@class="nav navbar-nav navbar-right"]/li[@class="dropdown"]/a[@class="dropdown-toggle"][count(. | //a[@href = '#']) = count(//a[@href = '#'])]' not found)
	at com.kms.katalon.core.keyword.internal.KeywordMain.stepFailed(KeywordMain.groovy:36)
	at com.kms.katalon.core.webui.keyword.internal.WebUIKeywordMain.stepFailed(WebUIKeywordMain.groovy:65)
	at com.kms.katalon.core.webui.keyword.internal.WebUIKeywordMain.runKeyword(WebUIKeywordMain.groovy:27)
	at com.kms.katalon.core.webui.keyword.builtin.ClickKeyword.click(ClickKeyword.groovy:86)
	at com.kms.katalon.core.webui.keyword.builtin.ClickKeyword.execute(ClickKeyword.groovy:67)
	at com.kms.katalon.core.keyword.internal.KeywordExecutor.executeKeywordForPlatform(KeywordExecutor.groovy:53)
	at com.kms.katalon.core.webui.keyword.WebUiBuiltInKeywords.click(WebUiBuiltInKeywords.groovy:616)
	at com.kms.katalon.core.webui.keyword.WebUiBuiltInKeywords$click$3.call(Unknown Source)
	at 6.2 Same Branch - EIO.run(6.2 Same Branch - EIO:83)
	at com.kms.katalon.core.main.ScriptEngine.run(ScriptEngine.java:194)
	at com.kms.katalon.core.main.ScriptEngine.runScriptAsRawText(ScriptEngine.java:119)
	at com.kms.katalon.core.main.TestCaseExecutor.runScript(TestCaseExecutor.java:328)
	at com.kms.katalon.core.main.TestCaseExecutor.doExecute(TestCaseExecutor.java:319)
	at com.kms.katalon.core.main.TestCaseExecutor.processExecutionPhase(TestCaseExecutor.java:298)
	at com.kms.katalon.core.main.TestCaseExecutor.accessMainPhase(TestCaseExecutor.java:290)
	at com.kms.katalon.core.main.TestCaseExecutor.execute(TestCaseExecutor.java:224)
	at com.kms.katalon.core.main.TestCaseMain.runTestCase(TestCaseMain.java:106)
	at com.kms.katalon.core.keyword.builtin.CallTestCaseKeyword$_callTestCase_closure1.doCall(CallTestCaseKeyword.groovy:59)
	at com.kms.katalon.core.keyword.builtin.CallTestCaseKeyword$_callTestCase_closure1.call(CallTestCaseKeyword.groovy)
	at com.kms.katalon.core.keyword.internal.KeywordMain.runKeyword(KeywordMain.groovy:54)
	at com.kms.katalon.core.keyword.builtin.CallTestCaseKeyword.callTestCase(CallTestCaseKeyword.groovy:80)
	at com.kms.katalon.core.keyword.builtin.CallTestCaseKeyword.execute(CallTestCaseKeyword.groovy:44)
	at com.kms.katalon.core.keyword.internal.KeywordExecutor.executeKeywordForPlatform(KeywordExecutor.groovy:53)
	at com.kms.katalon.core.keyword.BuiltinKeywords.callTestCase(BuiltinKeywords.groovy:334)
	at Same branch - EIO.run(Same branch - EIO:22)
	at com.kms.katalon.core.main.ScriptEngine.run(ScriptEngine.java:194)
	at com.kms.katalon.core.main.ScriptEngine.runScriptAsRawText(ScriptEngine.java:119)
	at com.kms.katalon.core.main.TestCaseExecutor.runScript(TestCaseExecutor.java:328)
	at com.kms.katalon.core.main.TestCaseExecutor.doExecute(TestCaseExecutor.java:319)
	at com.kms.katalon.core.main.TestCaseExecutor.processExecutionPhase(TestCaseExecutor.java:298)
	at com.kms.katalon.core.main.TestCaseExecutor.accessMainPhase(TestCaseExecutor.java:290)
	at com.kms.katalon.core.main.TestCaseExecutor.execute(TestCaseExecutor.java:224)
	at com.kms.katalon.core.main.TestSuiteExecutor.accessTestCaseMainPhase(TestSuiteExecutor.java:129)
	at com.kms.katalon.core.main.TestSuiteExecutor.accessTestSuiteMainPhase(TestSuiteExecutor.java:112)
	at com.kms.katalon.core.main.TestSuiteExecutor.execute(TestSuiteExecutor.java:81)
	at com.kms.katalon.core.main.TestCaseMain.startTestSuite(TestCaseMain.java:149)
	at com.kms.katalon.core.main.TestCaseMain$startTestSuite$0.call(Unknown Source)
	at TempTestSuite1550738418733.run(TempTestSuite1550738418733.groovy:36)


2019-02-21 17:53:57 - [MESSAGE][INFO] - Unable to find the element located by 'By.xpath: id("bg2")/header[1]/div[@class="container-fluid"]/div[@class="row"]/div[@class="col-md-2"]/ul[@class="nav navbar-nav navbar-right"]/li[@class="dropdown"]/a[@class="dropdown-toggle"][count(. | //a[@href = '#']) = count(//a[@href = '#'])]'. Please recheck the objects properties to make sure the desired element is located. 

2019-02-21 17:53:58 - [MESSAGE][FAILED] - Unable to click on object 'Object Repository/KinJun/6.0 Query/6.2 Same branch - EIO/Page_PERKESO/Click username' (Root cause: com.kms.katalon.core.webui.exception.WebElementNotFoundException: Web element with id: 'Object Repository/KinJun/6.0 Query/6.2 Same branch - EIO/Page_PERKESO/Click username' located by 'By.xpath: id("bg2")/header[1]/div[@class="container-fluid"]/div[@class="row"]/div[@class="col-md-2"]/ul[@class="nav navbar-nav navbar-right"]/li[@class="dropdown"]/a[@class="dropdown-toggle"][count(. | //a[@href = '#']) = count(//a[@href = '#'])]' not found)
[[ATTACHMENT|C:\\Users\\Admin\\Documents\\GitHub\\PKSKatalon\\PKS-EI-ES\\Reports\\New Test Suite\\20190221_164018\\1550742837727.png]]

2019-02-21 17:53:58 - [MESSAGE][FAILED] - click(findTestObject("KinJun/6.0 Query/6.2 Same branch - EIO/Page_PERKESO/Click username")) FAILED.
Reason:
com.kms.katalon.core.exception.StepFailedException: Unable to click on object 'Object Repository/KinJun/6.0 Query/6.2 Same branch - EIO/Page_PERKESO/Click username' (Root cause: com.kms.katalon.core.webui.exception.WebElementNotFoundException: Web element with id: 'Object Repository/KinJun/6.0 Query/6.2 Same branch - EIO/Page_PERKESO/Click username' located by 'By.xpath: id("bg2")/header[1]/div[@class="container-fluid"]/div[@class="row"]/div[@class="col-md-2"]/ul[@class="nav navbar-nav navbar-right"]/li[@class="dropdown"]/a[@class="dropdown-toggle"][count(. | //a[@href = '#']) = count(//a[@href = '#'])]' not found)
	at com.kms.katalon.core.keyword.internal.KeywordMain.stepFailed(KeywordMain.groovy:36)
	at com.kms.katalon.core.webui.keyword.internal.WebUIKeywordMain.stepFailed(WebUIKeywordMain.groovy:65)
	at com.kms.katalon.core.webui.keyword.internal.WebUIKeywordMain.runKeyword(WebUIKeywordMain.groovy:27)
	at com.kms.katalon.core.webui.keyword.builtin.ClickKeyword.click(ClickKeyword.groovy:86)
	at com.kms.katalon.core.webui.keyword.builtin.ClickKeyword.execute(ClickKeyword.groovy:67)
	at com.kms.katalon.core.keyword.internal.KeywordExecutor.executeKeywordForPlatform(KeywordExecutor.groovy:53)
	at com.kms.katalon.core.webui.keyword.WebUiBuiltInKeywords.click(WebUiBuiltInKeywords.groovy:616)
	at com.kms.katalon.core.webui.keyword.WebUiBuiltInKeywords$click$3.call(Unknown Source)
	at 6.2 Same Branch - EIO.run(6.2 Same Branch - EIO:83)
	at com.kms.katalon.core.main.ScriptEngine.run(ScriptEngine.java:194)
	at com.kms.katalon.core.main.ScriptEngine.runScriptAsRawText(ScriptEngine.java:119)
	at com.kms.katalon.core.main.TestCaseExecutor.runScript(TestCaseExecutor.java:328)
	at com.kms.katalon.core.main.TestCaseExecutor.doExecute(TestCaseExecutor.java:319)
	at com.kms.katalon.core.main.TestCaseExecutor.processExecutionPhase(TestCaseExecutor.java:298)
	at com.kms.katalon.core.main.TestCaseExecutor.accessMainPhase(TestCaseExecutor.java:290)
	at com.kms.katalon.core.main.TestCaseExecutor.execute(TestCaseExecutor.java:224)
	at com.kms.katalon.core.main.TestCaseMain.runTestCase(TestCaseMain.java:106)
	at com.kms.katalon.core.keyword.builtin.CallTestCaseKeyword$_callTestCase_closure1.doCall(CallTestCaseKeyword.groovy:59)
	at com.kms.katalon.core.keyword.builtin.CallTestCaseKeyword$_callTestCase_closure1.call(CallTestCaseKeyword.groovy)
	at com.kms.katalon.core.keyword.internal.KeywordMain.runKeyword(KeywordMain.groovy:54)
	at com.kms.katalon.core.keyword.builtin.CallTestCaseKeyword.callTestCase(CallTestCaseKeyword.groovy:80)
	at com.kms.katalon.core.keyword.builtin.CallTestCaseKeyword.execute(CallTestCaseKeyword.groovy:44)
	at com.kms.katalon.core.keyword.internal.KeywordExecutor.executeKeywordForPlatform(KeywordExecutor.groovy:53)
	at com.kms.katalon.core.keyword.BuiltinKeywords.callTestCase(BuiltinKeywords.groovy:334)
	at Same branch - EIO.run(Same branch - EIO:22)
	at com.kms.katalon.core.main.ScriptEngine.run(ScriptEngine.java:194)
	at com.kms.katalon.core.main.ScriptEngine.runScriptAsRawText(ScriptEngine.java:119)
	at com.kms.katalon.core.main.TestCaseExecutor.runScript(TestCaseExecutor.java:328)
	at com.kms.katalon.core.main.TestCaseExecutor.doExecute(TestCaseExecutor.java:319)
	at com.kms.katalon.core.main.TestCaseExecutor.processExecutionPhase(TestCaseExecutor.java:298)
	at com.kms.katalon.core.main.TestCaseExecutor.accessMainPhase(TestCaseExecutor.java:290)
	at com.kms.katalon.core.main.TestCaseExecutor.execute(TestCaseExecutor.java:224)
	at com.kms.katalon.core.main.TestSuiteExecutor.accessTestCaseMainPhase(TestSuiteExecutor.java:129)
	at com.kms.katalon.core.main.TestSuiteExecutor.accessTestSuiteMainPhase(TestSuiteExecutor.java:112)
	at com.kms.katalon.core.main.TestSuiteExecutor.execute(TestSuiteExecutor.java:81)
	at com.kms.katalon.core.main.TestCaseMain.startTestSuite(TestCaseMain.java:149)
	at com.kms.katalon.core.main.TestCaseMain$startTestSuite$0.call(Unknown Source)
	at TempTestSuite1550738418733.run(TempTestSuite1550738418733.groovy:36)


2019-02-21 17:53:58 - [MESSAGE][FAILED] - Unable to call Test Case 'Test Cases/All TC/Arranged/2. Segment/2.5 Query/6.2 Same Branch - EIO' (Root cause: com.kms.katalon.core.exception.StepFailedException: Call Test Case 'Test Cases/All TC/Arranged/2. Segment/2.5 Query/6.2 Same Branch - EIO' failed)

2019-02-21 17:53:58 - [MESSAGE][FAILED] - callTestCase(findTestCase("All TC/Arranged/2. Segment/2.5 Query/6.2 Same Branch - EIO"), [:], STOP_ON_FAILURE) FAILED.
Reason:
com.kms.katalon.core.exception.StepFailedException: Unable to click on object 'Object Repository/KinJun/6.0 Query/6.2 Same branch - EIO/Page_PERKESO/Click username' (Root cause: com.kms.katalon.core.webui.exception.WebElementNotFoundException: Web element with id: 'Object Repository/KinJun/6.0 Query/6.2 Same branch - EIO/Page_PERKESO/Click username' located by 'By.xpath: id("bg2")/header[1]/div[@class="container-fluid"]/div[@class="row"]/div[@class="col-md-2"]/ul[@class="nav navbar-nav navbar-right"]/li[@class="dropdown"]/a[@class="dropdown-toggle"][count(. | //a[@href = '#']) = count(//a[@href = '#'])]' not found)
	at com.kms.katalon.core.keyword.internal.KeywordMain.stepFailed(KeywordMain.groovy:36)
	at com.kms.katalon.core.webui.keyword.internal.WebUIKeywordMain.stepFailed(WebUIKeywordMain.groovy:65)
	at com.kms.katalon.core.webui.keyword.internal.WebUIKeywordMain.runKeyword(WebUIKeywordMain.groovy:27)
	at com.kms.katalon.core.webui.keyword.builtin.ClickKeyword.click(ClickKeyword.groovy:86)
	at com.kms.katalon.core.webui.keyword.builtin.ClickKeyword.execute(ClickKeyword.groovy:67)
	at com.kms.katalon.core.keyword.internal.KeywordExecutor.executeKeywordForPlatform(KeywordExecutor.groovy:53)
	at com.kms.katalon.core.webui.keyword.WebUiBuiltInKeywords.click(WebUiBuiltInKeywords.groovy:616)
	at com.kms.katalon.core.webui.keyword.WebUiBuiltInKeywords$click$3.call(Unknown Source)
	at 6.2 Same Branch - EIO.run(6.2 Same Branch - EIO:83)
	at com.kms.katalon.core.main.ScriptEngine.run(ScriptEngine.java:194)
	at com.kms.katalon.core.main.ScriptEngine.runScriptAsRawText(ScriptEngine.java:119)
	at com.kms.katalon.core.main.TestCaseExecutor.runScript(TestCaseExecutor.java:328)
	at com.kms.katalon.core.main.TestCaseExecutor.doExecute(TestCaseExecutor.java:319)
	at com.kms.katalon.core.main.TestCaseExecutor.processExecutionPhase(TestCaseExecutor.java:298)
	at com.kms.katalon.core.main.TestCaseExecutor.accessMainPhase(TestCaseExecutor.java:290)
	at com.kms.katalon.core.main.TestCaseExecutor.execute(TestCaseExecutor.java:224)
	at com.kms.katalon.core.main.TestCaseMain.runTestCase(TestCaseMain.java:106)
	at com.kms.katalon.core.keyword.builtin.CallTestCaseKeyword$_callTestCase_closure1.doCall(CallTestCaseKeyword.groovy:59)
	at com.kms.katalon.core.keyword.builtin.CallTestCaseKeyword$_callTestCase_closure1.call(CallTestCaseKeyword.groovy)
	at com.kms.katalon.core.keyword.internal.KeywordMain.runKeyword(KeywordMain.groovy:54)
	at com.kms.katalon.core.keyword.builtin.CallTestCaseKeyword.callTestCase(CallTestCaseKeyword.groovy:80)
	at com.kms.katalon.core.keyword.builtin.CallTestCaseKeyword.execute(CallTestCaseKeyword.groovy:44)
	at com.kms.katalon.core.keyword.internal.KeywordExecutor.executeKeywordForPlatform(KeywordExecutor.groovy:53)
	at com.kms.katalon.core.keyword.BuiltinKeywords.callTestCase(BuiltinKeywords.groovy:334)
	at Same branch - EIO.run(Same branch - EIO:22)
	at com.kms.katalon.core.main.ScriptEngine.run(ScriptEngine.java:194)
	at com.kms.katalon.core.main.ScriptEngine.runScriptAsRawText(ScriptEngine.java:119)
	at com.kms.katalon.core.main.TestCaseExecutor.runScript(TestCaseExecutor.java:328)
	at com.kms.katalon.core.main.TestCaseExecutor.doExecute(TestCaseExecutor.java:319)
	at com.kms.katalon.core.main.TestCaseExecutor.processExecutionPhase(TestCaseExecutor.java:298)
	at com.kms.katalon.core.main.TestCaseExecutor.accessMainPhase(TestCaseExecutor.java:290)
	at com.kms.katalon.core.main.TestCaseExecutor.execute(TestCaseExecutor.java:224)
	at com.kms.katalon.core.main.TestSuiteExecutor.accessTestCaseMainPhase(TestSuiteExecutor.java:129)
	at com.kms.katalon.core.main.TestSuiteExecutor.accessTestSuiteMainPhase(TestSuiteExecutor.java:112)
	at com.kms.katalon.core.main.TestSuiteExecutor.execute(TestSuiteExecutor.java:81)
	at com.kms.katalon.core.main.TestCaseMain.startTestSuite(TestCaseMain.java:149)
	at com.kms.katalon.core.main.TestCaseMain$startTestSuite$0.call(Unknown Source)
	at TempTestSuite1550738418733.run(TempTestSuite1550738418733.groovy:36)]]></system-out>
         <system-err><![CDATA[2019-02-21 17:46:57 - [TEST_CASE][FAILED] - Test Cases/All TC/Arranged/0. Full Flow/Query/Same branch - EIO: Test Cases/All TC/Arranged/0. Full Flow/Query/Same branch - EIO FAILED.
Reason:
com.kms.katalon.core.exception.StepFailedException: Unable to click on object 'Object Repository/KinJun/6.0 Query/6.2 Same branch - EIO/Page_PERKESO/Click username' (Root cause: com.kms.katalon.core.webui.exception.WebElementNotFoundException: Web element with id: 'Object Repository/KinJun/6.0 Query/6.2 Same branch - EIO/Page_PERKESO/Click username' located by 'By.xpath: id("bg2")/header[1]/div[@class="container-fluid"]/div[@class="row"]/div[@class="col-md-2"]/ul[@class="nav navbar-nav navbar-right"]/li[@class="dropdown"]/a[@class="dropdown-toggle"][count(. | //a[@href = '#']) = count(//a[@href = '#'])]' not found)
	at com.kms.katalon.core.keyword.internal.KeywordMain.stepFailed(KeywordMain.groovy:36)
	at com.kms.katalon.core.webui.keyword.internal.WebUIKeywordMain.stepFailed(WebUIKeywordMain.groovy:65)
	at com.kms.katalon.core.webui.keyword.internal.WebUIKeywordMain.runKeyword(WebUIKeywordMain.groovy:27)
	at com.kms.katalon.core.webui.keyword.builtin.ClickKeyword.click(ClickKeyword.groovy:86)
	at com.kms.katalon.core.webui.keyword.builtin.ClickKeyword.execute(ClickKeyword.groovy:67)
	at com.kms.katalon.core.keyword.internal.KeywordExecutor.executeKeywordForPlatform(KeywordExecutor.groovy:53)
	at com.kms.katalon.core.webui.keyword.WebUiBuiltInKeywords.click(WebUiBuiltInKeywords.groovy:616)
	at com.kms.katalon.core.webui.keyword.WebUiBuiltInKeywords$click$3.call(Unknown Source)
	at 6.2 Same Branch - EIO.run(6.2 Same Branch - EIO:83)
	at com.kms.katalon.core.main.ScriptEngine.run(ScriptEngine.java:194)
	at com.kms.katalon.core.main.ScriptEngine.runScriptAsRawText(ScriptEngine.java:119)
	at com.kms.katalon.core.main.TestCaseExecutor.runScript(TestCaseExecutor.java:328)
	at com.kms.katalon.core.main.TestCaseExecutor.doExecute(TestCaseExecutor.java:319)
	at com.kms.katalon.core.main.TestCaseExecutor.processExecutionPhase(TestCaseExecutor.java:298)
	at com.kms.katalon.core.main.TestCaseExecutor.accessMainPhase(TestCaseExecutor.java:290)
	at com.kms.katalon.core.main.TestCaseExecutor.execute(TestCaseExecutor.java:224)
	at com.kms.katalon.core.main.TestCaseMain.runTestCase(TestCaseMain.java:106)
	at com.kms.katalon.core.keyword.builtin.CallTestCaseKeyword$_callTestCase_closure1.doCall(CallTestCaseKeyword.groovy:59)
	at com.kms.katalon.core.keyword.builtin.CallTestCaseKeyword$_callTestCase_closure1.call(CallTestCaseKeyword.groovy)
	at com.kms.katalon.core.keyword.internal.KeywordMain.runKeyword(KeywordMain.groovy:54)
	at com.kms.katalon.core.keyword.builtin.CallTestCaseKeyword.callTestCase(CallTestCaseKeyword.groovy:80)
	at com.kms.katalon.core.keyword.builtin.CallTestCaseKeyword.execute(CallTestCaseKeyword.groovy:44)
	at com.kms.katalon.core.keyword.internal.KeywordExecutor.executeKeywordForPlatform(KeywordExecutor.groovy:53)
	at com.kms.katalon.core.keyword.BuiltinKeywords.callTestCase(BuiltinKeywords.groovy:334)
	at Same branch - EIO.run(Same branch - EIO:22)
	at com.kms.katalon.core.main.ScriptEngine.run(ScriptEngine.java:194)
	at com.kms.katalon.core.main.ScriptEngine.runScriptAsRawText(ScriptEngine.java:119)
	at com.kms.katalon.core.main.TestCaseExecutor.runScript(TestCaseExecutor.java:328)
	at com.kms.katalon.core.main.TestCaseExecutor.doExecute(TestCaseExecutor.java:319)
	at com.kms.katalon.core.main.TestCaseExecutor.processExecutionPhase(TestCaseExecutor.java:298)
	at com.kms.katalon.core.main.TestCaseExecutor.accessMainPhase(TestCaseExecutor.java:290)
	at com.kms.katalon.core.main.TestCaseExecutor.execute(TestCaseExecutor.java:224)
	at com.kms.katalon.core.main.TestSuiteExecutor.accessTestCaseMainPhase(TestSuiteExecutor.java:129)
	at com.kms.katalon.core.main.TestSuiteExecutor.accessTestSuiteMainPhase(TestSuiteExecutor.java:112)
	at com.kms.katalon.core.main.TestSuiteExecutor.execute(TestSuiteExecutor.java:81)
	at com.kms.katalon.core.main.TestCaseMain.startTestSuite(TestCaseMain.java:149)
	at com.kms.katalon.core.main.TestCaseMain$startTestSuite$0.call(Unknown Source)
	at TempTestSuite1550738418733.run(TempTestSuite1550738418733.groovy:36)]]></system-err>
      </testcase>
      <testcase name="Test Cases/All TC/Arranged/0. Full Flow/Query/Same branch - EI Clerk" classname="Test Cases/All TC/Arranged/0. Full Flow/Query/Same branch - EI Clerk" status="FAILED">
         <failure type="FAILED" message="Test Cases/All TC/Arranged/0. Full Flow/Query/Same branch - EI Clerk FAILED.
Reason:
com.kms.katalon.core.exception.StepFailedException: Unable to click on object 'Object Repository/KinJun/6.0 Query/6.5 Same branch - EI Clerk/Page_PERKESO/Click username' (Root cause: com.kms.katalon.core.webui.exception.WebElementNotFoundException: Web element with id: 'Object Repository/KinJun/6.0 Query/6.5 Same branch - EI Clerk/Page_PERKESO/Click username' located by 'By.xpath: id(&quot;bg2&quot;)/header[1]/div[@class=&quot;container-fluid&quot;]/div[@class=&quot;row&quot;]/div[@class=&quot;col-md-2&quot;]/ul[@class=&quot;nav navbar-nav navbar-right&quot;]/li[@class=&quot;dropdown&quot;]/a[@class=&quot;dropdown-toggle&quot;][count(. | //a[@href = '#']) = count(//a[@href = '#'])]' not found)
	at com.kms.katalon.core.keyword.internal.KeywordMain.stepFailed(KeywordMain.groovy:36)
	at com.kms.katalon.core.webui.keyword.internal.WebUIKeywordMain.stepFailed(WebUIKeywordMain.groovy:65)
	at com.kms.katalon.core.webui.keyword.internal.WebUIKeywordMain.runKeyword(WebUIKeywordMain.groovy:27)
	at com.kms.katalon.core.webui.keyword.builtin.ClickKeyword.click(ClickKeyword.groovy:86)
	at com.kms.katalon.core.webui.keyword.builtin.ClickKeyword.execute(ClickKeyword.groovy:67)
	at com.kms.katalon.core.keyword.internal.KeywordExecutor.executeKeywordForPlatform(KeywordExecutor.groovy:53)
	at com.kms.katalon.core.webui.keyword.WebUiBuiltInKeywords.click(WebUiBuiltInKeywords.groovy:616)
	at com.kms.katalon.core.webui.keyword.WebUiBuiltInKeywords$click$3.call(Unknown Source)
	at 6.5 Same Branch - EI Clerk.run(6.5 Same Branch - EI Clerk:81)
	at com.kms.katalon.core.main.ScriptEngine.run(ScriptEngine.java:194)
	at com.kms.katalon.core.main.ScriptEngine.runScriptAsRawText(ScriptEngine.java:119)
	at com.kms.katalon.core.main.TestCaseExecutor.runScript(TestCaseExecutor.java:328)
	at com.kms.katalon.core.main.TestCaseExecutor.doExecute(TestCaseExecutor.java:319)
	at com.kms.katalon.core.main.TestCaseExecutor.processExecutionPhase(TestCaseExecutor.java:298)
	at com.kms.katalon.core.main.TestCaseExecutor.accessMainPhase(TestCaseExecutor.java:290)
	at com.kms.katalon.core.main.TestCaseExecutor.execute(TestCaseExecutor.java:224)
	at com.kms.katalon.core.main.TestCaseMain.runTestCase(TestCaseMain.java:106)
	at com.kms.katalon.core.keyword.builtin.CallTestCaseKeyword$_callTestCase_closure1.doCall(CallTestCaseKeyword.groovy:59)
	at com.kms.katalon.core.keyword.builtin.CallTestCaseKeyword$_callTestCase_closure1.call(CallTestCaseKeyword.groovy)
	at com.kms.katalon.core.keyword.internal.KeywordMain.runKeyword(KeywordMain.groovy:54)
	at com.kms.katalon.core.keyword.builtin.CallTestCaseKeyword.callTestCase(CallTestCaseKeyword.groovy:80)
	at com.kms.katalon.core.keyword.builtin.CallTestCaseKeyword.execute(CallTestCaseKeyword.groovy:44)
	at com.kms.katalon.core.keyword.internal.KeywordExecutor.executeKeywordForPlatform(KeywordExecutor.groovy:53)
	at com.kms.katalon.core.keyword.BuiltinKeywords.callTestCase(BuiltinKeywords.groovy:334)
	at Same branch - EI Clerk.run(Same branch - EI Clerk:22)
	at com.kms.katalon.core.main.ScriptEngine.run(ScriptEngine.java:194)
	at com.kms.katalon.core.main.ScriptEngine.runScriptAsRawText(ScriptEngine.java:119)
	at com.kms.katalon.core.main.TestCaseExecutor.runScript(TestCaseExecutor.java:328)
	at com.kms.katalon.core.main.TestCaseExecutor.doExecute(TestCaseExecutor.java:319)
	at com.kms.katalon.core.main.TestCaseExecutor.processExecutionPhase(TestCaseExecutor.java:298)
	at com.kms.katalon.core.main.TestCaseExecutor.accessMainPhase(TestCaseExecutor.java:290)
	at com.kms.katalon.core.main.TestCaseExecutor.execute(TestCaseExecutor.java:224)
	at com.kms.katalon.core.main.TestSuiteExecutor.accessTestCaseMainPhase(TestSuiteExecutor.java:129)
	at com.kms.katalon.core.main.TestSuiteExecutor.accessTestSuiteMainPhase(TestSuiteExecutor.java:112)
	at com.kms.katalon.core.main.TestSuiteExecutor.execute(TestSuiteExecutor.java:81)
	at com.kms.katalon.core.main.TestCaseMain.startTestSuite(TestCaseMain.java:149)
	at com.kms.katalon.core.main.TestCaseMain$startTestSuite$0.call(Unknown Source)
	at TempTestSuite1550738418733.run(TempTestSuite1550738418733.groovy:36)
"/>
         <system-out><![CDATA[2019-02-21 17:53:59 - [TEST_CASE][FAILED] - Test Cases/All TC/Arranged/0. Full Flow/Query/Same branch - EI Clerk: Test Cases/All TC/Arranged/0. Full Flow/Query/Same branch - EI Clerk FAILED.
Reason:
com.kms.katalon.core.exception.StepFailedException: Unable to click on object 'Object Repository/KinJun/6.0 Query/6.5 Same branch - EI Clerk/Page_PERKESO/Click username' (Root cause: com.kms.katalon.core.webui.exception.WebElementNotFoundException: Web element with id: 'Object Repository/KinJun/6.0 Query/6.5 Same branch - EI Clerk/Page_PERKESO/Click username' located by 'By.xpath: id("bg2")/header[1]/div[@class="container-fluid"]/div[@class="row"]/div[@class="col-md-2"]/ul[@class="nav navbar-nav navbar-right"]/li[@class="dropdown"]/a[@class="dropdown-toggle"][count(. | //a[@href = '#']) = count(//a[@href = '#'])]' not found)
	at com.kms.katalon.core.keyword.internal.KeywordMain.stepFailed(KeywordMain.groovy:36)
	at com.kms.katalon.core.webui.keyword.internal.WebUIKeywordMain.stepFailed(WebUIKeywordMain.groovy:65)
	at com.kms.katalon.core.webui.keyword.internal.WebUIKeywordMain.runKeyword(WebUIKeywordMain.groovy:27)
	at com.kms.katalon.core.webui.keyword.builtin.ClickKeyword.click(ClickKeyword.groovy:86)
	at com.kms.katalon.core.webui.keyword.builtin.ClickKeyword.execute(ClickKeyword.groovy:67)
	at com.kms.katalon.core.keyword.internal.KeywordExecutor.executeKeywordForPlatform(KeywordExecutor.groovy:53)
	at com.kms.katalon.core.webui.keyword.WebUiBuiltInKeywords.click(WebUiBuiltInKeywords.groovy:616)
	at com.kms.katalon.core.webui.keyword.WebUiBuiltInKeywords$click$3.call(Unknown Source)
	at 6.5 Same Branch - EI Clerk.run(6.5 Same Branch - EI Clerk:81)
	at com.kms.katalon.core.main.ScriptEngine.run(ScriptEngine.java:194)
	at com.kms.katalon.core.main.ScriptEngine.runScriptAsRawText(ScriptEngine.java:119)
	at com.kms.katalon.core.main.TestCaseExecutor.runScript(TestCaseExecutor.java:328)
	at com.kms.katalon.core.main.TestCaseExecutor.doExecute(TestCaseExecutor.java:319)
	at com.kms.katalon.core.main.TestCaseExecutor.processExecutionPhase(TestCaseExecutor.java:298)
	at com.kms.katalon.core.main.TestCaseExecutor.accessMainPhase(TestCaseExecutor.java:290)
	at com.kms.katalon.core.main.TestCaseExecutor.execute(TestCaseExecutor.java:224)
	at com.kms.katalon.core.main.TestCaseMain.runTestCase(TestCaseMain.java:106)
	at com.kms.katalon.core.keyword.builtin.CallTestCaseKeyword$_callTestCase_closure1.doCall(CallTestCaseKeyword.groovy:59)
	at com.kms.katalon.core.keyword.builtin.CallTestCaseKeyword$_callTestCase_closure1.call(CallTestCaseKeyword.groovy)
	at com.kms.katalon.core.keyword.internal.KeywordMain.runKeyword(KeywordMain.groovy:54)
	at com.kms.katalon.core.keyword.builtin.CallTestCaseKeyword.callTestCase(CallTestCaseKeyword.groovy:80)
	at com.kms.katalon.core.keyword.builtin.CallTestCaseKeyword.execute(CallTestCaseKeyword.groovy:44)
	at com.kms.katalon.core.keyword.internal.KeywordExecutor.executeKeywordForPlatform(KeywordExecutor.groovy:53)
	at com.kms.katalon.core.keyword.BuiltinKeywords.callTestCase(BuiltinKeywords.groovy:334)
	at Same branch - EI Clerk.run(Same branch - EI Clerk:22)
	at com.kms.katalon.core.main.ScriptEngine.run(ScriptEngine.java:194)
	at com.kms.katalon.core.main.ScriptEngine.runScriptAsRawText(ScriptEngine.java:119)
	at com.kms.katalon.core.main.TestCaseExecutor.runScript(TestCaseExecutor.java:328)
	at com.kms.katalon.core.main.TestCaseExecutor.doExecute(TestCaseExecutor.java:319)
	at com.kms.katalon.core.main.TestCaseExecutor.processExecutionPhase(TestCaseExecutor.java:298)
	at com.kms.katalon.core.main.TestCaseExecutor.accessMainPhase(TestCaseExecutor.java:290)
	at com.kms.katalon.core.main.TestCaseExecutor.execute(TestCaseExecutor.java:224)
	at com.kms.katalon.core.main.TestSuiteExecutor.accessTestCaseMainPhase(TestSuiteExecutor.java:129)
	at com.kms.katalon.core.main.TestSuiteExecutor.accessTestSuiteMainPhase(TestSuiteExecutor.java:112)
	at com.kms.katalon.core.main.TestSuiteExecutor.execute(TestSuiteExecutor.java:81)
	at com.kms.katalon.core.main.TestCaseMain.startTestSuite(TestCaseMain.java:149)
	at com.kms.katalon.core.main.TestCaseMain$startTestSuite$0.call(Unknown Source)
	at TempTestSuite1550738418733.run(TempTestSuite1550738418733.groovy:36)


2019-02-21 17:53:59 - [TEST_STEP][PASSED] - callTestCase(findTestCase("All TC/Arranged/2. Segment/OTC_Submit Form 7_End to End - Cheque"), [:], STOP_ON_FAILURE): Call Test Case 'Test Cases/All TC/Arranged/2. Segment/OTC_Submit Form 7_End to End - Cheque' successfully

2019-02-21 17:53:59 - [TEST_CASE][PASSED] - Test Cases/All TC/Arranged/2. Segment/OTC_Submit Form 7_End to End - Cheque: Test Cases/All TC/Arranged/2. Segment/OTC_Submit Form 7_End to End - Cheque

2019-02-21 17:53:59 - [TEST_STEP][PASSED] - callTestCase(findTestCase("All TC/Arranged/3. Unit/EI/Form 7_default/OTC_Application_Reg"), [:], STOP_ON_FAILURE): Call Test Case 'Test Cases/All TC/Arranged/3. Unit/EI/Form 7_default/OTC_Application_Reg' successfully

2019-02-21 17:53:59 - [TEST_CASE][PASSED] - Test Cases/All TC/Arranged/3. Unit/EI/Form 7_default/OTC_Application_Reg: Test Cases/All TC/Arranged/3. Unit/EI/Form 7_default/OTC_Application_Reg

2019-02-21 17:53:59 - [TEST_STEP][PASSED] - openBrowser(""): Browser is opened with url: ''

2019-02-21 17:53:59 - [MESSAGE][WARNING] - A browser is already opened. Closing browser and opening a new one

2019-02-21 17:54:00 - [MESSAGE][INFO] - Starting 'Chrome' driver

2019-02-21 17:54:00 - [MESSAGE][INFO] - User set preference: ['args', '[--start-maximized]']

2019-02-21 17:54:02 - [MESSAGE][PASSED] - Browser is opened with url: ''

2019-02-21 17:54:02 - [TEST_STEP][PASSED] - navigateToUrl(Internal_Login): Navigate to 'http://10.20.24.188/eisportal/user/login' successfully

2019-02-21 17:54:03 - [MESSAGE][PASSED] - Navigate to 'http://10.20.24.188/eisportal/user/login' successfully

2019-02-21 17:54:03 - [TEST_STEP][PASSED] - delay(3): Delayed 3 second(s)

2019-02-21 17:54:06 - [MESSAGE][PASSED] - Delayed 3 second(s)

2019-02-21 17:54:06 - [TEST_STEP][PASSED] - setText(findTestObject("KeatMun/Form 7_default/OTC_Application_Reg/Page_PERKESO/1.username"), "faizal.hamid@perkeso.gov.my"): Text 'faizal.hamid@perkeso.gov.my' is set on object 'Object Repository/KeatMun/Form 7_default/OTC_Application_Reg/Page_PERKESO/1.username'

2019-02-21 17:54:06 - [MESSAGE][PASSED] - Text 'faizal.hamid@perkeso.gov.my' is set on object 'Object Repository/KeatMun/Form 7_default/OTC_Application_Reg/Page_PERKESO/1.username'

2019-02-21 17:54:06 - [TEST_STEP][PASSED] - delay(1): Delayed 1 second(s)

2019-02-21 17:54:07 - [MESSAGE][PASSED] - Delayed 1 second(s)

2019-02-21 17:54:07 - [TEST_STEP][PASSED] - setEncryptedText(findTestObject("KeatMun/Form 7_default/OTC_Application_Reg/Page_PERKESO/2.password"), "CQqwFZlbeC8="): Text ****** has been set on object 'Object Repository/KeatMun/Form 7_default/OTC_Application_Reg/Page_PERKESO/2.password'

2019-02-21 17:54:07 - [MESSAGE][PASSED] - Text ****** has been set on object 'Object Repository/KeatMun/Form 7_default/OTC_Application_Reg/Page_PERKESO/2.password'

2019-02-21 17:54:07 - [TEST_STEP][PASSED] - delay(2): Delayed 2 second(s)

2019-02-21 17:54:09 - [MESSAGE][PASSED] - Delayed 2 second(s)

2019-02-21 17:54:09 - [TEST_STEP][PASSED] - click(findTestObject("KeatMun/Form 7_default/OTC_Application_Reg/Page_PERKESO/3.login button")): Object: 'Object Repository/KeatMun/Form 7_default/OTC_Application_Reg/Page_PERKESO/3.login button' is clicked on

2019-02-21 17:54:10 - [MESSAGE][PASSED] - Object: 'Object Repository/KeatMun/Form 7_default/OTC_Application_Reg/Page_PERKESO/3.login button' is clicked on

2019-02-21 17:54:10 - [TEST_STEP][PASSED] - delay(2): Delayed 2 second(s)

2019-02-21 17:54:12 - [MESSAGE][PASSED] - Delayed 2 second(s)

2019-02-21 17:54:12 - [TEST_STEP][PASSED] - click(findTestObject("KeatMun/Form 7_default/OTC_Application_Reg/Page_PERKESO/4. Permohonan tab")): Object: 'Object Repository/KeatMun/Form 7_default/OTC_Application_Reg/Page_PERKESO/4. Permohonan tab' is clicked on

2019-02-21 17:54:13 - [MESSAGE][PASSED] - Object: 'Object Repository/KeatMun/Form 7_default/OTC_Application_Reg/Page_PERKESO/4. Permohonan tab' is clicked on

2019-02-21 17:54:13 - [TEST_STEP][PASSED] - delay(2): Delayed 2 second(s)

2019-02-21 17:54:15 - [MESSAGE][PASSED] - Delayed 2 second(s)

2019-02-21 17:54:15 - [TEST_STEP][PASSED] - click(findTestObject("KeatMun/Form 7_default/OTC_Application_Reg/Page_PERKESO/5.button_Setuju")): Object: 'Object Repository/KeatMun/Form 7_default/OTC_Application_Reg/Page_PERKESO/5.button_Setuju' is clicked on

2019-02-21 17:54:16 - [MESSAGE][PASSED] - Object: 'Object Repository/KeatMun/Form 7_default/OTC_Application_Reg/Page_PERKESO/5.button_Setuju' is clicked on

2019-02-21 17:54:16 - [TEST_STEP][PASSED] - delay(2): Delayed 2 second(s)

2019-02-21 17:54:18 - [MESSAGE][PASSED] - Delayed 2 second(s)

2019-02-21 17:54:18 - [TEST_STEP][PASSED] - callTestCase(findTestCase("All TC/Arranged/1. Common/IC List Checker"), [:], STOP_ON_FAILURE): Call Test Case 'Test Cases/All TC/Arranged/1. Common/IC List Checker' successfully

2019-02-21 17:54:18 - [TEST_CASE][PASSED] - Test Cases/All TC/Arranged/1. Common/IC List Checker: Test Cases/All TC/Arranged/1. Common/IC List Checker

2019-02-21 17:54:18 - [TEST_STEP][PASSED] - counter = 0: null

2019-02-21 17:54:18 - [TEST_STEP][PASSED] - fis = new java.io.FileInputStream((internal.GlobalVariable.TextFilePathCommon + \IC.xlsx)): null

2019-02-21 17:54:18 - [TEST_STEP][PASSED] - workbook = new org.apache.poi.xssf.usermodel.XSSFWorkbook(fis): null

2019-02-21 17:54:18 - [TEST_STEP][PASSED] - sheet = workbook.getSheet("Sheet1"): null

2019-02-21 17:54:18 - [TEST_STEP][PASSED] - totalRow = sheet.getLastRowNum(): null

2019-02-21 17:54:18 - [TEST_STEP][PASSED] - out.println(totalRow): null

2019-02-21 17:54:18 - [TEST_STEP][PASSED] - row = sheet.getRow(counter): null

2019-02-21 17:54:18 - [TEST_STEP][PASSED] - cell = row.getCell(counter): null

2019-02-21 17:54:18 - [TEST_STEP][PASSED] - a = cell.getStringCellValue(): null

2019-02-21 17:54:18 - [TEST_STEP][PASSED] - IC = a: null

2019-02-21 17:54:18 - [TEST_STEP][PASSED] - out.println(IC): null

2019-02-21 17:54:18 - [TEST_STEP][PASSED] - callTestCase(findTestCase("All TC/Arranged/1. Common/1.2 Setter/Setter IC"), [:], STOP_ON_FAILURE): Call Test Case 'Test Cases/All TC/Arranged/1. Common/1.2 Setter/Setter IC' successfully

2019-02-21 17:54:18 - [TEST_CASE][PASSED] - Test Cases/All TC/Arranged/1. Common/1.2 Setter/Setter IC: Test Cases/All TC/Arranged/1. Common/1.2 Setter/Setter IC

2019-02-21 17:54:18 - [TEST_STEP][PASSED] - RefNoOldFile = new java.io.File((internal.GlobalVariable.TextFilePathCommon + \getIC.txt)): null

2019-02-21 17:54:18 - [TEST_STEP][PASSED] - RefNoOldFile.delete(): null

2019-02-21 17:54:18 - [TEST_STEP][PASSED] - delay(5): Delayed 5 second(s)

2019-02-21 17:54:23 - [MESSAGE][PASSED] - Delayed 5 second(s)

2019-02-21 17:54:23 - [TEST_STEP][PASSED] - RefNo = new java.io.File((internal.GlobalVariable.TextFilePathCommon + \getIC.txt)): null

2019-02-21 17:54:23 - [TEST_STEP][PASSED] - f2 = new java.io.FileWriter(RefNo, false): null

2019-02-21 17:54:23 - [TEST_STEP][PASSED] - f2.write(IC): null

2019-02-21 17:54:23 - [TEST_STEP][PASSED] - f2.close(): null

2019-02-21 17:54:23 - [TEST_STEP][PASSED] - out.println("


" + IC + "


"): null

2019-02-21 17:54:23 - [MESSAGE][PASSED] - Call Test Case 'Test Cases/All TC/Arranged/1. Common/1.2 Setter/Setter IC' successfully

2019-02-21 17:54:23 - [MESSAGE][PASSED] - Call Test Case 'Test Cases/All TC/Arranged/1. Common/IC List Checker' successfully

2019-02-21 17:54:23 - [TEST_STEP][PASSED] - setText(findTestObject("KeatMun/Form 7_default/OTC_Application_Reg/Page_PERKESO/6.No. Kad Pengenalan"), IC): Text '871229105120' is set on object 'Object Repository/KeatMun/Form 7_default/OTC_Application_Reg/Page_PERKESO/6.No. Kad Pengenalan'

2019-02-21 17:54:23 - [MESSAGE][PASSED] - Text '871229105120' is set on object 'Object Repository/KeatMun/Form 7_default/OTC_Application_Reg/Page_PERKESO/6.No. Kad Pengenalan'

2019-02-21 17:54:23 - [TEST_STEP][PASSED] - delay(2): Delayed 2 second(s)

2019-02-21 17:54:25 - [MESSAGE][PASSED] - Delayed 2 second(s)

2019-02-21 17:54:25 - [TEST_STEP][PASSED] - click(findTestObject("KeatMun/Form 7_default/OTC_Application_Reg/Page_PERKESO/7.button_Semak")): Object: 'Object Repository/KeatMun/Form 7_default/OTC_Application_Reg/Page_PERKESO/7.button_Semak' is clicked on

2019-02-21 17:54:26 - [MESSAGE][PASSED] - Object: 'Object Repository/KeatMun/Form 7_default/OTC_Application_Reg/Page_PERKESO/7.button_Semak' is clicked on

2019-02-21 17:54:26 - [TEST_STEP][PASSED] - delay(4): Delayed 4 second(s)

2019-02-21 17:54:30 - [MESSAGE][PASSED] - Delayed 4 second(s)

2019-02-21 17:54:30 - [TEST_STEP][PASSED] - click(findTestObject("KeatMun/Form 7_default/OTC_Application_Reg/Page_PERKESO/8. Nama Majikan Dropdown")): Object: 'Object Repository/KeatMun/Form 7_default/OTC_Application_Reg/Page_PERKESO/8. Nama Majikan Dropdown' is clicked on

2019-02-21 17:54:30 - [MESSAGE][PASSED] - Object: 'Object Repository/KeatMun/Form 7_default/OTC_Application_Reg/Page_PERKESO/8. Nama Majikan Dropdown' is clicked on

2019-02-21 17:54:30 - [TEST_STEP][PASSED] - setText(findTestObject("KeatMun/Form 7_default/OTC_Application_Reg/Page_PERKESO/8. LOE emp"), "pet"): Text 'pet' is set on object 'Object Repository/KeatMun/Form 7_default/OTC_Application_Reg/Page_PERKESO/8. LOE emp'

2019-02-21 17:54:30 - [MESSAGE][PASSED] - Text 'pet' is set on object 'Object Repository/KeatMun/Form 7_default/OTC_Application_Reg/Page_PERKESO/8. LOE emp'

2019-02-21 17:54:30 - [TEST_STEP][PASSED] - click(findTestObject("KeatMun/Form 7_default/OTC_Application_Reg/Page_PERKESO/8. PETRONAS")): Object: 'Object Repository/KeatMun/Form 7_default/OTC_Application_Reg/Page_PERKESO/8. PETRONAS' is clicked on

2019-02-21 17:54:30 - [MESSAGE][PASSED] - Object: 'Object Repository/KeatMun/Form 7_default/OTC_Application_Reg/Page_PERKESO/8. PETRONAS' is clicked on

2019-02-21 17:54:30 - [TEST_STEP][PASSED] - delay(2): Delayed 2 second(s)

2019-02-21 17:54:32 - [MESSAGE][PASSED] - Delayed 2 second(s)

2019-02-21 17:54:32 - [TEST_STEP][PASSED] - TodayDate = new java.util.Date(): null

2019-02-21 17:54:32 - [TEST_STEP][PASSED] - CurrentDateNoFilter = new java.text.SimpleDateFormat(): null

2019-02-21 17:54:32 - [TEST_STEP][PASSED] - CurrentDateNoFilter.applyPattern("dd/MM/yyyy"): null

2019-02-21 17:54:32 - [TEST_STEP][PASSED] - CurrentDate = CurrentDateNoFilter.format(TodayDate): null

2019-02-21 17:54:32 - [TEST_STEP][PASSED] - out.println(CurrentDate): null

2019-02-21 17:54:32 - [TEST_STEP][PASSED] - date = CurrentDate: null

2019-02-21 17:54:32 - [TEST_STEP][PASSED] - setText(findTestObject("KeatMun/Form 7_default/OTC_Application_Reg/Page_PERKESO/9.Tarikh kehilangan pkj"), date): Text '21/02/2019' is set on object 'Object Repository/KeatMun/Form 7_default/OTC_Application_Reg/Page_PERKESO/9.Tarikh kehilangan pkj'

2019-02-21 17:54:32 - [MESSAGE][PASSED] - Text '21/02/2019' is set on object 'Object Repository/KeatMun/Form 7_default/OTC_Application_Reg/Page_PERKESO/9.Tarikh kehilangan pkj'

2019-02-21 17:54:32 - [TEST_STEP][PASSED] - delay(2): Delayed 2 second(s)

2019-02-21 17:54:34 - [MESSAGE][PASSED] - Delayed 2 second(s)

2019-02-21 17:54:34 - [TEST_STEP][PASSED] - click(findTestObject("KeatMun/Form 7_default/OTC_Application_Reg/Page_PERKESO/9. Date Picker Done Button ")): Object: 'Object Repository/KeatMun/Form 7_default/OTC_Application_Reg/Page_PERKESO/9. Date Picker Done Button ' is clicked on

2019-02-21 17:54:35 - [MESSAGE][PASSED] - Object: 'Object Repository/KeatMun/Form 7_default/OTC_Application_Reg/Page_PERKESO/9. Date Picker Done Button ' is clicked on

2019-02-21 17:54:35 - [TEST_STEP][PASSED] - delay(2): Delayed 2 second(s)

2019-02-21 17:54:37 - [MESSAGE][PASSED] - Delayed 2 second(s)

2019-02-21 17:54:37 - [TEST_STEP][PASSED] - click(findTestObject("KeatMun/Form 7_default/OTC_Application_Reg/Page_PERKESO/10.button_Mohon")): Object: 'Object Repository/KeatMun/Form 7_default/OTC_Application_Reg/Page_PERKESO/10.button_Mohon' is clicked on

2019-02-21 17:54:37 - [MESSAGE][PASSED] - Object: 'Object Repository/KeatMun/Form 7_default/OTC_Application_Reg/Page_PERKESO/10.button_Mohon' is clicked on

2019-02-21 17:54:37 - [TEST_STEP][PASSED] - delay(2): Delayed 2 second(s)

2019-02-21 17:54:39 - [MESSAGE][PASSED] - Delayed 2 second(s)

2019-02-21 17:54:39 - [TEST_STEP][PASSED] - setText(findTestObject("KeatMun/Form 7_default/OTC_Application_Reg/Page_PERKESO/11.Tarikh Terima_stampedDtS"), "10/01/2019"): Text '10/01/2019' is set on object 'Object Repository/KeatMun/Form 7_default/OTC_Application_Reg/Page_PERKESO/11.Tarikh Terima_stampedDtS'

2019-02-21 17:54:39 - [MESSAGE][PASSED] - Text '10/01/2019' is set on object 'Object Repository/KeatMun/Form 7_default/OTC_Application_Reg/Page_PERKESO/11.Tarikh Terima_stampedDtS'

2019-02-21 17:54:39 - [TEST_STEP][PASSED] - delay(2): Delayed 2 second(s)

2019-02-21 17:54:41 - [MESSAGE][PASSED] - Delayed 2 second(s)

2019-02-21 17:54:41 - [TEST_STEP][PASSED] - click(findTestObject("KeatMun/Form 7_default/OTC_Application_Reg/Page_PERKESO/11. Date Picker Done Button")): Object: 'Object Repository/KeatMun/Form 7_default/OTC_Application_Reg/Page_PERKESO/11. Date Picker Done Button' is clicked on

2019-02-21 17:54:41 - [MESSAGE][PASSED] - Object: 'Object Repository/KeatMun/Form 7_default/OTC_Application_Reg/Page_PERKESO/11. Date Picker Done Button' is clicked on

2019-02-21 17:54:41 - [TEST_STEP][PASSED] - delay(2): Delayed 2 second(s)

2019-02-21 17:54:43 - [MESSAGE][PASSED] - Delayed 2 second(s)

2019-02-21 17:54:43 - [TEST_STEP][PASSED] - click(findTestObject("KeatMun/Form 7_default/OTC_Application_Reg/Page_PERKESO/11.button_TERUSKAN")): Object: 'Object Repository/KeatMun/Form 7_default/OTC_Application_Reg/Page_PERKESO/11.button_TERUSKAN' is clicked on

2019-02-21 17:54:43 - [MESSAGE][PASSED] - Object: 'Object Repository/KeatMun/Form 7_default/OTC_Application_Reg/Page_PERKESO/11.button_TERUSKAN' is clicked on

2019-02-21 17:54:43 - [TEST_STEP][PASSED] - delay(2): Delayed 2 second(s)

2019-02-21 17:54:45 - [MESSAGE][PASSED] - Delayed 2 second(s)

2019-02-21 17:54:45 - [TEST_STEP][PASSED] - selectOptionByValue(findTestObject("KeatMun/Form 7_default/OTC_Application_Reg/Page_PERKESO/12.--Sila Pilih--PejabatPKS"), "22", true): All options with value '22' are selected in object 'Object Repository/KeatMun/Form 7_default/OTC_Application_Reg/Page_PERKESO/12.--Sila Pilih--PejabatPKS'  using regular expression

2019-02-21 17:54:46 - [MESSAGE][PASSED] - All options with value '22' are selected in object 'Object Repository/KeatMun/Form 7_default/OTC_Application_Reg/Page_PERKESO/12.--Sila Pilih--PejabatPKS'  using regular expression

2019-02-21 17:54:46 - [TEST_STEP][PASSED] - delay(2): Delayed 2 second(s)

2019-02-21 17:54:48 - [MESSAGE][PASSED] - Delayed 2 second(s)

2019-02-21 17:54:48 - [TEST_STEP][PASSED] - click(findTestObject("KeatMun/Form 7_default/OTC_Application_Reg/Page_PERKESO/13. Halaman Seterusnya")): Object: 'Object Repository/KeatMun/Form 7_default/OTC_Application_Reg/Page_PERKESO/13. Halaman Seterusnya' is clicked on

2019-02-21 17:54:49 - [MESSAGE][PASSED] - Object: 'Object Repository/KeatMun/Form 7_default/OTC_Application_Reg/Page_PERKESO/13. Halaman Seterusnya' is clicked on

2019-02-21 17:54:49 - [MESSAGE][PASSED] - Call Test Case 'Test Cases/All TC/Arranged/3. Unit/EI/Form 7_default/OTC_Application_Reg' successfully

2019-02-21 17:54:49 - [TEST_STEP][PASSED] - callTestCase(findTestCase("All TC/Arranged/3. Unit/EI/Form 7_default/OTC_Submit Form 7_Section A"), [:], STOP_ON_FAILURE): Call Test Case 'Test Cases/All TC/Arranged/3. Unit/EI/Form 7_default/OTC_Submit Form 7_Section A' successfully

2019-02-21 17:54:49 - [TEST_CASE][PASSED] - Test Cases/All TC/Arranged/3. Unit/EI/Form 7_default/OTC_Submit Form 7_Section A: Test Cases/All TC/Arranged/3. Unit/EI/Form 7_default/OTC_Submit Form 7_Section A

2019-02-21 17:54:49 - [TEST_STEP][PASSED] - delay(2): Delayed 2 second(s)

2019-02-21 17:54:51 - [MESSAGE][PASSED] - Delayed 2 second(s)

2019-02-21 17:54:51 - [TEST_STEP][PASSED] - setText(findTestObject("KeatMun/Form 7_default/OTC_Submit Form 7_Section A/Page_PERKESO/A4. EmployeeDob"), "10/01/2019"): Text '10/01/2019' is set on object 'Object Repository/KeatMun/Form 7_default/OTC_Submit Form 7_Section A/Page_PERKESO/A4. EmployeeDob'

2019-02-21 17:54:51 - [MESSAGE][PASSED] - Text '10/01/2019' is set on object 'Object Repository/KeatMun/Form 7_default/OTC_Submit Form 7_Section A/Page_PERKESO/A4. EmployeeDob'

2019-02-21 17:54:51 - [TEST_STEP][PASSED] - delay(2): Delayed 2 second(s)

2019-02-21 17:54:53 - [MESSAGE][PASSED] - Delayed 2 second(s)

2019-02-21 17:54:53 - [TEST_STEP][PASSED] - click(findTestObject("KeatMun/Form 7_default/OTC_Submit Form 7_Section A/Page_PERKESO/A5. Bangsa")): Object: 'Object Repository/KeatMun/Form 7_default/OTC_Submit Form 7_Section A/Page_PERKESO/A5. Bangsa' is clicked on

2019-02-21 17:54:53 - [MESSAGE][PASSED] - Object: 'Object Repository/KeatMun/Form 7_default/OTC_Submit Form 7_Section A/Page_PERKESO/A5. Bangsa' is clicked on

2019-02-21 17:54:53 - [TEST_STEP][PASSED] - click(findTestObject("KeatMun/Form 7_default/OTC_Submit Form 7_Section A/Page_PERKESO/A5. Bumiputera Sabah")): Object: 'Object Repository/KeatMun/Form 7_default/OTC_Submit Form 7_Section A/Page_PERKESO/A5. Bumiputera Sabah' is clicked on

2019-02-21 17:54:53 - [MESSAGE][PASSED] - Object: 'Object Repository/KeatMun/Form 7_default/OTC_Submit Form 7_Section A/Page_PERKESO/A5. Bumiputera Sabah' is clicked on

2019-02-21 17:54:53 - [TEST_STEP][PASSED] - delay(2): Delayed 2 second(s)

2019-02-21 17:54:55 - [MESSAGE][PASSED] - Delayed 2 second(s)

2019-02-21 17:54:55 - [TEST_STEP][PASSED] - click(findTestObject("KeatMun/Form 7_default/OTC_Submit Form 7_Section A/Page_PERKESO/A6. Jantina")): Object: 'Object Repository/KeatMun/Form 7_default/OTC_Submit Form 7_Section A/Page_PERKESO/A6. Jantina' is clicked on

2019-02-21 17:54:55 - [MESSAGE][PASSED] - Object: 'Object Repository/KeatMun/Form 7_default/OTC_Submit Form 7_Section A/Page_PERKESO/A6. Jantina' is clicked on

2019-02-21 17:54:55 - [TEST_STEP][PASSED] - click(findTestObject("KeatMun/Form 7_default/OTC_Submit Form 7_Section A/Page_PERKESO/A6. Lelaki")): Object: 'Object Repository/KeatMun/Form 7_default/OTC_Submit Form 7_Section A/Page_PERKESO/A6. Lelaki' is clicked on

2019-02-21 17:54:56 - [MESSAGE][PASSED] - Object: 'Object Repository/KeatMun/Form 7_default/OTC_Submit Form 7_Section A/Page_PERKESO/A6. Lelaki' is clicked on

2019-02-21 17:54:56 - [TEST_STEP][PASSED] - delay(2): Delayed 2 second(s)

2019-02-21 17:54:58 - [MESSAGE][PASSED] - Delayed 2 second(s)

2019-02-21 17:54:58 - [TEST_STEP][PASSED] - click(findTestObject("KeatMun/Form 7_default/OTC_Submit Form 7_Section A/Page_PERKESO/A7. Kewarganegaraan")): Object: 'Object Repository/KeatMun/Form 7_default/OTC_Submit Form 7_Section A/Page_PERKESO/A7. Kewarganegaraan' is clicked on

2019-02-21 17:54:58 - [MESSAGE][PASSED] - Object: 'Object Repository/KeatMun/Form 7_default/OTC_Submit Form 7_Section A/Page_PERKESO/A7. Kewarganegaraan' is clicked on

2019-02-21 17:54:58 - [TEST_STEP][PASSED] - click(findTestObject("KeatMun/Form 7_default/OTC_Submit Form 7_Section A/Page_PERKESO/A7. Malaysia")): Object: 'Object Repository/KeatMun/Form 7_default/OTC_Submit Form 7_Section A/Page_PERKESO/A7. Malaysia' is clicked on

2019-02-21 17:54:58 - [MESSAGE][PASSED] - Object: 'Object Repository/KeatMun/Form 7_default/OTC_Submit Form 7_Section A/Page_PERKESO/A7. Malaysia' is clicked on

2019-02-21 17:54:58 - [TEST_STEP][PASSED] - delay(2): Delayed 2 second(s)

2019-02-21 17:55:00 - [MESSAGE][PASSED] - Delayed 2 second(s)

2019-02-21 17:55:00 - [TEST_STEP][PASSED] - click(findTestObject("KeatMun/Form 7_default/OTC_Submit Form 7_Section A/Page_PERKESO/A8. Status Perkahwinan")): Object: 'Object Repository/KeatMun/Form 7_default/OTC_Submit Form 7_Section A/Page_PERKESO/A8. Status Perkahwinan' is clicked on

2019-02-21 17:55:00 - [MESSAGE][PASSED] - Object: 'Object Repository/KeatMun/Form 7_default/OTC_Submit Form 7_Section A/Page_PERKESO/A8. Status Perkahwinan' is clicked on

2019-02-21 17:55:00 - [TEST_STEP][PASSED] - click(findTestObject("KeatMun/Form 7_default/OTC_Submit Form 7_Section A/Page_PERKESO/A8. Bujang")): Object: 'Object Repository/KeatMun/Form 7_default/OTC_Submit Form 7_Section A/Page_PERKESO/A8. Bujang' is clicked on

2019-02-21 17:55:00 - [MESSAGE][PASSED] - Object: 'Object Repository/KeatMun/Form 7_default/OTC_Submit Form 7_Section A/Page_PERKESO/A8. Bujang' is clicked on

2019-02-21 17:55:00 - [TEST_STEP][PASSED] - delay(2): Delayed 2 second(s)

2019-02-21 17:55:02 - [MESSAGE][PASSED] - Delayed 2 second(s)

2019-02-21 17:55:02 - [TEST_STEP][PASSED] - setText(findTestObject("KeatMun/Form 7_default/OTC_Submit Form 7_Section A/Page_PERKESO/A9. Address1"), "qwertyuiop"): Text 'qwertyuiop' is set on object 'Object Repository/KeatMun/Form 7_default/OTC_Submit Form 7_Section A/Page_PERKESO/A9. Address1'

2019-02-21 17:55:02 - [MESSAGE][PASSED] - Text 'qwertyuiop' is set on object 'Object Repository/KeatMun/Form 7_default/OTC_Submit Form 7_Section A/Page_PERKESO/A9. Address1'

2019-02-21 17:55:02 - [TEST_STEP][PASSED] - delay(2): Delayed 2 second(s)

2019-02-21 17:55:04 - [MESSAGE][PASSED] - Delayed 2 second(s)

2019-02-21 17:55:04 - [TEST_STEP][PASSED] - click(findTestObject("KeatMun/Form 7_default/OTC_Submit Form 7_Section A/Page_PERKESO/A10. Negeri")): Object: 'Object Repository/KeatMun/Form 7_default/OTC_Submit Form 7_Section A/Page_PERKESO/A10. Negeri' is clicked on

2019-02-21 17:55:05 - [MESSAGE][PASSED] - Object: 'Object Repository/KeatMun/Form 7_default/OTC_Submit Form 7_Section A/Page_PERKESO/A10. Negeri' is clicked on

2019-02-21 17:55:05 - [TEST_STEP][PASSED] - click(findTestObject("KeatMun/Form 7_default/OTC_Submit Form 7_Section A/Page_PERKESO/A10. JOHOR")): Object: 'Object Repository/KeatMun/Form 7_default/OTC_Submit Form 7_Section A/Page_PERKESO/A10. JOHOR' is clicked on

2019-02-21 17:55:05 - [MESSAGE][PASSED] - Object: 'Object Repository/KeatMun/Form 7_default/OTC_Submit Form 7_Section A/Page_PERKESO/A10. JOHOR' is clicked on

2019-02-21 17:55:05 - [TEST_STEP][PASSED] - delay(2): Delayed 2 second(s)

2019-02-21 17:55:07 - [MESSAGE][PASSED] - Delayed 2 second(s)

2019-02-21 17:55:07 - [TEST_STEP][PASSED] - click(findTestObject("KeatMun/Form 7_default/OTC_Submit Form 7_Section A/Page_PERKESO/A11. --Sila Pilih--")): Object: 'Object Repository/KeatMun/Form 7_default/OTC_Submit Form 7_Section A/Page_PERKESO/A11. --Sila Pilih--' is clicked on

2019-02-21 17:55:07 - [MESSAGE][PASSED] - Object: 'Object Repository/KeatMun/Form 7_default/OTC_Submit Form 7_Section A/Page_PERKESO/A11. --Sila Pilih--' is clicked on

2019-02-21 17:55:07 - [TEST_STEP][PASSED] - setText(findTestObject("KeatMun/Form 7_default/OTC_Submit Form 7_Section A/Page_PERKESO/A11. Done_select2-search__fie (1)"), "jo"): Text 'jo' is set on object 'Object Repository/KeatMun/Form 7_default/OTC_Submit Form 7_Section A/Page_PERKESO/A11. Done_select2-search__fie (1)'

2019-02-21 17:55:07 - [MESSAGE][PASSED] - Text 'jo' is set on object 'Object Repository/KeatMun/Form 7_default/OTC_Submit Form 7_Section A/Page_PERKESO/A11. Done_select2-search__fie (1)'

2019-02-21 17:55:07 - [TEST_STEP][PASSED] - setText(findTestObject("KeatMun/Form 7_default/OTC_Submit Form 7_Section A/Page_PERKESO/A11. concat(id(  select2-city"), "jo"): Text 'jo' is set on object 'Object Repository/KeatMun/Form 7_default/OTC_Submit Form 7_Section A/Page_PERKESO/A11. concat(id(  select2-city'

2019-02-21 17:55:07 - [MESSAGE][PASSED] - Text 'jo' is set on object 'Object Repository/KeatMun/Form 7_default/OTC_Submit Form 7_Section A/Page_PERKESO/A11. concat(id(  select2-city'

2019-02-21 17:55:07 - [TEST_STEP][PASSED] - click(findTestObject("KeatMun/Form 7_default/OTC_Submit Form 7_Section A/Page_PERKESO/A11. JOHOR BAHRU")): Object: 'Object Repository/KeatMun/Form 7_default/OTC_Submit Form 7_Section A/Page_PERKESO/A11. JOHOR BAHRU' is clicked on

2019-02-21 17:55:08 - [MESSAGE][PASSED] - Object: 'Object Repository/KeatMun/Form 7_default/OTC_Submit Form 7_Section A/Page_PERKESO/A11. JOHOR BAHRU' is clicked on

2019-02-21 17:55:08 - [TEST_STEP][PASSED] - delay(2): Delayed 2 second(s)

2019-02-21 17:55:10 - [MESSAGE][PASSED] - Delayed 2 second(s)

2019-02-21 17:55:10 - [TEST_STEP][PASSED] - click(findTestObject("KeatMun/Form 7_default/OTC_Submit Form 7_Section A/Page_PERKESO/A12. --Sila Isikan--")): Object: 'Object Repository/KeatMun/Form 7_default/OTC_Submit Form 7_Section A/Page_PERKESO/A12. --Sila Isikan--' is clicked on

2019-02-21 17:55:10 - [MESSAGE][PASSED] - Object: 'Object Repository/KeatMun/Form 7_default/OTC_Submit Form 7_Section A/Page_PERKESO/A12. --Sila Isikan--' is clicked on

2019-02-21 17:55:10 - [TEST_STEP][PASSED] - setText(findTestObject("KeatMun/Form 7_default/OTC_Submit Form 7_Section A/Page_PERKESO/A11. Done_select2-search__fie"), "84"): Text '84' is set on object 'Object Repository/KeatMun/Form 7_default/OTC_Submit Form 7_Section A/Page_PERKESO/A11. Done_select2-search__fie'

2019-02-21 17:55:10 - [MESSAGE][PASSED] - Text '84' is set on object 'Object Repository/KeatMun/Form 7_default/OTC_Submit Form 7_Section A/Page_PERKESO/A11. Done_select2-search__fie'

2019-02-21 17:55:10 - [TEST_STEP][PASSED] - click(findTestObject("KeatMun/Form 7_default/OTC_Submit Form 7_Section A/Page_PERKESO/A12. 84000")): Object: 'Object Repository/KeatMun/Form 7_default/OTC_Submit Form 7_Section A/Page_PERKESO/A12. 84000' is clicked on

2019-02-21 17:55:10 - [MESSAGE][PASSED] - Object: 'Object Repository/KeatMun/Form 7_default/OTC_Submit Form 7_Section A/Page_PERKESO/A12. 84000' is clicked on

2019-02-21 17:55:10 - [TEST_STEP][PASSED] - delay(2): Delayed 2 second(s)

2019-02-21 17:55:12 - [MESSAGE][PASSED] - Delayed 2 second(s)

2019-02-21 17:55:12 - [TEST_STEP][PASSED] - setText(findTestObject("KeatMun/Form 7_default/OTC_Submit Form 7_Section A/Page_PERKESO/A13. mobileContact1"), "1234567890"): Text '1234567890' is set on object 'Object Repository/KeatMun/Form 7_default/OTC_Submit Form 7_Section A/Page_PERKESO/A13. mobileContact1'

2019-02-21 17:55:12 - [MESSAGE][PASSED] - Text '1234567890' is set on object 'Object Repository/KeatMun/Form 7_default/OTC_Submit Form 7_Section A/Page_PERKESO/A13. mobileContact1'

2019-02-21 17:55:12 - [TEST_STEP][PASSED] - delay(2): Delayed 2 second(s)

2019-02-21 17:55:14 - [MESSAGE][PASSED] - Delayed 2 second(s)

2019-02-21 17:55:14 - [TEST_STEP][PASSED] - click(findTestObject("KeatMun/Form 7_default/OTC_Submit Form 7_Section A/Page_PERKESO/A14. Halaman Seterusnya")): Object: 'Object Repository/KeatMun/Form 7_default/OTC_Submit Form 7_Section A/Page_PERKESO/A14. Halaman Seterusnya' is clicked on

2019-02-21 17:55:15 - [MESSAGE][PASSED] - Object: 'Object Repository/KeatMun/Form 7_default/OTC_Submit Form 7_Section A/Page_PERKESO/A14. Halaman Seterusnya' is clicked on

2019-02-21 17:55:15 - [TEST_STEP][PASSED] - delay(2): Delayed 2 second(s)

2019-02-21 17:55:17 - [MESSAGE][PASSED] - Delayed 2 second(s)

2019-02-21 17:55:17 - [MESSAGE][PASSED] - Call Test Case 'Test Cases/All TC/Arranged/3. Unit/EI/Form 7_default/OTC_Submit Form 7_Section A' successfully

2019-02-21 17:55:17 - [TEST_STEP][PASSED] - callTestCase(findTestCase("All TC/Arranged/3. Unit/EI/Form 7_default/OTC_Submit Form 7_Section B"), [:], STOP_ON_FAILURE): Call Test Case 'Test Cases/All TC/Arranged/3. Unit/EI/Form 7_default/OTC_Submit Form 7_Section B' successfully

2019-02-21 17:55:17 - [TEST_CASE][PASSED] - Test Cases/All TC/Arranged/3. Unit/EI/Form 7_default/OTC_Submit Form 7_Section B: Test Cases/All TC/Arranged/3. Unit/EI/Form 7_default/OTC_Submit Form 7_Section B

2019-02-21 17:55:17 - [TEST_STEP][PASSED] - delay(3): Delayed 3 second(s)

2019-02-21 17:55:20 - [MESSAGE][PASSED] - Delayed 3 second(s)

2019-02-21 17:55:20 - [TEST_STEP][PASSED] - click(findTestObject("KeatMun/Form 7_default/OTC_Submit Form 7_Section B/Page_PERKESO/B1. Jawatan")): Object: 'Object Repository/KeatMun/Form 7_default/OTC_Submit Form 7_Section B/Page_PERKESO/B1. Jawatan' is clicked on

2019-02-21 17:55:20 - [MESSAGE][PASSED] - Object: 'Object Repository/KeatMun/Form 7_default/OTC_Submit Form 7_Section B/Page_PERKESO/B1. Jawatan' is clicked on

2019-02-21 17:55:20 - [TEST_STEP][PASSED] - setText(findTestObject("KeatMun/Form 7_default/OTC_Submit Form 7_Section B/Page_PERKESO/B1. concat(id(  select2-posi"), "re"): Text 're' is set on object 'Object Repository/KeatMun/Form 7_default/OTC_Submit Form 7_Section B/Page_PERKESO/B1. concat(id(  select2-posi'

2019-02-21 17:55:20 - [MESSAGE][PASSED] - Text 're' is set on object 'Object Repository/KeatMun/Form 7_default/OTC_Submit Form 7_Section B/Page_PERKESO/B1. concat(id(  select2-posi'

2019-02-21 17:55:20 - [TEST_STEP][PASSED] - setText(findTestObject("KeatMun/Form 7_default/OTC_Submit Form 7_Section B/Page_PERKESO/B1. Done_select2-search__fie"), "re"): Text 're' is set on object 'Object Repository/KeatMun/Form 7_default/OTC_Submit Form 7_Section B/Page_PERKESO/B1. Done_select2-search__fie'

2019-02-21 17:55:20 - [MESSAGE][PASSED] - Text 're' is set on object 'Object Repository/KeatMun/Form 7_default/OTC_Submit Form 7_Section B/Page_PERKESO/B1. Done_select2-search__fie'

2019-02-21 17:55:20 - [TEST_STEP][PASSED] - click(findTestObject("KeatMun/Form 7_default/OTC_Submit Form 7_Section B/Page_PERKESO/B1. Arkitek Reka Bentuk")): Object: 'Object Repository/KeatMun/Form 7_default/OTC_Submit Form 7_Section B/Page_PERKESO/B1. Arkitek Reka Bentuk' is clicked on

2019-02-21 17:55:20 - [MESSAGE][PASSED] - Object: 'Object Repository/KeatMun/Form 7_default/OTC_Submit Form 7_Section B/Page_PERKESO/B1. Arkitek Reka Bentuk' is clicked on

2019-02-21 17:55:20 - [TEST_STEP][PASSED] - delay(2): Delayed 2 second(s)

2019-02-21 17:55:22 - [MESSAGE][PASSED] - Delayed 2 second(s)

2019-02-21 17:55:22 - [TEST_STEP][PASSED] - setText(findTestObject("KeatMun/Form 7_default/OTC_Submit Form 7_Section B/Page_PERKESO/B2. lastEmploymentStartDtSt"), "10/01/2019"): Text '10/01/2019' is set on object 'Object Repository/KeatMun/Form 7_default/OTC_Submit Form 7_Section B/Page_PERKESO/B2. lastEmploymentStartDtSt'

2019-02-21 17:55:23 - [MESSAGE][PASSED] - Text '10/01/2019' is set on object 'Object Repository/KeatMun/Form 7_default/OTC_Submit Form 7_Section B/Page_PERKESO/B2. lastEmploymentStartDtSt'

2019-02-21 17:55:23 - [TEST_STEP][PASSED] - delay(2): Delayed 2 second(s)

2019-02-21 17:55:25 - [MESSAGE][PASSED] - Delayed 2 second(s)

2019-02-21 17:55:25 - [TEST_STEP][PASSED] - click(findTestObject("KeatMun/Form 7_default/OTC_Submit Form 7_Section B/Page_PERKESO/B4. Status Perkejaan")): Object: 'Object Repository/KeatMun/Form 7_default/OTC_Submit Form 7_Section B/Page_PERKESO/B4. Status Perkejaan' is clicked on

2019-02-21 17:55:25 - [MESSAGE][PASSED] - Object: 'Object Repository/KeatMun/Form 7_default/OTC_Submit Form 7_Section B/Page_PERKESO/B4. Status Perkejaan' is clicked on

2019-02-21 17:55:25 - [TEST_STEP][PASSED] - click(findTestObject("KeatMun/Form 7_default/OTC_Submit Form 7_Section B/Page_PERKESO/B4. Tetap")): Object: 'Object Repository/KeatMun/Form 7_default/OTC_Submit Form 7_Section B/Page_PERKESO/B4. Tetap' is clicked on

2019-02-21 17:55:25 - [MESSAGE][PASSED] - Object: 'Object Repository/KeatMun/Form 7_default/OTC_Submit Form 7_Section B/Page_PERKESO/B4. Tetap' is clicked on

2019-02-21 17:55:25 - [TEST_STEP][PASSED] - delay(2): Delayed 2 second(s)

2019-02-21 17:55:27 - [MESSAGE][PASSED] - Delayed 2 second(s)

2019-02-21 17:55:27 - [TEST_STEP][PASSED] - setText(findTestObject("KeatMun/Form 7_default/OTC_Submit Form 7_Section B/Page_PERKESO/B5. Gaji (RM)_salary1"), "4000"): Text '4000' is set on object 'Object Repository/KeatMun/Form 7_default/OTC_Submit Form 7_Section B/Page_PERKESO/B5. Gaji (RM)_salary1'

2019-02-21 17:55:27 - [MESSAGE][PASSED] - Text '4000' is set on object 'Object Repository/KeatMun/Form 7_default/OTC_Submit Form 7_Section B/Page_PERKESO/B5. Gaji (RM)_salary1'

2019-02-21 17:55:27 - [TEST_STEP][PASSED] - delay(2): Delayed 2 second(s)

2019-02-21 17:55:29 - [MESSAGE][PASSED] - Delayed 2 second(s)

2019-02-21 17:55:29 - [TEST_STEP][PASSED] - setText(findTestObject("KeatMun/Form 7_default/OTC_Submit Form 7_Section B/Page_PERKESO/B5. Gaji (RM)_salary2"), "4000"): Text '4000' is set on object 'Object Repository/KeatMun/Form 7_default/OTC_Submit Form 7_Section B/Page_PERKESO/B5. Gaji (RM)_salary2'

2019-02-21 17:55:29 - [MESSAGE][PASSED] - Text '4000' is set on object 'Object Repository/KeatMun/Form 7_default/OTC_Submit Form 7_Section B/Page_PERKESO/B5. Gaji (RM)_salary2'

2019-02-21 17:55:29 - [TEST_STEP][PASSED] - delay(2): Delayed 2 second(s)

2019-02-21 17:55:31 - [MESSAGE][PASSED] - Delayed 2 second(s)

2019-02-21 17:55:31 - [TEST_STEP][PASSED] - setText(findTestObject("KeatMun/Form 7_default/OTC_Submit Form 7_Section B/Page_PERKESO/B5. Gaji (RM)_salary3"), "4000"): Text '4000' is set on object 'Object Repository/KeatMun/Form 7_default/OTC_Submit Form 7_Section B/Page_PERKESO/B5. Gaji (RM)_salary3'

2019-02-21 17:55:32 - [MESSAGE][PASSED] - Text '4000' is set on object 'Object Repository/KeatMun/Form 7_default/OTC_Submit Form 7_Section B/Page_PERKESO/B5. Gaji (RM)_salary3'

2019-02-21 17:55:32 - [TEST_STEP][PASSED] - delay(2): Delayed 2 second(s)

2019-02-21 17:55:34 - [MESSAGE][PASSED] - Delayed 2 second(s)

2019-02-21 17:55:34 - [TEST_STEP][PASSED] - setText(findTestObject("KeatMun/Form 7_default/OTC_Submit Form 7_Section B/Page_PERKESO/B5. Gaji (RM)_salary4"), "4000"): Text '4000' is set on object 'Object Repository/KeatMun/Form 7_default/OTC_Submit Form 7_Section B/Page_PERKESO/B5. Gaji (RM)_salary4'

2019-02-21 17:55:34 - [MESSAGE][PASSED] - Text '4000' is set on object 'Object Repository/KeatMun/Form 7_default/OTC_Submit Form 7_Section B/Page_PERKESO/B5. Gaji (RM)_salary4'

2019-02-21 17:55:34 - [TEST_STEP][PASSED] - delay(2): Delayed 2 second(s)

2019-02-21 17:55:36 - [MESSAGE][PASSED] - Delayed 2 second(s)

2019-02-21 17:55:36 - [TEST_STEP][PASSED] - setText(findTestObject("KeatMun/Form 7_default/OTC_Submit Form 7_Section B/Page_PERKESO/B5. Gaji (RM)_salary5"), "4000"): Text '4000' is set on object 'Object Repository/KeatMun/Form 7_default/OTC_Submit Form 7_Section B/Page_PERKESO/B5. Gaji (RM)_salary5'

2019-02-21 17:55:36 - [MESSAGE][PASSED] - Text '4000' is set on object 'Object Repository/KeatMun/Form 7_default/OTC_Submit Form 7_Section B/Page_PERKESO/B5. Gaji (RM)_salary5'

2019-02-21 17:55:36 - [TEST_STEP][PASSED] - delay(2): Delayed 2 second(s)

2019-02-21 17:55:38 - [MESSAGE][PASSED] - Delayed 2 second(s)

2019-02-21 17:55:38 - [TEST_STEP][PASSED] - setText(findTestObject("KeatMun/Form 7_default/OTC_Submit Form 7_Section B/Page_PERKESO/B5. Gaji (RM)_salary6"), "4000"): Text '4000' is set on object 'Object Repository/KeatMun/Form 7_default/OTC_Submit Form 7_Section B/Page_PERKESO/B5. Gaji (RM)_salary6'

2019-02-21 17:55:38 - [MESSAGE][PASSED] - Text '4000' is set on object 'Object Repository/KeatMun/Form 7_default/OTC_Submit Form 7_Section B/Page_PERKESO/B5. Gaji (RM)_salary6'

2019-02-21 17:55:38 - [TEST_STEP][PASSED] - delay(2): Delayed 2 second(s)

2019-02-21 17:55:40 - [MESSAGE][PASSED] - Delayed 2 second(s)

2019-02-21 17:55:40 - [TEST_STEP][PASSED] - click(findTestObject("KeatMun/Form 7_default/OTC_Submit Form 7_Section B/Page_PERKESO/B6. Reason JobLost")): Object: 'Object Repository/KeatMun/Form 7_default/OTC_Submit Form 7_Section B/Page_PERKESO/B6. Reason JobLost' is clicked on

2019-02-21 17:55:40 - [MESSAGE][PASSED] - Object: 'Object Repository/KeatMun/Form 7_default/OTC_Submit Form 7_Section B/Page_PERKESO/B6. Reason JobLost' is clicked on

2019-02-21 17:55:40 - [TEST_STEP][PASSED] - click(findTestObject("KeatMun/Form 7_default/OTC_Submit Form 7_Section B/Page_PERKESO/B6. Bencana alam (cth banjir ke")): Object: 'Object Repository/KeatMun/Form 7_default/OTC_Submit Form 7_Section B/Page_PERKESO/B6. Bencana alam (cth banjir ke' is clicked on

2019-02-21 17:55:41 - [MESSAGE][PASSED] - Object: 'Object Repository/KeatMun/Form 7_default/OTC_Submit Form 7_Section B/Page_PERKESO/B6. Bencana alam (cth banjir ke' is clicked on

2019-02-21 17:55:41 - [TEST_STEP][PASSED] - delay(3): Delayed 3 second(s)

2019-02-21 17:55:44 - [MESSAGE][PASSED] - Delayed 3 second(s)

2019-02-21 17:55:44 - [TEST_STEP][PASSED] - setText(findTestObject("KeatMun/Form 7_default/OTC_Submit Form 7_Section B/Page_PERKESO/B7. AverageWorkingHour"), "8"): Text '8' is set on object 'Object Repository/KeatMun/Form 7_default/OTC_Submit Form 7_Section B/Page_PERKESO/B7. AverageWorkingHour'

2019-02-21 17:55:44 - [MESSAGE][PASSED] - Text '8' is set on object 'Object Repository/KeatMun/Form 7_default/OTC_Submit Form 7_Section B/Page_PERKESO/B7. AverageWorkingHour'

2019-02-21 17:55:44 - [TEST_STEP][PASSED] - delay(2): Delayed 2 second(s)

2019-02-21 17:55:46 - [MESSAGE][PASSED] - Delayed 2 second(s)

2019-02-21 17:55:46 - [TEST_STEP][PASSED] - click(findTestObject("KeatMun/Form 7_default/OTC_Submit Form 7_Section B/Page_PERKESO/B8. Tidak_compensationInd")): Object: 'Object Repository/KeatMun/Form 7_default/OTC_Submit Form 7_Section B/Page_PERKESO/B8. Tidak_compensationInd' is clicked on

2019-02-21 17:55:46 - [MESSAGE][PASSED] - Object: 'Object Repository/KeatMun/Form 7_default/OTC_Submit Form 7_Section B/Page_PERKESO/B8. Tidak_compensationInd' is clicked on

2019-02-21 17:55:46 - [TEST_STEP][PASSED] - delay(1): Delayed 1 second(s)

2019-02-21 17:55:47 - [MESSAGE][PASSED] - Delayed 1 second(s)

2019-02-21 17:55:47 - [TEST_STEP][PASSED] - click(findTestObject("KeatMun/Form 7_default/OTC_Submit Form 7_Section B/Page_PERKESO/B9. Tidak_fileCaseInd")): Object: 'Object Repository/KeatMun/Form 7_default/OTC_Submit Form 7_Section B/Page_PERKESO/B9. Tidak_fileCaseInd' is clicked on

2019-02-21 17:55:47 - [MESSAGE][PASSED] - Object: 'Object Repository/KeatMun/Form 7_default/OTC_Submit Form 7_Section B/Page_PERKESO/B9. Tidak_fileCaseInd' is clicked on

2019-02-21 17:55:47 - [TEST_STEP][PASSED] - delay(1): Delayed 1 second(s)

2019-02-21 17:55:48 - [MESSAGE][PASSED] - Delayed 1 second(s)

2019-02-21 17:55:48 - [TEST_STEP][PASSED] - click(findTestObject("KeatMun/Form 7_default/OTC_Submit Form 7_Section B/Page_PERKESO/B10. Tidak_unregisterCaseInd")): Object: 'Object Repository/KeatMun/Form 7_default/OTC_Submit Form 7_Section B/Page_PERKESO/B10. Tidak_unregisterCaseInd' is clicked on

2019-02-21 17:55:48 - [MESSAGE][PASSED] - Object: 'Object Repository/KeatMun/Form 7_default/OTC_Submit Form 7_Section B/Page_PERKESO/B10. Tidak_unregisterCaseInd' is clicked on

2019-02-21 17:55:48 - [TEST_STEP][PASSED] - delay(2): Delayed 2 second(s)

2019-02-21 17:55:50 - [MESSAGE][PASSED] - Delayed 2 second(s)

2019-02-21 17:55:50 - [TEST_STEP][PASSED] - click(findTestObject("KeatMun/Form 7_default/OTC_Submit Form 7_Section B/Page_PERKESO/B11. Halaman Seterusnya")): Object: 'Object Repository/KeatMun/Form 7_default/OTC_Submit Form 7_Section B/Page_PERKESO/B11. Halaman Seterusnya' is clicked on

2019-02-21 17:55:50 - [MESSAGE][PASSED] - Object: 'Object Repository/KeatMun/Form 7_default/OTC_Submit Form 7_Section B/Page_PERKESO/B11. Halaman Seterusnya' is clicked on

2019-02-21 17:55:50 - [TEST_STEP][PASSED] - delay(3): Delayed 3 second(s)

2019-02-21 17:55:53 - [MESSAGE][PASSED] - Delayed 3 second(s)

2019-02-21 17:55:53 - [MESSAGE][PASSED] - Call Test Case 'Test Cases/All TC/Arranged/3. Unit/EI/Form 7_default/OTC_Submit Form 7_Section B' successfully

2019-02-21 17:55:53 - [TEST_STEP][PASSED] - callTestCase(findTestCase("All TC/Arranged/3. Unit/EI/Form 7_default/OTC_Submit Form 7_Section C"), [:], STOP_ON_FAILURE): Call Test Case 'Test Cases/All TC/Arranged/3. Unit/EI/Form 7_default/OTC_Submit Form 7_Section C' successfully

2019-02-21 17:55:54 - [TEST_CASE][PASSED] - Test Cases/All TC/Arranged/3. Unit/EI/Form 7_default/OTC_Submit Form 7_Section C: Test Cases/All TC/Arranged/3. Unit/EI/Form 7_default/OTC_Submit Form 7_Section C

2019-02-21 17:55:54 - [TEST_STEP][PASSED] - delay(2): Delayed 2 second(s)

2019-02-21 17:55:56 - [MESSAGE][PASSED] - Delayed 2 second(s)

2019-02-21 17:55:56 - [TEST_STEP][PASSED] - setText(findTestObject("KeatMun/Form 7_default/OTC_Submit Form 7_Section C/Page_PERKESO/C4. EmployerInfo"), "qwertyuiop"): Text 'qwertyuiop' is set on object 'Object Repository/KeatMun/Form 7_default/OTC_Submit Form 7_Section C/Page_PERKESO/C4. EmployerInfo'

2019-02-21 17:55:56 - [MESSAGE][PASSED] - Text 'qwertyuiop' is set on object 'Object Repository/KeatMun/Form 7_default/OTC_Submit Form 7_Section C/Page_PERKESO/C4. EmployerInfo'

2019-02-21 17:55:56 - [TEST_STEP][PASSED] - delay(2): Delayed 2 second(s)

2019-02-21 17:55:58 - [MESSAGE][PASSED] - Delayed 2 second(s)

2019-02-21 17:55:58 - [TEST_STEP][PASSED] - click(findTestObject("KeatMun/Form 7_default/OTC_Submit Form 7_Section C/Page_PERKESO/C5. Negeri")): Object: 'Object Repository/KeatMun/Form 7_default/OTC_Submit Form 7_Section C/Page_PERKESO/C5. Negeri' is clicked on

2019-02-21 17:55:58 - [MESSAGE][PASSED] - Object: 'Object Repository/KeatMun/Form 7_default/OTC_Submit Form 7_Section C/Page_PERKESO/C5. Negeri' is clicked on

2019-02-21 17:55:58 - [TEST_STEP][PASSED] - delay(2): Delayed 2 second(s)

2019-02-21 17:56:00 - [MESSAGE][PASSED] - Delayed 2 second(s)

2019-02-21 17:56:00 - [TEST_STEP][PASSED] - click(findTestObject("KeatMun/Form 7_default/OTC_Submit Form 7_Section C/Page_PERKESO/C5. JOHOR")): Object: 'Object Repository/KeatMun/Form 7_default/OTC_Submit Form 7_Section C/Page_PERKESO/C5. JOHOR' is clicked on

2019-02-21 17:56:00 - [MESSAGE][PASSED] - Object: 'Object Repository/KeatMun/Form 7_default/OTC_Submit Form 7_Section C/Page_PERKESO/C5. JOHOR' is clicked on

2019-02-21 17:56:00 - [TEST_STEP][PASSED] - delay(3): Delayed 3 second(s)

2019-02-21 17:56:03 - [MESSAGE][PASSED] - Delayed 3 second(s)

2019-02-21 17:56:03 - [TEST_STEP][PASSED] - click(findTestObject("KeatMun/Form 7_default/OTC_Submit Form 7_Section C/Page_PERKESO/C6. City")): Object: 'Object Repository/KeatMun/Form 7_default/OTC_Submit Form 7_Section C/Page_PERKESO/C6. City' is clicked on

2019-02-21 17:56:03 - [MESSAGE][PASSED] - Object: 'Object Repository/KeatMun/Form 7_default/OTC_Submit Form 7_Section C/Page_PERKESO/C6. City' is clicked on

2019-02-21 17:56:03 - [TEST_STEP][PASSED] - delay(2): Delayed 2 second(s)

2019-02-21 17:56:05 - [MESSAGE][PASSED] - Delayed 2 second(s)

2019-02-21 17:56:05 - [TEST_STEP][PASSED] - setText(findTestObject("KeatMun/Form 7_default/OTC_Submit Form 7_Section C/Page_PERKESO/C6. Done_select2-search__fie"), "jo"): Text 'jo' is set on object 'Object Repository/KeatMun/Form 7_default/OTC_Submit Form 7_Section C/Page_PERKESO/C6. Done_select2-search__fie'

2019-02-21 17:56:06 - [MESSAGE][PASSED] - Text 'jo' is set on object 'Object Repository/KeatMun/Form 7_default/OTC_Submit Form 7_Section C/Page_PERKESO/C6. Done_select2-search__fie'

2019-02-21 17:56:06 - [TEST_STEP][PASSED] - setText(findTestObject("KeatMun/Form 7_default/OTC_Submit Form 7_Section C/Page_PERKESO/C6. Concat(id(  select2-city"), "jo"): Text 'jo' is set on object 'Object Repository/KeatMun/Form 7_default/OTC_Submit Form 7_Section C/Page_PERKESO/C6. Concat(id(  select2-city'

2019-02-21 17:56:06 - [MESSAGE][PASSED] - Text 'jo' is set on object 'Object Repository/KeatMun/Form 7_default/OTC_Submit Form 7_Section C/Page_PERKESO/C6. Concat(id(  select2-city'

2019-02-21 17:56:06 - [TEST_STEP][PASSED] - click(findTestObject("KeatMun/Form 7_default/OTC_Submit Form 7_Section C/Page_PERKESO/C6. JOHOR BAHRU")): Object: 'Object Repository/KeatMun/Form 7_default/OTC_Submit Form 7_Section C/Page_PERKESO/C6. JOHOR BAHRU' is clicked on

2019-02-21 17:56:06 - [MESSAGE][PASSED] - Object: 'Object Repository/KeatMun/Form 7_default/OTC_Submit Form 7_Section C/Page_PERKESO/C6. JOHOR BAHRU' is clicked on

2019-02-21 17:56:06 - [TEST_STEP][PASSED] - delay(3): Delayed 3 second(s)

2019-02-21 17:56:09 - [MESSAGE][PASSED] - Delayed 3 second(s)

2019-02-21 17:56:09 - [TEST_STEP][PASSED] - click(findTestObject("KeatMun/Form 7_default/OTC_Submit Form 7_Section C/Page_PERKESO/C7. --Sila Isikan--")): Object: 'Object Repository/KeatMun/Form 7_default/OTC_Submit Form 7_Section C/Page_PERKESO/C7. --Sila Isikan--' is clicked on

2019-02-21 17:56:09 - [MESSAGE][PASSED] - Object: 'Object Repository/KeatMun/Form 7_default/OTC_Submit Form 7_Section C/Page_PERKESO/C7. --Sila Isikan--' is clicked on

2019-02-21 17:56:09 - [TEST_STEP][PASSED] - delay(2): Delayed 2 second(s)

2019-02-21 17:56:11 - [MESSAGE][PASSED] - Delayed 2 second(s)

2019-02-21 17:56:11 - [TEST_STEP][PASSED] - setText(findTestObject("KeatMun/Form 7_default/OTC_Submit Form 7_Section C/Page_PERKESO/C7. Done_select2-search__fie"), "84"): Text '84' is set on object 'Object Repository/KeatMun/Form 7_default/OTC_Submit Form 7_Section C/Page_PERKESO/C7. Done_select2-search__fie'

2019-02-21 17:56:11 - [MESSAGE][PASSED] - Text '84' is set on object 'Object Repository/KeatMun/Form 7_default/OTC_Submit Form 7_Section C/Page_PERKESO/C7. Done_select2-search__fie'

2019-02-21 17:56:11 - [TEST_STEP][PASSED] - setText(findTestObject("KeatMun/Form 7_default/OTC_Submit Form 7_Section C/Page_PERKESO/C7. Concat(id(  select2-post"), "84"): Text '84' is set on object 'Object Repository/KeatMun/Form 7_default/OTC_Submit Form 7_Section C/Page_PERKESO/C7. Concat(id(  select2-post'

2019-02-21 17:56:11 - [MESSAGE][PASSED] - Text '84' is set on object 'Object Repository/KeatMun/Form 7_default/OTC_Submit Form 7_Section C/Page_PERKESO/C7. Concat(id(  select2-post'

2019-02-21 17:56:11 - [TEST_STEP][PASSED] - click(findTestObject("KeatMun/Form 7_default/OTC_Submit Form 7_Section C/Page_PERKESO/C7. 84000")): Object: 'Object Repository/KeatMun/Form 7_default/OTC_Submit Form 7_Section C/Page_PERKESO/C7. 84000' is clicked on

2019-02-21 17:56:12 - [MESSAGE][PASSED] - Object: 'Object Repository/KeatMun/Form 7_default/OTC_Submit Form 7_Section C/Page_PERKESO/C7. 84000' is clicked on

2019-02-21 17:56:12 - [TEST_STEP][PASSED] - delay(3): Delayed 3 second(s)

2019-02-21 17:56:15 - [MESSAGE][PASSED] - Delayed 3 second(s)

2019-02-21 17:56:15 - [TEST_STEP][PASSED] - click(findTestObject("KeatMun/Form 7_default/OTC_Submit Form 7_Section C/Page_PERKESO/C8. Tidak_employerInfo.emplo")): Object: 'Object Repository/KeatMun/Form 7_default/OTC_Submit Form 7_Section C/Page_PERKESO/C8. Tidak_employerInfo.emplo' is clicked on

2019-02-21 17:56:15 - [MESSAGE][PASSED] - Object: 'Object Repository/KeatMun/Form 7_default/OTC_Submit Form 7_Section C/Page_PERKESO/C8. Tidak_employerInfo.emplo' is clicked on

2019-02-21 17:56:15 - [TEST_STEP][PASSED] - delay(2): Delayed 2 second(s)

2019-02-21 17:56:17 - [MESSAGE][PASSED] - Delayed 2 second(s)

2019-02-21 17:56:17 - [TEST_STEP][PASSED] - setText(findTestObject("KeatMun/Form 7_default/OTC_Submit Form 7_Section C/Page_PERKESO/C9. EmployerName"), "qwertyuiop"): Text 'qwertyuiop' is set on object 'Object Repository/KeatMun/Form 7_default/OTC_Submit Form 7_Section C/Page_PERKESO/C9. EmployerName'

2019-02-21 17:56:17 - [MESSAGE][PASSED] - Text 'qwertyuiop' is set on object 'Object Repository/KeatMun/Form 7_default/OTC_Submit Form 7_Section C/Page_PERKESO/C9. EmployerName'

2019-02-21 17:56:17 - [TEST_STEP][PASSED] - delay(2): Delayed 2 second(s)

2019-02-21 17:56:19 - [MESSAGE][PASSED] - Delayed 2 second(s)

2019-02-21 17:56:19 - [TEST_STEP][PASSED] - setText(findTestObject("KeatMun/Form 7_default/OTC_Submit Form 7_Section C/Page_PERKESO/C10. EmployerIC"), "1234567890"): Text '1234567890' is set on object 'Object Repository/KeatMun/Form 7_default/OTC_Submit Form 7_Section C/Page_PERKESO/C10. EmployerIC'

2019-02-21 17:56:19 - [MESSAGE][PASSED] - Text '1234567890' is set on object 'Object Repository/KeatMun/Form 7_default/OTC_Submit Form 7_Section C/Page_PERKESO/C10. EmployerIC'

2019-02-21 17:56:19 - [TEST_STEP][PASSED] - delay(3): Delayed 3 second(s)

2019-02-21 17:56:22 - [MESSAGE][PASSED] - Delayed 3 second(s)

2019-02-21 17:56:22 - [TEST_STEP][PASSED] - click(findTestObject("KeatMun/Form 7_default/OTC_Submit Form 7_Section C/Page_PERKESO/C11. Halaman Seterusnya")): Object: 'Object Repository/KeatMun/Form 7_default/OTC_Submit Form 7_Section C/Page_PERKESO/C11. Halaman Seterusnya' is clicked on

2019-02-21 17:56:22 - [MESSAGE][PASSED] - Object: 'Object Repository/KeatMun/Form 7_default/OTC_Submit Form 7_Section C/Page_PERKESO/C11. Halaman Seterusnya' is clicked on

2019-02-21 17:56:22 - [TEST_STEP][PASSED] - delay(3): Delayed 3 second(s)

2019-02-21 17:56:25 - [MESSAGE][PASSED] - Delayed 3 second(s)

2019-02-21 17:56:25 - [MESSAGE][PASSED] - Call Test Case 'Test Cases/All TC/Arranged/3. Unit/EI/Form 7_default/OTC_Submit Form 7_Section C' successfully

2019-02-21 17:56:25 - [TEST_STEP][PASSED] - callTestCase(findTestCase("All TC/Arranged/3. Unit/EI/Form 7_default/OTC_Submit Form 7_Section D-E"), [:], STOP_ON_FAILURE): Call Test Case 'Test Cases/All TC/Arranged/3. Unit/EI/Form 7_default/OTC_Submit Form 7_Section D-E' successfully

2019-02-21 17:56:26 - [TEST_CASE][PASSED] - Test Cases/All TC/Arranged/3. Unit/EI/Form 7_default/OTC_Submit Form 7_Section D-E: Test Cases/All TC/Arranged/3. Unit/EI/Form 7_default/OTC_Submit Form 7_Section D-E

2019-02-21 17:56:26 - [TEST_STEP][PASSED] - delay(3): Delayed 3 second(s)

2019-02-21 17:56:29 - [MESSAGE][PASSED] - Delayed 3 second(s)

2019-02-21 17:56:29 - [TEST_STEP][PASSED] - click(findTestObject("KeatMun/Form 7_default/OTC_Submit Form 7_Section D-E/Page_PERKESO/D1. NO_otherActiveEmploye")): Object: 'Object Repository/KeatMun/Form 7_default/OTC_Submit Form 7_Section D-E/Page_PERKESO/D1. NO_otherActiveEmploye' is clicked on

2019-02-21 17:56:29 - [MESSAGE][PASSED] - Object: 'Object Repository/KeatMun/Form 7_default/OTC_Submit Form 7_Section D-E/Page_PERKESO/D1. NO_otherActiveEmploye' is clicked on

2019-02-21 17:56:29 - [TEST_STEP][PASSED] - delay(4): Delayed 4 second(s)

2019-02-21 17:56:33 - [MESSAGE][PASSED] - Delayed 4 second(s)

2019-02-21 17:56:33 - [TEST_STEP][PASSED] - click(findTestObject("KeatMun/Form 7_default/OTC_Submit Form 7_Section D-E/Page_PERKESO/D2. Halaman Seterusnya")): Object: 'Object Repository/KeatMun/Form 7_default/OTC_Submit Form 7_Section D-E/Page_PERKESO/D2. Halaman Seterusnya' is clicked on

2019-02-21 17:56:33 - [MESSAGE][PASSED] - Object: 'Object Repository/KeatMun/Form 7_default/OTC_Submit Form 7_Section D-E/Page_PERKESO/D2. Halaman Seterusnya' is clicked on

2019-02-21 17:56:33 - [TEST_STEP][PASSED] - delay(5): Delayed 5 second(s)

2019-02-21 17:56:38 - [MESSAGE][PASSED] - Delayed 5 second(s)

2019-02-21 17:56:38 - [TEST_STEP][PASSED] - setText(findTestObject("KeatMun/Form 7_default/OTC_Submit Form 7_Section D-E/Page_PERKESO/E1. Input__totalExpYear"), "1"): Text '1' is set on object 'Object Repository/KeatMun/Form 7_default/OTC_Submit Form 7_Section D-E/Page_PERKESO/E1. Input__totalExpYear'

2019-02-21 17:56:38 - [MESSAGE][PASSED] - Text '1' is set on object 'Object Repository/KeatMun/Form 7_default/OTC_Submit Form 7_Section D-E/Page_PERKESO/E1. Input__totalExpYear'

2019-02-21 17:56:38 - [TEST_STEP][PASSED] - delay(2): Delayed 2 second(s)

2019-02-21 17:56:40 - [MESSAGE][PASSED] - Delayed 2 second(s)

2019-02-21 17:56:40 - [TEST_STEP][PASSED] - setText(findTestObject("KeatMun/Form 7_default/OTC_Submit Form 7_Section D-E/Page_PERKESO/E1. Tahun_totalExpMonth"), "1"): Text '1' is set on object 'Object Repository/KeatMun/Form 7_default/OTC_Submit Form 7_Section D-E/Page_PERKESO/E1. Tahun_totalExpMonth'

2019-02-21 17:56:40 - [MESSAGE][PASSED] - Text '1' is set on object 'Object Repository/KeatMun/Form 7_default/OTC_Submit Form 7_Section D-E/Page_PERKESO/E1. Tahun_totalExpMonth'

2019-02-21 17:56:40 - [TEST_STEP][PASSED] - delay(2): Delayed 2 second(s)

2019-02-21 17:56:42 - [MESSAGE][PASSED] - Delayed 2 second(s)

2019-02-21 17:56:42 - [TEST_STEP][PASSED] - click(findTestObject("KeatMun/Form 7_default/OTC_Submit Form 7_Section D-E/Page_PERKESO/E2. Edu-Level")): Object: 'Object Repository/KeatMun/Form 7_default/OTC_Submit Form 7_Section D-E/Page_PERKESO/E2. Edu-Level' is clicked on

2019-02-21 17:56:42 - [MESSAGE][PASSED] - Object: 'Object Repository/KeatMun/Form 7_default/OTC_Submit Form 7_Section D-E/Page_PERKESO/E2. Edu-Level' is clicked on

2019-02-21 17:56:42 - [TEST_STEP][PASSED] - delay(2): Delayed 2 second(s)

2019-02-21 17:56:44 - [MESSAGE][PASSED] - Delayed 2 second(s)

2019-02-21 17:56:44 - [TEST_STEP][PASSED] - click(findTestObject("KeatMun/Form 7_default/OTC_Submit Form 7_Section D-E/Page_PERKESO/E2. PMRPT3")): Object: 'Object Repository/KeatMun/Form 7_default/OTC_Submit Form 7_Section D-E/Page_PERKESO/E2. PMRPT3' is clicked on

2019-02-21 17:56:45 - [MESSAGE][PASSED] - Object: 'Object Repository/KeatMun/Form 7_default/OTC_Submit Form 7_Section D-E/Page_PERKESO/E2. PMRPT3' is clicked on

2019-02-21 17:56:45 - [TEST_STEP][PASSED] - delay(3): Delayed 3 second(s)

2019-02-21 17:56:48 - [MESSAGE][PASSED] - Delayed 3 second(s)

2019-02-21 17:56:48 - [TEST_STEP][PASSED] - click(findTestObject("KeatMun/Form 7_default/OTC_Submit Form 7_Section D-E/Page_PERKESO/E3. Job-Choice")): Object: 'Object Repository/KeatMun/Form 7_default/OTC_Submit Form 7_Section D-E/Page_PERKESO/E3. Job-Choice' is clicked on

2019-02-21 17:56:48 - [MESSAGE][PASSED] - Object: 'Object Repository/KeatMun/Form 7_default/OTC_Submit Form 7_Section D-E/Page_PERKESO/E3. Job-Choice' is clicked on

2019-02-21 17:56:48 - [TEST_STEP][PASSED] - delay(2): Delayed 2 second(s)

2019-02-21 17:56:50 - [MESSAGE][PASSED] - Delayed 2 second(s)

2019-02-21 17:56:50 - [TEST_STEP][PASSED] - setText(findTestObject("KeatMun/Form 7_default/OTC_Submit Form 7_Section D-E/Page_PERKESO/E3. Done_select2-search__fie"), "re"): Text 're' is set on object 'Object Repository/KeatMun/Form 7_default/OTC_Submit Form 7_Section D-E/Page_PERKESO/E3. Done_select2-search__fie'

2019-02-21 17:56:50 - [MESSAGE][PASSED] - Text 're' is set on object 'Object Repository/KeatMun/Form 7_default/OTC_Submit Form 7_Section D-E/Page_PERKESO/E3. Done_select2-search__fie'

2019-02-21 17:56:50 - [TEST_STEP][PASSED] - click(findTestObject("KeatMun/Form 7_default/OTC_Submit Form 7_Section D-E/Page_PERKESO/E3. Arkitek Reka Bentuk")): Object: 'Object Repository/KeatMun/Form 7_default/OTC_Submit Form 7_Section D-E/Page_PERKESO/E3. Arkitek Reka Bentuk' is clicked on

2019-02-21 17:56:50 - [MESSAGE][PASSED] - Object: 'Object Repository/KeatMun/Form 7_default/OTC_Submit Form 7_Section D-E/Page_PERKESO/E3. Arkitek Reka Bentuk' is clicked on

2019-02-21 17:56:50 - [TEST_STEP][PASSED] - delay(2): Delayed 2 second(s)

2019-02-21 17:56:52 - [MESSAGE][PASSED] - Delayed 2 second(s)

2019-02-21 17:56:52 - [TEST_STEP][PASSED] - click(findTestObject("KeatMun/Form 7_default/OTC_Submit Form 7_Section D-E/Page_PERKESO/E4. Job_Location")): Object: 'Object Repository/KeatMun/Form 7_default/OTC_Submit Form 7_Section D-E/Page_PERKESO/E4. Job_Location' is clicked on

2019-02-21 17:56:52 - [MESSAGE][PASSED] - Object: 'Object Repository/KeatMun/Form 7_default/OTC_Submit Form 7_Section D-E/Page_PERKESO/E4. Job_Location' is clicked on

2019-02-21 17:56:52 - [TEST_STEP][PASSED] - delay(2): Delayed 2 second(s)

2019-02-21 17:56:54 - [MESSAGE][PASSED] - Delayed 2 second(s)

2019-02-21 17:56:54 - [TEST_STEP][PASSED] - click(findTestObject("KeatMun/Form 7_default/OTC_Submit Form 7_Section D-E/Page_PERKESO/E4. JOHOR")): Object: 'Object Repository/KeatMun/Form 7_default/OTC_Submit Form 7_Section D-E/Page_PERKESO/E4. JOHOR' is clicked on

2019-02-21 17:56:54 - [MESSAGE][PASSED] - Object: 'Object Repository/KeatMun/Form 7_default/OTC_Submit Form 7_Section D-E/Page_PERKESO/E4. JOHOR' is clicked on

2019-02-21 17:56:54 - [TEST_STEP][PASSED] - delay(2): Delayed 2 second(s)

2019-02-21 17:56:56 - [MESSAGE][PASSED] - Delayed 2 second(s)

2019-02-21 17:56:56 - [TEST_STEP][PASSED] - click(findTestObject("KeatMun/Form 7_default/OTC_Submit Form 7_Section D-E/Page_PERKESO/E7. NO_disability")): Object: 'Object Repository/KeatMun/Form 7_default/OTC_Submit Form 7_Section D-E/Page_PERKESO/E7. NO_disability' is clicked on

2019-02-21 17:56:57 - [MESSAGE][PASSED] - Object: 'Object Repository/KeatMun/Form 7_default/OTC_Submit Form 7_Section D-E/Page_PERKESO/E7. NO_disability' is clicked on

2019-02-21 17:56:57 - [TEST_STEP][PASSED] - delay(2): Delayed 2 second(s)

2019-02-21 17:56:59 - [MESSAGE][PASSED] - Delayed 2 second(s)

2019-02-21 17:56:59 - [TEST_STEP][PASSED] - click(findTestObject("KeatMun/Form 7_default/OTC_Submit Form 7_Section D-E/Page_PERKESO/E8. NO_disabilityApplyInd")): Object: 'Object Repository/KeatMun/Form 7_default/OTC_Submit Form 7_Section D-E/Page_PERKESO/E8. NO_disabilityApplyInd' is clicked on

2019-02-21 17:56:59 - [MESSAGE][PASSED] - Object: 'Object Repository/KeatMun/Form 7_default/OTC_Submit Form 7_Section D-E/Page_PERKESO/E8. NO_disabilityApplyInd' is clicked on

2019-02-21 17:56:59 - [TEST_STEP][PASSED] - delay(2): Delayed 2 second(s)

2019-02-21 17:57:01 - [MESSAGE][PASSED] - Delayed 2 second(s)

2019-02-21 17:57:01 - [TEST_STEP][PASSED] - click(findTestObject("KeatMun/Form 7_default/OTC_Submit Form 7_Section D-E/Page_PERKESO/E9. YES_ReEmployment")): Object: 'Object Repository/KeatMun/Form 7_default/OTC_Submit Form 7_Section D-E/Page_PERKESO/E9. YES_ReEmployment' is clicked on

2019-02-21 17:57:01 - [MESSAGE][PASSED] - Object: 'Object Repository/KeatMun/Form 7_default/OTC_Submit Form 7_Section D-E/Page_PERKESO/E9. YES_ReEmployment' is clicked on

2019-02-21 17:57:01 - [TEST_STEP][PASSED] - delay(2): Delayed 2 second(s)

2019-02-21 17:57:03 - [MESSAGE][PASSED] - Delayed 2 second(s)

2019-02-21 17:57:03 - [TEST_STEP][PASSED] - click(findTestObject("KeatMun/Form 7_default/OTC_Submit Form 7_Section D-E/Page_PERKESO/E10. Halaman Seterusnya")): Object: 'Object Repository/KeatMun/Form 7_default/OTC_Submit Form 7_Section D-E/Page_PERKESO/E10. Halaman Seterusnya' is clicked on

2019-02-21 17:57:03 - [MESSAGE][PASSED] - Object: 'Object Repository/KeatMun/Form 7_default/OTC_Submit Form 7_Section D-E/Page_PERKESO/E10. Halaman Seterusnya' is clicked on

2019-02-21 17:57:03 - [TEST_STEP][PASSED] - delay(3): Delayed 3 second(s)

2019-02-21 17:57:06 - [MESSAGE][PASSED] - Delayed 3 second(s)

2019-02-21 17:57:06 - [MESSAGE][PASSED] - Call Test Case 'Test Cases/All TC/Arranged/3. Unit/EI/Form 7_default/OTC_Submit Form 7_Section D-E' successfully

2019-02-21 17:57:06 - [TEST_STEP][PASSED] - callTestCase(findTestCase("All TC/Arranged/3. Unit/EI/Form 7_default/OTC_Submit Form 7_Section F-G-H - Cheque"), [:], STOP_ON_FAILURE): Call Test Case 'Test Cases/All TC/Arranged/3. Unit/EI/Form 7_default/OTC_Submit Form 7_Section F-G-H - Cheque' successfully

2019-02-21 17:57:06 - [TEST_CASE][PASSED] - Test Cases/All TC/Arranged/3. Unit/EI/Form 7_default/OTC_Submit Form 7_Section F-G-H - Cheque: Test Cases/All TC/Arranged/3. Unit/EI/Form 7_default/OTC_Submit Form 7_Section F-G-H - Cheque

2019-02-21 17:57:06 - [TEST_STEP][PASSED] - delay(3): Delayed 3 second(s)

2019-02-21 17:57:09 - [MESSAGE][PASSED] - Delayed 3 second(s)

2019-02-21 17:57:09 - [TEST_STEP][PASSED] - click(findTestObject("KeatMun/Form 7_default/OTC_Submit Form 7_Section F-G-H/Page_PERKESO/F1. Bankrup_yes")): Object: 'Object Repository/KeatMun/Form 7_default/OTC_Submit Form 7_Section F-G-H/Page_PERKESO/F1. Bankrup_yes' is clicked on

2019-02-21 17:57:09 - [MESSAGE][PASSED] - Object: 'Object Repository/KeatMun/Form 7_default/OTC_Submit Form 7_Section F-G-H/Page_PERKESO/F1. Bankrup_yes' is clicked on

2019-02-21 17:57:09 - [TEST_STEP][PASSED] - delay(3): Delayed 3 second(s)

2019-02-21 17:57:12 - [MESSAGE][PASSED] - Delayed 3 second(s)

2019-02-21 17:57:12 - [TEST_STEP][PASSED] - click(findTestObject("KeatMun/Form 7_default/OTC_Submit Form 7_Section F-G-H/Page_PERKESO/F2. Next_Page_AfterBankInfo")): Object: 'Object Repository/KeatMun/Form 7_default/OTC_Submit Form 7_Section F-G-H/Page_PERKESO/F2. Next_Page_AfterBankInfo' is clicked on

2019-02-21 17:57:12 - [MESSAGE][PASSED] - Object: 'Object Repository/KeatMun/Form 7_default/OTC_Submit Form 7_Section F-G-H/Page_PERKESO/F2. Next_Page_AfterBankInfo' is clicked on

2019-02-21 17:57:12 - [TEST_STEP][PASSED] - delay(5): Delayed 5 second(s)

2019-02-21 17:57:17 - [MESSAGE][PASSED] - Delayed 5 second(s)

2019-02-21 17:57:17 - [TEST_STEP][PASSED] - setText(findTestObject("KeatMun/Form 7_default/OTC_Submit Form 7_Section F-G-H/Page_PERKESO/G2. Hubungan dengan OB-nama"), "qwertyuiop"): Text 'qwertyuiop' is set on object 'Object Repository/KeatMun/Form 7_default/OTC_Submit Form 7_Section F-G-H/Page_PERKESO/G2. Hubungan dengan OB-nama'

2019-02-21 17:57:18 - [MESSAGE][PASSED] - Text 'qwertyuiop' is set on object 'Object Repository/KeatMun/Form 7_default/OTC_Submit Form 7_Section F-G-H/Page_PERKESO/G2. Hubungan dengan OB-nama'

2019-02-21 17:57:18 - [TEST_STEP][PASSED] - delay(2): Delayed 2 second(s)

2019-02-21 17:57:20 - [MESSAGE][PASSED] - Delayed 2 second(s)

2019-02-21 17:57:20 - [TEST_STEP][PASSED] - setText(findTestObject("KeatMun/Form 7_default/OTC_Submit Form 7_Section F-G-H/Page_PERKESO/G2. Hubungan dengan OB-ic.no"), "111111223333"): Text '111111223333' is set on object 'Object Repository/KeatMun/Form 7_default/OTC_Submit Form 7_Section F-G-H/Page_PERKESO/G2. Hubungan dengan OB-ic.no'

2019-02-21 17:57:20 - [MESSAGE][PASSED] - Text '111111223333' is set on object 'Object Repository/KeatMun/Form 7_default/OTC_Submit Form 7_Section F-G-H/Page_PERKESO/G2. Hubungan dengan OB-ic.no'

2019-02-21 17:57:20 - [TEST_STEP][PASSED] - delay(2): Delayed 2 second(s)

2019-02-21 17:57:22 - [MESSAGE][PASSED] - Delayed 2 second(s)

2019-02-21 17:57:22 - [TEST_STEP][PASSED] - setText(findTestObject("KeatMun/Form 7_default/OTC_Submit Form 7_Section F-G-H/Page_PERKESO/G2. Hubungan dengan OB-DOB"), "10/01/2019"): Text '10/01/2019' is set on object 'Object Repository/KeatMun/Form 7_default/OTC_Submit Form 7_Section F-G-H/Page_PERKESO/G2. Hubungan dengan OB-DOB'

2019-02-21 17:57:22 - [MESSAGE][PASSED] - Text '10/01/2019' is set on object 'Object Repository/KeatMun/Form 7_default/OTC_Submit Form 7_Section F-G-H/Page_PERKESO/G2. Hubungan dengan OB-DOB'

2019-02-21 17:57:22 - [TEST_STEP][PASSED] - delay(3): Delayed 3 second(s)

2019-02-21 17:57:25 - [MESSAGE][PASSED] - Delayed 3 second(s)

2019-02-21 17:57:25 - [TEST_STEP][PASSED] - click(findTestObject("KeatMun/Form 7_default/OTC_Submit Form 7_Section F-G-H/Page_PERKESO/G2. Span_Bapa")): Object: 'Object Repository/KeatMun/Form 7_default/OTC_Submit Form 7_Section F-G-H/Page_PERKESO/G2. Span_Bapa' is clicked on

2019-02-21 17:57:26 - [MESSAGE][PASSED] - Object: 'Object Repository/KeatMun/Form 7_default/OTC_Submit Form 7_Section F-G-H/Page_PERKESO/G2. Span_Bapa' is clicked on

2019-02-21 17:57:26 - [TEST_STEP][PASSED] - delay(3): Delayed 3 second(s)

2019-02-21 17:57:29 - [MESSAGE][PASSED] - Delayed 3 second(s)

2019-02-21 17:57:29 - [TEST_STEP][PASSED] - click(findTestObject("KeatMun/Form 7_default/OTC_Submit Form 7_Section F-G-H/Page_PERKESO/G2. Choose_Isteri")): Object: 'Object Repository/KeatMun/Form 7_default/OTC_Submit Form 7_Section F-G-H/Page_PERKESO/G2. Choose_Isteri' is clicked on

2019-02-21 17:57:29 - [MESSAGE][PASSED] - Object: 'Object Repository/KeatMun/Form 7_default/OTC_Submit Form 7_Section F-G-H/Page_PERKESO/G2. Choose_Isteri' is clicked on

2019-02-21 17:57:29 - [TEST_STEP][PASSED] - delay(3): Delayed 3 second(s)

2019-02-21 17:57:32 - [MESSAGE][PASSED] - Delayed 3 second(s)

2019-02-21 17:57:32 - [TEST_STEP][PASSED] - click(findTestObject("KeatMun/Form 7_default/OTC_Submit Form 7_Section F-G-H/Page_PERKESO/G3. Halaman Seterusnya")): Object: 'Object Repository/KeatMun/Form 7_default/OTC_Submit Form 7_Section F-G-H/Page_PERKESO/G3. Halaman Seterusnya' is clicked on

2019-02-21 17:57:32 - [MESSAGE][PASSED] - Object: 'Object Repository/KeatMun/Form 7_default/OTC_Submit Form 7_Section F-G-H/Page_PERKESO/G3. Halaman Seterusnya' is clicked on

2019-02-21 17:57:32 - [TEST_STEP][PASSED] - delay(5): Delayed 5 second(s)

2019-02-21 17:57:37 - [MESSAGE][PASSED] - Delayed 5 second(s)

2019-02-21 17:57:37 - [TEST_STEP][PASSED] - click(findTestObject("KeatMun/Form 7_default/OTC_Submit Form 7_Section F-G-H/Page_PERKESO/H1. declAckInfoInd")): Object: 'Object Repository/KeatMun/Form 7_default/OTC_Submit Form 7_Section F-G-H/Page_PERKESO/H1. declAckInfoInd' is clicked on

2019-02-21 17:57:37 - [MESSAGE][PASSED] - Object: 'Object Repository/KeatMun/Form 7_default/OTC_Submit Form 7_Section F-G-H/Page_PERKESO/H1. declAckInfoInd' is clicked on

2019-02-21 17:57:37 - [TEST_STEP][PASSED] - delay(2): Delayed 2 second(s)

2019-02-21 17:57:39 - [MESSAGE][PASSED] - Delayed 2 second(s)

2019-02-21 17:57:39 - [TEST_STEP][PASSED] - click(findTestObject("KeatMun/Form 7_default/OTC_Submit Form 7_Section F-G-H/Page_PERKESO/H2. declAckRepayInd")): Object: 'Object Repository/KeatMun/Form 7_default/OTC_Submit Form 7_Section F-G-H/Page_PERKESO/H2. declAckRepayInd' is clicked on

2019-02-21 17:57:39 - [MESSAGE][PASSED] - Object: 'Object Repository/KeatMun/Form 7_default/OTC_Submit Form 7_Section F-G-H/Page_PERKESO/H2. declAckRepayInd' is clicked on

2019-02-21 17:57:39 - [TEST_STEP][PASSED] - delay(2): Delayed 2 second(s)

2019-02-21 17:57:41 - [MESSAGE][PASSED] - Delayed 2 second(s)

2019-02-21 17:57:41 - [TEST_STEP][PASSED] - click(findTestObject("KeatMun/Form 7_default/OTC_Submit Form 7_Section F-G-H/Page_PERKESO/H3. declAckLegalInd")): Object: 'Object Repository/KeatMun/Form 7_default/OTC_Submit Form 7_Section F-G-H/Page_PERKESO/H3. declAckLegalInd' is clicked on

2019-02-21 17:57:41 - [MESSAGE][PASSED] - Object: 'Object Repository/KeatMun/Form 7_default/OTC_Submit Form 7_Section F-G-H/Page_PERKESO/H3. declAckLegalInd' is clicked on

2019-02-21 17:57:41 - [TEST_STEP][PASSED] - delay(2): Delayed 2 second(s)

2019-02-21 17:57:43 - [MESSAGE][PASSED] - Delayed 2 second(s)

2019-02-21 17:57:43 - [TEST_STEP][PASSED] - click(findTestObject("KeatMun/Form 7_default/OTC_Submit Form 7_Section F-G-H/Page_PERKESO/i1. mandatory_document1")): Object: 'Object Repository/KeatMun/Form 7_default/OTC_Submit Form 7_Section F-G-H/Page_PERKESO/i1. mandatory_document1' is clicked on

2019-02-21 17:57:43 - [MESSAGE][PASSED] - Object: 'Object Repository/KeatMun/Form 7_default/OTC_Submit Form 7_Section F-G-H/Page_PERKESO/i1. mandatory_document1' is clicked on

2019-02-21 17:57:43 - [TEST_STEP][PASSED] - delay(3): Delayed 3 second(s)

2019-02-21 17:57:46 - [MESSAGE][PASSED] - Delayed 3 second(s)

2019-02-21 17:57:46 - [TEST_STEP][PASSED] - sendKeys(findTestObject("KeatMun/Form 7_default/OTC_Submit Form 7_Section F-G-H/Page_PERKESO/i1.--Sila Pilih--_singleFil"), TextFilePathCommon + "\UploadDoc.txt"): Keys 'C:\Users\Admin\Documents\GitHub\PKSKatalon\PKS-EI-ES\Common Zone\UploadDoc.txt' sent to object: 'Object Repository/KeatMun/Form 7_default/OTC_Submit Form 7_Section F-G-H/Page_PERKESO/i1.--Sila Pilih--_singleFil'

2019-02-21 17:57:47 - [MESSAGE][PASSED] - Keys 'C:\Users\Admin\Documents\GitHub\PKSKatalon\PKS-EI-ES\Common Zone\UploadDoc.txt' sent to object: 'Object Repository/KeatMun/Form 7_default/OTC_Submit Form 7_Section F-G-H/Page_PERKESO/i1.--Sila Pilih--_singleFil'

2019-02-21 17:57:47 - [TEST_STEP][PASSED] - delay(3): Delayed 3 second(s)

2019-02-21 17:57:50 - [MESSAGE][PASSED] - Delayed 3 second(s)

2019-02-21 17:57:50 - [TEST_STEP][PASSED] - click(findTestObject("KeatMun/Form 7_default/OTC_Submit Form 7_Section F-G-H/Page_PERKESO/i1.Add - Tambah Dokumen (1)")): Object: 'Object Repository/KeatMun/Form 7_default/OTC_Submit Form 7_Section F-G-H/Page_PERKESO/i1.Add - Tambah Dokumen (1)' is clicked on

2019-02-21 17:57:50 - [MESSAGE][PASSED] - Object: 'Object Repository/KeatMun/Form 7_default/OTC_Submit Form 7_Section F-G-H/Page_PERKESO/i1.Add - Tambah Dokumen (1)' is clicked on

2019-02-21 17:57:50 - [TEST_STEP][PASSED] - delay(3): Delayed 3 second(s)

2019-02-21 17:57:53 - [MESSAGE][PASSED] - Delayed 3 second(s)

2019-02-21 17:57:53 - [TEST_STEP][PASSED] - acceptAlert(): Alert accepted

2019-02-21 17:57:53 - [MESSAGE][PASSED] - Alert accepted

2019-02-21 17:57:53 - [TEST_STEP][PASSED] - delay(3): Delayed 3 second(s)

2019-02-21 17:57:56 - [MESSAGE][PASSED] - Delayed 3 second(s)

2019-02-21 17:57:56 - [TEST_STEP][PASSED] - click(findTestObject("KeatMun/Form 7_default/OTC_Submit Form 7_Section F-G-H/Page_PERKESO/i2. mandatory_document2")): Object: 'Object Repository/KeatMun/Form 7_default/OTC_Submit Form 7_Section F-G-H/Page_PERKESO/i2. mandatory_document2' is clicked on

2019-02-21 17:57:56 - [MESSAGE][PASSED] - Object: 'Object Repository/KeatMun/Form 7_default/OTC_Submit Form 7_Section F-G-H/Page_PERKESO/i2. mandatory_document2' is clicked on

2019-02-21 17:57:56 - [TEST_STEP][PASSED] - delay(3): Delayed 3 second(s)

2019-02-21 17:57:59 - [MESSAGE][PASSED] - Delayed 3 second(s)

2019-02-21 17:57:59 - [TEST_STEP][PASSED] - click(findTestObject("KeatMun/Form 7_default/OTC_Submit Form 7_Section F-G-H/Page_PERKESO/i2. input_Ya_optradio")): Object: 'Object Repository/KeatMun/Form 7_default/OTC_Submit Form 7_Section F-G-H/Page_PERKESO/i2. input_Ya_optradio' is clicked on

2019-02-21 17:57:59 - [MESSAGE][PASSED] - Object: 'Object Repository/KeatMun/Form 7_default/OTC_Submit Form 7_Section F-G-H/Page_PERKESO/i2. input_Ya_optradio' is clicked on

2019-02-21 17:57:59 - [TEST_STEP][PASSED] - delay(3): Delayed 3 second(s)

2019-02-21 17:58:02 - [MESSAGE][PASSED] - Delayed 3 second(s)

2019-02-21 17:58:02 - [TEST_STEP][PASSED] - sendKeys(findTestObject("KeatMun/Form 7_default/OTC_Submit Form 7_Section F-G-H/Page_PERKESO/i1.--Sila Pilih--_singleFil"), TextFilePathCommon + "\UploadDoc.txt"): Keys 'C:\Users\Admin\Documents\GitHub\PKSKatalon\PKS-EI-ES\Common Zone\UploadDoc.txt' sent to object: 'Object Repository/KeatMun/Form 7_default/OTC_Submit Form 7_Section F-G-H/Page_PERKESO/i1.--Sila Pilih--_singleFil'

2019-02-21 17:58:02 - [MESSAGE][PASSED] - Keys 'C:\Users\Admin\Documents\GitHub\PKSKatalon\PKS-EI-ES\Common Zone\UploadDoc.txt' sent to object: 'Object Repository/KeatMun/Form 7_default/OTC_Submit Form 7_Section F-G-H/Page_PERKESO/i1.--Sila Pilih--_singleFil'

2019-02-21 17:58:02 - [TEST_STEP][PASSED] - delay(3): Delayed 3 second(s)

2019-02-21 17:58:05 - [MESSAGE][PASSED] - Delayed 3 second(s)

2019-02-21 17:58:05 - [TEST_STEP][PASSED] - click(findTestObject("KeatMun/Form 7_default/OTC_Submit Form 7_Section F-G-H/Page_PERKESO/i2. button_Tambah Dokumen")): Object: 'Object Repository/KeatMun/Form 7_default/OTC_Submit Form 7_Section F-G-H/Page_PERKESO/i2. button_Tambah Dokumen' is clicked on

2019-02-21 17:58:05 - [MESSAGE][PASSED] - Object: 'Object Repository/KeatMun/Form 7_default/OTC_Submit Form 7_Section F-G-H/Page_PERKESO/i2. button_Tambah Dokumen' is clicked on

2019-02-21 17:58:05 - [TEST_STEP][PASSED] - delay(3): Delayed 3 second(s)

2019-02-21 17:58:08 - [MESSAGE][PASSED] - Delayed 3 second(s)

2019-02-21 17:58:08 - [TEST_STEP][PASSED] - acceptAlert(): Alert accepted

2019-02-21 17:58:08 - [MESSAGE][PASSED] - Alert accepted

2019-02-21 17:58:08 - [TEST_STEP][PASSED] - delay(3): Delayed 3 second(s)

2019-02-21 17:58:11 - [MESSAGE][PASSED] - Delayed 3 second(s)

2019-02-21 17:58:11 - [TEST_STEP][PASSED] - click(findTestObject("KeatMun/Form 7_default/OTC_Submit Form 7_Section F-G-H/Page_PERKESO/i3. mandatory_document3")): Object: 'Object Repository/KeatMun/Form 7_default/OTC_Submit Form 7_Section F-G-H/Page_PERKESO/i3. mandatory_document3' is clicked on

2019-02-21 17:58:12 - [MESSAGE][PASSED] - Object: 'Object Repository/KeatMun/Form 7_default/OTC_Submit Form 7_Section F-G-H/Page_PERKESO/i3. mandatory_document3' is clicked on

2019-02-21 17:58:12 - [TEST_STEP][PASSED] - delay(3): Delayed 3 second(s)

2019-02-21 17:58:15 - [MESSAGE][PASSED] - Delayed 3 second(s)

2019-02-21 17:58:15 - [TEST_STEP][PASSED] - click(findTestObject("KeatMun/Form 7_default/OTC_Submit Form 7_Section F-G-H/Page_PERKESO/i2. input_Ya_optradio")): Object: 'Object Repository/KeatMun/Form 7_default/OTC_Submit Form 7_Section F-G-H/Page_PERKESO/i2. input_Ya_optradio' is clicked on

2019-02-21 17:58:15 - [MESSAGE][PASSED] - Object: 'Object Repository/KeatMun/Form 7_default/OTC_Submit Form 7_Section F-G-H/Page_PERKESO/i2. input_Ya_optradio' is clicked on

2019-02-21 17:58:15 - [TEST_STEP][PASSED] - delay(3): Delayed 3 second(s)

2019-02-21 17:58:18 - [MESSAGE][PASSED] - Delayed 3 second(s)

2019-02-21 17:58:18 - [TEST_STEP][PASSED] - sendKeys(findTestObject("KeatMun/Form 7_default/OTC_Submit Form 7_Section F-G-H/Page_PERKESO/i1.--Sila Pilih--_singleFil"), TextFilePathCommon + "\UploadDoc.txt"): Keys 'C:\Users\Admin\Documents\GitHub\PKSKatalon\PKS-EI-ES\Common Zone\UploadDoc.txt' sent to object: 'Object Repository/KeatMun/Form 7_default/OTC_Submit Form 7_Section F-G-H/Page_PERKESO/i1.--Sila Pilih--_singleFil'

2019-02-21 17:58:18 - [MESSAGE][PASSED] - Keys 'C:\Users\Admin\Documents\GitHub\PKSKatalon\PKS-EI-ES\Common Zone\UploadDoc.txt' sent to object: 'Object Repository/KeatMun/Form 7_default/OTC_Submit Form 7_Section F-G-H/Page_PERKESO/i1.--Sila Pilih--_singleFil'

2019-02-21 17:58:18 - [TEST_STEP][PASSED] - delay(3): Delayed 3 second(s)

2019-02-21 17:58:21 - [MESSAGE][PASSED] - Delayed 3 second(s)

2019-02-21 17:58:21 - [TEST_STEP][PASSED] - click(findTestObject("KeatMun/Form 7_default/OTC_Submit Form 7_Section F-G-H/Page_PERKESO/i2. button_Tambah Dokumen")): Object: 'Object Repository/KeatMun/Form 7_default/OTC_Submit Form 7_Section F-G-H/Page_PERKESO/i2. button_Tambah Dokumen' is clicked on

2019-02-21 17:58:21 - [MESSAGE][PASSED] - Object: 'Object Repository/KeatMun/Form 7_default/OTC_Submit Form 7_Section F-G-H/Page_PERKESO/i2. button_Tambah Dokumen' is clicked on

2019-02-21 17:58:21 - [TEST_STEP][PASSED] - delay(3): Delayed 3 second(s)

2019-02-21 17:58:24 - [MESSAGE][PASSED] - Delayed 3 second(s)

2019-02-21 17:58:24 - [TEST_STEP][PASSED] - acceptAlert(): Alert accepted

2019-02-21 17:58:24 - [MESSAGE][PASSED] - Alert accepted

2019-02-21 17:58:24 - [TEST_STEP][PASSED] - delay(3): Delayed 3 second(s)

2019-02-21 17:58:27 - [MESSAGE][PASSED] - Delayed 3 second(s)

2019-02-21 17:58:27 - [TEST_STEP][PASSED] - click(findTestObject("KeatMun/Form 7_default/OTC_Submit Form 7_Section F-G-H/Page_PERKESO/i4. mandatory_document4")): Object: 'Object Repository/KeatMun/Form 7_default/OTC_Submit Form 7_Section F-G-H/Page_PERKESO/i4. mandatory_document4' is clicked on

2019-02-21 17:58:27 - [MESSAGE][PASSED] - Object: 'Object Repository/KeatMun/Form 7_default/OTC_Submit Form 7_Section F-G-H/Page_PERKESO/i4. mandatory_document4' is clicked on

2019-02-21 17:58:27 - [TEST_STEP][PASSED] - delay(3): Delayed 3 second(s)

2019-02-21 17:58:30 - [MESSAGE][PASSED] - Delayed 3 second(s)

2019-02-21 17:58:30 - [TEST_STEP][PASSED] - click(findTestObject("KeatMun/Form 7_default/OTC_Submit Form 7_Section F-G-H/Page_PERKESO/i4. _Ya_optradio")): Object: 'Object Repository/KeatMun/Form 7_default/OTC_Submit Form 7_Section F-G-H/Page_PERKESO/i4. _Ya_optradio' is clicked on

2019-02-21 17:58:30 - [MESSAGE][PASSED] - Object: 'Object Repository/KeatMun/Form 7_default/OTC_Submit Form 7_Section F-G-H/Page_PERKESO/i4. _Ya_optradio' is clicked on

2019-02-21 17:58:30 - [TEST_STEP][PASSED] - delay(3): Delayed 3 second(s)

2019-02-21 17:58:33 - [MESSAGE][PASSED] - Delayed 3 second(s)

2019-02-21 17:58:33 - [TEST_STEP][PASSED] - sendKeys(findTestObject("KeatMun/Form 7_default/OTC_Submit Form 7_Section F-G-H/Page_PERKESO/i1.--Sila Pilih--_singleFil"), TextFilePathCommon + "\UploadDoc.txt"): Keys 'C:\Users\Admin\Documents\GitHub\PKSKatalon\PKS-EI-ES\Common Zone\UploadDoc.txt' sent to object: 'Object Repository/KeatMun/Form 7_default/OTC_Submit Form 7_Section F-G-H/Page_PERKESO/i1.--Sila Pilih--_singleFil'

2019-02-21 17:58:33 - [MESSAGE][PASSED] - Keys 'C:\Users\Admin\Documents\GitHub\PKSKatalon\PKS-EI-ES\Common Zone\UploadDoc.txt' sent to object: 'Object Repository/KeatMun/Form 7_default/OTC_Submit Form 7_Section F-G-H/Page_PERKESO/i1.--Sila Pilih--_singleFil'

2019-02-21 17:58:33 - [TEST_STEP][PASSED] - delay(3): Delayed 3 second(s)

2019-02-21 17:58:36 - [MESSAGE][PASSED] - Delayed 3 second(s)

2019-02-21 17:58:36 - [TEST_STEP][PASSED] - click(findTestObject("KeatMun/Form 7_default/OTC_Submit Form 7_Section F-G-H/Page_PERKESO/i2. button_Tambah Dokumen")): Object: 'Object Repository/KeatMun/Form 7_default/OTC_Submit Form 7_Section F-G-H/Page_PERKESO/i2. button_Tambah Dokumen' is clicked on

2019-02-21 17:58:36 - [MESSAGE][PASSED] - Object: 'Object Repository/KeatMun/Form 7_default/OTC_Submit Form 7_Section F-G-H/Page_PERKESO/i2. button_Tambah Dokumen' is clicked on

2019-02-21 17:58:36 - [TEST_STEP][PASSED] - delay(3): Delayed 3 second(s)

2019-02-21 17:58:39 - [MESSAGE][PASSED] - Delayed 3 second(s)

2019-02-21 17:58:39 - [TEST_STEP][PASSED] - acceptAlert(): Alert accepted

2019-02-21 17:58:39 - [MESSAGE][PASSED] - Alert accepted

2019-02-21 17:58:39 - [TEST_STEP][PASSED] - delay(3): Delayed 3 second(s)

2019-02-21 17:58:42 - [MESSAGE][PASSED] - Delayed 3 second(s)

2019-02-21 17:58:42 - [TEST_STEP][PASSED] - click(findTestObject("KeatMun/Form 7_default/OTC_Submit Form 7_Section F-G-H/Page_PERKESO/button_Hantar")): Object: 'Object Repository/KeatMun/Form 7_default/OTC_Submit Form 7_Section F-G-H/Page_PERKESO/button_Hantar' is clicked on

2019-02-21 17:58:43 - [MESSAGE][PASSED] - Object: 'Object Repository/KeatMun/Form 7_default/OTC_Submit Form 7_Section F-G-H/Page_PERKESO/button_Hantar' is clicked on

2019-02-21 17:58:43 - [TEST_STEP][PASSED] - delay(3): Delayed 3 second(s)

2019-02-21 17:58:46 - [MESSAGE][PASSED] - Delayed 3 second(s)

2019-02-21 17:58:46 - [TEST_STEP][PASSED] - UserName = getText(findTestObject("KeatMun/Form 7_default/OTC_Submit Form 7_Section F-G-H/Page_PERKESO/strong_FAST2")): Text of object 'Object Repository/KeatMun/Form 7_default/OTC_Submit Form 7_Section F-G-H/Page_PERKESO/strong_FAST2' is: 'AAINA ELFERA BINTI ABD MANAF'

2019-02-21 17:58:46 - [MESSAGE][PASSED] - Text of object 'Object Repository/KeatMun/Form 7_default/OTC_Submit Form 7_Section F-G-H/Page_PERKESO/strong_FAST2' is: 'AAINA ELFERA BINTI ABD MANAF'

2019-02-21 17:58:46 - [TEST_STEP][PASSED] - callTestCase(findTestCase("All TC/Arranged/1. Common/1.2 Setter/Setter UserName"), [:], STOP_ON_FAILURE): Call Test Case 'Test Cases/All TC/Arranged/1. Common/1.2 Setter/Setter UserName' successfully

2019-02-21 17:58:46 - [TEST_CASE][PASSED] - Test Cases/All TC/Arranged/1. Common/1.2 Setter/Setter UserName: Test Cases/All TC/Arranged/1. Common/1.2 Setter/Setter UserName

2019-02-21 17:58:46 - [TEST_STEP][PASSED] - RefNoOldFile = new java.io.File((internal.GlobalVariable.TextFilePathCommon + \getUser.txt)): null

2019-02-21 17:58:46 - [TEST_STEP][PASSED] - RefNoOldFile.delete(): null

2019-02-21 17:58:46 - [TEST_STEP][PASSED] - delay(5): Delayed 5 second(s)

2019-02-21 17:58:51 - [MESSAGE][PASSED] - Delayed 5 second(s)

2019-02-21 17:58:51 - [TEST_STEP][PASSED] - RefNo = new java.io.File((internal.GlobalVariable.TextFilePathCommon + \getUser.txt)): null

2019-02-21 17:58:51 - [TEST_STEP][PASSED] - f2 = new java.io.FileWriter(RefNo, false): null

2019-02-21 17:58:51 - [TEST_STEP][PASSED] - f2.write(UserName): null

2019-02-21 17:58:51 - [TEST_STEP][PASSED] - f2.close(): null

2019-02-21 17:58:51 - [TEST_STEP][PASSED] - out.println("


" + UserName + "


"): null

2019-02-21 17:58:51 - [MESSAGE][PASSED] - Call Test Case 'Test Cases/All TC/Arranged/1. Common/1.2 Setter/Setter UserName' successfully

2019-02-21 17:58:51 - [TEST_STEP][PASSED] - IC = getText(findTestObject("KeatMun/Form 7_default/OTC_Submit Form 7_Section F-G-H/Page_PERKESO/strong_950000140051")): Text of object 'Object Repository/KeatMun/Form 7_default/OTC_Submit Form 7_Section F-G-H/Page_PERKESO/strong_950000140051' is: '871229105120'

2019-02-21 17:58:51 - [MESSAGE][PASSED] - Text of object 'Object Repository/KeatMun/Form 7_default/OTC_Submit Form 7_Section F-G-H/Page_PERKESO/strong_950000140051' is: '871229105120'

2019-02-21 17:58:51 - [TEST_STEP][PASSED] - callTestCase(findTestCase("All TC/Arranged/1. Common/1.2 Setter/Setter IC"), [:], STOP_ON_FAILURE): Call Test Case 'Test Cases/All TC/Arranged/1. Common/1.2 Setter/Setter IC' successfully

2019-02-21 17:58:51 - [TEST_CASE][PASSED] - Test Cases/All TC/Arranged/1. Common/1.2 Setter/Setter IC: Test Cases/All TC/Arranged/1. Common/1.2 Setter/Setter IC

2019-02-21 17:58:51 - [TEST_STEP][PASSED] - RefNoOldFile = new java.io.File((internal.GlobalVariable.TextFilePathCommon + \getIC.txt)): null

2019-02-21 17:58:51 - [TEST_STEP][PASSED] - RefNoOldFile.delete(): null

2019-02-21 17:58:51 - [TEST_STEP][PASSED] - delay(5): Delayed 5 second(s)

2019-02-21 17:58:56 - [MESSAGE][PASSED] - Delayed 5 second(s)

2019-02-21 17:58:56 - [TEST_STEP][PASSED] - RefNo = new java.io.File((internal.GlobalVariable.TextFilePathCommon + \getIC.txt)): null

2019-02-21 17:58:56 - [TEST_STEP][PASSED] - f2 = new java.io.FileWriter(RefNo, false): null

2019-02-21 17:58:56 - [TEST_STEP][PASSED] - f2.write(IC): null

2019-02-21 17:58:56 - [TEST_STEP][PASSED] - f2.close(): null

2019-02-21 17:58:56 - [TEST_STEP][PASSED] - out.println("


" + IC + "


"): null

2019-02-21 17:58:56 - [MESSAGE][PASSED] - Call Test Case 'Test Cases/All TC/Arranged/1. Common/1.2 Setter/Setter IC' successfully

2019-02-21 17:58:56 - [TEST_STEP][PASSED] - CaseID = getText(findTestObject("KeatMun/Form 7_default/OTC_Submit Form 7_Section F-G-H/Page_PERKESO/strong_SIPE1119070000004")): Text of object 'Object Repository/KeatMun/Form 7_default/OTC_Submit Form 7_Section F-G-H/Page_PERKESO/strong_SIPE1119070000004' is: 'SIPE1119070000038'

2019-02-21 17:58:56 - [MESSAGE][PASSED] - Text of object 'Object Repository/KeatMun/Form 7_default/OTC_Submit Form 7_Section F-G-H/Page_PERKESO/strong_SIPE1119070000004' is: 'SIPE1119070000038'

2019-02-21 17:58:56 - [TEST_STEP][PASSED] - callTestCase(findTestCase("All TC/Arranged/1. Common/1.2 Setter/Setter Case ID"), [:], STOP_ON_FAILURE): Call Test Case 'Test Cases/All TC/Arranged/1. Common/1.2 Setter/Setter Case ID' successfully

2019-02-21 17:58:56 - [TEST_CASE][PASSED] - Test Cases/All TC/Arranged/1. Common/1.2 Setter/Setter Case ID: Test Cases/All TC/Arranged/1. Common/1.2 Setter/Setter Case ID

2019-02-21 17:58:56 - [TEST_STEP][PASSED] - RefNoOldFile = new java.io.File((internal.GlobalVariable.TextFilePathCommon + \getCaseID.txt)): null

2019-02-21 17:58:56 - [TEST_STEP][PASSED] - RefNoOldFile.delete(): null

2019-02-21 17:58:56 - [TEST_STEP][PASSED] - delay(5): Delayed 5 second(s)

2019-02-21 17:59:01 - [MESSAGE][PASSED] - Delayed 5 second(s)

2019-02-21 17:59:01 - [TEST_STEP][PASSED] - RefNo = new java.io.File((internal.GlobalVariable.TextFilePathCommon + \getCaseID.txt)): null

2019-02-21 17:59:01 - [TEST_STEP][PASSED] - f2 = new java.io.FileWriter(RefNo, false): null

2019-02-21 17:59:01 - [TEST_STEP][PASSED] - f2.write(CaseID): null

2019-02-21 17:59:01 - [TEST_STEP][PASSED] - f2.close(): null

2019-02-21 17:59:01 - [TEST_STEP][PASSED] - out.println("


" + CaseID + "


"): null

2019-02-21 17:59:01 - [MESSAGE][PASSED] - Call Test Case 'Test Cases/All TC/Arranged/1. Common/1.2 Setter/Setter Case ID' successfully

2019-02-21 17:59:01 - [TEST_STEP][PASSED] - Password = getText(findTestObject("KeatMun/Form 7_default/OTC_Submit Form 7_Section F-G-H/Page_PERKESO/strong_OOPQe0i4")): Text of object 'Object Repository/KeatMun/Form 7_default/OTC_Submit Form 7_Section F-G-H/Page_PERKESO/strong_OOPQe0i4' is: 'sR2O9CnV'

2019-02-21 17:59:01 - [MESSAGE][PASSED] - Text of object 'Object Repository/KeatMun/Form 7_default/OTC_Submit Form 7_Section F-G-H/Page_PERKESO/strong_OOPQe0i4' is: 'sR2O9CnV'

2019-02-21 17:59:01 - [TEST_STEP][PASSED] - callTestCase(findTestCase("All TC/Arranged/1. Common/1.2 Setter/Setter Password"), [:], STOP_ON_FAILURE): Call Test Case 'Test Cases/All TC/Arranged/1. Common/1.2 Setter/Setter Password' successfully

2019-02-21 17:59:01 - [TEST_CASE][PASSED] - Test Cases/All TC/Arranged/1. Common/1.2 Setter/Setter Password: Test Cases/All TC/Arranged/1. Common/1.2 Setter/Setter Password

2019-02-21 17:59:01 - [TEST_STEP][PASSED] - RefNoOldFile = new java.io.File((internal.GlobalVariable.TextFilePathCommon + \getPassword.txt)): null

2019-02-21 17:59:01 - [TEST_STEP][PASSED] - RefNoOldFile.delete(): null

2019-02-21 17:59:01 - [TEST_STEP][PASSED] - delay(5): Delayed 5 second(s)

2019-02-21 17:59:06 - [MESSAGE][PASSED] - Delayed 5 second(s)

2019-02-21 17:59:06 - [TEST_STEP][PASSED] - RefNo = new java.io.File((internal.GlobalVariable.TextFilePathCommon + \getPassword.txt)): null

2019-02-21 17:59:06 - [TEST_STEP][PASSED] - f2 = new java.io.FileWriter(RefNo, false): null

2019-02-21 17:59:06 - [TEST_STEP][PASSED] - f2.write(Password): null

2019-02-21 17:59:06 - [TEST_STEP][PASSED] - f2.close(): null

2019-02-21 17:59:06 - [TEST_STEP][PASSED] - out.println("


" + Password + "


"): null

2019-02-21 17:59:06 - [MESSAGE][PASSED] - Call Test Case 'Test Cases/All TC/Arranged/1. Common/1.2 Setter/Setter Password' successfully

2019-02-21 17:59:06 - [MESSAGE][PASSED] - Call Test Case 'Test Cases/All TC/Arranged/3. Unit/EI/Form 7_default/OTC_Submit Form 7_Section F-G-H - Cheque' successfully

2019-02-21 17:59:06 - [MESSAGE][PASSED] - Call Test Case 'Test Cases/All TC/Arranged/2. Segment/OTC_Submit Form 7_End to End - Cheque' successfully

2019-02-21 17:59:06 - [TEST_STEP][PASSED] - callTestCase(findTestCase("All TC/Arranged/2. Segment/2.2 Check Status/Check Status - Case ID"), [:], STOP_ON_FAILURE): Call Test Case 'Test Cases/All TC/Arranged/2. Segment/2.2 Check Status/Check Status - Case ID' successfully

2019-02-21 17:59:06 - [TEST_CASE][PASSED] - Test Cases/All TC/Arranged/2. Segment/2.2 Check Status/Check Status - Case ID: Test Cases/All TC/Arranged/2. Segment/2.2 Check Status/Check Status - Case ID

2019-02-21 17:59:06 - [TEST_STEP][PASSED] - openBrowser(""): Browser is opened with url: ''

2019-02-21 17:59:06 - [MESSAGE][WARNING] - A browser is already opened. Closing browser and opening a new one

2019-02-21 17:59:07 - [MESSAGE][INFO] - Starting 'Chrome' driver

2019-02-21 17:59:07 - [MESSAGE][INFO] - User set preference: ['args', '[--start-maximized]']

2019-02-21 17:59:09 - [MESSAGE][PASSED] - Browser is opened with url: ''

2019-02-21 17:59:09 - [TEST_STEP][PASSED] - navigateToUrl(Internal_Login): Navigate to 'http://10.20.24.188/eisportal/user/login' successfully

2019-02-21 17:59:10 - [MESSAGE][PASSED] - Navigate to 'http://10.20.24.188/eisportal/user/login' successfully

2019-02-21 17:59:10 - [TEST_STEP][PASSED] - setText(findTestObject("KinJun/2.0 Check Status/Check Status - Case ID/Page_PERKESO/Input Username"), "nadia.harun@perkeso.gov.my"): Text 'nadia.harun@perkeso.gov.my' is set on object 'Object Repository/KinJun/2.0 Check Status/Check Status - Case ID/Page_PERKESO/Input Username'

2019-02-21 17:59:10 - [MESSAGE][PASSED] - Text 'nadia.harun@perkeso.gov.my' is set on object 'Object Repository/KinJun/2.0 Check Status/Check Status - Case ID/Page_PERKESO/Input Username'

2019-02-21 17:59:10 - [TEST_STEP][PASSED] - setEncryptedText(findTestObject("KinJun/2.0 Check Status/Check Status - Case ID/Page_PERKESO/Input Password"), "CQqwFZlbeC8="): Text ****** has been set on object 'Object Repository/KinJun/2.0 Check Status/Check Status - Case ID/Page_PERKESO/Input Password'

2019-02-21 17:59:10 - [MESSAGE][PASSED] - Text ****** has been set on object 'Object Repository/KinJun/2.0 Check Status/Check Status - Case ID/Page_PERKESO/Input Password'

2019-02-21 17:59:10 - [TEST_STEP][PASSED] - click(findTestObject("KinJun/2.0 Check Status/Check Status - Case ID/Page_PERKESO/Btn Login")): Object: 'Object Repository/KinJun/2.0 Check Status/Check Status - Case ID/Page_PERKESO/Btn Login' is clicked on

2019-02-21 17:59:11 - [MESSAGE][PASSED] - Object: 'Object Repository/KinJun/2.0 Check Status/Check Status - Case ID/Page_PERKESO/Btn Login' is clicked on

2019-02-21 17:59:11 - [TEST_STEP][PASSED] - delay(3): Delayed 3 second(s)

2019-02-21 17:59:14 - [MESSAGE][PASSED] - Delayed 3 second(s)

2019-02-21 17:59:14 - [TEST_STEP][PASSED] - callTestCase(findTestCase("All TC/Arranged/1. Common/1.1 Getter/Getter IC"), [:], STOP_ON_FAILURE): Call Test Case 'Test Cases/All TC/Arranged/1. Common/1.1 Getter/Getter IC' successfully

2019-02-21 17:59:15 - [TEST_CASE][PASSED] - Test Cases/All TC/Arranged/1. Common/1.1 Getter/Getter IC: Test Cases/All TC/Arranged/1. Common/1.1 Getter/Getter IC

2019-02-21 17:59:15 - [TEST_STEP][PASSED] - try: null

2019-02-21 17:59:15 - [TEST_STEP][PASSED] - RefNo = new java.io.File((internal.GlobalVariable.TextFilePathCommon + \getIC.txt)): null

2019-02-21 17:59:15 - [TEST_STEP][PASSED] - bufferread = new java.io.BufferedReader(new java.io.FileReader(RefNo)): null

2019-02-21 17:59:15 - [TEST_STEP][PASSED] - readedVal = bufferread.readLine(): null

2019-02-21 17:59:15 - [TEST_STEP][PASSED] - out.println(IC): null

2019-02-21 17:59:15 - [TEST_STEP][PASSED] - out.println(readedVal): null

2019-02-21 17:59:15 - [TEST_STEP][PASSED] - IC = "": null

2019-02-21 17:59:15 - [TEST_STEP][PASSED] - IC = readedVal: null

2019-02-21 17:59:15 - [MESSAGE][PASSED] - Call Test Case 'Test Cases/All TC/Arranged/1. Common/1.1 Getter/Getter IC' successfully

2019-02-21 17:59:15 - [TEST_STEP][PASSED] - setText(findTestObject("KinJun/2.0 Check Status/Check Status - Case ID/Page_PERKESO/Input IC"), IC): Text '871229105120' is set on object 'Object Repository/KinJun/2.0 Check Status/Check Status - Case ID/Page_PERKESO/Input IC'

2019-02-21 17:59:15 - [MESSAGE][PASSED] - Text '871229105120' is set on object 'Object Repository/KinJun/2.0 Check Status/Check Status - Case ID/Page_PERKESO/Input IC'

2019-02-21 17:59:15 - [TEST_STEP][PASSED] - delay(3): Delayed 3 second(s)

2019-02-21 17:59:18 - [MESSAGE][PASSED] - Delayed 3 second(s)

2019-02-21 17:59:18 - [TEST_STEP][PASSED] - click(findTestObject("KinJun/2.0 Check Status/Check Status - Case ID/Page_PERKESO/Btn Check")): Object: 'Object Repository/KinJun/2.0 Check Status/Check Status - Case ID/Page_PERKESO/Btn Check' is clicked on

2019-02-21 17:59:18 - [MESSAGE][PASSED] - Object: 'Object Repository/KinJun/2.0 Check Status/Check Status - Case ID/Page_PERKESO/Btn Check' is clicked on

2019-02-21 17:59:18 - [TEST_STEP][PASSED] - UserName = getText(findTestObject("KinJun/2.0 Check Status/Check Status - Case ID/Page_PERKESO/TD Username")): Text of object 'Object Repository/KinJun/2.0 Check Status/Check Status - Case ID/Page_PERKESO/TD Username' is: 'JHEIO3'

2019-02-21 17:59:18 - [MESSAGE][PASSED] - Text of object 'Object Repository/KinJun/2.0 Check Status/Check Status - Case ID/Page_PERKESO/TD Username' is: 'JHEIO3'

2019-02-21 17:59:18 - [TEST_STEP][PASSED] - callTestCase(findTestCase("All TC/Arranged/1. Common/1.2 Setter/Setter UserName"), [:], STOP_ON_FAILURE): Call Test Case 'Test Cases/All TC/Arranged/1. Common/1.2 Setter/Setter UserName' successfully

2019-02-21 17:59:18 - [TEST_CASE][PASSED] - Test Cases/All TC/Arranged/1. Common/1.2 Setter/Setter UserName: Test Cases/All TC/Arranged/1. Common/1.2 Setter/Setter UserName

2019-02-21 17:59:18 - [TEST_STEP][PASSED] - RefNoOldFile = new java.io.File((internal.GlobalVariable.TextFilePathCommon + \getUser.txt)): null

2019-02-21 17:59:18 - [TEST_STEP][PASSED] - RefNoOldFile.delete(): null

2019-02-21 17:59:18 - [TEST_STEP][PASSED] - delay(5): Delayed 5 second(s)

2019-02-21 17:59:23 - [MESSAGE][PASSED] - Delayed 5 second(s)

2019-02-21 17:59:23 - [TEST_STEP][PASSED] - RefNo = new java.io.File((internal.GlobalVariable.TextFilePathCommon + \getUser.txt)): null

2019-02-21 17:59:23 - [TEST_STEP][PASSED] - f2 = new java.io.FileWriter(RefNo, false): null

2019-02-21 17:59:23 - [TEST_STEP][PASSED] - f2.write(UserName): null

2019-02-21 17:59:23 - [TEST_STEP][PASSED] - f2.close(): null

2019-02-21 17:59:23 - [TEST_STEP][PASSED] - out.println("


" + UserName + "


"): null

2019-02-21 17:59:23 - [MESSAGE][PASSED] - Call Test Case 'Test Cases/All TC/Arranged/1. Common/1.2 Setter/Setter UserName' successfully

2019-02-21 17:59:23 - [TEST_STEP][PASSED] - click(findTestObject("KinJun/2.0 Check Status/Check Status - Case ID/Page_PERKESO/Click Username")): Object: 'Object Repository/KinJun/2.0 Check Status/Check Status - Case ID/Page_PERKESO/Click Username' is clicked on

2019-02-21 17:59:23 - [MESSAGE][PASSED] - Object: 'Object Repository/KinJun/2.0 Check Status/Check Status - Case ID/Page_PERKESO/Click Username' is clicked on

2019-02-21 17:59:23 - [TEST_STEP][PASSED] - delay(3): Delayed 3 second(s)

2019-02-21 17:59:26 - [MESSAGE][PASSED] - Delayed 3 second(s)

2019-02-21 17:59:26 - [TEST_STEP][PASSED] - click(findTestObject("KinJun/2.0 Check Status/Check Status - Case ID/Page_PERKESO/Log Out")): Object: 'Object Repository/KinJun/2.0 Check Status/Check Status - Case ID/Page_PERKESO/Log Out' is clicked on

2019-02-21 17:59:27 - [MESSAGE][PASSED] - Object: 'Object Repository/KinJun/2.0 Check Status/Check Status - Case ID/Page_PERKESO/Log Out' is clicked on

2019-02-21 17:59:27 - [MESSAGE][PASSED] - Call Test Case 'Test Cases/All TC/Arranged/2. Segment/2.2 Check Status/Check Status - Case ID' successfully

2019-02-21 17:59:27 - [TEST_STEP][PASSED] - callTestCase(findTestCase("All TC/Arranged/1. Common/IC List Remover"), [:], STOP_ON_FAILURE): Call Test Case 'Test Cases/All TC/Arranged/1. Common/IC List Remover' successfully

2019-02-21 17:59:27 - [TEST_CASE][PASSED] - Test Cases/All TC/Arranged/1. Common/IC List Remover: Test Cases/All TC/Arranged/1. Common/IC List Remover

2019-02-21 17:59:27 - [TEST_STEP][PASSED] - counter = 0: null

2019-02-21 17:59:27 - [TEST_STEP][PASSED] - fis = new java.io.FileInputStream((internal.GlobalVariable.TextFilePathCommon + /IC.xlsx)): null

2019-02-21 17:59:27 - [TEST_STEP][PASSED] - workbook = new org.apache.poi.xssf.usermodel.XSSFWorkbook(fis): null

2019-02-21 17:59:27 - [TEST_STEP][PASSED] - sheet = workbook.getSheet("Sheet1"): null

2019-02-21 17:59:27 - [TEST_STEP][PASSED] - totalRow = sheet.getLastRowNum(): null

2019-02-21 17:59:27 - [TEST_STEP][PASSED] - out.println(totalRow): null

2019-02-21 17:59:27 - [TEST_STEP][PASSED] - row = sheet.getRow(counter): null

2019-02-21 17:59:27 - [TEST_STEP][PASSED] - cell = row.getCell(counter): null

2019-02-21 17:59:27 - [TEST_STEP][PASSED] - out.println("removing this value : " + cell.getStringCellValue()): null

2019-02-21 17:59:27 - [TEST_STEP][PASSED] - sheet.removeRow(sheet.getRow(counter)): null

2019-02-21 17:59:27 - [TEST_STEP][PASSED] - sheet.shiftRows(counter + 1, totalRow, -1): null

2019-02-21 17:59:27 - [TEST_STEP][PASSED] - fos = new java.io.FileOutputStream((internal.GlobalVariable.TextFilePathCommon + /IC.xlsx)): null

2019-02-21 17:59:27 - [TEST_STEP][PASSED] - workbook.write(fos): null

2019-02-21 17:59:28 - [TEST_STEP][PASSED] - fos.close(): null

2019-02-21 17:59:28 - [MESSAGE][PASSED] - Call Test Case 'Test Cases/All TC/Arranged/1. Common/IC List Remover' successfully

2019-02-21 17:59:28 - [TEST_STEP][FAILED] - callTestCase(findTestCase("All TC/Arranged/2. Segment/2.5 Query/6.5 Same Branch - EI Clerk"), [:], STOP_ON_FAILURE): callTestCase(findTestCase("All TC/Arranged/2. Segment/2.5 Query/6.5 Same Branch - EI Clerk"), [:], STOP_ON_FAILURE) FAILED.
Reason:
com.kms.katalon.core.exception.StepFailedException: Unable to click on object 'Object Repository/KinJun/6.0 Query/6.5 Same branch - EI Clerk/Page_PERKESO/Click username' (Root cause: com.kms.katalon.core.webui.exception.WebElementNotFoundException: Web element with id: 'Object Repository/KinJun/6.0 Query/6.5 Same branch - EI Clerk/Page_PERKESO/Click username' located by 'By.xpath: id("bg2")/header[1]/div[@class="container-fluid"]/div[@class="row"]/div[@class="col-md-2"]/ul[@class="nav navbar-nav navbar-right"]/li[@class="dropdown"]/a[@class="dropdown-toggle"][count(. | //a[@href = '#']) = count(//a[@href = '#'])]' not found)
	at com.kms.katalon.core.keyword.internal.KeywordMain.stepFailed(KeywordMain.groovy:36)
	at com.kms.katalon.core.webui.keyword.internal.WebUIKeywordMain.stepFailed(WebUIKeywordMain.groovy:65)
	at com.kms.katalon.core.webui.keyword.internal.WebUIKeywordMain.runKeyword(WebUIKeywordMain.groovy:27)
	at com.kms.katalon.core.webui.keyword.builtin.ClickKeyword.click(ClickKeyword.groovy:86)
	at com.kms.katalon.core.webui.keyword.builtin.ClickKeyword.execute(ClickKeyword.groovy:67)
	at com.kms.katalon.core.keyword.internal.KeywordExecutor.executeKeywordForPlatform(KeywordExecutor.groovy:53)
	at com.kms.katalon.core.webui.keyword.WebUiBuiltInKeywords.click(WebUiBuiltInKeywords.groovy:616)
	at com.kms.katalon.core.webui.keyword.WebUiBuiltInKeywords$click$3.call(Unknown Source)
	at 6.5 Same Branch - EI Clerk.run(6.5 Same Branch - EI Clerk:81)
	at com.kms.katalon.core.main.ScriptEngine.run(ScriptEngine.java:194)
	at com.kms.katalon.core.main.ScriptEngine.runScriptAsRawText(ScriptEngine.java:119)
	at com.kms.katalon.core.main.TestCaseExecutor.runScript(TestCaseExecutor.java:328)
	at com.kms.katalon.core.main.TestCaseExecutor.doExecute(TestCaseExecutor.java:319)
	at com.kms.katalon.core.main.TestCaseExecutor.processExecutionPhase(TestCaseExecutor.java:298)
	at com.kms.katalon.core.main.TestCaseExecutor.accessMainPhase(TestCaseExecutor.java:290)
	at com.kms.katalon.core.main.TestCaseExecutor.execute(TestCaseExecutor.java:224)
	at com.kms.katalon.core.main.TestCaseMain.runTestCase(TestCaseMain.java:106)
	at com.kms.katalon.core.keyword.builtin.CallTestCaseKeyword$_callTestCase_closure1.doCall(CallTestCaseKeyword.groovy:59)
	at com.kms.katalon.core.keyword.builtin.CallTestCaseKeyword$_callTestCase_closure1.call(CallTestCaseKeyword.groovy)
	at com.kms.katalon.core.keyword.internal.KeywordMain.runKeyword(KeywordMain.groovy:54)
	at com.kms.katalon.core.keyword.builtin.CallTestCaseKeyword.callTestCase(CallTestCaseKeyword.groovy:80)
	at com.kms.katalon.core.keyword.builtin.CallTestCaseKeyword.execute(CallTestCaseKeyword.groovy:44)
	at com.kms.katalon.core.keyword.internal.KeywordExecutor.executeKeywordForPlatform(KeywordExecutor.groovy:53)
	at com.kms.katalon.core.keyword.BuiltinKeywords.callTestCase(BuiltinKeywords.groovy:334)
	at Same branch - EI Clerk.run(Same branch - EI Clerk:22)
	at com.kms.katalon.core.main.ScriptEngine.run(ScriptEngine.java:194)
	at com.kms.katalon.core.main.ScriptEngine.runScriptAsRawText(ScriptEngine.java:119)
	at com.kms.katalon.core.main.TestCaseExecutor.runScript(TestCaseExecutor.java:328)
	at com.kms.katalon.core.main.TestCaseExecutor.doExecute(TestCaseExecutor.java:319)
	at com.kms.katalon.core.main.TestCaseExecutor.processExecutionPhase(TestCaseExecutor.java:298)
	at com.kms.katalon.core.main.TestCaseExecutor.accessMainPhase(TestCaseExecutor.java:290)
	at com.kms.katalon.core.main.TestCaseExecutor.execute(TestCaseExecutor.java:224)
	at com.kms.katalon.core.main.TestSuiteExecutor.accessTestCaseMainPhase(TestSuiteExecutor.java:129)
	at com.kms.katalon.core.main.TestSuiteExecutor.accessTestSuiteMainPhase(TestSuiteExecutor.java:112)
	at com.kms.katalon.core.main.TestSuiteExecutor.execute(TestSuiteExecutor.java:81)
	at com.kms.katalon.core.main.TestCaseMain.startTestSuite(TestCaseMain.java:149)
	at com.kms.katalon.core.main.TestCaseMain$startTestSuite$0.call(Unknown Source)
	at TempTestSuite1550738418733.run(TempTestSuite1550738418733.groovy:36)


2019-02-21 17:59:28 - [TEST_CASE][FAILED] - Test Cases/All TC/Arranged/2. Segment/2.5 Query/6.5 Same Branch - EI Clerk: Test Cases/All TC/Arranged/2. Segment/2.5 Query/6.5 Same Branch - EI Clerk FAILED.
Reason:
com.kms.katalon.core.exception.StepFailedException: Unable to click on object 'Object Repository/KinJun/6.0 Query/6.5 Same branch - EI Clerk/Page_PERKESO/Click username' (Root cause: com.kms.katalon.core.webui.exception.WebElementNotFoundException: Web element with id: 'Object Repository/KinJun/6.0 Query/6.5 Same branch - EI Clerk/Page_PERKESO/Click username' located by 'By.xpath: id("bg2")/header[1]/div[@class="container-fluid"]/div[@class="row"]/div[@class="col-md-2"]/ul[@class="nav navbar-nav navbar-right"]/li[@class="dropdown"]/a[@class="dropdown-toggle"][count(. | //a[@href = '#']) = count(//a[@href = '#'])]' not found)
	at com.kms.katalon.core.keyword.internal.KeywordMain.stepFailed(KeywordMain.groovy:36)
	at com.kms.katalon.core.webui.keyword.internal.WebUIKeywordMain.stepFailed(WebUIKeywordMain.groovy:65)
	at com.kms.katalon.core.webui.keyword.internal.WebUIKeywordMain.runKeyword(WebUIKeywordMain.groovy:27)
	at com.kms.katalon.core.webui.keyword.builtin.ClickKeyword.click(ClickKeyword.groovy:86)
	at com.kms.katalon.core.webui.keyword.builtin.ClickKeyword.execute(ClickKeyword.groovy:67)
	at com.kms.katalon.core.keyword.internal.KeywordExecutor.executeKeywordForPlatform(KeywordExecutor.groovy:53)
	at com.kms.katalon.core.webui.keyword.WebUiBuiltInKeywords.click(WebUiBuiltInKeywords.groovy:616)
	at com.kms.katalon.core.webui.keyword.WebUiBuiltInKeywords$click$3.call(Unknown Source)
	at 6.5 Same Branch - EI Clerk.run(6.5 Same Branch - EI Clerk:81)
	at com.kms.katalon.core.main.ScriptEngine.run(ScriptEngine.java:194)
	at com.kms.katalon.core.main.ScriptEngine.runScriptAsRawText(ScriptEngine.java:119)
	at com.kms.katalon.core.main.TestCaseExecutor.runScript(TestCaseExecutor.java:328)
	at com.kms.katalon.core.main.TestCaseExecutor.doExecute(TestCaseExecutor.java:319)
	at com.kms.katalon.core.main.TestCaseExecutor.processExecutionPhase(TestCaseExecutor.java:298)
	at com.kms.katalon.core.main.TestCaseExecutor.accessMainPhase(TestCaseExecutor.java:290)
	at com.kms.katalon.core.main.TestCaseExecutor.execute(TestCaseExecutor.java:224)
	at com.kms.katalon.core.main.TestCaseMain.runTestCase(TestCaseMain.java:106)
	at com.kms.katalon.core.keyword.builtin.CallTestCaseKeyword$_callTestCase_closure1.doCall(CallTestCaseKeyword.groovy:59)
	at com.kms.katalon.core.keyword.builtin.CallTestCaseKeyword$_callTestCase_closure1.call(CallTestCaseKeyword.groovy)
	at com.kms.katalon.core.keyword.internal.KeywordMain.runKeyword(KeywordMain.groovy:54)
	at com.kms.katalon.core.keyword.builtin.CallTestCaseKeyword.callTestCase(CallTestCaseKeyword.groovy:80)
	at com.kms.katalon.core.keyword.builtin.CallTestCaseKeyword.execute(CallTestCaseKeyword.groovy:44)
	at com.kms.katalon.core.keyword.internal.KeywordExecutor.executeKeywordForPlatform(KeywordExecutor.groovy:53)
	at com.kms.katalon.core.keyword.BuiltinKeywords.callTestCase(BuiltinKeywords.groovy:334)
	at Same branch - EI Clerk.run(Same branch - EI Clerk:22)
	at com.kms.katalon.core.main.ScriptEngine.run(ScriptEngine.java:194)
	at com.kms.katalon.core.main.ScriptEngine.runScriptAsRawText(ScriptEngine.java:119)
	at com.kms.katalon.core.main.TestCaseExecutor.runScript(TestCaseExecutor.java:328)
	at com.kms.katalon.core.main.TestCaseExecutor.doExecute(TestCaseExecutor.java:319)
	at com.kms.katalon.core.main.TestCaseExecutor.processExecutionPhase(TestCaseExecutor.java:298)
	at com.kms.katalon.core.main.TestCaseExecutor.accessMainPhase(TestCaseExecutor.java:290)
	at com.kms.katalon.core.main.TestCaseExecutor.execute(TestCaseExecutor.java:224)
	at com.kms.katalon.core.main.TestSuiteExecutor.accessTestCaseMainPhase(TestSuiteExecutor.java:129)
	at com.kms.katalon.core.main.TestSuiteExecutor.accessTestSuiteMainPhase(TestSuiteExecutor.java:112)
	at com.kms.katalon.core.main.TestSuiteExecutor.execute(TestSuiteExecutor.java:81)
	at com.kms.katalon.core.main.TestCaseMain.startTestSuite(TestCaseMain.java:149)
	at com.kms.katalon.core.main.TestCaseMain$startTestSuite$0.call(Unknown Source)
	at TempTestSuite1550738418733.run(TempTestSuite1550738418733.groovy:36)


2019-02-21 17:59:28 - [TEST_STEP][PASSED] - openBrowser(""): Browser is opened with url: ''

2019-02-21 17:59:28 - [MESSAGE][WARNING] - A browser is already opened. Closing browser and opening a new one

2019-02-21 17:59:29 - [MESSAGE][INFO] - Starting 'Chrome' driver

2019-02-21 17:59:29 - [MESSAGE][INFO] - User set preference: ['args', '[--start-maximized]']

2019-02-21 17:59:31 - [MESSAGE][PASSED] - Browser is opened with url: ''

2019-02-21 17:59:31 - [TEST_STEP][PASSED] - navigateToUrl(Internal_Login): Navigate to 'http://10.20.24.188/eisportal/user/login' successfully

2019-02-21 17:59:32 - [MESSAGE][PASSED] - Navigate to 'http://10.20.24.188/eisportal/user/login' successfully

2019-02-21 17:59:32 - [TEST_STEP][PASSED] - callTestCase(findTestCase("All TC/Arranged/1. Common/Internal Email Finder"), [:], STOP_ON_FAILURE): Call Test Case 'Test Cases/All TC/Arranged/1. Common/Internal Email Finder' successfully

2019-02-21 17:59:32 - [TEST_CASE][PASSED] - Test Cases/All TC/Arranged/1. Common/Internal Email Finder: Test Cases/All TC/Arranged/1. Common/Internal Email Finder

2019-02-21 17:59:32 - [TEST_STEP][PASSED] - callTestCase(findTestCase("All TC/Arranged/1. Common/1.1 Getter/Getter UserName"), [:], CONTINUE_ON_FAILURE): Call Test Case 'Test Cases/All TC/Arranged/1. Common/1.1 Getter/Getter UserName' successfully

2019-02-21 17:59:32 - [TEST_CASE][PASSED] - Test Cases/All TC/Arranged/1. Common/1.1 Getter/Getter UserName: Test Cases/All TC/Arranged/1. Common/1.1 Getter/Getter UserName

2019-02-21 17:59:32 - [TEST_STEP][PASSED] - try: null

2019-02-21 17:59:32 - [TEST_STEP][PASSED] - RefNo = new java.io.File((internal.GlobalVariable.TextFilePathCommon + \getUser.txt)): null

2019-02-21 17:59:32 - [TEST_STEP][PASSED] - bufferread = new java.io.BufferedReader(new java.io.FileReader(RefNo)): null

2019-02-21 17:59:32 - [TEST_STEP][PASSED] - readedVal = bufferread.readLine(): null

2019-02-21 17:59:32 - [TEST_STEP][PASSED] - out.println(UserName): null

2019-02-21 17:59:32 - [TEST_STEP][PASSED] - out.println(readedVal): null

2019-02-21 17:59:32 - [TEST_STEP][PASSED] - UserName = "": null

2019-02-21 17:59:32 - [TEST_STEP][PASSED] - UserName = readedVal: null

2019-02-21 17:59:32 - [MESSAGE][PASSED] - Call Test Case 'Test Cases/All TC/Arranged/1. Common/1.1 Getter/Getter UserName' successfully

2019-02-21 17:59:32 - [TEST_STEP][PASSED] - StrA = UserName: null

2019-02-21 17:59:32 - [TEST_STEP][PASSED] - StrB = <not implemented yet for class: org.codehaus.groovy.ast.expr.EmptyExpression>: null

2019-02-21 17:59:32 - [TEST_STEP][PASSED] - Counter = 1: null

2019-02-21 17:59:32 - [TEST_STEP][PASSED] - while (!(StrB.equals(StrA)) && !(Counter > findTestData("Internal User List").getRowNumbers())): null

2019-02-21 17:59:32 - [TEST_STEP][PASSED] - StrB = findTestData("Internal User List").getValue(2, Counter): null

2019-02-21 17:59:32 - [TEST_STEP][PASSED] - if (StrB.equals(StrA)): null

2019-02-21 17:59:32 - [TEST_STEP][PASSED] - (Counter++): null

2019-02-21 17:59:32 - [TEST_STEP][PASSED] - StrB = findTestData("Internal User List").getValue(2, Counter): null

2019-02-21 17:59:32 - [TEST_STEP][PASSED] - if (StrB.equals(StrA)): null

2019-02-21 17:59:32 - [TEST_STEP][PASSED] - (Counter++): null

2019-02-21 17:59:32 - [TEST_STEP][PASSED] - StrB = findTestData("Internal User List").getValue(2, Counter): null

2019-02-21 17:59:32 - [TEST_STEP][PASSED] - if (StrB.equals(StrA)): null

2019-02-21 17:59:32 - [TEST_STEP][PASSED] - (Counter++): null

2019-02-21 17:59:32 - [TEST_STEP][PASSED] - StrB = findTestData("Internal User List").getValue(2, Counter): null

2019-02-21 17:59:32 - [TEST_STEP][PASSED] - if (StrB.equals(StrA)): null

2019-02-21 17:59:32 - [TEST_STEP][PASSED] - (Counter++): null

2019-02-21 17:59:32 - [TEST_STEP][PASSED] - StrB = findTestData("Internal User List").getValue(2, Counter): null

2019-02-21 17:59:32 - [TEST_STEP][PASSED] - if (StrB.equals(StrA)): null

2019-02-21 17:59:32 - [TEST_STEP][PASSED] - (Counter++): null

2019-02-21 17:59:32 - [TEST_STEP][PASSED] - StrB = findTestData("Internal User List").getValue(2, Counter): null

2019-02-21 17:59:32 - [TEST_STEP][PASSED] - if (StrB.equals(StrA)): null

2019-02-21 17:59:32 - [TEST_STEP][PASSED] - (Counter++): null

2019-02-21 17:59:32 - [TEST_STEP][PASSED] - StrB = findTestData("Internal User List").getValue(2, Counter): null

2019-02-21 17:59:32 - [TEST_STEP][PASSED] - if (StrB.equals(StrA)): null

2019-02-21 17:59:32 - [TEST_STEP][PASSED] - (Counter++): null

2019-02-21 17:59:32 - [TEST_STEP][PASSED] - StrB = findTestData("Internal User List").getValue(2, Counter): null

2019-02-21 17:59:32 - [TEST_STEP][PASSED] - if (StrB.equals(StrA)): null

2019-02-21 17:59:32 - [TEST_STEP][PASSED] - (Counter++): null

2019-02-21 17:59:32 - [TEST_STEP][PASSED] - StrB = findTestData("Internal User List").getValue(2, Counter): null

2019-02-21 17:59:32 - [TEST_STEP][PASSED] - if (StrB.equals(StrA)): null

2019-02-21 17:59:32 - [TEST_STEP][PASSED] - (Counter++): null

2019-02-21 17:59:33 - [TEST_STEP][PASSED] - StrB = findTestData("Internal User List").getValue(2, Counter): null

2019-02-21 17:59:33 - [TEST_STEP][PASSED] - if (StrB.equals(StrA)): null

2019-02-21 17:59:33 - [TEST_STEP][PASSED] - (Counter++): null

2019-02-21 17:59:33 - [TEST_STEP][PASSED] - StrB = findTestData("Internal User List").getValue(2, Counter): null

2019-02-21 17:59:33 - [TEST_STEP][PASSED] - if (StrB.equals(StrA)): null

2019-02-21 17:59:33 - [TEST_STEP][PASSED] - (Counter++): null

2019-02-21 17:59:33 - [TEST_STEP][PASSED] - StrB = findTestData("Internal User List").getValue(2, Counter): null

2019-02-21 17:59:33 - [TEST_STEP][PASSED] - if (StrB.equals(StrA)): null

2019-02-21 17:59:33 - [TEST_STEP][PASSED] - (Counter++): null

2019-02-21 17:59:33 - [TEST_STEP][PASSED] - StrB = findTestData("Internal User List").getValue(2, Counter): null

2019-02-21 17:59:33 - [TEST_STEP][PASSED] - if (StrB.equals(StrA)): null

2019-02-21 17:59:34 - [TEST_STEP][PASSED] - (Counter++): null

2019-02-21 17:59:34 - [TEST_STEP][PASSED] - StrB = findTestData("Internal User List").getValue(2, Counter): null

2019-02-21 17:59:34 - [TEST_STEP][PASSED] - if (StrB.equals(StrA)): null

2019-02-21 17:59:34 - [TEST_STEP][PASSED] - (Counter++): null

2019-02-21 17:59:34 - [TEST_STEP][PASSED] - StrB = findTestData("Internal User List").getValue(2, Counter): null

2019-02-21 17:59:34 - [TEST_STEP][PASSED] - if (StrB.equals(StrA)): null

2019-02-21 17:59:34 - [TEST_STEP][PASSED] - (Counter++): null

2019-02-21 17:59:34 - [TEST_STEP][PASSED] - StrB = findTestData("Internal User List").getValue(2, Counter): null

2019-02-21 17:59:34 - [TEST_STEP][PASSED] - if (StrB.equals(StrA)): null

2019-02-21 17:59:34 - [TEST_STEP][PASSED] - (Counter++): null

2019-02-21 17:59:34 - [TEST_STEP][PASSED] - StrB = findTestData("Internal User List").getValue(2, Counter): null

2019-02-21 17:59:34 - [TEST_STEP][PASSED] - if (StrB.equals(StrA)): null

2019-02-21 17:59:34 - [TEST_STEP][PASSED] - (Counter++): null

2019-02-21 17:59:34 - [TEST_STEP][PASSED] - StrB = findTestData("Internal User List").getValue(2, Counter): null

2019-02-21 17:59:34 - [TEST_STEP][PASSED] - if (StrB.equals(StrA)): null

2019-02-21 17:59:34 - [TEST_STEP][PASSED] - (Counter++): null

2019-02-21 17:59:34 - [TEST_STEP][PASSED] - StrB = findTestData("Internal User List").getValue(2, Counter): null

2019-02-21 17:59:34 - [TEST_STEP][PASSED] - if (StrB.equals(StrA)): null

2019-02-21 17:59:34 - [TEST_STEP][PASSED] - (Counter++): null

2019-02-21 17:59:34 - [TEST_STEP][PASSED] - StrB = findTestData("Internal User List").getValue(2, Counter): null

2019-02-21 17:59:34 - [TEST_STEP][PASSED] - if (StrB.equals(StrA)): null

2019-02-21 17:59:34 - [TEST_STEP][PASSED] - (Counter++): null

2019-02-21 17:59:35 - [TEST_STEP][PASSED] - StrB = findTestData("Internal User List").getValue(2, Counter): null

2019-02-21 17:59:35 - [TEST_STEP][PASSED] - if (StrB.equals(StrA)): null

2019-02-21 17:59:35 - [TEST_STEP][PASSED] - (Counter++): null

2019-02-21 17:59:35 - [TEST_STEP][PASSED] - StrB = findTestData("Internal User List").getValue(2, Counter): null

2019-02-21 17:59:35 - [TEST_STEP][PASSED] - if (StrB.equals(StrA)): null

2019-02-21 17:59:35 - [TEST_STEP][PASSED] - (Counter++): null

2019-02-21 17:59:35 - [TEST_STEP][PASSED] - StrB = findTestData("Internal User List").getValue(2, Counter): null

2019-02-21 17:59:35 - [TEST_STEP][PASSED] - if (StrB.equals(StrA)): null

2019-02-21 17:59:35 - [TEST_STEP][PASSED] - (Counter++): null

2019-02-21 17:59:35 - [TEST_STEP][PASSED] - StrB = findTestData("Internal User List").getValue(2, Counter): null

2019-02-21 17:59:35 - [TEST_STEP][PASSED] - if (StrB.equals(StrA)): null

2019-02-21 17:59:35 - [TEST_STEP][PASSED] - (Counter++): null

2019-02-21 17:59:35 - [TEST_STEP][PASSED] - StrB = findTestData("Internal User List").getValue(2, Counter): null

2019-02-21 17:59:35 - [TEST_STEP][PASSED] - if (StrB.equals(StrA)): null

2019-02-21 17:59:35 - [TEST_STEP][PASSED] - (Counter++): null

2019-02-21 17:59:35 - [TEST_STEP][PASSED] - StrB = findTestData("Internal User List").getValue(2, Counter): null

2019-02-21 17:59:35 - [TEST_STEP][PASSED] - if (StrB.equals(StrA)): null

2019-02-21 17:59:35 - [TEST_STEP][PASSED] - (Counter++): null

2019-02-21 17:59:35 - [TEST_STEP][PASSED] - StrB = findTestData("Internal User List").getValue(2, Counter): null

2019-02-21 17:59:35 - [TEST_STEP][PASSED] - if (StrB.equals(StrA)): null

2019-02-21 17:59:36 - [TEST_STEP][PASSED] - (Counter++): null

2019-02-21 17:59:36 - [TEST_STEP][PASSED] - StrB = findTestData("Internal User List").getValue(2, Counter): null

2019-02-21 17:59:36 - [TEST_STEP][PASSED] - if (StrB.equals(StrA)): null

2019-02-21 17:59:36 - [TEST_STEP][PASSED] - (Counter++): null

2019-02-21 17:59:36 - [TEST_STEP][PASSED] - StrB = findTestData("Internal User List").getValue(2, Counter): null

2019-02-21 17:59:36 - [TEST_STEP][PASSED] - if (StrB.equals(StrA)): null

2019-02-21 17:59:36 - [TEST_STEP][PASSED] - (Counter++): null

2019-02-21 17:59:36 - [TEST_STEP][PASSED] - StrB = findTestData("Internal User List").getValue(2, Counter): null

2019-02-21 17:59:36 - [TEST_STEP][PASSED] - if (StrB.equals(StrA)): null

2019-02-21 17:59:36 - [TEST_STEP][PASSED] - (Counter++): null

2019-02-21 17:59:36 - [TEST_STEP][PASSED] - StrB = findTestData("Internal User List").getValue(2, Counter): null

2019-02-21 17:59:36 - [TEST_STEP][PASSED] - if (StrB.equals(StrA)): null

2019-02-21 17:59:36 - [TEST_STEP][PASSED] - (Counter++): null

2019-02-21 17:59:36 - [TEST_STEP][PASSED] - StrB = findTestData("Internal User List").getValue(2, Counter): null

2019-02-21 17:59:36 - [TEST_STEP][PASSED] - if (StrB.equals(StrA)): null

2019-02-21 17:59:36 - [TEST_STEP][PASSED] - (Counter++): null

2019-02-21 17:59:36 - [TEST_STEP][PASSED] - StrB = findTestData("Internal User List").getValue(2, Counter): null

2019-02-21 17:59:36 - [TEST_STEP][PASSED] - if (StrB.equals(StrA)): null

2019-02-21 17:59:36 - [TEST_STEP][PASSED] - (Counter++): null

2019-02-21 17:59:36 - [TEST_STEP][PASSED] - StrB = findTestData("Internal User List").getValue(2, Counter): null

2019-02-21 17:59:36 - [TEST_STEP][PASSED] - if (StrB.equals(StrA)): null

2019-02-21 17:59:37 - [TEST_STEP][PASSED] - (Counter++): null

2019-02-21 17:59:37 - [TEST_STEP][PASSED] - StrB = findTestData("Internal User List").getValue(2, Counter): null

2019-02-21 17:59:37 - [TEST_STEP][PASSED] - if (StrB.equals(StrA)): null

2019-02-21 17:59:37 - [TEST_STEP][PASSED] - (Counter++): null

2019-02-21 17:59:37 - [TEST_STEP][PASSED] - StrB = findTestData("Internal User List").getValue(2, Counter): null

2019-02-21 17:59:37 - [TEST_STEP][PASSED] - if (StrB.equals(StrA)): null

2019-02-21 17:59:37 - [TEST_STEP][PASSED] - (Counter++): null

2019-02-21 17:59:37 - [TEST_STEP][PASSED] - StrB = findTestData("Internal User List").getValue(2, Counter): null

2019-02-21 17:59:37 - [TEST_STEP][PASSED] - if (StrB.equals(StrA)): null

2019-02-21 17:59:37 - [TEST_STEP][PASSED] - (Counter++): null

2019-02-21 17:59:38 - [TEST_STEP][PASSED] - StrB = findTestData("Internal User List").getValue(2, Counter): null

2019-02-21 17:59:38 - [TEST_STEP][PASSED] - if (StrB.equals(StrA)): null

2019-02-21 17:59:38 - [TEST_STEP][PASSED] - (Counter++): null

2019-02-21 17:59:38 - [TEST_STEP][PASSED] - StrB = findTestData("Internal User List").getValue(2, Counter): null

2019-02-21 17:59:38 - [TEST_STEP][PASSED] - if (StrB.equals(StrA)): null

2019-02-21 17:59:38 - [TEST_STEP][PASSED] - (Counter++): null

2019-02-21 17:59:38 - [TEST_STEP][PASSED] - StrB = findTestData("Internal User List").getValue(2, Counter): null

2019-02-21 17:59:38 - [TEST_STEP][PASSED] - if (StrB.equals(StrA)): null

2019-02-21 17:59:38 - [TEST_STEP][PASSED] - (Counter++): null

2019-02-21 17:59:38 - [TEST_STEP][PASSED] - StrB = findTestData("Internal User List").getValue(2, Counter): null

2019-02-21 17:59:38 - [TEST_STEP][PASSED] - if (StrB.equals(StrA)): null

2019-02-21 17:59:38 - [TEST_STEP][PASSED] - (Counter++): null

2019-02-21 17:59:38 - [TEST_STEP][PASSED] - StrB = findTestData("Internal User List").getValue(2, Counter): null

2019-02-21 17:59:38 - [TEST_STEP][PASSED] - if (StrB.equals(StrA)): null

2019-02-21 17:59:38 - [TEST_STEP][PASSED] - (Counter++): null

2019-02-21 17:59:38 - [TEST_STEP][PASSED] - StrB = findTestData("Internal User List").getValue(2, Counter): null

2019-02-21 17:59:38 - [TEST_STEP][PASSED] - if (StrB.equals(StrA)): null

2019-02-21 17:59:38 - [TEST_STEP][PASSED] - (Counter++): null

2019-02-21 17:59:38 - [TEST_STEP][PASSED] - StrB = findTestData("Internal User List").getValue(2, Counter): null

2019-02-21 17:59:38 - [TEST_STEP][PASSED] - if (StrB.equals(StrA)): null

2019-02-21 17:59:39 - [TEST_STEP][PASSED] - (Counter++): null

2019-02-21 17:59:39 - [TEST_STEP][PASSED] - StrB = findTestData("Internal User List").getValue(2, Counter): null

2019-02-21 17:59:39 - [TEST_STEP][PASSED] - if (StrB.equals(StrA)): null

2019-02-21 17:59:39 - [TEST_STEP][PASSED] - (Counter++): null

2019-02-21 17:59:39 - [TEST_STEP][PASSED] - StrB = findTestData("Internal User List").getValue(2, Counter): null

2019-02-21 17:59:39 - [TEST_STEP][PASSED] - if (StrB.equals(StrA)): null

2019-02-21 17:59:39 - [TEST_STEP][PASSED] - (Counter++): null

2019-02-21 17:59:39 - [TEST_STEP][PASSED] - StrB = findTestData("Internal User List").getValue(2, Counter): null

2019-02-21 17:59:39 - [TEST_STEP][PASSED] - if (StrB.equals(StrA)): null

2019-02-21 17:59:39 - [TEST_STEP][PASSED] - (Counter++): null

2019-02-21 17:59:39 - [TEST_STEP][PASSED] - StrB = findTestData("Internal User List").getValue(2, Counter): null

2019-02-21 17:59:39 - [TEST_STEP][PASSED] - if (StrB.equals(StrA)): null

2019-02-21 17:59:39 - [TEST_STEP][PASSED] - (Counter++): null

2019-02-21 17:59:39 - [TEST_STEP][PASSED] - StrB = findTestData("Internal User List").getValue(2, Counter): null

2019-02-21 17:59:39 - [TEST_STEP][PASSED] - if (StrB.equals(StrA)): null

2019-02-21 17:59:39 - [TEST_STEP][PASSED] - (Counter++): null

2019-02-21 17:59:39 - [TEST_STEP][PASSED] - StrB = findTestData("Internal User List").getValue(2, Counter): null

2019-02-21 17:59:39 - [TEST_STEP][PASSED] - if (StrB.equals(StrA)): null

2019-02-21 17:59:39 - [TEST_STEP][PASSED] - (Counter++): null

2019-02-21 17:59:40 - [TEST_STEP][PASSED] - StrB = findTestData("Internal User List").getValue(2, Counter): null

2019-02-21 17:59:40 - [TEST_STEP][PASSED] - if (StrB.equals(StrA)): null

2019-02-21 17:59:40 - [TEST_STEP][PASSED] - (Counter++): null

2019-02-21 17:59:40 - [TEST_STEP][PASSED] - StrB = findTestData("Internal User List").getValue(2, Counter): null

2019-02-21 17:59:40 - [TEST_STEP][PASSED] - if (StrB.equals(StrA)): null

2019-02-21 17:59:40 - [TEST_STEP][PASSED] - (Counter++): null

2019-02-21 17:59:40 - [TEST_STEP][PASSED] - StrB = findTestData("Internal User List").getValue(2, Counter): null

2019-02-21 17:59:40 - [TEST_STEP][PASSED] - if (StrB.equals(StrA)): null

2019-02-21 17:59:40 - [TEST_STEP][PASSED] - (Counter++): null

2019-02-21 17:59:40 - [TEST_STEP][PASSED] - StrB = findTestData("Internal User List").getValue(2, Counter): null

2019-02-21 17:59:40 - [TEST_STEP][PASSED] - if (StrB.equals(StrA)): null

2019-02-21 17:59:40 - [TEST_STEP][PASSED] - (Counter++): null

2019-02-21 17:59:41 - [TEST_STEP][PASSED] - StrB = findTestData("Internal User List").getValue(2, Counter): null

2019-02-21 17:59:41 - [TEST_STEP][PASSED] - if (StrB.equals(StrA)): null

2019-02-21 17:59:41 - [TEST_STEP][PASSED] - (Counter++): null

2019-02-21 17:59:41 - [TEST_STEP][PASSED] - StrB = findTestData("Internal User List").getValue(2, Counter): null

2019-02-21 17:59:41 - [TEST_STEP][PASSED] - if (StrB.equals(StrA)): null

2019-02-21 17:59:41 - [TEST_STEP][PASSED] - (Counter++): null

2019-02-21 17:59:41 - [TEST_STEP][PASSED] - StrB = findTestData("Internal User List").getValue(2, Counter): null

2019-02-21 17:59:41 - [TEST_STEP][PASSED] - if (StrB.equals(StrA)): null

2019-02-21 17:59:41 - [TEST_STEP][PASSED] - (Counter++): null

2019-02-21 17:59:41 - [TEST_STEP][PASSED] - StrB = findTestData("Internal User List").getValue(2, Counter): null

2019-02-21 17:59:41 - [TEST_STEP][PASSED] - if (StrB.equals(StrA)): null

2019-02-21 17:59:41 - [TEST_STEP][PASSED] - (Counter++): null

2019-02-21 17:59:41 - [TEST_STEP][PASSED] - StrB = findTestData("Internal User List").getValue(2, Counter): null

2019-02-21 17:59:41 - [TEST_STEP][PASSED] - if (StrB.equals(StrA)): null

2019-02-21 17:59:41 - [TEST_STEP][PASSED] - (Counter++): null

2019-02-21 17:59:41 - [TEST_STEP][PASSED] - StrB = findTestData("Internal User List").getValue(2, Counter): null

2019-02-21 17:59:41 - [TEST_STEP][PASSED] - if (StrB.equals(StrA)): null

2019-02-21 17:59:41 - [TEST_STEP][PASSED] - (Counter++): null

2019-02-21 17:59:41 - [TEST_STEP][PASSED] - StrB = findTestData("Internal User List").getValue(2, Counter): null

2019-02-21 17:59:41 - [TEST_STEP][PASSED] - if (StrB.equals(StrA)): null

2019-02-21 17:59:42 - [TEST_STEP][PASSED] - (Counter++): null

2019-02-21 17:59:42 - [TEST_STEP][PASSED] - StrB = findTestData("Internal User List").getValue(2, Counter): null

2019-02-21 17:59:42 - [TEST_STEP][PASSED] - if (StrB.equals(StrA)): null

2019-02-21 17:59:42 - [TEST_STEP][PASSED] - (Counter++): null

2019-02-21 17:59:42 - [TEST_STEP][PASSED] - StrB = findTestData("Internal User List").getValue(2, Counter): null

2019-02-21 17:59:42 - [TEST_STEP][PASSED] - if (StrB.equals(StrA)): null

2019-02-21 17:59:42 - [TEST_STEP][PASSED] - (Counter++): null

2019-02-21 17:59:42 - [TEST_STEP][PASSED] - StrB = findTestData("Internal User List").getValue(2, Counter): null

2019-02-21 17:59:42 - [TEST_STEP][PASSED] - if (StrB.equals(StrA)): null

2019-02-21 17:59:42 - [TEST_STEP][PASSED] - (Counter++): null

2019-02-21 17:59:42 - [TEST_STEP][PASSED] - StrB = findTestData("Internal User List").getValue(2, Counter): null

2019-02-21 17:59:42 - [TEST_STEP][PASSED] - if (StrB.equals(StrA)): null

2019-02-21 17:59:42 - [TEST_STEP][PASSED] - (Counter++): null

2019-02-21 17:59:42 - [TEST_STEP][PASSED] - StrB = findTestData("Internal User List").getValue(2, Counter): null

2019-02-21 17:59:42 - [TEST_STEP][PASSED] - if (StrB.equals(StrA)): null

2019-02-21 17:59:42 - [TEST_STEP][PASSED] - (Counter++): null

2019-02-21 17:59:42 - [TEST_STEP][PASSED] - StrB = findTestData("Internal User List").getValue(2, Counter): null

2019-02-21 17:59:42 - [TEST_STEP][PASSED] - if (StrB.equals(StrA)): null

2019-02-21 17:59:42 - [TEST_STEP][PASSED] - (Counter++): null

2019-02-21 17:59:43 - [TEST_STEP][PASSED] - StrB = findTestData("Internal User List").getValue(2, Counter): null

2019-02-21 17:59:43 - [TEST_STEP][PASSED] - if (StrB.equals(StrA)): null

2019-02-21 17:59:43 - [TEST_STEP][PASSED] - (Counter++): null

2019-02-21 17:59:43 - [TEST_STEP][PASSED] - StrB = findTestData("Internal User List").getValue(2, Counter): null

2019-02-21 17:59:43 - [TEST_STEP][PASSED] - if (StrB.equals(StrA)): null

2019-02-21 17:59:43 - [TEST_STEP][PASSED] - (Counter++): null

2019-02-21 17:59:43 - [TEST_STEP][PASSED] - StrB = findTestData("Internal User List").getValue(2, Counter): null

2019-02-21 17:59:43 - [TEST_STEP][PASSED] - if (StrB.equals(StrA)): null

2019-02-21 17:59:43 - [TEST_STEP][PASSED] - (Counter++): null

2019-02-21 17:59:43 - [TEST_STEP][PASSED] - StrB = findTestData("Internal User List").getValue(2, Counter): null

2019-02-21 17:59:43 - [TEST_STEP][PASSED] - if (StrB.equals(StrA)): null

2019-02-21 17:59:43 - [TEST_STEP][PASSED] - (Counter++): null

2019-02-21 17:59:44 - [TEST_STEP][PASSED] - StrB = findTestData("Internal User List").getValue(2, Counter): null

2019-02-21 17:59:44 - [TEST_STEP][PASSED] - if (StrB.equals(StrA)): null

2019-02-21 17:59:44 - [TEST_STEP][PASSED] - (Counter++): null

2019-02-21 17:59:44 - [TEST_STEP][PASSED] - StrB = findTestData("Internal User List").getValue(2, Counter): null

2019-02-21 17:59:44 - [TEST_STEP][PASSED] - if (StrB.equals(StrA)): null

2019-02-21 17:59:44 - [TEST_STEP][PASSED] - (Counter++): null

2019-02-21 17:59:44 - [TEST_STEP][PASSED] - StrB = findTestData("Internal User List").getValue(2, Counter): null

2019-02-21 17:59:44 - [TEST_STEP][PASSED] - if (StrB.equals(StrA)): null

2019-02-21 17:59:44 - [TEST_STEP][PASSED] - (Counter++): null

2019-02-21 17:59:44 - [TEST_STEP][PASSED] - StrB = findTestData("Internal User List").getValue(2, Counter): null

2019-02-21 17:59:44 - [TEST_STEP][PASSED] - if (StrB.equals(StrA)): null

2019-02-21 17:59:44 - [TEST_STEP][PASSED] - (Counter++): null

2019-02-21 17:59:44 - [TEST_STEP][PASSED] - StrB = findTestData("Internal User List").getValue(2, Counter): null

2019-02-21 17:59:44 - [TEST_STEP][PASSED] - if (StrB.equals(StrA)): null

2019-02-21 17:59:44 - [TEST_STEP][PASSED] - (Counter++): null

2019-02-21 17:59:44 - [TEST_STEP][PASSED] - StrB = findTestData("Internal User List").getValue(2, Counter): null

2019-02-21 17:59:44 - [TEST_STEP][PASSED] - if (StrB.equals(StrA)): null

2019-02-21 17:59:44 - [TEST_STEP][PASSED] - (Counter++): null

2019-02-21 17:59:44 - [TEST_STEP][PASSED] - StrB = findTestData("Internal User List").getValue(2, Counter): null

2019-02-21 17:59:44 - [TEST_STEP][PASSED] - if (StrB.equals(StrA)): null

2019-02-21 17:59:45 - [TEST_STEP][PASSED] - (Counter++): null

2019-02-21 17:59:45 - [TEST_STEP][PASSED] - StrB = findTestData("Internal User List").getValue(2, Counter): null

2019-02-21 17:59:45 - [TEST_STEP][PASSED] - if (StrB.equals(StrA)): null

2019-02-21 17:59:45 - [TEST_STEP][PASSED] - (Counter++): null

2019-02-21 17:59:45 - [TEST_STEP][PASSED] - StrB = findTestData("Internal User List").getValue(2, Counter): null

2019-02-21 17:59:45 - [TEST_STEP][PASSED] - if (StrB.equals(StrA)): null

2019-02-21 17:59:45 - [TEST_STEP][PASSED] - (Counter++): null

2019-02-21 17:59:45 - [TEST_STEP][PASSED] - StrB = findTestData("Internal User List").getValue(2, Counter): null

2019-02-21 17:59:45 - [TEST_STEP][PASSED] - if (StrB.equals(StrA)): null

2019-02-21 17:59:45 - [TEST_STEP][PASSED] - (Counter++): null

2019-02-21 17:59:45 - [TEST_STEP][PASSED] - StrB = findTestData("Internal User List").getValue(2, Counter): null

2019-02-21 17:59:46 - [TEST_STEP][PASSED] - if (StrB.equals(StrA)): null

2019-02-21 17:59:46 - [TEST_STEP][PASSED] - (Counter++): null

2019-02-21 17:59:46 - [TEST_STEP][PASSED] - StrB = findTestData("Internal User List").getValue(2, Counter): null

2019-02-21 17:59:46 - [TEST_STEP][PASSED] - if (StrB.equals(StrA)): null

2019-02-21 17:59:46 - [TEST_STEP][PASSED] - (Counter++): null

2019-02-21 17:59:46 - [TEST_STEP][PASSED] - StrB = findTestData("Internal User List").getValue(2, Counter): null

2019-02-21 17:59:46 - [TEST_STEP][PASSED] - if (StrB.equals(StrA)): null

2019-02-21 17:59:46 - [TEST_STEP][PASSED] - (Counter++): null

2019-02-21 17:59:46 - [TEST_STEP][PASSED] - StrB = findTestData("Internal User List").getValue(2, Counter): null

2019-02-21 17:59:46 - [TEST_STEP][PASSED] - if (StrB.equals(StrA)): null

2019-02-21 17:59:46 - [TEST_STEP][PASSED] - (Counter++): null

2019-02-21 17:59:46 - [TEST_STEP][PASSED] - StrB = findTestData("Internal User List").getValue(2, Counter): null

2019-02-21 17:59:46 - [TEST_STEP][PASSED] - if (StrB.equals(StrA)): null

2019-02-21 17:59:46 - [TEST_STEP][PASSED] - (Counter++): null

2019-02-21 17:59:46 - [TEST_STEP][PASSED] - StrB = findTestData("Internal User List").getValue(2, Counter): null

2019-02-21 17:59:46 - [TEST_STEP][PASSED] - if (StrB.equals(StrA)): null

2019-02-21 17:59:46 - [TEST_STEP][PASSED] - (Counter++): null

2019-02-21 17:59:46 - [TEST_STEP][PASSED] - StrB = findTestData("Internal User List").getValue(2, Counter): null

2019-02-21 17:59:46 - [TEST_STEP][PASSED] - if (StrB.equals(StrA)): null

2019-02-21 17:59:46 - [TEST_STEP][PASSED] - (Counter++): null

2019-02-21 17:59:47 - [TEST_STEP][PASSED] - StrB = findTestData("Internal User List").getValue(2, Counter): null

2019-02-21 17:59:47 - [TEST_STEP][PASSED] - if (StrB.equals(StrA)): null

2019-02-21 17:59:47 - [TEST_STEP][PASSED] - (Counter++): null

2019-02-21 17:59:47 - [TEST_STEP][PASSED] - StrB = findTestData("Internal User List").getValue(2, Counter): null

2019-02-21 17:59:47 - [TEST_STEP][PASSED] - if (StrB.equals(StrA)): null

2019-02-21 17:59:47 - [TEST_STEP][PASSED] - (Counter++): null

2019-02-21 17:59:47 - [TEST_STEP][PASSED] - StrB = findTestData("Internal User List").getValue(2, Counter): null

2019-02-21 17:59:47 - [TEST_STEP][PASSED] - if (StrB.equals(StrA)): null

2019-02-21 17:59:47 - [TEST_STEP][PASSED] - (Counter++): null

2019-02-21 17:59:47 - [TEST_STEP][PASSED] - StrB = findTestData("Internal User List").getValue(2, Counter): null

2019-02-21 17:59:47 - [TEST_STEP][PASSED] - if (StrB.equals(StrA)): null

2019-02-21 17:59:47 - [TEST_STEP][PASSED] - (Counter++): null

2019-02-21 17:59:47 - [TEST_STEP][PASSED] - StrB = findTestData("Internal User List").getValue(2, Counter): null

2019-02-21 17:59:47 - [TEST_STEP][PASSED] - if (StrB.equals(StrA)): null

2019-02-21 17:59:47 - [TEST_STEP][PASSED] - (Counter++): null

2019-02-21 17:59:47 - [TEST_STEP][PASSED] - StrB = findTestData("Internal User List").getValue(2, Counter): null

2019-02-21 17:59:47 - [TEST_STEP][PASSED] - if (StrB.equals(StrA)): null

2019-02-21 17:59:47 - [TEST_STEP][PASSED] - (Counter++): null

2019-02-21 17:59:48 - [TEST_STEP][PASSED] - StrB = findTestData("Internal User List").getValue(2, Counter): null

2019-02-21 17:59:48 - [TEST_STEP][PASSED] - if (StrB.equals(StrA)): null

2019-02-21 17:59:48 - [TEST_STEP][PASSED] - (Counter++): null

2019-02-21 17:59:48 - [TEST_STEP][PASSED] - StrB = findTestData("Internal User List").getValue(2, Counter): null

2019-02-21 17:59:48 - [TEST_STEP][PASSED] - if (StrB.equals(StrA)): null

2019-02-21 17:59:48 - [TEST_STEP][PASSED] - (Counter++): null

2019-02-21 17:59:48 - [TEST_STEP][PASSED] - StrB = findTestData("Internal User List").getValue(2, Counter): null

2019-02-21 17:59:48 - [TEST_STEP][PASSED] - if (StrB.equals(StrA)): null

2019-02-21 17:59:48 - [TEST_STEP][PASSED] - (Counter++): null

2019-02-21 17:59:48 - [TEST_STEP][PASSED] - StrB = findTestData("Internal User List").getValue(2, Counter): null

2019-02-21 17:59:48 - [TEST_STEP][PASSED] - if (StrB.equals(StrA)): null

2019-02-21 17:59:48 - [TEST_STEP][PASSED] - (Counter++): null

2019-02-21 17:59:48 - [TEST_STEP][PASSED] - StrB = findTestData("Internal User List").getValue(2, Counter): null

2019-02-21 17:59:49 - [TEST_STEP][PASSED] - if (StrB.equals(StrA)): null

2019-02-21 17:59:49 - [TEST_STEP][PASSED] - (Counter++): null

2019-02-21 17:59:49 - [TEST_STEP][PASSED] - StrB = findTestData("Internal User List").getValue(2, Counter): null

2019-02-21 17:59:49 - [TEST_STEP][PASSED] - if (StrB.equals(StrA)): null

2019-02-21 17:59:49 - [TEST_STEP][PASSED] - (Counter++): null

2019-02-21 17:59:49 - [TEST_STEP][PASSED] - StrB = findTestData("Internal User List").getValue(2, Counter): null

2019-02-21 17:59:49 - [TEST_STEP][PASSED] - if (StrB.equals(StrA)): null

2019-02-21 17:59:49 - [TEST_STEP][PASSED] - (Counter++): null

2019-02-21 17:59:49 - [TEST_STEP][PASSED] - StrB = findTestData("Internal User List").getValue(2, Counter): null

2019-02-21 17:59:49 - [TEST_STEP][PASSED] - if (StrB.equals(StrA)): null

2019-02-21 17:59:49 - [TEST_STEP][PASSED] - StrEmail = findTestData("Internal User List").getValue(1, Counter): null

2019-02-21 17:59:49 - [TEST_STEP][PASSED] - InternalEmail = StrEmail: null

2019-02-21 17:59:49 - [TEST_STEP][PASSED] - out.println(StrEmail): null

2019-02-21 17:59:49 - [TEST_STEP][PASSED] - (Counter++): null

2019-02-21 17:59:49 - [MESSAGE][PASSED] - Call Test Case 'Test Cases/All TC/Arranged/1. Common/Internal Email Finder' successfully

2019-02-21 17:59:49 - [TEST_STEP][PASSED] - setText(findTestObject("KinJun/6.0 Query/6.5 Same branch - EI Clerk/Page_PERKESO/Input username"), InternalEmail): Text 'jheio3@perkeso.gov.my' is set on object 'Object Repository/KinJun/6.0 Query/6.5 Same branch - EI Clerk/Page_PERKESO/Input username'

2019-02-21 17:59:50 - [MESSAGE][PASSED] - Text 'jheio3@perkeso.gov.my' is set on object 'Object Repository/KinJun/6.0 Query/6.5 Same branch - EI Clerk/Page_PERKESO/Input username'

2019-02-21 17:59:50 - [TEST_STEP][PASSED] - setEncryptedText(findTestObject("KinJun/6.0 Query/6.5 Same branch - EI Clerk/Page_PERKESO/Input password"), "CQqwFZlbeC8="): Text ****** has been set on object 'Object Repository/KinJun/6.0 Query/6.5 Same branch - EI Clerk/Page_PERKESO/Input password'

2019-02-21 17:59:50 - [MESSAGE][PASSED] - Text ****** has been set on object 'Object Repository/KinJun/6.0 Query/6.5 Same branch - EI Clerk/Page_PERKESO/Input password'

2019-02-21 17:59:50 - [TEST_STEP][PASSED] - click(findTestObject("KinJun/6.0 Query/6.5 Same branch - EI Clerk/Page_PERKESO/Btn login")): Object: 'Object Repository/KinJun/6.0 Query/6.5 Same branch - EI Clerk/Page_PERKESO/Btn login' is clicked on

2019-02-21 17:59:51 - [MESSAGE][PASSED] - Object: 'Object Repository/KinJun/6.0 Query/6.5 Same branch - EI Clerk/Page_PERKESO/Btn login' is clicked on

2019-02-21 17:59:51 - [TEST_STEP][PASSED] - delay(3): Delayed 3 second(s)

2019-02-21 17:59:54 - [MESSAGE][PASSED] - Delayed 3 second(s)

2019-02-21 17:59:54 - [TEST_STEP][PASSED] - click(findTestObject("KinJun/6.0 Query/6.5 Same branch - EI Clerk/Page_PERKESO/Click workbasket")): Object: 'Object Repository/KinJun/6.0 Query/6.5 Same branch - EI Clerk/Page_PERKESO/Click workbasket' is clicked on

2019-02-21 17:59:55 - [MESSAGE][PASSED] - Object: 'Object Repository/KinJun/6.0 Query/6.5 Same branch - EI Clerk/Page_PERKESO/Click workbasket' is clicked on

2019-02-21 17:59:55 - [TEST_STEP][PASSED] - delay(3): Delayed 3 second(s)

2019-02-21 17:59:58 - [MESSAGE][PASSED] - Delayed 3 second(s)

2019-02-21 17:59:58 - [TEST_STEP][PASSED] - click(findTestObject("KinJun/6.0 Query/6.5 Same branch - EI Clerk/Page_PERKESO/Click SearchCase")): Object: 'Object Repository/KinJun/6.0 Query/6.5 Same branch - EI Clerk/Page_PERKESO/Click SearchCase' is clicked on

2019-02-21 17:59:58 - [MESSAGE][PASSED] - Object: 'Object Repository/KinJun/6.0 Query/6.5 Same branch - EI Clerk/Page_PERKESO/Click SearchCase' is clicked on

2019-02-21 17:59:58 - [TEST_STEP][PASSED] - callTestCase(findTestCase("All TC/Arranged/1. Common/1.1 Getter/Getter IC"), [:], STOP_ON_FAILURE): Call Test Case 'Test Cases/All TC/Arranged/1. Common/1.1 Getter/Getter IC' successfully

2019-02-21 17:59:58 - [TEST_CASE][PASSED] - Test Cases/All TC/Arranged/1. Common/1.1 Getter/Getter IC: Test Cases/All TC/Arranged/1. Common/1.1 Getter/Getter IC

2019-02-21 17:59:58 - [TEST_STEP][PASSED] - try: null

2019-02-21 17:59:58 - [TEST_STEP][PASSED] - RefNo = new java.io.File((internal.GlobalVariable.TextFilePathCommon + \getIC.txt)): null

2019-02-21 17:59:58 - [TEST_STEP][PASSED] - bufferread = new java.io.BufferedReader(new java.io.FileReader(RefNo)): null

2019-02-21 17:59:58 - [TEST_STEP][PASSED] - readedVal = bufferread.readLine(): null

2019-02-21 17:59:58 - [TEST_STEP][PASSED] - out.println(IC): null

2019-02-21 17:59:58 - [TEST_STEP][PASSED] - out.println(readedVal): null

2019-02-21 17:59:58 - [TEST_STEP][PASSED] - IC = "": null

2019-02-21 17:59:58 - [TEST_STEP][PASSED] - IC = readedVal: null

2019-02-21 17:59:58 - [MESSAGE][PASSED] - Call Test Case 'Test Cases/All TC/Arranged/1. Common/1.1 Getter/Getter IC' successfully

2019-02-21 17:59:58 - [TEST_STEP][PASSED] - setText(findTestObject("KinJun/6.0 Query/6.5 Same branch - EI Clerk/Page_PERKESO/Input IC"), IC): Text '871229105120' is set on object 'Object Repository/KinJun/6.0 Query/6.5 Same branch - EI Clerk/Page_PERKESO/Input IC'

2019-02-21 17:59:58 - [MESSAGE][PASSED] - Text '871229105120' is set on object 'Object Repository/KinJun/6.0 Query/6.5 Same branch - EI Clerk/Page_PERKESO/Input IC'

2019-02-21 17:59:58 - [TEST_STEP][PASSED] - click(findTestObject("KinJun/6.0 Query/6.5 Same branch - EI Clerk/Page_PERKESO/Btn Search")): Object: 'Object Repository/KinJun/6.0 Query/6.5 Same branch - EI Clerk/Page_PERKESO/Btn Search' is clicked on

2019-02-21 17:59:59 - [MESSAGE][PASSED] - Object: 'Object Repository/KinJun/6.0 Query/6.5 Same branch - EI Clerk/Page_PERKESO/Btn Search' is clicked on

2019-02-21 17:59:59 - [TEST_STEP][PASSED] - delay(3): Delayed 3 second(s)

2019-02-21 18:00:02 - [MESSAGE][PASSED] - Delayed 3 second(s)

2019-02-21 18:00:02 - [TEST_STEP][PASSED] - click(findTestObject("KinJun/6.0 Query/6.5 Same branch - EI Clerk/Page_PERKESO/Click CaseID")): Object: 'Object Repository/KinJun/6.0 Query/6.5 Same branch - EI Clerk/Page_PERKESO/Click CaseID' is clicked on

2019-02-21 18:00:03 - [MESSAGE][PASSED] - Object: 'Object Repository/KinJun/6.0 Query/6.5 Same branch - EI Clerk/Page_PERKESO/Click CaseID' is clicked on

2019-02-21 18:00:03 - [TEST_STEP][PASSED] - delay(3): Delayed 3 second(s)

2019-02-21 18:00:06 - [MESSAGE][PASSED] - Delayed 3 second(s)

2019-02-21 18:00:06 - [TEST_STEP][PASSED] - acceptAlert(): Alert accepted

2019-02-21 18:00:06 - [MESSAGE][PASSED] - Alert accepted

2019-02-21 18:00:06 - [TEST_STEP][PASSED] - delay(3): Delayed 3 second(s)

2019-02-21 18:00:09 - [MESSAGE][PASSED] - Delayed 3 second(s)

2019-02-21 18:00:09 - [TEST_STEP][PASSED] - click(findTestObject("KinJun/6.0 Query/6.5 Same branch - EI Clerk/Page_PERKESO/Btn Query")): Object: 'Object Repository/KinJun/6.0 Query/6.5 Same branch - EI Clerk/Page_PERKESO/Btn Query' is clicked on

2019-02-21 18:00:09 - [MESSAGE][PASSED] - Object: 'Object Repository/KinJun/6.0 Query/6.5 Same branch - EI Clerk/Page_PERKESO/Btn Query' is clicked on

2019-02-21 18:00:09 - [TEST_STEP][PASSED] - delay(3): Delayed 3 second(s)

2019-02-21 18:00:12 - [MESSAGE][PASSED] - Delayed 3 second(s)

2019-02-21 18:00:12 - [TEST_STEP][PASSED] - click(findTestObject("KinJun/6.0 Query/6.5 Same branch - EI Clerk/Page_PERKESO/Span branch")): Object: 'Object Repository/KinJun/6.0 Query/6.5 Same branch - EI Clerk/Page_PERKESO/Span branch' is clicked on

2019-02-21 18:00:12 - [MESSAGE][PASSED] - Object: 'Object Repository/KinJun/6.0 Query/6.5 Same branch - EI Clerk/Page_PERKESO/Span branch' is clicked on

2019-02-21 18:00:12 - [TEST_STEP][PASSED] - delay(3): Delayed 3 second(s)

2019-02-21 18:00:15 - [MESSAGE][PASSED] - Delayed 3 second(s)

2019-02-21 18:00:15 - [TEST_STEP][PASSED] - click(findTestObject("KinJun/6.0 Query/6.5 Same branch - EI Clerk/Page_PERKESO/DD Branch")): Object: 'Object Repository/KinJun/6.0 Query/6.5 Same branch - EI Clerk/Page_PERKESO/DD Branch' is clicked on

2019-02-21 18:00:15 - [MESSAGE][PASSED] - Object: 'Object Repository/KinJun/6.0 Query/6.5 Same branch - EI Clerk/Page_PERKESO/DD Branch' is clicked on

2019-02-21 18:00:15 - [TEST_STEP][PASSED] - delay(3): Delayed 3 second(s)

2019-02-21 18:00:18 - [MESSAGE][PASSED] - Delayed 3 second(s)

2019-02-21 18:00:18 - [TEST_STEP][PASSED] - click(findTestObject("KinJun/6.0 Query/6.5 Same branch - EI Clerk/Page_PERKESO/Span officer")): Object: 'Object Repository/KinJun/6.0 Query/6.5 Same branch - EI Clerk/Page_PERKESO/Span officer' is clicked on

2019-02-21 18:00:18 - [MESSAGE][PASSED] - Object: 'Object Repository/KinJun/6.0 Query/6.5 Same branch - EI Clerk/Page_PERKESO/Span officer' is clicked on

2019-02-21 18:00:18 - [TEST_STEP][PASSED] - delay(3): Delayed 3 second(s)

2019-02-21 18:00:21 - [MESSAGE][PASSED] - Delayed 3 second(s)

2019-02-21 18:00:21 - [TEST_STEP][PASSED] - click(findTestObject("KinJun/6.0 Query/6.5 Same branch - EI Clerk/Page_PERKESO/DD Officer")): Object: 'Object Repository/KinJun/6.0 Query/6.5 Same branch - EI Clerk/Page_PERKESO/DD Officer' is clicked on

2019-02-21 18:00:22 - [MESSAGE][PASSED] - Object: 'Object Repository/KinJun/6.0 Query/6.5 Same branch - EI Clerk/Page_PERKESO/DD Officer' is clicked on

2019-02-21 18:00:22 - [TEST_STEP][PASSED] - delay(3): Delayed 3 second(s)

2019-02-21 18:00:25 - [MESSAGE][PASSED] - Delayed 3 second(s)

2019-02-21 18:00:25 - [TEST_STEP][PASSED] - setText(findTestObject("KinJun/6.0 Query/6.5 Same branch - EI Clerk/Page_PERKESO/remarks"), "query"): Text 'query' is set on object 'Object Repository/KinJun/6.0 Query/6.5 Same branch - EI Clerk/Page_PERKESO/remarks'

2019-02-21 18:00:25 - [MESSAGE][PASSED] - Text 'query' is set on object 'Object Repository/KinJun/6.0 Query/6.5 Same branch - EI Clerk/Page_PERKESO/remarks'

2019-02-21 18:00:25 - [TEST_STEP][PASSED] - delay(3): Delayed 3 second(s)

2019-02-21 18:00:28 - [MESSAGE][PASSED] - Delayed 3 second(s)

2019-02-21 18:00:28 - [TEST_STEP][PASSED] - click(findTestObject("KinJun/6.0 Query/6.5 Same branch - EI Clerk/Page_PERKESO/Btn Query2")): Object: 'Object Repository/KinJun/6.0 Query/6.5 Same branch - EI Clerk/Page_PERKESO/Btn Query2' is clicked on

2019-02-21 18:00:28 - [MESSAGE][PASSED] - Object: 'Object Repository/KinJun/6.0 Query/6.5 Same branch - EI Clerk/Page_PERKESO/Btn Query2' is clicked on

2019-02-21 18:00:28 - [TEST_STEP][PASSED] - delay(3): Delayed 3 second(s)

2019-02-21 18:00:31 - [MESSAGE][PASSED] - Delayed 3 second(s)

2019-02-21 18:00:31 - [TEST_STEP][FAILED] - click(findTestObject("KinJun/6.0 Query/6.5 Same branch - EI Clerk/Page_PERKESO/Click username")): click(findTestObject("KinJun/6.0 Query/6.5 Same branch - EI Clerk/Page_PERKESO/Click username")) FAILED.
Reason:
com.kms.katalon.core.exception.StepFailedException: Unable to click on object 'Object Repository/KinJun/6.0 Query/6.5 Same branch - EI Clerk/Page_PERKESO/Click username' (Root cause: com.kms.katalon.core.webui.exception.WebElementNotFoundException: Web element with id: 'Object Repository/KinJun/6.0 Query/6.5 Same branch - EI Clerk/Page_PERKESO/Click username' located by 'By.xpath: id("bg2")/header[1]/div[@class="container-fluid"]/div[@class="row"]/div[@class="col-md-2"]/ul[@class="nav navbar-nav navbar-right"]/li[@class="dropdown"]/a[@class="dropdown-toggle"][count(. | //a[@href = '#']) = count(//a[@href = '#'])]' not found)
	at com.kms.katalon.core.keyword.internal.KeywordMain.stepFailed(KeywordMain.groovy:36)
	at com.kms.katalon.core.webui.keyword.internal.WebUIKeywordMain.stepFailed(WebUIKeywordMain.groovy:65)
	at com.kms.katalon.core.webui.keyword.internal.WebUIKeywordMain.runKeyword(WebUIKeywordMain.groovy:27)
	at com.kms.katalon.core.webui.keyword.builtin.ClickKeyword.click(ClickKeyword.groovy:86)
	at com.kms.katalon.core.webui.keyword.builtin.ClickKeyword.execute(ClickKeyword.groovy:67)
	at com.kms.katalon.core.keyword.internal.KeywordExecutor.executeKeywordForPlatform(KeywordExecutor.groovy:53)
	at com.kms.katalon.core.webui.keyword.WebUiBuiltInKeywords.click(WebUiBuiltInKeywords.groovy:616)
	at com.kms.katalon.core.webui.keyword.WebUiBuiltInKeywords$click$3.call(Unknown Source)
	at 6.5 Same Branch - EI Clerk.run(6.5 Same Branch - EI Clerk:81)
	at com.kms.katalon.core.main.ScriptEngine.run(ScriptEngine.java:194)
	at com.kms.katalon.core.main.ScriptEngine.runScriptAsRawText(ScriptEngine.java:119)
	at com.kms.katalon.core.main.TestCaseExecutor.runScript(TestCaseExecutor.java:328)
	at com.kms.katalon.core.main.TestCaseExecutor.doExecute(TestCaseExecutor.java:319)
	at com.kms.katalon.core.main.TestCaseExecutor.processExecutionPhase(TestCaseExecutor.java:298)
	at com.kms.katalon.core.main.TestCaseExecutor.accessMainPhase(TestCaseExecutor.java:290)
	at com.kms.katalon.core.main.TestCaseExecutor.execute(TestCaseExecutor.java:224)
	at com.kms.katalon.core.main.TestCaseMain.runTestCase(TestCaseMain.java:106)
	at com.kms.katalon.core.keyword.builtin.CallTestCaseKeyword$_callTestCase_closure1.doCall(CallTestCaseKeyword.groovy:59)
	at com.kms.katalon.core.keyword.builtin.CallTestCaseKeyword$_callTestCase_closure1.call(CallTestCaseKeyword.groovy)
	at com.kms.katalon.core.keyword.internal.KeywordMain.runKeyword(KeywordMain.groovy:54)
	at com.kms.katalon.core.keyword.builtin.CallTestCaseKeyword.callTestCase(CallTestCaseKeyword.groovy:80)
	at com.kms.katalon.core.keyword.builtin.CallTestCaseKeyword.execute(CallTestCaseKeyword.groovy:44)
	at com.kms.katalon.core.keyword.internal.KeywordExecutor.executeKeywordForPlatform(KeywordExecutor.groovy:53)
	at com.kms.katalon.core.keyword.BuiltinKeywords.callTestCase(BuiltinKeywords.groovy:334)
	at Same branch - EI Clerk.run(Same branch - EI Clerk:22)
	at com.kms.katalon.core.main.ScriptEngine.run(ScriptEngine.java:194)
	at com.kms.katalon.core.main.ScriptEngine.runScriptAsRawText(ScriptEngine.java:119)
	at com.kms.katalon.core.main.TestCaseExecutor.runScript(TestCaseExecutor.java:328)
	at com.kms.katalon.core.main.TestCaseExecutor.doExecute(TestCaseExecutor.java:319)
	at com.kms.katalon.core.main.TestCaseExecutor.processExecutionPhase(TestCaseExecutor.java:298)
	at com.kms.katalon.core.main.TestCaseExecutor.accessMainPhase(TestCaseExecutor.java:290)
	at com.kms.katalon.core.main.TestCaseExecutor.execute(TestCaseExecutor.java:224)
	at com.kms.katalon.core.main.TestSuiteExecutor.accessTestCaseMainPhase(TestSuiteExecutor.java:129)
	at com.kms.katalon.core.main.TestSuiteExecutor.accessTestSuiteMainPhase(TestSuiteExecutor.java:112)
	at com.kms.katalon.core.main.TestSuiteExecutor.execute(TestSuiteExecutor.java:81)
	at com.kms.katalon.core.main.TestCaseMain.startTestSuite(TestCaseMain.java:149)
	at com.kms.katalon.core.main.TestCaseMain$startTestSuite$0.call(Unknown Source)
	at TempTestSuite1550738418733.run(TempTestSuite1550738418733.groovy:36)


2019-02-21 18:01:02 - [MESSAGE][INFO] - Unable to find the element located by 'By.xpath: id("bg2")/header[1]/div[@class="container-fluid"]/div[@class="row"]/div[@class="col-md-2"]/ul[@class="nav navbar-nav navbar-right"]/li[@class="dropdown"]/a[@class="dropdown-toggle"][count(. | //a[@href = '#']) = count(//a[@href = '#'])]'. Please recheck the objects properties to make sure the desired element is located. 

2019-02-21 18:01:03 - [MESSAGE][FAILED] - Unable to click on object 'Object Repository/KinJun/6.0 Query/6.5 Same branch - EI Clerk/Page_PERKESO/Click username' (Root cause: com.kms.katalon.core.webui.exception.WebElementNotFoundException: Web element with id: 'Object Repository/KinJun/6.0 Query/6.5 Same branch - EI Clerk/Page_PERKESO/Click username' located by 'By.xpath: id("bg2")/header[1]/div[@class="container-fluid"]/div[@class="row"]/div[@class="col-md-2"]/ul[@class="nav navbar-nav navbar-right"]/li[@class="dropdown"]/a[@class="dropdown-toggle"][count(. | //a[@href = '#']) = count(//a[@href = '#'])]' not found)
[[ATTACHMENT|C:\\Users\\Admin\\Documents\\GitHub\\PKSKatalon\\PKS-EI-ES\\Reports\\New Test Suite\\20190221_164018\\1550743262554.png]]

2019-02-21 18:01:03 - [MESSAGE][FAILED] - click(findTestObject("KinJun/6.0 Query/6.5 Same branch - EI Clerk/Page_PERKESO/Click username")) FAILED.
Reason:
com.kms.katalon.core.exception.StepFailedException: Unable to click on object 'Object Repository/KinJun/6.0 Query/6.5 Same branch - EI Clerk/Page_PERKESO/Click username' (Root cause: com.kms.katalon.core.webui.exception.WebElementNotFoundException: Web element with id: 'Object Repository/KinJun/6.0 Query/6.5 Same branch - EI Clerk/Page_PERKESO/Click username' located by 'By.xpath: id("bg2")/header[1]/div[@class="container-fluid"]/div[@class="row"]/div[@class="col-md-2"]/ul[@class="nav navbar-nav navbar-right"]/li[@class="dropdown"]/a[@class="dropdown-toggle"][count(. | //a[@href = '#']) = count(//a[@href = '#'])]' not found)
	at com.kms.katalon.core.keyword.internal.KeywordMain.stepFailed(KeywordMain.groovy:36)
	at com.kms.katalon.core.webui.keyword.internal.WebUIKeywordMain.stepFailed(WebUIKeywordMain.groovy:65)
	at com.kms.katalon.core.webui.keyword.internal.WebUIKeywordMain.runKeyword(WebUIKeywordMain.groovy:27)
	at com.kms.katalon.core.webui.keyword.builtin.ClickKeyword.click(ClickKeyword.groovy:86)
	at com.kms.katalon.core.webui.keyword.builtin.ClickKeyword.execute(ClickKeyword.groovy:67)
	at com.kms.katalon.core.keyword.internal.KeywordExecutor.executeKeywordForPlatform(KeywordExecutor.groovy:53)
	at com.kms.katalon.core.webui.keyword.WebUiBuiltInKeywords.click(WebUiBuiltInKeywords.groovy:616)
	at com.kms.katalon.core.webui.keyword.WebUiBuiltInKeywords$click$3.call(Unknown Source)
	at 6.5 Same Branch - EI Clerk.run(6.5 Same Branch - EI Clerk:81)
	at com.kms.katalon.core.main.ScriptEngine.run(ScriptEngine.java:194)
	at com.kms.katalon.core.main.ScriptEngine.runScriptAsRawText(ScriptEngine.java:119)
	at com.kms.katalon.core.main.TestCaseExecutor.runScript(TestCaseExecutor.java:328)
	at com.kms.katalon.core.main.TestCaseExecutor.doExecute(TestCaseExecutor.java:319)
	at com.kms.katalon.core.main.TestCaseExecutor.processExecutionPhase(TestCaseExecutor.java:298)
	at com.kms.katalon.core.main.TestCaseExecutor.accessMainPhase(TestCaseExecutor.java:290)
	at com.kms.katalon.core.main.TestCaseExecutor.execute(TestCaseExecutor.java:224)
	at com.kms.katalon.core.main.TestCaseMain.runTestCase(TestCaseMain.java:106)
	at com.kms.katalon.core.keyword.builtin.CallTestCaseKeyword$_callTestCase_closure1.doCall(CallTestCaseKeyword.groovy:59)
	at com.kms.katalon.core.keyword.builtin.CallTestCaseKeyword$_callTestCase_closure1.call(CallTestCaseKeyword.groovy)
	at com.kms.katalon.core.keyword.internal.KeywordMain.runKeyword(KeywordMain.groovy:54)
	at com.kms.katalon.core.keyword.builtin.CallTestCaseKeyword.callTestCase(CallTestCaseKeyword.groovy:80)
	at com.kms.katalon.core.keyword.builtin.CallTestCaseKeyword.execute(CallTestCaseKeyword.groovy:44)
	at com.kms.katalon.core.keyword.internal.KeywordExecutor.executeKeywordForPlatform(KeywordExecutor.groovy:53)
	at com.kms.katalon.core.keyword.BuiltinKeywords.callTestCase(BuiltinKeywords.groovy:334)
	at Same branch - EI Clerk.run(Same branch - EI Clerk:22)
	at com.kms.katalon.core.main.ScriptEngine.run(ScriptEngine.java:194)
	at com.kms.katalon.core.main.ScriptEngine.runScriptAsRawText(ScriptEngine.java:119)
	at com.kms.katalon.core.main.TestCaseExecutor.runScript(TestCaseExecutor.java:328)
	at com.kms.katalon.core.main.TestCaseExecutor.doExecute(TestCaseExecutor.java:319)
	at com.kms.katalon.core.main.TestCaseExecutor.processExecutionPhase(TestCaseExecutor.java:298)
	at com.kms.katalon.core.main.TestCaseExecutor.accessMainPhase(TestCaseExecutor.java:290)
	at com.kms.katalon.core.main.TestCaseExecutor.execute(TestCaseExecutor.java:224)
	at com.kms.katalon.core.main.TestSuiteExecutor.accessTestCaseMainPhase(TestSuiteExecutor.java:129)
	at com.kms.katalon.core.main.TestSuiteExecutor.accessTestSuiteMainPhase(TestSuiteExecutor.java:112)
	at com.kms.katalon.core.main.TestSuiteExecutor.execute(TestSuiteExecutor.java:81)
	at com.kms.katalon.core.main.TestCaseMain.startTestSuite(TestCaseMain.java:149)
	at com.kms.katalon.core.main.TestCaseMain$startTestSuite$0.call(Unknown Source)
	at TempTestSuite1550738418733.run(TempTestSuite1550738418733.groovy:36)


2019-02-21 18:01:03 - [MESSAGE][FAILED] - Unable to call Test Case 'Test Cases/All TC/Arranged/2. Segment/2.5 Query/6.5 Same Branch - EI Clerk' (Root cause: com.kms.katalon.core.exception.StepFailedException: Call Test Case 'Test Cases/All TC/Arranged/2. Segment/2.5 Query/6.5 Same Branch - EI Clerk' failed)

2019-02-21 18:01:03 - [MESSAGE][FAILED] - callTestCase(findTestCase("All TC/Arranged/2. Segment/2.5 Query/6.5 Same Branch - EI Clerk"), [:], STOP_ON_FAILURE) FAILED.
Reason:
com.kms.katalon.core.exception.StepFailedException: Unable to click on object 'Object Repository/KinJun/6.0 Query/6.5 Same branch - EI Clerk/Page_PERKESO/Click username' (Root cause: com.kms.katalon.core.webui.exception.WebElementNotFoundException: Web element with id: 'Object Repository/KinJun/6.0 Query/6.5 Same branch - EI Clerk/Page_PERKESO/Click username' located by 'By.xpath: id("bg2")/header[1]/div[@class="container-fluid"]/div[@class="row"]/div[@class="col-md-2"]/ul[@class="nav navbar-nav navbar-right"]/li[@class="dropdown"]/a[@class="dropdown-toggle"][count(. | //a[@href = '#']) = count(//a[@href = '#'])]' not found)
	at com.kms.katalon.core.keyword.internal.KeywordMain.stepFailed(KeywordMain.groovy:36)
	at com.kms.katalon.core.webui.keyword.internal.WebUIKeywordMain.stepFailed(WebUIKeywordMain.groovy:65)
	at com.kms.katalon.core.webui.keyword.internal.WebUIKeywordMain.runKeyword(WebUIKeywordMain.groovy:27)
	at com.kms.katalon.core.webui.keyword.builtin.ClickKeyword.click(ClickKeyword.groovy:86)
	at com.kms.katalon.core.webui.keyword.builtin.ClickKeyword.execute(ClickKeyword.groovy:67)
	at com.kms.katalon.core.keyword.internal.KeywordExecutor.executeKeywordForPlatform(KeywordExecutor.groovy:53)
	at com.kms.katalon.core.webui.keyword.WebUiBuiltInKeywords.click(WebUiBuiltInKeywords.groovy:616)
	at com.kms.katalon.core.webui.keyword.WebUiBuiltInKeywords$click$3.call(Unknown Source)
	at 6.5 Same Branch - EI Clerk.run(6.5 Same Branch - EI Clerk:81)
	at com.kms.katalon.core.main.ScriptEngine.run(ScriptEngine.java:194)
	at com.kms.katalon.core.main.ScriptEngine.runScriptAsRawText(ScriptEngine.java:119)
	at com.kms.katalon.core.main.TestCaseExecutor.runScript(TestCaseExecutor.java:328)
	at com.kms.katalon.core.main.TestCaseExecutor.doExecute(TestCaseExecutor.java:319)
	at com.kms.katalon.core.main.TestCaseExecutor.processExecutionPhase(TestCaseExecutor.java:298)
	at com.kms.katalon.core.main.TestCaseExecutor.accessMainPhase(TestCaseExecutor.java:290)
	at com.kms.katalon.core.main.TestCaseExecutor.execute(TestCaseExecutor.java:224)
	at com.kms.katalon.core.main.TestCaseMain.runTestCase(TestCaseMain.java:106)
	at com.kms.katalon.core.keyword.builtin.CallTestCaseKeyword$_callTestCase_closure1.doCall(CallTestCaseKeyword.groovy:59)
	at com.kms.katalon.core.keyword.builtin.CallTestCaseKeyword$_callTestCase_closure1.call(CallTestCaseKeyword.groovy)
	at com.kms.katalon.core.keyword.internal.KeywordMain.runKeyword(KeywordMain.groovy:54)
	at com.kms.katalon.core.keyword.builtin.CallTestCaseKeyword.callTestCase(CallTestCaseKeyword.groovy:80)
	at com.kms.katalon.core.keyword.builtin.CallTestCaseKeyword.execute(CallTestCaseKeyword.groovy:44)
	at com.kms.katalon.core.keyword.internal.KeywordExecutor.executeKeywordForPlatform(KeywordExecutor.groovy:53)
	at com.kms.katalon.core.keyword.BuiltinKeywords.callTestCase(BuiltinKeywords.groovy:334)
	at Same branch - EI Clerk.run(Same branch - EI Clerk:22)
	at com.kms.katalon.core.main.ScriptEngine.run(ScriptEngine.java:194)
	at com.kms.katalon.core.main.ScriptEngine.runScriptAsRawText(ScriptEngine.java:119)
	at com.kms.katalon.core.main.TestCaseExecutor.runScript(TestCaseExecutor.java:328)
	at com.kms.katalon.core.main.TestCaseExecutor.doExecute(TestCaseExecutor.java:319)
	at com.kms.katalon.core.main.TestCaseExecutor.processExecutionPhase(TestCaseExecutor.java:298)
	at com.kms.katalon.core.main.TestCaseExecutor.accessMainPhase(TestCaseExecutor.java:290)
	at com.kms.katalon.core.main.TestCaseExecutor.execute(TestCaseExecutor.java:224)
	at com.kms.katalon.core.main.TestSuiteExecutor.accessTestCaseMainPhase(TestSuiteExecutor.java:129)
	at com.kms.katalon.core.main.TestSuiteExecutor.accessTestSuiteMainPhase(TestSuiteExecutor.java:112)
	at com.kms.katalon.core.main.TestSuiteExecutor.execute(TestSuiteExecutor.java:81)
	at com.kms.katalon.core.main.TestCaseMain.startTestSuite(TestCaseMain.java:149)
	at com.kms.katalon.core.main.TestCaseMain$startTestSuite$0.call(Unknown Source)
	at TempTestSuite1550738418733.run(TempTestSuite1550738418733.groovy:36)]]></system-out>
         <system-err><![CDATA[2019-02-21 17:53:59 - [TEST_CASE][FAILED] - Test Cases/All TC/Arranged/0. Full Flow/Query/Same branch - EI Clerk: Test Cases/All TC/Arranged/0. Full Flow/Query/Same branch - EI Clerk FAILED.
Reason:
com.kms.katalon.core.exception.StepFailedException: Unable to click on object 'Object Repository/KinJun/6.0 Query/6.5 Same branch - EI Clerk/Page_PERKESO/Click username' (Root cause: com.kms.katalon.core.webui.exception.WebElementNotFoundException: Web element with id: 'Object Repository/KinJun/6.0 Query/6.5 Same branch - EI Clerk/Page_PERKESO/Click username' located by 'By.xpath: id("bg2")/header[1]/div[@class="container-fluid"]/div[@class="row"]/div[@class="col-md-2"]/ul[@class="nav navbar-nav navbar-right"]/li[@class="dropdown"]/a[@class="dropdown-toggle"][count(. | //a[@href = '#']) = count(//a[@href = '#'])]' not found)
	at com.kms.katalon.core.keyword.internal.KeywordMain.stepFailed(KeywordMain.groovy:36)
	at com.kms.katalon.core.webui.keyword.internal.WebUIKeywordMain.stepFailed(WebUIKeywordMain.groovy:65)
	at com.kms.katalon.core.webui.keyword.internal.WebUIKeywordMain.runKeyword(WebUIKeywordMain.groovy:27)
	at com.kms.katalon.core.webui.keyword.builtin.ClickKeyword.click(ClickKeyword.groovy:86)
	at com.kms.katalon.core.webui.keyword.builtin.ClickKeyword.execute(ClickKeyword.groovy:67)
	at com.kms.katalon.core.keyword.internal.KeywordExecutor.executeKeywordForPlatform(KeywordExecutor.groovy:53)
	at com.kms.katalon.core.webui.keyword.WebUiBuiltInKeywords.click(WebUiBuiltInKeywords.groovy:616)
	at com.kms.katalon.core.webui.keyword.WebUiBuiltInKeywords$click$3.call(Unknown Source)
	at 6.5 Same Branch - EI Clerk.run(6.5 Same Branch - EI Clerk:81)
	at com.kms.katalon.core.main.ScriptEngine.run(ScriptEngine.java:194)
	at com.kms.katalon.core.main.ScriptEngine.runScriptAsRawText(ScriptEngine.java:119)
	at com.kms.katalon.core.main.TestCaseExecutor.runScript(TestCaseExecutor.java:328)
	at com.kms.katalon.core.main.TestCaseExecutor.doExecute(TestCaseExecutor.java:319)
	at com.kms.katalon.core.main.TestCaseExecutor.processExecutionPhase(TestCaseExecutor.java:298)
	at com.kms.katalon.core.main.TestCaseExecutor.accessMainPhase(TestCaseExecutor.java:290)
	at com.kms.katalon.core.main.TestCaseExecutor.execute(TestCaseExecutor.java:224)
	at com.kms.katalon.core.main.TestCaseMain.runTestCase(TestCaseMain.java:106)
	at com.kms.katalon.core.keyword.builtin.CallTestCaseKeyword$_callTestCase_closure1.doCall(CallTestCaseKeyword.groovy:59)
	at com.kms.katalon.core.keyword.builtin.CallTestCaseKeyword$_callTestCase_closure1.call(CallTestCaseKeyword.groovy)
	at com.kms.katalon.core.keyword.internal.KeywordMain.runKeyword(KeywordMain.groovy:54)
	at com.kms.katalon.core.keyword.builtin.CallTestCaseKeyword.callTestCase(CallTestCaseKeyword.groovy:80)
	at com.kms.katalon.core.keyword.builtin.CallTestCaseKeyword.execute(CallTestCaseKeyword.groovy:44)
	at com.kms.katalon.core.keyword.internal.KeywordExecutor.executeKeywordForPlatform(KeywordExecutor.groovy:53)
	at com.kms.katalon.core.keyword.BuiltinKeywords.callTestCase(BuiltinKeywords.groovy:334)
	at Same branch - EI Clerk.run(Same branch - EI Clerk:22)
	at com.kms.katalon.core.main.ScriptEngine.run(ScriptEngine.java:194)
	at com.kms.katalon.core.main.ScriptEngine.runScriptAsRawText(ScriptEngine.java:119)
	at com.kms.katalon.core.main.TestCaseExecutor.runScript(TestCaseExecutor.java:328)
	at com.kms.katalon.core.main.TestCaseExecutor.doExecute(TestCaseExecutor.java:319)
	at com.kms.katalon.core.main.TestCaseExecutor.processExecutionPhase(TestCaseExecutor.java:298)
	at com.kms.katalon.core.main.TestCaseExecutor.accessMainPhase(TestCaseExecutor.java:290)
	at com.kms.katalon.core.main.TestCaseExecutor.execute(TestCaseExecutor.java:224)
	at com.kms.katalon.core.main.TestSuiteExecutor.accessTestCaseMainPhase(TestSuiteExecutor.java:129)
	at com.kms.katalon.core.main.TestSuiteExecutor.accessTestSuiteMainPhase(TestSuiteExecutor.java:112)
	at com.kms.katalon.core.main.TestSuiteExecutor.execute(TestSuiteExecutor.java:81)
	at com.kms.katalon.core.main.TestCaseMain.startTestSuite(TestCaseMain.java:149)
	at com.kms.katalon.core.main.TestCaseMain$startTestSuite$0.call(Unknown Source)
	at TempTestSuite1550738418733.run(TempTestSuite1550738418733.groovy:36)]]></system-err>
      </testcase>
      <testcase name="Test Cases/All TC/Arranged/0. Full Flow/Query/Cross branch - SEIO" classname="Test Cases/All TC/Arranged/0. Full Flow/Query/Cross branch - SEIO" status="FAILED">
         <failure type="FAILED" message="Test Cases/All TC/Arranged/0. Full Flow/Query/Cross branch - SEIO FAILED.
Reason:
com.kms.katalon.core.exception.StepFailedException: Unable to click on object 'Object Repository/KinJun/6.0 Query/6.3 Cross branch - SEIO/Page_PERKESO/Click username' (Root cause: com.kms.katalon.core.webui.exception.WebElementNotFoundException: Web element with id: 'Object Repository/KinJun/6.0 Query/6.3 Cross branch - SEIO/Page_PERKESO/Click username' located by 'By.xpath: id(&quot;bg2&quot;)/header[1]/div[@class=&quot;container-fluid&quot;]/div[@class=&quot;row&quot;]/div[@class=&quot;col-md-2&quot;]/ul[@class=&quot;nav navbar-nav navbar-right&quot;]/li[@class=&quot;dropdown&quot;]/a[@class=&quot;dropdown-toggle&quot;][count(. | //a[@href = '#']) = count(//a[@href = '#'])]' not found)
	at com.kms.katalon.core.keyword.internal.KeywordMain.stepFailed(KeywordMain.groovy:36)
	at com.kms.katalon.core.webui.keyword.internal.WebUIKeywordMain.stepFailed(WebUIKeywordMain.groovy:65)
	at com.kms.katalon.core.webui.keyword.internal.WebUIKeywordMain.runKeyword(WebUIKeywordMain.groovy:27)
	at com.kms.katalon.core.webui.keyword.builtin.ClickKeyword.click(ClickKeyword.groovy:86)
	at com.kms.katalon.core.webui.keyword.builtin.ClickKeyword.execute(ClickKeyword.groovy:67)
	at com.kms.katalon.core.keyword.internal.KeywordExecutor.executeKeywordForPlatform(KeywordExecutor.groovy:53)
	at com.kms.katalon.core.webui.keyword.WebUiBuiltInKeywords.click(WebUiBuiltInKeywords.groovy:616)
	at com.kms.katalon.core.webui.keyword.WebUiBuiltInKeywords$click$3.call(Unknown Source)
	at 6.3 Cross Branch - SEIO.run(6.3 Cross Branch - SEIO:83)
	at com.kms.katalon.core.main.ScriptEngine.run(ScriptEngine.java:194)
	at com.kms.katalon.core.main.ScriptEngine.runScriptAsRawText(ScriptEngine.java:119)
	at com.kms.katalon.core.main.TestCaseExecutor.runScript(TestCaseExecutor.java:328)
	at com.kms.katalon.core.main.TestCaseExecutor.doExecute(TestCaseExecutor.java:319)
	at com.kms.katalon.core.main.TestCaseExecutor.processExecutionPhase(TestCaseExecutor.java:298)
	at com.kms.katalon.core.main.TestCaseExecutor.accessMainPhase(TestCaseExecutor.java:290)
	at com.kms.katalon.core.main.TestCaseExecutor.execute(TestCaseExecutor.java:224)
	at com.kms.katalon.core.main.TestCaseMain.runTestCase(TestCaseMain.java:106)
	at com.kms.katalon.core.keyword.builtin.CallTestCaseKeyword$_callTestCase_closure1.doCall(CallTestCaseKeyword.groovy:59)
	at com.kms.katalon.core.keyword.builtin.CallTestCaseKeyword$_callTestCase_closure1.call(CallTestCaseKeyword.groovy)
	at com.kms.katalon.core.keyword.internal.KeywordMain.runKeyword(KeywordMain.groovy:54)
	at com.kms.katalon.core.keyword.builtin.CallTestCaseKeyword.callTestCase(CallTestCaseKeyword.groovy:80)
	at com.kms.katalon.core.keyword.builtin.CallTestCaseKeyword.execute(CallTestCaseKeyword.groovy:44)
	at com.kms.katalon.core.keyword.internal.KeywordExecutor.executeKeywordForPlatform(KeywordExecutor.groovy:53)
	at com.kms.katalon.core.keyword.BuiltinKeywords.callTestCase(BuiltinKeywords.groovy:334)
	at Cross branch - SEIO.run(Cross branch - SEIO:22)
	at com.kms.katalon.core.main.ScriptEngine.run(ScriptEngine.java:194)
	at com.kms.katalon.core.main.ScriptEngine.runScriptAsRawText(ScriptEngine.java:119)
	at com.kms.katalon.core.main.TestCaseExecutor.runScript(TestCaseExecutor.java:328)
	at com.kms.katalon.core.main.TestCaseExecutor.doExecute(TestCaseExecutor.java:319)
	at com.kms.katalon.core.main.TestCaseExecutor.processExecutionPhase(TestCaseExecutor.java:298)
	at com.kms.katalon.core.main.TestCaseExecutor.accessMainPhase(TestCaseExecutor.java:290)
	at com.kms.katalon.core.main.TestCaseExecutor.execute(TestCaseExecutor.java:224)
	at com.kms.katalon.core.main.TestSuiteExecutor.accessTestCaseMainPhase(TestSuiteExecutor.java:129)
	at com.kms.katalon.core.main.TestSuiteExecutor.accessTestSuiteMainPhase(TestSuiteExecutor.java:112)
	at com.kms.katalon.core.main.TestSuiteExecutor.execute(TestSuiteExecutor.java:81)
	at com.kms.katalon.core.main.TestCaseMain.startTestSuite(TestCaseMain.java:149)
	at com.kms.katalon.core.main.TestCaseMain$startTestSuite$0.call(Unknown Source)
	at TempTestSuite1550738418733.run(TempTestSuite1550738418733.groovy:36)
"/>
         <system-out><![CDATA[2019-02-21 18:01:04 - [TEST_CASE][FAILED] - Test Cases/All TC/Arranged/0. Full Flow/Query/Cross branch - SEIO: Test Cases/All TC/Arranged/0. Full Flow/Query/Cross branch - SEIO FAILED.
Reason:
com.kms.katalon.core.exception.StepFailedException: Unable to click on object 'Object Repository/KinJun/6.0 Query/6.3 Cross branch - SEIO/Page_PERKESO/Click username' (Root cause: com.kms.katalon.core.webui.exception.WebElementNotFoundException: Web element with id: 'Object Repository/KinJun/6.0 Query/6.3 Cross branch - SEIO/Page_PERKESO/Click username' located by 'By.xpath: id("bg2")/header[1]/div[@class="container-fluid"]/div[@class="row"]/div[@class="col-md-2"]/ul[@class="nav navbar-nav navbar-right"]/li[@class="dropdown"]/a[@class="dropdown-toggle"][count(. | //a[@href = '#']) = count(//a[@href = '#'])]' not found)
	at com.kms.katalon.core.keyword.internal.KeywordMain.stepFailed(KeywordMain.groovy:36)
	at com.kms.katalon.core.webui.keyword.internal.WebUIKeywordMain.stepFailed(WebUIKeywordMain.groovy:65)
	at com.kms.katalon.core.webui.keyword.internal.WebUIKeywordMain.runKeyword(WebUIKeywordMain.groovy:27)
	at com.kms.katalon.core.webui.keyword.builtin.ClickKeyword.click(ClickKeyword.groovy:86)
	at com.kms.katalon.core.webui.keyword.builtin.ClickKeyword.execute(ClickKeyword.groovy:67)
	at com.kms.katalon.core.keyword.internal.KeywordExecutor.executeKeywordForPlatform(KeywordExecutor.groovy:53)
	at com.kms.katalon.core.webui.keyword.WebUiBuiltInKeywords.click(WebUiBuiltInKeywords.groovy:616)
	at com.kms.katalon.core.webui.keyword.WebUiBuiltInKeywords$click$3.call(Unknown Source)
	at 6.3 Cross Branch - SEIO.run(6.3 Cross Branch - SEIO:83)
	at com.kms.katalon.core.main.ScriptEngine.run(ScriptEngine.java:194)
	at com.kms.katalon.core.main.ScriptEngine.runScriptAsRawText(ScriptEngine.java:119)
	at com.kms.katalon.core.main.TestCaseExecutor.runScript(TestCaseExecutor.java:328)
	at com.kms.katalon.core.main.TestCaseExecutor.doExecute(TestCaseExecutor.java:319)
	at com.kms.katalon.core.main.TestCaseExecutor.processExecutionPhase(TestCaseExecutor.java:298)
	at com.kms.katalon.core.main.TestCaseExecutor.accessMainPhase(TestCaseExecutor.java:290)
	at com.kms.katalon.core.main.TestCaseExecutor.execute(TestCaseExecutor.java:224)
	at com.kms.katalon.core.main.TestCaseMain.runTestCase(TestCaseMain.java:106)
	at com.kms.katalon.core.keyword.builtin.CallTestCaseKeyword$_callTestCase_closure1.doCall(CallTestCaseKeyword.groovy:59)
	at com.kms.katalon.core.keyword.builtin.CallTestCaseKeyword$_callTestCase_closure1.call(CallTestCaseKeyword.groovy)
	at com.kms.katalon.core.keyword.internal.KeywordMain.runKeyword(KeywordMain.groovy:54)
	at com.kms.katalon.core.keyword.builtin.CallTestCaseKeyword.callTestCase(CallTestCaseKeyword.groovy:80)
	at com.kms.katalon.core.keyword.builtin.CallTestCaseKeyword.execute(CallTestCaseKeyword.groovy:44)
	at com.kms.katalon.core.keyword.internal.KeywordExecutor.executeKeywordForPlatform(KeywordExecutor.groovy:53)
	at com.kms.katalon.core.keyword.BuiltinKeywords.callTestCase(BuiltinKeywords.groovy:334)
	at Cross branch - SEIO.run(Cross branch - SEIO:22)
	at com.kms.katalon.core.main.ScriptEngine.run(ScriptEngine.java:194)
	at com.kms.katalon.core.main.ScriptEngine.runScriptAsRawText(ScriptEngine.java:119)
	at com.kms.katalon.core.main.TestCaseExecutor.runScript(TestCaseExecutor.java:328)
	at com.kms.katalon.core.main.TestCaseExecutor.doExecute(TestCaseExecutor.java:319)
	at com.kms.katalon.core.main.TestCaseExecutor.processExecutionPhase(TestCaseExecutor.java:298)
	at com.kms.katalon.core.main.TestCaseExecutor.accessMainPhase(TestCaseExecutor.java:290)
	at com.kms.katalon.core.main.TestCaseExecutor.execute(TestCaseExecutor.java:224)
	at com.kms.katalon.core.main.TestSuiteExecutor.accessTestCaseMainPhase(TestSuiteExecutor.java:129)
	at com.kms.katalon.core.main.TestSuiteExecutor.accessTestSuiteMainPhase(TestSuiteExecutor.java:112)
	at com.kms.katalon.core.main.TestSuiteExecutor.execute(TestSuiteExecutor.java:81)
	at com.kms.katalon.core.main.TestCaseMain.startTestSuite(TestCaseMain.java:149)
	at com.kms.katalon.core.main.TestCaseMain$startTestSuite$0.call(Unknown Source)
	at TempTestSuite1550738418733.run(TempTestSuite1550738418733.groovy:36)


2019-02-21 18:01:04 - [TEST_STEP][PASSED] - callTestCase(findTestCase("All TC/Arranged/2. Segment/OTC_Submit Form 7_End to End - Cheque"), [:], STOP_ON_FAILURE): Call Test Case 'Test Cases/All TC/Arranged/2. Segment/OTC_Submit Form 7_End to End - Cheque' successfully

2019-02-21 18:01:04 - [TEST_CASE][PASSED] - Test Cases/All TC/Arranged/2. Segment/OTC_Submit Form 7_End to End - Cheque: Test Cases/All TC/Arranged/2. Segment/OTC_Submit Form 7_End to End - Cheque

2019-02-21 18:01:04 - [TEST_STEP][PASSED] - callTestCase(findTestCase("All TC/Arranged/3. Unit/EI/Form 7_default/OTC_Application_Reg"), [:], STOP_ON_FAILURE): Call Test Case 'Test Cases/All TC/Arranged/3. Unit/EI/Form 7_default/OTC_Application_Reg' successfully

2019-02-21 18:01:04 - [TEST_CASE][PASSED] - Test Cases/All TC/Arranged/3. Unit/EI/Form 7_default/OTC_Application_Reg: Test Cases/All TC/Arranged/3. Unit/EI/Form 7_default/OTC_Application_Reg

2019-02-21 18:01:04 - [TEST_STEP][PASSED] - openBrowser(""): Browser is opened with url: ''

2019-02-21 18:01:04 - [MESSAGE][WARNING] - A browser is already opened. Closing browser and opening a new one

2019-02-21 18:01:05 - [MESSAGE][INFO] - Starting 'Chrome' driver

2019-02-21 18:01:05 - [MESSAGE][INFO] - User set preference: ['args', '[--start-maximized]']

2019-02-21 18:01:07 - [MESSAGE][PASSED] - Browser is opened with url: ''

2019-02-21 18:01:07 - [TEST_STEP][PASSED] - navigateToUrl(Internal_Login): Navigate to 'http://10.20.24.188/eisportal/user/login' successfully

2019-02-21 18:01:08 - [MESSAGE][PASSED] - Navigate to 'http://10.20.24.188/eisportal/user/login' successfully

2019-02-21 18:01:08 - [TEST_STEP][PASSED] - delay(3): Delayed 3 second(s)

2019-02-21 18:01:11 - [MESSAGE][PASSED] - Delayed 3 second(s)

2019-02-21 18:01:11 - [TEST_STEP][PASSED] - setText(findTestObject("KeatMun/Form 7_default/OTC_Application_Reg/Page_PERKESO/1.username"), "faizal.hamid@perkeso.gov.my"): Text 'faizal.hamid@perkeso.gov.my' is set on object 'Object Repository/KeatMun/Form 7_default/OTC_Application_Reg/Page_PERKESO/1.username'

2019-02-21 18:01:11 - [MESSAGE][PASSED] - Text 'faizal.hamid@perkeso.gov.my' is set on object 'Object Repository/KeatMun/Form 7_default/OTC_Application_Reg/Page_PERKESO/1.username'

2019-02-21 18:01:11 - [TEST_STEP][PASSED] - delay(1): Delayed 1 second(s)

2019-02-21 18:01:12 - [MESSAGE][PASSED] - Delayed 1 second(s)

2019-02-21 18:01:12 - [TEST_STEP][PASSED] - setEncryptedText(findTestObject("KeatMun/Form 7_default/OTC_Application_Reg/Page_PERKESO/2.password"), "CQqwFZlbeC8="): Text ****** has been set on object 'Object Repository/KeatMun/Form 7_default/OTC_Application_Reg/Page_PERKESO/2.password'

2019-02-21 18:01:12 - [MESSAGE][PASSED] - Text ****** has been set on object 'Object Repository/KeatMun/Form 7_default/OTC_Application_Reg/Page_PERKESO/2.password'

2019-02-21 18:01:12 - [TEST_STEP][PASSED] - delay(2): Delayed 2 second(s)

2019-02-21 18:01:14 - [MESSAGE][PASSED] - Delayed 2 second(s)

2019-02-21 18:01:14 - [TEST_STEP][PASSED] - click(findTestObject("KeatMun/Form 7_default/OTC_Application_Reg/Page_PERKESO/3.login button")): Object: 'Object Repository/KeatMun/Form 7_default/OTC_Application_Reg/Page_PERKESO/3.login button' is clicked on

2019-02-21 18:01:15 - [MESSAGE][PASSED] - Object: 'Object Repository/KeatMun/Form 7_default/OTC_Application_Reg/Page_PERKESO/3.login button' is clicked on

2019-02-21 18:01:15 - [TEST_STEP][PASSED] - delay(2): Delayed 2 second(s)

2019-02-21 18:01:17 - [MESSAGE][PASSED] - Delayed 2 second(s)

2019-02-21 18:01:17 - [TEST_STEP][PASSED] - click(findTestObject("KeatMun/Form 7_default/OTC_Application_Reg/Page_PERKESO/4. Permohonan tab")): Object: 'Object Repository/KeatMun/Form 7_default/OTC_Application_Reg/Page_PERKESO/4. Permohonan tab' is clicked on

2019-02-21 18:01:18 - [MESSAGE][PASSED] - Object: 'Object Repository/KeatMun/Form 7_default/OTC_Application_Reg/Page_PERKESO/4. Permohonan tab' is clicked on

2019-02-21 18:01:18 - [TEST_STEP][PASSED] - delay(2): Delayed 2 second(s)

2019-02-21 18:01:20 - [MESSAGE][PASSED] - Delayed 2 second(s)

2019-02-21 18:01:20 - [TEST_STEP][PASSED] - click(findTestObject("KeatMun/Form 7_default/OTC_Application_Reg/Page_PERKESO/5.button_Setuju")): Object: 'Object Repository/KeatMun/Form 7_default/OTC_Application_Reg/Page_PERKESO/5.button_Setuju' is clicked on

2019-02-21 18:01:21 - [MESSAGE][PASSED] - Object: 'Object Repository/KeatMun/Form 7_default/OTC_Application_Reg/Page_PERKESO/5.button_Setuju' is clicked on

2019-02-21 18:01:21 - [TEST_STEP][PASSED] - delay(2): Delayed 2 second(s)

2019-02-21 18:01:23 - [MESSAGE][PASSED] - Delayed 2 second(s)

2019-02-21 18:01:23 - [TEST_STEP][PASSED] - callTestCase(findTestCase("All TC/Arranged/1. Common/IC List Checker"), [:], STOP_ON_FAILURE): Call Test Case 'Test Cases/All TC/Arranged/1. Common/IC List Checker' successfully

2019-02-21 18:01:23 - [TEST_CASE][PASSED] - Test Cases/All TC/Arranged/1. Common/IC List Checker: Test Cases/All TC/Arranged/1. Common/IC List Checker

2019-02-21 18:01:23 - [TEST_STEP][PASSED] - counter = 0: null

2019-02-21 18:01:23 - [TEST_STEP][PASSED] - fis = new java.io.FileInputStream((internal.GlobalVariable.TextFilePathCommon + \IC.xlsx)): null

2019-02-21 18:01:23 - [TEST_STEP][PASSED] - workbook = new org.apache.poi.xssf.usermodel.XSSFWorkbook(fis): null

2019-02-21 18:01:23 - [TEST_STEP][PASSED] - sheet = workbook.getSheet("Sheet1"): null

2019-02-21 18:01:23 - [TEST_STEP][PASSED] - totalRow = sheet.getLastRowNum(): null

2019-02-21 18:01:23 - [TEST_STEP][PASSED] - out.println(totalRow): null

2019-02-21 18:01:23 - [TEST_STEP][PASSED] - row = sheet.getRow(counter): null

2019-02-21 18:01:23 - [TEST_STEP][PASSED] - cell = row.getCell(counter): null

2019-02-21 18:01:23 - [TEST_STEP][PASSED] - a = cell.getStringCellValue(): null

2019-02-21 18:01:23 - [TEST_STEP][PASSED] - IC = a: null

2019-02-21 18:01:23 - [TEST_STEP][PASSED] - out.println(IC): null

2019-02-21 18:01:23 - [TEST_STEP][PASSED] - callTestCase(findTestCase("All TC/Arranged/1. Common/1.2 Setter/Setter IC"), [:], STOP_ON_FAILURE): Call Test Case 'Test Cases/All TC/Arranged/1. Common/1.2 Setter/Setter IC' successfully

2019-02-21 18:01:23 - [TEST_CASE][PASSED] - Test Cases/All TC/Arranged/1. Common/1.2 Setter/Setter IC: Test Cases/All TC/Arranged/1. Common/1.2 Setter/Setter IC

2019-02-21 18:01:23 - [TEST_STEP][PASSED] - RefNoOldFile = new java.io.File((internal.GlobalVariable.TextFilePathCommon + \getIC.txt)): null

2019-02-21 18:01:23 - [TEST_STEP][PASSED] - RefNoOldFile.delete(): null

2019-02-21 18:01:23 - [TEST_STEP][PASSED] - delay(5): Delayed 5 second(s)

2019-02-21 18:01:28 - [MESSAGE][PASSED] - Delayed 5 second(s)

2019-02-21 18:01:28 - [TEST_STEP][PASSED] - RefNo = new java.io.File((internal.GlobalVariable.TextFilePathCommon + \getIC.txt)): null

2019-02-21 18:01:28 - [TEST_STEP][PASSED] - f2 = new java.io.FileWriter(RefNo, false): null

2019-02-21 18:01:28 - [TEST_STEP][PASSED] - f2.write(IC): null

2019-02-21 18:01:28 - [TEST_STEP][PASSED] - f2.close(): null

2019-02-21 18:01:28 - [TEST_STEP][PASSED] - out.println("


" + IC + "


"): null

2019-02-21 18:01:28 - [MESSAGE][PASSED] - Call Test Case 'Test Cases/All TC/Arranged/1. Common/1.2 Setter/Setter IC' successfully

2019-02-21 18:01:28 - [MESSAGE][PASSED] - Call Test Case 'Test Cases/All TC/Arranged/1. Common/IC List Checker' successfully

2019-02-21 18:01:28 - [TEST_STEP][PASSED] - setText(findTestObject("KeatMun/Form 7_default/OTC_Application_Reg/Page_PERKESO/6.No. Kad Pengenalan"), IC): Text '860319435138' is set on object 'Object Repository/KeatMun/Form 7_default/OTC_Application_Reg/Page_PERKESO/6.No. Kad Pengenalan'

2019-02-21 18:01:28 - [MESSAGE][PASSED] - Text '860319435138' is set on object 'Object Repository/KeatMun/Form 7_default/OTC_Application_Reg/Page_PERKESO/6.No. Kad Pengenalan'

2019-02-21 18:01:28 - [TEST_STEP][PASSED] - delay(2): Delayed 2 second(s)

2019-02-21 18:01:30 - [MESSAGE][PASSED] - Delayed 2 second(s)

2019-02-21 18:01:30 - [TEST_STEP][PASSED] - click(findTestObject("KeatMun/Form 7_default/OTC_Application_Reg/Page_PERKESO/7.button_Semak")): Object: 'Object Repository/KeatMun/Form 7_default/OTC_Application_Reg/Page_PERKESO/7.button_Semak' is clicked on

2019-02-21 18:01:31 - [MESSAGE][PASSED] - Object: 'Object Repository/KeatMun/Form 7_default/OTC_Application_Reg/Page_PERKESO/7.button_Semak' is clicked on

2019-02-21 18:01:31 - [TEST_STEP][PASSED] - delay(4): Delayed 4 second(s)

2019-02-21 18:01:35 - [MESSAGE][PASSED] - Delayed 4 second(s)

2019-02-21 18:01:35 - [TEST_STEP][PASSED] - click(findTestObject("KeatMun/Form 7_default/OTC_Application_Reg/Page_PERKESO/8. Nama Majikan Dropdown")): Object: 'Object Repository/KeatMun/Form 7_default/OTC_Application_Reg/Page_PERKESO/8. Nama Majikan Dropdown' is clicked on

2019-02-21 18:01:35 - [MESSAGE][PASSED] - Object: 'Object Repository/KeatMun/Form 7_default/OTC_Application_Reg/Page_PERKESO/8. Nama Majikan Dropdown' is clicked on

2019-02-21 18:01:35 - [TEST_STEP][PASSED] - setText(findTestObject("KeatMun/Form 7_default/OTC_Application_Reg/Page_PERKESO/8. LOE emp"), "pet"): Text 'pet' is set on object 'Object Repository/KeatMun/Form 7_default/OTC_Application_Reg/Page_PERKESO/8. LOE emp'

2019-02-21 18:01:35 - [MESSAGE][PASSED] - Text 'pet' is set on object 'Object Repository/KeatMun/Form 7_default/OTC_Application_Reg/Page_PERKESO/8. LOE emp'

2019-02-21 18:01:35 - [TEST_STEP][PASSED] - click(findTestObject("KeatMun/Form 7_default/OTC_Application_Reg/Page_PERKESO/8. PETRONAS")): Object: 'Object Repository/KeatMun/Form 7_default/OTC_Application_Reg/Page_PERKESO/8. PETRONAS' is clicked on

2019-02-21 18:01:35 - [MESSAGE][PASSED] - Object: 'Object Repository/KeatMun/Form 7_default/OTC_Application_Reg/Page_PERKESO/8. PETRONAS' is clicked on

2019-02-21 18:01:35 - [TEST_STEP][PASSED] - delay(2): Delayed 2 second(s)

2019-02-21 18:01:37 - [MESSAGE][PASSED] - Delayed 2 second(s)

2019-02-21 18:01:37 - [TEST_STEP][PASSED] - TodayDate = new java.util.Date(): null

2019-02-21 18:01:37 - [TEST_STEP][PASSED] - CurrentDateNoFilter = new java.text.SimpleDateFormat(): null

2019-02-21 18:01:37 - [TEST_STEP][PASSED] - CurrentDateNoFilter.applyPattern("dd/MM/yyyy"): null

2019-02-21 18:01:37 - [TEST_STEP][PASSED] - CurrentDate = CurrentDateNoFilter.format(TodayDate): null

2019-02-21 18:01:37 - [TEST_STEP][PASSED] - out.println(CurrentDate): null

2019-02-21 18:01:37 - [TEST_STEP][PASSED] - date = CurrentDate: null

2019-02-21 18:01:37 - [TEST_STEP][PASSED] - setText(findTestObject("KeatMun/Form 7_default/OTC_Application_Reg/Page_PERKESO/9.Tarikh kehilangan pkj"), date): Text '21/02/2019' is set on object 'Object Repository/KeatMun/Form 7_default/OTC_Application_Reg/Page_PERKESO/9.Tarikh kehilangan pkj'

2019-02-21 18:01:37 - [MESSAGE][PASSED] - Text '21/02/2019' is set on object 'Object Repository/KeatMun/Form 7_default/OTC_Application_Reg/Page_PERKESO/9.Tarikh kehilangan pkj'

2019-02-21 18:01:37 - [TEST_STEP][PASSED] - delay(2): Delayed 2 second(s)

2019-02-21 18:01:39 - [MESSAGE][PASSED] - Delayed 2 second(s)

2019-02-21 18:01:39 - [TEST_STEP][PASSED] - click(findTestObject("KeatMun/Form 7_default/OTC_Application_Reg/Page_PERKESO/9. Date Picker Done Button ")): Object: 'Object Repository/KeatMun/Form 7_default/OTC_Application_Reg/Page_PERKESO/9. Date Picker Done Button ' is clicked on

2019-02-21 18:01:40 - [MESSAGE][PASSED] - Object: 'Object Repository/KeatMun/Form 7_default/OTC_Application_Reg/Page_PERKESO/9. Date Picker Done Button ' is clicked on

2019-02-21 18:01:40 - [TEST_STEP][PASSED] - delay(2): Delayed 2 second(s)

2019-02-21 18:01:42 - [MESSAGE][PASSED] - Delayed 2 second(s)

2019-02-21 18:01:42 - [TEST_STEP][PASSED] - click(findTestObject("KeatMun/Form 7_default/OTC_Application_Reg/Page_PERKESO/10.button_Mohon")): Object: 'Object Repository/KeatMun/Form 7_default/OTC_Application_Reg/Page_PERKESO/10.button_Mohon' is clicked on

2019-02-21 18:01:42 - [MESSAGE][PASSED] - Object: 'Object Repository/KeatMun/Form 7_default/OTC_Application_Reg/Page_PERKESO/10.button_Mohon' is clicked on

2019-02-21 18:01:42 - [TEST_STEP][PASSED] - delay(2): Delayed 2 second(s)

2019-02-21 18:01:44 - [MESSAGE][PASSED] - Delayed 2 second(s)

2019-02-21 18:01:44 - [TEST_STEP][PASSED] - setText(findTestObject("KeatMun/Form 7_default/OTC_Application_Reg/Page_PERKESO/11.Tarikh Terima_stampedDtS"), "10/01/2019"): Text '10/01/2019' is set on object 'Object Repository/KeatMun/Form 7_default/OTC_Application_Reg/Page_PERKESO/11.Tarikh Terima_stampedDtS'

2019-02-21 18:01:44 - [MESSAGE][PASSED] - Text '10/01/2019' is set on object 'Object Repository/KeatMun/Form 7_default/OTC_Application_Reg/Page_PERKESO/11.Tarikh Terima_stampedDtS'

2019-02-21 18:01:44 - [TEST_STEP][PASSED] - delay(2): Delayed 2 second(s)

2019-02-21 18:01:46 - [MESSAGE][PASSED] - Delayed 2 second(s)

2019-02-21 18:01:46 - [TEST_STEP][PASSED] - click(findTestObject("KeatMun/Form 7_default/OTC_Application_Reg/Page_PERKESO/11. Date Picker Done Button")): Object: 'Object Repository/KeatMun/Form 7_default/OTC_Application_Reg/Page_PERKESO/11. Date Picker Done Button' is clicked on

2019-02-21 18:01:46 - [MESSAGE][PASSED] - Object: 'Object Repository/KeatMun/Form 7_default/OTC_Application_Reg/Page_PERKESO/11. Date Picker Done Button' is clicked on

2019-02-21 18:01:46 - [TEST_STEP][PASSED] - delay(2): Delayed 2 second(s)

2019-02-21 18:01:48 - [MESSAGE][PASSED] - Delayed 2 second(s)

2019-02-21 18:01:48 - [TEST_STEP][PASSED] - click(findTestObject("KeatMun/Form 7_default/OTC_Application_Reg/Page_PERKESO/11.button_TERUSKAN")): Object: 'Object Repository/KeatMun/Form 7_default/OTC_Application_Reg/Page_PERKESO/11.button_TERUSKAN' is clicked on

2019-02-21 18:01:48 - [MESSAGE][PASSED] - Object: 'Object Repository/KeatMun/Form 7_default/OTC_Application_Reg/Page_PERKESO/11.button_TERUSKAN' is clicked on

2019-02-21 18:01:48 - [TEST_STEP][PASSED] - delay(2): Delayed 2 second(s)

2019-02-21 18:01:50 - [MESSAGE][PASSED] - Delayed 2 second(s)

2019-02-21 18:01:50 - [TEST_STEP][PASSED] - selectOptionByValue(findTestObject("KeatMun/Form 7_default/OTC_Application_Reg/Page_PERKESO/12.--Sila Pilih--PejabatPKS"), "22", true): All options with value '22' are selected in object 'Object Repository/KeatMun/Form 7_default/OTC_Application_Reg/Page_PERKESO/12.--Sila Pilih--PejabatPKS'  using regular expression

2019-02-21 18:01:51 - [MESSAGE][PASSED] - All options with value '22' are selected in object 'Object Repository/KeatMun/Form 7_default/OTC_Application_Reg/Page_PERKESO/12.--Sila Pilih--PejabatPKS'  using regular expression

2019-02-21 18:01:51 - [TEST_STEP][PASSED] - delay(2): Delayed 2 second(s)

2019-02-21 18:01:53 - [MESSAGE][PASSED] - Delayed 2 second(s)

2019-02-21 18:01:53 - [TEST_STEP][PASSED] - click(findTestObject("KeatMun/Form 7_default/OTC_Application_Reg/Page_PERKESO/13. Halaman Seterusnya")): Object: 'Object Repository/KeatMun/Form 7_default/OTC_Application_Reg/Page_PERKESO/13. Halaman Seterusnya' is clicked on

2019-02-21 18:01:54 - [MESSAGE][PASSED] - Object: 'Object Repository/KeatMun/Form 7_default/OTC_Application_Reg/Page_PERKESO/13. Halaman Seterusnya' is clicked on

2019-02-21 18:01:54 - [MESSAGE][PASSED] - Call Test Case 'Test Cases/All TC/Arranged/3. Unit/EI/Form 7_default/OTC_Application_Reg' successfully

2019-02-21 18:01:54 - [TEST_STEP][PASSED] - callTestCase(findTestCase("All TC/Arranged/3. Unit/EI/Form 7_default/OTC_Submit Form 7_Section A"), [:], STOP_ON_FAILURE): Call Test Case 'Test Cases/All TC/Arranged/3. Unit/EI/Form 7_default/OTC_Submit Form 7_Section A' successfully

2019-02-21 18:01:54 - [TEST_CASE][PASSED] - Test Cases/All TC/Arranged/3. Unit/EI/Form 7_default/OTC_Submit Form 7_Section A: Test Cases/All TC/Arranged/3. Unit/EI/Form 7_default/OTC_Submit Form 7_Section A

2019-02-21 18:01:54 - [TEST_STEP][PASSED] - delay(2): Delayed 2 second(s)

2019-02-21 18:01:56 - [MESSAGE][PASSED] - Delayed 2 second(s)

2019-02-21 18:01:56 - [TEST_STEP][PASSED] - setText(findTestObject("KeatMun/Form 7_default/OTC_Submit Form 7_Section A/Page_PERKESO/A4. EmployeeDob"), "10/01/2019"): Text '10/01/2019' is set on object 'Object Repository/KeatMun/Form 7_default/OTC_Submit Form 7_Section A/Page_PERKESO/A4. EmployeeDob'

2019-02-21 18:01:56 - [MESSAGE][PASSED] - Text '10/01/2019' is set on object 'Object Repository/KeatMun/Form 7_default/OTC_Submit Form 7_Section A/Page_PERKESO/A4. EmployeeDob'

2019-02-21 18:01:56 - [TEST_STEP][PASSED] - delay(2): Delayed 2 second(s)

2019-02-21 18:01:58 - [MESSAGE][PASSED] - Delayed 2 second(s)

2019-02-21 18:01:58 - [TEST_STEP][PASSED] - click(findTestObject("KeatMun/Form 7_default/OTC_Submit Form 7_Section A/Page_PERKESO/A5. Bangsa")): Object: 'Object Repository/KeatMun/Form 7_default/OTC_Submit Form 7_Section A/Page_PERKESO/A5. Bangsa' is clicked on

2019-02-21 18:01:58 - [MESSAGE][PASSED] - Object: 'Object Repository/KeatMun/Form 7_default/OTC_Submit Form 7_Section A/Page_PERKESO/A5. Bangsa' is clicked on

2019-02-21 18:01:58 - [TEST_STEP][PASSED] - click(findTestObject("KeatMun/Form 7_default/OTC_Submit Form 7_Section A/Page_PERKESO/A5. Bumiputera Sabah")): Object: 'Object Repository/KeatMun/Form 7_default/OTC_Submit Form 7_Section A/Page_PERKESO/A5. Bumiputera Sabah' is clicked on

2019-02-21 18:01:58 - [MESSAGE][PASSED] - Object: 'Object Repository/KeatMun/Form 7_default/OTC_Submit Form 7_Section A/Page_PERKESO/A5. Bumiputera Sabah' is clicked on

2019-02-21 18:01:58 - [TEST_STEP][PASSED] - delay(2): Delayed 2 second(s)

2019-02-21 18:02:00 - [MESSAGE][PASSED] - Delayed 2 second(s)

2019-02-21 18:02:00 - [TEST_STEP][PASSED] - click(findTestObject("KeatMun/Form 7_default/OTC_Submit Form 7_Section A/Page_PERKESO/A6. Jantina")): Object: 'Object Repository/KeatMun/Form 7_default/OTC_Submit Form 7_Section A/Page_PERKESO/A6. Jantina' is clicked on

2019-02-21 18:02:01 - [MESSAGE][PASSED] - Object: 'Object Repository/KeatMun/Form 7_default/OTC_Submit Form 7_Section A/Page_PERKESO/A6. Jantina' is clicked on

2019-02-21 18:02:01 - [TEST_STEP][PASSED] - click(findTestObject("KeatMun/Form 7_default/OTC_Submit Form 7_Section A/Page_PERKESO/A6. Lelaki")): Object: 'Object Repository/KeatMun/Form 7_default/OTC_Submit Form 7_Section A/Page_PERKESO/A6. Lelaki' is clicked on

2019-02-21 18:02:01 - [MESSAGE][PASSED] - Object: 'Object Repository/KeatMun/Form 7_default/OTC_Submit Form 7_Section A/Page_PERKESO/A6. Lelaki' is clicked on

2019-02-21 18:02:01 - [TEST_STEP][PASSED] - delay(2): Delayed 2 second(s)

2019-02-21 18:02:03 - [MESSAGE][PASSED] - Delayed 2 second(s)

2019-02-21 18:02:03 - [TEST_STEP][PASSED] - click(findTestObject("KeatMun/Form 7_default/OTC_Submit Form 7_Section A/Page_PERKESO/A7. Kewarganegaraan")): Object: 'Object Repository/KeatMun/Form 7_default/OTC_Submit Form 7_Section A/Page_PERKESO/A7. Kewarganegaraan' is clicked on

2019-02-21 18:02:03 - [MESSAGE][PASSED] - Object: 'Object Repository/KeatMun/Form 7_default/OTC_Submit Form 7_Section A/Page_PERKESO/A7. Kewarganegaraan' is clicked on

2019-02-21 18:02:03 - [TEST_STEP][PASSED] - click(findTestObject("KeatMun/Form 7_default/OTC_Submit Form 7_Section A/Page_PERKESO/A7. Malaysia")): Object: 'Object Repository/KeatMun/Form 7_default/OTC_Submit Form 7_Section A/Page_PERKESO/A7. Malaysia' is clicked on

2019-02-21 18:02:03 - [MESSAGE][PASSED] - Object: 'Object Repository/KeatMun/Form 7_default/OTC_Submit Form 7_Section A/Page_PERKESO/A7. Malaysia' is clicked on

2019-02-21 18:02:03 - [TEST_STEP][PASSED] - delay(2): Delayed 2 second(s)

2019-02-21 18:02:05 - [MESSAGE][PASSED] - Delayed 2 second(s)

2019-02-21 18:02:05 - [TEST_STEP][PASSED] - click(findTestObject("KeatMun/Form 7_default/OTC_Submit Form 7_Section A/Page_PERKESO/A8. Status Perkahwinan")): Object: 'Object Repository/KeatMun/Form 7_default/OTC_Submit Form 7_Section A/Page_PERKESO/A8. Status Perkahwinan' is clicked on

2019-02-21 18:02:05 - [MESSAGE][PASSED] - Object: 'Object Repository/KeatMun/Form 7_default/OTC_Submit Form 7_Section A/Page_PERKESO/A8. Status Perkahwinan' is clicked on

2019-02-21 18:02:05 - [TEST_STEP][PASSED] - click(findTestObject("KeatMun/Form 7_default/OTC_Submit Form 7_Section A/Page_PERKESO/A8. Bujang")): Object: 'Object Repository/KeatMun/Form 7_default/OTC_Submit Form 7_Section A/Page_PERKESO/A8. Bujang' is clicked on

2019-02-21 18:02:05 - [MESSAGE][PASSED] - Object: 'Object Repository/KeatMun/Form 7_default/OTC_Submit Form 7_Section A/Page_PERKESO/A8. Bujang' is clicked on

2019-02-21 18:02:05 - [TEST_STEP][PASSED] - delay(2): Delayed 2 second(s)

2019-02-21 18:02:07 - [MESSAGE][PASSED] - Delayed 2 second(s)

2019-02-21 18:02:07 - [TEST_STEP][PASSED] - setText(findTestObject("KeatMun/Form 7_default/OTC_Submit Form 7_Section A/Page_PERKESO/A9. Address1"), "qwertyuiop"): Text 'qwertyuiop' is set on object 'Object Repository/KeatMun/Form 7_default/OTC_Submit Form 7_Section A/Page_PERKESO/A9. Address1'

2019-02-21 18:02:08 - [MESSAGE][PASSED] - Text 'qwertyuiop' is set on object 'Object Repository/KeatMun/Form 7_default/OTC_Submit Form 7_Section A/Page_PERKESO/A9. Address1'

2019-02-21 18:02:08 - [TEST_STEP][PASSED] - delay(2): Delayed 2 second(s)

2019-02-21 18:02:10 - [MESSAGE][PASSED] - Delayed 2 second(s)

2019-02-21 18:02:10 - [TEST_STEP][PASSED] - click(findTestObject("KeatMun/Form 7_default/OTC_Submit Form 7_Section A/Page_PERKESO/A10. Negeri")): Object: 'Object Repository/KeatMun/Form 7_default/OTC_Submit Form 7_Section A/Page_PERKESO/A10. Negeri' is clicked on

2019-02-21 18:02:10 - [MESSAGE][PASSED] - Object: 'Object Repository/KeatMun/Form 7_default/OTC_Submit Form 7_Section A/Page_PERKESO/A10. Negeri' is clicked on

2019-02-21 18:02:10 - [TEST_STEP][PASSED] - click(findTestObject("KeatMun/Form 7_default/OTC_Submit Form 7_Section A/Page_PERKESO/A10. JOHOR")): Object: 'Object Repository/KeatMun/Form 7_default/OTC_Submit Form 7_Section A/Page_PERKESO/A10. JOHOR' is clicked on

2019-02-21 18:02:10 - [MESSAGE][PASSED] - Object: 'Object Repository/KeatMun/Form 7_default/OTC_Submit Form 7_Section A/Page_PERKESO/A10. JOHOR' is clicked on

2019-02-21 18:02:10 - [TEST_STEP][PASSED] - delay(2): Delayed 2 second(s)

2019-02-21 18:02:12 - [MESSAGE][PASSED] - Delayed 2 second(s)

2019-02-21 18:02:12 - [TEST_STEP][PASSED] - click(findTestObject("KeatMun/Form 7_default/OTC_Submit Form 7_Section A/Page_PERKESO/A11. --Sila Pilih--")): Object: 'Object Repository/KeatMun/Form 7_default/OTC_Submit Form 7_Section A/Page_PERKESO/A11. --Sila Pilih--' is clicked on

2019-02-21 18:02:12 - [MESSAGE][PASSED] - Object: 'Object Repository/KeatMun/Form 7_default/OTC_Submit Form 7_Section A/Page_PERKESO/A11. --Sila Pilih--' is clicked on

2019-02-21 18:02:12 - [TEST_STEP][PASSED] - setText(findTestObject("KeatMun/Form 7_default/OTC_Submit Form 7_Section A/Page_PERKESO/A11. Done_select2-search__fie (1)"), "jo"): Text 'jo' is set on object 'Object Repository/KeatMun/Form 7_default/OTC_Submit Form 7_Section A/Page_PERKESO/A11. Done_select2-search__fie (1)'

2019-02-21 18:02:12 - [MESSAGE][PASSED] - Text 'jo' is set on object 'Object Repository/KeatMun/Form 7_default/OTC_Submit Form 7_Section A/Page_PERKESO/A11. Done_select2-search__fie (1)'

2019-02-21 18:02:12 - [TEST_STEP][PASSED] - setText(findTestObject("KeatMun/Form 7_default/OTC_Submit Form 7_Section A/Page_PERKESO/A11. concat(id(  select2-city"), "jo"): Text 'jo' is set on object 'Object Repository/KeatMun/Form 7_default/OTC_Submit Form 7_Section A/Page_PERKESO/A11. concat(id(  select2-city'

2019-02-21 18:02:12 - [MESSAGE][PASSED] - Text 'jo' is set on object 'Object Repository/KeatMun/Form 7_default/OTC_Submit Form 7_Section A/Page_PERKESO/A11. concat(id(  select2-city'

2019-02-21 18:02:12 - [TEST_STEP][PASSED] - click(findTestObject("KeatMun/Form 7_default/OTC_Submit Form 7_Section A/Page_PERKESO/A11. JOHOR BAHRU")): Object: 'Object Repository/KeatMun/Form 7_default/OTC_Submit Form 7_Section A/Page_PERKESO/A11. JOHOR BAHRU' is clicked on

2019-02-21 18:02:13 - [MESSAGE][PASSED] - Object: 'Object Repository/KeatMun/Form 7_default/OTC_Submit Form 7_Section A/Page_PERKESO/A11. JOHOR BAHRU' is clicked on

2019-02-21 18:02:13 - [TEST_STEP][PASSED] - delay(2): Delayed 2 second(s)

2019-02-21 18:02:15 - [MESSAGE][PASSED] - Delayed 2 second(s)

2019-02-21 18:02:15 - [TEST_STEP][PASSED] - click(findTestObject("KeatMun/Form 7_default/OTC_Submit Form 7_Section A/Page_PERKESO/A12. --Sila Isikan--")): Object: 'Object Repository/KeatMun/Form 7_default/OTC_Submit Form 7_Section A/Page_PERKESO/A12. --Sila Isikan--' is clicked on

2019-02-21 18:02:15 - [MESSAGE][PASSED] - Object: 'Object Repository/KeatMun/Form 7_default/OTC_Submit Form 7_Section A/Page_PERKESO/A12. --Sila Isikan--' is clicked on

2019-02-21 18:02:15 - [TEST_STEP][PASSED] - setText(findTestObject("KeatMun/Form 7_default/OTC_Submit Form 7_Section A/Page_PERKESO/A11. Done_select2-search__fie"), "84"): Text '84' is set on object 'Object Repository/KeatMun/Form 7_default/OTC_Submit Form 7_Section A/Page_PERKESO/A11. Done_select2-search__fie'

2019-02-21 18:02:15 - [MESSAGE][PASSED] - Text '84' is set on object 'Object Repository/KeatMun/Form 7_default/OTC_Submit Form 7_Section A/Page_PERKESO/A11. Done_select2-search__fie'

2019-02-21 18:02:15 - [TEST_STEP][PASSED] - click(findTestObject("KeatMun/Form 7_default/OTC_Submit Form 7_Section A/Page_PERKESO/A12. 84000")): Object: 'Object Repository/KeatMun/Form 7_default/OTC_Submit Form 7_Section A/Page_PERKESO/A12. 84000' is clicked on

2019-02-21 18:02:15 - [MESSAGE][PASSED] - Object: 'Object Repository/KeatMun/Form 7_default/OTC_Submit Form 7_Section A/Page_PERKESO/A12. 84000' is clicked on

2019-02-21 18:02:15 - [TEST_STEP][PASSED] - delay(2): Delayed 2 second(s)

2019-02-21 18:02:17 - [MESSAGE][PASSED] - Delayed 2 second(s)

2019-02-21 18:02:17 - [TEST_STEP][PASSED] - setText(findTestObject("KeatMun/Form 7_default/OTC_Submit Form 7_Section A/Page_PERKESO/A13. mobileContact1"), "1234567890"): Text '1234567890' is set on object 'Object Repository/KeatMun/Form 7_default/OTC_Submit Form 7_Section A/Page_PERKESO/A13. mobileContact1'

2019-02-21 18:02:17 - [MESSAGE][PASSED] - Text '1234567890' is set on object 'Object Repository/KeatMun/Form 7_default/OTC_Submit Form 7_Section A/Page_PERKESO/A13. mobileContact1'

2019-02-21 18:02:17 - [TEST_STEP][PASSED] - delay(2): Delayed 2 second(s)

2019-02-21 18:02:19 - [MESSAGE][PASSED] - Delayed 2 second(s)

2019-02-21 18:02:19 - [TEST_STEP][PASSED] - click(findTestObject("KeatMun/Form 7_default/OTC_Submit Form 7_Section A/Page_PERKESO/A14. Halaman Seterusnya")): Object: 'Object Repository/KeatMun/Form 7_default/OTC_Submit Form 7_Section A/Page_PERKESO/A14. Halaman Seterusnya' is clicked on

2019-02-21 18:02:20 - [MESSAGE][PASSED] - Object: 'Object Repository/KeatMun/Form 7_default/OTC_Submit Form 7_Section A/Page_PERKESO/A14. Halaman Seterusnya' is clicked on

2019-02-21 18:02:20 - [TEST_STEP][PASSED] - delay(2): Delayed 2 second(s)

2019-02-21 18:02:22 - [MESSAGE][PASSED] - Delayed 2 second(s)

2019-02-21 18:02:22 - [MESSAGE][PASSED] - Call Test Case 'Test Cases/All TC/Arranged/3. Unit/EI/Form 7_default/OTC_Submit Form 7_Section A' successfully

2019-02-21 18:02:22 - [TEST_STEP][PASSED] - callTestCase(findTestCase("All TC/Arranged/3. Unit/EI/Form 7_default/OTC_Submit Form 7_Section B"), [:], STOP_ON_FAILURE): Call Test Case 'Test Cases/All TC/Arranged/3. Unit/EI/Form 7_default/OTC_Submit Form 7_Section B' successfully

2019-02-21 18:02:22 - [TEST_CASE][PASSED] - Test Cases/All TC/Arranged/3. Unit/EI/Form 7_default/OTC_Submit Form 7_Section B: Test Cases/All TC/Arranged/3. Unit/EI/Form 7_default/OTC_Submit Form 7_Section B

2019-02-21 18:02:22 - [TEST_STEP][PASSED] - delay(3): Delayed 3 second(s)

2019-02-21 18:02:25 - [MESSAGE][PASSED] - Delayed 3 second(s)

2019-02-21 18:02:25 - [TEST_STEP][PASSED] - click(findTestObject("KeatMun/Form 7_default/OTC_Submit Form 7_Section B/Page_PERKESO/B1. Jawatan")): Object: 'Object Repository/KeatMun/Form 7_default/OTC_Submit Form 7_Section B/Page_PERKESO/B1. Jawatan' is clicked on

2019-02-21 18:02:25 - [MESSAGE][PASSED] - Object: 'Object Repository/KeatMun/Form 7_default/OTC_Submit Form 7_Section B/Page_PERKESO/B1. Jawatan' is clicked on

2019-02-21 18:02:25 - [TEST_STEP][PASSED] - setText(findTestObject("KeatMun/Form 7_default/OTC_Submit Form 7_Section B/Page_PERKESO/B1. concat(id(  select2-posi"), "re"): Text 're' is set on object 'Object Repository/KeatMun/Form 7_default/OTC_Submit Form 7_Section B/Page_PERKESO/B1. concat(id(  select2-posi'

2019-02-21 18:02:25 - [MESSAGE][PASSED] - Text 're' is set on object 'Object Repository/KeatMun/Form 7_default/OTC_Submit Form 7_Section B/Page_PERKESO/B1. concat(id(  select2-posi'

2019-02-21 18:02:25 - [TEST_STEP][PASSED] - setText(findTestObject("KeatMun/Form 7_default/OTC_Submit Form 7_Section B/Page_PERKESO/B1. Done_select2-search__fie"), "re"): Text 're' is set on object 'Object Repository/KeatMun/Form 7_default/OTC_Submit Form 7_Section B/Page_PERKESO/B1. Done_select2-search__fie'

2019-02-21 18:02:25 - [MESSAGE][PASSED] - Text 're' is set on object 'Object Repository/KeatMun/Form 7_default/OTC_Submit Form 7_Section B/Page_PERKESO/B1. Done_select2-search__fie'

2019-02-21 18:02:25 - [TEST_STEP][PASSED] - click(findTestObject("KeatMun/Form 7_default/OTC_Submit Form 7_Section B/Page_PERKESO/B1. Arkitek Reka Bentuk")): Object: 'Object Repository/KeatMun/Form 7_default/OTC_Submit Form 7_Section B/Page_PERKESO/B1. Arkitek Reka Bentuk' is clicked on

2019-02-21 18:02:25 - [MESSAGE][PASSED] - Object: 'Object Repository/KeatMun/Form 7_default/OTC_Submit Form 7_Section B/Page_PERKESO/B1. Arkitek Reka Bentuk' is clicked on

2019-02-21 18:02:25 - [TEST_STEP][PASSED] - delay(2): Delayed 2 second(s)

2019-02-21 18:02:27 - [MESSAGE][PASSED] - Delayed 2 second(s)

2019-02-21 18:02:27 - [TEST_STEP][PASSED] - setText(findTestObject("KeatMun/Form 7_default/OTC_Submit Form 7_Section B/Page_PERKESO/B2. lastEmploymentStartDtSt"), "10/01/2019"): Text '10/01/2019' is set on object 'Object Repository/KeatMun/Form 7_default/OTC_Submit Form 7_Section B/Page_PERKESO/B2. lastEmploymentStartDtSt'

2019-02-21 18:02:28 - [MESSAGE][PASSED] - Text '10/01/2019' is set on object 'Object Repository/KeatMun/Form 7_default/OTC_Submit Form 7_Section B/Page_PERKESO/B2. lastEmploymentStartDtSt'

2019-02-21 18:02:28 - [TEST_STEP][PASSED] - delay(2): Delayed 2 second(s)

2019-02-21 18:02:30 - [MESSAGE][PASSED] - Delayed 2 second(s)

2019-02-21 18:02:30 - [TEST_STEP][PASSED] - click(findTestObject("KeatMun/Form 7_default/OTC_Submit Form 7_Section B/Page_PERKESO/B4. Status Perkejaan")): Object: 'Object Repository/KeatMun/Form 7_default/OTC_Submit Form 7_Section B/Page_PERKESO/B4. Status Perkejaan' is clicked on

2019-02-21 18:02:30 - [MESSAGE][PASSED] - Object: 'Object Repository/KeatMun/Form 7_default/OTC_Submit Form 7_Section B/Page_PERKESO/B4. Status Perkejaan' is clicked on

2019-02-21 18:02:30 - [TEST_STEP][PASSED] - click(findTestObject("KeatMun/Form 7_default/OTC_Submit Form 7_Section B/Page_PERKESO/B4. Tetap")): Object: 'Object Repository/KeatMun/Form 7_default/OTC_Submit Form 7_Section B/Page_PERKESO/B4. Tetap' is clicked on

2019-02-21 18:02:30 - [MESSAGE][PASSED] - Object: 'Object Repository/KeatMun/Form 7_default/OTC_Submit Form 7_Section B/Page_PERKESO/B4. Tetap' is clicked on

2019-02-21 18:02:30 - [TEST_STEP][PASSED] - delay(2): Delayed 2 second(s)

2019-02-21 18:02:32 - [MESSAGE][PASSED] - Delayed 2 second(s)

2019-02-21 18:02:32 - [TEST_STEP][PASSED] - setText(findTestObject("KeatMun/Form 7_default/OTC_Submit Form 7_Section B/Page_PERKESO/B5. Gaji (RM)_salary1"), "4000"): Text '4000' is set on object 'Object Repository/KeatMun/Form 7_default/OTC_Submit Form 7_Section B/Page_PERKESO/B5. Gaji (RM)_salary1'

2019-02-21 18:02:32 - [MESSAGE][PASSED] - Text '4000' is set on object 'Object Repository/KeatMun/Form 7_default/OTC_Submit Form 7_Section B/Page_PERKESO/B5. Gaji (RM)_salary1'

2019-02-21 18:02:32 - [TEST_STEP][PASSED] - delay(2): Delayed 2 second(s)

2019-02-21 18:02:34 - [MESSAGE][PASSED] - Delayed 2 second(s)

2019-02-21 18:02:34 - [TEST_STEP][PASSED] - setText(findTestObject("KeatMun/Form 7_default/OTC_Submit Form 7_Section B/Page_PERKESO/B5. Gaji (RM)_salary2"), "4000"): Text '4000' is set on object 'Object Repository/KeatMun/Form 7_default/OTC_Submit Form 7_Section B/Page_PERKESO/B5. Gaji (RM)_salary2'

2019-02-21 18:02:34 - [MESSAGE][PASSED] - Text '4000' is set on object 'Object Repository/KeatMun/Form 7_default/OTC_Submit Form 7_Section B/Page_PERKESO/B5. Gaji (RM)_salary2'

2019-02-21 18:02:34 - [TEST_STEP][PASSED] - delay(2): Delayed 2 second(s)

2019-02-21 18:02:36 - [MESSAGE][PASSED] - Delayed 2 second(s)

2019-02-21 18:02:36 - [TEST_STEP][PASSED] - setText(findTestObject("KeatMun/Form 7_default/OTC_Submit Form 7_Section B/Page_PERKESO/B5. Gaji (RM)_salary3"), "4000"): Text '4000' is set on object 'Object Repository/KeatMun/Form 7_default/OTC_Submit Form 7_Section B/Page_PERKESO/B5. Gaji (RM)_salary3'

2019-02-21 18:02:37 - [MESSAGE][PASSED] - Text '4000' is set on object 'Object Repository/KeatMun/Form 7_default/OTC_Submit Form 7_Section B/Page_PERKESO/B5. Gaji (RM)_salary3'

2019-02-21 18:02:37 - [TEST_STEP][PASSED] - delay(2): Delayed 2 second(s)

2019-02-21 18:02:39 - [MESSAGE][PASSED] - Delayed 2 second(s)

2019-02-21 18:02:39 - [TEST_STEP][PASSED] - setText(findTestObject("KeatMun/Form 7_default/OTC_Submit Form 7_Section B/Page_PERKESO/B5. Gaji (RM)_salary4"), "4000"): Text '4000' is set on object 'Object Repository/KeatMun/Form 7_default/OTC_Submit Form 7_Section B/Page_PERKESO/B5. Gaji (RM)_salary4'

2019-02-21 18:02:39 - [MESSAGE][PASSED] - Text '4000' is set on object 'Object Repository/KeatMun/Form 7_default/OTC_Submit Form 7_Section B/Page_PERKESO/B5. Gaji (RM)_salary4'

2019-02-21 18:02:39 - [TEST_STEP][PASSED] - delay(2): Delayed 2 second(s)

2019-02-21 18:02:41 - [MESSAGE][PASSED] - Delayed 2 second(s)

2019-02-21 18:02:41 - [TEST_STEP][PASSED] - setText(findTestObject("KeatMun/Form 7_default/OTC_Submit Form 7_Section B/Page_PERKESO/B5. Gaji (RM)_salary5"), "4000"): Text '4000' is set on object 'Object Repository/KeatMun/Form 7_default/OTC_Submit Form 7_Section B/Page_PERKESO/B5. Gaji (RM)_salary5'

2019-02-21 18:02:41 - [MESSAGE][PASSED] - Text '4000' is set on object 'Object Repository/KeatMun/Form 7_default/OTC_Submit Form 7_Section B/Page_PERKESO/B5. Gaji (RM)_salary5'

2019-02-21 18:02:41 - [TEST_STEP][PASSED] - delay(2): Delayed 2 second(s)

2019-02-21 18:02:43 - [MESSAGE][PASSED] - Delayed 2 second(s)

2019-02-21 18:02:43 - [TEST_STEP][PASSED] - setText(findTestObject("KeatMun/Form 7_default/OTC_Submit Form 7_Section B/Page_PERKESO/B5. Gaji (RM)_salary6"), "4000"): Text '4000' is set on object 'Object Repository/KeatMun/Form 7_default/OTC_Submit Form 7_Section B/Page_PERKESO/B5. Gaji (RM)_salary6'

2019-02-21 18:02:43 - [MESSAGE][PASSED] - Text '4000' is set on object 'Object Repository/KeatMun/Form 7_default/OTC_Submit Form 7_Section B/Page_PERKESO/B5. Gaji (RM)_salary6'

2019-02-21 18:02:43 - [TEST_STEP][PASSED] - delay(2): Delayed 2 second(s)

2019-02-21 18:02:45 - [MESSAGE][PASSED] - Delayed 2 second(s)

2019-02-21 18:02:45 - [TEST_STEP][PASSED] - click(findTestObject("KeatMun/Form 7_default/OTC_Submit Form 7_Section B/Page_PERKESO/B6. Reason JobLost")): Object: 'Object Repository/KeatMun/Form 7_default/OTC_Submit Form 7_Section B/Page_PERKESO/B6. Reason JobLost' is clicked on

2019-02-21 18:02:46 - [MESSAGE][PASSED] - Object: 'Object Repository/KeatMun/Form 7_default/OTC_Submit Form 7_Section B/Page_PERKESO/B6. Reason JobLost' is clicked on

2019-02-21 18:02:46 - [TEST_STEP][PASSED] - click(findTestObject("KeatMun/Form 7_default/OTC_Submit Form 7_Section B/Page_PERKESO/B6. Bencana alam (cth banjir ke")): Object: 'Object Repository/KeatMun/Form 7_default/OTC_Submit Form 7_Section B/Page_PERKESO/B6. Bencana alam (cth banjir ke' is clicked on

2019-02-21 18:02:46 - [MESSAGE][PASSED] - Object: 'Object Repository/KeatMun/Form 7_default/OTC_Submit Form 7_Section B/Page_PERKESO/B6. Bencana alam (cth banjir ke' is clicked on

2019-02-21 18:02:46 - [TEST_STEP][PASSED] - delay(3): Delayed 3 second(s)

2019-02-21 18:02:49 - [MESSAGE][PASSED] - Delayed 3 second(s)

2019-02-21 18:02:49 - [TEST_STEP][PASSED] - setText(findTestObject("KeatMun/Form 7_default/OTC_Submit Form 7_Section B/Page_PERKESO/B7. AverageWorkingHour"), "8"): Text '8' is set on object 'Object Repository/KeatMun/Form 7_default/OTC_Submit Form 7_Section B/Page_PERKESO/B7. AverageWorkingHour'

2019-02-21 18:02:49 - [MESSAGE][PASSED] - Text '8' is set on object 'Object Repository/KeatMun/Form 7_default/OTC_Submit Form 7_Section B/Page_PERKESO/B7. AverageWorkingHour'

2019-02-21 18:02:49 - [TEST_STEP][PASSED] - delay(2): Delayed 2 second(s)

2019-02-21 18:02:51 - [MESSAGE][PASSED] - Delayed 2 second(s)

2019-02-21 18:02:51 - [TEST_STEP][PASSED] - click(findTestObject("KeatMun/Form 7_default/OTC_Submit Form 7_Section B/Page_PERKESO/B8. Tidak_compensationInd")): Object: 'Object Repository/KeatMun/Form 7_default/OTC_Submit Form 7_Section B/Page_PERKESO/B8. Tidak_compensationInd' is clicked on

2019-02-21 18:02:51 - [MESSAGE][PASSED] - Object: 'Object Repository/KeatMun/Form 7_default/OTC_Submit Form 7_Section B/Page_PERKESO/B8. Tidak_compensationInd' is clicked on

2019-02-21 18:02:51 - [TEST_STEP][PASSED] - delay(1): Delayed 1 second(s)

2019-02-21 18:02:52 - [MESSAGE][PASSED] - Delayed 1 second(s)

2019-02-21 18:02:52 - [TEST_STEP][PASSED] - click(findTestObject("KeatMun/Form 7_default/OTC_Submit Form 7_Section B/Page_PERKESO/B9. Tidak_fileCaseInd")): Object: 'Object Repository/KeatMun/Form 7_default/OTC_Submit Form 7_Section B/Page_PERKESO/B9. Tidak_fileCaseInd' is clicked on

2019-02-21 18:02:52 - [MESSAGE][PASSED] - Object: 'Object Repository/KeatMun/Form 7_default/OTC_Submit Form 7_Section B/Page_PERKESO/B9. Tidak_fileCaseInd' is clicked on

2019-02-21 18:02:52 - [TEST_STEP][PASSED] - delay(1): Delayed 1 second(s)

2019-02-21 18:02:53 - [MESSAGE][PASSED] - Delayed 1 second(s)

2019-02-21 18:02:53 - [TEST_STEP][PASSED] - click(findTestObject("KeatMun/Form 7_default/OTC_Submit Form 7_Section B/Page_PERKESO/B10. Tidak_unregisterCaseInd")): Object: 'Object Repository/KeatMun/Form 7_default/OTC_Submit Form 7_Section B/Page_PERKESO/B10. Tidak_unregisterCaseInd' is clicked on

2019-02-21 18:02:53 - [MESSAGE][PASSED] - Object: 'Object Repository/KeatMun/Form 7_default/OTC_Submit Form 7_Section B/Page_PERKESO/B10. Tidak_unregisterCaseInd' is clicked on

2019-02-21 18:02:53 - [TEST_STEP][PASSED] - delay(2): Delayed 2 second(s)

2019-02-21 18:02:55 - [MESSAGE][PASSED] - Delayed 2 second(s)

2019-02-21 18:02:55 - [TEST_STEP][PASSED] - click(findTestObject("KeatMun/Form 7_default/OTC_Submit Form 7_Section B/Page_PERKESO/B11. Halaman Seterusnya")): Object: 'Object Repository/KeatMun/Form 7_default/OTC_Submit Form 7_Section B/Page_PERKESO/B11. Halaman Seterusnya' is clicked on

2019-02-21 18:02:56 - [MESSAGE][PASSED] - Object: 'Object Repository/KeatMun/Form 7_default/OTC_Submit Form 7_Section B/Page_PERKESO/B11. Halaman Seterusnya' is clicked on

2019-02-21 18:02:56 - [TEST_STEP][PASSED] - delay(3): Delayed 3 second(s)

2019-02-21 18:02:59 - [MESSAGE][PASSED] - Delayed 3 second(s)

2019-02-21 18:02:59 - [MESSAGE][PASSED] - Call Test Case 'Test Cases/All TC/Arranged/3. Unit/EI/Form 7_default/OTC_Submit Form 7_Section B' successfully

2019-02-21 18:02:59 - [TEST_STEP][PASSED] - callTestCase(findTestCase("All TC/Arranged/3. Unit/EI/Form 7_default/OTC_Submit Form 7_Section C"), [:], STOP_ON_FAILURE): Call Test Case 'Test Cases/All TC/Arranged/3. Unit/EI/Form 7_default/OTC_Submit Form 7_Section C' successfully

2019-02-21 18:02:59 - [TEST_CASE][PASSED] - Test Cases/All TC/Arranged/3. Unit/EI/Form 7_default/OTC_Submit Form 7_Section C: Test Cases/All TC/Arranged/3. Unit/EI/Form 7_default/OTC_Submit Form 7_Section C

2019-02-21 18:02:59 - [TEST_STEP][PASSED] - delay(2): Delayed 2 second(s)

2019-02-21 18:03:01 - [MESSAGE][PASSED] - Delayed 2 second(s)

2019-02-21 18:03:01 - [TEST_STEP][PASSED] - setText(findTestObject("KeatMun/Form 7_default/OTC_Submit Form 7_Section C/Page_PERKESO/C4. EmployerInfo"), "qwertyuiop"): Text 'qwertyuiop' is set on object 'Object Repository/KeatMun/Form 7_default/OTC_Submit Form 7_Section C/Page_PERKESO/C4. EmployerInfo'

2019-02-21 18:03:01 - [MESSAGE][PASSED] - Text 'qwertyuiop' is set on object 'Object Repository/KeatMun/Form 7_default/OTC_Submit Form 7_Section C/Page_PERKESO/C4. EmployerInfo'

2019-02-21 18:03:01 - [TEST_STEP][PASSED] - delay(2): Delayed 2 second(s)

2019-02-21 18:03:03 - [MESSAGE][PASSED] - Delayed 2 second(s)

2019-02-21 18:03:03 - [TEST_STEP][PASSED] - click(findTestObject("KeatMun/Form 7_default/OTC_Submit Form 7_Section C/Page_PERKESO/C5. Negeri")): Object: 'Object Repository/KeatMun/Form 7_default/OTC_Submit Form 7_Section C/Page_PERKESO/C5. Negeri' is clicked on

2019-02-21 18:03:03 - [MESSAGE][PASSED] - Object: 'Object Repository/KeatMun/Form 7_default/OTC_Submit Form 7_Section C/Page_PERKESO/C5. Negeri' is clicked on

2019-02-21 18:03:03 - [TEST_STEP][PASSED] - delay(2): Delayed 2 second(s)

2019-02-21 18:03:05 - [MESSAGE][PASSED] - Delayed 2 second(s)

2019-02-21 18:03:05 - [TEST_STEP][PASSED] - click(findTestObject("KeatMun/Form 7_default/OTC_Submit Form 7_Section C/Page_PERKESO/C5. JOHOR")): Object: 'Object Repository/KeatMun/Form 7_default/OTC_Submit Form 7_Section C/Page_PERKESO/C5. JOHOR' is clicked on

2019-02-21 18:03:05 - [MESSAGE][PASSED] - Object: 'Object Repository/KeatMun/Form 7_default/OTC_Submit Form 7_Section C/Page_PERKESO/C5. JOHOR' is clicked on

2019-02-21 18:03:05 - [TEST_STEP][PASSED] - delay(3): Delayed 3 second(s)

2019-02-21 18:03:08 - [MESSAGE][PASSED] - Delayed 3 second(s)

2019-02-21 18:03:08 - [TEST_STEP][PASSED] - click(findTestObject("KeatMun/Form 7_default/OTC_Submit Form 7_Section C/Page_PERKESO/C6. City")): Object: 'Object Repository/KeatMun/Form 7_default/OTC_Submit Form 7_Section C/Page_PERKESO/C6. City' is clicked on

2019-02-21 18:03:08 - [MESSAGE][PASSED] - Object: 'Object Repository/KeatMun/Form 7_default/OTC_Submit Form 7_Section C/Page_PERKESO/C6. City' is clicked on

2019-02-21 18:03:08 - [TEST_STEP][PASSED] - delay(2): Delayed 2 second(s)

2019-02-21 18:03:10 - [MESSAGE][PASSED] - Delayed 2 second(s)

2019-02-21 18:03:10 - [TEST_STEP][PASSED] - setText(findTestObject("KeatMun/Form 7_default/OTC_Submit Form 7_Section C/Page_PERKESO/C6. Done_select2-search__fie"), "jo"): Text 'jo' is set on object 'Object Repository/KeatMun/Form 7_default/OTC_Submit Form 7_Section C/Page_PERKESO/C6. Done_select2-search__fie'

2019-02-21 18:03:11 - [MESSAGE][PASSED] - Text 'jo' is set on object 'Object Repository/KeatMun/Form 7_default/OTC_Submit Form 7_Section C/Page_PERKESO/C6. Done_select2-search__fie'

2019-02-21 18:03:11 - [TEST_STEP][PASSED] - setText(findTestObject("KeatMun/Form 7_default/OTC_Submit Form 7_Section C/Page_PERKESO/C6. Concat(id(  select2-city"), "jo"): Text 'jo' is set on object 'Object Repository/KeatMun/Form 7_default/OTC_Submit Form 7_Section C/Page_PERKESO/C6. Concat(id(  select2-city'

2019-02-21 18:03:11 - [MESSAGE][PASSED] - Text 'jo' is set on object 'Object Repository/KeatMun/Form 7_default/OTC_Submit Form 7_Section C/Page_PERKESO/C6. Concat(id(  select2-city'

2019-02-21 18:03:11 - [TEST_STEP][PASSED] - click(findTestObject("KeatMun/Form 7_default/OTC_Submit Form 7_Section C/Page_PERKESO/C6. JOHOR BAHRU")): Object: 'Object Repository/KeatMun/Form 7_default/OTC_Submit Form 7_Section C/Page_PERKESO/C6. JOHOR BAHRU' is clicked on

2019-02-21 18:03:11 - [MESSAGE][PASSED] - Object: 'Object Repository/KeatMun/Form 7_default/OTC_Submit Form 7_Section C/Page_PERKESO/C6. JOHOR BAHRU' is clicked on

2019-02-21 18:03:11 - [TEST_STEP][PASSED] - delay(3): Delayed 3 second(s)

2019-02-21 18:03:14 - [MESSAGE][PASSED] - Delayed 3 second(s)

2019-02-21 18:03:14 - [TEST_STEP][PASSED] - click(findTestObject("KeatMun/Form 7_default/OTC_Submit Form 7_Section C/Page_PERKESO/C7. --Sila Isikan--")): Object: 'Object Repository/KeatMun/Form 7_default/OTC_Submit Form 7_Section C/Page_PERKESO/C7. --Sila Isikan--' is clicked on

2019-02-21 18:03:14 - [MESSAGE][PASSED] - Object: 'Object Repository/KeatMun/Form 7_default/OTC_Submit Form 7_Section C/Page_PERKESO/C7. --Sila Isikan--' is clicked on

2019-02-21 18:03:14 - [TEST_STEP][PASSED] - delay(2): Delayed 2 second(s)

2019-02-21 18:03:16 - [MESSAGE][PASSED] - Delayed 2 second(s)

2019-02-21 18:03:16 - [TEST_STEP][PASSED] - setText(findTestObject("KeatMun/Form 7_default/OTC_Submit Form 7_Section C/Page_PERKESO/C7. Done_select2-search__fie"), "84"): Text '84' is set on object 'Object Repository/KeatMun/Form 7_default/OTC_Submit Form 7_Section C/Page_PERKESO/C7. Done_select2-search__fie'

2019-02-21 18:03:16 - [MESSAGE][PASSED] - Text '84' is set on object 'Object Repository/KeatMun/Form 7_default/OTC_Submit Form 7_Section C/Page_PERKESO/C7. Done_select2-search__fie'

2019-02-21 18:03:16 - [TEST_STEP][PASSED] - setText(findTestObject("KeatMun/Form 7_default/OTC_Submit Form 7_Section C/Page_PERKESO/C7. Concat(id(  select2-post"), "84"): Text '84' is set on object 'Object Repository/KeatMun/Form 7_default/OTC_Submit Form 7_Section C/Page_PERKESO/C7. Concat(id(  select2-post'

2019-02-21 18:03:17 - [MESSAGE][PASSED] - Text '84' is set on object 'Object Repository/KeatMun/Form 7_default/OTC_Submit Form 7_Section C/Page_PERKESO/C7. Concat(id(  select2-post'

2019-02-21 18:03:17 - [TEST_STEP][PASSED] - click(findTestObject("KeatMun/Form 7_default/OTC_Submit Form 7_Section C/Page_PERKESO/C7. 84000")): Object: 'Object Repository/KeatMun/Form 7_default/OTC_Submit Form 7_Section C/Page_PERKESO/C7. 84000' is clicked on

2019-02-21 18:03:17 - [MESSAGE][PASSED] - Object: 'Object Repository/KeatMun/Form 7_default/OTC_Submit Form 7_Section C/Page_PERKESO/C7. 84000' is clicked on

2019-02-21 18:03:17 - [TEST_STEP][PASSED] - delay(3): Delayed 3 second(s)

2019-02-21 18:03:20 - [MESSAGE][PASSED] - Delayed 3 second(s)

2019-02-21 18:03:20 - [TEST_STEP][PASSED] - click(findTestObject("KeatMun/Form 7_default/OTC_Submit Form 7_Section C/Page_PERKESO/C8. Tidak_employerInfo.emplo")): Object: 'Object Repository/KeatMun/Form 7_default/OTC_Submit Form 7_Section C/Page_PERKESO/C8. Tidak_employerInfo.emplo' is clicked on

2019-02-21 18:03:20 - [MESSAGE][PASSED] - Object: 'Object Repository/KeatMun/Form 7_default/OTC_Submit Form 7_Section C/Page_PERKESO/C8. Tidak_employerInfo.emplo' is clicked on

2019-02-21 18:03:20 - [TEST_STEP][PASSED] - delay(2): Delayed 2 second(s)

2019-02-21 18:03:22 - [MESSAGE][PASSED] - Delayed 2 second(s)

2019-02-21 18:03:22 - [TEST_STEP][PASSED] - setText(findTestObject("KeatMun/Form 7_default/OTC_Submit Form 7_Section C/Page_PERKESO/C9. EmployerName"), "qwertyuiop"): Text 'qwertyuiop' is set on object 'Object Repository/KeatMun/Form 7_default/OTC_Submit Form 7_Section C/Page_PERKESO/C9. EmployerName'

2019-02-21 18:03:22 - [MESSAGE][PASSED] - Text 'qwertyuiop' is set on object 'Object Repository/KeatMun/Form 7_default/OTC_Submit Form 7_Section C/Page_PERKESO/C9. EmployerName'

2019-02-21 18:03:22 - [TEST_STEP][PASSED] - delay(2): Delayed 2 second(s)

2019-02-21 18:03:24 - [MESSAGE][PASSED] - Delayed 2 second(s)

2019-02-21 18:03:24 - [TEST_STEP][PASSED] - setText(findTestObject("KeatMun/Form 7_default/OTC_Submit Form 7_Section C/Page_PERKESO/C10. EmployerIC"), "1234567890"): Text '1234567890' is set on object 'Object Repository/KeatMun/Form 7_default/OTC_Submit Form 7_Section C/Page_PERKESO/C10. EmployerIC'

2019-02-21 18:03:24 - [MESSAGE][PASSED] - Text '1234567890' is set on object 'Object Repository/KeatMun/Form 7_default/OTC_Submit Form 7_Section C/Page_PERKESO/C10. EmployerIC'

2019-02-21 18:03:24 - [TEST_STEP][PASSED] - delay(3): Delayed 3 second(s)

2019-02-21 18:03:27 - [MESSAGE][PASSED] - Delayed 3 second(s)

2019-02-21 18:03:27 - [TEST_STEP][PASSED] - click(findTestObject("KeatMun/Form 7_default/OTC_Submit Form 7_Section C/Page_PERKESO/C11. Halaman Seterusnya")): Object: 'Object Repository/KeatMun/Form 7_default/OTC_Submit Form 7_Section C/Page_PERKESO/C11. Halaman Seterusnya' is clicked on

2019-02-21 18:03:28 - [MESSAGE][PASSED] - Object: 'Object Repository/KeatMun/Form 7_default/OTC_Submit Form 7_Section C/Page_PERKESO/C11. Halaman Seterusnya' is clicked on

2019-02-21 18:03:28 - [TEST_STEP][PASSED] - delay(3): Delayed 3 second(s)

2019-02-21 18:03:31 - [MESSAGE][PASSED] - Delayed 3 second(s)

2019-02-21 18:03:31 - [MESSAGE][PASSED] - Call Test Case 'Test Cases/All TC/Arranged/3. Unit/EI/Form 7_default/OTC_Submit Form 7_Section C' successfully

2019-02-21 18:03:31 - [TEST_STEP][PASSED] - callTestCase(findTestCase("All TC/Arranged/3. Unit/EI/Form 7_default/OTC_Submit Form 7_Section D-E"), [:], STOP_ON_FAILURE): Call Test Case 'Test Cases/All TC/Arranged/3. Unit/EI/Form 7_default/OTC_Submit Form 7_Section D-E' successfully

2019-02-21 18:03:31 - [TEST_CASE][PASSED] - Test Cases/All TC/Arranged/3. Unit/EI/Form 7_default/OTC_Submit Form 7_Section D-E: Test Cases/All TC/Arranged/3. Unit/EI/Form 7_default/OTC_Submit Form 7_Section D-E

2019-02-21 18:03:31 - [TEST_STEP][PASSED] - delay(3): Delayed 3 second(s)

2019-02-21 18:03:34 - [MESSAGE][PASSED] - Delayed 3 second(s)

2019-02-21 18:03:34 - [TEST_STEP][PASSED] - click(findTestObject("KeatMun/Form 7_default/OTC_Submit Form 7_Section D-E/Page_PERKESO/D1. NO_otherActiveEmploye")): Object: 'Object Repository/KeatMun/Form 7_default/OTC_Submit Form 7_Section D-E/Page_PERKESO/D1. NO_otherActiveEmploye' is clicked on

2019-02-21 18:03:34 - [MESSAGE][PASSED] - Object: 'Object Repository/KeatMun/Form 7_default/OTC_Submit Form 7_Section D-E/Page_PERKESO/D1. NO_otherActiveEmploye' is clicked on

2019-02-21 18:03:34 - [TEST_STEP][PASSED] - delay(4): Delayed 4 second(s)

2019-02-21 18:03:38 - [MESSAGE][PASSED] - Delayed 4 second(s)

2019-02-21 18:03:38 - [TEST_STEP][PASSED] - click(findTestObject("KeatMun/Form 7_default/OTC_Submit Form 7_Section D-E/Page_PERKESO/D2. Halaman Seterusnya")): Object: 'Object Repository/KeatMun/Form 7_default/OTC_Submit Form 7_Section D-E/Page_PERKESO/D2. Halaman Seterusnya' is clicked on

2019-02-21 18:03:38 - [MESSAGE][PASSED] - Object: 'Object Repository/KeatMun/Form 7_default/OTC_Submit Form 7_Section D-E/Page_PERKESO/D2. Halaman Seterusnya' is clicked on

2019-02-21 18:03:38 - [TEST_STEP][PASSED] - delay(5): Delayed 5 second(s)

2019-02-21 18:03:43 - [MESSAGE][PASSED] - Delayed 5 second(s)

2019-02-21 18:03:43 - [TEST_STEP][PASSED] - setText(findTestObject("KeatMun/Form 7_default/OTC_Submit Form 7_Section D-E/Page_PERKESO/E1. Input__totalExpYear"), "1"): Text '1' is set on object 'Object Repository/KeatMun/Form 7_default/OTC_Submit Form 7_Section D-E/Page_PERKESO/E1. Input__totalExpYear'

2019-02-21 18:03:43 - [MESSAGE][PASSED] - Text '1' is set on object 'Object Repository/KeatMun/Form 7_default/OTC_Submit Form 7_Section D-E/Page_PERKESO/E1. Input__totalExpYear'

2019-02-21 18:03:43 - [TEST_STEP][PASSED] - delay(2): Delayed 2 second(s)

2019-02-21 18:03:45 - [MESSAGE][PASSED] - Delayed 2 second(s)

2019-02-21 18:03:45 - [TEST_STEP][PASSED] - setText(findTestObject("KeatMun/Form 7_default/OTC_Submit Form 7_Section D-E/Page_PERKESO/E1. Tahun_totalExpMonth"), "1"): Text '1' is set on object 'Object Repository/KeatMun/Form 7_default/OTC_Submit Form 7_Section D-E/Page_PERKESO/E1. Tahun_totalExpMonth'

2019-02-21 18:03:45 - [MESSAGE][PASSED] - Text '1' is set on object 'Object Repository/KeatMun/Form 7_default/OTC_Submit Form 7_Section D-E/Page_PERKESO/E1. Tahun_totalExpMonth'

2019-02-21 18:03:45 - [TEST_STEP][PASSED] - delay(2): Delayed 2 second(s)

2019-02-21 18:03:47 - [MESSAGE][PASSED] - Delayed 2 second(s)

2019-02-21 18:03:47 - [TEST_STEP][PASSED] - click(findTestObject("KeatMun/Form 7_default/OTC_Submit Form 7_Section D-E/Page_PERKESO/E2. Edu-Level")): Object: 'Object Repository/KeatMun/Form 7_default/OTC_Submit Form 7_Section D-E/Page_PERKESO/E2. Edu-Level' is clicked on

2019-02-21 18:03:48 - [MESSAGE][PASSED] - Object: 'Object Repository/KeatMun/Form 7_default/OTC_Submit Form 7_Section D-E/Page_PERKESO/E2. Edu-Level' is clicked on

2019-02-21 18:03:48 - [TEST_STEP][PASSED] - delay(2): Delayed 2 second(s)

2019-02-21 18:03:50 - [MESSAGE][PASSED] - Delayed 2 second(s)

2019-02-21 18:03:50 - [TEST_STEP][PASSED] - click(findTestObject("KeatMun/Form 7_default/OTC_Submit Form 7_Section D-E/Page_PERKESO/E2. PMRPT3")): Object: 'Object Repository/KeatMun/Form 7_default/OTC_Submit Form 7_Section D-E/Page_PERKESO/E2. PMRPT3' is clicked on

2019-02-21 18:03:50 - [MESSAGE][PASSED] - Object: 'Object Repository/KeatMun/Form 7_default/OTC_Submit Form 7_Section D-E/Page_PERKESO/E2. PMRPT3' is clicked on

2019-02-21 18:03:50 - [TEST_STEP][PASSED] - delay(3): Delayed 3 second(s)

2019-02-21 18:03:53 - [MESSAGE][PASSED] - Delayed 3 second(s)

2019-02-21 18:03:53 - [TEST_STEP][PASSED] - click(findTestObject("KeatMun/Form 7_default/OTC_Submit Form 7_Section D-E/Page_PERKESO/E3. Job-Choice")): Object: 'Object Repository/KeatMun/Form 7_default/OTC_Submit Form 7_Section D-E/Page_PERKESO/E3. Job-Choice' is clicked on

2019-02-21 18:03:53 - [MESSAGE][PASSED] - Object: 'Object Repository/KeatMun/Form 7_default/OTC_Submit Form 7_Section D-E/Page_PERKESO/E3. Job-Choice' is clicked on

2019-02-21 18:03:53 - [TEST_STEP][PASSED] - delay(2): Delayed 2 second(s)

2019-02-21 18:03:55 - [MESSAGE][PASSED] - Delayed 2 second(s)

2019-02-21 18:03:55 - [TEST_STEP][PASSED] - setText(findTestObject("KeatMun/Form 7_default/OTC_Submit Form 7_Section D-E/Page_PERKESO/E3. Done_select2-search__fie"), "re"): Text 're' is set on object 'Object Repository/KeatMun/Form 7_default/OTC_Submit Form 7_Section D-E/Page_PERKESO/E3. Done_select2-search__fie'

2019-02-21 18:03:55 - [MESSAGE][PASSED] - Text 're' is set on object 'Object Repository/KeatMun/Form 7_default/OTC_Submit Form 7_Section D-E/Page_PERKESO/E3. Done_select2-search__fie'

2019-02-21 18:03:55 - [TEST_STEP][PASSED] - click(findTestObject("KeatMun/Form 7_default/OTC_Submit Form 7_Section D-E/Page_PERKESO/E3. Arkitek Reka Bentuk")): Object: 'Object Repository/KeatMun/Form 7_default/OTC_Submit Form 7_Section D-E/Page_PERKESO/E3. Arkitek Reka Bentuk' is clicked on

2019-02-21 18:03:56 - [MESSAGE][PASSED] - Object: 'Object Repository/KeatMun/Form 7_default/OTC_Submit Form 7_Section D-E/Page_PERKESO/E3. Arkitek Reka Bentuk' is clicked on

2019-02-21 18:03:56 - [TEST_STEP][PASSED] - delay(2): Delayed 2 second(s)

2019-02-21 18:03:58 - [MESSAGE][PASSED] - Delayed 2 second(s)

2019-02-21 18:03:58 - [TEST_STEP][PASSED] - click(findTestObject("KeatMun/Form 7_default/OTC_Submit Form 7_Section D-E/Page_PERKESO/E4. Job_Location")): Object: 'Object Repository/KeatMun/Form 7_default/OTC_Submit Form 7_Section D-E/Page_PERKESO/E4. Job_Location' is clicked on

2019-02-21 18:03:58 - [MESSAGE][PASSED] - Object: 'Object Repository/KeatMun/Form 7_default/OTC_Submit Form 7_Section D-E/Page_PERKESO/E4. Job_Location' is clicked on

2019-02-21 18:03:58 - [TEST_STEP][PASSED] - delay(2): Delayed 2 second(s)

2019-02-21 18:04:00 - [MESSAGE][PASSED] - Delayed 2 second(s)

2019-02-21 18:04:00 - [TEST_STEP][PASSED] - click(findTestObject("KeatMun/Form 7_default/OTC_Submit Form 7_Section D-E/Page_PERKESO/E4. JOHOR")): Object: 'Object Repository/KeatMun/Form 7_default/OTC_Submit Form 7_Section D-E/Page_PERKESO/E4. JOHOR' is clicked on

2019-02-21 18:04:00 - [MESSAGE][PASSED] - Object: 'Object Repository/KeatMun/Form 7_default/OTC_Submit Form 7_Section D-E/Page_PERKESO/E4. JOHOR' is clicked on

2019-02-21 18:04:00 - [TEST_STEP][PASSED] - delay(2): Delayed 2 second(s)

2019-02-21 18:04:02 - [MESSAGE][PASSED] - Delayed 2 second(s)

2019-02-21 18:04:02 - [TEST_STEP][PASSED] - click(findTestObject("KeatMun/Form 7_default/OTC_Submit Form 7_Section D-E/Page_PERKESO/E7. NO_disability")): Object: 'Object Repository/KeatMun/Form 7_default/OTC_Submit Form 7_Section D-E/Page_PERKESO/E7. NO_disability' is clicked on

2019-02-21 18:04:02 - [MESSAGE][PASSED] - Object: 'Object Repository/KeatMun/Form 7_default/OTC_Submit Form 7_Section D-E/Page_PERKESO/E7. NO_disability' is clicked on

2019-02-21 18:04:02 - [TEST_STEP][PASSED] - delay(2): Delayed 2 second(s)

2019-02-21 18:04:04 - [MESSAGE][PASSED] - Delayed 2 second(s)

2019-02-21 18:04:04 - [TEST_STEP][PASSED] - click(findTestObject("KeatMun/Form 7_default/OTC_Submit Form 7_Section D-E/Page_PERKESO/E8. NO_disabilityApplyInd")): Object: 'Object Repository/KeatMun/Form 7_default/OTC_Submit Form 7_Section D-E/Page_PERKESO/E8. NO_disabilityApplyInd' is clicked on

2019-02-21 18:04:04 - [MESSAGE][PASSED] - Object: 'Object Repository/KeatMun/Form 7_default/OTC_Submit Form 7_Section D-E/Page_PERKESO/E8. NO_disabilityApplyInd' is clicked on

2019-02-21 18:04:04 - [TEST_STEP][PASSED] - delay(2): Delayed 2 second(s)

2019-02-21 18:04:06 - [MESSAGE][PASSED] - Delayed 2 second(s)

2019-02-21 18:04:06 - [TEST_STEP][PASSED] - click(findTestObject("KeatMun/Form 7_default/OTC_Submit Form 7_Section D-E/Page_PERKESO/E9. YES_ReEmployment")): Object: 'Object Repository/KeatMun/Form 7_default/OTC_Submit Form 7_Section D-E/Page_PERKESO/E9. YES_ReEmployment' is clicked on

2019-02-21 18:04:07 - [MESSAGE][PASSED] - Object: 'Object Repository/KeatMun/Form 7_default/OTC_Submit Form 7_Section D-E/Page_PERKESO/E9. YES_ReEmployment' is clicked on

2019-02-21 18:04:07 - [TEST_STEP][PASSED] - delay(2): Delayed 2 second(s)

2019-02-21 18:04:09 - [MESSAGE][PASSED] - Delayed 2 second(s)

2019-02-21 18:04:09 - [TEST_STEP][PASSED] - click(findTestObject("KeatMun/Form 7_default/OTC_Submit Form 7_Section D-E/Page_PERKESO/E10. Halaman Seterusnya")): Object: 'Object Repository/KeatMun/Form 7_default/OTC_Submit Form 7_Section D-E/Page_PERKESO/E10. Halaman Seterusnya' is clicked on

2019-02-21 18:04:09 - [MESSAGE][PASSED] - Object: 'Object Repository/KeatMun/Form 7_default/OTC_Submit Form 7_Section D-E/Page_PERKESO/E10. Halaman Seterusnya' is clicked on

2019-02-21 18:04:09 - [TEST_STEP][PASSED] - delay(3): Delayed 3 second(s)

2019-02-21 18:04:12 - [MESSAGE][PASSED] - Delayed 3 second(s)

2019-02-21 18:04:12 - [MESSAGE][PASSED] - Call Test Case 'Test Cases/All TC/Arranged/3. Unit/EI/Form 7_default/OTC_Submit Form 7_Section D-E' successfully

2019-02-21 18:04:12 - [TEST_STEP][PASSED] - callTestCase(findTestCase("All TC/Arranged/3. Unit/EI/Form 7_default/OTC_Submit Form 7_Section F-G-H - Cheque"), [:], STOP_ON_FAILURE): Call Test Case 'Test Cases/All TC/Arranged/3. Unit/EI/Form 7_default/OTC_Submit Form 7_Section F-G-H - Cheque' successfully

2019-02-21 18:04:12 - [TEST_CASE][PASSED] - Test Cases/All TC/Arranged/3. Unit/EI/Form 7_default/OTC_Submit Form 7_Section F-G-H - Cheque: Test Cases/All TC/Arranged/3. Unit/EI/Form 7_default/OTC_Submit Form 7_Section F-G-H - Cheque

2019-02-21 18:04:12 - [TEST_STEP][PASSED] - delay(3): Delayed 3 second(s)

2019-02-21 18:04:15 - [MESSAGE][PASSED] - Delayed 3 second(s)

2019-02-21 18:04:15 - [TEST_STEP][PASSED] - click(findTestObject("KeatMun/Form 7_default/OTC_Submit Form 7_Section F-G-H/Page_PERKESO/F1. Bankrup_yes")): Object: 'Object Repository/KeatMun/Form 7_default/OTC_Submit Form 7_Section F-G-H/Page_PERKESO/F1. Bankrup_yes' is clicked on

2019-02-21 18:04:15 - [MESSAGE][PASSED] - Object: 'Object Repository/KeatMun/Form 7_default/OTC_Submit Form 7_Section F-G-H/Page_PERKESO/F1. Bankrup_yes' is clicked on

2019-02-21 18:04:15 - [TEST_STEP][PASSED] - delay(3): Delayed 3 second(s)

2019-02-21 18:04:18 - [MESSAGE][PASSED] - Delayed 3 second(s)

2019-02-21 18:04:18 - [TEST_STEP][PASSED] - click(findTestObject("KeatMun/Form 7_default/OTC_Submit Form 7_Section F-G-H/Page_PERKESO/F2. Next_Page_AfterBankInfo")): Object: 'Object Repository/KeatMun/Form 7_default/OTC_Submit Form 7_Section F-G-H/Page_PERKESO/F2. Next_Page_AfterBankInfo' is clicked on

2019-02-21 18:04:18 - [MESSAGE][PASSED] - Object: 'Object Repository/KeatMun/Form 7_default/OTC_Submit Form 7_Section F-G-H/Page_PERKESO/F2. Next_Page_AfterBankInfo' is clicked on

2019-02-21 18:04:18 - [TEST_STEP][PASSED] - delay(5): Delayed 5 second(s)

2019-02-21 18:04:23 - [MESSAGE][PASSED] - Delayed 5 second(s)

2019-02-21 18:04:23 - [TEST_STEP][PASSED] - setText(findTestObject("KeatMun/Form 7_default/OTC_Submit Form 7_Section F-G-H/Page_PERKESO/G2. Hubungan dengan OB-nama"), "qwertyuiop"): Text 'qwertyuiop' is set on object 'Object Repository/KeatMun/Form 7_default/OTC_Submit Form 7_Section F-G-H/Page_PERKESO/G2. Hubungan dengan OB-nama'

2019-02-21 18:04:23 - [MESSAGE][PASSED] - Text 'qwertyuiop' is set on object 'Object Repository/KeatMun/Form 7_default/OTC_Submit Form 7_Section F-G-H/Page_PERKESO/G2. Hubungan dengan OB-nama'

2019-02-21 18:04:23 - [TEST_STEP][PASSED] - delay(2): Delayed 2 second(s)

2019-02-21 18:04:25 - [MESSAGE][PASSED] - Delayed 2 second(s)

2019-02-21 18:04:25 - [TEST_STEP][PASSED] - setText(findTestObject("KeatMun/Form 7_default/OTC_Submit Form 7_Section F-G-H/Page_PERKESO/G2. Hubungan dengan OB-ic.no"), "111111223333"): Text '111111223333' is set on object 'Object Repository/KeatMun/Form 7_default/OTC_Submit Form 7_Section F-G-H/Page_PERKESO/G2. Hubungan dengan OB-ic.no'

2019-02-21 18:04:26 - [MESSAGE][PASSED] - Text '111111223333' is set on object 'Object Repository/KeatMun/Form 7_default/OTC_Submit Form 7_Section F-G-H/Page_PERKESO/G2. Hubungan dengan OB-ic.no'

2019-02-21 18:04:26 - [TEST_STEP][PASSED] - delay(2): Delayed 2 second(s)

2019-02-21 18:04:28 - [MESSAGE][PASSED] - Delayed 2 second(s)

2019-02-21 18:04:28 - [TEST_STEP][PASSED] - setText(findTestObject("KeatMun/Form 7_default/OTC_Submit Form 7_Section F-G-H/Page_PERKESO/G2. Hubungan dengan OB-DOB"), "10/01/2019"): Text '10/01/2019' is set on object 'Object Repository/KeatMun/Form 7_default/OTC_Submit Form 7_Section F-G-H/Page_PERKESO/G2. Hubungan dengan OB-DOB'

2019-02-21 18:04:28 - [MESSAGE][PASSED] - Text '10/01/2019' is set on object 'Object Repository/KeatMun/Form 7_default/OTC_Submit Form 7_Section F-G-H/Page_PERKESO/G2. Hubungan dengan OB-DOB'

2019-02-21 18:04:28 - [TEST_STEP][PASSED] - delay(3): Delayed 3 second(s)

2019-02-21 18:04:31 - [MESSAGE][PASSED] - Delayed 3 second(s)

2019-02-21 18:04:31 - [TEST_STEP][PASSED] - click(findTestObject("KeatMun/Form 7_default/OTC_Submit Form 7_Section F-G-H/Page_PERKESO/G2. Span_Bapa")): Object: 'Object Repository/KeatMun/Form 7_default/OTC_Submit Form 7_Section F-G-H/Page_PERKESO/G2. Span_Bapa' is clicked on

2019-02-21 18:04:31 - [MESSAGE][PASSED] - Object: 'Object Repository/KeatMun/Form 7_default/OTC_Submit Form 7_Section F-G-H/Page_PERKESO/G2. Span_Bapa' is clicked on

2019-02-21 18:04:31 - [TEST_STEP][PASSED] - delay(3): Delayed 3 second(s)

2019-02-21 18:04:34 - [MESSAGE][PASSED] - Delayed 3 second(s)

2019-02-21 18:04:34 - [TEST_STEP][PASSED] - click(findTestObject("KeatMun/Form 7_default/OTC_Submit Form 7_Section F-G-H/Page_PERKESO/G2. Choose_Isteri")): Object: 'Object Repository/KeatMun/Form 7_default/OTC_Submit Form 7_Section F-G-H/Page_PERKESO/G2. Choose_Isteri' is clicked on

2019-02-21 18:04:34 - [MESSAGE][PASSED] - Object: 'Object Repository/KeatMun/Form 7_default/OTC_Submit Form 7_Section F-G-H/Page_PERKESO/G2. Choose_Isteri' is clicked on

2019-02-21 18:04:34 - [TEST_STEP][PASSED] - delay(3): Delayed 3 second(s)

2019-02-21 18:04:37 - [MESSAGE][PASSED] - Delayed 3 second(s)

2019-02-21 18:04:37 - [TEST_STEP][PASSED] - click(findTestObject("KeatMun/Form 7_default/OTC_Submit Form 7_Section F-G-H/Page_PERKESO/G3. Halaman Seterusnya")): Object: 'Object Repository/KeatMun/Form 7_default/OTC_Submit Form 7_Section F-G-H/Page_PERKESO/G3. Halaman Seterusnya' is clicked on

2019-02-21 18:04:38 - [MESSAGE][PASSED] - Object: 'Object Repository/KeatMun/Form 7_default/OTC_Submit Form 7_Section F-G-H/Page_PERKESO/G3. Halaman Seterusnya' is clicked on

2019-02-21 18:04:38 - [TEST_STEP][PASSED] - delay(5): Delayed 5 second(s)

2019-02-21 18:04:43 - [MESSAGE][PASSED] - Delayed 5 second(s)

2019-02-21 18:04:43 - [TEST_STEP][PASSED] - click(findTestObject("KeatMun/Form 7_default/OTC_Submit Form 7_Section F-G-H/Page_PERKESO/H1. declAckInfoInd")): Object: 'Object Repository/KeatMun/Form 7_default/OTC_Submit Form 7_Section F-G-H/Page_PERKESO/H1. declAckInfoInd' is clicked on

2019-02-21 18:04:43 - [MESSAGE][PASSED] - Object: 'Object Repository/KeatMun/Form 7_default/OTC_Submit Form 7_Section F-G-H/Page_PERKESO/H1. declAckInfoInd' is clicked on

2019-02-21 18:04:43 - [TEST_STEP][PASSED] - delay(2): Delayed 2 second(s)

2019-02-21 18:04:45 - [MESSAGE][PASSED] - Delayed 2 second(s)

2019-02-21 18:04:45 - [TEST_STEP][PASSED] - click(findTestObject("KeatMun/Form 7_default/OTC_Submit Form 7_Section F-G-H/Page_PERKESO/H2. declAckRepayInd")): Object: 'Object Repository/KeatMun/Form 7_default/OTC_Submit Form 7_Section F-G-H/Page_PERKESO/H2. declAckRepayInd' is clicked on

2019-02-21 18:04:45 - [MESSAGE][PASSED] - Object: 'Object Repository/KeatMun/Form 7_default/OTC_Submit Form 7_Section F-G-H/Page_PERKESO/H2. declAckRepayInd' is clicked on

2019-02-21 18:04:45 - [TEST_STEP][PASSED] - delay(2): Delayed 2 second(s)

2019-02-21 18:04:47 - [MESSAGE][PASSED] - Delayed 2 second(s)

2019-02-21 18:04:47 - [TEST_STEP][PASSED] - click(findTestObject("KeatMun/Form 7_default/OTC_Submit Form 7_Section F-G-H/Page_PERKESO/H3. declAckLegalInd")): Object: 'Object Repository/KeatMun/Form 7_default/OTC_Submit Form 7_Section F-G-H/Page_PERKESO/H3. declAckLegalInd' is clicked on

2019-02-21 18:04:47 - [MESSAGE][PASSED] - Object: 'Object Repository/KeatMun/Form 7_default/OTC_Submit Form 7_Section F-G-H/Page_PERKESO/H3. declAckLegalInd' is clicked on

2019-02-21 18:04:47 - [TEST_STEP][PASSED] - delay(2): Delayed 2 second(s)

2019-02-21 18:04:49 - [MESSAGE][PASSED] - Delayed 2 second(s)

2019-02-21 18:04:49 - [TEST_STEP][PASSED] - click(findTestObject("KeatMun/Form 7_default/OTC_Submit Form 7_Section F-G-H/Page_PERKESO/i1. mandatory_document1")): Object: 'Object Repository/KeatMun/Form 7_default/OTC_Submit Form 7_Section F-G-H/Page_PERKESO/i1. mandatory_document1' is clicked on

2019-02-21 18:04:49 - [MESSAGE][PASSED] - Object: 'Object Repository/KeatMun/Form 7_default/OTC_Submit Form 7_Section F-G-H/Page_PERKESO/i1. mandatory_document1' is clicked on

2019-02-21 18:04:49 - [TEST_STEP][PASSED] - delay(3): Delayed 3 second(s)

2019-02-21 18:04:52 - [MESSAGE][PASSED] - Delayed 3 second(s)

2019-02-21 18:04:52 - [TEST_STEP][PASSED] - sendKeys(findTestObject("KeatMun/Form 7_default/OTC_Submit Form 7_Section F-G-H/Page_PERKESO/i1.--Sila Pilih--_singleFil"), TextFilePathCommon + "\UploadDoc.txt"): Keys 'C:\Users\Admin\Documents\GitHub\PKSKatalon\PKS-EI-ES\Common Zone\UploadDoc.txt' sent to object: 'Object Repository/KeatMun/Form 7_default/OTC_Submit Form 7_Section F-G-H/Page_PERKESO/i1.--Sila Pilih--_singleFil'

2019-02-21 18:04:52 - [MESSAGE][PASSED] - Keys 'C:\Users\Admin\Documents\GitHub\PKSKatalon\PKS-EI-ES\Common Zone\UploadDoc.txt' sent to object: 'Object Repository/KeatMun/Form 7_default/OTC_Submit Form 7_Section F-G-H/Page_PERKESO/i1.--Sila Pilih--_singleFil'

2019-02-21 18:04:52 - [TEST_STEP][PASSED] - delay(3): Delayed 3 second(s)

2019-02-21 18:04:55 - [MESSAGE][PASSED] - Delayed 3 second(s)

2019-02-21 18:04:55 - [TEST_STEP][PASSED] - click(findTestObject("KeatMun/Form 7_default/OTC_Submit Form 7_Section F-G-H/Page_PERKESO/i1.Add - Tambah Dokumen (1)")): Object: 'Object Repository/KeatMun/Form 7_default/OTC_Submit Form 7_Section F-G-H/Page_PERKESO/i1.Add - Tambah Dokumen (1)' is clicked on

2019-02-21 18:04:56 - [MESSAGE][PASSED] - Object: 'Object Repository/KeatMun/Form 7_default/OTC_Submit Form 7_Section F-G-H/Page_PERKESO/i1.Add - Tambah Dokumen (1)' is clicked on

2019-02-21 18:04:56 - [TEST_STEP][PASSED] - delay(3): Delayed 3 second(s)

2019-02-21 18:04:59 - [MESSAGE][PASSED] - Delayed 3 second(s)

2019-02-21 18:04:59 - [TEST_STEP][PASSED] - acceptAlert(): Alert accepted

2019-02-21 18:04:59 - [MESSAGE][PASSED] - Alert accepted

2019-02-21 18:04:59 - [TEST_STEP][PASSED] - delay(3): Delayed 3 second(s)

2019-02-21 18:05:02 - [MESSAGE][PASSED] - Delayed 3 second(s)

2019-02-21 18:05:02 - [TEST_STEP][PASSED] - click(findTestObject("KeatMun/Form 7_default/OTC_Submit Form 7_Section F-G-H/Page_PERKESO/i2. mandatory_document2")): Object: 'Object Repository/KeatMun/Form 7_default/OTC_Submit Form 7_Section F-G-H/Page_PERKESO/i2. mandatory_document2' is clicked on

2019-02-21 18:05:02 - [MESSAGE][PASSED] - Object: 'Object Repository/KeatMun/Form 7_default/OTC_Submit Form 7_Section F-G-H/Page_PERKESO/i2. mandatory_document2' is clicked on

2019-02-21 18:05:02 - [TEST_STEP][PASSED] - delay(3): Delayed 3 second(s)

2019-02-21 18:05:05 - [MESSAGE][PASSED] - Delayed 3 second(s)

2019-02-21 18:05:05 - [TEST_STEP][PASSED] - click(findTestObject("KeatMun/Form 7_default/OTC_Submit Form 7_Section F-G-H/Page_PERKESO/i2. input_Ya_optradio")): Object: 'Object Repository/KeatMun/Form 7_default/OTC_Submit Form 7_Section F-G-H/Page_PERKESO/i2. input_Ya_optradio' is clicked on

2019-02-21 18:05:05 - [MESSAGE][PASSED] - Object: 'Object Repository/KeatMun/Form 7_default/OTC_Submit Form 7_Section F-G-H/Page_PERKESO/i2. input_Ya_optradio' is clicked on

2019-02-21 18:05:05 - [TEST_STEP][PASSED] - delay(3): Delayed 3 second(s)

2019-02-21 18:05:08 - [MESSAGE][PASSED] - Delayed 3 second(s)

2019-02-21 18:05:08 - [TEST_STEP][PASSED] - sendKeys(findTestObject("KeatMun/Form 7_default/OTC_Submit Form 7_Section F-G-H/Page_PERKESO/i1.--Sila Pilih--_singleFil"), TextFilePathCommon + "\UploadDoc.txt"): Keys 'C:\Users\Admin\Documents\GitHub\PKSKatalon\PKS-EI-ES\Common Zone\UploadDoc.txt' sent to object: 'Object Repository/KeatMun/Form 7_default/OTC_Submit Form 7_Section F-G-H/Page_PERKESO/i1.--Sila Pilih--_singleFil'

2019-02-21 18:05:08 - [MESSAGE][PASSED] - Keys 'C:\Users\Admin\Documents\GitHub\PKSKatalon\PKS-EI-ES\Common Zone\UploadDoc.txt' sent to object: 'Object Repository/KeatMun/Form 7_default/OTC_Submit Form 7_Section F-G-H/Page_PERKESO/i1.--Sila Pilih--_singleFil'

2019-02-21 18:05:08 - [TEST_STEP][PASSED] - delay(3): Delayed 3 second(s)

2019-02-21 18:05:11 - [MESSAGE][PASSED] - Delayed 3 second(s)

2019-02-21 18:05:11 - [TEST_STEP][PASSED] - click(findTestObject("KeatMun/Form 7_default/OTC_Submit Form 7_Section F-G-H/Page_PERKESO/i2. button_Tambah Dokumen")): Object: 'Object Repository/KeatMun/Form 7_default/OTC_Submit Form 7_Section F-G-H/Page_PERKESO/i2. button_Tambah Dokumen' is clicked on

2019-02-21 18:05:11 - [MESSAGE][PASSED] - Object: 'Object Repository/KeatMun/Form 7_default/OTC_Submit Form 7_Section F-G-H/Page_PERKESO/i2. button_Tambah Dokumen' is clicked on

2019-02-21 18:05:11 - [TEST_STEP][PASSED] - delay(3): Delayed 3 second(s)

2019-02-21 18:05:14 - [MESSAGE][PASSED] - Delayed 3 second(s)

2019-02-21 18:05:14 - [TEST_STEP][PASSED] - acceptAlert(): Alert accepted

2019-02-21 18:05:14 - [MESSAGE][PASSED] - Alert accepted

2019-02-21 18:05:14 - [TEST_STEP][PASSED] - delay(3): Delayed 3 second(s)

2019-02-21 18:05:17 - [MESSAGE][PASSED] - Delayed 3 second(s)

2019-02-21 18:05:17 - [TEST_STEP][PASSED] - click(findTestObject("KeatMun/Form 7_default/OTC_Submit Form 7_Section F-G-H/Page_PERKESO/i3. mandatory_document3")): Object: 'Object Repository/KeatMun/Form 7_default/OTC_Submit Form 7_Section F-G-H/Page_PERKESO/i3. mandatory_document3' is clicked on

2019-02-21 18:05:17 - [MESSAGE][PASSED] - Object: 'Object Repository/KeatMun/Form 7_default/OTC_Submit Form 7_Section F-G-H/Page_PERKESO/i3. mandatory_document3' is clicked on

2019-02-21 18:05:17 - [TEST_STEP][PASSED] - delay(3): Delayed 3 second(s)

2019-02-21 18:05:20 - [MESSAGE][PASSED] - Delayed 3 second(s)

2019-02-21 18:05:20 - [TEST_STEP][PASSED] - click(findTestObject("KeatMun/Form 7_default/OTC_Submit Form 7_Section F-G-H/Page_PERKESO/i2. input_Ya_optradio")): Object: 'Object Repository/KeatMun/Form 7_default/OTC_Submit Form 7_Section F-G-H/Page_PERKESO/i2. input_Ya_optradio' is clicked on

2019-02-21 18:05:20 - [MESSAGE][PASSED] - Object: 'Object Repository/KeatMun/Form 7_default/OTC_Submit Form 7_Section F-G-H/Page_PERKESO/i2. input_Ya_optradio' is clicked on

2019-02-21 18:05:20 - [TEST_STEP][PASSED] - delay(3): Delayed 3 second(s)

2019-02-21 18:05:23 - [MESSAGE][PASSED] - Delayed 3 second(s)

2019-02-21 18:05:23 - [TEST_STEP][PASSED] - sendKeys(findTestObject("KeatMun/Form 7_default/OTC_Submit Form 7_Section F-G-H/Page_PERKESO/i1.--Sila Pilih--_singleFil"), TextFilePathCommon + "\UploadDoc.txt"): Keys 'C:\Users\Admin\Documents\GitHub\PKSKatalon\PKS-EI-ES\Common Zone\UploadDoc.txt' sent to object: 'Object Repository/KeatMun/Form 7_default/OTC_Submit Form 7_Section F-G-H/Page_PERKESO/i1.--Sila Pilih--_singleFil'

2019-02-21 18:05:24 - [MESSAGE][PASSED] - Keys 'C:\Users\Admin\Documents\GitHub\PKSKatalon\PKS-EI-ES\Common Zone\UploadDoc.txt' sent to object: 'Object Repository/KeatMun/Form 7_default/OTC_Submit Form 7_Section F-G-H/Page_PERKESO/i1.--Sila Pilih--_singleFil'

2019-02-21 18:05:24 - [TEST_STEP][PASSED] - delay(3): Delayed 3 second(s)

2019-02-21 18:05:27 - [MESSAGE][PASSED] - Delayed 3 second(s)

2019-02-21 18:05:27 - [TEST_STEP][PASSED] - click(findTestObject("KeatMun/Form 7_default/OTC_Submit Form 7_Section F-G-H/Page_PERKESO/i2. button_Tambah Dokumen")): Object: 'Object Repository/KeatMun/Form 7_default/OTC_Submit Form 7_Section F-G-H/Page_PERKESO/i2. button_Tambah Dokumen' is clicked on

2019-02-21 18:05:27 - [MESSAGE][PASSED] - Object: 'Object Repository/KeatMun/Form 7_default/OTC_Submit Form 7_Section F-G-H/Page_PERKESO/i2. button_Tambah Dokumen' is clicked on

2019-02-21 18:05:27 - [TEST_STEP][PASSED] - delay(3): Delayed 3 second(s)

2019-02-21 18:05:30 - [MESSAGE][PASSED] - Delayed 3 second(s)

2019-02-21 18:05:30 - [TEST_STEP][PASSED] - acceptAlert(): Alert accepted

2019-02-21 18:05:30 - [MESSAGE][PASSED] - Alert accepted

2019-02-21 18:05:30 - [TEST_STEP][PASSED] - delay(3): Delayed 3 second(s)

2019-02-21 18:05:33 - [MESSAGE][PASSED] - Delayed 3 second(s)

2019-02-21 18:05:33 - [TEST_STEP][PASSED] - click(findTestObject("KeatMun/Form 7_default/OTC_Submit Form 7_Section F-G-H/Page_PERKESO/i4. mandatory_document4")): Object: 'Object Repository/KeatMun/Form 7_default/OTC_Submit Form 7_Section F-G-H/Page_PERKESO/i4. mandatory_document4' is clicked on

2019-02-21 18:05:33 - [MESSAGE][PASSED] - Object: 'Object Repository/KeatMun/Form 7_default/OTC_Submit Form 7_Section F-G-H/Page_PERKESO/i4. mandatory_document4' is clicked on

2019-02-21 18:05:33 - [TEST_STEP][PASSED] - delay(3): Delayed 3 second(s)

2019-02-21 18:05:36 - [MESSAGE][PASSED] - Delayed 3 second(s)

2019-02-21 18:05:36 - [TEST_STEP][PASSED] - click(findTestObject("KeatMun/Form 7_default/OTC_Submit Form 7_Section F-G-H/Page_PERKESO/i4. _Ya_optradio")): Object: 'Object Repository/KeatMun/Form 7_default/OTC_Submit Form 7_Section F-G-H/Page_PERKESO/i4. _Ya_optradio' is clicked on

2019-02-21 18:05:36 - [MESSAGE][PASSED] - Object: 'Object Repository/KeatMun/Form 7_default/OTC_Submit Form 7_Section F-G-H/Page_PERKESO/i4. _Ya_optradio' is clicked on

2019-02-21 18:05:36 - [TEST_STEP][PASSED] - delay(3): Delayed 3 second(s)

2019-02-21 18:05:39 - [MESSAGE][PASSED] - Delayed 3 second(s)

2019-02-21 18:05:39 - [TEST_STEP][PASSED] - sendKeys(findTestObject("KeatMun/Form 7_default/OTC_Submit Form 7_Section F-G-H/Page_PERKESO/i1.--Sila Pilih--_singleFil"), TextFilePathCommon + "\UploadDoc.txt"): Keys 'C:\Users\Admin\Documents\GitHub\PKSKatalon\PKS-EI-ES\Common Zone\UploadDoc.txt' sent to object: 'Object Repository/KeatMun/Form 7_default/OTC_Submit Form 7_Section F-G-H/Page_PERKESO/i1.--Sila Pilih--_singleFil'

2019-02-21 18:05:39 - [MESSAGE][PASSED] - Keys 'C:\Users\Admin\Documents\GitHub\PKSKatalon\PKS-EI-ES\Common Zone\UploadDoc.txt' sent to object: 'Object Repository/KeatMun/Form 7_default/OTC_Submit Form 7_Section F-G-H/Page_PERKESO/i1.--Sila Pilih--_singleFil'

2019-02-21 18:05:39 - [TEST_STEP][PASSED] - delay(3): Delayed 3 second(s)

2019-02-21 18:05:42 - [MESSAGE][PASSED] - Delayed 3 second(s)

2019-02-21 18:05:42 - [TEST_STEP][PASSED] - click(findTestObject("KeatMun/Form 7_default/OTC_Submit Form 7_Section F-G-H/Page_PERKESO/i2. button_Tambah Dokumen")): Object: 'Object Repository/KeatMun/Form 7_default/OTC_Submit Form 7_Section F-G-H/Page_PERKESO/i2. button_Tambah Dokumen' is clicked on

2019-02-21 18:05:42 - [MESSAGE][PASSED] - Object: 'Object Repository/KeatMun/Form 7_default/OTC_Submit Form 7_Section F-G-H/Page_PERKESO/i2. button_Tambah Dokumen' is clicked on

2019-02-21 18:05:42 - [TEST_STEP][PASSED] - delay(3): Delayed 3 second(s)

2019-02-21 18:05:45 - [MESSAGE][PASSED] - Delayed 3 second(s)

2019-02-21 18:05:45 - [TEST_STEP][PASSED] - acceptAlert(): Alert accepted

2019-02-21 18:05:45 - [MESSAGE][PASSED] - Alert accepted

2019-02-21 18:05:45 - [TEST_STEP][PASSED] - delay(3): Delayed 3 second(s)

2019-02-21 18:05:48 - [MESSAGE][PASSED] - Delayed 3 second(s)

2019-02-21 18:05:48 - [TEST_STEP][PASSED] - click(findTestObject("KeatMun/Form 7_default/OTC_Submit Form 7_Section F-G-H/Page_PERKESO/button_Hantar")): Object: 'Object Repository/KeatMun/Form 7_default/OTC_Submit Form 7_Section F-G-H/Page_PERKESO/button_Hantar' is clicked on

2019-02-21 18:05:48 - [MESSAGE][PASSED] - Object: 'Object Repository/KeatMun/Form 7_default/OTC_Submit Form 7_Section F-G-H/Page_PERKESO/button_Hantar' is clicked on

2019-02-21 18:05:48 - [TEST_STEP][PASSED] - delay(3): Delayed 3 second(s)

2019-02-21 18:05:51 - [MESSAGE][PASSED] - Delayed 3 second(s)

2019-02-21 18:05:51 - [TEST_STEP][PASSED] - UserName = getText(findTestObject("KeatMun/Form 7_default/OTC_Submit Form 7_Section F-G-H/Page_PERKESO/strong_FAST2")): Text of object 'Object Repository/KeatMun/Form 7_default/OTC_Submit Form 7_Section F-G-H/Page_PERKESO/strong_FAST2' is: 'AAINA LIYANA BINTI ABD MANAF'

2019-02-21 18:05:52 - [MESSAGE][PASSED] - Text of object 'Object Repository/KeatMun/Form 7_default/OTC_Submit Form 7_Section F-G-H/Page_PERKESO/strong_FAST2' is: 'AAINA LIYANA BINTI ABD MANAF'

2019-02-21 18:05:52 - [TEST_STEP][PASSED] - callTestCase(findTestCase("All TC/Arranged/1. Common/1.2 Setter/Setter UserName"), [:], STOP_ON_FAILURE): Call Test Case 'Test Cases/All TC/Arranged/1. Common/1.2 Setter/Setter UserName' successfully

2019-02-21 18:05:52 - [TEST_CASE][PASSED] - Test Cases/All TC/Arranged/1. Common/1.2 Setter/Setter UserName: Test Cases/All TC/Arranged/1. Common/1.2 Setter/Setter UserName

2019-02-21 18:05:52 - [TEST_STEP][PASSED] - RefNoOldFile = new java.io.File((internal.GlobalVariable.TextFilePathCommon + \getUser.txt)): null

2019-02-21 18:05:52 - [TEST_STEP][PASSED] - RefNoOldFile.delete(): null

2019-02-21 18:05:52 - [TEST_STEP][PASSED] - delay(5): Delayed 5 second(s)

2019-02-21 18:05:57 - [MESSAGE][PASSED] - Delayed 5 second(s)

2019-02-21 18:05:57 - [TEST_STEP][PASSED] - RefNo = new java.io.File((internal.GlobalVariable.TextFilePathCommon + \getUser.txt)): null

2019-02-21 18:05:57 - [TEST_STEP][PASSED] - f2 = new java.io.FileWriter(RefNo, false): null

2019-02-21 18:05:57 - [TEST_STEP][PASSED] - f2.write(UserName): null

2019-02-21 18:05:57 - [TEST_STEP][PASSED] - f2.close(): null

2019-02-21 18:05:57 - [TEST_STEP][PASSED] - out.println("


" + UserName + "


"): null

2019-02-21 18:05:57 - [MESSAGE][PASSED] - Call Test Case 'Test Cases/All TC/Arranged/1. Common/1.2 Setter/Setter UserName' successfully

2019-02-21 18:05:57 - [TEST_STEP][PASSED] - IC = getText(findTestObject("KeatMun/Form 7_default/OTC_Submit Form 7_Section F-G-H/Page_PERKESO/strong_950000140051")): Text of object 'Object Repository/KeatMun/Form 7_default/OTC_Submit Form 7_Section F-G-H/Page_PERKESO/strong_950000140051' is: '860319435138'

2019-02-21 18:05:57 - [MESSAGE][PASSED] - Text of object 'Object Repository/KeatMun/Form 7_default/OTC_Submit Form 7_Section F-G-H/Page_PERKESO/strong_950000140051' is: '860319435138'

2019-02-21 18:05:57 - [TEST_STEP][PASSED] - callTestCase(findTestCase("All TC/Arranged/1. Common/1.2 Setter/Setter IC"), [:], STOP_ON_FAILURE): Call Test Case 'Test Cases/All TC/Arranged/1. Common/1.2 Setter/Setter IC' successfully

2019-02-21 18:05:57 - [TEST_CASE][PASSED] - Test Cases/All TC/Arranged/1. Common/1.2 Setter/Setter IC: Test Cases/All TC/Arranged/1. Common/1.2 Setter/Setter IC

2019-02-21 18:05:57 - [TEST_STEP][PASSED] - RefNoOldFile = new java.io.File((internal.GlobalVariable.TextFilePathCommon + \getIC.txt)): null

2019-02-21 18:05:57 - [TEST_STEP][PASSED] - RefNoOldFile.delete(): null

2019-02-21 18:05:57 - [TEST_STEP][PASSED] - delay(5): Delayed 5 second(s)

2019-02-21 18:06:02 - [MESSAGE][PASSED] - Delayed 5 second(s)

2019-02-21 18:06:02 - [TEST_STEP][PASSED] - RefNo = new java.io.File((internal.GlobalVariable.TextFilePathCommon + \getIC.txt)): null

2019-02-21 18:06:02 - [TEST_STEP][PASSED] - f2 = new java.io.FileWriter(RefNo, false): null

2019-02-21 18:06:02 - [TEST_STEP][PASSED] - f2.write(IC): null

2019-02-21 18:06:02 - [TEST_STEP][PASSED] - f2.close(): null

2019-02-21 18:06:02 - [TEST_STEP][PASSED] - out.println("


" + IC + "


"): null

2019-02-21 18:06:02 - [MESSAGE][PASSED] - Call Test Case 'Test Cases/All TC/Arranged/1. Common/1.2 Setter/Setter IC' successfully

2019-02-21 18:06:02 - [TEST_STEP][PASSED] - CaseID = getText(findTestObject("KeatMun/Form 7_default/OTC_Submit Form 7_Section F-G-H/Page_PERKESO/strong_SIPE1119070000004")): Text of object 'Object Repository/KeatMun/Form 7_default/OTC_Submit Form 7_Section F-G-H/Page_PERKESO/strong_SIPE1119070000004' is: 'SIPE1119070000039'

2019-02-21 18:06:02 - [MESSAGE][PASSED] - Text of object 'Object Repository/KeatMun/Form 7_default/OTC_Submit Form 7_Section F-G-H/Page_PERKESO/strong_SIPE1119070000004' is: 'SIPE1119070000039'

2019-02-21 18:06:02 - [TEST_STEP][PASSED] - callTestCase(findTestCase("All TC/Arranged/1. Common/1.2 Setter/Setter Case ID"), [:], STOP_ON_FAILURE): Call Test Case 'Test Cases/All TC/Arranged/1. Common/1.2 Setter/Setter Case ID' successfully

2019-02-21 18:06:02 - [TEST_CASE][PASSED] - Test Cases/All TC/Arranged/1. Common/1.2 Setter/Setter Case ID: Test Cases/All TC/Arranged/1. Common/1.2 Setter/Setter Case ID

2019-02-21 18:06:02 - [TEST_STEP][PASSED] - RefNoOldFile = new java.io.File((internal.GlobalVariable.TextFilePathCommon + \getCaseID.txt)): null

2019-02-21 18:06:02 - [TEST_STEP][PASSED] - RefNoOldFile.delete(): null

2019-02-21 18:06:02 - [TEST_STEP][PASSED] - delay(5): Delayed 5 second(s)

2019-02-21 18:06:07 - [MESSAGE][PASSED] - Delayed 5 second(s)

2019-02-21 18:06:07 - [TEST_STEP][PASSED] - RefNo = new java.io.File((internal.GlobalVariable.TextFilePathCommon + \getCaseID.txt)): null

2019-02-21 18:06:07 - [TEST_STEP][PASSED] - f2 = new java.io.FileWriter(RefNo, false): null

2019-02-21 18:06:07 - [TEST_STEP][PASSED] - f2.write(CaseID): null

2019-02-21 18:06:07 - [TEST_STEP][PASSED] - f2.close(): null

2019-02-21 18:06:07 - [TEST_STEP][PASSED] - out.println("


" + CaseID + "


"): null

2019-02-21 18:06:07 - [MESSAGE][PASSED] - Call Test Case 'Test Cases/All TC/Arranged/1. Common/1.2 Setter/Setter Case ID' successfully

2019-02-21 18:06:07 - [TEST_STEP][PASSED] - Password = getText(findTestObject("KeatMun/Form 7_default/OTC_Submit Form 7_Section F-G-H/Page_PERKESO/strong_OOPQe0i4")): Text of object 'Object Repository/KeatMun/Form 7_default/OTC_Submit Form 7_Section F-G-H/Page_PERKESO/strong_OOPQe0i4' is: 'M3ldyHFl'

2019-02-21 18:06:07 - [MESSAGE][PASSED] - Text of object 'Object Repository/KeatMun/Form 7_default/OTC_Submit Form 7_Section F-G-H/Page_PERKESO/strong_OOPQe0i4' is: 'M3ldyHFl'

2019-02-21 18:06:07 - [TEST_STEP][PASSED] - callTestCase(findTestCase("All TC/Arranged/1. Common/1.2 Setter/Setter Password"), [:], STOP_ON_FAILURE): Call Test Case 'Test Cases/All TC/Arranged/1. Common/1.2 Setter/Setter Password' successfully

2019-02-21 18:06:07 - [TEST_CASE][PASSED] - Test Cases/All TC/Arranged/1. Common/1.2 Setter/Setter Password: Test Cases/All TC/Arranged/1. Common/1.2 Setter/Setter Password

2019-02-21 18:06:07 - [TEST_STEP][PASSED] - RefNoOldFile = new java.io.File((internal.GlobalVariable.TextFilePathCommon + \getPassword.txt)): null

2019-02-21 18:06:07 - [TEST_STEP][PASSED] - RefNoOldFile.delete(): null

2019-02-21 18:06:07 - [TEST_STEP][PASSED] - delay(5): Delayed 5 second(s)

2019-02-21 18:06:12 - [MESSAGE][PASSED] - Delayed 5 second(s)

2019-02-21 18:06:12 - [TEST_STEP][PASSED] - RefNo = new java.io.File((internal.GlobalVariable.TextFilePathCommon + \getPassword.txt)): null

2019-02-21 18:06:12 - [TEST_STEP][PASSED] - f2 = new java.io.FileWriter(RefNo, false): null

2019-02-21 18:06:12 - [TEST_STEP][PASSED] - f2.write(Password): null

2019-02-21 18:06:12 - [TEST_STEP][PASSED] - f2.close(): null

2019-02-21 18:06:12 - [TEST_STEP][PASSED] - out.println("


" + Password + "


"): null

2019-02-21 18:06:12 - [MESSAGE][PASSED] - Call Test Case 'Test Cases/All TC/Arranged/1. Common/1.2 Setter/Setter Password' successfully

2019-02-21 18:06:12 - [MESSAGE][PASSED] - Call Test Case 'Test Cases/All TC/Arranged/3. Unit/EI/Form 7_default/OTC_Submit Form 7_Section F-G-H - Cheque' successfully

2019-02-21 18:06:12 - [MESSAGE][PASSED] - Call Test Case 'Test Cases/All TC/Arranged/2. Segment/OTC_Submit Form 7_End to End - Cheque' successfully

2019-02-21 18:06:12 - [TEST_STEP][PASSED] - callTestCase(findTestCase("All TC/Arranged/2. Segment/2.2 Check Status/Check Status - Case ID"), [:], STOP_ON_FAILURE): Call Test Case 'Test Cases/All TC/Arranged/2. Segment/2.2 Check Status/Check Status - Case ID' successfully

2019-02-21 18:06:12 - [TEST_CASE][PASSED] - Test Cases/All TC/Arranged/2. Segment/2.2 Check Status/Check Status - Case ID: Test Cases/All TC/Arranged/2. Segment/2.2 Check Status/Check Status - Case ID

2019-02-21 18:06:12 - [TEST_STEP][PASSED] - openBrowser(""): Browser is opened with url: ''

2019-02-21 18:06:12 - [MESSAGE][WARNING] - A browser is already opened. Closing browser and opening a new one

2019-02-21 18:06:13 - [MESSAGE][INFO] - Starting 'Chrome' driver

2019-02-21 18:06:13 - [MESSAGE][INFO] - User set preference: ['args', '[--start-maximized]']

2019-02-21 18:06:15 - [MESSAGE][PASSED] - Browser is opened with url: ''

2019-02-21 18:06:15 - [TEST_STEP][PASSED] - navigateToUrl(Internal_Login): Navigate to 'http://10.20.24.188/eisportal/user/login' successfully

2019-02-21 18:06:16 - [MESSAGE][PASSED] - Navigate to 'http://10.20.24.188/eisportal/user/login' successfully

2019-02-21 18:06:16 - [TEST_STEP][PASSED] - setText(findTestObject("KinJun/2.0 Check Status/Check Status - Case ID/Page_PERKESO/Input Username"), "nadia.harun@perkeso.gov.my"): Text 'nadia.harun@perkeso.gov.my' is set on object 'Object Repository/KinJun/2.0 Check Status/Check Status - Case ID/Page_PERKESO/Input Username'

2019-02-21 18:06:16 - [MESSAGE][PASSED] - Text 'nadia.harun@perkeso.gov.my' is set on object 'Object Repository/KinJun/2.0 Check Status/Check Status - Case ID/Page_PERKESO/Input Username'

2019-02-21 18:06:16 - [TEST_STEP][PASSED] - setEncryptedText(findTestObject("KinJun/2.0 Check Status/Check Status - Case ID/Page_PERKESO/Input Password"), "CQqwFZlbeC8="): Text ****** has been set on object 'Object Repository/KinJun/2.0 Check Status/Check Status - Case ID/Page_PERKESO/Input Password'

2019-02-21 18:06:16 - [MESSAGE][PASSED] - Text ****** has been set on object 'Object Repository/KinJun/2.0 Check Status/Check Status - Case ID/Page_PERKESO/Input Password'

2019-02-21 18:06:16 - [TEST_STEP][PASSED] - click(findTestObject("KinJun/2.0 Check Status/Check Status - Case ID/Page_PERKESO/Btn Login")): Object: 'Object Repository/KinJun/2.0 Check Status/Check Status - Case ID/Page_PERKESO/Btn Login' is clicked on

2019-02-21 18:06:17 - [MESSAGE][PASSED] - Object: 'Object Repository/KinJun/2.0 Check Status/Check Status - Case ID/Page_PERKESO/Btn Login' is clicked on

2019-02-21 18:06:17 - [TEST_STEP][PASSED] - delay(3): Delayed 3 second(s)

2019-02-21 18:06:20 - [MESSAGE][PASSED] - Delayed 3 second(s)

2019-02-21 18:06:20 - [TEST_STEP][PASSED] - callTestCase(findTestCase("All TC/Arranged/1. Common/1.1 Getter/Getter IC"), [:], STOP_ON_FAILURE): Call Test Case 'Test Cases/All TC/Arranged/1. Common/1.1 Getter/Getter IC' successfully

2019-02-21 18:06:21 - [TEST_CASE][PASSED] - Test Cases/All TC/Arranged/1. Common/1.1 Getter/Getter IC: Test Cases/All TC/Arranged/1. Common/1.1 Getter/Getter IC

2019-02-21 18:06:21 - [TEST_STEP][PASSED] - try: null

2019-02-21 18:06:21 - [TEST_STEP][PASSED] - RefNo = new java.io.File((internal.GlobalVariable.TextFilePathCommon + \getIC.txt)): null

2019-02-21 18:06:21 - [TEST_STEP][PASSED] - bufferread = new java.io.BufferedReader(new java.io.FileReader(RefNo)): null

2019-02-21 18:06:21 - [TEST_STEP][PASSED] - readedVal = bufferread.readLine(): null

2019-02-21 18:06:21 - [TEST_STEP][PASSED] - out.println(IC): null

2019-02-21 18:06:21 - [TEST_STEP][PASSED] - out.println(readedVal): null

2019-02-21 18:06:21 - [TEST_STEP][PASSED] - IC = "": null

2019-02-21 18:06:21 - [TEST_STEP][PASSED] - IC = readedVal: null

2019-02-21 18:06:21 - [MESSAGE][PASSED] - Call Test Case 'Test Cases/All TC/Arranged/1. Common/1.1 Getter/Getter IC' successfully

2019-02-21 18:06:21 - [TEST_STEP][PASSED] - setText(findTestObject("KinJun/2.0 Check Status/Check Status - Case ID/Page_PERKESO/Input IC"), IC): Text '860319435138' is set on object 'Object Repository/KinJun/2.0 Check Status/Check Status - Case ID/Page_PERKESO/Input IC'

2019-02-21 18:06:21 - [MESSAGE][PASSED] - Text '860319435138' is set on object 'Object Repository/KinJun/2.0 Check Status/Check Status - Case ID/Page_PERKESO/Input IC'

2019-02-21 18:06:21 - [TEST_STEP][PASSED] - delay(3): Delayed 3 second(s)

2019-02-21 18:06:24 - [MESSAGE][PASSED] - Delayed 3 second(s)

2019-02-21 18:06:24 - [TEST_STEP][PASSED] - click(findTestObject("KinJun/2.0 Check Status/Check Status - Case ID/Page_PERKESO/Btn Check")): Object: 'Object Repository/KinJun/2.0 Check Status/Check Status - Case ID/Page_PERKESO/Btn Check' is clicked on

2019-02-21 18:06:24 - [MESSAGE][PASSED] - Object: 'Object Repository/KinJun/2.0 Check Status/Check Status - Case ID/Page_PERKESO/Btn Check' is clicked on

2019-02-21 18:06:24 - [TEST_STEP][PASSED] - UserName = getText(findTestObject("KinJun/2.0 Check Status/Check Status - Case ID/Page_PERKESO/TD Username")): Text of object 'Object Repository/KinJun/2.0 Check Status/Check Status - Case ID/Page_PERKESO/TD Username' is: 'JHEIO4'

2019-02-21 18:06:25 - [MESSAGE][PASSED] - Text of object 'Object Repository/KinJun/2.0 Check Status/Check Status - Case ID/Page_PERKESO/TD Username' is: 'JHEIO4'

2019-02-21 18:06:25 - [TEST_STEP][PASSED] - callTestCase(findTestCase("All TC/Arranged/1. Common/1.2 Setter/Setter UserName"), [:], STOP_ON_FAILURE): Call Test Case 'Test Cases/All TC/Arranged/1. Common/1.2 Setter/Setter UserName' successfully

2019-02-21 18:06:25 - [TEST_CASE][PASSED] - Test Cases/All TC/Arranged/1. Common/1.2 Setter/Setter UserName: Test Cases/All TC/Arranged/1. Common/1.2 Setter/Setter UserName

2019-02-21 18:06:25 - [TEST_STEP][PASSED] - RefNoOldFile = new java.io.File((internal.GlobalVariable.TextFilePathCommon + \getUser.txt)): null

2019-02-21 18:06:25 - [TEST_STEP][PASSED] - RefNoOldFile.delete(): null

2019-02-21 18:06:25 - [TEST_STEP][PASSED] - delay(5): Delayed 5 second(s)

2019-02-21 18:06:30 - [MESSAGE][PASSED] - Delayed 5 second(s)

2019-02-21 18:06:30 - [TEST_STEP][PASSED] - RefNo = new java.io.File((internal.GlobalVariable.TextFilePathCommon + \getUser.txt)): null

2019-02-21 18:06:30 - [TEST_STEP][PASSED] - f2 = new java.io.FileWriter(RefNo, false): null

2019-02-21 18:06:30 - [TEST_STEP][PASSED] - f2.write(UserName): null

2019-02-21 18:06:30 - [TEST_STEP][PASSED] - f2.close(): null

2019-02-21 18:06:30 - [TEST_STEP][PASSED] - out.println("


" + UserName + "


"): null

2019-02-21 18:06:30 - [MESSAGE][PASSED] - Call Test Case 'Test Cases/All TC/Arranged/1. Common/1.2 Setter/Setter UserName' successfully

2019-02-21 18:06:30 - [TEST_STEP][PASSED] - click(findTestObject("KinJun/2.0 Check Status/Check Status - Case ID/Page_PERKESO/Click Username")): Object: 'Object Repository/KinJun/2.0 Check Status/Check Status - Case ID/Page_PERKESO/Click Username' is clicked on

2019-02-21 18:06:30 - [MESSAGE][PASSED] - Object: 'Object Repository/KinJun/2.0 Check Status/Check Status - Case ID/Page_PERKESO/Click Username' is clicked on

2019-02-21 18:06:30 - [TEST_STEP][PASSED] - delay(3): Delayed 3 second(s)

2019-02-21 18:06:33 - [MESSAGE][PASSED] - Delayed 3 second(s)

2019-02-21 18:06:33 - [TEST_STEP][PASSED] - click(findTestObject("KinJun/2.0 Check Status/Check Status - Case ID/Page_PERKESO/Log Out")): Object: 'Object Repository/KinJun/2.0 Check Status/Check Status - Case ID/Page_PERKESO/Log Out' is clicked on

2019-02-21 18:06:34 - [MESSAGE][PASSED] - Object: 'Object Repository/KinJun/2.0 Check Status/Check Status - Case ID/Page_PERKESO/Log Out' is clicked on

2019-02-21 18:06:34 - [MESSAGE][PASSED] - Call Test Case 'Test Cases/All TC/Arranged/2. Segment/2.2 Check Status/Check Status - Case ID' successfully

2019-02-21 18:06:34 - [TEST_STEP][PASSED] - callTestCase(findTestCase("All TC/Arranged/1. Common/IC List Remover"), [:], STOP_ON_FAILURE): Call Test Case 'Test Cases/All TC/Arranged/1. Common/IC List Remover' successfully

2019-02-21 18:06:34 - [TEST_CASE][PASSED] - Test Cases/All TC/Arranged/1. Common/IC List Remover: Test Cases/All TC/Arranged/1. Common/IC List Remover

2019-02-21 18:06:34 - [TEST_STEP][PASSED] - counter = 0: null

2019-02-21 18:06:34 - [TEST_STEP][PASSED] - fis = new java.io.FileInputStream((internal.GlobalVariable.TextFilePathCommon + /IC.xlsx)): null

2019-02-21 18:06:34 - [TEST_STEP][PASSED] - workbook = new org.apache.poi.xssf.usermodel.XSSFWorkbook(fis): null

2019-02-21 18:06:34 - [TEST_STEP][PASSED] - sheet = workbook.getSheet("Sheet1"): null

2019-02-21 18:06:34 - [TEST_STEP][PASSED] - totalRow = sheet.getLastRowNum(): null

2019-02-21 18:06:34 - [TEST_STEP][PASSED] - out.println(totalRow): null

2019-02-21 18:06:34 - [TEST_STEP][PASSED] - row = sheet.getRow(counter): null

2019-02-21 18:06:34 - [TEST_STEP][PASSED] - cell = row.getCell(counter): null

2019-02-21 18:06:34 - [TEST_STEP][PASSED] - out.println("removing this value : " + cell.getStringCellValue()): null

2019-02-21 18:06:34 - [TEST_STEP][PASSED] - sheet.removeRow(sheet.getRow(counter)): null

2019-02-21 18:06:34 - [TEST_STEP][PASSED] - sheet.shiftRows(counter + 1, totalRow, -1): null

2019-02-21 18:06:34 - [TEST_STEP][PASSED] - fos = new java.io.FileOutputStream((internal.GlobalVariable.TextFilePathCommon + /IC.xlsx)): null

2019-02-21 18:06:34 - [TEST_STEP][PASSED] - workbook.write(fos): null

2019-02-21 18:06:34 - [TEST_STEP][PASSED] - fos.close(): null

2019-02-21 18:06:34 - [MESSAGE][PASSED] - Call Test Case 'Test Cases/All TC/Arranged/1. Common/IC List Remover' successfully

2019-02-21 18:06:34 - [TEST_STEP][FAILED] - callTestCase(findTestCase("All TC/Arranged/2. Segment/2.5 Query/6.3 Cross Branch - SEIO"), [:], STOP_ON_FAILURE): callTestCase(findTestCase("All TC/Arranged/2. Segment/2.5 Query/6.3 Cross Branch - SEIO"), [:], STOP_ON_FAILURE) FAILED.
Reason:
com.kms.katalon.core.exception.StepFailedException: Unable to click on object 'Object Repository/KinJun/6.0 Query/6.3 Cross branch - SEIO/Page_PERKESO/Click username' (Root cause: com.kms.katalon.core.webui.exception.WebElementNotFoundException: Web element with id: 'Object Repository/KinJun/6.0 Query/6.3 Cross branch - SEIO/Page_PERKESO/Click username' located by 'By.xpath: id("bg2")/header[1]/div[@class="container-fluid"]/div[@class="row"]/div[@class="col-md-2"]/ul[@class="nav navbar-nav navbar-right"]/li[@class="dropdown"]/a[@class="dropdown-toggle"][count(. | //a[@href = '#']) = count(//a[@href = '#'])]' not found)
	at com.kms.katalon.core.keyword.internal.KeywordMain.stepFailed(KeywordMain.groovy:36)
	at com.kms.katalon.core.webui.keyword.internal.WebUIKeywordMain.stepFailed(WebUIKeywordMain.groovy:65)
	at com.kms.katalon.core.webui.keyword.internal.WebUIKeywordMain.runKeyword(WebUIKeywordMain.groovy:27)
	at com.kms.katalon.core.webui.keyword.builtin.ClickKeyword.click(ClickKeyword.groovy:86)
	at com.kms.katalon.core.webui.keyword.builtin.ClickKeyword.execute(ClickKeyword.groovy:67)
	at com.kms.katalon.core.keyword.internal.KeywordExecutor.executeKeywordForPlatform(KeywordExecutor.groovy:53)
	at com.kms.katalon.core.webui.keyword.WebUiBuiltInKeywords.click(WebUiBuiltInKeywords.groovy:616)
	at com.kms.katalon.core.webui.keyword.WebUiBuiltInKeywords$click$3.call(Unknown Source)
	at 6.3 Cross Branch - SEIO.run(6.3 Cross Branch - SEIO:83)
	at com.kms.katalon.core.main.ScriptEngine.run(ScriptEngine.java:194)
	at com.kms.katalon.core.main.ScriptEngine.runScriptAsRawText(ScriptEngine.java:119)
	at com.kms.katalon.core.main.TestCaseExecutor.runScript(TestCaseExecutor.java:328)
	at com.kms.katalon.core.main.TestCaseExecutor.doExecute(TestCaseExecutor.java:319)
	at com.kms.katalon.core.main.TestCaseExecutor.processExecutionPhase(TestCaseExecutor.java:298)
	at com.kms.katalon.core.main.TestCaseExecutor.accessMainPhase(TestCaseExecutor.java:290)
	at com.kms.katalon.core.main.TestCaseExecutor.execute(TestCaseExecutor.java:224)
	at com.kms.katalon.core.main.TestCaseMain.runTestCase(TestCaseMain.java:106)
	at com.kms.katalon.core.keyword.builtin.CallTestCaseKeyword$_callTestCase_closure1.doCall(CallTestCaseKeyword.groovy:59)
	at com.kms.katalon.core.keyword.builtin.CallTestCaseKeyword$_callTestCase_closure1.call(CallTestCaseKeyword.groovy)
	at com.kms.katalon.core.keyword.internal.KeywordMain.runKeyword(KeywordMain.groovy:54)
	at com.kms.katalon.core.keyword.builtin.CallTestCaseKeyword.callTestCase(CallTestCaseKeyword.groovy:80)
	at com.kms.katalon.core.keyword.builtin.CallTestCaseKeyword.execute(CallTestCaseKeyword.groovy:44)
	at com.kms.katalon.core.keyword.internal.KeywordExecutor.executeKeywordForPlatform(KeywordExecutor.groovy:53)
	at com.kms.katalon.core.keyword.BuiltinKeywords.callTestCase(BuiltinKeywords.groovy:334)
	at Cross branch - SEIO.run(Cross branch - SEIO:22)
	at com.kms.katalon.core.main.ScriptEngine.run(ScriptEngine.java:194)
	at com.kms.katalon.core.main.ScriptEngine.runScriptAsRawText(ScriptEngine.java:119)
	at com.kms.katalon.core.main.TestCaseExecutor.runScript(TestCaseExecutor.java:328)
	at com.kms.katalon.core.main.TestCaseExecutor.doExecute(TestCaseExecutor.java:319)
	at com.kms.katalon.core.main.TestCaseExecutor.processExecutionPhase(TestCaseExecutor.java:298)
	at com.kms.katalon.core.main.TestCaseExecutor.accessMainPhase(TestCaseExecutor.java:290)
	at com.kms.katalon.core.main.TestCaseExecutor.execute(TestCaseExecutor.java:224)
	at com.kms.katalon.core.main.TestSuiteExecutor.accessTestCaseMainPhase(TestSuiteExecutor.java:129)
	at com.kms.katalon.core.main.TestSuiteExecutor.accessTestSuiteMainPhase(TestSuiteExecutor.java:112)
	at com.kms.katalon.core.main.TestSuiteExecutor.execute(TestSuiteExecutor.java:81)
	at com.kms.katalon.core.main.TestCaseMain.startTestSuite(TestCaseMain.java:149)
	at com.kms.katalon.core.main.TestCaseMain$startTestSuite$0.call(Unknown Source)
	at TempTestSuite1550738418733.run(TempTestSuite1550738418733.groovy:36)


2019-02-21 18:06:34 - [TEST_CASE][FAILED] - Test Cases/All TC/Arranged/2. Segment/2.5 Query/6.3 Cross Branch - SEIO: Test Cases/All TC/Arranged/2. Segment/2.5 Query/6.3 Cross Branch - SEIO FAILED.
Reason:
com.kms.katalon.core.exception.StepFailedException: Unable to click on object 'Object Repository/KinJun/6.0 Query/6.3 Cross branch - SEIO/Page_PERKESO/Click username' (Root cause: com.kms.katalon.core.webui.exception.WebElementNotFoundException: Web element with id: 'Object Repository/KinJun/6.0 Query/6.3 Cross branch - SEIO/Page_PERKESO/Click username' located by 'By.xpath: id("bg2")/header[1]/div[@class="container-fluid"]/div[@class="row"]/div[@class="col-md-2"]/ul[@class="nav navbar-nav navbar-right"]/li[@class="dropdown"]/a[@class="dropdown-toggle"][count(. | //a[@href = '#']) = count(//a[@href = '#'])]' not found)
	at com.kms.katalon.core.keyword.internal.KeywordMain.stepFailed(KeywordMain.groovy:36)
	at com.kms.katalon.core.webui.keyword.internal.WebUIKeywordMain.stepFailed(WebUIKeywordMain.groovy:65)
	at com.kms.katalon.core.webui.keyword.internal.WebUIKeywordMain.runKeyword(WebUIKeywordMain.groovy:27)
	at com.kms.katalon.core.webui.keyword.builtin.ClickKeyword.click(ClickKeyword.groovy:86)
	at com.kms.katalon.core.webui.keyword.builtin.ClickKeyword.execute(ClickKeyword.groovy:67)
	at com.kms.katalon.core.keyword.internal.KeywordExecutor.executeKeywordForPlatform(KeywordExecutor.groovy:53)
	at com.kms.katalon.core.webui.keyword.WebUiBuiltInKeywords.click(WebUiBuiltInKeywords.groovy:616)
	at com.kms.katalon.core.webui.keyword.WebUiBuiltInKeywords$click$3.call(Unknown Source)
	at 6.3 Cross Branch - SEIO.run(6.3 Cross Branch - SEIO:83)
	at com.kms.katalon.core.main.ScriptEngine.run(ScriptEngine.java:194)
	at com.kms.katalon.core.main.ScriptEngine.runScriptAsRawText(ScriptEngine.java:119)
	at com.kms.katalon.core.main.TestCaseExecutor.runScript(TestCaseExecutor.java:328)
	at com.kms.katalon.core.main.TestCaseExecutor.doExecute(TestCaseExecutor.java:319)
	at com.kms.katalon.core.main.TestCaseExecutor.processExecutionPhase(TestCaseExecutor.java:298)
	at com.kms.katalon.core.main.TestCaseExecutor.accessMainPhase(TestCaseExecutor.java:290)
	at com.kms.katalon.core.main.TestCaseExecutor.execute(TestCaseExecutor.java:224)
	at com.kms.katalon.core.main.TestCaseMain.runTestCase(TestCaseMain.java:106)
	at com.kms.katalon.core.keyword.builtin.CallTestCaseKeyword$_callTestCase_closure1.doCall(CallTestCaseKeyword.groovy:59)
	at com.kms.katalon.core.keyword.builtin.CallTestCaseKeyword$_callTestCase_closure1.call(CallTestCaseKeyword.groovy)
	at com.kms.katalon.core.keyword.internal.KeywordMain.runKeyword(KeywordMain.groovy:54)
	at com.kms.katalon.core.keyword.builtin.CallTestCaseKeyword.callTestCase(CallTestCaseKeyword.groovy:80)
	at com.kms.katalon.core.keyword.builtin.CallTestCaseKeyword.execute(CallTestCaseKeyword.groovy:44)
	at com.kms.katalon.core.keyword.internal.KeywordExecutor.executeKeywordForPlatform(KeywordExecutor.groovy:53)
	at com.kms.katalon.core.keyword.BuiltinKeywords.callTestCase(BuiltinKeywords.groovy:334)
	at Cross branch - SEIO.run(Cross branch - SEIO:22)
	at com.kms.katalon.core.main.ScriptEngine.run(ScriptEngine.java:194)
	at com.kms.katalon.core.main.ScriptEngine.runScriptAsRawText(ScriptEngine.java:119)
	at com.kms.katalon.core.main.TestCaseExecutor.runScript(TestCaseExecutor.java:328)
	at com.kms.katalon.core.main.TestCaseExecutor.doExecute(TestCaseExecutor.java:319)
	at com.kms.katalon.core.main.TestCaseExecutor.processExecutionPhase(TestCaseExecutor.java:298)
	at com.kms.katalon.core.main.TestCaseExecutor.accessMainPhase(TestCaseExecutor.java:290)
	at com.kms.katalon.core.main.TestCaseExecutor.execute(TestCaseExecutor.java:224)
	at com.kms.katalon.core.main.TestSuiteExecutor.accessTestCaseMainPhase(TestSuiteExecutor.java:129)
	at com.kms.katalon.core.main.TestSuiteExecutor.accessTestSuiteMainPhase(TestSuiteExecutor.java:112)
	at com.kms.katalon.core.main.TestSuiteExecutor.execute(TestSuiteExecutor.java:81)
	at com.kms.katalon.core.main.TestCaseMain.startTestSuite(TestCaseMain.java:149)
	at com.kms.katalon.core.main.TestCaseMain$startTestSuite$0.call(Unknown Source)
	at TempTestSuite1550738418733.run(TempTestSuite1550738418733.groovy:36)


2019-02-21 18:06:34 - [TEST_STEP][PASSED] - openBrowser(""): Browser is opened with url: ''

2019-02-21 18:06:34 - [MESSAGE][WARNING] - A browser is already opened. Closing browser and opening a new one

2019-02-21 18:06:35 - [MESSAGE][INFO] - Starting 'Chrome' driver

2019-02-21 18:06:35 - [MESSAGE][INFO] - User set preference: ['args', '[--start-maximized]']

2019-02-21 18:06:37 - [MESSAGE][PASSED] - Browser is opened with url: ''

2019-02-21 18:06:37 - [TEST_STEP][PASSED] - navigateToUrl(Internal_Login): Navigate to 'http://10.20.24.188/eisportal/user/login' successfully

2019-02-21 18:06:38 - [MESSAGE][PASSED] - Navigate to 'http://10.20.24.188/eisportal/user/login' successfully

2019-02-21 18:06:38 - [TEST_STEP][PASSED] - callTestCase(findTestCase("All TC/Arranged/1. Common/Internal Email Finder"), [:], STOP_ON_FAILURE): Call Test Case 'Test Cases/All TC/Arranged/1. Common/Internal Email Finder' successfully

2019-02-21 18:06:38 - [TEST_CASE][PASSED] - Test Cases/All TC/Arranged/1. Common/Internal Email Finder: Test Cases/All TC/Arranged/1. Common/Internal Email Finder

2019-02-21 18:06:38 - [TEST_STEP][PASSED] - callTestCase(findTestCase("All TC/Arranged/1. Common/1.1 Getter/Getter UserName"), [:], CONTINUE_ON_FAILURE): Call Test Case 'Test Cases/All TC/Arranged/1. Common/1.1 Getter/Getter UserName' successfully

2019-02-21 18:06:38 - [TEST_CASE][PASSED] - Test Cases/All TC/Arranged/1. Common/1.1 Getter/Getter UserName: Test Cases/All TC/Arranged/1. Common/1.1 Getter/Getter UserName

2019-02-21 18:06:38 - [TEST_STEP][PASSED] - try: null

2019-02-21 18:06:38 - [TEST_STEP][PASSED] - RefNo = new java.io.File((internal.GlobalVariable.TextFilePathCommon + \getUser.txt)): null

2019-02-21 18:06:38 - [TEST_STEP][PASSED] - bufferread = new java.io.BufferedReader(new java.io.FileReader(RefNo)): null

2019-02-21 18:06:38 - [TEST_STEP][PASSED] - readedVal = bufferread.readLine(): null

2019-02-21 18:06:38 - [TEST_STEP][PASSED] - out.println(UserName): null

2019-02-21 18:06:38 - [TEST_STEP][PASSED] - out.println(readedVal): null

2019-02-21 18:06:38 - [TEST_STEP][PASSED] - UserName = "": null

2019-02-21 18:06:38 - [TEST_STEP][PASSED] - UserName = readedVal: null

2019-02-21 18:06:38 - [MESSAGE][PASSED] - Call Test Case 'Test Cases/All TC/Arranged/1. Common/1.1 Getter/Getter UserName' successfully

2019-02-21 18:06:38 - [TEST_STEP][PASSED] - StrA = UserName: null

2019-02-21 18:06:38 - [TEST_STEP][PASSED] - StrB = <not implemented yet for class: org.codehaus.groovy.ast.expr.EmptyExpression>: null

2019-02-21 18:06:38 - [TEST_STEP][PASSED] - Counter = 1: null

2019-02-21 18:06:38 - [TEST_STEP][PASSED] - while (!(StrB.equals(StrA)) && !(Counter > findTestData("Internal User List").getRowNumbers())): null

2019-02-21 18:06:38 - [TEST_STEP][PASSED] - StrB = findTestData("Internal User List").getValue(2, Counter): null

2019-02-21 18:06:38 - [TEST_STEP][PASSED] - if (StrB.equals(StrA)): null

2019-02-21 18:06:38 - [TEST_STEP][PASSED] - (Counter++): null

2019-02-21 18:06:38 - [TEST_STEP][PASSED] - StrB = findTestData("Internal User List").getValue(2, Counter): null

2019-02-21 18:06:38 - [TEST_STEP][PASSED] - if (StrB.equals(StrA)): null

2019-02-21 18:06:38 - [TEST_STEP][PASSED] - (Counter++): null

2019-02-21 18:06:38 - [TEST_STEP][PASSED] - StrB = findTestData("Internal User List").getValue(2, Counter): null

2019-02-21 18:06:38 - [TEST_STEP][PASSED] - if (StrB.equals(StrA)): null

2019-02-21 18:06:38 - [TEST_STEP][PASSED] - (Counter++): null

2019-02-21 18:06:38 - [TEST_STEP][PASSED] - StrB = findTestData("Internal User List").getValue(2, Counter): null

2019-02-21 18:06:38 - [TEST_STEP][PASSED] - if (StrB.equals(StrA)): null

2019-02-21 18:06:38 - [TEST_STEP][PASSED] - (Counter++): null

2019-02-21 18:06:38 - [TEST_STEP][PASSED] - StrB = findTestData("Internal User List").getValue(2, Counter): null

2019-02-21 18:06:38 - [TEST_STEP][PASSED] - if (StrB.equals(StrA)): null

2019-02-21 18:06:38 - [TEST_STEP][PASSED] - (Counter++): null

2019-02-21 18:06:38 - [TEST_STEP][PASSED] - StrB = findTestData("Internal User List").getValue(2, Counter): null

2019-02-21 18:06:38 - [TEST_STEP][PASSED] - if (StrB.equals(StrA)): null

2019-02-21 18:06:38 - [TEST_STEP][PASSED] - (Counter++): null

2019-02-21 18:06:38 - [TEST_STEP][PASSED] - StrB = findTestData("Internal User List").getValue(2, Counter): null

2019-02-21 18:06:38 - [TEST_STEP][PASSED] - if (StrB.equals(StrA)): null

2019-02-21 18:06:38 - [TEST_STEP][PASSED] - (Counter++): null

2019-02-21 18:06:39 - [TEST_STEP][PASSED] - StrB = findTestData("Internal User List").getValue(2, Counter): null

2019-02-21 18:06:39 - [TEST_STEP][PASSED] - if (StrB.equals(StrA)): null

2019-02-21 18:06:39 - [TEST_STEP][PASSED] - (Counter++): null

2019-02-21 18:06:39 - [TEST_STEP][PASSED] - StrB = findTestData("Internal User List").getValue(2, Counter): null

2019-02-21 18:06:39 - [TEST_STEP][PASSED] - if (StrB.equals(StrA)): null

2019-02-21 18:06:39 - [TEST_STEP][PASSED] - (Counter++): null

2019-02-21 18:06:39 - [TEST_STEP][PASSED] - StrB = findTestData("Internal User List").getValue(2, Counter): null

2019-02-21 18:06:39 - [TEST_STEP][PASSED] - if (StrB.equals(StrA)): null

2019-02-21 18:06:40 - [TEST_STEP][PASSED] - (Counter++): null

2019-02-21 18:06:40 - [TEST_STEP][PASSED] - StrB = findTestData("Internal User List").getValue(2, Counter): null

2019-02-21 18:06:40 - [TEST_STEP][PASSED] - if (StrB.equals(StrA)): null

2019-02-21 18:06:40 - [TEST_STEP][PASSED] - (Counter++): null

2019-02-21 18:06:40 - [TEST_STEP][PASSED] - StrB = findTestData("Internal User List").getValue(2, Counter): null

2019-02-21 18:06:40 - [TEST_STEP][PASSED] - if (StrB.equals(StrA)): null

2019-02-21 18:06:40 - [TEST_STEP][PASSED] - (Counter++): null

2019-02-21 18:06:40 - [TEST_STEP][PASSED] - StrB = findTestData("Internal User List").getValue(2, Counter): null

2019-02-21 18:06:40 - [TEST_STEP][PASSED] - if (StrB.equals(StrA)): null

2019-02-21 18:06:40 - [TEST_STEP][PASSED] - (Counter++): null

2019-02-21 18:06:40 - [TEST_STEP][PASSED] - StrB = findTestData("Internal User List").getValue(2, Counter): null

2019-02-21 18:06:40 - [TEST_STEP][PASSED] - if (StrB.equals(StrA)): null

2019-02-21 18:06:40 - [TEST_STEP][PASSED] - (Counter++): null

2019-02-21 18:06:40 - [TEST_STEP][PASSED] - StrB = findTestData("Internal User List").getValue(2, Counter): null

2019-02-21 18:06:40 - [TEST_STEP][PASSED] - if (StrB.equals(StrA)): null

2019-02-21 18:06:40 - [TEST_STEP][PASSED] - (Counter++): null

2019-02-21 18:06:40 - [TEST_STEP][PASSED] - StrB = findTestData("Internal User List").getValue(2, Counter): null

2019-02-21 18:06:40 - [TEST_STEP][PASSED] - if (StrB.equals(StrA)): null

2019-02-21 18:06:40 - [TEST_STEP][PASSED] - (Counter++): null

2019-02-21 18:06:40 - [TEST_STEP][PASSED] - StrB = findTestData("Internal User List").getValue(2, Counter): null

2019-02-21 18:06:41 - [TEST_STEP][PASSED] - if (StrB.equals(StrA)): null

2019-02-21 18:06:41 - [TEST_STEP][PASSED] - (Counter++): null

2019-02-21 18:06:41 - [TEST_STEP][PASSED] - StrB = findTestData("Internal User List").getValue(2, Counter): null

2019-02-21 18:06:41 - [TEST_STEP][PASSED] - if (StrB.equals(StrA)): null

2019-02-21 18:06:41 - [TEST_STEP][PASSED] - (Counter++): null

2019-02-21 18:06:41 - [TEST_STEP][PASSED] - StrB = findTestData("Internal User List").getValue(2, Counter): null

2019-02-21 18:06:41 - [TEST_STEP][PASSED] - if (StrB.equals(StrA)): null

2019-02-21 18:06:41 - [TEST_STEP][PASSED] - (Counter++): null

2019-02-21 18:06:41 - [TEST_STEP][PASSED] - StrB = findTestData("Internal User List").getValue(2, Counter): null

2019-02-21 18:06:41 - [TEST_STEP][PASSED] - if (StrB.equals(StrA)): null

2019-02-21 18:06:41 - [TEST_STEP][PASSED] - (Counter++): null

2019-02-21 18:06:41 - [TEST_STEP][PASSED] - StrB = findTestData("Internal User List").getValue(2, Counter): null

2019-02-21 18:06:41 - [TEST_STEP][PASSED] - if (StrB.equals(StrA)): null

2019-02-21 18:06:41 - [TEST_STEP][PASSED] - (Counter++): null

2019-02-21 18:06:41 - [TEST_STEP][PASSED] - StrB = findTestData("Internal User List").getValue(2, Counter): null

2019-02-21 18:06:41 - [TEST_STEP][PASSED] - if (StrB.equals(StrA)): null

2019-02-21 18:06:41 - [TEST_STEP][PASSED] - (Counter++): null

2019-02-21 18:06:41 - [TEST_STEP][PASSED] - StrB = findTestData("Internal User List").getValue(2, Counter): null

2019-02-21 18:06:41 - [TEST_STEP][PASSED] - if (StrB.equals(StrA)): null

2019-02-21 18:06:41 - [TEST_STEP][PASSED] - (Counter++): null

2019-02-21 18:06:42 - [TEST_STEP][PASSED] - StrB = findTestData("Internal User List").getValue(2, Counter): null

2019-02-21 18:06:42 - [TEST_STEP][PASSED] - if (StrB.equals(StrA)): null

2019-02-21 18:06:42 - [TEST_STEP][PASSED] - (Counter++): null

2019-02-21 18:06:42 - [TEST_STEP][PASSED] - StrB = findTestData("Internal User List").getValue(2, Counter): null

2019-02-21 18:06:42 - [TEST_STEP][PASSED] - if (StrB.equals(StrA)): null

2019-02-21 18:06:42 - [TEST_STEP][PASSED] - (Counter++): null

2019-02-21 18:06:42 - [TEST_STEP][PASSED] - StrB = findTestData("Internal User List").getValue(2, Counter): null

2019-02-21 18:06:42 - [TEST_STEP][PASSED] - if (StrB.equals(StrA)): null

2019-02-21 18:06:42 - [TEST_STEP][PASSED] - (Counter++): null

2019-02-21 18:06:42 - [TEST_STEP][PASSED] - StrB = findTestData("Internal User List").getValue(2, Counter): null

2019-02-21 18:06:42 - [TEST_STEP][PASSED] - if (StrB.equals(StrA)): null

2019-02-21 18:06:42 - [TEST_STEP][PASSED] - (Counter++): null

2019-02-21 18:06:42 - [TEST_STEP][PASSED] - StrB = findTestData("Internal User List").getValue(2, Counter): null

2019-02-21 18:06:42 - [TEST_STEP][PASSED] - if (StrB.equals(StrA)): null

2019-02-21 18:06:42 - [TEST_STEP][PASSED] - (Counter++): null

2019-02-21 18:06:42 - [TEST_STEP][PASSED] - StrB = findTestData("Internal User List").getValue(2, Counter): null

2019-02-21 18:06:42 - [TEST_STEP][PASSED] - if (StrB.equals(StrA)): null

2019-02-21 18:06:42 - [TEST_STEP][PASSED] - (Counter++): null

2019-02-21 18:06:42 - [TEST_STEP][PASSED] - StrB = findTestData("Internal User List").getValue(2, Counter): null

2019-02-21 18:06:42 - [TEST_STEP][PASSED] - if (StrB.equals(StrA)): null

2019-02-21 18:06:42 - [TEST_STEP][PASSED] - (Counter++): null

2019-02-21 18:06:43 - [TEST_STEP][PASSED] - StrB = findTestData("Internal User List").getValue(2, Counter): null

2019-02-21 18:06:43 - [TEST_STEP][PASSED] - if (StrB.equals(StrA)): null

2019-02-21 18:06:43 - [TEST_STEP][PASSED] - (Counter++): null

2019-02-21 18:06:43 - [TEST_STEP][PASSED] - StrB = findTestData("Internal User List").getValue(2, Counter): null

2019-02-21 18:06:43 - [TEST_STEP][PASSED] - if (StrB.equals(StrA)): null

2019-02-21 18:06:43 - [TEST_STEP][PASSED] - (Counter++): null

2019-02-21 18:06:43 - [TEST_STEP][PASSED] - StrB = findTestData("Internal User List").getValue(2, Counter): null

2019-02-21 18:06:43 - [TEST_STEP][PASSED] - if (StrB.equals(StrA)): null

2019-02-21 18:06:43 - [TEST_STEP][PASSED] - (Counter++): null

2019-02-21 18:06:43 - [TEST_STEP][PASSED] - StrB = findTestData("Internal User List").getValue(2, Counter): null

2019-02-21 18:06:44 - [TEST_STEP][PASSED] - if (StrB.equals(StrA)): null

2019-02-21 18:06:44 - [TEST_STEP][PASSED] - (Counter++): null

2019-02-21 18:06:44 - [TEST_STEP][PASSED] - StrB = findTestData("Internal User List").getValue(2, Counter): null

2019-02-21 18:06:44 - [TEST_STEP][PASSED] - if (StrB.equals(StrA)): null

2019-02-21 18:06:44 - [TEST_STEP][PASSED] - (Counter++): null

2019-02-21 18:06:44 - [TEST_STEP][PASSED] - StrB = findTestData("Internal User List").getValue(2, Counter): null

2019-02-21 18:06:44 - [TEST_STEP][PASSED] - if (StrB.equals(StrA)): null

2019-02-21 18:06:44 - [TEST_STEP][PASSED] - (Counter++): null

2019-02-21 18:06:44 - [TEST_STEP][PASSED] - StrB = findTestData("Internal User List").getValue(2, Counter): null

2019-02-21 18:06:44 - [TEST_STEP][PASSED] - if (StrB.equals(StrA)): null

2019-02-21 18:06:44 - [TEST_STEP][PASSED] - (Counter++): null

2019-02-21 18:06:44 - [TEST_STEP][PASSED] - StrB = findTestData("Internal User List").getValue(2, Counter): null

2019-02-21 18:06:44 - [TEST_STEP][PASSED] - if (StrB.equals(StrA)): null

2019-02-21 18:06:44 - [TEST_STEP][PASSED] - (Counter++): null

2019-02-21 18:06:44 - [TEST_STEP][PASSED] - StrB = findTestData("Internal User List").getValue(2, Counter): null

2019-02-21 18:06:44 - [TEST_STEP][PASSED] - if (StrB.equals(StrA)): null

2019-02-21 18:06:44 - [TEST_STEP][PASSED] - (Counter++): null

2019-02-21 18:06:44 - [TEST_STEP][PASSED] - StrB = findTestData("Internal User List").getValue(2, Counter): null

2019-02-21 18:06:44 - [TEST_STEP][PASSED] - if (StrB.equals(StrA)): null

2019-02-21 18:06:44 - [TEST_STEP][PASSED] - (Counter++): null

2019-02-21 18:06:45 - [TEST_STEP][PASSED] - StrB = findTestData("Internal User List").getValue(2, Counter): null

2019-02-21 18:06:45 - [TEST_STEP][PASSED] - if (StrB.equals(StrA)): null

2019-02-21 18:06:45 - [TEST_STEP][PASSED] - (Counter++): null

2019-02-21 18:06:45 - [TEST_STEP][PASSED] - StrB = findTestData("Internal User List").getValue(2, Counter): null

2019-02-21 18:06:45 - [TEST_STEP][PASSED] - if (StrB.equals(StrA)): null

2019-02-21 18:06:45 - [TEST_STEP][PASSED] - (Counter++): null

2019-02-21 18:06:45 - [TEST_STEP][PASSED] - StrB = findTestData("Internal User List").getValue(2, Counter): null

2019-02-21 18:06:45 - [TEST_STEP][PASSED] - if (StrB.equals(StrA)): null

2019-02-21 18:06:45 - [TEST_STEP][PASSED] - (Counter++): null

2019-02-21 18:06:45 - [TEST_STEP][PASSED] - StrB = findTestData("Internal User List").getValue(2, Counter): null

2019-02-21 18:06:45 - [TEST_STEP][PASSED] - if (StrB.equals(StrA)): null

2019-02-21 18:06:45 - [TEST_STEP][PASSED] - (Counter++): null

2019-02-21 18:06:45 - [TEST_STEP][PASSED] - StrB = findTestData("Internal User List").getValue(2, Counter): null

2019-02-21 18:06:45 - [TEST_STEP][PASSED] - if (StrB.equals(StrA)): null

2019-02-21 18:06:45 - [TEST_STEP][PASSED] - (Counter++): null

2019-02-21 18:06:45 - [TEST_STEP][PASSED] - StrB = findTestData("Internal User List").getValue(2, Counter): null

2019-02-21 18:06:45 - [TEST_STEP][PASSED] - if (StrB.equals(StrA)): null

2019-02-21 18:06:45 - [TEST_STEP][PASSED] - (Counter++): null

2019-02-21 18:06:46 - [TEST_STEP][PASSED] - StrB = findTestData("Internal User List").getValue(2, Counter): null

2019-02-21 18:06:46 - [TEST_STEP][PASSED] - if (StrB.equals(StrA)): null

2019-02-21 18:06:46 - [TEST_STEP][PASSED] - (Counter++): null

2019-02-21 18:06:46 - [TEST_STEP][PASSED] - StrB = findTestData("Internal User List").getValue(2, Counter): null

2019-02-21 18:06:46 - [TEST_STEP][PASSED] - if (StrB.equals(StrA)): null

2019-02-21 18:06:46 - [TEST_STEP][PASSED] - (Counter++): null

2019-02-21 18:06:46 - [TEST_STEP][PASSED] - StrB = findTestData("Internal User List").getValue(2, Counter): null

2019-02-21 18:06:46 - [TEST_STEP][PASSED] - if (StrB.equals(StrA)): null

2019-02-21 18:06:46 - [TEST_STEP][PASSED] - (Counter++): null

2019-02-21 18:06:46 - [TEST_STEP][PASSED] - StrB = findTestData("Internal User List").getValue(2, Counter): null

2019-02-21 18:06:46 - [TEST_STEP][PASSED] - if (StrB.equals(StrA)): null

2019-02-21 18:06:46 - [TEST_STEP][PASSED] - (Counter++): null

2019-02-21 18:06:46 - [TEST_STEP][PASSED] - StrB = findTestData("Internal User List").getValue(2, Counter): null

2019-02-21 18:06:47 - [TEST_STEP][PASSED] - if (StrB.equals(StrA)): null

2019-02-21 18:06:47 - [TEST_STEP][PASSED] - (Counter++): null

2019-02-21 18:06:47 - [TEST_STEP][PASSED] - StrB = findTestData("Internal User List").getValue(2, Counter): null

2019-02-21 18:06:47 - [TEST_STEP][PASSED] - if (StrB.equals(StrA)): null

2019-02-21 18:06:47 - [TEST_STEP][PASSED] - (Counter++): null

2019-02-21 18:06:47 - [TEST_STEP][PASSED] - StrB = findTestData("Internal User List").getValue(2, Counter): null

2019-02-21 18:06:47 - [TEST_STEP][PASSED] - if (StrB.equals(StrA)): null

2019-02-21 18:06:47 - [TEST_STEP][PASSED] - (Counter++): null

2019-02-21 18:06:47 - [TEST_STEP][PASSED] - StrB = findTestData("Internal User List").getValue(2, Counter): null

2019-02-21 18:06:47 - [TEST_STEP][PASSED] - if (StrB.equals(StrA)): null

2019-02-21 18:06:47 - [TEST_STEP][PASSED] - (Counter++): null

2019-02-21 18:06:47 - [TEST_STEP][PASSED] - StrB = findTestData("Internal User List").getValue(2, Counter): null

2019-02-21 18:06:47 - [TEST_STEP][PASSED] - if (StrB.equals(StrA)): null

2019-02-21 18:06:47 - [TEST_STEP][PASSED] - (Counter++): null

2019-02-21 18:06:47 - [TEST_STEP][PASSED] - StrB = findTestData("Internal User List").getValue(2, Counter): null

2019-02-21 18:06:47 - [TEST_STEP][PASSED] - if (StrB.equals(StrA)): null

2019-02-21 18:06:47 - [TEST_STEP][PASSED] - (Counter++): null

2019-02-21 18:06:47 - [TEST_STEP][PASSED] - StrB = findTestData("Internal User List").getValue(2, Counter): null

2019-02-21 18:06:47 - [TEST_STEP][PASSED] - if (StrB.equals(StrA)): null

2019-02-21 18:06:47 - [TEST_STEP][PASSED] - (Counter++): null

2019-02-21 18:06:48 - [TEST_STEP][PASSED] - StrB = findTestData("Internal User List").getValue(2, Counter): null

2019-02-21 18:06:48 - [TEST_STEP][PASSED] - if (StrB.equals(StrA)): null

2019-02-21 18:06:48 - [TEST_STEP][PASSED] - (Counter++): null

2019-02-21 18:06:48 - [TEST_STEP][PASSED] - StrB = findTestData("Internal User List").getValue(2, Counter): null

2019-02-21 18:06:48 - [TEST_STEP][PASSED] - if (StrB.equals(StrA)): null

2019-02-21 18:06:48 - [TEST_STEP][PASSED] - (Counter++): null

2019-02-21 18:06:48 - [TEST_STEP][PASSED] - StrB = findTestData("Internal User List").getValue(2, Counter): null

2019-02-21 18:06:48 - [TEST_STEP][PASSED] - if (StrB.equals(StrA)): null

2019-02-21 18:06:48 - [TEST_STEP][PASSED] - (Counter++): null

2019-02-21 18:06:48 - [TEST_STEP][PASSED] - StrB = findTestData("Internal User List").getValue(2, Counter): null

2019-02-21 18:06:48 - [TEST_STEP][PASSED] - if (StrB.equals(StrA)): null

2019-02-21 18:06:49 - [TEST_STEP][PASSED] - (Counter++): null

2019-02-21 18:06:49 - [TEST_STEP][PASSED] - StrB = findTestData("Internal User List").getValue(2, Counter): null

2019-02-21 18:06:49 - [TEST_STEP][PASSED] - if (StrB.equals(StrA)): null

2019-02-21 18:06:49 - [TEST_STEP][PASSED] - (Counter++): null

2019-02-21 18:06:49 - [TEST_STEP][PASSED] - StrB = findTestData("Internal User List").getValue(2, Counter): null

2019-02-21 18:06:49 - [TEST_STEP][PASSED] - if (StrB.equals(StrA)): null

2019-02-21 18:06:49 - [TEST_STEP][PASSED] - (Counter++): null

2019-02-21 18:06:49 - [TEST_STEP][PASSED] - StrB = findTestData("Internal User List").getValue(2, Counter): null

2019-02-21 18:06:49 - [TEST_STEP][PASSED] - if (StrB.equals(StrA)): null

2019-02-21 18:06:49 - [TEST_STEP][PASSED] - (Counter++): null

2019-02-21 18:06:49 - [TEST_STEP][PASSED] - StrB = findTestData("Internal User List").getValue(2, Counter): null

2019-02-21 18:06:49 - [TEST_STEP][PASSED] - if (StrB.equals(StrA)): null

2019-02-21 18:06:49 - [TEST_STEP][PASSED] - (Counter++): null

2019-02-21 18:06:49 - [TEST_STEP][PASSED] - StrB = findTestData("Internal User List").getValue(2, Counter): null

2019-02-21 18:06:49 - [TEST_STEP][PASSED] - if (StrB.equals(StrA)): null

2019-02-21 18:06:49 - [TEST_STEP][PASSED] - (Counter++): null

2019-02-21 18:06:49 - [TEST_STEP][PASSED] - StrB = findTestData("Internal User List").getValue(2, Counter): null

2019-02-21 18:06:49 - [TEST_STEP][PASSED] - if (StrB.equals(StrA)): null

2019-02-21 18:06:49 - [TEST_STEP][PASSED] - (Counter++): null

2019-02-21 18:06:49 - [TEST_STEP][PASSED] - StrB = findTestData("Internal User List").getValue(2, Counter): null

2019-02-21 18:06:50 - [TEST_STEP][PASSED] - if (StrB.equals(StrA)): null

2019-02-21 18:06:50 - [TEST_STEP][PASSED] - (Counter++): null

2019-02-21 18:06:50 - [TEST_STEP][PASSED] - StrB = findTestData("Internal User List").getValue(2, Counter): null

2019-02-21 18:06:50 - [TEST_STEP][PASSED] - if (StrB.equals(StrA)): null

2019-02-21 18:06:50 - [TEST_STEP][PASSED] - (Counter++): null

2019-02-21 18:06:50 - [TEST_STEP][PASSED] - StrB = findTestData("Internal User List").getValue(2, Counter): null

2019-02-21 18:06:50 - [TEST_STEP][PASSED] - if (StrB.equals(StrA)): null

2019-02-21 18:06:50 - [TEST_STEP][PASSED] - (Counter++): null

2019-02-21 18:06:50 - [TEST_STEP][PASSED] - StrB = findTestData("Internal User List").getValue(2, Counter): null

2019-02-21 18:06:50 - [TEST_STEP][PASSED] - if (StrB.equals(StrA)): null

2019-02-21 18:06:50 - [TEST_STEP][PASSED] - (Counter++): null

2019-02-21 18:06:50 - [TEST_STEP][PASSED] - StrB = findTestData("Internal User List").getValue(2, Counter): null

2019-02-21 18:06:50 - [TEST_STEP][PASSED] - if (StrB.equals(StrA)): null

2019-02-21 18:06:50 - [TEST_STEP][PASSED] - (Counter++): null

2019-02-21 18:06:51 - [TEST_STEP][PASSED] - StrB = findTestData("Internal User List").getValue(2, Counter): null

2019-02-21 18:06:51 - [TEST_STEP][PASSED] - if (StrB.equals(StrA)): null

2019-02-21 18:06:51 - [TEST_STEP][PASSED] - (Counter++): null

2019-02-21 18:06:51 - [TEST_STEP][PASSED] - StrB = findTestData("Internal User List").getValue(2, Counter): null

2019-02-21 18:06:51 - [TEST_STEP][PASSED] - if (StrB.equals(StrA)): null

2019-02-21 18:06:51 - [TEST_STEP][PASSED] - (Counter++): null

2019-02-21 18:06:51 - [TEST_STEP][PASSED] - StrB = findTestData("Internal User List").getValue(2, Counter): null

2019-02-21 18:06:51 - [TEST_STEP][PASSED] - if (StrB.equals(StrA)): null

2019-02-21 18:06:51 - [TEST_STEP][PASSED] - (Counter++): null

2019-02-21 18:06:51 - [TEST_STEP][PASSED] - StrB = findTestData("Internal User List").getValue(2, Counter): null

2019-02-21 18:06:51 - [TEST_STEP][PASSED] - if (StrB.equals(StrA)): null

2019-02-21 18:06:51 - [TEST_STEP][PASSED] - (Counter++): null

2019-02-21 18:06:51 - [TEST_STEP][PASSED] - StrB = findTestData("Internal User List").getValue(2, Counter): null

2019-02-21 18:06:51 - [TEST_STEP][PASSED] - if (StrB.equals(StrA)): null

2019-02-21 18:06:51 - [TEST_STEP][PASSED] - (Counter++): null

2019-02-21 18:06:51 - [TEST_STEP][PASSED] - StrB = findTestData("Internal User List").getValue(2, Counter): null

2019-02-21 18:06:51 - [TEST_STEP][PASSED] - if (StrB.equals(StrA)): null

2019-02-21 18:06:52 - [TEST_STEP][PASSED] - (Counter++): null

2019-02-21 18:06:52 - [TEST_STEP][PASSED] - StrB = findTestData("Internal User List").getValue(2, Counter): null

2019-02-21 18:06:52 - [TEST_STEP][PASSED] - if (StrB.equals(StrA)): null

2019-02-21 18:06:52 - [TEST_STEP][PASSED] - (Counter++): null

2019-02-21 18:06:52 - [TEST_STEP][PASSED] - StrB = findTestData("Internal User List").getValue(2, Counter): null

2019-02-21 18:06:52 - [TEST_STEP][PASSED] - if (StrB.equals(StrA)): null

2019-02-21 18:06:52 - [TEST_STEP][PASSED] - (Counter++): null

2019-02-21 18:06:52 - [TEST_STEP][PASSED] - StrB = findTestData("Internal User List").getValue(2, Counter): null

2019-02-21 18:06:52 - [TEST_STEP][PASSED] - if (StrB.equals(StrA)): null

2019-02-21 18:06:52 - [TEST_STEP][PASSED] - (Counter++): null

2019-02-21 18:06:52 - [TEST_STEP][PASSED] - StrB = findTestData("Internal User List").getValue(2, Counter): null

2019-02-21 18:06:52 - [TEST_STEP][PASSED] - if (StrB.equals(StrA)): null

2019-02-21 18:06:52 - [TEST_STEP][PASSED] - (Counter++): null

2019-02-21 18:06:52 - [TEST_STEP][PASSED] - StrB = findTestData("Internal User List").getValue(2, Counter): null

2019-02-21 18:06:52 - [TEST_STEP][PASSED] - if (StrB.equals(StrA)): null

2019-02-21 18:06:52 - [TEST_STEP][PASSED] - (Counter++): null

2019-02-21 18:06:52 - [TEST_STEP][PASSED] - StrB = findTestData("Internal User List").getValue(2, Counter): null

2019-02-21 18:06:53 - [TEST_STEP][PASSED] - if (StrB.equals(StrA)): null

2019-02-21 18:06:53 - [TEST_STEP][PASSED] - (Counter++): null

2019-02-21 18:06:53 - [TEST_STEP][PASSED] - StrB = findTestData("Internal User List").getValue(2, Counter): null

2019-02-21 18:06:53 - [TEST_STEP][PASSED] - if (StrB.equals(StrA)): null

2019-02-21 18:06:53 - [TEST_STEP][PASSED] - (Counter++): null

2019-02-21 18:06:53 - [TEST_STEP][PASSED] - StrB = findTestData("Internal User List").getValue(2, Counter): null

2019-02-21 18:06:53 - [TEST_STEP][PASSED] - if (StrB.equals(StrA)): null

2019-02-21 18:06:53 - [TEST_STEP][PASSED] - (Counter++): null

2019-02-21 18:06:53 - [TEST_STEP][PASSED] - StrB = findTestData("Internal User List").getValue(2, Counter): null

2019-02-21 18:06:53 - [TEST_STEP][PASSED] - if (StrB.equals(StrA)): null

2019-02-21 18:06:53 - [TEST_STEP][PASSED] - (Counter++): null

2019-02-21 18:06:53 - [TEST_STEP][PASSED] - StrB = findTestData("Internal User List").getValue(2, Counter): null

2019-02-21 18:06:53 - [TEST_STEP][PASSED] - if (StrB.equals(StrA)): null

2019-02-21 18:06:54 - [TEST_STEP][PASSED] - (Counter++): null

2019-02-21 18:06:54 - [TEST_STEP][PASSED] - StrB = findTestData("Internal User List").getValue(2, Counter): null

2019-02-21 18:06:54 - [TEST_STEP][PASSED] - if (StrB.equals(StrA)): null

2019-02-21 18:06:54 - [TEST_STEP][PASSED] - (Counter++): null

2019-02-21 18:06:54 - [TEST_STEP][PASSED] - StrB = findTestData("Internal User List").getValue(2, Counter): null

2019-02-21 18:06:54 - [TEST_STEP][PASSED] - if (StrB.equals(StrA)): null

2019-02-21 18:06:54 - [TEST_STEP][PASSED] - (Counter++): null

2019-02-21 18:06:54 - [TEST_STEP][PASSED] - StrB = findTestData("Internal User List").getValue(2, Counter): null

2019-02-21 18:06:54 - [TEST_STEP][PASSED] - if (StrB.equals(StrA)): null

2019-02-21 18:06:54 - [TEST_STEP][PASSED] - (Counter++): null

2019-02-21 18:06:54 - [TEST_STEP][PASSED] - StrB = findTestData("Internal User List").getValue(2, Counter): null

2019-02-21 18:06:54 - [TEST_STEP][PASSED] - if (StrB.equals(StrA)): null

2019-02-21 18:06:54 - [TEST_STEP][PASSED] - (Counter++): null

2019-02-21 18:06:54 - [TEST_STEP][PASSED] - StrB = findTestData("Internal User List").getValue(2, Counter): null

2019-02-21 18:06:54 - [TEST_STEP][PASSED] - if (StrB.equals(StrA)): null

2019-02-21 18:06:54 - [TEST_STEP][PASSED] - (Counter++): null

2019-02-21 18:06:54 - [TEST_STEP][PASSED] - StrB = findTestData("Internal User List").getValue(2, Counter): null

2019-02-21 18:06:54 - [TEST_STEP][PASSED] - if (StrB.equals(StrA)): null

2019-02-21 18:06:54 - [TEST_STEP][PASSED] - (Counter++): null

2019-02-21 18:06:54 - [TEST_STEP][PASSED] - StrB = findTestData("Internal User List").getValue(2, Counter): null

2019-02-21 18:06:54 - [TEST_STEP][PASSED] - if (StrB.equals(StrA)): null

2019-02-21 18:06:55 - [TEST_STEP][PASSED] - (Counter++): null

2019-02-21 18:06:55 - [TEST_STEP][PASSED] - StrB = findTestData("Internal User List").getValue(2, Counter): null

2019-02-21 18:06:55 - [TEST_STEP][PASSED] - if (StrB.equals(StrA)): null

2019-02-21 18:06:55 - [TEST_STEP][PASSED] - (Counter++): null

2019-02-21 18:06:55 - [TEST_STEP][PASSED] - StrB = findTestData("Internal User List").getValue(2, Counter): null

2019-02-21 18:06:55 - [TEST_STEP][PASSED] - if (StrB.equals(StrA)): null

2019-02-21 18:06:55 - [TEST_STEP][PASSED] - (Counter++): null

2019-02-21 18:06:55 - [TEST_STEP][PASSED] - StrB = findTestData("Internal User List").getValue(2, Counter): null

2019-02-21 18:06:55 - [TEST_STEP][PASSED] - if (StrB.equals(StrA)): null

2019-02-21 18:06:55 - [TEST_STEP][PASSED] - (Counter++): null

2019-02-21 18:06:56 - [TEST_STEP][PASSED] - StrB = findTestData("Internal User List").getValue(2, Counter): null

2019-02-21 18:06:56 - [TEST_STEP][PASSED] - if (StrB.equals(StrA)): null

2019-02-21 18:06:56 - [TEST_STEP][PASSED] - (Counter++): null

2019-02-21 18:06:56 - [TEST_STEP][PASSED] - StrB = findTestData("Internal User List").getValue(2, Counter): null

2019-02-21 18:06:56 - [TEST_STEP][PASSED] - if (StrB.equals(StrA)): null

2019-02-21 18:06:56 - [TEST_STEP][PASSED] - (Counter++): null

2019-02-21 18:06:56 - [TEST_STEP][PASSED] - StrB = findTestData("Internal User List").getValue(2, Counter): null

2019-02-21 18:06:56 - [TEST_STEP][PASSED] - if (StrB.equals(StrA)): null

2019-02-21 18:06:56 - [TEST_STEP][PASSED] - (Counter++): null

2019-02-21 18:06:56 - [TEST_STEP][PASSED] - StrB = findTestData("Internal User List").getValue(2, Counter): null

2019-02-21 18:06:56 - [TEST_STEP][PASSED] - if (StrB.equals(StrA)): null

2019-02-21 18:06:56 - [TEST_STEP][PASSED] - (Counter++): null

2019-02-21 18:06:56 - [TEST_STEP][PASSED] - StrB = findTestData("Internal User List").getValue(2, Counter): null

2019-02-21 18:06:56 - [TEST_STEP][PASSED] - if (StrB.equals(StrA)): null

2019-02-21 18:06:56 - [TEST_STEP][PASSED] - StrEmail = findTestData("Internal User List").getValue(1, Counter): null

2019-02-21 18:06:56 - [TEST_STEP][PASSED] - InternalEmail = StrEmail: null

2019-02-21 18:06:56 - [TEST_STEP][PASSED] - out.println(StrEmail): null

2019-02-21 18:06:56 - [TEST_STEP][PASSED] - (Counter++): null

2019-02-21 18:06:56 - [MESSAGE][PASSED] - Call Test Case 'Test Cases/All TC/Arranged/1. Common/Internal Email Finder' successfully

2019-02-21 18:06:57 - [TEST_STEP][PASSED] - setText(findTestObject("KinJun/6.0 Query/6.3 Cross branch - SEIO/Page_PERKESO/Input username"), InternalEmail): Text 'jheio4@perkeso.gov.my' is set on object 'Object Repository/KinJun/6.0 Query/6.3 Cross branch - SEIO/Page_PERKESO/Input username'

2019-02-21 18:06:57 - [MESSAGE][PASSED] - Text 'jheio4@perkeso.gov.my' is set on object 'Object Repository/KinJun/6.0 Query/6.3 Cross branch - SEIO/Page_PERKESO/Input username'

2019-02-21 18:06:57 - [TEST_STEP][PASSED] - setEncryptedText(findTestObject("KinJun/6.0 Query/6.3 Cross branch - SEIO/Page_PERKESO/Input password"), "CQqwFZlbeC8="): Text ****** has been set on object 'Object Repository/KinJun/6.0 Query/6.3 Cross branch - SEIO/Page_PERKESO/Input password'

2019-02-21 18:06:57 - [MESSAGE][PASSED] - Text ****** has been set on object 'Object Repository/KinJun/6.0 Query/6.3 Cross branch - SEIO/Page_PERKESO/Input password'

2019-02-21 18:06:57 - [TEST_STEP][PASSED] - click(findTestObject("KinJun/6.0 Query/6.3 Cross branch - SEIO/Page_PERKESO/Btn login")): Object: 'Object Repository/KinJun/6.0 Query/6.3 Cross branch - SEIO/Page_PERKESO/Btn login' is clicked on

2019-02-21 18:06:59 - [MESSAGE][PASSED] - Object: 'Object Repository/KinJun/6.0 Query/6.3 Cross branch - SEIO/Page_PERKESO/Btn login' is clicked on

2019-02-21 18:06:59 - [TEST_STEP][PASSED] - delay(3): Delayed 3 second(s)

2019-02-21 18:07:02 - [MESSAGE][PASSED] - Delayed 3 second(s)

2019-02-21 18:07:02 - [TEST_STEP][PASSED] - click(findTestObject("KinJun/6.0 Query/6.3 Cross branch - SEIO/Page_PERKESO/Click workbasket")): Object: 'Object Repository/KinJun/6.0 Query/6.3 Cross branch - SEIO/Page_PERKESO/Click workbasket' is clicked on

2019-02-21 18:07:02 - [MESSAGE][PASSED] - Object: 'Object Repository/KinJun/6.0 Query/6.3 Cross branch - SEIO/Page_PERKESO/Click workbasket' is clicked on

2019-02-21 18:07:02 - [TEST_STEP][PASSED] - delay(3): Delayed 3 second(s)

2019-02-21 18:07:05 - [MESSAGE][PASSED] - Delayed 3 second(s)

2019-02-21 18:07:05 - [TEST_STEP][PASSED] - click(findTestObject("KinJun/6.0 Query/6.3 Cross branch - SEIO/Page_PERKESO/Click SearchCase")): Object: 'Object Repository/KinJun/6.0 Query/6.3 Cross branch - SEIO/Page_PERKESO/Click SearchCase' is clicked on

2019-02-21 18:07:06 - [MESSAGE][PASSED] - Object: 'Object Repository/KinJun/6.0 Query/6.3 Cross branch - SEIO/Page_PERKESO/Click SearchCase' is clicked on

2019-02-21 18:07:06 - [TEST_STEP][PASSED] - callTestCase(findTestCase("All TC/Arranged/1. Common/1.1 Getter/Getter IC"), [:], STOP_ON_FAILURE): Call Test Case 'Test Cases/All TC/Arranged/1. Common/1.1 Getter/Getter IC' successfully

2019-02-21 18:07:06 - [TEST_CASE][PASSED] - Test Cases/All TC/Arranged/1. Common/1.1 Getter/Getter IC: Test Cases/All TC/Arranged/1. Common/1.1 Getter/Getter IC

2019-02-21 18:07:06 - [TEST_STEP][PASSED] - try: null

2019-02-21 18:07:06 - [TEST_STEP][PASSED] - RefNo = new java.io.File((internal.GlobalVariable.TextFilePathCommon + \getIC.txt)): null

2019-02-21 18:07:06 - [TEST_STEP][PASSED] - bufferread = new java.io.BufferedReader(new java.io.FileReader(RefNo)): null

2019-02-21 18:07:06 - [TEST_STEP][PASSED] - readedVal = bufferread.readLine(): null

2019-02-21 18:07:06 - [TEST_STEP][PASSED] - out.println(IC): null

2019-02-21 18:07:06 - [TEST_STEP][PASSED] - out.println(readedVal): null

2019-02-21 18:07:06 - [TEST_STEP][PASSED] - IC = "": null

2019-02-21 18:07:06 - [TEST_STEP][PASSED] - IC = readedVal: null

2019-02-21 18:07:06 - [MESSAGE][PASSED] - Call Test Case 'Test Cases/All TC/Arranged/1. Common/1.1 Getter/Getter IC' successfully

2019-02-21 18:07:06 - [TEST_STEP][PASSED] - setText(findTestObject("KinJun/6.0 Query/6.3 Cross branch - SEIO/Page_PERKESO/Input IC"), IC): Text '860319435138' is set on object 'Object Repository/KinJun/6.0 Query/6.3 Cross branch - SEIO/Page_PERKESO/Input IC'

2019-02-21 18:07:06 - [MESSAGE][PASSED] - Text '860319435138' is set on object 'Object Repository/KinJun/6.0 Query/6.3 Cross branch - SEIO/Page_PERKESO/Input IC'

2019-02-21 18:07:06 - [TEST_STEP][PASSED] - click(findTestObject("KinJun/6.0 Query/6.3 Cross branch - SEIO/Page_PERKESO/Btn Search")): Object: 'Object Repository/KinJun/6.0 Query/6.3 Cross branch - SEIO/Page_PERKESO/Btn Search' is clicked on

2019-02-21 18:07:06 - [MESSAGE][PASSED] - Object: 'Object Repository/KinJun/6.0 Query/6.3 Cross branch - SEIO/Page_PERKESO/Btn Search' is clicked on

2019-02-21 18:07:06 - [TEST_STEP][PASSED] - delay(3): Delayed 3 second(s)

2019-02-21 18:07:09 - [MESSAGE][PASSED] - Delayed 3 second(s)

2019-02-21 18:07:09 - [TEST_STEP][PASSED] - click(findTestObject("KinJun/6.0 Query/6.3 Cross branch - SEIO/Page_PERKESO/Click CaseID")): Object: 'Object Repository/KinJun/6.0 Query/6.3 Cross branch - SEIO/Page_PERKESO/Click CaseID' is clicked on

2019-02-21 18:07:10 - [MESSAGE][PASSED] - Object: 'Object Repository/KinJun/6.0 Query/6.3 Cross branch - SEIO/Page_PERKESO/Click CaseID' is clicked on

2019-02-21 18:07:10 - [TEST_STEP][PASSED] - delay(3): Delayed 3 second(s)

2019-02-21 18:07:13 - [MESSAGE][PASSED] - Delayed 3 second(s)

2019-02-21 18:07:13 - [TEST_STEP][PASSED] - acceptAlert(): Alert accepted

2019-02-21 18:07:13 - [MESSAGE][PASSED] - Alert accepted

2019-02-21 18:07:13 - [TEST_STEP][PASSED] - delay(3): Delayed 3 second(s)

2019-02-21 18:07:16 - [MESSAGE][PASSED] - Delayed 3 second(s)

2019-02-21 18:07:16 - [TEST_STEP][PASSED] - click(findTestObject("KinJun/6.0 Query/6.3 Cross branch - SEIO/Page_PERKESO/Btn Query")): Object: 'Object Repository/KinJun/6.0 Query/6.3 Cross branch - SEIO/Page_PERKESO/Btn Query' is clicked on

2019-02-21 18:07:16 - [MESSAGE][PASSED] - Object: 'Object Repository/KinJun/6.0 Query/6.3 Cross branch - SEIO/Page_PERKESO/Btn Query' is clicked on

2019-02-21 18:07:16 - [TEST_STEP][PASSED] - delay(3): Delayed 3 second(s)

2019-02-21 18:07:19 - [MESSAGE][PASSED] - Delayed 3 second(s)

2019-02-21 18:07:19 - [TEST_STEP][PASSED] - click(findTestObject("KinJun/6.0 Query/6.3 Cross branch - SEIO/Page_PERKESO/Span branch")): Object: 'Object Repository/KinJun/6.0 Query/6.3 Cross branch - SEIO/Page_PERKESO/Span branch' is clicked on

2019-02-21 18:07:20 - [MESSAGE][PASSED] - Object: 'Object Repository/KinJun/6.0 Query/6.3 Cross branch - SEIO/Page_PERKESO/Span branch' is clicked on

2019-02-21 18:07:20 - [TEST_STEP][PASSED] - delay(3): Delayed 3 second(s)

2019-02-21 18:07:23 - [MESSAGE][PASSED] - Delayed 3 second(s)

2019-02-21 18:07:23 - [TEST_STEP][PASSED] - click(findTestObject("KinJun/6.0 Query/6.3 Cross branch - SEIO/Page_PERKESO/DD Branch")): Object: 'Object Repository/KinJun/6.0 Query/6.3 Cross branch - SEIO/Page_PERKESO/DD Branch' is clicked on

2019-02-21 18:07:23 - [MESSAGE][PASSED] - Object: 'Object Repository/KinJun/6.0 Query/6.3 Cross branch - SEIO/Page_PERKESO/DD Branch' is clicked on

2019-02-21 18:07:23 - [TEST_STEP][PASSED] - delay(3): Delayed 3 second(s)

2019-02-21 18:07:26 - [MESSAGE][PASSED] - Delayed 3 second(s)

2019-02-21 18:07:26 - [TEST_STEP][PASSED] - click(findTestObject("KinJun/6.0 Query/6.3 Cross branch - SEIO/Page_PERKESO/Span officer")): Object: 'Object Repository/KinJun/6.0 Query/6.3 Cross branch - SEIO/Page_PERKESO/Span officer' is clicked on

2019-02-21 18:07:26 - [MESSAGE][PASSED] - Object: 'Object Repository/KinJun/6.0 Query/6.3 Cross branch - SEIO/Page_PERKESO/Span officer' is clicked on

2019-02-21 18:07:26 - [TEST_STEP][PASSED] - delay(3): Delayed 3 second(s)

2019-02-21 18:07:29 - [MESSAGE][PASSED] - Delayed 3 second(s)

2019-02-21 18:07:29 - [TEST_STEP][PASSED] - click(findTestObject("KinJun/6.0 Query/6.3 Cross branch - SEIO/Page_PERKESO/DD Officer")): Object: 'Object Repository/KinJun/6.0 Query/6.3 Cross branch - SEIO/Page_PERKESO/DD Officer' is clicked on

2019-02-21 18:07:29 - [MESSAGE][PASSED] - Object: 'Object Repository/KinJun/6.0 Query/6.3 Cross branch - SEIO/Page_PERKESO/DD Officer' is clicked on

2019-02-21 18:07:29 - [TEST_STEP][PASSED] - delay(3): Delayed 3 second(s)

2019-02-21 18:07:32 - [MESSAGE][PASSED] - Delayed 3 second(s)

2019-02-21 18:07:32 - [TEST_STEP][PASSED] - callTestCase(findTestCase("All TC/Arranged/1. Common/1.3 Loops/While Loop - Query"), [:], STOP_ON_FAILURE): Call Test Case 'Test Cases/All TC/Arranged/1. Common/1.3 Loops/While Loop - Query' successfully

2019-02-21 18:07:32 - [TEST_CASE][PASSED] - Test Cases/All TC/Arranged/1. Common/1.3 Loops/While Loop - Query: Test Cases/All TC/Arranged/1. Common/1.3 Loops/While Loop - Query

2019-02-21 18:07:32 - [TEST_STEP][PASSED] - callTestCase(findTestCase("All TC/Arranged/1. Common/1.1 Getter/Getter UserName"), [:], STOP_ON_FAILURE): Call Test Case 'Test Cases/All TC/Arranged/1. Common/1.1 Getter/Getter UserName' successfully

2019-02-21 18:07:32 - [TEST_CASE][PASSED] - Test Cases/All TC/Arranged/1. Common/1.1 Getter/Getter UserName: Test Cases/All TC/Arranged/1. Common/1.1 Getter/Getter UserName

2019-02-21 18:07:32 - [TEST_STEP][PASSED] - try: null

2019-02-21 18:07:32 - [TEST_STEP][PASSED] - RefNo = new java.io.File((internal.GlobalVariable.TextFilePathCommon + \getUser.txt)): null

2019-02-21 18:07:32 - [TEST_STEP][PASSED] - bufferread = new java.io.BufferedReader(new java.io.FileReader(RefNo)): null

2019-02-21 18:07:32 - [TEST_STEP][PASSED] - readedVal = bufferread.readLine(): null

2019-02-21 18:07:32 - [TEST_STEP][PASSED] - out.println(UserName): null

2019-02-21 18:07:32 - [TEST_STEP][PASSED] - out.println(readedVal): null

2019-02-21 18:07:32 - [TEST_STEP][PASSED] - UserName = "": null

2019-02-21 18:07:32 - [TEST_STEP][PASSED] - UserName = readedVal: null

2019-02-21 18:07:32 - [MESSAGE][PASSED] - Call Test Case 'Test Cases/All TC/Arranged/1. Common/1.1 Getter/Getter UserName' successfully

2019-02-21 18:07:32 - [TEST_STEP][PASSED] - callTestCase(findTestCase("All TC/Arranged/1. Common/Internal Email Finder"), [:], STOP_ON_FAILURE): Call Test Case 'Test Cases/All TC/Arranged/1. Common/Internal Email Finder' successfully

2019-02-21 18:07:32 - [TEST_CASE][PASSED] - Test Cases/All TC/Arranged/1. Common/Internal Email Finder: Test Cases/All TC/Arranged/1. Common/Internal Email Finder

2019-02-21 18:07:32 - [TEST_STEP][PASSED] - callTestCase(findTestCase("All TC/Arranged/1. Common/1.1 Getter/Getter UserName"), [:], CONTINUE_ON_FAILURE): Call Test Case 'Test Cases/All TC/Arranged/1. Common/1.1 Getter/Getter UserName' successfully

2019-02-21 18:07:32 - [TEST_CASE][PASSED] - Test Cases/All TC/Arranged/1. Common/1.1 Getter/Getter UserName: Test Cases/All TC/Arranged/1. Common/1.1 Getter/Getter UserName

2019-02-21 18:07:32 - [TEST_STEP][PASSED] - try: null

2019-02-21 18:07:32 - [TEST_STEP][PASSED] - RefNo = new java.io.File((internal.GlobalVariable.TextFilePathCommon + \getUser.txt)): null

2019-02-21 18:07:32 - [TEST_STEP][PASSED] - bufferread = new java.io.BufferedReader(new java.io.FileReader(RefNo)): null

2019-02-21 18:07:32 - [TEST_STEP][PASSED] - readedVal = bufferread.readLine(): null

2019-02-21 18:07:32 - [TEST_STEP][PASSED] - out.println(UserName): null

2019-02-21 18:07:32 - [TEST_STEP][PASSED] - out.println(readedVal): null

2019-02-21 18:07:32 - [TEST_STEP][PASSED] - UserName = "": null

2019-02-21 18:07:32 - [TEST_STEP][PASSED] - UserName = readedVal: null

2019-02-21 18:07:32 - [MESSAGE][PASSED] - Call Test Case 'Test Cases/All TC/Arranged/1. Common/1.1 Getter/Getter UserName' successfully

2019-02-21 18:07:32 - [TEST_STEP][PASSED] - StrA = UserName: null

2019-02-21 18:07:32 - [TEST_STEP][PASSED] - StrB = <not implemented yet for class: org.codehaus.groovy.ast.expr.EmptyExpression>: null

2019-02-21 18:07:32 - [TEST_STEP][PASSED] - Counter = 1: null

2019-02-21 18:07:32 - [TEST_STEP][PASSED] - while (!(StrB.equals(StrA)) && !(Counter > findTestData("Internal User List").getRowNumbers())): null

2019-02-21 18:07:32 - [TEST_STEP][PASSED] - StrB = findTestData("Internal User List").getValue(2, Counter): null

2019-02-21 18:07:33 - [TEST_STEP][PASSED] - if (StrB.equals(StrA)): null

2019-02-21 18:07:33 - [TEST_STEP][PASSED] - (Counter++): null

2019-02-21 18:07:33 - [TEST_STEP][PASSED] - StrB = findTestData("Internal User List").getValue(2, Counter): null

2019-02-21 18:07:33 - [TEST_STEP][PASSED] - if (StrB.equals(StrA)): null

2019-02-21 18:07:33 - [TEST_STEP][PASSED] - (Counter++): null

2019-02-21 18:07:33 - [TEST_STEP][PASSED] - StrB = findTestData("Internal User List").getValue(2, Counter): null

2019-02-21 18:07:33 - [TEST_STEP][PASSED] - if (StrB.equals(StrA)): null

2019-02-21 18:07:33 - [TEST_STEP][PASSED] - (Counter++): null

2019-02-21 18:07:33 - [TEST_STEP][PASSED] - StrB = findTestData("Internal User List").getValue(2, Counter): null

2019-02-21 18:07:33 - [TEST_STEP][PASSED] - if (StrB.equals(StrA)): null

2019-02-21 18:07:33 - [TEST_STEP][PASSED] - (Counter++): null

2019-02-21 18:07:34 - [TEST_STEP][PASSED] - StrB = findTestData("Internal User List").getValue(2, Counter): null

2019-02-21 18:07:34 - [TEST_STEP][PASSED] - if (StrB.equals(StrA)): null

2019-02-21 18:07:34 - [TEST_STEP][PASSED] - (Counter++): null

2019-02-21 18:07:34 - [TEST_STEP][PASSED] - StrB = findTestData("Internal User List").getValue(2, Counter): null

2019-02-21 18:07:34 - [TEST_STEP][PASSED] - if (StrB.equals(StrA)): null

2019-02-21 18:07:34 - [TEST_STEP][PASSED] - (Counter++): null

2019-02-21 18:07:34 - [TEST_STEP][PASSED] - StrB = findTestData("Internal User List").getValue(2, Counter): null

2019-02-21 18:07:34 - [TEST_STEP][PASSED] - if (StrB.equals(StrA)): null

2019-02-21 18:07:34 - [TEST_STEP][PASSED] - (Counter++): null

2019-02-21 18:07:34 - [TEST_STEP][PASSED] - StrB = findTestData("Internal User List").getValue(2, Counter): null

2019-02-21 18:07:34 - [TEST_STEP][PASSED] - if (StrB.equals(StrA)): null

2019-02-21 18:07:34 - [TEST_STEP][PASSED] - (Counter++): null

2019-02-21 18:07:34 - [TEST_STEP][PASSED] - StrB = findTestData("Internal User List").getValue(2, Counter): null

2019-02-21 18:07:34 - [TEST_STEP][PASSED] - if (StrB.equals(StrA)): null

2019-02-21 18:07:34 - [TEST_STEP][PASSED] - (Counter++): null

2019-02-21 18:07:35 - [TEST_STEP][PASSED] - StrB = findTestData("Internal User List").getValue(2, Counter): null

2019-02-21 18:07:35 - [TEST_STEP][PASSED] - if (StrB.equals(StrA)): null

2019-02-21 18:07:35 - [TEST_STEP][PASSED] - (Counter++): null

2019-02-21 18:07:35 - [TEST_STEP][PASSED] - StrB = findTestData("Internal User List").getValue(2, Counter): null

2019-02-21 18:07:35 - [TEST_STEP][PASSED] - if (StrB.equals(StrA)): null

2019-02-21 18:07:35 - [TEST_STEP][PASSED] - (Counter++): null

2019-02-21 18:07:35 - [TEST_STEP][PASSED] - StrB = findTestData("Internal User List").getValue(2, Counter): null

2019-02-21 18:07:35 - [TEST_STEP][PASSED] - if (StrB.equals(StrA)): null

2019-02-21 18:07:35 - [TEST_STEP][PASSED] - (Counter++): null

2019-02-21 18:07:35 - [TEST_STEP][PASSED] - StrB = findTestData("Internal User List").getValue(2, Counter): null

2019-02-21 18:07:35 - [TEST_STEP][PASSED] - if (StrB.equals(StrA)): null

2019-02-21 18:07:35 - [TEST_STEP][PASSED] - (Counter++): null

2019-02-21 18:07:35 - [TEST_STEP][PASSED] - StrB = findTestData("Internal User List").getValue(2, Counter): null

2019-02-21 18:07:35 - [TEST_STEP][PASSED] - if (StrB.equals(StrA)): null

2019-02-21 18:07:35 - [TEST_STEP][PASSED] - (Counter++): null

2019-02-21 18:07:35 - [TEST_STEP][PASSED] - StrB = findTestData("Internal User List").getValue(2, Counter): null

2019-02-21 18:07:35 - [TEST_STEP][PASSED] - if (StrB.equals(StrA)): null

2019-02-21 18:07:35 - [TEST_STEP][PASSED] - (Counter++): null

2019-02-21 18:07:35 - [TEST_STEP][PASSED] - StrB = findTestData("Internal User List").getValue(2, Counter): null

2019-02-21 18:07:35 - [TEST_STEP][PASSED] - if (StrB.equals(StrA)): null

2019-02-21 18:07:35 - [TEST_STEP][PASSED] - (Counter++): null

2019-02-21 18:07:35 - [TEST_STEP][PASSED] - StrB = findTestData("Internal User List").getValue(2, Counter): null

2019-02-21 18:07:35 - [TEST_STEP][PASSED] - if (StrB.equals(StrA)): null

2019-02-21 18:07:35 - [TEST_STEP][PASSED] - (Counter++): null

2019-02-21 18:07:35 - [TEST_STEP][PASSED] - StrB = findTestData("Internal User List").getValue(2, Counter): null

2019-02-21 18:07:35 - [TEST_STEP][PASSED] - if (StrB.equals(StrA)): null

2019-02-21 18:07:35 - [TEST_STEP][PASSED] - (Counter++): null

2019-02-21 18:07:35 - [TEST_STEP][PASSED] - StrB = findTestData("Internal User List").getValue(2, Counter): null

2019-02-21 18:07:35 - [TEST_STEP][PASSED] - if (StrB.equals(StrA)): null

2019-02-21 18:07:36 - [TEST_STEP][PASSED] - (Counter++): null

2019-02-21 18:07:36 - [TEST_STEP][PASSED] - StrB = findTestData("Internal User List").getValue(2, Counter): null

2019-02-21 18:07:36 - [TEST_STEP][PASSED] - if (StrB.equals(StrA)): null

2019-02-21 18:07:36 - [TEST_STEP][PASSED] - (Counter++): null

2019-02-21 18:07:36 - [TEST_STEP][PASSED] - StrB = findTestData("Internal User List").getValue(2, Counter): null

2019-02-21 18:07:36 - [TEST_STEP][PASSED] - if (StrB.equals(StrA)): null

2019-02-21 18:07:36 - [TEST_STEP][PASSED] - (Counter++): null

2019-02-21 18:07:36 - [TEST_STEP][PASSED] - StrB = findTestData("Internal User List").getValue(2, Counter): null

2019-02-21 18:07:36 - [TEST_STEP][PASSED] - if (StrB.equals(StrA)): null

2019-02-21 18:07:36 - [TEST_STEP][PASSED] - (Counter++): null

2019-02-21 18:07:36 - [TEST_STEP][PASSED] - StrB = findTestData("Internal User List").getValue(2, Counter): null

2019-02-21 18:07:37 - [TEST_STEP][PASSED] - if (StrB.equals(StrA)): null

2019-02-21 18:07:37 - [TEST_STEP][PASSED] - (Counter++): null

2019-02-21 18:07:37 - [TEST_STEP][PASSED] - StrB = findTestData("Internal User List").getValue(2, Counter): null

2019-02-21 18:07:37 - [TEST_STEP][PASSED] - if (StrB.equals(StrA)): null

2019-02-21 18:07:37 - [TEST_STEP][PASSED] - (Counter++): null

2019-02-21 18:07:37 - [TEST_STEP][PASSED] - StrB = findTestData("Internal User List").getValue(2, Counter): null

2019-02-21 18:07:37 - [TEST_STEP][PASSED] - if (StrB.equals(StrA)): null

2019-02-21 18:07:37 - [TEST_STEP][PASSED] - (Counter++): null

2019-02-21 18:07:37 - [TEST_STEP][PASSED] - StrB = findTestData("Internal User List").getValue(2, Counter): null

2019-02-21 18:07:37 - [TEST_STEP][PASSED] - if (StrB.equals(StrA)): null

2019-02-21 18:07:37 - [TEST_STEP][PASSED] - (Counter++): null

2019-02-21 18:07:37 - [TEST_STEP][PASSED] - StrB = findTestData("Internal User List").getValue(2, Counter): null

2019-02-21 18:07:37 - [TEST_STEP][PASSED] - if (StrB.equals(StrA)): null

2019-02-21 18:07:37 - [TEST_STEP][PASSED] - (Counter++): null

2019-02-21 18:07:37 - [TEST_STEP][PASSED] - StrB = findTestData("Internal User List").getValue(2, Counter): null

2019-02-21 18:07:37 - [TEST_STEP][PASSED] - if (StrB.equals(StrA)): null

2019-02-21 18:07:37 - [TEST_STEP][PASSED] - (Counter++): null

2019-02-21 18:07:37 - [TEST_STEP][PASSED] - StrB = findTestData("Internal User List").getValue(2, Counter): null

2019-02-21 18:07:37 - [TEST_STEP][PASSED] - if (StrB.equals(StrA)): null

2019-02-21 18:07:38 - [TEST_STEP][PASSED] - (Counter++): null

2019-02-21 18:07:38 - [TEST_STEP][PASSED] - StrB = findTestData("Internal User List").getValue(2, Counter): null

2019-02-21 18:07:38 - [TEST_STEP][PASSED] - if (StrB.equals(StrA)): null

2019-02-21 18:07:38 - [TEST_STEP][PASSED] - (Counter++): null

2019-02-21 18:07:38 - [TEST_STEP][PASSED] - StrB = findTestData("Internal User List").getValue(2, Counter): null

2019-02-21 18:07:38 - [TEST_STEP][PASSED] - if (StrB.equals(StrA)): null

2019-02-21 18:07:38 - [TEST_STEP][PASSED] - (Counter++): null

2019-02-21 18:07:38 - [TEST_STEP][PASSED] - StrB = findTestData("Internal User List").getValue(2, Counter): null

2019-02-21 18:07:38 - [TEST_STEP][PASSED] - if (StrB.equals(StrA)): null

2019-02-21 18:07:38 - [TEST_STEP][PASSED] - (Counter++): null

2019-02-21 18:07:38 - [TEST_STEP][PASSED] - StrB = findTestData("Internal User List").getValue(2, Counter): null

2019-02-21 18:07:38 - [TEST_STEP][PASSED] - if (StrB.equals(StrA)): null

2019-02-21 18:07:38 - [TEST_STEP][PASSED] - (Counter++): null

2019-02-21 18:07:38 - [TEST_STEP][PASSED] - StrB = findTestData("Internal User List").getValue(2, Counter): null

2019-02-21 18:07:38 - [TEST_STEP][PASSED] - if (StrB.equals(StrA)): null

2019-02-21 18:07:38 - [TEST_STEP][PASSED] - (Counter++): null

2019-02-21 18:07:38 - [TEST_STEP][PASSED] - StrB = findTestData("Internal User List").getValue(2, Counter): null

2019-02-21 18:07:38 - [TEST_STEP][PASSED] - if (StrB.equals(StrA)): null

2019-02-21 18:07:38 - [TEST_STEP][PASSED] - (Counter++): null

2019-02-21 18:07:38 - [TEST_STEP][PASSED] - StrB = findTestData("Internal User List").getValue(2, Counter): null

2019-02-21 18:07:39 - [TEST_STEP][PASSED] - if (StrB.equals(StrA)): null

2019-02-21 18:07:39 - [TEST_STEP][PASSED] - (Counter++): null

2019-02-21 18:07:39 - [TEST_STEP][PASSED] - StrB = findTestData("Internal User List").getValue(2, Counter): null

2019-02-21 18:07:39 - [TEST_STEP][PASSED] - if (StrB.equals(StrA)): null

2019-02-21 18:07:39 - [TEST_STEP][PASSED] - (Counter++): null

2019-02-21 18:07:39 - [TEST_STEP][PASSED] - StrB = findTestData("Internal User List").getValue(2, Counter): null

2019-02-21 18:07:39 - [TEST_STEP][PASSED] - if (StrB.equals(StrA)): null

2019-02-21 18:07:39 - [TEST_STEP][PASSED] - (Counter++): null

2019-02-21 18:07:39 - [TEST_STEP][PASSED] - StrB = findTestData("Internal User List").getValue(2, Counter): null

2019-02-21 18:07:39 - [TEST_STEP][PASSED] - if (StrB.equals(StrA)): null

2019-02-21 18:07:39 - [TEST_STEP][PASSED] - (Counter++): null

2019-02-21 18:07:40 - [TEST_STEP][PASSED] - StrB = findTestData("Internal User List").getValue(2, Counter): null

2019-02-21 18:07:40 - [TEST_STEP][PASSED] - if (StrB.equals(StrA)): null

2019-02-21 18:07:40 - [TEST_STEP][PASSED] - (Counter++): null

2019-02-21 18:07:40 - [TEST_STEP][PASSED] - StrB = findTestData("Internal User List").getValue(2, Counter): null

2019-02-21 18:07:40 - [TEST_STEP][PASSED] - if (StrB.equals(StrA)): null

2019-02-21 18:07:40 - [TEST_STEP][PASSED] - (Counter++): null

2019-02-21 18:07:40 - [TEST_STEP][PASSED] - StrB = findTestData("Internal User List").getValue(2, Counter): null

2019-02-21 18:07:40 - [TEST_STEP][PASSED] - if (StrB.equals(StrA)): null

2019-02-21 18:07:40 - [TEST_STEP][PASSED] - (Counter++): null

2019-02-21 18:07:40 - [TEST_STEP][PASSED] - StrB = findTestData("Internal User List").getValue(2, Counter): null

2019-02-21 18:07:40 - [TEST_STEP][PASSED] - if (StrB.equals(StrA)): null

2019-02-21 18:07:40 - [TEST_STEP][PASSED] - (Counter++): null

2019-02-21 18:07:40 - [TEST_STEP][PASSED] - StrB = findTestData("Internal User List").getValue(2, Counter): null

2019-02-21 18:07:40 - [TEST_STEP][PASSED] - if (StrB.equals(StrA)): null

2019-02-21 18:07:40 - [TEST_STEP][PASSED] - (Counter++): null

2019-02-21 18:07:40 - [TEST_STEP][PASSED] - StrB = findTestData("Internal User List").getValue(2, Counter): null

2019-02-21 18:07:40 - [TEST_STEP][PASSED] - if (StrB.equals(StrA)): null

2019-02-21 18:07:40 - [TEST_STEP][PASSED] - (Counter++): null

2019-02-21 18:07:40 - [TEST_STEP][PASSED] - StrB = findTestData("Internal User List").getValue(2, Counter): null

2019-02-21 18:07:40 - [TEST_STEP][PASSED] - if (StrB.equals(StrA)): null

2019-02-21 18:07:40 - [TEST_STEP][PASSED] - (Counter++): null

2019-02-21 18:07:41 - [TEST_STEP][PASSED] - StrB = findTestData("Internal User List").getValue(2, Counter): null

2019-02-21 18:07:41 - [TEST_STEP][PASSED] - if (StrB.equals(StrA)): null

2019-02-21 18:07:41 - [TEST_STEP][PASSED] - (Counter++): null

2019-02-21 18:07:41 - [TEST_STEP][PASSED] - StrB = findTestData("Internal User List").getValue(2, Counter): null

2019-02-21 18:07:41 - [TEST_STEP][PASSED] - if (StrB.equals(StrA)): null

2019-02-21 18:07:41 - [TEST_STEP][PASSED] - (Counter++): null

2019-02-21 18:07:41 - [TEST_STEP][PASSED] - StrB = findTestData("Internal User List").getValue(2, Counter): null

2019-02-21 18:07:41 - [TEST_STEP][PASSED] - if (StrB.equals(StrA)): null

2019-02-21 18:07:41 - [TEST_STEP][PASSED] - (Counter++): null

2019-02-21 18:07:41 - [TEST_STEP][PASSED] - StrB = findTestData("Internal User List").getValue(2, Counter): null

2019-02-21 18:07:41 - [TEST_STEP][PASSED] - if (StrB.equals(StrA)): null

2019-02-21 18:07:41 - [TEST_STEP][PASSED] - (Counter++): null

2019-02-21 18:07:41 - [TEST_STEP][PASSED] - StrB = findTestData("Internal User List").getValue(2, Counter): null

2019-02-21 18:07:41 - [TEST_STEP][PASSED] - if (StrB.equals(StrA)): null

2019-02-21 18:07:41 - [TEST_STEP][PASSED] - (Counter++): null

2019-02-21 18:07:42 - [TEST_STEP][PASSED] - StrB = findTestData("Internal User List").getValue(2, Counter): null

2019-02-21 18:07:42 - [TEST_STEP][PASSED] - if (StrB.equals(StrA)): null

2019-02-21 18:07:42 - [TEST_STEP][PASSED] - (Counter++): null

2019-02-21 18:07:42 - [TEST_STEP][PASSED] - StrB = findTestData("Internal User List").getValue(2, Counter): null

2019-02-21 18:07:42 - [TEST_STEP][PASSED] - if (StrB.equals(StrA)): null

2019-02-21 18:07:42 - [TEST_STEP][PASSED] - (Counter++): null

2019-02-21 18:07:42 - [TEST_STEP][PASSED] - StrB = findTestData("Internal User List").getValue(2, Counter): null

2019-02-21 18:07:42 - [TEST_STEP][PASSED] - if (StrB.equals(StrA)): null

2019-02-21 18:07:42 - [TEST_STEP][PASSED] - (Counter++): null

2019-02-21 18:07:42 - [TEST_STEP][PASSED] - StrB = findTestData("Internal User List").getValue(2, Counter): null

2019-02-21 18:07:42 - [TEST_STEP][PASSED] - if (StrB.equals(StrA)): null

2019-02-21 18:07:42 - [TEST_STEP][PASSED] - (Counter++): null

2019-02-21 18:07:42 - [TEST_STEP][PASSED] - StrB = findTestData("Internal User List").getValue(2, Counter): null

2019-02-21 18:07:42 - [TEST_STEP][PASSED] - if (StrB.equals(StrA)): null

2019-02-21 18:07:42 - [TEST_STEP][PASSED] - (Counter++): null

2019-02-21 18:07:43 - [TEST_STEP][PASSED] - StrB = findTestData("Internal User List").getValue(2, Counter): null

2019-02-21 18:07:43 - [TEST_STEP][PASSED] - if (StrB.equals(StrA)): null

2019-02-21 18:07:43 - [TEST_STEP][PASSED] - (Counter++): null

2019-02-21 18:07:43 - [TEST_STEP][PASSED] - StrB = findTestData("Internal User List").getValue(2, Counter): null

2019-02-21 18:07:43 - [TEST_STEP][PASSED] - if (StrB.equals(StrA)): null

2019-02-21 18:07:43 - [TEST_STEP][PASSED] - (Counter++): null

2019-02-21 18:07:43 - [TEST_STEP][PASSED] - StrB = findTestData("Internal User List").getValue(2, Counter): null

2019-02-21 18:07:43 - [TEST_STEP][PASSED] - if (StrB.equals(StrA)): null

2019-02-21 18:07:43 - [TEST_STEP][PASSED] - (Counter++): null

2019-02-21 18:07:43 - [TEST_STEP][PASSED] - StrB = findTestData("Internal User List").getValue(2, Counter): null

2019-02-21 18:07:43 - [TEST_STEP][PASSED] - if (StrB.equals(StrA)): null

2019-02-21 18:07:43 - [TEST_STEP][PASSED] - (Counter++): null

2019-02-21 18:07:43 - [TEST_STEP][PASSED] - StrB = findTestData("Internal User List").getValue(2, Counter): null

2019-02-21 18:07:43 - [TEST_STEP][PASSED] - if (StrB.equals(StrA)): null

2019-02-21 18:07:43 - [TEST_STEP][PASSED] - (Counter++): null

2019-02-21 18:07:43 - [TEST_STEP][PASSED] - StrB = findTestData("Internal User List").getValue(2, Counter): null

2019-02-21 18:07:43 - [TEST_STEP][PASSED] - if (StrB.equals(StrA)): null

2019-02-21 18:07:43 - [TEST_STEP][PASSED] - (Counter++): null

2019-02-21 18:07:43 - [TEST_STEP][PASSED] - StrB = findTestData("Internal User List").getValue(2, Counter): null

2019-02-21 18:07:44 - [TEST_STEP][PASSED] - if (StrB.equals(StrA)): null

2019-02-21 18:07:44 - [TEST_STEP][PASSED] - (Counter++): null

2019-02-21 18:07:44 - [TEST_STEP][PASSED] - StrB = findTestData("Internal User List").getValue(2, Counter): null

2019-02-21 18:07:44 - [TEST_STEP][PASSED] - if (StrB.equals(StrA)): null

2019-02-21 18:07:44 - [TEST_STEP][PASSED] - (Counter++): null

2019-02-21 18:07:44 - [TEST_STEP][PASSED] - StrB = findTestData("Internal User List").getValue(2, Counter): null

2019-02-21 18:07:44 - [TEST_STEP][PASSED] - if (StrB.equals(StrA)): null

2019-02-21 18:07:44 - [TEST_STEP][PASSED] - (Counter++): null

2019-02-21 18:07:44 - [TEST_STEP][PASSED] - StrB = findTestData("Internal User List").getValue(2, Counter): null

2019-02-21 18:07:44 - [TEST_STEP][PASSED] - if (StrB.equals(StrA)): null

2019-02-21 18:07:44 - [TEST_STEP][PASSED] - (Counter++): null

2019-02-21 18:07:44 - [TEST_STEP][PASSED] - StrB = findTestData("Internal User List").getValue(2, Counter): null

2019-02-21 18:07:45 - [TEST_STEP][PASSED] - if (StrB.equals(StrA)): null

2019-02-21 18:07:45 - [TEST_STEP][PASSED] - (Counter++): null

2019-02-21 18:07:45 - [TEST_STEP][PASSED] - StrB = findTestData("Internal User List").getValue(2, Counter): null

2019-02-21 18:07:45 - [TEST_STEP][PASSED] - if (StrB.equals(StrA)): null

2019-02-21 18:07:45 - [TEST_STEP][PASSED] - (Counter++): null

2019-02-21 18:07:45 - [TEST_STEP][PASSED] - StrB = findTestData("Internal User List").getValue(2, Counter): null

2019-02-21 18:07:45 - [TEST_STEP][PASSED] - if (StrB.equals(StrA)): null

2019-02-21 18:07:45 - [TEST_STEP][PASSED] - (Counter++): null

2019-02-21 18:07:45 - [TEST_STEP][PASSED] - StrB = findTestData("Internal User List").getValue(2, Counter): null

2019-02-21 18:07:45 - [TEST_STEP][PASSED] - if (StrB.equals(StrA)): null

2019-02-21 18:07:45 - [TEST_STEP][PASSED] - (Counter++): null

2019-02-21 18:07:45 - [TEST_STEP][PASSED] - StrB = findTestData("Internal User List").getValue(2, Counter): null

2019-02-21 18:07:45 - [TEST_STEP][PASSED] - if (StrB.equals(StrA)): null

2019-02-21 18:07:45 - [TEST_STEP][PASSED] - (Counter++): null

2019-02-21 18:07:45 - [TEST_STEP][PASSED] - StrB = findTestData("Internal User List").getValue(2, Counter): null

2019-02-21 18:07:45 - [TEST_STEP][PASSED] - if (StrB.equals(StrA)): null

2019-02-21 18:07:45 - [TEST_STEP][PASSED] - (Counter++): null

2019-02-21 18:07:45 - [TEST_STEP][PASSED] - StrB = findTestData("Internal User List").getValue(2, Counter): null

2019-02-21 18:07:45 - [TEST_STEP][PASSED] - if (StrB.equals(StrA)): null

2019-02-21 18:07:45 - [TEST_STEP][PASSED] - (Counter++): null

2019-02-21 18:07:46 - [TEST_STEP][PASSED] - StrB = findTestData("Internal User List").getValue(2, Counter): null

2019-02-21 18:07:46 - [TEST_STEP][PASSED] - if (StrB.equals(StrA)): null

2019-02-21 18:07:46 - [TEST_STEP][PASSED] - (Counter++): null

2019-02-21 18:07:46 - [TEST_STEP][PASSED] - StrB = findTestData("Internal User List").getValue(2, Counter): null

2019-02-21 18:07:46 - [TEST_STEP][PASSED] - if (StrB.equals(StrA)): null

2019-02-21 18:07:46 - [TEST_STEP][PASSED] - (Counter++): null

2019-02-21 18:07:46 - [TEST_STEP][PASSED] - StrB = findTestData("Internal User List").getValue(2, Counter): null

2019-02-21 18:07:46 - [TEST_STEP][PASSED] - if (StrB.equals(StrA)): null

2019-02-21 18:07:46 - [TEST_STEP][PASSED] - (Counter++): null

2019-02-21 18:07:46 - [TEST_STEP][PASSED] - StrB = findTestData("Internal User List").getValue(2, Counter): null

2019-02-21 18:07:47 - [TEST_STEP][PASSED] - if (StrB.equals(StrA)): null

2019-02-21 18:07:47 - [TEST_STEP][PASSED] - (Counter++): null

2019-02-21 18:07:47 - [TEST_STEP][PASSED] - StrB = findTestData("Internal User List").getValue(2, Counter): null

2019-02-21 18:07:47 - [TEST_STEP][PASSED] - if (StrB.equals(StrA)): null

2019-02-21 18:07:47 - [TEST_STEP][PASSED] - (Counter++): null

2019-02-21 18:07:47 - [TEST_STEP][PASSED] - StrB = findTestData("Internal User List").getValue(2, Counter): null

2019-02-21 18:07:47 - [TEST_STEP][PASSED] - if (StrB.equals(StrA)): null

2019-02-21 18:07:47 - [TEST_STEP][PASSED] - (Counter++): null

2019-02-21 18:07:47 - [TEST_STEP][PASSED] - StrB = findTestData("Internal User List").getValue(2, Counter): null

2019-02-21 18:07:47 - [TEST_STEP][PASSED] - if (StrB.equals(StrA)): null

2019-02-21 18:07:47 - [TEST_STEP][PASSED] - (Counter++): null

2019-02-21 18:07:47 - [TEST_STEP][PASSED] - StrB = findTestData("Internal User List").getValue(2, Counter): null

2019-02-21 18:07:47 - [TEST_STEP][PASSED] - if (StrB.equals(StrA)): null

2019-02-21 18:07:47 - [TEST_STEP][PASSED] - (Counter++): null

2019-02-21 18:07:47 - [TEST_STEP][PASSED] - StrB = findTestData("Internal User List").getValue(2, Counter): null

2019-02-21 18:07:47 - [TEST_STEP][PASSED] - if (StrB.equals(StrA)): null

2019-02-21 18:07:47 - [TEST_STEP][PASSED] - (Counter++): null

2019-02-21 18:07:47 - [TEST_STEP][PASSED] - StrB = findTestData("Internal User List").getValue(2, Counter): null

2019-02-21 18:07:47 - [TEST_STEP][PASSED] - if (StrB.equals(StrA)): null

2019-02-21 18:07:47 - [TEST_STEP][PASSED] - (Counter++): null

2019-02-21 18:07:47 - [TEST_STEP][PASSED] - StrB = findTestData("Internal User List").getValue(2, Counter): null

2019-02-21 18:07:48 - [TEST_STEP][PASSED] - if (StrB.equals(StrA)): null

2019-02-21 18:07:48 - [TEST_STEP][PASSED] - (Counter++): null

2019-02-21 18:07:48 - [TEST_STEP][PASSED] - StrB = findTestData("Internal User List").getValue(2, Counter): null

2019-02-21 18:07:48 - [TEST_STEP][PASSED] - if (StrB.equals(StrA)): null

2019-02-21 18:07:48 - [TEST_STEP][PASSED] - (Counter++): null

2019-02-21 18:07:48 - [TEST_STEP][PASSED] - StrB = findTestData("Internal User List").getValue(2, Counter): null

2019-02-21 18:07:48 - [TEST_STEP][PASSED] - if (StrB.equals(StrA)): null

2019-02-21 18:07:48 - [TEST_STEP][PASSED] - (Counter++): null

2019-02-21 18:07:48 - [TEST_STEP][PASSED] - StrB = findTestData("Internal User List").getValue(2, Counter): null

2019-02-21 18:07:48 - [TEST_STEP][PASSED] - if (StrB.equals(StrA)): null

2019-02-21 18:07:48 - [TEST_STEP][PASSED] - (Counter++): null

2019-02-21 18:07:48 - [TEST_STEP][PASSED] - StrB = findTestData("Internal User List").getValue(2, Counter): null

2019-02-21 18:07:48 - [TEST_STEP][PASSED] - if (StrB.equals(StrA)): null

2019-02-21 18:07:48 - [TEST_STEP][PASSED] - (Counter++): null

2019-02-21 18:07:49 - [TEST_STEP][PASSED] - StrB = findTestData("Internal User List").getValue(2, Counter): null

2019-02-21 18:07:49 - [TEST_STEP][PASSED] - if (StrB.equals(StrA)): null

2019-02-21 18:07:49 - [TEST_STEP][PASSED] - (Counter++): null

2019-02-21 18:07:49 - [TEST_STEP][PASSED] - StrB = findTestData("Internal User List").getValue(2, Counter): null

2019-02-21 18:07:49 - [TEST_STEP][PASSED] - if (StrB.equals(StrA)): null

2019-02-21 18:07:49 - [TEST_STEP][PASSED] - (Counter++): null

2019-02-21 18:07:49 - [TEST_STEP][PASSED] - StrB = findTestData("Internal User List").getValue(2, Counter): null

2019-02-21 18:07:49 - [TEST_STEP][PASSED] - if (StrB.equals(StrA)): null

2019-02-21 18:07:49 - [TEST_STEP][PASSED] - (Counter++): null

2019-02-21 18:07:49 - [TEST_STEP][PASSED] - StrB = findTestData("Internal User List").getValue(2, Counter): null

2019-02-21 18:07:49 - [TEST_STEP][PASSED] - if (StrB.equals(StrA)): null

2019-02-21 18:07:49 - [TEST_STEP][PASSED] - (Counter++): null

2019-02-21 18:07:49 - [TEST_STEP][PASSED] - StrB = findTestData("Internal User List").getValue(2, Counter): null

2019-02-21 18:07:49 - [TEST_STEP][PASSED] - if (StrB.equals(StrA)): null

2019-02-21 18:07:49 - [TEST_STEP][PASSED] - (Counter++): null

2019-02-21 18:07:49 - [TEST_STEP][PASSED] - StrB = findTestData("Internal User List").getValue(2, Counter): null

2019-02-21 18:07:49 - [TEST_STEP][PASSED] - if (StrB.equals(StrA)): null

2019-02-21 18:07:50 - [TEST_STEP][PASSED] - (Counter++): null

2019-02-21 18:07:50 - [TEST_STEP][PASSED] - StrB = findTestData("Internal User List").getValue(2, Counter): null

2019-02-21 18:07:50 - [TEST_STEP][PASSED] - if (StrB.equals(StrA)): null

2019-02-21 18:07:50 - [TEST_STEP][PASSED] - (Counter++): null

2019-02-21 18:07:50 - [TEST_STEP][PASSED] - StrB = findTestData("Internal User List").getValue(2, Counter): null

2019-02-21 18:07:50 - [TEST_STEP][PASSED] - if (StrB.equals(StrA)): null

2019-02-21 18:07:50 - [TEST_STEP][PASSED] - (Counter++): null

2019-02-21 18:07:50 - [TEST_STEP][PASSED] - StrB = findTestData("Internal User List").getValue(2, Counter): null

2019-02-21 18:07:50 - [TEST_STEP][PASSED] - if (StrB.equals(StrA)): null

2019-02-21 18:07:50 - [TEST_STEP][PASSED] - (Counter++): null

2019-02-21 18:07:50 - [TEST_STEP][PASSED] - StrB = findTestData("Internal User List").getValue(2, Counter): null

2019-02-21 18:07:50 - [TEST_STEP][PASSED] - if (StrB.equals(StrA)): null

2019-02-21 18:07:50 - [TEST_STEP][PASSED] - (Counter++): null

2019-02-21 18:07:50 - [TEST_STEP][PASSED] - StrB = findTestData("Internal User List").getValue(2, Counter): null

2019-02-21 18:07:50 - [TEST_STEP][PASSED] - if (StrB.equals(StrA)): null

2019-02-21 18:07:50 - [TEST_STEP][PASSED] - (Counter++): null

2019-02-21 18:07:51 - [TEST_STEP][PASSED] - StrB = findTestData("Internal User List").getValue(2, Counter): null

2019-02-21 18:07:51 - [TEST_STEP][PASSED] - if (StrB.equals(StrA)): null

2019-02-21 18:07:51 - [TEST_STEP][PASSED] - (Counter++): null

2019-02-21 18:07:51 - [TEST_STEP][PASSED] - StrB = findTestData("Internal User List").getValue(2, Counter): null

2019-02-21 18:07:51 - [TEST_STEP][PASSED] - if (StrB.equals(StrA)): null

2019-02-21 18:07:51 - [TEST_STEP][PASSED] - (Counter++): null

2019-02-21 18:07:51 - [TEST_STEP][PASSED] - StrB = findTestData("Internal User List").getValue(2, Counter): null

2019-02-21 18:07:51 - [TEST_STEP][PASSED] - if (StrB.equals(StrA)): null

2019-02-21 18:07:51 - [TEST_STEP][PASSED] - (Counter++): null

2019-02-21 18:07:51 - [TEST_STEP][PASSED] - StrB = findTestData("Internal User List").getValue(2, Counter): null

2019-02-21 18:07:51 - [TEST_STEP][PASSED] - if (StrB.equals(StrA)): null

2019-02-21 18:07:51 - [TEST_STEP][PASSED] - StrEmail = findTestData("Internal User List").getValue(1, Counter): null

2019-02-21 18:07:51 - [TEST_STEP][PASSED] - InternalEmail = StrEmail: null

2019-02-21 18:07:51 - [TEST_STEP][PASSED] - out.println(StrEmail): null

2019-02-21 18:07:52 - [TEST_STEP][PASSED] - (Counter++): null

2019-02-21 18:07:52 - [MESSAGE][PASSED] - Call Test Case 'Test Cases/All TC/Arranged/1. Common/Internal Email Finder' successfully

2019-02-21 18:07:52 - [TEST_STEP][PASSED] - tempCaseID = <not implemented yet for class: org.codehaus.groovy.ast.expr.EmptyExpression>: null

2019-02-21 18:07:52 - [TEST_STEP][PASSED] - targetCaseID = InternalEmail: null

2019-02-21 18:07:52 - [TEST_STEP][PASSED] - caseNum = new com.kms.katalon.core.testobject.TestObject(): null

2019-02-21 18:07:52 - [TEST_STEP][PASSED] - boolVerify = true: null

2019-02-21 18:07:52 - [TEST_STEP][PASSED] - counterA = 1: null

2019-02-21 18:07:52 - [TEST_STEP][PASSED] - counterB = 1: null

2019-02-21 18:07:52 - [TEST_STEP][PASSED] - counterF = 1: null

2019-02-21 18:07:52 - [TEST_STEP][PASSED] - while (boolVerify.equals(true)): null

2019-02-21 18:07:52 - [TEST_STEP][PASSED] - strXpathA = "(id("staffListTable")/tbody[1]/tr[@class="odd"]/td[1]/input[1])[" + counterA + "]": null

2019-02-21 18:07:52 - [TEST_STEP][PASSED] - strXpathB = "(id("staffListTable")/tbody[1]/tr[@class="even"]/td[1]/input[1])[" + counterB + "]": null

2019-02-21 18:07:52 - [TEST_STEP][PASSED] - modVal = counterF % 2: null

2019-02-21 18:07:52 - [TEST_STEP][PASSED] - if (modVal.equals(1)): null

2019-02-21 18:07:52 - [TEST_STEP][PASSED] - caseNum.addProperty("xpath", EQUALS, strXpathA, true): null

2019-02-21 18:07:52 - [TEST_STEP][PASSED] - (counterA++): null

2019-02-21 18:07:52 - [TEST_STEP][PASSED] - if (modVal.equals(0)): null

2019-02-21 18:07:52 - [TEST_STEP][PASSED] - boolVerify = verifyElementPresent(caseNum, 30, OPTIONAL): Object '' is present

2019-02-21 18:07:52 - [MESSAGE][PASSED] - Object '' is present

2019-02-21 18:07:52 - [TEST_STEP][PASSED] - if (boolVerify.equals(true)): null

2019-02-21 18:07:53 - [TEST_STEP][PASSED] - tempCaseID = getText(caseNum): Text of object '' is: ''

2019-02-21 18:07:53 - [MESSAGE][PASSED] - Text of object '' is: ''

2019-02-21 18:07:53 - [TEST_STEP][PASSED] - if (!(tempCaseID.equals(targetCaseID))): null

2019-02-21 18:07:53 - [TEST_STEP][PASSED] - click(caseNum): Object: '' is clicked on

2019-02-21 18:07:53 - [MESSAGE][PASSED] - Object: '' is clicked on

2019-02-21 18:07:53 - [TEST_STEP][PASSED] - counterF = 0: null

2019-02-21 18:07:53 - [TEST_STEP][PASSED] - break: null

2019-02-21 18:07:53 - [MESSAGE][PASSED] - Call Test Case 'Test Cases/All TC/Arranged/1. Common/1.3 Loops/While Loop - Query' successfully

2019-02-21 18:07:53 - [TEST_STEP][PASSED] - setText(findTestObject("KinJun/6.0 Query/6.3 Cross branch - SEIO/Page_PERKESO/remarks"), "query"): Text 'query' is set on object 'Object Repository/KinJun/6.0 Query/6.3 Cross branch - SEIO/Page_PERKESO/remarks'

2019-02-21 18:07:53 - [MESSAGE][PASSED] - Text 'query' is set on object 'Object Repository/KinJun/6.0 Query/6.3 Cross branch - SEIO/Page_PERKESO/remarks'

2019-02-21 18:07:53 - [TEST_STEP][PASSED] - delay(3): Delayed 3 second(s)

2019-02-21 18:07:56 - [MESSAGE][PASSED] - Delayed 3 second(s)

2019-02-21 18:07:56 - [TEST_STEP][PASSED] - click(findTestObject("KinJun/6.0 Query/6.3 Cross branch - SEIO/Page_PERKESO/Btn Query2")): Object: 'Object Repository/KinJun/6.0 Query/6.3 Cross branch - SEIO/Page_PERKESO/Btn Query2' is clicked on

2019-02-21 18:07:57 - [MESSAGE][PASSED] - Object: 'Object Repository/KinJun/6.0 Query/6.3 Cross branch - SEIO/Page_PERKESO/Btn Query2' is clicked on

2019-02-21 18:07:57 - [TEST_STEP][PASSED] - delay(3): Delayed 3 second(s)

2019-02-21 18:08:00 - [MESSAGE][PASSED] - Delayed 3 second(s)

2019-02-21 18:08:00 - [TEST_STEP][FAILED] - click(findTestObject("KinJun/6.0 Query/6.3 Cross branch - SEIO/Page_PERKESO/Click username")): click(findTestObject("KinJun/6.0 Query/6.3 Cross branch - SEIO/Page_PERKESO/Click username")) FAILED.
Reason:
com.kms.katalon.core.exception.StepFailedException: Unable to click on object 'Object Repository/KinJun/6.0 Query/6.3 Cross branch - SEIO/Page_PERKESO/Click username' (Root cause: com.kms.katalon.core.webui.exception.WebElementNotFoundException: Web element with id: 'Object Repository/KinJun/6.0 Query/6.3 Cross branch - SEIO/Page_PERKESO/Click username' located by 'By.xpath: id("bg2")/header[1]/div[@class="container-fluid"]/div[@class="row"]/div[@class="col-md-2"]/ul[@class="nav navbar-nav navbar-right"]/li[@class="dropdown"]/a[@class="dropdown-toggle"][count(. | //a[@href = '#']) = count(//a[@href = '#'])]' not found)
	at com.kms.katalon.core.keyword.internal.KeywordMain.stepFailed(KeywordMain.groovy:36)
	at com.kms.katalon.core.webui.keyword.internal.WebUIKeywordMain.stepFailed(WebUIKeywordMain.groovy:65)
	at com.kms.katalon.core.webui.keyword.internal.WebUIKeywordMain.runKeyword(WebUIKeywordMain.groovy:27)
	at com.kms.katalon.core.webui.keyword.builtin.ClickKeyword.click(ClickKeyword.groovy:86)
	at com.kms.katalon.core.webui.keyword.builtin.ClickKeyword.execute(ClickKeyword.groovy:67)
	at com.kms.katalon.core.keyword.internal.KeywordExecutor.executeKeywordForPlatform(KeywordExecutor.groovy:53)
	at com.kms.katalon.core.webui.keyword.WebUiBuiltInKeywords.click(WebUiBuiltInKeywords.groovy:616)
	at com.kms.katalon.core.webui.keyword.WebUiBuiltInKeywords$click$3.call(Unknown Source)
	at 6.3 Cross Branch - SEIO.run(6.3 Cross Branch - SEIO:83)
	at com.kms.katalon.core.main.ScriptEngine.run(ScriptEngine.java:194)
	at com.kms.katalon.core.main.ScriptEngine.runScriptAsRawText(ScriptEngine.java:119)
	at com.kms.katalon.core.main.TestCaseExecutor.runScript(TestCaseExecutor.java:328)
	at com.kms.katalon.core.main.TestCaseExecutor.doExecute(TestCaseExecutor.java:319)
	at com.kms.katalon.core.main.TestCaseExecutor.processExecutionPhase(TestCaseExecutor.java:298)
	at com.kms.katalon.core.main.TestCaseExecutor.accessMainPhase(TestCaseExecutor.java:290)
	at com.kms.katalon.core.main.TestCaseExecutor.execute(TestCaseExecutor.java:224)
	at com.kms.katalon.core.main.TestCaseMain.runTestCase(TestCaseMain.java:106)
	at com.kms.katalon.core.keyword.builtin.CallTestCaseKeyword$_callTestCase_closure1.doCall(CallTestCaseKeyword.groovy:59)
	at com.kms.katalon.core.keyword.builtin.CallTestCaseKeyword$_callTestCase_closure1.call(CallTestCaseKeyword.groovy)
	at com.kms.katalon.core.keyword.internal.KeywordMain.runKeyword(KeywordMain.groovy:54)
	at com.kms.katalon.core.keyword.builtin.CallTestCaseKeyword.callTestCase(CallTestCaseKeyword.groovy:80)
	at com.kms.katalon.core.keyword.builtin.CallTestCaseKeyword.execute(CallTestCaseKeyword.groovy:44)
	at com.kms.katalon.core.keyword.internal.KeywordExecutor.executeKeywordForPlatform(KeywordExecutor.groovy:53)
	at com.kms.katalon.core.keyword.BuiltinKeywords.callTestCase(BuiltinKeywords.groovy:334)
	at Cross branch - SEIO.run(Cross branch - SEIO:22)
	at com.kms.katalon.core.main.ScriptEngine.run(ScriptEngine.java:194)
	at com.kms.katalon.core.main.ScriptEngine.runScriptAsRawText(ScriptEngine.java:119)
	at com.kms.katalon.core.main.TestCaseExecutor.runScript(TestCaseExecutor.java:328)
	at com.kms.katalon.core.main.TestCaseExecutor.doExecute(TestCaseExecutor.java:319)
	at com.kms.katalon.core.main.TestCaseExecutor.processExecutionPhase(TestCaseExecutor.java:298)
	at com.kms.katalon.core.main.TestCaseExecutor.accessMainPhase(TestCaseExecutor.java:290)
	at com.kms.katalon.core.main.TestCaseExecutor.execute(TestCaseExecutor.java:224)
	at com.kms.katalon.core.main.TestSuiteExecutor.accessTestCaseMainPhase(TestSuiteExecutor.java:129)
	at com.kms.katalon.core.main.TestSuiteExecutor.accessTestSuiteMainPhase(TestSuiteExecutor.java:112)
	at com.kms.katalon.core.main.TestSuiteExecutor.execute(TestSuiteExecutor.java:81)
	at com.kms.katalon.core.main.TestCaseMain.startTestSuite(TestCaseMain.java:149)
	at com.kms.katalon.core.main.TestCaseMain$startTestSuite$0.call(Unknown Source)
	at TempTestSuite1550738418733.run(TempTestSuite1550738418733.groovy:36)


2019-02-21 18:08:31 - [MESSAGE][INFO] - Unable to find the element located by 'By.xpath: id("bg2")/header[1]/div[@class="container-fluid"]/div[@class="row"]/div[@class="col-md-2"]/ul[@class="nav navbar-nav navbar-right"]/li[@class="dropdown"]/a[@class="dropdown-toggle"][count(. | //a[@href = '#']) = count(//a[@href = '#'])]'. Please recheck the objects properties to make sure the desired element is located. 

2019-02-21 18:08:31 - [MESSAGE][FAILED] - Unable to click on object 'Object Repository/KinJun/6.0 Query/6.3 Cross branch - SEIO/Page_PERKESO/Click username' (Root cause: com.kms.katalon.core.webui.exception.WebElementNotFoundException: Web element with id: 'Object Repository/KinJun/6.0 Query/6.3 Cross branch - SEIO/Page_PERKESO/Click username' located by 'By.xpath: id("bg2")/header[1]/div[@class="container-fluid"]/div[@class="row"]/div[@class="col-md-2"]/ul[@class="nav navbar-nav navbar-right"]/li[@class="dropdown"]/a[@class="dropdown-toggle"][count(. | //a[@href = '#']) = count(//a[@href = '#'])]' not found)
[[ATTACHMENT|C:\\Users\\Admin\\Documents\\GitHub\\PKSKatalon\\PKS-EI-ES\\Reports\\New Test Suite\\20190221_164018\\1550743711178.png]]

2019-02-21 18:08:31 - [MESSAGE][FAILED] - click(findTestObject("KinJun/6.0 Query/6.3 Cross branch - SEIO/Page_PERKESO/Click username")) FAILED.
Reason:
com.kms.katalon.core.exception.StepFailedException: Unable to click on object 'Object Repository/KinJun/6.0 Query/6.3 Cross branch - SEIO/Page_PERKESO/Click username' (Root cause: com.kms.katalon.core.webui.exception.WebElementNotFoundException: Web element with id: 'Object Repository/KinJun/6.0 Query/6.3 Cross branch - SEIO/Page_PERKESO/Click username' located by 'By.xpath: id("bg2")/header[1]/div[@class="container-fluid"]/div[@class="row"]/div[@class="col-md-2"]/ul[@class="nav navbar-nav navbar-right"]/li[@class="dropdown"]/a[@class="dropdown-toggle"][count(. | //a[@href = '#']) = count(//a[@href = '#'])]' not found)
	at com.kms.katalon.core.keyword.internal.KeywordMain.stepFailed(KeywordMain.groovy:36)
	at com.kms.katalon.core.webui.keyword.internal.WebUIKeywordMain.stepFailed(WebUIKeywordMain.groovy:65)
	at com.kms.katalon.core.webui.keyword.internal.WebUIKeywordMain.runKeyword(WebUIKeywordMain.groovy:27)
	at com.kms.katalon.core.webui.keyword.builtin.ClickKeyword.click(ClickKeyword.groovy:86)
	at com.kms.katalon.core.webui.keyword.builtin.ClickKeyword.execute(ClickKeyword.groovy:67)
	at com.kms.katalon.core.keyword.internal.KeywordExecutor.executeKeywordForPlatform(KeywordExecutor.groovy:53)
	at com.kms.katalon.core.webui.keyword.WebUiBuiltInKeywords.click(WebUiBuiltInKeywords.groovy:616)
	at com.kms.katalon.core.webui.keyword.WebUiBuiltInKeywords$click$3.call(Unknown Source)
	at 6.3 Cross Branch - SEIO.run(6.3 Cross Branch - SEIO:83)
	at com.kms.katalon.core.main.ScriptEngine.run(ScriptEngine.java:194)
	at com.kms.katalon.core.main.ScriptEngine.runScriptAsRawText(ScriptEngine.java:119)
	at com.kms.katalon.core.main.TestCaseExecutor.runScript(TestCaseExecutor.java:328)
	at com.kms.katalon.core.main.TestCaseExecutor.doExecute(TestCaseExecutor.java:319)
	at com.kms.katalon.core.main.TestCaseExecutor.processExecutionPhase(TestCaseExecutor.java:298)
	at com.kms.katalon.core.main.TestCaseExecutor.accessMainPhase(TestCaseExecutor.java:290)
	at com.kms.katalon.core.main.TestCaseExecutor.execute(TestCaseExecutor.java:224)
	at com.kms.katalon.core.main.TestCaseMain.runTestCase(TestCaseMain.java:106)
	at com.kms.katalon.core.keyword.builtin.CallTestCaseKeyword$_callTestCase_closure1.doCall(CallTestCaseKeyword.groovy:59)
	at com.kms.katalon.core.keyword.builtin.CallTestCaseKeyword$_callTestCase_closure1.call(CallTestCaseKeyword.groovy)
	at com.kms.katalon.core.keyword.internal.KeywordMain.runKeyword(KeywordMain.groovy:54)
	at com.kms.katalon.core.keyword.builtin.CallTestCaseKeyword.callTestCase(CallTestCaseKeyword.groovy:80)
	at com.kms.katalon.core.keyword.builtin.CallTestCaseKeyword.execute(CallTestCaseKeyword.groovy:44)
	at com.kms.katalon.core.keyword.internal.KeywordExecutor.executeKeywordForPlatform(KeywordExecutor.groovy:53)
	at com.kms.katalon.core.keyword.BuiltinKeywords.callTestCase(BuiltinKeywords.groovy:334)
	at Cross branch - SEIO.run(Cross branch - SEIO:22)
	at com.kms.katalon.core.main.ScriptEngine.run(ScriptEngine.java:194)
	at com.kms.katalon.core.main.ScriptEngine.runScriptAsRawText(ScriptEngine.java:119)
	at com.kms.katalon.core.main.TestCaseExecutor.runScript(TestCaseExecutor.java:328)
	at com.kms.katalon.core.main.TestCaseExecutor.doExecute(TestCaseExecutor.java:319)
	at com.kms.katalon.core.main.TestCaseExecutor.processExecutionPhase(TestCaseExecutor.java:298)
	at com.kms.katalon.core.main.TestCaseExecutor.accessMainPhase(TestCaseExecutor.java:290)
	at com.kms.katalon.core.main.TestCaseExecutor.execute(TestCaseExecutor.java:224)
	at com.kms.katalon.core.main.TestSuiteExecutor.accessTestCaseMainPhase(TestSuiteExecutor.java:129)
	at com.kms.katalon.core.main.TestSuiteExecutor.accessTestSuiteMainPhase(TestSuiteExecutor.java:112)
	at com.kms.katalon.core.main.TestSuiteExecutor.execute(TestSuiteExecutor.java:81)
	at com.kms.katalon.core.main.TestCaseMain.startTestSuite(TestCaseMain.java:149)
	at com.kms.katalon.core.main.TestCaseMain$startTestSuite$0.call(Unknown Source)
	at TempTestSuite1550738418733.run(TempTestSuite1550738418733.groovy:36)


2019-02-21 18:08:31 - [MESSAGE][FAILED] - Unable to call Test Case 'Test Cases/All TC/Arranged/2. Segment/2.5 Query/6.3 Cross Branch - SEIO' (Root cause: com.kms.katalon.core.exception.StepFailedException: Call Test Case 'Test Cases/All TC/Arranged/2. Segment/2.5 Query/6.3 Cross Branch - SEIO' failed)

2019-02-21 18:08:31 - [MESSAGE][FAILED] - callTestCase(findTestCase("All TC/Arranged/2. Segment/2.5 Query/6.3 Cross Branch - SEIO"), [:], STOP_ON_FAILURE) FAILED.
Reason:
com.kms.katalon.core.exception.StepFailedException: Unable to click on object 'Object Repository/KinJun/6.0 Query/6.3 Cross branch - SEIO/Page_PERKESO/Click username' (Root cause: com.kms.katalon.core.webui.exception.WebElementNotFoundException: Web element with id: 'Object Repository/KinJun/6.0 Query/6.3 Cross branch - SEIO/Page_PERKESO/Click username' located by 'By.xpath: id("bg2")/header[1]/div[@class="container-fluid"]/div[@class="row"]/div[@class="col-md-2"]/ul[@class="nav navbar-nav navbar-right"]/li[@class="dropdown"]/a[@class="dropdown-toggle"][count(. | //a[@href = '#']) = count(//a[@href = '#'])]' not found)
	at com.kms.katalon.core.keyword.internal.KeywordMain.stepFailed(KeywordMain.groovy:36)
	at com.kms.katalon.core.webui.keyword.internal.WebUIKeywordMain.stepFailed(WebUIKeywordMain.groovy:65)
	at com.kms.katalon.core.webui.keyword.internal.WebUIKeywordMain.runKeyword(WebUIKeywordMain.groovy:27)
	at com.kms.katalon.core.webui.keyword.builtin.ClickKeyword.click(ClickKeyword.groovy:86)
	at com.kms.katalon.core.webui.keyword.builtin.ClickKeyword.execute(ClickKeyword.groovy:67)
	at com.kms.katalon.core.keyword.internal.KeywordExecutor.executeKeywordForPlatform(KeywordExecutor.groovy:53)
	at com.kms.katalon.core.webui.keyword.WebUiBuiltInKeywords.click(WebUiBuiltInKeywords.groovy:616)
	at com.kms.katalon.core.webui.keyword.WebUiBuiltInKeywords$click$3.call(Unknown Source)
	at 6.3 Cross Branch - SEIO.run(6.3 Cross Branch - SEIO:83)
	at com.kms.katalon.core.main.ScriptEngine.run(ScriptEngine.java:194)
	at com.kms.katalon.core.main.ScriptEngine.runScriptAsRawText(ScriptEngine.java:119)
	at com.kms.katalon.core.main.TestCaseExecutor.runScript(TestCaseExecutor.java:328)
	at com.kms.katalon.core.main.TestCaseExecutor.doExecute(TestCaseExecutor.java:319)
	at com.kms.katalon.core.main.TestCaseExecutor.processExecutionPhase(TestCaseExecutor.java:298)
	at com.kms.katalon.core.main.TestCaseExecutor.accessMainPhase(TestCaseExecutor.java:290)
	at com.kms.katalon.core.main.TestCaseExecutor.execute(TestCaseExecutor.java:224)
	at com.kms.katalon.core.main.TestCaseMain.runTestCase(TestCaseMain.java:106)
	at com.kms.katalon.core.keyword.builtin.CallTestCaseKeyword$_callTestCase_closure1.doCall(CallTestCaseKeyword.groovy:59)
	at com.kms.katalon.core.keyword.builtin.CallTestCaseKeyword$_callTestCase_closure1.call(CallTestCaseKeyword.groovy)
	at com.kms.katalon.core.keyword.internal.KeywordMain.runKeyword(KeywordMain.groovy:54)
	at com.kms.katalon.core.keyword.builtin.CallTestCaseKeyword.callTestCase(CallTestCaseKeyword.groovy:80)
	at com.kms.katalon.core.keyword.builtin.CallTestCaseKeyword.execute(CallTestCaseKeyword.groovy:44)
	at com.kms.katalon.core.keyword.internal.KeywordExecutor.executeKeywordForPlatform(KeywordExecutor.groovy:53)
	at com.kms.katalon.core.keyword.BuiltinKeywords.callTestCase(BuiltinKeywords.groovy:334)
	at Cross branch - SEIO.run(Cross branch - SEIO:22)
	at com.kms.katalon.core.main.ScriptEngine.run(ScriptEngine.java:194)
	at com.kms.katalon.core.main.ScriptEngine.runScriptAsRawText(ScriptEngine.java:119)
	at com.kms.katalon.core.main.TestCaseExecutor.runScript(TestCaseExecutor.java:328)
	at com.kms.katalon.core.main.TestCaseExecutor.doExecute(TestCaseExecutor.java:319)
	at com.kms.katalon.core.main.TestCaseExecutor.processExecutionPhase(TestCaseExecutor.java:298)
	at com.kms.katalon.core.main.TestCaseExecutor.accessMainPhase(TestCaseExecutor.java:290)
	at com.kms.katalon.core.main.TestCaseExecutor.execute(TestCaseExecutor.java:224)
	at com.kms.katalon.core.main.TestSuiteExecutor.accessTestCaseMainPhase(TestSuiteExecutor.java:129)
	at com.kms.katalon.core.main.TestSuiteExecutor.accessTestSuiteMainPhase(TestSuiteExecutor.java:112)
	at com.kms.katalon.core.main.TestSuiteExecutor.execute(TestSuiteExecutor.java:81)
	at com.kms.katalon.core.main.TestCaseMain.startTestSuite(TestCaseMain.java:149)
	at com.kms.katalon.core.main.TestCaseMain$startTestSuite$0.call(Unknown Source)
	at TempTestSuite1550738418733.run(TempTestSuite1550738418733.groovy:36)]]></system-out>
         <system-err><![CDATA[2019-02-21 18:01:04 - [TEST_CASE][FAILED] - Test Cases/All TC/Arranged/0. Full Flow/Query/Cross branch - SEIO: Test Cases/All TC/Arranged/0. Full Flow/Query/Cross branch - SEIO FAILED.
Reason:
com.kms.katalon.core.exception.StepFailedException: Unable to click on object 'Object Repository/KinJun/6.0 Query/6.3 Cross branch - SEIO/Page_PERKESO/Click username' (Root cause: com.kms.katalon.core.webui.exception.WebElementNotFoundException: Web element with id: 'Object Repository/KinJun/6.0 Query/6.3 Cross branch - SEIO/Page_PERKESO/Click username' located by 'By.xpath: id("bg2")/header[1]/div[@class="container-fluid"]/div[@class="row"]/div[@class="col-md-2"]/ul[@class="nav navbar-nav navbar-right"]/li[@class="dropdown"]/a[@class="dropdown-toggle"][count(. | //a[@href = '#']) = count(//a[@href = '#'])]' not found)
	at com.kms.katalon.core.keyword.internal.KeywordMain.stepFailed(KeywordMain.groovy:36)
	at com.kms.katalon.core.webui.keyword.internal.WebUIKeywordMain.stepFailed(WebUIKeywordMain.groovy:65)
	at com.kms.katalon.core.webui.keyword.internal.WebUIKeywordMain.runKeyword(WebUIKeywordMain.groovy:27)
	at com.kms.katalon.core.webui.keyword.builtin.ClickKeyword.click(ClickKeyword.groovy:86)
	at com.kms.katalon.core.webui.keyword.builtin.ClickKeyword.execute(ClickKeyword.groovy:67)
	at com.kms.katalon.core.keyword.internal.KeywordExecutor.executeKeywordForPlatform(KeywordExecutor.groovy:53)
	at com.kms.katalon.core.webui.keyword.WebUiBuiltInKeywords.click(WebUiBuiltInKeywords.groovy:616)
	at com.kms.katalon.core.webui.keyword.WebUiBuiltInKeywords$click$3.call(Unknown Source)
	at 6.3 Cross Branch - SEIO.run(6.3 Cross Branch - SEIO:83)
	at com.kms.katalon.core.main.ScriptEngine.run(ScriptEngine.java:194)
	at com.kms.katalon.core.main.ScriptEngine.runScriptAsRawText(ScriptEngine.java:119)
	at com.kms.katalon.core.main.TestCaseExecutor.runScript(TestCaseExecutor.java:328)
	at com.kms.katalon.core.main.TestCaseExecutor.doExecute(TestCaseExecutor.java:319)
	at com.kms.katalon.core.main.TestCaseExecutor.processExecutionPhase(TestCaseExecutor.java:298)
	at com.kms.katalon.core.main.TestCaseExecutor.accessMainPhase(TestCaseExecutor.java:290)
	at com.kms.katalon.core.main.TestCaseExecutor.execute(TestCaseExecutor.java:224)
	at com.kms.katalon.core.main.TestCaseMain.runTestCase(TestCaseMain.java:106)
	at com.kms.katalon.core.keyword.builtin.CallTestCaseKeyword$_callTestCase_closure1.doCall(CallTestCaseKeyword.groovy:59)
	at com.kms.katalon.core.keyword.builtin.CallTestCaseKeyword$_callTestCase_closure1.call(CallTestCaseKeyword.groovy)
	at com.kms.katalon.core.keyword.internal.KeywordMain.runKeyword(KeywordMain.groovy:54)
	at com.kms.katalon.core.keyword.builtin.CallTestCaseKeyword.callTestCase(CallTestCaseKeyword.groovy:80)
	at com.kms.katalon.core.keyword.builtin.CallTestCaseKeyword.execute(CallTestCaseKeyword.groovy:44)
	at com.kms.katalon.core.keyword.internal.KeywordExecutor.executeKeywordForPlatform(KeywordExecutor.groovy:53)
	at com.kms.katalon.core.keyword.BuiltinKeywords.callTestCase(BuiltinKeywords.groovy:334)
	at Cross branch - SEIO.run(Cross branch - SEIO:22)
	at com.kms.katalon.core.main.ScriptEngine.run(ScriptEngine.java:194)
	at com.kms.katalon.core.main.ScriptEngine.runScriptAsRawText(ScriptEngine.java:119)
	at com.kms.katalon.core.main.TestCaseExecutor.runScript(TestCaseExecutor.java:328)
	at com.kms.katalon.core.main.TestCaseExecutor.doExecute(TestCaseExecutor.java:319)
	at com.kms.katalon.core.main.TestCaseExecutor.processExecutionPhase(TestCaseExecutor.java:298)
	at com.kms.katalon.core.main.TestCaseExecutor.accessMainPhase(TestCaseExecutor.java:290)
	at com.kms.katalon.core.main.TestCaseExecutor.execute(TestCaseExecutor.java:224)
	at com.kms.katalon.core.main.TestSuiteExecutor.accessTestCaseMainPhase(TestSuiteExecutor.java:129)
	at com.kms.katalon.core.main.TestSuiteExecutor.accessTestSuiteMainPhase(TestSuiteExecutor.java:112)
	at com.kms.katalon.core.main.TestSuiteExecutor.execute(TestSuiteExecutor.java:81)
	at com.kms.katalon.core.main.TestCaseMain.startTestSuite(TestCaseMain.java:149)
	at com.kms.katalon.core.main.TestCaseMain$startTestSuite$0.call(Unknown Source)
	at TempTestSuite1550738418733.run(TempTestSuite1550738418733.groovy:36)]]></system-err>
      </testcase>
      <testcase name="Test Cases/All TC/Arranged/0. Full Flow/Query/Cross branch - EIO" classname="Test Cases/All TC/Arranged/0. Full Flow/Query/Cross branch - EIO" status="FAILED">
         <failure type="FAILED" message="Test Cases/All TC/Arranged/0. Full Flow/Query/Cross branch - EIO FAILED.
Reason:
com.kms.katalon.core.exception.StepFailedException: Unable to click on object 'Object Repository/KinJun/6.0 Query/6.4 Cross branch - EIO/Page_PERKESO/Click username' (Root cause: com.kms.katalon.core.webui.exception.WebElementNotFoundException: Web element with id: 'Object Repository/KinJun/6.0 Query/6.4 Cross branch - EIO/Page_PERKESO/Click username' located by 'By.xpath: id(&quot;bg2&quot;)/header[1]/div[@class=&quot;container-fluid&quot;]/div[@class=&quot;row&quot;]/div[@class=&quot;col-md-2&quot;]/ul[@class=&quot;nav navbar-nav navbar-right&quot;]/li[@class=&quot;dropdown&quot;]/a[@class=&quot;dropdown-toggle&quot;][count(. | //a[@href = '#']) = count(//a[@href = '#'])]' not found)
	at com.kms.katalon.core.keyword.internal.KeywordMain.stepFailed(KeywordMain.groovy:36)
	at com.kms.katalon.core.webui.keyword.internal.WebUIKeywordMain.stepFailed(WebUIKeywordMain.groovy:65)
	at com.kms.katalon.core.webui.keyword.internal.WebUIKeywordMain.runKeyword(WebUIKeywordMain.groovy:27)
	at com.kms.katalon.core.webui.keyword.builtin.ClickKeyword.click(ClickKeyword.groovy:86)
	at com.kms.katalon.core.webui.keyword.builtin.ClickKeyword.execute(ClickKeyword.groovy:67)
	at com.kms.katalon.core.keyword.internal.KeywordExecutor.executeKeywordForPlatform(KeywordExecutor.groovy:53)
	at com.kms.katalon.core.webui.keyword.WebUiBuiltInKeywords.click(WebUiBuiltInKeywords.groovy:616)
	at com.kms.katalon.core.webui.keyword.WebUiBuiltInKeywords$click$3.call(Unknown Source)
	at 6.4 Cross Branch - EIO.run(6.4 Cross Branch - EIO:83)
	at com.kms.katalon.core.main.ScriptEngine.run(ScriptEngine.java:194)
	at com.kms.katalon.core.main.ScriptEngine.runScriptAsRawText(ScriptEngine.java:119)
	at com.kms.katalon.core.main.TestCaseExecutor.runScript(TestCaseExecutor.java:328)
	at com.kms.katalon.core.main.TestCaseExecutor.doExecute(TestCaseExecutor.java:319)
	at com.kms.katalon.core.main.TestCaseExecutor.processExecutionPhase(TestCaseExecutor.java:298)
	at com.kms.katalon.core.main.TestCaseExecutor.accessMainPhase(TestCaseExecutor.java:290)
	at com.kms.katalon.core.main.TestCaseExecutor.execute(TestCaseExecutor.java:224)
	at com.kms.katalon.core.main.TestCaseMain.runTestCase(TestCaseMain.java:106)
	at com.kms.katalon.core.keyword.builtin.CallTestCaseKeyword$_callTestCase_closure1.doCall(CallTestCaseKeyword.groovy:59)
	at com.kms.katalon.core.keyword.builtin.CallTestCaseKeyword$_callTestCase_closure1.call(CallTestCaseKeyword.groovy)
	at com.kms.katalon.core.keyword.internal.KeywordMain.runKeyword(KeywordMain.groovy:54)
	at com.kms.katalon.core.keyword.builtin.CallTestCaseKeyword.callTestCase(CallTestCaseKeyword.groovy:80)
	at com.kms.katalon.core.keyword.builtin.CallTestCaseKeyword.execute(CallTestCaseKeyword.groovy:44)
	at com.kms.katalon.core.keyword.internal.KeywordExecutor.executeKeywordForPlatform(KeywordExecutor.groovy:53)
	at com.kms.katalon.core.keyword.BuiltinKeywords.callTestCase(BuiltinKeywords.groovy:334)
	at Cross branch - EIO.run(Cross branch - EIO:22)
	at com.kms.katalon.core.main.ScriptEngine.run(ScriptEngine.java:194)
	at com.kms.katalon.core.main.ScriptEngine.runScriptAsRawText(ScriptEngine.java:119)
	at com.kms.katalon.core.main.TestCaseExecutor.runScript(TestCaseExecutor.java:328)
	at com.kms.katalon.core.main.TestCaseExecutor.doExecute(TestCaseExecutor.java:319)
	at com.kms.katalon.core.main.TestCaseExecutor.processExecutionPhase(TestCaseExecutor.java:298)
	at com.kms.katalon.core.main.TestCaseExecutor.accessMainPhase(TestCaseExecutor.java:290)
	at com.kms.katalon.core.main.TestCaseExecutor.execute(TestCaseExecutor.java:224)
	at com.kms.katalon.core.main.TestSuiteExecutor.accessTestCaseMainPhase(TestSuiteExecutor.java:129)
	at com.kms.katalon.core.main.TestSuiteExecutor.accessTestSuiteMainPhase(TestSuiteExecutor.java:112)
	at com.kms.katalon.core.main.TestSuiteExecutor.execute(TestSuiteExecutor.java:81)
	at com.kms.katalon.core.main.TestCaseMain.startTestSuite(TestCaseMain.java:149)
	at com.kms.katalon.core.main.TestCaseMain$startTestSuite$0.call(Unknown Source)
	at TempTestSuite1550738418733.run(TempTestSuite1550738418733.groovy:36)
"/>
         <system-out><![CDATA[2019-02-21 18:08:32 - [TEST_CASE][FAILED] - Test Cases/All TC/Arranged/0. Full Flow/Query/Cross branch - EIO: Test Cases/All TC/Arranged/0. Full Flow/Query/Cross branch - EIO FAILED.
Reason:
com.kms.katalon.core.exception.StepFailedException: Unable to click on object 'Object Repository/KinJun/6.0 Query/6.4 Cross branch - EIO/Page_PERKESO/Click username' (Root cause: com.kms.katalon.core.webui.exception.WebElementNotFoundException: Web element with id: 'Object Repository/KinJun/6.0 Query/6.4 Cross branch - EIO/Page_PERKESO/Click username' located by 'By.xpath: id("bg2")/header[1]/div[@class="container-fluid"]/div[@class="row"]/div[@class="col-md-2"]/ul[@class="nav navbar-nav navbar-right"]/li[@class="dropdown"]/a[@class="dropdown-toggle"][count(. | //a[@href = '#']) = count(//a[@href = '#'])]' not found)
	at com.kms.katalon.core.keyword.internal.KeywordMain.stepFailed(KeywordMain.groovy:36)
	at com.kms.katalon.core.webui.keyword.internal.WebUIKeywordMain.stepFailed(WebUIKeywordMain.groovy:65)
	at com.kms.katalon.core.webui.keyword.internal.WebUIKeywordMain.runKeyword(WebUIKeywordMain.groovy:27)
	at com.kms.katalon.core.webui.keyword.builtin.ClickKeyword.click(ClickKeyword.groovy:86)
	at com.kms.katalon.core.webui.keyword.builtin.ClickKeyword.execute(ClickKeyword.groovy:67)
	at com.kms.katalon.core.keyword.internal.KeywordExecutor.executeKeywordForPlatform(KeywordExecutor.groovy:53)
	at com.kms.katalon.core.webui.keyword.WebUiBuiltInKeywords.click(WebUiBuiltInKeywords.groovy:616)
	at com.kms.katalon.core.webui.keyword.WebUiBuiltInKeywords$click$3.call(Unknown Source)
	at 6.4 Cross Branch - EIO.run(6.4 Cross Branch - EIO:83)
	at com.kms.katalon.core.main.ScriptEngine.run(ScriptEngine.java:194)
	at com.kms.katalon.core.main.ScriptEngine.runScriptAsRawText(ScriptEngine.java:119)
	at com.kms.katalon.core.main.TestCaseExecutor.runScript(TestCaseExecutor.java:328)
	at com.kms.katalon.core.main.TestCaseExecutor.doExecute(TestCaseExecutor.java:319)
	at com.kms.katalon.core.main.TestCaseExecutor.processExecutionPhase(TestCaseExecutor.java:298)
	at com.kms.katalon.core.main.TestCaseExecutor.accessMainPhase(TestCaseExecutor.java:290)
	at com.kms.katalon.core.main.TestCaseExecutor.execute(TestCaseExecutor.java:224)
	at com.kms.katalon.core.main.TestCaseMain.runTestCase(TestCaseMain.java:106)
	at com.kms.katalon.core.keyword.builtin.CallTestCaseKeyword$_callTestCase_closure1.doCall(CallTestCaseKeyword.groovy:59)
	at com.kms.katalon.core.keyword.builtin.CallTestCaseKeyword$_callTestCase_closure1.call(CallTestCaseKeyword.groovy)
	at com.kms.katalon.core.keyword.internal.KeywordMain.runKeyword(KeywordMain.groovy:54)
	at com.kms.katalon.core.keyword.builtin.CallTestCaseKeyword.callTestCase(CallTestCaseKeyword.groovy:80)
	at com.kms.katalon.core.keyword.builtin.CallTestCaseKeyword.execute(CallTestCaseKeyword.groovy:44)
	at com.kms.katalon.core.keyword.internal.KeywordExecutor.executeKeywordForPlatform(KeywordExecutor.groovy:53)
	at com.kms.katalon.core.keyword.BuiltinKeywords.callTestCase(BuiltinKeywords.groovy:334)
	at Cross branch - EIO.run(Cross branch - EIO:22)
	at com.kms.katalon.core.main.ScriptEngine.run(ScriptEngine.java:194)
	at com.kms.katalon.core.main.ScriptEngine.runScriptAsRawText(ScriptEngine.java:119)
	at com.kms.katalon.core.main.TestCaseExecutor.runScript(TestCaseExecutor.java:328)
	at com.kms.katalon.core.main.TestCaseExecutor.doExecute(TestCaseExecutor.java:319)
	at com.kms.katalon.core.main.TestCaseExecutor.processExecutionPhase(TestCaseExecutor.java:298)
	at com.kms.katalon.core.main.TestCaseExecutor.accessMainPhase(TestCaseExecutor.java:290)
	at com.kms.katalon.core.main.TestCaseExecutor.execute(TestCaseExecutor.java:224)
	at com.kms.katalon.core.main.TestSuiteExecutor.accessTestCaseMainPhase(TestSuiteExecutor.java:129)
	at com.kms.katalon.core.main.TestSuiteExecutor.accessTestSuiteMainPhase(TestSuiteExecutor.java:112)
	at com.kms.katalon.core.main.TestSuiteExecutor.execute(TestSuiteExecutor.java:81)
	at com.kms.katalon.core.main.TestCaseMain.startTestSuite(TestCaseMain.java:149)
	at com.kms.katalon.core.main.TestCaseMain$startTestSuite$0.call(Unknown Source)
	at TempTestSuite1550738418733.run(TempTestSuite1550738418733.groovy:36)


2019-02-21 18:08:32 - [TEST_STEP][PASSED] - callTestCase(findTestCase("All TC/Arranged/2. Segment/OTC_Submit Form 7_End to End - Cheque"), [:], STOP_ON_FAILURE): Call Test Case 'Test Cases/All TC/Arranged/2. Segment/OTC_Submit Form 7_End to End - Cheque' successfully

2019-02-21 18:08:32 - [TEST_CASE][PASSED] - Test Cases/All TC/Arranged/2. Segment/OTC_Submit Form 7_End to End - Cheque: Test Cases/All TC/Arranged/2. Segment/OTC_Submit Form 7_End to End - Cheque

2019-02-21 18:08:32 - [TEST_STEP][PASSED] - callTestCase(findTestCase("All TC/Arranged/3. Unit/EI/Form 7_default/OTC_Application_Reg"), [:], STOP_ON_FAILURE): Call Test Case 'Test Cases/All TC/Arranged/3. Unit/EI/Form 7_default/OTC_Application_Reg' successfully

2019-02-21 18:08:32 - [TEST_CASE][PASSED] - Test Cases/All TC/Arranged/3. Unit/EI/Form 7_default/OTC_Application_Reg: Test Cases/All TC/Arranged/3. Unit/EI/Form 7_default/OTC_Application_Reg

2019-02-21 18:08:32 - [TEST_STEP][PASSED] - openBrowser(""): Browser is opened with url: ''

2019-02-21 18:08:32 - [MESSAGE][WARNING] - A browser is already opened. Closing browser and opening a new one

2019-02-21 18:08:33 - [MESSAGE][INFO] - Starting 'Chrome' driver

2019-02-21 18:08:33 - [MESSAGE][INFO] - User set preference: ['args', '[--start-maximized]']

2019-02-21 18:08:35 - [MESSAGE][PASSED] - Browser is opened with url: ''

2019-02-21 18:08:35 - [TEST_STEP][PASSED] - navigateToUrl(Internal_Login): Navigate to 'http://10.20.24.188/eisportal/user/login' successfully

2019-02-21 18:08:36 - [MESSAGE][PASSED] - Navigate to 'http://10.20.24.188/eisportal/user/login' successfully

2019-02-21 18:08:36 - [TEST_STEP][PASSED] - delay(3): Delayed 3 second(s)

2019-02-21 18:08:39 - [MESSAGE][PASSED] - Delayed 3 second(s)

2019-02-21 18:08:39 - [TEST_STEP][PASSED] - setText(findTestObject("KeatMun/Form 7_default/OTC_Application_Reg/Page_PERKESO/1.username"), "faizal.hamid@perkeso.gov.my"): Text 'faizal.hamid@perkeso.gov.my' is set on object 'Object Repository/KeatMun/Form 7_default/OTC_Application_Reg/Page_PERKESO/1.username'

2019-02-21 18:08:39 - [MESSAGE][PASSED] - Text 'faizal.hamid@perkeso.gov.my' is set on object 'Object Repository/KeatMun/Form 7_default/OTC_Application_Reg/Page_PERKESO/1.username'

2019-02-21 18:08:39 - [TEST_STEP][PASSED] - delay(1): Delayed 1 second(s)

2019-02-21 18:08:40 - [MESSAGE][PASSED] - Delayed 1 second(s)

2019-02-21 18:08:40 - [TEST_STEP][PASSED] - setEncryptedText(findTestObject("KeatMun/Form 7_default/OTC_Application_Reg/Page_PERKESO/2.password"), "CQqwFZlbeC8="): Text ****** has been set on object 'Object Repository/KeatMun/Form 7_default/OTC_Application_Reg/Page_PERKESO/2.password'

2019-02-21 18:08:40 - [MESSAGE][PASSED] - Text ****** has been set on object 'Object Repository/KeatMun/Form 7_default/OTC_Application_Reg/Page_PERKESO/2.password'

2019-02-21 18:08:40 - [TEST_STEP][PASSED] - delay(2): Delayed 2 second(s)

2019-02-21 18:08:42 - [MESSAGE][PASSED] - Delayed 2 second(s)

2019-02-21 18:08:42 - [TEST_STEP][PASSED] - click(findTestObject("KeatMun/Form 7_default/OTC_Application_Reg/Page_PERKESO/3.login button")): Object: 'Object Repository/KeatMun/Form 7_default/OTC_Application_Reg/Page_PERKESO/3.login button' is clicked on

2019-02-21 18:08:44 - [MESSAGE][PASSED] - Object: 'Object Repository/KeatMun/Form 7_default/OTC_Application_Reg/Page_PERKESO/3.login button' is clicked on

2019-02-21 18:08:44 - [TEST_STEP][PASSED] - delay(2): Delayed 2 second(s)

2019-02-21 18:08:46 - [MESSAGE][PASSED] - Delayed 2 second(s)

2019-02-21 18:08:46 - [TEST_STEP][PASSED] - click(findTestObject("KeatMun/Form 7_default/OTC_Application_Reg/Page_PERKESO/4. Permohonan tab")): Object: 'Object Repository/KeatMun/Form 7_default/OTC_Application_Reg/Page_PERKESO/4. Permohonan tab' is clicked on

2019-02-21 18:08:46 - [MESSAGE][PASSED] - Object: 'Object Repository/KeatMun/Form 7_default/OTC_Application_Reg/Page_PERKESO/4. Permohonan tab' is clicked on

2019-02-21 18:08:46 - [TEST_STEP][PASSED] - delay(2): Delayed 2 second(s)

2019-02-21 18:08:48 - [MESSAGE][PASSED] - Delayed 2 second(s)

2019-02-21 18:08:48 - [TEST_STEP][PASSED] - click(findTestObject("KeatMun/Form 7_default/OTC_Application_Reg/Page_PERKESO/5.button_Setuju")): Object: 'Object Repository/KeatMun/Form 7_default/OTC_Application_Reg/Page_PERKESO/5.button_Setuju' is clicked on

2019-02-21 18:08:49 - [MESSAGE][PASSED] - Object: 'Object Repository/KeatMun/Form 7_default/OTC_Application_Reg/Page_PERKESO/5.button_Setuju' is clicked on

2019-02-21 18:08:49 - [TEST_STEP][PASSED] - delay(2): Delayed 2 second(s)

2019-02-21 18:08:51 - [MESSAGE][PASSED] - Delayed 2 second(s)

2019-02-21 18:08:51 - [TEST_STEP][PASSED] - callTestCase(findTestCase("All TC/Arranged/1. Common/IC List Checker"), [:], STOP_ON_FAILURE): Call Test Case 'Test Cases/All TC/Arranged/1. Common/IC List Checker' successfully

2019-02-21 18:08:51 - [TEST_CASE][PASSED] - Test Cases/All TC/Arranged/1. Common/IC List Checker: Test Cases/All TC/Arranged/1. Common/IC List Checker

2019-02-21 18:08:51 - [TEST_STEP][PASSED] - counter = 0: null

2019-02-21 18:08:51 - [TEST_STEP][PASSED] - fis = new java.io.FileInputStream((internal.GlobalVariable.TextFilePathCommon + \IC.xlsx)): null

2019-02-21 18:08:51 - [TEST_STEP][PASSED] - workbook = new org.apache.poi.xssf.usermodel.XSSFWorkbook(fis): null

2019-02-21 18:08:51 - [TEST_STEP][PASSED] - sheet = workbook.getSheet("Sheet1"): null

2019-02-21 18:08:51 - [TEST_STEP][PASSED] - totalRow = sheet.getLastRowNum(): null

2019-02-21 18:08:51 - [TEST_STEP][PASSED] - out.println(totalRow): null

2019-02-21 18:08:51 - [TEST_STEP][PASSED] - row = sheet.getRow(counter): null

2019-02-21 18:08:51 - [TEST_STEP][PASSED] - cell = row.getCell(counter): null

2019-02-21 18:08:51 - [TEST_STEP][PASSED] - a = cell.getStringCellValue(): null

2019-02-21 18:08:51 - [TEST_STEP][PASSED] - IC = a: null

2019-02-21 18:08:51 - [TEST_STEP][PASSED] - out.println(IC): null

2019-02-21 18:08:51 - [TEST_STEP][PASSED] - callTestCase(findTestCase("All TC/Arranged/1. Common/1.2 Setter/Setter IC"), [:], STOP_ON_FAILURE): Call Test Case 'Test Cases/All TC/Arranged/1. Common/1.2 Setter/Setter IC' successfully

2019-02-21 18:08:51 - [TEST_CASE][PASSED] - Test Cases/All TC/Arranged/1. Common/1.2 Setter/Setter IC: Test Cases/All TC/Arranged/1. Common/1.2 Setter/Setter IC

2019-02-21 18:08:51 - [TEST_STEP][PASSED] - RefNoOldFile = new java.io.File((internal.GlobalVariable.TextFilePathCommon + \getIC.txt)): null

2019-02-21 18:08:51 - [TEST_STEP][PASSED] - RefNoOldFile.delete(): null

2019-02-21 18:08:51 - [TEST_STEP][PASSED] - delay(5): Delayed 5 second(s)

2019-02-21 18:08:56 - [MESSAGE][PASSED] - Delayed 5 second(s)

2019-02-21 18:08:56 - [TEST_STEP][PASSED] - RefNo = new java.io.File((internal.GlobalVariable.TextFilePathCommon + \getIC.txt)): null

2019-02-21 18:08:56 - [TEST_STEP][PASSED] - f2 = new java.io.FileWriter(RefNo, false): null

2019-02-21 18:08:56 - [TEST_STEP][PASSED] - f2.write(IC): null

2019-02-21 18:08:56 - [TEST_STEP][PASSED] - f2.close(): null

2019-02-21 18:08:56 - [TEST_STEP][PASSED] - out.println("


" + IC + "


"): null

2019-02-21 18:08:56 - [MESSAGE][PASSED] - Call Test Case 'Test Cases/All TC/Arranged/1. Common/1.2 Setter/Setter IC' successfully

2019-02-21 18:08:56 - [MESSAGE][PASSED] - Call Test Case 'Test Cases/All TC/Arranged/1. Common/IC List Checker' successfully

2019-02-21 18:08:56 - [TEST_STEP][PASSED] - setText(findTestObject("KeatMun/Form 7_default/OTC_Application_Reg/Page_PERKESO/6.No. Kad Pengenalan"), IC): Text '830522715058' is set on object 'Object Repository/KeatMun/Form 7_default/OTC_Application_Reg/Page_PERKESO/6.No. Kad Pengenalan'

2019-02-21 18:08:57 - [MESSAGE][PASSED] - Text '830522715058' is set on object 'Object Repository/KeatMun/Form 7_default/OTC_Application_Reg/Page_PERKESO/6.No. Kad Pengenalan'

2019-02-21 18:08:57 - [TEST_STEP][PASSED] - delay(2): Delayed 2 second(s)

2019-02-21 18:08:59 - [MESSAGE][PASSED] - Delayed 2 second(s)

2019-02-21 18:08:59 - [TEST_STEP][PASSED] - click(findTestObject("KeatMun/Form 7_default/OTC_Application_Reg/Page_PERKESO/7.button_Semak")): Object: 'Object Repository/KeatMun/Form 7_default/OTC_Application_Reg/Page_PERKESO/7.button_Semak' is clicked on

2019-02-21 18:08:59 - [MESSAGE][PASSED] - Object: 'Object Repository/KeatMun/Form 7_default/OTC_Application_Reg/Page_PERKESO/7.button_Semak' is clicked on

2019-02-21 18:08:59 - [TEST_STEP][PASSED] - delay(4): Delayed 4 second(s)

2019-02-21 18:09:03 - [MESSAGE][PASSED] - Delayed 4 second(s)

2019-02-21 18:09:03 - [TEST_STEP][PASSED] - click(findTestObject("KeatMun/Form 7_default/OTC_Application_Reg/Page_PERKESO/8. Nama Majikan Dropdown")): Object: 'Object Repository/KeatMun/Form 7_default/OTC_Application_Reg/Page_PERKESO/8. Nama Majikan Dropdown' is clicked on

2019-02-21 18:09:03 - [MESSAGE][PASSED] - Object: 'Object Repository/KeatMun/Form 7_default/OTC_Application_Reg/Page_PERKESO/8. Nama Majikan Dropdown' is clicked on

2019-02-21 18:09:03 - [TEST_STEP][PASSED] - setText(findTestObject("KeatMun/Form 7_default/OTC_Application_Reg/Page_PERKESO/8. LOE emp"), "pet"): Text 'pet' is set on object 'Object Repository/KeatMun/Form 7_default/OTC_Application_Reg/Page_PERKESO/8. LOE emp'

2019-02-21 18:09:03 - [MESSAGE][PASSED] - Text 'pet' is set on object 'Object Repository/KeatMun/Form 7_default/OTC_Application_Reg/Page_PERKESO/8. LOE emp'

2019-02-21 18:09:03 - [TEST_STEP][PASSED] - click(findTestObject("KeatMun/Form 7_default/OTC_Application_Reg/Page_PERKESO/8. PETRONAS")): Object: 'Object Repository/KeatMun/Form 7_default/OTC_Application_Reg/Page_PERKESO/8. PETRONAS' is clicked on

2019-02-21 18:09:03 - [MESSAGE][PASSED] - Object: 'Object Repository/KeatMun/Form 7_default/OTC_Application_Reg/Page_PERKESO/8. PETRONAS' is clicked on

2019-02-21 18:09:03 - [TEST_STEP][PASSED] - delay(2): Delayed 2 second(s)

2019-02-21 18:09:05 - [MESSAGE][PASSED] - Delayed 2 second(s)

2019-02-21 18:09:05 - [TEST_STEP][PASSED] - TodayDate = new java.util.Date(): null

2019-02-21 18:09:05 - [TEST_STEP][PASSED] - CurrentDateNoFilter = new java.text.SimpleDateFormat(): null

2019-02-21 18:09:05 - [TEST_STEP][PASSED] - CurrentDateNoFilter.applyPattern("dd/MM/yyyy"): null

2019-02-21 18:09:05 - [TEST_STEP][PASSED] - CurrentDate = CurrentDateNoFilter.format(TodayDate): null

2019-02-21 18:09:05 - [TEST_STEP][PASSED] - out.println(CurrentDate): null

2019-02-21 18:09:05 - [TEST_STEP][PASSED] - date = CurrentDate: null

2019-02-21 18:09:05 - [TEST_STEP][PASSED] - setText(findTestObject("KeatMun/Form 7_default/OTC_Application_Reg/Page_PERKESO/9.Tarikh kehilangan pkj"), date): Text '21/02/2019' is set on object 'Object Repository/KeatMun/Form 7_default/OTC_Application_Reg/Page_PERKESO/9.Tarikh kehilangan pkj'

2019-02-21 18:09:06 - [MESSAGE][PASSED] - Text '21/02/2019' is set on object 'Object Repository/KeatMun/Form 7_default/OTC_Application_Reg/Page_PERKESO/9.Tarikh kehilangan pkj'

2019-02-21 18:09:06 - [TEST_STEP][PASSED] - delay(2): Delayed 2 second(s)

2019-02-21 18:09:08 - [MESSAGE][PASSED] - Delayed 2 second(s)

2019-02-21 18:09:08 - [TEST_STEP][PASSED] - click(findTestObject("KeatMun/Form 7_default/OTC_Application_Reg/Page_PERKESO/9. Date Picker Done Button ")): Object: 'Object Repository/KeatMun/Form 7_default/OTC_Application_Reg/Page_PERKESO/9. Date Picker Done Button ' is clicked on

2019-02-21 18:09:08 - [MESSAGE][PASSED] - Object: 'Object Repository/KeatMun/Form 7_default/OTC_Application_Reg/Page_PERKESO/9. Date Picker Done Button ' is clicked on

2019-02-21 18:09:08 - [TEST_STEP][PASSED] - delay(2): Delayed 2 second(s)

2019-02-21 18:09:10 - [MESSAGE][PASSED] - Delayed 2 second(s)

2019-02-21 18:09:10 - [TEST_STEP][PASSED] - click(findTestObject("KeatMun/Form 7_default/OTC_Application_Reg/Page_PERKESO/10.button_Mohon")): Object: 'Object Repository/KeatMun/Form 7_default/OTC_Application_Reg/Page_PERKESO/10.button_Mohon' is clicked on

2019-02-21 18:09:10 - [MESSAGE][PASSED] - Object: 'Object Repository/KeatMun/Form 7_default/OTC_Application_Reg/Page_PERKESO/10.button_Mohon' is clicked on

2019-02-21 18:09:10 - [TEST_STEP][PASSED] - delay(2): Delayed 2 second(s)

2019-02-21 18:09:12 - [MESSAGE][PASSED] - Delayed 2 second(s)

2019-02-21 18:09:12 - [TEST_STEP][PASSED] - setText(findTestObject("KeatMun/Form 7_default/OTC_Application_Reg/Page_PERKESO/11.Tarikh Terima_stampedDtS"), "10/01/2019"): Text '10/01/2019' is set on object 'Object Repository/KeatMun/Form 7_default/OTC_Application_Reg/Page_PERKESO/11.Tarikh Terima_stampedDtS'

2019-02-21 18:09:12 - [MESSAGE][PASSED] - Text '10/01/2019' is set on object 'Object Repository/KeatMun/Form 7_default/OTC_Application_Reg/Page_PERKESO/11.Tarikh Terima_stampedDtS'

2019-02-21 18:09:12 - [TEST_STEP][PASSED] - delay(2): Delayed 2 second(s)

2019-02-21 18:09:14 - [MESSAGE][PASSED] - Delayed 2 second(s)

2019-02-21 18:09:14 - [TEST_STEP][PASSED] - click(findTestObject("KeatMun/Form 7_default/OTC_Application_Reg/Page_PERKESO/11. Date Picker Done Button")): Object: 'Object Repository/KeatMun/Form 7_default/OTC_Application_Reg/Page_PERKESO/11. Date Picker Done Button' is clicked on

2019-02-21 18:09:15 - [MESSAGE][PASSED] - Object: 'Object Repository/KeatMun/Form 7_default/OTC_Application_Reg/Page_PERKESO/11. Date Picker Done Button' is clicked on

2019-02-21 18:09:15 - [TEST_STEP][PASSED] - delay(2): Delayed 2 second(s)

2019-02-21 18:09:17 - [MESSAGE][PASSED] - Delayed 2 second(s)

2019-02-21 18:09:17 - [TEST_STEP][PASSED] - click(findTestObject("KeatMun/Form 7_default/OTC_Application_Reg/Page_PERKESO/11.button_TERUSKAN")): Object: 'Object Repository/KeatMun/Form 7_default/OTC_Application_Reg/Page_PERKESO/11.button_TERUSKAN' is clicked on

2019-02-21 18:09:17 - [MESSAGE][PASSED] - Object: 'Object Repository/KeatMun/Form 7_default/OTC_Application_Reg/Page_PERKESO/11.button_TERUSKAN' is clicked on

2019-02-21 18:09:17 - [TEST_STEP][PASSED] - delay(2): Delayed 2 second(s)

2019-02-21 18:09:19 - [MESSAGE][PASSED] - Delayed 2 second(s)

2019-02-21 18:09:19 - [TEST_STEP][PASSED] - selectOptionByValue(findTestObject("KeatMun/Form 7_default/OTC_Application_Reg/Page_PERKESO/12.--Sila Pilih--PejabatPKS"), "22", true): All options with value '22' are selected in object 'Object Repository/KeatMun/Form 7_default/OTC_Application_Reg/Page_PERKESO/12.--Sila Pilih--PejabatPKS'  using regular expression

2019-02-21 18:09:20 - [MESSAGE][PASSED] - All options with value '22' are selected in object 'Object Repository/KeatMun/Form 7_default/OTC_Application_Reg/Page_PERKESO/12.--Sila Pilih--PejabatPKS'  using regular expression

2019-02-21 18:09:20 - [TEST_STEP][PASSED] - delay(2): Delayed 2 second(s)

2019-02-21 18:09:22 - [MESSAGE][PASSED] - Delayed 2 second(s)

2019-02-21 18:09:22 - [TEST_STEP][PASSED] - click(findTestObject("KeatMun/Form 7_default/OTC_Application_Reg/Page_PERKESO/13. Halaman Seterusnya")): Object: 'Object Repository/KeatMun/Form 7_default/OTC_Application_Reg/Page_PERKESO/13. Halaman Seterusnya' is clicked on

2019-02-21 18:09:22 - [MESSAGE][PASSED] - Object: 'Object Repository/KeatMun/Form 7_default/OTC_Application_Reg/Page_PERKESO/13. Halaman Seterusnya' is clicked on

2019-02-21 18:09:22 - [MESSAGE][PASSED] - Call Test Case 'Test Cases/All TC/Arranged/3. Unit/EI/Form 7_default/OTC_Application_Reg' successfully

2019-02-21 18:09:22 - [TEST_STEP][PASSED] - callTestCase(findTestCase("All TC/Arranged/3. Unit/EI/Form 7_default/OTC_Submit Form 7_Section A"), [:], STOP_ON_FAILURE): Call Test Case 'Test Cases/All TC/Arranged/3. Unit/EI/Form 7_default/OTC_Submit Form 7_Section A' successfully

2019-02-21 18:09:22 - [TEST_CASE][PASSED] - Test Cases/All TC/Arranged/3. Unit/EI/Form 7_default/OTC_Submit Form 7_Section A: Test Cases/All TC/Arranged/3. Unit/EI/Form 7_default/OTC_Submit Form 7_Section A

2019-02-21 18:09:22 - [TEST_STEP][PASSED] - delay(2): Delayed 2 second(s)

2019-02-21 18:09:24 - [MESSAGE][PASSED] - Delayed 2 second(s)

2019-02-21 18:09:24 - [TEST_STEP][PASSED] - setText(findTestObject("KeatMun/Form 7_default/OTC_Submit Form 7_Section A/Page_PERKESO/A4. EmployeeDob"), "10/01/2019"): Text '10/01/2019' is set on object 'Object Repository/KeatMun/Form 7_default/OTC_Submit Form 7_Section A/Page_PERKESO/A4. EmployeeDob'

2019-02-21 18:09:24 - [MESSAGE][PASSED] - Text '10/01/2019' is set on object 'Object Repository/KeatMun/Form 7_default/OTC_Submit Form 7_Section A/Page_PERKESO/A4. EmployeeDob'

2019-02-21 18:09:24 - [TEST_STEP][PASSED] - delay(2): Delayed 2 second(s)

2019-02-21 18:09:26 - [MESSAGE][PASSED] - Delayed 2 second(s)

2019-02-21 18:09:26 - [TEST_STEP][PASSED] - click(findTestObject("KeatMun/Form 7_default/OTC_Submit Form 7_Section A/Page_PERKESO/A5. Bangsa")): Object: 'Object Repository/KeatMun/Form 7_default/OTC_Submit Form 7_Section A/Page_PERKESO/A5. Bangsa' is clicked on

2019-02-21 18:09:27 - [MESSAGE][PASSED] - Object: 'Object Repository/KeatMun/Form 7_default/OTC_Submit Form 7_Section A/Page_PERKESO/A5. Bangsa' is clicked on

2019-02-21 18:09:27 - [TEST_STEP][PASSED] - click(findTestObject("KeatMun/Form 7_default/OTC_Submit Form 7_Section A/Page_PERKESO/A5. Bumiputera Sabah")): Object: 'Object Repository/KeatMun/Form 7_default/OTC_Submit Form 7_Section A/Page_PERKESO/A5. Bumiputera Sabah' is clicked on

2019-02-21 18:09:27 - [MESSAGE][PASSED] - Object: 'Object Repository/KeatMun/Form 7_default/OTC_Submit Form 7_Section A/Page_PERKESO/A5. Bumiputera Sabah' is clicked on

2019-02-21 18:09:27 - [TEST_STEP][PASSED] - delay(2): Delayed 2 second(s)

2019-02-21 18:09:29 - [MESSAGE][PASSED] - Delayed 2 second(s)

2019-02-21 18:09:29 - [TEST_STEP][PASSED] - click(findTestObject("KeatMun/Form 7_default/OTC_Submit Form 7_Section A/Page_PERKESO/A6. Jantina")): Object: 'Object Repository/KeatMun/Form 7_default/OTC_Submit Form 7_Section A/Page_PERKESO/A6. Jantina' is clicked on

2019-02-21 18:09:29 - [MESSAGE][PASSED] - Object: 'Object Repository/KeatMun/Form 7_default/OTC_Submit Form 7_Section A/Page_PERKESO/A6. Jantina' is clicked on

2019-02-21 18:09:29 - [TEST_STEP][PASSED] - click(findTestObject("KeatMun/Form 7_default/OTC_Submit Form 7_Section A/Page_PERKESO/A6. Lelaki")): Object: 'Object Repository/KeatMun/Form 7_default/OTC_Submit Form 7_Section A/Page_PERKESO/A6. Lelaki' is clicked on

2019-02-21 18:09:29 - [MESSAGE][PASSED] - Object: 'Object Repository/KeatMun/Form 7_default/OTC_Submit Form 7_Section A/Page_PERKESO/A6. Lelaki' is clicked on

2019-02-21 18:09:29 - [TEST_STEP][PASSED] - delay(2): Delayed 2 second(s)

2019-02-21 18:09:31 - [MESSAGE][PASSED] - Delayed 2 second(s)

2019-02-21 18:09:31 - [TEST_STEP][PASSED] - click(findTestObject("KeatMun/Form 7_default/OTC_Submit Form 7_Section A/Page_PERKESO/A7. Kewarganegaraan")): Object: 'Object Repository/KeatMun/Form 7_default/OTC_Submit Form 7_Section A/Page_PERKESO/A7. Kewarganegaraan' is clicked on

2019-02-21 18:09:31 - [MESSAGE][PASSED] - Object: 'Object Repository/KeatMun/Form 7_default/OTC_Submit Form 7_Section A/Page_PERKESO/A7. Kewarganegaraan' is clicked on

2019-02-21 18:09:31 - [TEST_STEP][PASSED] - click(findTestObject("KeatMun/Form 7_default/OTC_Submit Form 7_Section A/Page_PERKESO/A7. Malaysia")): Object: 'Object Repository/KeatMun/Form 7_default/OTC_Submit Form 7_Section A/Page_PERKESO/A7. Malaysia' is clicked on

2019-02-21 18:09:31 - [MESSAGE][PASSED] - Object: 'Object Repository/KeatMun/Form 7_default/OTC_Submit Form 7_Section A/Page_PERKESO/A7. Malaysia' is clicked on

2019-02-21 18:09:31 - [TEST_STEP][PASSED] - delay(2): Delayed 2 second(s)

2019-02-21 18:09:33 - [MESSAGE][PASSED] - Delayed 2 second(s)

2019-02-21 18:09:33 - [TEST_STEP][PASSED] - click(findTestObject("KeatMun/Form 7_default/OTC_Submit Form 7_Section A/Page_PERKESO/A8. Status Perkahwinan")): Object: 'Object Repository/KeatMun/Form 7_default/OTC_Submit Form 7_Section A/Page_PERKESO/A8. Status Perkahwinan' is clicked on

2019-02-21 18:09:33 - [MESSAGE][PASSED] - Object: 'Object Repository/KeatMun/Form 7_default/OTC_Submit Form 7_Section A/Page_PERKESO/A8. Status Perkahwinan' is clicked on

2019-02-21 18:09:33 - [TEST_STEP][PASSED] - click(findTestObject("KeatMun/Form 7_default/OTC_Submit Form 7_Section A/Page_PERKESO/A8. Bujang")): Object: 'Object Repository/KeatMun/Form 7_default/OTC_Submit Form 7_Section A/Page_PERKESO/A8. Bujang' is clicked on

2019-02-21 18:09:34 - [MESSAGE][PASSED] - Object: 'Object Repository/KeatMun/Form 7_default/OTC_Submit Form 7_Section A/Page_PERKESO/A8. Bujang' is clicked on

2019-02-21 18:09:34 - [TEST_STEP][PASSED] - delay(2): Delayed 2 second(s)

2019-02-21 18:09:36 - [MESSAGE][PASSED] - Delayed 2 second(s)

2019-02-21 18:09:36 - [TEST_STEP][PASSED] - setText(findTestObject("KeatMun/Form 7_default/OTC_Submit Form 7_Section A/Page_PERKESO/A9. Address1"), "qwertyuiop"): Text 'qwertyuiop' is set on object 'Object Repository/KeatMun/Form 7_default/OTC_Submit Form 7_Section A/Page_PERKESO/A9. Address1'

2019-02-21 18:09:36 - [MESSAGE][PASSED] - Text 'qwertyuiop' is set on object 'Object Repository/KeatMun/Form 7_default/OTC_Submit Form 7_Section A/Page_PERKESO/A9. Address1'

2019-02-21 18:09:36 - [TEST_STEP][PASSED] - delay(2): Delayed 2 second(s)

2019-02-21 18:09:38 - [MESSAGE][PASSED] - Delayed 2 second(s)

2019-02-21 18:09:38 - [TEST_STEP][PASSED] - click(findTestObject("KeatMun/Form 7_default/OTC_Submit Form 7_Section A/Page_PERKESO/A10. Negeri")): Object: 'Object Repository/KeatMun/Form 7_default/OTC_Submit Form 7_Section A/Page_PERKESO/A10. Negeri' is clicked on

2019-02-21 18:09:38 - [MESSAGE][PASSED] - Object: 'Object Repository/KeatMun/Form 7_default/OTC_Submit Form 7_Section A/Page_PERKESO/A10. Negeri' is clicked on

2019-02-21 18:09:38 - [TEST_STEP][PASSED] - click(findTestObject("KeatMun/Form 7_default/OTC_Submit Form 7_Section A/Page_PERKESO/A10. JOHOR")): Object: 'Object Repository/KeatMun/Form 7_default/OTC_Submit Form 7_Section A/Page_PERKESO/A10. JOHOR' is clicked on

2019-02-21 18:09:38 - [MESSAGE][PASSED] - Object: 'Object Repository/KeatMun/Form 7_default/OTC_Submit Form 7_Section A/Page_PERKESO/A10. JOHOR' is clicked on

2019-02-21 18:09:38 - [TEST_STEP][PASSED] - delay(2): Delayed 2 second(s)

2019-02-21 18:09:40 - [MESSAGE][PASSED] - Delayed 2 second(s)

2019-02-21 18:09:40 - [TEST_STEP][PASSED] - click(findTestObject("KeatMun/Form 7_default/OTC_Submit Form 7_Section A/Page_PERKESO/A11. --Sila Pilih--")): Object: 'Object Repository/KeatMun/Form 7_default/OTC_Submit Form 7_Section A/Page_PERKESO/A11. --Sila Pilih--' is clicked on

2019-02-21 18:09:40 - [MESSAGE][PASSED] - Object: 'Object Repository/KeatMun/Form 7_default/OTC_Submit Form 7_Section A/Page_PERKESO/A11. --Sila Pilih--' is clicked on

2019-02-21 18:09:40 - [TEST_STEP][PASSED] - setText(findTestObject("KeatMun/Form 7_default/OTC_Submit Form 7_Section A/Page_PERKESO/A11. Done_select2-search__fie (1)"), "jo"): Text 'jo' is set on object 'Object Repository/KeatMun/Form 7_default/OTC_Submit Form 7_Section A/Page_PERKESO/A11. Done_select2-search__fie (1)'

2019-02-21 18:09:41 - [MESSAGE][PASSED] - Text 'jo' is set on object 'Object Repository/KeatMun/Form 7_default/OTC_Submit Form 7_Section A/Page_PERKESO/A11. Done_select2-search__fie (1)'

2019-02-21 18:09:41 - [TEST_STEP][PASSED] - setText(findTestObject("KeatMun/Form 7_default/OTC_Submit Form 7_Section A/Page_PERKESO/A11. concat(id(  select2-city"), "jo"): Text 'jo' is set on object 'Object Repository/KeatMun/Form 7_default/OTC_Submit Form 7_Section A/Page_PERKESO/A11. concat(id(  select2-city'

2019-02-21 18:09:41 - [MESSAGE][PASSED] - Text 'jo' is set on object 'Object Repository/KeatMun/Form 7_default/OTC_Submit Form 7_Section A/Page_PERKESO/A11. concat(id(  select2-city'

2019-02-21 18:09:41 - [TEST_STEP][PASSED] - click(findTestObject("KeatMun/Form 7_default/OTC_Submit Form 7_Section A/Page_PERKESO/A11. JOHOR BAHRU")): Object: 'Object Repository/KeatMun/Form 7_default/OTC_Submit Form 7_Section A/Page_PERKESO/A11. JOHOR BAHRU' is clicked on

2019-02-21 18:09:41 - [MESSAGE][PASSED] - Object: 'Object Repository/KeatMun/Form 7_default/OTC_Submit Form 7_Section A/Page_PERKESO/A11. JOHOR BAHRU' is clicked on

2019-02-21 18:09:41 - [TEST_STEP][PASSED] - delay(2): Delayed 2 second(s)

2019-02-21 18:09:43 - [MESSAGE][PASSED] - Delayed 2 second(s)

2019-02-21 18:09:43 - [TEST_STEP][PASSED] - click(findTestObject("KeatMun/Form 7_default/OTC_Submit Form 7_Section A/Page_PERKESO/A12. --Sila Isikan--")): Object: 'Object Repository/KeatMun/Form 7_default/OTC_Submit Form 7_Section A/Page_PERKESO/A12. --Sila Isikan--' is clicked on

2019-02-21 18:09:43 - [MESSAGE][PASSED] - Object: 'Object Repository/KeatMun/Form 7_default/OTC_Submit Form 7_Section A/Page_PERKESO/A12. --Sila Isikan--' is clicked on

2019-02-21 18:09:43 - [TEST_STEP][PASSED] - setText(findTestObject("KeatMun/Form 7_default/OTC_Submit Form 7_Section A/Page_PERKESO/A11. Done_select2-search__fie"), "84"): Text '84' is set on object 'Object Repository/KeatMun/Form 7_default/OTC_Submit Form 7_Section A/Page_PERKESO/A11. Done_select2-search__fie'

2019-02-21 18:09:43 - [MESSAGE][PASSED] - Text '84' is set on object 'Object Repository/KeatMun/Form 7_default/OTC_Submit Form 7_Section A/Page_PERKESO/A11. Done_select2-search__fie'

2019-02-21 18:09:43 - [TEST_STEP][PASSED] - click(findTestObject("KeatMun/Form 7_default/OTC_Submit Form 7_Section A/Page_PERKESO/A12. 84000")): Object: 'Object Repository/KeatMun/Form 7_default/OTC_Submit Form 7_Section A/Page_PERKESO/A12. 84000' is clicked on

2019-02-21 18:09:43 - [MESSAGE][PASSED] - Object: 'Object Repository/KeatMun/Form 7_default/OTC_Submit Form 7_Section A/Page_PERKESO/A12. 84000' is clicked on

2019-02-21 18:09:43 - [TEST_STEP][PASSED] - delay(2): Delayed 2 second(s)

2019-02-21 18:09:45 - [MESSAGE][PASSED] - Delayed 2 second(s)

2019-02-21 18:09:45 - [TEST_STEP][PASSED] - setText(findTestObject("KeatMun/Form 7_default/OTC_Submit Form 7_Section A/Page_PERKESO/A13. mobileContact1"), "1234567890"): Text '1234567890' is set on object 'Object Repository/KeatMun/Form 7_default/OTC_Submit Form 7_Section A/Page_PERKESO/A13. mobileContact1'

2019-02-21 18:09:46 - [MESSAGE][PASSED] - Text '1234567890' is set on object 'Object Repository/KeatMun/Form 7_default/OTC_Submit Form 7_Section A/Page_PERKESO/A13. mobileContact1'

2019-02-21 18:09:46 - [TEST_STEP][PASSED] - delay(2): Delayed 2 second(s)

2019-02-21 18:09:48 - [MESSAGE][PASSED] - Delayed 2 second(s)

2019-02-21 18:09:48 - [TEST_STEP][PASSED] - click(findTestObject("KeatMun/Form 7_default/OTC_Submit Form 7_Section A/Page_PERKESO/A14. Halaman Seterusnya")): Object: 'Object Repository/KeatMun/Form 7_default/OTC_Submit Form 7_Section A/Page_PERKESO/A14. Halaman Seterusnya' is clicked on

2019-02-21 18:09:48 - [MESSAGE][PASSED] - Object: 'Object Repository/KeatMun/Form 7_default/OTC_Submit Form 7_Section A/Page_PERKESO/A14. Halaman Seterusnya' is clicked on

2019-02-21 18:09:48 - [TEST_STEP][PASSED] - delay(2): Delayed 2 second(s)

2019-02-21 18:09:50 - [MESSAGE][PASSED] - Delayed 2 second(s)

2019-02-21 18:09:50 - [MESSAGE][PASSED] - Call Test Case 'Test Cases/All TC/Arranged/3. Unit/EI/Form 7_default/OTC_Submit Form 7_Section A' successfully

2019-02-21 18:09:50 - [TEST_STEP][PASSED] - callTestCase(findTestCase("All TC/Arranged/3. Unit/EI/Form 7_default/OTC_Submit Form 7_Section B"), [:], STOP_ON_FAILURE): Call Test Case 'Test Cases/All TC/Arranged/3. Unit/EI/Form 7_default/OTC_Submit Form 7_Section B' successfully

2019-02-21 18:09:50 - [TEST_CASE][PASSED] - Test Cases/All TC/Arranged/3. Unit/EI/Form 7_default/OTC_Submit Form 7_Section B: Test Cases/All TC/Arranged/3. Unit/EI/Form 7_default/OTC_Submit Form 7_Section B

2019-02-21 18:09:50 - [TEST_STEP][PASSED] - delay(3): Delayed 3 second(s)

2019-02-21 18:09:53 - [MESSAGE][PASSED] - Delayed 3 second(s)

2019-02-21 18:09:53 - [TEST_STEP][PASSED] - click(findTestObject("KeatMun/Form 7_default/OTC_Submit Form 7_Section B/Page_PERKESO/B1. Jawatan")): Object: 'Object Repository/KeatMun/Form 7_default/OTC_Submit Form 7_Section B/Page_PERKESO/B1. Jawatan' is clicked on

2019-02-21 18:09:53 - [MESSAGE][PASSED] - Object: 'Object Repository/KeatMun/Form 7_default/OTC_Submit Form 7_Section B/Page_PERKESO/B1. Jawatan' is clicked on

2019-02-21 18:09:53 - [TEST_STEP][PASSED] - setText(findTestObject("KeatMun/Form 7_default/OTC_Submit Form 7_Section B/Page_PERKESO/B1. concat(id(  select2-posi"), "re"): Text 're' is set on object 'Object Repository/KeatMun/Form 7_default/OTC_Submit Form 7_Section B/Page_PERKESO/B1. concat(id(  select2-posi'

2019-02-21 18:09:53 - [MESSAGE][PASSED] - Text 're' is set on object 'Object Repository/KeatMun/Form 7_default/OTC_Submit Form 7_Section B/Page_PERKESO/B1. concat(id(  select2-posi'

2019-02-21 18:09:53 - [TEST_STEP][PASSED] - setText(findTestObject("KeatMun/Form 7_default/OTC_Submit Form 7_Section B/Page_PERKESO/B1. Done_select2-search__fie"), "re"): Text 're' is set on object 'Object Repository/KeatMun/Form 7_default/OTC_Submit Form 7_Section B/Page_PERKESO/B1. Done_select2-search__fie'

2019-02-21 18:09:53 - [MESSAGE][PASSED] - Text 're' is set on object 'Object Repository/KeatMun/Form 7_default/OTC_Submit Form 7_Section B/Page_PERKESO/B1. Done_select2-search__fie'

2019-02-21 18:09:54 - [TEST_STEP][PASSED] - click(findTestObject("KeatMun/Form 7_default/OTC_Submit Form 7_Section B/Page_PERKESO/B1. Arkitek Reka Bentuk")): Object: 'Object Repository/KeatMun/Form 7_default/OTC_Submit Form 7_Section B/Page_PERKESO/B1. Arkitek Reka Bentuk' is clicked on

2019-02-21 18:09:54 - [MESSAGE][PASSED] - Object: 'Object Repository/KeatMun/Form 7_default/OTC_Submit Form 7_Section B/Page_PERKESO/B1. Arkitek Reka Bentuk' is clicked on

2019-02-21 18:09:54 - [TEST_STEP][PASSED] - delay(2): Delayed 2 second(s)

2019-02-21 18:09:56 - [MESSAGE][PASSED] - Delayed 2 second(s)

2019-02-21 18:09:56 - [TEST_STEP][PASSED] - setText(findTestObject("KeatMun/Form 7_default/OTC_Submit Form 7_Section B/Page_PERKESO/B2. lastEmploymentStartDtSt"), "10/01/2019"): Text '10/01/2019' is set on object 'Object Repository/KeatMun/Form 7_default/OTC_Submit Form 7_Section B/Page_PERKESO/B2. lastEmploymentStartDtSt'

2019-02-21 18:09:56 - [MESSAGE][PASSED] - Text '10/01/2019' is set on object 'Object Repository/KeatMun/Form 7_default/OTC_Submit Form 7_Section B/Page_PERKESO/B2. lastEmploymentStartDtSt'

2019-02-21 18:09:56 - [TEST_STEP][PASSED] - delay(2): Delayed 2 second(s)

2019-02-21 18:09:58 - [MESSAGE][PASSED] - Delayed 2 second(s)

2019-02-21 18:09:58 - [TEST_STEP][PASSED] - click(findTestObject("KeatMun/Form 7_default/OTC_Submit Form 7_Section B/Page_PERKESO/B4. Status Perkejaan")): Object: 'Object Repository/KeatMun/Form 7_default/OTC_Submit Form 7_Section B/Page_PERKESO/B4. Status Perkejaan' is clicked on

2019-02-21 18:09:58 - [MESSAGE][PASSED] - Object: 'Object Repository/KeatMun/Form 7_default/OTC_Submit Form 7_Section B/Page_PERKESO/B4. Status Perkejaan' is clicked on

2019-02-21 18:09:58 - [TEST_STEP][PASSED] - click(findTestObject("KeatMun/Form 7_default/OTC_Submit Form 7_Section B/Page_PERKESO/B4. Tetap")): Object: 'Object Repository/KeatMun/Form 7_default/OTC_Submit Form 7_Section B/Page_PERKESO/B4. Tetap' is clicked on

2019-02-21 18:09:58 - [MESSAGE][PASSED] - Object: 'Object Repository/KeatMun/Form 7_default/OTC_Submit Form 7_Section B/Page_PERKESO/B4. Tetap' is clicked on

2019-02-21 18:09:58 - [TEST_STEP][PASSED] - delay(2): Delayed 2 second(s)

2019-02-21 18:10:00 - [MESSAGE][PASSED] - Delayed 2 second(s)

2019-02-21 18:10:00 - [TEST_STEP][PASSED] - setText(findTestObject("KeatMun/Form 7_default/OTC_Submit Form 7_Section B/Page_PERKESO/B5. Gaji (RM)_salary1"), "4000"): Text '4000' is set on object 'Object Repository/KeatMun/Form 7_default/OTC_Submit Form 7_Section B/Page_PERKESO/B5. Gaji (RM)_salary1'

2019-02-21 18:10:01 - [MESSAGE][PASSED] - Text '4000' is set on object 'Object Repository/KeatMun/Form 7_default/OTC_Submit Form 7_Section B/Page_PERKESO/B5. Gaji (RM)_salary1'

2019-02-21 18:10:01 - [TEST_STEP][PASSED] - delay(2): Delayed 2 second(s)

2019-02-21 18:10:03 - [MESSAGE][PASSED] - Delayed 2 second(s)

2019-02-21 18:10:03 - [TEST_STEP][PASSED] - setText(findTestObject("KeatMun/Form 7_default/OTC_Submit Form 7_Section B/Page_PERKESO/B5. Gaji (RM)_salary2"), "4000"): Text '4000' is set on object 'Object Repository/KeatMun/Form 7_default/OTC_Submit Form 7_Section B/Page_PERKESO/B5. Gaji (RM)_salary2'

2019-02-21 18:10:03 - [MESSAGE][PASSED] - Text '4000' is set on object 'Object Repository/KeatMun/Form 7_default/OTC_Submit Form 7_Section B/Page_PERKESO/B5. Gaji (RM)_salary2'

2019-02-21 18:10:03 - [TEST_STEP][PASSED] - delay(2): Delayed 2 second(s)

2019-02-21 18:10:05 - [MESSAGE][PASSED] - Delayed 2 second(s)

2019-02-21 18:10:05 - [TEST_STEP][PASSED] - setText(findTestObject("KeatMun/Form 7_default/OTC_Submit Form 7_Section B/Page_PERKESO/B5. Gaji (RM)_salary3"), "4000"): Text '4000' is set on object 'Object Repository/KeatMun/Form 7_default/OTC_Submit Form 7_Section B/Page_PERKESO/B5. Gaji (RM)_salary3'

2019-02-21 18:10:05 - [MESSAGE][PASSED] - Text '4000' is set on object 'Object Repository/KeatMun/Form 7_default/OTC_Submit Form 7_Section B/Page_PERKESO/B5. Gaji (RM)_salary3'

2019-02-21 18:10:05 - [TEST_STEP][PASSED] - delay(2): Delayed 2 second(s)

2019-02-21 18:10:07 - [MESSAGE][PASSED] - Delayed 2 second(s)

2019-02-21 18:10:07 - [TEST_STEP][PASSED] - setText(findTestObject("KeatMun/Form 7_default/OTC_Submit Form 7_Section B/Page_PERKESO/B5. Gaji (RM)_salary4"), "4000"): Text '4000' is set on object 'Object Repository/KeatMun/Form 7_default/OTC_Submit Form 7_Section B/Page_PERKESO/B5. Gaji (RM)_salary4'

2019-02-21 18:10:07 - [MESSAGE][PASSED] - Text '4000' is set on object 'Object Repository/KeatMun/Form 7_default/OTC_Submit Form 7_Section B/Page_PERKESO/B5. Gaji (RM)_salary4'

2019-02-21 18:10:07 - [TEST_STEP][PASSED] - delay(2): Delayed 2 second(s)

2019-02-21 18:10:09 - [MESSAGE][PASSED] - Delayed 2 second(s)

2019-02-21 18:10:09 - [TEST_STEP][PASSED] - setText(findTestObject("KeatMun/Form 7_default/OTC_Submit Form 7_Section B/Page_PERKESO/B5. Gaji (RM)_salary5"), "4000"): Text '4000' is set on object 'Object Repository/KeatMun/Form 7_default/OTC_Submit Form 7_Section B/Page_PERKESO/B5. Gaji (RM)_salary5'

2019-02-21 18:10:10 - [MESSAGE][PASSED] - Text '4000' is set on object 'Object Repository/KeatMun/Form 7_default/OTC_Submit Form 7_Section B/Page_PERKESO/B5. Gaji (RM)_salary5'

2019-02-21 18:10:10 - [TEST_STEP][PASSED] - delay(2): Delayed 2 second(s)

2019-02-21 18:10:12 - [MESSAGE][PASSED] - Delayed 2 second(s)

2019-02-21 18:10:12 - [TEST_STEP][PASSED] - setText(findTestObject("KeatMun/Form 7_default/OTC_Submit Form 7_Section B/Page_PERKESO/B5. Gaji (RM)_salary6"), "4000"): Text '4000' is set on object 'Object Repository/KeatMun/Form 7_default/OTC_Submit Form 7_Section B/Page_PERKESO/B5. Gaji (RM)_salary6'

2019-02-21 18:10:12 - [MESSAGE][PASSED] - Text '4000' is set on object 'Object Repository/KeatMun/Form 7_default/OTC_Submit Form 7_Section B/Page_PERKESO/B5. Gaji (RM)_salary6'

2019-02-21 18:10:12 - [TEST_STEP][PASSED] - delay(2): Delayed 2 second(s)

2019-02-21 18:10:14 - [MESSAGE][PASSED] - Delayed 2 second(s)

2019-02-21 18:10:14 - [TEST_STEP][PASSED] - click(findTestObject("KeatMun/Form 7_default/OTC_Submit Form 7_Section B/Page_PERKESO/B6. Reason JobLost")): Object: 'Object Repository/KeatMun/Form 7_default/OTC_Submit Form 7_Section B/Page_PERKESO/B6. Reason JobLost' is clicked on

2019-02-21 18:10:14 - [MESSAGE][PASSED] - Object: 'Object Repository/KeatMun/Form 7_default/OTC_Submit Form 7_Section B/Page_PERKESO/B6. Reason JobLost' is clicked on

2019-02-21 18:10:14 - [TEST_STEP][PASSED] - click(findTestObject("KeatMun/Form 7_default/OTC_Submit Form 7_Section B/Page_PERKESO/B6. Bencana alam (cth banjir ke")): Object: 'Object Repository/KeatMun/Form 7_default/OTC_Submit Form 7_Section B/Page_PERKESO/B6. Bencana alam (cth banjir ke' is clicked on

2019-02-21 18:10:14 - [MESSAGE][PASSED] - Object: 'Object Repository/KeatMun/Form 7_default/OTC_Submit Form 7_Section B/Page_PERKESO/B6. Bencana alam (cth banjir ke' is clicked on

2019-02-21 18:10:14 - [TEST_STEP][PASSED] - delay(3): Delayed 3 second(s)

2019-02-21 18:10:17 - [MESSAGE][PASSED] - Delayed 3 second(s)

2019-02-21 18:10:17 - [TEST_STEP][PASSED] - setText(findTestObject("KeatMun/Form 7_default/OTC_Submit Form 7_Section B/Page_PERKESO/B7. AverageWorkingHour"), "8"): Text '8' is set on object 'Object Repository/KeatMun/Form 7_default/OTC_Submit Form 7_Section B/Page_PERKESO/B7. AverageWorkingHour'

2019-02-21 18:10:17 - [MESSAGE][PASSED] - Text '8' is set on object 'Object Repository/KeatMun/Form 7_default/OTC_Submit Form 7_Section B/Page_PERKESO/B7. AverageWorkingHour'

2019-02-21 18:10:17 - [TEST_STEP][PASSED] - delay(2): Delayed 2 second(s)

2019-02-21 18:10:19 - [MESSAGE][PASSED] - Delayed 2 second(s)

2019-02-21 18:10:19 - [TEST_STEP][PASSED] - click(findTestObject("KeatMun/Form 7_default/OTC_Submit Form 7_Section B/Page_PERKESO/B8. Tidak_compensationInd")): Object: 'Object Repository/KeatMun/Form 7_default/OTC_Submit Form 7_Section B/Page_PERKESO/B8. Tidak_compensationInd' is clicked on

2019-02-21 18:10:19 - [MESSAGE][PASSED] - Object: 'Object Repository/KeatMun/Form 7_default/OTC_Submit Form 7_Section B/Page_PERKESO/B8. Tidak_compensationInd' is clicked on

2019-02-21 18:10:19 - [TEST_STEP][PASSED] - delay(1): Delayed 1 second(s)

2019-02-21 18:10:20 - [MESSAGE][PASSED] - Delayed 1 second(s)

2019-02-21 18:10:20 - [TEST_STEP][PASSED] - click(findTestObject("KeatMun/Form 7_default/OTC_Submit Form 7_Section B/Page_PERKESO/B9. Tidak_fileCaseInd")): Object: 'Object Repository/KeatMun/Form 7_default/OTC_Submit Form 7_Section B/Page_PERKESO/B9. Tidak_fileCaseInd' is clicked on

2019-02-21 18:10:21 - [MESSAGE][PASSED] - Object: 'Object Repository/KeatMun/Form 7_default/OTC_Submit Form 7_Section B/Page_PERKESO/B9. Tidak_fileCaseInd' is clicked on

2019-02-21 18:10:21 - [TEST_STEP][PASSED] - delay(1): Delayed 1 second(s)

2019-02-21 18:10:22 - [MESSAGE][PASSED] - Delayed 1 second(s)

2019-02-21 18:10:22 - [TEST_STEP][PASSED] - click(findTestObject("KeatMun/Form 7_default/OTC_Submit Form 7_Section B/Page_PERKESO/B10. Tidak_unregisterCaseInd")): Object: 'Object Repository/KeatMun/Form 7_default/OTC_Submit Form 7_Section B/Page_PERKESO/B10. Tidak_unregisterCaseInd' is clicked on

2019-02-21 18:10:22 - [MESSAGE][PASSED] - Object: 'Object Repository/KeatMun/Form 7_default/OTC_Submit Form 7_Section B/Page_PERKESO/B10. Tidak_unregisterCaseInd' is clicked on

2019-02-21 18:10:22 - [TEST_STEP][PASSED] - delay(2): Delayed 2 second(s)

2019-02-21 18:10:24 - [MESSAGE][PASSED] - Delayed 2 second(s)

2019-02-21 18:10:24 - [TEST_STEP][PASSED] - click(findTestObject("KeatMun/Form 7_default/OTC_Submit Form 7_Section B/Page_PERKESO/B11. Halaman Seterusnya")): Object: 'Object Repository/KeatMun/Form 7_default/OTC_Submit Form 7_Section B/Page_PERKESO/B11. Halaman Seterusnya' is clicked on

2019-02-21 18:10:24 - [MESSAGE][PASSED] - Object: 'Object Repository/KeatMun/Form 7_default/OTC_Submit Form 7_Section B/Page_PERKESO/B11. Halaman Seterusnya' is clicked on

2019-02-21 18:10:24 - [TEST_STEP][PASSED] - delay(3): Delayed 3 second(s)

2019-02-21 18:10:27 - [MESSAGE][PASSED] - Delayed 3 second(s)

2019-02-21 18:10:27 - [MESSAGE][PASSED] - Call Test Case 'Test Cases/All TC/Arranged/3. Unit/EI/Form 7_default/OTC_Submit Form 7_Section B' successfully

2019-02-21 18:10:27 - [TEST_STEP][PASSED] - callTestCase(findTestCase("All TC/Arranged/3. Unit/EI/Form 7_default/OTC_Submit Form 7_Section C"), [:], STOP_ON_FAILURE): Call Test Case 'Test Cases/All TC/Arranged/3. Unit/EI/Form 7_default/OTC_Submit Form 7_Section C' successfully

2019-02-21 18:10:27 - [TEST_CASE][PASSED] - Test Cases/All TC/Arranged/3. Unit/EI/Form 7_default/OTC_Submit Form 7_Section C: Test Cases/All TC/Arranged/3. Unit/EI/Form 7_default/OTC_Submit Form 7_Section C

2019-02-21 18:10:27 - [TEST_STEP][PASSED] - delay(2): Delayed 2 second(s)

2019-02-21 18:10:29 - [MESSAGE][PASSED] - Delayed 2 second(s)

2019-02-21 18:10:29 - [TEST_STEP][PASSED] - setText(findTestObject("KeatMun/Form 7_default/OTC_Submit Form 7_Section C/Page_PERKESO/C4. EmployerInfo"), "qwertyuiop"): Text 'qwertyuiop' is set on object 'Object Repository/KeatMun/Form 7_default/OTC_Submit Form 7_Section C/Page_PERKESO/C4. EmployerInfo'

2019-02-21 18:10:29 - [MESSAGE][PASSED] - Text 'qwertyuiop' is set on object 'Object Repository/KeatMun/Form 7_default/OTC_Submit Form 7_Section C/Page_PERKESO/C4. EmployerInfo'

2019-02-21 18:10:29 - [TEST_STEP][PASSED] - delay(2): Delayed 2 second(s)

2019-02-21 18:10:31 - [MESSAGE][PASSED] - Delayed 2 second(s)

2019-02-21 18:10:31 - [TEST_STEP][PASSED] - click(findTestObject("KeatMun/Form 7_default/OTC_Submit Form 7_Section C/Page_PERKESO/C5. Negeri")): Object: 'Object Repository/KeatMun/Form 7_default/OTC_Submit Form 7_Section C/Page_PERKESO/C5. Negeri' is clicked on

2019-02-21 18:10:31 - [MESSAGE][PASSED] - Object: 'Object Repository/KeatMun/Form 7_default/OTC_Submit Form 7_Section C/Page_PERKESO/C5. Negeri' is clicked on

2019-02-21 18:10:31 - [TEST_STEP][PASSED] - delay(2): Delayed 2 second(s)

2019-02-21 18:10:33 - [MESSAGE][PASSED] - Delayed 2 second(s)

2019-02-21 18:10:33 - [TEST_STEP][PASSED] - click(findTestObject("KeatMun/Form 7_default/OTC_Submit Form 7_Section C/Page_PERKESO/C5. JOHOR")): Object: 'Object Repository/KeatMun/Form 7_default/OTC_Submit Form 7_Section C/Page_PERKESO/C5. JOHOR' is clicked on

2019-02-21 18:10:34 - [MESSAGE][PASSED] - Object: 'Object Repository/KeatMun/Form 7_default/OTC_Submit Form 7_Section C/Page_PERKESO/C5. JOHOR' is clicked on

2019-02-21 18:10:34 - [TEST_STEP][PASSED] - delay(3): Delayed 3 second(s)

2019-02-21 18:10:37 - [MESSAGE][PASSED] - Delayed 3 second(s)

2019-02-21 18:10:37 - [TEST_STEP][PASSED] - click(findTestObject("KeatMun/Form 7_default/OTC_Submit Form 7_Section C/Page_PERKESO/C6. City")): Object: 'Object Repository/KeatMun/Form 7_default/OTC_Submit Form 7_Section C/Page_PERKESO/C6. City' is clicked on

2019-02-21 18:10:37 - [MESSAGE][PASSED] - Object: 'Object Repository/KeatMun/Form 7_default/OTC_Submit Form 7_Section C/Page_PERKESO/C6. City' is clicked on

2019-02-21 18:10:37 - [TEST_STEP][PASSED] - delay(2): Delayed 2 second(s)

2019-02-21 18:10:39 - [MESSAGE][PASSED] - Delayed 2 second(s)

2019-02-21 18:10:39 - [TEST_STEP][PASSED] - setText(findTestObject("KeatMun/Form 7_default/OTC_Submit Form 7_Section C/Page_PERKESO/C6. Done_select2-search__fie"), "jo"): Text 'jo' is set on object 'Object Repository/KeatMun/Form 7_default/OTC_Submit Form 7_Section C/Page_PERKESO/C6. Done_select2-search__fie'

2019-02-21 18:10:39 - [MESSAGE][PASSED] - Text 'jo' is set on object 'Object Repository/KeatMun/Form 7_default/OTC_Submit Form 7_Section C/Page_PERKESO/C6. Done_select2-search__fie'

2019-02-21 18:10:39 - [TEST_STEP][PASSED] - setText(findTestObject("KeatMun/Form 7_default/OTC_Submit Form 7_Section C/Page_PERKESO/C6. Concat(id(  select2-city"), "jo"): Text 'jo' is set on object 'Object Repository/KeatMun/Form 7_default/OTC_Submit Form 7_Section C/Page_PERKESO/C6. Concat(id(  select2-city'

2019-02-21 18:10:39 - [MESSAGE][PASSED] - Text 'jo' is set on object 'Object Repository/KeatMun/Form 7_default/OTC_Submit Form 7_Section C/Page_PERKESO/C6. Concat(id(  select2-city'

2019-02-21 18:10:39 - [TEST_STEP][PASSED] - click(findTestObject("KeatMun/Form 7_default/OTC_Submit Form 7_Section C/Page_PERKESO/C6. JOHOR BAHRU")): Object: 'Object Repository/KeatMun/Form 7_default/OTC_Submit Form 7_Section C/Page_PERKESO/C6. JOHOR BAHRU' is clicked on

2019-02-21 18:10:39 - [MESSAGE][PASSED] - Object: 'Object Repository/KeatMun/Form 7_default/OTC_Submit Form 7_Section C/Page_PERKESO/C6. JOHOR BAHRU' is clicked on

2019-02-21 18:10:39 - [TEST_STEP][PASSED] - delay(3): Delayed 3 second(s)

2019-02-21 18:10:42 - [MESSAGE][PASSED] - Delayed 3 second(s)

2019-02-21 18:10:42 - [TEST_STEP][PASSED] - click(findTestObject("KeatMun/Form 7_default/OTC_Submit Form 7_Section C/Page_PERKESO/C7. --Sila Isikan--")): Object: 'Object Repository/KeatMun/Form 7_default/OTC_Submit Form 7_Section C/Page_PERKESO/C7. --Sila Isikan--' is clicked on

2019-02-21 18:10:43 - [MESSAGE][PASSED] - Object: 'Object Repository/KeatMun/Form 7_default/OTC_Submit Form 7_Section C/Page_PERKESO/C7. --Sila Isikan--' is clicked on

2019-02-21 18:10:43 - [TEST_STEP][PASSED] - delay(2): Delayed 2 second(s)

2019-02-21 18:10:45 - [MESSAGE][PASSED] - Delayed 2 second(s)

2019-02-21 18:10:45 - [TEST_STEP][PASSED] - setText(findTestObject("KeatMun/Form 7_default/OTC_Submit Form 7_Section C/Page_PERKESO/C7. Done_select2-search__fie"), "84"): Text '84' is set on object 'Object Repository/KeatMun/Form 7_default/OTC_Submit Form 7_Section C/Page_PERKESO/C7. Done_select2-search__fie'

2019-02-21 18:10:45 - [MESSAGE][PASSED] - Text '84' is set on object 'Object Repository/KeatMun/Form 7_default/OTC_Submit Form 7_Section C/Page_PERKESO/C7. Done_select2-search__fie'

2019-02-21 18:10:45 - [TEST_STEP][PASSED] - setText(findTestObject("KeatMun/Form 7_default/OTC_Submit Form 7_Section C/Page_PERKESO/C7. Concat(id(  select2-post"), "84"): Text '84' is set on object 'Object Repository/KeatMun/Form 7_default/OTC_Submit Form 7_Section C/Page_PERKESO/C7. Concat(id(  select2-post'

2019-02-21 18:10:45 - [MESSAGE][PASSED] - Text '84' is set on object 'Object Repository/KeatMun/Form 7_default/OTC_Submit Form 7_Section C/Page_PERKESO/C7. Concat(id(  select2-post'

2019-02-21 18:10:45 - [TEST_STEP][PASSED] - click(findTestObject("KeatMun/Form 7_default/OTC_Submit Form 7_Section C/Page_PERKESO/C7. 84000")): Object: 'Object Repository/KeatMun/Form 7_default/OTC_Submit Form 7_Section C/Page_PERKESO/C7. 84000' is clicked on

2019-02-21 18:10:45 - [MESSAGE][PASSED] - Object: 'Object Repository/KeatMun/Form 7_default/OTC_Submit Form 7_Section C/Page_PERKESO/C7. 84000' is clicked on

2019-02-21 18:10:45 - [TEST_STEP][PASSED] - delay(3): Delayed 3 second(s)

2019-02-21 18:10:48 - [MESSAGE][PASSED] - Delayed 3 second(s)

2019-02-21 18:10:48 - [TEST_STEP][PASSED] - click(findTestObject("KeatMun/Form 7_default/OTC_Submit Form 7_Section C/Page_PERKESO/C8. Tidak_employerInfo.emplo")): Object: 'Object Repository/KeatMun/Form 7_default/OTC_Submit Form 7_Section C/Page_PERKESO/C8. Tidak_employerInfo.emplo' is clicked on

2019-02-21 18:10:48 - [MESSAGE][PASSED] - Object: 'Object Repository/KeatMun/Form 7_default/OTC_Submit Form 7_Section C/Page_PERKESO/C8. Tidak_employerInfo.emplo' is clicked on

2019-02-21 18:10:48 - [TEST_STEP][PASSED] - delay(2): Delayed 2 second(s)

2019-02-21 18:10:50 - [MESSAGE][PASSED] - Delayed 2 second(s)

2019-02-21 18:10:50 - [TEST_STEP][PASSED] - setText(findTestObject("KeatMun/Form 7_default/OTC_Submit Form 7_Section C/Page_PERKESO/C9. EmployerName"), "qwertyuiop"): Text 'qwertyuiop' is set on object 'Object Repository/KeatMun/Form 7_default/OTC_Submit Form 7_Section C/Page_PERKESO/C9. EmployerName'

2019-02-21 18:10:51 - [MESSAGE][PASSED] - Text 'qwertyuiop' is set on object 'Object Repository/KeatMun/Form 7_default/OTC_Submit Form 7_Section C/Page_PERKESO/C9. EmployerName'

2019-02-21 18:10:51 - [TEST_STEP][PASSED] - delay(2): Delayed 2 second(s)

2019-02-21 18:10:53 - [MESSAGE][PASSED] - Delayed 2 second(s)

2019-02-21 18:10:53 - [TEST_STEP][PASSED] - setText(findTestObject("KeatMun/Form 7_default/OTC_Submit Form 7_Section C/Page_PERKESO/C10. EmployerIC"), "1234567890"): Text '1234567890' is set on object 'Object Repository/KeatMun/Form 7_default/OTC_Submit Form 7_Section C/Page_PERKESO/C10. EmployerIC'

2019-02-21 18:10:53 - [MESSAGE][PASSED] - Text '1234567890' is set on object 'Object Repository/KeatMun/Form 7_default/OTC_Submit Form 7_Section C/Page_PERKESO/C10. EmployerIC'

2019-02-21 18:10:53 - [TEST_STEP][PASSED] - delay(3): Delayed 3 second(s)

2019-02-21 18:10:56 - [MESSAGE][PASSED] - Delayed 3 second(s)

2019-02-21 18:10:56 - [TEST_STEP][PASSED] - click(findTestObject("KeatMun/Form 7_default/OTC_Submit Form 7_Section C/Page_PERKESO/C11. Halaman Seterusnya")): Object: 'Object Repository/KeatMun/Form 7_default/OTC_Submit Form 7_Section C/Page_PERKESO/C11. Halaman Seterusnya' is clicked on

2019-02-21 18:10:56 - [MESSAGE][PASSED] - Object: 'Object Repository/KeatMun/Form 7_default/OTC_Submit Form 7_Section C/Page_PERKESO/C11. Halaman Seterusnya' is clicked on

2019-02-21 18:10:56 - [TEST_STEP][PASSED] - delay(3): Delayed 3 second(s)

2019-02-21 18:10:59 - [MESSAGE][PASSED] - Delayed 3 second(s)

2019-02-21 18:10:59 - [MESSAGE][PASSED] - Call Test Case 'Test Cases/All TC/Arranged/3. Unit/EI/Form 7_default/OTC_Submit Form 7_Section C' successfully

2019-02-21 18:10:59 - [TEST_STEP][PASSED] - callTestCase(findTestCase("All TC/Arranged/3. Unit/EI/Form 7_default/OTC_Submit Form 7_Section D-E"), [:], STOP_ON_FAILURE): Call Test Case 'Test Cases/All TC/Arranged/3. Unit/EI/Form 7_default/OTC_Submit Form 7_Section D-E' successfully

2019-02-21 18:10:59 - [TEST_CASE][PASSED] - Test Cases/All TC/Arranged/3. Unit/EI/Form 7_default/OTC_Submit Form 7_Section D-E: Test Cases/All TC/Arranged/3. Unit/EI/Form 7_default/OTC_Submit Form 7_Section D-E

2019-02-21 18:10:59 - [TEST_STEP][PASSED] - delay(3): Delayed 3 second(s)

2019-02-21 18:11:02 - [MESSAGE][PASSED] - Delayed 3 second(s)

2019-02-21 18:11:02 - [TEST_STEP][PASSED] - click(findTestObject("KeatMun/Form 7_default/OTC_Submit Form 7_Section D-E/Page_PERKESO/D1. NO_otherActiveEmploye")): Object: 'Object Repository/KeatMun/Form 7_default/OTC_Submit Form 7_Section D-E/Page_PERKESO/D1. NO_otherActiveEmploye' is clicked on

2019-02-21 18:11:02 - [MESSAGE][PASSED] - Object: 'Object Repository/KeatMun/Form 7_default/OTC_Submit Form 7_Section D-E/Page_PERKESO/D1. NO_otherActiveEmploye' is clicked on

2019-02-21 18:11:02 - [TEST_STEP][PASSED] - delay(4): Delayed 4 second(s)

2019-02-21 18:11:06 - [MESSAGE][PASSED] - Delayed 4 second(s)

2019-02-21 18:11:06 - [TEST_STEP][PASSED] - click(findTestObject("KeatMun/Form 7_default/OTC_Submit Form 7_Section D-E/Page_PERKESO/D2. Halaman Seterusnya")): Object: 'Object Repository/KeatMun/Form 7_default/OTC_Submit Form 7_Section D-E/Page_PERKESO/D2. Halaman Seterusnya' is clicked on

2019-02-21 18:11:06 - [MESSAGE][PASSED] - Object: 'Object Repository/KeatMun/Form 7_default/OTC_Submit Form 7_Section D-E/Page_PERKESO/D2. Halaman Seterusnya' is clicked on

2019-02-21 18:11:06 - [TEST_STEP][PASSED] - delay(5): Delayed 5 second(s)

2019-02-21 18:11:11 - [MESSAGE][PASSED] - Delayed 5 second(s)

2019-02-21 18:11:11 - [TEST_STEP][PASSED] - setText(findTestObject("KeatMun/Form 7_default/OTC_Submit Form 7_Section D-E/Page_PERKESO/E1. Input__totalExpYear"), "1"): Text '1' is set on object 'Object Repository/KeatMun/Form 7_default/OTC_Submit Form 7_Section D-E/Page_PERKESO/E1. Input__totalExpYear'

2019-02-21 18:11:12 - [MESSAGE][PASSED] - Text '1' is set on object 'Object Repository/KeatMun/Form 7_default/OTC_Submit Form 7_Section D-E/Page_PERKESO/E1. Input__totalExpYear'

2019-02-21 18:11:12 - [TEST_STEP][PASSED] - delay(2): Delayed 2 second(s)

2019-02-21 18:11:14 - [MESSAGE][PASSED] - Delayed 2 second(s)

2019-02-21 18:11:14 - [TEST_STEP][PASSED] - setText(findTestObject("KeatMun/Form 7_default/OTC_Submit Form 7_Section D-E/Page_PERKESO/E1. Tahun_totalExpMonth"), "1"): Text '1' is set on object 'Object Repository/KeatMun/Form 7_default/OTC_Submit Form 7_Section D-E/Page_PERKESO/E1. Tahun_totalExpMonth'

2019-02-21 18:11:14 - [MESSAGE][PASSED] - Text '1' is set on object 'Object Repository/KeatMun/Form 7_default/OTC_Submit Form 7_Section D-E/Page_PERKESO/E1. Tahun_totalExpMonth'

2019-02-21 18:11:14 - [TEST_STEP][PASSED] - delay(2): Delayed 2 second(s)

2019-02-21 18:11:16 - [MESSAGE][PASSED] - Delayed 2 second(s)

2019-02-21 18:11:16 - [TEST_STEP][PASSED] - click(findTestObject("KeatMun/Form 7_default/OTC_Submit Form 7_Section D-E/Page_PERKESO/E2. Edu-Level")): Object: 'Object Repository/KeatMun/Form 7_default/OTC_Submit Form 7_Section D-E/Page_PERKESO/E2. Edu-Level' is clicked on

2019-02-21 18:11:16 - [MESSAGE][PASSED] - Object: 'Object Repository/KeatMun/Form 7_default/OTC_Submit Form 7_Section D-E/Page_PERKESO/E2. Edu-Level' is clicked on

2019-02-21 18:11:16 - [TEST_STEP][PASSED] - delay(2): Delayed 2 second(s)

2019-02-21 18:11:18 - [MESSAGE][PASSED] - Delayed 2 second(s)

2019-02-21 18:11:18 - [TEST_STEP][PASSED] - click(findTestObject("KeatMun/Form 7_default/OTC_Submit Form 7_Section D-E/Page_PERKESO/E2. PMRPT3")): Object: 'Object Repository/KeatMun/Form 7_default/OTC_Submit Form 7_Section D-E/Page_PERKESO/E2. PMRPT3' is clicked on

2019-02-21 18:11:18 - [MESSAGE][PASSED] - Object: 'Object Repository/KeatMun/Form 7_default/OTC_Submit Form 7_Section D-E/Page_PERKESO/E2. PMRPT3' is clicked on

2019-02-21 18:11:18 - [TEST_STEP][PASSED] - delay(3): Delayed 3 second(s)

2019-02-21 18:11:21 - [MESSAGE][PASSED] - Delayed 3 second(s)

2019-02-21 18:11:21 - [TEST_STEP][PASSED] - click(findTestObject("KeatMun/Form 7_default/OTC_Submit Form 7_Section D-E/Page_PERKESO/E3. Job-Choice")): Object: 'Object Repository/KeatMun/Form 7_default/OTC_Submit Form 7_Section D-E/Page_PERKESO/E3. Job-Choice' is clicked on

2019-02-21 18:11:21 - [MESSAGE][PASSED] - Object: 'Object Repository/KeatMun/Form 7_default/OTC_Submit Form 7_Section D-E/Page_PERKESO/E3. Job-Choice' is clicked on

2019-02-21 18:11:21 - [TEST_STEP][PASSED] - delay(2): Delayed 2 second(s)

2019-02-21 18:11:23 - [MESSAGE][PASSED] - Delayed 2 second(s)

2019-02-21 18:11:23 - [TEST_STEP][PASSED] - setText(findTestObject("KeatMun/Form 7_default/OTC_Submit Form 7_Section D-E/Page_PERKESO/E3. Done_select2-search__fie"), "re"): Text 're' is set on object 'Object Repository/KeatMun/Form 7_default/OTC_Submit Form 7_Section D-E/Page_PERKESO/E3. Done_select2-search__fie'

2019-02-21 18:11:24 - [MESSAGE][PASSED] - Text 're' is set on object 'Object Repository/KeatMun/Form 7_default/OTC_Submit Form 7_Section D-E/Page_PERKESO/E3. Done_select2-search__fie'

2019-02-21 18:11:24 - [TEST_STEP][PASSED] - click(findTestObject("KeatMun/Form 7_default/OTC_Submit Form 7_Section D-E/Page_PERKESO/E3. Arkitek Reka Bentuk")): Object: 'Object Repository/KeatMun/Form 7_default/OTC_Submit Form 7_Section D-E/Page_PERKESO/E3. Arkitek Reka Bentuk' is clicked on

2019-02-21 18:11:24 - [MESSAGE][PASSED] - Object: 'Object Repository/KeatMun/Form 7_default/OTC_Submit Form 7_Section D-E/Page_PERKESO/E3. Arkitek Reka Bentuk' is clicked on

2019-02-21 18:11:24 - [TEST_STEP][PASSED] - delay(2): Delayed 2 second(s)

2019-02-21 18:11:26 - [MESSAGE][PASSED] - Delayed 2 second(s)

2019-02-21 18:11:26 - [TEST_STEP][PASSED] - click(findTestObject("KeatMun/Form 7_default/OTC_Submit Form 7_Section D-E/Page_PERKESO/E4. Job_Location")): Object: 'Object Repository/KeatMun/Form 7_default/OTC_Submit Form 7_Section D-E/Page_PERKESO/E4. Job_Location' is clicked on

2019-02-21 18:11:26 - [MESSAGE][PASSED] - Object: 'Object Repository/KeatMun/Form 7_default/OTC_Submit Form 7_Section D-E/Page_PERKESO/E4. Job_Location' is clicked on

2019-02-21 18:11:26 - [TEST_STEP][PASSED] - delay(2): Delayed 2 second(s)

2019-02-21 18:11:28 - [MESSAGE][PASSED] - Delayed 2 second(s)

2019-02-21 18:11:28 - [TEST_STEP][PASSED] - click(findTestObject("KeatMun/Form 7_default/OTC_Submit Form 7_Section D-E/Page_PERKESO/E4. JOHOR")): Object: 'Object Repository/KeatMun/Form 7_default/OTC_Submit Form 7_Section D-E/Page_PERKESO/E4. JOHOR' is clicked on

2019-02-21 18:11:28 - [MESSAGE][PASSED] - Object: 'Object Repository/KeatMun/Form 7_default/OTC_Submit Form 7_Section D-E/Page_PERKESO/E4. JOHOR' is clicked on

2019-02-21 18:11:28 - [TEST_STEP][PASSED] - delay(2): Delayed 2 second(s)

2019-02-21 18:11:30 - [MESSAGE][PASSED] - Delayed 2 second(s)

2019-02-21 18:11:30 - [TEST_STEP][PASSED] - click(findTestObject("KeatMun/Form 7_default/OTC_Submit Form 7_Section D-E/Page_PERKESO/E7. NO_disability")): Object: 'Object Repository/KeatMun/Form 7_default/OTC_Submit Form 7_Section D-E/Page_PERKESO/E7. NO_disability' is clicked on

2019-02-21 18:11:30 - [MESSAGE][PASSED] - Object: 'Object Repository/KeatMun/Form 7_default/OTC_Submit Form 7_Section D-E/Page_PERKESO/E7. NO_disability' is clicked on

2019-02-21 18:11:30 - [TEST_STEP][PASSED] - delay(2): Delayed 2 second(s)

2019-02-21 18:11:32 - [MESSAGE][PASSED] - Delayed 2 second(s)

2019-02-21 18:11:32 - [TEST_STEP][PASSED] - click(findTestObject("KeatMun/Form 7_default/OTC_Submit Form 7_Section D-E/Page_PERKESO/E8. NO_disabilityApplyInd")): Object: 'Object Repository/KeatMun/Form 7_default/OTC_Submit Form 7_Section D-E/Page_PERKESO/E8. NO_disabilityApplyInd' is clicked on

2019-02-21 18:11:32 - [MESSAGE][PASSED] - Object: 'Object Repository/KeatMun/Form 7_default/OTC_Submit Form 7_Section D-E/Page_PERKESO/E8. NO_disabilityApplyInd' is clicked on

2019-02-21 18:11:32 - [TEST_STEP][PASSED] - delay(2): Delayed 2 second(s)

2019-02-21 18:11:34 - [MESSAGE][PASSED] - Delayed 2 second(s)

2019-02-21 18:11:34 - [TEST_STEP][PASSED] - click(findTestObject("KeatMun/Form 7_default/OTC_Submit Form 7_Section D-E/Page_PERKESO/E9. YES_ReEmployment")): Object: 'Object Repository/KeatMun/Form 7_default/OTC_Submit Form 7_Section D-E/Page_PERKESO/E9. YES_ReEmployment' is clicked on

2019-02-21 18:11:34 - [MESSAGE][PASSED] - Object: 'Object Repository/KeatMun/Form 7_default/OTC_Submit Form 7_Section D-E/Page_PERKESO/E9. YES_ReEmployment' is clicked on

2019-02-21 18:11:34 - [TEST_STEP][PASSED] - delay(2): Delayed 2 second(s)

2019-02-21 18:11:36 - [MESSAGE][PASSED] - Delayed 2 second(s)

2019-02-21 18:11:36 - [TEST_STEP][PASSED] - click(findTestObject("KeatMun/Form 7_default/OTC_Submit Form 7_Section D-E/Page_PERKESO/E10. Halaman Seterusnya")): Object: 'Object Repository/KeatMun/Form 7_default/OTC_Submit Form 7_Section D-E/Page_PERKESO/E10. Halaman Seterusnya' is clicked on

2019-02-21 18:11:37 - [MESSAGE][PASSED] - Object: 'Object Repository/KeatMun/Form 7_default/OTC_Submit Form 7_Section D-E/Page_PERKESO/E10. Halaman Seterusnya' is clicked on

2019-02-21 18:11:37 - [TEST_STEP][PASSED] - delay(3): Delayed 3 second(s)

2019-02-21 18:11:40 - [MESSAGE][PASSED] - Delayed 3 second(s)

2019-02-21 18:11:40 - [MESSAGE][PASSED] - Call Test Case 'Test Cases/All TC/Arranged/3. Unit/EI/Form 7_default/OTC_Submit Form 7_Section D-E' successfully

2019-02-21 18:11:40 - [TEST_STEP][PASSED] - callTestCase(findTestCase("All TC/Arranged/3. Unit/EI/Form 7_default/OTC_Submit Form 7_Section F-G-H - Cheque"), [:], STOP_ON_FAILURE): Call Test Case 'Test Cases/All TC/Arranged/3. Unit/EI/Form 7_default/OTC_Submit Form 7_Section F-G-H - Cheque' successfully

2019-02-21 18:11:40 - [TEST_CASE][PASSED] - Test Cases/All TC/Arranged/3. Unit/EI/Form 7_default/OTC_Submit Form 7_Section F-G-H - Cheque: Test Cases/All TC/Arranged/3. Unit/EI/Form 7_default/OTC_Submit Form 7_Section F-G-H - Cheque

2019-02-21 18:11:40 - [TEST_STEP][PASSED] - delay(3): Delayed 3 second(s)

2019-02-21 18:11:43 - [MESSAGE][PASSED] - Delayed 3 second(s)

2019-02-21 18:11:43 - [TEST_STEP][PASSED] - click(findTestObject("KeatMun/Form 7_default/OTC_Submit Form 7_Section F-G-H/Page_PERKESO/F1. Bankrup_yes")): Object: 'Object Repository/KeatMun/Form 7_default/OTC_Submit Form 7_Section F-G-H/Page_PERKESO/F1. Bankrup_yes' is clicked on

2019-02-21 18:11:43 - [MESSAGE][PASSED] - Object: 'Object Repository/KeatMun/Form 7_default/OTC_Submit Form 7_Section F-G-H/Page_PERKESO/F1. Bankrup_yes' is clicked on

2019-02-21 18:11:43 - [TEST_STEP][PASSED] - delay(3): Delayed 3 second(s)

2019-02-21 18:11:46 - [MESSAGE][PASSED] - Delayed 3 second(s)

2019-02-21 18:11:46 - [TEST_STEP][PASSED] - click(findTestObject("KeatMun/Form 7_default/OTC_Submit Form 7_Section F-G-H/Page_PERKESO/F2. Next_Page_AfterBankInfo")): Object: 'Object Repository/KeatMun/Form 7_default/OTC_Submit Form 7_Section F-G-H/Page_PERKESO/F2. Next_Page_AfterBankInfo' is clicked on

2019-02-21 18:11:46 - [MESSAGE][PASSED] - Object: 'Object Repository/KeatMun/Form 7_default/OTC_Submit Form 7_Section F-G-H/Page_PERKESO/F2. Next_Page_AfterBankInfo' is clicked on

2019-02-21 18:11:46 - [TEST_STEP][PASSED] - delay(5): Delayed 5 second(s)

2019-02-21 18:11:51 - [MESSAGE][PASSED] - Delayed 5 second(s)

2019-02-21 18:11:51 - [TEST_STEP][PASSED] - setText(findTestObject("KeatMun/Form 7_default/OTC_Submit Form 7_Section F-G-H/Page_PERKESO/G2. Hubungan dengan OB-nama"), "qwertyuiop"): Text 'qwertyuiop' is set on object 'Object Repository/KeatMun/Form 7_default/OTC_Submit Form 7_Section F-G-H/Page_PERKESO/G2. Hubungan dengan OB-nama'

2019-02-21 18:11:51 - [MESSAGE][PASSED] - Text 'qwertyuiop' is set on object 'Object Repository/KeatMun/Form 7_default/OTC_Submit Form 7_Section F-G-H/Page_PERKESO/G2. Hubungan dengan OB-nama'

2019-02-21 18:11:51 - [TEST_STEP][PASSED] - delay(2): Delayed 2 second(s)

2019-02-21 18:11:53 - [MESSAGE][PASSED] - Delayed 2 second(s)

2019-02-21 18:11:53 - [TEST_STEP][PASSED] - setText(findTestObject("KeatMun/Form 7_default/OTC_Submit Form 7_Section F-G-H/Page_PERKESO/G2. Hubungan dengan OB-ic.no"), "111111223333"): Text '111111223333' is set on object 'Object Repository/KeatMun/Form 7_default/OTC_Submit Form 7_Section F-G-H/Page_PERKESO/G2. Hubungan dengan OB-ic.no'

2019-02-21 18:11:54 - [MESSAGE][PASSED] - Text '111111223333' is set on object 'Object Repository/KeatMun/Form 7_default/OTC_Submit Form 7_Section F-G-H/Page_PERKESO/G2. Hubungan dengan OB-ic.no'

2019-02-21 18:11:54 - [TEST_STEP][PASSED] - delay(2): Delayed 2 second(s)

2019-02-21 18:11:56 - [MESSAGE][PASSED] - Delayed 2 second(s)

2019-02-21 18:11:56 - [TEST_STEP][PASSED] - setText(findTestObject("KeatMun/Form 7_default/OTC_Submit Form 7_Section F-G-H/Page_PERKESO/G2. Hubungan dengan OB-DOB"), "10/01/2019"): Text '10/01/2019' is set on object 'Object Repository/KeatMun/Form 7_default/OTC_Submit Form 7_Section F-G-H/Page_PERKESO/G2. Hubungan dengan OB-DOB'

2019-02-21 18:11:56 - [MESSAGE][PASSED] - Text '10/01/2019' is set on object 'Object Repository/KeatMun/Form 7_default/OTC_Submit Form 7_Section F-G-H/Page_PERKESO/G2. Hubungan dengan OB-DOB'

2019-02-21 18:11:56 - [TEST_STEP][PASSED] - delay(3): Delayed 3 second(s)

2019-02-21 18:11:59 - [MESSAGE][PASSED] - Delayed 3 second(s)

2019-02-21 18:11:59 - [TEST_STEP][PASSED] - click(findTestObject("KeatMun/Form 7_default/OTC_Submit Form 7_Section F-G-H/Page_PERKESO/G2. Span_Bapa")): Object: 'Object Repository/KeatMun/Form 7_default/OTC_Submit Form 7_Section F-G-H/Page_PERKESO/G2. Span_Bapa' is clicked on

2019-02-21 18:11:59 - [MESSAGE][PASSED] - Object: 'Object Repository/KeatMun/Form 7_default/OTC_Submit Form 7_Section F-G-H/Page_PERKESO/G2. Span_Bapa' is clicked on

2019-02-21 18:11:59 - [TEST_STEP][PASSED] - delay(3): Delayed 3 second(s)

2019-02-21 18:12:02 - [MESSAGE][PASSED] - Delayed 3 second(s)

2019-02-21 18:12:02 - [TEST_STEP][PASSED] - click(findTestObject("KeatMun/Form 7_default/OTC_Submit Form 7_Section F-G-H/Page_PERKESO/G2. Choose_Isteri")): Object: 'Object Repository/KeatMun/Form 7_default/OTC_Submit Form 7_Section F-G-H/Page_PERKESO/G2. Choose_Isteri' is clicked on

2019-02-21 18:12:02 - [MESSAGE][PASSED] - Object: 'Object Repository/KeatMun/Form 7_default/OTC_Submit Form 7_Section F-G-H/Page_PERKESO/G2. Choose_Isteri' is clicked on

2019-02-21 18:12:02 - [TEST_STEP][PASSED] - delay(3): Delayed 3 second(s)

2019-02-21 18:12:05 - [MESSAGE][PASSED] - Delayed 3 second(s)

2019-02-21 18:12:05 - [TEST_STEP][PASSED] - click(findTestObject("KeatMun/Form 7_default/OTC_Submit Form 7_Section F-G-H/Page_PERKESO/G3. Halaman Seterusnya")): Object: 'Object Repository/KeatMun/Form 7_default/OTC_Submit Form 7_Section F-G-H/Page_PERKESO/G3. Halaman Seterusnya' is clicked on

2019-02-21 18:12:05 - [MESSAGE][PASSED] - Object: 'Object Repository/KeatMun/Form 7_default/OTC_Submit Form 7_Section F-G-H/Page_PERKESO/G3. Halaman Seterusnya' is clicked on

2019-02-21 18:12:05 - [TEST_STEP][PASSED] - delay(5): Delayed 5 second(s)

2019-02-21 18:12:10 - [MESSAGE][PASSED] - Delayed 5 second(s)

2019-02-21 18:12:10 - [TEST_STEP][PASSED] - click(findTestObject("KeatMun/Form 7_default/OTC_Submit Form 7_Section F-G-H/Page_PERKESO/H1. declAckInfoInd")): Object: 'Object Repository/KeatMun/Form 7_default/OTC_Submit Form 7_Section F-G-H/Page_PERKESO/H1. declAckInfoInd' is clicked on

2019-02-21 18:12:11 - [MESSAGE][PASSED] - Object: 'Object Repository/KeatMun/Form 7_default/OTC_Submit Form 7_Section F-G-H/Page_PERKESO/H1. declAckInfoInd' is clicked on

2019-02-21 18:12:11 - [TEST_STEP][PASSED] - delay(2): Delayed 2 second(s)

2019-02-21 18:12:13 - [MESSAGE][PASSED] - Delayed 2 second(s)

2019-02-21 18:12:13 - [TEST_STEP][PASSED] - click(findTestObject("KeatMun/Form 7_default/OTC_Submit Form 7_Section F-G-H/Page_PERKESO/H2. declAckRepayInd")): Object: 'Object Repository/KeatMun/Form 7_default/OTC_Submit Form 7_Section F-G-H/Page_PERKESO/H2. declAckRepayInd' is clicked on

2019-02-21 18:12:13 - [MESSAGE][PASSED] - Object: 'Object Repository/KeatMun/Form 7_default/OTC_Submit Form 7_Section F-G-H/Page_PERKESO/H2. declAckRepayInd' is clicked on

2019-02-21 18:12:13 - [TEST_STEP][PASSED] - delay(2): Delayed 2 second(s)

2019-02-21 18:12:15 - [MESSAGE][PASSED] - Delayed 2 second(s)

2019-02-21 18:12:15 - [TEST_STEP][PASSED] - click(findTestObject("KeatMun/Form 7_default/OTC_Submit Form 7_Section F-G-H/Page_PERKESO/H3. declAckLegalInd")): Object: 'Object Repository/KeatMun/Form 7_default/OTC_Submit Form 7_Section F-G-H/Page_PERKESO/H3. declAckLegalInd' is clicked on

2019-02-21 18:12:15 - [MESSAGE][PASSED] - Object: 'Object Repository/KeatMun/Form 7_default/OTC_Submit Form 7_Section F-G-H/Page_PERKESO/H3. declAckLegalInd' is clicked on

2019-02-21 18:12:15 - [TEST_STEP][PASSED] - delay(2): Delayed 2 second(s)

2019-02-21 18:12:17 - [MESSAGE][PASSED] - Delayed 2 second(s)

2019-02-21 18:12:17 - [TEST_STEP][PASSED] - click(findTestObject("KeatMun/Form 7_default/OTC_Submit Form 7_Section F-G-H/Page_PERKESO/i1. mandatory_document1")): Object: 'Object Repository/KeatMun/Form 7_default/OTC_Submit Form 7_Section F-G-H/Page_PERKESO/i1. mandatory_document1' is clicked on

2019-02-21 18:12:17 - [MESSAGE][PASSED] - Object: 'Object Repository/KeatMun/Form 7_default/OTC_Submit Form 7_Section F-G-H/Page_PERKESO/i1. mandatory_document1' is clicked on

2019-02-21 18:12:17 - [TEST_STEP][PASSED] - delay(3): Delayed 3 second(s)

2019-02-21 18:12:20 - [MESSAGE][PASSED] - Delayed 3 second(s)

2019-02-21 18:12:20 - [TEST_STEP][PASSED] - sendKeys(findTestObject("KeatMun/Form 7_default/OTC_Submit Form 7_Section F-G-H/Page_PERKESO/i1.--Sila Pilih--_singleFil"), TextFilePathCommon + "\UploadDoc.txt"): Keys 'C:\Users\Admin\Documents\GitHub\PKSKatalon\PKS-EI-ES\Common Zone\UploadDoc.txt' sent to object: 'Object Repository/KeatMun/Form 7_default/OTC_Submit Form 7_Section F-G-H/Page_PERKESO/i1.--Sila Pilih--_singleFil'

2019-02-21 18:12:20 - [MESSAGE][PASSED] - Keys 'C:\Users\Admin\Documents\GitHub\PKSKatalon\PKS-EI-ES\Common Zone\UploadDoc.txt' sent to object: 'Object Repository/KeatMun/Form 7_default/OTC_Submit Form 7_Section F-G-H/Page_PERKESO/i1.--Sila Pilih--_singleFil'

2019-02-21 18:12:20 - [TEST_STEP][PASSED] - delay(3): Delayed 3 second(s)

2019-02-21 18:12:23 - [MESSAGE][PASSED] - Delayed 3 second(s)

2019-02-21 18:12:23 - [TEST_STEP][PASSED] - click(findTestObject("KeatMun/Form 7_default/OTC_Submit Form 7_Section F-G-H/Page_PERKESO/i1.Add - Tambah Dokumen (1)")): Object: 'Object Repository/KeatMun/Form 7_default/OTC_Submit Form 7_Section F-G-H/Page_PERKESO/i1.Add - Tambah Dokumen (1)' is clicked on

2019-02-21 18:12:23 - [MESSAGE][PASSED] - Object: 'Object Repository/KeatMun/Form 7_default/OTC_Submit Form 7_Section F-G-H/Page_PERKESO/i1.Add - Tambah Dokumen (1)' is clicked on

2019-02-21 18:12:23 - [TEST_STEP][PASSED] - delay(3): Delayed 3 second(s)

2019-02-21 18:12:26 - [MESSAGE][PASSED] - Delayed 3 second(s)

2019-02-21 18:12:26 - [TEST_STEP][PASSED] - acceptAlert(): Alert accepted

2019-02-21 18:12:26 - [MESSAGE][PASSED] - Alert accepted

2019-02-21 18:12:26 - [TEST_STEP][PASSED] - delay(3): Delayed 3 second(s)

2019-02-21 18:12:29 - [MESSAGE][PASSED] - Delayed 3 second(s)

2019-02-21 18:12:29 - [TEST_STEP][PASSED] - click(findTestObject("KeatMun/Form 7_default/OTC_Submit Form 7_Section F-G-H/Page_PERKESO/i2. mandatory_document2")): Object: 'Object Repository/KeatMun/Form 7_default/OTC_Submit Form 7_Section F-G-H/Page_PERKESO/i2. mandatory_document2' is clicked on

2019-02-21 18:12:30 - [MESSAGE][PASSED] - Object: 'Object Repository/KeatMun/Form 7_default/OTC_Submit Form 7_Section F-G-H/Page_PERKESO/i2. mandatory_document2' is clicked on

2019-02-21 18:12:30 - [TEST_STEP][PASSED] - delay(3): Delayed 3 second(s)

2019-02-21 18:12:33 - [MESSAGE][PASSED] - Delayed 3 second(s)

2019-02-21 18:12:33 - [TEST_STEP][PASSED] - click(findTestObject("KeatMun/Form 7_default/OTC_Submit Form 7_Section F-G-H/Page_PERKESO/i2. input_Ya_optradio")): Object: 'Object Repository/KeatMun/Form 7_default/OTC_Submit Form 7_Section F-G-H/Page_PERKESO/i2. input_Ya_optradio' is clicked on

2019-02-21 18:12:33 - [MESSAGE][PASSED] - Object: 'Object Repository/KeatMun/Form 7_default/OTC_Submit Form 7_Section F-G-H/Page_PERKESO/i2. input_Ya_optradio' is clicked on

2019-02-21 18:12:33 - [TEST_STEP][PASSED] - delay(3): Delayed 3 second(s)

2019-02-21 18:12:36 - [MESSAGE][PASSED] - Delayed 3 second(s)

2019-02-21 18:12:36 - [TEST_STEP][PASSED] - sendKeys(findTestObject("KeatMun/Form 7_default/OTC_Submit Form 7_Section F-G-H/Page_PERKESO/i1.--Sila Pilih--_singleFil"), TextFilePathCommon + "\UploadDoc.txt"): Keys 'C:\Users\Admin\Documents\GitHub\PKSKatalon\PKS-EI-ES\Common Zone\UploadDoc.txt' sent to object: 'Object Repository/KeatMun/Form 7_default/OTC_Submit Form 7_Section F-G-H/Page_PERKESO/i1.--Sila Pilih--_singleFil'

2019-02-21 18:12:36 - [MESSAGE][PASSED] - Keys 'C:\Users\Admin\Documents\GitHub\PKSKatalon\PKS-EI-ES\Common Zone\UploadDoc.txt' sent to object: 'Object Repository/KeatMun/Form 7_default/OTC_Submit Form 7_Section F-G-H/Page_PERKESO/i1.--Sila Pilih--_singleFil'

2019-02-21 18:12:36 - [TEST_STEP][PASSED] - delay(3): Delayed 3 second(s)

2019-02-21 18:12:39 - [MESSAGE][PASSED] - Delayed 3 second(s)

2019-02-21 18:12:39 - [TEST_STEP][PASSED] - click(findTestObject("KeatMun/Form 7_default/OTC_Submit Form 7_Section F-G-H/Page_PERKESO/i2. button_Tambah Dokumen")): Object: 'Object Repository/KeatMun/Form 7_default/OTC_Submit Form 7_Section F-G-H/Page_PERKESO/i2. button_Tambah Dokumen' is clicked on

2019-02-21 18:12:39 - [MESSAGE][PASSED] - Object: 'Object Repository/KeatMun/Form 7_default/OTC_Submit Form 7_Section F-G-H/Page_PERKESO/i2. button_Tambah Dokumen' is clicked on

2019-02-21 18:12:39 - [TEST_STEP][PASSED] - delay(3): Delayed 3 second(s)

2019-02-21 18:12:42 - [MESSAGE][PASSED] - Delayed 3 second(s)

2019-02-21 18:12:42 - [TEST_STEP][PASSED] - acceptAlert(): Alert accepted

2019-02-21 18:12:42 - [MESSAGE][PASSED] - Alert accepted

2019-02-21 18:12:42 - [TEST_STEP][PASSED] - delay(3): Delayed 3 second(s)

2019-02-21 18:12:45 - [MESSAGE][PASSED] - Delayed 3 second(s)

2019-02-21 18:12:45 - [TEST_STEP][PASSED] - click(findTestObject("KeatMun/Form 7_default/OTC_Submit Form 7_Section F-G-H/Page_PERKESO/i3. mandatory_document3")): Object: 'Object Repository/KeatMun/Form 7_default/OTC_Submit Form 7_Section F-G-H/Page_PERKESO/i3. mandatory_document3' is clicked on

2019-02-21 18:12:45 - [MESSAGE][PASSED] - Object: 'Object Repository/KeatMun/Form 7_default/OTC_Submit Form 7_Section F-G-H/Page_PERKESO/i3. mandatory_document3' is clicked on

2019-02-21 18:12:45 - [TEST_STEP][PASSED] - delay(3): Delayed 3 second(s)

2019-02-21 18:12:48 - [MESSAGE][PASSED] - Delayed 3 second(s)

2019-02-21 18:12:48 - [TEST_STEP][PASSED] - click(findTestObject("KeatMun/Form 7_default/OTC_Submit Form 7_Section F-G-H/Page_PERKESO/i2. input_Ya_optradio")): Object: 'Object Repository/KeatMun/Form 7_default/OTC_Submit Form 7_Section F-G-H/Page_PERKESO/i2. input_Ya_optradio' is clicked on

2019-02-21 18:12:48 - [MESSAGE][PASSED] - Object: 'Object Repository/KeatMun/Form 7_default/OTC_Submit Form 7_Section F-G-H/Page_PERKESO/i2. input_Ya_optradio' is clicked on

2019-02-21 18:12:48 - [TEST_STEP][PASSED] - delay(3): Delayed 3 second(s)

2019-02-21 18:12:51 - [MESSAGE][PASSED] - Delayed 3 second(s)

2019-02-21 18:12:51 - [TEST_STEP][PASSED] - sendKeys(findTestObject("KeatMun/Form 7_default/OTC_Submit Form 7_Section F-G-H/Page_PERKESO/i1.--Sila Pilih--_singleFil"), TextFilePathCommon + "\UploadDoc.txt"): Keys 'C:\Users\Admin\Documents\GitHub\PKSKatalon\PKS-EI-ES\Common Zone\UploadDoc.txt' sent to object: 'Object Repository/KeatMun/Form 7_default/OTC_Submit Form 7_Section F-G-H/Page_PERKESO/i1.--Sila Pilih--_singleFil'

2019-02-21 18:12:51 - [MESSAGE][PASSED] - Keys 'C:\Users\Admin\Documents\GitHub\PKSKatalon\PKS-EI-ES\Common Zone\UploadDoc.txt' sent to object: 'Object Repository/KeatMun/Form 7_default/OTC_Submit Form 7_Section F-G-H/Page_PERKESO/i1.--Sila Pilih--_singleFil'

2019-02-21 18:12:51 - [TEST_STEP][PASSED] - delay(3): Delayed 3 second(s)

2019-02-21 18:12:54 - [MESSAGE][PASSED] - Delayed 3 second(s)

2019-02-21 18:12:54 - [TEST_STEP][PASSED] - click(findTestObject("KeatMun/Form 7_default/OTC_Submit Form 7_Section F-G-H/Page_PERKESO/i2. button_Tambah Dokumen")): Object: 'Object Repository/KeatMun/Form 7_default/OTC_Submit Form 7_Section F-G-H/Page_PERKESO/i2. button_Tambah Dokumen' is clicked on

2019-02-21 18:12:55 - [MESSAGE][PASSED] - Object: 'Object Repository/KeatMun/Form 7_default/OTC_Submit Form 7_Section F-G-H/Page_PERKESO/i2. button_Tambah Dokumen' is clicked on

2019-02-21 18:12:55 - [TEST_STEP][PASSED] - delay(3): Delayed 3 second(s)

2019-02-21 18:12:58 - [MESSAGE][PASSED] - Delayed 3 second(s)

2019-02-21 18:12:58 - [TEST_STEP][PASSED] - acceptAlert(): Alert accepted

2019-02-21 18:12:58 - [MESSAGE][PASSED] - Alert accepted

2019-02-21 18:12:58 - [TEST_STEP][PASSED] - delay(3): Delayed 3 second(s)

2019-02-21 18:13:01 - [MESSAGE][PASSED] - Delayed 3 second(s)

2019-02-21 18:13:01 - [TEST_STEP][PASSED] - click(findTestObject("KeatMun/Form 7_default/OTC_Submit Form 7_Section F-G-H/Page_PERKESO/i4. mandatory_document4")): Object: 'Object Repository/KeatMun/Form 7_default/OTC_Submit Form 7_Section F-G-H/Page_PERKESO/i4. mandatory_document4' is clicked on

2019-02-21 18:13:01 - [MESSAGE][PASSED] - Object: 'Object Repository/KeatMun/Form 7_default/OTC_Submit Form 7_Section F-G-H/Page_PERKESO/i4. mandatory_document4' is clicked on

2019-02-21 18:13:01 - [TEST_STEP][PASSED] - delay(3): Delayed 3 second(s)

2019-02-21 18:13:04 - [MESSAGE][PASSED] - Delayed 3 second(s)

2019-02-21 18:13:04 - [TEST_STEP][PASSED] - click(findTestObject("KeatMun/Form 7_default/OTC_Submit Form 7_Section F-G-H/Page_PERKESO/i4. _Ya_optradio")): Object: 'Object Repository/KeatMun/Form 7_default/OTC_Submit Form 7_Section F-G-H/Page_PERKESO/i4. _Ya_optradio' is clicked on

2019-02-21 18:13:04 - [MESSAGE][PASSED] - Object: 'Object Repository/KeatMun/Form 7_default/OTC_Submit Form 7_Section F-G-H/Page_PERKESO/i4. _Ya_optradio' is clicked on

2019-02-21 18:13:04 - [TEST_STEP][PASSED] - delay(3): Delayed 3 second(s)

2019-02-21 18:13:07 - [MESSAGE][PASSED] - Delayed 3 second(s)

2019-02-21 18:13:07 - [TEST_STEP][PASSED] - sendKeys(findTestObject("KeatMun/Form 7_default/OTC_Submit Form 7_Section F-G-H/Page_PERKESO/i1.--Sila Pilih--_singleFil"), TextFilePathCommon + "\UploadDoc.txt"): Keys 'C:\Users\Admin\Documents\GitHub\PKSKatalon\PKS-EI-ES\Common Zone\UploadDoc.txt' sent to object: 'Object Repository/KeatMun/Form 7_default/OTC_Submit Form 7_Section F-G-H/Page_PERKESO/i1.--Sila Pilih--_singleFil'

2019-02-21 18:13:07 - [MESSAGE][PASSED] - Keys 'C:\Users\Admin\Documents\GitHub\PKSKatalon\PKS-EI-ES\Common Zone\UploadDoc.txt' sent to object: 'Object Repository/KeatMun/Form 7_default/OTC_Submit Form 7_Section F-G-H/Page_PERKESO/i1.--Sila Pilih--_singleFil'

2019-02-21 18:13:07 - [TEST_STEP][PASSED] - delay(3): Delayed 3 second(s)

2019-02-21 18:13:10 - [MESSAGE][PASSED] - Delayed 3 second(s)

2019-02-21 18:13:10 - [TEST_STEP][PASSED] - click(findTestObject("KeatMun/Form 7_default/OTC_Submit Form 7_Section F-G-H/Page_PERKESO/i2. button_Tambah Dokumen")): Object: 'Object Repository/KeatMun/Form 7_default/OTC_Submit Form 7_Section F-G-H/Page_PERKESO/i2. button_Tambah Dokumen' is clicked on

2019-02-21 18:13:10 - [MESSAGE][PASSED] - Object: 'Object Repository/KeatMun/Form 7_default/OTC_Submit Form 7_Section F-G-H/Page_PERKESO/i2. button_Tambah Dokumen' is clicked on

2019-02-21 18:13:10 - [TEST_STEP][PASSED] - delay(3): Delayed 3 second(s)

2019-02-21 18:13:13 - [MESSAGE][PASSED] - Delayed 3 second(s)

2019-02-21 18:13:13 - [TEST_STEP][PASSED] - acceptAlert(): Alert accepted

2019-02-21 18:13:13 - [MESSAGE][PASSED] - Alert accepted

2019-02-21 18:13:13 - [TEST_STEP][PASSED] - delay(3): Delayed 3 second(s)

2019-02-21 18:13:16 - [MESSAGE][PASSED] - Delayed 3 second(s)

2019-02-21 18:13:16 - [TEST_STEP][PASSED] - click(findTestObject("KeatMun/Form 7_default/OTC_Submit Form 7_Section F-G-H/Page_PERKESO/button_Hantar")): Object: 'Object Repository/KeatMun/Form 7_default/OTC_Submit Form 7_Section F-G-H/Page_PERKESO/button_Hantar' is clicked on

2019-02-21 18:13:16 - [MESSAGE][PASSED] - Object: 'Object Repository/KeatMun/Form 7_default/OTC_Submit Form 7_Section F-G-H/Page_PERKESO/button_Hantar' is clicked on

2019-02-21 18:13:16 - [TEST_STEP][PASSED] - delay(3): Delayed 3 second(s)

2019-02-21 18:13:19 - [MESSAGE][PASSED] - Delayed 3 second(s)

2019-02-21 18:13:19 - [TEST_STEP][PASSED] - UserName = getText(findTestObject("KeatMun/Form 7_default/OTC_Submit Form 7_Section F-G-H/Page_PERKESO/strong_FAST2")): Text of object 'Object Repository/KeatMun/Form 7_default/OTC_Submit Form 7_Section F-G-H/Page_PERKESO/strong_FAST2' is: 'AAISHAH BINTI NIK MAZIAN'

2019-02-21 18:13:19 - [MESSAGE][PASSED] - Text of object 'Object Repository/KeatMun/Form 7_default/OTC_Submit Form 7_Section F-G-H/Page_PERKESO/strong_FAST2' is: 'AAISHAH BINTI NIK MAZIAN'

2019-02-21 18:13:19 - [TEST_STEP][PASSED] - callTestCase(findTestCase("All TC/Arranged/1. Common/1.2 Setter/Setter UserName"), [:], STOP_ON_FAILURE): Call Test Case 'Test Cases/All TC/Arranged/1. Common/1.2 Setter/Setter UserName' successfully

2019-02-21 18:13:19 - [TEST_CASE][PASSED] - Test Cases/All TC/Arranged/1. Common/1.2 Setter/Setter UserName: Test Cases/All TC/Arranged/1. Common/1.2 Setter/Setter UserName

2019-02-21 18:13:19 - [TEST_STEP][PASSED] - RefNoOldFile = new java.io.File((internal.GlobalVariable.TextFilePathCommon + \getUser.txt)): null

2019-02-21 18:13:19 - [TEST_STEP][PASSED] - RefNoOldFile.delete(): null

2019-02-21 18:13:19 - [TEST_STEP][PASSED] - delay(5): Delayed 5 second(s)

2019-02-21 18:13:24 - [MESSAGE][PASSED] - Delayed 5 second(s)

2019-02-21 18:13:24 - [TEST_STEP][PASSED] - RefNo = new java.io.File((internal.GlobalVariable.TextFilePathCommon + \getUser.txt)): null

2019-02-21 18:13:24 - [TEST_STEP][PASSED] - f2 = new java.io.FileWriter(RefNo, false): null

2019-02-21 18:13:24 - [TEST_STEP][PASSED] - f2.write(UserName): null

2019-02-21 18:13:24 - [TEST_STEP][PASSED] - f2.close(): null

2019-02-21 18:13:24 - [TEST_STEP][PASSED] - out.println("


" + UserName + "


"): null

2019-02-21 18:13:24 - [MESSAGE][PASSED] - Call Test Case 'Test Cases/All TC/Arranged/1. Common/1.2 Setter/Setter UserName' successfully

2019-02-21 18:13:24 - [TEST_STEP][PASSED] - IC = getText(findTestObject("KeatMun/Form 7_default/OTC_Submit Form 7_Section F-G-H/Page_PERKESO/strong_950000140051")): Text of object 'Object Repository/KeatMun/Form 7_default/OTC_Submit Form 7_Section F-G-H/Page_PERKESO/strong_950000140051' is: '830522715058'

2019-02-21 18:13:25 - [MESSAGE][PASSED] - Text of object 'Object Repository/KeatMun/Form 7_default/OTC_Submit Form 7_Section F-G-H/Page_PERKESO/strong_950000140051' is: '830522715058'

2019-02-21 18:13:25 - [TEST_STEP][PASSED] - callTestCase(findTestCase("All TC/Arranged/1. Common/1.2 Setter/Setter IC"), [:], STOP_ON_FAILURE): Call Test Case 'Test Cases/All TC/Arranged/1. Common/1.2 Setter/Setter IC' successfully

2019-02-21 18:13:25 - [TEST_CASE][PASSED] - Test Cases/All TC/Arranged/1. Common/1.2 Setter/Setter IC: Test Cases/All TC/Arranged/1. Common/1.2 Setter/Setter IC

2019-02-21 18:13:25 - [TEST_STEP][PASSED] - RefNoOldFile = new java.io.File((internal.GlobalVariable.TextFilePathCommon + \getIC.txt)): null

2019-02-21 18:13:25 - [TEST_STEP][PASSED] - RefNoOldFile.delete(): null

2019-02-21 18:13:25 - [TEST_STEP][PASSED] - delay(5): Delayed 5 second(s)

2019-02-21 18:13:30 - [MESSAGE][PASSED] - Delayed 5 second(s)

2019-02-21 18:13:30 - [TEST_STEP][PASSED] - RefNo = new java.io.File((internal.GlobalVariable.TextFilePathCommon + \getIC.txt)): null

2019-02-21 18:13:30 - [TEST_STEP][PASSED] - f2 = new java.io.FileWriter(RefNo, false): null

2019-02-21 18:13:30 - [TEST_STEP][PASSED] - f2.write(IC): null

2019-02-21 18:13:30 - [TEST_STEP][PASSED] - f2.close(): null

2019-02-21 18:13:30 - [TEST_STEP][PASSED] - out.println("


" + IC + "


"): null

2019-02-21 18:13:30 - [MESSAGE][PASSED] - Call Test Case 'Test Cases/All TC/Arranged/1. Common/1.2 Setter/Setter IC' successfully

2019-02-21 18:13:30 - [TEST_STEP][PASSED] - CaseID = getText(findTestObject("KeatMun/Form 7_default/OTC_Submit Form 7_Section F-G-H/Page_PERKESO/strong_SIPE1119070000004")): Text of object 'Object Repository/KeatMun/Form 7_default/OTC_Submit Form 7_Section F-G-H/Page_PERKESO/strong_SIPE1119070000004' is: 'SIPE1119070000040'

2019-02-21 18:13:30 - [MESSAGE][PASSED] - Text of object 'Object Repository/KeatMun/Form 7_default/OTC_Submit Form 7_Section F-G-H/Page_PERKESO/strong_SIPE1119070000004' is: 'SIPE1119070000040'

2019-02-21 18:13:30 - [TEST_STEP][PASSED] - callTestCase(findTestCase("All TC/Arranged/1. Common/1.2 Setter/Setter Case ID"), [:], STOP_ON_FAILURE): Call Test Case 'Test Cases/All TC/Arranged/1. Common/1.2 Setter/Setter Case ID' successfully

2019-02-21 18:13:30 - [TEST_CASE][PASSED] - Test Cases/All TC/Arranged/1. Common/1.2 Setter/Setter Case ID: Test Cases/All TC/Arranged/1. Common/1.2 Setter/Setter Case ID

2019-02-21 18:13:30 - [TEST_STEP][PASSED] - RefNoOldFile = new java.io.File((internal.GlobalVariable.TextFilePathCommon + \getCaseID.txt)): null

2019-02-21 18:13:30 - [TEST_STEP][PASSED] - RefNoOldFile.delete(): null

2019-02-21 18:13:30 - [TEST_STEP][PASSED] - delay(5): Delayed 5 second(s)

2019-02-21 18:13:35 - [MESSAGE][PASSED] - Delayed 5 second(s)

2019-02-21 18:13:35 - [TEST_STEP][PASSED] - RefNo = new java.io.File((internal.GlobalVariable.TextFilePathCommon + \getCaseID.txt)): null

2019-02-21 18:13:35 - [TEST_STEP][PASSED] - f2 = new java.io.FileWriter(RefNo, false): null

2019-02-21 18:13:35 - [TEST_STEP][PASSED] - f2.write(CaseID): null

2019-02-21 18:13:35 - [TEST_STEP][PASSED] - f2.close(): null

2019-02-21 18:13:35 - [TEST_STEP][PASSED] - out.println("


" + CaseID + "


"): null

2019-02-21 18:13:35 - [MESSAGE][PASSED] - Call Test Case 'Test Cases/All TC/Arranged/1. Common/1.2 Setter/Setter Case ID' successfully

2019-02-21 18:13:35 - [TEST_STEP][PASSED] - Password = getText(findTestObject("KeatMun/Form 7_default/OTC_Submit Form 7_Section F-G-H/Page_PERKESO/strong_OOPQe0i4")): Text of object 'Object Repository/KeatMun/Form 7_default/OTC_Submit Form 7_Section F-G-H/Page_PERKESO/strong_OOPQe0i4' is: 'mESh9jm3'

2019-02-21 18:13:35 - [MESSAGE][PASSED] - Text of object 'Object Repository/KeatMun/Form 7_default/OTC_Submit Form 7_Section F-G-H/Page_PERKESO/strong_OOPQe0i4' is: 'mESh9jm3'

2019-02-21 18:13:35 - [TEST_STEP][PASSED] - callTestCase(findTestCase("All TC/Arranged/1. Common/1.2 Setter/Setter Password"), [:], STOP_ON_FAILURE): Call Test Case 'Test Cases/All TC/Arranged/1. Common/1.2 Setter/Setter Password' successfully

2019-02-21 18:13:35 - [TEST_CASE][PASSED] - Test Cases/All TC/Arranged/1. Common/1.2 Setter/Setter Password: Test Cases/All TC/Arranged/1. Common/1.2 Setter/Setter Password

2019-02-21 18:13:35 - [TEST_STEP][PASSED] - RefNoOldFile = new java.io.File((internal.GlobalVariable.TextFilePathCommon + \getPassword.txt)): null

2019-02-21 18:13:35 - [TEST_STEP][PASSED] - RefNoOldFile.delete(): null

2019-02-21 18:13:35 - [TEST_STEP][PASSED] - delay(5): Delayed 5 second(s)

2019-02-21 18:13:40 - [MESSAGE][PASSED] - Delayed 5 second(s)

2019-02-21 18:13:40 - [TEST_STEP][PASSED] - RefNo = new java.io.File((internal.GlobalVariable.TextFilePathCommon + \getPassword.txt)): null

2019-02-21 18:13:40 - [TEST_STEP][PASSED] - f2 = new java.io.FileWriter(RefNo, false): null

2019-02-21 18:13:40 - [TEST_STEP][PASSED] - f2.write(Password): null

2019-02-21 18:13:40 - [TEST_STEP][PASSED] - f2.close(): null

2019-02-21 18:13:40 - [TEST_STEP][PASSED] - out.println("


" + Password + "


"): null

2019-02-21 18:13:40 - [MESSAGE][PASSED] - Call Test Case 'Test Cases/All TC/Arranged/1. Common/1.2 Setter/Setter Password' successfully

2019-02-21 18:13:40 - [MESSAGE][PASSED] - Call Test Case 'Test Cases/All TC/Arranged/3. Unit/EI/Form 7_default/OTC_Submit Form 7_Section F-G-H - Cheque' successfully

2019-02-21 18:13:40 - [MESSAGE][PASSED] - Call Test Case 'Test Cases/All TC/Arranged/2. Segment/OTC_Submit Form 7_End to End - Cheque' successfully

2019-02-21 18:13:40 - [TEST_STEP][PASSED] - callTestCase(findTestCase("All TC/Arranged/2. Segment/2.2 Check Status/Check Status - Case ID"), [:], STOP_ON_FAILURE): Call Test Case 'Test Cases/All TC/Arranged/2. Segment/2.2 Check Status/Check Status - Case ID' successfully

2019-02-21 18:13:40 - [TEST_CASE][PASSED] - Test Cases/All TC/Arranged/2. Segment/2.2 Check Status/Check Status - Case ID: Test Cases/All TC/Arranged/2. Segment/2.2 Check Status/Check Status - Case ID

2019-02-21 18:13:40 - [TEST_STEP][PASSED] - openBrowser(""): Browser is opened with url: ''

2019-02-21 18:13:40 - [MESSAGE][WARNING] - A browser is already opened. Closing browser and opening a new one

2019-02-21 18:13:41 - [MESSAGE][INFO] - Starting 'Chrome' driver

2019-02-21 18:13:41 - [MESSAGE][INFO] - User set preference: ['args', '[--start-maximized]']

2019-02-21 18:13:43 - [MESSAGE][PASSED] - Browser is opened with url: ''

2019-02-21 18:13:43 - [TEST_STEP][PASSED] - navigateToUrl(Internal_Login): Navigate to 'http://10.20.24.188/eisportal/user/login' successfully

2019-02-21 18:13:44 - [MESSAGE][PASSED] - Navigate to 'http://10.20.24.188/eisportal/user/login' successfully

2019-02-21 18:13:44 - [TEST_STEP][PASSED] - setText(findTestObject("KinJun/2.0 Check Status/Check Status - Case ID/Page_PERKESO/Input Username"), "nadia.harun@perkeso.gov.my"): Text 'nadia.harun@perkeso.gov.my' is set on object 'Object Repository/KinJun/2.0 Check Status/Check Status - Case ID/Page_PERKESO/Input Username'

2019-02-21 18:13:44 - [MESSAGE][PASSED] - Text 'nadia.harun@perkeso.gov.my' is set on object 'Object Repository/KinJun/2.0 Check Status/Check Status - Case ID/Page_PERKESO/Input Username'

2019-02-21 18:13:44 - [TEST_STEP][PASSED] - setEncryptedText(findTestObject("KinJun/2.0 Check Status/Check Status - Case ID/Page_PERKESO/Input Password"), "CQqwFZlbeC8="): Text ****** has been set on object 'Object Repository/KinJun/2.0 Check Status/Check Status - Case ID/Page_PERKESO/Input Password'

2019-02-21 18:13:44 - [MESSAGE][PASSED] - Text ****** has been set on object 'Object Repository/KinJun/2.0 Check Status/Check Status - Case ID/Page_PERKESO/Input Password'

2019-02-21 18:13:44 - [TEST_STEP][PASSED] - click(findTestObject("KinJun/2.0 Check Status/Check Status - Case ID/Page_PERKESO/Btn Login")): Object: 'Object Repository/KinJun/2.0 Check Status/Check Status - Case ID/Page_PERKESO/Btn Login' is clicked on

2019-02-21 18:13:45 - [MESSAGE][PASSED] - Object: 'Object Repository/KinJun/2.0 Check Status/Check Status - Case ID/Page_PERKESO/Btn Login' is clicked on

2019-02-21 18:13:45 - [TEST_STEP][PASSED] - delay(3): Delayed 3 second(s)

2019-02-21 18:13:48 - [MESSAGE][PASSED] - Delayed 3 second(s)

2019-02-21 18:13:48 - [TEST_STEP][PASSED] - callTestCase(findTestCase("All TC/Arranged/1. Common/1.1 Getter/Getter IC"), [:], STOP_ON_FAILURE): Call Test Case 'Test Cases/All TC/Arranged/1. Common/1.1 Getter/Getter IC' successfully

2019-02-21 18:13:48 - [TEST_CASE][PASSED] - Test Cases/All TC/Arranged/1. Common/1.1 Getter/Getter IC: Test Cases/All TC/Arranged/1. Common/1.1 Getter/Getter IC

2019-02-21 18:13:48 - [TEST_STEP][PASSED] - try: null

2019-02-21 18:13:48 - [TEST_STEP][PASSED] - RefNo = new java.io.File((internal.GlobalVariable.TextFilePathCommon + \getIC.txt)): null

2019-02-21 18:13:48 - [TEST_STEP][PASSED] - bufferread = new java.io.BufferedReader(new java.io.FileReader(RefNo)): null

2019-02-21 18:13:48 - [TEST_STEP][PASSED] - readedVal = bufferread.readLine(): null

2019-02-21 18:13:48 - [TEST_STEP][PASSED] - out.println(IC): null

2019-02-21 18:13:48 - [TEST_STEP][PASSED] - out.println(readedVal): null

2019-02-21 18:13:48 - [TEST_STEP][PASSED] - IC = "": null

2019-02-21 18:13:48 - [TEST_STEP][PASSED] - IC = readedVal: null

2019-02-21 18:13:48 - [MESSAGE][PASSED] - Call Test Case 'Test Cases/All TC/Arranged/1. Common/1.1 Getter/Getter IC' successfully

2019-02-21 18:13:48 - [TEST_STEP][PASSED] - setText(findTestObject("KinJun/2.0 Check Status/Check Status - Case ID/Page_PERKESO/Input IC"), IC): Text '830522715058' is set on object 'Object Repository/KinJun/2.0 Check Status/Check Status - Case ID/Page_PERKESO/Input IC'

2019-02-21 18:13:49 - [MESSAGE][PASSED] - Text '830522715058' is set on object 'Object Repository/KinJun/2.0 Check Status/Check Status - Case ID/Page_PERKESO/Input IC'

2019-02-21 18:13:49 - [TEST_STEP][PASSED] - delay(3): Delayed 3 second(s)

2019-02-21 18:13:52 - [MESSAGE][PASSED] - Delayed 3 second(s)

2019-02-21 18:13:52 - [TEST_STEP][PASSED] - click(findTestObject("KinJun/2.0 Check Status/Check Status - Case ID/Page_PERKESO/Btn Check")): Object: 'Object Repository/KinJun/2.0 Check Status/Check Status - Case ID/Page_PERKESO/Btn Check' is clicked on

2019-02-21 18:13:52 - [MESSAGE][PASSED] - Object: 'Object Repository/KinJun/2.0 Check Status/Check Status - Case ID/Page_PERKESO/Btn Check' is clicked on

2019-02-21 18:13:52 - [TEST_STEP][PASSED] - UserName = getText(findTestObject("KinJun/2.0 Check Status/Check Status - Case ID/Page_PERKESO/TD Username")): Text of object 'Object Repository/KinJun/2.0 Check Status/Check Status - Case ID/Page_PERKESO/TD Username' is: 'JHEIO5'

2019-02-21 18:13:52 - [MESSAGE][PASSED] - Text of object 'Object Repository/KinJun/2.0 Check Status/Check Status - Case ID/Page_PERKESO/TD Username' is: 'JHEIO5'

2019-02-21 18:13:52 - [TEST_STEP][PASSED] - callTestCase(findTestCase("All TC/Arranged/1. Common/1.2 Setter/Setter UserName"), [:], STOP_ON_FAILURE): Call Test Case 'Test Cases/All TC/Arranged/1. Common/1.2 Setter/Setter UserName' successfully

2019-02-21 18:13:52 - [TEST_CASE][PASSED] - Test Cases/All TC/Arranged/1. Common/1.2 Setter/Setter UserName: Test Cases/All TC/Arranged/1. Common/1.2 Setter/Setter UserName

2019-02-21 18:13:52 - [TEST_STEP][PASSED] - RefNoOldFile = new java.io.File((internal.GlobalVariable.TextFilePathCommon + \getUser.txt)): null

2019-02-21 18:13:52 - [TEST_STEP][PASSED] - RefNoOldFile.delete(): null

2019-02-21 18:13:52 - [TEST_STEP][PASSED] - delay(5): Delayed 5 second(s)

2019-02-21 18:13:57 - [MESSAGE][PASSED] - Delayed 5 second(s)

2019-02-21 18:13:57 - [TEST_STEP][PASSED] - RefNo = new java.io.File((internal.GlobalVariable.TextFilePathCommon + \getUser.txt)): null

2019-02-21 18:13:57 - [TEST_STEP][PASSED] - f2 = new java.io.FileWriter(RefNo, false): null

2019-02-21 18:13:57 - [TEST_STEP][PASSED] - f2.write(UserName): null

2019-02-21 18:13:57 - [TEST_STEP][PASSED] - f2.close(): null

2019-02-21 18:13:57 - [TEST_STEP][PASSED] - out.println("


" + UserName + "


"): null

2019-02-21 18:13:57 - [MESSAGE][PASSED] - Call Test Case 'Test Cases/All TC/Arranged/1. Common/1.2 Setter/Setter UserName' successfully

2019-02-21 18:13:57 - [TEST_STEP][PASSED] - click(findTestObject("KinJun/2.0 Check Status/Check Status - Case ID/Page_PERKESO/Click Username")): Object: 'Object Repository/KinJun/2.0 Check Status/Check Status - Case ID/Page_PERKESO/Click Username' is clicked on

2019-02-21 18:13:57 - [MESSAGE][PASSED] - Object: 'Object Repository/KinJun/2.0 Check Status/Check Status - Case ID/Page_PERKESO/Click Username' is clicked on

2019-02-21 18:13:57 - [TEST_STEP][PASSED] - delay(3): Delayed 3 second(s)

2019-02-21 18:14:00 - [MESSAGE][PASSED] - Delayed 3 second(s)

2019-02-21 18:14:00 - [TEST_STEP][PASSED] - click(findTestObject("KinJun/2.0 Check Status/Check Status - Case ID/Page_PERKESO/Log Out")): Object: 'Object Repository/KinJun/2.0 Check Status/Check Status - Case ID/Page_PERKESO/Log Out' is clicked on

2019-02-21 18:14:01 - [MESSAGE][PASSED] - Object: 'Object Repository/KinJun/2.0 Check Status/Check Status - Case ID/Page_PERKESO/Log Out' is clicked on

2019-02-21 18:14:01 - [MESSAGE][PASSED] - Call Test Case 'Test Cases/All TC/Arranged/2. Segment/2.2 Check Status/Check Status - Case ID' successfully

2019-02-21 18:14:01 - [TEST_STEP][PASSED] - callTestCase(findTestCase("All TC/Arranged/1. Common/IC List Remover"), [:], STOP_ON_FAILURE): Call Test Case 'Test Cases/All TC/Arranged/1. Common/IC List Remover' successfully

2019-02-21 18:14:01 - [TEST_CASE][PASSED] - Test Cases/All TC/Arranged/1. Common/IC List Remover: Test Cases/All TC/Arranged/1. Common/IC List Remover

2019-02-21 18:14:01 - [TEST_STEP][PASSED] - counter = 0: null

2019-02-21 18:14:01 - [TEST_STEP][PASSED] - fis = new java.io.FileInputStream((internal.GlobalVariable.TextFilePathCommon + /IC.xlsx)): null

2019-02-21 18:14:01 - [TEST_STEP][PASSED] - workbook = new org.apache.poi.xssf.usermodel.XSSFWorkbook(fis): null

2019-02-21 18:14:02 - [TEST_STEP][PASSED] - sheet = workbook.getSheet("Sheet1"): null

2019-02-21 18:14:02 - [TEST_STEP][PASSED] - totalRow = sheet.getLastRowNum(): null

2019-02-21 18:14:02 - [TEST_STEP][PASSED] - out.println(totalRow): null

2019-02-21 18:14:02 - [TEST_STEP][PASSED] - row = sheet.getRow(counter): null

2019-02-21 18:14:02 - [TEST_STEP][PASSED] - cell = row.getCell(counter): null

2019-02-21 18:14:02 - [TEST_STEP][PASSED] - out.println("removing this value : " + cell.getStringCellValue()): null

2019-02-21 18:14:02 - [TEST_STEP][PASSED] - sheet.removeRow(sheet.getRow(counter)): null

2019-02-21 18:14:02 - [TEST_STEP][PASSED] - sheet.shiftRows(counter + 1, totalRow, -1): null

2019-02-21 18:14:02 - [TEST_STEP][PASSED] - fos = new java.io.FileOutputStream((internal.GlobalVariable.TextFilePathCommon + /IC.xlsx)): null

2019-02-21 18:14:02 - [TEST_STEP][PASSED] - workbook.write(fos): null

2019-02-21 18:14:02 - [TEST_STEP][PASSED] - fos.close(): null

2019-02-21 18:14:02 - [MESSAGE][PASSED] - Call Test Case 'Test Cases/All TC/Arranged/1. Common/IC List Remover' successfully

2019-02-21 18:14:02 - [TEST_STEP][FAILED] - callTestCase(findTestCase("All TC/Arranged/2. Segment/2.5 Query/6.4 Cross Branch - EIO"), [:], STOP_ON_FAILURE): callTestCase(findTestCase("All TC/Arranged/2. Segment/2.5 Query/6.4 Cross Branch - EIO"), [:], STOP_ON_FAILURE) FAILED.
Reason:
com.kms.katalon.core.exception.StepFailedException: Unable to click on object 'Object Repository/KinJun/6.0 Query/6.4 Cross branch - EIO/Page_PERKESO/Click username' (Root cause: com.kms.katalon.core.webui.exception.WebElementNotFoundException: Web element with id: 'Object Repository/KinJun/6.0 Query/6.4 Cross branch - EIO/Page_PERKESO/Click username' located by 'By.xpath: id("bg2")/header[1]/div[@class="container-fluid"]/div[@class="row"]/div[@class="col-md-2"]/ul[@class="nav navbar-nav navbar-right"]/li[@class="dropdown"]/a[@class="dropdown-toggle"][count(. | //a[@href = '#']) = count(//a[@href = '#'])]' not found)
	at com.kms.katalon.core.keyword.internal.KeywordMain.stepFailed(KeywordMain.groovy:36)
	at com.kms.katalon.core.webui.keyword.internal.WebUIKeywordMain.stepFailed(WebUIKeywordMain.groovy:65)
	at com.kms.katalon.core.webui.keyword.internal.WebUIKeywordMain.runKeyword(WebUIKeywordMain.groovy:27)
	at com.kms.katalon.core.webui.keyword.builtin.ClickKeyword.click(ClickKeyword.groovy:86)
	at com.kms.katalon.core.webui.keyword.builtin.ClickKeyword.execute(ClickKeyword.groovy:67)
	at com.kms.katalon.core.keyword.internal.KeywordExecutor.executeKeywordForPlatform(KeywordExecutor.groovy:53)
	at com.kms.katalon.core.webui.keyword.WebUiBuiltInKeywords.click(WebUiBuiltInKeywords.groovy:616)
	at com.kms.katalon.core.webui.keyword.WebUiBuiltInKeywords$click$3.call(Unknown Source)
	at 6.4 Cross Branch - EIO.run(6.4 Cross Branch - EIO:83)
	at com.kms.katalon.core.main.ScriptEngine.run(ScriptEngine.java:194)
	at com.kms.katalon.core.main.ScriptEngine.runScriptAsRawText(ScriptEngine.java:119)
	at com.kms.katalon.core.main.TestCaseExecutor.runScript(TestCaseExecutor.java:328)
	at com.kms.katalon.core.main.TestCaseExecutor.doExecute(TestCaseExecutor.java:319)
	at com.kms.katalon.core.main.TestCaseExecutor.processExecutionPhase(TestCaseExecutor.java:298)
	at com.kms.katalon.core.main.TestCaseExecutor.accessMainPhase(TestCaseExecutor.java:290)
	at com.kms.katalon.core.main.TestCaseExecutor.execute(TestCaseExecutor.java:224)
	at com.kms.katalon.core.main.TestCaseMain.runTestCase(TestCaseMain.java:106)
	at com.kms.katalon.core.keyword.builtin.CallTestCaseKeyword$_callTestCase_closure1.doCall(CallTestCaseKeyword.groovy:59)
	at com.kms.katalon.core.keyword.builtin.CallTestCaseKeyword$_callTestCase_closure1.call(CallTestCaseKeyword.groovy)
	at com.kms.katalon.core.keyword.internal.KeywordMain.runKeyword(KeywordMain.groovy:54)
	at com.kms.katalon.core.keyword.builtin.CallTestCaseKeyword.callTestCase(CallTestCaseKeyword.groovy:80)
	at com.kms.katalon.core.keyword.builtin.CallTestCaseKeyword.execute(CallTestCaseKeyword.groovy:44)
	at com.kms.katalon.core.keyword.internal.KeywordExecutor.executeKeywordForPlatform(KeywordExecutor.groovy:53)
	at com.kms.katalon.core.keyword.BuiltinKeywords.callTestCase(BuiltinKeywords.groovy:334)
	at Cross branch - EIO.run(Cross branch - EIO:22)
	at com.kms.katalon.core.main.ScriptEngine.run(ScriptEngine.java:194)
	at com.kms.katalon.core.main.ScriptEngine.runScriptAsRawText(ScriptEngine.java:119)
	at com.kms.katalon.core.main.TestCaseExecutor.runScript(TestCaseExecutor.java:328)
	at com.kms.katalon.core.main.TestCaseExecutor.doExecute(TestCaseExecutor.java:319)
	at com.kms.katalon.core.main.TestCaseExecutor.processExecutionPhase(TestCaseExecutor.java:298)
	at com.kms.katalon.core.main.TestCaseExecutor.accessMainPhase(TestCaseExecutor.java:290)
	at com.kms.katalon.core.main.TestCaseExecutor.execute(TestCaseExecutor.java:224)
	at com.kms.katalon.core.main.TestSuiteExecutor.accessTestCaseMainPhase(TestSuiteExecutor.java:129)
	at com.kms.katalon.core.main.TestSuiteExecutor.accessTestSuiteMainPhase(TestSuiteExecutor.java:112)
	at com.kms.katalon.core.main.TestSuiteExecutor.execute(TestSuiteExecutor.java:81)
	at com.kms.katalon.core.main.TestCaseMain.startTestSuite(TestCaseMain.java:149)
	at com.kms.katalon.core.main.TestCaseMain$startTestSuite$0.call(Unknown Source)
	at TempTestSuite1550738418733.run(TempTestSuite1550738418733.groovy:36)


2019-02-21 18:14:02 - [TEST_CASE][FAILED] - Test Cases/All TC/Arranged/2. Segment/2.5 Query/6.4 Cross Branch - EIO: Test Cases/All TC/Arranged/2. Segment/2.5 Query/6.4 Cross Branch - EIO FAILED.
Reason:
com.kms.katalon.core.exception.StepFailedException: Unable to click on object 'Object Repository/KinJun/6.0 Query/6.4 Cross branch - EIO/Page_PERKESO/Click username' (Root cause: com.kms.katalon.core.webui.exception.WebElementNotFoundException: Web element with id: 'Object Repository/KinJun/6.0 Query/6.4 Cross branch - EIO/Page_PERKESO/Click username' located by 'By.xpath: id("bg2")/header[1]/div[@class="container-fluid"]/div[@class="row"]/div[@class="col-md-2"]/ul[@class="nav navbar-nav navbar-right"]/li[@class="dropdown"]/a[@class="dropdown-toggle"][count(. | //a[@href = '#']) = count(//a[@href = '#'])]' not found)
	at com.kms.katalon.core.keyword.internal.KeywordMain.stepFailed(KeywordMain.groovy:36)
	at com.kms.katalon.core.webui.keyword.internal.WebUIKeywordMain.stepFailed(WebUIKeywordMain.groovy:65)
	at com.kms.katalon.core.webui.keyword.internal.WebUIKeywordMain.runKeyword(WebUIKeywordMain.groovy:27)
	at com.kms.katalon.core.webui.keyword.builtin.ClickKeyword.click(ClickKeyword.groovy:86)
	at com.kms.katalon.core.webui.keyword.builtin.ClickKeyword.execute(ClickKeyword.groovy:67)
	at com.kms.katalon.core.keyword.internal.KeywordExecutor.executeKeywordForPlatform(KeywordExecutor.groovy:53)
	at com.kms.katalon.core.webui.keyword.WebUiBuiltInKeywords.click(WebUiBuiltInKeywords.groovy:616)
	at com.kms.katalon.core.webui.keyword.WebUiBuiltInKeywords$click$3.call(Unknown Source)
	at 6.4 Cross Branch - EIO.run(6.4 Cross Branch - EIO:83)
	at com.kms.katalon.core.main.ScriptEngine.run(ScriptEngine.java:194)
	at com.kms.katalon.core.main.ScriptEngine.runScriptAsRawText(ScriptEngine.java:119)
	at com.kms.katalon.core.main.TestCaseExecutor.runScript(TestCaseExecutor.java:328)
	at com.kms.katalon.core.main.TestCaseExecutor.doExecute(TestCaseExecutor.java:319)
	at com.kms.katalon.core.main.TestCaseExecutor.processExecutionPhase(TestCaseExecutor.java:298)
	at com.kms.katalon.core.main.TestCaseExecutor.accessMainPhase(TestCaseExecutor.java:290)
	at com.kms.katalon.core.main.TestCaseExecutor.execute(TestCaseExecutor.java:224)
	at com.kms.katalon.core.main.TestCaseMain.runTestCase(TestCaseMain.java:106)
	at com.kms.katalon.core.keyword.builtin.CallTestCaseKeyword$_callTestCase_closure1.doCall(CallTestCaseKeyword.groovy:59)
	at com.kms.katalon.core.keyword.builtin.CallTestCaseKeyword$_callTestCase_closure1.call(CallTestCaseKeyword.groovy)
	at com.kms.katalon.core.keyword.internal.KeywordMain.runKeyword(KeywordMain.groovy:54)
	at com.kms.katalon.core.keyword.builtin.CallTestCaseKeyword.callTestCase(CallTestCaseKeyword.groovy:80)
	at com.kms.katalon.core.keyword.builtin.CallTestCaseKeyword.execute(CallTestCaseKeyword.groovy:44)
	at com.kms.katalon.core.keyword.internal.KeywordExecutor.executeKeywordForPlatform(KeywordExecutor.groovy:53)
	at com.kms.katalon.core.keyword.BuiltinKeywords.callTestCase(BuiltinKeywords.groovy:334)
	at Cross branch - EIO.run(Cross branch - EIO:22)
	at com.kms.katalon.core.main.ScriptEngine.run(ScriptEngine.java:194)
	at com.kms.katalon.core.main.ScriptEngine.runScriptAsRawText(ScriptEngine.java:119)
	at com.kms.katalon.core.main.TestCaseExecutor.runScript(TestCaseExecutor.java:328)
	at com.kms.katalon.core.main.TestCaseExecutor.doExecute(TestCaseExecutor.java:319)
	at com.kms.katalon.core.main.TestCaseExecutor.processExecutionPhase(TestCaseExecutor.java:298)
	at com.kms.katalon.core.main.TestCaseExecutor.accessMainPhase(TestCaseExecutor.java:290)
	at com.kms.katalon.core.main.TestCaseExecutor.execute(TestCaseExecutor.java:224)
	at com.kms.katalon.core.main.TestSuiteExecutor.accessTestCaseMainPhase(TestSuiteExecutor.java:129)
	at com.kms.katalon.core.main.TestSuiteExecutor.accessTestSuiteMainPhase(TestSuiteExecutor.java:112)
	at com.kms.katalon.core.main.TestSuiteExecutor.execute(TestSuiteExecutor.java:81)
	at com.kms.katalon.core.main.TestCaseMain.startTestSuite(TestCaseMain.java:149)
	at com.kms.katalon.core.main.TestCaseMain$startTestSuite$0.call(Unknown Source)
	at TempTestSuite1550738418733.run(TempTestSuite1550738418733.groovy:36)


2019-02-21 18:14:02 - [TEST_STEP][PASSED] - openBrowser(""): Browser is opened with url: ''

2019-02-21 18:14:02 - [MESSAGE][WARNING] - A browser is already opened. Closing browser and opening a new one

2019-02-21 18:14:03 - [MESSAGE][INFO] - Starting 'Chrome' driver

2019-02-21 18:14:03 - [MESSAGE][INFO] - User set preference: ['args', '[--start-maximized]']

2019-02-21 18:14:05 - [MESSAGE][PASSED] - Browser is opened with url: ''

2019-02-21 18:14:05 - [TEST_STEP][PASSED] - navigateToUrl(Internal_Login): Navigate to 'http://10.20.24.188/eisportal/user/login' successfully

2019-02-21 18:14:06 - [MESSAGE][PASSED] - Navigate to 'http://10.20.24.188/eisportal/user/login' successfully

2019-02-21 18:14:06 - [TEST_STEP][PASSED] - callTestCase(findTestCase("All TC/Arranged/1. Common/Internal Email Finder"), [:], STOP_ON_FAILURE): Call Test Case 'Test Cases/All TC/Arranged/1. Common/Internal Email Finder' successfully

2019-02-21 18:14:06 - [TEST_CASE][PASSED] - Test Cases/All TC/Arranged/1. Common/Internal Email Finder: Test Cases/All TC/Arranged/1. Common/Internal Email Finder

2019-02-21 18:14:06 - [TEST_STEP][PASSED] - callTestCase(findTestCase("All TC/Arranged/1. Common/1.1 Getter/Getter UserName"), [:], CONTINUE_ON_FAILURE): Call Test Case 'Test Cases/All TC/Arranged/1. Common/1.1 Getter/Getter UserName' successfully

2019-02-21 18:14:06 - [TEST_CASE][PASSED] - Test Cases/All TC/Arranged/1. Common/1.1 Getter/Getter UserName: Test Cases/All TC/Arranged/1. Common/1.1 Getter/Getter UserName

2019-02-21 18:14:06 - [TEST_STEP][PASSED] - try: null

2019-02-21 18:14:06 - [TEST_STEP][PASSED] - RefNo = new java.io.File((internal.GlobalVariable.TextFilePathCommon + \getUser.txt)): null

2019-02-21 18:14:06 - [TEST_STEP][PASSED] - bufferread = new java.io.BufferedReader(new java.io.FileReader(RefNo)): null

2019-02-21 18:14:06 - [TEST_STEP][PASSED] - readedVal = bufferread.readLine(): null

2019-02-21 18:14:06 - [TEST_STEP][PASSED] - out.println(UserName): null

2019-02-21 18:14:06 - [TEST_STEP][PASSED] - out.println(readedVal): null

2019-02-21 18:14:06 - [TEST_STEP][PASSED] - UserName = "": null

2019-02-21 18:14:06 - [TEST_STEP][PASSED] - UserName = readedVal: null

2019-02-21 18:14:06 - [MESSAGE][PASSED] - Call Test Case 'Test Cases/All TC/Arranged/1. Common/1.1 Getter/Getter UserName' successfully

2019-02-21 18:14:06 - [TEST_STEP][PASSED] - StrA = UserName: null

2019-02-21 18:14:06 - [TEST_STEP][PASSED] - StrB = <not implemented yet for class: org.codehaus.groovy.ast.expr.EmptyExpression>: null

2019-02-21 18:14:06 - [TEST_STEP][PASSED] - Counter = 1: null

2019-02-21 18:14:06 - [TEST_STEP][PASSED] - while (!(StrB.equals(StrA)) && !(Counter > findTestData("Internal User List").getRowNumbers())): null

2019-02-21 18:14:06 - [TEST_STEP][PASSED] - StrB = findTestData("Internal User List").getValue(2, Counter): null

2019-02-21 18:14:06 - [TEST_STEP][PASSED] - if (StrB.equals(StrA)): null

2019-02-21 18:14:06 - [TEST_STEP][PASSED] - (Counter++): null

2019-02-21 18:14:06 - [TEST_STEP][PASSED] - StrB = findTestData("Internal User List").getValue(2, Counter): null

2019-02-21 18:14:06 - [TEST_STEP][PASSED] - if (StrB.equals(StrA)): null

2019-02-21 18:14:06 - [TEST_STEP][PASSED] - (Counter++): null

2019-02-21 18:14:06 - [TEST_STEP][PASSED] - StrB = findTestData("Internal User List").getValue(2, Counter): null

2019-02-21 18:14:06 - [TEST_STEP][PASSED] - if (StrB.equals(StrA)): null

2019-02-21 18:14:06 - [TEST_STEP][PASSED] - (Counter++): null

2019-02-21 18:14:06 - [TEST_STEP][PASSED] - StrB = findTestData("Internal User List").getValue(2, Counter): null

2019-02-21 18:14:06 - [TEST_STEP][PASSED] - if (StrB.equals(StrA)): null

2019-02-21 18:14:06 - [TEST_STEP][PASSED] - (Counter++): null

2019-02-21 18:14:06 - [TEST_STEP][PASSED] - StrB = findTestData("Internal User List").getValue(2, Counter): null

2019-02-21 18:14:06 - [TEST_STEP][PASSED] - if (StrB.equals(StrA)): null

2019-02-21 18:14:06 - [TEST_STEP][PASSED] - (Counter++): null

2019-02-21 18:14:06 - [TEST_STEP][PASSED] - StrB = findTestData("Internal User List").getValue(2, Counter): null

2019-02-21 18:14:06 - [TEST_STEP][PASSED] - if (StrB.equals(StrA)): null

2019-02-21 18:14:06 - [TEST_STEP][PASSED] - (Counter++): null

2019-02-21 18:14:06 - [TEST_STEP][PASSED] - StrB = findTestData("Internal User List").getValue(2, Counter): null

2019-02-21 18:14:06 - [TEST_STEP][PASSED] - if (StrB.equals(StrA)): null

2019-02-21 18:14:07 - [TEST_STEP][PASSED] - (Counter++): null

2019-02-21 18:14:07 - [TEST_STEP][PASSED] - StrB = findTestData("Internal User List").getValue(2, Counter): null

2019-02-21 18:14:07 - [TEST_STEP][PASSED] - if (StrB.equals(StrA)): null

2019-02-21 18:14:07 - [TEST_STEP][PASSED] - (Counter++): null

2019-02-21 18:14:07 - [TEST_STEP][PASSED] - StrB = findTestData("Internal User List").getValue(2, Counter): null

2019-02-21 18:14:07 - [TEST_STEP][PASSED] - if (StrB.equals(StrA)): null

2019-02-21 18:14:07 - [TEST_STEP][PASSED] - (Counter++): null

2019-02-21 18:14:07 - [TEST_STEP][PASSED] - StrB = findTestData("Internal User List").getValue(2, Counter): null

2019-02-21 18:14:07 - [TEST_STEP][PASSED] - if (StrB.equals(StrA)): null

2019-02-21 18:14:07 - [TEST_STEP][PASSED] - (Counter++): null

2019-02-21 18:14:07 - [TEST_STEP][PASSED] - StrB = findTestData("Internal User List").getValue(2, Counter): null

2019-02-21 18:14:07 - [TEST_STEP][PASSED] - if (StrB.equals(StrA)): null

2019-02-21 18:14:07 - [TEST_STEP][PASSED] - (Counter++): null

2019-02-21 18:14:07 - [TEST_STEP][PASSED] - StrB = findTestData("Internal User List").getValue(2, Counter): null

2019-02-21 18:14:07 - [TEST_STEP][PASSED] - if (StrB.equals(StrA)): null

2019-02-21 18:14:07 - [TEST_STEP][PASSED] - (Counter++): null

2019-02-21 18:14:07 - [TEST_STEP][PASSED] - StrB = findTestData("Internal User List").getValue(2, Counter): null

2019-02-21 18:14:07 - [TEST_STEP][PASSED] - if (StrB.equals(StrA)): null

2019-02-21 18:14:07 - [TEST_STEP][PASSED] - (Counter++): null

2019-02-21 18:14:07 - [TEST_STEP][PASSED] - StrB = findTestData("Internal User List").getValue(2, Counter): null

2019-02-21 18:14:08 - [TEST_STEP][PASSED] - if (StrB.equals(StrA)): null

2019-02-21 18:14:08 - [TEST_STEP][PASSED] - (Counter++): null

2019-02-21 18:14:08 - [TEST_STEP][PASSED] - StrB = findTestData("Internal User List").getValue(2, Counter): null

2019-02-21 18:14:08 - [TEST_STEP][PASSED] - if (StrB.equals(StrA)): null

2019-02-21 18:14:08 - [TEST_STEP][PASSED] - (Counter++): null

2019-02-21 18:14:08 - [TEST_STEP][PASSED] - StrB = findTestData("Internal User List").getValue(2, Counter): null

2019-02-21 18:14:08 - [TEST_STEP][PASSED] - if (StrB.equals(StrA)): null

2019-02-21 18:14:08 - [TEST_STEP][PASSED] - (Counter++): null

2019-02-21 18:14:08 - [TEST_STEP][PASSED] - StrB = findTestData("Internal User List").getValue(2, Counter): null

2019-02-21 18:14:08 - [TEST_STEP][PASSED] - if (StrB.equals(StrA)): null

2019-02-21 18:14:08 - [TEST_STEP][PASSED] - (Counter++): null

2019-02-21 18:14:08 - [TEST_STEP][PASSED] - StrB = findTestData("Internal User List").getValue(2, Counter): null

2019-02-21 18:14:08 - [TEST_STEP][PASSED] - if (StrB.equals(StrA)): null

2019-02-21 18:14:08 - [TEST_STEP][PASSED] - (Counter++): null

2019-02-21 18:14:08 - [TEST_STEP][PASSED] - StrB = findTestData("Internal User List").getValue(2, Counter): null

2019-02-21 18:14:08 - [TEST_STEP][PASSED] - if (StrB.equals(StrA)): null

2019-02-21 18:14:08 - [TEST_STEP][PASSED] - (Counter++): null

2019-02-21 18:14:08 - [TEST_STEP][PASSED] - StrB = findTestData("Internal User List").getValue(2, Counter): null

2019-02-21 18:14:08 - [TEST_STEP][PASSED] - if (StrB.equals(StrA)): null

2019-02-21 18:14:09 - [TEST_STEP][PASSED] - (Counter++): null

2019-02-21 18:14:09 - [TEST_STEP][PASSED] - StrB = findTestData("Internal User List").getValue(2, Counter): null

2019-02-21 18:14:09 - [TEST_STEP][PASSED] - if (StrB.equals(StrA)): null

2019-02-21 18:14:09 - [TEST_STEP][PASSED] - (Counter++): null

2019-02-21 18:14:09 - [TEST_STEP][PASSED] - StrB = findTestData("Internal User List").getValue(2, Counter): null

2019-02-21 18:14:09 - [TEST_STEP][PASSED] - if (StrB.equals(StrA)): null

2019-02-21 18:14:09 - [TEST_STEP][PASSED] - (Counter++): null

2019-02-21 18:14:09 - [TEST_STEP][PASSED] - StrB = findTestData("Internal User List").getValue(2, Counter): null

2019-02-21 18:14:09 - [TEST_STEP][PASSED] - if (StrB.equals(StrA)): null

2019-02-21 18:14:09 - [TEST_STEP][PASSED] - (Counter++): null

2019-02-21 18:14:09 - [TEST_STEP][PASSED] - StrB = findTestData("Internal User List").getValue(2, Counter): null

2019-02-21 18:14:09 - [TEST_STEP][PASSED] - if (StrB.equals(StrA)): null

2019-02-21 18:14:09 - [TEST_STEP][PASSED] - (Counter++): null

2019-02-21 18:14:09 - [TEST_STEP][PASSED] - StrB = findTestData("Internal User List").getValue(2, Counter): null

2019-02-21 18:14:09 - [TEST_STEP][PASSED] - if (StrB.equals(StrA)): null

2019-02-21 18:14:09 - [TEST_STEP][PASSED] - (Counter++): null

2019-02-21 18:14:10 - [TEST_STEP][PASSED] - StrB = findTestData("Internal User List").getValue(2, Counter): null

2019-02-21 18:14:10 - [TEST_STEP][PASSED] - if (StrB.equals(StrA)): null

2019-02-21 18:14:10 - [TEST_STEP][PASSED] - (Counter++): null

2019-02-21 18:14:10 - [TEST_STEP][PASSED] - StrB = findTestData("Internal User List").getValue(2, Counter): null

2019-02-21 18:14:10 - [TEST_STEP][PASSED] - if (StrB.equals(StrA)): null

2019-02-21 18:14:10 - [TEST_STEP][PASSED] - (Counter++): null

2019-02-21 18:14:10 - [TEST_STEP][PASSED] - StrB = findTestData("Internal User List").getValue(2, Counter): null

2019-02-21 18:14:10 - [TEST_STEP][PASSED] - if (StrB.equals(StrA)): null

2019-02-21 18:14:10 - [TEST_STEP][PASSED] - (Counter++): null

2019-02-21 18:14:10 - [TEST_STEP][PASSED] - StrB = findTestData("Internal User List").getValue(2, Counter): null

2019-02-21 18:14:10 - [TEST_STEP][PASSED] - if (StrB.equals(StrA)): null

2019-02-21 18:14:10 - [TEST_STEP][PASSED] - (Counter++): null

2019-02-21 18:14:10 - [TEST_STEP][PASSED] - StrB = findTestData("Internal User List").getValue(2, Counter): null

2019-02-21 18:14:10 - [TEST_STEP][PASSED] - if (StrB.equals(StrA)): null

2019-02-21 18:14:11 - [TEST_STEP][PASSED] - (Counter++): null

2019-02-21 18:14:11 - [TEST_STEP][PASSED] - StrB = findTestData("Internal User List").getValue(2, Counter): null

2019-02-21 18:14:11 - [TEST_STEP][PASSED] - if (StrB.equals(StrA)): null

2019-02-21 18:14:11 - [TEST_STEP][PASSED] - (Counter++): null

2019-02-21 18:14:11 - [TEST_STEP][PASSED] - StrB = findTestData("Internal User List").getValue(2, Counter): null

2019-02-21 18:14:11 - [TEST_STEP][PASSED] - if (StrB.equals(StrA)): null

2019-02-21 18:14:11 - [TEST_STEP][PASSED] - (Counter++): null

2019-02-21 18:14:11 - [TEST_STEP][PASSED] - StrB = findTestData("Internal User List").getValue(2, Counter): null

2019-02-21 18:14:11 - [TEST_STEP][PASSED] - if (StrB.equals(StrA)): null

2019-02-21 18:14:11 - [TEST_STEP][PASSED] - (Counter++): null

2019-02-21 18:14:11 - [TEST_STEP][PASSED] - StrB = findTestData("Internal User List").getValue(2, Counter): null

2019-02-21 18:14:11 - [TEST_STEP][PASSED] - if (StrB.equals(StrA)): null

2019-02-21 18:14:11 - [TEST_STEP][PASSED] - (Counter++): null

2019-02-21 18:14:11 - [TEST_STEP][PASSED] - StrB = findTestData("Internal User List").getValue(2, Counter): null

2019-02-21 18:14:11 - [TEST_STEP][PASSED] - if (StrB.equals(StrA)): null

2019-02-21 18:14:11 - [TEST_STEP][PASSED] - (Counter++): null

2019-02-21 18:14:11 - [TEST_STEP][PASSED] - StrB = findTestData("Internal User List").getValue(2, Counter): null

2019-02-21 18:14:11 - [TEST_STEP][PASSED] - if (StrB.equals(StrA)): null

2019-02-21 18:14:11 - [TEST_STEP][PASSED] - (Counter++): null

2019-02-21 18:14:11 - [TEST_STEP][PASSED] - StrB = findTestData("Internal User List").getValue(2, Counter): null

2019-02-21 18:14:11 - [TEST_STEP][PASSED] - if (StrB.equals(StrA)): null

2019-02-21 18:14:12 - [TEST_STEP][PASSED] - (Counter++): null

2019-02-21 18:14:12 - [TEST_STEP][PASSED] - StrB = findTestData("Internal User List").getValue(2, Counter): null

2019-02-21 18:14:12 - [TEST_STEP][PASSED] - if (StrB.equals(StrA)): null

2019-02-21 18:14:12 - [TEST_STEP][PASSED] - (Counter++): null

2019-02-21 18:14:12 - [TEST_STEP][PASSED] - StrB = findTestData("Internal User List").getValue(2, Counter): null

2019-02-21 18:14:12 - [TEST_STEP][PASSED] - if (StrB.equals(StrA)): null

2019-02-21 18:14:12 - [TEST_STEP][PASSED] - (Counter++): null

2019-02-21 18:14:12 - [TEST_STEP][PASSED] - StrB = findTestData("Internal User List").getValue(2, Counter): null

2019-02-21 18:14:12 - [TEST_STEP][PASSED] - if (StrB.equals(StrA)): null

2019-02-21 18:14:12 - [TEST_STEP][PASSED] - (Counter++): null

2019-02-21 18:14:12 - [TEST_STEP][PASSED] - StrB = findTestData("Internal User List").getValue(2, Counter): null

2019-02-21 18:14:12 - [TEST_STEP][PASSED] - if (StrB.equals(StrA)): null

2019-02-21 18:14:12 - [TEST_STEP][PASSED] - (Counter++): null

2019-02-21 18:14:13 - [TEST_STEP][PASSED] - StrB = findTestData("Internal User List").getValue(2, Counter): null

2019-02-21 18:14:13 - [TEST_STEP][PASSED] - if (StrB.equals(StrA)): null

2019-02-21 18:14:13 - [TEST_STEP][PASSED] - (Counter++): null

2019-02-21 18:14:13 - [TEST_STEP][PASSED] - StrB = findTestData("Internal User List").getValue(2, Counter): null

2019-02-21 18:14:13 - [TEST_STEP][PASSED] - if (StrB.equals(StrA)): null

2019-02-21 18:14:13 - [TEST_STEP][PASSED] - (Counter++): null

2019-02-21 18:14:13 - [TEST_STEP][PASSED] - StrB = findTestData("Internal User List").getValue(2, Counter): null

2019-02-21 18:14:13 - [TEST_STEP][PASSED] - if (StrB.equals(StrA)): null

2019-02-21 18:14:13 - [TEST_STEP][PASSED] - (Counter++): null

2019-02-21 18:14:13 - [TEST_STEP][PASSED] - StrB = findTestData("Internal User List").getValue(2, Counter): null

2019-02-21 18:14:13 - [TEST_STEP][PASSED] - if (StrB.equals(StrA)): null

2019-02-21 18:14:13 - [TEST_STEP][PASSED] - (Counter++): null

2019-02-21 18:14:13 - [TEST_STEP][PASSED] - StrB = findTestData("Internal User List").getValue(2, Counter): null

2019-02-21 18:14:13 - [TEST_STEP][PASSED] - if (StrB.equals(StrA)): null

2019-02-21 18:14:13 - [TEST_STEP][PASSED] - (Counter++): null

2019-02-21 18:14:13 - [TEST_STEP][PASSED] - StrB = findTestData("Internal User List").getValue(2, Counter): null

2019-02-21 18:14:13 - [TEST_STEP][PASSED] - if (StrB.equals(StrA)): null

2019-02-21 18:14:13 - [TEST_STEP][PASSED] - (Counter++): null

2019-02-21 18:14:14 - [TEST_STEP][PASSED] - StrB = findTestData("Internal User List").getValue(2, Counter): null

2019-02-21 18:14:14 - [TEST_STEP][PASSED] - if (StrB.equals(StrA)): null

2019-02-21 18:14:14 - [TEST_STEP][PASSED] - (Counter++): null

2019-02-21 18:14:14 - [TEST_STEP][PASSED] - StrB = findTestData("Internal User List").getValue(2, Counter): null

2019-02-21 18:14:14 - [TEST_STEP][PASSED] - if (StrB.equals(StrA)): null

2019-02-21 18:14:14 - [TEST_STEP][PASSED] - (Counter++): null

2019-02-21 18:14:14 - [TEST_STEP][PASSED] - StrB = findTestData("Internal User List").getValue(2, Counter): null

2019-02-21 18:14:14 - [TEST_STEP][PASSED] - if (StrB.equals(StrA)): null

2019-02-21 18:14:14 - [TEST_STEP][PASSED] - (Counter++): null

2019-02-21 18:14:14 - [TEST_STEP][PASSED] - StrB = findTestData("Internal User List").getValue(2, Counter): null

2019-02-21 18:14:14 - [TEST_STEP][PASSED] - if (StrB.equals(StrA)): null

2019-02-21 18:14:14 - [TEST_STEP][PASSED] - (Counter++): null

2019-02-21 18:14:14 - [TEST_STEP][PASSED] - StrB = findTestData("Internal User List").getValue(2, Counter): null

2019-02-21 18:14:14 - [TEST_STEP][PASSED] - if (StrB.equals(StrA)): null

2019-02-21 18:14:14 - [TEST_STEP][PASSED] - (Counter++): null

2019-02-21 18:14:14 - [TEST_STEP][PASSED] - StrB = findTestData("Internal User List").getValue(2, Counter): null

2019-02-21 18:14:15 - [TEST_STEP][PASSED] - if (StrB.equals(StrA)): null

2019-02-21 18:14:15 - [TEST_STEP][PASSED] - (Counter++): null

2019-02-21 18:14:15 - [TEST_STEP][PASSED] - StrB = findTestData("Internal User List").getValue(2, Counter): null

2019-02-21 18:14:15 - [TEST_STEP][PASSED] - if (StrB.equals(StrA)): null

2019-02-21 18:14:15 - [TEST_STEP][PASSED] - (Counter++): null

2019-02-21 18:14:15 - [TEST_STEP][PASSED] - StrB = findTestData("Internal User List").getValue(2, Counter): null

2019-02-21 18:14:15 - [TEST_STEP][PASSED] - if (StrB.equals(StrA)): null

2019-02-21 18:14:15 - [TEST_STEP][PASSED] - (Counter++): null

2019-02-21 18:14:15 - [TEST_STEP][PASSED] - StrB = findTestData("Internal User List").getValue(2, Counter): null

2019-02-21 18:14:15 - [TEST_STEP][PASSED] - if (StrB.equals(StrA)): null

2019-02-21 18:14:15 - [TEST_STEP][PASSED] - (Counter++): null

2019-02-21 18:14:15 - [TEST_STEP][PASSED] - StrB = findTestData("Internal User List").getValue(2, Counter): null

2019-02-21 18:14:15 - [TEST_STEP][PASSED] - if (StrB.equals(StrA)): null

2019-02-21 18:14:15 - [TEST_STEP][PASSED] - (Counter++): null

2019-02-21 18:14:16 - [TEST_STEP][PASSED] - StrB = findTestData("Internal User List").getValue(2, Counter): null

2019-02-21 18:14:16 - [TEST_STEP][PASSED] - if (StrB.equals(StrA)): null

2019-02-21 18:14:16 - [TEST_STEP][PASSED] - (Counter++): null

2019-02-21 18:14:16 - [TEST_STEP][PASSED] - StrB = findTestData("Internal User List").getValue(2, Counter): null

2019-02-21 18:14:16 - [TEST_STEP][PASSED] - if (StrB.equals(StrA)): null

2019-02-21 18:14:16 - [TEST_STEP][PASSED] - (Counter++): null

2019-02-21 18:14:16 - [TEST_STEP][PASSED] - StrB = findTestData("Internal User List").getValue(2, Counter): null

2019-02-21 18:14:16 - [TEST_STEP][PASSED] - if (StrB.equals(StrA)): null

2019-02-21 18:14:16 - [TEST_STEP][PASSED] - (Counter++): null

2019-02-21 18:14:16 - [TEST_STEP][PASSED] - StrB = findTestData("Internal User List").getValue(2, Counter): null

2019-02-21 18:14:16 - [TEST_STEP][PASSED] - if (StrB.equals(StrA)): null

2019-02-21 18:14:16 - [TEST_STEP][PASSED] - (Counter++): null

2019-02-21 18:14:16 - [TEST_STEP][PASSED] - StrB = findTestData("Internal User List").getValue(2, Counter): null

2019-02-21 18:14:16 - [TEST_STEP][PASSED] - if (StrB.equals(StrA)): null

2019-02-21 18:14:16 - [TEST_STEP][PASSED] - (Counter++): null

2019-02-21 18:14:16 - [TEST_STEP][PASSED] - StrB = findTestData("Internal User List").getValue(2, Counter): null

2019-02-21 18:14:16 - [TEST_STEP][PASSED] - if (StrB.equals(StrA)): null

2019-02-21 18:14:16 - [TEST_STEP][PASSED] - (Counter++): null

2019-02-21 18:14:16 - [TEST_STEP][PASSED] - StrB = findTestData("Internal User List").getValue(2, Counter): null

2019-02-21 18:14:16 - [TEST_STEP][PASSED] - if (StrB.equals(StrA)): null

2019-02-21 18:14:16 - [TEST_STEP][PASSED] - (Counter++): null

2019-02-21 18:14:17 - [TEST_STEP][PASSED] - StrB = findTestData("Internal User List").getValue(2, Counter): null

2019-02-21 18:14:17 - [TEST_STEP][PASSED] - if (StrB.equals(StrA)): null

2019-02-21 18:14:17 - [TEST_STEP][PASSED] - (Counter++): null

2019-02-21 18:14:17 - [TEST_STEP][PASSED] - StrB = findTestData("Internal User List").getValue(2, Counter): null

2019-02-21 18:14:17 - [TEST_STEP][PASSED] - if (StrB.equals(StrA)): null

2019-02-21 18:14:17 - [TEST_STEP][PASSED] - (Counter++): null

2019-02-21 18:14:17 - [TEST_STEP][PASSED] - StrB = findTestData("Internal User List").getValue(2, Counter): null

2019-02-21 18:14:17 - [TEST_STEP][PASSED] - if (StrB.equals(StrA)): null

2019-02-21 18:14:17 - [TEST_STEP][PASSED] - (Counter++): null

2019-02-21 18:14:17 - [TEST_STEP][PASSED] - StrB = findTestData("Internal User List").getValue(2, Counter): null

2019-02-21 18:14:18 - [TEST_STEP][PASSED] - if (StrB.equals(StrA)): null

2019-02-21 18:14:18 - [TEST_STEP][PASSED] - (Counter++): null

2019-02-21 18:14:18 - [TEST_STEP][PASSED] - StrB = findTestData("Internal User List").getValue(2, Counter): null

2019-02-21 18:14:18 - [TEST_STEP][PASSED] - if (StrB.equals(StrA)): null

2019-02-21 18:14:18 - [TEST_STEP][PASSED] - (Counter++): null

2019-02-21 18:14:18 - [TEST_STEP][PASSED] - StrB = findTestData("Internal User List").getValue(2, Counter): null

2019-02-21 18:14:18 - [TEST_STEP][PASSED] - if (StrB.equals(StrA)): null

2019-02-21 18:14:18 - [TEST_STEP][PASSED] - (Counter++): null

2019-02-21 18:14:18 - [TEST_STEP][PASSED] - StrB = findTestData("Internal User List").getValue(2, Counter): null

2019-02-21 18:14:18 - [TEST_STEP][PASSED] - if (StrB.equals(StrA)): null

2019-02-21 18:14:18 - [TEST_STEP][PASSED] - (Counter++): null

2019-02-21 18:14:18 - [TEST_STEP][PASSED] - StrB = findTestData("Internal User List").getValue(2, Counter): null

2019-02-21 18:14:18 - [TEST_STEP][PASSED] - if (StrB.equals(StrA)): null

2019-02-21 18:14:18 - [TEST_STEP][PASSED] - (Counter++): null

2019-02-21 18:14:18 - [TEST_STEP][PASSED] - StrB = findTestData("Internal User List").getValue(2, Counter): null

2019-02-21 18:14:18 - [TEST_STEP][PASSED] - if (StrB.equals(StrA)): null

2019-02-21 18:14:18 - [TEST_STEP][PASSED] - (Counter++): null

2019-02-21 18:14:18 - [TEST_STEP][PASSED] - StrB = findTestData("Internal User List").getValue(2, Counter): null

2019-02-21 18:14:18 - [TEST_STEP][PASSED] - if (StrB.equals(StrA)): null

2019-02-21 18:14:18 - [TEST_STEP][PASSED] - (Counter++): null

2019-02-21 18:14:19 - [TEST_STEP][PASSED] - StrB = findTestData("Internal User List").getValue(2, Counter): null

2019-02-21 18:14:19 - [TEST_STEP][PASSED] - if (StrB.equals(StrA)): null

2019-02-21 18:14:19 - [TEST_STEP][PASSED] - (Counter++): null

2019-02-21 18:14:19 - [TEST_STEP][PASSED] - StrB = findTestData("Internal User List").getValue(2, Counter): null

2019-02-21 18:14:19 - [TEST_STEP][PASSED] - if (StrB.equals(StrA)): null

2019-02-21 18:14:19 - [TEST_STEP][PASSED] - (Counter++): null

2019-02-21 18:14:19 - [TEST_STEP][PASSED] - StrB = findTestData("Internal User List").getValue(2, Counter): null

2019-02-21 18:14:19 - [TEST_STEP][PASSED] - if (StrB.equals(StrA)): null

2019-02-21 18:14:19 - [TEST_STEP][PASSED] - (Counter++): null

2019-02-21 18:14:19 - [TEST_STEP][PASSED] - StrB = findTestData("Internal User List").getValue(2, Counter): null

2019-02-21 18:14:19 - [TEST_STEP][PASSED] - if (StrB.equals(StrA)): null

2019-02-21 18:14:19 - [TEST_STEP][PASSED] - (Counter++): null

2019-02-21 18:14:20 - [TEST_STEP][PASSED] - StrB = findTestData("Internal User List").getValue(2, Counter): null

2019-02-21 18:14:20 - [TEST_STEP][PASSED] - if (StrB.equals(StrA)): null

2019-02-21 18:14:20 - [TEST_STEP][PASSED] - (Counter++): null

2019-02-21 18:14:20 - [TEST_STEP][PASSED] - StrB = findTestData("Internal User List").getValue(2, Counter): null

2019-02-21 18:14:20 - [TEST_STEP][PASSED] - if (StrB.equals(StrA)): null

2019-02-21 18:14:20 - [TEST_STEP][PASSED] - (Counter++): null

2019-02-21 18:14:20 - [TEST_STEP][PASSED] - StrB = findTestData("Internal User List").getValue(2, Counter): null

2019-02-21 18:14:20 - [TEST_STEP][PASSED] - if (StrB.equals(StrA)): null

2019-02-21 18:14:20 - [TEST_STEP][PASSED] - (Counter++): null

2019-02-21 18:14:20 - [TEST_STEP][PASSED] - StrB = findTestData("Internal User List").getValue(2, Counter): null

2019-02-21 18:14:20 - [TEST_STEP][PASSED] - if (StrB.equals(StrA)): null

2019-02-21 18:14:20 - [TEST_STEP][PASSED] - (Counter++): null

2019-02-21 18:14:20 - [TEST_STEP][PASSED] - StrB = findTestData("Internal User List").getValue(2, Counter): null

2019-02-21 18:14:20 - [TEST_STEP][PASSED] - if (StrB.equals(StrA)): null

2019-02-21 18:14:20 - [TEST_STEP][PASSED] - (Counter++): null

2019-02-21 18:14:20 - [TEST_STEP][PASSED] - StrB = findTestData("Internal User List").getValue(2, Counter): null

2019-02-21 18:14:20 - [TEST_STEP][PASSED] - if (StrB.equals(StrA)): null

2019-02-21 18:14:20 - [TEST_STEP][PASSED] - (Counter++): null

2019-02-21 18:14:20 - [TEST_STEP][PASSED] - StrB = findTestData("Internal User List").getValue(2, Counter): null

2019-02-21 18:14:21 - [TEST_STEP][PASSED] - if (StrB.equals(StrA)): null

2019-02-21 18:14:21 - [TEST_STEP][PASSED] - (Counter++): null

2019-02-21 18:14:21 - [TEST_STEP][PASSED] - StrB = findTestData("Internal User List").getValue(2, Counter): null

2019-02-21 18:14:21 - [TEST_STEP][PASSED] - if (StrB.equals(StrA)): null

2019-02-21 18:14:21 - [TEST_STEP][PASSED] - (Counter++): null

2019-02-21 18:14:21 - [TEST_STEP][PASSED] - StrB = findTestData("Internal User List").getValue(2, Counter): null

2019-02-21 18:14:21 - [TEST_STEP][PASSED] - if (StrB.equals(StrA)): null

2019-02-21 18:14:21 - [TEST_STEP][PASSED] - (Counter++): null

2019-02-21 18:14:21 - [TEST_STEP][PASSED] - StrB = findTestData("Internal User List").getValue(2, Counter): null

2019-02-21 18:14:21 - [TEST_STEP][PASSED] - if (StrB.equals(StrA)): null

2019-02-21 18:14:21 - [TEST_STEP][PASSED] - (Counter++): null

2019-02-21 18:14:21 - [TEST_STEP][PASSED] - StrB = findTestData("Internal User List").getValue(2, Counter): null

2019-02-21 18:14:21 - [TEST_STEP][PASSED] - if (StrB.equals(StrA)): null

2019-02-21 18:14:21 - [TEST_STEP][PASSED] - (Counter++): null

2019-02-21 18:14:21 - [TEST_STEP][PASSED] - StrB = findTestData("Internal User List").getValue(2, Counter): null

2019-02-21 18:14:22 - [TEST_STEP][PASSED] - if (StrB.equals(StrA)): null

2019-02-21 18:14:22 - [TEST_STEP][PASSED] - (Counter++): null

2019-02-21 18:14:22 - [TEST_STEP][PASSED] - StrB = findTestData("Internal User List").getValue(2, Counter): null

2019-02-21 18:14:22 - [TEST_STEP][PASSED] - if (StrB.equals(StrA)): null

2019-02-21 18:14:22 - [TEST_STEP][PASSED] - (Counter++): null

2019-02-21 18:14:22 - [TEST_STEP][PASSED] - StrB = findTestData("Internal User List").getValue(2, Counter): null

2019-02-21 18:14:22 - [TEST_STEP][PASSED] - if (StrB.equals(StrA)): null

2019-02-21 18:14:22 - [TEST_STEP][PASSED] - (Counter++): null

2019-02-21 18:14:22 - [TEST_STEP][PASSED] - StrB = findTestData("Internal User List").getValue(2, Counter): null

2019-02-21 18:14:22 - [TEST_STEP][PASSED] - if (StrB.equals(StrA)): null

2019-02-21 18:14:22 - [TEST_STEP][PASSED] - (Counter++): null

2019-02-21 18:14:22 - [TEST_STEP][PASSED] - StrB = findTestData("Internal User List").getValue(2, Counter): null

2019-02-21 18:14:22 - [TEST_STEP][PASSED] - if (StrB.equals(StrA)): null

2019-02-21 18:14:22 - [TEST_STEP][PASSED] - (Counter++): null

2019-02-21 18:14:22 - [TEST_STEP][PASSED] - StrB = findTestData("Internal User List").getValue(2, Counter): null

2019-02-21 18:14:22 - [TEST_STEP][PASSED] - if (StrB.equals(StrA)): null

2019-02-21 18:14:23 - [TEST_STEP][PASSED] - (Counter++): null

2019-02-21 18:14:23 - [TEST_STEP][PASSED] - StrB = findTestData("Internal User List").getValue(2, Counter): null

2019-02-21 18:14:23 - [TEST_STEP][PASSED] - if (StrB.equals(StrA)): null

2019-02-21 18:14:23 - [TEST_STEP][PASSED] - (Counter++): null

2019-02-21 18:14:23 - [TEST_STEP][PASSED] - StrB = findTestData("Internal User List").getValue(2, Counter): null

2019-02-21 18:14:23 - [TEST_STEP][PASSED] - if (StrB.equals(StrA)): null

2019-02-21 18:14:23 - [TEST_STEP][PASSED] - (Counter++): null

2019-02-21 18:14:23 - [TEST_STEP][PASSED] - StrB = findTestData("Internal User List").getValue(2, Counter): null

2019-02-21 18:14:23 - [TEST_STEP][PASSED] - if (StrB.equals(StrA)): null

2019-02-21 18:14:23 - [TEST_STEP][PASSED] - (Counter++): null

2019-02-21 18:14:23 - [TEST_STEP][PASSED] - StrB = findTestData("Internal User List").getValue(2, Counter): null

2019-02-21 18:14:23 - [TEST_STEP][PASSED] - if (StrB.equals(StrA)): null

2019-02-21 18:14:23 - [TEST_STEP][PASSED] - (Counter++): null

2019-02-21 18:14:23 - [TEST_STEP][PASSED] - StrB = findTestData("Internal User List").getValue(2, Counter): null

2019-02-21 18:14:23 - [TEST_STEP][PASSED] - if (StrB.equals(StrA)): null

2019-02-21 18:14:23 - [TEST_STEP][PASSED] - (Counter++): null

2019-02-21 18:14:23 - [TEST_STEP][PASSED] - StrB = findTestData("Internal User List").getValue(2, Counter): null

2019-02-21 18:14:23 - [TEST_STEP][PASSED] - if (StrB.equals(StrA)): null

2019-02-21 18:14:23 - [TEST_STEP][PASSED] - (Counter++): null

2019-02-21 18:14:24 - [TEST_STEP][PASSED] - StrB = findTestData("Internal User List").getValue(2, Counter): null

2019-02-21 18:14:24 - [TEST_STEP][PASSED] - if (StrB.equals(StrA)): null

2019-02-21 18:14:24 - [TEST_STEP][PASSED] - (Counter++): null

2019-02-21 18:14:24 - [TEST_STEP][PASSED] - StrB = findTestData("Internal User List").getValue(2, Counter): null

2019-02-21 18:14:24 - [TEST_STEP][PASSED] - if (StrB.equals(StrA)): null

2019-02-21 18:14:24 - [TEST_STEP][PASSED] - (Counter++): null

2019-02-21 18:14:24 - [TEST_STEP][PASSED] - StrB = findTestData("Internal User List").getValue(2, Counter): null

2019-02-21 18:14:24 - [TEST_STEP][PASSED] - if (StrB.equals(StrA)): null

2019-02-21 18:14:24 - [TEST_STEP][PASSED] - StrEmail = findTestData("Internal User List").getValue(1, Counter): null

2019-02-21 18:14:24 - [TEST_STEP][PASSED] - InternalEmail = StrEmail: null

2019-02-21 18:14:24 - [TEST_STEP][PASSED] - out.println(StrEmail): null

2019-02-21 18:14:25 - [TEST_STEP][PASSED] - (Counter++): null

2019-02-21 18:14:25 - [MESSAGE][PASSED] - Call Test Case 'Test Cases/All TC/Arranged/1. Common/Internal Email Finder' successfully

2019-02-21 18:14:25 - [TEST_STEP][PASSED] - setText(findTestObject("KinJun/6.0 Query/6.4 Cross branch - EIO/Page_PERKESO/Input username"), InternalEmail): Text 'jheio5@perkeso.gov.my' is set on object 'Object Repository/KinJun/6.0 Query/6.4 Cross branch - EIO/Page_PERKESO/Input username'

2019-02-21 18:14:25 - [MESSAGE][PASSED] - Text 'jheio5@perkeso.gov.my' is set on object 'Object Repository/KinJun/6.0 Query/6.4 Cross branch - EIO/Page_PERKESO/Input username'

2019-02-21 18:14:25 - [TEST_STEP][PASSED] - setEncryptedText(findTestObject("KinJun/6.0 Query/6.4 Cross branch - EIO/Page_PERKESO/Input password"), "CQqwFZlbeC8="): Text ****** has been set on object 'Object Repository/KinJun/6.0 Query/6.4 Cross branch - EIO/Page_PERKESO/Input password'

2019-02-21 18:14:25 - [MESSAGE][PASSED] - Text ****** has been set on object 'Object Repository/KinJun/6.0 Query/6.4 Cross branch - EIO/Page_PERKESO/Input password'

2019-02-21 18:14:25 - [TEST_STEP][PASSED] - click(findTestObject("KinJun/6.0 Query/6.4 Cross branch - EIO/Page_PERKESO/Btn login")): Object: 'Object Repository/KinJun/6.0 Query/6.4 Cross branch - EIO/Page_PERKESO/Btn login' is clicked on

2019-02-21 18:14:26 - [MESSAGE][PASSED] - Object: 'Object Repository/KinJun/6.0 Query/6.4 Cross branch - EIO/Page_PERKESO/Btn login' is clicked on

2019-02-21 18:14:26 - [TEST_STEP][PASSED] - delay(3): Delayed 3 second(s)

2019-02-21 18:14:29 - [MESSAGE][PASSED] - Delayed 3 second(s)

2019-02-21 18:14:29 - [TEST_STEP][PASSED] - click(findTestObject("KinJun/6.0 Query/6.4 Cross branch - EIO/Page_PERKESO/Click workbasket")): Object: 'Object Repository/KinJun/6.0 Query/6.4 Cross branch - EIO/Page_PERKESO/Click workbasket' is clicked on

2019-02-21 18:14:30 - [MESSAGE][PASSED] - Object: 'Object Repository/KinJun/6.0 Query/6.4 Cross branch - EIO/Page_PERKESO/Click workbasket' is clicked on

2019-02-21 18:14:30 - [TEST_STEP][PASSED] - delay(3): Delayed 3 second(s)

2019-02-21 18:14:33 - [MESSAGE][PASSED] - Delayed 3 second(s)

2019-02-21 18:14:33 - [TEST_STEP][PASSED] - click(findTestObject("KinJun/6.0 Query/6.4 Cross branch - EIO/Page_PERKESO/Click SearchCase")): Object: 'Object Repository/KinJun/6.0 Query/6.4 Cross branch - EIO/Page_PERKESO/Click SearchCase' is clicked on

2019-02-21 18:14:33 - [MESSAGE][PASSED] - Object: 'Object Repository/KinJun/6.0 Query/6.4 Cross branch - EIO/Page_PERKESO/Click SearchCase' is clicked on

2019-02-21 18:14:33 - [TEST_STEP][PASSED] - callTestCase(findTestCase("All TC/Arranged/1. Common/1.1 Getter/Getter IC"), [:], STOP_ON_FAILURE): Call Test Case 'Test Cases/All TC/Arranged/1. Common/1.1 Getter/Getter IC' successfully

2019-02-21 18:14:33 - [TEST_CASE][PASSED] - Test Cases/All TC/Arranged/1. Common/1.1 Getter/Getter IC: Test Cases/All TC/Arranged/1. Common/1.1 Getter/Getter IC

2019-02-21 18:14:33 - [TEST_STEP][PASSED] - try: null

2019-02-21 18:14:33 - [TEST_STEP][PASSED] - RefNo = new java.io.File((internal.GlobalVariable.TextFilePathCommon + \getIC.txt)): null

2019-02-21 18:14:33 - [TEST_STEP][PASSED] - bufferread = new java.io.BufferedReader(new java.io.FileReader(RefNo)): null

2019-02-21 18:14:33 - [TEST_STEP][PASSED] - readedVal = bufferread.readLine(): null

2019-02-21 18:14:33 - [TEST_STEP][PASSED] - out.println(IC): null

2019-02-21 18:14:33 - [TEST_STEP][PASSED] - out.println(readedVal): null

2019-02-21 18:14:33 - [TEST_STEP][PASSED] - IC = "": null

2019-02-21 18:14:33 - [TEST_STEP][PASSED] - IC = readedVal: null

2019-02-21 18:14:33 - [MESSAGE][PASSED] - Call Test Case 'Test Cases/All TC/Arranged/1. Common/1.1 Getter/Getter IC' successfully

2019-02-21 18:14:33 - [TEST_STEP][PASSED] - setText(findTestObject("KinJun/6.0 Query/6.4 Cross branch - EIO/Page_PERKESO/Input IC"), IC): Text '830522715058' is set on object 'Object Repository/KinJun/6.0 Query/6.4 Cross branch - EIO/Page_PERKESO/Input IC'

2019-02-21 18:14:34 - [MESSAGE][PASSED] - Text '830522715058' is set on object 'Object Repository/KinJun/6.0 Query/6.4 Cross branch - EIO/Page_PERKESO/Input IC'

2019-02-21 18:14:34 - [TEST_STEP][PASSED] - click(findTestObject("KinJun/6.0 Query/6.4 Cross branch - EIO/Page_PERKESO/Btn Search")): Object: 'Object Repository/KinJun/6.0 Query/6.4 Cross branch - EIO/Page_PERKESO/Btn Search' is clicked on

2019-02-21 18:14:34 - [MESSAGE][PASSED] - Object: 'Object Repository/KinJun/6.0 Query/6.4 Cross branch - EIO/Page_PERKESO/Btn Search' is clicked on

2019-02-21 18:14:34 - [TEST_STEP][PASSED] - delay(3): Delayed 3 second(s)

2019-02-21 18:14:37 - [MESSAGE][PASSED] - Delayed 3 second(s)

2019-02-21 18:14:37 - [TEST_STEP][PASSED] - click(findTestObject("KinJun/6.0 Query/6.4 Cross branch - EIO/Page_PERKESO/Click CaseID")): Object: 'Object Repository/KinJun/6.0 Query/6.4 Cross branch - EIO/Page_PERKESO/Click CaseID' is clicked on

2019-02-21 18:14:38 - [MESSAGE][PASSED] - Object: 'Object Repository/KinJun/6.0 Query/6.4 Cross branch - EIO/Page_PERKESO/Click CaseID' is clicked on

2019-02-21 18:14:38 - [TEST_STEP][PASSED] - delay(3): Delayed 3 second(s)

2019-02-21 18:14:41 - [MESSAGE][PASSED] - Delayed 3 second(s)

2019-02-21 18:14:41 - [TEST_STEP][PASSED] - acceptAlert(): Alert accepted

2019-02-21 18:14:41 - [MESSAGE][PASSED] - Alert accepted

2019-02-21 18:14:41 - [TEST_STEP][PASSED] - delay(3): Delayed 3 second(s)

2019-02-21 18:14:44 - [MESSAGE][PASSED] - Delayed 3 second(s)

2019-02-21 18:14:44 - [TEST_STEP][PASSED] - click(findTestObject("KinJun/6.0 Query/6.4 Cross branch - EIO/Page_PERKESO/Btn Query")): Object: 'Object Repository/KinJun/6.0 Query/6.4 Cross branch - EIO/Page_PERKESO/Btn Query' is clicked on

2019-02-21 18:14:44 - [MESSAGE][PASSED] - Object: 'Object Repository/KinJun/6.0 Query/6.4 Cross branch - EIO/Page_PERKESO/Btn Query' is clicked on

2019-02-21 18:14:44 - [TEST_STEP][PASSED] - delay(3): Delayed 3 second(s)

2019-02-21 18:14:47 - [MESSAGE][PASSED] - Delayed 3 second(s)

2019-02-21 18:14:47 - [TEST_STEP][PASSED] - click(findTestObject("KinJun/6.0 Query/6.4 Cross branch - EIO/Page_PERKESO/Span branch")): Object: 'Object Repository/KinJun/6.0 Query/6.4 Cross branch - EIO/Page_PERKESO/Span branch' is clicked on

2019-02-21 18:14:47 - [MESSAGE][PASSED] - Object: 'Object Repository/KinJun/6.0 Query/6.4 Cross branch - EIO/Page_PERKESO/Span branch' is clicked on

2019-02-21 18:14:47 - [TEST_STEP][PASSED] - delay(3): Delayed 3 second(s)

2019-02-21 18:14:50 - [MESSAGE][PASSED] - Delayed 3 second(s)

2019-02-21 18:14:50 - [TEST_STEP][PASSED] - click(findTestObject("KinJun/6.0 Query/6.4 Cross branch - EIO/Page_PERKESO/DD Branch")): Object: 'Object Repository/KinJun/6.0 Query/6.4 Cross branch - EIO/Page_PERKESO/DD Branch' is clicked on

2019-02-21 18:14:50 - [MESSAGE][PASSED] - Object: 'Object Repository/KinJun/6.0 Query/6.4 Cross branch - EIO/Page_PERKESO/DD Branch' is clicked on

2019-02-21 18:14:50 - [TEST_STEP][PASSED] - delay(3): Delayed 3 second(s)

2019-02-21 18:14:53 - [MESSAGE][PASSED] - Delayed 3 second(s)

2019-02-21 18:14:53 - [TEST_STEP][PASSED] - click(findTestObject("KinJun/6.0 Query/6.4 Cross branch - EIO/Page_PERKESO/Span officer")): Object: 'Object Repository/KinJun/6.0 Query/6.4 Cross branch - EIO/Page_PERKESO/Span officer' is clicked on

2019-02-21 18:14:54 - [MESSAGE][PASSED] - Object: 'Object Repository/KinJun/6.0 Query/6.4 Cross branch - EIO/Page_PERKESO/Span officer' is clicked on

2019-02-21 18:14:54 - [TEST_STEP][PASSED] - delay(3): Delayed 3 second(s)

2019-02-21 18:14:57 - [MESSAGE][PASSED] - Delayed 3 second(s)

2019-02-21 18:14:57 - [TEST_STEP][PASSED] - click(findTestObject("KinJun/6.0 Query/6.4 Cross branch - EIO/Page_PERKESO/DD Officer")): Object: 'Object Repository/KinJun/6.0 Query/6.4 Cross branch - EIO/Page_PERKESO/DD Officer' is clicked on

2019-02-21 18:14:57 - [MESSAGE][PASSED] - Object: 'Object Repository/KinJun/6.0 Query/6.4 Cross branch - EIO/Page_PERKESO/DD Officer' is clicked on

2019-02-21 18:14:57 - [TEST_STEP][PASSED] - delay(3): Delayed 3 second(s)

2019-02-21 18:15:00 - [MESSAGE][PASSED] - Delayed 3 second(s)

2019-02-21 18:15:00 - [TEST_STEP][PASSED] - callTestCase(findTestCase("All TC/Arranged/1. Common/1.3 Loops/While Loop - Query"), [:], STOP_ON_FAILURE): Call Test Case 'Test Cases/All TC/Arranged/1. Common/1.3 Loops/While Loop - Query' successfully

2019-02-21 18:15:00 - [TEST_CASE][PASSED] - Test Cases/All TC/Arranged/1. Common/1.3 Loops/While Loop - Query: Test Cases/All TC/Arranged/1. Common/1.3 Loops/While Loop - Query

2019-02-21 18:15:00 - [TEST_STEP][PASSED] - callTestCase(findTestCase("All TC/Arranged/1. Common/1.1 Getter/Getter UserName"), [:], STOP_ON_FAILURE): Call Test Case 'Test Cases/All TC/Arranged/1. Common/1.1 Getter/Getter UserName' successfully

2019-02-21 18:15:00 - [TEST_CASE][PASSED] - Test Cases/All TC/Arranged/1. Common/1.1 Getter/Getter UserName: Test Cases/All TC/Arranged/1. Common/1.1 Getter/Getter UserName

2019-02-21 18:15:00 - [TEST_STEP][PASSED] - try: null

2019-02-21 18:15:00 - [TEST_STEP][PASSED] - RefNo = new java.io.File((internal.GlobalVariable.TextFilePathCommon + \getUser.txt)): null

2019-02-21 18:15:00 - [TEST_STEP][PASSED] - bufferread = new java.io.BufferedReader(new java.io.FileReader(RefNo)): null

2019-02-21 18:15:00 - [TEST_STEP][PASSED] - readedVal = bufferread.readLine(): null

2019-02-21 18:15:00 - [TEST_STEP][PASSED] - out.println(UserName): null

2019-02-21 18:15:00 - [TEST_STEP][PASSED] - out.println(readedVal): null

2019-02-21 18:15:00 - [TEST_STEP][PASSED] - UserName = "": null

2019-02-21 18:15:00 - [TEST_STEP][PASSED] - UserName = readedVal: null

2019-02-21 18:15:00 - [MESSAGE][PASSED] - Call Test Case 'Test Cases/All TC/Arranged/1. Common/1.1 Getter/Getter UserName' successfully

2019-02-21 18:15:00 - [TEST_STEP][PASSED] - callTestCase(findTestCase("All TC/Arranged/1. Common/Internal Email Finder"), [:], STOP_ON_FAILURE): Call Test Case 'Test Cases/All TC/Arranged/1. Common/Internal Email Finder' successfully

2019-02-21 18:15:00 - [TEST_CASE][PASSED] - Test Cases/All TC/Arranged/1. Common/Internal Email Finder: Test Cases/All TC/Arranged/1. Common/Internal Email Finder

2019-02-21 18:15:00 - [TEST_STEP][PASSED] - callTestCase(findTestCase("All TC/Arranged/1. Common/1.1 Getter/Getter UserName"), [:], CONTINUE_ON_FAILURE): Call Test Case 'Test Cases/All TC/Arranged/1. Common/1.1 Getter/Getter UserName' successfully

2019-02-21 18:15:00 - [TEST_CASE][PASSED] - Test Cases/All TC/Arranged/1. Common/1.1 Getter/Getter UserName: Test Cases/All TC/Arranged/1. Common/1.1 Getter/Getter UserName

2019-02-21 18:15:00 - [TEST_STEP][PASSED] - try: null

2019-02-21 18:15:00 - [TEST_STEP][PASSED] - RefNo = new java.io.File((internal.GlobalVariable.TextFilePathCommon + \getUser.txt)): null

2019-02-21 18:15:00 - [TEST_STEP][PASSED] - bufferread = new java.io.BufferedReader(new java.io.FileReader(RefNo)): null

2019-02-21 18:15:00 - [TEST_STEP][PASSED] - readedVal = bufferread.readLine(): null

2019-02-21 18:15:00 - [TEST_STEP][PASSED] - out.println(UserName): null

2019-02-21 18:15:00 - [TEST_STEP][PASSED] - out.println(readedVal): null

2019-02-21 18:15:00 - [TEST_STEP][PASSED] - UserName = "": null

2019-02-21 18:15:00 - [TEST_STEP][PASSED] - UserName = readedVal: null

2019-02-21 18:15:00 - [MESSAGE][PASSED] - Call Test Case 'Test Cases/All TC/Arranged/1. Common/1.1 Getter/Getter UserName' successfully

2019-02-21 18:15:00 - [TEST_STEP][PASSED] - StrA = UserName: null

2019-02-21 18:15:00 - [TEST_STEP][PASSED] - StrB = <not implemented yet for class: org.codehaus.groovy.ast.expr.EmptyExpression>: null

2019-02-21 18:15:00 - [TEST_STEP][PASSED] - Counter = 1: null

2019-02-21 18:15:00 - [TEST_STEP][PASSED] - while (!(StrB.equals(StrA)) && !(Counter > findTestData("Internal User List").getRowNumbers())): null

2019-02-21 18:15:00 - [TEST_STEP][PASSED] - StrB = findTestData("Internal User List").getValue(2, Counter): null

2019-02-21 18:15:00 - [TEST_STEP][PASSED] - if (StrB.equals(StrA)): null

2019-02-21 18:15:00 - [TEST_STEP][PASSED] - (Counter++): null

2019-02-21 18:15:01 - [TEST_STEP][PASSED] - StrB = findTestData("Internal User List").getValue(2, Counter): null

2019-02-21 18:15:01 - [TEST_STEP][PASSED] - if (StrB.equals(StrA)): null

2019-02-21 18:15:01 - [TEST_STEP][PASSED] - (Counter++): null

2019-02-21 18:15:01 - [TEST_STEP][PASSED] - StrB = findTestData("Internal User List").getValue(2, Counter): null

2019-02-21 18:15:01 - [TEST_STEP][PASSED] - if (StrB.equals(StrA)): null

2019-02-21 18:15:01 - [TEST_STEP][PASSED] - (Counter++): null

2019-02-21 18:15:01 - [TEST_STEP][PASSED] - StrB = findTestData("Internal User List").getValue(2, Counter): null

2019-02-21 18:15:01 - [TEST_STEP][PASSED] - if (StrB.equals(StrA)): null

2019-02-21 18:15:01 - [TEST_STEP][PASSED] - (Counter++): null

2019-02-21 18:15:01 - [TEST_STEP][PASSED] - StrB = findTestData("Internal User List").getValue(2, Counter): null

2019-02-21 18:15:01 - [TEST_STEP][PASSED] - if (StrB.equals(StrA)): null

2019-02-21 18:15:01 - [TEST_STEP][PASSED] - (Counter++): null

2019-02-21 18:15:01 - [TEST_STEP][PASSED] - StrB = findTestData("Internal User List").getValue(2, Counter): null

2019-02-21 18:15:01 - [TEST_STEP][PASSED] - if (StrB.equals(StrA)): null

2019-02-21 18:15:01 - [TEST_STEP][PASSED] - (Counter++): null

2019-02-21 18:15:01 - [TEST_STEP][PASSED] - StrB = findTestData("Internal User List").getValue(2, Counter): null

2019-02-21 18:15:01 - [TEST_STEP][PASSED] - if (StrB.equals(StrA)): null

2019-02-21 18:15:01 - [TEST_STEP][PASSED] - (Counter++): null

2019-02-21 18:15:01 - [TEST_STEP][PASSED] - StrB = findTestData("Internal User List").getValue(2, Counter): null

2019-02-21 18:15:01 - [TEST_STEP][PASSED] - if (StrB.equals(StrA)): null

2019-02-21 18:15:01 - [TEST_STEP][PASSED] - (Counter++): null

2019-02-21 18:15:02 - [TEST_STEP][PASSED] - StrB = findTestData("Internal User List").getValue(2, Counter): null

2019-02-21 18:15:02 - [TEST_STEP][PASSED] - if (StrB.equals(StrA)): null

2019-02-21 18:15:02 - [TEST_STEP][PASSED] - (Counter++): null

2019-02-21 18:15:02 - [TEST_STEP][PASSED] - StrB = findTestData("Internal User List").getValue(2, Counter): null

2019-02-21 18:15:02 - [TEST_STEP][PASSED] - if (StrB.equals(StrA)): null

2019-02-21 18:15:02 - [TEST_STEP][PASSED] - (Counter++): null

2019-02-21 18:15:02 - [TEST_STEP][PASSED] - StrB = findTestData("Internal User List").getValue(2, Counter): null

2019-02-21 18:15:02 - [TEST_STEP][PASSED] - if (StrB.equals(StrA)): null

2019-02-21 18:15:02 - [TEST_STEP][PASSED] - (Counter++): null

2019-02-21 18:15:02 - [TEST_STEP][PASSED] - StrB = findTestData("Internal User List").getValue(2, Counter): null

2019-02-21 18:15:02 - [TEST_STEP][PASSED] - if (StrB.equals(StrA)): null

2019-02-21 18:15:03 - [TEST_STEP][PASSED] - (Counter++): null

2019-02-21 18:15:03 - [TEST_STEP][PASSED] - StrB = findTestData("Internal User List").getValue(2, Counter): null

2019-02-21 18:15:03 - [TEST_STEP][PASSED] - if (StrB.equals(StrA)): null

2019-02-21 18:15:03 - [TEST_STEP][PASSED] - (Counter++): null

2019-02-21 18:15:03 - [TEST_STEP][PASSED] - StrB = findTestData("Internal User List").getValue(2, Counter): null

2019-02-21 18:15:03 - [TEST_STEP][PASSED] - if (StrB.equals(StrA)): null

2019-02-21 18:15:03 - [TEST_STEP][PASSED] - (Counter++): null

2019-02-21 18:15:03 - [TEST_STEP][PASSED] - StrB = findTestData("Internal User List").getValue(2, Counter): null

2019-02-21 18:15:03 - [TEST_STEP][PASSED] - if (StrB.equals(StrA)): null

2019-02-21 18:15:03 - [TEST_STEP][PASSED] - (Counter++): null

2019-02-21 18:15:03 - [TEST_STEP][PASSED] - StrB = findTestData("Internal User List").getValue(2, Counter): null

2019-02-21 18:15:03 - [TEST_STEP][PASSED] - if (StrB.equals(StrA)): null

2019-02-21 18:15:03 - [TEST_STEP][PASSED] - (Counter++): null

2019-02-21 18:15:03 - [TEST_STEP][PASSED] - StrB = findTestData("Internal User List").getValue(2, Counter): null

2019-02-21 18:15:03 - [TEST_STEP][PASSED] - if (StrB.equals(StrA)): null

2019-02-21 18:15:03 - [TEST_STEP][PASSED] - (Counter++): null

2019-02-21 18:15:03 - [TEST_STEP][PASSED] - StrB = findTestData("Internal User List").getValue(2, Counter): null

2019-02-21 18:15:03 - [TEST_STEP][PASSED] - if (StrB.equals(StrA)): null

2019-02-21 18:15:03 - [TEST_STEP][PASSED] - (Counter++): null

2019-02-21 18:15:03 - [TEST_STEP][PASSED] - StrB = findTestData("Internal User List").getValue(2, Counter): null

2019-02-21 18:15:03 - [TEST_STEP][PASSED] - if (StrB.equals(StrA)): null

2019-02-21 18:15:03 - [TEST_STEP][PASSED] - (Counter++): null

2019-02-21 18:15:03 - [TEST_STEP][PASSED] - StrB = findTestData("Internal User List").getValue(2, Counter): null

2019-02-21 18:15:04 - [TEST_STEP][PASSED] - if (StrB.equals(StrA)): null

2019-02-21 18:15:04 - [TEST_STEP][PASSED] - (Counter++): null

2019-02-21 18:15:04 - [TEST_STEP][PASSED] - StrB = findTestData("Internal User List").getValue(2, Counter): null

2019-02-21 18:15:04 - [TEST_STEP][PASSED] - if (StrB.equals(StrA)): null

2019-02-21 18:15:04 - [TEST_STEP][PASSED] - (Counter++): null

2019-02-21 18:15:04 - [TEST_STEP][PASSED] - StrB = findTestData("Internal User List").getValue(2, Counter): null

2019-02-21 18:15:04 - [TEST_STEP][PASSED] - if (StrB.equals(StrA)): null

2019-02-21 18:15:04 - [TEST_STEP][PASSED] - (Counter++): null

2019-02-21 18:15:04 - [TEST_STEP][PASSED] - StrB = findTestData("Internal User List").getValue(2, Counter): null

2019-02-21 18:15:04 - [TEST_STEP][PASSED] - if (StrB.equals(StrA)): null

2019-02-21 18:15:04 - [TEST_STEP][PASSED] - (Counter++): null

2019-02-21 18:15:04 - [TEST_STEP][PASSED] - StrB = findTestData("Internal User List").getValue(2, Counter): null

2019-02-21 18:15:04 - [TEST_STEP][PASSED] - if (StrB.equals(StrA)): null

2019-02-21 18:15:04 - [TEST_STEP][PASSED] - (Counter++): null

2019-02-21 18:15:04 - [TEST_STEP][PASSED] - StrB = findTestData("Internal User List").getValue(2, Counter): null

2019-02-21 18:15:04 - [TEST_STEP][PASSED] - if (StrB.equals(StrA)): null

2019-02-21 18:15:04 - [TEST_STEP][PASSED] - (Counter++): null

2019-02-21 18:15:04 - [TEST_STEP][PASSED] - StrB = findTestData("Internal User List").getValue(2, Counter): null

2019-02-21 18:15:05 - [TEST_STEP][PASSED] - if (StrB.equals(StrA)): null

2019-02-21 18:15:05 - [TEST_STEP][PASSED] - (Counter++): null

2019-02-21 18:15:05 - [TEST_STEP][PASSED] - StrB = findTestData("Internal User List").getValue(2, Counter): null

2019-02-21 18:15:05 - [TEST_STEP][PASSED] - if (StrB.equals(StrA)): null

2019-02-21 18:15:05 - [TEST_STEP][PASSED] - (Counter++): null

2019-02-21 18:15:05 - [TEST_STEP][PASSED] - StrB = findTestData("Internal User List").getValue(2, Counter): null

2019-02-21 18:15:05 - [TEST_STEP][PASSED] - if (StrB.equals(StrA)): null

2019-02-21 18:15:05 - [TEST_STEP][PASSED] - (Counter++): null

2019-02-21 18:15:05 - [TEST_STEP][PASSED] - StrB = findTestData("Internal User List").getValue(2, Counter): null

2019-02-21 18:15:05 - [TEST_STEP][PASSED] - if (StrB.equals(StrA)): null

2019-02-21 18:15:05 - [TEST_STEP][PASSED] - (Counter++): null

2019-02-21 18:15:05 - [TEST_STEP][PASSED] - StrB = findTestData("Internal User List").getValue(2, Counter): null

2019-02-21 18:15:05 - [TEST_STEP][PASSED] - if (StrB.equals(StrA)): null

2019-02-21 18:15:05 - [TEST_STEP][PASSED] - (Counter++): null

2019-02-21 18:15:05 - [TEST_STEP][PASSED] - StrB = findTestData("Internal User List").getValue(2, Counter): null

2019-02-21 18:15:05 - [TEST_STEP][PASSED] - if (StrB.equals(StrA)): null

2019-02-21 18:15:05 - [TEST_STEP][PASSED] - (Counter++): null

2019-02-21 18:15:06 - [TEST_STEP][PASSED] - StrB = findTestData("Internal User List").getValue(2, Counter): null

2019-02-21 18:15:06 - [TEST_STEP][PASSED] - if (StrB.equals(StrA)): null

2019-02-21 18:15:06 - [TEST_STEP][PASSED] - (Counter++): null

2019-02-21 18:15:06 - [TEST_STEP][PASSED] - StrB = findTestData("Internal User List").getValue(2, Counter): null

2019-02-21 18:15:06 - [TEST_STEP][PASSED] - if (StrB.equals(StrA)): null

2019-02-21 18:15:06 - [TEST_STEP][PASSED] - (Counter++): null

2019-02-21 18:15:06 - [TEST_STEP][PASSED] - StrB = findTestData("Internal User List").getValue(2, Counter): null

2019-02-21 18:15:06 - [TEST_STEP][PASSED] - if (StrB.equals(StrA)): null

2019-02-21 18:15:06 - [TEST_STEP][PASSED] - (Counter++): null

2019-02-21 18:15:06 - [TEST_STEP][PASSED] - StrB = findTestData("Internal User List").getValue(2, Counter): null

2019-02-21 18:15:06 - [TEST_STEP][PASSED] - if (StrB.equals(StrA)): null

2019-02-21 18:15:06 - [TEST_STEP][PASSED] - (Counter++): null

2019-02-21 18:15:06 - [TEST_STEP][PASSED] - StrB = findTestData("Internal User List").getValue(2, Counter): null

2019-02-21 18:15:06 - [TEST_STEP][PASSED] - if (StrB.equals(StrA)): null

2019-02-21 18:15:07 - [TEST_STEP][PASSED] - (Counter++): null

2019-02-21 18:15:07 - [TEST_STEP][PASSED] - StrB = findTestData("Internal User List").getValue(2, Counter): null

2019-02-21 18:15:07 - [TEST_STEP][PASSED] - if (StrB.equals(StrA)): null

2019-02-21 18:15:07 - [TEST_STEP][PASSED] - (Counter++): null

2019-02-21 18:15:07 - [TEST_STEP][PASSED] - StrB = findTestData("Internal User List").getValue(2, Counter): null

2019-02-21 18:15:07 - [TEST_STEP][PASSED] - if (StrB.equals(StrA)): null

2019-02-21 18:15:07 - [TEST_STEP][PASSED] - (Counter++): null

2019-02-21 18:15:07 - [TEST_STEP][PASSED] - StrB = findTestData("Internal User List").getValue(2, Counter): null

2019-02-21 18:15:07 - [TEST_STEP][PASSED] - if (StrB.equals(StrA)): null

2019-02-21 18:15:07 - [TEST_STEP][PASSED] - (Counter++): null

2019-02-21 18:15:07 - [TEST_STEP][PASSED] - StrB = findTestData("Internal User List").getValue(2, Counter): null

2019-02-21 18:15:07 - [TEST_STEP][PASSED] - if (StrB.equals(StrA)): null

2019-02-21 18:15:07 - [TEST_STEP][PASSED] - (Counter++): null

2019-02-21 18:15:07 - [TEST_STEP][PASSED] - StrB = findTestData("Internal User List").getValue(2, Counter): null

2019-02-21 18:15:07 - [TEST_STEP][PASSED] - if (StrB.equals(StrA)): null

2019-02-21 18:15:07 - [TEST_STEP][PASSED] - (Counter++): null

2019-02-21 18:15:08 - [TEST_STEP][PASSED] - StrB = findTestData("Internal User List").getValue(2, Counter): null

2019-02-21 18:15:08 - [TEST_STEP][PASSED] - if (StrB.equals(StrA)): null

2019-02-21 18:15:08 - [TEST_STEP][PASSED] - (Counter++): null

2019-02-21 18:15:08 - [TEST_STEP][PASSED] - StrB = findTestData("Internal User List").getValue(2, Counter): null

2019-02-21 18:15:08 - [TEST_STEP][PASSED] - if (StrB.equals(StrA)): null

2019-02-21 18:15:08 - [TEST_STEP][PASSED] - (Counter++): null

2019-02-21 18:15:08 - [TEST_STEP][PASSED] - StrB = findTestData("Internal User List").getValue(2, Counter): null

2019-02-21 18:15:08 - [TEST_STEP][PASSED] - if (StrB.equals(StrA)): null

2019-02-21 18:15:08 - [TEST_STEP][PASSED] - (Counter++): null

2019-02-21 18:15:08 - [TEST_STEP][PASSED] - StrB = findTestData("Internal User List").getValue(2, Counter): null

2019-02-21 18:15:08 - [TEST_STEP][PASSED] - if (StrB.equals(StrA)): null

2019-02-21 18:15:08 - [TEST_STEP][PASSED] - (Counter++): null

2019-02-21 18:15:08 - [TEST_STEP][PASSED] - StrB = findTestData("Internal User List").getValue(2, Counter): null

2019-02-21 18:15:08 - [TEST_STEP][PASSED] - if (StrB.equals(StrA)): null

2019-02-21 18:15:09 - [TEST_STEP][PASSED] - (Counter++): null

2019-02-21 18:15:09 - [TEST_STEP][PASSED] - StrB = findTestData("Internal User List").getValue(2, Counter): null

2019-02-21 18:15:09 - [TEST_STEP][PASSED] - if (StrB.equals(StrA)): null

2019-02-21 18:15:09 - [TEST_STEP][PASSED] - (Counter++): null

2019-02-21 18:15:09 - [TEST_STEP][PASSED] - StrB = findTestData("Internal User List").getValue(2, Counter): null

2019-02-21 18:15:09 - [TEST_STEP][PASSED] - if (StrB.equals(StrA)): null

2019-02-21 18:15:09 - [TEST_STEP][PASSED] - (Counter++): null

2019-02-21 18:15:09 - [TEST_STEP][PASSED] - StrB = findTestData("Internal User List").getValue(2, Counter): null

2019-02-21 18:15:09 - [TEST_STEP][PASSED] - if (StrB.equals(StrA)): null

2019-02-21 18:15:09 - [TEST_STEP][PASSED] - (Counter++): null

2019-02-21 18:15:09 - [TEST_STEP][PASSED] - StrB = findTestData("Internal User List").getValue(2, Counter): null

2019-02-21 18:15:09 - [TEST_STEP][PASSED] - if (StrB.equals(StrA)): null

2019-02-21 18:15:09 - [TEST_STEP][PASSED] - (Counter++): null

2019-02-21 18:15:09 - [TEST_STEP][PASSED] - StrB = findTestData("Internal User List").getValue(2, Counter): null

2019-02-21 18:15:09 - [TEST_STEP][PASSED] - if (StrB.equals(StrA)): null

2019-02-21 18:15:09 - [TEST_STEP][PASSED] - (Counter++): null

2019-02-21 18:15:09 - [TEST_STEP][PASSED] - StrB = findTestData("Internal User List").getValue(2, Counter): null

2019-02-21 18:15:09 - [TEST_STEP][PASSED] - if (StrB.equals(StrA)): null

2019-02-21 18:15:09 - [TEST_STEP][PASSED] - (Counter++): null

2019-02-21 18:15:09 - [TEST_STEP][PASSED] - StrB = findTestData("Internal User List").getValue(2, Counter): null

2019-02-21 18:15:09 - [TEST_STEP][PASSED] - if (StrB.equals(StrA)): null

2019-02-21 18:15:10 - [TEST_STEP][PASSED] - (Counter++): null

2019-02-21 18:15:10 - [TEST_STEP][PASSED] - StrB = findTestData("Internal User List").getValue(2, Counter): null

2019-02-21 18:15:10 - [TEST_STEP][PASSED] - if (StrB.equals(StrA)): null

2019-02-21 18:15:10 - [TEST_STEP][PASSED] - (Counter++): null

2019-02-21 18:15:10 - [TEST_STEP][PASSED] - StrB = findTestData("Internal User List").getValue(2, Counter): null

2019-02-21 18:15:10 - [TEST_STEP][PASSED] - if (StrB.equals(StrA)): null

2019-02-21 18:15:10 - [TEST_STEP][PASSED] - (Counter++): null

2019-02-21 18:15:10 - [TEST_STEP][PASSED] - StrB = findTestData("Internal User List").getValue(2, Counter): null

2019-02-21 18:15:10 - [TEST_STEP][PASSED] - if (StrB.equals(StrA)): null

2019-02-21 18:15:10 - [TEST_STEP][PASSED] - (Counter++): null

2019-02-21 18:15:11 - [TEST_STEP][PASSED] - StrB = findTestData("Internal User List").getValue(2, Counter): null

2019-02-21 18:15:11 - [TEST_STEP][PASSED] - if (StrB.equals(StrA)): null

2019-02-21 18:15:11 - [TEST_STEP][PASSED] - (Counter++): null

2019-02-21 18:15:11 - [TEST_STEP][PASSED] - StrB = findTestData("Internal User List").getValue(2, Counter): null

2019-02-21 18:15:11 - [TEST_STEP][PASSED] - if (StrB.equals(StrA)): null

2019-02-21 18:15:11 - [TEST_STEP][PASSED] - (Counter++): null

2019-02-21 18:15:11 - [TEST_STEP][PASSED] - StrB = findTestData("Internal User List").getValue(2, Counter): null

2019-02-21 18:15:11 - [TEST_STEP][PASSED] - if (StrB.equals(StrA)): null

2019-02-21 18:15:11 - [TEST_STEP][PASSED] - (Counter++): null

2019-02-21 18:15:11 - [TEST_STEP][PASSED] - StrB = findTestData("Internal User List").getValue(2, Counter): null

2019-02-21 18:15:11 - [TEST_STEP][PASSED] - if (StrB.equals(StrA)): null

2019-02-21 18:15:11 - [TEST_STEP][PASSED] - (Counter++): null

2019-02-21 18:15:11 - [TEST_STEP][PASSED] - StrB = findTestData("Internal User List").getValue(2, Counter): null

2019-02-21 18:15:11 - [TEST_STEP][PASSED] - if (StrB.equals(StrA)): null

2019-02-21 18:15:11 - [TEST_STEP][PASSED] - (Counter++): null

2019-02-21 18:15:11 - [TEST_STEP][PASSED] - StrB = findTestData("Internal User List").getValue(2, Counter): null

2019-02-21 18:15:11 - [TEST_STEP][PASSED] - if (StrB.equals(StrA)): null

2019-02-21 18:15:11 - [TEST_STEP][PASSED] - (Counter++): null

2019-02-21 18:15:11 - [TEST_STEP][PASSED] - StrB = findTestData("Internal User List").getValue(2, Counter): null

2019-02-21 18:15:11 - [TEST_STEP][PASSED] - if (StrB.equals(StrA)): null

2019-02-21 18:15:12 - [TEST_STEP][PASSED] - (Counter++): null

2019-02-21 18:15:12 - [TEST_STEP][PASSED] - StrB = findTestData("Internal User List").getValue(2, Counter): null

2019-02-21 18:15:12 - [TEST_STEP][PASSED] - if (StrB.equals(StrA)): null

2019-02-21 18:15:12 - [TEST_STEP][PASSED] - (Counter++): null

2019-02-21 18:15:12 - [TEST_STEP][PASSED] - StrB = findTestData("Internal User List").getValue(2, Counter): null

2019-02-21 18:15:12 - [TEST_STEP][PASSED] - if (StrB.equals(StrA)): null

2019-02-21 18:15:12 - [TEST_STEP][PASSED] - (Counter++): null

2019-02-21 18:15:12 - [TEST_STEP][PASSED] - StrB = findTestData("Internal User List").getValue(2, Counter): null

2019-02-21 18:15:12 - [TEST_STEP][PASSED] - if (StrB.equals(StrA)): null

2019-02-21 18:15:12 - [TEST_STEP][PASSED] - (Counter++): null

2019-02-21 18:15:12 - [TEST_STEP][PASSED] - StrB = findTestData("Internal User List").getValue(2, Counter): null

2019-02-21 18:15:12 - [TEST_STEP][PASSED] - if (StrB.equals(StrA)): null

2019-02-21 18:15:12 - [TEST_STEP][PASSED] - (Counter++): null

2019-02-21 18:15:12 - [TEST_STEP][PASSED] - StrB = findTestData("Internal User List").getValue(2, Counter): null

2019-02-21 18:15:13 - [TEST_STEP][PASSED] - if (StrB.equals(StrA)): null

2019-02-21 18:15:13 - [TEST_STEP][PASSED] - (Counter++): null

2019-02-21 18:15:13 - [TEST_STEP][PASSED] - StrB = findTestData("Internal User List").getValue(2, Counter): null

2019-02-21 18:15:13 - [TEST_STEP][PASSED] - if (StrB.equals(StrA)): null

2019-02-21 18:15:13 - [TEST_STEP][PASSED] - (Counter++): null

2019-02-21 18:15:13 - [TEST_STEP][PASSED] - StrB = findTestData("Internal User List").getValue(2, Counter): null

2019-02-21 18:15:13 - [TEST_STEP][PASSED] - if (StrB.equals(StrA)): null

2019-02-21 18:15:13 - [TEST_STEP][PASSED] - (Counter++): null

2019-02-21 18:15:13 - [TEST_STEP][PASSED] - StrB = findTestData("Internal User List").getValue(2, Counter): null

2019-02-21 18:15:13 - [TEST_STEP][PASSED] - if (StrB.equals(StrA)): null

2019-02-21 18:15:13 - [TEST_STEP][PASSED] - (Counter++): null

2019-02-21 18:15:13 - [TEST_STEP][PASSED] - StrB = findTestData("Internal User List").getValue(2, Counter): null

2019-02-21 18:15:13 - [TEST_STEP][PASSED] - if (StrB.equals(StrA)): null

2019-02-21 18:15:13 - [TEST_STEP][PASSED] - (Counter++): null

2019-02-21 18:15:13 - [TEST_STEP][PASSED] - StrB = findTestData("Internal User List").getValue(2, Counter): null

2019-02-21 18:15:13 - [TEST_STEP][PASSED] - if (StrB.equals(StrA)): null

2019-02-21 18:15:13 - [TEST_STEP][PASSED] - (Counter++): null

2019-02-21 18:15:14 - [TEST_STEP][PASSED] - StrB = findTestData("Internal User List").getValue(2, Counter): null

2019-02-21 18:15:14 - [TEST_STEP][PASSED] - if (StrB.equals(StrA)): null

2019-02-21 18:15:14 - [TEST_STEP][PASSED] - (Counter++): null

2019-02-21 18:15:14 - [TEST_STEP][PASSED] - StrB = findTestData("Internal User List").getValue(2, Counter): null

2019-02-21 18:15:14 - [TEST_STEP][PASSED] - if (StrB.equals(StrA)): null

2019-02-21 18:15:14 - [TEST_STEP][PASSED] - (Counter++): null

2019-02-21 18:15:14 - [TEST_STEP][PASSED] - StrB = findTestData("Internal User List").getValue(2, Counter): null

2019-02-21 18:15:14 - [TEST_STEP][PASSED] - if (StrB.equals(StrA)): null

2019-02-21 18:15:14 - [TEST_STEP][PASSED] - (Counter++): null

2019-02-21 18:15:14 - [TEST_STEP][PASSED] - StrB = findTestData("Internal User List").getValue(2, Counter): null

2019-02-21 18:15:14 - [TEST_STEP][PASSED] - if (StrB.equals(StrA)): null

2019-02-21 18:15:14 - [TEST_STEP][PASSED] - (Counter++): null

2019-02-21 18:15:14 - [TEST_STEP][PASSED] - StrB = findTestData("Internal User List").getValue(2, Counter): null

2019-02-21 18:15:14 - [TEST_STEP][PASSED] - if (StrB.equals(StrA)): null

2019-02-21 18:15:14 - [TEST_STEP][PASSED] - (Counter++): null

2019-02-21 18:15:15 - [TEST_STEP][PASSED] - StrB = findTestData("Internal User List").getValue(2, Counter): null

2019-02-21 18:15:15 - [TEST_STEP][PASSED] - if (StrB.equals(StrA)): null

2019-02-21 18:15:15 - [TEST_STEP][PASSED] - (Counter++): null

2019-02-21 18:15:15 - [TEST_STEP][PASSED] - StrB = findTestData("Internal User List").getValue(2, Counter): null

2019-02-21 18:15:15 - [TEST_STEP][PASSED] - if (StrB.equals(StrA)): null

2019-02-21 18:15:15 - [TEST_STEP][PASSED] - (Counter++): null

2019-02-21 18:15:15 - [TEST_STEP][PASSED] - StrB = findTestData("Internal User List").getValue(2, Counter): null

2019-02-21 18:15:15 - [TEST_STEP][PASSED] - if (StrB.equals(StrA)): null

2019-02-21 18:15:15 - [TEST_STEP][PASSED] - (Counter++): null

2019-02-21 18:15:15 - [TEST_STEP][PASSED] - StrB = findTestData("Internal User List").getValue(2, Counter): null

2019-02-21 18:15:15 - [TEST_STEP][PASSED] - if (StrB.equals(StrA)): null

2019-02-21 18:15:15 - [TEST_STEP][PASSED] - (Counter++): null

2019-02-21 18:15:15 - [TEST_STEP][PASSED] - StrB = findTestData("Internal User List").getValue(2, Counter): null

2019-02-21 18:15:15 - [TEST_STEP][PASSED] - if (StrB.equals(StrA)): null

2019-02-21 18:15:15 - [TEST_STEP][PASSED] - (Counter++): null

2019-02-21 18:15:15 - [TEST_STEP][PASSED] - StrB = findTestData("Internal User List").getValue(2, Counter): null

2019-02-21 18:15:16 - [TEST_STEP][PASSED] - if (StrB.equals(StrA)): null

2019-02-21 18:15:16 - [TEST_STEP][PASSED] - (Counter++): null

2019-02-21 18:15:16 - [TEST_STEP][PASSED] - StrB = findTestData("Internal User List").getValue(2, Counter): null

2019-02-21 18:15:16 - [TEST_STEP][PASSED] - if (StrB.equals(StrA)): null

2019-02-21 18:15:16 - [TEST_STEP][PASSED] - (Counter++): null

2019-02-21 18:15:16 - [TEST_STEP][PASSED] - StrB = findTestData("Internal User List").getValue(2, Counter): null

2019-02-21 18:15:16 - [TEST_STEP][PASSED] - if (StrB.equals(StrA)): null

2019-02-21 18:15:16 - [TEST_STEP][PASSED] - (Counter++): null

2019-02-21 18:15:16 - [TEST_STEP][PASSED] - StrB = findTestData("Internal User List").getValue(2, Counter): null

2019-02-21 18:15:16 - [TEST_STEP][PASSED] - if (StrB.equals(StrA)): null

2019-02-21 18:15:16 - [TEST_STEP][PASSED] - (Counter++): null

2019-02-21 18:15:16 - [TEST_STEP][PASSED] - StrB = findTestData("Internal User List").getValue(2, Counter): null

2019-02-21 18:15:16 - [TEST_STEP][PASSED] - if (StrB.equals(StrA)): null

2019-02-21 18:15:16 - [TEST_STEP][PASSED] - (Counter++): null

2019-02-21 18:15:16 - [TEST_STEP][PASSED] - StrB = findTestData("Internal User List").getValue(2, Counter): null

2019-02-21 18:15:16 - [TEST_STEP][PASSED] - if (StrB.equals(StrA)): null

2019-02-21 18:15:16 - [TEST_STEP][PASSED] - (Counter++): null

2019-02-21 18:15:16 - [TEST_STEP][PASSED] - StrB = findTestData("Internal User List").getValue(2, Counter): null

2019-02-21 18:15:17 - [TEST_STEP][PASSED] - if (StrB.equals(StrA)): null

2019-02-21 18:15:17 - [TEST_STEP][PASSED] - (Counter++): null

2019-02-21 18:15:17 - [TEST_STEP][PASSED] - StrB = findTestData("Internal User List").getValue(2, Counter): null

2019-02-21 18:15:17 - [TEST_STEP][PASSED] - if (StrB.equals(StrA)): null

2019-02-21 18:15:17 - [TEST_STEP][PASSED] - (Counter++): null

2019-02-21 18:15:17 - [TEST_STEP][PASSED] - StrB = findTestData("Internal User List").getValue(2, Counter): null

2019-02-21 18:15:17 - [TEST_STEP][PASSED] - if (StrB.equals(StrA)): null

2019-02-21 18:15:17 - [TEST_STEP][PASSED] - (Counter++): null

2019-02-21 18:15:17 - [TEST_STEP][PASSED] - StrB = findTestData("Internal User List").getValue(2, Counter): null

2019-02-21 18:15:17 - [TEST_STEP][PASSED] - if (StrB.equals(StrA)): null

2019-02-21 18:15:17 - [TEST_STEP][PASSED] - (Counter++): null

2019-02-21 18:15:17 - [TEST_STEP][PASSED] - StrB = findTestData("Internal User List").getValue(2, Counter): null

2019-02-21 18:15:18 - [TEST_STEP][PASSED] - if (StrB.equals(StrA)): null

2019-02-21 18:15:18 - [TEST_STEP][PASSED] - (Counter++): null

2019-02-21 18:15:18 - [TEST_STEP][PASSED] - StrB = findTestData("Internal User List").getValue(2, Counter): null

2019-02-21 18:15:18 - [TEST_STEP][PASSED] - if (StrB.equals(StrA)): null

2019-02-21 18:15:18 - [TEST_STEP][PASSED] - (Counter++): null

2019-02-21 18:15:18 - [TEST_STEP][PASSED] - StrB = findTestData("Internal User List").getValue(2, Counter): null

2019-02-21 18:15:18 - [TEST_STEP][PASSED] - if (StrB.equals(StrA)): null

2019-02-21 18:15:18 - [TEST_STEP][PASSED] - (Counter++): null

2019-02-21 18:15:18 - [TEST_STEP][PASSED] - StrB = findTestData("Internal User List").getValue(2, Counter): null

2019-02-21 18:15:18 - [TEST_STEP][PASSED] - if (StrB.equals(StrA)): null

2019-02-21 18:15:18 - [TEST_STEP][PASSED] - (Counter++): null

2019-02-21 18:15:18 - [TEST_STEP][PASSED] - StrB = findTestData("Internal User List").getValue(2, Counter): null

2019-02-21 18:15:18 - [TEST_STEP][PASSED] - if (StrB.equals(StrA)): null

2019-02-21 18:15:18 - [TEST_STEP][PASSED] - (Counter++): null

2019-02-21 18:15:18 - [TEST_STEP][PASSED] - StrB = findTestData("Internal User List").getValue(2, Counter): null

2019-02-21 18:15:18 - [TEST_STEP][PASSED] - if (StrB.equals(StrA)): null

2019-02-21 18:15:18 - [TEST_STEP][PASSED] - (Counter++): null

2019-02-21 18:15:18 - [TEST_STEP][PASSED] - StrB = findTestData("Internal User List").getValue(2, Counter): null

2019-02-21 18:15:18 - [TEST_STEP][PASSED] - if (StrB.equals(StrA)): null

2019-02-21 18:15:18 - [TEST_STEP][PASSED] - (Counter++): null

2019-02-21 18:15:19 - [TEST_STEP][PASSED] - StrB = findTestData("Internal User List").getValue(2, Counter): null

2019-02-21 18:15:19 - [TEST_STEP][PASSED] - if (StrB.equals(StrA)): null

2019-02-21 18:15:19 - [TEST_STEP][PASSED] - (Counter++): null

2019-02-21 18:15:19 - [TEST_STEP][PASSED] - StrB = findTestData("Internal User List").getValue(2, Counter): null

2019-02-21 18:15:19 - [TEST_STEP][PASSED] - if (StrB.equals(StrA)): null

2019-02-21 18:15:19 - [TEST_STEP][PASSED] - (Counter++): null

2019-02-21 18:15:19 - [TEST_STEP][PASSED] - StrB = findTestData("Internal User List").getValue(2, Counter): null

2019-02-21 18:15:19 - [TEST_STEP][PASSED] - if (StrB.equals(StrA)): null

2019-02-21 18:15:19 - [TEST_STEP][PASSED] - (Counter++): null

2019-02-21 18:15:19 - [TEST_STEP][PASSED] - StrB = findTestData("Internal User List").getValue(2, Counter): null

2019-02-21 18:15:19 - [TEST_STEP][PASSED] - if (StrB.equals(StrA)): null

2019-02-21 18:15:19 - [TEST_STEP][PASSED] - StrEmail = findTestData("Internal User List").getValue(1, Counter): null

2019-02-21 18:15:20 - [TEST_STEP][PASSED] - InternalEmail = StrEmail: null

2019-02-21 18:15:20 - [TEST_STEP][PASSED] - out.println(StrEmail): null

2019-02-21 18:15:20 - [TEST_STEP][PASSED] - (Counter++): null

2019-02-21 18:15:20 - [MESSAGE][PASSED] - Call Test Case 'Test Cases/All TC/Arranged/1. Common/Internal Email Finder' successfully

2019-02-21 18:15:20 - [TEST_STEP][PASSED] - tempCaseID = <not implemented yet for class: org.codehaus.groovy.ast.expr.EmptyExpression>: null

2019-02-21 18:15:20 - [TEST_STEP][PASSED] - targetCaseID = InternalEmail: null

2019-02-21 18:15:20 - [TEST_STEP][PASSED] - caseNum = new com.kms.katalon.core.testobject.TestObject(): null

2019-02-21 18:15:20 - [TEST_STEP][PASSED] - boolVerify = true: null

2019-02-21 18:15:20 - [TEST_STEP][PASSED] - counterA = 1: null

2019-02-21 18:15:20 - [TEST_STEP][PASSED] - counterB = 1: null

2019-02-21 18:15:20 - [TEST_STEP][PASSED] - counterF = 1: null

2019-02-21 18:15:20 - [TEST_STEP][PASSED] - while (boolVerify.equals(true)): null

2019-02-21 18:15:20 - [TEST_STEP][PASSED] - strXpathA = "(id("staffListTable")/tbody[1]/tr[@class="odd"]/td[1]/input[1])[" + counterA + "]": null

2019-02-21 18:15:20 - [TEST_STEP][PASSED] - strXpathB = "(id("staffListTable")/tbody[1]/tr[@class="even"]/td[1]/input[1])[" + counterB + "]": null

2019-02-21 18:15:20 - [TEST_STEP][PASSED] - modVal = counterF % 2: null

2019-02-21 18:15:20 - [TEST_STEP][PASSED] - if (modVal.equals(1)): null

2019-02-21 18:15:20 - [TEST_STEP][PASSED] - caseNum.addProperty("xpath", EQUALS, strXpathA, true): null

2019-02-21 18:15:20 - [TEST_STEP][PASSED] - (counterA++): null

2019-02-21 18:15:21 - [TEST_STEP][PASSED] - if (modVal.equals(0)): null

2019-02-21 18:15:21 - [TEST_STEP][PASSED] - boolVerify = verifyElementPresent(caseNum, 30, OPTIONAL): Object '' is present

2019-02-21 18:15:21 - [MESSAGE][PASSED] - Object '' is present

2019-02-21 18:15:21 - [TEST_STEP][PASSED] - if (boolVerify.equals(true)): null

2019-02-21 18:15:21 - [TEST_STEP][PASSED] - tempCaseID = getText(caseNum): Text of object '' is: ''

2019-02-21 18:15:21 - [MESSAGE][PASSED] - Text of object '' is: ''

2019-02-21 18:15:21 - [TEST_STEP][PASSED] - if (!(tempCaseID.equals(targetCaseID))): null

2019-02-21 18:15:21 - [TEST_STEP][PASSED] - click(caseNum): Object: '' is clicked on

2019-02-21 18:15:21 - [MESSAGE][PASSED] - Object: '' is clicked on

2019-02-21 18:15:21 - [TEST_STEP][PASSED] - counterF = 0: null

2019-02-21 18:15:21 - [TEST_STEP][PASSED] - break: null

2019-02-21 18:15:21 - [MESSAGE][PASSED] - Call Test Case 'Test Cases/All TC/Arranged/1. Common/1.3 Loops/While Loop - Query' successfully

2019-02-21 18:15:21 - [TEST_STEP][PASSED] - setText(findTestObject("KinJun/6.0 Query/6.4 Cross branch - EIO/Page_PERKESO/remarks"), "query"): Text 'query' is set on object 'Object Repository/KinJun/6.0 Query/6.4 Cross branch - EIO/Page_PERKESO/remarks'

2019-02-21 18:15:22 - [MESSAGE][PASSED] - Text 'query' is set on object 'Object Repository/KinJun/6.0 Query/6.4 Cross branch - EIO/Page_PERKESO/remarks'

2019-02-21 18:15:22 - [TEST_STEP][PASSED] - delay(3): Delayed 3 second(s)

2019-02-21 18:15:25 - [MESSAGE][PASSED] - Delayed 3 second(s)

2019-02-21 18:15:25 - [TEST_STEP][PASSED] - click(findTestObject("KinJun/6.0 Query/6.4 Cross branch - EIO/Page_PERKESO/Btn Query2")): Object: 'Object Repository/KinJun/6.0 Query/6.4 Cross branch - EIO/Page_PERKESO/Btn Query2' is clicked on

2019-02-21 18:15:25 - [MESSAGE][PASSED] - Object: 'Object Repository/KinJun/6.0 Query/6.4 Cross branch - EIO/Page_PERKESO/Btn Query2' is clicked on

2019-02-21 18:15:25 - [TEST_STEP][PASSED] - delay(3): Delayed 3 second(s)

2019-02-21 18:15:28 - [MESSAGE][PASSED] - Delayed 3 second(s)

2019-02-21 18:15:28 - [TEST_STEP][FAILED] - click(findTestObject("KinJun/6.0 Query/6.4 Cross branch - EIO/Page_PERKESO/Click username")): click(findTestObject("KinJun/6.0 Query/6.4 Cross branch - EIO/Page_PERKESO/Click username")) FAILED.
Reason:
com.kms.katalon.core.exception.StepFailedException: Unable to click on object 'Object Repository/KinJun/6.0 Query/6.4 Cross branch - EIO/Page_PERKESO/Click username' (Root cause: com.kms.katalon.core.webui.exception.WebElementNotFoundException: Web element with id: 'Object Repository/KinJun/6.0 Query/6.4 Cross branch - EIO/Page_PERKESO/Click username' located by 'By.xpath: id("bg2")/header[1]/div[@class="container-fluid"]/div[@class="row"]/div[@class="col-md-2"]/ul[@class="nav navbar-nav navbar-right"]/li[@class="dropdown"]/a[@class="dropdown-toggle"][count(. | //a[@href = '#']) = count(//a[@href = '#'])]' not found)
	at com.kms.katalon.core.keyword.internal.KeywordMain.stepFailed(KeywordMain.groovy:36)
	at com.kms.katalon.core.webui.keyword.internal.WebUIKeywordMain.stepFailed(WebUIKeywordMain.groovy:65)
	at com.kms.katalon.core.webui.keyword.internal.WebUIKeywordMain.runKeyword(WebUIKeywordMain.groovy:27)
	at com.kms.katalon.core.webui.keyword.builtin.ClickKeyword.click(ClickKeyword.groovy:86)
	at com.kms.katalon.core.webui.keyword.builtin.ClickKeyword.execute(ClickKeyword.groovy:67)
	at com.kms.katalon.core.keyword.internal.KeywordExecutor.executeKeywordForPlatform(KeywordExecutor.groovy:53)
	at com.kms.katalon.core.webui.keyword.WebUiBuiltInKeywords.click(WebUiBuiltInKeywords.groovy:616)
	at com.kms.katalon.core.webui.keyword.WebUiBuiltInKeywords$click$3.call(Unknown Source)
	at 6.4 Cross Branch - EIO.run(6.4 Cross Branch - EIO:83)
	at com.kms.katalon.core.main.ScriptEngine.run(ScriptEngine.java:194)
	at com.kms.katalon.core.main.ScriptEngine.runScriptAsRawText(ScriptEngine.java:119)
	at com.kms.katalon.core.main.TestCaseExecutor.runScript(TestCaseExecutor.java:328)
	at com.kms.katalon.core.main.TestCaseExecutor.doExecute(TestCaseExecutor.java:319)
	at com.kms.katalon.core.main.TestCaseExecutor.processExecutionPhase(TestCaseExecutor.java:298)
	at com.kms.katalon.core.main.TestCaseExecutor.accessMainPhase(TestCaseExecutor.java:290)
	at com.kms.katalon.core.main.TestCaseExecutor.execute(TestCaseExecutor.java:224)
	at com.kms.katalon.core.main.TestCaseMain.runTestCase(TestCaseMain.java:106)
	at com.kms.katalon.core.keyword.builtin.CallTestCaseKeyword$_callTestCase_closure1.doCall(CallTestCaseKeyword.groovy:59)
	at com.kms.katalon.core.keyword.builtin.CallTestCaseKeyword$_callTestCase_closure1.call(CallTestCaseKeyword.groovy)
	at com.kms.katalon.core.keyword.internal.KeywordMain.runKeyword(KeywordMain.groovy:54)
	at com.kms.katalon.core.keyword.builtin.CallTestCaseKeyword.callTestCase(CallTestCaseKeyword.groovy:80)
	at com.kms.katalon.core.keyword.builtin.CallTestCaseKeyword.execute(CallTestCaseKeyword.groovy:44)
	at com.kms.katalon.core.keyword.internal.KeywordExecutor.executeKeywordForPlatform(KeywordExecutor.groovy:53)
	at com.kms.katalon.core.keyword.BuiltinKeywords.callTestCase(BuiltinKeywords.groovy:334)
	at Cross branch - EIO.run(Cross branch - EIO:22)
	at com.kms.katalon.core.main.ScriptEngine.run(ScriptEngine.java:194)
	at com.kms.katalon.core.main.ScriptEngine.runScriptAsRawText(ScriptEngine.java:119)
	at com.kms.katalon.core.main.TestCaseExecutor.runScript(TestCaseExecutor.java:328)
	at com.kms.katalon.core.main.TestCaseExecutor.doExecute(TestCaseExecutor.java:319)
	at com.kms.katalon.core.main.TestCaseExecutor.processExecutionPhase(TestCaseExecutor.java:298)
	at com.kms.katalon.core.main.TestCaseExecutor.accessMainPhase(TestCaseExecutor.java:290)
	at com.kms.katalon.core.main.TestCaseExecutor.execute(TestCaseExecutor.java:224)
	at com.kms.katalon.core.main.TestSuiteExecutor.accessTestCaseMainPhase(TestSuiteExecutor.java:129)
	at com.kms.katalon.core.main.TestSuiteExecutor.accessTestSuiteMainPhase(TestSuiteExecutor.java:112)
	at com.kms.katalon.core.main.TestSuiteExecutor.execute(TestSuiteExecutor.java:81)
	at com.kms.katalon.core.main.TestCaseMain.startTestSuite(TestCaseMain.java:149)
	at com.kms.katalon.core.main.TestCaseMain$startTestSuite$0.call(Unknown Source)
	at TempTestSuite1550738418733.run(TempTestSuite1550738418733.groovy:36)


2019-02-21 18:15:59 - [MESSAGE][INFO] - Unable to find the element located by 'By.xpath: id("bg2")/header[1]/div[@class="container-fluid"]/div[@class="row"]/div[@class="col-md-2"]/ul[@class="nav navbar-nav navbar-right"]/li[@class="dropdown"]/a[@class="dropdown-toggle"][count(. | //a[@href = '#']) = count(//a[@href = '#'])]'. Please recheck the objects properties to make sure the desired element is located. 

2019-02-21 18:15:59 - [MESSAGE][FAILED] - Unable to click on object 'Object Repository/KinJun/6.0 Query/6.4 Cross branch - EIO/Page_PERKESO/Click username' (Root cause: com.kms.katalon.core.webui.exception.WebElementNotFoundException: Web element with id: 'Object Repository/KinJun/6.0 Query/6.4 Cross branch - EIO/Page_PERKESO/Click username' located by 'By.xpath: id("bg2")/header[1]/div[@class="container-fluid"]/div[@class="row"]/div[@class="col-md-2"]/ul[@class="nav navbar-nav navbar-right"]/li[@class="dropdown"]/a[@class="dropdown-toggle"][count(. | //a[@href = '#']) = count(//a[@href = '#'])]' not found)
[[ATTACHMENT|C:\\Users\\Admin\\Documents\\GitHub\\PKSKatalon\\PKS-EI-ES\\Reports\\New Test Suite\\20190221_164018\\1550744159491.png]]

2019-02-21 18:15:59 - [MESSAGE][FAILED] - click(findTestObject("KinJun/6.0 Query/6.4 Cross branch - EIO/Page_PERKESO/Click username")) FAILED.
Reason:
com.kms.katalon.core.exception.StepFailedException: Unable to click on object 'Object Repository/KinJun/6.0 Query/6.4 Cross branch - EIO/Page_PERKESO/Click username' (Root cause: com.kms.katalon.core.webui.exception.WebElementNotFoundException: Web element with id: 'Object Repository/KinJun/6.0 Query/6.4 Cross branch - EIO/Page_PERKESO/Click username' located by 'By.xpath: id("bg2")/header[1]/div[@class="container-fluid"]/div[@class="row"]/div[@class="col-md-2"]/ul[@class="nav navbar-nav navbar-right"]/li[@class="dropdown"]/a[@class="dropdown-toggle"][count(. | //a[@href = '#']) = count(//a[@href = '#'])]' not found)
	at com.kms.katalon.core.keyword.internal.KeywordMain.stepFailed(KeywordMain.groovy:36)
	at com.kms.katalon.core.webui.keyword.internal.WebUIKeywordMain.stepFailed(WebUIKeywordMain.groovy:65)
	at com.kms.katalon.core.webui.keyword.internal.WebUIKeywordMain.runKeyword(WebUIKeywordMain.groovy:27)
	at com.kms.katalon.core.webui.keyword.builtin.ClickKeyword.click(ClickKeyword.groovy:86)
	at com.kms.katalon.core.webui.keyword.builtin.ClickKeyword.execute(ClickKeyword.groovy:67)
	at com.kms.katalon.core.keyword.internal.KeywordExecutor.executeKeywordForPlatform(KeywordExecutor.groovy:53)
	at com.kms.katalon.core.webui.keyword.WebUiBuiltInKeywords.click(WebUiBuiltInKeywords.groovy:616)
	at com.kms.katalon.core.webui.keyword.WebUiBuiltInKeywords$click$3.call(Unknown Source)
	at 6.4 Cross Branch - EIO.run(6.4 Cross Branch - EIO:83)
	at com.kms.katalon.core.main.ScriptEngine.run(ScriptEngine.java:194)
	at com.kms.katalon.core.main.ScriptEngine.runScriptAsRawText(ScriptEngine.java:119)
	at com.kms.katalon.core.main.TestCaseExecutor.runScript(TestCaseExecutor.java:328)
	at com.kms.katalon.core.main.TestCaseExecutor.doExecute(TestCaseExecutor.java:319)
	at com.kms.katalon.core.main.TestCaseExecutor.processExecutionPhase(TestCaseExecutor.java:298)
	at com.kms.katalon.core.main.TestCaseExecutor.accessMainPhase(TestCaseExecutor.java:290)
	at com.kms.katalon.core.main.TestCaseExecutor.execute(TestCaseExecutor.java:224)
	at com.kms.katalon.core.main.TestCaseMain.runTestCase(TestCaseMain.java:106)
	at com.kms.katalon.core.keyword.builtin.CallTestCaseKeyword$_callTestCase_closure1.doCall(CallTestCaseKeyword.groovy:59)
	at com.kms.katalon.core.keyword.builtin.CallTestCaseKeyword$_callTestCase_closure1.call(CallTestCaseKeyword.groovy)
	at com.kms.katalon.core.keyword.internal.KeywordMain.runKeyword(KeywordMain.groovy:54)
	at com.kms.katalon.core.keyword.builtin.CallTestCaseKeyword.callTestCase(CallTestCaseKeyword.groovy:80)
	at com.kms.katalon.core.keyword.builtin.CallTestCaseKeyword.execute(CallTestCaseKeyword.groovy:44)
	at com.kms.katalon.core.keyword.internal.KeywordExecutor.executeKeywordForPlatform(KeywordExecutor.groovy:53)
	at com.kms.katalon.core.keyword.BuiltinKeywords.callTestCase(BuiltinKeywords.groovy:334)
	at Cross branch - EIO.run(Cross branch - EIO:22)
	at com.kms.katalon.core.main.ScriptEngine.run(ScriptEngine.java:194)
	at com.kms.katalon.core.main.ScriptEngine.runScriptAsRawText(ScriptEngine.java:119)
	at com.kms.katalon.core.main.TestCaseExecutor.runScript(TestCaseExecutor.java:328)
	at com.kms.katalon.core.main.TestCaseExecutor.doExecute(TestCaseExecutor.java:319)
	at com.kms.katalon.core.main.TestCaseExecutor.processExecutionPhase(TestCaseExecutor.java:298)
	at com.kms.katalon.core.main.TestCaseExecutor.accessMainPhase(TestCaseExecutor.java:290)
	at com.kms.katalon.core.main.TestCaseExecutor.execute(TestCaseExecutor.java:224)
	at com.kms.katalon.core.main.TestSuiteExecutor.accessTestCaseMainPhase(TestSuiteExecutor.java:129)
	at com.kms.katalon.core.main.TestSuiteExecutor.accessTestSuiteMainPhase(TestSuiteExecutor.java:112)
	at com.kms.katalon.core.main.TestSuiteExecutor.execute(TestSuiteExecutor.java:81)
	at com.kms.katalon.core.main.TestCaseMain.startTestSuite(TestCaseMain.java:149)
	at com.kms.katalon.core.main.TestCaseMain$startTestSuite$0.call(Unknown Source)
	at TempTestSuite1550738418733.run(TempTestSuite1550738418733.groovy:36)


2019-02-21 18:16:00 - [MESSAGE][FAILED] - Unable to call Test Case 'Test Cases/All TC/Arranged/2. Segment/2.5 Query/6.4 Cross Branch - EIO' (Root cause: com.kms.katalon.core.exception.StepFailedException: Call Test Case 'Test Cases/All TC/Arranged/2. Segment/2.5 Query/6.4 Cross Branch - EIO' failed)

2019-02-21 18:16:00 - [MESSAGE][FAILED] - callTestCase(findTestCase("All TC/Arranged/2. Segment/2.5 Query/6.4 Cross Branch - EIO"), [:], STOP_ON_FAILURE) FAILED.
Reason:
com.kms.katalon.core.exception.StepFailedException: Unable to click on object 'Object Repository/KinJun/6.0 Query/6.4 Cross branch - EIO/Page_PERKESO/Click username' (Root cause: com.kms.katalon.core.webui.exception.WebElementNotFoundException: Web element with id: 'Object Repository/KinJun/6.0 Query/6.4 Cross branch - EIO/Page_PERKESO/Click username' located by 'By.xpath: id("bg2")/header[1]/div[@class="container-fluid"]/div[@class="row"]/div[@class="col-md-2"]/ul[@class="nav navbar-nav navbar-right"]/li[@class="dropdown"]/a[@class="dropdown-toggle"][count(. | //a[@href = '#']) = count(//a[@href = '#'])]' not found)
	at com.kms.katalon.core.keyword.internal.KeywordMain.stepFailed(KeywordMain.groovy:36)
	at com.kms.katalon.core.webui.keyword.internal.WebUIKeywordMain.stepFailed(WebUIKeywordMain.groovy:65)
	at com.kms.katalon.core.webui.keyword.internal.WebUIKeywordMain.runKeyword(WebUIKeywordMain.groovy:27)
	at com.kms.katalon.core.webui.keyword.builtin.ClickKeyword.click(ClickKeyword.groovy:86)
	at com.kms.katalon.core.webui.keyword.builtin.ClickKeyword.execute(ClickKeyword.groovy:67)
	at com.kms.katalon.core.keyword.internal.KeywordExecutor.executeKeywordForPlatform(KeywordExecutor.groovy:53)
	at com.kms.katalon.core.webui.keyword.WebUiBuiltInKeywords.click(WebUiBuiltInKeywords.groovy:616)
	at com.kms.katalon.core.webui.keyword.WebUiBuiltInKeywords$click$3.call(Unknown Source)
	at 6.4 Cross Branch - EIO.run(6.4 Cross Branch - EIO:83)
	at com.kms.katalon.core.main.ScriptEngine.run(ScriptEngine.java:194)
	at com.kms.katalon.core.main.ScriptEngine.runScriptAsRawText(ScriptEngine.java:119)
	at com.kms.katalon.core.main.TestCaseExecutor.runScript(TestCaseExecutor.java:328)
	at com.kms.katalon.core.main.TestCaseExecutor.doExecute(TestCaseExecutor.java:319)
	at com.kms.katalon.core.main.TestCaseExecutor.processExecutionPhase(TestCaseExecutor.java:298)
	at com.kms.katalon.core.main.TestCaseExecutor.accessMainPhase(TestCaseExecutor.java:290)
	at com.kms.katalon.core.main.TestCaseExecutor.execute(TestCaseExecutor.java:224)
	at com.kms.katalon.core.main.TestCaseMain.runTestCase(TestCaseMain.java:106)
	at com.kms.katalon.core.keyword.builtin.CallTestCaseKeyword$_callTestCase_closure1.doCall(CallTestCaseKeyword.groovy:59)
	at com.kms.katalon.core.keyword.builtin.CallTestCaseKeyword$_callTestCase_closure1.call(CallTestCaseKeyword.groovy)
	at com.kms.katalon.core.keyword.internal.KeywordMain.runKeyword(KeywordMain.groovy:54)
	at com.kms.katalon.core.keyword.builtin.CallTestCaseKeyword.callTestCase(CallTestCaseKeyword.groovy:80)
	at com.kms.katalon.core.keyword.builtin.CallTestCaseKeyword.execute(CallTestCaseKeyword.groovy:44)
	at com.kms.katalon.core.keyword.internal.KeywordExecutor.executeKeywordForPlatform(KeywordExecutor.groovy:53)
	at com.kms.katalon.core.keyword.BuiltinKeywords.callTestCase(BuiltinKeywords.groovy:334)
	at Cross branch - EIO.run(Cross branch - EIO:22)
	at com.kms.katalon.core.main.ScriptEngine.run(ScriptEngine.java:194)
	at com.kms.katalon.core.main.ScriptEngine.runScriptAsRawText(ScriptEngine.java:119)
	at com.kms.katalon.core.main.TestCaseExecutor.runScript(TestCaseExecutor.java:328)
	at com.kms.katalon.core.main.TestCaseExecutor.doExecute(TestCaseExecutor.java:319)
	at com.kms.katalon.core.main.TestCaseExecutor.processExecutionPhase(TestCaseExecutor.java:298)
	at com.kms.katalon.core.main.TestCaseExecutor.accessMainPhase(TestCaseExecutor.java:290)
	at com.kms.katalon.core.main.TestCaseExecutor.execute(TestCaseExecutor.java:224)
	at com.kms.katalon.core.main.TestSuiteExecutor.accessTestCaseMainPhase(TestSuiteExecutor.java:129)
	at com.kms.katalon.core.main.TestSuiteExecutor.accessTestSuiteMainPhase(TestSuiteExecutor.java:112)
	at com.kms.katalon.core.main.TestSuiteExecutor.execute(TestSuiteExecutor.java:81)
	at com.kms.katalon.core.main.TestCaseMain.startTestSuite(TestCaseMain.java:149)
	at com.kms.katalon.core.main.TestCaseMain$startTestSuite$0.call(Unknown Source)
	at TempTestSuite1550738418733.run(TempTestSuite1550738418733.groovy:36)]]></system-out>
         <system-err><![CDATA[2019-02-21 18:08:32 - [TEST_CASE][FAILED] - Test Cases/All TC/Arranged/0. Full Flow/Query/Cross branch - EIO: Test Cases/All TC/Arranged/0. Full Flow/Query/Cross branch - EIO FAILED.
Reason:
com.kms.katalon.core.exception.StepFailedException: Unable to click on object 'Object Repository/KinJun/6.0 Query/6.4 Cross branch - EIO/Page_PERKESO/Click username' (Root cause: com.kms.katalon.core.webui.exception.WebElementNotFoundException: Web element with id: 'Object Repository/KinJun/6.0 Query/6.4 Cross branch - EIO/Page_PERKESO/Click username' located by 'By.xpath: id("bg2")/header[1]/div[@class="container-fluid"]/div[@class="row"]/div[@class="col-md-2"]/ul[@class="nav navbar-nav navbar-right"]/li[@class="dropdown"]/a[@class="dropdown-toggle"][count(. | //a[@href = '#']) = count(//a[@href = '#'])]' not found)
	at com.kms.katalon.core.keyword.internal.KeywordMain.stepFailed(KeywordMain.groovy:36)
	at com.kms.katalon.core.webui.keyword.internal.WebUIKeywordMain.stepFailed(WebUIKeywordMain.groovy:65)
	at com.kms.katalon.core.webui.keyword.internal.WebUIKeywordMain.runKeyword(WebUIKeywordMain.groovy:27)
	at com.kms.katalon.core.webui.keyword.builtin.ClickKeyword.click(ClickKeyword.groovy:86)
	at com.kms.katalon.core.webui.keyword.builtin.ClickKeyword.execute(ClickKeyword.groovy:67)
	at com.kms.katalon.core.keyword.internal.KeywordExecutor.executeKeywordForPlatform(KeywordExecutor.groovy:53)
	at com.kms.katalon.core.webui.keyword.WebUiBuiltInKeywords.click(WebUiBuiltInKeywords.groovy:616)
	at com.kms.katalon.core.webui.keyword.WebUiBuiltInKeywords$click$3.call(Unknown Source)
	at 6.4 Cross Branch - EIO.run(6.4 Cross Branch - EIO:83)
	at com.kms.katalon.core.main.ScriptEngine.run(ScriptEngine.java:194)
	at com.kms.katalon.core.main.ScriptEngine.runScriptAsRawText(ScriptEngine.java:119)
	at com.kms.katalon.core.main.TestCaseExecutor.runScript(TestCaseExecutor.java:328)
	at com.kms.katalon.core.main.TestCaseExecutor.doExecute(TestCaseExecutor.java:319)
	at com.kms.katalon.core.main.TestCaseExecutor.processExecutionPhase(TestCaseExecutor.java:298)
	at com.kms.katalon.core.main.TestCaseExecutor.accessMainPhase(TestCaseExecutor.java:290)
	at com.kms.katalon.core.main.TestCaseExecutor.execute(TestCaseExecutor.java:224)
	at com.kms.katalon.core.main.TestCaseMain.runTestCase(TestCaseMain.java:106)
	at com.kms.katalon.core.keyword.builtin.CallTestCaseKeyword$_callTestCase_closure1.doCall(CallTestCaseKeyword.groovy:59)
	at com.kms.katalon.core.keyword.builtin.CallTestCaseKeyword$_callTestCase_closure1.call(CallTestCaseKeyword.groovy)
	at com.kms.katalon.core.keyword.internal.KeywordMain.runKeyword(KeywordMain.groovy:54)
	at com.kms.katalon.core.keyword.builtin.CallTestCaseKeyword.callTestCase(CallTestCaseKeyword.groovy:80)
	at com.kms.katalon.core.keyword.builtin.CallTestCaseKeyword.execute(CallTestCaseKeyword.groovy:44)
	at com.kms.katalon.core.keyword.internal.KeywordExecutor.executeKeywordForPlatform(KeywordExecutor.groovy:53)
	at com.kms.katalon.core.keyword.BuiltinKeywords.callTestCase(BuiltinKeywords.groovy:334)
	at Cross branch - EIO.run(Cross branch - EIO:22)
	at com.kms.katalon.core.main.ScriptEngine.run(ScriptEngine.java:194)
	at com.kms.katalon.core.main.ScriptEngine.runScriptAsRawText(ScriptEngine.java:119)
	at com.kms.katalon.core.main.TestCaseExecutor.runScript(TestCaseExecutor.java:328)
	at com.kms.katalon.core.main.TestCaseExecutor.doExecute(TestCaseExecutor.java:319)
	at com.kms.katalon.core.main.TestCaseExecutor.processExecutionPhase(TestCaseExecutor.java:298)
	at com.kms.katalon.core.main.TestCaseExecutor.accessMainPhase(TestCaseExecutor.java:290)
	at com.kms.katalon.core.main.TestCaseExecutor.execute(TestCaseExecutor.java:224)
	at com.kms.katalon.core.main.TestSuiteExecutor.accessTestCaseMainPhase(TestSuiteExecutor.java:129)
	at com.kms.katalon.core.main.TestSuiteExecutor.accessTestSuiteMainPhase(TestSuiteExecutor.java:112)
	at com.kms.katalon.core.main.TestSuiteExecutor.execute(TestSuiteExecutor.java:81)
	at com.kms.katalon.core.main.TestCaseMain.startTestSuite(TestCaseMain.java:149)
	at com.kms.katalon.core.main.TestCaseMain$startTestSuite$0.call(Unknown Source)
	at TempTestSuite1550738418733.run(TempTestSuite1550738418733.groovy:36)]]></system-err>
      </testcase>
      <testcase name="Test Cases/All TC/Arranged/0. Full Flow/Disbursement end to end (EFT Reject)" classname="Test Cases/All TC/Arranged/0. Full Flow/Disbursement end to end (EFT Reject)" status="FAILED">
         <failure type="FAILED" message="Test Cases/All TC/Arranged/0. Full Flow/Disbursement end to end (EFT Reject) FAILED.
Reason:
com.kms.katalon.core.exception.StepFailedException: Unable to get text of object 'Object Repository/YongJun/Disbursement/Disbursement - EFT/DS - Pending Claim (EFT)/Page_PERKESO/Get Case ID' (Root cause: com.kms.katalon.core.webui.exception.WebElementNotFoundException: Web element with id: 'Object Repository/YongJun/Disbursement/Disbursement - EFT/DS - Pending Claim (EFT)/Page_PERKESO/Get Case ID' located by 'By.xpath: id(&quot;pendingClaimTableId&quot;)/tbody[1]/tr[@class=&quot;odd&quot;]/td[2]' not found)
	at com.kms.katalon.core.keyword.internal.KeywordMain.stepFailed(KeywordMain.groovy:36)
	at com.kms.katalon.core.webui.keyword.internal.WebUIKeywordMain.stepFailed(WebUIKeywordMain.groovy:65)
	at com.kms.katalon.core.webui.keyword.internal.WebUIKeywordMain.runKeyword(WebUIKeywordMain.groovy:27)
	at com.kms.katalon.core.webui.keyword.builtin.GetTextKeyword.getText(GetTextKeyword.groovy:88)
	at com.kms.katalon.core.webui.keyword.builtin.GetTextKeyword.execute(GetTextKeyword.groovy:67)
	at com.kms.katalon.core.keyword.internal.KeywordExecutor.executeKeywordForPlatform(KeywordExecutor.groovy:53)
	at com.kms.katalon.core.webui.keyword.WebUiBuiltInKeywords.getText(WebUiBuiltInKeywords.groovy:888)
	at com.kms.katalon.core.webui.keyword.WebUiBuiltInKeywords$getText$9.call(Unknown Source)
	at DS - Pending Claim (EFT).run(DS - Pending Claim (EFT):32)
	at com.kms.katalon.core.main.ScriptEngine.run(ScriptEngine.java:194)
	at com.kms.katalon.core.main.ScriptEngine.runScriptAsRawText(ScriptEngine.java:119)
	at com.kms.katalon.core.main.TestCaseExecutor.runScript(TestCaseExecutor.java:328)
	at com.kms.katalon.core.main.TestCaseExecutor.doExecute(TestCaseExecutor.java:319)
	at com.kms.katalon.core.main.TestCaseExecutor.processExecutionPhase(TestCaseExecutor.java:298)
	at com.kms.katalon.core.main.TestCaseExecutor.accessMainPhase(TestCaseExecutor.java:290)
	at com.kms.katalon.core.main.TestCaseExecutor.execute(TestCaseExecutor.java:224)
	at com.kms.katalon.core.main.TestCaseMain.runTestCase(TestCaseMain.java:106)
	at com.kms.katalon.core.keyword.builtin.CallTestCaseKeyword$_callTestCase_closure1.doCall(CallTestCaseKeyword.groovy:59)
	at com.kms.katalon.core.keyword.builtin.CallTestCaseKeyword$_callTestCase_closure1.call(CallTestCaseKeyword.groovy)
	at com.kms.katalon.core.keyword.internal.KeywordMain.runKeyword(KeywordMain.groovy:54)
	at com.kms.katalon.core.keyword.builtin.CallTestCaseKeyword.callTestCase(CallTestCaseKeyword.groovy:80)
	at com.kms.katalon.core.keyword.builtin.CallTestCaseKeyword.execute(CallTestCaseKeyword.groovy:44)
	at com.kms.katalon.core.keyword.internal.KeywordExecutor.executeKeywordForPlatform(KeywordExecutor.groovy:53)
	at com.kms.katalon.core.keyword.BuiltinKeywords.callTestCase(BuiltinKeywords.groovy:334)
	at Disbursement end to end (EFT Reject).run(Disbursement end to end (EFT Reject):16)
	at com.kms.katalon.core.main.ScriptEngine.run(ScriptEngine.java:194)
	at com.kms.katalon.core.main.ScriptEngine.runScriptAsRawText(ScriptEngine.java:119)
	at com.kms.katalon.core.main.TestCaseExecutor.runScript(TestCaseExecutor.java:328)
	at com.kms.katalon.core.main.TestCaseExecutor.doExecute(TestCaseExecutor.java:319)
	at com.kms.katalon.core.main.TestCaseExecutor.processExecutionPhase(TestCaseExecutor.java:298)
	at com.kms.katalon.core.main.TestCaseExecutor.accessMainPhase(TestCaseExecutor.java:290)
	at com.kms.katalon.core.main.TestCaseExecutor.execute(TestCaseExecutor.java:224)
	at com.kms.katalon.core.main.TestSuiteExecutor.accessTestCaseMainPhase(TestSuiteExecutor.java:129)
	at com.kms.katalon.core.main.TestSuiteExecutor.accessTestSuiteMainPhase(TestSuiteExecutor.java:112)
	at com.kms.katalon.core.main.TestSuiteExecutor.execute(TestSuiteExecutor.java:81)
	at com.kms.katalon.core.main.TestCaseMain.startTestSuite(TestCaseMain.java:149)
	at com.kms.katalon.core.main.TestCaseMain$startTestSuite$0.call(Unknown Source)
	at TempTestSuite1550738418733.run(TempTestSuite1550738418733.groovy:36)
"/>
         <system-out><![CDATA[2019-02-21 18:16:00 - [TEST_CASE][FAILED] - Test Cases/All TC/Arranged/0. Full Flow/Disbursement end to end (EFT Reject): Test Cases/All TC/Arranged/0. Full Flow/Disbursement end to end (EFT Reject) FAILED.
Reason:
com.kms.katalon.core.exception.StepFailedException: Unable to get text of object 'Object Repository/YongJun/Disbursement/Disbursement - EFT/DS - Pending Claim (EFT)/Page_PERKESO/Get Case ID' (Root cause: com.kms.katalon.core.webui.exception.WebElementNotFoundException: Web element with id: 'Object Repository/YongJun/Disbursement/Disbursement - EFT/DS - Pending Claim (EFT)/Page_PERKESO/Get Case ID' located by 'By.xpath: id("pendingClaimTableId")/tbody[1]/tr[@class="odd"]/td[2]' not found)
	at com.kms.katalon.core.keyword.internal.KeywordMain.stepFailed(KeywordMain.groovy:36)
	at com.kms.katalon.core.webui.keyword.internal.WebUIKeywordMain.stepFailed(WebUIKeywordMain.groovy:65)
	at com.kms.katalon.core.webui.keyword.internal.WebUIKeywordMain.runKeyword(WebUIKeywordMain.groovy:27)
	at com.kms.katalon.core.webui.keyword.builtin.GetTextKeyword.getText(GetTextKeyword.groovy:88)
	at com.kms.katalon.core.webui.keyword.builtin.GetTextKeyword.execute(GetTextKeyword.groovy:67)
	at com.kms.katalon.core.keyword.internal.KeywordExecutor.executeKeywordForPlatform(KeywordExecutor.groovy:53)
	at com.kms.katalon.core.webui.keyword.WebUiBuiltInKeywords.getText(WebUiBuiltInKeywords.groovy:888)
	at com.kms.katalon.core.webui.keyword.WebUiBuiltInKeywords$getText$9.call(Unknown Source)
	at DS - Pending Claim (EFT).run(DS - Pending Claim (EFT):32)
	at com.kms.katalon.core.main.ScriptEngine.run(ScriptEngine.java:194)
	at com.kms.katalon.core.main.ScriptEngine.runScriptAsRawText(ScriptEngine.java:119)
	at com.kms.katalon.core.main.TestCaseExecutor.runScript(TestCaseExecutor.java:328)
	at com.kms.katalon.core.main.TestCaseExecutor.doExecute(TestCaseExecutor.java:319)
	at com.kms.katalon.core.main.TestCaseExecutor.processExecutionPhase(TestCaseExecutor.java:298)
	at com.kms.katalon.core.main.TestCaseExecutor.accessMainPhase(TestCaseExecutor.java:290)
	at com.kms.katalon.core.main.TestCaseExecutor.execute(TestCaseExecutor.java:224)
	at com.kms.katalon.core.main.TestCaseMain.runTestCase(TestCaseMain.java:106)
	at com.kms.katalon.core.keyword.builtin.CallTestCaseKeyword$_callTestCase_closure1.doCall(CallTestCaseKeyword.groovy:59)
	at com.kms.katalon.core.keyword.builtin.CallTestCaseKeyword$_callTestCase_closure1.call(CallTestCaseKeyword.groovy)
	at com.kms.katalon.core.keyword.internal.KeywordMain.runKeyword(KeywordMain.groovy:54)
	at com.kms.katalon.core.keyword.builtin.CallTestCaseKeyword.callTestCase(CallTestCaseKeyword.groovy:80)
	at com.kms.katalon.core.keyword.builtin.CallTestCaseKeyword.execute(CallTestCaseKeyword.groovy:44)
	at com.kms.katalon.core.keyword.internal.KeywordExecutor.executeKeywordForPlatform(KeywordExecutor.groovy:53)
	at com.kms.katalon.core.keyword.BuiltinKeywords.callTestCase(BuiltinKeywords.groovy:334)
	at Disbursement end to end (EFT Reject).run(Disbursement end to end (EFT Reject):16)
	at com.kms.katalon.core.main.ScriptEngine.run(ScriptEngine.java:194)
	at com.kms.katalon.core.main.ScriptEngine.runScriptAsRawText(ScriptEngine.java:119)
	at com.kms.katalon.core.main.TestCaseExecutor.runScript(TestCaseExecutor.java:328)
	at com.kms.katalon.core.main.TestCaseExecutor.doExecute(TestCaseExecutor.java:319)
	at com.kms.katalon.core.main.TestCaseExecutor.processExecutionPhase(TestCaseExecutor.java:298)
	at com.kms.katalon.core.main.TestCaseExecutor.accessMainPhase(TestCaseExecutor.java:290)
	at com.kms.katalon.core.main.TestCaseExecutor.execute(TestCaseExecutor.java:224)
	at com.kms.katalon.core.main.TestSuiteExecutor.accessTestCaseMainPhase(TestSuiteExecutor.java:129)
	at com.kms.katalon.core.main.TestSuiteExecutor.accessTestSuiteMainPhase(TestSuiteExecutor.java:112)
	at com.kms.katalon.core.main.TestSuiteExecutor.execute(TestSuiteExecutor.java:81)
	at com.kms.katalon.core.main.TestCaseMain.startTestSuite(TestCaseMain.java:149)
	at com.kms.katalon.core.main.TestCaseMain$startTestSuite$0.call(Unknown Source)
	at TempTestSuite1550738418733.run(TempTestSuite1550738418733.groovy:36)


2019-02-21 18:16:01 - [TEST_STEP][FAILED] - callTestCase(findTestCase("All TC/Arranged/2. Segment/2.6 Disbursement/DS - EFT/DS - Pending Claim (EFT)"), [:], STOP_ON_FAILURE): callTestCase(findTestCase("All TC/Arranged/2. Segment/2.6 Disbursement/DS - EFT/DS - Pending Claim (EFT)"), [:], STOP_ON_FAILURE) FAILED.
Reason:
com.kms.katalon.core.exception.StepFailedException: Unable to get text of object 'Object Repository/YongJun/Disbursement/Disbursement - EFT/DS - Pending Claim (EFT)/Page_PERKESO/Get Case ID' (Root cause: com.kms.katalon.core.webui.exception.WebElementNotFoundException: Web element with id: 'Object Repository/YongJun/Disbursement/Disbursement - EFT/DS - Pending Claim (EFT)/Page_PERKESO/Get Case ID' located by 'By.xpath: id("pendingClaimTableId")/tbody[1]/tr[@class="odd"]/td[2]' not found)
	at com.kms.katalon.core.keyword.internal.KeywordMain.stepFailed(KeywordMain.groovy:36)
	at com.kms.katalon.core.webui.keyword.internal.WebUIKeywordMain.stepFailed(WebUIKeywordMain.groovy:65)
	at com.kms.katalon.core.webui.keyword.internal.WebUIKeywordMain.runKeyword(WebUIKeywordMain.groovy:27)
	at com.kms.katalon.core.webui.keyword.builtin.GetTextKeyword.getText(GetTextKeyword.groovy:88)
	at com.kms.katalon.core.webui.keyword.builtin.GetTextKeyword.execute(GetTextKeyword.groovy:67)
	at com.kms.katalon.core.keyword.internal.KeywordExecutor.executeKeywordForPlatform(KeywordExecutor.groovy:53)
	at com.kms.katalon.core.webui.keyword.WebUiBuiltInKeywords.getText(WebUiBuiltInKeywords.groovy:888)
	at com.kms.katalon.core.webui.keyword.WebUiBuiltInKeywords$getText$9.call(Unknown Source)
	at DS - Pending Claim (EFT).run(DS - Pending Claim (EFT):32)
	at com.kms.katalon.core.main.ScriptEngine.run(ScriptEngine.java:194)
	at com.kms.katalon.core.main.ScriptEngine.runScriptAsRawText(ScriptEngine.java:119)
	at com.kms.katalon.core.main.TestCaseExecutor.runScript(TestCaseExecutor.java:328)
	at com.kms.katalon.core.main.TestCaseExecutor.doExecute(TestCaseExecutor.java:319)
	at com.kms.katalon.core.main.TestCaseExecutor.processExecutionPhase(TestCaseExecutor.java:298)
	at com.kms.katalon.core.main.TestCaseExecutor.accessMainPhase(TestCaseExecutor.java:290)
	at com.kms.katalon.core.main.TestCaseExecutor.execute(TestCaseExecutor.java:224)
	at com.kms.katalon.core.main.TestCaseMain.runTestCase(TestCaseMain.java:106)
	at com.kms.katalon.core.keyword.builtin.CallTestCaseKeyword$_callTestCase_closure1.doCall(CallTestCaseKeyword.groovy:59)
	at com.kms.katalon.core.keyword.builtin.CallTestCaseKeyword$_callTestCase_closure1.call(CallTestCaseKeyword.groovy)
	at com.kms.katalon.core.keyword.internal.KeywordMain.runKeyword(KeywordMain.groovy:54)
	at com.kms.katalon.core.keyword.builtin.CallTestCaseKeyword.callTestCase(CallTestCaseKeyword.groovy:80)
	at com.kms.katalon.core.keyword.builtin.CallTestCaseKeyword.execute(CallTestCaseKeyword.groovy:44)
	at com.kms.katalon.core.keyword.internal.KeywordExecutor.executeKeywordForPlatform(KeywordExecutor.groovy:53)
	at com.kms.katalon.core.keyword.BuiltinKeywords.callTestCase(BuiltinKeywords.groovy:334)
	at Disbursement end to end (EFT Reject).run(Disbursement end to end (EFT Reject):16)
	at com.kms.katalon.core.main.ScriptEngine.run(ScriptEngine.java:194)
	at com.kms.katalon.core.main.ScriptEngine.runScriptAsRawText(ScriptEngine.java:119)
	at com.kms.katalon.core.main.TestCaseExecutor.runScript(TestCaseExecutor.java:328)
	at com.kms.katalon.core.main.TestCaseExecutor.doExecute(TestCaseExecutor.java:319)
	at com.kms.katalon.core.main.TestCaseExecutor.processExecutionPhase(TestCaseExecutor.java:298)
	at com.kms.katalon.core.main.TestCaseExecutor.accessMainPhase(TestCaseExecutor.java:290)
	at com.kms.katalon.core.main.TestCaseExecutor.execute(TestCaseExecutor.java:224)
	at com.kms.katalon.core.main.TestSuiteExecutor.accessTestCaseMainPhase(TestSuiteExecutor.java:129)
	at com.kms.katalon.core.main.TestSuiteExecutor.accessTestSuiteMainPhase(TestSuiteExecutor.java:112)
	at com.kms.katalon.core.main.TestSuiteExecutor.execute(TestSuiteExecutor.java:81)
	at com.kms.katalon.core.main.TestCaseMain.startTestSuite(TestCaseMain.java:149)
	at com.kms.katalon.core.main.TestCaseMain$startTestSuite$0.call(Unknown Source)
	at TempTestSuite1550738418733.run(TempTestSuite1550738418733.groovy:36)


2019-02-21 18:16:01 - [TEST_CASE][FAILED] - Test Cases/All TC/Arranged/2. Segment/2.6 Disbursement/DS - EFT/DS - Pending Claim (EFT): Test Cases/All TC/Arranged/2. Segment/2.6 Disbursement/DS - EFT/DS - Pending Claim (EFT) FAILED.
Reason:
com.kms.katalon.core.exception.StepFailedException: Unable to get text of object 'Object Repository/YongJun/Disbursement/Disbursement - EFT/DS - Pending Claim (EFT)/Page_PERKESO/Get Case ID' (Root cause: com.kms.katalon.core.webui.exception.WebElementNotFoundException: Web element with id: 'Object Repository/YongJun/Disbursement/Disbursement - EFT/DS - Pending Claim (EFT)/Page_PERKESO/Get Case ID' located by 'By.xpath: id("pendingClaimTableId")/tbody[1]/tr[@class="odd"]/td[2]' not found)
	at com.kms.katalon.core.keyword.internal.KeywordMain.stepFailed(KeywordMain.groovy:36)
	at com.kms.katalon.core.webui.keyword.internal.WebUIKeywordMain.stepFailed(WebUIKeywordMain.groovy:65)
	at com.kms.katalon.core.webui.keyword.internal.WebUIKeywordMain.runKeyword(WebUIKeywordMain.groovy:27)
	at com.kms.katalon.core.webui.keyword.builtin.GetTextKeyword.getText(GetTextKeyword.groovy:88)
	at com.kms.katalon.core.webui.keyword.builtin.GetTextKeyword.execute(GetTextKeyword.groovy:67)
	at com.kms.katalon.core.keyword.internal.KeywordExecutor.executeKeywordForPlatform(KeywordExecutor.groovy:53)
	at com.kms.katalon.core.webui.keyword.WebUiBuiltInKeywords.getText(WebUiBuiltInKeywords.groovy:888)
	at com.kms.katalon.core.webui.keyword.WebUiBuiltInKeywords$getText$9.call(Unknown Source)
	at DS - Pending Claim (EFT).run(DS - Pending Claim (EFT):32)
	at com.kms.katalon.core.main.ScriptEngine.run(ScriptEngine.java:194)
	at com.kms.katalon.core.main.ScriptEngine.runScriptAsRawText(ScriptEngine.java:119)
	at com.kms.katalon.core.main.TestCaseExecutor.runScript(TestCaseExecutor.java:328)
	at com.kms.katalon.core.main.TestCaseExecutor.doExecute(TestCaseExecutor.java:319)
	at com.kms.katalon.core.main.TestCaseExecutor.processExecutionPhase(TestCaseExecutor.java:298)
	at com.kms.katalon.core.main.TestCaseExecutor.accessMainPhase(TestCaseExecutor.java:290)
	at com.kms.katalon.core.main.TestCaseExecutor.execute(TestCaseExecutor.java:224)
	at com.kms.katalon.core.main.TestCaseMain.runTestCase(TestCaseMain.java:106)
	at com.kms.katalon.core.keyword.builtin.CallTestCaseKeyword$_callTestCase_closure1.doCall(CallTestCaseKeyword.groovy:59)
	at com.kms.katalon.core.keyword.builtin.CallTestCaseKeyword$_callTestCase_closure1.call(CallTestCaseKeyword.groovy)
	at com.kms.katalon.core.keyword.internal.KeywordMain.runKeyword(KeywordMain.groovy:54)
	at com.kms.katalon.core.keyword.builtin.CallTestCaseKeyword.callTestCase(CallTestCaseKeyword.groovy:80)
	at com.kms.katalon.core.keyword.builtin.CallTestCaseKeyword.execute(CallTestCaseKeyword.groovy:44)
	at com.kms.katalon.core.keyword.internal.KeywordExecutor.executeKeywordForPlatform(KeywordExecutor.groovy:53)
	at com.kms.katalon.core.keyword.BuiltinKeywords.callTestCase(BuiltinKeywords.groovy:334)
	at Disbursement end to end (EFT Reject).run(Disbursement end to end (EFT Reject):16)
	at com.kms.katalon.core.main.ScriptEngine.run(ScriptEngine.java:194)
	at com.kms.katalon.core.main.ScriptEngine.runScriptAsRawText(ScriptEngine.java:119)
	at com.kms.katalon.core.main.TestCaseExecutor.runScript(TestCaseExecutor.java:328)
	at com.kms.katalon.core.main.TestCaseExecutor.doExecute(TestCaseExecutor.java:319)
	at com.kms.katalon.core.main.TestCaseExecutor.processExecutionPhase(TestCaseExecutor.java:298)
	at com.kms.katalon.core.main.TestCaseExecutor.accessMainPhase(TestCaseExecutor.java:290)
	at com.kms.katalon.core.main.TestCaseExecutor.execute(TestCaseExecutor.java:224)
	at com.kms.katalon.core.main.TestSuiteExecutor.accessTestCaseMainPhase(TestSuiteExecutor.java:129)
	at com.kms.katalon.core.main.TestSuiteExecutor.accessTestSuiteMainPhase(TestSuiteExecutor.java:112)
	at com.kms.katalon.core.main.TestSuiteExecutor.execute(TestSuiteExecutor.java:81)
	at com.kms.katalon.core.main.TestCaseMain.startTestSuite(TestCaseMain.java:149)
	at com.kms.katalon.core.main.TestCaseMain$startTestSuite$0.call(Unknown Source)
	at TempTestSuite1550738418733.run(TempTestSuite1550738418733.groovy:36)


2019-02-21 18:16:01 - [TEST_STEP][PASSED] - openBrowser(""): Browser is opened with url: ''

2019-02-21 18:16:01 - [MESSAGE][WARNING] - A browser is already opened. Closing browser and opening a new one

2019-02-21 18:16:01 - [MESSAGE][INFO] - Starting 'Chrome' driver

2019-02-21 18:16:01 - [MESSAGE][INFO] - User set preference: ['args', '[--start-maximized]']

2019-02-21 18:16:04 - [MESSAGE][PASSED] - Browser is opened with url: ''

2019-02-21 18:16:04 - [TEST_STEP][PASSED] - maximizeWindow(): Current window maximized

2019-02-21 18:16:05 - [MESSAGE][PASSED] - Current window maximized

2019-02-21 18:16:05 - [TEST_STEP][PASSED] - navigateToUrl(Internal_Login): Navigate to 'http://10.20.24.188/eisportal/user/login' successfully

2019-02-21 18:16:05 - [MESSAGE][PASSED] - Navigate to 'http://10.20.24.188/eisportal/user/login' successfully

2019-02-21 18:16:05 - [TEST_STEP][PASSED] - delay(2): Delayed 2 second(s)

2019-02-21 18:16:07 - [MESSAGE][PASSED] - Delayed 2 second(s)

2019-02-21 18:16:07 - [TEST_STEP][PASSED] - setText(findTestObject("YongJun/Disbursement/Disbursement - EFT/DS - Pending Claim (EFT)/Page_PERKESO/DS input username"), "hq1ds@perkeso.gov.my"): Text 'hq1ds@perkeso.gov.my' is set on object 'Object Repository/YongJun/Disbursement/Disbursement - EFT/DS - Pending Claim (EFT)/Page_PERKESO/DS input username'

2019-02-21 18:16:08 - [MESSAGE][PASSED] - Text 'hq1ds@perkeso.gov.my' is set on object 'Object Repository/YongJun/Disbursement/Disbursement - EFT/DS - Pending Claim (EFT)/Page_PERKESO/DS input username'

2019-02-21 18:16:08 - [TEST_STEP][PASSED] - setEncryptedText(findTestObject("YongJun/Disbursement/Disbursement - EFT/DS - Pending Claim (EFT)/Page_PERKESO/DS input password"), "CQqwFZlbeC8="): Text ****** has been set on object 'Object Repository/YongJun/Disbursement/Disbursement - EFT/DS - Pending Claim (EFT)/Page_PERKESO/DS input password'

2019-02-21 18:16:08 - [MESSAGE][PASSED] - Text ****** has been set on object 'Object Repository/YongJun/Disbursement/Disbursement - EFT/DS - Pending Claim (EFT)/Page_PERKESO/DS input password'

2019-02-21 18:16:08 - [TEST_STEP][PASSED] - click(findTestObject("YongJun/Disbursement/Disbursement - EFT/DS - Pending Claim (EFT)/Page_PERKESO/DS click login button")): Object: 'Object Repository/YongJun/Disbursement/Disbursement - EFT/DS - Pending Claim (EFT)/Page_PERKESO/DS click login button' is clicked on

2019-02-21 18:16:09 - [MESSAGE][PASSED] - Object: 'Object Repository/YongJun/Disbursement/Disbursement - EFT/DS - Pending Claim (EFT)/Page_PERKESO/DS click login button' is clicked on

2019-02-21 18:16:09 - [TEST_STEP][PASSED] - delay(2): Delayed 2 second(s)

2019-02-21 18:16:11 - [MESSAGE][PASSED] - Delayed 2 second(s)

2019-02-21 18:16:11 - [TEST_STEP][FAILED] - EiEsCaseID = getText(findTestObject("YongJun/Disbursement/Disbursement - EFT/DS - Pending Claim (EFT)/Page_PERKESO/Get Case ID")): EiEsCaseID = getText(findTestObject("YongJun/Disbursement/Disbursement - EFT/DS - Pending Claim (EFT)/Page_PERKESO/Get Case ID")) FAILED.
Reason:
com.kms.katalon.core.exception.StepFailedException: Unable to get text of object 'Object Repository/YongJun/Disbursement/Disbursement - EFT/DS - Pending Claim (EFT)/Page_PERKESO/Get Case ID' (Root cause: com.kms.katalon.core.webui.exception.WebElementNotFoundException: Web element with id: 'Object Repository/YongJun/Disbursement/Disbursement - EFT/DS - Pending Claim (EFT)/Page_PERKESO/Get Case ID' located by 'By.xpath: id("pendingClaimTableId")/tbody[1]/tr[@class="odd"]/td[2]' not found)
	at com.kms.katalon.core.keyword.internal.KeywordMain.stepFailed(KeywordMain.groovy:36)
	at com.kms.katalon.core.webui.keyword.internal.WebUIKeywordMain.stepFailed(WebUIKeywordMain.groovy:65)
	at com.kms.katalon.core.webui.keyword.internal.WebUIKeywordMain.runKeyword(WebUIKeywordMain.groovy:27)
	at com.kms.katalon.core.webui.keyword.builtin.GetTextKeyword.getText(GetTextKeyword.groovy:88)
	at com.kms.katalon.core.webui.keyword.builtin.GetTextKeyword.execute(GetTextKeyword.groovy:67)
	at com.kms.katalon.core.keyword.internal.KeywordExecutor.executeKeywordForPlatform(KeywordExecutor.groovy:53)
	at com.kms.katalon.core.webui.keyword.WebUiBuiltInKeywords.getText(WebUiBuiltInKeywords.groovy:888)
	at com.kms.katalon.core.webui.keyword.WebUiBuiltInKeywords$getText$9.call(Unknown Source)
	at DS - Pending Claim (EFT).run(DS - Pending Claim (EFT):32)
	at com.kms.katalon.core.main.ScriptEngine.run(ScriptEngine.java:194)
	at com.kms.katalon.core.main.ScriptEngine.runScriptAsRawText(ScriptEngine.java:119)
	at com.kms.katalon.core.main.TestCaseExecutor.runScript(TestCaseExecutor.java:328)
	at com.kms.katalon.core.main.TestCaseExecutor.doExecute(TestCaseExecutor.java:319)
	at com.kms.katalon.core.main.TestCaseExecutor.processExecutionPhase(TestCaseExecutor.java:298)
	at com.kms.katalon.core.main.TestCaseExecutor.accessMainPhase(TestCaseExecutor.java:290)
	at com.kms.katalon.core.main.TestCaseExecutor.execute(TestCaseExecutor.java:224)
	at com.kms.katalon.core.main.TestCaseMain.runTestCase(TestCaseMain.java:106)
	at com.kms.katalon.core.keyword.builtin.CallTestCaseKeyword$_callTestCase_closure1.doCall(CallTestCaseKeyword.groovy:59)
	at com.kms.katalon.core.keyword.builtin.CallTestCaseKeyword$_callTestCase_closure1.call(CallTestCaseKeyword.groovy)
	at com.kms.katalon.core.keyword.internal.KeywordMain.runKeyword(KeywordMain.groovy:54)
	at com.kms.katalon.core.keyword.builtin.CallTestCaseKeyword.callTestCase(CallTestCaseKeyword.groovy:80)
	at com.kms.katalon.core.keyword.builtin.CallTestCaseKeyword.execute(CallTestCaseKeyword.groovy:44)
	at com.kms.katalon.core.keyword.internal.KeywordExecutor.executeKeywordForPlatform(KeywordExecutor.groovy:53)
	at com.kms.katalon.core.keyword.BuiltinKeywords.callTestCase(BuiltinKeywords.groovy:334)
	at Disbursement end to end (EFT Reject).run(Disbursement end to end (EFT Reject):16)
	at com.kms.katalon.core.main.ScriptEngine.run(ScriptEngine.java:194)
	at com.kms.katalon.core.main.ScriptEngine.runScriptAsRawText(ScriptEngine.java:119)
	at com.kms.katalon.core.main.TestCaseExecutor.runScript(TestCaseExecutor.java:328)
	at com.kms.katalon.core.main.TestCaseExecutor.doExecute(TestCaseExecutor.java:319)
	at com.kms.katalon.core.main.TestCaseExecutor.processExecutionPhase(TestCaseExecutor.java:298)
	at com.kms.katalon.core.main.TestCaseExecutor.accessMainPhase(TestCaseExecutor.java:290)
	at com.kms.katalon.core.main.TestCaseExecutor.execute(TestCaseExecutor.java:224)
	at com.kms.katalon.core.main.TestSuiteExecutor.accessTestCaseMainPhase(TestSuiteExecutor.java:129)
	at com.kms.katalon.core.main.TestSuiteExecutor.accessTestSuiteMainPhase(TestSuiteExecutor.java:112)
	at com.kms.katalon.core.main.TestSuiteExecutor.execute(TestSuiteExecutor.java:81)
	at com.kms.katalon.core.main.TestCaseMain.startTestSuite(TestCaseMain.java:149)
	at com.kms.katalon.core.main.TestCaseMain$startTestSuite$0.call(Unknown Source)
	at TempTestSuite1550738418733.run(TempTestSuite1550738418733.groovy:36)


2019-02-21 18:16:42 - [MESSAGE][INFO] - Unable to find the element located by 'By.xpath: id("pendingClaimTableId")/tbody[1]/tr[@class="odd"]/td[2]'. Please recheck the objects properties to make sure the desired element is located. 

2019-02-21 18:16:43 - [MESSAGE][FAILED] - Unable to get text of object 'Object Repository/YongJun/Disbursement/Disbursement - EFT/DS - Pending Claim (EFT)/Page_PERKESO/Get Case ID' (Root cause: com.kms.katalon.core.webui.exception.WebElementNotFoundException: Web element with id: 'Object Repository/YongJun/Disbursement/Disbursement - EFT/DS - Pending Claim (EFT)/Page_PERKESO/Get Case ID' located by 'By.xpath: id("pendingClaimTableId")/tbody[1]/tr[@class="odd"]/td[2]' not found)
[[ATTACHMENT|C:\\Users\\Admin\\Documents\\GitHub\\PKSKatalon\\PKS-EI-ES\\Reports\\New Test Suite\\20190221_164018\\1550744202630.png]]

2019-02-21 18:16:43 - [MESSAGE][FAILED] - EiEsCaseID = getText(findTestObject("YongJun/Disbursement/Disbursement - EFT/DS - Pending Claim (EFT)/Page_PERKESO/Get Case ID")) FAILED.
Reason:
com.kms.katalon.core.exception.StepFailedException: Unable to get text of object 'Object Repository/YongJun/Disbursement/Disbursement - EFT/DS - Pending Claim (EFT)/Page_PERKESO/Get Case ID' (Root cause: com.kms.katalon.core.webui.exception.WebElementNotFoundException: Web element with id: 'Object Repository/YongJun/Disbursement/Disbursement - EFT/DS - Pending Claim (EFT)/Page_PERKESO/Get Case ID' located by 'By.xpath: id("pendingClaimTableId")/tbody[1]/tr[@class="odd"]/td[2]' not found)
	at com.kms.katalon.core.keyword.internal.KeywordMain.stepFailed(KeywordMain.groovy:36)
	at com.kms.katalon.core.webui.keyword.internal.WebUIKeywordMain.stepFailed(WebUIKeywordMain.groovy:65)
	at com.kms.katalon.core.webui.keyword.internal.WebUIKeywordMain.runKeyword(WebUIKeywordMain.groovy:27)
	at com.kms.katalon.core.webui.keyword.builtin.GetTextKeyword.getText(GetTextKeyword.groovy:88)
	at com.kms.katalon.core.webui.keyword.builtin.GetTextKeyword.execute(GetTextKeyword.groovy:67)
	at com.kms.katalon.core.keyword.internal.KeywordExecutor.executeKeywordForPlatform(KeywordExecutor.groovy:53)
	at com.kms.katalon.core.webui.keyword.WebUiBuiltInKeywords.getText(WebUiBuiltInKeywords.groovy:888)
	at com.kms.katalon.core.webui.keyword.WebUiBuiltInKeywords$getText$9.call(Unknown Source)
	at DS - Pending Claim (EFT).run(DS - Pending Claim (EFT):32)
	at com.kms.katalon.core.main.ScriptEngine.run(ScriptEngine.java:194)
	at com.kms.katalon.core.main.ScriptEngine.runScriptAsRawText(ScriptEngine.java:119)
	at com.kms.katalon.core.main.TestCaseExecutor.runScript(TestCaseExecutor.java:328)
	at com.kms.katalon.core.main.TestCaseExecutor.doExecute(TestCaseExecutor.java:319)
	at com.kms.katalon.core.main.TestCaseExecutor.processExecutionPhase(TestCaseExecutor.java:298)
	at com.kms.katalon.core.main.TestCaseExecutor.accessMainPhase(TestCaseExecutor.java:290)
	at com.kms.katalon.core.main.TestCaseExecutor.execute(TestCaseExecutor.java:224)
	at com.kms.katalon.core.main.TestCaseMain.runTestCase(TestCaseMain.java:106)
	at com.kms.katalon.core.keyword.builtin.CallTestCaseKeyword$_callTestCase_closure1.doCall(CallTestCaseKeyword.groovy:59)
	at com.kms.katalon.core.keyword.builtin.CallTestCaseKeyword$_callTestCase_closure1.call(CallTestCaseKeyword.groovy)
	at com.kms.katalon.core.keyword.internal.KeywordMain.runKeyword(KeywordMain.groovy:54)
	at com.kms.katalon.core.keyword.builtin.CallTestCaseKeyword.callTestCase(CallTestCaseKeyword.groovy:80)
	at com.kms.katalon.core.keyword.builtin.CallTestCaseKeyword.execute(CallTestCaseKeyword.groovy:44)
	at com.kms.katalon.core.keyword.internal.KeywordExecutor.executeKeywordForPlatform(KeywordExecutor.groovy:53)
	at com.kms.katalon.core.keyword.BuiltinKeywords.callTestCase(BuiltinKeywords.groovy:334)
	at Disbursement end to end (EFT Reject).run(Disbursement end to end (EFT Reject):16)
	at com.kms.katalon.core.main.ScriptEngine.run(ScriptEngine.java:194)
	at com.kms.katalon.core.main.ScriptEngine.runScriptAsRawText(ScriptEngine.java:119)
	at com.kms.katalon.core.main.TestCaseExecutor.runScript(TestCaseExecutor.java:328)
	at com.kms.katalon.core.main.TestCaseExecutor.doExecute(TestCaseExecutor.java:319)
	at com.kms.katalon.core.main.TestCaseExecutor.processExecutionPhase(TestCaseExecutor.java:298)
	at com.kms.katalon.core.main.TestCaseExecutor.accessMainPhase(TestCaseExecutor.java:290)
	at com.kms.katalon.core.main.TestCaseExecutor.execute(TestCaseExecutor.java:224)
	at com.kms.katalon.core.main.TestSuiteExecutor.accessTestCaseMainPhase(TestSuiteExecutor.java:129)
	at com.kms.katalon.core.main.TestSuiteExecutor.accessTestSuiteMainPhase(TestSuiteExecutor.java:112)
	at com.kms.katalon.core.main.TestSuiteExecutor.execute(TestSuiteExecutor.java:81)
	at com.kms.katalon.core.main.TestCaseMain.startTestSuite(TestCaseMain.java:149)
	at com.kms.katalon.core.main.TestCaseMain$startTestSuite$0.call(Unknown Source)
	at TempTestSuite1550738418733.run(TempTestSuite1550738418733.groovy:36)


2019-02-21 18:16:43 - [MESSAGE][FAILED] - Unable to call Test Case 'Test Cases/All TC/Arranged/2. Segment/2.6 Disbursement/DS - EFT/DS - Pending Claim (EFT)' (Root cause: com.kms.katalon.core.exception.StepFailedException: Call Test Case 'Test Cases/All TC/Arranged/2. Segment/2.6 Disbursement/DS - EFT/DS - Pending Claim (EFT)' failed)

2019-02-21 18:16:43 - [MESSAGE][FAILED] - callTestCase(findTestCase("All TC/Arranged/2. Segment/2.6 Disbursement/DS - EFT/DS - Pending Claim (EFT)"), [:], STOP_ON_FAILURE) FAILED.
Reason:
com.kms.katalon.core.exception.StepFailedException: Unable to get text of object 'Object Repository/YongJun/Disbursement/Disbursement - EFT/DS - Pending Claim (EFT)/Page_PERKESO/Get Case ID' (Root cause: com.kms.katalon.core.webui.exception.WebElementNotFoundException: Web element with id: 'Object Repository/YongJun/Disbursement/Disbursement - EFT/DS - Pending Claim (EFT)/Page_PERKESO/Get Case ID' located by 'By.xpath: id("pendingClaimTableId")/tbody[1]/tr[@class="odd"]/td[2]' not found)
	at com.kms.katalon.core.keyword.internal.KeywordMain.stepFailed(KeywordMain.groovy:36)
	at com.kms.katalon.core.webui.keyword.internal.WebUIKeywordMain.stepFailed(WebUIKeywordMain.groovy:65)
	at com.kms.katalon.core.webui.keyword.internal.WebUIKeywordMain.runKeyword(WebUIKeywordMain.groovy:27)
	at com.kms.katalon.core.webui.keyword.builtin.GetTextKeyword.getText(GetTextKeyword.groovy:88)
	at com.kms.katalon.core.webui.keyword.builtin.GetTextKeyword.execute(GetTextKeyword.groovy:67)
	at com.kms.katalon.core.keyword.internal.KeywordExecutor.executeKeywordForPlatform(KeywordExecutor.groovy:53)
	at com.kms.katalon.core.webui.keyword.WebUiBuiltInKeywords.getText(WebUiBuiltInKeywords.groovy:888)
	at com.kms.katalon.core.webui.keyword.WebUiBuiltInKeywords$getText$9.call(Unknown Source)
	at DS - Pending Claim (EFT).run(DS - Pending Claim (EFT):32)
	at com.kms.katalon.core.main.ScriptEngine.run(ScriptEngine.java:194)
	at com.kms.katalon.core.main.ScriptEngine.runScriptAsRawText(ScriptEngine.java:119)
	at com.kms.katalon.core.main.TestCaseExecutor.runScript(TestCaseExecutor.java:328)
	at com.kms.katalon.core.main.TestCaseExecutor.doExecute(TestCaseExecutor.java:319)
	at com.kms.katalon.core.main.TestCaseExecutor.processExecutionPhase(TestCaseExecutor.java:298)
	at com.kms.katalon.core.main.TestCaseExecutor.accessMainPhase(TestCaseExecutor.java:290)
	at com.kms.katalon.core.main.TestCaseExecutor.execute(TestCaseExecutor.java:224)
	at com.kms.katalon.core.main.TestCaseMain.runTestCase(TestCaseMain.java:106)
	at com.kms.katalon.core.keyword.builtin.CallTestCaseKeyword$_callTestCase_closure1.doCall(CallTestCaseKeyword.groovy:59)
	at com.kms.katalon.core.keyword.builtin.CallTestCaseKeyword$_callTestCase_closure1.call(CallTestCaseKeyword.groovy)
	at com.kms.katalon.core.keyword.internal.KeywordMain.runKeyword(KeywordMain.groovy:54)
	at com.kms.katalon.core.keyword.builtin.CallTestCaseKeyword.callTestCase(CallTestCaseKeyword.groovy:80)
	at com.kms.katalon.core.keyword.builtin.CallTestCaseKeyword.execute(CallTestCaseKeyword.groovy:44)
	at com.kms.katalon.core.keyword.internal.KeywordExecutor.executeKeywordForPlatform(KeywordExecutor.groovy:53)
	at com.kms.katalon.core.keyword.BuiltinKeywords.callTestCase(BuiltinKeywords.groovy:334)
	at Disbursement end to end (EFT Reject).run(Disbursement end to end (EFT Reject):16)
	at com.kms.katalon.core.main.ScriptEngine.run(ScriptEngine.java:194)
	at com.kms.katalon.core.main.ScriptEngine.runScriptAsRawText(ScriptEngine.java:119)
	at com.kms.katalon.core.main.TestCaseExecutor.runScript(TestCaseExecutor.java:328)
	at com.kms.katalon.core.main.TestCaseExecutor.doExecute(TestCaseExecutor.java:319)
	at com.kms.katalon.core.main.TestCaseExecutor.processExecutionPhase(TestCaseExecutor.java:298)
	at com.kms.katalon.core.main.TestCaseExecutor.accessMainPhase(TestCaseExecutor.java:290)
	at com.kms.katalon.core.main.TestCaseExecutor.execute(TestCaseExecutor.java:224)
	at com.kms.katalon.core.main.TestSuiteExecutor.accessTestCaseMainPhase(TestSuiteExecutor.java:129)
	at com.kms.katalon.core.main.TestSuiteExecutor.accessTestSuiteMainPhase(TestSuiteExecutor.java:112)
	at com.kms.katalon.core.main.TestSuiteExecutor.execute(TestSuiteExecutor.java:81)
	at com.kms.katalon.core.main.TestCaseMain.startTestSuite(TestCaseMain.java:149)
	at com.kms.katalon.core.main.TestCaseMain$startTestSuite$0.call(Unknown Source)
	at TempTestSuite1550738418733.run(TempTestSuite1550738418733.groovy:36)]]></system-out>
         <system-err><![CDATA[2019-02-21 18:16:00 - [TEST_CASE][FAILED] - Test Cases/All TC/Arranged/0. Full Flow/Disbursement end to end (EFT Reject): Test Cases/All TC/Arranged/0. Full Flow/Disbursement end to end (EFT Reject) FAILED.
Reason:
com.kms.katalon.core.exception.StepFailedException: Unable to get text of object 'Object Repository/YongJun/Disbursement/Disbursement - EFT/DS - Pending Claim (EFT)/Page_PERKESO/Get Case ID' (Root cause: com.kms.katalon.core.webui.exception.WebElementNotFoundException: Web element with id: 'Object Repository/YongJun/Disbursement/Disbursement - EFT/DS - Pending Claim (EFT)/Page_PERKESO/Get Case ID' located by 'By.xpath: id("pendingClaimTableId")/tbody[1]/tr[@class="odd"]/td[2]' not found)
	at com.kms.katalon.core.keyword.internal.KeywordMain.stepFailed(KeywordMain.groovy:36)
	at com.kms.katalon.core.webui.keyword.internal.WebUIKeywordMain.stepFailed(WebUIKeywordMain.groovy:65)
	at com.kms.katalon.core.webui.keyword.internal.WebUIKeywordMain.runKeyword(WebUIKeywordMain.groovy:27)
	at com.kms.katalon.core.webui.keyword.builtin.GetTextKeyword.getText(GetTextKeyword.groovy:88)
	at com.kms.katalon.core.webui.keyword.builtin.GetTextKeyword.execute(GetTextKeyword.groovy:67)
	at com.kms.katalon.core.keyword.internal.KeywordExecutor.executeKeywordForPlatform(KeywordExecutor.groovy:53)
	at com.kms.katalon.core.webui.keyword.WebUiBuiltInKeywords.getText(WebUiBuiltInKeywords.groovy:888)
	at com.kms.katalon.core.webui.keyword.WebUiBuiltInKeywords$getText$9.call(Unknown Source)
	at DS - Pending Claim (EFT).run(DS - Pending Claim (EFT):32)
	at com.kms.katalon.core.main.ScriptEngine.run(ScriptEngine.java:194)
	at com.kms.katalon.core.main.ScriptEngine.runScriptAsRawText(ScriptEngine.java:119)
	at com.kms.katalon.core.main.TestCaseExecutor.runScript(TestCaseExecutor.java:328)
	at com.kms.katalon.core.main.TestCaseExecutor.doExecute(TestCaseExecutor.java:319)
	at com.kms.katalon.core.main.TestCaseExecutor.processExecutionPhase(TestCaseExecutor.java:298)
	at com.kms.katalon.core.main.TestCaseExecutor.accessMainPhase(TestCaseExecutor.java:290)
	at com.kms.katalon.core.main.TestCaseExecutor.execute(TestCaseExecutor.java:224)
	at com.kms.katalon.core.main.TestCaseMain.runTestCase(TestCaseMain.java:106)
	at com.kms.katalon.core.keyword.builtin.CallTestCaseKeyword$_callTestCase_closure1.doCall(CallTestCaseKeyword.groovy:59)
	at com.kms.katalon.core.keyword.builtin.CallTestCaseKeyword$_callTestCase_closure1.call(CallTestCaseKeyword.groovy)
	at com.kms.katalon.core.keyword.internal.KeywordMain.runKeyword(KeywordMain.groovy:54)
	at com.kms.katalon.core.keyword.builtin.CallTestCaseKeyword.callTestCase(CallTestCaseKeyword.groovy:80)
	at com.kms.katalon.core.keyword.builtin.CallTestCaseKeyword.execute(CallTestCaseKeyword.groovy:44)
	at com.kms.katalon.core.keyword.internal.KeywordExecutor.executeKeywordForPlatform(KeywordExecutor.groovy:53)
	at com.kms.katalon.core.keyword.BuiltinKeywords.callTestCase(BuiltinKeywords.groovy:334)
	at Disbursement end to end (EFT Reject).run(Disbursement end to end (EFT Reject):16)
	at com.kms.katalon.core.main.ScriptEngine.run(ScriptEngine.java:194)
	at com.kms.katalon.core.main.ScriptEngine.runScriptAsRawText(ScriptEngine.java:119)
	at com.kms.katalon.core.main.TestCaseExecutor.runScript(TestCaseExecutor.java:328)
	at com.kms.katalon.core.main.TestCaseExecutor.doExecute(TestCaseExecutor.java:319)
	at com.kms.katalon.core.main.TestCaseExecutor.processExecutionPhase(TestCaseExecutor.java:298)
	at com.kms.katalon.core.main.TestCaseExecutor.accessMainPhase(TestCaseExecutor.java:290)
	at com.kms.katalon.core.main.TestCaseExecutor.execute(TestCaseExecutor.java:224)
	at com.kms.katalon.core.main.TestSuiteExecutor.accessTestCaseMainPhase(TestSuiteExecutor.java:129)
	at com.kms.katalon.core.main.TestSuiteExecutor.accessTestSuiteMainPhase(TestSuiteExecutor.java:112)
	at com.kms.katalon.core.main.TestSuiteExecutor.execute(TestSuiteExecutor.java:81)
	at com.kms.katalon.core.main.TestCaseMain.startTestSuite(TestCaseMain.java:149)
	at com.kms.katalon.core.main.TestCaseMain$startTestSuite$0.call(Unknown Source)
	at TempTestSuite1550738418733.run(TempTestSuite1550738418733.groovy:36)]]></system-err>
      </testcase>
      <testcase name="Test Cases/All TC/Arranged/0. Full Flow/Disbursement end to end (EFT Approved)" classname="Test Cases/All TC/Arranged/0. Full Flow/Disbursement end to end (EFT Approved)" status="FAILED">
         <failure type="FAILED" message="Test Cases/All TC/Arranged/0. Full Flow/Disbursement end to end (EFT Approved) FAILED.
Reason:
com.kms.katalon.core.exception.StepFailedException: Unable to get text of object 'Object Repository/YongJun/Disbursement/Disbursement - EFT/DS - Pending Claim (EFT)/Page_PERKESO/Get Case ID' (Root cause: com.kms.katalon.core.webui.exception.WebElementNotFoundException: Web element with id: 'Object Repository/YongJun/Disbursement/Disbursement - EFT/DS - Pending Claim (EFT)/Page_PERKESO/Get Case ID' located by 'By.xpath: id(&quot;pendingClaimTableId&quot;)/tbody[1]/tr[@class=&quot;odd&quot;]/td[2]' not found)
	at com.kms.katalon.core.keyword.internal.KeywordMain.stepFailed(KeywordMain.groovy:36)
	at com.kms.katalon.core.webui.keyword.internal.WebUIKeywordMain.stepFailed(WebUIKeywordMain.groovy:65)
	at com.kms.katalon.core.webui.keyword.internal.WebUIKeywordMain.runKeyword(WebUIKeywordMain.groovy:27)
	at com.kms.katalon.core.webui.keyword.builtin.GetTextKeyword.getText(GetTextKeyword.groovy:88)
	at com.kms.katalon.core.webui.keyword.builtin.GetTextKeyword.execute(GetTextKeyword.groovy:67)
	at com.kms.katalon.core.keyword.internal.KeywordExecutor.executeKeywordForPlatform(KeywordExecutor.groovy:53)
	at com.kms.katalon.core.webui.keyword.WebUiBuiltInKeywords.getText(WebUiBuiltInKeywords.groovy:888)
	at com.kms.katalon.core.webui.keyword.WebUiBuiltInKeywords$getText$9.call(Unknown Source)
	at DS - Pending Claim (EFT).run(DS - Pending Claim (EFT):32)
	at com.kms.katalon.core.main.ScriptEngine.run(ScriptEngine.java:194)
	at com.kms.katalon.core.main.ScriptEngine.runScriptAsRawText(ScriptEngine.java:119)
	at com.kms.katalon.core.main.TestCaseExecutor.runScript(TestCaseExecutor.java:328)
	at com.kms.katalon.core.main.TestCaseExecutor.doExecute(TestCaseExecutor.java:319)
	at com.kms.katalon.core.main.TestCaseExecutor.processExecutionPhase(TestCaseExecutor.java:298)
	at com.kms.katalon.core.main.TestCaseExecutor.accessMainPhase(TestCaseExecutor.java:290)
	at com.kms.katalon.core.main.TestCaseExecutor.execute(TestCaseExecutor.java:224)
	at com.kms.katalon.core.main.TestCaseMain.runTestCase(TestCaseMain.java:106)
	at com.kms.katalon.core.keyword.builtin.CallTestCaseKeyword$_callTestCase_closure1.doCall(CallTestCaseKeyword.groovy:59)
	at com.kms.katalon.core.keyword.builtin.CallTestCaseKeyword$_callTestCase_closure1.call(CallTestCaseKeyword.groovy)
	at com.kms.katalon.core.keyword.internal.KeywordMain.runKeyword(KeywordMain.groovy:54)
	at com.kms.katalon.core.keyword.builtin.CallTestCaseKeyword.callTestCase(CallTestCaseKeyword.groovy:80)
	at com.kms.katalon.core.keyword.builtin.CallTestCaseKeyword.execute(CallTestCaseKeyword.groovy:44)
	at com.kms.katalon.core.keyword.internal.KeywordExecutor.executeKeywordForPlatform(KeywordExecutor.groovy:53)
	at com.kms.katalon.core.keyword.BuiltinKeywords.callTestCase(BuiltinKeywords.groovy:334)
	at Disbursement end to end (EFT Approved).run(Disbursement end to end (EFT Approved):16)
	at com.kms.katalon.core.main.ScriptEngine.run(ScriptEngine.java:194)
	at com.kms.katalon.core.main.ScriptEngine.runScriptAsRawText(ScriptEngine.java:119)
	at com.kms.katalon.core.main.TestCaseExecutor.runScript(TestCaseExecutor.java:328)
	at com.kms.katalon.core.main.TestCaseExecutor.doExecute(TestCaseExecutor.java:319)
	at com.kms.katalon.core.main.TestCaseExecutor.processExecutionPhase(TestCaseExecutor.java:298)
	at com.kms.katalon.core.main.TestCaseExecutor.accessMainPhase(TestCaseExecutor.java:290)
	at com.kms.katalon.core.main.TestCaseExecutor.execute(TestCaseExecutor.java:224)
	at com.kms.katalon.core.main.TestSuiteExecutor.accessTestCaseMainPhase(TestSuiteExecutor.java:129)
	at com.kms.katalon.core.main.TestSuiteExecutor.accessTestSuiteMainPhase(TestSuiteExecutor.java:112)
	at com.kms.katalon.core.main.TestSuiteExecutor.execute(TestSuiteExecutor.java:81)
	at com.kms.katalon.core.main.TestCaseMain.startTestSuite(TestCaseMain.java:149)
	at com.kms.katalon.core.main.TestCaseMain$startTestSuite$0.call(Unknown Source)
	at TempTestSuite1550738418733.run(TempTestSuite1550738418733.groovy:36)
"/>
         <system-out><![CDATA[2019-02-21 18:16:44 - [TEST_CASE][FAILED] - Test Cases/All TC/Arranged/0. Full Flow/Disbursement end to end (EFT Approved): Test Cases/All TC/Arranged/0. Full Flow/Disbursement end to end (EFT Approved) FAILED.
Reason:
com.kms.katalon.core.exception.StepFailedException: Unable to get text of object 'Object Repository/YongJun/Disbursement/Disbursement - EFT/DS - Pending Claim (EFT)/Page_PERKESO/Get Case ID' (Root cause: com.kms.katalon.core.webui.exception.WebElementNotFoundException: Web element with id: 'Object Repository/YongJun/Disbursement/Disbursement - EFT/DS - Pending Claim (EFT)/Page_PERKESO/Get Case ID' located by 'By.xpath: id("pendingClaimTableId")/tbody[1]/tr[@class="odd"]/td[2]' not found)
	at com.kms.katalon.core.keyword.internal.KeywordMain.stepFailed(KeywordMain.groovy:36)
	at com.kms.katalon.core.webui.keyword.internal.WebUIKeywordMain.stepFailed(WebUIKeywordMain.groovy:65)
	at com.kms.katalon.core.webui.keyword.internal.WebUIKeywordMain.runKeyword(WebUIKeywordMain.groovy:27)
	at com.kms.katalon.core.webui.keyword.builtin.GetTextKeyword.getText(GetTextKeyword.groovy:88)
	at com.kms.katalon.core.webui.keyword.builtin.GetTextKeyword.execute(GetTextKeyword.groovy:67)
	at com.kms.katalon.core.keyword.internal.KeywordExecutor.executeKeywordForPlatform(KeywordExecutor.groovy:53)
	at com.kms.katalon.core.webui.keyword.WebUiBuiltInKeywords.getText(WebUiBuiltInKeywords.groovy:888)
	at com.kms.katalon.core.webui.keyword.WebUiBuiltInKeywords$getText$9.call(Unknown Source)
	at DS - Pending Claim (EFT).run(DS - Pending Claim (EFT):32)
	at com.kms.katalon.core.main.ScriptEngine.run(ScriptEngine.java:194)
	at com.kms.katalon.core.main.ScriptEngine.runScriptAsRawText(ScriptEngine.java:119)
	at com.kms.katalon.core.main.TestCaseExecutor.runScript(TestCaseExecutor.java:328)
	at com.kms.katalon.core.main.TestCaseExecutor.doExecute(TestCaseExecutor.java:319)
	at com.kms.katalon.core.main.TestCaseExecutor.processExecutionPhase(TestCaseExecutor.java:298)
	at com.kms.katalon.core.main.TestCaseExecutor.accessMainPhase(TestCaseExecutor.java:290)
	at com.kms.katalon.core.main.TestCaseExecutor.execute(TestCaseExecutor.java:224)
	at com.kms.katalon.core.main.TestCaseMain.runTestCase(TestCaseMain.java:106)
	at com.kms.katalon.core.keyword.builtin.CallTestCaseKeyword$_callTestCase_closure1.doCall(CallTestCaseKeyword.groovy:59)
	at com.kms.katalon.core.keyword.builtin.CallTestCaseKeyword$_callTestCase_closure1.call(CallTestCaseKeyword.groovy)
	at com.kms.katalon.core.keyword.internal.KeywordMain.runKeyword(KeywordMain.groovy:54)
	at com.kms.katalon.core.keyword.builtin.CallTestCaseKeyword.callTestCase(CallTestCaseKeyword.groovy:80)
	at com.kms.katalon.core.keyword.builtin.CallTestCaseKeyword.execute(CallTestCaseKeyword.groovy:44)
	at com.kms.katalon.core.keyword.internal.KeywordExecutor.executeKeywordForPlatform(KeywordExecutor.groovy:53)
	at com.kms.katalon.core.keyword.BuiltinKeywords.callTestCase(BuiltinKeywords.groovy:334)
	at Disbursement end to end (EFT Approved).run(Disbursement end to end (EFT Approved):16)
	at com.kms.katalon.core.main.ScriptEngine.run(ScriptEngine.java:194)
	at com.kms.katalon.core.main.ScriptEngine.runScriptAsRawText(ScriptEngine.java:119)
	at com.kms.katalon.core.main.TestCaseExecutor.runScript(TestCaseExecutor.java:328)
	at com.kms.katalon.core.main.TestCaseExecutor.doExecute(TestCaseExecutor.java:319)
	at com.kms.katalon.core.main.TestCaseExecutor.processExecutionPhase(TestCaseExecutor.java:298)
	at com.kms.katalon.core.main.TestCaseExecutor.accessMainPhase(TestCaseExecutor.java:290)
	at com.kms.katalon.core.main.TestCaseExecutor.execute(TestCaseExecutor.java:224)
	at com.kms.katalon.core.main.TestSuiteExecutor.accessTestCaseMainPhase(TestSuiteExecutor.java:129)
	at com.kms.katalon.core.main.TestSuiteExecutor.accessTestSuiteMainPhase(TestSuiteExecutor.java:112)
	at com.kms.katalon.core.main.TestSuiteExecutor.execute(TestSuiteExecutor.java:81)
	at com.kms.katalon.core.main.TestCaseMain.startTestSuite(TestCaseMain.java:149)
	at com.kms.katalon.core.main.TestCaseMain$startTestSuite$0.call(Unknown Source)
	at TempTestSuite1550738418733.run(TempTestSuite1550738418733.groovy:36)


2019-02-21 18:16:44 - [TEST_STEP][FAILED] - callTestCase(findTestCase("All TC/Arranged/2. Segment/2.6 Disbursement/DS - EFT/DS - Pending Claim (EFT)"), [:], STOP_ON_FAILURE): callTestCase(findTestCase("All TC/Arranged/2. Segment/2.6 Disbursement/DS - EFT/DS - Pending Claim (EFT)"), [:], STOP_ON_FAILURE) FAILED.
Reason:
com.kms.katalon.core.exception.StepFailedException: Unable to get text of object 'Object Repository/YongJun/Disbursement/Disbursement - EFT/DS - Pending Claim (EFT)/Page_PERKESO/Get Case ID' (Root cause: com.kms.katalon.core.webui.exception.WebElementNotFoundException: Web element with id: 'Object Repository/YongJun/Disbursement/Disbursement - EFT/DS - Pending Claim (EFT)/Page_PERKESO/Get Case ID' located by 'By.xpath: id("pendingClaimTableId")/tbody[1]/tr[@class="odd"]/td[2]' not found)
	at com.kms.katalon.core.keyword.internal.KeywordMain.stepFailed(KeywordMain.groovy:36)
	at com.kms.katalon.core.webui.keyword.internal.WebUIKeywordMain.stepFailed(WebUIKeywordMain.groovy:65)
	at com.kms.katalon.core.webui.keyword.internal.WebUIKeywordMain.runKeyword(WebUIKeywordMain.groovy:27)
	at com.kms.katalon.core.webui.keyword.builtin.GetTextKeyword.getText(GetTextKeyword.groovy:88)
	at com.kms.katalon.core.webui.keyword.builtin.GetTextKeyword.execute(GetTextKeyword.groovy:67)
	at com.kms.katalon.core.keyword.internal.KeywordExecutor.executeKeywordForPlatform(KeywordExecutor.groovy:53)
	at com.kms.katalon.core.webui.keyword.WebUiBuiltInKeywords.getText(WebUiBuiltInKeywords.groovy:888)
	at com.kms.katalon.core.webui.keyword.WebUiBuiltInKeywords$getText$9.call(Unknown Source)
	at DS - Pending Claim (EFT).run(DS - Pending Claim (EFT):32)
	at com.kms.katalon.core.main.ScriptEngine.run(ScriptEngine.java:194)
	at com.kms.katalon.core.main.ScriptEngine.runScriptAsRawText(ScriptEngine.java:119)
	at com.kms.katalon.core.main.TestCaseExecutor.runScript(TestCaseExecutor.java:328)
	at com.kms.katalon.core.main.TestCaseExecutor.doExecute(TestCaseExecutor.java:319)
	at com.kms.katalon.core.main.TestCaseExecutor.processExecutionPhase(TestCaseExecutor.java:298)
	at com.kms.katalon.core.main.TestCaseExecutor.accessMainPhase(TestCaseExecutor.java:290)
	at com.kms.katalon.core.main.TestCaseExecutor.execute(TestCaseExecutor.java:224)
	at com.kms.katalon.core.main.TestCaseMain.runTestCase(TestCaseMain.java:106)
	at com.kms.katalon.core.keyword.builtin.CallTestCaseKeyword$_callTestCase_closure1.doCall(CallTestCaseKeyword.groovy:59)
	at com.kms.katalon.core.keyword.builtin.CallTestCaseKeyword$_callTestCase_closure1.call(CallTestCaseKeyword.groovy)
	at com.kms.katalon.core.keyword.internal.KeywordMain.runKeyword(KeywordMain.groovy:54)
	at com.kms.katalon.core.keyword.builtin.CallTestCaseKeyword.callTestCase(CallTestCaseKeyword.groovy:80)
	at com.kms.katalon.core.keyword.builtin.CallTestCaseKeyword.execute(CallTestCaseKeyword.groovy:44)
	at com.kms.katalon.core.keyword.internal.KeywordExecutor.executeKeywordForPlatform(KeywordExecutor.groovy:53)
	at com.kms.katalon.core.keyword.BuiltinKeywords.callTestCase(BuiltinKeywords.groovy:334)
	at Disbursement end to end (EFT Approved).run(Disbursement end to end (EFT Approved):16)
	at com.kms.katalon.core.main.ScriptEngine.run(ScriptEngine.java:194)
	at com.kms.katalon.core.main.ScriptEngine.runScriptAsRawText(ScriptEngine.java:119)
	at com.kms.katalon.core.main.TestCaseExecutor.runScript(TestCaseExecutor.java:328)
	at com.kms.katalon.core.main.TestCaseExecutor.doExecute(TestCaseExecutor.java:319)
	at com.kms.katalon.core.main.TestCaseExecutor.processExecutionPhase(TestCaseExecutor.java:298)
	at com.kms.katalon.core.main.TestCaseExecutor.accessMainPhase(TestCaseExecutor.java:290)
	at com.kms.katalon.core.main.TestCaseExecutor.execute(TestCaseExecutor.java:224)
	at com.kms.katalon.core.main.TestSuiteExecutor.accessTestCaseMainPhase(TestSuiteExecutor.java:129)
	at com.kms.katalon.core.main.TestSuiteExecutor.accessTestSuiteMainPhase(TestSuiteExecutor.java:112)
	at com.kms.katalon.core.main.TestSuiteExecutor.execute(TestSuiteExecutor.java:81)
	at com.kms.katalon.core.main.TestCaseMain.startTestSuite(TestCaseMain.java:149)
	at com.kms.katalon.core.main.TestCaseMain$startTestSuite$0.call(Unknown Source)
	at TempTestSuite1550738418733.run(TempTestSuite1550738418733.groovy:36)


2019-02-21 18:16:44 - [TEST_CASE][FAILED] - Test Cases/All TC/Arranged/2. Segment/2.6 Disbursement/DS - EFT/DS - Pending Claim (EFT): Test Cases/All TC/Arranged/2. Segment/2.6 Disbursement/DS - EFT/DS - Pending Claim (EFT) FAILED.
Reason:
com.kms.katalon.core.exception.StepFailedException: Unable to get text of object 'Object Repository/YongJun/Disbursement/Disbursement - EFT/DS - Pending Claim (EFT)/Page_PERKESO/Get Case ID' (Root cause: com.kms.katalon.core.webui.exception.WebElementNotFoundException: Web element with id: 'Object Repository/YongJun/Disbursement/Disbursement - EFT/DS - Pending Claim (EFT)/Page_PERKESO/Get Case ID' located by 'By.xpath: id("pendingClaimTableId")/tbody[1]/tr[@class="odd"]/td[2]' not found)
	at com.kms.katalon.core.keyword.internal.KeywordMain.stepFailed(KeywordMain.groovy:36)
	at com.kms.katalon.core.webui.keyword.internal.WebUIKeywordMain.stepFailed(WebUIKeywordMain.groovy:65)
	at com.kms.katalon.core.webui.keyword.internal.WebUIKeywordMain.runKeyword(WebUIKeywordMain.groovy:27)
	at com.kms.katalon.core.webui.keyword.builtin.GetTextKeyword.getText(GetTextKeyword.groovy:88)
	at com.kms.katalon.core.webui.keyword.builtin.GetTextKeyword.execute(GetTextKeyword.groovy:67)
	at com.kms.katalon.core.keyword.internal.KeywordExecutor.executeKeywordForPlatform(KeywordExecutor.groovy:53)
	at com.kms.katalon.core.webui.keyword.WebUiBuiltInKeywords.getText(WebUiBuiltInKeywords.groovy:888)
	at com.kms.katalon.core.webui.keyword.WebUiBuiltInKeywords$getText$9.call(Unknown Source)
	at DS - Pending Claim (EFT).run(DS - Pending Claim (EFT):32)
	at com.kms.katalon.core.main.ScriptEngine.run(ScriptEngine.java:194)
	at com.kms.katalon.core.main.ScriptEngine.runScriptAsRawText(ScriptEngine.java:119)
	at com.kms.katalon.core.main.TestCaseExecutor.runScript(TestCaseExecutor.java:328)
	at com.kms.katalon.core.main.TestCaseExecutor.doExecute(TestCaseExecutor.java:319)
	at com.kms.katalon.core.main.TestCaseExecutor.processExecutionPhase(TestCaseExecutor.java:298)
	at com.kms.katalon.core.main.TestCaseExecutor.accessMainPhase(TestCaseExecutor.java:290)
	at com.kms.katalon.core.main.TestCaseExecutor.execute(TestCaseExecutor.java:224)
	at com.kms.katalon.core.main.TestCaseMain.runTestCase(TestCaseMain.java:106)
	at com.kms.katalon.core.keyword.builtin.CallTestCaseKeyword$_callTestCase_closure1.doCall(CallTestCaseKeyword.groovy:59)
	at com.kms.katalon.core.keyword.builtin.CallTestCaseKeyword$_callTestCase_closure1.call(CallTestCaseKeyword.groovy)
	at com.kms.katalon.core.keyword.internal.KeywordMain.runKeyword(KeywordMain.groovy:54)
	at com.kms.katalon.core.keyword.builtin.CallTestCaseKeyword.callTestCase(CallTestCaseKeyword.groovy:80)
	at com.kms.katalon.core.keyword.builtin.CallTestCaseKeyword.execute(CallTestCaseKeyword.groovy:44)
	at com.kms.katalon.core.keyword.internal.KeywordExecutor.executeKeywordForPlatform(KeywordExecutor.groovy:53)
	at com.kms.katalon.core.keyword.BuiltinKeywords.callTestCase(BuiltinKeywords.groovy:334)
	at Disbursement end to end (EFT Approved).run(Disbursement end to end (EFT Approved):16)
	at com.kms.katalon.core.main.ScriptEngine.run(ScriptEngine.java:194)
	at com.kms.katalon.core.main.ScriptEngine.runScriptAsRawText(ScriptEngine.java:119)
	at com.kms.katalon.core.main.TestCaseExecutor.runScript(TestCaseExecutor.java:328)
	at com.kms.katalon.core.main.TestCaseExecutor.doExecute(TestCaseExecutor.java:319)
	at com.kms.katalon.core.main.TestCaseExecutor.processExecutionPhase(TestCaseExecutor.java:298)
	at com.kms.katalon.core.main.TestCaseExecutor.accessMainPhase(TestCaseExecutor.java:290)
	at com.kms.katalon.core.main.TestCaseExecutor.execute(TestCaseExecutor.java:224)
	at com.kms.katalon.core.main.TestSuiteExecutor.accessTestCaseMainPhase(TestSuiteExecutor.java:129)
	at com.kms.katalon.core.main.TestSuiteExecutor.accessTestSuiteMainPhase(TestSuiteExecutor.java:112)
	at com.kms.katalon.core.main.TestSuiteExecutor.execute(TestSuiteExecutor.java:81)
	at com.kms.katalon.core.main.TestCaseMain.startTestSuite(TestCaseMain.java:149)
	at com.kms.katalon.core.main.TestCaseMain$startTestSuite$0.call(Unknown Source)
	at TempTestSuite1550738418733.run(TempTestSuite1550738418733.groovy:36)


2019-02-21 18:16:44 - [TEST_STEP][PASSED] - openBrowser(""): Browser is opened with url: ''

2019-02-21 18:16:44 - [MESSAGE][WARNING] - A browser is already opened. Closing browser and opening a new one

2019-02-21 18:16:45 - [MESSAGE][INFO] - Starting 'Chrome' driver

2019-02-21 18:16:45 - [MESSAGE][INFO] - User set preference: ['args', '[--start-maximized]']

2019-02-21 18:16:47 - [MESSAGE][PASSED] - Browser is opened with url: ''

2019-02-21 18:16:47 - [TEST_STEP][PASSED] - maximizeWindow(): Current window maximized

2019-02-21 18:16:48 - [MESSAGE][PASSED] - Current window maximized

2019-02-21 18:16:48 - [TEST_STEP][PASSED] - navigateToUrl(Internal_Login): Navigate to 'http://10.20.24.188/eisportal/user/login' successfully

2019-02-21 18:16:49 - [MESSAGE][PASSED] - Navigate to 'http://10.20.24.188/eisportal/user/login' successfully

2019-02-21 18:16:49 - [TEST_STEP][PASSED] - delay(2): Delayed 2 second(s)

2019-02-21 18:16:51 - [MESSAGE][PASSED] - Delayed 2 second(s)

2019-02-21 18:16:51 - [TEST_STEP][PASSED] - setText(findTestObject("YongJun/Disbursement/Disbursement - EFT/DS - Pending Claim (EFT)/Page_PERKESO/DS input username"), "hq1ds@perkeso.gov.my"): Text 'hq1ds@perkeso.gov.my' is set on object 'Object Repository/YongJun/Disbursement/Disbursement - EFT/DS - Pending Claim (EFT)/Page_PERKESO/DS input username'

2019-02-21 18:16:51 - [MESSAGE][PASSED] - Text 'hq1ds@perkeso.gov.my' is set on object 'Object Repository/YongJun/Disbursement/Disbursement - EFT/DS - Pending Claim (EFT)/Page_PERKESO/DS input username'

2019-02-21 18:16:51 - [TEST_STEP][PASSED] - setEncryptedText(findTestObject("YongJun/Disbursement/Disbursement - EFT/DS - Pending Claim (EFT)/Page_PERKESO/DS input password"), "CQqwFZlbeC8="): Text ****** has been set on object 'Object Repository/YongJun/Disbursement/Disbursement - EFT/DS - Pending Claim (EFT)/Page_PERKESO/DS input password'

2019-02-21 18:16:51 - [MESSAGE][PASSED] - Text ****** has been set on object 'Object Repository/YongJun/Disbursement/Disbursement - EFT/DS - Pending Claim (EFT)/Page_PERKESO/DS input password'

2019-02-21 18:16:51 - [TEST_STEP][PASSED] - click(findTestObject("YongJun/Disbursement/Disbursement - EFT/DS - Pending Claim (EFT)/Page_PERKESO/DS click login button")): Object: 'Object Repository/YongJun/Disbursement/Disbursement - EFT/DS - Pending Claim (EFT)/Page_PERKESO/DS click login button' is clicked on

2019-02-21 18:16:52 - [MESSAGE][PASSED] - Object: 'Object Repository/YongJun/Disbursement/Disbursement - EFT/DS - Pending Claim (EFT)/Page_PERKESO/DS click login button' is clicked on

2019-02-21 18:16:52 - [TEST_STEP][PASSED] - delay(2): Delayed 2 second(s)

2019-02-21 18:16:54 - [MESSAGE][PASSED] - Delayed 2 second(s)

2019-02-21 18:16:54 - [TEST_STEP][FAILED] - EiEsCaseID = getText(findTestObject("YongJun/Disbursement/Disbursement - EFT/DS - Pending Claim (EFT)/Page_PERKESO/Get Case ID")): EiEsCaseID = getText(findTestObject("YongJun/Disbursement/Disbursement - EFT/DS - Pending Claim (EFT)/Page_PERKESO/Get Case ID")) FAILED.
Reason:
com.kms.katalon.core.exception.StepFailedException: Unable to get text of object 'Object Repository/YongJun/Disbursement/Disbursement - EFT/DS - Pending Claim (EFT)/Page_PERKESO/Get Case ID' (Root cause: com.kms.katalon.core.webui.exception.WebElementNotFoundException: Web element with id: 'Object Repository/YongJun/Disbursement/Disbursement - EFT/DS - Pending Claim (EFT)/Page_PERKESO/Get Case ID' located by 'By.xpath: id("pendingClaimTableId")/tbody[1]/tr[@class="odd"]/td[2]' not found)
	at com.kms.katalon.core.keyword.internal.KeywordMain.stepFailed(KeywordMain.groovy:36)
	at com.kms.katalon.core.webui.keyword.internal.WebUIKeywordMain.stepFailed(WebUIKeywordMain.groovy:65)
	at com.kms.katalon.core.webui.keyword.internal.WebUIKeywordMain.runKeyword(WebUIKeywordMain.groovy:27)
	at com.kms.katalon.core.webui.keyword.builtin.GetTextKeyword.getText(GetTextKeyword.groovy:88)
	at com.kms.katalon.core.webui.keyword.builtin.GetTextKeyword.execute(GetTextKeyword.groovy:67)
	at com.kms.katalon.core.keyword.internal.KeywordExecutor.executeKeywordForPlatform(KeywordExecutor.groovy:53)
	at com.kms.katalon.core.webui.keyword.WebUiBuiltInKeywords.getText(WebUiBuiltInKeywords.groovy:888)
	at com.kms.katalon.core.webui.keyword.WebUiBuiltInKeywords$getText$9.call(Unknown Source)
	at DS - Pending Claim (EFT).run(DS - Pending Claim (EFT):32)
	at com.kms.katalon.core.main.ScriptEngine.run(ScriptEngine.java:194)
	at com.kms.katalon.core.main.ScriptEngine.runScriptAsRawText(ScriptEngine.java:119)
	at com.kms.katalon.core.main.TestCaseExecutor.runScript(TestCaseExecutor.java:328)
	at com.kms.katalon.core.main.TestCaseExecutor.doExecute(TestCaseExecutor.java:319)
	at com.kms.katalon.core.main.TestCaseExecutor.processExecutionPhase(TestCaseExecutor.java:298)
	at com.kms.katalon.core.main.TestCaseExecutor.accessMainPhase(TestCaseExecutor.java:290)
	at com.kms.katalon.core.main.TestCaseExecutor.execute(TestCaseExecutor.java:224)
	at com.kms.katalon.core.main.TestCaseMain.runTestCase(TestCaseMain.java:106)
	at com.kms.katalon.core.keyword.builtin.CallTestCaseKeyword$_callTestCase_closure1.doCall(CallTestCaseKeyword.groovy:59)
	at com.kms.katalon.core.keyword.builtin.CallTestCaseKeyword$_callTestCase_closure1.call(CallTestCaseKeyword.groovy)
	at com.kms.katalon.core.keyword.internal.KeywordMain.runKeyword(KeywordMain.groovy:54)
	at com.kms.katalon.core.keyword.builtin.CallTestCaseKeyword.callTestCase(CallTestCaseKeyword.groovy:80)
	at com.kms.katalon.core.keyword.builtin.CallTestCaseKeyword.execute(CallTestCaseKeyword.groovy:44)
	at com.kms.katalon.core.keyword.internal.KeywordExecutor.executeKeywordForPlatform(KeywordExecutor.groovy:53)
	at com.kms.katalon.core.keyword.BuiltinKeywords.callTestCase(BuiltinKeywords.groovy:334)
	at Disbursement end to end (EFT Approved).run(Disbursement end to end (EFT Approved):16)
	at com.kms.katalon.core.main.ScriptEngine.run(ScriptEngine.java:194)
	at com.kms.katalon.core.main.ScriptEngine.runScriptAsRawText(ScriptEngine.java:119)
	at com.kms.katalon.core.main.TestCaseExecutor.runScript(TestCaseExecutor.java:328)
	at com.kms.katalon.core.main.TestCaseExecutor.doExecute(TestCaseExecutor.java:319)
	at com.kms.katalon.core.main.TestCaseExecutor.processExecutionPhase(TestCaseExecutor.java:298)
	at com.kms.katalon.core.main.TestCaseExecutor.accessMainPhase(TestCaseExecutor.java:290)
	at com.kms.katalon.core.main.TestCaseExecutor.execute(TestCaseExecutor.java:224)
	at com.kms.katalon.core.main.TestSuiteExecutor.accessTestCaseMainPhase(TestSuiteExecutor.java:129)
	at com.kms.katalon.core.main.TestSuiteExecutor.accessTestSuiteMainPhase(TestSuiteExecutor.java:112)
	at com.kms.katalon.core.main.TestSuiteExecutor.execute(TestSuiteExecutor.java:81)
	at com.kms.katalon.core.main.TestCaseMain.startTestSuite(TestCaseMain.java:149)
	at com.kms.katalon.core.main.TestCaseMain$startTestSuite$0.call(Unknown Source)
	at TempTestSuite1550738418733.run(TempTestSuite1550738418733.groovy:36)


2019-02-21 18:17:25 - [MESSAGE][INFO] - Unable to find the element located by 'By.xpath: id("pendingClaimTableId")/tbody[1]/tr[@class="odd"]/td[2]'. Please recheck the objects properties to make sure the desired element is located. 

2019-02-21 18:17:26 - [MESSAGE][FAILED] - Unable to get text of object 'Object Repository/YongJun/Disbursement/Disbursement - EFT/DS - Pending Claim (EFT)/Page_PERKESO/Get Case ID' (Root cause: com.kms.katalon.core.webui.exception.WebElementNotFoundException: Web element with id: 'Object Repository/YongJun/Disbursement/Disbursement - EFT/DS - Pending Claim (EFT)/Page_PERKESO/Get Case ID' located by 'By.xpath: id("pendingClaimTableId")/tbody[1]/tr[@class="odd"]/td[2]' not found)
[[ATTACHMENT|C:\\Users\\Admin\\Documents\\GitHub\\PKSKatalon\\PKS-EI-ES\\Reports\\New Test Suite\\20190221_164018\\1550744245789.png]]

2019-02-21 18:17:26 - [MESSAGE][FAILED] - EiEsCaseID = getText(findTestObject("YongJun/Disbursement/Disbursement - EFT/DS - Pending Claim (EFT)/Page_PERKESO/Get Case ID")) FAILED.
Reason:
com.kms.katalon.core.exception.StepFailedException: Unable to get text of object 'Object Repository/YongJun/Disbursement/Disbursement - EFT/DS - Pending Claim (EFT)/Page_PERKESO/Get Case ID' (Root cause: com.kms.katalon.core.webui.exception.WebElementNotFoundException: Web element with id: 'Object Repository/YongJun/Disbursement/Disbursement - EFT/DS - Pending Claim (EFT)/Page_PERKESO/Get Case ID' located by 'By.xpath: id("pendingClaimTableId")/tbody[1]/tr[@class="odd"]/td[2]' not found)
	at com.kms.katalon.core.keyword.internal.KeywordMain.stepFailed(KeywordMain.groovy:36)
	at com.kms.katalon.core.webui.keyword.internal.WebUIKeywordMain.stepFailed(WebUIKeywordMain.groovy:65)
	at com.kms.katalon.core.webui.keyword.internal.WebUIKeywordMain.runKeyword(WebUIKeywordMain.groovy:27)
	at com.kms.katalon.core.webui.keyword.builtin.GetTextKeyword.getText(GetTextKeyword.groovy:88)
	at com.kms.katalon.core.webui.keyword.builtin.GetTextKeyword.execute(GetTextKeyword.groovy:67)
	at com.kms.katalon.core.keyword.internal.KeywordExecutor.executeKeywordForPlatform(KeywordExecutor.groovy:53)
	at com.kms.katalon.core.webui.keyword.WebUiBuiltInKeywords.getText(WebUiBuiltInKeywords.groovy:888)
	at com.kms.katalon.core.webui.keyword.WebUiBuiltInKeywords$getText$9.call(Unknown Source)
	at DS - Pending Claim (EFT).run(DS - Pending Claim (EFT):32)
	at com.kms.katalon.core.main.ScriptEngine.run(ScriptEngine.java:194)
	at com.kms.katalon.core.main.ScriptEngine.runScriptAsRawText(ScriptEngine.java:119)
	at com.kms.katalon.core.main.TestCaseExecutor.runScript(TestCaseExecutor.java:328)
	at com.kms.katalon.core.main.TestCaseExecutor.doExecute(TestCaseExecutor.java:319)
	at com.kms.katalon.core.main.TestCaseExecutor.processExecutionPhase(TestCaseExecutor.java:298)
	at com.kms.katalon.core.main.TestCaseExecutor.accessMainPhase(TestCaseExecutor.java:290)
	at com.kms.katalon.core.main.TestCaseExecutor.execute(TestCaseExecutor.java:224)
	at com.kms.katalon.core.main.TestCaseMain.runTestCase(TestCaseMain.java:106)
	at com.kms.katalon.core.keyword.builtin.CallTestCaseKeyword$_callTestCase_closure1.doCall(CallTestCaseKeyword.groovy:59)
	at com.kms.katalon.core.keyword.builtin.CallTestCaseKeyword$_callTestCase_closure1.call(CallTestCaseKeyword.groovy)
	at com.kms.katalon.core.keyword.internal.KeywordMain.runKeyword(KeywordMain.groovy:54)
	at com.kms.katalon.core.keyword.builtin.CallTestCaseKeyword.callTestCase(CallTestCaseKeyword.groovy:80)
	at com.kms.katalon.core.keyword.builtin.CallTestCaseKeyword.execute(CallTestCaseKeyword.groovy:44)
	at com.kms.katalon.core.keyword.internal.KeywordExecutor.executeKeywordForPlatform(KeywordExecutor.groovy:53)
	at com.kms.katalon.core.keyword.BuiltinKeywords.callTestCase(BuiltinKeywords.groovy:334)
	at Disbursement end to end (EFT Approved).run(Disbursement end to end (EFT Approved):16)
	at com.kms.katalon.core.main.ScriptEngine.run(ScriptEngine.java:194)
	at com.kms.katalon.core.main.ScriptEngine.runScriptAsRawText(ScriptEngine.java:119)
	at com.kms.katalon.core.main.TestCaseExecutor.runScript(TestCaseExecutor.java:328)
	at com.kms.katalon.core.main.TestCaseExecutor.doExecute(TestCaseExecutor.java:319)
	at com.kms.katalon.core.main.TestCaseExecutor.processExecutionPhase(TestCaseExecutor.java:298)
	at com.kms.katalon.core.main.TestCaseExecutor.accessMainPhase(TestCaseExecutor.java:290)
	at com.kms.katalon.core.main.TestCaseExecutor.execute(TestCaseExecutor.java:224)
	at com.kms.katalon.core.main.TestSuiteExecutor.accessTestCaseMainPhase(TestSuiteExecutor.java:129)
	at com.kms.katalon.core.main.TestSuiteExecutor.accessTestSuiteMainPhase(TestSuiteExecutor.java:112)
	at com.kms.katalon.core.main.TestSuiteExecutor.execute(TestSuiteExecutor.java:81)
	at com.kms.katalon.core.main.TestCaseMain.startTestSuite(TestCaseMain.java:149)
	at com.kms.katalon.core.main.TestCaseMain$startTestSuite$0.call(Unknown Source)
	at TempTestSuite1550738418733.run(TempTestSuite1550738418733.groovy:36)


2019-02-21 18:17:26 - [MESSAGE][FAILED] - Unable to call Test Case 'Test Cases/All TC/Arranged/2. Segment/2.6 Disbursement/DS - EFT/DS - Pending Claim (EFT)' (Root cause: com.kms.katalon.core.exception.StepFailedException: Call Test Case 'Test Cases/All TC/Arranged/2. Segment/2.6 Disbursement/DS - EFT/DS - Pending Claim (EFT)' failed)

2019-02-21 18:17:26 - [MESSAGE][FAILED] - callTestCase(findTestCase("All TC/Arranged/2. Segment/2.6 Disbursement/DS - EFT/DS - Pending Claim (EFT)"), [:], STOP_ON_FAILURE) FAILED.
Reason:
com.kms.katalon.core.exception.StepFailedException: Unable to get text of object 'Object Repository/YongJun/Disbursement/Disbursement - EFT/DS - Pending Claim (EFT)/Page_PERKESO/Get Case ID' (Root cause: com.kms.katalon.core.webui.exception.WebElementNotFoundException: Web element with id: 'Object Repository/YongJun/Disbursement/Disbursement - EFT/DS - Pending Claim (EFT)/Page_PERKESO/Get Case ID' located by 'By.xpath: id("pendingClaimTableId")/tbody[1]/tr[@class="odd"]/td[2]' not found)
	at com.kms.katalon.core.keyword.internal.KeywordMain.stepFailed(KeywordMain.groovy:36)
	at com.kms.katalon.core.webui.keyword.internal.WebUIKeywordMain.stepFailed(WebUIKeywordMain.groovy:65)
	at com.kms.katalon.core.webui.keyword.internal.WebUIKeywordMain.runKeyword(WebUIKeywordMain.groovy:27)
	at com.kms.katalon.core.webui.keyword.builtin.GetTextKeyword.getText(GetTextKeyword.groovy:88)
	at com.kms.katalon.core.webui.keyword.builtin.GetTextKeyword.execute(GetTextKeyword.groovy:67)
	at com.kms.katalon.core.keyword.internal.KeywordExecutor.executeKeywordForPlatform(KeywordExecutor.groovy:53)
	at com.kms.katalon.core.webui.keyword.WebUiBuiltInKeywords.getText(WebUiBuiltInKeywords.groovy:888)
	at com.kms.katalon.core.webui.keyword.WebUiBuiltInKeywords$getText$9.call(Unknown Source)
	at DS - Pending Claim (EFT).run(DS - Pending Claim (EFT):32)
	at com.kms.katalon.core.main.ScriptEngine.run(ScriptEngine.java:194)
	at com.kms.katalon.core.main.ScriptEngine.runScriptAsRawText(ScriptEngine.java:119)
	at com.kms.katalon.core.main.TestCaseExecutor.runScript(TestCaseExecutor.java:328)
	at com.kms.katalon.core.main.TestCaseExecutor.doExecute(TestCaseExecutor.java:319)
	at com.kms.katalon.core.main.TestCaseExecutor.processExecutionPhase(TestCaseExecutor.java:298)
	at com.kms.katalon.core.main.TestCaseExecutor.accessMainPhase(TestCaseExecutor.java:290)
	at com.kms.katalon.core.main.TestCaseExecutor.execute(TestCaseExecutor.java:224)
	at com.kms.katalon.core.main.TestCaseMain.runTestCase(TestCaseMain.java:106)
	at com.kms.katalon.core.keyword.builtin.CallTestCaseKeyword$_callTestCase_closure1.doCall(CallTestCaseKeyword.groovy:59)
	at com.kms.katalon.core.keyword.builtin.CallTestCaseKeyword$_callTestCase_closure1.call(CallTestCaseKeyword.groovy)
	at com.kms.katalon.core.keyword.internal.KeywordMain.runKeyword(KeywordMain.groovy:54)
	at com.kms.katalon.core.keyword.builtin.CallTestCaseKeyword.callTestCase(CallTestCaseKeyword.groovy:80)
	at com.kms.katalon.core.keyword.builtin.CallTestCaseKeyword.execute(CallTestCaseKeyword.groovy:44)
	at com.kms.katalon.core.keyword.internal.KeywordExecutor.executeKeywordForPlatform(KeywordExecutor.groovy:53)
	at com.kms.katalon.core.keyword.BuiltinKeywords.callTestCase(BuiltinKeywords.groovy:334)
	at Disbursement end to end (EFT Approved).run(Disbursement end to end (EFT Approved):16)
	at com.kms.katalon.core.main.ScriptEngine.run(ScriptEngine.java:194)
	at com.kms.katalon.core.main.ScriptEngine.runScriptAsRawText(ScriptEngine.java:119)
	at com.kms.katalon.core.main.TestCaseExecutor.runScript(TestCaseExecutor.java:328)
	at com.kms.katalon.core.main.TestCaseExecutor.doExecute(TestCaseExecutor.java:319)
	at com.kms.katalon.core.main.TestCaseExecutor.processExecutionPhase(TestCaseExecutor.java:298)
	at com.kms.katalon.core.main.TestCaseExecutor.accessMainPhase(TestCaseExecutor.java:290)
	at com.kms.katalon.core.main.TestCaseExecutor.execute(TestCaseExecutor.java:224)
	at com.kms.katalon.core.main.TestSuiteExecutor.accessTestCaseMainPhase(TestSuiteExecutor.java:129)
	at com.kms.katalon.core.main.TestSuiteExecutor.accessTestSuiteMainPhase(TestSuiteExecutor.java:112)
	at com.kms.katalon.core.main.TestSuiteExecutor.execute(TestSuiteExecutor.java:81)
	at com.kms.katalon.core.main.TestCaseMain.startTestSuite(TestCaseMain.java:149)
	at com.kms.katalon.core.main.TestCaseMain$startTestSuite$0.call(Unknown Source)
	at TempTestSuite1550738418733.run(TempTestSuite1550738418733.groovy:36)]]></system-out>
         <system-err><![CDATA[2019-02-21 18:16:44 - [TEST_CASE][FAILED] - Test Cases/All TC/Arranged/0. Full Flow/Disbursement end to end (EFT Approved): Test Cases/All TC/Arranged/0. Full Flow/Disbursement end to end (EFT Approved) FAILED.
Reason:
com.kms.katalon.core.exception.StepFailedException: Unable to get text of object 'Object Repository/YongJun/Disbursement/Disbursement - EFT/DS - Pending Claim (EFT)/Page_PERKESO/Get Case ID' (Root cause: com.kms.katalon.core.webui.exception.WebElementNotFoundException: Web element with id: 'Object Repository/YongJun/Disbursement/Disbursement - EFT/DS - Pending Claim (EFT)/Page_PERKESO/Get Case ID' located by 'By.xpath: id("pendingClaimTableId")/tbody[1]/tr[@class="odd"]/td[2]' not found)
	at com.kms.katalon.core.keyword.internal.KeywordMain.stepFailed(KeywordMain.groovy:36)
	at com.kms.katalon.core.webui.keyword.internal.WebUIKeywordMain.stepFailed(WebUIKeywordMain.groovy:65)
	at com.kms.katalon.core.webui.keyword.internal.WebUIKeywordMain.runKeyword(WebUIKeywordMain.groovy:27)
	at com.kms.katalon.core.webui.keyword.builtin.GetTextKeyword.getText(GetTextKeyword.groovy:88)
	at com.kms.katalon.core.webui.keyword.builtin.GetTextKeyword.execute(GetTextKeyword.groovy:67)
	at com.kms.katalon.core.keyword.internal.KeywordExecutor.executeKeywordForPlatform(KeywordExecutor.groovy:53)
	at com.kms.katalon.core.webui.keyword.WebUiBuiltInKeywords.getText(WebUiBuiltInKeywords.groovy:888)
	at com.kms.katalon.core.webui.keyword.WebUiBuiltInKeywords$getText$9.call(Unknown Source)
	at DS - Pending Claim (EFT).run(DS - Pending Claim (EFT):32)
	at com.kms.katalon.core.main.ScriptEngine.run(ScriptEngine.java:194)
	at com.kms.katalon.core.main.ScriptEngine.runScriptAsRawText(ScriptEngine.java:119)
	at com.kms.katalon.core.main.TestCaseExecutor.runScript(TestCaseExecutor.java:328)
	at com.kms.katalon.core.main.TestCaseExecutor.doExecute(TestCaseExecutor.java:319)
	at com.kms.katalon.core.main.TestCaseExecutor.processExecutionPhase(TestCaseExecutor.java:298)
	at com.kms.katalon.core.main.TestCaseExecutor.accessMainPhase(TestCaseExecutor.java:290)
	at com.kms.katalon.core.main.TestCaseExecutor.execute(TestCaseExecutor.java:224)
	at com.kms.katalon.core.main.TestCaseMain.runTestCase(TestCaseMain.java:106)
	at com.kms.katalon.core.keyword.builtin.CallTestCaseKeyword$_callTestCase_closure1.doCall(CallTestCaseKeyword.groovy:59)
	at com.kms.katalon.core.keyword.builtin.CallTestCaseKeyword$_callTestCase_closure1.call(CallTestCaseKeyword.groovy)
	at com.kms.katalon.core.keyword.internal.KeywordMain.runKeyword(KeywordMain.groovy:54)
	at com.kms.katalon.core.keyword.builtin.CallTestCaseKeyword.callTestCase(CallTestCaseKeyword.groovy:80)
	at com.kms.katalon.core.keyword.builtin.CallTestCaseKeyword.execute(CallTestCaseKeyword.groovy:44)
	at com.kms.katalon.core.keyword.internal.KeywordExecutor.executeKeywordForPlatform(KeywordExecutor.groovy:53)
	at com.kms.katalon.core.keyword.BuiltinKeywords.callTestCase(BuiltinKeywords.groovy:334)
	at Disbursement end to end (EFT Approved).run(Disbursement end to end (EFT Approved):16)
	at com.kms.katalon.core.main.ScriptEngine.run(ScriptEngine.java:194)
	at com.kms.katalon.core.main.ScriptEngine.runScriptAsRawText(ScriptEngine.java:119)
	at com.kms.katalon.core.main.TestCaseExecutor.runScript(TestCaseExecutor.java:328)
	at com.kms.katalon.core.main.TestCaseExecutor.doExecute(TestCaseExecutor.java:319)
	at com.kms.katalon.core.main.TestCaseExecutor.processExecutionPhase(TestCaseExecutor.java:298)
	at com.kms.katalon.core.main.TestCaseExecutor.accessMainPhase(TestCaseExecutor.java:290)
	at com.kms.katalon.core.main.TestCaseExecutor.execute(TestCaseExecutor.java:224)
	at com.kms.katalon.core.main.TestSuiteExecutor.accessTestCaseMainPhase(TestSuiteExecutor.java:129)
	at com.kms.katalon.core.main.TestSuiteExecutor.accessTestSuiteMainPhase(TestSuiteExecutor.java:112)
	at com.kms.katalon.core.main.TestSuiteExecutor.execute(TestSuiteExecutor.java:81)
	at com.kms.katalon.core.main.TestCaseMain.startTestSuite(TestCaseMain.java:149)
	at com.kms.katalon.core.main.TestCaseMain$startTestSuite$0.call(Unknown Source)
	at TempTestSuite1550738418733.run(TempTestSuite1550738418733.groovy:36)]]></system-err>
      </testcase>
      <testcase name="Test Cases/All TC/Arranged/0. Full Flow/Disbursement end to end (CHQ Reject)" classname="Test Cases/All TC/Arranged/0. Full Flow/Disbursement end to end (CHQ Reject)" status="FAILED">
         <failure type="FAILED" message="Test Cases/All TC/Arranged/0. Full Flow/Disbursement end to end (CHQ Reject) FAILED.
Reason:
com.kms.katalon.core.exception.StepFailedException: Unable to get text of object 'Object Repository/YongJun/Disbursement/Disbursement - CHQ/DS - Pending Claim (CHQ)/Page_PERKESO/Get Case ID' (Root cause: com.kms.katalon.core.webui.exception.WebElementNotFoundException: Web element with id: 'Object Repository/YongJun/Disbursement/Disbursement - CHQ/DS - Pending Claim (CHQ)/Page_PERKESO/Get Case ID' located by 'By.xpath: id(&quot;pendingClaimTableId&quot;)/tbody[1]/tr[@class=&quot;odd&quot;]/td[2]' not found)
	at com.kms.katalon.core.keyword.internal.KeywordMain.stepFailed(KeywordMain.groovy:36)
	at com.kms.katalon.core.webui.keyword.internal.WebUIKeywordMain.stepFailed(WebUIKeywordMain.groovy:65)
	at com.kms.katalon.core.webui.keyword.internal.WebUIKeywordMain.runKeyword(WebUIKeywordMain.groovy:27)
	at com.kms.katalon.core.webui.keyword.builtin.GetTextKeyword.getText(GetTextKeyword.groovy:88)
	at com.kms.katalon.core.webui.keyword.builtin.GetTextKeyword.execute(GetTextKeyword.groovy:67)
	at com.kms.katalon.core.keyword.internal.KeywordExecutor.executeKeywordForPlatform(KeywordExecutor.groovy:53)
	at com.kms.katalon.core.webui.keyword.WebUiBuiltInKeywords.getText(WebUiBuiltInKeywords.groovy:888)
	at com.kms.katalon.core.webui.keyword.WebUiBuiltInKeywords$getText$9.call(Unknown Source)
	at DS - Pending Claim (CHQ).run(DS - Pending Claim (CHQ):32)
	at com.kms.katalon.core.main.ScriptEngine.run(ScriptEngine.java:194)
	at com.kms.katalon.core.main.ScriptEngine.runScriptAsRawText(ScriptEngine.java:119)
	at com.kms.katalon.core.main.TestCaseExecutor.runScript(TestCaseExecutor.java:328)
	at com.kms.katalon.core.main.TestCaseExecutor.doExecute(TestCaseExecutor.java:319)
	at com.kms.katalon.core.main.TestCaseExecutor.processExecutionPhase(TestCaseExecutor.java:298)
	at com.kms.katalon.core.main.TestCaseExecutor.accessMainPhase(TestCaseExecutor.java:290)
	at com.kms.katalon.core.main.TestCaseExecutor.execute(TestCaseExecutor.java:224)
	at com.kms.katalon.core.main.TestCaseMain.runTestCase(TestCaseMain.java:106)
	at com.kms.katalon.core.keyword.builtin.CallTestCaseKeyword$_callTestCase_closure1.doCall(CallTestCaseKeyword.groovy:59)
	at com.kms.katalon.core.keyword.builtin.CallTestCaseKeyword$_callTestCase_closure1.call(CallTestCaseKeyword.groovy)
	at com.kms.katalon.core.keyword.internal.KeywordMain.runKeyword(KeywordMain.groovy:54)
	at com.kms.katalon.core.keyword.builtin.CallTestCaseKeyword.callTestCase(CallTestCaseKeyword.groovy:80)
	at com.kms.katalon.core.keyword.builtin.CallTestCaseKeyword.execute(CallTestCaseKeyword.groovy:44)
	at com.kms.katalon.core.keyword.internal.KeywordExecutor.executeKeywordForPlatform(KeywordExecutor.groovy:53)
	at com.kms.katalon.core.keyword.BuiltinKeywords.callTestCase(BuiltinKeywords.groovy:334)
	at Disbursement end to end (CHQ Reject).run(Disbursement end to end (CHQ Reject):16)
	at com.kms.katalon.core.main.ScriptEngine.run(ScriptEngine.java:194)
	at com.kms.katalon.core.main.ScriptEngine.runScriptAsRawText(ScriptEngine.java:119)
	at com.kms.katalon.core.main.TestCaseExecutor.runScript(TestCaseExecutor.java:328)
	at com.kms.katalon.core.main.TestCaseExecutor.doExecute(TestCaseExecutor.java:319)
	at com.kms.katalon.core.main.TestCaseExecutor.processExecutionPhase(TestCaseExecutor.java:298)
	at com.kms.katalon.core.main.TestCaseExecutor.accessMainPhase(TestCaseExecutor.java:290)
	at com.kms.katalon.core.main.TestCaseExecutor.execute(TestCaseExecutor.java:224)
	at com.kms.katalon.core.main.TestSuiteExecutor.accessTestCaseMainPhase(TestSuiteExecutor.java:129)
	at com.kms.katalon.core.main.TestSuiteExecutor.accessTestSuiteMainPhase(TestSuiteExecutor.java:112)
	at com.kms.katalon.core.main.TestSuiteExecutor.execute(TestSuiteExecutor.java:81)
	at com.kms.katalon.core.main.TestCaseMain.startTestSuite(TestCaseMain.java:149)
	at com.kms.katalon.core.main.TestCaseMain$startTestSuite$0.call(Unknown Source)
	at TempTestSuite1550738418733.run(TempTestSuite1550738418733.groovy:36)
"/>
         <system-out><![CDATA[2019-02-21 18:17:27 - [TEST_CASE][FAILED] - Test Cases/All TC/Arranged/0. Full Flow/Disbursement end to end (CHQ Reject): Test Cases/All TC/Arranged/0. Full Flow/Disbursement end to end (CHQ Reject) FAILED.
Reason:
com.kms.katalon.core.exception.StepFailedException: Unable to get text of object 'Object Repository/YongJun/Disbursement/Disbursement - CHQ/DS - Pending Claim (CHQ)/Page_PERKESO/Get Case ID' (Root cause: com.kms.katalon.core.webui.exception.WebElementNotFoundException: Web element with id: 'Object Repository/YongJun/Disbursement/Disbursement - CHQ/DS - Pending Claim (CHQ)/Page_PERKESO/Get Case ID' located by 'By.xpath: id("pendingClaimTableId")/tbody[1]/tr[@class="odd"]/td[2]' not found)
	at com.kms.katalon.core.keyword.internal.KeywordMain.stepFailed(KeywordMain.groovy:36)
	at com.kms.katalon.core.webui.keyword.internal.WebUIKeywordMain.stepFailed(WebUIKeywordMain.groovy:65)
	at com.kms.katalon.core.webui.keyword.internal.WebUIKeywordMain.runKeyword(WebUIKeywordMain.groovy:27)
	at com.kms.katalon.core.webui.keyword.builtin.GetTextKeyword.getText(GetTextKeyword.groovy:88)
	at com.kms.katalon.core.webui.keyword.builtin.GetTextKeyword.execute(GetTextKeyword.groovy:67)
	at com.kms.katalon.core.keyword.internal.KeywordExecutor.executeKeywordForPlatform(KeywordExecutor.groovy:53)
	at com.kms.katalon.core.webui.keyword.WebUiBuiltInKeywords.getText(WebUiBuiltInKeywords.groovy:888)
	at com.kms.katalon.core.webui.keyword.WebUiBuiltInKeywords$getText$9.call(Unknown Source)
	at DS - Pending Claim (CHQ).run(DS - Pending Claim (CHQ):32)
	at com.kms.katalon.core.main.ScriptEngine.run(ScriptEngine.java:194)
	at com.kms.katalon.core.main.ScriptEngine.runScriptAsRawText(ScriptEngine.java:119)
	at com.kms.katalon.core.main.TestCaseExecutor.runScript(TestCaseExecutor.java:328)
	at com.kms.katalon.core.main.TestCaseExecutor.doExecute(TestCaseExecutor.java:319)
	at com.kms.katalon.core.main.TestCaseExecutor.processExecutionPhase(TestCaseExecutor.java:298)
	at com.kms.katalon.core.main.TestCaseExecutor.accessMainPhase(TestCaseExecutor.java:290)
	at com.kms.katalon.core.main.TestCaseExecutor.execute(TestCaseExecutor.java:224)
	at com.kms.katalon.core.main.TestCaseMain.runTestCase(TestCaseMain.java:106)
	at com.kms.katalon.core.keyword.builtin.CallTestCaseKeyword$_callTestCase_closure1.doCall(CallTestCaseKeyword.groovy:59)
	at com.kms.katalon.core.keyword.builtin.CallTestCaseKeyword$_callTestCase_closure1.call(CallTestCaseKeyword.groovy)
	at com.kms.katalon.core.keyword.internal.KeywordMain.runKeyword(KeywordMain.groovy:54)
	at com.kms.katalon.core.keyword.builtin.CallTestCaseKeyword.callTestCase(CallTestCaseKeyword.groovy:80)
	at com.kms.katalon.core.keyword.builtin.CallTestCaseKeyword.execute(CallTestCaseKeyword.groovy:44)
	at com.kms.katalon.core.keyword.internal.KeywordExecutor.executeKeywordForPlatform(KeywordExecutor.groovy:53)
	at com.kms.katalon.core.keyword.BuiltinKeywords.callTestCase(BuiltinKeywords.groovy:334)
	at Disbursement end to end (CHQ Reject).run(Disbursement end to end (CHQ Reject):16)
	at com.kms.katalon.core.main.ScriptEngine.run(ScriptEngine.java:194)
	at com.kms.katalon.core.main.ScriptEngine.runScriptAsRawText(ScriptEngine.java:119)
	at com.kms.katalon.core.main.TestCaseExecutor.runScript(TestCaseExecutor.java:328)
	at com.kms.katalon.core.main.TestCaseExecutor.doExecute(TestCaseExecutor.java:319)
	at com.kms.katalon.core.main.TestCaseExecutor.processExecutionPhase(TestCaseExecutor.java:298)
	at com.kms.katalon.core.main.TestCaseExecutor.accessMainPhase(TestCaseExecutor.java:290)
	at com.kms.katalon.core.main.TestCaseExecutor.execute(TestCaseExecutor.java:224)
	at com.kms.katalon.core.main.TestSuiteExecutor.accessTestCaseMainPhase(TestSuiteExecutor.java:129)
	at com.kms.katalon.core.main.TestSuiteExecutor.accessTestSuiteMainPhase(TestSuiteExecutor.java:112)
	at com.kms.katalon.core.main.TestSuiteExecutor.execute(TestSuiteExecutor.java:81)
	at com.kms.katalon.core.main.TestCaseMain.startTestSuite(TestCaseMain.java:149)
	at com.kms.katalon.core.main.TestCaseMain$startTestSuite$0.call(Unknown Source)
	at TempTestSuite1550738418733.run(TempTestSuite1550738418733.groovy:36)


2019-02-21 18:17:27 - [TEST_STEP][FAILED] - callTestCase(findTestCase("All TC/Arranged/2. Segment/2.6 Disbursement/DS - CHQ/DS - Pending Claim (CHQ)"), [:], STOP_ON_FAILURE): callTestCase(findTestCase("All TC/Arranged/2. Segment/2.6 Disbursement/DS - CHQ/DS - Pending Claim (CHQ)"), [:], STOP_ON_FAILURE) FAILED.
Reason:
com.kms.katalon.core.exception.StepFailedException: Unable to get text of object 'Object Repository/YongJun/Disbursement/Disbursement - CHQ/DS - Pending Claim (CHQ)/Page_PERKESO/Get Case ID' (Root cause: com.kms.katalon.core.webui.exception.WebElementNotFoundException: Web element with id: 'Object Repository/YongJun/Disbursement/Disbursement - CHQ/DS - Pending Claim (CHQ)/Page_PERKESO/Get Case ID' located by 'By.xpath: id("pendingClaimTableId")/tbody[1]/tr[@class="odd"]/td[2]' not found)
	at com.kms.katalon.core.keyword.internal.KeywordMain.stepFailed(KeywordMain.groovy:36)
	at com.kms.katalon.core.webui.keyword.internal.WebUIKeywordMain.stepFailed(WebUIKeywordMain.groovy:65)
	at com.kms.katalon.core.webui.keyword.internal.WebUIKeywordMain.runKeyword(WebUIKeywordMain.groovy:27)
	at com.kms.katalon.core.webui.keyword.builtin.GetTextKeyword.getText(GetTextKeyword.groovy:88)
	at com.kms.katalon.core.webui.keyword.builtin.GetTextKeyword.execute(GetTextKeyword.groovy:67)
	at com.kms.katalon.core.keyword.internal.KeywordExecutor.executeKeywordForPlatform(KeywordExecutor.groovy:53)
	at com.kms.katalon.core.webui.keyword.WebUiBuiltInKeywords.getText(WebUiBuiltInKeywords.groovy:888)
	at com.kms.katalon.core.webui.keyword.WebUiBuiltInKeywords$getText$9.call(Unknown Source)
	at DS - Pending Claim (CHQ).run(DS - Pending Claim (CHQ):32)
	at com.kms.katalon.core.main.ScriptEngine.run(ScriptEngine.java:194)
	at com.kms.katalon.core.main.ScriptEngine.runScriptAsRawText(ScriptEngine.java:119)
	at com.kms.katalon.core.main.TestCaseExecutor.runScript(TestCaseExecutor.java:328)
	at com.kms.katalon.core.main.TestCaseExecutor.doExecute(TestCaseExecutor.java:319)
	at com.kms.katalon.core.main.TestCaseExecutor.processExecutionPhase(TestCaseExecutor.java:298)
	at com.kms.katalon.core.main.TestCaseExecutor.accessMainPhase(TestCaseExecutor.java:290)
	at com.kms.katalon.core.main.TestCaseExecutor.execute(TestCaseExecutor.java:224)
	at com.kms.katalon.core.main.TestCaseMain.runTestCase(TestCaseMain.java:106)
	at com.kms.katalon.core.keyword.builtin.CallTestCaseKeyword$_callTestCase_closure1.doCall(CallTestCaseKeyword.groovy:59)
	at com.kms.katalon.core.keyword.builtin.CallTestCaseKeyword$_callTestCase_closure1.call(CallTestCaseKeyword.groovy)
	at com.kms.katalon.core.keyword.internal.KeywordMain.runKeyword(KeywordMain.groovy:54)
	at com.kms.katalon.core.keyword.builtin.CallTestCaseKeyword.callTestCase(CallTestCaseKeyword.groovy:80)
	at com.kms.katalon.core.keyword.builtin.CallTestCaseKeyword.execute(CallTestCaseKeyword.groovy:44)
	at com.kms.katalon.core.keyword.internal.KeywordExecutor.executeKeywordForPlatform(KeywordExecutor.groovy:53)
	at com.kms.katalon.core.keyword.BuiltinKeywords.callTestCase(BuiltinKeywords.groovy:334)
	at Disbursement end to end (CHQ Reject).run(Disbursement end to end (CHQ Reject):16)
	at com.kms.katalon.core.main.ScriptEngine.run(ScriptEngine.java:194)
	at com.kms.katalon.core.main.ScriptEngine.runScriptAsRawText(ScriptEngine.java:119)
	at com.kms.katalon.core.main.TestCaseExecutor.runScript(TestCaseExecutor.java:328)
	at com.kms.katalon.core.main.TestCaseExecutor.doExecute(TestCaseExecutor.java:319)
	at com.kms.katalon.core.main.TestCaseExecutor.processExecutionPhase(TestCaseExecutor.java:298)
	at com.kms.katalon.core.main.TestCaseExecutor.accessMainPhase(TestCaseExecutor.java:290)
	at com.kms.katalon.core.main.TestCaseExecutor.execute(TestCaseExecutor.java:224)
	at com.kms.katalon.core.main.TestSuiteExecutor.accessTestCaseMainPhase(TestSuiteExecutor.java:129)
	at com.kms.katalon.core.main.TestSuiteExecutor.accessTestSuiteMainPhase(TestSuiteExecutor.java:112)
	at com.kms.katalon.core.main.TestSuiteExecutor.execute(TestSuiteExecutor.java:81)
	at com.kms.katalon.core.main.TestCaseMain.startTestSuite(TestCaseMain.java:149)
	at com.kms.katalon.core.main.TestCaseMain$startTestSuite$0.call(Unknown Source)
	at TempTestSuite1550738418733.run(TempTestSuite1550738418733.groovy:36)


2019-02-21 18:17:27 - [TEST_CASE][FAILED] - Test Cases/All TC/Arranged/2. Segment/2.6 Disbursement/DS - CHQ/DS - Pending Claim (CHQ): Test Cases/All TC/Arranged/2. Segment/2.6 Disbursement/DS - CHQ/DS - Pending Claim (CHQ) FAILED.
Reason:
com.kms.katalon.core.exception.StepFailedException: Unable to get text of object 'Object Repository/YongJun/Disbursement/Disbursement - CHQ/DS - Pending Claim (CHQ)/Page_PERKESO/Get Case ID' (Root cause: com.kms.katalon.core.webui.exception.WebElementNotFoundException: Web element with id: 'Object Repository/YongJun/Disbursement/Disbursement - CHQ/DS - Pending Claim (CHQ)/Page_PERKESO/Get Case ID' located by 'By.xpath: id("pendingClaimTableId")/tbody[1]/tr[@class="odd"]/td[2]' not found)
	at com.kms.katalon.core.keyword.internal.KeywordMain.stepFailed(KeywordMain.groovy:36)
	at com.kms.katalon.core.webui.keyword.internal.WebUIKeywordMain.stepFailed(WebUIKeywordMain.groovy:65)
	at com.kms.katalon.core.webui.keyword.internal.WebUIKeywordMain.runKeyword(WebUIKeywordMain.groovy:27)
	at com.kms.katalon.core.webui.keyword.builtin.GetTextKeyword.getText(GetTextKeyword.groovy:88)
	at com.kms.katalon.core.webui.keyword.builtin.GetTextKeyword.execute(GetTextKeyword.groovy:67)
	at com.kms.katalon.core.keyword.internal.KeywordExecutor.executeKeywordForPlatform(KeywordExecutor.groovy:53)
	at com.kms.katalon.core.webui.keyword.WebUiBuiltInKeywords.getText(WebUiBuiltInKeywords.groovy:888)
	at com.kms.katalon.core.webui.keyword.WebUiBuiltInKeywords$getText$9.call(Unknown Source)
	at DS - Pending Claim (CHQ).run(DS - Pending Claim (CHQ):32)
	at com.kms.katalon.core.main.ScriptEngine.run(ScriptEngine.java:194)
	at com.kms.katalon.core.main.ScriptEngine.runScriptAsRawText(ScriptEngine.java:119)
	at com.kms.katalon.core.main.TestCaseExecutor.runScript(TestCaseExecutor.java:328)
	at com.kms.katalon.core.main.TestCaseExecutor.doExecute(TestCaseExecutor.java:319)
	at com.kms.katalon.core.main.TestCaseExecutor.processExecutionPhase(TestCaseExecutor.java:298)
	at com.kms.katalon.core.main.TestCaseExecutor.accessMainPhase(TestCaseExecutor.java:290)
	at com.kms.katalon.core.main.TestCaseExecutor.execute(TestCaseExecutor.java:224)
	at com.kms.katalon.core.main.TestCaseMain.runTestCase(TestCaseMain.java:106)
	at com.kms.katalon.core.keyword.builtin.CallTestCaseKeyword$_callTestCase_closure1.doCall(CallTestCaseKeyword.groovy:59)
	at com.kms.katalon.core.keyword.builtin.CallTestCaseKeyword$_callTestCase_closure1.call(CallTestCaseKeyword.groovy)
	at com.kms.katalon.core.keyword.internal.KeywordMain.runKeyword(KeywordMain.groovy:54)
	at com.kms.katalon.core.keyword.builtin.CallTestCaseKeyword.callTestCase(CallTestCaseKeyword.groovy:80)
	at com.kms.katalon.core.keyword.builtin.CallTestCaseKeyword.execute(CallTestCaseKeyword.groovy:44)
	at com.kms.katalon.core.keyword.internal.KeywordExecutor.executeKeywordForPlatform(KeywordExecutor.groovy:53)
	at com.kms.katalon.core.keyword.BuiltinKeywords.callTestCase(BuiltinKeywords.groovy:334)
	at Disbursement end to end (CHQ Reject).run(Disbursement end to end (CHQ Reject):16)
	at com.kms.katalon.core.main.ScriptEngine.run(ScriptEngine.java:194)
	at com.kms.katalon.core.main.ScriptEngine.runScriptAsRawText(ScriptEngine.java:119)
	at com.kms.katalon.core.main.TestCaseExecutor.runScript(TestCaseExecutor.java:328)
	at com.kms.katalon.core.main.TestCaseExecutor.doExecute(TestCaseExecutor.java:319)
	at com.kms.katalon.core.main.TestCaseExecutor.processExecutionPhase(TestCaseExecutor.java:298)
	at com.kms.katalon.core.main.TestCaseExecutor.accessMainPhase(TestCaseExecutor.java:290)
	at com.kms.katalon.core.main.TestCaseExecutor.execute(TestCaseExecutor.java:224)
	at com.kms.katalon.core.main.TestSuiteExecutor.accessTestCaseMainPhase(TestSuiteExecutor.java:129)
	at com.kms.katalon.core.main.TestSuiteExecutor.accessTestSuiteMainPhase(TestSuiteExecutor.java:112)
	at com.kms.katalon.core.main.TestSuiteExecutor.execute(TestSuiteExecutor.java:81)
	at com.kms.katalon.core.main.TestCaseMain.startTestSuite(TestCaseMain.java:149)
	at com.kms.katalon.core.main.TestCaseMain$startTestSuite$0.call(Unknown Source)
	at TempTestSuite1550738418733.run(TempTestSuite1550738418733.groovy:36)


2019-02-21 18:17:27 - [TEST_STEP][PASSED] - openBrowser(""): Browser is opened with url: ''

2019-02-21 18:17:27 - [MESSAGE][WARNING] - A browser is already opened. Closing browser and opening a new one

2019-02-21 18:17:28 - [MESSAGE][INFO] - Starting 'Chrome' driver

2019-02-21 18:17:28 - [MESSAGE][INFO] - User set preference: ['args', '[--start-maximized]']

2019-02-21 18:17:30 - [MESSAGE][PASSED] - Browser is opened with url: ''

2019-02-21 18:17:30 - [TEST_STEP][PASSED] - maximizeWindow(): Current window maximized

2019-02-21 18:17:31 - [MESSAGE][PASSED] - Current window maximized

2019-02-21 18:17:31 - [TEST_STEP][PASSED] - navigateToUrl(Internal_Login): Navigate to 'http://10.20.24.188/eisportal/user/login' successfully

2019-02-21 18:17:32 - [MESSAGE][PASSED] - Navigate to 'http://10.20.24.188/eisportal/user/login' successfully

2019-02-21 18:17:32 - [TEST_STEP][PASSED] - delay(2): Delayed 2 second(s)

2019-02-21 18:17:34 - [MESSAGE][PASSED] - Delayed 2 second(s)

2019-02-21 18:17:34 - [TEST_STEP][PASSED] - setText(findTestObject("YongJun/Disbursement/Disbursement - CHQ/DS - Pending Claim (CHQ)/Page_PERKESO/DS login username"), "jh1ds@perkeso.gov.my"): Text 'jh1ds@perkeso.gov.my' is set on object 'Object Repository/YongJun/Disbursement/Disbursement - CHQ/DS - Pending Claim (CHQ)/Page_PERKESO/DS login username'

2019-02-21 18:17:34 - [MESSAGE][PASSED] - Text 'jh1ds@perkeso.gov.my' is set on object 'Object Repository/YongJun/Disbursement/Disbursement - CHQ/DS - Pending Claim (CHQ)/Page_PERKESO/DS login username'

2019-02-21 18:17:34 - [TEST_STEP][PASSED] - setEncryptedText(findTestObject("YongJun/Disbursement/Disbursement - CHQ/DS - Pending Claim (CHQ)/Page_PERKESO/DS login password"), "CQqwFZlbeC8="): Text ****** has been set on object 'Object Repository/YongJun/Disbursement/Disbursement - CHQ/DS - Pending Claim (CHQ)/Page_PERKESO/DS login password'

2019-02-21 18:17:34 - [MESSAGE][PASSED] - Text ****** has been set on object 'Object Repository/YongJun/Disbursement/Disbursement - CHQ/DS - Pending Claim (CHQ)/Page_PERKESO/DS login password'

2019-02-21 18:17:34 - [TEST_STEP][PASSED] - click(findTestObject("YongJun/Disbursement/Disbursement - CHQ/DS - Pending Claim (CHQ)/Page_PERKESO/DS login button")): Object: 'Object Repository/YongJun/Disbursement/Disbursement - CHQ/DS - Pending Claim (CHQ)/Page_PERKESO/DS login button' is clicked on

2019-02-21 18:17:35 - [MESSAGE][PASSED] - Object: 'Object Repository/YongJun/Disbursement/Disbursement - CHQ/DS - Pending Claim (CHQ)/Page_PERKESO/DS login button' is clicked on

2019-02-21 18:17:35 - [TEST_STEP][PASSED] - delay(2): Delayed 2 second(s)

2019-02-21 18:17:37 - [MESSAGE][PASSED] - Delayed 2 second(s)

2019-02-21 18:17:37 - [TEST_STEP][FAILED] - EiEsCaseID = getText(findTestObject("YongJun/Disbursement/Disbursement - CHQ/DS - Pending Claim (CHQ)/Page_PERKESO/Get Case ID")): EiEsCaseID = getText(findTestObject("YongJun/Disbursement/Disbursement - CHQ/DS - Pending Claim (CHQ)/Page_PERKESO/Get Case ID")) FAILED.
Reason:
com.kms.katalon.core.exception.StepFailedException: Unable to get text of object 'Object Repository/YongJun/Disbursement/Disbursement - CHQ/DS - Pending Claim (CHQ)/Page_PERKESO/Get Case ID' (Root cause: com.kms.katalon.core.webui.exception.WebElementNotFoundException: Web element with id: 'Object Repository/YongJun/Disbursement/Disbursement - CHQ/DS - Pending Claim (CHQ)/Page_PERKESO/Get Case ID' located by 'By.xpath: id("pendingClaimTableId")/tbody[1]/tr[@class="odd"]/td[2]' not found)
	at com.kms.katalon.core.keyword.internal.KeywordMain.stepFailed(KeywordMain.groovy:36)
	at com.kms.katalon.core.webui.keyword.internal.WebUIKeywordMain.stepFailed(WebUIKeywordMain.groovy:65)
	at com.kms.katalon.core.webui.keyword.internal.WebUIKeywordMain.runKeyword(WebUIKeywordMain.groovy:27)
	at com.kms.katalon.core.webui.keyword.builtin.GetTextKeyword.getText(GetTextKeyword.groovy:88)
	at com.kms.katalon.core.webui.keyword.builtin.GetTextKeyword.execute(GetTextKeyword.groovy:67)
	at com.kms.katalon.core.keyword.internal.KeywordExecutor.executeKeywordForPlatform(KeywordExecutor.groovy:53)
	at com.kms.katalon.core.webui.keyword.WebUiBuiltInKeywords.getText(WebUiBuiltInKeywords.groovy:888)
	at com.kms.katalon.core.webui.keyword.WebUiBuiltInKeywords$getText$9.call(Unknown Source)
	at DS - Pending Claim (CHQ).run(DS - Pending Claim (CHQ):32)
	at com.kms.katalon.core.main.ScriptEngine.run(ScriptEngine.java:194)
	at com.kms.katalon.core.main.ScriptEngine.runScriptAsRawText(ScriptEngine.java:119)
	at com.kms.katalon.core.main.TestCaseExecutor.runScript(TestCaseExecutor.java:328)
	at com.kms.katalon.core.main.TestCaseExecutor.doExecute(TestCaseExecutor.java:319)
	at com.kms.katalon.core.main.TestCaseExecutor.processExecutionPhase(TestCaseExecutor.java:298)
	at com.kms.katalon.core.main.TestCaseExecutor.accessMainPhase(TestCaseExecutor.java:290)
	at com.kms.katalon.core.main.TestCaseExecutor.execute(TestCaseExecutor.java:224)
	at com.kms.katalon.core.main.TestCaseMain.runTestCase(TestCaseMain.java:106)
	at com.kms.katalon.core.keyword.builtin.CallTestCaseKeyword$_callTestCase_closure1.doCall(CallTestCaseKeyword.groovy:59)
	at com.kms.katalon.core.keyword.builtin.CallTestCaseKeyword$_callTestCase_closure1.call(CallTestCaseKeyword.groovy)
	at com.kms.katalon.core.keyword.internal.KeywordMain.runKeyword(KeywordMain.groovy:54)
	at com.kms.katalon.core.keyword.builtin.CallTestCaseKeyword.callTestCase(CallTestCaseKeyword.groovy:80)
	at com.kms.katalon.core.keyword.builtin.CallTestCaseKeyword.execute(CallTestCaseKeyword.groovy:44)
	at com.kms.katalon.core.keyword.internal.KeywordExecutor.executeKeywordForPlatform(KeywordExecutor.groovy:53)
	at com.kms.katalon.core.keyword.BuiltinKeywords.callTestCase(BuiltinKeywords.groovy:334)
	at Disbursement end to end (CHQ Reject).run(Disbursement end to end (CHQ Reject):16)
	at com.kms.katalon.core.main.ScriptEngine.run(ScriptEngine.java:194)
	at com.kms.katalon.core.main.ScriptEngine.runScriptAsRawText(ScriptEngine.java:119)
	at com.kms.katalon.core.main.TestCaseExecutor.runScript(TestCaseExecutor.java:328)
	at com.kms.katalon.core.main.TestCaseExecutor.doExecute(TestCaseExecutor.java:319)
	at com.kms.katalon.core.main.TestCaseExecutor.processExecutionPhase(TestCaseExecutor.java:298)
	at com.kms.katalon.core.main.TestCaseExecutor.accessMainPhase(TestCaseExecutor.java:290)
	at com.kms.katalon.core.main.TestCaseExecutor.execute(TestCaseExecutor.java:224)
	at com.kms.katalon.core.main.TestSuiteExecutor.accessTestCaseMainPhase(TestSuiteExecutor.java:129)
	at com.kms.katalon.core.main.TestSuiteExecutor.accessTestSuiteMainPhase(TestSuiteExecutor.java:112)
	at com.kms.katalon.core.main.TestSuiteExecutor.execute(TestSuiteExecutor.java:81)
	at com.kms.katalon.core.main.TestCaseMain.startTestSuite(TestCaseMain.java:149)
	at com.kms.katalon.core.main.TestCaseMain$startTestSuite$0.call(Unknown Source)
	at TempTestSuite1550738418733.run(TempTestSuite1550738418733.groovy:36)


2019-02-21 18:18:08 - [MESSAGE][INFO] - Unable to find the element located by 'By.xpath: id("pendingClaimTableId")/tbody[1]/tr[@class="odd"]/td[2]'. Please recheck the objects properties to make sure the desired element is located. 

2019-02-21 18:18:09 - [MESSAGE][FAILED] - Unable to get text of object 'Object Repository/YongJun/Disbursement/Disbursement - CHQ/DS - Pending Claim (CHQ)/Page_PERKESO/Get Case ID' (Root cause: com.kms.katalon.core.webui.exception.WebElementNotFoundException: Web element with id: 'Object Repository/YongJun/Disbursement/Disbursement - CHQ/DS - Pending Claim (CHQ)/Page_PERKESO/Get Case ID' located by 'By.xpath: id("pendingClaimTableId")/tbody[1]/tr[@class="odd"]/td[2]' not found)
[[ATTACHMENT|C:\\Users\\Admin\\Documents\\GitHub\\PKSKatalon\\PKS-EI-ES\\Reports\\New Test Suite\\20190221_164018\\1550744288999.png]]

2019-02-21 18:18:09 - [MESSAGE][FAILED] - EiEsCaseID = getText(findTestObject("YongJun/Disbursement/Disbursement - CHQ/DS - Pending Claim (CHQ)/Page_PERKESO/Get Case ID")) FAILED.
Reason:
com.kms.katalon.core.exception.StepFailedException: Unable to get text of object 'Object Repository/YongJun/Disbursement/Disbursement - CHQ/DS - Pending Claim (CHQ)/Page_PERKESO/Get Case ID' (Root cause: com.kms.katalon.core.webui.exception.WebElementNotFoundException: Web element with id: 'Object Repository/YongJun/Disbursement/Disbursement - CHQ/DS - Pending Claim (CHQ)/Page_PERKESO/Get Case ID' located by 'By.xpath: id("pendingClaimTableId")/tbody[1]/tr[@class="odd"]/td[2]' not found)
	at com.kms.katalon.core.keyword.internal.KeywordMain.stepFailed(KeywordMain.groovy:36)
	at com.kms.katalon.core.webui.keyword.internal.WebUIKeywordMain.stepFailed(WebUIKeywordMain.groovy:65)
	at com.kms.katalon.core.webui.keyword.internal.WebUIKeywordMain.runKeyword(WebUIKeywordMain.groovy:27)
	at com.kms.katalon.core.webui.keyword.builtin.GetTextKeyword.getText(GetTextKeyword.groovy:88)
	at com.kms.katalon.core.webui.keyword.builtin.GetTextKeyword.execute(GetTextKeyword.groovy:67)
	at com.kms.katalon.core.keyword.internal.KeywordExecutor.executeKeywordForPlatform(KeywordExecutor.groovy:53)
	at com.kms.katalon.core.webui.keyword.WebUiBuiltInKeywords.getText(WebUiBuiltInKeywords.groovy:888)
	at com.kms.katalon.core.webui.keyword.WebUiBuiltInKeywords$getText$9.call(Unknown Source)
	at DS - Pending Claim (CHQ).run(DS - Pending Claim (CHQ):32)
	at com.kms.katalon.core.main.ScriptEngine.run(ScriptEngine.java:194)
	at com.kms.katalon.core.main.ScriptEngine.runScriptAsRawText(ScriptEngine.java:119)
	at com.kms.katalon.core.main.TestCaseExecutor.runScript(TestCaseExecutor.java:328)
	at com.kms.katalon.core.main.TestCaseExecutor.doExecute(TestCaseExecutor.java:319)
	at com.kms.katalon.core.main.TestCaseExecutor.processExecutionPhase(TestCaseExecutor.java:298)
	at com.kms.katalon.core.main.TestCaseExecutor.accessMainPhase(TestCaseExecutor.java:290)
	at com.kms.katalon.core.main.TestCaseExecutor.execute(TestCaseExecutor.java:224)
	at com.kms.katalon.core.main.TestCaseMain.runTestCase(TestCaseMain.java:106)
	at com.kms.katalon.core.keyword.builtin.CallTestCaseKeyword$_callTestCase_closure1.doCall(CallTestCaseKeyword.groovy:59)
	at com.kms.katalon.core.keyword.builtin.CallTestCaseKeyword$_callTestCase_closure1.call(CallTestCaseKeyword.groovy)
	at com.kms.katalon.core.keyword.internal.KeywordMain.runKeyword(KeywordMain.groovy:54)
	at com.kms.katalon.core.keyword.builtin.CallTestCaseKeyword.callTestCase(CallTestCaseKeyword.groovy:80)
	at com.kms.katalon.core.keyword.builtin.CallTestCaseKeyword.execute(CallTestCaseKeyword.groovy:44)
	at com.kms.katalon.core.keyword.internal.KeywordExecutor.executeKeywordForPlatform(KeywordExecutor.groovy:53)
	at com.kms.katalon.core.keyword.BuiltinKeywords.callTestCase(BuiltinKeywords.groovy:334)
	at Disbursement end to end (CHQ Reject).run(Disbursement end to end (CHQ Reject):16)
	at com.kms.katalon.core.main.ScriptEngine.run(ScriptEngine.java:194)
	at com.kms.katalon.core.main.ScriptEngine.runScriptAsRawText(ScriptEngine.java:119)
	at com.kms.katalon.core.main.TestCaseExecutor.runScript(TestCaseExecutor.java:328)
	at com.kms.katalon.core.main.TestCaseExecutor.doExecute(TestCaseExecutor.java:319)
	at com.kms.katalon.core.main.TestCaseExecutor.processExecutionPhase(TestCaseExecutor.java:298)
	at com.kms.katalon.core.main.TestCaseExecutor.accessMainPhase(TestCaseExecutor.java:290)
	at com.kms.katalon.core.main.TestCaseExecutor.execute(TestCaseExecutor.java:224)
	at com.kms.katalon.core.main.TestSuiteExecutor.accessTestCaseMainPhase(TestSuiteExecutor.java:129)
	at com.kms.katalon.core.main.TestSuiteExecutor.accessTestSuiteMainPhase(TestSuiteExecutor.java:112)
	at com.kms.katalon.core.main.TestSuiteExecutor.execute(TestSuiteExecutor.java:81)
	at com.kms.katalon.core.main.TestCaseMain.startTestSuite(TestCaseMain.java:149)
	at com.kms.katalon.core.main.TestCaseMain$startTestSuite$0.call(Unknown Source)
	at TempTestSuite1550738418733.run(TempTestSuite1550738418733.groovy:36)


2019-02-21 18:18:09 - [MESSAGE][FAILED] - Unable to call Test Case 'Test Cases/All TC/Arranged/2. Segment/2.6 Disbursement/DS - CHQ/DS - Pending Claim (CHQ)' (Root cause: com.kms.katalon.core.exception.StepFailedException: Call Test Case 'Test Cases/All TC/Arranged/2. Segment/2.6 Disbursement/DS - CHQ/DS - Pending Claim (CHQ)' failed)

2019-02-21 18:18:09 - [MESSAGE][FAILED] - callTestCase(findTestCase("All TC/Arranged/2. Segment/2.6 Disbursement/DS - CHQ/DS - Pending Claim (CHQ)"), [:], STOP_ON_FAILURE) FAILED.
Reason:
com.kms.katalon.core.exception.StepFailedException: Unable to get text of object 'Object Repository/YongJun/Disbursement/Disbursement - CHQ/DS - Pending Claim (CHQ)/Page_PERKESO/Get Case ID' (Root cause: com.kms.katalon.core.webui.exception.WebElementNotFoundException: Web element with id: 'Object Repository/YongJun/Disbursement/Disbursement - CHQ/DS - Pending Claim (CHQ)/Page_PERKESO/Get Case ID' located by 'By.xpath: id("pendingClaimTableId")/tbody[1]/tr[@class="odd"]/td[2]' not found)
	at com.kms.katalon.core.keyword.internal.KeywordMain.stepFailed(KeywordMain.groovy:36)
	at com.kms.katalon.core.webui.keyword.internal.WebUIKeywordMain.stepFailed(WebUIKeywordMain.groovy:65)
	at com.kms.katalon.core.webui.keyword.internal.WebUIKeywordMain.runKeyword(WebUIKeywordMain.groovy:27)
	at com.kms.katalon.core.webui.keyword.builtin.GetTextKeyword.getText(GetTextKeyword.groovy:88)
	at com.kms.katalon.core.webui.keyword.builtin.GetTextKeyword.execute(GetTextKeyword.groovy:67)
	at com.kms.katalon.core.keyword.internal.KeywordExecutor.executeKeywordForPlatform(KeywordExecutor.groovy:53)
	at com.kms.katalon.core.webui.keyword.WebUiBuiltInKeywords.getText(WebUiBuiltInKeywords.groovy:888)
	at com.kms.katalon.core.webui.keyword.WebUiBuiltInKeywords$getText$9.call(Unknown Source)
	at DS - Pending Claim (CHQ).run(DS - Pending Claim (CHQ):32)
	at com.kms.katalon.core.main.ScriptEngine.run(ScriptEngine.java:194)
	at com.kms.katalon.core.main.ScriptEngine.runScriptAsRawText(ScriptEngine.java:119)
	at com.kms.katalon.core.main.TestCaseExecutor.runScript(TestCaseExecutor.java:328)
	at com.kms.katalon.core.main.TestCaseExecutor.doExecute(TestCaseExecutor.java:319)
	at com.kms.katalon.core.main.TestCaseExecutor.processExecutionPhase(TestCaseExecutor.java:298)
	at com.kms.katalon.core.main.TestCaseExecutor.accessMainPhase(TestCaseExecutor.java:290)
	at com.kms.katalon.core.main.TestCaseExecutor.execute(TestCaseExecutor.java:224)
	at com.kms.katalon.core.main.TestCaseMain.runTestCase(TestCaseMain.java:106)
	at com.kms.katalon.core.keyword.builtin.CallTestCaseKeyword$_callTestCase_closure1.doCall(CallTestCaseKeyword.groovy:59)
	at com.kms.katalon.core.keyword.builtin.CallTestCaseKeyword$_callTestCase_closure1.call(CallTestCaseKeyword.groovy)
	at com.kms.katalon.core.keyword.internal.KeywordMain.runKeyword(KeywordMain.groovy:54)
	at com.kms.katalon.core.keyword.builtin.CallTestCaseKeyword.callTestCase(CallTestCaseKeyword.groovy:80)
	at com.kms.katalon.core.keyword.builtin.CallTestCaseKeyword.execute(CallTestCaseKeyword.groovy:44)
	at com.kms.katalon.core.keyword.internal.KeywordExecutor.executeKeywordForPlatform(KeywordExecutor.groovy:53)
	at com.kms.katalon.core.keyword.BuiltinKeywords.callTestCase(BuiltinKeywords.groovy:334)
	at Disbursement end to end (CHQ Reject).run(Disbursement end to end (CHQ Reject):16)
	at com.kms.katalon.core.main.ScriptEngine.run(ScriptEngine.java:194)
	at com.kms.katalon.core.main.ScriptEngine.runScriptAsRawText(ScriptEngine.java:119)
	at com.kms.katalon.core.main.TestCaseExecutor.runScript(TestCaseExecutor.java:328)
	at com.kms.katalon.core.main.TestCaseExecutor.doExecute(TestCaseExecutor.java:319)
	at com.kms.katalon.core.main.TestCaseExecutor.processExecutionPhase(TestCaseExecutor.java:298)
	at com.kms.katalon.core.main.TestCaseExecutor.accessMainPhase(TestCaseExecutor.java:290)
	at com.kms.katalon.core.main.TestCaseExecutor.execute(TestCaseExecutor.java:224)
	at com.kms.katalon.core.main.TestSuiteExecutor.accessTestCaseMainPhase(TestSuiteExecutor.java:129)
	at com.kms.katalon.core.main.TestSuiteExecutor.accessTestSuiteMainPhase(TestSuiteExecutor.java:112)
	at com.kms.katalon.core.main.TestSuiteExecutor.execute(TestSuiteExecutor.java:81)
	at com.kms.katalon.core.main.TestCaseMain.startTestSuite(TestCaseMain.java:149)
	at com.kms.katalon.core.main.TestCaseMain$startTestSuite$0.call(Unknown Source)
	at TempTestSuite1550738418733.run(TempTestSuite1550738418733.groovy:36)]]></system-out>
         <system-err><![CDATA[2019-02-21 18:17:27 - [TEST_CASE][FAILED] - Test Cases/All TC/Arranged/0. Full Flow/Disbursement end to end (CHQ Reject): Test Cases/All TC/Arranged/0. Full Flow/Disbursement end to end (CHQ Reject) FAILED.
Reason:
com.kms.katalon.core.exception.StepFailedException: Unable to get text of object 'Object Repository/YongJun/Disbursement/Disbursement - CHQ/DS - Pending Claim (CHQ)/Page_PERKESO/Get Case ID' (Root cause: com.kms.katalon.core.webui.exception.WebElementNotFoundException: Web element with id: 'Object Repository/YongJun/Disbursement/Disbursement - CHQ/DS - Pending Claim (CHQ)/Page_PERKESO/Get Case ID' located by 'By.xpath: id("pendingClaimTableId")/tbody[1]/tr[@class="odd"]/td[2]' not found)
	at com.kms.katalon.core.keyword.internal.KeywordMain.stepFailed(KeywordMain.groovy:36)
	at com.kms.katalon.core.webui.keyword.internal.WebUIKeywordMain.stepFailed(WebUIKeywordMain.groovy:65)
	at com.kms.katalon.core.webui.keyword.internal.WebUIKeywordMain.runKeyword(WebUIKeywordMain.groovy:27)
	at com.kms.katalon.core.webui.keyword.builtin.GetTextKeyword.getText(GetTextKeyword.groovy:88)
	at com.kms.katalon.core.webui.keyword.builtin.GetTextKeyword.execute(GetTextKeyword.groovy:67)
	at com.kms.katalon.core.keyword.internal.KeywordExecutor.executeKeywordForPlatform(KeywordExecutor.groovy:53)
	at com.kms.katalon.core.webui.keyword.WebUiBuiltInKeywords.getText(WebUiBuiltInKeywords.groovy:888)
	at com.kms.katalon.core.webui.keyword.WebUiBuiltInKeywords$getText$9.call(Unknown Source)
	at DS - Pending Claim (CHQ).run(DS - Pending Claim (CHQ):32)
	at com.kms.katalon.core.main.ScriptEngine.run(ScriptEngine.java:194)
	at com.kms.katalon.core.main.ScriptEngine.runScriptAsRawText(ScriptEngine.java:119)
	at com.kms.katalon.core.main.TestCaseExecutor.runScript(TestCaseExecutor.java:328)
	at com.kms.katalon.core.main.TestCaseExecutor.doExecute(TestCaseExecutor.java:319)
	at com.kms.katalon.core.main.TestCaseExecutor.processExecutionPhase(TestCaseExecutor.java:298)
	at com.kms.katalon.core.main.TestCaseExecutor.accessMainPhase(TestCaseExecutor.java:290)
	at com.kms.katalon.core.main.TestCaseExecutor.execute(TestCaseExecutor.java:224)
	at com.kms.katalon.core.main.TestCaseMain.runTestCase(TestCaseMain.java:106)
	at com.kms.katalon.core.keyword.builtin.CallTestCaseKeyword$_callTestCase_closure1.doCall(CallTestCaseKeyword.groovy:59)
	at com.kms.katalon.core.keyword.builtin.CallTestCaseKeyword$_callTestCase_closure1.call(CallTestCaseKeyword.groovy)
	at com.kms.katalon.core.keyword.internal.KeywordMain.runKeyword(KeywordMain.groovy:54)
	at com.kms.katalon.core.keyword.builtin.CallTestCaseKeyword.callTestCase(CallTestCaseKeyword.groovy:80)
	at com.kms.katalon.core.keyword.builtin.CallTestCaseKeyword.execute(CallTestCaseKeyword.groovy:44)
	at com.kms.katalon.core.keyword.internal.KeywordExecutor.executeKeywordForPlatform(KeywordExecutor.groovy:53)
	at com.kms.katalon.core.keyword.BuiltinKeywords.callTestCase(BuiltinKeywords.groovy:334)
	at Disbursement end to end (CHQ Reject).run(Disbursement end to end (CHQ Reject):16)
	at com.kms.katalon.core.main.ScriptEngine.run(ScriptEngine.java:194)
	at com.kms.katalon.core.main.ScriptEngine.runScriptAsRawText(ScriptEngine.java:119)
	at com.kms.katalon.core.main.TestCaseExecutor.runScript(TestCaseExecutor.java:328)
	at com.kms.katalon.core.main.TestCaseExecutor.doExecute(TestCaseExecutor.java:319)
	at com.kms.katalon.core.main.TestCaseExecutor.processExecutionPhase(TestCaseExecutor.java:298)
	at com.kms.katalon.core.main.TestCaseExecutor.accessMainPhase(TestCaseExecutor.java:290)
	at com.kms.katalon.core.main.TestCaseExecutor.execute(TestCaseExecutor.java:224)
	at com.kms.katalon.core.main.TestSuiteExecutor.accessTestCaseMainPhase(TestSuiteExecutor.java:129)
	at com.kms.katalon.core.main.TestSuiteExecutor.accessTestSuiteMainPhase(TestSuiteExecutor.java:112)
	at com.kms.katalon.core.main.TestSuiteExecutor.execute(TestSuiteExecutor.java:81)
	at com.kms.katalon.core.main.TestCaseMain.startTestSuite(TestCaseMain.java:149)
	at com.kms.katalon.core.main.TestCaseMain$startTestSuite$0.call(Unknown Source)
	at TempTestSuite1550738418733.run(TempTestSuite1550738418733.groovy:36)]]></system-err>
      </testcase>
      <testcase name="Test Cases/All TC/Arranged/0. Full Flow/Disbursement end to end (CHQ Approved)" classname="Test Cases/All TC/Arranged/0. Full Flow/Disbursement end to end (CHQ Approved)" status="FAILED">
         <failure type="FAILED" message="Test Cases/All TC/Arranged/0. Full Flow/Disbursement end to end (CHQ Approved) FAILED.
Reason:
com.kms.katalon.core.exception.StepFailedException: Unable to get text of object 'Object Repository/YongJun/Disbursement/Disbursement - CHQ/DS - Pending Claim (CHQ)/Page_PERKESO/Get Case ID' (Root cause: com.kms.katalon.core.webui.exception.WebElementNotFoundException: Web element with id: 'Object Repository/YongJun/Disbursement/Disbursement - CHQ/DS - Pending Claim (CHQ)/Page_PERKESO/Get Case ID' located by 'By.xpath: id(&quot;pendingClaimTableId&quot;)/tbody[1]/tr[@class=&quot;odd&quot;]/td[2]' not found)
	at com.kms.katalon.core.keyword.internal.KeywordMain.stepFailed(KeywordMain.groovy:36)
	at com.kms.katalon.core.webui.keyword.internal.WebUIKeywordMain.stepFailed(WebUIKeywordMain.groovy:65)
	at com.kms.katalon.core.webui.keyword.internal.WebUIKeywordMain.runKeyword(WebUIKeywordMain.groovy:27)
	at com.kms.katalon.core.webui.keyword.builtin.GetTextKeyword.getText(GetTextKeyword.groovy:88)
	at com.kms.katalon.core.webui.keyword.builtin.GetTextKeyword.execute(GetTextKeyword.groovy:67)
	at com.kms.katalon.core.keyword.internal.KeywordExecutor.executeKeywordForPlatform(KeywordExecutor.groovy:53)
	at com.kms.katalon.core.webui.keyword.WebUiBuiltInKeywords.getText(WebUiBuiltInKeywords.groovy:888)
	at com.kms.katalon.core.webui.keyword.WebUiBuiltInKeywords$getText$9.call(Unknown Source)
	at DS - Pending Claim (CHQ).run(DS - Pending Claim (CHQ):32)
	at com.kms.katalon.core.main.ScriptEngine.run(ScriptEngine.java:194)
	at com.kms.katalon.core.main.ScriptEngine.runScriptAsRawText(ScriptEngine.java:119)
	at com.kms.katalon.core.main.TestCaseExecutor.runScript(TestCaseExecutor.java:328)
	at com.kms.katalon.core.main.TestCaseExecutor.doExecute(TestCaseExecutor.java:319)
	at com.kms.katalon.core.main.TestCaseExecutor.processExecutionPhase(TestCaseExecutor.java:298)
	at com.kms.katalon.core.main.TestCaseExecutor.accessMainPhase(TestCaseExecutor.java:290)
	at com.kms.katalon.core.main.TestCaseExecutor.execute(TestCaseExecutor.java:224)
	at com.kms.katalon.core.main.TestCaseMain.runTestCase(TestCaseMain.java:106)
	at com.kms.katalon.core.keyword.builtin.CallTestCaseKeyword$_callTestCase_closure1.doCall(CallTestCaseKeyword.groovy:59)
	at com.kms.katalon.core.keyword.builtin.CallTestCaseKeyword$_callTestCase_closure1.call(CallTestCaseKeyword.groovy)
	at com.kms.katalon.core.keyword.internal.KeywordMain.runKeyword(KeywordMain.groovy:54)
	at com.kms.katalon.core.keyword.builtin.CallTestCaseKeyword.callTestCase(CallTestCaseKeyword.groovy:80)
	at com.kms.katalon.core.keyword.builtin.CallTestCaseKeyword.execute(CallTestCaseKeyword.groovy:44)
	at com.kms.katalon.core.keyword.internal.KeywordExecutor.executeKeywordForPlatform(KeywordExecutor.groovy:53)
	at com.kms.katalon.core.keyword.BuiltinKeywords.callTestCase(BuiltinKeywords.groovy:334)
	at Disbursement end to end (CHQ Approved).run(Disbursement end to end (CHQ Approved):16)
	at com.kms.katalon.core.main.ScriptEngine.run(ScriptEngine.java:194)
	at com.kms.katalon.core.main.ScriptEngine.runScriptAsRawText(ScriptEngine.java:119)
	at com.kms.katalon.core.main.TestCaseExecutor.runScript(TestCaseExecutor.java:328)
	at com.kms.katalon.core.main.TestCaseExecutor.doExecute(TestCaseExecutor.java:319)
	at com.kms.katalon.core.main.TestCaseExecutor.processExecutionPhase(TestCaseExecutor.java:298)
	at com.kms.katalon.core.main.TestCaseExecutor.accessMainPhase(TestCaseExecutor.java:290)
	at com.kms.katalon.core.main.TestCaseExecutor.execute(TestCaseExecutor.java:224)
	at com.kms.katalon.core.main.TestSuiteExecutor.accessTestCaseMainPhase(TestSuiteExecutor.java:129)
	at com.kms.katalon.core.main.TestSuiteExecutor.accessTestSuiteMainPhase(TestSuiteExecutor.java:112)
	at com.kms.katalon.core.main.TestSuiteExecutor.execute(TestSuiteExecutor.java:81)
	at com.kms.katalon.core.main.TestCaseMain.startTestSuite(TestCaseMain.java:149)
	at com.kms.katalon.core.main.TestCaseMain$startTestSuite$0.call(Unknown Source)
	at TempTestSuite1550738418733.run(TempTestSuite1550738418733.groovy:36)
"/>
         <system-out><![CDATA[2019-02-21 18:18:10 - [TEST_CASE][FAILED] - Test Cases/All TC/Arranged/0. Full Flow/Disbursement end to end (CHQ Approved): Test Cases/All TC/Arranged/0. Full Flow/Disbursement end to end (CHQ Approved) FAILED.
Reason:
com.kms.katalon.core.exception.StepFailedException: Unable to get text of object 'Object Repository/YongJun/Disbursement/Disbursement - CHQ/DS - Pending Claim (CHQ)/Page_PERKESO/Get Case ID' (Root cause: com.kms.katalon.core.webui.exception.WebElementNotFoundException: Web element with id: 'Object Repository/YongJun/Disbursement/Disbursement - CHQ/DS - Pending Claim (CHQ)/Page_PERKESO/Get Case ID' located by 'By.xpath: id("pendingClaimTableId")/tbody[1]/tr[@class="odd"]/td[2]' not found)
	at com.kms.katalon.core.keyword.internal.KeywordMain.stepFailed(KeywordMain.groovy:36)
	at com.kms.katalon.core.webui.keyword.internal.WebUIKeywordMain.stepFailed(WebUIKeywordMain.groovy:65)
	at com.kms.katalon.core.webui.keyword.internal.WebUIKeywordMain.runKeyword(WebUIKeywordMain.groovy:27)
	at com.kms.katalon.core.webui.keyword.builtin.GetTextKeyword.getText(GetTextKeyword.groovy:88)
	at com.kms.katalon.core.webui.keyword.builtin.GetTextKeyword.execute(GetTextKeyword.groovy:67)
	at com.kms.katalon.core.keyword.internal.KeywordExecutor.executeKeywordForPlatform(KeywordExecutor.groovy:53)
	at com.kms.katalon.core.webui.keyword.WebUiBuiltInKeywords.getText(WebUiBuiltInKeywords.groovy:888)
	at com.kms.katalon.core.webui.keyword.WebUiBuiltInKeywords$getText$9.call(Unknown Source)
	at DS - Pending Claim (CHQ).run(DS - Pending Claim (CHQ):32)
	at com.kms.katalon.core.main.ScriptEngine.run(ScriptEngine.java:194)
	at com.kms.katalon.core.main.ScriptEngine.runScriptAsRawText(ScriptEngine.java:119)
	at com.kms.katalon.core.main.TestCaseExecutor.runScript(TestCaseExecutor.java:328)
	at com.kms.katalon.core.main.TestCaseExecutor.doExecute(TestCaseExecutor.java:319)
	at com.kms.katalon.core.main.TestCaseExecutor.processExecutionPhase(TestCaseExecutor.java:298)
	at com.kms.katalon.core.main.TestCaseExecutor.accessMainPhase(TestCaseExecutor.java:290)
	at com.kms.katalon.core.main.TestCaseExecutor.execute(TestCaseExecutor.java:224)
	at com.kms.katalon.core.main.TestCaseMain.runTestCase(TestCaseMain.java:106)
	at com.kms.katalon.core.keyword.builtin.CallTestCaseKeyword$_callTestCase_closure1.doCall(CallTestCaseKeyword.groovy:59)
	at com.kms.katalon.core.keyword.builtin.CallTestCaseKeyword$_callTestCase_closure1.call(CallTestCaseKeyword.groovy)
	at com.kms.katalon.core.keyword.internal.KeywordMain.runKeyword(KeywordMain.groovy:54)
	at com.kms.katalon.core.keyword.builtin.CallTestCaseKeyword.callTestCase(CallTestCaseKeyword.groovy:80)
	at com.kms.katalon.core.keyword.builtin.CallTestCaseKeyword.execute(CallTestCaseKeyword.groovy:44)
	at com.kms.katalon.core.keyword.internal.KeywordExecutor.executeKeywordForPlatform(KeywordExecutor.groovy:53)
	at com.kms.katalon.core.keyword.BuiltinKeywords.callTestCase(BuiltinKeywords.groovy:334)
	at Disbursement end to end (CHQ Approved).run(Disbursement end to end (CHQ Approved):16)
	at com.kms.katalon.core.main.ScriptEngine.run(ScriptEngine.java:194)
	at com.kms.katalon.core.main.ScriptEngine.runScriptAsRawText(ScriptEngine.java:119)
	at com.kms.katalon.core.main.TestCaseExecutor.runScript(TestCaseExecutor.java:328)
	at com.kms.katalon.core.main.TestCaseExecutor.doExecute(TestCaseExecutor.java:319)
	at com.kms.katalon.core.main.TestCaseExecutor.processExecutionPhase(TestCaseExecutor.java:298)
	at com.kms.katalon.core.main.TestCaseExecutor.accessMainPhase(TestCaseExecutor.java:290)
	at com.kms.katalon.core.main.TestCaseExecutor.execute(TestCaseExecutor.java:224)
	at com.kms.katalon.core.main.TestSuiteExecutor.accessTestCaseMainPhase(TestSuiteExecutor.java:129)
	at com.kms.katalon.core.main.TestSuiteExecutor.accessTestSuiteMainPhase(TestSuiteExecutor.java:112)
	at com.kms.katalon.core.main.TestSuiteExecutor.execute(TestSuiteExecutor.java:81)
	at com.kms.katalon.core.main.TestCaseMain.startTestSuite(TestCaseMain.java:149)
	at com.kms.katalon.core.main.TestCaseMain$startTestSuite$0.call(Unknown Source)
	at TempTestSuite1550738418733.run(TempTestSuite1550738418733.groovy:36)


2019-02-21 18:18:10 - [TEST_STEP][FAILED] - callTestCase(findTestCase("All TC/Arranged/2. Segment/2.6 Disbursement/DS - CHQ/DS - Pending Claim (CHQ)"), [:], STOP_ON_FAILURE): callTestCase(findTestCase("All TC/Arranged/2. Segment/2.6 Disbursement/DS - CHQ/DS - Pending Claim (CHQ)"), [:], STOP_ON_FAILURE) FAILED.
Reason:
com.kms.katalon.core.exception.StepFailedException: Unable to get text of object 'Object Repository/YongJun/Disbursement/Disbursement - CHQ/DS - Pending Claim (CHQ)/Page_PERKESO/Get Case ID' (Root cause: com.kms.katalon.core.webui.exception.WebElementNotFoundException: Web element with id: 'Object Repository/YongJun/Disbursement/Disbursement - CHQ/DS - Pending Claim (CHQ)/Page_PERKESO/Get Case ID' located by 'By.xpath: id("pendingClaimTableId")/tbody[1]/tr[@class="odd"]/td[2]' not found)
	at com.kms.katalon.core.keyword.internal.KeywordMain.stepFailed(KeywordMain.groovy:36)
	at com.kms.katalon.core.webui.keyword.internal.WebUIKeywordMain.stepFailed(WebUIKeywordMain.groovy:65)
	at com.kms.katalon.core.webui.keyword.internal.WebUIKeywordMain.runKeyword(WebUIKeywordMain.groovy:27)
	at com.kms.katalon.core.webui.keyword.builtin.GetTextKeyword.getText(GetTextKeyword.groovy:88)
	at com.kms.katalon.core.webui.keyword.builtin.GetTextKeyword.execute(GetTextKeyword.groovy:67)
	at com.kms.katalon.core.keyword.internal.KeywordExecutor.executeKeywordForPlatform(KeywordExecutor.groovy:53)
	at com.kms.katalon.core.webui.keyword.WebUiBuiltInKeywords.getText(WebUiBuiltInKeywords.groovy:888)
	at com.kms.katalon.core.webui.keyword.WebUiBuiltInKeywords$getText$9.call(Unknown Source)
	at DS - Pending Claim (CHQ).run(DS - Pending Claim (CHQ):32)
	at com.kms.katalon.core.main.ScriptEngine.run(ScriptEngine.java:194)
	at com.kms.katalon.core.main.ScriptEngine.runScriptAsRawText(ScriptEngine.java:119)
	at com.kms.katalon.core.main.TestCaseExecutor.runScript(TestCaseExecutor.java:328)
	at com.kms.katalon.core.main.TestCaseExecutor.doExecute(TestCaseExecutor.java:319)
	at com.kms.katalon.core.main.TestCaseExecutor.processExecutionPhase(TestCaseExecutor.java:298)
	at com.kms.katalon.core.main.TestCaseExecutor.accessMainPhase(TestCaseExecutor.java:290)
	at com.kms.katalon.core.main.TestCaseExecutor.execute(TestCaseExecutor.java:224)
	at com.kms.katalon.core.main.TestCaseMain.runTestCase(TestCaseMain.java:106)
	at com.kms.katalon.core.keyword.builtin.CallTestCaseKeyword$_callTestCase_closure1.doCall(CallTestCaseKeyword.groovy:59)
	at com.kms.katalon.core.keyword.builtin.CallTestCaseKeyword$_callTestCase_closure1.call(CallTestCaseKeyword.groovy)
	at com.kms.katalon.core.keyword.internal.KeywordMain.runKeyword(KeywordMain.groovy:54)
	at com.kms.katalon.core.keyword.builtin.CallTestCaseKeyword.callTestCase(CallTestCaseKeyword.groovy:80)
	at com.kms.katalon.core.keyword.builtin.CallTestCaseKeyword.execute(CallTestCaseKeyword.groovy:44)
	at com.kms.katalon.core.keyword.internal.KeywordExecutor.executeKeywordForPlatform(KeywordExecutor.groovy:53)
	at com.kms.katalon.core.keyword.BuiltinKeywords.callTestCase(BuiltinKeywords.groovy:334)
	at Disbursement end to end (CHQ Approved).run(Disbursement end to end (CHQ Approved):16)
	at com.kms.katalon.core.main.ScriptEngine.run(ScriptEngine.java:194)
	at com.kms.katalon.core.main.ScriptEngine.runScriptAsRawText(ScriptEngine.java:119)
	at com.kms.katalon.core.main.TestCaseExecutor.runScript(TestCaseExecutor.java:328)
	at com.kms.katalon.core.main.TestCaseExecutor.doExecute(TestCaseExecutor.java:319)
	at com.kms.katalon.core.main.TestCaseExecutor.processExecutionPhase(TestCaseExecutor.java:298)
	at com.kms.katalon.core.main.TestCaseExecutor.accessMainPhase(TestCaseExecutor.java:290)
	at com.kms.katalon.core.main.TestCaseExecutor.execute(TestCaseExecutor.java:224)
	at com.kms.katalon.core.main.TestSuiteExecutor.accessTestCaseMainPhase(TestSuiteExecutor.java:129)
	at com.kms.katalon.core.main.TestSuiteExecutor.accessTestSuiteMainPhase(TestSuiteExecutor.java:112)
	at com.kms.katalon.core.main.TestSuiteExecutor.execute(TestSuiteExecutor.java:81)
	at com.kms.katalon.core.main.TestCaseMain.startTestSuite(TestCaseMain.java:149)
	at com.kms.katalon.core.main.TestCaseMain$startTestSuite$0.call(Unknown Source)
	at TempTestSuite1550738418733.run(TempTestSuite1550738418733.groovy:36)


2019-02-21 18:18:10 - [TEST_CASE][FAILED] - Test Cases/All TC/Arranged/2. Segment/2.6 Disbursement/DS - CHQ/DS - Pending Claim (CHQ): Test Cases/All TC/Arranged/2. Segment/2.6 Disbursement/DS - CHQ/DS - Pending Claim (CHQ) FAILED.
Reason:
com.kms.katalon.core.exception.StepFailedException: Unable to get text of object 'Object Repository/YongJun/Disbursement/Disbursement - CHQ/DS - Pending Claim (CHQ)/Page_PERKESO/Get Case ID' (Root cause: com.kms.katalon.core.webui.exception.WebElementNotFoundException: Web element with id: 'Object Repository/YongJun/Disbursement/Disbursement - CHQ/DS - Pending Claim (CHQ)/Page_PERKESO/Get Case ID' located by 'By.xpath: id("pendingClaimTableId")/tbody[1]/tr[@class="odd"]/td[2]' not found)
	at com.kms.katalon.core.keyword.internal.KeywordMain.stepFailed(KeywordMain.groovy:36)
	at com.kms.katalon.core.webui.keyword.internal.WebUIKeywordMain.stepFailed(WebUIKeywordMain.groovy:65)
	at com.kms.katalon.core.webui.keyword.internal.WebUIKeywordMain.runKeyword(WebUIKeywordMain.groovy:27)
	at com.kms.katalon.core.webui.keyword.builtin.GetTextKeyword.getText(GetTextKeyword.groovy:88)
	at com.kms.katalon.core.webui.keyword.builtin.GetTextKeyword.execute(GetTextKeyword.groovy:67)
	at com.kms.katalon.core.keyword.internal.KeywordExecutor.executeKeywordForPlatform(KeywordExecutor.groovy:53)
	at com.kms.katalon.core.webui.keyword.WebUiBuiltInKeywords.getText(WebUiBuiltInKeywords.groovy:888)
	at com.kms.katalon.core.webui.keyword.WebUiBuiltInKeywords$getText$9.call(Unknown Source)
	at DS - Pending Claim (CHQ).run(DS - Pending Claim (CHQ):32)
	at com.kms.katalon.core.main.ScriptEngine.run(ScriptEngine.java:194)
	at com.kms.katalon.core.main.ScriptEngine.runScriptAsRawText(ScriptEngine.java:119)
	at com.kms.katalon.core.main.TestCaseExecutor.runScript(TestCaseExecutor.java:328)
	at com.kms.katalon.core.main.TestCaseExecutor.doExecute(TestCaseExecutor.java:319)
	at com.kms.katalon.core.main.TestCaseExecutor.processExecutionPhase(TestCaseExecutor.java:298)
	at com.kms.katalon.core.main.TestCaseExecutor.accessMainPhase(TestCaseExecutor.java:290)
	at com.kms.katalon.core.main.TestCaseExecutor.execute(TestCaseExecutor.java:224)
	at com.kms.katalon.core.main.TestCaseMain.runTestCase(TestCaseMain.java:106)
	at com.kms.katalon.core.keyword.builtin.CallTestCaseKeyword$_callTestCase_closure1.doCall(CallTestCaseKeyword.groovy:59)
	at com.kms.katalon.core.keyword.builtin.CallTestCaseKeyword$_callTestCase_closure1.call(CallTestCaseKeyword.groovy)
	at com.kms.katalon.core.keyword.internal.KeywordMain.runKeyword(KeywordMain.groovy:54)
	at com.kms.katalon.core.keyword.builtin.CallTestCaseKeyword.callTestCase(CallTestCaseKeyword.groovy:80)
	at com.kms.katalon.core.keyword.builtin.CallTestCaseKeyword.execute(CallTestCaseKeyword.groovy:44)
	at com.kms.katalon.core.keyword.internal.KeywordExecutor.executeKeywordForPlatform(KeywordExecutor.groovy:53)
	at com.kms.katalon.core.keyword.BuiltinKeywords.callTestCase(BuiltinKeywords.groovy:334)
	at Disbursement end to end (CHQ Approved).run(Disbursement end to end (CHQ Approved):16)
	at com.kms.katalon.core.main.ScriptEngine.run(ScriptEngine.java:194)
	at com.kms.katalon.core.main.ScriptEngine.runScriptAsRawText(ScriptEngine.java:119)
	at com.kms.katalon.core.main.TestCaseExecutor.runScript(TestCaseExecutor.java:328)
	at com.kms.katalon.core.main.TestCaseExecutor.doExecute(TestCaseExecutor.java:319)
	at com.kms.katalon.core.main.TestCaseExecutor.processExecutionPhase(TestCaseExecutor.java:298)
	at com.kms.katalon.core.main.TestCaseExecutor.accessMainPhase(TestCaseExecutor.java:290)
	at com.kms.katalon.core.main.TestCaseExecutor.execute(TestCaseExecutor.java:224)
	at com.kms.katalon.core.main.TestSuiteExecutor.accessTestCaseMainPhase(TestSuiteExecutor.java:129)
	at com.kms.katalon.core.main.TestSuiteExecutor.accessTestSuiteMainPhase(TestSuiteExecutor.java:112)
	at com.kms.katalon.core.main.TestSuiteExecutor.execute(TestSuiteExecutor.java:81)
	at com.kms.katalon.core.main.TestCaseMain.startTestSuite(TestCaseMain.java:149)
	at com.kms.katalon.core.main.TestCaseMain$startTestSuite$0.call(Unknown Source)
	at TempTestSuite1550738418733.run(TempTestSuite1550738418733.groovy:36)


2019-02-21 18:18:10 - [TEST_STEP][PASSED] - openBrowser(""): Browser is opened with url: ''

2019-02-21 18:18:10 - [MESSAGE][WARNING] - A browser is already opened. Closing browser and opening a new one

2019-02-21 18:18:11 - [MESSAGE][INFO] - Starting 'Chrome' driver

2019-02-21 18:18:11 - [MESSAGE][INFO] - User set preference: ['args', '[--start-maximized]']

2019-02-21 18:18:13 - [MESSAGE][PASSED] - Browser is opened with url: ''

2019-02-21 18:18:13 - [TEST_STEP][PASSED] - maximizeWindow(): Current window maximized

2019-02-21 18:18:14 - [MESSAGE][PASSED] - Current window maximized

2019-02-21 18:18:14 - [TEST_STEP][PASSED] - navigateToUrl(Internal_Login): Navigate to 'http://10.20.24.188/eisportal/user/login' successfully

2019-02-21 18:18:15 - [MESSAGE][PASSED] - Navigate to 'http://10.20.24.188/eisportal/user/login' successfully

2019-02-21 18:18:15 - [TEST_STEP][PASSED] - delay(2): Delayed 2 second(s)

2019-02-21 18:18:17 - [MESSAGE][PASSED] - Delayed 2 second(s)

2019-02-21 18:18:17 - [TEST_STEP][PASSED] - setText(findTestObject("YongJun/Disbursement/Disbursement - CHQ/DS - Pending Claim (CHQ)/Page_PERKESO/DS login username"), "jh1ds@perkeso.gov.my"): Text 'jh1ds@perkeso.gov.my' is set on object 'Object Repository/YongJun/Disbursement/Disbursement - CHQ/DS - Pending Claim (CHQ)/Page_PERKESO/DS login username'

2019-02-21 18:18:17 - [MESSAGE][PASSED] - Text 'jh1ds@perkeso.gov.my' is set on object 'Object Repository/YongJun/Disbursement/Disbursement - CHQ/DS - Pending Claim (CHQ)/Page_PERKESO/DS login username'

2019-02-21 18:18:17 - [TEST_STEP][PASSED] - setEncryptedText(findTestObject("YongJun/Disbursement/Disbursement - CHQ/DS - Pending Claim (CHQ)/Page_PERKESO/DS login password"), "CQqwFZlbeC8="): Text ****** has been set on object 'Object Repository/YongJun/Disbursement/Disbursement - CHQ/DS - Pending Claim (CHQ)/Page_PERKESO/DS login password'

2019-02-21 18:18:17 - [MESSAGE][PASSED] - Text ****** has been set on object 'Object Repository/YongJun/Disbursement/Disbursement - CHQ/DS - Pending Claim (CHQ)/Page_PERKESO/DS login password'

2019-02-21 18:18:17 - [TEST_STEP][PASSED] - click(findTestObject("YongJun/Disbursement/Disbursement - CHQ/DS - Pending Claim (CHQ)/Page_PERKESO/DS login button")): Object: 'Object Repository/YongJun/Disbursement/Disbursement - CHQ/DS - Pending Claim (CHQ)/Page_PERKESO/DS login button' is clicked on

2019-02-21 18:18:18 - [MESSAGE][PASSED] - Object: 'Object Repository/YongJun/Disbursement/Disbursement - CHQ/DS - Pending Claim (CHQ)/Page_PERKESO/DS login button' is clicked on

2019-02-21 18:18:18 - [TEST_STEP][PASSED] - delay(2): Delayed 2 second(s)

2019-02-21 18:18:20 - [MESSAGE][PASSED] - Delayed 2 second(s)

2019-02-21 18:18:20 - [TEST_STEP][FAILED] - EiEsCaseID = getText(findTestObject("YongJun/Disbursement/Disbursement - CHQ/DS - Pending Claim (CHQ)/Page_PERKESO/Get Case ID")): EiEsCaseID = getText(findTestObject("YongJun/Disbursement/Disbursement - CHQ/DS - Pending Claim (CHQ)/Page_PERKESO/Get Case ID")) FAILED.
Reason:
com.kms.katalon.core.exception.StepFailedException: Unable to get text of object 'Object Repository/YongJun/Disbursement/Disbursement - CHQ/DS - Pending Claim (CHQ)/Page_PERKESO/Get Case ID' (Root cause: com.kms.katalon.core.webui.exception.WebElementNotFoundException: Web element with id: 'Object Repository/YongJun/Disbursement/Disbursement - CHQ/DS - Pending Claim (CHQ)/Page_PERKESO/Get Case ID' located by 'By.xpath: id("pendingClaimTableId")/tbody[1]/tr[@class="odd"]/td[2]' not found)
	at com.kms.katalon.core.keyword.internal.KeywordMain.stepFailed(KeywordMain.groovy:36)
	at com.kms.katalon.core.webui.keyword.internal.WebUIKeywordMain.stepFailed(WebUIKeywordMain.groovy:65)
	at com.kms.katalon.core.webui.keyword.internal.WebUIKeywordMain.runKeyword(WebUIKeywordMain.groovy:27)
	at com.kms.katalon.core.webui.keyword.builtin.GetTextKeyword.getText(GetTextKeyword.groovy:88)
	at com.kms.katalon.core.webui.keyword.builtin.GetTextKeyword.execute(GetTextKeyword.groovy:67)
	at com.kms.katalon.core.keyword.internal.KeywordExecutor.executeKeywordForPlatform(KeywordExecutor.groovy:53)
	at com.kms.katalon.core.webui.keyword.WebUiBuiltInKeywords.getText(WebUiBuiltInKeywords.groovy:888)
	at com.kms.katalon.core.webui.keyword.WebUiBuiltInKeywords$getText$9.call(Unknown Source)
	at DS - Pending Claim (CHQ).run(DS - Pending Claim (CHQ):32)
	at com.kms.katalon.core.main.ScriptEngine.run(ScriptEngine.java:194)
	at com.kms.katalon.core.main.ScriptEngine.runScriptAsRawText(ScriptEngine.java:119)
	at com.kms.katalon.core.main.TestCaseExecutor.runScript(TestCaseExecutor.java:328)
	at com.kms.katalon.core.main.TestCaseExecutor.doExecute(TestCaseExecutor.java:319)
	at com.kms.katalon.core.main.TestCaseExecutor.processExecutionPhase(TestCaseExecutor.java:298)
	at com.kms.katalon.core.main.TestCaseExecutor.accessMainPhase(TestCaseExecutor.java:290)
	at com.kms.katalon.core.main.TestCaseExecutor.execute(TestCaseExecutor.java:224)
	at com.kms.katalon.core.main.TestCaseMain.runTestCase(TestCaseMain.java:106)
	at com.kms.katalon.core.keyword.builtin.CallTestCaseKeyword$_callTestCase_closure1.doCall(CallTestCaseKeyword.groovy:59)
	at com.kms.katalon.core.keyword.builtin.CallTestCaseKeyword$_callTestCase_closure1.call(CallTestCaseKeyword.groovy)
	at com.kms.katalon.core.keyword.internal.KeywordMain.runKeyword(KeywordMain.groovy:54)
	at com.kms.katalon.core.keyword.builtin.CallTestCaseKeyword.callTestCase(CallTestCaseKeyword.groovy:80)
	at com.kms.katalon.core.keyword.builtin.CallTestCaseKeyword.execute(CallTestCaseKeyword.groovy:44)
	at com.kms.katalon.core.keyword.internal.KeywordExecutor.executeKeywordForPlatform(KeywordExecutor.groovy:53)
	at com.kms.katalon.core.keyword.BuiltinKeywords.callTestCase(BuiltinKeywords.groovy:334)
	at Disbursement end to end (CHQ Approved).run(Disbursement end to end (CHQ Approved):16)
	at com.kms.katalon.core.main.ScriptEngine.run(ScriptEngine.java:194)
	at com.kms.katalon.core.main.ScriptEngine.runScriptAsRawText(ScriptEngine.java:119)
	at com.kms.katalon.core.main.TestCaseExecutor.runScript(TestCaseExecutor.java:328)
	at com.kms.katalon.core.main.TestCaseExecutor.doExecute(TestCaseExecutor.java:319)
	at com.kms.katalon.core.main.TestCaseExecutor.processExecutionPhase(TestCaseExecutor.java:298)
	at com.kms.katalon.core.main.TestCaseExecutor.accessMainPhase(TestCaseExecutor.java:290)
	at com.kms.katalon.core.main.TestCaseExecutor.execute(TestCaseExecutor.java:224)
	at com.kms.katalon.core.main.TestSuiteExecutor.accessTestCaseMainPhase(TestSuiteExecutor.java:129)
	at com.kms.katalon.core.main.TestSuiteExecutor.accessTestSuiteMainPhase(TestSuiteExecutor.java:112)
	at com.kms.katalon.core.main.TestSuiteExecutor.execute(TestSuiteExecutor.java:81)
	at com.kms.katalon.core.main.TestCaseMain.startTestSuite(TestCaseMain.java:149)
	at com.kms.katalon.core.main.TestCaseMain$startTestSuite$0.call(Unknown Source)
	at TempTestSuite1550738418733.run(TempTestSuite1550738418733.groovy:36)


2019-02-21 18:18:51 - [MESSAGE][INFO] - Unable to find the element located by 'By.xpath: id("pendingClaimTableId")/tbody[1]/tr[@class="odd"]/td[2]'. Please recheck the objects properties to make sure the desired element is located. 

2019-02-21 18:18:52 - [MESSAGE][FAILED] - Unable to get text of object 'Object Repository/YongJun/Disbursement/Disbursement - CHQ/DS - Pending Claim (CHQ)/Page_PERKESO/Get Case ID' (Root cause: com.kms.katalon.core.webui.exception.WebElementNotFoundException: Web element with id: 'Object Repository/YongJun/Disbursement/Disbursement - CHQ/DS - Pending Claim (CHQ)/Page_PERKESO/Get Case ID' located by 'By.xpath: id("pendingClaimTableId")/tbody[1]/tr[@class="odd"]/td[2]' not found)
[[ATTACHMENT|C:\\Users\\Admin\\Documents\\GitHub\\PKSKatalon\\PKS-EI-ES\\Reports\\New Test Suite\\20190221_164018\\1550744331869.png]]

2019-02-21 18:18:52 - [MESSAGE][FAILED] - EiEsCaseID = getText(findTestObject("YongJun/Disbursement/Disbursement - CHQ/DS - Pending Claim (CHQ)/Page_PERKESO/Get Case ID")) FAILED.
Reason:
com.kms.katalon.core.exception.StepFailedException: Unable to get text of object 'Object Repository/YongJun/Disbursement/Disbursement - CHQ/DS - Pending Claim (CHQ)/Page_PERKESO/Get Case ID' (Root cause: com.kms.katalon.core.webui.exception.WebElementNotFoundException: Web element with id: 'Object Repository/YongJun/Disbursement/Disbursement - CHQ/DS - Pending Claim (CHQ)/Page_PERKESO/Get Case ID' located by 'By.xpath: id("pendingClaimTableId")/tbody[1]/tr[@class="odd"]/td[2]' not found)
	at com.kms.katalon.core.keyword.internal.KeywordMain.stepFailed(KeywordMain.groovy:36)
	at com.kms.katalon.core.webui.keyword.internal.WebUIKeywordMain.stepFailed(WebUIKeywordMain.groovy:65)
	at com.kms.katalon.core.webui.keyword.internal.WebUIKeywordMain.runKeyword(WebUIKeywordMain.groovy:27)
	at com.kms.katalon.core.webui.keyword.builtin.GetTextKeyword.getText(GetTextKeyword.groovy:88)
	at com.kms.katalon.core.webui.keyword.builtin.GetTextKeyword.execute(GetTextKeyword.groovy:67)
	at com.kms.katalon.core.keyword.internal.KeywordExecutor.executeKeywordForPlatform(KeywordExecutor.groovy:53)
	at com.kms.katalon.core.webui.keyword.WebUiBuiltInKeywords.getText(WebUiBuiltInKeywords.groovy:888)
	at com.kms.katalon.core.webui.keyword.WebUiBuiltInKeywords$getText$9.call(Unknown Source)
	at DS - Pending Claim (CHQ).run(DS - Pending Claim (CHQ):32)
	at com.kms.katalon.core.main.ScriptEngine.run(ScriptEngine.java:194)
	at com.kms.katalon.core.main.ScriptEngine.runScriptAsRawText(ScriptEngine.java:119)
	at com.kms.katalon.core.main.TestCaseExecutor.runScript(TestCaseExecutor.java:328)
	at com.kms.katalon.core.main.TestCaseExecutor.doExecute(TestCaseExecutor.java:319)
	at com.kms.katalon.core.main.TestCaseExecutor.processExecutionPhase(TestCaseExecutor.java:298)
	at com.kms.katalon.core.main.TestCaseExecutor.accessMainPhase(TestCaseExecutor.java:290)
	at com.kms.katalon.core.main.TestCaseExecutor.execute(TestCaseExecutor.java:224)
	at com.kms.katalon.core.main.TestCaseMain.runTestCase(TestCaseMain.java:106)
	at com.kms.katalon.core.keyword.builtin.CallTestCaseKeyword$_callTestCase_closure1.doCall(CallTestCaseKeyword.groovy:59)
	at com.kms.katalon.core.keyword.builtin.CallTestCaseKeyword$_callTestCase_closure1.call(CallTestCaseKeyword.groovy)
	at com.kms.katalon.core.keyword.internal.KeywordMain.runKeyword(KeywordMain.groovy:54)
	at com.kms.katalon.core.keyword.builtin.CallTestCaseKeyword.callTestCase(CallTestCaseKeyword.groovy:80)
	at com.kms.katalon.core.keyword.builtin.CallTestCaseKeyword.execute(CallTestCaseKeyword.groovy:44)
	at com.kms.katalon.core.keyword.internal.KeywordExecutor.executeKeywordForPlatform(KeywordExecutor.groovy:53)
	at com.kms.katalon.core.keyword.BuiltinKeywords.callTestCase(BuiltinKeywords.groovy:334)
	at Disbursement end to end (CHQ Approved).run(Disbursement end to end (CHQ Approved):16)
	at com.kms.katalon.core.main.ScriptEngine.run(ScriptEngine.java:194)
	at com.kms.katalon.core.main.ScriptEngine.runScriptAsRawText(ScriptEngine.java:119)
	at com.kms.katalon.core.main.TestCaseExecutor.runScript(TestCaseExecutor.java:328)
	at com.kms.katalon.core.main.TestCaseExecutor.doExecute(TestCaseExecutor.java:319)
	at com.kms.katalon.core.main.TestCaseExecutor.processExecutionPhase(TestCaseExecutor.java:298)
	at com.kms.katalon.core.main.TestCaseExecutor.accessMainPhase(TestCaseExecutor.java:290)
	at com.kms.katalon.core.main.TestCaseExecutor.execute(TestCaseExecutor.java:224)
	at com.kms.katalon.core.main.TestSuiteExecutor.accessTestCaseMainPhase(TestSuiteExecutor.java:129)
	at com.kms.katalon.core.main.TestSuiteExecutor.accessTestSuiteMainPhase(TestSuiteExecutor.java:112)
	at com.kms.katalon.core.main.TestSuiteExecutor.execute(TestSuiteExecutor.java:81)
	at com.kms.katalon.core.main.TestCaseMain.startTestSuite(TestCaseMain.java:149)
	at com.kms.katalon.core.main.TestCaseMain$startTestSuite$0.call(Unknown Source)
	at TempTestSuite1550738418733.run(TempTestSuite1550738418733.groovy:36)


2019-02-21 18:18:52 - [MESSAGE][FAILED] - Unable to call Test Case 'Test Cases/All TC/Arranged/2. Segment/2.6 Disbursement/DS - CHQ/DS - Pending Claim (CHQ)' (Root cause: com.kms.katalon.core.exception.StepFailedException: Call Test Case 'Test Cases/All TC/Arranged/2. Segment/2.6 Disbursement/DS - CHQ/DS - Pending Claim (CHQ)' failed)

2019-02-21 18:18:52 - [MESSAGE][FAILED] - callTestCase(findTestCase("All TC/Arranged/2. Segment/2.6 Disbursement/DS - CHQ/DS - Pending Claim (CHQ)"), [:], STOP_ON_FAILURE) FAILED.
Reason:
com.kms.katalon.core.exception.StepFailedException: Unable to get text of object 'Object Repository/YongJun/Disbursement/Disbursement - CHQ/DS - Pending Claim (CHQ)/Page_PERKESO/Get Case ID' (Root cause: com.kms.katalon.core.webui.exception.WebElementNotFoundException: Web element with id: 'Object Repository/YongJun/Disbursement/Disbursement - CHQ/DS - Pending Claim (CHQ)/Page_PERKESO/Get Case ID' located by 'By.xpath: id("pendingClaimTableId")/tbody[1]/tr[@class="odd"]/td[2]' not found)
	at com.kms.katalon.core.keyword.internal.KeywordMain.stepFailed(KeywordMain.groovy:36)
	at com.kms.katalon.core.webui.keyword.internal.WebUIKeywordMain.stepFailed(WebUIKeywordMain.groovy:65)
	at com.kms.katalon.core.webui.keyword.internal.WebUIKeywordMain.runKeyword(WebUIKeywordMain.groovy:27)
	at com.kms.katalon.core.webui.keyword.builtin.GetTextKeyword.getText(GetTextKeyword.groovy:88)
	at com.kms.katalon.core.webui.keyword.builtin.GetTextKeyword.execute(GetTextKeyword.groovy:67)
	at com.kms.katalon.core.keyword.internal.KeywordExecutor.executeKeywordForPlatform(KeywordExecutor.groovy:53)
	at com.kms.katalon.core.webui.keyword.WebUiBuiltInKeywords.getText(WebUiBuiltInKeywords.groovy:888)
	at com.kms.katalon.core.webui.keyword.WebUiBuiltInKeywords$getText$9.call(Unknown Source)
	at DS - Pending Claim (CHQ).run(DS - Pending Claim (CHQ):32)
	at com.kms.katalon.core.main.ScriptEngine.run(ScriptEngine.java:194)
	at com.kms.katalon.core.main.ScriptEngine.runScriptAsRawText(ScriptEngine.java:119)
	at com.kms.katalon.core.main.TestCaseExecutor.runScript(TestCaseExecutor.java:328)
	at com.kms.katalon.core.main.TestCaseExecutor.doExecute(TestCaseExecutor.java:319)
	at com.kms.katalon.core.main.TestCaseExecutor.processExecutionPhase(TestCaseExecutor.java:298)
	at com.kms.katalon.core.main.TestCaseExecutor.accessMainPhase(TestCaseExecutor.java:290)
	at com.kms.katalon.core.main.TestCaseExecutor.execute(TestCaseExecutor.java:224)
	at com.kms.katalon.core.main.TestCaseMain.runTestCase(TestCaseMain.java:106)
	at com.kms.katalon.core.keyword.builtin.CallTestCaseKeyword$_callTestCase_closure1.doCall(CallTestCaseKeyword.groovy:59)
	at com.kms.katalon.core.keyword.builtin.CallTestCaseKeyword$_callTestCase_closure1.call(CallTestCaseKeyword.groovy)
	at com.kms.katalon.core.keyword.internal.KeywordMain.runKeyword(KeywordMain.groovy:54)
	at com.kms.katalon.core.keyword.builtin.CallTestCaseKeyword.callTestCase(CallTestCaseKeyword.groovy:80)
	at com.kms.katalon.core.keyword.builtin.CallTestCaseKeyword.execute(CallTestCaseKeyword.groovy:44)
	at com.kms.katalon.core.keyword.internal.KeywordExecutor.executeKeywordForPlatform(KeywordExecutor.groovy:53)
	at com.kms.katalon.core.keyword.BuiltinKeywords.callTestCase(BuiltinKeywords.groovy:334)
	at Disbursement end to end (CHQ Approved).run(Disbursement end to end (CHQ Approved):16)
	at com.kms.katalon.core.main.ScriptEngine.run(ScriptEngine.java:194)
	at com.kms.katalon.core.main.ScriptEngine.runScriptAsRawText(ScriptEngine.java:119)
	at com.kms.katalon.core.main.TestCaseExecutor.runScript(TestCaseExecutor.java:328)
	at com.kms.katalon.core.main.TestCaseExecutor.doExecute(TestCaseExecutor.java:319)
	at com.kms.katalon.core.main.TestCaseExecutor.processExecutionPhase(TestCaseExecutor.java:298)
	at com.kms.katalon.core.main.TestCaseExecutor.accessMainPhase(TestCaseExecutor.java:290)
	at com.kms.katalon.core.main.TestCaseExecutor.execute(TestCaseExecutor.java:224)
	at com.kms.katalon.core.main.TestSuiteExecutor.accessTestCaseMainPhase(TestSuiteExecutor.java:129)
	at com.kms.katalon.core.main.TestSuiteExecutor.accessTestSuiteMainPhase(TestSuiteExecutor.java:112)
	at com.kms.katalon.core.main.TestSuiteExecutor.execute(TestSuiteExecutor.java:81)
	at com.kms.katalon.core.main.TestCaseMain.startTestSuite(TestCaseMain.java:149)
	at com.kms.katalon.core.main.TestCaseMain$startTestSuite$0.call(Unknown Source)
	at TempTestSuite1550738418733.run(TempTestSuite1550738418733.groovy:36)]]></system-out>
         <system-err><![CDATA[2019-02-21 18:18:10 - [TEST_CASE][FAILED] - Test Cases/All TC/Arranged/0. Full Flow/Disbursement end to end (CHQ Approved): Test Cases/All TC/Arranged/0. Full Flow/Disbursement end to end (CHQ Approved) FAILED.
Reason:
com.kms.katalon.core.exception.StepFailedException: Unable to get text of object 'Object Repository/YongJun/Disbursement/Disbursement - CHQ/DS - Pending Claim (CHQ)/Page_PERKESO/Get Case ID' (Root cause: com.kms.katalon.core.webui.exception.WebElementNotFoundException: Web element with id: 'Object Repository/YongJun/Disbursement/Disbursement - CHQ/DS - Pending Claim (CHQ)/Page_PERKESO/Get Case ID' located by 'By.xpath: id("pendingClaimTableId")/tbody[1]/tr[@class="odd"]/td[2]' not found)
	at com.kms.katalon.core.keyword.internal.KeywordMain.stepFailed(KeywordMain.groovy:36)
	at com.kms.katalon.core.webui.keyword.internal.WebUIKeywordMain.stepFailed(WebUIKeywordMain.groovy:65)
	at com.kms.katalon.core.webui.keyword.internal.WebUIKeywordMain.runKeyword(WebUIKeywordMain.groovy:27)
	at com.kms.katalon.core.webui.keyword.builtin.GetTextKeyword.getText(GetTextKeyword.groovy:88)
	at com.kms.katalon.core.webui.keyword.builtin.GetTextKeyword.execute(GetTextKeyword.groovy:67)
	at com.kms.katalon.core.keyword.internal.KeywordExecutor.executeKeywordForPlatform(KeywordExecutor.groovy:53)
	at com.kms.katalon.core.webui.keyword.WebUiBuiltInKeywords.getText(WebUiBuiltInKeywords.groovy:888)
	at com.kms.katalon.core.webui.keyword.WebUiBuiltInKeywords$getText$9.call(Unknown Source)
	at DS - Pending Claim (CHQ).run(DS - Pending Claim (CHQ):32)
	at com.kms.katalon.core.main.ScriptEngine.run(ScriptEngine.java:194)
	at com.kms.katalon.core.main.ScriptEngine.runScriptAsRawText(ScriptEngine.java:119)
	at com.kms.katalon.core.main.TestCaseExecutor.runScript(TestCaseExecutor.java:328)
	at com.kms.katalon.core.main.TestCaseExecutor.doExecute(TestCaseExecutor.java:319)
	at com.kms.katalon.core.main.TestCaseExecutor.processExecutionPhase(TestCaseExecutor.java:298)
	at com.kms.katalon.core.main.TestCaseExecutor.accessMainPhase(TestCaseExecutor.java:290)
	at com.kms.katalon.core.main.TestCaseExecutor.execute(TestCaseExecutor.java:224)
	at com.kms.katalon.core.main.TestCaseMain.runTestCase(TestCaseMain.java:106)
	at com.kms.katalon.core.keyword.builtin.CallTestCaseKeyword$_callTestCase_closure1.doCall(CallTestCaseKeyword.groovy:59)
	at com.kms.katalon.core.keyword.builtin.CallTestCaseKeyword$_callTestCase_closure1.call(CallTestCaseKeyword.groovy)
	at com.kms.katalon.core.keyword.internal.KeywordMain.runKeyword(KeywordMain.groovy:54)
	at com.kms.katalon.core.keyword.builtin.CallTestCaseKeyword.callTestCase(CallTestCaseKeyword.groovy:80)
	at com.kms.katalon.core.keyword.builtin.CallTestCaseKeyword.execute(CallTestCaseKeyword.groovy:44)
	at com.kms.katalon.core.keyword.internal.KeywordExecutor.executeKeywordForPlatform(KeywordExecutor.groovy:53)
	at com.kms.katalon.core.keyword.BuiltinKeywords.callTestCase(BuiltinKeywords.groovy:334)
	at Disbursement end to end (CHQ Approved).run(Disbursement end to end (CHQ Approved):16)
	at com.kms.katalon.core.main.ScriptEngine.run(ScriptEngine.java:194)
	at com.kms.katalon.core.main.ScriptEngine.runScriptAsRawText(ScriptEngine.java:119)
	at com.kms.katalon.core.main.TestCaseExecutor.runScript(TestCaseExecutor.java:328)
	at com.kms.katalon.core.main.TestCaseExecutor.doExecute(TestCaseExecutor.java:319)
	at com.kms.katalon.core.main.TestCaseExecutor.processExecutionPhase(TestCaseExecutor.java:298)
	at com.kms.katalon.core.main.TestCaseExecutor.accessMainPhase(TestCaseExecutor.java:290)
	at com.kms.katalon.core.main.TestCaseExecutor.execute(TestCaseExecutor.java:224)
	at com.kms.katalon.core.main.TestSuiteExecutor.accessTestCaseMainPhase(TestSuiteExecutor.java:129)
	at com.kms.katalon.core.main.TestSuiteExecutor.accessTestSuiteMainPhase(TestSuiteExecutor.java:112)
	at com.kms.katalon.core.main.TestSuiteExecutor.execute(TestSuiteExecutor.java:81)
	at com.kms.katalon.core.main.TestCaseMain.startTestSuite(TestCaseMain.java:149)
	at com.kms.katalon.core.main.TestCaseMain$startTestSuite$0.call(Unknown Source)
	at TempTestSuite1550738418733.run(TempTestSuite1550738418733.groovy:36)]]></system-err>
      </testcase>
      <testcase name="Test Cases/All TC/Arranged/0. Full Flow/DA Report - Partial" classname="Test Cases/All TC/Arranged/0. Full Flow/DA Report - Partial" status="FAILED">
         <failure type="FAILED" message="Test Cases/All TC/Arranged/0. Full Flow/DA Report - Partial FAILED.
Reason:
com.kms.katalon.core.exception.StepFailedException: Unable to click on object 'Object Repository/KeatMun/OTC_Death Report/Page_PERKESO/4. Laporan Kematian Tab' (Root cause: com.kms.katalon.core.webui.exception.WebElementNotFoundException: Web element with id: 'Object Repository/KeatMun/OTC_Death Report/Page_PERKESO/4. Laporan Kematian Tab' located by 'By.xpath: //a[@href = '/eisportal/user/otc/deathReport/form1' and (text() = 'LAPORAN KEMATIAN' or . = 'LAPORAN KEMATIAN')]' not found)
	at com.kms.katalon.core.keyword.internal.KeywordMain.stepFailed(KeywordMain.groovy:36)
	at com.kms.katalon.core.webui.keyword.internal.WebUIKeywordMain.stepFailed(WebUIKeywordMain.groovy:65)
	at com.kms.katalon.core.webui.keyword.internal.WebUIKeywordMain.runKeyword(WebUIKeywordMain.groovy:27)
	at com.kms.katalon.core.webui.keyword.builtin.ClickKeyword.click(ClickKeyword.groovy:86)
	at com.kms.katalon.core.webui.keyword.builtin.ClickKeyword.execute(ClickKeyword.groovy:67)
	at com.kms.katalon.core.keyword.internal.KeywordExecutor.executeKeywordForPlatform(KeywordExecutor.groovy:53)
	at com.kms.katalon.core.webui.keyword.WebUiBuiltInKeywords.click(WebUiBuiltInKeywords.groovy:616)
	at com.kms.katalon.core.webui.keyword.WebUiBuiltInKeywords$click$3.call(Unknown Source)
	at OTC_Death Report.run(OTC_Death Report:34)
	at com.kms.katalon.core.main.ScriptEngine.run(ScriptEngine.java:194)
	at com.kms.katalon.core.main.ScriptEngine.runScriptAsRawText(ScriptEngine.java:119)
	at com.kms.katalon.core.main.TestCaseExecutor.runScript(TestCaseExecutor.java:328)
	at com.kms.katalon.core.main.TestCaseExecutor.doExecute(TestCaseExecutor.java:319)
	at com.kms.katalon.core.main.TestCaseExecutor.processExecutionPhase(TestCaseExecutor.java:298)
	at com.kms.katalon.core.main.TestCaseExecutor.accessMainPhase(TestCaseExecutor.java:290)
	at com.kms.katalon.core.main.TestCaseExecutor.execute(TestCaseExecutor.java:224)
	at com.kms.katalon.core.main.TestCaseMain.runTestCase(TestCaseMain.java:106)
	at com.kms.katalon.core.keyword.builtin.CallTestCaseKeyword$_callTestCase_closure1.doCall(CallTestCaseKeyword.groovy:59)
	at com.kms.katalon.core.keyword.builtin.CallTestCaseKeyword$_callTestCase_closure1.call(CallTestCaseKeyword.groovy)
	at com.kms.katalon.core.keyword.internal.KeywordMain.runKeyword(KeywordMain.groovy:54)
	at com.kms.katalon.core.keyword.builtin.CallTestCaseKeyword.callTestCase(CallTestCaseKeyword.groovy:80)
	at com.kms.katalon.core.keyword.builtin.CallTestCaseKeyword.execute(CallTestCaseKeyword.groovy:44)
	at com.kms.katalon.core.keyword.internal.KeywordExecutor.executeKeywordForPlatform(KeywordExecutor.groovy:53)
	at com.kms.katalon.core.keyword.BuiltinKeywords.callTestCase(BuiltinKeywords.groovy:334)
	at DA Report - Partial.run(DA Report - Partial:28)
	at com.kms.katalon.core.main.ScriptEngine.run(ScriptEngine.java:194)
	at com.kms.katalon.core.main.ScriptEngine.runScriptAsRawText(ScriptEngine.java:119)
	at com.kms.katalon.core.main.TestCaseExecutor.runScript(TestCaseExecutor.java:328)
	at com.kms.katalon.core.main.TestCaseExecutor.doExecute(TestCaseExecutor.java:319)
	at com.kms.katalon.core.main.TestCaseExecutor.processExecutionPhase(TestCaseExecutor.java:298)
	at com.kms.katalon.core.main.TestCaseExecutor.accessMainPhase(TestCaseExecutor.java:290)
	at com.kms.katalon.core.main.TestCaseExecutor.execute(TestCaseExecutor.java:224)
	at com.kms.katalon.core.main.TestSuiteExecutor.accessTestCaseMainPhase(TestSuiteExecutor.java:129)
	at com.kms.katalon.core.main.TestSuiteExecutor.accessTestSuiteMainPhase(TestSuiteExecutor.java:112)
	at com.kms.katalon.core.main.TestSuiteExecutor.execute(TestSuiteExecutor.java:81)
	at com.kms.katalon.core.main.TestCaseMain.startTestSuite(TestCaseMain.java:149)
	at com.kms.katalon.core.main.TestCaseMain$startTestSuite$0.call(Unknown Source)
	at TempTestSuite1550738418733.run(TempTestSuite1550738418733.groovy:36)
"/>
         <system-out><![CDATA[2019-02-21 18:18:53 - [TEST_CASE][FAILED] - Test Cases/All TC/Arranged/0. Full Flow/DA Report - Partial: Test Cases/All TC/Arranged/0. Full Flow/DA Report - Partial FAILED.
Reason:
com.kms.katalon.core.exception.StepFailedException: Unable to click on object 'Object Repository/KeatMun/OTC_Death Report/Page_PERKESO/4. Laporan Kematian Tab' (Root cause: com.kms.katalon.core.webui.exception.WebElementNotFoundException: Web element with id: 'Object Repository/KeatMun/OTC_Death Report/Page_PERKESO/4. Laporan Kematian Tab' located by 'By.xpath: //a[@href = '/eisportal/user/otc/deathReport/form1' and (text() = 'LAPORAN KEMATIAN' or . = 'LAPORAN KEMATIAN')]' not found)
	at com.kms.katalon.core.keyword.internal.KeywordMain.stepFailed(KeywordMain.groovy:36)
	at com.kms.katalon.core.webui.keyword.internal.WebUIKeywordMain.stepFailed(WebUIKeywordMain.groovy:65)
	at com.kms.katalon.core.webui.keyword.internal.WebUIKeywordMain.runKeyword(WebUIKeywordMain.groovy:27)
	at com.kms.katalon.core.webui.keyword.builtin.ClickKeyword.click(ClickKeyword.groovy:86)
	at com.kms.katalon.core.webui.keyword.builtin.ClickKeyword.execute(ClickKeyword.groovy:67)
	at com.kms.katalon.core.keyword.internal.KeywordExecutor.executeKeywordForPlatform(KeywordExecutor.groovy:53)
	at com.kms.katalon.core.webui.keyword.WebUiBuiltInKeywords.click(WebUiBuiltInKeywords.groovy:616)
	at com.kms.katalon.core.webui.keyword.WebUiBuiltInKeywords$click$3.call(Unknown Source)
	at OTC_Death Report.run(OTC_Death Report:34)
	at com.kms.katalon.core.main.ScriptEngine.run(ScriptEngine.java:194)
	at com.kms.katalon.core.main.ScriptEngine.runScriptAsRawText(ScriptEngine.java:119)
	at com.kms.katalon.core.main.TestCaseExecutor.runScript(TestCaseExecutor.java:328)
	at com.kms.katalon.core.main.TestCaseExecutor.doExecute(TestCaseExecutor.java:319)
	at com.kms.katalon.core.main.TestCaseExecutor.processExecutionPhase(TestCaseExecutor.java:298)
	at com.kms.katalon.core.main.TestCaseExecutor.accessMainPhase(TestCaseExecutor.java:290)
	at com.kms.katalon.core.main.TestCaseExecutor.execute(TestCaseExecutor.java:224)
	at com.kms.katalon.core.main.TestCaseMain.runTestCase(TestCaseMain.java:106)
	at com.kms.katalon.core.keyword.builtin.CallTestCaseKeyword$_callTestCase_closure1.doCall(CallTestCaseKeyword.groovy:59)
	at com.kms.katalon.core.keyword.builtin.CallTestCaseKeyword$_callTestCase_closure1.call(CallTestCaseKeyword.groovy)
	at com.kms.katalon.core.keyword.internal.KeywordMain.runKeyword(KeywordMain.groovy:54)
	at com.kms.katalon.core.keyword.builtin.CallTestCaseKeyword.callTestCase(CallTestCaseKeyword.groovy:80)
	at com.kms.katalon.core.keyword.builtin.CallTestCaseKeyword.execute(CallTestCaseKeyword.groovy:44)
	at com.kms.katalon.core.keyword.internal.KeywordExecutor.executeKeywordForPlatform(KeywordExecutor.groovy:53)
	at com.kms.katalon.core.keyword.BuiltinKeywords.callTestCase(BuiltinKeywords.groovy:334)
	at DA Report - Partial.run(DA Report - Partial:28)
	at com.kms.katalon.core.main.ScriptEngine.run(ScriptEngine.java:194)
	at com.kms.katalon.core.main.ScriptEngine.runScriptAsRawText(ScriptEngine.java:119)
	at com.kms.katalon.core.main.TestCaseExecutor.runScript(TestCaseExecutor.java:328)
	at com.kms.katalon.core.main.TestCaseExecutor.doExecute(TestCaseExecutor.java:319)
	at com.kms.katalon.core.main.TestCaseExecutor.processExecutionPhase(TestCaseExecutor.java:298)
	at com.kms.katalon.core.main.TestCaseExecutor.accessMainPhase(TestCaseExecutor.java:290)
	at com.kms.katalon.core.main.TestCaseExecutor.execute(TestCaseExecutor.java:224)
	at com.kms.katalon.core.main.TestSuiteExecutor.accessTestCaseMainPhase(TestSuiteExecutor.java:129)
	at com.kms.katalon.core.main.TestSuiteExecutor.accessTestSuiteMainPhase(TestSuiteExecutor.java:112)
	at com.kms.katalon.core.main.TestSuiteExecutor.execute(TestSuiteExecutor.java:81)
	at com.kms.katalon.core.main.TestCaseMain.startTestSuite(TestCaseMain.java:149)
	at com.kms.katalon.core.main.TestCaseMain$startTestSuite$0.call(Unknown Source)
	at TempTestSuite1550738418733.run(TempTestSuite1550738418733.groovy:36)


2019-02-21 18:18:53 - [TEST_STEP][PASSED] - callTestCase(findTestCase("All TC/Arranged/2. Segment/OTC_Submit Form 7_End to End - Cheque"), [:], STOP_ON_FAILURE): Call Test Case 'Test Cases/All TC/Arranged/2. Segment/OTC_Submit Form 7_End to End - Cheque' successfully

2019-02-21 18:18:53 - [TEST_CASE][PASSED] - Test Cases/All TC/Arranged/2. Segment/OTC_Submit Form 7_End to End - Cheque: Test Cases/All TC/Arranged/2. Segment/OTC_Submit Form 7_End to End - Cheque

2019-02-21 18:18:53 - [TEST_STEP][PASSED] - callTestCase(findTestCase("All TC/Arranged/3. Unit/EI/Form 7_default/OTC_Application_Reg"), [:], STOP_ON_FAILURE): Call Test Case 'Test Cases/All TC/Arranged/3. Unit/EI/Form 7_default/OTC_Application_Reg' successfully

2019-02-21 18:18:53 - [TEST_CASE][PASSED] - Test Cases/All TC/Arranged/3. Unit/EI/Form 7_default/OTC_Application_Reg: Test Cases/All TC/Arranged/3. Unit/EI/Form 7_default/OTC_Application_Reg

2019-02-21 18:18:53 - [TEST_STEP][PASSED] - openBrowser(""): Browser is opened with url: ''

2019-02-21 18:18:53 - [MESSAGE][WARNING] - A browser is already opened. Closing browser and opening a new one

2019-02-21 18:18:54 - [MESSAGE][INFO] - Starting 'Chrome' driver

2019-02-21 18:18:54 - [MESSAGE][INFO] - User set preference: ['args', '[--start-maximized]']

2019-02-21 18:18:56 - [MESSAGE][PASSED] - Browser is opened with url: ''

2019-02-21 18:18:56 - [TEST_STEP][PASSED] - navigateToUrl(Internal_Login): Navigate to 'http://10.20.24.188/eisportal/user/login' successfully

2019-02-21 18:18:57 - [MESSAGE][PASSED] - Navigate to 'http://10.20.24.188/eisportal/user/login' successfully

2019-02-21 18:18:57 - [TEST_STEP][PASSED] - delay(3): Delayed 3 second(s)

2019-02-21 18:19:00 - [MESSAGE][PASSED] - Delayed 3 second(s)

2019-02-21 18:19:00 - [TEST_STEP][PASSED] - setText(findTestObject("KeatMun/Form 7_default/OTC_Application_Reg/Page_PERKESO/1.username"), "faizal.hamid@perkeso.gov.my"): Text 'faizal.hamid@perkeso.gov.my' is set on object 'Object Repository/KeatMun/Form 7_default/OTC_Application_Reg/Page_PERKESO/1.username'

2019-02-21 18:19:00 - [MESSAGE][PASSED] - Text 'faizal.hamid@perkeso.gov.my' is set on object 'Object Repository/KeatMun/Form 7_default/OTC_Application_Reg/Page_PERKESO/1.username'

2019-02-21 18:19:00 - [TEST_STEP][PASSED] - delay(1): Delayed 1 second(s)

2019-02-21 18:19:01 - [MESSAGE][PASSED] - Delayed 1 second(s)

2019-02-21 18:19:01 - [TEST_STEP][PASSED] - setEncryptedText(findTestObject("KeatMun/Form 7_default/OTC_Application_Reg/Page_PERKESO/2.password"), "CQqwFZlbeC8="): Text ****** has been set on object 'Object Repository/KeatMun/Form 7_default/OTC_Application_Reg/Page_PERKESO/2.password'

2019-02-21 18:19:02 - [MESSAGE][PASSED] - Text ****** has been set on object 'Object Repository/KeatMun/Form 7_default/OTC_Application_Reg/Page_PERKESO/2.password'

2019-02-21 18:19:02 - [TEST_STEP][PASSED] - delay(2): Delayed 2 second(s)

2019-02-21 18:19:04 - [MESSAGE][PASSED] - Delayed 2 second(s)

2019-02-21 18:19:04 - [TEST_STEP][PASSED] - click(findTestObject("KeatMun/Form 7_default/OTC_Application_Reg/Page_PERKESO/3.login button")): Object: 'Object Repository/KeatMun/Form 7_default/OTC_Application_Reg/Page_PERKESO/3.login button' is clicked on

2019-02-21 18:19:05 - [MESSAGE][PASSED] - Object: 'Object Repository/KeatMun/Form 7_default/OTC_Application_Reg/Page_PERKESO/3.login button' is clicked on

2019-02-21 18:19:05 - [TEST_STEP][PASSED] - delay(2): Delayed 2 second(s)

2019-02-21 18:19:07 - [MESSAGE][PASSED] - Delayed 2 second(s)

2019-02-21 18:19:07 - [TEST_STEP][PASSED] - click(findTestObject("KeatMun/Form 7_default/OTC_Application_Reg/Page_PERKESO/4. Permohonan tab")): Object: 'Object Repository/KeatMun/Form 7_default/OTC_Application_Reg/Page_PERKESO/4. Permohonan tab' is clicked on

2019-02-21 18:19:07 - [MESSAGE][PASSED] - Object: 'Object Repository/KeatMun/Form 7_default/OTC_Application_Reg/Page_PERKESO/4. Permohonan tab' is clicked on

2019-02-21 18:19:07 - [TEST_STEP][PASSED] - delay(2): Delayed 2 second(s)

2019-02-21 18:19:09 - [MESSAGE][PASSED] - Delayed 2 second(s)

2019-02-21 18:19:09 - [TEST_STEP][PASSED] - click(findTestObject("KeatMun/Form 7_default/OTC_Application_Reg/Page_PERKESO/5.button_Setuju")): Object: 'Object Repository/KeatMun/Form 7_default/OTC_Application_Reg/Page_PERKESO/5.button_Setuju' is clicked on

2019-02-21 18:19:10 - [MESSAGE][PASSED] - Object: 'Object Repository/KeatMun/Form 7_default/OTC_Application_Reg/Page_PERKESO/5.button_Setuju' is clicked on

2019-02-21 18:19:10 - [TEST_STEP][PASSED] - delay(2): Delayed 2 second(s)

2019-02-21 18:19:12 - [MESSAGE][PASSED] - Delayed 2 second(s)

2019-02-21 18:19:12 - [TEST_STEP][PASSED] - callTestCase(findTestCase("All TC/Arranged/1. Common/IC List Checker"), [:], STOP_ON_FAILURE): Call Test Case 'Test Cases/All TC/Arranged/1. Common/IC List Checker' successfully

2019-02-21 18:19:12 - [TEST_CASE][PASSED] - Test Cases/All TC/Arranged/1. Common/IC List Checker: Test Cases/All TC/Arranged/1. Common/IC List Checker

2019-02-21 18:19:12 - [TEST_STEP][PASSED] - counter = 0: null

2019-02-21 18:19:12 - [TEST_STEP][PASSED] - fis = new java.io.FileInputStream((internal.GlobalVariable.TextFilePathCommon + \IC.xlsx)): null

2019-02-21 18:19:12 - [TEST_STEP][PASSED] - workbook = new org.apache.poi.xssf.usermodel.XSSFWorkbook(fis): null

2019-02-21 18:19:12 - [TEST_STEP][PASSED] - sheet = workbook.getSheet("Sheet1"): null

2019-02-21 18:19:12 - [TEST_STEP][PASSED] - totalRow = sheet.getLastRowNum(): null

2019-02-21 18:19:12 - [TEST_STEP][PASSED] - out.println(totalRow): null

2019-02-21 18:19:12 - [TEST_STEP][PASSED] - row = sheet.getRow(counter): null

2019-02-21 18:19:12 - [TEST_STEP][PASSED] - cell = row.getCell(counter): null

2019-02-21 18:19:12 - [TEST_STEP][PASSED] - a = cell.getStringCellValue(): null

2019-02-21 18:19:12 - [TEST_STEP][PASSED] - IC = a: null

2019-02-21 18:19:12 - [TEST_STEP][PASSED] - out.println(IC): null

2019-02-21 18:19:12 - [TEST_STEP][PASSED] - callTestCase(findTestCase("All TC/Arranged/1. Common/1.2 Setter/Setter IC"), [:], STOP_ON_FAILURE): Call Test Case 'Test Cases/All TC/Arranged/1. Common/1.2 Setter/Setter IC' successfully

2019-02-21 18:19:12 - [TEST_CASE][PASSED] - Test Cases/All TC/Arranged/1. Common/1.2 Setter/Setter IC: Test Cases/All TC/Arranged/1. Common/1.2 Setter/Setter IC

2019-02-21 18:19:12 - [TEST_STEP][PASSED] - RefNoOldFile = new java.io.File((internal.GlobalVariable.TextFilePathCommon + \getIC.txt)): null

2019-02-21 18:19:12 - [TEST_STEP][PASSED] - RefNoOldFile.delete(): null

2019-02-21 18:19:12 - [TEST_STEP][PASSED] - delay(5): Delayed 5 second(s)

2019-02-21 18:19:18 - [MESSAGE][PASSED] - Delayed 5 second(s)

2019-02-21 18:19:18 - [TEST_STEP][PASSED] - RefNo = new java.io.File((internal.GlobalVariable.TextFilePathCommon + \getIC.txt)): null

2019-02-21 18:19:18 - [TEST_STEP][PASSED] - f2 = new java.io.FileWriter(RefNo, false): null

2019-02-21 18:19:18 - [TEST_STEP][PASSED] - f2.write(IC): null

2019-02-21 18:19:18 - [TEST_STEP][PASSED] - f2.close(): null

2019-02-21 18:19:18 - [TEST_STEP][PASSED] - out.println("


" + IC + "


"): null

2019-02-21 18:19:18 - [MESSAGE][PASSED] - Call Test Case 'Test Cases/All TC/Arranged/1. Common/1.2 Setter/Setter IC' successfully

2019-02-21 18:19:18 - [MESSAGE][PASSED] - Call Test Case 'Test Cases/All TC/Arranged/1. Common/IC List Checker' successfully

2019-02-21 18:19:18 - [TEST_STEP][PASSED] - setText(findTestObject("KeatMun/Form 7_default/OTC_Application_Reg/Page_PERKESO/6.No. Kad Pengenalan"), IC): Text '840726145922' is set on object 'Object Repository/KeatMun/Form 7_default/OTC_Application_Reg/Page_PERKESO/6.No. Kad Pengenalan'

2019-02-21 18:19:18 - [MESSAGE][PASSED] - Text '840726145922' is set on object 'Object Repository/KeatMun/Form 7_default/OTC_Application_Reg/Page_PERKESO/6.No. Kad Pengenalan'

2019-02-21 18:19:18 - [TEST_STEP][PASSED] - delay(2): Delayed 2 second(s)

2019-02-21 18:19:20 - [MESSAGE][PASSED] - Delayed 2 second(s)

2019-02-21 18:19:20 - [TEST_STEP][PASSED] - click(findTestObject("KeatMun/Form 7_default/OTC_Application_Reg/Page_PERKESO/7.button_Semak")): Object: 'Object Repository/KeatMun/Form 7_default/OTC_Application_Reg/Page_PERKESO/7.button_Semak' is clicked on

2019-02-21 18:19:20 - [MESSAGE][PASSED] - Object: 'Object Repository/KeatMun/Form 7_default/OTC_Application_Reg/Page_PERKESO/7.button_Semak' is clicked on

2019-02-21 18:19:20 - [TEST_STEP][PASSED] - delay(4): Delayed 4 second(s)

2019-02-21 18:19:24 - [MESSAGE][PASSED] - Delayed 4 second(s)

2019-02-21 18:19:24 - [TEST_STEP][PASSED] - click(findTestObject("KeatMun/Form 7_default/OTC_Application_Reg/Page_PERKESO/8. Nama Majikan Dropdown")): Object: 'Object Repository/KeatMun/Form 7_default/OTC_Application_Reg/Page_PERKESO/8. Nama Majikan Dropdown' is clicked on

2019-02-21 18:19:24 - [MESSAGE][PASSED] - Object: 'Object Repository/KeatMun/Form 7_default/OTC_Application_Reg/Page_PERKESO/8. Nama Majikan Dropdown' is clicked on

2019-02-21 18:19:24 - [TEST_STEP][PASSED] - setText(findTestObject("KeatMun/Form 7_default/OTC_Application_Reg/Page_PERKESO/8. LOE emp"), "pet"): Text 'pet' is set on object 'Object Repository/KeatMun/Form 7_default/OTC_Application_Reg/Page_PERKESO/8. LOE emp'

2019-02-21 18:19:24 - [MESSAGE][PASSED] - Text 'pet' is set on object 'Object Repository/KeatMun/Form 7_default/OTC_Application_Reg/Page_PERKESO/8. LOE emp'

2019-02-21 18:19:24 - [TEST_STEP][PASSED] - click(findTestObject("KeatMun/Form 7_default/OTC_Application_Reg/Page_PERKESO/8. PETRONAS")): Object: 'Object Repository/KeatMun/Form 7_default/OTC_Application_Reg/Page_PERKESO/8. PETRONAS' is clicked on

2019-02-21 18:19:25 - [MESSAGE][PASSED] - Object: 'Object Repository/KeatMun/Form 7_default/OTC_Application_Reg/Page_PERKESO/8. PETRONAS' is clicked on

2019-02-21 18:19:25 - [TEST_STEP][PASSED] - delay(2): Delayed 2 second(s)

2019-02-21 18:19:27 - [MESSAGE][PASSED] - Delayed 2 second(s)

2019-02-21 18:19:27 - [TEST_STEP][PASSED] - TodayDate = new java.util.Date(): null

2019-02-21 18:19:27 - [TEST_STEP][PASSED] - CurrentDateNoFilter = new java.text.SimpleDateFormat(): null

2019-02-21 18:19:27 - [TEST_STEP][PASSED] - CurrentDateNoFilter.applyPattern("dd/MM/yyyy"): null

2019-02-21 18:19:27 - [TEST_STEP][PASSED] - CurrentDate = CurrentDateNoFilter.format(TodayDate): null

2019-02-21 18:19:27 - [TEST_STEP][PASSED] - out.println(CurrentDate): null

2019-02-21 18:19:27 - [TEST_STEP][PASSED] - date = CurrentDate: null

2019-02-21 18:19:27 - [TEST_STEP][PASSED] - setText(findTestObject("KeatMun/Form 7_default/OTC_Application_Reg/Page_PERKESO/9.Tarikh kehilangan pkj"), date): Text '21/02/2019' is set on object 'Object Repository/KeatMun/Form 7_default/OTC_Application_Reg/Page_PERKESO/9.Tarikh kehilangan pkj'

2019-02-21 18:19:27 - [MESSAGE][PASSED] - Text '21/02/2019' is set on object 'Object Repository/KeatMun/Form 7_default/OTC_Application_Reg/Page_PERKESO/9.Tarikh kehilangan pkj'

2019-02-21 18:19:27 - [TEST_STEP][PASSED] - delay(2): Delayed 2 second(s)

2019-02-21 18:19:29 - [MESSAGE][PASSED] - Delayed 2 second(s)

2019-02-21 18:19:29 - [TEST_STEP][PASSED] - click(findTestObject("KeatMun/Form 7_default/OTC_Application_Reg/Page_PERKESO/9. Date Picker Done Button ")): Object: 'Object Repository/KeatMun/Form 7_default/OTC_Application_Reg/Page_PERKESO/9. Date Picker Done Button ' is clicked on

2019-02-21 18:19:29 - [MESSAGE][PASSED] - Object: 'Object Repository/KeatMun/Form 7_default/OTC_Application_Reg/Page_PERKESO/9. Date Picker Done Button ' is clicked on

2019-02-21 18:19:29 - [TEST_STEP][PASSED] - delay(2): Delayed 2 second(s)

2019-02-21 18:19:31 - [MESSAGE][PASSED] - Delayed 2 second(s)

2019-02-21 18:19:31 - [TEST_STEP][PASSED] - click(findTestObject("KeatMun/Form 7_default/OTC_Application_Reg/Page_PERKESO/10.button_Mohon")): Object: 'Object Repository/KeatMun/Form 7_default/OTC_Application_Reg/Page_PERKESO/10.button_Mohon' is clicked on

2019-02-21 18:19:31 - [MESSAGE][PASSED] - Object: 'Object Repository/KeatMun/Form 7_default/OTC_Application_Reg/Page_PERKESO/10.button_Mohon' is clicked on

2019-02-21 18:19:31 - [TEST_STEP][PASSED] - delay(2): Delayed 2 second(s)

2019-02-21 18:19:33 - [MESSAGE][PASSED] - Delayed 2 second(s)

2019-02-21 18:19:33 - [TEST_STEP][PASSED] - setText(findTestObject("KeatMun/Form 7_default/OTC_Application_Reg/Page_PERKESO/11.Tarikh Terima_stampedDtS"), "10/01/2019"): Text '10/01/2019' is set on object 'Object Repository/KeatMun/Form 7_default/OTC_Application_Reg/Page_PERKESO/11.Tarikh Terima_stampedDtS'

2019-02-21 18:19:33 - [MESSAGE][PASSED] - Text '10/01/2019' is set on object 'Object Repository/KeatMun/Form 7_default/OTC_Application_Reg/Page_PERKESO/11.Tarikh Terima_stampedDtS'

2019-02-21 18:19:33 - [TEST_STEP][PASSED] - delay(2): Delayed 2 second(s)

2019-02-21 18:19:35 - [MESSAGE][PASSED] - Delayed 2 second(s)

2019-02-21 18:19:35 - [TEST_STEP][PASSED] - click(findTestObject("KeatMun/Form 7_default/OTC_Application_Reg/Page_PERKESO/11. Date Picker Done Button")): Object: 'Object Repository/KeatMun/Form 7_default/OTC_Application_Reg/Page_PERKESO/11. Date Picker Done Button' is clicked on

2019-02-21 18:19:36 - [MESSAGE][PASSED] - Object: 'Object Repository/KeatMun/Form 7_default/OTC_Application_Reg/Page_PERKESO/11. Date Picker Done Button' is clicked on

2019-02-21 18:19:36 - [TEST_STEP][PASSED] - delay(2): Delayed 2 second(s)

2019-02-21 18:19:38 - [MESSAGE][PASSED] - Delayed 2 second(s)

2019-02-21 18:19:38 - [TEST_STEP][PASSED] - click(findTestObject("KeatMun/Form 7_default/OTC_Application_Reg/Page_PERKESO/11.button_TERUSKAN")): Object: 'Object Repository/KeatMun/Form 7_default/OTC_Application_Reg/Page_PERKESO/11.button_TERUSKAN' is clicked on

2019-02-21 18:19:38 - [MESSAGE][PASSED] - Object: 'Object Repository/KeatMun/Form 7_default/OTC_Application_Reg/Page_PERKESO/11.button_TERUSKAN' is clicked on

2019-02-21 18:19:38 - [TEST_STEP][PASSED] - delay(2): Delayed 2 second(s)

2019-02-21 18:19:40 - [MESSAGE][PASSED] - Delayed 2 second(s)

2019-02-21 18:19:40 - [TEST_STEP][PASSED] - selectOptionByValue(findTestObject("KeatMun/Form 7_default/OTC_Application_Reg/Page_PERKESO/12.--Sila Pilih--PejabatPKS"), "22", true): All options with value '22' are selected in object 'Object Repository/KeatMun/Form 7_default/OTC_Application_Reg/Page_PERKESO/12.--Sila Pilih--PejabatPKS'  using regular expression

2019-02-21 18:19:41 - [MESSAGE][PASSED] - All options with value '22' are selected in object 'Object Repository/KeatMun/Form 7_default/OTC_Application_Reg/Page_PERKESO/12.--Sila Pilih--PejabatPKS'  using regular expression

2019-02-21 18:19:41 - [TEST_STEP][PASSED] - delay(2): Delayed 2 second(s)

2019-02-21 18:19:43 - [MESSAGE][PASSED] - Delayed 2 second(s)

2019-02-21 18:19:43 - [TEST_STEP][PASSED] - click(findTestObject("KeatMun/Form 7_default/OTC_Application_Reg/Page_PERKESO/13. Halaman Seterusnya")): Object: 'Object Repository/KeatMun/Form 7_default/OTC_Application_Reg/Page_PERKESO/13. Halaman Seterusnya' is clicked on

2019-02-21 18:19:43 - [MESSAGE][PASSED] - Object: 'Object Repository/KeatMun/Form 7_default/OTC_Application_Reg/Page_PERKESO/13. Halaman Seterusnya' is clicked on

2019-02-21 18:19:43 - [MESSAGE][PASSED] - Call Test Case 'Test Cases/All TC/Arranged/3. Unit/EI/Form 7_default/OTC_Application_Reg' successfully

2019-02-21 18:19:43 - [TEST_STEP][PASSED] - callTestCase(findTestCase("All TC/Arranged/3. Unit/EI/Form 7_default/OTC_Submit Form 7_Section A"), [:], STOP_ON_FAILURE): Call Test Case 'Test Cases/All TC/Arranged/3. Unit/EI/Form 7_default/OTC_Submit Form 7_Section A' successfully

2019-02-21 18:19:43 - [TEST_CASE][PASSED] - Test Cases/All TC/Arranged/3. Unit/EI/Form 7_default/OTC_Submit Form 7_Section A: Test Cases/All TC/Arranged/3. Unit/EI/Form 7_default/OTC_Submit Form 7_Section A

2019-02-21 18:19:43 - [TEST_STEP][PASSED] - delay(2): Delayed 2 second(s)

2019-02-21 18:19:45 - [MESSAGE][PASSED] - Delayed 2 second(s)

2019-02-21 18:19:45 - [TEST_STEP][PASSED] - setText(findTestObject("KeatMun/Form 7_default/OTC_Submit Form 7_Section A/Page_PERKESO/A4. EmployeeDob"), "10/01/2019"): Text '10/01/2019' is set on object 'Object Repository/KeatMun/Form 7_default/OTC_Submit Form 7_Section A/Page_PERKESO/A4. EmployeeDob'

2019-02-21 18:19:45 - [MESSAGE][PASSED] - Text '10/01/2019' is set on object 'Object Repository/KeatMun/Form 7_default/OTC_Submit Form 7_Section A/Page_PERKESO/A4. EmployeeDob'

2019-02-21 18:19:45 - [TEST_STEP][PASSED] - delay(2): Delayed 2 second(s)

2019-02-21 18:19:47 - [MESSAGE][PASSED] - Delayed 2 second(s)

2019-02-21 18:19:47 - [TEST_STEP][PASSED] - click(findTestObject("KeatMun/Form 7_default/OTC_Submit Form 7_Section A/Page_PERKESO/A5. Bangsa")): Object: 'Object Repository/KeatMun/Form 7_default/OTC_Submit Form 7_Section A/Page_PERKESO/A5. Bangsa' is clicked on

2019-02-21 18:19:48 - [MESSAGE][PASSED] - Object: 'Object Repository/KeatMun/Form 7_default/OTC_Submit Form 7_Section A/Page_PERKESO/A5. Bangsa' is clicked on

2019-02-21 18:19:48 - [TEST_STEP][PASSED] - click(findTestObject("KeatMun/Form 7_default/OTC_Submit Form 7_Section A/Page_PERKESO/A5. Bumiputera Sabah")): Object: 'Object Repository/KeatMun/Form 7_default/OTC_Submit Form 7_Section A/Page_PERKESO/A5. Bumiputera Sabah' is clicked on

2019-02-21 18:19:48 - [MESSAGE][PASSED] - Object: 'Object Repository/KeatMun/Form 7_default/OTC_Submit Form 7_Section A/Page_PERKESO/A5. Bumiputera Sabah' is clicked on

2019-02-21 18:19:48 - [TEST_STEP][PASSED] - delay(2): Delayed 2 second(s)

2019-02-21 18:19:50 - [MESSAGE][PASSED] - Delayed 2 second(s)

2019-02-21 18:19:50 - [TEST_STEP][PASSED] - click(findTestObject("KeatMun/Form 7_default/OTC_Submit Form 7_Section A/Page_PERKESO/A6. Jantina")): Object: 'Object Repository/KeatMun/Form 7_default/OTC_Submit Form 7_Section A/Page_PERKESO/A6. Jantina' is clicked on

2019-02-21 18:19:50 - [MESSAGE][PASSED] - Object: 'Object Repository/KeatMun/Form 7_default/OTC_Submit Form 7_Section A/Page_PERKESO/A6. Jantina' is clicked on

2019-02-21 18:19:50 - [TEST_STEP][PASSED] - click(findTestObject("KeatMun/Form 7_default/OTC_Submit Form 7_Section A/Page_PERKESO/A6. Lelaki")): Object: 'Object Repository/KeatMun/Form 7_default/OTC_Submit Form 7_Section A/Page_PERKESO/A6. Lelaki' is clicked on

2019-02-21 18:19:50 - [MESSAGE][PASSED] - Object: 'Object Repository/KeatMun/Form 7_default/OTC_Submit Form 7_Section A/Page_PERKESO/A6. Lelaki' is clicked on

2019-02-21 18:19:50 - [TEST_STEP][PASSED] - delay(2): Delayed 2 second(s)

2019-02-21 18:19:52 - [MESSAGE][PASSED] - Delayed 2 second(s)

2019-02-21 18:19:52 - [TEST_STEP][PASSED] - click(findTestObject("KeatMun/Form 7_default/OTC_Submit Form 7_Section A/Page_PERKESO/A7. Kewarganegaraan")): Object: 'Object Repository/KeatMun/Form 7_default/OTC_Submit Form 7_Section A/Page_PERKESO/A7. Kewarganegaraan' is clicked on

2019-02-21 18:19:52 - [MESSAGE][PASSED] - Object: 'Object Repository/KeatMun/Form 7_default/OTC_Submit Form 7_Section A/Page_PERKESO/A7. Kewarganegaraan' is clicked on

2019-02-21 18:19:52 - [TEST_STEP][PASSED] - click(findTestObject("KeatMun/Form 7_default/OTC_Submit Form 7_Section A/Page_PERKESO/A7. Malaysia")): Object: 'Object Repository/KeatMun/Form 7_default/OTC_Submit Form 7_Section A/Page_PERKESO/A7. Malaysia' is clicked on

2019-02-21 18:19:52 - [MESSAGE][PASSED] - Object: 'Object Repository/KeatMun/Form 7_default/OTC_Submit Form 7_Section A/Page_PERKESO/A7. Malaysia' is clicked on

2019-02-21 18:19:52 - [TEST_STEP][PASSED] - delay(2): Delayed 2 second(s)

2019-02-21 18:19:54 - [MESSAGE][PASSED] - Delayed 2 second(s)

2019-02-21 18:19:54 - [TEST_STEP][PASSED] - click(findTestObject("KeatMun/Form 7_default/OTC_Submit Form 7_Section A/Page_PERKESO/A8. Status Perkahwinan")): Object: 'Object Repository/KeatMun/Form 7_default/OTC_Submit Form 7_Section A/Page_PERKESO/A8. Status Perkahwinan' is clicked on

2019-02-21 18:19:54 - [MESSAGE][PASSED] - Object: 'Object Repository/KeatMun/Form 7_default/OTC_Submit Form 7_Section A/Page_PERKESO/A8. Status Perkahwinan' is clicked on

2019-02-21 18:19:54 - [TEST_STEP][PASSED] - click(findTestObject("KeatMun/Form 7_default/OTC_Submit Form 7_Section A/Page_PERKESO/A8. Bujang")): Object: 'Object Repository/KeatMun/Form 7_default/OTC_Submit Form 7_Section A/Page_PERKESO/A8. Bujang' is clicked on

2019-02-21 18:19:55 - [MESSAGE][PASSED] - Object: 'Object Repository/KeatMun/Form 7_default/OTC_Submit Form 7_Section A/Page_PERKESO/A8. Bujang' is clicked on

2019-02-21 18:19:55 - [TEST_STEP][PASSED] - delay(2): Delayed 2 second(s)

2019-02-21 18:19:57 - [MESSAGE][PASSED] - Delayed 2 second(s)

2019-02-21 18:19:57 - [TEST_STEP][PASSED] - setText(findTestObject("KeatMun/Form 7_default/OTC_Submit Form 7_Section A/Page_PERKESO/A9. Address1"), "qwertyuiop"): Text 'qwertyuiop' is set on object 'Object Repository/KeatMun/Form 7_default/OTC_Submit Form 7_Section A/Page_PERKESO/A9. Address1'

2019-02-21 18:19:57 - [MESSAGE][PASSED] - Text 'qwertyuiop' is set on object 'Object Repository/KeatMun/Form 7_default/OTC_Submit Form 7_Section A/Page_PERKESO/A9. Address1'

2019-02-21 18:19:57 - [TEST_STEP][PASSED] - delay(2): Delayed 2 second(s)

2019-02-21 18:19:59 - [MESSAGE][PASSED] - Delayed 2 second(s)

2019-02-21 18:19:59 - [TEST_STEP][PASSED] - click(findTestObject("KeatMun/Form 7_default/OTC_Submit Form 7_Section A/Page_PERKESO/A10. Negeri")): Object: 'Object Repository/KeatMun/Form 7_default/OTC_Submit Form 7_Section A/Page_PERKESO/A10. Negeri' is clicked on

2019-02-21 18:19:59 - [MESSAGE][PASSED] - Object: 'Object Repository/KeatMun/Form 7_default/OTC_Submit Form 7_Section A/Page_PERKESO/A10. Negeri' is clicked on

2019-02-21 18:19:59 - [TEST_STEP][PASSED] - click(findTestObject("KeatMun/Form 7_default/OTC_Submit Form 7_Section A/Page_PERKESO/A10. JOHOR")): Object: 'Object Repository/KeatMun/Form 7_default/OTC_Submit Form 7_Section A/Page_PERKESO/A10. JOHOR' is clicked on

2019-02-21 18:19:59 - [MESSAGE][PASSED] - Object: 'Object Repository/KeatMun/Form 7_default/OTC_Submit Form 7_Section A/Page_PERKESO/A10. JOHOR' is clicked on

2019-02-21 18:19:59 - [TEST_STEP][PASSED] - delay(2): Delayed 2 second(s)

2019-02-21 18:20:01 - [MESSAGE][PASSED] - Delayed 2 second(s)

2019-02-21 18:20:01 - [TEST_STEP][PASSED] - click(findTestObject("KeatMun/Form 7_default/OTC_Submit Form 7_Section A/Page_PERKESO/A11. --Sila Pilih--")): Object: 'Object Repository/KeatMun/Form 7_default/OTC_Submit Form 7_Section A/Page_PERKESO/A11. --Sila Pilih--' is clicked on

2019-02-21 18:20:01 - [MESSAGE][PASSED] - Object: 'Object Repository/KeatMun/Form 7_default/OTC_Submit Form 7_Section A/Page_PERKESO/A11. --Sila Pilih--' is clicked on

2019-02-21 18:20:01 - [TEST_STEP][PASSED] - setText(findTestObject("KeatMun/Form 7_default/OTC_Submit Form 7_Section A/Page_PERKESO/A11. Done_select2-search__fie (1)"), "jo"): Text 'jo' is set on object 'Object Repository/KeatMun/Form 7_default/OTC_Submit Form 7_Section A/Page_PERKESO/A11. Done_select2-search__fie (1)'

2019-02-21 18:20:02 - [MESSAGE][PASSED] - Text 'jo' is set on object 'Object Repository/KeatMun/Form 7_default/OTC_Submit Form 7_Section A/Page_PERKESO/A11. Done_select2-search__fie (1)'

2019-02-21 18:20:02 - [TEST_STEP][PASSED] - setText(findTestObject("KeatMun/Form 7_default/OTC_Submit Form 7_Section A/Page_PERKESO/A11. concat(id(  select2-city"), "jo"): Text 'jo' is set on object 'Object Repository/KeatMun/Form 7_default/OTC_Submit Form 7_Section A/Page_PERKESO/A11. concat(id(  select2-city'

2019-02-21 18:20:02 - [MESSAGE][PASSED] - Text 'jo' is set on object 'Object Repository/KeatMun/Form 7_default/OTC_Submit Form 7_Section A/Page_PERKESO/A11. concat(id(  select2-city'

2019-02-21 18:20:02 - [TEST_STEP][PASSED] - click(findTestObject("KeatMun/Form 7_default/OTC_Submit Form 7_Section A/Page_PERKESO/A11. JOHOR BAHRU")): Object: 'Object Repository/KeatMun/Form 7_default/OTC_Submit Form 7_Section A/Page_PERKESO/A11. JOHOR BAHRU' is clicked on

2019-02-21 18:20:02 - [MESSAGE][PASSED] - Object: 'Object Repository/KeatMun/Form 7_default/OTC_Submit Form 7_Section A/Page_PERKESO/A11. JOHOR BAHRU' is clicked on

2019-02-21 18:20:02 - [TEST_STEP][PASSED] - delay(2): Delayed 2 second(s)

2019-02-21 18:20:04 - [MESSAGE][PASSED] - Delayed 2 second(s)

2019-02-21 18:20:04 - [TEST_STEP][PASSED] - click(findTestObject("KeatMun/Form 7_default/OTC_Submit Form 7_Section A/Page_PERKESO/A12. --Sila Isikan--")): Object: 'Object Repository/KeatMun/Form 7_default/OTC_Submit Form 7_Section A/Page_PERKESO/A12. --Sila Isikan--' is clicked on

2019-02-21 18:20:04 - [MESSAGE][PASSED] - Object: 'Object Repository/KeatMun/Form 7_default/OTC_Submit Form 7_Section A/Page_PERKESO/A12. --Sila Isikan--' is clicked on

2019-02-21 18:20:04 - [TEST_STEP][PASSED] - setText(findTestObject("KeatMun/Form 7_default/OTC_Submit Form 7_Section A/Page_PERKESO/A11. Done_select2-search__fie"), "84"): Text '84' is set on object 'Object Repository/KeatMun/Form 7_default/OTC_Submit Form 7_Section A/Page_PERKESO/A11. Done_select2-search__fie'

2019-02-21 18:20:04 - [MESSAGE][PASSED] - Text '84' is set on object 'Object Repository/KeatMun/Form 7_default/OTC_Submit Form 7_Section A/Page_PERKESO/A11. Done_select2-search__fie'

2019-02-21 18:20:04 - [TEST_STEP][PASSED] - click(findTestObject("KeatMun/Form 7_default/OTC_Submit Form 7_Section A/Page_PERKESO/A12. 84000")): Object: 'Object Repository/KeatMun/Form 7_default/OTC_Submit Form 7_Section A/Page_PERKESO/A12. 84000' is clicked on

2019-02-21 18:20:04 - [MESSAGE][PASSED] - Object: 'Object Repository/KeatMun/Form 7_default/OTC_Submit Form 7_Section A/Page_PERKESO/A12. 84000' is clicked on

2019-02-21 18:20:04 - [TEST_STEP][PASSED] - delay(2): Delayed 2 second(s)

2019-02-21 18:20:06 - [MESSAGE][PASSED] - Delayed 2 second(s)

2019-02-21 18:20:06 - [TEST_STEP][PASSED] - setText(findTestObject("KeatMun/Form 7_default/OTC_Submit Form 7_Section A/Page_PERKESO/A13. mobileContact1"), "1234567890"): Text '1234567890' is set on object 'Object Repository/KeatMun/Form 7_default/OTC_Submit Form 7_Section A/Page_PERKESO/A13. mobileContact1'

2019-02-21 18:20:07 - [MESSAGE][PASSED] - Text '1234567890' is set on object 'Object Repository/KeatMun/Form 7_default/OTC_Submit Form 7_Section A/Page_PERKESO/A13. mobileContact1'

2019-02-21 18:20:07 - [TEST_STEP][PASSED] - delay(2): Delayed 2 second(s)

2019-02-21 18:20:09 - [MESSAGE][PASSED] - Delayed 2 second(s)

2019-02-21 18:20:09 - [TEST_STEP][PASSED] - click(findTestObject("KeatMun/Form 7_default/OTC_Submit Form 7_Section A/Page_PERKESO/A14. Halaman Seterusnya")): Object: 'Object Repository/KeatMun/Form 7_default/OTC_Submit Form 7_Section A/Page_PERKESO/A14. Halaman Seterusnya' is clicked on

2019-02-21 18:20:09 - [MESSAGE][PASSED] - Object: 'Object Repository/KeatMun/Form 7_default/OTC_Submit Form 7_Section A/Page_PERKESO/A14. Halaman Seterusnya' is clicked on

2019-02-21 18:20:09 - [TEST_STEP][PASSED] - delay(2): Delayed 2 second(s)

2019-02-21 18:20:11 - [MESSAGE][PASSED] - Delayed 2 second(s)

2019-02-21 18:20:11 - [MESSAGE][PASSED] - Call Test Case 'Test Cases/All TC/Arranged/3. Unit/EI/Form 7_default/OTC_Submit Form 7_Section A' successfully

2019-02-21 18:20:11 - [TEST_STEP][PASSED] - callTestCase(findTestCase("All TC/Arranged/3. Unit/EI/Form 7_default/OTC_Submit Form 7_Section B"), [:], STOP_ON_FAILURE): Call Test Case 'Test Cases/All TC/Arranged/3. Unit/EI/Form 7_default/OTC_Submit Form 7_Section B' successfully

2019-02-21 18:20:11 - [TEST_CASE][PASSED] - Test Cases/All TC/Arranged/3. Unit/EI/Form 7_default/OTC_Submit Form 7_Section B: Test Cases/All TC/Arranged/3. Unit/EI/Form 7_default/OTC_Submit Form 7_Section B

2019-02-21 18:20:11 - [TEST_STEP][PASSED] - delay(3): Delayed 3 second(s)

2019-02-21 18:20:14 - [MESSAGE][PASSED] - Delayed 3 second(s)

2019-02-21 18:20:14 - [TEST_STEP][PASSED] - click(findTestObject("KeatMun/Form 7_default/OTC_Submit Form 7_Section B/Page_PERKESO/B1. Jawatan")): Object: 'Object Repository/KeatMun/Form 7_default/OTC_Submit Form 7_Section B/Page_PERKESO/B1. Jawatan' is clicked on

2019-02-21 18:20:14 - [MESSAGE][PASSED] - Object: 'Object Repository/KeatMun/Form 7_default/OTC_Submit Form 7_Section B/Page_PERKESO/B1. Jawatan' is clicked on

2019-02-21 18:20:14 - [TEST_STEP][PASSED] - setText(findTestObject("KeatMun/Form 7_default/OTC_Submit Form 7_Section B/Page_PERKESO/B1. concat(id(  select2-posi"), "re"): Text 're' is set on object 'Object Repository/KeatMun/Form 7_default/OTC_Submit Form 7_Section B/Page_PERKESO/B1. concat(id(  select2-posi'

2019-02-21 18:20:14 - [MESSAGE][PASSED] - Text 're' is set on object 'Object Repository/KeatMun/Form 7_default/OTC_Submit Form 7_Section B/Page_PERKESO/B1. concat(id(  select2-posi'

2019-02-21 18:20:14 - [TEST_STEP][PASSED] - setText(findTestObject("KeatMun/Form 7_default/OTC_Submit Form 7_Section B/Page_PERKESO/B1. Done_select2-search__fie"), "re"): Text 're' is set on object 'Object Repository/KeatMun/Form 7_default/OTC_Submit Form 7_Section B/Page_PERKESO/B1. Done_select2-search__fie'

2019-02-21 18:20:14 - [MESSAGE][PASSED] - Text 're' is set on object 'Object Repository/KeatMun/Form 7_default/OTC_Submit Form 7_Section B/Page_PERKESO/B1. Done_select2-search__fie'

2019-02-21 18:20:15 - [TEST_STEP][PASSED] - click(findTestObject("KeatMun/Form 7_default/OTC_Submit Form 7_Section B/Page_PERKESO/B1. Arkitek Reka Bentuk")): Object: 'Object Repository/KeatMun/Form 7_default/OTC_Submit Form 7_Section B/Page_PERKESO/B1. Arkitek Reka Bentuk' is clicked on

2019-02-21 18:20:15 - [MESSAGE][PASSED] - Object: 'Object Repository/KeatMun/Form 7_default/OTC_Submit Form 7_Section B/Page_PERKESO/B1. Arkitek Reka Bentuk' is clicked on

2019-02-21 18:20:15 - [TEST_STEP][PASSED] - delay(2): Delayed 2 second(s)

2019-02-21 18:20:17 - [MESSAGE][PASSED] - Delayed 2 second(s)

2019-02-21 18:20:17 - [TEST_STEP][PASSED] - setText(findTestObject("KeatMun/Form 7_default/OTC_Submit Form 7_Section B/Page_PERKESO/B2. lastEmploymentStartDtSt"), "10/01/2019"): Text '10/01/2019' is set on object 'Object Repository/KeatMun/Form 7_default/OTC_Submit Form 7_Section B/Page_PERKESO/B2. lastEmploymentStartDtSt'

2019-02-21 18:20:17 - [MESSAGE][PASSED] - Text '10/01/2019' is set on object 'Object Repository/KeatMun/Form 7_default/OTC_Submit Form 7_Section B/Page_PERKESO/B2. lastEmploymentStartDtSt'

2019-02-21 18:20:17 - [TEST_STEP][PASSED] - delay(2): Delayed 2 second(s)

2019-02-21 18:20:19 - [MESSAGE][PASSED] - Delayed 2 second(s)

2019-02-21 18:20:19 - [TEST_STEP][PASSED] - click(findTestObject("KeatMun/Form 7_default/OTC_Submit Form 7_Section B/Page_PERKESO/B4. Status Perkejaan")): Object: 'Object Repository/KeatMun/Form 7_default/OTC_Submit Form 7_Section B/Page_PERKESO/B4. Status Perkejaan' is clicked on

2019-02-21 18:20:19 - [MESSAGE][PASSED] - Object: 'Object Repository/KeatMun/Form 7_default/OTC_Submit Form 7_Section B/Page_PERKESO/B4. Status Perkejaan' is clicked on

2019-02-21 18:20:19 - [TEST_STEP][PASSED] - click(findTestObject("KeatMun/Form 7_default/OTC_Submit Form 7_Section B/Page_PERKESO/B4. Tetap")): Object: 'Object Repository/KeatMun/Form 7_default/OTC_Submit Form 7_Section B/Page_PERKESO/B4. Tetap' is clicked on

2019-02-21 18:20:19 - [MESSAGE][PASSED] - Object: 'Object Repository/KeatMun/Form 7_default/OTC_Submit Form 7_Section B/Page_PERKESO/B4. Tetap' is clicked on

2019-02-21 18:20:19 - [TEST_STEP][PASSED] - delay(2): Delayed 2 second(s)

2019-02-21 18:20:21 - [MESSAGE][PASSED] - Delayed 2 second(s)

2019-02-21 18:20:21 - [TEST_STEP][PASSED] - setText(findTestObject("KeatMun/Form 7_default/OTC_Submit Form 7_Section B/Page_PERKESO/B5. Gaji (RM)_salary1"), "4000"): Text '4000' is set on object 'Object Repository/KeatMun/Form 7_default/OTC_Submit Form 7_Section B/Page_PERKESO/B5. Gaji (RM)_salary1'

2019-02-21 18:20:22 - [MESSAGE][PASSED] - Text '4000' is set on object 'Object Repository/KeatMun/Form 7_default/OTC_Submit Form 7_Section B/Page_PERKESO/B5. Gaji (RM)_salary1'

2019-02-21 18:20:22 - [TEST_STEP][PASSED] - delay(2): Delayed 2 second(s)

2019-02-21 18:20:24 - [MESSAGE][PASSED] - Delayed 2 second(s)

2019-02-21 18:20:24 - [TEST_STEP][PASSED] - setText(findTestObject("KeatMun/Form 7_default/OTC_Submit Form 7_Section B/Page_PERKESO/B5. Gaji (RM)_salary2"), "4000"): Text '4000' is set on object 'Object Repository/KeatMun/Form 7_default/OTC_Submit Form 7_Section B/Page_PERKESO/B5. Gaji (RM)_salary2'

2019-02-21 18:20:24 - [MESSAGE][PASSED] - Text '4000' is set on object 'Object Repository/KeatMun/Form 7_default/OTC_Submit Form 7_Section B/Page_PERKESO/B5. Gaji (RM)_salary2'

2019-02-21 18:20:24 - [TEST_STEP][PASSED] - delay(2): Delayed 2 second(s)

2019-02-21 18:20:26 - [MESSAGE][PASSED] - Delayed 2 second(s)

2019-02-21 18:20:26 - [TEST_STEP][PASSED] - setText(findTestObject("KeatMun/Form 7_default/OTC_Submit Form 7_Section B/Page_PERKESO/B5. Gaji (RM)_salary3"), "4000"): Text '4000' is set on object 'Object Repository/KeatMun/Form 7_default/OTC_Submit Form 7_Section B/Page_PERKESO/B5. Gaji (RM)_salary3'

2019-02-21 18:20:26 - [MESSAGE][PASSED] - Text '4000' is set on object 'Object Repository/KeatMun/Form 7_default/OTC_Submit Form 7_Section B/Page_PERKESO/B5. Gaji (RM)_salary3'

2019-02-21 18:20:26 - [TEST_STEP][PASSED] - delay(2): Delayed 2 second(s)

2019-02-21 18:20:28 - [MESSAGE][PASSED] - Delayed 2 second(s)

2019-02-21 18:20:28 - [TEST_STEP][PASSED] - setText(findTestObject("KeatMun/Form 7_default/OTC_Submit Form 7_Section B/Page_PERKESO/B5. Gaji (RM)_salary4"), "4000"): Text '4000' is set on object 'Object Repository/KeatMun/Form 7_default/OTC_Submit Form 7_Section B/Page_PERKESO/B5. Gaji (RM)_salary4'

2019-02-21 18:20:28 - [MESSAGE][PASSED] - Text '4000' is set on object 'Object Repository/KeatMun/Form 7_default/OTC_Submit Form 7_Section B/Page_PERKESO/B5. Gaji (RM)_salary4'

2019-02-21 18:20:28 - [TEST_STEP][PASSED] - delay(2): Delayed 2 second(s)

2019-02-21 18:20:30 - [MESSAGE][PASSED] - Delayed 2 second(s)

2019-02-21 18:20:30 - [TEST_STEP][PASSED] - setText(findTestObject("KeatMun/Form 7_default/OTC_Submit Form 7_Section B/Page_PERKESO/B5. Gaji (RM)_salary5"), "4000"): Text '4000' is set on object 'Object Repository/KeatMun/Form 7_default/OTC_Submit Form 7_Section B/Page_PERKESO/B5. Gaji (RM)_salary5'

2019-02-21 18:20:30 - [MESSAGE][PASSED] - Text '4000' is set on object 'Object Repository/KeatMun/Form 7_default/OTC_Submit Form 7_Section B/Page_PERKESO/B5. Gaji (RM)_salary5'

2019-02-21 18:20:30 - [TEST_STEP][PASSED] - delay(2): Delayed 2 second(s)

2019-02-21 18:20:32 - [MESSAGE][PASSED] - Delayed 2 second(s)

2019-02-21 18:20:32 - [TEST_STEP][PASSED] - setText(findTestObject("KeatMun/Form 7_default/OTC_Submit Form 7_Section B/Page_PERKESO/B5. Gaji (RM)_salary6"), "4000"): Text '4000' is set on object 'Object Repository/KeatMun/Form 7_default/OTC_Submit Form 7_Section B/Page_PERKESO/B5. Gaji (RM)_salary6'

2019-02-21 18:20:33 - [MESSAGE][PASSED] - Text '4000' is set on object 'Object Repository/KeatMun/Form 7_default/OTC_Submit Form 7_Section B/Page_PERKESO/B5. Gaji (RM)_salary6'

2019-02-21 18:20:33 - [TEST_STEP][PASSED] - delay(2): Delayed 2 second(s)

2019-02-21 18:20:35 - [MESSAGE][PASSED] - Delayed 2 second(s)

2019-02-21 18:20:35 - [TEST_STEP][PASSED] - click(findTestObject("KeatMun/Form 7_default/OTC_Submit Form 7_Section B/Page_PERKESO/B6. Reason JobLost")): Object: 'Object Repository/KeatMun/Form 7_default/OTC_Submit Form 7_Section B/Page_PERKESO/B6. Reason JobLost' is clicked on

2019-02-21 18:20:35 - [MESSAGE][PASSED] - Object: 'Object Repository/KeatMun/Form 7_default/OTC_Submit Form 7_Section B/Page_PERKESO/B6. Reason JobLost' is clicked on

2019-02-21 18:20:35 - [TEST_STEP][PASSED] - click(findTestObject("KeatMun/Form 7_default/OTC_Submit Form 7_Section B/Page_PERKESO/B6. Bencana alam (cth banjir ke")): Object: 'Object Repository/KeatMun/Form 7_default/OTC_Submit Form 7_Section B/Page_PERKESO/B6. Bencana alam (cth banjir ke' is clicked on

2019-02-21 18:20:35 - [MESSAGE][PASSED] - Object: 'Object Repository/KeatMun/Form 7_default/OTC_Submit Form 7_Section B/Page_PERKESO/B6. Bencana alam (cth banjir ke' is clicked on

2019-02-21 18:20:35 - [TEST_STEP][PASSED] - delay(3): Delayed 3 second(s)

2019-02-21 18:20:38 - [MESSAGE][PASSED] - Delayed 3 second(s)

2019-02-21 18:20:38 - [TEST_STEP][PASSED] - setText(findTestObject("KeatMun/Form 7_default/OTC_Submit Form 7_Section B/Page_PERKESO/B7. AverageWorkingHour"), "8"): Text '8' is set on object 'Object Repository/KeatMun/Form 7_default/OTC_Submit Form 7_Section B/Page_PERKESO/B7. AverageWorkingHour'

2019-02-21 18:20:38 - [MESSAGE][PASSED] - Text '8' is set on object 'Object Repository/KeatMun/Form 7_default/OTC_Submit Form 7_Section B/Page_PERKESO/B7. AverageWorkingHour'

2019-02-21 18:20:38 - [TEST_STEP][PASSED] - delay(2): Delayed 2 second(s)

2019-02-21 18:20:40 - [MESSAGE][PASSED] - Delayed 2 second(s)

2019-02-21 18:20:40 - [TEST_STEP][PASSED] - click(findTestObject("KeatMun/Form 7_default/OTC_Submit Form 7_Section B/Page_PERKESO/B8. Tidak_compensationInd")): Object: 'Object Repository/KeatMun/Form 7_default/OTC_Submit Form 7_Section B/Page_PERKESO/B8. Tidak_compensationInd' is clicked on

2019-02-21 18:20:40 - [MESSAGE][PASSED] - Object: 'Object Repository/KeatMun/Form 7_default/OTC_Submit Form 7_Section B/Page_PERKESO/B8. Tidak_compensationInd' is clicked on

2019-02-21 18:20:40 - [TEST_STEP][PASSED] - delay(1): Delayed 1 second(s)

2019-02-21 18:20:41 - [MESSAGE][PASSED] - Delayed 1 second(s)

2019-02-21 18:20:41 - [TEST_STEP][PASSED] - click(findTestObject("KeatMun/Form 7_default/OTC_Submit Form 7_Section B/Page_PERKESO/B9. Tidak_fileCaseInd")): Object: 'Object Repository/KeatMun/Form 7_default/OTC_Submit Form 7_Section B/Page_PERKESO/B9. Tidak_fileCaseInd' is clicked on

2019-02-21 18:20:42 - [MESSAGE][PASSED] - Object: 'Object Repository/KeatMun/Form 7_default/OTC_Submit Form 7_Section B/Page_PERKESO/B9. Tidak_fileCaseInd' is clicked on

2019-02-21 18:20:42 - [TEST_STEP][PASSED] - delay(1): Delayed 1 second(s)

2019-02-21 18:20:43 - [MESSAGE][PASSED] - Delayed 1 second(s)

2019-02-21 18:20:43 - [TEST_STEP][PASSED] - click(findTestObject("KeatMun/Form 7_default/OTC_Submit Form 7_Section B/Page_PERKESO/B10. Tidak_unregisterCaseInd")): Object: 'Object Repository/KeatMun/Form 7_default/OTC_Submit Form 7_Section B/Page_PERKESO/B10. Tidak_unregisterCaseInd' is clicked on

2019-02-21 18:20:43 - [MESSAGE][PASSED] - Object: 'Object Repository/KeatMun/Form 7_default/OTC_Submit Form 7_Section B/Page_PERKESO/B10. Tidak_unregisterCaseInd' is clicked on

2019-02-21 18:20:43 - [TEST_STEP][PASSED] - delay(2): Delayed 2 second(s)

2019-02-21 18:20:45 - [MESSAGE][PASSED] - Delayed 2 second(s)

2019-02-21 18:20:45 - [TEST_STEP][PASSED] - click(findTestObject("KeatMun/Form 7_default/OTC_Submit Form 7_Section B/Page_PERKESO/B11. Halaman Seterusnya")): Object: 'Object Repository/KeatMun/Form 7_default/OTC_Submit Form 7_Section B/Page_PERKESO/B11. Halaman Seterusnya' is clicked on

2019-02-21 18:20:45 - [MESSAGE][PASSED] - Object: 'Object Repository/KeatMun/Form 7_default/OTC_Submit Form 7_Section B/Page_PERKESO/B11. Halaman Seterusnya' is clicked on

2019-02-21 18:20:45 - [TEST_STEP][PASSED] - delay(3): Delayed 3 second(s)

2019-02-21 18:20:48 - [MESSAGE][PASSED] - Delayed 3 second(s)

2019-02-21 18:20:48 - [MESSAGE][PASSED] - Call Test Case 'Test Cases/All TC/Arranged/3. Unit/EI/Form 7_default/OTC_Submit Form 7_Section B' successfully

2019-02-21 18:20:48 - [TEST_STEP][PASSED] - callTestCase(findTestCase("All TC/Arranged/3. Unit/EI/Form 7_default/OTC_Submit Form 7_Section C"), [:], STOP_ON_FAILURE): Call Test Case 'Test Cases/All TC/Arranged/3. Unit/EI/Form 7_default/OTC_Submit Form 7_Section C' successfully

2019-02-21 18:20:48 - [TEST_CASE][PASSED] - Test Cases/All TC/Arranged/3. Unit/EI/Form 7_default/OTC_Submit Form 7_Section C: Test Cases/All TC/Arranged/3. Unit/EI/Form 7_default/OTC_Submit Form 7_Section C

2019-02-21 18:20:48 - [TEST_STEP][PASSED] - delay(2): Delayed 2 second(s)

2019-02-21 18:20:50 - [MESSAGE][PASSED] - Delayed 2 second(s)

2019-02-21 18:20:50 - [TEST_STEP][PASSED] - setText(findTestObject("KeatMun/Form 7_default/OTC_Submit Form 7_Section C/Page_PERKESO/C4. EmployerInfo"), "qwertyuiop"): Text 'qwertyuiop' is set on object 'Object Repository/KeatMun/Form 7_default/OTC_Submit Form 7_Section C/Page_PERKESO/C4. EmployerInfo'

2019-02-21 18:20:50 - [MESSAGE][PASSED] - Text 'qwertyuiop' is set on object 'Object Repository/KeatMun/Form 7_default/OTC_Submit Form 7_Section C/Page_PERKESO/C4. EmployerInfo'

2019-02-21 18:20:50 - [TEST_STEP][PASSED] - delay(2): Delayed 2 second(s)

2019-02-21 18:20:52 - [MESSAGE][PASSED] - Delayed 2 second(s)

2019-02-21 18:20:52 - [TEST_STEP][PASSED] - click(findTestObject("KeatMun/Form 7_default/OTC_Submit Form 7_Section C/Page_PERKESO/C5. Negeri")): Object: 'Object Repository/KeatMun/Form 7_default/OTC_Submit Form 7_Section C/Page_PERKESO/C5. Negeri' is clicked on

2019-02-21 18:20:52 - [MESSAGE][PASSED] - Object: 'Object Repository/KeatMun/Form 7_default/OTC_Submit Form 7_Section C/Page_PERKESO/C5. Negeri' is clicked on

2019-02-21 18:20:52 - [TEST_STEP][PASSED] - delay(2): Delayed 2 second(s)

2019-02-21 18:20:54 - [MESSAGE][PASSED] - Delayed 2 second(s)

2019-02-21 18:20:54 - [TEST_STEP][PASSED] - click(findTestObject("KeatMun/Form 7_default/OTC_Submit Form 7_Section C/Page_PERKESO/C5. JOHOR")): Object: 'Object Repository/KeatMun/Form 7_default/OTC_Submit Form 7_Section C/Page_PERKESO/C5. JOHOR' is clicked on

2019-02-21 18:20:55 - [MESSAGE][PASSED] - Object: 'Object Repository/KeatMun/Form 7_default/OTC_Submit Form 7_Section C/Page_PERKESO/C5. JOHOR' is clicked on

2019-02-21 18:20:55 - [TEST_STEP][PASSED] - delay(3): Delayed 3 second(s)

2019-02-21 18:20:58 - [MESSAGE][PASSED] - Delayed 3 second(s)

2019-02-21 18:20:58 - [TEST_STEP][PASSED] - click(findTestObject("KeatMun/Form 7_default/OTC_Submit Form 7_Section C/Page_PERKESO/C6. City")): Object: 'Object Repository/KeatMun/Form 7_default/OTC_Submit Form 7_Section C/Page_PERKESO/C6. City' is clicked on

2019-02-21 18:20:58 - [MESSAGE][PASSED] - Object: 'Object Repository/KeatMun/Form 7_default/OTC_Submit Form 7_Section C/Page_PERKESO/C6. City' is clicked on

2019-02-21 18:20:58 - [TEST_STEP][PASSED] - delay(2): Delayed 2 second(s)

2019-02-21 18:21:00 - [MESSAGE][PASSED] - Delayed 2 second(s)

2019-02-21 18:21:00 - [TEST_STEP][PASSED] - setText(findTestObject("KeatMun/Form 7_default/OTC_Submit Form 7_Section C/Page_PERKESO/C6. Done_select2-search__fie"), "jo"): Text 'jo' is set on object 'Object Repository/KeatMun/Form 7_default/OTC_Submit Form 7_Section C/Page_PERKESO/C6. Done_select2-search__fie'

2019-02-21 18:21:00 - [MESSAGE][PASSED] - Text 'jo' is set on object 'Object Repository/KeatMun/Form 7_default/OTC_Submit Form 7_Section C/Page_PERKESO/C6. Done_select2-search__fie'

2019-02-21 18:21:00 - [TEST_STEP][PASSED] - setText(findTestObject("KeatMun/Form 7_default/OTC_Submit Form 7_Section C/Page_PERKESO/C6. Concat(id(  select2-city"), "jo"): Text 'jo' is set on object 'Object Repository/KeatMun/Form 7_default/OTC_Submit Form 7_Section C/Page_PERKESO/C6. Concat(id(  select2-city'

2019-02-21 18:21:00 - [MESSAGE][PASSED] - Text 'jo' is set on object 'Object Repository/KeatMun/Form 7_default/OTC_Submit Form 7_Section C/Page_PERKESO/C6. Concat(id(  select2-city'

2019-02-21 18:21:00 - [TEST_STEP][PASSED] - click(findTestObject("KeatMun/Form 7_default/OTC_Submit Form 7_Section C/Page_PERKESO/C6. JOHOR BAHRU")): Object: 'Object Repository/KeatMun/Form 7_default/OTC_Submit Form 7_Section C/Page_PERKESO/C6. JOHOR BAHRU' is clicked on

2019-02-21 18:21:00 - [MESSAGE][PASSED] - Object: 'Object Repository/KeatMun/Form 7_default/OTC_Submit Form 7_Section C/Page_PERKESO/C6. JOHOR BAHRU' is clicked on

2019-02-21 18:21:00 - [TEST_STEP][PASSED] - delay(3): Delayed 3 second(s)

2019-02-21 18:21:03 - [MESSAGE][PASSED] - Delayed 3 second(s)

2019-02-21 18:21:03 - [TEST_STEP][PASSED] - click(findTestObject("KeatMun/Form 7_default/OTC_Submit Form 7_Section C/Page_PERKESO/C7. --Sila Isikan--")): Object: 'Object Repository/KeatMun/Form 7_default/OTC_Submit Form 7_Section C/Page_PERKESO/C7. --Sila Isikan--' is clicked on

2019-02-21 18:21:03 - [MESSAGE][PASSED] - Object: 'Object Repository/KeatMun/Form 7_default/OTC_Submit Form 7_Section C/Page_PERKESO/C7. --Sila Isikan--' is clicked on

2019-02-21 18:21:03 - [TEST_STEP][PASSED] - delay(2): Delayed 2 second(s)

2019-02-21 18:21:05 - [MESSAGE][PASSED] - Delayed 2 second(s)

2019-02-21 18:21:05 - [TEST_STEP][PASSED] - setText(findTestObject("KeatMun/Form 7_default/OTC_Submit Form 7_Section C/Page_PERKESO/C7. Done_select2-search__fie"), "84"): Text '84' is set on object 'Object Repository/KeatMun/Form 7_default/OTC_Submit Form 7_Section C/Page_PERKESO/C7. Done_select2-search__fie'

2019-02-21 18:21:06 - [MESSAGE][PASSED] - Text '84' is set on object 'Object Repository/KeatMun/Form 7_default/OTC_Submit Form 7_Section C/Page_PERKESO/C7. Done_select2-search__fie'

2019-02-21 18:21:06 - [TEST_STEP][PASSED] - setText(findTestObject("KeatMun/Form 7_default/OTC_Submit Form 7_Section C/Page_PERKESO/C7. Concat(id(  select2-post"), "84"): Text '84' is set on object 'Object Repository/KeatMun/Form 7_default/OTC_Submit Form 7_Section C/Page_PERKESO/C7. Concat(id(  select2-post'

2019-02-21 18:21:06 - [MESSAGE][PASSED] - Text '84' is set on object 'Object Repository/KeatMun/Form 7_default/OTC_Submit Form 7_Section C/Page_PERKESO/C7. Concat(id(  select2-post'

2019-02-21 18:21:06 - [TEST_STEP][PASSED] - click(findTestObject("KeatMun/Form 7_default/OTC_Submit Form 7_Section C/Page_PERKESO/C7. 84000")): Object: 'Object Repository/KeatMun/Form 7_default/OTC_Submit Form 7_Section C/Page_PERKESO/C7. 84000' is clicked on

2019-02-21 18:21:06 - [MESSAGE][PASSED] - Object: 'Object Repository/KeatMun/Form 7_default/OTC_Submit Form 7_Section C/Page_PERKESO/C7. 84000' is clicked on

2019-02-21 18:21:06 - [TEST_STEP][PASSED] - delay(3): Delayed 3 second(s)

2019-02-21 18:21:09 - [MESSAGE][PASSED] - Delayed 3 second(s)

2019-02-21 18:21:09 - [TEST_STEP][PASSED] - click(findTestObject("KeatMun/Form 7_default/OTC_Submit Form 7_Section C/Page_PERKESO/C8. Tidak_employerInfo.emplo")): Object: 'Object Repository/KeatMun/Form 7_default/OTC_Submit Form 7_Section C/Page_PERKESO/C8. Tidak_employerInfo.emplo' is clicked on

2019-02-21 18:21:09 - [MESSAGE][PASSED] - Object: 'Object Repository/KeatMun/Form 7_default/OTC_Submit Form 7_Section C/Page_PERKESO/C8. Tidak_employerInfo.emplo' is clicked on

2019-02-21 18:21:09 - [TEST_STEP][PASSED] - delay(2): Delayed 2 second(s)

2019-02-21 18:21:11 - [MESSAGE][PASSED] - Delayed 2 second(s)

2019-02-21 18:21:11 - [TEST_STEP][PASSED] - setText(findTestObject("KeatMun/Form 7_default/OTC_Submit Form 7_Section C/Page_PERKESO/C9. EmployerName"), "qwertyuiop"): Text 'qwertyuiop' is set on object 'Object Repository/KeatMun/Form 7_default/OTC_Submit Form 7_Section C/Page_PERKESO/C9. EmployerName'

2019-02-21 18:21:11 - [MESSAGE][PASSED] - Text 'qwertyuiop' is set on object 'Object Repository/KeatMun/Form 7_default/OTC_Submit Form 7_Section C/Page_PERKESO/C9. EmployerName'

2019-02-21 18:21:11 - [TEST_STEP][PASSED] - delay(2): Delayed 2 second(s)

2019-02-21 18:21:13 - [MESSAGE][PASSED] - Delayed 2 second(s)

2019-02-21 18:21:13 - [TEST_STEP][PASSED] - setText(findTestObject("KeatMun/Form 7_default/OTC_Submit Form 7_Section C/Page_PERKESO/C10. EmployerIC"), "1234567890"): Text '1234567890' is set on object 'Object Repository/KeatMun/Form 7_default/OTC_Submit Form 7_Section C/Page_PERKESO/C10. EmployerIC'

2019-02-21 18:21:14 - [MESSAGE][PASSED] - Text '1234567890' is set on object 'Object Repository/KeatMun/Form 7_default/OTC_Submit Form 7_Section C/Page_PERKESO/C10. EmployerIC'

2019-02-21 18:21:14 - [TEST_STEP][PASSED] - delay(3): Delayed 3 second(s)

2019-02-21 18:21:17 - [MESSAGE][PASSED] - Delayed 3 second(s)

2019-02-21 18:21:17 - [TEST_STEP][PASSED] - click(findTestObject("KeatMun/Form 7_default/OTC_Submit Form 7_Section C/Page_PERKESO/C11. Halaman Seterusnya")): Object: 'Object Repository/KeatMun/Form 7_default/OTC_Submit Form 7_Section C/Page_PERKESO/C11. Halaman Seterusnya' is clicked on

2019-02-21 18:21:17 - [MESSAGE][PASSED] - Object: 'Object Repository/KeatMun/Form 7_default/OTC_Submit Form 7_Section C/Page_PERKESO/C11. Halaman Seterusnya' is clicked on

2019-02-21 18:21:17 - [TEST_STEP][PASSED] - delay(3): Delayed 3 second(s)

2019-02-21 18:21:20 - [MESSAGE][PASSED] - Delayed 3 second(s)

2019-02-21 18:21:20 - [MESSAGE][PASSED] - Call Test Case 'Test Cases/All TC/Arranged/3. Unit/EI/Form 7_default/OTC_Submit Form 7_Section C' successfully

2019-02-21 18:21:20 - [TEST_STEP][PASSED] - callTestCase(findTestCase("All TC/Arranged/3. Unit/EI/Form 7_default/OTC_Submit Form 7_Section D-E"), [:], STOP_ON_FAILURE): Call Test Case 'Test Cases/All TC/Arranged/3. Unit/EI/Form 7_default/OTC_Submit Form 7_Section D-E' successfully

2019-02-21 18:21:20 - [TEST_CASE][PASSED] - Test Cases/All TC/Arranged/3. Unit/EI/Form 7_default/OTC_Submit Form 7_Section D-E: Test Cases/All TC/Arranged/3. Unit/EI/Form 7_default/OTC_Submit Form 7_Section D-E

2019-02-21 18:21:20 - [TEST_STEP][PASSED] - delay(3): Delayed 3 second(s)

2019-02-21 18:21:23 - [MESSAGE][PASSED] - Delayed 3 second(s)

2019-02-21 18:21:23 - [TEST_STEP][PASSED] - click(findTestObject("KeatMun/Form 7_default/OTC_Submit Form 7_Section D-E/Page_PERKESO/D1. NO_otherActiveEmploye")): Object: 'Object Repository/KeatMun/Form 7_default/OTC_Submit Form 7_Section D-E/Page_PERKESO/D1. NO_otherActiveEmploye' is clicked on

2019-02-21 18:21:23 - [MESSAGE][PASSED] - Object: 'Object Repository/KeatMun/Form 7_default/OTC_Submit Form 7_Section D-E/Page_PERKESO/D1. NO_otherActiveEmploye' is clicked on

2019-02-21 18:21:23 - [TEST_STEP][PASSED] - delay(4): Delayed 4 second(s)

2019-02-21 18:21:27 - [MESSAGE][PASSED] - Delayed 4 second(s)

2019-02-21 18:21:27 - [TEST_STEP][PASSED] - click(findTestObject("KeatMun/Form 7_default/OTC_Submit Form 7_Section D-E/Page_PERKESO/D2. Halaman Seterusnya")): Object: 'Object Repository/KeatMun/Form 7_default/OTC_Submit Form 7_Section D-E/Page_PERKESO/D2. Halaman Seterusnya' is clicked on

2019-02-21 18:21:27 - [MESSAGE][PASSED] - Object: 'Object Repository/KeatMun/Form 7_default/OTC_Submit Form 7_Section D-E/Page_PERKESO/D2. Halaman Seterusnya' is clicked on

2019-02-21 18:21:27 - [TEST_STEP][PASSED] - delay(5): Delayed 5 second(s)

2019-02-21 18:21:32 - [MESSAGE][PASSED] - Delayed 5 second(s)

2019-02-21 18:21:32 - [TEST_STEP][PASSED] - setText(findTestObject("KeatMun/Form 7_default/OTC_Submit Form 7_Section D-E/Page_PERKESO/E1. Input__totalExpYear"), "1"): Text '1' is set on object 'Object Repository/KeatMun/Form 7_default/OTC_Submit Form 7_Section D-E/Page_PERKESO/E1. Input__totalExpYear'

2019-02-21 18:21:33 - [MESSAGE][PASSED] - Text '1' is set on object 'Object Repository/KeatMun/Form 7_default/OTC_Submit Form 7_Section D-E/Page_PERKESO/E1. Input__totalExpYear'

2019-02-21 18:21:33 - [TEST_STEP][PASSED] - delay(2): Delayed 2 second(s)

2019-02-21 18:21:35 - [MESSAGE][PASSED] - Delayed 2 second(s)

2019-02-21 18:21:35 - [TEST_STEP][PASSED] - setText(findTestObject("KeatMun/Form 7_default/OTC_Submit Form 7_Section D-E/Page_PERKESO/E1. Tahun_totalExpMonth"), "1"): Text '1' is set on object 'Object Repository/KeatMun/Form 7_default/OTC_Submit Form 7_Section D-E/Page_PERKESO/E1. Tahun_totalExpMonth'

2019-02-21 18:21:35 - [MESSAGE][PASSED] - Text '1' is set on object 'Object Repository/KeatMun/Form 7_default/OTC_Submit Form 7_Section D-E/Page_PERKESO/E1. Tahun_totalExpMonth'

2019-02-21 18:21:35 - [TEST_STEP][PASSED] - delay(2): Delayed 2 second(s)

2019-02-21 18:21:37 - [MESSAGE][PASSED] - Delayed 2 second(s)

2019-02-21 18:21:37 - [TEST_STEP][PASSED] - click(findTestObject("KeatMun/Form 7_default/OTC_Submit Form 7_Section D-E/Page_PERKESO/E2. Edu-Level")): Object: 'Object Repository/KeatMun/Form 7_default/OTC_Submit Form 7_Section D-E/Page_PERKESO/E2. Edu-Level' is clicked on

2019-02-21 18:21:37 - [MESSAGE][PASSED] - Object: 'Object Repository/KeatMun/Form 7_default/OTC_Submit Form 7_Section D-E/Page_PERKESO/E2. Edu-Level' is clicked on

2019-02-21 18:21:37 - [TEST_STEP][PASSED] - delay(2): Delayed 2 second(s)

2019-02-21 18:21:39 - [MESSAGE][PASSED] - Delayed 2 second(s)

2019-02-21 18:21:39 - [TEST_STEP][PASSED] - click(findTestObject("KeatMun/Form 7_default/OTC_Submit Form 7_Section D-E/Page_PERKESO/E2. PMRPT3")): Object: 'Object Repository/KeatMun/Form 7_default/OTC_Submit Form 7_Section D-E/Page_PERKESO/E2. PMRPT3' is clicked on

2019-02-21 18:21:39 - [MESSAGE][PASSED] - Object: 'Object Repository/KeatMun/Form 7_default/OTC_Submit Form 7_Section D-E/Page_PERKESO/E2. PMRPT3' is clicked on

2019-02-21 18:21:39 - [TEST_STEP][PASSED] - delay(3): Delayed 3 second(s)

2019-02-21 18:21:42 - [MESSAGE][PASSED] - Delayed 3 second(s)

2019-02-21 18:21:42 - [TEST_STEP][PASSED] - click(findTestObject("KeatMun/Form 7_default/OTC_Submit Form 7_Section D-E/Page_PERKESO/E3. Job-Choice")): Object: 'Object Repository/KeatMun/Form 7_default/OTC_Submit Form 7_Section D-E/Page_PERKESO/E3. Job-Choice' is clicked on

2019-02-21 18:21:42 - [MESSAGE][PASSED] - Object: 'Object Repository/KeatMun/Form 7_default/OTC_Submit Form 7_Section D-E/Page_PERKESO/E3. Job-Choice' is clicked on

2019-02-21 18:21:42 - [TEST_STEP][PASSED] - delay(2): Delayed 2 second(s)

2019-02-21 18:21:44 - [MESSAGE][PASSED] - Delayed 2 second(s)

2019-02-21 18:21:44 - [TEST_STEP][PASSED] - setText(findTestObject("KeatMun/Form 7_default/OTC_Submit Form 7_Section D-E/Page_PERKESO/E3. Done_select2-search__fie"), "re"): Text 're' is set on object 'Object Repository/KeatMun/Form 7_default/OTC_Submit Form 7_Section D-E/Page_PERKESO/E3. Done_select2-search__fie'

2019-02-21 18:21:44 - [MESSAGE][PASSED] - Text 're' is set on object 'Object Repository/KeatMun/Form 7_default/OTC_Submit Form 7_Section D-E/Page_PERKESO/E3. Done_select2-search__fie'

2019-02-21 18:21:44 - [TEST_STEP][PASSED] - click(findTestObject("KeatMun/Form 7_default/OTC_Submit Form 7_Section D-E/Page_PERKESO/E3. Arkitek Reka Bentuk")): Object: 'Object Repository/KeatMun/Form 7_default/OTC_Submit Form 7_Section D-E/Page_PERKESO/E3. Arkitek Reka Bentuk' is clicked on

2019-02-21 18:21:45 - [MESSAGE][PASSED] - Object: 'Object Repository/KeatMun/Form 7_default/OTC_Submit Form 7_Section D-E/Page_PERKESO/E3. Arkitek Reka Bentuk' is clicked on

2019-02-21 18:21:45 - [TEST_STEP][PASSED] - delay(2): Delayed 2 second(s)

2019-02-21 18:21:47 - [MESSAGE][PASSED] - Delayed 2 second(s)

2019-02-21 18:21:47 - [TEST_STEP][PASSED] - click(findTestObject("KeatMun/Form 7_default/OTC_Submit Form 7_Section D-E/Page_PERKESO/E4. Job_Location")): Object: 'Object Repository/KeatMun/Form 7_default/OTC_Submit Form 7_Section D-E/Page_PERKESO/E4. Job_Location' is clicked on

2019-02-21 18:21:47 - [MESSAGE][PASSED] - Object: 'Object Repository/KeatMun/Form 7_default/OTC_Submit Form 7_Section D-E/Page_PERKESO/E4. Job_Location' is clicked on

2019-02-21 18:21:47 - [TEST_STEP][PASSED] - delay(2): Delayed 2 second(s)

2019-02-21 18:21:49 - [MESSAGE][PASSED] - Delayed 2 second(s)

2019-02-21 18:21:49 - [TEST_STEP][PASSED] - click(findTestObject("KeatMun/Form 7_default/OTC_Submit Form 7_Section D-E/Page_PERKESO/E4. JOHOR")): Object: 'Object Repository/KeatMun/Form 7_default/OTC_Submit Form 7_Section D-E/Page_PERKESO/E4. JOHOR' is clicked on

2019-02-21 18:21:49 - [MESSAGE][PASSED] - Object: 'Object Repository/KeatMun/Form 7_default/OTC_Submit Form 7_Section D-E/Page_PERKESO/E4. JOHOR' is clicked on

2019-02-21 18:21:49 - [TEST_STEP][PASSED] - delay(2): Delayed 2 second(s)

2019-02-21 18:21:51 - [MESSAGE][PASSED] - Delayed 2 second(s)

2019-02-21 18:21:51 - [TEST_STEP][PASSED] - click(findTestObject("KeatMun/Form 7_default/OTC_Submit Form 7_Section D-E/Page_PERKESO/E7. NO_disability")): Object: 'Object Repository/KeatMun/Form 7_default/OTC_Submit Form 7_Section D-E/Page_PERKESO/E7. NO_disability' is clicked on

2019-02-21 18:21:51 - [MESSAGE][PASSED] - Object: 'Object Repository/KeatMun/Form 7_default/OTC_Submit Form 7_Section D-E/Page_PERKESO/E7. NO_disability' is clicked on

2019-02-21 18:21:51 - [TEST_STEP][PASSED] - delay(2): Delayed 2 second(s)

2019-02-21 18:21:53 - [MESSAGE][PASSED] - Delayed 2 second(s)

2019-02-21 18:21:53 - [TEST_STEP][PASSED] - click(findTestObject("KeatMun/Form 7_default/OTC_Submit Form 7_Section D-E/Page_PERKESO/E8. NO_disabilityApplyInd")): Object: 'Object Repository/KeatMun/Form 7_default/OTC_Submit Form 7_Section D-E/Page_PERKESO/E8. NO_disabilityApplyInd' is clicked on

2019-02-21 18:21:53 - [MESSAGE][PASSED] - Object: 'Object Repository/KeatMun/Form 7_default/OTC_Submit Form 7_Section D-E/Page_PERKESO/E8. NO_disabilityApplyInd' is clicked on

2019-02-21 18:21:53 - [TEST_STEP][PASSED] - delay(2): Delayed 2 second(s)

2019-02-21 18:21:55 - [MESSAGE][PASSED] - Delayed 2 second(s)

2019-02-21 18:21:55 - [TEST_STEP][PASSED] - click(findTestObject("KeatMun/Form 7_default/OTC_Submit Form 7_Section D-E/Page_PERKESO/E9. YES_ReEmployment")): Object: 'Object Repository/KeatMun/Form 7_default/OTC_Submit Form 7_Section D-E/Page_PERKESO/E9. YES_ReEmployment' is clicked on

2019-02-21 18:21:55 - [MESSAGE][PASSED] - Object: 'Object Repository/KeatMun/Form 7_default/OTC_Submit Form 7_Section D-E/Page_PERKESO/E9. YES_ReEmployment' is clicked on

2019-02-21 18:21:55 - [TEST_STEP][PASSED] - delay(2): Delayed 2 second(s)

2019-02-21 18:21:57 - [MESSAGE][PASSED] - Delayed 2 second(s)

2019-02-21 18:21:57 - [TEST_STEP][PASSED] - click(findTestObject("KeatMun/Form 7_default/OTC_Submit Form 7_Section D-E/Page_PERKESO/E10. Halaman Seterusnya")): Object: 'Object Repository/KeatMun/Form 7_default/OTC_Submit Form 7_Section D-E/Page_PERKESO/E10. Halaman Seterusnya' is clicked on

2019-02-21 18:21:58 - [MESSAGE][PASSED] - Object: 'Object Repository/KeatMun/Form 7_default/OTC_Submit Form 7_Section D-E/Page_PERKESO/E10. Halaman Seterusnya' is clicked on

2019-02-21 18:21:58 - [TEST_STEP][PASSED] - delay(3): Delayed 3 second(s)

2019-02-21 18:22:01 - [MESSAGE][PASSED] - Delayed 3 second(s)

2019-02-21 18:22:01 - [MESSAGE][PASSED] - Call Test Case 'Test Cases/All TC/Arranged/3. Unit/EI/Form 7_default/OTC_Submit Form 7_Section D-E' successfully

2019-02-21 18:22:01 - [TEST_STEP][PASSED] - callTestCase(findTestCase("All TC/Arranged/3. Unit/EI/Form 7_default/OTC_Submit Form 7_Section F-G-H - Cheque"), [:], STOP_ON_FAILURE): Call Test Case 'Test Cases/All TC/Arranged/3. Unit/EI/Form 7_default/OTC_Submit Form 7_Section F-G-H - Cheque' successfully

2019-02-21 18:22:01 - [TEST_CASE][PASSED] - Test Cases/All TC/Arranged/3. Unit/EI/Form 7_default/OTC_Submit Form 7_Section F-G-H - Cheque: Test Cases/All TC/Arranged/3. Unit/EI/Form 7_default/OTC_Submit Form 7_Section F-G-H - Cheque

2019-02-21 18:22:01 - [TEST_STEP][PASSED] - delay(3): Delayed 3 second(s)

2019-02-21 18:22:04 - [MESSAGE][PASSED] - Delayed 3 second(s)

2019-02-21 18:22:04 - [TEST_STEP][PASSED] - click(findTestObject("KeatMun/Form 7_default/OTC_Submit Form 7_Section F-G-H/Page_PERKESO/F1. Bankrup_yes")): Object: 'Object Repository/KeatMun/Form 7_default/OTC_Submit Form 7_Section F-G-H/Page_PERKESO/F1. Bankrup_yes' is clicked on

2019-02-21 18:22:04 - [MESSAGE][PASSED] - Object: 'Object Repository/KeatMun/Form 7_default/OTC_Submit Form 7_Section F-G-H/Page_PERKESO/F1. Bankrup_yes' is clicked on

2019-02-21 18:22:04 - [TEST_STEP][PASSED] - delay(3): Delayed 3 second(s)

2019-02-21 18:22:07 - [MESSAGE][PASSED] - Delayed 3 second(s)

2019-02-21 18:22:07 - [TEST_STEP][PASSED] - click(findTestObject("KeatMun/Form 7_default/OTC_Submit Form 7_Section F-G-H/Page_PERKESO/F2. Next_Page_AfterBankInfo")): Object: 'Object Repository/KeatMun/Form 7_default/OTC_Submit Form 7_Section F-G-H/Page_PERKESO/F2. Next_Page_AfterBankInfo' is clicked on

2019-02-21 18:22:07 - [MESSAGE][PASSED] - Object: 'Object Repository/KeatMun/Form 7_default/OTC_Submit Form 7_Section F-G-H/Page_PERKESO/F2. Next_Page_AfterBankInfo' is clicked on

2019-02-21 18:22:07 - [TEST_STEP][PASSED] - delay(5): Delayed 5 second(s)

2019-02-21 18:22:12 - [MESSAGE][PASSED] - Delayed 5 second(s)

2019-02-21 18:22:12 - [TEST_STEP][PASSED] - setText(findTestObject("KeatMun/Form 7_default/OTC_Submit Form 7_Section F-G-H/Page_PERKESO/G2. Hubungan dengan OB-nama"), "qwertyuiop"): Text 'qwertyuiop' is set on object 'Object Repository/KeatMun/Form 7_default/OTC_Submit Form 7_Section F-G-H/Page_PERKESO/G2. Hubungan dengan OB-nama'

2019-02-21 18:22:12 - [MESSAGE][PASSED] - Text 'qwertyuiop' is set on object 'Object Repository/KeatMun/Form 7_default/OTC_Submit Form 7_Section F-G-H/Page_PERKESO/G2. Hubungan dengan OB-nama'

2019-02-21 18:22:12 - [TEST_STEP][PASSED] - delay(2): Delayed 2 second(s)

2019-02-21 18:22:14 - [MESSAGE][PASSED] - Delayed 2 second(s)

2019-02-21 18:22:14 - [TEST_STEP][PASSED] - setText(findTestObject("KeatMun/Form 7_default/OTC_Submit Form 7_Section F-G-H/Page_PERKESO/G2. Hubungan dengan OB-ic.no"), "111111223333"): Text '111111223333' is set on object 'Object Repository/KeatMun/Form 7_default/OTC_Submit Form 7_Section F-G-H/Page_PERKESO/G2. Hubungan dengan OB-ic.no'

2019-02-21 18:22:14 - [MESSAGE][PASSED] - Text '111111223333' is set on object 'Object Repository/KeatMun/Form 7_default/OTC_Submit Form 7_Section F-G-H/Page_PERKESO/G2. Hubungan dengan OB-ic.no'

2019-02-21 18:22:15 - [TEST_STEP][PASSED] - delay(2): Delayed 2 second(s)

2019-02-21 18:22:17 - [MESSAGE][PASSED] - Delayed 2 second(s)

2019-02-21 18:22:17 - [TEST_STEP][PASSED] - setText(findTestObject("KeatMun/Form 7_default/OTC_Submit Form 7_Section F-G-H/Page_PERKESO/G2. Hubungan dengan OB-DOB"), "10/01/2019"): Text '10/01/2019' is set on object 'Object Repository/KeatMun/Form 7_default/OTC_Submit Form 7_Section F-G-H/Page_PERKESO/G2. Hubungan dengan OB-DOB'

2019-02-21 18:22:17 - [MESSAGE][PASSED] - Text '10/01/2019' is set on object 'Object Repository/KeatMun/Form 7_default/OTC_Submit Form 7_Section F-G-H/Page_PERKESO/G2. Hubungan dengan OB-DOB'

2019-02-21 18:22:17 - [TEST_STEP][PASSED] - delay(3): Delayed 3 second(s)

2019-02-21 18:22:20 - [MESSAGE][PASSED] - Delayed 3 second(s)

2019-02-21 18:22:20 - [TEST_STEP][PASSED] - click(findTestObject("KeatMun/Form 7_default/OTC_Submit Form 7_Section F-G-H/Page_PERKESO/G2. Span_Bapa")): Object: 'Object Repository/KeatMun/Form 7_default/OTC_Submit Form 7_Section F-G-H/Page_PERKESO/G2. Span_Bapa' is clicked on

2019-02-21 18:22:20 - [MESSAGE][PASSED] - Object: 'Object Repository/KeatMun/Form 7_default/OTC_Submit Form 7_Section F-G-H/Page_PERKESO/G2. Span_Bapa' is clicked on

2019-02-21 18:22:20 - [TEST_STEP][PASSED] - delay(3): Delayed 3 second(s)

2019-02-21 18:22:23 - [MESSAGE][PASSED] - Delayed 3 second(s)

2019-02-21 18:22:23 - [TEST_STEP][PASSED] - click(findTestObject("KeatMun/Form 7_default/OTC_Submit Form 7_Section F-G-H/Page_PERKESO/G2. Choose_Isteri")): Object: 'Object Repository/KeatMun/Form 7_default/OTC_Submit Form 7_Section F-G-H/Page_PERKESO/G2. Choose_Isteri' is clicked on

2019-02-21 18:22:23 - [MESSAGE][PASSED] - Object: 'Object Repository/KeatMun/Form 7_default/OTC_Submit Form 7_Section F-G-H/Page_PERKESO/G2. Choose_Isteri' is clicked on

2019-02-21 18:22:23 - [TEST_STEP][PASSED] - delay(3): Delayed 3 second(s)

2019-02-21 18:22:26 - [MESSAGE][PASSED] - Delayed 3 second(s)

2019-02-21 18:22:26 - [TEST_STEP][PASSED] - click(findTestObject("KeatMun/Form 7_default/OTC_Submit Form 7_Section F-G-H/Page_PERKESO/G3. Halaman Seterusnya")): Object: 'Object Repository/KeatMun/Form 7_default/OTC_Submit Form 7_Section F-G-H/Page_PERKESO/G3. Halaman Seterusnya' is clicked on

2019-02-21 18:22:26 - [MESSAGE][PASSED] - Object: 'Object Repository/KeatMun/Form 7_default/OTC_Submit Form 7_Section F-G-H/Page_PERKESO/G3. Halaman Seterusnya' is clicked on

2019-02-21 18:22:26 - [TEST_STEP][PASSED] - delay(5): Delayed 5 second(s)

2019-02-21 18:22:31 - [MESSAGE][PASSED] - Delayed 5 second(s)

2019-02-21 18:22:31 - [TEST_STEP][PASSED] - click(findTestObject("KeatMun/Form 7_default/OTC_Submit Form 7_Section F-G-H/Page_PERKESO/H1. declAckInfoInd")): Object: 'Object Repository/KeatMun/Form 7_default/OTC_Submit Form 7_Section F-G-H/Page_PERKESO/H1. declAckInfoInd' is clicked on

2019-02-21 18:22:31 - [MESSAGE][PASSED] - Object: 'Object Repository/KeatMun/Form 7_default/OTC_Submit Form 7_Section F-G-H/Page_PERKESO/H1. declAckInfoInd' is clicked on

2019-02-21 18:22:31 - [TEST_STEP][PASSED] - delay(2): Delayed 2 second(s)

2019-02-21 18:22:33 - [MESSAGE][PASSED] - Delayed 2 second(s)

2019-02-21 18:22:33 - [TEST_STEP][PASSED] - click(findTestObject("KeatMun/Form 7_default/OTC_Submit Form 7_Section F-G-H/Page_PERKESO/H2. declAckRepayInd")): Object: 'Object Repository/KeatMun/Form 7_default/OTC_Submit Form 7_Section F-G-H/Page_PERKESO/H2. declAckRepayInd' is clicked on

2019-02-21 18:22:34 - [MESSAGE][PASSED] - Object: 'Object Repository/KeatMun/Form 7_default/OTC_Submit Form 7_Section F-G-H/Page_PERKESO/H2. declAckRepayInd' is clicked on

2019-02-21 18:22:34 - [TEST_STEP][PASSED] - delay(2): Delayed 2 second(s)

2019-02-21 18:22:36 - [MESSAGE][PASSED] - Delayed 2 second(s)

2019-02-21 18:22:36 - [TEST_STEP][PASSED] - click(findTestObject("KeatMun/Form 7_default/OTC_Submit Form 7_Section F-G-H/Page_PERKESO/H3. declAckLegalInd")): Object: 'Object Repository/KeatMun/Form 7_default/OTC_Submit Form 7_Section F-G-H/Page_PERKESO/H3. declAckLegalInd' is clicked on

2019-02-21 18:22:36 - [MESSAGE][PASSED] - Object: 'Object Repository/KeatMun/Form 7_default/OTC_Submit Form 7_Section F-G-H/Page_PERKESO/H3. declAckLegalInd' is clicked on

2019-02-21 18:22:36 - [TEST_STEP][PASSED] - delay(2): Delayed 2 second(s)

2019-02-21 18:22:38 - [MESSAGE][PASSED] - Delayed 2 second(s)

2019-02-21 18:22:38 - [TEST_STEP][PASSED] - click(findTestObject("KeatMun/Form 7_default/OTC_Submit Form 7_Section F-G-H/Page_PERKESO/i1. mandatory_document1")): Object: 'Object Repository/KeatMun/Form 7_default/OTC_Submit Form 7_Section F-G-H/Page_PERKESO/i1. mandatory_document1' is clicked on

2019-02-21 18:22:38 - [MESSAGE][PASSED] - Object: 'Object Repository/KeatMun/Form 7_default/OTC_Submit Form 7_Section F-G-H/Page_PERKESO/i1. mandatory_document1' is clicked on

2019-02-21 18:22:38 - [TEST_STEP][PASSED] - delay(3): Delayed 3 second(s)

2019-02-21 18:22:41 - [MESSAGE][PASSED] - Delayed 3 second(s)

2019-02-21 18:22:41 - [TEST_STEP][PASSED] - sendKeys(findTestObject("KeatMun/Form 7_default/OTC_Submit Form 7_Section F-G-H/Page_PERKESO/i1.--Sila Pilih--_singleFil"), TextFilePathCommon + "\UploadDoc.txt"): Keys 'C:\Users\Admin\Documents\GitHub\PKSKatalon\PKS-EI-ES\Common Zone\UploadDoc.txt' sent to object: 'Object Repository/KeatMun/Form 7_default/OTC_Submit Form 7_Section F-G-H/Page_PERKESO/i1.--Sila Pilih--_singleFil'

2019-02-21 18:22:41 - [MESSAGE][PASSED] - Keys 'C:\Users\Admin\Documents\GitHub\PKSKatalon\PKS-EI-ES\Common Zone\UploadDoc.txt' sent to object: 'Object Repository/KeatMun/Form 7_default/OTC_Submit Form 7_Section F-G-H/Page_PERKESO/i1.--Sila Pilih--_singleFil'

2019-02-21 18:22:41 - [TEST_STEP][PASSED] - delay(3): Delayed 3 second(s)

2019-02-21 18:22:44 - [MESSAGE][PASSED] - Delayed 3 second(s)

2019-02-21 18:22:44 - [TEST_STEP][PASSED] - click(findTestObject("KeatMun/Form 7_default/OTC_Submit Form 7_Section F-G-H/Page_PERKESO/i1.Add - Tambah Dokumen (1)")): Object: 'Object Repository/KeatMun/Form 7_default/OTC_Submit Form 7_Section F-G-H/Page_PERKESO/i1.Add - Tambah Dokumen (1)' is clicked on

2019-02-21 18:22:44 - [MESSAGE][PASSED] - Object: 'Object Repository/KeatMun/Form 7_default/OTC_Submit Form 7_Section F-G-H/Page_PERKESO/i1.Add - Tambah Dokumen (1)' is clicked on

2019-02-21 18:22:44 - [TEST_STEP][PASSED] - delay(3): Delayed 3 second(s)

2019-02-21 18:22:47 - [MESSAGE][PASSED] - Delayed 3 second(s)

2019-02-21 18:22:47 - [TEST_STEP][PASSED] - acceptAlert(): Alert accepted

2019-02-21 18:22:47 - [MESSAGE][PASSED] - Alert accepted

2019-02-21 18:22:47 - [TEST_STEP][PASSED] - delay(3): Delayed 3 second(s)

2019-02-21 18:22:50 - [MESSAGE][PASSED] - Delayed 3 second(s)

2019-02-21 18:22:50 - [TEST_STEP][PASSED] - click(findTestObject("KeatMun/Form 7_default/OTC_Submit Form 7_Section F-G-H/Page_PERKESO/i2. mandatory_document2")): Object: 'Object Repository/KeatMun/Form 7_default/OTC_Submit Form 7_Section F-G-H/Page_PERKESO/i2. mandatory_document2' is clicked on

2019-02-21 18:22:50 - [MESSAGE][PASSED] - Object: 'Object Repository/KeatMun/Form 7_default/OTC_Submit Form 7_Section F-G-H/Page_PERKESO/i2. mandatory_document2' is clicked on

2019-02-21 18:22:50 - [TEST_STEP][PASSED] - delay(3): Delayed 3 second(s)

2019-02-21 18:22:53 - [MESSAGE][PASSED] - Delayed 3 second(s)

2019-02-21 18:22:53 - [TEST_STEP][PASSED] - click(findTestObject("KeatMun/Form 7_default/OTC_Submit Form 7_Section F-G-H/Page_PERKESO/i2. input_Ya_optradio")): Object: 'Object Repository/KeatMun/Form 7_default/OTC_Submit Form 7_Section F-G-H/Page_PERKESO/i2. input_Ya_optradio' is clicked on

2019-02-21 18:22:54 - [MESSAGE][PASSED] - Object: 'Object Repository/KeatMun/Form 7_default/OTC_Submit Form 7_Section F-G-H/Page_PERKESO/i2. input_Ya_optradio' is clicked on

2019-02-21 18:22:54 - [TEST_STEP][PASSED] - delay(3): Delayed 3 second(s)

2019-02-21 18:22:57 - [MESSAGE][PASSED] - Delayed 3 second(s)

2019-02-21 18:22:57 - [TEST_STEP][PASSED] - sendKeys(findTestObject("KeatMun/Form 7_default/OTC_Submit Form 7_Section F-G-H/Page_PERKESO/i1.--Sila Pilih--_singleFil"), TextFilePathCommon + "\UploadDoc.txt"): Keys 'C:\Users\Admin\Documents\GitHub\PKSKatalon\PKS-EI-ES\Common Zone\UploadDoc.txt' sent to object: 'Object Repository/KeatMun/Form 7_default/OTC_Submit Form 7_Section F-G-H/Page_PERKESO/i1.--Sila Pilih--_singleFil'

2019-02-21 18:22:57 - [MESSAGE][PASSED] - Keys 'C:\Users\Admin\Documents\GitHub\PKSKatalon\PKS-EI-ES\Common Zone\UploadDoc.txt' sent to object: 'Object Repository/KeatMun/Form 7_default/OTC_Submit Form 7_Section F-G-H/Page_PERKESO/i1.--Sila Pilih--_singleFil'

2019-02-21 18:22:57 - [TEST_STEP][PASSED] - delay(3): Delayed 3 second(s)

2019-02-21 18:23:00 - [MESSAGE][PASSED] - Delayed 3 second(s)

2019-02-21 18:23:00 - [TEST_STEP][PASSED] - click(findTestObject("KeatMun/Form 7_default/OTC_Submit Form 7_Section F-G-H/Page_PERKESO/i2. button_Tambah Dokumen")): Object: 'Object Repository/KeatMun/Form 7_default/OTC_Submit Form 7_Section F-G-H/Page_PERKESO/i2. button_Tambah Dokumen' is clicked on

2019-02-21 18:23:00 - [MESSAGE][PASSED] - Object: 'Object Repository/KeatMun/Form 7_default/OTC_Submit Form 7_Section F-G-H/Page_PERKESO/i2. button_Tambah Dokumen' is clicked on

2019-02-21 18:23:00 - [TEST_STEP][PASSED] - delay(3): Delayed 3 second(s)

2019-02-21 18:23:03 - [MESSAGE][PASSED] - Delayed 3 second(s)

2019-02-21 18:23:03 - [TEST_STEP][PASSED] - acceptAlert(): Alert accepted

2019-02-21 18:23:03 - [MESSAGE][PASSED] - Alert accepted

2019-02-21 18:23:03 - [TEST_STEP][PASSED] - delay(3): Delayed 3 second(s)

2019-02-21 18:23:06 - [MESSAGE][PASSED] - Delayed 3 second(s)

2019-02-21 18:23:06 - [TEST_STEP][PASSED] - click(findTestObject("KeatMun/Form 7_default/OTC_Submit Form 7_Section F-G-H/Page_PERKESO/i3. mandatory_document3")): Object: 'Object Repository/KeatMun/Form 7_default/OTC_Submit Form 7_Section F-G-H/Page_PERKESO/i3. mandatory_document3' is clicked on

2019-02-21 18:23:06 - [MESSAGE][PASSED] - Object: 'Object Repository/KeatMun/Form 7_default/OTC_Submit Form 7_Section F-G-H/Page_PERKESO/i3. mandatory_document3' is clicked on

2019-02-21 18:23:06 - [TEST_STEP][PASSED] - delay(3): Delayed 3 second(s)

2019-02-21 18:23:09 - [MESSAGE][PASSED] - Delayed 3 second(s)

2019-02-21 18:23:09 - [TEST_STEP][PASSED] - click(findTestObject("KeatMun/Form 7_default/OTC_Submit Form 7_Section F-G-H/Page_PERKESO/i2. input_Ya_optradio")): Object: 'Object Repository/KeatMun/Form 7_default/OTC_Submit Form 7_Section F-G-H/Page_PERKESO/i2. input_Ya_optradio' is clicked on

2019-02-21 18:23:09 - [MESSAGE][PASSED] - Object: 'Object Repository/KeatMun/Form 7_default/OTC_Submit Form 7_Section F-G-H/Page_PERKESO/i2. input_Ya_optradio' is clicked on

2019-02-21 18:23:09 - [TEST_STEP][PASSED] - delay(3): Delayed 3 second(s)

2019-02-21 18:23:12 - [MESSAGE][PASSED] - Delayed 3 second(s)

2019-02-21 18:23:12 - [TEST_STEP][PASSED] - sendKeys(findTestObject("KeatMun/Form 7_default/OTC_Submit Form 7_Section F-G-H/Page_PERKESO/i1.--Sila Pilih--_singleFil"), TextFilePathCommon + "\UploadDoc.txt"): Keys 'C:\Users\Admin\Documents\GitHub\PKSKatalon\PKS-EI-ES\Common Zone\UploadDoc.txt' sent to object: 'Object Repository/KeatMun/Form 7_default/OTC_Submit Form 7_Section F-G-H/Page_PERKESO/i1.--Sila Pilih--_singleFil'

2019-02-21 18:23:12 - [MESSAGE][PASSED] - Keys 'C:\Users\Admin\Documents\GitHub\PKSKatalon\PKS-EI-ES\Common Zone\UploadDoc.txt' sent to object: 'Object Repository/KeatMun/Form 7_default/OTC_Submit Form 7_Section F-G-H/Page_PERKESO/i1.--Sila Pilih--_singleFil'

2019-02-21 18:23:12 - [TEST_STEP][PASSED] - delay(3): Delayed 3 second(s)

2019-02-21 18:23:15 - [MESSAGE][PASSED] - Delayed 3 second(s)

2019-02-21 18:23:15 - [TEST_STEP][PASSED] - click(findTestObject("KeatMun/Form 7_default/OTC_Submit Form 7_Section F-G-H/Page_PERKESO/i2. button_Tambah Dokumen")): Object: 'Object Repository/KeatMun/Form 7_default/OTC_Submit Form 7_Section F-G-H/Page_PERKESO/i2. button_Tambah Dokumen' is clicked on

2019-02-21 18:23:15 - [MESSAGE][PASSED] - Object: 'Object Repository/KeatMun/Form 7_default/OTC_Submit Form 7_Section F-G-H/Page_PERKESO/i2. button_Tambah Dokumen' is clicked on

2019-02-21 18:23:15 - [TEST_STEP][PASSED] - delay(3): Delayed 3 second(s)

2019-02-21 18:23:18 - [MESSAGE][PASSED] - Delayed 3 second(s)

2019-02-21 18:23:18 - [TEST_STEP][PASSED] - acceptAlert(): Alert accepted

2019-02-21 18:23:18 - [MESSAGE][PASSED] - Alert accepted

2019-02-21 18:23:18 - [TEST_STEP][PASSED] - delay(3): Delayed 3 second(s)

2019-02-21 18:23:21 - [MESSAGE][PASSED] - Delayed 3 second(s)

2019-02-21 18:23:21 - [TEST_STEP][PASSED] - click(findTestObject("KeatMun/Form 7_default/OTC_Submit Form 7_Section F-G-H/Page_PERKESO/i4. mandatory_document4")): Object: 'Object Repository/KeatMun/Form 7_default/OTC_Submit Form 7_Section F-G-H/Page_PERKESO/i4. mandatory_document4' is clicked on

2019-02-21 18:23:22 - [MESSAGE][PASSED] - Object: 'Object Repository/KeatMun/Form 7_default/OTC_Submit Form 7_Section F-G-H/Page_PERKESO/i4. mandatory_document4' is clicked on

2019-02-21 18:23:22 - [TEST_STEP][PASSED] - delay(3): Delayed 3 second(s)

2019-02-21 18:23:25 - [MESSAGE][PASSED] - Delayed 3 second(s)

2019-02-21 18:23:25 - [TEST_STEP][PASSED] - click(findTestObject("KeatMun/Form 7_default/OTC_Submit Form 7_Section F-G-H/Page_PERKESO/i4. _Ya_optradio")): Object: 'Object Repository/KeatMun/Form 7_default/OTC_Submit Form 7_Section F-G-H/Page_PERKESO/i4. _Ya_optradio' is clicked on

2019-02-21 18:23:25 - [MESSAGE][PASSED] - Object: 'Object Repository/KeatMun/Form 7_default/OTC_Submit Form 7_Section F-G-H/Page_PERKESO/i4. _Ya_optradio' is clicked on

2019-02-21 18:23:25 - [TEST_STEP][PASSED] - delay(3): Delayed 3 second(s)

2019-02-21 18:23:28 - [MESSAGE][PASSED] - Delayed 3 second(s)

2019-02-21 18:23:28 - [TEST_STEP][PASSED] - sendKeys(findTestObject("KeatMun/Form 7_default/OTC_Submit Form 7_Section F-G-H/Page_PERKESO/i1.--Sila Pilih--_singleFil"), TextFilePathCommon + "\UploadDoc.txt"): Keys 'C:\Users\Admin\Documents\GitHub\PKSKatalon\PKS-EI-ES\Common Zone\UploadDoc.txt' sent to object: 'Object Repository/KeatMun/Form 7_default/OTC_Submit Form 7_Section F-G-H/Page_PERKESO/i1.--Sila Pilih--_singleFil'

2019-02-21 18:23:28 - [MESSAGE][PASSED] - Keys 'C:\Users\Admin\Documents\GitHub\PKSKatalon\PKS-EI-ES\Common Zone\UploadDoc.txt' sent to object: 'Object Repository/KeatMun/Form 7_default/OTC_Submit Form 7_Section F-G-H/Page_PERKESO/i1.--Sila Pilih--_singleFil'

2019-02-21 18:23:28 - [TEST_STEP][PASSED] - delay(3): Delayed 3 second(s)

2019-02-21 18:23:31 - [MESSAGE][PASSED] - Delayed 3 second(s)

2019-02-21 18:23:31 - [TEST_STEP][PASSED] - click(findTestObject("KeatMun/Form 7_default/OTC_Submit Form 7_Section F-G-H/Page_PERKESO/i2. button_Tambah Dokumen")): Object: 'Object Repository/KeatMun/Form 7_default/OTC_Submit Form 7_Section F-G-H/Page_PERKESO/i2. button_Tambah Dokumen' is clicked on

2019-02-21 18:23:31 - [MESSAGE][PASSED] - Object: 'Object Repository/KeatMun/Form 7_default/OTC_Submit Form 7_Section F-G-H/Page_PERKESO/i2. button_Tambah Dokumen' is clicked on

2019-02-21 18:23:31 - [TEST_STEP][PASSED] - delay(3): Delayed 3 second(s)

2019-02-21 18:23:34 - [MESSAGE][PASSED] - Delayed 3 second(s)

2019-02-21 18:23:34 - [TEST_STEP][PASSED] - acceptAlert(): Alert accepted

2019-02-21 18:23:34 - [MESSAGE][PASSED] - Alert accepted

2019-02-21 18:23:34 - [TEST_STEP][PASSED] - delay(3): Delayed 3 second(s)

2019-02-21 18:23:37 - [MESSAGE][PASSED] - Delayed 3 second(s)

2019-02-21 18:23:37 - [TEST_STEP][PASSED] - click(findTestObject("KeatMun/Form 7_default/OTC_Submit Form 7_Section F-G-H/Page_PERKESO/button_Hantar")): Object: 'Object Repository/KeatMun/Form 7_default/OTC_Submit Form 7_Section F-G-H/Page_PERKESO/button_Hantar' is clicked on

2019-02-21 18:23:37 - [MESSAGE][PASSED] - Object: 'Object Repository/KeatMun/Form 7_default/OTC_Submit Form 7_Section F-G-H/Page_PERKESO/button_Hantar' is clicked on

2019-02-21 18:23:37 - [TEST_STEP][PASSED] - delay(3): Delayed 3 second(s)

2019-02-21 18:23:40 - [MESSAGE][PASSED] - Delayed 3 second(s)

2019-02-21 18:23:40 - [TEST_STEP][PASSED] - UserName = getText(findTestObject("KeatMun/Form 7_default/OTC_Submit Form 7_Section F-G-H/Page_PERKESO/strong_FAST2")): Text of object 'Object Repository/KeatMun/Form 7_default/OTC_Submit Form 7_Section F-G-H/Page_PERKESO/strong_FAST2' is: 'AANOL KHAMARIYAH BINTI MAHER'

2019-02-21 18:23:40 - [MESSAGE][PASSED] - Text of object 'Object Repository/KeatMun/Form 7_default/OTC_Submit Form 7_Section F-G-H/Page_PERKESO/strong_FAST2' is: 'AANOL KHAMARIYAH BINTI MAHER'

2019-02-21 18:23:40 - [TEST_STEP][PASSED] - callTestCase(findTestCase("All TC/Arranged/1. Common/1.2 Setter/Setter UserName"), [:], STOP_ON_FAILURE): Call Test Case 'Test Cases/All TC/Arranged/1. Common/1.2 Setter/Setter UserName' successfully

2019-02-21 18:23:40 - [TEST_CASE][PASSED] - Test Cases/All TC/Arranged/1. Common/1.2 Setter/Setter UserName: Test Cases/All TC/Arranged/1. Common/1.2 Setter/Setter UserName

2019-02-21 18:23:40 - [TEST_STEP][PASSED] - RefNoOldFile = new java.io.File((internal.GlobalVariable.TextFilePathCommon + \getUser.txt)): null

2019-02-21 18:23:40 - [TEST_STEP][PASSED] - RefNoOldFile.delete(): null

2019-02-21 18:23:40 - [TEST_STEP][PASSED] - delay(5): Delayed 5 second(s)

2019-02-21 18:23:45 - [MESSAGE][PASSED] - Delayed 5 second(s)

2019-02-21 18:23:45 - [TEST_STEP][PASSED] - RefNo = new java.io.File((internal.GlobalVariable.TextFilePathCommon + \getUser.txt)): null

2019-02-21 18:23:45 - [TEST_STEP][PASSED] - f2 = new java.io.FileWriter(RefNo, false): null

2019-02-21 18:23:45 - [TEST_STEP][PASSED] - f2.write(UserName): null

2019-02-21 18:23:45 - [TEST_STEP][PASSED] - f2.close(): null

2019-02-21 18:23:45 - [TEST_STEP][PASSED] - out.println("


" + UserName + "


"): null

2019-02-21 18:23:45 - [MESSAGE][PASSED] - Call Test Case 'Test Cases/All TC/Arranged/1. Common/1.2 Setter/Setter UserName' successfully

2019-02-21 18:23:45 - [TEST_STEP][PASSED] - IC = getText(findTestObject("KeatMun/Form 7_default/OTC_Submit Form 7_Section F-G-H/Page_PERKESO/strong_950000140051")): Text of object 'Object Repository/KeatMun/Form 7_default/OTC_Submit Form 7_Section F-G-H/Page_PERKESO/strong_950000140051' is: '840726145922'

2019-02-21 18:23:45 - [MESSAGE][PASSED] - Text of object 'Object Repository/KeatMun/Form 7_default/OTC_Submit Form 7_Section F-G-H/Page_PERKESO/strong_950000140051' is: '840726145922'

2019-02-21 18:23:45 - [TEST_STEP][PASSED] - callTestCase(findTestCase("All TC/Arranged/1. Common/1.2 Setter/Setter IC"), [:], STOP_ON_FAILURE): Call Test Case 'Test Cases/All TC/Arranged/1. Common/1.2 Setter/Setter IC' successfully

2019-02-21 18:23:46 - [TEST_CASE][PASSED] - Test Cases/All TC/Arranged/1. Common/1.2 Setter/Setter IC: Test Cases/All TC/Arranged/1. Common/1.2 Setter/Setter IC

2019-02-21 18:23:46 - [TEST_STEP][PASSED] - RefNoOldFile = new java.io.File((internal.GlobalVariable.TextFilePathCommon + \getIC.txt)): null

2019-02-21 18:23:46 - [TEST_STEP][PASSED] - RefNoOldFile.delete(): null

2019-02-21 18:23:46 - [TEST_STEP][PASSED] - delay(5): Delayed 5 second(s)

2019-02-21 18:23:51 - [MESSAGE][PASSED] - Delayed 5 second(s)

2019-02-21 18:23:51 - [TEST_STEP][PASSED] - RefNo = new java.io.File((internal.GlobalVariable.TextFilePathCommon + \getIC.txt)): null

2019-02-21 18:23:51 - [TEST_STEP][PASSED] - f2 = new java.io.FileWriter(RefNo, false): null

2019-02-21 18:23:51 - [TEST_STEP][PASSED] - f2.write(IC): null

2019-02-21 18:23:51 - [TEST_STEP][PASSED] - f2.close(): null

2019-02-21 18:23:51 - [TEST_STEP][PASSED] - out.println("


" + IC + "


"): null

2019-02-21 18:23:51 - [MESSAGE][PASSED] - Call Test Case 'Test Cases/All TC/Arranged/1. Common/1.2 Setter/Setter IC' successfully

2019-02-21 18:23:51 - [TEST_STEP][PASSED] - CaseID = getText(findTestObject("KeatMun/Form 7_default/OTC_Submit Form 7_Section F-G-H/Page_PERKESO/strong_SIPE1119070000004")): Text of object 'Object Repository/KeatMun/Form 7_default/OTC_Submit Form 7_Section F-G-H/Page_PERKESO/strong_SIPE1119070000004' is: 'SIPE1119070000041'

2019-02-21 18:23:51 - [MESSAGE][PASSED] - Text of object 'Object Repository/KeatMun/Form 7_default/OTC_Submit Form 7_Section F-G-H/Page_PERKESO/strong_SIPE1119070000004' is: 'SIPE1119070000041'

2019-02-21 18:23:51 - [TEST_STEP][PASSED] - callTestCase(findTestCase("All TC/Arranged/1. Common/1.2 Setter/Setter Case ID"), [:], STOP_ON_FAILURE): Call Test Case 'Test Cases/All TC/Arranged/1. Common/1.2 Setter/Setter Case ID' successfully

2019-02-21 18:23:51 - [TEST_CASE][PASSED] - Test Cases/All TC/Arranged/1. Common/1.2 Setter/Setter Case ID: Test Cases/All TC/Arranged/1. Common/1.2 Setter/Setter Case ID

2019-02-21 18:23:51 - [TEST_STEP][PASSED] - RefNoOldFile = new java.io.File((internal.GlobalVariable.TextFilePathCommon + \getCaseID.txt)): null

2019-02-21 18:23:51 - [TEST_STEP][PASSED] - RefNoOldFile.delete(): null

2019-02-21 18:23:51 - [TEST_STEP][PASSED] - delay(5): Delayed 5 second(s)

2019-02-21 18:23:56 - [MESSAGE][PASSED] - Delayed 5 second(s)

2019-02-21 18:23:56 - [TEST_STEP][PASSED] - RefNo = new java.io.File((internal.GlobalVariable.TextFilePathCommon + \getCaseID.txt)): null

2019-02-21 18:23:56 - [TEST_STEP][PASSED] - f2 = new java.io.FileWriter(RefNo, false): null

2019-02-21 18:23:56 - [TEST_STEP][PASSED] - f2.write(CaseID): null

2019-02-21 18:23:56 - [TEST_STEP][PASSED] - f2.close(): null

2019-02-21 18:23:56 - [TEST_STEP][PASSED] - out.println("


" + CaseID + "


"): null

2019-02-21 18:23:56 - [MESSAGE][PASSED] - Call Test Case 'Test Cases/All TC/Arranged/1. Common/1.2 Setter/Setter Case ID' successfully

2019-02-21 18:23:56 - [TEST_STEP][PASSED] - Password = getText(findTestObject("KeatMun/Form 7_default/OTC_Submit Form 7_Section F-G-H/Page_PERKESO/strong_OOPQe0i4")): Text of object 'Object Repository/KeatMun/Form 7_default/OTC_Submit Form 7_Section F-G-H/Page_PERKESO/strong_OOPQe0i4' is: 'vEzhBRrH'

2019-02-21 18:23:56 - [MESSAGE][PASSED] - Text of object 'Object Repository/KeatMun/Form 7_default/OTC_Submit Form 7_Section F-G-H/Page_PERKESO/strong_OOPQe0i4' is: 'vEzhBRrH'

2019-02-21 18:23:56 - [TEST_STEP][PASSED] - callTestCase(findTestCase("All TC/Arranged/1. Common/1.2 Setter/Setter Password"), [:], STOP_ON_FAILURE): Call Test Case 'Test Cases/All TC/Arranged/1. Common/1.2 Setter/Setter Password' successfully

2019-02-21 18:23:56 - [TEST_CASE][PASSED] - Test Cases/All TC/Arranged/1. Common/1.2 Setter/Setter Password: Test Cases/All TC/Arranged/1. Common/1.2 Setter/Setter Password

2019-02-21 18:23:56 - [TEST_STEP][PASSED] - RefNoOldFile = new java.io.File((internal.GlobalVariable.TextFilePathCommon + \getPassword.txt)): null

2019-02-21 18:23:56 - [TEST_STEP][PASSED] - RefNoOldFile.delete(): null

2019-02-21 18:23:56 - [TEST_STEP][PASSED] - delay(5): Delayed 5 second(s)

2019-02-21 18:24:01 - [MESSAGE][PASSED] - Delayed 5 second(s)

2019-02-21 18:24:01 - [TEST_STEP][PASSED] - RefNo = new java.io.File((internal.GlobalVariable.TextFilePathCommon + \getPassword.txt)): null

2019-02-21 18:24:01 - [TEST_STEP][PASSED] - f2 = new java.io.FileWriter(RefNo, false): null

2019-02-21 18:24:01 - [TEST_STEP][PASSED] - f2.write(Password): null

2019-02-21 18:24:01 - [TEST_STEP][PASSED] - f2.close(): null

2019-02-21 18:24:01 - [TEST_STEP][PASSED] - out.println("


" + Password + "


"): null

2019-02-21 18:24:01 - [MESSAGE][PASSED] - Call Test Case 'Test Cases/All TC/Arranged/1. Common/1.2 Setter/Setter Password' successfully

2019-02-21 18:24:01 - [MESSAGE][PASSED] - Call Test Case 'Test Cases/All TC/Arranged/3. Unit/EI/Form 7_default/OTC_Submit Form 7_Section F-G-H - Cheque' successfully

2019-02-21 18:24:01 - [MESSAGE][PASSED] - Call Test Case 'Test Cases/All TC/Arranged/2. Segment/OTC_Submit Form 7_End to End - Cheque' successfully

2019-02-21 18:24:01 - [TEST_STEP][PASSED] - callTestCase(findTestCase("All TC/Arranged/2. Segment/2.2 Check Status/Check Status - Case ID"), [:], STOP_ON_FAILURE): Call Test Case 'Test Cases/All TC/Arranged/2. Segment/2.2 Check Status/Check Status - Case ID' successfully

2019-02-21 18:24:01 - [TEST_CASE][PASSED] - Test Cases/All TC/Arranged/2. Segment/2.2 Check Status/Check Status - Case ID: Test Cases/All TC/Arranged/2. Segment/2.2 Check Status/Check Status - Case ID

2019-02-21 18:24:01 - [TEST_STEP][PASSED] - openBrowser(""): Browser is opened with url: ''

2019-02-21 18:24:01 - [MESSAGE][WARNING] - A browser is already opened. Closing browser and opening a new one

2019-02-21 18:24:02 - [MESSAGE][INFO] - Starting 'Chrome' driver

2019-02-21 18:24:02 - [MESSAGE][INFO] - User set preference: ['args', '[--start-maximized]']

2019-02-21 18:24:04 - [MESSAGE][PASSED] - Browser is opened with url: ''

2019-02-21 18:24:04 - [TEST_STEP][PASSED] - navigateToUrl(Internal_Login): Navigate to 'http://10.20.24.188/eisportal/user/login' successfully

2019-02-21 18:24:04 - [MESSAGE][PASSED] - Navigate to 'http://10.20.24.188/eisportal/user/login' successfully

2019-02-21 18:24:04 - [TEST_STEP][PASSED] - setText(findTestObject("KinJun/2.0 Check Status/Check Status - Case ID/Page_PERKESO/Input Username"), "nadia.harun@perkeso.gov.my"): Text 'nadia.harun@perkeso.gov.my' is set on object 'Object Repository/KinJun/2.0 Check Status/Check Status - Case ID/Page_PERKESO/Input Username'

2019-02-21 18:24:05 - [MESSAGE][PASSED] - Text 'nadia.harun@perkeso.gov.my' is set on object 'Object Repository/KinJun/2.0 Check Status/Check Status - Case ID/Page_PERKESO/Input Username'

2019-02-21 18:24:05 - [TEST_STEP][PASSED] - setEncryptedText(findTestObject("KinJun/2.0 Check Status/Check Status - Case ID/Page_PERKESO/Input Password"), "CQqwFZlbeC8="): Text ****** has been set on object 'Object Repository/KinJun/2.0 Check Status/Check Status - Case ID/Page_PERKESO/Input Password'

2019-02-21 18:24:05 - [MESSAGE][PASSED] - Text ****** has been set on object 'Object Repository/KinJun/2.0 Check Status/Check Status - Case ID/Page_PERKESO/Input Password'

2019-02-21 18:24:05 - [TEST_STEP][PASSED] - click(findTestObject("KinJun/2.0 Check Status/Check Status - Case ID/Page_PERKESO/Btn Login")): Object: 'Object Repository/KinJun/2.0 Check Status/Check Status - Case ID/Page_PERKESO/Btn Login' is clicked on

2019-02-21 18:24:06 - [MESSAGE][PASSED] - Object: 'Object Repository/KinJun/2.0 Check Status/Check Status - Case ID/Page_PERKESO/Btn Login' is clicked on

2019-02-21 18:24:06 - [TEST_STEP][PASSED] - delay(3): Delayed 3 second(s)

2019-02-21 18:24:09 - [MESSAGE][PASSED] - Delayed 3 second(s)

2019-02-21 18:24:09 - [TEST_STEP][PASSED] - callTestCase(findTestCase("All TC/Arranged/1. Common/1.1 Getter/Getter IC"), [:], STOP_ON_FAILURE): Call Test Case 'Test Cases/All TC/Arranged/1. Common/1.1 Getter/Getter IC' successfully

2019-02-21 18:24:09 - [TEST_CASE][PASSED] - Test Cases/All TC/Arranged/1. Common/1.1 Getter/Getter IC: Test Cases/All TC/Arranged/1. Common/1.1 Getter/Getter IC

2019-02-21 18:24:09 - [TEST_STEP][PASSED] - try: null

2019-02-21 18:24:09 - [TEST_STEP][PASSED] - RefNo = new java.io.File((internal.GlobalVariable.TextFilePathCommon + \getIC.txt)): null

2019-02-21 18:24:09 - [TEST_STEP][PASSED] - bufferread = new java.io.BufferedReader(new java.io.FileReader(RefNo)): null

2019-02-21 18:24:09 - [TEST_STEP][PASSED] - readedVal = bufferread.readLine(): null

2019-02-21 18:24:09 - [TEST_STEP][PASSED] - out.println(IC): null

2019-02-21 18:24:09 - [TEST_STEP][PASSED] - out.println(readedVal): null

2019-02-21 18:24:09 - [TEST_STEP][PASSED] - IC = "": null

2019-02-21 18:24:09 - [TEST_STEP][PASSED] - IC = readedVal: null

2019-02-21 18:24:09 - [MESSAGE][PASSED] - Call Test Case 'Test Cases/All TC/Arranged/1. Common/1.1 Getter/Getter IC' successfully

2019-02-21 18:24:09 - [TEST_STEP][PASSED] - setText(findTestObject("KinJun/2.0 Check Status/Check Status - Case ID/Page_PERKESO/Input IC"), IC): Text '840726145922' is set on object 'Object Repository/KinJun/2.0 Check Status/Check Status - Case ID/Page_PERKESO/Input IC'

2019-02-21 18:24:09 - [MESSAGE][PASSED] - Text '840726145922' is set on object 'Object Repository/KinJun/2.0 Check Status/Check Status - Case ID/Page_PERKESO/Input IC'

2019-02-21 18:24:09 - [TEST_STEP][PASSED] - delay(3): Delayed 3 second(s)

2019-02-21 18:24:12 - [MESSAGE][PASSED] - Delayed 3 second(s)

2019-02-21 18:24:12 - [TEST_STEP][PASSED] - click(findTestObject("KinJun/2.0 Check Status/Check Status - Case ID/Page_PERKESO/Btn Check")): Object: 'Object Repository/KinJun/2.0 Check Status/Check Status - Case ID/Page_PERKESO/Btn Check' is clicked on

2019-02-21 18:24:13 - [MESSAGE][PASSED] - Object: 'Object Repository/KinJun/2.0 Check Status/Check Status - Case ID/Page_PERKESO/Btn Check' is clicked on

2019-02-21 18:24:13 - [TEST_STEP][PASSED] - UserName = getText(findTestObject("KinJun/2.0 Check Status/Check Status - Case ID/Page_PERKESO/TD Username")): Text of object 'Object Repository/KinJun/2.0 Check Status/Check Status - Case ID/Page_PERKESO/TD Username' is: 'JHEIO2'

2019-02-21 18:24:13 - [MESSAGE][PASSED] - Text of object 'Object Repository/KinJun/2.0 Check Status/Check Status - Case ID/Page_PERKESO/TD Username' is: 'JHEIO2'

2019-02-21 18:24:13 - [TEST_STEP][PASSED] - callTestCase(findTestCase("All TC/Arranged/1. Common/1.2 Setter/Setter UserName"), [:], STOP_ON_FAILURE): Call Test Case 'Test Cases/All TC/Arranged/1. Common/1.2 Setter/Setter UserName' successfully

2019-02-21 18:24:13 - [TEST_CASE][PASSED] - Test Cases/All TC/Arranged/1. Common/1.2 Setter/Setter UserName: Test Cases/All TC/Arranged/1. Common/1.2 Setter/Setter UserName

2019-02-21 18:24:13 - [TEST_STEP][PASSED] - RefNoOldFile = new java.io.File((internal.GlobalVariable.TextFilePathCommon + \getUser.txt)): null

2019-02-21 18:24:13 - [TEST_STEP][PASSED] - RefNoOldFile.delete(): null

2019-02-21 18:24:13 - [TEST_STEP][PASSED] - delay(5): Delayed 5 second(s)

2019-02-21 18:24:18 - [MESSAGE][PASSED] - Delayed 5 second(s)

2019-02-21 18:24:18 - [TEST_STEP][PASSED] - RefNo = new java.io.File((internal.GlobalVariable.TextFilePathCommon + \getUser.txt)): null

2019-02-21 18:24:18 - [TEST_STEP][PASSED] - f2 = new java.io.FileWriter(RefNo, false): null

2019-02-21 18:24:18 - [TEST_STEP][PASSED] - f2.write(UserName): null

2019-02-21 18:24:18 - [TEST_STEP][PASSED] - f2.close(): null

2019-02-21 18:24:18 - [TEST_STEP][PASSED] - out.println("


" + UserName + "


"): null

2019-02-21 18:24:18 - [MESSAGE][PASSED] - Call Test Case 'Test Cases/All TC/Arranged/1. Common/1.2 Setter/Setter UserName' successfully

2019-02-21 18:24:18 - [TEST_STEP][PASSED] - click(findTestObject("KinJun/2.0 Check Status/Check Status - Case ID/Page_PERKESO/Click Username")): Object: 'Object Repository/KinJun/2.0 Check Status/Check Status - Case ID/Page_PERKESO/Click Username' is clicked on

2019-02-21 18:24:18 - [MESSAGE][PASSED] - Object: 'Object Repository/KinJun/2.0 Check Status/Check Status - Case ID/Page_PERKESO/Click Username' is clicked on

2019-02-21 18:24:18 - [TEST_STEP][PASSED] - delay(3): Delayed 3 second(s)

2019-02-21 18:24:21 - [MESSAGE][PASSED] - Delayed 3 second(s)

2019-02-21 18:24:21 - [TEST_STEP][PASSED] - click(findTestObject("KinJun/2.0 Check Status/Check Status - Case ID/Page_PERKESO/Log Out")): Object: 'Object Repository/KinJun/2.0 Check Status/Check Status - Case ID/Page_PERKESO/Log Out' is clicked on

2019-02-21 18:24:22 - [MESSAGE][PASSED] - Object: 'Object Repository/KinJun/2.0 Check Status/Check Status - Case ID/Page_PERKESO/Log Out' is clicked on

2019-02-21 18:24:22 - [MESSAGE][PASSED] - Call Test Case 'Test Cases/All TC/Arranged/2. Segment/2.2 Check Status/Check Status - Case ID' successfully

2019-02-21 18:24:22 - [TEST_STEP][PASSED] - callTestCase(findTestCase("All TC/Arranged/1. Common/IC List Remover"), [:], STOP_ON_FAILURE): Call Test Case 'Test Cases/All TC/Arranged/1. Common/IC List Remover' successfully

2019-02-21 18:24:22 - [TEST_CASE][PASSED] - Test Cases/All TC/Arranged/1. Common/IC List Remover: Test Cases/All TC/Arranged/1. Common/IC List Remover

2019-02-21 18:24:22 - [TEST_STEP][PASSED] - counter = 0: null

2019-02-21 18:24:22 - [TEST_STEP][PASSED] - fis = new java.io.FileInputStream((internal.GlobalVariable.TextFilePathCommon + /IC.xlsx)): null

2019-02-21 18:24:22 - [TEST_STEP][PASSED] - workbook = new org.apache.poi.xssf.usermodel.XSSFWorkbook(fis): null

2019-02-21 18:24:22 - [TEST_STEP][PASSED] - sheet = workbook.getSheet("Sheet1"): null

2019-02-21 18:24:22 - [TEST_STEP][PASSED] - totalRow = sheet.getLastRowNum(): null

2019-02-21 18:24:22 - [TEST_STEP][PASSED] - out.println(totalRow): null

2019-02-21 18:24:22 - [TEST_STEP][PASSED] - row = sheet.getRow(counter): null

2019-02-21 18:24:22 - [TEST_STEP][PASSED] - cell = row.getCell(counter): null

2019-02-21 18:24:22 - [TEST_STEP][PASSED] - out.println("removing this value : " + cell.getStringCellValue()): null

2019-02-21 18:24:22 - [TEST_STEP][PASSED] - sheet.removeRow(sheet.getRow(counter)): null

2019-02-21 18:24:22 - [TEST_STEP][PASSED] - sheet.shiftRows(counter + 1, totalRow, -1): null

2019-02-21 18:24:22 - [TEST_STEP][PASSED] - fos = new java.io.FileOutputStream((internal.GlobalVariable.TextFilePathCommon + /IC.xlsx)): null

2019-02-21 18:24:22 - [TEST_STEP][PASSED] - workbook.write(fos): null

2019-02-21 18:24:22 - [TEST_STEP][PASSED] - fos.close(): null

2019-02-21 18:24:22 - [MESSAGE][PASSED] - Call Test Case 'Test Cases/All TC/Arranged/1. Common/IC List Remover' successfully

2019-02-21 18:24:22 - [TEST_STEP][PASSED] - callTestCase(findTestCase("All TC/Arranged/2. Segment/2.31 RIA Application/EIO Internal Login - RIA Application - Approve"), [:], STOP_ON_FAILURE): Call Test Case 'Test Cases/All TC/Arranged/2. Segment/2.31 RIA Application/EIO Internal Login - RIA Application - Approve' successfully

2019-02-21 18:24:22 - [TEST_CASE][PASSED] - Test Cases/All TC/Arranged/2. Segment/2.31 RIA Application/EIO Internal Login - RIA Application - Approve: Test Cases/All TC/Arranged/2. Segment/2.31 RIA Application/EIO Internal Login - RIA Application - Approve

2019-02-21 18:24:22 - [TEST_STEP][PASSED] - openBrowser(""): Browser is opened with url: ''

2019-02-21 18:24:22 - [MESSAGE][WARNING] - A browser is already opened. Closing browser and opening a new one

2019-02-21 18:24:23 - [MESSAGE][INFO] - Starting 'Chrome' driver

2019-02-21 18:24:23 - [MESSAGE][INFO] - User set preference: ['args', '[--start-maximized]']

2019-02-21 18:24:25 - [MESSAGE][PASSED] - Browser is opened with url: ''

2019-02-21 18:24:25 - [TEST_STEP][PASSED] - navigateToUrl(Internal_Login): Navigate to 'http://10.20.24.188/eisportal/user/login' successfully

2019-02-21 18:24:26 - [MESSAGE][PASSED] - Navigate to 'http://10.20.24.188/eisportal/user/login' successfully

2019-02-21 18:24:26 - [TEST_STEP][PASSED] - callTestCase(findTestCase("All TC/Arranged/1. Common/Internal Email Finder"), [:], STOP_ON_FAILURE): Call Test Case 'Test Cases/All TC/Arranged/1. Common/Internal Email Finder' successfully

2019-02-21 18:24:26 - [TEST_CASE][PASSED] - Test Cases/All TC/Arranged/1. Common/Internal Email Finder: Test Cases/All TC/Arranged/1. Common/Internal Email Finder

2019-02-21 18:24:26 - [TEST_STEP][PASSED] - callTestCase(findTestCase("All TC/Arranged/1. Common/1.1 Getter/Getter UserName"), [:], CONTINUE_ON_FAILURE): Call Test Case 'Test Cases/All TC/Arranged/1. Common/1.1 Getter/Getter UserName' successfully

2019-02-21 18:24:26 - [TEST_CASE][PASSED] - Test Cases/All TC/Arranged/1. Common/1.1 Getter/Getter UserName: Test Cases/All TC/Arranged/1. Common/1.1 Getter/Getter UserName

2019-02-21 18:24:26 - [TEST_STEP][PASSED] - try: null

2019-02-21 18:24:26 - [TEST_STEP][PASSED] - RefNo = new java.io.File((internal.GlobalVariable.TextFilePathCommon + \getUser.txt)): null

2019-02-21 18:24:26 - [TEST_STEP][PASSED] - bufferread = new java.io.BufferedReader(new java.io.FileReader(RefNo)): null

2019-02-21 18:24:26 - [TEST_STEP][PASSED] - readedVal = bufferread.readLine(): null

2019-02-21 18:24:26 - [TEST_STEP][PASSED] - out.println(UserName): null

2019-02-21 18:24:26 - [TEST_STEP][PASSED] - out.println(readedVal): null

2019-02-21 18:24:26 - [TEST_STEP][PASSED] - UserName = "": null

2019-02-21 18:24:26 - [TEST_STEP][PASSED] - UserName = readedVal: null

2019-02-21 18:24:26 - [MESSAGE][PASSED] - Call Test Case 'Test Cases/All TC/Arranged/1. Common/1.1 Getter/Getter UserName' successfully

2019-02-21 18:24:26 - [TEST_STEP][PASSED] - StrA = UserName: null

2019-02-21 18:24:26 - [TEST_STEP][PASSED] - StrB = <not implemented yet for class: org.codehaus.groovy.ast.expr.EmptyExpression>: null

2019-02-21 18:24:26 - [TEST_STEP][PASSED] - Counter = 1: null

2019-02-21 18:24:26 - [TEST_STEP][PASSED] - while (!(StrB.equals(StrA)) && !(Counter > findTestData("Internal User List").getRowNumbers())): null

2019-02-21 18:24:26 - [TEST_STEP][PASSED] - StrB = findTestData("Internal User List").getValue(2, Counter): null

2019-02-21 18:24:26 - [TEST_STEP][PASSED] - if (StrB.equals(StrA)): null

2019-02-21 18:24:26 - [TEST_STEP][PASSED] - (Counter++): null

2019-02-21 18:24:26 - [TEST_STEP][PASSED] - StrB = findTestData("Internal User List").getValue(2, Counter): null

2019-02-21 18:24:26 - [TEST_STEP][PASSED] - if (StrB.equals(StrA)): null

2019-02-21 18:24:26 - [TEST_STEP][PASSED] - (Counter++): null

2019-02-21 18:24:26 - [TEST_STEP][PASSED] - StrB = findTestData("Internal User List").getValue(2, Counter): null

2019-02-21 18:24:26 - [TEST_STEP][PASSED] - if (StrB.equals(StrA)): null

2019-02-21 18:24:26 - [TEST_STEP][PASSED] - (Counter++): null

2019-02-21 18:24:26 - [TEST_STEP][PASSED] - StrB = findTestData("Internal User List").getValue(2, Counter): null

2019-02-21 18:24:26 - [TEST_STEP][PASSED] - if (StrB.equals(StrA)): null

2019-02-21 18:24:26 - [TEST_STEP][PASSED] - (Counter++): null

2019-02-21 18:24:26 - [TEST_STEP][PASSED] - StrB = findTestData("Internal User List").getValue(2, Counter): null

2019-02-21 18:24:26 - [TEST_STEP][PASSED] - if (StrB.equals(StrA)): null

2019-02-21 18:24:26 - [TEST_STEP][PASSED] - (Counter++): null

2019-02-21 18:24:26 - [TEST_STEP][PASSED] - StrB = findTestData("Internal User List").getValue(2, Counter): null

2019-02-21 18:24:26 - [TEST_STEP][PASSED] - if (StrB.equals(StrA)): null

2019-02-21 18:24:26 - [TEST_STEP][PASSED] - (Counter++): null

2019-02-21 18:24:26 - [TEST_STEP][PASSED] - StrB = findTestData("Internal User List").getValue(2, Counter): null

2019-02-21 18:24:26 - [TEST_STEP][PASSED] - if (StrB.equals(StrA)): null

2019-02-21 18:24:26 - [TEST_STEP][PASSED] - (Counter++): null

2019-02-21 18:24:26 - [TEST_STEP][PASSED] - StrB = findTestData("Internal User List").getValue(2, Counter): null

2019-02-21 18:24:26 - [TEST_STEP][PASSED] - if (StrB.equals(StrA)): null

2019-02-21 18:24:26 - [TEST_STEP][PASSED] - (Counter++): null

2019-02-21 18:24:26 - [TEST_STEP][PASSED] - StrB = findTestData("Internal User List").getValue(2, Counter): null

2019-02-21 18:24:26 - [TEST_STEP][PASSED] - if (StrB.equals(StrA)): null

2019-02-21 18:24:26 - [TEST_STEP][PASSED] - (Counter++): null

2019-02-21 18:24:27 - [TEST_STEP][PASSED] - StrB = findTestData("Internal User List").getValue(2, Counter): null

2019-02-21 18:24:27 - [TEST_STEP][PASSED] - if (StrB.equals(StrA)): null

2019-02-21 18:24:27 - [TEST_STEP][PASSED] - (Counter++): null

2019-02-21 18:24:27 - [TEST_STEP][PASSED] - StrB = findTestData("Internal User List").getValue(2, Counter): null

2019-02-21 18:24:27 - [TEST_STEP][PASSED] - if (StrB.equals(StrA)): null

2019-02-21 18:24:27 - [TEST_STEP][PASSED] - (Counter++): null

2019-02-21 18:24:27 - [TEST_STEP][PASSED] - StrB = findTestData("Internal User List").getValue(2, Counter): null

2019-02-21 18:24:27 - [TEST_STEP][PASSED] - if (StrB.equals(StrA)): null

2019-02-21 18:24:27 - [TEST_STEP][PASSED] - (Counter++): null

2019-02-21 18:24:28 - [TEST_STEP][PASSED] - StrB = findTestData("Internal User List").getValue(2, Counter): null

2019-02-21 18:24:28 - [TEST_STEP][PASSED] - if (StrB.equals(StrA)): null

2019-02-21 18:24:28 - [TEST_STEP][PASSED] - (Counter++): null

2019-02-21 18:24:28 - [TEST_STEP][PASSED] - StrB = findTestData("Internal User List").getValue(2, Counter): null

2019-02-21 18:24:28 - [TEST_STEP][PASSED] - if (StrB.equals(StrA)): null

2019-02-21 18:24:28 - [TEST_STEP][PASSED] - (Counter++): null

2019-02-21 18:24:28 - [TEST_STEP][PASSED] - StrB = findTestData("Internal User List").getValue(2, Counter): null

2019-02-21 18:24:28 - [TEST_STEP][PASSED] - if (StrB.equals(StrA)): null

2019-02-21 18:24:28 - [TEST_STEP][PASSED] - (Counter++): null

2019-02-21 18:24:28 - [TEST_STEP][PASSED] - StrB = findTestData("Internal User List").getValue(2, Counter): null

2019-02-21 18:24:28 - [TEST_STEP][PASSED] - if (StrB.equals(StrA)): null

2019-02-21 18:24:28 - [TEST_STEP][PASSED] - (Counter++): null

2019-02-21 18:24:28 - [TEST_STEP][PASSED] - StrB = findTestData("Internal User List").getValue(2, Counter): null

2019-02-21 18:24:28 - [TEST_STEP][PASSED] - if (StrB.equals(StrA)): null

2019-02-21 18:24:28 - [TEST_STEP][PASSED] - (Counter++): null

2019-02-21 18:24:28 - [TEST_STEP][PASSED] - StrB = findTestData("Internal User List").getValue(2, Counter): null

2019-02-21 18:24:28 - [TEST_STEP][PASSED] - if (StrB.equals(StrA)): null

2019-02-21 18:24:28 - [TEST_STEP][PASSED] - (Counter++): null

2019-02-21 18:24:28 - [TEST_STEP][PASSED] - StrB = findTestData("Internal User List").getValue(2, Counter): null

2019-02-21 18:24:28 - [TEST_STEP][PASSED] - if (StrB.equals(StrA)): null

2019-02-21 18:24:28 - [TEST_STEP][PASSED] - (Counter++): null

2019-02-21 18:24:28 - [TEST_STEP][PASSED] - StrB = findTestData("Internal User List").getValue(2, Counter): null

2019-02-21 18:24:28 - [TEST_STEP][PASSED] - if (StrB.equals(StrA)): null

2019-02-21 18:24:29 - [TEST_STEP][PASSED] - (Counter++): null

2019-02-21 18:24:29 - [TEST_STEP][PASSED] - StrB = findTestData("Internal User List").getValue(2, Counter): null

2019-02-21 18:24:29 - [TEST_STEP][PASSED] - if (StrB.equals(StrA)): null

2019-02-21 18:24:29 - [TEST_STEP][PASSED] - (Counter++): null

2019-02-21 18:24:29 - [TEST_STEP][PASSED] - StrB = findTestData("Internal User List").getValue(2, Counter): null

2019-02-21 18:24:29 - [TEST_STEP][PASSED] - if (StrB.equals(StrA)): null

2019-02-21 18:24:29 - [TEST_STEP][PASSED] - (Counter++): null

2019-02-21 18:24:29 - [TEST_STEP][PASSED] - StrB = findTestData("Internal User List").getValue(2, Counter): null

2019-02-21 18:24:29 - [TEST_STEP][PASSED] - if (StrB.equals(StrA)): null

2019-02-21 18:24:29 - [TEST_STEP][PASSED] - (Counter++): null

2019-02-21 18:24:30 - [TEST_STEP][PASSED] - StrB = findTestData("Internal User List").getValue(2, Counter): null

2019-02-21 18:24:30 - [TEST_STEP][PASSED] - if (StrB.equals(StrA)): null

2019-02-21 18:24:30 - [TEST_STEP][PASSED] - (Counter++): null

2019-02-21 18:24:30 - [TEST_STEP][PASSED] - StrB = findTestData("Internal User List").getValue(2, Counter): null

2019-02-21 18:24:30 - [TEST_STEP][PASSED] - if (StrB.equals(StrA)): null

2019-02-21 18:24:30 - [TEST_STEP][PASSED] - (Counter++): null

2019-02-21 18:24:30 - [TEST_STEP][PASSED] - StrB = findTestData("Internal User List").getValue(2, Counter): null

2019-02-21 18:24:30 - [TEST_STEP][PASSED] - if (StrB.equals(StrA)): null

2019-02-21 18:24:30 - [TEST_STEP][PASSED] - (Counter++): null

2019-02-21 18:24:30 - [TEST_STEP][PASSED] - StrB = findTestData("Internal User List").getValue(2, Counter): null

2019-02-21 18:24:30 - [TEST_STEP][PASSED] - if (StrB.equals(StrA)): null

2019-02-21 18:24:30 - [TEST_STEP][PASSED] - (Counter++): null

2019-02-21 18:24:31 - [TEST_STEP][PASSED] - StrB = findTestData("Internal User List").getValue(2, Counter): null

2019-02-21 18:24:31 - [TEST_STEP][PASSED] - if (StrB.equals(StrA)): null

2019-02-21 18:24:31 - [TEST_STEP][PASSED] - (Counter++): null

2019-02-21 18:24:31 - [TEST_STEP][PASSED] - StrB = findTestData("Internal User List").getValue(2, Counter): null

2019-02-21 18:24:31 - [TEST_STEP][PASSED] - if (StrB.equals(StrA)): null

2019-02-21 18:24:31 - [TEST_STEP][PASSED] - (Counter++): null

2019-02-21 18:24:31 - [TEST_STEP][PASSED] - StrB = findTestData("Internal User List").getValue(2, Counter): null

2019-02-21 18:24:31 - [TEST_STEP][PASSED] - if (StrB.equals(StrA)): null

2019-02-21 18:24:31 - [TEST_STEP][PASSED] - (Counter++): null

2019-02-21 18:24:31 - [TEST_STEP][PASSED] - StrB = findTestData("Internal User List").getValue(2, Counter): null

2019-02-21 18:24:31 - [TEST_STEP][PASSED] - if (StrB.equals(StrA)): null

2019-02-21 18:24:31 - [TEST_STEP][PASSED] - (Counter++): null

2019-02-21 18:24:31 - [TEST_STEP][PASSED] - StrB = findTestData("Internal User List").getValue(2, Counter): null

2019-02-21 18:24:31 - [TEST_STEP][PASSED] - if (StrB.equals(StrA)): null

2019-02-21 18:24:31 - [TEST_STEP][PASSED] - (Counter++): null

2019-02-21 18:24:31 - [TEST_STEP][PASSED] - StrB = findTestData("Internal User List").getValue(2, Counter): null

2019-02-21 18:24:31 - [TEST_STEP][PASSED] - if (StrB.equals(StrA)): null

2019-02-21 18:24:31 - [TEST_STEP][PASSED] - (Counter++): null

2019-02-21 18:24:32 - [TEST_STEP][PASSED] - StrB = findTestData("Internal User List").getValue(2, Counter): null

2019-02-21 18:24:32 - [TEST_STEP][PASSED] - if (StrB.equals(StrA)): null

2019-02-21 18:24:32 - [TEST_STEP][PASSED] - (Counter++): null

2019-02-21 18:24:32 - [TEST_STEP][PASSED] - StrB = findTestData("Internal User List").getValue(2, Counter): null

2019-02-21 18:24:32 - [TEST_STEP][PASSED] - if (StrB.equals(StrA)): null

2019-02-21 18:24:32 - [TEST_STEP][PASSED] - (Counter++): null

2019-02-21 18:24:32 - [TEST_STEP][PASSED] - StrB = findTestData("Internal User List").getValue(2, Counter): null

2019-02-21 18:24:32 - [TEST_STEP][PASSED] - if (StrB.equals(StrA)): null

2019-02-21 18:24:32 - [TEST_STEP][PASSED] - (Counter++): null

2019-02-21 18:24:32 - [TEST_STEP][PASSED] - StrB = findTestData("Internal User List").getValue(2, Counter): null

2019-02-21 18:24:32 - [TEST_STEP][PASSED] - if (StrB.equals(StrA)): null

2019-02-21 18:24:33 - [TEST_STEP][PASSED] - (Counter++): null

2019-02-21 18:24:33 - [TEST_STEP][PASSED] - StrB = findTestData("Internal User List").getValue(2, Counter): null

2019-02-21 18:24:33 - [TEST_STEP][PASSED] - if (StrB.equals(StrA)): null

2019-02-21 18:24:33 - [TEST_STEP][PASSED] - (Counter++): null

2019-02-21 18:24:33 - [TEST_STEP][PASSED] - StrB = findTestData("Internal User List").getValue(2, Counter): null

2019-02-21 18:24:33 - [TEST_STEP][PASSED] - if (StrB.equals(StrA)): null

2019-02-21 18:24:33 - [TEST_STEP][PASSED] - (Counter++): null

2019-02-21 18:24:33 - [TEST_STEP][PASSED] - StrB = findTestData("Internal User List").getValue(2, Counter): null

2019-02-21 18:24:33 - [TEST_STEP][PASSED] - if (StrB.equals(StrA)): null

2019-02-21 18:24:33 - [TEST_STEP][PASSED] - (Counter++): null

2019-02-21 18:24:33 - [TEST_STEP][PASSED] - StrB = findTestData("Internal User List").getValue(2, Counter): null

2019-02-21 18:24:34 - [TEST_STEP][PASSED] - if (StrB.equals(StrA)): null

2019-02-21 18:24:34 - [TEST_STEP][PASSED] - (Counter++): null

2019-02-21 18:24:34 - [TEST_STEP][PASSED] - StrB = findTestData("Internal User List").getValue(2, Counter): null

2019-02-21 18:24:34 - [TEST_STEP][PASSED] - if (StrB.equals(StrA)): null

2019-02-21 18:24:34 - [TEST_STEP][PASSED] - (Counter++): null

2019-02-21 18:24:34 - [TEST_STEP][PASSED] - StrB = findTestData("Internal User List").getValue(2, Counter): null

2019-02-21 18:24:34 - [TEST_STEP][PASSED] - if (StrB.equals(StrA)): null

2019-02-21 18:24:34 - [TEST_STEP][PASSED] - (Counter++): null

2019-02-21 18:24:34 - [TEST_STEP][PASSED] - StrB = findTestData("Internal User List").getValue(2, Counter): null

2019-02-21 18:24:34 - [TEST_STEP][PASSED] - if (StrB.equals(StrA)): null

2019-02-21 18:24:34 - [TEST_STEP][PASSED] - (Counter++): null

2019-02-21 18:24:34 - [TEST_STEP][PASSED] - StrB = findTestData("Internal User List").getValue(2, Counter): null

2019-02-21 18:24:34 - [TEST_STEP][PASSED] - if (StrB.equals(StrA)): null

2019-02-21 18:24:34 - [TEST_STEP][PASSED] - (Counter++): null

2019-02-21 18:24:34 - [TEST_STEP][PASSED] - StrB = findTestData("Internal User List").getValue(2, Counter): null

2019-02-21 18:24:34 - [TEST_STEP][PASSED] - if (StrB.equals(StrA)): null

2019-02-21 18:24:34 - [TEST_STEP][PASSED] - (Counter++): null

2019-02-21 18:24:34 - [TEST_STEP][PASSED] - StrB = findTestData("Internal User List").getValue(2, Counter): null

2019-02-21 18:24:34 - [TEST_STEP][PASSED] - if (StrB.equals(StrA)): null

2019-02-21 18:24:35 - [TEST_STEP][PASSED] - (Counter++): null

2019-02-21 18:24:35 - [TEST_STEP][PASSED] - StrB = findTestData("Internal User List").getValue(2, Counter): null

2019-02-21 18:24:35 - [TEST_STEP][PASSED] - if (StrB.equals(StrA)): null

2019-02-21 18:24:35 - [TEST_STEP][PASSED] - (Counter++): null

2019-02-21 18:24:35 - [TEST_STEP][PASSED] - StrB = findTestData("Internal User List").getValue(2, Counter): null

2019-02-21 18:24:35 - [TEST_STEP][PASSED] - if (StrB.equals(StrA)): null

2019-02-21 18:24:35 - [TEST_STEP][PASSED] - (Counter++): null

2019-02-21 18:24:35 - [TEST_STEP][PASSED] - StrB = findTestData("Internal User List").getValue(2, Counter): null

2019-02-21 18:24:35 - [TEST_STEP][PASSED] - if (StrB.equals(StrA)): null

2019-02-21 18:24:35 - [TEST_STEP][PASSED] - (Counter++): null

2019-02-21 18:24:36 - [TEST_STEP][PASSED] - StrB = findTestData("Internal User List").getValue(2, Counter): null

2019-02-21 18:24:36 - [TEST_STEP][PASSED] - if (StrB.equals(StrA)): null

2019-02-21 18:24:36 - [TEST_STEP][PASSED] - (Counter++): null

2019-02-21 18:24:36 - [TEST_STEP][PASSED] - StrB = findTestData("Internal User List").getValue(2, Counter): null

2019-02-21 18:24:36 - [TEST_STEP][PASSED] - if (StrB.equals(StrA)): null

2019-02-21 18:24:36 - [TEST_STEP][PASSED] - (Counter++): null

2019-02-21 18:24:36 - [TEST_STEP][PASSED] - StrB = findTestData("Internal User List").getValue(2, Counter): null

2019-02-21 18:24:36 - [TEST_STEP][PASSED] - if (StrB.equals(StrA)): null

2019-02-21 18:24:36 - [TEST_STEP][PASSED] - (Counter++): null

2019-02-21 18:24:36 - [TEST_STEP][PASSED] - StrB = findTestData("Internal User List").getValue(2, Counter): null

2019-02-21 18:24:36 - [TEST_STEP][PASSED] - if (StrB.equals(StrA)): null

2019-02-21 18:24:37 - [TEST_STEP][PASSED] - (Counter++): null

2019-02-21 18:24:37 - [TEST_STEP][PASSED] - StrB = findTestData("Internal User List").getValue(2, Counter): null

2019-02-21 18:24:37 - [TEST_STEP][PASSED] - if (StrB.equals(StrA)): null

2019-02-21 18:24:37 - [TEST_STEP][PASSED] - (Counter++): null

2019-02-21 18:24:37 - [TEST_STEP][PASSED] - StrB = findTestData("Internal User List").getValue(2, Counter): null

2019-02-21 18:24:37 - [TEST_STEP][PASSED] - if (StrB.equals(StrA)): null

2019-02-21 18:24:37 - [TEST_STEP][PASSED] - (Counter++): null

2019-02-21 18:24:37 - [TEST_STEP][PASSED] - StrB = findTestData("Internal User List").getValue(2, Counter): null

2019-02-21 18:24:37 - [TEST_STEP][PASSED] - if (StrB.equals(StrA)): null

2019-02-21 18:24:37 - [TEST_STEP][PASSED] - (Counter++): null

2019-02-21 18:24:37 - [TEST_STEP][PASSED] - StrB = findTestData("Internal User List").getValue(2, Counter): null

2019-02-21 18:24:37 - [TEST_STEP][PASSED] - if (StrB.equals(StrA)): null

2019-02-21 18:24:37 - [TEST_STEP][PASSED] - (Counter++): null

2019-02-21 18:24:37 - [TEST_STEP][PASSED] - StrB = findTestData("Internal User List").getValue(2, Counter): null

2019-02-21 18:24:37 - [TEST_STEP][PASSED] - if (StrB.equals(StrA)): null

2019-02-21 18:24:37 - [TEST_STEP][PASSED] - (Counter++): null

2019-02-21 18:24:37 - [TEST_STEP][PASSED] - StrB = findTestData("Internal User List").getValue(2, Counter): null

2019-02-21 18:24:38 - [TEST_STEP][PASSED] - if (StrB.equals(StrA)): null

2019-02-21 18:24:38 - [TEST_STEP][PASSED] - (Counter++): null

2019-02-21 18:24:38 - [TEST_STEP][PASSED] - StrB = findTestData("Internal User List").getValue(2, Counter): null

2019-02-21 18:24:38 - [TEST_STEP][PASSED] - if (StrB.equals(StrA)): null

2019-02-21 18:24:38 - [TEST_STEP][PASSED] - (Counter++): null

2019-02-21 18:24:38 - [TEST_STEP][PASSED] - StrB = findTestData("Internal User List").getValue(2, Counter): null

2019-02-21 18:24:38 - [TEST_STEP][PASSED] - if (StrB.equals(StrA)): null

2019-02-21 18:24:38 - [TEST_STEP][PASSED] - (Counter++): null

2019-02-21 18:24:38 - [TEST_STEP][PASSED] - StrB = findTestData("Internal User List").getValue(2, Counter): null

2019-02-21 18:24:38 - [TEST_STEP][PASSED] - if (StrB.equals(StrA)): null

2019-02-21 18:24:38 - [TEST_STEP][PASSED] - (Counter++): null

2019-02-21 18:24:38 - [TEST_STEP][PASSED] - StrB = findTestData("Internal User List").getValue(2, Counter): null

2019-02-21 18:24:38 - [TEST_STEP][PASSED] - if (StrB.equals(StrA)): null

2019-02-21 18:24:39 - [TEST_STEP][PASSED] - (Counter++): null

2019-02-21 18:24:39 - [TEST_STEP][PASSED] - StrB = findTestData("Internal User List").getValue(2, Counter): null

2019-02-21 18:24:39 - [TEST_STEP][PASSED] - if (StrB.equals(StrA)): null

2019-02-21 18:24:39 - [TEST_STEP][PASSED] - (Counter++): null

2019-02-21 18:24:39 - [TEST_STEP][PASSED] - StrB = findTestData("Internal User List").getValue(2, Counter): null

2019-02-21 18:24:39 - [TEST_STEP][PASSED] - if (StrB.equals(StrA)): null

2019-02-21 18:24:39 - [TEST_STEP][PASSED] - (Counter++): null

2019-02-21 18:24:39 - [TEST_STEP][PASSED] - StrB = findTestData("Internal User List").getValue(2, Counter): null

2019-02-21 18:24:39 - [TEST_STEP][PASSED] - if (StrB.equals(StrA)): null

2019-02-21 18:24:39 - [TEST_STEP][PASSED] - (Counter++): null

2019-02-21 18:24:39 - [TEST_STEP][PASSED] - StrB = findTestData("Internal User List").getValue(2, Counter): null

2019-02-21 18:24:40 - [TEST_STEP][PASSED] - if (StrB.equals(StrA)): null

2019-02-21 18:24:40 - [TEST_STEP][PASSED] - (Counter++): null

2019-02-21 18:24:40 - [TEST_STEP][PASSED] - StrB = findTestData("Internal User List").getValue(2, Counter): null

2019-02-21 18:24:40 - [TEST_STEP][PASSED] - if (StrB.equals(StrA)): null

2019-02-21 18:24:40 - [TEST_STEP][PASSED] - (Counter++): null

2019-02-21 18:24:40 - [TEST_STEP][PASSED] - StrB = findTestData("Internal User List").getValue(2, Counter): null

2019-02-21 18:24:40 - [TEST_STEP][PASSED] - if (StrB.equals(StrA)): null

2019-02-21 18:24:40 - [TEST_STEP][PASSED] - (Counter++): null

2019-02-21 18:24:40 - [TEST_STEP][PASSED] - StrB = findTestData("Internal User List").getValue(2, Counter): null

2019-02-21 18:24:40 - [TEST_STEP][PASSED] - if (StrB.equals(StrA)): null

2019-02-21 18:24:40 - [TEST_STEP][PASSED] - (Counter++): null

2019-02-21 18:24:40 - [TEST_STEP][PASSED] - StrB = findTestData("Internal User List").getValue(2, Counter): null

2019-02-21 18:24:40 - [TEST_STEP][PASSED] - if (StrB.equals(StrA)): null

2019-02-21 18:24:40 - [TEST_STEP][PASSED] - (Counter++): null

2019-02-21 18:24:41 - [TEST_STEP][PASSED] - StrB = findTestData("Internal User List").getValue(2, Counter): null

2019-02-21 18:24:41 - [TEST_STEP][PASSED] - if (StrB.equals(StrA)): null

2019-02-21 18:24:41 - [TEST_STEP][PASSED] - (Counter++): null

2019-02-21 18:24:41 - [TEST_STEP][PASSED] - StrB = findTestData("Internal User List").getValue(2, Counter): null

2019-02-21 18:24:41 - [TEST_STEP][PASSED] - if (StrB.equals(StrA)): null

2019-02-21 18:24:41 - [TEST_STEP][PASSED] - (Counter++): null

2019-02-21 18:24:41 - [TEST_STEP][PASSED] - StrB = findTestData("Internal User List").getValue(2, Counter): null

2019-02-21 18:24:41 - [TEST_STEP][PASSED] - if (StrB.equals(StrA)): null

2019-02-21 18:24:41 - [TEST_STEP][PASSED] - (Counter++): null

2019-02-21 18:24:41 - [TEST_STEP][PASSED] - StrB = findTestData("Internal User List").getValue(2, Counter): null

2019-02-21 18:24:41 - [TEST_STEP][PASSED] - if (StrB.equals(StrA)): null

2019-02-21 18:24:41 - [TEST_STEP][PASSED] - (Counter++): null

2019-02-21 18:24:41 - [TEST_STEP][PASSED] - StrB = findTestData("Internal User List").getValue(2, Counter): null

2019-02-21 18:24:41 - [TEST_STEP][PASSED] - if (StrB.equals(StrA)): null

2019-02-21 18:24:41 - [TEST_STEP][PASSED] - (Counter++): null

2019-02-21 18:24:41 - [TEST_STEP][PASSED] - StrB = findTestData("Internal User List").getValue(2, Counter): null

2019-02-21 18:24:42 - [TEST_STEP][PASSED] - if (StrB.equals(StrA)): null

2019-02-21 18:24:42 - [TEST_STEP][PASSED] - (Counter++): null

2019-02-21 18:24:42 - [TEST_STEP][PASSED] - StrB = findTestData("Internal User List").getValue(2, Counter): null

2019-02-21 18:24:42 - [TEST_STEP][PASSED] - if (StrB.equals(StrA)): null

2019-02-21 18:24:42 - [TEST_STEP][PASSED] - (Counter++): null

2019-02-21 18:24:42 - [TEST_STEP][PASSED] - StrB = findTestData("Internal User List").getValue(2, Counter): null

2019-02-21 18:24:42 - [TEST_STEP][PASSED] - if (StrB.equals(StrA)): null

2019-02-21 18:24:42 - [TEST_STEP][PASSED] - (Counter++): null

2019-02-21 18:24:42 - [TEST_STEP][PASSED] - StrB = findTestData("Internal User List").getValue(2, Counter): null

2019-02-21 18:24:42 - [TEST_STEP][PASSED] - if (StrB.equals(StrA)): null

2019-02-21 18:24:43 - [TEST_STEP][PASSED] - (Counter++): null

2019-02-21 18:24:43 - [TEST_STEP][PASSED] - StrB = findTestData("Internal User List").getValue(2, Counter): null

2019-02-21 18:24:43 - [TEST_STEP][PASSED] - if (StrB.equals(StrA)): null

2019-02-21 18:24:43 - [TEST_STEP][PASSED] - (Counter++): null

2019-02-21 18:24:43 - [TEST_STEP][PASSED] - StrB = findTestData("Internal User List").getValue(2, Counter): null

2019-02-21 18:24:43 - [TEST_STEP][PASSED] - if (StrB.equals(StrA)): null

2019-02-21 18:24:43 - [TEST_STEP][PASSED] - (Counter++): null

2019-02-21 18:24:43 - [TEST_STEP][PASSED] - StrB = findTestData("Internal User List").getValue(2, Counter): null

2019-02-21 18:24:43 - [TEST_STEP][PASSED] - if (StrB.equals(StrA)): null

2019-02-21 18:24:43 - [TEST_STEP][PASSED] - (Counter++): null

2019-02-21 18:24:43 - [TEST_STEP][PASSED] - StrB = findTestData("Internal User List").getValue(2, Counter): null

2019-02-21 18:24:44 - [TEST_STEP][PASSED] - if (StrB.equals(StrA)): null

2019-02-21 18:24:44 - [TEST_STEP][PASSED] - (Counter++): null

2019-02-21 18:24:44 - [TEST_STEP][PASSED] - StrB = findTestData("Internal User List").getValue(2, Counter): null

2019-02-21 18:24:44 - [TEST_STEP][PASSED] - if (StrB.equals(StrA)): null

2019-02-21 18:24:44 - [TEST_STEP][PASSED] - (Counter++): null

2019-02-21 18:24:44 - [TEST_STEP][PASSED] - StrB = findTestData("Internal User List").getValue(2, Counter): null

2019-02-21 18:24:44 - [TEST_STEP][PASSED] - if (StrB.equals(StrA)): null

2019-02-21 18:24:44 - [TEST_STEP][PASSED] - (Counter++): null

2019-02-21 18:24:44 - [TEST_STEP][PASSED] - StrB = findTestData("Internal User List").getValue(2, Counter): null

2019-02-21 18:24:44 - [TEST_STEP][PASSED] - if (StrB.equals(StrA)): null

2019-02-21 18:24:44 - [TEST_STEP][PASSED] - (Counter++): null

2019-02-21 18:24:44 - [TEST_STEP][PASSED] - StrB = findTestData("Internal User List").getValue(2, Counter): null

2019-02-21 18:24:44 - [TEST_STEP][PASSED] - if (StrB.equals(StrA)): null

2019-02-21 18:24:44 - [TEST_STEP][PASSED] - (Counter++): null

2019-02-21 18:24:44 - [TEST_STEP][PASSED] - StrB = findTestData("Internal User List").getValue(2, Counter): null

2019-02-21 18:24:44 - [TEST_STEP][PASSED] - if (StrB.equals(StrA)): null

2019-02-21 18:24:44 - [TEST_STEP][PASSED] - (Counter++): null

2019-02-21 18:24:44 - [TEST_STEP][PASSED] - StrB = findTestData("Internal User List").getValue(2, Counter): null

2019-02-21 18:24:44 - [TEST_STEP][PASSED] - if (StrB.equals(StrA)): null

2019-02-21 18:24:44 - [TEST_STEP][PASSED] - (Counter++): null

2019-02-21 18:24:45 - [TEST_STEP][PASSED] - StrB = findTestData("Internal User List").getValue(2, Counter): null

2019-02-21 18:24:45 - [TEST_STEP][PASSED] - if (StrB.equals(StrA)): null

2019-02-21 18:24:45 - [TEST_STEP][PASSED] - (Counter++): null

2019-02-21 18:24:45 - [TEST_STEP][PASSED] - StrB = findTestData("Internal User List").getValue(2, Counter): null

2019-02-21 18:24:45 - [TEST_STEP][PASSED] - if (StrB.equals(StrA)): null

2019-02-21 18:24:45 - [TEST_STEP][PASSED] - (Counter++): null

2019-02-21 18:24:45 - [TEST_STEP][PASSED] - StrB = findTestData("Internal User List").getValue(2, Counter): null

2019-02-21 18:24:45 - [TEST_STEP][PASSED] - if (StrB.equals(StrA)): null

2019-02-21 18:24:45 - [TEST_STEP][PASSED] - (Counter++): null

2019-02-21 18:24:45 - [TEST_STEP][PASSED] - StrB = findTestData("Internal User List").getValue(2, Counter): null

2019-02-21 18:24:46 - [TEST_STEP][PASSED] - if (StrB.equals(StrA)): null

2019-02-21 18:24:46 - [TEST_STEP][PASSED] - (Counter++): null

2019-02-21 18:24:46 - [TEST_STEP][PASSED] - StrB = findTestData("Internal User List").getValue(2, Counter): null

2019-02-21 18:24:46 - [TEST_STEP][PASSED] - if (StrB.equals(StrA)): null

2019-02-21 18:24:46 - [TEST_STEP][PASSED] - (Counter++): null

2019-02-21 18:24:46 - [TEST_STEP][PASSED] - StrB = findTestData("Internal User List").getValue(2, Counter): null

2019-02-21 18:24:46 - [TEST_STEP][PASSED] - if (StrB.equals(StrA)): null

2019-02-21 18:24:46 - [TEST_STEP][PASSED] - (Counter++): null

2019-02-21 18:24:46 - [TEST_STEP][PASSED] - StrB = findTestData("Internal User List").getValue(2, Counter): null

2019-02-21 18:24:46 - [TEST_STEP][PASSED] - if (StrB.equals(StrA)): null

2019-02-21 18:24:46 - [TEST_STEP][PASSED] - (Counter++): null

2019-02-21 18:24:47 - [TEST_STEP][PASSED] - StrB = findTestData("Internal User List").getValue(2, Counter): null

2019-02-21 18:24:47 - [TEST_STEP][PASSED] - if (StrB.equals(StrA)): null

2019-02-21 18:24:47 - [TEST_STEP][PASSED] - (Counter++): null

2019-02-21 18:24:47 - [TEST_STEP][PASSED] - StrB = findTestData("Internal User List").getValue(2, Counter): null

2019-02-21 18:24:47 - [TEST_STEP][PASSED] - if (StrB.equals(StrA)): null

2019-02-21 18:24:47 - [TEST_STEP][PASSED] - (Counter++): null

2019-02-21 18:24:47 - [TEST_STEP][PASSED] - StrB = findTestData("Internal User List").getValue(2, Counter): null

2019-02-21 18:24:47 - [TEST_STEP][PASSED] - if (StrB.equals(StrA)): null

2019-02-21 18:24:47 - [TEST_STEP][PASSED] - StrEmail = findTestData("Internal User List").getValue(1, Counter): null

2019-02-21 18:24:47 - [TEST_STEP][PASSED] - InternalEmail = StrEmail: null

2019-02-21 18:24:47 - [TEST_STEP][PASSED] - out.println(StrEmail): null

2019-02-21 18:24:47 - [TEST_STEP][PASSED] - (Counter++): null

2019-02-21 18:24:47 - [MESSAGE][PASSED] - Call Test Case 'Test Cases/All TC/Arranged/1. Common/Internal Email Finder' successfully

2019-02-21 18:24:47 - [TEST_STEP][PASSED] - setText(findTestObject("KinJun/3.1 RIA Application/EIO Internal Login - RIA Application - Approve/Page_PERKESO/Input username"), InternalEmail): Text 'jheio2@perkeso.gov.my' is set on object 'Object Repository/KinJun/3.1 RIA Application/EIO Internal Login - RIA Application - Approve/Page_PERKESO/Input username'

2019-02-21 18:24:48 - [MESSAGE][PASSED] - Text 'jheio2@perkeso.gov.my' is set on object 'Object Repository/KinJun/3.1 RIA Application/EIO Internal Login - RIA Application - Approve/Page_PERKESO/Input username'

2019-02-21 18:24:48 - [TEST_STEP][PASSED] - setEncryptedText(findTestObject("KinJun/3.1 RIA Application/EIO Internal Login - RIA Application - Approve/Page_PERKESO/Input password"), "CQqwFZlbeC8="): Text ****** has been set on object 'Object Repository/KinJun/3.1 RIA Application/EIO Internal Login - RIA Application - Approve/Page_PERKESO/Input password'

2019-02-21 18:24:48 - [MESSAGE][PASSED] - Text ****** has been set on object 'Object Repository/KinJun/3.1 RIA Application/EIO Internal Login - RIA Application - Approve/Page_PERKESO/Input password'

2019-02-21 18:24:48 - [TEST_STEP][PASSED] - click(findTestObject("KinJun/3.1 RIA Application/EIO Internal Login - RIA Application - Approve/Page_PERKESO/Btn Login")): Object: 'Object Repository/KinJun/3.1 RIA Application/EIO Internal Login - RIA Application - Approve/Page_PERKESO/Btn Login' is clicked on

2019-02-21 18:24:49 - [MESSAGE][PASSED] - Object: 'Object Repository/KinJun/3.1 RIA Application/EIO Internal Login - RIA Application - Approve/Page_PERKESO/Btn Login' is clicked on

2019-02-21 18:24:49 - [TEST_STEP][PASSED] - delay(3): Delayed 3 second(s)

2019-02-21 18:24:52 - [MESSAGE][PASSED] - Delayed 3 second(s)

2019-02-21 18:24:52 - [TEST_STEP][PASSED] - click(findTestObject("KinJun/3.1 RIA Application/EIO Internal Login - RIA Application - Approve/Page_PERKESO/Click workbasket")): Object: 'Object Repository/KinJun/3.1 RIA Application/EIO Internal Login - RIA Application - Approve/Page_PERKESO/Click workbasket' is clicked on

2019-02-21 18:24:53 - [MESSAGE][PASSED] - Object: 'Object Repository/KinJun/3.1 RIA Application/EIO Internal Login - RIA Application - Approve/Page_PERKESO/Click workbasket' is clicked on

2019-02-21 18:24:53 - [TEST_STEP][PASSED] - delay(3): Delayed 3 second(s)

2019-02-21 18:24:56 - [MESSAGE][PASSED] - Delayed 3 second(s)

2019-02-21 18:24:56 - [TEST_STEP][PASSED] - click(findTestObject("KinJun/3.1 RIA Application/EIO Internal Login - RIA Application - Approve/Page_PERKESO/Click Search Case")): Object: 'Object Repository/KinJun/3.1 RIA Application/EIO Internal Login - RIA Application - Approve/Page_PERKESO/Click Search Case' is clicked on

2019-02-21 18:24:56 - [MESSAGE][PASSED] - Object: 'Object Repository/KinJun/3.1 RIA Application/EIO Internal Login - RIA Application - Approve/Page_PERKESO/Click Search Case' is clicked on

2019-02-21 18:24:56 - [TEST_STEP][PASSED] - callTestCase(findTestCase("All TC/Arranged/1. Common/1.1 Getter/Getter IC"), [:], STOP_ON_FAILURE): Call Test Case 'Test Cases/All TC/Arranged/1. Common/1.1 Getter/Getter IC' successfully

2019-02-21 18:24:56 - [TEST_CASE][PASSED] - Test Cases/All TC/Arranged/1. Common/1.1 Getter/Getter IC: Test Cases/All TC/Arranged/1. Common/1.1 Getter/Getter IC

2019-02-21 18:24:56 - [TEST_STEP][PASSED] - try: null

2019-02-21 18:24:56 - [TEST_STEP][PASSED] - RefNo = new java.io.File((internal.GlobalVariable.TextFilePathCommon + \getIC.txt)): null

2019-02-21 18:24:56 - [TEST_STEP][PASSED] - bufferread = new java.io.BufferedReader(new java.io.FileReader(RefNo)): null

2019-02-21 18:24:56 - [TEST_STEP][PASSED] - readedVal = bufferread.readLine(): null

2019-02-21 18:24:56 - [TEST_STEP][PASSED] - out.println(IC): null

2019-02-21 18:24:56 - [TEST_STEP][PASSED] - out.println(readedVal): null

2019-02-21 18:24:56 - [TEST_STEP][PASSED] - IC = "": null

2019-02-21 18:24:56 - [TEST_STEP][PASSED] - IC = readedVal: null

2019-02-21 18:24:56 - [MESSAGE][PASSED] - Call Test Case 'Test Cases/All TC/Arranged/1. Common/1.1 Getter/Getter IC' successfully

2019-02-21 18:24:56 - [TEST_STEP][PASSED] - setText(findTestObject("KinJun/3.1 RIA Application/EIO Internal Login - RIA Application - Approve/Page_PERKESO/Input IC"), IC): Text '840726145922' is set on object 'Object Repository/KinJun/3.1 RIA Application/EIO Internal Login - RIA Application - Approve/Page_PERKESO/Input IC'

2019-02-21 18:24:57 - [MESSAGE][PASSED] - Text '840726145922' is set on object 'Object Repository/KinJun/3.1 RIA Application/EIO Internal Login - RIA Application - Approve/Page_PERKESO/Input IC'

2019-02-21 18:24:57 - [TEST_STEP][PASSED] - click(findTestObject("KinJun/3.1 RIA Application/EIO Internal Login - RIA Application - Approve/Page_PERKESO/Btn SearchIC")): Object: 'Object Repository/KinJun/3.1 RIA Application/EIO Internal Login - RIA Application - Approve/Page_PERKESO/Btn SearchIC' is clicked on

2019-02-21 18:24:57 - [MESSAGE][PASSED] - Object: 'Object Repository/KinJun/3.1 RIA Application/EIO Internal Login - RIA Application - Approve/Page_PERKESO/Btn SearchIC' is clicked on

2019-02-21 18:24:57 - [TEST_STEP][PASSED] - delay(3): Delayed 3 second(s)

2019-02-21 18:25:00 - [MESSAGE][PASSED] - Delayed 3 second(s)

2019-02-21 18:25:00 - [TEST_STEP][PASSED] - click(findTestObject("KinJun/3.1 RIA Application/EIO Internal Login - RIA Application - Approve/Page_PERKESO/Click CaseID")): Object: 'Object Repository/KinJun/3.1 RIA Application/EIO Internal Login - RIA Application - Approve/Page_PERKESO/Click CaseID' is clicked on

2019-02-21 18:25:01 - [MESSAGE][PASSED] - Object: 'Object Repository/KinJun/3.1 RIA Application/EIO Internal Login - RIA Application - Approve/Page_PERKESO/Click CaseID' is clicked on

2019-02-21 18:25:01 - [TEST_STEP][PASSED] - delay(3): Delayed 3 second(s)

2019-02-21 18:25:04 - [MESSAGE][PASSED] - Delayed 3 second(s)

2019-02-21 18:25:04 - [TEST_STEP][PASSED] - acceptAlert(): Alert accepted

2019-02-21 18:25:04 - [MESSAGE][PASSED] - Alert accepted

2019-02-21 18:25:04 - [TEST_STEP][PASSED] - delay(3): Delayed 3 second(s)

2019-02-21 18:25:07 - [MESSAGE][PASSED] - Delayed 3 second(s)

2019-02-21 18:25:07 - [TEST_STEP][PASSED] - click(findTestObject("KinJun/3.1 RIA Application/EIO Internal Login - RIA Application - Approve/Page_PERKESO/Click EIO minute")): Object: 'Object Repository/KinJun/3.1 RIA Application/EIO Internal Login - RIA Application - Approve/Page_PERKESO/Click EIO minute' is clicked on

2019-02-21 18:25:07 - [MESSAGE][PASSED] - Object: 'Object Repository/KinJun/3.1 RIA Application/EIO Internal Login - RIA Application - Approve/Page_PERKESO/Click EIO minute' is clicked on

2019-02-21 18:25:07 - [TEST_STEP][PASSED] - delay(3): Delayed 3 second(s)

2019-02-21 18:25:10 - [MESSAGE][PASSED] - Delayed 3 second(s)

2019-02-21 18:25:10 - [TEST_STEP][PASSED] - setText(findTestObject("KinJun/3.1 RIA Application/EIO Internal Login - RIA Application - Approve/Page_PERKESO/Input contribution"), "4000"): Text '4000' is set on object 'Object Repository/KinJun/3.1 RIA Application/EIO Internal Login - RIA Application - Approve/Page_PERKESO/Input contribution'

2019-02-21 18:25:10 - [MESSAGE][PASSED] - Text '4000' is set on object 'Object Repository/KinJun/3.1 RIA Application/EIO Internal Login - RIA Application - Approve/Page_PERKESO/Input contribution'

2019-02-21 18:25:10 - [TEST_STEP][PASSED] - delay(3): Delayed 3 second(s)

2019-02-21 18:25:13 - [MESSAGE][PASSED] - Delayed 3 second(s)

2019-02-21 18:25:13 - [TEST_STEP][PASSED] - click(findTestObject("KinJun/3.1 RIA Application/EIO Internal Login - RIA Application - Approve/Page_PERKESO/Span benefit type")): Object: 'Object Repository/KinJun/3.1 RIA Application/EIO Internal Login - RIA Application - Approve/Page_PERKESO/Span benefit type' is clicked on

2019-02-21 18:25:13 - [MESSAGE][PASSED] - Object: 'Object Repository/KinJun/3.1 RIA Application/EIO Internal Login - RIA Application - Approve/Page_PERKESO/Span benefit type' is clicked on

2019-02-21 18:25:13 - [TEST_STEP][PASSED] - click(findTestObject("KinJun/3.1 RIA Application/EIO Internal Login - RIA Application - Approve/Page_PERKESO/DD benefit type")): Object: 'Object Repository/KinJun/3.1 RIA Application/EIO Internal Login - RIA Application - Approve/Page_PERKESO/DD benefit type' is clicked on

2019-02-21 18:25:14 - [MESSAGE][PASSED] - Object: 'Object Repository/KinJun/3.1 RIA Application/EIO Internal Login - RIA Application - Approve/Page_PERKESO/DD benefit type' is clicked on

2019-02-21 18:25:14 - [TEST_STEP][PASSED] - click(findTestObject("KinJun/3.1 RIA Application/EIO Internal Login - RIA Application - Approve/Page_PERKESO/Span LOE")): Object: 'Object Repository/KinJun/3.1 RIA Application/EIO Internal Login - RIA Application - Approve/Page_PERKESO/Span LOE' is clicked on

2019-02-21 18:25:14 - [MESSAGE][PASSED] - Object: 'Object Repository/KinJun/3.1 RIA Application/EIO Internal Login - RIA Application - Approve/Page_PERKESO/Span LOE' is clicked on

2019-02-21 18:25:14 - [TEST_STEP][PASSED] - click(findTestObject("KinJun/3.1 RIA Application/EIO Internal Login - RIA Application - Approve/Page_PERKESO/DD LOE")): Object: 'Object Repository/KinJun/3.1 RIA Application/EIO Internal Login - RIA Application - Approve/Page_PERKESO/DD LOE' is clicked on

2019-02-21 18:25:14 - [MESSAGE][PASSED] - Object: 'Object Repository/KinJun/3.1 RIA Application/EIO Internal Login - RIA Application - Approve/Page_PERKESO/DD LOE' is clicked on

2019-02-21 18:25:14 - [TEST_STEP][PASSED] - setText(findTestObject("KinJun/3.1 RIA Application/EIO Internal Login - RIA Application - Approve/Page_PERKESO/Remarks"), "okay"): Text 'okay' is set on object 'Object Repository/KinJun/3.1 RIA Application/EIO Internal Login - RIA Application - Approve/Page_PERKESO/Remarks'

2019-02-21 18:25:14 - [MESSAGE][PASSED] - Text 'okay' is set on object 'Object Repository/KinJun/3.1 RIA Application/EIO Internal Login - RIA Application - Approve/Page_PERKESO/Remarks'

2019-02-21 18:25:14 - [TEST_STEP][PASSED] - click(findTestObject("KinJun/3.1 RIA Application/EIO Internal Login - RIA Application - Approve/Page_PERKESO/Btn Update")): Object: 'Object Repository/KinJun/3.1 RIA Application/EIO Internal Login - RIA Application - Approve/Page_PERKESO/Btn Update' is clicked on

2019-02-21 18:25:14 - [MESSAGE][PASSED] - Object: 'Object Repository/KinJun/3.1 RIA Application/EIO Internal Login - RIA Application - Approve/Page_PERKESO/Btn Update' is clicked on

2019-02-21 18:25:14 - [TEST_STEP][PASSED] - delay(10): Delayed 10 second(s)

2019-02-21 18:25:24 - [MESSAGE][PASSED] - Delayed 10 second(s)

2019-02-21 18:25:24 - [TEST_STEP][PASSED] - acceptAlert(): Alert accepted

2019-02-21 18:25:24 - [MESSAGE][PASSED] - Alert accepted

2019-02-21 18:25:24 - [TEST_STEP][PASSED] - delay(3): Delayed 3 second(s)

2019-02-21 18:25:27 - [MESSAGE][PASSED] - Delayed 3 second(s)

2019-02-21 18:25:27 - [TEST_STEP][PASSED] - click(findTestObject("KinJun/3.1 RIA Application/EIO Internal Login - RIA Application - Approve/Page_PERKESO/Btn submit")): Object: 'Object Repository/KinJun/3.1 RIA Application/EIO Internal Login - RIA Application - Approve/Page_PERKESO/Btn submit' is clicked on

2019-02-21 18:25:27 - [MESSAGE][PASSED] - Object: 'Object Repository/KinJun/3.1 RIA Application/EIO Internal Login - RIA Application - Approve/Page_PERKESO/Btn submit' is clicked on

2019-02-21 18:25:27 - [TEST_STEP][PASSED] - delay(3): Delayed 3 second(s)

2019-02-21 18:25:30 - [MESSAGE][PASSED] - Delayed 3 second(s)

2019-02-21 18:25:30 - [TEST_STEP][PASSED] - click(findTestObject("KinJun/3.1 RIA Application/EIO Internal Login - RIA Application - Approve/Page_PERKESO/Click username")): Object: 'Object Repository/KinJun/3.1 RIA Application/EIO Internal Login - RIA Application - Approve/Page_PERKESO/Click username' is clicked on

2019-02-21 18:25:31 - [MESSAGE][PASSED] - Object: 'Object Repository/KinJun/3.1 RIA Application/EIO Internal Login - RIA Application - Approve/Page_PERKESO/Click username' is clicked on

2019-02-21 18:25:31 - [TEST_STEP][PASSED] - delay(3): Delayed 3 second(s)

2019-02-21 18:25:34 - [MESSAGE][PASSED] - Delayed 3 second(s)

2019-02-21 18:25:34 - [TEST_STEP][PASSED] - click(findTestObject("KinJun/3.1 RIA Application/EIO Internal Login - RIA Application - Approve/Page_PERKESO/Log Out")): Object: 'Object Repository/KinJun/3.1 RIA Application/EIO Internal Login - RIA Application - Approve/Page_PERKESO/Log Out' is clicked on

2019-02-21 18:25:34 - [MESSAGE][PASSED] - Object: 'Object Repository/KinJun/3.1 RIA Application/EIO Internal Login - RIA Application - Approve/Page_PERKESO/Log Out' is clicked on

2019-02-21 18:25:34 - [TEST_STEP][PASSED] - callTestCase(findTestCase("All TC/Arranged/2. Segment/2.2 Check Status/Check Status - Case ID"), [:], STOP_ON_FAILURE): Call Test Case 'Test Cases/All TC/Arranged/2. Segment/2.2 Check Status/Check Status - Case ID' successfully

2019-02-21 18:25:34 - [TEST_CASE][PASSED] - Test Cases/All TC/Arranged/2. Segment/2.2 Check Status/Check Status - Case ID: Test Cases/All TC/Arranged/2. Segment/2.2 Check Status/Check Status - Case ID

2019-02-21 18:25:34 - [TEST_STEP][PASSED] - openBrowser(""): Browser is opened with url: ''

2019-02-21 18:25:34 - [MESSAGE][WARNING] - A browser is already opened. Closing browser and opening a new one

2019-02-21 18:25:35 - [MESSAGE][INFO] - Starting 'Chrome' driver

2019-02-21 18:25:35 - [MESSAGE][INFO] - User set preference: ['args', '[--start-maximized]']

2019-02-21 18:25:37 - [MESSAGE][PASSED] - Browser is opened with url: ''

2019-02-21 18:25:37 - [TEST_STEP][PASSED] - navigateToUrl(Internal_Login): Navigate to 'http://10.20.24.188/eisportal/user/login' successfully

2019-02-21 18:25:38 - [MESSAGE][PASSED] - Navigate to 'http://10.20.24.188/eisportal/user/login' successfully

2019-02-21 18:25:38 - [TEST_STEP][PASSED] - setText(findTestObject("KinJun/2.0 Check Status/Check Status - Case ID/Page_PERKESO/Input Username"), "nadia.harun@perkeso.gov.my"): Text 'nadia.harun@perkeso.gov.my' is set on object 'Object Repository/KinJun/2.0 Check Status/Check Status - Case ID/Page_PERKESO/Input Username'

2019-02-21 18:25:38 - [MESSAGE][PASSED] - Text 'nadia.harun@perkeso.gov.my' is set on object 'Object Repository/KinJun/2.0 Check Status/Check Status - Case ID/Page_PERKESO/Input Username'

2019-02-21 18:25:38 - [TEST_STEP][PASSED] - setEncryptedText(findTestObject("KinJun/2.0 Check Status/Check Status - Case ID/Page_PERKESO/Input Password"), "CQqwFZlbeC8="): Text ****** has been set on object 'Object Repository/KinJun/2.0 Check Status/Check Status - Case ID/Page_PERKESO/Input Password'

2019-02-21 18:25:38 - [MESSAGE][PASSED] - Text ****** has been set on object 'Object Repository/KinJun/2.0 Check Status/Check Status - Case ID/Page_PERKESO/Input Password'

2019-02-21 18:25:38 - [TEST_STEP][PASSED] - click(findTestObject("KinJun/2.0 Check Status/Check Status - Case ID/Page_PERKESO/Btn Login")): Object: 'Object Repository/KinJun/2.0 Check Status/Check Status - Case ID/Page_PERKESO/Btn Login' is clicked on

2019-02-21 18:25:39 - [MESSAGE][PASSED] - Object: 'Object Repository/KinJun/2.0 Check Status/Check Status - Case ID/Page_PERKESO/Btn Login' is clicked on

2019-02-21 18:25:39 - [TEST_STEP][PASSED] - delay(3): Delayed 3 second(s)

2019-02-21 18:25:42 - [MESSAGE][PASSED] - Delayed 3 second(s)

2019-02-21 18:25:42 - [TEST_STEP][PASSED] - callTestCase(findTestCase("All TC/Arranged/1. Common/1.1 Getter/Getter IC"), [:], STOP_ON_FAILURE): Call Test Case 'Test Cases/All TC/Arranged/1. Common/1.1 Getter/Getter IC' successfully

2019-02-21 18:25:42 - [TEST_CASE][PASSED] - Test Cases/All TC/Arranged/1. Common/1.1 Getter/Getter IC: Test Cases/All TC/Arranged/1. Common/1.1 Getter/Getter IC

2019-02-21 18:25:42 - [TEST_STEP][PASSED] - try: null

2019-02-21 18:25:42 - [TEST_STEP][PASSED] - RefNo = new java.io.File((internal.GlobalVariable.TextFilePathCommon + \getIC.txt)): null

2019-02-21 18:25:42 - [TEST_STEP][PASSED] - bufferread = new java.io.BufferedReader(new java.io.FileReader(RefNo)): null

2019-02-21 18:25:42 - [TEST_STEP][PASSED] - readedVal = bufferread.readLine(): null

2019-02-21 18:25:42 - [TEST_STEP][PASSED] - out.println(IC): null

2019-02-21 18:25:42 - [TEST_STEP][PASSED] - out.println(readedVal): null

2019-02-21 18:25:42 - [TEST_STEP][PASSED] - IC = "": null

2019-02-21 18:25:42 - [TEST_STEP][PASSED] - IC = readedVal: null

2019-02-21 18:25:42 - [MESSAGE][PASSED] - Call Test Case 'Test Cases/All TC/Arranged/1. Common/1.1 Getter/Getter IC' successfully

2019-02-21 18:25:42 - [TEST_STEP][PASSED] - setText(findTestObject("KinJun/2.0 Check Status/Check Status - Case ID/Page_PERKESO/Input IC"), IC): Text '840726145922' is set on object 'Object Repository/KinJun/2.0 Check Status/Check Status - Case ID/Page_PERKESO/Input IC'

2019-02-21 18:25:43 - [MESSAGE][PASSED] - Text '840726145922' is set on object 'Object Repository/KinJun/2.0 Check Status/Check Status - Case ID/Page_PERKESO/Input IC'

2019-02-21 18:25:43 - [TEST_STEP][PASSED] - delay(3): Delayed 3 second(s)

2019-02-21 18:25:46 - [MESSAGE][PASSED] - Delayed 3 second(s)

2019-02-21 18:25:46 - [TEST_STEP][PASSED] - click(findTestObject("KinJun/2.0 Check Status/Check Status - Case ID/Page_PERKESO/Btn Check")): Object: 'Object Repository/KinJun/2.0 Check Status/Check Status - Case ID/Page_PERKESO/Btn Check' is clicked on

2019-02-21 18:25:46 - [MESSAGE][PASSED] - Object: 'Object Repository/KinJun/2.0 Check Status/Check Status - Case ID/Page_PERKESO/Btn Check' is clicked on

2019-02-21 18:25:46 - [TEST_STEP][PASSED] - UserName = getText(findTestObject("KinJun/2.0 Check Status/Check Status - Case ID/Page_PERKESO/TD Username")): Text of object 'Object Repository/KinJun/2.0 Check Status/Check Status - Case ID/Page_PERKESO/TD Username' is: 'JAMALLUDDINMOHAMMAD'

2019-02-21 18:25:46 - [MESSAGE][PASSED] - Text of object 'Object Repository/KinJun/2.0 Check Status/Check Status - Case ID/Page_PERKESO/TD Username' is: 'JAMALLUDDINMOHAMMAD'

2019-02-21 18:25:46 - [TEST_STEP][PASSED] - callTestCase(findTestCase("All TC/Arranged/1. Common/1.2 Setter/Setter UserName"), [:], STOP_ON_FAILURE): Call Test Case 'Test Cases/All TC/Arranged/1. Common/1.2 Setter/Setter UserName' successfully

2019-02-21 18:25:46 - [TEST_CASE][PASSED] - Test Cases/All TC/Arranged/1. Common/1.2 Setter/Setter UserName: Test Cases/All TC/Arranged/1. Common/1.2 Setter/Setter UserName

2019-02-21 18:25:46 - [TEST_STEP][PASSED] - RefNoOldFile = new java.io.File((internal.GlobalVariable.TextFilePathCommon + \getUser.txt)): null

2019-02-21 18:25:46 - [TEST_STEP][PASSED] - RefNoOldFile.delete(): null

2019-02-21 18:25:46 - [TEST_STEP][PASSED] - delay(5): Delayed 5 second(s)

2019-02-21 18:25:51 - [MESSAGE][PASSED] - Delayed 5 second(s)

2019-02-21 18:25:51 - [TEST_STEP][PASSED] - RefNo = new java.io.File((internal.GlobalVariable.TextFilePathCommon + \getUser.txt)): null

2019-02-21 18:25:51 - [TEST_STEP][PASSED] - f2 = new java.io.FileWriter(RefNo, false): null

2019-02-21 18:25:51 - [TEST_STEP][PASSED] - f2.write(UserName): null

2019-02-21 18:25:51 - [TEST_STEP][PASSED] - f2.close(): null

2019-02-21 18:25:51 - [TEST_STEP][PASSED] - out.println("


" + UserName + "


"): null

2019-02-21 18:25:51 - [MESSAGE][PASSED] - Call Test Case 'Test Cases/All TC/Arranged/1. Common/1.2 Setter/Setter UserName' successfully

2019-02-21 18:25:51 - [TEST_STEP][PASSED] - click(findTestObject("KinJun/2.0 Check Status/Check Status - Case ID/Page_PERKESO/Click Username")): Object: 'Object Repository/KinJun/2.0 Check Status/Check Status - Case ID/Page_PERKESO/Click Username' is clicked on

2019-02-21 18:25:51 - [MESSAGE][PASSED] - Object: 'Object Repository/KinJun/2.0 Check Status/Check Status - Case ID/Page_PERKESO/Click Username' is clicked on

2019-02-21 18:25:51 - [TEST_STEP][PASSED] - delay(3): Delayed 3 second(s)

2019-02-21 18:25:54 - [MESSAGE][PASSED] - Delayed 3 second(s)

2019-02-21 18:25:54 - [TEST_STEP][PASSED] - click(findTestObject("KinJun/2.0 Check Status/Check Status - Case ID/Page_PERKESO/Log Out")): Object: 'Object Repository/KinJun/2.0 Check Status/Check Status - Case ID/Page_PERKESO/Log Out' is clicked on

2019-02-21 18:25:55 - [MESSAGE][PASSED] - Object: 'Object Repository/KinJun/2.0 Check Status/Check Status - Case ID/Page_PERKESO/Log Out' is clicked on

2019-02-21 18:25:55 - [MESSAGE][PASSED] - Call Test Case 'Test Cases/All TC/Arranged/2. Segment/2.2 Check Status/Check Status - Case ID' successfully

2019-02-21 18:25:55 - [MESSAGE][PASSED] - Call Test Case 'Test Cases/All TC/Arranged/2. Segment/2.31 RIA Application/EIO Internal Login - RIA Application - Approve' successfully

2019-02-21 18:25:55 - [TEST_STEP][PASSED] - callTestCase(findTestCase("All TC/Arranged/2. Segment/2.31 RIA Application/SEIO Internal Login - RIA Application - Approve"), [:], STOP_ON_FAILURE): Call Test Case 'Test Cases/All TC/Arranged/2. Segment/2.31 RIA Application/SEIO Internal Login - RIA Application - Approve' successfully

2019-02-21 18:25:55 - [TEST_CASE][PASSED] - Test Cases/All TC/Arranged/2. Segment/2.31 RIA Application/SEIO Internal Login - RIA Application - Approve: Test Cases/All TC/Arranged/2. Segment/2.31 RIA Application/SEIO Internal Login - RIA Application - Approve

2019-02-21 18:25:55 - [TEST_STEP][PASSED] - openBrowser(""): Browser is opened with url: ''

2019-02-21 18:25:55 - [MESSAGE][WARNING] - A browser is already opened. Closing browser and opening a new one

2019-02-21 18:25:56 - [MESSAGE][INFO] - Starting 'Chrome' driver

2019-02-21 18:25:56 - [MESSAGE][INFO] - User set preference: ['args', '[--start-maximized]']

2019-02-21 18:25:58 - [MESSAGE][PASSED] - Browser is opened with url: ''

2019-02-21 18:25:58 - [TEST_STEP][PASSED] - navigateToUrl(Internal_Login): Navigate to 'http://10.20.24.188/eisportal/user/login' successfully

2019-02-21 18:25:59 - [MESSAGE][PASSED] - Navigate to 'http://10.20.24.188/eisportal/user/login' successfully

2019-02-21 18:25:59 - [TEST_STEP][PASSED] - callTestCase(findTestCase("All TC/Arranged/1. Common/Internal Email Finder"), [:], STOP_ON_FAILURE): Call Test Case 'Test Cases/All TC/Arranged/1. Common/Internal Email Finder' successfully

2019-02-21 18:25:59 - [TEST_CASE][PASSED] - Test Cases/All TC/Arranged/1. Common/Internal Email Finder: Test Cases/All TC/Arranged/1. Common/Internal Email Finder

2019-02-21 18:25:59 - [TEST_STEP][PASSED] - callTestCase(findTestCase("All TC/Arranged/1. Common/1.1 Getter/Getter UserName"), [:], CONTINUE_ON_FAILURE): Call Test Case 'Test Cases/All TC/Arranged/1. Common/1.1 Getter/Getter UserName' successfully

2019-02-21 18:25:59 - [TEST_CASE][PASSED] - Test Cases/All TC/Arranged/1. Common/1.1 Getter/Getter UserName: Test Cases/All TC/Arranged/1. Common/1.1 Getter/Getter UserName

2019-02-21 18:25:59 - [TEST_STEP][PASSED] - try: null

2019-02-21 18:25:59 - [TEST_STEP][PASSED] - RefNo = new java.io.File((internal.GlobalVariable.TextFilePathCommon + \getUser.txt)): null

2019-02-21 18:25:59 - [TEST_STEP][PASSED] - bufferread = new java.io.BufferedReader(new java.io.FileReader(RefNo)): null

2019-02-21 18:25:59 - [TEST_STEP][PASSED] - readedVal = bufferread.readLine(): null

2019-02-21 18:25:59 - [TEST_STEP][PASSED] - out.println(UserName): null

2019-02-21 18:25:59 - [TEST_STEP][PASSED] - out.println(readedVal): null

2019-02-21 18:25:59 - [TEST_STEP][PASSED] - UserName = "": null

2019-02-21 18:25:59 - [TEST_STEP][PASSED] - UserName = readedVal: null

2019-02-21 18:25:59 - [MESSAGE][PASSED] - Call Test Case 'Test Cases/All TC/Arranged/1. Common/1.1 Getter/Getter UserName' successfully

2019-02-21 18:25:59 - [TEST_STEP][PASSED] - StrA = UserName: null

2019-02-21 18:25:59 - [TEST_STEP][PASSED] - StrB = <not implemented yet for class: org.codehaus.groovy.ast.expr.EmptyExpression>: null

2019-02-21 18:25:59 - [TEST_STEP][PASSED] - Counter = 1: null

2019-02-21 18:25:59 - [TEST_STEP][PASSED] - while (!(StrB.equals(StrA)) && !(Counter > findTestData("Internal User List").getRowNumbers())): null

2019-02-21 18:25:59 - [TEST_STEP][PASSED] - StrB = findTestData("Internal User List").getValue(2, Counter): null

2019-02-21 18:25:59 - [TEST_STEP][PASSED] - if (StrB.equals(StrA)): null

2019-02-21 18:25:59 - [TEST_STEP][PASSED] - (Counter++): null

2019-02-21 18:25:59 - [TEST_STEP][PASSED] - StrB = findTestData("Internal User List").getValue(2, Counter): null

2019-02-21 18:25:59 - [TEST_STEP][PASSED] - if (StrB.equals(StrA)): null

2019-02-21 18:25:59 - [TEST_STEP][PASSED] - (Counter++): null

2019-02-21 18:25:59 - [TEST_STEP][PASSED] - StrB = findTestData("Internal User List").getValue(2, Counter): null

2019-02-21 18:25:59 - [TEST_STEP][PASSED] - if (StrB.equals(StrA)): null

2019-02-21 18:25:59 - [TEST_STEP][PASSED] - (Counter++): null

2019-02-21 18:25:59 - [TEST_STEP][PASSED] - StrB = findTestData("Internal User List").getValue(2, Counter): null

2019-02-21 18:25:59 - [TEST_STEP][PASSED] - if (StrB.equals(StrA)): null

2019-02-21 18:25:59 - [TEST_STEP][PASSED] - (Counter++): null

2019-02-21 18:25:59 - [TEST_STEP][PASSED] - StrB = findTestData("Internal User List").getValue(2, Counter): null

2019-02-21 18:25:59 - [TEST_STEP][PASSED] - if (StrB.equals(StrA)): null

2019-02-21 18:25:59 - [TEST_STEP][PASSED] - (Counter++): null

2019-02-21 18:25:59 - [TEST_STEP][PASSED] - StrB = findTestData("Internal User List").getValue(2, Counter): null

2019-02-21 18:25:59 - [TEST_STEP][PASSED] - if (StrB.equals(StrA)): null

2019-02-21 18:25:59 - [TEST_STEP][PASSED] - (Counter++): null

2019-02-21 18:25:59 - [TEST_STEP][PASSED] - StrB = findTestData("Internal User List").getValue(2, Counter): null

2019-02-21 18:25:59 - [TEST_STEP][PASSED] - if (StrB.equals(StrA)): null

2019-02-21 18:26:00 - [TEST_STEP][PASSED] - (Counter++): null

2019-02-21 18:26:00 - [TEST_STEP][PASSED] - StrB = findTestData("Internal User List").getValue(2, Counter): null

2019-02-21 18:26:00 - [TEST_STEP][PASSED] - if (StrB.equals(StrA)): null

2019-02-21 18:26:00 - [TEST_STEP][PASSED] - (Counter++): null

2019-02-21 18:26:00 - [TEST_STEP][PASSED] - StrB = findTestData("Internal User List").getValue(2, Counter): null

2019-02-21 18:26:00 - [TEST_STEP][PASSED] - if (StrB.equals(StrA)): null

2019-02-21 18:26:00 - [TEST_STEP][PASSED] - (Counter++): null

2019-02-21 18:26:00 - [TEST_STEP][PASSED] - StrB = findTestData("Internal User List").getValue(2, Counter): null

2019-02-21 18:26:00 - [TEST_STEP][PASSED] - if (StrB.equals(StrA)): null

2019-02-21 18:26:00 - [TEST_STEP][PASSED] - (Counter++): null

2019-02-21 18:26:00 - [TEST_STEP][PASSED] - StrB = findTestData("Internal User List").getValue(2, Counter): null

2019-02-21 18:26:00 - [TEST_STEP][PASSED] - if (StrB.equals(StrA)): null

2019-02-21 18:26:00 - [TEST_STEP][PASSED] - (Counter++): null

2019-02-21 18:26:00 - [TEST_STEP][PASSED] - StrB = findTestData("Internal User List").getValue(2, Counter): null

2019-02-21 18:26:00 - [TEST_STEP][PASSED] - if (StrB.equals(StrA)): null

2019-02-21 18:26:00 - [TEST_STEP][PASSED] - (Counter++): null

2019-02-21 18:26:00 - [TEST_STEP][PASSED] - StrB = findTestData("Internal User List").getValue(2, Counter): null

2019-02-21 18:26:00 - [TEST_STEP][PASSED] - if (StrB.equals(StrA)): null

2019-02-21 18:26:00 - [TEST_STEP][PASSED] - (Counter++): null

2019-02-21 18:26:00 - [TEST_STEP][PASSED] - StrB = findTestData("Internal User List").getValue(2, Counter): null

2019-02-21 18:26:01 - [TEST_STEP][PASSED] - if (StrB.equals(StrA)): null

2019-02-21 18:26:01 - [TEST_STEP][PASSED] - (Counter++): null

2019-02-21 18:26:01 - [TEST_STEP][PASSED] - StrB = findTestData("Internal User List").getValue(2, Counter): null

2019-02-21 18:26:01 - [TEST_STEP][PASSED] - if (StrB.equals(StrA)): null

2019-02-21 18:26:01 - [TEST_STEP][PASSED] - (Counter++): null

2019-02-21 18:26:01 - [TEST_STEP][PASSED] - StrB = findTestData("Internal User List").getValue(2, Counter): null

2019-02-21 18:26:01 - [TEST_STEP][PASSED] - if (StrB.equals(StrA)): null

2019-02-21 18:26:01 - [TEST_STEP][PASSED] - (Counter++): null

2019-02-21 18:26:01 - [TEST_STEP][PASSED] - StrB = findTestData("Internal User List").getValue(2, Counter): null

2019-02-21 18:26:01 - [TEST_STEP][PASSED] - if (StrB.equals(StrA)): null

2019-02-21 18:26:01 - [TEST_STEP][PASSED] - (Counter++): null

2019-02-21 18:26:01 - [TEST_STEP][PASSED] - StrB = findTestData("Internal User List").getValue(2, Counter): null

2019-02-21 18:26:01 - [TEST_STEP][PASSED] - if (StrB.equals(StrA)): null

2019-02-21 18:26:01 - [TEST_STEP][PASSED] - (Counter++): null

2019-02-21 18:26:01 - [TEST_STEP][PASSED] - StrB = findTestData("Internal User List").getValue(2, Counter): null

2019-02-21 18:26:01 - [TEST_STEP][PASSED] - if (StrB.equals(StrA)): null

2019-02-21 18:26:01 - [TEST_STEP][PASSED] - (Counter++): null

2019-02-21 18:26:01 - [TEST_STEP][PASSED] - StrB = findTestData("Internal User List").getValue(2, Counter): null

2019-02-21 18:26:01 - [TEST_STEP][PASSED] - if (StrB.equals(StrA)): null

2019-02-21 18:26:02 - [TEST_STEP][PASSED] - (Counter++): null

2019-02-21 18:26:02 - [TEST_STEP][PASSED] - StrB = findTestData("Internal User List").getValue(2, Counter): null

2019-02-21 18:26:02 - [TEST_STEP][PASSED] - if (StrB.equals(StrA)): null

2019-02-21 18:26:02 - [TEST_STEP][PASSED] - (Counter++): null

2019-02-21 18:26:02 - [TEST_STEP][PASSED] - StrB = findTestData("Internal User List").getValue(2, Counter): null

2019-02-21 18:26:02 - [TEST_STEP][PASSED] - if (StrB.equals(StrA)): null

2019-02-21 18:26:02 - [TEST_STEP][PASSED] - (Counter++): null

2019-02-21 18:26:02 - [TEST_STEP][PASSED] - StrB = findTestData("Internal User List").getValue(2, Counter): null

2019-02-21 18:26:02 - [TEST_STEP][PASSED] - if (StrB.equals(StrA)): null

2019-02-21 18:26:02 - [TEST_STEP][PASSED] - (Counter++): null

2019-02-21 18:26:03 - [TEST_STEP][PASSED] - StrB = findTestData("Internal User List").getValue(2, Counter): null

2019-02-21 18:26:03 - [TEST_STEP][PASSED] - if (StrB.equals(StrA)): null

2019-02-21 18:26:03 - [TEST_STEP][PASSED] - (Counter++): null

2019-02-21 18:26:03 - [TEST_STEP][PASSED] - StrB = findTestData("Internal User List").getValue(2, Counter): null

2019-02-21 18:26:03 - [TEST_STEP][PASSED] - if (StrB.equals(StrA)): null

2019-02-21 18:26:03 - [TEST_STEP][PASSED] - (Counter++): null

2019-02-21 18:26:03 - [TEST_STEP][PASSED] - StrB = findTestData("Internal User List").getValue(2, Counter): null

2019-02-21 18:26:03 - [TEST_STEP][PASSED] - if (StrB.equals(StrA)): null

2019-02-21 18:26:03 - [TEST_STEP][PASSED] - (Counter++): null

2019-02-21 18:26:03 - [TEST_STEP][PASSED] - StrB = findTestData("Internal User List").getValue(2, Counter): null

2019-02-21 18:26:03 - [TEST_STEP][PASSED] - if (StrB.equals(StrA)): null

2019-02-21 18:26:03 - [TEST_STEP][PASSED] - (Counter++): null

2019-02-21 18:26:03 - [TEST_STEP][PASSED] - StrB = findTestData("Internal User List").getValue(2, Counter): null

2019-02-21 18:26:04 - [TEST_STEP][PASSED] - if (StrB.equals(StrA)): null

2019-02-21 18:26:04 - [TEST_STEP][PASSED] - (Counter++): null

2019-02-21 18:26:04 - [TEST_STEP][PASSED] - StrB = findTestData("Internal User List").getValue(2, Counter): null

2019-02-21 18:26:04 - [TEST_STEP][PASSED] - if (StrB.equals(StrA)): null

2019-02-21 18:26:04 - [TEST_STEP][PASSED] - (Counter++): null

2019-02-21 18:26:04 - [TEST_STEP][PASSED] - StrB = findTestData("Internal User List").getValue(2, Counter): null

2019-02-21 18:26:04 - [TEST_STEP][PASSED] - if (StrB.equals(StrA)): null

2019-02-21 18:26:04 - [TEST_STEP][PASSED] - (Counter++): null

2019-02-21 18:26:04 - [TEST_STEP][PASSED] - StrB = findTestData("Internal User List").getValue(2, Counter): null

2019-02-21 18:26:04 - [TEST_STEP][PASSED] - if (StrB.equals(StrA)): null

2019-02-21 18:26:04 - [TEST_STEP][PASSED] - (Counter++): null

2019-02-21 18:26:04 - [TEST_STEP][PASSED] - StrB = findTestData("Internal User List").getValue(2, Counter): null

2019-02-21 18:26:04 - [TEST_STEP][PASSED] - if (StrB.equals(StrA)): null

2019-02-21 18:26:04 - [TEST_STEP][PASSED] - (Counter++): null

2019-02-21 18:26:04 - [TEST_STEP][PASSED] - StrB = findTestData("Internal User List").getValue(2, Counter): null

2019-02-21 18:26:04 - [TEST_STEP][PASSED] - if (StrB.equals(StrA)): null

2019-02-21 18:26:04 - [TEST_STEP][PASSED] - (Counter++): null

2019-02-21 18:26:04 - [TEST_STEP][PASSED] - StrB = findTestData("Internal User List").getValue(2, Counter): null

2019-02-21 18:26:05 - [TEST_STEP][PASSED] - if (StrB.equals(StrA)): null

2019-02-21 18:26:05 - [TEST_STEP][PASSED] - (Counter++): null

2019-02-21 18:26:05 - [TEST_STEP][PASSED] - StrB = findTestData("Internal User List").getValue(2, Counter): null

2019-02-21 18:26:05 - [TEST_STEP][PASSED] - if (StrB.equals(StrA)): null

2019-02-21 18:26:05 - [TEST_STEP][PASSED] - (Counter++): null

2019-02-21 18:26:05 - [TEST_STEP][PASSED] - StrB = findTestData("Internal User List").getValue(2, Counter): null

2019-02-21 18:26:05 - [TEST_STEP][PASSED] - if (StrB.equals(StrA)): null

2019-02-21 18:26:05 - [TEST_STEP][PASSED] - (Counter++): null

2019-02-21 18:26:05 - [TEST_STEP][PASSED] - StrB = findTestData("Internal User List").getValue(2, Counter): null

2019-02-21 18:26:05 - [TEST_STEP][PASSED] - if (StrB.equals(StrA)): null

2019-02-21 18:26:06 - [TEST_STEP][PASSED] - (Counter++): null

2019-02-21 18:26:06 - [TEST_STEP][PASSED] - StrB = findTestData("Internal User List").getValue(2, Counter): null

2019-02-21 18:26:06 - [TEST_STEP][PASSED] - if (StrB.equals(StrA)): null

2019-02-21 18:26:06 - [TEST_STEP][PASSED] - (Counter++): null

2019-02-21 18:26:06 - [TEST_STEP][PASSED] - StrB = findTestData("Internal User List").getValue(2, Counter): null

2019-02-21 18:26:06 - [TEST_STEP][PASSED] - if (StrB.equals(StrA)): null

2019-02-21 18:26:06 - [TEST_STEP][PASSED] - (Counter++): null

2019-02-21 18:26:06 - [TEST_STEP][PASSED] - StrB = findTestData("Internal User List").getValue(2, Counter): null

2019-02-21 18:26:06 - [TEST_STEP][PASSED] - if (StrB.equals(StrA)): null

2019-02-21 18:26:06 - [TEST_STEP][PASSED] - (Counter++): null

2019-02-21 18:26:07 - [TEST_STEP][PASSED] - StrB = findTestData("Internal User List").getValue(2, Counter): null

2019-02-21 18:26:07 - [TEST_STEP][PASSED] - if (StrB.equals(StrA)): null

2019-02-21 18:26:07 - [TEST_STEP][PASSED] - (Counter++): null

2019-02-21 18:26:07 - [TEST_STEP][PASSED] - StrB = findTestData("Internal User List").getValue(2, Counter): null

2019-02-21 18:26:07 - [TEST_STEP][PASSED] - if (StrB.equals(StrA)): null

2019-02-21 18:26:07 - [TEST_STEP][PASSED] - (Counter++): null

2019-02-21 18:26:07 - [TEST_STEP][PASSED] - StrB = findTestData("Internal User List").getValue(2, Counter): null

2019-02-21 18:26:07 - [TEST_STEP][PASSED] - if (StrB.equals(StrA)): null

2019-02-21 18:26:07 - [TEST_STEP][PASSED] - (Counter++): null

2019-02-21 18:26:07 - [TEST_STEP][PASSED] - StrB = findTestData("Internal User List").getValue(2, Counter): null

2019-02-21 18:26:07 - [TEST_STEP][PASSED] - if (StrB.equals(StrA)): null

2019-02-21 18:26:07 - [TEST_STEP][PASSED] - (Counter++): null

2019-02-21 18:26:07 - [TEST_STEP][PASSED] - StrB = findTestData("Internal User List").getValue(2, Counter): null

2019-02-21 18:26:07 - [TEST_STEP][PASSED] - if (StrB.equals(StrA)): null

2019-02-21 18:26:07 - [TEST_STEP][PASSED] - (Counter++): null

2019-02-21 18:26:07 - [TEST_STEP][PASSED] - StrB = findTestData("Internal User List").getValue(2, Counter): null

2019-02-21 18:26:07 - [TEST_STEP][PASSED] - if (StrB.equals(StrA)): null

2019-02-21 18:26:07 - [TEST_STEP][PASSED] - (Counter++): null

2019-02-21 18:26:07 - [TEST_STEP][PASSED] - StrB = findTestData("Internal User List").getValue(2, Counter): null

2019-02-21 18:26:07 - [TEST_STEP][PASSED] - if (StrB.equals(StrA)): null

2019-02-21 18:26:07 - [TEST_STEP][PASSED] - (Counter++): null

2019-02-21 18:26:08 - [TEST_STEP][PASSED] - StrB = findTestData("Internal User List").getValue(2, Counter): null

2019-02-21 18:26:08 - [TEST_STEP][PASSED] - if (StrB.equals(StrA)): null

2019-02-21 18:26:08 - [TEST_STEP][PASSED] - (Counter++): null

2019-02-21 18:26:08 - [TEST_STEP][PASSED] - StrB = findTestData("Internal User List").getValue(2, Counter): null

2019-02-21 18:26:08 - [TEST_STEP][PASSED] - if (StrB.equals(StrA)): null

2019-02-21 18:26:08 - [TEST_STEP][PASSED] - (Counter++): null

2019-02-21 18:26:08 - [TEST_STEP][PASSED] - StrB = findTestData("Internal User List").getValue(2, Counter): null

2019-02-21 18:26:08 - [TEST_STEP][PASSED] - if (StrB.equals(StrA)): null

2019-02-21 18:26:08 - [TEST_STEP][PASSED] - (Counter++): null

2019-02-21 18:26:08 - [TEST_STEP][PASSED] - StrB = findTestData("Internal User List").getValue(2, Counter): null

2019-02-21 18:26:09 - [TEST_STEP][PASSED] - if (StrB.equals(StrA)): null

2019-02-21 18:26:09 - [TEST_STEP][PASSED] - (Counter++): null

2019-02-21 18:26:09 - [TEST_STEP][PASSED] - StrB = findTestData("Internal User List").getValue(2, Counter): null

2019-02-21 18:26:09 - [TEST_STEP][PASSED] - if (StrB.equals(StrA)): null

2019-02-21 18:26:09 - [TEST_STEP][PASSED] - (Counter++): null

2019-02-21 18:26:09 - [TEST_STEP][PASSED] - StrB = findTestData("Internal User List").getValue(2, Counter): null

2019-02-21 18:26:09 - [TEST_STEP][PASSED] - if (StrB.equals(StrA)): null

2019-02-21 18:26:09 - [TEST_STEP][PASSED] - (Counter++): null

2019-02-21 18:26:09 - [TEST_STEP][PASSED] - StrB = findTestData("Internal User List").getValue(2, Counter): null

2019-02-21 18:26:09 - [TEST_STEP][PASSED] - if (StrB.equals(StrA)): null

2019-02-21 18:26:10 - [TEST_STEP][PASSED] - (Counter++): null

2019-02-21 18:26:10 - [TEST_STEP][PASSED] - StrB = findTestData("Internal User List").getValue(2, Counter): null

2019-02-21 18:26:10 - [TEST_STEP][PASSED] - if (StrB.equals(StrA)): null

2019-02-21 18:26:10 - [TEST_STEP][PASSED] - (Counter++): null

2019-02-21 18:26:10 - [TEST_STEP][PASSED] - StrB = findTestData("Internal User List").getValue(2, Counter): null

2019-02-21 18:26:10 - [TEST_STEP][PASSED] - if (StrB.equals(StrA)): null

2019-02-21 18:26:10 - [TEST_STEP][PASSED] - (Counter++): null

2019-02-21 18:26:10 - [TEST_STEP][PASSED] - StrB = findTestData("Internal User List").getValue(2, Counter): null

2019-02-21 18:26:10 - [TEST_STEP][PASSED] - if (StrB.equals(StrA)): null

2019-02-21 18:26:10 - [TEST_STEP][PASSED] - (Counter++): null

2019-02-21 18:26:10 - [TEST_STEP][PASSED] - StrB = findTestData("Internal User List").getValue(2, Counter): null

2019-02-21 18:26:10 - [TEST_STEP][PASSED] - if (StrB.equals(StrA)): null

2019-02-21 18:26:10 - [TEST_STEP][PASSED] - (Counter++): null

2019-02-21 18:26:10 - [TEST_STEP][PASSED] - StrB = findTestData("Internal User List").getValue(2, Counter): null

2019-02-21 18:26:10 - [TEST_STEP][PASSED] - if (StrB.equals(StrA)): null

2019-02-21 18:26:10 - [TEST_STEP][PASSED] - (Counter++): null

2019-02-21 18:26:10 - [TEST_STEP][PASSED] - StrB = findTestData("Internal User List").getValue(2, Counter): null

2019-02-21 18:26:11 - [TEST_STEP][PASSED] - if (StrB.equals(StrA)): null

2019-02-21 18:26:11 - [TEST_STEP][PASSED] - (Counter++): null

2019-02-21 18:26:11 - [TEST_STEP][PASSED] - StrB = findTestData("Internal User List").getValue(2, Counter): null

2019-02-21 18:26:11 - [TEST_STEP][PASSED] - if (StrB.equals(StrA)): null

2019-02-21 18:26:11 - [TEST_STEP][PASSED] - (Counter++): null

2019-02-21 18:26:11 - [TEST_STEP][PASSED] - StrB = findTestData("Internal User List").getValue(2, Counter): null

2019-02-21 18:26:11 - [TEST_STEP][PASSED] - if (StrB.equals(StrA)): null

2019-02-21 18:26:11 - [TEST_STEP][PASSED] - (Counter++): null

2019-02-21 18:26:11 - [TEST_STEP][PASSED] - StrB = findTestData("Internal User List").getValue(2, Counter): null

2019-02-21 18:26:11 - [TEST_STEP][PASSED] - if (StrB.equals(StrA)): null

2019-02-21 18:26:11 - [TEST_STEP][PASSED] - (Counter++): null

2019-02-21 18:26:11 - [TEST_STEP][PASSED] - StrB = findTestData("Internal User List").getValue(2, Counter): null

2019-02-21 18:26:11 - [TEST_STEP][PASSED] - if (StrB.equals(StrA)): null

2019-02-21 18:26:11 - [TEST_STEP][PASSED] - (Counter++): null

2019-02-21 18:26:12 - [TEST_STEP][PASSED] - StrB = findTestData("Internal User List").getValue(2, Counter): null

2019-02-21 18:26:12 - [TEST_STEP][PASSED] - if (StrB.equals(StrA)): null

2019-02-21 18:26:12 - [TEST_STEP][PASSED] - (Counter++): null

2019-02-21 18:26:12 - [TEST_STEP][PASSED] - StrB = findTestData("Internal User List").getValue(2, Counter): null

2019-02-21 18:26:12 - [TEST_STEP][PASSED] - if (StrB.equals(StrA)): null

2019-02-21 18:26:12 - [TEST_STEP][PASSED] - (Counter++): null

2019-02-21 18:26:12 - [TEST_STEP][PASSED] - StrB = findTestData("Internal User List").getValue(2, Counter): null

2019-02-21 18:26:12 - [TEST_STEP][PASSED] - if (StrB.equals(StrA)): null

2019-02-21 18:26:12 - [TEST_STEP][PASSED] - (Counter++): null

2019-02-21 18:26:12 - [TEST_STEP][PASSED] - StrB = findTestData("Internal User List").getValue(2, Counter): null

2019-02-21 18:26:13 - [TEST_STEP][PASSED] - if (StrB.equals(StrA)): null

2019-02-21 18:26:13 - [TEST_STEP][PASSED] - (Counter++): null

2019-02-21 18:26:13 - [TEST_STEP][PASSED] - StrB = findTestData("Internal User List").getValue(2, Counter): null

2019-02-21 18:26:13 - [TEST_STEP][PASSED] - if (StrB.equals(StrA)): null

2019-02-21 18:26:13 - [TEST_STEP][PASSED] - (Counter++): null

2019-02-21 18:26:13 - [TEST_STEP][PASSED] - StrB = findTestData("Internal User List").getValue(2, Counter): null

2019-02-21 18:26:13 - [TEST_STEP][PASSED] - if (StrB.equals(StrA)): null

2019-02-21 18:26:13 - [TEST_STEP][PASSED] - (Counter++): null

2019-02-21 18:26:13 - [TEST_STEP][PASSED] - StrB = findTestData("Internal User List").getValue(2, Counter): null

2019-02-21 18:26:13 - [TEST_STEP][PASSED] - if (StrB.equals(StrA)): null

2019-02-21 18:26:13 - [TEST_STEP][PASSED] - (Counter++): null

2019-02-21 18:26:13 - [TEST_STEP][PASSED] - StrB = findTestData("Internal User List").getValue(2, Counter): null

2019-02-21 18:26:13 - [TEST_STEP][PASSED] - if (StrB.equals(StrA)): null

2019-02-21 18:26:13 - [TEST_STEP][PASSED] - (Counter++): null

2019-02-21 18:26:13 - [TEST_STEP][PASSED] - StrB = findTestData("Internal User List").getValue(2, Counter): null

2019-02-21 18:26:14 - [TEST_STEP][PASSED] - if (StrB.equals(StrA)): null

2019-02-21 18:26:14 - [TEST_STEP][PASSED] - (Counter++): null

2019-02-21 18:26:14 - [TEST_STEP][PASSED] - StrB = findTestData("Internal User List").getValue(2, Counter): null

2019-02-21 18:26:14 - [TEST_STEP][PASSED] - if (StrB.equals(StrA)): null

2019-02-21 18:26:14 - [TEST_STEP][PASSED] - (Counter++): null

2019-02-21 18:26:14 - [TEST_STEP][PASSED] - StrB = findTestData("Internal User List").getValue(2, Counter): null

2019-02-21 18:26:14 - [TEST_STEP][PASSED] - if (StrB.equals(StrA)): null

2019-02-21 18:26:14 - [TEST_STEP][PASSED] - (Counter++): null

2019-02-21 18:26:14 - [TEST_STEP][PASSED] - StrB = findTestData("Internal User List").getValue(2, Counter): null

2019-02-21 18:26:14 - [TEST_STEP][PASSED] - if (StrB.equals(StrA)): null

2019-02-21 18:26:14 - [TEST_STEP][PASSED] - (Counter++): null

2019-02-21 18:26:14 - [TEST_STEP][PASSED] - StrB = findTestData("Internal User List").getValue(2, Counter): null

2019-02-21 18:26:14 - [TEST_STEP][PASSED] - if (StrB.equals(StrA)): null

2019-02-21 18:26:14 - [TEST_STEP][PASSED] - (Counter++): null

2019-02-21 18:26:14 - [TEST_STEP][PASSED] - StrB = findTestData("Internal User List").getValue(2, Counter): null

2019-02-21 18:26:14 - [TEST_STEP][PASSED] - if (StrB.equals(StrA)): null

2019-02-21 18:26:15 - [TEST_STEP][PASSED] - (Counter++): null

2019-02-21 18:26:15 - [TEST_STEP][PASSED] - StrB = findTestData("Internal User List").getValue(2, Counter): null

2019-02-21 18:26:15 - [TEST_STEP][PASSED] - if (StrB.equals(StrA)): null

2019-02-21 18:26:15 - [TEST_STEP][PASSED] - (Counter++): null

2019-02-21 18:26:15 - [TEST_STEP][PASSED] - StrB = findTestData("Internal User List").getValue(2, Counter): null

2019-02-21 18:26:15 - [TEST_STEP][PASSED] - if (StrB.equals(StrA)): null

2019-02-21 18:26:15 - [TEST_STEP][PASSED] - (Counter++): null

2019-02-21 18:26:15 - [TEST_STEP][PASSED] - StrB = findTestData("Internal User List").getValue(2, Counter): null

2019-02-21 18:26:15 - [TEST_STEP][PASSED] - if (StrB.equals(StrA)): null

2019-02-21 18:26:15 - [TEST_STEP][PASSED] - (Counter++): null

2019-02-21 18:26:16 - [TEST_STEP][PASSED] - StrB = findTestData("Internal User List").getValue(2, Counter): null

2019-02-21 18:26:16 - [TEST_STEP][PASSED] - if (StrB.equals(StrA)): null

2019-02-21 18:26:16 - [TEST_STEP][PASSED] - (Counter++): null

2019-02-21 18:26:16 - [TEST_STEP][PASSED] - StrB = findTestData("Internal User List").getValue(2, Counter): null

2019-02-21 18:26:16 - [TEST_STEP][PASSED] - if (StrB.equals(StrA)): null

2019-02-21 18:26:16 - [TEST_STEP][PASSED] - (Counter++): null

2019-02-21 18:26:16 - [TEST_STEP][PASSED] - StrB = findTestData("Internal User List").getValue(2, Counter): null

2019-02-21 18:26:16 - [TEST_STEP][PASSED] - if (StrB.equals(StrA)): null

2019-02-21 18:26:16 - [TEST_STEP][PASSED] - (Counter++): null

2019-02-21 18:26:16 - [TEST_STEP][PASSED] - StrB = findTestData("Internal User List").getValue(2, Counter): null

2019-02-21 18:26:17 - [TEST_STEP][PASSED] - if (StrB.equals(StrA)): null

2019-02-21 18:26:17 - [TEST_STEP][PASSED] - (Counter++): null

2019-02-21 18:26:17 - [TEST_STEP][PASSED] - StrB = findTestData("Internal User List").getValue(2, Counter): null

2019-02-21 18:26:17 - [TEST_STEP][PASSED] - if (StrB.equals(StrA)): null

2019-02-21 18:26:17 - [TEST_STEP][PASSED] - (Counter++): null

2019-02-21 18:26:17 - [TEST_STEP][PASSED] - StrB = findTestData("Internal User List").getValue(2, Counter): null

2019-02-21 18:26:17 - [TEST_STEP][PASSED] - if (StrB.equals(StrA)): null

2019-02-21 18:26:17 - [TEST_STEP][PASSED] - (Counter++): null

2019-02-21 18:26:17 - [TEST_STEP][PASSED] - StrB = findTestData("Internal User List").getValue(2, Counter): null

2019-02-21 18:26:17 - [TEST_STEP][PASSED] - if (StrB.equals(StrA)): null

2019-02-21 18:26:17 - [TEST_STEP][PASSED] - (Counter++): null

2019-02-21 18:26:17 - [TEST_STEP][PASSED] - StrB = findTestData("Internal User List").getValue(2, Counter): null

2019-02-21 18:26:17 - [TEST_STEP][PASSED] - if (StrB.equals(StrA)): null

2019-02-21 18:26:17 - [TEST_STEP][PASSED] - (Counter++): null

2019-02-21 18:26:17 - [TEST_STEP][PASSED] - StrB = findTestData("Internal User List").getValue(2, Counter): null

2019-02-21 18:26:17 - [TEST_STEP][PASSED] - if (StrB.equals(StrA)): null

2019-02-21 18:26:17 - [TEST_STEP][PASSED] - (Counter++): null

2019-02-21 18:26:17 - [TEST_STEP][PASSED] - StrB = findTestData("Internal User List").getValue(2, Counter): null

2019-02-21 18:26:18 - [TEST_STEP][PASSED] - if (StrB.equals(StrA)): null

2019-02-21 18:26:18 - [TEST_STEP][PASSED] - (Counter++): null

2019-02-21 18:26:18 - [TEST_STEP][PASSED] - StrB = findTestData("Internal User List").getValue(2, Counter): null

2019-02-21 18:26:18 - [TEST_STEP][PASSED] - if (StrB.equals(StrA)): null

2019-02-21 18:26:18 - [TEST_STEP][PASSED] - (Counter++): null

2019-02-21 18:26:18 - [TEST_STEP][PASSED] - StrB = findTestData("Internal User List").getValue(2, Counter): null

2019-02-21 18:26:18 - [TEST_STEP][PASSED] - if (StrB.equals(StrA)): null

2019-02-21 18:26:18 - [TEST_STEP][PASSED] - (Counter++): null

2019-02-21 18:26:18 - [TEST_STEP][PASSED] - StrB = findTestData("Internal User List").getValue(2, Counter): null

2019-02-21 18:26:18 - [TEST_STEP][PASSED] - if (StrB.equals(StrA)): null

2019-02-21 18:26:18 - [TEST_STEP][PASSED] - (Counter++): null

2019-02-21 18:26:18 - [TEST_STEP][PASSED] - StrB = findTestData("Internal User List").getValue(2, Counter): null

2019-02-21 18:26:18 - [TEST_STEP][PASSED] - if (StrB.equals(StrA)): null

2019-02-21 18:26:19 - [TEST_STEP][PASSED] - (Counter++): null

2019-02-21 18:26:19 - [TEST_STEP][PASSED] - StrB = findTestData("Internal User List").getValue(2, Counter): null

2019-02-21 18:26:19 - [TEST_STEP][PASSED] - if (StrB.equals(StrA)): null

2019-02-21 18:26:19 - [TEST_STEP][PASSED] - (Counter++): null

2019-02-21 18:26:19 - [TEST_STEP][PASSED] - StrB = findTestData("Internal User List").getValue(2, Counter): null

2019-02-21 18:26:19 - [TEST_STEP][PASSED] - if (StrB.equals(StrA)): null

2019-02-21 18:26:19 - [TEST_STEP][PASSED] - (Counter++): null

2019-02-21 18:26:19 - [TEST_STEP][PASSED] - StrB = findTestData("Internal User List").getValue(2, Counter): null

2019-02-21 18:26:19 - [TEST_STEP][PASSED] - if (StrB.equals(StrA)): null

2019-02-21 18:26:19 - [TEST_STEP][PASSED] - (Counter++): null

2019-02-21 18:26:20 - [TEST_STEP][PASSED] - StrB = findTestData("Internal User List").getValue(2, Counter): null

2019-02-21 18:26:20 - [TEST_STEP][PASSED] - if (StrB.equals(StrA)): null

2019-02-21 18:26:20 - [TEST_STEP][PASSED] - StrEmail = findTestData("Internal User List").getValue(1, Counter): null

2019-02-21 18:26:20 - [TEST_STEP][PASSED] - InternalEmail = StrEmail: null

2019-02-21 18:26:20 - [TEST_STEP][PASSED] - out.println(StrEmail): null

2019-02-21 18:26:20 - [TEST_STEP][PASSED] - (Counter++): null

2019-02-21 18:26:20 - [MESSAGE][PASSED] - Call Test Case 'Test Cases/All TC/Arranged/1. Common/Internal Email Finder' successfully

2019-02-21 18:26:20 - [TEST_STEP][PASSED] - setText(findTestObject("KinJun/3.1 RIA Application/SEIO Internal Login - RIA Application - Approve/Page_PERKESO/Input username"), InternalEmail): Text 'jamal.mohammad@perkeso.gov.my' is set on object 'Object Repository/KinJun/3.1 RIA Application/SEIO Internal Login - RIA Application - Approve/Page_PERKESO/Input username'

2019-02-21 18:26:20 - [MESSAGE][PASSED] - Text 'jamal.mohammad@perkeso.gov.my' is set on object 'Object Repository/KinJun/3.1 RIA Application/SEIO Internal Login - RIA Application - Approve/Page_PERKESO/Input username'

2019-02-21 18:26:20 - [TEST_STEP][PASSED] - setEncryptedText(findTestObject("KinJun/3.1 RIA Application/SEIO Internal Login - RIA Application - Approve/Page_PERKESO/Input password"), "CQqwFZlbeC8="): Text ****** has been set on object 'Object Repository/KinJun/3.1 RIA Application/SEIO Internal Login - RIA Application - Approve/Page_PERKESO/Input password'

2019-02-21 18:26:21 - [MESSAGE][PASSED] - Text ****** has been set on object 'Object Repository/KinJun/3.1 RIA Application/SEIO Internal Login - RIA Application - Approve/Page_PERKESO/Input password'

2019-02-21 18:26:21 - [TEST_STEP][PASSED] - click(findTestObject("KinJun/3.1 RIA Application/SEIO Internal Login - RIA Application - Approve/Page_PERKESO/Btn Login")): Object: 'Object Repository/KinJun/3.1 RIA Application/SEIO Internal Login - RIA Application - Approve/Page_PERKESO/Btn Login' is clicked on

2019-02-21 18:26:22 - [MESSAGE][PASSED] - Object: 'Object Repository/KinJun/3.1 RIA Application/SEIO Internal Login - RIA Application - Approve/Page_PERKESO/Btn Login' is clicked on

2019-02-21 18:26:22 - [TEST_STEP][PASSED] - delay(3): Delayed 3 second(s)

2019-02-21 18:26:25 - [MESSAGE][PASSED] - Delayed 3 second(s)

2019-02-21 18:26:25 - [TEST_STEP][PASSED] - click(findTestObject("KinJun/3.1 RIA Application/SEIO Internal Login - RIA Application - Approve/Page_PERKESO/Click workbasket")): Object: 'Object Repository/KinJun/3.1 RIA Application/SEIO Internal Login - RIA Application - Approve/Page_PERKESO/Click workbasket' is clicked on

2019-02-21 18:26:26 - [MESSAGE][PASSED] - Object: 'Object Repository/KinJun/3.1 RIA Application/SEIO Internal Login - RIA Application - Approve/Page_PERKESO/Click workbasket' is clicked on

2019-02-21 18:26:26 - [TEST_STEP][PASSED] - delay(3): Delayed 3 second(s)

2019-02-21 18:26:29 - [MESSAGE][PASSED] - Delayed 3 second(s)

2019-02-21 18:26:29 - [TEST_STEP][PASSED] - click(findTestObject("KinJun/3.1 RIA Application/SEIO Internal Login - RIA Application - Approve/Page_PERKESO/Click SearchCase")): Object: 'Object Repository/KinJun/3.1 RIA Application/SEIO Internal Login - RIA Application - Approve/Page_PERKESO/Click SearchCase' is clicked on

2019-02-21 18:26:29 - [MESSAGE][PASSED] - Object: 'Object Repository/KinJun/3.1 RIA Application/SEIO Internal Login - RIA Application - Approve/Page_PERKESO/Click SearchCase' is clicked on

2019-02-21 18:26:29 - [TEST_STEP][PASSED] - callTestCase(findTestCase("All TC/Arranged/1. Common/1.1 Getter/Getter IC"), [:], STOP_ON_FAILURE): Call Test Case 'Test Cases/All TC/Arranged/1. Common/1.1 Getter/Getter IC' successfully

2019-02-21 18:26:29 - [TEST_CASE][PASSED] - Test Cases/All TC/Arranged/1. Common/1.1 Getter/Getter IC: Test Cases/All TC/Arranged/1. Common/1.1 Getter/Getter IC

2019-02-21 18:26:29 - [TEST_STEP][PASSED] - try: null

2019-02-21 18:26:29 - [TEST_STEP][PASSED] - RefNo = new java.io.File((internal.GlobalVariable.TextFilePathCommon + \getIC.txt)): null

2019-02-21 18:26:29 - [TEST_STEP][PASSED] - bufferread = new java.io.BufferedReader(new java.io.FileReader(RefNo)): null

2019-02-21 18:26:29 - [TEST_STEP][PASSED] - readedVal = bufferread.readLine(): null

2019-02-21 18:26:29 - [TEST_STEP][PASSED] - out.println(IC): null

2019-02-21 18:26:29 - [TEST_STEP][PASSED] - out.println(readedVal): null

2019-02-21 18:26:29 - [TEST_STEP][PASSED] - IC = "": null

2019-02-21 18:26:29 - [TEST_STEP][PASSED] - IC = readedVal: null

2019-02-21 18:26:29 - [MESSAGE][PASSED] - Call Test Case 'Test Cases/All TC/Arranged/1. Common/1.1 Getter/Getter IC' successfully

2019-02-21 18:26:29 - [TEST_STEP][PASSED] - setText(findTestObject("KinJun/3.1 RIA Application/SEIO Internal Login - RIA Application - Approve/Page_PERKESO/Input IC"), IC): Text '840726145922' is set on object 'Object Repository/KinJun/3.1 RIA Application/SEIO Internal Login - RIA Application - Approve/Page_PERKESO/Input IC'

2019-02-21 18:26:29 - [MESSAGE][PASSED] - Text '840726145922' is set on object 'Object Repository/KinJun/3.1 RIA Application/SEIO Internal Login - RIA Application - Approve/Page_PERKESO/Input IC'

2019-02-21 18:26:29 - [TEST_STEP][PASSED] - click(findTestObject("KinJun/3.1 RIA Application/SEIO Internal Login - RIA Application - Approve/Page_PERKESO/Btn searchIC")): Object: 'Object Repository/KinJun/3.1 RIA Application/SEIO Internal Login - RIA Application - Approve/Page_PERKESO/Btn searchIC' is clicked on

2019-02-21 18:26:29 - [MESSAGE][PASSED] - Object: 'Object Repository/KinJun/3.1 RIA Application/SEIO Internal Login - RIA Application - Approve/Page_PERKESO/Btn searchIC' is clicked on

2019-02-21 18:26:29 - [TEST_STEP][PASSED] - delay(3): Delayed 3 second(s)

2019-02-21 18:26:32 - [MESSAGE][PASSED] - Delayed 3 second(s)

2019-02-21 18:26:32 - [TEST_STEP][PASSED] - click(findTestObject("KinJun/3.1 RIA Application/SEIO Internal Login - RIA Application - Approve/Page_PERKESO/Click CaseID")): Object: 'Object Repository/KinJun/3.1 RIA Application/SEIO Internal Login - RIA Application - Approve/Page_PERKESO/Click CaseID' is clicked on

2019-02-21 18:26:33 - [MESSAGE][PASSED] - Object: 'Object Repository/KinJun/3.1 RIA Application/SEIO Internal Login - RIA Application - Approve/Page_PERKESO/Click CaseID' is clicked on

2019-02-21 18:26:33 - [TEST_STEP][PASSED] - delay(3): Delayed 3 second(s)

2019-02-21 18:26:36 - [MESSAGE][PASSED] - Delayed 3 second(s)

2019-02-21 18:26:36 - [TEST_STEP][PASSED] - acceptAlert(): Alert accepted

2019-02-21 18:26:36 - [MESSAGE][PASSED] - Alert accepted

2019-02-21 18:26:36 - [TEST_STEP][PASSED] - delay(3): Delayed 3 second(s)

2019-02-21 18:26:39 - [MESSAGE][PASSED] - Delayed 3 second(s)

2019-02-21 18:26:39 - [TEST_STEP][PASSED] - click(findTestObject("KinJun/3.1 RIA Application/SEIO Internal Login - RIA Application - Approve/Page_PERKESO/Click CQC2")): Object: 'Object Repository/KinJun/3.1 RIA Application/SEIO Internal Login - RIA Application - Approve/Page_PERKESO/Click CQC2' is clicked on

2019-02-21 18:26:40 - [MESSAGE][PASSED] - Object: 'Object Repository/KinJun/3.1 RIA Application/SEIO Internal Login - RIA Application - Approve/Page_PERKESO/Click CQC2' is clicked on

2019-02-21 18:26:40 - [TEST_STEP][PASSED] - delay(3): Delayed 3 second(s)

2019-02-21 18:26:43 - [MESSAGE][PASSED] - Delayed 3 second(s)

2019-02-21 18:26:43 - [TEST_STEP][PASSED] - click(findTestObject("KinJun/3.1 RIA Application/SEIO Internal Login - RIA Application - Approve/Page_PERKESO/Btn Add Contribution")): Object: 'Object Repository/KinJun/3.1 RIA Application/SEIO Internal Login - RIA Application - Approve/Page_PERKESO/Btn Add Contribution' is clicked on

2019-02-21 18:26:43 - [MESSAGE][PASSED] - Object: 'Object Repository/KinJun/3.1 RIA Application/SEIO Internal Login - RIA Application - Approve/Page_PERKESO/Btn Add Contribution' is clicked on

2019-02-21 18:26:43 - [TEST_STEP][PASSED] - delay(3): Delayed 3 second(s)

2019-02-21 18:26:46 - [MESSAGE][PASSED] - Delayed 3 second(s)

2019-02-21 18:26:46 - [TEST_STEP][PASSED] - setText(findTestObject("KinJun/3.1 RIA Application/SEIO Internal Login - RIA Application - Approve/Page_PERKESO/Input AdditionalContribution"), "12"): Text '12' is set on object 'Object Repository/KinJun/3.1 RIA Application/SEIO Internal Login - RIA Application - Approve/Page_PERKESO/Input AdditionalContribution'

2019-02-21 18:26:46 - [MESSAGE][PASSED] - Text '12' is set on object 'Object Repository/KinJun/3.1 RIA Application/SEIO Internal Login - RIA Application - Approve/Page_PERKESO/Input AdditionalContribution'

2019-02-21 18:26:46 - [TEST_STEP][PASSED] - click(findTestObject("KinJun/3.1 RIA Application/SEIO Internal Login - RIA Application - Approve/Page_PERKESO/Btn Confirm")): Object: 'Object Repository/KinJun/3.1 RIA Application/SEIO Internal Login - RIA Application - Approve/Page_PERKESO/Btn Confirm' is clicked on

2019-02-21 18:26:46 - [MESSAGE][PASSED] - Object: 'Object Repository/KinJun/3.1 RIA Application/SEIO Internal Login - RIA Application - Approve/Page_PERKESO/Btn Confirm' is clicked on

2019-02-21 18:26:46 - [TEST_STEP][PASSED] - delay(3): Delayed 3 second(s)

2019-02-21 18:26:49 - [MESSAGE][PASSED] - Delayed 3 second(s)

2019-02-21 18:26:49 - [TEST_STEP][PASSED] - acceptAlert(): Alert accepted

2019-02-21 18:26:49 - [MESSAGE][PASSED] - Alert accepted

2019-02-21 18:26:49 - [TEST_STEP][PASSED] - delay(3): Delayed 3 second(s)

2019-02-21 18:26:52 - [MESSAGE][PASSED] - Delayed 3 second(s)

2019-02-21 18:26:52 - [TEST_STEP][PASSED] - click(findTestObject("KinJun/3.1 RIA Application/SEIO Internal Login - RIA Application - Approve/Page_PERKESO/Click CQC")): Object: 'Object Repository/KinJun/3.1 RIA Application/SEIO Internal Login - RIA Application - Approve/Page_PERKESO/Click CQC' is clicked on

2019-02-21 18:26:52 - [MESSAGE][PASSED] - Object: 'Object Repository/KinJun/3.1 RIA Application/SEIO Internal Login - RIA Application - Approve/Page_PERKESO/Click CQC' is clicked on

2019-02-21 18:26:52 - [TEST_STEP][PASSED] - delay(3): Delayed 3 second(s)

2019-02-21 18:26:55 - [MESSAGE][PASSED] - Delayed 3 second(s)

2019-02-21 18:26:55 - [TEST_STEP][PASSED] - click(findTestObject("KinJun/3.1 RIA Application/SEIO Internal Login - RIA Application - Approve/Page_PERKESO/Tick employer"), OPTIONAL): Object: 'Object Repository/KinJun/3.1 RIA Application/SEIO Internal Login - RIA Application - Approve/Page_PERKESO/Tick employer' is clicked on

2019-02-21 18:26:55 - [MESSAGE][PASSED] - Object: 'Object Repository/KinJun/3.1 RIA Application/SEIO Internal Login - RIA Application - Approve/Page_PERKESO/Tick employer' is clicked on

2019-02-21 18:26:55 - [TEST_STEP][PASSED] - click(findTestObject("KinJun/3.1 RIA Application/SEIO Internal Login - RIA Application - Approve/Page_PERKESO/Btn CheckCQC")): Object: 'Object Repository/KinJun/3.1 RIA Application/SEIO Internal Login - RIA Application - Approve/Page_PERKESO/Btn CheckCQC' is clicked on

2019-02-21 18:26:56 - [MESSAGE][PASSED] - Object: 'Object Repository/KinJun/3.1 RIA Application/SEIO Internal Login - RIA Application - Approve/Page_PERKESO/Btn CheckCQC' is clicked on

2019-02-21 18:26:56 - [TEST_STEP][PASSED] - delay(3): Delayed 3 second(s)

2019-02-21 18:26:59 - [MESSAGE][PASSED] - Delayed 3 second(s)

2019-02-21 18:26:59 - [TEST_STEP][PASSED] - click(findTestObject("KinJun/3.1 RIA Application/SEIO Internal Login - RIA Application - Approve/Page_PERKESO/Btn LockCQC")): Object: 'Object Repository/KinJun/3.1 RIA Application/SEIO Internal Login - RIA Application - Approve/Page_PERKESO/Btn LockCQC' is clicked on

2019-02-21 18:26:59 - [MESSAGE][PASSED] - Object: 'Object Repository/KinJun/3.1 RIA Application/SEIO Internal Login - RIA Application - Approve/Page_PERKESO/Btn LockCQC' is clicked on

2019-02-21 18:26:59 - [TEST_STEP][PASSED] - delay(3): Delayed 3 second(s)

2019-02-21 18:27:02 - [MESSAGE][PASSED] - Delayed 3 second(s)

2019-02-21 18:27:02 - [TEST_STEP][PASSED] - acceptAlert(): Alert accepted

2019-02-21 18:27:02 - [MESSAGE][PASSED] - Alert accepted

2019-02-21 18:27:02 - [TEST_STEP][PASSED] - delay(3): Delayed 3 second(s)

2019-02-21 18:27:05 - [MESSAGE][PASSED] - Delayed 3 second(s)

2019-02-21 18:27:05 - [TEST_STEP][PASSED] - acceptAlert(STOP_ON_FAILURE): Alert accepted

2019-02-21 18:27:05 - [MESSAGE][PASSED] - Alert accepted

2019-02-21 18:27:05 - [TEST_STEP][PASSED] - delay(3): Delayed 3 second(s)

2019-02-21 18:27:08 - [MESSAGE][PASSED] - Delayed 3 second(s)

2019-02-21 18:27:08 - [TEST_STEP][PASSED] - click(findTestObject("KinJun/3.1 RIA Application/SEIO Internal Login - RIA Application - Approve/Page_PERKESO/Btn Approve")): Object: 'Object Repository/KinJun/3.1 RIA Application/SEIO Internal Login - RIA Application - Approve/Page_PERKESO/Btn Approve' is clicked on

2019-02-21 18:27:08 - [MESSAGE][PASSED] - Object: 'Object Repository/KinJun/3.1 RIA Application/SEIO Internal Login - RIA Application - Approve/Page_PERKESO/Btn Approve' is clicked on

2019-02-21 18:27:08 - [TEST_STEP][PASSED] - delay(3): Delayed 3 second(s)

2019-02-21 18:27:11 - [MESSAGE][PASSED] - Delayed 3 second(s)

2019-02-21 18:27:11 - [TEST_STEP][PASSED] - click(findTestObject("KinJun/3.1 RIA Application/SEIO Internal Login - RIA Application - Approve/Page_PERKESO/Click username")): Object: 'Object Repository/KinJun/3.1 RIA Application/SEIO Internal Login - RIA Application - Approve/Page_PERKESO/Click username' is clicked on

2019-02-21 18:27:11 - [MESSAGE][PASSED] - Object: 'Object Repository/KinJun/3.1 RIA Application/SEIO Internal Login - RIA Application - Approve/Page_PERKESO/Click username' is clicked on

2019-02-21 18:27:11 - [TEST_STEP][PASSED] - delay(3): Delayed 3 second(s)

2019-02-21 18:27:14 - [MESSAGE][PASSED] - Delayed 3 second(s)

2019-02-21 18:27:14 - [TEST_STEP][PASSED] - click(findTestObject("KinJun/3.1 RIA Application/SEIO Internal Login - RIA Application - Approve/Page_PERKESO/Log out")): Object: 'Object Repository/KinJun/3.1 RIA Application/SEIO Internal Login - RIA Application - Approve/Page_PERKESO/Log out' is clicked on

2019-02-21 18:27:15 - [MESSAGE][PASSED] - Object: 'Object Repository/KinJun/3.1 RIA Application/SEIO Internal Login - RIA Application - Approve/Page_PERKESO/Log out' is clicked on

2019-02-21 18:27:15 - [MESSAGE][PASSED] - Call Test Case 'Test Cases/All TC/Arranged/2. Segment/2.31 RIA Application/SEIO Internal Login - RIA Application - Approve' successfully

2019-02-21 18:27:15 - [TEST_STEP][FAILED] - callTestCase(findTestCase("All TC/Arranged/2. Segment/OTC_Death Report"), [:], STOP_ON_FAILURE): callTestCase(findTestCase("All TC/Arranged/2. Segment/OTC_Death Report"), [:], STOP_ON_FAILURE) FAILED.
Reason:
com.kms.katalon.core.exception.StepFailedException: Unable to click on object 'Object Repository/KeatMun/OTC_Death Report/Page_PERKESO/4. Laporan Kematian Tab' (Root cause: com.kms.katalon.core.webui.exception.WebElementNotFoundException: Web element with id: 'Object Repository/KeatMun/OTC_Death Report/Page_PERKESO/4. Laporan Kematian Tab' located by 'By.xpath: //a[@href = '/eisportal/user/otc/deathReport/form1' and (text() = 'LAPORAN KEMATIAN' or . = 'LAPORAN KEMATIAN')]' not found)
	at com.kms.katalon.core.keyword.internal.KeywordMain.stepFailed(KeywordMain.groovy:36)
	at com.kms.katalon.core.webui.keyword.internal.WebUIKeywordMain.stepFailed(WebUIKeywordMain.groovy:65)
	at com.kms.katalon.core.webui.keyword.internal.WebUIKeywordMain.runKeyword(WebUIKeywordMain.groovy:27)
	at com.kms.katalon.core.webui.keyword.builtin.ClickKeyword.click(ClickKeyword.groovy:86)
	at com.kms.katalon.core.webui.keyword.builtin.ClickKeyword.execute(ClickKeyword.groovy:67)
	at com.kms.katalon.core.keyword.internal.KeywordExecutor.executeKeywordForPlatform(KeywordExecutor.groovy:53)
	at com.kms.katalon.core.webui.keyword.WebUiBuiltInKeywords.click(WebUiBuiltInKeywords.groovy:616)
	at com.kms.katalon.core.webui.keyword.WebUiBuiltInKeywords$click$3.call(Unknown Source)
	at OTC_Death Report.run(OTC_Death Report:34)
	at com.kms.katalon.core.main.ScriptEngine.run(ScriptEngine.java:194)
	at com.kms.katalon.core.main.ScriptEngine.runScriptAsRawText(ScriptEngine.java:119)
	at com.kms.katalon.core.main.TestCaseExecutor.runScript(TestCaseExecutor.java:328)
	at com.kms.katalon.core.main.TestCaseExecutor.doExecute(TestCaseExecutor.java:319)
	at com.kms.katalon.core.main.TestCaseExecutor.processExecutionPhase(TestCaseExecutor.java:298)
	at com.kms.katalon.core.main.TestCaseExecutor.accessMainPhase(TestCaseExecutor.java:290)
	at com.kms.katalon.core.main.TestCaseExecutor.execute(TestCaseExecutor.java:224)
	at com.kms.katalon.core.main.TestCaseMain.runTestCase(TestCaseMain.java:106)
	at com.kms.katalon.core.keyword.builtin.CallTestCaseKeyword$_callTestCase_closure1.doCall(CallTestCaseKeyword.groovy:59)
	at com.kms.katalon.core.keyword.builtin.CallTestCaseKeyword$_callTestCase_closure1.call(CallTestCaseKeyword.groovy)
	at com.kms.katalon.core.keyword.internal.KeywordMain.runKeyword(KeywordMain.groovy:54)
	at com.kms.katalon.core.keyword.builtin.CallTestCaseKeyword.callTestCase(CallTestCaseKeyword.groovy:80)
	at com.kms.katalon.core.keyword.builtin.CallTestCaseKeyword.execute(CallTestCaseKeyword.groovy:44)
	at com.kms.katalon.core.keyword.internal.KeywordExecutor.executeKeywordForPlatform(KeywordExecutor.groovy:53)
	at com.kms.katalon.core.keyword.BuiltinKeywords.callTestCase(BuiltinKeywords.groovy:334)
	at DA Report - Partial.run(DA Report - Partial:28)
	at com.kms.katalon.core.main.ScriptEngine.run(ScriptEngine.java:194)
	at com.kms.katalon.core.main.ScriptEngine.runScriptAsRawText(ScriptEngine.java:119)
	at com.kms.katalon.core.main.TestCaseExecutor.runScript(TestCaseExecutor.java:328)
	at com.kms.katalon.core.main.TestCaseExecutor.doExecute(TestCaseExecutor.java:319)
	at com.kms.katalon.core.main.TestCaseExecutor.processExecutionPhase(TestCaseExecutor.java:298)
	at com.kms.katalon.core.main.TestCaseExecutor.accessMainPhase(TestCaseExecutor.java:290)
	at com.kms.katalon.core.main.TestCaseExecutor.execute(TestCaseExecutor.java:224)
	at com.kms.katalon.core.main.TestSuiteExecutor.accessTestCaseMainPhase(TestSuiteExecutor.java:129)
	at com.kms.katalon.core.main.TestSuiteExecutor.accessTestSuiteMainPhase(TestSuiteExecutor.java:112)
	at com.kms.katalon.core.main.TestSuiteExecutor.execute(TestSuiteExecutor.java:81)
	at com.kms.katalon.core.main.TestCaseMain.startTestSuite(TestCaseMain.java:149)
	at com.kms.katalon.core.main.TestCaseMain$startTestSuite$0.call(Unknown Source)
	at TempTestSuite1550738418733.run(TempTestSuite1550738418733.groovy:36)


2019-02-21 18:27:15 - [TEST_CASE][FAILED] - Test Cases/All TC/Arranged/2. Segment/OTC_Death Report: Test Cases/All TC/Arranged/2. Segment/OTC_Death Report FAILED.
Reason:
com.kms.katalon.core.exception.StepFailedException: Unable to click on object 'Object Repository/KeatMun/OTC_Death Report/Page_PERKESO/4. Laporan Kematian Tab' (Root cause: com.kms.katalon.core.webui.exception.WebElementNotFoundException: Web element with id: 'Object Repository/KeatMun/OTC_Death Report/Page_PERKESO/4. Laporan Kematian Tab' located by 'By.xpath: //a[@href = '/eisportal/user/otc/deathReport/form1' and (text() = 'LAPORAN KEMATIAN' or . = 'LAPORAN KEMATIAN')]' not found)
	at com.kms.katalon.core.keyword.internal.KeywordMain.stepFailed(KeywordMain.groovy:36)
	at com.kms.katalon.core.webui.keyword.internal.WebUIKeywordMain.stepFailed(WebUIKeywordMain.groovy:65)
	at com.kms.katalon.core.webui.keyword.internal.WebUIKeywordMain.runKeyword(WebUIKeywordMain.groovy:27)
	at com.kms.katalon.core.webui.keyword.builtin.ClickKeyword.click(ClickKeyword.groovy:86)
	at com.kms.katalon.core.webui.keyword.builtin.ClickKeyword.execute(ClickKeyword.groovy:67)
	at com.kms.katalon.core.keyword.internal.KeywordExecutor.executeKeywordForPlatform(KeywordExecutor.groovy:53)
	at com.kms.katalon.core.webui.keyword.WebUiBuiltInKeywords.click(WebUiBuiltInKeywords.groovy:616)
	at com.kms.katalon.core.webui.keyword.WebUiBuiltInKeywords$click$3.call(Unknown Source)
	at OTC_Death Report.run(OTC_Death Report:34)
	at com.kms.katalon.core.main.ScriptEngine.run(ScriptEngine.java:194)
	at com.kms.katalon.core.main.ScriptEngine.runScriptAsRawText(ScriptEngine.java:119)
	at com.kms.katalon.core.main.TestCaseExecutor.runScript(TestCaseExecutor.java:328)
	at com.kms.katalon.core.main.TestCaseExecutor.doExecute(TestCaseExecutor.java:319)
	at com.kms.katalon.core.main.TestCaseExecutor.processExecutionPhase(TestCaseExecutor.java:298)
	at com.kms.katalon.core.main.TestCaseExecutor.accessMainPhase(TestCaseExecutor.java:290)
	at com.kms.katalon.core.main.TestCaseExecutor.execute(TestCaseExecutor.java:224)
	at com.kms.katalon.core.main.TestCaseMain.runTestCase(TestCaseMain.java:106)
	at com.kms.katalon.core.keyword.builtin.CallTestCaseKeyword$_callTestCase_closure1.doCall(CallTestCaseKeyword.groovy:59)
	at com.kms.katalon.core.keyword.builtin.CallTestCaseKeyword$_callTestCase_closure1.call(CallTestCaseKeyword.groovy)
	at com.kms.katalon.core.keyword.internal.KeywordMain.runKeyword(KeywordMain.groovy:54)
	at com.kms.katalon.core.keyword.builtin.CallTestCaseKeyword.callTestCase(CallTestCaseKeyword.groovy:80)
	at com.kms.katalon.core.keyword.builtin.CallTestCaseKeyword.execute(CallTestCaseKeyword.groovy:44)
	at com.kms.katalon.core.keyword.internal.KeywordExecutor.executeKeywordForPlatform(KeywordExecutor.groovy:53)
	at com.kms.katalon.core.keyword.BuiltinKeywords.callTestCase(BuiltinKeywords.groovy:334)
	at DA Report - Partial.run(DA Report - Partial:28)
	at com.kms.katalon.core.main.ScriptEngine.run(ScriptEngine.java:194)
	at com.kms.katalon.core.main.ScriptEngine.runScriptAsRawText(ScriptEngine.java:119)
	at com.kms.katalon.core.main.TestCaseExecutor.runScript(TestCaseExecutor.java:328)
	at com.kms.katalon.core.main.TestCaseExecutor.doExecute(TestCaseExecutor.java:319)
	at com.kms.katalon.core.main.TestCaseExecutor.processExecutionPhase(TestCaseExecutor.java:298)
	at com.kms.katalon.core.main.TestCaseExecutor.accessMainPhase(TestCaseExecutor.java:290)
	at com.kms.katalon.core.main.TestCaseExecutor.execute(TestCaseExecutor.java:224)
	at com.kms.katalon.core.main.TestSuiteExecutor.accessTestCaseMainPhase(TestSuiteExecutor.java:129)
	at com.kms.katalon.core.main.TestSuiteExecutor.accessTestSuiteMainPhase(TestSuiteExecutor.java:112)
	at com.kms.katalon.core.main.TestSuiteExecutor.execute(TestSuiteExecutor.java:81)
	at com.kms.katalon.core.main.TestCaseMain.startTestSuite(TestCaseMain.java:149)
	at com.kms.katalon.core.main.TestCaseMain$startTestSuite$0.call(Unknown Source)
	at TempTestSuite1550738418733.run(TempTestSuite1550738418733.groovy:36)


2019-02-21 18:27:15 - [TEST_STEP][PASSED] - openBrowser(""): Browser is opened with url: ''

2019-02-21 18:27:15 - [MESSAGE][WARNING] - A browser is already opened. Closing browser and opening a new one

2019-02-21 18:27:16 - [MESSAGE][INFO] - Starting 'Chrome' driver

2019-02-21 18:27:16 - [MESSAGE][INFO] - User set preference: ['args', '[--start-maximized]']

2019-02-21 18:27:18 - [MESSAGE][PASSED] - Browser is opened with url: ''

2019-02-21 18:27:18 - [TEST_STEP][PASSED] - navigateToUrl(Internal_Login): Navigate to 'http://10.20.24.188/eisportal/user/login' successfully

2019-02-21 18:27:19 - [MESSAGE][PASSED] - Navigate to 'http://10.20.24.188/eisportal/user/login' successfully

2019-02-21 18:27:19 - [TEST_STEP][PASSED] - delay(3): Delayed 3 second(s)

2019-02-21 18:27:22 - [MESSAGE][PASSED] - Delayed 3 second(s)

2019-02-21 18:27:22 - [TEST_STEP][PASSED] - setText(findTestObject("KeatMun/OTC_Death Report/Page_PERKESO/1.username"), "faizal.hamid@perkeso.gov.my"): Text 'faizal.hamid@perkeso.gov.my' is set on object 'Object Repository/KeatMun/OTC_Death Report/Page_PERKESO/1.username'

2019-02-21 18:27:22 - [MESSAGE][PASSED] - Text 'faizal.hamid@perkeso.gov.my' is set on object 'Object Repository/KeatMun/OTC_Death Report/Page_PERKESO/1.username'

2019-02-21 18:27:22 - [TEST_STEP][PASSED] - delay(3): Delayed 3 second(s)

2019-02-21 18:27:25 - [MESSAGE][PASSED] - Delayed 3 second(s)

2019-02-21 18:27:25 - [TEST_STEP][PASSED] - setEncryptedText(findTestObject("KeatMun/OTC_Death Report/Page_PERKESO/2.password"), "CQqwFZlbeC8="): Text ****** has been set on object 'Object Repository/KeatMun/OTC_Death Report/Page_PERKESO/2.password'

2019-02-21 18:27:25 - [MESSAGE][PASSED] - Text ****** has been set on object 'Object Repository/KeatMun/OTC_Death Report/Page_PERKESO/2.password'

2019-02-21 18:27:25 - [TEST_STEP][PASSED] - delay(3): Delayed 3 second(s)

2019-02-21 18:27:28 - [MESSAGE][PASSED] - Delayed 3 second(s)

2019-02-21 18:27:28 - [TEST_STEP][PASSED] - click(findTestObject("KeatMun/OTC_Death Report/Page_PERKESO/3.login")): Object: 'Object Repository/KeatMun/OTC_Death Report/Page_PERKESO/3.login' is clicked on

2019-02-21 18:27:29 - [MESSAGE][PASSED] - Object: 'Object Repository/KeatMun/OTC_Death Report/Page_PERKESO/3.login' is clicked on

2019-02-21 18:27:29 - [TEST_STEP][PASSED] - delay(3): Delayed 3 second(s)

2019-02-21 18:27:32 - [MESSAGE][PASSED] - Delayed 3 second(s)

2019-02-21 18:27:32 - [TEST_STEP][FAILED] - click(findTestObject("KeatMun/OTC_Death Report/Page_PERKESO/4. Laporan Kematian Tab")): click(findTestObject("KeatMun/OTC_Death Report/Page_PERKESO/4. Laporan Kematian Tab")) FAILED.
Reason:
com.kms.katalon.core.exception.StepFailedException: Unable to click on object 'Object Repository/KeatMun/OTC_Death Report/Page_PERKESO/4. Laporan Kematian Tab' (Root cause: com.kms.katalon.core.webui.exception.WebElementNotFoundException: Web element with id: 'Object Repository/KeatMun/OTC_Death Report/Page_PERKESO/4. Laporan Kematian Tab' located by 'By.xpath: //a[@href = '/eisportal/user/otc/deathReport/form1' and (text() = 'LAPORAN KEMATIAN' or . = 'LAPORAN KEMATIAN')]' not found)
	at com.kms.katalon.core.keyword.internal.KeywordMain.stepFailed(KeywordMain.groovy:36)
	at com.kms.katalon.core.webui.keyword.internal.WebUIKeywordMain.stepFailed(WebUIKeywordMain.groovy:65)
	at com.kms.katalon.core.webui.keyword.internal.WebUIKeywordMain.runKeyword(WebUIKeywordMain.groovy:27)
	at com.kms.katalon.core.webui.keyword.builtin.ClickKeyword.click(ClickKeyword.groovy:86)
	at com.kms.katalon.core.webui.keyword.builtin.ClickKeyword.execute(ClickKeyword.groovy:67)
	at com.kms.katalon.core.keyword.internal.KeywordExecutor.executeKeywordForPlatform(KeywordExecutor.groovy:53)
	at com.kms.katalon.core.webui.keyword.WebUiBuiltInKeywords.click(WebUiBuiltInKeywords.groovy:616)
	at com.kms.katalon.core.webui.keyword.WebUiBuiltInKeywords$click$3.call(Unknown Source)
	at OTC_Death Report.run(OTC_Death Report:34)
	at com.kms.katalon.core.main.ScriptEngine.run(ScriptEngine.java:194)
	at com.kms.katalon.core.main.ScriptEngine.runScriptAsRawText(ScriptEngine.java:119)
	at com.kms.katalon.core.main.TestCaseExecutor.runScript(TestCaseExecutor.java:328)
	at com.kms.katalon.core.main.TestCaseExecutor.doExecute(TestCaseExecutor.java:319)
	at com.kms.katalon.core.main.TestCaseExecutor.processExecutionPhase(TestCaseExecutor.java:298)
	at com.kms.katalon.core.main.TestCaseExecutor.accessMainPhase(TestCaseExecutor.java:290)
	at com.kms.katalon.core.main.TestCaseExecutor.execute(TestCaseExecutor.java:224)
	at com.kms.katalon.core.main.TestCaseMain.runTestCase(TestCaseMain.java:106)
	at com.kms.katalon.core.keyword.builtin.CallTestCaseKeyword$_callTestCase_closure1.doCall(CallTestCaseKeyword.groovy:59)
	at com.kms.katalon.core.keyword.builtin.CallTestCaseKeyword$_callTestCase_closure1.call(CallTestCaseKeyword.groovy)
	at com.kms.katalon.core.keyword.internal.KeywordMain.runKeyword(KeywordMain.groovy:54)
	at com.kms.katalon.core.keyword.builtin.CallTestCaseKeyword.callTestCase(CallTestCaseKeyword.groovy:80)
	at com.kms.katalon.core.keyword.builtin.CallTestCaseKeyword.execute(CallTestCaseKeyword.groovy:44)
	at com.kms.katalon.core.keyword.internal.KeywordExecutor.executeKeywordForPlatform(KeywordExecutor.groovy:53)
	at com.kms.katalon.core.keyword.BuiltinKeywords.callTestCase(BuiltinKeywords.groovy:334)
	at DA Report - Partial.run(DA Report - Partial:28)
	at com.kms.katalon.core.main.ScriptEngine.run(ScriptEngine.java:194)
	at com.kms.katalon.core.main.ScriptEngine.runScriptAsRawText(ScriptEngine.java:119)
	at com.kms.katalon.core.main.TestCaseExecutor.runScript(TestCaseExecutor.java:328)
	at com.kms.katalon.core.main.TestCaseExecutor.doExecute(TestCaseExecutor.java:319)
	at com.kms.katalon.core.main.TestCaseExecutor.processExecutionPhase(TestCaseExecutor.java:298)
	at com.kms.katalon.core.main.TestCaseExecutor.accessMainPhase(TestCaseExecutor.java:290)
	at com.kms.katalon.core.main.TestCaseExecutor.execute(TestCaseExecutor.java:224)
	at com.kms.katalon.core.main.TestSuiteExecutor.accessTestCaseMainPhase(TestSuiteExecutor.java:129)
	at com.kms.katalon.core.main.TestSuiteExecutor.accessTestSuiteMainPhase(TestSuiteExecutor.java:112)
	at com.kms.katalon.core.main.TestSuiteExecutor.execute(TestSuiteExecutor.java:81)
	at com.kms.katalon.core.main.TestCaseMain.startTestSuite(TestCaseMain.java:149)
	at com.kms.katalon.core.main.TestCaseMain$startTestSuite$0.call(Unknown Source)
	at TempTestSuite1550738418733.run(TempTestSuite1550738418733.groovy:36)


2019-02-21 18:28:03 - [MESSAGE][INFO] - Unable to find the element located by 'By.xpath: //a[@href = '/eisportal/user/otc/deathReport/form1' and (text() = 'LAPORAN KEMATIAN' or . = 'LAPORAN KEMATIAN')]'. Please recheck the objects properties to make sure the desired element is located. 

2019-02-21 18:28:04 - [MESSAGE][FAILED] - Unable to click on object 'Object Repository/KeatMun/OTC_Death Report/Page_PERKESO/4. Laporan Kematian Tab' (Root cause: com.kms.katalon.core.webui.exception.WebElementNotFoundException: Web element with id: 'Object Repository/KeatMun/OTC_Death Report/Page_PERKESO/4. Laporan Kematian Tab' located by 'By.xpath: //a[@href = '/eisportal/user/otc/deathReport/form1' and (text() = 'LAPORAN KEMATIAN' or . = 'LAPORAN KEMATIAN')]' not found)
[[ATTACHMENT|C:\\Users\\Admin\\Documents\\GitHub\\PKSKatalon\\PKS-EI-ES\\Reports\\New Test Suite\\20190221_164018\\1550744883713.png]]

2019-02-21 18:28:04 - [MESSAGE][FAILED] - click(findTestObject("KeatMun/OTC_Death Report/Page_PERKESO/4. Laporan Kematian Tab")) FAILED.
Reason:
com.kms.katalon.core.exception.StepFailedException: Unable to click on object 'Object Repository/KeatMun/OTC_Death Report/Page_PERKESO/4. Laporan Kematian Tab' (Root cause: com.kms.katalon.core.webui.exception.WebElementNotFoundException: Web element with id: 'Object Repository/KeatMun/OTC_Death Report/Page_PERKESO/4. Laporan Kematian Tab' located by 'By.xpath: //a[@href = '/eisportal/user/otc/deathReport/form1' and (text() = 'LAPORAN KEMATIAN' or . = 'LAPORAN KEMATIAN')]' not found)
	at com.kms.katalon.core.keyword.internal.KeywordMain.stepFailed(KeywordMain.groovy:36)
	at com.kms.katalon.core.webui.keyword.internal.WebUIKeywordMain.stepFailed(WebUIKeywordMain.groovy:65)
	at com.kms.katalon.core.webui.keyword.internal.WebUIKeywordMain.runKeyword(WebUIKeywordMain.groovy:27)
	at com.kms.katalon.core.webui.keyword.builtin.ClickKeyword.click(ClickKeyword.groovy:86)
	at com.kms.katalon.core.webui.keyword.builtin.ClickKeyword.execute(ClickKeyword.groovy:67)
	at com.kms.katalon.core.keyword.internal.KeywordExecutor.executeKeywordForPlatform(KeywordExecutor.groovy:53)
	at com.kms.katalon.core.webui.keyword.WebUiBuiltInKeywords.click(WebUiBuiltInKeywords.groovy:616)
	at com.kms.katalon.core.webui.keyword.WebUiBuiltInKeywords$click$3.call(Unknown Source)
	at OTC_Death Report.run(OTC_Death Report:34)
	at com.kms.katalon.core.main.ScriptEngine.run(ScriptEngine.java:194)
	at com.kms.katalon.core.main.ScriptEngine.runScriptAsRawText(ScriptEngine.java:119)
	at com.kms.katalon.core.main.TestCaseExecutor.runScript(TestCaseExecutor.java:328)
	at com.kms.katalon.core.main.TestCaseExecutor.doExecute(TestCaseExecutor.java:319)
	at com.kms.katalon.core.main.TestCaseExecutor.processExecutionPhase(TestCaseExecutor.java:298)
	at com.kms.katalon.core.main.TestCaseExecutor.accessMainPhase(TestCaseExecutor.java:290)
	at com.kms.katalon.core.main.TestCaseExecutor.execute(TestCaseExecutor.java:224)
	at com.kms.katalon.core.main.TestCaseMain.runTestCase(TestCaseMain.java:106)
	at com.kms.katalon.core.keyword.builtin.CallTestCaseKeyword$_callTestCase_closure1.doCall(CallTestCaseKeyword.groovy:59)
	at com.kms.katalon.core.keyword.builtin.CallTestCaseKeyword$_callTestCase_closure1.call(CallTestCaseKeyword.groovy)
	at com.kms.katalon.core.keyword.internal.KeywordMain.runKeyword(KeywordMain.groovy:54)
	at com.kms.katalon.core.keyword.builtin.CallTestCaseKeyword.callTestCase(CallTestCaseKeyword.groovy:80)
	at com.kms.katalon.core.keyword.builtin.CallTestCaseKeyword.execute(CallTestCaseKeyword.groovy:44)
	at com.kms.katalon.core.keyword.internal.KeywordExecutor.executeKeywordForPlatform(KeywordExecutor.groovy:53)
	at com.kms.katalon.core.keyword.BuiltinKeywords.callTestCase(BuiltinKeywords.groovy:334)
	at DA Report - Partial.run(DA Report - Partial:28)
	at com.kms.katalon.core.main.ScriptEngine.run(ScriptEngine.java:194)
	at com.kms.katalon.core.main.ScriptEngine.runScriptAsRawText(ScriptEngine.java:119)
	at com.kms.katalon.core.main.TestCaseExecutor.runScript(TestCaseExecutor.java:328)
	at com.kms.katalon.core.main.TestCaseExecutor.doExecute(TestCaseExecutor.java:319)
	at com.kms.katalon.core.main.TestCaseExecutor.processExecutionPhase(TestCaseExecutor.java:298)
	at com.kms.katalon.core.main.TestCaseExecutor.accessMainPhase(TestCaseExecutor.java:290)
	at com.kms.katalon.core.main.TestCaseExecutor.execute(TestCaseExecutor.java:224)
	at com.kms.katalon.core.main.TestSuiteExecutor.accessTestCaseMainPhase(TestSuiteExecutor.java:129)
	at com.kms.katalon.core.main.TestSuiteExecutor.accessTestSuiteMainPhase(TestSuiteExecutor.java:112)
	at com.kms.katalon.core.main.TestSuiteExecutor.execute(TestSuiteExecutor.java:81)
	at com.kms.katalon.core.main.TestCaseMain.startTestSuite(TestCaseMain.java:149)
	at com.kms.katalon.core.main.TestCaseMain$startTestSuite$0.call(Unknown Source)
	at TempTestSuite1550738418733.run(TempTestSuite1550738418733.groovy:36)


2019-02-21 18:28:04 - [MESSAGE][FAILED] - Unable to call Test Case 'Test Cases/All TC/Arranged/2. Segment/OTC_Death Report' (Root cause: com.kms.katalon.core.exception.StepFailedException: Call Test Case 'Test Cases/All TC/Arranged/2. Segment/OTC_Death Report' failed)

2019-02-21 18:28:04 - [MESSAGE][FAILED] - callTestCase(findTestCase("All TC/Arranged/2. Segment/OTC_Death Report"), [:], STOP_ON_FAILURE) FAILED.
Reason:
com.kms.katalon.core.exception.StepFailedException: Unable to click on object 'Object Repository/KeatMun/OTC_Death Report/Page_PERKESO/4. Laporan Kematian Tab' (Root cause: com.kms.katalon.core.webui.exception.WebElementNotFoundException: Web element with id: 'Object Repository/KeatMun/OTC_Death Report/Page_PERKESO/4. Laporan Kematian Tab' located by 'By.xpath: //a[@href = '/eisportal/user/otc/deathReport/form1' and (text() = 'LAPORAN KEMATIAN' or . = 'LAPORAN KEMATIAN')]' not found)
	at com.kms.katalon.core.keyword.internal.KeywordMain.stepFailed(KeywordMain.groovy:36)
	at com.kms.katalon.core.webui.keyword.internal.WebUIKeywordMain.stepFailed(WebUIKeywordMain.groovy:65)
	at com.kms.katalon.core.webui.keyword.internal.WebUIKeywordMain.runKeyword(WebUIKeywordMain.groovy:27)
	at com.kms.katalon.core.webui.keyword.builtin.ClickKeyword.click(ClickKeyword.groovy:86)
	at com.kms.katalon.core.webui.keyword.builtin.ClickKeyword.execute(ClickKeyword.groovy:67)
	at com.kms.katalon.core.keyword.internal.KeywordExecutor.executeKeywordForPlatform(KeywordExecutor.groovy:53)
	at com.kms.katalon.core.webui.keyword.WebUiBuiltInKeywords.click(WebUiBuiltInKeywords.groovy:616)
	at com.kms.katalon.core.webui.keyword.WebUiBuiltInKeywords$click$3.call(Unknown Source)
	at OTC_Death Report.run(OTC_Death Report:34)
	at com.kms.katalon.core.main.ScriptEngine.run(ScriptEngine.java:194)
	at com.kms.katalon.core.main.ScriptEngine.runScriptAsRawText(ScriptEngine.java:119)
	at com.kms.katalon.core.main.TestCaseExecutor.runScript(TestCaseExecutor.java:328)
	at com.kms.katalon.core.main.TestCaseExecutor.doExecute(TestCaseExecutor.java:319)
	at com.kms.katalon.core.main.TestCaseExecutor.processExecutionPhase(TestCaseExecutor.java:298)
	at com.kms.katalon.core.main.TestCaseExecutor.accessMainPhase(TestCaseExecutor.java:290)
	at com.kms.katalon.core.main.TestCaseExecutor.execute(TestCaseExecutor.java:224)
	at com.kms.katalon.core.main.TestCaseMain.runTestCase(TestCaseMain.java:106)
	at com.kms.katalon.core.keyword.builtin.CallTestCaseKeyword$_callTestCase_closure1.doCall(CallTestCaseKeyword.groovy:59)
	at com.kms.katalon.core.keyword.builtin.CallTestCaseKeyword$_callTestCase_closure1.call(CallTestCaseKeyword.groovy)
	at com.kms.katalon.core.keyword.internal.KeywordMain.runKeyword(KeywordMain.groovy:54)
	at com.kms.katalon.core.keyword.builtin.CallTestCaseKeyword.callTestCase(CallTestCaseKeyword.groovy:80)
	at com.kms.katalon.core.keyword.builtin.CallTestCaseKeyword.execute(CallTestCaseKeyword.groovy:44)
	at com.kms.katalon.core.keyword.internal.KeywordExecutor.executeKeywordForPlatform(KeywordExecutor.groovy:53)
	at com.kms.katalon.core.keyword.BuiltinKeywords.callTestCase(BuiltinKeywords.groovy:334)
	at DA Report - Partial.run(DA Report - Partial:28)
	at com.kms.katalon.core.main.ScriptEngine.run(ScriptEngine.java:194)
	at com.kms.katalon.core.main.ScriptEngine.runScriptAsRawText(ScriptEngine.java:119)
	at com.kms.katalon.core.main.TestCaseExecutor.runScript(TestCaseExecutor.java:328)
	at com.kms.katalon.core.main.TestCaseExecutor.doExecute(TestCaseExecutor.java:319)
	at com.kms.katalon.core.main.TestCaseExecutor.processExecutionPhase(TestCaseExecutor.java:298)
	at com.kms.katalon.core.main.TestCaseExecutor.accessMainPhase(TestCaseExecutor.java:290)
	at com.kms.katalon.core.main.TestCaseExecutor.execute(TestCaseExecutor.java:224)
	at com.kms.katalon.core.main.TestSuiteExecutor.accessTestCaseMainPhase(TestSuiteExecutor.java:129)
	at com.kms.katalon.core.main.TestSuiteExecutor.accessTestSuiteMainPhase(TestSuiteExecutor.java:112)
	at com.kms.katalon.core.main.TestSuiteExecutor.execute(TestSuiteExecutor.java:81)
	at com.kms.katalon.core.main.TestCaseMain.startTestSuite(TestCaseMain.java:149)
	at com.kms.katalon.core.main.TestCaseMain$startTestSuite$0.call(Unknown Source)
	at TempTestSuite1550738418733.run(TempTestSuite1550738418733.groovy:36)]]></system-out>
         <system-err><![CDATA[2019-02-21 18:18:53 - [TEST_CASE][FAILED] - Test Cases/All TC/Arranged/0. Full Flow/DA Report - Partial: Test Cases/All TC/Arranged/0. Full Flow/DA Report - Partial FAILED.
Reason:
com.kms.katalon.core.exception.StepFailedException: Unable to click on object 'Object Repository/KeatMun/OTC_Death Report/Page_PERKESO/4. Laporan Kematian Tab' (Root cause: com.kms.katalon.core.webui.exception.WebElementNotFoundException: Web element with id: 'Object Repository/KeatMun/OTC_Death Report/Page_PERKESO/4. Laporan Kematian Tab' located by 'By.xpath: //a[@href = '/eisportal/user/otc/deathReport/form1' and (text() = 'LAPORAN KEMATIAN' or . = 'LAPORAN KEMATIAN')]' not found)
	at com.kms.katalon.core.keyword.internal.KeywordMain.stepFailed(KeywordMain.groovy:36)
	at com.kms.katalon.core.webui.keyword.internal.WebUIKeywordMain.stepFailed(WebUIKeywordMain.groovy:65)
	at com.kms.katalon.core.webui.keyword.internal.WebUIKeywordMain.runKeyword(WebUIKeywordMain.groovy:27)
	at com.kms.katalon.core.webui.keyword.builtin.ClickKeyword.click(ClickKeyword.groovy:86)
	at com.kms.katalon.core.webui.keyword.builtin.ClickKeyword.execute(ClickKeyword.groovy:67)
	at com.kms.katalon.core.keyword.internal.KeywordExecutor.executeKeywordForPlatform(KeywordExecutor.groovy:53)
	at com.kms.katalon.core.webui.keyword.WebUiBuiltInKeywords.click(WebUiBuiltInKeywords.groovy:616)
	at com.kms.katalon.core.webui.keyword.WebUiBuiltInKeywords$click$3.call(Unknown Source)
	at OTC_Death Report.run(OTC_Death Report:34)
	at com.kms.katalon.core.main.ScriptEngine.run(ScriptEngine.java:194)
	at com.kms.katalon.core.main.ScriptEngine.runScriptAsRawText(ScriptEngine.java:119)
	at com.kms.katalon.core.main.TestCaseExecutor.runScript(TestCaseExecutor.java:328)
	at com.kms.katalon.core.main.TestCaseExecutor.doExecute(TestCaseExecutor.java:319)
	at com.kms.katalon.core.main.TestCaseExecutor.processExecutionPhase(TestCaseExecutor.java:298)
	at com.kms.katalon.core.main.TestCaseExecutor.accessMainPhase(TestCaseExecutor.java:290)
	at com.kms.katalon.core.main.TestCaseExecutor.execute(TestCaseExecutor.java:224)
	at com.kms.katalon.core.main.TestCaseMain.runTestCase(TestCaseMain.java:106)
	at com.kms.katalon.core.keyword.builtin.CallTestCaseKeyword$_callTestCase_closure1.doCall(CallTestCaseKeyword.groovy:59)
	at com.kms.katalon.core.keyword.builtin.CallTestCaseKeyword$_callTestCase_closure1.call(CallTestCaseKeyword.groovy)
	at com.kms.katalon.core.keyword.internal.KeywordMain.runKeyword(KeywordMain.groovy:54)
	at com.kms.katalon.core.keyword.builtin.CallTestCaseKeyword.callTestCase(CallTestCaseKeyword.groovy:80)
	at com.kms.katalon.core.keyword.builtin.CallTestCaseKeyword.execute(CallTestCaseKeyword.groovy:44)
	at com.kms.katalon.core.keyword.internal.KeywordExecutor.executeKeywordForPlatform(KeywordExecutor.groovy:53)
	at com.kms.katalon.core.keyword.BuiltinKeywords.callTestCase(BuiltinKeywords.groovy:334)
	at DA Report - Partial.run(DA Report - Partial:28)
	at com.kms.katalon.core.main.ScriptEngine.run(ScriptEngine.java:194)
	at com.kms.katalon.core.main.ScriptEngine.runScriptAsRawText(ScriptEngine.java:119)
	at com.kms.katalon.core.main.TestCaseExecutor.runScript(TestCaseExecutor.java:328)
	at com.kms.katalon.core.main.TestCaseExecutor.doExecute(TestCaseExecutor.java:319)
	at com.kms.katalon.core.main.TestCaseExecutor.processExecutionPhase(TestCaseExecutor.java:298)
	at com.kms.katalon.core.main.TestCaseExecutor.accessMainPhase(TestCaseExecutor.java:290)
	at com.kms.katalon.core.main.TestCaseExecutor.execute(TestCaseExecutor.java:224)
	at com.kms.katalon.core.main.TestSuiteExecutor.accessTestCaseMainPhase(TestSuiteExecutor.java:129)
	at com.kms.katalon.core.main.TestSuiteExecutor.accessTestSuiteMainPhase(TestSuiteExecutor.java:112)
	at com.kms.katalon.core.main.TestSuiteExecutor.execute(TestSuiteExecutor.java:81)
	at com.kms.katalon.core.main.TestCaseMain.startTestSuite(TestCaseMain.java:149)
	at com.kms.katalon.core.main.TestCaseMain$startTestSuite$0.call(Unknown Source)
	at TempTestSuite1550738418733.run(TempTestSuite1550738418733.groovy:36)]]></system-err>
      </testcase>
      <testcase name="Test Cases/All TC/Arranged/0. Full Flow/Case Reg_OTC" classname="Test Cases/All TC/Arranged/0. Full Flow/Case Reg_OTC" status="PASSED">
         <system-out><![CDATA[2019-02-21 18:28:05 - [TEST_CASE][PASSED] - Test Cases/All TC/Arranged/0. Full Flow/Case Reg_OTC: Test Cases/All TC/Arranged/0. Full Flow/Case Reg_OTC

2019-02-21 18:28:05 - [TEST_STEP][PASSED] - openBrowser(""): Browser is opened with url: ''

2019-02-21 18:28:05 - [MESSAGE][WARNING] - A browser is already opened. Closing browser and opening a new one

2019-02-21 18:28:06 - [MESSAGE][INFO] - Starting 'Chrome' driver

2019-02-21 18:28:06 - [MESSAGE][INFO] - User set preference: ['args', '[--start-maximized]']

2019-02-21 18:28:08 - [MESSAGE][PASSED] - Browser is opened with url: ''

2019-02-21 18:28:08 - [TEST_STEP][PASSED] - navigateToUrl(Internal_Login): Navigate to 'http://10.20.24.188/eisportal/user/login' successfully

2019-02-21 18:28:09 - [MESSAGE][PASSED] - Navigate to 'http://10.20.24.188/eisportal/user/login' successfully

2019-02-21 18:28:09 - [TEST_STEP][PASSED] - delay(2): Delayed 2 second(s)

2019-02-21 18:28:11 - [MESSAGE][PASSED] - Delayed 2 second(s)

2019-02-21 18:28:11 - [TEST_STEP][PASSED] - setText(findTestObject("Kelvin/Portal (10.20.24.198)/Case Reg_OTC/mkotc email"), MK_OTC_3): Text 'mkotc3@perkeso.gov.my' is set on object 'Object Repository/Kelvin/Portal (10.20.24.198)/Case Reg_OTC/mkotc email'

2019-02-21 18:28:11 - [MESSAGE][PASSED] - Text 'mkotc3@perkeso.gov.my' is set on object 'Object Repository/Kelvin/Portal (10.20.24.198)/Case Reg_OTC/mkotc email'

2019-02-21 18:28:11 - [TEST_STEP][PASSED] - setText(findTestObject("Kelvin/Portal (10.20.24.198)/Case Reg_OTC/mkotc pw"), Internal_PW): Text 'otc1' is set on object 'Object Repository/Kelvin/Portal (10.20.24.198)/Case Reg_OTC/mkotc pw'

2019-02-21 18:28:11 - [MESSAGE][PASSED] - Text 'otc1' is set on object 'Object Repository/Kelvin/Portal (10.20.24.198)/Case Reg_OTC/mkotc pw'

2019-02-21 18:28:11 - [TEST_STEP][PASSED] - click(findTestObject("Kelvin/Portal (10.20.24.198)/Case Reg_OTC/Login Button")): Object: 'Object Repository/Kelvin/Portal (10.20.24.198)/Case Reg_OTC/Login Button' is clicked on

2019-02-21 18:28:12 - [MESSAGE][PASSED] - Object: 'Object Repository/Kelvin/Portal (10.20.24.198)/Case Reg_OTC/Login Button' is clicked on

2019-02-21 18:28:12 - [TEST_STEP][PASSED] - delay(2): Delayed 2 second(s)

2019-02-21 18:28:14 - [MESSAGE][PASSED] - Delayed 2 second(s)

2019-02-21 18:28:14 - [TEST_STEP][PASSED] - click(findTestObject("Kelvin/Portal (10.20.24.198)/Case Reg_OTC/a_PENDAFTARAN KES")): Object: 'Object Repository/Kelvin/Portal (10.20.24.198)/Case Reg_OTC/a_PENDAFTARAN KES' is clicked on

2019-02-21 18:28:15 - [MESSAGE][PASSED] - Object: 'Object Repository/Kelvin/Portal (10.20.24.198)/Case Reg_OTC/a_PENDAFTARAN KES' is clicked on

2019-02-21 18:28:15 - [TEST_STEP][PASSED] - callTestCase(findTestCase("All TC/Arranged/1. Common/Name and IC Generator"), [:], STOP_ON_FAILURE): Call Test Case 'Test Cases/All TC/Arranged/1. Common/Name and IC Generator' successfully

2019-02-21 18:28:15 - [TEST_CASE][PASSED] - Test Cases/All TC/Arranged/1. Common/Name and IC Generator: Test Cases/All TC/Arranged/1. Common/Name and IC Generator

2019-02-21 18:28:15 - [TEST_STEP][PASSED] - r = new java.util.Random(): null

2019-02-21 18:28:15 - [TEST_STEP][PASSED] - snum = r.nextInt(899999 + 1) + 100000: null

2019-02-21 18:28:15 - [TEST_STEP][PASSED] - tnum = r.nextInt(899999 + 1) + 100000: null

2019-02-21 18:28:15 - [TEST_STEP][PASSED] - ICnum = Integer.toString(snum) + Integer.toString(tnum): null

2019-02-21 18:28:15 - [TEST_STEP][PASSED] - ICRand = ICnum: null

2019-02-21 18:28:15 - [TEST_STEP][PASSED] - Name = "a" + ICnum: null

2019-02-21 18:28:15 - [TEST_STEP][PASSED] - out.println(ICRand): null

2019-02-21 18:28:15 - [TEST_STEP][PASSED] - setText(findTestObject("Kelvin/To-call/Name and IC Generator/Nama Penuh"), Name): Text 'a860227395289' is set on object 'Object Repository/Kelvin/To-call/Name and IC Generator/Nama Penuh'

2019-02-21 18:28:16 - [MESSAGE][PASSED] - Text 'a860227395289' is set on object 'Object Repository/Kelvin/To-call/Name and IC Generator/Nama Penuh'

2019-02-21 18:28:16 - [TEST_STEP][PASSED] - setText(findTestObject("Kelvin/To-call/Name and IC Generator/No. Kad IC"), ICnum): Text '860227395289' is set on object 'Object Repository/Kelvin/To-call/Name and IC Generator/No. Kad IC'

2019-02-21 18:28:16 - [MESSAGE][PASSED] - Text '860227395289' is set on object 'Object Repository/Kelvin/To-call/Name and IC Generator/No. Kad IC'

2019-02-21 18:28:16 - [MESSAGE][PASSED] - Call Test Case 'Test Cases/All TC/Arranged/1. Common/Name and IC Generator' successfully

2019-02-21 18:28:16 - [TEST_STEP][PASSED] - setText(findTestObject("Kelvin/Portal (10.20.24.198)/Case Reg_OTC/insert mobile number"), "99999999999"): Text '99999999999' is set on object 'Object Repository/Kelvin/Portal (10.20.24.198)/Case Reg_OTC/insert mobile number'

2019-02-21 18:28:16 - [MESSAGE][PASSED] - Text '99999999999' is set on object 'Object Repository/Kelvin/Portal (10.20.24.198)/Case Reg_OTC/insert mobile number'

2019-02-21 18:28:16 - [TEST_STEP][PASSED] - click(findTestObject("Kelvin/Portal (10.20.24.198)/Case Reg_OTC/Submit Button")): Object: 'Object Repository/Kelvin/Portal (10.20.24.198)/Case Reg_OTC/Submit Button' is clicked on

2019-02-21 18:28:16 - [MESSAGE][PASSED] - Object: 'Object Repository/Kelvin/Portal (10.20.24.198)/Case Reg_OTC/Submit Button' is clicked on

2019-02-21 18:28:16 - [TEST_STEP][PASSED] - delay(2): Delayed 2 second(s)

2019-02-21 18:28:18 - [MESSAGE][PASSED] - Delayed 2 second(s)

2019-02-21 18:28:18 - [TEST_STEP][PASSED] - selectOptionByValue(findTestObject("Kelvin/Portal (10.20.24.198)/Case Reg_OTC/Kategori carian - MyKad"), "2", true): All options with value '2' are selected in object 'Object Repository/Kelvin/Portal (10.20.24.198)/Case Reg_OTC/Kategori carian - MyKad'  using regular expression

2019-02-21 18:28:19 - [MESSAGE][PASSED] - All options with value '2' are selected in object 'Object Repository/Kelvin/Portal (10.20.24.198)/Case Reg_OTC/Kategori carian - MyKad'  using regular expression

2019-02-21 18:28:19 - [TEST_STEP][PASSED] - setText(findTestObject("Kelvin/Portal (10.20.24.198)/Case Reg_OTC/Insert IC"), ICRand): Text '860227395289' is set on object 'Object Repository/Kelvin/Portal (10.20.24.198)/Case Reg_OTC/Insert IC'

2019-02-21 18:28:19 - [MESSAGE][PASSED] - Text '860227395289' is set on object 'Object Repository/Kelvin/Portal (10.20.24.198)/Case Reg_OTC/Insert IC'

2019-02-21 18:28:19 - [TEST_STEP][PASSED] - click(findTestObject("Kelvin/Portal (10.20.24.198)/Case Reg_CM/Search Button")): Object: 'Object Repository/Kelvin/Portal (10.20.24.198)/Case Reg_CM/Search Button' is clicked on

2019-02-21 18:28:19 - [MESSAGE][PASSED] - Object: 'Object Repository/Kelvin/Portal (10.20.24.198)/Case Reg_CM/Search Button' is clicked on

2019-02-21 18:28:19 - [TEST_STEP][PASSED] - focus(findTestObject("Kelvin/Portal (10.20.24.198)/Case Reg_OTC/To verify record existed")): Object: 'Object Repository/Kelvin/Portal (10.20.24.198)/Case Reg_OTC/To verify record existed' is focused

2019-02-21 18:28:19 - [MESSAGE][PASSED] - Object: 'Object Repository/Kelvin/Portal (10.20.24.198)/Case Reg_OTC/To verify record existed' is focused]]></system-out>
         <system-err><![CDATA[]]></system-err>
      </testcase>
      <testcase name="Test Cases/All TC/Arranged/0. Full Flow/Case Reg_ESO_selfassign" classname="Test Cases/All TC/Arranged/0. Full Flow/Case Reg_ESO_selfassign" status="PASSED">
         <system-out><![CDATA[2019-02-21 18:28:19 - [TEST_CASE][PASSED] - Test Cases/All TC/Arranged/0. Full Flow/Case Reg_ESO_selfassign: Test Cases/All TC/Arranged/0. Full Flow/Case Reg_ESO_selfassign

2019-02-21 18:28:19 - [TEST_STEP][PASSED] - openBrowser(""): Browser is opened with url: ''

2019-02-21 18:28:19 - [MESSAGE][WARNING] - A browser is already opened. Closing browser and opening a new one

2019-02-21 18:28:20 - [MESSAGE][INFO] - Starting 'Chrome' driver

2019-02-21 18:28:20 - [MESSAGE][INFO] - User set preference: ['args', '[--start-maximized]']

2019-02-21 18:28:22 - [MESSAGE][PASSED] - Browser is opened with url: ''

2019-02-21 18:28:22 - [TEST_STEP][PASSED] - navigateToUrl(Internal_Login): Navigate to 'http://10.20.24.188/eisportal/user/login' successfully

2019-02-21 18:28:23 - [MESSAGE][PASSED] - Navigate to 'http://10.20.24.188/eisportal/user/login' successfully

2019-02-21 18:28:23 - [TEST_STEP][PASSED] - delay(2): Delayed 2 second(s)

2019-02-21 18:28:25 - [MESSAGE][PASSED] - Delayed 2 second(s)

2019-02-21 18:28:25 - [TEST_STEP][PASSED] - setText(findTestObject("Kelvin/Portal (10.20.24.198)/Case Reg_ESO_selfassign/mkeso email"), MK_ESO_3): Text 'mkeso3@perkeso.gov.my' is set on object 'Object Repository/Kelvin/Portal (10.20.24.198)/Case Reg_ESO_selfassign/mkeso email'

2019-02-21 18:28:25 - [MESSAGE][PASSED] - Text 'mkeso3@perkeso.gov.my' is set on object 'Object Repository/Kelvin/Portal (10.20.24.198)/Case Reg_ESO_selfassign/mkeso email'

2019-02-21 18:28:25 - [TEST_STEP][PASSED] - setText(findTestObject("Kelvin/Portal (10.20.24.198)/Case Reg_ESO_selfassign/mkeso pw"), Internal_PW): Text 'otc1' is set on object 'Object Repository/Kelvin/Portal (10.20.24.198)/Case Reg_ESO_selfassign/mkeso pw'

2019-02-21 18:28:25 - [MESSAGE][PASSED] - Text 'otc1' is set on object 'Object Repository/Kelvin/Portal (10.20.24.198)/Case Reg_ESO_selfassign/mkeso pw'

2019-02-21 18:28:25 - [TEST_STEP][PASSED] - click(findTestObject("Kelvin/Portal (10.20.24.198)/Case Reg_ESO_selfassign/Login Button")): Object: 'Object Repository/Kelvin/Portal (10.20.24.198)/Case Reg_ESO_selfassign/Login Button' is clicked on

2019-02-21 18:28:27 - [MESSAGE][PASSED] - Object: 'Object Repository/Kelvin/Portal (10.20.24.198)/Case Reg_ESO_selfassign/Login Button' is clicked on

2019-02-21 18:28:27 - [TEST_STEP][PASSED] - delay(2): Delayed 2 second(s)

2019-02-21 18:28:29 - [MESSAGE][PASSED] - Delayed 2 second(s)

2019-02-21 18:28:29 - [TEST_STEP][PASSED] - click(findTestObject("Kelvin/Portal (10.20.24.198)/Case Reg_ESO_selfassign/a_PENDAFTARAN KES")): Object: 'Object Repository/Kelvin/Portal (10.20.24.198)/Case Reg_ESO_selfassign/a_PENDAFTARAN KES' is clicked on

2019-02-21 18:28:29 - [MESSAGE][PASSED] - Object: 'Object Repository/Kelvin/Portal (10.20.24.198)/Case Reg_ESO_selfassign/a_PENDAFTARAN KES' is clicked on

2019-02-21 18:28:29 - [TEST_STEP][PASSED] - callTestCase(findTestCase("All TC/Arranged/1. Common/Name and IC Generator"), [:], STOP_ON_FAILURE): Call Test Case 'Test Cases/All TC/Arranged/1. Common/Name and IC Generator' successfully

2019-02-21 18:28:29 - [TEST_CASE][PASSED] - Test Cases/All TC/Arranged/1. Common/Name and IC Generator: Test Cases/All TC/Arranged/1. Common/Name and IC Generator

2019-02-21 18:28:29 - [TEST_STEP][PASSED] - r = new java.util.Random(): null

2019-02-21 18:28:29 - [TEST_STEP][PASSED] - snum = r.nextInt(899999 + 1) + 100000: null

2019-02-21 18:28:29 - [TEST_STEP][PASSED] - tnum = r.nextInt(899999 + 1) + 100000: null

2019-02-21 18:28:29 - [TEST_STEP][PASSED] - ICnum = Integer.toString(snum) + Integer.toString(tnum): null

2019-02-21 18:28:29 - [TEST_STEP][PASSED] - ICRand = ICnum: null

2019-02-21 18:28:29 - [TEST_STEP][PASSED] - Name = "a" + ICnum: null

2019-02-21 18:28:29 - [TEST_STEP][PASSED] - out.println(ICRand): null

2019-02-21 18:28:29 - [TEST_STEP][PASSED] - setText(findTestObject("Kelvin/To-call/Name and IC Generator/Nama Penuh"), Name): Text 'a814253795193' is set on object 'Object Repository/Kelvin/To-call/Name and IC Generator/Nama Penuh'

2019-02-21 18:28:30 - [MESSAGE][PASSED] - Text 'a814253795193' is set on object 'Object Repository/Kelvin/To-call/Name and IC Generator/Nama Penuh'

2019-02-21 18:28:30 - [TEST_STEP][PASSED] - setText(findTestObject("Kelvin/To-call/Name and IC Generator/No. Kad IC"), ICnum): Text '814253795193' is set on object 'Object Repository/Kelvin/To-call/Name and IC Generator/No. Kad IC'

2019-02-21 18:28:30 - [MESSAGE][PASSED] - Text '814253795193' is set on object 'Object Repository/Kelvin/To-call/Name and IC Generator/No. Kad IC'

2019-02-21 18:28:30 - [MESSAGE][PASSED] - Call Test Case 'Test Cases/All TC/Arranged/1. Common/Name and IC Generator' successfully

2019-02-21 18:28:30 - [TEST_STEP][PASSED] - selectOptionByValue(findTestObject("Kelvin/Portal (10.20.24.198)/Case Reg_ESO_selfassign/Kategori Kes"), "5", true): All options with value '5' are selected in object 'Object Repository/Kelvin/Portal (10.20.24.198)/Case Reg_ESO_selfassign/Kategori Kes'  using regular expression

2019-02-21 18:28:30 - [MESSAGE][PASSED] - All options with value '5' are selected in object 'Object Repository/Kelvin/Portal (10.20.24.198)/Case Reg_ESO_selfassign/Kategori Kes'  using regular expression

2019-02-21 18:28:30 - [TEST_STEP][PASSED] - setText(findTestObject("Kelvin/Portal (10.20.24.198)/Case Reg_ESO_selfassign/Catatan"), "a"): Text 'a' is set on object 'Object Repository/Kelvin/Portal (10.20.24.198)/Case Reg_ESO_selfassign/Catatan'

2019-02-21 18:28:30 - [MESSAGE][PASSED] - Text 'a' is set on object 'Object Repository/Kelvin/Portal (10.20.24.198)/Case Reg_ESO_selfassign/Catatan'

2019-02-21 18:28:30 - [TEST_STEP][PASSED] - click(findTestObject("Kelvin/Portal (10.20.24.198)/Case Reg_ESO_selfassign/Submit Button")): Object: 'Object Repository/Kelvin/Portal (10.20.24.198)/Case Reg_ESO_selfassign/Submit Button' is clicked on

2019-02-21 18:28:31 - [MESSAGE][PASSED] - Object: 'Object Repository/Kelvin/Portal (10.20.24.198)/Case Reg_ESO_selfassign/Submit Button' is clicked on

2019-02-21 18:28:31 - [TEST_STEP][PASSED] - delay(2): Delayed 2 second(s)

2019-02-21 18:28:33 - [MESSAGE][PASSED] - Delayed 2 second(s)

2019-02-21 18:28:33 - [TEST_STEP][PASSED] - click(findTestObject("Kelvin/Portal (10.20.24.198)/Case Reg_ESO_selfassign/Search By - My Kad")): Object: 'Object Repository/Kelvin/Portal (10.20.24.198)/Case Reg_ESO_selfassign/Search By - My Kad' is clicked on

2019-02-21 18:28:33 - [MESSAGE][PASSED] - Object: 'Object Repository/Kelvin/Portal (10.20.24.198)/Case Reg_ESO_selfassign/Search By - My Kad' is clicked on

2019-02-21 18:28:33 - [TEST_STEP][PASSED] - setText(findTestObject("Kelvin/Portal (10.20.24.198)/Case Reg_ESO_selfassign/Set Search value"), "MyKad"): Text 'MyKad' is set on object 'Object Repository/Kelvin/Portal (10.20.24.198)/Case Reg_ESO_selfassign/Set Search value'

2019-02-21 18:28:33 - [MESSAGE][PASSED] - Text 'MyKad' is set on object 'Object Repository/Kelvin/Portal (10.20.24.198)/Case Reg_ESO_selfassign/Set Search value'

2019-02-21 18:28:33 - [TEST_STEP][PASSED] - sendKeys(findTestObject("Kelvin/Portal (10.20.24.198)/Case Reg_ESO_selfassign/Set Search value - ENTER"), Keys.chord(ENTER)): Keys 'ENTER + ' sent to object: 'Object Repository/Kelvin/Portal (10.20.24.198)/Case Reg_ESO_selfassign/Set Search value - ENTER'

2019-02-21 18:28:33 - [MESSAGE][PASSED] - Keys 'ENTER + ' sent to object: 'Object Repository/Kelvin/Portal (10.20.24.198)/Case Reg_ESO_selfassign/Set Search value - ENTER'

2019-02-21 18:28:33 - [TEST_STEP][PASSED] - setText(findTestObject("Kelvin/Portal (10.20.24.198)/Case Reg_ESO_selfassign/Insert IC"), ICRand): Text '814253795193' is set on object 'Object Repository/Kelvin/Portal (10.20.24.198)/Case Reg_ESO_selfassign/Insert IC'

2019-02-21 18:28:33 - [MESSAGE][PASSED] - Text '814253795193' is set on object 'Object Repository/Kelvin/Portal (10.20.24.198)/Case Reg_ESO_selfassign/Insert IC'

2019-02-21 18:28:33 - [TEST_STEP][PASSED] - click(findTestObject("Kelvin/Portal (10.20.24.198)/Case Reg_ESO_selfassign/Search Button")): Object: 'Object Repository/Kelvin/Portal (10.20.24.198)/Case Reg_ESO_selfassign/Search Button' is clicked on

2019-02-21 18:28:34 - [MESSAGE][PASSED] - Object: 'Object Repository/Kelvin/Portal (10.20.24.198)/Case Reg_ESO_selfassign/Search Button' is clicked on

2019-02-21 18:28:34 - [TEST_STEP][PASSED] - delay(2): Delayed 2 second(s)

2019-02-21 18:28:36 - [MESSAGE][PASSED] - Delayed 2 second(s)

2019-02-21 18:28:36 - [TEST_STEP][PASSED] - focus(findTestObject("Kelvin/Portal (10.20.24.198)/Case Reg_ESO_selfassign/To verify record existed")): Object: 'Object Repository/Kelvin/Portal (10.20.24.198)/Case Reg_ESO_selfassign/To verify record existed' is focused

2019-02-21 18:28:36 - [MESSAGE][PASSED] - Object: 'Object Repository/Kelvin/Portal (10.20.24.198)/Case Reg_ESO_selfassign/To verify record existed' is focused]]></system-out>
         <system-err><![CDATA[]]></system-err>
      </testcase>
      <testcase name="Test Cases/All TC/Arranged/0. Full Flow/Case Reg_CM" classname="Test Cases/All TC/Arranged/0. Full Flow/Case Reg_CM" status="PASSED">
         <system-out><![CDATA[2019-02-21 18:28:36 - [TEST_CASE][PASSED] - Test Cases/All TC/Arranged/0. Full Flow/Case Reg_CM: Test Cases/All TC/Arranged/0. Full Flow/Case Reg_CM

2019-02-21 18:28:36 - [TEST_STEP][PASSED] - openBrowser(""): Browser is opened with url: ''

2019-02-21 18:28:36 - [MESSAGE][WARNING] - A browser is already opened. Closing browser and opening a new one

2019-02-21 18:28:37 - [MESSAGE][INFO] - Starting 'Chrome' driver

2019-02-21 18:28:37 - [MESSAGE][INFO] - User set preference: ['args', '[--start-maximized]']

2019-02-21 18:28:39 - [MESSAGE][PASSED] - Browser is opened with url: ''

2019-02-21 18:28:39 - [TEST_STEP][PASSED] - navigateToUrl(Internal_Login): Navigate to 'http://10.20.24.188/eisportal/user/login' successfully

2019-02-21 18:28:39 - [MESSAGE][PASSED] - Navigate to 'http://10.20.24.188/eisportal/user/login' successfully

2019-02-21 18:28:39 - [TEST_STEP][PASSED] - delay(2): Delayed 2 second(s)

2019-02-21 18:28:41 - [MESSAGE][PASSED] - Delayed 2 second(s)

2019-02-21 18:28:41 - [TEST_STEP][PASSED] - setText(findTestObject("Kelvin/Portal (10.20.24.198)/Case Reg_CM/mkcm email"), MK_CM): Text 'mkcm3@perkeso.gov.my' is set on object 'Object Repository/Kelvin/Portal (10.20.24.198)/Case Reg_CM/mkcm email'

2019-02-21 18:28:42 - [MESSAGE][PASSED] - Text 'mkcm3@perkeso.gov.my' is set on object 'Object Repository/Kelvin/Portal (10.20.24.198)/Case Reg_CM/mkcm email'

2019-02-21 18:28:42 - [TEST_STEP][PASSED] - setText(findTestObject("Kelvin/Portal (10.20.24.198)/Case Reg_CM/mkcm pw"), Internal_PW): Text 'otc1' is set on object 'Object Repository/Kelvin/Portal (10.20.24.198)/Case Reg_CM/mkcm pw'

2019-02-21 18:28:42 - [MESSAGE][PASSED] - Text 'otc1' is set on object 'Object Repository/Kelvin/Portal (10.20.24.198)/Case Reg_CM/mkcm pw'

2019-02-21 18:28:42 - [TEST_STEP][PASSED] - click(findTestObject("Kelvin/Portal (10.20.24.198)/Case Reg_CM/Login Button")): Object: 'Object Repository/Kelvin/Portal (10.20.24.198)/Case Reg_CM/Login Button' is clicked on

2019-02-21 18:28:43 - [MESSAGE][PASSED] - Object: 'Object Repository/Kelvin/Portal (10.20.24.198)/Case Reg_CM/Login Button' is clicked on

2019-02-21 18:28:43 - [TEST_STEP][PASSED] - delay(2): Delayed 2 second(s)

2019-02-21 18:28:45 - [MESSAGE][PASSED] - Delayed 2 second(s)

2019-02-21 18:28:45 - [TEST_STEP][PASSED] - click(findTestObject("Kelvin/Portal (10.20.24.198)/Case Reg_CM/Button PENDAFTARAN KES")): Object: 'Object Repository/Kelvin/Portal (10.20.24.198)/Case Reg_CM/Button PENDAFTARAN KES' is clicked on

2019-02-21 18:28:46 - [MESSAGE][PASSED] - Object: 'Object Repository/Kelvin/Portal (10.20.24.198)/Case Reg_CM/Button PENDAFTARAN KES' is clicked on

2019-02-21 18:28:46 - [TEST_STEP][PASSED] - callTestCase(findTestCase("All TC/Arranged/1. Common/Name and IC Generator"), [:], STOP_ON_FAILURE): Call Test Case 'Test Cases/All TC/Arranged/1. Common/Name and IC Generator' successfully

2019-02-21 18:28:46 - [TEST_CASE][PASSED] - Test Cases/All TC/Arranged/1. Common/Name and IC Generator: Test Cases/All TC/Arranged/1. Common/Name and IC Generator

2019-02-21 18:28:46 - [TEST_STEP][PASSED] - r = new java.util.Random(): null

2019-02-21 18:28:46 - [TEST_STEP][PASSED] - snum = r.nextInt(899999 + 1) + 100000: null

2019-02-21 18:28:46 - [TEST_STEP][PASSED] - tnum = r.nextInt(899999 + 1) + 100000: null

2019-02-21 18:28:46 - [TEST_STEP][PASSED] - ICnum = Integer.toString(snum) + Integer.toString(tnum): null

2019-02-21 18:28:46 - [TEST_STEP][PASSED] - ICRand = ICnum: null

2019-02-21 18:28:46 - [TEST_STEP][PASSED] - Name = "a" + ICnum: null

2019-02-21 18:28:46 - [TEST_STEP][PASSED] - out.println(ICRand): null

2019-02-21 18:28:46 - [TEST_STEP][PASSED] - setText(findTestObject("Kelvin/To-call/Name and IC Generator/Nama Penuh"), Name): Text 'a617499431382' is set on object 'Object Repository/Kelvin/To-call/Name and IC Generator/Nama Penuh'

2019-02-21 18:28:46 - [MESSAGE][PASSED] - Text 'a617499431382' is set on object 'Object Repository/Kelvin/To-call/Name and IC Generator/Nama Penuh'

2019-02-21 18:28:46 - [TEST_STEP][PASSED] - setText(findTestObject("Kelvin/To-call/Name and IC Generator/No. Kad IC"), ICnum): Text '617499431382' is set on object 'Object Repository/Kelvin/To-call/Name and IC Generator/No. Kad IC'

2019-02-21 18:28:46 - [MESSAGE][PASSED] - Text '617499431382' is set on object 'Object Repository/Kelvin/To-call/Name and IC Generator/No. Kad IC'

2019-02-21 18:28:46 - [MESSAGE][PASSED] - Call Test Case 'Test Cases/All TC/Arranged/1. Common/Name and IC Generator' successfully

2019-02-21 18:28:46 - [TEST_STEP][PASSED] - setText(findTestObject("Kelvin/Portal (10.20.24.198)/Case Reg_CM/insert mobile number"), "99999999999"): Text '99999999999' is set on object 'Object Repository/Kelvin/Portal (10.20.24.198)/Case Reg_CM/insert mobile number'

2019-02-21 18:28:47 - [MESSAGE][PASSED] - Text '99999999999' is set on object 'Object Repository/Kelvin/Portal (10.20.24.198)/Case Reg_CM/insert mobile number'

2019-02-21 18:28:47 - [TEST_STEP][PASSED] - click(findTestObject("Kelvin/Portal (10.20.24.198)/Case Reg_CM/Submit Button")): Object: 'Object Repository/Kelvin/Portal (10.20.24.198)/Case Reg_CM/Submit Button' is clicked on

2019-02-21 18:28:47 - [MESSAGE][PASSED] - Object: 'Object Repository/Kelvin/Portal (10.20.24.198)/Case Reg_CM/Submit Button' is clicked on

2019-02-21 18:28:47 - [TEST_STEP][PASSED] - delay(2): Delayed 2 second(s)

2019-02-21 18:28:49 - [MESSAGE][PASSED] - Delayed 2 second(s)

2019-02-21 18:28:49 - [TEST_STEP][PASSED] - selectOptionByValue(findTestObject("Kelvin/Portal (10.20.24.198)/Case Reg_CM/Kategori carian - MyKad"), "2", true): All options with value '2' are selected in object 'Object Repository/Kelvin/Portal (10.20.24.198)/Case Reg_CM/Kategori carian - MyKad'  using regular expression

2019-02-21 18:28:49 - [MESSAGE][PASSED] - All options with value '2' are selected in object 'Object Repository/Kelvin/Portal (10.20.24.198)/Case Reg_CM/Kategori carian - MyKad'  using regular expression

2019-02-21 18:28:49 - [TEST_STEP][PASSED] - setText(findTestObject("Kelvin/Portal (10.20.24.198)/Case Reg_CM/Insert IC"), ICRand): Text '617499431382' is set on object 'Object Repository/Kelvin/Portal (10.20.24.198)/Case Reg_CM/Insert IC'

2019-02-21 18:28:49 - [MESSAGE][PASSED] - Text '617499431382' is set on object 'Object Repository/Kelvin/Portal (10.20.24.198)/Case Reg_CM/Insert IC'

2019-02-21 18:28:49 - [TEST_STEP][PASSED] - click(findTestObject("Kelvin/Portal (10.20.24.198)/Case Reg_CM/Search Button")): Object: 'Object Repository/Kelvin/Portal (10.20.24.198)/Case Reg_CM/Search Button' is clicked on

2019-02-21 18:28:49 - [MESSAGE][PASSED] - Object: 'Object Repository/Kelvin/Portal (10.20.24.198)/Case Reg_CM/Search Button' is clicked on

2019-02-21 18:28:49 - [TEST_STEP][PASSED] - delay(2): Delayed 2 second(s)

2019-02-21 18:28:51 - [MESSAGE][PASSED] - Delayed 2 second(s)

2019-02-21 18:28:51 - [TEST_STEP][PASSED] - focus(findTestObject("Kelvin/Portal (10.20.24.198)/Case Reg_CM/To verify record existed")): Object: 'Object Repository/Kelvin/Portal (10.20.24.198)/Case Reg_CM/To verify record existed' is focused

2019-02-21 18:28:52 - [MESSAGE][PASSED] - Object: 'Object Repository/Kelvin/Portal (10.20.24.198)/Case Reg_CM/To verify record existed' is focused]]></system-out>
         <system-err><![CDATA[]]></system-err>
      </testcase>
      <testcase name="Test Cases/All TC/Arranged/0. Full Flow/Approve Claim - RIA" classname="Test Cases/All TC/Arranged/0. Full Flow/Approve Claim - RIA" status="FAILED">
         <failure type="FAILED" message="Test Cases/All TC/Arranged/0. Full Flow/Approve Claim - RIA FAILED.
Reason:
com.kms.katalon.core.exception.StepFailedException: Unable to set text '10/01/2019' of object 'Object Repository/KeatMun/Form 7_default/OTC_Application_Reg/Page_PERKESO/11.Tarikh Terima_stampedDtS' (Root cause: org.openqa.selenium.UnhandledAlertException: unexpected alert open: {Alert text : HARAP MAKLUM

PERMOHONAN FAEDAH SISTEM INSURANS PEKERJAAN HANYA BOLEH DIBUAT BERMULA DARI TARIKH KEHILANGAN PEKERJAAN

Nota: Permohonan hendaklah dibuat dalam tempoh 60 hari dari tarikh kehilangan pekerjaan}
  (Session info: chrome=72.0.3626.109)
  (Driver info: chromedriver=2.43.600210 (68dcf5eebde37173d4027fa8635e332711d2874a),platform=Windows NT 6.1.7601 SP1 x86_64) (WARNING: The server did not provide any stacktrace information)
Command duration or timeout: 0 milliseconds: null
Build info: version: '3.7.1', revision: '8a0099a', time: '2017-11-06T21:07:36.161Z'
System info: host: 'WIN7TEST02', ip: '10.20.3.72', os.name: 'Windows 7', os.arch: 'amd64', os.version: '6.1', java.version: '1.8.0_181'
Driver info: com.kms.katalon.selenium.driver.CChromeDriver
Capabilities {acceptInsecureCerts: false, acceptSslCerts: false, applicationCacheEnabled: false, browserConnectionEnabled: false, browserName: chrome, chrome: {chromedriverVersion: 2.43.600210 (68dcf5eebde371..., userDataDir: C:\Users\Admin\AppData\Loca...}, cssSelectorsEnabled: true, databaseEnabled: false, goog:chromeOptions: {debuggerAddress: localhost:62718}, handlesAlerts: true, hasTouchScreen: false, javascriptEnabled: true, locationContextEnabled: true, mobileEmulationEnabled: false, nativeEvents: true, networkConnectionEnabled: false, pageLoadStrategy: normal, platform: XP, platformName: XP, rotatable: false, setWindowRect: true, takesHeapSnapshot: true, takesScreenshot: true, unexpectedAlertBehaviour: , unhandledPromptBehavior: , version: 72.0.3626.109, webStorageEnabled: true}
Session ID: 8e466dacd6c9456054c12e87cb88598b
*** Element info: {Using=xpath, value=//input[@id = 'stampedDtStr' and @name = 'stampedDtStr' and @type = 'text']})
	at com.kms.katalon.core.keyword.internal.KeywordMain.stepFailed(KeywordMain.groovy:36)
	at com.kms.katalon.core.webui.keyword.internal.WebUIKeywordMain.stepFailed(WebUIKeywordMain.groovy:65)
	at com.kms.katalon.core.webui.keyword.internal.WebUIKeywordMain.runKeyword(WebUIKeywordMain.groovy:27)
	at com.kms.katalon.core.webui.keyword.builtin.SetTextKeyword.setText(SetTextKeyword.groovy:65)
	at com.kms.katalon.core.webui.keyword.builtin.SetTextKeyword.execute(SetTextKeyword.groovy:37)
	at com.kms.katalon.core.keyword.internal.KeywordExecutor.executeKeywordForPlatform(KeywordExecutor.groovy:53)
	at com.kms.katalon.core.webui.keyword.WebUiBuiltInKeywords.setText(WebUiBuiltInKeywords.groovy:950)
	at com.kms.katalon.core.webui.keyword.WebUiBuiltInKeywords$setText$1.call(Unknown Source)
	at OTC_Application_Reg.run(OTC_Application_Reg:91)
	at com.kms.katalon.core.main.ScriptEngine.run(ScriptEngine.java:194)
	at com.kms.katalon.core.main.ScriptEngine.runScriptAsRawText(ScriptEngine.java:119)
	at com.kms.katalon.core.main.TestCaseExecutor.runScript(TestCaseExecutor.java:328)
	at com.kms.katalon.core.main.TestCaseExecutor.doExecute(TestCaseExecutor.java:319)
	at com.kms.katalon.core.main.TestCaseExecutor.processExecutionPhase(TestCaseExecutor.java:298)
	at com.kms.katalon.core.main.TestCaseExecutor.accessMainPhase(TestCaseExecutor.java:290)
	at com.kms.katalon.core.main.TestCaseExecutor.execute(TestCaseExecutor.java:224)
	at com.kms.katalon.core.main.TestCaseMain.runTestCase(TestCaseMain.java:106)
	at com.kms.katalon.core.keyword.builtin.CallTestCaseKeyword$_callTestCase_closure1.doCall(CallTestCaseKeyword.groovy:59)
	at com.kms.katalon.core.keyword.builtin.CallTestCaseKeyword$_callTestCase_closure1.call(CallTestCaseKeyword.groovy)
	at com.kms.katalon.core.keyword.internal.KeywordMain.runKeyword(KeywordMain.groovy:54)
	at com.kms.katalon.core.keyword.builtin.CallTestCaseKeyword.callTestCase(CallTestCaseKeyword.groovy:80)
	at com.kms.katalon.core.keyword.builtin.CallTestCaseKeyword.execute(CallTestCaseKeyword.groovy:44)
	at com.kms.katalon.core.keyword.internal.KeywordExecutor.executeKeywordForPlatform(KeywordExecutor.groovy:53)
	at com.kms.katalon.core.keyword.BuiltinKeywords.callTestCase(BuiltinKeywords.groovy:334)
	at OTC_Submit Form 7_End to End - Cheque.run(OTC_Submit Form 7_End to End - Cheque:16)
	at com.kms.katalon.core.main.ScriptEngine.run(ScriptEngine.java:194)
	at com.kms.katalon.core.main.ScriptEngine.runScriptAsRawText(ScriptEngine.java:119)
	at com.kms.katalon.core.main.TestCaseExecutor.runScript(TestCaseExecutor.java:328)
	at com.kms.katalon.core.main.TestCaseExecutor.doExecute(TestCaseExecutor.java:319)
	at com.kms.katalon.core.main.TestCaseExecutor.processExecutionPhase(TestCaseExecutor.java:298)
	at com.kms.katalon.core.main.TestCaseExecutor.accessMainPhase(TestCaseExecutor.java:290)
	at com.kms.katalon.core.main.TestCaseExecutor.execute(TestCaseExecutor.java:224)
	at com.kms.katalon.core.main.TestCaseMain.runTestCase(TestCaseMain.java:106)
	at com.kms.katalon.core.keyword.builtin.CallTestCaseKeyword$_callTestCase_closure1.doCall(CallTestCaseKeyword.groovy:59)
	at com.kms.katalon.core.keyword.builtin.CallTestCaseKeyword$_callTestCase_closure1.call(CallTestCaseKeyword.groovy)
	at com.kms.katalon.core.keyword.internal.KeywordMain.runKeyword(KeywordMain.groovy:54)
	at com.kms.katalon.core.keyword.builtin.CallTestCaseKeyword.callTestCase(CallTestCaseKeyword.groovy:80)
	at com.kms.katalon.core.keyword.builtin.CallTestCaseKeyword.execute(CallTestCaseKeyword.groovy:44)
	at com.kms.katalon.core.keyword.internal.KeywordExecutor.executeKeywordForPlatform(KeywordExecutor.groovy:53)
	at com.kms.katalon.core.keyword.BuiltinKeywords.callTestCase(BuiltinKeywords.groovy:334)
	at Approve Claim - RIA.run(Approve Claim - RIA:16)
	at com.kms.katalon.core.main.ScriptEngine.run(ScriptEngine.java:194)
	at com.kms.katalon.core.main.ScriptEngine.runScriptAsRawText(ScriptEngine.java:119)
	at com.kms.katalon.core.main.TestCaseExecutor.runScript(TestCaseExecutor.java:328)
	at com.kms.katalon.core.main.TestCaseExecutor.doExecute(TestCaseExecutor.java:319)
	at com.kms.katalon.core.main.TestCaseExecutor.processExecutionPhase(TestCaseExecutor.java:298)
	at com.kms.katalon.core.main.TestCaseExecutor.accessMainPhase(TestCaseExecutor.java:290)
	at com.kms.katalon.core.main.TestCaseExecutor.execute(TestCaseExecutor.java:224)
	at com.kms.katalon.core.main.TestSuiteExecutor.accessTestCaseMainPhase(TestSuiteExecutor.java:129)
	at com.kms.katalon.core.main.TestSuiteExecutor.accessTestSuiteMainPhase(TestSuiteExecutor.java:112)
	at com.kms.katalon.core.main.TestSuiteExecutor.execute(TestSuiteExecutor.java:81)
	at com.kms.katalon.core.main.TestCaseMain.startTestSuite(TestCaseMain.java:149)
	at com.kms.katalon.core.main.TestCaseMain$startTestSuite$0.call(Unknown Source)
	at TempTestSuite1550738418733.run(TempTestSuite1550738418733.groovy:36)
"/>
         <system-out><![CDATA[2019-02-21 18:28:52 - [TEST_CASE][FAILED] - Test Cases/All TC/Arranged/0. Full Flow/Approve Claim - RIA: Test Cases/All TC/Arranged/0. Full Flow/Approve Claim - RIA FAILED.
Reason:
com.kms.katalon.core.exception.StepFailedException: Unable to set text '10/01/2019' of object 'Object Repository/KeatMun/Form 7_default/OTC_Application_Reg/Page_PERKESO/11.Tarikh Terima_stampedDtS' (Root cause: org.openqa.selenium.UnhandledAlertException: unexpected alert open: {Alert text : HARAP MAKLUM

PERMOHONAN FAEDAH SISTEM INSURANS PEKERJAAN HANYA BOLEH DIBUAT BERMULA DARI TARIKH KEHILANGAN PEKERJAAN

Nota: Permohonan hendaklah dibuat dalam tempoh 60 hari dari tarikh kehilangan pekerjaan}
  (Session info: chrome=72.0.3626.109)
  (Driver info: chromedriver=2.43.600210 (68dcf5eebde37173d4027fa8635e332711d2874a),platform=Windows NT 6.1.7601 SP1 x86_64) (WARNING: The server did not provide any stacktrace information)
Command duration or timeout: 0 milliseconds: null
Build info: version: '3.7.1', revision: '8a0099a', time: '2017-11-06T21:07:36.161Z'
System info: host: 'WIN7TEST02', ip: '10.20.3.72', os.name: 'Windows 7', os.arch: 'amd64', os.version: '6.1', java.version: '1.8.0_181'
Driver info: com.kms.katalon.selenium.driver.CChromeDriver
Capabilities {acceptInsecureCerts: false, acceptSslCerts: false, applicationCacheEnabled: false, browserConnectionEnabled: false, browserName: chrome, chrome: {chromedriverVersion: 2.43.600210 (68dcf5eebde371..., userDataDir: C:\Users\Admin\AppData\Loca...}, cssSelectorsEnabled: true, databaseEnabled: false, goog:chromeOptions: {debuggerAddress: localhost:62718}, handlesAlerts: true, hasTouchScreen: false, javascriptEnabled: true, locationContextEnabled: true, mobileEmulationEnabled: false, nativeEvents: true, networkConnectionEnabled: false, pageLoadStrategy: normal, platform: XP, platformName: XP, rotatable: false, setWindowRect: true, takesHeapSnapshot: true, takesScreenshot: true, unexpectedAlertBehaviour: , unhandledPromptBehavior: , version: 72.0.3626.109, webStorageEnabled: true}
Session ID: 8e466dacd6c9456054c12e87cb88598b
*** Element info: {Using=xpath, value=//input[@id = 'stampedDtStr' and @name = 'stampedDtStr' and @type = 'text']})
	at com.kms.katalon.core.keyword.internal.KeywordMain.stepFailed(KeywordMain.groovy:36)
	at com.kms.katalon.core.webui.keyword.internal.WebUIKeywordMain.stepFailed(WebUIKeywordMain.groovy:65)
	at com.kms.katalon.core.webui.keyword.internal.WebUIKeywordMain.runKeyword(WebUIKeywordMain.groovy:27)
	at com.kms.katalon.core.webui.keyword.builtin.SetTextKeyword.setText(SetTextKeyword.groovy:65)
	at com.kms.katalon.core.webui.keyword.builtin.SetTextKeyword.execute(SetTextKeyword.groovy:37)
	at com.kms.katalon.core.keyword.internal.KeywordExecutor.executeKeywordForPlatform(KeywordExecutor.groovy:53)
	at com.kms.katalon.core.webui.keyword.WebUiBuiltInKeywords.setText(WebUiBuiltInKeywords.groovy:950)
	at com.kms.katalon.core.webui.keyword.WebUiBuiltInKeywords$setText$1.call(Unknown Source)
	at OTC_Application_Reg.run(OTC_Application_Reg:91)
	at com.kms.katalon.core.main.ScriptEngine.run(ScriptEngine.java:194)
	at com.kms.katalon.core.main.ScriptEngine.runScriptAsRawText(ScriptEngine.java:119)
	at com.kms.katalon.core.main.TestCaseExecutor.runScript(TestCaseExecutor.java:328)
	at com.kms.katalon.core.main.TestCaseExecutor.doExecute(TestCaseExecutor.java:319)
	at com.kms.katalon.core.main.TestCaseExecutor.processExecutionPhase(TestCaseExecutor.java:298)
	at com.kms.katalon.core.main.TestCaseExecutor.accessMainPhase(TestCaseExecutor.java:290)
	at com.kms.katalon.core.main.TestCaseExecutor.execute(TestCaseExecutor.java:224)
	at com.kms.katalon.core.main.TestCaseMain.runTestCase(TestCaseMain.java:106)
	at com.kms.katalon.core.keyword.builtin.CallTestCaseKeyword$_callTestCase_closure1.doCall(CallTestCaseKeyword.groovy:59)
	at com.kms.katalon.core.keyword.builtin.CallTestCaseKeyword$_callTestCase_closure1.call(CallTestCaseKeyword.groovy)
	at com.kms.katalon.core.keyword.internal.KeywordMain.runKeyword(KeywordMain.groovy:54)
	at com.kms.katalon.core.keyword.builtin.CallTestCaseKeyword.callTestCase(CallTestCaseKeyword.groovy:80)
	at com.kms.katalon.core.keyword.builtin.CallTestCaseKeyword.execute(CallTestCaseKeyword.groovy:44)
	at com.kms.katalon.core.keyword.internal.KeywordExecutor.executeKeywordForPlatform(KeywordExecutor.groovy:53)
	at com.kms.katalon.core.keyword.BuiltinKeywords.callTestCase(BuiltinKeywords.groovy:334)
	at OTC_Submit Form 7_End to End - Cheque.run(OTC_Submit Form 7_End to End - Cheque:16)
	at com.kms.katalon.core.main.ScriptEngine.run(ScriptEngine.java:194)
	at com.kms.katalon.core.main.ScriptEngine.runScriptAsRawText(ScriptEngine.java:119)
	at com.kms.katalon.core.main.TestCaseExecutor.runScript(TestCaseExecutor.java:328)
	at com.kms.katalon.core.main.TestCaseExecutor.doExecute(TestCaseExecutor.java:319)
	at com.kms.katalon.core.main.TestCaseExecutor.processExecutionPhase(TestCaseExecutor.java:298)
	at com.kms.katalon.core.main.TestCaseExecutor.accessMainPhase(TestCaseExecutor.java:290)
	at com.kms.katalon.core.main.TestCaseExecutor.execute(TestCaseExecutor.java:224)
	at com.kms.katalon.core.main.TestCaseMain.runTestCase(TestCaseMain.java:106)
	at com.kms.katalon.core.keyword.builtin.CallTestCaseKeyword$_callTestCase_closure1.doCall(CallTestCaseKeyword.groovy:59)
	at com.kms.katalon.core.keyword.builtin.CallTestCaseKeyword$_callTestCase_closure1.call(CallTestCaseKeyword.groovy)
	at com.kms.katalon.core.keyword.internal.KeywordMain.runKeyword(KeywordMain.groovy:54)
	at com.kms.katalon.core.keyword.builtin.CallTestCaseKeyword.callTestCase(CallTestCaseKeyword.groovy:80)
	at com.kms.katalon.core.keyword.builtin.CallTestCaseKeyword.execute(CallTestCaseKeyword.groovy:44)
	at com.kms.katalon.core.keyword.internal.KeywordExecutor.executeKeywordForPlatform(KeywordExecutor.groovy:53)
	at com.kms.katalon.core.keyword.BuiltinKeywords.callTestCase(BuiltinKeywords.groovy:334)
	at Approve Claim - RIA.run(Approve Claim - RIA:16)
	at com.kms.katalon.core.main.ScriptEngine.run(ScriptEngine.java:194)
	at com.kms.katalon.core.main.ScriptEngine.runScriptAsRawText(ScriptEngine.java:119)
	at com.kms.katalon.core.main.TestCaseExecutor.runScript(TestCaseExecutor.java:328)
	at com.kms.katalon.core.main.TestCaseExecutor.doExecute(TestCaseExecutor.java:319)
	at com.kms.katalon.core.main.TestCaseExecutor.processExecutionPhase(TestCaseExecutor.java:298)
	at com.kms.katalon.core.main.TestCaseExecutor.accessMainPhase(TestCaseExecutor.java:290)
	at com.kms.katalon.core.main.TestCaseExecutor.execute(TestCaseExecutor.java:224)
	at com.kms.katalon.core.main.TestSuiteExecutor.accessTestCaseMainPhase(TestSuiteExecutor.java:129)
	at com.kms.katalon.core.main.TestSuiteExecutor.accessTestSuiteMainPhase(TestSuiteExecutor.java:112)
	at com.kms.katalon.core.main.TestSuiteExecutor.execute(TestSuiteExecutor.java:81)
	at com.kms.katalon.core.main.TestCaseMain.startTestSuite(TestCaseMain.java:149)
	at com.kms.katalon.core.main.TestCaseMain$startTestSuite$0.call(Unknown Source)
	at TempTestSuite1550738418733.run(TempTestSuite1550738418733.groovy:36)


2019-02-21 18:28:52 - [TEST_STEP][FAILED] - callTestCase(findTestCase("All TC/Arranged/2. Segment/OTC_Submit Form 7_End to End - Cheque"), [:], STOP_ON_FAILURE): callTestCase(findTestCase("All TC/Arranged/2. Segment/OTC_Submit Form 7_End to End - Cheque"), [:], STOP_ON_FAILURE) FAILED.
Reason:
com.kms.katalon.core.exception.StepFailedException: Unable to set text '10/01/2019' of object 'Object Repository/KeatMun/Form 7_default/OTC_Application_Reg/Page_PERKESO/11.Tarikh Terima_stampedDtS' (Root cause: org.openqa.selenium.UnhandledAlertException: unexpected alert open: {Alert text : HARAP MAKLUM

PERMOHONAN FAEDAH SISTEM INSURANS PEKERJAAN HANYA BOLEH DIBUAT BERMULA DARI TARIKH KEHILANGAN PEKERJAAN

Nota: Permohonan hendaklah dibuat dalam tempoh 60 hari dari tarikh kehilangan pekerjaan}
  (Session info: chrome=72.0.3626.109)
  (Driver info: chromedriver=2.43.600210 (68dcf5eebde37173d4027fa8635e332711d2874a),platform=Windows NT 6.1.7601 SP1 x86_64) (WARNING: The server did not provide any stacktrace information)
Command duration or timeout: 0 milliseconds: null
Build info: version: '3.7.1', revision: '8a0099a', time: '2017-11-06T21:07:36.161Z'
System info: host: 'WIN7TEST02', ip: '10.20.3.72', os.name: 'Windows 7', os.arch: 'amd64', os.version: '6.1', java.version: '1.8.0_181'
Driver info: com.kms.katalon.selenium.driver.CChromeDriver
Capabilities {acceptInsecureCerts: false, acceptSslCerts: false, applicationCacheEnabled: false, browserConnectionEnabled: false, browserName: chrome, chrome: {chromedriverVersion: 2.43.600210 (68dcf5eebde371..., userDataDir: C:\Users\Admin\AppData\Loca...}, cssSelectorsEnabled: true, databaseEnabled: false, goog:chromeOptions: {debuggerAddress: localhost:62718}, handlesAlerts: true, hasTouchScreen: false, javascriptEnabled: true, locationContextEnabled: true, mobileEmulationEnabled: false, nativeEvents: true, networkConnectionEnabled: false, pageLoadStrategy: normal, platform: XP, platformName: XP, rotatable: false, setWindowRect: true, takesHeapSnapshot: true, takesScreenshot: true, unexpectedAlertBehaviour: , unhandledPromptBehavior: , version: 72.0.3626.109, webStorageEnabled: true}
Session ID: 8e466dacd6c9456054c12e87cb88598b
*** Element info: {Using=xpath, value=//input[@id = 'stampedDtStr' and @name = 'stampedDtStr' and @type = 'text']})
	at com.kms.katalon.core.keyword.internal.KeywordMain.stepFailed(KeywordMain.groovy:36)
	at com.kms.katalon.core.webui.keyword.internal.WebUIKeywordMain.stepFailed(WebUIKeywordMain.groovy:65)
	at com.kms.katalon.core.webui.keyword.internal.WebUIKeywordMain.runKeyword(WebUIKeywordMain.groovy:27)
	at com.kms.katalon.core.webui.keyword.builtin.SetTextKeyword.setText(SetTextKeyword.groovy:65)
	at com.kms.katalon.core.webui.keyword.builtin.SetTextKeyword.execute(SetTextKeyword.groovy:37)
	at com.kms.katalon.core.keyword.internal.KeywordExecutor.executeKeywordForPlatform(KeywordExecutor.groovy:53)
	at com.kms.katalon.core.webui.keyword.WebUiBuiltInKeywords.setText(WebUiBuiltInKeywords.groovy:950)
	at com.kms.katalon.core.webui.keyword.WebUiBuiltInKeywords$setText$1.call(Unknown Source)
	at OTC_Application_Reg.run(OTC_Application_Reg:91)
	at com.kms.katalon.core.main.ScriptEngine.run(ScriptEngine.java:194)
	at com.kms.katalon.core.main.ScriptEngine.runScriptAsRawText(ScriptEngine.java:119)
	at com.kms.katalon.core.main.TestCaseExecutor.runScript(TestCaseExecutor.java:328)
	at com.kms.katalon.core.main.TestCaseExecutor.doExecute(TestCaseExecutor.java:319)
	at com.kms.katalon.core.main.TestCaseExecutor.processExecutionPhase(TestCaseExecutor.java:298)
	at com.kms.katalon.core.main.TestCaseExecutor.accessMainPhase(TestCaseExecutor.java:290)
	at com.kms.katalon.core.main.TestCaseExecutor.execute(TestCaseExecutor.java:224)
	at com.kms.katalon.core.main.TestCaseMain.runTestCase(TestCaseMain.java:106)
	at com.kms.katalon.core.keyword.builtin.CallTestCaseKeyword$_callTestCase_closure1.doCall(CallTestCaseKeyword.groovy:59)
	at com.kms.katalon.core.keyword.builtin.CallTestCaseKeyword$_callTestCase_closure1.call(CallTestCaseKeyword.groovy)
	at com.kms.katalon.core.keyword.internal.KeywordMain.runKeyword(KeywordMain.groovy:54)
	at com.kms.katalon.core.keyword.builtin.CallTestCaseKeyword.callTestCase(CallTestCaseKeyword.groovy:80)
	at com.kms.katalon.core.keyword.builtin.CallTestCaseKeyword.execute(CallTestCaseKeyword.groovy:44)
	at com.kms.katalon.core.keyword.internal.KeywordExecutor.executeKeywordForPlatform(KeywordExecutor.groovy:53)
	at com.kms.katalon.core.keyword.BuiltinKeywords.callTestCase(BuiltinKeywords.groovy:334)
	at OTC_Submit Form 7_End to End - Cheque.run(OTC_Submit Form 7_End to End - Cheque:16)
	at com.kms.katalon.core.main.ScriptEngine.run(ScriptEngine.java:194)
	at com.kms.katalon.core.main.ScriptEngine.runScriptAsRawText(ScriptEngine.java:119)
	at com.kms.katalon.core.main.TestCaseExecutor.runScript(TestCaseExecutor.java:328)
	at com.kms.katalon.core.main.TestCaseExecutor.doExecute(TestCaseExecutor.java:319)
	at com.kms.katalon.core.main.TestCaseExecutor.processExecutionPhase(TestCaseExecutor.java:298)
	at com.kms.katalon.core.main.TestCaseExecutor.accessMainPhase(TestCaseExecutor.java:290)
	at com.kms.katalon.core.main.TestCaseExecutor.execute(TestCaseExecutor.java:224)
	at com.kms.katalon.core.main.TestCaseMain.runTestCase(TestCaseMain.java:106)
	at com.kms.katalon.core.keyword.builtin.CallTestCaseKeyword$_callTestCase_closure1.doCall(CallTestCaseKeyword.groovy:59)
	at com.kms.katalon.core.keyword.builtin.CallTestCaseKeyword$_callTestCase_closure1.call(CallTestCaseKeyword.groovy)
	at com.kms.katalon.core.keyword.internal.KeywordMain.runKeyword(KeywordMain.groovy:54)
	at com.kms.katalon.core.keyword.builtin.CallTestCaseKeyword.callTestCase(CallTestCaseKeyword.groovy:80)
	at com.kms.katalon.core.keyword.builtin.CallTestCaseKeyword.execute(CallTestCaseKeyword.groovy:44)
	at com.kms.katalon.core.keyword.internal.KeywordExecutor.executeKeywordForPlatform(KeywordExecutor.groovy:53)
	at com.kms.katalon.core.keyword.BuiltinKeywords.callTestCase(BuiltinKeywords.groovy:334)
	at Approve Claim - RIA.run(Approve Claim - RIA:16)
	at com.kms.katalon.core.main.ScriptEngine.run(ScriptEngine.java:194)
	at com.kms.katalon.core.main.ScriptEngine.runScriptAsRawText(ScriptEngine.java:119)
	at com.kms.katalon.core.main.TestCaseExecutor.runScript(TestCaseExecutor.java:328)
	at com.kms.katalon.core.main.TestCaseExecutor.doExecute(TestCaseExecutor.java:319)
	at com.kms.katalon.core.main.TestCaseExecutor.processExecutionPhase(TestCaseExecutor.java:298)
	at com.kms.katalon.core.main.TestCaseExecutor.accessMainPhase(TestCaseExecutor.java:290)
	at com.kms.katalon.core.main.TestCaseExecutor.execute(TestCaseExecutor.java:224)
	at com.kms.katalon.core.main.TestSuiteExecutor.accessTestCaseMainPhase(TestSuiteExecutor.java:129)
	at com.kms.katalon.core.main.TestSuiteExecutor.accessTestSuiteMainPhase(TestSuiteExecutor.java:112)
	at com.kms.katalon.core.main.TestSuiteExecutor.execute(TestSuiteExecutor.java:81)
	at com.kms.katalon.core.main.TestCaseMain.startTestSuite(TestCaseMain.java:149)
	at com.kms.katalon.core.main.TestCaseMain$startTestSuite$0.call(Unknown Source)
	at TempTestSuite1550738418733.run(TempTestSuite1550738418733.groovy:36)


2019-02-21 18:28:52 - [TEST_CASE][FAILED] - Test Cases/All TC/Arranged/2. Segment/OTC_Submit Form 7_End to End - Cheque: Test Cases/All TC/Arranged/2. Segment/OTC_Submit Form 7_End to End - Cheque FAILED.
Reason:
com.kms.katalon.core.exception.StepFailedException: Unable to set text '10/01/2019' of object 'Object Repository/KeatMun/Form 7_default/OTC_Application_Reg/Page_PERKESO/11.Tarikh Terima_stampedDtS' (Root cause: org.openqa.selenium.UnhandledAlertException: unexpected alert open: {Alert text : HARAP MAKLUM

PERMOHONAN FAEDAH SISTEM INSURANS PEKERJAAN HANYA BOLEH DIBUAT BERMULA DARI TARIKH KEHILANGAN PEKERJAAN

Nota: Permohonan hendaklah dibuat dalam tempoh 60 hari dari tarikh kehilangan pekerjaan}
  (Session info: chrome=72.0.3626.109)
  (Driver info: chromedriver=2.43.600210 (68dcf5eebde37173d4027fa8635e332711d2874a),platform=Windows NT 6.1.7601 SP1 x86_64) (WARNING: The server did not provide any stacktrace information)
Command duration or timeout: 0 milliseconds: null
Build info: version: '3.7.1', revision: '8a0099a', time: '2017-11-06T21:07:36.161Z'
System info: host: 'WIN7TEST02', ip: '10.20.3.72', os.name: 'Windows 7', os.arch: 'amd64', os.version: '6.1', java.version: '1.8.0_181'
Driver info: com.kms.katalon.selenium.driver.CChromeDriver
Capabilities {acceptInsecureCerts: false, acceptSslCerts: false, applicationCacheEnabled: false, browserConnectionEnabled: false, browserName: chrome, chrome: {chromedriverVersion: 2.43.600210 (68dcf5eebde371..., userDataDir: C:\Users\Admin\AppData\Loca...}, cssSelectorsEnabled: true, databaseEnabled: false, goog:chromeOptions: {debuggerAddress: localhost:62718}, handlesAlerts: true, hasTouchScreen: false, javascriptEnabled: true, locationContextEnabled: true, mobileEmulationEnabled: false, nativeEvents: true, networkConnectionEnabled: false, pageLoadStrategy: normal, platform: XP, platformName: XP, rotatable: false, setWindowRect: true, takesHeapSnapshot: true, takesScreenshot: true, unexpectedAlertBehaviour: , unhandledPromptBehavior: , version: 72.0.3626.109, webStorageEnabled: true}
Session ID: 8e466dacd6c9456054c12e87cb88598b
*** Element info: {Using=xpath, value=//input[@id = 'stampedDtStr' and @name = 'stampedDtStr' and @type = 'text']})
	at com.kms.katalon.core.keyword.internal.KeywordMain.stepFailed(KeywordMain.groovy:36)
	at com.kms.katalon.core.webui.keyword.internal.WebUIKeywordMain.stepFailed(WebUIKeywordMain.groovy:65)
	at com.kms.katalon.core.webui.keyword.internal.WebUIKeywordMain.runKeyword(WebUIKeywordMain.groovy:27)
	at com.kms.katalon.core.webui.keyword.builtin.SetTextKeyword.setText(SetTextKeyword.groovy:65)
	at com.kms.katalon.core.webui.keyword.builtin.SetTextKeyword.execute(SetTextKeyword.groovy:37)
	at com.kms.katalon.core.keyword.internal.KeywordExecutor.executeKeywordForPlatform(KeywordExecutor.groovy:53)
	at com.kms.katalon.core.webui.keyword.WebUiBuiltInKeywords.setText(WebUiBuiltInKeywords.groovy:950)
	at com.kms.katalon.core.webui.keyword.WebUiBuiltInKeywords$setText$1.call(Unknown Source)
	at OTC_Application_Reg.run(OTC_Application_Reg:91)
	at com.kms.katalon.core.main.ScriptEngine.run(ScriptEngine.java:194)
	at com.kms.katalon.core.main.ScriptEngine.runScriptAsRawText(ScriptEngine.java:119)
	at com.kms.katalon.core.main.TestCaseExecutor.runScript(TestCaseExecutor.java:328)
	at com.kms.katalon.core.main.TestCaseExecutor.doExecute(TestCaseExecutor.java:319)
	at com.kms.katalon.core.main.TestCaseExecutor.processExecutionPhase(TestCaseExecutor.java:298)
	at com.kms.katalon.core.main.TestCaseExecutor.accessMainPhase(TestCaseExecutor.java:290)
	at com.kms.katalon.core.main.TestCaseExecutor.execute(TestCaseExecutor.java:224)
	at com.kms.katalon.core.main.TestCaseMain.runTestCase(TestCaseMain.java:106)
	at com.kms.katalon.core.keyword.builtin.CallTestCaseKeyword$_callTestCase_closure1.doCall(CallTestCaseKeyword.groovy:59)
	at com.kms.katalon.core.keyword.builtin.CallTestCaseKeyword$_callTestCase_closure1.call(CallTestCaseKeyword.groovy)
	at com.kms.katalon.core.keyword.internal.KeywordMain.runKeyword(KeywordMain.groovy:54)
	at com.kms.katalon.core.keyword.builtin.CallTestCaseKeyword.callTestCase(CallTestCaseKeyword.groovy:80)
	at com.kms.katalon.core.keyword.builtin.CallTestCaseKeyword.execute(CallTestCaseKeyword.groovy:44)
	at com.kms.katalon.core.keyword.internal.KeywordExecutor.executeKeywordForPlatform(KeywordExecutor.groovy:53)
	at com.kms.katalon.core.keyword.BuiltinKeywords.callTestCase(BuiltinKeywords.groovy:334)
	at OTC_Submit Form 7_End to End - Cheque.run(OTC_Submit Form 7_End to End - Cheque:16)
	at com.kms.katalon.core.main.ScriptEngine.run(ScriptEngine.java:194)
	at com.kms.katalon.core.main.ScriptEngine.runScriptAsRawText(ScriptEngine.java:119)
	at com.kms.katalon.core.main.TestCaseExecutor.runScript(TestCaseExecutor.java:328)
	at com.kms.katalon.core.main.TestCaseExecutor.doExecute(TestCaseExecutor.java:319)
	at com.kms.katalon.core.main.TestCaseExecutor.processExecutionPhase(TestCaseExecutor.java:298)
	at com.kms.katalon.core.main.TestCaseExecutor.accessMainPhase(TestCaseExecutor.java:290)
	at com.kms.katalon.core.main.TestCaseExecutor.execute(TestCaseExecutor.java:224)
	at com.kms.katalon.core.main.TestCaseMain.runTestCase(TestCaseMain.java:106)
	at com.kms.katalon.core.keyword.builtin.CallTestCaseKeyword$_callTestCase_closure1.doCall(CallTestCaseKeyword.groovy:59)
	at com.kms.katalon.core.keyword.builtin.CallTestCaseKeyword$_callTestCase_closure1.call(CallTestCaseKeyword.groovy)
	at com.kms.katalon.core.keyword.internal.KeywordMain.runKeyword(KeywordMain.groovy:54)
	at com.kms.katalon.core.keyword.builtin.CallTestCaseKeyword.callTestCase(CallTestCaseKeyword.groovy:80)
	at com.kms.katalon.core.keyword.builtin.CallTestCaseKeyword.execute(CallTestCaseKeyword.groovy:44)
	at com.kms.katalon.core.keyword.internal.KeywordExecutor.executeKeywordForPlatform(KeywordExecutor.groovy:53)
	at com.kms.katalon.core.keyword.BuiltinKeywords.callTestCase(BuiltinKeywords.groovy:334)
	at Approve Claim - RIA.run(Approve Claim - RIA:16)
	at com.kms.katalon.core.main.ScriptEngine.run(ScriptEngine.java:194)
	at com.kms.katalon.core.main.ScriptEngine.runScriptAsRawText(ScriptEngine.java:119)
	at com.kms.katalon.core.main.TestCaseExecutor.runScript(TestCaseExecutor.java:328)
	at com.kms.katalon.core.main.TestCaseExecutor.doExecute(TestCaseExecutor.java:319)
	at com.kms.katalon.core.main.TestCaseExecutor.processExecutionPhase(TestCaseExecutor.java:298)
	at com.kms.katalon.core.main.TestCaseExecutor.accessMainPhase(TestCaseExecutor.java:290)
	at com.kms.katalon.core.main.TestCaseExecutor.execute(TestCaseExecutor.java:224)
	at com.kms.katalon.core.main.TestSuiteExecutor.accessTestCaseMainPhase(TestSuiteExecutor.java:129)
	at com.kms.katalon.core.main.TestSuiteExecutor.accessTestSuiteMainPhase(TestSuiteExecutor.java:112)
	at com.kms.katalon.core.main.TestSuiteExecutor.execute(TestSuiteExecutor.java:81)
	at com.kms.katalon.core.main.TestCaseMain.startTestSuite(TestCaseMain.java:149)
	at com.kms.katalon.core.main.TestCaseMain$startTestSuite$0.call(Unknown Source)
	at TempTestSuite1550738418733.run(TempTestSuite1550738418733.groovy:36)


2019-02-21 18:28:52 - [TEST_STEP][FAILED] - callTestCase(findTestCase("All TC/Arranged/3. Unit/EI/Form 7_default/OTC_Application_Reg"), [:], STOP_ON_FAILURE): callTestCase(findTestCase("All TC/Arranged/3. Unit/EI/Form 7_default/OTC_Application_Reg"), [:], STOP_ON_FAILURE) FAILED.
Reason:
com.kms.katalon.core.exception.StepFailedException: Unable to set text '10/01/2019' of object 'Object Repository/KeatMun/Form 7_default/OTC_Application_Reg/Page_PERKESO/11.Tarikh Terima_stampedDtS' (Root cause: org.openqa.selenium.UnhandledAlertException: unexpected alert open: {Alert text : HARAP MAKLUM

PERMOHONAN FAEDAH SISTEM INSURANS PEKERJAAN HANYA BOLEH DIBUAT BERMULA DARI TARIKH KEHILANGAN PEKERJAAN

Nota: Permohonan hendaklah dibuat dalam tempoh 60 hari dari tarikh kehilangan pekerjaan}
  (Session info: chrome=72.0.3626.109)
  (Driver info: chromedriver=2.43.600210 (68dcf5eebde37173d4027fa8635e332711d2874a),platform=Windows NT 6.1.7601 SP1 x86_64) (WARNING: The server did not provide any stacktrace information)
Command duration or timeout: 0 milliseconds: null
Build info: version: '3.7.1', revision: '8a0099a', time: '2017-11-06T21:07:36.161Z'
System info: host: 'WIN7TEST02', ip: '10.20.3.72', os.name: 'Windows 7', os.arch: 'amd64', os.version: '6.1', java.version: '1.8.0_181'
Driver info: com.kms.katalon.selenium.driver.CChromeDriver
Capabilities {acceptInsecureCerts: false, acceptSslCerts: false, applicationCacheEnabled: false, browserConnectionEnabled: false, browserName: chrome, chrome: {chromedriverVersion: 2.43.600210 (68dcf5eebde371..., userDataDir: C:\Users\Admin\AppData\Loca...}, cssSelectorsEnabled: true, databaseEnabled: false, goog:chromeOptions: {debuggerAddress: localhost:62718}, handlesAlerts: true, hasTouchScreen: false, javascriptEnabled: true, locationContextEnabled: true, mobileEmulationEnabled: false, nativeEvents: true, networkConnectionEnabled: false, pageLoadStrategy: normal, platform: XP, platformName: XP, rotatable: false, setWindowRect: true, takesHeapSnapshot: true, takesScreenshot: true, unexpectedAlertBehaviour: , unhandledPromptBehavior: , version: 72.0.3626.109, webStorageEnabled: true}
Session ID: 8e466dacd6c9456054c12e87cb88598b
*** Element info: {Using=xpath, value=//input[@id = 'stampedDtStr' and @name = 'stampedDtStr' and @type = 'text']})
	at com.kms.katalon.core.keyword.internal.KeywordMain.stepFailed(KeywordMain.groovy:36)
	at com.kms.katalon.core.webui.keyword.internal.WebUIKeywordMain.stepFailed(WebUIKeywordMain.groovy:65)
	at com.kms.katalon.core.webui.keyword.internal.WebUIKeywordMain.runKeyword(WebUIKeywordMain.groovy:27)
	at com.kms.katalon.core.webui.keyword.builtin.SetTextKeyword.setText(SetTextKeyword.groovy:65)
	at com.kms.katalon.core.webui.keyword.builtin.SetTextKeyword.execute(SetTextKeyword.groovy:37)
	at com.kms.katalon.core.keyword.internal.KeywordExecutor.executeKeywordForPlatform(KeywordExecutor.groovy:53)
	at com.kms.katalon.core.webui.keyword.WebUiBuiltInKeywords.setText(WebUiBuiltInKeywords.groovy:950)
	at com.kms.katalon.core.webui.keyword.WebUiBuiltInKeywords$setText$1.call(Unknown Source)
	at OTC_Application_Reg.run(OTC_Application_Reg:91)
	at com.kms.katalon.core.main.ScriptEngine.run(ScriptEngine.java:194)
	at com.kms.katalon.core.main.ScriptEngine.runScriptAsRawText(ScriptEngine.java:119)
	at com.kms.katalon.core.main.TestCaseExecutor.runScript(TestCaseExecutor.java:328)
	at com.kms.katalon.core.main.TestCaseExecutor.doExecute(TestCaseExecutor.java:319)
	at com.kms.katalon.core.main.TestCaseExecutor.processExecutionPhase(TestCaseExecutor.java:298)
	at com.kms.katalon.core.main.TestCaseExecutor.accessMainPhase(TestCaseExecutor.java:290)
	at com.kms.katalon.core.main.TestCaseExecutor.execute(TestCaseExecutor.java:224)
	at com.kms.katalon.core.main.TestCaseMain.runTestCase(TestCaseMain.java:106)
	at com.kms.katalon.core.keyword.builtin.CallTestCaseKeyword$_callTestCase_closure1.doCall(CallTestCaseKeyword.groovy:59)
	at com.kms.katalon.core.keyword.builtin.CallTestCaseKeyword$_callTestCase_closure1.call(CallTestCaseKeyword.groovy)
	at com.kms.katalon.core.keyword.internal.KeywordMain.runKeyword(KeywordMain.groovy:54)
	at com.kms.katalon.core.keyword.builtin.CallTestCaseKeyword.callTestCase(CallTestCaseKeyword.groovy:80)
	at com.kms.katalon.core.keyword.builtin.CallTestCaseKeyword.execute(CallTestCaseKeyword.groovy:44)
	at com.kms.katalon.core.keyword.internal.KeywordExecutor.executeKeywordForPlatform(KeywordExecutor.groovy:53)
	at com.kms.katalon.core.keyword.BuiltinKeywords.callTestCase(BuiltinKeywords.groovy:334)
	at OTC_Submit Form 7_End to End - Cheque.run(OTC_Submit Form 7_End to End - Cheque:16)
	at com.kms.katalon.core.main.ScriptEngine.run(ScriptEngine.java:194)
	at com.kms.katalon.core.main.ScriptEngine.runScriptAsRawText(ScriptEngine.java:119)
	at com.kms.katalon.core.main.TestCaseExecutor.runScript(TestCaseExecutor.java:328)
	at com.kms.katalon.core.main.TestCaseExecutor.doExecute(TestCaseExecutor.java:319)
	at com.kms.katalon.core.main.TestCaseExecutor.processExecutionPhase(TestCaseExecutor.java:298)
	at com.kms.katalon.core.main.TestCaseExecutor.accessMainPhase(TestCaseExecutor.java:290)
	at com.kms.katalon.core.main.TestCaseExecutor.execute(TestCaseExecutor.java:224)
	at com.kms.katalon.core.main.TestCaseMain.runTestCase(TestCaseMain.java:106)
	at com.kms.katalon.core.keyword.builtin.CallTestCaseKeyword$_callTestCase_closure1.doCall(CallTestCaseKeyword.groovy:59)
	at com.kms.katalon.core.keyword.builtin.CallTestCaseKeyword$_callTestCase_closure1.call(CallTestCaseKeyword.groovy)
	at com.kms.katalon.core.keyword.internal.KeywordMain.runKeyword(KeywordMain.groovy:54)
	at com.kms.katalon.core.keyword.builtin.CallTestCaseKeyword.callTestCase(CallTestCaseKeyword.groovy:80)
	at com.kms.katalon.core.keyword.builtin.CallTestCaseKeyword.execute(CallTestCaseKeyword.groovy:44)
	at com.kms.katalon.core.keyword.internal.KeywordExecutor.executeKeywordForPlatform(KeywordExecutor.groovy:53)
	at com.kms.katalon.core.keyword.BuiltinKeywords.callTestCase(BuiltinKeywords.groovy:334)
	at Approve Claim - RIA.run(Approve Claim - RIA:16)
	at com.kms.katalon.core.main.ScriptEngine.run(ScriptEngine.java:194)
	at com.kms.katalon.core.main.ScriptEngine.runScriptAsRawText(ScriptEngine.java:119)
	at com.kms.katalon.core.main.TestCaseExecutor.runScript(TestCaseExecutor.java:328)
	at com.kms.katalon.core.main.TestCaseExecutor.doExecute(TestCaseExecutor.java:319)
	at com.kms.katalon.core.main.TestCaseExecutor.processExecutionPhase(TestCaseExecutor.java:298)
	at com.kms.katalon.core.main.TestCaseExecutor.accessMainPhase(TestCaseExecutor.java:290)
	at com.kms.katalon.core.main.TestCaseExecutor.execute(TestCaseExecutor.java:224)
	at com.kms.katalon.core.main.TestSuiteExecutor.accessTestCaseMainPhase(TestSuiteExecutor.java:129)
	at com.kms.katalon.core.main.TestSuiteExecutor.accessTestSuiteMainPhase(TestSuiteExecutor.java:112)
	at com.kms.katalon.core.main.TestSuiteExecutor.execute(TestSuiteExecutor.java:81)
	at com.kms.katalon.core.main.TestCaseMain.startTestSuite(TestCaseMain.java:149)
	at com.kms.katalon.core.main.TestCaseMain$startTestSuite$0.call(Unknown Source)
	at TempTestSuite1550738418733.run(TempTestSuite1550738418733.groovy:36)


2019-02-21 18:28:52 - [TEST_CASE][FAILED] - Test Cases/All TC/Arranged/3. Unit/EI/Form 7_default/OTC_Application_Reg: Test Cases/All TC/Arranged/3. Unit/EI/Form 7_default/OTC_Application_Reg FAILED.
Reason:
com.kms.katalon.core.exception.StepFailedException: Unable to set text '10/01/2019' of object 'Object Repository/KeatMun/Form 7_default/OTC_Application_Reg/Page_PERKESO/11.Tarikh Terima_stampedDtS' (Root cause: org.openqa.selenium.UnhandledAlertException: unexpected alert open: {Alert text : HARAP MAKLUM

PERMOHONAN FAEDAH SISTEM INSURANS PEKERJAAN HANYA BOLEH DIBUAT BERMULA DARI TARIKH KEHILANGAN PEKERJAAN

Nota: Permohonan hendaklah dibuat dalam tempoh 60 hari dari tarikh kehilangan pekerjaan}
  (Session info: chrome=72.0.3626.109)
  (Driver info: chromedriver=2.43.600210 (68dcf5eebde37173d4027fa8635e332711d2874a),platform=Windows NT 6.1.7601 SP1 x86_64) (WARNING: The server did not provide any stacktrace information)
Command duration or timeout: 0 milliseconds: null
Build info: version: '3.7.1', revision: '8a0099a', time: '2017-11-06T21:07:36.161Z'
System info: host: 'WIN7TEST02', ip: '10.20.3.72', os.name: 'Windows 7', os.arch: 'amd64', os.version: '6.1', java.version: '1.8.0_181'
Driver info: com.kms.katalon.selenium.driver.CChromeDriver
Capabilities {acceptInsecureCerts: false, acceptSslCerts: false, applicationCacheEnabled: false, browserConnectionEnabled: false, browserName: chrome, chrome: {chromedriverVersion: 2.43.600210 (68dcf5eebde371..., userDataDir: C:\Users\Admin\AppData\Loca...}, cssSelectorsEnabled: true, databaseEnabled: false, goog:chromeOptions: {debuggerAddress: localhost:62718}, handlesAlerts: true, hasTouchScreen: false, javascriptEnabled: true, locationContextEnabled: true, mobileEmulationEnabled: false, nativeEvents: true, networkConnectionEnabled: false, pageLoadStrategy: normal, platform: XP, platformName: XP, rotatable: false, setWindowRect: true, takesHeapSnapshot: true, takesScreenshot: true, unexpectedAlertBehaviour: , unhandledPromptBehavior: , version: 72.0.3626.109, webStorageEnabled: true}
Session ID: 8e466dacd6c9456054c12e87cb88598b
*** Element info: {Using=xpath, value=//input[@id = 'stampedDtStr' and @name = 'stampedDtStr' and @type = 'text']})
	at com.kms.katalon.core.keyword.internal.KeywordMain.stepFailed(KeywordMain.groovy:36)
	at com.kms.katalon.core.webui.keyword.internal.WebUIKeywordMain.stepFailed(WebUIKeywordMain.groovy:65)
	at com.kms.katalon.core.webui.keyword.internal.WebUIKeywordMain.runKeyword(WebUIKeywordMain.groovy:27)
	at com.kms.katalon.core.webui.keyword.builtin.SetTextKeyword.setText(SetTextKeyword.groovy:65)
	at com.kms.katalon.core.webui.keyword.builtin.SetTextKeyword.execute(SetTextKeyword.groovy:37)
	at com.kms.katalon.core.keyword.internal.KeywordExecutor.executeKeywordForPlatform(KeywordExecutor.groovy:53)
	at com.kms.katalon.core.webui.keyword.WebUiBuiltInKeywords.setText(WebUiBuiltInKeywords.groovy:950)
	at com.kms.katalon.core.webui.keyword.WebUiBuiltInKeywords$setText$1.call(Unknown Source)
	at OTC_Application_Reg.run(OTC_Application_Reg:91)
	at com.kms.katalon.core.main.ScriptEngine.run(ScriptEngine.java:194)
	at com.kms.katalon.core.main.ScriptEngine.runScriptAsRawText(ScriptEngine.java:119)
	at com.kms.katalon.core.main.TestCaseExecutor.runScript(TestCaseExecutor.java:328)
	at com.kms.katalon.core.main.TestCaseExecutor.doExecute(TestCaseExecutor.java:319)
	at com.kms.katalon.core.main.TestCaseExecutor.processExecutionPhase(TestCaseExecutor.java:298)
	at com.kms.katalon.core.main.TestCaseExecutor.accessMainPhase(TestCaseExecutor.java:290)
	at com.kms.katalon.core.main.TestCaseExecutor.execute(TestCaseExecutor.java:224)
	at com.kms.katalon.core.main.TestCaseMain.runTestCase(TestCaseMain.java:106)
	at com.kms.katalon.core.keyword.builtin.CallTestCaseKeyword$_callTestCase_closure1.doCall(CallTestCaseKeyword.groovy:59)
	at com.kms.katalon.core.keyword.builtin.CallTestCaseKeyword$_callTestCase_closure1.call(CallTestCaseKeyword.groovy)
	at com.kms.katalon.core.keyword.internal.KeywordMain.runKeyword(KeywordMain.groovy:54)
	at com.kms.katalon.core.keyword.builtin.CallTestCaseKeyword.callTestCase(CallTestCaseKeyword.groovy:80)
	at com.kms.katalon.core.keyword.builtin.CallTestCaseKeyword.execute(CallTestCaseKeyword.groovy:44)
	at com.kms.katalon.core.keyword.internal.KeywordExecutor.executeKeywordForPlatform(KeywordExecutor.groovy:53)
	at com.kms.katalon.core.keyword.BuiltinKeywords.callTestCase(BuiltinKeywords.groovy:334)
	at OTC_Submit Form 7_End to End - Cheque.run(OTC_Submit Form 7_End to End - Cheque:16)
	at com.kms.katalon.core.main.ScriptEngine.run(ScriptEngine.java:194)
	at com.kms.katalon.core.main.ScriptEngine.runScriptAsRawText(ScriptEngine.java:119)
	at com.kms.katalon.core.main.TestCaseExecutor.runScript(TestCaseExecutor.java:328)
	at com.kms.katalon.core.main.TestCaseExecutor.doExecute(TestCaseExecutor.java:319)
	at com.kms.katalon.core.main.TestCaseExecutor.processExecutionPhase(TestCaseExecutor.java:298)
	at com.kms.katalon.core.main.TestCaseExecutor.accessMainPhase(TestCaseExecutor.java:290)
	at com.kms.katalon.core.main.TestCaseExecutor.execute(TestCaseExecutor.java:224)
	at com.kms.katalon.core.main.TestCaseMain.runTestCase(TestCaseMain.java:106)
	at com.kms.katalon.core.keyword.builtin.CallTestCaseKeyword$_callTestCase_closure1.doCall(CallTestCaseKeyword.groovy:59)
	at com.kms.katalon.core.keyword.builtin.CallTestCaseKeyword$_callTestCase_closure1.call(CallTestCaseKeyword.groovy)
	at com.kms.katalon.core.keyword.internal.KeywordMain.runKeyword(KeywordMain.groovy:54)
	at com.kms.katalon.core.keyword.builtin.CallTestCaseKeyword.callTestCase(CallTestCaseKeyword.groovy:80)
	at com.kms.katalon.core.keyword.builtin.CallTestCaseKeyword.execute(CallTestCaseKeyword.groovy:44)
	at com.kms.katalon.core.keyword.internal.KeywordExecutor.executeKeywordForPlatform(KeywordExecutor.groovy:53)
	at com.kms.katalon.core.keyword.BuiltinKeywords.callTestCase(BuiltinKeywords.groovy:334)
	at Approve Claim - RIA.run(Approve Claim - RIA:16)
	at com.kms.katalon.core.main.ScriptEngine.run(ScriptEngine.java:194)
	at com.kms.katalon.core.main.ScriptEngine.runScriptAsRawText(ScriptEngine.java:119)
	at com.kms.katalon.core.main.TestCaseExecutor.runScript(TestCaseExecutor.java:328)
	at com.kms.katalon.core.main.TestCaseExecutor.doExecute(TestCaseExecutor.java:319)
	at com.kms.katalon.core.main.TestCaseExecutor.processExecutionPhase(TestCaseExecutor.java:298)
	at com.kms.katalon.core.main.TestCaseExecutor.accessMainPhase(TestCaseExecutor.java:290)
	at com.kms.katalon.core.main.TestCaseExecutor.execute(TestCaseExecutor.java:224)
	at com.kms.katalon.core.main.TestSuiteExecutor.accessTestCaseMainPhase(TestSuiteExecutor.java:129)
	at com.kms.katalon.core.main.TestSuiteExecutor.accessTestSuiteMainPhase(TestSuiteExecutor.java:112)
	at com.kms.katalon.core.main.TestSuiteExecutor.execute(TestSuiteExecutor.java:81)
	at com.kms.katalon.core.main.TestCaseMain.startTestSuite(TestCaseMain.java:149)
	at com.kms.katalon.core.main.TestCaseMain$startTestSuite$0.call(Unknown Source)
	at TempTestSuite1550738418733.run(TempTestSuite1550738418733.groovy:36)


2019-02-21 18:28:52 - [TEST_STEP][PASSED] - openBrowser(""): Browser is opened with url: ''

2019-02-21 18:28:52 - [MESSAGE][WARNING] - A browser is already opened. Closing browser and opening a new one

2019-02-21 18:28:53 - [MESSAGE][INFO] - Starting 'Chrome' driver

2019-02-21 18:28:53 - [MESSAGE][INFO] - User set preference: ['args', '[--start-maximized]']

2019-02-21 18:28:55 - [MESSAGE][PASSED] - Browser is opened with url: ''

2019-02-21 18:28:55 - [TEST_STEP][PASSED] - navigateToUrl(Internal_Login): Navigate to 'http://10.20.24.188/eisportal/user/login' successfully

2019-02-21 18:28:56 - [MESSAGE][PASSED] - Navigate to 'http://10.20.24.188/eisportal/user/login' successfully

2019-02-21 18:28:56 - [TEST_STEP][PASSED] - delay(3): Delayed 3 second(s)

2019-02-21 18:28:59 - [MESSAGE][PASSED] - Delayed 3 second(s)

2019-02-21 18:28:59 - [TEST_STEP][PASSED] - setText(findTestObject("KeatMun/Form 7_default/OTC_Application_Reg/Page_PERKESO/1.username"), "faizal.hamid@perkeso.gov.my"): Text 'faizal.hamid@perkeso.gov.my' is set on object 'Object Repository/KeatMun/Form 7_default/OTC_Application_Reg/Page_PERKESO/1.username'

2019-02-21 18:28:59 - [MESSAGE][PASSED] - Text 'faizal.hamid@perkeso.gov.my' is set on object 'Object Repository/KeatMun/Form 7_default/OTC_Application_Reg/Page_PERKESO/1.username'

2019-02-21 18:28:59 - [TEST_STEP][PASSED] - delay(1): Delayed 1 second(s)

2019-02-21 18:29:00 - [MESSAGE][PASSED] - Delayed 1 second(s)

2019-02-21 18:29:00 - [TEST_STEP][PASSED] - setEncryptedText(findTestObject("KeatMun/Form 7_default/OTC_Application_Reg/Page_PERKESO/2.password"), "CQqwFZlbeC8="): Text ****** has been set on object 'Object Repository/KeatMun/Form 7_default/OTC_Application_Reg/Page_PERKESO/2.password'

2019-02-21 18:29:00 - [MESSAGE][PASSED] - Text ****** has been set on object 'Object Repository/KeatMun/Form 7_default/OTC_Application_Reg/Page_PERKESO/2.password'

2019-02-21 18:29:00 - [TEST_STEP][PASSED] - delay(2): Delayed 2 second(s)

2019-02-21 18:29:02 - [MESSAGE][PASSED] - Delayed 2 second(s)

2019-02-21 18:29:02 - [TEST_STEP][PASSED] - click(findTestObject("KeatMun/Form 7_default/OTC_Application_Reg/Page_PERKESO/3.login button")): Object: 'Object Repository/KeatMun/Form 7_default/OTC_Application_Reg/Page_PERKESO/3.login button' is clicked on

2019-02-21 18:29:03 - [MESSAGE][PASSED] - Object: 'Object Repository/KeatMun/Form 7_default/OTC_Application_Reg/Page_PERKESO/3.login button' is clicked on

2019-02-21 18:29:03 - [TEST_STEP][PASSED] - delay(2): Delayed 2 second(s)

2019-02-21 18:29:05 - [MESSAGE][PASSED] - Delayed 2 second(s)

2019-02-21 18:29:05 - [TEST_STEP][PASSED] - click(findTestObject("KeatMun/Form 7_default/OTC_Application_Reg/Page_PERKESO/4. Permohonan tab")): Object: 'Object Repository/KeatMun/Form 7_default/OTC_Application_Reg/Page_PERKESO/4. Permohonan tab' is clicked on

2019-02-21 18:29:06 - [MESSAGE][PASSED] - Object: 'Object Repository/KeatMun/Form 7_default/OTC_Application_Reg/Page_PERKESO/4. Permohonan tab' is clicked on

2019-02-21 18:29:06 - [TEST_STEP][PASSED] - delay(2): Delayed 2 second(s)

2019-02-21 18:29:08 - [MESSAGE][PASSED] - Delayed 2 second(s)

2019-02-21 18:29:08 - [TEST_STEP][PASSED] - click(findTestObject("KeatMun/Form 7_default/OTC_Application_Reg/Page_PERKESO/5.button_Setuju")): Object: 'Object Repository/KeatMun/Form 7_default/OTC_Application_Reg/Page_PERKESO/5.button_Setuju' is clicked on

2019-02-21 18:29:09 - [MESSAGE][PASSED] - Object: 'Object Repository/KeatMun/Form 7_default/OTC_Application_Reg/Page_PERKESO/5.button_Setuju' is clicked on

2019-02-21 18:29:09 - [TEST_STEP][PASSED] - delay(2): Delayed 2 second(s)

2019-02-21 18:29:11 - [MESSAGE][PASSED] - Delayed 2 second(s)

2019-02-21 18:29:11 - [TEST_STEP][PASSED] - callTestCase(findTestCase("All TC/Arranged/1. Common/IC List Checker"), [:], STOP_ON_FAILURE): Call Test Case 'Test Cases/All TC/Arranged/1. Common/IC List Checker' successfully

2019-02-21 18:29:11 - [TEST_CASE][PASSED] - Test Cases/All TC/Arranged/1. Common/IC List Checker: Test Cases/All TC/Arranged/1. Common/IC List Checker

2019-02-21 18:29:11 - [TEST_STEP][PASSED] - counter = 0: null

2019-02-21 18:29:11 - [TEST_STEP][PASSED] - fis = new java.io.FileInputStream((internal.GlobalVariable.TextFilePathCommon + \IC.xlsx)): null

2019-02-21 18:29:11 - [TEST_STEP][PASSED] - workbook = new org.apache.poi.xssf.usermodel.XSSFWorkbook(fis): null

2019-02-21 18:29:11 - [TEST_STEP][PASSED] - sheet = workbook.getSheet("Sheet1"): null

2019-02-21 18:29:11 - [TEST_STEP][PASSED] - totalRow = sheet.getLastRowNum(): null

2019-02-21 18:29:11 - [TEST_STEP][PASSED] - out.println(totalRow): null

2019-02-21 18:29:11 - [TEST_STEP][PASSED] - row = sheet.getRow(counter): null

2019-02-21 18:29:11 - [TEST_STEP][PASSED] - cell = row.getCell(counter): null

2019-02-21 18:29:11 - [TEST_STEP][PASSED] - a = cell.getStringCellValue(): null

2019-02-21 18:29:11 - [TEST_STEP][PASSED] - IC = a: null

2019-02-21 18:29:11 - [TEST_STEP][PASSED] - out.println(IC): null

2019-02-21 18:29:11 - [TEST_STEP][PASSED] - callTestCase(findTestCase("All TC/Arranged/1. Common/1.2 Setter/Setter IC"), [:], STOP_ON_FAILURE): Call Test Case 'Test Cases/All TC/Arranged/1. Common/1.2 Setter/Setter IC' successfully

2019-02-21 18:29:11 - [TEST_CASE][PASSED] - Test Cases/All TC/Arranged/1. Common/1.2 Setter/Setter IC: Test Cases/All TC/Arranged/1. Common/1.2 Setter/Setter IC

2019-02-21 18:29:11 - [TEST_STEP][PASSED] - RefNoOldFile = new java.io.File((internal.GlobalVariable.TextFilePathCommon + \getIC.txt)): null

2019-02-21 18:29:11 - [TEST_STEP][PASSED] - RefNoOldFile.delete(): null

2019-02-21 18:29:11 - [TEST_STEP][PASSED] - delay(5): Delayed 5 second(s)

2019-02-21 18:29:16 - [MESSAGE][PASSED] - Delayed 5 second(s)

2019-02-21 18:29:16 - [TEST_STEP][PASSED] - RefNo = new java.io.File((internal.GlobalVariable.TextFilePathCommon + \getIC.txt)): null

2019-02-21 18:29:16 - [TEST_STEP][PASSED] - f2 = new java.io.FileWriter(RefNo, false): null

2019-02-21 18:29:16 - [TEST_STEP][PASSED] - f2.write(IC): null

2019-02-21 18:29:16 - [TEST_STEP][PASSED] - f2.close(): null

2019-02-21 18:29:16 - [TEST_STEP][PASSED] - out.println("


" + IC + "


"): null

2019-02-21 18:29:16 - [MESSAGE][PASSED] - Call Test Case 'Test Cases/All TC/Arranged/1. Common/1.2 Setter/Setter IC' successfully

2019-02-21 18:29:16 - [MESSAGE][PASSED] - Call Test Case 'Test Cases/All TC/Arranged/1. Common/IC List Checker' successfully

2019-02-21 18:29:16 - [TEST_STEP][PASSED] - setText(findTestObject("KeatMun/Form 7_default/OTC_Application_Reg/Page_PERKESO/6.No. Kad Pengenalan"), IC): Text '541115045367' is set on object 'Object Repository/KeatMun/Form 7_default/OTC_Application_Reg/Page_PERKESO/6.No. Kad Pengenalan'

2019-02-21 18:29:16 - [MESSAGE][PASSED] - Text '541115045367' is set on object 'Object Repository/KeatMun/Form 7_default/OTC_Application_Reg/Page_PERKESO/6.No. Kad Pengenalan'

2019-02-21 18:29:16 - [TEST_STEP][PASSED] - delay(2): Delayed 2 second(s)

2019-02-21 18:29:18 - [MESSAGE][PASSED] - Delayed 2 second(s)

2019-02-21 18:29:18 - [TEST_STEP][PASSED] - click(findTestObject("KeatMun/Form 7_default/OTC_Application_Reg/Page_PERKESO/7.button_Semak")): Object: 'Object Repository/KeatMun/Form 7_default/OTC_Application_Reg/Page_PERKESO/7.button_Semak' is clicked on

2019-02-21 18:29:18 - [MESSAGE][PASSED] - Object: 'Object Repository/KeatMun/Form 7_default/OTC_Application_Reg/Page_PERKESO/7.button_Semak' is clicked on

2019-02-21 18:29:18 - [TEST_STEP][PASSED] - delay(4): Delayed 4 second(s)

2019-02-21 18:29:22 - [MESSAGE][PASSED] - Delayed 4 second(s)

2019-02-21 18:29:22 - [TEST_STEP][PASSED] - click(findTestObject("KeatMun/Form 7_default/OTC_Application_Reg/Page_PERKESO/8. Nama Majikan Dropdown")): Object: 'Object Repository/KeatMun/Form 7_default/OTC_Application_Reg/Page_PERKESO/8. Nama Majikan Dropdown' is clicked on

2019-02-21 18:29:23 - [MESSAGE][PASSED] - Object: 'Object Repository/KeatMun/Form 7_default/OTC_Application_Reg/Page_PERKESO/8. Nama Majikan Dropdown' is clicked on

2019-02-21 18:29:23 - [TEST_STEP][PASSED] - setText(findTestObject("KeatMun/Form 7_default/OTC_Application_Reg/Page_PERKESO/8. LOE emp"), "pet"): Text 'pet' is set on object 'Object Repository/KeatMun/Form 7_default/OTC_Application_Reg/Page_PERKESO/8. LOE emp'

2019-02-21 18:29:23 - [MESSAGE][PASSED] - Text 'pet' is set on object 'Object Repository/KeatMun/Form 7_default/OTC_Application_Reg/Page_PERKESO/8. LOE emp'

2019-02-21 18:29:23 - [TEST_STEP][PASSED] - click(findTestObject("KeatMun/Form 7_default/OTC_Application_Reg/Page_PERKESO/8. PETRONAS")): Object: 'Object Repository/KeatMun/Form 7_default/OTC_Application_Reg/Page_PERKESO/8. PETRONAS' is clicked on

2019-02-21 18:29:23 - [MESSAGE][PASSED] - Object: 'Object Repository/KeatMun/Form 7_default/OTC_Application_Reg/Page_PERKESO/8. PETRONAS' is clicked on

2019-02-21 18:29:23 - [TEST_STEP][PASSED] - delay(2): Delayed 2 second(s)

2019-02-21 18:29:25 - [MESSAGE][PASSED] - Delayed 2 second(s)

2019-02-21 18:29:25 - [TEST_STEP][PASSED] - TodayDate = new java.util.Date(): null

2019-02-21 18:29:25 - [TEST_STEP][PASSED] - CurrentDateNoFilter = new java.text.SimpleDateFormat(): null

2019-02-21 18:29:25 - [TEST_STEP][PASSED] - CurrentDateNoFilter.applyPattern("dd/MM/yyyy"): null

2019-02-21 18:29:25 - [TEST_STEP][PASSED] - CurrentDate = CurrentDateNoFilter.format(TodayDate): null

2019-02-21 18:29:25 - [TEST_STEP][PASSED] - out.println(CurrentDate): null

2019-02-21 18:29:25 - [TEST_STEP][PASSED] - date = CurrentDate: null

2019-02-21 18:29:25 - [TEST_STEP][PASSED] - setText(findTestObject("KeatMun/Form 7_default/OTC_Application_Reg/Page_PERKESO/9.Tarikh kehilangan pkj"), date): Text '21/02/2019' is set on object 'Object Repository/KeatMun/Form 7_default/OTC_Application_Reg/Page_PERKESO/9.Tarikh kehilangan pkj'

2019-02-21 18:29:25 - [MESSAGE][PASSED] - Text '21/02/2019' is set on object 'Object Repository/KeatMun/Form 7_default/OTC_Application_Reg/Page_PERKESO/9.Tarikh kehilangan pkj'

2019-02-21 18:29:25 - [TEST_STEP][PASSED] - delay(2): Delayed 2 second(s)

2019-02-21 18:29:27 - [MESSAGE][PASSED] - Delayed 2 second(s)

2019-02-21 18:29:27 - [TEST_STEP][PASSED] - click(findTestObject("KeatMun/Form 7_default/OTC_Application_Reg/Page_PERKESO/9. Date Picker Done Button ")): Object: 'Object Repository/KeatMun/Form 7_default/OTC_Application_Reg/Page_PERKESO/9. Date Picker Done Button ' is clicked on

2019-02-21 18:29:27 - [MESSAGE][PASSED] - Object: 'Object Repository/KeatMun/Form 7_default/OTC_Application_Reg/Page_PERKESO/9. Date Picker Done Button ' is clicked on

2019-02-21 18:29:27 - [TEST_STEP][PASSED] - delay(2): Delayed 2 second(s)

2019-02-21 18:29:29 - [MESSAGE][PASSED] - Delayed 2 second(s)

2019-02-21 18:29:29 - [TEST_STEP][PASSED] - click(findTestObject("KeatMun/Form 7_default/OTC_Application_Reg/Page_PERKESO/10.button_Mohon")): Object: 'Object Repository/KeatMun/Form 7_default/OTC_Application_Reg/Page_PERKESO/10.button_Mohon' is clicked on

2019-02-21 18:29:30 - [MESSAGE][PASSED] - Object: 'Object Repository/KeatMun/Form 7_default/OTC_Application_Reg/Page_PERKESO/10.button_Mohon' is clicked on

2019-02-21 18:29:30 - [TEST_STEP][PASSED] - delay(2): Delayed 2 second(s)

2019-02-21 18:29:32 - [MESSAGE][PASSED] - Delayed 2 second(s)

2019-02-21 18:29:32 - [TEST_STEP][FAILED] - setText(findTestObject("KeatMun/Form 7_default/OTC_Application_Reg/Page_PERKESO/11.Tarikh Terima_stampedDtS"), "10/01/2019"): setText(findTestObject("KeatMun/Form 7_default/OTC_Application_Reg/Page_PERKESO/11.Tarikh Terima_stampedDtS"), "10/01/2019") FAILED.
Reason:
com.kms.katalon.core.exception.StepFailedException: Unable to set text '10/01/2019' of object 'Object Repository/KeatMun/Form 7_default/OTC_Application_Reg/Page_PERKESO/11.Tarikh Terima_stampedDtS' (Root cause: org.openqa.selenium.UnhandledAlertException: unexpected alert open: {Alert text : HARAP MAKLUM

PERMOHONAN FAEDAH SISTEM INSURANS PEKERJAAN HANYA BOLEH DIBUAT BERMULA DARI TARIKH KEHILANGAN PEKERJAAN

Nota: Permohonan hendaklah dibuat dalam tempoh 60 hari dari tarikh kehilangan pekerjaan}
  (Session info: chrome=72.0.3626.109)
  (Driver info: chromedriver=2.43.600210 (68dcf5eebde37173d4027fa8635e332711d2874a),platform=Windows NT 6.1.7601 SP1 x86_64) (WARNING: The server did not provide any stacktrace information)
Command duration or timeout: 0 milliseconds: null
Build info: version: '3.7.1', revision: '8a0099a', time: '2017-11-06T21:07:36.161Z'
System info: host: 'WIN7TEST02', ip: '10.20.3.72', os.name: 'Windows 7', os.arch: 'amd64', os.version: '6.1', java.version: '1.8.0_181'
Driver info: com.kms.katalon.selenium.driver.CChromeDriver
Capabilities {acceptInsecureCerts: false, acceptSslCerts: false, applicationCacheEnabled: false, browserConnectionEnabled: false, browserName: chrome, chrome: {chromedriverVersion: 2.43.600210 (68dcf5eebde371..., userDataDir: C:\Users\Admin\AppData\Loca...}, cssSelectorsEnabled: true, databaseEnabled: false, goog:chromeOptions: {debuggerAddress: localhost:62718}, handlesAlerts: true, hasTouchScreen: false, javascriptEnabled: true, locationContextEnabled: true, mobileEmulationEnabled: false, nativeEvents: true, networkConnectionEnabled: false, pageLoadStrategy: normal, platform: XP, platformName: XP, rotatable: false, setWindowRect: true, takesHeapSnapshot: true, takesScreenshot: true, unexpectedAlertBehaviour: , unhandledPromptBehavior: , version: 72.0.3626.109, webStorageEnabled: true}
Session ID: 8e466dacd6c9456054c12e87cb88598b
*** Element info: {Using=xpath, value=//input[@id = 'stampedDtStr' and @name = 'stampedDtStr' and @type = 'text']})
	at com.kms.katalon.core.keyword.internal.KeywordMain.stepFailed(KeywordMain.groovy:36)
	at com.kms.katalon.core.webui.keyword.internal.WebUIKeywordMain.stepFailed(WebUIKeywordMain.groovy:65)
	at com.kms.katalon.core.webui.keyword.internal.WebUIKeywordMain.runKeyword(WebUIKeywordMain.groovy:27)
	at com.kms.katalon.core.webui.keyword.builtin.SetTextKeyword.setText(SetTextKeyword.groovy:65)
	at com.kms.katalon.core.webui.keyword.builtin.SetTextKeyword.execute(SetTextKeyword.groovy:37)
	at com.kms.katalon.core.keyword.internal.KeywordExecutor.executeKeywordForPlatform(KeywordExecutor.groovy:53)
	at com.kms.katalon.core.webui.keyword.WebUiBuiltInKeywords.setText(WebUiBuiltInKeywords.groovy:950)
	at com.kms.katalon.core.webui.keyword.WebUiBuiltInKeywords$setText$1.call(Unknown Source)
	at OTC_Application_Reg.run(OTC_Application_Reg:91)
	at com.kms.katalon.core.main.ScriptEngine.run(ScriptEngine.java:194)
	at com.kms.katalon.core.main.ScriptEngine.runScriptAsRawText(ScriptEngine.java:119)
	at com.kms.katalon.core.main.TestCaseExecutor.runScript(TestCaseExecutor.java:328)
	at com.kms.katalon.core.main.TestCaseExecutor.doExecute(TestCaseExecutor.java:319)
	at com.kms.katalon.core.main.TestCaseExecutor.processExecutionPhase(TestCaseExecutor.java:298)
	at com.kms.katalon.core.main.TestCaseExecutor.accessMainPhase(TestCaseExecutor.java:290)
	at com.kms.katalon.core.main.TestCaseExecutor.execute(TestCaseExecutor.java:224)
	at com.kms.katalon.core.main.TestCaseMain.runTestCase(TestCaseMain.java:106)
	at com.kms.katalon.core.keyword.builtin.CallTestCaseKeyword$_callTestCase_closure1.doCall(CallTestCaseKeyword.groovy:59)
	at com.kms.katalon.core.keyword.builtin.CallTestCaseKeyword$_callTestCase_closure1.call(CallTestCaseKeyword.groovy)
	at com.kms.katalon.core.keyword.internal.KeywordMain.runKeyword(KeywordMain.groovy:54)
	at com.kms.katalon.core.keyword.builtin.CallTestCaseKeyword.callTestCase(CallTestCaseKeyword.groovy:80)
	at com.kms.katalon.core.keyword.builtin.CallTestCaseKeyword.execute(CallTestCaseKeyword.groovy:44)
	at com.kms.katalon.core.keyword.internal.KeywordExecutor.executeKeywordForPlatform(KeywordExecutor.groovy:53)
	at com.kms.katalon.core.keyword.BuiltinKeywords.callTestCase(BuiltinKeywords.groovy:334)
	at OTC_Submit Form 7_End to End - Cheque.run(OTC_Submit Form 7_End to End - Cheque:16)
	at com.kms.katalon.core.main.ScriptEngine.run(ScriptEngine.java:194)
	at com.kms.katalon.core.main.ScriptEngine.runScriptAsRawText(ScriptEngine.java:119)
	at com.kms.katalon.core.main.TestCaseExecutor.runScript(TestCaseExecutor.java:328)
	at com.kms.katalon.core.main.TestCaseExecutor.doExecute(TestCaseExecutor.java:319)
	at com.kms.katalon.core.main.TestCaseExecutor.processExecutionPhase(TestCaseExecutor.java:298)
	at com.kms.katalon.core.main.TestCaseExecutor.accessMainPhase(TestCaseExecutor.java:290)
	at com.kms.katalon.core.main.TestCaseExecutor.execute(TestCaseExecutor.java:224)
	at com.kms.katalon.core.main.TestCaseMain.runTestCase(TestCaseMain.java:106)
	at com.kms.katalon.core.keyword.builtin.CallTestCaseKeyword$_callTestCase_closure1.doCall(CallTestCaseKeyword.groovy:59)
	at com.kms.katalon.core.keyword.builtin.CallTestCaseKeyword$_callTestCase_closure1.call(CallTestCaseKeyword.groovy)
	at com.kms.katalon.core.keyword.internal.KeywordMain.runKeyword(KeywordMain.groovy:54)
	at com.kms.katalon.core.keyword.builtin.CallTestCaseKeyword.callTestCase(CallTestCaseKeyword.groovy:80)
	at com.kms.katalon.core.keyword.builtin.CallTestCaseKeyword.execute(CallTestCaseKeyword.groovy:44)
	at com.kms.katalon.core.keyword.internal.KeywordExecutor.executeKeywordForPlatform(KeywordExecutor.groovy:53)
	at com.kms.katalon.core.keyword.BuiltinKeywords.callTestCase(BuiltinKeywords.groovy:334)
	at Approve Claim - RIA.run(Approve Claim - RIA:16)
	at com.kms.katalon.core.main.ScriptEngine.run(ScriptEngine.java:194)
	at com.kms.katalon.core.main.ScriptEngine.runScriptAsRawText(ScriptEngine.java:119)
	at com.kms.katalon.core.main.TestCaseExecutor.runScript(TestCaseExecutor.java:328)
	at com.kms.katalon.core.main.TestCaseExecutor.doExecute(TestCaseExecutor.java:319)
	at com.kms.katalon.core.main.TestCaseExecutor.processExecutionPhase(TestCaseExecutor.java:298)
	at com.kms.katalon.core.main.TestCaseExecutor.accessMainPhase(TestCaseExecutor.java:290)
	at com.kms.katalon.core.main.TestCaseExecutor.execute(TestCaseExecutor.java:224)
	at com.kms.katalon.core.main.TestSuiteExecutor.accessTestCaseMainPhase(TestSuiteExecutor.java:129)
	at com.kms.katalon.core.main.TestSuiteExecutor.accessTestSuiteMainPhase(TestSuiteExecutor.java:112)
	at com.kms.katalon.core.main.TestSuiteExecutor.execute(TestSuiteExecutor.java:81)
	at com.kms.katalon.core.main.TestCaseMain.startTestSuite(TestCaseMain.java:149)
	at com.kms.katalon.core.main.TestCaseMain$startTestSuite$0.call(Unknown Source)
	at TempTestSuite1550738418733.run(TempTestSuite1550738418733.groovy:36)


2019-02-21 18:29:32 - [MESSAGE][WARNING] - Cannot take screenshot

2019-02-21 18:29:32 - [MESSAGE][FAILED] - Unable to set text '10/01/2019' of object 'Object Repository/KeatMun/Form 7_default/OTC_Application_Reg/Page_PERKESO/11.Tarikh Terima_stampedDtS' (Root cause: org.openqa.selenium.UnhandledAlertException: unexpected alert open: {Alert text : HARAP MAKLUM

PERMOHONAN FAEDAH SISTEM INSURANS PEKERJAAN HANYA BOLEH DIBUAT BERMULA DARI TARIKH KEHILANGAN PEKERJAAN

Nota: Permohonan hendaklah dibuat dalam tempoh 60 hari dari tarikh kehilangan pekerjaan}
  (Session info: chrome=72.0.3626.109)
  (Driver info: chromedriver=2.43.600210 (68dcf5eebde37173d4027fa8635e332711d2874a),platform=Windows NT 6.1.7601 SP1 x86_64) (WARNING: The server did not provide any stacktrace information)
Command duration or timeout: 0 milliseconds: null
Build info: version: '3.7.1', revision: '8a0099a', time: '2017-11-06T21:07:36.161Z'
System info: host: 'WIN7TEST02', ip: '10.20.3.72', os.name: 'Windows 7', os.arch: 'amd64', os.version: '6.1', java.version: '1.8.0_181'
Driver info: com.kms.katalon.selenium.driver.CChromeDriver
Capabilities {acceptInsecureCerts: false, acceptSslCerts: false, applicationCacheEnabled: false, browserConnectionEnabled: false, browserName: chrome, chrome: {chromedriverVersion: 2.43.600210 (68dcf5eebde371..., userDataDir: C:\Users\Admin\AppData\Loca...}, cssSelectorsEnabled: true, databaseEnabled: false, goog:chromeOptions: {debuggerAddress: localhost:62718}, handlesAlerts: true, hasTouchScreen: false, javascriptEnabled: true, locationContextEnabled: true, mobileEmulationEnabled: false, nativeEvents: true, networkConnectionEnabled: false, pageLoadStrategy: normal, platform: XP, platformName: XP, rotatable: false, setWindowRect: true, takesHeapSnapshot: true, takesScreenshot: true, unexpectedAlertBehaviour: , unhandledPromptBehavior: , version: 72.0.3626.109, webStorageEnabled: true}
Session ID: 8e466dacd6c9456054c12e87cb88598b
*** Element info: {Using=xpath, value=//input[@id = 'stampedDtStr' and @name = 'stampedDtStr' and @type = 'text']})

2019-02-21 18:29:32 - [MESSAGE][FAILED] - setText(findTestObject("KeatMun/Form 7_default/OTC_Application_Reg/Page_PERKESO/11.Tarikh Terima_stampedDtS"), "10/01/2019") FAILED.
Reason:
com.kms.katalon.core.exception.StepFailedException: Unable to set text '10/01/2019' of object 'Object Repository/KeatMun/Form 7_default/OTC_Application_Reg/Page_PERKESO/11.Tarikh Terima_stampedDtS' (Root cause: org.openqa.selenium.UnhandledAlertException: unexpected alert open: {Alert text : HARAP MAKLUM

PERMOHONAN FAEDAH SISTEM INSURANS PEKERJAAN HANYA BOLEH DIBUAT BERMULA DARI TARIKH KEHILANGAN PEKERJAAN

Nota: Permohonan hendaklah dibuat dalam tempoh 60 hari dari tarikh kehilangan pekerjaan}
  (Session info: chrome=72.0.3626.109)
  (Driver info: chromedriver=2.43.600210 (68dcf5eebde37173d4027fa8635e332711d2874a),platform=Windows NT 6.1.7601 SP1 x86_64) (WARNING: The server did not provide any stacktrace information)
Command duration or timeout: 0 milliseconds: null
Build info: version: '3.7.1', revision: '8a0099a', time: '2017-11-06T21:07:36.161Z'
System info: host: 'WIN7TEST02', ip: '10.20.3.72', os.name: 'Windows 7', os.arch: 'amd64', os.version: '6.1', java.version: '1.8.0_181'
Driver info: com.kms.katalon.selenium.driver.CChromeDriver
Capabilities {acceptInsecureCerts: false, acceptSslCerts: false, applicationCacheEnabled: false, browserConnectionEnabled: false, browserName: chrome, chrome: {chromedriverVersion: 2.43.600210 (68dcf5eebde371..., userDataDir: C:\Users\Admin\AppData\Loca...}, cssSelectorsEnabled: true, databaseEnabled: false, goog:chromeOptions: {debuggerAddress: localhost:62718}, handlesAlerts: true, hasTouchScreen: false, javascriptEnabled: true, locationContextEnabled: true, mobileEmulationEnabled: false, nativeEvents: true, networkConnectionEnabled: false, pageLoadStrategy: normal, platform: XP, platformName: XP, rotatable: false, setWindowRect: true, takesHeapSnapshot: true, takesScreenshot: true, unexpectedAlertBehaviour: , unhandledPromptBehavior: , version: 72.0.3626.109, webStorageEnabled: true}
Session ID: 8e466dacd6c9456054c12e87cb88598b
*** Element info: {Using=xpath, value=//input[@id = 'stampedDtStr' and @name = 'stampedDtStr' and @type = 'text']})
	at com.kms.katalon.core.keyword.internal.KeywordMain.stepFailed(KeywordMain.groovy:36)
	at com.kms.katalon.core.webui.keyword.internal.WebUIKeywordMain.stepFailed(WebUIKeywordMain.groovy:65)
	at com.kms.katalon.core.webui.keyword.internal.WebUIKeywordMain.runKeyword(WebUIKeywordMain.groovy:27)
	at com.kms.katalon.core.webui.keyword.builtin.SetTextKeyword.setText(SetTextKeyword.groovy:65)
	at com.kms.katalon.core.webui.keyword.builtin.SetTextKeyword.execute(SetTextKeyword.groovy:37)
	at com.kms.katalon.core.keyword.internal.KeywordExecutor.executeKeywordForPlatform(KeywordExecutor.groovy:53)
	at com.kms.katalon.core.webui.keyword.WebUiBuiltInKeywords.setText(WebUiBuiltInKeywords.groovy:950)
	at com.kms.katalon.core.webui.keyword.WebUiBuiltInKeywords$setText$1.call(Unknown Source)
	at OTC_Application_Reg.run(OTC_Application_Reg:91)
	at com.kms.katalon.core.main.ScriptEngine.run(ScriptEngine.java:194)
	at com.kms.katalon.core.main.ScriptEngine.runScriptAsRawText(ScriptEngine.java:119)
	at com.kms.katalon.core.main.TestCaseExecutor.runScript(TestCaseExecutor.java:328)
	at com.kms.katalon.core.main.TestCaseExecutor.doExecute(TestCaseExecutor.java:319)
	at com.kms.katalon.core.main.TestCaseExecutor.processExecutionPhase(TestCaseExecutor.java:298)
	at com.kms.katalon.core.main.TestCaseExecutor.accessMainPhase(TestCaseExecutor.java:290)
	at com.kms.katalon.core.main.TestCaseExecutor.execute(TestCaseExecutor.java:224)
	at com.kms.katalon.core.main.TestCaseMain.runTestCase(TestCaseMain.java:106)
	at com.kms.katalon.core.keyword.builtin.CallTestCaseKeyword$_callTestCase_closure1.doCall(CallTestCaseKeyword.groovy:59)
	at com.kms.katalon.core.keyword.builtin.CallTestCaseKeyword$_callTestCase_closure1.call(CallTestCaseKeyword.groovy)
	at com.kms.katalon.core.keyword.internal.KeywordMain.runKeyword(KeywordMain.groovy:54)
	at com.kms.katalon.core.keyword.builtin.CallTestCaseKeyword.callTestCase(CallTestCaseKeyword.groovy:80)
	at com.kms.katalon.core.keyword.builtin.CallTestCaseKeyword.execute(CallTestCaseKeyword.groovy:44)
	at com.kms.katalon.core.keyword.internal.KeywordExecutor.executeKeywordForPlatform(KeywordExecutor.groovy:53)
	at com.kms.katalon.core.keyword.BuiltinKeywords.callTestCase(BuiltinKeywords.groovy:334)
	at OTC_Submit Form 7_End to End - Cheque.run(OTC_Submit Form 7_End to End - Cheque:16)
	at com.kms.katalon.core.main.ScriptEngine.run(ScriptEngine.java:194)
	at com.kms.katalon.core.main.ScriptEngine.runScriptAsRawText(ScriptEngine.java:119)
	at com.kms.katalon.core.main.TestCaseExecutor.runScript(TestCaseExecutor.java:328)
	at com.kms.katalon.core.main.TestCaseExecutor.doExecute(TestCaseExecutor.java:319)
	at com.kms.katalon.core.main.TestCaseExecutor.processExecutionPhase(TestCaseExecutor.java:298)
	at com.kms.katalon.core.main.TestCaseExecutor.accessMainPhase(TestCaseExecutor.java:290)
	at com.kms.katalon.core.main.TestCaseExecutor.execute(TestCaseExecutor.java:224)
	at com.kms.katalon.core.main.TestCaseMain.runTestCase(TestCaseMain.java:106)
	at com.kms.katalon.core.keyword.builtin.CallTestCaseKeyword$_callTestCase_closure1.doCall(CallTestCaseKeyword.groovy:59)
	at com.kms.katalon.core.keyword.builtin.CallTestCaseKeyword$_callTestCase_closure1.call(CallTestCaseKeyword.groovy)
	at com.kms.katalon.core.keyword.internal.KeywordMain.runKeyword(KeywordMain.groovy:54)
	at com.kms.katalon.core.keyword.builtin.CallTestCaseKeyword.callTestCase(CallTestCaseKeyword.groovy:80)
	at com.kms.katalon.core.keyword.builtin.CallTestCaseKeyword.execute(CallTestCaseKeyword.groovy:44)
	at com.kms.katalon.core.keyword.internal.KeywordExecutor.executeKeywordForPlatform(KeywordExecutor.groovy:53)
	at com.kms.katalon.core.keyword.BuiltinKeywords.callTestCase(BuiltinKeywords.groovy:334)
	at Approve Claim - RIA.run(Approve Claim - RIA:16)
	at com.kms.katalon.core.main.ScriptEngine.run(ScriptEngine.java:194)
	at com.kms.katalon.core.main.ScriptEngine.runScriptAsRawText(ScriptEngine.java:119)
	at com.kms.katalon.core.main.TestCaseExecutor.runScript(TestCaseExecutor.java:328)
	at com.kms.katalon.core.main.TestCaseExecutor.doExecute(TestCaseExecutor.java:319)
	at com.kms.katalon.core.main.TestCaseExecutor.processExecutionPhase(TestCaseExecutor.java:298)
	at com.kms.katalon.core.main.TestCaseExecutor.accessMainPhase(TestCaseExecutor.java:290)
	at com.kms.katalon.core.main.TestCaseExecutor.execute(TestCaseExecutor.java:224)
	at com.kms.katalon.core.main.TestSuiteExecutor.accessTestCaseMainPhase(TestSuiteExecutor.java:129)
	at com.kms.katalon.core.main.TestSuiteExecutor.accessTestSuiteMainPhase(TestSuiteExecutor.java:112)
	at com.kms.katalon.core.main.TestSuiteExecutor.execute(TestSuiteExecutor.java:81)
	at com.kms.katalon.core.main.TestCaseMain.startTestSuite(TestCaseMain.java:149)
	at com.kms.katalon.core.main.TestCaseMain$startTestSuite$0.call(Unknown Source)
	at TempTestSuite1550738418733.run(TempTestSuite1550738418733.groovy:36)


2019-02-21 18:29:32 - [MESSAGE][FAILED] - Unable to call Test Case 'Test Cases/All TC/Arranged/3. Unit/EI/Form 7_default/OTC_Application_Reg' (Root cause: com.kms.katalon.core.exception.StepFailedException: Call Test Case 'Test Cases/All TC/Arranged/3. Unit/EI/Form 7_default/OTC_Application_Reg' failed)

2019-02-21 18:29:32 - [MESSAGE][FAILED] - callTestCase(findTestCase("All TC/Arranged/3. Unit/EI/Form 7_default/OTC_Application_Reg"), [:], STOP_ON_FAILURE) FAILED.
Reason:
com.kms.katalon.core.exception.StepFailedException: Unable to set text '10/01/2019' of object 'Object Repository/KeatMun/Form 7_default/OTC_Application_Reg/Page_PERKESO/11.Tarikh Terima_stampedDtS' (Root cause: org.openqa.selenium.UnhandledAlertException: unexpected alert open: {Alert text : HARAP MAKLUM

PERMOHONAN FAEDAH SISTEM INSURANS PEKERJAAN HANYA BOLEH DIBUAT BERMULA DARI TARIKH KEHILANGAN PEKERJAAN

Nota: Permohonan hendaklah dibuat dalam tempoh 60 hari dari tarikh kehilangan pekerjaan}
  (Session info: chrome=72.0.3626.109)
  (Driver info: chromedriver=2.43.600210 (68dcf5eebde37173d4027fa8635e332711d2874a),platform=Windows NT 6.1.7601 SP1 x86_64) (WARNING: The server did not provide any stacktrace information)
Command duration or timeout: 0 milliseconds: null
Build info: version: '3.7.1', revision: '8a0099a', time: '2017-11-06T21:07:36.161Z'
System info: host: 'WIN7TEST02', ip: '10.20.3.72', os.name: 'Windows 7', os.arch: 'amd64', os.version: '6.1', java.version: '1.8.0_181'
Driver info: com.kms.katalon.selenium.driver.CChromeDriver
Capabilities {acceptInsecureCerts: false, acceptSslCerts: false, applicationCacheEnabled: false, browserConnectionEnabled: false, browserName: chrome, chrome: {chromedriverVersion: 2.43.600210 (68dcf5eebde371..., userDataDir: C:\Users\Admin\AppData\Loca...}, cssSelectorsEnabled: true, databaseEnabled: false, goog:chromeOptions: {debuggerAddress: localhost:62718}, handlesAlerts: true, hasTouchScreen: false, javascriptEnabled: true, locationContextEnabled: true, mobileEmulationEnabled: false, nativeEvents: true, networkConnectionEnabled: false, pageLoadStrategy: normal, platform: XP, platformName: XP, rotatable: false, setWindowRect: true, takesHeapSnapshot: true, takesScreenshot: true, unexpectedAlertBehaviour: , unhandledPromptBehavior: , version: 72.0.3626.109, webStorageEnabled: true}
Session ID: 8e466dacd6c9456054c12e87cb88598b
*** Element info: {Using=xpath, value=//input[@id = 'stampedDtStr' and @name = 'stampedDtStr' and @type = 'text']})
	at com.kms.katalon.core.keyword.internal.KeywordMain.stepFailed(KeywordMain.groovy:36)
	at com.kms.katalon.core.webui.keyword.internal.WebUIKeywordMain.stepFailed(WebUIKeywordMain.groovy:65)
	at com.kms.katalon.core.webui.keyword.internal.WebUIKeywordMain.runKeyword(WebUIKeywordMain.groovy:27)
	at com.kms.katalon.core.webui.keyword.builtin.SetTextKeyword.setText(SetTextKeyword.groovy:65)
	at com.kms.katalon.core.webui.keyword.builtin.SetTextKeyword.execute(SetTextKeyword.groovy:37)
	at com.kms.katalon.core.keyword.internal.KeywordExecutor.executeKeywordForPlatform(KeywordExecutor.groovy:53)
	at com.kms.katalon.core.webui.keyword.WebUiBuiltInKeywords.setText(WebUiBuiltInKeywords.groovy:950)
	at com.kms.katalon.core.webui.keyword.WebUiBuiltInKeywords$setText$1.call(Unknown Source)
	at OTC_Application_Reg.run(OTC_Application_Reg:91)
	at com.kms.katalon.core.main.ScriptEngine.run(ScriptEngine.java:194)
	at com.kms.katalon.core.main.ScriptEngine.runScriptAsRawText(ScriptEngine.java:119)
	at com.kms.katalon.core.main.TestCaseExecutor.runScript(TestCaseExecutor.java:328)
	at com.kms.katalon.core.main.TestCaseExecutor.doExecute(TestCaseExecutor.java:319)
	at com.kms.katalon.core.main.TestCaseExecutor.processExecutionPhase(TestCaseExecutor.java:298)
	at com.kms.katalon.core.main.TestCaseExecutor.accessMainPhase(TestCaseExecutor.java:290)
	at com.kms.katalon.core.main.TestCaseExecutor.execute(TestCaseExecutor.java:224)
	at com.kms.katalon.core.main.TestCaseMain.runTestCase(TestCaseMain.java:106)
	at com.kms.katalon.core.keyword.builtin.CallTestCaseKeyword$_callTestCase_closure1.doCall(CallTestCaseKeyword.groovy:59)
	at com.kms.katalon.core.keyword.builtin.CallTestCaseKeyword$_callTestCase_closure1.call(CallTestCaseKeyword.groovy)
	at com.kms.katalon.core.keyword.internal.KeywordMain.runKeyword(KeywordMain.groovy:54)
	at com.kms.katalon.core.keyword.builtin.CallTestCaseKeyword.callTestCase(CallTestCaseKeyword.groovy:80)
	at com.kms.katalon.core.keyword.builtin.CallTestCaseKeyword.execute(CallTestCaseKeyword.groovy:44)
	at com.kms.katalon.core.keyword.internal.KeywordExecutor.executeKeywordForPlatform(KeywordExecutor.groovy:53)
	at com.kms.katalon.core.keyword.BuiltinKeywords.callTestCase(BuiltinKeywords.groovy:334)
	at OTC_Submit Form 7_End to End - Cheque.run(OTC_Submit Form 7_End to End - Cheque:16)
	at com.kms.katalon.core.main.ScriptEngine.run(ScriptEngine.java:194)
	at com.kms.katalon.core.main.ScriptEngine.runScriptAsRawText(ScriptEngine.java:119)
	at com.kms.katalon.core.main.TestCaseExecutor.runScript(TestCaseExecutor.java:328)
	at com.kms.katalon.core.main.TestCaseExecutor.doExecute(TestCaseExecutor.java:319)
	at com.kms.katalon.core.main.TestCaseExecutor.processExecutionPhase(TestCaseExecutor.java:298)
	at com.kms.katalon.core.main.TestCaseExecutor.accessMainPhase(TestCaseExecutor.java:290)
	at com.kms.katalon.core.main.TestCaseExecutor.execute(TestCaseExecutor.java:224)
	at com.kms.katalon.core.main.TestCaseMain.runTestCase(TestCaseMain.java:106)
	at com.kms.katalon.core.keyword.builtin.CallTestCaseKeyword$_callTestCase_closure1.doCall(CallTestCaseKeyword.groovy:59)
	at com.kms.katalon.core.keyword.builtin.CallTestCaseKeyword$_callTestCase_closure1.call(CallTestCaseKeyword.groovy)
	at com.kms.katalon.core.keyword.internal.KeywordMain.runKeyword(KeywordMain.groovy:54)
	at com.kms.katalon.core.keyword.builtin.CallTestCaseKeyword.callTestCase(CallTestCaseKeyword.groovy:80)
	at com.kms.katalon.core.keyword.builtin.CallTestCaseKeyword.execute(CallTestCaseKeyword.groovy:44)
	at com.kms.katalon.core.keyword.internal.KeywordExecutor.executeKeywordForPlatform(KeywordExecutor.groovy:53)
	at com.kms.katalon.core.keyword.BuiltinKeywords.callTestCase(BuiltinKeywords.groovy:334)
	at Approve Claim - RIA.run(Approve Claim - RIA:16)
	at com.kms.katalon.core.main.ScriptEngine.run(ScriptEngine.java:194)
	at com.kms.katalon.core.main.ScriptEngine.runScriptAsRawText(ScriptEngine.java:119)
	at com.kms.katalon.core.main.TestCaseExecutor.runScript(TestCaseExecutor.java:328)
	at com.kms.katalon.core.main.TestCaseExecutor.doExecute(TestCaseExecutor.java:319)
	at com.kms.katalon.core.main.TestCaseExecutor.processExecutionPhase(TestCaseExecutor.java:298)
	at com.kms.katalon.core.main.TestCaseExecutor.accessMainPhase(TestCaseExecutor.java:290)
	at com.kms.katalon.core.main.TestCaseExecutor.execute(TestCaseExecutor.java:224)
	at com.kms.katalon.core.main.TestSuiteExecutor.accessTestCaseMainPhase(TestSuiteExecutor.java:129)
	at com.kms.katalon.core.main.TestSuiteExecutor.accessTestSuiteMainPhase(TestSuiteExecutor.java:112)
	at com.kms.katalon.core.main.TestSuiteExecutor.execute(TestSuiteExecutor.java:81)
	at com.kms.katalon.core.main.TestCaseMain.startTestSuite(TestCaseMain.java:149)
	at com.kms.katalon.core.main.TestCaseMain$startTestSuite$0.call(Unknown Source)
	at TempTestSuite1550738418733.run(TempTestSuite1550738418733.groovy:36)


2019-02-21 18:29:33 - [MESSAGE][FAILED] - Unable to call Test Case 'Test Cases/All TC/Arranged/2. Segment/OTC_Submit Form 7_End to End - Cheque' (Root cause: com.kms.katalon.core.exception.StepFailedException: Call Test Case 'Test Cases/All TC/Arranged/2. Segment/OTC_Submit Form 7_End to End - Cheque' failed)

2019-02-21 18:29:33 - [MESSAGE][FAILED] - callTestCase(findTestCase("All TC/Arranged/2. Segment/OTC_Submit Form 7_End to End - Cheque"), [:], STOP_ON_FAILURE) FAILED.
Reason:
com.kms.katalon.core.exception.StepFailedException: Unable to set text '10/01/2019' of object 'Object Repository/KeatMun/Form 7_default/OTC_Application_Reg/Page_PERKESO/11.Tarikh Terima_stampedDtS' (Root cause: org.openqa.selenium.UnhandledAlertException: unexpected alert open: {Alert text : HARAP MAKLUM

PERMOHONAN FAEDAH SISTEM INSURANS PEKERJAAN HANYA BOLEH DIBUAT BERMULA DARI TARIKH KEHILANGAN PEKERJAAN

Nota: Permohonan hendaklah dibuat dalam tempoh 60 hari dari tarikh kehilangan pekerjaan}
  (Session info: chrome=72.0.3626.109)
  (Driver info: chromedriver=2.43.600210 (68dcf5eebde37173d4027fa8635e332711d2874a),platform=Windows NT 6.1.7601 SP1 x86_64) (WARNING: The server did not provide any stacktrace information)
Command duration or timeout: 0 milliseconds: null
Build info: version: '3.7.1', revision: '8a0099a', time: '2017-11-06T21:07:36.161Z'
System info: host: 'WIN7TEST02', ip: '10.20.3.72', os.name: 'Windows 7', os.arch: 'amd64', os.version: '6.1', java.version: '1.8.0_181'
Driver info: com.kms.katalon.selenium.driver.CChromeDriver
Capabilities {acceptInsecureCerts: false, acceptSslCerts: false, applicationCacheEnabled: false, browserConnectionEnabled: false, browserName: chrome, chrome: {chromedriverVersion: 2.43.600210 (68dcf5eebde371..., userDataDir: C:\Users\Admin\AppData\Loca...}, cssSelectorsEnabled: true, databaseEnabled: false, goog:chromeOptions: {debuggerAddress: localhost:62718}, handlesAlerts: true, hasTouchScreen: false, javascriptEnabled: true, locationContextEnabled: true, mobileEmulationEnabled: false, nativeEvents: true, networkConnectionEnabled: false, pageLoadStrategy: normal, platform: XP, platformName: XP, rotatable: false, setWindowRect: true, takesHeapSnapshot: true, takesScreenshot: true, unexpectedAlertBehaviour: , unhandledPromptBehavior: , version: 72.0.3626.109, webStorageEnabled: true}
Session ID: 8e466dacd6c9456054c12e87cb88598b
*** Element info: {Using=xpath, value=//input[@id = 'stampedDtStr' and @name = 'stampedDtStr' and @type = 'text']})
	at com.kms.katalon.core.keyword.internal.KeywordMain.stepFailed(KeywordMain.groovy:36)
	at com.kms.katalon.core.webui.keyword.internal.WebUIKeywordMain.stepFailed(WebUIKeywordMain.groovy:65)
	at com.kms.katalon.core.webui.keyword.internal.WebUIKeywordMain.runKeyword(WebUIKeywordMain.groovy:27)
	at com.kms.katalon.core.webui.keyword.builtin.SetTextKeyword.setText(SetTextKeyword.groovy:65)
	at com.kms.katalon.core.webui.keyword.builtin.SetTextKeyword.execute(SetTextKeyword.groovy:37)
	at com.kms.katalon.core.keyword.internal.KeywordExecutor.executeKeywordForPlatform(KeywordExecutor.groovy:53)
	at com.kms.katalon.core.webui.keyword.WebUiBuiltInKeywords.setText(WebUiBuiltInKeywords.groovy:950)
	at com.kms.katalon.core.webui.keyword.WebUiBuiltInKeywords$setText$1.call(Unknown Source)
	at OTC_Application_Reg.run(OTC_Application_Reg:91)
	at com.kms.katalon.core.main.ScriptEngine.run(ScriptEngine.java:194)
	at com.kms.katalon.core.main.ScriptEngine.runScriptAsRawText(ScriptEngine.java:119)
	at com.kms.katalon.core.main.TestCaseExecutor.runScript(TestCaseExecutor.java:328)
	at com.kms.katalon.core.main.TestCaseExecutor.doExecute(TestCaseExecutor.java:319)
	at com.kms.katalon.core.main.TestCaseExecutor.processExecutionPhase(TestCaseExecutor.java:298)
	at com.kms.katalon.core.main.TestCaseExecutor.accessMainPhase(TestCaseExecutor.java:290)
	at com.kms.katalon.core.main.TestCaseExecutor.execute(TestCaseExecutor.java:224)
	at com.kms.katalon.core.main.TestCaseMain.runTestCase(TestCaseMain.java:106)
	at com.kms.katalon.core.keyword.builtin.CallTestCaseKeyword$_callTestCase_closure1.doCall(CallTestCaseKeyword.groovy:59)
	at com.kms.katalon.core.keyword.builtin.CallTestCaseKeyword$_callTestCase_closure1.call(CallTestCaseKeyword.groovy)
	at com.kms.katalon.core.keyword.internal.KeywordMain.runKeyword(KeywordMain.groovy:54)
	at com.kms.katalon.core.keyword.builtin.CallTestCaseKeyword.callTestCase(CallTestCaseKeyword.groovy:80)
	at com.kms.katalon.core.keyword.builtin.CallTestCaseKeyword.execute(CallTestCaseKeyword.groovy:44)
	at com.kms.katalon.core.keyword.internal.KeywordExecutor.executeKeywordForPlatform(KeywordExecutor.groovy:53)
	at com.kms.katalon.core.keyword.BuiltinKeywords.callTestCase(BuiltinKeywords.groovy:334)
	at OTC_Submit Form 7_End to End - Cheque.run(OTC_Submit Form 7_End to End - Cheque:16)
	at com.kms.katalon.core.main.ScriptEngine.run(ScriptEngine.java:194)
	at com.kms.katalon.core.main.ScriptEngine.runScriptAsRawText(ScriptEngine.java:119)
	at com.kms.katalon.core.main.TestCaseExecutor.runScript(TestCaseExecutor.java:328)
	at com.kms.katalon.core.main.TestCaseExecutor.doExecute(TestCaseExecutor.java:319)
	at com.kms.katalon.core.main.TestCaseExecutor.processExecutionPhase(TestCaseExecutor.java:298)
	at com.kms.katalon.core.main.TestCaseExecutor.accessMainPhase(TestCaseExecutor.java:290)
	at com.kms.katalon.core.main.TestCaseExecutor.execute(TestCaseExecutor.java:224)
	at com.kms.katalon.core.main.TestCaseMain.runTestCase(TestCaseMain.java:106)
	at com.kms.katalon.core.keyword.builtin.CallTestCaseKeyword$_callTestCase_closure1.doCall(CallTestCaseKeyword.groovy:59)
	at com.kms.katalon.core.keyword.builtin.CallTestCaseKeyword$_callTestCase_closure1.call(CallTestCaseKeyword.groovy)
	at com.kms.katalon.core.keyword.internal.KeywordMain.runKeyword(KeywordMain.groovy:54)
	at com.kms.katalon.core.keyword.builtin.CallTestCaseKeyword.callTestCase(CallTestCaseKeyword.groovy:80)
	at com.kms.katalon.core.keyword.builtin.CallTestCaseKeyword.execute(CallTestCaseKeyword.groovy:44)
	at com.kms.katalon.core.keyword.internal.KeywordExecutor.executeKeywordForPlatform(KeywordExecutor.groovy:53)
	at com.kms.katalon.core.keyword.BuiltinKeywords.callTestCase(BuiltinKeywords.groovy:334)
	at Approve Claim - RIA.run(Approve Claim - RIA:16)
	at com.kms.katalon.core.main.ScriptEngine.run(ScriptEngine.java:194)
	at com.kms.katalon.core.main.ScriptEngine.runScriptAsRawText(ScriptEngine.java:119)
	at com.kms.katalon.core.main.TestCaseExecutor.runScript(TestCaseExecutor.java:328)
	at com.kms.katalon.core.main.TestCaseExecutor.doExecute(TestCaseExecutor.java:319)
	at com.kms.katalon.core.main.TestCaseExecutor.processExecutionPhase(TestCaseExecutor.java:298)
	at com.kms.katalon.core.main.TestCaseExecutor.accessMainPhase(TestCaseExecutor.java:290)
	at com.kms.katalon.core.main.TestCaseExecutor.execute(TestCaseExecutor.java:224)
	at com.kms.katalon.core.main.TestSuiteExecutor.accessTestCaseMainPhase(TestSuiteExecutor.java:129)
	at com.kms.katalon.core.main.TestSuiteExecutor.accessTestSuiteMainPhase(TestSuiteExecutor.java:112)
	at com.kms.katalon.core.main.TestSuiteExecutor.execute(TestSuiteExecutor.java:81)
	at com.kms.katalon.core.main.TestCaseMain.startTestSuite(TestCaseMain.java:149)
	at com.kms.katalon.core.main.TestCaseMain$startTestSuite$0.call(Unknown Source)
	at TempTestSuite1550738418733.run(TempTestSuite1550738418733.groovy:36)]]></system-out>
         <system-err><![CDATA[2019-02-21 18:28:52 - [TEST_CASE][FAILED] - Test Cases/All TC/Arranged/0. Full Flow/Approve Claim - RIA: Test Cases/All TC/Arranged/0. Full Flow/Approve Claim - RIA FAILED.
Reason:
com.kms.katalon.core.exception.StepFailedException: Unable to set text '10/01/2019' of object 'Object Repository/KeatMun/Form 7_default/OTC_Application_Reg/Page_PERKESO/11.Tarikh Terima_stampedDtS' (Root cause: org.openqa.selenium.UnhandledAlertException: unexpected alert open: {Alert text : HARAP MAKLUM

PERMOHONAN FAEDAH SISTEM INSURANS PEKERJAAN HANYA BOLEH DIBUAT BERMULA DARI TARIKH KEHILANGAN PEKERJAAN

Nota: Permohonan hendaklah dibuat dalam tempoh 60 hari dari tarikh kehilangan pekerjaan}
  (Session info: chrome=72.0.3626.109)
  (Driver info: chromedriver=2.43.600210 (68dcf5eebde37173d4027fa8635e332711d2874a),platform=Windows NT 6.1.7601 SP1 x86_64) (WARNING: The server did not provide any stacktrace information)
Command duration or timeout: 0 milliseconds: null
Build info: version: '3.7.1', revision: '8a0099a', time: '2017-11-06T21:07:36.161Z'
System info: host: 'WIN7TEST02', ip: '10.20.3.72', os.name: 'Windows 7', os.arch: 'amd64', os.version: '6.1', java.version: '1.8.0_181'
Driver info: com.kms.katalon.selenium.driver.CChromeDriver
Capabilities {acceptInsecureCerts: false, acceptSslCerts: false, applicationCacheEnabled: false, browserConnectionEnabled: false, browserName: chrome, chrome: {chromedriverVersion: 2.43.600210 (68dcf5eebde371..., userDataDir: C:\Users\Admin\AppData\Loca...}, cssSelectorsEnabled: true, databaseEnabled: false, goog:chromeOptions: {debuggerAddress: localhost:62718}, handlesAlerts: true, hasTouchScreen: false, javascriptEnabled: true, locationContextEnabled: true, mobileEmulationEnabled: false, nativeEvents: true, networkConnectionEnabled: false, pageLoadStrategy: normal, platform: XP, platformName: XP, rotatable: false, setWindowRect: true, takesHeapSnapshot: true, takesScreenshot: true, unexpectedAlertBehaviour: , unhandledPromptBehavior: , version: 72.0.3626.109, webStorageEnabled: true}
Session ID: 8e466dacd6c9456054c12e87cb88598b
*** Element info: {Using=xpath, value=//input[@id = 'stampedDtStr' and @name = 'stampedDtStr' and @type = 'text']})
	at com.kms.katalon.core.keyword.internal.KeywordMain.stepFailed(KeywordMain.groovy:36)
	at com.kms.katalon.core.webui.keyword.internal.WebUIKeywordMain.stepFailed(WebUIKeywordMain.groovy:65)
	at com.kms.katalon.core.webui.keyword.internal.WebUIKeywordMain.runKeyword(WebUIKeywordMain.groovy:27)
	at com.kms.katalon.core.webui.keyword.builtin.SetTextKeyword.setText(SetTextKeyword.groovy:65)
	at com.kms.katalon.core.webui.keyword.builtin.SetTextKeyword.execute(SetTextKeyword.groovy:37)
	at com.kms.katalon.core.keyword.internal.KeywordExecutor.executeKeywordForPlatform(KeywordExecutor.groovy:53)
	at com.kms.katalon.core.webui.keyword.WebUiBuiltInKeywords.setText(WebUiBuiltInKeywords.groovy:950)
	at com.kms.katalon.core.webui.keyword.WebUiBuiltInKeywords$setText$1.call(Unknown Source)
	at OTC_Application_Reg.run(OTC_Application_Reg:91)
	at com.kms.katalon.core.main.ScriptEngine.run(ScriptEngine.java:194)
	at com.kms.katalon.core.main.ScriptEngine.runScriptAsRawText(ScriptEngine.java:119)
	at com.kms.katalon.core.main.TestCaseExecutor.runScript(TestCaseExecutor.java:328)
	at com.kms.katalon.core.main.TestCaseExecutor.doExecute(TestCaseExecutor.java:319)
	at com.kms.katalon.core.main.TestCaseExecutor.processExecutionPhase(TestCaseExecutor.java:298)
	at com.kms.katalon.core.main.TestCaseExecutor.accessMainPhase(TestCaseExecutor.java:290)
	at com.kms.katalon.core.main.TestCaseExecutor.execute(TestCaseExecutor.java:224)
	at com.kms.katalon.core.main.TestCaseMain.runTestCase(TestCaseMain.java:106)
	at com.kms.katalon.core.keyword.builtin.CallTestCaseKeyword$_callTestCase_closure1.doCall(CallTestCaseKeyword.groovy:59)
	at com.kms.katalon.core.keyword.builtin.CallTestCaseKeyword$_callTestCase_closure1.call(CallTestCaseKeyword.groovy)
	at com.kms.katalon.core.keyword.internal.KeywordMain.runKeyword(KeywordMain.groovy:54)
	at com.kms.katalon.core.keyword.builtin.CallTestCaseKeyword.callTestCase(CallTestCaseKeyword.groovy:80)
	at com.kms.katalon.core.keyword.builtin.CallTestCaseKeyword.execute(CallTestCaseKeyword.groovy:44)
	at com.kms.katalon.core.keyword.internal.KeywordExecutor.executeKeywordForPlatform(KeywordExecutor.groovy:53)
	at com.kms.katalon.core.keyword.BuiltinKeywords.callTestCase(BuiltinKeywords.groovy:334)
	at OTC_Submit Form 7_End to End - Cheque.run(OTC_Submit Form 7_End to End - Cheque:16)
	at com.kms.katalon.core.main.ScriptEngine.run(ScriptEngine.java:194)
	at com.kms.katalon.core.main.ScriptEngine.runScriptAsRawText(ScriptEngine.java:119)
	at com.kms.katalon.core.main.TestCaseExecutor.runScript(TestCaseExecutor.java:328)
	at com.kms.katalon.core.main.TestCaseExecutor.doExecute(TestCaseExecutor.java:319)
	at com.kms.katalon.core.main.TestCaseExecutor.processExecutionPhase(TestCaseExecutor.java:298)
	at com.kms.katalon.core.main.TestCaseExecutor.accessMainPhase(TestCaseExecutor.java:290)
	at com.kms.katalon.core.main.TestCaseExecutor.execute(TestCaseExecutor.java:224)
	at com.kms.katalon.core.main.TestCaseMain.runTestCase(TestCaseMain.java:106)
	at com.kms.katalon.core.keyword.builtin.CallTestCaseKeyword$_callTestCase_closure1.doCall(CallTestCaseKeyword.groovy:59)
	at com.kms.katalon.core.keyword.builtin.CallTestCaseKeyword$_callTestCase_closure1.call(CallTestCaseKeyword.groovy)
	at com.kms.katalon.core.keyword.internal.KeywordMain.runKeyword(KeywordMain.groovy:54)
	at com.kms.katalon.core.keyword.builtin.CallTestCaseKeyword.callTestCase(CallTestCaseKeyword.groovy:80)
	at com.kms.katalon.core.keyword.builtin.CallTestCaseKeyword.execute(CallTestCaseKeyword.groovy:44)
	at com.kms.katalon.core.keyword.internal.KeywordExecutor.executeKeywordForPlatform(KeywordExecutor.groovy:53)
	at com.kms.katalon.core.keyword.BuiltinKeywords.callTestCase(BuiltinKeywords.groovy:334)
	at Approve Claim - RIA.run(Approve Claim - RIA:16)
	at com.kms.katalon.core.main.ScriptEngine.run(ScriptEngine.java:194)
	at com.kms.katalon.core.main.ScriptEngine.runScriptAsRawText(ScriptEngine.java:119)
	at com.kms.katalon.core.main.TestCaseExecutor.runScript(TestCaseExecutor.java:328)
	at com.kms.katalon.core.main.TestCaseExecutor.doExecute(TestCaseExecutor.java:319)
	at com.kms.katalon.core.main.TestCaseExecutor.processExecutionPhase(TestCaseExecutor.java:298)
	at com.kms.katalon.core.main.TestCaseExecutor.accessMainPhase(TestCaseExecutor.java:290)
	at com.kms.katalon.core.main.TestCaseExecutor.execute(TestCaseExecutor.java:224)
	at com.kms.katalon.core.main.TestSuiteExecutor.accessTestCaseMainPhase(TestSuiteExecutor.java:129)
	at com.kms.katalon.core.main.TestSuiteExecutor.accessTestSuiteMainPhase(TestSuiteExecutor.java:112)
	at com.kms.katalon.core.main.TestSuiteExecutor.execute(TestSuiteExecutor.java:81)
	at com.kms.katalon.core.main.TestCaseMain.startTestSuite(TestCaseMain.java:149)
	at com.kms.katalon.core.main.TestCaseMain$startTestSuite$0.call(Unknown Source)
	at TempTestSuite1550738418733.run(TempTestSuite1550738418733.groovy:36)]]></system-err>
      </testcase>
      <testcase name="Test Cases/All TC/Arranged/0. Full Flow/Approve Claim - Full - DA EFT" classname="Test Cases/All TC/Arranged/0. Full Flow/Approve Claim - Full - DA EFT" status="FAILED">
         <failure type="FAILED" message="Test Cases/All TC/Arranged/0. Full Flow/Approve Claim - Full - DA EFT FAILED.
Reason:
com.kms.katalon.core.exception.StepFailedException: Unable to set text '10/01/2019' of object 'Object Repository/KeatMun/Form 7_default/OTC_Application_Reg/Page_PERKESO/11.Tarikh Terima_stampedDtS' (Root cause: org.openqa.selenium.UnhandledAlertException: unexpected alert open: {Alert text : HARAP MAKLUM

PERMOHONAN FAEDAH SISTEM INSURANS PEKERJAAN HANYA BOLEH DIBUAT BERMULA DARI TARIKH KEHILANGAN PEKERJAAN

Nota: Permohonan hendaklah dibuat dalam tempoh 60 hari dari tarikh kehilangan pekerjaan}
  (Session info: chrome=72.0.3626.109)
  (Driver info: chromedriver=2.43.600210 (68dcf5eebde37173d4027fa8635e332711d2874a),platform=Windows NT 6.1.7601 SP1 x86_64) (WARNING: The server did not provide any stacktrace information)
Command duration or timeout: 0 milliseconds: null
Build info: version: '3.7.1', revision: '8a0099a', time: '2017-11-06T21:07:36.161Z'
System info: host: 'WIN7TEST02', ip: '10.20.3.72', os.name: 'Windows 7', os.arch: 'amd64', os.version: '6.1', java.version: '1.8.0_181'
Driver info: com.kms.katalon.selenium.driver.CChromeDriver
Capabilities {acceptInsecureCerts: false, acceptSslCerts: false, applicationCacheEnabled: false, browserConnectionEnabled: false, browserName: chrome, chrome: {chromedriverVersion: 2.43.600210 (68dcf5eebde371..., userDataDir: C:\Users\Admin\AppData\Loca...}, cssSelectorsEnabled: true, databaseEnabled: false, goog:chromeOptions: {debuggerAddress: localhost:62750}, handlesAlerts: true, hasTouchScreen: false, javascriptEnabled: true, locationContextEnabled: true, mobileEmulationEnabled: false, nativeEvents: true, networkConnectionEnabled: false, pageLoadStrategy: normal, platform: XP, platformName: XP, rotatable: false, setWindowRect: true, takesHeapSnapshot: true, takesScreenshot: true, unexpectedAlertBehaviour: , unhandledPromptBehavior: , version: 72.0.3626.109, webStorageEnabled: true}
Session ID: 4804371a6b5ef499afe97f080f51ca57
*** Element info: {Using=xpath, value=//input[@id = 'stampedDtStr' and @name = 'stampedDtStr' and @type = 'text']})
	at com.kms.katalon.core.keyword.internal.KeywordMain.stepFailed(KeywordMain.groovy:36)
	at com.kms.katalon.core.webui.keyword.internal.WebUIKeywordMain.stepFailed(WebUIKeywordMain.groovy:65)
	at com.kms.katalon.core.webui.keyword.internal.WebUIKeywordMain.runKeyword(WebUIKeywordMain.groovy:27)
	at com.kms.katalon.core.webui.keyword.builtin.SetTextKeyword.setText(SetTextKeyword.groovy:65)
	at com.kms.katalon.core.webui.keyword.builtin.SetTextKeyword.execute(SetTextKeyword.groovy:37)
	at com.kms.katalon.core.keyword.internal.KeywordExecutor.executeKeywordForPlatform(KeywordExecutor.groovy:53)
	at com.kms.katalon.core.webui.keyword.WebUiBuiltInKeywords.setText(WebUiBuiltInKeywords.groovy:950)
	at com.kms.katalon.core.webui.keyword.WebUiBuiltInKeywords$setText$1.call(Unknown Source)
	at OTC_Application_Reg.run(OTC_Application_Reg:91)
	at com.kms.katalon.core.main.ScriptEngine.run(ScriptEngine.java:194)
	at com.kms.katalon.core.main.ScriptEngine.runScriptAsRawText(ScriptEngine.java:119)
	at com.kms.katalon.core.main.TestCaseExecutor.runScript(TestCaseExecutor.java:328)
	at com.kms.katalon.core.main.TestCaseExecutor.doExecute(TestCaseExecutor.java:319)
	at com.kms.katalon.core.main.TestCaseExecutor.processExecutionPhase(TestCaseExecutor.java:298)
	at com.kms.katalon.core.main.TestCaseExecutor.accessMainPhase(TestCaseExecutor.java:290)
	at com.kms.katalon.core.main.TestCaseExecutor.execute(TestCaseExecutor.java:224)
	at com.kms.katalon.core.main.TestCaseMain.runTestCase(TestCaseMain.java:106)
	at com.kms.katalon.core.keyword.builtin.CallTestCaseKeyword$_callTestCase_closure1.doCall(CallTestCaseKeyword.groovy:59)
	at com.kms.katalon.core.keyword.builtin.CallTestCaseKeyword$_callTestCase_closure1.call(CallTestCaseKeyword.groovy)
	at com.kms.katalon.core.keyword.internal.KeywordMain.runKeyword(KeywordMain.groovy:54)
	at com.kms.katalon.core.keyword.builtin.CallTestCaseKeyword.callTestCase(CallTestCaseKeyword.groovy:80)
	at com.kms.katalon.core.keyword.builtin.CallTestCaseKeyword.execute(CallTestCaseKeyword.groovy:44)
	at com.kms.katalon.core.keyword.internal.KeywordExecutor.executeKeywordForPlatform(KeywordExecutor.groovy:53)
	at com.kms.katalon.core.keyword.BuiltinKeywords.callTestCase(BuiltinKeywords.groovy:334)
	at OTC_Submit Form 7_End to End - Cheque.run(OTC_Submit Form 7_End to End - Cheque:16)
	at com.kms.katalon.core.main.ScriptEngine.run(ScriptEngine.java:194)
	at com.kms.katalon.core.main.ScriptEngine.runScriptAsRawText(ScriptEngine.java:119)
	at com.kms.katalon.core.main.TestCaseExecutor.runScript(TestCaseExecutor.java:328)
	at com.kms.katalon.core.main.TestCaseExecutor.doExecute(TestCaseExecutor.java:319)
	at com.kms.katalon.core.main.TestCaseExecutor.processExecutionPhase(TestCaseExecutor.java:298)
	at com.kms.katalon.core.main.TestCaseExecutor.accessMainPhase(TestCaseExecutor.java:290)
	at com.kms.katalon.core.main.TestCaseExecutor.execute(TestCaseExecutor.java:224)
	at com.kms.katalon.core.main.TestCaseMain.runTestCase(TestCaseMain.java:106)
	at com.kms.katalon.core.keyword.builtin.CallTestCaseKeyword$_callTestCase_closure1.doCall(CallTestCaseKeyword.groovy:59)
	at com.kms.katalon.core.keyword.builtin.CallTestCaseKeyword$_callTestCase_closure1.call(CallTestCaseKeyword.groovy)
	at com.kms.katalon.core.keyword.internal.KeywordMain.runKeyword(KeywordMain.groovy:54)
	at com.kms.katalon.core.keyword.builtin.CallTestCaseKeyword.callTestCase(CallTestCaseKeyword.groovy:80)
	at com.kms.katalon.core.keyword.builtin.CallTestCaseKeyword.execute(CallTestCaseKeyword.groovy:44)
	at com.kms.katalon.core.keyword.internal.KeywordExecutor.executeKeywordForPlatform(KeywordExecutor.groovy:53)
	at com.kms.katalon.core.keyword.BuiltinKeywords.callTestCase(BuiltinKeywords.groovy:334)
	at Approve Claim - Full - DA EFT.run(Approve Claim - Full - DA EFT:16)
	at com.kms.katalon.core.main.ScriptEngine.run(ScriptEngine.java:194)
	at com.kms.katalon.core.main.ScriptEngine.runScriptAsRawText(ScriptEngine.java:119)
	at com.kms.katalon.core.main.TestCaseExecutor.runScript(TestCaseExecutor.java:328)
	at com.kms.katalon.core.main.TestCaseExecutor.doExecute(TestCaseExecutor.java:319)
	at com.kms.katalon.core.main.TestCaseExecutor.processExecutionPhase(TestCaseExecutor.java:298)
	at com.kms.katalon.core.main.TestCaseExecutor.accessMainPhase(TestCaseExecutor.java:290)
	at com.kms.katalon.core.main.TestCaseExecutor.execute(TestCaseExecutor.java:224)
	at com.kms.katalon.core.main.TestSuiteExecutor.accessTestCaseMainPhase(TestSuiteExecutor.java:129)
	at com.kms.katalon.core.main.TestSuiteExecutor.accessTestSuiteMainPhase(TestSuiteExecutor.java:112)
	at com.kms.katalon.core.main.TestSuiteExecutor.execute(TestSuiteExecutor.java:81)
	at com.kms.katalon.core.main.TestCaseMain.startTestSuite(TestCaseMain.java:149)
	at com.kms.katalon.core.main.TestCaseMain$startTestSuite$0.call(Unknown Source)
	at TempTestSuite1550738418733.run(TempTestSuite1550738418733.groovy:36)
"/>
         <system-out><![CDATA[2019-02-21 18:29:33 - [TEST_CASE][FAILED] - Test Cases/All TC/Arranged/0. Full Flow/Approve Claim - Full - DA EFT: Test Cases/All TC/Arranged/0. Full Flow/Approve Claim - Full - DA EFT FAILED.
Reason:
com.kms.katalon.core.exception.StepFailedException: Unable to set text '10/01/2019' of object 'Object Repository/KeatMun/Form 7_default/OTC_Application_Reg/Page_PERKESO/11.Tarikh Terima_stampedDtS' (Root cause: org.openqa.selenium.UnhandledAlertException: unexpected alert open: {Alert text : HARAP MAKLUM

PERMOHONAN FAEDAH SISTEM INSURANS PEKERJAAN HANYA BOLEH DIBUAT BERMULA DARI TARIKH KEHILANGAN PEKERJAAN

Nota: Permohonan hendaklah dibuat dalam tempoh 60 hari dari tarikh kehilangan pekerjaan}
  (Session info: chrome=72.0.3626.109)
  (Driver info: chromedriver=2.43.600210 (68dcf5eebde37173d4027fa8635e332711d2874a),platform=Windows NT 6.1.7601 SP1 x86_64) (WARNING: The server did not provide any stacktrace information)
Command duration or timeout: 0 milliseconds: null
Build info: version: '3.7.1', revision: '8a0099a', time: '2017-11-06T21:07:36.161Z'
System info: host: 'WIN7TEST02', ip: '10.20.3.72', os.name: 'Windows 7', os.arch: 'amd64', os.version: '6.1', java.version: '1.8.0_181'
Driver info: com.kms.katalon.selenium.driver.CChromeDriver
Capabilities {acceptInsecureCerts: false, acceptSslCerts: false, applicationCacheEnabled: false, browserConnectionEnabled: false, browserName: chrome, chrome: {chromedriverVersion: 2.43.600210 (68dcf5eebde371..., userDataDir: C:\Users\Admin\AppData\Loca...}, cssSelectorsEnabled: true, databaseEnabled: false, goog:chromeOptions: {debuggerAddress: localhost:62750}, handlesAlerts: true, hasTouchScreen: false, javascriptEnabled: true, locationContextEnabled: true, mobileEmulationEnabled: false, nativeEvents: true, networkConnectionEnabled: false, pageLoadStrategy: normal, platform: XP, platformName: XP, rotatable: false, setWindowRect: true, takesHeapSnapshot: true, takesScreenshot: true, unexpectedAlertBehaviour: , unhandledPromptBehavior: , version: 72.0.3626.109, webStorageEnabled: true}
Session ID: 4804371a6b5ef499afe97f080f51ca57
*** Element info: {Using=xpath, value=//input[@id = 'stampedDtStr' and @name = 'stampedDtStr' and @type = 'text']})
	at com.kms.katalon.core.keyword.internal.KeywordMain.stepFailed(KeywordMain.groovy:36)
	at com.kms.katalon.core.webui.keyword.internal.WebUIKeywordMain.stepFailed(WebUIKeywordMain.groovy:65)
	at com.kms.katalon.core.webui.keyword.internal.WebUIKeywordMain.runKeyword(WebUIKeywordMain.groovy:27)
	at com.kms.katalon.core.webui.keyword.builtin.SetTextKeyword.setText(SetTextKeyword.groovy:65)
	at com.kms.katalon.core.webui.keyword.builtin.SetTextKeyword.execute(SetTextKeyword.groovy:37)
	at com.kms.katalon.core.keyword.internal.KeywordExecutor.executeKeywordForPlatform(KeywordExecutor.groovy:53)
	at com.kms.katalon.core.webui.keyword.WebUiBuiltInKeywords.setText(WebUiBuiltInKeywords.groovy:950)
	at com.kms.katalon.core.webui.keyword.WebUiBuiltInKeywords$setText$1.call(Unknown Source)
	at OTC_Application_Reg.run(OTC_Application_Reg:91)
	at com.kms.katalon.core.main.ScriptEngine.run(ScriptEngine.java:194)
	at com.kms.katalon.core.main.ScriptEngine.runScriptAsRawText(ScriptEngine.java:119)
	at com.kms.katalon.core.main.TestCaseExecutor.runScript(TestCaseExecutor.java:328)
	at com.kms.katalon.core.main.TestCaseExecutor.doExecute(TestCaseExecutor.java:319)
	at com.kms.katalon.core.main.TestCaseExecutor.processExecutionPhase(TestCaseExecutor.java:298)
	at com.kms.katalon.core.main.TestCaseExecutor.accessMainPhase(TestCaseExecutor.java:290)
	at com.kms.katalon.core.main.TestCaseExecutor.execute(TestCaseExecutor.java:224)
	at com.kms.katalon.core.main.TestCaseMain.runTestCase(TestCaseMain.java:106)
	at com.kms.katalon.core.keyword.builtin.CallTestCaseKeyword$_callTestCase_closure1.doCall(CallTestCaseKeyword.groovy:59)
	at com.kms.katalon.core.keyword.builtin.CallTestCaseKeyword$_callTestCase_closure1.call(CallTestCaseKeyword.groovy)
	at com.kms.katalon.core.keyword.internal.KeywordMain.runKeyword(KeywordMain.groovy:54)
	at com.kms.katalon.core.keyword.builtin.CallTestCaseKeyword.callTestCase(CallTestCaseKeyword.groovy:80)
	at com.kms.katalon.core.keyword.builtin.CallTestCaseKeyword.execute(CallTestCaseKeyword.groovy:44)
	at com.kms.katalon.core.keyword.internal.KeywordExecutor.executeKeywordForPlatform(KeywordExecutor.groovy:53)
	at com.kms.katalon.core.keyword.BuiltinKeywords.callTestCase(BuiltinKeywords.groovy:334)
	at OTC_Submit Form 7_End to End - Cheque.run(OTC_Submit Form 7_End to End - Cheque:16)
	at com.kms.katalon.core.main.ScriptEngine.run(ScriptEngine.java:194)
	at com.kms.katalon.core.main.ScriptEngine.runScriptAsRawText(ScriptEngine.java:119)
	at com.kms.katalon.core.main.TestCaseExecutor.runScript(TestCaseExecutor.java:328)
	at com.kms.katalon.core.main.TestCaseExecutor.doExecute(TestCaseExecutor.java:319)
	at com.kms.katalon.core.main.TestCaseExecutor.processExecutionPhase(TestCaseExecutor.java:298)
	at com.kms.katalon.core.main.TestCaseExecutor.accessMainPhase(TestCaseExecutor.java:290)
	at com.kms.katalon.core.main.TestCaseExecutor.execute(TestCaseExecutor.java:224)
	at com.kms.katalon.core.main.TestCaseMain.runTestCase(TestCaseMain.java:106)
	at com.kms.katalon.core.keyword.builtin.CallTestCaseKeyword$_callTestCase_closure1.doCall(CallTestCaseKeyword.groovy:59)
	at com.kms.katalon.core.keyword.builtin.CallTestCaseKeyword$_callTestCase_closure1.call(CallTestCaseKeyword.groovy)
	at com.kms.katalon.core.keyword.internal.KeywordMain.runKeyword(KeywordMain.groovy:54)
	at com.kms.katalon.core.keyword.builtin.CallTestCaseKeyword.callTestCase(CallTestCaseKeyword.groovy:80)
	at com.kms.katalon.core.keyword.builtin.CallTestCaseKeyword.execute(CallTestCaseKeyword.groovy:44)
	at com.kms.katalon.core.keyword.internal.KeywordExecutor.executeKeywordForPlatform(KeywordExecutor.groovy:53)
	at com.kms.katalon.core.keyword.BuiltinKeywords.callTestCase(BuiltinKeywords.groovy:334)
	at Approve Claim - Full - DA EFT.run(Approve Claim - Full - DA EFT:16)
	at com.kms.katalon.core.main.ScriptEngine.run(ScriptEngine.java:194)
	at com.kms.katalon.core.main.ScriptEngine.runScriptAsRawText(ScriptEngine.java:119)
	at com.kms.katalon.core.main.TestCaseExecutor.runScript(TestCaseExecutor.java:328)
	at com.kms.katalon.core.main.TestCaseExecutor.doExecute(TestCaseExecutor.java:319)
	at com.kms.katalon.core.main.TestCaseExecutor.processExecutionPhase(TestCaseExecutor.java:298)
	at com.kms.katalon.core.main.TestCaseExecutor.accessMainPhase(TestCaseExecutor.java:290)
	at com.kms.katalon.core.main.TestCaseExecutor.execute(TestCaseExecutor.java:224)
	at com.kms.katalon.core.main.TestSuiteExecutor.accessTestCaseMainPhase(TestSuiteExecutor.java:129)
	at com.kms.katalon.core.main.TestSuiteExecutor.accessTestSuiteMainPhase(TestSuiteExecutor.java:112)
	at com.kms.katalon.core.main.TestSuiteExecutor.execute(TestSuiteExecutor.java:81)
	at com.kms.katalon.core.main.TestCaseMain.startTestSuite(TestCaseMain.java:149)
	at com.kms.katalon.core.main.TestCaseMain$startTestSuite$0.call(Unknown Source)
	at TempTestSuite1550738418733.run(TempTestSuite1550738418733.groovy:36)


2019-02-21 18:29:34 - [TEST_STEP][FAILED] - callTestCase(findTestCase("All TC/Arranged/2. Segment/OTC_Submit Form 7_End to End - Cheque"), [:], STOP_ON_FAILURE): callTestCase(findTestCase("All TC/Arranged/2. Segment/OTC_Submit Form 7_End to End - Cheque"), [:], STOP_ON_FAILURE) FAILED.
Reason:
com.kms.katalon.core.exception.StepFailedException: Unable to set text '10/01/2019' of object 'Object Repository/KeatMun/Form 7_default/OTC_Application_Reg/Page_PERKESO/11.Tarikh Terima_stampedDtS' (Root cause: org.openqa.selenium.UnhandledAlertException: unexpected alert open: {Alert text : HARAP MAKLUM

PERMOHONAN FAEDAH SISTEM INSURANS PEKERJAAN HANYA BOLEH DIBUAT BERMULA DARI TARIKH KEHILANGAN PEKERJAAN

Nota: Permohonan hendaklah dibuat dalam tempoh 60 hari dari tarikh kehilangan pekerjaan}
  (Session info: chrome=72.0.3626.109)
  (Driver info: chromedriver=2.43.600210 (68dcf5eebde37173d4027fa8635e332711d2874a),platform=Windows NT 6.1.7601 SP1 x86_64) (WARNING: The server did not provide any stacktrace information)
Command duration or timeout: 0 milliseconds: null
Build info: version: '3.7.1', revision: '8a0099a', time: '2017-11-06T21:07:36.161Z'
System info: host: 'WIN7TEST02', ip: '10.20.3.72', os.name: 'Windows 7', os.arch: 'amd64', os.version: '6.1', java.version: '1.8.0_181'
Driver info: com.kms.katalon.selenium.driver.CChromeDriver
Capabilities {acceptInsecureCerts: false, acceptSslCerts: false, applicationCacheEnabled: false, browserConnectionEnabled: false, browserName: chrome, chrome: {chromedriverVersion: 2.43.600210 (68dcf5eebde371..., userDataDir: C:\Users\Admin\AppData\Loca...}, cssSelectorsEnabled: true, databaseEnabled: false, goog:chromeOptions: {debuggerAddress: localhost:62750}, handlesAlerts: true, hasTouchScreen: false, javascriptEnabled: true, locationContextEnabled: true, mobileEmulationEnabled: false, nativeEvents: true, networkConnectionEnabled: false, pageLoadStrategy: normal, platform: XP, platformName: XP, rotatable: false, setWindowRect: true, takesHeapSnapshot: true, takesScreenshot: true, unexpectedAlertBehaviour: , unhandledPromptBehavior: , version: 72.0.3626.109, webStorageEnabled: true}
Session ID: 4804371a6b5ef499afe97f080f51ca57
*** Element info: {Using=xpath, value=//input[@id = 'stampedDtStr' and @name = 'stampedDtStr' and @type = 'text']})
	at com.kms.katalon.core.keyword.internal.KeywordMain.stepFailed(KeywordMain.groovy:36)
	at com.kms.katalon.core.webui.keyword.internal.WebUIKeywordMain.stepFailed(WebUIKeywordMain.groovy:65)
	at com.kms.katalon.core.webui.keyword.internal.WebUIKeywordMain.runKeyword(WebUIKeywordMain.groovy:27)
	at com.kms.katalon.core.webui.keyword.builtin.SetTextKeyword.setText(SetTextKeyword.groovy:65)
	at com.kms.katalon.core.webui.keyword.builtin.SetTextKeyword.execute(SetTextKeyword.groovy:37)
	at com.kms.katalon.core.keyword.internal.KeywordExecutor.executeKeywordForPlatform(KeywordExecutor.groovy:53)
	at com.kms.katalon.core.webui.keyword.WebUiBuiltInKeywords.setText(WebUiBuiltInKeywords.groovy:950)
	at com.kms.katalon.core.webui.keyword.WebUiBuiltInKeywords$setText$1.call(Unknown Source)
	at OTC_Application_Reg.run(OTC_Application_Reg:91)
	at com.kms.katalon.core.main.ScriptEngine.run(ScriptEngine.java:194)
	at com.kms.katalon.core.main.ScriptEngine.runScriptAsRawText(ScriptEngine.java:119)
	at com.kms.katalon.core.main.TestCaseExecutor.runScript(TestCaseExecutor.java:328)
	at com.kms.katalon.core.main.TestCaseExecutor.doExecute(TestCaseExecutor.java:319)
	at com.kms.katalon.core.main.TestCaseExecutor.processExecutionPhase(TestCaseExecutor.java:298)
	at com.kms.katalon.core.main.TestCaseExecutor.accessMainPhase(TestCaseExecutor.java:290)
	at com.kms.katalon.core.main.TestCaseExecutor.execute(TestCaseExecutor.java:224)
	at com.kms.katalon.core.main.TestCaseMain.runTestCase(TestCaseMain.java:106)
	at com.kms.katalon.core.keyword.builtin.CallTestCaseKeyword$_callTestCase_closure1.doCall(CallTestCaseKeyword.groovy:59)
	at com.kms.katalon.core.keyword.builtin.CallTestCaseKeyword$_callTestCase_closure1.call(CallTestCaseKeyword.groovy)
	at com.kms.katalon.core.keyword.internal.KeywordMain.runKeyword(KeywordMain.groovy:54)
	at com.kms.katalon.core.keyword.builtin.CallTestCaseKeyword.callTestCase(CallTestCaseKeyword.groovy:80)
	at com.kms.katalon.core.keyword.builtin.CallTestCaseKeyword.execute(CallTestCaseKeyword.groovy:44)
	at com.kms.katalon.core.keyword.internal.KeywordExecutor.executeKeywordForPlatform(KeywordExecutor.groovy:53)
	at com.kms.katalon.core.keyword.BuiltinKeywords.callTestCase(BuiltinKeywords.groovy:334)
	at OTC_Submit Form 7_End to End - Cheque.run(OTC_Submit Form 7_End to End - Cheque:16)
	at com.kms.katalon.core.main.ScriptEngine.run(ScriptEngine.java:194)
	at com.kms.katalon.core.main.ScriptEngine.runScriptAsRawText(ScriptEngine.java:119)
	at com.kms.katalon.core.main.TestCaseExecutor.runScript(TestCaseExecutor.java:328)
	at com.kms.katalon.core.main.TestCaseExecutor.doExecute(TestCaseExecutor.java:319)
	at com.kms.katalon.core.main.TestCaseExecutor.processExecutionPhase(TestCaseExecutor.java:298)
	at com.kms.katalon.core.main.TestCaseExecutor.accessMainPhase(TestCaseExecutor.java:290)
	at com.kms.katalon.core.main.TestCaseExecutor.execute(TestCaseExecutor.java:224)
	at com.kms.katalon.core.main.TestCaseMain.runTestCase(TestCaseMain.java:106)
	at com.kms.katalon.core.keyword.builtin.CallTestCaseKeyword$_callTestCase_closure1.doCall(CallTestCaseKeyword.groovy:59)
	at com.kms.katalon.core.keyword.builtin.CallTestCaseKeyword$_callTestCase_closure1.call(CallTestCaseKeyword.groovy)
	at com.kms.katalon.core.keyword.internal.KeywordMain.runKeyword(KeywordMain.groovy:54)
	at com.kms.katalon.core.keyword.builtin.CallTestCaseKeyword.callTestCase(CallTestCaseKeyword.groovy:80)
	at com.kms.katalon.core.keyword.builtin.CallTestCaseKeyword.execute(CallTestCaseKeyword.groovy:44)
	at com.kms.katalon.core.keyword.internal.KeywordExecutor.executeKeywordForPlatform(KeywordExecutor.groovy:53)
	at com.kms.katalon.core.keyword.BuiltinKeywords.callTestCase(BuiltinKeywords.groovy:334)
	at Approve Claim - Full - DA EFT.run(Approve Claim - Full - DA EFT:16)
	at com.kms.katalon.core.main.ScriptEngine.run(ScriptEngine.java:194)
	at com.kms.katalon.core.main.ScriptEngine.runScriptAsRawText(ScriptEngine.java:119)
	at com.kms.katalon.core.main.TestCaseExecutor.runScript(TestCaseExecutor.java:328)
	at com.kms.katalon.core.main.TestCaseExecutor.doExecute(TestCaseExecutor.java:319)
	at com.kms.katalon.core.main.TestCaseExecutor.processExecutionPhase(TestCaseExecutor.java:298)
	at com.kms.katalon.core.main.TestCaseExecutor.accessMainPhase(TestCaseExecutor.java:290)
	at com.kms.katalon.core.main.TestCaseExecutor.execute(TestCaseExecutor.java:224)
	at com.kms.katalon.core.main.TestSuiteExecutor.accessTestCaseMainPhase(TestSuiteExecutor.java:129)
	at com.kms.katalon.core.main.TestSuiteExecutor.accessTestSuiteMainPhase(TestSuiteExecutor.java:112)
	at com.kms.katalon.core.main.TestSuiteExecutor.execute(TestSuiteExecutor.java:81)
	at com.kms.katalon.core.main.TestCaseMain.startTestSuite(TestCaseMain.java:149)
	at com.kms.katalon.core.main.TestCaseMain$startTestSuite$0.call(Unknown Source)
	at TempTestSuite1550738418733.run(TempTestSuite1550738418733.groovy:36)


2019-02-21 18:29:34 - [TEST_CASE][FAILED] - Test Cases/All TC/Arranged/2. Segment/OTC_Submit Form 7_End to End - Cheque: Test Cases/All TC/Arranged/2. Segment/OTC_Submit Form 7_End to End - Cheque FAILED.
Reason:
com.kms.katalon.core.exception.StepFailedException: Unable to set text '10/01/2019' of object 'Object Repository/KeatMun/Form 7_default/OTC_Application_Reg/Page_PERKESO/11.Tarikh Terima_stampedDtS' (Root cause: org.openqa.selenium.UnhandledAlertException: unexpected alert open: {Alert text : HARAP MAKLUM

PERMOHONAN FAEDAH SISTEM INSURANS PEKERJAAN HANYA BOLEH DIBUAT BERMULA DARI TARIKH KEHILANGAN PEKERJAAN

Nota: Permohonan hendaklah dibuat dalam tempoh 60 hari dari tarikh kehilangan pekerjaan}
  (Session info: chrome=72.0.3626.109)
  (Driver info: chromedriver=2.43.600210 (68dcf5eebde37173d4027fa8635e332711d2874a),platform=Windows NT 6.1.7601 SP1 x86_64) (WARNING: The server did not provide any stacktrace information)
Command duration or timeout: 0 milliseconds: null
Build info: version: '3.7.1', revision: '8a0099a', time: '2017-11-06T21:07:36.161Z'
System info: host: 'WIN7TEST02', ip: '10.20.3.72', os.name: 'Windows 7', os.arch: 'amd64', os.version: '6.1', java.version: '1.8.0_181'
Driver info: com.kms.katalon.selenium.driver.CChromeDriver
Capabilities {acceptInsecureCerts: false, acceptSslCerts: false, applicationCacheEnabled: false, browserConnectionEnabled: false, browserName: chrome, chrome: {chromedriverVersion: 2.43.600210 (68dcf5eebde371..., userDataDir: C:\Users\Admin\AppData\Loca...}, cssSelectorsEnabled: true, databaseEnabled: false, goog:chromeOptions: {debuggerAddress: localhost:62750}, handlesAlerts: true, hasTouchScreen: false, javascriptEnabled: true, locationContextEnabled: true, mobileEmulationEnabled: false, nativeEvents: true, networkConnectionEnabled: false, pageLoadStrategy: normal, platform: XP, platformName: XP, rotatable: false, setWindowRect: true, takesHeapSnapshot: true, takesScreenshot: true, unexpectedAlertBehaviour: , unhandledPromptBehavior: , version: 72.0.3626.109, webStorageEnabled: true}
Session ID: 4804371a6b5ef499afe97f080f51ca57
*** Element info: {Using=xpath, value=//input[@id = 'stampedDtStr' and @name = 'stampedDtStr' and @type = 'text']})
	at com.kms.katalon.core.keyword.internal.KeywordMain.stepFailed(KeywordMain.groovy:36)
	at com.kms.katalon.core.webui.keyword.internal.WebUIKeywordMain.stepFailed(WebUIKeywordMain.groovy:65)
	at com.kms.katalon.core.webui.keyword.internal.WebUIKeywordMain.runKeyword(WebUIKeywordMain.groovy:27)
	at com.kms.katalon.core.webui.keyword.builtin.SetTextKeyword.setText(SetTextKeyword.groovy:65)
	at com.kms.katalon.core.webui.keyword.builtin.SetTextKeyword.execute(SetTextKeyword.groovy:37)
	at com.kms.katalon.core.keyword.internal.KeywordExecutor.executeKeywordForPlatform(KeywordExecutor.groovy:53)
	at com.kms.katalon.core.webui.keyword.WebUiBuiltInKeywords.setText(WebUiBuiltInKeywords.groovy:950)
	at com.kms.katalon.core.webui.keyword.WebUiBuiltInKeywords$setText$1.call(Unknown Source)
	at OTC_Application_Reg.run(OTC_Application_Reg:91)
	at com.kms.katalon.core.main.ScriptEngine.run(ScriptEngine.java:194)
	at com.kms.katalon.core.main.ScriptEngine.runScriptAsRawText(ScriptEngine.java:119)
	at com.kms.katalon.core.main.TestCaseExecutor.runScript(TestCaseExecutor.java:328)
	at com.kms.katalon.core.main.TestCaseExecutor.doExecute(TestCaseExecutor.java:319)
	at com.kms.katalon.core.main.TestCaseExecutor.processExecutionPhase(TestCaseExecutor.java:298)
	at com.kms.katalon.core.main.TestCaseExecutor.accessMainPhase(TestCaseExecutor.java:290)
	at com.kms.katalon.core.main.TestCaseExecutor.execute(TestCaseExecutor.java:224)
	at com.kms.katalon.core.main.TestCaseMain.runTestCase(TestCaseMain.java:106)
	at com.kms.katalon.core.keyword.builtin.CallTestCaseKeyword$_callTestCase_closure1.doCall(CallTestCaseKeyword.groovy:59)
	at com.kms.katalon.core.keyword.builtin.CallTestCaseKeyword$_callTestCase_closure1.call(CallTestCaseKeyword.groovy)
	at com.kms.katalon.core.keyword.internal.KeywordMain.runKeyword(KeywordMain.groovy:54)
	at com.kms.katalon.core.keyword.builtin.CallTestCaseKeyword.callTestCase(CallTestCaseKeyword.groovy:80)
	at com.kms.katalon.core.keyword.builtin.CallTestCaseKeyword.execute(CallTestCaseKeyword.groovy:44)
	at com.kms.katalon.core.keyword.internal.KeywordExecutor.executeKeywordForPlatform(KeywordExecutor.groovy:53)
	at com.kms.katalon.core.keyword.BuiltinKeywords.callTestCase(BuiltinKeywords.groovy:334)
	at OTC_Submit Form 7_End to End - Cheque.run(OTC_Submit Form 7_End to End - Cheque:16)
	at com.kms.katalon.core.main.ScriptEngine.run(ScriptEngine.java:194)
	at com.kms.katalon.core.main.ScriptEngine.runScriptAsRawText(ScriptEngine.java:119)
	at com.kms.katalon.core.main.TestCaseExecutor.runScript(TestCaseExecutor.java:328)
	at com.kms.katalon.core.main.TestCaseExecutor.doExecute(TestCaseExecutor.java:319)
	at com.kms.katalon.core.main.TestCaseExecutor.processExecutionPhase(TestCaseExecutor.java:298)
	at com.kms.katalon.core.main.TestCaseExecutor.accessMainPhase(TestCaseExecutor.java:290)
	at com.kms.katalon.core.main.TestCaseExecutor.execute(TestCaseExecutor.java:224)
	at com.kms.katalon.core.main.TestCaseMain.runTestCase(TestCaseMain.java:106)
	at com.kms.katalon.core.keyword.builtin.CallTestCaseKeyword$_callTestCase_closure1.doCall(CallTestCaseKeyword.groovy:59)
	at com.kms.katalon.core.keyword.builtin.CallTestCaseKeyword$_callTestCase_closure1.call(CallTestCaseKeyword.groovy)
	at com.kms.katalon.core.keyword.internal.KeywordMain.runKeyword(KeywordMain.groovy:54)
	at com.kms.katalon.core.keyword.builtin.CallTestCaseKeyword.callTestCase(CallTestCaseKeyword.groovy:80)
	at com.kms.katalon.core.keyword.builtin.CallTestCaseKeyword.execute(CallTestCaseKeyword.groovy:44)
	at com.kms.katalon.core.keyword.internal.KeywordExecutor.executeKeywordForPlatform(KeywordExecutor.groovy:53)
	at com.kms.katalon.core.keyword.BuiltinKeywords.callTestCase(BuiltinKeywords.groovy:334)
	at Approve Claim - Full - DA EFT.run(Approve Claim - Full - DA EFT:16)
	at com.kms.katalon.core.main.ScriptEngine.run(ScriptEngine.java:194)
	at com.kms.katalon.core.main.ScriptEngine.runScriptAsRawText(ScriptEngine.java:119)
	at com.kms.katalon.core.main.TestCaseExecutor.runScript(TestCaseExecutor.java:328)
	at com.kms.katalon.core.main.TestCaseExecutor.doExecute(TestCaseExecutor.java:319)
	at com.kms.katalon.core.main.TestCaseExecutor.processExecutionPhase(TestCaseExecutor.java:298)
	at com.kms.katalon.core.main.TestCaseExecutor.accessMainPhase(TestCaseExecutor.java:290)
	at com.kms.katalon.core.main.TestCaseExecutor.execute(TestCaseExecutor.java:224)
	at com.kms.katalon.core.main.TestSuiteExecutor.accessTestCaseMainPhase(TestSuiteExecutor.java:129)
	at com.kms.katalon.core.main.TestSuiteExecutor.accessTestSuiteMainPhase(TestSuiteExecutor.java:112)
	at com.kms.katalon.core.main.TestSuiteExecutor.execute(TestSuiteExecutor.java:81)
	at com.kms.katalon.core.main.TestCaseMain.startTestSuite(TestCaseMain.java:149)
	at com.kms.katalon.core.main.TestCaseMain$startTestSuite$0.call(Unknown Source)
	at TempTestSuite1550738418733.run(TempTestSuite1550738418733.groovy:36)


2019-02-21 18:29:34 - [TEST_STEP][FAILED] - callTestCase(findTestCase("All TC/Arranged/3. Unit/EI/Form 7_default/OTC_Application_Reg"), [:], STOP_ON_FAILURE): callTestCase(findTestCase("All TC/Arranged/3. Unit/EI/Form 7_default/OTC_Application_Reg"), [:], STOP_ON_FAILURE) FAILED.
Reason:
com.kms.katalon.core.exception.StepFailedException: Unable to set text '10/01/2019' of object 'Object Repository/KeatMun/Form 7_default/OTC_Application_Reg/Page_PERKESO/11.Tarikh Terima_stampedDtS' (Root cause: org.openqa.selenium.UnhandledAlertException: unexpected alert open: {Alert text : HARAP MAKLUM

PERMOHONAN FAEDAH SISTEM INSURANS PEKERJAAN HANYA BOLEH DIBUAT BERMULA DARI TARIKH KEHILANGAN PEKERJAAN

Nota: Permohonan hendaklah dibuat dalam tempoh 60 hari dari tarikh kehilangan pekerjaan}
  (Session info: chrome=72.0.3626.109)
  (Driver info: chromedriver=2.43.600210 (68dcf5eebde37173d4027fa8635e332711d2874a),platform=Windows NT 6.1.7601 SP1 x86_64) (WARNING: The server did not provide any stacktrace information)
Command duration or timeout: 0 milliseconds: null
Build info: version: '3.7.1', revision: '8a0099a', time: '2017-11-06T21:07:36.161Z'
System info: host: 'WIN7TEST02', ip: '10.20.3.72', os.name: 'Windows 7', os.arch: 'amd64', os.version: '6.1', java.version: '1.8.0_181'
Driver info: com.kms.katalon.selenium.driver.CChromeDriver
Capabilities {acceptInsecureCerts: false, acceptSslCerts: false, applicationCacheEnabled: false, browserConnectionEnabled: false, browserName: chrome, chrome: {chromedriverVersion: 2.43.600210 (68dcf5eebde371..., userDataDir: C:\Users\Admin\AppData\Loca...}, cssSelectorsEnabled: true, databaseEnabled: false, goog:chromeOptions: {debuggerAddress: localhost:62750}, handlesAlerts: true, hasTouchScreen: false, javascriptEnabled: true, locationContextEnabled: true, mobileEmulationEnabled: false, nativeEvents: true, networkConnectionEnabled: false, pageLoadStrategy: normal, platform: XP, platformName: XP, rotatable: false, setWindowRect: true, takesHeapSnapshot: true, takesScreenshot: true, unexpectedAlertBehaviour: , unhandledPromptBehavior: , version: 72.0.3626.109, webStorageEnabled: true}
Session ID: 4804371a6b5ef499afe97f080f51ca57
*** Element info: {Using=xpath, value=//input[@id = 'stampedDtStr' and @name = 'stampedDtStr' and @type = 'text']})
	at com.kms.katalon.core.keyword.internal.KeywordMain.stepFailed(KeywordMain.groovy:36)
	at com.kms.katalon.core.webui.keyword.internal.WebUIKeywordMain.stepFailed(WebUIKeywordMain.groovy:65)
	at com.kms.katalon.core.webui.keyword.internal.WebUIKeywordMain.runKeyword(WebUIKeywordMain.groovy:27)
	at com.kms.katalon.core.webui.keyword.builtin.SetTextKeyword.setText(SetTextKeyword.groovy:65)
	at com.kms.katalon.core.webui.keyword.builtin.SetTextKeyword.execute(SetTextKeyword.groovy:37)
	at com.kms.katalon.core.keyword.internal.KeywordExecutor.executeKeywordForPlatform(KeywordExecutor.groovy:53)
	at com.kms.katalon.core.webui.keyword.WebUiBuiltInKeywords.setText(WebUiBuiltInKeywords.groovy:950)
	at com.kms.katalon.core.webui.keyword.WebUiBuiltInKeywords$setText$1.call(Unknown Source)
	at OTC_Application_Reg.run(OTC_Application_Reg:91)
	at com.kms.katalon.core.main.ScriptEngine.run(ScriptEngine.java:194)
	at com.kms.katalon.core.main.ScriptEngine.runScriptAsRawText(ScriptEngine.java:119)
	at com.kms.katalon.core.main.TestCaseExecutor.runScript(TestCaseExecutor.java:328)
	at com.kms.katalon.core.main.TestCaseExecutor.doExecute(TestCaseExecutor.java:319)
	at com.kms.katalon.core.main.TestCaseExecutor.processExecutionPhase(TestCaseExecutor.java:298)
	at com.kms.katalon.core.main.TestCaseExecutor.accessMainPhase(TestCaseExecutor.java:290)
	at com.kms.katalon.core.main.TestCaseExecutor.execute(TestCaseExecutor.java:224)
	at com.kms.katalon.core.main.TestCaseMain.runTestCase(TestCaseMain.java:106)
	at com.kms.katalon.core.keyword.builtin.CallTestCaseKeyword$_callTestCase_closure1.doCall(CallTestCaseKeyword.groovy:59)
	at com.kms.katalon.core.keyword.builtin.CallTestCaseKeyword$_callTestCase_closure1.call(CallTestCaseKeyword.groovy)
	at com.kms.katalon.core.keyword.internal.KeywordMain.runKeyword(KeywordMain.groovy:54)
	at com.kms.katalon.core.keyword.builtin.CallTestCaseKeyword.callTestCase(CallTestCaseKeyword.groovy:80)
	at com.kms.katalon.core.keyword.builtin.CallTestCaseKeyword.execute(CallTestCaseKeyword.groovy:44)
	at com.kms.katalon.core.keyword.internal.KeywordExecutor.executeKeywordForPlatform(KeywordExecutor.groovy:53)
	at com.kms.katalon.core.keyword.BuiltinKeywords.callTestCase(BuiltinKeywords.groovy:334)
	at OTC_Submit Form 7_End to End - Cheque.run(OTC_Submit Form 7_End to End - Cheque:16)
	at com.kms.katalon.core.main.ScriptEngine.run(ScriptEngine.java:194)
	at com.kms.katalon.core.main.ScriptEngine.runScriptAsRawText(ScriptEngine.java:119)
	at com.kms.katalon.core.main.TestCaseExecutor.runScript(TestCaseExecutor.java:328)
	at com.kms.katalon.core.main.TestCaseExecutor.doExecute(TestCaseExecutor.java:319)
	at com.kms.katalon.core.main.TestCaseExecutor.processExecutionPhase(TestCaseExecutor.java:298)
	at com.kms.katalon.core.main.TestCaseExecutor.accessMainPhase(TestCaseExecutor.java:290)
	at com.kms.katalon.core.main.TestCaseExecutor.execute(TestCaseExecutor.java:224)
	at com.kms.katalon.core.main.TestCaseMain.runTestCase(TestCaseMain.java:106)
	at com.kms.katalon.core.keyword.builtin.CallTestCaseKeyword$_callTestCase_closure1.doCall(CallTestCaseKeyword.groovy:59)
	at com.kms.katalon.core.keyword.builtin.CallTestCaseKeyword$_callTestCase_closure1.call(CallTestCaseKeyword.groovy)
	at com.kms.katalon.core.keyword.internal.KeywordMain.runKeyword(KeywordMain.groovy:54)
	at com.kms.katalon.core.keyword.builtin.CallTestCaseKeyword.callTestCase(CallTestCaseKeyword.groovy:80)
	at com.kms.katalon.core.keyword.builtin.CallTestCaseKeyword.execute(CallTestCaseKeyword.groovy:44)
	at com.kms.katalon.core.keyword.internal.KeywordExecutor.executeKeywordForPlatform(KeywordExecutor.groovy:53)
	at com.kms.katalon.core.keyword.BuiltinKeywords.callTestCase(BuiltinKeywords.groovy:334)
	at Approve Claim - Full - DA EFT.run(Approve Claim - Full - DA EFT:16)
	at com.kms.katalon.core.main.ScriptEngine.run(ScriptEngine.java:194)
	at com.kms.katalon.core.main.ScriptEngine.runScriptAsRawText(ScriptEngine.java:119)
	at com.kms.katalon.core.main.TestCaseExecutor.runScript(TestCaseExecutor.java:328)
	at com.kms.katalon.core.main.TestCaseExecutor.doExecute(TestCaseExecutor.java:319)
	at com.kms.katalon.core.main.TestCaseExecutor.processExecutionPhase(TestCaseExecutor.java:298)
	at com.kms.katalon.core.main.TestCaseExecutor.accessMainPhase(TestCaseExecutor.java:290)
	at com.kms.katalon.core.main.TestCaseExecutor.execute(TestCaseExecutor.java:224)
	at com.kms.katalon.core.main.TestSuiteExecutor.accessTestCaseMainPhase(TestSuiteExecutor.java:129)
	at com.kms.katalon.core.main.TestSuiteExecutor.accessTestSuiteMainPhase(TestSuiteExecutor.java:112)
	at com.kms.katalon.core.main.TestSuiteExecutor.execute(TestSuiteExecutor.java:81)
	at com.kms.katalon.core.main.TestCaseMain.startTestSuite(TestCaseMain.java:149)
	at com.kms.katalon.core.main.TestCaseMain$startTestSuite$0.call(Unknown Source)
	at TempTestSuite1550738418733.run(TempTestSuite1550738418733.groovy:36)


2019-02-21 18:29:34 - [TEST_CASE][FAILED] - Test Cases/All TC/Arranged/3. Unit/EI/Form 7_default/OTC_Application_Reg: Test Cases/All TC/Arranged/3. Unit/EI/Form 7_default/OTC_Application_Reg FAILED.
Reason:
com.kms.katalon.core.exception.StepFailedException: Unable to set text '10/01/2019' of object 'Object Repository/KeatMun/Form 7_default/OTC_Application_Reg/Page_PERKESO/11.Tarikh Terima_stampedDtS' (Root cause: org.openqa.selenium.UnhandledAlertException: unexpected alert open: {Alert text : HARAP MAKLUM

PERMOHONAN FAEDAH SISTEM INSURANS PEKERJAAN HANYA BOLEH DIBUAT BERMULA DARI TARIKH KEHILANGAN PEKERJAAN

Nota: Permohonan hendaklah dibuat dalam tempoh 60 hari dari tarikh kehilangan pekerjaan}
  (Session info: chrome=72.0.3626.109)
  (Driver info: chromedriver=2.43.600210 (68dcf5eebde37173d4027fa8635e332711d2874a),platform=Windows NT 6.1.7601 SP1 x86_64) (WARNING: The server did not provide any stacktrace information)
Command duration or timeout: 0 milliseconds: null
Build info: version: '3.7.1', revision: '8a0099a', time: '2017-11-06T21:07:36.161Z'
System info: host: 'WIN7TEST02', ip: '10.20.3.72', os.name: 'Windows 7', os.arch: 'amd64', os.version: '6.1', java.version: '1.8.0_181'
Driver info: com.kms.katalon.selenium.driver.CChromeDriver
Capabilities {acceptInsecureCerts: false, acceptSslCerts: false, applicationCacheEnabled: false, browserConnectionEnabled: false, browserName: chrome, chrome: {chromedriverVersion: 2.43.600210 (68dcf5eebde371..., userDataDir: C:\Users\Admin\AppData\Loca...}, cssSelectorsEnabled: true, databaseEnabled: false, goog:chromeOptions: {debuggerAddress: localhost:62750}, handlesAlerts: true, hasTouchScreen: false, javascriptEnabled: true, locationContextEnabled: true, mobileEmulationEnabled: false, nativeEvents: true, networkConnectionEnabled: false, pageLoadStrategy: normal, platform: XP, platformName: XP, rotatable: false, setWindowRect: true, takesHeapSnapshot: true, takesScreenshot: true, unexpectedAlertBehaviour: , unhandledPromptBehavior: , version: 72.0.3626.109, webStorageEnabled: true}
Session ID: 4804371a6b5ef499afe97f080f51ca57
*** Element info: {Using=xpath, value=//input[@id = 'stampedDtStr' and @name = 'stampedDtStr' and @type = 'text']})
	at com.kms.katalon.core.keyword.internal.KeywordMain.stepFailed(KeywordMain.groovy:36)
	at com.kms.katalon.core.webui.keyword.internal.WebUIKeywordMain.stepFailed(WebUIKeywordMain.groovy:65)
	at com.kms.katalon.core.webui.keyword.internal.WebUIKeywordMain.runKeyword(WebUIKeywordMain.groovy:27)
	at com.kms.katalon.core.webui.keyword.builtin.SetTextKeyword.setText(SetTextKeyword.groovy:65)
	at com.kms.katalon.core.webui.keyword.builtin.SetTextKeyword.execute(SetTextKeyword.groovy:37)
	at com.kms.katalon.core.keyword.internal.KeywordExecutor.executeKeywordForPlatform(KeywordExecutor.groovy:53)
	at com.kms.katalon.core.webui.keyword.WebUiBuiltInKeywords.setText(WebUiBuiltInKeywords.groovy:950)
	at com.kms.katalon.core.webui.keyword.WebUiBuiltInKeywords$setText$1.call(Unknown Source)
	at OTC_Application_Reg.run(OTC_Application_Reg:91)
	at com.kms.katalon.core.main.ScriptEngine.run(ScriptEngine.java:194)
	at com.kms.katalon.core.main.ScriptEngine.runScriptAsRawText(ScriptEngine.java:119)
	at com.kms.katalon.core.main.TestCaseExecutor.runScript(TestCaseExecutor.java:328)
	at com.kms.katalon.core.main.TestCaseExecutor.doExecute(TestCaseExecutor.java:319)
	at com.kms.katalon.core.main.TestCaseExecutor.processExecutionPhase(TestCaseExecutor.java:298)
	at com.kms.katalon.core.main.TestCaseExecutor.accessMainPhase(TestCaseExecutor.java:290)
	at com.kms.katalon.core.main.TestCaseExecutor.execute(TestCaseExecutor.java:224)
	at com.kms.katalon.core.main.TestCaseMain.runTestCase(TestCaseMain.java:106)
	at com.kms.katalon.core.keyword.builtin.CallTestCaseKeyword$_callTestCase_closure1.doCall(CallTestCaseKeyword.groovy:59)
	at com.kms.katalon.core.keyword.builtin.CallTestCaseKeyword$_callTestCase_closure1.call(CallTestCaseKeyword.groovy)
	at com.kms.katalon.core.keyword.internal.KeywordMain.runKeyword(KeywordMain.groovy:54)
	at com.kms.katalon.core.keyword.builtin.CallTestCaseKeyword.callTestCase(CallTestCaseKeyword.groovy:80)
	at com.kms.katalon.core.keyword.builtin.CallTestCaseKeyword.execute(CallTestCaseKeyword.groovy:44)
	at com.kms.katalon.core.keyword.internal.KeywordExecutor.executeKeywordForPlatform(KeywordExecutor.groovy:53)
	at com.kms.katalon.core.keyword.BuiltinKeywords.callTestCase(BuiltinKeywords.groovy:334)
	at OTC_Submit Form 7_End to End - Cheque.run(OTC_Submit Form 7_End to End - Cheque:16)
	at com.kms.katalon.core.main.ScriptEngine.run(ScriptEngine.java:194)
	at com.kms.katalon.core.main.ScriptEngine.runScriptAsRawText(ScriptEngine.java:119)
	at com.kms.katalon.core.main.TestCaseExecutor.runScript(TestCaseExecutor.java:328)
	at com.kms.katalon.core.main.TestCaseExecutor.doExecute(TestCaseExecutor.java:319)
	at com.kms.katalon.core.main.TestCaseExecutor.processExecutionPhase(TestCaseExecutor.java:298)
	at com.kms.katalon.core.main.TestCaseExecutor.accessMainPhase(TestCaseExecutor.java:290)
	at com.kms.katalon.core.main.TestCaseExecutor.execute(TestCaseExecutor.java:224)
	at com.kms.katalon.core.main.TestCaseMain.runTestCase(TestCaseMain.java:106)
	at com.kms.katalon.core.keyword.builtin.CallTestCaseKeyword$_callTestCase_closure1.doCall(CallTestCaseKeyword.groovy:59)
	at com.kms.katalon.core.keyword.builtin.CallTestCaseKeyword$_callTestCase_closure1.call(CallTestCaseKeyword.groovy)
	at com.kms.katalon.core.keyword.internal.KeywordMain.runKeyword(KeywordMain.groovy:54)
	at com.kms.katalon.core.keyword.builtin.CallTestCaseKeyword.callTestCase(CallTestCaseKeyword.groovy:80)
	at com.kms.katalon.core.keyword.builtin.CallTestCaseKeyword.execute(CallTestCaseKeyword.groovy:44)
	at com.kms.katalon.core.keyword.internal.KeywordExecutor.executeKeywordForPlatform(KeywordExecutor.groovy:53)
	at com.kms.katalon.core.keyword.BuiltinKeywords.callTestCase(BuiltinKeywords.groovy:334)
	at Approve Claim - Full - DA EFT.run(Approve Claim - Full - DA EFT:16)
	at com.kms.katalon.core.main.ScriptEngine.run(ScriptEngine.java:194)
	at com.kms.katalon.core.main.ScriptEngine.runScriptAsRawText(ScriptEngine.java:119)
	at com.kms.katalon.core.main.TestCaseExecutor.runScript(TestCaseExecutor.java:328)
	at com.kms.katalon.core.main.TestCaseExecutor.doExecute(TestCaseExecutor.java:319)
	at com.kms.katalon.core.main.TestCaseExecutor.processExecutionPhase(TestCaseExecutor.java:298)
	at com.kms.katalon.core.main.TestCaseExecutor.accessMainPhase(TestCaseExecutor.java:290)
	at com.kms.katalon.core.main.TestCaseExecutor.execute(TestCaseExecutor.java:224)
	at com.kms.katalon.core.main.TestSuiteExecutor.accessTestCaseMainPhase(TestSuiteExecutor.java:129)
	at com.kms.katalon.core.main.TestSuiteExecutor.accessTestSuiteMainPhase(TestSuiteExecutor.java:112)
	at com.kms.katalon.core.main.TestSuiteExecutor.execute(TestSuiteExecutor.java:81)
	at com.kms.katalon.core.main.TestCaseMain.startTestSuite(TestCaseMain.java:149)
	at com.kms.katalon.core.main.TestCaseMain$startTestSuite$0.call(Unknown Source)
	at TempTestSuite1550738418733.run(TempTestSuite1550738418733.groovy:36)


2019-02-21 18:29:34 - [TEST_STEP][PASSED] - openBrowser(""): Browser is opened with url: ''

2019-02-21 18:29:34 - [MESSAGE][WARNING] - A browser is already opened. Closing browser and opening a new one

2019-02-21 18:29:34 - [MESSAGE][INFO] - Starting 'Chrome' driver

2019-02-21 18:29:34 - [MESSAGE][INFO] - User set preference: ['args', '[--start-maximized]']

2019-02-21 18:29:37 - [MESSAGE][PASSED] - Browser is opened with url: ''

2019-02-21 18:29:37 - [TEST_STEP][PASSED] - navigateToUrl(Internal_Login): Navigate to 'http://10.20.24.188/eisportal/user/login' successfully

2019-02-21 18:29:37 - [MESSAGE][PASSED] - Navigate to 'http://10.20.24.188/eisportal/user/login' successfully

2019-02-21 18:29:37 - [TEST_STEP][PASSED] - delay(3): Delayed 3 second(s)

2019-02-21 18:29:40 - [MESSAGE][PASSED] - Delayed 3 second(s)

2019-02-21 18:29:40 - [TEST_STEP][PASSED] - setText(findTestObject("KeatMun/Form 7_default/OTC_Application_Reg/Page_PERKESO/1.username"), "faizal.hamid@perkeso.gov.my"): Text 'faizal.hamid@perkeso.gov.my' is set on object 'Object Repository/KeatMun/Form 7_default/OTC_Application_Reg/Page_PERKESO/1.username'

2019-02-21 18:29:41 - [MESSAGE][PASSED] - Text 'faizal.hamid@perkeso.gov.my' is set on object 'Object Repository/KeatMun/Form 7_default/OTC_Application_Reg/Page_PERKESO/1.username'

2019-02-21 18:29:41 - [TEST_STEP][PASSED] - delay(1): Delayed 1 second(s)

2019-02-21 18:29:42 - [MESSAGE][PASSED] - Delayed 1 second(s)

2019-02-21 18:29:42 - [TEST_STEP][PASSED] - setEncryptedText(findTestObject("KeatMun/Form 7_default/OTC_Application_Reg/Page_PERKESO/2.password"), "CQqwFZlbeC8="): Text ****** has been set on object 'Object Repository/KeatMun/Form 7_default/OTC_Application_Reg/Page_PERKESO/2.password'

2019-02-21 18:29:42 - [MESSAGE][PASSED] - Text ****** has been set on object 'Object Repository/KeatMun/Form 7_default/OTC_Application_Reg/Page_PERKESO/2.password'

2019-02-21 18:29:42 - [TEST_STEP][PASSED] - delay(2): Delayed 2 second(s)

2019-02-21 18:29:44 - [MESSAGE][PASSED] - Delayed 2 second(s)

2019-02-21 18:29:44 - [TEST_STEP][PASSED] - click(findTestObject("KeatMun/Form 7_default/OTC_Application_Reg/Page_PERKESO/3.login button")): Object: 'Object Repository/KeatMun/Form 7_default/OTC_Application_Reg/Page_PERKESO/3.login button' is clicked on

2019-02-21 18:29:45 - [MESSAGE][PASSED] - Object: 'Object Repository/KeatMun/Form 7_default/OTC_Application_Reg/Page_PERKESO/3.login button' is clicked on

2019-02-21 18:29:45 - [TEST_STEP][PASSED] - delay(2): Delayed 2 second(s)

2019-02-21 18:29:47 - [MESSAGE][PASSED] - Delayed 2 second(s)

2019-02-21 18:29:47 - [TEST_STEP][PASSED] - click(findTestObject("KeatMun/Form 7_default/OTC_Application_Reg/Page_PERKESO/4. Permohonan tab")): Object: 'Object Repository/KeatMun/Form 7_default/OTC_Application_Reg/Page_PERKESO/4. Permohonan tab' is clicked on

2019-02-21 18:29:48 - [MESSAGE][PASSED] - Object: 'Object Repository/KeatMun/Form 7_default/OTC_Application_Reg/Page_PERKESO/4. Permohonan tab' is clicked on

2019-02-21 18:29:48 - [TEST_STEP][PASSED] - delay(2): Delayed 2 second(s)

2019-02-21 18:29:50 - [MESSAGE][PASSED] - Delayed 2 second(s)

2019-02-21 18:29:50 - [TEST_STEP][PASSED] - click(findTestObject("KeatMun/Form 7_default/OTC_Application_Reg/Page_PERKESO/5.button_Setuju")): Object: 'Object Repository/KeatMun/Form 7_default/OTC_Application_Reg/Page_PERKESO/5.button_Setuju' is clicked on

2019-02-21 18:29:50 - [MESSAGE][PASSED] - Object: 'Object Repository/KeatMun/Form 7_default/OTC_Application_Reg/Page_PERKESO/5.button_Setuju' is clicked on

2019-02-21 18:29:50 - [TEST_STEP][PASSED] - delay(2): Delayed 2 second(s)

2019-02-21 18:29:52 - [MESSAGE][PASSED] - Delayed 2 second(s)

2019-02-21 18:29:52 - [TEST_STEP][PASSED] - callTestCase(findTestCase("All TC/Arranged/1. Common/IC List Checker"), [:], STOP_ON_FAILURE): Call Test Case 'Test Cases/All TC/Arranged/1. Common/IC List Checker' successfully

2019-02-21 18:29:52 - [TEST_CASE][PASSED] - Test Cases/All TC/Arranged/1. Common/IC List Checker: Test Cases/All TC/Arranged/1. Common/IC List Checker

2019-02-21 18:29:52 - [TEST_STEP][PASSED] - counter = 0: null

2019-02-21 18:29:52 - [TEST_STEP][PASSED] - fis = new java.io.FileInputStream((internal.GlobalVariable.TextFilePathCommon + \IC.xlsx)): null

2019-02-21 18:29:52 - [TEST_STEP][PASSED] - workbook = new org.apache.poi.xssf.usermodel.XSSFWorkbook(fis): null

2019-02-21 18:29:53 - [TEST_STEP][PASSED] - sheet = workbook.getSheet("Sheet1"): null

2019-02-21 18:29:53 - [TEST_STEP][PASSED] - totalRow = sheet.getLastRowNum(): null

2019-02-21 18:29:53 - [TEST_STEP][PASSED] - out.println(totalRow): null

2019-02-21 18:29:53 - [TEST_STEP][PASSED] - row = sheet.getRow(counter): null

2019-02-21 18:29:53 - [TEST_STEP][PASSED] - cell = row.getCell(counter): null

2019-02-21 18:29:53 - [TEST_STEP][PASSED] - a = cell.getStringCellValue(): null

2019-02-21 18:29:53 - [TEST_STEP][PASSED] - IC = a: null

2019-02-21 18:29:53 - [TEST_STEP][PASSED] - out.println(IC): null

2019-02-21 18:29:53 - [TEST_STEP][PASSED] - callTestCase(findTestCase("All TC/Arranged/1. Common/1.2 Setter/Setter IC"), [:], STOP_ON_FAILURE): Call Test Case 'Test Cases/All TC/Arranged/1. Common/1.2 Setter/Setter IC' successfully

2019-02-21 18:29:53 - [TEST_CASE][PASSED] - Test Cases/All TC/Arranged/1. Common/1.2 Setter/Setter IC: Test Cases/All TC/Arranged/1. Common/1.2 Setter/Setter IC

2019-02-21 18:29:53 - [TEST_STEP][PASSED] - RefNoOldFile = new java.io.File((internal.GlobalVariable.TextFilePathCommon + \getIC.txt)): null

2019-02-21 18:29:53 - [TEST_STEP][PASSED] - RefNoOldFile.delete(): null

2019-02-21 18:29:53 - [TEST_STEP][PASSED] - delay(5): Delayed 5 second(s)

2019-02-21 18:29:58 - [MESSAGE][PASSED] - Delayed 5 second(s)

2019-02-21 18:29:58 - [TEST_STEP][PASSED] - RefNo = new java.io.File((internal.GlobalVariable.TextFilePathCommon + \getIC.txt)): null

2019-02-21 18:29:58 - [TEST_STEP][PASSED] - f2 = new java.io.FileWriter(RefNo, false): null

2019-02-21 18:29:58 - [TEST_STEP][PASSED] - f2.write(IC): null

2019-02-21 18:29:58 - [TEST_STEP][PASSED] - f2.close(): null

2019-02-21 18:29:58 - [TEST_STEP][PASSED] - out.println("


" + IC + "


"): null

2019-02-21 18:29:58 - [MESSAGE][PASSED] - Call Test Case 'Test Cases/All TC/Arranged/1. Common/1.2 Setter/Setter IC' successfully

2019-02-21 18:29:58 - [MESSAGE][PASSED] - Call Test Case 'Test Cases/All TC/Arranged/1. Common/IC List Checker' successfully

2019-02-21 18:29:58 - [TEST_STEP][PASSED] - setText(findTestObject("KeatMun/Form 7_default/OTC_Application_Reg/Page_PERKESO/6.No. Kad Pengenalan"), IC): Text '541115045367' is set on object 'Object Repository/KeatMun/Form 7_default/OTC_Application_Reg/Page_PERKESO/6.No. Kad Pengenalan'

2019-02-21 18:29:58 - [MESSAGE][PASSED] - Text '541115045367' is set on object 'Object Repository/KeatMun/Form 7_default/OTC_Application_Reg/Page_PERKESO/6.No. Kad Pengenalan'

2019-02-21 18:29:58 - [TEST_STEP][PASSED] - delay(2): Delayed 2 second(s)

2019-02-21 18:30:00 - [MESSAGE][PASSED] - Delayed 2 second(s)

2019-02-21 18:30:00 - [TEST_STEP][PASSED] - click(findTestObject("KeatMun/Form 7_default/OTC_Application_Reg/Page_PERKESO/7.button_Semak")): Object: 'Object Repository/KeatMun/Form 7_default/OTC_Application_Reg/Page_PERKESO/7.button_Semak' is clicked on

2019-02-21 18:30:00 - [MESSAGE][PASSED] - Object: 'Object Repository/KeatMun/Form 7_default/OTC_Application_Reg/Page_PERKESO/7.button_Semak' is clicked on

2019-02-21 18:30:00 - [TEST_STEP][PASSED] - delay(4): Delayed 4 second(s)

2019-02-21 18:30:04 - [MESSAGE][PASSED] - Delayed 4 second(s)

2019-02-21 18:30:04 - [TEST_STEP][PASSED] - click(findTestObject("KeatMun/Form 7_default/OTC_Application_Reg/Page_PERKESO/8. Nama Majikan Dropdown")): Object: 'Object Repository/KeatMun/Form 7_default/OTC_Application_Reg/Page_PERKESO/8. Nama Majikan Dropdown' is clicked on

2019-02-21 18:30:04 - [MESSAGE][PASSED] - Object: 'Object Repository/KeatMun/Form 7_default/OTC_Application_Reg/Page_PERKESO/8. Nama Majikan Dropdown' is clicked on

2019-02-21 18:30:04 - [TEST_STEP][PASSED] - setText(findTestObject("KeatMun/Form 7_default/OTC_Application_Reg/Page_PERKESO/8. LOE emp"), "pet"): Text 'pet' is set on object 'Object Repository/KeatMun/Form 7_default/OTC_Application_Reg/Page_PERKESO/8. LOE emp'

2019-02-21 18:30:05 - [MESSAGE][PASSED] - Text 'pet' is set on object 'Object Repository/KeatMun/Form 7_default/OTC_Application_Reg/Page_PERKESO/8. LOE emp'

2019-02-21 18:30:05 - [TEST_STEP][PASSED] - click(findTestObject("KeatMun/Form 7_default/OTC_Application_Reg/Page_PERKESO/8. PETRONAS")): Object: 'Object Repository/KeatMun/Form 7_default/OTC_Application_Reg/Page_PERKESO/8. PETRONAS' is clicked on

2019-02-21 18:30:05 - [MESSAGE][PASSED] - Object: 'Object Repository/KeatMun/Form 7_default/OTC_Application_Reg/Page_PERKESO/8. PETRONAS' is clicked on

2019-02-21 18:30:05 - [TEST_STEP][PASSED] - delay(2): Delayed 2 second(s)

2019-02-21 18:30:07 - [MESSAGE][PASSED] - Delayed 2 second(s)

2019-02-21 18:30:07 - [TEST_STEP][PASSED] - TodayDate = new java.util.Date(): null

2019-02-21 18:30:07 - [TEST_STEP][PASSED] - CurrentDateNoFilter = new java.text.SimpleDateFormat(): null

2019-02-21 18:30:07 - [TEST_STEP][PASSED] - CurrentDateNoFilter.applyPattern("dd/MM/yyyy"): null

2019-02-21 18:30:07 - [TEST_STEP][PASSED] - CurrentDate = CurrentDateNoFilter.format(TodayDate): null

2019-02-21 18:30:07 - [TEST_STEP][PASSED] - out.println(CurrentDate): null

2019-02-21 18:30:07 - [TEST_STEP][PASSED] - date = CurrentDate: null

2019-02-21 18:30:07 - [TEST_STEP][PASSED] - setText(findTestObject("KeatMun/Form 7_default/OTC_Application_Reg/Page_PERKESO/9.Tarikh kehilangan pkj"), date): Text '21/02/2019' is set on object 'Object Repository/KeatMun/Form 7_default/OTC_Application_Reg/Page_PERKESO/9.Tarikh kehilangan pkj'

2019-02-21 18:30:07 - [MESSAGE][PASSED] - Text '21/02/2019' is set on object 'Object Repository/KeatMun/Form 7_default/OTC_Application_Reg/Page_PERKESO/9.Tarikh kehilangan pkj'

2019-02-21 18:30:07 - [TEST_STEP][PASSED] - delay(2): Delayed 2 second(s)

2019-02-21 18:30:09 - [MESSAGE][PASSED] - Delayed 2 second(s)

2019-02-21 18:30:09 - [TEST_STEP][PASSED] - click(findTestObject("KeatMun/Form 7_default/OTC_Application_Reg/Page_PERKESO/9. Date Picker Done Button ")): Object: 'Object Repository/KeatMun/Form 7_default/OTC_Application_Reg/Page_PERKESO/9. Date Picker Done Button ' is clicked on

2019-02-21 18:30:09 - [MESSAGE][PASSED] - Object: 'Object Repository/KeatMun/Form 7_default/OTC_Application_Reg/Page_PERKESO/9. Date Picker Done Button ' is clicked on

2019-02-21 18:30:09 - [TEST_STEP][PASSED] - delay(2): Delayed 2 second(s)

2019-02-21 18:30:11 - [MESSAGE][PASSED] - Delayed 2 second(s)

2019-02-21 18:30:11 - [TEST_STEP][PASSED] - click(findTestObject("KeatMun/Form 7_default/OTC_Application_Reg/Page_PERKESO/10.button_Mohon")): Object: 'Object Repository/KeatMun/Form 7_default/OTC_Application_Reg/Page_PERKESO/10.button_Mohon' is clicked on

2019-02-21 18:30:11 - [MESSAGE][PASSED] - Object: 'Object Repository/KeatMun/Form 7_default/OTC_Application_Reg/Page_PERKESO/10.button_Mohon' is clicked on

2019-02-21 18:30:11 - [TEST_STEP][PASSED] - delay(2): Delayed 2 second(s)

2019-02-21 18:30:13 - [MESSAGE][PASSED] - Delayed 2 second(s)

2019-02-21 18:30:13 - [TEST_STEP][FAILED] - setText(findTestObject("KeatMun/Form 7_default/OTC_Application_Reg/Page_PERKESO/11.Tarikh Terima_stampedDtS"), "10/01/2019"): setText(findTestObject("KeatMun/Form 7_default/OTC_Application_Reg/Page_PERKESO/11.Tarikh Terima_stampedDtS"), "10/01/2019") FAILED.
Reason:
com.kms.katalon.core.exception.StepFailedException: Unable to set text '10/01/2019' of object 'Object Repository/KeatMun/Form 7_default/OTC_Application_Reg/Page_PERKESO/11.Tarikh Terima_stampedDtS' (Root cause: org.openqa.selenium.UnhandledAlertException: unexpected alert open: {Alert text : HARAP MAKLUM

PERMOHONAN FAEDAH SISTEM INSURANS PEKERJAAN HANYA BOLEH DIBUAT BERMULA DARI TARIKH KEHILANGAN PEKERJAAN

Nota: Permohonan hendaklah dibuat dalam tempoh 60 hari dari tarikh kehilangan pekerjaan}
  (Session info: chrome=72.0.3626.109)
  (Driver info: chromedriver=2.43.600210 (68dcf5eebde37173d4027fa8635e332711d2874a),platform=Windows NT 6.1.7601 SP1 x86_64) (WARNING: The server did not provide any stacktrace information)
Command duration or timeout: 0 milliseconds: null
Build info: version: '3.7.1', revision: '8a0099a', time: '2017-11-06T21:07:36.161Z'
System info: host: 'WIN7TEST02', ip: '10.20.3.72', os.name: 'Windows 7', os.arch: 'amd64', os.version: '6.1', java.version: '1.8.0_181'
Driver info: com.kms.katalon.selenium.driver.CChromeDriver
Capabilities {acceptInsecureCerts: false, acceptSslCerts: false, applicationCacheEnabled: false, browserConnectionEnabled: false, browserName: chrome, chrome: {chromedriverVersion: 2.43.600210 (68dcf5eebde371..., userDataDir: C:\Users\Admin\AppData\Loca...}, cssSelectorsEnabled: true, databaseEnabled: false, goog:chromeOptions: {debuggerAddress: localhost:62750}, handlesAlerts: true, hasTouchScreen: false, javascriptEnabled: true, locationContextEnabled: true, mobileEmulationEnabled: false, nativeEvents: true, networkConnectionEnabled: false, pageLoadStrategy: normal, platform: XP, platformName: XP, rotatable: false, setWindowRect: true, takesHeapSnapshot: true, takesScreenshot: true, unexpectedAlertBehaviour: , unhandledPromptBehavior: , version: 72.0.3626.109, webStorageEnabled: true}
Session ID: 4804371a6b5ef499afe97f080f51ca57
*** Element info: {Using=xpath, value=//input[@id = 'stampedDtStr' and @name = 'stampedDtStr' and @type = 'text']})
	at com.kms.katalon.core.keyword.internal.KeywordMain.stepFailed(KeywordMain.groovy:36)
	at com.kms.katalon.core.webui.keyword.internal.WebUIKeywordMain.stepFailed(WebUIKeywordMain.groovy:65)
	at com.kms.katalon.core.webui.keyword.internal.WebUIKeywordMain.runKeyword(WebUIKeywordMain.groovy:27)
	at com.kms.katalon.core.webui.keyword.builtin.SetTextKeyword.setText(SetTextKeyword.groovy:65)
	at com.kms.katalon.core.webui.keyword.builtin.SetTextKeyword.execute(SetTextKeyword.groovy:37)
	at com.kms.katalon.core.keyword.internal.KeywordExecutor.executeKeywordForPlatform(KeywordExecutor.groovy:53)
	at com.kms.katalon.core.webui.keyword.WebUiBuiltInKeywords.setText(WebUiBuiltInKeywords.groovy:950)
	at com.kms.katalon.core.webui.keyword.WebUiBuiltInKeywords$setText$1.call(Unknown Source)
	at OTC_Application_Reg.run(OTC_Application_Reg:91)
	at com.kms.katalon.core.main.ScriptEngine.run(ScriptEngine.java:194)
	at com.kms.katalon.core.main.ScriptEngine.runScriptAsRawText(ScriptEngine.java:119)
	at com.kms.katalon.core.main.TestCaseExecutor.runScript(TestCaseExecutor.java:328)
	at com.kms.katalon.core.main.TestCaseExecutor.doExecute(TestCaseExecutor.java:319)
	at com.kms.katalon.core.main.TestCaseExecutor.processExecutionPhase(TestCaseExecutor.java:298)
	at com.kms.katalon.core.main.TestCaseExecutor.accessMainPhase(TestCaseExecutor.java:290)
	at com.kms.katalon.core.main.TestCaseExecutor.execute(TestCaseExecutor.java:224)
	at com.kms.katalon.core.main.TestCaseMain.runTestCase(TestCaseMain.java:106)
	at com.kms.katalon.core.keyword.builtin.CallTestCaseKeyword$_callTestCase_closure1.doCall(CallTestCaseKeyword.groovy:59)
	at com.kms.katalon.core.keyword.builtin.CallTestCaseKeyword$_callTestCase_closure1.call(CallTestCaseKeyword.groovy)
	at com.kms.katalon.core.keyword.internal.KeywordMain.runKeyword(KeywordMain.groovy:54)
	at com.kms.katalon.core.keyword.builtin.CallTestCaseKeyword.callTestCase(CallTestCaseKeyword.groovy:80)
	at com.kms.katalon.core.keyword.builtin.CallTestCaseKeyword.execute(CallTestCaseKeyword.groovy:44)
	at com.kms.katalon.core.keyword.internal.KeywordExecutor.executeKeywordForPlatform(KeywordExecutor.groovy:53)
	at com.kms.katalon.core.keyword.BuiltinKeywords.callTestCase(BuiltinKeywords.groovy:334)
	at OTC_Submit Form 7_End to End - Cheque.run(OTC_Submit Form 7_End to End - Cheque:16)
	at com.kms.katalon.core.main.ScriptEngine.run(ScriptEngine.java:194)
	at com.kms.katalon.core.main.ScriptEngine.runScriptAsRawText(ScriptEngine.java:119)
	at com.kms.katalon.core.main.TestCaseExecutor.runScript(TestCaseExecutor.java:328)
	at com.kms.katalon.core.main.TestCaseExecutor.doExecute(TestCaseExecutor.java:319)
	at com.kms.katalon.core.main.TestCaseExecutor.processExecutionPhase(TestCaseExecutor.java:298)
	at com.kms.katalon.core.main.TestCaseExecutor.accessMainPhase(TestCaseExecutor.java:290)
	at com.kms.katalon.core.main.TestCaseExecutor.execute(TestCaseExecutor.java:224)
	at com.kms.katalon.core.main.TestCaseMain.runTestCase(TestCaseMain.java:106)
	at com.kms.katalon.core.keyword.builtin.CallTestCaseKeyword$_callTestCase_closure1.doCall(CallTestCaseKeyword.groovy:59)
	at com.kms.katalon.core.keyword.builtin.CallTestCaseKeyword$_callTestCase_closure1.call(CallTestCaseKeyword.groovy)
	at com.kms.katalon.core.keyword.internal.KeywordMain.runKeyword(KeywordMain.groovy:54)
	at com.kms.katalon.core.keyword.builtin.CallTestCaseKeyword.callTestCase(CallTestCaseKeyword.groovy:80)
	at com.kms.katalon.core.keyword.builtin.CallTestCaseKeyword.execute(CallTestCaseKeyword.groovy:44)
	at com.kms.katalon.core.keyword.internal.KeywordExecutor.executeKeywordForPlatform(KeywordExecutor.groovy:53)
	at com.kms.katalon.core.keyword.BuiltinKeywords.callTestCase(BuiltinKeywords.groovy:334)
	at Approve Claim - Full - DA EFT.run(Approve Claim - Full - DA EFT:16)
	at com.kms.katalon.core.main.ScriptEngine.run(ScriptEngine.java:194)
	at com.kms.katalon.core.main.ScriptEngine.runScriptAsRawText(ScriptEngine.java:119)
	at com.kms.katalon.core.main.TestCaseExecutor.runScript(TestCaseExecutor.java:328)
	at com.kms.katalon.core.main.TestCaseExecutor.doExecute(TestCaseExecutor.java:319)
	at com.kms.katalon.core.main.TestCaseExecutor.processExecutionPhase(TestCaseExecutor.java:298)
	at com.kms.katalon.core.main.TestCaseExecutor.accessMainPhase(TestCaseExecutor.java:290)
	at com.kms.katalon.core.main.TestCaseExecutor.execute(TestCaseExecutor.java:224)
	at com.kms.katalon.core.main.TestSuiteExecutor.accessTestCaseMainPhase(TestSuiteExecutor.java:129)
	at com.kms.katalon.core.main.TestSuiteExecutor.accessTestSuiteMainPhase(TestSuiteExecutor.java:112)
	at com.kms.katalon.core.main.TestSuiteExecutor.execute(TestSuiteExecutor.java:81)
	at com.kms.katalon.core.main.TestCaseMain.startTestSuite(TestCaseMain.java:149)
	at com.kms.katalon.core.main.TestCaseMain$startTestSuite$0.call(Unknown Source)
	at TempTestSuite1550738418733.run(TempTestSuite1550738418733.groovy:36)


2019-02-21 18:30:13 - [MESSAGE][WARNING] - Cannot take screenshot

2019-02-21 18:30:13 - [MESSAGE][FAILED] - Unable to set text '10/01/2019' of object 'Object Repository/KeatMun/Form 7_default/OTC_Application_Reg/Page_PERKESO/11.Tarikh Terima_stampedDtS' (Root cause: org.openqa.selenium.UnhandledAlertException: unexpected alert open: {Alert text : HARAP MAKLUM

PERMOHONAN FAEDAH SISTEM INSURANS PEKERJAAN HANYA BOLEH DIBUAT BERMULA DARI TARIKH KEHILANGAN PEKERJAAN

Nota: Permohonan hendaklah dibuat dalam tempoh 60 hari dari tarikh kehilangan pekerjaan}
  (Session info: chrome=72.0.3626.109)
  (Driver info: chromedriver=2.43.600210 (68dcf5eebde37173d4027fa8635e332711d2874a),platform=Windows NT 6.1.7601 SP1 x86_64) (WARNING: The server did not provide any stacktrace information)
Command duration or timeout: 0 milliseconds: null
Build info: version: '3.7.1', revision: '8a0099a', time: '2017-11-06T21:07:36.161Z'
System info: host: 'WIN7TEST02', ip: '10.20.3.72', os.name: 'Windows 7', os.arch: 'amd64', os.version: '6.1', java.version: '1.8.0_181'
Driver info: com.kms.katalon.selenium.driver.CChromeDriver
Capabilities {acceptInsecureCerts: false, acceptSslCerts: false, applicationCacheEnabled: false, browserConnectionEnabled: false, browserName: chrome, chrome: {chromedriverVersion: 2.43.600210 (68dcf5eebde371..., userDataDir: C:\Users\Admin\AppData\Loca...}, cssSelectorsEnabled: true, databaseEnabled: false, goog:chromeOptions: {debuggerAddress: localhost:62750}, handlesAlerts: true, hasTouchScreen: false, javascriptEnabled: true, locationContextEnabled: true, mobileEmulationEnabled: false, nativeEvents: true, networkConnectionEnabled: false, pageLoadStrategy: normal, platform: XP, platformName: XP, rotatable: false, setWindowRect: true, takesHeapSnapshot: true, takesScreenshot: true, unexpectedAlertBehaviour: , unhandledPromptBehavior: , version: 72.0.3626.109, webStorageEnabled: true}
Session ID: 4804371a6b5ef499afe97f080f51ca57
*** Element info: {Using=xpath, value=//input[@id = 'stampedDtStr' and @name = 'stampedDtStr' and @type = 'text']})

2019-02-21 18:30:13 - [MESSAGE][FAILED] - setText(findTestObject("KeatMun/Form 7_default/OTC_Application_Reg/Page_PERKESO/11.Tarikh Terima_stampedDtS"), "10/01/2019") FAILED.
Reason:
com.kms.katalon.core.exception.StepFailedException: Unable to set text '10/01/2019' of object 'Object Repository/KeatMun/Form 7_default/OTC_Application_Reg/Page_PERKESO/11.Tarikh Terima_stampedDtS' (Root cause: org.openqa.selenium.UnhandledAlertException: unexpected alert open: {Alert text : HARAP MAKLUM

PERMOHONAN FAEDAH SISTEM INSURANS PEKERJAAN HANYA BOLEH DIBUAT BERMULA DARI TARIKH KEHILANGAN PEKERJAAN

Nota: Permohonan hendaklah dibuat dalam tempoh 60 hari dari tarikh kehilangan pekerjaan}
  (Session info: chrome=72.0.3626.109)
  (Driver info: chromedriver=2.43.600210 (68dcf5eebde37173d4027fa8635e332711d2874a),platform=Windows NT 6.1.7601 SP1 x86_64) (WARNING: The server did not provide any stacktrace information)
Command duration or timeout: 0 milliseconds: null
Build info: version: '3.7.1', revision: '8a0099a', time: '2017-11-06T21:07:36.161Z'
System info: host: 'WIN7TEST02', ip: '10.20.3.72', os.name: 'Windows 7', os.arch: 'amd64', os.version: '6.1', java.version: '1.8.0_181'
Driver info: com.kms.katalon.selenium.driver.CChromeDriver
Capabilities {acceptInsecureCerts: false, acceptSslCerts: false, applicationCacheEnabled: false, browserConnectionEnabled: false, browserName: chrome, chrome: {chromedriverVersion: 2.43.600210 (68dcf5eebde371..., userDataDir: C:\Users\Admin\AppData\Loca...}, cssSelectorsEnabled: true, databaseEnabled: false, goog:chromeOptions: {debuggerAddress: localhost:62750}, handlesAlerts: true, hasTouchScreen: false, javascriptEnabled: true, locationContextEnabled: true, mobileEmulationEnabled: false, nativeEvents: true, networkConnectionEnabled: false, pageLoadStrategy: normal, platform: XP, platformName: XP, rotatable: false, setWindowRect: true, takesHeapSnapshot: true, takesScreenshot: true, unexpectedAlertBehaviour: , unhandledPromptBehavior: , version: 72.0.3626.109, webStorageEnabled: true}
Session ID: 4804371a6b5ef499afe97f080f51ca57
*** Element info: {Using=xpath, value=//input[@id = 'stampedDtStr' and @name = 'stampedDtStr' and @type = 'text']})
	at com.kms.katalon.core.keyword.internal.KeywordMain.stepFailed(KeywordMain.groovy:36)
	at com.kms.katalon.core.webui.keyword.internal.WebUIKeywordMain.stepFailed(WebUIKeywordMain.groovy:65)
	at com.kms.katalon.core.webui.keyword.internal.WebUIKeywordMain.runKeyword(WebUIKeywordMain.groovy:27)
	at com.kms.katalon.core.webui.keyword.builtin.SetTextKeyword.setText(SetTextKeyword.groovy:65)
	at com.kms.katalon.core.webui.keyword.builtin.SetTextKeyword.execute(SetTextKeyword.groovy:37)
	at com.kms.katalon.core.keyword.internal.KeywordExecutor.executeKeywordForPlatform(KeywordExecutor.groovy:53)
	at com.kms.katalon.core.webui.keyword.WebUiBuiltInKeywords.setText(WebUiBuiltInKeywords.groovy:950)
	at com.kms.katalon.core.webui.keyword.WebUiBuiltInKeywords$setText$1.call(Unknown Source)
	at OTC_Application_Reg.run(OTC_Application_Reg:91)
	at com.kms.katalon.core.main.ScriptEngine.run(ScriptEngine.java:194)
	at com.kms.katalon.core.main.ScriptEngine.runScriptAsRawText(ScriptEngine.java:119)
	at com.kms.katalon.core.main.TestCaseExecutor.runScript(TestCaseExecutor.java:328)
	at com.kms.katalon.core.main.TestCaseExecutor.doExecute(TestCaseExecutor.java:319)
	at com.kms.katalon.core.main.TestCaseExecutor.processExecutionPhase(TestCaseExecutor.java:298)
	at com.kms.katalon.core.main.TestCaseExecutor.accessMainPhase(TestCaseExecutor.java:290)
	at com.kms.katalon.core.main.TestCaseExecutor.execute(TestCaseExecutor.java:224)
	at com.kms.katalon.core.main.TestCaseMain.runTestCase(TestCaseMain.java:106)
	at com.kms.katalon.core.keyword.builtin.CallTestCaseKeyword$_callTestCase_closure1.doCall(CallTestCaseKeyword.groovy:59)
	at com.kms.katalon.core.keyword.builtin.CallTestCaseKeyword$_callTestCase_closure1.call(CallTestCaseKeyword.groovy)
	at com.kms.katalon.core.keyword.internal.KeywordMain.runKeyword(KeywordMain.groovy:54)
	at com.kms.katalon.core.keyword.builtin.CallTestCaseKeyword.callTestCase(CallTestCaseKeyword.groovy:80)
	at com.kms.katalon.core.keyword.builtin.CallTestCaseKeyword.execute(CallTestCaseKeyword.groovy:44)
	at com.kms.katalon.core.keyword.internal.KeywordExecutor.executeKeywordForPlatform(KeywordExecutor.groovy:53)
	at com.kms.katalon.core.keyword.BuiltinKeywords.callTestCase(BuiltinKeywords.groovy:334)
	at OTC_Submit Form 7_End to End - Cheque.run(OTC_Submit Form 7_End to End - Cheque:16)
	at com.kms.katalon.core.main.ScriptEngine.run(ScriptEngine.java:194)
	at com.kms.katalon.core.main.ScriptEngine.runScriptAsRawText(ScriptEngine.java:119)
	at com.kms.katalon.core.main.TestCaseExecutor.runScript(TestCaseExecutor.java:328)
	at com.kms.katalon.core.main.TestCaseExecutor.doExecute(TestCaseExecutor.java:319)
	at com.kms.katalon.core.main.TestCaseExecutor.processExecutionPhase(TestCaseExecutor.java:298)
	at com.kms.katalon.core.main.TestCaseExecutor.accessMainPhase(TestCaseExecutor.java:290)
	at com.kms.katalon.core.main.TestCaseExecutor.execute(TestCaseExecutor.java:224)
	at com.kms.katalon.core.main.TestCaseMain.runTestCase(TestCaseMain.java:106)
	at com.kms.katalon.core.keyword.builtin.CallTestCaseKeyword$_callTestCase_closure1.doCall(CallTestCaseKeyword.groovy:59)
	at com.kms.katalon.core.keyword.builtin.CallTestCaseKeyword$_callTestCase_closure1.call(CallTestCaseKeyword.groovy)
	at com.kms.katalon.core.keyword.internal.KeywordMain.runKeyword(KeywordMain.groovy:54)
	at com.kms.katalon.core.keyword.builtin.CallTestCaseKeyword.callTestCase(CallTestCaseKeyword.groovy:80)
	at com.kms.katalon.core.keyword.builtin.CallTestCaseKeyword.execute(CallTestCaseKeyword.groovy:44)
	at com.kms.katalon.core.keyword.internal.KeywordExecutor.executeKeywordForPlatform(KeywordExecutor.groovy:53)
	at com.kms.katalon.core.keyword.BuiltinKeywords.callTestCase(BuiltinKeywords.groovy:334)
	at Approve Claim - Full - DA EFT.run(Approve Claim - Full - DA EFT:16)
	at com.kms.katalon.core.main.ScriptEngine.run(ScriptEngine.java:194)
	at com.kms.katalon.core.main.ScriptEngine.runScriptAsRawText(ScriptEngine.java:119)
	at com.kms.katalon.core.main.TestCaseExecutor.runScript(TestCaseExecutor.java:328)
	at com.kms.katalon.core.main.TestCaseExecutor.doExecute(TestCaseExecutor.java:319)
	at com.kms.katalon.core.main.TestCaseExecutor.processExecutionPhase(TestCaseExecutor.java:298)
	at com.kms.katalon.core.main.TestCaseExecutor.accessMainPhase(TestCaseExecutor.java:290)
	at com.kms.katalon.core.main.TestCaseExecutor.execute(TestCaseExecutor.java:224)
	at com.kms.katalon.core.main.TestSuiteExecutor.accessTestCaseMainPhase(TestSuiteExecutor.java:129)
	at com.kms.katalon.core.main.TestSuiteExecutor.accessTestSuiteMainPhase(TestSuiteExecutor.java:112)
	at com.kms.katalon.core.main.TestSuiteExecutor.execute(TestSuiteExecutor.java:81)
	at com.kms.katalon.core.main.TestCaseMain.startTestSuite(TestCaseMain.java:149)
	at com.kms.katalon.core.main.TestCaseMain$startTestSuite$0.call(Unknown Source)
	at TempTestSuite1550738418733.run(TempTestSuite1550738418733.groovy:36)


2019-02-21 18:30:14 - [MESSAGE][FAILED] - Unable to call Test Case 'Test Cases/All TC/Arranged/3. Unit/EI/Form 7_default/OTC_Application_Reg' (Root cause: com.kms.katalon.core.exception.StepFailedException: Call Test Case 'Test Cases/All TC/Arranged/3. Unit/EI/Form 7_default/OTC_Application_Reg' failed)

2019-02-21 18:30:14 - [MESSAGE][FAILED] - callTestCase(findTestCase("All TC/Arranged/3. Unit/EI/Form 7_default/OTC_Application_Reg"), [:], STOP_ON_FAILURE) FAILED.
Reason:
com.kms.katalon.core.exception.StepFailedException: Unable to set text '10/01/2019' of object 'Object Repository/KeatMun/Form 7_default/OTC_Application_Reg/Page_PERKESO/11.Tarikh Terima_stampedDtS' (Root cause: org.openqa.selenium.UnhandledAlertException: unexpected alert open: {Alert text : HARAP MAKLUM

PERMOHONAN FAEDAH SISTEM INSURANS PEKERJAAN HANYA BOLEH DIBUAT BERMULA DARI TARIKH KEHILANGAN PEKERJAAN

Nota: Permohonan hendaklah dibuat dalam tempoh 60 hari dari tarikh kehilangan pekerjaan}
  (Session info: chrome=72.0.3626.109)
  (Driver info: chromedriver=2.43.600210 (68dcf5eebde37173d4027fa8635e332711d2874a),platform=Windows NT 6.1.7601 SP1 x86_64) (WARNING: The server did not provide any stacktrace information)
Command duration or timeout: 0 milliseconds: null
Build info: version: '3.7.1', revision: '8a0099a', time: '2017-11-06T21:07:36.161Z'
System info: host: 'WIN7TEST02', ip: '10.20.3.72', os.name: 'Windows 7', os.arch: 'amd64', os.version: '6.1', java.version: '1.8.0_181'
Driver info: com.kms.katalon.selenium.driver.CChromeDriver
Capabilities {acceptInsecureCerts: false, acceptSslCerts: false, applicationCacheEnabled: false, browserConnectionEnabled: false, browserName: chrome, chrome: {chromedriverVersion: 2.43.600210 (68dcf5eebde371..., userDataDir: C:\Users\Admin\AppData\Loca...}, cssSelectorsEnabled: true, databaseEnabled: false, goog:chromeOptions: {debuggerAddress: localhost:62750}, handlesAlerts: true, hasTouchScreen: false, javascriptEnabled: true, locationContextEnabled: true, mobileEmulationEnabled: false, nativeEvents: true, networkConnectionEnabled: false, pageLoadStrategy: normal, platform: XP, platformName: XP, rotatable: false, setWindowRect: true, takesHeapSnapshot: true, takesScreenshot: true, unexpectedAlertBehaviour: , unhandledPromptBehavior: , version: 72.0.3626.109, webStorageEnabled: true}
Session ID: 4804371a6b5ef499afe97f080f51ca57
*** Element info: {Using=xpath, value=//input[@id = 'stampedDtStr' and @name = 'stampedDtStr' and @type = 'text']})
	at com.kms.katalon.core.keyword.internal.KeywordMain.stepFailed(KeywordMain.groovy:36)
	at com.kms.katalon.core.webui.keyword.internal.WebUIKeywordMain.stepFailed(WebUIKeywordMain.groovy:65)
	at com.kms.katalon.core.webui.keyword.internal.WebUIKeywordMain.runKeyword(WebUIKeywordMain.groovy:27)
	at com.kms.katalon.core.webui.keyword.builtin.SetTextKeyword.setText(SetTextKeyword.groovy:65)
	at com.kms.katalon.core.webui.keyword.builtin.SetTextKeyword.execute(SetTextKeyword.groovy:37)
	at com.kms.katalon.core.keyword.internal.KeywordExecutor.executeKeywordForPlatform(KeywordExecutor.groovy:53)
	at com.kms.katalon.core.webui.keyword.WebUiBuiltInKeywords.setText(WebUiBuiltInKeywords.groovy:950)
	at com.kms.katalon.core.webui.keyword.WebUiBuiltInKeywords$setText$1.call(Unknown Source)
	at OTC_Application_Reg.run(OTC_Application_Reg:91)
	at com.kms.katalon.core.main.ScriptEngine.run(ScriptEngine.java:194)
	at com.kms.katalon.core.main.ScriptEngine.runScriptAsRawText(ScriptEngine.java:119)
	at com.kms.katalon.core.main.TestCaseExecutor.runScript(TestCaseExecutor.java:328)
	at com.kms.katalon.core.main.TestCaseExecutor.doExecute(TestCaseExecutor.java:319)
	at com.kms.katalon.core.main.TestCaseExecutor.processExecutionPhase(TestCaseExecutor.java:298)
	at com.kms.katalon.core.main.TestCaseExecutor.accessMainPhase(TestCaseExecutor.java:290)
	at com.kms.katalon.core.main.TestCaseExecutor.execute(TestCaseExecutor.java:224)
	at com.kms.katalon.core.main.TestCaseMain.runTestCase(TestCaseMain.java:106)
	at com.kms.katalon.core.keyword.builtin.CallTestCaseKeyword$_callTestCase_closure1.doCall(CallTestCaseKeyword.groovy:59)
	at com.kms.katalon.core.keyword.builtin.CallTestCaseKeyword$_callTestCase_closure1.call(CallTestCaseKeyword.groovy)
	at com.kms.katalon.core.keyword.internal.KeywordMain.runKeyword(KeywordMain.groovy:54)
	at com.kms.katalon.core.keyword.builtin.CallTestCaseKeyword.callTestCase(CallTestCaseKeyword.groovy:80)
	at com.kms.katalon.core.keyword.builtin.CallTestCaseKeyword.execute(CallTestCaseKeyword.groovy:44)
	at com.kms.katalon.core.keyword.internal.KeywordExecutor.executeKeywordForPlatform(KeywordExecutor.groovy:53)
	at com.kms.katalon.core.keyword.BuiltinKeywords.callTestCase(BuiltinKeywords.groovy:334)
	at OTC_Submit Form 7_End to End - Cheque.run(OTC_Submit Form 7_End to End - Cheque:16)
	at com.kms.katalon.core.main.ScriptEngine.run(ScriptEngine.java:194)
	at com.kms.katalon.core.main.ScriptEngine.runScriptAsRawText(ScriptEngine.java:119)
	at com.kms.katalon.core.main.TestCaseExecutor.runScript(TestCaseExecutor.java:328)
	at com.kms.katalon.core.main.TestCaseExecutor.doExecute(TestCaseExecutor.java:319)
	at com.kms.katalon.core.main.TestCaseExecutor.processExecutionPhase(TestCaseExecutor.java:298)
	at com.kms.katalon.core.main.TestCaseExecutor.accessMainPhase(TestCaseExecutor.java:290)
	at com.kms.katalon.core.main.TestCaseExecutor.execute(TestCaseExecutor.java:224)
	at com.kms.katalon.core.main.TestCaseMain.runTestCase(TestCaseMain.java:106)
	at com.kms.katalon.core.keyword.builtin.CallTestCaseKeyword$_callTestCase_closure1.doCall(CallTestCaseKeyword.groovy:59)
	at com.kms.katalon.core.keyword.builtin.CallTestCaseKeyword$_callTestCase_closure1.call(CallTestCaseKeyword.groovy)
	at com.kms.katalon.core.keyword.internal.KeywordMain.runKeyword(KeywordMain.groovy:54)
	at com.kms.katalon.core.keyword.builtin.CallTestCaseKeyword.callTestCase(CallTestCaseKeyword.groovy:80)
	at com.kms.katalon.core.keyword.builtin.CallTestCaseKeyword.execute(CallTestCaseKeyword.groovy:44)
	at com.kms.katalon.core.keyword.internal.KeywordExecutor.executeKeywordForPlatform(KeywordExecutor.groovy:53)
	at com.kms.katalon.core.keyword.BuiltinKeywords.callTestCase(BuiltinKeywords.groovy:334)
	at Approve Claim - Full - DA EFT.run(Approve Claim - Full - DA EFT:16)
	at com.kms.katalon.core.main.ScriptEngine.run(ScriptEngine.java:194)
	at com.kms.katalon.core.main.ScriptEngine.runScriptAsRawText(ScriptEngine.java:119)
	at com.kms.katalon.core.main.TestCaseExecutor.runScript(TestCaseExecutor.java:328)
	at com.kms.katalon.core.main.TestCaseExecutor.doExecute(TestCaseExecutor.java:319)
	at com.kms.katalon.core.main.TestCaseExecutor.processExecutionPhase(TestCaseExecutor.java:298)
	at com.kms.katalon.core.main.TestCaseExecutor.accessMainPhase(TestCaseExecutor.java:290)
	at com.kms.katalon.core.main.TestCaseExecutor.execute(TestCaseExecutor.java:224)
	at com.kms.katalon.core.main.TestSuiteExecutor.accessTestCaseMainPhase(TestSuiteExecutor.java:129)
	at com.kms.katalon.core.main.TestSuiteExecutor.accessTestSuiteMainPhase(TestSuiteExecutor.java:112)
	at com.kms.katalon.core.main.TestSuiteExecutor.execute(TestSuiteExecutor.java:81)
	at com.kms.katalon.core.main.TestCaseMain.startTestSuite(TestCaseMain.java:149)
	at com.kms.katalon.core.main.TestCaseMain$startTestSuite$0.call(Unknown Source)
	at TempTestSuite1550738418733.run(TempTestSuite1550738418733.groovy:36)


2019-02-21 18:30:14 - [MESSAGE][FAILED] - Unable to call Test Case 'Test Cases/All TC/Arranged/2. Segment/OTC_Submit Form 7_End to End - Cheque' (Root cause: com.kms.katalon.core.exception.StepFailedException: Call Test Case 'Test Cases/All TC/Arranged/2. Segment/OTC_Submit Form 7_End to End - Cheque' failed)

2019-02-21 18:30:14 - [MESSAGE][FAILED] - callTestCase(findTestCase("All TC/Arranged/2. Segment/OTC_Submit Form 7_End to End - Cheque"), [:], STOP_ON_FAILURE) FAILED.
Reason:
com.kms.katalon.core.exception.StepFailedException: Unable to set text '10/01/2019' of object 'Object Repository/KeatMun/Form 7_default/OTC_Application_Reg/Page_PERKESO/11.Tarikh Terima_stampedDtS' (Root cause: org.openqa.selenium.UnhandledAlertException: unexpected alert open: {Alert text : HARAP MAKLUM

PERMOHONAN FAEDAH SISTEM INSURANS PEKERJAAN HANYA BOLEH DIBUAT BERMULA DARI TARIKH KEHILANGAN PEKERJAAN

Nota: Permohonan hendaklah dibuat dalam tempoh 60 hari dari tarikh kehilangan pekerjaan}
  (Session info: chrome=72.0.3626.109)
  (Driver info: chromedriver=2.43.600210 (68dcf5eebde37173d4027fa8635e332711d2874a),platform=Windows NT 6.1.7601 SP1 x86_64) (WARNING: The server did not provide any stacktrace information)
Command duration or timeout: 0 milliseconds: null
Build info: version: '3.7.1', revision: '8a0099a', time: '2017-11-06T21:07:36.161Z'
System info: host: 'WIN7TEST02', ip: '10.20.3.72', os.name: 'Windows 7', os.arch: 'amd64', os.version: '6.1', java.version: '1.8.0_181'
Driver info: com.kms.katalon.selenium.driver.CChromeDriver
Capabilities {acceptInsecureCerts: false, acceptSslCerts: false, applicationCacheEnabled: false, browserConnectionEnabled: false, browserName: chrome, chrome: {chromedriverVersion: 2.43.600210 (68dcf5eebde371..., userDataDir: C:\Users\Admin\AppData\Loca...}, cssSelectorsEnabled: true, databaseEnabled: false, goog:chromeOptions: {debuggerAddress: localhost:62750}, handlesAlerts: true, hasTouchScreen: false, javascriptEnabled: true, locationContextEnabled: true, mobileEmulationEnabled: false, nativeEvents: true, networkConnectionEnabled: false, pageLoadStrategy: normal, platform: XP, platformName: XP, rotatable: false, setWindowRect: true, takesHeapSnapshot: true, takesScreenshot: true, unexpectedAlertBehaviour: , unhandledPromptBehavior: , version: 72.0.3626.109, webStorageEnabled: true}
Session ID: 4804371a6b5ef499afe97f080f51ca57
*** Element info: {Using=xpath, value=//input[@id = 'stampedDtStr' and @name = 'stampedDtStr' and @type = 'text']})
	at com.kms.katalon.core.keyword.internal.KeywordMain.stepFailed(KeywordMain.groovy:36)
	at com.kms.katalon.core.webui.keyword.internal.WebUIKeywordMain.stepFailed(WebUIKeywordMain.groovy:65)
	at com.kms.katalon.core.webui.keyword.internal.WebUIKeywordMain.runKeyword(WebUIKeywordMain.groovy:27)
	at com.kms.katalon.core.webui.keyword.builtin.SetTextKeyword.setText(SetTextKeyword.groovy:65)
	at com.kms.katalon.core.webui.keyword.builtin.SetTextKeyword.execute(SetTextKeyword.groovy:37)
	at com.kms.katalon.core.keyword.internal.KeywordExecutor.executeKeywordForPlatform(KeywordExecutor.groovy:53)
	at com.kms.katalon.core.webui.keyword.WebUiBuiltInKeywords.setText(WebUiBuiltInKeywords.groovy:950)
	at com.kms.katalon.core.webui.keyword.WebUiBuiltInKeywords$setText$1.call(Unknown Source)
	at OTC_Application_Reg.run(OTC_Application_Reg:91)
	at com.kms.katalon.core.main.ScriptEngine.run(ScriptEngine.java:194)
	at com.kms.katalon.core.main.ScriptEngine.runScriptAsRawText(ScriptEngine.java:119)
	at com.kms.katalon.core.main.TestCaseExecutor.runScript(TestCaseExecutor.java:328)
	at com.kms.katalon.core.main.TestCaseExecutor.doExecute(TestCaseExecutor.java:319)
	at com.kms.katalon.core.main.TestCaseExecutor.processExecutionPhase(TestCaseExecutor.java:298)
	at com.kms.katalon.core.main.TestCaseExecutor.accessMainPhase(TestCaseExecutor.java:290)
	at com.kms.katalon.core.main.TestCaseExecutor.execute(TestCaseExecutor.java:224)
	at com.kms.katalon.core.main.TestCaseMain.runTestCase(TestCaseMain.java:106)
	at com.kms.katalon.core.keyword.builtin.CallTestCaseKeyword$_callTestCase_closure1.doCall(CallTestCaseKeyword.groovy:59)
	at com.kms.katalon.core.keyword.builtin.CallTestCaseKeyword$_callTestCase_closure1.call(CallTestCaseKeyword.groovy)
	at com.kms.katalon.core.keyword.internal.KeywordMain.runKeyword(KeywordMain.groovy:54)
	at com.kms.katalon.core.keyword.builtin.CallTestCaseKeyword.callTestCase(CallTestCaseKeyword.groovy:80)
	at com.kms.katalon.core.keyword.builtin.CallTestCaseKeyword.execute(CallTestCaseKeyword.groovy:44)
	at com.kms.katalon.core.keyword.internal.KeywordExecutor.executeKeywordForPlatform(KeywordExecutor.groovy:53)
	at com.kms.katalon.core.keyword.BuiltinKeywords.callTestCase(BuiltinKeywords.groovy:334)
	at OTC_Submit Form 7_End to End - Cheque.run(OTC_Submit Form 7_End to End - Cheque:16)
	at com.kms.katalon.core.main.ScriptEngine.run(ScriptEngine.java:194)
	at com.kms.katalon.core.main.ScriptEngine.runScriptAsRawText(ScriptEngine.java:119)
	at com.kms.katalon.core.main.TestCaseExecutor.runScript(TestCaseExecutor.java:328)
	at com.kms.katalon.core.main.TestCaseExecutor.doExecute(TestCaseExecutor.java:319)
	at com.kms.katalon.core.main.TestCaseExecutor.processExecutionPhase(TestCaseExecutor.java:298)
	at com.kms.katalon.core.main.TestCaseExecutor.accessMainPhase(TestCaseExecutor.java:290)
	at com.kms.katalon.core.main.TestCaseExecutor.execute(TestCaseExecutor.java:224)
	at com.kms.katalon.core.main.TestCaseMain.runTestCase(TestCaseMain.java:106)
	at com.kms.katalon.core.keyword.builtin.CallTestCaseKeyword$_callTestCase_closure1.doCall(CallTestCaseKeyword.groovy:59)
	at com.kms.katalon.core.keyword.builtin.CallTestCaseKeyword$_callTestCase_closure1.call(CallTestCaseKeyword.groovy)
	at com.kms.katalon.core.keyword.internal.KeywordMain.runKeyword(KeywordMain.groovy:54)
	at com.kms.katalon.core.keyword.builtin.CallTestCaseKeyword.callTestCase(CallTestCaseKeyword.groovy:80)
	at com.kms.katalon.core.keyword.builtin.CallTestCaseKeyword.execute(CallTestCaseKeyword.groovy:44)
	at com.kms.katalon.core.keyword.internal.KeywordExecutor.executeKeywordForPlatform(KeywordExecutor.groovy:53)
	at com.kms.katalon.core.keyword.BuiltinKeywords.callTestCase(BuiltinKeywords.groovy:334)
	at Approve Claim - Full - DA EFT.run(Approve Claim - Full - DA EFT:16)
	at com.kms.katalon.core.main.ScriptEngine.run(ScriptEngine.java:194)
	at com.kms.katalon.core.main.ScriptEngine.runScriptAsRawText(ScriptEngine.java:119)
	at com.kms.katalon.core.main.TestCaseExecutor.runScript(TestCaseExecutor.java:328)
	at com.kms.katalon.core.main.TestCaseExecutor.doExecute(TestCaseExecutor.java:319)
	at com.kms.katalon.core.main.TestCaseExecutor.processExecutionPhase(TestCaseExecutor.java:298)
	at com.kms.katalon.core.main.TestCaseExecutor.accessMainPhase(TestCaseExecutor.java:290)
	at com.kms.katalon.core.main.TestCaseExecutor.execute(TestCaseExecutor.java:224)
	at com.kms.katalon.core.main.TestSuiteExecutor.accessTestCaseMainPhase(TestSuiteExecutor.java:129)
	at com.kms.katalon.core.main.TestSuiteExecutor.accessTestSuiteMainPhase(TestSuiteExecutor.java:112)
	at com.kms.katalon.core.main.TestSuiteExecutor.execute(TestSuiteExecutor.java:81)
	at com.kms.katalon.core.main.TestCaseMain.startTestSuite(TestCaseMain.java:149)
	at com.kms.katalon.core.main.TestCaseMain$startTestSuite$0.call(Unknown Source)
	at TempTestSuite1550738418733.run(TempTestSuite1550738418733.groovy:36)]]></system-out>
         <system-err><![CDATA[2019-02-21 18:29:33 - [TEST_CASE][FAILED] - Test Cases/All TC/Arranged/0. Full Flow/Approve Claim - Full - DA EFT: Test Cases/All TC/Arranged/0. Full Flow/Approve Claim - Full - DA EFT FAILED.
Reason:
com.kms.katalon.core.exception.StepFailedException: Unable to set text '10/01/2019' of object 'Object Repository/KeatMun/Form 7_default/OTC_Application_Reg/Page_PERKESO/11.Tarikh Terima_stampedDtS' (Root cause: org.openqa.selenium.UnhandledAlertException: unexpected alert open: {Alert text : HARAP MAKLUM

PERMOHONAN FAEDAH SISTEM INSURANS PEKERJAAN HANYA BOLEH DIBUAT BERMULA DARI TARIKH KEHILANGAN PEKERJAAN

Nota: Permohonan hendaklah dibuat dalam tempoh 60 hari dari tarikh kehilangan pekerjaan}
  (Session info: chrome=72.0.3626.109)
  (Driver info: chromedriver=2.43.600210 (68dcf5eebde37173d4027fa8635e332711d2874a),platform=Windows NT 6.1.7601 SP1 x86_64) (WARNING: The server did not provide any stacktrace information)
Command duration or timeout: 0 milliseconds: null
Build info: version: '3.7.1', revision: '8a0099a', time: '2017-11-06T21:07:36.161Z'
System info: host: 'WIN7TEST02', ip: '10.20.3.72', os.name: 'Windows 7', os.arch: 'amd64', os.version: '6.1', java.version: '1.8.0_181'
Driver info: com.kms.katalon.selenium.driver.CChromeDriver
Capabilities {acceptInsecureCerts: false, acceptSslCerts: false, applicationCacheEnabled: false, browserConnectionEnabled: false, browserName: chrome, chrome: {chromedriverVersion: 2.43.600210 (68dcf5eebde371..., userDataDir: C:\Users\Admin\AppData\Loca...}, cssSelectorsEnabled: true, databaseEnabled: false, goog:chromeOptions: {debuggerAddress: localhost:62750}, handlesAlerts: true, hasTouchScreen: false, javascriptEnabled: true, locationContextEnabled: true, mobileEmulationEnabled: false, nativeEvents: true, networkConnectionEnabled: false, pageLoadStrategy: normal, platform: XP, platformName: XP, rotatable: false, setWindowRect: true, takesHeapSnapshot: true, takesScreenshot: true, unexpectedAlertBehaviour: , unhandledPromptBehavior: , version: 72.0.3626.109, webStorageEnabled: true}
Session ID: 4804371a6b5ef499afe97f080f51ca57
*** Element info: {Using=xpath, value=//input[@id = 'stampedDtStr' and @name = 'stampedDtStr' and @type = 'text']})
	at com.kms.katalon.core.keyword.internal.KeywordMain.stepFailed(KeywordMain.groovy:36)
	at com.kms.katalon.core.webui.keyword.internal.WebUIKeywordMain.stepFailed(WebUIKeywordMain.groovy:65)
	at com.kms.katalon.core.webui.keyword.internal.WebUIKeywordMain.runKeyword(WebUIKeywordMain.groovy:27)
	at com.kms.katalon.core.webui.keyword.builtin.SetTextKeyword.setText(SetTextKeyword.groovy:65)
	at com.kms.katalon.core.webui.keyword.builtin.SetTextKeyword.execute(SetTextKeyword.groovy:37)
	at com.kms.katalon.core.keyword.internal.KeywordExecutor.executeKeywordForPlatform(KeywordExecutor.groovy:53)
	at com.kms.katalon.core.webui.keyword.WebUiBuiltInKeywords.setText(WebUiBuiltInKeywords.groovy:950)
	at com.kms.katalon.core.webui.keyword.WebUiBuiltInKeywords$setText$1.call(Unknown Source)
	at OTC_Application_Reg.run(OTC_Application_Reg:91)
	at com.kms.katalon.core.main.ScriptEngine.run(ScriptEngine.java:194)
	at com.kms.katalon.core.main.ScriptEngine.runScriptAsRawText(ScriptEngine.java:119)
	at com.kms.katalon.core.main.TestCaseExecutor.runScript(TestCaseExecutor.java:328)
	at com.kms.katalon.core.main.TestCaseExecutor.doExecute(TestCaseExecutor.java:319)
	at com.kms.katalon.core.main.TestCaseExecutor.processExecutionPhase(TestCaseExecutor.java:298)
	at com.kms.katalon.core.main.TestCaseExecutor.accessMainPhase(TestCaseExecutor.java:290)
	at com.kms.katalon.core.main.TestCaseExecutor.execute(TestCaseExecutor.java:224)
	at com.kms.katalon.core.main.TestCaseMain.runTestCase(TestCaseMain.java:106)
	at com.kms.katalon.core.keyword.builtin.CallTestCaseKeyword$_callTestCase_closure1.doCall(CallTestCaseKeyword.groovy:59)
	at com.kms.katalon.core.keyword.builtin.CallTestCaseKeyword$_callTestCase_closure1.call(CallTestCaseKeyword.groovy)
	at com.kms.katalon.core.keyword.internal.KeywordMain.runKeyword(KeywordMain.groovy:54)
	at com.kms.katalon.core.keyword.builtin.CallTestCaseKeyword.callTestCase(CallTestCaseKeyword.groovy:80)
	at com.kms.katalon.core.keyword.builtin.CallTestCaseKeyword.execute(CallTestCaseKeyword.groovy:44)
	at com.kms.katalon.core.keyword.internal.KeywordExecutor.executeKeywordForPlatform(KeywordExecutor.groovy:53)
	at com.kms.katalon.core.keyword.BuiltinKeywords.callTestCase(BuiltinKeywords.groovy:334)
	at OTC_Submit Form 7_End to End - Cheque.run(OTC_Submit Form 7_End to End - Cheque:16)
	at com.kms.katalon.core.main.ScriptEngine.run(ScriptEngine.java:194)
	at com.kms.katalon.core.main.ScriptEngine.runScriptAsRawText(ScriptEngine.java:119)
	at com.kms.katalon.core.main.TestCaseExecutor.runScript(TestCaseExecutor.java:328)
	at com.kms.katalon.core.main.TestCaseExecutor.doExecute(TestCaseExecutor.java:319)
	at com.kms.katalon.core.main.TestCaseExecutor.processExecutionPhase(TestCaseExecutor.java:298)
	at com.kms.katalon.core.main.TestCaseExecutor.accessMainPhase(TestCaseExecutor.java:290)
	at com.kms.katalon.core.main.TestCaseExecutor.execute(TestCaseExecutor.java:224)
	at com.kms.katalon.core.main.TestCaseMain.runTestCase(TestCaseMain.java:106)
	at com.kms.katalon.core.keyword.builtin.CallTestCaseKeyword$_callTestCase_closure1.doCall(CallTestCaseKeyword.groovy:59)
	at com.kms.katalon.core.keyword.builtin.CallTestCaseKeyword$_callTestCase_closure1.call(CallTestCaseKeyword.groovy)
	at com.kms.katalon.core.keyword.internal.KeywordMain.runKeyword(KeywordMain.groovy:54)
	at com.kms.katalon.core.keyword.builtin.CallTestCaseKeyword.callTestCase(CallTestCaseKeyword.groovy:80)
	at com.kms.katalon.core.keyword.builtin.CallTestCaseKeyword.execute(CallTestCaseKeyword.groovy:44)
	at com.kms.katalon.core.keyword.internal.KeywordExecutor.executeKeywordForPlatform(KeywordExecutor.groovy:53)
	at com.kms.katalon.core.keyword.BuiltinKeywords.callTestCase(BuiltinKeywords.groovy:334)
	at Approve Claim - Full - DA EFT.run(Approve Claim - Full - DA EFT:16)
	at com.kms.katalon.core.main.ScriptEngine.run(ScriptEngine.java:194)
	at com.kms.katalon.core.main.ScriptEngine.runScriptAsRawText(ScriptEngine.java:119)
	at com.kms.katalon.core.main.TestCaseExecutor.runScript(TestCaseExecutor.java:328)
	at com.kms.katalon.core.main.TestCaseExecutor.doExecute(TestCaseExecutor.java:319)
	at com.kms.katalon.core.main.TestCaseExecutor.processExecutionPhase(TestCaseExecutor.java:298)
	at com.kms.katalon.core.main.TestCaseExecutor.accessMainPhase(TestCaseExecutor.java:290)
	at com.kms.katalon.core.main.TestCaseExecutor.execute(TestCaseExecutor.java:224)
	at com.kms.katalon.core.main.TestSuiteExecutor.accessTestCaseMainPhase(TestSuiteExecutor.java:129)
	at com.kms.katalon.core.main.TestSuiteExecutor.accessTestSuiteMainPhase(TestSuiteExecutor.java:112)
	at com.kms.katalon.core.main.TestSuiteExecutor.execute(TestSuiteExecutor.java:81)
	at com.kms.katalon.core.main.TestCaseMain.startTestSuite(TestCaseMain.java:149)
	at com.kms.katalon.core.main.TestCaseMain$startTestSuite$0.call(Unknown Source)
	at TempTestSuite1550738418733.run(TempTestSuite1550738418733.groovy:36)]]></system-err>
      </testcase>
      <testcase name="Test Cases/All TC/Arranged/0. Full Flow/Approve Claim - Full - DA Cheque" classname="Test Cases/All TC/Arranged/0. Full Flow/Approve Claim - Full - DA Cheque" status="FAILED">
         <failure type="FAILED" message="Test Cases/All TC/Arranged/0. Full Flow/Approve Claim - Full - DA Cheque FAILED.
Reason:
com.kms.katalon.core.exception.StepFailedException: Unable to set text '10/01/2019' of object 'Object Repository/KeatMun/Form 7_default/OTC_Application_Reg/Page_PERKESO/11.Tarikh Terima_stampedDtS' (Root cause: org.openqa.selenium.UnhandledAlertException: unexpected alert open: {Alert text : HARAP MAKLUM

PERMOHONAN FAEDAH SISTEM INSURANS PEKERJAAN HANYA BOLEH DIBUAT BERMULA DARI TARIKH KEHILANGAN PEKERJAAN

Nota: Permohonan hendaklah dibuat dalam tempoh 60 hari dari tarikh kehilangan pekerjaan}
  (Session info: chrome=72.0.3626.109)
  (Driver info: chromedriver=2.43.600210 (68dcf5eebde37173d4027fa8635e332711d2874a),platform=Windows NT 6.1.7601 SP1 x86_64) (WARNING: The server did not provide any stacktrace information)
Command duration or timeout: 0 milliseconds: null
Build info: version: '3.7.1', revision: '8a0099a', time: '2017-11-06T21:07:36.161Z'
System info: host: 'WIN7TEST02', ip: '10.20.3.72', os.name: 'Windows 7', os.arch: 'amd64', os.version: '6.1', java.version: '1.8.0_181'
Driver info: com.kms.katalon.selenium.driver.CChromeDriver
Capabilities {acceptInsecureCerts: false, acceptSslCerts: false, applicationCacheEnabled: false, browserConnectionEnabled: false, browserName: chrome, chrome: {chromedriverVersion: 2.43.600210 (68dcf5eebde371..., userDataDir: C:\Users\Admin\AppData\Loca...}, cssSelectorsEnabled: true, databaseEnabled: false, goog:chromeOptions: {debuggerAddress: localhost:62782}, handlesAlerts: true, hasTouchScreen: false, javascriptEnabled: true, locationContextEnabled: true, mobileEmulationEnabled: false, nativeEvents: true, networkConnectionEnabled: false, pageLoadStrategy: normal, platform: XP, platformName: XP, rotatable: false, setWindowRect: true, takesHeapSnapshot: true, takesScreenshot: true, unexpectedAlertBehaviour: , unhandledPromptBehavior: , version: 72.0.3626.109, webStorageEnabled: true}
Session ID: 20aa11e786551fdc52c890c056cc58bc
*** Element info: {Using=xpath, value=//input[@id = 'stampedDtStr' and @name = 'stampedDtStr' and @type = 'text']})
	at com.kms.katalon.core.keyword.internal.KeywordMain.stepFailed(KeywordMain.groovy:36)
	at com.kms.katalon.core.webui.keyword.internal.WebUIKeywordMain.stepFailed(WebUIKeywordMain.groovy:65)
	at com.kms.katalon.core.webui.keyword.internal.WebUIKeywordMain.runKeyword(WebUIKeywordMain.groovy:27)
	at com.kms.katalon.core.webui.keyword.builtin.SetTextKeyword.setText(SetTextKeyword.groovy:65)
	at com.kms.katalon.core.webui.keyword.builtin.SetTextKeyword.execute(SetTextKeyword.groovy:37)
	at com.kms.katalon.core.keyword.internal.KeywordExecutor.executeKeywordForPlatform(KeywordExecutor.groovy:53)
	at com.kms.katalon.core.webui.keyword.WebUiBuiltInKeywords.setText(WebUiBuiltInKeywords.groovy:950)
	at com.kms.katalon.core.webui.keyword.WebUiBuiltInKeywords$setText$1.call(Unknown Source)
	at OTC_Application_Reg.run(OTC_Application_Reg:91)
	at com.kms.katalon.core.main.ScriptEngine.run(ScriptEngine.java:194)
	at com.kms.katalon.core.main.ScriptEngine.runScriptAsRawText(ScriptEngine.java:119)
	at com.kms.katalon.core.main.TestCaseExecutor.runScript(TestCaseExecutor.java:328)
	at com.kms.katalon.core.main.TestCaseExecutor.doExecute(TestCaseExecutor.java:319)
	at com.kms.katalon.core.main.TestCaseExecutor.processExecutionPhase(TestCaseExecutor.java:298)
	at com.kms.katalon.core.main.TestCaseExecutor.accessMainPhase(TestCaseExecutor.java:290)
	at com.kms.katalon.core.main.TestCaseExecutor.execute(TestCaseExecutor.java:224)
	at com.kms.katalon.core.main.TestCaseMain.runTestCase(TestCaseMain.java:106)
	at com.kms.katalon.core.keyword.builtin.CallTestCaseKeyword$_callTestCase_closure1.doCall(CallTestCaseKeyword.groovy:59)
	at com.kms.katalon.core.keyword.builtin.CallTestCaseKeyword$_callTestCase_closure1.call(CallTestCaseKeyword.groovy)
	at com.kms.katalon.core.keyword.internal.KeywordMain.runKeyword(KeywordMain.groovy:54)
	at com.kms.katalon.core.keyword.builtin.CallTestCaseKeyword.callTestCase(CallTestCaseKeyword.groovy:80)
	at com.kms.katalon.core.keyword.builtin.CallTestCaseKeyword.execute(CallTestCaseKeyword.groovy:44)
	at com.kms.katalon.core.keyword.internal.KeywordExecutor.executeKeywordForPlatform(KeywordExecutor.groovy:53)
	at com.kms.katalon.core.keyword.BuiltinKeywords.callTestCase(BuiltinKeywords.groovy:334)
	at OTC_Submit Form 7_End to End - Cheque.run(OTC_Submit Form 7_End to End - Cheque:16)
	at com.kms.katalon.core.main.ScriptEngine.run(ScriptEngine.java:194)
	at com.kms.katalon.core.main.ScriptEngine.runScriptAsRawText(ScriptEngine.java:119)
	at com.kms.katalon.core.main.TestCaseExecutor.runScript(TestCaseExecutor.java:328)
	at com.kms.katalon.core.main.TestCaseExecutor.doExecute(TestCaseExecutor.java:319)
	at com.kms.katalon.core.main.TestCaseExecutor.processExecutionPhase(TestCaseExecutor.java:298)
	at com.kms.katalon.core.main.TestCaseExecutor.accessMainPhase(TestCaseExecutor.java:290)
	at com.kms.katalon.core.main.TestCaseExecutor.execute(TestCaseExecutor.java:224)
	at com.kms.katalon.core.main.TestCaseMain.runTestCase(TestCaseMain.java:106)
	at com.kms.katalon.core.keyword.builtin.CallTestCaseKeyword$_callTestCase_closure1.doCall(CallTestCaseKeyword.groovy:59)
	at com.kms.katalon.core.keyword.builtin.CallTestCaseKeyword$_callTestCase_closure1.call(CallTestCaseKeyword.groovy)
	at com.kms.katalon.core.keyword.internal.KeywordMain.runKeyword(KeywordMain.groovy:54)
	at com.kms.katalon.core.keyword.builtin.CallTestCaseKeyword.callTestCase(CallTestCaseKeyword.groovy:80)
	at com.kms.katalon.core.keyword.builtin.CallTestCaseKeyword.execute(CallTestCaseKeyword.groovy:44)
	at com.kms.katalon.core.keyword.internal.KeywordExecutor.executeKeywordForPlatform(KeywordExecutor.groovy:53)
	at com.kms.katalon.core.keyword.BuiltinKeywords.callTestCase(BuiltinKeywords.groovy:334)
	at Approve Claim - Full - DA Cheque.run(Approve Claim - Full - DA Cheque:16)
	at com.kms.katalon.core.main.ScriptEngine.run(ScriptEngine.java:194)
	at com.kms.katalon.core.main.ScriptEngine.runScriptAsRawText(ScriptEngine.java:119)
	at com.kms.katalon.core.main.TestCaseExecutor.runScript(TestCaseExecutor.java:328)
	at com.kms.katalon.core.main.TestCaseExecutor.doExecute(TestCaseExecutor.java:319)
	at com.kms.katalon.core.main.TestCaseExecutor.processExecutionPhase(TestCaseExecutor.java:298)
	at com.kms.katalon.core.main.TestCaseExecutor.accessMainPhase(TestCaseExecutor.java:290)
	at com.kms.katalon.core.main.TestCaseExecutor.execute(TestCaseExecutor.java:224)
	at com.kms.katalon.core.main.TestSuiteExecutor.accessTestCaseMainPhase(TestSuiteExecutor.java:129)
	at com.kms.katalon.core.main.TestSuiteExecutor.accessTestSuiteMainPhase(TestSuiteExecutor.java:112)
	at com.kms.katalon.core.main.TestSuiteExecutor.execute(TestSuiteExecutor.java:81)
	at com.kms.katalon.core.main.TestCaseMain.startTestSuite(TestCaseMain.java:149)
	at com.kms.katalon.core.main.TestCaseMain$startTestSuite$0.call(Unknown Source)
	at TempTestSuite1550738418733.run(TempTestSuite1550738418733.groovy:36)
"/>
         <system-out><![CDATA[2019-02-21 18:30:15 - [TEST_CASE][FAILED] - Test Cases/All TC/Arranged/0. Full Flow/Approve Claim - Full - DA Cheque: Test Cases/All TC/Arranged/0. Full Flow/Approve Claim - Full - DA Cheque FAILED.
Reason:
com.kms.katalon.core.exception.StepFailedException: Unable to set text '10/01/2019' of object 'Object Repository/KeatMun/Form 7_default/OTC_Application_Reg/Page_PERKESO/11.Tarikh Terima_stampedDtS' (Root cause: org.openqa.selenium.UnhandledAlertException: unexpected alert open: {Alert text : HARAP MAKLUM

PERMOHONAN FAEDAH SISTEM INSURANS PEKERJAAN HANYA BOLEH DIBUAT BERMULA DARI TARIKH KEHILANGAN PEKERJAAN

Nota: Permohonan hendaklah dibuat dalam tempoh 60 hari dari tarikh kehilangan pekerjaan}
  (Session info: chrome=72.0.3626.109)
  (Driver info: chromedriver=2.43.600210 (68dcf5eebde37173d4027fa8635e332711d2874a),platform=Windows NT 6.1.7601 SP1 x86_64) (WARNING: The server did not provide any stacktrace information)
Command duration or timeout: 0 milliseconds: null
Build info: version: '3.7.1', revision: '8a0099a', time: '2017-11-06T21:07:36.161Z'
System info: host: 'WIN7TEST02', ip: '10.20.3.72', os.name: 'Windows 7', os.arch: 'amd64', os.version: '6.1', java.version: '1.8.0_181'
Driver info: com.kms.katalon.selenium.driver.CChromeDriver
Capabilities {acceptInsecureCerts: false, acceptSslCerts: false, applicationCacheEnabled: false, browserConnectionEnabled: false, browserName: chrome, chrome: {chromedriverVersion: 2.43.600210 (68dcf5eebde371..., userDataDir: C:\Users\Admin\AppData\Loca...}, cssSelectorsEnabled: true, databaseEnabled: false, goog:chromeOptions: {debuggerAddress: localhost:62782}, handlesAlerts: true, hasTouchScreen: false, javascriptEnabled: true, locationContextEnabled: true, mobileEmulationEnabled: false, nativeEvents: true, networkConnectionEnabled: false, pageLoadStrategy: normal, platform: XP, platformName: XP, rotatable: false, setWindowRect: true, takesHeapSnapshot: true, takesScreenshot: true, unexpectedAlertBehaviour: , unhandledPromptBehavior: , version: 72.0.3626.109, webStorageEnabled: true}
Session ID: 20aa11e786551fdc52c890c056cc58bc
*** Element info: {Using=xpath, value=//input[@id = 'stampedDtStr' and @name = 'stampedDtStr' and @type = 'text']})
	at com.kms.katalon.core.keyword.internal.KeywordMain.stepFailed(KeywordMain.groovy:36)
	at com.kms.katalon.core.webui.keyword.internal.WebUIKeywordMain.stepFailed(WebUIKeywordMain.groovy:65)
	at com.kms.katalon.core.webui.keyword.internal.WebUIKeywordMain.runKeyword(WebUIKeywordMain.groovy:27)
	at com.kms.katalon.core.webui.keyword.builtin.SetTextKeyword.setText(SetTextKeyword.groovy:65)
	at com.kms.katalon.core.webui.keyword.builtin.SetTextKeyword.execute(SetTextKeyword.groovy:37)
	at com.kms.katalon.core.keyword.internal.KeywordExecutor.executeKeywordForPlatform(KeywordExecutor.groovy:53)
	at com.kms.katalon.core.webui.keyword.WebUiBuiltInKeywords.setText(WebUiBuiltInKeywords.groovy:950)
	at com.kms.katalon.core.webui.keyword.WebUiBuiltInKeywords$setText$1.call(Unknown Source)
	at OTC_Application_Reg.run(OTC_Application_Reg:91)
	at com.kms.katalon.core.main.ScriptEngine.run(ScriptEngine.java:194)
	at com.kms.katalon.core.main.ScriptEngine.runScriptAsRawText(ScriptEngine.java:119)
	at com.kms.katalon.core.main.TestCaseExecutor.runScript(TestCaseExecutor.java:328)
	at com.kms.katalon.core.main.TestCaseExecutor.doExecute(TestCaseExecutor.java:319)
	at com.kms.katalon.core.main.TestCaseExecutor.processExecutionPhase(TestCaseExecutor.java:298)
	at com.kms.katalon.core.main.TestCaseExecutor.accessMainPhase(TestCaseExecutor.java:290)
	at com.kms.katalon.core.main.TestCaseExecutor.execute(TestCaseExecutor.java:224)
	at com.kms.katalon.core.main.TestCaseMain.runTestCase(TestCaseMain.java:106)
	at com.kms.katalon.core.keyword.builtin.CallTestCaseKeyword$_callTestCase_closure1.doCall(CallTestCaseKeyword.groovy:59)
	at com.kms.katalon.core.keyword.builtin.CallTestCaseKeyword$_callTestCase_closure1.call(CallTestCaseKeyword.groovy)
	at com.kms.katalon.core.keyword.internal.KeywordMain.runKeyword(KeywordMain.groovy:54)
	at com.kms.katalon.core.keyword.builtin.CallTestCaseKeyword.callTestCase(CallTestCaseKeyword.groovy:80)
	at com.kms.katalon.core.keyword.builtin.CallTestCaseKeyword.execute(CallTestCaseKeyword.groovy:44)
	at com.kms.katalon.core.keyword.internal.KeywordExecutor.executeKeywordForPlatform(KeywordExecutor.groovy:53)
	at com.kms.katalon.core.keyword.BuiltinKeywords.callTestCase(BuiltinKeywords.groovy:334)
	at OTC_Submit Form 7_End to End - Cheque.run(OTC_Submit Form 7_End to End - Cheque:16)
	at com.kms.katalon.core.main.ScriptEngine.run(ScriptEngine.java:194)
	at com.kms.katalon.core.main.ScriptEngine.runScriptAsRawText(ScriptEngine.java:119)
	at com.kms.katalon.core.main.TestCaseExecutor.runScript(TestCaseExecutor.java:328)
	at com.kms.katalon.core.main.TestCaseExecutor.doExecute(TestCaseExecutor.java:319)
	at com.kms.katalon.core.main.TestCaseExecutor.processExecutionPhase(TestCaseExecutor.java:298)
	at com.kms.katalon.core.main.TestCaseExecutor.accessMainPhase(TestCaseExecutor.java:290)
	at com.kms.katalon.core.main.TestCaseExecutor.execute(TestCaseExecutor.java:224)
	at com.kms.katalon.core.main.TestCaseMain.runTestCase(TestCaseMain.java:106)
	at com.kms.katalon.core.keyword.builtin.CallTestCaseKeyword$_callTestCase_closure1.doCall(CallTestCaseKeyword.groovy:59)
	at com.kms.katalon.core.keyword.builtin.CallTestCaseKeyword$_callTestCase_closure1.call(CallTestCaseKeyword.groovy)
	at com.kms.katalon.core.keyword.internal.KeywordMain.runKeyword(KeywordMain.groovy:54)
	at com.kms.katalon.core.keyword.builtin.CallTestCaseKeyword.callTestCase(CallTestCaseKeyword.groovy:80)
	at com.kms.katalon.core.keyword.builtin.CallTestCaseKeyword.execute(CallTestCaseKeyword.groovy:44)
	at com.kms.katalon.core.keyword.internal.KeywordExecutor.executeKeywordForPlatform(KeywordExecutor.groovy:53)
	at com.kms.katalon.core.keyword.BuiltinKeywords.callTestCase(BuiltinKeywords.groovy:334)
	at Approve Claim - Full - DA Cheque.run(Approve Claim - Full - DA Cheque:16)
	at com.kms.katalon.core.main.ScriptEngine.run(ScriptEngine.java:194)
	at com.kms.katalon.core.main.ScriptEngine.runScriptAsRawText(ScriptEngine.java:119)
	at com.kms.katalon.core.main.TestCaseExecutor.runScript(TestCaseExecutor.java:328)
	at com.kms.katalon.core.main.TestCaseExecutor.doExecute(TestCaseExecutor.java:319)
	at com.kms.katalon.core.main.TestCaseExecutor.processExecutionPhase(TestCaseExecutor.java:298)
	at com.kms.katalon.core.main.TestCaseExecutor.accessMainPhase(TestCaseExecutor.java:290)
	at com.kms.katalon.core.main.TestCaseExecutor.execute(TestCaseExecutor.java:224)
	at com.kms.katalon.core.main.TestSuiteExecutor.accessTestCaseMainPhase(TestSuiteExecutor.java:129)
	at com.kms.katalon.core.main.TestSuiteExecutor.accessTestSuiteMainPhase(TestSuiteExecutor.java:112)
	at com.kms.katalon.core.main.TestSuiteExecutor.execute(TestSuiteExecutor.java:81)
	at com.kms.katalon.core.main.TestCaseMain.startTestSuite(TestCaseMain.java:149)
	at com.kms.katalon.core.main.TestCaseMain$startTestSuite$0.call(Unknown Source)
	at TempTestSuite1550738418733.run(TempTestSuite1550738418733.groovy:36)


2019-02-21 18:30:15 - [TEST_STEP][FAILED] - callTestCase(findTestCase("All TC/Arranged/2. Segment/OTC_Submit Form 7_End to End - Cheque"), [:], STOP_ON_FAILURE): callTestCase(findTestCase("All TC/Arranged/2. Segment/OTC_Submit Form 7_End to End - Cheque"), [:], STOP_ON_FAILURE) FAILED.
Reason:
com.kms.katalon.core.exception.StepFailedException: Unable to set text '10/01/2019' of object 'Object Repository/KeatMun/Form 7_default/OTC_Application_Reg/Page_PERKESO/11.Tarikh Terima_stampedDtS' (Root cause: org.openqa.selenium.UnhandledAlertException: unexpected alert open: {Alert text : HARAP MAKLUM

PERMOHONAN FAEDAH SISTEM INSURANS PEKERJAAN HANYA BOLEH DIBUAT BERMULA DARI TARIKH KEHILANGAN PEKERJAAN

Nota: Permohonan hendaklah dibuat dalam tempoh 60 hari dari tarikh kehilangan pekerjaan}
  (Session info: chrome=72.0.3626.109)
  (Driver info: chromedriver=2.43.600210 (68dcf5eebde37173d4027fa8635e332711d2874a),platform=Windows NT 6.1.7601 SP1 x86_64) (WARNING: The server did not provide any stacktrace information)
Command duration or timeout: 0 milliseconds: null
Build info: version: '3.7.1', revision: '8a0099a', time: '2017-11-06T21:07:36.161Z'
System info: host: 'WIN7TEST02', ip: '10.20.3.72', os.name: 'Windows 7', os.arch: 'amd64', os.version: '6.1', java.version: '1.8.0_181'
Driver info: com.kms.katalon.selenium.driver.CChromeDriver
Capabilities {acceptInsecureCerts: false, acceptSslCerts: false, applicationCacheEnabled: false, browserConnectionEnabled: false, browserName: chrome, chrome: {chromedriverVersion: 2.43.600210 (68dcf5eebde371..., userDataDir: C:\Users\Admin\AppData\Loca...}, cssSelectorsEnabled: true, databaseEnabled: false, goog:chromeOptions: {debuggerAddress: localhost:62782}, handlesAlerts: true, hasTouchScreen: false, javascriptEnabled: true, locationContextEnabled: true, mobileEmulationEnabled: false, nativeEvents: true, networkConnectionEnabled: false, pageLoadStrategy: normal, platform: XP, platformName: XP, rotatable: false, setWindowRect: true, takesHeapSnapshot: true, takesScreenshot: true, unexpectedAlertBehaviour: , unhandledPromptBehavior: , version: 72.0.3626.109, webStorageEnabled: true}
Session ID: 20aa11e786551fdc52c890c056cc58bc
*** Element info: {Using=xpath, value=//input[@id = 'stampedDtStr' and @name = 'stampedDtStr' and @type = 'text']})
	at com.kms.katalon.core.keyword.internal.KeywordMain.stepFailed(KeywordMain.groovy:36)
	at com.kms.katalon.core.webui.keyword.internal.WebUIKeywordMain.stepFailed(WebUIKeywordMain.groovy:65)
	at com.kms.katalon.core.webui.keyword.internal.WebUIKeywordMain.runKeyword(WebUIKeywordMain.groovy:27)
	at com.kms.katalon.core.webui.keyword.builtin.SetTextKeyword.setText(SetTextKeyword.groovy:65)
	at com.kms.katalon.core.webui.keyword.builtin.SetTextKeyword.execute(SetTextKeyword.groovy:37)
	at com.kms.katalon.core.keyword.internal.KeywordExecutor.executeKeywordForPlatform(KeywordExecutor.groovy:53)
	at com.kms.katalon.core.webui.keyword.WebUiBuiltInKeywords.setText(WebUiBuiltInKeywords.groovy:950)
	at com.kms.katalon.core.webui.keyword.WebUiBuiltInKeywords$setText$1.call(Unknown Source)
	at OTC_Application_Reg.run(OTC_Application_Reg:91)
	at com.kms.katalon.core.main.ScriptEngine.run(ScriptEngine.java:194)
	at com.kms.katalon.core.main.ScriptEngine.runScriptAsRawText(ScriptEngine.java:119)
	at com.kms.katalon.core.main.TestCaseExecutor.runScript(TestCaseExecutor.java:328)
	at com.kms.katalon.core.main.TestCaseExecutor.doExecute(TestCaseExecutor.java:319)
	at com.kms.katalon.core.main.TestCaseExecutor.processExecutionPhase(TestCaseExecutor.java:298)
	at com.kms.katalon.core.main.TestCaseExecutor.accessMainPhase(TestCaseExecutor.java:290)
	at com.kms.katalon.core.main.TestCaseExecutor.execute(TestCaseExecutor.java:224)
	at com.kms.katalon.core.main.TestCaseMain.runTestCase(TestCaseMain.java:106)
	at com.kms.katalon.core.keyword.builtin.CallTestCaseKeyword$_callTestCase_closure1.doCall(CallTestCaseKeyword.groovy:59)
	at com.kms.katalon.core.keyword.builtin.CallTestCaseKeyword$_callTestCase_closure1.call(CallTestCaseKeyword.groovy)
	at com.kms.katalon.core.keyword.internal.KeywordMain.runKeyword(KeywordMain.groovy:54)
	at com.kms.katalon.core.keyword.builtin.CallTestCaseKeyword.callTestCase(CallTestCaseKeyword.groovy:80)
	at com.kms.katalon.core.keyword.builtin.CallTestCaseKeyword.execute(CallTestCaseKeyword.groovy:44)
	at com.kms.katalon.core.keyword.internal.KeywordExecutor.executeKeywordForPlatform(KeywordExecutor.groovy:53)
	at com.kms.katalon.core.keyword.BuiltinKeywords.callTestCase(BuiltinKeywords.groovy:334)
	at OTC_Submit Form 7_End to End - Cheque.run(OTC_Submit Form 7_End to End - Cheque:16)
	at com.kms.katalon.core.main.ScriptEngine.run(ScriptEngine.java:194)
	at com.kms.katalon.core.main.ScriptEngine.runScriptAsRawText(ScriptEngine.java:119)
	at com.kms.katalon.core.main.TestCaseExecutor.runScript(TestCaseExecutor.java:328)
	at com.kms.katalon.core.main.TestCaseExecutor.doExecute(TestCaseExecutor.java:319)
	at com.kms.katalon.core.main.TestCaseExecutor.processExecutionPhase(TestCaseExecutor.java:298)
	at com.kms.katalon.core.main.TestCaseExecutor.accessMainPhase(TestCaseExecutor.java:290)
	at com.kms.katalon.core.main.TestCaseExecutor.execute(TestCaseExecutor.java:224)
	at com.kms.katalon.core.main.TestCaseMain.runTestCase(TestCaseMain.java:106)
	at com.kms.katalon.core.keyword.builtin.CallTestCaseKeyword$_callTestCase_closure1.doCall(CallTestCaseKeyword.groovy:59)
	at com.kms.katalon.core.keyword.builtin.CallTestCaseKeyword$_callTestCase_closure1.call(CallTestCaseKeyword.groovy)
	at com.kms.katalon.core.keyword.internal.KeywordMain.runKeyword(KeywordMain.groovy:54)
	at com.kms.katalon.core.keyword.builtin.CallTestCaseKeyword.callTestCase(CallTestCaseKeyword.groovy:80)
	at com.kms.katalon.core.keyword.builtin.CallTestCaseKeyword.execute(CallTestCaseKeyword.groovy:44)
	at com.kms.katalon.core.keyword.internal.KeywordExecutor.executeKeywordForPlatform(KeywordExecutor.groovy:53)
	at com.kms.katalon.core.keyword.BuiltinKeywords.callTestCase(BuiltinKeywords.groovy:334)
	at Approve Claim - Full - DA Cheque.run(Approve Claim - Full - DA Cheque:16)
	at com.kms.katalon.core.main.ScriptEngine.run(ScriptEngine.java:194)
	at com.kms.katalon.core.main.ScriptEngine.runScriptAsRawText(ScriptEngine.java:119)
	at com.kms.katalon.core.main.TestCaseExecutor.runScript(TestCaseExecutor.java:328)
	at com.kms.katalon.core.main.TestCaseExecutor.doExecute(TestCaseExecutor.java:319)
	at com.kms.katalon.core.main.TestCaseExecutor.processExecutionPhase(TestCaseExecutor.java:298)
	at com.kms.katalon.core.main.TestCaseExecutor.accessMainPhase(TestCaseExecutor.java:290)
	at com.kms.katalon.core.main.TestCaseExecutor.execute(TestCaseExecutor.java:224)
	at com.kms.katalon.core.main.TestSuiteExecutor.accessTestCaseMainPhase(TestSuiteExecutor.java:129)
	at com.kms.katalon.core.main.TestSuiteExecutor.accessTestSuiteMainPhase(TestSuiteExecutor.java:112)
	at com.kms.katalon.core.main.TestSuiteExecutor.execute(TestSuiteExecutor.java:81)
	at com.kms.katalon.core.main.TestCaseMain.startTestSuite(TestCaseMain.java:149)
	at com.kms.katalon.core.main.TestCaseMain$startTestSuite$0.call(Unknown Source)
	at TempTestSuite1550738418733.run(TempTestSuite1550738418733.groovy:36)


2019-02-21 18:30:15 - [TEST_CASE][FAILED] - Test Cases/All TC/Arranged/2. Segment/OTC_Submit Form 7_End to End - Cheque: Test Cases/All TC/Arranged/2. Segment/OTC_Submit Form 7_End to End - Cheque FAILED.
Reason:
com.kms.katalon.core.exception.StepFailedException: Unable to set text '10/01/2019' of object 'Object Repository/KeatMun/Form 7_default/OTC_Application_Reg/Page_PERKESO/11.Tarikh Terima_stampedDtS' (Root cause: org.openqa.selenium.UnhandledAlertException: unexpected alert open: {Alert text : HARAP MAKLUM

PERMOHONAN FAEDAH SISTEM INSURANS PEKERJAAN HANYA BOLEH DIBUAT BERMULA DARI TARIKH KEHILANGAN PEKERJAAN

Nota: Permohonan hendaklah dibuat dalam tempoh 60 hari dari tarikh kehilangan pekerjaan}
  (Session info: chrome=72.0.3626.109)
  (Driver info: chromedriver=2.43.600210 (68dcf5eebde37173d4027fa8635e332711d2874a),platform=Windows NT 6.1.7601 SP1 x86_64) (WARNING: The server did not provide any stacktrace information)
Command duration or timeout: 0 milliseconds: null
Build info: version: '3.7.1', revision: '8a0099a', time: '2017-11-06T21:07:36.161Z'
System info: host: 'WIN7TEST02', ip: '10.20.3.72', os.name: 'Windows 7', os.arch: 'amd64', os.version: '6.1', java.version: '1.8.0_181'
Driver info: com.kms.katalon.selenium.driver.CChromeDriver
Capabilities {acceptInsecureCerts: false, acceptSslCerts: false, applicationCacheEnabled: false, browserConnectionEnabled: false, browserName: chrome, chrome: {chromedriverVersion: 2.43.600210 (68dcf5eebde371..., userDataDir: C:\Users\Admin\AppData\Loca...}, cssSelectorsEnabled: true, databaseEnabled: false, goog:chromeOptions: {debuggerAddress: localhost:62782}, handlesAlerts: true, hasTouchScreen: false, javascriptEnabled: true, locationContextEnabled: true, mobileEmulationEnabled: false, nativeEvents: true, networkConnectionEnabled: false, pageLoadStrategy: normal, platform: XP, platformName: XP, rotatable: false, setWindowRect: true, takesHeapSnapshot: true, takesScreenshot: true, unexpectedAlertBehaviour: , unhandledPromptBehavior: , version: 72.0.3626.109, webStorageEnabled: true}
Session ID: 20aa11e786551fdc52c890c056cc58bc
*** Element info: {Using=xpath, value=//input[@id = 'stampedDtStr' and @name = 'stampedDtStr' and @type = 'text']})
	at com.kms.katalon.core.keyword.internal.KeywordMain.stepFailed(KeywordMain.groovy:36)
	at com.kms.katalon.core.webui.keyword.internal.WebUIKeywordMain.stepFailed(WebUIKeywordMain.groovy:65)
	at com.kms.katalon.core.webui.keyword.internal.WebUIKeywordMain.runKeyword(WebUIKeywordMain.groovy:27)
	at com.kms.katalon.core.webui.keyword.builtin.SetTextKeyword.setText(SetTextKeyword.groovy:65)
	at com.kms.katalon.core.webui.keyword.builtin.SetTextKeyword.execute(SetTextKeyword.groovy:37)
	at com.kms.katalon.core.keyword.internal.KeywordExecutor.executeKeywordForPlatform(KeywordExecutor.groovy:53)
	at com.kms.katalon.core.webui.keyword.WebUiBuiltInKeywords.setText(WebUiBuiltInKeywords.groovy:950)
	at com.kms.katalon.core.webui.keyword.WebUiBuiltInKeywords$setText$1.call(Unknown Source)
	at OTC_Application_Reg.run(OTC_Application_Reg:91)
	at com.kms.katalon.core.main.ScriptEngine.run(ScriptEngine.java:194)
	at com.kms.katalon.core.main.ScriptEngine.runScriptAsRawText(ScriptEngine.java:119)
	at com.kms.katalon.core.main.TestCaseExecutor.runScript(TestCaseExecutor.java:328)
	at com.kms.katalon.core.main.TestCaseExecutor.doExecute(TestCaseExecutor.java:319)
	at com.kms.katalon.core.main.TestCaseExecutor.processExecutionPhase(TestCaseExecutor.java:298)
	at com.kms.katalon.core.main.TestCaseExecutor.accessMainPhase(TestCaseExecutor.java:290)
	at com.kms.katalon.core.main.TestCaseExecutor.execute(TestCaseExecutor.java:224)
	at com.kms.katalon.core.main.TestCaseMain.runTestCase(TestCaseMain.java:106)
	at com.kms.katalon.core.keyword.builtin.CallTestCaseKeyword$_callTestCase_closure1.doCall(CallTestCaseKeyword.groovy:59)
	at com.kms.katalon.core.keyword.builtin.CallTestCaseKeyword$_callTestCase_closure1.call(CallTestCaseKeyword.groovy)
	at com.kms.katalon.core.keyword.internal.KeywordMain.runKeyword(KeywordMain.groovy:54)
	at com.kms.katalon.core.keyword.builtin.CallTestCaseKeyword.callTestCase(CallTestCaseKeyword.groovy:80)
	at com.kms.katalon.core.keyword.builtin.CallTestCaseKeyword.execute(CallTestCaseKeyword.groovy:44)
	at com.kms.katalon.core.keyword.internal.KeywordExecutor.executeKeywordForPlatform(KeywordExecutor.groovy:53)
	at com.kms.katalon.core.keyword.BuiltinKeywords.callTestCase(BuiltinKeywords.groovy:334)
	at OTC_Submit Form 7_End to End - Cheque.run(OTC_Submit Form 7_End to End - Cheque:16)
	at com.kms.katalon.core.main.ScriptEngine.run(ScriptEngine.java:194)
	at com.kms.katalon.core.main.ScriptEngine.runScriptAsRawText(ScriptEngine.java:119)
	at com.kms.katalon.core.main.TestCaseExecutor.runScript(TestCaseExecutor.java:328)
	at com.kms.katalon.core.main.TestCaseExecutor.doExecute(TestCaseExecutor.java:319)
	at com.kms.katalon.core.main.TestCaseExecutor.processExecutionPhase(TestCaseExecutor.java:298)
	at com.kms.katalon.core.main.TestCaseExecutor.accessMainPhase(TestCaseExecutor.java:290)
	at com.kms.katalon.core.main.TestCaseExecutor.execute(TestCaseExecutor.java:224)
	at com.kms.katalon.core.main.TestCaseMain.runTestCase(TestCaseMain.java:106)
	at com.kms.katalon.core.keyword.builtin.CallTestCaseKeyword$_callTestCase_closure1.doCall(CallTestCaseKeyword.groovy:59)
	at com.kms.katalon.core.keyword.builtin.CallTestCaseKeyword$_callTestCase_closure1.call(CallTestCaseKeyword.groovy)
	at com.kms.katalon.core.keyword.internal.KeywordMain.runKeyword(KeywordMain.groovy:54)
	at com.kms.katalon.core.keyword.builtin.CallTestCaseKeyword.callTestCase(CallTestCaseKeyword.groovy:80)
	at com.kms.katalon.core.keyword.builtin.CallTestCaseKeyword.execute(CallTestCaseKeyword.groovy:44)
	at com.kms.katalon.core.keyword.internal.KeywordExecutor.executeKeywordForPlatform(KeywordExecutor.groovy:53)
	at com.kms.katalon.core.keyword.BuiltinKeywords.callTestCase(BuiltinKeywords.groovy:334)
	at Approve Claim - Full - DA Cheque.run(Approve Claim - Full - DA Cheque:16)
	at com.kms.katalon.core.main.ScriptEngine.run(ScriptEngine.java:194)
	at com.kms.katalon.core.main.ScriptEngine.runScriptAsRawText(ScriptEngine.java:119)
	at com.kms.katalon.core.main.TestCaseExecutor.runScript(TestCaseExecutor.java:328)
	at com.kms.katalon.core.main.TestCaseExecutor.doExecute(TestCaseExecutor.java:319)
	at com.kms.katalon.core.main.TestCaseExecutor.processExecutionPhase(TestCaseExecutor.java:298)
	at com.kms.katalon.core.main.TestCaseExecutor.accessMainPhase(TestCaseExecutor.java:290)
	at com.kms.katalon.core.main.TestCaseExecutor.execute(TestCaseExecutor.java:224)
	at com.kms.katalon.core.main.TestSuiteExecutor.accessTestCaseMainPhase(TestSuiteExecutor.java:129)
	at com.kms.katalon.core.main.TestSuiteExecutor.accessTestSuiteMainPhase(TestSuiteExecutor.java:112)
	at com.kms.katalon.core.main.TestSuiteExecutor.execute(TestSuiteExecutor.java:81)
	at com.kms.katalon.core.main.TestCaseMain.startTestSuite(TestCaseMain.java:149)
	at com.kms.katalon.core.main.TestCaseMain$startTestSuite$0.call(Unknown Source)
	at TempTestSuite1550738418733.run(TempTestSuite1550738418733.groovy:36)


2019-02-21 18:30:15 - [TEST_STEP][FAILED] - callTestCase(findTestCase("All TC/Arranged/3. Unit/EI/Form 7_default/OTC_Application_Reg"), [:], STOP_ON_FAILURE): callTestCase(findTestCase("All TC/Arranged/3. Unit/EI/Form 7_default/OTC_Application_Reg"), [:], STOP_ON_FAILURE) FAILED.
Reason:
com.kms.katalon.core.exception.StepFailedException: Unable to set text '10/01/2019' of object 'Object Repository/KeatMun/Form 7_default/OTC_Application_Reg/Page_PERKESO/11.Tarikh Terima_stampedDtS' (Root cause: org.openqa.selenium.UnhandledAlertException: unexpected alert open: {Alert text : HARAP MAKLUM

PERMOHONAN FAEDAH SISTEM INSURANS PEKERJAAN HANYA BOLEH DIBUAT BERMULA DARI TARIKH KEHILANGAN PEKERJAAN

Nota: Permohonan hendaklah dibuat dalam tempoh 60 hari dari tarikh kehilangan pekerjaan}
  (Session info: chrome=72.0.3626.109)
  (Driver info: chromedriver=2.43.600210 (68dcf5eebde37173d4027fa8635e332711d2874a),platform=Windows NT 6.1.7601 SP1 x86_64) (WARNING: The server did not provide any stacktrace information)
Command duration or timeout: 0 milliseconds: null
Build info: version: '3.7.1', revision: '8a0099a', time: '2017-11-06T21:07:36.161Z'
System info: host: 'WIN7TEST02', ip: '10.20.3.72', os.name: 'Windows 7', os.arch: 'amd64', os.version: '6.1', java.version: '1.8.0_181'
Driver info: com.kms.katalon.selenium.driver.CChromeDriver
Capabilities {acceptInsecureCerts: false, acceptSslCerts: false, applicationCacheEnabled: false, browserConnectionEnabled: false, browserName: chrome, chrome: {chromedriverVersion: 2.43.600210 (68dcf5eebde371..., userDataDir: C:\Users\Admin\AppData\Loca...}, cssSelectorsEnabled: true, databaseEnabled: false, goog:chromeOptions: {debuggerAddress: localhost:62782}, handlesAlerts: true, hasTouchScreen: false, javascriptEnabled: true, locationContextEnabled: true, mobileEmulationEnabled: false, nativeEvents: true, networkConnectionEnabled: false, pageLoadStrategy: normal, platform: XP, platformName: XP, rotatable: false, setWindowRect: true, takesHeapSnapshot: true, takesScreenshot: true, unexpectedAlertBehaviour: , unhandledPromptBehavior: , version: 72.0.3626.109, webStorageEnabled: true}
Session ID: 20aa11e786551fdc52c890c056cc58bc
*** Element info: {Using=xpath, value=//input[@id = 'stampedDtStr' and @name = 'stampedDtStr' and @type = 'text']})
	at com.kms.katalon.core.keyword.internal.KeywordMain.stepFailed(KeywordMain.groovy:36)
	at com.kms.katalon.core.webui.keyword.internal.WebUIKeywordMain.stepFailed(WebUIKeywordMain.groovy:65)
	at com.kms.katalon.core.webui.keyword.internal.WebUIKeywordMain.runKeyword(WebUIKeywordMain.groovy:27)
	at com.kms.katalon.core.webui.keyword.builtin.SetTextKeyword.setText(SetTextKeyword.groovy:65)
	at com.kms.katalon.core.webui.keyword.builtin.SetTextKeyword.execute(SetTextKeyword.groovy:37)
	at com.kms.katalon.core.keyword.internal.KeywordExecutor.executeKeywordForPlatform(KeywordExecutor.groovy:53)
	at com.kms.katalon.core.webui.keyword.WebUiBuiltInKeywords.setText(WebUiBuiltInKeywords.groovy:950)
	at com.kms.katalon.core.webui.keyword.WebUiBuiltInKeywords$setText$1.call(Unknown Source)
	at OTC_Application_Reg.run(OTC_Application_Reg:91)
	at com.kms.katalon.core.main.ScriptEngine.run(ScriptEngine.java:194)
	at com.kms.katalon.core.main.ScriptEngine.runScriptAsRawText(ScriptEngine.java:119)
	at com.kms.katalon.core.main.TestCaseExecutor.runScript(TestCaseExecutor.java:328)
	at com.kms.katalon.core.main.TestCaseExecutor.doExecute(TestCaseExecutor.java:319)
	at com.kms.katalon.core.main.TestCaseExecutor.processExecutionPhase(TestCaseExecutor.java:298)
	at com.kms.katalon.core.main.TestCaseExecutor.accessMainPhase(TestCaseExecutor.java:290)
	at com.kms.katalon.core.main.TestCaseExecutor.execute(TestCaseExecutor.java:224)
	at com.kms.katalon.core.main.TestCaseMain.runTestCase(TestCaseMain.java:106)
	at com.kms.katalon.core.keyword.builtin.CallTestCaseKeyword$_callTestCase_closure1.doCall(CallTestCaseKeyword.groovy:59)
	at com.kms.katalon.core.keyword.builtin.CallTestCaseKeyword$_callTestCase_closure1.call(CallTestCaseKeyword.groovy)
	at com.kms.katalon.core.keyword.internal.KeywordMain.runKeyword(KeywordMain.groovy:54)
	at com.kms.katalon.core.keyword.builtin.CallTestCaseKeyword.callTestCase(CallTestCaseKeyword.groovy:80)
	at com.kms.katalon.core.keyword.builtin.CallTestCaseKeyword.execute(CallTestCaseKeyword.groovy:44)
	at com.kms.katalon.core.keyword.internal.KeywordExecutor.executeKeywordForPlatform(KeywordExecutor.groovy:53)
	at com.kms.katalon.core.keyword.BuiltinKeywords.callTestCase(BuiltinKeywords.groovy:334)
	at OTC_Submit Form 7_End to End - Cheque.run(OTC_Submit Form 7_End to End - Cheque:16)
	at com.kms.katalon.core.main.ScriptEngine.run(ScriptEngine.java:194)
	at com.kms.katalon.core.main.ScriptEngine.runScriptAsRawText(ScriptEngine.java:119)
	at com.kms.katalon.core.main.TestCaseExecutor.runScript(TestCaseExecutor.java:328)
	at com.kms.katalon.core.main.TestCaseExecutor.doExecute(TestCaseExecutor.java:319)
	at com.kms.katalon.core.main.TestCaseExecutor.processExecutionPhase(TestCaseExecutor.java:298)
	at com.kms.katalon.core.main.TestCaseExecutor.accessMainPhase(TestCaseExecutor.java:290)
	at com.kms.katalon.core.main.TestCaseExecutor.execute(TestCaseExecutor.java:224)
	at com.kms.katalon.core.main.TestCaseMain.runTestCase(TestCaseMain.java:106)
	at com.kms.katalon.core.keyword.builtin.CallTestCaseKeyword$_callTestCase_closure1.doCall(CallTestCaseKeyword.groovy:59)
	at com.kms.katalon.core.keyword.builtin.CallTestCaseKeyword$_callTestCase_closure1.call(CallTestCaseKeyword.groovy)
	at com.kms.katalon.core.keyword.internal.KeywordMain.runKeyword(KeywordMain.groovy:54)
	at com.kms.katalon.core.keyword.builtin.CallTestCaseKeyword.callTestCase(CallTestCaseKeyword.groovy:80)
	at com.kms.katalon.core.keyword.builtin.CallTestCaseKeyword.execute(CallTestCaseKeyword.groovy:44)
	at com.kms.katalon.core.keyword.internal.KeywordExecutor.executeKeywordForPlatform(KeywordExecutor.groovy:53)
	at com.kms.katalon.core.keyword.BuiltinKeywords.callTestCase(BuiltinKeywords.groovy:334)
	at Approve Claim - Full - DA Cheque.run(Approve Claim - Full - DA Cheque:16)
	at com.kms.katalon.core.main.ScriptEngine.run(ScriptEngine.java:194)
	at com.kms.katalon.core.main.ScriptEngine.runScriptAsRawText(ScriptEngine.java:119)
	at com.kms.katalon.core.main.TestCaseExecutor.runScript(TestCaseExecutor.java:328)
	at com.kms.katalon.core.main.TestCaseExecutor.doExecute(TestCaseExecutor.java:319)
	at com.kms.katalon.core.main.TestCaseExecutor.processExecutionPhase(TestCaseExecutor.java:298)
	at com.kms.katalon.core.main.TestCaseExecutor.accessMainPhase(TestCaseExecutor.java:290)
	at com.kms.katalon.core.main.TestCaseExecutor.execute(TestCaseExecutor.java:224)
	at com.kms.katalon.core.main.TestSuiteExecutor.accessTestCaseMainPhase(TestSuiteExecutor.java:129)
	at com.kms.katalon.core.main.TestSuiteExecutor.accessTestSuiteMainPhase(TestSuiteExecutor.java:112)
	at com.kms.katalon.core.main.TestSuiteExecutor.execute(TestSuiteExecutor.java:81)
	at com.kms.katalon.core.main.TestCaseMain.startTestSuite(TestCaseMain.java:149)
	at com.kms.katalon.core.main.TestCaseMain$startTestSuite$0.call(Unknown Source)
	at TempTestSuite1550738418733.run(TempTestSuite1550738418733.groovy:36)


2019-02-21 18:30:15 - [TEST_CASE][FAILED] - Test Cases/All TC/Arranged/3. Unit/EI/Form 7_default/OTC_Application_Reg: Test Cases/All TC/Arranged/3. Unit/EI/Form 7_default/OTC_Application_Reg FAILED.
Reason:
com.kms.katalon.core.exception.StepFailedException: Unable to set text '10/01/2019' of object 'Object Repository/KeatMun/Form 7_default/OTC_Application_Reg/Page_PERKESO/11.Tarikh Terima_stampedDtS' (Root cause: org.openqa.selenium.UnhandledAlertException: unexpected alert open: {Alert text : HARAP MAKLUM

PERMOHONAN FAEDAH SISTEM INSURANS PEKERJAAN HANYA BOLEH DIBUAT BERMULA DARI TARIKH KEHILANGAN PEKERJAAN

Nota: Permohonan hendaklah dibuat dalam tempoh 60 hari dari tarikh kehilangan pekerjaan}
  (Session info: chrome=72.0.3626.109)
  (Driver info: chromedriver=2.43.600210 (68dcf5eebde37173d4027fa8635e332711d2874a),platform=Windows NT 6.1.7601 SP1 x86_64) (WARNING: The server did not provide any stacktrace information)
Command duration or timeout: 0 milliseconds: null
Build info: version: '3.7.1', revision: '8a0099a', time: '2017-11-06T21:07:36.161Z'
System info: host: 'WIN7TEST02', ip: '10.20.3.72', os.name: 'Windows 7', os.arch: 'amd64', os.version: '6.1', java.version: '1.8.0_181'
Driver info: com.kms.katalon.selenium.driver.CChromeDriver
Capabilities {acceptInsecureCerts: false, acceptSslCerts: false, applicationCacheEnabled: false, browserConnectionEnabled: false, browserName: chrome, chrome: {chromedriverVersion: 2.43.600210 (68dcf5eebde371..., userDataDir: C:\Users\Admin\AppData\Loca...}, cssSelectorsEnabled: true, databaseEnabled: false, goog:chromeOptions: {debuggerAddress: localhost:62782}, handlesAlerts: true, hasTouchScreen: false, javascriptEnabled: true, locationContextEnabled: true, mobileEmulationEnabled: false, nativeEvents: true, networkConnectionEnabled: false, pageLoadStrategy: normal, platform: XP, platformName: XP, rotatable: false, setWindowRect: true, takesHeapSnapshot: true, takesScreenshot: true, unexpectedAlertBehaviour: , unhandledPromptBehavior: , version: 72.0.3626.109, webStorageEnabled: true}
Session ID: 20aa11e786551fdc52c890c056cc58bc
*** Element info: {Using=xpath, value=//input[@id = 'stampedDtStr' and @name = 'stampedDtStr' and @type = 'text']})
	at com.kms.katalon.core.keyword.internal.KeywordMain.stepFailed(KeywordMain.groovy:36)
	at com.kms.katalon.core.webui.keyword.internal.WebUIKeywordMain.stepFailed(WebUIKeywordMain.groovy:65)
	at com.kms.katalon.core.webui.keyword.internal.WebUIKeywordMain.runKeyword(WebUIKeywordMain.groovy:27)
	at com.kms.katalon.core.webui.keyword.builtin.SetTextKeyword.setText(SetTextKeyword.groovy:65)
	at com.kms.katalon.core.webui.keyword.builtin.SetTextKeyword.execute(SetTextKeyword.groovy:37)
	at com.kms.katalon.core.keyword.internal.KeywordExecutor.executeKeywordForPlatform(KeywordExecutor.groovy:53)
	at com.kms.katalon.core.webui.keyword.WebUiBuiltInKeywords.setText(WebUiBuiltInKeywords.groovy:950)
	at com.kms.katalon.core.webui.keyword.WebUiBuiltInKeywords$setText$1.call(Unknown Source)
	at OTC_Application_Reg.run(OTC_Application_Reg:91)
	at com.kms.katalon.core.main.ScriptEngine.run(ScriptEngine.java:194)
	at com.kms.katalon.core.main.ScriptEngine.runScriptAsRawText(ScriptEngine.java:119)
	at com.kms.katalon.core.main.TestCaseExecutor.runScript(TestCaseExecutor.java:328)
	at com.kms.katalon.core.main.TestCaseExecutor.doExecute(TestCaseExecutor.java:319)
	at com.kms.katalon.core.main.TestCaseExecutor.processExecutionPhase(TestCaseExecutor.java:298)
	at com.kms.katalon.core.main.TestCaseExecutor.accessMainPhase(TestCaseExecutor.java:290)
	at com.kms.katalon.core.main.TestCaseExecutor.execute(TestCaseExecutor.java:224)
	at com.kms.katalon.core.main.TestCaseMain.runTestCase(TestCaseMain.java:106)
	at com.kms.katalon.core.keyword.builtin.CallTestCaseKeyword$_callTestCase_closure1.doCall(CallTestCaseKeyword.groovy:59)
	at com.kms.katalon.core.keyword.builtin.CallTestCaseKeyword$_callTestCase_closure1.call(CallTestCaseKeyword.groovy)
	at com.kms.katalon.core.keyword.internal.KeywordMain.runKeyword(KeywordMain.groovy:54)
	at com.kms.katalon.core.keyword.builtin.CallTestCaseKeyword.callTestCase(CallTestCaseKeyword.groovy:80)
	at com.kms.katalon.core.keyword.builtin.CallTestCaseKeyword.execute(CallTestCaseKeyword.groovy:44)
	at com.kms.katalon.core.keyword.internal.KeywordExecutor.executeKeywordForPlatform(KeywordExecutor.groovy:53)
	at com.kms.katalon.core.keyword.BuiltinKeywords.callTestCase(BuiltinKeywords.groovy:334)
	at OTC_Submit Form 7_End to End - Cheque.run(OTC_Submit Form 7_End to End - Cheque:16)
	at com.kms.katalon.core.main.ScriptEngine.run(ScriptEngine.java:194)
	at com.kms.katalon.core.main.ScriptEngine.runScriptAsRawText(ScriptEngine.java:119)
	at com.kms.katalon.core.main.TestCaseExecutor.runScript(TestCaseExecutor.java:328)
	at com.kms.katalon.core.main.TestCaseExecutor.doExecute(TestCaseExecutor.java:319)
	at com.kms.katalon.core.main.TestCaseExecutor.processExecutionPhase(TestCaseExecutor.java:298)
	at com.kms.katalon.core.main.TestCaseExecutor.accessMainPhase(TestCaseExecutor.java:290)
	at com.kms.katalon.core.main.TestCaseExecutor.execute(TestCaseExecutor.java:224)
	at com.kms.katalon.core.main.TestCaseMain.runTestCase(TestCaseMain.java:106)
	at com.kms.katalon.core.keyword.builtin.CallTestCaseKeyword$_callTestCase_closure1.doCall(CallTestCaseKeyword.groovy:59)
	at com.kms.katalon.core.keyword.builtin.CallTestCaseKeyword$_callTestCase_closure1.call(CallTestCaseKeyword.groovy)
	at com.kms.katalon.core.keyword.internal.KeywordMain.runKeyword(KeywordMain.groovy:54)
	at com.kms.katalon.core.keyword.builtin.CallTestCaseKeyword.callTestCase(CallTestCaseKeyword.groovy:80)
	at com.kms.katalon.core.keyword.builtin.CallTestCaseKeyword.execute(CallTestCaseKeyword.groovy:44)
	at com.kms.katalon.core.keyword.internal.KeywordExecutor.executeKeywordForPlatform(KeywordExecutor.groovy:53)
	at com.kms.katalon.core.keyword.BuiltinKeywords.callTestCase(BuiltinKeywords.groovy:334)
	at Approve Claim - Full - DA Cheque.run(Approve Claim - Full - DA Cheque:16)
	at com.kms.katalon.core.main.ScriptEngine.run(ScriptEngine.java:194)
	at com.kms.katalon.core.main.ScriptEngine.runScriptAsRawText(ScriptEngine.java:119)
	at com.kms.katalon.core.main.TestCaseExecutor.runScript(TestCaseExecutor.java:328)
	at com.kms.katalon.core.main.TestCaseExecutor.doExecute(TestCaseExecutor.java:319)
	at com.kms.katalon.core.main.TestCaseExecutor.processExecutionPhase(TestCaseExecutor.java:298)
	at com.kms.katalon.core.main.TestCaseExecutor.accessMainPhase(TestCaseExecutor.java:290)
	at com.kms.katalon.core.main.TestCaseExecutor.execute(TestCaseExecutor.java:224)
	at com.kms.katalon.core.main.TestSuiteExecutor.accessTestCaseMainPhase(TestSuiteExecutor.java:129)
	at com.kms.katalon.core.main.TestSuiteExecutor.accessTestSuiteMainPhase(TestSuiteExecutor.java:112)
	at com.kms.katalon.core.main.TestSuiteExecutor.execute(TestSuiteExecutor.java:81)
	at com.kms.katalon.core.main.TestCaseMain.startTestSuite(TestCaseMain.java:149)
	at com.kms.katalon.core.main.TestCaseMain$startTestSuite$0.call(Unknown Source)
	at TempTestSuite1550738418733.run(TempTestSuite1550738418733.groovy:36)


2019-02-21 18:30:15 - [TEST_STEP][PASSED] - openBrowser(""): Browser is opened with url: ''

2019-02-21 18:30:15 - [MESSAGE][WARNING] - A browser is already opened. Closing browser and opening a new one

2019-02-21 18:30:16 - [MESSAGE][INFO] - Starting 'Chrome' driver

2019-02-21 18:30:16 - [MESSAGE][INFO] - User set preference: ['args', '[--start-maximized]']

2019-02-21 18:30:18 - [MESSAGE][PASSED] - Browser is opened with url: ''

2019-02-21 18:30:18 - [TEST_STEP][PASSED] - navigateToUrl(Internal_Login): Navigate to 'http://10.20.24.188/eisportal/user/login' successfully

2019-02-21 18:30:19 - [MESSAGE][PASSED] - Navigate to 'http://10.20.24.188/eisportal/user/login' successfully

2019-02-21 18:30:19 - [TEST_STEP][PASSED] - delay(3): Delayed 3 second(s)

2019-02-21 18:30:22 - [MESSAGE][PASSED] - Delayed 3 second(s)

2019-02-21 18:30:22 - [TEST_STEP][PASSED] - setText(findTestObject("KeatMun/Form 7_default/OTC_Application_Reg/Page_PERKESO/1.username"), "faizal.hamid@perkeso.gov.my"): Text 'faizal.hamid@perkeso.gov.my' is set on object 'Object Repository/KeatMun/Form 7_default/OTC_Application_Reg/Page_PERKESO/1.username'

2019-02-21 18:30:22 - [MESSAGE][PASSED] - Text 'faizal.hamid@perkeso.gov.my' is set on object 'Object Repository/KeatMun/Form 7_default/OTC_Application_Reg/Page_PERKESO/1.username'

2019-02-21 18:30:22 - [TEST_STEP][PASSED] - delay(1): Delayed 1 second(s)

2019-02-21 18:30:23 - [MESSAGE][PASSED] - Delayed 1 second(s)

2019-02-21 18:30:23 - [TEST_STEP][PASSED] - setEncryptedText(findTestObject("KeatMun/Form 7_default/OTC_Application_Reg/Page_PERKESO/2.password"), "CQqwFZlbeC8="): Text ****** has been set on object 'Object Repository/KeatMun/Form 7_default/OTC_Application_Reg/Page_PERKESO/2.password'

2019-02-21 18:30:24 - [MESSAGE][PASSED] - Text ****** has been set on object 'Object Repository/KeatMun/Form 7_default/OTC_Application_Reg/Page_PERKESO/2.password'

2019-02-21 18:30:24 - [TEST_STEP][PASSED] - delay(2): Delayed 2 second(s)

2019-02-21 18:30:26 - [MESSAGE][PASSED] - Delayed 2 second(s)

2019-02-21 18:30:26 - [TEST_STEP][PASSED] - click(findTestObject("KeatMun/Form 7_default/OTC_Application_Reg/Page_PERKESO/3.login button")): Object: 'Object Repository/KeatMun/Form 7_default/OTC_Application_Reg/Page_PERKESO/3.login button' is clicked on

2019-02-21 18:30:27 - [MESSAGE][PASSED] - Object: 'Object Repository/KeatMun/Form 7_default/OTC_Application_Reg/Page_PERKESO/3.login button' is clicked on

2019-02-21 18:30:27 - [TEST_STEP][PASSED] - delay(2): Delayed 2 second(s)

2019-02-21 18:30:29 - [MESSAGE][PASSED] - Delayed 2 second(s)

2019-02-21 18:30:29 - [TEST_STEP][PASSED] - click(findTestObject("KeatMun/Form 7_default/OTC_Application_Reg/Page_PERKESO/4. Permohonan tab")): Object: 'Object Repository/KeatMun/Form 7_default/OTC_Application_Reg/Page_PERKESO/4. Permohonan tab' is clicked on

2019-02-21 18:30:29 - [MESSAGE][PASSED] - Object: 'Object Repository/KeatMun/Form 7_default/OTC_Application_Reg/Page_PERKESO/4. Permohonan tab' is clicked on

2019-02-21 18:30:29 - [TEST_STEP][PASSED] - delay(2): Delayed 2 second(s)

2019-02-21 18:30:31 - [MESSAGE][PASSED] - Delayed 2 second(s)

2019-02-21 18:30:31 - [TEST_STEP][PASSED] - click(findTestObject("KeatMun/Form 7_default/OTC_Application_Reg/Page_PERKESO/5.button_Setuju")): Object: 'Object Repository/KeatMun/Form 7_default/OTC_Application_Reg/Page_PERKESO/5.button_Setuju' is clicked on

2019-02-21 18:30:32 - [MESSAGE][PASSED] - Object: 'Object Repository/KeatMun/Form 7_default/OTC_Application_Reg/Page_PERKESO/5.button_Setuju' is clicked on

2019-02-21 18:30:32 - [TEST_STEP][PASSED] - delay(2): Delayed 2 second(s)

2019-02-21 18:30:34 - [MESSAGE][PASSED] - Delayed 2 second(s)

2019-02-21 18:30:34 - [TEST_STEP][PASSED] - callTestCase(findTestCase("All TC/Arranged/1. Common/IC List Checker"), [:], STOP_ON_FAILURE): Call Test Case 'Test Cases/All TC/Arranged/1. Common/IC List Checker' successfully

2019-02-21 18:30:34 - [TEST_CASE][PASSED] - Test Cases/All TC/Arranged/1. Common/IC List Checker: Test Cases/All TC/Arranged/1. Common/IC List Checker

2019-02-21 18:30:34 - [TEST_STEP][PASSED] - counter = 0: null

2019-02-21 18:30:34 - [TEST_STEP][PASSED] - fis = new java.io.FileInputStream((internal.GlobalVariable.TextFilePathCommon + \IC.xlsx)): null

2019-02-21 18:30:34 - [TEST_STEP][PASSED] - workbook = new org.apache.poi.xssf.usermodel.XSSFWorkbook(fis): null

2019-02-21 18:30:34 - [TEST_STEP][PASSED] - sheet = workbook.getSheet("Sheet1"): null

2019-02-21 18:30:34 - [TEST_STEP][PASSED] - totalRow = sheet.getLastRowNum(): null

2019-02-21 18:30:34 - [TEST_STEP][PASSED] - out.println(totalRow): null

2019-02-21 18:30:34 - [TEST_STEP][PASSED] - row = sheet.getRow(counter): null

2019-02-21 18:30:34 - [TEST_STEP][PASSED] - cell = row.getCell(counter): null

2019-02-21 18:30:34 - [TEST_STEP][PASSED] - a = cell.getStringCellValue(): null

2019-02-21 18:30:34 - [TEST_STEP][PASSED] - IC = a: null

2019-02-21 18:30:34 - [TEST_STEP][PASSED] - out.println(IC): null

2019-02-21 18:30:34 - [TEST_STEP][PASSED] - callTestCase(findTestCase("All TC/Arranged/1. Common/1.2 Setter/Setter IC"), [:], STOP_ON_FAILURE): Call Test Case 'Test Cases/All TC/Arranged/1. Common/1.2 Setter/Setter IC' successfully

2019-02-21 18:30:34 - [TEST_CASE][PASSED] - Test Cases/All TC/Arranged/1. Common/1.2 Setter/Setter IC: Test Cases/All TC/Arranged/1. Common/1.2 Setter/Setter IC

2019-02-21 18:30:34 - [TEST_STEP][PASSED] - RefNoOldFile = new java.io.File((internal.GlobalVariable.TextFilePathCommon + \getIC.txt)): null

2019-02-21 18:30:34 - [TEST_STEP][PASSED] - RefNoOldFile.delete(): null

2019-02-21 18:30:34 - [TEST_STEP][PASSED] - delay(5): Delayed 5 second(s)

2019-02-21 18:30:39 - [MESSAGE][PASSED] - Delayed 5 second(s)

2019-02-21 18:30:39 - [TEST_STEP][PASSED] - RefNo = new java.io.File((internal.GlobalVariable.TextFilePathCommon + \getIC.txt)): null

2019-02-21 18:30:39 - [TEST_STEP][PASSED] - f2 = new java.io.FileWriter(RefNo, false): null

2019-02-21 18:30:39 - [TEST_STEP][PASSED] - f2.write(IC): null

2019-02-21 18:30:39 - [TEST_STEP][PASSED] - f2.close(): null

2019-02-21 18:30:39 - [TEST_STEP][PASSED] - out.println("


" + IC + "


"): null

2019-02-21 18:30:39 - [MESSAGE][PASSED] - Call Test Case 'Test Cases/All TC/Arranged/1. Common/1.2 Setter/Setter IC' successfully

2019-02-21 18:30:39 - [MESSAGE][PASSED] - Call Test Case 'Test Cases/All TC/Arranged/1. Common/IC List Checker' successfully

2019-02-21 18:30:39 - [TEST_STEP][PASSED] - setText(findTestObject("KeatMun/Form 7_default/OTC_Application_Reg/Page_PERKESO/6.No. Kad Pengenalan"), IC): Text '541115045367' is set on object 'Object Repository/KeatMun/Form 7_default/OTC_Application_Reg/Page_PERKESO/6.No. Kad Pengenalan'

2019-02-21 18:30:40 - [MESSAGE][PASSED] - Text '541115045367' is set on object 'Object Repository/KeatMun/Form 7_default/OTC_Application_Reg/Page_PERKESO/6.No. Kad Pengenalan'

2019-02-21 18:30:40 - [TEST_STEP][PASSED] - delay(2): Delayed 2 second(s)

2019-02-21 18:30:42 - [MESSAGE][PASSED] - Delayed 2 second(s)

2019-02-21 18:30:42 - [TEST_STEP][PASSED] - click(findTestObject("KeatMun/Form 7_default/OTC_Application_Reg/Page_PERKESO/7.button_Semak")): Object: 'Object Repository/KeatMun/Form 7_default/OTC_Application_Reg/Page_PERKESO/7.button_Semak' is clicked on

2019-02-21 18:30:42 - [MESSAGE][PASSED] - Object: 'Object Repository/KeatMun/Form 7_default/OTC_Application_Reg/Page_PERKESO/7.button_Semak' is clicked on

2019-02-21 18:30:42 - [TEST_STEP][PASSED] - delay(4): Delayed 4 second(s)

2019-02-21 18:30:46 - [MESSAGE][PASSED] - Delayed 4 second(s)

2019-02-21 18:30:46 - [TEST_STEP][PASSED] - click(findTestObject("KeatMun/Form 7_default/OTC_Application_Reg/Page_PERKESO/8. Nama Majikan Dropdown")): Object: 'Object Repository/KeatMun/Form 7_default/OTC_Application_Reg/Page_PERKESO/8. Nama Majikan Dropdown' is clicked on

2019-02-21 18:30:46 - [MESSAGE][PASSED] - Object: 'Object Repository/KeatMun/Form 7_default/OTC_Application_Reg/Page_PERKESO/8. Nama Majikan Dropdown' is clicked on

2019-02-21 18:30:46 - [TEST_STEP][PASSED] - setText(findTestObject("KeatMun/Form 7_default/OTC_Application_Reg/Page_PERKESO/8. LOE emp"), "pet"): Text 'pet' is set on object 'Object Repository/KeatMun/Form 7_default/OTC_Application_Reg/Page_PERKESO/8. LOE emp'

2019-02-21 18:30:46 - [MESSAGE][PASSED] - Text 'pet' is set on object 'Object Repository/KeatMun/Form 7_default/OTC_Application_Reg/Page_PERKESO/8. LOE emp'

2019-02-21 18:30:46 - [TEST_STEP][PASSED] - click(findTestObject("KeatMun/Form 7_default/OTC_Application_Reg/Page_PERKESO/8. PETRONAS")): Object: 'Object Repository/KeatMun/Form 7_default/OTC_Application_Reg/Page_PERKESO/8. PETRONAS' is clicked on

2019-02-21 18:30:46 - [MESSAGE][PASSED] - Object: 'Object Repository/KeatMun/Form 7_default/OTC_Application_Reg/Page_PERKESO/8. PETRONAS' is clicked on

2019-02-21 18:30:46 - [TEST_STEP][PASSED] - delay(2): Delayed 2 second(s)

2019-02-21 18:30:48 - [MESSAGE][PASSED] - Delayed 2 second(s)

2019-02-21 18:30:48 - [TEST_STEP][PASSED] - TodayDate = new java.util.Date(): null

2019-02-21 18:30:48 - [TEST_STEP][PASSED] - CurrentDateNoFilter = new java.text.SimpleDateFormat(): null

2019-02-21 18:30:48 - [TEST_STEP][PASSED] - CurrentDateNoFilter.applyPattern("dd/MM/yyyy"): null

2019-02-21 18:30:48 - [TEST_STEP][PASSED] - CurrentDate = CurrentDateNoFilter.format(TodayDate): null

2019-02-21 18:30:48 - [TEST_STEP][PASSED] - out.println(CurrentDate): null

2019-02-21 18:30:48 - [TEST_STEP][PASSED] - date = CurrentDate: null

2019-02-21 18:30:48 - [TEST_STEP][PASSED] - setText(findTestObject("KeatMun/Form 7_default/OTC_Application_Reg/Page_PERKESO/9.Tarikh kehilangan pkj"), date): Text '21/02/2019' is set on object 'Object Repository/KeatMun/Form 7_default/OTC_Application_Reg/Page_PERKESO/9.Tarikh kehilangan pkj'

2019-02-21 18:30:49 - [MESSAGE][PASSED] - Text '21/02/2019' is set on object 'Object Repository/KeatMun/Form 7_default/OTC_Application_Reg/Page_PERKESO/9.Tarikh kehilangan pkj'

2019-02-21 18:30:49 - [TEST_STEP][PASSED] - delay(2): Delayed 2 second(s)

2019-02-21 18:30:51 - [MESSAGE][PASSED] - Delayed 2 second(s)

2019-02-21 18:30:51 - [TEST_STEP][PASSED] - click(findTestObject("KeatMun/Form 7_default/OTC_Application_Reg/Page_PERKESO/9. Date Picker Done Button ")): Object: 'Object Repository/KeatMun/Form 7_default/OTC_Application_Reg/Page_PERKESO/9. Date Picker Done Button ' is clicked on

2019-02-21 18:30:51 - [MESSAGE][PASSED] - Object: 'Object Repository/KeatMun/Form 7_default/OTC_Application_Reg/Page_PERKESO/9. Date Picker Done Button ' is clicked on

2019-02-21 18:30:51 - [TEST_STEP][PASSED] - delay(2): Delayed 2 second(s)

2019-02-21 18:30:53 - [MESSAGE][PASSED] - Delayed 2 second(s)

2019-02-21 18:30:53 - [TEST_STEP][PASSED] - click(findTestObject("KeatMun/Form 7_default/OTC_Application_Reg/Page_PERKESO/10.button_Mohon")): Object: 'Object Repository/KeatMun/Form 7_default/OTC_Application_Reg/Page_PERKESO/10.button_Mohon' is clicked on

2019-02-21 18:30:53 - [MESSAGE][PASSED] - Object: 'Object Repository/KeatMun/Form 7_default/OTC_Application_Reg/Page_PERKESO/10.button_Mohon' is clicked on

2019-02-21 18:30:53 - [TEST_STEP][PASSED] - delay(2): Delayed 2 second(s)

2019-02-21 18:30:55 - [MESSAGE][PASSED] - Delayed 2 second(s)

2019-02-21 18:30:55 - [TEST_STEP][FAILED] - setText(findTestObject("KeatMun/Form 7_default/OTC_Application_Reg/Page_PERKESO/11.Tarikh Terima_stampedDtS"), "10/01/2019"): setText(findTestObject("KeatMun/Form 7_default/OTC_Application_Reg/Page_PERKESO/11.Tarikh Terima_stampedDtS"), "10/01/2019") FAILED.
Reason:
com.kms.katalon.core.exception.StepFailedException: Unable to set text '10/01/2019' of object 'Object Repository/KeatMun/Form 7_default/OTC_Application_Reg/Page_PERKESO/11.Tarikh Terima_stampedDtS' (Root cause: org.openqa.selenium.UnhandledAlertException: unexpected alert open: {Alert text : HARAP MAKLUM

PERMOHONAN FAEDAH SISTEM INSURANS PEKERJAAN HANYA BOLEH DIBUAT BERMULA DARI TARIKH KEHILANGAN PEKERJAAN

Nota: Permohonan hendaklah dibuat dalam tempoh 60 hari dari tarikh kehilangan pekerjaan}
  (Session info: chrome=72.0.3626.109)
  (Driver info: chromedriver=2.43.600210 (68dcf5eebde37173d4027fa8635e332711d2874a),platform=Windows NT 6.1.7601 SP1 x86_64) (WARNING: The server did not provide any stacktrace information)
Command duration or timeout: 0 milliseconds: null
Build info: version: '3.7.1', revision: '8a0099a', time: '2017-11-06T21:07:36.161Z'
System info: host: 'WIN7TEST02', ip: '10.20.3.72', os.name: 'Windows 7', os.arch: 'amd64', os.version: '6.1', java.version: '1.8.0_181'
Driver info: com.kms.katalon.selenium.driver.CChromeDriver
Capabilities {acceptInsecureCerts: false, acceptSslCerts: false, applicationCacheEnabled: false, browserConnectionEnabled: false, browserName: chrome, chrome: {chromedriverVersion: 2.43.600210 (68dcf5eebde371..., userDataDir: C:\Users\Admin\AppData\Loca...}, cssSelectorsEnabled: true, databaseEnabled: false, goog:chromeOptions: {debuggerAddress: localhost:62782}, handlesAlerts: true, hasTouchScreen: false, javascriptEnabled: true, locationContextEnabled: true, mobileEmulationEnabled: false, nativeEvents: true, networkConnectionEnabled: false, pageLoadStrategy: normal, platform: XP, platformName: XP, rotatable: false, setWindowRect: true, takesHeapSnapshot: true, takesScreenshot: true, unexpectedAlertBehaviour: , unhandledPromptBehavior: , version: 72.0.3626.109, webStorageEnabled: true}
Session ID: 20aa11e786551fdc52c890c056cc58bc
*** Element info: {Using=xpath, value=//input[@id = 'stampedDtStr' and @name = 'stampedDtStr' and @type = 'text']})
	at com.kms.katalon.core.keyword.internal.KeywordMain.stepFailed(KeywordMain.groovy:36)
	at com.kms.katalon.core.webui.keyword.internal.WebUIKeywordMain.stepFailed(WebUIKeywordMain.groovy:65)
	at com.kms.katalon.core.webui.keyword.internal.WebUIKeywordMain.runKeyword(WebUIKeywordMain.groovy:27)
	at com.kms.katalon.core.webui.keyword.builtin.SetTextKeyword.setText(SetTextKeyword.groovy:65)
	at com.kms.katalon.core.webui.keyword.builtin.SetTextKeyword.execute(SetTextKeyword.groovy:37)
	at com.kms.katalon.core.keyword.internal.KeywordExecutor.executeKeywordForPlatform(KeywordExecutor.groovy:53)
	at com.kms.katalon.core.webui.keyword.WebUiBuiltInKeywords.setText(WebUiBuiltInKeywords.groovy:950)
	at com.kms.katalon.core.webui.keyword.WebUiBuiltInKeywords$setText$1.call(Unknown Source)
	at OTC_Application_Reg.run(OTC_Application_Reg:91)
	at com.kms.katalon.core.main.ScriptEngine.run(ScriptEngine.java:194)
	at com.kms.katalon.core.main.ScriptEngine.runScriptAsRawText(ScriptEngine.java:119)
	at com.kms.katalon.core.main.TestCaseExecutor.runScript(TestCaseExecutor.java:328)
	at com.kms.katalon.core.main.TestCaseExecutor.doExecute(TestCaseExecutor.java:319)
	at com.kms.katalon.core.main.TestCaseExecutor.processExecutionPhase(TestCaseExecutor.java:298)
	at com.kms.katalon.core.main.TestCaseExecutor.accessMainPhase(TestCaseExecutor.java:290)
	at com.kms.katalon.core.main.TestCaseExecutor.execute(TestCaseExecutor.java:224)
	at com.kms.katalon.core.main.TestCaseMain.runTestCase(TestCaseMain.java:106)
	at com.kms.katalon.core.keyword.builtin.CallTestCaseKeyword$_callTestCase_closure1.doCall(CallTestCaseKeyword.groovy:59)
	at com.kms.katalon.core.keyword.builtin.CallTestCaseKeyword$_callTestCase_closure1.call(CallTestCaseKeyword.groovy)
	at com.kms.katalon.core.keyword.internal.KeywordMain.runKeyword(KeywordMain.groovy:54)
	at com.kms.katalon.core.keyword.builtin.CallTestCaseKeyword.callTestCase(CallTestCaseKeyword.groovy:80)
	at com.kms.katalon.core.keyword.builtin.CallTestCaseKeyword.execute(CallTestCaseKeyword.groovy:44)
	at com.kms.katalon.core.keyword.internal.KeywordExecutor.executeKeywordForPlatform(KeywordExecutor.groovy:53)
	at com.kms.katalon.core.keyword.BuiltinKeywords.callTestCase(BuiltinKeywords.groovy:334)
	at OTC_Submit Form 7_End to End - Cheque.run(OTC_Submit Form 7_End to End - Cheque:16)
	at com.kms.katalon.core.main.ScriptEngine.run(ScriptEngine.java:194)
	at com.kms.katalon.core.main.ScriptEngine.runScriptAsRawText(ScriptEngine.java:119)
	at com.kms.katalon.core.main.TestCaseExecutor.runScript(TestCaseExecutor.java:328)
	at com.kms.katalon.core.main.TestCaseExecutor.doExecute(TestCaseExecutor.java:319)
	at com.kms.katalon.core.main.TestCaseExecutor.processExecutionPhase(TestCaseExecutor.java:298)
	at com.kms.katalon.core.main.TestCaseExecutor.accessMainPhase(TestCaseExecutor.java:290)
	at com.kms.katalon.core.main.TestCaseExecutor.execute(TestCaseExecutor.java:224)
	at com.kms.katalon.core.main.TestCaseMain.runTestCase(TestCaseMain.java:106)
	at com.kms.katalon.core.keyword.builtin.CallTestCaseKeyword$_callTestCase_closure1.doCall(CallTestCaseKeyword.groovy:59)
	at com.kms.katalon.core.keyword.builtin.CallTestCaseKeyword$_callTestCase_closure1.call(CallTestCaseKeyword.groovy)
	at com.kms.katalon.core.keyword.internal.KeywordMain.runKeyword(KeywordMain.groovy:54)
	at com.kms.katalon.core.keyword.builtin.CallTestCaseKeyword.callTestCase(CallTestCaseKeyword.groovy:80)
	at com.kms.katalon.core.keyword.builtin.CallTestCaseKeyword.execute(CallTestCaseKeyword.groovy:44)
	at com.kms.katalon.core.keyword.internal.KeywordExecutor.executeKeywordForPlatform(KeywordExecutor.groovy:53)
	at com.kms.katalon.core.keyword.BuiltinKeywords.callTestCase(BuiltinKeywords.groovy:334)
	at Approve Claim - Full - DA Cheque.run(Approve Claim - Full - DA Cheque:16)
	at com.kms.katalon.core.main.ScriptEngine.run(ScriptEngine.java:194)
	at com.kms.katalon.core.main.ScriptEngine.runScriptAsRawText(ScriptEngine.java:119)
	at com.kms.katalon.core.main.TestCaseExecutor.runScript(TestCaseExecutor.java:328)
	at com.kms.katalon.core.main.TestCaseExecutor.doExecute(TestCaseExecutor.java:319)
	at com.kms.katalon.core.main.TestCaseExecutor.processExecutionPhase(TestCaseExecutor.java:298)
	at com.kms.katalon.core.main.TestCaseExecutor.accessMainPhase(TestCaseExecutor.java:290)
	at com.kms.katalon.core.main.TestCaseExecutor.execute(TestCaseExecutor.java:224)
	at com.kms.katalon.core.main.TestSuiteExecutor.accessTestCaseMainPhase(TestSuiteExecutor.java:129)
	at com.kms.katalon.core.main.TestSuiteExecutor.accessTestSuiteMainPhase(TestSuiteExecutor.java:112)
	at com.kms.katalon.core.main.TestSuiteExecutor.execute(TestSuiteExecutor.java:81)
	at com.kms.katalon.core.main.TestCaseMain.startTestSuite(TestCaseMain.java:149)
	at com.kms.katalon.core.main.TestCaseMain$startTestSuite$0.call(Unknown Source)
	at TempTestSuite1550738418733.run(TempTestSuite1550738418733.groovy:36)


2019-02-21 18:30:55 - [MESSAGE][WARNING] - Cannot take screenshot

2019-02-21 18:30:55 - [MESSAGE][FAILED] - Unable to set text '10/01/2019' of object 'Object Repository/KeatMun/Form 7_default/OTC_Application_Reg/Page_PERKESO/11.Tarikh Terima_stampedDtS' (Root cause: org.openqa.selenium.UnhandledAlertException: unexpected alert open: {Alert text : HARAP MAKLUM

PERMOHONAN FAEDAH SISTEM INSURANS PEKERJAAN HANYA BOLEH DIBUAT BERMULA DARI TARIKH KEHILANGAN PEKERJAAN

Nota: Permohonan hendaklah dibuat dalam tempoh 60 hari dari tarikh kehilangan pekerjaan}
  (Session info: chrome=72.0.3626.109)
  (Driver info: chromedriver=2.43.600210 (68dcf5eebde37173d4027fa8635e332711d2874a),platform=Windows NT 6.1.7601 SP1 x86_64) (WARNING: The server did not provide any stacktrace information)
Command duration or timeout: 0 milliseconds: null
Build info: version: '3.7.1', revision: '8a0099a', time: '2017-11-06T21:07:36.161Z'
System info: host: 'WIN7TEST02', ip: '10.20.3.72', os.name: 'Windows 7', os.arch: 'amd64', os.version: '6.1', java.version: '1.8.0_181'
Driver info: com.kms.katalon.selenium.driver.CChromeDriver
Capabilities {acceptInsecureCerts: false, acceptSslCerts: false, applicationCacheEnabled: false, browserConnectionEnabled: false, browserName: chrome, chrome: {chromedriverVersion: 2.43.600210 (68dcf5eebde371..., userDataDir: C:\Users\Admin\AppData\Loca...}, cssSelectorsEnabled: true, databaseEnabled: false, goog:chromeOptions: {debuggerAddress: localhost:62782}, handlesAlerts: true, hasTouchScreen: false, javascriptEnabled: true, locationContextEnabled: true, mobileEmulationEnabled: false, nativeEvents: true, networkConnectionEnabled: false, pageLoadStrategy: normal, platform: XP, platformName: XP, rotatable: false, setWindowRect: true, takesHeapSnapshot: true, takesScreenshot: true, unexpectedAlertBehaviour: , unhandledPromptBehavior: , version: 72.0.3626.109, webStorageEnabled: true}
Session ID: 20aa11e786551fdc52c890c056cc58bc
*** Element info: {Using=xpath, value=//input[@id = 'stampedDtStr' and @name = 'stampedDtStr' and @type = 'text']})

2019-02-21 18:30:55 - [MESSAGE][FAILED] - setText(findTestObject("KeatMun/Form 7_default/OTC_Application_Reg/Page_PERKESO/11.Tarikh Terima_stampedDtS"), "10/01/2019") FAILED.
Reason:
com.kms.katalon.core.exception.StepFailedException: Unable to set text '10/01/2019' of object 'Object Repository/KeatMun/Form 7_default/OTC_Application_Reg/Page_PERKESO/11.Tarikh Terima_stampedDtS' (Root cause: org.openqa.selenium.UnhandledAlertException: unexpected alert open: {Alert text : HARAP MAKLUM

PERMOHONAN FAEDAH SISTEM INSURANS PEKERJAAN HANYA BOLEH DIBUAT BERMULA DARI TARIKH KEHILANGAN PEKERJAAN

Nota: Permohonan hendaklah dibuat dalam tempoh 60 hari dari tarikh kehilangan pekerjaan}
  (Session info: chrome=72.0.3626.109)
  (Driver info: chromedriver=2.43.600210 (68dcf5eebde37173d4027fa8635e332711d2874a),platform=Windows NT 6.1.7601 SP1 x86_64) (WARNING: The server did not provide any stacktrace information)
Command duration or timeout: 0 milliseconds: null
Build info: version: '3.7.1', revision: '8a0099a', time: '2017-11-06T21:07:36.161Z'
System info: host: 'WIN7TEST02', ip: '10.20.3.72', os.name: 'Windows 7', os.arch: 'amd64', os.version: '6.1', java.version: '1.8.0_181'
Driver info: com.kms.katalon.selenium.driver.CChromeDriver
Capabilities {acceptInsecureCerts: false, acceptSslCerts: false, applicationCacheEnabled: false, browserConnectionEnabled: false, browserName: chrome, chrome: {chromedriverVersion: 2.43.600210 (68dcf5eebde371..., userDataDir: C:\Users\Admin\AppData\Loca...}, cssSelectorsEnabled: true, databaseEnabled: false, goog:chromeOptions: {debuggerAddress: localhost:62782}, handlesAlerts: true, hasTouchScreen: false, javascriptEnabled: true, locationContextEnabled: true, mobileEmulationEnabled: false, nativeEvents: true, networkConnectionEnabled: false, pageLoadStrategy: normal, platform: XP, platformName: XP, rotatable: false, setWindowRect: true, takesHeapSnapshot: true, takesScreenshot: true, unexpectedAlertBehaviour: , unhandledPromptBehavior: , version: 72.0.3626.109, webStorageEnabled: true}
Session ID: 20aa11e786551fdc52c890c056cc58bc
*** Element info: {Using=xpath, value=//input[@id = 'stampedDtStr' and @name = 'stampedDtStr' and @type = 'text']})
	at com.kms.katalon.core.keyword.internal.KeywordMain.stepFailed(KeywordMain.groovy:36)
	at com.kms.katalon.core.webui.keyword.internal.WebUIKeywordMain.stepFailed(WebUIKeywordMain.groovy:65)
	at com.kms.katalon.core.webui.keyword.internal.WebUIKeywordMain.runKeyword(WebUIKeywordMain.groovy:27)
	at com.kms.katalon.core.webui.keyword.builtin.SetTextKeyword.setText(SetTextKeyword.groovy:65)
	at com.kms.katalon.core.webui.keyword.builtin.SetTextKeyword.execute(SetTextKeyword.groovy:37)
	at com.kms.katalon.core.keyword.internal.KeywordExecutor.executeKeywordForPlatform(KeywordExecutor.groovy:53)
	at com.kms.katalon.core.webui.keyword.WebUiBuiltInKeywords.setText(WebUiBuiltInKeywords.groovy:950)
	at com.kms.katalon.core.webui.keyword.WebUiBuiltInKeywords$setText$1.call(Unknown Source)
	at OTC_Application_Reg.run(OTC_Application_Reg:91)
	at com.kms.katalon.core.main.ScriptEngine.run(ScriptEngine.java:194)
	at com.kms.katalon.core.main.ScriptEngine.runScriptAsRawText(ScriptEngine.java:119)
	at com.kms.katalon.core.main.TestCaseExecutor.runScript(TestCaseExecutor.java:328)
	at com.kms.katalon.core.main.TestCaseExecutor.doExecute(TestCaseExecutor.java:319)
	at com.kms.katalon.core.main.TestCaseExecutor.processExecutionPhase(TestCaseExecutor.java:298)
	at com.kms.katalon.core.main.TestCaseExecutor.accessMainPhase(TestCaseExecutor.java:290)
	at com.kms.katalon.core.main.TestCaseExecutor.execute(TestCaseExecutor.java:224)
	at com.kms.katalon.core.main.TestCaseMain.runTestCase(TestCaseMain.java:106)
	at com.kms.katalon.core.keyword.builtin.CallTestCaseKeyword$_callTestCase_closure1.doCall(CallTestCaseKeyword.groovy:59)
	at com.kms.katalon.core.keyword.builtin.CallTestCaseKeyword$_callTestCase_closure1.call(CallTestCaseKeyword.groovy)
	at com.kms.katalon.core.keyword.internal.KeywordMain.runKeyword(KeywordMain.groovy:54)
	at com.kms.katalon.core.keyword.builtin.CallTestCaseKeyword.callTestCase(CallTestCaseKeyword.groovy:80)
	at com.kms.katalon.core.keyword.builtin.CallTestCaseKeyword.execute(CallTestCaseKeyword.groovy:44)
	at com.kms.katalon.core.keyword.internal.KeywordExecutor.executeKeywordForPlatform(KeywordExecutor.groovy:53)
	at com.kms.katalon.core.keyword.BuiltinKeywords.callTestCase(BuiltinKeywords.groovy:334)
	at OTC_Submit Form 7_End to End - Cheque.run(OTC_Submit Form 7_End to End - Cheque:16)
	at com.kms.katalon.core.main.ScriptEngine.run(ScriptEngine.java:194)
	at com.kms.katalon.core.main.ScriptEngine.runScriptAsRawText(ScriptEngine.java:119)
	at com.kms.katalon.core.main.TestCaseExecutor.runScript(TestCaseExecutor.java:328)
	at com.kms.katalon.core.main.TestCaseExecutor.doExecute(TestCaseExecutor.java:319)
	at com.kms.katalon.core.main.TestCaseExecutor.processExecutionPhase(TestCaseExecutor.java:298)
	at com.kms.katalon.core.main.TestCaseExecutor.accessMainPhase(TestCaseExecutor.java:290)
	at com.kms.katalon.core.main.TestCaseExecutor.execute(TestCaseExecutor.java:224)
	at com.kms.katalon.core.main.TestCaseMain.runTestCase(TestCaseMain.java:106)
	at com.kms.katalon.core.keyword.builtin.CallTestCaseKeyword$_callTestCase_closure1.doCall(CallTestCaseKeyword.groovy:59)
	at com.kms.katalon.core.keyword.builtin.CallTestCaseKeyword$_callTestCase_closure1.call(CallTestCaseKeyword.groovy)
	at com.kms.katalon.core.keyword.internal.KeywordMain.runKeyword(KeywordMain.groovy:54)
	at com.kms.katalon.core.keyword.builtin.CallTestCaseKeyword.callTestCase(CallTestCaseKeyword.groovy:80)
	at com.kms.katalon.core.keyword.builtin.CallTestCaseKeyword.execute(CallTestCaseKeyword.groovy:44)
	at com.kms.katalon.core.keyword.internal.KeywordExecutor.executeKeywordForPlatform(KeywordExecutor.groovy:53)
	at com.kms.katalon.core.keyword.BuiltinKeywords.callTestCase(BuiltinKeywords.groovy:334)
	at Approve Claim - Full - DA Cheque.run(Approve Claim - Full - DA Cheque:16)
	at com.kms.katalon.core.main.ScriptEngine.run(ScriptEngine.java:194)
	at com.kms.katalon.core.main.ScriptEngine.runScriptAsRawText(ScriptEngine.java:119)
	at com.kms.katalon.core.main.TestCaseExecutor.runScript(TestCaseExecutor.java:328)
	at com.kms.katalon.core.main.TestCaseExecutor.doExecute(TestCaseExecutor.java:319)
	at com.kms.katalon.core.main.TestCaseExecutor.processExecutionPhase(TestCaseExecutor.java:298)
	at com.kms.katalon.core.main.TestCaseExecutor.accessMainPhase(TestCaseExecutor.java:290)
	at com.kms.katalon.core.main.TestCaseExecutor.execute(TestCaseExecutor.java:224)
	at com.kms.katalon.core.main.TestSuiteExecutor.accessTestCaseMainPhase(TestSuiteExecutor.java:129)
	at com.kms.katalon.core.main.TestSuiteExecutor.accessTestSuiteMainPhase(TestSuiteExecutor.java:112)
	at com.kms.katalon.core.main.TestSuiteExecutor.execute(TestSuiteExecutor.java:81)
	at com.kms.katalon.core.main.TestCaseMain.startTestSuite(TestCaseMain.java:149)
	at com.kms.katalon.core.main.TestCaseMain$startTestSuite$0.call(Unknown Source)
	at TempTestSuite1550738418733.run(TempTestSuite1550738418733.groovy:36)


2019-02-21 18:30:56 - [MESSAGE][FAILED] - Unable to call Test Case 'Test Cases/All TC/Arranged/3. Unit/EI/Form 7_default/OTC_Application_Reg' (Root cause: com.kms.katalon.core.exception.StepFailedException: Call Test Case 'Test Cases/All TC/Arranged/3. Unit/EI/Form 7_default/OTC_Application_Reg' failed)

2019-02-21 18:30:56 - [MESSAGE][FAILED] - callTestCase(findTestCase("All TC/Arranged/3. Unit/EI/Form 7_default/OTC_Application_Reg"), [:], STOP_ON_FAILURE) FAILED.
Reason:
com.kms.katalon.core.exception.StepFailedException: Unable to set text '10/01/2019' of object 'Object Repository/KeatMun/Form 7_default/OTC_Application_Reg/Page_PERKESO/11.Tarikh Terima_stampedDtS' (Root cause: org.openqa.selenium.UnhandledAlertException: unexpected alert open: {Alert text : HARAP MAKLUM

PERMOHONAN FAEDAH SISTEM INSURANS PEKERJAAN HANYA BOLEH DIBUAT BERMULA DARI TARIKH KEHILANGAN PEKERJAAN

Nota: Permohonan hendaklah dibuat dalam tempoh 60 hari dari tarikh kehilangan pekerjaan}
  (Session info: chrome=72.0.3626.109)
  (Driver info: chromedriver=2.43.600210 (68dcf5eebde37173d4027fa8635e332711d2874a),platform=Windows NT 6.1.7601 SP1 x86_64) (WARNING: The server did not provide any stacktrace information)
Command duration or timeout: 0 milliseconds: null
Build info: version: '3.7.1', revision: '8a0099a', time: '2017-11-06T21:07:36.161Z'
System info: host: 'WIN7TEST02', ip: '10.20.3.72', os.name: 'Windows 7', os.arch: 'amd64', os.version: '6.1', java.version: '1.8.0_181'
Driver info: com.kms.katalon.selenium.driver.CChromeDriver
Capabilities {acceptInsecureCerts: false, acceptSslCerts: false, applicationCacheEnabled: false, browserConnectionEnabled: false, browserName: chrome, chrome: {chromedriverVersion: 2.43.600210 (68dcf5eebde371..., userDataDir: C:\Users\Admin\AppData\Loca...}, cssSelectorsEnabled: true, databaseEnabled: false, goog:chromeOptions: {debuggerAddress: localhost:62782}, handlesAlerts: true, hasTouchScreen: false, javascriptEnabled: true, locationContextEnabled: true, mobileEmulationEnabled: false, nativeEvents: true, networkConnectionEnabled: false, pageLoadStrategy: normal, platform: XP, platformName: XP, rotatable: false, setWindowRect: true, takesHeapSnapshot: true, takesScreenshot: true, unexpectedAlertBehaviour: , unhandledPromptBehavior: , version: 72.0.3626.109, webStorageEnabled: true}
Session ID: 20aa11e786551fdc52c890c056cc58bc
*** Element info: {Using=xpath, value=//input[@id = 'stampedDtStr' and @name = 'stampedDtStr' and @type = 'text']})
	at com.kms.katalon.core.keyword.internal.KeywordMain.stepFailed(KeywordMain.groovy:36)
	at com.kms.katalon.core.webui.keyword.internal.WebUIKeywordMain.stepFailed(WebUIKeywordMain.groovy:65)
	at com.kms.katalon.core.webui.keyword.internal.WebUIKeywordMain.runKeyword(WebUIKeywordMain.groovy:27)
	at com.kms.katalon.core.webui.keyword.builtin.SetTextKeyword.setText(SetTextKeyword.groovy:65)
	at com.kms.katalon.core.webui.keyword.builtin.SetTextKeyword.execute(SetTextKeyword.groovy:37)
	at com.kms.katalon.core.keyword.internal.KeywordExecutor.executeKeywordForPlatform(KeywordExecutor.groovy:53)
	at com.kms.katalon.core.webui.keyword.WebUiBuiltInKeywords.setText(WebUiBuiltInKeywords.groovy:950)
	at com.kms.katalon.core.webui.keyword.WebUiBuiltInKeywords$setText$1.call(Unknown Source)
	at OTC_Application_Reg.run(OTC_Application_Reg:91)
	at com.kms.katalon.core.main.ScriptEngine.run(ScriptEngine.java:194)
	at com.kms.katalon.core.main.ScriptEngine.runScriptAsRawText(ScriptEngine.java:119)
	at com.kms.katalon.core.main.TestCaseExecutor.runScript(TestCaseExecutor.java:328)
	at com.kms.katalon.core.main.TestCaseExecutor.doExecute(TestCaseExecutor.java:319)
	at com.kms.katalon.core.main.TestCaseExecutor.processExecutionPhase(TestCaseExecutor.java:298)
	at com.kms.katalon.core.main.TestCaseExecutor.accessMainPhase(TestCaseExecutor.java:290)
	at com.kms.katalon.core.main.TestCaseExecutor.execute(TestCaseExecutor.java:224)
	at com.kms.katalon.core.main.TestCaseMain.runTestCase(TestCaseMain.java:106)
	at com.kms.katalon.core.keyword.builtin.CallTestCaseKeyword$_callTestCase_closure1.doCall(CallTestCaseKeyword.groovy:59)
	at com.kms.katalon.core.keyword.builtin.CallTestCaseKeyword$_callTestCase_closure1.call(CallTestCaseKeyword.groovy)
	at com.kms.katalon.core.keyword.internal.KeywordMain.runKeyword(KeywordMain.groovy:54)
	at com.kms.katalon.core.keyword.builtin.CallTestCaseKeyword.callTestCase(CallTestCaseKeyword.groovy:80)
	at com.kms.katalon.core.keyword.builtin.CallTestCaseKeyword.execute(CallTestCaseKeyword.groovy:44)
	at com.kms.katalon.core.keyword.internal.KeywordExecutor.executeKeywordForPlatform(KeywordExecutor.groovy:53)
	at com.kms.katalon.core.keyword.BuiltinKeywords.callTestCase(BuiltinKeywords.groovy:334)
	at OTC_Submit Form 7_End to End - Cheque.run(OTC_Submit Form 7_End to End - Cheque:16)
	at com.kms.katalon.core.main.ScriptEngine.run(ScriptEngine.java:194)
	at com.kms.katalon.core.main.ScriptEngine.runScriptAsRawText(ScriptEngine.java:119)
	at com.kms.katalon.core.main.TestCaseExecutor.runScript(TestCaseExecutor.java:328)
	at com.kms.katalon.core.main.TestCaseExecutor.doExecute(TestCaseExecutor.java:319)
	at com.kms.katalon.core.main.TestCaseExecutor.processExecutionPhase(TestCaseExecutor.java:298)
	at com.kms.katalon.core.main.TestCaseExecutor.accessMainPhase(TestCaseExecutor.java:290)
	at com.kms.katalon.core.main.TestCaseExecutor.execute(TestCaseExecutor.java:224)
	at com.kms.katalon.core.main.TestCaseMain.runTestCase(TestCaseMain.java:106)
	at com.kms.katalon.core.keyword.builtin.CallTestCaseKeyword$_callTestCase_closure1.doCall(CallTestCaseKeyword.groovy:59)
	at com.kms.katalon.core.keyword.builtin.CallTestCaseKeyword$_callTestCase_closure1.call(CallTestCaseKeyword.groovy)
	at com.kms.katalon.core.keyword.internal.KeywordMain.runKeyword(KeywordMain.groovy:54)
	at com.kms.katalon.core.keyword.builtin.CallTestCaseKeyword.callTestCase(CallTestCaseKeyword.groovy:80)
	at com.kms.katalon.core.keyword.builtin.CallTestCaseKeyword.execute(CallTestCaseKeyword.groovy:44)
	at com.kms.katalon.core.keyword.internal.KeywordExecutor.executeKeywordForPlatform(KeywordExecutor.groovy:53)
	at com.kms.katalon.core.keyword.BuiltinKeywords.callTestCase(BuiltinKeywords.groovy:334)
	at Approve Claim - Full - DA Cheque.run(Approve Claim - Full - DA Cheque:16)
	at com.kms.katalon.core.main.ScriptEngine.run(ScriptEngine.java:194)
	at com.kms.katalon.core.main.ScriptEngine.runScriptAsRawText(ScriptEngine.java:119)
	at com.kms.katalon.core.main.TestCaseExecutor.runScript(TestCaseExecutor.java:328)
	at com.kms.katalon.core.main.TestCaseExecutor.doExecute(TestCaseExecutor.java:319)
	at com.kms.katalon.core.main.TestCaseExecutor.processExecutionPhase(TestCaseExecutor.java:298)
	at com.kms.katalon.core.main.TestCaseExecutor.accessMainPhase(TestCaseExecutor.java:290)
	at com.kms.katalon.core.main.TestCaseExecutor.execute(TestCaseExecutor.java:224)
	at com.kms.katalon.core.main.TestSuiteExecutor.accessTestCaseMainPhase(TestSuiteExecutor.java:129)
	at com.kms.katalon.core.main.TestSuiteExecutor.accessTestSuiteMainPhase(TestSuiteExecutor.java:112)
	at com.kms.katalon.core.main.TestSuiteExecutor.execute(TestSuiteExecutor.java:81)
	at com.kms.katalon.core.main.TestCaseMain.startTestSuite(TestCaseMain.java:149)
	at com.kms.katalon.core.main.TestCaseMain$startTestSuite$0.call(Unknown Source)
	at TempTestSuite1550738418733.run(TempTestSuite1550738418733.groovy:36)


2019-02-21 18:30:56 - [MESSAGE][FAILED] - Unable to call Test Case 'Test Cases/All TC/Arranged/2. Segment/OTC_Submit Form 7_End to End - Cheque' (Root cause: com.kms.katalon.core.exception.StepFailedException: Call Test Case 'Test Cases/All TC/Arranged/2. Segment/OTC_Submit Form 7_End to End - Cheque' failed)

2019-02-21 18:30:56 - [MESSAGE][FAILED] - callTestCase(findTestCase("All TC/Arranged/2. Segment/OTC_Submit Form 7_End to End - Cheque"), [:], STOP_ON_FAILURE) FAILED.
Reason:
com.kms.katalon.core.exception.StepFailedException: Unable to set text '10/01/2019' of object 'Object Repository/KeatMun/Form 7_default/OTC_Application_Reg/Page_PERKESO/11.Tarikh Terima_stampedDtS' (Root cause: org.openqa.selenium.UnhandledAlertException: unexpected alert open: {Alert text : HARAP MAKLUM

PERMOHONAN FAEDAH SISTEM INSURANS PEKERJAAN HANYA BOLEH DIBUAT BERMULA DARI TARIKH KEHILANGAN PEKERJAAN

Nota: Permohonan hendaklah dibuat dalam tempoh 60 hari dari tarikh kehilangan pekerjaan}
  (Session info: chrome=72.0.3626.109)
  (Driver info: chromedriver=2.43.600210 (68dcf5eebde37173d4027fa8635e332711d2874a),platform=Windows NT 6.1.7601 SP1 x86_64) (WARNING: The server did not provide any stacktrace information)
Command duration or timeout: 0 milliseconds: null
Build info: version: '3.7.1', revision: '8a0099a', time: '2017-11-06T21:07:36.161Z'
System info: host: 'WIN7TEST02', ip: '10.20.3.72', os.name: 'Windows 7', os.arch: 'amd64', os.version: '6.1', java.version: '1.8.0_181'
Driver info: com.kms.katalon.selenium.driver.CChromeDriver
Capabilities {acceptInsecureCerts: false, acceptSslCerts: false, applicationCacheEnabled: false, browserConnectionEnabled: false, browserName: chrome, chrome: {chromedriverVersion: 2.43.600210 (68dcf5eebde371..., userDataDir: C:\Users\Admin\AppData\Loca...}, cssSelectorsEnabled: true, databaseEnabled: false, goog:chromeOptions: {debuggerAddress: localhost:62782}, handlesAlerts: true, hasTouchScreen: false, javascriptEnabled: true, locationContextEnabled: true, mobileEmulationEnabled: false, nativeEvents: true, networkConnectionEnabled: false, pageLoadStrategy: normal, platform: XP, platformName: XP, rotatable: false, setWindowRect: true, takesHeapSnapshot: true, takesScreenshot: true, unexpectedAlertBehaviour: , unhandledPromptBehavior: , version: 72.0.3626.109, webStorageEnabled: true}
Session ID: 20aa11e786551fdc52c890c056cc58bc
*** Element info: {Using=xpath, value=//input[@id = 'stampedDtStr' and @name = 'stampedDtStr' and @type = 'text']})
	at com.kms.katalon.core.keyword.internal.KeywordMain.stepFailed(KeywordMain.groovy:36)
	at com.kms.katalon.core.webui.keyword.internal.WebUIKeywordMain.stepFailed(WebUIKeywordMain.groovy:65)
	at com.kms.katalon.core.webui.keyword.internal.WebUIKeywordMain.runKeyword(WebUIKeywordMain.groovy:27)
	at com.kms.katalon.core.webui.keyword.builtin.SetTextKeyword.setText(SetTextKeyword.groovy:65)
	at com.kms.katalon.core.webui.keyword.builtin.SetTextKeyword.execute(SetTextKeyword.groovy:37)
	at com.kms.katalon.core.keyword.internal.KeywordExecutor.executeKeywordForPlatform(KeywordExecutor.groovy:53)
	at com.kms.katalon.core.webui.keyword.WebUiBuiltInKeywords.setText(WebUiBuiltInKeywords.groovy:950)
	at com.kms.katalon.core.webui.keyword.WebUiBuiltInKeywords$setText$1.call(Unknown Source)
	at OTC_Application_Reg.run(OTC_Application_Reg:91)
	at com.kms.katalon.core.main.ScriptEngine.run(ScriptEngine.java:194)
	at com.kms.katalon.core.main.ScriptEngine.runScriptAsRawText(ScriptEngine.java:119)
	at com.kms.katalon.core.main.TestCaseExecutor.runScript(TestCaseExecutor.java:328)
	at com.kms.katalon.core.main.TestCaseExecutor.doExecute(TestCaseExecutor.java:319)
	at com.kms.katalon.core.main.TestCaseExecutor.processExecutionPhase(TestCaseExecutor.java:298)
	at com.kms.katalon.core.main.TestCaseExecutor.accessMainPhase(TestCaseExecutor.java:290)
	at com.kms.katalon.core.main.TestCaseExecutor.execute(TestCaseExecutor.java:224)
	at com.kms.katalon.core.main.TestCaseMain.runTestCase(TestCaseMain.java:106)
	at com.kms.katalon.core.keyword.builtin.CallTestCaseKeyword$_callTestCase_closure1.doCall(CallTestCaseKeyword.groovy:59)
	at com.kms.katalon.core.keyword.builtin.CallTestCaseKeyword$_callTestCase_closure1.call(CallTestCaseKeyword.groovy)
	at com.kms.katalon.core.keyword.internal.KeywordMain.runKeyword(KeywordMain.groovy:54)
	at com.kms.katalon.core.keyword.builtin.CallTestCaseKeyword.callTestCase(CallTestCaseKeyword.groovy:80)
	at com.kms.katalon.core.keyword.builtin.CallTestCaseKeyword.execute(CallTestCaseKeyword.groovy:44)
	at com.kms.katalon.core.keyword.internal.KeywordExecutor.executeKeywordForPlatform(KeywordExecutor.groovy:53)
	at com.kms.katalon.core.keyword.BuiltinKeywords.callTestCase(BuiltinKeywords.groovy:334)
	at OTC_Submit Form 7_End to End - Cheque.run(OTC_Submit Form 7_End to End - Cheque:16)
	at com.kms.katalon.core.main.ScriptEngine.run(ScriptEngine.java:194)
	at com.kms.katalon.core.main.ScriptEngine.runScriptAsRawText(ScriptEngine.java:119)
	at com.kms.katalon.core.main.TestCaseExecutor.runScript(TestCaseExecutor.java:328)
	at com.kms.katalon.core.main.TestCaseExecutor.doExecute(TestCaseExecutor.java:319)
	at com.kms.katalon.core.main.TestCaseExecutor.processExecutionPhase(TestCaseExecutor.java:298)
	at com.kms.katalon.core.main.TestCaseExecutor.accessMainPhase(TestCaseExecutor.java:290)
	at com.kms.katalon.core.main.TestCaseExecutor.execute(TestCaseExecutor.java:224)
	at com.kms.katalon.core.main.TestCaseMain.runTestCase(TestCaseMain.java:106)
	at com.kms.katalon.core.keyword.builtin.CallTestCaseKeyword$_callTestCase_closure1.doCall(CallTestCaseKeyword.groovy:59)
	at com.kms.katalon.core.keyword.builtin.CallTestCaseKeyword$_callTestCase_closure1.call(CallTestCaseKeyword.groovy)
	at com.kms.katalon.core.keyword.internal.KeywordMain.runKeyword(KeywordMain.groovy:54)
	at com.kms.katalon.core.keyword.builtin.CallTestCaseKeyword.callTestCase(CallTestCaseKeyword.groovy:80)
	at com.kms.katalon.core.keyword.builtin.CallTestCaseKeyword.execute(CallTestCaseKeyword.groovy:44)
	at com.kms.katalon.core.keyword.internal.KeywordExecutor.executeKeywordForPlatform(KeywordExecutor.groovy:53)
	at com.kms.katalon.core.keyword.BuiltinKeywords.callTestCase(BuiltinKeywords.groovy:334)
	at Approve Claim - Full - DA Cheque.run(Approve Claim - Full - DA Cheque:16)
	at com.kms.katalon.core.main.ScriptEngine.run(ScriptEngine.java:194)
	at com.kms.katalon.core.main.ScriptEngine.runScriptAsRawText(ScriptEngine.java:119)
	at com.kms.katalon.core.main.TestCaseExecutor.runScript(TestCaseExecutor.java:328)
	at com.kms.katalon.core.main.TestCaseExecutor.doExecute(TestCaseExecutor.java:319)
	at com.kms.katalon.core.main.TestCaseExecutor.processExecutionPhase(TestCaseExecutor.java:298)
	at com.kms.katalon.core.main.TestCaseExecutor.accessMainPhase(TestCaseExecutor.java:290)
	at com.kms.katalon.core.main.TestCaseExecutor.execute(TestCaseExecutor.java:224)
	at com.kms.katalon.core.main.TestSuiteExecutor.accessTestCaseMainPhase(TestSuiteExecutor.java:129)
	at com.kms.katalon.core.main.TestSuiteExecutor.accessTestSuiteMainPhase(TestSuiteExecutor.java:112)
	at com.kms.katalon.core.main.TestSuiteExecutor.execute(TestSuiteExecutor.java:81)
	at com.kms.katalon.core.main.TestCaseMain.startTestSuite(TestCaseMain.java:149)
	at com.kms.katalon.core.main.TestCaseMain$startTestSuite$0.call(Unknown Source)
	at TempTestSuite1550738418733.run(TempTestSuite1550738418733.groovy:36)]]></system-out>
         <system-err><![CDATA[2019-02-21 18:30:15 - [TEST_CASE][FAILED] - Test Cases/All TC/Arranged/0. Full Flow/Approve Claim - Full - DA Cheque: Test Cases/All TC/Arranged/0. Full Flow/Approve Claim - Full - DA Cheque FAILED.
Reason:
com.kms.katalon.core.exception.StepFailedException: Unable to set text '10/01/2019' of object 'Object Repository/KeatMun/Form 7_default/OTC_Application_Reg/Page_PERKESO/11.Tarikh Terima_stampedDtS' (Root cause: org.openqa.selenium.UnhandledAlertException: unexpected alert open: {Alert text : HARAP MAKLUM

PERMOHONAN FAEDAH SISTEM INSURANS PEKERJAAN HANYA BOLEH DIBUAT BERMULA DARI TARIKH KEHILANGAN PEKERJAAN

Nota: Permohonan hendaklah dibuat dalam tempoh 60 hari dari tarikh kehilangan pekerjaan}
  (Session info: chrome=72.0.3626.109)
  (Driver info: chromedriver=2.43.600210 (68dcf5eebde37173d4027fa8635e332711d2874a),platform=Windows NT 6.1.7601 SP1 x86_64) (WARNING: The server did not provide any stacktrace information)
Command duration or timeout: 0 milliseconds: null
Build info: version: '3.7.1', revision: '8a0099a', time: '2017-11-06T21:07:36.161Z'
System info: host: 'WIN7TEST02', ip: '10.20.3.72', os.name: 'Windows 7', os.arch: 'amd64', os.version: '6.1', java.version: '1.8.0_181'
Driver info: com.kms.katalon.selenium.driver.CChromeDriver
Capabilities {acceptInsecureCerts: false, acceptSslCerts: false, applicationCacheEnabled: false, browserConnectionEnabled: false, browserName: chrome, chrome: {chromedriverVersion: 2.43.600210 (68dcf5eebde371..., userDataDir: C:\Users\Admin\AppData\Loca...}, cssSelectorsEnabled: true, databaseEnabled: false, goog:chromeOptions: {debuggerAddress: localhost:62782}, handlesAlerts: true, hasTouchScreen: false, javascriptEnabled: true, locationContextEnabled: true, mobileEmulationEnabled: false, nativeEvents: true, networkConnectionEnabled: false, pageLoadStrategy: normal, platform: XP, platformName: XP, rotatable: false, setWindowRect: true, takesHeapSnapshot: true, takesScreenshot: true, unexpectedAlertBehaviour: , unhandledPromptBehavior: , version: 72.0.3626.109, webStorageEnabled: true}
Session ID: 20aa11e786551fdc52c890c056cc58bc
*** Element info: {Using=xpath, value=//input[@id = 'stampedDtStr' and @name = 'stampedDtStr' and @type = 'text']})
	at com.kms.katalon.core.keyword.internal.KeywordMain.stepFailed(KeywordMain.groovy:36)
	at com.kms.katalon.core.webui.keyword.internal.WebUIKeywordMain.stepFailed(WebUIKeywordMain.groovy:65)
	at com.kms.katalon.core.webui.keyword.internal.WebUIKeywordMain.runKeyword(WebUIKeywordMain.groovy:27)
	at com.kms.katalon.core.webui.keyword.builtin.SetTextKeyword.setText(SetTextKeyword.groovy:65)
	at com.kms.katalon.core.webui.keyword.builtin.SetTextKeyword.execute(SetTextKeyword.groovy:37)
	at com.kms.katalon.core.keyword.internal.KeywordExecutor.executeKeywordForPlatform(KeywordExecutor.groovy:53)
	at com.kms.katalon.core.webui.keyword.WebUiBuiltInKeywords.setText(WebUiBuiltInKeywords.groovy:950)
	at com.kms.katalon.core.webui.keyword.WebUiBuiltInKeywords$setText$1.call(Unknown Source)
	at OTC_Application_Reg.run(OTC_Application_Reg:91)
	at com.kms.katalon.core.main.ScriptEngine.run(ScriptEngine.java:194)
	at com.kms.katalon.core.main.ScriptEngine.runScriptAsRawText(ScriptEngine.java:119)
	at com.kms.katalon.core.main.TestCaseExecutor.runScript(TestCaseExecutor.java:328)
	at com.kms.katalon.core.main.TestCaseExecutor.doExecute(TestCaseExecutor.java:319)
	at com.kms.katalon.core.main.TestCaseExecutor.processExecutionPhase(TestCaseExecutor.java:298)
	at com.kms.katalon.core.main.TestCaseExecutor.accessMainPhase(TestCaseExecutor.java:290)
	at com.kms.katalon.core.main.TestCaseExecutor.execute(TestCaseExecutor.java:224)
	at com.kms.katalon.core.main.TestCaseMain.runTestCase(TestCaseMain.java:106)
	at com.kms.katalon.core.keyword.builtin.CallTestCaseKeyword$_callTestCase_closure1.doCall(CallTestCaseKeyword.groovy:59)
	at com.kms.katalon.core.keyword.builtin.CallTestCaseKeyword$_callTestCase_closure1.call(CallTestCaseKeyword.groovy)
	at com.kms.katalon.core.keyword.internal.KeywordMain.runKeyword(KeywordMain.groovy:54)
	at com.kms.katalon.core.keyword.builtin.CallTestCaseKeyword.callTestCase(CallTestCaseKeyword.groovy:80)
	at com.kms.katalon.core.keyword.builtin.CallTestCaseKeyword.execute(CallTestCaseKeyword.groovy:44)
	at com.kms.katalon.core.keyword.internal.KeywordExecutor.executeKeywordForPlatform(KeywordExecutor.groovy:53)
	at com.kms.katalon.core.keyword.BuiltinKeywords.callTestCase(BuiltinKeywords.groovy:334)
	at OTC_Submit Form 7_End to End - Cheque.run(OTC_Submit Form 7_End to End - Cheque:16)
	at com.kms.katalon.core.main.ScriptEngine.run(ScriptEngine.java:194)
	at com.kms.katalon.core.main.ScriptEngine.runScriptAsRawText(ScriptEngine.java:119)
	at com.kms.katalon.core.main.TestCaseExecutor.runScript(TestCaseExecutor.java:328)
	at com.kms.katalon.core.main.TestCaseExecutor.doExecute(TestCaseExecutor.java:319)
	at com.kms.katalon.core.main.TestCaseExecutor.processExecutionPhase(TestCaseExecutor.java:298)
	at com.kms.katalon.core.main.TestCaseExecutor.accessMainPhase(TestCaseExecutor.java:290)
	at com.kms.katalon.core.main.TestCaseExecutor.execute(TestCaseExecutor.java:224)
	at com.kms.katalon.core.main.TestCaseMain.runTestCase(TestCaseMain.java:106)
	at com.kms.katalon.core.keyword.builtin.CallTestCaseKeyword$_callTestCase_closure1.doCall(CallTestCaseKeyword.groovy:59)
	at com.kms.katalon.core.keyword.builtin.CallTestCaseKeyword$_callTestCase_closure1.call(CallTestCaseKeyword.groovy)
	at com.kms.katalon.core.keyword.internal.KeywordMain.runKeyword(KeywordMain.groovy:54)
	at com.kms.katalon.core.keyword.builtin.CallTestCaseKeyword.callTestCase(CallTestCaseKeyword.groovy:80)
	at com.kms.katalon.core.keyword.builtin.CallTestCaseKeyword.execute(CallTestCaseKeyword.groovy:44)
	at com.kms.katalon.core.keyword.internal.KeywordExecutor.executeKeywordForPlatform(KeywordExecutor.groovy:53)
	at com.kms.katalon.core.keyword.BuiltinKeywords.callTestCase(BuiltinKeywords.groovy:334)
	at Approve Claim - Full - DA Cheque.run(Approve Claim - Full - DA Cheque:16)
	at com.kms.katalon.core.main.ScriptEngine.run(ScriptEngine.java:194)
	at com.kms.katalon.core.main.ScriptEngine.runScriptAsRawText(ScriptEngine.java:119)
	at com.kms.katalon.core.main.TestCaseExecutor.runScript(TestCaseExecutor.java:328)
	at com.kms.katalon.core.main.TestCaseExecutor.doExecute(TestCaseExecutor.java:319)
	at com.kms.katalon.core.main.TestCaseExecutor.processExecutionPhase(TestCaseExecutor.java:298)
	at com.kms.katalon.core.main.TestCaseExecutor.accessMainPhase(TestCaseExecutor.java:290)
	at com.kms.katalon.core.main.TestCaseExecutor.execute(TestCaseExecutor.java:224)
	at com.kms.katalon.core.main.TestSuiteExecutor.accessTestCaseMainPhase(TestSuiteExecutor.java:129)
	at com.kms.katalon.core.main.TestSuiteExecutor.accessTestSuiteMainPhase(TestSuiteExecutor.java:112)
	at com.kms.katalon.core.main.TestSuiteExecutor.execute(TestSuiteExecutor.java:81)
	at com.kms.katalon.core.main.TestCaseMain.startTestSuite(TestCaseMain.java:149)
	at com.kms.katalon.core.main.TestCaseMain$startTestSuite$0.call(Unknown Source)
	at TempTestSuite1550738418733.run(TempTestSuite1550738418733.groovy:36)]]></system-err>
      </testcase>
      <testcase name="Test Cases/All TC/Arranged/0. Full Flow/Approve Claim - Fill Up UJP - by OB" classname="Test Cases/All TC/Arranged/0. Full Flow/Approve Claim - Fill Up UJP - by OB" status="FAILED">
         <failure type="FAILED" message="Test Cases/All TC/Arranged/0. Full Flow/Approve Claim - Fill Up UJP - by OB FAILED.
Reason:
com.kms.katalon.core.exception.StepFailedException: Unable to set text '10/01/2019' of object 'Object Repository/KeatMun/Form 7_default/OTC_Application_Reg/Page_PERKESO/11.Tarikh Terima_stampedDtS' (Root cause: org.openqa.selenium.UnhandledAlertException: unexpected alert open: {Alert text : HARAP MAKLUM

PERMOHONAN FAEDAH SISTEM INSURANS PEKERJAAN HANYA BOLEH DIBUAT BERMULA DARI TARIKH KEHILANGAN PEKERJAAN

Nota: Permohonan hendaklah dibuat dalam tempoh 60 hari dari tarikh kehilangan pekerjaan}
  (Session info: chrome=72.0.3626.109)
  (Driver info: chromedriver=2.43.600210 (68dcf5eebde37173d4027fa8635e332711d2874a),platform=Windows NT 6.1.7601 SP1 x86_64) (WARNING: The server did not provide any stacktrace information)
Command duration or timeout: 0 milliseconds: null
Build info: version: '3.7.1', revision: '8a0099a', time: '2017-11-06T21:07:36.161Z'
System info: host: 'WIN7TEST02', ip: '10.20.3.72', os.name: 'Windows 7', os.arch: 'amd64', os.version: '6.1', java.version: '1.8.0_181'
Driver info: com.kms.katalon.selenium.driver.CChromeDriver
Capabilities {acceptInsecureCerts: false, acceptSslCerts: false, applicationCacheEnabled: false, browserConnectionEnabled: false, browserName: chrome, chrome: {chromedriverVersion: 2.43.600210 (68dcf5eebde371..., userDataDir: C:\Users\Admin\AppData\Loca...}, cssSelectorsEnabled: true, databaseEnabled: false, goog:chromeOptions: {debuggerAddress: localhost:62813}, handlesAlerts: true, hasTouchScreen: false, javascriptEnabled: true, locationContextEnabled: true, mobileEmulationEnabled: false, nativeEvents: true, networkConnectionEnabled: false, pageLoadStrategy: normal, platform: XP, platformName: XP, rotatable: false, setWindowRect: true, takesHeapSnapshot: true, takesScreenshot: true, unexpectedAlertBehaviour: , unhandledPromptBehavior: , version: 72.0.3626.109, webStorageEnabled: true}
Session ID: a0352412541468df6d4fd5c406172170
*** Element info: {Using=xpath, value=//input[@id = 'stampedDtStr' and @name = 'stampedDtStr' and @type = 'text']})
	at com.kms.katalon.core.keyword.internal.KeywordMain.stepFailed(KeywordMain.groovy:36)
	at com.kms.katalon.core.webui.keyword.internal.WebUIKeywordMain.stepFailed(WebUIKeywordMain.groovy:65)
	at com.kms.katalon.core.webui.keyword.internal.WebUIKeywordMain.runKeyword(WebUIKeywordMain.groovy:27)
	at com.kms.katalon.core.webui.keyword.builtin.SetTextKeyword.setText(SetTextKeyword.groovy:65)
	at com.kms.katalon.core.webui.keyword.builtin.SetTextKeyword.execute(SetTextKeyword.groovy:37)
	at com.kms.katalon.core.keyword.internal.KeywordExecutor.executeKeywordForPlatform(KeywordExecutor.groovy:53)
	at com.kms.katalon.core.webui.keyword.WebUiBuiltInKeywords.setText(WebUiBuiltInKeywords.groovy:950)
	at com.kms.katalon.core.webui.keyword.WebUiBuiltInKeywords$setText$1.call(Unknown Source)
	at OTC_Application_Reg.run(OTC_Application_Reg:91)
	at com.kms.katalon.core.main.ScriptEngine.run(ScriptEngine.java:194)
	at com.kms.katalon.core.main.ScriptEngine.runScriptAsRawText(ScriptEngine.java:119)
	at com.kms.katalon.core.main.TestCaseExecutor.runScript(TestCaseExecutor.java:328)
	at com.kms.katalon.core.main.TestCaseExecutor.doExecute(TestCaseExecutor.java:319)
	at com.kms.katalon.core.main.TestCaseExecutor.processExecutionPhase(TestCaseExecutor.java:298)
	at com.kms.katalon.core.main.TestCaseExecutor.accessMainPhase(TestCaseExecutor.java:290)
	at com.kms.katalon.core.main.TestCaseExecutor.execute(TestCaseExecutor.java:224)
	at com.kms.katalon.core.main.TestCaseMain.runTestCase(TestCaseMain.java:106)
	at com.kms.katalon.core.keyword.builtin.CallTestCaseKeyword$_callTestCase_closure1.doCall(CallTestCaseKeyword.groovy:59)
	at com.kms.katalon.core.keyword.builtin.CallTestCaseKeyword$_callTestCase_closure1.call(CallTestCaseKeyword.groovy)
	at com.kms.katalon.core.keyword.internal.KeywordMain.runKeyword(KeywordMain.groovy:54)
	at com.kms.katalon.core.keyword.builtin.CallTestCaseKeyword.callTestCase(CallTestCaseKeyword.groovy:80)
	at com.kms.katalon.core.keyword.builtin.CallTestCaseKeyword.execute(CallTestCaseKeyword.groovy:44)
	at com.kms.katalon.core.keyword.internal.KeywordExecutor.executeKeywordForPlatform(KeywordExecutor.groovy:53)
	at com.kms.katalon.core.keyword.BuiltinKeywords.callTestCase(BuiltinKeywords.groovy:334)
	at OTC_Submit Form 7_End to End - Cheque.run(OTC_Submit Form 7_End to End - Cheque:16)
	at com.kms.katalon.core.main.ScriptEngine.run(ScriptEngine.java:194)
	at com.kms.katalon.core.main.ScriptEngine.runScriptAsRawText(ScriptEngine.java:119)
	at com.kms.katalon.core.main.TestCaseExecutor.runScript(TestCaseExecutor.java:328)
	at com.kms.katalon.core.main.TestCaseExecutor.doExecute(TestCaseExecutor.java:319)
	at com.kms.katalon.core.main.TestCaseExecutor.processExecutionPhase(TestCaseExecutor.java:298)
	at com.kms.katalon.core.main.TestCaseExecutor.accessMainPhase(TestCaseExecutor.java:290)
	at com.kms.katalon.core.main.TestCaseExecutor.execute(TestCaseExecutor.java:224)
	at com.kms.katalon.core.main.TestCaseMain.runTestCase(TestCaseMain.java:106)
	at com.kms.katalon.core.keyword.builtin.CallTestCaseKeyword$_callTestCase_closure1.doCall(CallTestCaseKeyword.groovy:59)
	at com.kms.katalon.core.keyword.builtin.CallTestCaseKeyword$_callTestCase_closure1.call(CallTestCaseKeyword.groovy)
	at com.kms.katalon.core.keyword.internal.KeywordMain.runKeyword(KeywordMain.groovy:54)
	at com.kms.katalon.core.keyword.builtin.CallTestCaseKeyword.callTestCase(CallTestCaseKeyword.groovy:80)
	at com.kms.katalon.core.keyword.builtin.CallTestCaseKeyword.execute(CallTestCaseKeyword.groovy:44)
	at com.kms.katalon.core.keyword.internal.KeywordExecutor.executeKeywordForPlatform(KeywordExecutor.groovy:53)
	at com.kms.katalon.core.keyword.BuiltinKeywords.callTestCase(BuiltinKeywords.groovy:334)
	at Approve Claim - Fill Up UJP - by OB.run(Approve Claim - Fill Up UJP - by OB:16)
	at com.kms.katalon.core.main.ScriptEngine.run(ScriptEngine.java:194)
	at com.kms.katalon.core.main.ScriptEngine.runScriptAsRawText(ScriptEngine.java:119)
	at com.kms.katalon.core.main.TestCaseExecutor.runScript(TestCaseExecutor.java:328)
	at com.kms.katalon.core.main.TestCaseExecutor.doExecute(TestCaseExecutor.java:319)
	at com.kms.katalon.core.main.TestCaseExecutor.processExecutionPhase(TestCaseExecutor.java:298)
	at com.kms.katalon.core.main.TestCaseExecutor.accessMainPhase(TestCaseExecutor.java:290)
	at com.kms.katalon.core.main.TestCaseExecutor.execute(TestCaseExecutor.java:224)
	at com.kms.katalon.core.main.TestSuiteExecutor.accessTestCaseMainPhase(TestSuiteExecutor.java:129)
	at com.kms.katalon.core.main.TestSuiteExecutor.accessTestSuiteMainPhase(TestSuiteExecutor.java:112)
	at com.kms.katalon.core.main.TestSuiteExecutor.execute(TestSuiteExecutor.java:81)
	at com.kms.katalon.core.main.TestCaseMain.startTestSuite(TestCaseMain.java:149)
	at com.kms.katalon.core.main.TestCaseMain$startTestSuite$0.call(Unknown Source)
	at TempTestSuite1550738418733.run(TempTestSuite1550738418733.groovy:36)
"/>
         <system-out><![CDATA[2019-02-21 18:30:57 - [TEST_CASE][FAILED] - Test Cases/All TC/Arranged/0. Full Flow/Approve Claim - Fill Up UJP - by OB: Test Cases/All TC/Arranged/0. Full Flow/Approve Claim - Fill Up UJP - by OB FAILED.
Reason:
com.kms.katalon.core.exception.StepFailedException: Unable to set text '10/01/2019' of object 'Object Repository/KeatMun/Form 7_default/OTC_Application_Reg/Page_PERKESO/11.Tarikh Terima_stampedDtS' (Root cause: org.openqa.selenium.UnhandledAlertException: unexpected alert open: {Alert text : HARAP MAKLUM

PERMOHONAN FAEDAH SISTEM INSURANS PEKERJAAN HANYA BOLEH DIBUAT BERMULA DARI TARIKH KEHILANGAN PEKERJAAN

Nota: Permohonan hendaklah dibuat dalam tempoh 60 hari dari tarikh kehilangan pekerjaan}
  (Session info: chrome=72.0.3626.109)
  (Driver info: chromedriver=2.43.600210 (68dcf5eebde37173d4027fa8635e332711d2874a),platform=Windows NT 6.1.7601 SP1 x86_64) (WARNING: The server did not provide any stacktrace information)
Command duration or timeout: 0 milliseconds: null
Build info: version: '3.7.1', revision: '8a0099a', time: '2017-11-06T21:07:36.161Z'
System info: host: 'WIN7TEST02', ip: '10.20.3.72', os.name: 'Windows 7', os.arch: 'amd64', os.version: '6.1', java.version: '1.8.0_181'
Driver info: com.kms.katalon.selenium.driver.CChromeDriver
Capabilities {acceptInsecureCerts: false, acceptSslCerts: false, applicationCacheEnabled: false, browserConnectionEnabled: false, browserName: chrome, chrome: {chromedriverVersion: 2.43.600210 (68dcf5eebde371..., userDataDir: C:\Users\Admin\AppData\Loca...}, cssSelectorsEnabled: true, databaseEnabled: false, goog:chromeOptions: {debuggerAddress: localhost:62813}, handlesAlerts: true, hasTouchScreen: false, javascriptEnabled: true, locationContextEnabled: true, mobileEmulationEnabled: false, nativeEvents: true, networkConnectionEnabled: false, pageLoadStrategy: normal, platform: XP, platformName: XP, rotatable: false, setWindowRect: true, takesHeapSnapshot: true, takesScreenshot: true, unexpectedAlertBehaviour: , unhandledPromptBehavior: , version: 72.0.3626.109, webStorageEnabled: true}
Session ID: a0352412541468df6d4fd5c406172170
*** Element info: {Using=xpath, value=//input[@id = 'stampedDtStr' and @name = 'stampedDtStr' and @type = 'text']})
	at com.kms.katalon.core.keyword.internal.KeywordMain.stepFailed(KeywordMain.groovy:36)
	at com.kms.katalon.core.webui.keyword.internal.WebUIKeywordMain.stepFailed(WebUIKeywordMain.groovy:65)
	at com.kms.katalon.core.webui.keyword.internal.WebUIKeywordMain.runKeyword(WebUIKeywordMain.groovy:27)
	at com.kms.katalon.core.webui.keyword.builtin.SetTextKeyword.setText(SetTextKeyword.groovy:65)
	at com.kms.katalon.core.webui.keyword.builtin.SetTextKeyword.execute(SetTextKeyword.groovy:37)
	at com.kms.katalon.core.keyword.internal.KeywordExecutor.executeKeywordForPlatform(KeywordExecutor.groovy:53)
	at com.kms.katalon.core.webui.keyword.WebUiBuiltInKeywords.setText(WebUiBuiltInKeywords.groovy:950)
	at com.kms.katalon.core.webui.keyword.WebUiBuiltInKeywords$setText$1.call(Unknown Source)
	at OTC_Application_Reg.run(OTC_Application_Reg:91)
	at com.kms.katalon.core.main.ScriptEngine.run(ScriptEngine.java:194)
	at com.kms.katalon.core.main.ScriptEngine.runScriptAsRawText(ScriptEngine.java:119)
	at com.kms.katalon.core.main.TestCaseExecutor.runScript(TestCaseExecutor.java:328)
	at com.kms.katalon.core.main.TestCaseExecutor.doExecute(TestCaseExecutor.java:319)
	at com.kms.katalon.core.main.TestCaseExecutor.processExecutionPhase(TestCaseExecutor.java:298)
	at com.kms.katalon.core.main.TestCaseExecutor.accessMainPhase(TestCaseExecutor.java:290)
	at com.kms.katalon.core.main.TestCaseExecutor.execute(TestCaseExecutor.java:224)
	at com.kms.katalon.core.main.TestCaseMain.runTestCase(TestCaseMain.java:106)
	at com.kms.katalon.core.keyword.builtin.CallTestCaseKeyword$_callTestCase_closure1.doCall(CallTestCaseKeyword.groovy:59)
	at com.kms.katalon.core.keyword.builtin.CallTestCaseKeyword$_callTestCase_closure1.call(CallTestCaseKeyword.groovy)
	at com.kms.katalon.core.keyword.internal.KeywordMain.runKeyword(KeywordMain.groovy:54)
	at com.kms.katalon.core.keyword.builtin.CallTestCaseKeyword.callTestCase(CallTestCaseKeyword.groovy:80)
	at com.kms.katalon.core.keyword.builtin.CallTestCaseKeyword.execute(CallTestCaseKeyword.groovy:44)
	at com.kms.katalon.core.keyword.internal.KeywordExecutor.executeKeywordForPlatform(KeywordExecutor.groovy:53)
	at com.kms.katalon.core.keyword.BuiltinKeywords.callTestCase(BuiltinKeywords.groovy:334)
	at OTC_Submit Form 7_End to End - Cheque.run(OTC_Submit Form 7_End to End - Cheque:16)
	at com.kms.katalon.core.main.ScriptEngine.run(ScriptEngine.java:194)
	at com.kms.katalon.core.main.ScriptEngine.runScriptAsRawText(ScriptEngine.java:119)
	at com.kms.katalon.core.main.TestCaseExecutor.runScript(TestCaseExecutor.java:328)
	at com.kms.katalon.core.main.TestCaseExecutor.doExecute(TestCaseExecutor.java:319)
	at com.kms.katalon.core.main.TestCaseExecutor.processExecutionPhase(TestCaseExecutor.java:298)
	at com.kms.katalon.core.main.TestCaseExecutor.accessMainPhase(TestCaseExecutor.java:290)
	at com.kms.katalon.core.main.TestCaseExecutor.execute(TestCaseExecutor.java:224)
	at com.kms.katalon.core.main.TestCaseMain.runTestCase(TestCaseMain.java:106)
	at com.kms.katalon.core.keyword.builtin.CallTestCaseKeyword$_callTestCase_closure1.doCall(CallTestCaseKeyword.groovy:59)
	at com.kms.katalon.core.keyword.builtin.CallTestCaseKeyword$_callTestCase_closure1.call(CallTestCaseKeyword.groovy)
	at com.kms.katalon.core.keyword.internal.KeywordMain.runKeyword(KeywordMain.groovy:54)
	at com.kms.katalon.core.keyword.builtin.CallTestCaseKeyword.callTestCase(CallTestCaseKeyword.groovy:80)
	at com.kms.katalon.core.keyword.builtin.CallTestCaseKeyword.execute(CallTestCaseKeyword.groovy:44)
	at com.kms.katalon.core.keyword.internal.KeywordExecutor.executeKeywordForPlatform(KeywordExecutor.groovy:53)
	at com.kms.katalon.core.keyword.BuiltinKeywords.callTestCase(BuiltinKeywords.groovy:334)
	at Approve Claim - Fill Up UJP - by OB.run(Approve Claim - Fill Up UJP - by OB:16)
	at com.kms.katalon.core.main.ScriptEngine.run(ScriptEngine.java:194)
	at com.kms.katalon.core.main.ScriptEngine.runScriptAsRawText(ScriptEngine.java:119)
	at com.kms.katalon.core.main.TestCaseExecutor.runScript(TestCaseExecutor.java:328)
	at com.kms.katalon.core.main.TestCaseExecutor.doExecute(TestCaseExecutor.java:319)
	at com.kms.katalon.core.main.TestCaseExecutor.processExecutionPhase(TestCaseExecutor.java:298)
	at com.kms.katalon.core.main.TestCaseExecutor.accessMainPhase(TestCaseExecutor.java:290)
	at com.kms.katalon.core.main.TestCaseExecutor.execute(TestCaseExecutor.java:224)
	at com.kms.katalon.core.main.TestSuiteExecutor.accessTestCaseMainPhase(TestSuiteExecutor.java:129)
	at com.kms.katalon.core.main.TestSuiteExecutor.accessTestSuiteMainPhase(TestSuiteExecutor.java:112)
	at com.kms.katalon.core.main.TestSuiteExecutor.execute(TestSuiteExecutor.java:81)
	at com.kms.katalon.core.main.TestCaseMain.startTestSuite(TestCaseMain.java:149)
	at com.kms.katalon.core.main.TestCaseMain$startTestSuite$0.call(Unknown Source)
	at TempTestSuite1550738418733.run(TempTestSuite1550738418733.groovy:36)


2019-02-21 18:30:57 - [TEST_STEP][FAILED] - callTestCase(findTestCase("All TC/Arranged/2. Segment/OTC_Submit Form 7_End to End - Cheque"), [:], STOP_ON_FAILURE): callTestCase(findTestCase("All TC/Arranged/2. Segment/OTC_Submit Form 7_End to End - Cheque"), [:], STOP_ON_FAILURE) FAILED.
Reason:
com.kms.katalon.core.exception.StepFailedException: Unable to set text '10/01/2019' of object 'Object Repository/KeatMun/Form 7_default/OTC_Application_Reg/Page_PERKESO/11.Tarikh Terima_stampedDtS' (Root cause: org.openqa.selenium.UnhandledAlertException: unexpected alert open: {Alert text : HARAP MAKLUM

PERMOHONAN FAEDAH SISTEM INSURANS PEKERJAAN HANYA BOLEH DIBUAT BERMULA DARI TARIKH KEHILANGAN PEKERJAAN

Nota: Permohonan hendaklah dibuat dalam tempoh 60 hari dari tarikh kehilangan pekerjaan}
  (Session info: chrome=72.0.3626.109)
  (Driver info: chromedriver=2.43.600210 (68dcf5eebde37173d4027fa8635e332711d2874a),platform=Windows NT 6.1.7601 SP1 x86_64) (WARNING: The server did not provide any stacktrace information)
Command duration or timeout: 0 milliseconds: null
Build info: version: '3.7.1', revision: '8a0099a', time: '2017-11-06T21:07:36.161Z'
System info: host: 'WIN7TEST02', ip: '10.20.3.72', os.name: 'Windows 7', os.arch: 'amd64', os.version: '6.1', java.version: '1.8.0_181'
Driver info: com.kms.katalon.selenium.driver.CChromeDriver
Capabilities {acceptInsecureCerts: false, acceptSslCerts: false, applicationCacheEnabled: false, browserConnectionEnabled: false, browserName: chrome, chrome: {chromedriverVersion: 2.43.600210 (68dcf5eebde371..., userDataDir: C:\Users\Admin\AppData\Loca...}, cssSelectorsEnabled: true, databaseEnabled: false, goog:chromeOptions: {debuggerAddress: localhost:62813}, handlesAlerts: true, hasTouchScreen: false, javascriptEnabled: true, locationContextEnabled: true, mobileEmulationEnabled: false, nativeEvents: true, networkConnectionEnabled: false, pageLoadStrategy: normal, platform: XP, platformName: XP, rotatable: false, setWindowRect: true, takesHeapSnapshot: true, takesScreenshot: true, unexpectedAlertBehaviour: , unhandledPromptBehavior: , version: 72.0.3626.109, webStorageEnabled: true}
Session ID: a0352412541468df6d4fd5c406172170
*** Element info: {Using=xpath, value=//input[@id = 'stampedDtStr' and @name = 'stampedDtStr' and @type = 'text']})
	at com.kms.katalon.core.keyword.internal.KeywordMain.stepFailed(KeywordMain.groovy:36)
	at com.kms.katalon.core.webui.keyword.internal.WebUIKeywordMain.stepFailed(WebUIKeywordMain.groovy:65)
	at com.kms.katalon.core.webui.keyword.internal.WebUIKeywordMain.runKeyword(WebUIKeywordMain.groovy:27)
	at com.kms.katalon.core.webui.keyword.builtin.SetTextKeyword.setText(SetTextKeyword.groovy:65)
	at com.kms.katalon.core.webui.keyword.builtin.SetTextKeyword.execute(SetTextKeyword.groovy:37)
	at com.kms.katalon.core.keyword.internal.KeywordExecutor.executeKeywordForPlatform(KeywordExecutor.groovy:53)
	at com.kms.katalon.core.webui.keyword.WebUiBuiltInKeywords.setText(WebUiBuiltInKeywords.groovy:950)
	at com.kms.katalon.core.webui.keyword.WebUiBuiltInKeywords$setText$1.call(Unknown Source)
	at OTC_Application_Reg.run(OTC_Application_Reg:91)
	at com.kms.katalon.core.main.ScriptEngine.run(ScriptEngine.java:194)
	at com.kms.katalon.core.main.ScriptEngine.runScriptAsRawText(ScriptEngine.java:119)
	at com.kms.katalon.core.main.TestCaseExecutor.runScript(TestCaseExecutor.java:328)
	at com.kms.katalon.core.main.TestCaseExecutor.doExecute(TestCaseExecutor.java:319)
	at com.kms.katalon.core.main.TestCaseExecutor.processExecutionPhase(TestCaseExecutor.java:298)
	at com.kms.katalon.core.main.TestCaseExecutor.accessMainPhase(TestCaseExecutor.java:290)
	at com.kms.katalon.core.main.TestCaseExecutor.execute(TestCaseExecutor.java:224)
	at com.kms.katalon.core.main.TestCaseMain.runTestCase(TestCaseMain.java:106)
	at com.kms.katalon.core.keyword.builtin.CallTestCaseKeyword$_callTestCase_closure1.doCall(CallTestCaseKeyword.groovy:59)
	at com.kms.katalon.core.keyword.builtin.CallTestCaseKeyword$_callTestCase_closure1.call(CallTestCaseKeyword.groovy)
	at com.kms.katalon.core.keyword.internal.KeywordMain.runKeyword(KeywordMain.groovy:54)
	at com.kms.katalon.core.keyword.builtin.CallTestCaseKeyword.callTestCase(CallTestCaseKeyword.groovy:80)
	at com.kms.katalon.core.keyword.builtin.CallTestCaseKeyword.execute(CallTestCaseKeyword.groovy:44)
	at com.kms.katalon.core.keyword.internal.KeywordExecutor.executeKeywordForPlatform(KeywordExecutor.groovy:53)
	at com.kms.katalon.core.keyword.BuiltinKeywords.callTestCase(BuiltinKeywords.groovy:334)
	at OTC_Submit Form 7_End to End - Cheque.run(OTC_Submit Form 7_End to End - Cheque:16)
	at com.kms.katalon.core.main.ScriptEngine.run(ScriptEngine.java:194)
	at com.kms.katalon.core.main.ScriptEngine.runScriptAsRawText(ScriptEngine.java:119)
	at com.kms.katalon.core.main.TestCaseExecutor.runScript(TestCaseExecutor.java:328)
	at com.kms.katalon.core.main.TestCaseExecutor.doExecute(TestCaseExecutor.java:319)
	at com.kms.katalon.core.main.TestCaseExecutor.processExecutionPhase(TestCaseExecutor.java:298)
	at com.kms.katalon.core.main.TestCaseExecutor.accessMainPhase(TestCaseExecutor.java:290)
	at com.kms.katalon.core.main.TestCaseExecutor.execute(TestCaseExecutor.java:224)
	at com.kms.katalon.core.main.TestCaseMain.runTestCase(TestCaseMain.java:106)
	at com.kms.katalon.core.keyword.builtin.CallTestCaseKeyword$_callTestCase_closure1.doCall(CallTestCaseKeyword.groovy:59)
	at com.kms.katalon.core.keyword.builtin.CallTestCaseKeyword$_callTestCase_closure1.call(CallTestCaseKeyword.groovy)
	at com.kms.katalon.core.keyword.internal.KeywordMain.runKeyword(KeywordMain.groovy:54)
	at com.kms.katalon.core.keyword.builtin.CallTestCaseKeyword.callTestCase(CallTestCaseKeyword.groovy:80)
	at com.kms.katalon.core.keyword.builtin.CallTestCaseKeyword.execute(CallTestCaseKeyword.groovy:44)
	at com.kms.katalon.core.keyword.internal.KeywordExecutor.executeKeywordForPlatform(KeywordExecutor.groovy:53)
	at com.kms.katalon.core.keyword.BuiltinKeywords.callTestCase(BuiltinKeywords.groovy:334)
	at Approve Claim - Fill Up UJP - by OB.run(Approve Claim - Fill Up UJP - by OB:16)
	at com.kms.katalon.core.main.ScriptEngine.run(ScriptEngine.java:194)
	at com.kms.katalon.core.main.ScriptEngine.runScriptAsRawText(ScriptEngine.java:119)
	at com.kms.katalon.core.main.TestCaseExecutor.runScript(TestCaseExecutor.java:328)
	at com.kms.katalon.core.main.TestCaseExecutor.doExecute(TestCaseExecutor.java:319)
	at com.kms.katalon.core.main.TestCaseExecutor.processExecutionPhase(TestCaseExecutor.java:298)
	at com.kms.katalon.core.main.TestCaseExecutor.accessMainPhase(TestCaseExecutor.java:290)
	at com.kms.katalon.core.main.TestCaseExecutor.execute(TestCaseExecutor.java:224)
	at com.kms.katalon.core.main.TestSuiteExecutor.accessTestCaseMainPhase(TestSuiteExecutor.java:129)
	at com.kms.katalon.core.main.TestSuiteExecutor.accessTestSuiteMainPhase(TestSuiteExecutor.java:112)
	at com.kms.katalon.core.main.TestSuiteExecutor.execute(TestSuiteExecutor.java:81)
	at com.kms.katalon.core.main.TestCaseMain.startTestSuite(TestCaseMain.java:149)
	at com.kms.katalon.core.main.TestCaseMain$startTestSuite$0.call(Unknown Source)
	at TempTestSuite1550738418733.run(TempTestSuite1550738418733.groovy:36)


2019-02-21 18:30:57 - [TEST_CASE][FAILED] - Test Cases/All TC/Arranged/2. Segment/OTC_Submit Form 7_End to End - Cheque: Test Cases/All TC/Arranged/2. Segment/OTC_Submit Form 7_End to End - Cheque FAILED.
Reason:
com.kms.katalon.core.exception.StepFailedException: Unable to set text '10/01/2019' of object 'Object Repository/KeatMun/Form 7_default/OTC_Application_Reg/Page_PERKESO/11.Tarikh Terima_stampedDtS' (Root cause: org.openqa.selenium.UnhandledAlertException: unexpected alert open: {Alert text : HARAP MAKLUM

PERMOHONAN FAEDAH SISTEM INSURANS PEKERJAAN HANYA BOLEH DIBUAT BERMULA DARI TARIKH KEHILANGAN PEKERJAAN

Nota: Permohonan hendaklah dibuat dalam tempoh 60 hari dari tarikh kehilangan pekerjaan}
  (Session info: chrome=72.0.3626.109)
  (Driver info: chromedriver=2.43.600210 (68dcf5eebde37173d4027fa8635e332711d2874a),platform=Windows NT 6.1.7601 SP1 x86_64) (WARNING: The server did not provide any stacktrace information)
Command duration or timeout: 0 milliseconds: null
Build info: version: '3.7.1', revision: '8a0099a', time: '2017-11-06T21:07:36.161Z'
System info: host: 'WIN7TEST02', ip: '10.20.3.72', os.name: 'Windows 7', os.arch: 'amd64', os.version: '6.1', java.version: '1.8.0_181'
Driver info: com.kms.katalon.selenium.driver.CChromeDriver
Capabilities {acceptInsecureCerts: false, acceptSslCerts: false, applicationCacheEnabled: false, browserConnectionEnabled: false, browserName: chrome, chrome: {chromedriverVersion: 2.43.600210 (68dcf5eebde371..., userDataDir: C:\Users\Admin\AppData\Loca...}, cssSelectorsEnabled: true, databaseEnabled: false, goog:chromeOptions: {debuggerAddress: localhost:62813}, handlesAlerts: true, hasTouchScreen: false, javascriptEnabled: true, locationContextEnabled: true, mobileEmulationEnabled: false, nativeEvents: true, networkConnectionEnabled: false, pageLoadStrategy: normal, platform: XP, platformName: XP, rotatable: false, setWindowRect: true, takesHeapSnapshot: true, takesScreenshot: true, unexpectedAlertBehaviour: , unhandledPromptBehavior: , version: 72.0.3626.109, webStorageEnabled: true}
Session ID: a0352412541468df6d4fd5c406172170
*** Element info: {Using=xpath, value=//input[@id = 'stampedDtStr' and @name = 'stampedDtStr' and @type = 'text']})
	at com.kms.katalon.core.keyword.internal.KeywordMain.stepFailed(KeywordMain.groovy:36)
	at com.kms.katalon.core.webui.keyword.internal.WebUIKeywordMain.stepFailed(WebUIKeywordMain.groovy:65)
	at com.kms.katalon.core.webui.keyword.internal.WebUIKeywordMain.runKeyword(WebUIKeywordMain.groovy:27)
	at com.kms.katalon.core.webui.keyword.builtin.SetTextKeyword.setText(SetTextKeyword.groovy:65)
	at com.kms.katalon.core.webui.keyword.builtin.SetTextKeyword.execute(SetTextKeyword.groovy:37)
	at com.kms.katalon.core.keyword.internal.KeywordExecutor.executeKeywordForPlatform(KeywordExecutor.groovy:53)
	at com.kms.katalon.core.webui.keyword.WebUiBuiltInKeywords.setText(WebUiBuiltInKeywords.groovy:950)
	at com.kms.katalon.core.webui.keyword.WebUiBuiltInKeywords$setText$1.call(Unknown Source)
	at OTC_Application_Reg.run(OTC_Application_Reg:91)
	at com.kms.katalon.core.main.ScriptEngine.run(ScriptEngine.java:194)
	at com.kms.katalon.core.main.ScriptEngine.runScriptAsRawText(ScriptEngine.java:119)
	at com.kms.katalon.core.main.TestCaseExecutor.runScript(TestCaseExecutor.java:328)
	at com.kms.katalon.core.main.TestCaseExecutor.doExecute(TestCaseExecutor.java:319)
	at com.kms.katalon.core.main.TestCaseExecutor.processExecutionPhase(TestCaseExecutor.java:298)
	at com.kms.katalon.core.main.TestCaseExecutor.accessMainPhase(TestCaseExecutor.java:290)
	at com.kms.katalon.core.main.TestCaseExecutor.execute(TestCaseExecutor.java:224)
	at com.kms.katalon.core.main.TestCaseMain.runTestCase(TestCaseMain.java:106)
	at com.kms.katalon.core.keyword.builtin.CallTestCaseKeyword$_callTestCase_closure1.doCall(CallTestCaseKeyword.groovy:59)
	at com.kms.katalon.core.keyword.builtin.CallTestCaseKeyword$_callTestCase_closure1.call(CallTestCaseKeyword.groovy)
	at com.kms.katalon.core.keyword.internal.KeywordMain.runKeyword(KeywordMain.groovy:54)
	at com.kms.katalon.core.keyword.builtin.CallTestCaseKeyword.callTestCase(CallTestCaseKeyword.groovy:80)
	at com.kms.katalon.core.keyword.builtin.CallTestCaseKeyword.execute(CallTestCaseKeyword.groovy:44)
	at com.kms.katalon.core.keyword.internal.KeywordExecutor.executeKeywordForPlatform(KeywordExecutor.groovy:53)
	at com.kms.katalon.core.keyword.BuiltinKeywords.callTestCase(BuiltinKeywords.groovy:334)
	at OTC_Submit Form 7_End to End - Cheque.run(OTC_Submit Form 7_End to End - Cheque:16)
	at com.kms.katalon.core.main.ScriptEngine.run(ScriptEngine.java:194)
	at com.kms.katalon.core.main.ScriptEngine.runScriptAsRawText(ScriptEngine.java:119)
	at com.kms.katalon.core.main.TestCaseExecutor.runScript(TestCaseExecutor.java:328)
	at com.kms.katalon.core.main.TestCaseExecutor.doExecute(TestCaseExecutor.java:319)
	at com.kms.katalon.core.main.TestCaseExecutor.processExecutionPhase(TestCaseExecutor.java:298)
	at com.kms.katalon.core.main.TestCaseExecutor.accessMainPhase(TestCaseExecutor.java:290)
	at com.kms.katalon.core.main.TestCaseExecutor.execute(TestCaseExecutor.java:224)
	at com.kms.katalon.core.main.TestCaseMain.runTestCase(TestCaseMain.java:106)
	at com.kms.katalon.core.keyword.builtin.CallTestCaseKeyword$_callTestCase_closure1.doCall(CallTestCaseKeyword.groovy:59)
	at com.kms.katalon.core.keyword.builtin.CallTestCaseKeyword$_callTestCase_closure1.call(CallTestCaseKeyword.groovy)
	at com.kms.katalon.core.keyword.internal.KeywordMain.runKeyword(KeywordMain.groovy:54)
	at com.kms.katalon.core.keyword.builtin.CallTestCaseKeyword.callTestCase(CallTestCaseKeyword.groovy:80)
	at com.kms.katalon.core.keyword.builtin.CallTestCaseKeyword.execute(CallTestCaseKeyword.groovy:44)
	at com.kms.katalon.core.keyword.internal.KeywordExecutor.executeKeywordForPlatform(KeywordExecutor.groovy:53)
	at com.kms.katalon.core.keyword.BuiltinKeywords.callTestCase(BuiltinKeywords.groovy:334)
	at Approve Claim - Fill Up UJP - by OB.run(Approve Claim - Fill Up UJP - by OB:16)
	at com.kms.katalon.core.main.ScriptEngine.run(ScriptEngine.java:194)
	at com.kms.katalon.core.main.ScriptEngine.runScriptAsRawText(ScriptEngine.java:119)
	at com.kms.katalon.core.main.TestCaseExecutor.runScript(TestCaseExecutor.java:328)
	at com.kms.katalon.core.main.TestCaseExecutor.doExecute(TestCaseExecutor.java:319)
	at com.kms.katalon.core.main.TestCaseExecutor.processExecutionPhase(TestCaseExecutor.java:298)
	at com.kms.katalon.core.main.TestCaseExecutor.accessMainPhase(TestCaseExecutor.java:290)
	at com.kms.katalon.core.main.TestCaseExecutor.execute(TestCaseExecutor.java:224)
	at com.kms.katalon.core.main.TestSuiteExecutor.accessTestCaseMainPhase(TestSuiteExecutor.java:129)
	at com.kms.katalon.core.main.TestSuiteExecutor.accessTestSuiteMainPhase(TestSuiteExecutor.java:112)
	at com.kms.katalon.core.main.TestSuiteExecutor.execute(TestSuiteExecutor.java:81)
	at com.kms.katalon.core.main.TestCaseMain.startTestSuite(TestCaseMain.java:149)
	at com.kms.katalon.core.main.TestCaseMain$startTestSuite$0.call(Unknown Source)
	at TempTestSuite1550738418733.run(TempTestSuite1550738418733.groovy:36)


2019-02-21 18:30:57 - [TEST_STEP][FAILED] - callTestCase(findTestCase("All TC/Arranged/3. Unit/EI/Form 7_default/OTC_Application_Reg"), [:], STOP_ON_FAILURE): callTestCase(findTestCase("All TC/Arranged/3. Unit/EI/Form 7_default/OTC_Application_Reg"), [:], STOP_ON_FAILURE) FAILED.
Reason:
com.kms.katalon.core.exception.StepFailedException: Unable to set text '10/01/2019' of object 'Object Repository/KeatMun/Form 7_default/OTC_Application_Reg/Page_PERKESO/11.Tarikh Terima_stampedDtS' (Root cause: org.openqa.selenium.UnhandledAlertException: unexpected alert open: {Alert text : HARAP MAKLUM

PERMOHONAN FAEDAH SISTEM INSURANS PEKERJAAN HANYA BOLEH DIBUAT BERMULA DARI TARIKH KEHILANGAN PEKERJAAN

Nota: Permohonan hendaklah dibuat dalam tempoh 60 hari dari tarikh kehilangan pekerjaan}
  (Session info: chrome=72.0.3626.109)
  (Driver info: chromedriver=2.43.600210 (68dcf5eebde37173d4027fa8635e332711d2874a),platform=Windows NT 6.1.7601 SP1 x86_64) (WARNING: The server did not provide any stacktrace information)
Command duration or timeout: 0 milliseconds: null
Build info: version: '3.7.1', revision: '8a0099a', time: '2017-11-06T21:07:36.161Z'
System info: host: 'WIN7TEST02', ip: '10.20.3.72', os.name: 'Windows 7', os.arch: 'amd64', os.version: '6.1', java.version: '1.8.0_181'
Driver info: com.kms.katalon.selenium.driver.CChromeDriver
Capabilities {acceptInsecureCerts: false, acceptSslCerts: false, applicationCacheEnabled: false, browserConnectionEnabled: false, browserName: chrome, chrome: {chromedriverVersion: 2.43.600210 (68dcf5eebde371..., userDataDir: C:\Users\Admin\AppData\Loca...}, cssSelectorsEnabled: true, databaseEnabled: false, goog:chromeOptions: {debuggerAddress: localhost:62813}, handlesAlerts: true, hasTouchScreen: false, javascriptEnabled: true, locationContextEnabled: true, mobileEmulationEnabled: false, nativeEvents: true, networkConnectionEnabled: false, pageLoadStrategy: normal, platform: XP, platformName: XP, rotatable: false, setWindowRect: true, takesHeapSnapshot: true, takesScreenshot: true, unexpectedAlertBehaviour: , unhandledPromptBehavior: , version: 72.0.3626.109, webStorageEnabled: true}
Session ID: a0352412541468df6d4fd5c406172170
*** Element info: {Using=xpath, value=//input[@id = 'stampedDtStr' and @name = 'stampedDtStr' and @type = 'text']})
	at com.kms.katalon.core.keyword.internal.KeywordMain.stepFailed(KeywordMain.groovy:36)
	at com.kms.katalon.core.webui.keyword.internal.WebUIKeywordMain.stepFailed(WebUIKeywordMain.groovy:65)
	at com.kms.katalon.core.webui.keyword.internal.WebUIKeywordMain.runKeyword(WebUIKeywordMain.groovy:27)
	at com.kms.katalon.core.webui.keyword.builtin.SetTextKeyword.setText(SetTextKeyword.groovy:65)
	at com.kms.katalon.core.webui.keyword.builtin.SetTextKeyword.execute(SetTextKeyword.groovy:37)
	at com.kms.katalon.core.keyword.internal.KeywordExecutor.executeKeywordForPlatform(KeywordExecutor.groovy:53)
	at com.kms.katalon.core.webui.keyword.WebUiBuiltInKeywords.setText(WebUiBuiltInKeywords.groovy:950)
	at com.kms.katalon.core.webui.keyword.WebUiBuiltInKeywords$setText$1.call(Unknown Source)
	at OTC_Application_Reg.run(OTC_Application_Reg:91)
	at com.kms.katalon.core.main.ScriptEngine.run(ScriptEngine.java:194)
	at com.kms.katalon.core.main.ScriptEngine.runScriptAsRawText(ScriptEngine.java:119)
	at com.kms.katalon.core.main.TestCaseExecutor.runScript(TestCaseExecutor.java:328)
	at com.kms.katalon.core.main.TestCaseExecutor.doExecute(TestCaseExecutor.java:319)
	at com.kms.katalon.core.main.TestCaseExecutor.processExecutionPhase(TestCaseExecutor.java:298)
	at com.kms.katalon.core.main.TestCaseExecutor.accessMainPhase(TestCaseExecutor.java:290)
	at com.kms.katalon.core.main.TestCaseExecutor.execute(TestCaseExecutor.java:224)
	at com.kms.katalon.core.main.TestCaseMain.runTestCase(TestCaseMain.java:106)
	at com.kms.katalon.core.keyword.builtin.CallTestCaseKeyword$_callTestCase_closure1.doCall(CallTestCaseKeyword.groovy:59)
	at com.kms.katalon.core.keyword.builtin.CallTestCaseKeyword$_callTestCase_closure1.call(CallTestCaseKeyword.groovy)
	at com.kms.katalon.core.keyword.internal.KeywordMain.runKeyword(KeywordMain.groovy:54)
	at com.kms.katalon.core.keyword.builtin.CallTestCaseKeyword.callTestCase(CallTestCaseKeyword.groovy:80)
	at com.kms.katalon.core.keyword.builtin.CallTestCaseKeyword.execute(CallTestCaseKeyword.groovy:44)
	at com.kms.katalon.core.keyword.internal.KeywordExecutor.executeKeywordForPlatform(KeywordExecutor.groovy:53)
	at com.kms.katalon.core.keyword.BuiltinKeywords.callTestCase(BuiltinKeywords.groovy:334)
	at OTC_Submit Form 7_End to End - Cheque.run(OTC_Submit Form 7_End to End - Cheque:16)
	at com.kms.katalon.core.main.ScriptEngine.run(ScriptEngine.java:194)
	at com.kms.katalon.core.main.ScriptEngine.runScriptAsRawText(ScriptEngine.java:119)
	at com.kms.katalon.core.main.TestCaseExecutor.runScript(TestCaseExecutor.java:328)
	at com.kms.katalon.core.main.TestCaseExecutor.doExecute(TestCaseExecutor.java:319)
	at com.kms.katalon.core.main.TestCaseExecutor.processExecutionPhase(TestCaseExecutor.java:298)
	at com.kms.katalon.core.main.TestCaseExecutor.accessMainPhase(TestCaseExecutor.java:290)
	at com.kms.katalon.core.main.TestCaseExecutor.execute(TestCaseExecutor.java:224)
	at com.kms.katalon.core.main.TestCaseMain.runTestCase(TestCaseMain.java:106)
	at com.kms.katalon.core.keyword.builtin.CallTestCaseKeyword$_callTestCase_closure1.doCall(CallTestCaseKeyword.groovy:59)
	at com.kms.katalon.core.keyword.builtin.CallTestCaseKeyword$_callTestCase_closure1.call(CallTestCaseKeyword.groovy)
	at com.kms.katalon.core.keyword.internal.KeywordMain.runKeyword(KeywordMain.groovy:54)
	at com.kms.katalon.core.keyword.builtin.CallTestCaseKeyword.callTestCase(CallTestCaseKeyword.groovy:80)
	at com.kms.katalon.core.keyword.builtin.CallTestCaseKeyword.execute(CallTestCaseKeyword.groovy:44)
	at com.kms.katalon.core.keyword.internal.KeywordExecutor.executeKeywordForPlatform(KeywordExecutor.groovy:53)
	at com.kms.katalon.core.keyword.BuiltinKeywords.callTestCase(BuiltinKeywords.groovy:334)
	at Approve Claim - Fill Up UJP - by OB.run(Approve Claim - Fill Up UJP - by OB:16)
	at com.kms.katalon.core.main.ScriptEngine.run(ScriptEngine.java:194)
	at com.kms.katalon.core.main.ScriptEngine.runScriptAsRawText(ScriptEngine.java:119)
	at com.kms.katalon.core.main.TestCaseExecutor.runScript(TestCaseExecutor.java:328)
	at com.kms.katalon.core.main.TestCaseExecutor.doExecute(TestCaseExecutor.java:319)
	at com.kms.katalon.core.main.TestCaseExecutor.processExecutionPhase(TestCaseExecutor.java:298)
	at com.kms.katalon.core.main.TestCaseExecutor.accessMainPhase(TestCaseExecutor.java:290)
	at com.kms.katalon.core.main.TestCaseExecutor.execute(TestCaseExecutor.java:224)
	at com.kms.katalon.core.main.TestSuiteExecutor.accessTestCaseMainPhase(TestSuiteExecutor.java:129)
	at com.kms.katalon.core.main.TestSuiteExecutor.accessTestSuiteMainPhase(TestSuiteExecutor.java:112)
	at com.kms.katalon.core.main.TestSuiteExecutor.execute(TestSuiteExecutor.java:81)
	at com.kms.katalon.core.main.TestCaseMain.startTestSuite(TestCaseMain.java:149)
	at com.kms.katalon.core.main.TestCaseMain$startTestSuite$0.call(Unknown Source)
	at TempTestSuite1550738418733.run(TempTestSuite1550738418733.groovy:36)


2019-02-21 18:30:57 - [TEST_CASE][FAILED] - Test Cases/All TC/Arranged/3. Unit/EI/Form 7_default/OTC_Application_Reg: Test Cases/All TC/Arranged/3. Unit/EI/Form 7_default/OTC_Application_Reg FAILED.
Reason:
com.kms.katalon.core.exception.StepFailedException: Unable to set text '10/01/2019' of object 'Object Repository/KeatMun/Form 7_default/OTC_Application_Reg/Page_PERKESO/11.Tarikh Terima_stampedDtS' (Root cause: org.openqa.selenium.UnhandledAlertException: unexpected alert open: {Alert text : HARAP MAKLUM

PERMOHONAN FAEDAH SISTEM INSURANS PEKERJAAN HANYA BOLEH DIBUAT BERMULA DARI TARIKH KEHILANGAN PEKERJAAN

Nota: Permohonan hendaklah dibuat dalam tempoh 60 hari dari tarikh kehilangan pekerjaan}
  (Session info: chrome=72.0.3626.109)
  (Driver info: chromedriver=2.43.600210 (68dcf5eebde37173d4027fa8635e332711d2874a),platform=Windows NT 6.1.7601 SP1 x86_64) (WARNING: The server did not provide any stacktrace information)
Command duration or timeout: 0 milliseconds: null
Build info: version: '3.7.1', revision: '8a0099a', time: '2017-11-06T21:07:36.161Z'
System info: host: 'WIN7TEST02', ip: '10.20.3.72', os.name: 'Windows 7', os.arch: 'amd64', os.version: '6.1', java.version: '1.8.0_181'
Driver info: com.kms.katalon.selenium.driver.CChromeDriver
Capabilities {acceptInsecureCerts: false, acceptSslCerts: false, applicationCacheEnabled: false, browserConnectionEnabled: false, browserName: chrome, chrome: {chromedriverVersion: 2.43.600210 (68dcf5eebde371..., userDataDir: C:\Users\Admin\AppData\Loca...}, cssSelectorsEnabled: true, databaseEnabled: false, goog:chromeOptions: {debuggerAddress: localhost:62813}, handlesAlerts: true, hasTouchScreen: false, javascriptEnabled: true, locationContextEnabled: true, mobileEmulationEnabled: false, nativeEvents: true, networkConnectionEnabled: false, pageLoadStrategy: normal, platform: XP, platformName: XP, rotatable: false, setWindowRect: true, takesHeapSnapshot: true, takesScreenshot: true, unexpectedAlertBehaviour: , unhandledPromptBehavior: , version: 72.0.3626.109, webStorageEnabled: true}
Session ID: a0352412541468df6d4fd5c406172170
*** Element info: {Using=xpath, value=//input[@id = 'stampedDtStr' and @name = 'stampedDtStr' and @type = 'text']})
	at com.kms.katalon.core.keyword.internal.KeywordMain.stepFailed(KeywordMain.groovy:36)
	at com.kms.katalon.core.webui.keyword.internal.WebUIKeywordMain.stepFailed(WebUIKeywordMain.groovy:65)
	at com.kms.katalon.core.webui.keyword.internal.WebUIKeywordMain.runKeyword(WebUIKeywordMain.groovy:27)
	at com.kms.katalon.core.webui.keyword.builtin.SetTextKeyword.setText(SetTextKeyword.groovy:65)
	at com.kms.katalon.core.webui.keyword.builtin.SetTextKeyword.execute(SetTextKeyword.groovy:37)
	at com.kms.katalon.core.keyword.internal.KeywordExecutor.executeKeywordForPlatform(KeywordExecutor.groovy:53)
	at com.kms.katalon.core.webui.keyword.WebUiBuiltInKeywords.setText(WebUiBuiltInKeywords.groovy:950)
	at com.kms.katalon.core.webui.keyword.WebUiBuiltInKeywords$setText$1.call(Unknown Source)
	at OTC_Application_Reg.run(OTC_Application_Reg:91)
	at com.kms.katalon.core.main.ScriptEngine.run(ScriptEngine.java:194)
	at com.kms.katalon.core.main.ScriptEngine.runScriptAsRawText(ScriptEngine.java:119)
	at com.kms.katalon.core.main.TestCaseExecutor.runScript(TestCaseExecutor.java:328)
	at com.kms.katalon.core.main.TestCaseExecutor.doExecute(TestCaseExecutor.java:319)
	at com.kms.katalon.core.main.TestCaseExecutor.processExecutionPhase(TestCaseExecutor.java:298)
	at com.kms.katalon.core.main.TestCaseExecutor.accessMainPhase(TestCaseExecutor.java:290)
	at com.kms.katalon.core.main.TestCaseExecutor.execute(TestCaseExecutor.java:224)
	at com.kms.katalon.core.main.TestCaseMain.runTestCase(TestCaseMain.java:106)
	at com.kms.katalon.core.keyword.builtin.CallTestCaseKeyword$_callTestCase_closure1.doCall(CallTestCaseKeyword.groovy:59)
	at com.kms.katalon.core.keyword.builtin.CallTestCaseKeyword$_callTestCase_closure1.call(CallTestCaseKeyword.groovy)
	at com.kms.katalon.core.keyword.internal.KeywordMain.runKeyword(KeywordMain.groovy:54)
	at com.kms.katalon.core.keyword.builtin.CallTestCaseKeyword.callTestCase(CallTestCaseKeyword.groovy:80)
	at com.kms.katalon.core.keyword.builtin.CallTestCaseKeyword.execute(CallTestCaseKeyword.groovy:44)
	at com.kms.katalon.core.keyword.internal.KeywordExecutor.executeKeywordForPlatform(KeywordExecutor.groovy:53)
	at com.kms.katalon.core.keyword.BuiltinKeywords.callTestCase(BuiltinKeywords.groovy:334)
	at OTC_Submit Form 7_End to End - Cheque.run(OTC_Submit Form 7_End to End - Cheque:16)
	at com.kms.katalon.core.main.ScriptEngine.run(ScriptEngine.java:194)
	at com.kms.katalon.core.main.ScriptEngine.runScriptAsRawText(ScriptEngine.java:119)
	at com.kms.katalon.core.main.TestCaseExecutor.runScript(TestCaseExecutor.java:328)
	at com.kms.katalon.core.main.TestCaseExecutor.doExecute(TestCaseExecutor.java:319)
	at com.kms.katalon.core.main.TestCaseExecutor.processExecutionPhase(TestCaseExecutor.java:298)
	at com.kms.katalon.core.main.TestCaseExecutor.accessMainPhase(TestCaseExecutor.java:290)
	at com.kms.katalon.core.main.TestCaseExecutor.execute(TestCaseExecutor.java:224)
	at com.kms.katalon.core.main.TestCaseMain.runTestCase(TestCaseMain.java:106)
	at com.kms.katalon.core.keyword.builtin.CallTestCaseKeyword$_callTestCase_closure1.doCall(CallTestCaseKeyword.groovy:59)
	at com.kms.katalon.core.keyword.builtin.CallTestCaseKeyword$_callTestCase_closure1.call(CallTestCaseKeyword.groovy)
	at com.kms.katalon.core.keyword.internal.KeywordMain.runKeyword(KeywordMain.groovy:54)
	at com.kms.katalon.core.keyword.builtin.CallTestCaseKeyword.callTestCase(CallTestCaseKeyword.groovy:80)
	at com.kms.katalon.core.keyword.builtin.CallTestCaseKeyword.execute(CallTestCaseKeyword.groovy:44)
	at com.kms.katalon.core.keyword.internal.KeywordExecutor.executeKeywordForPlatform(KeywordExecutor.groovy:53)
	at com.kms.katalon.core.keyword.BuiltinKeywords.callTestCase(BuiltinKeywords.groovy:334)
	at Approve Claim - Fill Up UJP - by OB.run(Approve Claim - Fill Up UJP - by OB:16)
	at com.kms.katalon.core.main.ScriptEngine.run(ScriptEngine.java:194)
	at com.kms.katalon.core.main.ScriptEngine.runScriptAsRawText(ScriptEngine.java:119)
	at com.kms.katalon.core.main.TestCaseExecutor.runScript(TestCaseExecutor.java:328)
	at com.kms.katalon.core.main.TestCaseExecutor.doExecute(TestCaseExecutor.java:319)
	at com.kms.katalon.core.main.TestCaseExecutor.processExecutionPhase(TestCaseExecutor.java:298)
	at com.kms.katalon.core.main.TestCaseExecutor.accessMainPhase(TestCaseExecutor.java:290)
	at com.kms.katalon.core.main.TestCaseExecutor.execute(TestCaseExecutor.java:224)
	at com.kms.katalon.core.main.TestSuiteExecutor.accessTestCaseMainPhase(TestSuiteExecutor.java:129)
	at com.kms.katalon.core.main.TestSuiteExecutor.accessTestSuiteMainPhase(TestSuiteExecutor.java:112)
	at com.kms.katalon.core.main.TestSuiteExecutor.execute(TestSuiteExecutor.java:81)
	at com.kms.katalon.core.main.TestCaseMain.startTestSuite(TestCaseMain.java:149)
	at com.kms.katalon.core.main.TestCaseMain$startTestSuite$0.call(Unknown Source)
	at TempTestSuite1550738418733.run(TempTestSuite1550738418733.groovy:36)


2019-02-21 18:30:57 - [TEST_STEP][PASSED] - openBrowser(""): Browser is opened with url: ''

2019-02-21 18:30:57 - [MESSAGE][WARNING] - A browser is already opened. Closing browser and opening a new one

2019-02-21 18:30:58 - [MESSAGE][INFO] - Starting 'Chrome' driver

2019-02-21 18:30:58 - [MESSAGE][INFO] - User set preference: ['args', '[--start-maximized]']

2019-02-21 18:31:00 - [MESSAGE][PASSED] - Browser is opened with url: ''

2019-02-21 18:31:00 - [TEST_STEP][PASSED] - navigateToUrl(Internal_Login): Navigate to 'http://10.20.24.188/eisportal/user/login' successfully

2019-02-21 18:31:01 - [MESSAGE][PASSED] - Navigate to 'http://10.20.24.188/eisportal/user/login' successfully

2019-02-21 18:31:01 - [TEST_STEP][PASSED] - delay(3): Delayed 3 second(s)

2019-02-21 18:31:04 - [MESSAGE][PASSED] - Delayed 3 second(s)

2019-02-21 18:31:04 - [TEST_STEP][PASSED] - setText(findTestObject("KeatMun/Form 7_default/OTC_Application_Reg/Page_PERKESO/1.username"), "faizal.hamid@perkeso.gov.my"): Text 'faizal.hamid@perkeso.gov.my' is set on object 'Object Repository/KeatMun/Form 7_default/OTC_Application_Reg/Page_PERKESO/1.username'

2019-02-21 18:31:04 - [MESSAGE][PASSED] - Text 'faizal.hamid@perkeso.gov.my' is set on object 'Object Repository/KeatMun/Form 7_default/OTC_Application_Reg/Page_PERKESO/1.username'

2019-02-21 18:31:04 - [TEST_STEP][PASSED] - delay(1): Delayed 1 second(s)

2019-02-21 18:31:05 - [MESSAGE][PASSED] - Delayed 1 second(s)

2019-02-21 18:31:05 - [TEST_STEP][PASSED] - setEncryptedText(findTestObject("KeatMun/Form 7_default/OTC_Application_Reg/Page_PERKESO/2.password"), "CQqwFZlbeC8="): Text ****** has been set on object 'Object Repository/KeatMun/Form 7_default/OTC_Application_Reg/Page_PERKESO/2.password'

2019-02-21 18:31:06 - [MESSAGE][PASSED] - Text ****** has been set on object 'Object Repository/KeatMun/Form 7_default/OTC_Application_Reg/Page_PERKESO/2.password'

2019-02-21 18:31:06 - [TEST_STEP][PASSED] - delay(2): Delayed 2 second(s)

2019-02-21 18:31:08 - [MESSAGE][PASSED] - Delayed 2 second(s)

2019-02-21 18:31:08 - [TEST_STEP][PASSED] - click(findTestObject("KeatMun/Form 7_default/OTC_Application_Reg/Page_PERKESO/3.login button")): Object: 'Object Repository/KeatMun/Form 7_default/OTC_Application_Reg/Page_PERKESO/3.login button' is clicked on

2019-02-21 18:31:09 - [MESSAGE][PASSED] - Object: 'Object Repository/KeatMun/Form 7_default/OTC_Application_Reg/Page_PERKESO/3.login button' is clicked on

2019-02-21 18:31:09 - [TEST_STEP][PASSED] - delay(2): Delayed 2 second(s)

2019-02-21 18:31:11 - [MESSAGE][PASSED] - Delayed 2 second(s)

2019-02-21 18:31:11 - [TEST_STEP][PASSED] - click(findTestObject("KeatMun/Form 7_default/OTC_Application_Reg/Page_PERKESO/4. Permohonan tab")): Object: 'Object Repository/KeatMun/Form 7_default/OTC_Application_Reg/Page_PERKESO/4. Permohonan tab' is clicked on

2019-02-21 18:31:11 - [MESSAGE][PASSED] - Object: 'Object Repository/KeatMun/Form 7_default/OTC_Application_Reg/Page_PERKESO/4. Permohonan tab' is clicked on

2019-02-21 18:31:11 - [TEST_STEP][PASSED] - delay(2): Delayed 2 second(s)

2019-02-21 18:31:13 - [MESSAGE][PASSED] - Delayed 2 second(s)

2019-02-21 18:31:13 - [TEST_STEP][PASSED] - click(findTestObject("KeatMun/Form 7_default/OTC_Application_Reg/Page_PERKESO/5.button_Setuju")): Object: 'Object Repository/KeatMun/Form 7_default/OTC_Application_Reg/Page_PERKESO/5.button_Setuju' is clicked on

2019-02-21 18:31:14 - [MESSAGE][PASSED] - Object: 'Object Repository/KeatMun/Form 7_default/OTC_Application_Reg/Page_PERKESO/5.button_Setuju' is clicked on

2019-02-21 18:31:14 - [TEST_STEP][PASSED] - delay(2): Delayed 2 second(s)

2019-02-21 18:31:16 - [MESSAGE][PASSED] - Delayed 2 second(s)

2019-02-21 18:31:16 - [TEST_STEP][PASSED] - callTestCase(findTestCase("All TC/Arranged/1. Common/IC List Checker"), [:], STOP_ON_FAILURE): Call Test Case 'Test Cases/All TC/Arranged/1. Common/IC List Checker' successfully

2019-02-21 18:31:16 - [TEST_CASE][PASSED] - Test Cases/All TC/Arranged/1. Common/IC List Checker: Test Cases/All TC/Arranged/1. Common/IC List Checker

2019-02-21 18:31:16 - [TEST_STEP][PASSED] - counter = 0: null

2019-02-21 18:31:16 - [TEST_STEP][PASSED] - fis = new java.io.FileInputStream((internal.GlobalVariable.TextFilePathCommon + \IC.xlsx)): null

2019-02-21 18:31:16 - [TEST_STEP][PASSED] - workbook = new org.apache.poi.xssf.usermodel.XSSFWorkbook(fis): null

2019-02-21 18:31:16 - [TEST_STEP][PASSED] - sheet = workbook.getSheet("Sheet1"): null

2019-02-21 18:31:16 - [TEST_STEP][PASSED] - totalRow = sheet.getLastRowNum(): null

2019-02-21 18:31:16 - [TEST_STEP][PASSED] - out.println(totalRow): null

2019-02-21 18:31:16 - [TEST_STEP][PASSED] - row = sheet.getRow(counter): null

2019-02-21 18:31:16 - [TEST_STEP][PASSED] - cell = row.getCell(counter): null

2019-02-21 18:31:16 - [TEST_STEP][PASSED] - a = cell.getStringCellValue(): null

2019-02-21 18:31:16 - [TEST_STEP][PASSED] - IC = a: null

2019-02-21 18:31:16 - [TEST_STEP][PASSED] - out.println(IC): null

2019-02-21 18:31:16 - [TEST_STEP][PASSED] - callTestCase(findTestCase("All TC/Arranged/1. Common/1.2 Setter/Setter IC"), [:], STOP_ON_FAILURE): Call Test Case 'Test Cases/All TC/Arranged/1. Common/1.2 Setter/Setter IC' successfully

2019-02-21 18:31:16 - [TEST_CASE][PASSED] - Test Cases/All TC/Arranged/1. Common/1.2 Setter/Setter IC: Test Cases/All TC/Arranged/1. Common/1.2 Setter/Setter IC

2019-02-21 18:31:16 - [TEST_STEP][PASSED] - RefNoOldFile = new java.io.File((internal.GlobalVariable.TextFilePathCommon + \getIC.txt)): null

2019-02-21 18:31:16 - [TEST_STEP][PASSED] - RefNoOldFile.delete(): null

2019-02-21 18:31:16 - [TEST_STEP][PASSED] - delay(5): Delayed 5 second(s)

2019-02-21 18:31:21 - [MESSAGE][PASSED] - Delayed 5 second(s)

2019-02-21 18:31:21 - [TEST_STEP][PASSED] - RefNo = new java.io.File((internal.GlobalVariable.TextFilePathCommon + \getIC.txt)): null

2019-02-21 18:31:21 - [TEST_STEP][PASSED] - f2 = new java.io.FileWriter(RefNo, false): null

2019-02-21 18:31:21 - [TEST_STEP][PASSED] - f2.write(IC): null

2019-02-21 18:31:21 - [TEST_STEP][PASSED] - f2.close(): null

2019-02-21 18:31:21 - [TEST_STEP][PASSED] - out.println("


" + IC + "


"): null

2019-02-21 18:31:21 - [MESSAGE][PASSED] - Call Test Case 'Test Cases/All TC/Arranged/1. Common/1.2 Setter/Setter IC' successfully

2019-02-21 18:31:21 - [MESSAGE][PASSED] - Call Test Case 'Test Cases/All TC/Arranged/1. Common/IC List Checker' successfully

2019-02-21 18:31:21 - [TEST_STEP][PASSED] - setText(findTestObject("KeatMun/Form 7_default/OTC_Application_Reg/Page_PERKESO/6.No. Kad Pengenalan"), IC): Text '541115045367' is set on object 'Object Repository/KeatMun/Form 7_default/OTC_Application_Reg/Page_PERKESO/6.No. Kad Pengenalan'

2019-02-21 18:31:22 - [MESSAGE][PASSED] - Text '541115045367' is set on object 'Object Repository/KeatMun/Form 7_default/OTC_Application_Reg/Page_PERKESO/6.No. Kad Pengenalan'

2019-02-21 18:31:22 - [TEST_STEP][PASSED] - delay(2): Delayed 2 second(s)

2019-02-21 18:31:24 - [MESSAGE][PASSED] - Delayed 2 second(s)

2019-02-21 18:31:24 - [TEST_STEP][PASSED] - click(findTestObject("KeatMun/Form 7_default/OTC_Application_Reg/Page_PERKESO/7.button_Semak")): Object: 'Object Repository/KeatMun/Form 7_default/OTC_Application_Reg/Page_PERKESO/7.button_Semak' is clicked on

2019-02-21 18:31:24 - [MESSAGE][PASSED] - Object: 'Object Repository/KeatMun/Form 7_default/OTC_Application_Reg/Page_PERKESO/7.button_Semak' is clicked on

2019-02-21 18:31:24 - [TEST_STEP][PASSED] - delay(4): Delayed 4 second(s)

2019-02-21 18:31:28 - [MESSAGE][PASSED] - Delayed 4 second(s)

2019-02-21 18:31:28 - [TEST_STEP][PASSED] - click(findTestObject("KeatMun/Form 7_default/OTC_Application_Reg/Page_PERKESO/8. Nama Majikan Dropdown")): Object: 'Object Repository/KeatMun/Form 7_default/OTC_Application_Reg/Page_PERKESO/8. Nama Majikan Dropdown' is clicked on

2019-02-21 18:31:28 - [MESSAGE][PASSED] - Object: 'Object Repository/KeatMun/Form 7_default/OTC_Application_Reg/Page_PERKESO/8. Nama Majikan Dropdown' is clicked on

2019-02-21 18:31:28 - [TEST_STEP][PASSED] - setText(findTestObject("KeatMun/Form 7_default/OTC_Application_Reg/Page_PERKESO/8. LOE emp"), "pet"): Text 'pet' is set on object 'Object Repository/KeatMun/Form 7_default/OTC_Application_Reg/Page_PERKESO/8. LOE emp'

2019-02-21 18:31:28 - [MESSAGE][PASSED] - Text 'pet' is set on object 'Object Repository/KeatMun/Form 7_default/OTC_Application_Reg/Page_PERKESO/8. LOE emp'

2019-02-21 18:31:28 - [TEST_STEP][PASSED] - click(findTestObject("KeatMun/Form 7_default/OTC_Application_Reg/Page_PERKESO/8. PETRONAS")): Object: 'Object Repository/KeatMun/Form 7_default/OTC_Application_Reg/Page_PERKESO/8. PETRONAS' is clicked on

2019-02-21 18:31:28 - [MESSAGE][PASSED] - Object: 'Object Repository/KeatMun/Form 7_default/OTC_Application_Reg/Page_PERKESO/8. PETRONAS' is clicked on

2019-02-21 18:31:28 - [TEST_STEP][PASSED] - delay(2): Delayed 2 second(s)

2019-02-21 18:31:30 - [MESSAGE][PASSED] - Delayed 2 second(s)

2019-02-21 18:31:30 - [TEST_STEP][PASSED] - TodayDate = new java.util.Date(): null

2019-02-21 18:31:30 - [TEST_STEP][PASSED] - CurrentDateNoFilter = new java.text.SimpleDateFormat(): null

2019-02-21 18:31:30 - [TEST_STEP][PASSED] - CurrentDateNoFilter.applyPattern("dd/MM/yyyy"): null

2019-02-21 18:31:30 - [TEST_STEP][PASSED] - CurrentDate = CurrentDateNoFilter.format(TodayDate): null

2019-02-21 18:31:30 - [TEST_STEP][PASSED] - out.println(CurrentDate): null

2019-02-21 18:31:30 - [TEST_STEP][PASSED] - date = CurrentDate: null

2019-02-21 18:31:30 - [TEST_STEP][PASSED] - setText(findTestObject("KeatMun/Form 7_default/OTC_Application_Reg/Page_PERKESO/9.Tarikh kehilangan pkj"), date): Text '21/02/2019' is set on object 'Object Repository/KeatMun/Form 7_default/OTC_Application_Reg/Page_PERKESO/9.Tarikh kehilangan pkj'

2019-02-21 18:31:31 - [MESSAGE][PASSED] - Text '21/02/2019' is set on object 'Object Repository/KeatMun/Form 7_default/OTC_Application_Reg/Page_PERKESO/9.Tarikh kehilangan pkj'

2019-02-21 18:31:31 - [TEST_STEP][PASSED] - delay(2): Delayed 2 second(s)

2019-02-21 18:31:33 - [MESSAGE][PASSED] - Delayed 2 second(s)

2019-02-21 18:31:33 - [TEST_STEP][PASSED] - click(findTestObject("KeatMun/Form 7_default/OTC_Application_Reg/Page_PERKESO/9. Date Picker Done Button ")): Object: 'Object Repository/KeatMun/Form 7_default/OTC_Application_Reg/Page_PERKESO/9. Date Picker Done Button ' is clicked on

2019-02-21 18:31:33 - [MESSAGE][PASSED] - Object: 'Object Repository/KeatMun/Form 7_default/OTC_Application_Reg/Page_PERKESO/9. Date Picker Done Button ' is clicked on

2019-02-21 18:31:33 - [TEST_STEP][PASSED] - delay(2): Delayed 2 second(s)

2019-02-21 18:31:35 - [MESSAGE][PASSED] - Delayed 2 second(s)

2019-02-21 18:31:35 - [TEST_STEP][PASSED] - click(findTestObject("KeatMun/Form 7_default/OTC_Application_Reg/Page_PERKESO/10.button_Mohon")): Object: 'Object Repository/KeatMun/Form 7_default/OTC_Application_Reg/Page_PERKESO/10.button_Mohon' is clicked on

2019-02-21 18:31:35 - [MESSAGE][PASSED] - Object: 'Object Repository/KeatMun/Form 7_default/OTC_Application_Reg/Page_PERKESO/10.button_Mohon' is clicked on

2019-02-21 18:31:35 - [TEST_STEP][PASSED] - delay(2): Delayed 2 second(s)

2019-02-21 18:31:37 - [MESSAGE][PASSED] - Delayed 2 second(s)

2019-02-21 18:31:37 - [TEST_STEP][FAILED] - setText(findTestObject("KeatMun/Form 7_default/OTC_Application_Reg/Page_PERKESO/11.Tarikh Terima_stampedDtS"), "10/01/2019"): setText(findTestObject("KeatMun/Form 7_default/OTC_Application_Reg/Page_PERKESO/11.Tarikh Terima_stampedDtS"), "10/01/2019") FAILED.
Reason:
com.kms.katalon.core.exception.StepFailedException: Unable to set text '10/01/2019' of object 'Object Repository/KeatMun/Form 7_default/OTC_Application_Reg/Page_PERKESO/11.Tarikh Terima_stampedDtS' (Root cause: org.openqa.selenium.UnhandledAlertException: unexpected alert open: {Alert text : HARAP MAKLUM

PERMOHONAN FAEDAH SISTEM INSURANS PEKERJAAN HANYA BOLEH DIBUAT BERMULA DARI TARIKH KEHILANGAN PEKERJAAN

Nota: Permohonan hendaklah dibuat dalam tempoh 60 hari dari tarikh kehilangan pekerjaan}
  (Session info: chrome=72.0.3626.109)
  (Driver info: chromedriver=2.43.600210 (68dcf5eebde37173d4027fa8635e332711d2874a),platform=Windows NT 6.1.7601 SP1 x86_64) (WARNING: The server did not provide any stacktrace information)
Command duration or timeout: 0 milliseconds: null
Build info: version: '3.7.1', revision: '8a0099a', time: '2017-11-06T21:07:36.161Z'
System info: host: 'WIN7TEST02', ip: '10.20.3.72', os.name: 'Windows 7', os.arch: 'amd64', os.version: '6.1', java.version: '1.8.0_181'
Driver info: com.kms.katalon.selenium.driver.CChromeDriver
Capabilities {acceptInsecureCerts: false, acceptSslCerts: false, applicationCacheEnabled: false, browserConnectionEnabled: false, browserName: chrome, chrome: {chromedriverVersion: 2.43.600210 (68dcf5eebde371..., userDataDir: C:\Users\Admin\AppData\Loca...}, cssSelectorsEnabled: true, databaseEnabled: false, goog:chromeOptions: {debuggerAddress: localhost:62813}, handlesAlerts: true, hasTouchScreen: false, javascriptEnabled: true, locationContextEnabled: true, mobileEmulationEnabled: false, nativeEvents: true, networkConnectionEnabled: false, pageLoadStrategy: normal, platform: XP, platformName: XP, rotatable: false, setWindowRect: true, takesHeapSnapshot: true, takesScreenshot: true, unexpectedAlertBehaviour: , unhandledPromptBehavior: , version: 72.0.3626.109, webStorageEnabled: true}
Session ID: a0352412541468df6d4fd5c406172170
*** Element info: {Using=xpath, value=//input[@id = 'stampedDtStr' and @name = 'stampedDtStr' and @type = 'text']})
	at com.kms.katalon.core.keyword.internal.KeywordMain.stepFailed(KeywordMain.groovy:36)
	at com.kms.katalon.core.webui.keyword.internal.WebUIKeywordMain.stepFailed(WebUIKeywordMain.groovy:65)
	at com.kms.katalon.core.webui.keyword.internal.WebUIKeywordMain.runKeyword(WebUIKeywordMain.groovy:27)
	at com.kms.katalon.core.webui.keyword.builtin.SetTextKeyword.setText(SetTextKeyword.groovy:65)
	at com.kms.katalon.core.webui.keyword.builtin.SetTextKeyword.execute(SetTextKeyword.groovy:37)
	at com.kms.katalon.core.keyword.internal.KeywordExecutor.executeKeywordForPlatform(KeywordExecutor.groovy:53)
	at com.kms.katalon.core.webui.keyword.WebUiBuiltInKeywords.setText(WebUiBuiltInKeywords.groovy:950)
	at com.kms.katalon.core.webui.keyword.WebUiBuiltInKeywords$setText$1.call(Unknown Source)
	at OTC_Application_Reg.run(OTC_Application_Reg:91)
	at com.kms.katalon.core.main.ScriptEngine.run(ScriptEngine.java:194)
	at com.kms.katalon.core.main.ScriptEngine.runScriptAsRawText(ScriptEngine.java:119)
	at com.kms.katalon.core.main.TestCaseExecutor.runScript(TestCaseExecutor.java:328)
	at com.kms.katalon.core.main.TestCaseExecutor.doExecute(TestCaseExecutor.java:319)
	at com.kms.katalon.core.main.TestCaseExecutor.processExecutionPhase(TestCaseExecutor.java:298)
	at com.kms.katalon.core.main.TestCaseExecutor.accessMainPhase(TestCaseExecutor.java:290)
	at com.kms.katalon.core.main.TestCaseExecutor.execute(TestCaseExecutor.java:224)
	at com.kms.katalon.core.main.TestCaseMain.runTestCase(TestCaseMain.java:106)
	at com.kms.katalon.core.keyword.builtin.CallTestCaseKeyword$_callTestCase_closure1.doCall(CallTestCaseKeyword.groovy:59)
	at com.kms.katalon.core.keyword.builtin.CallTestCaseKeyword$_callTestCase_closure1.call(CallTestCaseKeyword.groovy)
	at com.kms.katalon.core.keyword.internal.KeywordMain.runKeyword(KeywordMain.groovy:54)
	at com.kms.katalon.core.keyword.builtin.CallTestCaseKeyword.callTestCase(CallTestCaseKeyword.groovy:80)
	at com.kms.katalon.core.keyword.builtin.CallTestCaseKeyword.execute(CallTestCaseKeyword.groovy:44)
	at com.kms.katalon.core.keyword.internal.KeywordExecutor.executeKeywordForPlatform(KeywordExecutor.groovy:53)
	at com.kms.katalon.core.keyword.BuiltinKeywords.callTestCase(BuiltinKeywords.groovy:334)
	at OTC_Submit Form 7_End to End - Cheque.run(OTC_Submit Form 7_End to End - Cheque:16)
	at com.kms.katalon.core.main.ScriptEngine.run(ScriptEngine.java:194)
	at com.kms.katalon.core.main.ScriptEngine.runScriptAsRawText(ScriptEngine.java:119)
	at com.kms.katalon.core.main.TestCaseExecutor.runScript(TestCaseExecutor.java:328)
	at com.kms.katalon.core.main.TestCaseExecutor.doExecute(TestCaseExecutor.java:319)
	at com.kms.katalon.core.main.TestCaseExecutor.processExecutionPhase(TestCaseExecutor.java:298)
	at com.kms.katalon.core.main.TestCaseExecutor.accessMainPhase(TestCaseExecutor.java:290)
	at com.kms.katalon.core.main.TestCaseExecutor.execute(TestCaseExecutor.java:224)
	at com.kms.katalon.core.main.TestCaseMain.runTestCase(TestCaseMain.java:106)
	at com.kms.katalon.core.keyword.builtin.CallTestCaseKeyword$_callTestCase_closure1.doCall(CallTestCaseKeyword.groovy:59)
	at com.kms.katalon.core.keyword.builtin.CallTestCaseKeyword$_callTestCase_closure1.call(CallTestCaseKeyword.groovy)
	at com.kms.katalon.core.keyword.internal.KeywordMain.runKeyword(KeywordMain.groovy:54)
	at com.kms.katalon.core.keyword.builtin.CallTestCaseKeyword.callTestCase(CallTestCaseKeyword.groovy:80)
	at com.kms.katalon.core.keyword.builtin.CallTestCaseKeyword.execute(CallTestCaseKeyword.groovy:44)
	at com.kms.katalon.core.keyword.internal.KeywordExecutor.executeKeywordForPlatform(KeywordExecutor.groovy:53)
	at com.kms.katalon.core.keyword.BuiltinKeywords.callTestCase(BuiltinKeywords.groovy:334)
	at Approve Claim - Fill Up UJP - by OB.run(Approve Claim - Fill Up UJP - by OB:16)
	at com.kms.katalon.core.main.ScriptEngine.run(ScriptEngine.java:194)
	at com.kms.katalon.core.main.ScriptEngine.runScriptAsRawText(ScriptEngine.java:119)
	at com.kms.katalon.core.main.TestCaseExecutor.runScript(TestCaseExecutor.java:328)
	at com.kms.katalon.core.main.TestCaseExecutor.doExecute(TestCaseExecutor.java:319)
	at com.kms.katalon.core.main.TestCaseExecutor.processExecutionPhase(TestCaseExecutor.java:298)
	at com.kms.katalon.core.main.TestCaseExecutor.accessMainPhase(TestCaseExecutor.java:290)
	at com.kms.katalon.core.main.TestCaseExecutor.execute(TestCaseExecutor.java:224)
	at com.kms.katalon.core.main.TestSuiteExecutor.accessTestCaseMainPhase(TestSuiteExecutor.java:129)
	at com.kms.katalon.core.main.TestSuiteExecutor.accessTestSuiteMainPhase(TestSuiteExecutor.java:112)
	at com.kms.katalon.core.main.TestSuiteExecutor.execute(TestSuiteExecutor.java:81)
	at com.kms.katalon.core.main.TestCaseMain.startTestSuite(TestCaseMain.java:149)
	at com.kms.katalon.core.main.TestCaseMain$startTestSuite$0.call(Unknown Source)
	at TempTestSuite1550738418733.run(TempTestSuite1550738418733.groovy:36)


2019-02-21 18:31:37 - [MESSAGE][WARNING] - Cannot take screenshot

2019-02-21 18:31:37 - [MESSAGE][FAILED] - Unable to set text '10/01/2019' of object 'Object Repository/KeatMun/Form 7_default/OTC_Application_Reg/Page_PERKESO/11.Tarikh Terima_stampedDtS' (Root cause: org.openqa.selenium.UnhandledAlertException: unexpected alert open: {Alert text : HARAP MAKLUM

PERMOHONAN FAEDAH SISTEM INSURANS PEKERJAAN HANYA BOLEH DIBUAT BERMULA DARI TARIKH KEHILANGAN PEKERJAAN

Nota: Permohonan hendaklah dibuat dalam tempoh 60 hari dari tarikh kehilangan pekerjaan}
  (Session info: chrome=72.0.3626.109)
  (Driver info: chromedriver=2.43.600210 (68dcf5eebde37173d4027fa8635e332711d2874a),platform=Windows NT 6.1.7601 SP1 x86_64) (WARNING: The server did not provide any stacktrace information)
Command duration or timeout: 0 milliseconds: null
Build info: version: '3.7.1', revision: '8a0099a', time: '2017-11-06T21:07:36.161Z'
System info: host: 'WIN7TEST02', ip: '10.20.3.72', os.name: 'Windows 7', os.arch: 'amd64', os.version: '6.1', java.version: '1.8.0_181'
Driver info: com.kms.katalon.selenium.driver.CChromeDriver
Capabilities {acceptInsecureCerts: false, acceptSslCerts: false, applicationCacheEnabled: false, browserConnectionEnabled: false, browserName: chrome, chrome: {chromedriverVersion: 2.43.600210 (68dcf5eebde371..., userDataDir: C:\Users\Admin\AppData\Loca...}, cssSelectorsEnabled: true, databaseEnabled: false, goog:chromeOptions: {debuggerAddress: localhost:62813}, handlesAlerts: true, hasTouchScreen: false, javascriptEnabled: true, locationContextEnabled: true, mobileEmulationEnabled: false, nativeEvents: true, networkConnectionEnabled: false, pageLoadStrategy: normal, platform: XP, platformName: XP, rotatable: false, setWindowRect: true, takesHeapSnapshot: true, takesScreenshot: true, unexpectedAlertBehaviour: , unhandledPromptBehavior: , version: 72.0.3626.109, webStorageEnabled: true}
Session ID: a0352412541468df6d4fd5c406172170
*** Element info: {Using=xpath, value=//input[@id = 'stampedDtStr' and @name = 'stampedDtStr' and @type = 'text']})

2019-02-21 18:31:37 - [MESSAGE][FAILED] - setText(findTestObject("KeatMun/Form 7_default/OTC_Application_Reg/Page_PERKESO/11.Tarikh Terima_stampedDtS"), "10/01/2019") FAILED.
Reason:
com.kms.katalon.core.exception.StepFailedException: Unable to set text '10/01/2019' of object 'Object Repository/KeatMun/Form 7_default/OTC_Application_Reg/Page_PERKESO/11.Tarikh Terima_stampedDtS' (Root cause: org.openqa.selenium.UnhandledAlertException: unexpected alert open: {Alert text : HARAP MAKLUM

PERMOHONAN FAEDAH SISTEM INSURANS PEKERJAAN HANYA BOLEH DIBUAT BERMULA DARI TARIKH KEHILANGAN PEKERJAAN

Nota: Permohonan hendaklah dibuat dalam tempoh 60 hari dari tarikh kehilangan pekerjaan}
  (Session info: chrome=72.0.3626.109)
  (Driver info: chromedriver=2.43.600210 (68dcf5eebde37173d4027fa8635e332711d2874a),platform=Windows NT 6.1.7601 SP1 x86_64) (WARNING: The server did not provide any stacktrace information)
Command duration or timeout: 0 milliseconds: null
Build info: version: '3.7.1', revision: '8a0099a', time: '2017-11-06T21:07:36.161Z'
System info: host: 'WIN7TEST02', ip: '10.20.3.72', os.name: 'Windows 7', os.arch: 'amd64', os.version: '6.1', java.version: '1.8.0_181'
Driver info: com.kms.katalon.selenium.driver.CChromeDriver
Capabilities {acceptInsecureCerts: false, acceptSslCerts: false, applicationCacheEnabled: false, browserConnectionEnabled: false, browserName: chrome, chrome: {chromedriverVersion: 2.43.600210 (68dcf5eebde371..., userDataDir: C:\Users\Admin\AppData\Loca...}, cssSelectorsEnabled: true, databaseEnabled: false, goog:chromeOptions: {debuggerAddress: localhost:62813}, handlesAlerts: true, hasTouchScreen: false, javascriptEnabled: true, locationContextEnabled: true, mobileEmulationEnabled: false, nativeEvents: true, networkConnectionEnabled: false, pageLoadStrategy: normal, platform: XP, platformName: XP, rotatable: false, setWindowRect: true, takesHeapSnapshot: true, takesScreenshot: true, unexpectedAlertBehaviour: , unhandledPromptBehavior: , version: 72.0.3626.109, webStorageEnabled: true}
Session ID: a0352412541468df6d4fd5c406172170
*** Element info: {Using=xpath, value=//input[@id = 'stampedDtStr' and @name = 'stampedDtStr' and @type = 'text']})
	at com.kms.katalon.core.keyword.internal.KeywordMain.stepFailed(KeywordMain.groovy:36)
	at com.kms.katalon.core.webui.keyword.internal.WebUIKeywordMain.stepFailed(WebUIKeywordMain.groovy:65)
	at com.kms.katalon.core.webui.keyword.internal.WebUIKeywordMain.runKeyword(WebUIKeywordMain.groovy:27)
	at com.kms.katalon.core.webui.keyword.builtin.SetTextKeyword.setText(SetTextKeyword.groovy:65)
	at com.kms.katalon.core.webui.keyword.builtin.SetTextKeyword.execute(SetTextKeyword.groovy:37)
	at com.kms.katalon.core.keyword.internal.KeywordExecutor.executeKeywordForPlatform(KeywordExecutor.groovy:53)
	at com.kms.katalon.core.webui.keyword.WebUiBuiltInKeywords.setText(WebUiBuiltInKeywords.groovy:950)
	at com.kms.katalon.core.webui.keyword.WebUiBuiltInKeywords$setText$1.call(Unknown Source)
	at OTC_Application_Reg.run(OTC_Application_Reg:91)
	at com.kms.katalon.core.main.ScriptEngine.run(ScriptEngine.java:194)
	at com.kms.katalon.core.main.ScriptEngine.runScriptAsRawText(ScriptEngine.java:119)
	at com.kms.katalon.core.main.TestCaseExecutor.runScript(TestCaseExecutor.java:328)
	at com.kms.katalon.core.main.TestCaseExecutor.doExecute(TestCaseExecutor.java:319)
	at com.kms.katalon.core.main.TestCaseExecutor.processExecutionPhase(TestCaseExecutor.java:298)
	at com.kms.katalon.core.main.TestCaseExecutor.accessMainPhase(TestCaseExecutor.java:290)
	at com.kms.katalon.core.main.TestCaseExecutor.execute(TestCaseExecutor.java:224)
	at com.kms.katalon.core.main.TestCaseMain.runTestCase(TestCaseMain.java:106)
	at com.kms.katalon.core.keyword.builtin.CallTestCaseKeyword$_callTestCase_closure1.doCall(CallTestCaseKeyword.groovy:59)
	at com.kms.katalon.core.keyword.builtin.CallTestCaseKeyword$_callTestCase_closure1.call(CallTestCaseKeyword.groovy)
	at com.kms.katalon.core.keyword.internal.KeywordMain.runKeyword(KeywordMain.groovy:54)
	at com.kms.katalon.core.keyword.builtin.CallTestCaseKeyword.callTestCase(CallTestCaseKeyword.groovy:80)
	at com.kms.katalon.core.keyword.builtin.CallTestCaseKeyword.execute(CallTestCaseKeyword.groovy:44)
	at com.kms.katalon.core.keyword.internal.KeywordExecutor.executeKeywordForPlatform(KeywordExecutor.groovy:53)
	at com.kms.katalon.core.keyword.BuiltinKeywords.callTestCase(BuiltinKeywords.groovy:334)
	at OTC_Submit Form 7_End to End - Cheque.run(OTC_Submit Form 7_End to End - Cheque:16)
	at com.kms.katalon.core.main.ScriptEngine.run(ScriptEngine.java:194)
	at com.kms.katalon.core.main.ScriptEngine.runScriptAsRawText(ScriptEngine.java:119)
	at com.kms.katalon.core.main.TestCaseExecutor.runScript(TestCaseExecutor.java:328)
	at com.kms.katalon.core.main.TestCaseExecutor.doExecute(TestCaseExecutor.java:319)
	at com.kms.katalon.core.main.TestCaseExecutor.processExecutionPhase(TestCaseExecutor.java:298)
	at com.kms.katalon.core.main.TestCaseExecutor.accessMainPhase(TestCaseExecutor.java:290)
	at com.kms.katalon.core.main.TestCaseExecutor.execute(TestCaseExecutor.java:224)
	at com.kms.katalon.core.main.TestCaseMain.runTestCase(TestCaseMain.java:106)
	at com.kms.katalon.core.keyword.builtin.CallTestCaseKeyword$_callTestCase_closure1.doCall(CallTestCaseKeyword.groovy:59)
	at com.kms.katalon.core.keyword.builtin.CallTestCaseKeyword$_callTestCase_closure1.call(CallTestCaseKeyword.groovy)
	at com.kms.katalon.core.keyword.internal.KeywordMain.runKeyword(KeywordMain.groovy:54)
	at com.kms.katalon.core.keyword.builtin.CallTestCaseKeyword.callTestCase(CallTestCaseKeyword.groovy:80)
	at com.kms.katalon.core.keyword.builtin.CallTestCaseKeyword.execute(CallTestCaseKeyword.groovy:44)
	at com.kms.katalon.core.keyword.internal.KeywordExecutor.executeKeywordForPlatform(KeywordExecutor.groovy:53)
	at com.kms.katalon.core.keyword.BuiltinKeywords.callTestCase(BuiltinKeywords.groovy:334)
	at Approve Claim - Fill Up UJP - by OB.run(Approve Claim - Fill Up UJP - by OB:16)
	at com.kms.katalon.core.main.ScriptEngine.run(ScriptEngine.java:194)
	at com.kms.katalon.core.main.ScriptEngine.runScriptAsRawText(ScriptEngine.java:119)
	at com.kms.katalon.core.main.TestCaseExecutor.runScript(TestCaseExecutor.java:328)
	at com.kms.katalon.core.main.TestCaseExecutor.doExecute(TestCaseExecutor.java:319)
	at com.kms.katalon.core.main.TestCaseExecutor.processExecutionPhase(TestCaseExecutor.java:298)
	at com.kms.katalon.core.main.TestCaseExecutor.accessMainPhase(TestCaseExecutor.java:290)
	at com.kms.katalon.core.main.TestCaseExecutor.execute(TestCaseExecutor.java:224)
	at com.kms.katalon.core.main.TestSuiteExecutor.accessTestCaseMainPhase(TestSuiteExecutor.java:129)
	at com.kms.katalon.core.main.TestSuiteExecutor.accessTestSuiteMainPhase(TestSuiteExecutor.java:112)
	at com.kms.katalon.core.main.TestSuiteExecutor.execute(TestSuiteExecutor.java:81)
	at com.kms.katalon.core.main.TestCaseMain.startTestSuite(TestCaseMain.java:149)
	at com.kms.katalon.core.main.TestCaseMain$startTestSuite$0.call(Unknown Source)
	at TempTestSuite1550738418733.run(TempTestSuite1550738418733.groovy:36)


2019-02-21 18:31:38 - [MESSAGE][FAILED] - Unable to call Test Case 'Test Cases/All TC/Arranged/3. Unit/EI/Form 7_default/OTC_Application_Reg' (Root cause: com.kms.katalon.core.exception.StepFailedException: Call Test Case 'Test Cases/All TC/Arranged/3. Unit/EI/Form 7_default/OTC_Application_Reg' failed)

2019-02-21 18:31:38 - [MESSAGE][FAILED] - callTestCase(findTestCase("All TC/Arranged/3. Unit/EI/Form 7_default/OTC_Application_Reg"), [:], STOP_ON_FAILURE) FAILED.
Reason:
com.kms.katalon.core.exception.StepFailedException: Unable to set text '10/01/2019' of object 'Object Repository/KeatMun/Form 7_default/OTC_Application_Reg/Page_PERKESO/11.Tarikh Terima_stampedDtS' (Root cause: org.openqa.selenium.UnhandledAlertException: unexpected alert open: {Alert text : HARAP MAKLUM

PERMOHONAN FAEDAH SISTEM INSURANS PEKERJAAN HANYA BOLEH DIBUAT BERMULA DARI TARIKH KEHILANGAN PEKERJAAN

Nota: Permohonan hendaklah dibuat dalam tempoh 60 hari dari tarikh kehilangan pekerjaan}
  (Session info: chrome=72.0.3626.109)
  (Driver info: chromedriver=2.43.600210 (68dcf5eebde37173d4027fa8635e332711d2874a),platform=Windows NT 6.1.7601 SP1 x86_64) (WARNING: The server did not provide any stacktrace information)
Command duration or timeout: 0 milliseconds: null
Build info: version: '3.7.1', revision: '8a0099a', time: '2017-11-06T21:07:36.161Z'
System info: host: 'WIN7TEST02', ip: '10.20.3.72', os.name: 'Windows 7', os.arch: 'amd64', os.version: '6.1', java.version: '1.8.0_181'
Driver info: com.kms.katalon.selenium.driver.CChromeDriver
Capabilities {acceptInsecureCerts: false, acceptSslCerts: false, applicationCacheEnabled: false, browserConnectionEnabled: false, browserName: chrome, chrome: {chromedriverVersion: 2.43.600210 (68dcf5eebde371..., userDataDir: C:\Users\Admin\AppData\Loca...}, cssSelectorsEnabled: true, databaseEnabled: false, goog:chromeOptions: {debuggerAddress: localhost:62813}, handlesAlerts: true, hasTouchScreen: false, javascriptEnabled: true, locationContextEnabled: true, mobileEmulationEnabled: false, nativeEvents: true, networkConnectionEnabled: false, pageLoadStrategy: normal, platform: XP, platformName: XP, rotatable: false, setWindowRect: true, takesHeapSnapshot: true, takesScreenshot: true, unexpectedAlertBehaviour: , unhandledPromptBehavior: , version: 72.0.3626.109, webStorageEnabled: true}
Session ID: a0352412541468df6d4fd5c406172170
*** Element info: {Using=xpath, value=//input[@id = 'stampedDtStr' and @name = 'stampedDtStr' and @type = 'text']})
	at com.kms.katalon.core.keyword.internal.KeywordMain.stepFailed(KeywordMain.groovy:36)
	at com.kms.katalon.core.webui.keyword.internal.WebUIKeywordMain.stepFailed(WebUIKeywordMain.groovy:65)
	at com.kms.katalon.core.webui.keyword.internal.WebUIKeywordMain.runKeyword(WebUIKeywordMain.groovy:27)
	at com.kms.katalon.core.webui.keyword.builtin.SetTextKeyword.setText(SetTextKeyword.groovy:65)
	at com.kms.katalon.core.webui.keyword.builtin.SetTextKeyword.execute(SetTextKeyword.groovy:37)
	at com.kms.katalon.core.keyword.internal.KeywordExecutor.executeKeywordForPlatform(KeywordExecutor.groovy:53)
	at com.kms.katalon.core.webui.keyword.WebUiBuiltInKeywords.setText(WebUiBuiltInKeywords.groovy:950)
	at com.kms.katalon.core.webui.keyword.WebUiBuiltInKeywords$setText$1.call(Unknown Source)
	at OTC_Application_Reg.run(OTC_Application_Reg:91)
	at com.kms.katalon.core.main.ScriptEngine.run(ScriptEngine.java:194)
	at com.kms.katalon.core.main.ScriptEngine.runScriptAsRawText(ScriptEngine.java:119)
	at com.kms.katalon.core.main.TestCaseExecutor.runScript(TestCaseExecutor.java:328)
	at com.kms.katalon.core.main.TestCaseExecutor.doExecute(TestCaseExecutor.java:319)
	at com.kms.katalon.core.main.TestCaseExecutor.processExecutionPhase(TestCaseExecutor.java:298)
	at com.kms.katalon.core.main.TestCaseExecutor.accessMainPhase(TestCaseExecutor.java:290)
	at com.kms.katalon.core.main.TestCaseExecutor.execute(TestCaseExecutor.java:224)
	at com.kms.katalon.core.main.TestCaseMain.runTestCase(TestCaseMain.java:106)
	at com.kms.katalon.core.keyword.builtin.CallTestCaseKeyword$_callTestCase_closure1.doCall(CallTestCaseKeyword.groovy:59)
	at com.kms.katalon.core.keyword.builtin.CallTestCaseKeyword$_callTestCase_closure1.call(CallTestCaseKeyword.groovy)
	at com.kms.katalon.core.keyword.internal.KeywordMain.runKeyword(KeywordMain.groovy:54)
	at com.kms.katalon.core.keyword.builtin.CallTestCaseKeyword.callTestCase(CallTestCaseKeyword.groovy:80)
	at com.kms.katalon.core.keyword.builtin.CallTestCaseKeyword.execute(CallTestCaseKeyword.groovy:44)
	at com.kms.katalon.core.keyword.internal.KeywordExecutor.executeKeywordForPlatform(KeywordExecutor.groovy:53)
	at com.kms.katalon.core.keyword.BuiltinKeywords.callTestCase(BuiltinKeywords.groovy:334)
	at OTC_Submit Form 7_End to End - Cheque.run(OTC_Submit Form 7_End to End - Cheque:16)
	at com.kms.katalon.core.main.ScriptEngine.run(ScriptEngine.java:194)
	at com.kms.katalon.core.main.ScriptEngine.runScriptAsRawText(ScriptEngine.java:119)
	at com.kms.katalon.core.main.TestCaseExecutor.runScript(TestCaseExecutor.java:328)
	at com.kms.katalon.core.main.TestCaseExecutor.doExecute(TestCaseExecutor.java:319)
	at com.kms.katalon.core.main.TestCaseExecutor.processExecutionPhase(TestCaseExecutor.java:298)
	at com.kms.katalon.core.main.TestCaseExecutor.accessMainPhase(TestCaseExecutor.java:290)
	at com.kms.katalon.core.main.TestCaseExecutor.execute(TestCaseExecutor.java:224)
	at com.kms.katalon.core.main.TestCaseMain.runTestCase(TestCaseMain.java:106)
	at com.kms.katalon.core.keyword.builtin.CallTestCaseKeyword$_callTestCase_closure1.doCall(CallTestCaseKeyword.groovy:59)
	at com.kms.katalon.core.keyword.builtin.CallTestCaseKeyword$_callTestCase_closure1.call(CallTestCaseKeyword.groovy)
	at com.kms.katalon.core.keyword.internal.KeywordMain.runKeyword(KeywordMain.groovy:54)
	at com.kms.katalon.core.keyword.builtin.CallTestCaseKeyword.callTestCase(CallTestCaseKeyword.groovy:80)
	at com.kms.katalon.core.keyword.builtin.CallTestCaseKeyword.execute(CallTestCaseKeyword.groovy:44)
	at com.kms.katalon.core.keyword.internal.KeywordExecutor.executeKeywordForPlatform(KeywordExecutor.groovy:53)
	at com.kms.katalon.core.keyword.BuiltinKeywords.callTestCase(BuiltinKeywords.groovy:334)
	at Approve Claim - Fill Up UJP - by OB.run(Approve Claim - Fill Up UJP - by OB:16)
	at com.kms.katalon.core.main.ScriptEngine.run(ScriptEngine.java:194)
	at com.kms.katalon.core.main.ScriptEngine.runScriptAsRawText(ScriptEngine.java:119)
	at com.kms.katalon.core.main.TestCaseExecutor.runScript(TestCaseExecutor.java:328)
	at com.kms.katalon.core.main.TestCaseExecutor.doExecute(TestCaseExecutor.java:319)
	at com.kms.katalon.core.main.TestCaseExecutor.processExecutionPhase(TestCaseExecutor.java:298)
	at com.kms.katalon.core.main.TestCaseExecutor.accessMainPhase(TestCaseExecutor.java:290)
	at com.kms.katalon.core.main.TestCaseExecutor.execute(TestCaseExecutor.java:224)
	at com.kms.katalon.core.main.TestSuiteExecutor.accessTestCaseMainPhase(TestSuiteExecutor.java:129)
	at com.kms.katalon.core.main.TestSuiteExecutor.accessTestSuiteMainPhase(TestSuiteExecutor.java:112)
	at com.kms.katalon.core.main.TestSuiteExecutor.execute(TestSuiteExecutor.java:81)
	at com.kms.katalon.core.main.TestCaseMain.startTestSuite(TestCaseMain.java:149)
	at com.kms.katalon.core.main.TestCaseMain$startTestSuite$0.call(Unknown Source)
	at TempTestSuite1550738418733.run(TempTestSuite1550738418733.groovy:36)


2019-02-21 18:31:38 - [MESSAGE][FAILED] - Unable to call Test Case 'Test Cases/All TC/Arranged/2. Segment/OTC_Submit Form 7_End to End - Cheque' (Root cause: com.kms.katalon.core.exception.StepFailedException: Call Test Case 'Test Cases/All TC/Arranged/2. Segment/OTC_Submit Form 7_End to End - Cheque' failed)

2019-02-21 18:31:38 - [MESSAGE][FAILED] - callTestCase(findTestCase("All TC/Arranged/2. Segment/OTC_Submit Form 7_End to End - Cheque"), [:], STOP_ON_FAILURE) FAILED.
Reason:
com.kms.katalon.core.exception.StepFailedException: Unable to set text '10/01/2019' of object 'Object Repository/KeatMun/Form 7_default/OTC_Application_Reg/Page_PERKESO/11.Tarikh Terima_stampedDtS' (Root cause: org.openqa.selenium.UnhandledAlertException: unexpected alert open: {Alert text : HARAP MAKLUM

PERMOHONAN FAEDAH SISTEM INSURANS PEKERJAAN HANYA BOLEH DIBUAT BERMULA DARI TARIKH KEHILANGAN PEKERJAAN

Nota: Permohonan hendaklah dibuat dalam tempoh 60 hari dari tarikh kehilangan pekerjaan}
  (Session info: chrome=72.0.3626.109)
  (Driver info: chromedriver=2.43.600210 (68dcf5eebde37173d4027fa8635e332711d2874a),platform=Windows NT 6.1.7601 SP1 x86_64) (WARNING: The server did not provide any stacktrace information)
Command duration or timeout: 0 milliseconds: null
Build info: version: '3.7.1', revision: '8a0099a', time: '2017-11-06T21:07:36.161Z'
System info: host: 'WIN7TEST02', ip: '10.20.3.72', os.name: 'Windows 7', os.arch: 'amd64', os.version: '6.1', java.version: '1.8.0_181'
Driver info: com.kms.katalon.selenium.driver.CChromeDriver
Capabilities {acceptInsecureCerts: false, acceptSslCerts: false, applicationCacheEnabled: false, browserConnectionEnabled: false, browserName: chrome, chrome: {chromedriverVersion: 2.43.600210 (68dcf5eebde371..., userDataDir: C:\Users\Admin\AppData\Loca...}, cssSelectorsEnabled: true, databaseEnabled: false, goog:chromeOptions: {debuggerAddress: localhost:62813}, handlesAlerts: true, hasTouchScreen: false, javascriptEnabled: true, locationContextEnabled: true, mobileEmulationEnabled: false, nativeEvents: true, networkConnectionEnabled: false, pageLoadStrategy: normal, platform: XP, platformName: XP, rotatable: false, setWindowRect: true, takesHeapSnapshot: true, takesScreenshot: true, unexpectedAlertBehaviour: , unhandledPromptBehavior: , version: 72.0.3626.109, webStorageEnabled: true}
Session ID: a0352412541468df6d4fd5c406172170
*** Element info: {Using=xpath, value=//input[@id = 'stampedDtStr' and @name = 'stampedDtStr' and @type = 'text']})
	at com.kms.katalon.core.keyword.internal.KeywordMain.stepFailed(KeywordMain.groovy:36)
	at com.kms.katalon.core.webui.keyword.internal.WebUIKeywordMain.stepFailed(WebUIKeywordMain.groovy:65)
	at com.kms.katalon.core.webui.keyword.internal.WebUIKeywordMain.runKeyword(WebUIKeywordMain.groovy:27)
	at com.kms.katalon.core.webui.keyword.builtin.SetTextKeyword.setText(SetTextKeyword.groovy:65)
	at com.kms.katalon.core.webui.keyword.builtin.SetTextKeyword.execute(SetTextKeyword.groovy:37)
	at com.kms.katalon.core.keyword.internal.KeywordExecutor.executeKeywordForPlatform(KeywordExecutor.groovy:53)
	at com.kms.katalon.core.webui.keyword.WebUiBuiltInKeywords.setText(WebUiBuiltInKeywords.groovy:950)
	at com.kms.katalon.core.webui.keyword.WebUiBuiltInKeywords$setText$1.call(Unknown Source)
	at OTC_Application_Reg.run(OTC_Application_Reg:91)
	at com.kms.katalon.core.main.ScriptEngine.run(ScriptEngine.java:194)
	at com.kms.katalon.core.main.ScriptEngine.runScriptAsRawText(ScriptEngine.java:119)
	at com.kms.katalon.core.main.TestCaseExecutor.runScript(TestCaseExecutor.java:328)
	at com.kms.katalon.core.main.TestCaseExecutor.doExecute(TestCaseExecutor.java:319)
	at com.kms.katalon.core.main.TestCaseExecutor.processExecutionPhase(TestCaseExecutor.java:298)
	at com.kms.katalon.core.main.TestCaseExecutor.accessMainPhase(TestCaseExecutor.java:290)
	at com.kms.katalon.core.main.TestCaseExecutor.execute(TestCaseExecutor.java:224)
	at com.kms.katalon.core.main.TestCaseMain.runTestCase(TestCaseMain.java:106)
	at com.kms.katalon.core.keyword.builtin.CallTestCaseKeyword$_callTestCase_closure1.doCall(CallTestCaseKeyword.groovy:59)
	at com.kms.katalon.core.keyword.builtin.CallTestCaseKeyword$_callTestCase_closure1.call(CallTestCaseKeyword.groovy)
	at com.kms.katalon.core.keyword.internal.KeywordMain.runKeyword(KeywordMain.groovy:54)
	at com.kms.katalon.core.keyword.builtin.CallTestCaseKeyword.callTestCase(CallTestCaseKeyword.groovy:80)
	at com.kms.katalon.core.keyword.builtin.CallTestCaseKeyword.execute(CallTestCaseKeyword.groovy:44)
	at com.kms.katalon.core.keyword.internal.KeywordExecutor.executeKeywordForPlatform(KeywordExecutor.groovy:53)
	at com.kms.katalon.core.keyword.BuiltinKeywords.callTestCase(BuiltinKeywords.groovy:334)
	at OTC_Submit Form 7_End to End - Cheque.run(OTC_Submit Form 7_End to End - Cheque:16)
	at com.kms.katalon.core.main.ScriptEngine.run(ScriptEngine.java:194)
	at com.kms.katalon.core.main.ScriptEngine.runScriptAsRawText(ScriptEngine.java:119)
	at com.kms.katalon.core.main.TestCaseExecutor.runScript(TestCaseExecutor.java:328)
	at com.kms.katalon.core.main.TestCaseExecutor.doExecute(TestCaseExecutor.java:319)
	at com.kms.katalon.core.main.TestCaseExecutor.processExecutionPhase(TestCaseExecutor.java:298)
	at com.kms.katalon.core.main.TestCaseExecutor.accessMainPhase(TestCaseExecutor.java:290)
	at com.kms.katalon.core.main.TestCaseExecutor.execute(TestCaseExecutor.java:224)
	at com.kms.katalon.core.main.TestCaseMain.runTestCase(TestCaseMain.java:106)
	at com.kms.katalon.core.keyword.builtin.CallTestCaseKeyword$_callTestCase_closure1.doCall(CallTestCaseKeyword.groovy:59)
	at com.kms.katalon.core.keyword.builtin.CallTestCaseKeyword$_callTestCase_closure1.call(CallTestCaseKeyword.groovy)
	at com.kms.katalon.core.keyword.internal.KeywordMain.runKeyword(KeywordMain.groovy:54)
	at com.kms.katalon.core.keyword.builtin.CallTestCaseKeyword.callTestCase(CallTestCaseKeyword.groovy:80)
	at com.kms.katalon.core.keyword.builtin.CallTestCaseKeyword.execute(CallTestCaseKeyword.groovy:44)
	at com.kms.katalon.core.keyword.internal.KeywordExecutor.executeKeywordForPlatform(KeywordExecutor.groovy:53)
	at com.kms.katalon.core.keyword.BuiltinKeywords.callTestCase(BuiltinKeywords.groovy:334)
	at Approve Claim - Fill Up UJP - by OB.run(Approve Claim - Fill Up UJP - by OB:16)
	at com.kms.katalon.core.main.ScriptEngine.run(ScriptEngine.java:194)
	at com.kms.katalon.core.main.ScriptEngine.runScriptAsRawText(ScriptEngine.java:119)
	at com.kms.katalon.core.main.TestCaseExecutor.runScript(TestCaseExecutor.java:328)
	at com.kms.katalon.core.main.TestCaseExecutor.doExecute(TestCaseExecutor.java:319)
	at com.kms.katalon.core.main.TestCaseExecutor.processExecutionPhase(TestCaseExecutor.java:298)
	at com.kms.katalon.core.main.TestCaseExecutor.accessMainPhase(TestCaseExecutor.java:290)
	at com.kms.katalon.core.main.TestCaseExecutor.execute(TestCaseExecutor.java:224)
	at com.kms.katalon.core.main.TestSuiteExecutor.accessTestCaseMainPhase(TestSuiteExecutor.java:129)
	at com.kms.katalon.core.main.TestSuiteExecutor.accessTestSuiteMainPhase(TestSuiteExecutor.java:112)
	at com.kms.katalon.core.main.TestSuiteExecutor.execute(TestSuiteExecutor.java:81)
	at com.kms.katalon.core.main.TestCaseMain.startTestSuite(TestCaseMain.java:149)
	at com.kms.katalon.core.main.TestCaseMain$startTestSuite$0.call(Unknown Source)
	at TempTestSuite1550738418733.run(TempTestSuite1550738418733.groovy:36)]]></system-out>
         <system-err><![CDATA[2019-02-21 18:30:57 - [TEST_CASE][FAILED] - Test Cases/All TC/Arranged/0. Full Flow/Approve Claim - Fill Up UJP - by OB: Test Cases/All TC/Arranged/0. Full Flow/Approve Claim - Fill Up UJP - by OB FAILED.
Reason:
com.kms.katalon.core.exception.StepFailedException: Unable to set text '10/01/2019' of object 'Object Repository/KeatMun/Form 7_default/OTC_Application_Reg/Page_PERKESO/11.Tarikh Terima_stampedDtS' (Root cause: org.openqa.selenium.UnhandledAlertException: unexpected alert open: {Alert text : HARAP MAKLUM

PERMOHONAN FAEDAH SISTEM INSURANS PEKERJAAN HANYA BOLEH DIBUAT BERMULA DARI TARIKH KEHILANGAN PEKERJAAN

Nota: Permohonan hendaklah dibuat dalam tempoh 60 hari dari tarikh kehilangan pekerjaan}
  (Session info: chrome=72.0.3626.109)
  (Driver info: chromedriver=2.43.600210 (68dcf5eebde37173d4027fa8635e332711d2874a),platform=Windows NT 6.1.7601 SP1 x86_64) (WARNING: The server did not provide any stacktrace information)
Command duration or timeout: 0 milliseconds: null
Build info: version: '3.7.1', revision: '8a0099a', time: '2017-11-06T21:07:36.161Z'
System info: host: 'WIN7TEST02', ip: '10.20.3.72', os.name: 'Windows 7', os.arch: 'amd64', os.version: '6.1', java.version: '1.8.0_181'
Driver info: com.kms.katalon.selenium.driver.CChromeDriver
Capabilities {acceptInsecureCerts: false, acceptSslCerts: false, applicationCacheEnabled: false, browserConnectionEnabled: false, browserName: chrome, chrome: {chromedriverVersion: 2.43.600210 (68dcf5eebde371..., userDataDir: C:\Users\Admin\AppData\Loca...}, cssSelectorsEnabled: true, databaseEnabled: false, goog:chromeOptions: {debuggerAddress: localhost:62813}, handlesAlerts: true, hasTouchScreen: false, javascriptEnabled: true, locationContextEnabled: true, mobileEmulationEnabled: false, nativeEvents: true, networkConnectionEnabled: false, pageLoadStrategy: normal, platform: XP, platformName: XP, rotatable: false, setWindowRect: true, takesHeapSnapshot: true, takesScreenshot: true, unexpectedAlertBehaviour: , unhandledPromptBehavior: , version: 72.0.3626.109, webStorageEnabled: true}
Session ID: a0352412541468df6d4fd5c406172170
*** Element info: {Using=xpath, value=//input[@id = 'stampedDtStr' and @name = 'stampedDtStr' and @type = 'text']})
	at com.kms.katalon.core.keyword.internal.KeywordMain.stepFailed(KeywordMain.groovy:36)
	at com.kms.katalon.core.webui.keyword.internal.WebUIKeywordMain.stepFailed(WebUIKeywordMain.groovy:65)
	at com.kms.katalon.core.webui.keyword.internal.WebUIKeywordMain.runKeyword(WebUIKeywordMain.groovy:27)
	at com.kms.katalon.core.webui.keyword.builtin.SetTextKeyword.setText(SetTextKeyword.groovy:65)
	at com.kms.katalon.core.webui.keyword.builtin.SetTextKeyword.execute(SetTextKeyword.groovy:37)
	at com.kms.katalon.core.keyword.internal.KeywordExecutor.executeKeywordForPlatform(KeywordExecutor.groovy:53)
	at com.kms.katalon.core.webui.keyword.WebUiBuiltInKeywords.setText(WebUiBuiltInKeywords.groovy:950)
	at com.kms.katalon.core.webui.keyword.WebUiBuiltInKeywords$setText$1.call(Unknown Source)
	at OTC_Application_Reg.run(OTC_Application_Reg:91)
	at com.kms.katalon.core.main.ScriptEngine.run(ScriptEngine.java:194)
	at com.kms.katalon.core.main.ScriptEngine.runScriptAsRawText(ScriptEngine.java:119)
	at com.kms.katalon.core.main.TestCaseExecutor.runScript(TestCaseExecutor.java:328)
	at com.kms.katalon.core.main.TestCaseExecutor.doExecute(TestCaseExecutor.java:319)
	at com.kms.katalon.core.main.TestCaseExecutor.processExecutionPhase(TestCaseExecutor.java:298)
	at com.kms.katalon.core.main.TestCaseExecutor.accessMainPhase(TestCaseExecutor.java:290)
	at com.kms.katalon.core.main.TestCaseExecutor.execute(TestCaseExecutor.java:224)
	at com.kms.katalon.core.main.TestCaseMain.runTestCase(TestCaseMain.java:106)
	at com.kms.katalon.core.keyword.builtin.CallTestCaseKeyword$_callTestCase_closure1.doCall(CallTestCaseKeyword.groovy:59)
	at com.kms.katalon.core.keyword.builtin.CallTestCaseKeyword$_callTestCase_closure1.call(CallTestCaseKeyword.groovy)
	at com.kms.katalon.core.keyword.internal.KeywordMain.runKeyword(KeywordMain.groovy:54)
	at com.kms.katalon.core.keyword.builtin.CallTestCaseKeyword.callTestCase(CallTestCaseKeyword.groovy:80)
	at com.kms.katalon.core.keyword.builtin.CallTestCaseKeyword.execute(CallTestCaseKeyword.groovy:44)
	at com.kms.katalon.core.keyword.internal.KeywordExecutor.executeKeywordForPlatform(KeywordExecutor.groovy:53)
	at com.kms.katalon.core.keyword.BuiltinKeywords.callTestCase(BuiltinKeywords.groovy:334)
	at OTC_Submit Form 7_End to End - Cheque.run(OTC_Submit Form 7_End to End - Cheque:16)
	at com.kms.katalon.core.main.ScriptEngine.run(ScriptEngine.java:194)
	at com.kms.katalon.core.main.ScriptEngine.runScriptAsRawText(ScriptEngine.java:119)
	at com.kms.katalon.core.main.TestCaseExecutor.runScript(TestCaseExecutor.java:328)
	at com.kms.katalon.core.main.TestCaseExecutor.doExecute(TestCaseExecutor.java:319)
	at com.kms.katalon.core.main.TestCaseExecutor.processExecutionPhase(TestCaseExecutor.java:298)
	at com.kms.katalon.core.main.TestCaseExecutor.accessMainPhase(TestCaseExecutor.java:290)
	at com.kms.katalon.core.main.TestCaseExecutor.execute(TestCaseExecutor.java:224)
	at com.kms.katalon.core.main.TestCaseMain.runTestCase(TestCaseMain.java:106)
	at com.kms.katalon.core.keyword.builtin.CallTestCaseKeyword$_callTestCase_closure1.doCall(CallTestCaseKeyword.groovy:59)
	at com.kms.katalon.core.keyword.builtin.CallTestCaseKeyword$_callTestCase_closure1.call(CallTestCaseKeyword.groovy)
	at com.kms.katalon.core.keyword.internal.KeywordMain.runKeyword(KeywordMain.groovy:54)
	at com.kms.katalon.core.keyword.builtin.CallTestCaseKeyword.callTestCase(CallTestCaseKeyword.groovy:80)
	at com.kms.katalon.core.keyword.builtin.CallTestCaseKeyword.execute(CallTestCaseKeyword.groovy:44)
	at com.kms.katalon.core.keyword.internal.KeywordExecutor.executeKeywordForPlatform(KeywordExecutor.groovy:53)
	at com.kms.katalon.core.keyword.BuiltinKeywords.callTestCase(BuiltinKeywords.groovy:334)
	at Approve Claim - Fill Up UJP - by OB.run(Approve Claim - Fill Up UJP - by OB:16)
	at com.kms.katalon.core.main.ScriptEngine.run(ScriptEngine.java:194)
	at com.kms.katalon.core.main.ScriptEngine.runScriptAsRawText(ScriptEngine.java:119)
	at com.kms.katalon.core.main.TestCaseExecutor.runScript(TestCaseExecutor.java:328)
	at com.kms.katalon.core.main.TestCaseExecutor.doExecute(TestCaseExecutor.java:319)
	at com.kms.katalon.core.main.TestCaseExecutor.processExecutionPhase(TestCaseExecutor.java:298)
	at com.kms.katalon.core.main.TestCaseExecutor.accessMainPhase(TestCaseExecutor.java:290)
	at com.kms.katalon.core.main.TestCaseExecutor.execute(TestCaseExecutor.java:224)
	at com.kms.katalon.core.main.TestSuiteExecutor.accessTestCaseMainPhase(TestSuiteExecutor.java:129)
	at com.kms.katalon.core.main.TestSuiteExecutor.accessTestSuiteMainPhase(TestSuiteExecutor.java:112)
	at com.kms.katalon.core.main.TestSuiteExecutor.execute(TestSuiteExecutor.java:81)
	at com.kms.katalon.core.main.TestCaseMain.startTestSuite(TestCaseMain.java:149)
	at com.kms.katalon.core.main.TestCaseMain$startTestSuite$0.call(Unknown Source)
	at TempTestSuite1550738418733.run(TempTestSuite1550738418733.groovy:36)]]></system-err>
      </testcase>
      <testcase name="Test Cases/All TC/Arranged/0. Full Flow/Approve Claim - Fill Up UJP - by Internal User" classname="Test Cases/All TC/Arranged/0. Full Flow/Approve Claim - Fill Up UJP - by Internal User" status="FAILED">
         <failure type="FAILED" message="Test Cases/All TC/Arranged/0. Full Flow/Approve Claim - Fill Up UJP - by Internal User FAILED.
Reason:
com.kms.katalon.core.exception.StepFailedException: Unable to set text '10/01/2019' of object 'Object Repository/KeatMun/Form 7_default/OTC_Application_Reg/Page_PERKESO/11.Tarikh Terima_stampedDtS' (Root cause: org.openqa.selenium.UnhandledAlertException: unexpected alert open: {Alert text : HARAP MAKLUM

PERMOHONAN FAEDAH SISTEM INSURANS PEKERJAAN HANYA BOLEH DIBUAT BERMULA DARI TARIKH KEHILANGAN PEKERJAAN

Nota: Permohonan hendaklah dibuat dalam tempoh 60 hari dari tarikh kehilangan pekerjaan}
  (Session info: chrome=72.0.3626.109)
  (Driver info: chromedriver=2.43.600210 (68dcf5eebde37173d4027fa8635e332711d2874a),platform=Windows NT 6.1.7601 SP1 x86_64) (WARNING: The server did not provide any stacktrace information)
Command duration or timeout: 0 milliseconds: null
Build info: version: '3.7.1', revision: '8a0099a', time: '2017-11-06T21:07:36.161Z'
System info: host: 'WIN7TEST02', ip: '10.20.3.72', os.name: 'Windows 7', os.arch: 'amd64', os.version: '6.1', java.version: '1.8.0_181'
Driver info: com.kms.katalon.selenium.driver.CChromeDriver
Capabilities {acceptInsecureCerts: false, acceptSslCerts: false, applicationCacheEnabled: false, browserConnectionEnabled: false, browserName: chrome, chrome: {chromedriverVersion: 2.43.600210 (68dcf5eebde371..., userDataDir: C:\Users\Admin\AppData\Loca...}, cssSelectorsEnabled: true, databaseEnabled: false, goog:chromeOptions: {debuggerAddress: localhost:62845}, handlesAlerts: true, hasTouchScreen: false, javascriptEnabled: true, locationContextEnabled: true, mobileEmulationEnabled: false, nativeEvents: true, networkConnectionEnabled: false, pageLoadStrategy: normal, platform: XP, platformName: XP, rotatable: false, setWindowRect: true, takesHeapSnapshot: true, takesScreenshot: true, unexpectedAlertBehaviour: , unhandledPromptBehavior: , version: 72.0.3626.109, webStorageEnabled: true}
Session ID: 69fd8aa0425e6260685b493619cd262e
*** Element info: {Using=xpath, value=//input[@id = 'stampedDtStr' and @name = 'stampedDtStr' and @type = 'text']})
	at com.kms.katalon.core.keyword.internal.KeywordMain.stepFailed(KeywordMain.groovy:36)
	at com.kms.katalon.core.webui.keyword.internal.WebUIKeywordMain.stepFailed(WebUIKeywordMain.groovy:65)
	at com.kms.katalon.core.webui.keyword.internal.WebUIKeywordMain.runKeyword(WebUIKeywordMain.groovy:27)
	at com.kms.katalon.core.webui.keyword.builtin.SetTextKeyword.setText(SetTextKeyword.groovy:65)
	at com.kms.katalon.core.webui.keyword.builtin.SetTextKeyword.execute(SetTextKeyword.groovy:37)
	at com.kms.katalon.core.keyword.internal.KeywordExecutor.executeKeywordForPlatform(KeywordExecutor.groovy:53)
	at com.kms.katalon.core.webui.keyword.WebUiBuiltInKeywords.setText(WebUiBuiltInKeywords.groovy:950)
	at com.kms.katalon.core.webui.keyword.WebUiBuiltInKeywords$setText$1.call(Unknown Source)
	at OTC_Application_Reg.run(OTC_Application_Reg:91)
	at com.kms.katalon.core.main.ScriptEngine.run(ScriptEngine.java:194)
	at com.kms.katalon.core.main.ScriptEngine.runScriptAsRawText(ScriptEngine.java:119)
	at com.kms.katalon.core.main.TestCaseExecutor.runScript(TestCaseExecutor.java:328)
	at com.kms.katalon.core.main.TestCaseExecutor.doExecute(TestCaseExecutor.java:319)
	at com.kms.katalon.core.main.TestCaseExecutor.processExecutionPhase(TestCaseExecutor.java:298)
	at com.kms.katalon.core.main.TestCaseExecutor.accessMainPhase(TestCaseExecutor.java:290)
	at com.kms.katalon.core.main.TestCaseExecutor.execute(TestCaseExecutor.java:224)
	at com.kms.katalon.core.main.TestCaseMain.runTestCase(TestCaseMain.java:106)
	at com.kms.katalon.core.keyword.builtin.CallTestCaseKeyword$_callTestCase_closure1.doCall(CallTestCaseKeyword.groovy:59)
	at com.kms.katalon.core.keyword.builtin.CallTestCaseKeyword$_callTestCase_closure1.call(CallTestCaseKeyword.groovy)
	at com.kms.katalon.core.keyword.internal.KeywordMain.runKeyword(KeywordMain.groovy:54)
	at com.kms.katalon.core.keyword.builtin.CallTestCaseKeyword.callTestCase(CallTestCaseKeyword.groovy:80)
	at com.kms.katalon.core.keyword.builtin.CallTestCaseKeyword.execute(CallTestCaseKeyword.groovy:44)
	at com.kms.katalon.core.keyword.internal.KeywordExecutor.executeKeywordForPlatform(KeywordExecutor.groovy:53)
	at com.kms.katalon.core.keyword.BuiltinKeywords.callTestCase(BuiltinKeywords.groovy:334)
	at OTC_Submit Form 7_End to End - Cheque.run(OTC_Submit Form 7_End to End - Cheque:16)
	at com.kms.katalon.core.main.ScriptEngine.run(ScriptEngine.java:194)
	at com.kms.katalon.core.main.ScriptEngine.runScriptAsRawText(ScriptEngine.java:119)
	at com.kms.katalon.core.main.TestCaseExecutor.runScript(TestCaseExecutor.java:328)
	at com.kms.katalon.core.main.TestCaseExecutor.doExecute(TestCaseExecutor.java:319)
	at com.kms.katalon.core.main.TestCaseExecutor.processExecutionPhase(TestCaseExecutor.java:298)
	at com.kms.katalon.core.main.TestCaseExecutor.accessMainPhase(TestCaseExecutor.java:290)
	at com.kms.katalon.core.main.TestCaseExecutor.execute(TestCaseExecutor.java:224)
	at com.kms.katalon.core.main.TestCaseMain.runTestCase(TestCaseMain.java:106)
	at com.kms.katalon.core.keyword.builtin.CallTestCaseKeyword$_callTestCase_closure1.doCall(CallTestCaseKeyword.groovy:59)
	at com.kms.katalon.core.keyword.builtin.CallTestCaseKeyword$_callTestCase_closure1.call(CallTestCaseKeyword.groovy)
	at com.kms.katalon.core.keyword.internal.KeywordMain.runKeyword(KeywordMain.groovy:54)
	at com.kms.katalon.core.keyword.builtin.CallTestCaseKeyword.callTestCase(CallTestCaseKeyword.groovy:80)
	at com.kms.katalon.core.keyword.builtin.CallTestCaseKeyword.execute(CallTestCaseKeyword.groovy:44)
	at com.kms.katalon.core.keyword.internal.KeywordExecutor.executeKeywordForPlatform(KeywordExecutor.groovy:53)
	at com.kms.katalon.core.keyword.BuiltinKeywords.callTestCase(BuiltinKeywords.groovy:334)
	at Approve Claim - Fill Up UJP - by Internal User.run(Approve Claim - Fill Up UJP - by Internal User:16)
	at com.kms.katalon.core.main.ScriptEngine.run(ScriptEngine.java:194)
	at com.kms.katalon.core.main.ScriptEngine.runScriptAsRawText(ScriptEngine.java:119)
	at com.kms.katalon.core.main.TestCaseExecutor.runScript(TestCaseExecutor.java:328)
	at com.kms.katalon.core.main.TestCaseExecutor.doExecute(TestCaseExecutor.java:319)
	at com.kms.katalon.core.main.TestCaseExecutor.processExecutionPhase(TestCaseExecutor.java:298)
	at com.kms.katalon.core.main.TestCaseExecutor.accessMainPhase(TestCaseExecutor.java:290)
	at com.kms.katalon.core.main.TestCaseExecutor.execute(TestCaseExecutor.java:224)
	at com.kms.katalon.core.main.TestSuiteExecutor.accessTestCaseMainPhase(TestSuiteExecutor.java:129)
	at com.kms.katalon.core.main.TestSuiteExecutor.accessTestSuiteMainPhase(TestSuiteExecutor.java:112)
	at com.kms.katalon.core.main.TestSuiteExecutor.execute(TestSuiteExecutor.java:81)
	at com.kms.katalon.core.main.TestCaseMain.startTestSuite(TestCaseMain.java:149)
	at com.kms.katalon.core.main.TestCaseMain$startTestSuite$0.call(Unknown Source)
	at TempTestSuite1550738418733.run(TempTestSuite1550738418733.groovy:36)
"/>
         <system-out><![CDATA[2019-02-21 18:31:39 - [TEST_CASE][FAILED] - Test Cases/All TC/Arranged/0. Full Flow/Approve Claim - Fill Up UJP - by Internal User: Test Cases/All TC/Arranged/0. Full Flow/Approve Claim - Fill Up UJP - by Internal User FAILED.
Reason:
com.kms.katalon.core.exception.StepFailedException: Unable to set text '10/01/2019' of object 'Object Repository/KeatMun/Form 7_default/OTC_Application_Reg/Page_PERKESO/11.Tarikh Terima_stampedDtS' (Root cause: org.openqa.selenium.UnhandledAlertException: unexpected alert open: {Alert text : HARAP MAKLUM

PERMOHONAN FAEDAH SISTEM INSURANS PEKERJAAN HANYA BOLEH DIBUAT BERMULA DARI TARIKH KEHILANGAN PEKERJAAN

Nota: Permohonan hendaklah dibuat dalam tempoh 60 hari dari tarikh kehilangan pekerjaan}
  (Session info: chrome=72.0.3626.109)
  (Driver info: chromedriver=2.43.600210 (68dcf5eebde37173d4027fa8635e332711d2874a),platform=Windows NT 6.1.7601 SP1 x86_64) (WARNING: The server did not provide any stacktrace information)
Command duration or timeout: 0 milliseconds: null
Build info: version: '3.7.1', revision: '8a0099a', time: '2017-11-06T21:07:36.161Z'
System info: host: 'WIN7TEST02', ip: '10.20.3.72', os.name: 'Windows 7', os.arch: 'amd64', os.version: '6.1', java.version: '1.8.0_181'
Driver info: com.kms.katalon.selenium.driver.CChromeDriver
Capabilities {acceptInsecureCerts: false, acceptSslCerts: false, applicationCacheEnabled: false, browserConnectionEnabled: false, browserName: chrome, chrome: {chromedriverVersion: 2.43.600210 (68dcf5eebde371..., userDataDir: C:\Users\Admin\AppData\Loca...}, cssSelectorsEnabled: true, databaseEnabled: false, goog:chromeOptions: {debuggerAddress: localhost:62845}, handlesAlerts: true, hasTouchScreen: false, javascriptEnabled: true, locationContextEnabled: true, mobileEmulationEnabled: false, nativeEvents: true, networkConnectionEnabled: false, pageLoadStrategy: normal, platform: XP, platformName: XP, rotatable: false, setWindowRect: true, takesHeapSnapshot: true, takesScreenshot: true, unexpectedAlertBehaviour: , unhandledPromptBehavior: , version: 72.0.3626.109, webStorageEnabled: true}
Session ID: 69fd8aa0425e6260685b493619cd262e
*** Element info: {Using=xpath, value=//input[@id = 'stampedDtStr' and @name = 'stampedDtStr' and @type = 'text']})
	at com.kms.katalon.core.keyword.internal.KeywordMain.stepFailed(KeywordMain.groovy:36)
	at com.kms.katalon.core.webui.keyword.internal.WebUIKeywordMain.stepFailed(WebUIKeywordMain.groovy:65)
	at com.kms.katalon.core.webui.keyword.internal.WebUIKeywordMain.runKeyword(WebUIKeywordMain.groovy:27)
	at com.kms.katalon.core.webui.keyword.builtin.SetTextKeyword.setText(SetTextKeyword.groovy:65)
	at com.kms.katalon.core.webui.keyword.builtin.SetTextKeyword.execute(SetTextKeyword.groovy:37)
	at com.kms.katalon.core.keyword.internal.KeywordExecutor.executeKeywordForPlatform(KeywordExecutor.groovy:53)
	at com.kms.katalon.core.webui.keyword.WebUiBuiltInKeywords.setText(WebUiBuiltInKeywords.groovy:950)
	at com.kms.katalon.core.webui.keyword.WebUiBuiltInKeywords$setText$1.call(Unknown Source)
	at OTC_Application_Reg.run(OTC_Application_Reg:91)
	at com.kms.katalon.core.main.ScriptEngine.run(ScriptEngine.java:194)
	at com.kms.katalon.core.main.ScriptEngine.runScriptAsRawText(ScriptEngine.java:119)
	at com.kms.katalon.core.main.TestCaseExecutor.runScript(TestCaseExecutor.java:328)
	at com.kms.katalon.core.main.TestCaseExecutor.doExecute(TestCaseExecutor.java:319)
	at com.kms.katalon.core.main.TestCaseExecutor.processExecutionPhase(TestCaseExecutor.java:298)
	at com.kms.katalon.core.main.TestCaseExecutor.accessMainPhase(TestCaseExecutor.java:290)
	at com.kms.katalon.core.main.TestCaseExecutor.execute(TestCaseExecutor.java:224)
	at com.kms.katalon.core.main.TestCaseMain.runTestCase(TestCaseMain.java:106)
	at com.kms.katalon.core.keyword.builtin.CallTestCaseKeyword$_callTestCase_closure1.doCall(CallTestCaseKeyword.groovy:59)
	at com.kms.katalon.core.keyword.builtin.CallTestCaseKeyword$_callTestCase_closure1.call(CallTestCaseKeyword.groovy)
	at com.kms.katalon.core.keyword.internal.KeywordMain.runKeyword(KeywordMain.groovy:54)
	at com.kms.katalon.core.keyword.builtin.CallTestCaseKeyword.callTestCase(CallTestCaseKeyword.groovy:80)
	at com.kms.katalon.core.keyword.builtin.CallTestCaseKeyword.execute(CallTestCaseKeyword.groovy:44)
	at com.kms.katalon.core.keyword.internal.KeywordExecutor.executeKeywordForPlatform(KeywordExecutor.groovy:53)
	at com.kms.katalon.core.keyword.BuiltinKeywords.callTestCase(BuiltinKeywords.groovy:334)
	at OTC_Submit Form 7_End to End - Cheque.run(OTC_Submit Form 7_End to End - Cheque:16)
	at com.kms.katalon.core.main.ScriptEngine.run(ScriptEngine.java:194)
	at com.kms.katalon.core.main.ScriptEngine.runScriptAsRawText(ScriptEngine.java:119)
	at com.kms.katalon.core.main.TestCaseExecutor.runScript(TestCaseExecutor.java:328)
	at com.kms.katalon.core.main.TestCaseExecutor.doExecute(TestCaseExecutor.java:319)
	at com.kms.katalon.core.main.TestCaseExecutor.processExecutionPhase(TestCaseExecutor.java:298)
	at com.kms.katalon.core.main.TestCaseExecutor.accessMainPhase(TestCaseExecutor.java:290)
	at com.kms.katalon.core.main.TestCaseExecutor.execute(TestCaseExecutor.java:224)
	at com.kms.katalon.core.main.TestCaseMain.runTestCase(TestCaseMain.java:106)
	at com.kms.katalon.core.keyword.builtin.CallTestCaseKeyword$_callTestCase_closure1.doCall(CallTestCaseKeyword.groovy:59)
	at com.kms.katalon.core.keyword.builtin.CallTestCaseKeyword$_callTestCase_closure1.call(CallTestCaseKeyword.groovy)
	at com.kms.katalon.core.keyword.internal.KeywordMain.runKeyword(KeywordMain.groovy:54)
	at com.kms.katalon.core.keyword.builtin.CallTestCaseKeyword.callTestCase(CallTestCaseKeyword.groovy:80)
	at com.kms.katalon.core.keyword.builtin.CallTestCaseKeyword.execute(CallTestCaseKeyword.groovy:44)
	at com.kms.katalon.core.keyword.internal.KeywordExecutor.executeKeywordForPlatform(KeywordExecutor.groovy:53)
	at com.kms.katalon.core.keyword.BuiltinKeywords.callTestCase(BuiltinKeywords.groovy:334)
	at Approve Claim - Fill Up UJP - by Internal User.run(Approve Claim - Fill Up UJP - by Internal User:16)
	at com.kms.katalon.core.main.ScriptEngine.run(ScriptEngine.java:194)
	at com.kms.katalon.core.main.ScriptEngine.runScriptAsRawText(ScriptEngine.java:119)
	at com.kms.katalon.core.main.TestCaseExecutor.runScript(TestCaseExecutor.java:328)
	at com.kms.katalon.core.main.TestCaseExecutor.doExecute(TestCaseExecutor.java:319)
	at com.kms.katalon.core.main.TestCaseExecutor.processExecutionPhase(TestCaseExecutor.java:298)
	at com.kms.katalon.core.main.TestCaseExecutor.accessMainPhase(TestCaseExecutor.java:290)
	at com.kms.katalon.core.main.TestCaseExecutor.execute(TestCaseExecutor.java:224)
	at com.kms.katalon.core.main.TestSuiteExecutor.accessTestCaseMainPhase(TestSuiteExecutor.java:129)
	at com.kms.katalon.core.main.TestSuiteExecutor.accessTestSuiteMainPhase(TestSuiteExecutor.java:112)
	at com.kms.katalon.core.main.TestSuiteExecutor.execute(TestSuiteExecutor.java:81)
	at com.kms.katalon.core.main.TestCaseMain.startTestSuite(TestCaseMain.java:149)
	at com.kms.katalon.core.main.TestCaseMain$startTestSuite$0.call(Unknown Source)
	at TempTestSuite1550738418733.run(TempTestSuite1550738418733.groovy:36)


2019-02-21 18:31:39 - [TEST_STEP][FAILED] - callTestCase(findTestCase("All TC/Arranged/2. Segment/OTC_Submit Form 7_End to End - Cheque"), [:], STOP_ON_FAILURE): callTestCase(findTestCase("All TC/Arranged/2. Segment/OTC_Submit Form 7_End to End - Cheque"), [:], STOP_ON_FAILURE) FAILED.
Reason:
com.kms.katalon.core.exception.StepFailedException: Unable to set text '10/01/2019' of object 'Object Repository/KeatMun/Form 7_default/OTC_Application_Reg/Page_PERKESO/11.Tarikh Terima_stampedDtS' (Root cause: org.openqa.selenium.UnhandledAlertException: unexpected alert open: {Alert text : HARAP MAKLUM

PERMOHONAN FAEDAH SISTEM INSURANS PEKERJAAN HANYA BOLEH DIBUAT BERMULA DARI TARIKH KEHILANGAN PEKERJAAN

Nota: Permohonan hendaklah dibuat dalam tempoh 60 hari dari tarikh kehilangan pekerjaan}
  (Session info: chrome=72.0.3626.109)
  (Driver info: chromedriver=2.43.600210 (68dcf5eebde37173d4027fa8635e332711d2874a),platform=Windows NT 6.1.7601 SP1 x86_64) (WARNING: The server did not provide any stacktrace information)
Command duration or timeout: 0 milliseconds: null
Build info: version: '3.7.1', revision: '8a0099a', time: '2017-11-06T21:07:36.161Z'
System info: host: 'WIN7TEST02', ip: '10.20.3.72', os.name: 'Windows 7', os.arch: 'amd64', os.version: '6.1', java.version: '1.8.0_181'
Driver info: com.kms.katalon.selenium.driver.CChromeDriver
Capabilities {acceptInsecureCerts: false, acceptSslCerts: false, applicationCacheEnabled: false, browserConnectionEnabled: false, browserName: chrome, chrome: {chromedriverVersion: 2.43.600210 (68dcf5eebde371..., userDataDir: C:\Users\Admin\AppData\Loca...}, cssSelectorsEnabled: true, databaseEnabled: false, goog:chromeOptions: {debuggerAddress: localhost:62845}, handlesAlerts: true, hasTouchScreen: false, javascriptEnabled: true, locationContextEnabled: true, mobileEmulationEnabled: false, nativeEvents: true, networkConnectionEnabled: false, pageLoadStrategy: normal, platform: XP, platformName: XP, rotatable: false, setWindowRect: true, takesHeapSnapshot: true, takesScreenshot: true, unexpectedAlertBehaviour: , unhandledPromptBehavior: , version: 72.0.3626.109, webStorageEnabled: true}
Session ID: 69fd8aa0425e6260685b493619cd262e
*** Element info: {Using=xpath, value=//input[@id = 'stampedDtStr' and @name = 'stampedDtStr' and @type = 'text']})
	at com.kms.katalon.core.keyword.internal.KeywordMain.stepFailed(KeywordMain.groovy:36)
	at com.kms.katalon.core.webui.keyword.internal.WebUIKeywordMain.stepFailed(WebUIKeywordMain.groovy:65)
	at com.kms.katalon.core.webui.keyword.internal.WebUIKeywordMain.runKeyword(WebUIKeywordMain.groovy:27)
	at com.kms.katalon.core.webui.keyword.builtin.SetTextKeyword.setText(SetTextKeyword.groovy:65)
	at com.kms.katalon.core.webui.keyword.builtin.SetTextKeyword.execute(SetTextKeyword.groovy:37)
	at com.kms.katalon.core.keyword.internal.KeywordExecutor.executeKeywordForPlatform(KeywordExecutor.groovy:53)
	at com.kms.katalon.core.webui.keyword.WebUiBuiltInKeywords.setText(WebUiBuiltInKeywords.groovy:950)
	at com.kms.katalon.core.webui.keyword.WebUiBuiltInKeywords$setText$1.call(Unknown Source)
	at OTC_Application_Reg.run(OTC_Application_Reg:91)
	at com.kms.katalon.core.main.ScriptEngine.run(ScriptEngine.java:194)
	at com.kms.katalon.core.main.ScriptEngine.runScriptAsRawText(ScriptEngine.java:119)
	at com.kms.katalon.core.main.TestCaseExecutor.runScript(TestCaseExecutor.java:328)
	at com.kms.katalon.core.main.TestCaseExecutor.doExecute(TestCaseExecutor.java:319)
	at com.kms.katalon.core.main.TestCaseExecutor.processExecutionPhase(TestCaseExecutor.java:298)
	at com.kms.katalon.core.main.TestCaseExecutor.accessMainPhase(TestCaseExecutor.java:290)
	at com.kms.katalon.core.main.TestCaseExecutor.execute(TestCaseExecutor.java:224)
	at com.kms.katalon.core.main.TestCaseMain.runTestCase(TestCaseMain.java:106)
	at com.kms.katalon.core.keyword.builtin.CallTestCaseKeyword$_callTestCase_closure1.doCall(CallTestCaseKeyword.groovy:59)
	at com.kms.katalon.core.keyword.builtin.CallTestCaseKeyword$_callTestCase_closure1.call(CallTestCaseKeyword.groovy)
	at com.kms.katalon.core.keyword.internal.KeywordMain.runKeyword(KeywordMain.groovy:54)
	at com.kms.katalon.core.keyword.builtin.CallTestCaseKeyword.callTestCase(CallTestCaseKeyword.groovy:80)
	at com.kms.katalon.core.keyword.builtin.CallTestCaseKeyword.execute(CallTestCaseKeyword.groovy:44)
	at com.kms.katalon.core.keyword.internal.KeywordExecutor.executeKeywordForPlatform(KeywordExecutor.groovy:53)
	at com.kms.katalon.core.keyword.BuiltinKeywords.callTestCase(BuiltinKeywords.groovy:334)
	at OTC_Submit Form 7_End to End - Cheque.run(OTC_Submit Form 7_End to End - Cheque:16)
	at com.kms.katalon.core.main.ScriptEngine.run(ScriptEngine.java:194)
	at com.kms.katalon.core.main.ScriptEngine.runScriptAsRawText(ScriptEngine.java:119)
	at com.kms.katalon.core.main.TestCaseExecutor.runScript(TestCaseExecutor.java:328)
	at com.kms.katalon.core.main.TestCaseExecutor.doExecute(TestCaseExecutor.java:319)
	at com.kms.katalon.core.main.TestCaseExecutor.processExecutionPhase(TestCaseExecutor.java:298)
	at com.kms.katalon.core.main.TestCaseExecutor.accessMainPhase(TestCaseExecutor.java:290)
	at com.kms.katalon.core.main.TestCaseExecutor.execute(TestCaseExecutor.java:224)
	at com.kms.katalon.core.main.TestCaseMain.runTestCase(TestCaseMain.java:106)
	at com.kms.katalon.core.keyword.builtin.CallTestCaseKeyword$_callTestCase_closure1.doCall(CallTestCaseKeyword.groovy:59)
	at com.kms.katalon.core.keyword.builtin.CallTestCaseKeyword$_callTestCase_closure1.call(CallTestCaseKeyword.groovy)
	at com.kms.katalon.core.keyword.internal.KeywordMain.runKeyword(KeywordMain.groovy:54)
	at com.kms.katalon.core.keyword.builtin.CallTestCaseKeyword.callTestCase(CallTestCaseKeyword.groovy:80)
	at com.kms.katalon.core.keyword.builtin.CallTestCaseKeyword.execute(CallTestCaseKeyword.groovy:44)
	at com.kms.katalon.core.keyword.internal.KeywordExecutor.executeKeywordForPlatform(KeywordExecutor.groovy:53)
	at com.kms.katalon.core.keyword.BuiltinKeywords.callTestCase(BuiltinKeywords.groovy:334)
	at Approve Claim - Fill Up UJP - by Internal User.run(Approve Claim - Fill Up UJP - by Internal User:16)
	at com.kms.katalon.core.main.ScriptEngine.run(ScriptEngine.java:194)
	at com.kms.katalon.core.main.ScriptEngine.runScriptAsRawText(ScriptEngine.java:119)
	at com.kms.katalon.core.main.TestCaseExecutor.runScript(TestCaseExecutor.java:328)
	at com.kms.katalon.core.main.TestCaseExecutor.doExecute(TestCaseExecutor.java:319)
	at com.kms.katalon.core.main.TestCaseExecutor.processExecutionPhase(TestCaseExecutor.java:298)
	at com.kms.katalon.core.main.TestCaseExecutor.accessMainPhase(TestCaseExecutor.java:290)
	at com.kms.katalon.core.main.TestCaseExecutor.execute(TestCaseExecutor.java:224)
	at com.kms.katalon.core.main.TestSuiteExecutor.accessTestCaseMainPhase(TestSuiteExecutor.java:129)
	at com.kms.katalon.core.main.TestSuiteExecutor.accessTestSuiteMainPhase(TestSuiteExecutor.java:112)
	at com.kms.katalon.core.main.TestSuiteExecutor.execute(TestSuiteExecutor.java:81)
	at com.kms.katalon.core.main.TestCaseMain.startTestSuite(TestCaseMain.java:149)
	at com.kms.katalon.core.main.TestCaseMain$startTestSuite$0.call(Unknown Source)
	at TempTestSuite1550738418733.run(TempTestSuite1550738418733.groovy:36)


2019-02-21 18:31:39 - [TEST_CASE][FAILED] - Test Cases/All TC/Arranged/2. Segment/OTC_Submit Form 7_End to End - Cheque: Test Cases/All TC/Arranged/2. Segment/OTC_Submit Form 7_End to End - Cheque FAILED.
Reason:
com.kms.katalon.core.exception.StepFailedException: Unable to set text '10/01/2019' of object 'Object Repository/KeatMun/Form 7_default/OTC_Application_Reg/Page_PERKESO/11.Tarikh Terima_stampedDtS' (Root cause: org.openqa.selenium.UnhandledAlertException: unexpected alert open: {Alert text : HARAP MAKLUM

PERMOHONAN FAEDAH SISTEM INSURANS PEKERJAAN HANYA BOLEH DIBUAT BERMULA DARI TARIKH KEHILANGAN PEKERJAAN

Nota: Permohonan hendaklah dibuat dalam tempoh 60 hari dari tarikh kehilangan pekerjaan}
  (Session info: chrome=72.0.3626.109)
  (Driver info: chromedriver=2.43.600210 (68dcf5eebde37173d4027fa8635e332711d2874a),platform=Windows NT 6.1.7601 SP1 x86_64) (WARNING: The server did not provide any stacktrace information)
Command duration or timeout: 0 milliseconds: null
Build info: version: '3.7.1', revision: '8a0099a', time: '2017-11-06T21:07:36.161Z'
System info: host: 'WIN7TEST02', ip: '10.20.3.72', os.name: 'Windows 7', os.arch: 'amd64', os.version: '6.1', java.version: '1.8.0_181'
Driver info: com.kms.katalon.selenium.driver.CChromeDriver
Capabilities {acceptInsecureCerts: false, acceptSslCerts: false, applicationCacheEnabled: false, browserConnectionEnabled: false, browserName: chrome, chrome: {chromedriverVersion: 2.43.600210 (68dcf5eebde371..., userDataDir: C:\Users\Admin\AppData\Loca...}, cssSelectorsEnabled: true, databaseEnabled: false, goog:chromeOptions: {debuggerAddress: localhost:62845}, handlesAlerts: true, hasTouchScreen: false, javascriptEnabled: true, locationContextEnabled: true, mobileEmulationEnabled: false, nativeEvents: true, networkConnectionEnabled: false, pageLoadStrategy: normal, platform: XP, platformName: XP, rotatable: false, setWindowRect: true, takesHeapSnapshot: true, takesScreenshot: true, unexpectedAlertBehaviour: , unhandledPromptBehavior: , version: 72.0.3626.109, webStorageEnabled: true}
Session ID: 69fd8aa0425e6260685b493619cd262e
*** Element info: {Using=xpath, value=//input[@id = 'stampedDtStr' and @name = 'stampedDtStr' and @type = 'text']})
	at com.kms.katalon.core.keyword.internal.KeywordMain.stepFailed(KeywordMain.groovy:36)
	at com.kms.katalon.core.webui.keyword.internal.WebUIKeywordMain.stepFailed(WebUIKeywordMain.groovy:65)
	at com.kms.katalon.core.webui.keyword.internal.WebUIKeywordMain.runKeyword(WebUIKeywordMain.groovy:27)
	at com.kms.katalon.core.webui.keyword.builtin.SetTextKeyword.setText(SetTextKeyword.groovy:65)
	at com.kms.katalon.core.webui.keyword.builtin.SetTextKeyword.execute(SetTextKeyword.groovy:37)
	at com.kms.katalon.core.keyword.internal.KeywordExecutor.executeKeywordForPlatform(KeywordExecutor.groovy:53)
	at com.kms.katalon.core.webui.keyword.WebUiBuiltInKeywords.setText(WebUiBuiltInKeywords.groovy:950)
	at com.kms.katalon.core.webui.keyword.WebUiBuiltInKeywords$setText$1.call(Unknown Source)
	at OTC_Application_Reg.run(OTC_Application_Reg:91)
	at com.kms.katalon.core.main.ScriptEngine.run(ScriptEngine.java:194)
	at com.kms.katalon.core.main.ScriptEngine.runScriptAsRawText(ScriptEngine.java:119)
	at com.kms.katalon.core.main.TestCaseExecutor.runScript(TestCaseExecutor.java:328)
	at com.kms.katalon.core.main.TestCaseExecutor.doExecute(TestCaseExecutor.java:319)
	at com.kms.katalon.core.main.TestCaseExecutor.processExecutionPhase(TestCaseExecutor.java:298)
	at com.kms.katalon.core.main.TestCaseExecutor.accessMainPhase(TestCaseExecutor.java:290)
	at com.kms.katalon.core.main.TestCaseExecutor.execute(TestCaseExecutor.java:224)
	at com.kms.katalon.core.main.TestCaseMain.runTestCase(TestCaseMain.java:106)
	at com.kms.katalon.core.keyword.builtin.CallTestCaseKeyword$_callTestCase_closure1.doCall(CallTestCaseKeyword.groovy:59)
	at com.kms.katalon.core.keyword.builtin.CallTestCaseKeyword$_callTestCase_closure1.call(CallTestCaseKeyword.groovy)
	at com.kms.katalon.core.keyword.internal.KeywordMain.runKeyword(KeywordMain.groovy:54)
	at com.kms.katalon.core.keyword.builtin.CallTestCaseKeyword.callTestCase(CallTestCaseKeyword.groovy:80)
	at com.kms.katalon.core.keyword.builtin.CallTestCaseKeyword.execute(CallTestCaseKeyword.groovy:44)
	at com.kms.katalon.core.keyword.internal.KeywordExecutor.executeKeywordForPlatform(KeywordExecutor.groovy:53)
	at com.kms.katalon.core.keyword.BuiltinKeywords.callTestCase(BuiltinKeywords.groovy:334)
	at OTC_Submit Form 7_End to End - Cheque.run(OTC_Submit Form 7_End to End - Cheque:16)
	at com.kms.katalon.core.main.ScriptEngine.run(ScriptEngine.java:194)
	at com.kms.katalon.core.main.ScriptEngine.runScriptAsRawText(ScriptEngine.java:119)
	at com.kms.katalon.core.main.TestCaseExecutor.runScript(TestCaseExecutor.java:328)
	at com.kms.katalon.core.main.TestCaseExecutor.doExecute(TestCaseExecutor.java:319)
	at com.kms.katalon.core.main.TestCaseExecutor.processExecutionPhase(TestCaseExecutor.java:298)
	at com.kms.katalon.core.main.TestCaseExecutor.accessMainPhase(TestCaseExecutor.java:290)
	at com.kms.katalon.core.main.TestCaseExecutor.execute(TestCaseExecutor.java:224)
	at com.kms.katalon.core.main.TestCaseMain.runTestCase(TestCaseMain.java:106)
	at com.kms.katalon.core.keyword.builtin.CallTestCaseKeyword$_callTestCase_closure1.doCall(CallTestCaseKeyword.groovy:59)
	at com.kms.katalon.core.keyword.builtin.CallTestCaseKeyword$_callTestCase_closure1.call(CallTestCaseKeyword.groovy)
	at com.kms.katalon.core.keyword.internal.KeywordMain.runKeyword(KeywordMain.groovy:54)
	at com.kms.katalon.core.keyword.builtin.CallTestCaseKeyword.callTestCase(CallTestCaseKeyword.groovy:80)
	at com.kms.katalon.core.keyword.builtin.CallTestCaseKeyword.execute(CallTestCaseKeyword.groovy:44)
	at com.kms.katalon.core.keyword.internal.KeywordExecutor.executeKeywordForPlatform(KeywordExecutor.groovy:53)
	at com.kms.katalon.core.keyword.BuiltinKeywords.callTestCase(BuiltinKeywords.groovy:334)
	at Approve Claim - Fill Up UJP - by Internal User.run(Approve Claim - Fill Up UJP - by Internal User:16)
	at com.kms.katalon.core.main.ScriptEngine.run(ScriptEngine.java:194)
	at com.kms.katalon.core.main.ScriptEngine.runScriptAsRawText(ScriptEngine.java:119)
	at com.kms.katalon.core.main.TestCaseExecutor.runScript(TestCaseExecutor.java:328)
	at com.kms.katalon.core.main.TestCaseExecutor.doExecute(TestCaseExecutor.java:319)
	at com.kms.katalon.core.main.TestCaseExecutor.processExecutionPhase(TestCaseExecutor.java:298)
	at com.kms.katalon.core.main.TestCaseExecutor.accessMainPhase(TestCaseExecutor.java:290)
	at com.kms.katalon.core.main.TestCaseExecutor.execute(TestCaseExecutor.java:224)
	at com.kms.katalon.core.main.TestSuiteExecutor.accessTestCaseMainPhase(TestSuiteExecutor.java:129)
	at com.kms.katalon.core.main.TestSuiteExecutor.accessTestSuiteMainPhase(TestSuiteExecutor.java:112)
	at com.kms.katalon.core.main.TestSuiteExecutor.execute(TestSuiteExecutor.java:81)
	at com.kms.katalon.core.main.TestCaseMain.startTestSuite(TestCaseMain.java:149)
	at com.kms.katalon.core.main.TestCaseMain$startTestSuite$0.call(Unknown Source)
	at TempTestSuite1550738418733.run(TempTestSuite1550738418733.groovy:36)


2019-02-21 18:31:39 - [TEST_STEP][FAILED] - callTestCase(findTestCase("All TC/Arranged/3. Unit/EI/Form 7_default/OTC_Application_Reg"), [:], STOP_ON_FAILURE): callTestCase(findTestCase("All TC/Arranged/3. Unit/EI/Form 7_default/OTC_Application_Reg"), [:], STOP_ON_FAILURE) FAILED.
Reason:
com.kms.katalon.core.exception.StepFailedException: Unable to set text '10/01/2019' of object 'Object Repository/KeatMun/Form 7_default/OTC_Application_Reg/Page_PERKESO/11.Tarikh Terima_stampedDtS' (Root cause: org.openqa.selenium.UnhandledAlertException: unexpected alert open: {Alert text : HARAP MAKLUM

PERMOHONAN FAEDAH SISTEM INSURANS PEKERJAAN HANYA BOLEH DIBUAT BERMULA DARI TARIKH KEHILANGAN PEKERJAAN

Nota: Permohonan hendaklah dibuat dalam tempoh 60 hari dari tarikh kehilangan pekerjaan}
  (Session info: chrome=72.0.3626.109)
  (Driver info: chromedriver=2.43.600210 (68dcf5eebde37173d4027fa8635e332711d2874a),platform=Windows NT 6.1.7601 SP1 x86_64) (WARNING: The server did not provide any stacktrace information)
Command duration or timeout: 0 milliseconds: null
Build info: version: '3.7.1', revision: '8a0099a', time: '2017-11-06T21:07:36.161Z'
System info: host: 'WIN7TEST02', ip: '10.20.3.72', os.name: 'Windows 7', os.arch: 'amd64', os.version: '6.1', java.version: '1.8.0_181'
Driver info: com.kms.katalon.selenium.driver.CChromeDriver
Capabilities {acceptInsecureCerts: false, acceptSslCerts: false, applicationCacheEnabled: false, browserConnectionEnabled: false, browserName: chrome, chrome: {chromedriverVersion: 2.43.600210 (68dcf5eebde371..., userDataDir: C:\Users\Admin\AppData\Loca...}, cssSelectorsEnabled: true, databaseEnabled: false, goog:chromeOptions: {debuggerAddress: localhost:62845}, handlesAlerts: true, hasTouchScreen: false, javascriptEnabled: true, locationContextEnabled: true, mobileEmulationEnabled: false, nativeEvents: true, networkConnectionEnabled: false, pageLoadStrategy: normal, platform: XP, platformName: XP, rotatable: false, setWindowRect: true, takesHeapSnapshot: true, takesScreenshot: true, unexpectedAlertBehaviour: , unhandledPromptBehavior: , version: 72.0.3626.109, webStorageEnabled: true}
Session ID: 69fd8aa0425e6260685b493619cd262e
*** Element info: {Using=xpath, value=//input[@id = 'stampedDtStr' and @name = 'stampedDtStr' and @type = 'text']})
	at com.kms.katalon.core.keyword.internal.KeywordMain.stepFailed(KeywordMain.groovy:36)
	at com.kms.katalon.core.webui.keyword.internal.WebUIKeywordMain.stepFailed(WebUIKeywordMain.groovy:65)
	at com.kms.katalon.core.webui.keyword.internal.WebUIKeywordMain.runKeyword(WebUIKeywordMain.groovy:27)
	at com.kms.katalon.core.webui.keyword.builtin.SetTextKeyword.setText(SetTextKeyword.groovy:65)
	at com.kms.katalon.core.webui.keyword.builtin.SetTextKeyword.execute(SetTextKeyword.groovy:37)
	at com.kms.katalon.core.keyword.internal.KeywordExecutor.executeKeywordForPlatform(KeywordExecutor.groovy:53)
	at com.kms.katalon.core.webui.keyword.WebUiBuiltInKeywords.setText(WebUiBuiltInKeywords.groovy:950)
	at com.kms.katalon.core.webui.keyword.WebUiBuiltInKeywords$setText$1.call(Unknown Source)
	at OTC_Application_Reg.run(OTC_Application_Reg:91)
	at com.kms.katalon.core.main.ScriptEngine.run(ScriptEngine.java:194)
	at com.kms.katalon.core.main.ScriptEngine.runScriptAsRawText(ScriptEngine.java:119)
	at com.kms.katalon.core.main.TestCaseExecutor.runScript(TestCaseExecutor.java:328)
	at com.kms.katalon.core.main.TestCaseExecutor.doExecute(TestCaseExecutor.java:319)
	at com.kms.katalon.core.main.TestCaseExecutor.processExecutionPhase(TestCaseExecutor.java:298)
	at com.kms.katalon.core.main.TestCaseExecutor.accessMainPhase(TestCaseExecutor.java:290)
	at com.kms.katalon.core.main.TestCaseExecutor.execute(TestCaseExecutor.java:224)
	at com.kms.katalon.core.main.TestCaseMain.runTestCase(TestCaseMain.java:106)
	at com.kms.katalon.core.keyword.builtin.CallTestCaseKeyword$_callTestCase_closure1.doCall(CallTestCaseKeyword.groovy:59)
	at com.kms.katalon.core.keyword.builtin.CallTestCaseKeyword$_callTestCase_closure1.call(CallTestCaseKeyword.groovy)
	at com.kms.katalon.core.keyword.internal.KeywordMain.runKeyword(KeywordMain.groovy:54)
	at com.kms.katalon.core.keyword.builtin.CallTestCaseKeyword.callTestCase(CallTestCaseKeyword.groovy:80)
	at com.kms.katalon.core.keyword.builtin.CallTestCaseKeyword.execute(CallTestCaseKeyword.groovy:44)
	at com.kms.katalon.core.keyword.internal.KeywordExecutor.executeKeywordForPlatform(KeywordExecutor.groovy:53)
	at com.kms.katalon.core.keyword.BuiltinKeywords.callTestCase(BuiltinKeywords.groovy:334)
	at OTC_Submit Form 7_End to End - Cheque.run(OTC_Submit Form 7_End to End - Cheque:16)
	at com.kms.katalon.core.main.ScriptEngine.run(ScriptEngine.java:194)
	at com.kms.katalon.core.main.ScriptEngine.runScriptAsRawText(ScriptEngine.java:119)
	at com.kms.katalon.core.main.TestCaseExecutor.runScript(TestCaseExecutor.java:328)
	at com.kms.katalon.core.main.TestCaseExecutor.doExecute(TestCaseExecutor.java:319)
	at com.kms.katalon.core.main.TestCaseExecutor.processExecutionPhase(TestCaseExecutor.java:298)
	at com.kms.katalon.core.main.TestCaseExecutor.accessMainPhase(TestCaseExecutor.java:290)
	at com.kms.katalon.core.main.TestCaseExecutor.execute(TestCaseExecutor.java:224)
	at com.kms.katalon.core.main.TestCaseMain.runTestCase(TestCaseMain.java:106)
	at com.kms.katalon.core.keyword.builtin.CallTestCaseKeyword$_callTestCase_closure1.doCall(CallTestCaseKeyword.groovy:59)
	at com.kms.katalon.core.keyword.builtin.CallTestCaseKeyword$_callTestCase_closure1.call(CallTestCaseKeyword.groovy)
	at com.kms.katalon.core.keyword.internal.KeywordMain.runKeyword(KeywordMain.groovy:54)
	at com.kms.katalon.core.keyword.builtin.CallTestCaseKeyword.callTestCase(CallTestCaseKeyword.groovy:80)
	at com.kms.katalon.core.keyword.builtin.CallTestCaseKeyword.execute(CallTestCaseKeyword.groovy:44)
	at com.kms.katalon.core.keyword.internal.KeywordExecutor.executeKeywordForPlatform(KeywordExecutor.groovy:53)
	at com.kms.katalon.core.keyword.BuiltinKeywords.callTestCase(BuiltinKeywords.groovy:334)
	at Approve Claim - Fill Up UJP - by Internal User.run(Approve Claim - Fill Up UJP - by Internal User:16)
	at com.kms.katalon.core.main.ScriptEngine.run(ScriptEngine.java:194)
	at com.kms.katalon.core.main.ScriptEngine.runScriptAsRawText(ScriptEngine.java:119)
	at com.kms.katalon.core.main.TestCaseExecutor.runScript(TestCaseExecutor.java:328)
	at com.kms.katalon.core.main.TestCaseExecutor.doExecute(TestCaseExecutor.java:319)
	at com.kms.katalon.core.main.TestCaseExecutor.processExecutionPhase(TestCaseExecutor.java:298)
	at com.kms.katalon.core.main.TestCaseExecutor.accessMainPhase(TestCaseExecutor.java:290)
	at com.kms.katalon.core.main.TestCaseExecutor.execute(TestCaseExecutor.java:224)
	at com.kms.katalon.core.main.TestSuiteExecutor.accessTestCaseMainPhase(TestSuiteExecutor.java:129)
	at com.kms.katalon.core.main.TestSuiteExecutor.accessTestSuiteMainPhase(TestSuiteExecutor.java:112)
	at com.kms.katalon.core.main.TestSuiteExecutor.execute(TestSuiteExecutor.java:81)
	at com.kms.katalon.core.main.TestCaseMain.startTestSuite(TestCaseMain.java:149)
	at com.kms.katalon.core.main.TestCaseMain$startTestSuite$0.call(Unknown Source)
	at TempTestSuite1550738418733.run(TempTestSuite1550738418733.groovy:36)


2019-02-21 18:31:39 - [TEST_CASE][FAILED] - Test Cases/All TC/Arranged/3. Unit/EI/Form 7_default/OTC_Application_Reg: Test Cases/All TC/Arranged/3. Unit/EI/Form 7_default/OTC_Application_Reg FAILED.
Reason:
com.kms.katalon.core.exception.StepFailedException: Unable to set text '10/01/2019' of object 'Object Repository/KeatMun/Form 7_default/OTC_Application_Reg/Page_PERKESO/11.Tarikh Terima_stampedDtS' (Root cause: org.openqa.selenium.UnhandledAlertException: unexpected alert open: {Alert text : HARAP MAKLUM

PERMOHONAN FAEDAH SISTEM INSURANS PEKERJAAN HANYA BOLEH DIBUAT BERMULA DARI TARIKH KEHILANGAN PEKERJAAN

Nota: Permohonan hendaklah dibuat dalam tempoh 60 hari dari tarikh kehilangan pekerjaan}
  (Session info: chrome=72.0.3626.109)
  (Driver info: chromedriver=2.43.600210 (68dcf5eebde37173d4027fa8635e332711d2874a),platform=Windows NT 6.1.7601 SP1 x86_64) (WARNING: The server did not provide any stacktrace information)
Command duration or timeout: 0 milliseconds: null
Build info: version: '3.7.1', revision: '8a0099a', time: '2017-11-06T21:07:36.161Z'
System info: host: 'WIN7TEST02', ip: '10.20.3.72', os.name: 'Windows 7', os.arch: 'amd64', os.version: '6.1', java.version: '1.8.0_181'
Driver info: com.kms.katalon.selenium.driver.CChromeDriver
Capabilities {acceptInsecureCerts: false, acceptSslCerts: false, applicationCacheEnabled: false, browserConnectionEnabled: false, browserName: chrome, chrome: {chromedriverVersion: 2.43.600210 (68dcf5eebde371..., userDataDir: C:\Users\Admin\AppData\Loca...}, cssSelectorsEnabled: true, databaseEnabled: false, goog:chromeOptions: {debuggerAddress: localhost:62845}, handlesAlerts: true, hasTouchScreen: false, javascriptEnabled: true, locationContextEnabled: true, mobileEmulationEnabled: false, nativeEvents: true, networkConnectionEnabled: false, pageLoadStrategy: normal, platform: XP, platformName: XP, rotatable: false, setWindowRect: true, takesHeapSnapshot: true, takesScreenshot: true, unexpectedAlertBehaviour: , unhandledPromptBehavior: , version: 72.0.3626.109, webStorageEnabled: true}
Session ID: 69fd8aa0425e6260685b493619cd262e
*** Element info: {Using=xpath, value=//input[@id = 'stampedDtStr' and @name = 'stampedDtStr' and @type = 'text']})
	at com.kms.katalon.core.keyword.internal.KeywordMain.stepFailed(KeywordMain.groovy:36)
	at com.kms.katalon.core.webui.keyword.internal.WebUIKeywordMain.stepFailed(WebUIKeywordMain.groovy:65)
	at com.kms.katalon.core.webui.keyword.internal.WebUIKeywordMain.runKeyword(WebUIKeywordMain.groovy:27)
	at com.kms.katalon.core.webui.keyword.builtin.SetTextKeyword.setText(SetTextKeyword.groovy:65)
	at com.kms.katalon.core.webui.keyword.builtin.SetTextKeyword.execute(SetTextKeyword.groovy:37)
	at com.kms.katalon.core.keyword.internal.KeywordExecutor.executeKeywordForPlatform(KeywordExecutor.groovy:53)
	at com.kms.katalon.core.webui.keyword.WebUiBuiltInKeywords.setText(WebUiBuiltInKeywords.groovy:950)
	at com.kms.katalon.core.webui.keyword.WebUiBuiltInKeywords$setText$1.call(Unknown Source)
	at OTC_Application_Reg.run(OTC_Application_Reg:91)
	at com.kms.katalon.core.main.ScriptEngine.run(ScriptEngine.java:194)
	at com.kms.katalon.core.main.ScriptEngine.runScriptAsRawText(ScriptEngine.java:119)
	at com.kms.katalon.core.main.TestCaseExecutor.runScript(TestCaseExecutor.java:328)
	at com.kms.katalon.core.main.TestCaseExecutor.doExecute(TestCaseExecutor.java:319)
	at com.kms.katalon.core.main.TestCaseExecutor.processExecutionPhase(TestCaseExecutor.java:298)
	at com.kms.katalon.core.main.TestCaseExecutor.accessMainPhase(TestCaseExecutor.java:290)
	at com.kms.katalon.core.main.TestCaseExecutor.execute(TestCaseExecutor.java:224)
	at com.kms.katalon.core.main.TestCaseMain.runTestCase(TestCaseMain.java:106)
	at com.kms.katalon.core.keyword.builtin.CallTestCaseKeyword$_callTestCase_closure1.doCall(CallTestCaseKeyword.groovy:59)
	at com.kms.katalon.core.keyword.builtin.CallTestCaseKeyword$_callTestCase_closure1.call(CallTestCaseKeyword.groovy)
	at com.kms.katalon.core.keyword.internal.KeywordMain.runKeyword(KeywordMain.groovy:54)
	at com.kms.katalon.core.keyword.builtin.CallTestCaseKeyword.callTestCase(CallTestCaseKeyword.groovy:80)
	at com.kms.katalon.core.keyword.builtin.CallTestCaseKeyword.execute(CallTestCaseKeyword.groovy:44)
	at com.kms.katalon.core.keyword.internal.KeywordExecutor.executeKeywordForPlatform(KeywordExecutor.groovy:53)
	at com.kms.katalon.core.keyword.BuiltinKeywords.callTestCase(BuiltinKeywords.groovy:334)
	at OTC_Submit Form 7_End to End - Cheque.run(OTC_Submit Form 7_End to End - Cheque:16)
	at com.kms.katalon.core.main.ScriptEngine.run(ScriptEngine.java:194)
	at com.kms.katalon.core.main.ScriptEngine.runScriptAsRawText(ScriptEngine.java:119)
	at com.kms.katalon.core.main.TestCaseExecutor.runScript(TestCaseExecutor.java:328)
	at com.kms.katalon.core.main.TestCaseExecutor.doExecute(TestCaseExecutor.java:319)
	at com.kms.katalon.core.main.TestCaseExecutor.processExecutionPhase(TestCaseExecutor.java:298)
	at com.kms.katalon.core.main.TestCaseExecutor.accessMainPhase(TestCaseExecutor.java:290)
	at com.kms.katalon.core.main.TestCaseExecutor.execute(TestCaseExecutor.java:224)
	at com.kms.katalon.core.main.TestCaseMain.runTestCase(TestCaseMain.java:106)
	at com.kms.katalon.core.keyword.builtin.CallTestCaseKeyword$_callTestCase_closure1.doCall(CallTestCaseKeyword.groovy:59)
	at com.kms.katalon.core.keyword.builtin.CallTestCaseKeyword$_callTestCase_closure1.call(CallTestCaseKeyword.groovy)
	at com.kms.katalon.core.keyword.internal.KeywordMain.runKeyword(KeywordMain.groovy:54)
	at com.kms.katalon.core.keyword.builtin.CallTestCaseKeyword.callTestCase(CallTestCaseKeyword.groovy:80)
	at com.kms.katalon.core.keyword.builtin.CallTestCaseKeyword.execute(CallTestCaseKeyword.groovy:44)
	at com.kms.katalon.core.keyword.internal.KeywordExecutor.executeKeywordForPlatform(KeywordExecutor.groovy:53)
	at com.kms.katalon.core.keyword.BuiltinKeywords.callTestCase(BuiltinKeywords.groovy:334)
	at Approve Claim - Fill Up UJP - by Internal User.run(Approve Claim - Fill Up UJP - by Internal User:16)
	at com.kms.katalon.core.main.ScriptEngine.run(ScriptEngine.java:194)
	at com.kms.katalon.core.main.ScriptEngine.runScriptAsRawText(ScriptEngine.java:119)
	at com.kms.katalon.core.main.TestCaseExecutor.runScript(TestCaseExecutor.java:328)
	at com.kms.katalon.core.main.TestCaseExecutor.doExecute(TestCaseExecutor.java:319)
	at com.kms.katalon.core.main.TestCaseExecutor.processExecutionPhase(TestCaseExecutor.java:298)
	at com.kms.katalon.core.main.TestCaseExecutor.accessMainPhase(TestCaseExecutor.java:290)
	at com.kms.katalon.core.main.TestCaseExecutor.execute(TestCaseExecutor.java:224)
	at com.kms.katalon.core.main.TestSuiteExecutor.accessTestCaseMainPhase(TestSuiteExecutor.java:129)
	at com.kms.katalon.core.main.TestSuiteExecutor.accessTestSuiteMainPhase(TestSuiteExecutor.java:112)
	at com.kms.katalon.core.main.TestSuiteExecutor.execute(TestSuiteExecutor.java:81)
	at com.kms.katalon.core.main.TestCaseMain.startTestSuite(TestCaseMain.java:149)
	at com.kms.katalon.core.main.TestCaseMain$startTestSuite$0.call(Unknown Source)
	at TempTestSuite1550738418733.run(TempTestSuite1550738418733.groovy:36)


2019-02-21 18:31:39 - [TEST_STEP][PASSED] - openBrowser(""): Browser is opened with url: ''

2019-02-21 18:31:39 - [MESSAGE][WARNING] - A browser is already opened. Closing browser and opening a new one

2019-02-21 18:31:40 - [MESSAGE][INFO] - Starting 'Chrome' driver

2019-02-21 18:31:40 - [MESSAGE][INFO] - User set preference: ['args', '[--start-maximized]']

2019-02-21 18:31:42 - [MESSAGE][PASSED] - Browser is opened with url: ''

2019-02-21 18:31:42 - [TEST_STEP][PASSED] - navigateToUrl(Internal_Login): Navigate to 'http://10.20.24.188/eisportal/user/login' successfully

2019-02-21 18:31:43 - [MESSAGE][PASSED] - Navigate to 'http://10.20.24.188/eisportal/user/login' successfully

2019-02-21 18:31:43 - [TEST_STEP][PASSED] - delay(3): Delayed 3 second(s)

2019-02-21 18:31:46 - [MESSAGE][PASSED] - Delayed 3 second(s)

2019-02-21 18:31:46 - [TEST_STEP][PASSED] - setText(findTestObject("KeatMun/Form 7_default/OTC_Application_Reg/Page_PERKESO/1.username"), "faizal.hamid@perkeso.gov.my"): Text 'faizal.hamid@perkeso.gov.my' is set on object 'Object Repository/KeatMun/Form 7_default/OTC_Application_Reg/Page_PERKESO/1.username'

2019-02-21 18:31:46 - [MESSAGE][PASSED] - Text 'faizal.hamid@perkeso.gov.my' is set on object 'Object Repository/KeatMun/Form 7_default/OTC_Application_Reg/Page_PERKESO/1.username'

2019-02-21 18:31:46 - [TEST_STEP][PASSED] - delay(1): Delayed 1 second(s)

2019-02-21 18:31:47 - [MESSAGE][PASSED] - Delayed 1 second(s)

2019-02-21 18:31:47 - [TEST_STEP][PASSED] - setEncryptedText(findTestObject("KeatMun/Form 7_default/OTC_Application_Reg/Page_PERKESO/2.password"), "CQqwFZlbeC8="): Text ****** has been set on object 'Object Repository/KeatMun/Form 7_default/OTC_Application_Reg/Page_PERKESO/2.password'

2019-02-21 18:31:47 - [MESSAGE][PASSED] - Text ****** has been set on object 'Object Repository/KeatMun/Form 7_default/OTC_Application_Reg/Page_PERKESO/2.password'

2019-02-21 18:31:47 - [TEST_STEP][PASSED] - delay(2): Delayed 2 second(s)

2019-02-21 18:31:49 - [MESSAGE][PASSED] - Delayed 2 second(s)

2019-02-21 18:31:49 - [TEST_STEP][PASSED] - click(findTestObject("KeatMun/Form 7_default/OTC_Application_Reg/Page_PERKESO/3.login button")): Object: 'Object Repository/KeatMun/Form 7_default/OTC_Application_Reg/Page_PERKESO/3.login button' is clicked on

2019-02-21 18:31:50 - [MESSAGE][PASSED] - Object: 'Object Repository/KeatMun/Form 7_default/OTC_Application_Reg/Page_PERKESO/3.login button' is clicked on

2019-02-21 18:31:50 - [TEST_STEP][PASSED] - delay(2): Delayed 2 second(s)

2019-02-21 18:31:52 - [MESSAGE][PASSED] - Delayed 2 second(s)

2019-02-21 18:31:52 - [TEST_STEP][PASSED] - click(findTestObject("KeatMun/Form 7_default/OTC_Application_Reg/Page_PERKESO/4. Permohonan tab")): Object: 'Object Repository/KeatMun/Form 7_default/OTC_Application_Reg/Page_PERKESO/4. Permohonan tab' is clicked on

2019-02-21 18:31:53 - [MESSAGE][PASSED] - Object: 'Object Repository/KeatMun/Form 7_default/OTC_Application_Reg/Page_PERKESO/4. Permohonan tab' is clicked on

2019-02-21 18:31:53 - [TEST_STEP][PASSED] - delay(2): Delayed 2 second(s)

2019-02-21 18:31:55 - [MESSAGE][PASSED] - Delayed 2 second(s)

2019-02-21 18:31:55 - [TEST_STEP][PASSED] - click(findTestObject("KeatMun/Form 7_default/OTC_Application_Reg/Page_PERKESO/5.button_Setuju")): Object: 'Object Repository/KeatMun/Form 7_default/OTC_Application_Reg/Page_PERKESO/5.button_Setuju' is clicked on

2019-02-21 18:31:55 - [MESSAGE][PASSED] - Object: 'Object Repository/KeatMun/Form 7_default/OTC_Application_Reg/Page_PERKESO/5.button_Setuju' is clicked on

2019-02-21 18:31:55 - [TEST_STEP][PASSED] - delay(2): Delayed 2 second(s)

2019-02-21 18:31:57 - [MESSAGE][PASSED] - Delayed 2 second(s)

2019-02-21 18:31:57 - [TEST_STEP][PASSED] - callTestCase(findTestCase("All TC/Arranged/1. Common/IC List Checker"), [:], STOP_ON_FAILURE): Call Test Case 'Test Cases/All TC/Arranged/1. Common/IC List Checker' successfully

2019-02-21 18:31:57 - [TEST_CASE][PASSED] - Test Cases/All TC/Arranged/1. Common/IC List Checker: Test Cases/All TC/Arranged/1. Common/IC List Checker

2019-02-21 18:31:57 - [TEST_STEP][PASSED] - counter = 0: null

2019-02-21 18:31:57 - [TEST_STEP][PASSED] - fis = new java.io.FileInputStream((internal.GlobalVariable.TextFilePathCommon + \IC.xlsx)): null

2019-02-21 18:31:57 - [TEST_STEP][PASSED] - workbook = new org.apache.poi.xssf.usermodel.XSSFWorkbook(fis): null

2019-02-21 18:31:58 - [TEST_STEP][PASSED] - sheet = workbook.getSheet("Sheet1"): null

2019-02-21 18:31:58 - [TEST_STEP][PASSED] - totalRow = sheet.getLastRowNum(): null

2019-02-21 18:31:58 - [TEST_STEP][PASSED] - out.println(totalRow): null

2019-02-21 18:31:58 - [TEST_STEP][PASSED] - row = sheet.getRow(counter): null

2019-02-21 18:31:58 - [TEST_STEP][PASSED] - cell = row.getCell(counter): null

2019-02-21 18:31:58 - [TEST_STEP][PASSED] - a = cell.getStringCellValue(): null

2019-02-21 18:31:58 - [TEST_STEP][PASSED] - IC = a: null

2019-02-21 18:31:58 - [TEST_STEP][PASSED] - out.println(IC): null

2019-02-21 18:31:58 - [TEST_STEP][PASSED] - callTestCase(findTestCase("All TC/Arranged/1. Common/1.2 Setter/Setter IC"), [:], STOP_ON_FAILURE): Call Test Case 'Test Cases/All TC/Arranged/1. Common/1.2 Setter/Setter IC' successfully

2019-02-21 18:31:58 - [TEST_CASE][PASSED] - Test Cases/All TC/Arranged/1. Common/1.2 Setter/Setter IC: Test Cases/All TC/Arranged/1. Common/1.2 Setter/Setter IC

2019-02-21 18:31:58 - [TEST_STEP][PASSED] - RefNoOldFile = new java.io.File((internal.GlobalVariable.TextFilePathCommon + \getIC.txt)): null

2019-02-21 18:31:58 - [TEST_STEP][PASSED] - RefNoOldFile.delete(): null

2019-02-21 18:31:58 - [TEST_STEP][PASSED] - delay(5): Delayed 5 second(s)

2019-02-21 18:32:03 - [MESSAGE][PASSED] - Delayed 5 second(s)

2019-02-21 18:32:03 - [TEST_STEP][PASSED] - RefNo = new java.io.File((internal.GlobalVariable.TextFilePathCommon + \getIC.txt)): null

2019-02-21 18:32:03 - [TEST_STEP][PASSED] - f2 = new java.io.FileWriter(RefNo, false): null

2019-02-21 18:32:03 - [TEST_STEP][PASSED] - f2.write(IC): null

2019-02-21 18:32:03 - [TEST_STEP][PASSED] - f2.close(): null

2019-02-21 18:32:03 - [TEST_STEP][PASSED] - out.println("


" + IC + "


"): null

2019-02-21 18:32:03 - [MESSAGE][PASSED] - Call Test Case 'Test Cases/All TC/Arranged/1. Common/1.2 Setter/Setter IC' successfully

2019-02-21 18:32:03 - [MESSAGE][PASSED] - Call Test Case 'Test Cases/All TC/Arranged/1. Common/IC List Checker' successfully

2019-02-21 18:32:03 - [TEST_STEP][PASSED] - setText(findTestObject("KeatMun/Form 7_default/OTC_Application_Reg/Page_PERKESO/6.No. Kad Pengenalan"), IC): Text '541115045367' is set on object 'Object Repository/KeatMun/Form 7_default/OTC_Application_Reg/Page_PERKESO/6.No. Kad Pengenalan'

2019-02-21 18:32:03 - [MESSAGE][PASSED] - Text '541115045367' is set on object 'Object Repository/KeatMun/Form 7_default/OTC_Application_Reg/Page_PERKESO/6.No. Kad Pengenalan'

2019-02-21 18:32:03 - [TEST_STEP][PASSED] - delay(2): Delayed 2 second(s)

2019-02-21 18:32:05 - [MESSAGE][PASSED] - Delayed 2 second(s)

2019-02-21 18:32:05 - [TEST_STEP][PASSED] - click(findTestObject("KeatMun/Form 7_default/OTC_Application_Reg/Page_PERKESO/7.button_Semak")): Object: 'Object Repository/KeatMun/Form 7_default/OTC_Application_Reg/Page_PERKESO/7.button_Semak' is clicked on

2019-02-21 18:32:05 - [MESSAGE][PASSED] - Object: 'Object Repository/KeatMun/Form 7_default/OTC_Application_Reg/Page_PERKESO/7.button_Semak' is clicked on

2019-02-21 18:32:05 - [TEST_STEP][PASSED] - delay(4): Delayed 4 second(s)

2019-02-21 18:32:09 - [MESSAGE][PASSED] - Delayed 4 second(s)

2019-02-21 18:32:09 - [TEST_STEP][PASSED] - click(findTestObject("KeatMun/Form 7_default/OTC_Application_Reg/Page_PERKESO/8. Nama Majikan Dropdown")): Object: 'Object Repository/KeatMun/Form 7_default/OTC_Application_Reg/Page_PERKESO/8. Nama Majikan Dropdown' is clicked on

2019-02-21 18:32:09 - [MESSAGE][PASSED] - Object: 'Object Repository/KeatMun/Form 7_default/OTC_Application_Reg/Page_PERKESO/8. Nama Majikan Dropdown' is clicked on

2019-02-21 18:32:09 - [TEST_STEP][PASSED] - setText(findTestObject("KeatMun/Form 7_default/OTC_Application_Reg/Page_PERKESO/8. LOE emp"), "pet"): Text 'pet' is set on object 'Object Repository/KeatMun/Form 7_default/OTC_Application_Reg/Page_PERKESO/8. LOE emp'

2019-02-21 18:32:10 - [MESSAGE][PASSED] - Text 'pet' is set on object 'Object Repository/KeatMun/Form 7_default/OTC_Application_Reg/Page_PERKESO/8. LOE emp'

2019-02-21 18:32:10 - [TEST_STEP][PASSED] - click(findTestObject("KeatMun/Form 7_default/OTC_Application_Reg/Page_PERKESO/8. PETRONAS")): Object: 'Object Repository/KeatMun/Form 7_default/OTC_Application_Reg/Page_PERKESO/8. PETRONAS' is clicked on

2019-02-21 18:32:10 - [MESSAGE][PASSED] - Object: 'Object Repository/KeatMun/Form 7_default/OTC_Application_Reg/Page_PERKESO/8. PETRONAS' is clicked on

2019-02-21 18:32:10 - [TEST_STEP][PASSED] - delay(2): Delayed 2 second(s)

2019-02-21 18:32:12 - [MESSAGE][PASSED] - Delayed 2 second(s)

2019-02-21 18:32:12 - [TEST_STEP][PASSED] - TodayDate = new java.util.Date(): null

2019-02-21 18:32:12 - [TEST_STEP][PASSED] - CurrentDateNoFilter = new java.text.SimpleDateFormat(): null

2019-02-21 18:32:12 - [TEST_STEP][PASSED] - CurrentDateNoFilter.applyPattern("dd/MM/yyyy"): null

2019-02-21 18:32:12 - [TEST_STEP][PASSED] - CurrentDate = CurrentDateNoFilter.format(TodayDate): null

2019-02-21 18:32:12 - [TEST_STEP][PASSED] - out.println(CurrentDate): null

2019-02-21 18:32:12 - [TEST_STEP][PASSED] - date = CurrentDate: null

2019-02-21 18:32:12 - [TEST_STEP][PASSED] - setText(findTestObject("KeatMun/Form 7_default/OTC_Application_Reg/Page_PERKESO/9.Tarikh kehilangan pkj"), date): Text '21/02/2019' is set on object 'Object Repository/KeatMun/Form 7_default/OTC_Application_Reg/Page_PERKESO/9.Tarikh kehilangan pkj'

2019-02-21 18:32:12 - [MESSAGE][PASSED] - Text '21/02/2019' is set on object 'Object Repository/KeatMun/Form 7_default/OTC_Application_Reg/Page_PERKESO/9.Tarikh kehilangan pkj'

2019-02-21 18:32:12 - [TEST_STEP][PASSED] - delay(2): Delayed 2 second(s)

2019-02-21 18:32:14 - [MESSAGE][PASSED] - Delayed 2 second(s)

2019-02-21 18:32:14 - [TEST_STEP][PASSED] - click(findTestObject("KeatMun/Form 7_default/OTC_Application_Reg/Page_PERKESO/9. Date Picker Done Button ")): Object: 'Object Repository/KeatMun/Form 7_default/OTC_Application_Reg/Page_PERKESO/9. Date Picker Done Button ' is clicked on

2019-02-21 18:32:14 - [MESSAGE][PASSED] - Object: 'Object Repository/KeatMun/Form 7_default/OTC_Application_Reg/Page_PERKESO/9. Date Picker Done Button ' is clicked on

2019-02-21 18:32:14 - [TEST_STEP][PASSED] - delay(2): Delayed 2 second(s)

2019-02-21 18:32:16 - [MESSAGE][PASSED] - Delayed 2 second(s)

2019-02-21 18:32:16 - [TEST_STEP][PASSED] - click(findTestObject("KeatMun/Form 7_default/OTC_Application_Reg/Page_PERKESO/10.button_Mohon")): Object: 'Object Repository/KeatMun/Form 7_default/OTC_Application_Reg/Page_PERKESO/10.button_Mohon' is clicked on

2019-02-21 18:32:16 - [MESSAGE][PASSED] - Object: 'Object Repository/KeatMun/Form 7_default/OTC_Application_Reg/Page_PERKESO/10.button_Mohon' is clicked on

2019-02-21 18:32:16 - [TEST_STEP][PASSED] - delay(2): Delayed 2 second(s)

2019-02-21 18:32:18 - [MESSAGE][PASSED] - Delayed 2 second(s)

2019-02-21 18:32:18 - [TEST_STEP][FAILED] - setText(findTestObject("KeatMun/Form 7_default/OTC_Application_Reg/Page_PERKESO/11.Tarikh Terima_stampedDtS"), "10/01/2019"): setText(findTestObject("KeatMun/Form 7_default/OTC_Application_Reg/Page_PERKESO/11.Tarikh Terima_stampedDtS"), "10/01/2019") FAILED.
Reason:
com.kms.katalon.core.exception.StepFailedException: Unable to set text '10/01/2019' of object 'Object Repository/KeatMun/Form 7_default/OTC_Application_Reg/Page_PERKESO/11.Tarikh Terima_stampedDtS' (Root cause: org.openqa.selenium.UnhandledAlertException: unexpected alert open: {Alert text : HARAP MAKLUM

PERMOHONAN FAEDAH SISTEM INSURANS PEKERJAAN HANYA BOLEH DIBUAT BERMULA DARI TARIKH KEHILANGAN PEKERJAAN

Nota: Permohonan hendaklah dibuat dalam tempoh 60 hari dari tarikh kehilangan pekerjaan}
  (Session info: chrome=72.0.3626.109)
  (Driver info: chromedriver=2.43.600210 (68dcf5eebde37173d4027fa8635e332711d2874a),platform=Windows NT 6.1.7601 SP1 x86_64) (WARNING: The server did not provide any stacktrace information)
Command duration or timeout: 0 milliseconds: null
Build info: version: '3.7.1', revision: '8a0099a', time: '2017-11-06T21:07:36.161Z'
System info: host: 'WIN7TEST02', ip: '10.20.3.72', os.name: 'Windows 7', os.arch: 'amd64', os.version: '6.1', java.version: '1.8.0_181'
Driver info: com.kms.katalon.selenium.driver.CChromeDriver
Capabilities {acceptInsecureCerts: false, acceptSslCerts: false, applicationCacheEnabled: false, browserConnectionEnabled: false, browserName: chrome, chrome: {chromedriverVersion: 2.43.600210 (68dcf5eebde371..., userDataDir: C:\Users\Admin\AppData\Loca...}, cssSelectorsEnabled: true, databaseEnabled: false, goog:chromeOptions: {debuggerAddress: localhost:62845}, handlesAlerts: true, hasTouchScreen: false, javascriptEnabled: true, locationContextEnabled: true, mobileEmulationEnabled: false, nativeEvents: true, networkConnectionEnabled: false, pageLoadStrategy: normal, platform: XP, platformName: XP, rotatable: false, setWindowRect: true, takesHeapSnapshot: true, takesScreenshot: true, unexpectedAlertBehaviour: , unhandledPromptBehavior: , version: 72.0.3626.109, webStorageEnabled: true}
Session ID: 69fd8aa0425e6260685b493619cd262e
*** Element info: {Using=xpath, value=//input[@id = 'stampedDtStr' and @name = 'stampedDtStr' and @type = 'text']})
	at com.kms.katalon.core.keyword.internal.KeywordMain.stepFailed(KeywordMain.groovy:36)
	at com.kms.katalon.core.webui.keyword.internal.WebUIKeywordMain.stepFailed(WebUIKeywordMain.groovy:65)
	at com.kms.katalon.core.webui.keyword.internal.WebUIKeywordMain.runKeyword(WebUIKeywordMain.groovy:27)
	at com.kms.katalon.core.webui.keyword.builtin.SetTextKeyword.setText(SetTextKeyword.groovy:65)
	at com.kms.katalon.core.webui.keyword.builtin.SetTextKeyword.execute(SetTextKeyword.groovy:37)
	at com.kms.katalon.core.keyword.internal.KeywordExecutor.executeKeywordForPlatform(KeywordExecutor.groovy:53)
	at com.kms.katalon.core.webui.keyword.WebUiBuiltInKeywords.setText(WebUiBuiltInKeywords.groovy:950)
	at com.kms.katalon.core.webui.keyword.WebUiBuiltInKeywords$setText$1.call(Unknown Source)
	at OTC_Application_Reg.run(OTC_Application_Reg:91)
	at com.kms.katalon.core.main.ScriptEngine.run(ScriptEngine.java:194)
	at com.kms.katalon.core.main.ScriptEngine.runScriptAsRawText(ScriptEngine.java:119)
	at com.kms.katalon.core.main.TestCaseExecutor.runScript(TestCaseExecutor.java:328)
	at com.kms.katalon.core.main.TestCaseExecutor.doExecute(TestCaseExecutor.java:319)
	at com.kms.katalon.core.main.TestCaseExecutor.processExecutionPhase(TestCaseExecutor.java:298)
	at com.kms.katalon.core.main.TestCaseExecutor.accessMainPhase(TestCaseExecutor.java:290)
	at com.kms.katalon.core.main.TestCaseExecutor.execute(TestCaseExecutor.java:224)
	at com.kms.katalon.core.main.TestCaseMain.runTestCase(TestCaseMain.java:106)
	at com.kms.katalon.core.keyword.builtin.CallTestCaseKeyword$_callTestCase_closure1.doCall(CallTestCaseKeyword.groovy:59)
	at com.kms.katalon.core.keyword.builtin.CallTestCaseKeyword$_callTestCase_closure1.call(CallTestCaseKeyword.groovy)
	at com.kms.katalon.core.keyword.internal.KeywordMain.runKeyword(KeywordMain.groovy:54)
	at com.kms.katalon.core.keyword.builtin.CallTestCaseKeyword.callTestCase(CallTestCaseKeyword.groovy:80)
	at com.kms.katalon.core.keyword.builtin.CallTestCaseKeyword.execute(CallTestCaseKeyword.groovy:44)
	at com.kms.katalon.core.keyword.internal.KeywordExecutor.executeKeywordForPlatform(KeywordExecutor.groovy:53)
	at com.kms.katalon.core.keyword.BuiltinKeywords.callTestCase(BuiltinKeywords.groovy:334)
	at OTC_Submit Form 7_End to End - Cheque.run(OTC_Submit Form 7_End to End - Cheque:16)
	at com.kms.katalon.core.main.ScriptEngine.run(ScriptEngine.java:194)
	at com.kms.katalon.core.main.ScriptEngine.runScriptAsRawText(ScriptEngine.java:119)
	at com.kms.katalon.core.main.TestCaseExecutor.runScript(TestCaseExecutor.java:328)
	at com.kms.katalon.core.main.TestCaseExecutor.doExecute(TestCaseExecutor.java:319)
	at com.kms.katalon.core.main.TestCaseExecutor.processExecutionPhase(TestCaseExecutor.java:298)
	at com.kms.katalon.core.main.TestCaseExecutor.accessMainPhase(TestCaseExecutor.java:290)
	at com.kms.katalon.core.main.TestCaseExecutor.execute(TestCaseExecutor.java:224)
	at com.kms.katalon.core.main.TestCaseMain.runTestCase(TestCaseMain.java:106)
	at com.kms.katalon.core.keyword.builtin.CallTestCaseKeyword$_callTestCase_closure1.doCall(CallTestCaseKeyword.groovy:59)
	at com.kms.katalon.core.keyword.builtin.CallTestCaseKeyword$_callTestCase_closure1.call(CallTestCaseKeyword.groovy)
	at com.kms.katalon.core.keyword.internal.KeywordMain.runKeyword(KeywordMain.groovy:54)
	at com.kms.katalon.core.keyword.builtin.CallTestCaseKeyword.callTestCase(CallTestCaseKeyword.groovy:80)
	at com.kms.katalon.core.keyword.builtin.CallTestCaseKeyword.execute(CallTestCaseKeyword.groovy:44)
	at com.kms.katalon.core.keyword.internal.KeywordExecutor.executeKeywordForPlatform(KeywordExecutor.groovy:53)
	at com.kms.katalon.core.keyword.BuiltinKeywords.callTestCase(BuiltinKeywords.groovy:334)
	at Approve Claim - Fill Up UJP - by Internal User.run(Approve Claim - Fill Up UJP - by Internal User:16)
	at com.kms.katalon.core.main.ScriptEngine.run(ScriptEngine.java:194)
	at com.kms.katalon.core.main.ScriptEngine.runScriptAsRawText(ScriptEngine.java:119)
	at com.kms.katalon.core.main.TestCaseExecutor.runScript(TestCaseExecutor.java:328)
	at com.kms.katalon.core.main.TestCaseExecutor.doExecute(TestCaseExecutor.java:319)
	at com.kms.katalon.core.main.TestCaseExecutor.processExecutionPhase(TestCaseExecutor.java:298)
	at com.kms.katalon.core.main.TestCaseExecutor.accessMainPhase(TestCaseExecutor.java:290)
	at com.kms.katalon.core.main.TestCaseExecutor.execute(TestCaseExecutor.java:224)
	at com.kms.katalon.core.main.TestSuiteExecutor.accessTestCaseMainPhase(TestSuiteExecutor.java:129)
	at com.kms.katalon.core.main.TestSuiteExecutor.accessTestSuiteMainPhase(TestSuiteExecutor.java:112)
	at com.kms.katalon.core.main.TestSuiteExecutor.execute(TestSuiteExecutor.java:81)
	at com.kms.katalon.core.main.TestCaseMain.startTestSuite(TestCaseMain.java:149)
	at com.kms.katalon.core.main.TestCaseMain$startTestSuite$0.call(Unknown Source)
	at TempTestSuite1550738418733.run(TempTestSuite1550738418733.groovy:36)


2019-02-21 18:32:18 - [MESSAGE][WARNING] - Cannot take screenshot

2019-02-21 18:32:18 - [MESSAGE][FAILED] - Unable to set text '10/01/2019' of object 'Object Repository/KeatMun/Form 7_default/OTC_Application_Reg/Page_PERKESO/11.Tarikh Terima_stampedDtS' (Root cause: org.openqa.selenium.UnhandledAlertException: unexpected alert open: {Alert text : HARAP MAKLUM

PERMOHONAN FAEDAH SISTEM INSURANS PEKERJAAN HANYA BOLEH DIBUAT BERMULA DARI TARIKH KEHILANGAN PEKERJAAN

Nota: Permohonan hendaklah dibuat dalam tempoh 60 hari dari tarikh kehilangan pekerjaan}
  (Session info: chrome=72.0.3626.109)
  (Driver info: chromedriver=2.43.600210 (68dcf5eebde37173d4027fa8635e332711d2874a),platform=Windows NT 6.1.7601 SP1 x86_64) (WARNING: The server did not provide any stacktrace information)
Command duration or timeout: 0 milliseconds: null
Build info: version: '3.7.1', revision: '8a0099a', time: '2017-11-06T21:07:36.161Z'
System info: host: 'WIN7TEST02', ip: '10.20.3.72', os.name: 'Windows 7', os.arch: 'amd64', os.version: '6.1', java.version: '1.8.0_181'
Driver info: com.kms.katalon.selenium.driver.CChromeDriver
Capabilities {acceptInsecureCerts: false, acceptSslCerts: false, applicationCacheEnabled: false, browserConnectionEnabled: false, browserName: chrome, chrome: {chromedriverVersion: 2.43.600210 (68dcf5eebde371..., userDataDir: C:\Users\Admin\AppData\Loca...}, cssSelectorsEnabled: true, databaseEnabled: false, goog:chromeOptions: {debuggerAddress: localhost:62845}, handlesAlerts: true, hasTouchScreen: false, javascriptEnabled: true, locationContextEnabled: true, mobileEmulationEnabled: false, nativeEvents: true, networkConnectionEnabled: false, pageLoadStrategy: normal, platform: XP, platformName: XP, rotatable: false, setWindowRect: true, takesHeapSnapshot: true, takesScreenshot: true, unexpectedAlertBehaviour: , unhandledPromptBehavior: , version: 72.0.3626.109, webStorageEnabled: true}
Session ID: 69fd8aa0425e6260685b493619cd262e
*** Element info: {Using=xpath, value=//input[@id = 'stampedDtStr' and @name = 'stampedDtStr' and @type = 'text']})

2019-02-21 18:32:18 - [MESSAGE][FAILED] - setText(findTestObject("KeatMun/Form 7_default/OTC_Application_Reg/Page_PERKESO/11.Tarikh Terima_stampedDtS"), "10/01/2019") FAILED.
Reason:
com.kms.katalon.core.exception.StepFailedException: Unable to set text '10/01/2019' of object 'Object Repository/KeatMun/Form 7_default/OTC_Application_Reg/Page_PERKESO/11.Tarikh Terima_stampedDtS' (Root cause: org.openqa.selenium.UnhandledAlertException: unexpected alert open: {Alert text : HARAP MAKLUM

PERMOHONAN FAEDAH SISTEM INSURANS PEKERJAAN HANYA BOLEH DIBUAT BERMULA DARI TARIKH KEHILANGAN PEKERJAAN

Nota: Permohonan hendaklah dibuat dalam tempoh 60 hari dari tarikh kehilangan pekerjaan}
  (Session info: chrome=72.0.3626.109)
  (Driver info: chromedriver=2.43.600210 (68dcf5eebde37173d4027fa8635e332711d2874a),platform=Windows NT 6.1.7601 SP1 x86_64) (WARNING: The server did not provide any stacktrace information)
Command duration or timeout: 0 milliseconds: null
Build info: version: '3.7.1', revision: '8a0099a', time: '2017-11-06T21:07:36.161Z'
System info: host: 'WIN7TEST02', ip: '10.20.3.72', os.name: 'Windows 7', os.arch: 'amd64', os.version: '6.1', java.version: '1.8.0_181'
Driver info: com.kms.katalon.selenium.driver.CChromeDriver
Capabilities {acceptInsecureCerts: false, acceptSslCerts: false, applicationCacheEnabled: false, browserConnectionEnabled: false, browserName: chrome, chrome: {chromedriverVersion: 2.43.600210 (68dcf5eebde371..., userDataDir: C:\Users\Admin\AppData\Loca...}, cssSelectorsEnabled: true, databaseEnabled: false, goog:chromeOptions: {debuggerAddress: localhost:62845}, handlesAlerts: true, hasTouchScreen: false, javascriptEnabled: true, locationContextEnabled: true, mobileEmulationEnabled: false, nativeEvents: true, networkConnectionEnabled: false, pageLoadStrategy: normal, platform: XP, platformName: XP, rotatable: false, setWindowRect: true, takesHeapSnapshot: true, takesScreenshot: true, unexpectedAlertBehaviour: , unhandledPromptBehavior: , version: 72.0.3626.109, webStorageEnabled: true}
Session ID: 69fd8aa0425e6260685b493619cd262e
*** Element info: {Using=xpath, value=//input[@id = 'stampedDtStr' and @name = 'stampedDtStr' and @type = 'text']})
	at com.kms.katalon.core.keyword.internal.KeywordMain.stepFailed(KeywordMain.groovy:36)
	at com.kms.katalon.core.webui.keyword.internal.WebUIKeywordMain.stepFailed(WebUIKeywordMain.groovy:65)
	at com.kms.katalon.core.webui.keyword.internal.WebUIKeywordMain.runKeyword(WebUIKeywordMain.groovy:27)
	at com.kms.katalon.core.webui.keyword.builtin.SetTextKeyword.setText(SetTextKeyword.groovy:65)
	at com.kms.katalon.core.webui.keyword.builtin.SetTextKeyword.execute(SetTextKeyword.groovy:37)
	at com.kms.katalon.core.keyword.internal.KeywordExecutor.executeKeywordForPlatform(KeywordExecutor.groovy:53)
	at com.kms.katalon.core.webui.keyword.WebUiBuiltInKeywords.setText(WebUiBuiltInKeywords.groovy:950)
	at com.kms.katalon.core.webui.keyword.WebUiBuiltInKeywords$setText$1.call(Unknown Source)
	at OTC_Application_Reg.run(OTC_Application_Reg:91)
	at com.kms.katalon.core.main.ScriptEngine.run(ScriptEngine.java:194)
	at com.kms.katalon.core.main.ScriptEngine.runScriptAsRawText(ScriptEngine.java:119)
	at com.kms.katalon.core.main.TestCaseExecutor.runScript(TestCaseExecutor.java:328)
	at com.kms.katalon.core.main.TestCaseExecutor.doExecute(TestCaseExecutor.java:319)
	at com.kms.katalon.core.main.TestCaseExecutor.processExecutionPhase(TestCaseExecutor.java:298)
	at com.kms.katalon.core.main.TestCaseExecutor.accessMainPhase(TestCaseExecutor.java:290)
	at com.kms.katalon.core.main.TestCaseExecutor.execute(TestCaseExecutor.java:224)
	at com.kms.katalon.core.main.TestCaseMain.runTestCase(TestCaseMain.java:106)
	at com.kms.katalon.core.keyword.builtin.CallTestCaseKeyword$_callTestCase_closure1.doCall(CallTestCaseKeyword.groovy:59)
	at com.kms.katalon.core.keyword.builtin.CallTestCaseKeyword$_callTestCase_closure1.call(CallTestCaseKeyword.groovy)
	at com.kms.katalon.core.keyword.internal.KeywordMain.runKeyword(KeywordMain.groovy:54)
	at com.kms.katalon.core.keyword.builtin.CallTestCaseKeyword.callTestCase(CallTestCaseKeyword.groovy:80)
	at com.kms.katalon.core.keyword.builtin.CallTestCaseKeyword.execute(CallTestCaseKeyword.groovy:44)
	at com.kms.katalon.core.keyword.internal.KeywordExecutor.executeKeywordForPlatform(KeywordExecutor.groovy:53)
	at com.kms.katalon.core.keyword.BuiltinKeywords.callTestCase(BuiltinKeywords.groovy:334)
	at OTC_Submit Form 7_End to End - Cheque.run(OTC_Submit Form 7_End to End - Cheque:16)
	at com.kms.katalon.core.main.ScriptEngine.run(ScriptEngine.java:194)
	at com.kms.katalon.core.main.ScriptEngine.runScriptAsRawText(ScriptEngine.java:119)
	at com.kms.katalon.core.main.TestCaseExecutor.runScript(TestCaseExecutor.java:328)
	at com.kms.katalon.core.main.TestCaseExecutor.doExecute(TestCaseExecutor.java:319)
	at com.kms.katalon.core.main.TestCaseExecutor.processExecutionPhase(TestCaseExecutor.java:298)
	at com.kms.katalon.core.main.TestCaseExecutor.accessMainPhase(TestCaseExecutor.java:290)
	at com.kms.katalon.core.main.TestCaseExecutor.execute(TestCaseExecutor.java:224)
	at com.kms.katalon.core.main.TestCaseMain.runTestCase(TestCaseMain.java:106)
	at com.kms.katalon.core.keyword.builtin.CallTestCaseKeyword$_callTestCase_closure1.doCall(CallTestCaseKeyword.groovy:59)
	at com.kms.katalon.core.keyword.builtin.CallTestCaseKeyword$_callTestCase_closure1.call(CallTestCaseKeyword.groovy)
	at com.kms.katalon.core.keyword.internal.KeywordMain.runKeyword(KeywordMain.groovy:54)
	at com.kms.katalon.core.keyword.builtin.CallTestCaseKeyword.callTestCase(CallTestCaseKeyword.groovy:80)
	at com.kms.katalon.core.keyword.builtin.CallTestCaseKeyword.execute(CallTestCaseKeyword.groovy:44)
	at com.kms.katalon.core.keyword.internal.KeywordExecutor.executeKeywordForPlatform(KeywordExecutor.groovy:53)
	at com.kms.katalon.core.keyword.BuiltinKeywords.callTestCase(BuiltinKeywords.groovy:334)
	at Approve Claim - Fill Up UJP - by Internal User.run(Approve Claim - Fill Up UJP - by Internal User:16)
	at com.kms.katalon.core.main.ScriptEngine.run(ScriptEngine.java:194)
	at com.kms.katalon.core.main.ScriptEngine.runScriptAsRawText(ScriptEngine.java:119)
	at com.kms.katalon.core.main.TestCaseExecutor.runScript(TestCaseExecutor.java:328)
	at com.kms.katalon.core.main.TestCaseExecutor.doExecute(TestCaseExecutor.java:319)
	at com.kms.katalon.core.main.TestCaseExecutor.processExecutionPhase(TestCaseExecutor.java:298)
	at com.kms.katalon.core.main.TestCaseExecutor.accessMainPhase(TestCaseExecutor.java:290)
	at com.kms.katalon.core.main.TestCaseExecutor.execute(TestCaseExecutor.java:224)
	at com.kms.katalon.core.main.TestSuiteExecutor.accessTestCaseMainPhase(TestSuiteExecutor.java:129)
	at com.kms.katalon.core.main.TestSuiteExecutor.accessTestSuiteMainPhase(TestSuiteExecutor.java:112)
	at com.kms.katalon.core.main.TestSuiteExecutor.execute(TestSuiteExecutor.java:81)
	at com.kms.katalon.core.main.TestCaseMain.startTestSuite(TestCaseMain.java:149)
	at com.kms.katalon.core.main.TestCaseMain$startTestSuite$0.call(Unknown Source)
	at TempTestSuite1550738418733.run(TempTestSuite1550738418733.groovy:36)


2019-02-21 18:32:19 - [MESSAGE][FAILED] - Unable to call Test Case 'Test Cases/All TC/Arranged/3. Unit/EI/Form 7_default/OTC_Application_Reg' (Root cause: com.kms.katalon.core.exception.StepFailedException: Call Test Case 'Test Cases/All TC/Arranged/3. Unit/EI/Form 7_default/OTC_Application_Reg' failed)

2019-02-21 18:32:19 - [MESSAGE][FAILED] - callTestCase(findTestCase("All TC/Arranged/3. Unit/EI/Form 7_default/OTC_Application_Reg"), [:], STOP_ON_FAILURE) FAILED.
Reason:
com.kms.katalon.core.exception.StepFailedException: Unable to set text '10/01/2019' of object 'Object Repository/KeatMun/Form 7_default/OTC_Application_Reg/Page_PERKESO/11.Tarikh Terima_stampedDtS' (Root cause: org.openqa.selenium.UnhandledAlertException: unexpected alert open: {Alert text : HARAP MAKLUM

PERMOHONAN FAEDAH SISTEM INSURANS PEKERJAAN HANYA BOLEH DIBUAT BERMULA DARI TARIKH KEHILANGAN PEKERJAAN

Nota: Permohonan hendaklah dibuat dalam tempoh 60 hari dari tarikh kehilangan pekerjaan}
  (Session info: chrome=72.0.3626.109)
  (Driver info: chromedriver=2.43.600210 (68dcf5eebde37173d4027fa8635e332711d2874a),platform=Windows NT 6.1.7601 SP1 x86_64) (WARNING: The server did not provide any stacktrace information)
Command duration or timeout: 0 milliseconds: null
Build info: version: '3.7.1', revision: '8a0099a', time: '2017-11-06T21:07:36.161Z'
System info: host: 'WIN7TEST02', ip: '10.20.3.72', os.name: 'Windows 7', os.arch: 'amd64', os.version: '6.1', java.version: '1.8.0_181'
Driver info: com.kms.katalon.selenium.driver.CChromeDriver
Capabilities {acceptInsecureCerts: false, acceptSslCerts: false, applicationCacheEnabled: false, browserConnectionEnabled: false, browserName: chrome, chrome: {chromedriverVersion: 2.43.600210 (68dcf5eebde371..., userDataDir: C:\Users\Admin\AppData\Loca...}, cssSelectorsEnabled: true, databaseEnabled: false, goog:chromeOptions: {debuggerAddress: localhost:62845}, handlesAlerts: true, hasTouchScreen: false, javascriptEnabled: true, locationContextEnabled: true, mobileEmulationEnabled: false, nativeEvents: true, networkConnectionEnabled: false, pageLoadStrategy: normal, platform: XP, platformName: XP, rotatable: false, setWindowRect: true, takesHeapSnapshot: true, takesScreenshot: true, unexpectedAlertBehaviour: , unhandledPromptBehavior: , version: 72.0.3626.109, webStorageEnabled: true}
Session ID: 69fd8aa0425e6260685b493619cd262e
*** Element info: {Using=xpath, value=//input[@id = 'stampedDtStr' and @name = 'stampedDtStr' and @type = 'text']})
	at com.kms.katalon.core.keyword.internal.KeywordMain.stepFailed(KeywordMain.groovy:36)
	at com.kms.katalon.core.webui.keyword.internal.WebUIKeywordMain.stepFailed(WebUIKeywordMain.groovy:65)
	at com.kms.katalon.core.webui.keyword.internal.WebUIKeywordMain.runKeyword(WebUIKeywordMain.groovy:27)
	at com.kms.katalon.core.webui.keyword.builtin.SetTextKeyword.setText(SetTextKeyword.groovy:65)
	at com.kms.katalon.core.webui.keyword.builtin.SetTextKeyword.execute(SetTextKeyword.groovy:37)
	at com.kms.katalon.core.keyword.internal.KeywordExecutor.executeKeywordForPlatform(KeywordExecutor.groovy:53)
	at com.kms.katalon.core.webui.keyword.WebUiBuiltInKeywords.setText(WebUiBuiltInKeywords.groovy:950)
	at com.kms.katalon.core.webui.keyword.WebUiBuiltInKeywords$setText$1.call(Unknown Source)
	at OTC_Application_Reg.run(OTC_Application_Reg:91)
	at com.kms.katalon.core.main.ScriptEngine.run(ScriptEngine.java:194)
	at com.kms.katalon.core.main.ScriptEngine.runScriptAsRawText(ScriptEngine.java:119)
	at com.kms.katalon.core.main.TestCaseExecutor.runScript(TestCaseExecutor.java:328)
	at com.kms.katalon.core.main.TestCaseExecutor.doExecute(TestCaseExecutor.java:319)
	at com.kms.katalon.core.main.TestCaseExecutor.processExecutionPhase(TestCaseExecutor.java:298)
	at com.kms.katalon.core.main.TestCaseExecutor.accessMainPhase(TestCaseExecutor.java:290)
	at com.kms.katalon.core.main.TestCaseExecutor.execute(TestCaseExecutor.java:224)
	at com.kms.katalon.core.main.TestCaseMain.runTestCase(TestCaseMain.java:106)
	at com.kms.katalon.core.keyword.builtin.CallTestCaseKeyword$_callTestCase_closure1.doCall(CallTestCaseKeyword.groovy:59)
	at com.kms.katalon.core.keyword.builtin.CallTestCaseKeyword$_callTestCase_closure1.call(CallTestCaseKeyword.groovy)
	at com.kms.katalon.core.keyword.internal.KeywordMain.runKeyword(KeywordMain.groovy:54)
	at com.kms.katalon.core.keyword.builtin.CallTestCaseKeyword.callTestCase(CallTestCaseKeyword.groovy:80)
	at com.kms.katalon.core.keyword.builtin.CallTestCaseKeyword.execute(CallTestCaseKeyword.groovy:44)
	at com.kms.katalon.core.keyword.internal.KeywordExecutor.executeKeywordForPlatform(KeywordExecutor.groovy:53)
	at com.kms.katalon.core.keyword.BuiltinKeywords.callTestCase(BuiltinKeywords.groovy:334)
	at OTC_Submit Form 7_End to End - Cheque.run(OTC_Submit Form 7_End to End - Cheque:16)
	at com.kms.katalon.core.main.ScriptEngine.run(ScriptEngine.java:194)
	at com.kms.katalon.core.main.ScriptEngine.runScriptAsRawText(ScriptEngine.java:119)
	at com.kms.katalon.core.main.TestCaseExecutor.runScript(TestCaseExecutor.java:328)
	at com.kms.katalon.core.main.TestCaseExecutor.doExecute(TestCaseExecutor.java:319)
	at com.kms.katalon.core.main.TestCaseExecutor.processExecutionPhase(TestCaseExecutor.java:298)
	at com.kms.katalon.core.main.TestCaseExecutor.accessMainPhase(TestCaseExecutor.java:290)
	at com.kms.katalon.core.main.TestCaseExecutor.execute(TestCaseExecutor.java:224)
	at com.kms.katalon.core.main.TestCaseMain.runTestCase(TestCaseMain.java:106)
	at com.kms.katalon.core.keyword.builtin.CallTestCaseKeyword$_callTestCase_closure1.doCall(CallTestCaseKeyword.groovy:59)
	at com.kms.katalon.core.keyword.builtin.CallTestCaseKeyword$_callTestCase_closure1.call(CallTestCaseKeyword.groovy)
	at com.kms.katalon.core.keyword.internal.KeywordMain.runKeyword(KeywordMain.groovy:54)
	at com.kms.katalon.core.keyword.builtin.CallTestCaseKeyword.callTestCase(CallTestCaseKeyword.groovy:80)
	at com.kms.katalon.core.keyword.builtin.CallTestCaseKeyword.execute(CallTestCaseKeyword.groovy:44)
	at com.kms.katalon.core.keyword.internal.KeywordExecutor.executeKeywordForPlatform(KeywordExecutor.groovy:53)
	at com.kms.katalon.core.keyword.BuiltinKeywords.callTestCase(BuiltinKeywords.groovy:334)
	at Approve Claim - Fill Up UJP - by Internal User.run(Approve Claim - Fill Up UJP - by Internal User:16)
	at com.kms.katalon.core.main.ScriptEngine.run(ScriptEngine.java:194)
	at com.kms.katalon.core.main.ScriptEngine.runScriptAsRawText(ScriptEngine.java:119)
	at com.kms.katalon.core.main.TestCaseExecutor.runScript(TestCaseExecutor.java:328)
	at com.kms.katalon.core.main.TestCaseExecutor.doExecute(TestCaseExecutor.java:319)
	at com.kms.katalon.core.main.TestCaseExecutor.processExecutionPhase(TestCaseExecutor.java:298)
	at com.kms.katalon.core.main.TestCaseExecutor.accessMainPhase(TestCaseExecutor.java:290)
	at com.kms.katalon.core.main.TestCaseExecutor.execute(TestCaseExecutor.java:224)
	at com.kms.katalon.core.main.TestSuiteExecutor.accessTestCaseMainPhase(TestSuiteExecutor.java:129)
	at com.kms.katalon.core.main.TestSuiteExecutor.accessTestSuiteMainPhase(TestSuiteExecutor.java:112)
	at com.kms.katalon.core.main.TestSuiteExecutor.execute(TestSuiteExecutor.java:81)
	at com.kms.katalon.core.main.TestCaseMain.startTestSuite(TestCaseMain.java:149)
	at com.kms.katalon.core.main.TestCaseMain$startTestSuite$0.call(Unknown Source)
	at TempTestSuite1550738418733.run(TempTestSuite1550738418733.groovy:36)


2019-02-21 18:32:20 - [MESSAGE][FAILED] - Unable to call Test Case 'Test Cases/All TC/Arranged/2. Segment/OTC_Submit Form 7_End to End - Cheque' (Root cause: com.kms.katalon.core.exception.StepFailedException: Call Test Case 'Test Cases/All TC/Arranged/2. Segment/OTC_Submit Form 7_End to End - Cheque' failed)

2019-02-21 18:32:20 - [MESSAGE][FAILED] - callTestCase(findTestCase("All TC/Arranged/2. Segment/OTC_Submit Form 7_End to End - Cheque"), [:], STOP_ON_FAILURE) FAILED.
Reason:
com.kms.katalon.core.exception.StepFailedException: Unable to set text '10/01/2019' of object 'Object Repository/KeatMun/Form 7_default/OTC_Application_Reg/Page_PERKESO/11.Tarikh Terima_stampedDtS' (Root cause: org.openqa.selenium.UnhandledAlertException: unexpected alert open: {Alert text : HARAP MAKLUM

PERMOHONAN FAEDAH SISTEM INSURANS PEKERJAAN HANYA BOLEH DIBUAT BERMULA DARI TARIKH KEHILANGAN PEKERJAAN

Nota: Permohonan hendaklah dibuat dalam tempoh 60 hari dari tarikh kehilangan pekerjaan}
  (Session info: chrome=72.0.3626.109)
  (Driver info: chromedriver=2.43.600210 (68dcf5eebde37173d4027fa8635e332711d2874a),platform=Windows NT 6.1.7601 SP1 x86_64) (WARNING: The server did not provide any stacktrace information)
Command duration or timeout: 0 milliseconds: null
Build info: version: '3.7.1', revision: '8a0099a', time: '2017-11-06T21:07:36.161Z'
System info: host: 'WIN7TEST02', ip: '10.20.3.72', os.name: 'Windows 7', os.arch: 'amd64', os.version: '6.1', java.version: '1.8.0_181'
Driver info: com.kms.katalon.selenium.driver.CChromeDriver
Capabilities {acceptInsecureCerts: false, acceptSslCerts: false, applicationCacheEnabled: false, browserConnectionEnabled: false, browserName: chrome, chrome: {chromedriverVersion: 2.43.600210 (68dcf5eebde371..., userDataDir: C:\Users\Admin\AppData\Loca...}, cssSelectorsEnabled: true, databaseEnabled: false, goog:chromeOptions: {debuggerAddress: localhost:62845}, handlesAlerts: true, hasTouchScreen: false, javascriptEnabled: true, locationContextEnabled: true, mobileEmulationEnabled: false, nativeEvents: true, networkConnectionEnabled: false, pageLoadStrategy: normal, platform: XP, platformName: XP, rotatable: false, setWindowRect: true, takesHeapSnapshot: true, takesScreenshot: true, unexpectedAlertBehaviour: , unhandledPromptBehavior: , version: 72.0.3626.109, webStorageEnabled: true}
Session ID: 69fd8aa0425e6260685b493619cd262e
*** Element info: {Using=xpath, value=//input[@id = 'stampedDtStr' and @name = 'stampedDtStr' and @type = 'text']})
	at com.kms.katalon.core.keyword.internal.KeywordMain.stepFailed(KeywordMain.groovy:36)
	at com.kms.katalon.core.webui.keyword.internal.WebUIKeywordMain.stepFailed(WebUIKeywordMain.groovy:65)
	at com.kms.katalon.core.webui.keyword.internal.WebUIKeywordMain.runKeyword(WebUIKeywordMain.groovy:27)
	at com.kms.katalon.core.webui.keyword.builtin.SetTextKeyword.setText(SetTextKeyword.groovy:65)
	at com.kms.katalon.core.webui.keyword.builtin.SetTextKeyword.execute(SetTextKeyword.groovy:37)
	at com.kms.katalon.core.keyword.internal.KeywordExecutor.executeKeywordForPlatform(KeywordExecutor.groovy:53)
	at com.kms.katalon.core.webui.keyword.WebUiBuiltInKeywords.setText(WebUiBuiltInKeywords.groovy:950)
	at com.kms.katalon.core.webui.keyword.WebUiBuiltInKeywords$setText$1.call(Unknown Source)
	at OTC_Application_Reg.run(OTC_Application_Reg:91)
	at com.kms.katalon.core.main.ScriptEngine.run(ScriptEngine.java:194)
	at com.kms.katalon.core.main.ScriptEngine.runScriptAsRawText(ScriptEngine.java:119)
	at com.kms.katalon.core.main.TestCaseExecutor.runScript(TestCaseExecutor.java:328)
	at com.kms.katalon.core.main.TestCaseExecutor.doExecute(TestCaseExecutor.java:319)
	at com.kms.katalon.core.main.TestCaseExecutor.processExecutionPhase(TestCaseExecutor.java:298)
	at com.kms.katalon.core.main.TestCaseExecutor.accessMainPhase(TestCaseExecutor.java:290)
	at com.kms.katalon.core.main.TestCaseExecutor.execute(TestCaseExecutor.java:224)
	at com.kms.katalon.core.main.TestCaseMain.runTestCase(TestCaseMain.java:106)
	at com.kms.katalon.core.keyword.builtin.CallTestCaseKeyword$_callTestCase_closure1.doCall(CallTestCaseKeyword.groovy:59)
	at com.kms.katalon.core.keyword.builtin.CallTestCaseKeyword$_callTestCase_closure1.call(CallTestCaseKeyword.groovy)
	at com.kms.katalon.core.keyword.internal.KeywordMain.runKeyword(KeywordMain.groovy:54)
	at com.kms.katalon.core.keyword.builtin.CallTestCaseKeyword.callTestCase(CallTestCaseKeyword.groovy:80)
	at com.kms.katalon.core.keyword.builtin.CallTestCaseKeyword.execute(CallTestCaseKeyword.groovy:44)
	at com.kms.katalon.core.keyword.internal.KeywordExecutor.executeKeywordForPlatform(KeywordExecutor.groovy:53)
	at com.kms.katalon.core.keyword.BuiltinKeywords.callTestCase(BuiltinKeywords.groovy:334)
	at OTC_Submit Form 7_End to End - Cheque.run(OTC_Submit Form 7_End to End - Cheque:16)
	at com.kms.katalon.core.main.ScriptEngine.run(ScriptEngine.java:194)
	at com.kms.katalon.core.main.ScriptEngine.runScriptAsRawText(ScriptEngine.java:119)
	at com.kms.katalon.core.main.TestCaseExecutor.runScript(TestCaseExecutor.java:328)
	at com.kms.katalon.core.main.TestCaseExecutor.doExecute(TestCaseExecutor.java:319)
	at com.kms.katalon.core.main.TestCaseExecutor.processExecutionPhase(TestCaseExecutor.java:298)
	at com.kms.katalon.core.main.TestCaseExecutor.accessMainPhase(TestCaseExecutor.java:290)
	at com.kms.katalon.core.main.TestCaseExecutor.execute(TestCaseExecutor.java:224)
	at com.kms.katalon.core.main.TestCaseMain.runTestCase(TestCaseMain.java:106)
	at com.kms.katalon.core.keyword.builtin.CallTestCaseKeyword$_callTestCase_closure1.doCall(CallTestCaseKeyword.groovy:59)
	at com.kms.katalon.core.keyword.builtin.CallTestCaseKeyword$_callTestCase_closure1.call(CallTestCaseKeyword.groovy)
	at com.kms.katalon.core.keyword.internal.KeywordMain.runKeyword(KeywordMain.groovy:54)
	at com.kms.katalon.core.keyword.builtin.CallTestCaseKeyword.callTestCase(CallTestCaseKeyword.groovy:80)
	at com.kms.katalon.core.keyword.builtin.CallTestCaseKeyword.execute(CallTestCaseKeyword.groovy:44)
	at com.kms.katalon.core.keyword.internal.KeywordExecutor.executeKeywordForPlatform(KeywordExecutor.groovy:53)
	at com.kms.katalon.core.keyword.BuiltinKeywords.callTestCase(BuiltinKeywords.groovy:334)
	at Approve Claim - Fill Up UJP - by Internal User.run(Approve Claim - Fill Up UJP - by Internal User:16)
	at com.kms.katalon.core.main.ScriptEngine.run(ScriptEngine.java:194)
	at com.kms.katalon.core.main.ScriptEngine.runScriptAsRawText(ScriptEngine.java:119)
	at com.kms.katalon.core.main.TestCaseExecutor.runScript(TestCaseExecutor.java:328)
	at com.kms.katalon.core.main.TestCaseExecutor.doExecute(TestCaseExecutor.java:319)
	at com.kms.katalon.core.main.TestCaseExecutor.processExecutionPhase(TestCaseExecutor.java:298)
	at com.kms.katalon.core.main.TestCaseExecutor.accessMainPhase(TestCaseExecutor.java:290)
	at com.kms.katalon.core.main.TestCaseExecutor.execute(TestCaseExecutor.java:224)
	at com.kms.katalon.core.main.TestSuiteExecutor.accessTestCaseMainPhase(TestSuiteExecutor.java:129)
	at com.kms.katalon.core.main.TestSuiteExecutor.accessTestSuiteMainPhase(TestSuiteExecutor.java:112)
	at com.kms.katalon.core.main.TestSuiteExecutor.execute(TestSuiteExecutor.java:81)
	at com.kms.katalon.core.main.TestCaseMain.startTestSuite(TestCaseMain.java:149)
	at com.kms.katalon.core.main.TestCaseMain$startTestSuite$0.call(Unknown Source)
	at TempTestSuite1550738418733.run(TempTestSuite1550738418733.groovy:36)]]></system-out>
         <system-err><![CDATA[2019-02-21 18:31:39 - [TEST_CASE][FAILED] - Test Cases/All TC/Arranged/0. Full Flow/Approve Claim - Fill Up UJP - by Internal User: Test Cases/All TC/Arranged/0. Full Flow/Approve Claim - Fill Up UJP - by Internal User FAILED.
Reason:
com.kms.katalon.core.exception.StepFailedException: Unable to set text '10/01/2019' of object 'Object Repository/KeatMun/Form 7_default/OTC_Application_Reg/Page_PERKESO/11.Tarikh Terima_stampedDtS' (Root cause: org.openqa.selenium.UnhandledAlertException: unexpected alert open: {Alert text : HARAP MAKLUM

PERMOHONAN FAEDAH SISTEM INSURANS PEKERJAAN HANYA BOLEH DIBUAT BERMULA DARI TARIKH KEHILANGAN PEKERJAAN

Nota: Permohonan hendaklah dibuat dalam tempoh 60 hari dari tarikh kehilangan pekerjaan}
  (Session info: chrome=72.0.3626.109)
  (Driver info: chromedriver=2.43.600210 (68dcf5eebde37173d4027fa8635e332711d2874a),platform=Windows NT 6.1.7601 SP1 x86_64) (WARNING: The server did not provide any stacktrace information)
Command duration or timeout: 0 milliseconds: null
Build info: version: '3.7.1', revision: '8a0099a', time: '2017-11-06T21:07:36.161Z'
System info: host: 'WIN7TEST02', ip: '10.20.3.72', os.name: 'Windows 7', os.arch: 'amd64', os.version: '6.1', java.version: '1.8.0_181'
Driver info: com.kms.katalon.selenium.driver.CChromeDriver
Capabilities {acceptInsecureCerts: false, acceptSslCerts: false, applicationCacheEnabled: false, browserConnectionEnabled: false, browserName: chrome, chrome: {chromedriverVersion: 2.43.600210 (68dcf5eebde371..., userDataDir: C:\Users\Admin\AppData\Loca...}, cssSelectorsEnabled: true, databaseEnabled: false, goog:chromeOptions: {debuggerAddress: localhost:62845}, handlesAlerts: true, hasTouchScreen: false, javascriptEnabled: true, locationContextEnabled: true, mobileEmulationEnabled: false, nativeEvents: true, networkConnectionEnabled: false, pageLoadStrategy: normal, platform: XP, platformName: XP, rotatable: false, setWindowRect: true, takesHeapSnapshot: true, takesScreenshot: true, unexpectedAlertBehaviour: , unhandledPromptBehavior: , version: 72.0.3626.109, webStorageEnabled: true}
Session ID: 69fd8aa0425e6260685b493619cd262e
*** Element info: {Using=xpath, value=//input[@id = 'stampedDtStr' and @name = 'stampedDtStr' and @type = 'text']})
	at com.kms.katalon.core.keyword.internal.KeywordMain.stepFailed(KeywordMain.groovy:36)
	at com.kms.katalon.core.webui.keyword.internal.WebUIKeywordMain.stepFailed(WebUIKeywordMain.groovy:65)
	at com.kms.katalon.core.webui.keyword.internal.WebUIKeywordMain.runKeyword(WebUIKeywordMain.groovy:27)
	at com.kms.katalon.core.webui.keyword.builtin.SetTextKeyword.setText(SetTextKeyword.groovy:65)
	at com.kms.katalon.core.webui.keyword.builtin.SetTextKeyword.execute(SetTextKeyword.groovy:37)
	at com.kms.katalon.core.keyword.internal.KeywordExecutor.executeKeywordForPlatform(KeywordExecutor.groovy:53)
	at com.kms.katalon.core.webui.keyword.WebUiBuiltInKeywords.setText(WebUiBuiltInKeywords.groovy:950)
	at com.kms.katalon.core.webui.keyword.WebUiBuiltInKeywords$setText$1.call(Unknown Source)
	at OTC_Application_Reg.run(OTC_Application_Reg:91)
	at com.kms.katalon.core.main.ScriptEngine.run(ScriptEngine.java:194)
	at com.kms.katalon.core.main.ScriptEngine.runScriptAsRawText(ScriptEngine.java:119)
	at com.kms.katalon.core.main.TestCaseExecutor.runScript(TestCaseExecutor.java:328)
	at com.kms.katalon.core.main.TestCaseExecutor.doExecute(TestCaseExecutor.java:319)
	at com.kms.katalon.core.main.TestCaseExecutor.processExecutionPhase(TestCaseExecutor.java:298)
	at com.kms.katalon.core.main.TestCaseExecutor.accessMainPhase(TestCaseExecutor.java:290)
	at com.kms.katalon.core.main.TestCaseExecutor.execute(TestCaseExecutor.java:224)
	at com.kms.katalon.core.main.TestCaseMain.runTestCase(TestCaseMain.java:106)
	at com.kms.katalon.core.keyword.builtin.CallTestCaseKeyword$_callTestCase_closure1.doCall(CallTestCaseKeyword.groovy:59)
	at com.kms.katalon.core.keyword.builtin.CallTestCaseKeyword$_callTestCase_closure1.call(CallTestCaseKeyword.groovy)
	at com.kms.katalon.core.keyword.internal.KeywordMain.runKeyword(KeywordMain.groovy:54)
	at com.kms.katalon.core.keyword.builtin.CallTestCaseKeyword.callTestCase(CallTestCaseKeyword.groovy:80)
	at com.kms.katalon.core.keyword.builtin.CallTestCaseKeyword.execute(CallTestCaseKeyword.groovy:44)
	at com.kms.katalon.core.keyword.internal.KeywordExecutor.executeKeywordForPlatform(KeywordExecutor.groovy:53)
	at com.kms.katalon.core.keyword.BuiltinKeywords.callTestCase(BuiltinKeywords.groovy:334)
	at OTC_Submit Form 7_End to End - Cheque.run(OTC_Submit Form 7_End to End - Cheque:16)
	at com.kms.katalon.core.main.ScriptEngine.run(ScriptEngine.java:194)
	at com.kms.katalon.core.main.ScriptEngine.runScriptAsRawText(ScriptEngine.java:119)
	at com.kms.katalon.core.main.TestCaseExecutor.runScript(TestCaseExecutor.java:328)
	at com.kms.katalon.core.main.TestCaseExecutor.doExecute(TestCaseExecutor.java:319)
	at com.kms.katalon.core.main.TestCaseExecutor.processExecutionPhase(TestCaseExecutor.java:298)
	at com.kms.katalon.core.main.TestCaseExecutor.accessMainPhase(TestCaseExecutor.java:290)
	at com.kms.katalon.core.main.TestCaseExecutor.execute(TestCaseExecutor.java:224)
	at com.kms.katalon.core.main.TestCaseMain.runTestCase(TestCaseMain.java:106)
	at com.kms.katalon.core.keyword.builtin.CallTestCaseKeyword$_callTestCase_closure1.doCall(CallTestCaseKeyword.groovy:59)
	at com.kms.katalon.core.keyword.builtin.CallTestCaseKeyword$_callTestCase_closure1.call(CallTestCaseKeyword.groovy)
	at com.kms.katalon.core.keyword.internal.KeywordMain.runKeyword(KeywordMain.groovy:54)
	at com.kms.katalon.core.keyword.builtin.CallTestCaseKeyword.callTestCase(CallTestCaseKeyword.groovy:80)
	at com.kms.katalon.core.keyword.builtin.CallTestCaseKeyword.execute(CallTestCaseKeyword.groovy:44)
	at com.kms.katalon.core.keyword.internal.KeywordExecutor.executeKeywordForPlatform(KeywordExecutor.groovy:53)
	at com.kms.katalon.core.keyword.BuiltinKeywords.callTestCase(BuiltinKeywords.groovy:334)
	at Approve Claim - Fill Up UJP - by Internal User.run(Approve Claim - Fill Up UJP - by Internal User:16)
	at com.kms.katalon.core.main.ScriptEngine.run(ScriptEngine.java:194)
	at com.kms.katalon.core.main.ScriptEngine.runScriptAsRawText(ScriptEngine.java:119)
	at com.kms.katalon.core.main.TestCaseExecutor.runScript(TestCaseExecutor.java:328)
	at com.kms.katalon.core.main.TestCaseExecutor.doExecute(TestCaseExecutor.java:319)
	at com.kms.katalon.core.main.TestCaseExecutor.processExecutionPhase(TestCaseExecutor.java:298)
	at com.kms.katalon.core.main.TestCaseExecutor.accessMainPhase(TestCaseExecutor.java:290)
	at com.kms.katalon.core.main.TestCaseExecutor.execute(TestCaseExecutor.java:224)
	at com.kms.katalon.core.main.TestSuiteExecutor.accessTestCaseMainPhase(TestSuiteExecutor.java:129)
	at com.kms.katalon.core.main.TestSuiteExecutor.accessTestSuiteMainPhase(TestSuiteExecutor.java:112)
	at com.kms.katalon.core.main.TestSuiteExecutor.execute(TestSuiteExecutor.java:81)
	at com.kms.katalon.core.main.TestCaseMain.startTestSuite(TestCaseMain.java:149)
	at com.kms.katalon.core.main.TestCaseMain$startTestSuite$0.call(Unknown Source)
	at TempTestSuite1550738418733.run(TempTestSuite1550738418733.groovy:36)]]></system-err>
      </testcase>
      <testcase name="Test Cases/All TC/Arranged/0. Full Flow/Approve Application - RIA" classname="Test Cases/All TC/Arranged/0. Full Flow/Approve Application - RIA" status="FAILED">
         <failure type="FAILED" message="Test Cases/All TC/Arranged/0. Full Flow/Approve Application - RIA FAILED.
Reason:
com.kms.katalon.core.exception.StepFailedException: Unable to set text '10/01/2019' of object 'Object Repository/KeatMun/Form 7_default/OTC_Application_Reg/Page_PERKESO/11.Tarikh Terima_stampedDtS' (Root cause: org.openqa.selenium.UnhandledAlertException: unexpected alert open: {Alert text : HARAP MAKLUM

PERMOHONAN FAEDAH SISTEM INSURANS PEKERJAAN HANYA BOLEH DIBUAT BERMULA DARI TARIKH KEHILANGAN PEKERJAAN

Nota: Permohonan hendaklah dibuat dalam tempoh 60 hari dari tarikh kehilangan pekerjaan}
  (Session info: chrome=72.0.3626.109)
  (Driver info: chromedriver=2.43.600210 (68dcf5eebde37173d4027fa8635e332711d2874a),platform=Windows NT 6.1.7601 SP1 x86_64) (WARNING: The server did not provide any stacktrace information)
Command duration or timeout: 0 milliseconds: null
Build info: version: '3.7.1', revision: '8a0099a', time: '2017-11-06T21:07:36.161Z'
System info: host: 'WIN7TEST02', ip: '10.20.3.72', os.name: 'Windows 7', os.arch: 'amd64', os.version: '6.1', java.version: '1.8.0_181'
Driver info: com.kms.katalon.selenium.driver.CChromeDriver
Capabilities {acceptInsecureCerts: false, acceptSslCerts: false, applicationCacheEnabled: false, browserConnectionEnabled: false, browserName: chrome, chrome: {chromedriverVersion: 2.43.600210 (68dcf5eebde371..., userDataDir: C:\Users\Admin\AppData\Loca...}, cssSelectorsEnabled: true, databaseEnabled: false, goog:chromeOptions: {debuggerAddress: localhost:62877}, handlesAlerts: true, hasTouchScreen: false, javascriptEnabled: true, locationContextEnabled: true, mobileEmulationEnabled: false, nativeEvents: true, networkConnectionEnabled: false, pageLoadStrategy: normal, platform: XP, platformName: XP, rotatable: false, setWindowRect: true, takesHeapSnapshot: true, takesScreenshot: true, unexpectedAlertBehaviour: , unhandledPromptBehavior: , version: 72.0.3626.109, webStorageEnabled: true}
Session ID: 99acfe538f52fc5edfc874225a7b1608
*** Element info: {Using=xpath, value=//input[@id = 'stampedDtStr' and @name = 'stampedDtStr' and @type = 'text']})
	at com.kms.katalon.core.keyword.internal.KeywordMain.stepFailed(KeywordMain.groovy:36)
	at com.kms.katalon.core.webui.keyword.internal.WebUIKeywordMain.stepFailed(WebUIKeywordMain.groovy:65)
	at com.kms.katalon.core.webui.keyword.internal.WebUIKeywordMain.runKeyword(WebUIKeywordMain.groovy:27)
	at com.kms.katalon.core.webui.keyword.builtin.SetTextKeyword.setText(SetTextKeyword.groovy:65)
	at com.kms.katalon.core.webui.keyword.builtin.SetTextKeyword.execute(SetTextKeyword.groovy:37)
	at com.kms.katalon.core.keyword.internal.KeywordExecutor.executeKeywordForPlatform(KeywordExecutor.groovy:53)
	at com.kms.katalon.core.webui.keyword.WebUiBuiltInKeywords.setText(WebUiBuiltInKeywords.groovy:950)
	at com.kms.katalon.core.webui.keyword.WebUiBuiltInKeywords$setText$1.call(Unknown Source)
	at OTC_Application_Reg.run(OTC_Application_Reg:91)
	at com.kms.katalon.core.main.ScriptEngine.run(ScriptEngine.java:194)
	at com.kms.katalon.core.main.ScriptEngine.runScriptAsRawText(ScriptEngine.java:119)
	at com.kms.katalon.core.main.TestCaseExecutor.runScript(TestCaseExecutor.java:328)
	at com.kms.katalon.core.main.TestCaseExecutor.doExecute(TestCaseExecutor.java:319)
	at com.kms.katalon.core.main.TestCaseExecutor.processExecutionPhase(TestCaseExecutor.java:298)
	at com.kms.katalon.core.main.TestCaseExecutor.accessMainPhase(TestCaseExecutor.java:290)
	at com.kms.katalon.core.main.TestCaseExecutor.execute(TestCaseExecutor.java:224)
	at com.kms.katalon.core.main.TestCaseMain.runTestCase(TestCaseMain.java:106)
	at com.kms.katalon.core.keyword.builtin.CallTestCaseKeyword$_callTestCase_closure1.doCall(CallTestCaseKeyword.groovy:59)
	at com.kms.katalon.core.keyword.builtin.CallTestCaseKeyword$_callTestCase_closure1.call(CallTestCaseKeyword.groovy)
	at com.kms.katalon.core.keyword.internal.KeywordMain.runKeyword(KeywordMain.groovy:54)
	at com.kms.katalon.core.keyword.builtin.CallTestCaseKeyword.callTestCase(CallTestCaseKeyword.groovy:80)
	at com.kms.katalon.core.keyword.builtin.CallTestCaseKeyword.execute(CallTestCaseKeyword.groovy:44)
	at com.kms.katalon.core.keyword.internal.KeywordExecutor.executeKeywordForPlatform(KeywordExecutor.groovy:53)
	at com.kms.katalon.core.keyword.BuiltinKeywords.callTestCase(BuiltinKeywords.groovy:334)
	at OTC_Submit Form 7_End to End - Cheque.run(OTC_Submit Form 7_End to End - Cheque:16)
	at com.kms.katalon.core.main.ScriptEngine.run(ScriptEngine.java:194)
	at com.kms.katalon.core.main.ScriptEngine.runScriptAsRawText(ScriptEngine.java:119)
	at com.kms.katalon.core.main.TestCaseExecutor.runScript(TestCaseExecutor.java:328)
	at com.kms.katalon.core.main.TestCaseExecutor.doExecute(TestCaseExecutor.java:319)
	at com.kms.katalon.core.main.TestCaseExecutor.processExecutionPhase(TestCaseExecutor.java:298)
	at com.kms.katalon.core.main.TestCaseExecutor.accessMainPhase(TestCaseExecutor.java:290)
	at com.kms.katalon.core.main.TestCaseExecutor.execute(TestCaseExecutor.java:224)
	at com.kms.katalon.core.main.TestCaseMain.runTestCase(TestCaseMain.java:106)
	at com.kms.katalon.core.keyword.builtin.CallTestCaseKeyword$_callTestCase_closure1.doCall(CallTestCaseKeyword.groovy:59)
	at com.kms.katalon.core.keyword.builtin.CallTestCaseKeyword$_callTestCase_closure1.call(CallTestCaseKeyword.groovy)
	at com.kms.katalon.core.keyword.internal.KeywordMain.runKeyword(KeywordMain.groovy:54)
	at com.kms.katalon.core.keyword.builtin.CallTestCaseKeyword.callTestCase(CallTestCaseKeyword.groovy:80)
	at com.kms.katalon.core.keyword.builtin.CallTestCaseKeyword.execute(CallTestCaseKeyword.groovy:44)
	at com.kms.katalon.core.keyword.internal.KeywordExecutor.executeKeywordForPlatform(KeywordExecutor.groovy:53)
	at com.kms.katalon.core.keyword.BuiltinKeywords.callTestCase(BuiltinKeywords.groovy:334)
	at Approve Application - RIA.run(Approve Application - RIA:16)
	at com.kms.katalon.core.main.ScriptEngine.run(ScriptEngine.java:194)
	at com.kms.katalon.core.main.ScriptEngine.runScriptAsRawText(ScriptEngine.java:119)
	at com.kms.katalon.core.main.TestCaseExecutor.runScript(TestCaseExecutor.java:328)
	at com.kms.katalon.core.main.TestCaseExecutor.doExecute(TestCaseExecutor.java:319)
	at com.kms.katalon.core.main.TestCaseExecutor.processExecutionPhase(TestCaseExecutor.java:298)
	at com.kms.katalon.core.main.TestCaseExecutor.accessMainPhase(TestCaseExecutor.java:290)
	at com.kms.katalon.core.main.TestCaseExecutor.execute(TestCaseExecutor.java:224)
	at com.kms.katalon.core.main.TestSuiteExecutor.accessTestCaseMainPhase(TestSuiteExecutor.java:129)
	at com.kms.katalon.core.main.TestSuiteExecutor.accessTestSuiteMainPhase(TestSuiteExecutor.java:112)
	at com.kms.katalon.core.main.TestSuiteExecutor.execute(TestSuiteExecutor.java:81)
	at com.kms.katalon.core.main.TestCaseMain.startTestSuite(TestCaseMain.java:149)
	at com.kms.katalon.core.main.TestCaseMain$startTestSuite$0.call(Unknown Source)
	at TempTestSuite1550738418733.run(TempTestSuite1550738418733.groovy:36)
"/>
         <system-out><![CDATA[2019-02-21 18:32:20 - [TEST_CASE][FAILED] - Test Cases/All TC/Arranged/0. Full Flow/Approve Application - RIA: Test Cases/All TC/Arranged/0. Full Flow/Approve Application - RIA FAILED.
Reason:
com.kms.katalon.core.exception.StepFailedException: Unable to set text '10/01/2019' of object 'Object Repository/KeatMun/Form 7_default/OTC_Application_Reg/Page_PERKESO/11.Tarikh Terima_stampedDtS' (Root cause: org.openqa.selenium.UnhandledAlertException: unexpected alert open: {Alert text : HARAP MAKLUM

PERMOHONAN FAEDAH SISTEM INSURANS PEKERJAAN HANYA BOLEH DIBUAT BERMULA DARI TARIKH KEHILANGAN PEKERJAAN

Nota: Permohonan hendaklah dibuat dalam tempoh 60 hari dari tarikh kehilangan pekerjaan}
  (Session info: chrome=72.0.3626.109)
  (Driver info: chromedriver=2.43.600210 (68dcf5eebde37173d4027fa8635e332711d2874a),platform=Windows NT 6.1.7601 SP1 x86_64) (WARNING: The server did not provide any stacktrace information)
Command duration or timeout: 0 milliseconds: null
Build info: version: '3.7.1', revision: '8a0099a', time: '2017-11-06T21:07:36.161Z'
System info: host: 'WIN7TEST02', ip: '10.20.3.72', os.name: 'Windows 7', os.arch: 'amd64', os.version: '6.1', java.version: '1.8.0_181'
Driver info: com.kms.katalon.selenium.driver.CChromeDriver
Capabilities {acceptInsecureCerts: false, acceptSslCerts: false, applicationCacheEnabled: false, browserConnectionEnabled: false, browserName: chrome, chrome: {chromedriverVersion: 2.43.600210 (68dcf5eebde371..., userDataDir: C:\Users\Admin\AppData\Loca...}, cssSelectorsEnabled: true, databaseEnabled: false, goog:chromeOptions: {debuggerAddress: localhost:62877}, handlesAlerts: true, hasTouchScreen: false, javascriptEnabled: true, locationContextEnabled: true, mobileEmulationEnabled: false, nativeEvents: true, networkConnectionEnabled: false, pageLoadStrategy: normal, platform: XP, platformName: XP, rotatable: false, setWindowRect: true, takesHeapSnapshot: true, takesScreenshot: true, unexpectedAlertBehaviour: , unhandledPromptBehavior: , version: 72.0.3626.109, webStorageEnabled: true}
Session ID: 99acfe538f52fc5edfc874225a7b1608
*** Element info: {Using=xpath, value=//input[@id = 'stampedDtStr' and @name = 'stampedDtStr' and @type = 'text']})
	at com.kms.katalon.core.keyword.internal.KeywordMain.stepFailed(KeywordMain.groovy:36)
	at com.kms.katalon.core.webui.keyword.internal.WebUIKeywordMain.stepFailed(WebUIKeywordMain.groovy:65)
	at com.kms.katalon.core.webui.keyword.internal.WebUIKeywordMain.runKeyword(WebUIKeywordMain.groovy:27)
	at com.kms.katalon.core.webui.keyword.builtin.SetTextKeyword.setText(SetTextKeyword.groovy:65)
	at com.kms.katalon.core.webui.keyword.builtin.SetTextKeyword.execute(SetTextKeyword.groovy:37)
	at com.kms.katalon.core.keyword.internal.KeywordExecutor.executeKeywordForPlatform(KeywordExecutor.groovy:53)
	at com.kms.katalon.core.webui.keyword.WebUiBuiltInKeywords.setText(WebUiBuiltInKeywords.groovy:950)
	at com.kms.katalon.core.webui.keyword.WebUiBuiltInKeywords$setText$1.call(Unknown Source)
	at OTC_Application_Reg.run(OTC_Application_Reg:91)
	at com.kms.katalon.core.main.ScriptEngine.run(ScriptEngine.java:194)
	at com.kms.katalon.core.main.ScriptEngine.runScriptAsRawText(ScriptEngine.java:119)
	at com.kms.katalon.core.main.TestCaseExecutor.runScript(TestCaseExecutor.java:328)
	at com.kms.katalon.core.main.TestCaseExecutor.doExecute(TestCaseExecutor.java:319)
	at com.kms.katalon.core.main.TestCaseExecutor.processExecutionPhase(TestCaseExecutor.java:298)
	at com.kms.katalon.core.main.TestCaseExecutor.accessMainPhase(TestCaseExecutor.java:290)
	at com.kms.katalon.core.main.TestCaseExecutor.execute(TestCaseExecutor.java:224)
	at com.kms.katalon.core.main.TestCaseMain.runTestCase(TestCaseMain.java:106)
	at com.kms.katalon.core.keyword.builtin.CallTestCaseKeyword$_callTestCase_closure1.doCall(CallTestCaseKeyword.groovy:59)
	at com.kms.katalon.core.keyword.builtin.CallTestCaseKeyword$_callTestCase_closure1.call(CallTestCaseKeyword.groovy)
	at com.kms.katalon.core.keyword.internal.KeywordMain.runKeyword(KeywordMain.groovy:54)
	at com.kms.katalon.core.keyword.builtin.CallTestCaseKeyword.callTestCase(CallTestCaseKeyword.groovy:80)
	at com.kms.katalon.core.keyword.builtin.CallTestCaseKeyword.execute(CallTestCaseKeyword.groovy:44)
	at com.kms.katalon.core.keyword.internal.KeywordExecutor.executeKeywordForPlatform(KeywordExecutor.groovy:53)
	at com.kms.katalon.core.keyword.BuiltinKeywords.callTestCase(BuiltinKeywords.groovy:334)
	at OTC_Submit Form 7_End to End - Cheque.run(OTC_Submit Form 7_End to End - Cheque:16)
	at com.kms.katalon.core.main.ScriptEngine.run(ScriptEngine.java:194)
	at com.kms.katalon.core.main.ScriptEngine.runScriptAsRawText(ScriptEngine.java:119)
	at com.kms.katalon.core.main.TestCaseExecutor.runScript(TestCaseExecutor.java:328)
	at com.kms.katalon.core.main.TestCaseExecutor.doExecute(TestCaseExecutor.java:319)
	at com.kms.katalon.core.main.TestCaseExecutor.processExecutionPhase(TestCaseExecutor.java:298)
	at com.kms.katalon.core.main.TestCaseExecutor.accessMainPhase(TestCaseExecutor.java:290)
	at com.kms.katalon.core.main.TestCaseExecutor.execute(TestCaseExecutor.java:224)
	at com.kms.katalon.core.main.TestCaseMain.runTestCase(TestCaseMain.java:106)
	at com.kms.katalon.core.keyword.builtin.CallTestCaseKeyword$_callTestCase_closure1.doCall(CallTestCaseKeyword.groovy:59)
	at com.kms.katalon.core.keyword.builtin.CallTestCaseKeyword$_callTestCase_closure1.call(CallTestCaseKeyword.groovy)
	at com.kms.katalon.core.keyword.internal.KeywordMain.runKeyword(KeywordMain.groovy:54)
	at com.kms.katalon.core.keyword.builtin.CallTestCaseKeyword.callTestCase(CallTestCaseKeyword.groovy:80)
	at com.kms.katalon.core.keyword.builtin.CallTestCaseKeyword.execute(CallTestCaseKeyword.groovy:44)
	at com.kms.katalon.core.keyword.internal.KeywordExecutor.executeKeywordForPlatform(KeywordExecutor.groovy:53)
	at com.kms.katalon.core.keyword.BuiltinKeywords.callTestCase(BuiltinKeywords.groovy:334)
	at Approve Application - RIA.run(Approve Application - RIA:16)
	at com.kms.katalon.core.main.ScriptEngine.run(ScriptEngine.java:194)
	at com.kms.katalon.core.main.ScriptEngine.runScriptAsRawText(ScriptEngine.java:119)
	at com.kms.katalon.core.main.TestCaseExecutor.runScript(TestCaseExecutor.java:328)
	at com.kms.katalon.core.main.TestCaseExecutor.doExecute(TestCaseExecutor.java:319)
	at com.kms.katalon.core.main.TestCaseExecutor.processExecutionPhase(TestCaseExecutor.java:298)
	at com.kms.katalon.core.main.TestCaseExecutor.accessMainPhase(TestCaseExecutor.java:290)
	at com.kms.katalon.core.main.TestCaseExecutor.execute(TestCaseExecutor.java:224)
	at com.kms.katalon.core.main.TestSuiteExecutor.accessTestCaseMainPhase(TestSuiteExecutor.java:129)
	at com.kms.katalon.core.main.TestSuiteExecutor.accessTestSuiteMainPhase(TestSuiteExecutor.java:112)
	at com.kms.katalon.core.main.TestSuiteExecutor.execute(TestSuiteExecutor.java:81)
	at com.kms.katalon.core.main.TestCaseMain.startTestSuite(TestCaseMain.java:149)
	at com.kms.katalon.core.main.TestCaseMain$startTestSuite$0.call(Unknown Source)
	at TempTestSuite1550738418733.run(TempTestSuite1550738418733.groovy:36)


2019-02-21 18:32:20 - [TEST_STEP][FAILED] - callTestCase(findTestCase("All TC/Arranged/2. Segment/OTC_Submit Form 7_End to End - Cheque"), [:], STOP_ON_FAILURE): callTestCase(findTestCase("All TC/Arranged/2. Segment/OTC_Submit Form 7_End to End - Cheque"), [:], STOP_ON_FAILURE) FAILED.
Reason:
com.kms.katalon.core.exception.StepFailedException: Unable to set text '10/01/2019' of object 'Object Repository/KeatMun/Form 7_default/OTC_Application_Reg/Page_PERKESO/11.Tarikh Terima_stampedDtS' (Root cause: org.openqa.selenium.UnhandledAlertException: unexpected alert open: {Alert text : HARAP MAKLUM

PERMOHONAN FAEDAH SISTEM INSURANS PEKERJAAN HANYA BOLEH DIBUAT BERMULA DARI TARIKH KEHILANGAN PEKERJAAN

Nota: Permohonan hendaklah dibuat dalam tempoh 60 hari dari tarikh kehilangan pekerjaan}
  (Session info: chrome=72.0.3626.109)
  (Driver info: chromedriver=2.43.600210 (68dcf5eebde37173d4027fa8635e332711d2874a),platform=Windows NT 6.1.7601 SP1 x86_64) (WARNING: The server did not provide any stacktrace information)
Command duration or timeout: 0 milliseconds: null
Build info: version: '3.7.1', revision: '8a0099a', time: '2017-11-06T21:07:36.161Z'
System info: host: 'WIN7TEST02', ip: '10.20.3.72', os.name: 'Windows 7', os.arch: 'amd64', os.version: '6.1', java.version: '1.8.0_181'
Driver info: com.kms.katalon.selenium.driver.CChromeDriver
Capabilities {acceptInsecureCerts: false, acceptSslCerts: false, applicationCacheEnabled: false, browserConnectionEnabled: false, browserName: chrome, chrome: {chromedriverVersion: 2.43.600210 (68dcf5eebde371..., userDataDir: C:\Users\Admin\AppData\Loca...}, cssSelectorsEnabled: true, databaseEnabled: false, goog:chromeOptions: {debuggerAddress: localhost:62877}, handlesAlerts: true, hasTouchScreen: false, javascriptEnabled: true, locationContextEnabled: true, mobileEmulationEnabled: false, nativeEvents: true, networkConnectionEnabled: false, pageLoadStrategy: normal, platform: XP, platformName: XP, rotatable: false, setWindowRect: true, takesHeapSnapshot: true, takesScreenshot: true, unexpectedAlertBehaviour: , unhandledPromptBehavior: , version: 72.0.3626.109, webStorageEnabled: true}
Session ID: 99acfe538f52fc5edfc874225a7b1608
*** Element info: {Using=xpath, value=//input[@id = 'stampedDtStr' and @name = 'stampedDtStr' and @type = 'text']})
	at com.kms.katalon.core.keyword.internal.KeywordMain.stepFailed(KeywordMain.groovy:36)
	at com.kms.katalon.core.webui.keyword.internal.WebUIKeywordMain.stepFailed(WebUIKeywordMain.groovy:65)
	at com.kms.katalon.core.webui.keyword.internal.WebUIKeywordMain.runKeyword(WebUIKeywordMain.groovy:27)
	at com.kms.katalon.core.webui.keyword.builtin.SetTextKeyword.setText(SetTextKeyword.groovy:65)
	at com.kms.katalon.core.webui.keyword.builtin.SetTextKeyword.execute(SetTextKeyword.groovy:37)
	at com.kms.katalon.core.keyword.internal.KeywordExecutor.executeKeywordForPlatform(KeywordExecutor.groovy:53)
	at com.kms.katalon.core.webui.keyword.WebUiBuiltInKeywords.setText(WebUiBuiltInKeywords.groovy:950)
	at com.kms.katalon.core.webui.keyword.WebUiBuiltInKeywords$setText$1.call(Unknown Source)
	at OTC_Application_Reg.run(OTC_Application_Reg:91)
	at com.kms.katalon.core.main.ScriptEngine.run(ScriptEngine.java:194)
	at com.kms.katalon.core.main.ScriptEngine.runScriptAsRawText(ScriptEngine.java:119)
	at com.kms.katalon.core.main.TestCaseExecutor.runScript(TestCaseExecutor.java:328)
	at com.kms.katalon.core.main.TestCaseExecutor.doExecute(TestCaseExecutor.java:319)
	at com.kms.katalon.core.main.TestCaseExecutor.processExecutionPhase(TestCaseExecutor.java:298)
	at com.kms.katalon.core.main.TestCaseExecutor.accessMainPhase(TestCaseExecutor.java:290)
	at com.kms.katalon.core.main.TestCaseExecutor.execute(TestCaseExecutor.java:224)
	at com.kms.katalon.core.main.TestCaseMain.runTestCase(TestCaseMain.java:106)
	at com.kms.katalon.core.keyword.builtin.CallTestCaseKeyword$_callTestCase_closure1.doCall(CallTestCaseKeyword.groovy:59)
	at com.kms.katalon.core.keyword.builtin.CallTestCaseKeyword$_callTestCase_closure1.call(CallTestCaseKeyword.groovy)
	at com.kms.katalon.core.keyword.internal.KeywordMain.runKeyword(KeywordMain.groovy:54)
	at com.kms.katalon.core.keyword.builtin.CallTestCaseKeyword.callTestCase(CallTestCaseKeyword.groovy:80)
	at com.kms.katalon.core.keyword.builtin.CallTestCaseKeyword.execute(CallTestCaseKeyword.groovy:44)
	at com.kms.katalon.core.keyword.internal.KeywordExecutor.executeKeywordForPlatform(KeywordExecutor.groovy:53)
	at com.kms.katalon.core.keyword.BuiltinKeywords.callTestCase(BuiltinKeywords.groovy:334)
	at OTC_Submit Form 7_End to End - Cheque.run(OTC_Submit Form 7_End to End - Cheque:16)
	at com.kms.katalon.core.main.ScriptEngine.run(ScriptEngine.java:194)
	at com.kms.katalon.core.main.ScriptEngine.runScriptAsRawText(ScriptEngine.java:119)
	at com.kms.katalon.core.main.TestCaseExecutor.runScript(TestCaseExecutor.java:328)
	at com.kms.katalon.core.main.TestCaseExecutor.doExecute(TestCaseExecutor.java:319)
	at com.kms.katalon.core.main.TestCaseExecutor.processExecutionPhase(TestCaseExecutor.java:298)
	at com.kms.katalon.core.main.TestCaseExecutor.accessMainPhase(TestCaseExecutor.java:290)
	at com.kms.katalon.core.main.TestCaseExecutor.execute(TestCaseExecutor.java:224)
	at com.kms.katalon.core.main.TestCaseMain.runTestCase(TestCaseMain.java:106)
	at com.kms.katalon.core.keyword.builtin.CallTestCaseKeyword$_callTestCase_closure1.doCall(CallTestCaseKeyword.groovy:59)
	at com.kms.katalon.core.keyword.builtin.CallTestCaseKeyword$_callTestCase_closure1.call(CallTestCaseKeyword.groovy)
	at com.kms.katalon.core.keyword.internal.KeywordMain.runKeyword(KeywordMain.groovy:54)
	at com.kms.katalon.core.keyword.builtin.CallTestCaseKeyword.callTestCase(CallTestCaseKeyword.groovy:80)
	at com.kms.katalon.core.keyword.builtin.CallTestCaseKeyword.execute(CallTestCaseKeyword.groovy:44)
	at com.kms.katalon.core.keyword.internal.KeywordExecutor.executeKeywordForPlatform(KeywordExecutor.groovy:53)
	at com.kms.katalon.core.keyword.BuiltinKeywords.callTestCase(BuiltinKeywords.groovy:334)
	at Approve Application - RIA.run(Approve Application - RIA:16)
	at com.kms.katalon.core.main.ScriptEngine.run(ScriptEngine.java:194)
	at com.kms.katalon.core.main.ScriptEngine.runScriptAsRawText(ScriptEngine.java:119)
	at com.kms.katalon.core.main.TestCaseExecutor.runScript(TestCaseExecutor.java:328)
	at com.kms.katalon.core.main.TestCaseExecutor.doExecute(TestCaseExecutor.java:319)
	at com.kms.katalon.core.main.TestCaseExecutor.processExecutionPhase(TestCaseExecutor.java:298)
	at com.kms.katalon.core.main.TestCaseExecutor.accessMainPhase(TestCaseExecutor.java:290)
	at com.kms.katalon.core.main.TestCaseExecutor.execute(TestCaseExecutor.java:224)
	at com.kms.katalon.core.main.TestSuiteExecutor.accessTestCaseMainPhase(TestSuiteExecutor.java:129)
	at com.kms.katalon.core.main.TestSuiteExecutor.accessTestSuiteMainPhase(TestSuiteExecutor.java:112)
	at com.kms.katalon.core.main.TestSuiteExecutor.execute(TestSuiteExecutor.java:81)
	at com.kms.katalon.core.main.TestCaseMain.startTestSuite(TestCaseMain.java:149)
	at com.kms.katalon.core.main.TestCaseMain$startTestSuite$0.call(Unknown Source)
	at TempTestSuite1550738418733.run(TempTestSuite1550738418733.groovy:36)


2019-02-21 18:32:20 - [TEST_CASE][FAILED] - Test Cases/All TC/Arranged/2. Segment/OTC_Submit Form 7_End to End - Cheque: Test Cases/All TC/Arranged/2. Segment/OTC_Submit Form 7_End to End - Cheque FAILED.
Reason:
com.kms.katalon.core.exception.StepFailedException: Unable to set text '10/01/2019' of object 'Object Repository/KeatMun/Form 7_default/OTC_Application_Reg/Page_PERKESO/11.Tarikh Terima_stampedDtS' (Root cause: org.openqa.selenium.UnhandledAlertException: unexpected alert open: {Alert text : HARAP MAKLUM

PERMOHONAN FAEDAH SISTEM INSURANS PEKERJAAN HANYA BOLEH DIBUAT BERMULA DARI TARIKH KEHILANGAN PEKERJAAN

Nota: Permohonan hendaklah dibuat dalam tempoh 60 hari dari tarikh kehilangan pekerjaan}
  (Session info: chrome=72.0.3626.109)
  (Driver info: chromedriver=2.43.600210 (68dcf5eebde37173d4027fa8635e332711d2874a),platform=Windows NT 6.1.7601 SP1 x86_64) (WARNING: The server did not provide any stacktrace information)
Command duration or timeout: 0 milliseconds: null
Build info: version: '3.7.1', revision: '8a0099a', time: '2017-11-06T21:07:36.161Z'
System info: host: 'WIN7TEST02', ip: '10.20.3.72', os.name: 'Windows 7', os.arch: 'amd64', os.version: '6.1', java.version: '1.8.0_181'
Driver info: com.kms.katalon.selenium.driver.CChromeDriver
Capabilities {acceptInsecureCerts: false, acceptSslCerts: false, applicationCacheEnabled: false, browserConnectionEnabled: false, browserName: chrome, chrome: {chromedriverVersion: 2.43.600210 (68dcf5eebde371..., userDataDir: C:\Users\Admin\AppData\Loca...}, cssSelectorsEnabled: true, databaseEnabled: false, goog:chromeOptions: {debuggerAddress: localhost:62877}, handlesAlerts: true, hasTouchScreen: false, javascriptEnabled: true, locationContextEnabled: true, mobileEmulationEnabled: false, nativeEvents: true, networkConnectionEnabled: false, pageLoadStrategy: normal, platform: XP, platformName: XP, rotatable: false, setWindowRect: true, takesHeapSnapshot: true, takesScreenshot: true, unexpectedAlertBehaviour: , unhandledPromptBehavior: , version: 72.0.3626.109, webStorageEnabled: true}
Session ID: 99acfe538f52fc5edfc874225a7b1608
*** Element info: {Using=xpath, value=//input[@id = 'stampedDtStr' and @name = 'stampedDtStr' and @type = 'text']})
	at com.kms.katalon.core.keyword.internal.KeywordMain.stepFailed(KeywordMain.groovy:36)
	at com.kms.katalon.core.webui.keyword.internal.WebUIKeywordMain.stepFailed(WebUIKeywordMain.groovy:65)
	at com.kms.katalon.core.webui.keyword.internal.WebUIKeywordMain.runKeyword(WebUIKeywordMain.groovy:27)
	at com.kms.katalon.core.webui.keyword.builtin.SetTextKeyword.setText(SetTextKeyword.groovy:65)
	at com.kms.katalon.core.webui.keyword.builtin.SetTextKeyword.execute(SetTextKeyword.groovy:37)
	at com.kms.katalon.core.keyword.internal.KeywordExecutor.executeKeywordForPlatform(KeywordExecutor.groovy:53)
	at com.kms.katalon.core.webui.keyword.WebUiBuiltInKeywords.setText(WebUiBuiltInKeywords.groovy:950)
	at com.kms.katalon.core.webui.keyword.WebUiBuiltInKeywords$setText$1.call(Unknown Source)
	at OTC_Application_Reg.run(OTC_Application_Reg:91)
	at com.kms.katalon.core.main.ScriptEngine.run(ScriptEngine.java:194)
	at com.kms.katalon.core.main.ScriptEngine.runScriptAsRawText(ScriptEngine.java:119)
	at com.kms.katalon.core.main.TestCaseExecutor.runScript(TestCaseExecutor.java:328)
	at com.kms.katalon.core.main.TestCaseExecutor.doExecute(TestCaseExecutor.java:319)
	at com.kms.katalon.core.main.TestCaseExecutor.processExecutionPhase(TestCaseExecutor.java:298)
	at com.kms.katalon.core.main.TestCaseExecutor.accessMainPhase(TestCaseExecutor.java:290)
	at com.kms.katalon.core.main.TestCaseExecutor.execute(TestCaseExecutor.java:224)
	at com.kms.katalon.core.main.TestCaseMain.runTestCase(TestCaseMain.java:106)
	at com.kms.katalon.core.keyword.builtin.CallTestCaseKeyword$_callTestCase_closure1.doCall(CallTestCaseKeyword.groovy:59)
	at com.kms.katalon.core.keyword.builtin.CallTestCaseKeyword$_callTestCase_closure1.call(CallTestCaseKeyword.groovy)
	at com.kms.katalon.core.keyword.internal.KeywordMain.runKeyword(KeywordMain.groovy:54)
	at com.kms.katalon.core.keyword.builtin.CallTestCaseKeyword.callTestCase(CallTestCaseKeyword.groovy:80)
	at com.kms.katalon.core.keyword.builtin.CallTestCaseKeyword.execute(CallTestCaseKeyword.groovy:44)
	at com.kms.katalon.core.keyword.internal.KeywordExecutor.executeKeywordForPlatform(KeywordExecutor.groovy:53)
	at com.kms.katalon.core.keyword.BuiltinKeywords.callTestCase(BuiltinKeywords.groovy:334)
	at OTC_Submit Form 7_End to End - Cheque.run(OTC_Submit Form 7_End to End - Cheque:16)
	at com.kms.katalon.core.main.ScriptEngine.run(ScriptEngine.java:194)
	at com.kms.katalon.core.main.ScriptEngine.runScriptAsRawText(ScriptEngine.java:119)
	at com.kms.katalon.core.main.TestCaseExecutor.runScript(TestCaseExecutor.java:328)
	at com.kms.katalon.core.main.TestCaseExecutor.doExecute(TestCaseExecutor.java:319)
	at com.kms.katalon.core.main.TestCaseExecutor.processExecutionPhase(TestCaseExecutor.java:298)
	at com.kms.katalon.core.main.TestCaseExecutor.accessMainPhase(TestCaseExecutor.java:290)
	at com.kms.katalon.core.main.TestCaseExecutor.execute(TestCaseExecutor.java:224)
	at com.kms.katalon.core.main.TestCaseMain.runTestCase(TestCaseMain.java:106)
	at com.kms.katalon.core.keyword.builtin.CallTestCaseKeyword$_callTestCase_closure1.doCall(CallTestCaseKeyword.groovy:59)
	at com.kms.katalon.core.keyword.builtin.CallTestCaseKeyword$_callTestCase_closure1.call(CallTestCaseKeyword.groovy)
	at com.kms.katalon.core.keyword.internal.KeywordMain.runKeyword(KeywordMain.groovy:54)
	at com.kms.katalon.core.keyword.builtin.CallTestCaseKeyword.callTestCase(CallTestCaseKeyword.groovy:80)
	at com.kms.katalon.core.keyword.builtin.CallTestCaseKeyword.execute(CallTestCaseKeyword.groovy:44)
	at com.kms.katalon.core.keyword.internal.KeywordExecutor.executeKeywordForPlatform(KeywordExecutor.groovy:53)
	at com.kms.katalon.core.keyword.BuiltinKeywords.callTestCase(BuiltinKeywords.groovy:334)
	at Approve Application - RIA.run(Approve Application - RIA:16)
	at com.kms.katalon.core.main.ScriptEngine.run(ScriptEngine.java:194)
	at com.kms.katalon.core.main.ScriptEngine.runScriptAsRawText(ScriptEngine.java:119)
	at com.kms.katalon.core.main.TestCaseExecutor.runScript(TestCaseExecutor.java:328)
	at com.kms.katalon.core.main.TestCaseExecutor.doExecute(TestCaseExecutor.java:319)
	at com.kms.katalon.core.main.TestCaseExecutor.processExecutionPhase(TestCaseExecutor.java:298)
	at com.kms.katalon.core.main.TestCaseExecutor.accessMainPhase(TestCaseExecutor.java:290)
	at com.kms.katalon.core.main.TestCaseExecutor.execute(TestCaseExecutor.java:224)
	at com.kms.katalon.core.main.TestSuiteExecutor.accessTestCaseMainPhase(TestSuiteExecutor.java:129)
	at com.kms.katalon.core.main.TestSuiteExecutor.accessTestSuiteMainPhase(TestSuiteExecutor.java:112)
	at com.kms.katalon.core.main.TestSuiteExecutor.execute(TestSuiteExecutor.java:81)
	at com.kms.katalon.core.main.TestCaseMain.startTestSuite(TestCaseMain.java:149)
	at com.kms.katalon.core.main.TestCaseMain$startTestSuite$0.call(Unknown Source)
	at TempTestSuite1550738418733.run(TempTestSuite1550738418733.groovy:36)


2019-02-21 18:32:20 - [TEST_STEP][FAILED] - callTestCase(findTestCase("All TC/Arranged/3. Unit/EI/Form 7_default/OTC_Application_Reg"), [:], STOP_ON_FAILURE): callTestCase(findTestCase("All TC/Arranged/3. Unit/EI/Form 7_default/OTC_Application_Reg"), [:], STOP_ON_FAILURE) FAILED.
Reason:
com.kms.katalon.core.exception.StepFailedException: Unable to set text '10/01/2019' of object 'Object Repository/KeatMun/Form 7_default/OTC_Application_Reg/Page_PERKESO/11.Tarikh Terima_stampedDtS' (Root cause: org.openqa.selenium.UnhandledAlertException: unexpected alert open: {Alert text : HARAP MAKLUM

PERMOHONAN FAEDAH SISTEM INSURANS PEKERJAAN HANYA BOLEH DIBUAT BERMULA DARI TARIKH KEHILANGAN PEKERJAAN

Nota: Permohonan hendaklah dibuat dalam tempoh 60 hari dari tarikh kehilangan pekerjaan}
  (Session info: chrome=72.0.3626.109)
  (Driver info: chromedriver=2.43.600210 (68dcf5eebde37173d4027fa8635e332711d2874a),platform=Windows NT 6.1.7601 SP1 x86_64) (WARNING: The server did not provide any stacktrace information)
Command duration or timeout: 0 milliseconds: null
Build info: version: '3.7.1', revision: '8a0099a', time: '2017-11-06T21:07:36.161Z'
System info: host: 'WIN7TEST02', ip: '10.20.3.72', os.name: 'Windows 7', os.arch: 'amd64', os.version: '6.1', java.version: '1.8.0_181'
Driver info: com.kms.katalon.selenium.driver.CChromeDriver
Capabilities {acceptInsecureCerts: false, acceptSslCerts: false, applicationCacheEnabled: false, browserConnectionEnabled: false, browserName: chrome, chrome: {chromedriverVersion: 2.43.600210 (68dcf5eebde371..., userDataDir: C:\Users\Admin\AppData\Loca...}, cssSelectorsEnabled: true, databaseEnabled: false, goog:chromeOptions: {debuggerAddress: localhost:62877}, handlesAlerts: true, hasTouchScreen: false, javascriptEnabled: true, locationContextEnabled: true, mobileEmulationEnabled: false, nativeEvents: true, networkConnectionEnabled: false, pageLoadStrategy: normal, platform: XP, platformName: XP, rotatable: false, setWindowRect: true, takesHeapSnapshot: true, takesScreenshot: true, unexpectedAlertBehaviour: , unhandledPromptBehavior: , version: 72.0.3626.109, webStorageEnabled: true}
Session ID: 99acfe538f52fc5edfc874225a7b1608
*** Element info: {Using=xpath, value=//input[@id = 'stampedDtStr' and @name = 'stampedDtStr' and @type = 'text']})
	at com.kms.katalon.core.keyword.internal.KeywordMain.stepFailed(KeywordMain.groovy:36)
	at com.kms.katalon.core.webui.keyword.internal.WebUIKeywordMain.stepFailed(WebUIKeywordMain.groovy:65)
	at com.kms.katalon.core.webui.keyword.internal.WebUIKeywordMain.runKeyword(WebUIKeywordMain.groovy:27)
	at com.kms.katalon.core.webui.keyword.builtin.SetTextKeyword.setText(SetTextKeyword.groovy:65)
	at com.kms.katalon.core.webui.keyword.builtin.SetTextKeyword.execute(SetTextKeyword.groovy:37)
	at com.kms.katalon.core.keyword.internal.KeywordExecutor.executeKeywordForPlatform(KeywordExecutor.groovy:53)
	at com.kms.katalon.core.webui.keyword.WebUiBuiltInKeywords.setText(WebUiBuiltInKeywords.groovy:950)
	at com.kms.katalon.core.webui.keyword.WebUiBuiltInKeywords$setText$1.call(Unknown Source)
	at OTC_Application_Reg.run(OTC_Application_Reg:91)
	at com.kms.katalon.core.main.ScriptEngine.run(ScriptEngine.java:194)
	at com.kms.katalon.core.main.ScriptEngine.runScriptAsRawText(ScriptEngine.java:119)
	at com.kms.katalon.core.main.TestCaseExecutor.runScript(TestCaseExecutor.java:328)
	at com.kms.katalon.core.main.TestCaseExecutor.doExecute(TestCaseExecutor.java:319)
	at com.kms.katalon.core.main.TestCaseExecutor.processExecutionPhase(TestCaseExecutor.java:298)
	at com.kms.katalon.core.main.TestCaseExecutor.accessMainPhase(TestCaseExecutor.java:290)
	at com.kms.katalon.core.main.TestCaseExecutor.execute(TestCaseExecutor.java:224)
	at com.kms.katalon.core.main.TestCaseMain.runTestCase(TestCaseMain.java:106)
	at com.kms.katalon.core.keyword.builtin.CallTestCaseKeyword$_callTestCase_closure1.doCall(CallTestCaseKeyword.groovy:59)
	at com.kms.katalon.core.keyword.builtin.CallTestCaseKeyword$_callTestCase_closure1.call(CallTestCaseKeyword.groovy)
	at com.kms.katalon.core.keyword.internal.KeywordMain.runKeyword(KeywordMain.groovy:54)
	at com.kms.katalon.core.keyword.builtin.CallTestCaseKeyword.callTestCase(CallTestCaseKeyword.groovy:80)
	at com.kms.katalon.core.keyword.builtin.CallTestCaseKeyword.execute(CallTestCaseKeyword.groovy:44)
	at com.kms.katalon.core.keyword.internal.KeywordExecutor.executeKeywordForPlatform(KeywordExecutor.groovy:53)
	at com.kms.katalon.core.keyword.BuiltinKeywords.callTestCase(BuiltinKeywords.groovy:334)
	at OTC_Submit Form 7_End to End - Cheque.run(OTC_Submit Form 7_End to End - Cheque:16)
	at com.kms.katalon.core.main.ScriptEngine.run(ScriptEngine.java:194)
	at com.kms.katalon.core.main.ScriptEngine.runScriptAsRawText(ScriptEngine.java:119)
	at com.kms.katalon.core.main.TestCaseExecutor.runScript(TestCaseExecutor.java:328)
	at com.kms.katalon.core.main.TestCaseExecutor.doExecute(TestCaseExecutor.java:319)
	at com.kms.katalon.core.main.TestCaseExecutor.processExecutionPhase(TestCaseExecutor.java:298)
	at com.kms.katalon.core.main.TestCaseExecutor.accessMainPhase(TestCaseExecutor.java:290)
	at com.kms.katalon.core.main.TestCaseExecutor.execute(TestCaseExecutor.java:224)
	at com.kms.katalon.core.main.TestCaseMain.runTestCase(TestCaseMain.java:106)
	at com.kms.katalon.core.keyword.builtin.CallTestCaseKeyword$_callTestCase_closure1.doCall(CallTestCaseKeyword.groovy:59)
	at com.kms.katalon.core.keyword.builtin.CallTestCaseKeyword$_callTestCase_closure1.call(CallTestCaseKeyword.groovy)
	at com.kms.katalon.core.keyword.internal.KeywordMain.runKeyword(KeywordMain.groovy:54)
	at com.kms.katalon.core.keyword.builtin.CallTestCaseKeyword.callTestCase(CallTestCaseKeyword.groovy:80)
	at com.kms.katalon.core.keyword.builtin.CallTestCaseKeyword.execute(CallTestCaseKeyword.groovy:44)
	at com.kms.katalon.core.keyword.internal.KeywordExecutor.executeKeywordForPlatform(KeywordExecutor.groovy:53)
	at com.kms.katalon.core.keyword.BuiltinKeywords.callTestCase(BuiltinKeywords.groovy:334)
	at Approve Application - RIA.run(Approve Application - RIA:16)
	at com.kms.katalon.core.main.ScriptEngine.run(ScriptEngine.java:194)
	at com.kms.katalon.core.main.ScriptEngine.runScriptAsRawText(ScriptEngine.java:119)
	at com.kms.katalon.core.main.TestCaseExecutor.runScript(TestCaseExecutor.java:328)
	at com.kms.katalon.core.main.TestCaseExecutor.doExecute(TestCaseExecutor.java:319)
	at com.kms.katalon.core.main.TestCaseExecutor.processExecutionPhase(TestCaseExecutor.java:298)
	at com.kms.katalon.core.main.TestCaseExecutor.accessMainPhase(TestCaseExecutor.java:290)
	at com.kms.katalon.core.main.TestCaseExecutor.execute(TestCaseExecutor.java:224)
	at com.kms.katalon.core.main.TestSuiteExecutor.accessTestCaseMainPhase(TestSuiteExecutor.java:129)
	at com.kms.katalon.core.main.TestSuiteExecutor.accessTestSuiteMainPhase(TestSuiteExecutor.java:112)
	at com.kms.katalon.core.main.TestSuiteExecutor.execute(TestSuiteExecutor.java:81)
	at com.kms.katalon.core.main.TestCaseMain.startTestSuite(TestCaseMain.java:149)
	at com.kms.katalon.core.main.TestCaseMain$startTestSuite$0.call(Unknown Source)
	at TempTestSuite1550738418733.run(TempTestSuite1550738418733.groovy:36)


2019-02-21 18:32:20 - [TEST_CASE][FAILED] - Test Cases/All TC/Arranged/3. Unit/EI/Form 7_default/OTC_Application_Reg: Test Cases/All TC/Arranged/3. Unit/EI/Form 7_default/OTC_Application_Reg FAILED.
Reason:
com.kms.katalon.core.exception.StepFailedException: Unable to set text '10/01/2019' of object 'Object Repository/KeatMun/Form 7_default/OTC_Application_Reg/Page_PERKESO/11.Tarikh Terima_stampedDtS' (Root cause: org.openqa.selenium.UnhandledAlertException: unexpected alert open: {Alert text : HARAP MAKLUM

PERMOHONAN FAEDAH SISTEM INSURANS PEKERJAAN HANYA BOLEH DIBUAT BERMULA DARI TARIKH KEHILANGAN PEKERJAAN

Nota: Permohonan hendaklah dibuat dalam tempoh 60 hari dari tarikh kehilangan pekerjaan}
  (Session info: chrome=72.0.3626.109)
  (Driver info: chromedriver=2.43.600210 (68dcf5eebde37173d4027fa8635e332711d2874a),platform=Windows NT 6.1.7601 SP1 x86_64) (WARNING: The server did not provide any stacktrace information)
Command duration or timeout: 0 milliseconds: null
Build info: version: '3.7.1', revision: '8a0099a', time: '2017-11-06T21:07:36.161Z'
System info: host: 'WIN7TEST02', ip: '10.20.3.72', os.name: 'Windows 7', os.arch: 'amd64', os.version: '6.1', java.version: '1.8.0_181'
Driver info: com.kms.katalon.selenium.driver.CChromeDriver
Capabilities {acceptInsecureCerts: false, acceptSslCerts: false, applicationCacheEnabled: false, browserConnectionEnabled: false, browserName: chrome, chrome: {chromedriverVersion: 2.43.600210 (68dcf5eebde371..., userDataDir: C:\Users\Admin\AppData\Loca...}, cssSelectorsEnabled: true, databaseEnabled: false, goog:chromeOptions: {debuggerAddress: localhost:62877}, handlesAlerts: true, hasTouchScreen: false, javascriptEnabled: true, locationContextEnabled: true, mobileEmulationEnabled: false, nativeEvents: true, networkConnectionEnabled: false, pageLoadStrategy: normal, platform: XP, platformName: XP, rotatable: false, setWindowRect: true, takesHeapSnapshot: true, takesScreenshot: true, unexpectedAlertBehaviour: , unhandledPromptBehavior: , version: 72.0.3626.109, webStorageEnabled: true}
Session ID: 99acfe538f52fc5edfc874225a7b1608
*** Element info: {Using=xpath, value=//input[@id = 'stampedDtStr' and @name = 'stampedDtStr' and @type = 'text']})
	at com.kms.katalon.core.keyword.internal.KeywordMain.stepFailed(KeywordMain.groovy:36)
	at com.kms.katalon.core.webui.keyword.internal.WebUIKeywordMain.stepFailed(WebUIKeywordMain.groovy:65)
	at com.kms.katalon.core.webui.keyword.internal.WebUIKeywordMain.runKeyword(WebUIKeywordMain.groovy:27)
	at com.kms.katalon.core.webui.keyword.builtin.SetTextKeyword.setText(SetTextKeyword.groovy:65)
	at com.kms.katalon.core.webui.keyword.builtin.SetTextKeyword.execute(SetTextKeyword.groovy:37)
	at com.kms.katalon.core.keyword.internal.KeywordExecutor.executeKeywordForPlatform(KeywordExecutor.groovy:53)
	at com.kms.katalon.core.webui.keyword.WebUiBuiltInKeywords.setText(WebUiBuiltInKeywords.groovy:950)
	at com.kms.katalon.core.webui.keyword.WebUiBuiltInKeywords$setText$1.call(Unknown Source)
	at OTC_Application_Reg.run(OTC_Application_Reg:91)
	at com.kms.katalon.core.main.ScriptEngine.run(ScriptEngine.java:194)
	at com.kms.katalon.core.main.ScriptEngine.runScriptAsRawText(ScriptEngine.java:119)
	at com.kms.katalon.core.main.TestCaseExecutor.runScript(TestCaseExecutor.java:328)
	at com.kms.katalon.core.main.TestCaseExecutor.doExecute(TestCaseExecutor.java:319)
	at com.kms.katalon.core.main.TestCaseExecutor.processExecutionPhase(TestCaseExecutor.java:298)
	at com.kms.katalon.core.main.TestCaseExecutor.accessMainPhase(TestCaseExecutor.java:290)
	at com.kms.katalon.core.main.TestCaseExecutor.execute(TestCaseExecutor.java:224)
	at com.kms.katalon.core.main.TestCaseMain.runTestCase(TestCaseMain.java:106)
	at com.kms.katalon.core.keyword.builtin.CallTestCaseKeyword$_callTestCase_closure1.doCall(CallTestCaseKeyword.groovy:59)
	at com.kms.katalon.core.keyword.builtin.CallTestCaseKeyword$_callTestCase_closure1.call(CallTestCaseKeyword.groovy)
	at com.kms.katalon.core.keyword.internal.KeywordMain.runKeyword(KeywordMain.groovy:54)
	at com.kms.katalon.core.keyword.builtin.CallTestCaseKeyword.callTestCase(CallTestCaseKeyword.groovy:80)
	at com.kms.katalon.core.keyword.builtin.CallTestCaseKeyword.execute(CallTestCaseKeyword.groovy:44)
	at com.kms.katalon.core.keyword.internal.KeywordExecutor.executeKeywordForPlatform(KeywordExecutor.groovy:53)
	at com.kms.katalon.core.keyword.BuiltinKeywords.callTestCase(BuiltinKeywords.groovy:334)
	at OTC_Submit Form 7_End to End - Cheque.run(OTC_Submit Form 7_End to End - Cheque:16)
	at com.kms.katalon.core.main.ScriptEngine.run(ScriptEngine.java:194)
	at com.kms.katalon.core.main.ScriptEngine.runScriptAsRawText(ScriptEngine.java:119)
	at com.kms.katalon.core.main.TestCaseExecutor.runScript(TestCaseExecutor.java:328)
	at com.kms.katalon.core.main.TestCaseExecutor.doExecute(TestCaseExecutor.java:319)
	at com.kms.katalon.core.main.TestCaseExecutor.processExecutionPhase(TestCaseExecutor.java:298)
	at com.kms.katalon.core.main.TestCaseExecutor.accessMainPhase(TestCaseExecutor.java:290)
	at com.kms.katalon.core.main.TestCaseExecutor.execute(TestCaseExecutor.java:224)
	at com.kms.katalon.core.main.TestCaseMain.runTestCase(TestCaseMain.java:106)
	at com.kms.katalon.core.keyword.builtin.CallTestCaseKeyword$_callTestCase_closure1.doCall(CallTestCaseKeyword.groovy:59)
	at com.kms.katalon.core.keyword.builtin.CallTestCaseKeyword$_callTestCase_closure1.call(CallTestCaseKeyword.groovy)
	at com.kms.katalon.core.keyword.internal.KeywordMain.runKeyword(KeywordMain.groovy:54)
	at com.kms.katalon.core.keyword.builtin.CallTestCaseKeyword.callTestCase(CallTestCaseKeyword.groovy:80)
	at com.kms.katalon.core.keyword.builtin.CallTestCaseKeyword.execute(CallTestCaseKeyword.groovy:44)
	at com.kms.katalon.core.keyword.internal.KeywordExecutor.executeKeywordForPlatform(KeywordExecutor.groovy:53)
	at com.kms.katalon.core.keyword.BuiltinKeywords.callTestCase(BuiltinKeywords.groovy:334)
	at Approve Application - RIA.run(Approve Application - RIA:16)
	at com.kms.katalon.core.main.ScriptEngine.run(ScriptEngine.java:194)
	at com.kms.katalon.core.main.ScriptEngine.runScriptAsRawText(ScriptEngine.java:119)
	at com.kms.katalon.core.main.TestCaseExecutor.runScript(TestCaseExecutor.java:328)
	at com.kms.katalon.core.main.TestCaseExecutor.doExecute(TestCaseExecutor.java:319)
	at com.kms.katalon.core.main.TestCaseExecutor.processExecutionPhase(TestCaseExecutor.java:298)
	at com.kms.katalon.core.main.TestCaseExecutor.accessMainPhase(TestCaseExecutor.java:290)
	at com.kms.katalon.core.main.TestCaseExecutor.execute(TestCaseExecutor.java:224)
	at com.kms.katalon.core.main.TestSuiteExecutor.accessTestCaseMainPhase(TestSuiteExecutor.java:129)
	at com.kms.katalon.core.main.TestSuiteExecutor.accessTestSuiteMainPhase(TestSuiteExecutor.java:112)
	at com.kms.katalon.core.main.TestSuiteExecutor.execute(TestSuiteExecutor.java:81)
	at com.kms.katalon.core.main.TestCaseMain.startTestSuite(TestCaseMain.java:149)
	at com.kms.katalon.core.main.TestCaseMain$startTestSuite$0.call(Unknown Source)
	at TempTestSuite1550738418733.run(TempTestSuite1550738418733.groovy:36)


2019-02-21 18:32:20 - [TEST_STEP][PASSED] - openBrowser(""): Browser is opened with url: ''

2019-02-21 18:32:20 - [MESSAGE][WARNING] - A browser is already opened. Closing browser and opening a new one

2019-02-21 18:32:21 - [MESSAGE][INFO] - Starting 'Chrome' driver

2019-02-21 18:32:21 - [MESSAGE][INFO] - User set preference: ['args', '[--start-maximized]']

2019-02-21 18:32:23 - [MESSAGE][PASSED] - Browser is opened with url: ''

2019-02-21 18:32:23 - [TEST_STEP][PASSED] - navigateToUrl(Internal_Login): Navigate to 'http://10.20.24.188/eisportal/user/login' successfully

2019-02-21 18:32:24 - [MESSAGE][PASSED] - Navigate to 'http://10.20.24.188/eisportal/user/login' successfully

2019-02-21 18:32:24 - [TEST_STEP][PASSED] - delay(3): Delayed 3 second(s)

2019-02-21 18:32:27 - [MESSAGE][PASSED] - Delayed 3 second(s)

2019-02-21 18:32:27 - [TEST_STEP][PASSED] - setText(findTestObject("KeatMun/Form 7_default/OTC_Application_Reg/Page_PERKESO/1.username"), "faizal.hamid@perkeso.gov.my"): Text 'faizal.hamid@perkeso.gov.my' is set on object 'Object Repository/KeatMun/Form 7_default/OTC_Application_Reg/Page_PERKESO/1.username'

2019-02-21 18:32:27 - [MESSAGE][PASSED] - Text 'faizal.hamid@perkeso.gov.my' is set on object 'Object Repository/KeatMun/Form 7_default/OTC_Application_Reg/Page_PERKESO/1.username'

2019-02-21 18:32:27 - [TEST_STEP][PASSED] - delay(1): Delayed 1 second(s)

2019-02-21 18:32:28 - [MESSAGE][PASSED] - Delayed 1 second(s)

2019-02-21 18:32:28 - [TEST_STEP][PASSED] - setEncryptedText(findTestObject("KeatMun/Form 7_default/OTC_Application_Reg/Page_PERKESO/2.password"), "CQqwFZlbeC8="): Text ****** has been set on object 'Object Repository/KeatMun/Form 7_default/OTC_Application_Reg/Page_PERKESO/2.password'

2019-02-21 18:32:28 - [MESSAGE][PASSED] - Text ****** has been set on object 'Object Repository/KeatMun/Form 7_default/OTC_Application_Reg/Page_PERKESO/2.password'

2019-02-21 18:32:28 - [TEST_STEP][PASSED] - delay(2): Delayed 2 second(s)

2019-02-21 18:32:30 - [MESSAGE][PASSED] - Delayed 2 second(s)

2019-02-21 18:32:30 - [TEST_STEP][PASSED] - click(findTestObject("KeatMun/Form 7_default/OTC_Application_Reg/Page_PERKESO/3.login button")): Object: 'Object Repository/KeatMun/Form 7_default/OTC_Application_Reg/Page_PERKESO/3.login button' is clicked on

2019-02-21 18:32:32 - [MESSAGE][PASSED] - Object: 'Object Repository/KeatMun/Form 7_default/OTC_Application_Reg/Page_PERKESO/3.login button' is clicked on

2019-02-21 18:32:32 - [TEST_STEP][PASSED] - delay(2): Delayed 2 second(s)

2019-02-21 18:32:34 - [MESSAGE][PASSED] - Delayed 2 second(s)

2019-02-21 18:32:34 - [TEST_STEP][PASSED] - click(findTestObject("KeatMun/Form 7_default/OTC_Application_Reg/Page_PERKESO/4. Permohonan tab")): Object: 'Object Repository/KeatMun/Form 7_default/OTC_Application_Reg/Page_PERKESO/4. Permohonan tab' is clicked on

2019-02-21 18:32:34 - [MESSAGE][PASSED] - Object: 'Object Repository/KeatMun/Form 7_default/OTC_Application_Reg/Page_PERKESO/4. Permohonan tab' is clicked on

2019-02-21 18:32:34 - [TEST_STEP][PASSED] - delay(2): Delayed 2 second(s)

2019-02-21 18:32:36 - [MESSAGE][PASSED] - Delayed 2 second(s)

2019-02-21 18:32:36 - [TEST_STEP][PASSED] - click(findTestObject("KeatMun/Form 7_default/OTC_Application_Reg/Page_PERKESO/5.button_Setuju")): Object: 'Object Repository/KeatMun/Form 7_default/OTC_Application_Reg/Page_PERKESO/5.button_Setuju' is clicked on

2019-02-21 18:32:37 - [MESSAGE][PASSED] - Object: 'Object Repository/KeatMun/Form 7_default/OTC_Application_Reg/Page_PERKESO/5.button_Setuju' is clicked on

2019-02-21 18:32:37 - [TEST_STEP][PASSED] - delay(2): Delayed 2 second(s)

2019-02-21 18:32:39 - [MESSAGE][PASSED] - Delayed 2 second(s)

2019-02-21 18:32:39 - [TEST_STEP][PASSED] - callTestCase(findTestCase("All TC/Arranged/1. Common/IC List Checker"), [:], STOP_ON_FAILURE): Call Test Case 'Test Cases/All TC/Arranged/1. Common/IC List Checker' successfully

2019-02-21 18:32:39 - [TEST_CASE][PASSED] - Test Cases/All TC/Arranged/1. Common/IC List Checker: Test Cases/All TC/Arranged/1. Common/IC List Checker

2019-02-21 18:32:39 - [TEST_STEP][PASSED] - counter = 0: null

2019-02-21 18:32:39 - [TEST_STEP][PASSED] - fis = new java.io.FileInputStream((internal.GlobalVariable.TextFilePathCommon + \IC.xlsx)): null

2019-02-21 18:32:39 - [TEST_STEP][PASSED] - workbook = new org.apache.poi.xssf.usermodel.XSSFWorkbook(fis): null

2019-02-21 18:32:39 - [TEST_STEP][PASSED] - sheet = workbook.getSheet("Sheet1"): null

2019-02-21 18:32:39 - [TEST_STEP][PASSED] - totalRow = sheet.getLastRowNum(): null

2019-02-21 18:32:39 - [TEST_STEP][PASSED] - out.println(totalRow): null

2019-02-21 18:32:39 - [TEST_STEP][PASSED] - row = sheet.getRow(counter): null

2019-02-21 18:32:39 - [TEST_STEP][PASSED] - cell = row.getCell(counter): null

2019-02-21 18:32:39 - [TEST_STEP][PASSED] - a = cell.getStringCellValue(): null

2019-02-21 18:32:39 - [TEST_STEP][PASSED] - IC = a: null

2019-02-21 18:32:39 - [TEST_STEP][PASSED] - out.println(IC): null

2019-02-21 18:32:39 - [TEST_STEP][PASSED] - callTestCase(findTestCase("All TC/Arranged/1. Common/1.2 Setter/Setter IC"), [:], STOP_ON_FAILURE): Call Test Case 'Test Cases/All TC/Arranged/1. Common/1.2 Setter/Setter IC' successfully

2019-02-21 18:32:39 - [TEST_CASE][PASSED] - Test Cases/All TC/Arranged/1. Common/1.2 Setter/Setter IC: Test Cases/All TC/Arranged/1. Common/1.2 Setter/Setter IC

2019-02-21 18:32:39 - [TEST_STEP][PASSED] - RefNoOldFile = new java.io.File((internal.GlobalVariable.TextFilePathCommon + \getIC.txt)): null

2019-02-21 18:32:39 - [TEST_STEP][PASSED] - RefNoOldFile.delete(): null

2019-02-21 18:32:39 - [TEST_STEP][PASSED] - delay(5): Delayed 5 second(s)

2019-02-21 18:32:44 - [MESSAGE][PASSED] - Delayed 5 second(s)

2019-02-21 18:32:44 - [TEST_STEP][PASSED] - RefNo = new java.io.File((internal.GlobalVariable.TextFilePathCommon + \getIC.txt)): null

2019-02-21 18:32:44 - [TEST_STEP][PASSED] - f2 = new java.io.FileWriter(RefNo, false): null

2019-02-21 18:32:44 - [TEST_STEP][PASSED] - f2.write(IC): null

2019-02-21 18:32:44 - [TEST_STEP][PASSED] - f2.close(): null

2019-02-21 18:32:44 - [TEST_STEP][PASSED] - out.println("


" + IC + "


"): null

2019-02-21 18:32:44 - [MESSAGE][PASSED] - Call Test Case 'Test Cases/All TC/Arranged/1. Common/1.2 Setter/Setter IC' successfully

2019-02-21 18:32:44 - [MESSAGE][PASSED] - Call Test Case 'Test Cases/All TC/Arranged/1. Common/IC List Checker' successfully

2019-02-21 18:32:44 - [TEST_STEP][PASSED] - setText(findTestObject("KeatMun/Form 7_default/OTC_Application_Reg/Page_PERKESO/6.No. Kad Pengenalan"), IC): Text '541115045367' is set on object 'Object Repository/KeatMun/Form 7_default/OTC_Application_Reg/Page_PERKESO/6.No. Kad Pengenalan'

2019-02-21 18:32:45 - [MESSAGE][PASSED] - Text '541115045367' is set on object 'Object Repository/KeatMun/Form 7_default/OTC_Application_Reg/Page_PERKESO/6.No. Kad Pengenalan'

2019-02-21 18:32:45 - [TEST_STEP][PASSED] - delay(2): Delayed 2 second(s)

2019-02-21 18:32:47 - [MESSAGE][PASSED] - Delayed 2 second(s)

2019-02-21 18:32:47 - [TEST_STEP][PASSED] - click(findTestObject("KeatMun/Form 7_default/OTC_Application_Reg/Page_PERKESO/7.button_Semak")): Object: 'Object Repository/KeatMun/Form 7_default/OTC_Application_Reg/Page_PERKESO/7.button_Semak' is clicked on

2019-02-21 18:32:47 - [MESSAGE][PASSED] - Object: 'Object Repository/KeatMun/Form 7_default/OTC_Application_Reg/Page_PERKESO/7.button_Semak' is clicked on

2019-02-21 18:32:47 - [TEST_STEP][PASSED] - delay(4): Delayed 4 second(s)

2019-02-21 18:32:51 - [MESSAGE][PASSED] - Delayed 4 second(s)

2019-02-21 18:32:51 - [TEST_STEP][PASSED] - click(findTestObject("KeatMun/Form 7_default/OTC_Application_Reg/Page_PERKESO/8. Nama Majikan Dropdown")): Object: 'Object Repository/KeatMun/Form 7_default/OTC_Application_Reg/Page_PERKESO/8. Nama Majikan Dropdown' is clicked on

2019-02-21 18:32:51 - [MESSAGE][PASSED] - Object: 'Object Repository/KeatMun/Form 7_default/OTC_Application_Reg/Page_PERKESO/8. Nama Majikan Dropdown' is clicked on

2019-02-21 18:32:51 - [TEST_STEP][PASSED] - setText(findTestObject("KeatMun/Form 7_default/OTC_Application_Reg/Page_PERKESO/8. LOE emp"), "pet"): Text 'pet' is set on object 'Object Repository/KeatMun/Form 7_default/OTC_Application_Reg/Page_PERKESO/8. LOE emp'

2019-02-21 18:32:51 - [MESSAGE][PASSED] - Text 'pet' is set on object 'Object Repository/KeatMun/Form 7_default/OTC_Application_Reg/Page_PERKESO/8. LOE emp'

2019-02-21 18:32:51 - [TEST_STEP][PASSED] - click(findTestObject("KeatMun/Form 7_default/OTC_Application_Reg/Page_PERKESO/8. PETRONAS")): Object: 'Object Repository/KeatMun/Form 7_default/OTC_Application_Reg/Page_PERKESO/8. PETRONAS' is clicked on

2019-02-21 18:32:51 - [MESSAGE][PASSED] - Object: 'Object Repository/KeatMun/Form 7_default/OTC_Application_Reg/Page_PERKESO/8. PETRONAS' is clicked on

2019-02-21 18:32:51 - [TEST_STEP][PASSED] - delay(2): Delayed 2 second(s)

2019-02-21 18:32:53 - [MESSAGE][PASSED] - Delayed 2 second(s)

2019-02-21 18:32:53 - [TEST_STEP][PASSED] - TodayDate = new java.util.Date(): null

2019-02-21 18:32:53 - [TEST_STEP][PASSED] - CurrentDateNoFilter = new java.text.SimpleDateFormat(): null

2019-02-21 18:32:53 - [TEST_STEP][PASSED] - CurrentDateNoFilter.applyPattern("dd/MM/yyyy"): null

2019-02-21 18:32:53 - [TEST_STEP][PASSED] - CurrentDate = CurrentDateNoFilter.format(TodayDate): null

2019-02-21 18:32:53 - [TEST_STEP][PASSED] - out.println(CurrentDate): null

2019-02-21 18:32:53 - [TEST_STEP][PASSED] - date = CurrentDate: null

2019-02-21 18:32:53 - [TEST_STEP][PASSED] - setText(findTestObject("KeatMun/Form 7_default/OTC_Application_Reg/Page_PERKESO/9.Tarikh kehilangan pkj"), date): Text '21/02/2019' is set on object 'Object Repository/KeatMun/Form 7_default/OTC_Application_Reg/Page_PERKESO/9.Tarikh kehilangan pkj'

2019-02-21 18:32:54 - [MESSAGE][PASSED] - Text '21/02/2019' is set on object 'Object Repository/KeatMun/Form 7_default/OTC_Application_Reg/Page_PERKESO/9.Tarikh kehilangan pkj'

2019-02-21 18:32:54 - [TEST_STEP][PASSED] - delay(2): Delayed 2 second(s)

2019-02-21 18:32:56 - [MESSAGE][PASSED] - Delayed 2 second(s)

2019-02-21 18:32:56 - [TEST_STEP][PASSED] - click(findTestObject("KeatMun/Form 7_default/OTC_Application_Reg/Page_PERKESO/9. Date Picker Done Button ")): Object: 'Object Repository/KeatMun/Form 7_default/OTC_Application_Reg/Page_PERKESO/9. Date Picker Done Button ' is clicked on

2019-02-21 18:32:56 - [MESSAGE][PASSED] - Object: 'Object Repository/KeatMun/Form 7_default/OTC_Application_Reg/Page_PERKESO/9. Date Picker Done Button ' is clicked on

2019-02-21 18:32:56 - [TEST_STEP][PASSED] - delay(2): Delayed 2 second(s)

2019-02-21 18:32:58 - [MESSAGE][PASSED] - Delayed 2 second(s)

2019-02-21 18:32:58 - [TEST_STEP][PASSED] - click(findTestObject("KeatMun/Form 7_default/OTC_Application_Reg/Page_PERKESO/10.button_Mohon")): Object: 'Object Repository/KeatMun/Form 7_default/OTC_Application_Reg/Page_PERKESO/10.button_Mohon' is clicked on

2019-02-21 18:32:58 - [MESSAGE][PASSED] - Object: 'Object Repository/KeatMun/Form 7_default/OTC_Application_Reg/Page_PERKESO/10.button_Mohon' is clicked on

2019-02-21 18:32:58 - [TEST_STEP][PASSED] - delay(2): Delayed 2 second(s)

2019-02-21 18:33:00 - [MESSAGE][PASSED] - Delayed 2 second(s)

2019-02-21 18:33:00 - [TEST_STEP][FAILED] - setText(findTestObject("KeatMun/Form 7_default/OTC_Application_Reg/Page_PERKESO/11.Tarikh Terima_stampedDtS"), "10/01/2019"): setText(findTestObject("KeatMun/Form 7_default/OTC_Application_Reg/Page_PERKESO/11.Tarikh Terima_stampedDtS"), "10/01/2019") FAILED.
Reason:
com.kms.katalon.core.exception.StepFailedException: Unable to set text '10/01/2019' of object 'Object Repository/KeatMun/Form 7_default/OTC_Application_Reg/Page_PERKESO/11.Tarikh Terima_stampedDtS' (Root cause: org.openqa.selenium.UnhandledAlertException: unexpected alert open: {Alert text : HARAP MAKLUM

PERMOHONAN FAEDAH SISTEM INSURANS PEKERJAAN HANYA BOLEH DIBUAT BERMULA DARI TARIKH KEHILANGAN PEKERJAAN

Nota: Permohonan hendaklah dibuat dalam tempoh 60 hari dari tarikh kehilangan pekerjaan}
  (Session info: chrome=72.0.3626.109)
  (Driver info: chromedriver=2.43.600210 (68dcf5eebde37173d4027fa8635e332711d2874a),platform=Windows NT 6.1.7601 SP1 x86_64) (WARNING: The server did not provide any stacktrace information)
Command duration or timeout: 0 milliseconds: null
Build info: version: '3.7.1', revision: '8a0099a', time: '2017-11-06T21:07:36.161Z'
System info: host: 'WIN7TEST02', ip: '10.20.3.72', os.name: 'Windows 7', os.arch: 'amd64', os.version: '6.1', java.version: '1.8.0_181'
Driver info: com.kms.katalon.selenium.driver.CChromeDriver
Capabilities {acceptInsecureCerts: false, acceptSslCerts: false, applicationCacheEnabled: false, browserConnectionEnabled: false, browserName: chrome, chrome: {chromedriverVersion: 2.43.600210 (68dcf5eebde371..., userDataDir: C:\Users\Admin\AppData\Loca...}, cssSelectorsEnabled: true, databaseEnabled: false, goog:chromeOptions: {debuggerAddress: localhost:62877}, handlesAlerts: true, hasTouchScreen: false, javascriptEnabled: true, locationContextEnabled: true, mobileEmulationEnabled: false, nativeEvents: true, networkConnectionEnabled: false, pageLoadStrategy: normal, platform: XP, platformName: XP, rotatable: false, setWindowRect: true, takesHeapSnapshot: true, takesScreenshot: true, unexpectedAlertBehaviour: , unhandledPromptBehavior: , version: 72.0.3626.109, webStorageEnabled: true}
Session ID: 99acfe538f52fc5edfc874225a7b1608
*** Element info: {Using=xpath, value=//input[@id = 'stampedDtStr' and @name = 'stampedDtStr' and @type = 'text']})
	at com.kms.katalon.core.keyword.internal.KeywordMain.stepFailed(KeywordMain.groovy:36)
	at com.kms.katalon.core.webui.keyword.internal.WebUIKeywordMain.stepFailed(WebUIKeywordMain.groovy:65)
	at com.kms.katalon.core.webui.keyword.internal.WebUIKeywordMain.runKeyword(WebUIKeywordMain.groovy:27)
	at com.kms.katalon.core.webui.keyword.builtin.SetTextKeyword.setText(SetTextKeyword.groovy:65)
	at com.kms.katalon.core.webui.keyword.builtin.SetTextKeyword.execute(SetTextKeyword.groovy:37)
	at com.kms.katalon.core.keyword.internal.KeywordExecutor.executeKeywordForPlatform(KeywordExecutor.groovy:53)
	at com.kms.katalon.core.webui.keyword.WebUiBuiltInKeywords.setText(WebUiBuiltInKeywords.groovy:950)
	at com.kms.katalon.core.webui.keyword.WebUiBuiltInKeywords$setText$1.call(Unknown Source)
	at OTC_Application_Reg.run(OTC_Application_Reg:91)
	at com.kms.katalon.core.main.ScriptEngine.run(ScriptEngine.java:194)
	at com.kms.katalon.core.main.ScriptEngine.runScriptAsRawText(ScriptEngine.java:119)
	at com.kms.katalon.core.main.TestCaseExecutor.runScript(TestCaseExecutor.java:328)
	at com.kms.katalon.core.main.TestCaseExecutor.doExecute(TestCaseExecutor.java:319)
	at com.kms.katalon.core.main.TestCaseExecutor.processExecutionPhase(TestCaseExecutor.java:298)
	at com.kms.katalon.core.main.TestCaseExecutor.accessMainPhase(TestCaseExecutor.java:290)
	at com.kms.katalon.core.main.TestCaseExecutor.execute(TestCaseExecutor.java:224)
	at com.kms.katalon.core.main.TestCaseMain.runTestCase(TestCaseMain.java:106)
	at com.kms.katalon.core.keyword.builtin.CallTestCaseKeyword$_callTestCase_closure1.doCall(CallTestCaseKeyword.groovy:59)
	at com.kms.katalon.core.keyword.builtin.CallTestCaseKeyword$_callTestCase_closure1.call(CallTestCaseKeyword.groovy)
	at com.kms.katalon.core.keyword.internal.KeywordMain.runKeyword(KeywordMain.groovy:54)
	at com.kms.katalon.core.keyword.builtin.CallTestCaseKeyword.callTestCase(CallTestCaseKeyword.groovy:80)
	at com.kms.katalon.core.keyword.builtin.CallTestCaseKeyword.execute(CallTestCaseKeyword.groovy:44)
	at com.kms.katalon.core.keyword.internal.KeywordExecutor.executeKeywordForPlatform(KeywordExecutor.groovy:53)
	at com.kms.katalon.core.keyword.BuiltinKeywords.callTestCase(BuiltinKeywords.groovy:334)
	at OTC_Submit Form 7_End to End - Cheque.run(OTC_Submit Form 7_End to End - Cheque:16)
	at com.kms.katalon.core.main.ScriptEngine.run(ScriptEngine.java:194)
	at com.kms.katalon.core.main.ScriptEngine.runScriptAsRawText(ScriptEngine.java:119)
	at com.kms.katalon.core.main.TestCaseExecutor.runScript(TestCaseExecutor.java:328)
	at com.kms.katalon.core.main.TestCaseExecutor.doExecute(TestCaseExecutor.java:319)
	at com.kms.katalon.core.main.TestCaseExecutor.processExecutionPhase(TestCaseExecutor.java:298)
	at com.kms.katalon.core.main.TestCaseExecutor.accessMainPhase(TestCaseExecutor.java:290)
	at com.kms.katalon.core.main.TestCaseExecutor.execute(TestCaseExecutor.java:224)
	at com.kms.katalon.core.main.TestCaseMain.runTestCase(TestCaseMain.java:106)
	at com.kms.katalon.core.keyword.builtin.CallTestCaseKeyword$_callTestCase_closure1.doCall(CallTestCaseKeyword.groovy:59)
	at com.kms.katalon.core.keyword.builtin.CallTestCaseKeyword$_callTestCase_closure1.call(CallTestCaseKeyword.groovy)
	at com.kms.katalon.core.keyword.internal.KeywordMain.runKeyword(KeywordMain.groovy:54)
	at com.kms.katalon.core.keyword.builtin.CallTestCaseKeyword.callTestCase(CallTestCaseKeyword.groovy:80)
	at com.kms.katalon.core.keyword.builtin.CallTestCaseKeyword.execute(CallTestCaseKeyword.groovy:44)
	at com.kms.katalon.core.keyword.internal.KeywordExecutor.executeKeywordForPlatform(KeywordExecutor.groovy:53)
	at com.kms.katalon.core.keyword.BuiltinKeywords.callTestCase(BuiltinKeywords.groovy:334)
	at Approve Application - RIA.run(Approve Application - RIA:16)
	at com.kms.katalon.core.main.ScriptEngine.run(ScriptEngine.java:194)
	at com.kms.katalon.core.main.ScriptEngine.runScriptAsRawText(ScriptEngine.java:119)
	at com.kms.katalon.core.main.TestCaseExecutor.runScript(TestCaseExecutor.java:328)
	at com.kms.katalon.core.main.TestCaseExecutor.doExecute(TestCaseExecutor.java:319)
	at com.kms.katalon.core.main.TestCaseExecutor.processExecutionPhase(TestCaseExecutor.java:298)
	at com.kms.katalon.core.main.TestCaseExecutor.accessMainPhase(TestCaseExecutor.java:290)
	at com.kms.katalon.core.main.TestCaseExecutor.execute(TestCaseExecutor.java:224)
	at com.kms.katalon.core.main.TestSuiteExecutor.accessTestCaseMainPhase(TestSuiteExecutor.java:129)
	at com.kms.katalon.core.main.TestSuiteExecutor.accessTestSuiteMainPhase(TestSuiteExecutor.java:112)
	at com.kms.katalon.core.main.TestSuiteExecutor.execute(TestSuiteExecutor.java:81)
	at com.kms.katalon.core.main.TestCaseMain.startTestSuite(TestCaseMain.java:149)
	at com.kms.katalon.core.main.TestCaseMain$startTestSuite$0.call(Unknown Source)
	at TempTestSuite1550738418733.run(TempTestSuite1550738418733.groovy:36)


2019-02-21 18:33:00 - [MESSAGE][WARNING] - Cannot take screenshot

2019-02-21 18:33:00 - [MESSAGE][FAILED] - Unable to set text '10/01/2019' of object 'Object Repository/KeatMun/Form 7_default/OTC_Application_Reg/Page_PERKESO/11.Tarikh Terima_stampedDtS' (Root cause: org.openqa.selenium.UnhandledAlertException: unexpected alert open: {Alert text : HARAP MAKLUM

PERMOHONAN FAEDAH SISTEM INSURANS PEKERJAAN HANYA BOLEH DIBUAT BERMULA DARI TARIKH KEHILANGAN PEKERJAAN

Nota: Permohonan hendaklah dibuat dalam tempoh 60 hari dari tarikh kehilangan pekerjaan}
  (Session info: chrome=72.0.3626.109)
  (Driver info: chromedriver=2.43.600210 (68dcf5eebde37173d4027fa8635e332711d2874a),platform=Windows NT 6.1.7601 SP1 x86_64) (WARNING: The server did not provide any stacktrace information)
Command duration or timeout: 0 milliseconds: null
Build info: version: '3.7.1', revision: '8a0099a', time: '2017-11-06T21:07:36.161Z'
System info: host: 'WIN7TEST02', ip: '10.20.3.72', os.name: 'Windows 7', os.arch: 'amd64', os.version: '6.1', java.version: '1.8.0_181'
Driver info: com.kms.katalon.selenium.driver.CChromeDriver
Capabilities {acceptInsecureCerts: false, acceptSslCerts: false, applicationCacheEnabled: false, browserConnectionEnabled: false, browserName: chrome, chrome: {chromedriverVersion: 2.43.600210 (68dcf5eebde371..., userDataDir: C:\Users\Admin\AppData\Loca...}, cssSelectorsEnabled: true, databaseEnabled: false, goog:chromeOptions: {debuggerAddress: localhost:62877}, handlesAlerts: true, hasTouchScreen: false, javascriptEnabled: true, locationContextEnabled: true, mobileEmulationEnabled: false, nativeEvents: true, networkConnectionEnabled: false, pageLoadStrategy: normal, platform: XP, platformName: XP, rotatable: false, setWindowRect: true, takesHeapSnapshot: true, takesScreenshot: true, unexpectedAlertBehaviour: , unhandledPromptBehavior: , version: 72.0.3626.109, webStorageEnabled: true}
Session ID: 99acfe538f52fc5edfc874225a7b1608
*** Element info: {Using=xpath, value=//input[@id = 'stampedDtStr' and @name = 'stampedDtStr' and @type = 'text']})

2019-02-21 18:33:00 - [MESSAGE][FAILED] - setText(findTestObject("KeatMun/Form 7_default/OTC_Application_Reg/Page_PERKESO/11.Tarikh Terima_stampedDtS"), "10/01/2019") FAILED.
Reason:
com.kms.katalon.core.exception.StepFailedException: Unable to set text '10/01/2019' of object 'Object Repository/KeatMun/Form 7_default/OTC_Application_Reg/Page_PERKESO/11.Tarikh Terima_stampedDtS' (Root cause: org.openqa.selenium.UnhandledAlertException: unexpected alert open: {Alert text : HARAP MAKLUM

PERMOHONAN FAEDAH SISTEM INSURANS PEKERJAAN HANYA BOLEH DIBUAT BERMULA DARI TARIKH KEHILANGAN PEKERJAAN

Nota: Permohonan hendaklah dibuat dalam tempoh 60 hari dari tarikh kehilangan pekerjaan}
  (Session info: chrome=72.0.3626.109)
  (Driver info: chromedriver=2.43.600210 (68dcf5eebde37173d4027fa8635e332711d2874a),platform=Windows NT 6.1.7601 SP1 x86_64) (WARNING: The server did not provide any stacktrace information)
Command duration or timeout: 0 milliseconds: null
Build info: version: '3.7.1', revision: '8a0099a', time: '2017-11-06T21:07:36.161Z'
System info: host: 'WIN7TEST02', ip: '10.20.3.72', os.name: 'Windows 7', os.arch: 'amd64', os.version: '6.1', java.version: '1.8.0_181'
Driver info: com.kms.katalon.selenium.driver.CChromeDriver
Capabilities {acceptInsecureCerts: false, acceptSslCerts: false, applicationCacheEnabled: false, browserConnectionEnabled: false, browserName: chrome, chrome: {chromedriverVersion: 2.43.600210 (68dcf5eebde371..., userDataDir: C:\Users\Admin\AppData\Loca...}, cssSelectorsEnabled: true, databaseEnabled: false, goog:chromeOptions: {debuggerAddress: localhost:62877}, handlesAlerts: true, hasTouchScreen: false, javascriptEnabled: true, locationContextEnabled: true, mobileEmulationEnabled: false, nativeEvents: true, networkConnectionEnabled: false, pageLoadStrategy: normal, platform: XP, platformName: XP, rotatable: false, setWindowRect: true, takesHeapSnapshot: true, takesScreenshot: true, unexpectedAlertBehaviour: , unhandledPromptBehavior: , version: 72.0.3626.109, webStorageEnabled: true}
Session ID: 99acfe538f52fc5edfc874225a7b1608
*** Element info: {Using=xpath, value=//input[@id = 'stampedDtStr' and @name = 'stampedDtStr' and @type = 'text']})
	at com.kms.katalon.core.keyword.internal.KeywordMain.stepFailed(KeywordMain.groovy:36)
	at com.kms.katalon.core.webui.keyword.internal.WebUIKeywordMain.stepFailed(WebUIKeywordMain.groovy:65)
	at com.kms.katalon.core.webui.keyword.internal.WebUIKeywordMain.runKeyword(WebUIKeywordMain.groovy:27)
	at com.kms.katalon.core.webui.keyword.builtin.SetTextKeyword.setText(SetTextKeyword.groovy:65)
	at com.kms.katalon.core.webui.keyword.builtin.SetTextKeyword.execute(SetTextKeyword.groovy:37)
	at com.kms.katalon.core.keyword.internal.KeywordExecutor.executeKeywordForPlatform(KeywordExecutor.groovy:53)
	at com.kms.katalon.core.webui.keyword.WebUiBuiltInKeywords.setText(WebUiBuiltInKeywords.groovy:950)
	at com.kms.katalon.core.webui.keyword.WebUiBuiltInKeywords$setText$1.call(Unknown Source)
	at OTC_Application_Reg.run(OTC_Application_Reg:91)
	at com.kms.katalon.core.main.ScriptEngine.run(ScriptEngine.java:194)
	at com.kms.katalon.core.main.ScriptEngine.runScriptAsRawText(ScriptEngine.java:119)
	at com.kms.katalon.core.main.TestCaseExecutor.runScript(TestCaseExecutor.java:328)
	at com.kms.katalon.core.main.TestCaseExecutor.doExecute(TestCaseExecutor.java:319)
	at com.kms.katalon.core.main.TestCaseExecutor.processExecutionPhase(TestCaseExecutor.java:298)
	at com.kms.katalon.core.main.TestCaseExecutor.accessMainPhase(TestCaseExecutor.java:290)
	at com.kms.katalon.core.main.TestCaseExecutor.execute(TestCaseExecutor.java:224)
	at com.kms.katalon.core.main.TestCaseMain.runTestCase(TestCaseMain.java:106)
	at com.kms.katalon.core.keyword.builtin.CallTestCaseKeyword$_callTestCase_closure1.doCall(CallTestCaseKeyword.groovy:59)
	at com.kms.katalon.core.keyword.builtin.CallTestCaseKeyword$_callTestCase_closure1.call(CallTestCaseKeyword.groovy)
	at com.kms.katalon.core.keyword.internal.KeywordMain.runKeyword(KeywordMain.groovy:54)
	at com.kms.katalon.core.keyword.builtin.CallTestCaseKeyword.callTestCase(CallTestCaseKeyword.groovy:80)
	at com.kms.katalon.core.keyword.builtin.CallTestCaseKeyword.execute(CallTestCaseKeyword.groovy:44)
	at com.kms.katalon.core.keyword.internal.KeywordExecutor.executeKeywordForPlatform(KeywordExecutor.groovy:53)
	at com.kms.katalon.core.keyword.BuiltinKeywords.callTestCase(BuiltinKeywords.groovy:334)
	at OTC_Submit Form 7_End to End - Cheque.run(OTC_Submit Form 7_End to End - Cheque:16)
	at com.kms.katalon.core.main.ScriptEngine.run(ScriptEngine.java:194)
	at com.kms.katalon.core.main.ScriptEngine.runScriptAsRawText(ScriptEngine.java:119)
	at com.kms.katalon.core.main.TestCaseExecutor.runScript(TestCaseExecutor.java:328)
	at com.kms.katalon.core.main.TestCaseExecutor.doExecute(TestCaseExecutor.java:319)
	at com.kms.katalon.core.main.TestCaseExecutor.processExecutionPhase(TestCaseExecutor.java:298)
	at com.kms.katalon.core.main.TestCaseExecutor.accessMainPhase(TestCaseExecutor.java:290)
	at com.kms.katalon.core.main.TestCaseExecutor.execute(TestCaseExecutor.java:224)
	at com.kms.katalon.core.main.TestCaseMain.runTestCase(TestCaseMain.java:106)
	at com.kms.katalon.core.keyword.builtin.CallTestCaseKeyword$_callTestCase_closure1.doCall(CallTestCaseKeyword.groovy:59)
	at com.kms.katalon.core.keyword.builtin.CallTestCaseKeyword$_callTestCase_closure1.call(CallTestCaseKeyword.groovy)
	at com.kms.katalon.core.keyword.internal.KeywordMain.runKeyword(KeywordMain.groovy:54)
	at com.kms.katalon.core.keyword.builtin.CallTestCaseKeyword.callTestCase(CallTestCaseKeyword.groovy:80)
	at com.kms.katalon.core.keyword.builtin.CallTestCaseKeyword.execute(CallTestCaseKeyword.groovy:44)
	at com.kms.katalon.core.keyword.internal.KeywordExecutor.executeKeywordForPlatform(KeywordExecutor.groovy:53)
	at com.kms.katalon.core.keyword.BuiltinKeywords.callTestCase(BuiltinKeywords.groovy:334)
	at Approve Application - RIA.run(Approve Application - RIA:16)
	at com.kms.katalon.core.main.ScriptEngine.run(ScriptEngine.java:194)
	at com.kms.katalon.core.main.ScriptEngine.runScriptAsRawText(ScriptEngine.java:119)
	at com.kms.katalon.core.main.TestCaseExecutor.runScript(TestCaseExecutor.java:328)
	at com.kms.katalon.core.main.TestCaseExecutor.doExecute(TestCaseExecutor.java:319)
	at com.kms.katalon.core.main.TestCaseExecutor.processExecutionPhase(TestCaseExecutor.java:298)
	at com.kms.katalon.core.main.TestCaseExecutor.accessMainPhase(TestCaseExecutor.java:290)
	at com.kms.katalon.core.main.TestCaseExecutor.execute(TestCaseExecutor.java:224)
	at com.kms.katalon.core.main.TestSuiteExecutor.accessTestCaseMainPhase(TestSuiteExecutor.java:129)
	at com.kms.katalon.core.main.TestSuiteExecutor.accessTestSuiteMainPhase(TestSuiteExecutor.java:112)
	at com.kms.katalon.core.main.TestSuiteExecutor.execute(TestSuiteExecutor.java:81)
	at com.kms.katalon.core.main.TestCaseMain.startTestSuite(TestCaseMain.java:149)
	at com.kms.katalon.core.main.TestCaseMain$startTestSuite$0.call(Unknown Source)
	at TempTestSuite1550738418733.run(TempTestSuite1550738418733.groovy:36)


2019-02-21 18:33:01 - [MESSAGE][FAILED] - Unable to call Test Case 'Test Cases/All TC/Arranged/3. Unit/EI/Form 7_default/OTC_Application_Reg' (Root cause: com.kms.katalon.core.exception.StepFailedException: Call Test Case 'Test Cases/All TC/Arranged/3. Unit/EI/Form 7_default/OTC_Application_Reg' failed)

2019-02-21 18:33:01 - [MESSAGE][FAILED] - callTestCase(findTestCase("All TC/Arranged/3. Unit/EI/Form 7_default/OTC_Application_Reg"), [:], STOP_ON_FAILURE) FAILED.
Reason:
com.kms.katalon.core.exception.StepFailedException: Unable to set text '10/01/2019' of object 'Object Repository/KeatMun/Form 7_default/OTC_Application_Reg/Page_PERKESO/11.Tarikh Terima_stampedDtS' (Root cause: org.openqa.selenium.UnhandledAlertException: unexpected alert open: {Alert text : HARAP MAKLUM

PERMOHONAN FAEDAH SISTEM INSURANS PEKERJAAN HANYA BOLEH DIBUAT BERMULA DARI TARIKH KEHILANGAN PEKERJAAN

Nota: Permohonan hendaklah dibuat dalam tempoh 60 hari dari tarikh kehilangan pekerjaan}
  (Session info: chrome=72.0.3626.109)
  (Driver info: chromedriver=2.43.600210 (68dcf5eebde37173d4027fa8635e332711d2874a),platform=Windows NT 6.1.7601 SP1 x86_64) (WARNING: The server did not provide any stacktrace information)
Command duration or timeout: 0 milliseconds: null
Build info: version: '3.7.1', revision: '8a0099a', time: '2017-11-06T21:07:36.161Z'
System info: host: 'WIN7TEST02', ip: '10.20.3.72', os.name: 'Windows 7', os.arch: 'amd64', os.version: '6.1', java.version: '1.8.0_181'
Driver info: com.kms.katalon.selenium.driver.CChromeDriver
Capabilities {acceptInsecureCerts: false, acceptSslCerts: false, applicationCacheEnabled: false, browserConnectionEnabled: false, browserName: chrome, chrome: {chromedriverVersion: 2.43.600210 (68dcf5eebde371..., userDataDir: C:\Users\Admin\AppData\Loca...}, cssSelectorsEnabled: true, databaseEnabled: false, goog:chromeOptions: {debuggerAddress: localhost:62877}, handlesAlerts: true, hasTouchScreen: false, javascriptEnabled: true, locationContextEnabled: true, mobileEmulationEnabled: false, nativeEvents: true, networkConnectionEnabled: false, pageLoadStrategy: normal, platform: XP, platformName: XP, rotatable: false, setWindowRect: true, takesHeapSnapshot: true, takesScreenshot: true, unexpectedAlertBehaviour: , unhandledPromptBehavior: , version: 72.0.3626.109, webStorageEnabled: true}
Session ID: 99acfe538f52fc5edfc874225a7b1608
*** Element info: {Using=xpath, value=//input[@id = 'stampedDtStr' and @name = 'stampedDtStr' and @type = 'text']})
	at com.kms.katalon.core.keyword.internal.KeywordMain.stepFailed(KeywordMain.groovy:36)
	at com.kms.katalon.core.webui.keyword.internal.WebUIKeywordMain.stepFailed(WebUIKeywordMain.groovy:65)
	at com.kms.katalon.core.webui.keyword.internal.WebUIKeywordMain.runKeyword(WebUIKeywordMain.groovy:27)
	at com.kms.katalon.core.webui.keyword.builtin.SetTextKeyword.setText(SetTextKeyword.groovy:65)
	at com.kms.katalon.core.webui.keyword.builtin.SetTextKeyword.execute(SetTextKeyword.groovy:37)
	at com.kms.katalon.core.keyword.internal.KeywordExecutor.executeKeywordForPlatform(KeywordExecutor.groovy:53)
	at com.kms.katalon.core.webui.keyword.WebUiBuiltInKeywords.setText(WebUiBuiltInKeywords.groovy:950)
	at com.kms.katalon.core.webui.keyword.WebUiBuiltInKeywords$setText$1.call(Unknown Source)
	at OTC_Application_Reg.run(OTC_Application_Reg:91)
	at com.kms.katalon.core.main.ScriptEngine.run(ScriptEngine.java:194)
	at com.kms.katalon.core.main.ScriptEngine.runScriptAsRawText(ScriptEngine.java:119)
	at com.kms.katalon.core.main.TestCaseExecutor.runScript(TestCaseExecutor.java:328)
	at com.kms.katalon.core.main.TestCaseExecutor.doExecute(TestCaseExecutor.java:319)
	at com.kms.katalon.core.main.TestCaseExecutor.processExecutionPhase(TestCaseExecutor.java:298)
	at com.kms.katalon.core.main.TestCaseExecutor.accessMainPhase(TestCaseExecutor.java:290)
	at com.kms.katalon.core.main.TestCaseExecutor.execute(TestCaseExecutor.java:224)
	at com.kms.katalon.core.main.TestCaseMain.runTestCase(TestCaseMain.java:106)
	at com.kms.katalon.core.keyword.builtin.CallTestCaseKeyword$_callTestCase_closure1.doCall(CallTestCaseKeyword.groovy:59)
	at com.kms.katalon.core.keyword.builtin.CallTestCaseKeyword$_callTestCase_closure1.call(CallTestCaseKeyword.groovy)
	at com.kms.katalon.core.keyword.internal.KeywordMain.runKeyword(KeywordMain.groovy:54)
	at com.kms.katalon.core.keyword.builtin.CallTestCaseKeyword.callTestCase(CallTestCaseKeyword.groovy:80)
	at com.kms.katalon.core.keyword.builtin.CallTestCaseKeyword.execute(CallTestCaseKeyword.groovy:44)
	at com.kms.katalon.core.keyword.internal.KeywordExecutor.executeKeywordForPlatform(KeywordExecutor.groovy:53)
	at com.kms.katalon.core.keyword.BuiltinKeywords.callTestCase(BuiltinKeywords.groovy:334)
	at OTC_Submit Form 7_End to End - Cheque.run(OTC_Submit Form 7_End to End - Cheque:16)
	at com.kms.katalon.core.main.ScriptEngine.run(ScriptEngine.java:194)
	at com.kms.katalon.core.main.ScriptEngine.runScriptAsRawText(ScriptEngine.java:119)
	at com.kms.katalon.core.main.TestCaseExecutor.runScript(TestCaseExecutor.java:328)
	at com.kms.katalon.core.main.TestCaseExecutor.doExecute(TestCaseExecutor.java:319)
	at com.kms.katalon.core.main.TestCaseExecutor.processExecutionPhase(TestCaseExecutor.java:298)
	at com.kms.katalon.core.main.TestCaseExecutor.accessMainPhase(TestCaseExecutor.java:290)
	at com.kms.katalon.core.main.TestCaseExecutor.execute(TestCaseExecutor.java:224)
	at com.kms.katalon.core.main.TestCaseMain.runTestCase(TestCaseMain.java:106)
	at com.kms.katalon.core.keyword.builtin.CallTestCaseKeyword$_callTestCase_closure1.doCall(CallTestCaseKeyword.groovy:59)
	at com.kms.katalon.core.keyword.builtin.CallTestCaseKeyword$_callTestCase_closure1.call(CallTestCaseKeyword.groovy)
	at com.kms.katalon.core.keyword.internal.KeywordMain.runKeyword(KeywordMain.groovy:54)
	at com.kms.katalon.core.keyword.builtin.CallTestCaseKeyword.callTestCase(CallTestCaseKeyword.groovy:80)
	at com.kms.katalon.core.keyword.builtin.CallTestCaseKeyword.execute(CallTestCaseKeyword.groovy:44)
	at com.kms.katalon.core.keyword.internal.KeywordExecutor.executeKeywordForPlatform(KeywordExecutor.groovy:53)
	at com.kms.katalon.core.keyword.BuiltinKeywords.callTestCase(BuiltinKeywords.groovy:334)
	at Approve Application - RIA.run(Approve Application - RIA:16)
	at com.kms.katalon.core.main.ScriptEngine.run(ScriptEngine.java:194)
	at com.kms.katalon.core.main.ScriptEngine.runScriptAsRawText(ScriptEngine.java:119)
	at com.kms.katalon.core.main.TestCaseExecutor.runScript(TestCaseExecutor.java:328)
	at com.kms.katalon.core.main.TestCaseExecutor.doExecute(TestCaseExecutor.java:319)
	at com.kms.katalon.core.main.TestCaseExecutor.processExecutionPhase(TestCaseExecutor.java:298)
	at com.kms.katalon.core.main.TestCaseExecutor.accessMainPhase(TestCaseExecutor.java:290)
	at com.kms.katalon.core.main.TestCaseExecutor.execute(TestCaseExecutor.java:224)
	at com.kms.katalon.core.main.TestSuiteExecutor.accessTestCaseMainPhase(TestSuiteExecutor.java:129)
	at com.kms.katalon.core.main.TestSuiteExecutor.accessTestSuiteMainPhase(TestSuiteExecutor.java:112)
	at com.kms.katalon.core.main.TestSuiteExecutor.execute(TestSuiteExecutor.java:81)
	at com.kms.katalon.core.main.TestCaseMain.startTestSuite(TestCaseMain.java:149)
	at com.kms.katalon.core.main.TestCaseMain$startTestSuite$0.call(Unknown Source)
	at TempTestSuite1550738418733.run(TempTestSuite1550738418733.groovy:36)


2019-02-21 18:33:01 - [MESSAGE][FAILED] - Unable to call Test Case 'Test Cases/All TC/Arranged/2. Segment/OTC_Submit Form 7_End to End - Cheque' (Root cause: com.kms.katalon.core.exception.StepFailedException: Call Test Case 'Test Cases/All TC/Arranged/2. Segment/OTC_Submit Form 7_End to End - Cheque' failed)

2019-02-21 18:33:01 - [MESSAGE][FAILED] - callTestCase(findTestCase("All TC/Arranged/2. Segment/OTC_Submit Form 7_End to End - Cheque"), [:], STOP_ON_FAILURE) FAILED.
Reason:
com.kms.katalon.core.exception.StepFailedException: Unable to set text '10/01/2019' of object 'Object Repository/KeatMun/Form 7_default/OTC_Application_Reg/Page_PERKESO/11.Tarikh Terima_stampedDtS' (Root cause: org.openqa.selenium.UnhandledAlertException: unexpected alert open: {Alert text : HARAP MAKLUM

PERMOHONAN FAEDAH SISTEM INSURANS PEKERJAAN HANYA BOLEH DIBUAT BERMULA DARI TARIKH KEHILANGAN PEKERJAAN

Nota: Permohonan hendaklah dibuat dalam tempoh 60 hari dari tarikh kehilangan pekerjaan}
  (Session info: chrome=72.0.3626.109)
  (Driver info: chromedriver=2.43.600210 (68dcf5eebde37173d4027fa8635e332711d2874a),platform=Windows NT 6.1.7601 SP1 x86_64) (WARNING: The server did not provide any stacktrace information)
Command duration or timeout: 0 milliseconds: null
Build info: version: '3.7.1', revision: '8a0099a', time: '2017-11-06T21:07:36.161Z'
System info: host: 'WIN7TEST02', ip: '10.20.3.72', os.name: 'Windows 7', os.arch: 'amd64', os.version: '6.1', java.version: '1.8.0_181'
Driver info: com.kms.katalon.selenium.driver.CChromeDriver
Capabilities {acceptInsecureCerts: false, acceptSslCerts: false, applicationCacheEnabled: false, browserConnectionEnabled: false, browserName: chrome, chrome: {chromedriverVersion: 2.43.600210 (68dcf5eebde371..., userDataDir: C:\Users\Admin\AppData\Loca...}, cssSelectorsEnabled: true, databaseEnabled: false, goog:chromeOptions: {debuggerAddress: localhost:62877}, handlesAlerts: true, hasTouchScreen: false, javascriptEnabled: true, locationContextEnabled: true, mobileEmulationEnabled: false, nativeEvents: true, networkConnectionEnabled: false, pageLoadStrategy: normal, platform: XP, platformName: XP, rotatable: false, setWindowRect: true, takesHeapSnapshot: true, takesScreenshot: true, unexpectedAlertBehaviour: , unhandledPromptBehavior: , version: 72.0.3626.109, webStorageEnabled: true}
Session ID: 99acfe538f52fc5edfc874225a7b1608
*** Element info: {Using=xpath, value=//input[@id = 'stampedDtStr' and @name = 'stampedDtStr' and @type = 'text']})
	at com.kms.katalon.core.keyword.internal.KeywordMain.stepFailed(KeywordMain.groovy:36)
	at com.kms.katalon.core.webui.keyword.internal.WebUIKeywordMain.stepFailed(WebUIKeywordMain.groovy:65)
	at com.kms.katalon.core.webui.keyword.internal.WebUIKeywordMain.runKeyword(WebUIKeywordMain.groovy:27)
	at com.kms.katalon.core.webui.keyword.builtin.SetTextKeyword.setText(SetTextKeyword.groovy:65)
	at com.kms.katalon.core.webui.keyword.builtin.SetTextKeyword.execute(SetTextKeyword.groovy:37)
	at com.kms.katalon.core.keyword.internal.KeywordExecutor.executeKeywordForPlatform(KeywordExecutor.groovy:53)
	at com.kms.katalon.core.webui.keyword.WebUiBuiltInKeywords.setText(WebUiBuiltInKeywords.groovy:950)
	at com.kms.katalon.core.webui.keyword.WebUiBuiltInKeywords$setText$1.call(Unknown Source)
	at OTC_Application_Reg.run(OTC_Application_Reg:91)
	at com.kms.katalon.core.main.ScriptEngine.run(ScriptEngine.java:194)
	at com.kms.katalon.core.main.ScriptEngine.runScriptAsRawText(ScriptEngine.java:119)
	at com.kms.katalon.core.main.TestCaseExecutor.runScript(TestCaseExecutor.java:328)
	at com.kms.katalon.core.main.TestCaseExecutor.doExecute(TestCaseExecutor.java:319)
	at com.kms.katalon.core.main.TestCaseExecutor.processExecutionPhase(TestCaseExecutor.java:298)
	at com.kms.katalon.core.main.TestCaseExecutor.accessMainPhase(TestCaseExecutor.java:290)
	at com.kms.katalon.core.main.TestCaseExecutor.execute(TestCaseExecutor.java:224)
	at com.kms.katalon.core.main.TestCaseMain.runTestCase(TestCaseMain.java:106)
	at com.kms.katalon.core.keyword.builtin.CallTestCaseKeyword$_callTestCase_closure1.doCall(CallTestCaseKeyword.groovy:59)
	at com.kms.katalon.core.keyword.builtin.CallTestCaseKeyword$_callTestCase_closure1.call(CallTestCaseKeyword.groovy)
	at com.kms.katalon.core.keyword.internal.KeywordMain.runKeyword(KeywordMain.groovy:54)
	at com.kms.katalon.core.keyword.builtin.CallTestCaseKeyword.callTestCase(CallTestCaseKeyword.groovy:80)
	at com.kms.katalon.core.keyword.builtin.CallTestCaseKeyword.execute(CallTestCaseKeyword.groovy:44)
	at com.kms.katalon.core.keyword.internal.KeywordExecutor.executeKeywordForPlatform(KeywordExecutor.groovy:53)
	at com.kms.katalon.core.keyword.BuiltinKeywords.callTestCase(BuiltinKeywords.groovy:334)
	at OTC_Submit Form 7_End to End - Cheque.run(OTC_Submit Form 7_End to End - Cheque:16)
	at com.kms.katalon.core.main.ScriptEngine.run(ScriptEngine.java:194)
	at com.kms.katalon.core.main.ScriptEngine.runScriptAsRawText(ScriptEngine.java:119)
	at com.kms.katalon.core.main.TestCaseExecutor.runScript(TestCaseExecutor.java:328)
	at com.kms.katalon.core.main.TestCaseExecutor.doExecute(TestCaseExecutor.java:319)
	at com.kms.katalon.core.main.TestCaseExecutor.processExecutionPhase(TestCaseExecutor.java:298)
	at com.kms.katalon.core.main.TestCaseExecutor.accessMainPhase(TestCaseExecutor.java:290)
	at com.kms.katalon.core.main.TestCaseExecutor.execute(TestCaseExecutor.java:224)
	at com.kms.katalon.core.main.TestCaseMain.runTestCase(TestCaseMain.java:106)
	at com.kms.katalon.core.keyword.builtin.CallTestCaseKeyword$_callTestCase_closure1.doCall(CallTestCaseKeyword.groovy:59)
	at com.kms.katalon.core.keyword.builtin.CallTestCaseKeyword$_callTestCase_closure1.call(CallTestCaseKeyword.groovy)
	at com.kms.katalon.core.keyword.internal.KeywordMain.runKeyword(KeywordMain.groovy:54)
	at com.kms.katalon.core.keyword.builtin.CallTestCaseKeyword.callTestCase(CallTestCaseKeyword.groovy:80)
	at com.kms.katalon.core.keyword.builtin.CallTestCaseKeyword.execute(CallTestCaseKeyword.groovy:44)
	at com.kms.katalon.core.keyword.internal.KeywordExecutor.executeKeywordForPlatform(KeywordExecutor.groovy:53)
	at com.kms.katalon.core.keyword.BuiltinKeywords.callTestCase(BuiltinKeywords.groovy:334)
	at Approve Application - RIA.run(Approve Application - RIA:16)
	at com.kms.katalon.core.main.ScriptEngine.run(ScriptEngine.java:194)
	at com.kms.katalon.core.main.ScriptEngine.runScriptAsRawText(ScriptEngine.java:119)
	at com.kms.katalon.core.main.TestCaseExecutor.runScript(TestCaseExecutor.java:328)
	at com.kms.katalon.core.main.TestCaseExecutor.doExecute(TestCaseExecutor.java:319)
	at com.kms.katalon.core.main.TestCaseExecutor.processExecutionPhase(TestCaseExecutor.java:298)
	at com.kms.katalon.core.main.TestCaseExecutor.accessMainPhase(TestCaseExecutor.java:290)
	at com.kms.katalon.core.main.TestCaseExecutor.execute(TestCaseExecutor.java:224)
	at com.kms.katalon.core.main.TestSuiteExecutor.accessTestCaseMainPhase(TestSuiteExecutor.java:129)
	at com.kms.katalon.core.main.TestSuiteExecutor.accessTestSuiteMainPhase(TestSuiteExecutor.java:112)
	at com.kms.katalon.core.main.TestSuiteExecutor.execute(TestSuiteExecutor.java:81)
	at com.kms.katalon.core.main.TestCaseMain.startTestSuite(TestCaseMain.java:149)
	at com.kms.katalon.core.main.TestCaseMain$startTestSuite$0.call(Unknown Source)
	at TempTestSuite1550738418733.run(TempTestSuite1550738418733.groovy:36)]]></system-out>
         <system-err><![CDATA[2019-02-21 18:32:20 - [TEST_CASE][FAILED] - Test Cases/All TC/Arranged/0. Full Flow/Approve Application - RIA: Test Cases/All TC/Arranged/0. Full Flow/Approve Application - RIA FAILED.
Reason:
com.kms.katalon.core.exception.StepFailedException: Unable to set text '10/01/2019' of object 'Object Repository/KeatMun/Form 7_default/OTC_Application_Reg/Page_PERKESO/11.Tarikh Terima_stampedDtS' (Root cause: org.openqa.selenium.UnhandledAlertException: unexpected alert open: {Alert text : HARAP MAKLUM

PERMOHONAN FAEDAH SISTEM INSURANS PEKERJAAN HANYA BOLEH DIBUAT BERMULA DARI TARIKH KEHILANGAN PEKERJAAN

Nota: Permohonan hendaklah dibuat dalam tempoh 60 hari dari tarikh kehilangan pekerjaan}
  (Session info: chrome=72.0.3626.109)
  (Driver info: chromedriver=2.43.600210 (68dcf5eebde37173d4027fa8635e332711d2874a),platform=Windows NT 6.1.7601 SP1 x86_64) (WARNING: The server did not provide any stacktrace information)
Command duration or timeout: 0 milliseconds: null
Build info: version: '3.7.1', revision: '8a0099a', time: '2017-11-06T21:07:36.161Z'
System info: host: 'WIN7TEST02', ip: '10.20.3.72', os.name: 'Windows 7', os.arch: 'amd64', os.version: '6.1', java.version: '1.8.0_181'
Driver info: com.kms.katalon.selenium.driver.CChromeDriver
Capabilities {acceptInsecureCerts: false, acceptSslCerts: false, applicationCacheEnabled: false, browserConnectionEnabled: false, browserName: chrome, chrome: {chromedriverVersion: 2.43.600210 (68dcf5eebde371..., userDataDir: C:\Users\Admin\AppData\Loca...}, cssSelectorsEnabled: true, databaseEnabled: false, goog:chromeOptions: {debuggerAddress: localhost:62877}, handlesAlerts: true, hasTouchScreen: false, javascriptEnabled: true, locationContextEnabled: true, mobileEmulationEnabled: false, nativeEvents: true, networkConnectionEnabled: false, pageLoadStrategy: normal, platform: XP, platformName: XP, rotatable: false, setWindowRect: true, takesHeapSnapshot: true, takesScreenshot: true, unexpectedAlertBehaviour: , unhandledPromptBehavior: , version: 72.0.3626.109, webStorageEnabled: true}
Session ID: 99acfe538f52fc5edfc874225a7b1608
*** Element info: {Using=xpath, value=//input[@id = 'stampedDtStr' and @name = 'stampedDtStr' and @type = 'text']})
	at com.kms.katalon.core.keyword.internal.KeywordMain.stepFailed(KeywordMain.groovy:36)
	at com.kms.katalon.core.webui.keyword.internal.WebUIKeywordMain.stepFailed(WebUIKeywordMain.groovy:65)
	at com.kms.katalon.core.webui.keyword.internal.WebUIKeywordMain.runKeyword(WebUIKeywordMain.groovy:27)
	at com.kms.katalon.core.webui.keyword.builtin.SetTextKeyword.setText(SetTextKeyword.groovy:65)
	at com.kms.katalon.core.webui.keyword.builtin.SetTextKeyword.execute(SetTextKeyword.groovy:37)
	at com.kms.katalon.core.keyword.internal.KeywordExecutor.executeKeywordForPlatform(KeywordExecutor.groovy:53)
	at com.kms.katalon.core.webui.keyword.WebUiBuiltInKeywords.setText(WebUiBuiltInKeywords.groovy:950)
	at com.kms.katalon.core.webui.keyword.WebUiBuiltInKeywords$setText$1.call(Unknown Source)
	at OTC_Application_Reg.run(OTC_Application_Reg:91)
	at com.kms.katalon.core.main.ScriptEngine.run(ScriptEngine.java:194)
	at com.kms.katalon.core.main.ScriptEngine.runScriptAsRawText(ScriptEngine.java:119)
	at com.kms.katalon.core.main.TestCaseExecutor.runScript(TestCaseExecutor.java:328)
	at com.kms.katalon.core.main.TestCaseExecutor.doExecute(TestCaseExecutor.java:319)
	at com.kms.katalon.core.main.TestCaseExecutor.processExecutionPhase(TestCaseExecutor.java:298)
	at com.kms.katalon.core.main.TestCaseExecutor.accessMainPhase(TestCaseExecutor.java:290)
	at com.kms.katalon.core.main.TestCaseExecutor.execute(TestCaseExecutor.java:224)
	at com.kms.katalon.core.main.TestCaseMain.runTestCase(TestCaseMain.java:106)
	at com.kms.katalon.core.keyword.builtin.CallTestCaseKeyword$_callTestCase_closure1.doCall(CallTestCaseKeyword.groovy:59)
	at com.kms.katalon.core.keyword.builtin.CallTestCaseKeyword$_callTestCase_closure1.call(CallTestCaseKeyword.groovy)
	at com.kms.katalon.core.keyword.internal.KeywordMain.runKeyword(KeywordMain.groovy:54)
	at com.kms.katalon.core.keyword.builtin.CallTestCaseKeyword.callTestCase(CallTestCaseKeyword.groovy:80)
	at com.kms.katalon.core.keyword.builtin.CallTestCaseKeyword.execute(CallTestCaseKeyword.groovy:44)
	at com.kms.katalon.core.keyword.internal.KeywordExecutor.executeKeywordForPlatform(KeywordExecutor.groovy:53)
	at com.kms.katalon.core.keyword.BuiltinKeywords.callTestCase(BuiltinKeywords.groovy:334)
	at OTC_Submit Form 7_End to End - Cheque.run(OTC_Submit Form 7_End to End - Cheque:16)
	at com.kms.katalon.core.main.ScriptEngine.run(ScriptEngine.java:194)
	at com.kms.katalon.core.main.ScriptEngine.runScriptAsRawText(ScriptEngine.java:119)
	at com.kms.katalon.core.main.TestCaseExecutor.runScript(TestCaseExecutor.java:328)
	at com.kms.katalon.core.main.TestCaseExecutor.doExecute(TestCaseExecutor.java:319)
	at com.kms.katalon.core.main.TestCaseExecutor.processExecutionPhase(TestCaseExecutor.java:298)
	at com.kms.katalon.core.main.TestCaseExecutor.accessMainPhase(TestCaseExecutor.java:290)
	at com.kms.katalon.core.main.TestCaseExecutor.execute(TestCaseExecutor.java:224)
	at com.kms.katalon.core.main.TestCaseMain.runTestCase(TestCaseMain.java:106)
	at com.kms.katalon.core.keyword.builtin.CallTestCaseKeyword$_callTestCase_closure1.doCall(CallTestCaseKeyword.groovy:59)
	at com.kms.katalon.core.keyword.builtin.CallTestCaseKeyword$_callTestCase_closure1.call(CallTestCaseKeyword.groovy)
	at com.kms.katalon.core.keyword.internal.KeywordMain.runKeyword(KeywordMain.groovy:54)
	at com.kms.katalon.core.keyword.builtin.CallTestCaseKeyword.callTestCase(CallTestCaseKeyword.groovy:80)
	at com.kms.katalon.core.keyword.builtin.CallTestCaseKeyword.execute(CallTestCaseKeyword.groovy:44)
	at com.kms.katalon.core.keyword.internal.KeywordExecutor.executeKeywordForPlatform(KeywordExecutor.groovy:53)
	at com.kms.katalon.core.keyword.BuiltinKeywords.callTestCase(BuiltinKeywords.groovy:334)
	at Approve Application - RIA.run(Approve Application - RIA:16)
	at com.kms.katalon.core.main.ScriptEngine.run(ScriptEngine.java:194)
	at com.kms.katalon.core.main.ScriptEngine.runScriptAsRawText(ScriptEngine.java:119)
	at com.kms.katalon.core.main.TestCaseExecutor.runScript(TestCaseExecutor.java:328)
	at com.kms.katalon.core.main.TestCaseExecutor.doExecute(TestCaseExecutor.java:319)
	at com.kms.katalon.core.main.TestCaseExecutor.processExecutionPhase(TestCaseExecutor.java:298)
	at com.kms.katalon.core.main.TestCaseExecutor.accessMainPhase(TestCaseExecutor.java:290)
	at com.kms.katalon.core.main.TestCaseExecutor.execute(TestCaseExecutor.java:224)
	at com.kms.katalon.core.main.TestSuiteExecutor.accessTestCaseMainPhase(TestSuiteExecutor.java:129)
	at com.kms.katalon.core.main.TestSuiteExecutor.accessTestSuiteMainPhase(TestSuiteExecutor.java:112)
	at com.kms.katalon.core.main.TestSuiteExecutor.execute(TestSuiteExecutor.java:81)
	at com.kms.katalon.core.main.TestCaseMain.startTestSuite(TestCaseMain.java:149)
	at com.kms.katalon.core.main.TestCaseMain$startTestSuite$0.call(Unknown Source)
	at TempTestSuite1550738418733.run(TempTestSuite1550738418733.groovy:36)]]></system-err>
      </testcase>
      <testcase name="Test Cases/All TC/Arranged/0. Full Flow/Approve Application - JSA" classname="Test Cases/All TC/Arranged/0. Full Flow/Approve Application - JSA" status="FAILED">
         <failure type="FAILED" message="Test Cases/All TC/Arranged/0. Full Flow/Approve Application - JSA FAILED.
Reason:
com.kms.katalon.core.exception.StepFailedException: Unable to set text '10/01/2019' of object 'Object Repository/KeatMun/Form 7_default/OTC_Application_Reg/Page_PERKESO/11.Tarikh Terima_stampedDtS' (Root cause: org.openqa.selenium.UnhandledAlertException: unexpected alert open: {Alert text : HARAP MAKLUM

PERMOHONAN FAEDAH SISTEM INSURANS PEKERJAAN HANYA BOLEH DIBUAT BERMULA DARI TARIKH KEHILANGAN PEKERJAAN

Nota: Permohonan hendaklah dibuat dalam tempoh 60 hari dari tarikh kehilangan pekerjaan}
  (Session info: chrome=72.0.3626.109)
  (Driver info: chromedriver=2.43.600210 (68dcf5eebde37173d4027fa8635e332711d2874a),platform=Windows NT 6.1.7601 SP1 x86_64) (WARNING: The server did not provide any stacktrace information)
Command duration or timeout: 0 milliseconds: null
Build info: version: '3.7.1', revision: '8a0099a', time: '2017-11-06T21:07:36.161Z'
System info: host: 'WIN7TEST02', ip: '10.20.3.72', os.name: 'Windows 7', os.arch: 'amd64', os.version: '6.1', java.version: '1.8.0_181'
Driver info: com.kms.katalon.selenium.driver.CChromeDriver
Capabilities {acceptInsecureCerts: false, acceptSslCerts: false, applicationCacheEnabled: false, browserConnectionEnabled: false, browserName: chrome, chrome: {chromedriverVersion: 2.43.600210 (68dcf5eebde371..., userDataDir: C:\Users\Admin\AppData\Loca...}, cssSelectorsEnabled: true, databaseEnabled: false, goog:chromeOptions: {debuggerAddress: localhost:62909}, handlesAlerts: true, hasTouchScreen: false, javascriptEnabled: true, locationContextEnabled: true, mobileEmulationEnabled: false, nativeEvents: true, networkConnectionEnabled: false, pageLoadStrategy: normal, platform: XP, platformName: XP, rotatable: false, setWindowRect: true, takesHeapSnapshot: true, takesScreenshot: true, unexpectedAlertBehaviour: , unhandledPromptBehavior: , version: 72.0.3626.109, webStorageEnabled: true}
Session ID: a44c501b3026b3c534fe511cf06d86c7
*** Element info: {Using=xpath, value=//input[@id = 'stampedDtStr' and @name = 'stampedDtStr' and @type = 'text']})
	at com.kms.katalon.core.keyword.internal.KeywordMain.stepFailed(KeywordMain.groovy:36)
	at com.kms.katalon.core.webui.keyword.internal.WebUIKeywordMain.stepFailed(WebUIKeywordMain.groovy:65)
	at com.kms.katalon.core.webui.keyword.internal.WebUIKeywordMain.runKeyword(WebUIKeywordMain.groovy:27)
	at com.kms.katalon.core.webui.keyword.builtin.SetTextKeyword.setText(SetTextKeyword.groovy:65)
	at com.kms.katalon.core.webui.keyword.builtin.SetTextKeyword.execute(SetTextKeyword.groovy:37)
	at com.kms.katalon.core.keyword.internal.KeywordExecutor.executeKeywordForPlatform(KeywordExecutor.groovy:53)
	at com.kms.katalon.core.webui.keyword.WebUiBuiltInKeywords.setText(WebUiBuiltInKeywords.groovy:950)
	at com.kms.katalon.core.webui.keyword.WebUiBuiltInKeywords$setText$1.call(Unknown Source)
	at OTC_Application_Reg.run(OTC_Application_Reg:91)
	at com.kms.katalon.core.main.ScriptEngine.run(ScriptEngine.java:194)
	at com.kms.katalon.core.main.ScriptEngine.runScriptAsRawText(ScriptEngine.java:119)
	at com.kms.katalon.core.main.TestCaseExecutor.runScript(TestCaseExecutor.java:328)
	at com.kms.katalon.core.main.TestCaseExecutor.doExecute(TestCaseExecutor.java:319)
	at com.kms.katalon.core.main.TestCaseExecutor.processExecutionPhase(TestCaseExecutor.java:298)
	at com.kms.katalon.core.main.TestCaseExecutor.accessMainPhase(TestCaseExecutor.java:290)
	at com.kms.katalon.core.main.TestCaseExecutor.execute(TestCaseExecutor.java:224)
	at com.kms.katalon.core.main.TestCaseMain.runTestCase(TestCaseMain.java:106)
	at com.kms.katalon.core.keyword.builtin.CallTestCaseKeyword$_callTestCase_closure1.doCall(CallTestCaseKeyword.groovy:59)
	at com.kms.katalon.core.keyword.builtin.CallTestCaseKeyword$_callTestCase_closure1.call(CallTestCaseKeyword.groovy)
	at com.kms.katalon.core.keyword.internal.KeywordMain.runKeyword(KeywordMain.groovy:54)
	at com.kms.katalon.core.keyword.builtin.CallTestCaseKeyword.callTestCase(CallTestCaseKeyword.groovy:80)
	at com.kms.katalon.core.keyword.builtin.CallTestCaseKeyword.execute(CallTestCaseKeyword.groovy:44)
	at com.kms.katalon.core.keyword.internal.KeywordExecutor.executeKeywordForPlatform(KeywordExecutor.groovy:53)
	at com.kms.katalon.core.keyword.BuiltinKeywords.callTestCase(BuiltinKeywords.groovy:334)
	at OTC_Submit Form 7_End to End - Cheque.run(OTC_Submit Form 7_End to End - Cheque:16)
	at com.kms.katalon.core.main.ScriptEngine.run(ScriptEngine.java:194)
	at com.kms.katalon.core.main.ScriptEngine.runScriptAsRawText(ScriptEngine.java:119)
	at com.kms.katalon.core.main.TestCaseExecutor.runScript(TestCaseExecutor.java:328)
	at com.kms.katalon.core.main.TestCaseExecutor.doExecute(TestCaseExecutor.java:319)
	at com.kms.katalon.core.main.TestCaseExecutor.processExecutionPhase(TestCaseExecutor.java:298)
	at com.kms.katalon.core.main.TestCaseExecutor.accessMainPhase(TestCaseExecutor.java:290)
	at com.kms.katalon.core.main.TestCaseExecutor.execute(TestCaseExecutor.java:224)
	at com.kms.katalon.core.main.TestCaseMain.runTestCase(TestCaseMain.java:106)
	at com.kms.katalon.core.keyword.builtin.CallTestCaseKeyword$_callTestCase_closure1.doCall(CallTestCaseKeyword.groovy:59)
	at com.kms.katalon.core.keyword.builtin.CallTestCaseKeyword$_callTestCase_closure1.call(CallTestCaseKeyword.groovy)
	at com.kms.katalon.core.keyword.internal.KeywordMain.runKeyword(KeywordMain.groovy:54)
	at com.kms.katalon.core.keyword.builtin.CallTestCaseKeyword.callTestCase(CallTestCaseKeyword.groovy:80)
	at com.kms.katalon.core.keyword.builtin.CallTestCaseKeyword.execute(CallTestCaseKeyword.groovy:44)
	at com.kms.katalon.core.keyword.internal.KeywordExecutor.executeKeywordForPlatform(KeywordExecutor.groovy:53)
	at com.kms.katalon.core.keyword.BuiltinKeywords.callTestCase(BuiltinKeywords.groovy:334)
	at Approve Application - JSA.run(Approve Application - JSA:16)
	at com.kms.katalon.core.main.ScriptEngine.run(ScriptEngine.java:194)
	at com.kms.katalon.core.main.ScriptEngine.runScriptAsRawText(ScriptEngine.java:119)
	at com.kms.katalon.core.main.TestCaseExecutor.runScript(TestCaseExecutor.java:328)
	at com.kms.katalon.core.main.TestCaseExecutor.doExecute(TestCaseExecutor.java:319)
	at com.kms.katalon.core.main.TestCaseExecutor.processExecutionPhase(TestCaseExecutor.java:298)
	at com.kms.katalon.core.main.TestCaseExecutor.accessMainPhase(TestCaseExecutor.java:290)
	at com.kms.katalon.core.main.TestCaseExecutor.execute(TestCaseExecutor.java:224)
	at com.kms.katalon.core.main.TestSuiteExecutor.accessTestCaseMainPhase(TestSuiteExecutor.java:129)
	at com.kms.katalon.core.main.TestSuiteExecutor.accessTestSuiteMainPhase(TestSuiteExecutor.java:112)
	at com.kms.katalon.core.main.TestSuiteExecutor.execute(TestSuiteExecutor.java:81)
	at com.kms.katalon.core.main.TestCaseMain.startTestSuite(TestCaseMain.java:149)
	at com.kms.katalon.core.main.TestCaseMain$startTestSuite$0.call(Unknown Source)
	at TempTestSuite1550738418733.run(TempTestSuite1550738418733.groovy:36)
"/>
         <system-out><![CDATA[2019-02-21 18:33:02 - [TEST_CASE][FAILED] - Test Cases/All TC/Arranged/0. Full Flow/Approve Application - JSA: Test Cases/All TC/Arranged/0. Full Flow/Approve Application - JSA FAILED.
Reason:
com.kms.katalon.core.exception.StepFailedException: Unable to set text '10/01/2019' of object 'Object Repository/KeatMun/Form 7_default/OTC_Application_Reg/Page_PERKESO/11.Tarikh Terima_stampedDtS' (Root cause: org.openqa.selenium.UnhandledAlertException: unexpected alert open: {Alert text : HARAP MAKLUM

PERMOHONAN FAEDAH SISTEM INSURANS PEKERJAAN HANYA BOLEH DIBUAT BERMULA DARI TARIKH KEHILANGAN PEKERJAAN

Nota: Permohonan hendaklah dibuat dalam tempoh 60 hari dari tarikh kehilangan pekerjaan}
  (Session info: chrome=72.0.3626.109)
  (Driver info: chromedriver=2.43.600210 (68dcf5eebde37173d4027fa8635e332711d2874a),platform=Windows NT 6.1.7601 SP1 x86_64) (WARNING: The server did not provide any stacktrace information)
Command duration or timeout: 0 milliseconds: null
Build info: version: '3.7.1', revision: '8a0099a', time: '2017-11-06T21:07:36.161Z'
System info: host: 'WIN7TEST02', ip: '10.20.3.72', os.name: 'Windows 7', os.arch: 'amd64', os.version: '6.1', java.version: '1.8.0_181'
Driver info: com.kms.katalon.selenium.driver.CChromeDriver
Capabilities {acceptInsecureCerts: false, acceptSslCerts: false, applicationCacheEnabled: false, browserConnectionEnabled: false, browserName: chrome, chrome: {chromedriverVersion: 2.43.600210 (68dcf5eebde371..., userDataDir: C:\Users\Admin\AppData\Loca...}, cssSelectorsEnabled: true, databaseEnabled: false, goog:chromeOptions: {debuggerAddress: localhost:62909}, handlesAlerts: true, hasTouchScreen: false, javascriptEnabled: true, locationContextEnabled: true, mobileEmulationEnabled: false, nativeEvents: true, networkConnectionEnabled: false, pageLoadStrategy: normal, platform: XP, platformName: XP, rotatable: false, setWindowRect: true, takesHeapSnapshot: true, takesScreenshot: true, unexpectedAlertBehaviour: , unhandledPromptBehavior: , version: 72.0.3626.109, webStorageEnabled: true}
Session ID: a44c501b3026b3c534fe511cf06d86c7
*** Element info: {Using=xpath, value=//input[@id = 'stampedDtStr' and @name = 'stampedDtStr' and @type = 'text']})
	at com.kms.katalon.core.keyword.internal.KeywordMain.stepFailed(KeywordMain.groovy:36)
	at com.kms.katalon.core.webui.keyword.internal.WebUIKeywordMain.stepFailed(WebUIKeywordMain.groovy:65)
	at com.kms.katalon.core.webui.keyword.internal.WebUIKeywordMain.runKeyword(WebUIKeywordMain.groovy:27)
	at com.kms.katalon.core.webui.keyword.builtin.SetTextKeyword.setText(SetTextKeyword.groovy:65)
	at com.kms.katalon.core.webui.keyword.builtin.SetTextKeyword.execute(SetTextKeyword.groovy:37)
	at com.kms.katalon.core.keyword.internal.KeywordExecutor.executeKeywordForPlatform(KeywordExecutor.groovy:53)
	at com.kms.katalon.core.webui.keyword.WebUiBuiltInKeywords.setText(WebUiBuiltInKeywords.groovy:950)
	at com.kms.katalon.core.webui.keyword.WebUiBuiltInKeywords$setText$1.call(Unknown Source)
	at OTC_Application_Reg.run(OTC_Application_Reg:91)
	at com.kms.katalon.core.main.ScriptEngine.run(ScriptEngine.java:194)
	at com.kms.katalon.core.main.ScriptEngine.runScriptAsRawText(ScriptEngine.java:119)
	at com.kms.katalon.core.main.TestCaseExecutor.runScript(TestCaseExecutor.java:328)
	at com.kms.katalon.core.main.TestCaseExecutor.doExecute(TestCaseExecutor.java:319)
	at com.kms.katalon.core.main.TestCaseExecutor.processExecutionPhase(TestCaseExecutor.java:298)
	at com.kms.katalon.core.main.TestCaseExecutor.accessMainPhase(TestCaseExecutor.java:290)
	at com.kms.katalon.core.main.TestCaseExecutor.execute(TestCaseExecutor.java:224)
	at com.kms.katalon.core.main.TestCaseMain.runTestCase(TestCaseMain.java:106)
	at com.kms.katalon.core.keyword.builtin.CallTestCaseKeyword$_callTestCase_closure1.doCall(CallTestCaseKeyword.groovy:59)
	at com.kms.katalon.core.keyword.builtin.CallTestCaseKeyword$_callTestCase_closure1.call(CallTestCaseKeyword.groovy)
	at com.kms.katalon.core.keyword.internal.KeywordMain.runKeyword(KeywordMain.groovy:54)
	at com.kms.katalon.core.keyword.builtin.CallTestCaseKeyword.callTestCase(CallTestCaseKeyword.groovy:80)
	at com.kms.katalon.core.keyword.builtin.CallTestCaseKeyword.execute(CallTestCaseKeyword.groovy:44)
	at com.kms.katalon.core.keyword.internal.KeywordExecutor.executeKeywordForPlatform(KeywordExecutor.groovy:53)
	at com.kms.katalon.core.keyword.BuiltinKeywords.callTestCase(BuiltinKeywords.groovy:334)
	at OTC_Submit Form 7_End to End - Cheque.run(OTC_Submit Form 7_End to End - Cheque:16)
	at com.kms.katalon.core.main.ScriptEngine.run(ScriptEngine.java:194)
	at com.kms.katalon.core.main.ScriptEngine.runScriptAsRawText(ScriptEngine.java:119)
	at com.kms.katalon.core.main.TestCaseExecutor.runScript(TestCaseExecutor.java:328)
	at com.kms.katalon.core.main.TestCaseExecutor.doExecute(TestCaseExecutor.java:319)
	at com.kms.katalon.core.main.TestCaseExecutor.processExecutionPhase(TestCaseExecutor.java:298)
	at com.kms.katalon.core.main.TestCaseExecutor.accessMainPhase(TestCaseExecutor.java:290)
	at com.kms.katalon.core.main.TestCaseExecutor.execute(TestCaseExecutor.java:224)
	at com.kms.katalon.core.main.TestCaseMain.runTestCase(TestCaseMain.java:106)
	at com.kms.katalon.core.keyword.builtin.CallTestCaseKeyword$_callTestCase_closure1.doCall(CallTestCaseKeyword.groovy:59)
	at com.kms.katalon.core.keyword.builtin.CallTestCaseKeyword$_callTestCase_closure1.call(CallTestCaseKeyword.groovy)
	at com.kms.katalon.core.keyword.internal.KeywordMain.runKeyword(KeywordMain.groovy:54)
	at com.kms.katalon.core.keyword.builtin.CallTestCaseKeyword.callTestCase(CallTestCaseKeyword.groovy:80)
	at com.kms.katalon.core.keyword.builtin.CallTestCaseKeyword.execute(CallTestCaseKeyword.groovy:44)
	at com.kms.katalon.core.keyword.internal.KeywordExecutor.executeKeywordForPlatform(KeywordExecutor.groovy:53)
	at com.kms.katalon.core.keyword.BuiltinKeywords.callTestCase(BuiltinKeywords.groovy:334)
	at Approve Application - JSA.run(Approve Application - JSA:16)
	at com.kms.katalon.core.main.ScriptEngine.run(ScriptEngine.java:194)
	at com.kms.katalon.core.main.ScriptEngine.runScriptAsRawText(ScriptEngine.java:119)
	at com.kms.katalon.core.main.TestCaseExecutor.runScript(TestCaseExecutor.java:328)
	at com.kms.katalon.core.main.TestCaseExecutor.doExecute(TestCaseExecutor.java:319)
	at com.kms.katalon.core.main.TestCaseExecutor.processExecutionPhase(TestCaseExecutor.java:298)
	at com.kms.katalon.core.main.TestCaseExecutor.accessMainPhase(TestCaseExecutor.java:290)
	at com.kms.katalon.core.main.TestCaseExecutor.execute(TestCaseExecutor.java:224)
	at com.kms.katalon.core.main.TestSuiteExecutor.accessTestCaseMainPhase(TestSuiteExecutor.java:129)
	at com.kms.katalon.core.main.TestSuiteExecutor.accessTestSuiteMainPhase(TestSuiteExecutor.java:112)
	at com.kms.katalon.core.main.TestSuiteExecutor.execute(TestSuiteExecutor.java:81)
	at com.kms.katalon.core.main.TestCaseMain.startTestSuite(TestCaseMain.java:149)
	at com.kms.katalon.core.main.TestCaseMain$startTestSuite$0.call(Unknown Source)
	at TempTestSuite1550738418733.run(TempTestSuite1550738418733.groovy:36)


2019-02-21 18:33:03 - [TEST_STEP][FAILED] - callTestCase(findTestCase("All TC/Arranged/2. Segment/OTC_Submit Form 7_End to End - Cheque"), [:], STOP_ON_FAILURE): callTestCase(findTestCase("All TC/Arranged/2. Segment/OTC_Submit Form 7_End to End - Cheque"), [:], STOP_ON_FAILURE) FAILED.
Reason:
com.kms.katalon.core.exception.StepFailedException: Unable to set text '10/01/2019' of object 'Object Repository/KeatMun/Form 7_default/OTC_Application_Reg/Page_PERKESO/11.Tarikh Terima_stampedDtS' (Root cause: org.openqa.selenium.UnhandledAlertException: unexpected alert open: {Alert text : HARAP MAKLUM

PERMOHONAN FAEDAH SISTEM INSURANS PEKERJAAN HANYA BOLEH DIBUAT BERMULA DARI TARIKH KEHILANGAN PEKERJAAN

Nota: Permohonan hendaklah dibuat dalam tempoh 60 hari dari tarikh kehilangan pekerjaan}
  (Session info: chrome=72.0.3626.109)
  (Driver info: chromedriver=2.43.600210 (68dcf5eebde37173d4027fa8635e332711d2874a),platform=Windows NT 6.1.7601 SP1 x86_64) (WARNING: The server did not provide any stacktrace information)
Command duration or timeout: 0 milliseconds: null
Build info: version: '3.7.1', revision: '8a0099a', time: '2017-11-06T21:07:36.161Z'
System info: host: 'WIN7TEST02', ip: '10.20.3.72', os.name: 'Windows 7', os.arch: 'amd64', os.version: '6.1', java.version: '1.8.0_181'
Driver info: com.kms.katalon.selenium.driver.CChromeDriver
Capabilities {acceptInsecureCerts: false, acceptSslCerts: false, applicationCacheEnabled: false, browserConnectionEnabled: false, browserName: chrome, chrome: {chromedriverVersion: 2.43.600210 (68dcf5eebde371..., userDataDir: C:\Users\Admin\AppData\Loca...}, cssSelectorsEnabled: true, databaseEnabled: false, goog:chromeOptions: {debuggerAddress: localhost:62909}, handlesAlerts: true, hasTouchScreen: false, javascriptEnabled: true, locationContextEnabled: true, mobileEmulationEnabled: false, nativeEvents: true, networkConnectionEnabled: false, pageLoadStrategy: normal, platform: XP, platformName: XP, rotatable: false, setWindowRect: true, takesHeapSnapshot: true, takesScreenshot: true, unexpectedAlertBehaviour: , unhandledPromptBehavior: , version: 72.0.3626.109, webStorageEnabled: true}
Session ID: a44c501b3026b3c534fe511cf06d86c7
*** Element info: {Using=xpath, value=//input[@id = 'stampedDtStr' and @name = 'stampedDtStr' and @type = 'text']})
	at com.kms.katalon.core.keyword.internal.KeywordMain.stepFailed(KeywordMain.groovy:36)
	at com.kms.katalon.core.webui.keyword.internal.WebUIKeywordMain.stepFailed(WebUIKeywordMain.groovy:65)
	at com.kms.katalon.core.webui.keyword.internal.WebUIKeywordMain.runKeyword(WebUIKeywordMain.groovy:27)
	at com.kms.katalon.core.webui.keyword.builtin.SetTextKeyword.setText(SetTextKeyword.groovy:65)
	at com.kms.katalon.core.webui.keyword.builtin.SetTextKeyword.execute(SetTextKeyword.groovy:37)
	at com.kms.katalon.core.keyword.internal.KeywordExecutor.executeKeywordForPlatform(KeywordExecutor.groovy:53)
	at com.kms.katalon.core.webui.keyword.WebUiBuiltInKeywords.setText(WebUiBuiltInKeywords.groovy:950)
	at com.kms.katalon.core.webui.keyword.WebUiBuiltInKeywords$setText$1.call(Unknown Source)
	at OTC_Application_Reg.run(OTC_Application_Reg:91)
	at com.kms.katalon.core.main.ScriptEngine.run(ScriptEngine.java:194)
	at com.kms.katalon.core.main.ScriptEngine.runScriptAsRawText(ScriptEngine.java:119)
	at com.kms.katalon.core.main.TestCaseExecutor.runScript(TestCaseExecutor.java:328)
	at com.kms.katalon.core.main.TestCaseExecutor.doExecute(TestCaseExecutor.java:319)
	at com.kms.katalon.core.main.TestCaseExecutor.processExecutionPhase(TestCaseExecutor.java:298)
	at com.kms.katalon.core.main.TestCaseExecutor.accessMainPhase(TestCaseExecutor.java:290)
	at com.kms.katalon.core.main.TestCaseExecutor.execute(TestCaseExecutor.java:224)
	at com.kms.katalon.core.main.TestCaseMain.runTestCase(TestCaseMain.java:106)
	at com.kms.katalon.core.keyword.builtin.CallTestCaseKeyword$_callTestCase_closure1.doCall(CallTestCaseKeyword.groovy:59)
	at com.kms.katalon.core.keyword.builtin.CallTestCaseKeyword$_callTestCase_closure1.call(CallTestCaseKeyword.groovy)
	at com.kms.katalon.core.keyword.internal.KeywordMain.runKeyword(KeywordMain.groovy:54)
	at com.kms.katalon.core.keyword.builtin.CallTestCaseKeyword.callTestCase(CallTestCaseKeyword.groovy:80)
	at com.kms.katalon.core.keyword.builtin.CallTestCaseKeyword.execute(CallTestCaseKeyword.groovy:44)
	at com.kms.katalon.core.keyword.internal.KeywordExecutor.executeKeywordForPlatform(KeywordExecutor.groovy:53)
	at com.kms.katalon.core.keyword.BuiltinKeywords.callTestCase(BuiltinKeywords.groovy:334)
	at OTC_Submit Form 7_End to End - Cheque.run(OTC_Submit Form 7_End to End - Cheque:16)
	at com.kms.katalon.core.main.ScriptEngine.run(ScriptEngine.java:194)
	at com.kms.katalon.core.main.ScriptEngine.runScriptAsRawText(ScriptEngine.java:119)
	at com.kms.katalon.core.main.TestCaseExecutor.runScript(TestCaseExecutor.java:328)
	at com.kms.katalon.core.main.TestCaseExecutor.doExecute(TestCaseExecutor.java:319)
	at com.kms.katalon.core.main.TestCaseExecutor.processExecutionPhase(TestCaseExecutor.java:298)
	at com.kms.katalon.core.main.TestCaseExecutor.accessMainPhase(TestCaseExecutor.java:290)
	at com.kms.katalon.core.main.TestCaseExecutor.execute(TestCaseExecutor.java:224)
	at com.kms.katalon.core.main.TestCaseMain.runTestCase(TestCaseMain.java:106)
	at com.kms.katalon.core.keyword.builtin.CallTestCaseKeyword$_callTestCase_closure1.doCall(CallTestCaseKeyword.groovy:59)
	at com.kms.katalon.core.keyword.builtin.CallTestCaseKeyword$_callTestCase_closure1.call(CallTestCaseKeyword.groovy)
	at com.kms.katalon.core.keyword.internal.KeywordMain.runKeyword(KeywordMain.groovy:54)
	at com.kms.katalon.core.keyword.builtin.CallTestCaseKeyword.callTestCase(CallTestCaseKeyword.groovy:80)
	at com.kms.katalon.core.keyword.builtin.CallTestCaseKeyword.execute(CallTestCaseKeyword.groovy:44)
	at com.kms.katalon.core.keyword.internal.KeywordExecutor.executeKeywordForPlatform(KeywordExecutor.groovy:53)
	at com.kms.katalon.core.keyword.BuiltinKeywords.callTestCase(BuiltinKeywords.groovy:334)
	at Approve Application - JSA.run(Approve Application - JSA:16)
	at com.kms.katalon.core.main.ScriptEngine.run(ScriptEngine.java:194)
	at com.kms.katalon.core.main.ScriptEngine.runScriptAsRawText(ScriptEngine.java:119)
	at com.kms.katalon.core.main.TestCaseExecutor.runScript(TestCaseExecutor.java:328)
	at com.kms.katalon.core.main.TestCaseExecutor.doExecute(TestCaseExecutor.java:319)
	at com.kms.katalon.core.main.TestCaseExecutor.processExecutionPhase(TestCaseExecutor.java:298)
	at com.kms.katalon.core.main.TestCaseExecutor.accessMainPhase(TestCaseExecutor.java:290)
	at com.kms.katalon.core.main.TestCaseExecutor.execute(TestCaseExecutor.java:224)
	at com.kms.katalon.core.main.TestSuiteExecutor.accessTestCaseMainPhase(TestSuiteExecutor.java:129)
	at com.kms.katalon.core.main.TestSuiteExecutor.accessTestSuiteMainPhase(TestSuiteExecutor.java:112)
	at com.kms.katalon.core.main.TestSuiteExecutor.execute(TestSuiteExecutor.java:81)
	at com.kms.katalon.core.main.TestCaseMain.startTestSuite(TestCaseMain.java:149)
	at com.kms.katalon.core.main.TestCaseMain$startTestSuite$0.call(Unknown Source)
	at TempTestSuite1550738418733.run(TempTestSuite1550738418733.groovy:36)


2019-02-21 18:33:03 - [TEST_CASE][FAILED] - Test Cases/All TC/Arranged/2. Segment/OTC_Submit Form 7_End to End - Cheque: Test Cases/All TC/Arranged/2. Segment/OTC_Submit Form 7_End to End - Cheque FAILED.
Reason:
com.kms.katalon.core.exception.StepFailedException: Unable to set text '10/01/2019' of object 'Object Repository/KeatMun/Form 7_default/OTC_Application_Reg/Page_PERKESO/11.Tarikh Terima_stampedDtS' (Root cause: org.openqa.selenium.UnhandledAlertException: unexpected alert open: {Alert text : HARAP MAKLUM

PERMOHONAN FAEDAH SISTEM INSURANS PEKERJAAN HANYA BOLEH DIBUAT BERMULA DARI TARIKH KEHILANGAN PEKERJAAN

Nota: Permohonan hendaklah dibuat dalam tempoh 60 hari dari tarikh kehilangan pekerjaan}
  (Session info: chrome=72.0.3626.109)
  (Driver info: chromedriver=2.43.600210 (68dcf5eebde37173d4027fa8635e332711d2874a),platform=Windows NT 6.1.7601 SP1 x86_64) (WARNING: The server did not provide any stacktrace information)
Command duration or timeout: 0 milliseconds: null
Build info: version: '3.7.1', revision: '8a0099a', time: '2017-11-06T21:07:36.161Z'
System info: host: 'WIN7TEST02', ip: '10.20.3.72', os.name: 'Windows 7', os.arch: 'amd64', os.version: '6.1', java.version: '1.8.0_181'
Driver info: com.kms.katalon.selenium.driver.CChromeDriver
Capabilities {acceptInsecureCerts: false, acceptSslCerts: false, applicationCacheEnabled: false, browserConnectionEnabled: false, browserName: chrome, chrome: {chromedriverVersion: 2.43.600210 (68dcf5eebde371..., userDataDir: C:\Users\Admin\AppData\Loca...}, cssSelectorsEnabled: true, databaseEnabled: false, goog:chromeOptions: {debuggerAddress: localhost:62909}, handlesAlerts: true, hasTouchScreen: false, javascriptEnabled: true, locationContextEnabled: true, mobileEmulationEnabled: false, nativeEvents: true, networkConnectionEnabled: false, pageLoadStrategy: normal, platform: XP, platformName: XP, rotatable: false, setWindowRect: true, takesHeapSnapshot: true, takesScreenshot: true, unexpectedAlertBehaviour: , unhandledPromptBehavior: , version: 72.0.3626.109, webStorageEnabled: true}
Session ID: a44c501b3026b3c534fe511cf06d86c7
*** Element info: {Using=xpath, value=//input[@id = 'stampedDtStr' and @name = 'stampedDtStr' and @type = 'text']})
	at com.kms.katalon.core.keyword.internal.KeywordMain.stepFailed(KeywordMain.groovy:36)
	at com.kms.katalon.core.webui.keyword.internal.WebUIKeywordMain.stepFailed(WebUIKeywordMain.groovy:65)
	at com.kms.katalon.core.webui.keyword.internal.WebUIKeywordMain.runKeyword(WebUIKeywordMain.groovy:27)
	at com.kms.katalon.core.webui.keyword.builtin.SetTextKeyword.setText(SetTextKeyword.groovy:65)
	at com.kms.katalon.core.webui.keyword.builtin.SetTextKeyword.execute(SetTextKeyword.groovy:37)
	at com.kms.katalon.core.keyword.internal.KeywordExecutor.executeKeywordForPlatform(KeywordExecutor.groovy:53)
	at com.kms.katalon.core.webui.keyword.WebUiBuiltInKeywords.setText(WebUiBuiltInKeywords.groovy:950)
	at com.kms.katalon.core.webui.keyword.WebUiBuiltInKeywords$setText$1.call(Unknown Source)
	at OTC_Application_Reg.run(OTC_Application_Reg:91)
	at com.kms.katalon.core.main.ScriptEngine.run(ScriptEngine.java:194)
	at com.kms.katalon.core.main.ScriptEngine.runScriptAsRawText(ScriptEngine.java:119)
	at com.kms.katalon.core.main.TestCaseExecutor.runScript(TestCaseExecutor.java:328)
	at com.kms.katalon.core.main.TestCaseExecutor.doExecute(TestCaseExecutor.java:319)
	at com.kms.katalon.core.main.TestCaseExecutor.processExecutionPhase(TestCaseExecutor.java:298)
	at com.kms.katalon.core.main.TestCaseExecutor.accessMainPhase(TestCaseExecutor.java:290)
	at com.kms.katalon.core.main.TestCaseExecutor.execute(TestCaseExecutor.java:224)
	at com.kms.katalon.core.main.TestCaseMain.runTestCase(TestCaseMain.java:106)
	at com.kms.katalon.core.keyword.builtin.CallTestCaseKeyword$_callTestCase_closure1.doCall(CallTestCaseKeyword.groovy:59)
	at com.kms.katalon.core.keyword.builtin.CallTestCaseKeyword$_callTestCase_closure1.call(CallTestCaseKeyword.groovy)
	at com.kms.katalon.core.keyword.internal.KeywordMain.runKeyword(KeywordMain.groovy:54)
	at com.kms.katalon.core.keyword.builtin.CallTestCaseKeyword.callTestCase(CallTestCaseKeyword.groovy:80)
	at com.kms.katalon.core.keyword.builtin.CallTestCaseKeyword.execute(CallTestCaseKeyword.groovy:44)
	at com.kms.katalon.core.keyword.internal.KeywordExecutor.executeKeywordForPlatform(KeywordExecutor.groovy:53)
	at com.kms.katalon.core.keyword.BuiltinKeywords.callTestCase(BuiltinKeywords.groovy:334)
	at OTC_Submit Form 7_End to End - Cheque.run(OTC_Submit Form 7_End to End - Cheque:16)
	at com.kms.katalon.core.main.ScriptEngine.run(ScriptEngine.java:194)
	at com.kms.katalon.core.main.ScriptEngine.runScriptAsRawText(ScriptEngine.java:119)
	at com.kms.katalon.core.main.TestCaseExecutor.runScript(TestCaseExecutor.java:328)
	at com.kms.katalon.core.main.TestCaseExecutor.doExecute(TestCaseExecutor.java:319)
	at com.kms.katalon.core.main.TestCaseExecutor.processExecutionPhase(TestCaseExecutor.java:298)
	at com.kms.katalon.core.main.TestCaseExecutor.accessMainPhase(TestCaseExecutor.java:290)
	at com.kms.katalon.core.main.TestCaseExecutor.execute(TestCaseExecutor.java:224)
	at com.kms.katalon.core.main.TestCaseMain.runTestCase(TestCaseMain.java:106)
	at com.kms.katalon.core.keyword.builtin.CallTestCaseKeyword$_callTestCase_closure1.doCall(CallTestCaseKeyword.groovy:59)
	at com.kms.katalon.core.keyword.builtin.CallTestCaseKeyword$_callTestCase_closure1.call(CallTestCaseKeyword.groovy)
	at com.kms.katalon.core.keyword.internal.KeywordMain.runKeyword(KeywordMain.groovy:54)
	at com.kms.katalon.core.keyword.builtin.CallTestCaseKeyword.callTestCase(CallTestCaseKeyword.groovy:80)
	at com.kms.katalon.core.keyword.builtin.CallTestCaseKeyword.execute(CallTestCaseKeyword.groovy:44)
	at com.kms.katalon.core.keyword.internal.KeywordExecutor.executeKeywordForPlatform(KeywordExecutor.groovy:53)
	at com.kms.katalon.core.keyword.BuiltinKeywords.callTestCase(BuiltinKeywords.groovy:334)
	at Approve Application - JSA.run(Approve Application - JSA:16)
	at com.kms.katalon.core.main.ScriptEngine.run(ScriptEngine.java:194)
	at com.kms.katalon.core.main.ScriptEngine.runScriptAsRawText(ScriptEngine.java:119)
	at com.kms.katalon.core.main.TestCaseExecutor.runScript(TestCaseExecutor.java:328)
	at com.kms.katalon.core.main.TestCaseExecutor.doExecute(TestCaseExecutor.java:319)
	at com.kms.katalon.core.main.TestCaseExecutor.processExecutionPhase(TestCaseExecutor.java:298)
	at com.kms.katalon.core.main.TestCaseExecutor.accessMainPhase(TestCaseExecutor.java:290)
	at com.kms.katalon.core.main.TestCaseExecutor.execute(TestCaseExecutor.java:224)
	at com.kms.katalon.core.main.TestSuiteExecutor.accessTestCaseMainPhase(TestSuiteExecutor.java:129)
	at com.kms.katalon.core.main.TestSuiteExecutor.accessTestSuiteMainPhase(TestSuiteExecutor.java:112)
	at com.kms.katalon.core.main.TestSuiteExecutor.execute(TestSuiteExecutor.java:81)
	at com.kms.katalon.core.main.TestCaseMain.startTestSuite(TestCaseMain.java:149)
	at com.kms.katalon.core.main.TestCaseMain$startTestSuite$0.call(Unknown Source)
	at TempTestSuite1550738418733.run(TempTestSuite1550738418733.groovy:36)


2019-02-21 18:33:03 - [TEST_STEP][FAILED] - callTestCase(findTestCase("All TC/Arranged/3. Unit/EI/Form 7_default/OTC_Application_Reg"), [:], STOP_ON_FAILURE): callTestCase(findTestCase("All TC/Arranged/3. Unit/EI/Form 7_default/OTC_Application_Reg"), [:], STOP_ON_FAILURE) FAILED.
Reason:
com.kms.katalon.core.exception.StepFailedException: Unable to set text '10/01/2019' of object 'Object Repository/KeatMun/Form 7_default/OTC_Application_Reg/Page_PERKESO/11.Tarikh Terima_stampedDtS' (Root cause: org.openqa.selenium.UnhandledAlertException: unexpected alert open: {Alert text : HARAP MAKLUM

PERMOHONAN FAEDAH SISTEM INSURANS PEKERJAAN HANYA BOLEH DIBUAT BERMULA DARI TARIKH KEHILANGAN PEKERJAAN

Nota: Permohonan hendaklah dibuat dalam tempoh 60 hari dari tarikh kehilangan pekerjaan}
  (Session info: chrome=72.0.3626.109)
  (Driver info: chromedriver=2.43.600210 (68dcf5eebde37173d4027fa8635e332711d2874a),platform=Windows NT 6.1.7601 SP1 x86_64) (WARNING: The server did not provide any stacktrace information)
Command duration or timeout: 0 milliseconds: null
Build info: version: '3.7.1', revision: '8a0099a', time: '2017-11-06T21:07:36.161Z'
System info: host: 'WIN7TEST02', ip: '10.20.3.72', os.name: 'Windows 7', os.arch: 'amd64', os.version: '6.1', java.version: '1.8.0_181'
Driver info: com.kms.katalon.selenium.driver.CChromeDriver
Capabilities {acceptInsecureCerts: false, acceptSslCerts: false, applicationCacheEnabled: false, browserConnectionEnabled: false, browserName: chrome, chrome: {chromedriverVersion: 2.43.600210 (68dcf5eebde371..., userDataDir: C:\Users\Admin\AppData\Loca...}, cssSelectorsEnabled: true, databaseEnabled: false, goog:chromeOptions: {debuggerAddress: localhost:62909}, handlesAlerts: true, hasTouchScreen: false, javascriptEnabled: true, locationContextEnabled: true, mobileEmulationEnabled: false, nativeEvents: true, networkConnectionEnabled: false, pageLoadStrategy: normal, platform: XP, platformName: XP, rotatable: false, setWindowRect: true, takesHeapSnapshot: true, takesScreenshot: true, unexpectedAlertBehaviour: , unhandledPromptBehavior: , version: 72.0.3626.109, webStorageEnabled: true}
Session ID: a44c501b3026b3c534fe511cf06d86c7
*** Element info: {Using=xpath, value=//input[@id = 'stampedDtStr' and @name = 'stampedDtStr' and @type = 'text']})
	at com.kms.katalon.core.keyword.internal.KeywordMain.stepFailed(KeywordMain.groovy:36)
	at com.kms.katalon.core.webui.keyword.internal.WebUIKeywordMain.stepFailed(WebUIKeywordMain.groovy:65)
	at com.kms.katalon.core.webui.keyword.internal.WebUIKeywordMain.runKeyword(WebUIKeywordMain.groovy:27)
	at com.kms.katalon.core.webui.keyword.builtin.SetTextKeyword.setText(SetTextKeyword.groovy:65)
	at com.kms.katalon.core.webui.keyword.builtin.SetTextKeyword.execute(SetTextKeyword.groovy:37)
	at com.kms.katalon.core.keyword.internal.KeywordExecutor.executeKeywordForPlatform(KeywordExecutor.groovy:53)
	at com.kms.katalon.core.webui.keyword.WebUiBuiltInKeywords.setText(WebUiBuiltInKeywords.groovy:950)
	at com.kms.katalon.core.webui.keyword.WebUiBuiltInKeywords$setText$1.call(Unknown Source)
	at OTC_Application_Reg.run(OTC_Application_Reg:91)
	at com.kms.katalon.core.main.ScriptEngine.run(ScriptEngine.java:194)
	at com.kms.katalon.core.main.ScriptEngine.runScriptAsRawText(ScriptEngine.java:119)
	at com.kms.katalon.core.main.TestCaseExecutor.runScript(TestCaseExecutor.java:328)
	at com.kms.katalon.core.main.TestCaseExecutor.doExecute(TestCaseExecutor.java:319)
	at com.kms.katalon.core.main.TestCaseExecutor.processExecutionPhase(TestCaseExecutor.java:298)
	at com.kms.katalon.core.main.TestCaseExecutor.accessMainPhase(TestCaseExecutor.java:290)
	at com.kms.katalon.core.main.TestCaseExecutor.execute(TestCaseExecutor.java:224)
	at com.kms.katalon.core.main.TestCaseMain.runTestCase(TestCaseMain.java:106)
	at com.kms.katalon.core.keyword.builtin.CallTestCaseKeyword$_callTestCase_closure1.doCall(CallTestCaseKeyword.groovy:59)
	at com.kms.katalon.core.keyword.builtin.CallTestCaseKeyword$_callTestCase_closure1.call(CallTestCaseKeyword.groovy)
	at com.kms.katalon.core.keyword.internal.KeywordMain.runKeyword(KeywordMain.groovy:54)
	at com.kms.katalon.core.keyword.builtin.CallTestCaseKeyword.callTestCase(CallTestCaseKeyword.groovy:80)
	at com.kms.katalon.core.keyword.builtin.CallTestCaseKeyword.execute(CallTestCaseKeyword.groovy:44)
	at com.kms.katalon.core.keyword.internal.KeywordExecutor.executeKeywordForPlatform(KeywordExecutor.groovy:53)
	at com.kms.katalon.core.keyword.BuiltinKeywords.callTestCase(BuiltinKeywords.groovy:334)
	at OTC_Submit Form 7_End to End - Cheque.run(OTC_Submit Form 7_End to End - Cheque:16)
	at com.kms.katalon.core.main.ScriptEngine.run(ScriptEngine.java:194)
	at com.kms.katalon.core.main.ScriptEngine.runScriptAsRawText(ScriptEngine.java:119)
	at com.kms.katalon.core.main.TestCaseExecutor.runScript(TestCaseExecutor.java:328)
	at com.kms.katalon.core.main.TestCaseExecutor.doExecute(TestCaseExecutor.java:319)
	at com.kms.katalon.core.main.TestCaseExecutor.processExecutionPhase(TestCaseExecutor.java:298)
	at com.kms.katalon.core.main.TestCaseExecutor.accessMainPhase(TestCaseExecutor.java:290)
	at com.kms.katalon.core.main.TestCaseExecutor.execute(TestCaseExecutor.java:224)
	at com.kms.katalon.core.main.TestCaseMain.runTestCase(TestCaseMain.java:106)
	at com.kms.katalon.core.keyword.builtin.CallTestCaseKeyword$_callTestCase_closure1.doCall(CallTestCaseKeyword.groovy:59)
	at com.kms.katalon.core.keyword.builtin.CallTestCaseKeyword$_callTestCase_closure1.call(CallTestCaseKeyword.groovy)
	at com.kms.katalon.core.keyword.internal.KeywordMain.runKeyword(KeywordMain.groovy:54)
	at com.kms.katalon.core.keyword.builtin.CallTestCaseKeyword.callTestCase(CallTestCaseKeyword.groovy:80)
	at com.kms.katalon.core.keyword.builtin.CallTestCaseKeyword.execute(CallTestCaseKeyword.groovy:44)
	at com.kms.katalon.core.keyword.internal.KeywordExecutor.executeKeywordForPlatform(KeywordExecutor.groovy:53)
	at com.kms.katalon.core.keyword.BuiltinKeywords.callTestCase(BuiltinKeywords.groovy:334)
	at Approve Application - JSA.run(Approve Application - JSA:16)
	at com.kms.katalon.core.main.ScriptEngine.run(ScriptEngine.java:194)
	at com.kms.katalon.core.main.ScriptEngine.runScriptAsRawText(ScriptEngine.java:119)
	at com.kms.katalon.core.main.TestCaseExecutor.runScript(TestCaseExecutor.java:328)
	at com.kms.katalon.core.main.TestCaseExecutor.doExecute(TestCaseExecutor.java:319)
	at com.kms.katalon.core.main.TestCaseExecutor.processExecutionPhase(TestCaseExecutor.java:298)
	at com.kms.katalon.core.main.TestCaseExecutor.accessMainPhase(TestCaseExecutor.java:290)
	at com.kms.katalon.core.main.TestCaseExecutor.execute(TestCaseExecutor.java:224)
	at com.kms.katalon.core.main.TestSuiteExecutor.accessTestCaseMainPhase(TestSuiteExecutor.java:129)
	at com.kms.katalon.core.main.TestSuiteExecutor.accessTestSuiteMainPhase(TestSuiteExecutor.java:112)
	at com.kms.katalon.core.main.TestSuiteExecutor.execute(TestSuiteExecutor.java:81)
	at com.kms.katalon.core.main.TestCaseMain.startTestSuite(TestCaseMain.java:149)
	at com.kms.katalon.core.main.TestCaseMain$startTestSuite$0.call(Unknown Source)
	at TempTestSuite1550738418733.run(TempTestSuite1550738418733.groovy:36)


2019-02-21 18:33:03 - [TEST_CASE][FAILED] - Test Cases/All TC/Arranged/3. Unit/EI/Form 7_default/OTC_Application_Reg: Test Cases/All TC/Arranged/3. Unit/EI/Form 7_default/OTC_Application_Reg FAILED.
Reason:
com.kms.katalon.core.exception.StepFailedException: Unable to set text '10/01/2019' of object 'Object Repository/KeatMun/Form 7_default/OTC_Application_Reg/Page_PERKESO/11.Tarikh Terima_stampedDtS' (Root cause: org.openqa.selenium.UnhandledAlertException: unexpected alert open: {Alert text : HARAP MAKLUM

PERMOHONAN FAEDAH SISTEM INSURANS PEKERJAAN HANYA BOLEH DIBUAT BERMULA DARI TARIKH KEHILANGAN PEKERJAAN

Nota: Permohonan hendaklah dibuat dalam tempoh 60 hari dari tarikh kehilangan pekerjaan}
  (Session info: chrome=72.0.3626.109)
  (Driver info: chromedriver=2.43.600210 (68dcf5eebde37173d4027fa8635e332711d2874a),platform=Windows NT 6.1.7601 SP1 x86_64) (WARNING: The server did not provide any stacktrace information)
Command duration or timeout: 0 milliseconds: null
Build info: version: '3.7.1', revision: '8a0099a', time: '2017-11-06T21:07:36.161Z'
System info: host: 'WIN7TEST02', ip: '10.20.3.72', os.name: 'Windows 7', os.arch: 'amd64', os.version: '6.1', java.version: '1.8.0_181'
Driver info: com.kms.katalon.selenium.driver.CChromeDriver
Capabilities {acceptInsecureCerts: false, acceptSslCerts: false, applicationCacheEnabled: false, browserConnectionEnabled: false, browserName: chrome, chrome: {chromedriverVersion: 2.43.600210 (68dcf5eebde371..., userDataDir: C:\Users\Admin\AppData\Loca...}, cssSelectorsEnabled: true, databaseEnabled: false, goog:chromeOptions: {debuggerAddress: localhost:62909}, handlesAlerts: true, hasTouchScreen: false, javascriptEnabled: true, locationContextEnabled: true, mobileEmulationEnabled: false, nativeEvents: true, networkConnectionEnabled: false, pageLoadStrategy: normal, platform: XP, platformName: XP, rotatable: false, setWindowRect: true, takesHeapSnapshot: true, takesScreenshot: true, unexpectedAlertBehaviour: , unhandledPromptBehavior: , version: 72.0.3626.109, webStorageEnabled: true}
Session ID: a44c501b3026b3c534fe511cf06d86c7
*** Element info: {Using=xpath, value=//input[@id = 'stampedDtStr' and @name = 'stampedDtStr' and @type = 'text']})
	at com.kms.katalon.core.keyword.internal.KeywordMain.stepFailed(KeywordMain.groovy:36)
	at com.kms.katalon.core.webui.keyword.internal.WebUIKeywordMain.stepFailed(WebUIKeywordMain.groovy:65)
	at com.kms.katalon.core.webui.keyword.internal.WebUIKeywordMain.runKeyword(WebUIKeywordMain.groovy:27)
	at com.kms.katalon.core.webui.keyword.builtin.SetTextKeyword.setText(SetTextKeyword.groovy:65)
	at com.kms.katalon.core.webui.keyword.builtin.SetTextKeyword.execute(SetTextKeyword.groovy:37)
	at com.kms.katalon.core.keyword.internal.KeywordExecutor.executeKeywordForPlatform(KeywordExecutor.groovy:53)
	at com.kms.katalon.core.webui.keyword.WebUiBuiltInKeywords.setText(WebUiBuiltInKeywords.groovy:950)
	at com.kms.katalon.core.webui.keyword.WebUiBuiltInKeywords$setText$1.call(Unknown Source)
	at OTC_Application_Reg.run(OTC_Application_Reg:91)
	at com.kms.katalon.core.main.ScriptEngine.run(ScriptEngine.java:194)
	at com.kms.katalon.core.main.ScriptEngine.runScriptAsRawText(ScriptEngine.java:119)
	at com.kms.katalon.core.main.TestCaseExecutor.runScript(TestCaseExecutor.java:328)
	at com.kms.katalon.core.main.TestCaseExecutor.doExecute(TestCaseExecutor.java:319)
	at com.kms.katalon.core.main.TestCaseExecutor.processExecutionPhase(TestCaseExecutor.java:298)
	at com.kms.katalon.core.main.TestCaseExecutor.accessMainPhase(TestCaseExecutor.java:290)
	at com.kms.katalon.core.main.TestCaseExecutor.execute(TestCaseExecutor.java:224)
	at com.kms.katalon.core.main.TestCaseMain.runTestCase(TestCaseMain.java:106)
	at com.kms.katalon.core.keyword.builtin.CallTestCaseKeyword$_callTestCase_closure1.doCall(CallTestCaseKeyword.groovy:59)
	at com.kms.katalon.core.keyword.builtin.CallTestCaseKeyword$_callTestCase_closure1.call(CallTestCaseKeyword.groovy)
	at com.kms.katalon.core.keyword.internal.KeywordMain.runKeyword(KeywordMain.groovy:54)
	at com.kms.katalon.core.keyword.builtin.CallTestCaseKeyword.callTestCase(CallTestCaseKeyword.groovy:80)
	at com.kms.katalon.core.keyword.builtin.CallTestCaseKeyword.execute(CallTestCaseKeyword.groovy:44)
	at com.kms.katalon.core.keyword.internal.KeywordExecutor.executeKeywordForPlatform(KeywordExecutor.groovy:53)
	at com.kms.katalon.core.keyword.BuiltinKeywords.callTestCase(BuiltinKeywords.groovy:334)
	at OTC_Submit Form 7_End to End - Cheque.run(OTC_Submit Form 7_End to End - Cheque:16)
	at com.kms.katalon.core.main.ScriptEngine.run(ScriptEngine.java:194)
	at com.kms.katalon.core.main.ScriptEngine.runScriptAsRawText(ScriptEngine.java:119)
	at com.kms.katalon.core.main.TestCaseExecutor.runScript(TestCaseExecutor.java:328)
	at com.kms.katalon.core.main.TestCaseExecutor.doExecute(TestCaseExecutor.java:319)
	at com.kms.katalon.core.main.TestCaseExecutor.processExecutionPhase(TestCaseExecutor.java:298)
	at com.kms.katalon.core.main.TestCaseExecutor.accessMainPhase(TestCaseExecutor.java:290)
	at com.kms.katalon.core.main.TestCaseExecutor.execute(TestCaseExecutor.java:224)
	at com.kms.katalon.core.main.TestCaseMain.runTestCase(TestCaseMain.java:106)
	at com.kms.katalon.core.keyword.builtin.CallTestCaseKeyword$_callTestCase_closure1.doCall(CallTestCaseKeyword.groovy:59)
	at com.kms.katalon.core.keyword.builtin.CallTestCaseKeyword$_callTestCase_closure1.call(CallTestCaseKeyword.groovy)
	at com.kms.katalon.core.keyword.internal.KeywordMain.runKeyword(KeywordMain.groovy:54)
	at com.kms.katalon.core.keyword.builtin.CallTestCaseKeyword.callTestCase(CallTestCaseKeyword.groovy:80)
	at com.kms.katalon.core.keyword.builtin.CallTestCaseKeyword.execute(CallTestCaseKeyword.groovy:44)
	at com.kms.katalon.core.keyword.internal.KeywordExecutor.executeKeywordForPlatform(KeywordExecutor.groovy:53)
	at com.kms.katalon.core.keyword.BuiltinKeywords.callTestCase(BuiltinKeywords.groovy:334)
	at Approve Application - JSA.run(Approve Application - JSA:16)
	at com.kms.katalon.core.main.ScriptEngine.run(ScriptEngine.java:194)
	at com.kms.katalon.core.main.ScriptEngine.runScriptAsRawText(ScriptEngine.java:119)
	at com.kms.katalon.core.main.TestCaseExecutor.runScript(TestCaseExecutor.java:328)
	at com.kms.katalon.core.main.TestCaseExecutor.doExecute(TestCaseExecutor.java:319)
	at com.kms.katalon.core.main.TestCaseExecutor.processExecutionPhase(TestCaseExecutor.java:298)
	at com.kms.katalon.core.main.TestCaseExecutor.accessMainPhase(TestCaseExecutor.java:290)
	at com.kms.katalon.core.main.TestCaseExecutor.execute(TestCaseExecutor.java:224)
	at com.kms.katalon.core.main.TestSuiteExecutor.accessTestCaseMainPhase(TestSuiteExecutor.java:129)
	at com.kms.katalon.core.main.TestSuiteExecutor.accessTestSuiteMainPhase(TestSuiteExecutor.java:112)
	at com.kms.katalon.core.main.TestSuiteExecutor.execute(TestSuiteExecutor.java:81)
	at com.kms.katalon.core.main.TestCaseMain.startTestSuite(TestCaseMain.java:149)
	at com.kms.katalon.core.main.TestCaseMain$startTestSuite$0.call(Unknown Source)
	at TempTestSuite1550738418733.run(TempTestSuite1550738418733.groovy:36)


2019-02-21 18:33:03 - [TEST_STEP][PASSED] - openBrowser(""): Browser is opened with url: ''

2019-02-21 18:33:03 - [MESSAGE][WARNING] - A browser is already opened. Closing browser and opening a new one

2019-02-21 18:33:03 - [MESSAGE][INFO] - Starting 'Chrome' driver

2019-02-21 18:33:03 - [MESSAGE][INFO] - User set preference: ['args', '[--start-maximized]']

2019-02-21 18:33:06 - [MESSAGE][PASSED] - Browser is opened with url: ''

2019-02-21 18:33:06 - [TEST_STEP][PASSED] - navigateToUrl(Internal_Login): Navigate to 'http://10.20.24.188/eisportal/user/login' successfully

2019-02-21 18:33:06 - [MESSAGE][PASSED] - Navigate to 'http://10.20.24.188/eisportal/user/login' successfully

2019-02-21 18:33:06 - [TEST_STEP][PASSED] - delay(3): Delayed 3 second(s)

2019-02-21 18:33:09 - [MESSAGE][PASSED] - Delayed 3 second(s)

2019-02-21 18:33:09 - [TEST_STEP][PASSED] - setText(findTestObject("KeatMun/Form 7_default/OTC_Application_Reg/Page_PERKESO/1.username"), "faizal.hamid@perkeso.gov.my"): Text 'faizal.hamid@perkeso.gov.my' is set on object 'Object Repository/KeatMun/Form 7_default/OTC_Application_Reg/Page_PERKESO/1.username'

2019-02-21 18:33:10 - [MESSAGE][PASSED] - Text 'faizal.hamid@perkeso.gov.my' is set on object 'Object Repository/KeatMun/Form 7_default/OTC_Application_Reg/Page_PERKESO/1.username'

2019-02-21 18:33:10 - [TEST_STEP][PASSED] - delay(1): Delayed 1 second(s)

2019-02-21 18:33:11 - [MESSAGE][PASSED] - Delayed 1 second(s)

2019-02-21 18:33:11 - [TEST_STEP][PASSED] - setEncryptedText(findTestObject("KeatMun/Form 7_default/OTC_Application_Reg/Page_PERKESO/2.password"), "CQqwFZlbeC8="): Text ****** has been set on object 'Object Repository/KeatMun/Form 7_default/OTC_Application_Reg/Page_PERKESO/2.password'

2019-02-21 18:33:11 - [MESSAGE][PASSED] - Text ****** has been set on object 'Object Repository/KeatMun/Form 7_default/OTC_Application_Reg/Page_PERKESO/2.password'

2019-02-21 18:33:11 - [TEST_STEP][PASSED] - delay(2): Delayed 2 second(s)

2019-02-21 18:33:13 - [MESSAGE][PASSED] - Delayed 2 second(s)

2019-02-21 18:33:13 - [TEST_STEP][PASSED] - click(findTestObject("KeatMun/Form 7_default/OTC_Application_Reg/Page_PERKESO/3.login button")): Object: 'Object Repository/KeatMun/Form 7_default/OTC_Application_Reg/Page_PERKESO/3.login button' is clicked on

2019-02-21 18:33:14 - [MESSAGE][PASSED] - Object: 'Object Repository/KeatMun/Form 7_default/OTC_Application_Reg/Page_PERKESO/3.login button' is clicked on

2019-02-21 18:33:14 - [TEST_STEP][PASSED] - delay(2): Delayed 2 second(s)

2019-02-21 18:33:16 - [MESSAGE][PASSED] - Delayed 2 second(s)

2019-02-21 18:33:16 - [TEST_STEP][PASSED] - click(findTestObject("KeatMun/Form 7_default/OTC_Application_Reg/Page_PERKESO/4. Permohonan tab")): Object: 'Object Repository/KeatMun/Form 7_default/OTC_Application_Reg/Page_PERKESO/4. Permohonan tab' is clicked on

2019-02-21 18:33:17 - [MESSAGE][PASSED] - Object: 'Object Repository/KeatMun/Form 7_default/OTC_Application_Reg/Page_PERKESO/4. Permohonan tab' is clicked on

2019-02-21 18:33:17 - [TEST_STEP][PASSED] - delay(2): Delayed 2 second(s)

2019-02-21 18:33:19 - [MESSAGE][PASSED] - Delayed 2 second(s)

2019-02-21 18:33:19 - [TEST_STEP][PASSED] - click(findTestObject("KeatMun/Form 7_default/OTC_Application_Reg/Page_PERKESO/5.button_Setuju")): Object: 'Object Repository/KeatMun/Form 7_default/OTC_Application_Reg/Page_PERKESO/5.button_Setuju' is clicked on

2019-02-21 18:33:19 - [MESSAGE][PASSED] - Object: 'Object Repository/KeatMun/Form 7_default/OTC_Application_Reg/Page_PERKESO/5.button_Setuju' is clicked on

2019-02-21 18:33:19 - [TEST_STEP][PASSED] - delay(2): Delayed 2 second(s)

2019-02-21 18:33:21 - [MESSAGE][PASSED] - Delayed 2 second(s)

2019-02-21 18:33:21 - [TEST_STEP][PASSED] - callTestCase(findTestCase("All TC/Arranged/1. Common/IC List Checker"), [:], STOP_ON_FAILURE): Call Test Case 'Test Cases/All TC/Arranged/1. Common/IC List Checker' successfully

2019-02-21 18:33:21 - [TEST_CASE][PASSED] - Test Cases/All TC/Arranged/1. Common/IC List Checker: Test Cases/All TC/Arranged/1. Common/IC List Checker

2019-02-21 18:33:21 - [TEST_STEP][PASSED] - counter = 0: null

2019-02-21 18:33:21 - [TEST_STEP][PASSED] - fis = new java.io.FileInputStream((internal.GlobalVariable.TextFilePathCommon + \IC.xlsx)): null

2019-02-21 18:33:21 - [TEST_STEP][PASSED] - workbook = new org.apache.poi.xssf.usermodel.XSSFWorkbook(fis): null

2019-02-21 18:33:22 - [TEST_STEP][PASSED] - sheet = workbook.getSheet("Sheet1"): null

2019-02-21 18:33:22 - [TEST_STEP][PASSED] - totalRow = sheet.getLastRowNum(): null

2019-02-21 18:33:22 - [TEST_STEP][PASSED] - out.println(totalRow): null

2019-02-21 18:33:22 - [TEST_STEP][PASSED] - row = sheet.getRow(counter): null

2019-02-21 18:33:22 - [TEST_STEP][PASSED] - cell = row.getCell(counter): null

2019-02-21 18:33:22 - [TEST_STEP][PASSED] - a = cell.getStringCellValue(): null

2019-02-21 18:33:22 - [TEST_STEP][PASSED] - IC = a: null

2019-02-21 18:33:22 - [TEST_STEP][PASSED] - out.println(IC): null

2019-02-21 18:33:22 - [TEST_STEP][PASSED] - callTestCase(findTestCase("All TC/Arranged/1. Common/1.2 Setter/Setter IC"), [:], STOP_ON_FAILURE): Call Test Case 'Test Cases/All TC/Arranged/1. Common/1.2 Setter/Setter IC' successfully

2019-02-21 18:33:22 - [TEST_CASE][PASSED] - Test Cases/All TC/Arranged/1. Common/1.2 Setter/Setter IC: Test Cases/All TC/Arranged/1. Common/1.2 Setter/Setter IC

2019-02-21 18:33:22 - [TEST_STEP][PASSED] - RefNoOldFile = new java.io.File((internal.GlobalVariable.TextFilePathCommon + \getIC.txt)): null

2019-02-21 18:33:22 - [TEST_STEP][PASSED] - RefNoOldFile.delete(): null

2019-02-21 18:33:22 - [TEST_STEP][PASSED] - delay(5): Delayed 5 second(s)

2019-02-21 18:33:27 - [MESSAGE][PASSED] - Delayed 5 second(s)

2019-02-21 18:33:27 - [TEST_STEP][PASSED] - RefNo = new java.io.File((internal.GlobalVariable.TextFilePathCommon + \getIC.txt)): null

2019-02-21 18:33:27 - [TEST_STEP][PASSED] - f2 = new java.io.FileWriter(RefNo, false): null

2019-02-21 18:33:27 - [TEST_STEP][PASSED] - f2.write(IC): null

2019-02-21 18:33:27 - [TEST_STEP][PASSED] - f2.close(): null

2019-02-21 18:33:27 - [TEST_STEP][PASSED] - out.println("


" + IC + "


"): null

2019-02-21 18:33:27 - [MESSAGE][PASSED] - Call Test Case 'Test Cases/All TC/Arranged/1. Common/1.2 Setter/Setter IC' successfully

2019-02-21 18:33:27 - [MESSAGE][PASSED] - Call Test Case 'Test Cases/All TC/Arranged/1. Common/IC List Checker' successfully

2019-02-21 18:33:27 - [TEST_STEP][PASSED] - setText(findTestObject("KeatMun/Form 7_default/OTC_Application_Reg/Page_PERKESO/6.No. Kad Pengenalan"), IC): Text '541115045367' is set on object 'Object Repository/KeatMun/Form 7_default/OTC_Application_Reg/Page_PERKESO/6.No. Kad Pengenalan'

2019-02-21 18:33:27 - [MESSAGE][PASSED] - Text '541115045367' is set on object 'Object Repository/KeatMun/Form 7_default/OTC_Application_Reg/Page_PERKESO/6.No. Kad Pengenalan'

2019-02-21 18:33:27 - [TEST_STEP][PASSED] - delay(2): Delayed 2 second(s)

2019-02-21 18:33:29 - [MESSAGE][PASSED] - Delayed 2 second(s)

2019-02-21 18:33:29 - [TEST_STEP][PASSED] - click(findTestObject("KeatMun/Form 7_default/OTC_Application_Reg/Page_PERKESO/7.button_Semak")): Object: 'Object Repository/KeatMun/Form 7_default/OTC_Application_Reg/Page_PERKESO/7.button_Semak' is clicked on

2019-02-21 18:33:29 - [MESSAGE][PASSED] - Object: 'Object Repository/KeatMun/Form 7_default/OTC_Application_Reg/Page_PERKESO/7.button_Semak' is clicked on

2019-02-21 18:33:29 - [TEST_STEP][PASSED] - delay(4): Delayed 4 second(s)

2019-02-21 18:33:33 - [MESSAGE][PASSED] - Delayed 4 second(s)

2019-02-21 18:33:33 - [TEST_STEP][PASSED] - click(findTestObject("KeatMun/Form 7_default/OTC_Application_Reg/Page_PERKESO/8. Nama Majikan Dropdown")): Object: 'Object Repository/KeatMun/Form 7_default/OTC_Application_Reg/Page_PERKESO/8. Nama Majikan Dropdown' is clicked on

2019-02-21 18:33:33 - [MESSAGE][PASSED] - Object: 'Object Repository/KeatMun/Form 7_default/OTC_Application_Reg/Page_PERKESO/8. Nama Majikan Dropdown' is clicked on

2019-02-21 18:33:33 - [TEST_STEP][PASSED] - setText(findTestObject("KeatMun/Form 7_default/OTC_Application_Reg/Page_PERKESO/8. LOE emp"), "pet"): Text 'pet' is set on object 'Object Repository/KeatMun/Form 7_default/OTC_Application_Reg/Page_PERKESO/8. LOE emp'

2019-02-21 18:33:33 - [MESSAGE][PASSED] - Text 'pet' is set on object 'Object Repository/KeatMun/Form 7_default/OTC_Application_Reg/Page_PERKESO/8. LOE emp'

2019-02-21 18:33:33 - [TEST_STEP][PASSED] - click(findTestObject("KeatMun/Form 7_default/OTC_Application_Reg/Page_PERKESO/8. PETRONAS")): Object: 'Object Repository/KeatMun/Form 7_default/OTC_Application_Reg/Page_PERKESO/8. PETRONAS' is clicked on

2019-02-21 18:33:34 - [MESSAGE][PASSED] - Object: 'Object Repository/KeatMun/Form 7_default/OTC_Application_Reg/Page_PERKESO/8. PETRONAS' is clicked on

2019-02-21 18:33:34 - [TEST_STEP][PASSED] - delay(2): Delayed 2 second(s)

2019-02-21 18:33:36 - [MESSAGE][PASSED] - Delayed 2 second(s)

2019-02-21 18:33:36 - [TEST_STEP][PASSED] - TodayDate = new java.util.Date(): null

2019-02-21 18:33:36 - [TEST_STEP][PASSED] - CurrentDateNoFilter = new java.text.SimpleDateFormat(): null

2019-02-21 18:33:36 - [TEST_STEP][PASSED] - CurrentDateNoFilter.applyPattern("dd/MM/yyyy"): null

2019-02-21 18:33:36 - [TEST_STEP][PASSED] - CurrentDate = CurrentDateNoFilter.format(TodayDate): null

2019-02-21 18:33:36 - [TEST_STEP][PASSED] - out.println(CurrentDate): null

2019-02-21 18:33:36 - [TEST_STEP][PASSED] - date = CurrentDate: null

2019-02-21 18:33:36 - [TEST_STEP][PASSED] - setText(findTestObject("KeatMun/Form 7_default/OTC_Application_Reg/Page_PERKESO/9.Tarikh kehilangan pkj"), date): Text '21/02/2019' is set on object 'Object Repository/KeatMun/Form 7_default/OTC_Application_Reg/Page_PERKESO/9.Tarikh kehilangan pkj'

2019-02-21 18:33:36 - [MESSAGE][PASSED] - Text '21/02/2019' is set on object 'Object Repository/KeatMun/Form 7_default/OTC_Application_Reg/Page_PERKESO/9.Tarikh kehilangan pkj'

2019-02-21 18:33:36 - [TEST_STEP][PASSED] - delay(2): Delayed 2 second(s)

2019-02-21 18:33:38 - [MESSAGE][PASSED] - Delayed 2 second(s)

2019-02-21 18:33:38 - [TEST_STEP][PASSED] - click(findTestObject("KeatMun/Form 7_default/OTC_Application_Reg/Page_PERKESO/9. Date Picker Done Button ")): Object: 'Object Repository/KeatMun/Form 7_default/OTC_Application_Reg/Page_PERKESO/9. Date Picker Done Button ' is clicked on

2019-02-21 18:33:38 - [MESSAGE][PASSED] - Object: 'Object Repository/KeatMun/Form 7_default/OTC_Application_Reg/Page_PERKESO/9. Date Picker Done Button ' is clicked on

2019-02-21 18:33:38 - [TEST_STEP][PASSED] - delay(2): Delayed 2 second(s)

2019-02-21 18:33:40 - [MESSAGE][PASSED] - Delayed 2 second(s)

2019-02-21 18:33:40 - [TEST_STEP][PASSED] - click(findTestObject("KeatMun/Form 7_default/OTC_Application_Reg/Page_PERKESO/10.button_Mohon")): Object: 'Object Repository/KeatMun/Form 7_default/OTC_Application_Reg/Page_PERKESO/10.button_Mohon' is clicked on

2019-02-21 18:33:40 - [MESSAGE][PASSED] - Object: 'Object Repository/KeatMun/Form 7_default/OTC_Application_Reg/Page_PERKESO/10.button_Mohon' is clicked on

2019-02-21 18:33:40 - [TEST_STEP][PASSED] - delay(2): Delayed 2 second(s)

2019-02-21 18:33:42 - [MESSAGE][PASSED] - Delayed 2 second(s)

2019-02-21 18:33:42 - [TEST_STEP][FAILED] - setText(findTestObject("KeatMun/Form 7_default/OTC_Application_Reg/Page_PERKESO/11.Tarikh Terima_stampedDtS"), "10/01/2019"): setText(findTestObject("KeatMun/Form 7_default/OTC_Application_Reg/Page_PERKESO/11.Tarikh Terima_stampedDtS"), "10/01/2019") FAILED.
Reason:
com.kms.katalon.core.exception.StepFailedException: Unable to set text '10/01/2019' of object 'Object Repository/KeatMun/Form 7_default/OTC_Application_Reg/Page_PERKESO/11.Tarikh Terima_stampedDtS' (Root cause: org.openqa.selenium.UnhandledAlertException: unexpected alert open: {Alert text : HARAP MAKLUM

PERMOHONAN FAEDAH SISTEM INSURANS PEKERJAAN HANYA BOLEH DIBUAT BERMULA DARI TARIKH KEHILANGAN PEKERJAAN

Nota: Permohonan hendaklah dibuat dalam tempoh 60 hari dari tarikh kehilangan pekerjaan}
  (Session info: chrome=72.0.3626.109)
  (Driver info: chromedriver=2.43.600210 (68dcf5eebde37173d4027fa8635e332711d2874a),platform=Windows NT 6.1.7601 SP1 x86_64) (WARNING: The server did not provide any stacktrace information)
Command duration or timeout: 0 milliseconds: null
Build info: version: '3.7.1', revision: '8a0099a', time: '2017-11-06T21:07:36.161Z'
System info: host: 'WIN7TEST02', ip: '10.20.3.72', os.name: 'Windows 7', os.arch: 'amd64', os.version: '6.1', java.version: '1.8.0_181'
Driver info: com.kms.katalon.selenium.driver.CChromeDriver
Capabilities {acceptInsecureCerts: false, acceptSslCerts: false, applicationCacheEnabled: false, browserConnectionEnabled: false, browserName: chrome, chrome: {chromedriverVersion: 2.43.600210 (68dcf5eebde371..., userDataDir: C:\Users\Admin\AppData\Loca...}, cssSelectorsEnabled: true, databaseEnabled: false, goog:chromeOptions: {debuggerAddress: localhost:62909}, handlesAlerts: true, hasTouchScreen: false, javascriptEnabled: true, locationContextEnabled: true, mobileEmulationEnabled: false, nativeEvents: true, networkConnectionEnabled: false, pageLoadStrategy: normal, platform: XP, platformName: XP, rotatable: false, setWindowRect: true, takesHeapSnapshot: true, takesScreenshot: true, unexpectedAlertBehaviour: , unhandledPromptBehavior: , version: 72.0.3626.109, webStorageEnabled: true}
Session ID: a44c501b3026b3c534fe511cf06d86c7
*** Element info: {Using=xpath, value=//input[@id = 'stampedDtStr' and @name = 'stampedDtStr' and @type = 'text']})
	at com.kms.katalon.core.keyword.internal.KeywordMain.stepFailed(KeywordMain.groovy:36)
	at com.kms.katalon.core.webui.keyword.internal.WebUIKeywordMain.stepFailed(WebUIKeywordMain.groovy:65)
	at com.kms.katalon.core.webui.keyword.internal.WebUIKeywordMain.runKeyword(WebUIKeywordMain.groovy:27)
	at com.kms.katalon.core.webui.keyword.builtin.SetTextKeyword.setText(SetTextKeyword.groovy:65)
	at com.kms.katalon.core.webui.keyword.builtin.SetTextKeyword.execute(SetTextKeyword.groovy:37)
	at com.kms.katalon.core.keyword.internal.KeywordExecutor.executeKeywordForPlatform(KeywordExecutor.groovy:53)
	at com.kms.katalon.core.webui.keyword.WebUiBuiltInKeywords.setText(WebUiBuiltInKeywords.groovy:950)
	at com.kms.katalon.core.webui.keyword.WebUiBuiltInKeywords$setText$1.call(Unknown Source)
	at OTC_Application_Reg.run(OTC_Application_Reg:91)
	at com.kms.katalon.core.main.ScriptEngine.run(ScriptEngine.java:194)
	at com.kms.katalon.core.main.ScriptEngine.runScriptAsRawText(ScriptEngine.java:119)
	at com.kms.katalon.core.main.TestCaseExecutor.runScript(TestCaseExecutor.java:328)
	at com.kms.katalon.core.main.TestCaseExecutor.doExecute(TestCaseExecutor.java:319)
	at com.kms.katalon.core.main.TestCaseExecutor.processExecutionPhase(TestCaseExecutor.java:298)
	at com.kms.katalon.core.main.TestCaseExecutor.accessMainPhase(TestCaseExecutor.java:290)
	at com.kms.katalon.core.main.TestCaseExecutor.execute(TestCaseExecutor.java:224)
	at com.kms.katalon.core.main.TestCaseMain.runTestCase(TestCaseMain.java:106)
	at com.kms.katalon.core.keyword.builtin.CallTestCaseKeyword$_callTestCase_closure1.doCall(CallTestCaseKeyword.groovy:59)
	at com.kms.katalon.core.keyword.builtin.CallTestCaseKeyword$_callTestCase_closure1.call(CallTestCaseKeyword.groovy)
	at com.kms.katalon.core.keyword.internal.KeywordMain.runKeyword(KeywordMain.groovy:54)
	at com.kms.katalon.core.keyword.builtin.CallTestCaseKeyword.callTestCase(CallTestCaseKeyword.groovy:80)
	at com.kms.katalon.core.keyword.builtin.CallTestCaseKeyword.execute(CallTestCaseKeyword.groovy:44)
	at com.kms.katalon.core.keyword.internal.KeywordExecutor.executeKeywordForPlatform(KeywordExecutor.groovy:53)
	at com.kms.katalon.core.keyword.BuiltinKeywords.callTestCase(BuiltinKeywords.groovy:334)
	at OTC_Submit Form 7_End to End - Cheque.run(OTC_Submit Form 7_End to End - Cheque:16)
	at com.kms.katalon.core.main.ScriptEngine.run(ScriptEngine.java:194)
	at com.kms.katalon.core.main.ScriptEngine.runScriptAsRawText(ScriptEngine.java:119)
	at com.kms.katalon.core.main.TestCaseExecutor.runScript(TestCaseExecutor.java:328)
	at com.kms.katalon.core.main.TestCaseExecutor.doExecute(TestCaseExecutor.java:319)
	at com.kms.katalon.core.main.TestCaseExecutor.processExecutionPhase(TestCaseExecutor.java:298)
	at com.kms.katalon.core.main.TestCaseExecutor.accessMainPhase(TestCaseExecutor.java:290)
	at com.kms.katalon.core.main.TestCaseExecutor.execute(TestCaseExecutor.java:224)
	at com.kms.katalon.core.main.TestCaseMain.runTestCase(TestCaseMain.java:106)
	at com.kms.katalon.core.keyword.builtin.CallTestCaseKeyword$_callTestCase_closure1.doCall(CallTestCaseKeyword.groovy:59)
	at com.kms.katalon.core.keyword.builtin.CallTestCaseKeyword$_callTestCase_closure1.call(CallTestCaseKeyword.groovy)
	at com.kms.katalon.core.keyword.internal.KeywordMain.runKeyword(KeywordMain.groovy:54)
	at com.kms.katalon.core.keyword.builtin.CallTestCaseKeyword.callTestCase(CallTestCaseKeyword.groovy:80)
	at com.kms.katalon.core.keyword.builtin.CallTestCaseKeyword.execute(CallTestCaseKeyword.groovy:44)
	at com.kms.katalon.core.keyword.internal.KeywordExecutor.executeKeywordForPlatform(KeywordExecutor.groovy:53)
	at com.kms.katalon.core.keyword.BuiltinKeywords.callTestCase(BuiltinKeywords.groovy:334)
	at Approve Application - JSA.run(Approve Application - JSA:16)
	at com.kms.katalon.core.main.ScriptEngine.run(ScriptEngine.java:194)
	at com.kms.katalon.core.main.ScriptEngine.runScriptAsRawText(ScriptEngine.java:119)
	at com.kms.katalon.core.main.TestCaseExecutor.runScript(TestCaseExecutor.java:328)
	at com.kms.katalon.core.main.TestCaseExecutor.doExecute(TestCaseExecutor.java:319)
	at com.kms.katalon.core.main.TestCaseExecutor.processExecutionPhase(TestCaseExecutor.java:298)
	at com.kms.katalon.core.main.TestCaseExecutor.accessMainPhase(TestCaseExecutor.java:290)
	at com.kms.katalon.core.main.TestCaseExecutor.execute(TestCaseExecutor.java:224)
	at com.kms.katalon.core.main.TestSuiteExecutor.accessTestCaseMainPhase(TestSuiteExecutor.java:129)
	at com.kms.katalon.core.main.TestSuiteExecutor.accessTestSuiteMainPhase(TestSuiteExecutor.java:112)
	at com.kms.katalon.core.main.TestSuiteExecutor.execute(TestSuiteExecutor.java:81)
	at com.kms.katalon.core.main.TestCaseMain.startTestSuite(TestCaseMain.java:149)
	at com.kms.katalon.core.main.TestCaseMain$startTestSuite$0.call(Unknown Source)
	at TempTestSuite1550738418733.run(TempTestSuite1550738418733.groovy:36)


2019-02-21 18:33:42 - [MESSAGE][WARNING] - Cannot take screenshot

2019-02-21 18:33:42 - [MESSAGE][FAILED] - Unable to set text '10/01/2019' of object 'Object Repository/KeatMun/Form 7_default/OTC_Application_Reg/Page_PERKESO/11.Tarikh Terima_stampedDtS' (Root cause: org.openqa.selenium.UnhandledAlertException: unexpected alert open: {Alert text : HARAP MAKLUM

PERMOHONAN FAEDAH SISTEM INSURANS PEKERJAAN HANYA BOLEH DIBUAT BERMULA DARI TARIKH KEHILANGAN PEKERJAAN

Nota: Permohonan hendaklah dibuat dalam tempoh 60 hari dari tarikh kehilangan pekerjaan}
  (Session info: chrome=72.0.3626.109)
  (Driver info: chromedriver=2.43.600210 (68dcf5eebde37173d4027fa8635e332711d2874a),platform=Windows NT 6.1.7601 SP1 x86_64) (WARNING: The server did not provide any stacktrace information)
Command duration or timeout: 0 milliseconds: null
Build info: version: '3.7.1', revision: '8a0099a', time: '2017-11-06T21:07:36.161Z'
System info: host: 'WIN7TEST02', ip: '10.20.3.72', os.name: 'Windows 7', os.arch: 'amd64', os.version: '6.1', java.version: '1.8.0_181'
Driver info: com.kms.katalon.selenium.driver.CChromeDriver
Capabilities {acceptInsecureCerts: false, acceptSslCerts: false, applicationCacheEnabled: false, browserConnectionEnabled: false, browserName: chrome, chrome: {chromedriverVersion: 2.43.600210 (68dcf5eebde371..., userDataDir: C:\Users\Admin\AppData\Loca...}, cssSelectorsEnabled: true, databaseEnabled: false, goog:chromeOptions: {debuggerAddress: localhost:62909}, handlesAlerts: true, hasTouchScreen: false, javascriptEnabled: true, locationContextEnabled: true, mobileEmulationEnabled: false, nativeEvents: true, networkConnectionEnabled: false, pageLoadStrategy: normal, platform: XP, platformName: XP, rotatable: false, setWindowRect: true, takesHeapSnapshot: true, takesScreenshot: true, unexpectedAlertBehaviour: , unhandledPromptBehavior: , version: 72.0.3626.109, webStorageEnabled: true}
Session ID: a44c501b3026b3c534fe511cf06d86c7
*** Element info: {Using=xpath, value=//input[@id = 'stampedDtStr' and @name = 'stampedDtStr' and @type = 'text']})

2019-02-21 18:33:42 - [MESSAGE][FAILED] - setText(findTestObject("KeatMun/Form 7_default/OTC_Application_Reg/Page_PERKESO/11.Tarikh Terima_stampedDtS"), "10/01/2019") FAILED.
Reason:
com.kms.katalon.core.exception.StepFailedException: Unable to set text '10/01/2019' of object 'Object Repository/KeatMun/Form 7_default/OTC_Application_Reg/Page_PERKESO/11.Tarikh Terima_stampedDtS' (Root cause: org.openqa.selenium.UnhandledAlertException: unexpected alert open: {Alert text : HARAP MAKLUM

PERMOHONAN FAEDAH SISTEM INSURANS PEKERJAAN HANYA BOLEH DIBUAT BERMULA DARI TARIKH KEHILANGAN PEKERJAAN

Nota: Permohonan hendaklah dibuat dalam tempoh 60 hari dari tarikh kehilangan pekerjaan}
  (Session info: chrome=72.0.3626.109)
  (Driver info: chromedriver=2.43.600210 (68dcf5eebde37173d4027fa8635e332711d2874a),platform=Windows NT 6.1.7601 SP1 x86_64) (WARNING: The server did not provide any stacktrace information)
Command duration or timeout: 0 milliseconds: null
Build info: version: '3.7.1', revision: '8a0099a', time: '2017-11-06T21:07:36.161Z'
System info: host: 'WIN7TEST02', ip: '10.20.3.72', os.name: 'Windows 7', os.arch: 'amd64', os.version: '6.1', java.version: '1.8.0_181'
Driver info: com.kms.katalon.selenium.driver.CChromeDriver
Capabilities {acceptInsecureCerts: false, acceptSslCerts: false, applicationCacheEnabled: false, browserConnectionEnabled: false, browserName: chrome, chrome: {chromedriverVersion: 2.43.600210 (68dcf5eebde371..., userDataDir: C:\Users\Admin\AppData\Loca...}, cssSelectorsEnabled: true, databaseEnabled: false, goog:chromeOptions: {debuggerAddress: localhost:62909}, handlesAlerts: true, hasTouchScreen: false, javascriptEnabled: true, locationContextEnabled: true, mobileEmulationEnabled: false, nativeEvents: true, networkConnectionEnabled: false, pageLoadStrategy: normal, platform: XP, platformName: XP, rotatable: false, setWindowRect: true, takesHeapSnapshot: true, takesScreenshot: true, unexpectedAlertBehaviour: , unhandledPromptBehavior: , version: 72.0.3626.109, webStorageEnabled: true}
Session ID: a44c501b3026b3c534fe511cf06d86c7
*** Element info: {Using=xpath, value=//input[@id = 'stampedDtStr' and @name = 'stampedDtStr' and @type = 'text']})
	at com.kms.katalon.core.keyword.internal.KeywordMain.stepFailed(KeywordMain.groovy:36)
	at com.kms.katalon.core.webui.keyword.internal.WebUIKeywordMain.stepFailed(WebUIKeywordMain.groovy:65)
	at com.kms.katalon.core.webui.keyword.internal.WebUIKeywordMain.runKeyword(WebUIKeywordMain.groovy:27)
	at com.kms.katalon.core.webui.keyword.builtin.SetTextKeyword.setText(SetTextKeyword.groovy:65)
	at com.kms.katalon.core.webui.keyword.builtin.SetTextKeyword.execute(SetTextKeyword.groovy:37)
	at com.kms.katalon.core.keyword.internal.KeywordExecutor.executeKeywordForPlatform(KeywordExecutor.groovy:53)
	at com.kms.katalon.core.webui.keyword.WebUiBuiltInKeywords.setText(WebUiBuiltInKeywords.groovy:950)
	at com.kms.katalon.core.webui.keyword.WebUiBuiltInKeywords$setText$1.call(Unknown Source)
	at OTC_Application_Reg.run(OTC_Application_Reg:91)
	at com.kms.katalon.core.main.ScriptEngine.run(ScriptEngine.java:194)
	at com.kms.katalon.core.main.ScriptEngine.runScriptAsRawText(ScriptEngine.java:119)
	at com.kms.katalon.core.main.TestCaseExecutor.runScript(TestCaseExecutor.java:328)
	at com.kms.katalon.core.main.TestCaseExecutor.doExecute(TestCaseExecutor.java:319)
	at com.kms.katalon.core.main.TestCaseExecutor.processExecutionPhase(TestCaseExecutor.java:298)
	at com.kms.katalon.core.main.TestCaseExecutor.accessMainPhase(TestCaseExecutor.java:290)
	at com.kms.katalon.core.main.TestCaseExecutor.execute(TestCaseExecutor.java:224)
	at com.kms.katalon.core.main.TestCaseMain.runTestCase(TestCaseMain.java:106)
	at com.kms.katalon.core.keyword.builtin.CallTestCaseKeyword$_callTestCase_closure1.doCall(CallTestCaseKeyword.groovy:59)
	at com.kms.katalon.core.keyword.builtin.CallTestCaseKeyword$_callTestCase_closure1.call(CallTestCaseKeyword.groovy)
	at com.kms.katalon.core.keyword.internal.KeywordMain.runKeyword(KeywordMain.groovy:54)
	at com.kms.katalon.core.keyword.builtin.CallTestCaseKeyword.callTestCase(CallTestCaseKeyword.groovy:80)
	at com.kms.katalon.core.keyword.builtin.CallTestCaseKeyword.execute(CallTestCaseKeyword.groovy:44)
	at com.kms.katalon.core.keyword.internal.KeywordExecutor.executeKeywordForPlatform(KeywordExecutor.groovy:53)
	at com.kms.katalon.core.keyword.BuiltinKeywords.callTestCase(BuiltinKeywords.groovy:334)
	at OTC_Submit Form 7_End to End - Cheque.run(OTC_Submit Form 7_End to End - Cheque:16)
	at com.kms.katalon.core.main.ScriptEngine.run(ScriptEngine.java:194)
	at com.kms.katalon.core.main.ScriptEngine.runScriptAsRawText(ScriptEngine.java:119)
	at com.kms.katalon.core.main.TestCaseExecutor.runScript(TestCaseExecutor.java:328)
	at com.kms.katalon.core.main.TestCaseExecutor.doExecute(TestCaseExecutor.java:319)
	at com.kms.katalon.core.main.TestCaseExecutor.processExecutionPhase(TestCaseExecutor.java:298)
	at com.kms.katalon.core.main.TestCaseExecutor.accessMainPhase(TestCaseExecutor.java:290)
	at com.kms.katalon.core.main.TestCaseExecutor.execute(TestCaseExecutor.java:224)
	at com.kms.katalon.core.main.TestCaseMain.runTestCase(TestCaseMain.java:106)
	at com.kms.katalon.core.keyword.builtin.CallTestCaseKeyword$_callTestCase_closure1.doCall(CallTestCaseKeyword.groovy:59)
	at com.kms.katalon.core.keyword.builtin.CallTestCaseKeyword$_callTestCase_closure1.call(CallTestCaseKeyword.groovy)
	at com.kms.katalon.core.keyword.internal.KeywordMain.runKeyword(KeywordMain.groovy:54)
	at com.kms.katalon.core.keyword.builtin.CallTestCaseKeyword.callTestCase(CallTestCaseKeyword.groovy:80)
	at com.kms.katalon.core.keyword.builtin.CallTestCaseKeyword.execute(CallTestCaseKeyword.groovy:44)
	at com.kms.katalon.core.keyword.internal.KeywordExecutor.executeKeywordForPlatform(KeywordExecutor.groovy:53)
	at com.kms.katalon.core.keyword.BuiltinKeywords.callTestCase(BuiltinKeywords.groovy:334)
	at Approve Application - JSA.run(Approve Application - JSA:16)
	at com.kms.katalon.core.main.ScriptEngine.run(ScriptEngine.java:194)
	at com.kms.katalon.core.main.ScriptEngine.runScriptAsRawText(ScriptEngine.java:119)
	at com.kms.katalon.core.main.TestCaseExecutor.runScript(TestCaseExecutor.java:328)
	at com.kms.katalon.core.main.TestCaseExecutor.doExecute(TestCaseExecutor.java:319)
	at com.kms.katalon.core.main.TestCaseExecutor.processExecutionPhase(TestCaseExecutor.java:298)
	at com.kms.katalon.core.main.TestCaseExecutor.accessMainPhase(TestCaseExecutor.java:290)
	at com.kms.katalon.core.main.TestCaseExecutor.execute(TestCaseExecutor.java:224)
	at com.kms.katalon.core.main.TestSuiteExecutor.accessTestCaseMainPhase(TestSuiteExecutor.java:129)
	at com.kms.katalon.core.main.TestSuiteExecutor.accessTestSuiteMainPhase(TestSuiteExecutor.java:112)
	at com.kms.katalon.core.main.TestSuiteExecutor.execute(TestSuiteExecutor.java:81)
	at com.kms.katalon.core.main.TestCaseMain.startTestSuite(TestCaseMain.java:149)
	at com.kms.katalon.core.main.TestCaseMain$startTestSuite$0.call(Unknown Source)
	at TempTestSuite1550738418733.run(TempTestSuite1550738418733.groovy:36)


2019-02-21 18:33:43 - [MESSAGE][FAILED] - Unable to call Test Case 'Test Cases/All TC/Arranged/3. Unit/EI/Form 7_default/OTC_Application_Reg' (Root cause: com.kms.katalon.core.exception.StepFailedException: Call Test Case 'Test Cases/All TC/Arranged/3. Unit/EI/Form 7_default/OTC_Application_Reg' failed)

2019-02-21 18:33:43 - [MESSAGE][FAILED] - callTestCase(findTestCase("All TC/Arranged/3. Unit/EI/Form 7_default/OTC_Application_Reg"), [:], STOP_ON_FAILURE) FAILED.
Reason:
com.kms.katalon.core.exception.StepFailedException: Unable to set text '10/01/2019' of object 'Object Repository/KeatMun/Form 7_default/OTC_Application_Reg/Page_PERKESO/11.Tarikh Terima_stampedDtS' (Root cause: org.openqa.selenium.UnhandledAlertException: unexpected alert open: {Alert text : HARAP MAKLUM

PERMOHONAN FAEDAH SISTEM INSURANS PEKERJAAN HANYA BOLEH DIBUAT BERMULA DARI TARIKH KEHILANGAN PEKERJAAN

Nota: Permohonan hendaklah dibuat dalam tempoh 60 hari dari tarikh kehilangan pekerjaan}
  (Session info: chrome=72.0.3626.109)
  (Driver info: chromedriver=2.43.600210 (68dcf5eebde37173d4027fa8635e332711d2874a),platform=Windows NT 6.1.7601 SP1 x86_64) (WARNING: The server did not provide any stacktrace information)
Command duration or timeout: 0 milliseconds: null
Build info: version: '3.7.1', revision: '8a0099a', time: '2017-11-06T21:07:36.161Z'
System info: host: 'WIN7TEST02', ip: '10.20.3.72', os.name: 'Windows 7', os.arch: 'amd64', os.version: '6.1', java.version: '1.8.0_181'
Driver info: com.kms.katalon.selenium.driver.CChromeDriver
Capabilities {acceptInsecureCerts: false, acceptSslCerts: false, applicationCacheEnabled: false, browserConnectionEnabled: false, browserName: chrome, chrome: {chromedriverVersion: 2.43.600210 (68dcf5eebde371..., userDataDir: C:\Users\Admin\AppData\Loca...}, cssSelectorsEnabled: true, databaseEnabled: false, goog:chromeOptions: {debuggerAddress: localhost:62909}, handlesAlerts: true, hasTouchScreen: false, javascriptEnabled: true, locationContextEnabled: true, mobileEmulationEnabled: false, nativeEvents: true, networkConnectionEnabled: false, pageLoadStrategy: normal, platform: XP, platformName: XP, rotatable: false, setWindowRect: true, takesHeapSnapshot: true, takesScreenshot: true, unexpectedAlertBehaviour: , unhandledPromptBehavior: , version: 72.0.3626.109, webStorageEnabled: true}
Session ID: a44c501b3026b3c534fe511cf06d86c7
*** Element info: {Using=xpath, value=//input[@id = 'stampedDtStr' and @name = 'stampedDtStr' and @type = 'text']})
	at com.kms.katalon.core.keyword.internal.KeywordMain.stepFailed(KeywordMain.groovy:36)
	at com.kms.katalon.core.webui.keyword.internal.WebUIKeywordMain.stepFailed(WebUIKeywordMain.groovy:65)
	at com.kms.katalon.core.webui.keyword.internal.WebUIKeywordMain.runKeyword(WebUIKeywordMain.groovy:27)
	at com.kms.katalon.core.webui.keyword.builtin.SetTextKeyword.setText(SetTextKeyword.groovy:65)
	at com.kms.katalon.core.webui.keyword.builtin.SetTextKeyword.execute(SetTextKeyword.groovy:37)
	at com.kms.katalon.core.keyword.internal.KeywordExecutor.executeKeywordForPlatform(KeywordExecutor.groovy:53)
	at com.kms.katalon.core.webui.keyword.WebUiBuiltInKeywords.setText(WebUiBuiltInKeywords.groovy:950)
	at com.kms.katalon.core.webui.keyword.WebUiBuiltInKeywords$setText$1.call(Unknown Source)
	at OTC_Application_Reg.run(OTC_Application_Reg:91)
	at com.kms.katalon.core.main.ScriptEngine.run(ScriptEngine.java:194)
	at com.kms.katalon.core.main.ScriptEngine.runScriptAsRawText(ScriptEngine.java:119)
	at com.kms.katalon.core.main.TestCaseExecutor.runScript(TestCaseExecutor.java:328)
	at com.kms.katalon.core.main.TestCaseExecutor.doExecute(TestCaseExecutor.java:319)
	at com.kms.katalon.core.main.TestCaseExecutor.processExecutionPhase(TestCaseExecutor.java:298)
	at com.kms.katalon.core.main.TestCaseExecutor.accessMainPhase(TestCaseExecutor.java:290)
	at com.kms.katalon.core.main.TestCaseExecutor.execute(TestCaseExecutor.java:224)
	at com.kms.katalon.core.main.TestCaseMain.runTestCase(TestCaseMain.java:106)
	at com.kms.katalon.core.keyword.builtin.CallTestCaseKeyword$_callTestCase_closure1.doCall(CallTestCaseKeyword.groovy:59)
	at com.kms.katalon.core.keyword.builtin.CallTestCaseKeyword$_callTestCase_closure1.call(CallTestCaseKeyword.groovy)
	at com.kms.katalon.core.keyword.internal.KeywordMain.runKeyword(KeywordMain.groovy:54)
	at com.kms.katalon.core.keyword.builtin.CallTestCaseKeyword.callTestCase(CallTestCaseKeyword.groovy:80)
	at com.kms.katalon.core.keyword.builtin.CallTestCaseKeyword.execute(CallTestCaseKeyword.groovy:44)
	at com.kms.katalon.core.keyword.internal.KeywordExecutor.executeKeywordForPlatform(KeywordExecutor.groovy:53)
	at com.kms.katalon.core.keyword.BuiltinKeywords.callTestCase(BuiltinKeywords.groovy:334)
	at OTC_Submit Form 7_End to End - Cheque.run(OTC_Submit Form 7_End to End - Cheque:16)
	at com.kms.katalon.core.main.ScriptEngine.run(ScriptEngine.java:194)
	at com.kms.katalon.core.main.ScriptEngine.runScriptAsRawText(ScriptEngine.java:119)
	at com.kms.katalon.core.main.TestCaseExecutor.runScript(TestCaseExecutor.java:328)
	at com.kms.katalon.core.main.TestCaseExecutor.doExecute(TestCaseExecutor.java:319)
	at com.kms.katalon.core.main.TestCaseExecutor.processExecutionPhase(TestCaseExecutor.java:298)
	at com.kms.katalon.core.main.TestCaseExecutor.accessMainPhase(TestCaseExecutor.java:290)
	at com.kms.katalon.core.main.TestCaseExecutor.execute(TestCaseExecutor.java:224)
	at com.kms.katalon.core.main.TestCaseMain.runTestCase(TestCaseMain.java:106)
	at com.kms.katalon.core.keyword.builtin.CallTestCaseKeyword$_callTestCase_closure1.doCall(CallTestCaseKeyword.groovy:59)
	at com.kms.katalon.core.keyword.builtin.CallTestCaseKeyword$_callTestCase_closure1.call(CallTestCaseKeyword.groovy)
	at com.kms.katalon.core.keyword.internal.KeywordMain.runKeyword(KeywordMain.groovy:54)
	at com.kms.katalon.core.keyword.builtin.CallTestCaseKeyword.callTestCase(CallTestCaseKeyword.groovy:80)
	at com.kms.katalon.core.keyword.builtin.CallTestCaseKeyword.execute(CallTestCaseKeyword.groovy:44)
	at com.kms.katalon.core.keyword.internal.KeywordExecutor.executeKeywordForPlatform(KeywordExecutor.groovy:53)
	at com.kms.katalon.core.keyword.BuiltinKeywords.callTestCase(BuiltinKeywords.groovy:334)
	at Approve Application - JSA.run(Approve Application - JSA:16)
	at com.kms.katalon.core.main.ScriptEngine.run(ScriptEngine.java:194)
	at com.kms.katalon.core.main.ScriptEngine.runScriptAsRawText(ScriptEngine.java:119)
	at com.kms.katalon.core.main.TestCaseExecutor.runScript(TestCaseExecutor.java:328)
	at com.kms.katalon.core.main.TestCaseExecutor.doExecute(TestCaseExecutor.java:319)
	at com.kms.katalon.core.main.TestCaseExecutor.processExecutionPhase(TestCaseExecutor.java:298)
	at com.kms.katalon.core.main.TestCaseExecutor.accessMainPhase(TestCaseExecutor.java:290)
	at com.kms.katalon.core.main.TestCaseExecutor.execute(TestCaseExecutor.java:224)
	at com.kms.katalon.core.main.TestSuiteExecutor.accessTestCaseMainPhase(TestSuiteExecutor.java:129)
	at com.kms.katalon.core.main.TestSuiteExecutor.accessTestSuiteMainPhase(TestSuiteExecutor.java:112)
	at com.kms.katalon.core.main.TestSuiteExecutor.execute(TestSuiteExecutor.java:81)
	at com.kms.katalon.core.main.TestCaseMain.startTestSuite(TestCaseMain.java:149)
	at com.kms.katalon.core.main.TestCaseMain$startTestSuite$0.call(Unknown Source)
	at TempTestSuite1550738418733.run(TempTestSuite1550738418733.groovy:36)


2019-02-21 18:33:43 - [MESSAGE][FAILED] - Unable to call Test Case 'Test Cases/All TC/Arranged/2. Segment/OTC_Submit Form 7_End to End - Cheque' (Root cause: com.kms.katalon.core.exception.StepFailedException: Call Test Case 'Test Cases/All TC/Arranged/2. Segment/OTC_Submit Form 7_End to End - Cheque' failed)

2019-02-21 18:33:43 - [MESSAGE][FAILED] - callTestCase(findTestCase("All TC/Arranged/2. Segment/OTC_Submit Form 7_End to End - Cheque"), [:], STOP_ON_FAILURE) FAILED.
Reason:
com.kms.katalon.core.exception.StepFailedException: Unable to set text '10/01/2019' of object 'Object Repository/KeatMun/Form 7_default/OTC_Application_Reg/Page_PERKESO/11.Tarikh Terima_stampedDtS' (Root cause: org.openqa.selenium.UnhandledAlertException: unexpected alert open: {Alert text : HARAP MAKLUM

PERMOHONAN FAEDAH SISTEM INSURANS PEKERJAAN HANYA BOLEH DIBUAT BERMULA DARI TARIKH KEHILANGAN PEKERJAAN

Nota: Permohonan hendaklah dibuat dalam tempoh 60 hari dari tarikh kehilangan pekerjaan}
  (Session info: chrome=72.0.3626.109)
  (Driver info: chromedriver=2.43.600210 (68dcf5eebde37173d4027fa8635e332711d2874a),platform=Windows NT 6.1.7601 SP1 x86_64) (WARNING: The server did not provide any stacktrace information)
Command duration or timeout: 0 milliseconds: null
Build info: version: '3.7.1', revision: '8a0099a', time: '2017-11-06T21:07:36.161Z'
System info: host: 'WIN7TEST02', ip: '10.20.3.72', os.name: 'Windows 7', os.arch: 'amd64', os.version: '6.1', java.version: '1.8.0_181'
Driver info: com.kms.katalon.selenium.driver.CChromeDriver
Capabilities {acceptInsecureCerts: false, acceptSslCerts: false, applicationCacheEnabled: false, browserConnectionEnabled: false, browserName: chrome, chrome: {chromedriverVersion: 2.43.600210 (68dcf5eebde371..., userDataDir: C:\Users\Admin\AppData\Loca...}, cssSelectorsEnabled: true, databaseEnabled: false, goog:chromeOptions: {debuggerAddress: localhost:62909}, handlesAlerts: true, hasTouchScreen: false, javascriptEnabled: true, locationContextEnabled: true, mobileEmulationEnabled: false, nativeEvents: true, networkConnectionEnabled: false, pageLoadStrategy: normal, platform: XP, platformName: XP, rotatable: false, setWindowRect: true, takesHeapSnapshot: true, takesScreenshot: true, unexpectedAlertBehaviour: , unhandledPromptBehavior: , version: 72.0.3626.109, webStorageEnabled: true}
Session ID: a44c501b3026b3c534fe511cf06d86c7
*** Element info: {Using=xpath, value=//input[@id = 'stampedDtStr' and @name = 'stampedDtStr' and @type = 'text']})
	at com.kms.katalon.core.keyword.internal.KeywordMain.stepFailed(KeywordMain.groovy:36)
	at com.kms.katalon.core.webui.keyword.internal.WebUIKeywordMain.stepFailed(WebUIKeywordMain.groovy:65)
	at com.kms.katalon.core.webui.keyword.internal.WebUIKeywordMain.runKeyword(WebUIKeywordMain.groovy:27)
	at com.kms.katalon.core.webui.keyword.builtin.SetTextKeyword.setText(SetTextKeyword.groovy:65)
	at com.kms.katalon.core.webui.keyword.builtin.SetTextKeyword.execute(SetTextKeyword.groovy:37)
	at com.kms.katalon.core.keyword.internal.KeywordExecutor.executeKeywordForPlatform(KeywordExecutor.groovy:53)
	at com.kms.katalon.core.webui.keyword.WebUiBuiltInKeywords.setText(WebUiBuiltInKeywords.groovy:950)
	at com.kms.katalon.core.webui.keyword.WebUiBuiltInKeywords$setText$1.call(Unknown Source)
	at OTC_Application_Reg.run(OTC_Application_Reg:91)
	at com.kms.katalon.core.main.ScriptEngine.run(ScriptEngine.java:194)
	at com.kms.katalon.core.main.ScriptEngine.runScriptAsRawText(ScriptEngine.java:119)
	at com.kms.katalon.core.main.TestCaseExecutor.runScript(TestCaseExecutor.java:328)
	at com.kms.katalon.core.main.TestCaseExecutor.doExecute(TestCaseExecutor.java:319)
	at com.kms.katalon.core.main.TestCaseExecutor.processExecutionPhase(TestCaseExecutor.java:298)
	at com.kms.katalon.core.main.TestCaseExecutor.accessMainPhase(TestCaseExecutor.java:290)
	at com.kms.katalon.core.main.TestCaseExecutor.execute(TestCaseExecutor.java:224)
	at com.kms.katalon.core.main.TestCaseMain.runTestCase(TestCaseMain.java:106)
	at com.kms.katalon.core.keyword.builtin.CallTestCaseKeyword$_callTestCase_closure1.doCall(CallTestCaseKeyword.groovy:59)
	at com.kms.katalon.core.keyword.builtin.CallTestCaseKeyword$_callTestCase_closure1.call(CallTestCaseKeyword.groovy)
	at com.kms.katalon.core.keyword.internal.KeywordMain.runKeyword(KeywordMain.groovy:54)
	at com.kms.katalon.core.keyword.builtin.CallTestCaseKeyword.callTestCase(CallTestCaseKeyword.groovy:80)
	at com.kms.katalon.core.keyword.builtin.CallTestCaseKeyword.execute(CallTestCaseKeyword.groovy:44)
	at com.kms.katalon.core.keyword.internal.KeywordExecutor.executeKeywordForPlatform(KeywordExecutor.groovy:53)
	at com.kms.katalon.core.keyword.BuiltinKeywords.callTestCase(BuiltinKeywords.groovy:334)
	at OTC_Submit Form 7_End to End - Cheque.run(OTC_Submit Form 7_End to End - Cheque:16)
	at com.kms.katalon.core.main.ScriptEngine.run(ScriptEngine.java:194)
	at com.kms.katalon.core.main.ScriptEngine.runScriptAsRawText(ScriptEngine.java:119)
	at com.kms.katalon.core.main.TestCaseExecutor.runScript(TestCaseExecutor.java:328)
	at com.kms.katalon.core.main.TestCaseExecutor.doExecute(TestCaseExecutor.java:319)
	at com.kms.katalon.core.main.TestCaseExecutor.processExecutionPhase(TestCaseExecutor.java:298)
	at com.kms.katalon.core.main.TestCaseExecutor.accessMainPhase(TestCaseExecutor.java:290)
	at com.kms.katalon.core.main.TestCaseExecutor.execute(TestCaseExecutor.java:224)
	at com.kms.katalon.core.main.TestCaseMain.runTestCase(TestCaseMain.java:106)
	at com.kms.katalon.core.keyword.builtin.CallTestCaseKeyword$_callTestCase_closure1.doCall(CallTestCaseKeyword.groovy:59)
	at com.kms.katalon.core.keyword.builtin.CallTestCaseKeyword$_callTestCase_closure1.call(CallTestCaseKeyword.groovy)
	at com.kms.katalon.core.keyword.internal.KeywordMain.runKeyword(KeywordMain.groovy:54)
	at com.kms.katalon.core.keyword.builtin.CallTestCaseKeyword.callTestCase(CallTestCaseKeyword.groovy:80)
	at com.kms.katalon.core.keyword.builtin.CallTestCaseKeyword.execute(CallTestCaseKeyword.groovy:44)
	at com.kms.katalon.core.keyword.internal.KeywordExecutor.executeKeywordForPlatform(KeywordExecutor.groovy:53)
	at com.kms.katalon.core.keyword.BuiltinKeywords.callTestCase(BuiltinKeywords.groovy:334)
	at Approve Application - JSA.run(Approve Application - JSA:16)
	at com.kms.katalon.core.main.ScriptEngine.run(ScriptEngine.java:194)
	at com.kms.katalon.core.main.ScriptEngine.runScriptAsRawText(ScriptEngine.java:119)
	at com.kms.katalon.core.main.TestCaseExecutor.runScript(TestCaseExecutor.java:328)
	at com.kms.katalon.core.main.TestCaseExecutor.doExecute(TestCaseExecutor.java:319)
	at com.kms.katalon.core.main.TestCaseExecutor.processExecutionPhase(TestCaseExecutor.java:298)
	at com.kms.katalon.core.main.TestCaseExecutor.accessMainPhase(TestCaseExecutor.java:290)
	at com.kms.katalon.core.main.TestCaseExecutor.execute(TestCaseExecutor.java:224)
	at com.kms.katalon.core.main.TestSuiteExecutor.accessTestCaseMainPhase(TestSuiteExecutor.java:129)
	at com.kms.katalon.core.main.TestSuiteExecutor.accessTestSuiteMainPhase(TestSuiteExecutor.java:112)
	at com.kms.katalon.core.main.TestSuiteExecutor.execute(TestSuiteExecutor.java:81)
	at com.kms.katalon.core.main.TestCaseMain.startTestSuite(TestCaseMain.java:149)
	at com.kms.katalon.core.main.TestCaseMain$startTestSuite$0.call(Unknown Source)
	at TempTestSuite1550738418733.run(TempTestSuite1550738418733.groovy:36)]]></system-out>
         <system-err><![CDATA[2019-02-21 18:33:02 - [TEST_CASE][FAILED] - Test Cases/All TC/Arranged/0. Full Flow/Approve Application - JSA: Test Cases/All TC/Arranged/0. Full Flow/Approve Application - JSA FAILED.
Reason:
com.kms.katalon.core.exception.StepFailedException: Unable to set text '10/01/2019' of object 'Object Repository/KeatMun/Form 7_default/OTC_Application_Reg/Page_PERKESO/11.Tarikh Terima_stampedDtS' (Root cause: org.openqa.selenium.UnhandledAlertException: unexpected alert open: {Alert text : HARAP MAKLUM

PERMOHONAN FAEDAH SISTEM INSURANS PEKERJAAN HANYA BOLEH DIBUAT BERMULA DARI TARIKH KEHILANGAN PEKERJAAN

Nota: Permohonan hendaklah dibuat dalam tempoh 60 hari dari tarikh kehilangan pekerjaan}
  (Session info: chrome=72.0.3626.109)
  (Driver info: chromedriver=2.43.600210 (68dcf5eebde37173d4027fa8635e332711d2874a),platform=Windows NT 6.1.7601 SP1 x86_64) (WARNING: The server did not provide any stacktrace information)
Command duration or timeout: 0 milliseconds: null
Build info: version: '3.7.1', revision: '8a0099a', time: '2017-11-06T21:07:36.161Z'
System info: host: 'WIN7TEST02', ip: '10.20.3.72', os.name: 'Windows 7', os.arch: 'amd64', os.version: '6.1', java.version: '1.8.0_181'
Driver info: com.kms.katalon.selenium.driver.CChromeDriver
Capabilities {acceptInsecureCerts: false, acceptSslCerts: false, applicationCacheEnabled: false, browserConnectionEnabled: false, browserName: chrome, chrome: {chromedriverVersion: 2.43.600210 (68dcf5eebde371..., userDataDir: C:\Users\Admin\AppData\Loca...}, cssSelectorsEnabled: true, databaseEnabled: false, goog:chromeOptions: {debuggerAddress: localhost:62909}, handlesAlerts: true, hasTouchScreen: false, javascriptEnabled: true, locationContextEnabled: true, mobileEmulationEnabled: false, nativeEvents: true, networkConnectionEnabled: false, pageLoadStrategy: normal, platform: XP, platformName: XP, rotatable: false, setWindowRect: true, takesHeapSnapshot: true, takesScreenshot: true, unexpectedAlertBehaviour: , unhandledPromptBehavior: , version: 72.0.3626.109, webStorageEnabled: true}
Session ID: a44c501b3026b3c534fe511cf06d86c7
*** Element info: {Using=xpath, value=//input[@id = 'stampedDtStr' and @name = 'stampedDtStr' and @type = 'text']})
	at com.kms.katalon.core.keyword.internal.KeywordMain.stepFailed(KeywordMain.groovy:36)
	at com.kms.katalon.core.webui.keyword.internal.WebUIKeywordMain.stepFailed(WebUIKeywordMain.groovy:65)
	at com.kms.katalon.core.webui.keyword.internal.WebUIKeywordMain.runKeyword(WebUIKeywordMain.groovy:27)
	at com.kms.katalon.core.webui.keyword.builtin.SetTextKeyword.setText(SetTextKeyword.groovy:65)
	at com.kms.katalon.core.webui.keyword.builtin.SetTextKeyword.execute(SetTextKeyword.groovy:37)
	at com.kms.katalon.core.keyword.internal.KeywordExecutor.executeKeywordForPlatform(KeywordExecutor.groovy:53)
	at com.kms.katalon.core.webui.keyword.WebUiBuiltInKeywords.setText(WebUiBuiltInKeywords.groovy:950)
	at com.kms.katalon.core.webui.keyword.WebUiBuiltInKeywords$setText$1.call(Unknown Source)
	at OTC_Application_Reg.run(OTC_Application_Reg:91)
	at com.kms.katalon.core.main.ScriptEngine.run(ScriptEngine.java:194)
	at com.kms.katalon.core.main.ScriptEngine.runScriptAsRawText(ScriptEngine.java:119)
	at com.kms.katalon.core.main.TestCaseExecutor.runScript(TestCaseExecutor.java:328)
	at com.kms.katalon.core.main.TestCaseExecutor.doExecute(TestCaseExecutor.java:319)
	at com.kms.katalon.core.main.TestCaseExecutor.processExecutionPhase(TestCaseExecutor.java:298)
	at com.kms.katalon.core.main.TestCaseExecutor.accessMainPhase(TestCaseExecutor.java:290)
	at com.kms.katalon.core.main.TestCaseExecutor.execute(TestCaseExecutor.java:224)
	at com.kms.katalon.core.main.TestCaseMain.runTestCase(TestCaseMain.java:106)
	at com.kms.katalon.core.keyword.builtin.CallTestCaseKeyword$_callTestCase_closure1.doCall(CallTestCaseKeyword.groovy:59)
	at com.kms.katalon.core.keyword.builtin.CallTestCaseKeyword$_callTestCase_closure1.call(CallTestCaseKeyword.groovy)
	at com.kms.katalon.core.keyword.internal.KeywordMain.runKeyword(KeywordMain.groovy:54)
	at com.kms.katalon.core.keyword.builtin.CallTestCaseKeyword.callTestCase(CallTestCaseKeyword.groovy:80)
	at com.kms.katalon.core.keyword.builtin.CallTestCaseKeyword.execute(CallTestCaseKeyword.groovy:44)
	at com.kms.katalon.core.keyword.internal.KeywordExecutor.executeKeywordForPlatform(KeywordExecutor.groovy:53)
	at com.kms.katalon.core.keyword.BuiltinKeywords.callTestCase(BuiltinKeywords.groovy:334)
	at OTC_Submit Form 7_End to End - Cheque.run(OTC_Submit Form 7_End to End - Cheque:16)
	at com.kms.katalon.core.main.ScriptEngine.run(ScriptEngine.java:194)
	at com.kms.katalon.core.main.ScriptEngine.runScriptAsRawText(ScriptEngine.java:119)
	at com.kms.katalon.core.main.TestCaseExecutor.runScript(TestCaseExecutor.java:328)
	at com.kms.katalon.core.main.TestCaseExecutor.doExecute(TestCaseExecutor.java:319)
	at com.kms.katalon.core.main.TestCaseExecutor.processExecutionPhase(TestCaseExecutor.java:298)
	at com.kms.katalon.core.main.TestCaseExecutor.accessMainPhase(TestCaseExecutor.java:290)
	at com.kms.katalon.core.main.TestCaseExecutor.execute(TestCaseExecutor.java:224)
	at com.kms.katalon.core.main.TestCaseMain.runTestCase(TestCaseMain.java:106)
	at com.kms.katalon.core.keyword.builtin.CallTestCaseKeyword$_callTestCase_closure1.doCall(CallTestCaseKeyword.groovy:59)
	at com.kms.katalon.core.keyword.builtin.CallTestCaseKeyword$_callTestCase_closure1.call(CallTestCaseKeyword.groovy)
	at com.kms.katalon.core.keyword.internal.KeywordMain.runKeyword(KeywordMain.groovy:54)
	at com.kms.katalon.core.keyword.builtin.CallTestCaseKeyword.callTestCase(CallTestCaseKeyword.groovy:80)
	at com.kms.katalon.core.keyword.builtin.CallTestCaseKeyword.execute(CallTestCaseKeyword.groovy:44)
	at com.kms.katalon.core.keyword.internal.KeywordExecutor.executeKeywordForPlatform(KeywordExecutor.groovy:53)
	at com.kms.katalon.core.keyword.BuiltinKeywords.callTestCase(BuiltinKeywords.groovy:334)
	at Approve Application - JSA.run(Approve Application - JSA:16)
	at com.kms.katalon.core.main.ScriptEngine.run(ScriptEngine.java:194)
	at com.kms.katalon.core.main.ScriptEngine.runScriptAsRawText(ScriptEngine.java:119)
	at com.kms.katalon.core.main.TestCaseExecutor.runScript(TestCaseExecutor.java:328)
	at com.kms.katalon.core.main.TestCaseExecutor.doExecute(TestCaseExecutor.java:319)
	at com.kms.katalon.core.main.TestCaseExecutor.processExecutionPhase(TestCaseExecutor.java:298)
	at com.kms.katalon.core.main.TestCaseExecutor.accessMainPhase(TestCaseExecutor.java:290)
	at com.kms.katalon.core.main.TestCaseExecutor.execute(TestCaseExecutor.java:224)
	at com.kms.katalon.core.main.TestSuiteExecutor.accessTestCaseMainPhase(TestSuiteExecutor.java:129)
	at com.kms.katalon.core.main.TestSuiteExecutor.accessTestSuiteMainPhase(TestSuiteExecutor.java:112)
	at com.kms.katalon.core.main.TestSuiteExecutor.execute(TestSuiteExecutor.java:81)
	at com.kms.katalon.core.main.TestCaseMain.startTestSuite(TestCaseMain.java:149)
	at com.kms.katalon.core.main.TestCaseMain$startTestSuite$0.call(Unknown Source)
	at TempTestSuite1550738418733.run(TempTestSuite1550738418733.groovy:36)]]></system-err>
      </testcase>
      <system-out><![CDATA[2019-02-21 16:40:21 - [TEST_SUITE][FAILED] - New Test Suite: Test Cases/All TC/Arranged/0. Full Flow/Training/Approve/IP Apply FAILED.
Reason:
com.kms.katalon.core.exception.StepFailedException: Unable to click on object 'Object Repository/Rizky/IP Apply/Permohonan Latihan-Latihan' (Root cause: org.openqa.selenium.WebDriverException: unknown error: Element <a href="/eisportal/insured/user/training/ipAppTrainingInfo">...</a> is not clickable at point (1023, 139). Other element would receive the click: <ul class="dropdown-menu first-level-menu dropdownhover-bottom animated fadeIn">...</ul>
  (Session info: chrome=72.0.3626.109)
  (Driver info: chromedriver=2.43.600210 (68dcf5eebde37173d4027fa8635e332711d2874a),platform=Windows NT 6.1.7601 SP1 x86_64) (WARNING: The server did not provide any stacktrace information)
Command duration or timeout: 0 milliseconds
Build info: version: '3.7.1', revision: '8a0099a', time: '2017-11-06T21:07:36.161Z'
System info: host: 'WIN7TEST02', ip: '10.20.3.72', os.name: 'Windows 7', os.arch: 'amd64', os.version: '6.1', java.version: '1.8.0_181'
Driver info: com.kms.katalon.selenium.driver.CChromeDriver
Capabilities {acceptInsecureCerts: false, acceptSslCerts: false, applicationCacheEnabled: false, browserConnectionEnabled: false, browserName: chrome, chrome: {chromedriverVersion: 2.43.600210 (68dcf5eebde371..., userDataDir: C:\Users\Admin\AppData\Loca...}, cssSelectorsEnabled: true, databaseEnabled: false, goog:chromeOptions: {debuggerAddress: localhost:60448}, handlesAlerts: true, hasTouchScreen: false, javascriptEnabled: true, locationContextEnabled: true, mobileEmulationEnabled: false, nativeEvents: true, networkConnectionEnabled: false, pageLoadStrategy: normal, platform: XP, platformName: XP, rotatable: false, setWindowRect: true, takesHeapSnapshot: true, takesScreenshot: true, unexpectedAlertBehaviour: , unhandledPromptBehavior: , version: 72.0.3626.109, webStorageEnabled: true}
Session ID: 4f484683fde752dea48cf2989420d4bb)
	at com.kms.katalon.core.keyword.internal.KeywordMain.stepFailed(KeywordMain.groovy:36)
	at com.kms.katalon.core.webui.keyword.internal.WebUIKeywordMain.stepFailed(WebUIKeywordMain.groovy:65)
	at com.kms.katalon.core.webui.keyword.internal.WebUIKeywordMain.runKeyword(WebUIKeywordMain.groovy:27)
	at com.kms.katalon.core.webui.keyword.builtin.ClickKeyword.click(ClickKeyword.groovy:86)
	at com.kms.katalon.core.webui.keyword.builtin.ClickKeyword.execute(ClickKeyword.groovy:67)
	at com.kms.katalon.core.keyword.internal.KeywordExecutor.executeKeywordForPlatform(KeywordExecutor.groovy:53)
	at com.kms.katalon.core.webui.keyword.WebUiBuiltInKeywords.click(WebUiBuiltInKeywords.groovy:616)
	at com.kms.katalon.core.webui.keyword.WebUiBuiltInKeywords$click$3.call(Unknown Source)
	at IP Apply.run(IP Apply:20)
	at com.kms.katalon.core.main.ScriptEngine.run(ScriptEngine.java:194)
	at com.kms.katalon.core.main.ScriptEngine.runScriptAsRawText(ScriptEngine.java:119)
	at com.kms.katalon.core.main.TestCaseExecutor.runScript(TestCaseExecutor.java:328)
	at com.kms.katalon.core.main.TestCaseExecutor.doExecute(TestCaseExecutor.java:319)
	at com.kms.katalon.core.main.TestCaseExecutor.processExecutionPhase(TestCaseExecutor.java:298)
	at com.kms.katalon.core.main.TestCaseExecutor.accessMainPhase(TestCaseExecutor.java:290)
	at com.kms.katalon.core.main.TestCaseExecutor.execute(TestCaseExecutor.java:224)
	at com.kms.katalon.core.main.TestSuiteExecutor.accessTestCaseMainPhase(TestSuiteExecutor.java:129)
	at com.kms.katalon.core.main.TestSuiteExecutor.accessTestSuiteMainPhase(TestSuiteExecutor.java:112)
	at com.kms.katalon.core.main.TestSuiteExecutor.execute(TestSuiteExecutor.java:81)
	at com.kms.katalon.core.main.TestCaseMain.startTestSuite(TestCaseMain.java:149)
	at com.kms.katalon.core.main.TestCaseMain$startTestSuite$0.call(Unknown Source)
	at TempTestSuite1550738418733.run(TempTestSuite1550738418733.groovy:36)]]></system-out>
      <system-err><![CDATA[2019-02-21 16:40:21 - [TEST_SUITE][FAILED] - New Test Suite: Test Cases/All TC/Arranged/0. Full Flow/Training/Approve/IP Apply FAILED.
Reason:
com.kms.katalon.core.exception.StepFailedException: Unable to click on object 'Object Repository/Rizky/IP Apply/Permohonan Latihan-Latihan' (Root cause: org.openqa.selenium.WebDriverException: unknown error: Element <a href="/eisportal/insured/user/training/ipAppTrainingInfo">...</a> is not clickable at point (1023, 139). Other element would receive the click: <ul class="dropdown-menu first-level-menu dropdownhover-bottom animated fadeIn">...</ul>
  (Session info: chrome=72.0.3626.109)
  (Driver info: chromedriver=2.43.600210 (68dcf5eebde37173d4027fa8635e332711d2874a),platform=Windows NT 6.1.7601 SP1 x86_64) (WARNING: The server did not provide any stacktrace information)
Command duration or timeout: 0 milliseconds
Build info: version: '3.7.1', revision: '8a0099a', time: '2017-11-06T21:07:36.161Z'
System info: host: 'WIN7TEST02', ip: '10.20.3.72', os.name: 'Windows 7', os.arch: 'amd64', os.version: '6.1', java.version: '1.8.0_181'
Driver info: com.kms.katalon.selenium.driver.CChromeDriver
Capabilities {acceptInsecureCerts: false, acceptSslCerts: false, applicationCacheEnabled: false, browserConnectionEnabled: false, browserName: chrome, chrome: {chromedriverVersion: 2.43.600210 (68dcf5eebde371..., userDataDir: C:\Users\Admin\AppData\Loca...}, cssSelectorsEnabled: true, databaseEnabled: false, goog:chromeOptions: {debuggerAddress: localhost:60448}, handlesAlerts: true, hasTouchScreen: false, javascriptEnabled: true, locationContextEnabled: true, mobileEmulationEnabled: false, nativeEvents: true, networkConnectionEnabled: false, pageLoadStrategy: normal, platform: XP, platformName: XP, rotatable: false, setWindowRect: true, takesHeapSnapshot: true, takesScreenshot: true, unexpectedAlertBehaviour: , unhandledPromptBehavior: , version: 72.0.3626.109, webStorageEnabled: true}
Session ID: 4f484683fde752dea48cf2989420d4bb)
	at com.kms.katalon.core.keyword.internal.KeywordMain.stepFailed(KeywordMain.groovy:36)
	at com.kms.katalon.core.webui.keyword.internal.WebUIKeywordMain.stepFailed(WebUIKeywordMain.groovy:65)
	at com.kms.katalon.core.webui.keyword.internal.WebUIKeywordMain.runKeyword(WebUIKeywordMain.groovy:27)
	at com.kms.katalon.core.webui.keyword.builtin.ClickKeyword.click(ClickKeyword.groovy:86)
	at com.kms.katalon.core.webui.keyword.builtin.ClickKeyword.execute(ClickKeyword.groovy:67)
	at com.kms.katalon.core.keyword.internal.KeywordExecutor.executeKeywordForPlatform(KeywordExecutor.groovy:53)
	at com.kms.katalon.core.webui.keyword.WebUiBuiltInKeywords.click(WebUiBuiltInKeywords.groovy:616)
	at com.kms.katalon.core.webui.keyword.WebUiBuiltInKeywords$click$3.call(Unknown Source)
	at IP Apply.run(IP Apply:20)
	at com.kms.katalon.core.main.ScriptEngine.run(ScriptEngine.java:194)
	at com.kms.katalon.core.main.ScriptEngine.runScriptAsRawText(ScriptEngine.java:119)
	at com.kms.katalon.core.main.TestCaseExecutor.runScript(TestCaseExecutor.java:328)
	at com.kms.katalon.core.main.TestCaseExecutor.doExecute(TestCaseExecutor.java:319)
	at com.kms.katalon.core.main.TestCaseExecutor.processExecutionPhase(TestCaseExecutor.java:298)
	at com.kms.katalon.core.main.TestCaseExecutor.accessMainPhase(TestCaseExecutor.java:290)
	at com.kms.katalon.core.main.TestCaseExecutor.execute(TestCaseExecutor.java:224)
	at com.kms.katalon.core.main.TestSuiteExecutor.accessTestCaseMainPhase(TestSuiteExecutor.java:129)
	at com.kms.katalon.core.main.TestSuiteExecutor.accessTestSuiteMainPhase(TestSuiteExecutor.java:112)
	at com.kms.katalon.core.main.TestSuiteExecutor.execute(TestSuiteExecutor.java:81)
	at com.kms.katalon.core.main.TestCaseMain.startTestSuite(TestCaseMain.java:149)
	at com.kms.katalon.core.main.TestCaseMain$startTestSuite$0.call(Unknown Source)
	at TempTestSuite1550738418733.run(TempTestSuite1550738418733.groovy:36)]]></system-err>
   </testsuite>
</testsuites>
